<?xml version="1.0" encoding="UTF-8" ?>
<testsuite errors="0" failures="0" hostname="travis-job-794048ac-cc7f-4cf3-83f4-b01511ad0dc5" name="ptolemy.domains.hdf.kernel.test.junit.JUnitTclTest" skipped="0" tests="39" time="5.825" timestamp="2018-09-17T02:12:29">
  <properties>
[...]
</properties>
  <testcase classname="ptolemy.util.test.junit.TclTests" name="[0] /home/travis/build/icyphy/ptII/ptolemy/domains/hdf/kernel/test/RateErrorChecking.tcl (RunTclFile)" time="0.194" />
  <testcase classname="ptolemy.util.test.junit.AutoKnownFailedTests" name="[0] /home/travis/build/icyphy/ptII/ptolemy/domains/hdf/kernel/test/auto/knownFailedTests/badFSMRateChanges.xml (RunModel)" time="0.441" />
  <testcase classname="ptolemy.util.test.junit.AutoNameArchTests" name="[0] ThereAreNoAutoArchTests (RunModel)" time="0.001" />
  <testcase classname="ptolemy.util.test.junit.AutoTests" name="[0] /home/travis/build/icyphy/ptII/ptolemy/domains/hdf/kernel/test/auto/ConstVariableRateTest.xml (RunModel)" time="0.168" />
  <testcase classname="ptolemy.util.test.junit.AutoTests" name="[1] /home/travis/build/icyphy/ptII/ptolemy/domains/hdf/kernel/test/auto/DifferentRefinedRates.xml (RunModel)" time="0.122" />
  <testcase classname="ptolemy.util.test.junit.AutoTests" name="[2] /home/travis/build/icyphy/ptII/ptolemy/domains/hdf/kernel/test/auto/DifferentRefinedRates2.xml (RunModel)" time="0.203" />
  <testcase classname="ptolemy.util.test.junit.AutoTests" name="[3] /home/travis/build/icyphy/ptII/ptolemy/domains/hdf/kernel/test/auto/DifferentRefinedRates3.xml (RunModel)" time="0.089" />
  <testcase classname="ptolemy.util.test.junit.AutoTests" name="[4] /home/travis/build/icyphy/ptII/ptolemy/domains/hdf/kernel/test/auto/DifferentRefinedRates4.xml (RunModel)" time="0.134" />
  <testcase classname="ptolemy.util.test.junit.AutoTests" name="[5] /home/travis/build/icyphy/ptII/ptolemy/domains/hdf/kernel/test/auto/DifferentRefinedRates5.xml (RunModel)" time="0.178" />
  <testcase classname="ptolemy.util.test.junit.AutoTests" name="[6] /home/travis/build/icyphy/ptII/ptolemy/domains/hdf/kernel/test/auto/DifferentRefinedRates6.xml (RunModel)" time="0.123" />
  <testcase classname="ptolemy.util.test.junit.AutoTests" name="[7] /home/travis/build/icyphy/ptII/ptolemy/domains/hdf/kernel/test/auto/DownSample_PowerOfTwo.xml (RunModel)" time="0.265" />
  <testcase classname="ptolemy.util.test.junit.AutoTests" name="[8] /home/travis/build/icyphy/ptII/ptolemy/domains/hdf/kernel/test/auto/FibonacciWithNullInitial.xml (RunModel)" time="0.228" />
  <testcase classname="ptolemy.util.test.junit.AutoTests" name="[9] /home/travis/build/icyphy/ptII/ptolemy/domains/hdf/kernel/test/auto/FibonacciWithNullInitial1.xml (RunModel)" time="0.157" />
  <testcase classname="ptolemy.util.test.junit.AutoTests" name="[10] /home/travis/build/icyphy/ptII/ptolemy/domains/hdf/kernel/test/auto/FibonacciWithTransientStates.xml (RunModel)" time="0.214" />
  <testcase classname="ptolemy.util.test.junit.AutoTests" name="[11] /home/travis/build/icyphy/ptII/ptolemy/domains/hdf/kernel/test/auto/FibonacciWithTransientStates2.xml (RunModel)" time="0.121" />
  <testcase classname="ptolemy.util.test.junit.AutoTests" name="[12] /home/travis/build/icyphy/ptII/ptolemy/domains/hdf/kernel/test/auto/FibonacciWithoutHistoryInitial.xml (RunModel)" time="0.174" />
  <testcase classname="ptolemy.util.test.junit.AutoTests" name="[13] /home/travis/build/icyphy/ptII/ptolemy/domains/hdf/kernel/test/auto/GuardUsingPastTokens.xml (RunModel)" time="0.076" />
  <testcase classname="ptolemy.util.test.junit.AutoTests" name="[14] /home/travis/build/icyphy/ptII/ptolemy/domains/hdf/kernel/test/auto/GuardWithResets.xml (RunModel)" time="0.083" />
  <testcase classname="ptolemy.util.test.junit.AutoTests" name="[15] /home/travis/build/icyphy/ptII/ptolemy/domains/hdf/kernel/test/auto/Hierarchy_2Level_Test1.xml (RunModel)" time="0.067" />
  <testcase classname="ptolemy.util.test.junit.AutoTests" name="[16] /home/travis/build/icyphy/ptII/ptolemy/domains/hdf/kernel/test/auto/Hierarchy_2Level_Test2.xml (RunModel)" time="0.073" />
  <testcase classname="ptolemy.util.test.junit.AutoTests" name="[17] /home/travis/build/icyphy/ptII/ptolemy/domains/hdf/kernel/test/auto/Hysteresis.xml (RunModel)" time="0.07" />
  <testcase classname="ptolemy.util.test.junit.AutoTests" name="[18] /home/travis/build/icyphy/ptII/ptolemy/domains/hdf/kernel/test/auto/InitTransient.xml (RunModel)" time="0.088" />
  <testcase classname="ptolemy.util.test.junit.AutoTests" name="[19] /home/travis/build/icyphy/ptII/ptolemy/domains/hdf/kernel/test/auto/Merge.xml (RunModel)" time="0.101" />
  <testcase classname="ptolemy.util.test.junit.AutoTests" name="[20] /home/travis/build/icyphy/ptII/ptolemy/domains/hdf/kernel/test/auto/ModalModelBooleanSwitch.xml (RunModel)" time="0.097" />
  <testcase classname="ptolemy.util.test.junit.AutoTests" name="[21] /home/travis/build/icyphy/ptII/ptolemy/domains/hdf/kernel/test/auto/SameRates.xml (RunModel)" time="0.053" />
  <testcase classname="ptolemy.util.test.junit.AutoTests" name="[22] /home/travis/build/icyphy/ptII/ptolemy/domains/hdf/kernel/test/auto/SameRefinedRates.xml (RunModel)" time="0.06" />
  <testcase classname="ptolemy.util.test.junit.AutoTests" name="[23] /home/travis/build/icyphy/ptII/ptolemy/domains/hdf/kernel/test/auto/SameRefinedRates2.xml (RunModel)" time="0.063" />
  <testcase classname="ptolemy.util.test.junit.AutoTests" name="[24] /home/travis/build/icyphy/ptII/ptolemy/domains/hdf/kernel/test/auto/TransientStates.xml (RunModel)" time="0.085" />
  <testcase classname="ptolemy.util.test.junit.AutoTests" name="[25] /home/travis/build/icyphy/ptII/ptolemy/domains/hdf/kernel/test/auto/TwoHammingCodec.xml (RunModel)" time="0.1" />
  <testcase classname="ptolemy.util.test.junit.AutoTests" name="[26] /home/travis/build/icyphy/ptII/ptolemy/domains/hdf/kernel/test/auto/TwoHammingCodec1.xml (RunModel)" time="0.095" />
  <testcase classname="ptolemy.util.test.junit.AutoTests" name="[27] /home/travis/build/icyphy/ptII/ptolemy/domains/hdf/kernel/test/auto/TwoLevelHierarchy.xml (RunModel)" time="0.197" />
  <testcase classname="ptolemy.util.test.junit.AutoTests" name="[28] /home/travis/build/icyphy/ptII/ptolemy/domains/hdf/kernel/test/auto/TwoLevelHierarchy1.xml (RunModel)" time="0.18" />
  <testcase classname="ptolemy.util.test.junit.AutoTests" name="[29] /home/travis/build/icyphy/ptII/ptolemy/domains/hdf/kernel/test/auto/TwoLevelHierarchy2.xml (RunModel)" time="0.127" />
  <testcase classname="ptolemy.util.test.junit.AutoTests" name="[30] /home/travis/build/icyphy/ptII/ptolemy/domains/hdf/kernel/test/auto/TwoLevelHierarchyNullStates.xml (RunModel)" time="0.184" />
  <testcase classname="ptolemy.util.test.junit.AutoTests" name="[31] /home/travis/build/icyphy/ptII/ptolemy/domains/hdf/kernel/test/auto/TwoLevelHierarchyWithResets.xml (RunModel)" time="0.176" />
  <testcase classname="ptolemy.util.test.junit.AutoTests" name="[32] /home/travis/build/icyphy/ptII/ptolemy/domains/hdf/kernel/test/auto/TwoLevelHierarchyWithResetsNullStates.xml (RunModel)" time="0.202" />
  <testcase classname="ptolemy.util.test.junit.AutoTests" name="[33] /home/travis/build/icyphy/ptII/ptolemy/domains/hdf/kernel/test/auto/WaterTank_HDF.xml (RunModel)" time="0.108" />
  <testcase classname="ptolemy.util.test.junit.AutoTests" name="[34] /home/travis/build/icyphy/ptII/ptolemy/domains/hdf/kernel/test/auto/WaterTank_HDF2.xml (RunModel)" time="0.134" />
  <testcase classname="ptolemy.util.test.junit.AutoTests" name="[35] /home/travis/build/icyphy/ptII/ptolemy/domains/hdf/kernel/test/auto/badFSMRateChanges.xml (RunModel)" time="0.052" />
  <system-out><![CDATA[/home/travis/build/icyphy/ptII/ptolemy/domains/hdf/kernel/test/RateErrorChecking.tcl
testDefs.tcl: setting time out to 9000 seconds at Mon Sep 17 02:12:29 UTC 2018


==== $PTII/ptolemy/domains/hdf/kernel/test/RateErrorChecking.tcl: RateErrorChecking-1.0 
==== Contents of test case:

    catch {createAndExecute "badFSMRateChanges.xml"} foo
    list $foo

==== Result was:
{java.io.FileNotFoundException: /home/travis/build/icyphy/ptII/ptolemy/domains/hdf/kernel/test/badFSMRateChanges.xml (No such file or directory)}
---- KNOWN Failure, Result should have been:
{ptolemy.kernel.util.IllegalActionException: Failed to compute schedule:
  in .badFSMRateChanges.SDF Director
Because:
The SDF rate parameter may change. This is not allowed in SDF models that will be run through the code generator.  If you don't care about code generation, then you might consider setting the allowRateChanges parameter of the SDF director to false.
    in .badFSMRateChanges.typed composite actor.output.tokenProductionRate}
---- RateErrorChecking-1.0 Failed, but this is a KNOWN failure
09/17/18 02:12:29
Failed: 0  Total Tests: 1  ((Passed: 0, Newly Passed: 0)  Known Failed: 1) /home/travis/build/icyphy/ptII/ptolemy/domains/hdf/kernel/test
----------------- testing (KnownFailure) /home/travis/build/icyphy/ptII/ptolemy/domains/hdf/kernel/test/auto/knownFailedTests/badFSMRateChanges.xml
93 ms. Memory: 116224K Free: 94196K (81%)
No auto/linux-amd64/*.xml tests in /home/travis/build/icyphy/ptII/ptolemy/domains/hdf/kernel/test
AutoTests.java: About to close Vertx.
AutoTests.java: Vertx closed.

===========================================================================================
----------------- testing Mon Sep 17 02:12:30 UTC 2018 /home/travis/build/icyphy/ptII/ptolemy/domains/hdf/kernel/test/auto/ConstVariableRateTest.xml
----------------- Instantiating /home/travis/build/icyphy/ptII/ptolemy/domains/hdf/kernel/test/auto/ConstVariableRateTest.xml
63 ms. Memory: 146944K Free: 111756K (76%)
----------------- Invoking toplevel() on ptolemy.moml.MoMLSimpleApplication@3e068fb8
----------------- Done invoking toplevel() on ptolemy.moml.MoMLSimpleApplication@3e068fb8
reloadAllAccessors: .ConstVariableRateTest

===========================================================================================
----------------- testing Mon Sep 17 02:12:30 UTC 2018 /home/travis/build/icyphy/ptII/ptolemy/domains/hdf/kernel/test/auto/DifferentRefinedRates.xml
----------------- Instantiating /home/travis/build/icyphy/ptII/ptolemy/domains/hdf/kernel/test/auto/DifferentRefinedRates.xml
34 ms. Memory: 146944K Free: 96537K (66%)
----------------- Invoking toplevel() on ptolemy.moml.MoMLSimpleApplication@df97630
----------------- Done invoking toplevel() on ptolemy.moml.MoMLSimpleApplication@df97630
reloadAllAccessors: .DifferentRefinedRates

===========================================================================================
----------------- testing Mon Sep 17 02:12:30 UTC 2018 /home/travis/build/icyphy/ptII/ptolemy/domains/hdf/kernel/test/auto/DifferentRefinedRates2.xml
----------------- Instantiating /home/travis/build/icyphy/ptII/ptolemy/domains/hdf/kernel/test/auto/DifferentRefinedRates2.xml
83 ms. Memory: 146944K Free: 140297K (95%)
----------------- Invoking toplevel() on ptolemy.moml.MoMLSimpleApplication@2c4080de
----------------- Done invoking toplevel() on ptolemy.moml.MoMLSimpleApplication@2c4080de
reloadAllAccessors: .DifferentRefinedRates2

===========================================================================================
----------------- testing Mon Sep 17 02:12:31 UTC 2018 /home/travis/build/icyphy/ptII/ptolemy/domains/hdf/kernel/test/auto/DifferentRefinedRates3.xml
----------------- Instantiating /home/travis/build/icyphy/ptII/ptolemy/domains/hdf/kernel/test/auto/DifferentRefinedRates3.xml
28 ms. Memory: 146944K Free: 126840K (86%)
----------------- Invoking toplevel() on ptolemy.moml.MoMLSimpleApplication@3660f4be
----------------- Done invoking toplevel() on ptolemy.moml.MoMLSimpleApplication@3660f4be
reloadAllAccessors: .DifferentRefinedRates3

===========================================================================================
----------------- testing Mon Sep 17 02:12:31 UTC 2018 /home/travis/build/icyphy/ptII/ptolemy/domains/hdf/kernel/test/auto/DifferentRefinedRates4.xml
----------------- Instantiating /home/travis/build/icyphy/ptII/ptolemy/domains/hdf/kernel/test/auto/DifferentRefinedRates4.xml
73 ms. Memory: 146944K Free: 109181K (74%)
----------------- Invoking toplevel() on ptolemy.moml.MoMLSimpleApplication@33b38a9f
----------------- Done invoking toplevel() on ptolemy.moml.MoMLSimpleApplication@33b38a9f
reloadAllAccessors: .NewHDFtest1

===========================================================================================
----------------- testing Mon Sep 17 02:12:31 UTC 2018 /home/travis/build/icyphy/ptII/ptolemy/domains/hdf/kernel/test/auto/DifferentRefinedRates5.xml
----------------- Instantiating /home/travis/build/icyphy/ptII/ptolemy/domains/hdf/kernel/test/auto/DifferentRefinedRates5.xml
58 ms. Memory: 146944K Free: 92008K (63%)
----------------- Invoking toplevel() on ptolemy.moml.MoMLSimpleApplication@2f857b3c
----------------- Done invoking toplevel() on ptolemy.moml.MoMLSimpleApplication@2f857b3c
reloadAllAccessors: .NewHDFtest2

===========================================================================================
----------------- testing Mon Sep 17 02:12:31 UTC 2018 /home/travis/build/icyphy/ptII/ptolemy/domains/hdf/kernel/test/auto/DifferentRefinedRates6.xml
----------------- Instantiating /home/travis/build/icyphy/ptII/ptolemy/domains/hdf/kernel/test/auto/DifferentRefinedRates6.xml
41 ms. Memory: 208384K Free: 199509K (96%)
----------------- Invoking toplevel() on ptolemy.moml.MoMLSimpleApplication@71c4b659
----------------- Done invoking toplevel() on ptolemy.moml.MoMLSimpleApplication@71c4b659
reloadAllAccessors: .DifferentRefinedRates6

===========================================================================================
----------------- testing Mon Sep 17 02:12:31 UTC 2018 /home/travis/build/icyphy/ptII/ptolemy/domains/hdf/kernel/test/auto/DownSample_PowerOfTwo.xml
----------------- Instantiating /home/travis/build/icyphy/ptII/ptolemy/domains/hdf/kernel/test/auto/DownSample_PowerOfTwo.xml
213 ms. Memory: 208384K Free: 171008K (82%)
----------------- Invoking toplevel() on ptolemy.moml.MoMLSimpleApplication@56c1c608
----------------- Done invoking toplevel() on ptolemy.moml.MoMLSimpleApplication@56c1c608
reloadAllAccessors: .SDFDownSample

===========================================================================================
----------------- testing Mon Sep 17 02:12:31 UTC 2018 /home/travis/build/icyphy/ptII/ptolemy/domains/hdf/kernel/test/auto/FibonacciWithNullInitial.xml
----------------- Instantiating /home/travis/build/icyphy/ptII/ptolemy/domains/hdf/kernel/test/auto/FibonacciWithNullInitial.xml
179 ms. Memory: 208384K Free: 145154K (70%)
----------------- Invoking toplevel() on ptolemy.moml.MoMLSimpleApplication@76b3b6ef
----------------- Done invoking toplevel() on ptolemy.moml.MoMLSimpleApplication@76b3b6ef
reloadAllAccessors: .FibonacciWithNullInitial

===========================================================================================
----------------- testing Mon Sep 17 02:12:32 UTC 2018 /home/travis/build/icyphy/ptII/ptolemy/domains/hdf/kernel/test/auto/FibonacciWithNullInitial1.xml
----------------- Instantiating /home/travis/build/icyphy/ptII/ptolemy/domains/hdf/kernel/test/auto/FibonacciWithNullInitial1.xml
123 ms. Memory: 208384K Free: 119156K (57%)
----------------- Invoking toplevel() on ptolemy.moml.MoMLSimpleApplication@7f97ddf8
----------------- Done invoking toplevel() on ptolemy.moml.MoMLSimpleApplication@7f97ddf8
reloadAllAccessors: .FibonacciWithNullInitial1

===========================================================================================
----------------- testing Mon Sep 17 02:12:32 UTC 2018 /home/travis/build/icyphy/ptII/ptolemy/domains/hdf/kernel/test/auto/FibonacciWithTransientStates.xml
----------------- Instantiating /home/travis/build/icyphy/ptII/ptolemy/domains/hdf/kernel/test/auto/FibonacciWithTransientStates.xml
159 ms. Memory: 208384K Free: 88057K (42%)
----------------- Invoking toplevel() on ptolemy.moml.MoMLSimpleApplication@2bbd309f
----------------- Done invoking toplevel() on ptolemy.moml.MoMLSimpleApplication@2bbd309f
reloadAllAccessors: .FibonacciWithTransientStates

===========================================================================================
----------------- testing Mon Sep 17 02:12:32 UTC 2018 /home/travis/build/icyphy/ptII/ptolemy/domains/hdf/kernel/test/auto/FibonacciWithTransientStates2.xml
----------------- Instantiating /home/travis/build/icyphy/ptII/ptolemy/domains/hdf/kernel/test/auto/FibonacciWithTransientStates2.xml
43 ms. Memory: 208384K Free: 187259K (90%)
----------------- Invoking toplevel() on ptolemy.moml.MoMLSimpleApplication@7b83eeae
----------------- Done invoking toplevel() on ptolemy.moml.MoMLSimpleApplication@7b83eeae
reloadAllAccessors: .FibonacciWithTransientStates2

===========================================================================================
----------------- testing Mon Sep 17 02:12:32 UTC 2018 /home/travis/build/icyphy/ptII/ptolemy/domains/hdf/kernel/test/auto/FibonacciWithoutHistoryInitial.xml
----------------- Instantiating /home/travis/build/icyphy/ptII/ptolemy/domains/hdf/kernel/test/auto/FibonacciWithoutHistoryInitial.xml
126 ms. Memory: 208384K Free: 162686K (78%)
----------------- Invoking toplevel() on ptolemy.moml.MoMLSimpleApplication@e24fed8
----------------- Done invoking toplevel() on ptolemy.moml.MoMLSimpleApplication@e24fed8
reloadAllAccessors: .FibonacciWithoutHistoryInitial

===========================================================================================
----------------- testing Mon Sep 17 02:12:32 UTC 2018 /home/travis/build/icyphy/ptII/ptolemy/domains/hdf/kernel/test/auto/GuardUsingPastTokens.xml
----------------- Instantiating /home/travis/build/icyphy/ptII/ptolemy/domains/hdf/kernel/test/auto/GuardUsingPastTokens.xml
26 ms. Memory: 208384K Free: 145992K (70%)
----------------- Invoking toplevel() on ptolemy.moml.MoMLSimpleApplication@44b1f206
----------------- Done invoking toplevel() on ptolemy.moml.MoMLSimpleApplication@44b1f206
reloadAllAccessors: .GuardUsingPastTokens

===========================================================================================
----------------- testing Mon Sep 17 02:12:32 UTC 2018 /home/travis/build/icyphy/ptII/ptolemy/domains/hdf/kernel/test/auto/GuardWithResets.xml
----------------- Instantiating /home/travis/build/icyphy/ptII/ptolemy/domains/hdf/kernel/test/auto/GuardWithResets.xml
33 ms. Memory: 208384K Free: 125605K (60%)
----------------- Invoking toplevel() on ptolemy.moml.MoMLSimpleApplication@54d6dc35
----------------- Done invoking toplevel() on ptolemy.moml.MoMLSimpleApplication@54d6dc35
reloadAllAccessors: .GuardWithResets

===========================================================================================
----------------- testing Mon Sep 17 02:12:32 UTC 2018 /home/travis/build/icyphy/ptII/ptolemy/domains/hdf/kernel/test/auto/Hierarchy_2Level_Test1.xml
----------------- Instantiating /home/travis/build/icyphy/ptII/ptolemy/domains/hdf/kernel/test/auto/Hierarchy_2Level_Test1.xml
21 ms. Memory: 208384K Free: 106318K (51%)
----------------- Invoking toplevel() on ptolemy.moml.MoMLSimpleApplication@4be79b1f
----------------- Done invoking toplevel() on ptolemy.moml.MoMLSimpleApplication@4be79b1f
reloadAllAccessors: .Hierarchy_2Level_Test1

===========================================================================================
----------------- testing Mon Sep 17 02:12:33 UTC 2018 /home/travis/build/icyphy/ptII/ptolemy/domains/hdf/kernel/test/auto/Hierarchy_2Level_Test2.xml
----------------- Instantiating /home/travis/build/icyphy/ptII/ptolemy/domains/hdf/kernel/test/auto/Hierarchy_2Level_Test2.xml
24 ms. Memory: 208384K Free: 85286K (41%)
----------------- Invoking toplevel() on ptolemy.moml.MoMLSimpleApplication@1878786c
----------------- Done invoking toplevel() on ptolemy.moml.MoMLSimpleApplication@1878786c
reloadAllAccessors: .Hierarchy_4Level_Test2

===========================================================================================
----------------- testing Mon Sep 17 02:12:33 UTC 2018 /home/travis/build/icyphy/ptII/ptolemy/domains/hdf/kernel/test/auto/Hysteresis.xml
----------------- Instantiating /home/travis/build/icyphy/ptII/ptolemy/domains/hdf/kernel/test/auto/Hysteresis.xml
22 ms. Memory: 331776K Free: 318100K (96%)
----------------- Invoking toplevel() on ptolemy.moml.MoMLSimpleApplication@3d803d2f
----------------- Done invoking toplevel() on ptolemy.moml.MoMLSimpleApplication@3d803d2f
reloadAllAccessors: .Hysteresis

===========================================================================================
----------------- testing Mon Sep 17 02:12:33 UTC 2018 /home/travis/build/icyphy/ptII/ptolemy/domains/hdf/kernel/test/auto/InitTransient.xml
----------------- Instantiating /home/travis/build/icyphy/ptII/ptolemy/domains/hdf/kernel/test/auto/InitTransient.xml
24 ms. Memory: 331776K Free: 295236K (89%)
----------------- Invoking toplevel() on ptolemy.moml.MoMLSimpleApplication@7b40f989
----------------- Done invoking toplevel() on ptolemy.moml.MoMLSimpleApplication@7b40f989
reloadAllAccessors: .InitTransient

===========================================================================================
----------------- testing Mon Sep 17 02:12:33 UTC 2018 /home/travis/build/icyphy/ptII/ptolemy/domains/hdf/kernel/test/auto/Merge.xml
----------------- Instantiating /home/travis/build/icyphy/ptII/ptolemy/domains/hdf/kernel/test/auto/Merge.xml
39 ms. Memory: 331776K Free: 275575K (83%)
----------------- Invoking toplevel() on ptolemy.moml.MoMLSimpleApplication@601bc104
----------------- Done invoking toplevel() on ptolemy.moml.MoMLSimpleApplication@601bc104
reloadAllAccessors: .Merge

===========================================================================================
----------------- testing Mon Sep 17 02:12:33 UTC 2018 /home/travis/build/icyphy/ptII/ptolemy/domains/hdf/kernel/test/auto/ModalModelBooleanSwitch.xml
----------------- Instantiating /home/travis/build/icyphy/ptII/ptolemy/domains/hdf/kernel/test/auto/ModalModelBooleanSwitch.xml
36 ms. Memory: 331776K Free: 253392K (76%)
----------------- Invoking toplevel() on ptolemy.moml.MoMLSimpleApplication@3ac8857f
----------------- Done invoking toplevel() on ptolemy.moml.MoMLSimpleApplication@3ac8857f
reloadAllAccessors: .BooleanSwitchWithModel

===========================================================================================
----------------- testing Mon Sep 17 02:12:33 UTC 2018 /home/travis/build/icyphy/ptII/ptolemy/domains/hdf/kernel/test/auto/SameRates.xml
----------------- Instantiating /home/travis/build/icyphy/ptII/ptolemy/domains/hdf/kernel/test/auto/SameRates.xml
15 ms. Memory: 331776K Free: 237885K (72%)
----------------- Invoking toplevel() on ptolemy.moml.MoMLSimpleApplication@25b40171
----------------- Done invoking toplevel() on ptolemy.moml.MoMLSimpleApplication@25b40171
reloadAllAccessors: .SameRates

===========================================================================================
----------------- testing Mon Sep 17 02:12:33 UTC 2018 /home/travis/build/icyphy/ptII/ptolemy/domains/hdf/kernel/test/auto/SameRefinedRates.xml
----------------- Instantiating /home/travis/build/icyphy/ptII/ptolemy/domains/hdf/kernel/test/auto/SameRefinedRates.xml
22 ms. Memory: 331776K Free: 221910K (67%)
----------------- Invoking toplevel() on ptolemy.moml.MoMLSimpleApplication@44672806
----------------- Done invoking toplevel() on ptolemy.moml.MoMLSimpleApplication@44672806
reloadAllAccessors: .SameRefinedRates

===========================================================================================
----------------- testing Mon Sep 17 02:12:33 UTC 2018 /home/travis/build/icyphy/ptII/ptolemy/domains/hdf/kernel/test/auto/SameRefinedRates2.xml
----------------- Instantiating /home/travis/build/icyphy/ptII/ptolemy/domains/hdf/kernel/test/auto/SameRefinedRates2.xml
21 ms. Memory: 331776K Free: 204706K (62%)
----------------- Invoking toplevel() on ptolemy.moml.MoMLSimpleApplication@2214d23e
----------------- Done invoking toplevel() on ptolemy.moml.MoMLSimpleApplication@2214d23e
reloadAllAccessors: .SameRefinedRates2

===========================================================================================
----------------- testing Mon Sep 17 02:12:33 UTC 2018 /home/travis/build/icyphy/ptII/ptolemy/domains/hdf/kernel/test/auto/TransientStates.xml
----------------- Instantiating /home/travis/build/icyphy/ptII/ptolemy/domains/hdf/kernel/test/auto/TransientStates.xml
29 ms. Memory: 331776K Free: 181859K (55%)
----------------- Invoking toplevel() on ptolemy.moml.MoMLSimpleApplication@57f066b6
----------------- Done invoking toplevel() on ptolemy.moml.MoMLSimpleApplication@57f066b6
reloadAllAccessors: .TransientStates

===========================================================================================
----------------- testing Mon Sep 17 02:12:33 UTC 2018 /home/travis/build/icyphy/ptII/ptolemy/domains/hdf/kernel/test/auto/TwoHammingCodec.xml
----------------- Instantiating /home/travis/build/icyphy/ptII/ptolemy/domains/hdf/kernel/test/auto/TwoHammingCodec.xml
45 ms. Memory: 331776K Free: 158511K (48%)
----------------- Invoking toplevel() on ptolemy.moml.MoMLSimpleApplication@61ece3e0
----------------- Done invoking toplevel() on ptolemy.moml.MoMLSimpleApplication@61ece3e0
reloadAllAccessors: .TwoHammingCodec

===========================================================================================
----------------- testing Mon Sep 17 02:12:33 UTC 2018 /home/travis/build/icyphy/ptII/ptolemy/domains/hdf/kernel/test/auto/TwoHammingCodec1.xml
----------------- Instantiating /home/travis/build/icyphy/ptII/ptolemy/domains/hdf/kernel/test/auto/TwoHammingCodec1.xml
42 ms. Memory: 331776K Free: 131468K (40%)
----------------- Invoking toplevel() on ptolemy.moml.MoMLSimpleApplication@7db56f4e
----------------- Done invoking toplevel() on ptolemy.moml.MoMLSimpleApplication@7db56f4e
reloadAllAccessors: .twoHammingCodec1

===========================================================================================
----------------- testing Mon Sep 17 02:12:33 UTC 2018 /home/travis/build/icyphy/ptII/ptolemy/domains/hdf/kernel/test/auto/TwoLevelHierarchy.xml
----------------- Instantiating /home/travis/build/icyphy/ptII/ptolemy/domains/hdf/kernel/test/auto/TwoLevelHierarchy.xml
57 ms. Memory: 331776K Free: 81802K (25%)
----------------- Invoking toplevel() on ptolemy.moml.MoMLSimpleApplication@66175003
----------------- Done invoking toplevel() on ptolemy.moml.MoMLSimpleApplication@66175003
reloadAllAccessors: .TwoLevelHierarchy

===========================================================================================
----------------- testing Mon Sep 17 02:12:34 UTC 2018 /home/travis/build/icyphy/ptII/ptolemy/domains/hdf/kernel/test/auto/TwoLevelHierarchy1.xml
----------------- Instantiating /home/travis/build/icyphy/ptII/ptolemy/domains/hdf/kernel/test/auto/TwoLevelHierarchy1.xml
54 ms. Memory: 331776K Free: 278465K (84%)
----------------- Invoking toplevel() on ptolemy.moml.MoMLSimpleApplication@5a7cf151
----------------- Done invoking toplevel() on ptolemy.moml.MoMLSimpleApplication@5a7cf151
reloadAllAccessors: .TwoLevelHierarchy1

===========================================================================================
----------------- testing Mon Sep 17 02:12:34 UTC 2018 /home/travis/build/icyphy/ptII/ptolemy/domains/hdf/kernel/test/auto/TwoLevelHierarchy2.xml
----------------- Instantiating /home/travis/build/icyphy/ptII/ptolemy/domains/hdf/kernel/test/auto/TwoLevelHierarchy2.xml
44 ms. Memory: 331776K Free: 238652K (72%)
----------------- Invoking toplevel() on ptolemy.moml.MoMLSimpleApplication@6b47532d
----------------- Done invoking toplevel() on ptolemy.moml.MoMLSimpleApplication@6b47532d
reloadAllAccessors: .TwoLevelHierarchy2

===========================================================================================
----------------- testing Mon Sep 17 02:12:34 UTC 2018 /home/travis/build/icyphy/ptII/ptolemy/domains/hdf/kernel/test/auto/TwoLevelHierarchyNullStates.xml
----------------- Instantiating /home/travis/build/icyphy/ptII/ptolemy/domains/hdf/kernel/test/auto/TwoLevelHierarchyNullStates.xml
59 ms. Memory: 331776K Free: 182941K (55%)
----------------- Invoking toplevel() on ptolemy.moml.MoMLSimpleApplication@715cb8c6
----------------- Done invoking toplevel() on ptolemy.moml.MoMLSimpleApplication@715cb8c6
reloadAllAccessors: .TwoLevelHierarchyNullStates

===========================================================================================
----------------- testing Mon Sep 17 02:12:34 UTC 2018 /home/travis/build/icyphy/ptII/ptolemy/domains/hdf/kernel/test/auto/TwoLevelHierarchyWithResets.xml
----------------- Instantiating /home/travis/build/icyphy/ptII/ptolemy/domains/hdf/kernel/test/auto/TwoLevelHierarchyWithResets.xml
78 ms. Memory: 331776K Free: 130020K (39%)
----------------- Invoking toplevel() on ptolemy.moml.MoMLSimpleApplication@4eb68b19
----------------- Done invoking toplevel() on ptolemy.moml.MoMLSimpleApplication@4eb68b19
reloadAllAccessors: .TwoLevelHierarchy1

===========================================================================================
----------------- testing Mon Sep 17 02:12:34 UTC 2018 /home/travis/build/icyphy/ptII/ptolemy/domains/hdf/kernel/test/auto/TwoLevelHierarchyWithResetsNullStates.xml
----------------- Instantiating /home/travis/build/icyphy/ptII/ptolemy/domains/hdf/kernel/test/auto/TwoLevelHierarchyWithResetsNullStates.xml
87 ms. Memory: 578048K Free: 553636K (96%)
----------------- Invoking toplevel() on ptolemy.moml.MoMLSimpleApplication@28b9d4d1
----------------- Done invoking toplevel() on ptolemy.moml.MoMLSimpleApplication@28b9d4d1
reloadAllAccessors: .TwoLevelHierarchyWithResetsNullStates

===========================================================================================
----------------- testing Mon Sep 17 02:12:34 UTC 2018 /home/travis/build/icyphy/ptII/ptolemy/domains/hdf/kernel/test/auto/WaterTank_HDF.xml
----------------- Instantiating /home/travis/build/icyphy/ptII/ptolemy/domains/hdf/kernel/test/auto/WaterTank_HDF.xml
53 ms. Memory: 578048K Free: 514452K (89%)
----------------- Invoking toplevel() on ptolemy.moml.MoMLSimpleApplication@7f98d2e0
----------------- Done invoking toplevel() on ptolemy.moml.MoMLSimpleApplication@7f98d2e0
reloadAllAccessors: .WaterTank_HDF

===========================================================================================
----------------- testing Mon Sep 17 02:12:35 UTC 2018 /home/travis/build/icyphy/ptII/ptolemy/domains/hdf/kernel/test/auto/WaterTank_HDF2.xml
----------------- Instantiating /home/travis/build/icyphy/ptII/ptolemy/domains/hdf/kernel/test/auto/WaterTank_HDF2.xml
59 ms. Memory: 578048K Free: 475130K (82%)
----------------- Invoking toplevel() on ptolemy.moml.MoMLSimpleApplication@11aa301d
----------------- Done invoking toplevel() on ptolemy.moml.MoMLSimpleApplication@11aa301d
reloadAllAccessors: .WaterTank_HDF2

===========================================================================================
----------------- testing Mon Sep 17 02:12:35 UTC 2018 /home/travis/build/icyphy/ptII/ptolemy/domains/hdf/kernel/test/auto/badFSMRateChanges.xml
----------------- Instantiating /home/travis/build/icyphy/ptII/ptolemy/domains/hdf/kernel/test/auto/badFSMRateChanges.xml
13 ms. Memory: 578048K Free: 454820K (79%)
----------------- Invoking toplevel() on ptolemy.moml.MoMLSimpleApplication@1210b8
----------------- Done invoking toplevel() on ptolemy.moml.MoMLSimpleApplication@1210b8
reloadAllAccessors: .badFSMRateChanges
AutoTests.java: About to close Vertx.
AutoTests.java: Vertx closed.
]]></system-out>
  <system-err><![CDATA[]]></system-err>
</testsuite>
