<?xml version="1.0" encoding="UTF-8" ?>
<testsuite errors="0" failures="0" hostname="travis-job-443efee4-7c38-497e-8b82-1fb801f8ee52" name="ptolemy.domains.continuous.test.junit.JUnitTclTest" skipped="0" tests="156" time="69.032" timestamp="2020-02-06T06:51:07">
  <properties>
[...]
</properties>
  <testcase classname="ptolemy.util.test.junit.TclTests" name="[0] ThereAreNoTclTests (RunTclFile)" time="0.009" />
  <testcase classname="ptolemy.util.test.junit.AutoKnownFailedTests" name="[0] ThereAreNoKnowFailedTests (RunModel)" time="0.001" />
  <testcase classname="ptolemy.util.test.junit.AutoNameArchTests" name="[0] ThereAreNoAutoArchTests (RunModel)" time="0.02" />
  <testcase classname="ptolemy.util.test.junit.AutoTests" name="[0] /home/travis/build/icyphy/ptII/ptolemy/domains/continuous/test/auto/BouncingBall.xml (RunModel)" time="2.927" />
  <testcase classname="ptolemy.util.test.junit.AutoTests" name="[1] /home/travis/build/icyphy/ptII/ptolemy/domains/continuous/test/auto/BouncingBallWithoutGR.xml (RunModel)" time="0.901" />
  <testcase classname="ptolemy.util.test.junit.AutoTests" name="[2] /home/travis/build/icyphy/ptII/ptolemy/domains/continuous/test/auto/Brownian.xml (RunModel)" time="0.069" />
  <testcase classname="ptolemy.util.test.junit.AutoTests" name="[3] /home/travis/build/icyphy/ptII/ptolemy/domains/continuous/test/auto/CarTracking.xml (RunModel)" time="3.692" />
  <testcase classname="ptolemy.util.test.junit.AutoTests" name="[4] /home/travis/build/icyphy/ptII/ptolemy/domains/continuous/test/auto/CartPendulum.xml (RunModel)" time="0.484" />
  <testcase classname="ptolemy.util.test.junit.AutoTests" name="[5] /home/travis/build/icyphy/ptII/ptolemy/domains/continuous/test/auto/CausalityInterface10.xml (RunModel)" time="0.054" />
  <testcase classname="ptolemy.util.test.junit.AutoTests" name="[6] /home/travis/build/icyphy/ptII/ptolemy/domains/continuous/test/auto/CausalityInterface11.xml (RunModel)" time="0.025" />
  <testcase classname="ptolemy.util.test.junit.AutoTests" name="[7] /home/travis/build/icyphy/ptII/ptolemy/domains/continuous/test/auto/CausalityInterface12.xml (RunModel)" time="0.023" />
  <testcase classname="ptolemy.util.test.junit.AutoTests" name="[8] /home/travis/build/icyphy/ptII/ptolemy/domains/continuous/test/auto/CausalityInterface13.xml (RunModel)" time="0.029" />
  <testcase classname="ptolemy.util.test.junit.AutoTests" name="[9] /home/travis/build/icyphy/ptII/ptolemy/domains/continuous/test/auto/CausalityInterface14.xml (RunModel)" time="0.02" />
  <testcase classname="ptolemy.util.test.junit.AutoTests" name="[10] /home/travis/build/icyphy/ptII/ptolemy/domains/continuous/test/auto/CausalityInterface4.xml (RunModel)" time="0.031" />
  <testcase classname="ptolemy.util.test.junit.AutoTests" name="[11] /home/travis/build/icyphy/ptII/ptolemy/domains/continuous/test/auto/CausalityInterface5.xml (RunModel)" time="0.032" />
  <testcase classname="ptolemy.util.test.junit.AutoTests" name="[12] /home/travis/build/icyphy/ptII/ptolemy/domains/continuous/test/auto/CausalityInterface6.xml (RunModel)" time="0.017" />
  <testcase classname="ptolemy.util.test.junit.AutoTests" name="[13] /home/travis/build/icyphy/ptII/ptolemy/domains/continuous/test/auto/CausalityInterface7.xml (RunModel)" time="0.035" />
  <testcase classname="ptolemy.util.test.junit.AutoTests" name="[14] /home/travis/build/icyphy/ptII/ptolemy/domains/continuous/test/auto/CausalityInterface8.xml (RunModel)" time="0.036" />
  <testcase classname="ptolemy.util.test.junit.AutoTests" name="[15] /home/travis/build/icyphy/ptII/ptolemy/domains/continuous/test/auto/CausalityInterface9.xml (RunModel)" time="0.037" />
  <testcase classname="ptolemy.util.test.junit.AutoTests" name="[16] /home/travis/build/icyphy/ptII/ptolemy/domains/continuous/test/auto/CausalityInterfaceFeedback1.xml (RunModel)" time="0.03" />
  <testcase classname="ptolemy.util.test.junit.AutoTests" name="[17] /home/travis/build/icyphy/ptII/ptolemy/domains/continuous/test/auto/CausalityInterfaceFeedback2.xml (RunModel)" time="0.026" />
  <testcase classname="ptolemy.util.test.junit.AutoTests" name="[18] /home/travis/build/icyphy/ptII/ptolemy/domains/continuous/test/auto/CompareWithCurrentTime.xml (RunModel)" time="0.023" />
  <testcase classname="ptolemy.util.test.junit.AutoTests" name="[19] /home/travis/build/icyphy/ptII/ptolemy/domains/continuous/test/auto/ComparedClocks.xml (RunModel)" time="0.07" />
  <testcase classname="ptolemy.util.test.junit.AutoTests" name="[20] /home/travis/build/icyphy/ptII/ptolemy/domains/continuous/test/auto/ContinuousAOCClone.xml (RunModel)" time="2.547" />
  <testcase classname="ptolemy.util.test.junit.AutoTests" name="[21] /home/travis/build/icyphy/ptII/ptolemy/domains/continuous/test/auto/ContinuousClock.xml (RunModel)" time="0.082" />
  <testcase classname="ptolemy.util.test.junit.AutoTests" name="[22] /home/travis/build/icyphy/ptII/ptolemy/domains/continuous/test/auto/ContinuousInContinuous.xml (RunModel)" time="0.077" />
  <testcase classname="ptolemy.util.test.junit.AutoTests" name="[23] /home/travis/build/icyphy/ptII/ptolemy/domains/continuous/test/auto/ContinuousInContinuousInContinuous.xml (RunModel)" time="0.023" />
  <testcase classname="ptolemy.util.test.junit.AutoTests" name="[24] /home/travis/build/icyphy/ptII/ptolemy/domains/continuous/test/auto/ContinuousInDE.xml (RunModel)" time="0.086" />
  <testcase classname="ptolemy.util.test.junit.AutoTests" name="[25] /home/travis/build/icyphy/ptII/ptolemy/domains/continuous/test/auto/ContinuousInDE2.xml (RunModel)" time="0.05" />
  <testcase classname="ptolemy.util.test.junit.AutoTests" name="[26] /home/travis/build/icyphy/ptII/ptolemy/domains/continuous/test/auto/ContinuousInDE3.xml (RunModel)" time="0.04" />
  <testcase classname="ptolemy.util.test.junit.AutoTests" name="[27] /home/travis/build/icyphy/ptII/ptolemy/domains/continuous/test/auto/ContinuousInDE4.xml (RunModel)" time="0.022" />
  <testcase classname="ptolemy.util.test.junit.AutoTests" name="[28] /home/travis/build/icyphy/ptII/ptolemy/domains/continuous/test/auto/ContinuousInDEDifferentRefinements.xml (RunModel)" time="0.097" />
  <testcase classname="ptolemy.util.test.junit.AutoTests" name="[29] /home/travis/build/icyphy/ptII/ptolemy/domains/continuous/test/auto/ContinuousInDEDifferentRefinementsPreemptive.xml (RunModel)" time="0.081" />
  <testcase classname="ptolemy.util.test.junit.AutoTests" name="[30] /home/travis/build/icyphy/ptII/ptolemy/domains/continuous/test/auto/ContinuousInDEInContinuous2.xml (RunModel)" time="0.049" />
  <testcase classname="ptolemy.util.test.junit.AutoTests" name="[31] /home/travis/build/icyphy/ptII/ptolemy/domains/continuous/test/auto/ContinuousInDEInContinuous3.xml (RunModel)" time="0.052" />
  <testcase classname="ptolemy.util.test.junit.AutoTests" name="[32] /home/travis/build/icyphy/ptII/ptolemy/domains/continuous/test/auto/ContinuousInDEInput.xml (RunModel)" time="0.032" />
  <testcase classname="ptolemy.util.test.junit.AutoTests" name="[33] /home/travis/build/icyphy/ptII/ptolemy/domains/continuous/test/auto/ContinuousInDEInput2.xml (RunModel)" time="0.027" />
  <testcase classname="ptolemy.util.test.junit.AutoTests" name="[34] /home/travis/build/icyphy/ptII/ptolemy/domains/continuous/test/auto/ContinuousInDEInput3.xml (RunModel)" time="0.025" />
  <testcase classname="ptolemy.util.test.junit.AutoTests" name="[35] /home/travis/build/icyphy/ptII/ptolemy/domains/continuous/test/auto/ContinuousInDESharingRefinement.xml (RunModel)" time="0.172" />
  <testcase classname="ptolemy.util.test.junit.AutoTests" name="[36] /home/travis/build/icyphy/ptII/ptolemy/domains/continuous/test/auto/ContinuousInDEwithNoPorts.xml (RunModel)" time="0.018" />
  <testcase classname="ptolemy.util.test.junit.AutoTests" name="[37] /home/travis/build/icyphy/ptII/ptolemy/domains/continuous/test/auto/ContinuousInsideDE.xml (RunModel)" time="0.087" />
  <testcase classname="ptolemy.util.test.junit.AutoTests" name="[38] /home/travis/build/icyphy/ptII/ptolemy/domains/continuous/test/auto/ContinuousMerge1.xml (RunModel)" time="0.012" />
  <testcase classname="ptolemy.util.test.junit.AutoTests" name="[39] /home/travis/build/icyphy/ptII/ptolemy/domains/continuous/test/auto/ContinuousMerge2.xml (RunModel)" time="0.037" />
  <testcase classname="ptolemy.util.test.junit.AutoTests" name="[40] /home/travis/build/icyphy/ptII/ptolemy/domains/continuous/test/auto/ContinuousMerge3.xml (RunModel)" time="0.048" />
  <testcase classname="ptolemy.util.test.junit.AutoTests" name="[41] /home/travis/build/icyphy/ptII/ptolemy/domains/continuous/test/auto/ContinuousWithinContinuous.xml (RunModel)" time="0.039" />
  <testcase classname="ptolemy.util.test.junit.AutoTests" name="[42] /home/travis/build/icyphy/ptII/ptolemy/domains/continuous/test/auto/ContinuousWithinContinuous2.xml (RunModel)" time="0.06" />
  <testcase classname="ptolemy.util.test.junit.AutoTests" name="[43] /home/travis/build/icyphy/ptII/ptolemy/domains/continuous/test/auto/ContinuousWithinContinuous3.xml (RunModel)" time="0.027" />
  <testcase classname="ptolemy.util.test.junit.AutoTests" name="[44] /home/travis/build/icyphy/ptII/ptolemy/domains/continuous/test/auto/ContinuousWithinContinuous4.xml (RunModel)" time="0.073" />
  <testcase classname="ptolemy.util.test.junit.AutoTests" name="[45] /home/travis/build/icyphy/ptII/ptolemy/domains/continuous/test/auto/ContinuousWithinContinuous5.xml (RunModel)" time="0.029" />
  <testcase classname="ptolemy.util.test.junit.AutoTests" name="[46] /home/travis/build/icyphy/ptII/ptolemy/domains/continuous/test/auto/ContinuousWithinContinuous6.xml (RunModel)" time="0.03" />
  <testcase classname="ptolemy.util.test.junit.AutoTests" name="[47] /home/travis/build/icyphy/ptII/ptolemy/domains/continuous/test/auto/ContinuousWithinContinuous7.xml (RunModel)" time="0.05" />
  <testcase classname="ptolemy.util.test.junit.AutoTests" name="[48] /home/travis/build/icyphy/ptII/ptolemy/domains/continuous/test/auto/DCMotor.xml (RunModel)" time="12.378" />
  <testcase classname="ptolemy.util.test.junit.AutoTests" name="[49] /home/travis/build/icyphy/ptII/ptolemy/domains/continuous/test/auto/DEInContinuous.xml (RunModel)" time="0.036" />
  <testcase classname="ptolemy.util.test.junit.AutoTests" name="[50] /home/travis/build/icyphy/ptII/ptolemy/domains/continuous/test/auto/DEinContinuous2.xml (RunModel)" time="0.031" />
  <testcase classname="ptolemy.util.test.junit.AutoTests" name="[51] /home/travis/build/icyphy/ptII/ptolemy/domains/continuous/test/auto/Derivative.xml (RunModel)" time="0.174" />
  <testcase classname="ptolemy.util.test.junit.AutoTests" name="[52] /home/travis/build/icyphy/ptII/ptolemy/domains/continuous/test/auto/Derivative1.xml (RunModel)" time="0.058" />
  <testcase classname="ptolemy.util.test.junit.AutoTests" name="[53] /home/travis/build/icyphy/ptII/ptolemy/domains/continuous/test/auto/DiscreteClock.xml (RunModel)" time="0.013" />
  <testcase classname="ptolemy.util.test.junit.AutoTests" name="[54] /home/travis/build/icyphy/ptII/ptolemy/domains/continuous/test/auto/EfficiencyCurve.xml (RunModel)" time="0.092" />
  <testcase classname="ptolemy.util.test.junit.AutoTests" name="[55] /home/travis/build/icyphy/ptII/ptolemy/domains/continuous/test/auto/ExponentialResponse.xml (RunModel)" time="0.102" />
  <testcase classname="ptolemy.util.test.junit.AutoTests" name="[56] /home/travis/build/icyphy/ptII/ptolemy/domains/continuous/test/auto/ExponentialResponseRK45.xml (RunModel)" time="0.029" />
  <testcase classname="ptolemy.util.test.junit.AutoTests" name="[57] /home/travis/build/icyphy/ptII/ptolemy/domains/continuous/test/auto/Friction.xml (RunModel)" time="1.676" />
  <testcase classname="ptolemy.util.test.junit.AutoTests" name="[58] /home/travis/build/icyphy/ptII/ptolemy/domains/continuous/test/auto/FurutaPendulum.xml (RunModel)" time="3.126" />
  <testcase classname="ptolemy.util.test.junit.AutoTests" name="[59] /home/travis/build/icyphy/ptII/ptolemy/domains/continuous/test/auto/HierarchicalExecution.xml (RunModel)" time="1.751" />
  <testcase classname="ptolemy.util.test.junit.AutoTests" name="[60] /home/travis/build/icyphy/ptII/ptolemy/domains/continuous/test/auto/HybridPlant.xml (RunModel)" time="0.571" />
  <testcase classname="ptolemy.util.test.junit.AutoTests" name="[61] /home/travis/build/icyphy/ptII/ptolemy/domains/continuous/test/auto/Hysteresis.xml (RunModel)" time="0.19" />
  <testcase classname="ptolemy.util.test.junit.AutoTests" name="[62] /home/travis/build/icyphy/ptII/ptolemy/domains/continuous/test/auto/HysteresisWithRandomDelay.xml (RunModel)" time="0.267" />
  <testcase classname="ptolemy.util.test.junit.AutoTests" name="[63] /home/travis/build/icyphy/ptII/ptolemy/domains/continuous/test/auto/HysteresisWithRandomLosses.xml (RunModel)" time="2.48" />
  <testcase classname="ptolemy.util.test.junit.AutoTests" name="[64] /home/travis/build/icyphy/ptII/ptolemy/domains/continuous/test/auto/ImmediateTransitions.xml (RunModel)" time="0.034" />
  <testcase classname="ptolemy.util.test.junit.AutoTests" name="[65] /home/travis/build/icyphy/ptII/ptolemy/domains/continuous/test/auto/ImpulseFeedback.xml (RunModel)" time="0.015" />
  <testcase classname="ptolemy.util.test.junit.AutoTests" name="[66] /home/travis/build/icyphy/ptII/ptolemy/domains/continuous/test/auto/ImpulseFeedback2.xml (RunModel)" time="0.014" />
  <testcase classname="ptolemy.util.test.junit.AutoTests" name="[67] /home/travis/build/icyphy/ptII/ptolemy/domains/continuous/test/auto/IncreasingRatePoisson.xml (RunModel)" time="0.764" />
  <testcase classname="ptolemy.util.test.junit.AutoTests" name="[68] /home/travis/build/icyphy/ptII/ptolemy/domains/continuous/test/auto/InitialStateFeedback.xml (RunModel)" time="0.019" />
  <testcase classname="ptolemy.util.test.junit.AutoTests" name="[69] /home/travis/build/icyphy/ptII/ptolemy/domains/continuous/test/auto/Integration.xml (RunModel)" time="0.011" />
  <testcase classname="ptolemy.util.test.junit.AutoTests" name="[70] /home/travis/build/icyphy/ptII/ptolemy/domains/continuous/test/auto/Integration2.xml (RunModel)" time="0.086" />
  <testcase classname="ptolemy.util.test.junit.AutoTests" name="[71] /home/travis/build/icyphy/ptII/ptolemy/domains/continuous/test/auto/Integration3.xml (RunModel)" time="0.019" />
  <testcase classname="ptolemy.util.test.junit.AutoTests" name="[72] /home/travis/build/icyphy/ptII/ptolemy/domains/continuous/test/auto/Integration5.xml (RunModel)" time="0.013" />
  <testcase classname="ptolemy.util.test.junit.AutoTests" name="[73] /home/travis/build/icyphy/ptII/ptolemy/domains/continuous/test/auto/IntegratorImpulse.xml (RunModel)" time="0.008" />
  <testcase classname="ptolemy.util.test.junit.AutoTests" name="[74] /home/travis/build/icyphy/ptII/ptolemy/domains/continuous/test/auto/IntegratorImpulse2.xml (RunModel)" time="0.014" />
  <testcase classname="ptolemy.util.test.junit.AutoTests" name="[75] /home/travis/build/icyphy/ptII/ptolemy/domains/continuous/test/auto/LevelCrossing1.xml (RunModel)" time="0.011" />
  <testcase classname="ptolemy.util.test.junit.AutoTests" name="[76] /home/travis/build/icyphy/ptII/ptolemy/domains/continuous/test/auto/LevelCrossing2.xml (RunModel)" time="0.012" />
  <testcase classname="ptolemy.util.test.junit.AutoTests" name="[77] /home/travis/build/icyphy/ptII/ptolemy/domains/continuous/test/auto/LevelCrossing3.xml (RunModel)" time="0.016" />
  <testcase classname="ptolemy.util.test.junit.AutoTests" name="[78] /home/travis/build/icyphy/ptII/ptolemy/domains/continuous/test/auto/LevelCrossing4.xml (RunModel)" time="0.011" />
  <testcase classname="ptolemy.util.test.junit.AutoTests" name="[79] /home/travis/build/icyphy/ptII/ptolemy/domains/continuous/test/auto/LevelCrossing5.xml (RunModel)" time="0.014" />
  <testcase classname="ptolemy.util.test.junit.AutoTests" name="[80] /home/travis/build/icyphy/ptII/ptolemy/domains/continuous/test/auto/LevelCrossing6.xml (RunModel)" time="0.012" />
  <testcase classname="ptolemy.util.test.junit.AutoTests" name="[81] /home/travis/build/icyphy/ptII/ptolemy/domains/continuous/test/auto/LevelCrossingDetector.xml (RunModel)" time="0.038" />
  <testcase classname="ptolemy.util.test.junit.AutoTests" name="[82] /home/travis/build/icyphy/ptII/ptolemy/domains/continuous/test/auto/LevelCrossingDetectorDetectingDirections.xml (RunModel)" time="0.075" />
  <testcase classname="ptolemy.util.test.junit.AutoTests" name="[83] /home/travis/build/icyphy/ptII/ptolemy/domains/continuous/test/auto/LevelCrossingDetectorDetectsGlitches.xml (RunModel)" time="0.075" />
  <testcase classname="ptolemy.util.test.junit.AutoTests" name="[84] /home/travis/build/icyphy/ptII/ptolemy/domains/continuous/test/auto/LevelCrossingNoInitialOuput.xml (RunModel)" time="0.011" />
  <testcase classname="ptolemy.util.test.junit.AutoTests" name="[85] /home/travis/build/icyphy/ptII/ptolemy/domains/continuous/test/auto/LinearStateSpaceExample.xml (RunModel)" time="0.062" />
  <testcase classname="ptolemy.util.test.junit.AutoTests" name="[86] /home/travis/build/icyphy/ptII/ptolemy/domains/continuous/test/auto/Lorenz.xml (RunModel)" time="3.28" />
  <testcase classname="ptolemy.util.test.junit.AutoTests" name="[87] /home/travis/build/icyphy/ptII/ptolemy/domains/continuous/test/auto/LorenzDifferentialSystem.xml (RunModel)" time="0.929" />
  <testcase classname="ptolemy.util.test.junit.AutoTests" name="[88] /home/travis/build/icyphy/ptII/ptolemy/domains/continuous/test/auto/LorenzDifferentialSystemWithInput.xml (RunModel)" time="1.226" />
  <testcase classname="ptolemy.util.test.junit.AutoTests" name="[89] /home/travis/build/icyphy/ptII/ptolemy/domains/continuous/test/auto/LorenzDifferentialSystemWithTime.xml (RunModel)" time="0.694" />
  <testcase classname="ptolemy.util.test.junit.AutoTests" name="[90] /home/travis/build/icyphy/ptII/ptolemy/domains/continuous/test/auto/Microsteps.xml (RunModel)" time="0.022" />
  <testcase classname="ptolemy.util.test.junit.AutoTests" name="[91] /home/travis/build/icyphy/ptII/ptolemy/domains/continuous/test/auto/Modal1.xml (RunModel)" time="0.039" />
  <testcase classname="ptolemy.util.test.junit.AutoTests" name="[92] /home/travis/build/icyphy/ptII/ptolemy/domains/continuous/test/auto/Modal2.xml (RunModel)" time="0.05" />
  <testcase classname="ptolemy.util.test.junit.AutoTests" name="[93] /home/travis/build/icyphy/ptII/ptolemy/domains/continuous/test/auto/ModalTransitionGuardWithReset.xml (RunModel)" time="0.019" />
  <testcase classname="ptolemy.util.test.junit.AutoTests" name="[94] /home/travis/build/icyphy/ptII/ptolemy/domains/continuous/test/auto/ModalTransitionGuardWithResetUsingPreemptiveTransition.xml (RunModel)" time="0.024" />
  <testcase classname="ptolemy.util.test.junit.AutoTests" name="[95] /home/travis/build/icyphy/ptII/ptolemy/domains/continuous/test/auto/ModalTransitionGuardWithResetUsingPreemptiveTransition2.xml (RunModel)" time="0.03" />
  <testcase classname="ptolemy.util.test.junit.AutoTests" name="[96] /home/travis/build/icyphy/ptII/ptolemy/domains/continuous/test/auto/ModalTransitionGuardWithResetUsingPreemptiveTransition3.xml (RunModel)" time="0.03" />
  <testcase classname="ptolemy.util.test.junit.AutoTests" name="[97] /home/travis/build/icyphy/ptII/ptolemy/domains/continuous/test/auto/NewtonsCradle.xml (RunModel)" time="0.731" />
  <testcase classname="ptolemy.util.test.junit.AutoTests" name="[98] /home/travis/build/icyphy/ptII/ptolemy/domains/continuous/test/auto/NewtonsCradleAnimated.xml (RunModel)" time="1.059" />
  <testcase classname="ptolemy.util.test.junit.AutoTests" name="[99] /home/travis/build/icyphy/ptII/ptolemy/domains/continuous/test/auto/NewtonsCradleComplicated.xml (RunModel)" time="0.901" />
  <testcase classname="ptolemy.util.test.junit.AutoTests" name="[100] /home/travis/build/icyphy/ptII/ptolemy/domains/continuous/test/auto/NewtonsCradleNondeterministic.xml (RunModel)" time="0.672" />
  <testcase classname="ptolemy.util.test.junit.AutoTests" name="[101] /home/travis/build/icyphy/ptII/ptolemy/domains/continuous/test/auto/NewtonsCradlePerfectlyInelastic1.xml (RunModel)" time="1.107" />
  <testcase classname="ptolemy.util.test.junit.AutoTests" name="[102] /home/travis/build/icyphy/ptII/ptolemy/domains/continuous/test/auto/Noise.xml (RunModel)" time="0.222" />
  <testcase classname="ptolemy.util.test.junit.AutoTests" name="[103] /home/travis/build/icyphy/ptII/ptolemy/domains/continuous/test/auto/NoiseSpectrum.xml (RunModel)" time="0.686" />
  <testcase classname="ptolemy.util.test.junit.AutoTests" name="[104] /home/travis/build/icyphy/ptII/ptolemy/domains/continuous/test/auto/ParameterizedNewtonsCradleAnimated.xml (RunModel)" time="0.34" />
  <testcase classname="ptolemy.util.test.junit.AutoTests" name="[105] /home/travis/build/icyphy/ptII/ptolemy/domains/continuous/test/auto/ParameterizedNewtonsCradleAnimatedNondeterministic.xml (RunModel)" time="1.12" />
  <testcase classname="ptolemy.util.test.junit.AutoTests" name="[106] /home/travis/build/icyphy/ptII/ptolemy/domains/continuous/test/auto/Pendulum3D.xml (RunModel)" time="0.162" />
  <testcase classname="ptolemy.util.test.junit.AutoTests" name="[107] /home/travis/build/icyphy/ptII/ptolemy/domains/continuous/test/auto/PeriodicSampler.xml (RunModel)" time="0.008" />
  <testcase classname="ptolemy.util.test.junit.AutoTests" name="[108] /home/travis/build/icyphy/ptII/ptolemy/domains/continuous/test/auto/PeriodicSampler1.xml (RunModel)" time="0.033" />
  <testcase classname="ptolemy.util.test.junit.AutoTests" name="[109] /home/travis/build/icyphy/ptII/ptolemy/domains/continuous/test/auto/PeriodicSampler2.xml (RunModel)" time="0.075" />
  <testcase classname="ptolemy.util.test.junit.AutoTests" name="[110] /home/travis/build/icyphy/ptII/ptolemy/domains/continuous/test/auto/Poisson.xml (RunModel)" time="0.445" />
  <testcase classname="ptolemy.util.test.junit.AutoTests" name="[111] /home/travis/build/icyphy/ptII/ptolemy/domains/continuous/test/auto/PoissonClock.xml (RunModel)" time="0.01" />
  <testcase classname="ptolemy.util.test.junit.AutoTests" name="[112] /home/travis/build/icyphy/ptII/ptolemy/domains/continuous/test/auto/PoissonClock2.xml (RunModel)" time="0.009" />
  <testcase classname="ptolemy.util.test.junit.AutoTests" name="[113] /home/travis/build/icyphy/ptII/ptolemy/domains/continuous/test/auto/PortParameterHierarchy.xml (RunModel)" time="0.018" />
  <testcase classname="ptolemy.util.test.junit.AutoTests" name="[114] /home/travis/build/icyphy/ptII/ptolemy/domains/continuous/test/auto/RandomHybridPlant.xml (RunModel)" time="0.599" />
  <testcase classname="ptolemy.util.test.junit.AutoTests" name="[115] /home/travis/build/icyphy/ptII/ptolemy/domains/continuous/test/auto/ResetTransitionWithStartTime1.xml (RunModel)" time="0.025" />
  <testcase classname="ptolemy.util.test.junit.AutoTests" name="[116] /home/travis/build/icyphy/ptII/ptolemy/domains/continuous/test/auto/ResetTransitionWithStartTime2.xml (RunModel)" time="0.037" />
  <testcase classname="ptolemy.util.test.junit.AutoTests" name="[117] /home/travis/build/icyphy/ptII/ptolemy/domains/continuous/test/auto/ResetTransitionWithStartTime3.xml (RunModel)" time="0.03" />
  <testcase classname="ptolemy.util.test.junit.AutoTests" name="[118] /home/travis/build/icyphy/ptII/ptolemy/domains/continuous/test/auto/ResetTransitionWithStartTime4.xml (RunModel)" time="0.023" />
  <testcase classname="ptolemy.util.test.junit.AutoTests" name="[119] /home/travis/build/icyphy/ptII/ptolemy/domains/continuous/test/auto/ResetTransitionWithStartTime5.xml (RunModel)" time="0.033" />
  <testcase classname="ptolemy.util.test.junit.AutoTests" name="[120] /home/travis/build/icyphy/ptII/ptolemy/domains/continuous/test/auto/ResetTransitionWithStartTime6.xml (RunModel)" time="0.027" />
  <testcase classname="ptolemy.util.test.junit.AutoTests" name="[121] /home/travis/build/icyphy/ptII/ptolemy/domains/continuous/test/auto/SRinContinuous.xml (RunModel)" time="0.018" />
  <testcase classname="ptolemy.util.test.junit.AutoTests" name="[122] /home/travis/build/icyphy/ptII/ptolemy/domains/continuous/test/auto/SampledClocks.xml (RunModel)" time="0.038" />
  <testcase classname="ptolemy.util.test.junit.AutoTests" name="[123] /home/travis/build/icyphy/ptII/ptolemy/domains/continuous/test/auto/Satellite.xml (RunModel)" time="0.607" />
  <testcase classname="ptolemy.util.test.junit.AutoTests" name="[124] /home/travis/build/icyphy/ptII/ptolemy/domains/continuous/test/auto/SigmaDelta.xml (RunModel)" time="2.24" />
  <testcase classname="ptolemy.util.test.junit.AutoTests" name="[125] /home/travis/build/icyphy/ptII/ptolemy/domains/continuous/test/auto/SingleRefinement.xml (RunModel)" time="0.469" />
  <testcase classname="ptolemy.util.test.junit.AutoTests" name="[126] /home/travis/build/icyphy/ptII/ptolemy/domains/continuous/test/auto/SinuBouncingBall.xml (RunModel)" time="0.834" />
  <testcase classname="ptolemy.util.test.junit.AutoTests" name="[127] /home/travis/build/icyphy/ptII/ptolemy/domains/continuous/test/auto/Sinusoid.xml (RunModel)" time="0.018" />
  <testcase classname="ptolemy.util.test.junit.AutoTests" name="[128] /home/travis/build/icyphy/ptII/ptolemy/domains/continuous/test/auto/SinusoidInNoise.xml (RunModel)" time="0.882" />
  <testcase classname="ptolemy.util.test.junit.AutoTests" name="[129] /home/travis/build/icyphy/ptII/ptolemy/domains/continuous/test/auto/SinusoidRK45.xml (RunModel)" time="0.014" />
  <testcase classname="ptolemy.util.test.junit.AutoTests" name="[130] /home/travis/build/icyphy/ptII/ptolemy/domains/continuous/test/auto/SinusoidWithMultipleImpulses.xml (RunModel)" time="0.01" />
  <testcase classname="ptolemy.util.test.junit.AutoTests" name="[131] /home/travis/build/icyphy/ptII/ptolemy/domains/continuous/test/auto/SquareWave.xml (RunModel)" time="0.182" />
  <testcase classname="ptolemy.util.test.junit.AutoTests" name="[132] /home/travis/build/icyphy/ptII/ptolemy/domains/continuous/test/auto/Starmac.xml (RunModel)" time="3.322" />
  <testcase classname="ptolemy.util.test.junit.AutoTests" name="[133] /home/travis/build/icyphy/ptII/ptolemy/domains/continuous/test/auto/StaticUnits.xml (RunModel)" time="2.497" />
  <testcase classname="ptolemy.util.test.junit.AutoTests" name="[134] /home/travis/build/icyphy/ptII/ptolemy/domains/continuous/test/auto/StickyMasses.xml (RunModel)" time="0.208" />
  <testcase classname="ptolemy.util.test.junit.AutoTests" name="[135] /home/travis/build/icyphy/ptII/ptolemy/domains/continuous/test/auto/StopTime.xml (RunModel)" time="0.075" />
  <testcase classname="ptolemy.util.test.junit.AutoTests" name="[136] /home/travis/build/icyphy/ptII/ptolemy/domains/continuous/test/auto/StopTime2.xml (RunModel)" time="0.057" />
  <testcase classname="ptolemy.util.test.junit.AutoTests" name="[137] /home/travis/build/icyphy/ptII/ptolemy/domains/continuous/test/auto/Switch.xml (RunModel)" time="0.064" />
  <testcase classname="ptolemy.util.test.junit.AutoTests" name="[138] /home/travis/build/icyphy/ptII/ptolemy/domains/continuous/test/auto/Thermostat.xml (RunModel)" time="0.196" />
  <testcase classname="ptolemy.util.test.junit.AutoTests" name="[139] /home/travis/build/icyphy/ptII/ptolemy/domains/continuous/test/auto/TimeDelay.xml (RunModel)" time="0.014" />
  <testcase classname="ptolemy.util.test.junit.AutoTests" name="[140] /home/travis/build/icyphy/ptII/ptolemy/domains/continuous/test/auto/TimeDelay2.xml (RunModel)" time="0.02" />
  <testcase classname="ptolemy.util.test.junit.AutoTests" name="[141] /home/travis/build/icyphy/ptII/ptolemy/domains/continuous/test/auto/TimeDelay3.xml (RunModel)" time="0.007" />
  <testcase classname="ptolemy.util.test.junit.AutoTests" name="[142] /home/travis/build/icyphy/ptII/ptolemy/domains/continuous/test/auto/TransferAbsentToInside.xml (RunModel)" time="0.107" />
  <testcase classname="ptolemy.util.test.junit.AutoTests" name="[143] /home/travis/build/icyphy/ptII/ptolemy/domains/continuous/test/auto/Transmission.xml (RunModel)" time="0.755" />
  <testcase classname="ptolemy.util.test.junit.AutoTests" name="[144] /home/travis/build/icyphy/ptII/ptolemy/domains/continuous/test/auto/TriggeredContinuousClock.xml (RunModel)" time="0.062" />
  <testcase classname="ptolemy.util.test.junit.AutoTests" name="[145] /home/travis/build/icyphy/ptII/ptolemy/domains/continuous/test/auto/TwoMachineInfiniteBusControl.xml (RunModel)" time="2.763" />
  <testcase classname="ptolemy.util.test.junit.AutoTests" name="[146] /home/travis/build/icyphy/ptII/ptolemy/domains/continuous/test/auto/V2V.xml (RunModel)" time="0.863" />
  <testcase classname="ptolemy.util.test.junit.AutoTests" name="[147] /home/travis/build/icyphy/ptII/ptolemy/domains/continuous/test/auto/hierarchicalModalModel.xml (RunModel)" time="0.027" />
  <testcase classname="ptolemy.util.test.junit.AutoTests" name="[148] /home/travis/build/icyphy/ptII/ptolemy/domains/continuous/test/auto/hierarchicalModalModel1.xml (RunModel)" time="0.031" />
  <testcase classname="ptolemy.util.test.junit.AutoTests" name="[149] /home/travis/build/icyphy/ptII/ptolemy/domains/continuous/test/auto/hierarchicalModalModel2.xml (RunModel)" time="0.024" />
  <testcase classname="ptolemy.util.test.junit.AutoTests" name="[150] /home/travis/build/icyphy/ptII/ptolemy/domains/continuous/test/auto/hierarchicalModalModel3.xml (RunModel)" time="0.023" />
  <testcase classname="ptolemy.util.test.junit.AutoTests" name="[151] /home/travis/build/icyphy/ptII/ptolemy/domains/continuous/test/auto/hierarchicalModalModel4.xml (RunModel)" time="0.021" />
  <testcase classname="ptolemy.util.test.junit.AutoTests" name="[152] /home/travis/build/icyphy/ptII/ptolemy/domains/continuous/test/auto/junk.xml (RunModel)" time="0.138" />
  <system-out><![CDATA[No tcl tests in /home/travis/build/icyphy/ptII/ptolemy/domains/continuous/test
No auto/knownFailedTests/*.xml tests in /home/travis/build/icyphy/ptII/ptolemy/domains/continuous/test
No auto/linux-amd64/*.xml tests in /home/travis/build/icyphy/ptII/ptolemy/domains/continuous/test
AutoTests.java: About to close Vertx.
AutoTests.java: Vertx closed.

===========================================================================================
----------------- testing Thu Feb 06 06:51:07 UTC 2020 /home/travis/build/icyphy/ptII/ptolemy/domains/continuous/test/auto/BouncingBall.xml
----------------- Instantiating /home/travis/build/icyphy/ptII/ptolemy/domains/continuous/test/auto/BouncingBall.xml
2275 ms. Memory: 155648K Free: 56735K (36%)
----------------- Invoking toplevel() on ptolemy.moml.MoMLSimpleApplication@66da50ab
----------------- Done invoking toplevel() on ptolemy.moml.MoMLSimpleApplication@66da50ab
reloadAllAccessors: .BouncingBall

===========================================================================================
----------------- testing Thu Feb 06 06:51:10 UTC 2020 /home/travis/build/icyphy/ptII/ptolemy/domains/continuous/test/auto/BouncingBallWithoutGR.xml
----------------- Instantiating /home/travis/build/icyphy/ptII/ptolemy/domains/continuous/test/auto/BouncingBallWithoutGR.xml
746 ms. Memory: 155648K Free: 57623K (37%)
----------------- Invoking toplevel() on ptolemy.moml.MoMLSimpleApplication@72c94760
----------------- Done invoking toplevel() on ptolemy.moml.MoMLSimpleApplication@72c94760
reloadAllAccessors: .BouncingBallWithoutGR

===========================================================================================
----------------- testing Thu Feb 06 06:51:11 UTC 2020 /home/travis/build/icyphy/ptII/ptolemy/domains/continuous/test/auto/Brownian.xml
----------------- Instantiating /home/travis/build/icyphy/ptII/ptolemy/domains/continuous/test/auto/Brownian.xml
28 ms. Memory: 155648K Free: 139565K (90%)
----------------- Invoking toplevel() on ptolemy.moml.MoMLSimpleApplication@58dcb50
----------------- Done invoking toplevel() on ptolemy.moml.MoMLSimpleApplication@58dcb50
reloadAllAccessors: .Brownian

===========================================================================================
----------------- testing Thu Feb 06 06:51:11 UTC 2020 /home/travis/build/icyphy/ptII/ptolemy/domains/continuous/test/auto/CarTracking.xml
----------------- Instantiating /home/travis/build/icyphy/ptII/ptolemy/domains/continuous/test/auto/CarTracking.xml
3298 ms. Memory: 225280K Free: 94622K (42%)
----------------- Invoking toplevel() on ptolemy.moml.MoMLSimpleApplication@5012d922
----------------- Done invoking toplevel() on ptolemy.moml.MoMLSimpleApplication@5012d922
reloadAllAccessors: .CarTracking

===========================================================================================
----------------- testing Thu Feb 06 06:51:15 UTC 2020 /home/travis/build/icyphy/ptII/ptolemy/domains/continuous/test/auto/CartPendulum.xml
----------------- Instantiating /home/travis/build/icyphy/ptII/ptolemy/domains/continuous/test/auto/CartPendulum.xml
365 ms. Memory: 225280K Free: 133257K (59%)
----------------- Invoking toplevel() on ptolemy.moml.MoMLSimpleApplication@5dd4d21f
----------------- Done invoking toplevel() on ptolemy.moml.MoMLSimpleApplication@5dd4d21f
reloadAllAccessors: .CartPendulum

===========================================================================================
----------------- testing Thu Feb 06 06:51:15 UTC 2020 /home/travis/build/icyphy/ptII/ptolemy/domains/continuous/test/auto/CausalityInterface10.xml
----------------- Instantiating /home/travis/build/icyphy/ptII/ptolemy/domains/continuous/test/auto/CausalityInterface10.xml
9 ms. Memory: 225280K Free: 123017K (55%)
----------------- Invoking toplevel() on ptolemy.moml.MoMLSimpleApplication@61605ab1
----------------- Done invoking toplevel() on ptolemy.moml.MoMLSimpleApplication@61605ab1
reloadAllAccessors: .CausalityInterface10

===========================================================================================
----------------- testing Thu Feb 06 06:51:15 UTC 2020 /home/travis/build/icyphy/ptII/ptolemy/domains/continuous/test/auto/CausalityInterface11.xml
----------------- Instantiating /home/travis/build/icyphy/ptII/ptolemy/domains/continuous/test/auto/CausalityInterface11.xml
4 ms. Memory: 225280K Free: 116873K (52%)
----------------- Invoking toplevel() on ptolemy.moml.MoMLSimpleApplication@35e25dd7
----------------- Done invoking toplevel() on ptolemy.moml.MoMLSimpleApplication@35e25dd7
reloadAllAccessors: .CausalityInterface11

===========================================================================================
----------------- testing Thu Feb 06 06:51:15 UTC 2020 /home/travis/build/icyphy/ptII/ptolemy/domains/continuous/test/auto/CausalityInterface12.xml
----------------- Instantiating /home/travis/build/icyphy/ptII/ptolemy/domains/continuous/test/auto/CausalityInterface12.xml
3 ms. Memory: 225280K Free: 110215K (49%)
----------------- Invoking toplevel() on ptolemy.moml.MoMLSimpleApplication@5c43780
----------------- Done invoking toplevel() on ptolemy.moml.MoMLSimpleApplication@5c43780
reloadAllAccessors: .CausalityInterface12

===========================================================================================
----------------- testing Thu Feb 06 06:51:15 UTC 2020 /home/travis/build/icyphy/ptII/ptolemy/domains/continuous/test/auto/CausalityInterface13.xml
----------------- Instantiating /home/travis/build/icyphy/ptII/ptolemy/domains/continuous/test/auto/CausalityInterface13.xml
6 ms. Memory: 225280K Free: 104057K (46%)
----------------- Invoking toplevel() on ptolemy.moml.MoMLSimpleApplication@4e9f669a
----------------- Done invoking toplevel() on ptolemy.moml.MoMLSimpleApplication@4e9f669a
reloadAllAccessors: .CausalityInterface13

===========================================================================================
----------------- testing Thu Feb 06 06:51:15 UTC 2020 /home/travis/build/icyphy/ptII/ptolemy/domains/continuous/test/auto/CausalityInterface14.xml
----------------- Instantiating /home/travis/build/icyphy/ptII/ptolemy/domains/continuous/test/auto/CausalityInterface14.xml
3 ms. Memory: 225280K Free: 98441K (44%)
----------------- Invoking toplevel() on ptolemy.moml.MoMLSimpleApplication@45a6bc43
----------------- Done invoking toplevel() on ptolemy.moml.MoMLSimpleApplication@45a6bc43
reloadAllAccessors: .CausalityInterface14

===========================================================================================
----------------- testing Thu Feb 06 06:51:15 UTC 2020 /home/travis/build/icyphy/ptII/ptolemy/domains/continuous/test/auto/CausalityInterface4.xml
----------------- Instantiating /home/travis/build/icyphy/ptII/ptolemy/domains/continuous/test/auto/CausalityInterface4.xml
5 ms. Memory: 225280K Free: 91769K (41%)
----------------- Invoking toplevel() on ptolemy.moml.MoMLSimpleApplication@34521769
----------------- Done invoking toplevel() on ptolemy.moml.MoMLSimpleApplication@34521769
reloadAllAccessors: .CausalityInterface4

===========================================================================================
----------------- testing Thu Feb 06 06:51:15 UTC 2020 /home/travis/build/icyphy/ptII/ptolemy/domains/continuous/test/auto/CausalityInterface5.xml
----------------- Instantiating /home/travis/build/icyphy/ptII/ptolemy/domains/continuous/test/auto/CausalityInterface5.xml
8 ms. Memory: 225280K Free: 83591K (37%)
----------------- Invoking toplevel() on ptolemy.moml.MoMLSimpleApplication@7ebd24ad
----------------- Done invoking toplevel() on ptolemy.moml.MoMLSimpleApplication@7ebd24ad
reloadAllAccessors: .CausalityInterface5

===========================================================================================
----------------- testing Thu Feb 06 06:51:15 UTC 2020 /home/travis/build/icyphy/ptII/ptolemy/domains/continuous/test/auto/CausalityInterface6.xml
----------------- Instantiating /home/travis/build/icyphy/ptII/ptolemy/domains/continuous/test/auto/CausalityInterface6.xml
3 ms. Memory: 225280K Free: 77961K (35%)
----------------- Invoking toplevel() on ptolemy.moml.MoMLSimpleApplication@35a5f452
----------------- Done invoking toplevel() on ptolemy.moml.MoMLSimpleApplication@35a5f452
reloadAllAccessors: .CausalityInterface6

===========================================================================================
----------------- testing Thu Feb 06 06:51:15 UTC 2020 /home/travis/build/icyphy/ptII/ptolemy/domains/continuous/test/auto/CausalityInterface7.xml
----------------- Instantiating /home/travis/build/icyphy/ptII/ptolemy/domains/continuous/test/auto/CausalityInterface7.xml
5 ms. Memory: 225280K Free: 202912K (90%)
----------------- Invoking toplevel() on ptolemy.moml.MoMLSimpleApplication@4475edbd
----------------- Done invoking toplevel() on ptolemy.moml.MoMLSimpleApplication@4475edbd
reloadAllAccessors: .CausalityInterface7

===========================================================================================
----------------- testing Thu Feb 06 06:51:15 UTC 2020 /home/travis/build/icyphy/ptII/ptolemy/domains/continuous/test/auto/CausalityInterface8.xml
----------------- Instantiating /home/travis/build/icyphy/ptII/ptolemy/domains/continuous/test/auto/CausalityInterface8.xml
8 ms. Memory: 225280K Free: 193696K (86%)
----------------- Invoking toplevel() on ptolemy.moml.MoMLSimpleApplication@6b6684cf
----------------- Done invoking toplevel() on ptolemy.moml.MoMLSimpleApplication@6b6684cf
reloadAllAccessors: .CausalityInterface8

===========================================================================================
----------------- testing Thu Feb 06 06:51:16 UTC 2020 /home/travis/build/icyphy/ptII/ptolemy/domains/continuous/test/auto/CausalityInterface9.xml
----------------- Instantiating /home/travis/build/icyphy/ptII/ptolemy/domains/continuous/test/auto/CausalityInterface9.xml
6 ms. Memory: 225280K Free: 182946K (81%)
----------------- Invoking toplevel() on ptolemy.moml.MoMLSimpleApplication@3725b9a
----------------- Done invoking toplevel() on ptolemy.moml.MoMLSimpleApplication@3725b9a
reloadAllAccessors: .CausalityInterface9

===========================================================================================
----------------- testing Thu Feb 06 06:51:16 UTC 2020 /home/travis/build/icyphy/ptII/ptolemy/domains/continuous/test/auto/CausalityInterfaceFeedback1.xml
----------------- Instantiating /home/travis/build/icyphy/ptII/ptolemy/domains/continuous/test/auto/CausalityInterfaceFeedback1.xml
7 ms. Memory: 225280K Free: 176274K (78%)
----------------- Invoking toplevel() on ptolemy.moml.MoMLSimpleApplication@79bd45fc
----------------- Done invoking toplevel() on ptolemy.moml.MoMLSimpleApplication@79bd45fc
reloadAllAccessors: .CausalityInterfaceFeedback1

===========================================================================================
----------------- testing Thu Feb 06 06:51:16 UTC 2020 /home/travis/build/icyphy/ptII/ptolemy/domains/continuous/test/auto/CausalityInterfaceFeedback2.xml
----------------- Instantiating /home/travis/build/icyphy/ptII/ptolemy/domains/continuous/test/auto/CausalityInterfaceFeedback2.xml
5 ms. Memory: 225280K Free: 170114K (76%)
----------------- Invoking toplevel() on ptolemy.moml.MoMLSimpleApplication@79d7a65d
----------------- Done invoking toplevel() on ptolemy.moml.MoMLSimpleApplication@79d7a65d
reloadAllAccessors: .CausalityInterfaceFeedback2

===========================================================================================
----------------- testing Thu Feb 06 06:51:16 UTC 2020 /home/travis/build/icyphy/ptII/ptolemy/domains/continuous/test/auto/CompareWithCurrentTime.xml
----------------- Instantiating /home/travis/build/icyphy/ptII/ptolemy/domains/continuous/test/auto/CompareWithCurrentTime.xml
3 ms. Memory: 225280K Free: 166048K (74%)
----------------- Invoking toplevel() on ptolemy.moml.MoMLSimpleApplication@3933880c
----------------- Done invoking toplevel() on ptolemy.moml.MoMLSimpleApplication@3933880c
reloadAllAccessors: .CompareWithCurrentTime

===========================================================================================
----------------- testing Thu Feb 06 06:51:16 UTC 2020 /home/travis/build/icyphy/ptII/ptolemy/domains/continuous/test/auto/ComparedClocks.xml
----------------- Instantiating /home/travis/build/icyphy/ptII/ptolemy/domains/continuous/test/auto/ComparedClocks.xml
7 ms. Memory: 225280K Free: 150674K (67%)
----------------- Invoking toplevel() on ptolemy.moml.MoMLSimpleApplication@7b7bcf10
----------------- Done invoking toplevel() on ptolemy.moml.MoMLSimpleApplication@7b7bcf10
reloadAllAccessors: .ComparedClocks

===========================================================================================
----------------- testing Thu Feb 06 06:51:16 UTC 2020 /home/travis/build/icyphy/ptII/ptolemy/domains/continuous/test/auto/ContinuousAOCClone.xml
----------------- Instantiating /home/travis/build/icyphy/ptII/ptolemy/domains/continuous/test/auto/ContinuousAOCClone.xml
2353 ms. Memory: 270336K Free: 190270K (70%)
----------------- Invoking toplevel() on ptolemy.moml.MoMLSimpleApplication@d318cb6
----------------- Done invoking toplevel() on ptolemy.moml.MoMLSimpleApplication@d318cb6
reloadAllAccessors: .ContinuousAOCClone

===========================================================================================
----------------- testing Thu Feb 06 06:51:18 UTC 2020 /home/travis/build/icyphy/ptII/ptolemy/domains/continuous/test/auto/ContinuousClock.xml
----------------- Instantiating /home/travis/build/icyphy/ptII/ptolemy/domains/continuous/test/auto/ContinuousClock.xml
30 ms. Memory: 270336K Free: 168270K (62%)
----------------- Invoking toplevel() on ptolemy.moml.MoMLSimpleApplication@7f0f8574
----------------- Done invoking toplevel() on ptolemy.moml.MoMLSimpleApplication@7f0f8574
reloadAllAccessors: .ContinuousClock

===========================================================================================
----------------- testing Thu Feb 06 06:51:18 UTC 2020 /home/travis/build/icyphy/ptII/ptolemy/domains/continuous/test/auto/ContinuousInContinuous.xml
----------------- Instantiating /home/travis/build/icyphy/ptII/ptolemy/domains/continuous/test/auto/ContinuousInContinuous.xml
39 ms. Memory: 270336K Free: 144718K (54%)
----------------- Invoking toplevel() on ptolemy.moml.MoMLSimpleApplication@210be6bb
----------------- Done invoking toplevel() on ptolemy.moml.MoMLSimpleApplication@210be6bb
reloadAllAccessors: .ContinuousInContinuous

===========================================================================================
----------------- testing Thu Feb 06 06:51:18 UTC 2020 /home/travis/build/icyphy/ptII/ptolemy/domains/continuous/test/auto/ContinuousInContinuousInContinuous.xml
----------------- Instantiating /home/travis/build/icyphy/ptII/ptolemy/domains/continuous/test/auto/ContinuousInContinuousInContinuous.xml
6 ms. Memory: 270336K Free: 137036K (51%)
----------------- Invoking toplevel() on ptolemy.moml.MoMLSimpleApplication@b52118f
----------------- Done invoking toplevel() on ptolemy.moml.MoMLSimpleApplication@b52118f
reloadAllAccessors: .ContinuousInContinuousInContinuous

===========================================================================================
----------------- testing Thu Feb 06 06:51:18 UTC 2020 /home/travis/build/icyphy/ptII/ptolemy/domains/continuous/test/auto/ContinuousInDE.xml
----------------- Instantiating /home/travis/build/icyphy/ptII/ptolemy/domains/continuous/test/auto/ContinuousInDE.xml
67 ms. Memory: 270336K Free: 126286K (47%)
----------------- Invoking toplevel() on ptolemy.moml.MoMLSimpleApplication@70de2af1
----------------- Done invoking toplevel() on ptolemy.moml.MoMLSimpleApplication@70de2af1
reloadAllAccessors: .ContinuousInDE

===========================================================================================
----------------- testing Thu Feb 06 06:51:19 UTC 2020 /home/travis/build/icyphy/ptII/ptolemy/domains/continuous/test/auto/ContinuousInDE2.xml
----------------- Instantiating /home/travis/build/icyphy/ptII/ptolemy/domains/continuous/test/auto/ContinuousInDE2.xml
30 ms. Memory: 270336K Free: 117580K (43%)
----------------- Invoking toplevel() on ptolemy.moml.MoMLSimpleApplication@6fdebf6f
----------------- Done invoking toplevel() on ptolemy.moml.MoMLSimpleApplication@6fdebf6f
reloadAllAccessors: .ContinuousInDE2

===========================================================================================
----------------- testing Thu Feb 06 06:51:19 UTC 2020 /home/travis/build/icyphy/ptII/ptolemy/domains/continuous/test/auto/ContinuousInDE3.xml
----------------- Instantiating /home/travis/build/icyphy/ptII/ptolemy/domains/continuous/test/auto/ContinuousInDE3.xml
29 ms. Memory: 270336K Free: 107854K (40%)
----------------- Invoking toplevel() on ptolemy.moml.MoMLSimpleApplication@53117572
----------------- Done invoking toplevel() on ptolemy.moml.MoMLSimpleApplication@53117572
reloadAllAccessors: .ContinuousInDE3

===========================================================================================
----------------- testing Thu Feb 06 06:51:19 UTC 2020 /home/travis/build/icyphy/ptII/ptolemy/domains/continuous/test/auto/ContinuousInDE4.xml
----------------- Instantiating /home/travis/build/icyphy/ptII/ptolemy/domains/continuous/test/auto/ContinuousInDE4.xml
9 ms. Memory: 270336K Free: 101710K (38%)
----------------- Invoking toplevel() on ptolemy.moml.MoMLSimpleApplication@292e6788
----------------- Done invoking toplevel() on ptolemy.moml.MoMLSimpleApplication@292e6788
reloadAllAccessors: .ContinuousInDE4

===========================================================================================
----------------- testing Thu Feb 06 06:51:19 UTC 2020 /home/travis/build/icyphy/ptII/ptolemy/domains/continuous/test/auto/ContinuousInDEDifferentRefinements.xml
----------------- Instantiating /home/travis/build/icyphy/ptII/ptolemy/domains/continuous/test/auto/ContinuousInDEDifferentRefinements.xml
55 ms. Memory: 270336K Free: 231131K (85%)
----------------- Invoking toplevel() on ptolemy.moml.MoMLSimpleApplication@5831f7be
----------------- Done invoking toplevel() on ptolemy.moml.MoMLSimpleApplication@5831f7be
reloadAllAccessors: .ContinuousInDEDifferentRefinements

===========================================================================================
----------------- testing Thu Feb 06 06:51:19 UTC 2020 /home/travis/build/icyphy/ptII/ptolemy/domains/continuous/test/auto/ContinuousInDEDifferentRefinementsPreemptive.xml
----------------- Instantiating /home/travis/build/icyphy/ptII/ptolemy/domains/continuous/test/auto/ContinuousInDEDifferentRefinementsPreemptive.xml
43 ms. Memory: 270336K Free: 200411K (74%)
----------------- Invoking toplevel() on ptolemy.moml.MoMLSimpleApplication@3c5427e
----------------- Done invoking toplevel() on ptolemy.moml.MoMLSimpleApplication@3c5427e
reloadAllAccessors: .ContinuousInDEDifferentRefinementsPreemptive

===========================================================================================
----------------- testing Thu Feb 06 06:51:19 UTC 2020 /home/travis/build/icyphy/ptII/ptolemy/domains/continuous/test/auto/ContinuousInDEInContinuous2.xml
----------------- Instantiating /home/travis/build/icyphy/ptII/ptolemy/domains/continuous/test/auto/ContinuousInDEInContinuous2.xml
31 ms. Memory: 270336K Free: 189161K (70%)
----------------- Invoking toplevel() on ptolemy.moml.MoMLSimpleApplication@18285e0
----------------- Done invoking toplevel() on ptolemy.moml.MoMLSimpleApplication@18285e0
reloadAllAccessors: .ContinuousInDEInContinuous2

===========================================================================================
----------------- testing Thu Feb 06 06:51:19 UTC 2020 /home/travis/build/icyphy/ptII/ptolemy/domains/continuous/test/auto/ContinuousInDEInContinuous3.xml
----------------- Instantiating /home/travis/build/icyphy/ptII/ptolemy/domains/continuous/test/auto/ContinuousInDEInContinuous3.xml
31 ms. Memory: 270336K Free: 177387K (66%)
----------------- Invoking toplevel() on ptolemy.moml.MoMLSimpleApplication@52ae256d
----------------- Done invoking toplevel() on ptolemy.moml.MoMLSimpleApplication@52ae256d
reloadAllAccessors: .ContinuousInDEInContinuous3

===========================================================================================
----------------- testing Thu Feb 06 06:51:19 UTC 2020 /home/travis/build/icyphy/ptII/ptolemy/domains/continuous/test/auto/ContinuousInDEInput.xml
----------------- Instantiating /home/travis/build/icyphy/ptII/ptolemy/domains/continuous/test/auto/ContinuousInDEInput.xml
14 ms. Memory: 270336K Free: 170219K (63%)
----------------- Invoking toplevel() on ptolemy.moml.MoMLSimpleApplication@14103950
----------------- Done invoking toplevel() on ptolemy.moml.MoMLSimpleApplication@14103950
reloadAllAccessors: .ContinuousInDEInput

===========================================================================================
----------------- testing Thu Feb 06 06:51:19 UTC 2020 /home/travis/build/icyphy/ptII/ptolemy/domains/continuous/test/auto/ContinuousInDEInput2.xml
----------------- Instantiating /home/travis/build/icyphy/ptII/ptolemy/domains/continuous/test/auto/ContinuousInDEInput2.xml
11 ms. Memory: 270336K Free: 162537K (60%)
----------------- Invoking toplevel() on ptolemy.moml.MoMLSimpleApplication@3df66115
----------------- Done invoking toplevel() on ptolemy.moml.MoMLSimpleApplication@3df66115
reloadAllAccessors: .ContinuousInDEInput2

===========================================================================================
----------------- testing Thu Feb 06 06:51:19 UTC 2020 /home/travis/build/icyphy/ptII/ptolemy/domains/continuous/test/auto/ContinuousInDEInput3.xml
----------------- Instantiating /home/travis/build/icyphy/ptII/ptolemy/domains/continuous/test/auto/ContinuousInDEInput3.xml
9 ms. Memory: 270336K Free: 155369K (57%)
----------------- Invoking toplevel() on ptolemy.moml.MoMLSimpleApplication@10413926
----------------- Done invoking toplevel() on ptolemy.moml.MoMLSimpleApplication@10413926
reloadAllAccessors: .ContinuousInDEInput3

===========================================================================================
----------------- testing Thu Feb 06 06:51:19 UTC 2020 /home/travis/build/icyphy/ptII/ptolemy/domains/continuous/test/auto/ContinuousInDESharingRefinement.xml
----------------- Instantiating /home/travis/build/icyphy/ptII/ptolemy/domains/continuous/test/auto/ContinuousInDESharingRefinement.xml
151 ms. Memory: 270336K Free: 222177K (82%)
----------------- Invoking toplevel() on ptolemy.moml.MoMLSimpleApplication@74d5dcc4
----------------- Done invoking toplevel() on ptolemy.moml.MoMLSimpleApplication@74d5dcc4
reloadAllAccessors: .ContinuousInDESharingRefinement

===========================================================================================
----------------- testing Thu Feb 06 06:51:19 UTC 2020 /home/travis/build/icyphy/ptII/ptolemy/domains/continuous/test/auto/ContinuousInDEwithNoPorts.xml
----------------- Instantiating /home/travis/build/icyphy/ptII/ptolemy/domains/continuous/test/auto/ContinuousInDEwithNoPorts.xml
2 ms. Memory: 270336K Free: 217571K (80%)
----------------- Invoking toplevel() on ptolemy.moml.MoMLSimpleApplication@687f5762
----------------- Done invoking toplevel() on ptolemy.moml.MoMLSimpleApplication@687f5762
reloadAllAccessors: .ContinuousInDEwithNoPorts

===========================================================================================
----------------- testing Thu Feb 06 06:51:19 UTC 2020 /home/travis/build/icyphy/ptII/ptolemy/domains/continuous/test/auto/ContinuousInsideDE.xml
----------------- Instantiating /home/travis/build/icyphy/ptII/ptolemy/domains/continuous/test/auto/ContinuousInsideDE.xml
36 ms. Memory: 270336K Free: 205793K (76%)
----------------- Invoking toplevel() on ptolemy.moml.MoMLSimpleApplication@60d2a231
----------------- Done invoking toplevel() on ptolemy.moml.MoMLSimpleApplication@60d2a231
reloadAllAccessors: .ContinuousInsideDE

===========================================================================================
----------------- testing Thu Feb 06 06:51:19 UTC 2020 /home/travis/build/icyphy/ptII/ptolemy/domains/continuous/test/auto/ContinuousMerge1.xml
----------------- Instantiating /home/travis/build/icyphy/ptII/ptolemy/domains/continuous/test/auto/ContinuousMerge1.xml
2 ms. Memory: 270336K Free: 201187K (74%)
----------------- Invoking toplevel() on ptolemy.moml.MoMLSimpleApplication@6a3b0603
----------------- Done invoking toplevel() on ptolemy.moml.MoMLSimpleApplication@6a3b0603
reloadAllAccessors: .ContinuousMerge1

===========================================================================================
----------------- testing Thu Feb 06 06:51:19 UTC 2020 /home/travis/build/icyphy/ptII/ptolemy/domains/continuous/test/auto/ContinuousMerge2.xml
----------------- Instantiating /home/travis/build/icyphy/ptII/ptolemy/domains/continuous/test/auto/ContinuousMerge2.xml
13 ms. Memory: 270336K Free: 190947K (71%)
----------------- Invoking toplevel() on ptolemy.moml.MoMLSimpleApplication@54b9af9c
----------------- Done invoking toplevel() on ptolemy.moml.MoMLSimpleApplication@54b9af9c
reloadAllAccessors: .ContinuousMerge2

===========================================================================================
----------------- testing Thu Feb 06 06:51:19 UTC 2020 /home/travis/build/icyphy/ptII/ptolemy/domains/continuous/test/auto/ContinuousMerge3.xml
----------------- Instantiating /home/travis/build/icyphy/ptII/ptolemy/domains/continuous/test/auto/ContinuousMerge3.xml
31 ms. Memory: 270336K Free: 180193K (67%)
----------------- Invoking toplevel() on ptolemy.moml.MoMLSimpleApplication@50bce694
----------------- Done invoking toplevel() on ptolemy.moml.MoMLSimpleApplication@50bce694
reloadAllAccessors: .ContinuousMerge3

===========================================================================================
----------------- testing Thu Feb 06 06:51:19 UTC 2020 /home/travis/build/icyphy/ptII/ptolemy/domains/continuous/test/auto/ContinuousWithinContinuous.xml
----------------- Instantiating /home/travis/build/icyphy/ptII/ptolemy/domains/continuous/test/auto/ContinuousWithinContinuous.xml
25 ms. Memory: 270336K Free: 171491K (63%)
----------------- Invoking toplevel() on ptolemy.moml.MoMLSimpleApplication@43780bc2
----------------- Done invoking toplevel() on ptolemy.moml.MoMLSimpleApplication@43780bc2
reloadAllAccessors: .ContinuousWithinContinuous

===========================================================================================
----------------- testing Thu Feb 06 06:51:19 UTC 2020 /home/travis/build/icyphy/ptII/ptolemy/domains/continuous/test/auto/ContinuousWithinContinuous2.xml
----------------- Instantiating /home/travis/build/icyphy/ptII/ptolemy/domains/continuous/test/auto/ContinuousWithinContinuous2.xml
49 ms. Memory: 270336K Free: 160737K (59%)
----------------- Invoking toplevel() on ptolemy.moml.MoMLSimpleApplication@65f54ff1
----------------- Done invoking toplevel() on ptolemy.moml.MoMLSimpleApplication@65f54ff1
reloadAllAccessors: .ContinuousWithinContinuous2

===========================================================================================
----------------- testing Thu Feb 06 06:51:20 UTC 2020 /home/travis/build/icyphy/ptII/ptolemy/domains/continuous/test/auto/ContinuousWithinContinuous3.xml
----------------- Instantiating /home/travis/build/icyphy/ptII/ptolemy/domains/continuous/test/auto/ContinuousWithinContinuous3.xml
13 ms. Memory: 270336K Free: 154083K (57%)
----------------- Invoking toplevel() on ptolemy.moml.MoMLSimpleApplication@49466690
----------------- Done invoking toplevel() on ptolemy.moml.MoMLSimpleApplication@49466690
reloadAllAccessors: .ContinuousWithinContinuous3

===========================================================================================
----------------- testing Thu Feb 06 06:51:20 UTC 2020 /home/travis/build/icyphy/ptII/ptolemy/domains/continuous/test/auto/ContinuousWithinContinuous4.xml
----------------- Instantiating /home/travis/build/icyphy/ptII/ptolemy/domains/continuous/test/auto/ContinuousWithinContinuous4.xml
55 ms. Memory: 270336K Free: 142305K (53%)
----------------- Invoking toplevel() on ptolemy.moml.MoMLSimpleApplication@75dc4a59
----------------- Done invoking toplevel() on ptolemy.moml.MoMLSimpleApplication@75dc4a59
reloadAllAccessors: .ContinuousWithinContinuous4

===========================================================================================
----------------- testing Thu Feb 06 06:51:20 UTC 2020 /home/travis/build/icyphy/ptII/ptolemy/domains/continuous/test/auto/ContinuousWithinContinuous5.xml
----------------- Instantiating /home/travis/build/icyphy/ptII/ptolemy/domains/continuous/test/auto/ContinuousWithinContinuous5.xml
11 ms. Memory: 270336K Free: 135137K (50%)
----------------- Invoking toplevel() on ptolemy.moml.MoMLSimpleApplication@6187216d
----------------- Done invoking toplevel() on ptolemy.moml.MoMLSimpleApplication@6187216d
reloadAllAccessors: .ContinuousWithinContinuous5

===========================================================================================
----------------- testing Thu Feb 06 06:51:20 UTC 2020 /home/travis/build/icyphy/ptII/ptolemy/domains/continuous/test/auto/ContinuousWithinContinuous6.xml
----------------- Instantiating /home/travis/build/icyphy/ptII/ptolemy/domains/continuous/test/auto/ContinuousWithinContinuous6.xml
14 ms. Memory: 270336K Free: 127969K (47%)
----------------- Invoking toplevel() on ptolemy.moml.MoMLSimpleApplication@741ba727
----------------- Done invoking toplevel() on ptolemy.moml.MoMLSimpleApplication@741ba727
reloadAllAccessors: .ContinuousWithinContinuous6

===========================================================================================
----------------- testing Thu Feb 06 06:51:20 UTC 2020 /home/travis/build/icyphy/ptII/ptolemy/domains/continuous/test/auto/ContinuousWithinContinuous7.xml
----------------- Instantiating /home/travis/build/icyphy/ptII/ptolemy/domains/continuous/test/auto/ContinuousWithinContinuous7.xml
41 ms. Memory: 270336K Free: 117219K (43%)
----------------- Invoking toplevel() on ptolemy.moml.MoMLSimpleApplication@6864471f
----------------- Done invoking toplevel() on ptolemy.moml.MoMLSimpleApplication@6864471f
reloadAllAccessors: .ContinuousWithinContinuous7

===========================================================================================
----------------- testing Thu Feb 06 06:51:20 UTC 2020 /home/travis/build/icyphy/ptII/ptolemy/domains/continuous/test/auto/DCMotor.xml
----------------- Instantiating /home/travis/build/icyphy/ptII/ptolemy/domains/continuous/test/auto/DCMotor.xml
12293 ms. Memory: 270336K Free: 104907K (39%)
----------------- Invoking toplevel() on ptolemy.moml.MoMLSimpleApplication@581ad3be
----------------- Done invoking toplevel() on ptolemy.moml.MoMLSimpleApplication@581ad3be
reloadAllAccessors: .DCMotor

===========================================================================================
----------------- testing Thu Feb 06 06:51:32 UTC 2020 /home/travis/build/icyphy/ptII/ptolemy/domains/continuous/test/auto/DEInContinuous.xml
----------------- Instantiating /home/travis/build/icyphy/ptII/ptolemy/domains/continuous/test/auto/DEInContinuous.xml
14 ms. Memory: 270336K Free: 98777K (37%)
----------------- Invoking toplevel() on ptolemy.moml.MoMLSimpleApplication@4d6b99d5
----------------- Done invoking toplevel() on ptolemy.moml.MoMLSimpleApplication@4d6b99d5
reloadAllAccessors: .DEInContinuous

===========================================================================================
----------------- testing Thu Feb 06 06:51:32 UTC 2020 /home/travis/build/icyphy/ptII/ptolemy/domains/continuous/test/auto/DEinContinuous2.xml
----------------- Instantiating /home/travis/build/icyphy/ptII/ptolemy/domains/continuous/test/auto/DEinContinuous2.xml
7 ms. Memory: 270336K Free: 251554K (93%)
----------------- Invoking toplevel() on ptolemy.moml.MoMLSimpleApplication@9aa1445
----------------- Done invoking toplevel() on ptolemy.moml.MoMLSimpleApplication@9aa1445
reloadAllAccessors: .DEinContinuous2

===========================================================================================
----------------- testing Thu Feb 06 06:51:32 UTC 2020 /home/travis/build/icyphy/ptII/ptolemy/domains/continuous/test/auto/Derivative.xml
----------------- Instantiating /home/travis/build/icyphy/ptII/ptolemy/domains/continuous/test/auto/Derivative.xml
132 ms. Memory: 270336K Free: 222882K (82%)
----------------- Invoking toplevel() on ptolemy.moml.MoMLSimpleApplication@6d4c6199
----------------- Done invoking toplevel() on ptolemy.moml.MoMLSimpleApplication@6d4c6199
reloadAllAccessors: .Derivative2

===========================================================================================
----------------- testing Thu Feb 06 06:51:32 UTC 2020 /home/travis/build/icyphy/ptII/ptolemy/domains/continuous/test/auto/Derivative1.xml
----------------- Instantiating /home/travis/build/icyphy/ptII/ptolemy/domains/continuous/test/auto/Derivative1.xml
28 ms. Memory: 270336K Free: 208546K (77%)
----------------- Invoking toplevel() on ptolemy.moml.MoMLSimpleApplication@71c4cc1b
----------------- Done invoking toplevel() on ptolemy.moml.MoMLSimpleApplication@71c4cc1b
reloadAllAccessors: .Derivative1

===========================================================================================
----------------- testing Thu Feb 06 06:51:32 UTC 2020 /home/travis/build/icyphy/ptII/ptolemy/domains/continuous/test/auto/DiscreteClock.xml
----------------- Instantiating /home/travis/build/icyphy/ptII/ptolemy/domains/continuous/test/auto/DiscreteClock.xml
3 ms. Memory: 270336K Free: 203426K (75%)
----------------- Invoking toplevel() on ptolemy.moml.MoMLSimpleApplication@6ba714a4
----------------- Done invoking toplevel() on ptolemy.moml.MoMLSimpleApplication@6ba714a4
reloadAllAccessors: .DiscreteClock

===========================================================================================
----------------- testing Thu Feb 06 06:51:32 UTC 2020 /home/travis/build/icyphy/ptII/ptolemy/domains/continuous/test/auto/EfficiencyCurve.xml
----------------- Instantiating /home/travis/build/icyphy/ptII/ptolemy/domains/continuous/test/auto/EfficiencyCurve.xml
69 ms. Memory: 270336K Free: 194720K (72%)
----------------- Invoking toplevel() on ptolemy.moml.MoMLSimpleApplication@6765e2d7
----------------- Done invoking toplevel() on ptolemy.moml.MoMLSimpleApplication@6765e2d7
reloadAllAccessors: .EfficiencyCurve

===========================================================================================
----------------- testing Thu Feb 06 06:51:33 UTC 2020 /home/travis/build/icyphy/ptII/ptolemy/domains/continuous/test/auto/ExponentialResponse.xml
----------------- Instantiating /home/travis/build/icyphy/ptII/ptolemy/domains/continuous/test/auto/ExponentialResponse.xml
88 ms. Memory: 270336K Free: 179874K (67%)
----------------- Invoking toplevel() on ptolemy.moml.MoMLSimpleApplication@af5c07
----------------- Done invoking toplevel() on ptolemy.moml.MoMLSimpleApplication@af5c07
reloadAllAccessors: .ExponentialResponse

===========================================================================================
----------------- testing Thu Feb 06 06:51:33 UTC 2020 /home/travis/build/icyphy/ptII/ptolemy/domains/continuous/test/auto/ExponentialResponseRK45.xml
----------------- Instantiating /home/travis/build/icyphy/ptII/ptolemy/domains/continuous/test/auto/ExponentialResponseRK45.xml
20 ms. Memory: 270336K Free: 173216K (64%)
----------------- Invoking toplevel() on ptolemy.moml.MoMLSimpleApplication@174024e8
----------------- Done invoking toplevel() on ptolemy.moml.MoMLSimpleApplication@174024e8
reloadAllAccessors: .ExponentialResponseRK45

===========================================================================================
----------------- testing Thu Feb 06 06:51:33 UTC 2020 /home/travis/build/icyphy/ptII/ptolemy/domains/continuous/test/auto/Friction.xml
----------------- Instantiating /home/travis/build/icyphy/ptII/ptolemy/domains/continuous/test/auto/Friction.xml
1568 ms. Memory: 270336K Free: 227750K (84%)
----------------- Invoking toplevel() on ptolemy.moml.MoMLSimpleApplication@34fa89bf
----------------- Done invoking toplevel() on ptolemy.moml.MoMLSimpleApplication@34fa89bf
reloadAllAccessors: .Friction

===========================================================================================
----------------- testing Thu Feb 06 06:51:34 UTC 2020 /home/travis/build/icyphy/ptII/ptolemy/domains/continuous/test/auto/FurutaPendulum.xml
----------------- Instantiating /home/travis/build/icyphy/ptII/ptolemy/domains/continuous/test/auto/FurutaPendulum.xml
2974 ms. Memory: 270336K Free: 183651K (68%)
----------------- Invoking toplevel() on ptolemy.moml.MoMLSimpleApplication@19c5f3e7
----------------- Done invoking toplevel() on ptolemy.moml.MoMLSimpleApplication@19c5f3e7
reloadAllAccessors: .FurutaPendulum

===========================================================================================
----------------- testing Thu Feb 06 06:51:38 UTC 2020 /home/travis/build/icyphy/ptII/ptolemy/domains/continuous/test/auto/HierarchicalExecution.xml
----------------- Instantiating /home/travis/build/icyphy/ptII/ptolemy/domains/continuous/test/auto/HierarchicalExecution.xml
1489 ms. Memory: 324608K Free: 127579K (39%)
----------------- Invoking toplevel() on ptolemy.moml.MoMLSimpleApplication@79100d15
----------------- Done invoking toplevel() on ptolemy.moml.MoMLSimpleApplication@79100d15
reloadAllAccessors: .HierarchicalExecution

===========================================================================================
----------------- testing Thu Feb 06 06:51:39 UTC 2020 /home/travis/build/icyphy/ptII/ptolemy/domains/continuous/test/auto/HybridPlant.xml
----------------- Instantiating /home/travis/build/icyphy/ptII/ptolemy/domains/continuous/test/auto/HybridPlant.xml
518 ms. Memory: 324608K Free: 251348K (77%)
----------------- Invoking toplevel() on ptolemy.moml.MoMLSimpleApplication@32b2d5ab
----------------- Done invoking toplevel() on ptolemy.moml.MoMLSimpleApplication@32b2d5ab
reloadAllAccessors: .HybridPlant

===========================================================================================
----------------- testing Thu Feb 06 06:51:40 UTC 2020 /home/travis/build/icyphy/ptII/ptolemy/domains/continuous/test/auto/Hysteresis.xml
----------------- Instantiating /home/travis/build/icyphy/ptII/ptolemy/domains/continuous/test/auto/Hysteresis.xml
145 ms. Memory: 324608K Free: 189404K (58%)
----------------- Invoking toplevel() on ptolemy.moml.MoMLSimpleApplication@75da718f
----------------- Done invoking toplevel() on ptolemy.moml.MoMLSimpleApplication@75da718f
reloadAllAccessors: .Hysteresis

===========================================================================================
----------------- testing Thu Feb 06 06:51:40 UTC 2020 /home/travis/build/icyphy/ptII/ptolemy/domains/continuous/test/auto/HysteresisWithRandomDelay.xml
----------------- Instantiating /home/travis/build/icyphy/ptII/ptolemy/domains/continuous/test/auto/HysteresisWithRandomDelay.xml
225 ms. Memory: 324608K Free: 118228K (36%)
----------------- Invoking toplevel() on ptolemy.moml.MoMLSimpleApplication@43faf117
----------------- Done invoking toplevel() on ptolemy.moml.MoMLSimpleApplication@43faf117
reloadAllAccessors: .HysteresisWithRandomDelay

===========================================================================================
----------------- testing Thu Feb 06 06:51:40 UTC 2020 /home/travis/build/icyphy/ptII/ptolemy/domains/continuous/test/auto/HysteresisWithRandomLosses.xml
----------------- Instantiating /home/travis/build/icyphy/ptII/ptolemy/domains/continuous/test/auto/HysteresisWithRandomLosses.xml
2395 ms. Memory: 324608K Free: 153264K (47%)
----------------- Invoking toplevel() on ptolemy.moml.MoMLSimpleApplication@48d4dae6
----------------- Done invoking toplevel() on ptolemy.moml.MoMLSimpleApplication@48d4dae6
reloadAllAccessors: .HysteresisWithRandomLosses

===========================================================================================
----------------- testing Thu Feb 06 06:51:43 UTC 2020 /home/travis/build/icyphy/ptII/ptolemy/domains/continuous/test/auto/ImmediateTransitions.xml
----------------- Instantiating /home/travis/build/icyphy/ptII/ptolemy/domains/continuous/test/auto/ImmediateTransitions.xml
9 ms. Memory: 324608K Free: 142496K (44%)
----------------- Invoking toplevel() on ptolemy.moml.MoMLSimpleApplication@37e78029
----------------- Done invoking toplevel() on ptolemy.moml.MoMLSimpleApplication@37e78029
reloadAllAccessors: .ImmediateTransitions

===========================================================================================
----------------- testing Thu Feb 06 06:51:43 UTC 2020 /home/travis/build/icyphy/ptII/ptolemy/domains/continuous/test/auto/ImpulseFeedback.xml
----------------- Instantiating /home/travis/build/icyphy/ptII/ptolemy/domains/continuous/test/auto/ImpulseFeedback.xml
7 ms. Memory: 324608K Free: 136880K (42%)
----------------- Invoking toplevel() on ptolemy.moml.MoMLSimpleApplication@6f5d2b8
----------------- Done invoking toplevel() on ptolemy.moml.MoMLSimpleApplication@6f5d2b8
reloadAllAccessors: .ImpulseFeedback

===========================================================================================
----------------- testing Thu Feb 06 06:51:43 UTC 2020 /home/travis/build/icyphy/ptII/ptolemy/domains/continuous/test/auto/ImpulseFeedback2.xml
----------------- Instantiating /home/travis/build/icyphy/ptII/ptolemy/domains/continuous/test/auto/ImpulseFeedback2.xml
4 ms. Memory: 324608K Free: 131246K (40%)
----------------- Invoking toplevel() on ptolemy.moml.MoMLSimpleApplication@78c1b600
----------------- Done invoking toplevel() on ptolemy.moml.MoMLSimpleApplication@78c1b600
reloadAllAccessors: .ImpulseFeedback2

===========================================================================================
----------------- testing Thu Feb 06 06:51:43 UTC 2020 /home/travis/build/icyphy/ptII/ptolemy/domains/continuous/test/auto/IncreasingRatePoisson.xml
----------------- Instantiating /home/travis/build/icyphy/ptII/ptolemy/domains/continuous/test/auto/IncreasingRatePoisson.xml
743 ms. Memory: 324608K Free: 221536K (68%)
----------------- Invoking toplevel() on ptolemy.moml.MoMLSimpleApplication@43c8d5c6
----------------- Done invoking toplevel() on ptolemy.moml.MoMLSimpleApplication@43c8d5c6
reloadAllAccessors: .IncreasingRatePoisson

===========================================================================================
----------------- testing Thu Feb 06 06:51:44 UTC 2020 /home/travis/build/icyphy/ptII/ptolemy/domains/continuous/test/auto/InitialStateFeedback.xml
----------------- Instantiating /home/travis/build/icyphy/ptII/ptolemy/domains/continuous/test/auto/InitialStateFeedback.xml
4 ms. Memory: 324608K Free: 216926K (67%)
----------------- Invoking toplevel() on ptolemy.moml.MoMLSimpleApplication@7f76868a
----------------- Done invoking toplevel() on ptolemy.moml.MoMLSimpleApplication@7f76868a
reloadAllAccessors: .InitialStateFeedback

===========================================================================================
----------------- testing Thu Feb 06 06:51:44 UTC 2020 /home/travis/build/icyphy/ptII/ptolemy/domains/continuous/test/auto/Integration.xml
----------------- Instantiating /home/travis/build/icyphy/ptII/ptolemy/domains/continuous/test/auto/Integration.xml
5 ms. Memory: 324608K Free: 212830K (66%)
----------------- Invoking toplevel() on ptolemy.moml.MoMLSimpleApplication@5e6ced7
----------------- Done invoking toplevel() on ptolemy.moml.MoMLSimpleApplication@5e6ced7
reloadAllAccessors: .Integration

===========================================================================================
----------------- testing Thu Feb 06 06:51:44 UTC 2020 /home/travis/build/icyphy/ptII/ptolemy/domains/continuous/test/auto/Integration2.xml
----------------- Instantiating /home/travis/build/icyphy/ptII/ptolemy/domains/continuous/test/auto/Integration2.xml
77 ms. Memory: 324608K Free: 199008K (61%)
----------------- Invoking toplevel() on ptolemy.moml.MoMLSimpleApplication@3534605
----------------- Done invoking toplevel() on ptolemy.moml.MoMLSimpleApplication@3534605
reloadAllAccessors: .Integration2

===========================================================================================
----------------- testing Thu Feb 06 06:51:44 UTC 2020 /home/travis/build/icyphy/ptII/ptolemy/domains/continuous/test/auto/Integration3.xml
----------------- Instantiating /home/travis/build/icyphy/ptII/ptolemy/domains/continuous/test/auto/Integration3.xml
2 ms. Memory: 324608K Free: 194398K (60%)
----------------- Invoking toplevel() on ptolemy.moml.MoMLSimpleApplication@6a931dc0
----------------- Done invoking toplevel() on ptolemy.moml.MoMLSimpleApplication@6a931dc0
reloadAllAccessors: .Integration3

===========================================================================================
----------------- testing Thu Feb 06 06:51:44 UTC 2020 /home/travis/build/icyphy/ptII/ptolemy/domains/continuous/test/auto/Integration5.xml
----------------- Instantiating /home/travis/build/icyphy/ptII/ptolemy/domains/continuous/test/auto/Integration5.xml
3 ms. Memory: 324608K Free: 190302K (59%)
----------------- Invoking toplevel() on ptolemy.moml.MoMLSimpleApplication@1234be
----------------- Done invoking toplevel() on ptolemy.moml.MoMLSimpleApplication@1234be
reloadAllAccessors: .Integration5

===========================================================================================
----------------- testing Thu Feb 06 06:51:44 UTC 2020 /home/travis/build/icyphy/ptII/ptolemy/domains/continuous/test/auto/IntegratorImpulse.xml
----------------- Instantiating /home/travis/build/icyphy/ptII/ptolemy/domains/continuous/test/auto/IntegratorImpulse.xml
2 ms. Memory: 324608K Free: 186200K (57%)
----------------- Invoking toplevel() on ptolemy.moml.MoMLSimpleApplication@62dd15c6
----------------- Done invoking toplevel() on ptolemy.moml.MoMLSimpleApplication@62dd15c6
reloadAllAccessors: .IntegratorImpulse

===========================================================================================
----------------- testing Thu Feb 06 06:51:44 UTC 2020 /home/travis/build/icyphy/ptII/ptolemy/domains/continuous/test/auto/IntegratorImpulse2.xml
----------------- Instantiating /home/travis/build/icyphy/ptII/ptolemy/domains/continuous/test/auto/IntegratorImpulse2.xml
7 ms. Memory: 324608K Free: 181600K (56%)
----------------- Invoking toplevel() on ptolemy.moml.MoMLSimpleApplication@2027a8d9
----------------- Done invoking toplevel() on ptolemy.moml.MoMLSimpleApplication@2027a8d9
reloadAllAccessors: .IntegratorImpulse2

===========================================================================================
----------------- testing Thu Feb 06 06:51:44 UTC 2020 /home/travis/build/icyphy/ptII/ptolemy/domains/continuous/test/auto/LevelCrossing1.xml
----------------- Instantiating /home/travis/build/icyphy/ptII/ptolemy/domains/continuous/test/auto/LevelCrossing1.xml
2 ms. Memory: 324608K Free: 176480K (54%)
----------------- Invoking toplevel() on ptolemy.moml.MoMLSimpleApplication@2246e0b1
----------------- Done invoking toplevel() on ptolemy.moml.MoMLSimpleApplication@2246e0b1
reloadAllAccessors: .LevelCrossing1

===========================================================================================
----------------- testing Thu Feb 06 06:51:44 UTC 2020 /home/travis/build/icyphy/ptII/ptolemy/domains/continuous/test/auto/LevelCrossing2.xml
----------------- Instantiating /home/travis/build/icyphy/ptII/ptolemy/domains/continuous/test/auto/LevelCrossing2.xml
3 ms. Memory: 324608K Free: 171360K (53%)
----------------- Invoking toplevel() on ptolemy.moml.MoMLSimpleApplication@21b6e82d
----------------- Done invoking toplevel() on ptolemy.moml.MoMLSimpleApplication@21b6e82d
reloadAllAccessors: .LevelCrossing2

===========================================================================================
----------------- testing Thu Feb 06 06:51:44 UTC 2020 /home/travis/build/icyphy/ptII/ptolemy/domains/continuous/test/auto/LevelCrossing3.xml
----------------- Instantiating /home/travis/build/icyphy/ptII/ptolemy/domains/continuous/test/auto/LevelCrossing3.xml
4 ms. Memory: 324608K Free: 166240K (51%)
----------------- Invoking toplevel() on ptolemy.moml.MoMLSimpleApplication@4a9e5ea1
----------------- Done invoking toplevel() on ptolemy.moml.MoMLSimpleApplication@4a9e5ea1
reloadAllAccessors: .LevelCrossing3

===========================================================================================
----------------- testing Thu Feb 06 06:51:44 UTC 2020 /home/travis/build/icyphy/ptII/ptolemy/domains/continuous/test/auto/LevelCrossing4.xml
----------------- Instantiating /home/travis/build/icyphy/ptII/ptolemy/domains/continuous/test/auto/LevelCrossing4.xml
3 ms. Memory: 324608K Free: 161120K (50%)
----------------- Invoking toplevel() on ptolemy.moml.MoMLSimpleApplication@69dc9e1
----------------- Done invoking toplevel() on ptolemy.moml.MoMLSimpleApplication@69dc9e1
reloadAllAccessors: .LevelCrossing4

===========================================================================================
----------------- testing Thu Feb 06 06:51:44 UTC 2020 /home/travis/build/icyphy/ptII/ptolemy/domains/continuous/test/auto/LevelCrossing5.xml
----------------- Instantiating /home/travis/build/icyphy/ptII/ptolemy/domains/continuous/test/auto/LevelCrossing5.xml
3 ms. Memory: 324608K Free: 156000K (48%)
----------------- Invoking toplevel() on ptolemy.moml.MoMLSimpleApplication@5c786404
----------------- Done invoking toplevel() on ptolemy.moml.MoMLSimpleApplication@5c786404
reloadAllAccessors: .LevelCrossing5

===========================================================================================
----------------- testing Thu Feb 06 06:51:44 UTC 2020 /home/travis/build/icyphy/ptII/ptolemy/domains/continuous/test/auto/LevelCrossing6.xml
[...]
----------------- testing Thu Feb 06 06:51:59 UTC 2020 /home/travis/build/icyphy/ptII/ptolemy/domains/continuous/test/auto/SRinContinuous.xml
----------------- Instantiating /home/travis/build/icyphy/ptII/ptolemy/domains/continuous/test/auto/SRinContinuous.xml
4 ms. Memory: 324608K Free: 251911K (78%)
----------------- Invoking toplevel() on ptolemy.moml.MoMLSimpleApplication@4d3eb33d
----------------- Done invoking toplevel() on ptolemy.moml.MoMLSimpleApplication@4d3eb33d
reloadAllAccessors: .SRinContinuous

===========================================================================================
----------------- testing Thu Feb 06 06:51:59 UTC 2020 /home/travis/build/icyphy/ptII/ptolemy/domains/continuous/test/auto/SampledClocks.xml
----------------- Instantiating /home/travis/build/icyphy/ptII/ptolemy/domains/continuous/test/auto/SampledClocks.xml
5 ms. Memory: 324608K Free: 239109K (74%)
----------------- Invoking toplevel() on ptolemy.moml.MoMLSimpleApplication@6079aa5f
----------------- Done invoking toplevel() on ptolemy.moml.MoMLSimpleApplication@6079aa5f
reloadAllAccessors: .SampledClocks

===========================================================================================
----------------- testing Thu Feb 06 06:51:59 UTC 2020 /home/travis/build/icyphy/ptII/ptolemy/domains/continuous/test/auto/Satellite.xml
----------------- Instantiating /home/travis/build/icyphy/ptII/ptolemy/domains/continuous/test/auto/Satellite.xml
591 ms. Memory: 324608K Free: 235678K (73%)
----------------- Invoking toplevel() on ptolemy.moml.MoMLSimpleApplication@51a6fed6
----------------- Done invoking toplevel() on ptolemy.moml.MoMLSimpleApplication@51a6fed6
reloadAllAccessors: .Satellite

===========================================================================================
----------------- testing Thu Feb 06 06:52:00 UTC 2020 /home/travis/build/icyphy/ptII/ptolemy/domains/continuous/test/auto/SigmaDelta.xml
----------------- Instantiating /home/travis/build/icyphy/ptII/ptolemy/domains/continuous/test/auto/SigmaDelta.xml
2109 ms. Memory: 324608K Free: 167179K (52%)
----------------- Invoking toplevel() on ptolemy.moml.MoMLSimpleApplication@350b8c3f
----------------- Done invoking toplevel() on ptolemy.moml.MoMLSimpleApplication@350b8c3f
reloadAllAccessors: .SigmaDelta

===========================================================================================
----------------- testing Thu Feb 06 06:52:02 UTC 2020 /home/travis/build/icyphy/ptII/ptolemy/domains/continuous/test/auto/SingleRefinement.xml
----------------- Instantiating /home/travis/build/icyphy/ptII/ptolemy/domains/continuous/test/auto/SingleRefinement.xml
359 ms. Memory: 324608K Free: 174902K (54%)
----------------- Invoking toplevel() on ptolemy.moml.MoMLSimpleApplication@7d6822a3
----------------- Done invoking toplevel() on ptolemy.moml.MoMLSimpleApplication@7d6822a3
reloadAllAccessors: .SingleRefinement

===========================================================================================
----------------- testing Thu Feb 06 06:52:02 UTC 2020 /home/travis/build/icyphy/ptII/ptolemy/domains/continuous/test/auto/SinuBouncingBall.xml
----------------- Instantiating /home/travis/build/icyphy/ptII/ptolemy/domains/continuous/test/auto/SinuBouncingBall.xml
762 ms. Memory: 324608K Free: 152489K (47%)
----------------- Invoking toplevel() on ptolemy.moml.MoMLSimpleApplication@3a71bca6
----------------- Done invoking toplevel() on ptolemy.moml.MoMLSimpleApplication@3a71bca6
reloadAllAccessors: .SinuBouncingBall

===========================================================================================
----------------- testing Thu Feb 06 06:52:03 UTC 2020 /home/travis/build/icyphy/ptII/ptolemy/domains/continuous/test/auto/Sinusoid.xml
----------------- Instantiating /home/travis/build/icyphy/ptII/ptolemy/domains/continuous/test/auto/Sinusoid.xml
4 ms. Memory: 324608K Free: 147897K (46%)
----------------- Invoking toplevel() on ptolemy.moml.MoMLSimpleApplication@4829b1bc
----------------- Done invoking toplevel() on ptolemy.moml.MoMLSimpleApplication@4829b1bc
reloadAllAccessors: .Sinusoid

===========================================================================================
----------------- testing Thu Feb 06 06:52:03 UTC 2020 /home/travis/build/icyphy/ptII/ptolemy/domains/continuous/test/auto/SinusoidInNoise.xml
----------------- Instantiating /home/travis/build/icyphy/ptII/ptolemy/domains/continuous/test/auto/SinusoidInNoise.xml
846 ms. Memory: 324608K Free: 204932K (63%)
----------------- Invoking toplevel() on ptolemy.moml.MoMLSimpleApplication@59d4843d
----------------- Done invoking toplevel() on ptolemy.moml.MoMLSimpleApplication@59d4843d
reloadAllAccessors: .SinusoidInNoise

===========================================================================================
----------------- testing Thu Feb 06 06:52:04 UTC 2020 /home/travis/build/icyphy/ptII/ptolemy/domains/continuous/test/auto/SinusoidRK45.xml
----------------- Instantiating /home/travis/build/icyphy/ptII/ptolemy/domains/continuous/test/auto/SinusoidRK45.xml
2 ms. Memory: 324608K Free: 200308K (62%)
----------------- Invoking toplevel() on ptolemy.moml.MoMLSimpleApplication@6b065443
----------------- Done invoking toplevel() on ptolemy.moml.MoMLSimpleApplication@6b065443
reloadAllAccessors: .SinusoidRK45

===========================================================================================
----------------- testing Thu Feb 06 06:52:04 UTC 2020 /home/travis/build/icyphy/ptII/ptolemy/domains/continuous/test/auto/SinusoidWithMultipleImpulses.xml
----------------- Instantiating /home/travis/build/icyphy/ptII/ptolemy/domains/continuous/test/auto/SinusoidWithMultipleImpulses.xml
2 ms. Memory: 324608K Free: 195716K (60%)
----------------- Invoking toplevel() on ptolemy.moml.MoMLSimpleApplication@210bc39f
----------------- Done invoking toplevel() on ptolemy.moml.MoMLSimpleApplication@210bc39f
reloadAllAccessors: .SinusoidWithMultipleImpulses

===========================================================================================
----------------- testing Thu Feb 06 06:52:04 UTC 2020 /home/travis/build/icyphy/ptII/ptolemy/domains/continuous/test/auto/SquareWave.xml
----------------- Instantiating /home/travis/build/icyphy/ptII/ptolemy/domains/continuous/test/auto/SquareWave.xml
153 ms. Memory: 324608K Free: 168068K (52%)
----------------- Invoking toplevel() on ptolemy.moml.MoMLSimpleApplication@73782d99
----------------- Done invoking toplevel() on ptolemy.moml.MoMLSimpleApplication@73782d99
reloadAllAccessors: .SquareWave

===========================================================================================
----------------- testing Thu Feb 06 06:52:04 UTC 2020 /home/travis/build/icyphy/ptII/ptolemy/domains/continuous/test/auto/Starmac.xml
----------------- Instantiating /home/travis/build/icyphy/ptII/ptolemy/domains/continuous/test/auto/Starmac.xml
3041 ms. Memory: 324608K Free: 242991K (75%)
----------------- Invoking toplevel() on ptolemy.moml.MoMLSimpleApplication@2900db93
----------------- Done invoking toplevel() on ptolemy.moml.MoMLSimpleApplication@2900db93
reloadAllAccessors: .Starmac

===========================================================================================
----------------- testing Thu Feb 06 06:52:08 UTC 2020 /home/travis/build/icyphy/ptII/ptolemy/domains/continuous/test/auto/StaticUnits.xml
----------------- Instantiating /home/travis/build/icyphy/ptII/ptolemy/domains/continuous/test/auto/StaticUnits.xml
1994 ms. Memory: 324608K Free: 173685K (54%)
----------------- Invoking toplevel() on ptolemy.moml.MoMLSimpleApplication@704da41e
----------------- Done invoking toplevel() on ptolemy.moml.MoMLSimpleApplication@704da41e
reloadAllAccessors: .StaticUnits

===========================================================================================
----------------- testing Thu Feb 06 06:52:10 UTC 2020 /home/travis/build/icyphy/ptII/ptolemy/domains/continuous/test/auto/StickyMasses.xml
----------------- Instantiating /home/travis/build/icyphy/ptII/ptolemy/domains/continuous/test/auto/StickyMasses.xml
157 ms. Memory: 324608K Free: 124005K (38%)
----------------- Invoking toplevel() on ptolemy.moml.MoMLSimpleApplication@686dc73f
----------------- Done invoking toplevel() on ptolemy.moml.MoMLSimpleApplication@686dc73f
reloadAllAccessors: .StickyMasses

===========================================================================================
----------------- testing Thu Feb 06 06:52:10 UTC 2020 /home/travis/build/icyphy/ptII/ptolemy/domains/continuous/test/auto/StopTime.xml
----------------- Instantiating /home/travis/build/icyphy/ptII/ptolemy/domains/continuous/test/auto/StopTime.xml
54 ms. Memory: 324608K Free: 287957K (89%)
----------------- Invoking toplevel() on ptolemy.moml.MoMLSimpleApplication@3f1a4826
----------------- Done invoking toplevel() on ptolemy.moml.MoMLSimpleApplication@3f1a4826
reloadAllAccessors: .StopTime

===========================================================================================
----------------- testing Thu Feb 06 06:52:10 UTC 2020 /home/travis/build/icyphy/ptII/ptolemy/domains/continuous/test/auto/StopTime2.xml
----------------- Instantiating /home/travis/build/icyphy/ptII/ptolemy/domains/continuous/test/auto/StopTime2.xml
36 ms. Memory: 324608K Free: 265429K (82%)
----------------- Invoking toplevel() on ptolemy.moml.MoMLSimpleApplication@7cd2dae8
----------------- Done invoking toplevel() on ptolemy.moml.MoMLSimpleApplication@7cd2dae8
reloadAllAccessors: .StopTime2

===========================================================================================
----------------- testing Thu Feb 06 06:52:10 UTC 2020 /home/travis/build/icyphy/ptII/ptolemy/domains/continuous/test/auto/Switch.xml
----------------- Instantiating /home/travis/build/icyphy/ptII/ptolemy/domains/continuous/test/auto/Switch.xml
44 ms. Memory: 324608K Free: 240325K (74%)
----------------- Invoking toplevel() on ptolemy.moml.MoMLSimpleApplication@45b20d22
----------------- Done invoking toplevel() on ptolemy.moml.MoMLSimpleApplication@45b20d22
reloadAllAccessors: .Switch

===========================================================================================
----------------- testing Thu Feb 06 06:52:11 UTC 2020 /home/travis/build/icyphy/ptII/ptolemy/domains/continuous/test/auto/Thermostat.xml
----------------- Instantiating /home/travis/build/icyphy/ptII/ptolemy/domains/continuous/test/auto/Thermostat.xml
172 ms. Memory: 324608K Free: 168149K (52%)
----------------- Invoking toplevel() on ptolemy.moml.MoMLSimpleApplication@555ef772
----------------- Done invoking toplevel() on ptolemy.moml.MoMLSimpleApplication@555ef772
reloadAllAccessors: .Thermostat

===========================================================================================
----------------- testing Thu Feb 06 06:52:11 UTC 2020 /home/travis/build/icyphy/ptII/ptolemy/domains/continuous/test/auto/TimeDelay.xml
----------------- Instantiating /home/travis/build/icyphy/ptII/ptolemy/domains/continuous/test/auto/TimeDelay.xml
4 ms. Memory: 324608K Free: 163525K (50%)
----------------- Invoking toplevel() on ptolemy.moml.MoMLSimpleApplication@60e91e12
----------------- Done invoking toplevel() on ptolemy.moml.MoMLSimpleApplication@60e91e12
reloadAllAccessors: .TimeDelay

===========================================================================================
----------------- testing Thu Feb 06 06:52:11 UTC 2020 /home/travis/build/icyphy/ptII/ptolemy/domains/continuous/test/auto/TimeDelay2.xml
----------------- Instantiating /home/travis/build/icyphy/ptII/ptolemy/domains/continuous/test/auto/TimeDelay2.xml
6 ms. Memory: 324608K Free: 153813K (47%)
----------------- Invoking toplevel() on ptolemy.moml.MoMLSimpleApplication@1c01a252
----------------- Done invoking toplevel() on ptolemy.moml.MoMLSimpleApplication@1c01a252
reloadAllAccessors: .TimeDelay2

===========================================================================================
----------------- testing Thu Feb 06 06:52:11 UTC 2020 /home/travis/build/icyphy/ptII/ptolemy/domains/continuous/test/auto/TimeDelay3.xml
----------------- Instantiating /home/travis/build/icyphy/ptII/ptolemy/domains/continuous/test/auto/TimeDelay3.xml
2 ms. Memory: 324608K Free: 149173K (46%)
----------------- Invoking toplevel() on ptolemy.moml.MoMLSimpleApplication@40d29aa9
----------------- Done invoking toplevel() on ptolemy.moml.MoMLSimpleApplication@40d29aa9
reloadAllAccessors: .TimeDelay3

===========================================================================================
----------------- testing Thu Feb 06 06:52:11 UTC 2020 /home/travis/build/icyphy/ptII/ptolemy/domains/continuous/test/auto/TransferAbsentToInside.xml
----------------- Instantiating /home/travis/build/icyphy/ptII/ptolemy/domains/continuous/test/auto/TransferAbsentToInside.xml
23 ms. Memory: 324608K Free: 284369K (88%)
----------------- Invoking toplevel() on ptolemy.moml.MoMLSimpleApplication@29b72ec7
----------------- Done invoking toplevel() on ptolemy.moml.MoMLSimpleApplication@29b72ec7
reloadAllAccessors: .TransferAbsentToInside

===========================================================================================
----------------- testing Thu Feb 06 06:52:11 UTC 2020 /home/travis/build/icyphy/ptII/ptolemy/domains/continuous/test/auto/Transmission.xml
----------------- Instantiating /home/travis/build/icyphy/ptII/ptolemy/domains/continuous/test/auto/Transmission.xml
729 ms. Memory: 324608K Free: 241844K (75%)
----------------- Invoking toplevel() on ptolemy.moml.MoMLSimpleApplication@51186b4e
----------------- Done invoking toplevel() on ptolemy.moml.MoMLSimpleApplication@51186b4e
reloadAllAccessors: .Transmission

===========================================================================================
----------------- testing Thu Feb 06 06:52:12 UTC 2020 /home/travis/build/icyphy/ptII/ptolemy/domains/continuous/test/auto/TriggeredContinuousClock.xml
----------------- Instantiating /home/travis/build/icyphy/ptII/ptolemy/domains/continuous/test/auto/TriggeredContinuousClock.xml
37 ms. Memory: 324608K Free: 212148K (65%)
----------------- Invoking toplevel() on ptolemy.moml.MoMLSimpleApplication@72adc9b9
----------------- Done invoking toplevel() on ptolemy.moml.MoMLSimpleApplication@72adc9b9
reloadAllAccessors: .TriggeredContinuousClock

===========================================================================================
----------------- testing Thu Feb 06 06:52:12 UTC 2020 /home/travis/build/icyphy/ptII/ptolemy/domains/continuous/test/auto/TwoMachineInfiniteBusControl.xml
----------------- Instantiating /home/travis/build/icyphy/ptII/ptolemy/domains/continuous/test/auto/TwoMachineInfiniteBusControl.xml
2637 ms. Memory: 324608K Free: 196775K (61%)
----------------- Invoking toplevel() on ptolemy.moml.MoMLSimpleApplication@722a7c2f
----------------- Done invoking toplevel() on ptolemy.moml.MoMLSimpleApplication@722a7c2f
reloadAllAccessors: .TwoMachineInfiniteBusControl

===========================================================================================
----------------- testing Thu Feb 06 06:52:14 UTC 2020 /home/travis/build/icyphy/ptII/ptolemy/domains/continuous/test/auto/V2V.xml
----------------- Instantiating /home/travis/build/icyphy/ptII/ptolemy/domains/continuous/test/auto/V2V.xml
786 ms. Memory: 324608K Free: 196730K (61%)
----------------- Invoking toplevel() on ptolemy.moml.MoMLSimpleApplication@7cda2e0d
----------------- Done invoking toplevel() on ptolemy.moml.MoMLSimpleApplication@7cda2e0d
reloadAllAccessors: .V2V

===========================================================================================
----------------- testing Thu Feb 06 06:52:15 UTC 2020 /home/travis/build/icyphy/ptII/ptolemy/domains/continuous/test/auto/hierarchicalModalModel.xml
----------------- Instantiating /home/travis/build/icyphy/ptII/ptolemy/domains/continuous/test/auto/hierarchicalModalModel.xml
7 ms. Memory: 324608K Free: 182394K (56%)
----------------- Invoking toplevel() on ptolemy.moml.MoMLSimpleApplication@4955d229
----------------- Done invoking toplevel() on ptolemy.moml.MoMLSimpleApplication@4955d229
reloadAllAccessors: .hierarchicalModalModel

===========================================================================================
----------------- testing Thu Feb 06 06:52:15 UTC 2020 /home/travis/build/icyphy/ptII/ptolemy/domains/continuous/test/auto/hierarchicalModalModel1.xml
----------------- Instantiating /home/travis/build/icyphy/ptII/ptolemy/domains/continuous/test/auto/hierarchicalModalModel1.xml
8 ms. Memory: 324608K Free: 168072K (52%)
----------------- Invoking toplevel() on ptolemy.moml.MoMLSimpleApplication@27d3ee8d
----------------- Done invoking toplevel() on ptolemy.moml.MoMLSimpleApplication@27d3ee8d
reloadAllAccessors: .hierarchicalModalModel1

===========================================================================================
----------------- testing Thu Feb 06 06:52:15 UTC 2020 /home/travis/build/icyphy/ptII/ptolemy/domains/continuous/test/auto/hierarchicalModalModel2.xml
----------------- Instantiating /home/travis/build/icyphy/ptII/ptolemy/domains/continuous/test/auto/hierarchicalModalModel2.xml
7 ms. Memory: 324608K Free: 155770K (48%)
----------------- Invoking toplevel() on ptolemy.moml.MoMLSimpleApplication@4b240f3d
----------------- Done invoking toplevel() on ptolemy.moml.MoMLSimpleApplication@4b240f3d
reloadAllAccessors: .hierarchicalModalModel2

===========================================================================================
----------------- testing Thu Feb 06 06:52:15 UTC 2020 /home/travis/build/icyphy/ptII/ptolemy/domains/continuous/test/auto/hierarchicalModalModel3.xml
----------------- Instantiating /home/travis/build/icyphy/ptII/ptolemy/domains/continuous/test/auto/hierarchicalModalModel3.xml
5 ms. Memory: 324608K Free: 145034K (45%)
----------------- Invoking toplevel() on ptolemy.moml.MoMLSimpleApplication@605eae22
----------------- Done invoking toplevel() on ptolemy.moml.MoMLSimpleApplication@605eae22
reloadAllAccessors: .hierarchicalModalModel3

===========================================================================================
----------------- testing Thu Feb 06 06:52:15 UTC 2020 /home/travis/build/icyphy/ptII/ptolemy/domains/continuous/test/auto/hierarchicalModalModel4.xml
----------------- Instantiating /home/travis/build/icyphy/ptII/ptolemy/domains/continuous/test/auto/hierarchicalModalModel4.xml
4 ms. Memory: 324608K Free: 133256K (41%)
----------------- Invoking toplevel() on ptolemy.moml.MoMLSimpleApplication@220791c3
----------------- Done invoking toplevel() on ptolemy.moml.MoMLSimpleApplication@220791c3
reloadAllAccessors: .hierarchicalModalModel4

===========================================================================================
----------------- testing Thu Feb 06 06:52:15 UTC 2020 /home/travis/build/icyphy/ptII/ptolemy/domains/continuous/test/auto/junk.xml
----------------- Instantiating /home/travis/build/icyphy/ptII/ptolemy/domains/continuous/test/auto/junk.xml
125 ms. Memory: 324608K Free: 295022K (91%)
----------------- Invoking toplevel() on ptolemy.moml.MoMLSimpleApplication@6acd078
----------------- Done invoking toplevel() on ptolemy.moml.MoMLSimpleApplication@6acd078
reloadAllAccessors: .junk
AutoTests.java: About to close Vertx.
AutoTests.java: Vertx closed.
]]></system-out>
  <system-err><![CDATA[Warning: '.HysteresisWithRandomDelay.NonStrictTest3' The test produced only 23 tokens, yet the correctValues parameter was expecting 30 tokens.
Warning: '.IncreasingRatePoisson.NonStrictTest' The test produced only 378 tokens, yet the correctValues parameter was expecting 402 tokens.
Warning: '.Poisson.NonStrictTest' The test produced only 405 tokens, yet the correctValues parameter was expecting 430 tokens.
]]></system-err>
</testsuite>
