<?xml version="1.0" encoding="UTF-8" ?>
<testsuite errors="0" failures="0" hostname="travis-job-c0ccdfc5-cb2d-4094-abd4-4cca050caa0d" name="ptolemy.domains.continuous.test.junit.JUnitTclTest" skipped="0" tests="156" time="83.828" timestamp="2019-07-09T19:53:27">
  <properties>
[...]
</properties>
  <testcase classname="ptolemy.util.test.junit.TclTests" name="[0] ThereAreNoTclTests (RunTclFile)" time="0.009" />
  <testcase classname="ptolemy.util.test.junit.AutoKnownFailedTests" name="[0] ThereAreNoKnowFailedTests (RunModel)" time="0.002" />
  <testcase classname="ptolemy.util.test.junit.AutoNameArchTests" name="[0] ThereAreNoAutoArchTests (RunModel)" time="0.015" />
  <testcase classname="ptolemy.util.test.junit.AutoTests" name="[0] /home/travis/build/icyphy/ptII/ptolemy/domains/continuous/test/auto/BouncingBall.xml (RunModel)" time="3.51" />
  <testcase classname="ptolemy.util.test.junit.AutoTests" name="[1] /home/travis/build/icyphy/ptII/ptolemy/domains/continuous/test/auto/BouncingBallWithoutGR.xml (RunModel)" time="0.903" />
  <testcase classname="ptolemy.util.test.junit.AutoTests" name="[2] /home/travis/build/icyphy/ptII/ptolemy/domains/continuous/test/auto/Brownian.xml (RunModel)" time="0.132" />
  <testcase classname="ptolemy.util.test.junit.AutoTests" name="[3] /home/travis/build/icyphy/ptII/ptolemy/domains/continuous/test/auto/CarTracking.xml (RunModel)" time="4.142" />
  <testcase classname="ptolemy.util.test.junit.AutoTests" name="[4] /home/travis/build/icyphy/ptII/ptolemy/domains/continuous/test/auto/CartPendulum.xml (RunModel)" time="0.581" />
  <testcase classname="ptolemy.util.test.junit.AutoTests" name="[5] /home/travis/build/icyphy/ptII/ptolemy/domains/continuous/test/auto/CausalityInterface10.xml (RunModel)" time="0.063" />
  <testcase classname="ptolemy.util.test.junit.AutoTests" name="[6] /home/travis/build/icyphy/ptII/ptolemy/domains/continuous/test/auto/CausalityInterface11.xml (RunModel)" time="0.028" />
  <testcase classname="ptolemy.util.test.junit.AutoTests" name="[7] /home/travis/build/icyphy/ptII/ptolemy/domains/continuous/test/auto/CausalityInterface12.xml (RunModel)" time="0.037" />
  <testcase classname="ptolemy.util.test.junit.AutoTests" name="[8] /home/travis/build/icyphy/ptII/ptolemy/domains/continuous/test/auto/CausalityInterface13.xml (RunModel)" time="0.041" />
  <testcase classname="ptolemy.util.test.junit.AutoTests" name="[9] /home/travis/build/icyphy/ptII/ptolemy/domains/continuous/test/auto/CausalityInterface14.xml (RunModel)" time="0.027" />
  <testcase classname="ptolemy.util.test.junit.AutoTests" name="[10] /home/travis/build/icyphy/ptII/ptolemy/domains/continuous/test/auto/CausalityInterface4.xml (RunModel)" time="0.032" />
  <testcase classname="ptolemy.util.test.junit.AutoTests" name="[11] /home/travis/build/icyphy/ptII/ptolemy/domains/continuous/test/auto/CausalityInterface5.xml (RunModel)" time="0.042" />
  <testcase classname="ptolemy.util.test.junit.AutoTests" name="[12] /home/travis/build/icyphy/ptII/ptolemy/domains/continuous/test/auto/CausalityInterface6.xml (RunModel)" time="0.025" />
  <testcase classname="ptolemy.util.test.junit.AutoTests" name="[13] /home/travis/build/icyphy/ptII/ptolemy/domains/continuous/test/auto/CausalityInterface7.xml (RunModel)" time="0.043" />
  <testcase classname="ptolemy.util.test.junit.AutoTests" name="[14] /home/travis/build/icyphy/ptII/ptolemy/domains/continuous/test/auto/CausalityInterface8.xml (RunModel)" time="0.037" />
  <testcase classname="ptolemy.util.test.junit.AutoTests" name="[15] /home/travis/build/icyphy/ptII/ptolemy/domains/continuous/test/auto/CausalityInterface9.xml (RunModel)" time="0.048" />
  <testcase classname="ptolemy.util.test.junit.AutoTests" name="[16] /home/travis/build/icyphy/ptII/ptolemy/domains/continuous/test/auto/CausalityInterfaceFeedback1.xml (RunModel)" time="0.026" />
  <testcase classname="ptolemy.util.test.junit.AutoTests" name="[17] /home/travis/build/icyphy/ptII/ptolemy/domains/continuous/test/auto/CausalityInterfaceFeedback2.xml (RunModel)" time="0.035" />
  <testcase classname="ptolemy.util.test.junit.AutoTests" name="[18] /home/travis/build/icyphy/ptII/ptolemy/domains/continuous/test/auto/CompareWithCurrentTime.xml (RunModel)" time="0.022" />
  <testcase classname="ptolemy.util.test.junit.AutoTests" name="[19] /home/travis/build/icyphy/ptII/ptolemy/domains/continuous/test/auto/ComparedClocks.xml (RunModel)" time="0.078" />
  <testcase classname="ptolemy.util.test.junit.AutoTests" name="[20] /home/travis/build/icyphy/ptII/ptolemy/domains/continuous/test/auto/ContinuousAOCClone.xml (RunModel)" time="2.8" />
  <testcase classname="ptolemy.util.test.junit.AutoTests" name="[21] /home/travis/build/icyphy/ptII/ptolemy/domains/continuous/test/auto/ContinuousClock.xml (RunModel)" time="0.102" />
  <testcase classname="ptolemy.util.test.junit.AutoTests" name="[22] /home/travis/build/icyphy/ptII/ptolemy/domains/continuous/test/auto/ContinuousInContinuous.xml (RunModel)" time="0.081" />
  <testcase classname="ptolemy.util.test.junit.AutoTests" name="[23] /home/travis/build/icyphy/ptII/ptolemy/domains/continuous/test/auto/ContinuousInContinuousInContinuous.xml (RunModel)" time="0.021" />
  <testcase classname="ptolemy.util.test.junit.AutoTests" name="[24] /home/travis/build/icyphy/ptII/ptolemy/domains/continuous/test/auto/ContinuousInDE.xml (RunModel)" time="0.133" />
  <testcase classname="ptolemy.util.test.junit.AutoTests" name="[25] /home/travis/build/icyphy/ptII/ptolemy/domains/continuous/test/auto/ContinuousInDE2.xml (RunModel)" time="0.059" />
  <testcase classname="ptolemy.util.test.junit.AutoTests" name="[26] /home/travis/build/icyphy/ptII/ptolemy/domains/continuous/test/auto/ContinuousInDE3.xml (RunModel)" time="0.06" />
  <testcase classname="ptolemy.util.test.junit.AutoTests" name="[27] /home/travis/build/icyphy/ptII/ptolemy/domains/continuous/test/auto/ContinuousInDE4.xml (RunModel)" time="0.035" />
  <testcase classname="ptolemy.util.test.junit.AutoTests" name="[28] /home/travis/build/icyphy/ptII/ptolemy/domains/continuous/test/auto/ContinuousInDEDifferentRefinements.xml (RunModel)" time="0.114" />
  <testcase classname="ptolemy.util.test.junit.AutoTests" name="[29] /home/travis/build/icyphy/ptII/ptolemy/domains/continuous/test/auto/ContinuousInDEDifferentRefinementsPreemptive.xml (RunModel)" time="0.089" />
  <testcase classname="ptolemy.util.test.junit.AutoTests" name="[30] /home/travis/build/icyphy/ptII/ptolemy/domains/continuous/test/auto/ContinuousInDEInContinuous2.xml (RunModel)" time="0.062" />
  <testcase classname="ptolemy.util.test.junit.AutoTests" name="[31] /home/travis/build/icyphy/ptII/ptolemy/domains/continuous/test/auto/ContinuousInDEInContinuous3.xml (RunModel)" time="0.06" />
  <testcase classname="ptolemy.util.test.junit.AutoTests" name="[32] /home/travis/build/icyphy/ptII/ptolemy/domains/continuous/test/auto/ContinuousInDEInput.xml (RunModel)" time="0.034" />
  <testcase classname="ptolemy.util.test.junit.AutoTests" name="[33] /home/travis/build/icyphy/ptII/ptolemy/domains/continuous/test/auto/ContinuousInDEInput2.xml (RunModel)" time="0.038" />
  <testcase classname="ptolemy.util.test.junit.AutoTests" name="[34] /home/travis/build/icyphy/ptII/ptolemy/domains/continuous/test/auto/ContinuousInDEInput3.xml (RunModel)" time="0.027" />
  <testcase classname="ptolemy.util.test.junit.AutoTests" name="[35] /home/travis/build/icyphy/ptII/ptolemy/domains/continuous/test/auto/ContinuousInDESharingRefinement.xml (RunModel)" time="0.186" />
  <testcase classname="ptolemy.util.test.junit.AutoTests" name="[36] /home/travis/build/icyphy/ptII/ptolemy/domains/continuous/test/auto/ContinuousInDEwithNoPorts.xml (RunModel)" time="0.021" />
  <testcase classname="ptolemy.util.test.junit.AutoTests" name="[37] /home/travis/build/icyphy/ptII/ptolemy/domains/continuous/test/auto/ContinuousInsideDE.xml (RunModel)" time="0.08" />
  <testcase classname="ptolemy.util.test.junit.AutoTests" name="[38] /home/travis/build/icyphy/ptII/ptolemy/domains/continuous/test/auto/ContinuousMerge1.xml (RunModel)" time="0.015" />
  <testcase classname="ptolemy.util.test.junit.AutoTests" name="[39] /home/travis/build/icyphy/ptII/ptolemy/domains/continuous/test/auto/ContinuousMerge2.xml (RunModel)" time="0.044" />
  <testcase classname="ptolemy.util.test.junit.AutoTests" name="[40] /home/travis/build/icyphy/ptII/ptolemy/domains/continuous/test/auto/ContinuousMerge3.xml (RunModel)" time="0.072" />
  <testcase classname="ptolemy.util.test.junit.AutoTests" name="[41] /home/travis/build/icyphy/ptII/ptolemy/domains/continuous/test/auto/ContinuousWithinContinuous.xml (RunModel)" time="0.065" />
  <testcase classname="ptolemy.util.test.junit.AutoTests" name="[42] /home/travis/build/icyphy/ptII/ptolemy/domains/continuous/test/auto/ContinuousWithinContinuous2.xml (RunModel)" time="0.088" />
  <testcase classname="ptolemy.util.test.junit.AutoTests" name="[43] /home/travis/build/icyphy/ptII/ptolemy/domains/continuous/test/auto/ContinuousWithinContinuous3.xml (RunModel)" time="0.036" />
  <testcase classname="ptolemy.util.test.junit.AutoTests" name="[44] /home/travis/build/icyphy/ptII/ptolemy/domains/continuous/test/auto/ContinuousWithinContinuous4.xml (RunModel)" time="0.099" />
  <testcase classname="ptolemy.util.test.junit.AutoTests" name="[45] /home/travis/build/icyphy/ptII/ptolemy/domains/continuous/test/auto/ContinuousWithinContinuous5.xml (RunModel)" time="0.032" />
  <testcase classname="ptolemy.util.test.junit.AutoTests" name="[46] /home/travis/build/icyphy/ptII/ptolemy/domains/continuous/test/auto/ContinuousWithinContinuous6.xml (RunModel)" time="0.031" />
  <testcase classname="ptolemy.util.test.junit.AutoTests" name="[47] /home/travis/build/icyphy/ptII/ptolemy/domains/continuous/test/auto/ContinuousWithinContinuous7.xml (RunModel)" time="0.082" />
  <testcase classname="ptolemy.util.test.junit.AutoTests" name="[48] /home/travis/build/icyphy/ptII/ptolemy/domains/continuous/test/auto/DCMotor.xml (RunModel)" time="15.894" />
  <testcase classname="ptolemy.util.test.junit.AutoTests" name="[49] /home/travis/build/icyphy/ptII/ptolemy/domains/continuous/test/auto/DEInContinuous.xml (RunModel)" time="0.02" />
  <testcase classname="ptolemy.util.test.junit.AutoTests" name="[50] /home/travis/build/icyphy/ptII/ptolemy/domains/continuous/test/auto/DEinContinuous2.xml (RunModel)" time="0.029" />
  <testcase classname="ptolemy.util.test.junit.AutoTests" name="[51] /home/travis/build/icyphy/ptII/ptolemy/domains/continuous/test/auto/Derivative.xml (RunModel)" time="0.207" />
  <testcase classname="ptolemy.util.test.junit.AutoTests" name="[52] /home/travis/build/icyphy/ptII/ptolemy/domains/continuous/test/auto/Derivative1.xml (RunModel)" time="0.044" />
  <testcase classname="ptolemy.util.test.junit.AutoTests" name="[53] /home/travis/build/icyphy/ptII/ptolemy/domains/continuous/test/auto/DiscreteClock.xml (RunModel)" time="0.014" />
  <testcase classname="ptolemy.util.test.junit.AutoTests" name="[54] /home/travis/build/icyphy/ptII/ptolemy/domains/continuous/test/auto/EfficiencyCurve.xml (RunModel)" time="0.098" />
  <testcase classname="ptolemy.util.test.junit.AutoTests" name="[55] /home/travis/build/icyphy/ptII/ptolemy/domains/continuous/test/auto/ExponentialResponse.xml (RunModel)" time="0.125" />
  <testcase classname="ptolemy.util.test.junit.AutoTests" name="[56] /home/travis/build/icyphy/ptII/ptolemy/domains/continuous/test/auto/ExponentialResponseRK45.xml (RunModel)" time="0.043" />
  <testcase classname="ptolemy.util.test.junit.AutoTests" name="[57] /home/travis/build/icyphy/ptII/ptolemy/domains/continuous/test/auto/Friction.xml (RunModel)" time="1.65" />
  <testcase classname="ptolemy.util.test.junit.AutoTests" name="[58] /home/travis/build/icyphy/ptII/ptolemy/domains/continuous/test/auto/FurutaPendulum.xml (RunModel)" time="3.741" />
  <testcase classname="ptolemy.util.test.junit.AutoTests" name="[59] /home/travis/build/icyphy/ptII/ptolemy/domains/continuous/test/auto/HierarchicalExecution.xml (RunModel)" time="3.117" />
  <testcase classname="ptolemy.util.test.junit.AutoTests" name="[60] /home/travis/build/icyphy/ptII/ptolemy/domains/continuous/test/auto/HybridPlant.xml (RunModel)" time="0.627" />
  <testcase classname="ptolemy.util.test.junit.AutoTests" name="[61] /home/travis/build/icyphy/ptII/ptolemy/domains/continuous/test/auto/Hysteresis.xml (RunModel)" time="0.217" />
  <testcase classname="ptolemy.util.test.junit.AutoTests" name="[62] /home/travis/build/icyphy/ptII/ptolemy/domains/continuous/test/auto/HysteresisWithRandomDelay.xml (RunModel)" time="0.248" />
  <testcase classname="ptolemy.util.test.junit.AutoTests" name="[63] /home/travis/build/icyphy/ptII/ptolemy/domains/continuous/test/auto/HysteresisWithRandomLosses.xml (RunModel)" time="2.723" />
  <testcase classname="ptolemy.util.test.junit.AutoTests" name="[64] /home/travis/build/icyphy/ptII/ptolemy/domains/continuous/test/auto/ImmediateTransitions.xml (RunModel)" time="0.035" />
  <testcase classname="ptolemy.util.test.junit.AutoTests" name="[65] /home/travis/build/icyphy/ptII/ptolemy/domains/continuous/test/auto/ImpulseFeedback.xml (RunModel)" time="0.018" />
  <testcase classname="ptolemy.util.test.junit.AutoTests" name="[66] /home/travis/build/icyphy/ptII/ptolemy/domains/continuous/test/auto/ImpulseFeedback2.xml (RunModel)" time="0.022" />
  <testcase classname="ptolemy.util.test.junit.AutoTests" name="[67] /home/travis/build/icyphy/ptII/ptolemy/domains/continuous/test/auto/IncreasingRatePoisson.xml (RunModel)" time="0.854" />
  <testcase classname="ptolemy.util.test.junit.AutoTests" name="[68] /home/travis/build/icyphy/ptII/ptolemy/domains/continuous/test/auto/InitialStateFeedback.xml (RunModel)" time="0.014" />
  <testcase classname="ptolemy.util.test.junit.AutoTests" name="[69] /home/travis/build/icyphy/ptII/ptolemy/domains/continuous/test/auto/Integration.xml (RunModel)" time="0.016" />
  <testcase classname="ptolemy.util.test.junit.AutoTests" name="[70] /home/travis/build/icyphy/ptII/ptolemy/domains/continuous/test/auto/Integration2.xml (RunModel)" time="0.106" />
  <testcase classname="ptolemy.util.test.junit.AutoTests" name="[71] /home/travis/build/icyphy/ptII/ptolemy/domains/continuous/test/auto/Integration3.xml (RunModel)" time="0.012" />
  <testcase classname="ptolemy.util.test.junit.AutoTests" name="[72] /home/travis/build/icyphy/ptII/ptolemy/domains/continuous/test/auto/Integration5.xml (RunModel)" time="0.028" />
  <testcase classname="ptolemy.util.test.junit.AutoTests" name="[73] /home/travis/build/icyphy/ptII/ptolemy/domains/continuous/test/auto/IntegratorImpulse.xml (RunModel)" time="0.011" />
  <testcase classname="ptolemy.util.test.junit.AutoTests" name="[74] /home/travis/build/icyphy/ptII/ptolemy/domains/continuous/test/auto/IntegratorImpulse2.xml (RunModel)" time="0.017" />
  <testcase classname="ptolemy.util.test.junit.AutoTests" name="[75] /home/travis/build/icyphy/ptII/ptolemy/domains/continuous/test/auto/LevelCrossing1.xml (RunModel)" time="0.018" />
  <testcase classname="ptolemy.util.test.junit.AutoTests" name="[76] /home/travis/build/icyphy/ptII/ptolemy/domains/continuous/test/auto/LevelCrossing2.xml (RunModel)" time="0.018" />
  <testcase classname="ptolemy.util.test.junit.AutoTests" name="[77] /home/travis/build/icyphy/ptII/ptolemy/domains/continuous/test/auto/LevelCrossing3.xml (RunModel)" time="0.014" />
  <testcase classname="ptolemy.util.test.junit.AutoTests" name="[78] /home/travis/build/icyphy/ptII/ptolemy/domains/continuous/test/auto/LevelCrossing4.xml (RunModel)" time="0.014" />
  <testcase classname="ptolemy.util.test.junit.AutoTests" name="[79] /home/travis/build/icyphy/ptII/ptolemy/domains/continuous/test/auto/LevelCrossing5.xml (RunModel)" time="0.013" />
  <testcase classname="ptolemy.util.test.junit.AutoTests" name="[80] /home/travis/build/icyphy/ptII/ptolemy/domains/continuous/test/auto/LevelCrossing6.xml (RunModel)" time="0.013" />
  <testcase classname="ptolemy.util.test.junit.AutoTests" name="[81] /home/travis/build/icyphy/ptII/ptolemy/domains/continuous/test/auto/LevelCrossingDetector.xml (RunModel)" time="0.052" />
  <testcase classname="ptolemy.util.test.junit.AutoTests" name="[82] /home/travis/build/icyphy/ptII/ptolemy/domains/continuous/test/auto/LevelCrossingDetectorDetectingDirections.xml (RunModel)" time="0.091" />
  <testcase classname="ptolemy.util.test.junit.AutoTests" name="[83] /home/travis/build/icyphy/ptII/ptolemy/domains/continuous/test/auto/LevelCrossingDetectorDetectsGlitches.xml (RunModel)" time="0.074" />
  <testcase classname="ptolemy.util.test.junit.AutoTests" name="[84] /home/travis/build/icyphy/ptII/ptolemy/domains/continuous/test/auto/LevelCrossingNoInitialOuput.xml (RunModel)" time="0.015" />
  <testcase classname="ptolemy.util.test.junit.AutoTests" name="[85] /home/travis/build/icyphy/ptII/ptolemy/domains/continuous/test/auto/LinearStateSpaceExample.xml (RunModel)" time="0.049" />
  <testcase classname="ptolemy.util.test.junit.AutoTests" name="[86] /home/travis/build/icyphy/ptII/ptolemy/domains/continuous/test/auto/Lorenz.xml (RunModel)" time="5.076" />
  <testcase classname="ptolemy.util.test.junit.AutoTests" name="[87] /home/travis/build/icyphy/ptII/ptolemy/domains/continuous/test/auto/LorenzDifferentialSystem.xml (RunModel)" time="1.321" />
  <testcase classname="ptolemy.util.test.junit.AutoTests" name="[88] /home/travis/build/icyphy/ptII/ptolemy/domains/continuous/test/auto/LorenzDifferentialSystemWithInput.xml (RunModel)" time="1.581" />
  <testcase classname="ptolemy.util.test.junit.AutoTests" name="[89] /home/travis/build/icyphy/ptII/ptolemy/domains/continuous/test/auto/LorenzDifferentialSystemWithTime.xml (RunModel)" time="0.749" />
  <testcase classname="ptolemy.util.test.junit.AutoTests" name="[90] /home/travis/build/icyphy/ptII/ptolemy/domains/continuous/test/auto/Microsteps.xml (RunModel)" time="0.02" />
  <testcase classname="ptolemy.util.test.junit.AutoTests" name="[91] /home/travis/build/icyphy/ptII/ptolemy/domains/continuous/test/auto/Modal1.xml (RunModel)" time="0.057" />
  <testcase classname="ptolemy.util.test.junit.AutoTests" name="[92] /home/travis/build/icyphy/ptII/ptolemy/domains/continuous/test/auto/Modal2.xml (RunModel)" time="0.057" />
  <testcase classname="ptolemy.util.test.junit.AutoTests" name="[93] /home/travis/build/icyphy/ptII/ptolemy/domains/continuous/test/auto/ModalTransitionGuardWithReset.xml (RunModel)" time="0.026" />
  <testcase classname="ptolemy.util.test.junit.AutoTests" name="[94] /home/travis/build/icyphy/ptII/ptolemy/domains/continuous/test/auto/ModalTransitionGuardWithResetUsingPreemptiveTransition.xml (RunModel)" time="0.028" />
  <testcase classname="ptolemy.util.test.junit.AutoTests" name="[95] /home/travis/build/icyphy/ptII/ptolemy/domains/continuous/test/auto/ModalTransitionGuardWithResetUsingPreemptiveTransition2.xml (RunModel)" time="0.028" />
  <testcase classname="ptolemy.util.test.junit.AutoTests" name="[96] /home/travis/build/icyphy/ptII/ptolemy/domains/continuous/test/auto/ModalTransitionGuardWithResetUsingPreemptiveTransition3.xml (RunModel)" time="0.029" />
  <testcase classname="ptolemy.util.test.junit.AutoTests" name="[97] /home/travis/build/icyphy/ptII/ptolemy/domains/continuous/test/auto/NewtonsCradle.xml (RunModel)" time="0.85" />
  <testcase classname="ptolemy.util.test.junit.AutoTests" name="[98] /home/travis/build/icyphy/ptII/ptolemy/domains/continuous/test/auto/NewtonsCradleAnimated.xml (RunModel)" time="1.394" />
  <testcase classname="ptolemy.util.test.junit.AutoTests" name="[99] /home/travis/build/icyphy/ptII/ptolemy/domains/continuous/test/auto/NewtonsCradleComplicated.xml (RunModel)" time="1.104" />
  <testcase classname="ptolemy.util.test.junit.AutoTests" name="[100] /home/travis/build/icyphy/ptII/ptolemy/domains/continuous/test/auto/NewtonsCradleNondeterministic.xml (RunModel)" time="0.768" />
  <testcase classname="ptolemy.util.test.junit.AutoTests" name="[101] /home/travis/build/icyphy/ptII/ptolemy/domains/continuous/test/auto/NewtonsCradlePerfectlyInelastic1.xml (RunModel)" time="1.366" />
  <testcase classname="ptolemy.util.test.junit.AutoTests" name="[102] /home/travis/build/icyphy/ptII/ptolemy/domains/continuous/test/auto/Noise.xml (RunModel)" time="0.199" />
  <testcase classname="ptolemy.util.test.junit.AutoTests" name="[103] /home/travis/build/icyphy/ptII/ptolemy/domains/continuous/test/auto/NoiseSpectrum.xml (RunModel)" time="0.873" />
  <testcase classname="ptolemy.util.test.junit.AutoTests" name="[104] /home/travis/build/icyphy/ptII/ptolemy/domains/continuous/test/auto/ParameterizedNewtonsCradleAnimated.xml (RunModel)" time="0.405" />
  <testcase classname="ptolemy.util.test.junit.AutoTests" name="[105] /home/travis/build/icyphy/ptII/ptolemy/domains/continuous/test/auto/ParameterizedNewtonsCradleAnimatedNondeterministic.xml (RunModel)" time="1.269" />
  <testcase classname="ptolemy.util.test.junit.AutoTests" name="[106] /home/travis/build/icyphy/ptII/ptolemy/domains/continuous/test/auto/Pendulum3D.xml (RunModel)" time="0.186" />
  <testcase classname="ptolemy.util.test.junit.AutoTests" name="[107] /home/travis/build/icyphy/ptII/ptolemy/domains/continuous/test/auto/PeriodicSampler.xml (RunModel)" time="0.013" />
  <testcase classname="ptolemy.util.test.junit.AutoTests" name="[108] /home/travis/build/icyphy/ptII/ptolemy/domains/continuous/test/auto/PeriodicSampler1.xml (RunModel)" time="0.042" />
  <testcase classname="ptolemy.util.test.junit.AutoTests" name="[109] /home/travis/build/icyphy/ptII/ptolemy/domains/continuous/test/auto/PeriodicSampler2.xml (RunModel)" time="0.083" />
  <testcase classname="ptolemy.util.test.junit.AutoTests" name="[110] /home/travis/build/icyphy/ptII/ptolemy/domains/continuous/test/auto/Poisson.xml (RunModel)" time="0.494" />
  <testcase classname="ptolemy.util.test.junit.AutoTests" name="[111] /home/travis/build/icyphy/ptII/ptolemy/domains/continuous/test/auto/PoissonClock.xml (RunModel)" time="0.014" />
  <testcase classname="ptolemy.util.test.junit.AutoTests" name="[112] /home/travis/build/icyphy/ptII/ptolemy/domains/continuous/test/auto/PoissonClock2.xml (RunModel)" time="0.018" />
  <testcase classname="ptolemy.util.test.junit.AutoTests" name="[113] /home/travis/build/icyphy/ptII/ptolemy/domains/continuous/test/auto/PortParameterHierarchy.xml (RunModel)" time="0.03" />
  <testcase classname="ptolemy.util.test.junit.AutoTests" name="[114] /home/travis/build/icyphy/ptII/ptolemy/domains/continuous/test/auto/RandomHybridPlant.xml (RunModel)" time="0.584" />
  <testcase classname="ptolemy.util.test.junit.AutoTests" name="[115] /home/travis/build/icyphy/ptII/ptolemy/domains/continuous/test/auto/ResetTransitionWithStartTime1.xml (RunModel)" time="0.04" />
  <testcase classname="ptolemy.util.test.junit.AutoTests" name="[116] /home/travis/build/icyphy/ptII/ptolemy/domains/continuous/test/auto/ResetTransitionWithStartTime2.xml (RunModel)" time="0.042" />
  <testcase classname="ptolemy.util.test.junit.AutoTests" name="[117] /home/travis/build/icyphy/ptII/ptolemy/domains/continuous/test/auto/ResetTransitionWithStartTime3.xml (RunModel)" time="0.043" />
  <testcase classname="ptolemy.util.test.junit.AutoTests" name="[118] /home/travis/build/icyphy/ptII/ptolemy/domains/continuous/test/auto/ResetTransitionWithStartTime4.xml (RunModel)" time="0.034" />
  <testcase classname="ptolemy.util.test.junit.AutoTests" name="[119] /home/travis/build/icyphy/ptII/ptolemy/domains/continuous/test/auto/ResetTransitionWithStartTime5.xml (RunModel)" time="0.038" />
  <testcase classname="ptolemy.util.test.junit.AutoTests" name="[120] /home/travis/build/icyphy/ptII/ptolemy/domains/continuous/test/auto/ResetTransitionWithStartTime6.xml (RunModel)" time="0.025" />
  <testcase classname="ptolemy.util.test.junit.AutoTests" name="[121] /home/travis/build/icyphy/ptII/ptolemy/domains/continuous/test/auto/SRinContinuous.xml (RunModel)" time="0.024" />
  <testcase classname="ptolemy.util.test.junit.AutoTests" name="[122] /home/travis/build/icyphy/ptII/ptolemy/domains/continuous/test/auto/SampledClocks.xml (RunModel)" time="0.034" />
  <testcase classname="ptolemy.util.test.junit.AutoTests" name="[123] /home/travis/build/icyphy/ptII/ptolemy/domains/continuous/test/auto/Satellite.xml (RunModel)" time="0.965" />
  <testcase classname="ptolemy.util.test.junit.AutoTests" name="[124] /home/travis/build/icyphy/ptII/ptolemy/domains/continuous/test/auto/SigmaDelta.xml (RunModel)" time="2.708" />
  <testcase classname="ptolemy.util.test.junit.AutoTests" name="[125] /home/travis/build/icyphy/ptII/ptolemy/domains/continuous/test/auto/SingleRefinement.xml (RunModel)" time="0.459" />
  <testcase classname="ptolemy.util.test.junit.AutoTests" name="[126] /home/travis/build/icyphy/ptII/ptolemy/domains/continuous/test/auto/SinuBouncingBall.xml (RunModel)" time="0.949" />
  <testcase classname="ptolemy.util.test.junit.AutoTests" name="[127] /home/travis/build/icyphy/ptII/ptolemy/domains/continuous/test/auto/Sinusoid.xml (RunModel)" time="0.019" />
  <testcase classname="ptolemy.util.test.junit.AutoTests" name="[128] /home/travis/build/icyphy/ptII/ptolemy/domains/continuous/test/auto/SinusoidInNoise.xml (RunModel)" time="1.119" />
  <testcase classname="ptolemy.util.test.junit.AutoTests" name="[129] /home/travis/build/icyphy/ptII/ptolemy/domains/continuous/test/auto/SinusoidRK45.xml (RunModel)" time="0.01" />
  <testcase classname="ptolemy.util.test.junit.AutoTests" name="[130] /home/travis/build/icyphy/ptII/ptolemy/domains/continuous/test/auto/SinusoidWithMultipleImpulses.xml (RunModel)" time="0.015" />
  <testcase classname="ptolemy.util.test.junit.AutoTests" name="[131] /home/travis/build/icyphy/ptII/ptolemy/domains/continuous/test/auto/SquareWave.xml (RunModel)" time="0.196" />
  <testcase classname="ptolemy.util.test.junit.AutoTests" name="[132] /home/travis/build/icyphy/ptII/ptolemy/domains/continuous/test/auto/Starmac.xml (RunModel)" time="3.38" />
  <testcase classname="ptolemy.util.test.junit.AutoTests" name="[133] /home/travis/build/icyphy/ptII/ptolemy/domains/continuous/test/auto/StaticUnits.xml (RunModel)" time="2.728" />
  <testcase classname="ptolemy.util.test.junit.AutoTests" name="[134] /home/travis/build/icyphy/ptII/ptolemy/domains/continuous/test/auto/StickyMasses.xml (RunModel)" time="0.21" />
  <testcase classname="ptolemy.util.test.junit.AutoTests" name="[135] /home/travis/build/icyphy/ptII/ptolemy/domains/continuous/test/auto/StopTime.xml (RunModel)" time="0.079" />
  <testcase classname="ptolemy.util.test.junit.AutoTests" name="[136] /home/travis/build/icyphy/ptII/ptolemy/domains/continuous/test/auto/StopTime2.xml (RunModel)" time="0.13" />
  <testcase classname="ptolemy.util.test.junit.AutoTests" name="[137] /home/travis/build/icyphy/ptII/ptolemy/domains/continuous/test/auto/Switch.xml (RunModel)" time="0.101" />
  <testcase classname="ptolemy.util.test.junit.AutoTests" name="[138] /home/travis/build/icyphy/ptII/ptolemy/domains/continuous/test/auto/Thermostat.xml (RunModel)" time="0.257" />
  <testcase classname="ptolemy.util.test.junit.AutoTests" name="[139] /home/travis/build/icyphy/ptII/ptolemy/domains/continuous/test/auto/TimeDelay.xml (RunModel)" time="0.014" />
  <testcase classname="ptolemy.util.test.junit.AutoTests" name="[140] /home/travis/build/icyphy/ptII/ptolemy/domains/continuous/test/auto/TimeDelay2.xml (RunModel)" time="0.025" />
  <testcase classname="ptolemy.util.test.junit.AutoTests" name="[141] /home/travis/build/icyphy/ptII/ptolemy/domains/continuous/test/auto/TimeDelay3.xml (RunModel)" time="0.01" />
  <testcase classname="ptolemy.util.test.junit.AutoTests" name="[142] /home/travis/build/icyphy/ptII/ptolemy/domains/continuous/test/auto/TransferAbsentToInside.xml (RunModel)" time="0.122" />
  <testcase classname="ptolemy.util.test.junit.AutoTests" name="[143] /home/travis/build/icyphy/ptII/ptolemy/domains/continuous/test/auto/Transmission.xml (RunModel)" time="0.829" />
  <testcase classname="ptolemy.util.test.junit.AutoTests" name="[144] /home/travis/build/icyphy/ptII/ptolemy/domains/continuous/test/auto/TriggeredContinuousClock.xml (RunModel)" time="0.091" />
  <testcase classname="ptolemy.util.test.junit.AutoTests" name="[145] /home/travis/build/icyphy/ptII/ptolemy/domains/continuous/test/auto/TwoMachineInfiniteBusControl.xml (RunModel)" time="3.399" />
  <testcase classname="ptolemy.util.test.junit.AutoTests" name="[146] /home/travis/build/icyphy/ptII/ptolemy/domains/continuous/test/auto/V2V.xml (RunModel)" time="0.909" />
  <testcase classname="ptolemy.util.test.junit.AutoTests" name="[147] /home/travis/build/icyphy/ptII/ptolemy/domains/continuous/test/auto/hierarchicalModalModel.xml (RunModel)" time="0.03" />
  <testcase classname="ptolemy.util.test.junit.AutoTests" name="[148] /home/travis/build/icyphy/ptII/ptolemy/domains/continuous/test/auto/hierarchicalModalModel1.xml (RunModel)" time="0.054" />
  <testcase classname="ptolemy.util.test.junit.AutoTests" name="[149] /home/travis/build/icyphy/ptII/ptolemy/domains/continuous/test/auto/hierarchicalModalModel2.xml (RunModel)" time="0.025" />
  <testcase classname="ptolemy.util.test.junit.AutoTests" name="[150] /home/travis/build/icyphy/ptII/ptolemy/domains/continuous/test/auto/hierarchicalModalModel3.xml (RunModel)" time="0.024" />
  <testcase classname="ptolemy.util.test.junit.AutoTests" name="[151] /home/travis/build/icyphy/ptII/ptolemy/domains/continuous/test/auto/hierarchicalModalModel4.xml (RunModel)" time="0.025" />
  <testcase classname="ptolemy.util.test.junit.AutoTests" name="[152] /home/travis/build/icyphy/ptII/ptolemy/domains/continuous/test/auto/junk.xml (RunModel)" time="0.174" />
  <system-out><![CDATA[No tcl tests in /home/travis/build/icyphy/ptII/ptolemy/domains/continuous/test
No auto/knownFailedTests/*.xml tests in /home/travis/build/icyphy/ptII/ptolemy/domains/continuous/test
No auto/linux-amd64/*.xml tests in /home/travis/build/icyphy/ptII/ptolemy/domains/continuous/test
AutoTests.java: About to close Vertx.
AutoTests.java: Vertx closed.

===========================================================================================
----------------- testing Tue Jul 09 19:53:28 UTC 2019 /home/travis/build/icyphy/ptII/ptolemy/domains/continuous/test/auto/BouncingBall.xml
----------------- Instantiating /home/travis/build/icyphy/ptII/ptolemy/domains/continuous/test/auto/BouncingBall.xml
2751 ms. Memory: 208896K Free: 191537K (92%)
----------------- Invoking toplevel() on ptolemy.moml.MoMLSimpleApplication@5f78030
----------------- Done invoking toplevel() on ptolemy.moml.MoMLSimpleApplication@5f78030
reloadAllAccessors: .BouncingBall

===========================================================================================
----------------- testing Tue Jul 09 19:53:31 UTC 2019 /home/travis/build/icyphy/ptII/ptolemy/domains/continuous/test/auto/BouncingBallWithoutGR.xml
----------------- Instantiating /home/travis/build/icyphy/ptII/ptolemy/domains/continuous/test/auto/BouncingBallWithoutGR.xml
767 ms. Memory: 208896K Free: 134182K (64%)
----------------- Invoking toplevel() on ptolemy.moml.MoMLSimpleApplication@f7ddc7b
----------------- Done invoking toplevel() on ptolemy.moml.MoMLSimpleApplication@f7ddc7b
reloadAllAccessors: .BouncingBallWithoutGR

===========================================================================================
----------------- testing Tue Jul 09 19:53:32 UTC 2019 /home/travis/build/icyphy/ptII/ptolemy/domains/continuous/test/auto/Brownian.xml
----------------- Instantiating /home/travis/build/icyphy/ptII/ptolemy/domains/continuous/test/auto/Brownian.xml
40 ms. Memory: 208896K Free: 124966K (60%)
----------------- Invoking toplevel() on ptolemy.moml.MoMLSimpleApplication@4b6a4b23
----------------- Done invoking toplevel() on ptolemy.moml.MoMLSimpleApplication@4b6a4b23
reloadAllAccessors: .Brownian

===========================================================================================
----------------- testing Tue Jul 09 19:53:32 UTC 2019 /home/travis/build/icyphy/ptII/ptolemy/domains/continuous/test/auto/CarTracking.xml
----------------- Instantiating /home/travis/build/icyphy/ptII/ptolemy/domains/continuous/test/auto/CarTracking.xml
3611 ms. Memory: 304128K Free: 213403K (70%)
----------------- Invoking toplevel() on ptolemy.moml.MoMLSimpleApplication@537c3230
----------------- Done invoking toplevel() on ptolemy.moml.MoMLSimpleApplication@537c3230
reloadAllAccessors: .CarTracking

===========================================================================================
----------------- testing Tue Jul 09 19:53:37 UTC 2019 /home/travis/build/icyphy/ptII/ptolemy/domains/continuous/test/auto/CartPendulum.xml
----------------- Instantiating /home/travis/build/icyphy/ptII/ptolemy/domains/continuous/test/auto/CartPendulum.xml
429 ms. Memory: 304128K Free: 120219K (40%)
----------------- Invoking toplevel() on ptolemy.moml.MoMLSimpleApplication@2647e0b0
----------------- Done invoking toplevel() on ptolemy.moml.MoMLSimpleApplication@2647e0b0
reloadAllAccessors: .CartPendulum

===========================================================================================
----------------- testing Tue Jul 09 19:53:37 UTC 2019 /home/travis/build/icyphy/ptII/ptolemy/domains/continuous/test/auto/CausalityInterface10.xml
----------------- Instantiating /home/travis/build/icyphy/ptII/ptolemy/domains/continuous/test/auto/CausalityInterface10.xml
9 ms. Memory: 304128K Free: 288770K (95%)
----------------- Invoking toplevel() on ptolemy.moml.MoMLSimpleApplication@709d78af
----------------- Done invoking toplevel() on ptolemy.moml.MoMLSimpleApplication@709d78af
reloadAllAccessors: .CausalityInterface10

===========================================================================================
----------------- testing Tue Jul 09 19:53:37 UTC 2019 /home/travis/build/icyphy/ptII/ptolemy/domains/continuous/test/auto/CausalityInterface11.xml
----------------- Instantiating /home/travis/build/icyphy/ptII/ptolemy/domains/continuous/test/auto/CausalityInterface11.xml
7 ms. Memory: 304128K Free: 282612K (93%)
----------------- Invoking toplevel() on ptolemy.moml.MoMLSimpleApplication@44f81948
----------------- Done invoking toplevel() on ptolemy.moml.MoMLSimpleApplication@44f81948
reloadAllAccessors: .CausalityInterface11

===========================================================================================
----------------- testing Tue Jul 09 19:53:37 UTC 2019 /home/travis/build/icyphy/ptII/ptolemy/domains/continuous/test/auto/CausalityInterface12.xml
----------------- Instantiating /home/travis/build/icyphy/ptII/ptolemy/domains/continuous/test/auto/CausalityInterface12.xml
10 ms. Memory: 304128K Free: 276468K (91%)
----------------- Invoking toplevel() on ptolemy.moml.MoMLSimpleApplication@75a8391c
----------------- Done invoking toplevel() on ptolemy.moml.MoMLSimpleApplication@75a8391c
reloadAllAccessors: .CausalityInterface12

===========================================================================================
----------------- testing Tue Jul 09 19:53:37 UTC 2019 /home/travis/build/icyphy/ptII/ptolemy/domains/continuous/test/auto/CausalityInterface13.xml
----------------- Instantiating /home/travis/build/icyphy/ptII/ptolemy/domains/continuous/test/auto/CausalityInterface13.xml
7 ms. Memory: 304128K Free: 270338K (89%)
----------------- Invoking toplevel() on ptolemy.moml.MoMLSimpleApplication@9edd4af
----------------- Done invoking toplevel() on ptolemy.moml.MoMLSimpleApplication@9edd4af
reloadAllAccessors: .CausalityInterface13

===========================================================================================
----------------- testing Tue Jul 09 19:53:37 UTC 2019 /home/travis/build/icyphy/ptII/ptolemy/domains/continuous/test/auto/CausalityInterface14.xml
----------------- Instantiating /home/travis/build/icyphy/ptII/ptolemy/domains/continuous/test/auto/CausalityInterface14.xml
4 ms. Memory: 304128K Free: 264708K (87%)
----------------- Invoking toplevel() on ptolemy.moml.MoMLSimpleApplication@1c505d11
----------------- Done invoking toplevel() on ptolemy.moml.MoMLSimpleApplication@1c505d11
reloadAllAccessors: .CausalityInterface14

===========================================================================================
----------------- testing Tue Jul 09 19:53:37 UTC 2019 /home/travis/build/icyphy/ptII/ptolemy/domains/continuous/test/auto/CausalityInterface4.xml
----------------- Instantiating /home/travis/build/icyphy/ptII/ptolemy/domains/continuous/test/auto/CausalityInterface4.xml
6 ms. Memory: 304128K Free: 257540K (85%)
----------------- Invoking toplevel() on ptolemy.moml.MoMLSimpleApplication@4a96718b
----------------- Done invoking toplevel() on ptolemy.moml.MoMLSimpleApplication@4a96718b
reloadAllAccessors: .CausalityInterface4

===========================================================================================
----------------- testing Tue Jul 09 19:53:37 UTC 2019 /home/travis/build/icyphy/ptII/ptolemy/domains/continuous/test/auto/CausalityInterface5.xml
----------------- Instantiating /home/travis/build/icyphy/ptII/ptolemy/domains/continuous/test/auto/CausalityInterface5.xml
14 ms. Memory: 304128K Free: 249348K (82%)
----------------- Invoking toplevel() on ptolemy.moml.MoMLSimpleApplication@13193d7f
----------------- Done invoking toplevel() on ptolemy.moml.MoMLSimpleApplication@13193d7f
reloadAllAccessors: .CausalityInterface5

===========================================================================================
----------------- testing Tue Jul 09 19:53:37 UTC 2019 /home/travis/build/icyphy/ptII/ptolemy/domains/continuous/test/auto/CausalityInterface6.xml
----------------- Instantiating /home/travis/build/icyphy/ptII/ptolemy/domains/continuous/test/auto/CausalityInterface6.xml
5 ms. Memory: 304128K Free: 243700K (80%)
----------------- Invoking toplevel() on ptolemy.moml.MoMLSimpleApplication@660cf107
----------------- Done invoking toplevel() on ptolemy.moml.MoMLSimpleApplication@660cf107
reloadAllAccessors: .CausalityInterface6

===========================================================================================
----------------- testing Tue Jul 09 19:53:37 UTC 2019 /home/travis/build/icyphy/ptII/ptolemy/domains/continuous/test/auto/CausalityInterface7.xml
----------------- Instantiating /home/travis/build/icyphy/ptII/ptolemy/domains/continuous/test/auto/CausalityInterface7.xml
11 ms. Memory: 304128K Free: 235522K (77%)
----------------- Invoking toplevel() on ptolemy.moml.MoMLSimpleApplication@52d70ad4
----------------- Done invoking toplevel() on ptolemy.moml.MoMLSimpleApplication@52d70ad4
reloadAllAccessors: .CausalityInterface7

===========================================================================================
----------------- testing Tue Jul 09 19:53:37 UTC 2019 /home/travis/build/icyphy/ptII/ptolemy/domains/continuous/test/auto/CausalityInterface8.xml
----------------- Instantiating /home/travis/build/icyphy/ptII/ptolemy/domains/continuous/test/auto/CausalityInterface8.xml
6 ms. Memory: 304128K Free: 226306K (74%)
----------------- Invoking toplevel() on ptolemy.moml.MoMLSimpleApplication@40ad6974
----------------- Done invoking toplevel() on ptolemy.moml.MoMLSimpleApplication@40ad6974
reloadAllAccessors: .CausalityInterface8

===========================================================================================
----------------- testing Tue Jul 09 19:53:38 UTC 2019 /home/travis/build/icyphy/ptII/ptolemy/domains/continuous/test/auto/CausalityInterface9.xml
----------------- Instantiating /home/travis/build/icyphy/ptII/ptolemy/domains/continuous/test/auto/CausalityInterface9.xml
10 ms. Memory: 304128K Free: 215556K (71%)
----------------- Invoking toplevel() on ptolemy.moml.MoMLSimpleApplication@2465aab6
----------------- Done invoking toplevel() on ptolemy.moml.MoMLSimpleApplication@2465aab6
reloadAllAccessors: .CausalityInterface9

===========================================================================================
----------------- testing Tue Jul 09 19:53:38 UTC 2019 /home/travis/build/icyphy/ptII/ptolemy/domains/continuous/test/auto/CausalityInterfaceFeedback1.xml
----------------- Instantiating /home/travis/build/icyphy/ptII/ptolemy/domains/continuous/test/auto/CausalityInterfaceFeedback1.xml
4 ms. Memory: 304128K Free: 208868K (69%)
----------------- Invoking toplevel() on ptolemy.moml.MoMLSimpleApplication@7810d0fc
----------------- Done invoking toplevel() on ptolemy.moml.MoMLSimpleApplication@7810d0fc
reloadAllAccessors: .CausalityInterfaceFeedback1

===========================================================================================
----------------- testing Tue Jul 09 19:53:38 UTC 2019 /home/travis/build/icyphy/ptII/ptolemy/domains/continuous/test/auto/CausalityInterfaceFeedback2.xml
----------------- Instantiating /home/travis/build/icyphy/ptII/ptolemy/domains/continuous/test/auto/CausalityInterfaceFeedback2.xml
5 ms. Memory: 304128K Free: 202244K (66%)
----------------- Invoking toplevel() on ptolemy.moml.MoMLSimpleApplication@522b1916
----------------- Done invoking toplevel() on ptolemy.moml.MoMLSimpleApplication@522b1916
reloadAllAccessors: .CausalityInterfaceFeedback2

===========================================================================================
----------------- testing Tue Jul 09 19:53:38 UTC 2019 /home/travis/build/icyphy/ptII/ptolemy/domains/continuous/test/auto/CompareWithCurrentTime.xml
----------------- Instantiating /home/travis/build/icyphy/ptII/ptolemy/domains/continuous/test/auto/CompareWithCurrentTime.xml
4 ms. Memory: 304128K Free: 198148K (65%)
----------------- Invoking toplevel() on ptolemy.moml.MoMLSimpleApplication@4bf3aa50
----------------- Done invoking toplevel() on ptolemy.moml.MoMLSimpleApplication@4bf3aa50
reloadAllAccessors: .CompareWithCurrentTime

===========================================================================================
----------------- testing Tue Jul 09 19:53:38 UTC 2019 /home/travis/build/icyphy/ptII/ptolemy/domains/continuous/test/auto/ComparedClocks.xml
----------------- Instantiating /home/travis/build/icyphy/ptII/ptolemy/domains/continuous/test/auto/ComparedClocks.xml
6 ms. Memory: 304128K Free: 182788K (60%)
----------------- Invoking toplevel() on ptolemy.moml.MoMLSimpleApplication@39e0dd7a
----------------- Done invoking toplevel() on ptolemy.moml.MoMLSimpleApplication@39e0dd7a
reloadAllAccessors: .ComparedClocks

===========================================================================================
----------------- testing Tue Jul 09 19:53:38 UTC 2019 /home/travis/build/icyphy/ptII/ptolemy/domains/continuous/test/auto/ContinuousAOCClone.xml
----------------- Instantiating /home/travis/build/icyphy/ptII/ptolemy/domains/continuous/test/auto/ContinuousAOCClone.xml
2589 ms. Memory: 365568K Free: 253240K (69%)
----------------- Invoking toplevel() on ptolemy.moml.MoMLSimpleApplication@4ac45fc4
----------------- Done invoking toplevel() on ptolemy.moml.MoMLSimpleApplication@4ac45fc4
reloadAllAccessors: .ContinuousAOCClone

===========================================================================================
----------------- testing Tue Jul 09 19:53:41 UTC 2019 /home/travis/build/icyphy/ptII/ptolemy/domains/continuous/test/auto/ContinuousClock.xml
----------------- Instantiating /home/travis/build/icyphy/ptII/ptolemy/domains/continuous/test/auto/ContinuousClock.xml
28 ms. Memory: 365568K Free: 231721K (63%)
----------------- Invoking toplevel() on ptolemy.moml.MoMLSimpleApplication@437208b4
----------------- Done invoking toplevel() on ptolemy.moml.MoMLSimpleApplication@437208b4
reloadAllAccessors: .ContinuousClock

===========================================================================================
----------------- testing Tue Jul 09 19:53:41 UTC 2019 /home/travis/build/icyphy/ptII/ptolemy/domains/continuous/test/auto/ContinuousInContinuous.xml
----------------- Instantiating /home/travis/build/icyphy/ptII/ptolemy/domains/continuous/test/auto/ContinuousInContinuous.xml
43 ms. Memory: 365568K Free: 208153K (57%)
----------------- Invoking toplevel() on ptolemy.moml.MoMLSimpleApplication@41e623e0
----------------- Done invoking toplevel() on ptolemy.moml.MoMLSimpleApplication@41e623e0
reloadAllAccessors: .ContinuousInContinuous

===========================================================================================
----------------- testing Tue Jul 09 19:53:41 UTC 2019 /home/travis/build/icyphy/ptII/ptolemy/domains/continuous/test/auto/ContinuousInContinuousInContinuous.xml
----------------- Instantiating /home/travis/build/icyphy/ptII/ptolemy/domains/continuous/test/auto/ContinuousInContinuousInContinuous.xml
7 ms. Memory: 365568K Free: 200506K (55%)
----------------- Invoking toplevel() on ptolemy.moml.MoMLSimpleApplication@737ca3bd
----------------- Done invoking toplevel() on ptolemy.moml.MoMLSimpleApplication@737ca3bd
reloadAllAccessors: .ContinuousInContinuousInContinuous

===========================================================================================
----------------- testing Tue Jul 09 19:53:41 UTC 2019 /home/travis/build/icyphy/ptII/ptolemy/domains/continuous/test/auto/ContinuousInDE.xml
----------------- Instantiating /home/travis/build/icyphy/ptII/ptolemy/domains/continuous/test/auto/ContinuousInDE.xml
110 ms. Memory: 365568K Free: 190266K (52%)
----------------- Invoking toplevel() on ptolemy.moml.MoMLSimpleApplication@5f9709b
----------------- Done invoking toplevel() on ptolemy.moml.MoMLSimpleApplication@5f9709b
reloadAllAccessors: .ContinuousInDE

===========================================================================================
----------------- testing Tue Jul 09 19:53:41 UTC 2019 /home/travis/build/icyphy/ptII/ptolemy/domains/continuous/test/auto/ContinuousInDE2.xml
----------------- Instantiating /home/travis/build/icyphy/ptII/ptolemy/domains/continuous/test/auto/ContinuousInDE2.xml
41 ms. Memory: 365568K Free: 181050K (50%)
----------------- Invoking toplevel() on ptolemy.moml.MoMLSimpleApplication@4b293e2c
----------------- Done invoking toplevel() on ptolemy.moml.MoMLSimpleApplication@4b293e2c
reloadAllAccessors: .ContinuousInDE2

===========================================================================================
----------------- testing Tue Jul 09 19:53:41 UTC 2019 /home/travis/build/icyphy/ptII/ptolemy/domains/continuous/test/auto/ContinuousInDE3.xml
----------------- Instantiating /home/travis/build/icyphy/ptII/ptolemy/domains/continuous/test/auto/ContinuousInDE3.xml
39 ms. Memory: 365568K Free: 171320K (47%)
----------------- Invoking toplevel() on ptolemy.moml.MoMLSimpleApplication@33fcfdf9
----------------- Done invoking toplevel() on ptolemy.moml.MoMLSimpleApplication@33fcfdf9
reloadAllAccessors: .ContinuousInDE3

===========================================================================================
----------------- testing Tue Jul 09 19:53:41 UTC 2019 /home/travis/build/icyphy/ptII/ptolemy/domains/continuous/test/auto/ContinuousInDE4.xml
----------------- Instantiating /home/travis/build/icyphy/ptII/ptolemy/domains/continuous/test/auto/ContinuousInDE4.xml
15 ms. Memory: 365568K Free: 165176K (45%)
----------------- Invoking toplevel() on ptolemy.moml.MoMLSimpleApplication@3d8fdc55
----------------- Done invoking toplevel() on ptolemy.moml.MoMLSimpleApplication@3d8fdc55
reloadAllAccessors: .ContinuousInDE4

===========================================================================================
----------------- testing Tue Jul 09 19:53:41 UTC 2019 /home/travis/build/icyphy/ptII/ptolemy/domains/continuous/test/auto/ContinuousInDEDifferentRefinements.xml
----------------- Instantiating /home/travis/build/icyphy/ptII/ptolemy/domains/continuous/test/auto/ContinuousInDEDifferentRefinements.xml
67 ms. Memory: 365568K Free: 351118K (96%)
----------------- Invoking toplevel() on ptolemy.moml.MoMLSimpleApplication@41d27d7
----------------- Done invoking toplevel() on ptolemy.moml.MoMLSimpleApplication@41d27d7
reloadAllAccessors: .ContinuousInDEDifferentRefinements

===========================================================================================
----------------- testing Tue Jul 09 19:53:41 UTC 2019 /home/travis/build/icyphy/ptII/ptolemy/domains/continuous/test/auto/ContinuousInDEDifferentRefinementsPreemptive.xml
----------------- Instantiating /home/travis/build/icyphy/ptII/ptolemy/domains/continuous/test/auto/ContinuousInDEDifferentRefinementsPreemptive.xml
46 ms. Memory: 365568K Free: 320270K (88%)
----------------- Invoking toplevel() on ptolemy.moml.MoMLSimpleApplication@433153d3
----------------- Done invoking toplevel() on ptolemy.moml.MoMLSimpleApplication@433153d3
reloadAllAccessors: .ContinuousInDEDifferentRefinementsPreemptive

===========================================================================================
----------------- testing Tue Jul 09 19:53:41 UTC 2019 /home/travis/build/icyphy/ptII/ptolemy/domains/continuous/test/auto/ContinuousInDEInContinuous2.xml
----------------- Instantiating /home/travis/build/icyphy/ptII/ptolemy/domains/continuous/test/auto/ContinuousInDEInContinuous2.xml
38 ms. Memory: 365568K Free: 309006K (85%)
----------------- Invoking toplevel() on ptolemy.moml.MoMLSimpleApplication@2f10f76
----------------- Done invoking toplevel() on ptolemy.moml.MoMLSimpleApplication@2f10f76
reloadAllAccessors: .ContinuousInDEInContinuous2

===========================================================================================
----------------- testing Tue Jul 09 19:53:41 UTC 2019 /home/travis/build/icyphy/ptII/ptolemy/domains/continuous/test/auto/ContinuousInDEInContinuous3.xml
----------------- Instantiating /home/travis/build/icyphy/ptII/ptolemy/domains/continuous/test/auto/ContinuousInDEInContinuous3.xml
35 ms. Memory: 365568K Free: 297228K (81%)
----------------- Invoking toplevel() on ptolemy.moml.MoMLSimpleApplication@4005cbc3
----------------- Done invoking toplevel() on ptolemy.moml.MoMLSimpleApplication@4005cbc3
reloadAllAccessors: .ContinuousInDEInContinuous3

===========================================================================================
----------------- testing Tue Jul 09 19:53:41 UTC 2019 /home/travis/build/icyphy/ptII/ptolemy/domains/continuous/test/auto/ContinuousInDEInput.xml
----------------- Instantiating /home/travis/build/icyphy/ptII/ptolemy/domains/continuous/test/auto/ContinuousInDEInput.xml
14 ms. Memory: 365568K Free: 289550K (79%)
----------------- Invoking toplevel() on ptolemy.moml.MoMLSimpleApplication@5af5dfcd
----------------- Done invoking toplevel() on ptolemy.moml.MoMLSimpleApplication@5af5dfcd
reloadAllAccessors: .ContinuousInDEInput

===========================================================================================
----------------- testing Tue Jul 09 19:53:41 UTC 2019 /home/travis/build/icyphy/ptII/ptolemy/domains/continuous/test/auto/ContinuousInDEInput2.xml
----------------- Instantiating /home/travis/build/icyphy/ptII/ptolemy/domains/continuous/test/auto/ContinuousInDEInput2.xml
12 ms. Memory: 365568K Free: 282382K (77%)
----------------- Invoking toplevel() on ptolemy.moml.MoMLSimpleApplication@762a114
----------------- Done invoking toplevel() on ptolemy.moml.MoMLSimpleApplication@762a114
reloadAllAccessors: .ContinuousInDEInput2

===========================================================================================
----------------- testing Tue Jul 09 19:53:41 UTC 2019 /home/travis/build/icyphy/ptII/ptolemy/domains/continuous/test/auto/ContinuousInDEInput3.xml
----------------- Instantiating /home/travis/build/icyphy/ptII/ptolemy/domains/continuous/test/auto/ContinuousInDEInput3.xml
12 ms. Memory: 365568K Free: 275214K (75%)
----------------- Invoking toplevel() on ptolemy.moml.MoMLSimpleApplication@3f2e01b1
----------------- Done invoking toplevel() on ptolemy.moml.MoMLSimpleApplication@3f2e01b1
reloadAllAccessors: .ContinuousInDEInput3

===========================================================================================
----------------- testing Tue Jul 09 19:53:41 UTC 2019 /home/travis/build/icyphy/ptII/ptolemy/domains/continuous/test/auto/ContinuousInDESharingRefinement.xml
----------------- Instantiating /home/travis/build/icyphy/ptII/ptolemy/domains/continuous/test/auto/ContinuousInDESharingRefinement.xml
157 ms. Memory: 365568K Free: 181006K (50%)
----------------- Invoking toplevel() on ptolemy.moml.MoMLSimpleApplication@69bbb99f
----------------- Done invoking toplevel() on ptolemy.moml.MoMLSimpleApplication@69bbb99f
reloadAllAccessors: .ContinuousInDESharingRefinement

===========================================================================================
----------------- testing Tue Jul 09 19:53:42 UTC 2019 /home/travis/build/icyphy/ptII/ptolemy/domains/continuous/test/auto/ContinuousInDEwithNoPorts.xml
----------------- Instantiating /home/travis/build/icyphy/ptII/ptolemy/domains/continuous/test/auto/ContinuousInDEwithNoPorts.xml
8 ms. Memory: 365568K Free: 176910K (48%)
----------------- Invoking toplevel() on ptolemy.moml.MoMLSimpleApplication@17c0133e
----------------- Done invoking toplevel() on ptolemy.moml.MoMLSimpleApplication@17c0133e
reloadAllAccessors: .ContinuousInDEwithNoPorts

===========================================================================================
----------------- testing Tue Jul 09 19:53:42 UTC 2019 /home/travis/build/icyphy/ptII/ptolemy/domains/continuous/test/auto/ContinuousInsideDE.xml
----------------- Instantiating /home/travis/build/icyphy/ptII/ptolemy/domains/continuous/test/auto/ContinuousInsideDE.xml
35 ms. Memory: 365568K Free: 165646K (45%)
----------------- Invoking toplevel() on ptolemy.moml.MoMLSimpleApplication@65790ca1
----------------- Done invoking toplevel() on ptolemy.moml.MoMLSimpleApplication@65790ca1
reloadAllAccessors: .ContinuousInsideDE

===========================================================================================
----------------- testing Tue Jul 09 19:53:42 UTC 2019 /home/travis/build/icyphy/ptII/ptolemy/domains/continuous/test/auto/ContinuousMerge1.xml
----------------- Instantiating /home/travis/build/icyphy/ptII/ptolemy/domains/continuous/test/auto/ContinuousMerge1.xml
2 ms. Memory: 365568K Free: 161005K (44%)
----------------- Invoking toplevel() on ptolemy.moml.MoMLSimpleApplication@6d2cf498
----------------- Done invoking toplevel() on ptolemy.moml.MoMLSimpleApplication@6d2cf498
reloadAllAccessors: .ContinuousMerge1

===========================================================================================
----------------- testing Tue Jul 09 19:53:42 UTC 2019 /home/travis/build/icyphy/ptII/ptolemy/domains/continuous/test/auto/ContinuousMerge2.xml
----------------- Instantiating /home/travis/build/icyphy/ptII/ptolemy/domains/continuous/test/auto/ContinuousMerge2.xml
15 ms. Memory: 365568K Free: 150796K (41%)
----------------- Invoking toplevel() on ptolemy.moml.MoMLSimpleApplication@394c1c75
----------------- Done invoking toplevel() on ptolemy.moml.MoMLSimpleApplication@394c1c75
reloadAllAccessors: .ContinuousMerge2

===========================================================================================
----------------- testing Tue Jul 09 19:53:42 UTC 2019 /home/travis/build/icyphy/ptII/ptolemy/domains/continuous/test/auto/ContinuousMerge3.xml
----------------- Instantiating /home/travis/build/icyphy/ptII/ptolemy/domains/continuous/test/auto/ContinuousMerge3.xml
45 ms. Memory: 365568K Free: 140046K (38%)
----------------- Invoking toplevel() on ptolemy.moml.MoMLSimpleApplication@2b2746ed
----------------- Done invoking toplevel() on ptolemy.moml.MoMLSimpleApplication@2b2746ed
reloadAllAccessors: .ContinuousMerge3

===========================================================================================
----------------- testing Tue Jul 09 19:53:42 UTC 2019 /home/travis/build/icyphy/ptII/ptolemy/domains/continuous/test/auto/ContinuousWithinContinuous.xml
----------------- Instantiating /home/travis/build/icyphy/ptII/ptolemy/domains/continuous/test/auto/ContinuousWithinContinuous.xml
46 ms. Memory: 365568K Free: 348114K (95%)
----------------- Invoking toplevel() on ptolemy.moml.MoMLSimpleApplication@57cba097
----------------- Done invoking toplevel() on ptolemy.moml.MoMLSimpleApplication@57cba097
reloadAllAccessors: .ContinuousWithinContinuous

===========================================================================================
----------------- testing Tue Jul 09 19:53:42 UTC 2019 /home/travis/build/icyphy/ptII/ptolemy/domains/continuous/test/auto/ContinuousWithinContinuous2.xml
----------------- Instantiating /home/travis/build/icyphy/ptII/ptolemy/domains/continuous/test/auto/ContinuousWithinContinuous2.xml
75 ms. Memory: 365568K Free: 336850K (92%)
----------------- Invoking toplevel() on ptolemy.moml.MoMLSimpleApplication@14a17fc8
----------------- Done invoking toplevel() on ptolemy.moml.MoMLSimpleApplication@14a17fc8
reloadAllAccessors: .ContinuousWithinContinuous2

===========================================================================================
----------------- testing Tue Jul 09 19:53:42 UTC 2019 /home/travis/build/icyphy/ptII/ptolemy/domains/continuous/test/auto/ContinuousWithinContinuous3.xml
----------------- Instantiating /home/travis/build/icyphy/ptII/ptolemy/domains/continuous/test/auto/ContinuousWithinContinuous3.xml
14 ms. Memory: 365568K Free: 329682K (90%)
----------------- Invoking toplevel() on ptolemy.moml.MoMLSimpleApplication@2d9ab6b4
----------------- Done invoking toplevel() on ptolemy.moml.MoMLSimpleApplication@2d9ab6b4
reloadAllAccessors: .ContinuousWithinContinuous3

===========================================================================================
----------------- testing Tue Jul 09 19:53:42 UTC 2019 /home/travis/build/icyphy/ptII/ptolemy/domains/continuous/test/auto/ContinuousWithinContinuous4.xml
----------------- Instantiating /home/travis/build/icyphy/ptII/ptolemy/domains/continuous/test/auto/ContinuousWithinContinuous4.xml
77 ms. Memory: 365568K Free: 317394K (87%)
----------------- Invoking toplevel() on ptolemy.moml.MoMLSimpleApplication@7f478df0
----------------- Done invoking toplevel() on ptolemy.moml.MoMLSimpleApplication@7f478df0
reloadAllAccessors: .ContinuousWithinContinuous4

===========================================================================================
----------------- testing Tue Jul 09 19:53:42 UTC 2019 /home/travis/build/icyphy/ptII/ptolemy/domains/continuous/test/auto/ContinuousWithinContinuous5.xml
----------------- Instantiating /home/travis/build/icyphy/ptII/ptolemy/domains/continuous/test/auto/ContinuousWithinContinuous5.xml
13 ms. Memory: 365568K Free: 310226K (85%)
----------------- Invoking toplevel() on ptolemy.moml.MoMLSimpleApplication@7aaa152a
----------------- Done invoking toplevel() on ptolemy.moml.MoMLSimpleApplication@7aaa152a
reloadAllAccessors: .ContinuousWithinContinuous5

===========================================================================================
----------------- testing Tue Jul 09 19:53:42 UTC 2019 /home/travis/build/icyphy/ptII/ptolemy/domains/continuous/test/auto/ContinuousWithinContinuous6.xml
----------------- Instantiating /home/travis/build/icyphy/ptII/ptolemy/domains/continuous/test/auto/ContinuousWithinContinuous6.xml
12 ms. Memory: 365568K Free: 303058K (83%)
----------------- Invoking toplevel() on ptolemy.moml.MoMLSimpleApplication@1179329d
----------------- Done invoking toplevel() on ptolemy.moml.MoMLSimpleApplication@1179329d
reloadAllAccessors: .ContinuousWithinContinuous6

===========================================================================================
----------------- testing Tue Jul 09 19:53:42 UTC 2019 /home/travis/build/icyphy/ptII/ptolemy/domains/continuous/test/auto/ContinuousWithinContinuous7.xml
----------------- Instantiating /home/travis/build/icyphy/ptII/ptolemy/domains/continuous/test/auto/ContinuousWithinContinuous7.xml
64 ms. Memory: 365568K Free: 291794K (80%)
----------------- Invoking toplevel() on ptolemy.moml.MoMLSimpleApplication@48d22cc9
----------------- Done invoking toplevel() on ptolemy.moml.MoMLSimpleApplication@48d22cc9
reloadAllAccessors: .ContinuousWithinContinuous7

===========================================================================================
----------------- testing Tue Jul 09 19:53:42 UTC 2019 /home/travis/build/icyphy/ptII/ptolemy/domains/continuous/test/auto/DCMotor.xml
----------------- Instantiating /home/travis/build/icyphy/ptII/ptolemy/domains/continuous/test/auto/DCMotor.xml
15809 ms. Memory: 365568K Free: 227728K (62%)
----------------- Invoking toplevel() on ptolemy.moml.MoMLSimpleApplication@3c5ef56a
----------------- Done invoking toplevel() on ptolemy.moml.MoMLSimpleApplication@3c5ef56a
reloadAllAccessors: .DCMotor

===========================================================================================
----------------- testing Tue Jul 09 19:53:58 UTC 2019 /home/travis/build/icyphy/ptII/ptolemy/domains/continuous/test/auto/DEInContinuous.xml
----------------- Instantiating /home/travis/build/icyphy/ptII/ptolemy/domains/continuous/test/auto/DEInContinuous.xml
11 ms. Memory: 365568K Free: 221584K (61%)
----------------- Invoking toplevel() on ptolemy.moml.MoMLSimpleApplication@12bba3
----------------- Done invoking toplevel() on ptolemy.moml.MoMLSimpleApplication@12bba3
reloadAllAccessors: .DEInContinuous

===========================================================================================
----------------- testing Tue Jul 09 19:53:58 UTC 2019 /home/travis/build/icyphy/ptII/ptolemy/domains/continuous/test/auto/DEinContinuous2.xml
----------------- Instantiating /home/travis/build/icyphy/ptII/ptolemy/domains/continuous/test/auto/DEinContinuous2.xml
7 ms. Memory: 365568K Free: 213906K (59%)
----------------- Invoking toplevel() on ptolemy.moml.MoMLSimpleApplication@d8a2cb6
----------------- Done invoking toplevel() on ptolemy.moml.MoMLSimpleApplication@d8a2cb6
reloadAllAccessors: .DEinContinuous2

===========================================================================================
----------------- testing Tue Jul 09 19:53:58 UTC 2019 /home/travis/build/icyphy/ptII/ptolemy/domains/continuous/test/auto/Derivative.xml
----------------- Instantiating /home/travis/build/icyphy/ptII/ptolemy/domains/continuous/test/auto/Derivative.xml
158 ms. Memory: 365568K Free: 183186K (50%)
----------------- Invoking toplevel() on ptolemy.moml.MoMLSimpleApplication@79cfeeec
----------------- Done invoking toplevel() on ptolemy.moml.MoMLSimpleApplication@79cfeeec
reloadAllAccessors: .Derivative2

===========================================================================================
----------------- testing Tue Jul 09 19:53:59 UTC 2019 /home/travis/build/icyphy/ptII/ptolemy/domains/continuous/test/auto/Derivative1.xml
----------------- Instantiating /home/travis/build/icyphy/ptII/ptolemy/domains/continuous/test/auto/Derivative1.xml
14 ms. Memory: 365568K Free: 168850K (46%)
----------------- Invoking toplevel() on ptolemy.moml.MoMLSimpleApplication@7bceda97
----------------- Done invoking toplevel() on ptolemy.moml.MoMLSimpleApplication@7bceda97
reloadAllAccessors: .Derivative1

===========================================================================================
----------------- testing Tue Jul 09 19:53:59 UTC 2019 /home/travis/build/icyphy/ptII/ptolemy/domains/continuous/test/auto/DiscreteClock.xml
----------------- Instantiating /home/travis/build/icyphy/ptII/ptolemy/domains/continuous/test/auto/DiscreteClock.xml
5 ms. Memory: 365568K Free: 163730K (45%)
----------------- Invoking toplevel() on ptolemy.moml.MoMLSimpleApplication@ae754f9
----------------- Done invoking toplevel() on ptolemy.moml.MoMLSimpleApplication@ae754f9
reloadAllAccessors: .DiscreteClock

===========================================================================================
----------------- testing Tue Jul 09 19:53:59 UTC 2019 /home/travis/build/icyphy/ptII/ptolemy/domains/continuous/test/auto/EfficiencyCurve.xml
----------------- Instantiating /home/travis/build/icyphy/ptII/ptolemy/domains/continuous/test/auto/EfficiencyCurve.xml
58 ms. Memory: 365568K Free: 154514K (42%)
----------------- Invoking toplevel() on ptolemy.moml.MoMLSimpleApplication@5e7301e
----------------- Done invoking toplevel() on ptolemy.moml.MoMLSimpleApplication@5e7301e
reloadAllAccessors: .EfficiencyCurve

===========================================================================================
----------------- testing Tue Jul 09 19:53:59 UTC 2019 /home/travis/build/icyphy/ptII/ptolemy/domains/continuous/test/auto/ExponentialResponse.xml
----------------- Instantiating /home/travis/build/icyphy/ptII/ptolemy/domains/continuous/test/auto/ExponentialResponse.xml
114 ms. Memory: 365568K Free: 138130K (38%)
----------------- Invoking toplevel() on ptolemy.moml.MoMLSimpleApplication@22a39e0
----------------- Done invoking toplevel() on ptolemy.moml.MoMLSimpleApplication@22a39e0
reloadAllAccessors: .ExponentialResponse

===========================================================================================
----------------- testing Tue Jul 09 19:53:59 UTC 2019 /home/travis/build/icyphy/ptII/ptolemy/domains/continuous/test/auto/ExponentialResponseRK45.xml
----------------- Instantiating /home/travis/build/icyphy/ptII/ptolemy/domains/continuous/test/auto/ExponentialResponseRK45.xml
32 ms. Memory: 365568K Free: 349467K (96%)
----------------- Invoking toplevel() on ptolemy.moml.MoMLSimpleApplication@132f68e2
----------------- Done invoking toplevel() on ptolemy.moml.MoMLSimpleApplication@132f68e2
reloadAllAccessors: .ExponentialResponseRK45

===========================================================================================
----------------- testing Tue Jul 09 19:53:59 UTC 2019 /home/travis/build/icyphy/ptII/ptolemy/domains/continuous/test/auto/Friction.xml
----------------- Instantiating /home/travis/build/icyphy/ptII/ptolemy/domains/continuous/test/auto/Friction.xml
1507 ms. Memory: 365568K Free: 134940K (37%)
----------------- Invoking toplevel() on ptolemy.moml.MoMLSimpleApplication@5f06b214
----------------- Done invoking toplevel() on ptolemy.moml.MoMLSimpleApplication@5f06b214
reloadAllAccessors: .Friction

===========================================================================================
----------------- testing Tue Jul 09 19:54:01 UTC 2019 /home/travis/build/icyphy/ptII/ptolemy/domains/continuous/test/auto/FurutaPendulum.xml
----------------- Instantiating /home/travis/build/icyphy/ptII/ptolemy/domains/continuous/test/auto/FurutaPendulum.xml
3583 ms. Memory: 365568K Free: 266175K (73%)
----------------- Invoking toplevel() on ptolemy.moml.MoMLSimpleApplication@5c84085
----------------- Done invoking toplevel() on ptolemy.moml.MoMLSimpleApplication@5c84085
reloadAllAccessors: .FurutaPendulum

===========================================================================================
----------------- testing Tue Jul 09 19:54:04 UTC 2019 /home/travis/build/icyphy/ptII/ptolemy/domains/continuous/test/auto/HierarchicalExecution.xml
----------------- Instantiating /home/travis/build/icyphy/ptII/ptolemy/domains/continuous/test/auto/HierarchicalExecution.xml
2356 ms. Memory: 365568K Free: 176175K (48%)
----------------- Invoking toplevel() on ptolemy.moml.MoMLSimpleApplication@653fe6f
----------------- Done invoking toplevel() on ptolemy.moml.MoMLSimpleApplication@653fe6f
reloadAllAccessors: .HierarchicalExecution

===========================================================================================
----------------- testing Tue Jul 09 19:54:07 UTC 2019 /home/travis/build/icyphy/ptII/ptolemy/domains/continuous/test/auto/HybridPlant.xml
----------------- Instantiating /home/travis/build/icyphy/ptII/ptolemy/domains/continuous/test/auto/HybridPlant.xml
557 ms. Memory: 365568K Free: 346579K (95%)
----------------- Invoking toplevel() on ptolemy.moml.MoMLSimpleApplication@477ff7c6
----------------- Done invoking toplevel() on ptolemy.moml.MoMLSimpleApplication@477ff7c6
reloadAllAccessors: .HybridPlant

===========================================================================================
----------------- testing Tue Jul 09 19:54:08 UTC 2019 /home/travis/build/icyphy/ptII/ptolemy/domains/continuous/test/auto/Hysteresis.xml
----------------- Instantiating /home/travis/build/icyphy/ptII/ptolemy/domains/continuous/test/auto/Hysteresis.xml
160 ms. Memory: 365568K Free: 282595K (77%)
----------------- Invoking toplevel() on ptolemy.moml.MoMLSimpleApplication@1fe39781
----------------- Done invoking toplevel() on ptolemy.moml.MoMLSimpleApplication@1fe39781
reloadAllAccessors: .Hysteresis

===========================================================================================
----------------- testing Tue Jul 09 19:54:08 UTC 2019 /home/travis/build/icyphy/ptII/ptolemy/domains/continuous/test/auto/HysteresisWithRandomDelay.xml
----------------- Instantiating /home/travis/build/icyphy/ptII/ptolemy/domains/continuous/test/auto/HysteresisWithRandomDelay.xml
197 ms. Memory: 365568K Free: 209377K (57%)
----------------- Invoking toplevel() on ptolemy.moml.MoMLSimpleApplication@54b70d07
----------------- Done invoking toplevel() on ptolemy.moml.MoMLSimpleApplication@54b70d07
reloadAllAccessors: .HysteresisWithRandomDelay

===========================================================================================
----------------- testing Tue Jul 09 19:54:08 UTC 2019 /home/travis/build/icyphy/ptII/ptolemy/domains/continuous/test/auto/HysteresisWithRandomLosses.xml
----------------- Instantiating /home/travis/build/icyphy/ptII/ptolemy/domains/continuous/test/auto/HysteresisWithRandomLosses.xml
2647 ms. Memory: 365568K Free: 315556K (86%)
----------------- Invoking toplevel() on ptolemy.moml.MoMLSimpleApplication@3944b937
----------------- Done invoking toplevel() on ptolemy.moml.MoMLSimpleApplication@3944b937
reloadAllAccessors: .HysteresisWithRandomLosses

===========================================================================================
----------------- testing Tue Jul 09 19:54:11 UTC 2019 /home/travis/build/icyphy/ptII/ptolemy/domains/continuous/test/auto/ImmediateTransitions.xml
----------------- Instantiating /home/travis/build/icyphy/ptII/ptolemy/domains/continuous/test/auto/ImmediateTransitions.xml
9 ms. Memory: 365568K Free: 304806K (83%)
----------------- Invoking toplevel() on ptolemy.moml.MoMLSimpleApplication@66001c1e
----------------- Done invoking toplevel() on ptolemy.moml.MoMLSimpleApplication@66001c1e
reloadAllAccessors: .ImmediateTransitions

===========================================================================================
----------------- testing Tue Jul 09 19:54:11 UTC 2019 /home/travis/build/icyphy/ptII/ptolemy/domains/continuous/test/auto/ImpulseFeedback.xml
----------------- Instantiating /home/travis/build/icyphy/ptII/ptolemy/domains/continuous/test/auto/ImpulseFeedback.xml
8 ms. Memory: 365568K Free: 299172K (82%)
----------------- Invoking toplevel() on ptolemy.moml.MoMLSimpleApplication@85e0dfe
----------------- Done invoking toplevel() on ptolemy.moml.MoMLSimpleApplication@85e0dfe
reloadAllAccessors: .ImpulseFeedback

===========================================================================================
----------------- testing Tue Jul 09 19:54:11 UTC 2019 /home/travis/build/icyphy/ptII/ptolemy/domains/continuous/test/auto/ImpulseFeedback2.xml
----------------- Instantiating /home/travis/build/icyphy/ptII/ptolemy/domains/continuous/test/auto/ImpulseFeedback2.xml
5 ms. Memory: 365568K Free: 293542K (80%)
----------------- Invoking toplevel() on ptolemy.moml.MoMLSimpleApplication@3ca1b408
----------------- Done invoking toplevel() on ptolemy.moml.MoMLSimpleApplication@3ca1b408
reloadAllAccessors: .ImpulseFeedback2

===========================================================================================
----------------- testing Tue Jul 09 19:54:11 UTC 2019 /home/travis/build/icyphy/ptII/ptolemy/domains/continuous/test/auto/IncreasingRatePoisson.xml
----------------- Instantiating /home/travis/build/icyphy/ptII/ptolemy/domains/continuous/test/auto/IncreasingRatePoisson.xml
831 ms. Memory: 365568K Free: 183140K (50%)
----------------- Invoking toplevel() on ptolemy.moml.MoMLSimpleApplication@1f2e904f
----------------- Done invoking toplevel() on ptolemy.moml.MoMLSimpleApplication@1f2e904f
reloadAllAccessors: .IncreasingRatePoisson

===========================================================================================
----------------- testing Tue Jul 09 19:54:12 UTC 2019 /home/travis/build/icyphy/ptII/ptolemy/domains/continuous/test/auto/InitialStateFeedback.xml
----------------- Instantiating /home/travis/build/icyphy/ptII/ptolemy/domains/continuous/test/auto/InitialStateFeedback.xml
4 ms. Memory: 365568K Free: 178534K (49%)
----------------- Invoking toplevel() on ptolemy.moml.MoMLSimpleApplication@79cbea99
----------------- Done invoking toplevel() on ptolemy.moml.MoMLSimpleApplication@79cbea99
reloadAllAccessors: .InitialStateFeedback

===========================================================================================
----------------- testing Tue Jul 09 19:54:12 UTC 2019 /home/travis/build/icyphy/ptII/ptolemy/domains/continuous/test/auto/Integration.xml
----------------- Instantiating /home/travis/build/icyphy/ptII/ptolemy/domains/continuous/test/auto/Integration.xml
1 ms. Memory: 365568K Free: 174438K (48%)
----------------- Invoking toplevel() on ptolemy.moml.MoMLSimpleApplication@66905323
----------------- Done invoking toplevel() on ptolemy.moml.MoMLSimpleApplication@66905323
reloadAllAccessors: .Integration

===========================================================================================
----------------- testing Tue Jul 09 19:54:12 UTC 2019 /home/travis/build/icyphy/ptII/ptolemy/domains/continuous/test/auto/Integration2.xml
----------------- Instantiating /home/travis/build/icyphy/ptII/ptolemy/domains/continuous/test/auto/Integration2.xml
94 ms. Memory: 365568K Free: 159078K (44%)
----------------- Invoking toplevel() on ptolemy.moml.MoMLSimpleApplication@75783cca
----------------- Done invoking toplevel() on ptolemy.moml.MoMLSimpleApplication@75783cca
reloadAllAccessors: .Integration2

===========================================================================================
----------------- testing Tue Jul 09 19:54:12 UTC 2019 /home/travis/build/icyphy/ptII/ptolemy/domains/continuous/test/auto/Integration3.xml
----------------- Instantiating /home/travis/build/icyphy/ptII/ptolemy/domains/continuous/test/auto/Integration3.xml
2 ms. Memory: 365568K Free: 154468K (42%)
----------------- Invoking toplevel() on ptolemy.moml.MoMLSimpleApplication@4298642c
----------------- Done invoking toplevel() on ptolemy.moml.MoMLSimpleApplication@4298642c
reloadAllAccessors: .Integration3

===========================================================================================
----------------- testing Tue Jul 09 19:54:12 UTC 2019 /home/travis/build/icyphy/ptII/ptolemy/domains/continuous/test/auto/Integration5.xml
----------------- Instantiating /home/travis/build/icyphy/ptII/ptolemy/domains/continuous/test/auto/Integration5.xml
2 ms. Memory: 365568K Free: 150372K (41%)
----------------- Invoking toplevel() on ptolemy.moml.MoMLSimpleApplication@43915b3e
----------------- Done invoking toplevel() on ptolemy.moml.MoMLSimpleApplication@43915b3e
reloadAllAccessors: .Integration5

===========================================================================================
----------------- testing Tue Jul 09 19:54:12 UTC 2019 /home/travis/build/icyphy/ptII/ptolemy/domains/continuous/test/auto/IntegratorImpulse.xml
----------------- Instantiating /home/travis/build/icyphy/ptII/ptolemy/domains/continuous/test/auto/IntegratorImpulse.xml
2 ms. Memory: 365568K Free: 146262K (40%)
----------------- Invoking toplevel() on ptolemy.moml.MoMLSimpleApplication@7585080f
----------------- Done invoking toplevel() on ptolemy.moml.MoMLSimpleApplication@7585080f
reloadAllAccessors: .IntegratorImpulse

===========================================================================================
----------------- testing Tue Jul 09 19:54:12 UTC 2019 /home/travis/build/icyphy/ptII/ptolemy/domains/continuous/test/auto/IntegratorImpulse2.xml
----------------- Instantiating /home/travis/build/icyphy/ptII/ptolemy/domains/continuous/test/auto/IntegratorImpulse2.xml
4 ms. Memory: 365568K Free: 141670K (39%)
----------------- Invoking toplevel() on ptolemy.moml.MoMLSimpleApplication@1cef1094
----------------- Done invoking toplevel() on ptolemy.moml.MoMLSimpleApplication@1cef1094
reloadAllAccessors: .IntegratorImpulse2

===========================================================================================
----------------- testing Tue Jul 09 19:54:12 UTC 2019 /home/travis/build/icyphy/ptII/ptolemy/domains/continuous/test/auto/LevelCrossing1.xml
----------------- Instantiating /home/travis/build/icyphy/ptII/ptolemy/domains/continuous/test/auto/LevelCrossing1.xml
3 ms. Memory: 365568K Free: 136550K (37%)
----------------- Invoking toplevel() on ptolemy.moml.MoMLSimpleApplication@45ab24f
----------------- Done invoking toplevel() on ptolemy.moml.MoMLSimpleApplication@45ab24f
reloadAllAccessors: .LevelCrossing1

===========================================================================================
----------------- testing Tue Jul 09 19:54:12 UTC 2019 /home/travis/build/icyphy/ptII/ptolemy/domains/continuous/test/auto/LevelCrossing2.xml
----------------- Instantiating /home/travis/build/icyphy/ptII/ptolemy/domains/continuous/test/auto/LevelCrossing2.xml
3 ms. Memory: 365568K Free: 349473K (96%)
----------------- Invoking toplevel() on ptolemy.moml.MoMLSimpleApplication@64895039
----------------- Done invoking toplevel() on ptolemy.moml.MoMLSimpleApplication@64895039
reloadAllAccessors: .LevelCrossing2

===========================================================================================
----------------- testing Tue Jul 09 19:54:12 UTC 2019 /home/travis/build/icyphy/ptII/ptolemy/domains/continuous/test/auto/LevelCrossing3.xml
----------------- Instantiating /home/travis/build/icyphy/ptII/ptolemy/domains/continuous/test/auto/LevelCrossing3.xml
2 ms. Memory: 365568K Free: 344353K (94%)
----------------- Invoking toplevel() on ptolemy.moml.MoMLSimpleApplication@1b2a75fe
----------------- Done invoking toplevel() on ptolemy.moml.MoMLSimpleApplication@1b2a75fe
reloadAllAccessors: .LevelCrossing3

===========================================================================================
----------------- testing Tue Jul 09 19:54:12 UTC 2019 /home/travis/build/icyphy/ptII/ptolemy/domains/continuous/test/auto/LevelCrossing4.xml
----------------- Instantiating /home/travis/build/icyphy/ptII/ptolemy/domains/continuous/test/auto/LevelCrossing4.xml
3 ms. Memory: 365568K Free: 339233K (93%)
----------------- Invoking toplevel() on ptolemy.moml.MoMLSimpleApplication@5c4ddb07
----------------- Done invoking toplevel() on ptolemy.moml.MoMLSimpleApplication@5c4ddb07
reloadAllAccessors: .LevelCrossing4

===========================================================================================
----------------- testing Tue Jul 09 19:54:12 UTC 2019 /home/travis/build/icyphy/ptII/ptolemy/domains/continuous/test/auto/LevelCrossing5.xml
----------------- Instantiating /home/travis/build/icyphy/ptII/ptolemy/domains/continuous/test/auto/LevelCrossing5.xml
3 ms. Memory: 365568K Free: 334113K (91%)
----------------- Invoking toplevel() on ptolemy.moml.MoMLSimpleApplication@7ba965cc
----------------- Done invoking toplevel() on ptolemy.moml.MoMLSimpleApplication@7ba965cc
reloadAllAccessors: .LevelCrossing5

===========================================================================================
[...]
reloadAllAccessors: .ResetTransitionWithStartTime6

===========================================================================================
----------------- testing Tue Jul 09 19:54:32 UTC 2019 /home/travis/build/icyphy/ptII/ptolemy/domains/continuous/test/auto/SRinContinuous.xml
----------------- Instantiating /home/travis/build/icyphy/ptII/ptolemy/domains/continuous/test/auto/SRinContinuous.xml
4 ms. Memory: 365568K Free: 241204K (66%)
----------------- Invoking toplevel() on ptolemy.moml.MoMLSimpleApplication@7f722461
----------------- Done invoking toplevel() on ptolemy.moml.MoMLSimpleApplication@7f722461
reloadAllAccessors: .SRinContinuous

===========================================================================================
----------------- testing Tue Jul 09 19:54:32 UTC 2019 /home/travis/build/icyphy/ptII/ptolemy/domains/continuous/test/auto/SampledClocks.xml
----------------- Instantiating /home/travis/build/icyphy/ptII/ptolemy/domains/continuous/test/auto/SampledClocks.xml
7 ms. Memory: 365568K Free: 228402K (62%)
----------------- Invoking toplevel() on ptolemy.moml.MoMLSimpleApplication@189989e8
----------------- Done invoking toplevel() on ptolemy.moml.MoMLSimpleApplication@189989e8
reloadAllAccessors: .SampledClocks

===========================================================================================
----------------- testing Tue Jul 09 19:54:32 UTC 2019 /home/travis/build/icyphy/ptII/ptolemy/domains/continuous/test/auto/Satellite.xml
----------------- Instantiating /home/travis/build/icyphy/ptII/ptolemy/domains/continuous/test/auto/Satellite.xml
946 ms. Memory: 365568K Free: 243360K (67%)
----------------- Invoking toplevel() on ptolemy.moml.MoMLSimpleApplication@3c1ae9b5
----------------- Done invoking toplevel() on ptolemy.moml.MoMLSimpleApplication@3c1ae9b5
reloadAllAccessors: .Satellite

===========================================================================================
----------------- testing Tue Jul 09 19:54:33 UTC 2019 /home/travis/build/icyphy/ptII/ptolemy/domains/continuous/test/auto/SigmaDelta.xml
----------------- Instantiating /home/travis/build/icyphy/ptII/ptolemy/domains/continuous/test/auto/SigmaDelta.xml
2566 ms. Memory: 365568K Free: 193829K (53%)
----------------- Invoking toplevel() on ptolemy.moml.MoMLSimpleApplication@4c3e3af2
----------------- Done invoking toplevel() on ptolemy.moml.MoMLSimpleApplication@4c3e3af2
reloadAllAccessors: .SigmaDelta

===========================================================================================
----------------- testing Tue Jul 09 19:54:35 UTC 2019 /home/travis/build/icyphy/ptII/ptolemy/domains/continuous/test/auto/SingleRefinement.xml
----------------- Instantiating /home/travis/build/icyphy/ptII/ptolemy/domains/continuous/test/auto/SingleRefinement.xml
334 ms. Memory: 365568K Free: 227267K (62%)
----------------- Invoking toplevel() on ptolemy.moml.MoMLSimpleApplication@46f209c3
----------------- Done invoking toplevel() on ptolemy.moml.MoMLSimpleApplication@46f209c3
reloadAllAccessors: .SingleRefinement

===========================================================================================
----------------- testing Tue Jul 09 19:54:36 UTC 2019 /home/travis/build/icyphy/ptII/ptolemy/domains/continuous/test/auto/SinuBouncingBall.xml
----------------- Instantiating /home/travis/build/icyphy/ptII/ptolemy/domains/continuous/test/auto/SinuBouncingBall.xml
878 ms. Memory: 365568K Free: 223697K (61%)
----------------- Invoking toplevel() on ptolemy.moml.MoMLSimpleApplication@7570ff9c
----------------- Done invoking toplevel() on ptolemy.moml.MoMLSimpleApplication@7570ff9c
reloadAllAccessors: .SinuBouncingBall

===========================================================================================
----------------- testing Tue Jul 09 19:54:37 UTC 2019 /home/travis/build/icyphy/ptII/ptolemy/domains/continuous/test/auto/Sinusoid.xml
----------------- Instantiating /home/travis/build/icyphy/ptII/ptolemy/domains/continuous/test/auto/Sinusoid.xml
4 ms. Memory: 365568K Free: 219073K (60%)
----------------- Invoking toplevel() on ptolemy.moml.MoMLSimpleApplication@1a3709e
----------------- Done invoking toplevel() on ptolemy.moml.MoMLSimpleApplication@1a3709e
reloadAllAccessors: .Sinusoid

===========================================================================================
----------------- testing Tue Jul 09 19:54:37 UTC 2019 /home/travis/build/icyphy/ptII/ptolemy/domains/continuous/test/auto/SinusoidInNoise.xml
----------------- Instantiating /home/travis/build/icyphy/ptII/ptolemy/domains/continuous/test/auto/SinusoidInNoise.xml
1072 ms. Memory: 365568K Free: 294029K (80%)
----------------- Invoking toplevel() on ptolemy.moml.MoMLSimpleApplication@58a674df
----------------- Done invoking toplevel() on ptolemy.moml.MoMLSimpleApplication@58a674df
reloadAllAccessors: .SinusoidInNoise

===========================================================================================
----------------- testing Tue Jul 09 19:54:38 UTC 2019 /home/travis/build/icyphy/ptII/ptolemy/domains/continuous/test/auto/SinusoidRK45.xml
----------------- Instantiating /home/travis/build/icyphy/ptII/ptolemy/domains/continuous/test/auto/SinusoidRK45.xml
2 ms. Memory: 365568K Free: 289413K (79%)
----------------- Invoking toplevel() on ptolemy.moml.MoMLSimpleApplication@6f9e4f02
----------------- Done invoking toplevel() on ptolemy.moml.MoMLSimpleApplication@6f9e4f02
reloadAllAccessors: .SinusoidRK45

===========================================================================================
----------------- testing Tue Jul 09 19:54:38 UTC 2019 /home/travis/build/icyphy/ptII/ptolemy/domains/continuous/test/auto/SinusoidWithMultipleImpulses.xml
----------------- Instantiating /home/travis/build/icyphy/ptII/ptolemy/domains/continuous/test/auto/SinusoidWithMultipleImpulses.xml
7 ms. Memory: 365568K Free: 284813K (78%)
----------------- Invoking toplevel() on ptolemy.moml.MoMLSimpleApplication@4cf345f9
----------------- Done invoking toplevel() on ptolemy.moml.MoMLSimpleApplication@4cf345f9
reloadAllAccessors: .SinusoidWithMultipleImpulses

===========================================================================================
----------------- testing Tue Jul 09 19:54:38 UTC 2019 /home/travis/build/icyphy/ptII/ptolemy/domains/continuous/test/auto/SquareWave.xml
----------------- Instantiating /home/travis/build/icyphy/ptII/ptolemy/domains/continuous/test/auto/SquareWave.xml
160 ms. Memory: 365568K Free: 257165K (70%)
----------------- Invoking toplevel() on ptolemy.moml.MoMLSimpleApplication@6c457f48
----------------- Done invoking toplevel() on ptolemy.moml.MoMLSimpleApplication@6c457f48
reloadAllAccessors: .SquareWave

===========================================================================================
----------------- testing Tue Jul 09 19:54:38 UTC 2019 /home/travis/build/icyphy/ptII/ptolemy/domains/continuous/test/auto/Starmac.xml
----------------- Instantiating /home/travis/build/icyphy/ptII/ptolemy/domains/continuous/test/auto/Starmac.xml
3068 ms. Memory: 365568K Free: 145725K (40%)
----------------- Invoking toplevel() on ptolemy.moml.MoMLSimpleApplication@1078e331
----------------- Done invoking toplevel() on ptolemy.moml.MoMLSimpleApplication@1078e331
reloadAllAccessors: .Starmac

===========================================================================================
----------------- testing Tue Jul 09 19:54:42 UTC 2019 /home/travis/build/icyphy/ptII/ptolemy/domains/continuous/test/auto/StaticUnits.xml
----------------- Instantiating /home/travis/build/icyphy/ptII/ptolemy/domains/continuous/test/auto/StaticUnits.xml
2187 ms. Memory: 439296K Free: 165191K (38%)
----------------- Invoking toplevel() on ptolemy.moml.MoMLSimpleApplication@3e2e5beb
----------------- Done invoking toplevel() on ptolemy.moml.MoMLSimpleApplication@3e2e5beb
reloadAllAccessors: .StaticUnits

===========================================================================================
----------------- testing Tue Jul 09 19:54:44 UTC 2019 /home/travis/build/icyphy/ptII/ptolemy/domains/continuous/test/auto/StickyMasses.xml
----------------- Instantiating /home/travis/build/icyphy/ptII/ptolemy/domains/continuous/test/auto/StickyMasses.xml
139 ms. Memory: 439296K Free: 372507K (85%)
----------------- Invoking toplevel() on ptolemy.moml.MoMLSimpleApplication@61a2fc47
----------------- Done invoking toplevel() on ptolemy.moml.MoMLSimpleApplication@61a2fc47
reloadAllAccessors: .StickyMasses

===========================================================================================
----------------- testing Tue Jul 09 19:54:45 UTC 2019 /home/travis/build/icyphy/ptII/ptolemy/domains/continuous/test/auto/StopTime.xml
----------------- Instantiating /home/travis/build/icyphy/ptII/ptolemy/domains/continuous/test/auto/StopTime.xml
56 ms. Memory: 439296K Free: 347436K (79%)
----------------- Invoking toplevel() on ptolemy.moml.MoMLSimpleApplication@1e7c76f7
----------------- Done invoking toplevel() on ptolemy.moml.MoMLSimpleApplication@1e7c76f7
reloadAllAccessors: .StopTime

===========================================================================================
----------------- testing Tue Jul 09 19:54:45 UTC 2019 /home/travis/build/icyphy/ptII/ptolemy/domains/continuous/test/auto/StopTime2.xml
----------------- Instantiating /home/travis/build/icyphy/ptII/ptolemy/domains/continuous/test/auto/StopTime2.xml
78 ms. Memory: 439296K Free: 325403K (74%)
----------------- Invoking toplevel() on ptolemy.moml.MoMLSimpleApplication@1dc133cf
----------------- Done invoking toplevel() on ptolemy.moml.MoMLSimpleApplication@1dc133cf
reloadAllAccessors: .StopTime2

===========================================================================================
----------------- testing Tue Jul 09 19:54:45 UTC 2019 /home/travis/build/icyphy/ptII/ptolemy/domains/continuous/test/auto/Switch.xml
----------------- Instantiating /home/travis/build/icyphy/ptII/ptolemy/domains/continuous/test/auto/Switch.xml
50 ms. Memory: 439296K Free: 300332K (68%)
----------------- Invoking toplevel() on ptolemy.moml.MoMLSimpleApplication@40016b14
----------------- Done invoking toplevel() on ptolemy.moml.MoMLSimpleApplication@40016b14
reloadAllAccessors: .Switch

===========================================================================================
----------------- testing Tue Jul 09 19:54:45 UTC 2019 /home/travis/build/icyphy/ptII/ptolemy/domains/continuous/test/auto/Thermostat.xml
----------------- Instantiating /home/travis/build/icyphy/ptII/ptolemy/domains/continuous/test/auto/Thermostat.xml
186 ms. Memory: 439296K Free: 228138K (52%)
----------------- Invoking toplevel() on ptolemy.moml.MoMLSimpleApplication@f4ce093
----------------- Done invoking toplevel() on ptolemy.moml.MoMLSimpleApplication@f4ce093
reloadAllAccessors: .Thermostat

===========================================================================================
----------------- testing Tue Jul 09 19:54:45 UTC 2019 /home/travis/build/icyphy/ptII/ptolemy/domains/continuous/test/auto/TimeDelay.xml
----------------- Instantiating /home/travis/build/icyphy/ptII/ptolemy/domains/continuous/test/auto/TimeDelay.xml
6 ms. Memory: 439296K Free: 223532K (51%)
----------------- Invoking toplevel() on ptolemy.moml.MoMLSimpleApplication@65f0978c
----------------- Done invoking toplevel() on ptolemy.moml.MoMLSimpleApplication@65f0978c
reloadAllAccessors: .TimeDelay

===========================================================================================
----------------- testing Tue Jul 09 19:54:45 UTC 2019 /home/travis/build/icyphy/ptII/ptolemy/domains/continuous/test/auto/TimeDelay2.xml
----------------- Instantiating /home/travis/build/icyphy/ptII/ptolemy/domains/continuous/test/auto/TimeDelay2.xml
8 ms. Memory: 439296K Free: 213802K (49%)
----------------- Invoking toplevel() on ptolemy.moml.MoMLSimpleApplication@5a1ea3c5
----------------- Done invoking toplevel() on ptolemy.moml.MoMLSimpleApplication@5a1ea3c5
reloadAllAccessors: .TimeDelay2

===========================================================================================
----------------- testing Tue Jul 09 19:54:45 UTC 2019 /home/travis/build/icyphy/ptII/ptolemy/domains/continuous/test/auto/TimeDelay3.xml
----------------- Instantiating /home/travis/build/icyphy/ptII/ptolemy/domains/continuous/test/auto/TimeDelay3.xml
3 ms. Memory: 439296K Free: 209196K (48%)
----------------- Invoking toplevel() on ptolemy.moml.MoMLSimpleApplication@72f34de0
----------------- Done invoking toplevel() on ptolemy.moml.MoMLSimpleApplication@72f34de0
reloadAllAccessors: .TimeDelay3

===========================================================================================
----------------- testing Tue Jul 09 19:54:45 UTC 2019 /home/travis/build/icyphy/ptII/ptolemy/domains/continuous/test/auto/TransferAbsentToInside.xml
----------------- Instantiating /home/travis/build/icyphy/ptII/ptolemy/domains/continuous/test/auto/TransferAbsentToInside.xml
50 ms. Memory: 439296K Free: 412643K (94%)
----------------- Invoking toplevel() on ptolemy.moml.MoMLSimpleApplication@7a525fa0
----------------- Done invoking toplevel() on ptolemy.moml.MoMLSimpleApplication@7a525fa0
reloadAllAccessors: .TransferAbsentToInside

===========================================================================================
----------------- testing Tue Jul 09 19:54:45 UTC 2019 /home/travis/build/icyphy/ptII/ptolemy/domains/continuous/test/auto/Transmission.xml
----------------- Instantiating /home/travis/build/icyphy/ptII/ptolemy/domains/continuous/test/auto/Transmission.xml
799 ms. Memory: 439296K Free: 178451K (41%)
----------------- Invoking toplevel() on ptolemy.moml.MoMLSimpleApplication@22500cc5
----------------- Done invoking toplevel() on ptolemy.moml.MoMLSimpleApplication@22500cc5
reloadAllAccessors: .Transmission

===========================================================================================
----------------- testing Tue Jul 09 19:54:46 UTC 2019 /home/travis/build/icyphy/ptII/ptolemy/domains/continuous/test/auto/TriggeredContinuousClock.xml
----------------- Instantiating /home/travis/build/icyphy/ptII/ptolemy/domains/continuous/test/auto/TriggeredContinuousClock.xml
62 ms. Memory: 439296K Free: 406452K (93%)
----------------- Invoking toplevel() on ptolemy.moml.MoMLSimpleApplication@62c32622
----------------- Done invoking toplevel() on ptolemy.moml.MoMLSimpleApplication@62c32622
reloadAllAccessors: .TriggeredContinuousClock

===========================================================================================
----------------- testing Tue Jul 09 19:54:46 UTC 2019 /home/travis/build/icyphy/ptII/ptolemy/domains/continuous/test/auto/TwoMachineInfiniteBusControl.xml
----------------- Instantiating /home/travis/build/icyphy/ptII/ptolemy/domains/continuous/test/auto/TwoMachineInfiniteBusControl.xml
3282 ms. Memory: 527360K Free: 404133K (77%)
----------------- Invoking toplevel() on ptolemy.moml.MoMLSimpleApplication@3298c5b8
----------------- Done invoking toplevel() on ptolemy.moml.MoMLSimpleApplication@3298c5b8
reloadAllAccessors: .TwoMachineInfiniteBusControl

===========================================================================================
----------------- testing Tue Jul 09 19:54:50 UTC 2019 /home/travis/build/icyphy/ptII/ptolemy/domains/continuous/test/auto/V2V.xml
----------------- Instantiating /home/travis/build/icyphy/ptII/ptolemy/domains/continuous/test/auto/V2V.xml
832 ms. Memory: 527360K Free: 214693K (41%)
----------------- Invoking toplevel() on ptolemy.moml.MoMLSimpleApplication@1ad6c009
----------------- Done invoking toplevel() on ptolemy.moml.MoMLSimpleApplication@1ad6c009
reloadAllAccessors: .V2V

===========================================================================================
----------------- testing Tue Jul 09 19:54:51 UTC 2019 /home/travis/build/icyphy/ptII/ptolemy/domains/continuous/test/auto/hierarchicalModalModel.xml
----------------- Instantiating /home/travis/build/icyphy/ptII/ptolemy/domains/continuous/test/auto/hierarchicalModalModel.xml
8 ms. Memory: 527360K Free: 200373K (38%)
----------------- Invoking toplevel() on ptolemy.moml.MoMLSimpleApplication@dae9748
----------------- Done invoking toplevel() on ptolemy.moml.MoMLSimpleApplication@dae9748
reloadAllAccessors: .hierarchicalModalModel

===========================================================================================
----------------- testing Tue Jul 09 19:54:51 UTC 2019 /home/travis/build/icyphy/ptII/ptolemy/domains/continuous/test/auto/hierarchicalModalModel1.xml
----------------- Instantiating /home/travis/build/icyphy/ptII/ptolemy/domains/continuous/test/auto/hierarchicalModalModel1.xml
8 ms. Memory: 527360K Free: 496823K (94%)
----------------- Invoking toplevel() on ptolemy.moml.MoMLSimpleApplication@7e6911a2
----------------- Done invoking toplevel() on ptolemy.moml.MoMLSimpleApplication@7e6911a2
reloadAllAccessors: .hierarchicalModalModel1

===========================================================================================
----------------- testing Tue Jul 09 19:54:51 UTC 2019 /home/travis/build/icyphy/ptII/ptolemy/domains/continuous/test/auto/hierarchicalModalModel2.xml
----------------- Instantiating /home/travis/build/icyphy/ptII/ptolemy/domains/continuous/test/auto/hierarchicalModalModel2.xml
6 ms. Memory: 527360K Free: 484535K (92%)
----------------- Invoking toplevel() on ptolemy.moml.MoMLSimpleApplication@5e04477c
----------------- Done invoking toplevel() on ptolemy.moml.MoMLSimpleApplication@5e04477c
reloadAllAccessors: .hierarchicalModalModel2

===========================================================================================
----------------- testing Tue Jul 09 19:54:51 UTC 2019 /home/travis/build/icyphy/ptII/ptolemy/domains/continuous/test/auto/hierarchicalModalModel3.xml
----------------- Instantiating /home/travis/build/icyphy/ptII/ptolemy/domains/continuous/test/auto/hierarchicalModalModel3.xml
8 ms. Memory: 527360K Free: 473781K (90%)
----------------- Invoking toplevel() on ptolemy.moml.MoMLSimpleApplication@af32dd6
----------------- Done invoking toplevel() on ptolemy.moml.MoMLSimpleApplication@af32dd6
reloadAllAccessors: .hierarchicalModalModel3

===========================================================================================
----------------- testing Tue Jul 09 19:54:51 UTC 2019 /home/travis/build/icyphy/ptII/ptolemy/domains/continuous/test/auto/hierarchicalModalModel4.xml
----------------- Instantiating /home/travis/build/icyphy/ptII/ptolemy/domains/continuous/test/auto/hierarchicalModalModel4.xml
5 ms. Memory: 527360K Free: 462007K (88%)
----------------- Invoking toplevel() on ptolemy.moml.MoMLSimpleApplication@5f00b834
----------------- Done invoking toplevel() on ptolemy.moml.MoMLSimpleApplication@5f00b834
reloadAllAccessors: .hierarchicalModalModel4

===========================================================================================
----------------- testing Tue Jul 09 19:54:51 UTC 2019 /home/travis/build/icyphy/ptII/ptolemy/domains/continuous/test/auto/junk.xml
----------------- Instantiating /home/travis/build/icyphy/ptII/ptolemy/domains/continuous/test/auto/junk.xml
151 ms. Memory: 527360K Free: 433335K (82%)
----------------- Invoking toplevel() on ptolemy.moml.MoMLSimpleApplication@27a583cb
----------------- Done invoking toplevel() on ptolemy.moml.MoMLSimpleApplication@27a583cb
reloadAllAccessors: .junk
AutoTests.java: About to close Vertx.
AutoTests.java: Vertx closed.
]]></system-out>
  <system-err><![CDATA[Warning: '.HysteresisWithRandomDelay.NonStrictTest3' The test produced only 29 tokens, yet the correctValues parameter was expecting 30 tokens.
Warning: '.Poisson.NonStrictTest' The test produced only 384 tokens, yet the correctValues parameter was expecting 430 tokens.
]]></system-err>
</testsuite>
