<?xml version="1.0" encoding="UTF-8" ?>
<testsuite errors="0" failures="0" hostname="travis-job-61c35135-046e-4037-a75c-d3e5175fdd8a" name="ptolemy.domains.continuous.test.junit.JUnitTclTest" skipped="0" tests="156" time="83.411" timestamp="2019-11-20T06:17:41">
  <properties>
[...]
</properties>
  <testcase classname="ptolemy.util.test.junit.TclTests" name="[0] ThereAreNoTclTests (RunTclFile)" time="0.012" />
  <testcase classname="ptolemy.util.test.junit.AutoKnownFailedTests" name="[0] ThereAreNoKnowFailedTests (RunModel)" time="0.002" />
  <testcase classname="ptolemy.util.test.junit.AutoNameArchTests" name="[0] ThereAreNoAutoArchTests (RunModel)" time="0.028" />
  <testcase classname="ptolemy.util.test.junit.AutoTests" name="[0] /home/travis/build/icyphy/ptII/ptolemy/domains/continuous/test/auto/BouncingBall.xml (RunModel)" time="3.823" />
  <testcase classname="ptolemy.util.test.junit.AutoTests" name="[1] /home/travis/build/icyphy/ptII/ptolemy/domains/continuous/test/auto/BouncingBallWithoutGR.xml (RunModel)" time="1.223" />
  <testcase classname="ptolemy.util.test.junit.AutoTests" name="[2] /home/travis/build/icyphy/ptII/ptolemy/domains/continuous/test/auto/Brownian.xml (RunModel)" time="0.114" />
  <testcase classname="ptolemy.util.test.junit.AutoTests" name="[3] /home/travis/build/icyphy/ptII/ptolemy/domains/continuous/test/auto/CarTracking.xml (RunModel)" time="4.723" />
  <testcase classname="ptolemy.util.test.junit.AutoTests" name="[4] /home/travis/build/icyphy/ptII/ptolemy/domains/continuous/test/auto/CartPendulum.xml (RunModel)" time="0.643" />
  <testcase classname="ptolemy.util.test.junit.AutoTests" name="[5] /home/travis/build/icyphy/ptII/ptolemy/domains/continuous/test/auto/CausalityInterface10.xml (RunModel)" time="0.076" />
  <testcase classname="ptolemy.util.test.junit.AutoTests" name="[6] /home/travis/build/icyphy/ptII/ptolemy/domains/continuous/test/auto/CausalityInterface11.xml (RunModel)" time="0.055" />
  <testcase classname="ptolemy.util.test.junit.AutoTests" name="[7] /home/travis/build/icyphy/ptII/ptolemy/domains/continuous/test/auto/CausalityInterface12.xml (RunModel)" time="0.042" />
  <testcase classname="ptolemy.util.test.junit.AutoTests" name="[8] /home/travis/build/icyphy/ptII/ptolemy/domains/continuous/test/auto/CausalityInterface13.xml (RunModel)" time="0.048" />
  <testcase classname="ptolemy.util.test.junit.AutoTests" name="[9] /home/travis/build/icyphy/ptII/ptolemy/domains/continuous/test/auto/CausalityInterface14.xml (RunModel)" time="0.025" />
  <testcase classname="ptolemy.util.test.junit.AutoTests" name="[10] /home/travis/build/icyphy/ptII/ptolemy/domains/continuous/test/auto/CausalityInterface4.xml (RunModel)" time="0.035" />
  <testcase classname="ptolemy.util.test.junit.AutoTests" name="[11] /home/travis/build/icyphy/ptII/ptolemy/domains/continuous/test/auto/CausalityInterface5.xml (RunModel)" time="0.058" />
  <testcase classname="ptolemy.util.test.junit.AutoTests" name="[12] /home/travis/build/icyphy/ptII/ptolemy/domains/continuous/test/auto/CausalityInterface6.xml (RunModel)" time="0.031" />
  <testcase classname="ptolemy.util.test.junit.AutoTests" name="[13] /home/travis/build/icyphy/ptII/ptolemy/domains/continuous/test/auto/CausalityInterface7.xml (RunModel)" time="0.047" />
  <testcase classname="ptolemy.util.test.junit.AutoTests" name="[14] /home/travis/build/icyphy/ptII/ptolemy/domains/continuous/test/auto/CausalityInterface8.xml (RunModel)" time="0.045" />
  <testcase classname="ptolemy.util.test.junit.AutoTests" name="[15] /home/travis/build/icyphy/ptII/ptolemy/domains/continuous/test/auto/CausalityInterface9.xml (RunModel)" time="0.07" />
  <testcase classname="ptolemy.util.test.junit.AutoTests" name="[16] /home/travis/build/icyphy/ptII/ptolemy/domains/continuous/test/auto/CausalityInterfaceFeedback1.xml (RunModel)" time="0.048" />
  <testcase classname="ptolemy.util.test.junit.AutoTests" name="[17] /home/travis/build/icyphy/ptII/ptolemy/domains/continuous/test/auto/CausalityInterfaceFeedback2.xml (RunModel)" time="0.062" />
  <testcase classname="ptolemy.util.test.junit.AutoTests" name="[18] /home/travis/build/icyphy/ptII/ptolemy/domains/continuous/test/auto/CompareWithCurrentTime.xml (RunModel)" time="0.042" />
  <testcase classname="ptolemy.util.test.junit.AutoTests" name="[19] /home/travis/build/icyphy/ptII/ptolemy/domains/continuous/test/auto/ComparedClocks.xml (RunModel)" time="0.1" />
  <testcase classname="ptolemy.util.test.junit.AutoTests" name="[20] /home/travis/build/icyphy/ptII/ptolemy/domains/continuous/test/auto/ContinuousAOCClone.xml (RunModel)" time="2.855" />
  <testcase classname="ptolemy.util.test.junit.AutoTests" name="[21] /home/travis/build/icyphy/ptII/ptolemy/domains/continuous/test/auto/ContinuousClock.xml (RunModel)" time="0.093" />
  <testcase classname="ptolemy.util.test.junit.AutoTests" name="[22] /home/travis/build/icyphy/ptII/ptolemy/domains/continuous/test/auto/ContinuousInContinuous.xml (RunModel)" time="0.097" />
  <testcase classname="ptolemy.util.test.junit.AutoTests" name="[23] /home/travis/build/icyphy/ptII/ptolemy/domains/continuous/test/auto/ContinuousInContinuousInContinuous.xml (RunModel)" time="0.035" />
  <testcase classname="ptolemy.util.test.junit.AutoTests" name="[24] /home/travis/build/icyphy/ptII/ptolemy/domains/continuous/test/auto/ContinuousInDE.xml (RunModel)" time="0.138" />
  <testcase classname="ptolemy.util.test.junit.AutoTests" name="[25] /home/travis/build/icyphy/ptII/ptolemy/domains/continuous/test/auto/ContinuousInDE2.xml (RunModel)" time="0.055" />
  <testcase classname="ptolemy.util.test.junit.AutoTests" name="[26] /home/travis/build/icyphy/ptII/ptolemy/domains/continuous/test/auto/ContinuousInDE3.xml (RunModel)" time="0.051" />
  <testcase classname="ptolemy.util.test.junit.AutoTests" name="[27] /home/travis/build/icyphy/ptII/ptolemy/domains/continuous/test/auto/ContinuousInDE4.xml (RunModel)" time="0.026" />
  <testcase classname="ptolemy.util.test.junit.AutoTests" name="[28] /home/travis/build/icyphy/ptII/ptolemy/domains/continuous/test/auto/ContinuousInDEDifferentRefinements.xml (RunModel)" time="0.095" />
  <testcase classname="ptolemy.util.test.junit.AutoTests" name="[29] /home/travis/build/icyphy/ptII/ptolemy/domains/continuous/test/auto/ContinuousInDEDifferentRefinementsPreemptive.xml (RunModel)" time="0.093" />
  <testcase classname="ptolemy.util.test.junit.AutoTests" name="[30] /home/travis/build/icyphy/ptII/ptolemy/domains/continuous/test/auto/ContinuousInDEInContinuous2.xml (RunModel)" time="0.061" />
  <testcase classname="ptolemy.util.test.junit.AutoTests" name="[31] /home/travis/build/icyphy/ptII/ptolemy/domains/continuous/test/auto/ContinuousInDEInContinuous3.xml (RunModel)" time="0.073" />
  <testcase classname="ptolemy.util.test.junit.AutoTests" name="[32] /home/travis/build/icyphy/ptII/ptolemy/domains/continuous/test/auto/ContinuousInDEInput.xml (RunModel)" time="0.034" />
  <testcase classname="ptolemy.util.test.junit.AutoTests" name="[33] /home/travis/build/icyphy/ptII/ptolemy/domains/continuous/test/auto/ContinuousInDEInput2.xml (RunModel)" time="0.037" />
  <testcase classname="ptolemy.util.test.junit.AutoTests" name="[34] /home/travis/build/icyphy/ptII/ptolemy/domains/continuous/test/auto/ContinuousInDEInput3.xml (RunModel)" time="0.04" />
  <testcase classname="ptolemy.util.test.junit.AutoTests" name="[35] /home/travis/build/icyphy/ptII/ptolemy/domains/continuous/test/auto/ContinuousInDESharingRefinement.xml (RunModel)" time="0.197" />
  <testcase classname="ptolemy.util.test.junit.AutoTests" name="[36] /home/travis/build/icyphy/ptII/ptolemy/domains/continuous/test/auto/ContinuousInDEwithNoPorts.xml (RunModel)" time="0.023" />
  <testcase classname="ptolemy.util.test.junit.AutoTests" name="[37] /home/travis/build/icyphy/ptII/ptolemy/domains/continuous/test/auto/ContinuousInsideDE.xml (RunModel)" time="0.098" />
  <testcase classname="ptolemy.util.test.junit.AutoTests" name="[38] /home/travis/build/icyphy/ptII/ptolemy/domains/continuous/test/auto/ContinuousMerge1.xml (RunModel)" time="0.028" />
  <testcase classname="ptolemy.util.test.junit.AutoTests" name="[39] /home/travis/build/icyphy/ptII/ptolemy/domains/continuous/test/auto/ContinuousMerge2.xml (RunModel)" time="0.06" />
  <testcase classname="ptolemy.util.test.junit.AutoTests" name="[40] /home/travis/build/icyphy/ptII/ptolemy/domains/continuous/test/auto/ContinuousMerge3.xml (RunModel)" time="0.082" />
  <testcase classname="ptolemy.util.test.junit.AutoTests" name="[41] /home/travis/build/icyphy/ptII/ptolemy/domains/continuous/test/auto/ContinuousWithinContinuous.xml (RunModel)" time="0.065" />
  <testcase classname="ptolemy.util.test.junit.AutoTests" name="[42] /home/travis/build/icyphy/ptII/ptolemy/domains/continuous/test/auto/ContinuousWithinContinuous2.xml (RunModel)" time="0.103" />
  <testcase classname="ptolemy.util.test.junit.AutoTests" name="[43] /home/travis/build/icyphy/ptII/ptolemy/domains/continuous/test/auto/ContinuousWithinContinuous3.xml (RunModel)" time="0.036" />
  <testcase classname="ptolemy.util.test.junit.AutoTests" name="[44] /home/travis/build/icyphy/ptII/ptolemy/domains/continuous/test/auto/ContinuousWithinContinuous4.xml (RunModel)" time="0.114" />
  <testcase classname="ptolemy.util.test.junit.AutoTests" name="[45] /home/travis/build/icyphy/ptII/ptolemy/domains/continuous/test/auto/ContinuousWithinContinuous5.xml (RunModel)" time="0.035" />
  <testcase classname="ptolemy.util.test.junit.AutoTests" name="[46] /home/travis/build/icyphy/ptII/ptolemy/domains/continuous/test/auto/ContinuousWithinContinuous6.xml (RunModel)" time="0.038" />
  <testcase classname="ptolemy.util.test.junit.AutoTests" name="[47] /home/travis/build/icyphy/ptII/ptolemy/domains/continuous/test/auto/ContinuousWithinContinuous7.xml (RunModel)" time="0.095" />
  <testcase classname="ptolemy.util.test.junit.AutoTests" name="[48] /home/travis/build/icyphy/ptII/ptolemy/domains/continuous/test/auto/DCMotor.xml (RunModel)" time="14.571" />
  <testcase classname="ptolemy.util.test.junit.AutoTests" name="[49] /home/travis/build/icyphy/ptII/ptolemy/domains/continuous/test/auto/DEInContinuous.xml (RunModel)" time="0.034" />
  <testcase classname="ptolemy.util.test.junit.AutoTests" name="[50] /home/travis/build/icyphy/ptII/ptolemy/domains/continuous/test/auto/DEinContinuous2.xml (RunModel)" time="0.031" />
  <testcase classname="ptolemy.util.test.junit.AutoTests" name="[51] /home/travis/build/icyphy/ptII/ptolemy/domains/continuous/test/auto/Derivative.xml (RunModel)" time="0.228" />
  <testcase classname="ptolemy.util.test.junit.AutoTests" name="[52] /home/travis/build/icyphy/ptII/ptolemy/domains/continuous/test/auto/Derivative1.xml (RunModel)" time="0.082" />
  <testcase classname="ptolemy.util.test.junit.AutoTests" name="[53] /home/travis/build/icyphy/ptII/ptolemy/domains/continuous/test/auto/DiscreteClock.xml (RunModel)" time="0.017" />
  <testcase classname="ptolemy.util.test.junit.AutoTests" name="[54] /home/travis/build/icyphy/ptII/ptolemy/domains/continuous/test/auto/EfficiencyCurve.xml (RunModel)" time="0.119" />
  <testcase classname="ptolemy.util.test.junit.AutoTests" name="[55] /home/travis/build/icyphy/ptII/ptolemy/domains/continuous/test/auto/ExponentialResponse.xml (RunModel)" time="0.13" />
  <testcase classname="ptolemy.util.test.junit.AutoTests" name="[56] /home/travis/build/icyphy/ptII/ptolemy/domains/continuous/test/auto/ExponentialResponseRK45.xml (RunModel)" time="0.042" />
  <testcase classname="ptolemy.util.test.junit.AutoTests" name="[57] /home/travis/build/icyphy/ptII/ptolemy/domains/continuous/test/auto/Friction.xml (RunModel)" time="1.805" />
  <testcase classname="ptolemy.util.test.junit.AutoTests" name="[58] /home/travis/build/icyphy/ptII/ptolemy/domains/continuous/test/auto/FurutaPendulum.xml (RunModel)" time="3.928" />
  <testcase classname="ptolemy.util.test.junit.AutoTests" name="[59] /home/travis/build/icyphy/ptII/ptolemy/domains/continuous/test/auto/HierarchicalExecution.xml (RunModel)" time="2.366" />
  <testcase classname="ptolemy.util.test.junit.AutoTests" name="[60] /home/travis/build/icyphy/ptII/ptolemy/domains/continuous/test/auto/HybridPlant.xml (RunModel)" time="0.589" />
  <testcase classname="ptolemy.util.test.junit.AutoTests" name="[61] /home/travis/build/icyphy/ptII/ptolemy/domains/continuous/test/auto/Hysteresis.xml (RunModel)" time="0.214" />
  <testcase classname="ptolemy.util.test.junit.AutoTests" name="[62] /home/travis/build/icyphy/ptII/ptolemy/domains/continuous/test/auto/HysteresisWithRandomDelay.xml (RunModel)" time="0.229" />
  <testcase classname="ptolemy.util.test.junit.AutoTests" name="[63] /home/travis/build/icyphy/ptII/ptolemy/domains/continuous/test/auto/HysteresisWithRandomLosses.xml (RunModel)" time="2.528" />
  <testcase classname="ptolemy.util.test.junit.AutoTests" name="[64] /home/travis/build/icyphy/ptII/ptolemy/domains/continuous/test/auto/ImmediateTransitions.xml (RunModel)" time="0.039" />
  <testcase classname="ptolemy.util.test.junit.AutoTests" name="[65] /home/travis/build/icyphy/ptII/ptolemy/domains/continuous/test/auto/ImpulseFeedback.xml (RunModel)" time="0.025" />
  <testcase classname="ptolemy.util.test.junit.AutoTests" name="[66] /home/travis/build/icyphy/ptII/ptolemy/domains/continuous/test/auto/ImpulseFeedback2.xml (RunModel)" time="0.019" />
  <testcase classname="ptolemy.util.test.junit.AutoTests" name="[67] /home/travis/build/icyphy/ptII/ptolemy/domains/continuous/test/auto/IncreasingRatePoisson.xml (RunModel)" time="0.755" />
  <testcase classname="ptolemy.util.test.junit.AutoTests" name="[68] /home/travis/build/icyphy/ptII/ptolemy/domains/continuous/test/auto/InitialStateFeedback.xml (RunModel)" time="0.016" />
  <testcase classname="ptolemy.util.test.junit.AutoTests" name="[69] /home/travis/build/icyphy/ptII/ptolemy/domains/continuous/test/auto/Integration.xml (RunModel)" time="0.014" />
  <testcase classname="ptolemy.util.test.junit.AutoTests" name="[70] /home/travis/build/icyphy/ptII/ptolemy/domains/continuous/test/auto/Integration2.xml (RunModel)" time="0.097" />
  <testcase classname="ptolemy.util.test.junit.AutoTests" name="[71] /home/travis/build/icyphy/ptII/ptolemy/domains/continuous/test/auto/Integration3.xml (RunModel)" time="0.02" />
  <testcase classname="ptolemy.util.test.junit.AutoTests" name="[72] /home/travis/build/icyphy/ptII/ptolemy/domains/continuous/test/auto/Integration5.xml (RunModel)" time="0.025" />
  <testcase classname="ptolemy.util.test.junit.AutoTests" name="[73] /home/travis/build/icyphy/ptII/ptolemy/domains/continuous/test/auto/IntegratorImpulse.xml (RunModel)" time="0.01" />
  <testcase classname="ptolemy.util.test.junit.AutoTests" name="[74] /home/travis/build/icyphy/ptII/ptolemy/domains/continuous/test/auto/IntegratorImpulse2.xml (RunModel)" time="0.013" />
  <testcase classname="ptolemy.util.test.junit.AutoTests" name="[75] /home/travis/build/icyphy/ptII/ptolemy/domains/continuous/test/auto/LevelCrossing1.xml (RunModel)" time="0.017" />
  <testcase classname="ptolemy.util.test.junit.AutoTests" name="[76] /home/travis/build/icyphy/ptII/ptolemy/domains/continuous/test/auto/LevelCrossing2.xml (RunModel)" time="0.014" />
  <testcase classname="ptolemy.util.test.junit.AutoTests" name="[77] /home/travis/build/icyphy/ptII/ptolemy/domains/continuous/test/auto/LevelCrossing3.xml (RunModel)" time="0.012" />
  <testcase classname="ptolemy.util.test.junit.AutoTests" name="[78] /home/travis/build/icyphy/ptII/ptolemy/domains/continuous/test/auto/LevelCrossing4.xml (RunModel)" time="0.017" />
  <testcase classname="ptolemy.util.test.junit.AutoTests" name="[79] /home/travis/build/icyphy/ptII/ptolemy/domains/continuous/test/auto/LevelCrossing5.xml (RunModel)" time="0.016" />
  <testcase classname="ptolemy.util.test.junit.AutoTests" name="[80] /home/travis/build/icyphy/ptII/ptolemy/domains/continuous/test/auto/LevelCrossing6.xml (RunModel)" time="0.016" />
  <testcase classname="ptolemy.util.test.junit.AutoTests" name="[81] /home/travis/build/icyphy/ptII/ptolemy/domains/continuous/test/auto/LevelCrossingDetector.xml (RunModel)" time="0.048" />
  <testcase classname="ptolemy.util.test.junit.AutoTests" name="[82] /home/travis/build/icyphy/ptII/ptolemy/domains/continuous/test/auto/LevelCrossingDetectorDetectingDirections.xml (RunModel)" time="0.096" />
  <testcase classname="ptolemy.util.test.junit.AutoTests" name="[83] /home/travis/build/icyphy/ptII/ptolemy/domains/continuous/test/auto/LevelCrossingDetectorDetectsGlitches.xml (RunModel)" time="0.073" />
  <testcase classname="ptolemy.util.test.junit.AutoTests" name="[84] /home/travis/build/icyphy/ptII/ptolemy/domains/continuous/test/auto/LevelCrossingNoInitialOuput.xml (RunModel)" time="0.018" />
  <testcase classname="ptolemy.util.test.junit.AutoTests" name="[85] /home/travis/build/icyphy/ptII/ptolemy/domains/continuous/test/auto/LinearStateSpaceExample.xml (RunModel)" time="0.099" />
  <testcase classname="ptolemy.util.test.junit.AutoTests" name="[86] /home/travis/build/icyphy/ptII/ptolemy/domains/continuous/test/auto/Lorenz.xml (RunModel)" time="4.6" />
  <testcase classname="ptolemy.util.test.junit.AutoTests" name="[87] /home/travis/build/icyphy/ptII/ptolemy/domains/continuous/test/auto/LorenzDifferentialSystem.xml (RunModel)" time="1.287" />
  <testcase classname="ptolemy.util.test.junit.AutoTests" name="[88] /home/travis/build/icyphy/ptII/ptolemy/domains/continuous/test/auto/LorenzDifferentialSystemWithInput.xml (RunModel)" time="1.605" />
  <testcase classname="ptolemy.util.test.junit.AutoTests" name="[89] /home/travis/build/icyphy/ptII/ptolemy/domains/continuous/test/auto/LorenzDifferentialSystemWithTime.xml (RunModel)" time="0.801" />
  <testcase classname="ptolemy.util.test.junit.AutoTests" name="[90] /home/travis/build/icyphy/ptII/ptolemy/domains/continuous/test/auto/Microsteps.xml (RunModel)" time="0.032" />
  <testcase classname="ptolemy.util.test.junit.AutoTests" name="[91] /home/travis/build/icyphy/ptII/ptolemy/domains/continuous/test/auto/Modal1.xml (RunModel)" time="0.041" />
  <testcase classname="ptolemy.util.test.junit.AutoTests" name="[92] /home/travis/build/icyphy/ptII/ptolemy/domains/continuous/test/auto/Modal2.xml (RunModel)" time="0.067" />
  <testcase classname="ptolemy.util.test.junit.AutoTests" name="[93] /home/travis/build/icyphy/ptII/ptolemy/domains/continuous/test/auto/ModalTransitionGuardWithReset.xml (RunModel)" time="0.025" />
  <testcase classname="ptolemy.util.test.junit.AutoTests" name="[94] /home/travis/build/icyphy/ptII/ptolemy/domains/continuous/test/auto/ModalTransitionGuardWithResetUsingPreemptiveTransition.xml (RunModel)" time="0.028" />
  <testcase classname="ptolemy.util.test.junit.AutoTests" name="[95] /home/travis/build/icyphy/ptII/ptolemy/domains/continuous/test/auto/ModalTransitionGuardWithResetUsingPreemptiveTransition2.xml (RunModel)" time="0.037" />
  <testcase classname="ptolemy.util.test.junit.AutoTests" name="[96] /home/travis/build/icyphy/ptII/ptolemy/domains/continuous/test/auto/ModalTransitionGuardWithResetUsingPreemptiveTransition3.xml (RunModel)" time="0.028" />
  <testcase classname="ptolemy.util.test.junit.AutoTests" name="[97] /home/travis/build/icyphy/ptII/ptolemy/domains/continuous/test/auto/NewtonsCradle.xml (RunModel)" time="0.863" />
  <testcase classname="ptolemy.util.test.junit.AutoTests" name="[98] /home/travis/build/icyphy/ptII/ptolemy/domains/continuous/test/auto/NewtonsCradleAnimated.xml (RunModel)" time="1.477" />
  <testcase classname="ptolemy.util.test.junit.AutoTests" name="[99] /home/travis/build/icyphy/ptII/ptolemy/domains/continuous/test/auto/NewtonsCradleComplicated.xml (RunModel)" time="1.218" />
  <testcase classname="ptolemy.util.test.junit.AutoTests" name="[100] /home/travis/build/icyphy/ptII/ptolemy/domains/continuous/test/auto/NewtonsCradleNondeterministic.xml (RunModel)" time="0.77" />
  <testcase classname="ptolemy.util.test.junit.AutoTests" name="[101] /home/travis/build/icyphy/ptII/ptolemy/domains/continuous/test/auto/NewtonsCradlePerfectlyInelastic1.xml (RunModel)" time="1.408" />
  <testcase classname="ptolemy.util.test.junit.AutoTests" name="[102] /home/travis/build/icyphy/ptII/ptolemy/domains/continuous/test/auto/Noise.xml (RunModel)" time="0.235" />
  <testcase classname="ptolemy.util.test.junit.AutoTests" name="[103] /home/travis/build/icyphy/ptII/ptolemy/domains/continuous/test/auto/NoiseSpectrum.xml (RunModel)" time="0.852" />
  <testcase classname="ptolemy.util.test.junit.AutoTests" name="[104] /home/travis/build/icyphy/ptII/ptolemy/domains/continuous/test/auto/ParameterizedNewtonsCradleAnimated.xml (RunModel)" time="0.443" />
  <testcase classname="ptolemy.util.test.junit.AutoTests" name="[105] /home/travis/build/icyphy/ptII/ptolemy/domains/continuous/test/auto/ParameterizedNewtonsCradleAnimatedNondeterministic.xml (RunModel)" time="1.348" />
  <testcase classname="ptolemy.util.test.junit.AutoTests" name="[106] /home/travis/build/icyphy/ptII/ptolemy/domains/continuous/test/auto/Pendulum3D.xml (RunModel)" time="0.18" />
  <testcase classname="ptolemy.util.test.junit.AutoTests" name="[107] /home/travis/build/icyphy/ptII/ptolemy/domains/continuous/test/auto/PeriodicSampler.xml (RunModel)" time="0.011" />
  <testcase classname="ptolemy.util.test.junit.AutoTests" name="[108] /home/travis/build/icyphy/ptII/ptolemy/domains/continuous/test/auto/PeriodicSampler1.xml (RunModel)" time="0.047" />
  <testcase classname="ptolemy.util.test.junit.AutoTests" name="[109] /home/travis/build/icyphy/ptII/ptolemy/domains/continuous/test/auto/PeriodicSampler2.xml (RunModel)" time="0.111" />
  <testcase classname="ptolemy.util.test.junit.AutoTests" name="[110] /home/travis/build/icyphy/ptII/ptolemy/domains/continuous/test/auto/Poisson.xml (RunModel)" time="0.54" />
  <testcase classname="ptolemy.util.test.junit.AutoTests" name="[111] /home/travis/build/icyphy/ptII/ptolemy/domains/continuous/test/auto/PoissonClock.xml (RunModel)" time="0.019" />
  <testcase classname="ptolemy.util.test.junit.AutoTests" name="[112] /home/travis/build/icyphy/ptII/ptolemy/domains/continuous/test/auto/PoissonClock2.xml (RunModel)" time="0.014" />
  <testcase classname="ptolemy.util.test.junit.AutoTests" name="[113] /home/travis/build/icyphy/ptII/ptolemy/domains/continuous/test/auto/PortParameterHierarchy.xml (RunModel)" time="0.035" />
  <testcase classname="ptolemy.util.test.junit.AutoTests" name="[114] /home/travis/build/icyphy/ptII/ptolemy/domains/continuous/test/auto/RandomHybridPlant.xml (RunModel)" time="0.633" />
  <testcase classname="ptolemy.util.test.junit.AutoTests" name="[115] /home/travis/build/icyphy/ptII/ptolemy/domains/continuous/test/auto/ResetTransitionWithStartTime1.xml (RunModel)" time="0.04" />
  <testcase classname="ptolemy.util.test.junit.AutoTests" name="[116] /home/travis/build/icyphy/ptII/ptolemy/domains/continuous/test/auto/ResetTransitionWithStartTime2.xml (RunModel)" time="0.049" />
  <testcase classname="ptolemy.util.test.junit.AutoTests" name="[117] /home/travis/build/icyphy/ptII/ptolemy/domains/continuous/test/auto/ResetTransitionWithStartTime3.xml (RunModel)" time="0.05" />
  <testcase classname="ptolemy.util.test.junit.AutoTests" name="[118] /home/travis/build/icyphy/ptII/ptolemy/domains/continuous/test/auto/ResetTransitionWithStartTime4.xml (RunModel)" time="0.04" />
  <testcase classname="ptolemy.util.test.junit.AutoTests" name="[119] /home/travis/build/icyphy/ptII/ptolemy/domains/continuous/test/auto/ResetTransitionWithStartTime5.xml (RunModel)" time="0.049" />
  <testcase classname="ptolemy.util.test.junit.AutoTests" name="[120] /home/travis/build/icyphy/ptII/ptolemy/domains/continuous/test/auto/ResetTransitionWithStartTime6.xml (RunModel)" time="0.029" />
  <testcase classname="ptolemy.util.test.junit.AutoTests" name="[121] /home/travis/build/icyphy/ptII/ptolemy/domains/continuous/test/auto/SRinContinuous.xml (RunModel)" time="0.025" />
  <testcase classname="ptolemy.util.test.junit.AutoTests" name="[122] /home/travis/build/icyphy/ptII/ptolemy/domains/continuous/test/auto/SampledClocks.xml (RunModel)" time="0.038" />
  <testcase classname="ptolemy.util.test.junit.AutoTests" name="[123] /home/travis/build/icyphy/ptII/ptolemy/domains/continuous/test/auto/Satellite.xml (RunModel)" time="0.95" />
  <testcase classname="ptolemy.util.test.junit.AutoTests" name="[124] /home/travis/build/icyphy/ptII/ptolemy/domains/continuous/test/auto/SigmaDelta.xml (RunModel)" time="2.364" />
  <testcase classname="ptolemy.util.test.junit.AutoTests" name="[125] /home/travis/build/icyphy/ptII/ptolemy/domains/continuous/test/auto/SingleRefinement.xml (RunModel)" time="0.458" />
  <testcase classname="ptolemy.util.test.junit.AutoTests" name="[126] /home/travis/build/icyphy/ptII/ptolemy/domains/continuous/test/auto/SinuBouncingBall.xml (RunModel)" time="0.996" />
  <testcase classname="ptolemy.util.test.junit.AutoTests" name="[127] /home/travis/build/icyphy/ptII/ptolemy/domains/continuous/test/auto/Sinusoid.xml (RunModel)" time="0.025" />
  <testcase classname="ptolemy.util.test.junit.AutoTests" name="[128] /home/travis/build/icyphy/ptII/ptolemy/domains/continuous/test/auto/SinusoidInNoise.xml (RunModel)" time="1.101" />
  <testcase classname="ptolemy.util.test.junit.AutoTests" name="[129] /home/travis/build/icyphy/ptII/ptolemy/domains/continuous/test/auto/SinusoidRK45.xml (RunModel)" time="0.015" />
  <testcase classname="ptolemy.util.test.junit.AutoTests" name="[130] /home/travis/build/icyphy/ptII/ptolemy/domains/continuous/test/auto/SinusoidWithMultipleImpulses.xml (RunModel)" time="0.014" />
  <testcase classname="ptolemy.util.test.junit.AutoTests" name="[131] /home/travis/build/icyphy/ptII/ptolemy/domains/continuous/test/auto/SquareWave.xml (RunModel)" time="0.237" />
  <testcase classname="ptolemy.util.test.junit.AutoTests" name="[132] /home/travis/build/icyphy/ptII/ptolemy/domains/continuous/test/auto/Starmac.xml (RunModel)" time="3.414" />
  <testcase classname="ptolemy.util.test.junit.AutoTests" name="[133] /home/travis/build/icyphy/ptII/ptolemy/domains/continuous/test/auto/StaticUnits.xml (RunModel)" time="2.998" />
  <testcase classname="ptolemy.util.test.junit.AutoTests" name="[134] /home/travis/build/icyphy/ptII/ptolemy/domains/continuous/test/auto/StickyMasses.xml (RunModel)" time="0.207" />
  <testcase classname="ptolemy.util.test.junit.AutoTests" name="[135] /home/travis/build/icyphy/ptII/ptolemy/domains/continuous/test/auto/StopTime.xml (RunModel)" time="0.069" />
  <testcase classname="ptolemy.util.test.junit.AutoTests" name="[136] /home/travis/build/icyphy/ptII/ptolemy/domains/continuous/test/auto/StopTime2.xml (RunModel)" time="0.081" />
  <testcase classname="ptolemy.util.test.junit.AutoTests" name="[137] /home/travis/build/icyphy/ptII/ptolemy/domains/continuous/test/auto/Switch.xml (RunModel)" time="0.07" />
  <testcase classname="ptolemy.util.test.junit.AutoTests" name="[138] /home/travis/build/icyphy/ptII/ptolemy/domains/continuous/test/auto/Thermostat.xml (RunModel)" time="0.254" />
  <testcase classname="ptolemy.util.test.junit.AutoTests" name="[139] /home/travis/build/icyphy/ptII/ptolemy/domains/continuous/test/auto/TimeDelay.xml (RunModel)" time="0.015" />
  <testcase classname="ptolemy.util.test.junit.AutoTests" name="[140] /home/travis/build/icyphy/ptII/ptolemy/domains/continuous/test/auto/TimeDelay2.xml (RunModel)" time="0.032" />
  <testcase classname="ptolemy.util.test.junit.AutoTests" name="[141] /home/travis/build/icyphy/ptII/ptolemy/domains/continuous/test/auto/TimeDelay3.xml (RunModel)" time="0.017" />
  <testcase classname="ptolemy.util.test.junit.AutoTests" name="[142] /home/travis/build/icyphy/ptII/ptolemy/domains/continuous/test/auto/TransferAbsentToInside.xml (RunModel)" time="0.139" />
  <testcase classname="ptolemy.util.test.junit.AutoTests" name="[143] /home/travis/build/icyphy/ptII/ptolemy/domains/continuous/test/auto/Transmission.xml (RunModel)" time="0.86" />
  <testcase classname="ptolemy.util.test.junit.AutoTests" name="[144] /home/travis/build/icyphy/ptII/ptolemy/domains/continuous/test/auto/TriggeredContinuousClock.xml (RunModel)" time="0.093" />
  <testcase classname="ptolemy.util.test.junit.AutoTests" name="[145] /home/travis/build/icyphy/ptII/ptolemy/domains/continuous/test/auto/TwoMachineInfiniteBusControl.xml (RunModel)" time="3.101" />
  <testcase classname="ptolemy.util.test.junit.AutoTests" name="[146] /home/travis/build/icyphy/ptII/ptolemy/domains/continuous/test/auto/V2V.xml (RunModel)" time="0.881" />
  <testcase classname="ptolemy.util.test.junit.AutoTests" name="[147] /home/travis/build/icyphy/ptII/ptolemy/domains/continuous/test/auto/hierarchicalModalModel.xml (RunModel)" time="0.037" />
  <testcase classname="ptolemy.util.test.junit.AutoTests" name="[148] /home/travis/build/icyphy/ptII/ptolemy/domains/continuous/test/auto/hierarchicalModalModel1.xml (RunModel)" time="0.035" />
  <testcase classname="ptolemy.util.test.junit.AutoTests" name="[149] /home/travis/build/icyphy/ptII/ptolemy/domains/continuous/test/auto/hierarchicalModalModel2.xml (RunModel)" time="0.03" />
  <testcase classname="ptolemy.util.test.junit.AutoTests" name="[150] /home/travis/build/icyphy/ptII/ptolemy/domains/continuous/test/auto/hierarchicalModalModel3.xml (RunModel)" time="0.044" />
  <testcase classname="ptolemy.util.test.junit.AutoTests" name="[151] /home/travis/build/icyphy/ptII/ptolemy/domains/continuous/test/auto/hierarchicalModalModel4.xml (RunModel)" time="0.036" />
  <testcase classname="ptolemy.util.test.junit.AutoTests" name="[152] /home/travis/build/icyphy/ptII/ptolemy/domains/continuous/test/auto/junk.xml (RunModel)" time="0.189" />
  <system-out><![CDATA[No tcl tests in /home/travis/build/icyphy/ptII/ptolemy/domains/continuous/test
No auto/knownFailedTests/*.xml tests in /home/travis/build/icyphy/ptII/ptolemy/domains/continuous/test
No auto/linux-amd64/*.xml tests in /home/travis/build/icyphy/ptII/ptolemy/domains/continuous/test
AutoTests.java: About to close Vertx.
AutoTests.java: Vertx closed.

===========================================================================================
----------------- testing Wed Nov 20 06:17:42 UTC 2019 /home/travis/build/icyphy/ptII/ptolemy/domains/continuous/test/auto/BouncingBall.xml
----------------- Instantiating /home/travis/build/icyphy/ptII/ptolemy/domains/continuous/test/auto/BouncingBall.xml
2985 ms. Memory: 145408K Free: 72510K (50%)
----------------- Invoking toplevel() on ptolemy.moml.MoMLSimpleApplication@624221d1
----------------- Done invoking toplevel() on ptolemy.moml.MoMLSimpleApplication@624221d1
reloadAllAccessors: .BouncingBall

===========================================================================================
----------------- testing Wed Nov 20 06:17:45 UTC 2019 /home/travis/build/icyphy/ptII/ptolemy/domains/continuous/test/auto/BouncingBallWithoutGR.xml
----------------- Instantiating /home/travis/build/icyphy/ptII/ptolemy/domains/continuous/test/auto/BouncingBallWithoutGR.xml
1048 ms. Memory: 145408K Free: 60728K (42%)
----------------- Invoking toplevel() on ptolemy.moml.MoMLSimpleApplication@48c5b7c4
----------------- Done invoking toplevel() on ptolemy.moml.MoMLSimpleApplication@48c5b7c4
reloadAllAccessors: .BouncingBallWithoutGR

===========================================================================================
----------------- testing Wed Nov 20 06:17:47 UTC 2019 /home/travis/build/icyphy/ptII/ptolemy/domains/continuous/test/auto/Brownian.xml
----------------- Instantiating /home/travis/build/icyphy/ptII/ptolemy/domains/continuous/test/auto/Brownian.xml
29 ms. Memory: 145408K Free: 52026K (36%)
----------------- Invoking toplevel() on ptolemy.moml.MoMLSimpleApplication@67164b76
----------------- Done invoking toplevel() on ptolemy.moml.MoMLSimpleApplication@67164b76
reloadAllAccessors: .Brownian

===========================================================================================
----------------- testing Wed Nov 20 06:17:47 UTC 2019 /home/travis/build/icyphy/ptII/ptolemy/domains/continuous/test/auto/CarTracking.xml
----------------- Instantiating /home/travis/build/icyphy/ptII/ptolemy/domains/continuous/test/auto/CarTracking.xml
4228 ms. Memory: 210944K Free: 137375K (65%)
----------------- Invoking toplevel() on ptolemy.moml.MoMLSimpleApplication@3371bd07
----------------- Done invoking toplevel() on ptolemy.moml.MoMLSimpleApplication@3371bd07
reloadAllAccessors: .CarTracking

===========================================================================================
----------------- testing Wed Nov 20 06:17:51 UTC 2019 /home/travis/build/icyphy/ptII/ptolemy/domains/continuous/test/auto/CartPendulum.xml
----------------- Instantiating /home/travis/build/icyphy/ptII/ptolemy/domains/continuous/test/auto/CartPendulum.xml
481 ms. Memory: 210944K Free: 169561K (80%)
----------------- Invoking toplevel() on ptolemy.moml.MoMLSimpleApplication@266f6408
----------------- Done invoking toplevel() on ptolemy.moml.MoMLSimpleApplication@266f6408
reloadAllAccessors: .CartPendulum

===========================================================================================
----------------- testing Wed Nov 20 06:17:52 UTC 2019 /home/travis/build/icyphy/ptII/ptolemy/domains/continuous/test/auto/CausalityInterface10.xml
----------------- Instantiating /home/travis/build/icyphy/ptII/ptolemy/domains/continuous/test/auto/CausalityInterface10.xml
15 ms. Memory: 210944K Free: 158825K (75%)
----------------- Invoking toplevel() on ptolemy.moml.MoMLSimpleApplication@d2dd10c
----------------- Done invoking toplevel() on ptolemy.moml.MoMLSimpleApplication@d2dd10c
reloadAllAccessors: .CausalityInterface10

===========================================================================================
----------------- testing Wed Nov 20 06:17:52 UTC 2019 /home/travis/build/icyphy/ptII/ptolemy/domains/continuous/test/auto/CausalityInterface11.xml
----------------- Instantiating /home/travis/build/icyphy/ptII/ptolemy/domains/continuous/test/auto/CausalityInterface11.xml
13 ms. Memory: 210944K Free: 152681K (72%)
----------------- Invoking toplevel() on ptolemy.moml.MoMLSimpleApplication@64b2be01
----------------- Done invoking toplevel() on ptolemy.moml.MoMLSimpleApplication@64b2be01
reloadAllAccessors: .CausalityInterface11

===========================================================================================
----------------- testing Wed Nov 20 06:17:52 UTC 2019 /home/travis/build/icyphy/ptII/ptolemy/domains/continuous/test/auto/CausalityInterface12.xml
----------------- Instantiating /home/travis/build/icyphy/ptII/ptolemy/domains/continuous/test/auto/CausalityInterface12.xml
10 ms. Memory: 210944K Free: 146537K (69%)
----------------- Invoking toplevel() on ptolemy.moml.MoMLSimpleApplication@71b279bb
----------------- Done invoking toplevel() on ptolemy.moml.MoMLSimpleApplication@71b279bb
reloadAllAccessors: .CausalityInterface12

===========================================================================================
----------------- testing Wed Nov 20 06:17:52 UTC 2019 /home/travis/build/icyphy/ptII/ptolemy/domains/continuous/test/auto/CausalityInterface13.xml
----------------- Instantiating /home/travis/build/icyphy/ptII/ptolemy/domains/continuous/test/auto/CausalityInterface13.xml
4 ms. Memory: 210944K Free: 140393K (67%)
----------------- Invoking toplevel() on ptolemy.moml.MoMLSimpleApplication@bcf71cc
----------------- Done invoking toplevel() on ptolemy.moml.MoMLSimpleApplication@bcf71cc
reloadAllAccessors: .CausalityInterface13

===========================================================================================
----------------- testing Wed Nov 20 06:17:52 UTC 2019 /home/travis/build/icyphy/ptII/ptolemy/domains/continuous/test/auto/CausalityInterface14.xml
----------------- Instantiating /home/travis/build/icyphy/ptII/ptolemy/domains/continuous/test/auto/CausalityInterface14.xml
4 ms. Memory: 210944K Free: 134745K (64%)
----------------- Invoking toplevel() on ptolemy.moml.MoMLSimpleApplication@54d476ca
----------------- Done invoking toplevel() on ptolemy.moml.MoMLSimpleApplication@54d476ca
reloadAllAccessors: .CausalityInterface14

===========================================================================================
----------------- testing Wed Nov 20 06:17:52 UTC 2019 /home/travis/build/icyphy/ptII/ptolemy/domains/continuous/test/auto/CausalityInterface4.xml
----------------- Instantiating /home/travis/build/icyphy/ptII/ptolemy/domains/continuous/test/auto/CausalityInterface4.xml
5 ms. Memory: 210944K Free: 127577K (60%)
----------------- Invoking toplevel() on ptolemy.moml.MoMLSimpleApplication@69408ddd
----------------- Done invoking toplevel() on ptolemy.moml.MoMLSimpleApplication@69408ddd
reloadAllAccessors: .CausalityInterface4

===========================================================================================
----------------- testing Wed Nov 20 06:17:52 UTC 2019 /home/travis/build/icyphy/ptII/ptolemy/domains/continuous/test/auto/CausalityInterface5.xml
----------------- Instantiating /home/travis/build/icyphy/ptII/ptolemy/domains/continuous/test/auto/CausalityInterface5.xml
13 ms. Memory: 210944K Free: 119399K (57%)
----------------- Invoking toplevel() on ptolemy.moml.MoMLSimpleApplication@6f47c08c
----------------- Done invoking toplevel() on ptolemy.moml.MoMLSimpleApplication@6f47c08c
reloadAllAccessors: .CausalityInterface5

===========================================================================================
----------------- testing Wed Nov 20 06:17:52 UTC 2019 /home/travis/build/icyphy/ptII/ptolemy/domains/continuous/test/auto/CausalityInterface6.xml
----------------- Instantiating /home/travis/build/icyphy/ptII/ptolemy/domains/continuous/test/auto/CausalityInterface6.xml
4 ms. Memory: 210944K Free: 114265K (54%)
----------------- Invoking toplevel() on ptolemy.moml.MoMLSimpleApplication@3bcf09fb
----------------- Done invoking toplevel() on ptolemy.moml.MoMLSimpleApplication@3bcf09fb
reloadAllAccessors: .CausalityInterface6

===========================================================================================
----------------- testing Wed Nov 20 06:17:53 UTC 2019 /home/travis/build/icyphy/ptII/ptolemy/domains/continuous/test/auto/CausalityInterface7.xml
----------------- Instantiating /home/travis/build/icyphy/ptII/ptolemy/domains/continuous/test/auto/CausalityInterface7.xml
13 ms. Memory: 210944K Free: 105577K (50%)
----------------- Invoking toplevel() on ptolemy.moml.MoMLSimpleApplication@3e8e2958
----------------- Done invoking toplevel() on ptolemy.moml.MoMLSimpleApplication@3e8e2958
reloadAllAccessors: .CausalityInterface7

===========================================================================================
----------------- testing Wed Nov 20 06:17:53 UTC 2019 /home/travis/build/icyphy/ptII/ptolemy/domains/continuous/test/auto/CausalityInterface8.xml
----------------- Instantiating /home/travis/build/icyphy/ptII/ptolemy/domains/continuous/test/auto/CausalityInterface8.xml
6 ms. Memory: 210944K Free: 96361K (46%)
----------------- Invoking toplevel() on ptolemy.moml.MoMLSimpleApplication@5a0d92ff
----------------- Done invoking toplevel() on ptolemy.moml.MoMLSimpleApplication@5a0d92ff
reloadAllAccessors: .CausalityInterface8

===========================================================================================
----------------- testing Wed Nov 20 06:17:53 UTC 2019 /home/travis/build/icyphy/ptII/ptolemy/domains/continuous/test/auto/CausalityInterface9.xml
----------------- Instantiating /home/travis/build/icyphy/ptII/ptolemy/domains/continuous/test/auto/CausalityInterface9.xml
15 ms. Memory: 210944K Free: 85607K (41%)
----------------- Invoking toplevel() on ptolemy.moml.MoMLSimpleApplication@2b684f10
----------------- Done invoking toplevel() on ptolemy.moml.MoMLSimpleApplication@2b684f10
reloadAllAccessors: .CausalityInterface9

===========================================================================================
----------------- testing Wed Nov 20 06:17:53 UTC 2019 /home/travis/build/icyphy/ptII/ptolemy/domains/continuous/test/auto/CausalityInterfaceFeedback1.xml
----------------- Instantiating /home/travis/build/icyphy/ptII/ptolemy/domains/continuous/test/auto/CausalityInterfaceFeedback1.xml
7 ms. Memory: 210944K Free: 78953K (37%)
----------------- Invoking toplevel() on ptolemy.moml.MoMLSimpleApplication@3b2aafd9
----------------- Done invoking toplevel() on ptolemy.moml.MoMLSimpleApplication@3b2aafd9
reloadAllAccessors: .CausalityInterfaceFeedback1

===========================================================================================
----------------- testing Wed Nov 20 06:17:53 UTC 2019 /home/travis/build/icyphy/ptII/ptolemy/domains/continuous/test/auto/CausalityInterfaceFeedback2.xml
----------------- Instantiating /home/travis/build/icyphy/ptII/ptolemy/domains/continuous/test/auto/CausalityInterfaceFeedback2.xml
12 ms. Memory: 210944K Free: 196728K (93%)
----------------- Invoking toplevel() on ptolemy.moml.MoMLSimpleApplication@a47b6d4
----------------- Done invoking toplevel() on ptolemy.moml.MoMLSimpleApplication@a47b6d4
reloadAllAccessors: .CausalityInterfaceFeedback2

===========================================================================================
----------------- testing Wed Nov 20 06:17:53 UTC 2019 /home/travis/build/icyphy/ptII/ptolemy/domains/continuous/test/auto/CompareWithCurrentTime.xml
----------------- Instantiating /home/travis/build/icyphy/ptII/ptolemy/domains/continuous/test/auto/CompareWithCurrentTime.xml
3 ms. Memory: 210944K Free: 192167K (91%)
----------------- Invoking toplevel() on ptolemy.moml.MoMLSimpleApplication@6dd9c513
----------------- Done invoking toplevel() on ptolemy.moml.MoMLSimpleApplication@6dd9c513
reloadAllAccessors: .CompareWithCurrentTime

===========================================================================================
----------------- testing Wed Nov 20 06:17:53 UTC 2019 /home/travis/build/icyphy/ptII/ptolemy/domains/continuous/test/auto/ComparedClocks.xml
----------------- Instantiating /home/travis/build/icyphy/ptII/ptolemy/domains/continuous/test/auto/ComparedClocks.xml
10 ms. Memory: 210944K Free: 176807K (84%)
----------------- Invoking toplevel() on ptolemy.moml.MoMLSimpleApplication@3370f684
----------------- Done invoking toplevel() on ptolemy.moml.MoMLSimpleApplication@3370f684
reloadAllAccessors: .ComparedClocks

===========================================================================================
----------------- testing Wed Nov 20 06:17:53 UTC 2019 /home/travis/build/icyphy/ptII/ptolemy/domains/continuous/test/auto/ContinuousAOCClone.xml
----------------- Instantiating /home/travis/build/icyphy/ptII/ptolemy/domains/continuous/test/auto/ContinuousAOCClone.xml
2643 ms. Memory: 253952K Free: 195266K (77%)
----------------- Invoking toplevel() on ptolemy.moml.MoMLSimpleApplication@5b6ede31
----------------- Done invoking toplevel() on ptolemy.moml.MoMLSimpleApplication@5b6ede31
reloadAllAccessors: .ContinuousAOCClone

===========================================================================================
----------------- testing Wed Nov 20 06:17:56 UTC 2019 /home/travis/build/icyphy/ptII/ptolemy/domains/continuous/test/auto/ContinuousClock.xml
----------------- Instantiating /home/travis/build/icyphy/ptII/ptolemy/domains/continuous/test/auto/ContinuousClock.xml
28 ms. Memory: 253952K Free: 173233K (68%)
----------------- Invoking toplevel() on ptolemy.moml.MoMLSimpleApplication@29350297
----------------- Done invoking toplevel() on ptolemy.moml.MoMLSimpleApplication@29350297
reloadAllAccessors: .ContinuousClock

===========================================================================================
----------------- testing Wed Nov 20 06:17:56 UTC 2019 /home/travis/build/icyphy/ptII/ptolemy/domains/continuous/test/auto/ContinuousInContinuous.xml
----------------- Instantiating /home/travis/build/icyphy/ptII/ptolemy/domains/continuous/test/auto/ContinuousInContinuous.xml
45 ms. Memory: 253952K Free: 149689K (59%)
----------------- Invoking toplevel() on ptolemy.moml.MoMLSimpleApplication@2675c23d
----------------- Done invoking toplevel() on ptolemy.moml.MoMLSimpleApplication@2675c23d
reloadAllAccessors: .ContinuousInContinuous

===========================================================================================
----------------- testing Wed Nov 20 06:17:56 UTC 2019 /home/travis/build/icyphy/ptII/ptolemy/domains/continuous/test/auto/ContinuousInContinuousInContinuous.xml
----------------- Instantiating /home/travis/build/icyphy/ptII/ptolemy/domains/continuous/test/auto/ContinuousInContinuousInContinuous.xml
11 ms. Memory: 253952K Free: 141504K (56%)
----------------- Invoking toplevel() on ptolemy.moml.MoMLSimpleApplication@3245ce76
----------------- Done invoking toplevel() on ptolemy.moml.MoMLSimpleApplication@3245ce76
reloadAllAccessors: .ContinuousInContinuousInContinuous

===========================================================================================
----------------- testing Wed Nov 20 06:17:56 UTC 2019 /home/travis/build/icyphy/ptII/ptolemy/domains/continuous/test/auto/ContinuousInDE.xml
----------------- Instantiating /home/travis/build/icyphy/ptII/ptolemy/domains/continuous/test/auto/ContinuousInDE.xml
108 ms. Memory: 253952K Free: 131264K (52%)
----------------- Invoking toplevel() on ptolemy.moml.MoMLSimpleApplication@6f85bdad
----------------- Done invoking toplevel() on ptolemy.moml.MoMLSimpleApplication@6f85bdad
reloadAllAccessors: .ContinuousInDE

===========================================================================================
----------------- testing Wed Nov 20 06:17:56 UTC 2019 /home/travis/build/icyphy/ptII/ptolemy/domains/continuous/test/auto/ContinuousInDE2.xml
----------------- Instantiating /home/travis/build/icyphy/ptII/ptolemy/domains/continuous/test/auto/ContinuousInDE2.xml
40 ms. Memory: 253952K Free: 121024K (48%)
----------------- Invoking toplevel() on ptolemy.moml.MoMLSimpleApplication@1317e86c
----------------- Done invoking toplevel() on ptolemy.moml.MoMLSimpleApplication@1317e86c
reloadAllAccessors: .ContinuousInDE2

===========================================================================================
----------------- testing Wed Nov 20 06:17:56 UTC 2019 /home/travis/build/icyphy/ptII/ptolemy/domains/continuous/test/auto/ContinuousInDE3.xml
----------------- Instantiating /home/travis/build/icyphy/ptII/ptolemy/domains/continuous/test/auto/ContinuousInDE3.xml
40 ms. Memory: 253952K Free: 111298K (44%)
----------------- Invoking toplevel() on ptolemy.moml.MoMLSimpleApplication@4d3b77c7
----------------- Done invoking toplevel() on ptolemy.moml.MoMLSimpleApplication@4d3b77c7
reloadAllAccessors: .ContinuousInDE3

===========================================================================================
----------------- testing Wed Nov 20 06:17:56 UTC 2019 /home/travis/build/icyphy/ptII/ptolemy/domains/continuous/test/auto/ContinuousInDE4.xml
----------------- Instantiating /home/travis/build/icyphy/ptII/ptolemy/domains/continuous/test/auto/ContinuousInDE4.xml
13 ms. Memory: 253952K Free: 105154K (41%)
----------------- Invoking toplevel() on ptolemy.moml.MoMLSimpleApplication@487d3d68
----------------- Done invoking toplevel() on ptolemy.moml.MoMLSimpleApplication@487d3d68
reloadAllAccessors: .ContinuousInDE4

===========================================================================================
----------------- testing Wed Nov 20 06:17:56 UTC 2019 /home/travis/build/icyphy/ptII/ptolemy/domains/continuous/test/auto/ContinuousInDEDifferentRefinements.xml
----------------- Instantiating /home/travis/build/icyphy/ptII/ptolemy/domains/continuous/test/auto/ContinuousInDEDifferentRefinements.xml
53 ms. Memory: 253952K Free: 224131K (88%)
----------------- Invoking toplevel() on ptolemy.moml.MoMLSimpleApplication@6e4c076b
----------------- Done invoking toplevel() on ptolemy.moml.MoMLSimpleApplication@6e4c076b
reloadAllAccessors: .ContinuousInDEDifferentRefinements

===========================================================================================
----------------- testing Wed Nov 20 06:17:56 UTC 2019 /home/travis/build/icyphy/ptII/ptolemy/domains/continuous/test/auto/ContinuousInDEDifferentRefinementsPreemptive.xml
----------------- Instantiating /home/travis/build/icyphy/ptII/ptolemy/domains/continuous/test/auto/ContinuousInDEDifferentRefinementsPreemptive.xml
46 ms. Memory: 253952K Free: 193185K (76%)
----------------- Invoking toplevel() on ptolemy.moml.MoMLSimpleApplication@3996993e
----------------- Done invoking toplevel() on ptolemy.moml.MoMLSimpleApplication@3996993e
reloadAllAccessors: .ContinuousInDEDifferentRefinementsPreemptive

===========================================================================================
----------------- testing Wed Nov 20 06:17:57 UTC 2019 /home/travis/build/icyphy/ptII/ptolemy/domains/continuous/test/auto/ContinuousInDEInContinuous2.xml
----------------- Instantiating /home/travis/build/icyphy/ptII/ptolemy/domains/continuous/test/auto/ContinuousInDEInContinuous2.xml
41 ms. Memory: 253952K Free: 181952K (72%)
----------------- Invoking toplevel() on ptolemy.moml.MoMLSimpleApplication@43cf24ac
----------------- Done invoking toplevel() on ptolemy.moml.MoMLSimpleApplication@43cf24ac
reloadAllAccessors: .ContinuousInDEInContinuous2

===========================================================================================
----------------- testing Wed Nov 20 06:17:57 UTC 2019 /home/travis/build/icyphy/ptII/ptolemy/domains/continuous/test/auto/ContinuousInDEInContinuous3.xml
----------------- Instantiating /home/travis/build/icyphy/ptII/ptolemy/domains/continuous/test/auto/ContinuousInDEInContinuous3.xml
43 ms. Memory: 253952K Free: 169664K (67%)
----------------- Invoking toplevel() on ptolemy.moml.MoMLSimpleApplication@272dbb36
----------------- Done invoking toplevel() on ptolemy.moml.MoMLSimpleApplication@272dbb36
reloadAllAccessors: .ContinuousInDEInContinuous3

===========================================================================================
----------------- testing Wed Nov 20 06:17:57 UTC 2019 /home/travis/build/icyphy/ptII/ptolemy/domains/continuous/test/auto/ContinuousInDEInput.xml
----------------- Instantiating /home/travis/build/icyphy/ptII/ptolemy/domains/continuous/test/auto/ContinuousInDEInput.xml
18 ms. Memory: 253952K Free: 162496K (64%)
----------------- Invoking toplevel() on ptolemy.moml.MoMLSimpleApplication@2e58d4a3
----------------- Done invoking toplevel() on ptolemy.moml.MoMLSimpleApplication@2e58d4a3
reloadAllAccessors: .ContinuousInDEInput

===========================================================================================
----------------- testing Wed Nov 20 06:17:57 UTC 2019 /home/travis/build/icyphy/ptII/ptolemy/domains/continuous/test/auto/ContinuousInDEInput2.xml
----------------- Instantiating /home/travis/build/icyphy/ptII/ptolemy/domains/continuous/test/auto/ContinuousInDEInput2.xml
15 ms. Memory: 253952K Free: 154818K (61%)
----------------- Invoking toplevel() on ptolemy.moml.MoMLSimpleApplication@48b71e9c
----------------- Done invoking toplevel() on ptolemy.moml.MoMLSimpleApplication@48b71e9c
reloadAllAccessors: .ContinuousInDEInput2

===========================================================================================
----------------- testing Wed Nov 20 06:17:57 UTC 2019 /home/travis/build/icyphy/ptII/ptolemy/domains/continuous/test/auto/ContinuousInDEInput3.xml
----------------- Instantiating /home/travis/build/icyphy/ptII/ptolemy/domains/continuous/test/auto/ContinuousInDEInput3.xml
14 ms. Memory: 253952K Free: 147650K (58%)
----------------- Invoking toplevel() on ptolemy.moml.MoMLSimpleApplication@541c41d8
----------------- Done invoking toplevel() on ptolemy.moml.MoMLSimpleApplication@541c41d8
reloadAllAccessors: .ContinuousInDEInput3

===========================================================================================
----------------- testing Wed Nov 20 06:17:57 UTC 2019 /home/travis/build/icyphy/ptII/ptolemy/domains/continuous/test/auto/ContinuousInDESharingRefinement.xml
----------------- Instantiating /home/travis/build/icyphy/ptII/ptolemy/domains/continuous/test/auto/ContinuousInDESharingRefinement.xml
169 ms. Memory: 253952K Free: 203695K (80%)
----------------- Invoking toplevel() on ptolemy.moml.MoMLSimpleApplication@3981d624
----------------- Done invoking toplevel() on ptolemy.moml.MoMLSimpleApplication@3981d624
reloadAllAccessors: .ContinuousInDESharingRefinement

===========================================================================================
----------------- testing Wed Nov 20 06:17:57 UTC 2019 /home/travis/build/icyphy/ptII/ptolemy/domains/continuous/test/auto/ContinuousInDEwithNoPorts.xml
----------------- Instantiating /home/travis/build/icyphy/ptII/ptolemy/domains/continuous/test/auto/ContinuousInDEwithNoPorts.xml
6 ms. Memory: 253952K Free: 199089K (78%)
----------------- Invoking toplevel() on ptolemy.moml.MoMLSimpleApplication@2108c0e1
----------------- Done invoking toplevel() on ptolemy.moml.MoMLSimpleApplication@2108c0e1
reloadAllAccessors: .ContinuousInDEwithNoPorts

===========================================================================================
----------------- testing Wed Nov 20 06:17:57 UTC 2019 /home/travis/build/icyphy/ptII/ptolemy/domains/continuous/test/auto/ContinuousInsideDE.xml
----------------- Instantiating /home/travis/build/icyphy/ptII/ptolemy/domains/continuous/test/auto/ContinuousInsideDE.xml
45 ms. Memory: 253952K Free: 187311K (74%)
----------------- Invoking toplevel() on ptolemy.moml.MoMLSimpleApplication@d5421e0
----------------- Done invoking toplevel() on ptolemy.moml.MoMLSimpleApplication@d5421e0
reloadAllAccessors: .ContinuousInsideDE

===========================================================================================
----------------- testing Wed Nov 20 06:17:57 UTC 2019 /home/travis/build/icyphy/ptII/ptolemy/domains/continuous/test/auto/ContinuousMerge1.xml
----------------- Instantiating /home/travis/build/icyphy/ptII/ptolemy/domains/continuous/test/auto/ContinuousMerge1.xml
7 ms. Memory: 253952K Free: 183215K (72%)
----------------- Invoking toplevel() on ptolemy.moml.MoMLSimpleApplication@2e31b103
----------------- Done invoking toplevel() on ptolemy.moml.MoMLSimpleApplication@2e31b103
reloadAllAccessors: .ContinuousMerge1

===========================================================================================
----------------- testing Wed Nov 20 06:17:57 UTC 2019 /home/travis/build/icyphy/ptII/ptolemy/domains/continuous/test/auto/ContinuousMerge2.xml
----------------- Instantiating /home/travis/build/icyphy/ptII/ptolemy/domains/continuous/test/auto/ContinuousMerge2.xml
18 ms. Memory: 253952K Free: 172975K (68%)
----------------- Invoking toplevel() on ptolemy.moml.MoMLSimpleApplication@6f3a1266
----------------- Done invoking toplevel() on ptolemy.moml.MoMLSimpleApplication@6f3a1266
reloadAllAccessors: .ContinuousMerge2

===========================================================================================
----------------- testing Wed Nov 20 06:17:57 UTC 2019 /home/travis/build/icyphy/ptII/ptolemy/domains/continuous/test/auto/ContinuousMerge3.xml
----------------- Instantiating /home/travis/build/icyphy/ptII/ptolemy/domains/continuous/test/auto/ContinuousMerge3.xml
56 ms. Memory: 253952K Free: 162225K (64%)
----------------- Invoking toplevel() on ptolemy.moml.MoMLSimpleApplication@1a27ea44
----------------- Done invoking toplevel() on ptolemy.moml.MoMLSimpleApplication@1a27ea44
reloadAllAccessors: .ContinuousMerge3

===========================================================================================
----------------- testing Wed Nov 20 06:17:57 UTC 2019 /home/travis/build/icyphy/ptII/ptolemy/domains/continuous/test/auto/ContinuousWithinContinuous.xml
----------------- Instantiating /home/travis/build/icyphy/ptII/ptolemy/domains/continuous/test/auto/ContinuousWithinContinuous.xml
47 ms. Memory: 253952K Free: 153009K (60%)
----------------- Invoking toplevel() on ptolemy.moml.MoMLSimpleApplication@4959a319
----------------- Done invoking toplevel() on ptolemy.moml.MoMLSimpleApplication@4959a319
reloadAllAccessors: .ContinuousWithinContinuous

===========================================================================================
----------------- testing Wed Nov 20 06:17:57 UTC 2019 /home/travis/build/icyphy/ptII/ptolemy/domains/continuous/test/auto/ContinuousWithinContinuous2.xml
----------------- Instantiating /home/travis/build/icyphy/ptII/ptolemy/domains/continuous/test/auto/ContinuousWithinContinuous2.xml
89 ms. Memory: 253952K Free: 142255K (56%)
----------------- Invoking toplevel() on ptolemy.moml.MoMLSimpleApplication@28ea75a9
----------------- Done invoking toplevel() on ptolemy.moml.MoMLSimpleApplication@28ea75a9
reloadAllAccessors: .ContinuousWithinContinuous2

===========================================================================================
----------------- testing Wed Nov 20 06:17:57 UTC 2019 /home/travis/build/icyphy/ptII/ptolemy/domains/continuous/test/auto/ContinuousWithinContinuous3.xml
----------------- Instantiating /home/travis/build/icyphy/ptII/ptolemy/domains/continuous/test/auto/ContinuousWithinContinuous3.xml
16 ms. Memory: 253952K Free: 135601K (53%)
----------------- Invoking toplevel() on ptolemy.moml.MoMLSimpleApplication@597599d7
----------------- Done invoking toplevel() on ptolemy.moml.MoMLSimpleApplication@597599d7
reloadAllAccessors: .ContinuousWithinContinuous3

===========================================================================================
----------------- testing Wed Nov 20 06:17:57 UTC 2019 /home/travis/build/icyphy/ptII/ptolemy/domains/continuous/test/auto/ContinuousWithinContinuous4.xml
----------------- Instantiating /home/travis/build/icyphy/ptII/ptolemy/domains/continuous/test/auto/ContinuousWithinContinuous4.xml
94 ms. Memory: 253952K Free: 123823K (49%)
----------------- Invoking toplevel() on ptolemy.moml.MoMLSimpleApplication@3a1094a3
----------------- Done invoking toplevel() on ptolemy.moml.MoMLSimpleApplication@3a1094a3
reloadAllAccessors: .ContinuousWithinContinuous4

===========================================================================================
----------------- testing Wed Nov 20 06:17:58 UTC 2019 /home/travis/build/icyphy/ptII/ptolemy/domains/continuous/test/auto/ContinuousWithinContinuous5.xml
----------------- Instantiating /home/travis/build/icyphy/ptII/ptolemy/domains/continuous/test/auto/ContinuousWithinContinuous5.xml
17 ms. Memory: 253952K Free: 116655K (46%)
----------------- Invoking toplevel() on ptolemy.moml.MoMLSimpleApplication@738af1aa
----------------- Done invoking toplevel() on ptolemy.moml.MoMLSimpleApplication@738af1aa
reloadAllAccessors: .ContinuousWithinContinuous5

===========================================================================================
----------------- testing Wed Nov 20 06:17:58 UTC 2019 /home/travis/build/icyphy/ptII/ptolemy/domains/continuous/test/auto/ContinuousWithinContinuous6.xml
----------------- Instantiating /home/travis/build/icyphy/ptII/ptolemy/domains/continuous/test/auto/ContinuousWithinContinuous6.xml
16 ms. Memory: 253952K Free: 109487K (43%)
----------------- Invoking toplevel() on ptolemy.moml.MoMLSimpleApplication@124e5e5c
----------------- Done invoking toplevel() on ptolemy.moml.MoMLSimpleApplication@124e5e5c
reloadAllAccessors: .ContinuousWithinContinuous6

===========================================================================================
----------------- testing Wed Nov 20 06:17:58 UTC 2019 /home/travis/build/icyphy/ptII/ptolemy/domains/continuous/test/auto/ContinuousWithinContinuous7.xml
----------------- Instantiating /home/travis/build/icyphy/ptII/ptolemy/domains/continuous/test/auto/ContinuousWithinContinuous7.xml
81 ms. Memory: 253952K Free: 98737K (39%)
----------------- Invoking toplevel() on ptolemy.moml.MoMLSimpleApplication@65f54ff1
----------------- Done invoking toplevel() on ptolemy.moml.MoMLSimpleApplication@65f54ff1
reloadAllAccessors: .ContinuousWithinContinuous7

===========================================================================================
----------------- testing Wed Nov 20 06:17:58 UTC 2019 /home/travis/build/icyphy/ptII/ptolemy/domains/continuous/test/auto/DCMotor.xml
----------------- Instantiating /home/travis/build/icyphy/ptII/ptolemy/domains/continuous/test/auto/DCMotor.xml
14458 ms. Memory: 253952K Free: 178078K (70%)
----------------- Invoking toplevel() on ptolemy.moml.MoMLSimpleApplication@1d24d85a
----------------- Done invoking toplevel() on ptolemy.moml.MoMLSimpleApplication@1d24d85a
reloadAllAccessors: .DCMotor

===========================================================================================
----------------- testing Wed Nov 20 06:18:12 UTC 2019 /home/travis/build/icyphy/ptII/ptolemy/domains/continuous/test/auto/DEInContinuous.xml
----------------- Instantiating /home/travis/build/icyphy/ptII/ptolemy/domains/continuous/test/auto/DEInContinuous.xml
17 ms. Memory: 253952K Free: 171934K (68%)
----------------- Invoking toplevel() on ptolemy.moml.MoMLSimpleApplication@36e567de
----------------- Done invoking toplevel() on ptolemy.moml.MoMLSimpleApplication@36e567de
reloadAllAccessors: .DEInContinuous

===========================================================================================
----------------- testing Wed Nov 20 06:18:12 UTC 2019 /home/travis/build/icyphy/ptII/ptolemy/domains/continuous/test/auto/DEinContinuous2.xml
----------------- Instantiating /home/travis/build/icyphy/ptII/ptolemy/domains/continuous/test/auto/DEinContinuous2.xml
8 ms. Memory: 253952K Free: 163742K (64%)
----------------- Invoking toplevel() on ptolemy.moml.MoMLSimpleApplication@5995b1f1
----------------- Done invoking toplevel() on ptolemy.moml.MoMLSimpleApplication@5995b1f1
reloadAllAccessors: .DEinContinuous2

===========================================================================================
----------------- testing Wed Nov 20 06:18:12 UTC 2019 /home/travis/build/icyphy/ptII/ptolemy/domains/continuous/test/auto/Derivative.xml
----------------- Instantiating /home/travis/build/icyphy/ptII/ptolemy/domains/continuous/test/auto/Derivative.xml
162 ms. Memory: 253952K Free: 134046K (53%)
----------------- Invoking toplevel() on ptolemy.moml.MoMLSimpleApplication@25ed8afe
----------------- Done invoking toplevel() on ptolemy.moml.MoMLSimpleApplication@25ed8afe
reloadAllAccessors: .Derivative2

===========================================================================================
----------------- testing Wed Nov 20 06:18:13 UTC 2019 /home/travis/build/icyphy/ptII/ptolemy/domains/continuous/test/auto/Derivative1.xml
----------------- Instantiating /home/travis/build/icyphy/ptII/ptolemy/domains/continuous/test/auto/Derivative1.xml
37 ms. Memory: 253952K Free: 119710K (47%)
----------------- Invoking toplevel() on ptolemy.moml.MoMLSimpleApplication@18e4a940
----------------- Done invoking toplevel() on ptolemy.moml.MoMLSimpleApplication@18e4a940
reloadAllAccessors: .Derivative1

===========================================================================================
----------------- testing Wed Nov 20 06:18:13 UTC 2019 /home/travis/build/icyphy/ptII/ptolemy/domains/continuous/test/auto/DiscreteClock.xml
----------------- Instantiating /home/travis/build/icyphy/ptII/ptolemy/domains/continuous/test/auto/DiscreteClock.xml
5 ms. Memory: 253952K Free: 114590K (45%)
----------------- Invoking toplevel() on ptolemy.moml.MoMLSimpleApplication@67be6e5e
----------------- Done invoking toplevel() on ptolemy.moml.MoMLSimpleApplication@67be6e5e
reloadAllAccessors: .DiscreteClock

===========================================================================================
----------------- testing Wed Nov 20 06:18:13 UTC 2019 /home/travis/build/icyphy/ptII/ptolemy/domains/continuous/test/auto/EfficiencyCurve.xml
----------------- Instantiating /home/travis/build/icyphy/ptII/ptolemy/domains/continuous/test/auto/EfficiencyCurve.xml
87 ms. Memory: 253952K Free: 105884K (42%)
----------------- Invoking toplevel() on ptolemy.moml.MoMLSimpleApplication@3323dcb7
----------------- Done invoking toplevel() on ptolemy.moml.MoMLSimpleApplication@3323dcb7
reloadAllAccessors: .EfficiencyCurve

===========================================================================================
----------------- testing Wed Nov 20 06:18:13 UTC 2019 /home/travis/build/icyphy/ptII/ptolemy/domains/continuous/test/auto/ExponentialResponse.xml
----------------- Instantiating /home/travis/build/icyphy/ptII/ptolemy/domains/continuous/test/auto/ExponentialResponse.xml
117 ms. Memory: 253952K Free: 90524K (36%)
----------------- Invoking toplevel() on ptolemy.moml.MoMLSimpleApplication@73bf56f2
----------------- Done invoking toplevel() on ptolemy.moml.MoMLSimpleApplication@73bf56f2
reloadAllAccessors: .ExponentialResponse

===========================================================================================
----------------- testing Wed Nov 20 06:18:13 UTC 2019 /home/travis/build/icyphy/ptII/ptolemy/domains/continuous/test/auto/ExponentialResponseRK45.xml
----------------- Instantiating /home/travis/build/icyphy/ptII/ptolemy/domains/continuous/test/auto/ExponentialResponseRK45.xml
28 ms. Memory: 253952K Free: 234617K (92%)
----------------- Invoking toplevel() on ptolemy.moml.MoMLSimpleApplication@2608dac8
----------------- Done invoking toplevel() on ptolemy.moml.MoMLSimpleApplication@2608dac8
reloadAllAccessors: .ExponentialResponseRK45

===========================================================================================
----------------- testing Wed Nov 20 06:18:13 UTC 2019 /home/travis/build/icyphy/ptII/ptolemy/domains/continuous/test/auto/Friction.xml
----------------- Instantiating /home/travis/build/icyphy/ptII/ptolemy/domains/continuous/test/auto/Friction.xml
1659 ms. Memory: 253952K Free: 109208K (43%)
----------------- Invoking toplevel() on ptolemy.moml.MoMLSimpleApplication@6add00b
----------------- Done invoking toplevel() on ptolemy.moml.MoMLSimpleApplication@6add00b
reloadAllAccessors: .Friction

===========================================================================================
----------------- testing Wed Nov 20 06:18:15 UTC 2019 /home/travis/build/icyphy/ptII/ptolemy/domains/continuous/test/auto/FurutaPendulum.xml
----------------- Instantiating /home/travis/build/icyphy/ptII/ptolemy/domains/continuous/test/auto/FurutaPendulum.xml
3766 ms. Memory: 253952K Free: 205608K (81%)
----------------- Invoking toplevel() on ptolemy.moml.MoMLSimpleApplication@681ed0f7
----------------- Done invoking toplevel() on ptolemy.moml.MoMLSimpleApplication@681ed0f7
reloadAllAccessors: .FurutaPendulum

===========================================================================================
----------------- testing Wed Nov 20 06:18:19 UTC 2019 /home/travis/build/icyphy/ptII/ptolemy/domains/continuous/test/auto/HierarchicalExecution.xml
----------------- Instantiating /home/travis/build/icyphy/ptII/ptolemy/domains/continuous/test/auto/HierarchicalExecution.xml
2075 ms. Memory: 253952K Free: 223226K (88%)
----------------- Invoking toplevel() on ptolemy.moml.MoMLSimpleApplication@5bf63ba0
----------------- Done invoking toplevel() on ptolemy.moml.MoMLSimpleApplication@5bf63ba0
reloadAllAccessors: .HierarchicalExecution

===========================================================================================
----------------- testing Wed Nov 20 06:18:21 UTC 2019 /home/travis/build/icyphy/ptII/ptolemy/domains/continuous/test/auto/HybridPlant.xml
----------------- Instantiating /home/travis/build/icyphy/ptII/ptolemy/domains/continuous/test/auto/HybridPlant.xml
520 ms. Memory: 253952K Free: 109469K (43%)
----------------- Invoking toplevel() on ptolemy.moml.MoMLSimpleApplication@392d2f58
----------------- Done invoking toplevel() on ptolemy.moml.MoMLSimpleApplication@392d2f58
reloadAllAccessors: .HybridPlant

===========================================================================================
----------------- testing Wed Nov 20 06:18:22 UTC 2019 /home/travis/build/icyphy/ptII/ptolemy/domains/continuous/test/auto/Hysteresis.xml
----------------- Instantiating /home/travis/build/icyphy/ptII/ptolemy/domains/continuous/test/auto/Hysteresis.xml
155 ms. Memory: 253952K Free: 197232K (78%)
----------------- Invoking toplevel() on ptolemy.moml.MoMLSimpleApplication@5c49b09d
----------------- Done invoking toplevel() on ptolemy.moml.MoMLSimpleApplication@5c49b09d
reloadAllAccessors: .Hysteresis

===========================================================================================
----------------- testing Wed Nov 20 06:18:22 UTC 2019 /home/travis/build/icyphy/ptII/ptolemy/domains/continuous/test/auto/HysteresisWithRandomDelay.xml
----------------- Instantiating /home/travis/build/icyphy/ptII/ptolemy/domains/continuous/test/auto/HysteresisWithRandomDelay.xml
177 ms. Memory: 253952K Free: 125853K (50%)
----------------- Invoking toplevel() on ptolemy.moml.MoMLSimpleApplication@716d11b7
----------------- Done invoking toplevel() on ptolemy.moml.MoMLSimpleApplication@716d11b7
reloadAllAccessors: .HysteresisWithRandomDelay

===========================================================================================
----------------- testing Wed Nov 20 06:18:22 UTC 2019 /home/travis/build/icyphy/ptII/ptolemy/domains/continuous/test/auto/HysteresisWithRandomLosses.xml
----------------- Instantiating /home/travis/build/icyphy/ptII/ptolemy/domains/continuous/test/auto/HysteresisWithRandomLosses.xml
2445 ms. Memory: 253952K Free: 134692K (53%)
----------------- Invoking toplevel() on ptolemy.moml.MoMLSimpleApplication@65d3df0c
----------------- Done invoking toplevel() on ptolemy.moml.MoMLSimpleApplication@65d3df0c
reloadAllAccessors: .HysteresisWithRandomLosses

===========================================================================================
----------------- testing Wed Nov 20 06:18:25 UTC 2019 /home/travis/build/icyphy/ptII/ptolemy/domains/continuous/test/auto/ImmediateTransitions.xml
----------------- Instantiating /home/travis/build/icyphy/ptII/ptolemy/domains/continuous/test/auto/ImmediateTransitions.xml
11 ms. Memory: 253952K Free: 123923K (49%)
----------------- Invoking toplevel() on ptolemy.moml.MoMLSimpleApplication@77b9497c
----------------- Done invoking toplevel() on ptolemy.moml.MoMLSimpleApplication@77b9497c
reloadAllAccessors: .ImmediateTransitions

===========================================================================================
----------------- testing Wed Nov 20 06:18:25 UTC 2019 /home/travis/build/icyphy/ptII/ptolemy/domains/continuous/test/auto/ImpulseFeedback.xml
----------------- Instantiating /home/travis/build/icyphy/ptII/ptolemy/domains/continuous/test/auto/ImpulseFeedback.xml
8 ms. Memory: 253952K Free: 118308K (47%)
----------------- Invoking toplevel() on ptolemy.moml.MoMLSimpleApplication@43eddd40
----------------- Done invoking toplevel() on ptolemy.moml.MoMLSimpleApplication@43eddd40
reloadAllAccessors: .ImpulseFeedback

===========================================================================================
----------------- testing Wed Nov 20 06:18:25 UTC 2019 /home/travis/build/icyphy/ptII/ptolemy/domains/continuous/test/auto/ImpulseFeedback2.xml
----------------- Instantiating /home/travis/build/icyphy/ptII/ptolemy/domains/continuous/test/auto/ImpulseFeedback2.xml
6 ms. Memory: 253952K Free: 112674K (44%)
----------------- Invoking toplevel() on ptolemy.moml.MoMLSimpleApplication@69f4b041
----------------- Done invoking toplevel() on ptolemy.moml.MoMLSimpleApplication@69f4b041
reloadAllAccessors: .ImpulseFeedback2

===========================================================================================
----------------- testing Wed Nov 20 06:18:25 UTC 2019 /home/travis/build/icyphy/ptII/ptolemy/domains/continuous/test/auto/IncreasingRatePoisson.xml
----------------- Instantiating /home/travis/build/icyphy/ptII/ptolemy/domains/continuous/test/auto/IncreasingRatePoisson.xml
726 ms. Memory: 253952K Free: 98990K (39%)
----------------- Invoking toplevel() on ptolemy.moml.MoMLSimpleApplication@7d090f7a
----------------- Done invoking toplevel() on ptolemy.moml.MoMLSimpleApplication@7d090f7a
reloadAllAccessors: .IncreasingRatePoisson

===========================================================================================
----------------- testing Wed Nov 20 06:18:26 UTC 2019 /home/travis/build/icyphy/ptII/ptolemy/domains/continuous/test/auto/InitialStateFeedback.xml
----------------- Instantiating /home/travis/build/icyphy/ptII/ptolemy/domains/continuous/test/auto/InitialStateFeedback.xml
4 ms. Memory: 253952K Free: 94398K (37%)
----------------- Invoking toplevel() on ptolemy.moml.MoMLSimpleApplication@3c96987f
----------------- Done invoking toplevel() on ptolemy.moml.MoMLSimpleApplication@3c96987f
reloadAllAccessors: .InitialStateFeedback

===========================================================================================
----------------- testing Wed Nov 20 06:18:26 UTC 2019 /home/travis/build/icyphy/ptII/ptolemy/domains/continuous/test/auto/Integration.xml
----------------- Instantiating /home/travis/build/icyphy/ptII/ptolemy/domains/continuous/test/auto/Integration.xml
5 ms. Memory: 253952K Free: 90302K (36%)
----------------- Invoking toplevel() on ptolemy.moml.MoMLSimpleApplication@1449ebd7
----------------- Done invoking toplevel() on ptolemy.moml.MoMLSimpleApplication@1449ebd7
reloadAllAccessors: .Integration

===========================================================================================
----------------- testing Wed Nov 20 06:18:26 UTC 2019 /home/travis/build/icyphy/ptII/ptolemy/domains/continuous/test/auto/Integration2.xml
----------------- Instantiating /home/travis/build/icyphy/ptII/ptolemy/domains/continuous/test/auto/Integration2.xml
83 ms. Memory: 253952K Free: 226645K (89%)
----------------- Invoking toplevel() on ptolemy.moml.MoMLSimpleApplication@5ffa4df9
----------------- Done invoking toplevel() on ptolemy.moml.MoMLSimpleApplication@5ffa4df9
reloadAllAccessors: .Integration2

===========================================================================================
----------------- testing Wed Nov 20 06:18:26 UTC 2019 /home/travis/build/icyphy/ptII/ptolemy/domains/continuous/test/auto/Integration3.xml
----------------- Instantiating /home/travis/build/icyphy/ptII/ptolemy/domains/continuous/test/auto/Integration3.xml
2 ms. Memory: 253952K Free: 222035K (87%)
----------------- Invoking toplevel() on ptolemy.moml.MoMLSimpleApplication@421d2255
----------------- Done invoking toplevel() on ptolemy.moml.MoMLSimpleApplication@421d2255
reloadAllAccessors: .Integration3

===========================================================================================
----------------- testing Wed Nov 20 06:18:26 UTC 2019 /home/travis/build/icyphy/ptII/ptolemy/domains/continuous/test/auto/Integration5.xml
----------------- Instantiating /home/travis/build/icyphy/ptII/ptolemy/domains/continuous/test/auto/Integration5.xml
2 ms. Memory: 253952K Free: 217939K (86%)
----------------- Invoking toplevel() on ptolemy.moml.MoMLSimpleApplication@244a66d1
----------------- Done invoking toplevel() on ptolemy.moml.MoMLSimpleApplication@244a66d1
reloadAllAccessors: .Integration5

===========================================================================================
----------------- testing Wed Nov 20 06:18:26 UTC 2019 /home/travis/build/icyphy/ptII/ptolemy/domains/continuous/test/auto/IntegratorImpulse.xml
----------------- Instantiating /home/travis/build/icyphy/ptII/ptolemy/domains/continuous/test/auto/IntegratorImpulse.xml
2 ms. Memory: 253952K Free: 213837K (84%)
----------------- Invoking toplevel() on ptolemy.moml.MoMLSimpleApplication@4e90b68a
----------------- Done invoking toplevel() on ptolemy.moml.MoMLSimpleApplication@4e90b68a
reloadAllAccessors: .IntegratorImpulse

===========================================================================================
----------------- testing Wed Nov 20 06:18:26 UTC 2019 /home/travis/build/icyphy/ptII/ptolemy/domains/continuous/test/auto/IntegratorImpulse2.xml
----------------- Instantiating /home/travis/build/icyphy/ptII/ptolemy/domains/continuous/test/auto/IntegratorImpulse2.xml
4 ms. Memory: 253952K Free: 209237K (82%)
----------------- Invoking toplevel() on ptolemy.moml.MoMLSimpleApplication@5bbbc9b1
----------------- Done invoking toplevel() on ptolemy.moml.MoMLSimpleApplication@5bbbc9b1
reloadAllAccessors: .IntegratorImpulse2

===========================================================================================
----------------- testing Wed Nov 20 06:18:26 UTC 2019 /home/travis/build/icyphy/ptII/ptolemy/domains/continuous/test/auto/LevelCrossing1.xml
----------------- Instantiating /home/travis/build/icyphy/ptII/ptolemy/domains/continuous/test/auto/LevelCrossing1.xml
7 ms. Memory: 253952K Free: 204117K (80%)
----------------- Invoking toplevel() on ptolemy.moml.MoMLSimpleApplication@2e5f7ae
----------------- Done invoking toplevel() on ptolemy.moml.MoMLSimpleApplication@2e5f7ae
reloadAllAccessors: .LevelCrossing1

===========================================================================================
----------------- testing Wed Nov 20 06:18:26 UTC 2019 /home/travis/build/icyphy/ptII/ptolemy/domains/continuous/test/auto/LevelCrossing2.xml
----------------- Instantiating /home/travis/build/icyphy/ptII/ptolemy/domains/continuous/test/auto/LevelCrossing2.xml
3 ms. Memory: 253952K Free: 198997K (78%)
----------------- Invoking toplevel() on ptolemy.moml.MoMLSimpleApplication@40185469
----------------- Done invoking toplevel() on ptolemy.moml.MoMLSimpleApplication@40185469
reloadAllAccessors: .LevelCrossing2

===========================================================================================
----------------- testing Wed Nov 20 06:18:26 UTC 2019 /home/travis/build/icyphy/ptII/ptolemy/domains/continuous/test/auto/LevelCrossing3.xml
----------------- Instantiating /home/travis/build/icyphy/ptII/ptolemy/domains/continuous/test/auto/LevelCrossing3.xml
2 ms. Memory: 253952K Free: 193877K (76%)
----------------- Invoking toplevel() on ptolemy.moml.MoMLSimpleApplication@6fe2b929
----------------- Done invoking toplevel() on ptolemy.moml.MoMLSimpleApplication@6fe2b929
reloadAllAccessors: .LevelCrossing3

===========================================================================================
----------------- testing Wed Nov 20 06:18:26 UTC 2019 /home/travis/build/icyphy/ptII/ptolemy/domains/continuous/test/auto/LevelCrossing4.xml
----------------- Instantiating /home/travis/build/icyphy/ptII/ptolemy/domains/continuous/test/auto/LevelCrossing4.xml
3 ms. Memory: 253952K Free: 188757K (74%)
----------------- Invoking toplevel() on ptolemy.moml.MoMLSimpleApplication@892faf1
----------------- Done invoking toplevel() on ptolemy.moml.MoMLSimpleApplication@892faf1
reloadAllAccessors: .LevelCrossing4

===========================================================================================
----------------- testing Wed Nov 20 06:18:26 UTC 2019 /home/travis/build/icyphy/ptII/ptolemy/domains/continuous/test/auto/LevelCrossing5.xml
----------------- Instantiating /home/travis/build/icyphy/ptII/ptolemy/domains/continuous/test/auto/LevelCrossing5.xml
3 ms. Memory: 253952K Free: 183637K (72%)
----------------- Invoking toplevel() on ptolemy.moml.MoMLSimpleApplication@20c2d427
----------------- Done invoking toplevel() on ptolemy.moml.MoMLSimpleApplication@20c2d427
reloadAllAccessors: .LevelCrossing5

===========================================================================================
[...]
11 ms. Memory: 305152K Free: 221052K (72%)
----------------- Invoking toplevel() on ptolemy.moml.MoMLSimpleApplication@6563e94b
----------------- Done invoking toplevel() on ptolemy.moml.MoMLSimpleApplication@6563e94b
reloadAllAccessors: .ResetTransitionWithStartTime6

===========================================================================================
----------------- testing Wed Nov 20 06:18:45 UTC 2019 /home/travis/build/icyphy/ptII/ptolemy/domains/continuous/test/auto/SRinContinuous.xml
----------------- Instantiating /home/travis/build/icyphy/ptII/ptolemy/domains/continuous/test/auto/SRinContinuous.xml
5 ms. Memory: 305152K Free: 212860K (70%)
----------------- Invoking toplevel() on ptolemy.moml.MoMLSimpleApplication@201fc8e9
----------------- Done invoking toplevel() on ptolemy.moml.MoMLSimpleApplication@201fc8e9
reloadAllAccessors: .SRinContinuous

===========================================================================================
----------------- testing Wed Nov 20 06:18:45 UTC 2019 /home/travis/build/icyphy/ptII/ptolemy/domains/continuous/test/auto/SampledClocks.xml
----------------- Instantiating /home/travis/build/icyphy/ptII/ptolemy/domains/continuous/test/auto/SampledClocks.xml
8 ms. Memory: 305152K Free: 200058K (66%)
----------------- Invoking toplevel() on ptolemy.moml.MoMLSimpleApplication@31b955c8
----------------- Done invoking toplevel() on ptolemy.moml.MoMLSimpleApplication@31b955c8
reloadAllAccessors: .SampledClocks

===========================================================================================
----------------- testing Wed Nov 20 06:18:45 UTC 2019 /home/travis/build/icyphy/ptII/ptolemy/domains/continuous/test/auto/Satellite.xml
----------------- Instantiating /home/travis/build/icyphy/ptII/ptolemy/domains/continuous/test/auto/Satellite.xml
929 ms. Memory: 305152K Free: 187463K (61%)
----------------- Invoking toplevel() on ptolemy.moml.MoMLSimpleApplication@324a0f41
----------------- Done invoking toplevel() on ptolemy.moml.MoMLSimpleApplication@324a0f41
reloadAllAccessors: .Satellite

===========================================================================================
----------------- testing Wed Nov 20 06:18:46 UTC 2019 /home/travis/build/icyphy/ptII/ptolemy/domains/continuous/test/auto/SigmaDelta.xml
----------------- Instantiating /home/travis/build/icyphy/ptII/ptolemy/domains/continuous/test/auto/SigmaDelta.xml
2232 ms. Memory: 305152K Free: 280334K (92%)
----------------- Invoking toplevel() on ptolemy.moml.MoMLSimpleApplication@58a263f7
----------------- Done invoking toplevel() on ptolemy.moml.MoMLSimpleApplication@58a263f7
reloadAllAccessors: .SigmaDelta

===========================================================================================
----------------- testing Wed Nov 20 06:18:49 UTC 2019 /home/travis/build/icyphy/ptII/ptolemy/domains/continuous/test/auto/SingleRefinement.xml
----------------- Instantiating /home/travis/build/icyphy/ptII/ptolemy/domains/continuous/test/auto/SingleRefinement.xml
345 ms. Memory: 305152K Free: 276742K (91%)
----------------- Invoking toplevel() on ptolemy.moml.MoMLSimpleApplication@1d1c2c14
----------------- Done invoking toplevel() on ptolemy.moml.MoMLSimpleApplication@1d1c2c14
reloadAllAccessors: .SingleRefinement

===========================================================================================
----------------- testing Wed Nov 20 06:18:49 UTC 2019 /home/travis/build/icyphy/ptII/ptolemy/domains/continuous/test/auto/SinuBouncingBall.xml
----------------- Instantiating /home/travis/build/icyphy/ptII/ptolemy/domains/continuous/test/auto/SinuBouncingBall.xml
921 ms. Memory: 305152K Free: 242669K (80%)
----------------- Invoking toplevel() on ptolemy.moml.MoMLSimpleApplication@70bffc33
----------------- Done invoking toplevel() on ptolemy.moml.MoMLSimpleApplication@70bffc33
reloadAllAccessors: .SinuBouncingBall

===========================================================================================
----------------- testing Wed Nov 20 06:18:50 UTC 2019 /home/travis/build/icyphy/ptII/ptolemy/domains/continuous/test/auto/Sinusoid.xml
----------------- Instantiating /home/travis/build/icyphy/ptII/ptolemy/domains/continuous/test/auto/Sinusoid.xml
6 ms. Memory: 305152K Free: 238063K (78%)
----------------- Invoking toplevel() on ptolemy.moml.MoMLSimpleApplication@7dcda8a5
----------------- Done invoking toplevel() on ptolemy.moml.MoMLSimpleApplication@7dcda8a5
reloadAllAccessors: .Sinusoid

===========================================================================================
----------------- testing Wed Nov 20 06:18:50 UTC 2019 /home/travis/build/icyphy/ptII/ptolemy/domains/continuous/test/auto/SinusoidInNoise.xml
----------------- Instantiating /home/travis/build/icyphy/ptII/ptolemy/domains/continuous/test/auto/SinusoidInNoise.xml
1055 ms. Memory: 305152K Free: 284925K (93%)
----------------- Invoking toplevel() on ptolemy.moml.MoMLSimpleApplication@1c1fcf4f
----------------- Done invoking toplevel() on ptolemy.moml.MoMLSimpleApplication@1c1fcf4f
reloadAllAccessors: .SinusoidInNoise

===========================================================================================
----------------- testing Wed Nov 20 06:18:51 UTC 2019 /home/travis/build/icyphy/ptII/ptolemy/domains/continuous/test/auto/SinusoidRK45.xml
----------------- Instantiating /home/travis/build/icyphy/ptII/ptolemy/domains/continuous/test/auto/SinusoidRK45.xml
3 ms. Memory: 305152K Free: 280284K (92%)
----------------- Invoking toplevel() on ptolemy.moml.MoMLSimpleApplication@5244c3f6
----------------- Done invoking toplevel() on ptolemy.moml.MoMLSimpleApplication@5244c3f6
reloadAllAccessors: .SinusoidRK45

===========================================================================================
----------------- testing Wed Nov 20 06:18:51 UTC 2019 /home/travis/build/icyphy/ptII/ptolemy/domains/continuous/test/auto/SinusoidWithMultipleImpulses.xml
----------------- Instantiating /home/travis/build/icyphy/ptII/ptolemy/domains/continuous/test/auto/SinusoidWithMultipleImpulses.xml
4 ms. Memory: 305152K Free: 275709K (90%)
----------------- Invoking toplevel() on ptolemy.moml.MoMLSimpleApplication@64a04330
----------------- Done invoking toplevel() on ptolemy.moml.MoMLSimpleApplication@64a04330
reloadAllAccessors: .SinusoidWithMultipleImpulses

===========================================================================================
----------------- testing Wed Nov 20 06:18:51 UTC 2019 /home/travis/build/icyphy/ptII/ptolemy/domains/continuous/test/auto/SquareWave.xml
----------------- Instantiating /home/travis/build/icyphy/ptII/ptolemy/domains/continuous/test/auto/SquareWave.xml
204 ms. Memory: 305152K Free: 248571K (81%)
----------------- Invoking toplevel() on ptolemy.moml.MoMLSimpleApplication@9d87a30
----------------- Done invoking toplevel() on ptolemy.moml.MoMLSimpleApplication@9d87a30
reloadAllAccessors: .SquareWave

===========================================================================================
----------------- testing Wed Nov 20 06:18:52 UTC 2019 /home/travis/build/icyphy/ptII/ptolemy/domains/continuous/test/auto/Starmac.xml
----------------- Instantiating /home/travis/build/icyphy/ptII/ptolemy/domains/continuous/test/auto/Starmac.xml
3092 ms. Memory: 305152K Free: 119963K (39%)
----------------- Invoking toplevel() on ptolemy.moml.MoMLSimpleApplication@7a5772c3
----------------- Done invoking toplevel() on ptolemy.moml.MoMLSimpleApplication@7a5772c3
reloadAllAccessors: .Starmac

===========================================================================================
----------------- testing Wed Nov 20 06:18:55 UTC 2019 /home/travis/build/icyphy/ptII/ptolemy/domains/continuous/test/auto/StaticUnits.xml
----------------- Instantiating /home/travis/build/icyphy/ptII/ptolemy/domains/continuous/test/auto/StaticUnits.xml
2176 ms. Memory: 305152K Free: 201886K (66%)
----------------- Invoking toplevel() on ptolemy.moml.MoMLSimpleApplication@1faacf25
----------------- Done invoking toplevel() on ptolemy.moml.MoMLSimpleApplication@1faacf25
reloadAllAccessors: .StaticUnits

===========================================================================================
----------------- testing Wed Nov 20 06:18:58 UTC 2019 /home/travis/build/icyphy/ptII/ptolemy/domains/continuous/test/auto/StickyMasses.xml
----------------- Instantiating /home/travis/build/icyphy/ptII/ptolemy/domains/continuous/test/auto/StickyMasses.xml
147 ms. Memory: 305152K Free: 152224K (50%)
----------------- Invoking toplevel() on ptolemy.moml.MoMLSimpleApplication@4b31b7d
----------------- Done invoking toplevel() on ptolemy.moml.MoMLSimpleApplication@4b31b7d
reloadAllAccessors: .StickyMasses

===========================================================================================
----------------- testing Wed Nov 20 06:18:58 UTC 2019 /home/travis/build/icyphy/ptII/ptolemy/domains/continuous/test/auto/StopTime.xml
----------------- Instantiating /home/travis/build/icyphy/ptII/ptolemy/domains/continuous/test/auto/StopTime.xml
45 ms. Memory: 305152K Free: 127119K (42%)
----------------- Invoking toplevel() on ptolemy.moml.MoMLSimpleApplication@429487ca
----------------- Done invoking toplevel() on ptolemy.moml.MoMLSimpleApplication@429487ca
reloadAllAccessors: .StopTime

===========================================================================================
----------------- testing Wed Nov 20 06:18:58 UTC 2019 /home/travis/build/icyphy/ptII/ptolemy/domains/continuous/test/auto/StopTime2.xml
----------------- Instantiating /home/travis/build/icyphy/ptII/ptolemy/domains/continuous/test/auto/StopTime2.xml
55 ms. Memory: 305152K Free: 282499K (93%)
----------------- Invoking toplevel() on ptolemy.moml.MoMLSimpleApplication@25d87bd5
----------------- Done invoking toplevel() on ptolemy.moml.MoMLSimpleApplication@25d87bd5
reloadAllAccessors: .StopTime2

===========================================================================================
----------------- testing Wed Nov 20 06:18:58 UTC 2019 /home/travis/build/icyphy/ptII/ptolemy/domains/continuous/test/auto/Switch.xml
----------------- Instantiating /home/travis/build/icyphy/ptII/ptolemy/domains/continuous/test/auto/Switch.xml
45 ms. Memory: 305152K Free: 257693K (84%)
----------------- Invoking toplevel() on ptolemy.moml.MoMLSimpleApplication@5dfddd42
----------------- Done invoking toplevel() on ptolemy.moml.MoMLSimpleApplication@5dfddd42
reloadAllAccessors: .Switch

===========================================================================================
----------------- testing Wed Nov 20 06:18:58 UTC 2019 /home/travis/build/icyphy/ptII/ptolemy/domains/continuous/test/auto/Thermostat.xml
----------------- Instantiating /home/travis/build/icyphy/ptII/ptolemy/domains/continuous/test/auto/Thermostat.xml
226 ms. Memory: 305152K Free: 185485K (61%)
----------------- Invoking toplevel() on ptolemy.moml.MoMLSimpleApplication@55e78005
----------------- Done invoking toplevel() on ptolemy.moml.MoMLSimpleApplication@55e78005
reloadAllAccessors: .Thermostat

===========================================================================================
----------------- testing Wed Nov 20 06:18:59 UTC 2019 /home/travis/build/icyphy/ptII/ptolemy/domains/continuous/test/auto/TimeDelay.xml
----------------- Instantiating /home/travis/build/icyphy/ptII/ptolemy/domains/continuous/test/auto/TimeDelay.xml
6 ms. Memory: 305152K Free: 180893K (59%)
----------------- Invoking toplevel() on ptolemy.moml.MoMLSimpleApplication@156c3643
----------------- Done invoking toplevel() on ptolemy.moml.MoMLSimpleApplication@156c3643
reloadAllAccessors: .TimeDelay

===========================================================================================
----------------- testing Wed Nov 20 06:18:59 UTC 2019 /home/travis/build/icyphy/ptII/ptolemy/domains/continuous/test/auto/TimeDelay2.xml
----------------- Instantiating /home/travis/build/icyphy/ptII/ptolemy/domains/continuous/test/auto/TimeDelay2.xml
8 ms. Memory: 305152K Free: 170653K (56%)
----------------- Invoking toplevel() on ptolemy.moml.MoMLSimpleApplication@18628cd4
----------------- Done invoking toplevel() on ptolemy.moml.MoMLSimpleApplication@18628cd4
reloadAllAccessors: .TimeDelay2

===========================================================================================
----------------- testing Wed Nov 20 06:18:59 UTC 2019 /home/travis/build/icyphy/ptII/ptolemy/domains/continuous/test/auto/TimeDelay3.xml
----------------- Instantiating /home/travis/build/icyphy/ptII/ptolemy/domains/continuous/test/auto/TimeDelay3.xml
6 ms. Memory: 305152K Free: 166026K (54%)
----------------- Invoking toplevel() on ptolemy.moml.MoMLSimpleApplication@6ab5872
----------------- Done invoking toplevel() on ptolemy.moml.MoMLSimpleApplication@6ab5872
reloadAllAccessors: .TimeDelay3

===========================================================================================
----------------- testing Wed Nov 20 06:18:59 UTC 2019 /home/travis/build/icyphy/ptII/ptolemy/domains/continuous/test/auto/TransferAbsentToInside.xml
----------------- Instantiating /home/travis/build/icyphy/ptII/ptolemy/domains/continuous/test/auto/TransferAbsentToInside.xml
45 ms. Memory: 305152K Free: 112285K (37%)
----------------- Invoking toplevel() on ptolemy.moml.MoMLSimpleApplication@2b8ee487
----------------- Done invoking toplevel() on ptolemy.moml.MoMLSimpleApplication@2b8ee487
reloadAllAccessors: .TransferAbsentToInside

===========================================================================================
----------------- testing Wed Nov 20 06:18:59 UTC 2019 /home/travis/build/icyphy/ptII/ptolemy/domains/continuous/test/auto/Transmission.xml
----------------- Instantiating /home/travis/build/icyphy/ptII/ptolemy/domains/continuous/test/auto/Transmission.xml
788 ms. Memory: 305152K Free: 236170K (77%)
----------------- Invoking toplevel() on ptolemy.moml.MoMLSimpleApplication@70556999
----------------- Done invoking toplevel() on ptolemy.moml.MoMLSimpleApplication@70556999
reloadAllAccessors: .Transmission

===========================================================================================
----------------- testing Wed Nov 20 06:19:00 UTC 2019 /home/travis/build/icyphy/ptII/ptolemy/domains/continuous/test/auto/TriggeredContinuousClock.xml
----------------- Instantiating /home/travis/build/icyphy/ptII/ptolemy/domains/continuous/test/auto/TriggeredContinuousClock.xml
40 ms. Memory: 305152K Free: 206978K (68%)
----------------- Invoking toplevel() on ptolemy.moml.MoMLSimpleApplication@3ccf7b0b
----------------- Done invoking toplevel() on ptolemy.moml.MoMLSimpleApplication@3ccf7b0b
reloadAllAccessors: .TriggeredContinuousClock

===========================================================================================
----------------- testing Wed Nov 20 06:19:00 UTC 2019 /home/travis/build/icyphy/ptII/ptolemy/domains/continuous/test/auto/TwoMachineInfiniteBusControl.xml
----------------- Instantiating /home/travis/build/icyphy/ptII/ptolemy/domains/continuous/test/auto/TwoMachineInfiniteBusControl.xml
2961 ms. Memory: 305152K Free: 164951K (54%)
----------------- Invoking toplevel() on ptolemy.moml.MoMLSimpleApplication@37e35a1d
----------------- Done invoking toplevel() on ptolemy.moml.MoMLSimpleApplication@37e35a1d
reloadAllAccessors: .TwoMachineInfiniteBusControl

===========================================================================================
----------------- testing Wed Nov 20 06:19:03 UTC 2019 /home/travis/build/icyphy/ptII/ptolemy/domains/continuous/test/auto/V2V.xml
----------------- Instantiating /home/travis/build/icyphy/ptII/ptolemy/domains/continuous/test/auto/V2V.xml
797 ms. Memory: 305152K Free: 153684K (50%)
----------------- Invoking toplevel() on ptolemy.moml.MoMLSimpleApplication@46e9b29d
----------------- Done invoking toplevel() on ptolemy.moml.MoMLSimpleApplication@46e9b29d
reloadAllAccessors: .V2V

===========================================================================================
----------------- testing Wed Nov 20 06:19:04 UTC 2019 /home/travis/build/icyphy/ptII/ptolemy/domains/continuous/test/auto/hierarchicalModalModel.xml
----------------- Instantiating /home/travis/build/icyphy/ptII/ptolemy/domains/continuous/test/auto/hierarchicalModalModel.xml
10 ms. Memory: 305152K Free: 139328K (46%)
----------------- Invoking toplevel() on ptolemy.moml.MoMLSimpleApplication@13ef93bf
----------------- Done invoking toplevel() on ptolemy.moml.MoMLSimpleApplication@13ef93bf
reloadAllAccessors: .hierarchicalModalModel

===========================================================================================
----------------- testing Wed Nov 20 06:19:04 UTC 2019 /home/travis/build/icyphy/ptII/ptolemy/domains/continuous/test/auto/hierarchicalModalModel1.xml
----------------- Instantiating /home/travis/build/icyphy/ptII/ptolemy/domains/continuous/test/auto/hierarchicalModalModel1.xml
9 ms. Memory: 305152K Free: 125006K (41%)
----------------- Invoking toplevel() on ptolemy.moml.MoMLSimpleApplication@48801b3a
----------------- Done invoking toplevel() on ptolemy.moml.MoMLSimpleApplication@48801b3a
reloadAllAccessors: .hierarchicalModalModel1

===========================================================================================
----------------- testing Wed Nov 20 06:19:04 UTC 2019 /home/travis/build/icyphy/ptII/ptolemy/domains/continuous/test/auto/hierarchicalModalModel2.xml
----------------- Instantiating /home/travis/build/icyphy/ptII/ptolemy/domains/continuous/test/auto/hierarchicalModalModel2.xml
7 ms. Memory: 305152K Free: 112704K (37%)
----------------- Invoking toplevel() on ptolemy.moml.MoMLSimpleApplication@39b15646
----------------- Done invoking toplevel() on ptolemy.moml.MoMLSimpleApplication@39b15646
reloadAllAccessors: .hierarchicalModalModel2

===========================================================================================
----------------- testing Wed Nov 20 06:19:04 UTC 2019 /home/travis/build/icyphy/ptII/ptolemy/domains/continuous/test/auto/hierarchicalModalModel3.xml
----------------- Instantiating /home/travis/build/icyphy/ptII/ptolemy/domains/continuous/test/auto/hierarchicalModalModel3.xml
8 ms. Memory: 366592K Free: 339022K (92%)
----------------- Invoking toplevel() on ptolemy.moml.MoMLSimpleApplication@67846b41
----------------- Done invoking toplevel() on ptolemy.moml.MoMLSimpleApplication@67846b41
reloadAllAccessors: .hierarchicalModalModel3

===========================================================================================
----------------- testing Wed Nov 20 06:19:04 UTC 2019 /home/travis/build/icyphy/ptII/ptolemy/domains/continuous/test/auto/hierarchicalModalModel4.xml
----------------- Instantiating /home/travis/build/icyphy/ptII/ptolemy/domains/continuous/test/auto/hierarchicalModalModel4.xml
7 ms. Memory: 366592K Free: 327244K (89%)
----------------- Invoking toplevel() on ptolemy.moml.MoMLSimpleApplication@54afad0c
----------------- Done invoking toplevel() on ptolemy.moml.MoMLSimpleApplication@54afad0c
reloadAllAccessors: .hierarchicalModalModel4

===========================================================================================
----------------- testing Wed Nov 20 06:19:04 UTC 2019 /home/travis/build/icyphy/ptII/ptolemy/domains/continuous/test/auto/junk.xml
----------------- Instantiating /home/travis/build/icyphy/ptII/ptolemy/domains/continuous/test/auto/junk.xml
157 ms. Memory: 366592K Free: 299596K (82%)
----------------- Invoking toplevel() on ptolemy.moml.MoMLSimpleApplication@63c6509e
----------------- Done invoking toplevel() on ptolemy.moml.MoMLSimpleApplication@63c6509e
reloadAllAccessors: .junk
AutoTests.java: About to close Vertx.
AutoTests.java: Vertx closed.
]]></system-out>
  <system-err><![CDATA[Warning: '.Poisson.NonStrictTest' The test produced only 419 tokens, yet the correctValues parameter was expecting 430 tokens.
]]></system-err>
</testsuite>
