<?xml version="1.0" encoding="UTF-8" ?>
<testsuite errors="0" failures="0" hostname="travis-job-d7860a02-8b33-4a5a-ae6a-2bdbf352c82f" name="ptolemy.domains.hdf.kernel.test.junit.JUnitTclTest" skipped="0" tests="39" time="5.92" timestamp="2019-08-31T05:32:45">
  <properties>
[...]
</properties>
  <testcase classname="ptolemy.util.test.junit.TclTests" name="[0] /home/travis/build/icyphy/ptII/ptolemy/domains/hdf/kernel/test/RateErrorChecking.tcl (RunTclFile)" time="0.189" />
  <testcase classname="ptolemy.util.test.junit.AutoKnownFailedTests" name="[0] /home/travis/build/icyphy/ptII/ptolemy/domains/hdf/kernel/test/auto/knownFailedTests/badFSMRateChanges.xml (RunModel)" time="0.698" />
  <testcase classname="ptolemy.util.test.junit.AutoNameArchTests" name="[0] ThereAreNoAutoArchTests (RunModel)" time="0.001" />
  <testcase classname="ptolemy.util.test.junit.AutoTests" name="[0] /home/travis/build/icyphy/ptII/ptolemy/domains/hdf/kernel/test/auto/ConstVariableRateTest.xml (RunModel)" time="0.302" />
  <testcase classname="ptolemy.util.test.junit.AutoTests" name="[1] /home/travis/build/icyphy/ptII/ptolemy/domains/hdf/kernel/test/auto/DifferentRefinedRates.xml (RunModel)" time="0.187" />
  <testcase classname="ptolemy.util.test.junit.AutoTests" name="[2] /home/travis/build/icyphy/ptII/ptolemy/domains/hdf/kernel/test/auto/DifferentRefinedRates2.xml (RunModel)" time="0.149" />
  <testcase classname="ptolemy.util.test.junit.AutoTests" name="[3] /home/travis/build/icyphy/ptII/ptolemy/domains/hdf/kernel/test/auto/DifferentRefinedRates3.xml (RunModel)" time="0.14" />
  <testcase classname="ptolemy.util.test.junit.AutoTests" name="[4] /home/travis/build/icyphy/ptII/ptolemy/domains/hdf/kernel/test/auto/DifferentRefinedRates4.xml (RunModel)" time="0.137" />
  <testcase classname="ptolemy.util.test.junit.AutoTests" name="[5] /home/travis/build/icyphy/ptII/ptolemy/domains/hdf/kernel/test/auto/DifferentRefinedRates5.xml (RunModel)" time="0.132" />
  <testcase classname="ptolemy.util.test.junit.AutoTests" name="[6] /home/travis/build/icyphy/ptII/ptolemy/domains/hdf/kernel/test/auto/DifferentRefinedRates6.xml (RunModel)" time="0.08" />
  <testcase classname="ptolemy.util.test.junit.AutoTests" name="[7] /home/travis/build/icyphy/ptII/ptolemy/domains/hdf/kernel/test/auto/DownSample_PowerOfTwo.xml (RunModel)" time="0.172" />
  <testcase classname="ptolemy.util.test.junit.AutoTests" name="[8] /home/travis/build/icyphy/ptII/ptolemy/domains/hdf/kernel/test/auto/FibonacciWithNullInitial.xml (RunModel)" time="0.153" />
  <testcase classname="ptolemy.util.test.junit.AutoTests" name="[9] /home/travis/build/icyphy/ptII/ptolemy/domains/hdf/kernel/test/auto/FibonacciWithNullInitial1.xml (RunModel)" time="0.212" />
  <testcase classname="ptolemy.util.test.junit.AutoTests" name="[10] /home/travis/build/icyphy/ptII/ptolemy/domains/hdf/kernel/test/auto/FibonacciWithTransientStates.xml (RunModel)" time="0.179" />
  <testcase classname="ptolemy.util.test.junit.AutoTests" name="[11] /home/travis/build/icyphy/ptII/ptolemy/domains/hdf/kernel/test/auto/FibonacciWithTransientStates2.xml (RunModel)" time="0.099" />
  <testcase classname="ptolemy.util.test.junit.AutoTests" name="[12] /home/travis/build/icyphy/ptII/ptolemy/domains/hdf/kernel/test/auto/FibonacciWithoutHistoryInitial.xml (RunModel)" time="0.116" />
  <testcase classname="ptolemy.util.test.junit.AutoTests" name="[13] /home/travis/build/icyphy/ptII/ptolemy/domains/hdf/kernel/test/auto/GuardUsingPastTokens.xml (RunModel)" time="0.077" />
  <testcase classname="ptolemy.util.test.junit.AutoTests" name="[14] /home/travis/build/icyphy/ptII/ptolemy/domains/hdf/kernel/test/auto/GuardWithResets.xml (RunModel)" time="0.104" />
  <testcase classname="ptolemy.util.test.junit.AutoTests" name="[15] /home/travis/build/icyphy/ptII/ptolemy/domains/hdf/kernel/test/auto/Hierarchy_2Level_Test1.xml (RunModel)" time="0.061" />
  <testcase classname="ptolemy.util.test.junit.AutoTests" name="[16] /home/travis/build/icyphy/ptII/ptolemy/domains/hdf/kernel/test/auto/Hierarchy_2Level_Test2.xml (RunModel)" time="0.06" />
  <testcase classname="ptolemy.util.test.junit.AutoTests" name="[17] /home/travis/build/icyphy/ptII/ptolemy/domains/hdf/kernel/test/auto/Hysteresis.xml (RunModel)" time="0.054" />
  <testcase classname="ptolemy.util.test.junit.AutoTests" name="[18] /home/travis/build/icyphy/ptII/ptolemy/domains/hdf/kernel/test/auto/InitTransient.xml (RunModel)" time="0.117" />
  <testcase classname="ptolemy.util.test.junit.AutoTests" name="[19] /home/travis/build/icyphy/ptII/ptolemy/domains/hdf/kernel/test/auto/Merge.xml (RunModel)" time="0.093" />
  <testcase classname="ptolemy.util.test.junit.AutoTests" name="[20] /home/travis/build/icyphy/ptII/ptolemy/domains/hdf/kernel/test/auto/ModalModelBooleanSwitch.xml (RunModel)" time="0.105" />
  <testcase classname="ptolemy.util.test.junit.AutoTests" name="[21] /home/travis/build/icyphy/ptII/ptolemy/domains/hdf/kernel/test/auto/SameRates.xml (RunModel)" time="0.056" />
  <testcase classname="ptolemy.util.test.junit.AutoTests" name="[22] /home/travis/build/icyphy/ptII/ptolemy/domains/hdf/kernel/test/auto/SameRefinedRates.xml (RunModel)" time="0.059" />
  <testcase classname="ptolemy.util.test.junit.AutoTests" name="[23] /home/travis/build/icyphy/ptII/ptolemy/domains/hdf/kernel/test/auto/SameRefinedRates2.xml (RunModel)" time="0.057" />
  <testcase classname="ptolemy.util.test.junit.AutoTests" name="[24] /home/travis/build/icyphy/ptII/ptolemy/domains/hdf/kernel/test/auto/TransientStates.xml (RunModel)" time="0.083" />
  <testcase classname="ptolemy.util.test.junit.AutoTests" name="[25] /home/travis/build/icyphy/ptII/ptolemy/domains/hdf/kernel/test/auto/TwoHammingCodec.xml (RunModel)" time="0.094" />
  <testcase classname="ptolemy.util.test.junit.AutoTests" name="[26] /home/travis/build/icyphy/ptII/ptolemy/domains/hdf/kernel/test/auto/TwoHammingCodec1.xml (RunModel)" time="0.098" />
  <testcase classname="ptolemy.util.test.junit.AutoTests" name="[27] /home/travis/build/icyphy/ptII/ptolemy/domains/hdf/kernel/test/auto/TwoLevelHierarchy.xml (RunModel)" time="0.168" />
  <testcase classname="ptolemy.util.test.junit.AutoTests" name="[28] /home/travis/build/icyphy/ptII/ptolemy/domains/hdf/kernel/test/auto/TwoLevelHierarchy1.xml (RunModel)" time="0.164" />
  <testcase classname="ptolemy.util.test.junit.AutoTests" name="[29] /home/travis/build/icyphy/ptII/ptolemy/domains/hdf/kernel/test/auto/TwoLevelHierarchy2.xml (RunModel)" time="0.153" />
  <testcase classname="ptolemy.util.test.junit.AutoTests" name="[30] /home/travis/build/icyphy/ptII/ptolemy/domains/hdf/kernel/test/auto/TwoLevelHierarchyNullStates.xml (RunModel)" time="0.178" />
  <testcase classname="ptolemy.util.test.junit.AutoTests" name="[31] /home/travis/build/icyphy/ptII/ptolemy/domains/hdf/kernel/test/auto/TwoLevelHierarchyWithResets.xml (RunModel)" time="0.182" />
  <testcase classname="ptolemy.util.test.junit.AutoTests" name="[32] /home/travis/build/icyphy/ptII/ptolemy/domains/hdf/kernel/test/auto/TwoLevelHierarchyWithResetsNullStates.xml (RunModel)" time="0.158" />
  <testcase classname="ptolemy.util.test.junit.AutoTests" name="[33] /home/travis/build/icyphy/ptII/ptolemy/domains/hdf/kernel/test/auto/WaterTank_HDF.xml (RunModel)" time="0.11" />
  <testcase classname="ptolemy.util.test.junit.AutoTests" name="[34] /home/travis/build/icyphy/ptII/ptolemy/domains/hdf/kernel/test/auto/WaterTank_HDF2.xml (RunModel)" time="0.109" />
  <testcase classname="ptolemy.util.test.junit.AutoTests" name="[35] /home/travis/build/icyphy/ptII/ptolemy/domains/hdf/kernel/test/auto/badFSMRateChanges.xml (RunModel)" time="0.041" />
  <system-out><![CDATA[/home/travis/build/icyphy/ptII/ptolemy/domains/hdf/kernel/test/RateErrorChecking.tcl
testDefs.tcl: setting time out to 9000 seconds at Sat Aug 31 05:32:45 UTC 2019


==== $PTII/ptolemy/domains/hdf/kernel/test/RateErrorChecking.tcl: RateErrorChecking-1.0 
==== Contents of test case:

    catch {createAndExecute "badFSMRateChanges.xml"} foo
    list $foo

==== Result was:
{java.io.FileNotFoundException: /home/travis/build/icyphy/ptII/ptolemy/domains/hdf/kernel/test/badFSMRateChanges.xml (No such file or directory)}
---- KNOWN Failure, Result should have been:
{ptolemy.kernel.util.IllegalActionException: Failed to compute schedule:
  in .badFSMRateChanges.SDF Director
Because:
The SDF rate parameter may change. This is not allowed in SDF models that will be run through the code generator.  If you don't care about code generation, then you might consider setting the allowRateChanges parameter of the SDF director to false.
    in .badFSMRateChanges.typed composite actor.output.tokenProductionRate}
---- RateErrorChecking-1.0 Failed, but this is a KNOWN failure
08/31/19 05:32:45
Failed: 0  Total Tests: 1  ((Passed: 0, Newly Passed: 0)  Known Failed: 1) /home/travis/build/icyphy/ptII/ptolemy/domains/hdf/kernel/test
----------------- testing (KnownFailure) /home/travis/build/icyphy/ptII/ptolemy/domains/hdf/kernel/test/auto/knownFailedTests/badFSMRateChanges.xml
232 ms. Memory: 120832K Free: 70599K (58%)
No auto/linux-amd64/*.xml tests in /home/travis/build/icyphy/ptII/ptolemy/domains/hdf/kernel/test
AutoTests.java: About to close Vertx.
AutoTests.java: Vertx closed.

===========================================================================================
----------------- testing Sat Aug 31 05:32:47 UTC 2019 /home/travis/build/icyphy/ptII/ptolemy/domains/hdf/kernel/test/auto/ConstVariableRateTest.xml
----------------- Instantiating /home/travis/build/icyphy/ptII/ptolemy/domains/hdf/kernel/test/auto/ConstVariableRateTest.xml
77 ms. Memory: 120832K Free: 99102K (82%)
----------------- Invoking toplevel() on ptolemy.moml.MoMLSimpleApplication@1fb37848
----------------- Done invoking toplevel() on ptolemy.moml.MoMLSimpleApplication@1fb37848
reloadAllAccessors: .ConstVariableRateTest

===========================================================================================
----------------- testing Sat Aug 31 05:32:47 UTC 2019 /home/travis/build/icyphy/ptII/ptolemy/domains/hdf/kernel/test/auto/DifferentRefinedRates.xml
----------------- Instantiating /home/travis/build/icyphy/ptII/ptolemy/domains/hdf/kernel/test/auto/DifferentRefinedRates.xml
64 ms. Memory: 120832K Free: 85790K (71%)
----------------- Invoking toplevel() on ptolemy.moml.MoMLSimpleApplication@6549adde
----------------- Done invoking toplevel() on ptolemy.moml.MoMLSimpleApplication@6549adde
reloadAllAccessors: .DifferentRefinedRates

===========================================================================================
----------------- testing Sat Aug 31 05:32:47 UTC 2019 /home/travis/build/icyphy/ptII/ptolemy/domains/hdf/kernel/test/auto/DifferentRefinedRates2.xml
----------------- Instantiating /home/travis/build/icyphy/ptII/ptolemy/domains/hdf/kernel/test/auto/DifferentRefinedRates2.xml
65 ms. Memory: 120832K Free: 106989K (89%)
----------------- Invoking toplevel() on ptolemy.moml.MoMLSimpleApplication@13d5ebca
----------------- Done invoking toplevel() on ptolemy.moml.MoMLSimpleApplication@13d5ebca
reloadAllAccessors: .DifferentRefinedRates2

===========================================================================================
----------------- testing Sat Aug 31 05:32:47 UTC 2019 /home/travis/build/icyphy/ptII/ptolemy/domains/hdf/kernel/test/auto/DifferentRefinedRates3.xml
----------------- Instantiating /home/travis/build/icyphy/ptII/ptolemy/domains/hdf/kernel/test/auto/DifferentRefinedRates3.xml
72 ms. Memory: 120832K Free: 95793K (79%)
----------------- Invoking toplevel() on ptolemy.moml.MoMLSimpleApplication@2a81a3a7
----------------- Done invoking toplevel() on ptolemy.moml.MoMLSimpleApplication@2a81a3a7
reloadAllAccessors: .DifferentRefinedRates3

===========================================================================================
----------------- testing Sat Aug 31 05:32:47 UTC 2019 /home/travis/build/icyphy/ptII/ptolemy/domains/hdf/kernel/test/auto/DifferentRefinedRates4.xml
----------------- Instantiating /home/travis/build/icyphy/ptII/ptolemy/domains/hdf/kernel/test/auto/DifferentRefinedRates4.xml
68 ms. Memory: 120832K Free: 80433K (67%)
----------------- Invoking toplevel() on ptolemy.moml.MoMLSimpleApplication@12671bdf
----------------- Done invoking toplevel() on ptolemy.moml.MoMLSimpleApplication@12671bdf
reloadAllAccessors: .NewHDFtest1

===========================================================================================
----------------- testing Sat Aug 31 05:32:47 UTC 2019 /home/travis/build/icyphy/ptII/ptolemy/domains/hdf/kernel/test/auto/DifferentRefinedRates5.xml
----------------- Instantiating /home/travis/build/icyphy/ptII/ptolemy/domains/hdf/kernel/test/auto/DifferentRefinedRates5.xml
53 ms. Memory: 120832K Free: 65319K (54%)
----------------- Invoking toplevel() on ptolemy.moml.MoMLSimpleApplication@66c79fda
----------------- Done invoking toplevel() on ptolemy.moml.MoMLSimpleApplication@66c79fda
reloadAllAccessors: .NewHDFtest2

===========================================================================================
----------------- testing Sat Aug 31 05:32:48 UTC 2019 /home/travis/build/icyphy/ptII/ptolemy/domains/hdf/kernel/test/auto/DifferentRefinedRates6.xml
----------------- Instantiating /home/travis/build/icyphy/ptII/ptolemy/domains/hdf/kernel/test/auto/DifferentRefinedRates6.xml
23 ms. Memory: 120832K Free: 97012K (80%)
----------------- Invoking toplevel() on ptolemy.moml.MoMLSimpleApplication@3363ffc7
----------------- Done invoking toplevel() on ptolemy.moml.MoMLSimpleApplication@3363ffc7
reloadAllAccessors: .DifferentRefinedRates6

===========================================================================================
----------------- testing Sat Aug 31 05:32:48 UTC 2019 /home/travis/build/icyphy/ptII/ptolemy/domains/hdf/kernel/test/auto/DownSample_PowerOfTwo.xml
----------------- Instantiating /home/travis/build/icyphy/ptII/ptolemy/domains/hdf/kernel/test/auto/DownSample_PowerOfTwo.xml
141 ms. Memory: 120832K Free: 71291K (59%)
----------------- Invoking toplevel() on ptolemy.moml.MoMLSimpleApplication@74b0f757
----------------- Done invoking toplevel() on ptolemy.moml.MoMLSimpleApplication@74b0f757
reloadAllAccessors: .SDFDownSample

===========================================================================================
----------------- testing Sat Aug 31 05:32:48 UTC 2019 /home/travis/build/icyphy/ptII/ptolemy/domains/hdf/kernel/test/auto/FibonacciWithNullInitial.xml
----------------- Instantiating /home/travis/build/icyphy/ptII/ptolemy/domains/hdf/kernel/test/auto/FibonacciWithNullInitial.xml
115 ms. Memory: 120832K Free: 103708K (86%)
----------------- Invoking toplevel() on ptolemy.moml.MoMLSimpleApplication@21a0cf09
----------------- Done invoking toplevel() on ptolemy.moml.MoMLSimpleApplication@21a0cf09
reloadAllAccessors: .FibonacciWithNullInitial

===========================================================================================
----------------- testing Sat Aug 31 05:32:48 UTC 2019 /home/travis/build/icyphy/ptII/ptolemy/domains/hdf/kernel/test/auto/FibonacciWithNullInitial1.xml
----------------- Instantiating /home/travis/build/icyphy/ptII/ptolemy/domains/hdf/kernel/test/auto/FibonacciWithNullInitial1.xml
149 ms. Memory: 120832K Free: 79779K (66%)
----------------- Invoking toplevel() on ptolemy.moml.MoMLSimpleApplication@21902d0d
----------------- Done invoking toplevel() on ptolemy.moml.MoMLSimpleApplication@21902d0d
reloadAllAccessors: .FibonacciWithNullInitial1

===========================================================================================
----------------- testing Sat Aug 31 05:32:48 UTC 2019 /home/travis/build/icyphy/ptII/ptolemy/domains/hdf/kernel/test/auto/FibonacciWithTransientStates.xml
----------------- Instantiating /home/travis/build/icyphy/ptII/ptolemy/domains/hdf/kernel/test/auto/FibonacciWithTransientStates.xml
120 ms. Memory: 120832K Free: 52572K (44%)
----------------- Invoking toplevel() on ptolemy.moml.MoMLSimpleApplication@4750c30b
----------------- Done invoking toplevel() on ptolemy.moml.MoMLSimpleApplication@4750c30b
reloadAllAccessors: .FibonacciWithTransientStates

===========================================================================================
----------------- testing Sat Aug 31 05:32:48 UTC 2019 /home/travis/build/icyphy/ptII/ptolemy/domains/hdf/kernel/test/auto/FibonacciWithTransientStates2.xml
----------------- Instantiating /home/travis/build/icyphy/ptII/ptolemy/domains/hdf/kernel/test/auto/FibonacciWithTransientStates2.xml
27 ms. Memory: 120832K Free: 89942K (74%)
----------------- Invoking toplevel() on ptolemy.moml.MoMLSimpleApplication@154e24f5
----------------- Done invoking toplevel() on ptolemy.moml.MoMLSimpleApplication@154e24f5
reloadAllAccessors: .FibonacciWithTransientStates2

===========================================================================================
----------------- testing Sat Aug 31 05:32:48 UTC 2019 /home/travis/build/icyphy/ptII/ptolemy/domains/hdf/kernel/test/auto/FibonacciWithoutHistoryInitial.xml
----------------- Instantiating /home/travis/build/icyphy/ptII/ptolemy/domains/hdf/kernel/test/auto/FibonacciWithoutHistoryInitial.xml
81 ms. Memory: 120832K Free: 69462K (57%)
----------------- Invoking toplevel() on ptolemy.moml.MoMLSimpleApplication@525e7cc9
----------------- Done invoking toplevel() on ptolemy.moml.MoMLSimpleApplication@525e7cc9
reloadAllAccessors: .FibonacciWithoutHistoryInitial

===========================================================================================
----------------- testing Sat Aug 31 05:32:49 UTC 2019 /home/travis/build/icyphy/ptII/ptolemy/domains/hdf/kernel/test/auto/GuardUsingPastTokens.xml
----------------- Instantiating /home/travis/build/icyphy/ptII/ptolemy/domains/hdf/kernel/test/auto/GuardUsingPastTokens.xml
26 ms. Memory: 120832K Free: 54667K (45%)
----------------- Invoking toplevel() on ptolemy.moml.MoMLSimpleApplication@1f89a9ed
----------------- Done invoking toplevel() on ptolemy.moml.MoMLSimpleApplication@1f89a9ed
reloadAllAccessors: .GuardUsingPastTokens

===========================================================================================
----------------- testing Sat Aug 31 05:32:49 UTC 2019 /home/travis/build/icyphy/ptII/ptolemy/domains/hdf/kernel/test/auto/GuardWithResets.xml
----------------- Instantiating /home/travis/build/icyphy/ptII/ptolemy/domains/hdf/kernel/test/auto/GuardWithResets.xml
35 ms. Memory: 120832K Free: 103082K (85%)
----------------- Invoking toplevel() on ptolemy.moml.MoMLSimpleApplication@5db6395
----------------- Done invoking toplevel() on ptolemy.moml.MoMLSimpleApplication@5db6395
reloadAllAccessors: .GuardWithResets

===========================================================================================
----------------- testing Sat Aug 31 05:32:49 UTC 2019 /home/travis/build/icyphy/ptII/ptolemy/domains/hdf/kernel/test/auto/Hierarchy_2Level_Test1.xml
----------------- Instantiating /home/travis/build/icyphy/ptII/ptolemy/domains/hdf/kernel/test/auto/Hierarchy_2Level_Test1.xml
22 ms. Memory: 120832K Free: 85456K (71%)
----------------- Invoking toplevel() on ptolemy.moml.MoMLSimpleApplication@5b65ccc7
----------------- Done invoking toplevel() on ptolemy.moml.MoMLSimpleApplication@5b65ccc7
reloadAllAccessors: .Hierarchy_2Level_Test1

===========================================================================================
----------------- testing Sat Aug 31 05:32:49 UTC 2019 /home/travis/build/icyphy/ptII/ptolemy/domains/hdf/kernel/test/auto/Hierarchy_2Level_Test2.xml
----------------- Instantiating /home/travis/build/icyphy/ptII/ptolemy/domains/hdf/kernel/test/auto/Hierarchy_2Level_Test2.xml
19 ms. Memory: 120832K Free: 67739K (56%)
----------------- Invoking toplevel() on ptolemy.moml.MoMLSimpleApplication@4c1a4e95
----------------- Done invoking toplevel() on ptolemy.moml.MoMLSimpleApplication@4c1a4e95
reloadAllAccessors: .Hierarchy_4Level_Test2

===========================================================================================
----------------- testing Sat Aug 31 05:32:49 UTC 2019 /home/travis/build/icyphy/ptII/ptolemy/domains/hdf/kernel/test/auto/Hysteresis.xml
----------------- Instantiating /home/travis/build/icyphy/ptII/ptolemy/domains/hdf/kernel/test/auto/Hysteresis.xml
20 ms. Memory: 120832K Free: 57119K (47%)
----------------- Invoking toplevel() on ptolemy.moml.MoMLSimpleApplication@617a03c1
----------------- Done invoking toplevel() on ptolemy.moml.MoMLSimpleApplication@617a03c1
reloadAllAccessors: .Hysteresis

===========================================================================================
----------------- testing Sat Aug 31 05:32:49 UTC 2019 /home/travis/build/icyphy/ptII/ptolemy/domains/hdf/kernel/test/auto/InitTransient.xml
----------------- Instantiating /home/travis/build/icyphy/ptII/ptolemy/domains/hdf/kernel/test/auto/InitTransient.xml
40 ms. Memory: 145408K Free: 131652K (91%)
----------------- Invoking toplevel() on ptolemy.moml.MoMLSimpleApplication@5da5023c
----------------- Done invoking toplevel() on ptolemy.moml.MoMLSimpleApplication@5da5023c
reloadAllAccessors: .InitTransient

===========================================================================================
----------------- testing Sat Aug 31 05:32:49 UTC 2019 /home/travis/build/icyphy/ptII/ptolemy/domains/hdf/kernel/test/auto/Merge.xml
----------------- Instantiating /home/travis/build/icyphy/ptII/ptolemy/domains/hdf/kernel/test/auto/Merge.xml
37 ms. Memory: 145408K Free: 114395K (79%)
----------------- Invoking toplevel() on ptolemy.moml.MoMLSimpleApplication@2c6a3ce9
----------------- Done invoking toplevel() on ptolemy.moml.MoMLSimpleApplication@2c6a3ce9
reloadAllAccessors: .Merge

===========================================================================================
----------------- testing Sat Aug 31 05:32:49 UTC 2019 /home/travis/build/icyphy/ptII/ptolemy/domains/hdf/kernel/test/auto/ModalModelBooleanSwitch.xml
----------------- Instantiating /home/travis/build/icyphy/ptII/ptolemy/domains/hdf/kernel/test/auto/ModalModelBooleanSwitch.xml
38 ms. Memory: 145408K Free: 94939K (65%)
----------------- Invoking toplevel() on ptolemy.moml.MoMLSimpleApplication@70630478
----------------- Done invoking toplevel() on ptolemy.moml.MoMLSimpleApplication@70630478
reloadAllAccessors: .BooleanSwitchWithModel

===========================================================================================
----------------- testing Sat Aug 31 05:32:49 UTC 2019 /home/travis/build/icyphy/ptII/ptolemy/domains/hdf/kernel/test/auto/SameRates.xml
----------------- Instantiating /home/travis/build/icyphy/ptII/ptolemy/domains/hdf/kernel/test/auto/SameRates.xml
19 ms. Memory: 145408K Free: 82651K (57%)
----------------- Invoking toplevel() on ptolemy.moml.MoMLSimpleApplication@6a09eb19
----------------- Done invoking toplevel() on ptolemy.moml.MoMLSimpleApplication@6a09eb19
reloadAllAccessors: .SameRates

===========================================================================================
----------------- testing Sat Aug 31 05:32:49 UTC 2019 /home/travis/build/icyphy/ptII/ptolemy/domains/hdf/kernel/test/auto/SameRefinedRates.xml
----------------- Instantiating /home/travis/build/icyphy/ptII/ptolemy/domains/hdf/kernel/test/auto/SameRefinedRates.xml
22 ms. Memory: 145408K Free: 69766K (48%)
----------------- Invoking toplevel() on ptolemy.moml.MoMLSimpleApplication@7c9f3415
----------------- Done invoking toplevel() on ptolemy.moml.MoMLSimpleApplication@7c9f3415
reloadAllAccessors: .SameRefinedRates

===========================================================================================
----------------- testing Sat Aug 31 05:32:49 UTC 2019 /home/travis/build/icyphy/ptII/ptolemy/domains/hdf/kernel/test/auto/SameRefinedRates2.xml
----------------- Instantiating /home/travis/build/icyphy/ptII/ptolemy/domains/hdf/kernel/test/auto/SameRefinedRates2.xml
18 ms. Memory: 145408K Free: 55572K (38%)
----------------- Invoking toplevel() on ptolemy.moml.MoMLSimpleApplication@2d0f8dea
----------------- Done invoking toplevel() on ptolemy.moml.MoMLSimpleApplication@2d0f8dea
reloadAllAccessors: .SameRefinedRates2

===========================================================================================
----------------- testing Sat Aug 31 05:32:49 UTC 2019 /home/travis/build/icyphy/ptII/ptolemy/domains/hdf/kernel/test/auto/TransientStates.xml
----------------- Instantiating /home/travis/build/icyphy/ptII/ptolemy/domains/hdf/kernel/test/auto/TransientStates.xml
28 ms. Memory: 145408K Free: 121452K (84%)
----------------- Invoking toplevel() on ptolemy.moml.MoMLSimpleApplication@4c08d543
----------------- Done invoking toplevel() on ptolemy.moml.MoMLSimpleApplication@4c08d543
reloadAllAccessors: .TransientStates

===========================================================================================
----------------- testing Sat Aug 31 05:32:50 UTC 2019 /home/travis/build/icyphy/ptII/ptolemy/domains/hdf/kernel/test/auto/TwoHammingCodec.xml
----------------- Instantiating /home/travis/build/icyphy/ptII/ptolemy/domains/hdf/kernel/test/auto/TwoHammingCodec.xml
38 ms. Memory: 145408K Free: 101500K (70%)
----------------- Invoking toplevel() on ptolemy.moml.MoMLSimpleApplication@3322c3e1
----------------- Done invoking toplevel() on ptolemy.moml.MoMLSimpleApplication@3322c3e1
reloadAllAccessors: .TwoHammingCodec

===========================================================================================
----------------- testing Sat Aug 31 05:32:50 UTC 2019 /home/travis/build/icyphy/ptII/ptolemy/domains/hdf/kernel/test/auto/TwoHammingCodec1.xml
----------------- Instantiating /home/travis/build/icyphy/ptII/ptolemy/domains/hdf/kernel/test/auto/TwoHammingCodec1.xml
51 ms. Memory: 145408K Free: 77948K (54%)
----------------- Invoking toplevel() on ptolemy.moml.MoMLSimpleApplication@729ecad0
----------------- Done invoking toplevel() on ptolemy.moml.MoMLSimpleApplication@729ecad0
reloadAllAccessors: .twoHammingCodec1

===========================================================================================
----------------- testing Sat Aug 31 05:32:50 UTC 2019 /home/travis/build/icyphy/ptII/ptolemy/domains/hdf/kernel/test/auto/TwoLevelHierarchy.xml
----------------- Instantiating /home/travis/build/icyphy/ptII/ptolemy/domains/hdf/kernel/test/auto/TwoLevelHierarchy.xml
49 ms. Memory: 145408K Free: 120298K (83%)
----------------- Invoking toplevel() on ptolemy.moml.MoMLSimpleApplication@54ebe1e8
----------------- Done invoking toplevel() on ptolemy.moml.MoMLSimpleApplication@54ebe1e8
reloadAllAccessors: .TwoLevelHierarchy

===========================================================================================
----------------- testing Sat Aug 31 05:32:50 UTC 2019 /home/travis/build/icyphy/ptII/ptolemy/domains/hdf/kernel/test/auto/TwoLevelHierarchy1.xml
----------------- Instantiating /home/travis/build/icyphy/ptII/ptolemy/domains/hdf/kernel/test/auto/TwoLevelHierarchy1.xml
61 ms. Memory: 145408K Free: 77703K (53%)
----------------- Invoking toplevel() on ptolemy.moml.MoMLSimpleApplication@4a364921
----------------- Done invoking toplevel() on ptolemy.moml.MoMLSimpleApplication@4a364921
reloadAllAccessors: .TwoLevelHierarchy1

===========================================================================================
----------------- testing Sat Aug 31 05:32:50 UTC 2019 /home/travis/build/icyphy/ptII/ptolemy/domains/hdf/kernel/test/auto/TwoLevelHierarchy2.xml
----------------- Instantiating /home/travis/build/icyphy/ptII/ptolemy/domains/hdf/kernel/test/auto/TwoLevelHierarchy2.xml
59 ms. Memory: 145408K Free: 128414K (88%)
----------------- Invoking toplevel() on ptolemy.moml.MoMLSimpleApplication@8749565
----------------- Done invoking toplevel() on ptolemy.moml.MoMLSimpleApplication@8749565
reloadAllAccessors: .TwoLevelHierarchy2

===========================================================================================
----------------- testing Sat Aug 31 05:32:50 UTC 2019 /home/travis/build/icyphy/ptII/ptolemy/domains/hdf/kernel/test/auto/TwoLevelHierarchyNullStates.xml
----------------- Instantiating /home/travis/build/icyphy/ptII/ptolemy/domains/hdf/kernel/test/auto/TwoLevelHierarchyNullStates.xml
59 ms. Memory: 145408K Free: 78564K (54%)
----------------- Invoking toplevel() on ptolemy.moml.MoMLSimpleApplication@3610508f
----------------- Done invoking toplevel() on ptolemy.moml.MoMLSimpleApplication@3610508f
reloadAllAccessors: .TwoLevelHierarchyNullStates

===========================================================================================
----------------- testing Sat Aug 31 05:32:50 UTC 2019 /home/travis/build/icyphy/ptII/ptolemy/domains/hdf/kernel/test/auto/TwoLevelHierarchyWithResets.xml
----------------- Instantiating /home/travis/build/icyphy/ptII/ptolemy/domains/hdf/kernel/test/auto/TwoLevelHierarchyWithResets.xml
66 ms. Memory: 145408K Free: 118918K (82%)
----------------- Invoking toplevel() on ptolemy.moml.MoMLSimpleApplication@35ad3215
----------------- Done invoking toplevel() on ptolemy.moml.MoMLSimpleApplication@35ad3215
reloadAllAccessors: .TwoLevelHierarchy1

===========================================================================================
----------------- testing Sat Aug 31 05:32:51 UTC 2019 /home/travis/build/icyphy/ptII/ptolemy/domains/hdf/kernel/test/auto/TwoLevelHierarchyWithResetsNullStates.xml
----------------- Instantiating /home/travis/build/icyphy/ptII/ptolemy/domains/hdf/kernel/test/auto/TwoLevelHierarchyWithResetsNullStates.xml
63 ms. Memory: 145408K Free: 59186K (41%)
----------------- Invoking toplevel() on ptolemy.moml.MoMLSimpleApplication@328aece9
----------------- Done invoking toplevel() on ptolemy.moml.MoMLSimpleApplication@328aece9
reloadAllAccessors: .TwoLevelHierarchyWithResetsNullStates

===========================================================================================
----------------- testing Sat Aug 31 05:32:51 UTC 2019 /home/travis/build/icyphy/ptII/ptolemy/domains/hdf/kernel/test/auto/WaterTank_HDF.xml
----------------- Instantiating /home/travis/build/icyphy/ptII/ptolemy/domains/hdf/kernel/test/auto/WaterTank_HDF.xml
42 ms. Memory: 175104K Free: 145872K (83%)
----------------- Invoking toplevel() on ptolemy.moml.MoMLSimpleApplication@6e37b7b
----------------- Done invoking toplevel() on ptolemy.moml.MoMLSimpleApplication@6e37b7b
reloadAllAccessors: .WaterTank_HDF

===========================================================================================
----------------- testing Sat Aug 31 05:32:51 UTC 2019 /home/travis/build/icyphy/ptII/ptolemy/domains/hdf/kernel/test/auto/WaterTank_HDF2.xml
----------------- Instantiating /home/travis/build/icyphy/ptII/ptolemy/domains/hdf/kernel/test/auto/WaterTank_HDF2.xml
41 ms. Memory: 175104K Free: 113633K (65%)
----------------- Invoking toplevel() on ptolemy.moml.MoMLSimpleApplication@74634766
----------------- Done invoking toplevel() on ptolemy.moml.MoMLSimpleApplication@74634766
reloadAllAccessors: .WaterTank_HDF2

===========================================================================================
----------------- testing Sat Aug 31 05:32:51 UTC 2019 /home/travis/build/icyphy/ptII/ptolemy/domains/hdf/kernel/test/auto/badFSMRateChanges.xml
----------------- Instantiating /home/travis/build/icyphy/ptII/ptolemy/domains/hdf/kernel/test/auto/badFSMRateChanges.xml
12 ms. Memory: 175104K Free: 99297K (57%)
----------------- Invoking toplevel() on ptolemy.moml.MoMLSimpleApplication@73cd1565
----------------- Done invoking toplevel() on ptolemy.moml.MoMLSimpleApplication@73cd1565
reloadAllAccessors: .badFSMRateChanges
AutoTests.java: About to close Vertx.
AutoTests.java: Vertx closed.
]]></system-out>
  <system-err><![CDATA[]]></system-err>
</testsuite>
