<?xml version="1.0" encoding="UTF-8" ?>
<testsuite errors="0" failures="0" hostname="travis-job-67466a43-5fd6-44af-a29e-9955b395256e" name="ptolemy.domains.continuous.test.junit.JUnitTclTest" skipped="0" tests="155" time="72.227" timestamp="2018-06-21T01:23:21">
  <properties>
[...]
</properties>
  <testcase classname="ptolemy.util.test.junit.TclTests" name="[0] ThereAreNoTclTests (RunTclFile)" time="0.002" />
  <testcase classname="ptolemy.util.test.junit.AutoKnownFailedTests" name="[0] ThereAreNoKnowFailedTests (RunModel)" time="0.001" />
  <testcase classname="ptolemy.util.test.junit.AutoNameArchTests" name="[0] ThereAreNoAutoArchTests (RunModel)" time="0.001" />
  <testcase classname="ptolemy.util.test.junit.AutoTests" name="[0] /home/travis/build/icyphy/ptII/ptolemy/domains/continuous/test/auto/BouncingBall.xml (RunModel)" time="2.812" />
  <testcase classname="ptolemy.util.test.junit.AutoTests" name="[1] /home/travis/build/icyphy/ptII/ptolemy/domains/continuous/test/auto/BouncingBallWithoutGR.xml (RunModel)" time="0.857" />
  <testcase classname="ptolemy.util.test.junit.AutoTests" name="[2] /home/travis/build/icyphy/ptII/ptolemy/domains/continuous/test/auto/Brownian.xml (RunModel)" time="0.123" />
  <testcase classname="ptolemy.util.test.junit.AutoTests" name="[3] /home/travis/build/icyphy/ptII/ptolemy/domains/continuous/test/auto/CarTracking.xml (RunModel)" time="3.659" />
  <testcase classname="ptolemy.util.test.junit.AutoTests" name="[4] /home/travis/build/icyphy/ptII/ptolemy/domains/continuous/test/auto/CartPendulum.xml (RunModel)" time="0.507" />
  <testcase classname="ptolemy.util.test.junit.AutoTests" name="[5] /home/travis/build/icyphy/ptII/ptolemy/domains/continuous/test/auto/CausalityInterface10.xml (RunModel)" time="0.034" />
  <testcase classname="ptolemy.util.test.junit.AutoTests" name="[6] /home/travis/build/icyphy/ptII/ptolemy/domains/continuous/test/auto/CausalityInterface11.xml (RunModel)" time="0.02" />
  <testcase classname="ptolemy.util.test.junit.AutoTests" name="[7] /home/travis/build/icyphy/ptII/ptolemy/domains/continuous/test/auto/CausalityInterface12.xml (RunModel)" time="0.024" />
  <testcase classname="ptolemy.util.test.junit.AutoTests" name="[8] /home/travis/build/icyphy/ptII/ptolemy/domains/continuous/test/auto/CausalityInterface13.xml (RunModel)" time="0.026" />
  <testcase classname="ptolemy.util.test.junit.AutoTests" name="[9] /home/travis/build/icyphy/ptII/ptolemy/domains/continuous/test/auto/CausalityInterface14.xml (RunModel)" time="0.023" />
  <testcase classname="ptolemy.util.test.junit.AutoTests" name="[10] /home/travis/build/icyphy/ptII/ptolemy/domains/continuous/test/auto/CausalityInterface4.xml (RunModel)" time="0.027" />
  <testcase classname="ptolemy.util.test.junit.AutoTests" name="[11] /home/travis/build/icyphy/ptII/ptolemy/domains/continuous/test/auto/CausalityInterface5.xml (RunModel)" time="0.041" />
  <testcase classname="ptolemy.util.test.junit.AutoTests" name="[12] /home/travis/build/icyphy/ptII/ptolemy/domains/continuous/test/auto/CausalityInterface6.xml (RunModel)" time="0.029" />
  <testcase classname="ptolemy.util.test.junit.AutoTests" name="[13] /home/travis/build/icyphy/ptII/ptolemy/domains/continuous/test/auto/CausalityInterface7.xml (RunModel)" time="0.046" />
  <testcase classname="ptolemy.util.test.junit.AutoTests" name="[14] /home/travis/build/icyphy/ptII/ptolemy/domains/continuous/test/auto/CausalityInterface8.xml (RunModel)" time="0.03" />
  <testcase classname="ptolemy.util.test.junit.AutoTests" name="[15] /home/travis/build/icyphy/ptII/ptolemy/domains/continuous/test/auto/CausalityInterface9.xml (RunModel)" time="0.054" />
  <testcase classname="ptolemy.util.test.junit.AutoTests" name="[16] /home/travis/build/icyphy/ptII/ptolemy/domains/continuous/test/auto/CausalityInterfaceFeedback1.xml (RunModel)" time="0.029" />
  <testcase classname="ptolemy.util.test.junit.AutoTests" name="[17] /home/travis/build/icyphy/ptII/ptolemy/domains/continuous/test/auto/CausalityInterfaceFeedback2.xml (RunModel)" time="0.037" />
  <testcase classname="ptolemy.util.test.junit.AutoTests" name="[18] /home/travis/build/icyphy/ptII/ptolemy/domains/continuous/test/auto/CompareWithCurrentTime.xml (RunModel)" time="0.026" />
  <testcase classname="ptolemy.util.test.junit.AutoTests" name="[19] /home/travis/build/icyphy/ptII/ptolemy/domains/continuous/test/auto/ComparedClocks.xml (RunModel)" time="0.076" />
  <testcase classname="ptolemy.util.test.junit.AutoTests" name="[20] /home/travis/build/icyphy/ptII/ptolemy/domains/continuous/test/auto/ContinuousAOCClone.xml (RunModel)" time="2.624" />
  <testcase classname="ptolemy.util.test.junit.AutoTests" name="[21] /home/travis/build/icyphy/ptII/ptolemy/domains/continuous/test/auto/ContinuousClock.xml (RunModel)" time="0.097" />
  <testcase classname="ptolemy.util.test.junit.AutoTests" name="[22] /home/travis/build/icyphy/ptII/ptolemy/domains/continuous/test/auto/ContinuousInContinuous.xml (RunModel)" time="0.088" />
  <testcase classname="ptolemy.util.test.junit.AutoTests" name="[23] /home/travis/build/icyphy/ptII/ptolemy/domains/continuous/test/auto/ContinuousInContinuousInContinuous.xml (RunModel)" time="0.029" />
  <testcase classname="ptolemy.util.test.junit.AutoTests" name="[24] /home/travis/build/icyphy/ptII/ptolemy/domains/continuous/test/auto/ContinuousInDE.xml (RunModel)" time="0.145" />
  <testcase classname="ptolemy.util.test.junit.AutoTests" name="[25] /home/travis/build/icyphy/ptII/ptolemy/domains/continuous/test/auto/ContinuousInDE2.xml (RunModel)" time="0.062" />
  <testcase classname="ptolemy.util.test.junit.AutoTests" name="[26] /home/travis/build/icyphy/ptII/ptolemy/domains/continuous/test/auto/ContinuousInDE3.xml (RunModel)" time="0.056" />
  <testcase classname="ptolemy.util.test.junit.AutoTests" name="[27] /home/travis/build/icyphy/ptII/ptolemy/domains/continuous/test/auto/ContinuousInDE4.xml (RunModel)" time="0.034" />
  <testcase classname="ptolemy.util.test.junit.AutoTests" name="[28] /home/travis/build/icyphy/ptII/ptolemy/domains/continuous/test/auto/ContinuousInDEDifferentRefinements.xml (RunModel)" time="0.123" />
  <testcase classname="ptolemy.util.test.junit.AutoTests" name="[29] /home/travis/build/icyphy/ptII/ptolemy/domains/continuous/test/auto/ContinuousInDEDifferentRefinementsPreemptive.xml (RunModel)" time="0.097" />
  <testcase classname="ptolemy.util.test.junit.AutoTests" name="[30] /home/travis/build/icyphy/ptII/ptolemy/domains/continuous/test/auto/ContinuousInDEInContinuous2.xml (RunModel)" time="0.074" />
  <testcase classname="ptolemy.util.test.junit.AutoTests" name="[31] /home/travis/build/icyphy/ptII/ptolemy/domains/continuous/test/auto/ContinuousInDEInContinuous3.xml (RunModel)" time="0.06" />
  <testcase classname="ptolemy.util.test.junit.AutoTests" name="[32] /home/travis/build/icyphy/ptII/ptolemy/domains/continuous/test/auto/ContinuousInDEInput.xml (RunModel)" time="0.046" />
  <testcase classname="ptolemy.util.test.junit.AutoTests" name="[33] /home/travis/build/icyphy/ptII/ptolemy/domains/continuous/test/auto/ContinuousInDEInput2.xml (RunModel)" time="0.034" />
  <testcase classname="ptolemy.util.test.junit.AutoTests" name="[34] /home/travis/build/icyphy/ptII/ptolemy/domains/continuous/test/auto/ContinuousInDEInput3.xml (RunModel)" time="0.044" />
  <testcase classname="ptolemy.util.test.junit.AutoTests" name="[35] /home/travis/build/icyphy/ptII/ptolemy/domains/continuous/test/auto/ContinuousInDESharingRefinement.xml (RunModel)" time="0.178" />
  <testcase classname="ptolemy.util.test.junit.AutoTests" name="[36] /home/travis/build/icyphy/ptII/ptolemy/domains/continuous/test/auto/ContinuousInDEwithNoPorts.xml (RunModel)" time="0.015" />
  <testcase classname="ptolemy.util.test.junit.AutoTests" name="[37] /home/travis/build/icyphy/ptII/ptolemy/domains/continuous/test/auto/ContinuousInsideDE.xml (RunModel)" time="0.105" />
  <testcase classname="ptolemy.util.test.junit.AutoTests" name="[38] /home/travis/build/icyphy/ptII/ptolemy/domains/continuous/test/auto/ContinuousMerge1.xml (RunModel)" time="0.018" />
  <testcase classname="ptolemy.util.test.junit.AutoTests" name="[39] /home/travis/build/icyphy/ptII/ptolemy/domains/continuous/test/auto/ContinuousMerge2.xml (RunModel)" time="0.045" />
  <testcase classname="ptolemy.util.test.junit.AutoTests" name="[40] /home/travis/build/icyphy/ptII/ptolemy/domains/continuous/test/auto/ContinuousMerge3.xml (RunModel)" time="0.066" />
  <testcase classname="ptolemy.util.test.junit.AutoTests" name="[41] /home/travis/build/icyphy/ptII/ptolemy/domains/continuous/test/auto/ContinuousWithinContinuous.xml (RunModel)" time="0.055" />
  <testcase classname="ptolemy.util.test.junit.AutoTests" name="[42] /home/travis/build/icyphy/ptII/ptolemy/domains/continuous/test/auto/ContinuousWithinContinuous2.xml (RunModel)" time="0.075" />
  <testcase classname="ptolemy.util.test.junit.AutoTests" name="[43] /home/travis/build/icyphy/ptII/ptolemy/domains/continuous/test/auto/ContinuousWithinContinuous3.xml (RunModel)" time="0.029" />
  <testcase classname="ptolemy.util.test.junit.AutoTests" name="[44] /home/travis/build/icyphy/ptII/ptolemy/domains/continuous/test/auto/ContinuousWithinContinuous4.xml (RunModel)" time="0.082" />
  <testcase classname="ptolemy.util.test.junit.AutoTests" name="[45] /home/travis/build/icyphy/ptII/ptolemy/domains/continuous/test/auto/ContinuousWithinContinuous5.xml (RunModel)" time="0.033" />
  <testcase classname="ptolemy.util.test.junit.AutoTests" name="[46] /home/travis/build/icyphy/ptII/ptolemy/domains/continuous/test/auto/ContinuousWithinContinuous6.xml (RunModel)" time="0.033" />
  <testcase classname="ptolemy.util.test.junit.AutoTests" name="[47] /home/travis/build/icyphy/ptII/ptolemy/domains/continuous/test/auto/ContinuousWithinContinuous7.xml (RunModel)" time="0.09" />
  <testcase classname="ptolemy.util.test.junit.AutoTests" name="[48] /home/travis/build/icyphy/ptII/ptolemy/domains/continuous/test/auto/DCMotor.xml (RunModel)" time="13.894" />
  <testcase classname="ptolemy.util.test.junit.AutoTests" name="[49] /home/travis/build/icyphy/ptII/ptolemy/domains/continuous/test/auto/DEInContinuous.xml (RunModel)" time="0.021" />
  <testcase classname="ptolemy.util.test.junit.AutoTests" name="[50] /home/travis/build/icyphy/ptII/ptolemy/domains/continuous/test/auto/DEinContinuous2.xml (RunModel)" time="0.032" />
  <testcase classname="ptolemy.util.test.junit.AutoTests" name="[51] /home/travis/build/icyphy/ptII/ptolemy/domains/continuous/test/auto/Derivative.xml (RunModel)" time="0.228" />
  <testcase classname="ptolemy.util.test.junit.AutoTests" name="[52] /home/travis/build/icyphy/ptII/ptolemy/domains/continuous/test/auto/Derivative1.xml (RunModel)" time="0.067" />
  <testcase classname="ptolemy.util.test.junit.AutoTests" name="[53] /home/travis/build/icyphy/ptII/ptolemy/domains/continuous/test/auto/DiscreteClock.xml (RunModel)" time="0.017" />
  <testcase classname="ptolemy.util.test.junit.AutoTests" name="[54] /home/travis/build/icyphy/ptII/ptolemy/domains/continuous/test/auto/EfficiencyCurve.xml (RunModel)" time="0.091" />
  <testcase classname="ptolemy.util.test.junit.AutoTests" name="[55] /home/travis/build/icyphy/ptII/ptolemy/domains/continuous/test/auto/ExponentialResponse.xml (RunModel)" time="0.112" />
  <testcase classname="ptolemy.util.test.junit.AutoTests" name="[56] /home/travis/build/icyphy/ptII/ptolemy/domains/continuous/test/auto/ExponentialResponseRK45.xml (RunModel)" time="0.036" />
  <testcase classname="ptolemy.util.test.junit.AutoTests" name="[57] /home/travis/build/icyphy/ptII/ptolemy/domains/continuous/test/auto/Friction.xml (RunModel)" time="1.433" />
  <testcase classname="ptolemy.util.test.junit.AutoTests" name="[58] /home/travis/build/icyphy/ptII/ptolemy/domains/continuous/test/auto/FurutaPendulum.xml (RunModel)" time="3.39" />
  <testcase classname="ptolemy.util.test.junit.AutoTests" name="[59] /home/travis/build/icyphy/ptII/ptolemy/domains/continuous/test/auto/HierarchicalExecution.xml (RunModel)" time="1.944" />
  <testcase classname="ptolemy.util.test.junit.AutoTests" name="[60] /home/travis/build/icyphy/ptII/ptolemy/domains/continuous/test/auto/HybridPlant.xml (RunModel)" time="0.561" />
  <testcase classname="ptolemy.util.test.junit.AutoTests" name="[61] /home/travis/build/icyphy/ptII/ptolemy/domains/continuous/test/auto/Hysteresis.xml (RunModel)" time="0.157" />
  <testcase classname="ptolemy.util.test.junit.AutoTests" name="[62] /home/travis/build/icyphy/ptII/ptolemy/domains/continuous/test/auto/HysteresisWithRandomDelay.xml (RunModel)" time="0.208" />
  <testcase classname="ptolemy.util.test.junit.AutoTests" name="[63] /home/travis/build/icyphy/ptII/ptolemy/domains/continuous/test/auto/HysteresisWithRandomLosses.xml (RunModel)" time="2.227" />
  <testcase classname="ptolemy.util.test.junit.AutoTests" name="[64] /home/travis/build/icyphy/ptII/ptolemy/domains/continuous/test/auto/ImmediateTransitions.xml (RunModel)" time="0.03" />
  <testcase classname="ptolemy.util.test.junit.AutoTests" name="[65] /home/travis/build/icyphy/ptII/ptolemy/domains/continuous/test/auto/ImpulseFeedback.xml (RunModel)" time="0.029" />
  <testcase classname="ptolemy.util.test.junit.AutoTests" name="[66] /home/travis/build/icyphy/ptII/ptolemy/domains/continuous/test/auto/ImpulseFeedback2.xml (RunModel)" time="0.017" />
  <testcase classname="ptolemy.util.test.junit.AutoTests" name="[67] /home/travis/build/icyphy/ptII/ptolemy/domains/continuous/test/auto/IncreasingRatePoisson.xml (RunModel)" time="0.717" />
  <testcase classname="ptolemy.util.test.junit.AutoTests" name="[68] /home/travis/build/icyphy/ptII/ptolemy/domains/continuous/test/auto/InitialStateFeedback.xml (RunModel)" time="0.015" />
  <testcase classname="ptolemy.util.test.junit.AutoTests" name="[69] /home/travis/build/icyphy/ptII/ptolemy/domains/continuous/test/auto/Integration.xml (RunModel)" time="0.014" />
  <testcase classname="ptolemy.util.test.junit.AutoTests" name="[70] /home/travis/build/icyphy/ptII/ptolemy/domains/continuous/test/auto/Integration2.xml (RunModel)" time="0.086" />
  <testcase classname="ptolemy.util.test.junit.AutoTests" name="[71] /home/travis/build/icyphy/ptII/ptolemy/domains/continuous/test/auto/Integration3.xml (RunModel)" time="0.013" />
  <testcase classname="ptolemy.util.test.junit.AutoTests" name="[72] /home/travis/build/icyphy/ptII/ptolemy/domains/continuous/test/auto/Integration5.xml (RunModel)" time="0.034" />
  <testcase classname="ptolemy.util.test.junit.AutoTests" name="[73] /home/travis/build/icyphy/ptII/ptolemy/domains/continuous/test/auto/IntegratorImpulse.xml (RunModel)" time="0.011" />
  <testcase classname="ptolemy.util.test.junit.AutoTests" name="[74] /home/travis/build/icyphy/ptII/ptolemy/domains/continuous/test/auto/IntegratorImpulse2.xml (RunModel)" time="0.011" />
  <testcase classname="ptolemy.util.test.junit.AutoTests" name="[75] /home/travis/build/icyphy/ptII/ptolemy/domains/continuous/test/auto/LevelCrossing1.xml (RunModel)" time="0.012" />
  <testcase classname="ptolemy.util.test.junit.AutoTests" name="[76] /home/travis/build/icyphy/ptII/ptolemy/domains/continuous/test/auto/LevelCrossing2.xml (RunModel)" time="0.012" />
  <testcase classname="ptolemy.util.test.junit.AutoTests" name="[77] /home/travis/build/icyphy/ptII/ptolemy/domains/continuous/test/auto/LevelCrossing3.xml (RunModel)" time="0.011" />
  <testcase classname="ptolemy.util.test.junit.AutoTests" name="[78] /home/travis/build/icyphy/ptII/ptolemy/domains/continuous/test/auto/LevelCrossing4.xml (RunModel)" time="0.013" />
  <testcase classname="ptolemy.util.test.junit.AutoTests" name="[79] /home/travis/build/icyphy/ptII/ptolemy/domains/continuous/test/auto/LevelCrossing5.xml (RunModel)" time="0.013" />
  <testcase classname="ptolemy.util.test.junit.AutoTests" name="[80] /home/travis/build/icyphy/ptII/ptolemy/domains/continuous/test/auto/LevelCrossing6.xml (RunModel)" time="0.013" />
  <testcase classname="ptolemy.util.test.junit.AutoTests" name="[81] /home/travis/build/icyphy/ptII/ptolemy/domains/continuous/test/auto/LevelCrossingDetector.xml (RunModel)" time="0.04" />
  <testcase classname="ptolemy.util.test.junit.AutoTests" name="[82] /home/travis/build/icyphy/ptII/ptolemy/domains/continuous/test/auto/LevelCrossingDetectorDetectingDirections.xml (RunModel)" time="0.088" />
  <testcase classname="ptolemy.util.test.junit.AutoTests" name="[83] /home/travis/build/icyphy/ptII/ptolemy/domains/continuous/test/auto/LevelCrossingDetectorDetectsGlitches.xml (RunModel)" time="0.059" />
  <testcase classname="ptolemy.util.test.junit.AutoTests" name="[84] /home/travis/build/icyphy/ptII/ptolemy/domains/continuous/test/auto/LevelCrossingNoInitialOuput.xml (RunModel)" time="0.011" />
  <testcase classname="ptolemy.util.test.junit.AutoTests" name="[85] /home/travis/build/icyphy/ptII/ptolemy/domains/continuous/test/auto/LinearStateSpaceExample.xml (RunModel)" time="0.048" />
  <testcase classname="ptolemy.util.test.junit.AutoTests" name="[86] /home/travis/build/icyphy/ptII/ptolemy/domains/continuous/test/auto/Lorenz.xml (RunModel)" time="4.033" />
  <testcase classname="ptolemy.util.test.junit.AutoTests" name="[87] /home/travis/build/icyphy/ptII/ptolemy/domains/continuous/test/auto/LorenzDifferentialSystem.xml (RunModel)" time="1.104" />
  <testcase classname="ptolemy.util.test.junit.AutoTests" name="[88] /home/travis/build/icyphy/ptII/ptolemy/domains/continuous/test/auto/LorenzDifferentialSystemWithInput.xml (RunModel)" time="1.332" />
  <testcase classname="ptolemy.util.test.junit.AutoTests" name="[89] /home/travis/build/icyphy/ptII/ptolemy/domains/continuous/test/auto/LorenzDifferentialSystemWithTime.xml (RunModel)" time="0.734" />
  <testcase classname="ptolemy.util.test.junit.AutoTests" name="[90] /home/travis/build/icyphy/ptII/ptolemy/domains/continuous/test/auto/Microsteps.xml (RunModel)" time="0.017" />
  <testcase classname="ptolemy.util.test.junit.AutoTests" name="[91] /home/travis/build/icyphy/ptII/ptolemy/domains/continuous/test/auto/Modal1.xml (RunModel)" time="0.032" />
  <testcase classname="ptolemy.util.test.junit.AutoTests" name="[92] /home/travis/build/icyphy/ptII/ptolemy/domains/continuous/test/auto/Modal2.xml (RunModel)" time="0.035" />
  <testcase classname="ptolemy.util.test.junit.AutoTests" name="[93] /home/travis/build/icyphy/ptII/ptolemy/domains/continuous/test/auto/ModalTransitionGuardWithReset.xml (RunModel)" time="0.021" />
  <testcase classname="ptolemy.util.test.junit.AutoTests" name="[94] /home/travis/build/icyphy/ptII/ptolemy/domains/continuous/test/auto/ModalTransitionGuardWithResetUsingPreemptiveTransition.xml (RunModel)" time="0.022" />
  <testcase classname="ptolemy.util.test.junit.AutoTests" name="[95] /home/travis/build/icyphy/ptII/ptolemy/domains/continuous/test/auto/ModalTransitionGuardWithResetUsingPreemptiveTransition2.xml (RunModel)" time="0.036" />
  <testcase classname="ptolemy.util.test.junit.AutoTests" name="[96] /home/travis/build/icyphy/ptII/ptolemy/domains/continuous/test/auto/ModalTransitionGuardWithResetUsingPreemptiveTransition3.xml (RunModel)" time="0.028" />
  <testcase classname="ptolemy.util.test.junit.AutoTests" name="[97] /home/travis/build/icyphy/ptII/ptolemy/domains/continuous/test/auto/NewtonsCradle.xml (RunModel)" time="0.806" />
  <testcase classname="ptolemy.util.test.junit.AutoTests" name="[98] /home/travis/build/icyphy/ptII/ptolemy/domains/continuous/test/auto/NewtonsCradleAnimated.xml (RunModel)" time="1.249" />
  <testcase classname="ptolemy.util.test.junit.AutoTests" name="[99] /home/travis/build/icyphy/ptII/ptolemy/domains/continuous/test/auto/NewtonsCradleComplicated.xml (RunModel)" time="0.923" />
  <testcase classname="ptolemy.util.test.junit.AutoTests" name="[100] /home/travis/build/icyphy/ptII/ptolemy/domains/continuous/test/auto/NewtonsCradleNondeterministic.xml (RunModel)" time="0.679" />
  <testcase classname="ptolemy.util.test.junit.AutoTests" name="[101] /home/travis/build/icyphy/ptII/ptolemy/domains/continuous/test/auto/NewtonsCradlePerfectlyInelastic1.xml (RunModel)" time="1.338" />
  <testcase classname="ptolemy.util.test.junit.AutoTests" name="[102] /home/travis/build/icyphy/ptII/ptolemy/domains/continuous/test/auto/Noise.xml (RunModel)" time="0.185" />
  <testcase classname="ptolemy.util.test.junit.AutoTests" name="[103] /home/travis/build/icyphy/ptII/ptolemy/domains/continuous/test/auto/NoiseSpectrum.xml (RunModel)" time="0.788" />
  <testcase classname="ptolemy.util.test.junit.AutoTests" name="[104] /home/travis/build/icyphy/ptII/ptolemy/domains/continuous/test/auto/ParameterizedNewtonsCradleAnimated.xml (RunModel)" time="0.367" />
  <testcase classname="ptolemy.util.test.junit.AutoTests" name="[105] /home/travis/build/icyphy/ptII/ptolemy/domains/continuous/test/auto/ParameterizedNewtonsCradleAnimatedNondeterministic.xml (RunModel)" time="1.087" />
  <testcase classname="ptolemy.util.test.junit.AutoTests" name="[106] /home/travis/build/icyphy/ptII/ptolemy/domains/continuous/test/auto/Pendulum3D.xml (RunModel)" time="0.173" />
  <testcase classname="ptolemy.util.test.junit.AutoTests" name="[107] /home/travis/build/icyphy/ptII/ptolemy/domains/continuous/test/auto/PeriodicSampler.xml (RunModel)" time="0.011" />
  <testcase classname="ptolemy.util.test.junit.AutoTests" name="[108] /home/travis/build/icyphy/ptII/ptolemy/domains/continuous/test/auto/PeriodicSampler1.xml (RunModel)" time="0.047" />
  <testcase classname="ptolemy.util.test.junit.AutoTests" name="[109] /home/travis/build/icyphy/ptII/ptolemy/domains/continuous/test/auto/PeriodicSampler2.xml (RunModel)" time="0.071" />
  <testcase classname="ptolemy.util.test.junit.AutoTests" name="[110] /home/travis/build/icyphy/ptII/ptolemy/domains/continuous/test/auto/Poisson.xml (RunModel)" time="0.432" />
  <testcase classname="ptolemy.util.test.junit.AutoTests" name="[111] /home/travis/build/icyphy/ptII/ptolemy/domains/continuous/test/auto/PoissonClock.xml (RunModel)" time="0.018" />
  <testcase classname="ptolemy.util.test.junit.AutoTests" name="[112] /home/travis/build/icyphy/ptII/ptolemy/domains/continuous/test/auto/PoissonClock2.xml (RunModel)" time="0.016" />
  <testcase classname="ptolemy.util.test.junit.AutoTests" name="[113] /home/travis/build/icyphy/ptII/ptolemy/domains/continuous/test/auto/PortParameterHierarchy.xml (RunModel)" time="0.015" />
  <testcase classname="ptolemy.util.test.junit.AutoTests" name="[114] /home/travis/build/icyphy/ptII/ptolemy/domains/continuous/test/auto/RandomHybridPlant.xml (RunModel)" time="0.52" />
  <testcase classname="ptolemy.util.test.junit.AutoTests" name="[115] /home/travis/build/icyphy/ptII/ptolemy/domains/continuous/test/auto/ResetTransitionWithStartTime1.xml (RunModel)" time="0.045" />
  <testcase classname="ptolemy.util.test.junit.AutoTests" name="[116] /home/travis/build/icyphy/ptII/ptolemy/domains/continuous/test/auto/ResetTransitionWithStartTime2.xml (RunModel)" time="0.041" />
  <testcase classname="ptolemy.util.test.junit.AutoTests" name="[117] /home/travis/build/icyphy/ptII/ptolemy/domains/continuous/test/auto/ResetTransitionWithStartTime3.xml (RunModel)" time="0.041" />
  <testcase classname="ptolemy.util.test.junit.AutoTests" name="[118] /home/travis/build/icyphy/ptII/ptolemy/domains/continuous/test/auto/ResetTransitionWithStartTime4.xml (RunModel)" time="0.026" />
  <testcase classname="ptolemy.util.test.junit.AutoTests" name="[119] /home/travis/build/icyphy/ptII/ptolemy/domains/continuous/test/auto/ResetTransitionWithStartTime5.xml (RunModel)" time="0.035" />
  <testcase classname="ptolemy.util.test.junit.AutoTests" name="[120] /home/travis/build/icyphy/ptII/ptolemy/domains/continuous/test/auto/ResetTransitionWithStartTime6.xml (RunModel)" time="0.024" />
  <testcase classname="ptolemy.util.test.junit.AutoTests" name="[121] /home/travis/build/icyphy/ptII/ptolemy/domains/continuous/test/auto/SRinContinuous.xml (RunModel)" time="0.022" />
  <testcase classname="ptolemy.util.test.junit.AutoTests" name="[122] /home/travis/build/icyphy/ptII/ptolemy/domains/continuous/test/auto/SampledClocks.xml (RunModel)" time="0.028" />
  <testcase classname="ptolemy.util.test.junit.AutoTests" name="[123] /home/travis/build/icyphy/ptII/ptolemy/domains/continuous/test/auto/Satellite.xml (RunModel)" time="0.824" />
  <testcase classname="ptolemy.util.test.junit.AutoTests" name="[124] /home/travis/build/icyphy/ptII/ptolemy/domains/continuous/test/auto/SigmaDelta.xml (RunModel)" time="2.334" />
  <testcase classname="ptolemy.util.test.junit.AutoTests" name="[125] /home/travis/build/icyphy/ptII/ptolemy/domains/continuous/test/auto/SinuBouncingBall.xml (RunModel)" time="0.75" />
  <testcase classname="ptolemy.util.test.junit.AutoTests" name="[126] /home/travis/build/icyphy/ptII/ptolemy/domains/continuous/test/auto/Sinusoid.xml (RunModel)" time="0.011" />
  <testcase classname="ptolemy.util.test.junit.AutoTests" name="[127] /home/travis/build/icyphy/ptII/ptolemy/domains/continuous/test/auto/SinusoidInNoise.xml (RunModel)" time="0.864" />
  <testcase classname="ptolemy.util.test.junit.AutoTests" name="[128] /home/travis/build/icyphy/ptII/ptolemy/domains/continuous/test/auto/SinusoidRK45.xml (RunModel)" time="0.009" />
  <testcase classname="ptolemy.util.test.junit.AutoTests" name="[129] /home/travis/build/icyphy/ptII/ptolemy/domains/continuous/test/auto/SinusoidWithMultipleImpulses.xml (RunModel)" time="0.012" />
  <testcase classname="ptolemy.util.test.junit.AutoTests" name="[130] /home/travis/build/icyphy/ptII/ptolemy/domains/continuous/test/auto/SquareWave.xml (RunModel)" time="0.215" />
  <testcase classname="ptolemy.util.test.junit.AutoTests" name="[131] /home/travis/build/icyphy/ptII/ptolemy/domains/continuous/test/auto/Starmac.xml (RunModel)" time="3.355" />
  <testcase classname="ptolemy.util.test.junit.AutoTests" name="[132] /home/travis/build/icyphy/ptII/ptolemy/domains/continuous/test/auto/StaticUnits.xml (RunModel)" time="2.481" />
  <testcase classname="ptolemy.util.test.junit.AutoTests" name="[133] /home/travis/build/icyphy/ptII/ptolemy/domains/continuous/test/auto/StickyMasses.xml (RunModel)" time="0.189" />
  <testcase classname="ptolemy.util.test.junit.AutoTests" name="[134] /home/travis/build/icyphy/ptII/ptolemy/domains/continuous/test/auto/StopTime.xml (RunModel)" time="0.064" />
  <testcase classname="ptolemy.util.test.junit.AutoTests" name="[135] /home/travis/build/icyphy/ptII/ptolemy/domains/continuous/test/auto/StopTime2.xml (RunModel)" time="0.068" />
  <testcase classname="ptolemy.util.test.junit.AutoTests" name="[136] /home/travis/build/icyphy/ptII/ptolemy/domains/continuous/test/auto/Switch.xml (RunModel)" time="0.07" />
  <testcase classname="ptolemy.util.test.junit.AutoTests" name="[137] /home/travis/build/icyphy/ptII/ptolemy/domains/continuous/test/auto/Thermostat.xml (RunModel)" time="0.18" />
  <testcase classname="ptolemy.util.test.junit.AutoTests" name="[138] /home/travis/build/icyphy/ptII/ptolemy/domains/continuous/test/auto/TimeDelay.xml (RunModel)" time="0.013" />
  <testcase classname="ptolemy.util.test.junit.AutoTests" name="[139] /home/travis/build/icyphy/ptII/ptolemy/domains/continuous/test/auto/TimeDelay2.xml (RunModel)" time="0.015" />
  <testcase classname="ptolemy.util.test.junit.AutoTests" name="[140] /home/travis/build/icyphy/ptII/ptolemy/domains/continuous/test/auto/TimeDelay3.xml (RunModel)" time="0.013" />
  <testcase classname="ptolemy.util.test.junit.AutoTests" name="[141] /home/travis/build/icyphy/ptII/ptolemy/domains/continuous/test/auto/TransferAbsentToInside.xml (RunModel)" time="0.104" />
  <testcase classname="ptolemy.util.test.junit.AutoTests" name="[142] /home/travis/build/icyphy/ptII/ptolemy/domains/continuous/test/auto/Transmission.xml (RunModel)" time="0.773" />
  <testcase classname="ptolemy.util.test.junit.AutoTests" name="[143] /home/travis/build/icyphy/ptII/ptolemy/domains/continuous/test/auto/TriggeredContinuousClock.xml (RunModel)" time="0.069" />
  <testcase classname="ptolemy.util.test.junit.AutoTests" name="[144] /home/travis/build/icyphy/ptII/ptolemy/domains/continuous/test/auto/TwoMachineInfiniteBusControl.xml (RunModel)" time="2.819" />
  <testcase classname="ptolemy.util.test.junit.AutoTests" name="[145] /home/travis/build/icyphy/ptII/ptolemy/domains/continuous/test/auto/V2V.xml (RunModel)" time="0.825" />
  <testcase classname="ptolemy.util.test.junit.AutoTests" name="[146] /home/travis/build/icyphy/ptII/ptolemy/domains/continuous/test/auto/hierarchicalModalModel.xml (RunModel)" time="0.037" />
  <testcase classname="ptolemy.util.test.junit.AutoTests" name="[147] /home/travis/build/icyphy/ptII/ptolemy/domains/continuous/test/auto/hierarchicalModalModel1.xml (RunModel)" time="0.032" />
  <testcase classname="ptolemy.util.test.junit.AutoTests" name="[148] /home/travis/build/icyphy/ptII/ptolemy/domains/continuous/test/auto/hierarchicalModalModel2.xml (RunModel)" time="0.029" />
  <testcase classname="ptolemy.util.test.junit.AutoTests" name="[149] /home/travis/build/icyphy/ptII/ptolemy/domains/continuous/test/auto/hierarchicalModalModel3.xml (RunModel)" time="0.022" />
  <testcase classname="ptolemy.util.test.junit.AutoTests" name="[150] /home/travis/build/icyphy/ptII/ptolemy/domains/continuous/test/auto/hierarchicalModalModel4.xml (RunModel)" time="0.031" />
  <testcase classname="ptolemy.util.test.junit.AutoTests" name="[151] /home/travis/build/icyphy/ptII/ptolemy/domains/continuous/test/auto/junk.xml (RunModel)" time="0.154" />
  <system-out><![CDATA[No tcl tests in /home/travis/build/icyphy/ptII/ptolemy/domains/continuous/test
No auto/knownFailedTests/*.xml tests in /home/travis/build/icyphy/ptII/ptolemy/domains/continuous/test
No auto/linux-amd64/*.xml tests in /home/travis/build/icyphy/ptII/ptolemy/domains/continuous/test
AutoTests.java: About to close Vertx.
AutoTests.java: Vertx closed.

===========================================================================================
----------------- testing Thu Jun 21 01:23:22 UTC 2018 /home/travis/build/icyphy/ptII/ptolemy/domains/continuous/test/auto/BouncingBall.xml
----------------- Instantiating /home/travis/build/icyphy/ptII/ptolemy/domains/continuous/test/auto/BouncingBall.xml
2281 ms. Memory: 331776K Free: 255174K (77%)
----------------- Invoking toplevel() on ptolemy.moml.MoMLSimpleApplication@16818c76
----------------- Done invoking toplevel() on ptolemy.moml.MoMLSimpleApplication@16818c76
reloadAllAccessors: .BouncingBall

===========================================================================================
----------------- testing Thu Jun 21 01:23:24 UTC 2018 /home/travis/build/icyphy/ptII/ptolemy/domains/continuous/test/auto/BouncingBallWithoutGR.xml
----------------- Instantiating /home/travis/build/icyphy/ptII/ptolemy/domains/continuous/test/auto/BouncingBallWithoutGR.xml
782 ms. Memory: 331776K Free: 312820K (94%)
----------------- Invoking toplevel() on ptolemy.moml.MoMLSimpleApplication@21a25903
----------------- Done invoking toplevel() on ptolemy.moml.MoMLSimpleApplication@21a25903
reloadAllAccessors: .BouncingBallWithoutGR

===========================================================================================
----------------- testing Thu Jun 21 01:23:25 UTC 2018 /home/travis/build/icyphy/ptII/ptolemy/domains/continuous/test/auto/Brownian.xml
----------------- Instantiating /home/travis/build/icyphy/ptII/ptolemy/domains/continuous/test/auto/Brownian.xml
37 ms. Memory: 331776K Free: 298910K (90%)
----------------- Invoking toplevel() on ptolemy.moml.MoMLSimpleApplication@35dfe025
----------------- Done invoking toplevel() on ptolemy.moml.MoMLSimpleApplication@35dfe025
reloadAllAccessors: .Brownian

===========================================================================================
----------------- testing Thu Jun 21 01:23:25 UTC 2018 /home/travis/build/icyphy/ptII/ptolemy/domains/continuous/test/auto/CarTracking.xml
----------------- Instantiating /home/travis/build/icyphy/ptII/ptolemy/domains/continuous/test/auto/CarTracking.xml
3277 ms. Memory: 578048K Free: 435221K (75%)
----------------- Invoking toplevel() on ptolemy.moml.MoMLSimpleApplication@62e832e2
----------------- Done invoking toplevel() on ptolemy.moml.MoMLSimpleApplication@62e832e2
reloadAllAccessors: .CarTracking

===========================================================================================
----------------- testing Thu Jun 21 01:23:29 UTC 2018 /home/travis/build/icyphy/ptII/ptolemy/domains/continuous/test/auto/CartPendulum.xml
----------------- Instantiating /home/travis/build/icyphy/ptII/ptolemy/domains/continuous/test/auto/CartPendulum.xml
388 ms. Memory: 578048K Free: 322320K (56%)
----------------- Invoking toplevel() on ptolemy.moml.MoMLSimpleApplication@a078b41
----------------- Done invoking toplevel() on ptolemy.moml.MoMLSimpleApplication@a078b41
reloadAllAccessors: .CartPendulum

===========================================================================================
----------------- testing Thu Jun 21 01:23:30 UTC 2018 /home/travis/build/icyphy/ptII/ptolemy/domains/continuous/test/auto/CausalityInterface10.xml
----------------- Instantiating /home/travis/build/icyphy/ptII/ptolemy/domains/continuous/test/auto/CausalityInterface10.xml
6 ms. Memory: 578048K Free: 305920K (53%)
----------------- Invoking toplevel() on ptolemy.moml.MoMLSimpleApplication@46b69d49
----------------- Done invoking toplevel() on ptolemy.moml.MoMLSimpleApplication@46b69d49
reloadAllAccessors: .CausalityInterface10

===========================================================================================
----------------- testing Thu Jun 21 01:23:30 UTC 2018 /home/travis/build/icyphy/ptII/ptolemy/domains/continuous/test/auto/CausalityInterface11.xml
----------------- Instantiating /home/travis/build/icyphy/ptII/ptolemy/domains/continuous/test/auto/CausalityInterface11.xml
4 ms. Memory: 578048K Free: 296074K (51%)
----------------- Invoking toplevel() on ptolemy.moml.MoMLSimpleApplication@4c891399
----------------- Done invoking toplevel() on ptolemy.moml.MoMLSimpleApplication@4c891399
reloadAllAccessors: .CausalityInterface11

===========================================================================================
----------------- testing Thu Jun 21 01:23:30 UTC 2018 /home/travis/build/icyphy/ptII/ptolemy/domains/continuous/test/auto/CausalityInterface12.xml
----------------- Instantiating /home/travis/build/icyphy/ptII/ptolemy/domains/continuous/test/auto/CausalityInterface12.xml
4 ms. Memory: 578048K Free: 286227K (50%)
----------------- Invoking toplevel() on ptolemy.moml.MoMLSimpleApplication@43771bac
----------------- Done invoking toplevel() on ptolemy.moml.MoMLSimpleApplication@43771bac
reloadAllAccessors: .CausalityInterface12

===========================================================================================
----------------- testing Thu Jun 21 01:23:30 UTC 2018 /home/travis/build/icyphy/ptII/ptolemy/domains/continuous/test/auto/CausalityInterface13.xml
----------------- Instantiating /home/travis/build/icyphy/ptII/ptolemy/domains/continuous/test/auto/CausalityInterface13.xml
5 ms. Memory: 578048K Free: 273234K (47%)
----------------- Invoking toplevel() on ptolemy.moml.MoMLSimpleApplication@3a0aca68
----------------- Done invoking toplevel() on ptolemy.moml.MoMLSimpleApplication@3a0aca68
reloadAllAccessors: .CausalityInterface13

===========================================================================================
----------------- testing Thu Jun 21 01:23:30 UTC 2018 /home/travis/build/icyphy/ptII/ptolemy/domains/continuous/test/auto/CausalityInterface14.xml
----------------- Instantiating /home/travis/build/icyphy/ptII/ptolemy/domains/continuous/test/auto/CausalityInterface14.xml
3 ms. Memory: 578048K Free: 263387K (46%)
----------------- Invoking toplevel() on ptolemy.moml.MoMLSimpleApplication@13fdd9fd
----------------- Done invoking toplevel() on ptolemy.moml.MoMLSimpleApplication@13fdd9fd
reloadAllAccessors: .CausalityInterface14

===========================================================================================
----------------- testing Thu Jun 21 01:23:30 UTC 2018 /home/travis/build/icyphy/ptII/ptolemy/domains/continuous/test/auto/CausalityInterface4.xml
----------------- Instantiating /home/travis/build/icyphy/ptII/ptolemy/domains/continuous/test/auto/CausalityInterface4.xml
3 ms. Memory: 578048K Free: 253556K (44%)
----------------- Invoking toplevel() on ptolemy.moml.MoMLSimpleApplication@1e1f2969
----------------- Done invoking toplevel() on ptolemy.moml.MoMLSimpleApplication@1e1f2969
reloadAllAccessors: .CausalityInterface4

===========================================================================================
----------------- testing Thu Jun 21 01:23:30 UTC 2018 /home/travis/build/icyphy/ptII/ptolemy/domains/continuous/test/auto/CausalityInterface5.xml
----------------- Instantiating /home/travis/build/icyphy/ptII/ptolemy/domains/continuous/test/auto/CausalityInterface5.xml
4 ms. Memory: 578048K Free: 240433K (42%)
----------------- Invoking toplevel() on ptolemy.moml.MoMLSimpleApplication@7aab8eaf
----------------- Done invoking toplevel() on ptolemy.moml.MoMLSimpleApplication@7aab8eaf
reloadAllAccessors: .CausalityInterface5

===========================================================================================
----------------- testing Thu Jun 21 01:23:30 UTC 2018 /home/travis/build/icyphy/ptII/ptolemy/domains/continuous/test/auto/CausalityInterface6.xml
----------------- Instantiating /home/travis/build/icyphy/ptII/ptolemy/domains/continuous/test/auto/CausalityInterface6.xml
8 ms. Memory: 578048K Free: 227423K (39%)
----------------- Invoking toplevel() on ptolemy.moml.MoMLSimpleApplication@7e94fe74
----------------- Done invoking toplevel() on ptolemy.moml.MoMLSimpleApplication@7e94fe74
reloadAllAccessors: .CausalityInterface6

===========================================================================================
----------------- testing Thu Jun 21 01:23:30 UTC 2018 /home/travis/build/icyphy/ptII/ptolemy/domains/continuous/test/auto/CausalityInterface7.xml
----------------- Instantiating /home/travis/build/icyphy/ptII/ptolemy/domains/continuous/test/auto/CausalityInterface7.xml
7 ms. Memory: 578048K Free: 214315K (37%)
----------------- Invoking toplevel() on ptolemy.moml.MoMLSimpleApplication@33f060b
----------------- Done invoking toplevel() on ptolemy.moml.MoMLSimpleApplication@33f060b
reloadAllAccessors: .CausalityInterface7

===========================================================================================
----------------- testing Thu Jun 21 01:23:30 UTC 2018 /home/travis/build/icyphy/ptII/ptolemy/domains/continuous/test/auto/CausalityInterface8.xml
----------------- Instantiating /home/travis/build/icyphy/ptII/ptolemy/domains/continuous/test/auto/CausalityInterface8.xml
8 ms. Memory: 578048K Free: 201208K (35%)
----------------- Invoking toplevel() on ptolemy.moml.MoMLSimpleApplication@4f487cdf
----------------- Done invoking toplevel() on ptolemy.moml.MoMLSimpleApplication@4f487cdf
reloadAllAccessors: .CausalityInterface8

===========================================================================================
----------------- testing Thu Jun 21 01:23:30 UTC 2018 /home/travis/build/icyphy/ptII/ptolemy/domains/continuous/test/auto/CausalityInterface9.xml
----------------- Instantiating /home/travis/build/icyphy/ptII/ptolemy/domains/continuous/test/auto/CausalityInterface9.xml
7 ms. Memory: 578048K Free: 184792K (32%)
----------------- Invoking toplevel() on ptolemy.moml.MoMLSimpleApplication@4c1a05e5
----------------- Done invoking toplevel() on ptolemy.moml.MoMLSimpleApplication@4c1a05e5
reloadAllAccessors: .CausalityInterface9

===========================================================================================
----------------- testing Thu Jun 21 01:23:30 UTC 2018 /home/travis/build/icyphy/ptII/ptolemy/domains/continuous/test/auto/CausalityInterfaceFeedback1.xml
----------------- Instantiating /home/travis/build/icyphy/ptII/ptolemy/domains/continuous/test/auto/CausalityInterfaceFeedback1.xml
8 ms. Memory: 578048K Free: 171782K (30%)
----------------- Invoking toplevel() on ptolemy.moml.MoMLSimpleApplication@6d4b6a2c
----------------- Done invoking toplevel() on ptolemy.moml.MoMLSimpleApplication@6d4b6a2c
reloadAllAccessors: .CausalityInterfaceFeedback1

===========================================================================================
----------------- testing Thu Jun 21 01:23:30 UTC 2018 /home/travis/build/icyphy/ptII/ptolemy/domains/continuous/test/auto/CausalityInterfaceFeedback2.xml
----------------- Instantiating /home/travis/build/icyphy/ptII/ptolemy/domains/continuous/test/auto/CausalityInterfaceFeedback2.xml
3 ms. Memory: 578048K Free: 161944K (28%)
----------------- Invoking toplevel() on ptolemy.moml.MoMLSimpleApplication@52d7094
----------------- Done invoking toplevel() on ptolemy.moml.MoMLSimpleApplication@52d7094
reloadAllAccessors: .CausalityInterfaceFeedback2

===========================================================================================
----------------- testing Thu Jun 21 01:23:30 UTC 2018 /home/travis/build/icyphy/ptII/ptolemy/domains/continuous/test/auto/CompareWithCurrentTime.xml
----------------- Instantiating /home/travis/build/icyphy/ptII/ptolemy/domains/continuous/test/auto/CompareWithCurrentTime.xml
3 ms. Memory: 578048K Free: 155390K (27%)
----------------- Invoking toplevel() on ptolemy.moml.MoMLSimpleApplication@786e69db
----------------- Done invoking toplevel() on ptolemy.moml.MoMLSimpleApplication@786e69db
reloadAllAccessors: .CompareWithCurrentTime

===========================================================================================
----------------- testing Thu Jun 21 01:23:30 UTC 2018 /home/travis/build/icyphy/ptII/ptolemy/domains/continuous/test/auto/ComparedClocks.xml
----------------- Instantiating /home/travis/build/icyphy/ptII/ptolemy/domains/continuous/test/auto/ComparedClocks.xml
7 ms. Memory: 578048K Free: 135697K (23%)
----------------- Invoking toplevel() on ptolemy.moml.MoMLSimpleApplication@2e848f46
----------------- Done invoking toplevel() on ptolemy.moml.MoMLSimpleApplication@2e848f46
reloadAllAccessors: .ComparedClocks

===========================================================================================
----------------- testing Thu Jun 21 01:23:30 UTC 2018 /home/travis/build/icyphy/ptII/ptolemy/domains/continuous/test/auto/ContinuousAOCClone.xml
----------------- Instantiating /home/travis/build/icyphy/ptII/ptolemy/domains/continuous/test/auto/ContinuousAOCClone.xml
2367 ms. Memory: 872960K Free: 388230K (44%)
----------------- Invoking toplevel() on ptolemy.moml.MoMLSimpleApplication@2c100f65
----------------- Done invoking toplevel() on ptolemy.moml.MoMLSimpleApplication@2c100f65
reloadAllAccessors: .ContinuousAOCClone

===========================================================================================
----------------- testing Thu Jun 21 01:23:33 UTC 2018 /home/travis/build/icyphy/ptII/ptolemy/domains/continuous/test/auto/ContinuousClock.xml
----------------- Instantiating /home/travis/build/icyphy/ptII/ptolemy/domains/continuous/test/auto/ContinuousClock.xml
36 ms. Memory: 872960K Free: 358571K (41%)
----------------- Invoking toplevel() on ptolemy.moml.MoMLSimpleApplication@228779cb
----------------- Done invoking toplevel() on ptolemy.moml.MoMLSimpleApplication@228779cb
reloadAllAccessors: .ContinuousClock

===========================================================================================
----------------- testing Thu Jun 21 01:23:33 UTC 2018 /home/travis/build/icyphy/ptII/ptolemy/domains/continuous/test/auto/ContinuousInContinuous.xml
----------------- Instantiating /home/travis/build/icyphy/ptII/ptolemy/domains/continuous/test/auto/ContinuousInContinuous.xml
39 ms. Memory: 872960K Free: 327086K (37%)
----------------- Invoking toplevel() on ptolemy.moml.MoMLSimpleApplication@3fde6e36
----------------- Done invoking toplevel() on ptolemy.moml.MoMLSimpleApplication@3fde6e36
reloadAllAccessors: .ContinuousInContinuous

===========================================================================================
----------------- testing Thu Jun 21 01:23:33 UTC 2018 /home/travis/build/icyphy/ptII/ptolemy/domains/continuous/test/auto/ContinuousInContinuousInContinuous.xml
----------------- Instantiating /home/travis/build/icyphy/ptII/ptolemy/domains/continuous/test/auto/ContinuousInContinuousInContinuous.xml
8 ms. Memory: 872960K Free: 311352K (36%)
----------------- Invoking toplevel() on ptolemy.moml.MoMLSimpleApplication@3e74f765
----------------- Done invoking toplevel() on ptolemy.moml.MoMLSimpleApplication@3e74f765
reloadAllAccessors: .ContinuousInContinuousInContinuous

===========================================================================================
----------------- testing Thu Jun 21 01:23:33 UTC 2018 /home/travis/build/icyphy/ptII/ptolemy/domains/continuous/test/auto/ContinuousInDE.xml
----------------- Instantiating /home/travis/build/icyphy/ptII/ptolemy/domains/continuous/test/auto/ContinuousInDE.xml
107 ms. Memory: 872960K Free: 295633K (34%)
----------------- Invoking toplevel() on ptolemy.moml.MoMLSimpleApplication@7dec6000
----------------- Done invoking toplevel() on ptolemy.moml.MoMLSimpleApplication@7dec6000
reloadAllAccessors: .ContinuousInDE

===========================================================================================
----------------- testing Thu Jun 21 01:23:33 UTC 2018 /home/travis/build/icyphy/ptII/ptolemy/domains/continuous/test/auto/ContinuousInDE2.xml
----------------- Instantiating /home/travis/build/icyphy/ptII/ptolemy/domains/continuous/test/auto/ContinuousInDE2.xml
45 ms. Memory: 872960K Free: 276486K (32%)
----------------- Invoking toplevel() on ptolemy.moml.MoMLSimpleApplication@298bb700
----------------- Done invoking toplevel() on ptolemy.moml.MoMLSimpleApplication@298bb700
reloadAllAccessors: .ContinuousInDE2

===========================================================================================
----------------- testing Thu Jun 21 01:23:33 UTC 2018 /home/travis/build/icyphy/ptII/ptolemy/domains/continuous/test/auto/ContinuousInDE3.xml
----------------- Instantiating /home/travis/build/icyphy/ptII/ptolemy/domains/continuous/test/auto/ContinuousInDE3.xml
40 ms. Memory: 872960K Free: 260767K (30%)
----------------- Invoking toplevel() on ptolemy.moml.MoMLSimpleApplication@190e4e05
----------------- Done invoking toplevel() on ptolemy.moml.MoMLSimpleApplication@190e4e05
reloadAllAccessors: .ContinuousInDE3

===========================================================================================
----------------- testing Thu Jun 21 01:23:33 UTC 2018 /home/travis/build/icyphy/ptII/ptolemy/domains/continuous/test/auto/ContinuousInDE4.xml
----------------- Instantiating /home/travis/build/icyphy/ptII/ptolemy/domains/continuous/test/auto/ContinuousInDE4.xml
15 ms. Memory: 872960K Free: 250288K (29%)
----------------- Invoking toplevel() on ptolemy.moml.MoMLSimpleApplication@6421a3ba
----------------- Done invoking toplevel() on ptolemy.moml.MoMLSimpleApplication@6421a3ba
reloadAllAccessors: .ContinuousInDE4

===========================================================================================
----------------- testing Thu Jun 21 01:23:33 UTC 2018 /home/travis/build/icyphy/ptII/ptolemy/domains/continuous/test/auto/ContinuousInDEDifferentRefinements.xml
----------------- Instantiating /home/travis/build/icyphy/ptII/ptolemy/domains/continuous/test/auto/ContinuousInDEDifferentRefinements.xml
56 ms. Memory: 872960K Free: 213588K (24%)
----------------- Invoking toplevel() on ptolemy.moml.MoMLSimpleApplication@58ec692b
----------------- Done invoking toplevel() on ptolemy.moml.MoMLSimpleApplication@58ec692b
reloadAllAccessors: .ContinuousInDEDifferentRefinements

===========================================================================================
----------------- testing Thu Jun 21 01:23:33 UTC 2018 /home/travis/build/icyphy/ptII/ptolemy/domains/continuous/test/auto/ContinuousInDEDifferentRefinementsPreemptive.xml
----------------- Instantiating /home/travis/build/icyphy/ptII/ptolemy/domains/continuous/test/auto/ContinuousInDEDifferentRefinementsPreemptive.xml
49 ms. Memory: 872960K Free: 173426K (20%)
----------------- Invoking toplevel() on ptolemy.moml.MoMLSimpleApplication@78bbaf1
----------------- Done invoking toplevel() on ptolemy.moml.MoMLSimpleApplication@78bbaf1
reloadAllAccessors: .ContinuousInDEDifferentRefinementsPreemptive

===========================================================================================
----------------- testing Thu Jun 21 01:23:34 UTC 2018 /home/travis/build/icyphy/ptII/ptolemy/domains/continuous/test/auto/ContinuousInDEInContinuous2.xml
----------------- Instantiating /home/travis/build/icyphy/ptII/ptolemy/domains/continuous/test/auto/ContinuousInDEInContinuous2.xml
34 ms. Memory: 872960K Free: 157692K (18%)
----------------- Invoking toplevel() on ptolemy.moml.MoMLSimpleApplication@1e6ef36d
----------------- Done invoking toplevel() on ptolemy.moml.MoMLSimpleApplication@1e6ef36d
reloadAllAccessors: .ContinuousInDEInContinuous2

===========================================================================================
----------------- testing Thu Jun 21 01:23:34 UTC 2018 /home/travis/build/icyphy/ptII/ptolemy/domains/continuous/test/auto/ContinuousInDEInContinuous3.xml
----------------- Instantiating /home/travis/build/icyphy/ptII/ptolemy/domains/continuous/test/auto/ContinuousInDEInContinuous3.xml
36 ms. Memory: 872960K Free: 136734K (16%)
----------------- Invoking toplevel() on ptolemy.moml.MoMLSimpleApplication@6f60f556
----------------- Done invoking toplevel() on ptolemy.moml.MoMLSimpleApplication@6f60f556
reloadAllAccessors: .ContinuousInDEInContinuous3

===========================================================================================
----------------- testing Thu Jun 21 01:23:34 UTC 2018 /home/travis/build/icyphy/ptII/ptolemy/domains/continuous/test/auto/ContinuousInDEInput.xml
----------------- Instantiating /home/travis/build/icyphy/ptII/ptolemy/domains/continuous/test/auto/ContinuousInDEInput.xml
24 ms. Memory: 872960K Free: 126255K (14%)
----------------- Invoking toplevel() on ptolemy.moml.MoMLSimpleApplication@4be9729a
----------------- Done invoking toplevel() on ptolemy.moml.MoMLSimpleApplication@4be9729a
reloadAllAccessors: .ContinuousInDEInput

===========================================================================================
----------------- testing Thu Jun 21 01:23:34 UTC 2018 /home/travis/build/icyphy/ptII/ptolemy/domains/continuous/test/auto/ContinuousInDEInput2.xml
----------------- Instantiating /home/travis/build/icyphy/ptII/ptolemy/domains/continuous/test/auto/ContinuousInDEInput2.xml
15 ms. Memory: 872960K Free: 112339K (13%)
----------------- Invoking toplevel() on ptolemy.moml.MoMLSimpleApplication@47a0ddd4
----------------- Done invoking toplevel() on ptolemy.moml.MoMLSimpleApplication@47a0ddd4
reloadAllAccessors: .ContinuousInDEInput2

===========================================================================================
----------------- testing Thu Jun 21 01:23:34 UTC 2018 /home/travis/build/icyphy/ptII/ptolemy/domains/continuous/test/auto/ContinuousInDEInput3.xml
----------------- Instantiating /home/travis/build/icyphy/ptII/ptolemy/domains/continuous/test/auto/ContinuousInDEInput3.xml
23 ms. Memory: 872960K Free: 101860K (12%)
----------------- Invoking toplevel() on ptolemy.moml.MoMLSimpleApplication@449e7d34
----------------- Done invoking toplevel() on ptolemy.moml.MoMLSimpleApplication@449e7d34
reloadAllAccessors: .ContinuousInDEInput3

===========================================================================================
----------------- testing Thu Jun 21 01:23:34 UTC 2018 /home/travis/build/icyphy/ptII/ptolemy/domains/continuous/test/auto/ContinuousInDESharingRefinement.xml
----------------- Instantiating /home/travis/build/icyphy/ptII/ptolemy/domains/continuous/test/auto/ContinuousInDESharingRefinement.xml
148 ms. Memory: 830464K Free: 745825K (90%)
----------------- Invoking toplevel() on ptolemy.moml.MoMLSimpleApplication@360bd953
----------------- Done invoking toplevel() on ptolemy.moml.MoMLSimpleApplication@360bd953
reloadAllAccessors: .ContinuousInDESharingRefinement

===========================================================================================
----------------- testing Thu Jun 21 01:23:34 UTC 2018 /home/travis/build/icyphy/ptII/ptolemy/domains/continuous/test/auto/ContinuousInDEwithNoPorts.xml
----------------- Instantiating /home/travis/build/icyphy/ptII/ptolemy/domains/continuous/test/auto/ContinuousInDEwithNoPorts.xml
5 ms. Memory: 830464K Free: 733600K (88%)
----------------- Invoking toplevel() on ptolemy.moml.MoMLSimpleApplication@b564c8e
----------------- Done invoking toplevel() on ptolemy.moml.MoMLSimpleApplication@b564c8e
reloadAllAccessors: .ContinuousInDEwithNoPorts

===========================================================================================
----------------- testing Thu Jun 21 01:23:34 UTC 2018 /home/travis/build/icyphy/ptII/ptolemy/domains/continuous/test/auto/ContinuousInsideDE.xml
----------------- Instantiating /home/travis/build/icyphy/ptII/ptolemy/domains/continuous/test/auto/ContinuousInsideDE.xml
50 ms. Memory: 830464K Free: 714870K (86%)
----------------- Invoking toplevel() on ptolemy.moml.MoMLSimpleApplication@3ad2d176
----------------- Done invoking toplevel() on ptolemy.moml.MoMLSimpleApplication@3ad2d176
reloadAllAccessors: .ContinuousInsideDE

===========================================================================================
----------------- testing Thu Jun 21 01:23:34 UTC 2018 /home/travis/build/icyphy/ptII/ptolemy/domains/continuous/test/auto/ContinuousMerge1.xml
----------------- Instantiating /home/travis/build/icyphy/ptII/ptolemy/domains/continuous/test/auto/ContinuousMerge1.xml
3 ms. Memory: 830464K Free: 705190K (85%)
----------------- Invoking toplevel() on ptolemy.moml.MoMLSimpleApplication@6a81b44
----------------- Done invoking toplevel() on ptolemy.moml.MoMLSimpleApplication@6a81b44
reloadAllAccessors: .ContinuousMerge1

===========================================================================================
----------------- testing Thu Jun 21 01:23:34 UTC 2018 /home/travis/build/icyphy/ptII/ptolemy/domains/continuous/test/auto/ContinuousMerge2.xml
----------------- Instantiating /home/travis/build/icyphy/ptII/ptolemy/domains/continuous/test/auto/ContinuousMerge2.xml
13 ms. Memory: 830464K Free: 690039K (83%)
----------------- Invoking toplevel() on ptolemy.moml.MoMLSimpleApplication@2b5d3b86
----------------- Done invoking toplevel() on ptolemy.moml.MoMLSimpleApplication@2b5d3b86
reloadAllAccessors: .ContinuousMerge2

===========================================================================================
----------------- testing Thu Jun 21 01:23:34 UTC 2018 /home/travis/build/icyphy/ptII/ptolemy/domains/continuous/test/auto/ContinuousMerge3.xml
----------------- Instantiating /home/travis/build/icyphy/ptII/ptolemy/domains/continuous/test/auto/ContinuousMerge3.xml
42 ms. Memory: 830464K Free: 675068K (81%)
----------------- Invoking toplevel() on ptolemy.moml.MoMLSimpleApplication@25728c3a
----------------- Done invoking toplevel() on ptolemy.moml.MoMLSimpleApplication@25728c3a
reloadAllAccessors: .ContinuousMerge3

===========================================================================================
----------------- testing Thu Jun 21 01:23:34 UTC 2018 /home/travis/build/icyphy/ptII/ptolemy/domains/continuous/test/auto/ContinuousWithinContinuous.xml
----------------- Instantiating /home/travis/build/icyphy/ptII/ptolemy/domains/continuous/test/auto/ContinuousWithinContinuous.xml
36 ms. Memory: 830464K Free: 657902K (79%)
----------------- Invoking toplevel() on ptolemy.moml.MoMLSimpleApplication@3117c8ae
----------------- Done invoking toplevel() on ptolemy.moml.MoMLSimpleApplication@3117c8ae
reloadAllAccessors: .ContinuousWithinContinuous

===========================================================================================
----------------- testing Thu Jun 21 01:23:34 UTC 2018 /home/travis/build/icyphy/ptII/ptolemy/domains/continuous/test/auto/ContinuousWithinContinuous2.xml
----------------- Instantiating /home/travis/build/icyphy/ptII/ptolemy/domains/continuous/test/auto/ContinuousWithinContinuous2.xml
61 ms. Memory: 830464K Free: 642931K (77%)
----------------- Invoking toplevel() on ptolemy.moml.MoMLSimpleApplication@7fd9f62d
----------------- Done invoking toplevel() on ptolemy.moml.MoMLSimpleApplication@7fd9f62d
reloadAllAccessors: .ContinuousWithinContinuous2

===========================================================================================
----------------- testing Thu Jun 21 01:23:34 UTC 2018 /home/travis/build/icyphy/ptII/ptolemy/domains/continuous/test/auto/ContinuousWithinContinuous3.xml
----------------- Instantiating /home/travis/build/icyphy/ptII/ptolemy/domains/continuous/test/auto/ContinuousWithinContinuous3.xml
16 ms. Memory: 830464K Free: 631695K (76%)
----------------- Invoking toplevel() on ptolemy.moml.MoMLSimpleApplication@46c2936e
----------------- Done invoking toplevel() on ptolemy.moml.MoMLSimpleApplication@46c2936e
reloadAllAccessors: .ContinuousWithinContinuous3

===========================================================================================
----------------- testing Thu Jun 21 01:23:34 UTC 2018 /home/travis/build/icyphy/ptII/ptolemy/domains/continuous/test/auto/ContinuousWithinContinuous4.xml
----------------- Instantiating /home/travis/build/icyphy/ptII/ptolemy/domains/continuous/test/auto/ContinuousWithinContinuous4.xml
69 ms. Memory: 830464K Free: 610771K (74%)
----------------- Invoking toplevel() on ptolemy.moml.MoMLSimpleApplication@5dcef594
----------------- Done invoking toplevel() on ptolemy.moml.MoMLSimpleApplication@5dcef594
reloadAllAccessors: .ContinuousWithinContinuous4

===========================================================================================
----------------- testing Thu Jun 21 01:23:35 UTC 2018 /home/travis/build/icyphy/ptII/ptolemy/domains/continuous/test/auto/ContinuousWithinContinuous5.xml
----------------- Instantiating /home/travis/build/icyphy/ptII/ptolemy/domains/continuous/test/auto/ContinuousWithinContinuous5.xml
13 ms. Memory: 830464K Free: 599526K (72%)
----------------- Invoking toplevel() on ptolemy.moml.MoMLSimpleApplication@7a81c439
----------------- Done invoking toplevel() on ptolemy.moml.MoMLSimpleApplication@7a81c439
reloadAllAccessors: .ContinuousWithinContinuous5

===========================================================================================
----------------- testing Thu Jun 21 01:23:35 UTC 2018 /home/travis/build/icyphy/ptII/ptolemy/domains/continuous/test/auto/ContinuousWithinContinuous6.xml
----------------- Instantiating /home/travis/build/icyphy/ptII/ptolemy/domains/continuous/test/auto/ContinuousWithinContinuous6.xml
15 ms. Memory: 830464K Free: 586087K (71%)
----------------- Invoking toplevel() on ptolemy.moml.MoMLSimpleApplication@5a78a382
----------------- Done invoking toplevel() on ptolemy.moml.MoMLSimpleApplication@5a78a382
reloadAllAccessors: .ContinuousWithinContinuous6

===========================================================================================
----------------- testing Thu Jun 21 01:23:35 UTC 2018 /home/travis/build/icyphy/ptII/ptolemy/domains/continuous/test/auto/ContinuousWithinContinuous7.xml
----------------- Instantiating /home/travis/build/icyphy/ptII/ptolemy/domains/continuous/test/auto/ContinuousWithinContinuous7.xml
64 ms. Memory: 830464K Free: 571116K (69%)
----------------- Invoking toplevel() on ptolemy.moml.MoMLSimpleApplication@2b57d5f8
----------------- Done invoking toplevel() on ptolemy.moml.MoMLSimpleApplication@2b57d5f8
reloadAllAccessors: .ContinuousWithinContinuous7

===========================================================================================
----------------- testing Thu Jun 21 01:23:35 UTC 2018 /home/travis/build/icyphy/ptII/ptolemy/domains/continuous/test/auto/DCMotor.xml
----------------- Instantiating /home/travis/build/icyphy/ptII/ptolemy/domains/continuous/test/auto/DCMotor.xml
13808 ms. Memory: 668160K Free: 485603K (73%)
----------------- Invoking toplevel() on ptolemy.moml.MoMLSimpleApplication@48984752
----------------- Done invoking toplevel() on ptolemy.moml.MoMLSimpleApplication@48984752
reloadAllAccessors: .DCMotor

===========================================================================================
----------------- testing Thu Jun 21 01:23:49 UTC 2018 /home/travis/build/icyphy/ptII/ptolemy/domains/continuous/test/auto/DEInContinuous.xml
----------------- Instantiating /home/travis/build/icyphy/ptII/ptolemy/domains/continuous/test/auto/DEInContinuous.xml
9 ms. Memory: 668160K Free: 470991K (70%)
----------------- Invoking toplevel() on ptolemy.moml.MoMLSimpleApplication@55c2ad76
----------------- Done invoking toplevel() on ptolemy.moml.MoMLSimpleApplication@55c2ad76
reloadAllAccessors: .DEInContinuous

===========================================================================================
----------------- testing Thu Jun 21 01:23:49 UTC 2018 /home/travis/build/icyphy/ptII/ptolemy/domains/continuous/test/auto/DEinContinuous2.xml
----------------- Instantiating /home/travis/build/icyphy/ptII/ptolemy/domains/continuous/test/auto/DEinContinuous2.xml
8 ms. Memory: 668160K Free: 452197K (68%)
----------------- Invoking toplevel() on ptolemy.moml.MoMLSimpleApplication@521eed93
----------------- Done invoking toplevel() on ptolemy.moml.MoMLSimpleApplication@521eed93
reloadAllAccessors: .DEinContinuous2

===========================================================================================
----------------- testing Thu Jun 21 01:23:49 UTC 2018 /home/travis/build/icyphy/ptII/ptolemy/domains/continuous/test/auto/Derivative.xml
----------------- Instantiating /home/travis/build/icyphy/ptII/ptolemy/domains/continuous/test/auto/Derivative.xml
176 ms. Memory: 668160K Free: 409897K (61%)
----------------- Invoking toplevel() on ptolemy.moml.MoMLSimpleApplication@1987b118
----------------- Done invoking toplevel() on ptolemy.moml.MoMLSimpleApplication@1987b118
reloadAllAccessors: .Derivative2

===========================================================================================
----------------- testing Thu Jun 21 01:23:49 UTC 2018 /home/travis/build/icyphy/ptII/ptolemy/domains/continuous/test/auto/Derivative1.xml
----------------- Instantiating /home/travis/build/icyphy/ptII/ptolemy/domains/continuous/test/auto/Derivative1.xml
35 ms. Memory: 668160K Free: 392278K (59%)
----------------- Invoking toplevel() on ptolemy.moml.MoMLSimpleApplication@7e782997
----------------- Done invoking toplevel() on ptolemy.moml.MoMLSimpleApplication@7e782997
reloadAllAccessors: .Derivative1

===========================================================================================
----------------- testing Thu Jun 21 01:23:49 UTC 2018 /home/travis/build/icyphy/ptII/ptolemy/domains/continuous/test/auto/DiscreteClock.xml
----------------- Instantiating /home/travis/build/icyphy/ptII/ptolemy/domains/continuous/test/auto/DiscreteClock.xml
6 ms. Memory: 668160K Free: 379368K (57%)
----------------- Invoking toplevel() on ptolemy.moml.MoMLSimpleApplication@141c5ba0
----------------- Done invoking toplevel() on ptolemy.moml.MoMLSimpleApplication@141c5ba0
reloadAllAccessors: .DiscreteClock

===========================================================================================
----------------- testing Thu Jun 21 01:23:49 UTC 2018 /home/travis/build/icyphy/ptII/ptolemy/domains/continuous/test/auto/EfficiencyCurve.xml
----------------- Instantiating /home/travis/build/icyphy/ptII/ptolemy/domains/continuous/test/auto/EfficiencyCurve.xml
51 ms. Memory: 668160K Free: 362643K (54%)
----------------- Invoking toplevel() on ptolemy.moml.MoMLSimpleApplication@3e3c4eee
----------------- Done invoking toplevel() on ptolemy.moml.MoMLSimpleApplication@3e3c4eee
reloadAllAccessors: .EfficiencyCurve

===========================================================================================
----------------- testing Thu Jun 21 01:23:49 UTC 2018 /home/travis/build/icyphy/ptII/ptolemy/domains/continuous/test/auto/ExponentialResponse.xml
----------------- Instantiating /home/travis/build/icyphy/ptII/ptolemy/domains/continuous/test/auto/ExponentialResponse.xml
100 ms. Memory: 668160K Free: 339173K (51%)
----------------- Invoking toplevel() on ptolemy.moml.MoMLSimpleApplication@75cb737d
----------------- Done invoking toplevel() on ptolemy.moml.MoMLSimpleApplication@75cb737d
reloadAllAccessors: .ExponentialResponse

===========================================================================================
----------------- testing Thu Jun 21 01:23:49 UTC 2018 /home/travis/build/icyphy/ptII/ptolemy/domains/continuous/test/auto/ExponentialResponseRK45.xml
----------------- Instantiating /home/travis/build/icyphy/ptII/ptolemy/domains/continuous/test/auto/ExponentialResponseRK45.xml
24 ms. Memory: 668160K Free: 326262K (49%)
----------------- Invoking toplevel() on ptolemy.moml.MoMLSimpleApplication@4eee9a42
----------------- Done invoking toplevel() on ptolemy.moml.MoMLSimpleApplication@4eee9a42
reloadAllAccessors: .ExponentialResponseRK45

===========================================================================================
----------------- testing Thu Jun 21 01:23:49 UTC 2018 /home/travis/build/icyphy/ptII/ptolemy/domains/continuous/test/auto/Friction.xml
----------------- Instantiating /home/travis/build/icyphy/ptII/ptolemy/domains/continuous/test/auto/Friction.xml
1334 ms. Memory: 647168K Free: 434715K (67%)
----------------- Invoking toplevel() on ptolemy.moml.MoMLSimpleApplication@78fcc3d5
----------------- Done invoking toplevel() on ptolemy.moml.MoMLSimpleApplication@78fcc3d5
reloadAllAccessors: .Friction

===========================================================================================
----------------- testing Thu Jun 21 01:23:51 UTC 2018 /home/travis/build/icyphy/ptII/ptolemy/domains/continuous/test/auto/FurutaPendulum.xml
----------------- Instantiating /home/travis/build/icyphy/ptII/ptolemy/domains/continuous/test/auto/FurutaPendulum.xml
3233 ms. Memory: 617472K Free: 452572K (73%)
----------------- Invoking toplevel() on ptolemy.moml.MoMLSimpleApplication@4d3b5d00
----------------- Done invoking toplevel() on ptolemy.moml.MoMLSimpleApplication@4d3b5d00
reloadAllAccessors: .FurutaPendulum

===========================================================================================
----------------- testing Thu Jun 21 01:23:54 UTC 2018 /home/travis/build/icyphy/ptII/ptolemy/domains/continuous/test/auto/HierarchicalExecution.xml
----------------- Instantiating /home/travis/build/icyphy/ptII/ptolemy/domains/continuous/test/auto/HierarchicalExecution.xml
1689 ms. Memory: 617472K Free: 150418K (24%)
----------------- Invoking toplevel() on ptolemy.moml.MoMLSimpleApplication@440eb24c
----------------- Done invoking toplevel() on ptolemy.moml.MoMLSimpleApplication@440eb24c
reloadAllAccessors: .HierarchicalExecution

===========================================================================================
----------------- testing Thu Jun 21 01:23:56 UTC 2018 /home/travis/build/icyphy/ptII/ptolemy/domains/continuous/test/auto/HybridPlant.xml
----------------- Instantiating /home/travis/build/icyphy/ptII/ptolemy/domains/continuous/test/auto/HybridPlant.xml
496 ms. Memory: 590336K Free: 376632K (64%)
----------------- Invoking toplevel() on ptolemy.moml.MoMLSimpleApplication@1c5c526c
----------------- Done invoking toplevel() on ptolemy.moml.MoMLSimpleApplication@1c5c526c
reloadAllAccessors: .HybridPlant

===========================================================================================
----------------- testing Thu Jun 21 01:23:57 UTC 2018 /home/travis/build/icyphy/ptII/ptolemy/domains/continuous/test/auto/Hysteresis.xml
----------------- Instantiating /home/travis/build/icyphy/ptII/ptolemy/domains/continuous/test/auto/Hysteresis.xml
127 ms. Memory: 590336K Free: 310523K (53%)
----------------- Invoking toplevel() on ptolemy.moml.MoMLSimpleApplication@a637c75
----------------- Done invoking toplevel() on ptolemy.moml.MoMLSimpleApplication@a637c75
reloadAllAccessors: .Hysteresis

===========================================================================================
----------------- testing Thu Jun 21 01:23:57 UTC 2018 /home/travis/build/icyphy/ptII/ptolemy/domains/continuous/test/auto/HysteresisWithRandomDelay.xml
----------------- Instantiating /home/travis/build/icyphy/ptII/ptolemy/domains/continuous/test/auto/HysteresisWithRandomDelay.xml
153 ms. Memory: 590336K Free: 230607K (39%)
----------------- Invoking toplevel() on ptolemy.moml.MoMLSimpleApplication@1e2ffdfe
----------------- Done invoking toplevel() on ptolemy.moml.MoMLSimpleApplication@1e2ffdfe
reloadAllAccessors: .HysteresisWithRandomDelay

===========================================================================================
----------------- testing Thu Jun 21 01:23:57 UTC 2018 /home/travis/build/icyphy/ptII/ptolemy/domains/continuous/test/auto/HysteresisWithRandomLosses.xml
----------------- Instantiating /home/travis/build/icyphy/ptII/ptolemy/domains/continuous/test/auto/HysteresisWithRandomLosses.xml
2145 ms. Memory: 543232K Free: 411109K (76%)
----------------- Invoking toplevel() on ptolemy.moml.MoMLSimpleApplication@61ee75fb
----------------- Done invoking toplevel() on ptolemy.moml.MoMLSimpleApplication@61ee75fb
reloadAllAccessors: .HysteresisWithRandomLosses

===========================================================================================
----------------- testing Thu Jun 21 01:23:59 UTC 2018 /home/travis/build/icyphy/ptII/ptolemy/domains/continuous/test/auto/ImmediateTransitions.xml
----------------- Instantiating /home/travis/build/icyphy/ptII/ptolemy/domains/continuous/test/auto/ImmediateTransitions.xml
9 ms. Memory: 543232K Free: 393288K (72%)
----------------- Invoking toplevel() on ptolemy.moml.MoMLSimpleApplication@2756189c
----------------- Done invoking toplevel() on ptolemy.moml.MoMLSimpleApplication@2756189c
reloadAllAccessors: .ImmediateTransitions

===========================================================================================
----------------- testing Thu Jun 21 01:23:59 UTC 2018 /home/travis/build/icyphy/ptII/ptolemy/domains/continuous/test/auto/ImpulseFeedback.xml
----------------- Instantiating /home/travis/build/icyphy/ptII/ptolemy/domains/continuous/test/auto/ImpulseFeedback.xml
8 ms. Memory: 543232K Free: 383220K (71%)
----------------- Invoking toplevel() on ptolemy.moml.MoMLSimpleApplication@4f71bdc
----------------- Done invoking toplevel() on ptolemy.moml.MoMLSimpleApplication@4f71bdc
reloadAllAccessors: .ImpulseFeedback

===========================================================================================
----------------- testing Thu Jun 21 01:23:59 UTC 2018 /home/travis/build/icyphy/ptII/ptolemy/domains/continuous/test/auto/ImpulseFeedback2.xml
----------------- Instantiating /home/travis/build/icyphy/ptII/ptolemy/domains/continuous/test/auto/ImpulseFeedback2.xml
4 ms. Memory: 543232K Free: 373176K (69%)
----------------- Invoking toplevel() on ptolemy.moml.MoMLSimpleApplication@18fc380d
----------------- Done invoking toplevel() on ptolemy.moml.MoMLSimpleApplication@18fc380d
reloadAllAccessors: .ImpulseFeedback2

===========================================================================================
----------------- testing Thu Jun 21 01:23:59 UTC 2018 /home/travis/build/icyphy/ptII/ptolemy/domains/continuous/test/auto/IncreasingRatePoisson.xml
----------------- Instantiating /home/travis/build/icyphy/ptII/ptolemy/domains/continuous/test/auto/IncreasingRatePoisson.xml
694 ms. Memory: 521728K Free: 465119K (89%)
----------------- Invoking toplevel() on ptolemy.moml.MoMLSimpleApplication@72be8ea0
----------------- Done invoking toplevel() on ptolemy.moml.MoMLSimpleApplication@72be8ea0
reloadAllAccessors: .IncreasingRatePoisson

===========================================================================================
----------------- testing Thu Jun 21 01:24:00 UTC 2018 /home/travis/build/icyphy/ptII/ptolemy/domains/continuous/test/auto/InitialStateFeedback.xml
----------------- Instantiating /home/travis/build/icyphy/ptII/ptolemy/domains/continuous/test/auto/InitialStateFeedback.xml
7 ms. Memory: 521728K Free: 453855K (87%)
----------------- Invoking toplevel() on ptolemy.moml.MoMLSimpleApplication@7fa3f11a
----------------- Done invoking toplevel() on ptolemy.moml.MoMLSimpleApplication@7fa3f11a
reloadAllAccessors: .InitialStateFeedback

===========================================================================================
----------------- testing Thu Jun 21 01:24:00 UTC 2018 /home/travis/build/icyphy/ptII/ptolemy/domains/continuous/test/auto/Integration.xml
----------------- Instantiating /home/travis/build/icyphy/ptII/ptolemy/domains/continuous/test/auto/Integration.xml
1 ms. Memory: 521728K Free: 447103K (86%)
----------------- Invoking toplevel() on ptolemy.moml.MoMLSimpleApplication@5962f6d7
----------------- Done invoking toplevel() on ptolemy.moml.MoMLSimpleApplication@5962f6d7
reloadAllAccessors: .Integration

===========================================================================================
----------------- testing Thu Jun 21 01:24:00 UTC 2018 /home/travis/build/icyphy/ptII/ptolemy/domains/continuous/test/auto/Integration2.xml
----------------- Instantiating /home/travis/build/icyphy/ptII/ptolemy/domains/continuous/test/auto/Integration2.xml
77 ms. Memory: 521728K Free: 428593K (82%)
----------------- Invoking toplevel() on ptolemy.moml.MoMLSimpleApplication@12938610
----------------- Done invoking toplevel() on ptolemy.moml.MoMLSimpleApplication@12938610
reloadAllAccessors: .Integration2

===========================================================================================
----------------- testing Thu Jun 21 01:24:00 UTC 2018 /home/travis/build/icyphy/ptII/ptolemy/domains/continuous/test/auto/Integration3.xml
----------------- Instantiating /home/travis/build/icyphy/ptII/ptolemy/domains/continuous/test/auto/Integration3.xml
2 ms. Memory: 521728K Free: 418890K (80%)
----------------- Invoking toplevel() on ptolemy.moml.MoMLSimpleApplication@74a04ace
----------------- Done invoking toplevel() on ptolemy.moml.MoMLSimpleApplication@74a04ace
reloadAllAccessors: .Integration3

===========================================================================================
----------------- testing Thu Jun 21 01:24:00 UTC 2018 /home/travis/build/icyphy/ptII/ptolemy/domains/continuous/test/auto/Integration5.xml
----------------- Instantiating /home/travis/build/icyphy/ptII/ptolemy/domains/continuous/test/auto/Integration5.xml
3 ms. Memory: 521728K Free: 412285K (79%)
----------------- Invoking toplevel() on ptolemy.moml.MoMLSimpleApplication@3e2fd085
----------------- Done invoking toplevel() on ptolemy.moml.MoMLSimpleApplication@3e2fd085
reloadAllAccessors: .Integration5

===========================================================================================
----------------- testing Thu Jun 21 01:24:00 UTC 2018 /home/travis/build/icyphy/ptII/ptolemy/domains/continuous/test/auto/IntegratorImpulse.xml
----------------- Instantiating /home/travis/build/icyphy/ptII/ptolemy/domains/continuous/test/auto/IntegratorImpulse.xml
2 ms. Memory: 521728K Free: 405532K (78%)
----------------- Invoking toplevel() on ptolemy.moml.MoMLSimpleApplication@2ac2403d
----------------- Done invoking toplevel() on ptolemy.moml.MoMLSimpleApplication@2ac2403d
reloadAllAccessors: .IntegratorImpulse

===========================================================================================
----------------- testing Thu Jun 21 01:24:00 UTC 2018 /home/travis/build/icyphy/ptII/ptolemy/domains/continuous/test/auto/IntegratorImpulse2.xml
----------------- Instantiating /home/travis/build/icyphy/ptII/ptolemy/domains/continuous/test/auto/IntegratorImpulse2.xml
3 ms. Memory: 521728K Free: 395829K (76%)
----------------- Invoking toplevel() on ptolemy.moml.MoMLSimpleApplication@7d4202f5
----------------- Done invoking toplevel() on ptolemy.moml.MoMLSimpleApplication@7d4202f5
reloadAllAccessors: .IntegratorImpulse2

===========================================================================================
----------------- testing Thu Jun 21 01:24:00 UTC 2018 /home/travis/build/icyphy/ptII/ptolemy/domains/continuous/test/auto/LevelCrossing1.xml
----------------- Instantiating /home/travis/build/icyphy/ptII/ptolemy/domains/continuous/test/auto/LevelCrossing1.xml
2 ms. Memory: 521728K Free: 386125K (74%)
----------------- Invoking toplevel() on ptolemy.moml.MoMLSimpleApplication@59c03cfd
----------------- Done invoking toplevel() on ptolemy.moml.MoMLSimpleApplication@59c03cfd
reloadAllAccessors: .LevelCrossing1

===========================================================================================
----------------- testing Thu Jun 21 01:24:00 UTC 2018 /home/travis/build/icyphy/ptII/ptolemy/domains/continuous/test/auto/LevelCrossing2.xml
----------------- Instantiating /home/travis/build/icyphy/ptII/ptolemy/domains/continuous/test/auto/LevelCrossing2.xml
3 ms. Memory: 521728K Free: 376438K (72%)
----------------- Invoking toplevel() on ptolemy.moml.MoMLSimpleApplication@3d2e83ee
----------------- Done invoking toplevel() on ptolemy.moml.MoMLSimpleApplication@3d2e83ee
reloadAllAccessors: .LevelCrossing2

===========================================================================================
----------------- testing Thu Jun 21 01:24:00 UTC 2018 /home/travis/build/icyphy/ptII/ptolemy/domains/continuous/test/auto/LevelCrossing3.xml
----------------- Instantiating /home/travis/build/icyphy/ptII/ptolemy/domains/continuous/test/auto/LevelCrossing3.xml
2 ms. Memory: 521728K Free: 366751K (70%)
----------------- Invoking toplevel() on ptolemy.moml.MoMLSimpleApplication@2f29b216
----------------- Done invoking toplevel() on ptolemy.moml.MoMLSimpleApplication@2f29b216
reloadAllAccessors: .LevelCrossing3

===========================================================================================
----------------- testing Thu Jun 21 01:24:00 UTC 2018 /home/travis/build/icyphy/ptII/ptolemy/domains/continuous/test/auto/LevelCrossing4.xml
----------------- Instantiating /home/travis/build/icyphy/ptII/ptolemy/domains/continuous/test/auto/LevelCrossing4.xml
3 ms. Memory: 521728K Free: 357187K (68%)
----------------- Invoking toplevel() on ptolemy.moml.MoMLSimpleApplication@4c826767
----------------- Done invoking toplevel() on ptolemy.moml.MoMLSimpleApplication@4c826767
reloadAllAccessors: .LevelCrossing4

===========================================================================================
----------------- testing Thu Jun 21 01:24:00 UTC 2018 /home/travis/build/icyphy/ptII/ptolemy/domains/continuous/test/auto/LevelCrossing5.xml
----------------- Instantiating /home/travis/build/icyphy/ptII/ptolemy/domains/continuous/test/auto/LevelCrossing5.xml
3 ms. Memory: 521728K Free: 347499K (67%)
----------------- Invoking toplevel() on ptolemy.moml.MoMLSimpleApplication@52412f78
----------------- Done invoking toplevel() on ptolemy.moml.MoMLSimpleApplication@52412f78
reloadAllAccessors: .LevelCrossing5

===========================================================================================
----------------- testing Thu Jun 21 01:24:00 UTC 2018 /home/travis/build/icyphy/ptII/ptolemy/domains/continuous/test/auto/LevelCrossing6.xml
----------------- Instantiating /home/travis/build/icyphy/ptII/ptolemy/domains/continuous/test/auto/LevelCrossing6.xml
[...]
reloadAllAccessors: .ResetTransitionWithStartTime5

===========================================================================================
----------------- testing Thu Jun 21 01:24:17 UTC 2018 /home/travis/build/icyphy/ptII/ptolemy/domains/continuous/test/auto/ResetTransitionWithStartTime6.xml
----------------- Instantiating /home/travis/build/icyphy/ptII/ptolemy/domains/continuous/test/auto/ResetTransitionWithStartTime6.xml
8 ms. Memory: 779776K Free: 389339K (50%)
----------------- Invoking toplevel() on ptolemy.moml.MoMLSimpleApplication@6a1ac263
----------------- Done invoking toplevel() on ptolemy.moml.MoMLSimpleApplication@6a1ac263
reloadAllAccessors: .ResetTransitionWithStartTime6

===========================================================================================
----------------- testing Thu Jun 21 01:24:17 UTC 2018 /home/travis/build/icyphy/ptII/ptolemy/domains/continuous/test/auto/SRinContinuous.xml
----------------- Instantiating /home/travis/build/icyphy/ptII/ptolemy/domains/continuous/test/auto/SRinContinuous.xml
4 ms. Memory: 779776K Free: 377992K (48%)
----------------- Invoking toplevel() on ptolemy.moml.MoMLSimpleApplication@436be7e3
----------------- Done invoking toplevel() on ptolemy.moml.MoMLSimpleApplication@436be7e3
reloadAllAccessors: .SRinContinuous

===========================================================================================
----------------- testing Thu Jun 21 01:24:17 UTC 2018 /home/travis/build/icyphy/ptII/ptolemy/domains/continuous/test/auto/SampledClocks.xml
----------------- Instantiating /home/travis/build/icyphy/ptII/ptolemy/domains/continuous/test/auto/SampledClocks.xml
9 ms. Memory: 779776K Free: 363140K (47%)
----------------- Invoking toplevel() on ptolemy.moml.MoMLSimpleApplication@42a69e0c
----------------- Done invoking toplevel() on ptolemy.moml.MoMLSimpleApplication@42a69e0c
reloadAllAccessors: .SampledClocks

===========================================================================================
----------------- testing Thu Jun 21 01:24:17 UTC 2018 /home/travis/build/icyphy/ptII/ptolemy/domains/continuous/test/auto/Satellite.xml
----------------- Instantiating /home/travis/build/icyphy/ptII/ptolemy/domains/continuous/test/auto/Satellite.xml
799 ms. Memory: 779776K Free: 173731K (22%)
----------------- Invoking toplevel() on ptolemy.moml.MoMLSimpleApplication@43545da7
----------------- Done invoking toplevel() on ptolemy.moml.MoMLSimpleApplication@43545da7
reloadAllAccessors: .Satellite

===========================================================================================
----------------- testing Thu Jun 21 01:24:18 UTC 2018 /home/travis/build/icyphy/ptII/ptolemy/domains/continuous/test/auto/SigmaDelta.xml
----------------- Instantiating /home/travis/build/icyphy/ptII/ptolemy/domains/continuous/test/auto/SigmaDelta.xml
2169 ms. Memory: 787968K Free: 497427K (63%)
----------------- Invoking toplevel() on ptolemy.moml.MoMLSimpleApplication@2b4b3a0e
----------------- Done invoking toplevel() on ptolemy.moml.MoMLSimpleApplication@2b4b3a0e
reloadAllAccessors: .SigmaDelta

===========================================================================================
----------------- testing Thu Jun 21 01:24:20 UTC 2018 /home/travis/build/icyphy/ptII/ptolemy/domains/continuous/test/auto/SinuBouncingBall.xml
----------------- Instantiating /home/travis/build/icyphy/ptII/ptolemy/domains/continuous/test/auto/SinuBouncingBall.xml
670 ms. Memory: 787968K Free: 270358K (34%)
----------------- Invoking toplevel() on ptolemy.moml.MoMLSimpleApplication@5801da7b
----------------- Done invoking toplevel() on ptolemy.moml.MoMLSimpleApplication@5801da7b
reloadAllAccessors: .SinuBouncingBall

===========================================================================================
----------------- testing Thu Jun 21 01:24:21 UTC 2018 /home/travis/build/icyphy/ptII/ptolemy/domains/continuous/test/auto/Sinusoid.xml
----------------- Instantiating /home/travis/build/icyphy/ptII/ptolemy/domains/continuous/test/auto/Sinusoid.xml
3 ms. Memory: 787968K Free: 262514K (33%)
----------------- Invoking toplevel() on ptolemy.moml.MoMLSimpleApplication@7d93f3cb
----------------- Done invoking toplevel() on ptolemy.moml.MoMLSimpleApplication@7d93f3cb
reloadAllAccessors: .Sinusoid

===========================================================================================
----------------- testing Thu Jun 21 01:24:21 UTC 2018 /home/travis/build/icyphy/ptII/ptolemy/domains/continuous/test/auto/SinusoidInNoise.xml
----------------- Instantiating /home/travis/build/icyphy/ptII/ptolemy/domains/continuous/test/auto/SinusoidInNoise.xml
837 ms. Memory: 787968K Free: 62469K (8%)
----------------- Invoking toplevel() on ptolemy.moml.MoMLSimpleApplication@41f5f58d
----------------- Done invoking toplevel() on ptolemy.moml.MoMLSimpleApplication@41f5f58d
reloadAllAccessors: .SinusoidInNoise

===========================================================================================
----------------- testing Thu Jun 21 01:24:22 UTC 2018 /home/travis/build/icyphy/ptII/ptolemy/domains/continuous/test/auto/SinusoidRK45.xml
----------------- Instantiating /home/travis/build/icyphy/ptII/ptolemy/domains/continuous/test/auto/SinusoidRK45.xml
2 ms. Memory: 787968K Free: 54625K (7%)
----------------- Invoking toplevel() on ptolemy.moml.MoMLSimpleApplication@3ef9a261
----------------- Done invoking toplevel() on ptolemy.moml.MoMLSimpleApplication@3ef9a261
reloadAllAccessors: .SinusoidRK45

===========================================================================================
----------------- testing Thu Jun 21 01:24:22 UTC 2018 /home/travis/build/icyphy/ptII/ptolemy/domains/continuous/test/auto/SinusoidWithMultipleImpulses.xml
----------------- Instantiating /home/travis/build/icyphy/ptII/ptolemy/domains/continuous/test/auto/SinusoidWithMultipleImpulses.xml
3 ms. Memory: 787968K Free: 46637K (6%)
----------------- Invoking toplevel() on ptolemy.moml.MoMLSimpleApplication@5ddd1f4e
----------------- Done invoking toplevel() on ptolemy.moml.MoMLSimpleApplication@5ddd1f4e
reloadAllAccessors: .SinusoidWithMultipleImpulses

===========================================================================================
----------------- testing Thu Jun 21 01:24:22 UTC 2018 /home/travis/build/icyphy/ptII/ptolemy/domains/continuous/test/auto/SquareWave.xml
----------------- Instantiating /home/travis/build/icyphy/ptII/ptolemy/domains/continuous/test/auto/SquareWave.xml
180 ms. Memory: 747008K Free: 674704K (90%)
----------------- Invoking toplevel() on ptolemy.moml.MoMLSimpleApplication@1ccc6e91
----------------- Done invoking toplevel() on ptolemy.moml.MoMLSimpleApplication@1ccc6e91
reloadAllAccessors: .SquareWave

===========================================================================================
----------------- testing Thu Jun 21 01:24:22 UTC 2018 /home/travis/build/icyphy/ptII/ptolemy/domains/continuous/test/auto/Starmac.xml
----------------- Instantiating /home/travis/build/icyphy/ptII/ptolemy/domains/continuous/test/auto/Starmac.xml
3044 ms. Memory: 747008K Free: 302448K (40%)
----------------- Invoking toplevel() on ptolemy.moml.MoMLSimpleApplication@1a7eed08
----------------- Done invoking toplevel() on ptolemy.moml.MoMLSimpleApplication@1a7eed08
reloadAllAccessors: .Starmac

===========================================================================================
----------------- testing Thu Jun 21 01:24:25 UTC 2018 /home/travis/build/icyphy/ptII/ptolemy/domains/continuous/test/auto/StaticUnits.xml
----------------- Instantiating /home/travis/build/icyphy/ptII/ptolemy/domains/continuous/test/auto/StaticUnits.xml
2081 ms. Memory: 723968K Free: 469274K (65%)
----------------- Invoking toplevel() on ptolemy.moml.MoMLSimpleApplication@489f5f6e
----------------- Done invoking toplevel() on ptolemy.moml.MoMLSimpleApplication@489f5f6e
reloadAllAccessors: .StaticUnits

===========================================================================================
----------------- testing Thu Jun 21 01:24:28 UTC 2018 /home/travis/build/icyphy/ptII/ptolemy/domains/continuous/test/auto/StickyMasses.xml
----------------- Instantiating /home/travis/build/icyphy/ptII/ptolemy/domains/continuous/test/auto/StickyMasses.xml
128 ms. Memory: 723968K Free: 412008K (57%)
----------------- Invoking toplevel() on ptolemy.moml.MoMLSimpleApplication@5de93f1f
----------------- Done invoking toplevel() on ptolemy.moml.MoMLSimpleApplication@5de93f1f
reloadAllAccessors: .StickyMasses

===========================================================================================
----------------- testing Thu Jun 21 01:24:28 UTC 2018 /home/travis/build/icyphy/ptII/ptolemy/domains/continuous/test/auto/StopTime.xml
----------------- Instantiating /home/travis/build/icyphy/ptII/ptolemy/domains/continuous/test/auto/StopTime.xml
37 ms. Memory: 723968K Free: 382565K (53%)
----------------- Invoking toplevel() on ptolemy.moml.MoMLSimpleApplication@1e9ba098
----------------- Done invoking toplevel() on ptolemy.moml.MoMLSimpleApplication@1e9ba098
reloadAllAccessors: .StopTime

===========================================================================================
----------------- testing Thu Jun 21 01:24:28 UTC 2018 /home/travis/build/icyphy/ptII/ptolemy/domains/continuous/test/auto/StopTime2.xml
----------------- Instantiating /home/travis/build/icyphy/ptII/ptolemy/domains/continuous/test/auto/StopTime2.xml
40 ms. Memory: 723968K Free: 356279K (49%)
----------------- Invoking toplevel() on ptolemy.moml.MoMLSimpleApplication@39c17bbe
----------------- Done invoking toplevel() on ptolemy.moml.MoMLSimpleApplication@39c17bbe
reloadAllAccessors: .StopTime2

===========================================================================================
----------------- testing Thu Jun 21 01:24:28 UTC 2018 /home/travis/build/icyphy/ptII/ptolemy/domains/continuous/test/auto/Switch.xml
----------------- Instantiating /home/travis/build/icyphy/ptII/ptolemy/domains/continuous/test/auto/Switch.xml
48 ms. Memory: 723968K Free: 326722K (45%)
----------------- Invoking toplevel() on ptolemy.moml.MoMLSimpleApplication@96809c4
----------------- Done invoking toplevel() on ptolemy.moml.MoMLSimpleApplication@96809c4
reloadAllAccessors: .Switch

===========================================================================================
----------------- testing Thu Jun 21 01:24:28 UTC 2018 /home/travis/build/icyphy/ptII/ptolemy/domains/continuous/test/auto/Thermostat.xml
----------------- Instantiating /home/travis/build/icyphy/ptII/ptolemy/domains/continuous/test/auto/Thermostat.xml
155 ms. Memory: 723968K Free: 249546K (34%)
----------------- Invoking toplevel() on ptolemy.moml.MoMLSimpleApplication@21e258a5
----------------- Done invoking toplevel() on ptolemy.moml.MoMLSimpleApplication@21e258a5
reloadAllAccessors: .Thermostat

===========================================================================================
----------------- testing Thu Jun 21 01:24:28 UTC 2018 /home/travis/build/icyphy/ptII/ptolemy/domains/continuous/test/auto/TimeDelay.xml
----------------- Instantiating /home/travis/build/icyphy/ptII/ptolemy/domains/continuous/test/auto/TimeDelay.xml
4 ms. Memory: 723968K Free: 239128K (33%)
----------------- Invoking toplevel() on ptolemy.moml.MoMLSimpleApplication@4dddc38a
----------------- Done invoking toplevel() on ptolemy.moml.MoMLSimpleApplication@4dddc38a
reloadAllAccessors: .TimeDelay

===========================================================================================
----------------- testing Thu Jun 21 01:24:28 UTC 2018 /home/travis/build/icyphy/ptII/ptolemy/domains/continuous/test/auto/TimeDelay2.xml
----------------- Instantiating /home/travis/build/icyphy/ptII/ptolemy/domains/continuous/test/auto/TimeDelay2.xml
7 ms. Memory: 723968K Free: 228620K (32%)
----------------- Invoking toplevel() on ptolemy.moml.MoMLSimpleApplication@1f7fdffc
----------------- Done invoking toplevel() on ptolemy.moml.MoMLSimpleApplication@1f7fdffc
reloadAllAccessors: .TimeDelay2

===========================================================================================
----------------- testing Thu Jun 21 01:24:28 UTC 2018 /home/travis/build/icyphy/ptII/ptolemy/domains/continuous/test/auto/TimeDelay3.xml
----------------- Instantiating /home/travis/build/icyphy/ptII/ptolemy/domains/continuous/test/auto/TimeDelay3.xml
2 ms. Memory: 723968K Free: 221385K (31%)
----------------- Invoking toplevel() on ptolemy.moml.MoMLSimpleApplication@3e82fbc
----------------- Done invoking toplevel() on ptolemy.moml.MoMLSimpleApplication@3e82fbc
reloadAllAccessors: .TimeDelay3

===========================================================================================
----------------- testing Thu Jun 21 01:24:28 UTC 2018 /home/travis/build/icyphy/ptII/ptolemy/domains/continuous/test/auto/TransferAbsentToInside.xml
----------------- Instantiating /home/travis/build/icyphy/ptII/ptolemy/domains/continuous/test/auto/TransferAbsentToInside.xml
26 ms. Memory: 723968K Free: 160056K (22%)
----------------- Invoking toplevel() on ptolemy.moml.MoMLSimpleApplication@36652c15
----------------- Done invoking toplevel() on ptolemy.moml.MoMLSimpleApplication@36652c15
reloadAllAccessors: .TransferAbsentToInside

===========================================================================================
----------------- testing Thu Jun 21 01:24:29 UTC 2018 /home/travis/build/icyphy/ptII/ptolemy/domains/continuous/test/auto/Transmission.xml
----------------- Instantiating /home/travis/build/icyphy/ptII/ptolemy/domains/continuous/test/auto/Transmission.xml
738 ms. Memory: 685568K Free: 515833K (75%)
----------------- Invoking toplevel() on ptolemy.moml.MoMLSimpleApplication@2718ed43
----------------- Done invoking toplevel() on ptolemy.moml.MoMLSimpleApplication@2718ed43
reloadAllAccessors: .Transmission

===========================================================================================
----------------- testing Thu Jun 21 01:24:29 UTC 2018 /home/travis/build/icyphy/ptII/ptolemy/domains/continuous/test/auto/TriggeredContinuousClock.xml
----------------- Instantiating /home/travis/build/icyphy/ptII/ptolemy/domains/continuous/test/auto/TriggeredContinuousClock.xml
34 ms. Memory: 685568K Free: 479967K (70%)
----------------- Invoking toplevel() on ptolemy.moml.MoMLSimpleApplication@1d12045e
----------------- Done invoking toplevel() on ptolemy.moml.MoMLSimpleApplication@1d12045e
reloadAllAccessors: .TriggeredContinuousClock

===========================================================================================
----------------- testing Thu Jun 21 01:24:29 UTC 2018 /home/travis/build/icyphy/ptII/ptolemy/domains/continuous/test/auto/TwoMachineInfiniteBusControl.xml
----------------- Instantiating /home/travis/build/icyphy/ptII/ptolemy/domains/continuous/test/auto/TwoMachineInfiniteBusControl.xml
2685 ms. Memory: 667136K Free: 493220K (74%)
----------------- Invoking toplevel() on ptolemy.moml.MoMLSimpleApplication@768535e2
----------------- Done invoking toplevel() on ptolemy.moml.MoMLSimpleApplication@768535e2
reloadAllAccessors: .TwoMachineInfiniteBusControl

===========================================================================================
----------------- testing Thu Jun 21 01:24:32 UTC 2018 /home/travis/build/icyphy/ptII/ptolemy/domains/continuous/test/auto/V2V.xml
----------------- Instantiating /home/travis/build/icyphy/ptII/ptolemy/domains/continuous/test/auto/V2V.xml
727 ms. Memory: 667136K Free: 294290K (44%)
----------------- Invoking toplevel() on ptolemy.moml.MoMLSimpleApplication@3d30ce3
----------------- Done invoking toplevel() on ptolemy.moml.MoMLSimpleApplication@3d30ce3
reloadAllAccessors: .V2V

===========================================================================================
----------------- testing Thu Jun 21 01:24:33 UTC 2018 /home/travis/build/icyphy/ptII/ptolemy/domains/continuous/test/auto/hierarchicalModalModel.xml
----------------- Instantiating /home/travis/build/icyphy/ptII/ptolemy/domains/continuous/test/auto/hierarchicalModalModel.xml
11 ms. Memory: 667136K Free: 273192K (41%)
----------------- Invoking toplevel() on ptolemy.moml.MoMLSimpleApplication@1f4379c1
----------------- Done invoking toplevel() on ptolemy.moml.MoMLSimpleApplication@1f4379c1
reloadAllAccessors: .hierarchicalModalModel

===========================================================================================
----------------- testing Thu Jun 21 01:24:33 UTC 2018 /home/travis/build/icyphy/ptII/ptolemy/domains/continuous/test/auto/hierarchicalModalModel1.xml
----------------- Instantiating /home/travis/build/icyphy/ptII/ptolemy/domains/continuous/test/auto/hierarchicalModalModel1.xml
9 ms. Memory: 667136K Free: 254953K (38%)
----------------- Invoking toplevel() on ptolemy.moml.MoMLSimpleApplication@65b29a34
----------------- Done invoking toplevel() on ptolemy.moml.MoMLSimpleApplication@65b29a34
reloadAllAccessors: .hierarchicalModalModel1

===========================================================================================
----------------- testing Thu Jun 21 01:24:33 UTC 2018 /home/travis/build/icyphy/ptII/ptolemy/domains/continuous/test/auto/hierarchicalModalModel2.xml
----------------- Instantiating /home/travis/build/icyphy/ptII/ptolemy/domains/continuous/test/auto/hierarchicalModalModel2.xml
7 ms. Memory: 667136K Free: 239605K (36%)
----------------- Invoking toplevel() on ptolemy.moml.MoMLSimpleApplication@2331a164
----------------- Done invoking toplevel() on ptolemy.moml.MoMLSimpleApplication@2331a164
reloadAllAccessors: .hierarchicalModalModel2

===========================================================================================
----------------- testing Thu Jun 21 01:24:33 UTC 2018 /home/travis/build/icyphy/ptII/ptolemy/domains/continuous/test/auto/hierarchicalModalModel3.xml
----------------- Instantiating /home/travis/build/icyphy/ptII/ptolemy/domains/continuous/test/auto/hierarchicalModalModel3.xml
5 ms. Memory: 667136K Free: 227139K (34%)
----------------- Invoking toplevel() on ptolemy.moml.MoMLSimpleApplication@4aa77b0f
----------------- Done invoking toplevel() on ptolemy.moml.MoMLSimpleApplication@4aa77b0f
reloadAllAccessors: .hierarchicalModalModel3

===========================================================================================
----------------- testing Thu Jun 21 01:24:33 UTC 2018 /home/travis/build/icyphy/ptII/ptolemy/domains/continuous/test/auto/hierarchicalModalModel4.xml
----------------- Instantiating /home/travis/build/icyphy/ptII/ptolemy/domains/continuous/test/auto/hierarchicalModalModel4.xml
5 ms. Memory: 667136K Free: 211695K (32%)
----------------- Invoking toplevel() on ptolemy.moml.MoMLSimpleApplication@6c6f518f
----------------- Done invoking toplevel() on ptolemy.moml.MoMLSimpleApplication@6c6f518f
reloadAllAccessors: .hierarchicalModalModel4

===========================================================================================
----------------- testing Thu Jun 21 01:24:33 UTC 2018 /home/travis/build/icyphy/ptII/ptolemy/domains/continuous/test/auto/junk.xml
----------------- Instantiating /home/travis/build/icyphy/ptII/ptolemy/domains/continuous/test/auto/junk.xml
138 ms. Memory: 667136K Free: 179129K (27%)
----------------- Invoking toplevel() on ptolemy.moml.MoMLSimpleApplication@799902bb
----------------- Done invoking toplevel() on ptolemy.moml.MoMLSimpleApplication@799902bb
reloadAllAccessors: .junk
AutoTests.java: About to close Vertx.
AutoTests.java: Vertx closed.
]]></system-out>
  <system-err><![CDATA[Warning: '.HysteresisWithRandomDelay.NonStrictTest3' The test produced only 25 tokens, yet the correctValues parameter was expecting 30 tokens.
Warning: '.Poisson.NonStrictTest' The test produced only 351 tokens, yet the correctValues parameter was expecting 430 tokens.
]]></system-err>
</testsuite>
