<?xml version="1.0" encoding="UTF-8" ?>
<testsuite errors="0" failures="0" hostname="travis-job-0036b0c6-e920-4e38-b4d8-b867f991eee2" name="ptolemy.actor.lib.hoc.test.junit.JUnitTclTest" skipped="0" tests="58" time="24.489" timestamp="2018-07-15T01:35:52">
  <properties>
[...]
</properties>
  <testcase classname="ptolemy.util.test.junit.TclTests" name="[0] /home/travis/build/icyphy/ptII/ptolemy/actor/lib/hoc/test/IterateOverArray.tcl (RunTclFile)" time="0.283" />
  <testcase classname="ptolemy.util.test.junit.AutoKnownFailedTests" name="[0] /home/travis/build/icyphy/ptII/ptolemy/actor/lib/hoc/test/auto/knownFailedTests/PreinitializeMustBeInvokedRunComposite.xml (RunModel)" time="0.255" />
  <testcase classname="ptolemy.util.test.junit.AutoNameArchTests" name="[0] ThereAreNoAutoArchTests (RunModel)" time="0.001" />
  <testcase classname="ptolemy.util.test.junit.AutoTests" name="[0] /home/travis/build/icyphy/ptII/ptolemy/actor/lib/hoc/test/auto/AllToAllMultiInstanceComposite.xml (RunModel)" time="0.22" />
  <testcase classname="ptolemy.util.test.junit.AutoTests" name="[1] /home/travis/build/icyphy/ptII/ptolemy/actor/lib/hoc/test/auto/ApplyFFTTest.xml (RunModel)" time="0.324" />
  <testcase classname="ptolemy.util.test.junit.AutoTests" name="[2] /home/travis/build/icyphy/ptII/ptolemy/actor/lib/hoc/test/auto/ApplyFunction.xml (RunModel)" time="0.061" />
  <testcase classname="ptolemy.util.test.junit.AutoTests" name="[3] /home/travis/build/icyphy/ptII/ptolemy/actor/lib/hoc/test/auto/BackgroundExecution.xml (RunModel)" time="0.767" />
  <testcase classname="ptolemy.util.test.junit.AutoTests" name="[4] /home/travis/build/icyphy/ptII/ptolemy/actor/lib/hoc/test/auto/Case.xml (RunModel)" time="0.071" />
  <testcase classname="ptolemy.util.test.junit.AutoTests" name="[5] /home/travis/build/icyphy/ptII/ptolemy/actor/lib/hoc/test/auto/Case1.xml (RunModel)" time="0.073" />
  <testcase classname="ptolemy.util.test.junit.AutoTests" name="[6] /home/travis/build/icyphy/ptII/ptolemy/actor/lib/hoc/test/auto/Case2.xml (RunModel)" time="0.1" />
  <testcase classname="ptolemy.util.test.junit.AutoTests" name="[7] /home/travis/build/icyphy/ptII/ptolemy/actor/lib/hoc/test/auto/Case3.xml (RunModel)" time="0.028" />
  <testcase classname="ptolemy.util.test.junit.AutoTests" name="[8] /home/travis/build/icyphy/ptII/ptolemy/actor/lib/hoc/test/auto/Case4.xml (RunModel)" time="0.056" />
  <testcase classname="ptolemy.util.test.junit.AutoTests" name="[9] /home/travis/build/icyphy/ptII/ptolemy/actor/lib/hoc/test/auto/Case5.xml (RunModel)" time="0.111" />
  <testcase classname="ptolemy.util.test.junit.AutoTests" name="[10] /home/travis/build/icyphy/ptII/ptolemy/actor/lib/hoc/test/auto/Case6.xml (RunModel)" time="0.139" />
  <testcase classname="ptolemy.util.test.junit.AutoTests" name="[11] /home/travis/build/icyphy/ptII/ptolemy/actor/lib/hoc/test/auto/CaseString2.xml (RunModel)" time="0.06" />
  <testcase classname="ptolemy.util.test.junit.AutoTests" name="[12] /home/travis/build/icyphy/ptII/ptolemy/actor/lib/hoc/test/auto/CatchUpComposite1.xml (RunModel)" time="0.073" />
  <testcase classname="ptolemy.util.test.junit.AutoTests" name="[13] /home/travis/build/icyphy/ptII/ptolemy/actor/lib/hoc/test/auto/CatchUpComposite2.xml (RunModel)" time="0.065" />
  <testcase classname="ptolemy.util.test.junit.AutoTests" name="[14] /home/travis/build/icyphy/ptII/ptolemy/actor/lib/hoc/test/auto/CatchUpComposite3.xml (RunModel)" time="0.05" />
  <testcase classname="ptolemy.util.test.junit.AutoTests" name="[15] /home/travis/build/icyphy/ptII/ptolemy/actor/lib/hoc/test/auto/CatchUpComposite4.xml (RunModel)" time="0.067" />
  <testcase classname="ptolemy.util.test.junit.AutoTests" name="[16] /home/travis/build/icyphy/ptII/ptolemy/actor/lib/hoc/test/auto/CatchUpComposite5.xml (RunModel)" time="0.039" />
  <testcase classname="ptolemy.util.test.junit.AutoTests" name="[17] /home/travis/build/icyphy/ptII/ptolemy/actor/lib/hoc/test/auto/CatchUpComposite6.xml (RunModel)" time="0.164" />
  <testcase classname="ptolemy.util.test.junit.AutoTests" name="[18] /home/travis/build/icyphy/ptII/ptolemy/actor/lib/hoc/test/auto/CatchUpComposite7.xml (RunModel)" time="0.112" />
  <testcase classname="ptolemy.util.test.junit.AutoTests" name="[19] /home/travis/build/icyphy/ptII/ptolemy/actor/lib/hoc/test/auto/ConcurrentExecutionTimeSDF.xml (RunModel)" time="1.143" />
  <testcase classname="ptolemy.util.test.junit.AutoTests" name="[20] /home/travis/build/icyphy/ptII/ptolemy/actor/lib/hoc/test/auto/ConcurrentSleep.xml (RunModel)" time="0.776" />
  <testcase classname="ptolemy.util.test.junit.AutoTests" name="[21] /home/travis/build/icyphy/ptII/ptolemy/actor/lib/hoc/test/auto/DEInPNInRunCompositeActor.xml (RunModel)" time="0.044" />
  <testcase classname="ptolemy.util.test.junit.AutoTests" name="[22] /home/travis/build/icyphy/ptII/ptolemy/actor/lib/hoc/test/auto/DFTSubSetTest.xml (RunModel)" time="0.296" />
  <testcase classname="ptolemy.util.test.junit.AutoTests" name="[23] /home/travis/build/icyphy/ptII/ptolemy/actor/lib/hoc/test/auto/HocDE.xml (RunModel)" time="0.207" />
  <testcase classname="ptolemy.util.test.junit.AutoTests" name="[24] /home/travis/build/icyphy/ptII/ptolemy/actor/lib/hoc/test/auto/IterateOverArray.xml (RunModel)" time="0.04" />
  <testcase classname="ptolemy.util.test.junit.AutoTests" name="[25] /home/travis/build/icyphy/ptII/ptolemy/actor/lib/hoc/test/auto/IterateOverArray10.xml (RunModel)" time="0.019" />
  <testcase classname="ptolemy.util.test.junit.AutoTests" name="[26] /home/travis/build/icyphy/ptII/ptolemy/actor/lib/hoc/test/auto/IterateOverArray11.xml (RunModel)" time="0.027" />
  <testcase classname="ptolemy.util.test.junit.AutoTests" name="[27] /home/travis/build/icyphy/ptII/ptolemy/actor/lib/hoc/test/auto/IterateOverArray12.xml (RunModel)" time="0.048" />
  <testcase classname="ptolemy.util.test.junit.AutoTests" name="[28] /home/travis/build/icyphy/ptII/ptolemy/actor/lib/hoc/test/auto/IterateOverArray13.xml (RunModel)" time="0.175" />
  <testcase classname="ptolemy.util.test.junit.AutoTests" name="[29] /home/travis/build/icyphy/ptII/ptolemy/actor/lib/hoc/test/auto/IterateOverArray14.xml (RunModel)" time="0.153" />
  <testcase classname="ptolemy.util.test.junit.AutoTests" name="[30] /home/travis/build/icyphy/ptII/ptolemy/actor/lib/hoc/test/auto/IterateOverArray2.xml (RunModel)" time="0.026" />
  <testcase classname="ptolemy.util.test.junit.AutoTests" name="[31] /home/travis/build/icyphy/ptII/ptolemy/actor/lib/hoc/test/auto/IterateOverArray3.xml (RunModel)" time="0.036" />
  <testcase classname="ptolemy.util.test.junit.AutoTests" name="[32] /home/travis/build/icyphy/ptII/ptolemy/actor/lib/hoc/test/auto/IterateOverArray4.xml (RunModel)" time="0.017" />
  <testcase classname="ptolemy.util.test.junit.AutoTests" name="[33] /home/travis/build/icyphy/ptII/ptolemy/actor/lib/hoc/test/auto/IterateOverArray5.xml (RunModel)" time="0.021" />
  <testcase classname="ptolemy.util.test.junit.AutoTests" name="[34] /home/travis/build/icyphy/ptII/ptolemy/actor/lib/hoc/test/auto/IterateOverArray6.xml (RunModel)" time="0.014" />
  <testcase classname="ptolemy.util.test.junit.AutoTests" name="[35] /home/travis/build/icyphy/ptII/ptolemy/actor/lib/hoc/test/auto/IterateOverArray7.xml (RunModel)" time="0.018" />
  <testcase classname="ptolemy.util.test.junit.AutoTests" name="[36] /home/travis/build/icyphy/ptII/ptolemy/actor/lib/hoc/test/auto/IterateOverArray8.xml (RunModel)" time="0.02" />
  <testcase classname="ptolemy.util.test.junit.AutoTests" name="[37] /home/travis/build/icyphy/ptII/ptolemy/actor/lib/hoc/test/auto/IterateOverArray9.xml (RunModel)" time="0.023" />
  <testcase classname="ptolemy.util.test.junit.AutoTests" name="[38] /home/travis/build/icyphy/ptII/ptolemy/actor/lib/hoc/test/auto/IterateOverArrayCoercedOutputType.xml (RunModel)" time="0.027" />
  <testcase classname="ptolemy.util.test.junit.AutoTests" name="[39] /home/travis/build/icyphy/ptII/ptolemy/actor/lib/hoc/test/auto/IterateOverArrayInferredOutputType.xml (RunModel)" time="0.025" />
  <testcase classname="ptolemy.util.test.junit.AutoTests" name="[40] /home/travis/build/icyphy/ptII/ptolemy/actor/lib/hoc/test/auto/MobileFunctionTest.xml (RunModel)" time="0.02" />
  <testcase classname="ptolemy.util.test.junit.AutoTests" name="[41] /home/travis/build/icyphy/ptII/ptolemy/actor/lib/hoc/test/auto/MobileModelTest.xml (RunModel)" time="0.087" />
  <testcase classname="ptolemy.util.test.junit.AutoTests" name="[42] /home/travis/build/icyphy/ptII/ptolemy/actor/lib/hoc/test/auto/ModelReference.xml (RunModel)" time="0.072" />
  <testcase classname="ptolemy.util.test.junit.AutoTests" name="[43] /home/travis/build/icyphy/ptII/ptolemy/actor/lib/hoc/test/auto/ModelReference3.xml (RunModel)" time="0.068" />
  <testcase classname="ptolemy.util.test.junit.AutoTests" name="[44] /home/travis/build/icyphy/ptII/ptolemy/actor/lib/hoc/test/auto/ModelReference4.xml (RunModel)" time="10.028" />
  <testcase classname="ptolemy.util.test.junit.AutoTests" name="[45] /home/travis/build/icyphy/ptII/ptolemy/actor/lib/hoc/test/auto/MultiInstanceComposite.xml (RunModel)" time="0.059" />
  <testcase classname="ptolemy.util.test.junit.AutoTests" name="[46] /home/travis/build/icyphy/ptII/ptolemy/actor/lib/hoc/test/auto/MultiInstanceComposite2.xml (RunModel)" time="0.049" />
  <testcase classname="ptolemy.util.test.junit.AutoTests" name="[47] /home/travis/build/icyphy/ptII/ptolemy/actor/lib/hoc/test/auto/MulticoreExecution.xml (RunModel)" time="1.088" />
  <testcase classname="ptolemy.util.test.junit.AutoTests" name="[48] /home/travis/build/icyphy/ptII/ptolemy/actor/lib/hoc/test/auto/ParallelExecution.xml (RunModel)" time="0.932" />
  <testcase classname="ptolemy.util.test.junit.AutoTests" name="[49] /home/travis/build/icyphy/ptII/ptolemy/actor/lib/hoc/test/auto/RunCompositeActor.xml (RunModel)" time="0.023" />
  <testcase classname="ptolemy.util.test.junit.AutoTests" name="[50] /home/travis/build/icyphy/ptII/ptolemy/actor/lib/hoc/test/auto/RunCompositeActor2.xml (RunModel)" time="0.051" />
  <testcase classname="ptolemy.util.test.junit.AutoTests" name="[51] /home/travis/build/icyphy/ptII/ptolemy/actor/lib/hoc/test/auto/RunCompositeActor3.xml (RunModel)" time="0.031" />
  <testcase classname="ptolemy.util.test.junit.AutoTests" name="[52] /home/travis/build/icyphy/ptII/ptolemy/actor/lib/hoc/test/auto/RunCompositeActor4.xml (RunModel)" time="0.036" />
  <testcase classname="ptolemy.util.test.junit.AutoTests" name="[53] /home/travis/build/icyphy/ptII/ptolemy/actor/lib/hoc/test/auto/RunCompositeIterateOverArray.xml (RunModel)" time="0.032" />
  <testcase classname="ptolemy.util.test.junit.AutoTests" name="[54] /home/travis/build/icyphy/ptII/ptolemy/actor/lib/hoc/test/auto/ThreadedJS.xml (RunModel)" time="5.111" />
  <system-out><![CDATA[/home/travis/build/icyphy/ptII/ptolemy/actor/lib/hoc/test/IterateOverArray.tcl
testDefs.tcl: setting time out to 9000 seconds at Sun Jul 15 01:35:52 UTC 2018
07/15/18 01:35:52
Failed: 0  Total Tests: 2  ((Passed: 2, Newly Passed: 0)  Known Failed: 0) /home/travis/build/icyphy/ptII/ptolemy/actor/lib/hoc/test
----------------- testing (KnownFailure) /home/travis/build/icyphy/ptII/ptolemy/actor/lib/hoc/test/auto/knownFailedTests/PreinitializeMustBeInvokedRunComposite.xml
39 ms. Memory: 116224K Free: 103543K (89%)
Known Failure: java.lang.reflect.InvocationTargetException
No auto/linux-amd64/*.xml tests in /home/travis/build/icyphy/ptII/ptolemy/actor/lib/hoc/test
AutoTests.java: About to close Vertx.
AutoTests.java: Vertx closed.

===========================================================================================
----------------- testing Sun Jul 15 01:35:53 UTC 2018 /home/travis/build/icyphy/ptII/ptolemy/actor/lib/hoc/test/auto/AllToAllMultiInstanceComposite.xml
----------------- Instantiating /home/travis/build/icyphy/ptII/ptolemy/actor/lib/hoc/test/auto/AllToAllMultiInstanceComposite.xml
106 ms. Memory: 146944K Free: 108130K (74%)
----------------- Invoking toplevel() on ptolemy.moml.MoMLSimpleApplication@689d370e
----------------- Done invoking toplevel() on ptolemy.moml.MoMLSimpleApplication@689d370e
reloadAllAccessors: .AllToAllMultiInstanceComposite

===========================================================================================
----------------- testing Sun Jul 15 01:35:53 UTC 2018 /home/travis/build/icyphy/ptII/ptolemy/actor/lib/hoc/test/auto/ApplyFFTTest.xml
----------------- Instantiating /home/travis/build/icyphy/ptII/ptolemy/actor/lib/hoc/test/auto/ApplyFFTTest.xml
130 ms. Memory: 146944K Free: 88219K (60%)
----------------- Invoking toplevel() on ptolemy.moml.MoMLSimpleApplication@46b9332c
----------------- Done invoking toplevel() on ptolemy.moml.MoMLSimpleApplication@46b9332c
reloadAllAccessors: .ApplyFFTTest

===========================================================================================
----------------- testing Sun Jul 15 01:35:53 UTC 2018 /home/travis/build/icyphy/ptII/ptolemy/actor/lib/hoc/test/auto/ApplyFunction.xml
----------------- Instantiating /home/travis/build/icyphy/ptII/ptolemy/actor/lib/hoc/test/auto/ApplyFunction.xml
15 ms. Memory: 146944K Free: 84484K (57%)
----------------- Invoking toplevel() on ptolemy.moml.MoMLSimpleApplication@1c737437
----------------- Done invoking toplevel() on ptolemy.moml.MoMLSimpleApplication@1c737437
reloadAllAccessors: .ApplyFunction

===========================================================================================
----------------- testing Sun Jul 15 01:35:53 UTC 2018 /home/travis/build/icyphy/ptII/ptolemy/actor/lib/hoc/test/auto/BackgroundExecution.xml
----------------- Instantiating /home/travis/build/icyphy/ptII/ptolemy/actor/lib/hoc/test/auto/BackgroundExecution.xml
636 ms. Memory: 146944K Free: 137318K (93%)
----------------- Invoking toplevel() on ptolemy.moml.MoMLSimpleApplication@55dbf90f
----------------- Done invoking toplevel() on ptolemy.moml.MoMLSimpleApplication@55dbf90f
reloadAllAccessors: .BackgroundExecution

===========================================================================================
----------------- testing Sun Jul 15 01:35:54 UTC 2018 /home/travis/build/icyphy/ptII/ptolemy/actor/lib/hoc/test/auto/Case.xml
----------------- Instantiating /home/travis/build/icyphy/ptII/ptolemy/actor/lib/hoc/test/auto/Case.xml
27 ms. Memory: 146944K Free: 128965K (88%)
----------------- Invoking toplevel() on ptolemy.moml.MoMLSimpleApplication@7ac9fca9
----------------- Done invoking toplevel() on ptolemy.moml.MoMLSimpleApplication@7ac9fca9
reloadAllAccessors: .Case

===========================================================================================
----------------- testing Sun Jul 15 01:35:54 UTC 2018 /home/travis/build/icyphy/ptII/ptolemy/actor/lib/hoc/test/auto/Case1.xml
----------------- Instantiating /home/travis/build/icyphy/ptII/ptolemy/actor/lib/hoc/test/auto/Case1.xml
17 ms. Memory: 146944K Free: 121897K (83%)
----------------- Invoking toplevel() on ptolemy.moml.MoMLSimpleApplication@1d1b95d9
----------------- Done invoking toplevel() on ptolemy.moml.MoMLSimpleApplication@1d1b95d9
reloadAllAccessors: .Case1

===========================================================================================
----------------- testing Sun Jul 15 01:35:54 UTC 2018 /home/travis/build/icyphy/ptII/ptolemy/actor/lib/hoc/test/auto/Case2.xml
----------------- Instantiating /home/travis/build/icyphy/ptII/ptolemy/actor/lib/hoc/test/auto/Case2.xml
47 ms. Memory: 146944K Free: 109880K (75%)
----------------- Invoking toplevel() on ptolemy.moml.MoMLSimpleApplication@446f1bea
----------------- Done invoking toplevel() on ptolemy.moml.MoMLSimpleApplication@446f1bea
reloadAllAccessors: .Case2

===========================================================================================
----------------- testing Sun Jul 15 01:35:54 UTC 2018 /home/travis/build/icyphy/ptII/ptolemy/actor/lib/hoc/test/auto/Case3.xml
----------------- Instantiating /home/travis/build/icyphy/ptII/ptolemy/actor/lib/hoc/test/auto/Case3.xml
8 ms. Memory: 146944K Free: 103213K (70%)
----------------- Invoking toplevel() on ptolemy.moml.MoMLSimpleApplication@1efa84dd
----------------- Done invoking toplevel() on ptolemy.moml.MoMLSimpleApplication@1efa84dd
reloadAllAccessors: .Case3

===========================================================================================
----------------- testing Sun Jul 15 01:35:54 UTC 2018 /home/travis/build/icyphy/ptII/ptolemy/actor/lib/hoc/test/auto/Case4.xml
----------------- Instantiating /home/travis/build/icyphy/ptII/ptolemy/actor/lib/hoc/test/auto/Case4.xml
18 ms. Memory: 146944K Free: 94096K (64%)
----------------- Invoking toplevel() on ptolemy.moml.MoMLSimpleApplication@2d887e29
----------------- Done invoking toplevel() on ptolemy.moml.MoMLSimpleApplication@2d887e29
reloadAllAccessors: .Case4

===========================================================================================
----------------- testing Sun Jul 15 01:35:54 UTC 2018 /home/travis/build/icyphy/ptII/ptolemy/actor/lib/hoc/test/auto/Case5.xml
----------------- Instantiating /home/travis/build/icyphy/ptII/ptolemy/actor/lib/hoc/test/auto/Case5.xml
73 ms. Memory: 146944K Free: 87004K (59%)
----------------- Invoking toplevel() on ptolemy.moml.MoMLSimpleApplication@35991a74
----------------- Done invoking toplevel() on ptolemy.moml.MoMLSimpleApplication@35991a74
reloadAllAccessors: .junk

===========================================================================================
----------------- testing Sun Jul 15 01:35:55 UTC 2018 /home/travis/build/icyphy/ptII/ptolemy/actor/lib/hoc/test/auto/Case6.xml
----------------- Instantiating /home/travis/build/icyphy/ptII/ptolemy/actor/lib/hoc/test/auto/Case6.xml
46 ms. Memory: 208384K Free: 196599K (94%)
----------------- Invoking toplevel() on ptolemy.moml.MoMLSimpleApplication@45ed16e0
----------------- Done invoking toplevel() on ptolemy.moml.MoMLSimpleApplication@45ed16e0
reloadAllAccessors: .Case6

===========================================================================================
----------------- testing Sun Jul 15 01:35:55 UTC 2018 /home/travis/build/icyphy/ptII/ptolemy/actor/lib/hoc/test/auto/CaseString2.xml
----------------- Instantiating /home/travis/build/icyphy/ptII/ptolemy/actor/lib/hoc/test/auto/CaseString2.xml
24 ms. Memory: 208384K Free: 186968K (90%)
----------------- Invoking toplevel() on ptolemy.moml.MoMLSimpleApplication@5bbc871a
----------------- Done invoking toplevel() on ptolemy.moml.MoMLSimpleApplication@5bbc871a
reloadAllAccessors: .CaseString2

===========================================================================================
----------------- testing Sun Jul 15 01:35:55 UTC 2018 /home/travis/build/icyphy/ptII/ptolemy/actor/lib/hoc/test/auto/CatchUpComposite1.xml
----------------- Instantiating /home/travis/build/icyphy/ptII/ptolemy/actor/lib/hoc/test/auto/CatchUpComposite1.xml
23 ms. Memory: 208384K Free: 177073K (85%)
----------------- Invoking toplevel() on ptolemy.moml.MoMLSimpleApplication@29e48a7e
----------------- Done invoking toplevel() on ptolemy.moml.MoMLSimpleApplication@29e48a7e
reloadAllAccessors: .CatchUpComposite1

===========================================================================================
----------------- testing Sun Jul 15 01:35:55 UTC 2018 /home/travis/build/icyphy/ptII/ptolemy/actor/lib/hoc/test/auto/CatchUpComposite2.xml
----------------- Instantiating /home/travis/build/icyphy/ptII/ptolemy/actor/lib/hoc/test/auto/CatchUpComposite2.xml
17 ms. Memory: 208384K Free: 167824K (81%)
----------------- Invoking toplevel() on ptolemy.moml.MoMLSimpleApplication@6276fefc
----------------- Done invoking toplevel() on ptolemy.moml.MoMLSimpleApplication@6276fefc
reloadAllAccessors: .CatchUpComposite2

===========================================================================================
----------------- testing Sun Jul 15 01:35:55 UTC 2018 /home/travis/build/icyphy/ptII/ptolemy/actor/lib/hoc/test/auto/CatchUpComposite3.xml
----------------- Instantiating /home/travis/build/icyphy/ptII/ptolemy/actor/lib/hoc/test/auto/CatchUpComposite3.xml
7 ms. Memory: 208384K Free: 157627K (76%)
----------------- Invoking toplevel() on ptolemy.moml.MoMLSimpleApplication@39d1c49
----------------- Done invoking toplevel() on ptolemy.moml.MoMLSimpleApplication@39d1c49
reloadAllAccessors: .CatchUpComposite3

===========================================================================================
----------------- testing Sun Jul 15 01:35:55 UTC 2018 /home/travis/build/icyphy/ptII/ptolemy/actor/lib/hoc/test/auto/CatchUpComposite4.xml
----------------- Instantiating /home/travis/build/icyphy/ptII/ptolemy/actor/lib/hoc/test/auto/CatchUpComposite4.xml
20 ms. Memory: 208384K Free: 148346K (71%)
----------------- Invoking toplevel() on ptolemy.moml.MoMLSimpleApplication@66ad3396
----------------- Done invoking toplevel() on ptolemy.moml.MoMLSimpleApplication@66ad3396
reloadAllAccessors: .CatchUpComposite4

===========================================================================================
----------------- testing Sun Jul 15 01:35:55 UTC 2018 /home/travis/build/icyphy/ptII/ptolemy/actor/lib/hoc/test/auto/CatchUpComposite5.xml
----------------- Instantiating /home/travis/build/icyphy/ptII/ptolemy/actor/lib/hoc/test/auto/CatchUpComposite5.xml
11 ms. Memory: 208384K Free: 139680K (67%)
----------------- Invoking toplevel() on ptolemy.moml.MoMLSimpleApplication@2e9dc165
----------------- Done invoking toplevel() on ptolemy.moml.MoMLSimpleApplication@2e9dc165
reloadAllAccessors: .CatchUpComposite5

===========================================================================================
----------------- testing Sun Jul 15 01:35:55 UTC 2018 /home/travis/build/icyphy/ptII/ptolemy/actor/lib/hoc/test/auto/CatchUpComposite6.xml
----------------- Instantiating /home/travis/build/icyphy/ptII/ptolemy/actor/lib/hoc/test/auto/CatchUpComposite6.xml
WARNING: The execution aspects in this model can influence the timing of actors by delaying the 
execution, potentially changing the behavior. There is no guarantee that actors fire at the 
time they request to be fired. 
Use Ptides for deterministic DE behavior that is not influenced by execution aspects. 

90 ms. Memory: 208384K Free: 120672K (58%)
----------------- Invoking toplevel() on ptolemy.moml.MoMLSimpleApplication@657844c5
----------------- Done invoking toplevel() on ptolemy.moml.MoMLSimpleApplication@657844c5
reloadAllAccessors: .CatchUpComposite6

===========================================================================================
----------------- testing Sun Jul 15 01:35:55 UTC 2018 /home/travis/build/icyphy/ptII/ptolemy/actor/lib/hoc/test/auto/CatchUpComposite7.xml
----------------- Instantiating /home/travis/build/icyphy/ptII/ptolemy/actor/lib/hoc/test/auto/CatchUpComposite7.xml
WARNING: The execution aspects in this model can influence the timing of actors by delaying the 
execution, potentially changing the behavior. There is no guarantee that actors fire at the 
time they request to be fired. 
Use Ptides for deterministic DE behavior that is not influenced by execution aspects. 

50 ms. Memory: 208384K Free: 103905K (50%)
----------------- Invoking toplevel() on ptolemy.moml.MoMLSimpleApplication@4554d86
----------------- Done invoking toplevel() on ptolemy.moml.MoMLSimpleApplication@4554d86
reloadAllAccessors: .CatchUpComposite7

===========================================================================================
----------------- testing Sun Jul 15 01:35:55 UTC 2018 /home/travis/build/icyphy/ptII/ptolemy/actor/lib/hoc/test/auto/ConcurrentExecutionTimeSDF.xml
----------------- Instantiating /home/travis/build/icyphy/ptII/ptolemy/actor/lib/hoc/test/auto/ConcurrentExecutionTimeSDF.xml
Fired ExecutionTime: 40400000
Fired ExecutionTime: 40400000
Fired ExecutionTime: 40400000
Fired ExecutionTime: 40400000
Fired ExecutionTime: 40400000
Fired ExecutionTime: 40400000
Fired ExecutionTime: 40400000
Fired ExecutionTime: 40400000
Fired ExecutionTime: 40400000
Fired ExecutionTime: 40400000
Fired ExecutionTime: 40400000
Fired ExecutionTime: 40400000
Fired ExecutionTime: 40400000
Fired ExecutionTime: 40400000
Fired ExecutionTime: 40400000
Fired ExecutionTime: 40400000
Fired ExecutionTime: 40400000
Fired ExecutionTime: 40400000
Fired ExecutionTime: 40400000
Fired ExecutionTime: 40400000
1103 ms. Memory: 208384K Free: 95287K (46%)
----------------- Invoking toplevel() on ptolemy.moml.MoMLSimpleApplication@10e49941
----------------- Done invoking toplevel() on ptolemy.moml.MoMLSimpleApplication@10e49941
reloadAllAccessors: .ConcurrentExecutionTimeSDF

===========================================================================================
----------------- testing Sun Jul 15 01:35:56 UTC 2018 /home/travis/build/icyphy/ptII/ptolemy/actor/lib/hoc/test/auto/ConcurrentSleep.xml
----------------- Instantiating /home/travis/build/icyphy/ptII/ptolemy/actor/lib/hoc/test/auto/ConcurrentSleep.xml
737 ms. Memory: 208384K Free: 80789K (39%)
----------------- Invoking toplevel() on ptolemy.moml.MoMLSimpleApplication@47cecb52
----------------- Done invoking toplevel() on ptolemy.moml.MoMLSimpleApplication@47cecb52
reloadAllAccessors: .ConcurrentSleep

===========================================================================================
----------------- testing Sun Jul 15 01:35:57 UTC 2018 /home/travis/build/icyphy/ptII/ptolemy/actor/lib/hoc/test/auto/DEInPNInRunCompositeActor.xml
----------------- Instantiating /home/travis/build/icyphy/ptII/ptolemy/actor/lib/hoc/test/auto/DEInPNInRunCompositeActor.xml
11 ms. Memory: 208384K Free: 196458K (94%)
----------------- Invoking toplevel() on ptolemy.moml.MoMLSimpleApplication@7f527af5
----------------- Done invoking toplevel() on ptolemy.moml.MoMLSimpleApplication@7f527af5
reloadAllAccessors: .DEInPNInRunCompositeActor

===========================================================================================
----------------- testing Sun Jul 15 01:35:57 UTC 2018 /home/travis/build/icyphy/ptII/ptolemy/actor/lib/hoc/test/auto/DFTSubSetTest.xml
----------------- Instantiating /home/travis/build/icyphy/ptII/ptolemy/actor/lib/hoc/test/auto/DFTSubSetTest.xml
185 ms. Memory: 208384K Free: 148734K (71%)
----------------- Invoking toplevel() on ptolemy.moml.MoMLSimpleApplication@20021e5a
----------------- Done invoking toplevel() on ptolemy.moml.MoMLSimpleApplication@20021e5a
reloadAllAccessors: .DFTSubSetTest

===========================================================================================
----------------- testing Sun Jul 15 01:35:58 UTC 2018 /home/travis/build/icyphy/ptII/ptolemy/actor/lib/hoc/test/auto/HocDE.xml
----------------- Instantiating /home/travis/build/icyphy/ptII/ptolemy/actor/lib/hoc/test/auto/HocDE.xml
159 ms. Memory: 208384K Free: 121636K (58%)
----------------- Invoking toplevel() on ptolemy.moml.MoMLSimpleApplication@5ef48d1b
----------------- Done invoking toplevel() on ptolemy.moml.MoMLSimpleApplication@5ef48d1b
reloadAllAccessors: .HocDE

===========================================================================================
----------------- testing Sun Jul 15 01:35:58 UTC 2018 /home/travis/build/icyphy/ptII/ptolemy/actor/lib/hoc/test/auto/IterateOverArray.xml
----------------- Instantiating /home/travis/build/icyphy/ptII/ptolemy/actor/lib/hoc/test/auto/IterateOverArray.xml
6 ms. Memory: 208384K Free: 115255K (55%)
----------------- Invoking toplevel() on ptolemy.moml.MoMLSimpleApplication@fb7c7fb
----------------- Done invoking toplevel() on ptolemy.moml.MoMLSimpleApplication@fb7c7fb
reloadAllAccessors: .IterateOverArray

===========================================================================================
----------------- testing Sun Jul 15 01:35:58 UTC 2018 /home/travis/build/icyphy/ptII/ptolemy/actor/lib/hoc/test/auto/IterateOverArray10.xml
----------------- Instantiating /home/travis/build/icyphy/ptII/ptolemy/actor/lib/hoc/test/auto/IterateOverArray10.xml
2 ms. Memory: 208384K Free: 111143K (53%)
----------------- Invoking toplevel() on ptolemy.moml.MoMLSimpleApplication@29a7a437
----------------- Done invoking toplevel() on ptolemy.moml.MoMLSimpleApplication@29a7a437
reloadAllAccessors: .IterateOverArray10

===========================================================================================
----------------- testing Sun Jul 15 01:35:58 UTC 2018 /home/travis/build/icyphy/ptII/ptolemy/actor/lib/hoc/test/auto/IterateOverArray11.xml
----------------- Instantiating /home/travis/build/icyphy/ptII/ptolemy/actor/lib/hoc/test/auto/IterateOverArray11.xml
6 ms. Memory: 208384K Free: 105582K (51%)
----------------- Invoking toplevel() on ptolemy.moml.MoMLSimpleApplication@3545d08d
----------------- Done invoking toplevel() on ptolemy.moml.MoMLSimpleApplication@3545d08d
reloadAllAccessors: .IterateOverArray11

===========================================================================================
----------------- testing Sun Jul 15 01:35:58 UTC 2018 /home/travis/build/icyphy/ptII/ptolemy/actor/lib/hoc/test/auto/IterateOverArray12.xml
----------------- Instantiating /home/travis/build/icyphy/ptII/ptolemy/actor/lib/hoc/test/auto/IterateOverArray12.xml
19 ms. Memory: 208384K Free: 98996K (48%)
----------------- Invoking toplevel() on ptolemy.moml.MoMLSimpleApplication@3ef8946e
----------------- Done invoking toplevel() on ptolemy.moml.MoMLSimpleApplication@3ef8946e
reloadAllAccessors: .IterateOverArray12

===========================================================================================
----------------- testing Sun Jul 15 01:35:58 UTC 2018 /home/travis/build/icyphy/ptII/ptolemy/actor/lib/hoc/test/auto/IterateOverArray13.xml
----------------- Instantiating /home/travis/build/icyphy/ptII/ptolemy/actor/lib/hoc/test/auto/IterateOverArray13.xml
106 ms. Memory: 331776K Free: 314770K (95%)
----------------- Invoking toplevel() on ptolemy.moml.MoMLSimpleApplication@66073362
----------------- Done invoking toplevel() on ptolemy.moml.MoMLSimpleApplication@66073362
reloadAllAccessors: .IterateOverArray13

===========================================================================================
----------------- testing Sun Jul 15 01:35:58 UTC 2018 /home/travis/build/icyphy/ptII/ptolemy/actor/lib/hoc/test/auto/IterateOverArray14.xml
----------------- Instantiating /home/travis/build/icyphy/ptII/ptolemy/actor/lib/hoc/test/auto/IterateOverArray14.xml
63 ms. Memory: 331776K Free: 277181K (84%)
----------------- Invoking toplevel() on ptolemy.moml.MoMLSimpleApplication@33416250
----------------- Done invoking toplevel() on ptolemy.moml.MoMLSimpleApplication@33416250
reloadAllAccessors: .IterateOverArray14

===========================================================================================
----------------- testing Sun Jul 15 01:35:58 UTC 2018 /home/travis/build/icyphy/ptII/ptolemy/actor/lib/hoc/test/auto/IterateOverArray2.xml
----------------- Instantiating /home/travis/build/icyphy/ptII/ptolemy/actor/lib/hoc/test/auto/IterateOverArray2.xml
9 ms. Memory: 331776K Free: 272276K (82%)
----------------- Invoking toplevel() on ptolemy.moml.MoMLSimpleApplication@164e50d1
----------------- Done invoking toplevel() on ptolemy.moml.MoMLSimpleApplication@164e50d1
reloadAllAccessors: .IterateOverArray2

===========================================================================================
----------------- testing Sun Jul 15 01:35:58 UTC 2018 /home/travis/build/icyphy/ptII/ptolemy/actor/lib/hoc/test/auto/IterateOverArray3.xml
----------------- Instantiating /home/travis/build/icyphy/ptII/ptolemy/actor/lib/hoc/test/auto/IterateOverArray3.xml
11 ms. Memory: 331776K Free: 264059K (80%)
----------------- Invoking toplevel() on ptolemy.moml.MoMLSimpleApplication@5958bd78
----------------- Done invoking toplevel() on ptolemy.moml.MoMLSimpleApplication@5958bd78
reloadAllAccessors: .IterateOverArray3

===========================================================================================
----------------- testing Sun Jul 15 01:35:58 UTC 2018 /home/travis/build/icyphy/ptII/ptolemy/actor/lib/hoc/test/auto/IterateOverArray4.xml
----------------- Instantiating /home/travis/build/icyphy/ptII/ptolemy/actor/lib/hoc/test/auto/IterateOverArray4.xml
5 ms. Memory: 331776K Free: 259154K (78%)
----------------- Invoking toplevel() on ptolemy.moml.MoMLSimpleApplication@4a171067
----------------- Done invoking toplevel() on ptolemy.moml.MoMLSimpleApplication@4a171067
reloadAllAccessors: .IterateOverArray4

===========================================================================================
----------------- testing Sun Jul 15 01:35:58 UTC 2018 /home/travis/build/icyphy/ptII/ptolemy/actor/lib/hoc/test/auto/IterateOverArray5.xml
----------------- Instantiating /home/travis/build/icyphy/ptII/ptolemy/actor/lib/hoc/test/auto/IterateOverArray5.xml
7 ms. Memory: 331776K Free: 254249K (77%)
----------------- Invoking toplevel() on ptolemy.moml.MoMLSimpleApplication@756994b9
----------------- Done invoking toplevel() on ptolemy.moml.MoMLSimpleApplication@756994b9
reloadAllAccessors: .IterateOverArray5

===========================================================================================
----------------- testing Sun Jul 15 01:35:58 UTC 2018 /home/travis/build/icyphy/ptII/ptolemy/actor/lib/hoc/test/auto/IterateOverArray6.xml
----------------- Instantiating /home/travis/build/icyphy/ptII/ptolemy/actor/lib/hoc/test/auto/IterateOverArray6.xml
3 ms. Memory: 331776K Free: 249719K (75%)
----------------- Invoking toplevel() on ptolemy.moml.MoMLSimpleApplication@19ef3731
----------------- Done invoking toplevel() on ptolemy.moml.MoMLSimpleApplication@19ef3731
reloadAllAccessors: .IterateOverArray6

===========================================================================================
----------------- testing Sun Jul 15 01:35:58 UTC 2018 /home/travis/build/icyphy/ptII/ptolemy/actor/lib/hoc/test/auto/IterateOverArray7.xml
----------------- Instantiating /home/travis/build/icyphy/ptII/ptolemy/actor/lib/hoc/test/auto/IterateOverArray7.xml
4 ms. Memory: 331776K Free: 244814K (74%)
----------------- Invoking toplevel() on ptolemy.moml.MoMLSimpleApplication@499d5576
----------------- Done invoking toplevel() on ptolemy.moml.MoMLSimpleApplication@499d5576
reloadAllAccessors: .IterateOverArray7

===========================================================================================
----------------- testing Sun Jul 15 01:35:58 UTC 2018 /home/travis/build/icyphy/ptII/ptolemy/actor/lib/hoc/test/auto/IterateOverArray8.xml
----------------- Instantiating /home/travis/build/icyphy/ptII/ptolemy/actor/lib/hoc/test/auto/IterateOverArray8.xml
4 ms. Memory: 331776K Free: 239058K (72%)
----------------- Invoking toplevel() on ptolemy.moml.MoMLSimpleApplication@618cf76d
----------------- Done invoking toplevel() on ptolemy.moml.MoMLSimpleApplication@618cf76d
reloadAllAccessors: .IterateOverArray8

===========================================================================================
----------------- testing Sun Jul 15 01:35:58 UTC 2018 /home/travis/build/icyphy/ptII/ptolemy/actor/lib/hoc/test/auto/IterateOverArray9.xml
----------------- Instantiating /home/travis/build/icyphy/ptII/ptolemy/actor/lib/hoc/test/auto/IterateOverArray9.xml
4 ms. Memory: 331776K Free: 234153K (71%)
----------------- Invoking toplevel() on ptolemy.moml.MoMLSimpleApplication@5439f816
----------------- Done invoking toplevel() on ptolemy.moml.MoMLSimpleApplication@5439f816
reloadAllAccessors: .IterateOverArray9

===========================================================================================
----------------- testing Sun Jul 15 01:35:58 UTC 2018 /home/travis/build/icyphy/ptII/ptolemy/actor/lib/hoc/test/auto/IterateOverArrayCoercedOutputType.xml
----------------- Instantiating /home/travis/build/icyphy/ptII/ptolemy/actor/lib/hoc/test/auto/IterateOverArrayCoercedOutputType.xml
4 ms. Memory: 331776K Free: 228022K (69%)
----------------- Invoking toplevel() on ptolemy.moml.MoMLSimpleApplication@6d7891fa
----------------- Done invoking toplevel() on ptolemy.moml.MoMLSimpleApplication@6d7891fa
reloadAllAccessors: .IterateOverArrayCoercedOutputType

===========================================================================================
----------------- testing Sun Jul 15 01:35:58 UTC 2018 /home/travis/build/icyphy/ptII/ptolemy/actor/lib/hoc/test/auto/IterateOverArrayInferredOutputType.xml
----------------- Instantiating /home/travis/build/icyphy/ptII/ptolemy/actor/lib/hoc/test/auto/IterateOverArrayInferredOutputType.xml
5 ms. Memory: 331776K Free: 221040K (67%)
----------------- Invoking toplevel() on ptolemy.moml.MoMLSimpleApplication@4d4dcaf6
----------------- Done invoking toplevel() on ptolemy.moml.MoMLSimpleApplication@4d4dcaf6
reloadAllAccessors: .IterateOverArrayInferredOutputType

===========================================================================================
----------------- testing Sun Jul 15 01:35:58 UTC 2018 /home/travis/build/icyphy/ptII/ptolemy/actor/lib/hoc/test/auto/MobileFunctionTest.xml
----------------- Instantiating /home/travis/build/icyphy/ptII/ptolemy/actor/lib/hoc/test/auto/MobileFunctionTest.xml
3 ms. Memory: 331776K Free: 216135K (65%)
----------------- Invoking toplevel() on ptolemy.moml.MoMLSimpleApplication@6f0c624d
----------------- Done invoking toplevel() on ptolemy.moml.MoMLSimpleApplication@6f0c624d
reloadAllAccessors: .MobileFunctionTest

===========================================================================================
----------------- testing Sun Jul 15 01:35:59 UTC 2018 /home/travis/build/icyphy/ptII/ptolemy/actor/lib/hoc/test/auto/MobileModelTest.xml
----------------- Instantiating /home/travis/build/icyphy/ptII/ptolemy/actor/lib/hoc/test/auto/MobileModelTest.xml
58 ms. Memory: 331776K Free: 195264K (59%)
----------------- Invoking toplevel() on ptolemy.moml.MoMLSimpleApplication@22f83639
----------------- Done invoking toplevel() on ptolemy.moml.MoMLSimpleApplication@22f83639
reloadAllAccessors: .MobileModelTest

===========================================================================================
----------------- testing Sun Jul 15 01:35:59 UTC 2018 /home/travis/build/icyphy/ptII/ptolemy/actor/lib/hoc/test/auto/ModelReference.xml
----------------- Instantiating /home/travis/build/icyphy/ptII/ptolemy/actor/lib/hoc/test/auto/ModelReference.xml
3 ms. Memory: 331776K Free: 185830K (56%)
4 ms. Memory: 331776K Free: 184603K (56%)
3 ms. Memory: 331776K Free: 184603K (56%)
2 ms. Memory: 331776K Free: 183377K (55%)
1 ms. Memory: 331776K Free: 182151K (55%)
6 ms. Memory: 331776K Free: 182151K (55%)
2 ms. Memory: 331776K Free: 180925K (55%)
2 ms. Memory: 331776K Free: 179698K (54%)
9 ms. Memory: 331776K Free: 179698K (54%)
3 ms. Memory: 331776K Free: 178472K (54%)
44 ms. Memory: 331776K Free: 178472K (54%)
----------------- Invoking toplevel() on ptolemy.moml.MoMLSimpleApplication@6c0740ff
----------------- Done invoking toplevel() on ptolemy.moml.MoMLSimpleApplication@6c0740ff
reloadAllAccessors: .ModelReference

===========================================================================================
----------------- testing Sun Jul 15 01:35:59 UTC 2018 /home/travis/build/icyphy/ptII/ptolemy/actor/lib/hoc/test/auto/ModelReference3.xml
----------------- Instantiating /home/travis/build/icyphy/ptII/ptolemy/actor/lib/hoc/test/auto/ModelReference3.xml
2 ms. Memory: 331776K Free: 172341K (52%)
5 ms. Memory: 331776K Free: 172341K (52%)
1 ms. Memory: 331776K Free: 171115K (52%)
4 ms. Memory: 331776K Free: 169888K (51%)
2 ms. Memory: 331776K Free: 169888K (51%)
2 ms. Memory: 331776K Free: 168662K (51%)
2 ms. Memory: 331776K Free: 167436K (50%)
2 ms. Memory: 331776K Free: 167436K (50%)
4 ms. Memory: 331776K Free: 166210K (50%)
1 ms. Memory: 331776K Free: 164984K (50%)
32 ms. Memory: 331776K Free: 164984K (50%)
----------------- Invoking toplevel() on ptolemy.moml.MoMLSimpleApplication@611043d0
----------------- Done invoking toplevel() on ptolemy.moml.MoMLSimpleApplication@611043d0
reloadAllAccessors: .ModelReference3

===========================================================================================
----------------- testing Sun Jul 15 01:35:59 UTC 2018 /home/travis/build/icyphy/ptII/ptolemy/actor/lib/hoc/test/auto/ModelReference4.xml
----------------- Instantiating /home/travis/build/icyphy/ptII/ptolemy/actor/lib/hoc/test/auto/ModelReference4.xml
4 ms. Memory: 331776K Free: 158001K (48%)
3 ms. Memory: 331776K Free: 156775K (47%)
3 ms. Memory: 331776K Free: 154322K (47%)
6 ms. Memory: 331776K Free: 153096K (46%)
8 ms. Memory: 331776K Free: 151870K (46%)
2 ms. Memory: 331776K Free: 150644K (45%)
2 ms. Memory: 331776K Free: 149418K (45%)
3 ms. Memory: 331776K Free: 148191K (45%)
10 ms. Memory: 331776K Free: 145723K (44%)
3 ms. Memory: 331776K Free: 144497K (44%)
10016 ms. Memory: 331776K Free: 144497K (44%)
----------------- Invoking toplevel() on ptolemy.moml.MoMLSimpleApplication@23784635
----------------- Done invoking toplevel() on ptolemy.moml.MoMLSimpleApplication@23784635
reloadAllAccessors: .ModelReference4

===========================================================================================
----------------- testing Sun Jul 15 01:36:09 UTC 2018 /home/travis/build/icyphy/ptII/ptolemy/actor/lib/hoc/test/auto/MultiInstanceComposite.xml
----------------- Instantiating /home/travis/build/icyphy/ptII/ptolemy/actor/lib/hoc/test/auto/MultiInstanceComposite.xml
30 ms. Memory: 331776K Free: 128451K (39%)
----------------- Invoking toplevel() on ptolemy.moml.MoMLSimpleApplication@14b370b0
----------------- Done invoking toplevel() on ptolemy.moml.MoMLSimpleApplication@14b370b0
reloadAllAccessors: .MultiInstanceComposite

===========================================================================================
----------------- testing Sun Jul 15 01:36:09 UTC 2018 /home/travis/build/icyphy/ptII/ptolemy/actor/lib/hoc/test/auto/MultiInstanceComposite2.xml
----------------- Instantiating /home/travis/build/icyphy/ptII/ptolemy/actor/lib/hoc/test/auto/MultiInstanceComposite2.xml
21 ms. Memory: 331776K Free: 114906K (35%)
----------------- Invoking toplevel() on ptolemy.moml.MoMLSimpleApplication@28ac9c08
----------------- Done invoking toplevel() on ptolemy.moml.MoMLSimpleApplication@28ac9c08
reloadAllAccessors: .MultiInstanceComposite2

===========================================================================================
----------------- testing Sun Jul 15 01:36:09 UTC 2018 /home/travis/build/icyphy/ptII/ptolemy/actor/lib/hoc/test/auto/MulticoreExecution.xml
----------------- Instantiating /home/travis/build/icyphy/ptII/ptolemy/actor/lib/hoc/test/auto/MulticoreExecution.xml
Fired ExecutionTime: 2400000
Fired ExecutionTime: 2400000
Fired ExecutionTime: 4400000
Fired ExecutionTime: 2400000
Fired ExecutionTime: 22800000
Fired ExecutionTime: 27200000
Fired ExecutionTime: 42400000
Fired ExecutionTime: 20000000
Fired ExecutionTime: 30800000
Fired ExecutionTime: 34800000
Fired ExecutionTime: 43200000
Fired ExecutionTime: 43200000
Fired ExecutionTime: 45600000
Fired ExecutionTime: 31600000
Fired ExecutionTime: 155200000
Fired ExecutionTime: 155600000
Fired ExecutionTime: 155600000
Fired ExecutionTime: 155200000
Fired ExecutionTime: 149200000
Fired ExecutionTime: 152400000
1062 ms. Memory: 331776K Free: 101768K (31%)
----------------- Invoking toplevel() on ptolemy.moml.MoMLSimpleApplication@8956d5f
----------------- Done invoking toplevel() on ptolemy.moml.MoMLSimpleApplication@8956d5f
reloadAllAccessors: .MulticoreExecution

===========================================================================================
----------------- testing Sun Jul 15 01:36:10 UTC 2018 /home/travis/build/icyphy/ptII/ptolemy/actor/lib/hoc/test/auto/ParallelExecution.xml
----------------- Instantiating /home/travis/build/icyphy/ptII/ptolemy/actor/lib/hoc/test/auto/ParallelExecution.xml
920 ms. Memory: 331776K Free: 90708K (27%)
----------------- Invoking toplevel() on ptolemy.moml.MoMLSimpleApplication@2ba7ee77
----------------- Done invoking toplevel() on ptolemy.moml.MoMLSimpleApplication@2ba7ee77
reloadAllAccessors: .ParallelExecution

===========================================================================================
----------------- testing Sun Jul 15 01:36:11 UTC 2018 /home/travis/build/icyphy/ptII/ptolemy/actor/lib/hoc/test/auto/RunCompositeActor.xml
----------------- Instantiating /home/travis/build/icyphy/ptII/ptolemy/actor/lib/hoc/test/auto/RunCompositeActor.xml
8 ms. Memory: 331776K Free: 81209K (24%)
----------------- Invoking toplevel() on ptolemy.moml.MoMLSimpleApplication@51ada78
----------------- Done invoking toplevel() on ptolemy.moml.MoMLSimpleApplication@51ada78
reloadAllAccessors: .RunCompositeActor

===========================================================================================
----------------- testing Sun Jul 15 01:36:11 UTC 2018 /home/travis/build/icyphy/ptII/ptolemy/actor/lib/hoc/test/auto/RunCompositeActor2.xml
----------------- Instantiating /home/travis/build/icyphy/ptII/ptolemy/actor/lib/hoc/test/auto/RunCompositeActor2.xml
4 ms. Memory: 332288K Free: 317563K (96%)
----------------- Invoking toplevel() on ptolemy.moml.MoMLSimpleApplication@10ec88b7
----------------- Done invoking toplevel() on ptolemy.moml.MoMLSimpleApplication@10ec88b7
reloadAllAccessors: .RunCompositeActor2

===========================================================================================
----------------- testing Sun Jul 15 01:36:11 UTC 2018 /home/travis/build/icyphy/ptII/ptolemy/actor/lib/hoc/test/auto/RunCompositeActor3.xml
----------------- Instantiating /home/travis/build/icyphy/ptII/ptolemy/actor/lib/hoc/test/auto/RunCompositeActor3.xml
4 ms. Memory: 332288K Free: 310404K (93%)
----------------- Invoking toplevel() on ptolemy.moml.MoMLSimpleApplication@117799e0
----------------- Done invoking toplevel() on ptolemy.moml.MoMLSimpleApplication@117799e0
reloadAllAccessors: .RunCompositeActor3

===========================================================================================
----------------- testing Sun Jul 15 01:36:11 UTC 2018 /home/travis/build/icyphy/ptII/ptolemy/actor/lib/hoc/test/auto/RunCompositeActor4.xml
----------------- Instantiating /home/travis/build/icyphy/ptII/ptolemy/actor/lib/hoc/test/auto/RunCompositeActor4.xml
18 ms. Memory: 332288K Free: 301409K (91%)
----------------- Invoking toplevel() on ptolemy.moml.MoMLSimpleApplication@17846366
----------------- Done invoking toplevel() on ptolemy.moml.MoMLSimpleApplication@17846366
reloadAllAccessors: .RunCompositeActor4

===========================================================================================
----------------- testing Sun Jul 15 01:36:11 UTC 2018 /home/travis/build/icyphy/ptII/ptolemy/actor/lib/hoc/test/auto/RunCompositeIterateOverArray.xml
----------------- Instantiating /home/travis/build/icyphy/ptII/ptolemy/actor/lib/hoc/test/auto/RunCompositeIterateOverArray.xml
11 ms. Memory: 332288K Free: 294860K (89%)
----------------- Invoking toplevel() on ptolemy.moml.MoMLSimpleApplication@53d3375f
----------------- Done invoking toplevel() on ptolemy.moml.MoMLSimpleApplication@53d3375f
reloadAllAccessors: .RunCompositeIterateOverArray

===========================================================================================
----------------- testing Sun Jul 15 01:36:11 UTC 2018 /home/travis/build/icyphy/ptII/ptolemy/actor/lib/hoc/test/auto/ThreadedJS.xml
----------------- Instantiating /home/travis/build/icyphy/ptII/ptolemy/actor/lib/hoc/test/auto/ThreadedJS.xml
1838 ms. Memory: 538624K Free: 156262K (29%)
----------------- Invoking toplevel() on ptolemy.moml.MoMLSimpleApplication@6cf22736
----------------- Done invoking toplevel() on ptolemy.moml.MoMLSimpleApplication@6cf22736
reloadAllAccessors: .ThreadedJS
AutoTests.java: About to close Vertx.
AutoTests.java: Vertx closed.
]]></system-out>
  <system-err><![CDATA[java.lang.RuntimeException: Execution failed
	at ptolemy.moml.MoMLSimpleApplication$UnloadThread.run(MoMLSimpleApplication.java:402)
Caused by: ptolemy.kernel.util.IllegalActionException: initialize() was called after wrapup() was called but preinitialize() was not called after wrapup().
	at ptolemy.actor.lib.hoc.test.PreinitializeMustBeInvoked.initialize(PreinitializeMustBeInvoked.java:78)
	at ptolemy.actor.Director.initialize(Director.java:938)
	at ptolemy.actor.Director.initialize(Director.java:907)
	at ptolemy.actor.sched.StaticSchedulingDirector.initialize(StaticSchedulingDirector.java:159)
	at ptolemy.domains.sdf.kernel.SDFDirector.initialize(SDFDirector.java:544)
	at ptolemy.actor.CompositeActor.initialize(CompositeActor.java:935)
	at ptolemy.actor.lib.hoc.LifeCycleManager._executeInsideModel(LifeCycleManager.java:339)
	at ptolemy.actor.lib.hoc.RunCompositeActor.fire(RunCompositeActor.java:205)
	at ptolemy.actor.CompositeActor.iterate(CompositeActor.java:1146)
	at ptolemy.actor.sched.StaticSchedulingDirector.fire(StaticSchedulingDirector.java:216)
	at ptolemy.domains.sdf.kernel.SDFDirector.fire(SDFDirector.java:500)
	at ptolemy.actor.CompositeActor.fire(CompositeActor.java:455)
	at ptolemy.actor.Manager.iterate(Manager.java:851)
	at ptolemy.actor.Manager.execute(Manager.java:369)
	at ptolemy.actor.Manager.run(Manager.java:1263)
	at ptolemy.actor.Manager$PtolemyRunThread.run(Manager.java:1915)
java.lang.reflect.InvocationTargetException
	at sun.reflect.NativeConstructorAccessorImpl.newInstance0(Native Method)
	at sun.reflect.NativeConstructorAccessorImpl.newInstance(NativeConstructorAccessorImpl.java:62)
	at sun.reflect.DelegatingConstructorAccessorImpl.newInstance(DelegatingConstructorAccessorImpl.java:45)
	at java.lang.reflect.Constructor.newInstance(Constructor.java:423)
	at ptolemy.util.test.junit.AutoKnownFailedTests.RunModel(AutoKnownFailedTests.java:107)
	at sun.reflect.NativeMethodAccessorImpl.invoke0(Native Method)
	at sun.reflect.NativeMethodAccessorImpl.invoke(NativeMethodAccessorImpl.java:62)
	at sun.reflect.DelegatingMethodAccessorImpl.invoke(DelegatingMethodAccessorImpl.java:43)
	at java.lang.reflect.Method.invoke(Method.java:498)
	at org.junit.runners.model.FrameworkMethod$1.runReflectiveCall(FrameworkMethod.java:44)
	at org.junit.internal.runners.model.ReflectiveCallable.run(ReflectiveCallable.java:15)
	at org.junit.runners.model.FrameworkMethod.invokeExplosively(FrameworkMethod.java:41)
	at junitparams.internal.InvokeParameterisedMethod.evaluate(InvokeParameterisedMethod.java:102)
	at org.junit.internal.runners.statements.FailOnTimeout$1.run(FailOnTimeout.java:28)
Caused by: ptolemy.kernel.util.IllegalActionException: initialize() was called after wrapup() was called but preinitialize() was not called after wrapup().
	at ptolemy.actor.lib.hoc.test.PreinitializeMustBeInvoked.initialize(PreinitializeMustBeInvoked.java:78)
	at ptolemy.actor.Director.initialize(Director.java:938)
	at ptolemy.actor.Director.initialize(Director.java:907)
	at ptolemy.actor.sched.StaticSchedulingDirector.initialize(StaticSchedulingDirector.java:159)
	at ptolemy.domains.sdf.kernel.SDFDirector.initialize(SDFDirector.java:544)
	at ptolemy.actor.CompositeActor.initialize(CompositeActor.java:935)
	at ptolemy.actor.lib.hoc.LifeCycleManager._executeInsideModel(LifeCycleManager.java:339)
	at ptolemy.actor.lib.hoc.RunCompositeActor.fire(RunCompositeActor.java:205)
	at ptolemy.actor.CompositeActor.iterate(CompositeActor.java:1146)
	at ptolemy.actor.sched.StaticSchedulingDirector.fire(StaticSchedulingDirector.java:216)
	at ptolemy.domains.sdf.kernel.SDFDirector.fire(SDFDirector.java:500)
	at ptolemy.actor.CompositeActor.fire(CompositeActor.java:455)
	at ptolemy.actor.Manager.iterate(Manager.java:851)
	at ptolemy.actor.Manager.execute(Manager.java:369)
	at ptolemy.actor.Manager.run(Manager.java:1263)
	at ptolemy.actor.Manager$PtolemyRunThread.run(Manager.java:1915)
]]></system-err>
</testsuite>
