<?xml version="1.0" encoding="UTF-8" ?>
<testsuite errors="0" failures="0" hostname="travis-job-fb7e7c49-95aa-4bc8-8713-7a529dd14bbe" name="ptolemy.domains.continuous.test.junit.JUnitTclTest" skipped="0" tests="155" time="77.343" timestamp="2018-10-01T02:19:26">
  <properties>
[...]
</properties>
  <testcase classname="ptolemy.util.test.junit.TclTests" name="[0] ThereAreNoTclTests (RunTclFile)" time="0.001" />
  <testcase classname="ptolemy.util.test.junit.AutoKnownFailedTests" name="[0] ThereAreNoKnowFailedTests (RunModel)" time="0.001" />
  <testcase classname="ptolemy.util.test.junit.AutoNameArchTests" name="[0] ThereAreNoAutoArchTests (RunModel)" time="0.001" />
  <testcase classname="ptolemy.util.test.junit.AutoTests" name="[0] /home/travis/build/icyphy/ptII/ptolemy/domains/continuous/test/auto/BouncingBall.xml (RunModel)" time="2.914" />
  <testcase classname="ptolemy.util.test.junit.AutoTests" name="[1] /home/travis/build/icyphy/ptII/ptolemy/domains/continuous/test/auto/BouncingBallWithoutGR.xml (RunModel)" time="0.969" />
  <testcase classname="ptolemy.util.test.junit.AutoTests" name="[2] /home/travis/build/icyphy/ptII/ptolemy/domains/continuous/test/auto/Brownian.xml (RunModel)" time="0.132" />
  <testcase classname="ptolemy.util.test.junit.AutoTests" name="[3] /home/travis/build/icyphy/ptII/ptolemy/domains/continuous/test/auto/CarTracking.xml (RunModel)" time="3.905" />
  <testcase classname="ptolemy.util.test.junit.AutoTests" name="[4] /home/travis/build/icyphy/ptII/ptolemy/domains/continuous/test/auto/CartPendulum.xml (RunModel)" time="0.546" />
  <testcase classname="ptolemy.util.test.junit.AutoTests" name="[5] /home/travis/build/icyphy/ptII/ptolemy/domains/continuous/test/auto/CausalityInterface10.xml (RunModel)" time="0.071" />
  <testcase classname="ptolemy.util.test.junit.AutoTests" name="[6] /home/travis/build/icyphy/ptII/ptolemy/domains/continuous/test/auto/CausalityInterface11.xml (RunModel)" time="0.04" />
  <testcase classname="ptolemy.util.test.junit.AutoTests" name="[7] /home/travis/build/icyphy/ptII/ptolemy/domains/continuous/test/auto/CausalityInterface12.xml (RunModel)" time="0.041" />
  <testcase classname="ptolemy.util.test.junit.AutoTests" name="[8] /home/travis/build/icyphy/ptII/ptolemy/domains/continuous/test/auto/CausalityInterface13.xml (RunModel)" time="0.039" />
  <testcase classname="ptolemy.util.test.junit.AutoTests" name="[9] /home/travis/build/icyphy/ptII/ptolemy/domains/continuous/test/auto/CausalityInterface14.xml (RunModel)" time="0.043" />
  <testcase classname="ptolemy.util.test.junit.AutoTests" name="[10] /home/travis/build/icyphy/ptII/ptolemy/domains/continuous/test/auto/CausalityInterface4.xml (RunModel)" time="0.035" />
  <testcase classname="ptolemy.util.test.junit.AutoTests" name="[11] /home/travis/build/icyphy/ptII/ptolemy/domains/continuous/test/auto/CausalityInterface5.xml (RunModel)" time="0.049" />
  <testcase classname="ptolemy.util.test.junit.AutoTests" name="[12] /home/travis/build/icyphy/ptII/ptolemy/domains/continuous/test/auto/CausalityInterface6.xml (RunModel)" time="0.022" />
  <testcase classname="ptolemy.util.test.junit.AutoTests" name="[13] /home/travis/build/icyphy/ptII/ptolemy/domains/continuous/test/auto/CausalityInterface7.xml (RunModel)" time="0.054" />
  <testcase classname="ptolemy.util.test.junit.AutoTests" name="[14] /home/travis/build/icyphy/ptII/ptolemy/domains/continuous/test/auto/CausalityInterface8.xml (RunModel)" time="0.039" />
  <testcase classname="ptolemy.util.test.junit.AutoTests" name="[15] /home/travis/build/icyphy/ptII/ptolemy/domains/continuous/test/auto/CausalityInterface9.xml (RunModel)" time="0.049" />
  <testcase classname="ptolemy.util.test.junit.AutoTests" name="[16] /home/travis/build/icyphy/ptII/ptolemy/domains/continuous/test/auto/CausalityInterfaceFeedback1.xml (RunModel)" time="0.031" />
  <testcase classname="ptolemy.util.test.junit.AutoTests" name="[17] /home/travis/build/icyphy/ptII/ptolemy/domains/continuous/test/auto/CausalityInterfaceFeedback2.xml (RunModel)" time="0.039" />
  <testcase classname="ptolemy.util.test.junit.AutoTests" name="[18] /home/travis/build/icyphy/ptII/ptolemy/domains/continuous/test/auto/CompareWithCurrentTime.xml (RunModel)" time="0.027" />
  <testcase classname="ptolemy.util.test.junit.AutoTests" name="[19] /home/travis/build/icyphy/ptII/ptolemy/domains/continuous/test/auto/ComparedClocks.xml (RunModel)" time="0.084" />
  <testcase classname="ptolemy.util.test.junit.AutoTests" name="[20] /home/travis/build/icyphy/ptII/ptolemy/domains/continuous/test/auto/ContinuousAOCClone.xml (RunModel)" time="2.744" />
  <testcase classname="ptolemy.util.test.junit.AutoTests" name="[21] /home/travis/build/icyphy/ptII/ptolemy/domains/continuous/test/auto/ContinuousClock.xml (RunModel)" time="0.1" />
  <testcase classname="ptolemy.util.test.junit.AutoTests" name="[22] /home/travis/build/icyphy/ptII/ptolemy/domains/continuous/test/auto/ContinuousInContinuous.xml (RunModel)" time="0.086" />
  <testcase classname="ptolemy.util.test.junit.AutoTests" name="[23] /home/travis/build/icyphy/ptII/ptolemy/domains/continuous/test/auto/ContinuousInContinuousInContinuous.xml (RunModel)" time="0.026" />
  <testcase classname="ptolemy.util.test.junit.AutoTests" name="[24] /home/travis/build/icyphy/ptII/ptolemy/domains/continuous/test/auto/ContinuousInDE.xml (RunModel)" time="0.122" />
  <testcase classname="ptolemy.util.test.junit.AutoTests" name="[25] /home/travis/build/icyphy/ptII/ptolemy/domains/continuous/test/auto/ContinuousInDE2.xml (RunModel)" time="0.062" />
  <testcase classname="ptolemy.util.test.junit.AutoTests" name="[26] /home/travis/build/icyphy/ptII/ptolemy/domains/continuous/test/auto/ContinuousInDE3.xml (RunModel)" time="0.072" />
  <testcase classname="ptolemy.util.test.junit.AutoTests" name="[27] /home/travis/build/icyphy/ptII/ptolemy/domains/continuous/test/auto/ContinuousInDE4.xml (RunModel)" time="0.042" />
  <testcase classname="ptolemy.util.test.junit.AutoTests" name="[28] /home/travis/build/icyphy/ptII/ptolemy/domains/continuous/test/auto/ContinuousInDEDifferentRefinements.xml (RunModel)" time="0.113" />
  <testcase classname="ptolemy.util.test.junit.AutoTests" name="[29] /home/travis/build/icyphy/ptII/ptolemy/domains/continuous/test/auto/ContinuousInDEDifferentRefinementsPreemptive.xml (RunModel)" time="0.095" />
  <testcase classname="ptolemy.util.test.junit.AutoTests" name="[30] /home/travis/build/icyphy/ptII/ptolemy/domains/continuous/test/auto/ContinuousInDEInContinuous2.xml (RunModel)" time="0.065" />
  <testcase classname="ptolemy.util.test.junit.AutoTests" name="[31] /home/travis/build/icyphy/ptII/ptolemy/domains/continuous/test/auto/ContinuousInDEInContinuous3.xml (RunModel)" time="0.089" />
  <testcase classname="ptolemy.util.test.junit.AutoTests" name="[32] /home/travis/build/icyphy/ptII/ptolemy/domains/continuous/test/auto/ContinuousInDEInput.xml (RunModel)" time="0.036" />
  <testcase classname="ptolemy.util.test.junit.AutoTests" name="[33] /home/travis/build/icyphy/ptII/ptolemy/domains/continuous/test/auto/ContinuousInDEInput2.xml (RunModel)" time="0.042" />
  <testcase classname="ptolemy.util.test.junit.AutoTests" name="[34] /home/travis/build/icyphy/ptII/ptolemy/domains/continuous/test/auto/ContinuousInDEInput3.xml (RunModel)" time="0.035" />
  <testcase classname="ptolemy.util.test.junit.AutoTests" name="[35] /home/travis/build/icyphy/ptII/ptolemy/domains/continuous/test/auto/ContinuousInDESharingRefinement.xml (RunModel)" time="0.19" />
  <testcase classname="ptolemy.util.test.junit.AutoTests" name="[36] /home/travis/build/icyphy/ptII/ptolemy/domains/continuous/test/auto/ContinuousInDEwithNoPorts.xml (RunModel)" time="0.018" />
  <testcase classname="ptolemy.util.test.junit.AutoTests" name="[37] /home/travis/build/icyphy/ptII/ptolemy/domains/continuous/test/auto/ContinuousInsideDE.xml (RunModel)" time="0.091" />
  <testcase classname="ptolemy.util.test.junit.AutoTests" name="[38] /home/travis/build/icyphy/ptII/ptolemy/domains/continuous/test/auto/ContinuousMerge1.xml (RunModel)" time="0.012" />
  <testcase classname="ptolemy.util.test.junit.AutoTests" name="[39] /home/travis/build/icyphy/ptII/ptolemy/domains/continuous/test/auto/ContinuousMerge2.xml (RunModel)" time="0.056" />
  <testcase classname="ptolemy.util.test.junit.AutoTests" name="[40] /home/travis/build/icyphy/ptII/ptolemy/domains/continuous/test/auto/ContinuousMerge3.xml (RunModel)" time="0.076" />
  <testcase classname="ptolemy.util.test.junit.AutoTests" name="[41] /home/travis/build/icyphy/ptII/ptolemy/domains/continuous/test/auto/ContinuousWithinContinuous.xml (RunModel)" time="0.06" />
  <testcase classname="ptolemy.util.test.junit.AutoTests" name="[42] /home/travis/build/icyphy/ptII/ptolemy/domains/continuous/test/auto/ContinuousWithinContinuous2.xml (RunModel)" time="0.097" />
  <testcase classname="ptolemy.util.test.junit.AutoTests" name="[43] /home/travis/build/icyphy/ptII/ptolemy/domains/continuous/test/auto/ContinuousWithinContinuous3.xml (RunModel)" time="0.031" />
  <testcase classname="ptolemy.util.test.junit.AutoTests" name="[44] /home/travis/build/icyphy/ptII/ptolemy/domains/continuous/test/auto/ContinuousWithinContinuous4.xml (RunModel)" time="0.093" />
  <testcase classname="ptolemy.util.test.junit.AutoTests" name="[45] /home/travis/build/icyphy/ptII/ptolemy/domains/continuous/test/auto/ContinuousWithinContinuous5.xml (RunModel)" time="0.031" />
  <testcase classname="ptolemy.util.test.junit.AutoTests" name="[46] /home/travis/build/icyphy/ptII/ptolemy/domains/continuous/test/auto/ContinuousWithinContinuous6.xml (RunModel)" time="0.031" />
  <testcase classname="ptolemy.util.test.junit.AutoTests" name="[47] /home/travis/build/icyphy/ptII/ptolemy/domains/continuous/test/auto/ContinuousWithinContinuous7.xml (RunModel)" time="0.075" />
  <testcase classname="ptolemy.util.test.junit.AutoTests" name="[48] /home/travis/build/icyphy/ptII/ptolemy/domains/continuous/test/auto/DCMotor.xml (RunModel)" time="14.617" />
  <testcase classname="ptolemy.util.test.junit.AutoTests" name="[49] /home/travis/build/icyphy/ptII/ptolemy/domains/continuous/test/auto/DEInContinuous.xml (RunModel)" time="0.017" />
  <testcase classname="ptolemy.util.test.junit.AutoTests" name="[50] /home/travis/build/icyphy/ptII/ptolemy/domains/continuous/test/auto/DEinContinuous2.xml (RunModel)" time="0.022" />
  <testcase classname="ptolemy.util.test.junit.AutoTests" name="[51] /home/travis/build/icyphy/ptII/ptolemy/domains/continuous/test/auto/Derivative.xml (RunModel)" time="0.183" />
  <testcase classname="ptolemy.util.test.junit.AutoTests" name="[52] /home/travis/build/icyphy/ptII/ptolemy/domains/continuous/test/auto/Derivative1.xml (RunModel)" time="0.046" />
  <testcase classname="ptolemy.util.test.junit.AutoTests" name="[53] /home/travis/build/icyphy/ptII/ptolemy/domains/continuous/test/auto/DiscreteClock.xml (RunModel)" time="0.014" />
  <testcase classname="ptolemy.util.test.junit.AutoTests" name="[54] /home/travis/build/icyphy/ptII/ptolemy/domains/continuous/test/auto/EfficiencyCurve.xml (RunModel)" time="0.082" />
  <testcase classname="ptolemy.util.test.junit.AutoTests" name="[55] /home/travis/build/icyphy/ptII/ptolemy/domains/continuous/test/auto/ExponentialResponse.xml (RunModel)" time="0.121" />
  <testcase classname="ptolemy.util.test.junit.AutoTests" name="[56] /home/travis/build/icyphy/ptII/ptolemy/domains/continuous/test/auto/ExponentialResponseRK45.xml (RunModel)" time="0.036" />
  <testcase classname="ptolemy.util.test.junit.AutoTests" name="[57] /home/travis/build/icyphy/ptII/ptolemy/domains/continuous/test/auto/Friction.xml (RunModel)" time="1.363" />
  <testcase classname="ptolemy.util.test.junit.AutoTests" name="[58] /home/travis/build/icyphy/ptII/ptolemy/domains/continuous/test/auto/FurutaPendulum.xml (RunModel)" time="3.907" />
  <testcase classname="ptolemy.util.test.junit.AutoTests" name="[59] /home/travis/build/icyphy/ptII/ptolemy/domains/continuous/test/auto/HierarchicalExecution.xml (RunModel)" time="2.348" />
  <testcase classname="ptolemy.util.test.junit.AutoTests" name="[60] /home/travis/build/icyphy/ptII/ptolemy/domains/continuous/test/auto/HybridPlant.xml (RunModel)" time="0.568" />
  <testcase classname="ptolemy.util.test.junit.AutoTests" name="[61] /home/travis/build/icyphy/ptII/ptolemy/domains/continuous/test/auto/Hysteresis.xml (RunModel)" time="0.196" />
  <testcase classname="ptolemy.util.test.junit.AutoTests" name="[62] /home/travis/build/icyphy/ptII/ptolemy/domains/continuous/test/auto/HysteresisWithRandomDelay.xml (RunModel)" time="0.208" />
  <testcase classname="ptolemy.util.test.junit.AutoTests" name="[63] /home/travis/build/icyphy/ptII/ptolemy/domains/continuous/test/auto/HysteresisWithRandomLosses.xml (RunModel)" time="2.473" />
  <testcase classname="ptolemy.util.test.junit.AutoTests" name="[64] /home/travis/build/icyphy/ptII/ptolemy/domains/continuous/test/auto/ImmediateTransitions.xml (RunModel)" time="0.039" />
  <testcase classname="ptolemy.util.test.junit.AutoTests" name="[65] /home/travis/build/icyphy/ptII/ptolemy/domains/continuous/test/auto/ImpulseFeedback.xml (RunModel)" time="0.023" />
  <testcase classname="ptolemy.util.test.junit.AutoTests" name="[66] /home/travis/build/icyphy/ptII/ptolemy/domains/continuous/test/auto/ImpulseFeedback2.xml (RunModel)" time="0.024" />
  <testcase classname="ptolemy.util.test.junit.AutoTests" name="[67] /home/travis/build/icyphy/ptII/ptolemy/domains/continuous/test/auto/IncreasingRatePoisson.xml (RunModel)" time="0.769" />
  <testcase classname="ptolemy.util.test.junit.AutoTests" name="[68] /home/travis/build/icyphy/ptII/ptolemy/domains/continuous/test/auto/InitialStateFeedback.xml (RunModel)" time="0.013" />
  <testcase classname="ptolemy.util.test.junit.AutoTests" name="[69] /home/travis/build/icyphy/ptII/ptolemy/domains/continuous/test/auto/Integration.xml (RunModel)" time="0.01" />
  <testcase classname="ptolemy.util.test.junit.AutoTests" name="[70] /home/travis/build/icyphy/ptII/ptolemy/domains/continuous/test/auto/Integration2.xml (RunModel)" time="0.094" />
  <testcase classname="ptolemy.util.test.junit.AutoTests" name="[71] /home/travis/build/icyphy/ptII/ptolemy/domains/continuous/test/auto/Integration3.xml (RunModel)" time="0.035" />
  <testcase classname="ptolemy.util.test.junit.AutoTests" name="[72] /home/travis/build/icyphy/ptII/ptolemy/domains/continuous/test/auto/Integration5.xml (RunModel)" time="0.012" />
  <testcase classname="ptolemy.util.test.junit.AutoTests" name="[73] /home/travis/build/icyphy/ptII/ptolemy/domains/continuous/test/auto/IntegratorImpulse.xml (RunModel)" time="0.011" />
  <testcase classname="ptolemy.util.test.junit.AutoTests" name="[74] /home/travis/build/icyphy/ptII/ptolemy/domains/continuous/test/auto/IntegratorImpulse2.xml (RunModel)" time="0.013" />
  <testcase classname="ptolemy.util.test.junit.AutoTests" name="[75] /home/travis/build/icyphy/ptII/ptolemy/domains/continuous/test/auto/LevelCrossing1.xml (RunModel)" time="0.013" />
  <testcase classname="ptolemy.util.test.junit.AutoTests" name="[76] /home/travis/build/icyphy/ptII/ptolemy/domains/continuous/test/auto/LevelCrossing2.xml (RunModel)" time="0.014" />
  <testcase classname="ptolemy.util.test.junit.AutoTests" name="[77] /home/travis/build/icyphy/ptII/ptolemy/domains/continuous/test/auto/LevelCrossing3.xml (RunModel)" time="0.013" />
  <testcase classname="ptolemy.util.test.junit.AutoTests" name="[78] /home/travis/build/icyphy/ptII/ptolemy/domains/continuous/test/auto/LevelCrossing4.xml (RunModel)" time="0.015" />
  <testcase classname="ptolemy.util.test.junit.AutoTests" name="[79] /home/travis/build/icyphy/ptII/ptolemy/domains/continuous/test/auto/LevelCrossing5.xml (RunModel)" time="0.014" />
  <testcase classname="ptolemy.util.test.junit.AutoTests" name="[80] /home/travis/build/icyphy/ptII/ptolemy/domains/continuous/test/auto/LevelCrossing6.xml (RunModel)" time="0.014" />
  <testcase classname="ptolemy.util.test.junit.AutoTests" name="[81] /home/travis/build/icyphy/ptII/ptolemy/domains/continuous/test/auto/LevelCrossingDetector.xml (RunModel)" time="0.04" />
  <testcase classname="ptolemy.util.test.junit.AutoTests" name="[82] /home/travis/build/icyphy/ptII/ptolemy/domains/continuous/test/auto/LevelCrossingDetectorDetectingDirections.xml (RunModel)" time="0.085" />
  <testcase classname="ptolemy.util.test.junit.AutoTests" name="[83] /home/travis/build/icyphy/ptII/ptolemy/domains/continuous/test/auto/LevelCrossingDetectorDetectsGlitches.xml (RunModel)" time="0.059" />
  <testcase classname="ptolemy.util.test.junit.AutoTests" name="[84] /home/travis/build/icyphy/ptII/ptolemy/domains/continuous/test/auto/LevelCrossingNoInitialOuput.xml (RunModel)" time="0.011" />
  <testcase classname="ptolemy.util.test.junit.AutoTests" name="[85] /home/travis/build/icyphy/ptII/ptolemy/domains/continuous/test/auto/LinearStateSpaceExample.xml (RunModel)" time="0.035" />
  <testcase classname="ptolemy.util.test.junit.AutoTests" name="[86] /home/travis/build/icyphy/ptII/ptolemy/domains/continuous/test/auto/Lorenz.xml (RunModel)" time="4.729" />
  <testcase classname="ptolemy.util.test.junit.AutoTests" name="[87] /home/travis/build/icyphy/ptII/ptolemy/domains/continuous/test/auto/LorenzDifferentialSystem.xml (RunModel)" time="1.031" />
  <testcase classname="ptolemy.util.test.junit.AutoTests" name="[88] /home/travis/build/icyphy/ptII/ptolemy/domains/continuous/test/auto/LorenzDifferentialSystemWithInput.xml (RunModel)" time="1.6" />
  <testcase classname="ptolemy.util.test.junit.AutoTests" name="[89] /home/travis/build/icyphy/ptII/ptolemy/domains/continuous/test/auto/LorenzDifferentialSystemWithTime.xml (RunModel)" time="0.835" />
  <testcase classname="ptolemy.util.test.junit.AutoTests" name="[90] /home/travis/build/icyphy/ptII/ptolemy/domains/continuous/test/auto/Microsteps.xml (RunModel)" time="0.04" />
  <testcase classname="ptolemy.util.test.junit.AutoTests" name="[91] /home/travis/build/icyphy/ptII/ptolemy/domains/continuous/test/auto/Modal1.xml (RunModel)" time="0.048" />
  <testcase classname="ptolemy.util.test.junit.AutoTests" name="[92] /home/travis/build/icyphy/ptII/ptolemy/domains/continuous/test/auto/Modal2.xml (RunModel)" time="0.051" />
  <testcase classname="ptolemy.util.test.junit.AutoTests" name="[93] /home/travis/build/icyphy/ptII/ptolemy/domains/continuous/test/auto/ModalTransitionGuardWithReset.xml (RunModel)" time="0.027" />
  <testcase classname="ptolemy.util.test.junit.AutoTests" name="[94] /home/travis/build/icyphy/ptII/ptolemy/domains/continuous/test/auto/ModalTransitionGuardWithResetUsingPreemptiveTransition.xml (RunModel)" time="0.038" />
  <testcase classname="ptolemy.util.test.junit.AutoTests" name="[95] /home/travis/build/icyphy/ptII/ptolemy/domains/continuous/test/auto/ModalTransitionGuardWithResetUsingPreemptiveTransition2.xml (RunModel)" time="0.033" />
  <testcase classname="ptolemy.util.test.junit.AutoTests" name="[96] /home/travis/build/icyphy/ptII/ptolemy/domains/continuous/test/auto/ModalTransitionGuardWithResetUsingPreemptiveTransition3.xml (RunModel)" time="0.032" />
  <testcase classname="ptolemy.util.test.junit.AutoTests" name="[97] /home/travis/build/icyphy/ptII/ptolemy/domains/continuous/test/auto/NewtonsCradle.xml (RunModel)" time="0.866" />
  <testcase classname="ptolemy.util.test.junit.AutoTests" name="[98] /home/travis/build/icyphy/ptII/ptolemy/domains/continuous/test/auto/NewtonsCradleAnimated.xml (RunModel)" time="1.327" />
  <testcase classname="ptolemy.util.test.junit.AutoTests" name="[99] /home/travis/build/icyphy/ptII/ptolemy/domains/continuous/test/auto/NewtonsCradleComplicated.xml (RunModel)" time="0.914" />
  <testcase classname="ptolemy.util.test.junit.AutoTests" name="[100] /home/travis/build/icyphy/ptII/ptolemy/domains/continuous/test/auto/NewtonsCradleNondeterministic.xml (RunModel)" time="0.783" />
  <testcase classname="ptolemy.util.test.junit.AutoTests" name="[101] /home/travis/build/icyphy/ptII/ptolemy/domains/continuous/test/auto/NewtonsCradlePerfectlyInelastic1.xml (RunModel)" time="1.425" />
  <testcase classname="ptolemy.util.test.junit.AutoTests" name="[102] /home/travis/build/icyphy/ptII/ptolemy/domains/continuous/test/auto/Noise.xml (RunModel)" time="0.179" />
  <testcase classname="ptolemy.util.test.junit.AutoTests" name="[103] /home/travis/build/icyphy/ptII/ptolemy/domains/continuous/test/auto/NoiseSpectrum.xml (RunModel)" time="0.823" />
  <testcase classname="ptolemy.util.test.junit.AutoTests" name="[104] /home/travis/build/icyphy/ptII/ptolemy/domains/continuous/test/auto/ParameterizedNewtonsCradleAnimated.xml (RunModel)" time="0.396" />
  <testcase classname="ptolemy.util.test.junit.AutoTests" name="[105] /home/travis/build/icyphy/ptII/ptolemy/domains/continuous/test/auto/ParameterizedNewtonsCradleAnimatedNondeterministic.xml (RunModel)" time="1.199" />
  <testcase classname="ptolemy.util.test.junit.AutoTests" name="[106] /home/travis/build/icyphy/ptII/ptolemy/domains/continuous/test/auto/Pendulum3D.xml (RunModel)" time="0.173" />
  <testcase classname="ptolemy.util.test.junit.AutoTests" name="[107] /home/travis/build/icyphy/ptII/ptolemy/domains/continuous/test/auto/PeriodicSampler.xml (RunModel)" time="0.009" />
  <testcase classname="ptolemy.util.test.junit.AutoTests" name="[108] /home/travis/build/icyphy/ptII/ptolemy/domains/continuous/test/auto/PeriodicSampler1.xml (RunModel)" time="0.044" />
  <testcase classname="ptolemy.util.test.junit.AutoTests" name="[109] /home/travis/build/icyphy/ptII/ptolemy/domains/continuous/test/auto/PeriodicSampler2.xml (RunModel)" time="0.08" />
  <testcase classname="ptolemy.util.test.junit.AutoTests" name="[110] /home/travis/build/icyphy/ptII/ptolemy/domains/continuous/test/auto/Poisson.xml (RunModel)" time="0.41" />
  <testcase classname="ptolemy.util.test.junit.AutoTests" name="[111] /home/travis/build/icyphy/ptII/ptolemy/domains/continuous/test/auto/PoissonClock.xml (RunModel)" time="0.011" />
  <testcase classname="ptolemy.util.test.junit.AutoTests" name="[112] /home/travis/build/icyphy/ptII/ptolemy/domains/continuous/test/auto/PoissonClock2.xml (RunModel)" time="0.012" />
  <testcase classname="ptolemy.util.test.junit.AutoTests" name="[113] /home/travis/build/icyphy/ptII/ptolemy/domains/continuous/test/auto/PortParameterHierarchy.xml (RunModel)" time="0.018" />
  <testcase classname="ptolemy.util.test.junit.AutoTests" name="[114] /home/travis/build/icyphy/ptII/ptolemy/domains/continuous/test/auto/RandomHybridPlant.xml (RunModel)" time="0.538" />
  <testcase classname="ptolemy.util.test.junit.AutoTests" name="[115] /home/travis/build/icyphy/ptII/ptolemy/domains/continuous/test/auto/ResetTransitionWithStartTime1.xml (RunModel)" time="0.03" />
  <testcase classname="ptolemy.util.test.junit.AutoTests" name="[116] /home/travis/build/icyphy/ptII/ptolemy/domains/continuous/test/auto/ResetTransitionWithStartTime2.xml (RunModel)" time="0.035" />
  <testcase classname="ptolemy.util.test.junit.AutoTests" name="[117] /home/travis/build/icyphy/ptII/ptolemy/domains/continuous/test/auto/ResetTransitionWithStartTime3.xml (RunModel)" time="0.042" />
  <testcase classname="ptolemy.util.test.junit.AutoTests" name="[118] /home/travis/build/icyphy/ptII/ptolemy/domains/continuous/test/auto/ResetTransitionWithStartTime4.xml (RunModel)" time="0.022" />
  <testcase classname="ptolemy.util.test.junit.AutoTests" name="[119] /home/travis/build/icyphy/ptII/ptolemy/domains/continuous/test/auto/ResetTransitionWithStartTime5.xml (RunModel)" time="0.037" />
  <testcase classname="ptolemy.util.test.junit.AutoTests" name="[120] /home/travis/build/icyphy/ptII/ptolemy/domains/continuous/test/auto/ResetTransitionWithStartTime6.xml (RunModel)" time="0.025" />
  <testcase classname="ptolemy.util.test.junit.AutoTests" name="[121] /home/travis/build/icyphy/ptII/ptolemy/domains/continuous/test/auto/SRinContinuous.xml (RunModel)" time="0.03" />
  <testcase classname="ptolemy.util.test.junit.AutoTests" name="[122] /home/travis/build/icyphy/ptII/ptolemy/domains/continuous/test/auto/SampledClocks.xml (RunModel)" time="0.042" />
  <testcase classname="ptolemy.util.test.junit.AutoTests" name="[123] /home/travis/build/icyphy/ptII/ptolemy/domains/continuous/test/auto/Satellite.xml (RunModel)" time="0.946" />
  <testcase classname="ptolemy.util.test.junit.AutoTests" name="[124] /home/travis/build/icyphy/ptII/ptolemy/domains/continuous/test/auto/SigmaDelta.xml (RunModel)" time="2.616" />
  <testcase classname="ptolemy.util.test.junit.AutoTests" name="[125] /home/travis/build/icyphy/ptII/ptolemy/domains/continuous/test/auto/SinuBouncingBall.xml (RunModel)" time="0.791" />
  <testcase classname="ptolemy.util.test.junit.AutoTests" name="[126] /home/travis/build/icyphy/ptII/ptolemy/domains/continuous/test/auto/Sinusoid.xml (RunModel)" time="0.014" />
  <testcase classname="ptolemy.util.test.junit.AutoTests" name="[127] /home/travis/build/icyphy/ptII/ptolemy/domains/continuous/test/auto/SinusoidInNoise.xml (RunModel)" time="0.942" />
  <testcase classname="ptolemy.util.test.junit.AutoTests" name="[128] /home/travis/build/icyphy/ptII/ptolemy/domains/continuous/test/auto/SinusoidRK45.xml (RunModel)" time="0.017" />
  <testcase classname="ptolemy.util.test.junit.AutoTests" name="[129] /home/travis/build/icyphy/ptII/ptolemy/domains/continuous/test/auto/SinusoidWithMultipleImpulses.xml (RunModel)" time="0.018" />
  <testcase classname="ptolemy.util.test.junit.AutoTests" name="[130] /home/travis/build/icyphy/ptII/ptolemy/domains/continuous/test/auto/SquareWave.xml (RunModel)" time="0.249" />
  <testcase classname="ptolemy.util.test.junit.AutoTests" name="[131] /home/travis/build/icyphy/ptII/ptolemy/domains/continuous/test/auto/Starmac.xml (RunModel)" time="3.415" />
  <testcase classname="ptolemy.util.test.junit.AutoTests" name="[132] /home/travis/build/icyphy/ptII/ptolemy/domains/continuous/test/auto/StaticUnits.xml (RunModel)" time="2.601" />
  <testcase classname="ptolemy.util.test.junit.AutoTests" name="[133] /home/travis/build/icyphy/ptII/ptolemy/domains/continuous/test/auto/StickyMasses.xml (RunModel)" time="0.228" />
  <testcase classname="ptolemy.util.test.junit.AutoTests" name="[134] /home/travis/build/icyphy/ptII/ptolemy/domains/continuous/test/auto/StopTime.xml (RunModel)" time="0.066" />
  <testcase classname="ptolemy.util.test.junit.AutoTests" name="[135] /home/travis/build/icyphy/ptII/ptolemy/domains/continuous/test/auto/StopTime2.xml (RunModel)" time="0.067" />
  <testcase classname="ptolemy.util.test.junit.AutoTests" name="[136] /home/travis/build/icyphy/ptII/ptolemy/domains/continuous/test/auto/Switch.xml (RunModel)" time="0.059" />
  <testcase classname="ptolemy.util.test.junit.AutoTests" name="[137] /home/travis/build/icyphy/ptII/ptolemy/domains/continuous/test/auto/Thermostat.xml (RunModel)" time="0.215" />
  <testcase classname="ptolemy.util.test.junit.AutoTests" name="[138] /home/travis/build/icyphy/ptII/ptolemy/domains/continuous/test/auto/TimeDelay.xml (RunModel)" time="0.013" />
  <testcase classname="ptolemy.util.test.junit.AutoTests" name="[139] /home/travis/build/icyphy/ptII/ptolemy/domains/continuous/test/auto/TimeDelay2.xml (RunModel)" time="0.025" />
  <testcase classname="ptolemy.util.test.junit.AutoTests" name="[140] /home/travis/build/icyphy/ptII/ptolemy/domains/continuous/test/auto/TimeDelay3.xml (RunModel)" time="0.013" />
  <testcase classname="ptolemy.util.test.junit.AutoTests" name="[141] /home/travis/build/icyphy/ptII/ptolemy/domains/continuous/test/auto/TransferAbsentToInside.xml (RunModel)" time="0.107" />
  <testcase classname="ptolemy.util.test.junit.AutoTests" name="[142] /home/travis/build/icyphy/ptII/ptolemy/domains/continuous/test/auto/Transmission.xml (RunModel)" time="0.776" />
  <testcase classname="ptolemy.util.test.junit.AutoTests" name="[143] /home/travis/build/icyphy/ptII/ptolemy/domains/continuous/test/auto/TriggeredContinuousClock.xml (RunModel)" time="0.069" />
  <testcase classname="ptolemy.util.test.junit.AutoTests" name="[144] /home/travis/build/icyphy/ptII/ptolemy/domains/continuous/test/auto/TwoMachineInfiniteBusControl.xml (RunModel)" time="2.86" />
  <testcase classname="ptolemy.util.test.junit.AutoTests" name="[145] /home/travis/build/icyphy/ptII/ptolemy/domains/continuous/test/auto/V2V.xml (RunModel)" time="0.839" />
  <testcase classname="ptolemy.util.test.junit.AutoTests" name="[146] /home/travis/build/icyphy/ptII/ptolemy/domains/continuous/test/auto/hierarchicalModalModel.xml (RunModel)" time="0.033" />
  <testcase classname="ptolemy.util.test.junit.AutoTests" name="[147] /home/travis/build/icyphy/ptII/ptolemy/domains/continuous/test/auto/hierarchicalModalModel1.xml (RunModel)" time="0.034" />
  <testcase classname="ptolemy.util.test.junit.AutoTests" name="[148] /home/travis/build/icyphy/ptII/ptolemy/domains/continuous/test/auto/hierarchicalModalModel2.xml (RunModel)" time="0.032" />
  <testcase classname="ptolemy.util.test.junit.AutoTests" name="[149] /home/travis/build/icyphy/ptII/ptolemy/domains/continuous/test/auto/hierarchicalModalModel3.xml (RunModel)" time="0.027" />
  <testcase classname="ptolemy.util.test.junit.AutoTests" name="[150] /home/travis/build/icyphy/ptII/ptolemy/domains/continuous/test/auto/hierarchicalModalModel4.xml (RunModel)" time="0.027" />
  <testcase classname="ptolemy.util.test.junit.AutoTests" name="[151] /home/travis/build/icyphy/ptII/ptolemy/domains/continuous/test/auto/junk.xml (RunModel)" time="0.16" />
  <system-out><![CDATA[No tcl tests in /home/travis/build/icyphy/ptII/ptolemy/domains/continuous/test
No auto/knownFailedTests/*.xml tests in /home/travis/build/icyphy/ptII/ptolemy/domains/continuous/test
No auto/linux-amd64/*.xml tests in /home/travis/build/icyphy/ptII/ptolemy/domains/continuous/test
AutoTests.java: About to close Vertx.
AutoTests.java: Vertx closed.

===========================================================================================
----------------- testing Mon Oct 01 02:19:27 UTC 2018 /home/travis/build/icyphy/ptII/ptolemy/domains/continuous/test/auto/BouncingBall.xml
----------------- Instantiating /home/travis/build/icyphy/ptII/ptolemy/domains/continuous/test/auto/BouncingBall.xml
2460 ms. Memory: 331776K Free: 259722K (78%)
----------------- Invoking toplevel() on ptolemy.moml.MoMLSimpleApplication@33421771
----------------- Done invoking toplevel() on ptolemy.moml.MoMLSimpleApplication@33421771
reloadAllAccessors: .BouncingBall

===========================================================================================
----------------- testing Mon Oct 01 02:19:29 UTC 2018 /home/travis/build/icyphy/ptII/ptolemy/domains/continuous/test/auto/BouncingBallWithoutGR.xml
----------------- Instantiating /home/travis/build/icyphy/ptII/ptolemy/domains/continuous/test/auto/BouncingBallWithoutGR.xml
836 ms. Memory: 331776K Free: 318131K (96%)
----------------- Invoking toplevel() on ptolemy.moml.MoMLSimpleApplication@56430dd1
----------------- Done invoking toplevel() on ptolemy.moml.MoMLSimpleApplication@56430dd1
reloadAllAccessors: .BouncingBallWithoutGR

===========================================================================================
----------------- testing Mon Oct 01 02:19:30 UTC 2018 /home/travis/build/icyphy/ptII/ptolemy/domains/continuous/test/auto/Brownian.xml
----------------- Instantiating /home/travis/build/icyphy/ptII/ptolemy/domains/continuous/test/auto/Brownian.xml
42 ms. Memory: 331776K Free: 304235K (92%)
----------------- Invoking toplevel() on ptolemy.moml.MoMLSimpleApplication@3143e7d5
----------------- Done invoking toplevel() on ptolemy.moml.MoMLSimpleApplication@3143e7d5
reloadAllAccessors: .Brownian

===========================================================================================
----------------- testing Mon Oct 01 02:19:31 UTC 2018 /home/travis/build/icyphy/ptII/ptolemy/domains/continuous/test/auto/CarTracking.xml
----------------- Instantiating /home/travis/build/icyphy/ptII/ptolemy/domains/continuous/test/auto/CarTracking.xml
3454 ms. Memory: 578048K Free: 441828K (76%)
----------------- Invoking toplevel() on ptolemy.moml.MoMLSimpleApplication@496f8d37
----------------- Done invoking toplevel() on ptolemy.moml.MoMLSimpleApplication@496f8d37
reloadAllAccessors: .CarTracking

===========================================================================================
----------------- testing Mon Oct 01 02:19:34 UTC 2018 /home/travis/build/icyphy/ptII/ptolemy/domains/continuous/test/auto/CartPendulum.xml
----------------- Instantiating /home/travis/build/icyphy/ptII/ptolemy/domains/continuous/test/auto/CartPendulum.xml
396 ms. Memory: 578048K Free: 337308K (58%)
----------------- Invoking toplevel() on ptolemy.moml.MoMLSimpleApplication@7119fd44
----------------- Done invoking toplevel() on ptolemy.moml.MoMLSimpleApplication@7119fd44
reloadAllAccessors: .CartPendulum

===========================================================================================
----------------- testing Mon Oct 01 02:19:35 UTC 2018 /home/travis/build/icyphy/ptII/ptolemy/domains/continuous/test/auto/CausalityInterface10.xml
----------------- Instantiating /home/travis/build/icyphy/ptII/ptolemy/domains/continuous/test/auto/CausalityInterface10.xml
17 ms. Memory: 578048K Free: 320925K (56%)
----------------- Invoking toplevel() on ptolemy.moml.MoMLSimpleApplication@71d1831b
----------------- Done invoking toplevel() on ptolemy.moml.MoMLSimpleApplication@71d1831b
reloadAllAccessors: .CausalityInterface10

===========================================================================================
----------------- testing Mon Oct 01 02:19:35 UTC 2018 /home/travis/build/icyphy/ptII/ptolemy/domains/continuous/test/auto/CausalityInterface11.xml
----------------- Instantiating /home/travis/build/icyphy/ptII/ptolemy/domains/continuous/test/auto/CausalityInterface11.xml
9 ms. Memory: 578048K Free: 311089K (54%)
----------------- Invoking toplevel() on ptolemy.moml.MoMLSimpleApplication@5655e468
----------------- Done invoking toplevel() on ptolemy.moml.MoMLSimpleApplication@5655e468
reloadAllAccessors: .CausalityInterface11

===========================================================================================
----------------- testing Mon Oct 01 02:19:35 UTC 2018 /home/travis/build/icyphy/ptII/ptolemy/domains/continuous/test/auto/CausalityInterface12.xml
----------------- Instantiating /home/travis/build/icyphy/ptII/ptolemy/domains/continuous/test/auto/CausalityInterface12.xml
10 ms. Memory: 578048K Free: 301261K (52%)
----------------- Invoking toplevel() on ptolemy.moml.MoMLSimpleApplication@60d08d4d
----------------- Done invoking toplevel() on ptolemy.moml.MoMLSimpleApplication@60d08d4d
reloadAllAccessors: .CausalityInterface12

===========================================================================================
----------------- testing Mon Oct 01 02:19:35 UTC 2018 /home/travis/build/icyphy/ptII/ptolemy/domains/continuous/test/auto/CausalityInterface13.xml
----------------- Instantiating /home/travis/build/icyphy/ptII/ptolemy/domains/continuous/test/auto/CausalityInterface13.xml
7 ms. Memory: 578048K Free: 288266K (50%)
----------------- Invoking toplevel() on ptolemy.moml.MoMLSimpleApplication@6f4e5985
----------------- Done invoking toplevel() on ptolemy.moml.MoMLSimpleApplication@6f4e5985
reloadAllAccessors: .CausalityInterface13

===========================================================================================
----------------- testing Mon Oct 01 02:19:35 UTC 2018 /home/travis/build/icyphy/ptII/ptolemy/domains/continuous/test/auto/CausalityInterface14.xml
----------------- Instantiating /home/travis/build/icyphy/ptII/ptolemy/domains/continuous/test/auto/CausalityInterface14.xml
8 ms. Memory: 578048K Free: 278445K (48%)
----------------- Invoking toplevel() on ptolemy.moml.MoMLSimpleApplication@54a6a8bd
----------------- Done invoking toplevel() on ptolemy.moml.MoMLSimpleApplication@54a6a8bd
reloadAllAccessors: .CausalityInterface14

===========================================================================================
----------------- testing Mon Oct 01 02:19:35 UTC 2018 /home/travis/build/icyphy/ptII/ptolemy/domains/continuous/test/auto/CausalityInterface4.xml
----------------- Instantiating /home/travis/build/icyphy/ptII/ptolemy/domains/continuous/test/auto/CausalityInterface4.xml
2 ms. Memory: 578048K Free: 268617K (46%)
----------------- Invoking toplevel() on ptolemy.moml.MoMLSimpleApplication@3915d4e2
----------------- Done invoking toplevel() on ptolemy.moml.MoMLSimpleApplication@3915d4e2
reloadAllAccessors: .CausalityInterface4

===========================================================================================
----------------- testing Mon Oct 01 02:19:35 UTC 2018 /home/travis/build/icyphy/ptII/ptolemy/domains/continuous/test/auto/CausalityInterface5.xml
----------------- Instantiating /home/travis/build/icyphy/ptII/ptolemy/domains/continuous/test/auto/CausalityInterface5.xml
8 ms. Memory: 578048K Free: 255507K (44%)
----------------- Invoking toplevel() on ptolemy.moml.MoMLSimpleApplication@604ef701
----------------- Done invoking toplevel() on ptolemy.moml.MoMLSimpleApplication@604ef701
reloadAllAccessors: .CausalityInterface5

===========================================================================================
----------------- testing Mon Oct 01 02:19:35 UTC 2018 /home/travis/build/icyphy/ptII/ptolemy/domains/continuous/test/auto/CausalityInterface6.xml
----------------- Instantiating /home/travis/build/icyphy/ptII/ptolemy/domains/continuous/test/auto/CausalityInterface6.xml
2 ms. Memory: 578048K Free: 242512K (42%)
----------------- Invoking toplevel() on ptolemy.moml.MoMLSimpleApplication@5b87eb22
----------------- Done invoking toplevel() on ptolemy.moml.MoMLSimpleApplication@5b87eb22
reloadAllAccessors: .CausalityInterface6

===========================================================================================
----------------- testing Mon Oct 01 02:19:35 UTC 2018 /home/travis/build/icyphy/ptII/ptolemy/domains/continuous/test/auto/CausalityInterface7.xml
----------------- Instantiating /home/travis/build/icyphy/ptII/ptolemy/domains/continuous/test/auto/CausalityInterface7.xml
13 ms. Memory: 578048K Free: 229419K (40%)
----------------- Invoking toplevel() on ptolemy.moml.MoMLSimpleApplication@4955f692
----------------- Done invoking toplevel() on ptolemy.moml.MoMLSimpleApplication@4955f692
reloadAllAccessors: .CausalityInterface7

===========================================================================================
----------------- testing Mon Oct 01 02:19:35 UTC 2018 /home/travis/build/icyphy/ptII/ptolemy/domains/continuous/test/auto/CausalityInterface8.xml
----------------- Instantiating /home/travis/build/icyphy/ptII/ptolemy/domains/continuous/test/auto/CausalityInterface8.xml
6 ms. Memory: 578048K Free: 216317K (37%)
----------------- Invoking toplevel() on ptolemy.moml.MoMLSimpleApplication@2a35b060
----------------- Done invoking toplevel() on ptolemy.moml.MoMLSimpleApplication@2a35b060
reloadAllAccessors: .CausalityInterface8

===========================================================================================
----------------- testing Mon Oct 01 02:19:35 UTC 2018 /home/travis/build/icyphy/ptII/ptolemy/domains/continuous/test/auto/CausalityInterface9.xml
----------------- Instantiating /home/travis/build/icyphy/ptII/ptolemy/domains/continuous/test/auto/CausalityInterface9.xml
8 ms. Memory: 578048K Free: 199926K (35%)
----------------- Invoking toplevel() on ptolemy.moml.MoMLSimpleApplication@57286945
----------------- Done invoking toplevel() on ptolemy.moml.MoMLSimpleApplication@57286945
reloadAllAccessors: .CausalityInterface9

===========================================================================================
----------------- testing Mon Oct 01 02:19:36 UTC 2018 /home/travis/build/icyphy/ptII/ptolemy/domains/continuous/test/auto/CausalityInterfaceFeedback1.xml
----------------- Instantiating /home/travis/build/icyphy/ptII/ptolemy/domains/continuous/test/auto/CausalityInterfaceFeedback1.xml
6 ms. Memory: 578048K Free: 186946K (32%)
----------------- Invoking toplevel() on ptolemy.moml.MoMLSimpleApplication@1628fb94
----------------- Done invoking toplevel() on ptolemy.moml.MoMLSimpleApplication@1628fb94
reloadAllAccessors: .CausalityInterfaceFeedback1

===========================================================================================
----------------- testing Mon Oct 01 02:19:36 UTC 2018 /home/travis/build/icyphy/ptII/ptolemy/domains/continuous/test/auto/CausalityInterfaceFeedback2.xml
----------------- Instantiating /home/travis/build/icyphy/ptII/ptolemy/domains/continuous/test/auto/CausalityInterfaceFeedback2.xml
5 ms. Memory: 578048K Free: 177110K (31%)
----------------- Invoking toplevel() on ptolemy.moml.MoMLSimpleApplication@57c8446b
----------------- Done invoking toplevel() on ptolemy.moml.MoMLSimpleApplication@57c8446b
reloadAllAccessors: .CausalityInterfaceFeedback2

===========================================================================================
----------------- testing Mon Oct 01 02:19:36 UTC 2018 /home/travis/build/icyphy/ptII/ptolemy/domains/continuous/test/auto/CompareWithCurrentTime.xml
----------------- Instantiating /home/travis/build/icyphy/ptII/ptolemy/domains/continuous/test/auto/CompareWithCurrentTime.xml
3 ms. Memory: 578048K Free: 170563K (30%)
----------------- Invoking toplevel() on ptolemy.moml.MoMLSimpleApplication@2c5306bc
----------------- Done invoking toplevel() on ptolemy.moml.MoMLSimpleApplication@2c5306bc
reloadAllAccessors: .CompareWithCurrentTime

===========================================================================================
----------------- testing Mon Oct 01 02:19:36 UTC 2018 /home/travis/build/icyphy/ptII/ptolemy/domains/continuous/test/auto/ComparedClocks.xml
----------------- Instantiating /home/travis/build/icyphy/ptII/ptolemy/domains/continuous/test/auto/ComparedClocks.xml
7 ms. Memory: 578048K Free: 150899K (26%)
----------------- Invoking toplevel() on ptolemy.moml.MoMLSimpleApplication@2789328d
----------------- Done invoking toplevel() on ptolemy.moml.MoMLSimpleApplication@2789328d
reloadAllAccessors: .ComparedClocks

===========================================================================================
----------------- testing Mon Oct 01 02:19:36 UTC 2018 /home/travis/build/icyphy/ptII/ptolemy/domains/continuous/test/auto/ContinuousAOCClone.xml
----------------- Instantiating /home/travis/build/icyphy/ptII/ptolemy/domains/continuous/test/auto/ContinuousAOCClone.xml
2524 ms. Memory: 872448K Free: 418480K (48%)
----------------- Invoking toplevel() on ptolemy.moml.MoMLSimpleApplication@773726a
----------------- Done invoking toplevel() on ptolemy.moml.MoMLSimpleApplication@773726a
reloadAllAccessors: .ContinuousAOCClone

===========================================================================================
----------------- testing Mon Oct 01 02:19:38 UTC 2018 /home/travis/build/icyphy/ptII/ptolemy/domains/continuous/test/auto/ContinuousClock.xml
----------------- Instantiating /home/travis/build/icyphy/ptII/ptolemy/domains/continuous/test/auto/ContinuousClock.xml
34 ms. Memory: 872448K Free: 383956K (44%)
----------------- Invoking toplevel() on ptolemy.moml.MoMLSimpleApplication@7bbc56ef
----------------- Done invoking toplevel() on ptolemy.moml.MoMLSimpleApplication@7bbc56ef
reloadAllAccessors: .ContinuousClock

===========================================================================================
----------------- testing Mon Oct 01 02:19:39 UTC 2018 /home/travis/build/icyphy/ptII/ptolemy/domains/continuous/test/auto/ContinuousInContinuous.xml
----------------- Instantiating /home/travis/build/icyphy/ptII/ptolemy/domains/continuous/test/auto/ContinuousInContinuous.xml
46 ms. Memory: 872448K Free: 356418K (41%)
----------------- Invoking toplevel() on ptolemy.moml.MoMLSimpleApplication@50fdf8bc
----------------- Done invoking toplevel() on ptolemy.moml.MoMLSimpleApplication@50fdf8bc
reloadAllAccessors: .ContinuousInContinuous

===========================================================================================
----------------- testing Mon Oct 01 02:19:39 UTC 2018 /home/travis/build/icyphy/ptII/ptolemy/domains/continuous/test/auto/ContinuousInContinuousInContinuous.xml
----------------- Instantiating /home/travis/build/icyphy/ptII/ptolemy/domains/continuous/test/auto/ContinuousInContinuousInContinuous.xml
6 ms. Memory: 872448K Free: 344637K (40%)
----------------- Invoking toplevel() on ptolemy.moml.MoMLSimpleApplication@211def1a
----------------- Done invoking toplevel() on ptolemy.moml.MoMLSimpleApplication@211def1a
reloadAllAccessors: .ContinuousInContinuousInContinuous

===========================================================================================
----------------- testing Mon Oct 01 02:19:39 UTC 2018 /home/travis/build/icyphy/ptII/ptolemy/domains/continuous/test/auto/ContinuousInDE.xml
----------------- Instantiating /home/travis/build/icyphy/ptII/ptolemy/domains/continuous/test/auto/ContinuousInDE.xml
83 ms. Memory: 872448K Free: 328913K (38%)
----------------- Invoking toplevel() on ptolemy.moml.MoMLSimpleApplication@76b60111
----------------- Done invoking toplevel() on ptolemy.moml.MoMLSimpleApplication@76b60111
reloadAllAccessors: .ContinuousInDE

===========================================================================================
----------------- testing Mon Oct 01 02:19:39 UTC 2018 /home/travis/build/icyphy/ptII/ptolemy/domains/continuous/test/auto/ContinuousInDE2.xml
----------------- Instantiating /home/travis/build/icyphy/ptII/ptolemy/domains/continuous/test/auto/ContinuousInDE2.xml
43 ms. Memory: 872448K Free: 309771K (36%)
----------------- Invoking toplevel() on ptolemy.moml.MoMLSimpleApplication@50602874
----------------- Done invoking toplevel() on ptolemy.moml.MoMLSimpleApplication@50602874
reloadAllAccessors: .ContinuousInDE2

===========================================================================================
----------------- testing Mon Oct 01 02:19:39 UTC 2018 /home/travis/build/icyphy/ptII/ptolemy/domains/continuous/test/auto/ContinuousInDE3.xml
----------------- Instantiating /home/travis/build/icyphy/ptII/ptolemy/domains/continuous/test/auto/ContinuousInDE3.xml
47 ms. Memory: 872448K Free: 294062K (34%)
----------------- Invoking toplevel() on ptolemy.moml.MoMLSimpleApplication@14e04174
----------------- Done invoking toplevel() on ptolemy.moml.MoMLSimpleApplication@14e04174
reloadAllAccessors: .ContinuousInDE3

===========================================================================================
----------------- testing Mon Oct 01 02:19:39 UTC 2018 /home/travis/build/icyphy/ptII/ptolemy/domains/continuous/test/auto/ContinuousInDE4.xml
----------------- Instantiating /home/travis/build/icyphy/ptII/ptolemy/domains/continuous/test/auto/ContinuousInDE4.xml
18 ms. Memory: 872448K Free: 282265K (32%)
----------------- Invoking toplevel() on ptolemy.moml.MoMLSimpleApplication@1335f952
----------------- Done invoking toplevel() on ptolemy.moml.MoMLSimpleApplication@1335f952
reloadAllAccessors: .ContinuousInDE4

===========================================================================================
----------------- testing Mon Oct 01 02:19:39 UTC 2018 /home/travis/build/icyphy/ptII/ptolemy/domains/continuous/test/auto/ContinuousInDEDifferentRefinements.xml
----------------- Instantiating /home/travis/build/icyphy/ptII/ptolemy/domains/continuous/test/auto/ContinuousInDEDifferentRefinements.xml
56 ms. Memory: 872448K Free: 246793K (28%)
----------------- Invoking toplevel() on ptolemy.moml.MoMLSimpleApplication@d018770
----------------- Done invoking toplevel() on ptolemy.moml.MoMLSimpleApplication@d018770
reloadAllAccessors: .ContinuousInDEDifferentRefinements

===========================================================================================
----------------- testing Mon Oct 01 02:19:39 UTC 2018 /home/travis/build/icyphy/ptII/ptolemy/domains/continuous/test/auto/ContinuousInDEDifferentRefinementsPreemptive.xml
----------------- Instantiating /home/travis/build/icyphy/ptII/ptolemy/domains/continuous/test/auto/ContinuousInDEDifferentRefinementsPreemptive.xml
47 ms. Memory: 872448K Free: 207959K (24%)
----------------- Invoking toplevel() on ptolemy.moml.MoMLSimpleApplication@44e22c25
----------------- Done invoking toplevel() on ptolemy.moml.MoMLSimpleApplication@44e22c25
reloadAllAccessors: .ContinuousInDEDifferentRefinementsPreemptive

===========================================================================================
----------------- testing Mon Oct 01 02:19:39 UTC 2018 /home/travis/build/icyphy/ptII/ptolemy/domains/continuous/test/auto/ContinuousInDEInContinuous2.xml
----------------- Instantiating /home/travis/build/icyphy/ptII/ptolemy/domains/continuous/test/auto/ContinuousInDEInContinuous2.xml
35 ms. Memory: 872448K Free: 188292K (22%)
----------------- Invoking toplevel() on ptolemy.moml.MoMLSimpleApplication@45c82b2d
----------------- Done invoking toplevel() on ptolemy.moml.MoMLSimpleApplication@45c82b2d
reloadAllAccessors: .ContinuousInDEInContinuous2

===========================================================================================
----------------- testing Mon Oct 01 02:19:39 UTC 2018 /home/travis/build/icyphy/ptII/ptolemy/domains/continuous/test/auto/ContinuousInDEInContinuous3.xml
----------------- Instantiating /home/travis/build/icyphy/ptII/ptolemy/domains/continuous/test/auto/ContinuousInDEInContinuous3.xml
51 ms. Memory: 872448K Free: 168641K (19%)
----------------- Invoking toplevel() on ptolemy.moml.MoMLSimpleApplication@297623bd
----------------- Done invoking toplevel() on ptolemy.moml.MoMLSimpleApplication@297623bd
reloadAllAccessors: .ContinuousInDEInContinuous3

===========================================================================================
----------------- testing Mon Oct 01 02:19:39 UTC 2018 /home/travis/build/icyphy/ptII/ptolemy/domains/continuous/test/auto/ContinuousInDEInput.xml
----------------- Instantiating /home/travis/build/icyphy/ptII/ptolemy/domains/continuous/test/auto/ContinuousInDEInput.xml
16 ms. Memory: 872448K Free: 156859K (18%)
----------------- Invoking toplevel() on ptolemy.moml.MoMLSimpleApplication@26e654f2
----------------- Done invoking toplevel() on ptolemy.moml.MoMLSimpleApplication@26e654f2
reloadAllAccessors: .ContinuousInDEInput

===========================================================================================
----------------- testing Mon Oct 01 02:19:39 UTC 2018 /home/travis/build/icyphy/ptII/ptolemy/domains/continuous/test/auto/ContinuousInDEInput2.xml
----------------- Instantiating /home/travis/build/icyphy/ptII/ptolemy/domains/continuous/test/auto/ContinuousInDEInput2.xml
25 ms. Memory: 872448K Free: 141652K (16%)
----------------- Invoking toplevel() on ptolemy.moml.MoMLSimpleApplication@2dd47ca2
----------------- Done invoking toplevel() on ptolemy.moml.MoMLSimpleApplication@2dd47ca2
reloadAllAccessors: .ContinuousInDEInput2

===========================================================================================
----------------- testing Mon Oct 01 02:19:39 UTC 2018 /home/travis/build/icyphy/ptII/ptolemy/domains/continuous/test/auto/ContinuousInDEInput3.xml
----------------- Instantiating /home/travis/build/icyphy/ptII/ptolemy/domains/continuous/test/auto/ContinuousInDEInput3.xml
16 ms. Memory: 872448K Free: 129855K (15%)
----------------- Invoking toplevel() on ptolemy.moml.MoMLSimpleApplication@54db64b2
----------------- Done invoking toplevel() on ptolemy.moml.MoMLSimpleApplication@54db64b2
reloadAllAccessors: .ContinuousInDEInput3

===========================================================================================
----------------- testing Mon Oct 01 02:19:39 UTC 2018 /home/travis/build/icyphy/ptII/ptolemy/domains/continuous/test/auto/ContinuousInDESharingRefinement.xml
----------------- Instantiating /home/travis/build/icyphy/ptII/ptolemy/domains/continuous/test/auto/ContinuousInDESharingRefinement.xml
163 ms. Memory: 872960K Free: 816891K (94%)
----------------- Invoking toplevel() on ptolemy.moml.MoMLSimpleApplication@153544c5
----------------- Done invoking toplevel() on ptolemy.moml.MoMLSimpleApplication@153544c5
reloadAllAccessors: .ContinuousInDESharingRefinement

===========================================================================================
----------------- testing Mon Oct 01 02:19:40 UTC 2018 /home/travis/build/icyphy/ptII/ptolemy/domains/continuous/test/auto/ContinuousInDEwithNoPorts.xml
----------------- Instantiating /home/travis/build/icyphy/ptII/ptolemy/domains/continuous/test/auto/ContinuousInDEwithNoPorts.xml
6 ms. Memory: 872960K Free: 804693K (92%)
----------------- Invoking toplevel() on ptolemy.moml.MoMLSimpleApplication@3a354e63
----------------- Done invoking toplevel() on ptolemy.moml.MoMLSimpleApplication@3a354e63
reloadAllAccessors: .ContinuousInDEwithNoPorts

===========================================================================================
----------------- testing Mon Oct 01 02:19:40 UTC 2018 /home/travis/build/icyphy/ptII/ptolemy/domains/continuous/test/auto/ContinuousInsideDE.xml
----------------- Instantiating /home/travis/build/icyphy/ptII/ptolemy/domains/continuous/test/auto/ContinuousInsideDE.xml
49 ms. Memory: 872960K Free: 785042K (90%)
----------------- Invoking toplevel() on ptolemy.moml.MoMLSimpleApplication@12f39d4f
----------------- Done invoking toplevel() on ptolemy.moml.MoMLSimpleApplication@12f39d4f
reloadAllAccessors: .ContinuousInsideDE

===========================================================================================
----------------- testing Mon Oct 01 02:19:40 UTC 2018 /home/travis/build/icyphy/ptII/ptolemy/domains/continuous/test/auto/ContinuousMerge1.xml
----------------- Instantiating /home/travis/build/icyphy/ptII/ptolemy/domains/continuous/test/auto/ContinuousMerge1.xml
3 ms. Memory: 872960K Free: 774886K (89%)
----------------- Invoking toplevel() on ptolemy.moml.MoMLSimpleApplication@1c30197a
----------------- Done invoking toplevel() on ptolemy.moml.MoMLSimpleApplication@1c30197a
reloadAllAccessors: .ContinuousMerge1

===========================================================================================
----------------- testing Mon Oct 01 02:19:40 UTC 2018 /home/travis/build/icyphy/ptII/ptolemy/domains/continuous/test/auto/ContinuousMerge2.xml
----------------- Instantiating /home/travis/build/icyphy/ptII/ptolemy/domains/continuous/test/auto/ContinuousMerge2.xml
20 ms. Memory: 872960K Free: 758998K (87%)
----------------- Invoking toplevel() on ptolemy.moml.MoMLSimpleApplication@206fab70
----------------- Done invoking toplevel() on ptolemy.moml.MoMLSimpleApplication@206fab70
reloadAllAccessors: .ContinuousMerge2

===========================================================================================
----------------- testing Mon Oct 01 02:19:40 UTC 2018 /home/travis/build/icyphy/ptII/ptolemy/domains/continuous/test/auto/ContinuousMerge3.xml
----------------- Instantiating /home/travis/build/icyphy/ptII/ptolemy/domains/continuous/test/auto/ContinuousMerge3.xml
45 ms. Memory: 872960K Free: 743282K (85%)
----------------- Invoking toplevel() on ptolemy.moml.MoMLSimpleApplication@40065fc2
----------------- Done invoking toplevel() on ptolemy.moml.MoMLSimpleApplication@40065fc2
reloadAllAccessors: .ContinuousMerge3

===========================================================================================
----------------- testing Mon Oct 01 02:19:40 UTC 2018 /home/travis/build/icyphy/ptII/ptolemy/domains/continuous/test/auto/ContinuousWithinContinuous.xml
----------------- Instantiating /home/travis/build/icyphy/ptII/ptolemy/domains/continuous/test/auto/ContinuousWithinContinuous.xml
38 ms. Memory: 872960K Free: 725263K (83%)
----------------- Invoking toplevel() on ptolemy.moml.MoMLSimpleApplication@55cbd2a9
----------------- Done invoking toplevel() on ptolemy.moml.MoMLSimpleApplication@55cbd2a9
reloadAllAccessors: .ContinuousWithinContinuous

===========================================================================================
----------------- testing Mon Oct 01 02:19:40 UTC 2018 /home/travis/build/icyphy/ptII/ptolemy/domains/continuous/test/auto/ContinuousWithinContinuous2.xml
----------------- Instantiating /home/travis/build/icyphy/ptII/ptolemy/domains/continuous/test/auto/ContinuousWithinContinuous2.xml
81 ms. Memory: 872960K Free: 713482K (82%)
----------------- Invoking toplevel() on ptolemy.moml.MoMLSimpleApplication@36756963
----------------- Done invoking toplevel() on ptolemy.moml.MoMLSimpleApplication@36756963
reloadAllAccessors: .ContinuousWithinContinuous2

===========================================================================================
----------------- testing Mon Oct 01 02:19:40 UTC 2018 /home/travis/build/icyphy/ptII/ptolemy/domains/continuous/test/auto/ContinuousWithinContinuous3.xml
----------------- Instantiating /home/travis/build/icyphy/ptII/ptolemy/domains/continuous/test/auto/ContinuousWithinContinuous3.xml
13 ms. Memory: 872960K Free: 701701K (80%)
----------------- Invoking toplevel() on ptolemy.moml.MoMLSimpleApplication@630fa3a1
----------------- Done invoking toplevel() on ptolemy.moml.MoMLSimpleApplication@630fa3a1
reloadAllAccessors: .ContinuousWithinContinuous3

===========================================================================================
----------------- testing Mon Oct 01 02:19:40 UTC 2018 /home/travis/build/icyphy/ptII/ptolemy/domains/continuous/test/auto/ContinuousWithinContinuous4.xml
----------------- Instantiating /home/travis/build/icyphy/ptII/ptolemy/domains/continuous/test/auto/ContinuousWithinContinuous4.xml
73 ms. Memory: 872960K Free: 679748K (78%)
----------------- Invoking toplevel() on ptolemy.moml.MoMLSimpleApplication@2e4e52b1
----------------- Done invoking toplevel() on ptolemy.moml.MoMLSimpleApplication@2e4e52b1
reloadAllAccessors: .ContinuousWithinContinuous4

===========================================================================================
----------------- testing Mon Oct 01 02:19:40 UTC 2018 /home/travis/build/icyphy/ptII/ptolemy/domains/continuous/test/auto/ContinuousWithinContinuous5.xml
----------------- Instantiating /home/travis/build/icyphy/ptII/ptolemy/domains/continuous/test/auto/ContinuousWithinContinuous5.xml
13 ms. Memory: 872960K Free: 667966K (77%)
----------------- Invoking toplevel() on ptolemy.moml.MoMLSimpleApplication@42545320
----------------- Done invoking toplevel() on ptolemy.moml.MoMLSimpleApplication@42545320
reloadAllAccessors: .ContinuousWithinContinuous5

===========================================================================================
----------------- testing Mon Oct 01 02:19:40 UTC 2018 /home/travis/build/icyphy/ptII/ptolemy/domains/continuous/test/auto/ContinuousWithinContinuous6.xml
----------------- Instantiating /home/travis/build/icyphy/ptII/ptolemy/domains/continuous/test/auto/ContinuousWithinContinuous6.xml
14 ms. Memory: 872960K Free: 656177K (75%)
----------------- Invoking toplevel() on ptolemy.moml.MoMLSimpleApplication@6b8b49ff
----------------- Done invoking toplevel() on ptolemy.moml.MoMLSimpleApplication@6b8b49ff
reloadAllAccessors: .ContinuousWithinContinuous6

===========================================================================================
----------------- testing Mon Oct 01 02:19:40 UTC 2018 /home/travis/build/icyphy/ptII/ptolemy/domains/continuous/test/auto/ContinuousWithinContinuous7.xml
----------------- Instantiating /home/travis/build/icyphy/ptII/ptolemy/domains/continuous/test/auto/ContinuousWithinContinuous7.xml
61 ms. Memory: 872960K Free: 642094K (74%)
----------------- Invoking toplevel() on ptolemy.moml.MoMLSimpleApplication@77080dd1
----------------- Done invoking toplevel() on ptolemy.moml.MoMLSimpleApplication@77080dd1
reloadAllAccessors: .ContinuousWithinContinuous7

===========================================================================================
----------------- testing Mon Oct 01 02:19:40 UTC 2018 /home/travis/build/icyphy/ptII/ptolemy/domains/continuous/test/auto/DCMotor.xml
----------------- Instantiating /home/travis/build/icyphy/ptII/ptolemy/domains/continuous/test/auto/DCMotor.xml
14520 ms. Memory: 696832K Free: 672241K (96%)
----------------- Invoking toplevel() on ptolemy.moml.MoMLSimpleApplication@58c68403
----------------- Done invoking toplevel() on ptolemy.moml.MoMLSimpleApplication@58c68403
reloadAllAccessors: .DCMotor

===========================================================================================
----------------- testing Mon Oct 01 02:19:55 UTC 2018 /home/travis/build/icyphy/ptII/ptolemy/domains/continuous/test/auto/DEInContinuous.xml
----------------- Instantiating /home/travis/build/icyphy/ptII/ptolemy/domains/continuous/test/auto/DEInContinuous.xml
6 ms. Memory: 696832K Free: 656915K (94%)
----------------- Invoking toplevel() on ptolemy.moml.MoMLSimpleApplication@a5af7cd
----------------- Done invoking toplevel() on ptolemy.moml.MoMLSimpleApplication@a5af7cd
reloadAllAccessors: .DEInContinuous

===========================================================================================
----------------- testing Mon Oct 01 02:19:55 UTC 2018 /home/travis/build/icyphy/ptII/ptolemy/domains/continuous/test/auto/DEinContinuous2.xml
----------------- Instantiating /home/travis/build/icyphy/ptII/ptolemy/domains/continuous/test/auto/DEinContinuous2.xml
6 ms. Memory: 696832K Free: 637204K (91%)
----------------- Invoking toplevel() on ptolemy.moml.MoMLSimpleApplication@4f5dcc1a
----------------- Done invoking toplevel() on ptolemy.moml.MoMLSimpleApplication@4f5dcc1a
reloadAllAccessors: .DEinContinuous2

===========================================================================================
----------------- testing Mon Oct 01 02:19:55 UTC 2018 /home/travis/build/icyphy/ptII/ptolemy/domains/continuous/test/auto/Derivative.xml
----------------- Instantiating /home/travis/build/icyphy/ptII/ptolemy/domains/continuous/test/auto/Derivative.xml
136 ms. Memory: 696832K Free: 598953K (86%)
----------------- Invoking toplevel() on ptolemy.moml.MoMLSimpleApplication@7935437b
----------------- Done invoking toplevel() on ptolemy.moml.MoMLSimpleApplication@7935437b
reloadAllAccessors: .Derivative2

===========================================================================================
----------------- testing Mon Oct 01 02:19:55 UTC 2018 /home/travis/build/icyphy/ptII/ptolemy/domains/continuous/test/auto/Derivative1.xml
----------------- Instantiating /home/travis/build/icyphy/ptII/ptolemy/domains/continuous/test/auto/Derivative1.xml
17 ms. Memory: 696832K Free: 580474K (83%)
----------------- Invoking toplevel() on ptolemy.moml.MoMLSimpleApplication@b8c7ffd
----------------- Done invoking toplevel() on ptolemy.moml.MoMLSimpleApplication@b8c7ffd
reloadAllAccessors: .Derivative1

===========================================================================================
----------------- testing Mon Oct 01 02:19:55 UTC 2018 /home/travis/build/icyphy/ptII/ptolemy/domains/continuous/test/auto/DiscreteClock.xml
----------------- Instantiating /home/travis/build/icyphy/ptII/ptolemy/domains/continuous/test/auto/DiscreteClock.xml
5 ms. Memory: 696832K Free: 566933K (81%)
----------------- Invoking toplevel() on ptolemy.moml.MoMLSimpleApplication@12ec571a
----------------- Done invoking toplevel() on ptolemy.moml.MoMLSimpleApplication@12ec571a
reloadAllAccessors: .DiscreteClock

===========================================================================================
----------------- testing Mon Oct 01 02:19:55 UTC 2018 /home/travis/build/icyphy/ptII/ptolemy/domains/continuous/test/auto/EfficiencyCurve.xml
----------------- Instantiating /home/travis/build/icyphy/ptII/ptolemy/domains/continuous/test/auto/EfficiencyCurve.xml
51 ms. Memory: 696832K Free: 553393K (79%)
----------------- Invoking toplevel() on ptolemy.moml.MoMLSimpleApplication@29831cfd
----------------- Done invoking toplevel() on ptolemy.moml.MoMLSimpleApplication@29831cfd
reloadAllAccessors: .EfficiencyCurve

===========================================================================================
----------------- testing Mon Oct 01 02:19:55 UTC 2018 /home/travis/build/icyphy/ptII/ptolemy/domains/continuous/test/auto/ExponentialResponse.xml
----------------- Instantiating /home/travis/build/icyphy/ptII/ptolemy/domains/continuous/test/auto/ExponentialResponse.xml
110 ms. Memory: 696832K Free: 524775K (75%)
----------------- Invoking toplevel() on ptolemy.moml.MoMLSimpleApplication@233c2555
----------------- Done invoking toplevel() on ptolemy.moml.MoMLSimpleApplication@233c2555
reloadAllAccessors: .ExponentialResponse

===========================================================================================
----------------- testing Mon Oct 01 02:19:56 UTC 2018 /home/travis/build/icyphy/ptII/ptolemy/domains/continuous/test/auto/ExponentialResponseRK45.xml
----------------- Instantiating /home/travis/build/icyphy/ptII/ptolemy/domains/continuous/test/auto/ExponentialResponseRK45.xml
27 ms. Memory: 696832K Free: 511234K (73%)
----------------- Invoking toplevel() on ptolemy.moml.MoMLSimpleApplication@34e911ae
----------------- Done invoking toplevel() on ptolemy.moml.MoMLSimpleApplication@34e911ae
reloadAllAccessors: .ExponentialResponseRK45

===========================================================================================
----------------- testing Mon Oct 01 02:19:56 UTC 2018 /home/travis/build/icyphy/ptII/ptolemy/domains/continuous/test/auto/Friction.xml
----------------- Instantiating /home/travis/build/icyphy/ptII/ptolemy/domains/continuous/test/auto/Friction.xml
1279 ms. Memory: 696832K Free: 67959K (10%)
----------------- Invoking toplevel() on ptolemy.moml.MoMLSimpleApplication@4f753d20
----------------- Done invoking toplevel() on ptolemy.moml.MoMLSimpleApplication@4f753d20
reloadAllAccessors: .Friction

===========================================================================================
----------------- testing Mon Oct 01 02:19:57 UTC 2018 /home/travis/build/icyphy/ptII/ptolemy/domains/continuous/test/auto/FurutaPendulum.xml
----------------- Instantiating /home/travis/build/icyphy/ptII/ptolemy/domains/continuous/test/auto/FurutaPendulum.xml
3739 ms. Memory: 674304K Free: 144661K (21%)
----------------- Invoking toplevel() on ptolemy.moml.MoMLSimpleApplication@114397a9
----------------- Done invoking toplevel() on ptolemy.moml.MoMLSimpleApplication@114397a9
reloadAllAccessors: .FurutaPendulum

===========================================================================================
----------------- testing Mon Oct 01 02:20:01 UTC 2018 /home/travis/build/icyphy/ptII/ptolemy/domains/continuous/test/auto/HierarchicalExecution.xml
----------------- Instantiating /home/travis/build/icyphy/ptII/ptolemy/domains/continuous/test/auto/HierarchicalExecution.xml
2051 ms. Memory: 646656K Free: 372394K (58%)
----------------- Invoking toplevel() on ptolemy.moml.MoMLSimpleApplication@4d3e82ba
----------------- Done invoking toplevel() on ptolemy.moml.MoMLSimpleApplication@4d3e82ba
reloadAllAccessors: .HierarchicalExecution

===========================================================================================
----------------- testing Mon Oct 01 02:20:03 UTC 2018 /home/travis/build/icyphy/ptII/ptolemy/domains/continuous/test/auto/HybridPlant.xml
----------------- Instantiating /home/travis/build/icyphy/ptII/ptolemy/domains/continuous/test/auto/HybridPlant.xml
501 ms. Memory: 646656K Free: 95135K (15%)
----------------- Invoking toplevel() on ptolemy.moml.MoMLSimpleApplication@d73184c
----------------- Done invoking toplevel() on ptolemy.moml.MoMLSimpleApplication@d73184c
reloadAllAccessors: .HybridPlant

===========================================================================================
----------------- testing Mon Oct 01 02:20:04 UTC 2018 /home/travis/build/icyphy/ptII/ptolemy/domains/continuous/test/auto/Hysteresis.xml
----------------- Instantiating /home/travis/build/icyphy/ptII/ptolemy/domains/continuous/test/auto/Hysteresis.xml
153 ms. Memory: 615424K Free: 550554K (89%)
----------------- Invoking toplevel() on ptolemy.moml.MoMLSimpleApplication@3e54dac0
----------------- Done invoking toplevel() on ptolemy.moml.MoMLSimpleApplication@3e54dac0
reloadAllAccessors: .Hysteresis

===========================================================================================
----------------- testing Mon Oct 01 02:20:04 UTC 2018 /home/travis/build/icyphy/ptII/ptolemy/domains/continuous/test/auto/HysteresisWithRandomDelay.xml
----------------- Instantiating /home/travis/build/icyphy/ptII/ptolemy/domains/continuous/test/auto/HysteresisWithRandomDelay.xml
163 ms. Memory: 615424K Free: 469312K (76%)
----------------- Invoking toplevel() on ptolemy.moml.MoMLSimpleApplication@41965b0f
----------------- Done invoking toplevel() on ptolemy.moml.MoMLSimpleApplication@41965b0f
reloadAllAccessors: .HysteresisWithRandomDelay

===========================================================================================
----------------- testing Mon Oct 01 02:20:04 UTC 2018 /home/travis/build/icyphy/ptII/ptolemy/domains/continuous/test/auto/HysteresisWithRandomLosses.xml
----------------- Instantiating /home/travis/build/icyphy/ptII/ptolemy/domains/continuous/test/auto/HysteresisWithRandomLosses.xml
2407 ms. Memory: 591360K Free: 188998K (32%)
----------------- Invoking toplevel() on ptolemy.moml.MoMLSimpleApplication@6c3e772e
----------------- Done invoking toplevel() on ptolemy.moml.MoMLSimpleApplication@6c3e772e
reloadAllAccessors: .HysteresisWithRandomLosses

===========================================================================================
----------------- testing Mon Oct 01 02:20:07 UTC 2018 /home/travis/build/icyphy/ptII/ptolemy/domains/continuous/test/auto/ImmediateTransitions.xml
----------------- Instantiating /home/travis/build/icyphy/ptII/ptolemy/domains/continuous/test/auto/ImmediateTransitions.xml
10 ms. Memory: 591360K Free: 172644K (29%)
----------------- Invoking toplevel() on ptolemy.moml.MoMLSimpleApplication@6a3c41d1
----------------- Done invoking toplevel() on ptolemy.moml.MoMLSimpleApplication@6a3c41d1
reloadAllAccessors: .ImmediateTransitions

===========================================================================================
----------------- testing Mon Oct 01 02:20:07 UTC 2018 /home/travis/build/icyphy/ptII/ptolemy/domains/continuous/test/auto/ImpulseFeedback.xml
----------------- Instantiating /home/travis/build/icyphy/ptII/ptolemy/domains/continuous/test/auto/ImpulseFeedback.xml
8 ms. Memory: 591360K Free: 161608K (27%)
----------------- Invoking toplevel() on ptolemy.moml.MoMLSimpleApplication@4a72f20d
----------------- Done invoking toplevel() on ptolemy.moml.MoMLSimpleApplication@4a72f20d
reloadAllAccessors: .ImpulseFeedback

===========================================================================================
----------------- testing Mon Oct 01 02:20:07 UTC 2018 /home/travis/build/icyphy/ptII/ptolemy/domains/continuous/test/auto/ImpulseFeedback2.xml
----------------- Instantiating /home/travis/build/icyphy/ptII/ptolemy/domains/continuous/test/auto/ImpulseFeedback2.xml
7 ms. Memory: 591360K Free: 150581K (25%)
----------------- Invoking toplevel() on ptolemy.moml.MoMLSimpleApplication@619ead85
----------------- Done invoking toplevel() on ptolemy.moml.MoMLSimpleApplication@619ead85
reloadAllAccessors: .ImpulseFeedback2

===========================================================================================
----------------- testing Mon Oct 01 02:20:07 UTC 2018 /home/travis/build/icyphy/ptII/ptolemy/domains/continuous/test/auto/IncreasingRatePoisson.xml
----------------- Instantiating /home/travis/build/icyphy/ptII/ptolemy/domains/continuous/test/auto/IncreasingRatePoisson.xml
734 ms. Memory: 565248K Free: 310291K (55%)
----------------- Invoking toplevel() on ptolemy.moml.MoMLSimpleApplication@22472a0b
----------------- Done invoking toplevel() on ptolemy.moml.MoMLSimpleApplication@22472a0b
reloadAllAccessors: .IncreasingRatePoisson

===========================================================================================
----------------- testing Mon Oct 01 02:20:08 UTC 2018 /home/travis/build/icyphy/ptII/ptolemy/domains/continuous/test/auto/InitialStateFeedback.xml
----------------- Instantiating /home/travis/build/icyphy/ptII/ptolemy/domains/continuous/test/auto/InitialStateFeedback.xml
3 ms. Memory: 565248K Free: 300406K (53%)
----------------- Invoking toplevel() on ptolemy.moml.MoMLSimpleApplication@1232765d
----------------- Done invoking toplevel() on ptolemy.moml.MoMLSimpleApplication@1232765d
reloadAllAccessors: .InitialStateFeedback

===========================================================================================
----------------- testing Mon Oct 01 02:20:08 UTC 2018 /home/travis/build/icyphy/ptII/ptolemy/domains/continuous/test/auto/Integration.xml
----------------- Instantiating /home/travis/build/icyphy/ptII/ptolemy/domains/continuous/test/auto/Integration.xml
1 ms. Memory: 565248K Free: 292353K (52%)
----------------- Invoking toplevel() on ptolemy.moml.MoMLSimpleApplication@3f173c9d
----------------- Done invoking toplevel() on ptolemy.moml.MoMLSimpleApplication@3f173c9d
reloadAllAccessors: .Integration

===========================================================================================
----------------- testing Mon Oct 01 02:20:08 UTC 2018 /home/travis/build/icyphy/ptII/ptolemy/domains/continuous/test/auto/Integration2.xml
----------------- Instantiating /home/travis/build/icyphy/ptII/ptolemy/domains/continuous/test/auto/Integration2.xml
82 ms. Memory: 565248K Free: 274469K (49%)
----------------- Invoking toplevel() on ptolemy.moml.MoMLSimpleApplication@7478e862
----------------- Done invoking toplevel() on ptolemy.moml.MoMLSimpleApplication@7478e862
reloadAllAccessors: .Integration2

===========================================================================================
----------------- testing Mon Oct 01 02:20:08 UTC 2018 /home/travis/build/icyphy/ptII/ptolemy/domains/continuous/test/auto/Integration3.xml
----------------- Instantiating /home/travis/build/icyphy/ptII/ptolemy/domains/continuous/test/auto/Integration3.xml
2 ms. Memory: 565248K Free: 266417K (47%)
----------------- Invoking toplevel() on ptolemy.moml.MoMLSimpleApplication@774450e2
----------------- Done invoking toplevel() on ptolemy.moml.MoMLSimpleApplication@774450e2
reloadAllAccessors: .Integration3

===========================================================================================
----------------- testing Mon Oct 01 02:20:08 UTC 2018 /home/travis/build/icyphy/ptII/ptolemy/domains/continuous/test/auto/Integration5.xml
----------------- Instantiating /home/travis/build/icyphy/ptII/ptolemy/domains/continuous/test/auto/Integration5.xml
2 ms. Memory: 565248K Free: 258225K (46%)
----------------- Invoking toplevel() on ptolemy.moml.MoMLSimpleApplication@7f68e9f6
----------------- Done invoking toplevel() on ptolemy.moml.MoMLSimpleApplication@7f68e9f6
reloadAllAccessors: .Integration5

===========================================================================================
----------------- testing Mon Oct 01 02:20:08 UTC 2018 /home/travis/build/icyphy/ptII/ptolemy/domains/continuous/test/auto/IntegratorImpulse.xml
----------------- Instantiating /home/travis/build/icyphy/ptII/ptolemy/domains/continuous/test/auto/IntegratorImpulse.xml
2 ms. Memory: 565248K Free: 250173K (44%)
----------------- Invoking toplevel() on ptolemy.moml.MoMLSimpleApplication@64d332aa
----------------- Done invoking toplevel() on ptolemy.moml.MoMLSimpleApplication@64d332aa
reloadAllAccessors: .IntegratorImpulse

===========================================================================================
----------------- testing Mon Oct 01 02:20:08 UTC 2018 /home/travis/build/icyphy/ptII/ptolemy/domains/continuous/test/auto/IntegratorImpulse2.xml
----------------- Instantiating /home/travis/build/icyphy/ptII/ptolemy/domains/continuous/test/auto/IntegratorImpulse2.xml
4 ms. Memory: 565248K Free: 241974K (43%)
----------------- Invoking toplevel() on ptolemy.moml.MoMLSimpleApplication@7a505554
----------------- Done invoking toplevel() on ptolemy.moml.MoMLSimpleApplication@7a505554
reloadAllAccessors: .IntegratorImpulse2

===========================================================================================
----------------- testing Mon Oct 01 02:20:08 UTC 2018 /home/travis/build/icyphy/ptII/ptolemy/domains/continuous/test/auto/LevelCrossing1.xml
----------------- Instantiating /home/travis/build/icyphy/ptII/ptolemy/domains/continuous/test/auto/LevelCrossing1.xml
2 ms. Memory: 565248K Free: 233938K (41%)
----------------- Invoking toplevel() on ptolemy.moml.MoMLSimpleApplication@3f98716c
----------------- Done invoking toplevel() on ptolemy.moml.MoMLSimpleApplication@3f98716c
reloadAllAccessors: .LevelCrossing1

===========================================================================================
----------------- testing Mon Oct 01 02:20:08 UTC 2018 /home/travis/build/icyphy/ptII/ptolemy/domains/continuous/test/auto/LevelCrossing2.xml
----------------- Instantiating /home/travis/build/icyphy/ptII/ptolemy/domains/continuous/test/auto/LevelCrossing2.xml
3 ms. Memory: 565248K Free: 225745K (40%)
----------------- Invoking toplevel() on ptolemy.moml.MoMLSimpleApplication@692f3398
----------------- Done invoking toplevel() on ptolemy.moml.MoMLSimpleApplication@692f3398
reloadAllAccessors: .LevelCrossing2

===========================================================================================
----------------- testing Mon Oct 01 02:20:08 UTC 2018 /home/travis/build/icyphy/ptII/ptolemy/domains/continuous/test/auto/LevelCrossing3.xml
----------------- Instantiating /home/travis/build/icyphy/ptII/ptolemy/domains/continuous/test/auto/LevelCrossing3.xml
2 ms. Memory: 565248K Free: 217702K (39%)
----------------- Invoking toplevel() on ptolemy.moml.MoMLSimpleApplication@686c2133
----------------- Done invoking toplevel() on ptolemy.moml.MoMLSimpleApplication@686c2133
reloadAllAccessors: .LevelCrossing3

===========================================================================================
----------------- testing Mon Oct 01 02:20:08 UTC 2018 /home/travis/build/icyphy/ptII/ptolemy/domains/continuous/test/auto/LevelCrossing4.xml
----------------- Instantiating /home/travis/build/icyphy/ptII/ptolemy/domains/continuous/test/auto/LevelCrossing4.xml
3 ms. Memory: 565248K Free: 209494K (37%)
----------------- Invoking toplevel() on ptolemy.moml.MoMLSimpleApplication@387f6e23
----------------- Done invoking toplevel() on ptolemy.moml.MoMLSimpleApplication@387f6e23
reloadAllAccessors: .LevelCrossing4

===========================================================================================
----------------- testing Mon Oct 01 02:20:08 UTC 2018 /home/travis/build/icyphy/ptII/ptolemy/domains/continuous/test/auto/LevelCrossing5.xml
----------------- Instantiating /home/travis/build/icyphy/ptII/ptolemy/domains/continuous/test/auto/LevelCrossing5.xml
3 ms. Memory: 565248K Free: 201457K (36%)
----------------- Invoking toplevel() on ptolemy.moml.MoMLSimpleApplication@d08df74
----------------- Done invoking toplevel() on ptolemy.moml.MoMLSimpleApplication@d08df74
reloadAllAccessors: .LevelCrossing5

===========================================================================================
----------------- testing Mon Oct 01 02:20:08 UTC 2018 /home/travis/build/icyphy/ptII/ptolemy/domains/continuous/test/auto/LevelCrossing6.xml
----------------- Instantiating /home/travis/build/icyphy/ptII/ptolemy/domains/continuous/test/auto/LevelCrossing6.xml
[...]
reloadAllAccessors: .ResetTransitionWithStartTime5

===========================================================================================
----------------- testing Mon Oct 01 02:20:26 UTC 2018 /home/travis/build/icyphy/ptII/ptolemy/domains/continuous/test/auto/ResetTransitionWithStartTime6.xml
----------------- Instantiating /home/travis/build/icyphy/ptII/ptolemy/domains/continuous/test/auto/ResetTransitionWithStartTime6.xml
9 ms. Memory: 642048K Free: 384349K (60%)
----------------- Invoking toplevel() on ptolemy.moml.MoMLSimpleApplication@44361e3f
----------------- Done invoking toplevel() on ptolemy.moml.MoMLSimpleApplication@44361e3f
reloadAllAccessors: .ResetTransitionWithStartTime6

===========================================================================================
----------------- testing Mon Oct 01 02:20:26 UTC 2018 /home/travis/build/icyphy/ptII/ptolemy/domains/continuous/test/auto/SRinContinuous.xml
----------------- Instantiating /home/travis/build/icyphy/ptII/ptolemy/domains/continuous/test/auto/SRinContinuous.xml
7 ms. Memory: 642048K Free: 372280K (58%)
----------------- Invoking toplevel() on ptolemy.moml.MoMLSimpleApplication@65bef78a
----------------- Done invoking toplevel() on ptolemy.moml.MoMLSimpleApplication@65bef78a
reloadAllAccessors: .SRinContinuous

===========================================================================================
----------------- testing Mon Oct 01 02:20:26 UTC 2018 /home/travis/build/icyphy/ptII/ptolemy/domains/continuous/test/auto/SampledClocks.xml
----------------- Instantiating /home/travis/build/icyphy/ptII/ptolemy/domains/continuous/test/auto/SampledClocks.xml
12 ms. Memory: 642048K Free: 354509K (55%)
----------------- Invoking toplevel() on ptolemy.moml.MoMLSimpleApplication@29d8a8b0
----------------- Done invoking toplevel() on ptolemy.moml.MoMLSimpleApplication@29d8a8b0
reloadAllAccessors: .SampledClocks

===========================================================================================
----------------- testing Mon Oct 01 02:20:26 UTC 2018 /home/travis/build/icyphy/ptII/ptolemy/domains/continuous/test/auto/Satellite.xml
----------------- Instantiating /home/travis/build/icyphy/ptII/ptolemy/domains/continuous/test/auto/Satellite.xml
924 ms. Memory: 642048K Free: 168705K (26%)
----------------- Invoking toplevel() on ptolemy.moml.MoMLSimpleApplication@72bdb1c6
----------------- Done invoking toplevel() on ptolemy.moml.MoMLSimpleApplication@72bdb1c6
reloadAllAccessors: .Satellite

===========================================================================================
----------------- testing Mon Oct 01 02:20:27 UTC 2018 /home/travis/build/icyphy/ptII/ptolemy/domains/continuous/test/auto/SigmaDelta.xml
----------------- Instantiating /home/travis/build/icyphy/ptII/ptolemy/domains/continuous/test/auto/SigmaDelta.xml
2474 ms. Memory: 623104K Free: 327332K (53%)
----------------- Invoking toplevel() on ptolemy.moml.MoMLSimpleApplication@13201b3d
----------------- Done invoking toplevel() on ptolemy.moml.MoMLSimpleApplication@13201b3d
reloadAllAccessors: .SigmaDelta

===========================================================================================
----------------- testing Mon Oct 01 02:20:30 UTC 2018 /home/travis/build/icyphy/ptII/ptolemy/domains/continuous/test/auto/SinuBouncingBall.xml
----------------- Instantiating /home/travis/build/icyphy/ptII/ptolemy/domains/continuous/test/auto/SinuBouncingBall.xml
712 ms. Memory: 623104K Free: 99789K (16%)
----------------- Invoking toplevel() on ptolemy.moml.MoMLSimpleApplication@2e8e8dd3
----------------- Done invoking toplevel() on ptolemy.moml.MoMLSimpleApplication@2e8e8dd3
reloadAllAccessors: .SinuBouncingBall

===========================================================================================
----------------- testing Mon Oct 01 02:20:30 UTC 2018 /home/travis/build/icyphy/ptII/ptolemy/domains/continuous/test/auto/Sinusoid.xml
----------------- Instantiating /home/travis/build/icyphy/ptII/ptolemy/domains/continuous/test/auto/Sinusoid.xml
4 ms. Memory: 623104K Free: 93489K (15%)
----------------- Invoking toplevel() on ptolemy.moml.MoMLSimpleApplication@c356b04
----------------- Done invoking toplevel() on ptolemy.moml.MoMLSimpleApplication@c356b04
reloadAllAccessors: .Sinusoid

===========================================================================================
----------------- testing Mon Oct 01 02:20:30 UTC 2018 /home/travis/build/icyphy/ptII/ptolemy/domains/continuous/test/auto/SinusoidInNoise.xml
----------------- Instantiating /home/travis/build/icyphy/ptII/ptolemy/domains/continuous/test/auto/SinusoidInNoise.xml
893 ms. Memory: 591872K Free: 394438K (67%)
----------------- Invoking toplevel() on ptolemy.moml.MoMLSimpleApplication@418f8d97
----------------- Done invoking toplevel() on ptolemy.moml.MoMLSimpleApplication@418f8d97
reloadAllAccessors: .SinusoidInNoise

===========================================================================================
----------------- testing Mon Oct 01 02:20:31 UTC 2018 /home/travis/build/icyphy/ptII/ptolemy/domains/continuous/test/auto/SinusoidRK45.xml
----------------- Instantiating /home/travis/build/icyphy/ptII/ptolemy/domains/continuous/test/auto/SinusoidRK45.xml
3 ms. Memory: 591872K Free: 387045K (65%)
----------------- Invoking toplevel() on ptolemy.moml.MoMLSimpleApplication@35341caa
----------------- Done invoking toplevel() on ptolemy.moml.MoMLSimpleApplication@35341caa
reloadAllAccessors: .SinusoidRK45

===========================================================================================
----------------- testing Mon Oct 01 02:20:31 UTC 2018 /home/travis/build/icyphy/ptII/ptolemy/domains/continuous/test/auto/SinusoidWithMultipleImpulses.xml
----------------- Instantiating /home/travis/build/icyphy/ptII/ptolemy/domains/continuous/test/auto/SinusoidWithMultipleImpulses.xml
3 ms. Memory: 591872K Free: 378466K (64%)
----------------- Invoking toplevel() on ptolemy.moml.MoMLSimpleApplication@5732c286
----------------- Done invoking toplevel() on ptolemy.moml.MoMLSimpleApplication@5732c286
reloadAllAccessors: .SinusoidWithMultipleImpulses

===========================================================================================
----------------- testing Mon Oct 01 02:20:31 UTC 2018 /home/travis/build/icyphy/ptII/ptolemy/domains/continuous/test/auto/SquareWave.xml
----------------- Instantiating /home/travis/build/icyphy/ptII/ptolemy/domains/continuous/test/auto/SquareWave.xml
163 ms. Memory: 591872K Free: 344389K (58%)
----------------- Invoking toplevel() on ptolemy.moml.MoMLSimpleApplication@3acb756f
----------------- Done invoking toplevel() on ptolemy.moml.MoMLSimpleApplication@3acb756f
reloadAllAccessors: .SquareWave

===========================================================================================
----------------- testing Mon Oct 01 02:20:32 UTC 2018 /home/travis/build/icyphy/ptII/ptolemy/domains/continuous/test/auto/Starmac.xml
----------------- Instantiating /home/travis/build/icyphy/ptII/ptolemy/domains/continuous/test/auto/Starmac.xml
3070 ms. Memory: 571392K Free: 445405K (78%)
----------------- Invoking toplevel() on ptolemy.moml.MoMLSimpleApplication@29b6059d
----------------- Done invoking toplevel() on ptolemy.moml.MoMLSimpleApplication@29b6059d
reloadAllAccessors: .Starmac

===========================================================================================
----------------- testing Mon Oct 01 02:20:35 UTC 2018 /home/travis/build/icyphy/ptII/ptolemy/domains/continuous/test/auto/StaticUnits.xml
----------------- Instantiating /home/travis/build/icyphy/ptII/ptolemy/domains/continuous/test/auto/StaticUnits.xml
2179 ms. Memory: 548864K Free: 416640K (76%)
----------------- Invoking toplevel() on ptolemy.moml.MoMLSimpleApplication@2eae7155
----------------- Done invoking toplevel() on ptolemy.moml.MoMLSimpleApplication@2eae7155
reloadAllAccessors: .StaticUnits

===========================================================================================
----------------- testing Mon Oct 01 02:20:38 UTC 2018 /home/travis/build/icyphy/ptII/ptolemy/domains/continuous/test/auto/StickyMasses.xml
----------------- Instantiating /home/travis/build/icyphy/ptII/ptolemy/domains/continuous/test/auto/StickyMasses.xml
168 ms. Memory: 548864K Free: 358038K (65%)
----------------- Invoking toplevel() on ptolemy.moml.MoMLSimpleApplication@2cd979b3
----------------- Done invoking toplevel() on ptolemy.moml.MoMLSimpleApplication@2cd979b3
reloadAllAccessors: .StickyMasses

===========================================================================================
----------------- testing Mon Oct 01 02:20:38 UTC 2018 /home/travis/build/icyphy/ptII/ptolemy/domains/continuous/test/auto/StopTime.xml
----------------- Instantiating /home/travis/build/icyphy/ptII/ptolemy/domains/continuous/test/auto/StopTime.xml
41 ms. Memory: 548864K Free: 329251K (60%)
----------------- Invoking toplevel() on ptolemy.moml.MoMLSimpleApplication@59c9eb85
----------------- Done invoking toplevel() on ptolemy.moml.MoMLSimpleApplication@59c9eb85
reloadAllAccessors: .StopTime

===========================================================================================
----------------- testing Mon Oct 01 02:20:38 UTC 2018 /home/travis/build/icyphy/ptII/ptolemy/domains/continuous/test/auto/StopTime2.xml
----------------- Instantiating /home/travis/build/icyphy/ptII/ptolemy/domains/continuous/test/auto/StopTime2.xml
38 ms. Memory: 548864K Free: 302771K (55%)
----------------- Invoking toplevel() on ptolemy.moml.MoMLSimpleApplication@5fbf2c94
----------------- Done invoking toplevel() on ptolemy.moml.MoMLSimpleApplication@5fbf2c94
reloadAllAccessors: .StopTime2

===========================================================================================
----------------- testing Mon Oct 01 02:20:38 UTC 2018 /home/travis/build/icyphy/ptII/ptolemy/domains/continuous/test/auto/Switch.xml
----------------- Instantiating /home/travis/build/icyphy/ptII/ptolemy/domains/continuous/test/auto/Switch.xml
36 ms. Memory: 548864K Free: 273993K (50%)
----------------- Invoking toplevel() on ptolemy.moml.MoMLSimpleApplication@3d0b7ea6
----------------- Done invoking toplevel() on ptolemy.moml.MoMLSimpleApplication@3d0b7ea6
reloadAllAccessors: .Switch

===========================================================================================
----------------- testing Mon Oct 01 02:20:38 UTC 2018 /home/travis/build/icyphy/ptII/ptolemy/domains/continuous/test/auto/Thermostat.xml
----------------- Instantiating /home/travis/build/icyphy/ptII/ptolemy/domains/continuous/test/auto/Thermostat.xml
188 ms. Memory: 548864K Free: 196500K (36%)
----------------- Invoking toplevel() on ptolemy.moml.MoMLSimpleApplication@688a9c00
----------------- Done invoking toplevel() on ptolemy.moml.MoMLSimpleApplication@688a9c00
reloadAllAccessors: .Thermostat

===========================================================================================
----------------- testing Mon Oct 01 02:20:38 UTC 2018 /home/travis/build/icyphy/ptII/ptolemy/domains/continuous/test/auto/TimeDelay.xml
----------------- Instantiating /home/travis/build/icyphy/ptII/ptolemy/domains/continuous/test/auto/TimeDelay.xml
6 ms. Memory: 548864K Free: 188638K (34%)
----------------- Invoking toplevel() on ptolemy.moml.MoMLSimpleApplication@160ae25e
----------------- Done invoking toplevel() on ptolemy.moml.MoMLSimpleApplication@160ae25e
reloadAllAccessors: .TimeDelay

===========================================================================================
----------------- testing Mon Oct 01 02:20:38 UTC 2018 /home/travis/build/icyphy/ptII/ptolemy/domains/continuous/test/auto/TimeDelay2.xml
----------------- Instantiating /home/travis/build/icyphy/ptII/ptolemy/domains/continuous/test/auto/TimeDelay2.xml
11 ms. Memory: 548864K Free: 180701K (33%)
----------------- Invoking toplevel() on ptolemy.moml.MoMLSimpleApplication@6c20dcef
----------------- Done invoking toplevel() on ptolemy.moml.MoMLSimpleApplication@6c20dcef
reloadAllAccessors: .TimeDelay2

===========================================================================================
----------------- testing Mon Oct 01 02:20:38 UTC 2018 /home/travis/build/icyphy/ptII/ptolemy/domains/continuous/test/auto/TimeDelay3.xml
----------------- Instantiating /home/travis/build/icyphy/ptII/ptolemy/domains/continuous/test/auto/TimeDelay3.xml
6 ms. Memory: 548864K Free: 172821K (31%)
----------------- Invoking toplevel() on ptolemy.moml.MoMLSimpleApplication@4f98d017
----------------- Done invoking toplevel() on ptolemy.moml.MoMLSimpleApplication@4f98d017
reloadAllAccessors: .TimeDelay3

===========================================================================================
----------------- testing Mon Oct 01 02:20:38 UTC 2018 /home/travis/build/icyphy/ptII/ptolemy/domains/continuous/test/auto/TransferAbsentToInside.xml
----------------- Instantiating /home/travis/build/icyphy/ptII/ptolemy/domains/continuous/test/auto/TransferAbsentToInside.xml
26 ms. Memory: 548864K Free: 113859K (21%)
----------------- Invoking toplevel() on ptolemy.moml.MoMLSimpleApplication@6fe6d1d
----------------- Done invoking toplevel() on ptolemy.moml.MoMLSimpleApplication@6fe6d1d
reloadAllAccessors: .TransferAbsentToInside

===========================================================================================
----------------- testing Mon Oct 01 02:20:39 UTC 2018 /home/travis/build/icyphy/ptII/ptolemy/domains/continuous/test/auto/Transmission.xml
----------------- Instantiating /home/travis/build/icyphy/ptII/ptolemy/domains/continuous/test/auto/Transmission.xml
744 ms. Memory: 523264K Free: 310961K (59%)
----------------- Invoking toplevel() on ptolemy.moml.MoMLSimpleApplication@68c8d507
----------------- Done invoking toplevel() on ptolemy.moml.MoMLSimpleApplication@68c8d507
reloadAllAccessors: .Transmission

===========================================================================================
----------------- testing Mon Oct 01 02:20:39 UTC 2018 /home/travis/build/icyphy/ptII/ptolemy/domains/continuous/test/auto/TriggeredContinuousClock.xml
----------------- Instantiating /home/travis/build/icyphy/ptII/ptolemy/domains/continuous/test/auto/TriggeredContinuousClock.xml
37 ms. Memory: 523264K Free: 275510K (53%)
----------------- Invoking toplevel() on ptolemy.moml.MoMLSimpleApplication@259594f5
----------------- Done invoking toplevel() on ptolemy.moml.MoMLSimpleApplication@259594f5
reloadAllAccessors: .TriggeredContinuousClock

===========================================================================================
----------------- testing Mon Oct 01 02:20:39 UTC 2018 /home/travis/build/icyphy/ptII/ptolemy/domains/continuous/test/auto/TwoMachineInfiniteBusControl.xml
----------------- Instantiating /home/travis/build/icyphy/ptII/ptolemy/domains/continuous/test/auto/TwoMachineInfiniteBusControl.xml
2715 ms. Memory: 510976K Free: 138868K (27%)
----------------- Invoking toplevel() on ptolemy.moml.MoMLSimpleApplication@4f018e84
----------------- Done invoking toplevel() on ptolemy.moml.MoMLSimpleApplication@4f018e84
reloadAllAccessors: .TwoMachineInfiniteBusControl

===========================================================================================
----------------- testing Mon Oct 01 02:20:42 UTC 2018 /home/travis/build/icyphy/ptII/ptolemy/domains/continuous/test/auto/V2V.xml
----------------- Instantiating /home/travis/build/icyphy/ptII/ptolemy/domains/continuous/test/auto/V2V.xml
755 ms. Memory: 483328K Free: 332462K (69%)
----------------- Invoking toplevel() on ptolemy.moml.MoMLSimpleApplication@174d7072
----------------- Done invoking toplevel() on ptolemy.moml.MoMLSimpleApplication@174d7072
reloadAllAccessors: .V2V

===========================================================================================
----------------- testing Mon Oct 01 02:20:43 UTC 2018 /home/travis/build/icyphy/ptII/ptolemy/domains/continuous/test/auto/hierarchicalModalModel.xml
----------------- Instantiating /home/travis/build/icyphy/ptII/ptolemy/domains/continuous/test/auto/hierarchicalModalModel.xml
7 ms. Memory: 483328K Free: 314047K (65%)
----------------- Invoking toplevel() on ptolemy.moml.MoMLSimpleApplication@36fc055a
----------------- Done invoking toplevel() on ptolemy.moml.MoMLSimpleApplication@36fc055a
reloadAllAccessors: .hierarchicalModalModel

===========================================================================================
----------------- testing Mon Oct 01 02:20:43 UTC 2018 /home/travis/build/icyphy/ptII/ptolemy/domains/continuous/test/auto/hierarchicalModalModel1.xml
----------------- Instantiating /home/travis/build/icyphy/ptII/ptolemy/domains/continuous/test/auto/hierarchicalModalModel1.xml
9 ms. Memory: 483328K Free: 297002K (61%)
----------------- Invoking toplevel() on ptolemy.moml.MoMLSimpleApplication@2e8321b8
----------------- Done invoking toplevel() on ptolemy.moml.MoMLSimpleApplication@2e8321b8
reloadAllAccessors: .hierarchicalModalModel1

===========================================================================================
----------------- testing Mon Oct 01 02:20:43 UTC 2018 /home/travis/build/icyphy/ptII/ptolemy/domains/continuous/test/auto/hierarchicalModalModel2.xml
----------------- Instantiating /home/travis/build/icyphy/ptII/ptolemy/domains/continuous/test/auto/hierarchicalModalModel2.xml
8 ms. Memory: 483328K Free: 279905K (58%)
----------------- Invoking toplevel() on ptolemy.moml.MoMLSimpleApplication@733d7989
----------------- Done invoking toplevel() on ptolemy.moml.MoMLSimpleApplication@733d7989
reloadAllAccessors: .hierarchicalModalModel2

===========================================================================================
----------------- testing Mon Oct 01 02:20:43 UTC 2018 /home/travis/build/icyphy/ptII/ptolemy/domains/continuous/test/auto/hierarchicalModalModel3.xml
----------------- Instantiating /home/travis/build/icyphy/ptII/ptolemy/domains/continuous/test/auto/hierarchicalModalModel3.xml
5 ms. Memory: 483328K Free: 264890K (55%)
----------------- Invoking toplevel() on ptolemy.moml.MoMLSimpleApplication@39be57d7
----------------- Done invoking toplevel() on ptolemy.moml.MoMLSimpleApplication@39be57d7
reloadAllAccessors: .hierarchicalModalModel3

===========================================================================================
----------------- testing Mon Oct 01 02:20:43 UTC 2018 /home/travis/build/icyphy/ptII/ptolemy/domains/continuous/test/auto/hierarchicalModalModel4.xml
----------------- Instantiating /home/travis/build/icyphy/ptII/ptolemy/domains/continuous/test/auto/hierarchicalModalModel4.xml
5 ms. Memory: 483328K Free: 249868K (52%)
----------------- Invoking toplevel() on ptolemy.moml.MoMLSimpleApplication@10a21773
----------------- Done invoking toplevel() on ptolemy.moml.MoMLSimpleApplication@10a21773
reloadAllAccessors: .hierarchicalModalModel4

===========================================================================================
----------------- testing Mon Oct 01 02:20:43 UTC 2018 /home/travis/build/icyphy/ptII/ptolemy/domains/continuous/test/auto/junk.xml
----------------- Instantiating /home/travis/build/icyphy/ptII/ptolemy/domains/continuous/test/auto/junk.xml
143 ms. Memory: 483328K Free: 216755K (45%)
----------------- Invoking toplevel() on ptolemy.moml.MoMLSimpleApplication@701c1e7
----------------- Done invoking toplevel() on ptolemy.moml.MoMLSimpleApplication@701c1e7
reloadAllAccessors: .junk
AutoTests.java: About to close Vertx.
AutoTests.java: Vertx closed.
]]></system-out>
  <system-err><![CDATA[Warning: '.IncreasingRatePoisson.NonStrictTest' The test produced only 396 tokens, yet the correctValues parameter was expecting 402 tokens.
Warning: '.Poisson.NonStrictTest' The test produced only 358 tokens, yet the correctValues parameter was expecting 430 tokens.
]]></system-err>
</testsuite>
