<?xml version="1.0" encoding="UTF-8" ?>
<testsuite errors="0" failures="0" hostname="travis-job-df68c572-23a9-4512-be4e-ee812dc23902" name="ptolemy.domains.de.test.junit.JUnitTclTest" skipped="0" tests="101" time="123.618" timestamp="2020-03-21T17:39:36">
  <properties>
[...]
</properties>
  <testcase classname="ptolemy.util.test.junit.TclTests" name="[0] /home/travis/build/icyphy/ptII/ptolemy/domains/de/test/DependencyLoop.tcl (RunTclFile)" time="0.902" />
  <testcase classname="ptolemy.util.test.junit.TclTests" name="[1] /home/travis/build/icyphy/ptII/ptolemy/domains/de/test/RunDETestsAsQSS.tcl (RunTclFile)" time="83.12" />
  <testcase classname="ptolemy.util.test.junit.AutoKnownFailedTests" name="[0] /home/travis/build/icyphy/ptII/ptolemy/domains/de/test/auto/knownFailedTests/DESDFClockTest.xml (RunModel)" time="2.071" />
  <testcase classname="ptolemy.util.test.junit.AutoKnownFailedTests" name="[1] /home/travis/build/icyphy/ptII/ptolemy/domains/de/test/auto/knownFailedTests/DirectFeedback.xml (RunModel)" time="0.016" />
  <testcase classname="ptolemy.util.test.junit.AutoKnownFailedTests" name="[2] /home/travis/build/icyphy/ptII/ptolemy/domains/de/test/auto/knownFailedTests/FSMSource.xml (RunModel)" time="0.034" />
  <testcase classname="ptolemy.util.test.junit.AutoKnownFailedTests" name="[3] /home/travis/build/icyphy/ptII/ptolemy/domains/de/test/auto/knownFailedTests/HierarchicalModel.xml (RunModel)" time="0.037" />
  <testcase classname="ptolemy.util.test.junit.AutoKnownFailedTests" name="[4] /home/travis/build/icyphy/ptII/ptolemy/domains/de/test/auto/knownFailedTests/dependencyLoop.xml (RunModel)" time="0.039" />
  <testcase classname="ptolemy.util.test.junit.AutoKnownFailedTests" name="[5] /home/travis/build/icyphy/ptII/ptolemy/domains/de/test/auto/knownFailedTests/dependencyLoop2.xml (RunModel)" time="0.039" />
  <testcase classname="ptolemy.util.test.junit.AutoNameArchTests" name="[0] ThereAreNoAutoArchTests (RunModel)" time="0.005" />
  <testcase classname="ptolemy.util.test.junit.AutoTests" name="[0] /home/travis/build/icyphy/ptII/ptolemy/domains/de/test/auto/ActorDepthCalculation_actorWithoutPorts.xml (RunModel)" time="0.024" />
  <testcase classname="ptolemy.util.test.junit.AutoTests" name="[1] /home/travis/build/icyphy/ptII/ptolemy/domains/de/test/auto/AssemblyLine.xml (RunModel)" time="0.019" />
  <testcase classname="ptolemy.util.test.junit.AutoTests" name="[2] /home/travis/build/icyphy/ptII/ptolemy/domains/de/test/auto/CQBug1.xml (RunModel)" time="0.012" />
  <testcase classname="ptolemy.util.test.junit.AutoTests" name="[3] /home/travis/build/icyphy/ptII/ptolemy/domains/de/test/auto/CancelFireAt.xml (RunModel)" time="0.017" />
  <testcase classname="ptolemy.util.test.junit.AutoTests" name="[4] /home/travis/build/icyphy/ptII/ptolemy/domains/de/test/auto/CausalityAndComposabilityAnalysis.xml (RunModel)" time="0.018" />
  <testcase classname="ptolemy.util.test.junit.AutoTests" name="[5] /home/travis/build/icyphy/ptII/ptolemy/domains/de/test/auto/CausalityInterface1.xml (RunModel)" time="0.019" />
  <testcase classname="ptolemy.util.test.junit.AutoTests" name="[6] /home/travis/build/icyphy/ptII/ptolemy/domains/de/test/auto/CausalityInterface15.xml (RunModel)" time="0.016" />
  <testcase classname="ptolemy.util.test.junit.AutoTests" name="[7] /home/travis/build/icyphy/ptII/ptolemy/domains/de/test/auto/CausalityInterface2.xml (RunModel)" time="0.012" />
  <testcase classname="ptolemy.util.test.junit.AutoTests" name="[8] /home/travis/build/icyphy/ptII/ptolemy/domains/de/test/auto/CausalityInterface3.xml (RunModel)" time="0.016" />
  <testcase classname="ptolemy.util.test.junit.AutoTests" name="[9] /home/travis/build/icyphy/ptII/ptolemy/domains/de/test/auto/ClockDrift.xml (RunModel)" time="0.032" />
  <testcase classname="ptolemy.util.test.junit.AutoTests" name="[10] /home/travis/build/icyphy/ptII/ptolemy/domains/de/test/auto/ClockDriftAndValueChange.xml (RunModel)" time="0.028" />
  <testcase classname="ptolemy.util.test.junit.AutoTests" name="[11] /home/travis/build/icyphy/ptII/ptolemy/domains/de/test/auto/ClockDriftChange.xml (RunModel)" time="0.035" />
  <testcase classname="ptolemy.util.test.junit.AutoTests" name="[12] /home/travis/build/icyphy/ptII/ptolemy/domains/de/test/auto/ComposableCausalityAnalysis.xml (RunModel)" time="0.015" />
  <testcase classname="ptolemy.util.test.junit.AutoTests" name="[13] /home/travis/build/icyphy/ptII/ptolemy/domains/de/test/auto/DEFixedPointLimitation.xml (RunModel)" time="0.009" />
  <testcase classname="ptolemy.util.test.junit.AutoTests" name="[14] /home/travis/build/icyphy/ptII/ptolemy/domains/de/test/auto/DEScheduleTest.xml (RunModel)" time="0.014" />
  <testcase classname="ptolemy.util.test.junit.AutoTests" name="[15] /home/travis/build/icyphy/ptII/ptolemy/domains/de/test/auto/DEinDEwithStartTimes.xml (RunModel)" time="0.013" />
  <testcase classname="ptolemy.util.test.junit.AutoTests" name="[16] /home/travis/build/icyphy/ptII/ptolemy/domains/de/test/auto/DEinDEwithStartTimes2.xml (RunModel)" time="0.019" />
  <testcase classname="ptolemy.util.test.junit.AutoTests" name="[17] /home/travis/build/icyphy/ptII/ptolemy/domains/de/test/auto/DateDemo.xml (RunModel)" time="0.049" />
  <testcase classname="ptolemy.util.test.junit.AutoTests" name="[18] /home/travis/build/icyphy/ptII/ptolemy/domains/de/test/auto/DateToEvent.xml (RunModel)" time="2.038" />
  <testcase classname="ptolemy.util.test.junit.AutoTests" name="[19] /home/travis/build/icyphy/ptII/ptolemy/domains/de/test/auto/DepthTest1.xml (RunModel)" time="0.008" />
  <testcase classname="ptolemy.util.test.junit.AutoTests" name="[20] /home/travis/build/icyphy/ptII/ptolemy/domains/de/test/auto/DepthTest2.xml (RunModel)" time="0.016" />
  <testcase classname="ptolemy.util.test.junit.AutoTests" name="[21] /home/travis/build/icyphy/ptII/ptolemy/domains/de/test/auto/DepthTest3.xml (RunModel)" time="0.013" />
  <testcase classname="ptolemy.util.test.junit.AutoTests" name="[22] /home/travis/build/icyphy/ptII/ptolemy/domains/de/test/auto/DepthTest4.xml (RunModel)" time="0.018" />
  <testcase classname="ptolemy.util.test.junit.AutoTests" name="[23] /home/travis/build/icyphy/ptII/ptolemy/domains/de/test/auto/DepthTest5.xml (RunModel)" time="0.019" />
  <testcase classname="ptolemy.util.test.junit.AutoTests" name="[24] /home/travis/build/icyphy/ptII/ptolemy/domains/de/test/auto/DepthTest6.xml (RunModel)" time="0.013" />
  <testcase classname="ptolemy.util.test.junit.AutoTests" name="[25] /home/travis/build/icyphy/ptII/ptolemy/domains/de/test/auto/DepthTest7.xml (RunModel)" time="0.01" />
  <testcase classname="ptolemy.util.test.junit.AutoTests" name="[26] /home/travis/build/icyphy/ptII/ptolemy/domains/de/test/auto/EventToDate.xml (RunModel)" time="3.037" />
  <testcase classname="ptolemy.util.test.junit.AutoTests" name="[27] /home/travis/build/icyphy/ptII/ptolemy/domains/de/test/auto/FSM1.xml (RunModel)" time="0.044" />
  <testcase classname="ptolemy.util.test.junit.AutoTests" name="[28] /home/travis/build/icyphy/ptII/ptolemy/domains/de/test/auto/FSM7.xml (RunModel)" time="0.034" />
  <testcase classname="ptolemy.util.test.junit.AutoTests" name="[29] /home/travis/build/icyphy/ptII/ptolemy/domains/de/test/auto/Inspection.xml (RunModel)" time="0.042" />
  <testcase classname="ptolemy.util.test.junit.AutoTests" name="[30] /home/travis/build/icyphy/ptII/ptolemy/domains/de/test/auto/Iteration.xml (RunModel)" time="0.021" />
  <testcase classname="ptolemy.util.test.junit.AutoTests" name="[31] /home/travis/build/icyphy/ptII/ptolemy/domains/de/test/auto/LineFault.xml (RunModel)" time="0.561" />
  <testcase classname="ptolemy.util.test.junit.AutoTests" name="[32] /home/travis/build/icyphy/ptII/ptolemy/domains/de/test/auto/MergeModel1Add.xml (RunModel)" time="0.042" />
  <testcase classname="ptolemy.util.test.junit.AutoTests" name="[33] /home/travis/build/icyphy/ptII/ptolemy/domains/de/test/auto/MergeModel2Add.xml (RunModel)" time="0.038" />
  <testcase classname="ptolemy.util.test.junit.AutoTests" name="[34] /home/travis/build/icyphy/ptII/ptolemy/domains/de/test/auto/MergeModel3Add.xml (RunModel)" time="0.051" />
  <testcase classname="ptolemy.util.test.junit.AutoTests" name="[35] /home/travis/build/icyphy/ptII/ptolemy/domains/de/test/auto/MergeWithoutDiscard.xml (RunModel)" time="0.015" />
  <testcase classname="ptolemy.util.test.junit.AutoTests" name="[36] /home/travis/build/icyphy/ptII/ptolemy/domains/de/test/auto/Modal1.xml (RunModel)" time="0.029" />
  <testcase classname="ptolemy.util.test.junit.AutoTests" name="[37] /home/travis/build/icyphy/ptII/ptolemy/domains/de/test/auto/Modal2.xml (RunModel)" time="0.035" />
  <testcase classname="ptolemy.util.test.junit.AutoTests" name="[38] /home/travis/build/icyphy/ptII/ptolemy/domains/de/test/auto/Modal3.xml (RunModel)" time="0.026" />
  <testcase classname="ptolemy.util.test.junit.AutoTests" name="[39] /home/travis/build/icyphy/ptII/ptolemy/domains/de/test/auto/Modal4.xml (RunModel)" time="0.029" />
  <testcase classname="ptolemy.util.test.junit.AutoTests" name="[40] /home/travis/build/icyphy/ptII/ptolemy/domains/de/test/auto/Modal5.xml (RunModel)" time="0.026" />
  <testcase classname="ptolemy.util.test.junit.AutoTests" name="[41] /home/travis/build/icyphy/ptII/ptolemy/domains/de/test/auto/Modal6.xml (RunModel)" time="0.025" />
  <testcase classname="ptolemy.util.test.junit.AutoTests" name="[42] /home/travis/build/icyphy/ptII/ptolemy/domains/de/test/auto/Modal7.xml (RunModel)" time="0.026" />
  <testcase classname="ptolemy.util.test.junit.AutoTests" name="[43] /home/travis/build/icyphy/ptII/ptolemy/domains/de/test/auto/ModalModel.xml (RunModel)" time="0.191" />
  <testcase classname="ptolemy.util.test.junit.AutoTests" name="[44] /home/travis/build/icyphy/ptII/ptolemy/domains/de/test/auto/ModalSource.xml (RunModel)" time="0.027" />
  <testcase classname="ptolemy.util.test.junit.AutoTests" name="[45] /home/travis/build/icyphy/ptII/ptolemy/domains/de/test/auto/NonInterruptibleTimerZeroDelay.xml (RunModel)" time="0.015" />
  <testcase classname="ptolemy.util.test.junit.AutoTests" name="[46] /home/travis/build/icyphy/ptII/ptolemy/domains/de/test/auto/OpenQueueingNetwork.xml (RunModel)" time="2.184" />
  <testcase classname="ptolemy.util.test.junit.AutoTests" name="[47] /home/travis/build/icyphy/ptII/ptolemy/domains/de/test/auto/OpenQueuingNetwork.xml (RunModel)" time="0.26" />
  <testcase classname="ptolemy.util.test.junit.AutoTests" name="[48] /home/travis/build/icyphy/ptII/ptolemy/domains/de/test/auto/PeriodicSampler.xml (RunModel)" time="0.012" />
  <testcase classname="ptolemy.util.test.junit.AutoTests" name="[49] /home/travis/build/icyphy/ptII/ptolemy/domains/de/test/auto/PersistentIO.xml (RunModel)" time="0.017" />
  <testcase classname="ptolemy.util.test.junit.AutoTests" name="[50] /home/travis/build/icyphy/ptII/ptolemy/domains/de/test/auto/PortParameterResetOnInitialize.xml (RunModel)" time="0.007" />
  <testcase classname="ptolemy.util.test.junit.AutoTests" name="[51] /home/travis/build/icyphy/ptII/ptolemy/domains/de/test/auto/PortParameterUpdates.xml (RunModel)" time="0.016" />
  <testcase classname="ptolemy.util.test.junit.AutoTests" name="[52] /home/travis/build/icyphy/ptII/ptolemy/domains/de/test/auto/QueueAndServer.xml (RunModel)" time="0.019" />
  <testcase classname="ptolemy.util.test.junit.AutoTests" name="[53] /home/travis/build/icyphy/ptII/ptolemy/domains/de/test/auto/Records.xml (RunModel)" time="0.01" />
  <testcase classname="ptolemy.util.test.junit.AutoTests" name="[54] /home/travis/build/icyphy/ptII/ptolemy/domains/de/test/auto/ResetTransitionWithStartTime1.xml (RunModel)" time="0.019" />
  <testcase classname="ptolemy.util.test.junit.AutoTests" name="[55] /home/travis/build/icyphy/ptII/ptolemy/domains/de/test/auto/ResetTransitionWithStartTime2.xml (RunModel)" time="0.017" />
  <testcase classname="ptolemy.util.test.junit.AutoTests" name="[56] /home/travis/build/icyphy/ptII/ptolemy/domains/de/test/auto/ResetTransitionWithStartTime3.xml (RunModel)" time="0.014" />
  <testcase classname="ptolemy.util.test.junit.AutoTests" name="[57] /home/travis/build/icyphy/ptII/ptolemy/domains/de/test/auto/ResetTransitionWithStartTime4.xml (RunModel)" time="0.015" />
  <testcase classname="ptolemy.util.test.junit.AutoTests" name="[58] /home/travis/build/icyphy/ptII/ptolemy/domains/de/test/auto/ResettableTimer1.xml (RunModel)" time="0.01" />
  <testcase classname="ptolemy.util.test.junit.AutoTests" name="[59] /home/travis/build/icyphy/ptII/ptolemy/domains/de/test/auto/ResettableTimer2.xml (RunModel)" time="0.007" />
  <testcase classname="ptolemy.util.test.junit.AutoTests" name="[60] /home/travis/build/icyphy/ptII/ptolemy/domains/de/test/auto/ResettableTimer3.xml (RunModel)" time="0.007" />
  <testcase classname="ptolemy.util.test.junit.AutoTests" name="[61] /home/travis/build/icyphy/ptII/ptolemy/domains/de/test/auto/ResettableTimer4.xml (RunModel)" time="0.007" />
  <testcase classname="ptolemy.util.test.junit.AutoTests" name="[62] /home/travis/build/icyphy/ptII/ptolemy/domains/de/test/auto/ResettableTimer5.xml (RunModel)" time="0.008" />
  <testcase classname="ptolemy.util.test.junit.AutoTests" name="[63] /home/travis/build/icyphy/ptII/ptolemy/domains/de/test/auto/ResettableTimer6.xml (RunModel)" time="0.014" />
  <testcase classname="ptolemy.util.test.junit.AutoTests" name="[64] /home/travis/build/icyphy/ptII/ptolemy/domains/de/test/auto/ServerZeroDelay.xml (RunModel)" time="0.007" />
  <testcase classname="ptolemy.util.test.junit.AutoTests" name="[65] /home/travis/build/icyphy/ptII/ptolemy/domains/de/test/auto/SmartSender.xml (RunModel)" time="3.007" />
  <testcase classname="ptolemy.util.test.junit.AutoTests" name="[66] /home/travis/build/icyphy/ptII/ptolemy/domains/de/test/auto/ThreadedComposite.xml (RunModel)" time="0.139" />
  <testcase classname="ptolemy.util.test.junit.AutoTests" name="[67] /home/travis/build/icyphy/ptII/ptolemy/domains/de/test/auto/Time.xml (RunModel)" time="0.398" />
  <testcase classname="ptolemy.util.test.junit.AutoTests" name="[68] /home/travis/build/icyphy/ptII/ptolemy/domains/de/test/auto/TimeDelayZeroDelay.xml (RunModel)" time="0.014" />
  <testcase classname="ptolemy.util.test.junit.AutoTests" name="[69] /home/travis/build/icyphy/ptII/ptolemy/domains/de/test/auto/TimerZeroDelay.xml (RunModel)" time="0.008" />
  <testcase classname="ptolemy.util.test.junit.AutoTests" name="[70] /home/travis/build/icyphy/ptII/ptolemy/domains/de/test/auto/TimingParadox.xml (RunModel)" time="0.302" />
  <testcase classname="ptolemy.util.test.junit.AutoTests" name="[71] /home/travis/build/icyphy/ptII/ptolemy/domains/de/test/auto/TransferInputs.xml (RunModel)" time="0.011" />
  <testcase classname="ptolemy.util.test.junit.AutoTests" name="[72] /home/travis/build/icyphy/ptII/ptolemy/domains/de/test/auto/TransferOutputs2.xml (RunModel)" time="0.022" />
  <testcase classname="ptolemy.util.test.junit.AutoTests" name="[73] /home/travis/build/icyphy/ptII/ptolemy/domains/de/test/auto/Trilateration.xml (RunModel)" time="11.676" />
  <testcase classname="ptolemy.util.test.junit.AutoTests" name="[74] /home/travis/build/icyphy/ptII/ptolemy/domains/de/test/auto/TwoSigmaDelta.xml (RunModel)" time="1.798" />
  <testcase classname="ptolemy.util.test.junit.AutoTests" name="[75] /home/travis/build/icyphy/ptII/ptolemy/domains/de/test/auto/VariableDelay.xml (RunModel)" time="0.018" />
  <testcase classname="ptolemy.util.test.junit.AutoTests" name="[76] /home/travis/build/icyphy/ptII/ptolemy/domains/de/test/auto/VariableDelay2.xml (RunModel)" time="0.01" />
  <testcase classname="ptolemy.util.test.junit.AutoTests" name="[77] /home/travis/build/icyphy/ptII/ptolemy/domains/de/test/auto/VariableDelayZeroDelay.xml (RunModel)" time="0.01" />
  <testcase classname="ptolemy.util.test.junit.AutoTests" name="[78] /home/travis/build/icyphy/ptII/ptolemy/domains/de/test/auto/VariableDelayZeroDelay2.xml (RunModel)" time="0.008" />
  <testcase classname="ptolemy.util.test.junit.AutoTests" name="[79] /home/travis/build/icyphy/ptII/ptolemy/domains/de/test/auto/deInCt.xml (RunModel)" time="0.014" />
  <testcase classname="ptolemy.util.test.junit.AutoTests" name="[80] /home/travis/build/icyphy/ptII/ptolemy/domains/de/test/auto/deInCt2.xml (RunModel)" time="0.015" />
  <testcase classname="ptolemy.util.test.junit.AutoTests" name="[81] /home/travis/build/icyphy/ptII/ptolemy/domains/de/test/auto/dynamicCausalityInterface1.xml (RunModel)" time="0.016" />
  <testcase classname="ptolemy.util.test.junit.AutoTests" name="[82] /home/travis/build/icyphy/ptII/ptolemy/domains/de/test/auto/fsm_de_test.xml (RunModel)" time="0.018" />
  <testcase classname="ptolemy.util.test.junit.AutoTests" name="[83] /home/travis/build/icyphy/ptII/ptolemy/domains/de/test/auto/functionDependencyReconstruction.xml (RunModel)" time="0.024" />
  <testcase classname="ptolemy.util.test.junit.AutoTests" name="[84] /home/travis/build/icyphy/ptII/ptolemy/domains/de/test/auto/multirate.xml (RunModel)" time="0.013" />
  <testcase classname="ptolemy.util.test.junit.AutoTests" name="[85] /home/travis/build/icyphy/ptII/ptolemy/domains/de/test/auto/multirate2.xml (RunModel)" time="0.014" />
  <testcase classname="ptolemy.util.test.junit.AutoTests" name="[86] /home/travis/build/icyphy/ptII/ptolemy/domains/de/test/auto/realtime.xml (RunModel)" time="10.007" />
  <testcase classname="ptolemy.util.test.junit.AutoTests" name="[87] /home/travis/build/icyphy/ptII/ptolemy/domains/de/test/auto/relationGroup.xml (RunModel)" time="0.009" />
  <testcase classname="ptolemy.util.test.junit.AutoTests" name="[88] /home/travis/build/icyphy/ptII/ptolemy/domains/de/test/auto/relationGroup2.xml (RunModel)" time="0.01" />
  <testcase classname="ptolemy.util.test.junit.AutoTests" name="[89] /home/travis/build/icyphy/ptII/ptolemy/domains/de/test/auto/sortWithOpaquePorts.xml (RunModel)" time="0.012" />
  <testcase classname="ptolemy.util.test.junit.AutoTests" name="[90] /home/travis/build/icyphy/ptII/ptolemy/domains/de/test/auto/transferInputsandOutputs.xml (RunModel)" time="0.013" />
  <testcase classname="ptolemy.util.test.junit.AutoTests" name="[91] /home/travis/build/icyphy/ptII/ptolemy/domains/de/test/auto/triggerType.xml (RunModel)" time="0.007" />
  <system-out><![CDATA[/home/travis/build/icyphy/ptII/ptolemy/domains/de/test/DependencyLoop.tcl
testDefs.tcl: setting time out to 9000 seconds at Sat Mar 21 17:39:36 UTC 2020
58 ms. Memory: 129024K Free: 78791K (61%)
21 ms. Memory: 129024K Free: 61383K (48%)
/home/travis/build/icyphy/ptII/ptolemy/domains/de/test/RunDETestsAsQSS.tcl
Run the DE tests using ptolemy.domains.qss.test.QSSDirectorTest, which extends QSSDirector and prints a message in the constructors.
------------------ testing $PTII/ptolemy/domains/de/test/auto/knownFailedTests/DirectFeedback.xml (Known Failure) 
58 ms. Memory: 129024K Free: 55749K (43%)


==== $PTIIhome/travis/build/icyphy/ptII/ptolemy/domains/de/test/../../../../: Auto Automatic test in file $PTII/ptolemy/domains/de/test/auto/knownFailedTests/DirectFeedback.xml
==== Contents of test case:

	    # FIXME: we should use $relativeFilename here, but it
	    # might have backslashes under Windows, which causes no end
	    # of trouble.
	    createAndExecute $file
	    list {}
	
.... Test generated KNOWN error:
    while executing
ptolemy.kernel.util.IllegalActionException: Test fails in iteration 1.
Value was: 1.0. Should have been: 2.0
  in .DirectFeedback.Test
	at ptolemy.actor.lib.Test.fire(Test.java:268)
	at ptolemy.domains.de.kernel.DEDirector._fire(DEDirector.java:1949)
	at ptolemy.domains.de.kernel.DEDirector.fire(DEDirector.java:502)
	at ptolemy.actor.CompositeActor.fire(CompositeActor.java:455)
	at ptolemy.actor.Manager.iterate(Manager.java:851)
	at ptolemy.actor.Manager.execute(Manager.java:369)
	at ptolemy.actor.Manager.run(Manager.java:1263)
	at ptolemy.actor.Manager$PtolemyRunThread.run(Manager.java:1933)

    while executing
ptolemy.kernel.util.IllegalActionException: Test fails in iteration 1.
Value was: 1.0. Should have been: 2.0
  in .DirectFeedback.Test
    while executing
"java::new ptolemy.moml.MoMLSimpleApplication $file
"
    (procedure "createAndExecute" line 2)
    invoked from within
"createAndExecute $file"
    ("uplevel" body line 5)
    invoked from within
"uplevel $contents_of_test"
------------------ testing $PTII/ptolemy/domains/de/test/auto/knownFailedTests/dependencyLoop.xml (Known Failure) 
10 ms. Memory: 129024K Free: 52677K (41%)


==== $PTIIhome/travis/build/icyphy/ptII/ptolemy/domains/de/test/../../../../: Auto Automatic test in file $PTII/ptolemy/domains/de/test/auto/knownFailedTests/dependencyLoop.xml
==== Contents of test case:

	    # FIXME: we should use $relativeFilename here, but it
	    # might have backslashes under Windows, which causes no end
	    # of trouble.
	    createAndExecute $file
	    list {}
	
.... Test generated KNOWN error:
    while executing
ptolemy.kernel.util.IllegalActionException: Found a zero delay loop containing .dependencyLoop.original
  in .dependencyLoop and .dependencyLoop.original
	at ptolemy.actor.util.CausalityInterfaceForComposites._computeOutputPortDepth(CausalityInterfaceForComposites.java:759)
	at ptolemy.actor.util.CausalityInterfaceForComposites._computeInputDepth(CausalityInterfaceForComposites.java:696)
	at ptolemy.actor.util.CausalityInterfaceForComposites._computeOutputPortDepth(CausalityInterfaceForComposites.java:765)
	at ptolemy.actor.util.CausalityInterfaceForComposites._computeInputDepth(CausalityInterfaceForComposites.java:696)
	at ptolemy.actor.util.CausalityInterfaceForComposites._computeOutputPortDepth(CausalityInterfaceForComposites.java:765)
	at ptolemy.actor.util.CausalityInterfaceForComposites._computeInputDepth(CausalityInterfaceForComposites.java:696)
	at ptolemy.actor.util.CausalityInterfaceForComposites._computeActorDepth(CausalityInterfaceForComposites.java:532)
	at ptolemy.actor.util.CausalityInterfaceForComposites.checkForCycles(CausalityInterfaceForComposites.java:96)
	at ptolemy.domains.de.kernel.DEDirector.preinitialize(DEDirector.java:1338)
	at ptolemy.actor.CompositeActor.preinitialize(CompositeActor.java:1828)
	at ptolemy.actor.Manager.preinitializeAndResolveTypes(Manager.java:1040)
	at ptolemy.actor.Manager.initialize(Manager.java:710)
	at ptolemy.actor.Manager.execute(Manager.java:356)
	at ptolemy.actor.Manager.run(Manager.java:1263)
	at ptolemy.actor.Manager$PtolemyRunThread.run(Manager.java:1933)

    while executing
ptolemy.kernel.util.IllegalActionException: Found a zero delay loop containing .dependencyLoop.original
  in .dependencyLoop and .dependencyLoop.original
    while executing
"java::new ptolemy.moml.MoMLSimpleApplication $file
"
    (procedure "createAndExecute" line 2)
    invoked from within
"createAndExecute $file"
    ("uplevel" body line 5)
    invoked from within
"uplevel $contents_of_test"
------------------ testing $PTII/ptolemy/domains/de/test/auto/knownFailedTests/FSMSource.xml (Known Failure) 
76 ms. Memory: 129024K Free: 110762K (86%)
!!!! Auto was marked as failing, but now passes
------------------ testing $PTII/ptolemy/domains/de/test/auto/knownFailedTests/HierarchicalModel.xml (Known Failure) 
9 ms. Memory: 129024K Free: 92920K (72%)


==== $PTIIhome/travis/build/icyphy/ptII/ptolemy/domains/de/test/../../../../: Auto Automatic test in file $PTII/ptolemy/domains/de/test/auto/knownFailedTests/HierarchicalModel.xml
==== Contents of test case:

	    # FIXME: we should use $relativeFilename here, but it
	    # might have backslashes under Windows, which causes no end
	    # of trouble.
	    createAndExecute $file
	    list {}
	
.... Test generated KNOWN error:
    while executing
ptolemy.kernel.util.IllegalActionException: Found a zero delay loop containing .HierarchicalModel.A
  in .HierarchicalModel and .HierarchicalModel.A
	at ptolemy.actor.util.CausalityInterfaceForComposites._computeOutputPortDepth(CausalityInterfaceForComposites.java:759)
	at ptolemy.actor.util.CausalityInterfaceForComposites._computeInputDepth(CausalityInterfaceForComposites.java:696)
	at ptolemy.actor.util.CausalityInterfaceForComposites._computeOutputPortDepth(CausalityInterfaceForComposites.java:765)
	at ptolemy.actor.util.CausalityInterfaceForComposites._computeInputDepth(CausalityInterfaceForComposites.java:696)
	at ptolemy.actor.util.CausalityInterfaceForComposites._computeOutputPortDepth(CausalityInterfaceForComposites.java:765)
	at ptolemy.actor.util.CausalityInterfaceForComposites._computeInputDepth(CausalityInterfaceForComposites.java:696)
	at ptolemy.actor.util.CausalityInterfaceForComposites._computeActorDepth(CausalityInterfaceForComposites.java:532)
	at ptolemy.actor.util.CausalityInterfaceForComposites.checkForCycles(CausalityInterfaceForComposites.java:96)
	at ptolemy.domains.de.kernel.DEDirector.preinitialize(DEDirector.java:1338)
	at ptolemy.actor.CompositeActor.preinitialize(CompositeActor.java:1828)
	at ptolemy.actor.Manager.preinitializeAndResolveTypes(Manager.java:1040)
	at ptolemy.actor.Manager.initialize(Manager.java:710)
	at ptolemy.actor.Manager.execute(Manager.java:356)
	at ptolemy.actor.Manager.run(Manager.java:1263)
	at ptolemy.actor.Manager$PtolemyRunThread.run(Manager.java:1933)

    while executing
ptolemy.kernel.util.IllegalActionException: Found a zero delay loop containing .HierarchicalModel.A
  in .HierarchicalModel and .HierarchicalModel.A
    while executing
"java::new ptolemy.moml.MoMLSimpleApplication $file
"
    (procedure "createAndExecute" line 2)
    invoked from within
"createAndExecute $file"
    ("uplevel" body line 5)
    invoked from within
"uplevel $contents_of_test"
------------------ testing $PTII/ptolemy/domains/de/test/auto/knownFailedTests/dependencyLoop2.xml (Known Failure) 
5 ms. Memory: 129024K Free: 76520K (59%)


==== $PTIIhome/travis/build/icyphy/ptII/ptolemy/domains/de/test/../../../../: Auto Automatic test in file $PTII/ptolemy/domains/de/test/auto/knownFailedTests/dependencyLoop2.xml
==== Contents of test case:

	    # FIXME: we should use $relativeFilename here, but it
	    # might have backslashes under Windows, which causes no end
	    # of trouble.
	    createAndExecute $file
	    list {}
	
.... Test generated KNOWN error:
    while executing
ptolemy.kernel.util.IllegalActionException: Found a zero delay loop containing .dependencyLoop2.original
  in .dependencyLoop2 and .dependencyLoop2.original
	at ptolemy.actor.util.CausalityInterfaceForComposites._computeOutputPortDepth(CausalityInterfaceForComposites.java:759)
	at ptolemy.actor.util.CausalityInterfaceForComposites._computeInputDepth(CausalityInterfaceForComposites.java:696)
	at ptolemy.actor.util.CausalityInterfaceForComposites._computeOutputPortDepth(CausalityInterfaceForComposites.java:765)
	at ptolemy.actor.util.CausalityInterfaceForComposites._computeInputDepth(CausalityInterfaceForComposites.java:696)
	at ptolemy.actor.util.CausalityInterfaceForComposites._computeOutputPortDepth(CausalityInterfaceForComposites.java:765)
	at ptolemy.actor.util.CausalityInterfaceForComposites._computeInputDepth(CausalityInterfaceForComposites.java:696)
	at ptolemy.actor.util.CausalityInterfaceForComposites._computeActorDepth(CausalityInterfaceForComposites.java:532)
	at ptolemy.actor.util.CausalityInterfaceForComposites.checkForCycles(CausalityInterfaceForComposites.java:96)
	at ptolemy.domains.de.kernel.DEDirector.preinitialize(DEDirector.java:1338)
	at ptolemy.actor.CompositeActor.preinitialize(CompositeActor.java:1828)
	at ptolemy.actor.Manager.preinitializeAndResolveTypes(Manager.java:1040)
	at ptolemy.actor.Manager.initialize(Manager.java:710)
	at ptolemy.actor.Manager.execute(Manager.java:356)
	at ptolemy.actor.Manager.run(Manager.java:1263)
	at ptolemy.actor.Manager$PtolemyRunThread.run(Manager.java:1933)

    while executing
ptolemy.kernel.util.IllegalActionException: Found a zero delay loop containing .dependencyLoop2.original
  in .dependencyLoop2 and .dependencyLoop2.original
    while executing
"java::new ptolemy.moml.MoMLSimpleApplication $file
"
    (procedure "createAndExecute" line 2)
    invoked from within
"createAndExecute $file"
    ("uplevel" body line 5)
    invoked from within
"uplevel $contents_of_test"
------------------ testing $PTII/ptolemy/domains/de/test/auto/knownFailedTests/DESDFClockTest.xml (Known Failure) 
2035 ms. Memory: 129024K Free: 106956K (83%)


==== $PTIIhome/travis/build/icyphy/ptII/ptolemy/domains/de/test/../../../../: Auto Automatic test in file $PTII/ptolemy/domains/de/test/auto/knownFailedTests/DESDFClockTest.xml
==== Contents of test case:

	    # FIXME: we should use $relativeFilename here, but it
	    # might have backslashes under Windows, which causes no end
	    # of trouble.
	    createAndExecute $file
	    list {}
	
.... Test generated KNOWN error:
    while executing
ptolemy.kernel.util.IllegalActionException: Actor is not ready to fire.  Perhaps UpSample.prefire() returned false? Try debugging the actor by selecting "Listen to Actor".  Also, for SDF check moml for tokenConsumptionRate on input.
  in .DESDFClockTest.Play Bell.Copy1:SDF Director and .DESDFClockTest.Play Bell.UpSample
	at ptolemy.actor.sched.StaticSchedulingDirector.fire(StaticSchedulingDirector.java:227)
	at ptolemy.domains.sdf.kernel.SDFDirector.fire(SDFDirector.java:500)
	at ptolemy.actor.CompositeActor.fire(CompositeActor.java:455)
	at ptolemy.domains.de.kernel.DEDirector._fire(DEDirector.java:1949)
	at ptolemy.domains.de.kernel.DEDirector.fire(DEDirector.java:502)
	at ptolemy.actor.CompositeActor.fire(CompositeActor.java:455)
	at ptolemy.actor.Manager.iterate(Manager.java:851)
	at ptolemy.actor.Manager.execute(Manager.java:369)
	at ptolemy.actor.Manager.run(Manager.java:1263)
	at ptolemy.actor.Manager$PtolemyRunThread.run(Manager.java:1933)

    while executing
ptolemy.kernel.util.IllegalActionException: Actor is not ready to fire.  Perhaps UpSample.prefire() returned false? Try debugging the actor by selecting "Listen to Actor".  Also, for SDF check moml for tokenConsumptionRate on input.
  in .DESDFClockTest.Play Bell.Copy1:SDF Director and .DESDFClockTest.Play Bell.UpSample
    while executing
"java::new ptolemy.moml.MoMLSimpleApplication $file
"
    (procedure "createAndExecute" line 2)
    invoked from within
"createAndExecute $file"
    ("uplevel" body line 5)
    invoked from within
"uplevel $contents_of_test"
------------------ testing $PTII/ptolemy/domains/de/test/auto/ActorDepthCalculation_actorWithoutPorts.xml
auto.tcl: Setting watchdog for 200 seconds at Sat Mar 21 17:39:40 UTC 2020
4 ms. Memory: 129024K Free: 99268K (77%)
ptolemy.util.test.WatchDog.cancel(): canceling Sat Mar 21 17:39:40 UTC 2020
auto.tcl: Setting watchdog for 200 seconds at Sat Mar 21 17:39:40 UTC 2020
3 ms. Memory: 129024K Free: 97740K (76%)
ptolemy.util.test.WatchDog.cancel(): canceling Sat Mar 21 17:39:40 UTC 2020
------------------ testing $PTII/ptolemy/domains/de/test/auto/AssemblyLine.xml
auto.tcl: Setting watchdog for 200 seconds at Sat Mar 21 17:39:40 UTC 2020
16 ms. Memory: 51200K Free: 27922K (55%)
ptolemy.util.test.WatchDog.cancel(): canceling Sat Mar 21 17:39:41 UTC 2020
auto.tcl: Setting watchdog for 200 seconds at Sat Mar 21 17:39:41 UTC 2020
16 ms. Memory: 51200K Free: 27004K (53%)
ptolemy.util.test.WatchDog.cancel(): canceling Sat Mar 21 17:39:41 UTC 2020
------------------ testing $PTII/ptolemy/domains/de/test/auto/CQBug1.xml
auto.tcl: Setting watchdog for 200 seconds at Sat Mar 21 17:39:41 UTC 2020
3 ms. Memory: 51200K Free: 33823K (66%)
ptolemy.util.test.WatchDog.cancel(): canceling Sat Mar 21 17:39:41 UTC 2020
auto.tcl: Setting watchdog for 200 seconds at Sat Mar 21 17:39:41 UTC 2020
2 ms. Memory: 51200K Free: 33355K (65%)
ptolemy.util.test.WatchDog.cancel(): canceling Sat Mar 21 17:39:41 UTC 2020
------------------ testing $PTII/ptolemy/domains/de/test/auto/CancelFireAt.xml
auto.tcl: Setting watchdog for 200 seconds at Sat Mar 21 17:39:41 UTC 2020
3 ms. Memory: 51200K Free: 34694K (68%)
ptolemy.util.test.WatchDog.cancel(): canceling Sat Mar 21 17:39:41 UTC 2020
auto.tcl: Setting watchdog for 200 seconds at Sat Mar 21 17:39:41 UTC 2020
1 ms. Memory: 51200K Free: 34099K (67%)
ptolemy.util.test.WatchDog.cancel(): canceling Sat Mar 21 17:39:41 UTC 2020
------------------ testing $PTII/ptolemy/domains/de/test/auto/CausalityAndComposabilityAnalysis.xml
auto.tcl: Setting watchdog for 200 seconds at Sat Mar 21 17:39:41 UTC 2020
6 ms. Memory: 51200K Free: 32715K (64%)
ptolemy.util.test.WatchDog.cancel(): canceling Sat Mar 21 17:39:41 UTC 2020
auto.tcl: Setting watchdog for 200 seconds at Sat Mar 21 17:39:41 UTC 2020
5 ms. Memory: 51200K Free: 31959K (62%)
ptolemy.util.test.WatchDog.cancel(): canceling Sat Mar 21 17:39:41 UTC 2020
------------------ testing $PTII/ptolemy/domains/de/test/auto/CausalityInterface1.xml
auto.tcl: Setting watchdog for 200 seconds at Sat Mar 21 17:39:41 UTC 2020
20 ms. Memory: 51200K Free: 31383K (61%)
ptolemy.util.test.WatchDog.cancel(): canceling Sat Mar 21 17:39:41 UTC 2020
auto.tcl: Setting watchdog for 200 seconds at Sat Mar 21 17:39:41 UTC 2020
3 ms. Memory: 51200K Free: 30401K (59%)
ptolemy.util.test.WatchDog.cancel(): canceling Sat Mar 21 17:39:41 UTC 2020
------------------ testing $PTII/ptolemy/domains/de/test/auto/CausalityInterface15.xml
auto.tcl: Setting watchdog for 200 seconds at Sat Mar 21 17:39:41 UTC 2020
9 ms. Memory: 51200K Free: 31435K (61%)
ptolemy.util.test.WatchDog.cancel(): canceling Sat Mar 21 17:39:41 UTC 2020
auto.tcl: Setting watchdog for 200 seconds at Sat Mar 21 17:39:41 UTC 2020
5 ms. Memory: 51200K Free: 30359K (59%)
ptolemy.util.test.WatchDog.cancel(): canceling Sat Mar 21 17:39:41 UTC 2020
------------------ testing $PTII/ptolemy/domains/de/test/auto/CausalityInterface2.xml
auto.tcl: Setting watchdog for 200 seconds at Sat Mar 21 17:39:41 UTC 2020
4 ms. Memory: 51200K Free: 32055K (63%)
ptolemy.util.test.WatchDog.cancel(): canceling Sat Mar 21 17:39:41 UTC 2020
auto.tcl: Setting watchdog for 200 seconds at Sat Mar 21 17:39:41 UTC 2020
2 ms. Memory: 51200K Free: 31369K (61%)
ptolemy.util.test.WatchDog.cancel(): canceling Sat Mar 21 17:39:41 UTC 2020
------------------ testing $PTII/ptolemy/domains/de/test/auto/CausalityInterface3.xml
auto.tcl: Setting watchdog for 200 seconds at Sat Mar 21 17:39:41 UTC 2020
3 ms. Memory: 51200K Free: 31546K (62%)
ptolemy.util.test.WatchDog.cancel(): canceling Sat Mar 21 17:39:41 UTC 2020
auto.tcl: Setting watchdog for 200 seconds at Sat Mar 21 17:39:41 UTC 2020
2 ms. Memory: 51200K Free: 31063K (61%)
ptolemy.util.test.WatchDog.cancel(): canceling Sat Mar 21 17:39:41 UTC 2020
------------------ testing $PTII/ptolemy/domains/de/test/auto/ClockDrift.xml
auto.tcl: Setting watchdog for 200 seconds at Sat Mar 21 17:39:41 UTC 2020
47 ms. Memory: 51200K Free: 24149K (47%)
ptolemy.util.test.WatchDog.cancel(): canceling Sat Mar 21 17:39:41 UTC 2020
auto.tcl: Setting watchdog for 200 seconds at Sat Mar 21 17:39:41 UTC 2020
33 ms. Memory: 51200K Free: 20693K (40%)
ptolemy.util.test.WatchDog.cancel(): canceling Sat Mar 21 17:39:41 UTC 2020
------------------ testing $PTII/ptolemy/domains/de/test/auto/ClockDriftAndValueChange.xml
auto.tcl: Setting watchdog for 200 seconds at Sat Mar 21 17:39:41 UTC 2020
45 ms. Memory: 51200K Free: 23975K (47%)
ptolemy.util.test.WatchDog.cancel(): canceling Sat Mar 21 17:39:41 UTC 2020
auto.tcl: Setting watchdog for 200 seconds at Sat Mar 21 17:39:41 UTC 2020
31 ms. Memory: 51200K Free: 20992K (41%)
ptolemy.util.test.WatchDog.cancel(): canceling Sat Mar 21 17:39:42 UTC 2020
------------------ testing $PTII/ptolemy/domains/de/test/auto/ClockDriftChange.xml
auto.tcl: Setting watchdog for 200 seconds at Sat Mar 21 17:39:42 UTC 2020
17 ms. Memory: 51200K Free: 26015K (51%)
ptolemy.util.test.WatchDog.cancel(): canceling Sat Mar 21 17:39:42 UTC 2020
auto.tcl: Setting watchdog for 200 seconds at Sat Mar 21 17:39:42 UTC 2020
16 ms. Memory: 51200K Free: 23477K (46%)
ptolemy.util.test.WatchDog.cancel(): canceling Sat Mar 21 17:39:42 UTC 2020
------------------ testing $PTII/ptolemy/domains/de/test/auto/ComposableCausalityAnalysis.xml
auto.tcl: Setting watchdog for 200 seconds at Sat Mar 21 17:39:42 UTC 2020
3 ms. Memory: 51200K Free: 30821K (60%)
ptolemy.util.test.WatchDog.cancel(): canceling Sat Mar 21 17:39:42 UTC 2020
auto.tcl: Setting watchdog for 200 seconds at Sat Mar 21 17:39:42 UTC 2020
4 ms. Memory: 51200K Free: 29785K (58%)
ptolemy.util.test.WatchDog.cancel(): canceling Sat Mar 21 17:39:42 UTC 2020
------------------ testing $PTII/ptolemy/domains/de/test/auto/DEFixedPointLimitation.xml
auto.tcl: Setting watchdog for 200 seconds at Sat Mar 21 17:39:42 UTC 2020
2 ms. Memory: 51200K Free: 32257K (63%)
ptolemy.util.test.WatchDog.cancel(): canceling Sat Mar 21 17:39:42 UTC 2020
auto.tcl: Setting watchdog for 200 seconds at Sat Mar 21 17:39:42 UTC 2020
2 ms. Memory: 51200K Free: 31358K (61%)
ptolemy.util.test.WatchDog.cancel(): canceling Sat Mar 21 17:39:42 UTC 2020
------------------ testing $PTII/ptolemy/domains/de/test/auto/DEScheduleTest.xml
auto.tcl: Setting watchdog for 200 seconds at Sat Mar 21 17:39:42 UTC 2020
7 ms. Memory: 51200K Free: 32578K (64%)
ptolemy.util.test.WatchDog.cancel(): canceling Sat Mar 21 17:39:42 UTC 2020
auto.tcl: Setting watchdog for 200 seconds at Sat Mar 21 17:39:42 UTC 2020
3 ms. Memory: 51200K Free: 31822K (62%)
ptolemy.util.test.WatchDog.cancel(): canceling Sat Mar 21 17:39:42 UTC 2020
------------------ testing $PTII/ptolemy/domains/de/test/auto/DEinDEwithStartTimes.xml
auto.tcl: Setting watchdog for 200 seconds at Sat Mar 21 17:39:42 UTC 2020
3 ms. Memory: 51200K Free: 30748K (60%)
ptolemy.util.test.WatchDog.cancel(): canceling Sat Mar 21 17:39:42 UTC 2020
auto.tcl: Setting watchdog for 200 seconds at Sat Mar 21 17:39:42 UTC 2020
3 ms. Memory: 51200K Free: 29724K (58%)
ptolemy.util.test.WatchDog.cancel(): canceling Sat Mar 21 17:39:42 UTC 2020
------------------ testing $PTII/ptolemy/domains/de/test/auto/DEinDEwithStartTimes2.xml
auto.tcl: Setting watchdog for 200 seconds at Sat Mar 21 17:39:42 UTC 2020
4 ms. Memory: 51200K Free: 29855K (58%)
ptolemy.util.test.WatchDog.cancel(): canceling Sat Mar 21 17:39:42 UTC 2020
auto.tcl: Setting watchdog for 200 seconds at Sat Mar 21 17:39:42 UTC 2020
4 ms. Memory: 51200K Free: 28678K (56%)
ptolemy.util.test.WatchDog.cancel(): canceling Sat Mar 21 17:39:42 UTC 2020
------------------ testing $PTII/ptolemy/domains/de/test/auto/DateDemo.xml
auto.tcl: Setting watchdog for 200 seconds at Sat Mar 21 17:39:42 UTC 2020
26 ms. Memory: 51200K Free: 24289K (47%)
ptolemy.util.test.WatchDog.cancel(): canceling Sat Mar 21 17:39:42 UTC 2020
auto.tcl: Setting watchdog for 200 seconds at Sat Mar 21 17:39:42 UTC 2020
9 ms. Memory: 51200K Free: 22652K (44%)
ptolemy.util.test.WatchDog.cancel(): canceling Sat Mar 21 17:39:42 UTC 2020
------------------ testing $PTII/ptolemy/domains/de/test/auto/DateToEvent.xml
auto.tcl: Setting watchdog for 200 seconds at Sat Mar 21 17:39:42 UTC 2020
2012 ms. Memory: 51200K Free: 20242K (40%)
ptolemy.util.test.WatchDog.cancel(): canceling Sat Mar 21 17:39:44 UTC 2020
auto.tcl: Setting watchdog for 200 seconds at Sat Mar 21 17:39:44 UTC 2020
2004 ms. Memory: 51200K Free: 19384K (38%)
ptolemy.util.test.WatchDog.cancel(): canceling Sat Mar 21 17:39:46 UTC 2020
------------------ testing $PTII/ptolemy/domains/de/test/auto/DepthTest1.xml
auto.tcl: Setting watchdog for 200 seconds at Sat Mar 21 17:39:46 UTC 2020
3 ms. Memory: 51200K Free: 33415K (65%)
ptolemy.util.test.WatchDog.cancel(): canceling Sat Mar 21 17:39:46 UTC 2020
auto.tcl: Setting watchdog for 200 seconds at Sat Mar 21 17:39:46 UTC 2020
1 ms. Memory: 51200K Free: 32943K (64%)
ptolemy.util.test.WatchDog.cancel(): canceling Sat Mar 21 17:39:46 UTC 2020
------------------ testing $PTII/ptolemy/domains/de/test/auto/DepthTest2.xml
auto.tcl: Setting watchdog for 200 seconds at Sat Mar 21 17:39:46 UTC 2020
5 ms. Memory: 51200K Free: 30163K (59%)
ptolemy.util.test.WatchDog.cancel(): canceling Sat Mar 21 17:39:46 UTC 2020
auto.tcl: Setting watchdog for 200 seconds at Sat Mar 21 17:39:46 UTC 2020
6 ms. Memory: 51200K Free: 29717K (58%)
ptolemy.util.test.WatchDog.cancel(): canceling Sat Mar 21 17:39:46 UTC 2020
------------------ testing $PTII/ptolemy/domains/de/test/auto/DepthTest3.xml
auto.tcl: Setting watchdog for 200 seconds at Sat Mar 21 17:39:46 UTC 2020
6 ms. Memory: 51200K Free: 33732K (66%)
ptolemy.util.test.WatchDog.cancel(): canceling Sat Mar 21 17:39:46 UTC 2020
auto.tcl: Setting watchdog for 200 seconds at Sat Mar 21 17:39:46 UTC 2020
3 ms. Memory: 51200K Free: 33240K (65%)
ptolemy.util.test.WatchDog.cancel(): canceling Sat Mar 21 17:39:46 UTC 2020
------------------ testing $PTII/ptolemy/domains/de/test/auto/DepthTest4.xml
auto.tcl: Setting watchdog for 200 seconds at Sat Mar 21 17:39:47 UTC 2020
3 ms. Memory: 51200K Free: 31947K (62%)
ptolemy.util.test.WatchDog.cancel(): canceling Sat Mar 21 17:39:47 UTC 2020
auto.tcl: Setting watchdog for 200 seconds at Sat Mar 21 17:39:47 UTC 2020
3 ms. Memory: 51200K Free: 30845K (60%)
ptolemy.util.test.WatchDog.cancel(): canceling Sat Mar 21 17:39:47 UTC 2020
------------------ testing $PTII/ptolemy/domains/de/test/auto/DepthTest5.xml
auto.tcl: Setting watchdog for 200 seconds at Sat Mar 21 17:39:47 UTC 2020
8 ms. Memory: 51200K Free: 31123K (61%)
ptolemy.util.test.WatchDog.cancel(): canceling Sat Mar 21 17:39:47 UTC 2020
auto.tcl: Setting watchdog for 200 seconds at Sat Mar 21 17:39:47 UTC 2020
9 ms. Memory: 51200K Free: 30202K (59%)
ptolemy.util.test.WatchDog.cancel(): canceling Sat Mar 21 17:39:47 UTC 2020
------------------ testing $PTII/ptolemy/domains/de/test/auto/DepthTest6.xml
auto.tcl: Setting watchdog for 200 seconds at Sat Mar 21 17:39:47 UTC 2020
7 ms. Memory: 51200K Free: 30858K (60%)
ptolemy.util.test.WatchDog.cancel(): canceling Sat Mar 21 17:39:47 UTC 2020
auto.tcl: Setting watchdog for 200 seconds at Sat Mar 21 17:39:47 UTC 2020
2 ms. Memory: 51200K Free: 30209K (59%)
ptolemy.util.test.WatchDog.cancel(): canceling Sat Mar 21 17:39:47 UTC 2020
------------------ testing $PTII/ptolemy/domains/de/test/auto/DepthTest7.xml
auto.tcl: Setting watchdog for 200 seconds at Sat Mar 21 17:39:47 UTC 2020
4 ms. Memory: 51200K Free: 31885K (62%)
ptolemy.util.test.WatchDog.cancel(): canceling Sat Mar 21 17:39:47 UTC 2020
auto.tcl: Setting watchdog for 200 seconds at Sat Mar 21 17:39:47 UTC 2020
3 ms. Memory: 51200K Free: 31216K (61%)
ptolemy.util.test.WatchDog.cancel(): canceling Sat Mar 21 17:39:47 UTC 2020
------------------ testing $PTII/ptolemy/domains/de/test/auto/EventToDate.xml
auto.tcl: Setting watchdog for 200 seconds at Sat Mar 21 17:39:47 UTC 2020
3005 ms. Memory: 51200K Free: 22660K (44%)
ptolemy.util.test.WatchDog.cancel(): canceling Sat Mar 21 17:39:50 UTC 2020
auto.tcl: Setting watchdog for 200 seconds at Sat Mar 21 17:39:50 UTC 2020
3004 ms. Memory: 51200K Free: 22034K (43%)
ptolemy.util.test.WatchDog.cancel(): canceling Sat Mar 21 17:39:53 UTC 2020
------------------ testing $PTII/ptolemy/domains/de/test/auto/FSM1.xml
auto.tcl: Setting watchdog for 200 seconds at Sat Mar 21 17:39:53 UTC 2020
34 ms. Memory: 51200K Free: 23965K (47%)
ptolemy.util.test.WatchDog.cancel(): canceling Sat Mar 21 17:39:53 UTC 2020
auto.tcl: Setting watchdog for 200 seconds at Sat Mar 21 17:39:53 UTC 2020
22 ms. Memory: 51200K Free: 20707K (40%)
ptolemy.util.test.WatchDog.cancel(): canceling Sat Mar 21 17:39:53 UTC 2020
------------------ testing $PTII/ptolemy/domains/de/test/auto/FSM7.xml
auto.tcl: Setting watchdog for 200 seconds at Sat Mar 21 17:39:53 UTC 2020
14 ms. Memory: 51200K Free: 23827K (47%)
ptolemy.util.test.WatchDog.cancel(): canceling Sat Mar 21 17:39:53 UTC 2020
auto.tcl: Setting watchdog for 200 seconds at Sat Mar 21 17:39:53 UTC 2020
23 ms. Memory: 51200K Free: 20438K (40%)
ptolemy.util.test.WatchDog.cancel(): canceling Sat Mar 21 17:39:53 UTC 2020
------------------ testing $PTII/ptolemy/domains/de/test/auto/Inspection.xml
auto.tcl: Setting watchdog for 200 seconds at Sat Mar 21 17:39:53 UTC 2020
29 ms. Memory: 51200K Free: 23640K (46%)
ptolemy.util.test.WatchDog.cancel(): canceling Sat Mar 21 17:39:53 UTC 2020
auto.tcl: Setting watchdog for 200 seconds at Sat Mar 21 17:39:53 UTC 2020
28 ms. Memory: 51200K Free: 21947K (43%)
ptolemy.util.test.WatchDog.cancel(): canceling Sat Mar 21 17:39:53 UTC 2020
------------------ testing $PTII/ptolemy/domains/de/test/auto/Iteration.xml
auto.tcl: Setting watchdog for 200 seconds at Sat Mar 21 17:39:53 UTC 2020
6 ms. Memory: 51200K Free: 29188K (57%)
ptolemy.util.test.WatchDog.cancel(): canceling Sat Mar 21 17:39:53 UTC 2020
auto.tcl: Setting watchdog for 200 seconds at Sat Mar 21 17:39:53 UTC 2020
5 ms. Memory: 51200K Free: 28004K (55%)
ptolemy.util.test.WatchDog.cancel(): canceling Sat Mar 21 17:39:53 UTC 2020
------------------ testing $PTII/ptolemy/domains/de/test/auto/LineFault.xml
auto.tcl: Setting watchdog for 200 seconds at Sat Mar 21 17:39:53 UTC 2020
602 ms. Memory: 61440K Free: 27704K (45%)
ptolemy.util.test.WatchDog.cancel(): canceling Sat Mar 21 17:39:54 UTC 2020
auto.tcl: Setting watchdog for 200 seconds at Sat Mar 21 17:39:54 UTC 2020
494 ms. Memory: 61440K Free: 28827K (47%)
ptolemy.util.test.WatchDog.cancel(): canceling Sat Mar 21 17:39:55 UTC 2020
------------------ testing $PTII/ptolemy/domains/de/test/auto/MergeModel1Add.xml
auto.tcl: Setting watchdog for 200 seconds at Sat Mar 21 17:39:55 UTC 2020
19 ms. Memory: 55296K Free: 19509K (35%)
ptolemy.util.test.WatchDog.cancel(): canceling Sat Mar 21 17:39:55 UTC 2020
auto.tcl: Setting watchdog for 200 seconds at Sat Mar 21 17:39:55 UTC 2020
10 ms. Memory: 55296K Free: 17864K (32%)
ptolemy.util.test.WatchDog.cancel(): canceling Sat Mar 21 17:39:55 UTC 2020
------------------ testing $PTII/ptolemy/domains/de/test/auto/MergeModel2Add.xml
auto.tcl: Setting watchdog for 200 seconds at Sat Mar 21 17:39:55 UTC 2020
8 ms. Memory: 55296K Free: 21520K (39%)
ptolemy.util.test.WatchDog.cancel(): canceling Sat Mar 21 17:39:55 UTC 2020
auto.tcl: Setting watchdog for 200 seconds at Sat Mar 21 17:39:55 UTC 2020
8 ms. Memory: 55296K Free: 19586K (35%)
ptolemy.util.test.WatchDog.cancel(): canceling Sat Mar 21 17:39:55 UTC 2020
------------------ testing $PTII/ptolemy/domains/de/test/auto/MergeModel3Add.xml
auto.tcl: Setting watchdog for 200 seconds at Sat Mar 21 17:39:55 UTC 2020
7 ms. Memory: 55296K Free: 21527K (39%)
ptolemy.util.test.WatchDog.cancel(): canceling Sat Mar 21 17:39:55 UTC 2020
auto.tcl: Setting watchdog for 200 seconds at Sat Mar 21 17:39:55 UTC 2020
7 ms. Memory: 55296K Free: 20078K (36%)
ptolemy.util.test.WatchDog.cancel(): canceling Sat Mar 21 17:39:55 UTC 2020
------------------ testing $PTII/ptolemy/domains/de/test/auto/MergeWithoutDiscard.xml
auto.tcl: Setting watchdog for 200 seconds at Sat Mar 21 17:39:55 UTC 2020
1 ms. Memory: 55296K Free: 36448K (66%)
ptolemy.util.test.WatchDog.cancel(): canceling Sat Mar 21 17:39:55 UTC 2020
auto.tcl: Setting watchdog for 200 seconds at Sat Mar 21 17:39:55 UTC 2020
2 ms. Memory: 55296K Free: 35966K (65%)
ptolemy.util.test.WatchDog.cancel(): canceling Sat Mar 21 17:39:55 UTC 2020
------------------ testing $PTII/ptolemy/domains/de/test/auto/Modal1.xml
auto.tcl: Setting watchdog for 200 seconds at Sat Mar 21 17:39:55 UTC 2020
16 ms. Memory: 51200K Free: 24187K (47%)
ptolemy.util.test.WatchDog.cancel(): canceling Sat Mar 21 17:39:55 UTC 2020
auto.tcl: Setting watchdog for 200 seconds at Sat Mar 21 17:39:55 UTC 2020
10 ms. Memory: 51200K Free: 20933K (41%)
ptolemy.util.test.WatchDog.cancel(): canceling Sat Mar 21 17:39:55 UTC 2020
------------------ testing $PTII/ptolemy/domains/de/test/auto/Modal2.xml
auto.tcl: Setting watchdog for 200 seconds at Sat Mar 21 17:39:55 UTC 2020
11 ms. Memory: 51200K Free: 24088K (47%)
ptolemy.util.test.WatchDog.cancel(): canceling Sat Mar 21 17:39:55 UTC 2020
auto.tcl: Setting watchdog for 200 seconds at Sat Mar 21 17:39:55 UTC 2020
13 ms. Memory: 51200K Free: 20847K (41%)
ptolemy.util.test.WatchDog.cancel(): canceling Sat Mar 21 17:39:55 UTC 2020
------------------ testing $PTII/ptolemy/domains/de/test/auto/Modal3.xml
auto.tcl: Setting watchdog for 200 seconds at Sat Mar 21 17:39:55 UTC 2020
10 ms. Memory: 51200K Free: 23749K (46%)
ptolemy.util.test.WatchDog.cancel(): canceling Sat Mar 21 17:39:55 UTC 2020
auto.tcl: Setting watchdog for 200 seconds at Sat Mar 21 17:39:55 UTC 2020
12 ms. Memory: 51200K Free: 20847K (41%)
ptolemy.util.test.WatchDog.cancel(): canceling Sat Mar 21 17:39:55 UTC 2020
------------------ testing $PTII/ptolemy/domains/de/test/auto/Modal4.xml
auto.tcl: Setting watchdog for 200 seconds at Sat Mar 21 17:39:55 UTC 2020
23 ms. Memory: 51200K Free: 23022K (45%)
ptolemy.util.test.WatchDog.cancel(): canceling Sat Mar 21 17:39:56 UTC 2020
auto.tcl: Setting watchdog for 200 seconds at Sat Mar 21 17:39:56 UTC 2020
21 ms. Memory: 51200K Free: 19222K (38%)
ptolemy.util.test.WatchDog.cancel(): canceling Sat Mar 21 17:39:56 UTC 2020
------------------ testing $PTII/ptolemy/domains/de/test/auto/Modal5.xml
auto.tcl: Setting watchdog for 200 seconds at Sat Mar 21 17:39:56 UTC 2020
12 ms. Memory: 51200K Free: 23033K (45%)
ptolemy.util.test.WatchDog.cancel(): canceling Sat Mar 21 17:39:56 UTC 2020
auto.tcl: Setting watchdog for 200 seconds at Sat Mar 21 17:39:56 UTC 2020
13 ms. Memory: 51200K Free: 19209K (38%)
ptolemy.util.test.WatchDog.cancel(): canceling Sat Mar 21 17:39:56 UTC 2020
------------------ testing $PTII/ptolemy/domains/de/test/auto/Modal6.xml
auto.tcl: Setting watchdog for 200 seconds at Sat Mar 21 17:39:56 UTC 2020
18 ms. Memory: 51200K Free: 23760K (46%)
ptolemy.util.test.WatchDog.cancel(): canceling Sat Mar 21 17:39:56 UTC 2020
auto.tcl: Setting watchdog for 200 seconds at Sat Mar 21 17:39:56 UTC 2020
16 ms. Memory: 51200K Free: 19819K (39%)
ptolemy.util.test.WatchDog.cancel(): canceling Sat Mar 21 17:39:56 UTC 2020
------------------ testing $PTII/ptolemy/domains/de/test/auto/Modal7.xml
auto.tcl: Setting watchdog for 200 seconds at Sat Mar 21 17:39:56 UTC 2020
10 ms. Memory: 51200K Free: 21736K (42%)
ptolemy.util.test.WatchDog.cancel(): canceling Sat Mar 21 17:39:56 UTC 2020
auto.tcl: Setting watchdog for 200 seconds at Sat Mar 21 17:39:56 UTC 2020
12 ms. Memory: 51200K Free: 18402K (36%)
ptolemy.util.test.WatchDog.cancel(): canceling Sat Mar 21 17:39:56 UTC 2020
------------------ testing $PTII/ptolemy/domains/de/test/auto/ModalModel.xml
auto.tcl: Setting watchdog for 200 seconds at Sat Mar 21 17:39:56 UTC 2020
203 ms. Memory: 51200K Free: 17251K (34%)
ptolemy.util.test.WatchDog.cancel(): canceling Sat Mar 21 17:39:56 UTC 2020
auto.tcl: Setting watchdog for 200 seconds at Sat Mar 21 17:39:56 UTC 2020
194 ms. Memory: 68608K Free: 28129K (41%)
ptolemy.util.test.WatchDog.cancel(): canceling Sat Mar 21 17:39:56 UTC 2020
------------------ testing $PTII/ptolemy/domains/de/test/auto/ModalSource.xml
auto.tcl: Setting watchdog for 200 seconds at Sat Mar 21 17:39:56 UTC 2020
5 ms. Memory: 55296K Free: 31979K (58%)
ptolemy.util.test.WatchDog.cancel(): canceling Sat Mar 21 17:39:56 UTC 2020
auto.tcl: Setting watchdog for 200 seconds at Sat Mar 21 17:39:56 UTC 2020
5 ms. Memory: 55296K Free: 29931K (54%)
ptolemy.util.test.WatchDog.cancel(): canceling Sat Mar 21 17:39:56 UTC 2020
------------------ testing $PTII/ptolemy/domains/de/test/auto/NonInterruptibleTimerZeroDelay.xml
auto.tcl: Setting watchdog for 200 seconds at Sat Mar 21 17:39:56 UTC 2020
3 ms. Memory: 51200K Free: 32772K (64%)
ptolemy.util.test.WatchDog.cancel(): canceling Sat Mar 21 17:39:56 UTC 2020
auto.tcl: Setting watchdog for 200 seconds at Sat Mar 21 17:39:56 UTC 2020
2 ms. Memory: 51200K Free: 32167K (63%)
ptolemy.util.test.WatchDog.cancel(): canceling Sat Mar 21 17:39:56 UTC 2020
------------------ testing $PTII/ptolemy/domains/de/test/auto/OpenQueueingNetwork.xml
auto.tcl: Setting watchdog for 200 seconds at Sat Mar 21 17:39:57 UTC 2020
2873 ms. Memory: 120832K Free: 94875K (79%)
ptolemy.util.test.WatchDog.cancel(): canceling Sat Mar 21 17:40:00 UTC 2020
auto.tcl: Setting watchdog for 200 seconds at Sat Mar 21 17:40:00 UTC 2020
2304 ms. Memory: 145408K Free: 98985K (68%)
ptolemy.util.test.WatchDog.cancel(): canceling Sat Mar 21 17:40:02 UTC 2020
------------------ testing $PTII/ptolemy/domains/de/test/auto/OpenQueuingNetwork.xml
auto.tcl: Setting watchdog for 200 seconds at Sat Mar 21 17:40:02 UTC 2020
254 ms. Memory: 58368K Free: 32040K (55%)
ptolemy.util.test.WatchDog.cancel(): canceling Sat Mar 21 17:40:02 UTC 2020
auto.tcl: Setting watchdog for 200 seconds at Sat Mar 21 17:40:02 UTC 2020
229 ms. Memory: 58368K Free: 12941K (22%)
ptolemy.util.test.WatchDog.cancel(): canceling Sat Mar 21 17:40:02 UTC 2020
------------------ testing $PTII/ptolemy/domains/de/test/auto/PeriodicSampler.xml
auto.tcl: Setting watchdog for 200 seconds at Sat Mar 21 17:40:03 UTC 2020
3 ms. Memory: 51200K Free: 32016K (63%)
ptolemy.util.test.WatchDog.cancel(): canceling Sat Mar 21 17:40:03 UTC 2020
auto.tcl: Setting watchdog for 200 seconds at Sat Mar 21 17:40:03 UTC 2020
1 ms. Memory: 51200K Free: 31496K (62%)
ptolemy.util.test.WatchDog.cancel(): canceling Sat Mar 21 17:40:03 UTC 2020
------------------ testing $PTII/ptolemy/domains/de/test/auto/PersistentIO.xml
auto.tcl: Setting watchdog for 200 seconds at Sat Mar 21 17:40:03 UTC 2020
13 ms. Memory: 51200K Free: 26940K (53%)
ptolemy.util.test.WatchDog.cancel(): canceling Sat Mar 21 17:40:03 UTC 2020
auto.tcl: Setting watchdog for 200 seconds at Sat Mar 21 17:40:03 UTC 2020
4 ms. Memory: 51200K Free: 25420K (50%)
ptolemy.util.test.WatchDog.cancel(): canceling Sat Mar 21 17:40:03 UTC 2020
------------------ testing $PTII/ptolemy/domains/de/test/auto/PortParameterResetOnInitialize.xml
auto.tcl: Setting watchdog for 200 seconds at Sat Mar 21 17:40:03 UTC 2020
6 ms. Memory: 51200K Free: 31936K (62%)
ptolemy.util.test.WatchDog.cancel(): canceling Sat Mar 21 17:40:03 UTC 2020
auto.tcl: Setting watchdog for 200 seconds at Sat Mar 21 17:40:03 UTC 2020
1 ms. Memory: 51200K Free: 31429K (61%)
ptolemy.util.test.WatchDog.cancel(): canceling Sat Mar 21 17:40:03 UTC 2020
------------------ testing $PTII/ptolemy/domains/de/test/auto/PortParameterUpdates.xml
auto.tcl: Setting watchdog for 200 seconds at Sat Mar 21 17:40:03 UTC 2020
4 ms. Memory: 51200K Free: 30009K (59%)
ptolemy.util.test.WatchDog.cancel(): canceling Sat Mar 21 17:40:03 UTC 2020
auto.tcl: Setting watchdog for 200 seconds at Sat Mar 21 17:40:03 UTC 2020
5 ms. Memory: 51200K Free: 28977K (57%)
ptolemy.util.test.WatchDog.cancel(): canceling Sat Mar 21 17:40:03 UTC 2020
------------------ testing $PTII/ptolemy/domains/de/test/auto/QueueAndServer.xml
auto.tcl: Setting watchdog for 200 seconds at Sat Mar 21 17:40:03 UTC 2020
6 ms. Memory: 51200K Free: 29177K (57%)
ptolemy.util.test.WatchDog.cancel(): canceling Sat Mar 21 17:40:03 UTC 2020
auto.tcl: Setting watchdog for 200 seconds at Sat Mar 21 17:40:03 UTC 2020
6 ms. Memory: 51200K Free: 27428K (54%)
ptolemy.util.test.WatchDog.cancel(): canceling Sat Mar 21 17:40:03 UTC 2020
------------------ testing $PTII/ptolemy/domains/de/test/auto/Records.xml
auto.tcl: Setting watchdog for 200 seconds at Sat Mar 21 17:40:03 UTC 2020
3 ms. Memory: 51200K Free: 31180K (61%)
ptolemy.util.test.WatchDog.cancel(): canceling Sat Mar 21 17:40:03 UTC 2020
auto.tcl: Setting watchdog for 200 seconds at Sat Mar 21 17:40:03 UTC 2020
2 ms. Memory: 51200K Free: 30658K (60%)
ptolemy.util.test.WatchDog.cancel(): canceling Sat Mar 21 17:40:03 UTC 2020
------------------ testing $PTII/ptolemy/domains/de/test/auto/ResetTransitionWithStartTime1.xml
auto.tcl: Setting watchdog for 200 seconds at Sat Mar 21 17:40:03 UTC 2020
7 ms. Memory: 51200K Free: 28425K (56%)
ptolemy.util.test.WatchDog.cancel(): canceling Sat Mar 21 17:40:03 UTC 2020
auto.tcl: Setting watchdog for 200 seconds at Sat Mar 21 17:40:03 UTC 2020
7 ms. Memory: 51200K Free: 26377K (52%)
ptolemy.util.test.WatchDog.cancel(): canceling Sat Mar 21 17:40:03 UTC 2020
------------------ testing $PTII/ptolemy/domains/de/test/auto/ResetTransitionWithStartTime2.xml
auto.tcl: Setting watchdog for 200 seconds at Sat Mar 21 17:40:03 UTC 2020
6 ms. Memory: 51200K Free: 28380K (55%)
ptolemy.util.test.WatchDog.cancel(): canceling Sat Mar 21 17:40:03 UTC 2020
auto.tcl: Setting watchdog for 200 seconds at Sat Mar 21 17:40:03 UTC 2020
6 ms. Memory: 51200K Free: 26332K (51%)
ptolemy.util.test.WatchDog.cancel(): canceling Sat Mar 21 17:40:03 UTC 2020
------------------ testing $PTII/ptolemy/domains/de/test/auto/ResetTransitionWithStartTime3.xml
auto.tcl: Setting watchdog for 200 seconds at Sat Mar 21 17:40:03 UTC 2020
6 ms. Memory: 51200K Free: 28379K (55%)
ptolemy.util.test.WatchDog.cancel(): canceling Sat Mar 21 17:40:03 UTC 2020
auto.tcl: Setting watchdog for 200 seconds at Sat Mar 21 17:40:03 UTC 2020
6 ms. Memory: 51200K Free: 26331K (51%)
ptolemy.util.test.WatchDog.cancel(): canceling Sat Mar 21 17:40:03 UTC 2020
------------------ testing $PTII/ptolemy/domains/de/test/auto/ResetTransitionWithStartTime4.xml
auto.tcl: Setting watchdog for 200 seconds at Sat Mar 21 17:40:03 UTC 2020
7 ms. Memory: 51200K Free: 28826K (56%)
ptolemy.util.test.WatchDog.cancel(): canceling Sat Mar 21 17:40:03 UTC 2020
auto.tcl: Setting watchdog for 200 seconds at Sat Mar 21 17:40:03 UTC 2020
3 ms. Memory: 51200K Free: 27354K (53%)
ptolemy.util.test.WatchDog.cancel(): canceling Sat Mar 21 17:40:03 UTC 2020
------------------ testing $PTII/ptolemy/domains/de/test/auto/ResettableTimer1.xml
auto.tcl: Setting watchdog for 200 seconds at Sat Mar 21 17:40:03 UTC 2020
6 ms. Memory: 51200K Free: 32593K (64%)
ptolemy.util.test.WatchDog.cancel(): canceling Sat Mar 21 17:40:03 UTC 2020
auto.tcl: Setting watchdog for 200 seconds at Sat Mar 21 17:40:03 UTC 2020
2 ms. Memory: 51200K Free: 31936K (62%)
ptolemy.util.test.WatchDog.cancel(): canceling Sat Mar 21 17:40:03 UTC 2020
------------------ testing $PTII/ptolemy/domains/de/test/auto/ResettableTimer2.xml
auto.tcl: Setting watchdog for 200 seconds at Sat Mar 21 17:40:03 UTC 2020
2 ms. Memory: 51200K Free: 32611K (64%)
ptolemy.util.test.WatchDog.cancel(): canceling Sat Mar 21 17:40:03 UTC 2020
auto.tcl: Setting watchdog for 200 seconds at Sat Mar 21 17:40:03 UTC 2020
2 ms. Memory: 51200K Free: 31992K (62%)
ptolemy.util.test.WatchDog.cancel(): canceling Sat Mar 21 17:40:03 UTC 2020
------------------ testing $PTII/ptolemy/domains/de/test/auto/ResettableTimer3.xml
auto.tcl: Setting watchdog for 200 seconds at Sat Mar 21 17:40:03 UTC 2020
3 ms. Memory: 51200K Free: 32512K (64%)
ptolemy.util.test.WatchDog.cancel(): canceling Sat Mar 21 17:40:03 UTC 2020
auto.tcl: Setting watchdog for 200 seconds at Sat Mar 21 17:40:03 UTC 2020
1 ms. Memory: 51200K Free: 32512K (64%)
ptolemy.util.test.WatchDog.cancel(): canceling Sat Mar 21 17:40:03 UTC 2020
------------------ testing $PTII/ptolemy/domains/de/test/auto/ResettableTimer4.xml
auto.tcl: Setting watchdog for 200 seconds at Sat Mar 21 17:40:03 UTC 2020
1 ms. Memory: 51200K Free: 32525K (64%)
ptolemy.util.test.WatchDog.cancel(): canceling Sat Mar 21 17:40:03 UTC 2020
auto.tcl: Setting watchdog for 200 seconds at Sat Mar 21 17:40:03 UTC 2020
2 ms. Memory: 51200K Free: 32011K (63%)
ptolemy.util.test.WatchDog.cancel(): canceling Sat Mar 21 17:40:03 UTC 2020
------------------ testing $PTII/ptolemy/domains/de/test/auto/ResettableTimer5.xml
auto.tcl: Setting watchdog for 200 seconds at Sat Mar 21 17:40:03 UTC 2020
1 ms. Memory: 51200K Free: 32009K (63%)
ptolemy.util.test.WatchDog.cancel(): canceling Sat Mar 21 17:40:03 UTC 2020
auto.tcl: Setting watchdog for 200 seconds at Sat Mar 21 17:40:03 UTC 2020
2 ms. Memory: 51200K Free: 31499K (62%)
ptolemy.util.test.WatchDog.cancel(): canceling Sat Mar 21 17:40:03 UTC 2020
------------------ testing $PTII/ptolemy/domains/de/test/auto/ResettableTimer6.xml
auto.tcl: Setting watchdog for 200 seconds at Sat Mar 21 17:40:03 UTC 2020
1 ms. Memory: 51200K Free: 31999K (62%)
ptolemy.util.test.WatchDog.cancel(): canceling Sat Mar 21 17:40:03 UTC 2020
auto.tcl: Setting watchdog for 200 seconds at Sat Mar 21 17:40:03 UTC 2020
1 ms. Memory: 51200K Free: 31489K (62%)
ptolemy.util.test.WatchDog.cancel(): canceling Sat Mar 21 17:40:03 UTC 2020
------------------ testing $PTII/ptolemy/domains/de/test/auto/ServerZeroDelay.xml
auto.tcl: Setting watchdog for 200 seconds at Sat Mar 21 17:40:04 UTC 2020
3 ms. Memory: 51200K Free: 32504K (63%)
ptolemy.util.test.WatchDog.cancel(): canceling Sat Mar 21 17:40:04 UTC 2020
auto.tcl: Setting watchdog for 200 seconds at Sat Mar 21 17:40:04 UTC 2020
2 ms. Memory: 51200K Free: 31480K (61%)
ptolemy.util.test.WatchDog.cancel(): canceling Sat Mar 21 17:40:04 UTC 2020
------------------ testing $PTII/ptolemy/domains/de/test/auto/SmartSender.xml
auto.tcl: Setting watchdog for 200 seconds at Sat Mar 21 17:40:04 UTC 2020
3001 ms. Memory: 51200K Free: 31984K (62%)
ptolemy.util.test.WatchDog.cancel(): canceling Sat Mar 21 17:40:07 UTC 2020
auto.tcl: Setting watchdog for 200 seconds at Sat Mar 21 17:40:07 UTC 2020
3002 ms. Memory: 51200K Free: 31474K (61%)
ptolemy.util.test.WatchDog.cancel(): canceling Sat Mar 21 17:40:10 UTC 2020
------------------ testing $PTII/ptolemy/domains/de/test/auto/ThreadedComposite.xml
auto.tcl: Setting watchdog for 200 seconds at Sat Mar 21 17:40:10 UTC 2020
174 ms. Memory: 51200K Free: 14080K (28%)
ptolemy.util.test.WatchDog.cancel(): canceling Sat Mar 21 17:40:10 UTC 2020
auto.tcl: Setting watchdog for 200 seconds at Sat Mar 21 17:40:10 UTC 2020
120 ms. Memory: 51200K Free: 31026K (61%)
ptolemy.util.test.WatchDog.cancel(): canceling Sat Mar 21 17:40:10 UTC 2020
------------------ testing $PTII/ptolemy/domains/de/test/auto/Time.xml
auto.tcl: Setting watchdog for 200 seconds at Sat Mar 21 17:40:10 UTC 2020
456 ms. Memory: 51200K Free: 9104K (18%)
ptolemy.util.test.WatchDog.cancel(): canceling Sat Mar 21 17:40:10 UTC 2020
auto.tcl: Setting watchdog for 200 seconds at Sat Mar 21 17:40:10 UTC 2020
456 ms. Memory: 51200K Free: 13657K (27%)
ptolemy.util.test.WatchDog.cancel(): canceling Sat Mar 21 17:40:11 UTC 2020
------------------ testing $PTII/ptolemy/domains/de/test/auto/TimeDelayZeroDelay.xml
auto.tcl: Setting watchdog for 200 seconds at Sat Mar 21 17:40:11 UTC 2020
3 ms. Memory: 51200K Free: 32428K (63%)
ptolemy.util.test.WatchDog.cancel(): canceling Sat Mar 21 17:40:11 UTC 2020
auto.tcl: Setting watchdog for 200 seconds at Sat Mar 21 17:40:11 UTC 2020
2 ms. Memory: 51200K Free: 31545K (62%)
ptolemy.util.test.WatchDog.cancel(): canceling Sat Mar 21 17:40:11 UTC 2020
------------------ testing $PTII/ptolemy/domains/de/test/auto/TimerZeroDelay.xml
auto.tcl: Setting watchdog for 200 seconds at Sat Mar 21 17:40:11 UTC 2020
2 ms. Memory: 51200K Free: 32877K (64%)
ptolemy.util.test.WatchDog.cancel(): canceling Sat Mar 21 17:40:11 UTC 2020
auto.tcl: Setting watchdog for 200 seconds at Sat Mar 21 17:40:11 UTC 2020
2 ms. Memory: 51200K Free: 32039K (63%)
ptolemy.util.test.WatchDog.cancel(): canceling Sat Mar 21 17:40:11 UTC 2020
------------------ testing $PTII/ptolemy/domains/de/test/auto/TimingParadox.xml
auto.tcl: Setting watchdog for 200 seconds at Sat Mar 21 17:40:11 UTC 2020
321 ms. Memory: 65536K Free: 44094K (67%)
ptolemy.util.test.WatchDog.cancel(): canceling Sat Mar 21 17:40:12 UTC 2020
auto.tcl: Setting watchdog for 200 seconds at Sat Mar 21 17:40:12 UTC 2020
256 ms. Memory: 65536K Free: 44587K (68%)
ptolemy.util.test.WatchDog.cancel(): canceling Sat Mar 21 17:40:12 UTC 2020
------------------ testing $PTII/ptolemy/domains/de/test/auto/TransferInputs.xml
auto.tcl: Setting watchdog for 200 seconds at Sat Mar 21 17:40:12 UTC 2020
2 ms. Memory: 58368K Free: 38107K (65%)
ptolemy.util.test.WatchDog.cancel(): canceling Sat Mar 21 17:40:12 UTC 2020
auto.tcl: Setting watchdog for 200 seconds at Sat Mar 21 17:40:12 UTC 2020
2 ms. Memory: 58368K Free: 37167K (64%)
ptolemy.util.test.WatchDog.cancel(): canceling Sat Mar 21 17:40:12 UTC 2020
------------------ testing $PTII/ptolemy/domains/de/test/auto/TransferOutputs2.xml
auto.tcl: Setting watchdog for 200 seconds at Sat Mar 21 17:40:12 UTC 2020
5 ms. Memory: 55296K Free: 32477K (59%)
ptolemy.util.test.WatchDog.cancel(): canceling Sat Mar 21 17:40:12 UTC 2020
auto.tcl: Setting watchdog for 200 seconds at Sat Mar 21 17:40:12 UTC 2020
3 ms. Memory: 55296K Free: 31037K (56%)
ptolemy.util.test.WatchDog.cancel(): canceling Sat Mar 21 17:40:12 UTC 2020
------------------ testing $PTII/ptolemy/domains/de/test/auto/Trilateration.xml
auto.tcl: Setting watchdog for 200 seconds at Sat Mar 21 17:40:12 UTC 2020
12910 ms. Memory: 516096K Free: 425500K (82%)
ptolemy.util.test.WatchDog.cancel(): canceling Sat Mar 21 17:40:26 UTC 2020
auto.tcl: Setting watchdog for 200 seconds at Sat Mar 21 17:40:26 UTC 2020
9049 ms. Memory: 516096K Free: 238005K (46%)
ptolemy.util.test.WatchDog.cancel(): canceling Sat Mar 21 17:40:35 UTC 2020
------------------ testing $PTII/ptolemy/domains/de/test/auto/TwoSigmaDelta.xml
auto.tcl: Setting watchdog for 200 seconds at Sat Mar 21 17:40:35 UTC 2020
2314 ms. Memory: 92160K Free: 31618K (34%)
ptolemy.util.test.WatchDog.cancel(): canceling Sat Mar 21 17:40:38 UTC 2020
auto.tcl: Setting watchdog for 200 seconds at Sat Mar 21 17:40:38 UTC 2020
1747 ms. Memory: 92160K Free: 32670K (35%)
ptolemy.util.test.WatchDog.cancel(): canceling Sat Mar 21 17:40:39 UTC 2020
------------------ testing $PTII/ptolemy/domains/de/test/auto/VariableDelay.xml
auto.tcl: Setting watchdog for 200 seconds at Sat Mar 21 17:40:39 UTC 2020
3 ms. Memory: 55296K Free: 35514K (64%)
ptolemy.util.test.WatchDog.cancel(): canceling Sat Mar 21 17:40:39 UTC 2020
auto.tcl: Setting watchdog for 200 seconds at Sat Mar 21 17:40:39 UTC 2020
2 ms. Memory: 55296K Free: 34520K (62%)
ptolemy.util.test.WatchDog.cancel(): canceling Sat Mar 21 17:40:39 UTC 2020
------------------ testing $PTII/ptolemy/domains/de/test/auto/VariableDelay2.xml
auto.tcl: Setting watchdog for 200 seconds at Sat Mar 21 17:40:39 UTC 2020
7 ms. Memory: 51200K Free: 31816K (62%)
ptolemy.util.test.WatchDog.cancel(): canceling Sat Mar 21 17:40:39 UTC 2020
auto.tcl: Setting watchdog for 200 seconds at Sat Mar 21 17:40:39 UTC 2020
2 ms. Memory: 51200K Free: 31336K (61%)
ptolemy.util.test.WatchDog.cancel(): canceling Sat Mar 21 17:40:39 UTC 2020
------------------ testing $PTII/ptolemy/domains/de/test/auto/VariableDelayZeroDelay.xml
auto.tcl: Setting watchdog for 200 seconds at Sat Mar 21 17:40:39 UTC 2020
2 ms. Memory: 51200K Free: 32359K (63%)
ptolemy.util.test.WatchDog.cancel(): canceling Sat Mar 21 17:40:39 UTC 2020
auto.tcl: Setting watchdog for 200 seconds at Sat Mar 21 17:40:39 UTC 2020
2 ms. Memory: 51200K Free: 31815K (62%)
ptolemy.util.test.WatchDog.cancel(): canceling Sat Mar 21 17:40:39 UTC 2020
------------------ testing $PTII/ptolemy/domains/de/test/auto/VariableDelayZeroDelay2.xml
auto.tcl: Setting watchdog for 200 seconds at Sat Mar 21 17:40:40 UTC 2020
2 ms. Memory: 51200K Free: 32359K (63%)
ptolemy.util.test.WatchDog.cancel(): canceling Sat Mar 21 17:40:40 UTC 2020
auto.tcl: Setting watchdog for 200 seconds at Sat Mar 21 17:40:40 UTC 2020
2 ms. Memory: 51200K Free: 31335K (61%)
ptolemy.util.test.WatchDog.cancel(): canceling Sat Mar 21 17:40:40 UTC 2020
------------------ testing $PTII/ptolemy/domains/de/test/auto/deInCt.xml
auto.tcl: Setting watchdog for 200 seconds at Sat Mar 21 17:40:40 UTC 2020
0
1
1
1
1
1
1
0
0
0
1
1
1
0
0
0
0
1
1
1
0
0
0
0
1
1
1
0
0
0
1
1
0
0
0
1
1
1
1
8 ms. Memory: 51200K Free: 31332K (61%)
ptolemy.util.test.WatchDog.cancel(): canceling Sat Mar 21 17:40:40 UTC 2020
auto.tcl: Setting watchdog for 200 seconds at Sat Mar 21 17:40:40 UTC 2020
0
1
1
1
0
0
0
0
0
0
0
1
1
1
1
0
0
0
1
1
1
1
0
0
0
0
5 ms. Memory: 51200K Free: 29796K (58%)
ptolemy.util.test.WatchDog.cancel(): canceling Sat Mar 21 17:40:40 UTC 2020
------------------ testing $PTII/ptolemy/domains/de/test/auto/deInCt2.xml
auto.tcl: Setting watchdog for 200 seconds at Sat Mar 21 17:40:40 UTC 2020
0
1
1
1
0
0
1
1
1
0
0
1
1
1
0
0
1
1
1
0
0
1
1
1
0
0
1
1
1
0
0
1
1
1
0
0
1
1
1
0
0
0
6 ms. Memory: 51200K Free: 31333K (61%)
ptolemy.util.test.WatchDog.cancel(): canceling Sat Mar 21 17:40:40 UTC 2020
auto.tcl: Setting watchdog for 200 seconds at Sat Mar 21 17:40:40 UTC 2020
0
1
1
1
0
0
1
1
1
0
0
1
1
1
0
0
1
1
1
0
0
1
1
1
0
0
1
1
1
0
0
1
1
1
0
0
1
1
1
0
0
0
7 ms. Memory: 51200K Free: 29782K (58%)
ptolemy.util.test.WatchDog.cancel(): canceling Sat Mar 21 17:40:40 UTC 2020
------------------ testing $PTII/ptolemy/domains/de/test/auto/dynamicCausalityInterface1.xml
auto.tcl: Setting watchdog for 200 seconds at Sat Mar 21 17:40:40 UTC 2020
2 ms. Memory: 51200K Free: 27231K (53%)
ptolemy.util.test.WatchDog.cancel(): canceling Sat Mar 21 17:40:40 UTC 2020
auto.tcl: Setting watchdog for 200 seconds at Sat Mar 21 17:40:40 UTC 2020
1 ms. Memory: 51200K Free: 26719K (52%)
ptolemy.util.test.WatchDog.cancel(): canceling Sat Mar 21 17:40:40 UTC 2020
------------------ testing $PTII/ptolemy/domains/de/test/auto/fsm_de_test.xml
auto.tcl: Setting watchdog for 200 seconds at Sat Mar 21 17:40:40 UTC 2020
7 ms. Memory: 51200K Free: 27129K (53%)
ptolemy.util.test.WatchDog.cancel(): canceling Sat Mar 21 17:40:40 UTC 2020
auto.tcl: Setting watchdog for 200 seconds at Sat Mar 21 17:40:40 UTC 2020
4 ms. Memory: 51200K Free: 25081K (49%)
ptolemy.util.test.WatchDog.cancel(): canceling Sat Mar 21 17:40:40 UTC 2020
------------------ testing $PTII/ptolemy/domains/de/test/auto/functionDependencyReconstruction.xml
auto.tcl: Setting watchdog for 200 seconds at Sat Mar 21 17:40:40 UTC 2020
3 ms. Memory: 51200K Free: 21098K (41%)
ptolemy.util.test.WatchDog.cancel(): canceling Sat Mar 21 17:40:40 UTC 2020
auto.tcl: Setting watchdog for 200 seconds at Sat Mar 21 17:40:40 UTC 2020
3 ms. Memory: 51200K Free: 18927K (37%)
ptolemy.util.test.WatchDog.cancel(): canceling Sat Mar 21 17:40:40 UTC 2020
------------------ testing $PTII/ptolemy/domains/de/test/auto/multirate.xml
auto.tcl: Setting watchdog for 200 seconds at Sat Mar 21 17:40:40 UTC 2020
4 ms. Memory: 51200K Free: 29770K (58%)
ptolemy.util.test.WatchDog.cancel(): canceling Sat Mar 21 17:40:40 UTC 2020
auto.tcl: Setting watchdog for 200 seconds at Sat Mar 21 17:40:40 UTC 2020
3 ms. Memory: 51200K Free: 28040K (55%)
ptolemy.util.test.WatchDog.cancel(): canceling Sat Mar 21 17:40:40 UTC 2020
------------------ testing $PTII/ptolemy/domains/de/test/auto/multirate2.xml
auto.tcl: Setting watchdog for 200 seconds at Sat Mar 21 17:40:40 UTC 2020
3 ms. Memory: 51200K Free: 29935K (58%)
ptolemy.util.test.WatchDog.cancel(): canceling Sat Mar 21 17:40:40 UTC 2020
auto.tcl: Setting watchdog for 200 seconds at Sat Mar 21 17:40:40 UTC 2020
2 ms. Memory: 51200K Free: 28207K (55%)
ptolemy.util.test.WatchDog.cancel(): canceling Sat Mar 21 17:40:40 UTC 2020
------------------ testing $PTII/ptolemy/domains/de/test/auto/realtime.xml
auto.tcl: Setting watchdog for 200 seconds at Sat Mar 21 17:40:40 UTC 2020
10001 ms. Memory: 51200K Free: 32004K (63%)
ptolemy.util.test.WatchDog.cancel(): canceling Sat Mar 21 17:40:50 UTC 2020
auto.tcl: Setting watchdog for 200 seconds at Sat Mar 21 17:40:50 UTC 2020
10001 ms. Memory: 51200K Free: 31276K (61%)
ptolemy.util.test.WatchDog.cancel(): canceling Sat Mar 21 17:41:00 UTC 2020
------------------ testing $PTII/ptolemy/domains/de/test/auto/relationGroup.xml
auto.tcl: Setting watchdog for 200 seconds at Sat Mar 21 17:41:00 UTC 2020
2 ms. Memory: 51200K Free: 33091K (65%)
ptolemy.util.test.WatchDog.cancel(): canceling Sat Mar 21 17:41:00 UTC 2020
auto.tcl: Setting watchdog for 200 seconds at Sat Mar 21 17:41:00 UTC 2020
1 ms. Memory: 51200K Free: 32571K (64%)
ptolemy.util.test.WatchDog.cancel(): canceling Sat Mar 21 17:41:00 UTC 2020
------------------ testing $PTII/ptolemy/domains/de/test/auto/relationGroup2.xml
auto.tcl: Setting watchdog for 200 seconds at Sat Mar 21 17:41:00 UTC 2020
2 ms. Memory: 51200K Free: 32892K (64%)
ptolemy.util.test.WatchDog.cancel(): canceling Sat Mar 21 17:41:00 UTC 2020
auto.tcl: Setting watchdog for 200 seconds at Sat Mar 21 17:41:00 UTC 2020
2 ms. Memory: 51200K Free: 32382K (63%)
ptolemy.util.test.WatchDog.cancel(): canceling Sat Mar 21 17:41:00 UTC 2020
------------------ testing $PTII/ptolemy/domains/de/test/auto/sortWithOpaquePorts.xml
auto.tcl: Setting watchdog for 200 seconds at Sat Mar 21 17:41:00 UTC 2020
1 ms. Memory: 51200K Free: 31860K (62%)
ptolemy.util.test.WatchDog.cancel(): canceling Sat Mar 21 17:41:00 UTC 2020
auto.tcl: Setting watchdog for 200 seconds at Sat Mar 21 17:41:00 UTC 2020
2 ms. Memory: 51200K Free: 30839K (60%)
ptolemy.util.test.WatchDog.cancel(): canceling Sat Mar 21 17:41:00 UTC 2020
------------------ testing $PTII/ptolemy/domains/de/test/auto/transferInputsandOutputs.xml
auto.tcl: Setting watchdog for 200 seconds at Sat Mar 21 17:41:00 UTC 2020
3 ms. Memory: 51200K Free: 29298K (57%)
ptolemy.util.test.WatchDog.cancel(): canceling Sat Mar 21 17:41:00 UTC 2020
auto.tcl: Setting watchdog for 200 seconds at Sat Mar 21 17:41:00 UTC 2020
3 ms. Memory: 51200K Free: 28274K (55%)
ptolemy.util.test.WatchDog.cancel(): canceling Sat Mar 21 17:41:00 UTC 2020
------------------ testing $PTII/ptolemy/domains/de/test/auto/triggerType.xml
auto.tcl: Setting watchdog for 200 seconds at Sat Mar 21 17:41:00 UTC 2020
3 ms. Memory: 51200K Free: 32323K (63%)
ptolemy.util.test.WatchDog.cancel(): canceling Sat Mar 21 17:41:00 UTC 2020
auto.tcl: Setting watchdog for 200 seconds at Sat Mar 21 17:41:00 UTC 2020
2 ms. Memory: 51200K Free: 31299K (61%)
ptolemy.util.test.WatchDog.cancel(): canceling Sat Mar 21 17:41:00 UTC 2020
03/21/20 05:41:00
Failed: 0  Total Tests: 192  ((Passed: 187, Newly Passed: 1)  Known Failed: 5) /home/travis/build/icyphy/ptII/ptolemy/domains/de/test
03/21/20 05:41:00
Failed: 0  Total Tests: 192  ((Passed: 187, Newly Passed: 1)  Known Failed: 5) /home/travis/build/icyphy/ptII/ptolemy/domains/de/test
----------------- testing (KnownFailure) /home/travis/build/icyphy/ptII/ptolemy/domains/de/test/auto/knownFailedTests/DESDFClockTest.xml
2015 ms. Memory: 51200K Free: 25208K (49%)
Known Failure: java.lang.reflect.InvocationTargetException
----------------- testing (KnownFailure) /home/travis/build/icyphy/ptII/ptolemy/domains/de/test/auto/knownFailedTests/DirectFeedback.xml
2 ms. Memory: 51200K Free: 21622K (42%)
Known Failure: java.lang.reflect.InvocationTargetException
----------------- testing (KnownFailure) /home/travis/build/icyphy/ptII/ptolemy/domains/de/test/auto/knownFailedTests/FSMSource.xml
14 ms. Memory: 51200K Free: 13944K (27%)
----------------- testing (KnownFailure) /home/travis/build/icyphy/ptII/ptolemy/domains/de/test/auto/knownFailedTests/HierarchicalModel.xml
3 ms. Memory: 51200K Free: 26205K (51%)
Known Failure: java.lang.reflect.InvocationTargetException
----------------- testing (KnownFailure) /home/travis/build/icyphy/ptII/ptolemy/domains/de/test/auto/knownFailedTests/dependencyLoop.xml
2 ms. Memory: 51200K Free: 10885K (21%)
Known Failure: java.lang.reflect.InvocationTargetException
----------------- testing (KnownFailure) /home/travis/build/icyphy/ptII/ptolemy/domains/de/test/auto/knownFailedTests/dependencyLoop2.xml
3 ms. Memory: 51200K Free: 23765K (46%)
Known Failure: java.lang.reflect.InvocationTargetException
No auto/linux-amd64/*.xml tests in /home/travis/build/icyphy/ptII/ptolemy/domains/de/test
AutoTests.java: About to close Vertx.
AutoTests.java: Vertx closed.

===========================================================================================
----------------- testing Sat Mar 21 17:41:03 UTC 2020 /home/travis/build/icyphy/ptII/ptolemy/domains/de/test/auto/ActorDepthCalculation_actorWithoutPorts.xml
----------------- Instantiating /home/travis/build/icyphy/ptII/ptolemy/domains/de/test/auto/ActorDepthCalculation_actorWithoutPorts.xml
2 ms. Memory: 51200K Free: 16954K (33%)
----------------- Invoking toplevel() on ptolemy.moml.MoMLSimpleApplication@126b6105
----------------- Done invoking toplevel() on ptolemy.moml.MoMLSimpleApplication@126b6105
reloadAllAccessors: .ActorDepthCalculation_actorWithoutPorts

===========================================================================================
----------------- testing Sat Mar 21 17:41:03 UTC 2020 /home/travis/build/icyphy/ptII/ptolemy/domains/de/test/auto/AssemblyLine.xml
----------------- Instantiating /home/travis/build/icyphy/ptII/ptolemy/domains/de/test/auto/AssemblyLine.xml
2 ms. Memory: 51200K Free: 10054K (20%)
----------------- Invoking toplevel() on ptolemy.moml.MoMLSimpleApplication@b0e90f3
----------------- Done invoking toplevel() on ptolemy.moml.MoMLSimpleApplication@b0e90f3
reloadAllAccessors: .AssemblyLine

===========================================================================================
----------------- testing Sat Mar 21 17:41:03 UTC 2020 /home/travis/build/icyphy/ptII/ptolemy/domains/de/test/auto/CQBug1.xml
----------------- Instantiating /home/travis/build/icyphy/ptII/ptolemy/domains/de/test/auto/CQBug1.xml
1 ms. Memory: 51200K Free: 34818K (68%)
----------------- Invoking toplevel() on ptolemy.moml.MoMLSimpleApplication@550c4f96
----------------- Done invoking toplevel() on ptolemy.moml.MoMLSimpleApplication@550c4f96
reloadAllAccessors: .CQBug1

===========================================================================================
----------------- testing Sat Mar 21 17:41:03 UTC 2020 /home/travis/build/icyphy/ptII/ptolemy/domains/de/test/auto/CancelFireAt.xml
----------------- Instantiating /home/travis/build/icyphy/ptII/ptolemy/domains/de/test/auto/CancelFireAt.xml
8 ms. Memory: 51200K Free: 32199K (63%)
----------------- Invoking toplevel() on ptolemy.moml.MoMLSimpleApplication@208dc1ba
----------------- Done invoking toplevel() on ptolemy.moml.MoMLSimpleApplication@208dc1ba
reloadAllAccessors: .CancelFireAt

===========================================================================================
----------------- testing Sat Mar 21 17:41:03 UTC 2020 /home/travis/build/icyphy/ptII/ptolemy/domains/de/test/auto/CausalityAndComposabilityAnalysis.xml
----------------- Instantiating /home/travis/build/icyphy/ptII/ptolemy/domains/de/test/auto/CausalityAndComposabilityAnalysis.xml
2 ms. Memory: 51200K Free: 28073K (55%)
----------------- Invoking toplevel() on ptolemy.moml.MoMLSimpleApplication@38ba4f7d
----------------- Done invoking toplevel() on ptolemy.moml.MoMLSimpleApplication@38ba4f7d
reloadAllAccessors: .CausalityAndComposabilityAnalysis

===========================================================================================
----------------- testing Sat Mar 21 17:41:03 UTC 2020 /home/travis/build/icyphy/ptII/ptolemy/domains/de/test/auto/CausalityInterface1.xml
----------------- Instantiating /home/travis/build/icyphy/ptII/ptolemy/domains/de/test/auto/CausalityInterface1.xml
5 ms. Memory: 51200K Free: 22985K (45%)
----------------- Invoking toplevel() on ptolemy.moml.MoMLSimpleApplication@46c440e4
----------------- Done invoking toplevel() on ptolemy.moml.MoMLSimpleApplication@46c440e4
reloadAllAccessors: .CausalityInterface1

===========================================================================================
----------------- testing Sat Mar 21 17:41:03 UTC 2020 /home/travis/build/icyphy/ptII/ptolemy/domains/de/test/auto/CausalityInterface15.xml
----------------- Instantiating /home/travis/build/icyphy/ptII/ptolemy/domains/de/test/auto/CausalityInterface15.xml
2 ms. Memory: 51200K Free: 17418K (34%)
----------------- Invoking toplevel() on ptolemy.moml.MoMLSimpleApplication@99619e9
----------------- Done invoking toplevel() on ptolemy.moml.MoMLSimpleApplication@99619e9
reloadAllAccessors: .CausalityInterface15

===========================================================================================
----------------- testing Sat Mar 21 17:41:03 UTC 2020 /home/travis/build/icyphy/ptII/ptolemy/domains/de/test/auto/CausalityInterface2.xml
----------------- Instantiating /home/travis/build/icyphy/ptII/ptolemy/domains/de/test/auto/CausalityInterface2.xml
1 ms. Memory: 51200K Free: 12775K (25%)
[...]
	at ptolemy.actor.Manager.run(Manager.java:1263)
	at ptolemy.actor.Manager$PtolemyRunThread.run(Manager.java:1933)
java.lang.RuntimeException: Execution failed
	at ptolemy.moml.MoMLSimpleApplication$UnloadThread.run(MoMLSimpleApplication.java:402)
Caused by: ptolemy.kernel.util.IllegalActionException: Actor is not ready to fire.  Perhaps UpSample.prefire() returned false? Try debugging the actor by selecting "Listen to Actor".  Also, for SDF check moml for tokenConsumptionRate on input.
  in .DESDFClockTest.Play Bell.Copy1:SDF Director and .DESDFClockTest.Play Bell.UpSample
	at ptolemy.actor.sched.StaticSchedulingDirector.fire(StaticSchedulingDirector.java:227)
	at ptolemy.domains.sdf.kernel.SDFDirector.fire(SDFDirector.java:500)
	at ptolemy.actor.CompositeActor.fire(CompositeActor.java:455)
	at ptolemy.domains.de.kernel.DEDirector._fire(DEDirector.java:1949)
	at ptolemy.domains.de.kernel.DEDirector.fire(DEDirector.java:502)
	at ptolemy.actor.CompositeActor.fire(CompositeActor.java:455)
	at ptolemy.actor.Manager.iterate(Manager.java:851)
	at ptolemy.actor.Manager.execute(Manager.java:369)
	at ptolemy.actor.Manager.run(Manager.java:1263)
	at ptolemy.actor.Manager$PtolemyRunThread.run(Manager.java:1933)
java.lang.reflect.InvocationTargetException
	at java.base/jdk.internal.reflect.NativeConstructorAccessorImpl.newInstance0(Native Method)
	at java.base/jdk.internal.reflect.NativeConstructorAccessorImpl.newInstance(NativeConstructorAccessorImpl.java:62)
	at java.base/jdk.internal.reflect.DelegatingConstructorAccessorImpl.newInstance(DelegatingConstructorAccessorImpl.java:45)
	at java.base/java.lang.reflect.Constructor.newInstance(Constructor.java:490)
	at ptolemy.util.test.junit.AutoKnownFailedTests.RunModel(AutoKnownFailedTests.java:105)
	at java.base/jdk.internal.reflect.NativeMethodAccessorImpl.invoke0(Native Method)
	at java.base/jdk.internal.reflect.NativeMethodAccessorImpl.invoke(NativeMethodAccessorImpl.java:62)
	at java.base/jdk.internal.reflect.DelegatingMethodAccessorImpl.invoke(DelegatingMethodAccessorImpl.java:43)
	at java.base/java.lang.reflect.Method.invoke(Method.java:566)
	at org.junit.runners.model.FrameworkMethod$1.runReflectiveCall(FrameworkMethod.java:44)
	at org.junit.internal.runners.model.ReflectiveCallable.run(ReflectiveCallable.java:15)
	at org.junit.runners.model.FrameworkMethod.invokeExplosively(FrameworkMethod.java:41)
	at junitparams.internal.InvokeParameterisedMethod.evaluate(InvokeParameterisedMethod.java:102)
	at org.junit.internal.runners.statements.FailOnTimeout$1.run(FailOnTimeout.java:28)
Caused by: ptolemy.kernel.util.IllegalActionException: Actor is not ready to fire.  Perhaps UpSample.prefire() returned false? Try debugging the actor by selecting "Listen to Actor".  Also, for SDF check moml for tokenConsumptionRate on input.
  in .DESDFClockTest.Play Bell.Copy1:SDF Director and .DESDFClockTest.Play Bell.UpSample
	at ptolemy.actor.sched.StaticSchedulingDirector.fire(StaticSchedulingDirector.java:227)
	at ptolemy.domains.sdf.kernel.SDFDirector.fire(SDFDirector.java:500)
	at ptolemy.actor.CompositeActor.fire(CompositeActor.java:455)
	at ptolemy.domains.de.kernel.DEDirector._fire(DEDirector.java:1949)
	at ptolemy.domains.de.kernel.DEDirector.fire(DEDirector.java:502)
	at ptolemy.actor.CompositeActor.fire(CompositeActor.java:455)
	at ptolemy.actor.Manager.iterate(Manager.java:851)
	at ptolemy.actor.Manager.execute(Manager.java:369)
	at ptolemy.actor.Manager.run(Manager.java:1263)
	at ptolemy.actor.Manager$PtolemyRunThread.run(Manager.java:1933)
java.lang.RuntimeException: Execution failed
	at ptolemy.moml.MoMLSimpleApplication$UnloadThread.run(MoMLSimpleApplication.java:402)
Caused by: ptolemy.kernel.util.IllegalActionException: Test fails in iteration 1.
Value was: 1.0. Should have been: 2.0
  in .DirectFeedback.Test
	at ptolemy.actor.lib.Test.fire(Test.java:268)
	at ptolemy.domains.de.kernel.DEDirector._fire(DEDirector.java:1949)
	at ptolemy.domains.de.kernel.DEDirector.fire(DEDirector.java:502)
	at ptolemy.actor.CompositeActor.fire(CompositeActor.java:455)
	at ptolemy.actor.Manager.iterate(Manager.java:851)
	at ptolemy.actor.Manager.execute(Manager.java:369)
	at ptolemy.actor.Manager.run(Manager.java:1263)
	at ptolemy.actor.Manager$PtolemyRunThread.run(Manager.java:1933)
java.lang.reflect.InvocationTargetException
	at java.base/jdk.internal.reflect.NativeConstructorAccessorImpl.newInstance0(Native Method)
	at java.base/jdk.internal.reflect.NativeConstructorAccessorImpl.newInstance(NativeConstructorAccessorImpl.java:62)
	at java.base/jdk.internal.reflect.DelegatingConstructorAccessorImpl.newInstance(DelegatingConstructorAccessorImpl.java:45)
	at java.base/java.lang.reflect.Constructor.newInstance(Constructor.java:490)
	at ptolemy.util.test.junit.AutoKnownFailedTests.RunModel(AutoKnownFailedTests.java:105)
	at java.base/jdk.internal.reflect.NativeMethodAccessorImpl.invoke0(Native Method)
	at java.base/jdk.internal.reflect.NativeMethodAccessorImpl.invoke(NativeMethodAccessorImpl.java:62)
	at java.base/jdk.internal.reflect.DelegatingMethodAccessorImpl.invoke(DelegatingMethodAccessorImpl.java:43)
	at java.base/java.lang.reflect.Method.invoke(Method.java:566)
	at org.junit.runners.model.FrameworkMethod$1.runReflectiveCall(FrameworkMethod.java:44)
	at org.junit.internal.runners.model.ReflectiveCallable.run(ReflectiveCallable.java:15)
	at org.junit.runners.model.FrameworkMethod.invokeExplosively(FrameworkMethod.java:41)
	at junitparams.internal.InvokeParameterisedMethod.evaluate(InvokeParameterisedMethod.java:102)
	at org.junit.internal.runners.statements.FailOnTimeout$1.run(FailOnTimeout.java:28)
Caused by: ptolemy.kernel.util.IllegalActionException: Test fails in iteration 1.
Value was: 1.0. Should have been: 2.0
  in .DirectFeedback.Test
	at ptolemy.actor.lib.Test.fire(Test.java:268)
	at ptolemy.domains.de.kernel.DEDirector._fire(DEDirector.java:1949)
	at ptolemy.domains.de.kernel.DEDirector.fire(DEDirector.java:502)
	at ptolemy.actor.CompositeActor.fire(CompositeActor.java:455)
	at ptolemy.actor.Manager.iterate(Manager.java:851)
	at ptolemy.actor.Manager.execute(Manager.java:369)
	at ptolemy.actor.Manager.run(Manager.java:1263)
	at ptolemy.actor.Manager$PtolemyRunThread.run(Manager.java:1933)
java.lang.RuntimeException: Execution failed
	at ptolemy.moml.MoMLSimpleApplication$UnloadThread.run(MoMLSimpleApplication.java:402)
Caused by: ptolemy.kernel.util.IllegalActionException: Found a zero delay loop containing .HierarchicalModel.A
  in .HierarchicalModel and .HierarchicalModel.A
	at ptolemy.actor.util.CausalityInterfaceForComposites._computeOutputPortDepth(CausalityInterfaceForComposites.java:759)
	at ptolemy.actor.util.CausalityInterfaceForComposites._computeInputDepth(CausalityInterfaceForComposites.java:696)
	at ptolemy.actor.util.CausalityInterfaceForComposites._computeOutputPortDepth(CausalityInterfaceForComposites.java:765)
	at ptolemy.actor.util.CausalityInterfaceForComposites._computeInputDepth(CausalityInterfaceForComposites.java:696)
	at ptolemy.actor.util.CausalityInterfaceForComposites._computeOutputPortDepth(CausalityInterfaceForComposites.java:765)
	at ptolemy.actor.util.CausalityInterfaceForComposites._computeInputDepth(CausalityInterfaceForComposites.java:696)
	at ptolemy.actor.util.CausalityInterfaceForComposites._computeActorDepth(CausalityInterfaceForComposites.java:532)
	at ptolemy.actor.util.CausalityInterfaceForComposites.checkForCycles(CausalityInterfaceForComposites.java:96)
	at ptolemy.domains.de.kernel.DEDirector.preinitialize(DEDirector.java:1338)
	at ptolemy.actor.CompositeActor.preinitialize(CompositeActor.java:1828)
	at ptolemy.actor.Manager.preinitializeAndResolveTypes(Manager.java:1040)
	at ptolemy.actor.Manager.initialize(Manager.java:710)
	at ptolemy.actor.Manager.execute(Manager.java:356)
	at ptolemy.actor.Manager.run(Manager.java:1263)
	at ptolemy.actor.Manager$PtolemyRunThread.run(Manager.java:1933)
java.lang.reflect.InvocationTargetException
	at java.base/jdk.internal.reflect.NativeConstructorAccessorImpl.newInstance0(Native Method)
	at java.base/jdk.internal.reflect.NativeConstructorAccessorImpl.newInstance(NativeConstructorAccessorImpl.java:62)
	at java.base/jdk.internal.reflect.DelegatingConstructorAccessorImpl.newInstance(DelegatingConstructorAccessorImpl.java:45)
	at java.base/java.lang.reflect.Constructor.newInstance(Constructor.java:490)
	at ptolemy.util.test.junit.AutoKnownFailedTests.RunModel(AutoKnownFailedTests.java:105)
	at java.base/jdk.internal.reflect.NativeMethodAccessorImpl.invoke0(Native Method)
	at java.base/jdk.internal.reflect.NativeMethodAccessorImpl.invoke(NativeMethodAccessorImpl.java:62)
	at java.base/jdk.internal.reflect.DelegatingMethodAccessorImpl.invoke(DelegatingMethodAccessorImpl.java:43)
	at java.base/java.lang.reflect.Method.invoke(Method.java:566)
	at org.junit.runners.model.FrameworkMethod$1.runReflectiveCall(FrameworkMethod.java:44)
	at org.junit.internal.runners.model.ReflectiveCallable.run(ReflectiveCallable.java:15)
	at org.junit.runners.model.FrameworkMethod.invokeExplosively(FrameworkMethod.java:41)
	at junitparams.internal.InvokeParameterisedMethod.evaluate(InvokeParameterisedMethod.java:102)
	at org.junit.internal.runners.statements.FailOnTimeout$1.run(FailOnTimeout.java:28)
Caused by: ptolemy.kernel.util.IllegalActionException: Found a zero delay loop containing .HierarchicalModel.A
  in .HierarchicalModel and .HierarchicalModel.A
	at ptolemy.actor.util.CausalityInterfaceForComposites._computeOutputPortDepth(CausalityInterfaceForComposites.java:759)
	at ptolemy.actor.util.CausalityInterfaceForComposites._computeInputDepth(CausalityInterfaceForComposites.java:696)
	at ptolemy.actor.util.CausalityInterfaceForComposites._computeOutputPortDepth(CausalityInterfaceForComposites.java:765)
	at ptolemy.actor.util.CausalityInterfaceForComposites._computeInputDepth(CausalityInterfaceForComposites.java:696)
	at ptolemy.actor.util.CausalityInterfaceForComposites._computeOutputPortDepth(CausalityInterfaceForComposites.java:765)
	at ptolemy.actor.util.CausalityInterfaceForComposites._computeInputDepth(CausalityInterfaceForComposites.java:696)
	at ptolemy.actor.util.CausalityInterfaceForComposites._computeActorDepth(CausalityInterfaceForComposites.java:532)
	at ptolemy.actor.util.CausalityInterfaceForComposites.checkForCycles(CausalityInterfaceForComposites.java:96)
	at ptolemy.domains.de.kernel.DEDirector.preinitialize(DEDirector.java:1338)
	at ptolemy.actor.CompositeActor.preinitialize(CompositeActor.java:1828)
	at ptolemy.actor.Manager.preinitializeAndResolveTypes(Manager.java:1040)
	at ptolemy.actor.Manager.initialize(Manager.java:710)
	at ptolemy.actor.Manager.execute(Manager.java:356)
	at ptolemy.actor.Manager.run(Manager.java:1263)
	at ptolemy.actor.Manager$PtolemyRunThread.run(Manager.java:1933)
java.lang.RuntimeException: Execution failed
	at ptolemy.moml.MoMLSimpleApplication$UnloadThread.run(MoMLSimpleApplication.java:402)
Caused by: ptolemy.kernel.util.IllegalActionException: Found a zero delay loop containing .dependencyLoop.original
  in .dependencyLoop and .dependencyLoop.original
	at ptolemy.actor.util.CausalityInterfaceForComposites._computeOutputPortDepth(CausalityInterfaceForComposites.java:759)
	at ptolemy.actor.util.CausalityInterfaceForComposites._computeInputDepth(CausalityInterfaceForComposites.java:696)
	at ptolemy.actor.util.CausalityInterfaceForComposites._computeOutputPortDepth(CausalityInterfaceForComposites.java:765)
	at ptolemy.actor.util.CausalityInterfaceForComposites._computeInputDepth(CausalityInterfaceForComposites.java:696)
	at ptolemy.actor.util.CausalityInterfaceForComposites._computeOutputPortDepth(CausalityInterfaceForComposites.java:765)
	at ptolemy.actor.util.CausalityInterfaceForComposites._computeInputDepth(CausalityInterfaceForComposites.java:696)
	at ptolemy.actor.util.CausalityInterfaceForComposites._computeActorDepth(CausalityInterfaceForComposites.java:532)
	at ptolemy.actor.util.CausalityInterfaceForComposites.checkForCycles(CausalityInterfaceForComposites.java:96)
	at ptolemy.domains.de.kernel.DEDirector.preinitialize(DEDirector.java:1338)
	at ptolemy.actor.CompositeActor.preinitialize(CompositeActor.java:1828)
	at ptolemy.actor.Manager.preinitializeAndResolveTypes(Manager.java:1040)
	at ptolemy.actor.Manager.initialize(Manager.java:710)
	at ptolemy.actor.Manager.execute(Manager.java:356)
	at ptolemy.actor.Manager.run(Manager.java:1263)
	at ptolemy.actor.Manager$PtolemyRunThread.run(Manager.java:1933)
java.lang.reflect.InvocationTargetException
	at java.base/jdk.internal.reflect.NativeConstructorAccessorImpl.newInstance0(Native Method)
	at java.base/jdk.internal.reflect.NativeConstructorAccessorImpl.newInstance(NativeConstructorAccessorImpl.java:62)
	at java.base/jdk.internal.reflect.DelegatingConstructorAccessorImpl.newInstance(DelegatingConstructorAccessorImpl.java:45)
	at java.base/java.lang.reflect.Constructor.newInstance(Constructor.java:490)
	at ptolemy.util.test.junit.AutoKnownFailedTests.RunModel(AutoKnownFailedTests.java:105)
	at java.base/jdk.internal.reflect.NativeMethodAccessorImpl.invoke0(Native Method)
	at java.base/jdk.internal.reflect.NativeMethodAccessorImpl.invoke(NativeMethodAccessorImpl.java:62)
	at java.base/jdk.internal.reflect.DelegatingMethodAccessorImpl.invoke(DelegatingMethodAccessorImpl.java:43)
	at java.base/java.lang.reflect.Method.invoke(Method.java:566)
	at org.junit.runners.model.FrameworkMethod$1.runReflectiveCall(FrameworkMethod.java:44)
	at org.junit.internal.runners.model.ReflectiveCallable.run(ReflectiveCallable.java:15)
	at org.junit.runners.model.FrameworkMethod.invokeExplosively(FrameworkMethod.java:41)
	at junitparams.internal.InvokeParameterisedMethod.evaluate(InvokeParameterisedMethod.java:102)
	at org.junit.internal.runners.statements.FailOnTimeout$1.run(FailOnTimeout.java:28)
Caused by: ptolemy.kernel.util.IllegalActionException: Found a zero delay loop containing .dependencyLoop.original
  in .dependencyLoop and .dependencyLoop.original
	at ptolemy.actor.util.CausalityInterfaceForComposites._computeOutputPortDepth(CausalityInterfaceForComposites.java:759)
	at ptolemy.actor.util.CausalityInterfaceForComposites._computeInputDepth(CausalityInterfaceForComposites.java:696)
	at ptolemy.actor.util.CausalityInterfaceForComposites._computeOutputPortDepth(CausalityInterfaceForComposites.java:765)
	at ptolemy.actor.util.CausalityInterfaceForComposites._computeInputDepth(CausalityInterfaceForComposites.java:696)
	at ptolemy.actor.util.CausalityInterfaceForComposites._computeOutputPortDepth(CausalityInterfaceForComposites.java:765)
	at ptolemy.actor.util.CausalityInterfaceForComposites._computeInputDepth(CausalityInterfaceForComposites.java:696)
	at ptolemy.actor.util.CausalityInterfaceForComposites._computeActorDepth(CausalityInterfaceForComposites.java:532)
	at ptolemy.actor.util.CausalityInterfaceForComposites.checkForCycles(CausalityInterfaceForComposites.java:96)
	at ptolemy.domains.de.kernel.DEDirector.preinitialize(DEDirector.java:1338)
	at ptolemy.actor.CompositeActor.preinitialize(CompositeActor.java:1828)
	at ptolemy.actor.Manager.preinitializeAndResolveTypes(Manager.java:1040)
	at ptolemy.actor.Manager.initialize(Manager.java:710)
	at ptolemy.actor.Manager.execute(Manager.java:356)
	at ptolemy.actor.Manager.run(Manager.java:1263)
	at ptolemy.actor.Manager$PtolemyRunThread.run(Manager.java:1933)
java.lang.RuntimeException: Execution failed
	at ptolemy.moml.MoMLSimpleApplication$UnloadThread.run(MoMLSimpleApplication.java:402)
Caused by: ptolemy.kernel.util.IllegalActionException: Found a zero delay loop containing .dependencyLoop2.original
  in .dependencyLoop2 and .dependencyLoop2.original
	at ptolemy.actor.util.CausalityInterfaceForComposites._computeOutputPortDepth(CausalityInterfaceForComposites.java:759)
	at ptolemy.actor.util.CausalityInterfaceForComposites._computeInputDepth(CausalityInterfaceForComposites.java:696)
	at ptolemy.actor.util.CausalityInterfaceForComposites._computeOutputPortDepth(CausalityInterfaceForComposites.java:765)
	at ptolemy.actor.util.CausalityInterfaceForComposites._computeInputDepth(CausalityInterfaceForComposites.java:696)
	at ptolemy.actor.util.CausalityInterfaceForComposites._computeOutputPortDepth(CausalityInterfaceForComposites.java:765)
	at ptolemy.actor.util.CausalityInterfaceForComposites._computeInputDepth(CausalityInterfaceForComposites.java:696)
	at ptolemy.actor.util.CausalityInterfaceForComposites._computeActorDepth(CausalityInterfaceForComposites.java:532)
	at ptolemy.actor.util.CausalityInterfaceForComposites.checkForCycles(CausalityInterfaceForComposites.java:96)
	at ptolemy.domains.de.kernel.DEDirector.preinitialize(DEDirector.java:1338)
	at ptolemy.actor.CompositeActor.preinitialize(CompositeActor.java:1828)
	at ptolemy.actor.Manager.preinitializeAndResolveTypes(Manager.java:1040)
	at ptolemy.actor.Manager.initialize(Manager.java:710)
	at ptolemy.actor.Manager.execute(Manager.java:356)
	at ptolemy.actor.Manager.run(Manager.java:1263)
	at ptolemy.actor.Manager$PtolemyRunThread.run(Manager.java:1933)
java.lang.reflect.InvocationTargetException
	at java.base/jdk.internal.reflect.NativeConstructorAccessorImpl.newInstance0(Native Method)
	at java.base/jdk.internal.reflect.NativeConstructorAccessorImpl.newInstance(NativeConstructorAccessorImpl.java:62)
	at java.base/jdk.internal.reflect.DelegatingConstructorAccessorImpl.newInstance(DelegatingConstructorAccessorImpl.java:45)
	at java.base/java.lang.reflect.Constructor.newInstance(Constructor.java:490)
	at ptolemy.util.test.junit.AutoKnownFailedTests.RunModel(AutoKnownFailedTests.java:105)
	at java.base/jdk.internal.reflect.NativeMethodAccessorImpl.invoke0(Native Method)
	at java.base/jdk.internal.reflect.NativeMethodAccessorImpl.invoke(NativeMethodAccessorImpl.java:62)
	at java.base/jdk.internal.reflect.DelegatingMethodAccessorImpl.invoke(DelegatingMethodAccessorImpl.java:43)
	at java.base/java.lang.reflect.Method.invoke(Method.java:566)
	at org.junit.runners.model.FrameworkMethod$1.runReflectiveCall(FrameworkMethod.java:44)
	at org.junit.internal.runners.model.ReflectiveCallable.run(ReflectiveCallable.java:15)
	at org.junit.runners.model.FrameworkMethod.invokeExplosively(FrameworkMethod.java:41)
	at junitparams.internal.InvokeParameterisedMethod.evaluate(InvokeParameterisedMethod.java:102)
	at org.junit.internal.runners.statements.FailOnTimeout$1.run(FailOnTimeout.java:28)
Caused by: ptolemy.kernel.util.IllegalActionException: Found a zero delay loop containing .dependencyLoop2.original
  in .dependencyLoop2 and .dependencyLoop2.original
	at ptolemy.actor.util.CausalityInterfaceForComposites._computeOutputPortDepth(CausalityInterfaceForComposites.java:759)
	at ptolemy.actor.util.CausalityInterfaceForComposites._computeInputDepth(CausalityInterfaceForComposites.java:696)
	at ptolemy.actor.util.CausalityInterfaceForComposites._computeOutputPortDepth(CausalityInterfaceForComposites.java:765)
	at ptolemy.actor.util.CausalityInterfaceForComposites._computeInputDepth(CausalityInterfaceForComposites.java:696)
	at ptolemy.actor.util.CausalityInterfaceForComposites._computeOutputPortDepth(CausalityInterfaceForComposites.java:765)
	at ptolemy.actor.util.CausalityInterfaceForComposites._computeInputDepth(CausalityInterfaceForComposites.java:696)
	at ptolemy.actor.util.CausalityInterfaceForComposites._computeActorDepth(CausalityInterfaceForComposites.java:532)
	at ptolemy.actor.util.CausalityInterfaceForComposites.checkForCycles(CausalityInterfaceForComposites.java:96)
	at ptolemy.domains.de.kernel.DEDirector.preinitialize(DEDirector.java:1338)
	at ptolemy.actor.CompositeActor.preinitialize(CompositeActor.java:1828)
	at ptolemy.actor.Manager.preinitializeAndResolveTypes(Manager.java:1040)
	at ptolemy.actor.Manager.initialize(Manager.java:710)
	at ptolemy.actor.Manager.execute(Manager.java:356)
	at ptolemy.actor.Manager.run(Manager.java:1263)
	at ptolemy.actor.Manager$PtolemyRunThread.run(Manager.java:1933)
]]></system-err>
</testsuite>
