<?xml version="1.0" encoding="UTF-8" ?>
<testsuite errors="0" failures="0" hostname="travis-job-61c35135-046e-4037-a75c-d3e5175fdd8a" name="ptolemy.domains.sdf.lib.test.junit.JUnitTclTest" skipped="0" tests="82" time="10.477" timestamp="2019-11-20T06:55:38">
  <properties>
[...]
</properties>
  <testcase classname="ptolemy.util.test.junit.TclTests" name="[0] /home/travis/build/icyphy/ptII/ptolemy/domains/sdf/lib/test/ArrayToSequence.tcl (RunTclFile)" time="0.77" />
  <testcase classname="ptolemy.util.test.junit.TclTests" name="[1] /home/travis/build/icyphy/ptII/ptolemy/domains/sdf/lib/test/BitsToInt.tcl (RunTclFile)" time="0.069" />
  <testcase classname="ptolemy.util.test.junit.TclTests" name="[2] /home/travis/build/icyphy/ptII/ptolemy/domains/sdf/lib/test/DelayLine.tcl (RunTclFile)" time="0.036" />
  <testcase classname="ptolemy.util.test.junit.TclTests" name="[3] /home/travis/build/icyphy/ptII/ptolemy/domains/sdf/lib/test/FFT.tcl (RunTclFile)" time="0.024" />
  <testcase classname="ptolemy.util.test.junit.TclTests" name="[4] /home/travis/build/icyphy/ptII/ptolemy/domains/sdf/lib/test/FIR.tcl (RunTclFile)" time="0.298" />
  <testcase classname="ptolemy.util.test.junit.TclTests" name="[5] /home/travis/build/icyphy/ptII/ptolemy/domains/sdf/lib/test/IntToBits.tcl (RunTclFile)" time="0.071" />
  <testcase classname="ptolemy.util.test.junit.TclTests" name="[6] /home/travis/build/icyphy/ptII/ptolemy/domains/sdf/lib/test/MaximumEntropySpectrum.tcl (RunTclFile)" time="0.43" />
  <testcase classname="ptolemy.util.test.junit.TclTests" name="[7] /home/travis/build/icyphy/ptII/ptolemy/domains/sdf/lib/test/Repeat.tcl (RunTclFile)" time="0.048" />
  <testcase classname="ptolemy.util.test.junit.TclTests" name="[8] /home/travis/build/icyphy/ptII/ptolemy/domains/sdf/lib/test/SampleDelay.tcl (RunTclFile)" time="0.1" />
  <testcase classname="ptolemy.util.test.junit.TclTests" name="[9] /home/travis/build/icyphy/ptII/ptolemy/domains/sdf/lib/test/SequenceToArray.tcl (RunTclFile)" time="0.096" />
  <testcase classname="ptolemy.util.test.junit.AutoKnownFailedTests" name="[0] ThereAreNoKnowFailedTests (RunModel)" time="0.011" />
  <testcase classname="ptolemy.util.test.junit.AutoNameArchTests" name="[0] ThereAreNoAutoArchTests (RunModel)" time="0.003" />
  <testcase classname="ptolemy.util.test.junit.AutoTests" name="[0] /home/travis/build/icyphy/ptII/ptolemy/domains/sdf/lib/test/auto/ArrayToSequence.xml (RunModel)" time="0.358" />
  <testcase classname="ptolemy.util.test.junit.AutoTests" name="[1] /home/travis/build/icyphy/ptII/ptolemy/domains/sdf/lib/test/auto/ArrayToSequenceTest.xml (RunModel)" time="0.089" />
  <testcase classname="ptolemy.util.test.junit.AutoTests" name="[2] /home/travis/build/icyphy/ptII/ptolemy/domains/sdf/lib/test/auto/Autocorrelation.xml (RunModel)" time="0.074" />
  <testcase classname="ptolemy.util.test.junit.AutoTests" name="[3] /home/travis/build/icyphy/ptII/ptolemy/domains/sdf/lib/test/auto/Autocorrelation2.xml (RunModel)" time="0.075" />
  <testcase classname="ptolemy.util.test.junit.AutoTests" name="[4] /home/travis/build/icyphy/ptII/ptolemy/domains/sdf/lib/test/auto/Autocorrelation3.xml (RunModel)" time="0.048" />
  <testcase classname="ptolemy.util.test.junit.AutoTests" name="[5] /home/travis/build/icyphy/ptII/ptolemy/domains/sdf/lib/test/auto/Autocorrelation4.xml (RunModel)" time="0.074" />
  <testcase classname="ptolemy.util.test.junit.AutoTests" name="[6] /home/travis/build/icyphy/ptII/ptolemy/domains/sdf/lib/test/auto/Autocorrelation5.xml (RunModel)" time="0.096" />
  <testcase classname="ptolemy.util.test.junit.AutoTests" name="[7] /home/travis/build/icyphy/ptII/ptolemy/domains/sdf/lib/test/auto/BitsToInt.xml (RunModel)" time="0.059" />
  <testcase classname="ptolemy.util.test.junit.AutoTests" name="[8] /home/travis/build/icyphy/ptII/ptolemy/domains/sdf/lib/test/auto/BooleanJoin.xml (RunModel)" time="0.055" />
  <testcase classname="ptolemy.util.test.junit.AutoTests" name="[9] /home/travis/build/icyphy/ptII/ptolemy/domains/sdf/lib/test/auto/BootstrapSampleDelay.xml (RunModel)" time="0.079" />
  <testcase classname="ptolemy.util.test.junit.AutoTests" name="[10] /home/travis/build/icyphy/ptII/ptolemy/domains/sdf/lib/test/auto/Chop.xml (RunModel)" time="0.089" />
  <testcase classname="ptolemy.util.test.junit.AutoTests" name="[11] /home/travis/build/icyphy/ptII/ptolemy/domains/sdf/lib/test/auto/Chop2.xml (RunModel)" time="0.053" />
  <testcase classname="ptolemy.util.test.junit.AutoTests" name="[12] /home/travis/build/icyphy/ptII/ptolemy/domains/sdf/lib/test/auto/ComplexJoin.xml (RunModel)" time="0.041" />
  <testcase classname="ptolemy.util.test.junit.AutoTests" name="[13] /home/travis/build/icyphy/ptII/ptolemy/domains/sdf/lib/test/auto/CountTrues.xml (RunModel)" time="0.034" />
  <testcase classname="ptolemy.util.test.junit.AutoTests" name="[14] /home/travis/build/icyphy/ptII/ptolemy/domains/sdf/lib/test/auto/DelayLine.xml (RunModel)" time="0.052" />
  <testcase classname="ptolemy.util.test.junit.AutoTests" name="[15] /home/travis/build/icyphy/ptII/ptolemy/domains/sdf/lib/test/auto/DotProduct.xml (RunModel)" time="0.042" />
  <testcase classname="ptolemy.util.test.junit.AutoTests" name="[16] /home/travis/build/icyphy/ptII/ptolemy/domains/sdf/lib/test/auto/DotProductMatrix.xml (RunModel)" time="0.033" />
  <testcase classname="ptolemy.util.test.junit.AutoTests" name="[17] /home/travis/build/icyphy/ptII/ptolemy/domains/sdf/lib/test/auto/DownSample1.xml (RunModel)" time="0.031" />
  <testcase classname="ptolemy.util.test.junit.AutoTests" name="[18] /home/travis/build/icyphy/ptII/ptolemy/domains/sdf/lib/test/auto/DynamicRateChange.xml (RunModel)" time="0.035" />
  <testcase classname="ptolemy.util.test.junit.AutoTests" name="[19] /home/travis/build/icyphy/ptII/ptolemy/domains/sdf/lib/test/auto/DynamicRates.xml (RunModel)" time="0.047" />
  <testcase classname="ptolemy.util.test.junit.AutoTests" name="[20] /home/travis/build/icyphy/ptII/ptolemy/domains/sdf/lib/test/auto/FFT1.xml (RunModel)" time="0.058" />
  <testcase classname="ptolemy.util.test.junit.AutoTests" name="[21] /home/travis/build/icyphy/ptII/ptolemy/domains/sdf/lib/test/auto/FIR1.xml (RunModel)" time="0.091" />
  <testcase classname="ptolemy.util.test.junit.AutoTests" name="[22] /home/travis/build/icyphy/ptII/ptolemy/domains/sdf/lib/test/auto/FIR2.xml (RunModel)" time="0.032" />
  <testcase classname="ptolemy.util.test.junit.AutoTests" name="[23] /home/travis/build/icyphy/ptII/ptolemy/domains/sdf/lib/test/auto/FIR4.xml (RunModel)" time="0.065" />
  <testcase classname="ptolemy.util.test.junit.AutoTests" name="[24] /home/travis/build/icyphy/ptII/ptolemy/domains/sdf/lib/test/auto/FixJoin.xml (RunModel)" time="0.057" />
  <testcase classname="ptolemy.util.test.junit.AutoTests" name="[25] /home/travis/build/icyphy/ptII/ptolemy/domains/sdf/lib/test/auto/IntJoin1.xml (RunModel)" time="0.028" />
  <testcase classname="ptolemy.util.test.junit.AutoTests" name="[26] /home/travis/build/icyphy/ptII/ptolemy/domains/sdf/lib/test/auto/IntJoin2.xml (RunModel)" time="0.027" />
  <testcase classname="ptolemy.util.test.junit.AutoTests" name="[27] /home/travis/build/icyphy/ptII/ptolemy/domains/sdf/lib/test/auto/IntJoin3.xml (RunModel)" time="0.032" />
  <testcase classname="ptolemy.util.test.junit.AutoTests" name="[28] /home/travis/build/icyphy/ptII/ptolemy/domains/sdf/lib/test/auto/IntJoin4.xml (RunModel)" time="0.025" />
  <testcase classname="ptolemy.util.test.junit.AutoTests" name="[29] /home/travis/build/icyphy/ptII/ptolemy/domains/sdf/lib/test/auto/IntJoin5.xml (RunModel)" time="0.029" />
  <testcase classname="ptolemy.util.test.junit.AutoTests" name="[30] /home/travis/build/icyphy/ptII/ptolemy/domains/sdf/lib/test/auto/IntToBits.xml (RunModel)" time="0.031" />
  <testcase classname="ptolemy.util.test.junit.AutoTests" name="[31] /home/travis/build/icyphy/ptII/ptolemy/domains/sdf/lib/test/auto/LMSAdaptive.xml (RunModel)" time="0.069" />
  <testcase classname="ptolemy.util.test.junit.AutoTests" name="[32] /home/travis/build/icyphy/ptII/ptolemy/domains/sdf/lib/test/auto/LMSAdaptiveFIR.xml (RunModel)" time="0.311" />
  <testcase classname="ptolemy.util.test.junit.AutoTests" name="[33] /home/travis/build/icyphy/ptII/ptolemy/domains/sdf/lib/test/auto/LMSAdaptiveFIR2.xml (RunModel)" time="0.566" />
  <testcase classname="ptolemy.util.test.junit.AutoTests" name="[34] /home/travis/build/icyphy/ptII/ptolemy/domains/sdf/lib/test/auto/LongJoin.xml (RunModel)" time="0.048" />
  <testcase classname="ptolemy.util.test.junit.AutoTests" name="[35] /home/travis/build/icyphy/ptII/ptolemy/domains/sdf/lib/test/auto/Matrix1.xml (RunModel)" time="0.032" />
  <testcase classname="ptolemy.util.test.junit.AutoTests" name="[36] /home/travis/build/icyphy/ptII/ptolemy/domains/sdf/lib/test/auto/Matrix2.xml (RunModel)" time="0.027" />
  <testcase classname="ptolemy.util.test.junit.AutoTests" name="[37] /home/travis/build/icyphy/ptII/ptolemy/domains/sdf/lib/test/auto/MatrixJoin1.xml (RunModel)" time="0.045" />
  <testcase classname="ptolemy.util.test.junit.AutoTests" name="[38] /home/travis/build/icyphy/ptII/ptolemy/domains/sdf/lib/test/auto/MatrixJoin2.xml (RunModel)" time="0.029" />
  <testcase classname="ptolemy.util.test.junit.AutoTests" name="[39] /home/travis/build/icyphy/ptII/ptolemy/domains/sdf/lib/test/auto/MatrixJoin3.xml (RunModel)" time="0.025" />
  <testcase classname="ptolemy.util.test.junit.AutoTests" name="[40] /home/travis/build/icyphy/ptII/ptolemy/domains/sdf/lib/test/auto/MatrixJoin4.xml (RunModel)" time="0.031" />
  <testcase classname="ptolemy.util.test.junit.AutoTests" name="[41] /home/travis/build/icyphy/ptII/ptolemy/domains/sdf/lib/test/auto/MatrixJoin5.xml (RunModel)" time="0.026" />
  <testcase classname="ptolemy.util.test.junit.AutoTests" name="[42] /home/travis/build/icyphy/ptII/ptolemy/domains/sdf/lib/test/auto/MatrixSplit1.xml (RunModel)" time="0.034" />
  <testcase classname="ptolemy.util.test.junit.AutoTests" name="[43] /home/travis/build/icyphy/ptII/ptolemy/domains/sdf/lib/test/auto/MatrixSplit10.xml (RunModel)" time="0.017" />
  <testcase classname="ptolemy.util.test.junit.AutoTests" name="[44] /home/travis/build/icyphy/ptII/ptolemy/domains/sdf/lib/test/auto/MatrixSplit11.xml (RunModel)" time="0.015" />
  <testcase classname="ptolemy.util.test.junit.AutoTests" name="[45] /home/travis/build/icyphy/ptII/ptolemy/domains/sdf/lib/test/auto/MatrixSplit12.xml (RunModel)" time="0.018" />
  <testcase classname="ptolemy.util.test.junit.AutoTests" name="[46] /home/travis/build/icyphy/ptII/ptolemy/domains/sdf/lib/test/auto/MatrixSplit13.xml (RunModel)" time="0.049" />
  <testcase classname="ptolemy.util.test.junit.AutoTests" name="[47] /home/travis/build/icyphy/ptII/ptolemy/domains/sdf/lib/test/auto/MatrixSplit14.xml (RunModel)" time="0.027" />
  <testcase classname="ptolemy.util.test.junit.AutoTests" name="[48] /home/travis/build/icyphy/ptII/ptolemy/domains/sdf/lib/test/auto/MatrixSplit2.xml (RunModel)" time="0.017" />
  <testcase classname="ptolemy.util.test.junit.AutoTests" name="[49] /home/travis/build/icyphy/ptII/ptolemy/domains/sdf/lib/test/auto/MatrixSplit3.xml (RunModel)" time="0.02" />
  <testcase classname="ptolemy.util.test.junit.AutoTests" name="[50] /home/travis/build/icyphy/ptII/ptolemy/domains/sdf/lib/test/auto/MatrixSplit4.xml (RunModel)" time="0.02" />
  <testcase classname="ptolemy.util.test.junit.AutoTests" name="[51] /home/travis/build/icyphy/ptII/ptolemy/domains/sdf/lib/test/auto/MatrixSplit5.xml (RunModel)" time="0.029" />
  <testcase classname="ptolemy.util.test.junit.AutoTests" name="[52] /home/travis/build/icyphy/ptII/ptolemy/domains/sdf/lib/test/auto/MatrixSplit6.xml (RunModel)" time="0.019" />
  <testcase classname="ptolemy.util.test.junit.AutoTests" name="[53] /home/travis/build/icyphy/ptII/ptolemy/domains/sdf/lib/test/auto/MatrixSplit7.xml (RunModel)" time="0.016" />
  <testcase classname="ptolemy.util.test.junit.AutoTests" name="[54] /home/travis/build/icyphy/ptII/ptolemy/domains/sdf/lib/test/auto/MatrixSplit8.xml (RunModel)" time="0.02" />
  <testcase classname="ptolemy.util.test.junit.AutoTests" name="[55] /home/travis/build/icyphy/ptII/ptolemy/domains/sdf/lib/test/auto/MatrixSplit9.xml (RunModel)" time="0.031" />
  <testcase classname="ptolemy.util.test.junit.AutoTests" name="[56] /home/travis/build/icyphy/ptII/ptolemy/domains/sdf/lib/test/auto/MatrixToSequence.xml (RunModel)" time="0.034" />
  <testcase classname="ptolemy.util.test.junit.AutoTests" name="[57] /home/travis/build/icyphy/ptII/ptolemy/domains/sdf/lib/test/auto/MaximumEntropySpectrum.xml (RunModel)" time="0.089" />
  <testcase classname="ptolemy.util.test.junit.AutoTests" name="[58] /home/travis/build/icyphy/ptII/ptolemy/domains/sdf/lib/test/auto/SampleDelayConversion.xml (RunModel)" time="0.013" />
  <testcase classname="ptolemy.util.test.junit.AutoTests" name="[59] /home/travis/build/icyphy/ptII/ptolemy/domains/sdf/lib/test/auto/SequenceToArray.xml (RunModel)" time="0.091" />
  <testcase classname="ptolemy.util.test.junit.AutoTests" name="[60] /home/travis/build/icyphy/ptII/ptolemy/domains/sdf/lib/test/auto/SequenceToMatrix.xml (RunModel)" time="3.705" />
  <testcase classname="ptolemy.util.test.junit.AutoTests" name="[61] /home/travis/build/icyphy/ptII/ptolemy/domains/sdf/lib/test/auto/SmoothedPeriodogram.xml (RunModel)" time="0.095" />
  <testcase classname="ptolemy.util.test.junit.AutoTests" name="[62] /home/travis/build/icyphy/ptII/ptolemy/domains/sdf/lib/test/auto/UpDownSample1.xml (RunModel)" time="0.027" />
  <testcase classname="ptolemy.util.test.junit.AutoTests" name="[63] /home/travis/build/icyphy/ptII/ptolemy/domains/sdf/lib/test/auto/UpSample1.xml (RunModel)" time="0.019" />
  <testcase classname="ptolemy.util.test.junit.AutoTests" name="[64] /home/travis/build/icyphy/ptII/ptolemy/domains/sdf/lib/test/auto/VariableFIR.xml (RunModel)" time="0.024" />
  <testcase classname="ptolemy.util.test.junit.AutoTests" name="[65] /home/travis/build/icyphy/ptII/ptolemy/domains/sdf/lib/test/auto/VariableFIR2.xml (RunModel)" time="0.024" />
  <testcase classname="ptolemy.util.test.junit.AutoTests" name="[66] /home/travis/build/icyphy/ptII/ptolemy/domains/sdf/lib/test/auto/VariableLattice.xml (RunModel)" time="0.027" />
  <testcase classname="ptolemy.util.test.junit.AutoTests" name="[67] /home/travis/build/icyphy/ptII/ptolemy/domains/sdf/lib/test/auto/VariableLattice2.xml (RunModel)" time="0.024" />
  <testcase classname="ptolemy.util.test.junit.AutoTests" name="[68] /home/travis/build/icyphy/ptII/ptolemy/domains/sdf/lib/test/auto/VariableRecursiveLattice.xml (RunModel)" time="0.018" />
  <testcase classname="ptolemy.util.test.junit.AutoTests" name="[69] /home/travis/build/icyphy/ptII/ptolemy/domains/sdf/lib/test/auto/VariableRecursiveLattice2.xml (RunModel)" time="0.024" />
  <system-out><![CDATA[/home/travis/build/icyphy/ptII/ptolemy/domains/sdf/lib/test/ArrayToSequence.tcl
testDefs.tcl: setting time out to 9000 seconds at Wed Nov 20 06:55:38 UTC 2019
146 ms. Memory: 120832K Free: 87493K (72%)
13 ms. Memory: 120832K Free: 85445K (71%)
15 ms. Memory: 120832K Free: 83397K (69%)
14 ms. Memory: 120832K Free: 81863K (68%)
/home/travis/build/icyphy/ptII/ptolemy/domains/sdf/lib/test/BitsToInt.tcl
17 ms. Memory: 120832K Free: 80325K (66%)
18 ms. Memory: 120832K Free: 78277K (65%)
/home/travis/build/icyphy/ptII/ptolemy/domains/sdf/lib/test/DelayLine.tcl
14 ms. Memory: 120832K Free: 76743K (64%)
/home/travis/build/icyphy/ptII/ptolemy/domains/sdf/lib/test/FFT.tcl
8 ms. Memory: 120832K Free: 74695K (62%)
/home/travis/build/icyphy/ptII/ptolemy/domains/sdf/lib/test/FIR.tcl
19 ms. Memory: 120832K Free: 73142K (61%)
118 ms. Memory: 120832K Free: 69061K (57%)
ptolemy.kernel.util.IllegalActionException: multiplyReverse method not supported between ptolemy.data.FixToken 'fix(-0.0625,6,2)' and ptolemy.data.IntToken '1' because the types are incomparable.
  in .top.FIRclone
Because:
multiplyReverse method not supported between ptolemy.data.FixToken 'fix(-0.0625,6,2)' and ptolemy.data.IntToken '1' because the types are incomparable.
58 ms. Memory: 120832K Free: 66503K (55%)
/home/travis/build/icyphy/ptII/ptolemy/domains/sdf/lib/test/IntToBits.tcl
14 ms. Memory: 120832K Free: 64950K (54%)
7 ms. Memory: 120832K Free: 63431K (52%)
/home/travis/build/icyphy/ptII/ptolemy/domains/sdf/lib/test/MaximumEntropySpectrum.tcl
/home/travis/build/icyphy/ptII/ptolemy/domains/sdf/lib/test/Repeat.tcl
22 ms. Memory: 120832K Free: 103614K (86%)
/home/travis/build/icyphy/ptII/ptolemy/domains/sdf/lib/test/SampleDelay.tcl
8 ms. Memory: 120832K Free: 101612K (84%)
10 ms. Memory: 120832K Free: 100590K (83%)
11 ms. Memory: 120832K Free: 100019K (83%)
10 ms. Memory: 120832K Free: 99017K (82%)
8 ms. Memory: 120832K Free: 98555K (82%)
2 ms. Memory: 120832K Free: 97963K (81%)
/home/travis/build/icyphy/ptII/ptolemy/domains/sdf/lib/test/SequenceToArray.tcl
6 ms. Memory: 120832K Free: 96446K (80%)
30 ms. Memory: 120832K Free: 105747K (88%)
8 ms. Memory: 120832K Free: 104185K (86%)
6 ms. Memory: 120832K Free: 103161K (85%)
11/20/19 06:55:40
Failed: 0  Total Tests: 41  ((Passed: 41, Newly Passed: 0)  Known Failed: 0) /home/travis/build/icyphy/ptII/ptolemy/domains/sdf/lib/test
No auto/knownFailedTests/*.xml tests in /home/travis/build/icyphy/ptII/ptolemy/domains/sdf/lib/test
No auto/linux-amd64/*.xml tests in /home/travis/build/icyphy/ptII/ptolemy/domains/sdf/lib/test
AutoTests.java: About to close Vertx.
AutoTests.java: Vertx closed.

===========================================================================================
----------------- testing Wed Nov 20 06:55:40 UTC 2019 /home/travis/build/icyphy/ptII/ptolemy/domains/sdf/lib/test/auto/ArrayToSequence.xml
----------------- Instantiating /home/travis/build/icyphy/ptII/ptolemy/domains/sdf/lib/test/auto/ArrayToSequence.xml
49 ms. Memory: 120832K Free: 85990K (71%)
----------------- Invoking toplevel() on ptolemy.moml.MoMLSimpleApplication@6fc7c34
----------------- Done invoking toplevel() on ptolemy.moml.MoMLSimpleApplication@6fc7c34
reloadAllAccessors: .ArrayToSequence

===========================================================================================
----------------- testing Wed Nov 20 06:55:41 UTC 2019 /home/travis/build/icyphy/ptII/ptolemy/domains/sdf/lib/test/auto/ArrayToSequenceTest.xml
----------------- Instantiating /home/travis/build/icyphy/ptII/ptolemy/domains/sdf/lib/test/auto/ArrayToSequenceTest.xml
50 ms. Memory: 120832K Free: 79816K (66%)
----------------- Invoking toplevel() on ptolemy.moml.MoMLSimpleApplication@ac56522
----------------- Done invoking toplevel() on ptolemy.moml.MoMLSimpleApplication@ac56522
reloadAllAccessors: .ArrayToSequenceTest

===========================================================================================
----------------- testing Wed Nov 20 06:55:41 UTC 2019 /home/travis/build/icyphy/ptII/ptolemy/domains/sdf/lib/test/auto/Autocorrelation.xml
----------------- Instantiating /home/travis/build/icyphy/ptII/ptolemy/domains/sdf/lib/test/auto/Autocorrelation.xml
15 ms. Memory: 120832K Free: 106030K (88%)
----------------- Invoking toplevel() on ptolemy.moml.MoMLSimpleApplication@7709a1f
----------------- Done invoking toplevel() on ptolemy.moml.MoMLSimpleApplication@7709a1f
reloadAllAccessors: .Autocorrelation

===========================================================================================
----------------- testing Wed Nov 20 06:55:41 UTC 2019 /home/travis/build/icyphy/ptII/ptolemy/domains/sdf/lib/test/auto/Autocorrelation2.xml
----------------- Instantiating /home/travis/build/icyphy/ptII/ptolemy/domains/sdf/lib/test/auto/Autocorrelation2.xml
5 ms. Memory: 120832K Free: 101310K (84%)
----------------- Invoking toplevel() on ptolemy.moml.MoMLSimpleApplication@4a9d4578
----------------- Done invoking toplevel() on ptolemy.moml.MoMLSimpleApplication@4a9d4578
reloadAllAccessors: .Autocorrelation2

===========================================================================================
----------------- testing Wed Nov 20 06:55:41 UTC 2019 /home/travis/build/icyphy/ptII/ptolemy/domains/sdf/lib/test/auto/Autocorrelation3.xml
----------------- Instantiating /home/travis/build/icyphy/ptII/ptolemy/domains/sdf/lib/test/auto/Autocorrelation3.xml
4 ms. Memory: 120832K Free: 97776K (81%)
----------------- Invoking toplevel() on ptolemy.moml.MoMLSimpleApplication@1339a90
----------------- Done invoking toplevel() on ptolemy.moml.MoMLSimpleApplication@1339a90
reloadAllAccessors: .Autocorrelation3

===========================================================================================
----------------- testing Wed Nov 20 06:55:41 UTC 2019 /home/travis/build/icyphy/ptII/ptolemy/domains/sdf/lib/test/auto/Autocorrelation4.xml
----------------- Instantiating /home/travis/build/icyphy/ptII/ptolemy/domains/sdf/lib/test/auto/Autocorrelation4.xml
21 ms. Memory: 120832K Free: 93368K (77%)
----------------- Invoking toplevel() on ptolemy.moml.MoMLSimpleApplication@70d3a100
----------------- Done invoking toplevel() on ptolemy.moml.MoMLSimpleApplication@70d3a100
reloadAllAccessors: .Autocorrelation4

===========================================================================================
----------------- testing Wed Nov 20 06:55:41 UTC 2019 /home/travis/build/icyphy/ptII/ptolemy/domains/sdf/lib/test/auto/Autocorrelation5.xml
----------------- Instantiating /home/travis/build/icyphy/ptII/ptolemy/domains/sdf/lib/test/auto/Autocorrelation5.xml
39 ms. Memory: 120832K Free: 86781K (72%)
----------------- Invoking toplevel() on ptolemy.moml.MoMLSimpleApplication@35f2b5d2
----------------- Done invoking toplevel() on ptolemy.moml.MoMLSimpleApplication@35f2b5d2
reloadAllAccessors: .Autocorrelation5

===========================================================================================
----------------- testing Wed Nov 20 06:55:41 UTC 2019 /home/travis/build/icyphy/ptII/ptolemy/domains/sdf/lib/test/auto/BitsToInt.xml
----------------- Instantiating /home/travis/build/icyphy/ptII/ptolemy/domains/sdf/lib/test/auto/BitsToInt.xml
4 ms. Memory: 120832K Free: 83160K (69%)
----------------- Invoking toplevel() on ptolemy.moml.MoMLSimpleApplication@6bb949f7
----------------- Done invoking toplevel() on ptolemy.moml.MoMLSimpleApplication@6bb949f7
reloadAllAccessors: .BitsToInt

===========================================================================================
----------------- testing Wed Nov 20 06:55:41 UTC 2019 /home/travis/build/icyphy/ptII/ptolemy/domains/sdf/lib/test/auto/BooleanJoin.xml
----------------- Instantiating /home/travis/build/icyphy/ptII/ptolemy/domains/sdf/lib/test/auto/BooleanJoin.xml
12 ms. Memory: 120832K Free: 79062K (65%)
----------------- Invoking toplevel() on ptolemy.moml.MoMLSimpleApplication@15dfc37c
----------------- Done invoking toplevel() on ptolemy.moml.MoMLSimpleApplication@15dfc37c
reloadAllAccessors: .BooleanJoin

===========================================================================================
----------------- testing Wed Nov 20 06:55:41 UTC 2019 /home/travis/build/icyphy/ptII/ptolemy/domains/sdf/lib/test/auto/BootstrapSampleDelay.xml
----------------- Instantiating /home/travis/build/icyphy/ptII/ptolemy/domains/sdf/lib/test/auto/BootstrapSampleDelay.xml
30 ms. Memory: 120832K Free: 75652K (63%)
----------------- Invoking toplevel() on ptolemy.moml.MoMLSimpleApplication@31a1acc0
----------------- Done invoking toplevel() on ptolemy.moml.MoMLSimpleApplication@31a1acc0
reloadAllAccessors: .BootstrapSampleDelay

===========================================================================================
----------------- testing Wed Nov 20 06:55:41 UTC 2019 /home/travis/build/icyphy/ptII/ptolemy/domains/sdf/lib/test/auto/Chop.xml
----------------- Instantiating /home/travis/build/icyphy/ptII/ptolemy/domains/sdf/lib/test/auto/Chop.xml
6 ms. Memory: 120832K Free: 68540K (57%)
----------------- Invoking toplevel() on ptolemy.moml.MoMLSimpleApplication@7ea5d33c
----------------- Done invoking toplevel() on ptolemy.moml.MoMLSimpleApplication@7ea5d33c
reloadAllAccessors: .Chop

===========================================================================================
----------------- testing Wed Nov 20 06:55:41 UTC 2019 /home/travis/build/icyphy/ptII/ptolemy/domains/sdf/lib/test/auto/Chop2.xml
----------------- Instantiating /home/travis/build/icyphy/ptII/ptolemy/domains/sdf/lib/test/auto/Chop2.xml
7 ms. Memory: 120832K Free: 100794K (83%)
----------------- Invoking toplevel() on ptolemy.moml.MoMLSimpleApplication@56984c4b
----------------- Done invoking toplevel() on ptolemy.moml.MoMLSimpleApplication@56984c4b
reloadAllAccessors: .Chop2

===========================================================================================
----------------- testing Wed Nov 20 06:55:41 UTC 2019 /home/travis/build/icyphy/ptII/ptolemy/domains/sdf/lib/test/auto/ComplexJoin.xml
----------------- Instantiating /home/travis/build/icyphy/ptII/ptolemy/domains/sdf/lib/test/auto/ComplexJoin.xml
11 ms. Memory: 120832K Free: 95784K (79%)
----------------- Invoking toplevel() on ptolemy.moml.MoMLSimpleApplication@1d8a345b
----------------- Done invoking toplevel() on ptolemy.moml.MoMLSimpleApplication@1d8a345b
reloadAllAccessors: .ComplexJoin

===========================================================================================
----------------- testing Wed Nov 20 06:55:41 UTC 2019 /home/travis/build/icyphy/ptII/ptolemy/domains/sdf/lib/test/auto/CountTrues.xml
----------------- Instantiating /home/travis/build/icyphy/ptII/ptolemy/domains/sdf/lib/test/auto/CountTrues.xml
8 ms. Memory: 120832K Free: 93053K (77%)
----------------- Invoking toplevel() on ptolemy.moml.MoMLSimpleApplication@3288c8c0
----------------- Done invoking toplevel() on ptolemy.moml.MoMLSimpleApplication@3288c8c0
reloadAllAccessors: .CountTrues

===========================================================================================
----------------- testing Wed Nov 20 06:55:41 UTC 2019 /home/travis/build/icyphy/ptII/ptolemy/domains/sdf/lib/test/auto/DelayLine.xml
----------------- Instantiating /home/travis/build/icyphy/ptII/ptolemy/domains/sdf/lib/test/auto/DelayLine.xml
7 ms. Memory: 120832K Free: 87947K (73%)
----------------- Invoking toplevel() on ptolemy.moml.MoMLSimpleApplication@7f501e8e
----------------- Done invoking toplevel() on ptolemy.moml.MoMLSimpleApplication@7f501e8e
reloadAllAccessors: .DelayLine

===========================================================================================
----------------- testing Wed Nov 20 06:55:42 UTC 2019 /home/travis/build/icyphy/ptII/ptolemy/domains/sdf/lib/test/auto/DotProduct.xml
----------------- Instantiating /home/travis/build/icyphy/ptII/ptolemy/domains/sdf/lib/test/auto/DotProduct.xml
6 ms. Memory: 120832K Free: 84520K (70%)
----------------- Invoking toplevel() on ptolemy.moml.MoMLSimpleApplication@1c18a8d7
----------------- Done invoking toplevel() on ptolemy.moml.MoMLSimpleApplication@1c18a8d7
reloadAllAccessors: .DotProduct

===========================================================================================
----------------- testing Wed Nov 20 06:55:42 UTC 2019 /home/travis/build/icyphy/ptII/ptolemy/domains/sdf/lib/test/auto/DotProductMatrix.xml
----------------- Instantiating /home/travis/build/icyphy/ptII/ptolemy/domains/sdf/lib/test/auto/DotProductMatrix.xml
4 ms. Memory: 120832K Free: 81789K (68%)
----------------- Invoking toplevel() on ptolemy.moml.MoMLSimpleApplication@2ddc090b
----------------- Done invoking toplevel() on ptolemy.moml.MoMLSimpleApplication@2ddc090b
reloadAllAccessors: .DotProductMatrix

===========================================================================================
----------------- testing Wed Nov 20 06:55:42 UTC 2019 /home/travis/build/icyphy/ptII/ptolemy/domains/sdf/lib/test/auto/DownSample1.xml
----------------- Instantiating /home/travis/build/icyphy/ptII/ptolemy/domains/sdf/lib/test/auto/DownSample1.xml
4 ms. Memory: 120832K Free: 78336K (65%)
----------------- Invoking toplevel() on ptolemy.moml.MoMLSimpleApplication@744fb2cd
----------------- Done invoking toplevel() on ptolemy.moml.MoMLSimpleApplication@744fb2cd
reloadAllAccessors: .DownSample1

===========================================================================================
----------------- testing Wed Nov 20 06:55:42 UTC 2019 /home/travis/build/icyphy/ptII/ptolemy/domains/sdf/lib/test/auto/DynamicRateChange.xml
----------------- Instantiating /home/travis/build/icyphy/ptII/ptolemy/domains/sdf/lib/test/auto/DynamicRateChange.xml
8 ms. Memory: 120832K Free: 73226K (61%)
----------------- Invoking toplevel() on ptolemy.moml.MoMLSimpleApplication@478fd1f6
----------------- Done invoking toplevel() on ptolemy.moml.MoMLSimpleApplication@478fd1f6
reloadAllAccessors: .DynamicRateChange

===========================================================================================
----------------- testing Wed Nov 20 06:55:42 UTC 2019 /home/travis/build/icyphy/ptII/ptolemy/domains/sdf/lib/test/auto/DynamicRates.xml
----------------- Instantiating /home/travis/build/icyphy/ptII/ptolemy/domains/sdf/lib/test/auto/DynamicRates.xml
17 ms. Memory: 120832K Free: 68106K (56%)
----------------- Invoking toplevel() on ptolemy.moml.MoMLSimpleApplication@21b4343
----------------- Done invoking toplevel() on ptolemy.moml.MoMLSimpleApplication@21b4343
reloadAllAccessors: .DynamicRates

===========================================================================================
----------------- testing Wed Nov 20 06:55:42 UTC 2019 /home/travis/build/icyphy/ptII/ptolemy/domains/sdf/lib/test/auto/FFT1.xml
----------------- Instantiating /home/travis/build/icyphy/ptII/ptolemy/domains/sdf/lib/test/auto/FFT1.xml
10 ms. Memory: 120832K Free: 63728K (53%)
----------------- Invoking toplevel() on ptolemy.moml.MoMLSimpleApplication@7affc97b
----------------- Done invoking toplevel() on ptolemy.moml.MoMLSimpleApplication@7affc97b
reloadAllAccessors: .FFT1

===========================================================================================
----------------- testing Wed Nov 20 06:55:42 UTC 2019 /home/travis/build/icyphy/ptII/ptolemy/domains/sdf/lib/test/auto/FIR1.xml
----------------- Instantiating /home/travis/build/icyphy/ptII/ptolemy/domains/sdf/lib/test/auto/FIR1.xml
30 ms. Memory: 120832K Free: 56872K (47%)
----------------- Invoking toplevel() on ptolemy.moml.MoMLSimpleApplication@f48de5f
----------------- Done invoking toplevel() on ptolemy.moml.MoMLSimpleApplication@f48de5f
reloadAllAccessors: .FIR1

===========================================================================================
----------------- testing Wed Nov 20 06:55:42 UTC 2019 /home/travis/build/icyphy/ptII/ptolemy/domains/sdf/lib/test/auto/FIR2.xml
----------------- Instantiating /home/travis/build/icyphy/ptII/ptolemy/domains/sdf/lib/test/auto/FIR2.xml
4 ms. Memory: 120832K Free: 53488K (44%)
----------------- Invoking toplevel() on ptolemy.moml.MoMLSimpleApplication@66cf8096
----------------- Done invoking toplevel() on ptolemy.moml.MoMLSimpleApplication@66cf8096
reloadAllAccessors: .FIR2

===========================================================================================
----------------- testing Wed Nov 20 06:55:42 UTC 2019 /home/travis/build/icyphy/ptII/ptolemy/domains/sdf/lib/test/auto/FIR4.xml
----------------- Instantiating /home/travis/build/icyphy/ptII/ptolemy/domains/sdf/lib/test/auto/FIR4.xml
7 ms. Memory: 120832K Free: 99624K (82%)
----------------- Invoking toplevel() on ptolemy.moml.MoMLSimpleApplication@4a9fd371
----------------- Done invoking toplevel() on ptolemy.moml.MoMLSimpleApplication@4a9fd371
reloadAllAccessors: .FIR4

===========================================================================================
----------------- testing Wed Nov 20 06:55:42 UTC 2019 /home/travis/build/icyphy/ptII/ptolemy/domains/sdf/lib/test/auto/FixJoin.xml
----------------- Instantiating /home/travis/build/icyphy/ptII/ptolemy/domains/sdf/lib/test/auto/FixJoin.xml
7 ms. Memory: 120832K Free: 94761K (78%)
----------------- Invoking toplevel() on ptolemy.moml.MoMLSimpleApplication@77fbcc
----------------- Done invoking toplevel() on ptolemy.moml.MoMLSimpleApplication@77fbcc
reloadAllAccessors: .FixJoin

===========================================================================================
----------------- testing Wed Nov 20 06:55:42 UTC 2019 /home/travis/build/icyphy/ptII/ptolemy/domains/sdf/lib/test/auto/IntJoin1.xml
----------------- Instantiating /home/travis/build/icyphy/ptII/ptolemy/domains/sdf/lib/test/auto/IntJoin1.xml
4 ms. Memory: 120832K Free: 90408K (75%)
----------------- Invoking toplevel() on ptolemy.moml.MoMLSimpleApplication@77cf6cdb
----------------- Done invoking toplevel() on ptolemy.moml.MoMLSimpleApplication@77cf6cdb
reloadAllAccessors: .IntJoin1

===========================================================================================
----------------- testing Wed Nov 20 06:55:42 UTC 2019 /home/travis/build/icyphy/ptII/ptolemy/domains/sdf/lib/test/auto/IntJoin2.xml
----------------- Instantiating /home/travis/build/icyphy/ptII/ptolemy/domains/sdf/lib/test/auto/IntJoin2.xml
7 ms. Memory: 120832K Free: 85928K (71%)
----------------- Invoking toplevel() on ptolemy.moml.MoMLSimpleApplication@6c089445
----------------- Done invoking toplevel() on ptolemy.moml.MoMLSimpleApplication@6c089445
reloadAllAccessors: .IntJoin2

===========================================================================================
----------------- testing Wed Nov 20 06:55:42 UTC 2019 /home/travis/build/icyphy/ptII/ptolemy/domains/sdf/lib/test/auto/IntJoin3.xml
----------------- Instantiating /home/travis/build/icyphy/ptII/ptolemy/domains/sdf/lib/test/auto/IntJoin3.xml
5 ms. Memory: 120832K Free: 81818K (68%)
----------------- Invoking toplevel() on ptolemy.moml.MoMLSimpleApplication@2fd77871
----------------- Done invoking toplevel() on ptolemy.moml.MoMLSimpleApplication@2fd77871
reloadAllAccessors: .IntJoin3

===========================================================================================
----------------- testing Wed Nov 20 06:55:42 UTC 2019 /home/travis/build/icyphy/ptII/ptolemy/domains/sdf/lib/test/auto/IntJoin4.xml
----------------- Instantiating /home/travis/build/icyphy/ptII/ptolemy/domains/sdf/lib/test/auto/IntJoin4.xml
3 ms. Memory: 120832K Free: 77353K (64%)
----------------- Invoking toplevel() on ptolemy.moml.MoMLSimpleApplication@5346baa1
----------------- Done invoking toplevel() on ptolemy.moml.MoMLSimpleApplication@5346baa1
reloadAllAccessors: .IntJoin4

===========================================================================================
----------------- testing Wed Nov 20 06:55:42 UTC 2019 /home/travis/build/icyphy/ptII/ptolemy/domains/sdf/lib/test/auto/IntJoin5.xml
----------------- Instantiating /home/travis/build/icyphy/ptII/ptolemy/domains/sdf/lib/test/auto/IntJoin5.xml
5 ms. Memory: 120832K Free: 73000K (60%)
----------------- Invoking toplevel() on ptolemy.moml.MoMLSimpleApplication@bf54002
----------------- Done invoking toplevel() on ptolemy.moml.MoMLSimpleApplication@bf54002
reloadAllAccessors: .IntJoin5

===========================================================================================
----------------- testing Wed Nov 20 06:55:42 UTC 2019 /home/travis/build/icyphy/ptII/ptolemy/domains/sdf/lib/test/auto/IntToBits.xml
----------------- Instantiating /home/travis/build/icyphy/ptII/ptolemy/domains/sdf/lib/test/auto/IntToBits.xml
8 ms. Memory: 120832K Free: 69544K (58%)
----------------- Invoking toplevel() on ptolemy.moml.MoMLSimpleApplication@71ac0b46
----------------- Done invoking toplevel() on ptolemy.moml.MoMLSimpleApplication@71ac0b46
reloadAllAccessors: .IntToBits

===========================================================================================
----------------- testing Wed Nov 20 06:55:42 UTC 2019 /home/travis/build/icyphy/ptII/ptolemy/domains/sdf/lib/test/auto/LMSAdaptive.xml
----------------- Instantiating /home/travis/build/icyphy/ptII/ptolemy/domains/sdf/lib/test/auto/LMSAdaptive.xml
13 ms. Memory: 120832K Free: 61322K (51%)
----------------- Invoking toplevel() on ptolemy.moml.MoMLSimpleApplication@99b4155
----------------- Done invoking toplevel() on ptolemy.moml.MoMLSimpleApplication@99b4155
reloadAllAccessors: .LMSAdaptive

===========================================================================================
----------------- testing Wed Nov 20 06:55:42 UTC 2019 /home/travis/build/icyphy/ptII/ptolemy/domains/sdf/lib/test/auto/LMSAdaptiveFIR.xml
----------------- Instantiating /home/travis/build/icyphy/ptII/ptolemy/domains/sdf/lib/test/auto/LMSAdaptiveFIR.xml
226 ms. Memory: 120832K Free: 83772K (69%)
----------------- Invoking toplevel() on ptolemy.moml.MoMLSimpleApplication@248592d4
----------------- Done invoking toplevel() on ptolemy.moml.MoMLSimpleApplication@248592d4
reloadAllAccessors: .LMSAdaptiveFIR

===========================================================================================
----------------- testing Wed Nov 20 06:55:43 UTC 2019 /home/travis/build/icyphy/ptII/ptolemy/domains/sdf/lib/test/auto/LMSAdaptiveFIR2.xml
----------------- Instantiating /home/travis/build/icyphy/ptII/ptolemy/domains/sdf/lib/test/auto/LMSAdaptiveFIR2.xml
476 ms. Memory: 145408K Free: 109015K (75%)
----------------- Invoking toplevel() on ptolemy.moml.MoMLSimpleApplication@abc6562
----------------- Done invoking toplevel() on ptolemy.moml.MoMLSimpleApplication@abc6562
reloadAllAccessors: .LMSAdaptiveFIR2

===========================================================================================
----------------- testing Wed Nov 20 06:55:43 UTC 2019 /home/travis/build/icyphy/ptII/ptolemy/domains/sdf/lib/test/auto/LongJoin.xml
----------------- Instantiating /home/travis/build/icyphy/ptII/ptolemy/domains/sdf/lib/test/auto/LongJoin.xml
7 ms. Memory: 145408K Free: 104488K (72%)
----------------- Invoking toplevel() on ptolemy.moml.MoMLSimpleApplication@423d5116
----------------- Done invoking toplevel() on ptolemy.moml.MoMLSimpleApplication@423d5116
reloadAllAccessors: .LongJoin

===========================================================================================
----------------- testing Wed Nov 20 06:55:43 UTC 2019 /home/travis/build/icyphy/ptII/ptolemy/domains/sdf/lib/test/auto/Matrix1.xml
----------------- Instantiating /home/travis/build/icyphy/ptII/ptolemy/domains/sdf/lib/test/auto/Matrix1.xml
5 ms. Memory: 145408K Free: 101036K (69%)
----------------- Invoking toplevel() on ptolemy.moml.MoMLSimpleApplication@578dbbd
----------------- Done invoking toplevel() on ptolemy.moml.MoMLSimpleApplication@578dbbd
reloadAllAccessors: .Matrix1

===========================================================================================
----------------- testing Wed Nov 20 06:55:43 UTC 2019 /home/travis/build/icyphy/ptII/ptolemy/domains/sdf/lib/test/auto/Matrix2.xml
----------------- Instantiating /home/travis/build/icyphy/ptII/ptolemy/domains/sdf/lib/test/auto/Matrix2.xml
6 ms. Memory: 145408K Free: 96846K (67%)
----------------- Invoking toplevel() on ptolemy.moml.MoMLSimpleApplication@4a61772f
----------------- Done invoking toplevel() on ptolemy.moml.MoMLSimpleApplication@4a61772f
reloadAllAccessors: .Matrix2

===========================================================================================
----------------- testing Wed Nov 20 06:55:43 UTC 2019 /home/travis/build/icyphy/ptII/ptolemy/domains/sdf/lib/test/auto/MatrixJoin1.xml
----------------- Instantiating /home/travis/build/icyphy/ptII/ptolemy/domains/sdf/lib/test/auto/MatrixJoin1.xml
3 ms. Memory: 145408K Free: 92565K (64%)
----------------- Invoking toplevel() on ptolemy.moml.MoMLSimpleApplication@5d2f7d11
----------------- Done invoking toplevel() on ptolemy.moml.MoMLSimpleApplication@5d2f7d11
reloadAllAccessors: .MatrixJoin1

===========================================================================================
----------------- testing Wed Nov 20 06:55:43 UTC 2019 /home/travis/build/icyphy/ptII/ptolemy/domains/sdf/lib/test/auto/MatrixJoin2.xml
----------------- Instantiating /home/travis/build/icyphy/ptII/ptolemy/domains/sdf/lib/test/auto/MatrixJoin2.xml
4 ms. Memory: 145408K Free: 88089K (61%)
----------------- Invoking toplevel() on ptolemy.moml.MoMLSimpleApplication@6964f3a0
----------------- Done invoking toplevel() on ptolemy.moml.MoMLSimpleApplication@6964f3a0
reloadAllAccessors: .MatrixJoin2

===========================================================================================
----------------- testing Wed Nov 20 06:55:43 UTC 2019 /home/travis/build/icyphy/ptII/ptolemy/domains/sdf/lib/test/auto/MatrixJoin3.xml
----------------- Instantiating /home/travis/build/icyphy/ptII/ptolemy/domains/sdf/lib/test/auto/MatrixJoin3.xml
4 ms. Memory: 145408K Free: 83644K (58%)
----------------- Invoking toplevel() on ptolemy.moml.MoMLSimpleApplication@594e9b61
----------------- Done invoking toplevel() on ptolemy.moml.MoMLSimpleApplication@594e9b61
reloadAllAccessors: .MatrixJoin3

===========================================================================================
----------------- testing Wed Nov 20 06:55:43 UTC 2019 /home/travis/build/icyphy/ptII/ptolemy/domains/sdf/lib/test/auto/MatrixJoin4.xml
----------------- Instantiating /home/travis/build/icyphy/ptII/ptolemy/domains/sdf/lib/test/auto/MatrixJoin4.xml
12 ms. Memory: 145408K Free: 79253K (55%)
----------------- Invoking toplevel() on ptolemy.moml.MoMLSimpleApplication@7455c9b8
----------------- Done invoking toplevel() on ptolemy.moml.MoMLSimpleApplication@7455c9b8
reloadAllAccessors: .MatrixJoin4

===========================================================================================
----------------- testing Wed Nov 20 06:55:43 UTC 2019 /home/travis/build/icyphy/ptII/ptolemy/domains/sdf/lib/test/auto/MatrixJoin5.xml
----------------- Instantiating /home/travis/build/icyphy/ptII/ptolemy/domains/sdf/lib/test/auto/MatrixJoin5.xml
6 ms. Memory: 145408K Free: 74745K (51%)
----------------- Invoking toplevel() on ptolemy.moml.MoMLSimpleApplication@70e13fa3
----------------- Done invoking toplevel() on ptolemy.moml.MoMLSimpleApplication@70e13fa3
reloadAllAccessors: .MatrixJoin5

===========================================================================================
----------------- testing Wed Nov 20 06:55:43 UTC 2019 /home/travis/build/icyphy/ptII/ptolemy/domains/sdf/lib/test/auto/MatrixSplit1.xml
----------------- Instantiating /home/travis/build/icyphy/ptII/ptolemy/domains/sdf/lib/test/auto/MatrixSplit1.xml
5 ms. Memory: 145408K Free: 69658K (48%)
----------------- Invoking toplevel() on ptolemy.moml.MoMLSimpleApplication@2f7de6a9
----------------- Done invoking toplevel() on ptolemy.moml.MoMLSimpleApplication@2f7de6a9
reloadAllAccessors: .MatrixSplit1

===========================================================================================
----------------- testing Wed Nov 20 06:55:43 UTC 2019 /home/travis/build/icyphy/ptII/ptolemy/domains/sdf/lib/test/auto/MatrixSplit10.xml
----------------- Instantiating /home/travis/build/icyphy/ptII/ptolemy/domains/sdf/lib/test/auto/MatrixSplit10.xml
2 ms. Memory: 145408K Free: 65941K (45%)
----------------- Invoking toplevel() on ptolemy.moml.MoMLSimpleApplication@526c7cc
----------------- Done invoking toplevel() on ptolemy.moml.MoMLSimpleApplication@526c7cc
reloadAllAccessors: .MatrixSplit10

===========================================================================================
----------------- testing Wed Nov 20 06:55:43 UTC 2019 /home/travis/build/icyphy/ptII/ptolemy/domains/sdf/lib/test/auto/MatrixSplit11.xml
----------------- Instantiating /home/travis/build/icyphy/ptII/ptolemy/domains/sdf/lib/test/auto/MatrixSplit11.xml
2 ms. Memory: 145408K Free: 62449K (43%)
----------------- Invoking toplevel() on ptolemy.moml.MoMLSimpleApplication@14b3dc19
----------------- Done invoking toplevel() on ptolemy.moml.MoMLSimpleApplication@14b3dc19
reloadAllAccessors: .MatrixSplit11

===========================================================================================
----------------- testing Wed Nov 20 06:55:44 UTC 2019 /home/travis/build/icyphy/ptII/ptolemy/domains/sdf/lib/test/auto/MatrixSplit12.xml
----------------- Instantiating /home/travis/build/icyphy/ptII/ptolemy/domains/sdf/lib/test/auto/MatrixSplit12.xml
2 ms. Memory: 145408K Free: 58773K (40%)
----------------- Invoking toplevel() on ptolemy.moml.MoMLSimpleApplication@6491cd43
----------------- Done invoking toplevel() on ptolemy.moml.MoMLSimpleApplication@6491cd43
reloadAllAccessors: .MatrixSplit12

===========================================================================================
----------------- testing Wed Nov 20 06:55:44 UTC 2019 /home/travis/build/icyphy/ptII/ptolemy/domains/sdf/lib/test/auto/MatrixSplit13.xml
----------------- Instantiating /home/travis/build/icyphy/ptII/ptolemy/domains/sdf/lib/test/auto/MatrixSplit13.xml
8 ms. Memory: 145408K Free: 128597K (88%)
----------------- Invoking toplevel() on ptolemy.moml.MoMLSimpleApplication@5cde204d
----------------- Done invoking toplevel() on ptolemy.moml.MoMLSimpleApplication@5cde204d
reloadAllAccessors: .MatrixSplit13

===========================================================================================
----------------- testing Wed Nov 20 06:55:44 UTC 2019 /home/travis/build/icyphy/ptII/ptolemy/domains/sdf/lib/test/auto/MatrixSplit14.xml
----------------- Instantiating /home/travis/build/icyphy/ptII/ptolemy/domains/sdf/lib/test/auto/MatrixSplit14.xml
4 ms. Memory: 145408K Free: 125041K (86%)
----------------- Invoking toplevel() on ptolemy.moml.MoMLSimpleApplication@64bad79b
----------------- Done invoking toplevel() on ptolemy.moml.MoMLSimpleApplication@64bad79b
reloadAllAccessors: .MatrixSplit14

===========================================================================================
----------------- testing Wed Nov 20 06:55:44 UTC 2019 /home/travis/build/icyphy/ptII/ptolemy/domains/sdf/lib/test/auto/MatrixSplit2.xml
----------------- Instantiating /home/travis/build/icyphy/ptII/ptolemy/domains/sdf/lib/test/auto/MatrixSplit2.xml
3 ms. Memory: 145408K Free: 121443K (84%)
----------------- Invoking toplevel() on ptolemy.moml.MoMLSimpleApplication@63ee01f6
----------------- Done invoking toplevel() on ptolemy.moml.MoMLSimpleApplication@63ee01f6
reloadAllAccessors: .MatrixSplit2

===========================================================================================
----------------- testing Wed Nov 20 06:55:44 UTC 2019 /home/travis/build/icyphy/ptII/ptolemy/domains/sdf/lib/test/auto/MatrixSplit3.xml
----------------- Instantiating /home/travis/build/icyphy/ptII/ptolemy/domains/sdf/lib/test/auto/MatrixSplit3.xml
4 ms. Memory: 145408K Free: 117848K (81%)
----------------- Invoking toplevel() on ptolemy.moml.MoMLSimpleApplication@5f320082
----------------- Done invoking toplevel() on ptolemy.moml.MoMLSimpleApplication@5f320082
reloadAllAccessors: .MatrixSplit3

===========================================================================================
----------------- testing Wed Nov 20 06:55:44 UTC 2019 /home/travis/build/icyphy/ptII/ptolemy/domains/sdf/lib/test/auto/MatrixSplit4.xml
----------------- Instantiating /home/travis/build/icyphy/ptII/ptolemy/domains/sdf/lib/test/auto/MatrixSplit4.xml
3 ms. Memory: 145408K Free: 114267K (79%)
----------------- Invoking toplevel() on ptolemy.moml.MoMLSimpleApplication@45b0d43a
----------------- Done invoking toplevel() on ptolemy.moml.MoMLSimpleApplication@45b0d43a
reloadAllAccessors: .MatrixSplit4

===========================================================================================
----------------- testing Wed Nov 20 06:55:44 UTC 2019 /home/travis/build/icyphy/ptII/ptolemy/domains/sdf/lib/test/auto/MatrixSplit5.xml
----------------- Instantiating /home/travis/build/icyphy/ptII/ptolemy/domains/sdf/lib/test/auto/MatrixSplit5.xml
13 ms. Memory: 145408K Free: 110680K (76%)
----------------- Invoking toplevel() on ptolemy.moml.MoMLSimpleApplication@5e694fc5
----------------- Done invoking toplevel() on ptolemy.moml.MoMLSimpleApplication@5e694fc5
reloadAllAccessors: .MatrixSplit5

===========================================================================================
----------------- testing Wed Nov 20 06:55:44 UTC 2019 /home/travis/build/icyphy/ptII/ptolemy/domains/sdf/lib/test/auto/MatrixSplit6.xml
----------------- Instantiating /home/travis/build/icyphy/ptII/ptolemy/domains/sdf/lib/test/auto/MatrixSplit6.xml
3 ms. Memory: 145408K Free: 107069K (74%)
----------------- Invoking toplevel() on ptolemy.moml.MoMLSimpleApplication@1f1d76aa
----------------- Done invoking toplevel() on ptolemy.moml.MoMLSimpleApplication@1f1d76aa
reloadAllAccessors: .MatrixSplit6

===========================================================================================
----------------- testing Wed Nov 20 06:55:44 UTC 2019 /home/travis/build/icyphy/ptII/ptolemy/domains/sdf/lib/test/auto/MatrixSplit7.xml
----------------- Instantiating /home/travis/build/icyphy/ptII/ptolemy/domains/sdf/lib/test/auto/MatrixSplit7.xml
2 ms. Memory: 145408K Free: 104027K (72%)
----------------- Invoking toplevel() on ptolemy.moml.MoMLSimpleApplication@2c179290
----------------- Done invoking toplevel() on ptolemy.moml.MoMLSimpleApplication@2c179290
reloadAllAccessors: .MatrixSplit7

===========================================================================================
----------------- testing Wed Nov 20 06:55:44 UTC 2019 /home/travis/build/icyphy/ptII/ptolemy/domains/sdf/lib/test/auto/MatrixSplit8.xml
----------------- Instantiating /home/travis/build/icyphy/ptII/ptolemy/domains/sdf/lib/test/auto/MatrixSplit8.xml
3 ms. Memory: 145408K Free: 100451K (69%)
----------------- Invoking toplevel() on ptolemy.moml.MoMLSimpleApplication@1f0da6bd
----------------- Done invoking toplevel() on ptolemy.moml.MoMLSimpleApplication@1f0da6bd
reloadAllAccessors: .MatrixSplit8

===========================================================================================
----------------- testing Wed Nov 20 06:55:44 UTC 2019 /home/travis/build/icyphy/ptII/ptolemy/domains/sdf/lib/test/auto/MatrixSplit9.xml
----------------- Instantiating /home/travis/build/icyphy/ptII/ptolemy/domains/sdf/lib/test/auto/MatrixSplit9.xml
2 ms. Memory: 145408K Free: 96848K (67%)
----------------- Invoking toplevel() on ptolemy.moml.MoMLSimpleApplication@3f3b0d87
----------------- Done invoking toplevel() on ptolemy.moml.MoMLSimpleApplication@3f3b0d87
reloadAllAccessors: .MatrixSplit9

===========================================================================================
----------------- testing Wed Nov 20 06:55:44 UTC 2019 /home/travis/build/icyphy/ptII/ptolemy/domains/sdf/lib/test/auto/MatrixToSequence.xml
----------------- Instantiating /home/travis/build/icyphy/ptII/ptolemy/domains/sdf/lib/test/auto/MatrixToSequence.xml
6 ms. Memory: 145408K Free: 87651K (60%)
----------------- Invoking toplevel() on ptolemy.moml.MoMLSimpleApplication@3463038b
----------------- Done invoking toplevel() on ptolemy.moml.MoMLSimpleApplication@3463038b
reloadAllAccessors: .MatrixToSequence

===========================================================================================
----------------- testing Wed Nov 20 06:55:44 UTC 2019 /home/travis/build/icyphy/ptII/ptolemy/domains/sdf/lib/test/auto/MaximumEntropySpectrum.xml
----------------- Instantiating /home/travis/build/icyphy/ptII/ptolemy/domains/sdf/lib/test/auto/MaximumEntropySpectrum.xml
26 ms. Memory: 145408K Free: 66673K (46%)
----------------- Invoking toplevel() on ptolemy.moml.MoMLSimpleApplication@92daa36
----------------- Done invoking toplevel() on ptolemy.moml.MoMLSimpleApplication@92daa36
reloadAllAccessors: .MaximumEntropySpectrum

===========================================================================================
----------------- testing Wed Nov 20 06:55:44 UTC 2019 /home/travis/build/icyphy/ptII/ptolemy/domains/sdf/lib/test/auto/SampleDelayConversion.xml
----------------- Instantiating /home/travis/build/icyphy/ptII/ptolemy/domains/sdf/lib/test/auto/SampleDelayConversion.xml
3 ms. Memory: 145408K Free: 63075K (43%)
----------------- Invoking toplevel() on ptolemy.moml.MoMLSimpleApplication@11f57cc
----------------- Done invoking toplevel() on ptolemy.moml.MoMLSimpleApplication@11f57cc
reloadAllAccessors: .SampleDelayConversion

===========================================================================================
----------------- testing Wed Nov 20 06:55:44 UTC 2019 /home/travis/build/icyphy/ptII/ptolemy/domains/sdf/lib/test/auto/SequenceToArray.xml
----------------- Instantiating /home/travis/build/icyphy/ptII/ptolemy/domains/sdf/lib/test/auto/SequenceToArray.xml
9 ms. Memory: 145408K Free: 126340K (87%)
----------------- Invoking toplevel() on ptolemy.moml.MoMLSimpleApplication@36d0d5d8
----------------- Done invoking toplevel() on ptolemy.moml.MoMLSimpleApplication@36d0d5d8
reloadAllAccessors: .SequenceToArray

===========================================================================================
----------------- testing Wed Nov 20 06:55:44 UTC 2019 /home/travis/build/icyphy/ptII/ptolemy/domains/sdf/lib/test/auto/SequenceToMatrix.xml
----------------- Instantiating /home/travis/build/icyphy/ptII/ptolemy/domains/sdf/lib/test/auto/SequenceToMatrix.xml
3675 ms. Memory: 175104K Free: 66443K (38%)
----------------- Invoking toplevel() on ptolemy.moml.MoMLSimpleApplication@e1a21d6
----------------- Done invoking toplevel() on ptolemy.moml.MoMLSimpleApplication@e1a21d6
reloadAllAccessors: .SequenceToMatrix

===========================================================================================
----------------- testing Wed Nov 20 06:55:48 UTC 2019 /home/travis/build/icyphy/ptII/ptolemy/domains/sdf/lib/test/auto/SmoothedPeriodogram.xml
----------------- Instantiating /home/travis/build/icyphy/ptII/ptolemy/domains/sdf/lib/test/auto/SmoothedPeriodogram.xml
9 ms. Memory: 175104K Free: 147341K (84%)
----------------- Invoking toplevel() on ptolemy.moml.MoMLSimpleApplication@3a8ea1ef
----------------- Done invoking toplevel() on ptolemy.moml.MoMLSimpleApplication@3a8ea1ef
reloadAllAccessors: .SmoothedPeriodogram

===========================================================================================
----------------- testing Wed Nov 20 06:55:48 UTC 2019 /home/travis/build/icyphy/ptII/ptolemy/domains/sdf/lib/test/auto/UpDownSample1.xml
----------------- Instantiating /home/travis/build/icyphy/ptII/ptolemy/domains/sdf/lib/test/auto/UpDownSample1.xml
3 ms. Memory: 175104K Free: 143245K (82%)
----------------- Invoking toplevel() on ptolemy.moml.MoMLSimpleApplication@65f41d69
----------------- Done invoking toplevel() on ptolemy.moml.MoMLSimpleApplication@65f41d69
reloadAllAccessors: .UpDownSample1

===========================================================================================
----------------- testing Wed Nov 20 06:55:48 UTC 2019 /home/travis/build/icyphy/ptII/ptolemy/domains/sdf/lib/test/auto/UpSample1.xml
----------------- Instantiating /home/travis/build/icyphy/ptII/ptolemy/domains/sdf/lib/test/auto/UpSample1.xml
2 ms. Memory: 175104K Free: 139659K (80%)
----------------- Invoking toplevel() on ptolemy.moml.MoMLSimpleApplication@5848e5cd
----------------- Done invoking toplevel() on ptolemy.moml.MoMLSimpleApplication@5848e5cd
reloadAllAccessors: .UpSample1

===========================================================================================
----------------- testing Wed Nov 20 06:55:48 UTC 2019 /home/travis/build/icyphy/ptII/ptolemy/domains/sdf/lib/test/auto/VariableFIR.xml
----------------- Instantiating /home/travis/build/icyphy/ptII/ptolemy/domains/sdf/lib/test/auto/VariableFIR.xml
4 ms. Memory: 175104K Free: 134539K (77%)
----------------- Invoking toplevel() on ptolemy.moml.MoMLSimpleApplication@15c799da
----------------- Done invoking toplevel() on ptolemy.moml.MoMLSimpleApplication@15c799da
reloadAllAccessors: .VariableFIR

===========================================================================================
----------------- testing Wed Nov 20 06:55:48 UTC 2019 /home/travis/build/icyphy/ptII/ptolemy/domains/sdf/lib/test/auto/VariableFIR2.xml
----------------- Instantiating /home/travis/build/icyphy/ptII/ptolemy/domains/sdf/lib/test/auto/VariableFIR2.xml
6 ms. Memory: 175104K Free: 129405K (74%)
----------------- Invoking toplevel() on ptolemy.moml.MoMLSimpleApplication@4ec1cf06
----------------- Done invoking toplevel() on ptolemy.moml.MoMLSimpleApplication@4ec1cf06
reloadAllAccessors: .VariableFIR2

===========================================================================================
----------------- testing Wed Nov 20 06:55:48 UTC 2019 /home/travis/build/icyphy/ptII/ptolemy/domains/sdf/lib/test/auto/VariableLattice.xml
----------------- Instantiating /home/travis/build/icyphy/ptII/ptolemy/domains/sdf/lib/test/auto/VariableLattice.xml
5 ms. Memory: 175104K Free: 123275K (70%)
----------------- Invoking toplevel() on ptolemy.moml.MoMLSimpleApplication@3061d58f
----------------- Done invoking toplevel() on ptolemy.moml.MoMLSimpleApplication@3061d58f
reloadAllAccessors: .VariableLattice

===========================================================================================
----------------- testing Wed Nov 20 06:55:48 UTC 2019 /home/travis/build/icyphy/ptII/ptolemy/domains/sdf/lib/test/auto/VariableLattice2.xml
----------------- Instantiating /home/travis/build/icyphy/ptII/ptolemy/domains/sdf/lib/test/auto/VariableLattice2.xml
1.0
-1.999999602036
1.9099998677481
-0.9099996420674
0.205
0.0
0.0
1.0
-0.25
-0.5
0.0
0.0
0.0
0.0
8 ms. Memory: 175104K Free: 118669K (68%)
----------------- Invoking toplevel() on ptolemy.moml.MoMLSimpleApplication@1ea2d0d2
----------------- Done invoking toplevel() on ptolemy.moml.MoMLSimpleApplication@1ea2d0d2
reloadAllAccessors: .VariableLattice2

===========================================================================================
----------------- testing Wed Nov 20 06:55:48 UTC 2019 /home/travis/build/icyphy/ptII/ptolemy/domains/sdf/lib/test/auto/VariableRecursiveLattice.xml
----------------- Instantiating /home/travis/build/icyphy/ptII/ptolemy/domains/sdf/lib/test/auto/VariableRecursiveLattice.xml
3 ms. Memory: 175104K Free: 114059K (65%)
----------------- Invoking toplevel() on ptolemy.moml.MoMLSimpleApplication@1da135f2
----------------- Done invoking toplevel() on ptolemy.moml.MoMLSimpleApplication@1da135f2
reloadAllAccessors: .VariableRecursiveLattice

===========================================================================================
----------------- testing Wed Nov 20 06:55:48 UTC 2019 /home/travis/build/icyphy/ptII/ptolemy/domains/sdf/lib/test/auto/VariableRecursiveLattice2.xml
----------------- Instantiating /home/travis/build/icyphy/ptII/ptolemy/domains/sdf/lib/test/auto/VariableRecursiveLattice2.xml
2 ms. Memory: 175104K Free: 109963K (63%)
----------------- Invoking toplevel() on ptolemy.moml.MoMLSimpleApplication@385ce973
----------------- Done invoking toplevel() on ptolemy.moml.MoMLSimpleApplication@385ce973
reloadAllAccessors: .VariableRecursiveLattice2
AutoTests.java: About to close Vertx.
AutoTests.java: Vertx closed.
]]></system-out>
  <system-err><![CDATA[]]></system-err>
</testsuite>
