<?xml version="1.0" encoding="UTF-8" ?>
<testsuite errors="0" failures="0" hostname="travis-job-5075c23e-97f0-41ba-bf59-0bff4afc6741" name="ptolemy.domains.modal.test.junit.JUnitTclTest" skipped="0" tests="148" time="10.689" timestamp="2019-10-03T05:50:02">
  <properties>
[...]
</properties>
  <testcase classname="ptolemy.util.test.junit.TclTests" name="[0] /home/travis/build/icyphy/ptII/ptolemy/domains/modal/test/SystemLevelType.tcl (RunTclFile)" time="2.086" />
  <testcase classname="ptolemy.util.test.junit.AutoKnownFailedTests" name="[0] /home/travis/build/icyphy/ptII/ptolemy/domains/modal/test/auto/knownFailedTests/CannotAnalysisWithPreemption.xml (RunModel)" time="0.307" />
  <testcase classname="ptolemy.util.test.junit.AutoNameArchTests" name="[0] ThereAreNoAutoArchTests (RunModel)" time="0.008" />
  <testcase classname="ptolemy.util.test.junit.AutoTests" name="[0] /home/travis/build/icyphy/ptII/ptolemy/domains/modal/test/auto/ABPTest.xml (RunModel)" time="0.742" />
  <testcase classname="ptolemy.util.test.junit.AutoTests" name="[1] /home/travis/build/icyphy/ptII/ptolemy/domains/modal/test/auto/ABROFlat.xml (RunModel)" time="0.089" />
  <testcase classname="ptolemy.util.test.junit.AutoTests" name="[2] /home/travis/build/icyphy/ptII/ptolemy/domains/modal/test/auto/ABROFlat2.xml (RunModel)" time="0.087" />
  <testcase classname="ptolemy.util.test.junit.AutoTests" name="[3] /home/travis/build/icyphy/ptII/ptolemy/domains/modal/test/auto/ABRO_present_hmm.xml (RunModel)" time="0.159" />
  <testcase classname="ptolemy.util.test.junit.AutoTests" name="[4] /home/travis/build/icyphy/ptII/ptolemy/domains/modal/test/auto/AMICoderExample.xml (RunModel)" time="0.056" />
  <testcase classname="ptolemy.util.test.junit.AutoTests" name="[5] /home/travis/build/icyphy/ptII/ptolemy/domains/modal/test/auto/AbsentToPresent.xml (RunModel)" time="0.018" />
  <testcase classname="ptolemy.util.test.junit.AutoTests" name="[6] /home/travis/build/icyphy/ptII/ptolemy/domains/modal/test/auto/Blending.xml (RunModel)" time="0.186" />
  <testcase classname="ptolemy.util.test.junit.AutoTests" name="[7] /home/travis/build/icyphy/ptII/ptolemy/domains/modal/test/auto/Broadcast.xml (RunModel)" time="0.044" />
  <testcase classname="ptolemy.util.test.junit.AutoTests" name="[8] /home/travis/build/icyphy/ptII/ptolemy/domains/modal/test/auto/BroadcastHierarchy.xml (RunModel)" time="0.067" />
  <testcase classname="ptolemy.util.test.junit.AutoTests" name="[9] /home/travis/build/icyphy/ptII/ptolemy/domains/modal/test/auto/BroadcastHierarchy2.xml (RunModel)" time="0.142" />
  <testcase classname="ptolemy.util.test.junit.AutoTests" name="[10] /home/travis/build/icyphy/ptII/ptolemy/domains/modal/test/auto/BroadcastHierarchy3.xml (RunModel)" time="0.107" />
  <testcase classname="ptolemy.util.test.junit.AutoTests" name="[11] /home/travis/build/icyphy/ptII/ptolemy/domains/modal/test/auto/BroadcastHierarchy4.xml (RunModel)" time="0.105" />
  <testcase classname="ptolemy.util.test.junit.AutoTests" name="[12] /home/travis/build/icyphy/ptII/ptolemy/domains/modal/test/auto/CannotAnalysisWithPreemption2.xml (RunModel)" time="0.04" />
  <testcase classname="ptolemy.util.test.junit.AutoTests" name="[13] /home/travis/build/icyphy/ptII/ptolemy/domains/modal/test/auto/CannotAnalysisWithPreemption3.xml (RunModel)" time="0.04" />
  <testcase classname="ptolemy.util.test.junit.AutoTests" name="[14] /home/travis/build/icyphy/ptII/ptolemy/domains/modal/test/auto/CannotProduce.xml (RunModel)" time="0.028" />
  <testcase classname="ptolemy.util.test.junit.AutoTests" name="[15] /home/travis/build/icyphy/ptII/ptolemy/domains/modal/test/auto/CannotProduceModal.xml (RunModel)" time="0.022" />
  <testcase classname="ptolemy.util.test.junit.AutoTests" name="[16] /home/travis/build/icyphy/ptII/ptolemy/domains/modal/test/auto/Case.xml (RunModel)" time="0.105" />
  <testcase classname="ptolemy.util.test.junit.AutoTests" name="[17] /home/travis/build/icyphy/ptII/ptolemy/domains/modal/test/auto/Case1.xml (RunModel)" time="0.034" />
  <testcase classname="ptolemy.util.test.junit.AutoTests" name="[18] /home/travis/build/icyphy/ptII/ptolemy/domains/modal/test/auto/Case2.xml (RunModel)" time="0.043" />
  <testcase classname="ptolemy.util.test.junit.AutoTests" name="[19] /home/travis/build/icyphy/ptII/ptolemy/domains/modal/test/auto/CausalityInterface1.xml (RunModel)" time="0.036" />
  <testcase classname="ptolemy.util.test.junit.AutoTests" name="[20] /home/travis/build/icyphy/ptII/ptolemy/domains/modal/test/auto/CausalityInterface10.xml (RunModel)" time="0.065" />
  <testcase classname="ptolemy.util.test.junit.AutoTests" name="[21] /home/travis/build/icyphy/ptII/ptolemy/domains/modal/test/auto/CausalityInterface11.xml (RunModel)" time="0.054" />
  <testcase classname="ptolemy.util.test.junit.AutoTests" name="[22] /home/travis/build/icyphy/ptII/ptolemy/domains/modal/test/auto/CausalityInterface12.xml (RunModel)" time="0.05" />
  <testcase classname="ptolemy.util.test.junit.AutoTests" name="[23] /home/travis/build/icyphy/ptII/ptolemy/domains/modal/test/auto/CausalityInterface13.xml (RunModel)" time="0.048" />
  <testcase classname="ptolemy.util.test.junit.AutoTests" name="[24] /home/travis/build/icyphy/ptII/ptolemy/domains/modal/test/auto/CausalityInterface14.xml (RunModel)" time="0.049" />
  <testcase classname="ptolemy.util.test.junit.AutoTests" name="[25] /home/travis/build/icyphy/ptII/ptolemy/domains/modal/test/auto/CausalityInterface2.xml (RunModel)" time="0.023" />
  <testcase classname="ptolemy.util.test.junit.AutoTests" name="[26] /home/travis/build/icyphy/ptII/ptolemy/domains/modal/test/auto/CausalityInterface3.xml (RunModel)" time="0.022" />
  <testcase classname="ptolemy.util.test.junit.AutoTests" name="[27] /home/travis/build/icyphy/ptII/ptolemy/domains/modal/test/auto/CausalityInterface4.xml (RunModel)" time="0.029" />
  <testcase classname="ptolemy.util.test.junit.AutoTests" name="[28] /home/travis/build/icyphy/ptII/ptolemy/domains/modal/test/auto/CausalityInterface5.xml (RunModel)" time="0.052" />
  <testcase classname="ptolemy.util.test.junit.AutoTests" name="[29] /home/travis/build/icyphy/ptII/ptolemy/domains/modal/test/auto/CausalityInterface6.xml (RunModel)" time="0.029" />
  <testcase classname="ptolemy.util.test.junit.AutoTests" name="[30] /home/travis/build/icyphy/ptII/ptolemy/domains/modal/test/auto/CausalityInterface7.xml (RunModel)" time="0.035" />
  <testcase classname="ptolemy.util.test.junit.AutoTests" name="[31] /home/travis/build/icyphy/ptII/ptolemy/domains/modal/test/auto/CausalityInterface8.xml (RunModel)" time="0.031" />
  <testcase classname="ptolemy.util.test.junit.AutoTests" name="[32] /home/travis/build/icyphy/ptII/ptolemy/domains/modal/test/auto/CausalityInterface9.xml (RunModel)" time="0.033" />
  <testcase classname="ptolemy.util.test.junit.AutoTests" name="[33] /home/travis/build/icyphy/ptII/ptolemy/domains/modal/test/auto/ChainedTransitions.xml (RunModel)" time="0.149" />
  <testcase classname="ptolemy.util.test.junit.AutoTests" name="[34] /home/travis/build/icyphy/ptII/ptolemy/domains/modal/test/auto/CycleOfImmediateTransitionsFSM.xml (RunModel)" time="0.024" />
  <testcase classname="ptolemy.util.test.junit.AutoTests" name="[35] /home/travis/build/icyphy/ptII/ptolemy/domains/modal/test/auto/CycleOfImmediateTransitionsModal.xml (RunModel)" time="0.02" />
  <testcase classname="ptolemy.util.test.junit.AutoTests" name="[36] /home/travis/build/icyphy/ptII/ptolemy/domains/modal/test/auto/CycleOfImmediateTransitionsModal2.xml (RunModel)" time="0.024" />
  <testcase classname="ptolemy.util.test.junit.AutoTests" name="[37] /home/travis/build/icyphy/ptII/ptolemy/domains/modal/test/auto/CycleOfImmediateTransitionsModal3.xml (RunModel)" time="0.072" />
  <testcase classname="ptolemy.util.test.junit.AutoTests" name="[38] /home/travis/build/icyphy/ptII/ptolemy/domains/modal/test/auto/DeepModal1.xml (RunModel)" time="0.049" />
  <testcase classname="ptolemy.util.test.junit.AutoTests" name="[39] /home/travis/build/icyphy/ptII/ptolemy/domains/modal/test/auto/DeepModal2.xml (RunModel)" time="0.074" />
  <testcase classname="ptolemy.util.test.junit.AutoTests" name="[40] /home/travis/build/icyphy/ptII/ptolemy/domains/modal/test/auto/DeepModal3.xml (RunModel)" time="0.081" />
  <testcase classname="ptolemy.util.test.junit.AutoTests" name="[41] /home/travis/build/icyphy/ptII/ptolemy/domains/modal/test/auto/DeepModal4.xml (RunModel)" time="0.071" />
  <testcase classname="ptolemy.util.test.junit.AutoTests" name="[42] /home/travis/build/icyphy/ptII/ptolemy/domains/modal/test/auto/Default1.xml (RunModel)" time="0.018" />
  <testcase classname="ptolemy.util.test.junit.AutoTests" name="[43] /home/travis/build/icyphy/ptII/ptolemy/domains/modal/test/auto/Default2.xml (RunModel)" time="0.019" />
  <testcase classname="ptolemy.util.test.junit.AutoTests" name="[44] /home/travis/build/icyphy/ptII/ptolemy/domains/modal/test/auto/Default3.xml (RunModel)" time="0.02" />
  <testcase classname="ptolemy.util.test.junit.AutoTests" name="[45] /home/travis/build/icyphy/ptII/ptolemy/domains/modal/test/auto/Default4.xml (RunModel)" time="0.02" />
  <testcase classname="ptolemy.util.test.junit.AutoTests" name="[46] /home/travis/build/icyphy/ptII/ptolemy/domains/modal/test/auto/Default5.xml (RunModel)" time="0.027" />
  <testcase classname="ptolemy.util.test.junit.AutoTests" name="[47] /home/travis/build/icyphy/ptII/ptolemy/domains/modal/test/auto/EmptyGuard.xml (RunModel)" time="0.028" />
  <testcase classname="ptolemy.util.test.junit.AutoTests" name="[48] /home/travis/build/icyphy/ptII/ptolemy/domains/modal/test/auto/ErrorTransition1.xml (RunModel)" time="0.035" />
  <testcase classname="ptolemy.util.test.junit.AutoTests" name="[49] /home/travis/build/icyphy/ptII/ptolemy/domains/modal/test/auto/ErrorTransition10.xml (RunModel)" time="0.046" />
  <testcase classname="ptolemy.util.test.junit.AutoTests" name="[50] /home/travis/build/icyphy/ptII/ptolemy/domains/modal/test/auto/ErrorTransition11.xml (RunModel)" time="0.03" />
  <testcase classname="ptolemy.util.test.junit.AutoTests" name="[51] /home/travis/build/icyphy/ptII/ptolemy/domains/modal/test/auto/ErrorTransition2.xml (RunModel)" time="0.039" />
  <testcase classname="ptolemy.util.test.junit.AutoTests" name="[52] /home/travis/build/icyphy/ptII/ptolemy/domains/modal/test/auto/ErrorTransition3.xml (RunModel)" time="0.048" />
  <testcase classname="ptolemy.util.test.junit.AutoTests" name="[53] /home/travis/build/icyphy/ptII/ptolemy/domains/modal/test/auto/ErrorTransition4.xml (RunModel)" time="0.037" />
  <testcase classname="ptolemy.util.test.junit.AutoTests" name="[54] /home/travis/build/icyphy/ptII/ptolemy/domains/modal/test/auto/ErrorTransition5.xml (RunModel)" time="0.034" />
  <testcase classname="ptolemy.util.test.junit.AutoTests" name="[55] /home/travis/build/icyphy/ptII/ptolemy/domains/modal/test/auto/ErrorTransition6.xml (RunModel)" time="0.046" />
  <testcase classname="ptolemy.util.test.junit.AutoTests" name="[56] /home/travis/build/icyphy/ptII/ptolemy/domains/modal/test/auto/ErrorTransition7.xml (RunModel)" time="0.059" />
  <testcase classname="ptolemy.util.test.junit.AutoTests" name="[57] /home/travis/build/icyphy/ptII/ptolemy/domains/modal/test/auto/ErrorTransition8.xml (RunModel)" time="0.056" />
  <testcase classname="ptolemy.util.test.junit.AutoTests" name="[58] /home/travis/build/icyphy/ptII/ptolemy/domains/modal/test/auto/ErrorTransition9.xml (RunModel)" time="0.051" />
  <testcase classname="ptolemy.util.test.junit.AutoTests" name="[59] /home/travis/build/icyphy/ptII/ptolemy/domains/modal/test/auto/ExtendedFSM.xml (RunModel)" time="0.024" />
  <testcase classname="ptolemy.util.test.junit.AutoTests" name="[60] /home/travis/build/icyphy/ptII/ptolemy/domains/modal/test/auto/FinalStates.xml (RunModel)" time="0.02" />
  <testcase classname="ptolemy.util.test.junit.AutoTests" name="[61] /home/travis/build/icyphy/ptII/ptolemy/domains/modal/test/auto/FixedPointFSM.xml (RunModel)" time="0.046" />
  <testcase classname="ptolemy.util.test.junit.AutoTests" name="[62] /home/travis/build/icyphy/ptII/ptolemy/domains/modal/test/auto/FixedPointIterationFSMActor.xml (RunModel)" time="0.033" />
  <testcase classname="ptolemy.util.test.junit.AutoTests" name="[63] /home/travis/build/icyphy/ptII/ptolemy/domains/modal/test/auto/FixedPointIterationFSMActor2.xml (RunModel)" time="0.037" />
  <testcase classname="ptolemy.util.test.junit.AutoTests" name="[64] /home/travis/build/icyphy/ptII/ptolemy/domains/modal/test/auto/ForbiddenInstantanousLoop.xml (RunModel)" time="0.044" />
  <testcase classname="ptolemy.util.test.junit.AutoTests" name="[65] /home/travis/build/icyphy/ptII/ptolemy/domains/modal/test/auto/FunctionDependencyOfFSMActorTest.xml (RunModel)" time="0.027" />
  <testcase classname="ptolemy.util.test.junit.AutoTests" name="[66] /home/travis/build/icyphy/ptII/ptolemy/domains/modal/test/auto/GuardExpression.xml (RunModel)" time="0.02" />
  <testcase classname="ptolemy.util.test.junit.AutoTests" name="[67] /home/travis/build/icyphy/ptII/ptolemy/domains/modal/test/auto/GuardNotEvaluated.xml (RunModel)" time="0.03" />
  <testcase classname="ptolemy.util.test.junit.AutoTests" name="[68] /home/travis/build/icyphy/ptII/ptolemy/domains/modal/test/auto/GuardNotEvaluated2.xml (RunModel)" time="0.027" />
  <testcase classname="ptolemy.util.test.junit.AutoTests" name="[69] /home/travis/build/icyphy/ptII/ptolemy/domains/modal/test/auto/GuardOnAbsent.xml (RunModel)" time="0.024" />
  <testcase classname="ptolemy.util.test.junit.AutoTests" name="[70] /home/travis/build/icyphy/ptII/ptolemy/domains/modal/test/auto/HierarchicalFSMTypeInference.xml (RunModel)" time="0.027" />
  <testcase classname="ptolemy.util.test.junit.AutoTests" name="[71] /home/travis/build/icyphy/ptII/ptolemy/domains/modal/test/auto/Hysteresis.xml (RunModel)" time="0.043" />
  <testcase classname="ptolemy.util.test.junit.AutoTests" name="[72] /home/travis/build/icyphy/ptII/ptolemy/domains/modal/test/auto/HysteresisWithDefault.xml (RunModel)" time="0.065" />
  <testcase classname="ptolemy.util.test.junit.AutoTests" name="[73] /home/travis/build/icyphy/ptII/ptolemy/domains/modal/test/auto/HysteresisWithDefault2.xml (RunModel)" time="0.064" />
  <testcase classname="ptolemy.util.test.junit.AutoTests" name="[74] /home/travis/build/icyphy/ptII/ptolemy/domains/modal/test/auto/ImmediateNonConstructiveness.xml (RunModel)" time="0.017" />
  <testcase classname="ptolemy.util.test.junit.AutoTests" name="[75] /home/travis/build/icyphy/ptII/ptolemy/domains/modal/test/auto/ImmediateNonConstructiveness2.xml (RunModel)" time="0.016" />
  <testcase classname="ptolemy.util.test.junit.AutoTests" name="[76] /home/travis/build/icyphy/ptII/ptolemy/domains/modal/test/auto/ImmediateTransitionReset.xml (RunModel)" time="0.03" />
  <testcase classname="ptolemy.util.test.junit.AutoTests" name="[77] /home/travis/build/icyphy/ptII/ptolemy/domains/modal/test/auto/ImmediateTransitions1.xml (RunModel)" time="0.013" />
  <testcase classname="ptolemy.util.test.junit.AutoTests" name="[78] /home/travis/build/icyphy/ptII/ptolemy/domains/modal/test/auto/ImmediateTransitionsInstantaneousCommunication.xml (RunModel)" time="0.047" />
  <testcase classname="ptolemy.util.test.junit.AutoTests" name="[79] /home/travis/build/icyphy/ptII/ptolemy/domains/modal/test/auto/InitialImmediateTransition.xml (RunModel)" time="0.019" />
  <testcase classname="ptolemy.util.test.junit.AutoTests" name="[80] /home/travis/build/icyphy/ptII/ptolemy/domains/modal/test/auto/InitialOutputs.xml (RunModel)" time="0.016" />
  <testcase classname="ptolemy.util.test.junit.AutoTests" name="[81] /home/travis/build/icyphy/ptII/ptolemy/domains/modal/test/auto/InitialStateTransition1.xml (RunModel)" time="0.02" />
  <testcase classname="ptolemy.util.test.junit.AutoTests" name="[82] /home/travis/build/icyphy/ptII/ptolemy/domains/modal/test/auto/InitialStateTransition2.xml (RunModel)" time="0.022" />
  <testcase classname="ptolemy.util.test.junit.AutoTests" name="[83] /home/travis/build/icyphy/ptII/ptolemy/domains/modal/test/auto/InitialStateTransition3.xml (RunModel)" time="0.028" />
  <testcase classname="ptolemy.util.test.junit.AutoTests" name="[84] /home/travis/build/icyphy/ptII/ptolemy/domains/modal/test/auto/InitialStateTransition4.xml (RunModel)" time="0.025" />
  <testcase classname="ptolemy.util.test.junit.AutoTests" name="[85] /home/travis/build/icyphy/ptII/ptolemy/domains/modal/test/auto/MalformedGuardExpressionNotCaught.xml (RunModel)" time="0.026" />
  <testcase classname="ptolemy.util.test.junit.AutoTests" name="[86] /home/travis/build/icyphy/ptII/ptolemy/domains/modal/test/auto/ModalBSC.xml (RunModel)" time="0.089" />
  <testcase classname="ptolemy.util.test.junit.AutoTests" name="[87] /home/travis/build/icyphy/ptII/ptolemy/domains/modal/test/auto/ModalClocks.xml (RunModel)" time="0.079" />
  <testcase classname="ptolemy.util.test.junit.AutoTests" name="[88] /home/travis/build/icyphy/ptII/ptolemy/domains/modal/test/auto/ModalDelay.xml (RunModel)" time="0.049" />
  <testcase classname="ptolemy.util.test.junit.AutoTests" name="[89] /home/travis/build/icyphy/ptII/ptolemy/domains/modal/test/auto/ModalDelay2.xml (RunModel)" time="0.04" />
  <testcase classname="ptolemy.util.test.junit.AutoTests" name="[90] /home/travis/build/icyphy/ptII/ptolemy/domains/modal/test/auto/ModalModelFromMemo.xml (RunModel)" time="0.057" />
  <testcase classname="ptolemy.util.test.junit.AutoTests" name="[91] /home/travis/build/icyphy/ptII/ptolemy/domains/modal/test/auto/ModalModelWithMultirateTransient.xml (RunModel)" time="0.071" />
  <testcase classname="ptolemy.util.test.junit.AutoTests" name="[92] /home/travis/build/icyphy/ptII/ptolemy/domains/modal/test/auto/ModalModelWithReset.xml (RunModel)" time="0.052" />
  <testcase classname="ptolemy.util.test.junit.AutoTests" name="[93] /home/travis/build/icyphy/ptII/ptolemy/domains/modal/test/auto/MouseClickFSM.xml (RunModel)" time="0.044" />
  <testcase classname="ptolemy.util.test.junit.AutoTests" name="[94] /home/travis/build/icyphy/ptII/ptolemy/domains/modal/test/auto/MouseClickFSMModal.xml (RunModel)" time="0.035" />
  <testcase classname="ptolemy.util.test.junit.AutoTests" name="[95] /home/travis/build/icyphy/ptII/ptolemy/domains/modal/test/auto/NonStrictFSM_FeedbackLoop.xml (RunModel)" time="0.043" />
  <testcase classname="ptolemy.util.test.junit.AutoTests" name="[96] /home/travis/build/icyphy/ptII/ptolemy/domains/modal/test/auto/NonStrictFSM_FeedbackLoop_Refinement.xml (RunModel)" time="0.08" />
  <testcase classname="ptolemy.util.test.junit.AutoTests" name="[97] /home/travis/build/icyphy/ptII/ptolemy/domains/modal/test/auto/NonStrictFSM_FeedbackLoop_preemptive.xml (RunModel)" time="0.054" />
  <testcase classname="ptolemy.util.test.junit.AutoTests" name="[98] /home/travis/build/icyphy/ptII/ptolemy/domains/modal/test/auto/NormalTermination.xml (RunModel)" time="0.043" />
  <testcase classname="ptolemy.util.test.junit.AutoTests" name="[99] /home/travis/build/icyphy/ptII/ptolemy/domains/modal/test/auto/Pong.xml (RunModel)" time="0.054" />
  <testcase classname="ptolemy.util.test.junit.AutoTests" name="[100] /home/travis/build/icyphy/ptII/ptolemy/domains/modal/test/auto/Pong_test.xml (RunModel)" time="0.136" />
  <testcase classname="ptolemy.util.test.junit.AutoTests" name="[101] /home/travis/build/icyphy/ptII/ptolemy/domains/modal/test/auto/PreemptionHierarchy.xml (RunModel)" time="0.033" />
  <testcase classname="ptolemy.util.test.junit.AutoTests" name="[102] /home/travis/build/icyphy/ptII/ptolemy/domains/modal/test/auto/PreemptionHierarchy2.xml (RunModel)" time="0.033" />
  <testcase classname="ptolemy.util.test.junit.AutoTests" name="[103] /home/travis/build/icyphy/ptII/ptolemy/domains/modal/test/auto/PreemptiveTransition.xml (RunModel)" time="0.02" />
  <testcase classname="ptolemy.util.test.junit.AutoTests" name="[104] /home/travis/build/icyphy/ptII/ptolemy/domains/modal/test/auto/Priorities.xml (RunModel)" time="0.082" />
  <testcase classname="ptolemy.util.test.junit.AutoTests" name="[105] /home/travis/build/icyphy/ptII/ptolemy/domains/modal/test/auto/ResetFinal.xml (RunModel)" time="0.035" />
  <testcase classname="ptolemy.util.test.junit.AutoTests" name="[106] /home/travis/build/icyphy/ptII/ptolemy/domains/modal/test/auto/ResetFinal2.xml (RunModel)" time="0.042" />
  <testcase classname="ptolemy.util.test.junit.AutoTests" name="[107] /home/travis/build/icyphy/ptII/ptolemy/domains/modal/test/auto/ResetTransitionWithStartTime.xml (RunModel)" time="0.03" />
  <testcase classname="ptolemy.util.test.junit.AutoTests" name="[108] /home/travis/build/icyphy/ptII/ptolemy/domains/modal/test/auto/SDF-FSMComposite.xml (RunModel)" time="0.021" />
  <testcase classname="ptolemy.util.test.junit.AutoTests" name="[109] /home/travis/build/icyphy/ptII/ptolemy/domains/modal/test/auto/SeeminglyNondeterminate.xml (RunModel)" time="0.072" />
  <testcase classname="ptolemy.util.test.junit.AutoTests" name="[110] /home/travis/build/icyphy/ptII/ptolemy/domains/modal/test/auto/SeeminglyNondeterminate2.xml (RunModel)" time="0.071" />
  <testcase classname="ptolemy.util.test.junit.AutoTests" name="[111] /home/travis/build/icyphy/ptII/ptolemy/domains/modal/test/auto/SpontaneousFSM.xml (RunModel)" time="0.057" />
  <testcase classname="ptolemy.util.test.junit.AutoTests" name="[112] /home/travis/build/icyphy/ptII/ptolemy/domains/modal/test/auto/SpontaneousFSM2.xml (RunModel)" time="0.03" />
  <testcase classname="ptolemy.util.test.junit.AutoTests" name="[113] /home/travis/build/icyphy/ptII/ptolemy/domains/modal/test/auto/SpontaneousFSM3.xml (RunModel)" time="0.042" />
  <testcase classname="ptolemy.util.test.junit.AutoTests" name="[114] /home/travis/build/icyphy/ptII/ptolemy/domains/modal/test/auto/SpontaneousFSM4.xml (RunModel)" time="0.046" />
  <testcase classname="ptolemy.util.test.junit.AutoTests" name="[115] /home/travis/build/icyphy/ptII/ptolemy/domains/modal/test/auto/StateTrackerTest.xml (RunModel)" time="0.063" />
  <testcase classname="ptolemy.util.test.junit.AutoTests" name="[116] /home/travis/build/icyphy/ptII/ptolemy/domains/modal/test/auto/StrongImmediateTransition.xml (RunModel)" time="0.019" />
  <testcase classname="ptolemy.util.test.junit.AutoTests" name="[117] /home/travis/build/icyphy/ptII/ptolemy/domains/modal/test/auto/SustainHierarchy.xml (RunModel)" time="0.03" />
  <testcase classname="ptolemy.util.test.junit.AutoTests" name="[118] /home/travis/build/icyphy/ptII/ptolemy/domains/modal/test/auto/TerminationTransition1.xml (RunModel)" time="0.019" />
  <testcase classname="ptolemy.util.test.junit.AutoTests" name="[119] /home/travis/build/icyphy/ptII/ptolemy/domains/modal/test/auto/TerminationTransition2.xml (RunModel)" time="0.024" />
  <testcase classname="ptolemy.util.test.junit.AutoTests" name="[120] /home/travis/build/icyphy/ptII/ptolemy/domains/modal/test/auto/TerminationTransition3.xml (RunModel)" time="0.021" />
  <testcase classname="ptolemy.util.test.junit.AutoTests" name="[121] /home/travis/build/icyphy/ptII/ptolemy/domains/modal/test/auto/TerminationTransition4.xml (RunModel)" time="0.034" />
  <testcase classname="ptolemy.util.test.junit.AutoTests" name="[122] /home/travis/build/icyphy/ptII/ptolemy/domains/modal/test/auto/TerminationTransition5.xml (RunModel)" time="0.03" />
  <testcase classname="ptolemy.util.test.junit.AutoTests" name="[123] /home/travis/build/icyphy/ptII/ptolemy/domains/modal/test/auto/TerminationTransition6.xml (RunModel)" time="0.019" />
  <testcase classname="ptolemy.util.test.junit.AutoTests" name="[124] /home/travis/build/icyphy/ptII/ptolemy/domains/modal/test/auto/TerminationTransition7.xml (RunModel)" time="0.019" />
  <testcase classname="ptolemy.util.test.junit.AutoTests" name="[125] /home/travis/build/icyphy/ptII/ptolemy/domains/modal/test/auto/TerminationTransition8.xml (RunModel)" time="0.022" />
  <testcase classname="ptolemy.util.test.junit.AutoTests" name="[126] /home/travis/build/icyphy/ptII/ptolemy/domains/modal/test/auto/Thermostat_NoHysteresis.xml (RunModel)" time="0.075" />
  <testcase classname="ptolemy.util.test.junit.AutoTests" name="[127] /home/travis/build/icyphy/ptII/ptolemy/domains/modal/test/auto/TimedFSM.xml (RunModel)" time="0.044" />
  <testcase classname="ptolemy.util.test.junit.AutoTests" name="[128] /home/travis/build/icyphy/ptII/ptolemy/domains/modal/test/auto/Timeout1.xml (RunModel)" time="0.018" />
  <testcase classname="ptolemy.util.test.junit.AutoTests" name="[129] /home/travis/build/icyphy/ptII/ptolemy/domains/modal/test/auto/Timeout2.xml (RunModel)" time="0.021" />
  <testcase classname="ptolemy.util.test.junit.AutoTests" name="[130] /home/travis/build/icyphy/ptII/ptolemy/domains/modal/test/auto/Timeout3.xml (RunModel)" time="0.011" />
  <testcase classname="ptolemy.util.test.junit.AutoTests" name="[131] /home/travis/build/icyphy/ptII/ptolemy/domains/modal/test/auto/Timeout4.xml (RunModel)" time="0.012" />
  <testcase classname="ptolemy.util.test.junit.AutoTests" name="[132] /home/travis/build/icyphy/ptII/ptolemy/domains/modal/test/auto/TransientstateModelAdvanced.xml (RunModel)" time="0.026" />
  <testcase classname="ptolemy.util.test.junit.AutoTests" name="[133] /home/travis/build/icyphy/ptII/ptolemy/domains/modal/test/auto/TransientstateModelAdvanced2.xml (RunModel)" time="0.028" />
  <testcase classname="ptolemy.util.test.junit.AutoTests" name="[134] /home/travis/build/icyphy/ptII/ptolemy/domains/modal/test/auto/TransitionRefinements.xml (RunModel)" time="0.023" />
  <testcase classname="ptolemy.util.test.junit.AutoTests" name="[135] /home/travis/build/icyphy/ptII/ptolemy/domains/modal/test/auto/TwoRefinements1.xml (RunModel)" time="0.024" />
  <testcase classname="ptolemy.util.test.junit.AutoTests" name="[136] /home/travis/build/icyphy/ptII/ptolemy/domains/modal/test/auto/TwoRefinements2.xml (RunModel)" time="0.023" />
  <testcase classname="ptolemy.util.test.junit.AutoTests" name="[137] /home/travis/build/icyphy/ptII/ptolemy/domains/modal/test/auto/WeakImmediateTransition.xml (RunModel)" time="0.026" />
  <testcase classname="ptolemy.util.test.junit.AutoTests" name="[138] /home/travis/build/icyphy/ptII/ptolemy/domains/modal/test/auto/booleanSelect.xml (RunModel)" time="0.077" />
  <testcase classname="ptolemy.util.test.junit.AutoTests" name="[139] /home/travis/build/icyphy/ptII/ptolemy/domains/modal/test/auto/modalChangingParams.xml (RunModel)" time="0.31" />
  <testcase classname="ptolemy.util.test.junit.AutoTests" name="[140] /home/travis/build/icyphy/ptII/ptolemy/domains/modal/test/auto/modalModel.xml (RunModel)" time="0.023" />
  <testcase classname="ptolemy.util.test.junit.AutoTests" name="[141] /home/travis/build/icyphy/ptII/ptolemy/domains/modal/test/auto/modalModel2.xml (RunModel)" time="0.027" />
  <testcase classname="ptolemy.util.test.junit.AutoTests" name="[142] /home/travis/build/icyphy/ptII/ptolemy/domains/modal/test/auto/modalModel3.xml (RunModel)" time="0.037" />
  <testcase classname="ptolemy.util.test.junit.AutoTests" name="[143] /home/travis/build/icyphy/ptII/ptolemy/domains/modal/test/auto/model1.xml (RunModel)" time="0.018" />
  <testcase classname="ptolemy.util.test.junit.AutoTests" name="[144] /home/travis/build/icyphy/ptII/ptolemy/domains/modal/test/auto/test-direct-in-out.xml (RunModel)" time="0.017" />
  <system-out><![CDATA[/home/travis/build/icyphy/ptII/ptolemy/domains/modal/test/SystemLevelType.tcl
testDefs.tcl: setting time out to 9000 seconds at Thu Oct 03 05:50:02 UTC 2019
10/03/19 05:50:05
Failed: 0  Total Tests: 1  ((Passed: 1, Newly Passed: 0)  Known Failed: 0) /home/travis/build/icyphy/ptII/ptolemy/domains/modal/test
----------------- testing (KnownFailure) /home/travis/build/icyphy/ptII/ptolemy/domains/modal/test/auto/knownFailedTests/CannotAnalysisWithPreemption.xml
108 ms. Memory: 120832K Free: 40363K (33%)
Known Failure: java.lang.reflect.InvocationTargetException
No auto/linux-amd64/*.xml tests in /home/travis/build/icyphy/ptII/ptolemy/domains/modal/test
AutoTests.java: About to close Vertx.
AutoTests.java: Vertx closed.

===========================================================================================
----------------- testing Thu Oct 03 05:50:05 UTC 2019 /home/travis/build/icyphy/ptII/ptolemy/domains/modal/test/auto/ABPTest.xml
----------------- Instantiating /home/travis/build/icyphy/ptII/ptolemy/domains/modal/test/auto/ABPTest.xml
304 ms. Memory: 150528K Free: 107331K (71%)
----------------- Invoking toplevel() on ptolemy.moml.MoMLSimpleApplication@2d0981d1
----------------- Done invoking toplevel() on ptolemy.moml.MoMLSimpleApplication@2d0981d1
reloadAllAccessors: .ABPTest

===========================================================================================
----------------- testing Thu Oct 03 05:50:06 UTC 2019 /home/travis/build/icyphy/ptII/ptolemy/domains/modal/test/auto/ABROFlat.xml
----------------- Instantiating /home/travis/build/icyphy/ptII/ptolemy/domains/modal/test/auto/ABROFlat.xml
32 ms. Memory: 150528K Free: 91401K (61%)
----------------- Invoking toplevel() on ptolemy.moml.MoMLSimpleApplication@392ac562
----------------- Done invoking toplevel() on ptolemy.moml.MoMLSimpleApplication@392ac562
reloadAllAccessors: .ABROFlat

===========================================================================================
----------------- testing Thu Oct 03 05:50:06 UTC 2019 /home/travis/build/icyphy/ptII/ptolemy/domains/modal/test/auto/ABROFlat2.xml
----------------- Instantiating /home/travis/build/icyphy/ptII/ptolemy/domains/modal/test/auto/ABROFlat2.xml
31 ms. Memory: 150528K Free: 75017K (50%)
----------------- Invoking toplevel() on ptolemy.moml.MoMLSimpleApplication@68522a31
----------------- Done invoking toplevel() on ptolemy.moml.MoMLSimpleApplication@68522a31
reloadAllAccessors: .ABROFlat2

===========================================================================================
----------------- testing Thu Oct 03 05:50:06 UTC 2019 /home/travis/build/icyphy/ptII/ptolemy/domains/modal/test/auto/ABRO_present_hmm.xml
----------------- Instantiating /home/travis/build/icyphy/ptII/ptolemy/domains/modal/test/auto/ABRO_present_hmm.xml
43 ms. Memory: 150528K Free: 130452K (87%)
----------------- Invoking toplevel() on ptolemy.moml.MoMLSimpleApplication@2f25eec7
----------------- Done invoking toplevel() on ptolemy.moml.MoMLSimpleApplication@2f25eec7
reloadAllAccessors: .ABRO_present_hmm

===========================================================================================
----------------- testing Thu Oct 03 05:50:06 UTC 2019 /home/travis/build/icyphy/ptII/ptolemy/domains/modal/test/auto/AMICoderExample.xml
----------------- Instantiating /home/travis/build/icyphy/ptII/ptolemy/domains/modal/test/auto/AMICoderExample.xml
23 ms. Memory: 150528K Free: 119771K (80%)
----------------- Invoking toplevel() on ptolemy.moml.MoMLSimpleApplication@166257ab
----------------- Done invoking toplevel() on ptolemy.moml.MoMLSimpleApplication@166257ab
reloadAllAccessors: .AMICoderExample

===========================================================================================
----------------- testing Thu Oct 03 05:50:06 UTC 2019 /home/travis/build/icyphy/ptII/ptolemy/domains/modal/test/auto/AbsentToPresent.xml
----------------- Instantiating /home/travis/build/icyphy/ptII/ptolemy/domains/modal/test/auto/AbsentToPresent.xml
4 ms. Memory: 150528K Free: 115218K (77%)
----------------- Invoking toplevel() on ptolemy.moml.MoMLSimpleApplication@7baa3aca
----------------- Done invoking toplevel() on ptolemy.moml.MoMLSimpleApplication@7baa3aca
reloadAllAccessors: .AbsentToPresent

===========================================================================================
----------------- testing Thu Oct 03 05:50:06 UTC 2019 /home/travis/build/icyphy/ptII/ptolemy/domains/modal/test/auto/Blending.xml
----------------- Instantiating /home/travis/build/icyphy/ptII/ptolemy/domains/modal/test/auto/Blending.xml
105 ms. Memory: 150528K Free: 70611K (47%)
----------------- Invoking toplevel() on ptolemy.moml.MoMLSimpleApplication@698b6d90
----------------- Done invoking toplevel() on ptolemy.moml.MoMLSimpleApplication@698b6d90
reloadAllAccessors: .Blending

===========================================================================================
----------------- testing Thu Oct 03 05:50:07 UTC 2019 /home/travis/build/icyphy/ptII/ptolemy/domains/modal/test/auto/Broadcast.xml
----------------- Instantiating /home/travis/build/icyphy/ptII/ptolemy/domains/modal/test/auto/Broadcast.xml
9 ms. Memory: 150528K Free: 61387K (41%)
----------------- Invoking toplevel() on ptolemy.moml.MoMLSimpleApplication@1aaf1838
----------------- Done invoking toplevel() on ptolemy.moml.MoMLSimpleApplication@1aaf1838
reloadAllAccessors: .Broadcast

===========================================================================================
----------------- testing Thu Oct 03 05:50:07 UTC 2019 /home/travis/build/icyphy/ptII/ptolemy/domains/modal/test/auto/BroadcastHierarchy.xml
----------------- Instantiating /home/travis/build/icyphy/ptII/ptolemy/domains/modal/test/auto/BroadcastHierarchy.xml
25 ms. Memory: 218112K Free: 199186K (91%)
----------------- Invoking toplevel() on ptolemy.moml.MoMLSimpleApplication@70da7953
----------------- Done invoking toplevel() on ptolemy.moml.MoMLSimpleApplication@70da7953
reloadAllAccessors: .BroadcastHierarchy

===========================================================================================
----------------- testing Thu Oct 03 05:50:07 UTC 2019 /home/travis/build/icyphy/ptII/ptolemy/domains/modal/test/auto/BroadcastHierarchy2.xml
----------------- Instantiating /home/travis/build/icyphy/ptII/ptolemy/domains/modal/test/auto/BroadcastHierarchy2.xml
35 ms. Memory: 218112K Free: 171908K (79%)
----------------- Invoking toplevel() on ptolemy.moml.MoMLSimpleApplication@4a1aebe3
----------------- Done invoking toplevel() on ptolemy.moml.MoMLSimpleApplication@4a1aebe3
reloadAllAccessors: .BroadcastHierarchy2

===========================================================================================
----------------- testing Thu Oct 03 05:50:07 UTC 2019 /home/travis/build/icyphy/ptII/ptolemy/domains/modal/test/auto/BroadcastHierarchy3.xml
----------------- Instantiating /home/travis/build/icyphy/ptII/ptolemy/domains/modal/test/auto/BroadcastHierarchy3.xml
28 ms. Memory: 218112K Free: 151442K (69%)
----------------- Invoking toplevel() on ptolemy.moml.MoMLSimpleApplication@5289a018
----------------- Done invoking toplevel() on ptolemy.moml.MoMLSimpleApplication@5289a018
reloadAllAccessors: .BroadcastHierarchy3

===========================================================================================
----------------- testing Thu Oct 03 05:50:07 UTC 2019 /home/travis/build/icyphy/ptII/ptolemy/domains/modal/test/auto/BroadcastHierarchy4.xml
----------------- Instantiating /home/travis/build/icyphy/ptII/ptolemy/domains/modal/test/auto/BroadcastHierarchy4.xml
20 ms. Memory: 218112K Free: 127380K (58%)
----------------- Invoking toplevel() on ptolemy.moml.MoMLSimpleApplication@552d775
----------------- Done invoking toplevel() on ptolemy.moml.MoMLSimpleApplication@552d775
reloadAllAccessors: .BroadcastHierarchy4

===========================================================================================
----------------- testing Thu Oct 03 05:50:07 UTC 2019 /home/travis/build/icyphy/ptII/ptolemy/domains/modal/test/auto/CannotAnalysisWithPreemption2.xml
----------------- Instantiating /home/travis/build/icyphy/ptII/ptolemy/domains/modal/test/auto/CannotAnalysisWithPreemption2.xml
4 ms. Memory: 218112K Free: 120212K (55%)
----------------- Invoking toplevel() on ptolemy.moml.MoMLSimpleApplication@5b3eb96b
----------------- Done invoking toplevel() on ptolemy.moml.MoMLSimpleApplication@5b3eb96b
reloadAllAccessors: .CannotAnalysisWithPreemption2

===========================================================================================
----------------- testing Thu Oct 03 05:50:07 UTC 2019 /home/travis/build/icyphy/ptII/ptolemy/domains/modal/test/auto/CannotAnalysisWithPreemption3.xml
----------------- Instantiating /home/travis/build/icyphy/ptII/ptolemy/domains/modal/test/auto/CannotAnalysisWithPreemption3.xml
6 ms. Memory: 218112K Free: 109972K (50%)
----------------- Invoking toplevel() on ptolemy.moml.MoMLSimpleApplication@2b75cb0f
----------------- Done invoking toplevel() on ptolemy.moml.MoMLSimpleApplication@2b75cb0f
reloadAllAccessors: .CannotAnalysisWithPreemption3

===========================================================================================
----------------- testing Thu Oct 03 05:50:07 UTC 2019 /home/travis/build/icyphy/ptII/ptolemy/domains/modal/test/auto/CannotProduce.xml
----------------- Instantiating /home/travis/build/icyphy/ptII/ptolemy/domains/modal/test/auto/CannotProduce.xml
10 ms. Memory: 218112K Free: 103828K (48%)
----------------- Invoking toplevel() on ptolemy.moml.MoMLSimpleApplication@2dc4b9c3
----------------- Done invoking toplevel() on ptolemy.moml.MoMLSimpleApplication@2dc4b9c3
reloadAllAccessors: .CannotProduce

===========================================================================================
----------------- testing Thu Oct 03 05:50:07 UTC 2019 /home/travis/build/icyphy/ptII/ptolemy/domains/modal/test/auto/CannotProduceModal.xml
----------------- Instantiating /home/travis/build/icyphy/ptII/ptolemy/domains/modal/test/auto/CannotProduceModal.xml
6 ms. Memory: 218112K Free: 96660K (44%)
----------------- Invoking toplevel() on ptolemy.moml.MoMLSimpleApplication@71be9a55
----------------- Done invoking toplevel() on ptolemy.moml.MoMLSimpleApplication@71be9a55
reloadAllAccessors: .CannotProduceModal

===========================================================================================
----------------- testing Thu Oct 03 05:50:07 UTC 2019 /home/travis/build/icyphy/ptII/ptolemy/domains/modal/test/auto/Case.xml
----------------- Instantiating /home/travis/build/icyphy/ptII/ptolemy/domains/modal/test/auto/Case.xml
39 ms. Memory: 218112K Free: 192973K (88%)
----------------- Invoking toplevel() on ptolemy.moml.MoMLSimpleApplication@390cf36d
----------------- Done invoking toplevel() on ptolemy.moml.MoMLSimpleApplication@390cf36d
reloadAllAccessors: .Case

===========================================================================================
----------------- testing Thu Oct 03 05:50:07 UTC 2019 /home/travis/build/icyphy/ptII/ptolemy/domains/modal/test/auto/Case1.xml
----------------- Instantiating /home/travis/build/icyphy/ptII/ptolemy/domains/modal/test/auto/Case1.xml
7 ms. Memory: 218112K Free: 185291K (85%)
----------------- Invoking toplevel() on ptolemy.moml.MoMLSimpleApplication@23f3a37e
----------------- Done invoking toplevel() on ptolemy.moml.MoMLSimpleApplication@23f3a37e
reloadAllAccessors: .Case1

===========================================================================================
----------------- testing Thu Oct 03 05:50:07 UTC 2019 /home/travis/build/icyphy/ptII/ptolemy/domains/modal/test/auto/Case2.xml
----------------- Instantiating /home/travis/build/icyphy/ptII/ptolemy/domains/modal/test/auto/Case2.xml
16 ms. Memory: 218112K Free: 174541K (80%)
----------------- Invoking toplevel() on ptolemy.moml.MoMLSimpleApplication@225fd099
----------------- Done invoking toplevel() on ptolemy.moml.MoMLSimpleApplication@225fd099
reloadAllAccessors: .Case2

===========================================================================================
----------------- testing Thu Oct 03 05:50:07 UTC 2019 /home/travis/build/icyphy/ptII/ptolemy/domains/modal/test/auto/CausalityInterface1.xml
----------------- Instantiating /home/travis/build/icyphy/ptII/ptolemy/domains/modal/test/auto/CausalityInterface1.xml
5 ms. Memory: 218112K Free: 169421K (78%)
----------------- Invoking toplevel() on ptolemy.moml.MoMLSimpleApplication@774b5195
----------------- Done invoking toplevel() on ptolemy.moml.MoMLSimpleApplication@774b5195
reloadAllAccessors: .CausalityInterface1

===========================================================================================
----------------- testing Thu Oct 03 05:50:07 UTC 2019 /home/travis/build/icyphy/ptII/ptolemy/domains/modal/test/auto/CausalityInterface10.xml
----------------- Instantiating /home/travis/build/icyphy/ptII/ptolemy/domains/modal/test/auto/CausalityInterface10.xml
6 ms. Memory: 218112K Free: 156109K (72%)
----------------- Invoking toplevel() on ptolemy.moml.MoMLSimpleApplication@5b52f8ac
----------------- Done invoking toplevel() on ptolemy.moml.MoMLSimpleApplication@5b52f8ac
reloadAllAccessors: .CausalityInterface10

===========================================================================================
----------------- testing Thu Oct 03 05:50:08 UTC 2019 /home/travis/build/icyphy/ptII/ptolemy/domains/modal/test/auto/CausalityInterface11.xml
----------------- Instantiating /home/travis/build/icyphy/ptII/ptolemy/domains/modal/test/auto/CausalityInterface11.xml
9 ms. Memory: 218112K Free: 142797K (65%)
----------------- Invoking toplevel() on ptolemy.moml.MoMLSimpleApplication@3447412d
----------------- Done invoking toplevel() on ptolemy.moml.MoMLSimpleApplication@3447412d
reloadAllAccessors: .CausalityInterface11

===========================================================================================
----------------- testing Thu Oct 03 05:50:08 UTC 2019 /home/travis/build/icyphy/ptII/ptolemy/domains/modal/test/auto/CausalityInterface12.xml
----------------- Instantiating /home/travis/build/icyphy/ptII/ptolemy/domains/modal/test/auto/CausalityInterface12.xml
7 ms. Memory: 218112K Free: 129485K (59%)
----------------- Invoking toplevel() on ptolemy.moml.MoMLSimpleApplication@1be1e38f
----------------- Done invoking toplevel() on ptolemy.moml.MoMLSimpleApplication@1be1e38f
reloadAllAccessors: .CausalityInterface12

===========================================================================================
----------------- testing Thu Oct 03 05:50:08 UTC 2019 /home/travis/build/icyphy/ptII/ptolemy/domains/modal/test/auto/CausalityInterface13.xml
----------------- Instantiating /home/travis/build/icyphy/ptII/ptolemy/domains/modal/test/auto/CausalityInterface13.xml
9 ms. Memory: 218112K Free: 115645K (53%)
----------------- Invoking toplevel() on ptolemy.moml.MoMLSimpleApplication@3804a4fe
----------------- Done invoking toplevel() on ptolemy.moml.MoMLSimpleApplication@3804a4fe
reloadAllAccessors: .CausalityInterface13

===========================================================================================
----------------- testing Thu Oct 03 05:50:08 UTC 2019 /home/travis/build/icyphy/ptII/ptolemy/domains/modal/test/auto/CausalityInterface14.xml
----------------- Instantiating /home/travis/build/icyphy/ptII/ptolemy/domains/modal/test/auto/CausalityInterface14.xml
6 ms. Memory: 218112K Free: 101837K (47%)
----------------- Invoking toplevel() on ptolemy.moml.MoMLSimpleApplication@121472d6
----------------- Done invoking toplevel() on ptolemy.moml.MoMLSimpleApplication@121472d6
reloadAllAccessors: .CausalityInterface14

===========================================================================================
----------------- testing Thu Oct 03 05:50:08 UTC 2019 /home/travis/build/icyphy/ptII/ptolemy/domains/modal/test/auto/CausalityInterface2.xml
----------------- Instantiating /home/travis/build/icyphy/ptII/ptolemy/domains/modal/test/auto/CausalityInterface2.xml
4 ms. Memory: 218112K Free: 95165K (44%)
----------------- Invoking toplevel() on ptolemy.moml.MoMLSimpleApplication@1214eb38
----------------- Done invoking toplevel() on ptolemy.moml.MoMLSimpleApplication@1214eb38
reloadAllAccessors: .CausalityInterface2

===========================================================================================
----------------- testing Thu Oct 03 05:50:08 UTC 2019 /home/travis/build/icyphy/ptII/ptolemy/domains/modal/test/auto/CausalityInterface3.xml
----------------- Instantiating /home/travis/build/icyphy/ptII/ptolemy/domains/modal/test/auto/CausalityInterface3.xml
6 ms. Memory: 218112K Free: 88525K (41%)
----------------- Invoking toplevel() on ptolemy.moml.MoMLSimpleApplication@7da9ef1a
----------------- Done invoking toplevel() on ptolemy.moml.MoMLSimpleApplication@7da9ef1a
reloadAllAccessors: .CausalityInterface3

===========================================================================================
----------------- testing Thu Oct 03 05:50:08 UTC 2019 /home/travis/build/icyphy/ptII/ptolemy/domains/modal/test/auto/CausalityInterface4.xml
----------------- Instantiating /home/travis/build/icyphy/ptII/ptolemy/domains/modal/test/auto/CausalityInterface4.xml
4 ms. Memory: 218112K Free: 82381K (38%)
----------------- Invoking toplevel() on ptolemy.moml.MoMLSimpleApplication@4df3702d
----------------- Done invoking toplevel() on ptolemy.moml.MoMLSimpleApplication@4df3702d
reloadAllAccessors: .CausalityInterface4

===========================================================================================
----------------- testing Thu Oct 03 05:50:08 UTC 2019 /home/travis/build/icyphy/ptII/ptolemy/domains/modal/test/auto/CausalityInterface5.xml
----------------- Instantiating /home/travis/build/icyphy/ptII/ptolemy/domains/modal/test/auto/CausalityInterface5.xml
9 ms. Memory: 218112K Free: 197072K (90%)
----------------- Invoking toplevel() on ptolemy.moml.MoMLSimpleApplication@8fe509b
----------------- Done invoking toplevel() on ptolemy.moml.MoMLSimpleApplication@8fe509b
reloadAllAccessors: .CausalityInterface5

===========================================================================================
----------------- testing Thu Oct 03 05:50:08 UTC 2019 /home/travis/build/icyphy/ptII/ptolemy/domains/modal/test/auto/CausalityInterface6.xml
----------------- Instantiating /home/travis/build/icyphy/ptII/ptolemy/domains/modal/test/auto/CausalityInterface6.xml
3 ms. Memory: 218112K Free: 188352K (86%)
----------------- Invoking toplevel() on ptolemy.moml.MoMLSimpleApplication@7178c553
----------------- Done invoking toplevel() on ptolemy.moml.MoMLSimpleApplication@7178c553
reloadAllAccessors: .CausalityInterface6

===========================================================================================
----------------- testing Thu Oct 03 05:50:08 UTC 2019 /home/travis/build/icyphy/ptII/ptolemy/domains/modal/test/auto/CausalityInterface7.xml
----------------- Instantiating /home/travis/build/icyphy/ptII/ptolemy/domains/modal/test/auto/CausalityInterface7.xml
7 ms. Memory: 218112K Free: 180144K (83%)
----------------- Invoking toplevel() on ptolemy.moml.MoMLSimpleApplication@33a23ce4
----------------- Done invoking toplevel() on ptolemy.moml.MoMLSimpleApplication@33a23ce4
reloadAllAccessors: .CausalityInterface7

===========================================================================================
----------------- testing Thu Oct 03 05:50:08 UTC 2019 /home/travis/build/icyphy/ptII/ptolemy/domains/modal/test/auto/CausalityInterface8.xml
----------------- Instantiating /home/travis/build/icyphy/ptII/ptolemy/domains/modal/test/auto/CausalityInterface8.xml
5 ms. Memory: 218112K Free: 171472K (79%)
----------------- Invoking toplevel() on ptolemy.moml.MoMLSimpleApplication@39672f9
----------------- Done invoking toplevel() on ptolemy.moml.MoMLSimpleApplication@39672f9
reloadAllAccessors: .CausalityInterface8

===========================================================================================
----------------- testing Thu Oct 03 05:50:08 UTC 2019 /home/travis/build/icyphy/ptII/ptolemy/domains/modal/test/auto/CausalityInterface9.xml
----------------- Instantiating /home/travis/build/icyphy/ptII/ptolemy/domains/modal/test/auto/CausalityInterface9.xml
7 ms. Memory: 218112K Free: 161736K (74%)
----------------- Invoking toplevel() on ptolemy.moml.MoMLSimpleApplication@2c1aa92d
----------------- Done invoking toplevel() on ptolemy.moml.MoMLSimpleApplication@2c1aa92d
reloadAllAccessors: .CausalityInterface9

===========================================================================================
----------------- testing Thu Oct 03 05:50:08 UTC 2019 /home/travis/build/icyphy/ptII/ptolemy/domains/modal/test/auto/ChainedTransitions.xml
----------------- Instantiating /home/travis/build/icyphy/ptII/ptolemy/domains/modal/test/auto/ChainedTransitions.xml
90 ms. Memory: 218112K Free: 137152K (63%)
----------------- Invoking toplevel() on ptolemy.moml.MoMLSimpleApplication@316b5044
----------------- Done invoking toplevel() on ptolemy.moml.MoMLSimpleApplication@316b5044
reloadAllAccessors: .ChainedTransitions

===========================================================================================
----------------- testing Thu Oct 03 05:50:08 UTC 2019 /home/travis/build/icyphy/ptII/ptolemy/domains/modal/test/auto/CycleOfImmediateTransitionsFSM.xml
----------------- Instantiating /home/travis/build/icyphy/ptII/ptolemy/domains/modal/test/auto/CycleOfImmediateTransitionsFSM.xml
2 ms. Memory: 218112K Free: 131536K (60%)
----------------- Invoking toplevel() on ptolemy.moml.MoMLSimpleApplication@6562e31b
----------------- Done invoking toplevel() on ptolemy.moml.MoMLSimpleApplication@6562e31b
reloadAllAccessors: .CycleOfImmediateTransitionsFSM

===========================================================================================
----------------- testing Thu Oct 03 05:50:08 UTC 2019 /home/travis/build/icyphy/ptII/ptolemy/domains/modal/test/auto/CycleOfImmediateTransitionsModal.xml
----------------- Instantiating /home/travis/build/icyphy/ptII/ptolemy/domains/modal/test/auto/CycleOfImmediateTransitionsModal.xml
5 ms. Memory: 218112K Free: 125392K (57%)
----------------- Invoking toplevel() on ptolemy.moml.MoMLSimpleApplication@179792c7
----------------- Done invoking toplevel() on ptolemy.moml.MoMLSimpleApplication@179792c7
reloadAllAccessors: .CycleOfImmediateTransitionsModal

===========================================================================================
----------------- testing Thu Oct 03 05:50:08 UTC 2019 /home/travis/build/icyphy/ptII/ptolemy/domains/modal/test/auto/CycleOfImmediateTransitionsModal2.xml
----------------- Instantiating /home/travis/build/icyphy/ptII/ptolemy/domains/modal/test/auto/CycleOfImmediateTransitionsModal2.xml
6 ms. Memory: 218112K Free: 118734K (54%)
----------------- Invoking toplevel() on ptolemy.moml.MoMLSimpleApplication@dfb4b31
----------------- Done invoking toplevel() on ptolemy.moml.MoMLSimpleApplication@dfb4b31
reloadAllAccessors: .CycleOfImmediateTransitionsModal2

===========================================================================================
----------------- testing Thu Oct 03 05:50:08 UTC 2019 /home/travis/build/icyphy/ptII/ptolemy/domains/modal/test/auto/CycleOfImmediateTransitionsModal3.xml
----------------- Instantiating /home/travis/build/icyphy/ptII/ptolemy/domains/modal/test/auto/CycleOfImmediateTransitionsModal3.xml
8 ms. Memory: 218112K Free: 96192K (44%)
----------------- Invoking toplevel() on ptolemy.moml.MoMLSimpleApplication@73a5244f
----------------- Done invoking toplevel() on ptolemy.moml.MoMLSimpleApplication@73a5244f
reloadAllAccessors: .CycleOfImmediateTransitionsModal3

===========================================================================================
----------------- testing Thu Oct 03 05:50:08 UTC 2019 /home/travis/build/icyphy/ptII/ptolemy/domains/modal/test/auto/DeepModal1.xml
----------------- Instantiating /home/travis/build/icyphy/ptII/ptolemy/domains/modal/test/auto/DeepModal1.xml
26 ms. Memory: 218112K Free: 82384K (38%)
----------------- Invoking toplevel() on ptolemy.moml.MoMLSimpleApplication@48ee64e0
----------------- Done invoking toplevel() on ptolemy.moml.MoMLSimpleApplication@48ee64e0
reloadAllAccessors: .DeepModal1

===========================================================================================
----------------- testing Thu Oct 03 05:50:08 UTC 2019 /home/travis/build/icyphy/ptII/ptolemy/domains/modal/test/auto/DeepModal2.xml
----------------- Instantiating /home/travis/build/icyphy/ptII/ptolemy/domains/modal/test/auto/DeepModal2.xml
25 ms. Memory: 218112K Free: 187820K (86%)
----------------- Invoking toplevel() on ptolemy.moml.MoMLSimpleApplication@785cee2c
----------------- Done invoking toplevel() on ptolemy.moml.MoMLSimpleApplication@785cee2c
reloadAllAccessors: .DeepModal2

===========================================================================================
----------------- testing Thu Oct 03 05:50:08 UTC 2019 /home/travis/build/icyphy/ptII/ptolemy/domains/modal/test/auto/DeepModal3.xml
----------------- Instantiating /home/travis/build/icyphy/ptII/ptolemy/domains/modal/test/auto/DeepModal3.xml
34 ms. Memory: 218112K Free: 168878K (77%)
----------------- Invoking toplevel() on ptolemy.moml.MoMLSimpleApplication@134e4e7f
----------------- Done invoking toplevel() on ptolemy.moml.MoMLSimpleApplication@134e4e7f
reloadAllAccessors: .DeepModal3

===========================================================================================
----------------- testing Thu Oct 03 05:50:09 UTC 2019 /home/travis/build/icyphy/ptII/ptolemy/domains/modal/test/auto/DeepModal4.xml
----------------- Instantiating /home/travis/build/icyphy/ptII/ptolemy/domains/modal/test/auto/DeepModal4.xml
28 ms. Memory: 218112K Free: 149422K (69%)
----------------- Invoking toplevel() on ptolemy.moml.MoMLSimpleApplication@3f86a473
----------------- Done invoking toplevel() on ptolemy.moml.MoMLSimpleApplication@3f86a473
reloadAllAccessors: .DeepModal4

===========================================================================================
----------------- testing Thu Oct 03 05:50:09 UTC 2019 /home/travis/build/icyphy/ptII/ptolemy/domains/modal/test/auto/Default1.xml
----------------- Instantiating /home/travis/build/icyphy/ptII/ptolemy/domains/modal/test/auto/Default1.xml
4 ms. Memory: 218112K Free: 143278K (66%)
----------------- Invoking toplevel() on ptolemy.moml.MoMLSimpleApplication@194d0274
----------------- Done invoking toplevel() on ptolemy.moml.MoMLSimpleApplication@194d0274
reloadAllAccessors: .Default1

===========================================================================================
----------------- testing Thu Oct 03 05:50:09 UTC 2019 /home/travis/build/icyphy/ptII/ptolemy/domains/modal/test/auto/Default2.xml
----------------- Instantiating /home/travis/build/icyphy/ptII/ptolemy/domains/modal/test/auto/Default2.xml
8 ms. Memory: 218112K Free: 137644K (63%)
----------------- Invoking toplevel() on ptolemy.moml.MoMLSimpleApplication@1b6dd7da
----------------- Done invoking toplevel() on ptolemy.moml.MoMLSimpleApplication@1b6dd7da
reloadAllAccessors: .Default2

===========================================================================================
----------------- testing Thu Oct 03 05:50:09 UTC 2019 /home/travis/build/icyphy/ptII/ptolemy/domains/modal/test/auto/Default3.xml
----------------- Instantiating /home/travis/build/icyphy/ptII/ptolemy/domains/modal/test/auto/Default3.xml
6 ms. Memory: 218112K Free: 132014K (61%)
----------------- Invoking toplevel() on ptolemy.moml.MoMLSimpleApplication@34c609a0
----------------- Done invoking toplevel() on ptolemy.moml.MoMLSimpleApplication@34c609a0
reloadAllAccessors: .Default3

===========================================================================================
----------------- testing Thu Oct 03 05:50:09 UTC 2019 /home/travis/build/icyphy/ptII/ptolemy/domains/modal/test/auto/Default4.xml
----------------- Instantiating /home/travis/build/icyphy/ptII/ptolemy/domains/modal/test/auto/Default4.xml
2 ms. Memory: 218112K Free: 125870K (58%)
----------------- Invoking toplevel() on ptolemy.moml.MoMLSimpleApplication@3de7fe3d
----------------- Done invoking toplevel() on ptolemy.moml.MoMLSimpleApplication@3de7fe3d
reloadAllAccessors: .Default4

===========================================================================================
----------------- testing Thu Oct 03 05:50:09 UTC 2019 /home/travis/build/icyphy/ptII/ptolemy/domains/modal/test/auto/Default5.xml
----------------- Instantiating /home/travis/build/icyphy/ptII/ptolemy/domains/modal/test/auto/Default5.xml
6 ms. Memory: 218112K Free: 117678K (54%)
----------------- Invoking toplevel() on ptolemy.moml.MoMLSimpleApplication@5075129b
----------------- Done invoking toplevel() on ptolemy.moml.MoMLSimpleApplication@5075129b
reloadAllAccessors: .Default5

===========================================================================================
----------------- testing Thu Oct 03 05:50:09 UTC 2019 /home/travis/build/icyphy/ptII/ptolemy/domains/modal/test/auto/EmptyGuard.xml
----------------- Instantiating /home/travis/build/icyphy/ptII/ptolemy/domains/modal/test/auto/EmptyGuard.xml
13 ms. Memory: 218112K Free: 109990K (50%)
----------------- Invoking toplevel() on ptolemy.moml.MoMLSimpleApplication@30a2e163
----------------- Done invoking toplevel() on ptolemy.moml.MoMLSimpleApplication@30a2e163
reloadAllAccessors: .EmptyGuard

===========================================================================================
----------------- testing Thu Oct 03 05:50:09 UTC 2019 /home/travis/build/icyphy/ptII/ptolemy/domains/modal/test/auto/ErrorTransition1.xml
----------------- Instantiating /home/travis/build/icyphy/ptII/ptolemy/domains/modal/test/auto/ErrorTransition1.xml
9 ms. Memory: 218112K Free: 101294K (46%)
----------------- Invoking toplevel() on ptolemy.moml.MoMLSimpleApplication@3b704b81
----------------- Done invoking toplevel() on ptolemy.moml.MoMLSimpleApplication@3b704b81
reloadAllAccessors: .ErrorTransition1

===========================================================================================
----------------- testing Thu Oct 03 05:50:09 UTC 2019 /home/travis/build/icyphy/ptII/ptolemy/domains/modal/test/auto/ErrorTransition10.xml
----------------- Instantiating /home/travis/build/icyphy/ptII/ptolemy/domains/modal/test/auto/ErrorTransition10.xml
15 ms. Memory: 218112K Free: 87462K (40%)
----------------- Invoking toplevel() on ptolemy.moml.MoMLSimpleApplication@52c9fcbc
----------------- Done invoking toplevel() on ptolemy.moml.MoMLSimpleApplication@52c9fcbc
reloadAllAccessors: .ErrorTransition10

===========================================================================================
----------------- testing Thu Oct 03 05:50:09 UTC 2019 /home/travis/build/icyphy/ptII/ptolemy/domains/modal/test/auto/ErrorTransition11.xml
----------------- Instantiating /home/travis/build/icyphy/ptII/ptolemy/domains/modal/test/auto/ErrorTransition11.xml
4 ms. Memory: 218112K Free: 76204K (35%)
----------------- Invoking toplevel() on ptolemy.moml.MoMLSimpleApplication@f1b5ae8
----------------- Done invoking toplevel() on ptolemy.moml.MoMLSimpleApplication@f1b5ae8
reloadAllAccessors: .ErrorTransition11

===========================================================================================
----------------- testing Thu Oct 03 05:50:09 UTC 2019 /home/travis/build/icyphy/ptII/ptolemy/domains/modal/test/auto/ErrorTransition2.xml
----------------- Instantiating /home/travis/build/icyphy/ptII/ptolemy/domains/modal/test/auto/ErrorTransition2.xml
8 ms. Memory: 274432K Free: 247721K (90%)
----------------- Invoking toplevel() on ptolemy.moml.MoMLSimpleApplication@6e53929c
----------------- Done invoking toplevel() on ptolemy.moml.MoMLSimpleApplication@6e53929c
reloadAllAccessors: .ErrorTransition2

===========================================================================================
----------------- testing Thu Oct 03 05:50:09 UTC 2019 /home/travis/build/icyphy/ptII/ptolemy/domains/modal/test/auto/ErrorTransition3.xml
----------------- Instantiating /home/travis/build/icyphy/ptII/ptolemy/domains/modal/test/auto/ErrorTransition3.xml
26 ms. Memory: 274432K Free: 237995K (87%)
----------------- Invoking toplevel() on ptolemy.moml.MoMLSimpleApplication@72a08e97
----------------- Done invoking toplevel() on ptolemy.moml.MoMLSimpleApplication@72a08e97
reloadAllAccessors: .ErrorTransition3

===========================================================================================
----------------- testing Thu Oct 03 05:50:09 UTC 2019 /home/travis/build/icyphy/ptII/ptolemy/domains/modal/test/auto/ErrorTransition4.xml
----------------- Instantiating /home/travis/build/icyphy/ptII/ptolemy/domains/modal/test/auto/ErrorTransition4.xml
7 ms. Memory: 274432K Free: 226731K (83%)
----------------- Invoking toplevel() on ptolemy.moml.MoMLSimpleApplication@40385efd
----------------- Done invoking toplevel() on ptolemy.moml.MoMLSimpleApplication@40385efd
reloadAllAccessors: .ErrorTransition4

===========================================================================================
----------------- testing Thu Oct 03 05:50:09 UTC 2019 /home/travis/build/icyphy/ptII/ptolemy/domains/modal/test/auto/ErrorTransition5.xml
----------------- Instantiating /home/travis/build/icyphy/ptII/ptolemy/domains/modal/test/auto/ErrorTransition5.xml
8 ms. Memory: 274432K Free: 216491K (79%)
----------------- Invoking toplevel() on ptolemy.moml.MoMLSimpleApplication@137893c2
----------------- Done invoking toplevel() on ptolemy.moml.MoMLSimpleApplication@137893c2
reloadAllAccessors: .ErrorTransition5

===========================================================================================
----------------- testing Thu Oct 03 05:50:09 UTC 2019 /home/travis/build/icyphy/ptII/ptolemy/domains/modal/test/auto/ErrorTransition6.xml
----------------- Instantiating /home/travis/build/icyphy/ptII/ptolemy/domains/modal/test/auto/ErrorTransition6.xml
9 ms. Memory: 274432K Free: 205737K (75%)
----------------- Invoking toplevel() on ptolemy.moml.MoMLSimpleApplication@525f759c
----------------- Done invoking toplevel() on ptolemy.moml.MoMLSimpleApplication@525f759c
reloadAllAccessors: .ErrorTransition6

===========================================================================================
----------------- testing Thu Oct 03 05:50:09 UTC 2019 /home/travis/build/icyphy/ptII/ptolemy/domains/modal/test/auto/ErrorTransition7.xml
----------------- Instantiating /home/travis/build/icyphy/ptII/ptolemy/domains/modal/test/auto/ErrorTransition7.xml
23 ms. Memory: 274432K Free: 192939K (70%)
----------------- Invoking toplevel() on ptolemy.moml.MoMLSimpleApplication@5193c390
----------------- Done invoking toplevel() on ptolemy.moml.MoMLSimpleApplication@5193c390
reloadAllAccessors: .ErrorTransition7

===========================================================================================
----------------- testing Thu Oct 03 05:50:09 UTC 2019 /home/travis/build/icyphy/ptII/ptolemy/domains/modal/test/auto/ErrorTransition8.xml
----------------- Instantiating /home/travis/build/icyphy/ptII/ptolemy/domains/modal/test/auto/ErrorTransition8.xml
31 ms. Memory: 274432K Free: 179627K (65%)
----------------- Invoking toplevel() on ptolemy.moml.MoMLSimpleApplication@7326e22
----------------- Done invoking toplevel() on ptolemy.moml.MoMLSimpleApplication@7326e22
reloadAllAccessors: .ErrorTransition8

===========================================================================================
----------------- testing Thu Oct 03 05:50:09 UTC 2019 /home/travis/build/icyphy/ptII/ptolemy/domains/modal/test/auto/ErrorTransition9.xml
----------------- Instantiating /home/travis/build/icyphy/ptII/ptolemy/domains/modal/test/auto/ErrorTransition9.xml
18 ms. Memory: 274432K Free: 166315K (61%)
----------------- Invoking toplevel() on ptolemy.moml.MoMLSimpleApplication@3ff63d7f
----------------- Done invoking toplevel() on ptolemy.moml.MoMLSimpleApplication@3ff63d7f
reloadAllAccessors: .ErrorTransition9

===========================================================================================
----------------- testing Thu Oct 03 05:50:09 UTC 2019 /home/travis/build/icyphy/ptII/ptolemy/domains/modal/test/auto/ExtendedFSM.xml
----------------- Instantiating /home/travis/build/icyphy/ptII/ptolemy/domains/modal/test/auto/ExtendedFSM.xml
8 ms. Memory: 274432K Free: 157595K (57%)
----------------- Invoking toplevel() on ptolemy.moml.MoMLSimpleApplication@5359c3a3
----------------- Done invoking toplevel() on ptolemy.moml.MoMLSimpleApplication@5359c3a3
reloadAllAccessors: .ExtendedFSM

===========================================================================================
----------------- testing Thu Oct 03 05:50:09 UTC 2019 /home/travis/build/icyphy/ptII/ptolemy/domains/modal/test/auto/FinalStates.xml
----------------- Instantiating /home/travis/build/icyphy/ptII/ptolemy/domains/modal/test/auto/FinalStates.xml
5 ms. Memory: 274432K Free: 149403K (54%)
----------------- Invoking toplevel() on ptolemy.moml.MoMLSimpleApplication@4d8728d
----------------- Done invoking toplevel() on ptolemy.moml.MoMLSimpleApplication@4d8728d
reloadAllAccessors: .FinalStates

===========================================================================================
----------------- testing Thu Oct 03 05:50:09 UTC 2019 /home/travis/build/icyphy/ptII/ptolemy/domains/modal/test/auto/FixedPointFSM.xml
----------------- Instantiating /home/travis/build/icyphy/ptII/ptolemy/domains/modal/test/auto/FixedPointFSM.xml
20 ms. Memory: 274432K Free: 134571K (49%)
----------------- Invoking toplevel() on ptolemy.moml.MoMLSimpleApplication@1d8a55ae
----------------- Done invoking toplevel() on ptolemy.moml.MoMLSimpleApplication@1d8a55ae
reloadAllAccessors: .FixedPointFSM

===========================================================================================
----------------- testing Thu Oct 03 05:50:09 UTC 2019 /home/travis/build/icyphy/ptII/ptolemy/domains/modal/test/auto/FixedPointIterationFSMActor.xml
----------------- Instantiating /home/travis/build/icyphy/ptII/ptolemy/domains/modal/test/auto/FixedPointIterationFSMActor.xml
7 ms. Memory: 274432K Free: 124331K (45%)
----------------- Invoking toplevel() on ptolemy.moml.MoMLSimpleApplication@16a17c1e
----------------- Done invoking toplevel() on ptolemy.moml.MoMLSimpleApplication@16a17c1e
reloadAllAccessors: .FixedPointIterationFSMActor

===========================================================================================
----------------- testing Thu Oct 03 05:50:09 UTC 2019 /home/travis/build/icyphy/ptII/ptolemy/domains/modal/test/auto/FixedPointIterationFSMActor2.xml
----------------- Instantiating /home/travis/build/icyphy/ptII/ptolemy/domains/modal/test/auto/FixedPointIterationFSMActor2.xml
14 ms. Memory: 274432K Free: 112043K (41%)
----------------- Invoking toplevel() on ptolemy.moml.MoMLSimpleApplication@2c98e029
----------------- Done invoking toplevel() on ptolemy.moml.MoMLSimpleApplication@2c98e029
reloadAllAccessors: .FixedPointIterationFSMActor2

===========================================================================================
----------------- testing Thu Oct 03 05:50:09 UTC 2019 /home/travis/build/icyphy/ptII/ptolemy/domains/modal/test/auto/ForbiddenInstantanousLoop.xml
----------------- Instantiating /home/travis/build/icyphy/ptII/ptolemy/domains/modal/test/auto/ForbiddenInstantanousLoop.xml
5 ms. Memory: 274432K Free: 252374K (92%)
----------------- Invoking toplevel() on ptolemy.moml.MoMLSimpleApplication@365d6dc0
----------------- Done invoking toplevel() on ptolemy.moml.MoMLSimpleApplication@365d6dc0
reloadAllAccessors: .ForbiddenInstantanousLoop

===========================================================================================
----------------- testing Thu Oct 03 05:50:09 UTC 2019 /home/travis/build/icyphy/ptII/ptolemy/domains/modal/test/auto/FunctionDependencyOfFSMActorTest.xml
----------------- Instantiating /home/travis/build/icyphy/ptII/ptolemy/domains/modal/test/auto/FunctionDependencyOfFSMActorTest.xml
13 ms. Memory: 274432K Free: 245206K (89%)
----------------- Invoking toplevel() on ptolemy.moml.MoMLSimpleApplication@19f4dd93
----------------- Done invoking toplevel() on ptolemy.moml.MoMLSimpleApplication@19f4dd93
reloadAllAccessors: .FunctionDependencyOfFSMActorTest

===========================================================================================
----------------- testing Thu Oct 03 05:50:09 UTC 2019 /home/travis/build/icyphy/ptII/ptolemy/domains/modal/test/auto/GuardExpression.xml
----------------- Instantiating /home/travis/build/icyphy/ptII/ptolemy/domains/modal/test/auto/GuardExpression.xml
2 ms. Memory: 274432K Free: 240086K (87%)
----------------- Invoking toplevel() on ptolemy.moml.MoMLSimpleApplication@69515088
----------------- Done invoking toplevel() on ptolemy.moml.MoMLSimpleApplication@69515088
reloadAllAccessors: .GuardExpression

===========================================================================================
----------------- testing Thu Oct 03 05:50:10 UTC 2019 /home/travis/build/icyphy/ptII/ptolemy/domains/modal/test/auto/GuardNotEvaluated.xml
----------------- Instantiating /home/travis/build/icyphy/ptII/ptolemy/domains/modal/test/auto/GuardNotEvaluated.xml
8 ms. Memory: 274432K Free: 231366K (84%)
----------------- Invoking toplevel() on ptolemy.moml.MoMLSimpleApplication@59768191
----------------- Done invoking toplevel() on ptolemy.moml.MoMLSimpleApplication@59768191
reloadAllAccessors: .GuardNotEvaluated

===========================================================================================
----------------- testing Thu Oct 03 05:50:10 UTC 2019 /home/travis/build/icyphy/ptII/ptolemy/domains/modal/test/auto/GuardNotEvaluated2.xml
----------------- Instantiating /home/travis/build/icyphy/ptII/ptolemy/domains/modal/test/auto/GuardNotEvaluated2.xml
9 ms. Memory: 274432K Free: 221654K (81%)
----------------- Invoking toplevel() on ptolemy.moml.MoMLSimpleApplication@7c6bb223
----------------- Done invoking toplevel() on ptolemy.moml.MoMLSimpleApplication@7c6bb223
reloadAllAccessors: .GuardNotEvaluated2

===========================================================================================
----------------- testing Thu Oct 03 05:50:10 UTC 2019 /home/travis/build/icyphy/ptII/ptolemy/domains/modal/test/auto/GuardOnAbsent.xml
----------------- Instantiating /home/travis/build/icyphy/ptII/ptolemy/domains/modal/test/auto/GuardOnAbsent.xml
11 ms. Memory: 274432K Free: 213936K (78%)
----------------- Invoking toplevel() on ptolemy.moml.MoMLSimpleApplication@4b91978e
----------------- Done invoking toplevel() on ptolemy.moml.MoMLSimpleApplication@4b91978e
reloadAllAccessors: .GuardOnAbsent

===========================================================================================
----------------- testing Thu Oct 03 05:50:10 UTC 2019 /home/travis/build/icyphy/ptII/ptolemy/domains/modal/test/auto/HierarchicalFSMTypeInference.xml
----------------- Instantiating /home/travis/build/icyphy/ptII/ptolemy/domains/modal/test/auto/HierarchicalFSMTypeInference.xml
5 ms. Memory: 274432K Free: 203732K (74%)
----------------- Invoking toplevel() on ptolemy.moml.MoMLSimpleApplication@3817f775
----------------- Done invoking toplevel() on ptolemy.moml.MoMLSimpleApplication@3817f775
reloadAllAccessors: .HierarchicalFSMTypeInference

===========================================================================================
----------------- testing Thu Oct 03 05:50:10 UTC 2019 /home/travis/build/icyphy/ptII/ptolemy/domains/modal/test/auto/Hysteresis.xml
----------------- Instantiating /home/travis/build/icyphy/ptII/ptolemy/domains/modal/test/auto/Hysteresis.xml
16 ms. Memory: 274432K Free: 190406K (69%)
----------------- Invoking toplevel() on ptolemy.moml.MoMLSimpleApplication@4d027ab2
----------------- Done invoking toplevel() on ptolemy.moml.MoMLSimpleApplication@4d027ab2
reloadAllAccessors: .Hysteresis

===========================================================================================
----------------- testing Thu Oct 03 05:50:10 UTC 2019 /home/travis/build/icyphy/ptII/ptolemy/domains/modal/test/auto/HysteresisWithDefault.xml
----------------- Instantiating /home/travis/build/icyphy/ptII/ptolemy/domains/modal/test/auto/HysteresisWithDefault.xml
38 ms. Memory: 274432K Free: 167382K (61%)
----------------- Invoking toplevel() on ptolemy.moml.MoMLSimpleApplication@4388ecfb
----------------- Done invoking toplevel() on ptolemy.moml.MoMLSimpleApplication@4388ecfb
reloadAllAccessors: .HysteresisWithDefault

===========================================================================================
----------------- testing Thu Oct 03 05:50:10 UTC 2019 /home/travis/build/icyphy/ptII/ptolemy/domains/modal/test/auto/HysteresisWithDefault2.xml
----------------- Instantiating /home/travis/build/icyphy/ptII/ptolemy/domains/modal/test/auto/HysteresisWithDefault2.xml
38 ms. Memory: 274432K Free: 137686K (50%)
----------------- Invoking toplevel() on ptolemy.moml.MoMLSimpleApplication@7feb7394
----------------- Done invoking toplevel() on ptolemy.moml.MoMLSimpleApplication@7feb7394
reloadAllAccessors: .HysteresisWithDefault2

===========================================================================================
----------------- testing Thu Oct 03 05:50:10 UTC 2019 /home/travis/build/icyphy/ptII/ptolemy/domains/modal/test/auto/ImmediateNonConstructiveness.xml
----------------- Instantiating /home/travis/build/icyphy/ptII/ptolemy/domains/modal/test/auto/ImmediateNonConstructiveness.xml
3 ms. Memory: 274432K Free: 130518K (48%)
----------------- Invoking toplevel() on ptolemy.moml.MoMLSimpleApplication@3bd5fc6
----------------- Done invoking toplevel() on ptolemy.moml.MoMLSimpleApplication@3bd5fc6
reloadAllAccessors: .ImmediateNonConstructiveness

===========================================================================================
----------------- testing Thu Oct 03 05:50:10 UTC 2019 /home/travis/build/icyphy/ptII/ptolemy/domains/modal/test/auto/ImmediateNonConstructiveness2.xml
----------------- Instantiating /home/travis/build/icyphy/ptII/ptolemy/domains/modal/test/auto/ImmediateNonConstructiveness2.xml
2 ms. Memory: 274432K Free: 123860K (45%)
----------------- Invoking toplevel() on ptolemy.moml.MoMLSimpleApplication@6edc3f00
----------------- Done invoking toplevel() on ptolemy.moml.MoMLSimpleApplication@6edc3f00
reloadAllAccessors: .ImmediateNonConstructiveness2

===========================================================================================
----------------- testing Thu Oct 03 05:50:10 UTC 2019 /home/travis/build/icyphy/ptII/ptolemy/domains/modal/test/auto/ImmediateTransitionReset.xml
----------------- Instantiating /home/travis/build/icyphy/ptII/ptolemy/domains/modal/test/auto/ImmediateTransitionReset.xml
5 ms. Memory: 274432K Free: 112086K (41%)
----------------- Invoking toplevel() on ptolemy.moml.MoMLSimpleApplication@72f30648
----------------- Done invoking toplevel() on ptolemy.moml.MoMLSimpleApplication@72f30648
reloadAllAccessors: .ImmediateTransitionReset

===========================================================================================
----------------- testing Thu Oct 03 05:50:10 UTC 2019 /home/travis/build/icyphy/ptII/ptolemy/domains/modal/test/auto/ImmediateTransitions1.xml
----------------- Instantiating /home/travis/build/icyphy/ptII/ptolemy/domains/modal/test/auto/ImmediateTransitions1.xml
2 ms. Memory: 274432K Free: 106966K (39%)
----------------- Invoking toplevel() on ptolemy.moml.MoMLSimpleApplication@1c51813b
----------------- Done invoking toplevel() on ptolemy.moml.MoMLSimpleApplication@1c51813b
reloadAllAccessors: .ImmediateTransitions1

===========================================================================================
----------------- testing Thu Oct 03 05:50:10 UTC 2019 /home/travis/build/icyphy/ptII/ptolemy/domains/modal/test/auto/ImmediateTransitionsInstantaneousCommunication.xml
----------------- Instantiating /home/travis/build/icyphy/ptII/ptolemy/domains/modal/test/auto/ImmediateTransitionsInstantaneousCommunication.xml
4 ms. Memory: 274432K Free: 252820K (92%)
----------------- Invoking toplevel() on ptolemy.moml.MoMLSimpleApplication@41c09c49
----------------- Done invoking toplevel() on ptolemy.moml.MoMLSimpleApplication@41c09c49
reloadAllAccessors: .ImmediateTransitionsInstantaneousCommunication

===========================================================================================
----------------- testing Thu Oct 03 05:50:10 UTC 2019 /home/travis/build/icyphy/ptII/ptolemy/domains/modal/test/auto/InitialImmediateTransition.xml
----------------- Instantiating /home/travis/build/icyphy/ptII/ptolemy/domains/modal/test/auto/InitialImmediateTransition.xml
5 ms. Memory: 274432K Free: 245652K (90%)
----------------- Invoking toplevel() on ptolemy.moml.MoMLSimpleApplication@23f39de9
----------------- Done invoking toplevel() on ptolemy.moml.MoMLSimpleApplication@23f39de9
reloadAllAccessors: .InitialImmediateTransition

===========================================================================================
----------------- testing Thu Oct 03 05:50:10 UTC 2019 /home/travis/build/icyphy/ptII/ptolemy/domains/modal/test/auto/InitialOutputs.xml
----------------- Instantiating /home/travis/build/icyphy/ptII/ptolemy/domains/modal/test/auto/InitialOutputs.xml
3 ms. Memory: 274432K Free: 238988K (87%)
----------------- Invoking toplevel() on ptolemy.moml.MoMLSimpleApplication@41263ae5
----------------- Done invoking toplevel() on ptolemy.moml.MoMLSimpleApplication@41263ae5
reloadAllAccessors: .InitialOutputs

===========================================================================================
----------------- testing Thu Oct 03 05:50:10 UTC 2019 /home/travis/build/icyphy/ptII/ptolemy/domains/modal/test/auto/InitialStateTransition1.xml
----------------- Instantiating /home/travis/build/icyphy/ptII/ptolemy/domains/modal/test/auto/InitialStateTransition1.xml
2 ms. Memory: 274432K Free: 231826K (84%)
----------------- Invoking toplevel() on ptolemy.moml.MoMLSimpleApplication@5f57c951
----------------- Done invoking toplevel() on ptolemy.moml.MoMLSimpleApplication@5f57c951
reloadAllAccessors: .InitialStateTransition1

===========================================================================================
----------------- testing Thu Oct 03 05:50:10 UTC 2019 /home/travis/build/icyphy/ptII/ptolemy/domains/modal/test/auto/InitialStateTransition2.xml
----------------- Instantiating /home/travis/build/icyphy/ptII/ptolemy/domains/modal/test/auto/InitialStateTransition2.xml
.InitialStateTransition2.TestExceptionAttributeNonConstructive: initialize() was not invoked, but wrapup() was.  This is unusual, but not always a problem.  For example, exporting JNLP will do this.
4 ms. Memory: 274432K Free: 224146K (82%)
----------------- Invoking toplevel() on ptolemy.moml.MoMLSimpleApplication@1fbda641
----------------- Done invoking toplevel() on ptolemy.moml.MoMLSimpleApplication@1fbda641
reloadAllAccessors: .InitialStateTransition2

===========================================================================================
----------------- testing Thu Oct 03 05:50:10 UTC 2019 /home/travis/build/icyphy/ptII/ptolemy/domains/modal/test/auto/InitialStateTransition3.xml
----------------- Instantiating /home/travis/build/icyphy/ptII/ptolemy/domains/modal/test/auto/InitialStateTransition3.xml
4 ms. Memory: 274432K Free: 215442K (79%)
----------------- Invoking toplevel() on ptolemy.moml.MoMLSimpleApplication@18408312
----------------- Done invoking toplevel() on ptolemy.moml.MoMLSimpleApplication@18408312
reloadAllAccessors: .InitialStateTransition3

===========================================================================================
----------------- testing Thu Oct 03 05:50:10 UTC 2019 /home/travis/build/icyphy/ptII/ptolemy/domains/modal/test/auto/InitialStateTransition4.xml
----------------- Instantiating /home/travis/build/icyphy/ptII/ptolemy/domains/modal/test/auto/InitialStateTransition4.xml
4 ms. Memory: 274432K Free: 205716K (75%)
----------------- Invoking toplevel() on ptolemy.moml.MoMLSimpleApplication@3f38695f
----------------- Done invoking toplevel() on ptolemy.moml.MoMLSimpleApplication@3f38695f
[...]
reloadAllAccessors: .TerminationTransition3

===========================================================================================
----------------- testing Thu Oct 03 05:50:12 UTC 2019 /home/travis/build/icyphy/ptII/ptolemy/domains/modal/test/auto/TerminationTransition4.xml
----------------- Instantiating /home/travis/build/icyphy/ptII/ptolemy/domains/modal/test/auto/TerminationTransition4.xml
5 ms. Memory: 329728K Free: 184753K (56%)
----------------- Invoking toplevel() on ptolemy.moml.MoMLSimpleApplication@3ca8299
----------------- Done invoking toplevel() on ptolemy.moml.MoMLSimpleApplication@3ca8299
reloadAllAccessors: .TerminationTransition4

===========================================================================================
----------------- testing Thu Oct 03 05:50:12 UTC 2019 /home/travis/build/icyphy/ptII/ptolemy/domains/modal/test/auto/TerminationTransition5.xml
----------------- Instantiating /home/travis/build/icyphy/ptII/ptolemy/domains/modal/test/auto/TerminationTransition5.xml
3 ms. Memory: 329728K Free: 170927K (52%)
----------------- Invoking toplevel() on ptolemy.moml.MoMLSimpleApplication@57717b84
----------------- Done invoking toplevel() on ptolemy.moml.MoMLSimpleApplication@57717b84
reloadAllAccessors: .TerminationTransition5

===========================================================================================
----------------- testing Thu Oct 03 05:50:12 UTC 2019 /home/travis/build/icyphy/ptII/ptolemy/domains/modal/test/auto/TerminationTransition6.xml
----------------- Instantiating /home/travis/build/icyphy/ptII/ptolemy/domains/modal/test/auto/TerminationTransition6.xml
1 ms. Memory: 329728K Free: 162735K (49%)
----------------- Invoking toplevel() on ptolemy.moml.MoMLSimpleApplication@4deb7433
----------------- Done invoking toplevel() on ptolemy.moml.MoMLSimpleApplication@4deb7433
reloadAllAccessors: .TerminationTransition6

===========================================================================================
----------------- testing Thu Oct 03 05:50:12 UTC 2019 /home/travis/build/icyphy/ptII/ptolemy/domains/modal/test/auto/TerminationTransition7.xml
----------------- Instantiating /home/travis/build/icyphy/ptII/ptolemy/domains/modal/test/auto/TerminationTransition7.xml
2 ms. Memory: 329728K Free: 153009K (46%)
----------------- Invoking toplevel() on ptolemy.moml.MoMLSimpleApplication@31ad3874
----------------- Done invoking toplevel() on ptolemy.moml.MoMLSimpleApplication@31ad3874
reloadAllAccessors: .TerminationTransition7

===========================================================================================
----------------- testing Thu Oct 03 05:50:12 UTC 2019 /home/travis/build/icyphy/ptII/ptolemy/domains/modal/test/auto/TerminationTransition8.xml
----------------- Instantiating /home/travis/build/icyphy/ptII/ptolemy/domains/modal/test/auto/TerminationTransition8.xml
2 ms. Memory: 329728K Free: 143279K (43%)
----------------- Invoking toplevel() on ptolemy.moml.MoMLSimpleApplication@2c8f1479
----------------- Done invoking toplevel() on ptolemy.moml.MoMLSimpleApplication@2c8f1479
reloadAllAccessors: .TerminationTransition8

===========================================================================================
----------------- testing Thu Oct 03 05:50:12 UTC 2019 /home/travis/build/icyphy/ptII/ptolemy/domains/modal/test/auto/Thermostat_NoHysteresis.xml
----------------- Instantiating /home/travis/build/icyphy/ptII/ptolemy/domains/modal/test/auto/Thermostat_NoHysteresis.xml
33 ms. Memory: 329728K Free: 118697K (36%)
----------------- Invoking toplevel() on ptolemy.moml.MoMLSimpleApplication@78ba8200
----------------- Done invoking toplevel() on ptolemy.moml.MoMLSimpleApplication@78ba8200
reloadAllAccessors: .Thermostat_NoHysteresis

===========================================================================================
----------------- testing Thu Oct 03 05:50:12 UTC 2019 /home/travis/build/icyphy/ptII/ptolemy/domains/modal/test/auto/TimedFSM.xml
----------------- Instantiating /home/travis/build/icyphy/ptII/ptolemy/domains/modal/test/auto/TimedFSM.xml
9 ms. Memory: 329728K Free: 299271K (91%)
----------------- Invoking toplevel() on ptolemy.moml.MoMLSimpleApplication@aec5154
----------------- Done invoking toplevel() on ptolemy.moml.MoMLSimpleApplication@aec5154
reloadAllAccessors: .TimedFSM

===========================================================================================
----------------- testing Thu Oct 03 05:50:12 UTC 2019 /home/travis/build/icyphy/ptII/ptolemy/domains/modal/test/auto/Timeout1.xml
----------------- Instantiating /home/travis/build/icyphy/ptII/ptolemy/domains/modal/test/auto/Timeout1.xml
3 ms. Memory: 329728K Free: 293623K (89%)
----------------- Invoking toplevel() on ptolemy.moml.MoMLSimpleApplication@137e8af3
----------------- Done invoking toplevel() on ptolemy.moml.MoMLSimpleApplication@137e8af3
reloadAllAccessors: .Timeout1

===========================================================================================
----------------- testing Thu Oct 03 05:50:12 UTC 2019 /home/travis/build/icyphy/ptII/ptolemy/domains/modal/test/auto/Timeout2.xml
----------------- Instantiating /home/travis/build/icyphy/ptII/ptolemy/domains/modal/test/auto/Timeout2.xml
8 ms. Memory: 329728K Free: 284935K (86%)
----------------- Invoking toplevel() on ptolemy.moml.MoMLSimpleApplication@7eb21881
----------------- Done invoking toplevel() on ptolemy.moml.MoMLSimpleApplication@7eb21881
reloadAllAccessors: .Timeout2

===========================================================================================
----------------- testing Thu Oct 03 05:50:12 UTC 2019 /home/travis/build/icyphy/ptII/ptolemy/domains/modal/test/auto/Timeout3.xml
----------------- Instantiating /home/travis/build/icyphy/ptII/ptolemy/domains/modal/test/auto/Timeout3.xml
2 ms. Memory: 329728K Free: 279815K (85%)
----------------- Invoking toplevel() on ptolemy.moml.MoMLSimpleApplication@66a33c74
----------------- Done invoking toplevel() on ptolemy.moml.MoMLSimpleApplication@66a33c74
reloadAllAccessors: .Timeout3

===========================================================================================
----------------- testing Thu Oct 03 05:50:12 UTC 2019 /home/travis/build/icyphy/ptII/ptolemy/domains/modal/test/auto/Timeout4.xml
----------------- Instantiating /home/travis/build/icyphy/ptII/ptolemy/domains/modal/test/auto/Timeout4.xml
3 ms. Memory: 329728K Free: 274695K (83%)
----------------- Invoking toplevel() on ptolemy.moml.MoMLSimpleApplication@1aded2c6
----------------- Done invoking toplevel() on ptolemy.moml.MoMLSimpleApplication@1aded2c6
reloadAllAccessors: .Timeout4

===========================================================================================
----------------- testing Thu Oct 03 05:50:12 UTC 2019 /home/travis/build/icyphy/ptII/ptolemy/domains/modal/test/auto/TransientstateModelAdvanced.xml
----------------- Instantiating /home/travis/build/icyphy/ptII/ptolemy/domains/modal/test/auto/TransientstateModelAdvanced.xml
3 ms. Memory: 329728K Free: 262407K (80%)
----------------- Invoking toplevel() on ptolemy.moml.MoMLSimpleApplication@d156297
----------------- Done invoking toplevel() on ptolemy.moml.MoMLSimpleApplication@d156297
reloadAllAccessors: .TransientstateModelAdvanced

===========================================================================================
----------------- testing Thu Oct 03 05:50:12 UTC 2019 /home/travis/build/icyphy/ptII/ptolemy/domains/modal/test/auto/TransientstateModelAdvanced2.xml
----------------- Instantiating /home/travis/build/icyphy/ptII/ptolemy/domains/modal/test/auto/TransientstateModelAdvanced2.xml
3 ms. Memory: 329728K Free: 248071K (75%)
----------------- Invoking toplevel() on ptolemy.moml.MoMLSimpleApplication@4bf9748a
----------------- Done invoking toplevel() on ptolemy.moml.MoMLSimpleApplication@4bf9748a
reloadAllAccessors: .transientstatemodelAdvanced

===========================================================================================
----------------- testing Thu Oct 03 05:50:12 UTC 2019 /home/travis/build/icyphy/ptII/ptolemy/domains/modal/test/auto/TransitionRefinements.xml
----------------- Instantiating /home/travis/build/icyphy/ptII/ptolemy/domains/modal/test/auto/TransitionRefinements.xml
7 ms. Memory: 329728K Free: 238335K (72%)
----------------- Invoking toplevel() on ptolemy.moml.MoMLSimpleApplication@59acd6a4
----------------- Done invoking toplevel() on ptolemy.moml.MoMLSimpleApplication@59acd6a4
reloadAllAccessors: .TransitionRefinements

===========================================================================================
----------------- testing Thu Oct 03 05:50:12 UTC 2019 /home/travis/build/icyphy/ptII/ptolemy/domains/modal/test/auto/TwoRefinements1.xml
----------------- Instantiating /home/travis/build/icyphy/ptII/ptolemy/domains/modal/test/auto/TwoRefinements1.xml
3 ms. Memory: 329728K Free: 228615K (69%)
----------------- Invoking toplevel() on ptolemy.moml.MoMLSimpleApplication@6d696e4b
----------------- Done invoking toplevel() on ptolemy.moml.MoMLSimpleApplication@6d696e4b
reloadAllAccessors: .TwoRefinements1

===========================================================================================
----------------- testing Thu Oct 03 05:50:12 UTC 2019 /home/travis/build/icyphy/ptII/ptolemy/domains/modal/test/auto/TwoRefinements2.xml
----------------- Instantiating /home/travis/build/icyphy/ptII/ptolemy/domains/modal/test/auto/TwoRefinements2.xml
2 ms. Memory: 329728K Free: 218375K (66%)
----------------- Invoking toplevel() on ptolemy.moml.MoMLSimpleApplication@6b50225
----------------- Done invoking toplevel() on ptolemy.moml.MoMLSimpleApplication@6b50225
reloadAllAccessors: .TwoRefinements2

===========================================================================================
----------------- testing Thu Oct 03 05:50:12 UTC 2019 /home/travis/build/icyphy/ptII/ptolemy/domains/modal/test/auto/WeakImmediateTransition.xml
----------------- Instantiating /home/travis/build/icyphy/ptII/ptolemy/domains/modal/test/auto/WeakImmediateTransition.xml
3 ms. Memory: 329728K Free: 209669K (64%)
----------------- Invoking toplevel() on ptolemy.moml.MoMLSimpleApplication@68453d5a
----------------- Done invoking toplevel() on ptolemy.moml.MoMLSimpleApplication@68453d5a
reloadAllAccessors: .WeakImmediateTransition

===========================================================================================
----------------- testing Thu Oct 03 05:50:12 UTC 2019 /home/travis/build/icyphy/ptII/ptolemy/domains/modal/test/auto/booleanSelect.xml
----------------- Instantiating /home/travis/build/icyphy/ptII/ptolemy/domains/modal/test/auto/booleanSelect.xml
38 ms. Memory: 329728K Free: 191751K (58%)
----------------- Invoking toplevel() on ptolemy.moml.MoMLSimpleApplication@1355e78b
----------------- Done invoking toplevel() on ptolemy.moml.MoMLSimpleApplication@1355e78b
reloadAllAccessors: .booleanSelect

===========================================================================================
----------------- testing Thu Oct 03 05:50:12 UTC 2019 /home/travis/build/icyphy/ptII/ptolemy/domains/modal/test/auto/modalChangingParams.xml
----------------- Instantiating /home/travis/build/icyphy/ptII/ptolemy/domains/modal/test/auto/modalChangingParams.xml
0
1
0
2
4
6
8
7
0
2
4
6
8
13
0
2
4
6
8
19
0
2
4
6
8
25
0
2
4
6
8
31
0
2
4
6
8
37
0
2
4
6
8
43
0
2
4
6
8
49
0
2
4
6
8
55
0
2
4
6
8
61
0
2
4
6
8
67
0
2
4
6
8
73
0
2
4
6
8
79
0
2
4
6
8
85
0
2
4
6
8
91
0
2
4
6
8
97
0
2
4
6
8
103
0
2
4
6
8
109
0
2
4
6
8
115
0
2
4
6
8
121
0
2
4
6
8
127
0
2
4
6
8
133
0
2
4
6
8
139
0
2
4
6
8
145
0
2
4
6
8
151
0
2
4
6
8
157
0
2
4
6
8
163
0
2
4
6
8
169
0
2
4
6
8
175
0
2
4
6
8
181
0
2
4
6
8
187
0
2
4
6
8
193
0
2
4
6
8
199
0
2
4
6
8
205
0
2
4
6
8
211
0
2
4
6
8
217
0
2
4
6
8
223
0
2
4
6
8
229
0
2
4
6
8
235
0
2
4
6
8
241
0
2
4
6
8
247
0
2
4
6
8
253
0
2
4
6
8
259
0
2
4
6
8
265
0
2
4
6
8
271
0
2
4
6
8
277
0
2
4
6
8
283
0
2
4
6
8
289
0
2
4
6
8
295
0
2
4
6
8
301
0
2
4
6
8
307
0
2
4
6
8
313
0
2
4
6
8
319
0
2
4
6
8
325
0
2
4
6
8
331
0
2
4
6
8
337
0
2
4
6
8
343
0
2
4
6
8
349
0
2
4
6
8
355
0
2
4
6
8
361
0
2
4
6
8
367
0
2
4
6
8
373
0
2
4
6
8
379
0
2
4
6
8
385
0
2
4
6
8
391
0
2
4
6
8
397
0
2
4
6
8
403
0
2
4
6
8
409
0
2
4
6
8
415
0
2
4
6
8
421
0
2
4
6
8
427
0
2
4
6
8
433
0
2
4
6
8
439
0
2
4
6
8
445
0
2
4
6
8
451
0
2
4
6
8
457
0
2
4
6
8
463
0
2
4
6
8
469
0
2
4
6
8
475
0
2
4
6
8
481
0
2
4
6
8
487
0
2
4
6
8
493
0
2
4
6
8
499
0
2
4
6
8
505
0
2
4
6
8
511
0
2
4
6
8
517
0
2
4
6
8
523
0
2
4
6
8
529
0
2
4
6
8
535
0
2
4
6
8
541
0
2
4
6
8
547
0
2
4
6
8
553
0
2
4
6
8
559
0
2
4
6
8
565
0
2
4
6
8
571
0
2
4
6
8
577
0
2
4
6
8
583
0
2
4
6
8
589
0
2
4
6
8
595
0
2
4
6
8
601
0
2
4
6
8
607
0
2
4
6
8
613
0
2
4
6
8
619
0
2
4
6
8
625
0
2
4
6
8
631
0
2
4
6
8
637
0
2
4
6
8
643
0
2
4
6
8
649
0
2
4
6
8
655
0
2
4
6
8
661
0
2
4
6
8
667
0
2
4
6
8
673
0
2
4
6
8
679
0
2
4
6
8
685
0
2
4
6
8
691
0
2
4
6
8
697
0
2
4
6
8
703
0
2
4
6
8
709
0
2
4
6
8
715
0
2
4
6
8
721
0
2
4
6
8
727
0
2
4
6
8
733
0
2
4
6
8
739
0
2
4
6
8
745
0
2
4
6
8
751
0
2
4
6
8
757
0
2
4
6
8
763
0
2
4
6
8
769
0
2
4
6
8
775
0
2
4
6
8
781
0
2
4
6
8
787
0
2
4
6
8
793
0
2
4
6
8
799
0
2
4
6
8
805
0
2
4
6
8
811
0
2
4
6
8
817
0
2
4
6
8
823
0
2
4
6
8
829
0
2
4
6
8
835
0
2
4
6
8
841
0
2
4
6
8
847
0
2
4
6
8
853
0
2
4
6
8
859
0
2
4
6
8
865
0
2
4
6
8
871
0
2
4
6
8
877
0
2
4
6
8
883
0
2
4
6
8
889
0
2
4
6
8
895
0
2
4
6
8
901
0
2
4
6
8
907
0
2
4
6
8
913
0
2
4
6
8
919
0
2
4
6
8
925
0
2
4
6
8
931
0
2
4
6
8
937
0
2
4
6
8
943
0
2
4
6
8
949
0
2
4
6
8
955
0
2
4
6
8
961
0
2
4
6
8
967
0
2
4
6
8
973
0
2
4
6
8
979
0
2
4
6
8
985
0
2
4
6
8
991
0
2
4
6
8
997
0
2
282 ms. Memory: 329728K Free: 270958K (82%)
----------------- Invoking toplevel() on ptolemy.moml.MoMLSimpleApplication@7b7afc17
----------------- Done invoking toplevel() on ptolemy.moml.MoMLSimpleApplication@7b7afc17
reloadAllAccessors: .modalChangingParams

===========================================================================================
----------------- testing Thu Oct 03 05:50:13 UTC 2019 /home/travis/build/icyphy/ptII/ptolemy/domains/modal/test/auto/modalModel.xml
----------------- Instantiating /home/travis/build/icyphy/ptII/ptolemy/domains/modal/test/auto/modalModel.xml
5 ms. Memory: 329728K Free: 261728K (79%)
----------------- Invoking toplevel() on ptolemy.moml.MoMLSimpleApplication@4f298080
----------------- Done invoking toplevel() on ptolemy.moml.MoMLSimpleApplication@4f298080
reloadAllAccessors: .modalModel

===========================================================================================
----------------- testing Thu Oct 03 05:50:13 UTC 2019 /home/travis/build/icyphy/ptII/ptolemy/domains/modal/test/auto/modalModel2.xml
----------------- Instantiating /home/travis/build/icyphy/ptII/ptolemy/domains/modal/test/auto/modalModel2.xml
7 ms. Memory: 329728K Free: 250992K (76%)
----------------- Invoking toplevel() on ptolemy.moml.MoMLSimpleApplication@68ba2278
----------------- Done invoking toplevel() on ptolemy.moml.MoMLSimpleApplication@68ba2278
reloadAllAccessors: .modalModel2

===========================================================================================
----------------- testing Thu Oct 03 05:50:13 UTC 2019 /home/travis/build/icyphy/ptII/ptolemy/domains/modal/test/auto/modalModel3.xml
----------------- Instantiating /home/travis/build/icyphy/ptII/ptolemy/domains/modal/test/auto/modalModel3.xml
0	0	0
3	2	1
6	4	2
9	6	3
4	0	4
7	2	5
10	4	6
13	6	7
8	0	8
11	2	9
14	4	10
17	6	11
12	0	12
15	2	13
18	4	14
16 ms. Memory: 329728K Free: 236128K (72%)
----------------- Invoking toplevel() on ptolemy.moml.MoMLSimpleApplication@1b4026bf
----------------- Done invoking toplevel() on ptolemy.moml.MoMLSimpleApplication@1b4026bf
reloadAllAccessors: .modalModel3

===========================================================================================
----------------- testing Thu Oct 03 05:50:13 UTC 2019 /home/travis/build/icyphy/ptII/ptolemy/domains/modal/test/auto/model1.xml
----------------- Instantiating /home/travis/build/icyphy/ptII/ptolemy/domains/modal/test/auto/model1.xml
10 ms. Memory: 329728K Free: 230512K (70%)
----------------- Invoking toplevel() on ptolemy.moml.MoMLSimpleApplication@1238d69
----------------- Done invoking toplevel() on ptolemy.moml.MoMLSimpleApplication@1238d69
reloadAllAccessors: .model1

===========================================================================================
----------------- testing Thu Oct 03 05:50:13 UTC 2019 /home/travis/build/icyphy/ptII/ptolemy/domains/modal/test/auto/test-direct-in-out.xml
----------------- Instantiating /home/travis/build/icyphy/ptII/ptolemy/domains/modal/test/auto/test-direct-in-out.xml
4 ms. Memory: 329728K Free: 222800K (68%)
----------------- Invoking toplevel() on ptolemy.moml.MoMLSimpleApplication@3efe0e50
----------------- Done invoking toplevel() on ptolemy.moml.MoMLSimpleApplication@3efe0e50
reloadAllAccessors: .test-direct-in-out
AutoTests.java: About to close Vertx.
AutoTests.java: Vertx closed.
]]></system-out>
  <system-err><![CDATA[java.lang.RuntimeException: Execution failed
	at ptolemy.moml.MoMLSimpleApplication$UnloadThread.run(MoMLSimpleApplication.java:402)
Caused by: ptolemy.kernel.util.IllegalActionException: Unknown inputs remain. Possible causality loop:
L_model_1893289564i

  in .CannotAnalysisWithPreemption.model_1893289564_region_1 and .CannotAnalysisWithPreemption.model_1893289564_region_1.L_model_1893289564i
	at ptolemy.actor.sched.FixedPointDirector.postfire(FixedPointDirector.java:515)
	at ptolemy.domains.sr.kernel.SRDirector.postfire(SRDirector.java:417)
	at ptolemy.actor.CompositeActor.postfire(CompositeActor.java:1668)
	at ptolemy.actor.Manager.iterate(Manager.java:852)
	at ptolemy.actor.Manager.execute(Manager.java:369)
	at ptolemy.actor.Manager.run(Manager.java:1263)
	at ptolemy.actor.Manager$PtolemyRunThread.run(Manager.java:1933)
java.lang.reflect.InvocationTargetException
	at java.base/jdk.internal.reflect.NativeConstructorAccessorImpl.newInstance0(Native Method)
	at java.base/jdk.internal.reflect.NativeConstructorAccessorImpl.newInstance(NativeConstructorAccessorImpl.java:62)
	at java.base/jdk.internal.reflect.DelegatingConstructorAccessorImpl.newInstance(DelegatingConstructorAccessorImpl.java:45)
	at java.base/java.lang.reflect.Constructor.newInstance(Constructor.java:490)
	at ptolemy.util.test.junit.AutoKnownFailedTests.RunModel(AutoKnownFailedTests.java:105)
	at java.base/jdk.internal.reflect.NativeMethodAccessorImpl.invoke0(Native Method)
	at java.base/jdk.internal.reflect.NativeMethodAccessorImpl.invoke(NativeMethodAccessorImpl.java:62)
	at java.base/jdk.internal.reflect.DelegatingMethodAccessorImpl.invoke(DelegatingMethodAccessorImpl.java:43)
	at java.base/java.lang.reflect.Method.invoke(Method.java:566)
	at org.junit.runners.model.FrameworkMethod$1.runReflectiveCall(FrameworkMethod.java:44)
	at org.junit.internal.runners.model.ReflectiveCallable.run(ReflectiveCallable.java:15)
	at org.junit.runners.model.FrameworkMethod.invokeExplosively(FrameworkMethod.java:41)
	at junitparams.internal.InvokeParameterisedMethod.evaluate(InvokeParameterisedMethod.java:102)
	at org.junit.internal.runners.statements.FailOnTimeout$1.run(FailOnTimeout.java:28)
Caused by: ptolemy.kernel.util.IllegalActionException: Unknown inputs remain. Possible causality loop:
L_model_1893289564i

  in .CannotAnalysisWithPreemption.model_1893289564_region_1 and .CannotAnalysisWithPreemption.model_1893289564_region_1.L_model_1893289564i
	at ptolemy.actor.sched.FixedPointDirector.postfire(FixedPointDirector.java:515)
	at ptolemy.domains.sr.kernel.SRDirector.postfire(SRDirector.java:417)
	at ptolemy.actor.CompositeActor.postfire(CompositeActor.java:1668)
	at ptolemy.actor.Manager.iterate(Manager.java:852)
	at ptolemy.actor.Manager.execute(Manager.java:369)
	at ptolemy.actor.Manager.run(Manager.java:1263)
	at ptolemy.actor.Manager$PtolemyRunThread.run(Manager.java:1933)
]]></system-err>
</testsuite>
