<?xml version="1.0" encoding="UTF-8" ?>
<testsuite errors="0" failures="0" hostname="travis-job-22c5c283-d684-4297-8d18-1cd8f7d186ab" name="ptolemy.domains.de.test.junit.JUnitTclTest" skipped="0" tests="101" time="125.593" timestamp="2018-11-24T02:50:22">
  <properties>
[...]
</properties>
  <testcase classname="ptolemy.util.test.junit.TclTests" name="[0] /home/travis/build/icyphy/ptII/ptolemy/domains/de/test/DependencyLoop.tcl (RunTclFile)" time="0.693" />
  <testcase classname="ptolemy.util.test.junit.TclTests" name="[1] /home/travis/build/icyphy/ptII/ptolemy/domains/de/test/RunDETestsAsQSS.tcl (RunTclFile)" time="85.639" />
  <testcase classname="ptolemy.util.test.junit.AutoKnownFailedTests" name="[0] /home/travis/build/icyphy/ptII/ptolemy/domains/de/test/auto/knownFailedTests/DESDFClockTest.xml (RunModel)" time="2.031" />
  <testcase classname="ptolemy.util.test.junit.AutoKnownFailedTests" name="[1] /home/travis/build/icyphy/ptII/ptolemy/domains/de/test/auto/knownFailedTests/DirectFeedback.xml (RunModel)" time="0.025" />
  <testcase classname="ptolemy.util.test.junit.AutoKnownFailedTests" name="[2] /home/travis/build/icyphy/ptII/ptolemy/domains/de/test/auto/knownFailedTests/FSMSource.xml (RunModel)" time="0.035" />
  <testcase classname="ptolemy.util.test.junit.AutoKnownFailedTests" name="[3] /home/travis/build/icyphy/ptII/ptolemy/domains/de/test/auto/knownFailedTests/HierarchicalModel.xml (RunModel)" time="0.045" />
  <testcase classname="ptolemy.util.test.junit.AutoKnownFailedTests" name="[4] /home/travis/build/icyphy/ptII/ptolemy/domains/de/test/auto/knownFailedTests/dependencyLoop.xml (RunModel)" time="0.038" />
  <testcase classname="ptolemy.util.test.junit.AutoKnownFailedTests" name="[5] /home/travis/build/icyphy/ptII/ptolemy/domains/de/test/auto/knownFailedTests/dependencyLoop2.xml (RunModel)" time="0.047" />
  <testcase classname="ptolemy.util.test.junit.AutoNameArchTests" name="[0] ThereAreNoAutoArchTests (RunModel)" time="0.001" />
  <testcase classname="ptolemy.util.test.junit.AutoTests" name="[0] /home/travis/build/icyphy/ptII/ptolemy/domains/de/test/auto/ActorDepthCalculation_actorWithoutPorts.xml (RunModel)" time="0.017" />
  <testcase classname="ptolemy.util.test.junit.AutoTests" name="[1] /home/travis/build/icyphy/ptII/ptolemy/domains/de/test/auto/AssemblyLine.xml (RunModel)" time="0.02" />
  <testcase classname="ptolemy.util.test.junit.AutoTests" name="[2] /home/travis/build/icyphy/ptII/ptolemy/domains/de/test/auto/CQBug1.xml (RunModel)" time="0.009" />
  <testcase classname="ptolemy.util.test.junit.AutoTests" name="[3] /home/travis/build/icyphy/ptII/ptolemy/domains/de/test/auto/CancelFireAt.xml (RunModel)" time="0.007" />
  <testcase classname="ptolemy.util.test.junit.AutoTests" name="[4] /home/travis/build/icyphy/ptII/ptolemy/domains/de/test/auto/CausalityAndComposabilityAnalysis.xml (RunModel)" time="0.013" />
  <testcase classname="ptolemy.util.test.junit.AutoTests" name="[5] /home/travis/build/icyphy/ptII/ptolemy/domains/de/test/auto/CausalityInterface1.xml (RunModel)" time="0.013" />
  <testcase classname="ptolemy.util.test.junit.AutoTests" name="[6] /home/travis/build/icyphy/ptII/ptolemy/domains/de/test/auto/CausalityInterface15.xml (RunModel)" time="0.013" />
  <testcase classname="ptolemy.util.test.junit.AutoTests" name="[7] /home/travis/build/icyphy/ptII/ptolemy/domains/de/test/auto/CausalityInterface2.xml (RunModel)" time="0.011" />
  <testcase classname="ptolemy.util.test.junit.AutoTests" name="[8] /home/travis/build/icyphy/ptII/ptolemy/domains/de/test/auto/CausalityInterface3.xml (RunModel)" time="0.011" />
  <testcase classname="ptolemy.util.test.junit.AutoTests" name="[9] /home/travis/build/icyphy/ptII/ptolemy/domains/de/test/auto/ClockDrift.xml (RunModel)" time="0.035" />
  <testcase classname="ptolemy.util.test.junit.AutoTests" name="[10] /home/travis/build/icyphy/ptII/ptolemy/domains/de/test/auto/ClockDriftAndValueChange.xml (RunModel)" time="0.032" />
  <testcase classname="ptolemy.util.test.junit.AutoTests" name="[11] /home/travis/build/icyphy/ptII/ptolemy/domains/de/test/auto/ClockDriftChange.xml (RunModel)" time="0.027" />
  <testcase classname="ptolemy.util.test.junit.AutoTests" name="[12] /home/travis/build/icyphy/ptII/ptolemy/domains/de/test/auto/ComposableCausalityAnalysis.xml (RunModel)" time="0.019" />
  <testcase classname="ptolemy.util.test.junit.AutoTests" name="[13] /home/travis/build/icyphy/ptII/ptolemy/domains/de/test/auto/DEFixedPointLimitation.xml (RunModel)" time="0.009" />
  <testcase classname="ptolemy.util.test.junit.AutoTests" name="[14] /home/travis/build/icyphy/ptII/ptolemy/domains/de/test/auto/DEScheduleTest.xml (RunModel)" time="0.011" />
  <testcase classname="ptolemy.util.test.junit.AutoTests" name="[15] /home/travis/build/icyphy/ptII/ptolemy/domains/de/test/auto/DEinDEwithStartTimes.xml (RunModel)" time="0.014" />
  <testcase classname="ptolemy.util.test.junit.AutoTests" name="[16] /home/travis/build/icyphy/ptII/ptolemy/domains/de/test/auto/DEinDEwithStartTimes2.xml (RunModel)" time="0.012" />
  <testcase classname="ptolemy.util.test.junit.AutoTests" name="[17] /home/travis/build/icyphy/ptII/ptolemy/domains/de/test/auto/DateDemo.xml (RunModel)" time="0.026" />
  <testcase classname="ptolemy.util.test.junit.AutoTests" name="[18] /home/travis/build/icyphy/ptII/ptolemy/domains/de/test/auto/DateToEvent.xml (RunModel)" time="2.039" />
  <testcase classname="ptolemy.util.test.junit.AutoTests" name="[19] /home/travis/build/icyphy/ptII/ptolemy/domains/de/test/auto/DepthTest1.xml (RunModel)" time="0.006" />
  <testcase classname="ptolemy.util.test.junit.AutoTests" name="[20] /home/travis/build/icyphy/ptII/ptolemy/domains/de/test/auto/DepthTest2.xml (RunModel)" time="0.015" />
  <testcase classname="ptolemy.util.test.junit.AutoTests" name="[21] /home/travis/build/icyphy/ptII/ptolemy/domains/de/test/auto/DepthTest3.xml (RunModel)" time="0.007" />
  <testcase classname="ptolemy.util.test.junit.AutoTests" name="[22] /home/travis/build/icyphy/ptII/ptolemy/domains/de/test/auto/DepthTest4.xml (RunModel)" time="0.011" />
  <testcase classname="ptolemy.util.test.junit.AutoTests" name="[23] /home/travis/build/icyphy/ptII/ptolemy/domains/de/test/auto/DepthTest5.xml (RunModel)" time="0.013" />
  <testcase classname="ptolemy.util.test.junit.AutoTests" name="[24] /home/travis/build/icyphy/ptII/ptolemy/domains/de/test/auto/DepthTest6.xml (RunModel)" time="0.011" />
  <testcase classname="ptolemy.util.test.junit.AutoTests" name="[25] /home/travis/build/icyphy/ptII/ptolemy/domains/de/test/auto/DepthTest7.xml (RunModel)" time="0.012" />
  <testcase classname="ptolemy.util.test.junit.AutoTests" name="[26] /home/travis/build/icyphy/ptII/ptolemy/domains/de/test/auto/EventToDate.xml (RunModel)" time="3.031" />
  <testcase classname="ptolemy.util.test.junit.AutoTests" name="[27] /home/travis/build/icyphy/ptII/ptolemy/domains/de/test/auto/FSM1.xml (RunModel)" time="0.027" />
  <testcase classname="ptolemy.util.test.junit.AutoTests" name="[28] /home/travis/build/icyphy/ptII/ptolemy/domains/de/test/auto/FSM7.xml (RunModel)" time="0.026" />
  <testcase classname="ptolemy.util.test.junit.AutoTests" name="[29] /home/travis/build/icyphy/ptII/ptolemy/domains/de/test/auto/Inspection.xml (RunModel)" time="0.035" />
  <testcase classname="ptolemy.util.test.junit.AutoTests" name="[30] /home/travis/build/icyphy/ptII/ptolemy/domains/de/test/auto/Iteration.xml (RunModel)" time="0.017" />
  <testcase classname="ptolemy.util.test.junit.AutoTests" name="[31] /home/travis/build/icyphy/ptII/ptolemy/domains/de/test/auto/LineFault.xml (RunModel)" time="0.513" />
  <testcase classname="ptolemy.util.test.junit.AutoTests" name="[32] /home/travis/build/icyphy/ptII/ptolemy/domains/de/test/auto/MergeModel1Add.xml (RunModel)" time="0.039" />
  <testcase classname="ptolemy.util.test.junit.AutoTests" name="[33] /home/travis/build/icyphy/ptII/ptolemy/domains/de/test/auto/MergeModel2Add.xml (RunModel)" time="0.034" />
  <testcase classname="ptolemy.util.test.junit.AutoTests" name="[34] /home/travis/build/icyphy/ptII/ptolemy/domains/de/test/auto/MergeModel3Add.xml (RunModel)" time="0.033" />
  <testcase classname="ptolemy.util.test.junit.AutoTests" name="[35] /home/travis/build/icyphy/ptII/ptolemy/domains/de/test/auto/MergeWithoutDiscard.xml (RunModel)" time="0.009" />
  <testcase classname="ptolemy.util.test.junit.AutoTests" name="[36] /home/travis/build/icyphy/ptII/ptolemy/domains/de/test/auto/Modal1.xml (RunModel)" time="0.025" />
  <testcase classname="ptolemy.util.test.junit.AutoTests" name="[37] /home/travis/build/icyphy/ptII/ptolemy/domains/de/test/auto/Modal2.xml (RunModel)" time="0.024" />
  <testcase classname="ptolemy.util.test.junit.AutoTests" name="[38] /home/travis/build/icyphy/ptII/ptolemy/domains/de/test/auto/Modal3.xml (RunModel)" time="0.024" />
  <testcase classname="ptolemy.util.test.junit.AutoTests" name="[39] /home/travis/build/icyphy/ptII/ptolemy/domains/de/test/auto/Modal4.xml (RunModel)" time="0.027" />
  <testcase classname="ptolemy.util.test.junit.AutoTests" name="[40] /home/travis/build/icyphy/ptII/ptolemy/domains/de/test/auto/Modal5.xml (RunModel)" time="0.025" />
  <testcase classname="ptolemy.util.test.junit.AutoTests" name="[41] /home/travis/build/icyphy/ptII/ptolemy/domains/de/test/auto/Modal6.xml (RunModel)" time="0.024" />
  <testcase classname="ptolemy.util.test.junit.AutoTests" name="[42] /home/travis/build/icyphy/ptII/ptolemy/domains/de/test/auto/Modal7.xml (RunModel)" time="0.025" />
  <testcase classname="ptolemy.util.test.junit.AutoTests" name="[43] /home/travis/build/icyphy/ptII/ptolemy/domains/de/test/auto/ModalModel.xml (RunModel)" time="0.127" />
  <testcase classname="ptolemy.util.test.junit.AutoTests" name="[44] /home/travis/build/icyphy/ptII/ptolemy/domains/de/test/auto/ModalSource.xml (RunModel)" time="0.017" />
  <testcase classname="ptolemy.util.test.junit.AutoTests" name="[45] /home/travis/build/icyphy/ptII/ptolemy/domains/de/test/auto/NonInterruptibleTimerZeroDelay.xml (RunModel)" time="0.011" />
  <testcase classname="ptolemy.util.test.junit.AutoTests" name="[46] /home/travis/build/icyphy/ptII/ptolemy/domains/de/test/auto/OpenQueueingNetwork.xml (RunModel)" time="2.183" />
  <testcase classname="ptolemy.util.test.junit.AutoTests" name="[47] /home/travis/build/icyphy/ptII/ptolemy/domains/de/test/auto/OpenQueuingNetwork.xml (RunModel)" time="0.268" />
  <testcase classname="ptolemy.util.test.junit.AutoTests" name="[48] /home/travis/build/icyphy/ptII/ptolemy/domains/de/test/auto/PeriodicSampler.xml (RunModel)" time="0.01" />
  <testcase classname="ptolemy.util.test.junit.AutoTests" name="[49] /home/travis/build/icyphy/ptII/ptolemy/domains/de/test/auto/PersistentIO.xml (RunModel)" time="0.015" />
  <testcase classname="ptolemy.util.test.junit.AutoTests" name="[50] /home/travis/build/icyphy/ptII/ptolemy/domains/de/test/auto/PortParameterResetOnInitialize.xml (RunModel)" time="0.008" />
  <testcase classname="ptolemy.util.test.junit.AutoTests" name="[51] /home/travis/build/icyphy/ptII/ptolemy/domains/de/test/auto/PortParameterUpdates.xml (RunModel)" time="0.013" />
  <testcase classname="ptolemy.util.test.junit.AutoTests" name="[52] /home/travis/build/icyphy/ptII/ptolemy/domains/de/test/auto/QueueAndServer.xml (RunModel)" time="0.02" />
  <testcase classname="ptolemy.util.test.junit.AutoTests" name="[53] /home/travis/build/icyphy/ptII/ptolemy/domains/de/test/auto/Records.xml (RunModel)" time="0.018" />
  <testcase classname="ptolemy.util.test.junit.AutoTests" name="[54] /home/travis/build/icyphy/ptII/ptolemy/domains/de/test/auto/ResetTransitionWithStartTime1.xml (RunModel)" time="0.016" />
  <testcase classname="ptolemy.util.test.junit.AutoTests" name="[55] /home/travis/build/icyphy/ptII/ptolemy/domains/de/test/auto/ResetTransitionWithStartTime2.xml (RunModel)" time="0.015" />
  <testcase classname="ptolemy.util.test.junit.AutoTests" name="[56] /home/travis/build/icyphy/ptII/ptolemy/domains/de/test/auto/ResetTransitionWithStartTime3.xml (RunModel)" time="0.017" />
  <testcase classname="ptolemy.util.test.junit.AutoTests" name="[57] /home/travis/build/icyphy/ptII/ptolemy/domains/de/test/auto/ResetTransitionWithStartTime4.xml (RunModel)" time="0.02" />
  <testcase classname="ptolemy.util.test.junit.AutoTests" name="[58] /home/travis/build/icyphy/ptII/ptolemy/domains/de/test/auto/ResettableTimer1.xml (RunModel)" time="0.009" />
  <testcase classname="ptolemy.util.test.junit.AutoTests" name="[59] /home/travis/build/icyphy/ptII/ptolemy/domains/de/test/auto/ResettableTimer2.xml (RunModel)" time="0.009" />
  <testcase classname="ptolemy.util.test.junit.AutoTests" name="[60] /home/travis/build/icyphy/ptII/ptolemy/domains/de/test/auto/ResettableTimer3.xml (RunModel)" time="0.01" />
  <testcase classname="ptolemy.util.test.junit.AutoTests" name="[61] /home/travis/build/icyphy/ptII/ptolemy/domains/de/test/auto/ResettableTimer4.xml (RunModel)" time="0.014" />
  <testcase classname="ptolemy.util.test.junit.AutoTests" name="[62] /home/travis/build/icyphy/ptII/ptolemy/domains/de/test/auto/ResettableTimer5.xml (RunModel)" time="0.01" />
  <testcase classname="ptolemy.util.test.junit.AutoTests" name="[63] /home/travis/build/icyphy/ptII/ptolemy/domains/de/test/auto/ResettableTimer6.xml (RunModel)" time="0.019" />
  <testcase classname="ptolemy.util.test.junit.AutoTests" name="[64] /home/travis/build/icyphy/ptII/ptolemy/domains/de/test/auto/ServerZeroDelay.xml (RunModel)" time="0.012" />
  <testcase classname="ptolemy.util.test.junit.AutoTests" name="[65] /home/travis/build/icyphy/ptII/ptolemy/domains/de/test/auto/SmartSender.xml (RunModel)" time="3.009" />
  <testcase classname="ptolemy.util.test.junit.AutoTests" name="[66] /home/travis/build/icyphy/ptII/ptolemy/domains/de/test/auto/ThreadedComposite.xml (RunModel)" time="0.247" />
  <testcase classname="ptolemy.util.test.junit.AutoTests" name="[67] /home/travis/build/icyphy/ptII/ptolemy/domains/de/test/auto/Time.xml (RunModel)" time="0.412" />
  <testcase classname="ptolemy.util.test.junit.AutoTests" name="[68] /home/travis/build/icyphy/ptII/ptolemy/domains/de/test/auto/TimeDelayZeroDelay.xml (RunModel)" time="0.014" />
  <testcase classname="ptolemy.util.test.junit.AutoTests" name="[69] /home/travis/build/icyphy/ptII/ptolemy/domains/de/test/auto/TimerZeroDelay.xml (RunModel)" time="0.01" />
  <testcase classname="ptolemy.util.test.junit.AutoTests" name="[70] /home/travis/build/icyphy/ptII/ptolemy/domains/de/test/auto/TimingParadox.xml (RunModel)" time="0.348" />
  <testcase classname="ptolemy.util.test.junit.AutoTests" name="[71] /home/travis/build/icyphy/ptII/ptolemy/domains/de/test/auto/TransferInputs.xml (RunModel)" time="0.023" />
  <testcase classname="ptolemy.util.test.junit.AutoTests" name="[72] /home/travis/build/icyphy/ptII/ptolemy/domains/de/test/auto/TransferOutputs2.xml (RunModel)" time="0.015" />
  <testcase classname="ptolemy.util.test.junit.AutoTests" name="[73] /home/travis/build/icyphy/ptII/ptolemy/domains/de/test/auto/Trilateration.xml (RunModel)" time="11.206" />
  <testcase classname="ptolemy.util.test.junit.AutoTests" name="[74] /home/travis/build/icyphy/ptII/ptolemy/domains/de/test/auto/TwoSigmaDelta.xml (RunModel)" time="2.074" />
  <testcase classname="ptolemy.util.test.junit.AutoTests" name="[75] /home/travis/build/icyphy/ptII/ptolemy/domains/de/test/auto/VariableDelay.xml (RunModel)" time="0.014" />
  <testcase classname="ptolemy.util.test.junit.AutoTests" name="[76] /home/travis/build/icyphy/ptII/ptolemy/domains/de/test/auto/VariableDelay2.xml (RunModel)" time="0.015" />
  <testcase classname="ptolemy.util.test.junit.AutoTests" name="[77] /home/travis/build/icyphy/ptII/ptolemy/domains/de/test/auto/VariableDelayZeroDelay.xml (RunModel)" time="0.009" />
  <testcase classname="ptolemy.util.test.junit.AutoTests" name="[78] /home/travis/build/icyphy/ptII/ptolemy/domains/de/test/auto/VariableDelayZeroDelay2.xml (RunModel)" time="0.009" />
  <testcase classname="ptolemy.util.test.junit.AutoTests" name="[79] /home/travis/build/icyphy/ptII/ptolemy/domains/de/test/auto/deInCt.xml (RunModel)" time="0.015" />
  <testcase classname="ptolemy.util.test.junit.AutoTests" name="[80] /home/travis/build/icyphy/ptII/ptolemy/domains/de/test/auto/deInCt2.xml (RunModel)" time="0.013" />
  <testcase classname="ptolemy.util.test.junit.AutoTests" name="[81] /home/travis/build/icyphy/ptII/ptolemy/domains/de/test/auto/dynamicCausalityInterface1.xml (RunModel)" time="0.017" />
  <testcase classname="ptolemy.util.test.junit.AutoTests" name="[82] /home/travis/build/icyphy/ptII/ptolemy/domains/de/test/auto/fsm_de_test.xml (RunModel)" time="0.02" />
  <testcase classname="ptolemy.util.test.junit.AutoTests" name="[83] /home/travis/build/icyphy/ptII/ptolemy/domains/de/test/auto/functionDependencyReconstruction.xml (RunModel)" time="0.03" />
  <testcase classname="ptolemy.util.test.junit.AutoTests" name="[84] /home/travis/build/icyphy/ptII/ptolemy/domains/de/test/auto/multirate.xml (RunModel)" time="0.018" />
  <testcase classname="ptolemy.util.test.junit.AutoTests" name="[85] /home/travis/build/icyphy/ptII/ptolemy/domains/de/test/auto/multirate2.xml (RunModel)" time="0.014" />
  <testcase classname="ptolemy.util.test.junit.AutoTests" name="[86] /home/travis/build/icyphy/ptII/ptolemy/domains/de/test/auto/realtime.xml (RunModel)" time="10.009" />
  <testcase classname="ptolemy.util.test.junit.AutoTests" name="[87] /home/travis/build/icyphy/ptII/ptolemy/domains/de/test/auto/relationGroup.xml (RunModel)" time="0.01" />
  <testcase classname="ptolemy.util.test.junit.AutoTests" name="[88] /home/travis/build/icyphy/ptII/ptolemy/domains/de/test/auto/relationGroup2.xml (RunModel)" time="0.006" />
  <testcase classname="ptolemy.util.test.junit.AutoTests" name="[89] /home/travis/build/icyphy/ptII/ptolemy/domains/de/test/auto/sortWithOpaquePorts.xml (RunModel)" time="0.008" />
  <testcase classname="ptolemy.util.test.junit.AutoTests" name="[90] /home/travis/build/icyphy/ptII/ptolemy/domains/de/test/auto/transferInputsandOutputs.xml (RunModel)" time="0.013" />
  <testcase classname="ptolemy.util.test.junit.AutoTests" name="[91] /home/travis/build/icyphy/ptII/ptolemy/domains/de/test/auto/triggerType.xml (RunModel)" time="0.008" />
  <system-out><![CDATA[/home/travis/build/icyphy/ptII/ptolemy/domains/de/test/DependencyLoop.tcl
testDefs.tcl: setting time out to 9000 seconds at Sat Nov 24 02:50:22 UTC 2018
14 ms. Memory: 116224K Free: 93941K (81%)
6 ms. Memory: 146944K Free: 135441K (92%)
/home/travis/build/icyphy/ptII/ptolemy/domains/de/test/RunDETestsAsQSS.tcl
Run the DE tests using ptolemy.domains.qss.test.QSSDirectorTest, which extends QSSDirector and prints a message in the constructors.
------------------ testing $PTII/ptolemy/domains/de/test/auto/knownFailedTests/dependencyLoop.xml (Known Failure) 
8 ms. Memory: 146944K Free: 132328K (90%)


==== $PTIIhome/travis/build/icyphy/ptII/ptolemy/domains/de/test/../../../../: Auto Automatic test in file $PTII/ptolemy/domains/de/test/auto/knownFailedTests/dependencyLoop.xml
==== Contents of test case:

	    # FIXME: we should use $relativeFilename here, but it
	    # might have backslashes under Windows, which causes no end
	    # of trouble.
	    createAndExecute $file
	    list {}
	
.... Test generated KNOWN error:
    while executing
ptolemy.kernel.util.IllegalActionException: Found a zero delay loop containing .dependencyLoop.original
  in .dependencyLoop and .dependencyLoop.original
	at ptolemy.actor.util.CausalityInterfaceForComposites._computeOutputPortDepth(CausalityInterfaceForComposites.java:759)
	at ptolemy.actor.util.CausalityInterfaceForComposites._computeInputDepth(CausalityInterfaceForComposites.java:696)
	at ptolemy.actor.util.CausalityInterfaceForComposites._computeOutputPortDepth(CausalityInterfaceForComposites.java:765)
	at ptolemy.actor.util.CausalityInterfaceForComposites._computeInputDepth(CausalityInterfaceForComposites.java:696)
	at ptolemy.actor.util.CausalityInterfaceForComposites._computeOutputPortDepth(CausalityInterfaceForComposites.java:765)
	at ptolemy.actor.util.CausalityInterfaceForComposites._computeInputDepth(CausalityInterfaceForComposites.java:696)
	at ptolemy.actor.util.CausalityInterfaceForComposites._computeActorDepth(CausalityInterfaceForComposites.java:532)
	at ptolemy.actor.util.CausalityInterfaceForComposites.checkForCycles(CausalityInterfaceForComposites.java:96)
	at ptolemy.domains.de.kernel.DEDirector.preinitialize(DEDirector.java:1338)
	at ptolemy.actor.CompositeActor.preinitialize(CompositeActor.java:1828)
	at ptolemy.actor.Manager.preinitializeAndResolveTypes(Manager.java:1040)
	at ptolemy.actor.Manager.initialize(Manager.java:710)
	at ptolemy.actor.Manager.execute(Manager.java:356)
	at ptolemy.actor.Manager.run(Manager.java:1263)
	at ptolemy.actor.Manager$PtolemyRunThread.run(Manager.java:1915)

    while executing
ptolemy.kernel.util.IllegalActionException: Found a zero delay loop containing .dependencyLoop.original
  in .dependencyLoop and .dependencyLoop.original
    while executing
"java::new ptolemy.moml.MoMLSimpleApplication $file
"
    (procedure "createAndExecute" line 2)
    invoked from within
"createAndExecute $file"
    ("uplevel" body line 5)
    invoked from within
"uplevel $contents_of_test"
------------------ testing $PTII/ptolemy/domains/de/test/auto/knownFailedTests/DESDFClockTest.xml (Known Failure) 
2085 ms. Memory: 146944K Free: 116497K (79%)


==== $PTIIhome/travis/build/icyphy/ptII/ptolemy/domains/de/test/../../../../: Auto Automatic test in file $PTII/ptolemy/domains/de/test/auto/knownFailedTests/DESDFClockTest.xml
==== Contents of test case:

	    # FIXME: we should use $relativeFilename here, but it
	    # might have backslashes under Windows, which causes no end
	    # of trouble.
	    createAndExecute $file
	    list {}
	
.... Test generated KNOWN error:
    while executing
ptolemy.kernel.util.IllegalActionException: Actor is not ready to fire.  Perhaps UpSample.prefire() returned false? Try debugging the actor by selecting "Listen to Actor".  Also, for SDF check moml for tokenConsumptionRate on input.
  in .DESDFClockTest.Play Bell.Copy1:SDF Director and .DESDFClockTest.Play Bell.UpSample
	at ptolemy.actor.sched.StaticSchedulingDirector.fire(StaticSchedulingDirector.java:227)
	at ptolemy.domains.sdf.kernel.SDFDirector.fire(SDFDirector.java:500)
	at ptolemy.actor.CompositeActor.fire(CompositeActor.java:455)
	at ptolemy.domains.de.kernel.DEDirector._fire(DEDirector.java:1949)
	at ptolemy.domains.de.kernel.DEDirector.fire(DEDirector.java:502)
	at ptolemy.actor.CompositeActor.fire(CompositeActor.java:455)
	at ptolemy.actor.Manager.iterate(Manager.java:851)
	at ptolemy.actor.Manager.execute(Manager.java:369)
	at ptolemy.actor.Manager.run(Manager.java:1263)
	at ptolemy.actor.Manager$PtolemyRunThread.run(Manager.java:1915)

    while executing
ptolemy.kernel.util.IllegalActionException: Actor is not ready to fire.  Perhaps UpSample.prefire() returned false? Try debugging the actor by selecting "Listen to Actor".  Also, for SDF check moml for tokenConsumptionRate on input.
  in .DESDFClockTest.Play Bell.Copy1:SDF Director and .DESDFClockTest.Play Bell.UpSample
    while executing
"java::new ptolemy.moml.MoMLSimpleApplication $file
"
    (procedure "createAndExecute" line 2)
    invoked from within
"createAndExecute $file"
    ("uplevel" body line 5)
    invoked from within
"uplevel $contents_of_test"
------------------ testing $PTII/ptolemy/domains/de/test/auto/knownFailedTests/FSMSource.xml (Known Failure) 
30 ms. Memory: 146944K Free: 107530K (73%)
!!!! Auto was marked as failing, but now passes
------------------ testing $PTII/ptolemy/domains/de/test/auto/knownFailedTests/dependencyLoop2.xml (Known Failure) 
9 ms. Memory: 146944K Free: 105655K (72%)


==== $PTIIhome/travis/build/icyphy/ptII/ptolemy/domains/de/test/../../../../: Auto Automatic test in file $PTII/ptolemy/domains/de/test/auto/knownFailedTests/dependencyLoop2.xml
==== Contents of test case:

	    # FIXME: we should use $relativeFilename here, but it
	    # might have backslashes under Windows, which causes no end
	    # of trouble.
	    createAndExecute $file
	    list {}
	
.... Test generated KNOWN error:
    while executing
ptolemy.kernel.util.IllegalActionException: Found a zero delay loop containing .dependencyLoop2.original
  in .dependencyLoop2 and .dependencyLoop2.original
	at ptolemy.actor.util.CausalityInterfaceForComposites._computeOutputPortDepth(CausalityInterfaceForComposites.java:759)
	at ptolemy.actor.util.CausalityInterfaceForComposites._computeInputDepth(CausalityInterfaceForComposites.java:696)
	at ptolemy.actor.util.CausalityInterfaceForComposites._computeOutputPortDepth(CausalityInterfaceForComposites.java:765)
	at ptolemy.actor.util.CausalityInterfaceForComposites._computeInputDepth(CausalityInterfaceForComposites.java:696)
	at ptolemy.actor.util.CausalityInterfaceForComposites._computeOutputPortDepth(CausalityInterfaceForComposites.java:765)
	at ptolemy.actor.util.CausalityInterfaceForComposites._computeInputDepth(CausalityInterfaceForComposites.java:696)
	at ptolemy.actor.util.CausalityInterfaceForComposites._computeActorDepth(CausalityInterfaceForComposites.java:532)
	at ptolemy.actor.util.CausalityInterfaceForComposites.checkForCycles(CausalityInterfaceForComposites.java:96)
	at ptolemy.domains.de.kernel.DEDirector.preinitialize(DEDirector.java:1338)
	at ptolemy.actor.CompositeActor.preinitialize(CompositeActor.java:1828)
	at ptolemy.actor.Manager.preinitializeAndResolveTypes(Manager.java:1040)
	at ptolemy.actor.Manager.initialize(Manager.java:710)
	at ptolemy.actor.Manager.execute(Manager.java:356)
	at ptolemy.actor.Manager.run(Manager.java:1263)
	at ptolemy.actor.Manager$PtolemyRunThread.run(Manager.java:1915)

    while executing
ptolemy.kernel.util.IllegalActionException: Found a zero delay loop containing .dependencyLoop2.original
  in .dependencyLoop2 and .dependencyLoop2.original
    while executing
"java::new ptolemy.moml.MoMLSimpleApplication $file
"
    (procedure "createAndExecute" line 2)
    invoked from within
"createAndExecute $file"
    ("uplevel" body line 5)
    invoked from within
"uplevel $contents_of_test"
------------------ testing $PTII/ptolemy/domains/de/test/auto/knownFailedTests/HierarchicalModel.xml (Known Failure) 
12 ms. Memory: 146944K Free: 85163K (58%)


==== $PTIIhome/travis/build/icyphy/ptII/ptolemy/domains/de/test/../../../../: Auto Automatic test in file $PTII/ptolemy/domains/de/test/auto/knownFailedTests/HierarchicalModel.xml
==== Contents of test case:

	    # FIXME: we should use $relativeFilename here, but it
	    # might have backslashes under Windows, which causes no end
	    # of trouble.
	    createAndExecute $file
	    list {}
	
.... Test generated KNOWN error:
    while executing
ptolemy.kernel.util.IllegalActionException: Found a zero delay loop containing .HierarchicalModel.A
  in .HierarchicalModel and .HierarchicalModel.A
	at ptolemy.actor.util.CausalityInterfaceForComposites._computeOutputPortDepth(CausalityInterfaceForComposites.java:759)
	at ptolemy.actor.util.CausalityInterfaceForComposites._computeInputDepth(CausalityInterfaceForComposites.java:696)
	at ptolemy.actor.util.CausalityInterfaceForComposites._computeOutputPortDepth(CausalityInterfaceForComposites.java:765)
	at ptolemy.actor.util.CausalityInterfaceForComposites._computeInputDepth(CausalityInterfaceForComposites.java:696)
	at ptolemy.actor.util.CausalityInterfaceForComposites._computeOutputPortDepth(CausalityInterfaceForComposites.java:765)
	at ptolemy.actor.util.CausalityInterfaceForComposites._computeInputDepth(CausalityInterfaceForComposites.java:696)
	at ptolemy.actor.util.CausalityInterfaceForComposites._computeActorDepth(CausalityInterfaceForComposites.java:532)
	at ptolemy.actor.util.CausalityInterfaceForComposites.checkForCycles(CausalityInterfaceForComposites.java:96)
	at ptolemy.domains.de.kernel.DEDirector.preinitialize(DEDirector.java:1338)
	at ptolemy.actor.CompositeActor.preinitialize(CompositeActor.java:1828)
	at ptolemy.actor.Manager.preinitializeAndResolveTypes(Manager.java:1040)
	at ptolemy.actor.Manager.initialize(Manager.java:710)
	at ptolemy.actor.Manager.execute(Manager.java:356)
	at ptolemy.actor.Manager.run(Manager.java:1263)
	at ptolemy.actor.Manager$PtolemyRunThread.run(Manager.java:1915)

    while executing
ptolemy.kernel.util.IllegalActionException: Found a zero delay loop containing .HierarchicalModel.A
  in .HierarchicalModel and .HierarchicalModel.A
    while executing
"java::new ptolemy.moml.MoMLSimpleApplication $file
"
    (procedure "createAndExecute" line 2)
    invoked from within
"createAndExecute $file"
    ("uplevel" body line 5)
    invoked from within
"uplevel $contents_of_test"
------------------ testing $PTII/ptolemy/domains/de/test/auto/knownFailedTests/DirectFeedback.xml (Known Failure) 
4 ms. Memory: 146944K Free: 141356K (96%)


==== $PTIIhome/travis/build/icyphy/ptII/ptolemy/domains/de/test/../../../../: Auto Automatic test in file $PTII/ptolemy/domains/de/test/auto/knownFailedTests/DirectFeedback.xml
==== Contents of test case:

	    # FIXME: we should use $relativeFilename here, but it
	    # might have backslashes under Windows, which causes no end
	    # of trouble.
	    createAndExecute $file
	    list {}
	
.... Test generated KNOWN error:
    while executing
ptolemy.kernel.util.IllegalActionException: Test fails in iteration 1.
Value was: 1.0. Should have been: 2.0
  in .DirectFeedback.Test
	at ptolemy.actor.lib.Test.fire(Test.java:268)
	at ptolemy.domains.de.kernel.DEDirector._fire(DEDirector.java:1949)
	at ptolemy.domains.de.kernel.DEDirector.fire(DEDirector.java:502)
	at ptolemy.actor.CompositeActor.fire(CompositeActor.java:455)
	at ptolemy.actor.Manager.iterate(Manager.java:851)
	at ptolemy.actor.Manager.execute(Manager.java:369)
	at ptolemy.actor.Manager.run(Manager.java:1263)
	at ptolemy.actor.Manager$PtolemyRunThread.run(Manager.java:1915)

    while executing
ptolemy.kernel.util.IllegalActionException: Test fails in iteration 1.
Value was: 1.0. Should have been: 2.0
  in .DirectFeedback.Test
    while executing
"java::new ptolemy.moml.MoMLSimpleApplication $file
"
    (procedure "createAndExecute" line 2)
    invoked from within
"createAndExecute $file"
    ("uplevel" body line 5)
    invoked from within
"uplevel $contents_of_test"
------------------ testing $PTII/ptolemy/domains/de/test/auto/ActorDepthCalculation_actorWithoutPorts.xml
auto.tcl: Setting watchdog for 200 seconds at Sat Nov 24 02:50:26 UTC 2018
4 ms. Memory: 146944K Free: 132414K (90%)
ptolemy.util.test.WatchDog.cancel(): canceling Sat Nov 24 02:50:26 UTC 2018
auto.tcl: Setting watchdog for 200 seconds at Sat Nov 24 02:50:26 UTC 2018
4 ms. Memory: 146944K Free: 131377K (89%)
ptolemy.util.test.WatchDog.cancel(): canceling Sat Nov 24 02:50:26 UTC 2018
------------------ testing $PTII/ptolemy/domains/de/test/auto/AssemblyLine.xml
auto.tcl: Setting watchdog for 200 seconds at Sat Nov 24 02:50:26 UTC 2018
12 ms. Memory: 208384K Free: 182836K (88%)
ptolemy.util.test.WatchDog.cancel(): canceling Sat Nov 24 02:50:26 UTC 2018
auto.tcl: Setting watchdog for 200 seconds at Sat Nov 24 02:50:26 UTC 2018
6 ms. Memory: 208384K Free: 182836K (88%)
ptolemy.util.test.WatchDog.cancel(): canceling Sat Nov 24 02:50:26 UTC 2018
------------------ testing $PTII/ptolemy/domains/de/test/auto/CQBug1.xml
auto.tcl: Setting watchdog for 200 seconds at Sat Nov 24 02:50:26 UTC 2018
4 ms. Memory: 208384K Free: 197706K (95%)
ptolemy.util.test.WatchDog.cancel(): canceling Sat Nov 24 02:50:26 UTC 2018
auto.tcl: Setting watchdog for 200 seconds at Sat Nov 24 02:50:26 UTC 2018
2 ms. Memory: 208384K Free: 197706K (95%)
ptolemy.util.test.WatchDog.cancel(): canceling Sat Nov 24 02:50:26 UTC 2018
------------------ testing $PTII/ptolemy/domains/de/test/auto/CancelFireAt.xml
auto.tcl: Setting watchdog for 200 seconds at Sat Nov 24 02:50:26 UTC 2018
3 ms. Memory: 208384K Free: 201280K (97%)
ptolemy.util.test.WatchDog.cancel(): canceling Sat Nov 24 02:50:26 UTC 2018
auto.tcl: Setting watchdog for 200 seconds at Sat Nov 24 02:50:26 UTC 2018
3 ms. Memory: 208384K Free: 199181K (96%)
ptolemy.util.test.WatchDog.cancel(): canceling Sat Nov 24 02:50:26 UTC 2018
------------------ testing $PTII/ptolemy/domains/de/test/auto/CausalityAndComposabilityAnalysis.xml
auto.tcl: Setting watchdog for 200 seconds at Sat Nov 24 02:50:26 UTC 2018
12 ms. Memory: 208384K Free: 196343K (94%)
ptolemy.util.test.WatchDog.cancel(): canceling Sat Nov 24 02:50:27 UTC 2018
auto.tcl: Setting watchdog for 200 seconds at Sat Nov 24 02:50:27 UTC 2018
5 ms. Memory: 208384K Free: 196343K (94%)
ptolemy.util.test.WatchDog.cancel(): canceling Sat Nov 24 02:50:27 UTC 2018
------------------ testing $PTII/ptolemy/domains/de/test/auto/CausalityInterface1.xml
auto.tcl: Setting watchdog for 200 seconds at Sat Nov 24 02:50:27 UTC 2018
12 ms. Memory: 208384K Free: 196280K (94%)
ptolemy.util.test.WatchDog.cancel(): canceling Sat Nov 24 02:50:27 UTC 2018
auto.tcl: Setting watchdog for 200 seconds at Sat Nov 24 02:50:27 UTC 2018
4 ms. Memory: 208384K Free: 196280K (94%)
ptolemy.util.test.WatchDog.cancel(): canceling Sat Nov 24 02:50:27 UTC 2018
------------------ testing $PTII/ptolemy/domains/de/test/auto/CausalityInterface15.xml
auto.tcl: Setting watchdog for 200 seconds at Sat Nov 24 02:50:27 UTC 2018
7 ms. Memory: 208384K Free: 196272K (94%)
ptolemy.util.test.WatchDog.cancel(): canceling Sat Nov 24 02:50:27 UTC 2018
auto.tcl: Setting watchdog for 200 seconds at Sat Nov 24 02:50:27 UTC 2018
5 ms. Memory: 208384K Free: 196272K (94%)
ptolemy.util.test.WatchDog.cancel(): canceling Sat Nov 24 02:50:27 UTC 2018
------------------ testing $PTII/ptolemy/domains/de/test/auto/CausalityInterface2.xml
auto.tcl: Setting watchdog for 200 seconds at Sat Nov 24 02:50:27 UTC 2018
5 ms. Memory: 208384K Free: 196255K (94%)
ptolemy.util.test.WatchDog.cancel(): canceling Sat Nov 24 02:50:27 UTC 2018
auto.tcl: Setting watchdog for 200 seconds at Sat Nov 24 02:50:27 UTC 2018
3 ms. Memory: 208384K Free: 196255K (94%)
ptolemy.util.test.WatchDog.cancel(): canceling Sat Nov 24 02:50:27 UTC 2018
------------------ testing $PTII/ptolemy/domains/de/test/auto/CausalityInterface3.xml
auto.tcl: Setting watchdog for 200 seconds at Sat Nov 24 02:50:27 UTC 2018
5 ms. Memory: 208384K Free: 196268K (94%)
ptolemy.util.test.WatchDog.cancel(): canceling Sat Nov 24 02:50:27 UTC 2018
auto.tcl: Setting watchdog for 200 seconds at Sat Nov 24 02:50:27 UTC 2018
4 ms. Memory: 208384K Free: 196268K (94%)
ptolemy.util.test.WatchDog.cancel(): canceling Sat Nov 24 02:50:27 UTC 2018
------------------ testing $PTII/ptolemy/domains/de/test/auto/ClockDrift.xml
auto.tcl: Setting watchdog for 200 seconds at Sat Nov 24 02:50:27 UTC 2018
95 ms. Memory: 208384K Free: 187408K (90%)
ptolemy.util.test.WatchDog.cancel(): canceling Sat Nov 24 02:50:27 UTC 2018
auto.tcl: Setting watchdog for 200 seconds at Sat Nov 24 02:50:27 UTC 2018
56 ms. Memory: 208384K Free: 185309K (89%)
ptolemy.util.test.WatchDog.cancel(): canceling Sat Nov 24 02:50:27 UTC 2018
------------------ testing $PTII/ptolemy/domains/de/test/auto/ClockDriftAndValueChange.xml
auto.tcl: Setting watchdog for 200 seconds at Sat Nov 24 02:50:27 UTC 2018
37 ms. Memory: 208384K Free: 187239K (90%)
ptolemy.util.test.WatchDog.cancel(): canceling Sat Nov 24 02:50:27 UTC 2018
auto.tcl: Setting watchdog for 200 seconds at Sat Nov 24 02:50:27 UTC 2018
25 ms. Memory: 208384K Free: 185141K (89%)
ptolemy.util.test.WatchDog.cancel(): canceling Sat Nov 24 02:50:27 UTC 2018
------------------ testing $PTII/ptolemy/domains/de/test/auto/ClockDriftChange.xml
auto.tcl: Setting watchdog for 200 seconds at Sat Nov 24 02:50:27 UTC 2018
36 ms. Memory: 208384K Free: 190561K (91%)
ptolemy.util.test.WatchDog.cancel(): canceling Sat Nov 24 02:50:28 UTC 2018
auto.tcl: Setting watchdog for 200 seconds at Sat Nov 24 02:50:28 UTC 2018
24 ms. Memory: 208384K Free: 188463K (90%)
ptolemy.util.test.WatchDog.cancel(): canceling Sat Nov 24 02:50:28 UTC 2018
------------------ testing $PTII/ptolemy/domains/de/test/auto/ComposableCausalityAnalysis.xml
auto.tcl: Setting watchdog for 200 seconds at Sat Nov 24 02:50:28 UTC 2018
2 ms. Memory: 208384K Free: 196025K (94%)
ptolemy.util.test.WatchDog.cancel(): canceling Sat Nov 24 02:50:28 UTC 2018
auto.tcl: Setting watchdog for 200 seconds at Sat Nov 24 02:50:28 UTC 2018
1 ms. Memory: 208384K Free: 193926K (93%)
ptolemy.util.test.WatchDog.cancel(): canceling Sat Nov 24 02:50:28 UTC 2018
------------------ testing $PTII/ptolemy/domains/de/test/auto/DEFixedPointLimitation.xml
auto.tcl: Setting watchdog for 200 seconds at Sat Nov 24 02:50:28 UTC 2018
2 ms. Memory: 208384K Free: 196106K (94%)
ptolemy.util.test.WatchDog.cancel(): canceling Sat Nov 24 02:50:28 UTC 2018
auto.tcl: Setting watchdog for 200 seconds at Sat Nov 24 02:50:28 UTC 2018
1 ms. Memory: 208384K Free: 196106K (94%)
ptolemy.util.test.WatchDog.cancel(): canceling Sat Nov 24 02:50:28 UTC 2018
------------------ testing $PTII/ptolemy/domains/de/test/auto/DEScheduleTest.xml
auto.tcl: Setting watchdog for 200 seconds at Sat Nov 24 02:50:28 UTC 2018
5 ms. Memory: 208384K Free: 198240K (95%)
ptolemy.util.test.WatchDog.cancel(): canceling Sat Nov 24 02:50:28 UTC 2018
auto.tcl: Setting watchdog for 200 seconds at Sat Nov 24 02:50:28 UTC 2018
4 ms. Memory: 208384K Free: 196141K (94%)
ptolemy.util.test.WatchDog.cancel(): canceling Sat Nov 24 02:50:28 UTC 2018
------------------ testing $PTII/ptolemy/domains/de/test/auto/DEinDEwithStartTimes.xml
auto.tcl: Setting watchdog for 200 seconds at Sat Nov 24 02:50:28 UTC 2018
3 ms. Memory: 208384K Free: 196111K (94%)
ptolemy.util.test.WatchDog.cancel(): canceling Sat Nov 24 02:50:28 UTC 2018
auto.tcl: Setting watchdog for 200 seconds at Sat Nov 24 02:50:28 UTC 2018
6 ms. Memory: 208384K Free: 194013K (93%)
ptolemy.util.test.WatchDog.cancel(): canceling Sat Nov 24 02:50:28 UTC 2018
------------------ testing $PTII/ptolemy/domains/de/test/auto/DEinDEwithStartTimes2.xml
auto.tcl: Setting watchdog for 200 seconds at Sat Nov 24 02:50:28 UTC 2018
10 ms. Memory: 208384K Free: 196091K (94%)
ptolemy.util.test.WatchDog.cancel(): canceling Sat Nov 24 02:50:28 UTC 2018
auto.tcl: Setting watchdog for 200 seconds at Sat Nov 24 02:50:28 UTC 2018
3 ms. Memory: 208384K Free: 193992K (93%)
ptolemy.util.test.WatchDog.cancel(): canceling Sat Nov 24 02:50:28 UTC 2018
------------------ testing $PTII/ptolemy/domains/de/test/auto/DateDemo.xml
auto.tcl: Setting watchdog for 200 seconds at Sat Nov 24 02:50:28 UTC 2018
11 ms. Memory: 208384K Free: 188532K (90%)
ptolemy.util.test.WatchDog.cancel(): canceling Sat Nov 24 02:50:28 UTC 2018
auto.tcl: Setting watchdog for 200 seconds at Sat Nov 24 02:50:28 UTC 2018
7 ms. Memory: 208384K Free: 186433K (89%)
ptolemy.util.test.WatchDog.cancel(): canceling Sat Nov 24 02:50:28 UTC 2018
------------------ testing $PTII/ptolemy/domains/de/test/auto/DateToEvent.xml
auto.tcl: Setting watchdog for 200 seconds at Sat Nov 24 02:50:28 UTC 2018
2017 ms. Memory: 208384K Free: 183265K (88%)
ptolemy.util.test.WatchDog.cancel(): canceling Sat Nov 24 02:50:30 UTC 2018
auto.tcl: Setting watchdog for 200 seconds at Sat Nov 24 02:50:30 UTC 2018
2004 ms. Memory: 208384K Free: 183265K (88%)
ptolemy.util.test.WatchDog.cancel(): canceling Sat Nov 24 02:50:32 UTC 2018
------------------ testing $PTII/ptolemy/domains/de/test/auto/DepthTest1.xml
auto.tcl: Setting watchdog for 200 seconds at Sat Nov 24 02:50:32 UTC 2018
2 ms. Memory: 208384K Free: 197770K (95%)
ptolemy.util.test.WatchDog.cancel(): canceling Sat Nov 24 02:50:32 UTC 2018
auto.tcl: Setting watchdog for 200 seconds at Sat Nov 24 02:50:32 UTC 2018
2 ms. Memory: 208384K Free: 197770K (95%)
ptolemy.util.test.WatchDog.cancel(): canceling Sat Nov 24 02:50:32 UTC 2018
------------------ testing $PTII/ptolemy/domains/de/test/auto/DepthTest2.xml
auto.tcl: Setting watchdog for 200 seconds at Sat Nov 24 02:50:32 UTC 2018
6 ms. Memory: 208384K Free: 193973K (93%)
ptolemy.util.test.WatchDog.cancel(): canceling Sat Nov 24 02:50:32 UTC 2018
auto.tcl: Setting watchdog for 200 seconds at Sat Nov 24 02:50:32 UTC 2018
3 ms. Memory: 208384K Free: 193973K (93%)
ptolemy.util.test.WatchDog.cancel(): canceling Sat Nov 24 02:50:32 UTC 2018
------------------ testing $PTII/ptolemy/domains/de/test/auto/DepthTest3.xml
auto.tcl: Setting watchdog for 200 seconds at Sat Nov 24 02:50:32 UTC 2018
2 ms. Memory: 208384K Free: 198440K (95%)
ptolemy.util.test.WatchDog.cancel(): canceling Sat Nov 24 02:50:32 UTC 2018
auto.tcl: Setting watchdog for 200 seconds at Sat Nov 24 02:50:32 UTC 2018
1 ms. Memory: 208384K Free: 198440K (95%)
ptolemy.util.test.WatchDog.cancel(): canceling Sat Nov 24 02:50:32 UTC 2018
------------------ testing $PTII/ptolemy/domains/de/test/auto/DepthTest4.xml
auto.tcl: Setting watchdog for 200 seconds at Sat Nov 24 02:50:32 UTC 2018
4 ms. Memory: 208384K Free: 196090K (94%)
ptolemy.util.test.WatchDog.cancel(): canceling Sat Nov 24 02:50:32 UTC 2018
auto.tcl: Setting watchdog for 200 seconds at Sat Nov 24 02:50:32 UTC 2018
2 ms. Memory: 208384K Free: 196090K (94%)
ptolemy.util.test.WatchDog.cancel(): canceling Sat Nov 24 02:50:32 UTC 2018
------------------ testing $PTII/ptolemy/domains/de/test/auto/DepthTest5.xml
auto.tcl: Setting watchdog for 200 seconds at Sat Nov 24 02:50:33 UTC 2018
4 ms. Memory: 208384K Free: 196375K (94%)
ptolemy.util.test.WatchDog.cancel(): canceling Sat Nov 24 02:50:33 UTC 2018
auto.tcl: Setting watchdog for 200 seconds at Sat Nov 24 02:50:33 UTC 2018
2 ms. Memory: 208384K Free: 196375K (94%)
ptolemy.util.test.WatchDog.cancel(): canceling Sat Nov 24 02:50:33 UTC 2018
------------------ testing $PTII/ptolemy/domains/de/test/auto/DepthTest6.xml
auto.tcl: Setting watchdog for 200 seconds at Sat Nov 24 02:50:33 UTC 2018
11 ms. Memory: 208384K Free: 196012K (94%)
ptolemy.util.test.WatchDog.cancel(): canceling Sat Nov 24 02:50:33 UTC 2018
auto.tcl: Setting watchdog for 200 seconds at Sat Nov 24 02:50:33 UTC 2018
2 ms. Memory: 208384K Free: 196012K (94%)
ptolemy.util.test.WatchDog.cancel(): canceling Sat Nov 24 02:50:33 UTC 2018
------------------ testing $PTII/ptolemy/domains/de/test/auto/DepthTest7.xml
auto.tcl: Setting watchdog for 200 seconds at Sat Nov 24 02:50:33 UTC 2018
1 ms. Memory: 208384K Free: 195994K (94%)
ptolemy.util.test.WatchDog.cancel(): canceling Sat Nov 24 02:50:33 UTC 2018
auto.tcl: Setting watchdog for 200 seconds at Sat Nov 24 02:50:33 UTC 2018
2 ms. Memory: 208384K Free: 195994K (94%)
ptolemy.util.test.WatchDog.cancel(): canceling Sat Nov 24 02:50:33 UTC 2018
------------------ testing $PTII/ptolemy/domains/de/test/auto/EventToDate.xml
auto.tcl: Setting watchdog for 200 seconds at Sat Nov 24 02:50:33 UTC 2018
3013 ms. Memory: 208384K Free: 185522K (89%)
ptolemy.util.test.WatchDog.cancel(): canceling Sat Nov 24 02:50:36 UTC 2018
auto.tcl: Setting watchdog for 200 seconds at Sat Nov 24 02:50:36 UTC 2018
3005 ms. Memory: 208384K Free: 185522K (89%)
ptolemy.util.test.WatchDog.cancel(): canceling Sat Nov 24 02:50:39 UTC 2018
------------------ testing $PTII/ptolemy/domains/de/test/auto/FSM1.xml
auto.tcl: Setting watchdog for 200 seconds at Sat Nov 24 02:50:39 UTC 2018
36 ms. Memory: 208384K Free: 186590K (90%)
ptolemy.util.test.WatchDog.cancel(): canceling Sat Nov 24 02:50:39 UTC 2018
auto.tcl: Setting watchdog for 200 seconds at Sat Nov 24 02:50:39 UTC 2018
23 ms. Memory: 208384K Free: 182393K (88%)
ptolemy.util.test.WatchDog.cancel(): canceling Sat Nov 24 02:50:39 UTC 2018
------------------ testing $PTII/ptolemy/domains/de/test/auto/FSM7.xml
auto.tcl: Setting watchdog for 200 seconds at Sat Nov 24 02:50:39 UTC 2018
12 ms. Memory: 208384K Free: 187153K (90%)
ptolemy.util.test.WatchDog.cancel(): canceling Sat Nov 24 02:50:39 UTC 2018
auto.tcl: Setting watchdog for 200 seconds at Sat Nov 24 02:50:39 UTC 2018
16 ms. Memory: 208384K Free: 185054K (89%)
ptolemy.util.test.WatchDog.cancel(): canceling Sat Nov 24 02:50:39 UTC 2018
------------------ testing $PTII/ptolemy/domains/de/test/auto/Inspection.xml
auto.tcl: Setting watchdog for 200 seconds at Sat Nov 24 02:50:39 UTC 2018
37 ms. Memory: 208384K Free: 188704K (91%)
ptolemy.util.test.WatchDog.cancel(): canceling Sat Nov 24 02:50:39 UTC 2018
auto.tcl: Setting watchdog for 200 seconds at Sat Nov 24 02:50:39 UTC 2018
18 ms. Memory: 208384K Free: 186605K (90%)
ptolemy.util.test.WatchDog.cancel(): canceling Sat Nov 24 02:50:39 UTC 2018
------------------ testing $PTII/ptolemy/domains/de/test/auto/Iteration.xml
auto.tcl: Setting watchdog for 200 seconds at Sat Nov 24 02:50:39 UTC 2018
7 ms. Memory: 208384K Free: 196138K (94%)
ptolemy.util.test.WatchDog.cancel(): canceling Sat Nov 24 02:50:39 UTC 2018
auto.tcl: Setting watchdog for 200 seconds at Sat Nov 24 02:50:39 UTC 2018
6 ms. Memory: 208384K Free: 194039K (93%)
ptolemy.util.test.WatchDog.cancel(): canceling Sat Nov 24 02:50:39 UTC 2018
------------------ testing $PTII/ptolemy/domains/de/test/auto/LineFault.xml
auto.tcl: Setting watchdog for 200 seconds at Sat Nov 24 02:50:39 UTC 2018
678 ms. Memory: 208384K Free: 196004K (94%)
ptolemy.util.test.WatchDog.cancel(): canceling Sat Nov 24 02:50:40 UTC 2018
auto.tcl: Setting watchdog for 200 seconds at Sat Nov 24 02:50:40 UTC 2018
563 ms. Memory: 208384K Free: 138707K (67%)
ptolemy.util.test.WatchDog.cancel(): canceling Sat Nov 24 02:50:41 UTC 2018
------------------ testing $PTII/ptolemy/domains/de/test/auto/MergeModel1Add.xml
auto.tcl: Setting watchdog for 200 seconds at Sat Nov 24 02:50:41 UTC 2018
27 ms. Memory: 331264K Free: 298578K (90%)
ptolemy.util.test.WatchDog.cancel(): canceling Sat Nov 24 02:50:41 UTC 2018
auto.tcl: Setting watchdog for 200 seconds at Sat Nov 24 02:50:41 UTC 2018
9 ms. Memory: 331264K Free: 298578K (90%)
ptolemy.util.test.WatchDog.cancel(): canceling Sat Nov 24 02:50:41 UTC 2018
------------------ testing $PTII/ptolemy/domains/de/test/auto/MergeModel2Add.xml
auto.tcl: Setting watchdog for 200 seconds at Sat Nov 24 02:50:41 UTC 2018
11 ms. Memory: 331264K Free: 303886K (92%)
ptolemy.util.test.WatchDog.cancel(): canceling Sat Nov 24 02:50:41 UTC 2018
auto.tcl: Setting watchdog for 200 seconds at Sat Nov 24 02:50:41 UTC 2018
7 ms. Memory: 331264K Free: 299924K (91%)
ptolemy.util.test.WatchDog.cancel(): canceling Sat Nov 24 02:50:41 UTC 2018
------------------ testing $PTII/ptolemy/domains/de/test/auto/MergeModel3Add.xml
auto.tcl: Setting watchdog for 200 seconds at Sat Nov 24 02:50:41 UTC 2018
10 ms. Memory: 331264K Free: 303912K (92%)
ptolemy.util.test.WatchDog.cancel(): canceling Sat Nov 24 02:50:41 UTC 2018
auto.tcl: Setting watchdog for 200 seconds at Sat Nov 24 02:50:41 UTC 2018
8 ms. Memory: 331264K Free: 299966K (91%)
ptolemy.util.test.WatchDog.cancel(): canceling Sat Nov 24 02:50:41 UTC 2018
------------------ testing $PTII/ptolemy/domains/de/test/auto/MergeWithoutDiscard.xml
auto.tcl: Setting watchdog for 200 seconds at Sat Nov 24 02:50:41 UTC 2018
6 ms. Memory: 331264K Free: 319979K (97%)
ptolemy.util.test.WatchDog.cancel(): canceling Sat Nov 24 02:50:41 UTC 2018
auto.tcl: Setting watchdog for 200 seconds at Sat Nov 24 02:50:41 UTC 2018
2 ms. Memory: 331264K Free: 315747K (95%)
ptolemy.util.test.WatchDog.cancel(): canceling Sat Nov 24 02:50:41 UTC 2018
------------------ testing $PTII/ptolemy/domains/de/test/auto/Modal1.xml
auto.tcl: Setting watchdog for 200 seconds at Sat Nov 24 02:50:41 UTC 2018
13 ms. Memory: 331264K Free: 309208K (93%)
ptolemy.util.test.WatchDog.cancel(): canceling Sat Nov 24 02:50:41 UTC 2018
auto.tcl: Setting watchdog for 200 seconds at Sat Nov 24 02:50:41 UTC 2018
24 ms. Memory: 331264K Free: 305262K (92%)
ptolemy.util.test.WatchDog.cancel(): canceling Sat Nov 24 02:50:41 UTC 2018
------------------ testing $PTII/ptolemy/domains/de/test/auto/Modal2.xml
auto.tcl: Setting watchdog for 200 seconds at Sat Nov 24 02:50:41 UTC 2018
15 ms. Memory: 331264K Free: 309080K (93%)
ptolemy.util.test.WatchDog.cancel(): canceling Sat Nov 24 02:50:42 UTC 2018
auto.tcl: Setting watchdog for 200 seconds at Sat Nov 24 02:50:42 UTC 2018
8 ms. Memory: 331264K Free: 305134K (92%)
ptolemy.util.test.WatchDog.cancel(): canceling Sat Nov 24 02:50:42 UTC 2018
------------------ testing $PTII/ptolemy/domains/de/test/auto/Modal3.xml
auto.tcl: Setting watchdog for 200 seconds at Sat Nov 24 02:50:42 UTC 2018
17 ms. Memory: 331264K Free: 309356K (93%)
ptolemy.util.test.WatchDog.cancel(): canceling Sat Nov 24 02:50:42 UTC 2018
auto.tcl: Setting watchdog for 200 seconds at Sat Nov 24 02:50:42 UTC 2018
12 ms. Memory: 331264K Free: 305125K (92%)
ptolemy.util.test.WatchDog.cancel(): canceling Sat Nov 24 02:50:42 UTC 2018
------------------ testing $PTII/ptolemy/domains/de/test/auto/Modal4.xml
auto.tcl: Setting watchdog for 200 seconds at Sat Nov 24 02:50:42 UTC 2018
16 ms. Memory: 331264K Free: 304177K (92%)
ptolemy.util.test.WatchDog.cancel(): canceling Sat Nov 24 02:50:42 UTC 2018
auto.tcl: Setting watchdog for 200 seconds at Sat Nov 24 02:50:42 UTC 2018
11 ms. Memory: 331264K Free: 300215K (91%)
ptolemy.util.test.WatchDog.cancel(): canceling Sat Nov 24 02:50:42 UTC 2018
------------------ testing $PTII/ptolemy/domains/de/test/auto/Modal5.xml
auto.tcl: Setting watchdog for 200 seconds at Sat Nov 24 02:50:42 UTC 2018
18 ms. Memory: 331264K Free: 309096K (93%)
ptolemy.util.test.WatchDog.cancel(): canceling Sat Nov 24 02:50:42 UTC 2018
auto.tcl: Setting watchdog for 200 seconds at Sat Nov 24 02:50:42 UTC 2018
11 ms. Memory: 331264K Free: 305134K (92%)
ptolemy.util.test.WatchDog.cancel(): canceling Sat Nov 24 02:50:42 UTC 2018
------------------ testing $PTII/ptolemy/domains/de/test/auto/Modal6.xml
auto.tcl: Setting watchdog for 200 seconds at Sat Nov 24 02:50:42 UTC 2018
10 ms. Memory: 331264K Free: 309077K (93%)
ptolemy.util.test.WatchDog.cancel(): canceling Sat Nov 24 02:50:42 UTC 2018
auto.tcl: Setting watchdog for 200 seconds at Sat Nov 24 02:50:42 UTC 2018
12 ms. Memory: 331264K Free: 305115K (92%)
ptolemy.util.test.WatchDog.cancel(): canceling Sat Nov 24 02:50:42 UTC 2018
------------------ testing $PTII/ptolemy/domains/de/test/auto/Modal7.xml
auto.tcl: Setting watchdog for 200 seconds at Sat Nov 24 02:50:42 UTC 2018
17 ms. Memory: 331264K Free: 309085K (93%)
ptolemy.util.test.WatchDog.cancel(): canceling Sat Nov 24 02:50:42 UTC 2018
auto.tcl: Setting watchdog for 200 seconds at Sat Nov 24 02:50:42 UTC 2018
10 ms. Memory: 331264K Free: 305123K (92%)
ptolemy.util.test.WatchDog.cancel(): canceling Sat Nov 24 02:50:42 UTC 2018
------------------ testing $PTII/ptolemy/domains/de/test/auto/ModalModel.xml
auto.tcl: Setting watchdog for 200 seconds at Sat Nov 24 02:50:42 UTC 2018
197 ms. Memory: 331264K Free: 245313K (74%)
ptolemy.util.test.WatchDog.cancel(): canceling Sat Nov 24 02:50:42 UTC 2018
auto.tcl: Setting watchdog for 200 seconds at Sat Nov 24 02:50:42 UTC 2018
173 ms. Memory: 331264K Free: 189939K (57%)
ptolemy.util.test.WatchDog.cancel(): canceling Sat Nov 24 02:50:43 UTC 2018
------------------ testing $PTII/ptolemy/domains/de/test/auto/ModalSource.xml
auto.tcl: Setting watchdog for 200 seconds at Sat Nov 24 02:50:43 UTC 2018
9 ms. Memory: 331264K Free: 315891K (95%)
ptolemy.util.test.WatchDog.cancel(): canceling Sat Nov 24 02:50:43 UTC 2018
auto.tcl: Setting watchdog for 200 seconds at Sat Nov 24 02:50:43 UTC 2018
5 ms. Memory: 331264K Free: 312377K (94%)
ptolemy.util.test.WatchDog.cancel(): canceling Sat Nov 24 02:50:43 UTC 2018
------------------ testing $PTII/ptolemy/domains/de/test/auto/NonInterruptibleTimerZeroDelay.xml
auto.tcl: Setting watchdog for 200 seconds at Sat Nov 24 02:50:43 UTC 2018
3 ms. Memory: 331264K Free: 320243K (97%)
ptolemy.util.test.WatchDog.cancel(): canceling Sat Nov 24 02:50:43 UTC 2018
auto.tcl: Setting watchdog for 200 seconds at Sat Nov 24 02:50:43 UTC 2018
2 ms. Memory: 331264K Free: 316713K (96%)
ptolemy.util.test.WatchDog.cancel(): canceling Sat Nov 24 02:50:43 UTC 2018
------------------ testing $PTII/ptolemy/domains/de/test/auto/OpenQueueingNetwork.xml
auto.tcl: Setting watchdog for 200 seconds at Sat Nov 24 02:50:43 UTC 2018
2590 ms. Memory: 573952K Free: 413614K (72%)
ptolemy.util.test.WatchDog.cancel(): canceling Sat Nov 24 02:50:45 UTC 2018
auto.tcl: Setting watchdog for 200 seconds at Sat Nov 24 02:50:45 UTC 2018
2266 ms. Memory: 550912K Free: 310995K (56%)
ptolemy.util.test.WatchDog.cancel(): canceling Sat Nov 24 02:50:48 UTC 2018
------------------ testing $PTII/ptolemy/domains/de/test/auto/OpenQueuingNetwork.xml
auto.tcl: Setting watchdog for 200 seconds at Sat Nov 24 02:50:48 UTC 2018
213 ms. Memory: 549888K Free: 445088K (81%)
ptolemy.util.test.WatchDog.cancel(): canceling Sat Nov 24 02:50:48 UTC 2018
auto.tcl: Setting watchdog for 200 seconds at Sat Nov 24 02:50:48 UTC 2018
214 ms. Memory: 549888K Free: 385479K (70%)
ptolemy.util.test.WatchDog.cancel(): canceling Sat Nov 24 02:50:48 UTC 2018
------------------ testing $PTII/ptolemy/domains/de/test/auto/PeriodicSampler.xml
auto.tcl: Setting watchdog for 200 seconds at Sat Nov 24 02:50:48 UTC 2018
3 ms. Memory: 551936K Free: 531265K (96%)
ptolemy.util.test.WatchDog.cancel(): canceling Sat Nov 24 02:50:48 UTC 2018
auto.tcl: Setting watchdog for 200 seconds at Sat Nov 24 02:50:48 UTC 2018
1 ms. Memory: 551936K Free: 531265K (96%)
ptolemy.util.test.WatchDog.cancel(): canceling Sat Nov 24 02:50:48 UTC 2018
------------------ testing $PTII/ptolemy/domains/de/test/auto/PersistentIO.xml
auto.tcl: Setting watchdog for 200 seconds at Sat Nov 24 02:50:48 UTC 2018
11 ms. Memory: 549376K Free: 524098K (95%)
ptolemy.util.test.WatchDog.cancel(): canceling Sat Nov 24 02:50:48 UTC 2018
auto.tcl: Setting watchdog for 200 seconds at Sat Nov 24 02:50:48 UTC 2018
3 ms. Memory: 549376K Free: 524098K (95%)
ptolemy.util.test.WatchDog.cancel(): canceling Sat Nov 24 02:50:48 UTC 2018
------------------ testing $PTII/ptolemy/domains/de/test/auto/PortParameterResetOnInitialize.xml
auto.tcl: Setting watchdog for 200 seconds at Sat Nov 24 02:50:48 UTC 2018
1 ms. Memory: 551424K Free: 531213K (96%)
ptolemy.util.test.WatchDog.cancel(): canceling Sat Nov 24 02:50:49 UTC 2018
auto.tcl: Setting watchdog for 200 seconds at Sat Nov 24 02:50:49 UTC 2018
1 ms. Memory: 551424K Free: 531213K (96%)
ptolemy.util.test.WatchDog.cancel(): canceling Sat Nov 24 02:50:49 UTC 2018
------------------ testing $PTII/ptolemy/domains/de/test/auto/PortParameterUpdates.xml
auto.tcl: Setting watchdog for 200 seconds at Sat Nov 24 02:50:49 UTC 2018
4 ms. Memory: 549376K Free: 533979K (97%)
ptolemy.util.test.WatchDog.cancel(): canceling Sat Nov 24 02:50:49 UTC 2018
auto.tcl: Setting watchdog for 200 seconds at Sat Nov 24 02:50:49 UTC 2018
4 ms. Memory: 549376K Free: 528559K (96%)
ptolemy.util.test.WatchDog.cancel(): canceling Sat Nov 24 02:50:49 UTC 2018
------------------ testing $PTII/ptolemy/domains/de/test/auto/QueueAndServer.xml
auto.tcl: Setting watchdog for 200 seconds at Sat Nov 24 02:50:49 UTC 2018
11 ms. Memory: 551424K Free: 530783K (96%)
ptolemy.util.test.WatchDog.cancel(): canceling Sat Nov 24 02:50:49 UTC 2018
auto.tcl: Setting watchdog for 200 seconds at Sat Nov 24 02:50:49 UTC 2018
5 ms. Memory: 551424K Free: 530553K (96%)
ptolemy.util.test.WatchDog.cancel(): canceling Sat Nov 24 02:50:49 UTC 2018
------------------ testing $PTII/ptolemy/domains/de/test/auto/Records.xml
auto.tcl: Setting watchdog for 200 seconds at Sat Nov 24 02:50:49 UTC 2018
12 ms. Memory: 549376K Free: 533884K (97%)
ptolemy.util.test.WatchDog.cancel(): canceling Sat Nov 24 02:50:49 UTC 2018
auto.tcl: Setting watchdog for 200 seconds at Sat Nov 24 02:50:49 UTC 2018
2 ms. Memory: 549376K Free: 528464K (96%)
ptolemy.util.test.WatchDog.cancel(): canceling Sat Nov 24 02:50:49 UTC 2018
------------------ testing $PTII/ptolemy/domains/de/test/auto/ResetTransitionWithStartTime1.xml
auto.tcl: Setting watchdog for 200 seconds at Sat Nov 24 02:50:49 UTC 2018
10 ms. Memory: 551424K Free: 530752K (96%)
ptolemy.util.test.WatchDog.cancel(): canceling Sat Nov 24 02:50:49 UTC 2018
auto.tcl: Setting watchdog for 200 seconds at Sat Nov 24 02:50:49 UTC 2018
5 ms. Memory: 551424K Free: 530522K (96%)
ptolemy.util.test.WatchDog.cancel(): canceling Sat Nov 24 02:50:49 UTC 2018
------------------ testing $PTII/ptolemy/domains/de/test/auto/ResetTransitionWithStartTime2.xml
auto.tcl: Setting watchdog for 200 seconds at Sat Nov 24 02:50:49 UTC 2018
7 ms. Memory: 549376K Free: 528694K (96%)
ptolemy.util.test.WatchDog.cancel(): canceling Sat Nov 24 02:50:49 UTC 2018
auto.tcl: Setting watchdog for 200 seconds at Sat Nov 24 02:50:49 UTC 2018
5 ms. Memory: 549376K Free: 528694K (96%)
ptolemy.util.test.WatchDog.cancel(): canceling Sat Nov 24 02:50:49 UTC 2018
------------------ testing $PTII/ptolemy/domains/de/test/auto/ResetTransitionWithStartTime3.xml
auto.tcl: Setting watchdog for 200 seconds at Sat Nov 24 02:50:49 UTC 2018
7 ms. Memory: 550912K Free: 529861K (96%)
ptolemy.util.test.WatchDog.cancel(): canceling Sat Nov 24 02:50:49 UTC 2018
auto.tcl: Setting watchdog for 200 seconds at Sat Nov 24 02:50:49 UTC 2018
5 ms. Memory: 550912K Free: 529861K (96%)
ptolemy.util.test.WatchDog.cancel(): canceling Sat Nov 24 02:50:49 UTC 2018
------------------ testing $PTII/ptolemy/domains/de/test/auto/ResetTransitionWithStartTime4.xml
auto.tcl: Setting watchdog for 200 seconds at Sat Nov 24 02:50:49 UTC 2018
5 ms. Memory: 549376K Free: 528322K (96%)
ptolemy.util.test.WatchDog.cancel(): canceling Sat Nov 24 02:50:49 UTC 2018
auto.tcl: Setting watchdog for 200 seconds at Sat Nov 24 02:50:49 UTC 2018
3 ms. Memory: 549376K Free: 528322K (96%)
ptolemy.util.test.WatchDog.cancel(): canceling Sat Nov 24 02:50:49 UTC 2018
------------------ testing $PTII/ptolemy/domains/de/test/auto/ResettableTimer1.xml
auto.tcl: Setting watchdog for 200 seconds at Sat Nov 24 02:50:49 UTC 2018
4 ms. Memory: 550912K Free: 535289K (97%)
ptolemy.util.test.WatchDog.cancel(): canceling Sat Nov 24 02:50:49 UTC 2018
auto.tcl: Setting watchdog for 200 seconds at Sat Nov 24 02:50:49 UTC 2018
2 ms. Memory: 550912K Free: 535289K (97%)
ptolemy.util.test.WatchDog.cancel(): canceling Sat Nov 24 02:50:49 UTC 2018
------------------ testing $PTII/ptolemy/domains/de/test/auto/ResettableTimer2.xml
auto.tcl: Setting watchdog for 200 seconds at Sat Nov 24 02:50:49 UTC 2018
4 ms. Memory: 549376K Free: 534041K (97%)
ptolemy.util.test.WatchDog.cancel(): canceling Sat Nov 24 02:50:49 UTC 2018
auto.tcl: Setting watchdog for 200 seconds at Sat Nov 24 02:50:49 UTC 2018
2 ms. Memory: 549376K Free: 534041K (97%)
ptolemy.util.test.WatchDog.cancel(): canceling Sat Nov 24 02:50:49 UTC 2018
------------------ testing $PTII/ptolemy/domains/de/test/auto/ResettableTimer3.xml
auto.tcl: Setting watchdog for 200 seconds at Sat Nov 24 02:50:49 UTC 2018
2 ms. Memory: 550912K Free: 535347K (97%)
ptolemy.util.test.WatchDog.cancel(): canceling Sat Nov 24 02:50:49 UTC 2018
auto.tcl: Setting watchdog for 200 seconds at Sat Nov 24 02:50:49 UTC 2018
1 ms. Memory: 550912K Free: 535347K (97%)
ptolemy.util.test.WatchDog.cancel(): canceling Sat Nov 24 02:50:49 UTC 2018
------------------ testing $PTII/ptolemy/domains/de/test/auto/ResettableTimer4.xml
auto.tcl: Setting watchdog for 200 seconds at Sat Nov 24 02:50:49 UTC 2018
1 ms. Memory: 549376K Free: 534053K (97%)
ptolemy.util.test.WatchDog.cancel(): canceling Sat Nov 24 02:50:49 UTC 2018
auto.tcl: Setting watchdog for 200 seconds at Sat Nov 24 02:50:49 UTC 2018
1 ms. Memory: 549376K Free: 534053K (97%)
ptolemy.util.test.WatchDog.cancel(): canceling Sat Nov 24 02:50:49 UTC 2018
------------------ testing $PTII/ptolemy/domains/de/test/auto/ResettableTimer5.xml
auto.tcl: Setting watchdog for 200 seconds at Sat Nov 24 02:50:49 UTC 2018
1 ms. Memory: 550400K Free: 530396K (96%)
ptolemy.util.test.WatchDog.cancel(): canceling Sat Nov 24 02:50:49 UTC 2018
auto.tcl: Setting watchdog for 200 seconds at Sat Nov 24 02:50:49 UTC 2018
1 ms. Memory: 550400K Free: 530396K (96%)
ptolemy.util.test.WatchDog.cancel(): canceling Sat Nov 24 02:50:49 UTC 2018
------------------ testing $PTII/ptolemy/domains/de/test/auto/ResettableTimer6.xml
auto.tcl: Setting watchdog for 200 seconds at Sat Nov 24 02:50:49 UTC 2018
2 ms. Memory: 549376K Free: 529091K (96%)
ptolemy.util.test.WatchDog.cancel(): canceling Sat Nov 24 02:50:49 UTC 2018
auto.tcl: Setting watchdog for 200 seconds at Sat Nov 24 02:50:49 UTC 2018
2 ms. Memory: 549376K Free: 529091K (96%)
ptolemy.util.test.WatchDog.cancel(): canceling Sat Nov 24 02:50:49 UTC 2018
------------------ testing $PTII/ptolemy/domains/de/test/auto/ServerZeroDelay.xml
auto.tcl: Setting watchdog for 200 seconds at Sat Nov 24 02:50:49 UTC 2018
4 ms. Memory: 550400K Free: 535016K (97%)
ptolemy.util.test.WatchDog.cancel(): canceling Sat Nov 24 02:50:49 UTC 2018
auto.tcl: Setting watchdog for 200 seconds at Sat Nov 24 02:50:49 UTC 2018
2 ms. Memory: 550400K Free: 535016K (97%)
ptolemy.util.test.WatchDog.cancel(): canceling Sat Nov 24 02:50:49 UTC 2018
------------------ testing $PTII/ptolemy/domains/de/test/auto/SmartSender.xml
auto.tcl: Setting watchdog for 200 seconds at Sat Nov 24 02:50:50 UTC 2018
3002 ms. Memory: 549376K Free: 529307K (96%)
ptolemy.util.test.WatchDog.cancel(): canceling Sat Nov 24 02:50:53 UTC 2018
auto.tcl: Setting watchdog for 200 seconds at Sat Nov 24 02:50:53 UTC 2018
3002 ms. Memory: 549376K Free: 529307K (96%)
ptolemy.util.test.WatchDog.cancel(): canceling Sat Nov 24 02:50:56 UTC 2018
------------------ testing $PTII/ptolemy/domains/de/test/auto/ThreadedComposite.xml
auto.tcl: Setting watchdog for 200 seconds at Sat Nov 24 02:50:56 UTC 2018
224 ms. Memory: 550400K Free: 509894K (93%)
ptolemy.util.test.WatchDog.cancel(): canceling Sat Nov 24 02:50:56 UTC 2018
auto.tcl: Setting watchdog for 200 seconds at Sat Nov 24 02:50:56 UTC 2018
134 ms. Memory: 550400K Free: 495115K (90%)
ptolemy.util.test.WatchDog.cancel(): canceling Sat Nov 24 02:50:56 UTC 2018
------------------ testing $PTII/ptolemy/domains/de/test/auto/Time.xml
auto.tcl: Setting watchdog for 200 seconds at Sat Nov 24 02:50:56 UTC 2018
517 ms. Memory: 549376K Free: 482002K (88%)
ptolemy.util.test.WatchDog.cancel(): canceling Sat Nov 24 02:50:57 UTC 2018
auto.tcl: Setting watchdog for 200 seconds at Sat Nov 24 02:50:57 UTC 2018
460 ms. Memory: 549376K Free: 427811K (78%)
ptolemy.util.test.WatchDog.cancel(): canceling Sat Nov 24 02:50:57 UTC 2018
------------------ testing $PTII/ptolemy/domains/de/test/auto/TimeDelayZeroDelay.xml
auto.tcl: Setting watchdog for 200 seconds at Sat Nov 24 02:50:57 UTC 2018
2 ms. Memory: 550400K Free: 534700K (97%)
ptolemy.util.test.WatchDog.cancel(): canceling Sat Nov 24 02:50:57 UTC 2018
auto.tcl: Setting watchdog for 200 seconds at Sat Nov 24 02:50:57 UTC 2018
2 ms. Memory: 550400K Free: 534700K (97%)
ptolemy.util.test.WatchDog.cancel(): canceling Sat Nov 24 02:50:57 UTC 2018
------------------ testing $PTII/ptolemy/domains/de/test/auto/TimerZeroDelay.xml
auto.tcl: Setting watchdog for 200 seconds at Sat Nov 24 02:50:57 UTC 2018
4 ms. Memory: 549376K Free: 533949K (97%)
ptolemy.util.test.WatchDog.cancel(): canceling Sat Nov 24 02:50:57 UTC 2018
auto.tcl: Setting watchdog for 200 seconds at Sat Nov 24 02:50:57 UTC 2018
3 ms. Memory: 549376K Free: 533949K (97%)
ptolemy.util.test.WatchDog.cancel(): canceling Sat Nov 24 02:50:57 UTC 2018
------------------ testing $PTII/ptolemy/domains/de/test/auto/TimingParadox.xml
auto.tcl: Setting watchdog for 200 seconds at Sat Nov 24 02:50:57 UTC 2018
333 ms. Memory: 549888K Free: 468927K (85%)
ptolemy.util.test.WatchDog.cancel(): canceling Sat Nov 24 02:50:58 UTC 2018
auto.tcl: Setting watchdog for 200 seconds at Sat Nov 24 02:50:58 UTC 2018
287 ms. Memory: 549888K Free: 436413K (79%)
ptolemy.util.test.WatchDog.cancel(): canceling Sat Nov 24 02:50:58 UTC 2018
------------------ testing $PTII/ptolemy/domains/de/test/auto/TransferInputs.xml
auto.tcl: Setting watchdog for 200 seconds at Sat Nov 24 02:50:58 UTC 2018
2 ms. Memory: 549888K Free: 533365K (97%)
ptolemy.util.test.WatchDog.cancel(): canceling Sat Nov 24 02:50:58 UTC 2018
auto.tcl: Setting watchdog for 200 seconds at Sat Nov 24 02:50:58 UTC 2018
1 ms. Memory: 549888K Free: 533365K (97%)
ptolemy.util.test.WatchDog.cancel(): canceling Sat Nov 24 02:50:58 UTC 2018
------------------ testing $PTII/ptolemy/domains/de/test/auto/TransferOutputs2.xml
auto.tcl: Setting watchdog for 200 seconds at Sat Nov 24 02:50:58 UTC 2018
2 ms. Memory: 549376K Free: 523840K (95%)
ptolemy.util.test.WatchDog.cancel(): canceling Sat Nov 24 02:50:58 UTC 2018
auto.tcl: Setting watchdog for 200 seconds at Sat Nov 24 02:50:58 UTC 2018
2 ms. Memory: 549376K Free: 523840K (95%)
ptolemy.util.test.WatchDog.cancel(): canceling Sat Nov 24 02:50:58 UTC 2018
------------------ testing $PTII/ptolemy/domains/de/test/auto/Trilateration.xml
auto.tcl: Setting watchdog for 200 seconds at Sat Nov 24 02:50:58 UTC 2018
12697 ms. Memory: 766976K Free: 251436K (33%)
ptolemy.util.test.WatchDog.cancel(): canceling Sat Nov 24 02:51:12 UTC 2018
auto.tcl: Setting watchdog for 200 seconds at Sat Nov 24 02:51:12 UTC 2018
10629 ms. Memory: 646144K Free: 97309K (15%)
ptolemy.util.test.WatchDog.cancel(): canceling Sat Nov 24 02:51:22 UTC 2018
------------------ testing $PTII/ptolemy/domains/de/test/auto/TwoSigmaDelta.xml
auto.tcl: Setting watchdog for 200 seconds at Sat Nov 24 02:51:23 UTC 2018
2686 ms. Memory: 649728K Free: 330393K (51%)
ptolemy.util.test.WatchDog.cancel(): canceling Sat Nov 24 02:51:25 UTC 2018
auto.tcl: Setting watchdog for 200 seconds at Sat Nov 24 02:51:25 UTC 2018
1996 ms. Memory: 649728K Free: 104525K (16%)
ptolemy.util.test.WatchDog.cancel(): canceling Sat Nov 24 02:51:27 UTC 2018
------------------ testing $PTII/ptolemy/domains/de/test/auto/VariableDelay.xml
auto.tcl: Setting watchdog for 200 seconds at Sat Nov 24 02:51:27 UTC 2018
2 ms. Memory: 646656K Free: 626590K (97%)
ptolemy.util.test.WatchDog.cancel(): canceling Sat Nov 24 02:51:28 UTC 2018
auto.tcl: Setting watchdog for 200 seconds at Sat Nov 24 02:51:28 UTC 2018
2 ms. Memory: 646656K Free: 626590K (97%)
ptolemy.util.test.WatchDog.cancel(): canceling Sat Nov 24 02:51:28 UTC 2018
------------------ testing $PTII/ptolemy/domains/de/test/auto/VariableDelay2.xml
auto.tcl: Setting watchdog for 200 seconds at Sat Nov 24 02:51:28 UTC 2018
1 ms. Memory: 646144K Free: 626524K (97%)
ptolemy.util.test.WatchDog.cancel(): canceling Sat Nov 24 02:51:28 UTC 2018
auto.tcl: Setting watchdog for 200 seconds at Sat Nov 24 02:51:28 UTC 2018
2 ms. Memory: 646144K Free: 626524K (97%)
ptolemy.util.test.WatchDog.cancel(): canceling Sat Nov 24 02:51:28 UTC 2018
------------------ testing $PTII/ptolemy/domains/de/test/auto/VariableDelayZeroDelay.xml
auto.tcl: Setting watchdog for 200 seconds at Sat Nov 24 02:51:28 UTC 2018
1 ms. Memory: 646144K Free: 620875K (96%)
ptolemy.util.test.WatchDog.cancel(): canceling Sat Nov 24 02:51:28 UTC 2018
auto.tcl: Setting watchdog for 200 seconds at Sat Nov 24 02:51:28 UTC 2018
2 ms. Memory: 646144K Free: 620875K (96%)
ptolemy.util.test.WatchDog.cancel(): canceling Sat Nov 24 02:51:28 UTC 2018
------------------ testing $PTII/ptolemy/domains/de/test/auto/VariableDelayZeroDelay2.xml
auto.tcl: Setting watchdog for 200 seconds at Sat Nov 24 02:51:28 UTC 2018
2 ms. Memory: 649216K Free: 623946K (96%)
ptolemy.util.test.WatchDog.cancel(): canceling Sat Nov 24 02:51:28 UTC 2018
auto.tcl: Setting watchdog for 200 seconds at Sat Nov 24 02:51:28 UTC 2018
2 ms. Memory: 649216K Free: 623946K (96%)
ptolemy.util.test.WatchDog.cancel(): canceling Sat Nov 24 02:51:28 UTC 2018
------------------ testing $PTII/ptolemy/domains/de/test/auto/deInCt.xml
auto.tcl: Setting watchdog for 200 seconds at Sat Nov 24 02:51:28 UTC 2018
0
1
1
1
1
0
0
0
0
0
0
1
1
1
1
1
0
0
0
1
1
1
0
0
0
1
1
1
1
7 ms. Memory: 646144K Free: 620839K (96%)
ptolemy.util.test.WatchDog.cancel(): canceling Sat Nov 24 02:51:28 UTC 2018
auto.tcl: Setting watchdog for 200 seconds at Sat Nov 24 02:51:28 UTC 2018
0
1
1
1
1
0
0
0
0
0
1
1
1
0
0
0
1
1
1
0
0
0
1
1
1
0
0
0
1
1
0
0
0
0
1
1
1
0
0
1
1
1
0
0
0
0
0
10 ms. Memory: 646144K Free: 620839K (96%)
ptolemy.util.test.WatchDog.cancel(): canceling Sat Nov 24 02:51:28 UTC 2018
------------------ testing $PTII/ptolemy/domains/de/test/auto/deInCt2.xml
auto.tcl: Setting watchdog for 200 seconds at Sat Nov 24 02:51:28 UTC 2018
0
1
1
1
0
0
1
1
1
0
0
1
1
1
0
0
1
1
1
0
0
1
1
1
0
0
1
1
1
0
0
1
1
1
0
0
1
1
1
0
0
0
8 ms. Memory: 648704K Free: 623399K (96%)
ptolemy.util.test.WatchDog.cancel(): canceling Sat Nov 24 02:51:28 UTC 2018
auto.tcl: Setting watchdog for 200 seconds at Sat Nov 24 02:51:28 UTC 2018
0
1
1
1
0
0
1
1
1
0
0
1
1
1
0
0
1
1
1
0
0
1
1
1
0
0
1
1
1
0
0
1
1
1
0
0
1
1
1
0
0
0
5 ms. Memory: 648704K Free: 623399K (96%)
ptolemy.util.test.WatchDog.cancel(): canceling Sat Nov 24 02:51:28 UTC 2018
------------------ testing $PTII/ptolemy/domains/de/test/auto/dynamicCausalityInterface1.xml
auto.tcl: Setting watchdog for 200 seconds at Sat Nov 24 02:51:28 UTC 2018
3 ms. Memory: 646144K Free: 617979K (96%)
ptolemy.util.test.WatchDog.cancel(): canceling Sat Nov 24 02:51:28 UTC 2018
auto.tcl: Setting watchdog for 200 seconds at Sat Nov 24 02:51:28 UTC 2018
1 ms. Memory: 646144K Free: 617979K (96%)
ptolemy.util.test.WatchDog.cancel(): canceling Sat Nov 24 02:51:28 UTC 2018
------------------ testing $PTII/ptolemy/domains/de/test/auto/fsm_de_test.xml
auto.tcl: Setting watchdog for 200 seconds at Sat Nov 24 02:51:28 UTC 2018
13 ms. Memory: 648192K Free: 622809K (96%)
ptolemy.util.test.WatchDog.cancel(): canceling Sat Nov 24 02:51:28 UTC 2018
auto.tcl: Setting watchdog for 200 seconds at Sat Nov 24 02:51:28 UTC 2018
5 ms. Memory: 648192K Free: 614274K (95%)
ptolemy.util.test.WatchDog.cancel(): canceling Sat Nov 24 02:51:28 UTC 2018
------------------ testing $PTII/ptolemy/domains/de/test/auto/functionDependencyReconstruction.xml
auto.tcl: Setting watchdog for 200 seconds at Sat Nov 24 02:51:28 UTC 2018
2 ms. Memory: 646144K Free: 612217K (95%)
ptolemy.util.test.WatchDog.cancel(): canceling Sat Nov 24 02:51:28 UTC 2018
auto.tcl: Setting watchdog for 200 seconds at Sat Nov 24 02:51:28 UTC 2018
3 ms. Memory: 646144K Free: 603682K (93%)
ptolemy.util.test.WatchDog.cancel(): canceling Sat Nov 24 02:51:28 UTC 2018
------------------ testing $PTII/ptolemy/domains/de/test/auto/multirate.xml
auto.tcl: Setting watchdog for 200 seconds at Sat Nov 24 02:51:28 UTC 2018
3 ms. Memory: 648192K Free: 622677K (96%)
ptolemy.util.test.WatchDog.cancel(): canceling Sat Nov 24 02:51:28 UTC 2018
auto.tcl: Setting watchdog for 200 seconds at Sat Nov 24 02:51:28 UTC 2018
3 ms. Memory: 648192K Free: 622677K (96%)
ptolemy.util.test.WatchDog.cancel(): canceling Sat Nov 24 02:51:28 UTC 2018
------------------ testing $PTII/ptolemy/domains/de/test/auto/multirate2.xml
auto.tcl: Setting watchdog for 200 seconds at Sat Nov 24 02:51:28 UTC 2018
3 ms. Memory: 646144K Free: 620815K (96%)
ptolemy.util.test.WatchDog.cancel(): canceling Sat Nov 24 02:51:28 UTC 2018
auto.tcl: Setting watchdog for 200 seconds at Sat Nov 24 02:51:28 UTC 2018
2 ms. Memory: 646144K Free: 620815K (96%)
ptolemy.util.test.WatchDog.cancel(): canceling Sat Nov 24 02:51:28 UTC 2018
------------------ testing $PTII/ptolemy/domains/de/test/auto/realtime.xml
auto.tcl: Setting watchdog for 200 seconds at Sat Nov 24 02:51:28 UTC 2018
10001 ms. Memory: 647680K Free: 622318K (96%)
ptolemy.util.test.WatchDog.cancel(): canceling Sat Nov 24 02:51:38 UTC 2018
auto.tcl: Setting watchdog for 200 seconds at Sat Nov 24 02:51:38 UTC 2018
10000 ms. Memory: 647680K Free: 622318K (96%)
ptolemy.util.test.WatchDog.cancel(): canceling Sat Nov 24 02:51:48 UTC 2018
------------------ testing $PTII/ptolemy/domains/de/test/auto/relationGroup.xml
auto.tcl: Setting watchdog for 200 seconds at Sat Nov 24 02:51:48 UTC 2018
1 ms. Memory: 646144K Free: 620839K (96%)
ptolemy.util.test.WatchDog.cancel(): canceling Sat Nov 24 02:51:48 UTC 2018
auto.tcl: Setting watchdog for 200 seconds at Sat Nov 24 02:51:48 UTC 2018
2 ms. Memory: 646144K Free: 620839K (96%)
ptolemy.util.test.WatchDog.cancel(): canceling Sat Nov 24 02:51:48 UTC 2018
------------------ testing $PTII/ptolemy/domains/de/test/auto/relationGroup2.xml
auto.tcl: Setting watchdog for 200 seconds at Sat Nov 24 02:51:48 UTC 2018
1 ms. Memory: 647680K Free: 622401K (96%)
ptolemy.util.test.WatchDog.cancel(): canceling Sat Nov 24 02:51:48 UTC 2018
auto.tcl: Setting watchdog for 200 seconds at Sat Nov 24 02:51:48 UTC 2018
1 ms. Memory: 647680K Free: 622401K (96%)
ptolemy.util.test.WatchDog.cancel(): canceling Sat Nov 24 02:51:48 UTC 2018
------------------ testing $PTII/ptolemy/domains/de/test/auto/sortWithOpaquePorts.xml
auto.tcl: Setting watchdog for 200 seconds at Sat Nov 24 02:51:48 UTC 2018
1 ms. Memory: 646144K Free: 620866K (96%)
ptolemy.util.test.WatchDog.cancel(): canceling Sat Nov 24 02:51:49 UTC 2018
auto.tcl: Setting watchdog for 200 seconds at Sat Nov 24 02:51:49 UTC 2018
2 ms. Memory: 646144K Free: 620866K (96%)
ptolemy.util.test.WatchDog.cancel(): canceling Sat Nov 24 02:51:49 UTC 2018
------------------ testing $PTII/ptolemy/domains/de/test/auto/transferInputsandOutputs.xml
auto.tcl: Setting watchdog for 200 seconds at Sat Nov 24 02:51:49 UTC 2018
2 ms. Memory: 647168K Free: 621877K (96%)
ptolemy.util.test.WatchDog.cancel(): canceling Sat Nov 24 02:51:49 UTC 2018
auto.tcl: Setting watchdog for 200 seconds at Sat Nov 24 02:51:49 UTC 2018
4 ms. Memory: 647168K Free: 621877K (96%)
ptolemy.util.test.WatchDog.cancel(): canceling Sat Nov 24 02:51:49 UTC 2018
------------------ testing $PTII/ptolemy/domains/de/test/auto/triggerType.xml
auto.tcl: Setting watchdog for 200 seconds at Sat Nov 24 02:51:49 UTC 2018
2 ms. Memory: 646144K Free: 620804K (96%)
ptolemy.util.test.WatchDog.cancel(): canceling Sat Nov 24 02:51:49 UTC 2018
auto.tcl: Setting watchdog for 200 seconds at Sat Nov 24 02:51:49 UTC 2018
2 ms. Memory: 646144K Free: 620804K (96%)
ptolemy.util.test.WatchDog.cancel(): canceling Sat Nov 24 02:51:49 UTC 2018
11/24/18 02:51:49
Failed: 0  Total Tests: 192  ((Passed: 187, Newly Passed: 1)  Known Failed: 5) /home/travis/build/icyphy/ptII/ptolemy/domains/de/test
11/24/18 02:51:49
Failed: 0  Total Tests: 192  ((Passed: 187, Newly Passed: 1)  Known Failed: 5) /home/travis/build/icyphy/ptII/ptolemy/domains/de/test
----------------- testing (KnownFailure) /home/travis/build/icyphy/ptII/ptolemy/domains/de/test/auto/knownFailedTests/DESDFClockTest.xml
2011 ms. Memory: 647168K Free: 610555K (94%)
Known Failure: java.lang.reflect.InvocationTargetException
----------------- testing (KnownFailure) /home/travis/build/icyphy/ptII/ptolemy/domains/de/test/auto/knownFailedTests/DirectFeedback.xml
1 ms. Memory: 647168K Free: 565376K (87%)
Known Failure: java.lang.reflect.InvocationTargetException
----------------- testing (KnownFailure) /home/travis/build/icyphy/ptII/ptolemy/domains/de/test/auto/knownFailedTests/FSMSource.xml
19 ms. Memory: 647168K Free: 520197K (80%)
----------------- testing (KnownFailure) /home/travis/build/icyphy/ptII/ptolemy/domains/de/test/auto/knownFailedTests/HierarchicalModel.xml
2 ms. Memory: 647168K Free: 486312K (75%)
Known Failure: java.lang.reflect.InvocationTargetException
----------------- testing (KnownFailure) /home/travis/build/icyphy/ptII/ptolemy/domains/de/test/auto/knownFailedTests/dependencyLoop.xml
2 ms. Memory: 647168K Free: 429822K (66%)
Known Failure: java.lang.reflect.InvocationTargetException
----------------- testing (KnownFailure) /home/travis/build/icyphy/ptII/ptolemy/domains/de/test/auto/knownFailedTests/dependencyLoop2.xml
3 ms. Memory: 647168K Free: 373333K (58%)
Known Failure: java.lang.reflect.InvocationTargetException
No auto/linux-amd64/*.xml tests in /home/travis/build/icyphy/ptII/ptolemy/domains/de/test
AutoTests.java: About to close Vertx.
AutoTests.java: Vertx closed.

===========================================================================================
----------------- testing Sat Nov 24 02:51:51 UTC 2018 /home/travis/build/icyphy/ptII/ptolemy/domains/de/test/auto/ActorDepthCalculation_actorWithoutPorts.xml
----------------- Instantiating /home/travis/build/icyphy/ptII/ptolemy/domains/de/test/auto/ActorDepthCalculation_actorWithoutPorts.xml
1 ms. Memory: 647168K Free: 316859K (49%)
----------------- Invoking toplevel() on ptolemy.moml.MoMLSimpleApplication@782b80f2
----------------- Done invoking toplevel() on ptolemy.moml.MoMLSimpleApplication@782b80f2
reloadAllAccessors: .ActorDepthCalculation_actorWithoutPorts

===========================================================================================
----------------- testing Sat Nov 24 02:51:51 UTC 2018 /home/travis/build/icyphy/ptII/ptolemy/domains/de/test/auto/AssemblyLine.xml
----------------- Instantiating /home/travis/build/icyphy/ptII/ptolemy/domains/de/test/auto/AssemblyLine.xml
2 ms. Memory: 647168K Free: 294269K (45%)
----------------- Invoking toplevel() on ptolemy.moml.MoMLSimpleApplication@6f02fb6
----------------- Done invoking toplevel() on ptolemy.moml.MoMLSimpleApplication@6f02fb6
reloadAllAccessors: .AssemblyLine

===========================================================================================
----------------- testing Sat Nov 24 02:51:51 UTC 2018 /home/travis/build/icyphy/ptII/ptolemy/domains/de/test/auto/CQBug1.xml
----------------- Instantiating /home/travis/build/icyphy/ptII/ptolemy/domains/de/test/auto/CQBug1.xml
1 ms. Memory: 647168K Free: 271680K (42%)
----------------- Invoking toplevel() on ptolemy.moml.MoMLSimpleApplication@74f9aba
----------------- Done invoking toplevel() on ptolemy.moml.MoMLSimpleApplication@74f9aba
reloadAllAccessors: .CQBug1

===========================================================================================
----------------- testing Sat Nov 24 02:51:51 UTC 2018 /home/travis/build/icyphy/ptII/ptolemy/domains/de/test/auto/CancelFireAt.xml
----------------- Instantiating /home/travis/build/icyphy/ptII/ptolemy/domains/de/test/auto/CancelFireAt.xml
1 ms. Memory: 647168K Free: 249090K (38%)
----------------- Invoking toplevel() on ptolemy.moml.MoMLSimpleApplication@25822111
----------------- Done invoking toplevel() on ptolemy.moml.MoMLSimpleApplication@25822111
reloadAllAccessors: .CancelFireAt

===========================================================================================
----------------- testing Sat Nov 24 02:51:51 UTC 2018 /home/travis/build/icyphy/ptII/ptolemy/domains/de/test/auto/CausalityAndComposabilityAnalysis.xml
----------------- Instantiating /home/travis/build/icyphy/ptII/ptolemy/domains/de/test/auto/CausalityAndComposabilityAnalysis.xml
2 ms. Memory: 647168K Free: 226501K (35%)
----------------- Invoking toplevel() on ptolemy.moml.MoMLSimpleApplication@36bae3f
----------------- Done invoking toplevel() on ptolemy.moml.MoMLSimpleApplication@36bae3f
reloadAllAccessors: .CausalityAndComposabilityAnalysis

===========================================================================================
----------------- testing Sat Nov 24 02:51:51 UTC 2018 /home/travis/build/icyphy/ptII/ptolemy/domains/de/test/auto/CausalityInterface1.xml
----------------- Instantiating /home/travis/build/icyphy/ptII/ptolemy/domains/de/test/auto/CausalityInterface1.xml
3 ms. Memory: 647168K Free: 203911K (32%)
----------------- Invoking toplevel() on ptolemy.moml.MoMLSimpleApplication@2c2fb0bd
----------------- Done invoking toplevel() on ptolemy.moml.MoMLSimpleApplication@2c2fb0bd
reloadAllAccessors: .CausalityInterface1

===========================================================================================
----------------- testing Sat Nov 24 02:51:51 UTC 2018 /home/travis/build/icyphy/ptII/ptolemy/domains/de/test/auto/CausalityInterface15.xml
----------------- Instantiating /home/travis/build/icyphy/ptII/ptolemy/domains/de/test/auto/CausalityInterface15.xml
1 ms. Memory: 647168K Free: 181322K (28%)
----------------- Invoking toplevel() on ptolemy.moml.MoMLSimpleApplication@5d112235
----------------- Done invoking toplevel() on ptolemy.moml.MoMLSimpleApplication@5d112235
reloadAllAccessors: .CausalityInterface15

[...]
java.lang.RuntimeException: Execution failed
	at ptolemy.moml.MoMLSimpleApplication$UnloadThread.run(MoMLSimpleApplication.java:402)
Caused by: ptolemy.kernel.util.IllegalActionException: Test fails in iteration 1.
Value was: 1.0. Should have been: 2.0
  in .DirectFeedback.Test
	at ptolemy.actor.lib.Test.fire(Test.java:268)
	at ptolemy.domains.de.kernel.DEDirector._fire(DEDirector.java:1949)
	at ptolemy.domains.de.kernel.DEDirector.fire(DEDirector.java:502)
	at ptolemy.actor.CompositeActor.fire(CompositeActor.java:455)
	at ptolemy.actor.Manager.iterate(Manager.java:851)
	at ptolemy.actor.Manager.execute(Manager.java:369)
	at ptolemy.actor.Manager.run(Manager.java:1263)
	at ptolemy.actor.Manager$PtolemyRunThread.run(Manager.java:1915)
java.lang.RuntimeException: Execution failed
	at ptolemy.moml.MoMLSimpleApplication$UnloadThread.run(MoMLSimpleApplication.java:402)
Caused by: ptolemy.kernel.util.IllegalActionException: Actor is not ready to fire.  Perhaps UpSample.prefire() returned false? Try debugging the actor by selecting "Listen to Actor".  Also, for SDF check moml for tokenConsumptionRate on input.
  in .DESDFClockTest.Play Bell.Copy1:SDF Director and .DESDFClockTest.Play Bell.UpSample
	at ptolemy.actor.sched.StaticSchedulingDirector.fire(StaticSchedulingDirector.java:227)
	at ptolemy.domains.sdf.kernel.SDFDirector.fire(SDFDirector.java:500)
	at ptolemy.actor.CompositeActor.fire(CompositeActor.java:455)
	at ptolemy.domains.de.kernel.DEDirector._fire(DEDirector.java:1949)
	at ptolemy.domains.de.kernel.DEDirector.fire(DEDirector.java:502)
	at ptolemy.actor.CompositeActor.fire(CompositeActor.java:455)
	at ptolemy.actor.Manager.iterate(Manager.java:851)
	at ptolemy.actor.Manager.execute(Manager.java:369)
	at ptolemy.actor.Manager.run(Manager.java:1263)
	at ptolemy.actor.Manager$PtolemyRunThread.run(Manager.java:1915)
java.lang.reflect.InvocationTargetException
	at sun.reflect.NativeConstructorAccessorImpl.newInstance0(Native Method)
	at sun.reflect.NativeConstructorAccessorImpl.newInstance(NativeConstructorAccessorImpl.java:62)
	at sun.reflect.DelegatingConstructorAccessorImpl.newInstance(DelegatingConstructorAccessorImpl.java:45)
	at java.lang.reflect.Constructor.newInstance(Constructor.java:423)
	at ptolemy.util.test.junit.AutoKnownFailedTests.RunModel(AutoKnownFailedTests.java:105)
	at sun.reflect.NativeMethodAccessorImpl.invoke0(Native Method)
	at sun.reflect.NativeMethodAccessorImpl.invoke(NativeMethodAccessorImpl.java:62)
	at sun.reflect.DelegatingMethodAccessorImpl.invoke(DelegatingMethodAccessorImpl.java:43)
	at java.lang.reflect.Method.invoke(Method.java:498)
	at org.junit.runners.model.FrameworkMethod$1.runReflectiveCall(FrameworkMethod.java:44)
	at org.junit.internal.runners.model.ReflectiveCallable.run(ReflectiveCallable.java:15)
	at org.junit.runners.model.FrameworkMethod.invokeExplosively(FrameworkMethod.java:41)
	at junitparams.internal.InvokeParameterisedMethod.evaluate(InvokeParameterisedMethod.java:102)
	at org.junit.internal.runners.statements.FailOnTimeout$1.run(FailOnTimeout.java:28)
Caused by: ptolemy.kernel.util.IllegalActionException: Actor is not ready to fire.  Perhaps UpSample.prefire() returned false? Try debugging the actor by selecting "Listen to Actor".  Also, for SDF check moml for tokenConsumptionRate on input.
  in .DESDFClockTest.Play Bell.Copy1:SDF Director and .DESDFClockTest.Play Bell.UpSample
	at ptolemy.actor.sched.StaticSchedulingDirector.fire(StaticSchedulingDirector.java:227)
	at ptolemy.domains.sdf.kernel.SDFDirector.fire(SDFDirector.java:500)
	at ptolemy.actor.CompositeActor.fire(CompositeActor.java:455)
	at ptolemy.domains.de.kernel.DEDirector._fire(DEDirector.java:1949)
	at ptolemy.domains.de.kernel.DEDirector.fire(DEDirector.java:502)
	at ptolemy.actor.CompositeActor.fire(CompositeActor.java:455)
	at ptolemy.actor.Manager.iterate(Manager.java:851)
	at ptolemy.actor.Manager.execute(Manager.java:369)
	at ptolemy.actor.Manager.run(Manager.java:1263)
	at ptolemy.actor.Manager$PtolemyRunThread.run(Manager.java:1915)
java.lang.RuntimeException: Execution failed
	at ptolemy.moml.MoMLSimpleApplication$UnloadThread.run(MoMLSimpleApplication.java:402)
Caused by: ptolemy.kernel.util.IllegalActionException: Test fails in iteration 1.
Value was: 1.0. Should have been: 2.0
  in .DirectFeedback.Test
	at ptolemy.actor.lib.Test.fire(Test.java:268)
	at ptolemy.domains.de.kernel.DEDirector._fire(DEDirector.java:1949)
	at ptolemy.domains.de.kernel.DEDirector.fire(DEDirector.java:502)
	at ptolemy.actor.CompositeActor.fire(CompositeActor.java:455)
	at ptolemy.actor.Manager.iterate(Manager.java:851)
	at ptolemy.actor.Manager.execute(Manager.java:369)
	at ptolemy.actor.Manager.run(Manager.java:1263)
	at ptolemy.actor.Manager$PtolemyRunThread.run(Manager.java:1915)
java.lang.reflect.InvocationTargetException
	at sun.reflect.NativeConstructorAccessorImpl.newInstance0(Native Method)
	at sun.reflect.NativeConstructorAccessorImpl.newInstance(NativeConstructorAccessorImpl.java:62)
	at sun.reflect.DelegatingConstructorAccessorImpl.newInstance(DelegatingConstructorAccessorImpl.java:45)
	at java.lang.reflect.Constructor.newInstance(Constructor.java:423)
	at ptolemy.util.test.junit.AutoKnownFailedTests.RunModel(AutoKnownFailedTests.java:105)
	at sun.reflect.NativeMethodAccessorImpl.invoke0(Native Method)
	at sun.reflect.NativeMethodAccessorImpl.invoke(NativeMethodAccessorImpl.java:62)
	at sun.reflect.DelegatingMethodAccessorImpl.invoke(DelegatingMethodAccessorImpl.java:43)
	at java.lang.reflect.Method.invoke(Method.java:498)
	at org.junit.runners.model.FrameworkMethod$1.runReflectiveCall(FrameworkMethod.java:44)
	at org.junit.internal.runners.model.ReflectiveCallable.run(ReflectiveCallable.java:15)
	at org.junit.runners.model.FrameworkMethod.invokeExplosively(FrameworkMethod.java:41)
	at junitparams.internal.InvokeParameterisedMethod.evaluate(InvokeParameterisedMethod.java:102)
	at org.junit.internal.runners.statements.FailOnTimeout$1.run(FailOnTimeout.java:28)
Caused by: ptolemy.kernel.util.IllegalActionException: Test fails in iteration 1.
Value was: 1.0. Should have been: 2.0
  in .DirectFeedback.Test
	at ptolemy.actor.lib.Test.fire(Test.java:268)
	at ptolemy.domains.de.kernel.DEDirector._fire(DEDirector.java:1949)
	at ptolemy.domains.de.kernel.DEDirector.fire(DEDirector.java:502)
	at ptolemy.actor.CompositeActor.fire(CompositeActor.java:455)
	at ptolemy.actor.Manager.iterate(Manager.java:851)
	at ptolemy.actor.Manager.execute(Manager.java:369)
	at ptolemy.actor.Manager.run(Manager.java:1263)
	at ptolemy.actor.Manager$PtolemyRunThread.run(Manager.java:1915)
java.lang.RuntimeException: Execution failed
	at ptolemy.moml.MoMLSimpleApplication$UnloadThread.run(MoMLSimpleApplication.java:402)
Caused by: ptolemy.kernel.util.IllegalActionException: Found a zero delay loop containing .HierarchicalModel.A
  in .HierarchicalModel and .HierarchicalModel.A
	at ptolemy.actor.util.CausalityInterfaceForComposites._computeOutputPortDepth(CausalityInterfaceForComposites.java:759)
	at ptolemy.actor.util.CausalityInterfaceForComposites._computeInputDepth(CausalityInterfaceForComposites.java:696)
	at ptolemy.actor.util.CausalityInterfaceForComposites._computeOutputPortDepth(CausalityInterfaceForComposites.java:765)
	at ptolemy.actor.util.CausalityInterfaceForComposites._computeInputDepth(CausalityInterfaceForComposites.java:696)
	at ptolemy.actor.util.CausalityInterfaceForComposites._computeOutputPortDepth(CausalityInterfaceForComposites.java:765)
	at ptolemy.actor.util.CausalityInterfaceForComposites._computeInputDepth(CausalityInterfaceForComposites.java:696)
	at ptolemy.actor.util.CausalityInterfaceForComposites._computeActorDepth(CausalityInterfaceForComposites.java:532)
	at ptolemy.actor.util.CausalityInterfaceForComposites.checkForCycles(CausalityInterfaceForComposites.java:96)
	at ptolemy.domains.de.kernel.DEDirector.preinitialize(DEDirector.java:1338)
	at ptolemy.actor.CompositeActor.preinitialize(CompositeActor.java:1828)
	at ptolemy.actor.Manager.preinitializeAndResolveTypes(Manager.java:1040)
	at ptolemy.actor.Manager.initialize(Manager.java:710)
	at ptolemy.actor.Manager.execute(Manager.java:356)
	at ptolemy.actor.Manager.run(Manager.java:1263)
	at ptolemy.actor.Manager$PtolemyRunThread.run(Manager.java:1915)
java.lang.reflect.InvocationTargetException
	at sun.reflect.NativeConstructorAccessorImpl.newInstance0(Native Method)
	at sun.reflect.NativeConstructorAccessorImpl.newInstance(NativeConstructorAccessorImpl.java:62)
	at sun.reflect.DelegatingConstructorAccessorImpl.newInstance(DelegatingConstructorAccessorImpl.java:45)
	at java.lang.reflect.Constructor.newInstance(Constructor.java:423)
	at ptolemy.util.test.junit.AutoKnownFailedTests.RunModel(AutoKnownFailedTests.java:105)
	at sun.reflect.NativeMethodAccessorImpl.invoke0(Native Method)
	at sun.reflect.NativeMethodAccessorImpl.invoke(NativeMethodAccessorImpl.java:62)
	at sun.reflect.DelegatingMethodAccessorImpl.invoke(DelegatingMethodAccessorImpl.java:43)
	at java.lang.reflect.Method.invoke(Method.java:498)
	at org.junit.runners.model.FrameworkMethod$1.runReflectiveCall(FrameworkMethod.java:44)
	at org.junit.internal.runners.model.ReflectiveCallable.run(ReflectiveCallable.java:15)
	at org.junit.runners.model.FrameworkMethod.invokeExplosively(FrameworkMethod.java:41)
	at junitparams.internal.InvokeParameterisedMethod.evaluate(InvokeParameterisedMethod.java:102)
	at org.junit.internal.runners.statements.FailOnTimeout$1.run(FailOnTimeout.java:28)
Caused by: ptolemy.kernel.util.IllegalActionException: Found a zero delay loop containing .HierarchicalModel.A
  in .HierarchicalModel and .HierarchicalModel.A
	at ptolemy.actor.util.CausalityInterfaceForComposites._computeOutputPortDepth(CausalityInterfaceForComposites.java:759)
	at ptolemy.actor.util.CausalityInterfaceForComposites._computeInputDepth(CausalityInterfaceForComposites.java:696)
	at ptolemy.actor.util.CausalityInterfaceForComposites._computeOutputPortDepth(CausalityInterfaceForComposites.java:765)
	at ptolemy.actor.util.CausalityInterfaceForComposites._computeInputDepth(CausalityInterfaceForComposites.java:696)
	at ptolemy.actor.util.CausalityInterfaceForComposites._computeOutputPortDepth(CausalityInterfaceForComposites.java:765)
	at ptolemy.actor.util.CausalityInterfaceForComposites._computeInputDepth(CausalityInterfaceForComposites.java:696)
	at ptolemy.actor.util.CausalityInterfaceForComposites._computeActorDepth(CausalityInterfaceForComposites.java:532)
	at ptolemy.actor.util.CausalityInterfaceForComposites.checkForCycles(CausalityInterfaceForComposites.java:96)
	at ptolemy.domains.de.kernel.DEDirector.preinitialize(DEDirector.java:1338)
	at ptolemy.actor.CompositeActor.preinitialize(CompositeActor.java:1828)
	at ptolemy.actor.Manager.preinitializeAndResolveTypes(Manager.java:1040)
	at ptolemy.actor.Manager.initialize(Manager.java:710)
	at ptolemy.actor.Manager.execute(Manager.java:356)
	at ptolemy.actor.Manager.run(Manager.java:1263)
	at ptolemy.actor.Manager$PtolemyRunThread.run(Manager.java:1915)
java.lang.RuntimeException: Execution failed
	at ptolemy.moml.MoMLSimpleApplication$UnloadThread.run(MoMLSimpleApplication.java:402)
Caused by: ptolemy.kernel.util.IllegalActionException: Found a zero delay loop containing .dependencyLoop.original
  in .dependencyLoop and .dependencyLoop.original
	at ptolemy.actor.util.CausalityInterfaceForComposites._computeOutputPortDepth(CausalityInterfaceForComposites.java:759)
	at ptolemy.actor.util.CausalityInterfaceForComposites._computeInputDepth(CausalityInterfaceForComposites.java:696)
	at ptolemy.actor.util.CausalityInterfaceForComposites._computeOutputPortDepth(CausalityInterfaceForComposites.java:765)
	at ptolemy.actor.util.CausalityInterfaceForComposites._computeInputDepth(CausalityInterfaceForComposites.java:696)
	at ptolemy.actor.util.CausalityInterfaceForComposites._computeOutputPortDepth(CausalityInterfaceForComposites.java:765)
	at ptolemy.actor.util.CausalityInterfaceForComposites._computeInputDepth(CausalityInterfaceForComposites.java:696)
	at ptolemy.actor.util.CausalityInterfaceForComposites._computeActorDepth(CausalityInterfaceForComposites.java:532)
	at ptolemy.actor.util.CausalityInterfaceForComposites.checkForCycles(CausalityInterfaceForComposites.java:96)
	at ptolemy.domains.de.kernel.DEDirector.preinitialize(DEDirector.java:1338)
	at ptolemy.actor.CompositeActor.preinitialize(CompositeActor.java:1828)
	at ptolemy.actor.Manager.preinitializeAndResolveTypes(Manager.java:1040)
	at ptolemy.actor.Manager.initialize(Manager.java:710)
	at ptolemy.actor.Manager.execute(Manager.java:356)
	at ptolemy.actor.Manager.run(Manager.java:1263)
	at ptolemy.actor.Manager$PtolemyRunThread.run(Manager.java:1915)
java.lang.reflect.InvocationTargetException
	at sun.reflect.NativeConstructorAccessorImpl.newInstance0(Native Method)
	at sun.reflect.NativeConstructorAccessorImpl.newInstance(NativeConstructorAccessorImpl.java:62)
	at sun.reflect.DelegatingConstructorAccessorImpl.newInstance(DelegatingConstructorAccessorImpl.java:45)
	at java.lang.reflect.Constructor.newInstance(Constructor.java:423)
	at ptolemy.util.test.junit.AutoKnownFailedTests.RunModel(AutoKnownFailedTests.java:105)
	at sun.reflect.NativeMethodAccessorImpl.invoke0(Native Method)
	at sun.reflect.NativeMethodAccessorImpl.invoke(NativeMethodAccessorImpl.java:62)
	at sun.reflect.DelegatingMethodAccessorImpl.invoke(DelegatingMethodAccessorImpl.java:43)
	at java.lang.reflect.Method.invoke(Method.java:498)
	at org.junit.runners.model.FrameworkMethod$1.runReflectiveCall(FrameworkMethod.java:44)
	at org.junit.internal.runners.model.ReflectiveCallable.run(ReflectiveCallable.java:15)
	at org.junit.runners.model.FrameworkMethod.invokeExplosively(FrameworkMethod.java:41)
	at junitparams.internal.InvokeParameterisedMethod.evaluate(InvokeParameterisedMethod.java:102)
	at org.junit.internal.runners.statements.FailOnTimeout$1.run(FailOnTimeout.java:28)
Caused by: ptolemy.kernel.util.IllegalActionException: Found a zero delay loop containing .dependencyLoop.original
  in .dependencyLoop and .dependencyLoop.original
	at ptolemy.actor.util.CausalityInterfaceForComposites._computeOutputPortDepth(CausalityInterfaceForComposites.java:759)
	at ptolemy.actor.util.CausalityInterfaceForComposites._computeInputDepth(CausalityInterfaceForComposites.java:696)
	at ptolemy.actor.util.CausalityInterfaceForComposites._computeOutputPortDepth(CausalityInterfaceForComposites.java:765)
	at ptolemy.actor.util.CausalityInterfaceForComposites._computeInputDepth(CausalityInterfaceForComposites.java:696)
	at ptolemy.actor.util.CausalityInterfaceForComposites._computeOutputPortDepth(CausalityInterfaceForComposites.java:765)
	at ptolemy.actor.util.CausalityInterfaceForComposites._computeInputDepth(CausalityInterfaceForComposites.java:696)
	at ptolemy.actor.util.CausalityInterfaceForComposites._computeActorDepth(CausalityInterfaceForComposites.java:532)
	at ptolemy.actor.util.CausalityInterfaceForComposites.checkForCycles(CausalityInterfaceForComposites.java:96)
	at ptolemy.domains.de.kernel.DEDirector.preinitialize(DEDirector.java:1338)
	at ptolemy.actor.CompositeActor.preinitialize(CompositeActor.java:1828)
	at ptolemy.actor.Manager.preinitializeAndResolveTypes(Manager.java:1040)
	at ptolemy.actor.Manager.initialize(Manager.java:710)
	at ptolemy.actor.Manager.execute(Manager.java:356)
	at ptolemy.actor.Manager.run(Manager.java:1263)
	at ptolemy.actor.Manager$PtolemyRunThread.run(Manager.java:1915)
java.lang.RuntimeException: Execution failed
	at ptolemy.moml.MoMLSimpleApplication$UnloadThread.run(MoMLSimpleApplication.java:402)
Caused by: ptolemy.kernel.util.IllegalActionException: Found a zero delay loop containing .dependencyLoop2.original
  in .dependencyLoop2 and .dependencyLoop2.original
	at ptolemy.actor.util.CausalityInterfaceForComposites._computeOutputPortDepth(CausalityInterfaceForComposites.java:759)
	at ptolemy.actor.util.CausalityInterfaceForComposites._computeInputDepth(CausalityInterfaceForComposites.java:696)
	at ptolemy.actor.util.CausalityInterfaceForComposites._computeOutputPortDepth(CausalityInterfaceForComposites.java:765)
	at ptolemy.actor.util.CausalityInterfaceForComposites._computeInputDepth(CausalityInterfaceForComposites.java:696)
	at ptolemy.actor.util.CausalityInterfaceForComposites._computeOutputPortDepth(CausalityInterfaceForComposites.java:765)
	at ptolemy.actor.util.CausalityInterfaceForComposites._computeInputDepth(CausalityInterfaceForComposites.java:696)
	at ptolemy.actor.util.CausalityInterfaceForComposites._computeActorDepth(CausalityInterfaceForComposites.java:532)
	at ptolemy.actor.util.CausalityInterfaceForComposites.checkForCycles(CausalityInterfaceForComposites.java:96)
	at ptolemy.domains.de.kernel.DEDirector.preinitialize(DEDirector.java:1338)
	at ptolemy.actor.CompositeActor.preinitialize(CompositeActor.java:1828)
	at ptolemy.actor.Manager.preinitializeAndResolveTypes(Manager.java:1040)
	at ptolemy.actor.Manager.initialize(Manager.java:710)
	at ptolemy.actor.Manager.execute(Manager.java:356)
	at ptolemy.actor.Manager.run(Manager.java:1263)
	at ptolemy.actor.Manager$PtolemyRunThread.run(Manager.java:1915)
java.lang.reflect.InvocationTargetException
	at sun.reflect.NativeConstructorAccessorImpl.newInstance0(Native Method)
	at sun.reflect.NativeConstructorAccessorImpl.newInstance(NativeConstructorAccessorImpl.java:62)
	at sun.reflect.DelegatingConstructorAccessorImpl.newInstance(DelegatingConstructorAccessorImpl.java:45)
	at java.lang.reflect.Constructor.newInstance(Constructor.java:423)
	at ptolemy.util.test.junit.AutoKnownFailedTests.RunModel(AutoKnownFailedTests.java:105)
	at sun.reflect.NativeMethodAccessorImpl.invoke0(Native Method)
	at sun.reflect.NativeMethodAccessorImpl.invoke(NativeMethodAccessorImpl.java:62)
	at sun.reflect.DelegatingMethodAccessorImpl.invoke(DelegatingMethodAccessorImpl.java:43)
	at java.lang.reflect.Method.invoke(Method.java:498)
	at org.junit.runners.model.FrameworkMethod$1.runReflectiveCall(FrameworkMethod.java:44)
	at org.junit.internal.runners.model.ReflectiveCallable.run(ReflectiveCallable.java:15)
	at org.junit.runners.model.FrameworkMethod.invokeExplosively(FrameworkMethod.java:41)
	at junitparams.internal.InvokeParameterisedMethod.evaluate(InvokeParameterisedMethod.java:102)
	at org.junit.internal.runners.statements.FailOnTimeout$1.run(FailOnTimeout.java:28)
Caused by: ptolemy.kernel.util.IllegalActionException: Found a zero delay loop containing .dependencyLoop2.original
  in .dependencyLoop2 and .dependencyLoop2.original
	at ptolemy.actor.util.CausalityInterfaceForComposites._computeOutputPortDepth(CausalityInterfaceForComposites.java:759)
	at ptolemy.actor.util.CausalityInterfaceForComposites._computeInputDepth(CausalityInterfaceForComposites.java:696)
	at ptolemy.actor.util.CausalityInterfaceForComposites._computeOutputPortDepth(CausalityInterfaceForComposites.java:765)
	at ptolemy.actor.util.CausalityInterfaceForComposites._computeInputDepth(CausalityInterfaceForComposites.java:696)
	at ptolemy.actor.util.CausalityInterfaceForComposites._computeOutputPortDepth(CausalityInterfaceForComposites.java:765)
	at ptolemy.actor.util.CausalityInterfaceForComposites._computeInputDepth(CausalityInterfaceForComposites.java:696)
	at ptolemy.actor.util.CausalityInterfaceForComposites._computeActorDepth(CausalityInterfaceForComposites.java:532)
	at ptolemy.actor.util.CausalityInterfaceForComposites.checkForCycles(CausalityInterfaceForComposites.java:96)
	at ptolemy.domains.de.kernel.DEDirector.preinitialize(DEDirector.java:1338)
	at ptolemy.actor.CompositeActor.preinitialize(CompositeActor.java:1828)
	at ptolemy.actor.Manager.preinitializeAndResolveTypes(Manager.java:1040)
	at ptolemy.actor.Manager.initialize(Manager.java:710)
	at ptolemy.actor.Manager.execute(Manager.java:356)
	at ptolemy.actor.Manager.run(Manager.java:1263)
	at ptolemy.actor.Manager$PtolemyRunThread.run(Manager.java:1915)
]]></system-err>
</testsuite>
