<?xml version="1.0" encoding="UTF-8" ?>
<testsuite errors="0" failures="0" hostname="travis-job-203259b7-2935-471f-9850-f3f42140903b" name="ptolemy.domains.sdf.lib.test.junit.JUnitTclTest" skipped="0" tests="82" time="9.617" timestamp="2019-06-30T05:03:31">
  <properties>
[...]
</properties>
  <testcase classname="ptolemy.util.test.junit.TclTests" name="[0] /home/travis/build/icyphy/ptII/ptolemy/domains/sdf/lib/test/ArrayToSequence.tcl (RunTclFile)" time="0.618" />
  <testcase classname="ptolemy.util.test.junit.TclTests" name="[1] /home/travis/build/icyphy/ptII/ptolemy/domains/sdf/lib/test/BitsToInt.tcl (RunTclFile)" time="0.038" />
  <testcase classname="ptolemy.util.test.junit.TclTests" name="[2] /home/travis/build/icyphy/ptII/ptolemy/domains/sdf/lib/test/DelayLine.tcl (RunTclFile)" time="0.029" />
  <testcase classname="ptolemy.util.test.junit.TclTests" name="[3] /home/travis/build/icyphy/ptII/ptolemy/domains/sdf/lib/test/FFT.tcl (RunTclFile)" time="0.044" />
  <testcase classname="ptolemy.util.test.junit.TclTests" name="[4] /home/travis/build/icyphy/ptII/ptolemy/domains/sdf/lib/test/FIR.tcl (RunTclFile)" time="0.261" />
  <testcase classname="ptolemy.util.test.junit.TclTests" name="[5] /home/travis/build/icyphy/ptII/ptolemy/domains/sdf/lib/test/IntToBits.tcl (RunTclFile)" time="0.085" />
  <testcase classname="ptolemy.util.test.junit.TclTests" name="[6] /home/travis/build/icyphy/ptII/ptolemy/domains/sdf/lib/test/MaximumEntropySpectrum.tcl (RunTclFile)" time="0.452" />
  <testcase classname="ptolemy.util.test.junit.TclTests" name="[7] /home/travis/build/icyphy/ptII/ptolemy/domains/sdf/lib/test/Repeat.tcl (RunTclFile)" time="0.06" />
  <testcase classname="ptolemy.util.test.junit.TclTests" name="[8] /home/travis/build/icyphy/ptII/ptolemy/domains/sdf/lib/test/SampleDelay.tcl (RunTclFile)" time="0.068" />
  <testcase classname="ptolemy.util.test.junit.TclTests" name="[9] /home/travis/build/icyphy/ptII/ptolemy/domains/sdf/lib/test/SequenceToArray.tcl (RunTclFile)" time="0.057" />
  <testcase classname="ptolemy.util.test.junit.AutoKnownFailedTests" name="[0] ThereAreNoKnowFailedTests (RunModel)" time="0.011" />
  <testcase classname="ptolemy.util.test.junit.AutoNameArchTests" name="[0] ThereAreNoAutoArchTests (RunModel)" time="0.004" />
  <testcase classname="ptolemy.util.test.junit.AutoTests" name="[0] /home/travis/build/icyphy/ptII/ptolemy/domains/sdf/lib/test/auto/ArrayToSequence.xml (RunModel)" time="0.231" />
  <testcase classname="ptolemy.util.test.junit.AutoTests" name="[1] /home/travis/build/icyphy/ptII/ptolemy/domains/sdf/lib/test/auto/ArrayToSequenceTest.xml (RunModel)" time="0.06" />
  <testcase classname="ptolemy.util.test.junit.AutoTests" name="[2] /home/travis/build/icyphy/ptII/ptolemy/domains/sdf/lib/test/auto/Autocorrelation.xml (RunModel)" time="0.044" />
  <testcase classname="ptolemy.util.test.junit.AutoTests" name="[3] /home/travis/build/icyphy/ptII/ptolemy/domains/sdf/lib/test/auto/Autocorrelation2.xml (RunModel)" time="0.063" />
  <testcase classname="ptolemy.util.test.junit.AutoTests" name="[4] /home/travis/build/icyphy/ptII/ptolemy/domains/sdf/lib/test/auto/Autocorrelation3.xml (RunModel)" time="0.056" />
  <testcase classname="ptolemy.util.test.junit.AutoTests" name="[5] /home/travis/build/icyphy/ptII/ptolemy/domains/sdf/lib/test/auto/Autocorrelation4.xml (RunModel)" time="0.035" />
  <testcase classname="ptolemy.util.test.junit.AutoTests" name="[6] /home/travis/build/icyphy/ptII/ptolemy/domains/sdf/lib/test/auto/Autocorrelation5.xml (RunModel)" time="0.111" />
  <testcase classname="ptolemy.util.test.junit.AutoTests" name="[7] /home/travis/build/icyphy/ptII/ptolemy/domains/sdf/lib/test/auto/BitsToInt.xml (RunModel)" time="0.051" />
  <testcase classname="ptolemy.util.test.junit.AutoTests" name="[8] /home/travis/build/icyphy/ptII/ptolemy/domains/sdf/lib/test/auto/BooleanJoin.xml (RunModel)" time="0.064" />
  <testcase classname="ptolemy.util.test.junit.AutoTests" name="[9] /home/travis/build/icyphy/ptII/ptolemy/domains/sdf/lib/test/auto/BootstrapSampleDelay.xml (RunModel)" time="0.05" />
  <testcase classname="ptolemy.util.test.junit.AutoTests" name="[10] /home/travis/build/icyphy/ptII/ptolemy/domains/sdf/lib/test/auto/Chop.xml (RunModel)" time="0.035" />
  <testcase classname="ptolemy.util.test.junit.AutoTests" name="[11] /home/travis/build/icyphy/ptII/ptolemy/domains/sdf/lib/test/auto/Chop2.xml (RunModel)" time="0.057" />
  <testcase classname="ptolemy.util.test.junit.AutoTests" name="[12] /home/travis/build/icyphy/ptII/ptolemy/domains/sdf/lib/test/auto/ComplexJoin.xml (RunModel)" time="0.042" />
  <testcase classname="ptolemy.util.test.junit.AutoTests" name="[13] /home/travis/build/icyphy/ptII/ptolemy/domains/sdf/lib/test/auto/CountTrues.xml (RunModel)" time="0.047" />
  <testcase classname="ptolemy.util.test.junit.AutoTests" name="[14] /home/travis/build/icyphy/ptII/ptolemy/domains/sdf/lib/test/auto/DelayLine.xml (RunModel)" time="0.059" />
  <testcase classname="ptolemy.util.test.junit.AutoTests" name="[15] /home/travis/build/icyphy/ptII/ptolemy/domains/sdf/lib/test/auto/DotProduct.xml (RunModel)" time="0.023" />
  <testcase classname="ptolemy.util.test.junit.AutoTests" name="[16] /home/travis/build/icyphy/ptII/ptolemy/domains/sdf/lib/test/auto/DotProductMatrix.xml (RunModel)" time="0.029" />
  <testcase classname="ptolemy.util.test.junit.AutoTests" name="[17] /home/travis/build/icyphy/ptII/ptolemy/domains/sdf/lib/test/auto/DownSample1.xml (RunModel)" time="0.042" />
  <testcase classname="ptolemy.util.test.junit.AutoTests" name="[18] /home/travis/build/icyphy/ptII/ptolemy/domains/sdf/lib/test/auto/DynamicRateChange.xml (RunModel)" time="0.035" />
  <testcase classname="ptolemy.util.test.junit.AutoTests" name="[19] /home/travis/build/icyphy/ptII/ptolemy/domains/sdf/lib/test/auto/DynamicRates.xml (RunModel)" time="0.024" />
  <testcase classname="ptolemy.util.test.junit.AutoTests" name="[20] /home/travis/build/icyphy/ptII/ptolemy/domains/sdf/lib/test/auto/FFT1.xml (RunModel)" time="0.03" />
  <testcase classname="ptolemy.util.test.junit.AutoTests" name="[21] /home/travis/build/icyphy/ptII/ptolemy/domains/sdf/lib/test/auto/FIR1.xml (RunModel)" time="0.078" />
  <testcase classname="ptolemy.util.test.junit.AutoTests" name="[22] /home/travis/build/icyphy/ptII/ptolemy/domains/sdf/lib/test/auto/FIR2.xml (RunModel)" time="0.037" />
  <testcase classname="ptolemy.util.test.junit.AutoTests" name="[23] /home/travis/build/icyphy/ptII/ptolemy/domains/sdf/lib/test/auto/FIR4.xml (RunModel)" time="0.059" />
  <testcase classname="ptolemy.util.test.junit.AutoTests" name="[24] /home/travis/build/icyphy/ptII/ptolemy/domains/sdf/lib/test/auto/FixJoin.xml (RunModel)" time="0.04" />
  <testcase classname="ptolemy.util.test.junit.AutoTests" name="[25] /home/travis/build/icyphy/ptII/ptolemy/domains/sdf/lib/test/auto/IntJoin1.xml (RunModel)" time="0.033" />
  <testcase classname="ptolemy.util.test.junit.AutoTests" name="[26] /home/travis/build/icyphy/ptII/ptolemy/domains/sdf/lib/test/auto/IntJoin2.xml (RunModel)" time="0.032" />
  <testcase classname="ptolemy.util.test.junit.AutoTests" name="[27] /home/travis/build/icyphy/ptII/ptolemy/domains/sdf/lib/test/auto/IntJoin3.xml (RunModel)" time="0.033" />
  <testcase classname="ptolemy.util.test.junit.AutoTests" name="[28] /home/travis/build/icyphy/ptII/ptolemy/domains/sdf/lib/test/auto/IntJoin4.xml (RunModel)" time="0.023" />
  <testcase classname="ptolemy.util.test.junit.AutoTests" name="[29] /home/travis/build/icyphy/ptII/ptolemy/domains/sdf/lib/test/auto/IntJoin5.xml (RunModel)" time="0.033" />
  <testcase classname="ptolemy.util.test.junit.AutoTests" name="[30] /home/travis/build/icyphy/ptII/ptolemy/domains/sdf/lib/test/auto/IntToBits.xml (RunModel)" time="0.056" />
  <testcase classname="ptolemy.util.test.junit.AutoTests" name="[31] /home/travis/build/icyphy/ptII/ptolemy/domains/sdf/lib/test/auto/LMSAdaptive.xml (RunModel)" time="0.081" />
  <testcase classname="ptolemy.util.test.junit.AutoTests" name="[32] /home/travis/build/icyphy/ptII/ptolemy/domains/sdf/lib/test/auto/LMSAdaptiveFIR.xml (RunModel)" time="0.35" />
  <testcase classname="ptolemy.util.test.junit.AutoTests" name="[33] /home/travis/build/icyphy/ptII/ptolemy/domains/sdf/lib/test/auto/LMSAdaptiveFIR2.xml (RunModel)" time="0.525" />
  <testcase classname="ptolemy.util.test.junit.AutoTests" name="[34] /home/travis/build/icyphy/ptII/ptolemy/domains/sdf/lib/test/auto/LongJoin.xml (RunModel)" time="0.061" />
  <testcase classname="ptolemy.util.test.junit.AutoTests" name="[35] /home/travis/build/icyphy/ptII/ptolemy/domains/sdf/lib/test/auto/Matrix1.xml (RunModel)" time="0.043" />
  <testcase classname="ptolemy.util.test.junit.AutoTests" name="[36] /home/travis/build/icyphy/ptII/ptolemy/domains/sdf/lib/test/auto/Matrix2.xml (RunModel)" time="0.041" />
  <testcase classname="ptolemy.util.test.junit.AutoTests" name="[37] /home/travis/build/icyphy/ptII/ptolemy/domains/sdf/lib/test/auto/MatrixJoin1.xml (RunModel)" time="0.035" />
  <testcase classname="ptolemy.util.test.junit.AutoTests" name="[38] /home/travis/build/icyphy/ptII/ptolemy/domains/sdf/lib/test/auto/MatrixJoin2.xml (RunModel)" time="0.021" />
  <testcase classname="ptolemy.util.test.junit.AutoTests" name="[39] /home/travis/build/icyphy/ptII/ptolemy/domains/sdf/lib/test/auto/MatrixJoin3.xml (RunModel)" time="0.022" />
  <testcase classname="ptolemy.util.test.junit.AutoTests" name="[40] /home/travis/build/icyphy/ptII/ptolemy/domains/sdf/lib/test/auto/MatrixJoin4.xml (RunModel)" time="0.018" />
  <testcase classname="ptolemy.util.test.junit.AutoTests" name="[41] /home/travis/build/icyphy/ptII/ptolemy/domains/sdf/lib/test/auto/MatrixJoin5.xml (RunModel)" time="0.023" />
  <testcase classname="ptolemy.util.test.junit.AutoTests" name="[42] /home/travis/build/icyphy/ptII/ptolemy/domains/sdf/lib/test/auto/MatrixSplit1.xml (RunModel)" time="0.038" />
  <testcase classname="ptolemy.util.test.junit.AutoTests" name="[43] /home/travis/build/icyphy/ptII/ptolemy/domains/sdf/lib/test/auto/MatrixSplit10.xml (RunModel)" time="0.02" />
  <testcase classname="ptolemy.util.test.junit.AutoTests" name="[44] /home/travis/build/icyphy/ptII/ptolemy/domains/sdf/lib/test/auto/MatrixSplit11.xml (RunModel)" time="0.015" />
  <testcase classname="ptolemy.util.test.junit.AutoTests" name="[45] /home/travis/build/icyphy/ptII/ptolemy/domains/sdf/lib/test/auto/MatrixSplit12.xml (RunModel)" time="0.022" />
  <testcase classname="ptolemy.util.test.junit.AutoTests" name="[46] /home/travis/build/icyphy/ptII/ptolemy/domains/sdf/lib/test/auto/MatrixSplit13.xml (RunModel)" time="0.035" />
  <testcase classname="ptolemy.util.test.junit.AutoTests" name="[47] /home/travis/build/icyphy/ptII/ptolemy/domains/sdf/lib/test/auto/MatrixSplit14.xml (RunModel)" time="0.018" />
  <testcase classname="ptolemy.util.test.junit.AutoTests" name="[48] /home/travis/build/icyphy/ptII/ptolemy/domains/sdf/lib/test/auto/MatrixSplit2.xml (RunModel)" time="0.017" />
  <testcase classname="ptolemy.util.test.junit.AutoTests" name="[49] /home/travis/build/icyphy/ptII/ptolemy/domains/sdf/lib/test/auto/MatrixSplit3.xml (RunModel)" time="0.017" />
  <testcase classname="ptolemy.util.test.junit.AutoTests" name="[50] /home/travis/build/icyphy/ptII/ptolemy/domains/sdf/lib/test/auto/MatrixSplit4.xml (RunModel)" time="0.018" />
  <testcase classname="ptolemy.util.test.junit.AutoTests" name="[51] /home/travis/build/icyphy/ptII/ptolemy/domains/sdf/lib/test/auto/MatrixSplit5.xml (RunModel)" time="0.026" />
  <testcase classname="ptolemy.util.test.junit.AutoTests" name="[52] /home/travis/build/icyphy/ptII/ptolemy/domains/sdf/lib/test/auto/MatrixSplit6.xml (RunModel)" time="0.017" />
  <testcase classname="ptolemy.util.test.junit.AutoTests" name="[53] /home/travis/build/icyphy/ptII/ptolemy/domains/sdf/lib/test/auto/MatrixSplit7.xml (RunModel)" time="0.015" />
  <testcase classname="ptolemy.util.test.junit.AutoTests" name="[54] /home/travis/build/icyphy/ptII/ptolemy/domains/sdf/lib/test/auto/MatrixSplit8.xml (RunModel)" time="0.016" />
  <testcase classname="ptolemy.util.test.junit.AutoTests" name="[55] /home/travis/build/icyphy/ptII/ptolemy/domains/sdf/lib/test/auto/MatrixSplit9.xml (RunModel)" time="0.029" />
  <testcase classname="ptolemy.util.test.junit.AutoTests" name="[56] /home/travis/build/icyphy/ptII/ptolemy/domains/sdf/lib/test/auto/MatrixToSequence.xml (RunModel)" time="0.043" />
  <testcase classname="ptolemy.util.test.junit.AutoTests" name="[57] /home/travis/build/icyphy/ptII/ptolemy/domains/sdf/lib/test/auto/MaximumEntropySpectrum.xml (RunModel)" time="0.101" />
  <testcase classname="ptolemy.util.test.junit.AutoTests" name="[58] /home/travis/build/icyphy/ptII/ptolemy/domains/sdf/lib/test/auto/SampleDelayConversion.xml (RunModel)" time="0.018" />
  <testcase classname="ptolemy.util.test.junit.AutoTests" name="[59] /home/travis/build/icyphy/ptII/ptolemy/domains/sdf/lib/test/auto/SequenceToArray.xml (RunModel)" time="0.041" />
  <testcase classname="ptolemy.util.test.junit.AutoTests" name="[60] /home/travis/build/icyphy/ptII/ptolemy/domains/sdf/lib/test/auto/SequenceToMatrix.xml (RunModel)" time="3.54" />
  <testcase classname="ptolemy.util.test.junit.AutoTests" name="[61] /home/travis/build/icyphy/ptII/ptolemy/domains/sdf/lib/test/auto/SmoothedPeriodogram.xml (RunModel)" time="0.068" />
  <testcase classname="ptolemy.util.test.junit.AutoTests" name="[62] /home/travis/build/icyphy/ptII/ptolemy/domains/sdf/lib/test/auto/UpDownSample1.xml (RunModel)" time="0.015" />
  <testcase classname="ptolemy.util.test.junit.AutoTests" name="[63] /home/travis/build/icyphy/ptII/ptolemy/domains/sdf/lib/test/auto/UpSample1.xml (RunModel)" time="0.019" />
  <testcase classname="ptolemy.util.test.junit.AutoTests" name="[64] /home/travis/build/icyphy/ptII/ptolemy/domains/sdf/lib/test/auto/VariableFIR.xml (RunModel)" time="0.025" />
  <testcase classname="ptolemy.util.test.junit.AutoTests" name="[65] /home/travis/build/icyphy/ptII/ptolemy/domains/sdf/lib/test/auto/VariableFIR2.xml (RunModel)" time="0.035" />
  <testcase classname="ptolemy.util.test.junit.AutoTests" name="[66] /home/travis/build/icyphy/ptII/ptolemy/domains/sdf/lib/test/auto/VariableLattice.xml (RunModel)" time="0.026" />
  <testcase classname="ptolemy.util.test.junit.AutoTests" name="[67] /home/travis/build/icyphy/ptII/ptolemy/domains/sdf/lib/test/auto/VariableLattice2.xml (RunModel)" time="0.023" />
  <testcase classname="ptolemy.util.test.junit.AutoTests" name="[68] /home/travis/build/icyphy/ptII/ptolemy/domains/sdf/lib/test/auto/VariableRecursiveLattice.xml (RunModel)" time="0.016" />
  <testcase classname="ptolemy.util.test.junit.AutoTests" name="[69] /home/travis/build/icyphy/ptII/ptolemy/domains/sdf/lib/test/auto/VariableRecursiveLattice2.xml (RunModel)" time="0.012" />
  <system-out><![CDATA[/home/travis/build/icyphy/ptII/ptolemy/domains/sdf/lib/test/ArrayToSequence.tcl
testDefs.tcl: setting time out to 9000 seconds at Sun Jun 30 05:03:31 UTC 2019
65 ms. Memory: 120832K Free: 100396K (83%)
25 ms. Memory: 120832K Free: 98129K (81%)
36 ms. Memory: 120832K Free: 108230K (90%)
13 ms. Memory: 120832K Free: 106675K (88%)
/home/travis/build/icyphy/ptII/ptolemy/domains/sdf/lib/test/BitsToInt.tcl
10 ms. Memory: 120832K Free: 105028K (87%)
8 ms. Memory: 120832K Free: 103166K (85%)
/home/travis/build/icyphy/ptII/ptolemy/domains/sdf/lib/test/DelayLine.tcl
7 ms. Memory: 120832K Free: 101525K (84%)
/home/travis/build/icyphy/ptII/ptolemy/domains/sdf/lib/test/FFT.tcl
9 ms. Memory: 120832K Free: 99477K (82%)
/home/travis/build/icyphy/ptII/ptolemy/domains/sdf/lib/test/FIR.tcl
17 ms. Memory: 120832K Free: 97860K (81%)
121 ms. Memory: 120832K Free: 93362K (77%)
ptolemy.kernel.util.IllegalActionException: multiplyReverse method not supported between ptolemy.data.FixToken 'fix(-0.0625,6,2)' and ptolemy.data.IntToken '1' because the types are incomparable.
  in .top.FIRclone
Because:
multiplyReverse method not supported between ptolemy.data.FixToken 'fix(-0.0625,6,2)' and ptolemy.data.IntToken '1' because the types are incomparable.
43 ms. Memory: 120832K Free: 91315K (76%)
/home/travis/build/icyphy/ptII/ptolemy/domains/sdf/lib/test/IntToBits.tcl
12 ms. Memory: 120832K Free: 89830K (74%)
25 ms. Memory: 189440K Free: 176392K (93%)
/home/travis/build/icyphy/ptII/ptolemy/domains/sdf/lib/test/MaximumEntropySpectrum.tcl
/home/travis/build/icyphy/ptII/ptolemy/domains/sdf/lib/test/Repeat.tcl
25 ms. Memory: 189440K Free: 155013K (82%)
/home/travis/build/icyphy/ptII/ptolemy/domains/sdf/lib/test/SampleDelay.tcl
9 ms. Memory: 189440K Free: 152935K (81%)
4 ms. Memory: 189440K Free: 151927K (80%)
4 ms. Memory: 189440K Free: 151431K (80%)
5 ms. Memory: 189440K Free: 150407K (79%)
2 ms. Memory: 189440K Free: 149879K (79%)
2 ms. Memory: 189440K Free: 149383K (79%)
/home/travis/build/icyphy/ptII/ptolemy/domains/sdf/lib/test/SequenceToArray.tcl
6 ms. Memory: 189440K Free: 147831K (78%)
13 ms. Memory: 189440K Free: 146821K (78%)
6 ms. Memory: 189440K Free: 145287K (77%)
7 ms. Memory: 189440K Free: 144263K (76%)
06/30/19 05:03:33
Failed: 0  Total Tests: 41  ((Passed: 41, Newly Passed: 0)  Known Failed: 0) /home/travis/build/icyphy/ptII/ptolemy/domains/sdf/lib/test
No auto/knownFailedTests/*.xml tests in /home/travis/build/icyphy/ptII/ptolemy/domains/sdf/lib/test
No auto/linux-amd64/*.xml tests in /home/travis/build/icyphy/ptII/ptolemy/domains/sdf/lib/test
AutoTests.java: About to close Vertx.
AutoTests.java: Vertx closed.

===========================================================================================
----------------- testing Sun Jun 30 05:03:34 UTC 2019 /home/travis/build/icyphy/ptII/ptolemy/domains/sdf/lib/test/auto/ArrayToSequence.xml
----------------- Instantiating /home/travis/build/icyphy/ptII/ptolemy/domains/sdf/lib/test/auto/ArrayToSequence.xml
19 ms. Memory: 189440K Free: 154613K (82%)
----------------- Invoking toplevel() on ptolemy.moml.MoMLSimpleApplication@7b8565e9
----------------- Done invoking toplevel() on ptolemy.moml.MoMLSimpleApplication@7b8565e9
reloadAllAccessors: .ArrayToSequence

===========================================================================================
----------------- testing Sun Jun 30 05:03:34 UTC 2019 /home/travis/build/icyphy/ptII/ptolemy/domains/sdf/lib/test/auto/ArrayToSequenceTest.xml
----------------- Instantiating /home/travis/build/icyphy/ptII/ptolemy/domains/sdf/lib/test/auto/ArrayToSequenceTest.xml
31 ms. Memory: 189440K Free: 147973K (78%)
----------------- Invoking toplevel() on ptolemy.moml.MoMLSimpleApplication@75966713
----------------- Done invoking toplevel() on ptolemy.moml.MoMLSimpleApplication@75966713
reloadAllAccessors: .ArrayToSequenceTest

===========================================================================================
----------------- testing Sun Jun 30 05:03:34 UTC 2019 /home/travis/build/icyphy/ptII/ptolemy/domains/sdf/lib/test/auto/Autocorrelation.xml
----------------- Instantiating /home/travis/build/icyphy/ptII/ptolemy/domains/sdf/lib/test/auto/Autocorrelation.xml
5 ms. Memory: 189440K Free: 143363K (76%)
----------------- Invoking toplevel() on ptolemy.moml.MoMLSimpleApplication@4ae53c38
----------------- Done invoking toplevel() on ptolemy.moml.MoMLSimpleApplication@4ae53c38
reloadAllAccessors: .Autocorrelation

===========================================================================================
----------------- testing Sun Jun 30 05:03:34 UTC 2019 /home/travis/build/icyphy/ptII/ptolemy/domains/sdf/lib/test/auto/Autocorrelation2.xml
----------------- Instantiating /home/travis/build/icyphy/ptII/ptolemy/domains/sdf/lib/test/auto/Autocorrelation2.xml
4 ms. Memory: 189440K Free: 138243K (73%)
----------------- Invoking toplevel() on ptolemy.moml.MoMLSimpleApplication@615b5eab
----------------- Done invoking toplevel() on ptolemy.moml.MoMLSimpleApplication@615b5eab
reloadAllAccessors: .Autocorrelation2

===========================================================================================
----------------- testing Sun Jun 30 05:03:34 UTC 2019 /home/travis/build/icyphy/ptII/ptolemy/domains/sdf/lib/test/auto/Autocorrelation3.xml
----------------- Instantiating /home/travis/build/icyphy/ptII/ptolemy/domains/sdf/lib/test/auto/Autocorrelation3.xml
4 ms. Memory: 189440K Free: 134661K (71%)
----------------- Invoking toplevel() on ptolemy.moml.MoMLSimpleApplication@6f7d94cf
----------------- Done invoking toplevel() on ptolemy.moml.MoMLSimpleApplication@6f7d94cf
reloadAllAccessors: .Autocorrelation3

===========================================================================================
----------------- testing Sun Jun 30 05:03:34 UTC 2019 /home/travis/build/icyphy/ptII/ptolemy/domains/sdf/lib/test/auto/Autocorrelation4.xml
----------------- Instantiating /home/travis/build/icyphy/ptII/ptolemy/domains/sdf/lib/test/auto/Autocorrelation4.xml
10 ms. Memory: 189440K Free: 130563K (69%)
----------------- Invoking toplevel() on ptolemy.moml.MoMLSimpleApplication@69700313
----------------- Done invoking toplevel() on ptolemy.moml.MoMLSimpleApplication@69700313
reloadAllAccessors: .Autocorrelation4

===========================================================================================
----------------- testing Sun Jun 30 05:03:34 UTC 2019 /home/travis/build/icyphy/ptII/ptolemy/domains/sdf/lib/test/auto/Autocorrelation5.xml
----------------- Instantiating /home/travis/build/icyphy/ptII/ptolemy/domains/sdf/lib/test/auto/Autocorrelation5.xml
69 ms. Memory: 189440K Free: 122373K (65%)
----------------- Invoking toplevel() on ptolemy.moml.MoMLSimpleApplication@496115d2
----------------- Done invoking toplevel() on ptolemy.moml.MoMLSimpleApplication@496115d2
reloadAllAccessors: .Autocorrelation5

===========================================================================================
----------------- testing Sun Jun 30 05:03:34 UTC 2019 /home/travis/build/icyphy/ptII/ptolemy/domains/sdf/lib/test/auto/BitsToInt.xml
----------------- Instantiating /home/travis/build/icyphy/ptII/ptolemy/domains/sdf/lib/test/auto/BitsToInt.xml
4 ms. Memory: 189440K Free: 172621K (91%)
----------------- Invoking toplevel() on ptolemy.moml.MoMLSimpleApplication@320184e3
----------------- Done invoking toplevel() on ptolemy.moml.MoMLSimpleApplication@320184e3
reloadAllAccessors: .BitsToInt

===========================================================================================
----------------- testing Sun Jun 30 05:03:34 UTC 2019 /home/travis/build/icyphy/ptII/ptolemy/domains/sdf/lib/test/auto/BooleanJoin.xml
----------------- Instantiating /home/travis/build/icyphy/ptII/ptolemy/domains/sdf/lib/test/auto/BooleanJoin.xml
8 ms. Memory: 189440K Free: 168011K (89%)
----------------- Invoking toplevel() on ptolemy.moml.MoMLSimpleApplication@5aee3750
----------------- Done invoking toplevel() on ptolemy.moml.MoMLSimpleApplication@5aee3750
reloadAllAccessors: .BooleanJoin

===========================================================================================
----------------- testing Sun Jun 30 05:03:34 UTC 2019 /home/travis/build/icyphy/ptII/ptolemy/domains/sdf/lib/test/auto/BootstrapSampleDelay.xml
----------------- Instantiating /home/travis/build/icyphy/ptII/ptolemy/domains/sdf/lib/test/auto/BootstrapSampleDelay.xml
11 ms. Memory: 189440K Free: 164429K (87%)
----------------- Invoking toplevel() on ptolemy.moml.MoMLSimpleApplication@697b7d2
----------------- Done invoking toplevel() on ptolemy.moml.MoMLSimpleApplication@697b7d2
reloadAllAccessors: .BootstrapSampleDelay

===========================================================================================
----------------- testing Sun Jun 30 05:03:34 UTC 2019 /home/travis/build/icyphy/ptII/ptolemy/domains/sdf/lib/test/auto/Chop.xml
----------------- Instantiating /home/travis/build/icyphy/ptII/ptolemy/domains/sdf/lib/test/auto/Chop.xml
6 ms. Memory: 189440K Free: 156747K (83%)
----------------- Invoking toplevel() on ptolemy.moml.MoMLSimpleApplication@617beac7
----------------- Done invoking toplevel() on ptolemy.moml.MoMLSimpleApplication@617beac7
reloadAllAccessors: .Chop

===========================================================================================
----------------- testing Sun Jun 30 05:03:34 UTC 2019 /home/travis/build/icyphy/ptII/ptolemy/domains/sdf/lib/test/auto/Chop2.xml
----------------- Instantiating /home/travis/build/icyphy/ptII/ptolemy/domains/sdf/lib/test/auto/Chop2.xml
11 ms. Memory: 189440K Free: 150093K (79%)
----------------- Invoking toplevel() on ptolemy.moml.MoMLSimpleApplication@427a72e9
----------------- Done invoking toplevel() on ptolemy.moml.MoMLSimpleApplication@427a72e9
reloadAllAccessors: .Chop2

===========================================================================================
----------------- testing Sun Jun 30 05:03:34 UTC 2019 /home/travis/build/icyphy/ptII/ptolemy/domains/sdf/lib/test/auto/ComplexJoin.xml
----------------- Instantiating /home/travis/build/icyphy/ptII/ptolemy/domains/sdf/lib/test/auto/ComplexJoin.xml
4 ms. Memory: 189440K Free: 145483K (77%)
----------------- Invoking toplevel() on ptolemy.moml.MoMLSimpleApplication@7ff9f928
----------------- Done invoking toplevel() on ptolemy.moml.MoMLSimpleApplication@7ff9f928
reloadAllAccessors: .ComplexJoin

===========================================================================================
----------------- testing Sun Jun 30 05:03:34 UTC 2019 /home/travis/build/icyphy/ptII/ptolemy/domains/sdf/lib/test/auto/CountTrues.xml
----------------- Instantiating /home/travis/build/icyphy/ptII/ptolemy/domains/sdf/lib/test/auto/CountTrues.xml
7 ms. Memory: 189440K Free: 142411K (75%)
----------------- Invoking toplevel() on ptolemy.moml.MoMLSimpleApplication@508f38db
----------------- Done invoking toplevel() on ptolemy.moml.MoMLSimpleApplication@508f38db
reloadAllAccessors: .CountTrues

===========================================================================================
----------------- testing Sun Jun 30 05:03:35 UTC 2019 /home/travis/build/icyphy/ptII/ptolemy/domains/sdf/lib/test/auto/DelayLine.xml
----------------- Instantiating /home/travis/build/icyphy/ptII/ptolemy/domains/sdf/lib/test/auto/DelayLine.xml
4 ms. Memory: 189440K Free: 137261K (72%)
----------------- Invoking toplevel() on ptolemy.moml.MoMLSimpleApplication@c5ed0d0
----------------- Done invoking toplevel() on ptolemy.moml.MoMLSimpleApplication@c5ed0d0
reloadAllAccessors: .DelayLine

===========================================================================================
----------------- testing Sun Jun 30 05:03:35 UTC 2019 /home/travis/build/icyphy/ptII/ptolemy/domains/sdf/lib/test/auto/DotProduct.xml
----------------- Instantiating /home/travis/build/icyphy/ptII/ptolemy/domains/sdf/lib/test/auto/DotProduct.xml
3 ms. Memory: 189440K Free: 133709K (71%)
----------------- Invoking toplevel() on ptolemy.moml.MoMLSimpleApplication@feef9ef
----------------- Done invoking toplevel() on ptolemy.moml.MoMLSimpleApplication@feef9ef
reloadAllAccessors: .DotProduct

===========================================================================================
----------------- testing Sun Jun 30 05:03:35 UTC 2019 /home/travis/build/icyphy/ptII/ptolemy/domains/sdf/lib/test/auto/DotProductMatrix.xml
----------------- Instantiating /home/travis/build/icyphy/ptII/ptolemy/domains/sdf/lib/test/auto/DotProductMatrix.xml
6 ms. Memory: 189440K Free: 131147K (69%)
----------------- Invoking toplevel() on ptolemy.moml.MoMLSimpleApplication@5a523624
----------------- Done invoking toplevel() on ptolemy.moml.MoMLSimpleApplication@5a523624
reloadAllAccessors: .DotProductMatrix

===========================================================================================
----------------- testing Sun Jun 30 05:03:35 UTC 2019 /home/travis/build/icyphy/ptII/ptolemy/domains/sdf/lib/test/auto/DownSample1.xml
----------------- Instantiating /home/travis/build/icyphy/ptII/ptolemy/domains/sdf/lib/test/auto/DownSample1.xml
8 ms. Memory: 189440K Free: 127565K (67%)
----------------- Invoking toplevel() on ptolemy.moml.MoMLSimpleApplication@421eb8c7
----------------- Done invoking toplevel() on ptolemy.moml.MoMLSimpleApplication@421eb8c7
reloadAllAccessors: .DownSample1

===========================================================================================
----------------- testing Sun Jun 30 05:03:35 UTC 2019 /home/travis/build/icyphy/ptII/ptolemy/domains/sdf/lib/test/auto/DynamicRateChange.xml
----------------- Instantiating /home/travis/build/icyphy/ptII/ptolemy/domains/sdf/lib/test/auto/DynamicRateChange.xml
11 ms. Memory: 189440K Free: 121925K (64%)
----------------- Invoking toplevel() on ptolemy.moml.MoMLSimpleApplication@5b2351b1
----------------- Done invoking toplevel() on ptolemy.moml.MoMLSimpleApplication@5b2351b1
reloadAllAccessors: .DynamicRateChange

===========================================================================================
----------------- testing Sun Jun 30 05:03:35 UTC 2019 /home/travis/build/icyphy/ptII/ptolemy/domains/sdf/lib/test/auto/DynamicRates.xml
----------------- Instantiating /home/travis/build/icyphy/ptII/ptolemy/domains/sdf/lib/test/auto/DynamicRates.xml
7 ms. Memory: 189440K Free: 116301K (61%)
----------------- Invoking toplevel() on ptolemy.moml.MoMLSimpleApplication@25c27d08
----------------- Done invoking toplevel() on ptolemy.moml.MoMLSimpleApplication@25c27d08
reloadAllAccessors: .DynamicRates

===========================================================================================
----------------- testing Sun Jun 30 05:03:35 UTC 2019 /home/travis/build/icyphy/ptII/ptolemy/domains/sdf/lib/test/auto/FFT1.xml
----------------- Instantiating /home/travis/build/icyphy/ptII/ptolemy/domains/sdf/lib/test/auto/FFT1.xml
10 ms. Memory: 189440K Free: 111691K (59%)
----------------- Invoking toplevel() on ptolemy.moml.MoMLSimpleApplication@671f8909
----------------- Done invoking toplevel() on ptolemy.moml.MoMLSimpleApplication@671f8909
reloadAllAccessors: .FFT1

===========================================================================================
----------------- testing Sun Jun 30 05:03:35 UTC 2019 /home/travis/build/icyphy/ptII/ptolemy/domains/sdf/lib/test/auto/FIR1.xml
----------------- Instantiating /home/travis/build/icyphy/ptII/ptolemy/domains/sdf/lib/test/auto/FIR1.xml
29 ms. Memory: 189440K Free: 104523K (55%)
----------------- Invoking toplevel() on ptolemy.moml.MoMLSimpleApplication@701b3dae
----------------- Done invoking toplevel() on ptolemy.moml.MoMLSimpleApplication@701b3dae
reloadAllAccessors: .FIR1

===========================================================================================
----------------- testing Sun Jun 30 05:03:35 UTC 2019 /home/travis/build/icyphy/ptII/ptolemy/domains/sdf/lib/test/auto/FIR2.xml
----------------- Instantiating /home/travis/build/icyphy/ptII/ptolemy/domains/sdf/lib/test/auto/FIR2.xml
4 ms. Memory: 189440K Free: 101451K (54%)
----------------- Invoking toplevel() on ptolemy.moml.MoMLSimpleApplication@7679390
----------------- Done invoking toplevel() on ptolemy.moml.MoMLSimpleApplication@7679390
reloadAllAccessors: .FIR2

===========================================================================================
----------------- testing Sun Jun 30 05:03:35 UTC 2019 /home/travis/build/icyphy/ptII/ptolemy/domains/sdf/lib/test/auto/FIR4.xml
----------------- Instantiating /home/travis/build/icyphy/ptII/ptolemy/domains/sdf/lib/test/auto/FIR4.xml
8 ms. Memory: 189440K Free: 94283K (50%)
----------------- Invoking toplevel() on ptolemy.moml.MoMLSimpleApplication@5033ee18
----------------- Done invoking toplevel() on ptolemy.moml.MoMLSimpleApplication@5033ee18
reloadAllAccessors: .FIR4

===========================================================================================
----------------- testing Sun Jun 30 05:03:35 UTC 2019 /home/travis/build/icyphy/ptII/ptolemy/domains/sdf/lib/test/auto/FixJoin.xml
----------------- Instantiating /home/travis/build/icyphy/ptII/ptolemy/domains/sdf/lib/test/auto/FixJoin.xml
3 ms. Memory: 189440K Free: 89677K (47%)
----------------- Invoking toplevel() on ptolemy.moml.MoMLSimpleApplication@342a510f
----------------- Done invoking toplevel() on ptolemy.moml.MoMLSimpleApplication@342a510f
reloadAllAccessors: .FixJoin

===========================================================================================
----------------- testing Sun Jun 30 05:03:35 UTC 2019 /home/travis/build/icyphy/ptII/ptolemy/domains/sdf/lib/test/auto/IntJoin1.xml
----------------- Instantiating /home/travis/build/icyphy/ptII/ptolemy/domains/sdf/lib/test/auto/IntJoin1.xml
6 ms. Memory: 189440K Free: 85581K (45%)
----------------- Invoking toplevel() on ptolemy.moml.MoMLSimpleApplication@2cc40f8f
----------------- Done invoking toplevel() on ptolemy.moml.MoMLSimpleApplication@2cc40f8f
reloadAllAccessors: .IntJoin1

===========================================================================================
----------------- testing Sun Jun 30 05:03:35 UTC 2019 /home/travis/build/icyphy/ptII/ptolemy/domains/sdf/lib/test/auto/IntJoin2.xml
----------------- Instantiating /home/travis/build/icyphy/ptII/ptolemy/domains/sdf/lib/test/auto/IntJoin2.xml
6 ms. Memory: 189440K Free: 80971K (43%)
----------------- Invoking toplevel() on ptolemy.moml.MoMLSimpleApplication@630ba212
----------------- Done invoking toplevel() on ptolemy.moml.MoMLSimpleApplication@630ba212
reloadAllAccessors: .IntJoin2

===========================================================================================
----------------- testing Sun Jun 30 05:03:35 UTC 2019 /home/travis/build/icyphy/ptII/ptolemy/domains/sdf/lib/test/auto/IntJoin3.xml
----------------- Instantiating /home/travis/build/icyphy/ptII/ptolemy/domains/sdf/lib/test/auto/IntJoin3.xml
3 ms. Memory: 189440K Free: 76875K (41%)
----------------- Invoking toplevel() on ptolemy.moml.MoMLSimpleApplication@1b70249d
----------------- Done invoking toplevel() on ptolemy.moml.MoMLSimpleApplication@1b70249d
reloadAllAccessors: .IntJoin3

===========================================================================================
----------------- testing Sun Jun 30 05:03:35 UTC 2019 /home/travis/build/icyphy/ptII/ptolemy/domains/sdf/lib/test/auto/IntJoin4.xml
----------------- Instantiating /home/travis/build/icyphy/ptII/ptolemy/domains/sdf/lib/test/auto/IntJoin4.xml
4 ms. Memory: 189440K Free: 72269K (38%)
----------------- Invoking toplevel() on ptolemy.moml.MoMLSimpleApplication@4fd98d9c
----------------- Done invoking toplevel() on ptolemy.moml.MoMLSimpleApplication@4fd98d9c
reloadAllAccessors: .IntJoin4

===========================================================================================
----------------- testing Sun Jun 30 05:03:35 UTC 2019 /home/travis/build/icyphy/ptII/ptolemy/domains/sdf/lib/test/auto/IntJoin5.xml
----------------- Instantiating /home/travis/build/icyphy/ptII/ptolemy/domains/sdf/lib/test/auto/IntJoin5.xml
6 ms. Memory: 189440K Free: 68173K (36%)
----------------- Invoking toplevel() on ptolemy.moml.MoMLSimpleApplication@1c0fe9e8
----------------- Done invoking toplevel() on ptolemy.moml.MoMLSimpleApplication@1c0fe9e8
reloadAllAccessors: .IntJoin5

===========================================================================================
----------------- testing Sun Jun 30 05:03:35 UTC 2019 /home/travis/build/icyphy/ptII/ptolemy/domains/sdf/lib/test/auto/IntToBits.xml
----------------- Instantiating /home/travis/build/icyphy/ptII/ptolemy/domains/sdf/lib/test/auto/IntToBits.xml
6 ms. Memory: 189440K Free: 172969K (91%)
----------------- Invoking toplevel() on ptolemy.moml.MoMLSimpleApplication@2432245d
----------------- Done invoking toplevel() on ptolemy.moml.MoMLSimpleApplication@2432245d
reloadAllAccessors: .IntToBits

===========================================================================================
----------------- testing Sun Jun 30 05:03:35 UTC 2019 /home/travis/build/icyphy/ptII/ptolemy/domains/sdf/lib/test/auto/LMSAdaptive.xml
----------------- Instantiating /home/travis/build/icyphy/ptII/ptolemy/domains/sdf/lib/test/auto/LMSAdaptive.xml
17 ms. Memory: 189440K Free: 164335K (87%)
----------------- Invoking toplevel() on ptolemy.moml.MoMLSimpleApplication@1332728e
----------------- Done invoking toplevel() on ptolemy.moml.MoMLSimpleApplication@1332728e
reloadAllAccessors: .LMSAdaptive

===========================================================================================
----------------- testing Sun Jun 30 05:03:35 UTC 2019 /home/travis/build/icyphy/ptII/ptolemy/domains/sdf/lib/test/auto/LMSAdaptiveFIR.xml
----------------- Instantiating /home/travis/build/icyphy/ptII/ptolemy/domains/sdf/lib/test/auto/LMSAdaptiveFIR.xml
229 ms. Memory: 189440K Free: 129005K (68%)
----------------- Invoking toplevel() on ptolemy.moml.MoMLSimpleApplication@30975b14
----------------- Done invoking toplevel() on ptolemy.moml.MoMLSimpleApplication@30975b14
reloadAllAccessors: .LMSAdaptiveFIR

===========================================================================================
----------------- testing Sun Jun 30 05:03:36 UTC 2019 /home/travis/build/icyphy/ptII/ptolemy/domains/sdf/lib/test/auto/LMSAdaptiveFIR2.xml
----------------- Instantiating /home/travis/build/icyphy/ptII/ptolemy/domains/sdf/lib/test/auto/LMSAdaptiveFIR2.xml
419 ms. Memory: 189440K Free: 70637K (37%)
----------------- Invoking toplevel() on ptolemy.moml.MoMLSimpleApplication@133ec2ee
----------------- Done invoking toplevel() on ptolemy.moml.MoMLSimpleApplication@133ec2ee
reloadAllAccessors: .LMSAdaptiveFIR2

===========================================================================================
----------------- testing Sun Jun 30 05:03:36 UTC 2019 /home/travis/build/icyphy/ptII/ptolemy/domains/sdf/lib/test/auto/LongJoin.xml
----------------- Instantiating /home/travis/build/icyphy/ptII/ptolemy/domains/sdf/lib/test/auto/LongJoin.xml
5 ms. Memory: 189440K Free: 66031K (35%)
----------------- Invoking toplevel() on ptolemy.moml.MoMLSimpleApplication@2ee4112
----------------- Done invoking toplevel() on ptolemy.moml.MoMLSimpleApplication@2ee4112
reloadAllAccessors: .LongJoin

===========================================================================================
----------------- testing Sun Jun 30 05:03:36 UTC 2019 /home/travis/build/icyphy/ptII/ptolemy/domains/sdf/lib/test/auto/Matrix1.xml
----------------- Instantiating /home/travis/build/icyphy/ptII/ptolemy/domains/sdf/lib/test/auto/Matrix1.xml
4 ms. Memory: 256000K Free: 237514K (93%)
----------------- Invoking toplevel() on ptolemy.moml.MoMLSimpleApplication@10b3fad7
----------------- Done invoking toplevel() on ptolemy.moml.MoMLSimpleApplication@10b3fad7
reloadAllAccessors: .Matrix1

===========================================================================================
----------------- testing Sun Jun 30 05:03:36 UTC 2019 /home/travis/build/icyphy/ptII/ptolemy/domains/sdf/lib/test/auto/Matrix2.xml
----------------- Instantiating /home/travis/build/icyphy/ptII/ptolemy/domains/sdf/lib/test/auto/Matrix2.xml
4 ms. Memory: 256000K Free: 233418K (91%)
----------------- Invoking toplevel() on ptolemy.moml.MoMLSimpleApplication@7166c0c7
----------------- Done invoking toplevel() on ptolemy.moml.MoMLSimpleApplication@7166c0c7
reloadAllAccessors: .Matrix2

===========================================================================================
----------------- testing Sun Jun 30 05:03:36 UTC 2019 /home/travis/build/icyphy/ptII/ptolemy/domains/sdf/lib/test/auto/MatrixJoin1.xml
----------------- Instantiating /home/travis/build/icyphy/ptII/ptolemy/domains/sdf/lib/test/auto/MatrixJoin1.xml
6 ms. Memory: 256000K Free: 229322K (90%)
----------------- Invoking toplevel() on ptolemy.moml.MoMLSimpleApplication@4df371e5
----------------- Done invoking toplevel() on ptolemy.moml.MoMLSimpleApplication@4df371e5
reloadAllAccessors: .MatrixJoin1

===========================================================================================
----------------- testing Sun Jun 30 05:03:36 UTC 2019 /home/travis/build/icyphy/ptII/ptolemy/domains/sdf/lib/test/auto/MatrixJoin2.xml
----------------- Instantiating /home/travis/build/icyphy/ptII/ptolemy/domains/sdf/lib/test/auto/MatrixJoin2.xml
2 ms. Memory: 256000K Free: 224716K (88%)
----------------- Invoking toplevel() on ptolemy.moml.MoMLSimpleApplication@9be22cd
----------------- Done invoking toplevel() on ptolemy.moml.MoMLSimpleApplication@9be22cd
reloadAllAccessors: .MatrixJoin2

===========================================================================================
----------------- testing Sun Jun 30 05:03:36 UTC 2019 /home/travis/build/icyphy/ptII/ptolemy/domains/sdf/lib/test/auto/MatrixJoin3.xml
----------------- Instantiating /home/travis/build/icyphy/ptII/ptolemy/domains/sdf/lib/test/auto/MatrixJoin3.xml
6 ms. Memory: 256000K Free: 220620K (86%)
----------------- Invoking toplevel() on ptolemy.moml.MoMLSimpleApplication@218da55a
----------------- Done invoking toplevel() on ptolemy.moml.MoMLSimpleApplication@218da55a
reloadAllAccessors: .MatrixJoin3

===========================================================================================
----------------- testing Sun Jun 30 05:03:36 UTC 2019 /home/travis/build/icyphy/ptII/ptolemy/domains/sdf/lib/test/auto/MatrixJoin4.xml
----------------- Instantiating /home/travis/build/icyphy/ptII/ptolemy/domains/sdf/lib/test/auto/MatrixJoin4.xml
2 ms. Memory: 256000K Free: 216010K (84%)
----------------- Invoking toplevel() on ptolemy.moml.MoMLSimpleApplication@224ac057
----------------- Done invoking toplevel() on ptolemy.moml.MoMLSimpleApplication@224ac057
reloadAllAccessors: .MatrixJoin4

===========================================================================================
----------------- testing Sun Jun 30 05:03:36 UTC 2019 /home/travis/build/icyphy/ptII/ptolemy/domains/sdf/lib/test/auto/MatrixJoin5.xml
----------------- Instantiating /home/travis/build/icyphy/ptII/ptolemy/domains/sdf/lib/test/auto/MatrixJoin5.xml
2 ms. Memory: 256000K Free: 211914K (83%)
----------------- Invoking toplevel() on ptolemy.moml.MoMLSimpleApplication@12579ee7
----------------- Done invoking toplevel() on ptolemy.moml.MoMLSimpleApplication@12579ee7
reloadAllAccessors: .MatrixJoin5

===========================================================================================
----------------- testing Sun Jun 30 05:03:36 UTC 2019 /home/travis/build/icyphy/ptII/ptolemy/domains/sdf/lib/test/auto/MatrixSplit1.xml
----------------- Instantiating /home/travis/build/icyphy/ptII/ptolemy/domains/sdf/lib/test/auto/MatrixSplit1.xml
3 ms. Memory: 256000K Free: 206794K (81%)
----------------- Invoking toplevel() on ptolemy.moml.MoMLSimpleApplication@23dc6d77
----------------- Done invoking toplevel() on ptolemy.moml.MoMLSimpleApplication@23dc6d77
reloadAllAccessors: .MatrixSplit1

===========================================================================================
----------------- testing Sun Jun 30 05:03:37 UTC 2019 /home/travis/build/icyphy/ptII/ptolemy/domains/sdf/lib/test/auto/MatrixSplit10.xml
----------------- Instantiating /home/travis/build/icyphy/ptII/ptolemy/domains/sdf/lib/test/auto/MatrixSplit10.xml
3 ms. Memory: 256000K Free: 203722K (80%)
----------------- Invoking toplevel() on ptolemy.moml.MoMLSimpleApplication@25dd6940
----------------- Done invoking toplevel() on ptolemy.moml.MoMLSimpleApplication@25dd6940
reloadAllAccessors: .MatrixSplit10

===========================================================================================
----------------- testing Sun Jun 30 05:03:37 UTC 2019 /home/travis/build/icyphy/ptII/ptolemy/domains/sdf/lib/test/auto/MatrixSplit11.xml
----------------- Instantiating /home/travis/build/icyphy/ptII/ptolemy/domains/sdf/lib/test/auto/MatrixSplit11.xml
1 ms. Memory: 256000K Free: 200140K (78%)
----------------- Invoking toplevel() on ptolemy.moml.MoMLSimpleApplication@15f2c58d
----------------- Done invoking toplevel() on ptolemy.moml.MoMLSimpleApplication@15f2c58d
reloadAllAccessors: .MatrixSplit11

===========================================================================================
----------------- testing Sun Jun 30 05:03:37 UTC 2019 /home/travis/build/icyphy/ptII/ptolemy/domains/sdf/lib/test/auto/MatrixSplit12.xml
----------------- Instantiating /home/travis/build/icyphy/ptII/ptolemy/domains/sdf/lib/test/auto/MatrixSplit12.xml
2 ms. Memory: 256000K Free: 196044K (77%)
----------------- Invoking toplevel() on ptolemy.moml.MoMLSimpleApplication@50f44570
----------------- Done invoking toplevel() on ptolemy.moml.MoMLSimpleApplication@50f44570
reloadAllAccessors: .MatrixSplit12

===========================================================================================
----------------- testing Sun Jun 30 05:03:37 UTC 2019 /home/travis/build/icyphy/ptII/ptolemy/domains/sdf/lib/test/auto/MatrixSplit13.xml
----------------- Instantiating /home/travis/build/icyphy/ptII/ptolemy/domains/sdf/lib/test/auto/MatrixSplit13.xml
8 ms. Memory: 256000K Free: 192972K (75%)
----------------- Invoking toplevel() on ptolemy.moml.MoMLSimpleApplication@7d33c5f3
----------------- Done invoking toplevel() on ptolemy.moml.MoMLSimpleApplication@7d33c5f3
reloadAllAccessors: .MatrixSplit13

===========================================================================================
----------------- testing Sun Jun 30 05:03:37 UTC 2019 /home/travis/build/icyphy/ptII/ptolemy/domains/sdf/lib/test/auto/MatrixSplit14.xml
----------------- Instantiating /home/travis/build/icyphy/ptII/ptolemy/domains/sdf/lib/test/auto/MatrixSplit14.xml
2 ms. Memory: 256000K Free: 189386K (74%)
----------------- Invoking toplevel() on ptolemy.moml.MoMLSimpleApplication@15ea55c3
----------------- Done invoking toplevel() on ptolemy.moml.MoMLSimpleApplication@15ea55c3
reloadAllAccessors: .MatrixSplit14

===========================================================================================
----------------- testing Sun Jun 30 05:03:37 UTC 2019 /home/travis/build/icyphy/ptII/ptolemy/domains/sdf/lib/test/auto/MatrixSplit2.xml
----------------- Instantiating /home/travis/build/icyphy/ptII/ptolemy/domains/sdf/lib/test/auto/MatrixSplit2.xml
3 ms. Memory: 256000K Free: 186314K (73%)
----------------- Invoking toplevel() on ptolemy.moml.MoMLSimpleApplication@23188f60
----------------- Done invoking toplevel() on ptolemy.moml.MoMLSimpleApplication@23188f60
reloadAllAccessors: .MatrixSplit2

===========================================================================================
----------------- testing Sun Jun 30 05:03:37 UTC 2019 /home/travis/build/icyphy/ptII/ptolemy/domains/sdf/lib/test/auto/MatrixSplit3.xml
----------------- Instantiating /home/travis/build/icyphy/ptII/ptolemy/domains/sdf/lib/test/auto/MatrixSplit3.xml
2 ms. Memory: 256000K Free: 182732K (71%)
----------------- Invoking toplevel() on ptolemy.moml.MoMLSimpleApplication@e841b63
----------------- Done invoking toplevel() on ptolemy.moml.MoMLSimpleApplication@e841b63
reloadAllAccessors: .MatrixSplit3

===========================================================================================
----------------- testing Sun Jun 30 05:03:37 UTC 2019 /home/travis/build/icyphy/ptII/ptolemy/domains/sdf/lib/test/auto/MatrixSplit4.xml
----------------- Instantiating /home/travis/build/icyphy/ptII/ptolemy/domains/sdf/lib/test/auto/MatrixSplit4.xml
3 ms. Memory: 256000K Free: 179660K (70%)
----------------- Invoking toplevel() on ptolemy.moml.MoMLSimpleApplication@120a328e
----------------- Done invoking toplevel() on ptolemy.moml.MoMLSimpleApplication@120a328e
reloadAllAccessors: .MatrixSplit4

===========================================================================================
----------------- testing Sun Jun 30 05:03:37 UTC 2019 /home/travis/build/icyphy/ptII/ptolemy/domains/sdf/lib/test/auto/MatrixSplit5.xml
----------------- Instantiating /home/travis/build/icyphy/ptII/ptolemy/domains/sdf/lib/test/auto/MatrixSplit5.xml
10 ms. Memory: 256000K Free: 176027K (69%)
----------------- Invoking toplevel() on ptolemy.moml.MoMLSimpleApplication@3db8b68b
----------------- Done invoking toplevel() on ptolemy.moml.MoMLSimpleApplication@3db8b68b
reloadAllAccessors: .MatrixSplit5

===========================================================================================
----------------- testing Sun Jun 30 05:03:37 UTC 2019 /home/travis/build/icyphy/ptII/ptolemy/domains/sdf/lib/test/auto/MatrixSplit6.xml
----------------- Instantiating /home/travis/build/icyphy/ptII/ptolemy/domains/sdf/lib/test/auto/MatrixSplit6.xml
3 ms. Memory: 256000K Free: 173002K (68%)
----------------- Invoking toplevel() on ptolemy.moml.MoMLSimpleApplication@4ca60b27
----------------- Done invoking toplevel() on ptolemy.moml.MoMLSimpleApplication@4ca60b27
reloadAllAccessors: .MatrixSplit6

===========================================================================================
----------------- testing Sun Jun 30 05:03:37 UTC 2019 /home/travis/build/icyphy/ptII/ptolemy/domains/sdf/lib/test/auto/MatrixSplit7.xml
----------------- Instantiating /home/travis/build/icyphy/ptII/ptolemy/domains/sdf/lib/test/auto/MatrixSplit7.xml
2 ms. Memory: 256000K Free: 169420K (66%)
----------------- Invoking toplevel() on ptolemy.moml.MoMLSimpleApplication@3205f7d0
----------------- Done invoking toplevel() on ptolemy.moml.MoMLSimpleApplication@3205f7d0
reloadAllAccessors: .MatrixSplit7

===========================================================================================
----------------- testing Sun Jun 30 05:03:37 UTC 2019 /home/travis/build/icyphy/ptII/ptolemy/domains/sdf/lib/test/auto/MatrixSplit8.xml
----------------- Instantiating /home/travis/build/icyphy/ptII/ptolemy/domains/sdf/lib/test/auto/MatrixSplit8.xml
2 ms. Memory: 256000K Free: 166348K (65%)
----------------- Invoking toplevel() on ptolemy.moml.MoMLSimpleApplication@67a9ecd7
----------------- Done invoking toplevel() on ptolemy.moml.MoMLSimpleApplication@67a9ecd7
reloadAllAccessors: .MatrixSplit8

===========================================================================================
----------------- testing Sun Jun 30 05:03:37 UTC 2019 /home/travis/build/icyphy/ptII/ptolemy/domains/sdf/lib/test/auto/MatrixSplit9.xml
----------------- Instantiating /home/travis/build/icyphy/ptII/ptolemy/domains/sdf/lib/test/auto/MatrixSplit9.xml
2 ms. Memory: 256000K Free: 162252K (63%)
----------------- Invoking toplevel() on ptolemy.moml.MoMLSimpleApplication@1b1454b
----------------- Done invoking toplevel() on ptolemy.moml.MoMLSimpleApplication@1b1454b
reloadAllAccessors: .MatrixSplit9

===========================================================================================
----------------- testing Sun Jun 30 05:03:37 UTC 2019 /home/travis/build/icyphy/ptII/ptolemy/domains/sdf/lib/test/auto/MatrixToSequence.xml
----------------- Instantiating /home/travis/build/icyphy/ptII/ptolemy/domains/sdf/lib/test/auto/MatrixToSequence.xml
14 ms. Memory: 256000K Free: 153546K (60%)
----------------- Invoking toplevel() on ptolemy.moml.MoMLSimpleApplication@7403218f
----------------- Done invoking toplevel() on ptolemy.moml.MoMLSimpleApplication@7403218f
reloadAllAccessors: .MatrixToSequence

===========================================================================================
----------------- testing Sun Jun 30 05:03:37 UTC 2019 /home/travis/build/icyphy/ptII/ptolemy/domains/sdf/lib/test/auto/MaximumEntropySpectrum.xml
----------------- Instantiating /home/travis/build/icyphy/ptII/ptolemy/domains/sdf/lib/test/auto/MaximumEntropySpectrum.xml
14 ms. Memory: 256000K Free: 132042K (52%)
----------------- Invoking toplevel() on ptolemy.moml.MoMLSimpleApplication@2e80b6ef
----------------- Done invoking toplevel() on ptolemy.moml.MoMLSimpleApplication@2e80b6ef
reloadAllAccessors: .MaximumEntropySpectrum

===========================================================================================
----------------- testing Sun Jun 30 05:03:37 UTC 2019 /home/travis/build/icyphy/ptII/ptolemy/domains/sdf/lib/test/auto/SampleDelayConversion.xml
----------------- Instantiating /home/travis/build/icyphy/ptII/ptolemy/domains/sdf/lib/test/auto/SampleDelayConversion.xml
2 ms. Memory: 256000K Free: 128460K (50%)
----------------- Invoking toplevel() on ptolemy.moml.MoMLSimpleApplication@43f4538b
----------------- Done invoking toplevel() on ptolemy.moml.MoMLSimpleApplication@43f4538b
reloadAllAccessors: .SampleDelayConversion

===========================================================================================
----------------- testing Sun Jun 30 05:03:37 UTC 2019 /home/travis/build/icyphy/ptII/ptolemy/domains/sdf/lib/test/auto/SequenceToArray.xml
----------------- Instantiating /home/travis/build/icyphy/ptII/ptolemy/domains/sdf/lib/test/auto/SequenceToArray.xml
9 ms. Memory: 256000K Free: 117196K (46%)
----------------- Invoking toplevel() on ptolemy.moml.MoMLSimpleApplication@69d3de6b
----------------- Done invoking toplevel() on ptolemy.moml.MoMLSimpleApplication@69d3de6b
reloadAllAccessors: .SequenceToArray

===========================================================================================
----------------- testing Sun Jun 30 05:03:37 UTC 2019 /home/travis/build/icyphy/ptII/ptolemy/domains/sdf/lib/test/auto/SequenceToMatrix.xml
----------------- Instantiating /home/travis/build/icyphy/ptII/ptolemy/domains/sdf/lib/test/auto/SequenceToMatrix.xml
3519 ms. Memory: 256000K Free: 168953K (66%)
----------------- Invoking toplevel() on ptolemy.moml.MoMLSimpleApplication@41fddb6f
----------------- Done invoking toplevel() on ptolemy.moml.MoMLSimpleApplication@41fddb6f
reloadAllAccessors: .SequenceToMatrix

===========================================================================================
----------------- testing Sun Jun 30 05:03:41 UTC 2019 /home/travis/build/icyphy/ptII/ptolemy/domains/sdf/lib/test/auto/SmoothedPeriodogram.xml
----------------- Instantiating /home/travis/build/icyphy/ptII/ptolemy/domains/sdf/lib/test/auto/SmoothedPeriodogram.xml
7 ms. Memory: 256000K Free: 153079K (60%)
----------------- Invoking toplevel() on ptolemy.moml.MoMLSimpleApplication@30597b45
----------------- Done invoking toplevel() on ptolemy.moml.MoMLSimpleApplication@30597b45
reloadAllAccessors: .SmoothedPeriodogram

===========================================================================================
----------------- testing Sun Jun 30 05:03:41 UTC 2019 /home/travis/build/icyphy/ptII/ptolemy/domains/sdf/lib/test/auto/UpDownSample1.xml
----------------- Instantiating /home/travis/build/icyphy/ptII/ptolemy/domains/sdf/lib/test/auto/UpDownSample1.xml
2 ms. Memory: 256000K Free: 148983K (58%)
----------------- Invoking toplevel() on ptolemy.moml.MoMLSimpleApplication@53cec913
----------------- Done invoking toplevel() on ptolemy.moml.MoMLSimpleApplication@53cec913
reloadAllAccessors: .UpDownSample1

===========================================================================================
----------------- testing Sun Jun 30 05:03:41 UTC 2019 /home/travis/build/icyphy/ptII/ptolemy/domains/sdf/lib/test/auto/UpSample1.xml
----------------- Instantiating /home/travis/build/icyphy/ptII/ptolemy/domains/sdf/lib/test/auto/UpSample1.xml
2 ms. Memory: 256000K Free: 145911K (57%)
----------------- Invoking toplevel() on ptolemy.moml.MoMLSimpleApplication@3df77f14
----------------- Done invoking toplevel() on ptolemy.moml.MoMLSimpleApplication@3df77f14
reloadAllAccessors: .UpSample1

===========================================================================================
----------------- testing Sun Jun 30 05:03:41 UTC 2019 /home/travis/build/icyphy/ptII/ptolemy/domains/sdf/lib/test/auto/VariableFIR.xml
----------------- Instantiating /home/travis/build/icyphy/ptII/ptolemy/domains/sdf/lib/test/auto/VariableFIR.xml
5 ms. Memory: 256000K Free: 140281K (55%)
----------------- Invoking toplevel() on ptolemy.moml.MoMLSimpleApplication@467c0c05
----------------- Done invoking toplevel() on ptolemy.moml.MoMLSimpleApplication@467c0c05
reloadAllAccessors: .VariableFIR

===========================================================================================
----------------- testing Sun Jun 30 05:03:41 UTC 2019 /home/travis/build/icyphy/ptII/ptolemy/domains/sdf/lib/test/auto/VariableFIR2.xml
----------------- Instantiating /home/travis/build/icyphy/ptII/ptolemy/domains/sdf/lib/test/auto/VariableFIR2.xml
3 ms. Memory: 256000K Free: 135161K (53%)
----------------- Invoking toplevel() on ptolemy.moml.MoMLSimpleApplication@5faa4668
----------------- Done invoking toplevel() on ptolemy.moml.MoMLSimpleApplication@5faa4668
reloadAllAccessors: .VariableFIR2

===========================================================================================
----------------- testing Sun Jun 30 05:03:41 UTC 2019 /home/travis/build/icyphy/ptII/ptolemy/domains/sdf/lib/test/auto/VariableLattice.xml
----------------- Instantiating /home/travis/build/icyphy/ptII/ptolemy/domains/sdf/lib/test/auto/VariableLattice.xml
4 ms. Memory: 256000K Free: 128503K (50%)
----------------- Invoking toplevel() on ptolemy.moml.MoMLSimpleApplication@84abd64
----------------- Done invoking toplevel() on ptolemy.moml.MoMLSimpleApplication@84abd64
reloadAllAccessors: .VariableLattice

===========================================================================================
----------------- testing Sun Jun 30 05:03:41 UTC 2019 /home/travis/build/icyphy/ptII/ptolemy/domains/sdf/lib/test/auto/VariableLattice2.xml
----------------- Instantiating /home/travis/build/icyphy/ptII/ptolemy/domains/sdf/lib/test/auto/VariableLattice2.xml
1.0
-1.999999602036
1.9099998677481
-0.9099996420674
0.205
0.0
0.0
1.0
-0.25
-0.5
0.0
0.0
0.0
0.0
3 ms. Memory: 256000K Free: 124407K (49%)
----------------- Invoking toplevel() on ptolemy.moml.MoMLSimpleApplication@75efd4ae
----------------- Done invoking toplevel() on ptolemy.moml.MoMLSimpleApplication@75efd4ae
reloadAllAccessors: .VariableLattice2

===========================================================================================
----------------- testing Sun Jun 30 05:03:41 UTC 2019 /home/travis/build/icyphy/ptII/ptolemy/domains/sdf/lib/test/auto/VariableRecursiveLattice.xml
----------------- Instantiating /home/travis/build/icyphy/ptII/ptolemy/domains/sdf/lib/test/auto/VariableRecursiveLattice.xml
3 ms. Memory: 256000K Free: 119287K (47%)
----------------- Invoking toplevel() on ptolemy.moml.MoMLSimpleApplication@d5954fe
----------------- Done invoking toplevel() on ptolemy.moml.MoMLSimpleApplication@d5954fe
reloadAllAccessors: .VariableRecursiveLattice

===========================================================================================
----------------- testing Sun Jun 30 05:03:41 UTC 2019 /home/travis/build/icyphy/ptII/ptolemy/domains/sdf/lib/test/auto/VariableRecursiveLattice2.xml
----------------- Instantiating /home/travis/build/icyphy/ptII/ptolemy/domains/sdf/lib/test/auto/VariableRecursiveLattice2.xml
2 ms. Memory: 256000K Free: 115191K (45%)
----------------- Invoking toplevel() on ptolemy.moml.MoMLSimpleApplication@682e6ec4
----------------- Done invoking toplevel() on ptolemy.moml.MoMLSimpleApplication@682e6ec4
reloadAllAccessors: .VariableRecursiveLattice2
AutoTests.java: About to close Vertx.
AutoTests.java: Vertx closed.
]]></system-out>
  <system-err><![CDATA[]]></system-err>
</testsuite>
