<?xml version="1.0" encoding="UTF-8" ?>
<testsuite errors="0" failures="0" hostname="travis-job-e2df73b4-3f8b-443d-b88a-12df1506c98e" name="ptolemy.domains.hdf.kernel.test.junit.JUnitTclTest" skipped="0" tests="39" time="6.036" timestamp="2018-06-07T18:35:45">
  <properties>
[...]
</properties>
  <testcase classname="ptolemy.util.test.junit.TclTests" name="[0] /home/travis/build/icyphy/ptII/ptolemy/domains/hdf/kernel/test/RateErrorChecking.tcl (RunTclFile)" time="0.202" />
  <testcase classname="ptolemy.util.test.junit.AutoKnownFailedTests" name="[0] /home/travis/build/icyphy/ptII/ptolemy/domains/hdf/kernel/test/auto/knownFailedTests/badFSMRateChanges.xml (RunModel)" time="0.452" />
  <testcase classname="ptolemy.util.test.junit.AutoNameArchTests" name="[0] ThereAreNoAutoArchTests (RunModel)" time="0.004" />
  <testcase classname="ptolemy.util.test.junit.AutoTests" name="[0] /home/travis/build/icyphy/ptII/ptolemy/domains/hdf/kernel/test/auto/ConstVariableRateTest.xml (RunModel)" time="0.23" />
  <testcase classname="ptolemy.util.test.junit.AutoTests" name="[1] /home/travis/build/icyphy/ptII/ptolemy/domains/hdf/kernel/test/auto/DifferentRefinedRates.xml (RunModel)" time="0.153" />
  <testcase classname="ptolemy.util.test.junit.AutoTests" name="[2] /home/travis/build/icyphy/ptII/ptolemy/domains/hdf/kernel/test/auto/DifferentRefinedRates2.xml (RunModel)" time="0.175" />
  <testcase classname="ptolemy.util.test.junit.AutoTests" name="[3] /home/travis/build/icyphy/ptII/ptolemy/domains/hdf/kernel/test/auto/DifferentRefinedRates3.xml (RunModel)" time="0.121" />
  <testcase classname="ptolemy.util.test.junit.AutoTests" name="[4] /home/travis/build/icyphy/ptII/ptolemy/domains/hdf/kernel/test/auto/DifferentRefinedRates4.xml (RunModel)" time="0.119" />
  <testcase classname="ptolemy.util.test.junit.AutoTests" name="[5] /home/travis/build/icyphy/ptII/ptolemy/domains/hdf/kernel/test/auto/DifferentRefinedRates5.xml (RunModel)" time="0.17" />
  <testcase classname="ptolemy.util.test.junit.AutoTests" name="[6] /home/travis/build/icyphy/ptII/ptolemy/domains/hdf/kernel/test/auto/DifferentRefinedRates6.xml (RunModel)" time="0.133" />
  <testcase classname="ptolemy.util.test.junit.AutoTests" name="[7] /home/travis/build/icyphy/ptII/ptolemy/domains/hdf/kernel/test/auto/DownSample_PowerOfTwo.xml (RunModel)" time="0.293" />
  <testcase classname="ptolemy.util.test.junit.AutoTests" name="[8] /home/travis/build/icyphy/ptII/ptolemy/domains/hdf/kernel/test/auto/FibonacciWithNullInitial.xml (RunModel)" time="0.193" />
  <testcase classname="ptolemy.util.test.junit.AutoTests" name="[9] /home/travis/build/icyphy/ptII/ptolemy/domains/hdf/kernel/test/auto/FibonacciWithNullInitial1.xml (RunModel)" time="0.213" />
  <testcase classname="ptolemy.util.test.junit.AutoTests" name="[10] /home/travis/build/icyphy/ptII/ptolemy/domains/hdf/kernel/test/auto/FibonacciWithTransientStates.xml (RunModel)" time="0.211" />
  <testcase classname="ptolemy.util.test.junit.AutoTests" name="[11] /home/travis/build/icyphy/ptII/ptolemy/domains/hdf/kernel/test/auto/FibonacciWithTransientStates2.xml (RunModel)" time="0.1" />
  <testcase classname="ptolemy.util.test.junit.AutoTests" name="[12] /home/travis/build/icyphy/ptII/ptolemy/domains/hdf/kernel/test/auto/FibonacciWithoutHistoryInitial.xml (RunModel)" time="0.131" />
  <testcase classname="ptolemy.util.test.junit.AutoTests" name="[13] /home/travis/build/icyphy/ptII/ptolemy/domains/hdf/kernel/test/auto/GuardUsingPastTokens.xml (RunModel)" time="0.083" />
  <testcase classname="ptolemy.util.test.junit.AutoTests" name="[14] /home/travis/build/icyphy/ptII/ptolemy/domains/hdf/kernel/test/auto/GuardWithResets.xml (RunModel)" time="0.107" />
  <testcase classname="ptolemy.util.test.junit.AutoTests" name="[15] /home/travis/build/icyphy/ptII/ptolemy/domains/hdf/kernel/test/auto/Hierarchy_2Level_Test1.xml (RunModel)" time="0.074" />
  <testcase classname="ptolemy.util.test.junit.AutoTests" name="[16] /home/travis/build/icyphy/ptII/ptolemy/domains/hdf/kernel/test/auto/Hierarchy_2Level_Test2.xml (RunModel)" time="0.075" />
  <testcase classname="ptolemy.util.test.junit.AutoTests" name="[17] /home/travis/build/icyphy/ptII/ptolemy/domains/hdf/kernel/test/auto/Hysteresis.xml (RunModel)" time="0.066" />
  <testcase classname="ptolemy.util.test.junit.AutoTests" name="[18] /home/travis/build/icyphy/ptII/ptolemy/domains/hdf/kernel/test/auto/InitTransient.xml (RunModel)" time="0.109" />
  <testcase classname="ptolemy.util.test.junit.AutoTests" name="[19] /home/travis/build/icyphy/ptII/ptolemy/domains/hdf/kernel/test/auto/Merge.xml (RunModel)" time="0.103" />
  <testcase classname="ptolemy.util.test.junit.AutoTests" name="[20] /home/travis/build/icyphy/ptII/ptolemy/domains/hdf/kernel/test/auto/ModalModelBooleanSwitch.xml (RunModel)" time="0.083" />
  <testcase classname="ptolemy.util.test.junit.AutoTests" name="[21] /home/travis/build/icyphy/ptII/ptolemy/domains/hdf/kernel/test/auto/SameRates.xml (RunModel)" time="0.052" />
  <testcase classname="ptolemy.util.test.junit.AutoTests" name="[22] /home/travis/build/icyphy/ptII/ptolemy/domains/hdf/kernel/test/auto/SameRefinedRates.xml (RunModel)" time="0.066" />
  <testcase classname="ptolemy.util.test.junit.AutoTests" name="[23] /home/travis/build/icyphy/ptII/ptolemy/domains/hdf/kernel/test/auto/SameRefinedRates2.xml (RunModel)" time="0.069" />
  <testcase classname="ptolemy.util.test.junit.AutoTests" name="[24] /home/travis/build/icyphy/ptII/ptolemy/domains/hdf/kernel/test/auto/TransientStates.xml (RunModel)" time="0.085" />
  <testcase classname="ptolemy.util.test.junit.AutoTests" name="[25] /home/travis/build/icyphy/ptII/ptolemy/domains/hdf/kernel/test/auto/TwoHammingCodec.xml (RunModel)" time="0.103" />
  <testcase classname="ptolemy.util.test.junit.AutoTests" name="[26] /home/travis/build/icyphy/ptII/ptolemy/domains/hdf/kernel/test/auto/TwoHammingCodec1.xml (RunModel)" time="0.102" />
  <testcase classname="ptolemy.util.test.junit.AutoTests" name="[27] /home/travis/build/icyphy/ptII/ptolemy/domains/hdf/kernel/test/auto/TwoLevelHierarchy.xml (RunModel)" time="0.178" />
  <testcase classname="ptolemy.util.test.junit.AutoTests" name="[28] /home/travis/build/icyphy/ptII/ptolemy/domains/hdf/kernel/test/auto/TwoLevelHierarchy1.xml (RunModel)" time="0.218" />
  <testcase classname="ptolemy.util.test.junit.AutoTests" name="[29] /home/travis/build/icyphy/ptII/ptolemy/domains/hdf/kernel/test/auto/TwoLevelHierarchy2.xml (RunModel)" time="0.154" />
  <testcase classname="ptolemy.util.test.junit.AutoTests" name="[30] /home/travis/build/icyphy/ptII/ptolemy/domains/hdf/kernel/test/auto/TwoLevelHierarchyNullStates.xml (RunModel)" time="0.198" />
  <testcase classname="ptolemy.util.test.junit.AutoTests" name="[31] /home/travis/build/icyphy/ptII/ptolemy/domains/hdf/kernel/test/auto/TwoLevelHierarchyWithResets.xml (RunModel)" time="0.194" />
  <testcase classname="ptolemy.util.test.junit.AutoTests" name="[32] /home/travis/build/icyphy/ptII/ptolemy/domains/hdf/kernel/test/auto/TwoLevelHierarchyWithResetsNullStates.xml (RunModel)" time="0.215" />
  <testcase classname="ptolemy.util.test.junit.AutoTests" name="[33] /home/travis/build/icyphy/ptII/ptolemy/domains/hdf/kernel/test/auto/WaterTank_HDF.xml (RunModel)" time="0.142" />
  <testcase classname="ptolemy.util.test.junit.AutoTests" name="[34] /home/travis/build/icyphy/ptII/ptolemy/domains/hdf/kernel/test/auto/WaterTank_HDF2.xml (RunModel)" time="0.144" />
  <testcase classname="ptolemy.util.test.junit.AutoTests" name="[35] /home/travis/build/icyphy/ptII/ptolemy/domains/hdf/kernel/test/auto/badFSMRateChanges.xml (RunModel)" time="0.055" />
  <system-out><![CDATA[/home/travis/build/icyphy/ptII/ptolemy/domains/hdf/kernel/test/RateErrorChecking.tcl
testDefs.tcl: setting time out to 9000 seconds at Thu Jun 07 18:35:45 UTC 2018


==== $PTII/ptolemy/domains/hdf/kernel/test/RateErrorChecking.tcl: RateErrorChecking-1.0 
==== Contents of test case:

    catch {createAndExecute "badFSMRateChanges.xml"} foo
    list $foo

==== Result was:
{java.io.FileNotFoundException: /home/travis/build/icyphy/ptII/ptolemy/domains/hdf/kernel/test/badFSMRateChanges.xml (No such file or directory)}
---- KNOWN Failure, Result should have been:
{ptolemy.kernel.util.IllegalActionException: Failed to compute schedule:
  in .badFSMRateChanges.SDF Director
Because:
The SDF rate parameter may change. This is not allowed in SDF models that will be run through the code generator.  If you don't care about code generation, then you might consider setting the allowRateChanges parameter of the SDF director to false.
    in .badFSMRateChanges.typed composite actor.output.tokenProductionRate}
---- RateErrorChecking-1.0 Failed, but this is a KNOWN failure
06/07/18 06:35:45
Failed: 0  Total Tests: 1  ((Passed: 0, Newly Passed: 0)  Known Failed: 1) /home/travis/build/icyphy/ptII/ptolemy/domains/hdf/kernel/test
----------------- testing (KnownFailure) /home/travis/build/icyphy/ptII/ptolemy/domains/hdf/kernel/test/auto/knownFailedTests/badFSMRateChanges.xml
113 ms. Memory: 116224K Free: 95175K (82%)
No auto/linux-amd64/*.xml tests in /home/travis/build/icyphy/ptII/ptolemy/domains/hdf/kernel/test
AutoTests.java: About to close Vertx.
AutoTests.java: Vertx closed.

===========================================================================================
----------------- testing Thu Jun 07 18:35:46 UTC 2018 /home/travis/build/icyphy/ptII/ptolemy/domains/hdf/kernel/test/auto/ConstVariableRateTest.xml
----------------- Instantiating /home/travis/build/icyphy/ptII/ptolemy/domains/hdf/kernel/test/auto/ConstVariableRateTest.xml
65 ms. Memory: 146944K Free: 112613K (77%)
----------------- Invoking toplevel() on ptolemy.moml.MoMLSimpleApplication@21643224
----------------- Done invoking toplevel() on ptolemy.moml.MoMLSimpleApplication@21643224
reloadAllAccessors: .ConstVariableRateTest

===========================================================================================
----------------- testing Thu Jun 07 18:35:46 UTC 2018 /home/travis/build/icyphy/ptII/ptolemy/domains/hdf/kernel/test/auto/DifferentRefinedRates.xml
----------------- Instantiating /home/travis/build/icyphy/ptII/ptolemy/domains/hdf/kernel/test/auto/DifferentRefinedRates.xml
57 ms. Memory: 146944K Free: 97399K (66%)
----------------- Invoking toplevel() on ptolemy.moml.MoMLSimpleApplication@6893c62a
----------------- Done invoking toplevel() on ptolemy.moml.MoMLSimpleApplication@6893c62a
reloadAllAccessors: .DifferentRefinedRates

===========================================================================================
----------------- testing Thu Jun 07 18:35:46 UTC 2018 /home/travis/build/icyphy/ptII/ptolemy/domains/hdf/kernel/test/auto/DifferentRefinedRates2.xml
----------------- Instantiating /home/travis/build/icyphy/ptII/ptolemy/domains/hdf/kernel/test/auto/DifferentRefinedRates2.xml
72 ms. Memory: 146944K Free: 141680K (96%)
----------------- Invoking toplevel() on ptolemy.moml.MoMLSimpleApplication@27a842be
----------------- Done invoking toplevel() on ptolemy.moml.MoMLSimpleApplication@27a842be
reloadAllAccessors: .DifferentRefinedRates2

===========================================================================================
----------------- testing Thu Jun 07 18:35:46 UTC 2018 /home/travis/build/icyphy/ptII/ptolemy/domains/hdf/kernel/test/auto/DifferentRefinedRates3.xml
----------------- Instantiating /home/travis/build/icyphy/ptII/ptolemy/domains/hdf/kernel/test/auto/DifferentRefinedRates3.xml
48 ms. Memory: 146944K Free: 127906K (87%)
----------------- Invoking toplevel() on ptolemy.moml.MoMLSimpleApplication@612ea671
----------------- Done invoking toplevel() on ptolemy.moml.MoMLSimpleApplication@612ea671
reloadAllAccessors: .DifferentRefinedRates3

===========================================================================================
----------------- testing Thu Jun 07 18:35:46 UTC 2018 /home/travis/build/icyphy/ptII/ptolemy/domains/hdf/kernel/test/auto/DifferentRefinedRates4.xml
----------------- Instantiating /home/travis/build/icyphy/ptII/ptolemy/domains/hdf/kernel/test/auto/DifferentRefinedRates4.xml
33 ms. Memory: 146944K Free: 110132K (75%)
----------------- Invoking toplevel() on ptolemy.moml.MoMLSimpleApplication@4a067dc8
----------------- Done invoking toplevel() on ptolemy.moml.MoMLSimpleApplication@4a067dc8
reloadAllAccessors: .NewHDFtest1

===========================================================================================
----------------- testing Thu Jun 07 18:35:46 UTC 2018 /home/travis/build/icyphy/ptII/ptolemy/domains/hdf/kernel/test/auto/DifferentRefinedRates5.xml
----------------- Instantiating /home/travis/build/icyphy/ptII/ptolemy/domains/hdf/kernel/test/auto/DifferentRefinedRates5.xml
63 ms. Memory: 146944K Free: 92892K (63%)
----------------- Invoking toplevel() on ptolemy.moml.MoMLSimpleApplication@780da72f
----------------- Done invoking toplevel() on ptolemy.moml.MoMLSimpleApplication@780da72f
reloadAllAccessors: .NewHDFtest2

===========================================================================================
----------------- testing Thu Jun 07 18:35:47 UTC 2018 /home/travis/build/icyphy/ptII/ptolemy/domains/hdf/kernel/test/auto/DifferentRefinedRates6.xml
----------------- Instantiating /home/travis/build/icyphy/ptII/ptolemy/domains/hdf/kernel/test/auto/DifferentRefinedRates6.xml
60 ms. Memory: 208384K Free: 200713K (96%)
----------------- Invoking toplevel() on ptolemy.moml.MoMLSimpleApplication@4c6934ad
----------------- Done invoking toplevel() on ptolemy.moml.MoMLSimpleApplication@4c6934ad
reloadAllAccessors: .DifferentRefinedRates6

===========================================================================================
----------------- testing Thu Jun 07 18:35:47 UTC 2018 /home/travis/build/icyphy/ptII/ptolemy/domains/hdf/kernel/test/auto/DownSample_PowerOfTwo.xml
----------------- Instantiating /home/travis/build/icyphy/ptII/ptolemy/domains/hdf/kernel/test/auto/DownSample_PowerOfTwo.xml
238 ms. Memory: 208384K Free: 172230K (83%)
----------------- Invoking toplevel() on ptolemy.moml.MoMLSimpleApplication@4a101713
----------------- Done invoking toplevel() on ptolemy.moml.MoMLSimpleApplication@4a101713
reloadAllAccessors: .SDFDownSample

===========================================================================================
----------------- testing Thu Jun 07 18:35:47 UTC 2018 /home/travis/build/icyphy/ptII/ptolemy/domains/hdf/kernel/test/auto/FibonacciWithNullInitial.xml
----------------- Instantiating /home/travis/build/icyphy/ptII/ptolemy/domains/hdf/kernel/test/auto/FibonacciWithNullInitial.xml
149 ms. Memory: 208384K Free: 146344K (70%)
----------------- Invoking toplevel() on ptolemy.moml.MoMLSimpleApplication@11f307a6
----------------- Done invoking toplevel() on ptolemy.moml.MoMLSimpleApplication@11f307a6
reloadAllAccessors: .FibonacciWithNullInitial

===========================================================================================
----------------- testing Thu Jun 07 18:35:47 UTC 2018 /home/travis/build/icyphy/ptII/ptolemy/domains/hdf/kernel/test/auto/FibonacciWithNullInitial1.xml
----------------- Instantiating /home/travis/build/icyphy/ptII/ptolemy/domains/hdf/kernel/test/auto/FibonacciWithNullInitial1.xml
163 ms. Memory: 208384K Free: 120410K (58%)
----------------- Invoking toplevel() on ptolemy.moml.MoMLSimpleApplication@288eec97
----------------- Done invoking toplevel() on ptolemy.moml.MoMLSimpleApplication@288eec97
reloadAllAccessors: .FibonacciWithNullInitial1

===========================================================================================
----------------- testing Thu Jun 07 18:35:47 UTC 2018 /home/travis/build/icyphy/ptII/ptolemy/domains/hdf/kernel/test/auto/FibonacciWithTransientStates.xml
----------------- Instantiating /home/travis/build/icyphy/ptII/ptolemy/domains/hdf/kernel/test/auto/FibonacciWithTransientStates.xml
157 ms. Memory: 208384K Free: 88749K (43%)
----------------- Invoking toplevel() on ptolemy.moml.MoMLSimpleApplication@53bf705d
----------------- Done invoking toplevel() on ptolemy.moml.MoMLSimpleApplication@53bf705d
reloadAllAccessors: .FibonacciWithTransientStates

===========================================================================================
----------------- testing Thu Jun 07 18:35:48 UTC 2018 /home/travis/build/icyphy/ptII/ptolemy/domains/hdf/kernel/test/auto/FibonacciWithTransientStates2.xml
----------------- Instantiating /home/travis/build/icyphy/ptII/ptolemy/domains/hdf/kernel/test/auto/FibonacciWithTransientStates2.xml
38 ms. Memory: 208384K Free: 187740K (90%)
----------------- Invoking toplevel() on ptolemy.moml.MoMLSimpleApplication@50cc606e
----------------- Done invoking toplevel() on ptolemy.moml.MoMLSimpleApplication@50cc606e
reloadAllAccessors: .FibonacciWithTransientStates2

===========================================================================================
----------------- testing Thu Jun 07 18:35:48 UTC 2018 /home/travis/build/icyphy/ptII/ptolemy/domains/hdf/kernel/test/auto/FibonacciWithoutHistoryInitial.xml
----------------- Instantiating /home/travis/build/icyphy/ptII/ptolemy/domains/hdf/kernel/test/auto/FibonacciWithoutHistoryInitial.xml
101 ms. Memory: 208384K Free: 164403K (79%)
----------------- Invoking toplevel() on ptolemy.moml.MoMLSimpleApplication@1688f9dc
----------------- Done invoking toplevel() on ptolemy.moml.MoMLSimpleApplication@1688f9dc
reloadAllAccessors: .FibonacciWithoutHistoryInitial

===========================================================================================
----------------- testing Thu Jun 07 18:35:48 UTC 2018 /home/travis/build/icyphy/ptII/ptolemy/domains/hdf/kernel/test/auto/GuardUsingPastTokens.xml
----------------- Instantiating /home/travis/build/icyphy/ptII/ptolemy/domains/hdf/kernel/test/auto/GuardUsingPastTokens.xml
26 ms. Memory: 208384K Free: 147047K (71%)
----------------- Invoking toplevel() on ptolemy.moml.MoMLSimpleApplication@39bf7a92
----------------- Done invoking toplevel() on ptolemy.moml.MoMLSimpleApplication@39bf7a92
reloadAllAccessors: .GuardUsingPastTokens

===========================================================================================
----------------- testing Thu Jun 07 18:35:48 UTC 2018 /home/travis/build/icyphy/ptII/ptolemy/domains/hdf/kernel/test/auto/GuardWithResets.xml
----------------- Instantiating /home/travis/build/icyphy/ptII/ptolemy/domains/hdf/kernel/test/auto/GuardWithResets.xml
40 ms. Memory: 208384K Free: 126653K (61%)
----------------- Invoking toplevel() on ptolemy.moml.MoMLSimpleApplication@36d6bd6e
----------------- Done invoking toplevel() on ptolemy.moml.MoMLSimpleApplication@36d6bd6e
reloadAllAccessors: .GuardWithResets

===========================================================================================
----------------- testing Thu Jun 07 18:35:48 UTC 2018 /home/travis/build/icyphy/ptII/ptolemy/domains/hdf/kernel/test/auto/Hierarchy_2Level_Test1.xml
----------------- Instantiating /home/travis/build/icyphy/ptII/ptolemy/domains/hdf/kernel/test/auto/Hierarchy_2Level_Test1.xml
26 ms. Memory: 208384K Free: 106831K (51%)
----------------- Invoking toplevel() on ptolemy.moml.MoMLSimpleApplication@58b1d7e
----------------- Done invoking toplevel() on ptolemy.moml.MoMLSimpleApplication@58b1d7e
reloadAllAccessors: .Hierarchy_2Level_Test1

===========================================================================================
----------------- testing Thu Jun 07 18:35:48 UTC 2018 /home/travis/build/icyphy/ptII/ptolemy/domains/hdf/kernel/test/auto/Hierarchy_2Level_Test2.xml
----------------- Instantiating /home/travis/build/icyphy/ptII/ptolemy/domains/hdf/kernel/test/auto/Hierarchy_2Level_Test2.xml
27 ms. Memory: 208384K Free: 86551K (42%)
----------------- Invoking toplevel() on ptolemy.moml.MoMLSimpleApplication@2dc35b33
----------------- Done invoking toplevel() on ptolemy.moml.MoMLSimpleApplication@2dc35b33
reloadAllAccessors: .Hierarchy_4Level_Test2

===========================================================================================
----------------- testing Thu Jun 07 18:35:48 UTC 2018 /home/travis/build/icyphy/ptII/ptolemy/domains/hdf/kernel/test/auto/Hysteresis.xml
----------------- Instantiating /home/travis/build/icyphy/ptII/ptolemy/domains/hdf/kernel/test/auto/Hysteresis.xml
20 ms. Memory: 330752K Free: 318440K (96%)
----------------- Invoking toplevel() on ptolemy.moml.MoMLSimpleApplication@7c12e335
----------------- Done invoking toplevel() on ptolemy.moml.MoMLSimpleApplication@7c12e335
reloadAllAccessors: .Hysteresis

===========================================================================================
----------------- testing Thu Jun 07 18:35:48 UTC 2018 /home/travis/build/icyphy/ptII/ptolemy/domains/hdf/kernel/test/auto/InitTransient.xml
----------------- Instantiating /home/travis/build/icyphy/ptII/ptolemy/domains/hdf/kernel/test/auto/InitTransient.xml
39 ms. Memory: 330752K Free: 295586K (89%)
----------------- Invoking toplevel() on ptolemy.moml.MoMLSimpleApplication@df12ecd
----------------- Done invoking toplevel() on ptolemy.moml.MoMLSimpleApplication@df12ecd
reloadAllAccessors: .InitTransient

===========================================================================================
----------------- testing Thu Jun 07 18:35:48 UTC 2018 /home/travis/build/icyphy/ptII/ptolemy/domains/hdf/kernel/test/auto/Merge.xml
----------------- Instantiating /home/travis/build/icyphy/ptII/ptolemy/domains/hdf/kernel/test/auto/Merge.xml
40 ms. Memory: 330752K Free: 275878K (83%)
----------------- Invoking toplevel() on ptolemy.moml.MoMLSimpleApplication@1d42b318
----------------- Done invoking toplevel() on ptolemy.moml.MoMLSimpleApplication@1d42b318
reloadAllAccessors: .Merge

===========================================================================================
----------------- testing Thu Jun 07 18:35:49 UTC 2018 /home/travis/build/icyphy/ptII/ptolemy/domains/hdf/kernel/test/auto/ModalModelBooleanSwitch.xml
----------------- Instantiating /home/travis/build/icyphy/ptII/ptolemy/domains/hdf/kernel/test/auto/ModalModelBooleanSwitch.xml
29 ms. Memory: 330752K Free: 253695K (77%)
----------------- Invoking toplevel() on ptolemy.moml.MoMLSimpleApplication@13214f69
----------------- Done invoking toplevel() on ptolemy.moml.MoMLSimpleApplication@13214f69
reloadAllAccessors: .BooleanSwitchWithModel

===========================================================================================
----------------- testing Thu Jun 07 18:35:49 UTC 2018 /home/travis/build/icyphy/ptII/ptolemy/domains/hdf/kernel/test/auto/SameRates.xml
----------------- Instantiating /home/travis/build/icyphy/ptII/ptolemy/domains/hdf/kernel/test/auto/SameRates.xml
15 ms. Memory: 330752K Free: 238198K (72%)
----------------- Invoking toplevel() on ptolemy.moml.MoMLSimpleApplication@15914ab9
----------------- Done invoking toplevel() on ptolemy.moml.MoMLSimpleApplication@15914ab9
reloadAllAccessors: .SameRates

===========================================================================================
----------------- testing Thu Jun 07 18:35:49 UTC 2018 /home/travis/build/icyphy/ptII/ptolemy/domains/hdf/kernel/test/auto/SameRefinedRates.xml
----------------- Instantiating /home/travis/build/icyphy/ptII/ptolemy/domains/hdf/kernel/test/auto/SameRefinedRates.xml
21 ms. Memory: 330752K Free: 222224K (67%)
----------------- Invoking toplevel() on ptolemy.moml.MoMLSimpleApplication@834ef7d
----------------- Done invoking toplevel() on ptolemy.moml.MoMLSimpleApplication@834ef7d
reloadAllAccessors: .SameRefinedRates

===========================================================================================
----------------- testing Thu Jun 07 18:35:49 UTC 2018 /home/travis/build/icyphy/ptII/ptolemy/domains/hdf/kernel/test/auto/SameRefinedRates2.xml
----------------- Instantiating /home/travis/build/icyphy/ptII/ptolemy/domains/hdf/kernel/test/auto/SameRefinedRates2.xml
21 ms. Memory: 330752K Free: 205020K (62%)
----------------- Invoking toplevel() on ptolemy.moml.MoMLSimpleApplication@7ff34f76
----------------- Done invoking toplevel() on ptolemy.moml.MoMLSimpleApplication@7ff34f76
reloadAllAccessors: .SameRefinedRates2

===========================================================================================
----------------- testing Thu Jun 07 18:35:49 UTC 2018 /home/travis/build/icyphy/ptII/ptolemy/domains/hdf/kernel/test/auto/TransientStates.xml
----------------- Instantiating /home/travis/build/icyphy/ptII/ptolemy/domains/hdf/kernel/test/auto/TransientStates.xml
27 ms. Memory: 330752K Free: 182174K (55%)
----------------- Invoking toplevel() on ptolemy.moml.MoMLSimpleApplication@30517181
----------------- Done invoking toplevel() on ptolemy.moml.MoMLSimpleApplication@30517181
reloadAllAccessors: .TransientStates

===========================================================================================
----------------- testing Thu Jun 07 18:35:49 UTC 2018 /home/travis/build/icyphy/ptII/ptolemy/domains/hdf/kernel/test/auto/TwoHammingCodec.xml
----------------- Instantiating /home/travis/build/icyphy/ptII/ptolemy/domains/hdf/kernel/test/auto/TwoHammingCodec.xml
40 ms. Memory: 330752K Free: 158826K (48%)
----------------- Invoking toplevel() on ptolemy.moml.MoMLSimpleApplication@295a9900
----------------- Done invoking toplevel() on ptolemy.moml.MoMLSimpleApplication@295a9900
reloadAllAccessors: .TwoHammingCodec

===========================================================================================
----------------- testing Thu Jun 07 18:35:49 UTC 2018 /home/travis/build/icyphy/ptII/ptolemy/domains/hdf/kernel/test/auto/TwoHammingCodec1.xml
----------------- Instantiating /home/travis/build/icyphy/ptII/ptolemy/domains/hdf/kernel/test/auto/TwoHammingCodec1.xml
52 ms. Memory: 330752K Free: 131776K (40%)
----------------- Invoking toplevel() on ptolemy.moml.MoMLSimpleApplication@7b187a37
----------------- Done invoking toplevel() on ptolemy.moml.MoMLSimpleApplication@7b187a37
reloadAllAccessors: .twoHammingCodec1

===========================================================================================
----------------- testing Thu Jun 07 18:35:49 UTC 2018 /home/travis/build/icyphy/ptII/ptolemy/domains/hdf/kernel/test/auto/TwoLevelHierarchy.xml
----------------- Instantiating /home/travis/build/icyphy/ptII/ptolemy/domains/hdf/kernel/test/auto/TwoLevelHierarchy.xml
52 ms. Memory: 330752K Free: 81889K (25%)
----------------- Invoking toplevel() on ptolemy.moml.MoMLSimpleApplication@45532add
----------------- Done invoking toplevel() on ptolemy.moml.MoMLSimpleApplication@45532add
reloadAllAccessors: .TwoLevelHierarchy

===========================================================================================
----------------- testing Thu Jun 07 18:35:49 UTC 2018 /home/travis/build/icyphy/ptII/ptolemy/domains/hdf/kernel/test/auto/TwoLevelHierarchy1.xml
----------------- Instantiating /home/travis/build/icyphy/ptII/ptolemy/domains/hdf/kernel/test/auto/TwoLevelHierarchy1.xml
60 ms. Memory: 331264K Free: 279565K (84%)
----------------- Invoking toplevel() on ptolemy.moml.MoMLSimpleApplication@418524ab
----------------- Done invoking toplevel() on ptolemy.moml.MoMLSimpleApplication@418524ab
reloadAllAccessors: .TwoLevelHierarchy1

===========================================================================================
----------------- testing Thu Jun 07 18:35:49 UTC 2018 /home/travis/build/icyphy/ptII/ptolemy/domains/hdf/kernel/test/auto/TwoLevelHierarchy2.xml
----------------- Instantiating /home/travis/build/icyphy/ptII/ptolemy/domains/hdf/kernel/test/auto/TwoLevelHierarchy2.xml
54 ms. Memory: 331264K Free: 238121K (72%)
----------------- Invoking toplevel() on ptolemy.moml.MoMLSimpleApplication@3de315f7
----------------- Done invoking toplevel() on ptolemy.moml.MoMLSimpleApplication@3de315f7
reloadAllAccessors: .TwoLevelHierarchy2

===========================================================================================
----------------- testing Thu Jun 07 18:35:50 UTC 2018 /home/travis/build/icyphy/ptII/ptolemy/domains/hdf/kernel/test/auto/TwoLevelHierarchyNullStates.xml
----------------- Instantiating /home/travis/build/icyphy/ptII/ptolemy/domains/hdf/kernel/test/auto/TwoLevelHierarchyNullStates.xml
63 ms. Memory: 331264K Free: 180776K (55%)
----------------- Invoking toplevel() on ptolemy.moml.MoMLSimpleApplication@46a2d623
----------------- Done invoking toplevel() on ptolemy.moml.MoMLSimpleApplication@46a2d623
reloadAllAccessors: .TwoLevelHierarchyNullStates

===========================================================================================
----------------- testing Thu Jun 07 18:35:50 UTC 2018 /home/travis/build/icyphy/ptII/ptolemy/domains/hdf/kernel/test/auto/TwoLevelHierarchyWithResets.xml
----------------- Instantiating /home/travis/build/icyphy/ptII/ptolemy/domains/hdf/kernel/test/auto/TwoLevelHierarchyWithResets.xml
77 ms. Memory: 331264K Free: 129500K (39%)
----------------- Invoking toplevel() on ptolemy.moml.MoMLSimpleApplication@6a5eed
----------------- Done invoking toplevel() on ptolemy.moml.MoMLSimpleApplication@6a5eed
reloadAllAccessors: .TwoLevelHierarchy1

===========================================================================================
----------------- testing Thu Jun 07 18:35:50 UTC 2018 /home/travis/build/icyphy/ptII/ptolemy/domains/hdf/kernel/test/auto/TwoLevelHierarchyWithResetsNullStates.xml
----------------- Instantiating /home/travis/build/icyphy/ptII/ptolemy/domains/hdf/kernel/test/auto/TwoLevelHierarchyWithResetsNullStates.xml
89 ms. Memory: 578048K Free: 553427K (96%)
----------------- Invoking toplevel() on ptolemy.moml.MoMLSimpleApplication@1ac50d75
----------------- Done invoking toplevel() on ptolemy.moml.MoMLSimpleApplication@1ac50d75
reloadAllAccessors: .TwoLevelHierarchyWithResetsNullStates

===========================================================================================
----------------- testing Thu Jun 07 18:35:50 UTC 2018 /home/travis/build/icyphy/ptII/ptolemy/domains/hdf/kernel/test/auto/WaterTank_HDF.xml
----------------- Instantiating /home/travis/build/icyphy/ptII/ptolemy/domains/hdf/kernel/test/auto/WaterTank_HDF.xml
67 ms. Memory: 578048K Free: 513434K (89%)
----------------- Invoking toplevel() on ptolemy.moml.MoMLSimpleApplication@41ed06a8
----------------- Done invoking toplevel() on ptolemy.moml.MoMLSimpleApplication@41ed06a8
reloadAllAccessors: .WaterTank_HDF

===========================================================================================
----------------- testing Thu Jun 07 18:35:50 UTC 2018 /home/travis/build/icyphy/ptII/ptolemy/domains/hdf/kernel/test/auto/WaterTank_HDF2.xml
----------------- Instantiating /home/travis/build/icyphy/ptII/ptolemy/domains/hdf/kernel/test/auto/WaterTank_HDF2.xml
46 ms. Memory: 578048K Free: 474112K (82%)
----------------- Invoking toplevel() on ptolemy.moml.MoMLSimpleApplication@6b91406a
----------------- Done invoking toplevel() on ptolemy.moml.MoMLSimpleApplication@6b91406a
reloadAllAccessors: .WaterTank_HDF2

===========================================================================================
----------------- testing Thu Jun 07 18:35:51 UTC 2018 /home/travis/build/icyphy/ptII/ptolemy/domains/hdf/kernel/test/auto/badFSMRateChanges.xml
----------------- Instantiating /home/travis/build/icyphy/ptII/ptolemy/domains/hdf/kernel/test/auto/badFSMRateChanges.xml
14 ms. Memory: 578048K Free: 456267K (79%)
----------------- Invoking toplevel() on ptolemy.moml.MoMLSimpleApplication@1210b8
----------------- Done invoking toplevel() on ptolemy.moml.MoMLSimpleApplication@1210b8
reloadAllAccessors: .badFSMRateChanges
AutoTests.java: About to close Vertx.
AutoTests.java: Vertx closed.
]]></system-out>
  <system-err><![CDATA[]]></system-err>
</testsuite>
