<?xml version="1.0" encoding="UTF-8" ?>
<testsuite errors="0" failures="0" hostname="travis-job-9a33f9f3-e42c-4715-b28e-45685d1f0d98" name="ptolemy.actor.lib.hoc.test.junit.JUnitTclTest" skipped="0" tests="58" time="31.371" timestamp="2019-12-14T06:20:52">
  <properties>
[...]
</properties>
  <testcase classname="ptolemy.util.test.junit.TclTests" name="[0] /home/travis/build/icyphy/ptII/ptolemy/actor/lib/hoc/test/IterateOverArray.tcl (RunTclFile)" time="0.303" />
  <testcase classname="ptolemy.util.test.junit.AutoKnownFailedTests" name="[0] /home/travis/build/icyphy/ptII/ptolemy/actor/lib/hoc/test/auto/knownFailedTests/PreinitializeMustBeInvokedRunComposite.xml (RunModel)" time="0.453" />
  <testcase classname="ptolemy.util.test.junit.AutoNameArchTests" name="[0] ThereAreNoAutoArchTests (RunModel)" time="0.008" />
  <testcase classname="ptolemy.util.test.junit.AutoTests" name="[0] /home/travis/build/icyphy/ptII/ptolemy/actor/lib/hoc/test/auto/AllToAllMultiInstanceComposite.xml (RunModel)" time="0.409" />
  <testcase classname="ptolemy.util.test.junit.AutoTests" name="[1] /home/travis/build/icyphy/ptII/ptolemy/actor/lib/hoc/test/auto/ApplyFFTTest.xml (RunModel)" time="0.422" />
  <testcase classname="ptolemy.util.test.junit.AutoTests" name="[2] /home/travis/build/icyphy/ptII/ptolemy/actor/lib/hoc/test/auto/ApplyFunction.xml (RunModel)" time="0.026" />
  <testcase classname="ptolemy.util.test.junit.AutoTests" name="[3] /home/travis/build/icyphy/ptII/ptolemy/actor/lib/hoc/test/auto/BackgroundExecution.xml (RunModel)" time="0.672" />
  <testcase classname="ptolemy.util.test.junit.AutoTests" name="[4] /home/travis/build/icyphy/ptII/ptolemy/actor/lib/hoc/test/auto/Case.xml (RunModel)" time="0.087" />
  <testcase classname="ptolemy.util.test.junit.AutoTests" name="[5] /home/travis/build/icyphy/ptII/ptolemy/actor/lib/hoc/test/auto/Case1.xml (RunModel)" time="0.045" />
  <testcase classname="ptolemy.util.test.junit.AutoTests" name="[6] /home/travis/build/icyphy/ptII/ptolemy/actor/lib/hoc/test/auto/Case2.xml (RunModel)" time="0.119" />
  <testcase classname="ptolemy.util.test.junit.AutoTests" name="[7] /home/travis/build/icyphy/ptII/ptolemy/actor/lib/hoc/test/auto/Case3.xml (RunModel)" time="0.07" />
  <testcase classname="ptolemy.util.test.junit.AutoTests" name="[8] /home/travis/build/icyphy/ptII/ptolemy/actor/lib/hoc/test/auto/Case4.xml (RunModel)" time="0.072" />
  <testcase classname="ptolemy.util.test.junit.AutoTests" name="[9] /home/travis/build/icyphy/ptII/ptolemy/actor/lib/hoc/test/auto/Case5.xml (RunModel)" time="0.082" />
  <testcase classname="ptolemy.util.test.junit.AutoTests" name="[10] /home/travis/build/icyphy/ptII/ptolemy/actor/lib/hoc/test/auto/Case6.xml (RunModel)" time="0.068" />
  <testcase classname="ptolemy.util.test.junit.AutoTests" name="[11] /home/travis/build/icyphy/ptII/ptolemy/actor/lib/hoc/test/auto/CaseString2.xml (RunModel)" time="0.039" />
  <testcase classname="ptolemy.util.test.junit.AutoTests" name="[12] /home/travis/build/icyphy/ptII/ptolemy/actor/lib/hoc/test/auto/CatchUpComposite1.xml (RunModel)" time="0.082" />
  <testcase classname="ptolemy.util.test.junit.AutoTests" name="[13] /home/travis/build/icyphy/ptII/ptolemy/actor/lib/hoc/test/auto/CatchUpComposite2.xml (RunModel)" time="0.041" />
  <testcase classname="ptolemy.util.test.junit.AutoTests" name="[14] /home/travis/build/icyphy/ptII/ptolemy/actor/lib/hoc/test/auto/CatchUpComposite3.xml (RunModel)" time="0.05" />
  <testcase classname="ptolemy.util.test.junit.AutoTests" name="[15] /home/travis/build/icyphy/ptII/ptolemy/actor/lib/hoc/test/auto/CatchUpComposite4.xml (RunModel)" time="0.058" />
  <testcase classname="ptolemy.util.test.junit.AutoTests" name="[16] /home/travis/build/icyphy/ptII/ptolemy/actor/lib/hoc/test/auto/CatchUpComposite5.xml (RunModel)" time="0.046" />
  <testcase classname="ptolemy.util.test.junit.AutoTests" name="[17] /home/travis/build/icyphy/ptII/ptolemy/actor/lib/hoc/test/auto/CatchUpComposite6.xml (RunModel)" time="0.176" />
  <testcase classname="ptolemy.util.test.junit.AutoTests" name="[18] /home/travis/build/icyphy/ptII/ptolemy/actor/lib/hoc/test/auto/CatchUpComposite7.xml (RunModel)" time="0.086" />
  <testcase classname="ptolemy.util.test.junit.AutoTests" name="[19] /home/travis/build/icyphy/ptII/ptolemy/actor/lib/hoc/test/auto/ConcurrentExecutionTimeSDF.xml (RunModel)" time="1.258" />
  <testcase classname="ptolemy.util.test.junit.AutoTests" name="[20] /home/travis/build/icyphy/ptII/ptolemy/actor/lib/hoc/test/auto/ConcurrentSleep.xml (RunModel)" time="0.762" />
  <testcase classname="ptolemy.util.test.junit.AutoTests" name="[21] /home/travis/build/icyphy/ptII/ptolemy/actor/lib/hoc/test/auto/DEInPNInRunCompositeActor.xml (RunModel)" time="0.046" />
  <testcase classname="ptolemy.util.test.junit.AutoTests" name="[22] /home/travis/build/icyphy/ptII/ptolemy/actor/lib/hoc/test/auto/DFTSubSetTest.xml (RunModel)" time="0.263" />
  <testcase classname="ptolemy.util.test.junit.AutoTests" name="[23] /home/travis/build/icyphy/ptII/ptolemy/actor/lib/hoc/test/auto/HocDE.xml (RunModel)" time="0.157" />
  <testcase classname="ptolemy.util.test.junit.AutoTests" name="[24] /home/travis/build/icyphy/ptII/ptolemy/actor/lib/hoc/test/auto/IterateOverArray.xml (RunModel)" time="0.039" />
  <testcase classname="ptolemy.util.test.junit.AutoTests" name="[25] /home/travis/build/icyphy/ptII/ptolemy/actor/lib/hoc/test/auto/IterateOverArray10.xml (RunModel)" time="0.023" />
  <testcase classname="ptolemy.util.test.junit.AutoTests" name="[26] /home/travis/build/icyphy/ptII/ptolemy/actor/lib/hoc/test/auto/IterateOverArray11.xml (RunModel)" time="0.025" />
  <testcase classname="ptolemy.util.test.junit.AutoTests" name="[27] /home/travis/build/icyphy/ptII/ptolemy/actor/lib/hoc/test/auto/IterateOverArray12.xml (RunModel)" time="0.039" />
  <testcase classname="ptolemy.util.test.junit.AutoTests" name="[28] /home/travis/build/icyphy/ptII/ptolemy/actor/lib/hoc/test/auto/IterateOverArray13.xml (RunModel)" time="0.15" />
  <testcase classname="ptolemy.util.test.junit.AutoTests" name="[29] /home/travis/build/icyphy/ptII/ptolemy/actor/lib/hoc/test/auto/IterateOverArray14.xml (RunModel)" time="0.113" />
  <testcase classname="ptolemy.util.test.junit.AutoTests" name="[30] /home/travis/build/icyphy/ptII/ptolemy/actor/lib/hoc/test/auto/IterateOverArray2.xml (RunModel)" time="0.028" />
  <testcase classname="ptolemy.util.test.junit.AutoTests" name="[31] /home/travis/build/icyphy/ptII/ptolemy/actor/lib/hoc/test/auto/IterateOverArray3.xml (RunModel)" time="0.044" />
  <testcase classname="ptolemy.util.test.junit.AutoTests" name="[32] /home/travis/build/icyphy/ptII/ptolemy/actor/lib/hoc/test/auto/IterateOverArray4.xml (RunModel)" time="0.024" />
  <testcase classname="ptolemy.util.test.junit.AutoTests" name="[33] /home/travis/build/icyphy/ptII/ptolemy/actor/lib/hoc/test/auto/IterateOverArray5.xml (RunModel)" time="0.022" />
  <testcase classname="ptolemy.util.test.junit.AutoTests" name="[34] /home/travis/build/icyphy/ptII/ptolemy/actor/lib/hoc/test/auto/IterateOverArray6.xml (RunModel)" time="0.019" />
  <testcase classname="ptolemy.util.test.junit.AutoTests" name="[35] /home/travis/build/icyphy/ptII/ptolemy/actor/lib/hoc/test/auto/IterateOverArray7.xml (RunModel)" time="0.025" />
  <testcase classname="ptolemy.util.test.junit.AutoTests" name="[36] /home/travis/build/icyphy/ptII/ptolemy/actor/lib/hoc/test/auto/IterateOverArray8.xml (RunModel)" time="0.026" />
  <testcase classname="ptolemy.util.test.junit.AutoTests" name="[37] /home/travis/build/icyphy/ptII/ptolemy/actor/lib/hoc/test/auto/IterateOverArray9.xml (RunModel)" time="0.023" />
  <testcase classname="ptolemy.util.test.junit.AutoTests" name="[38] /home/travis/build/icyphy/ptII/ptolemy/actor/lib/hoc/test/auto/IterateOverArrayCoercedOutputType.xml (RunModel)" time="0.029" />
  <testcase classname="ptolemy.util.test.junit.AutoTests" name="[39] /home/travis/build/icyphy/ptII/ptolemy/actor/lib/hoc/test/auto/IterateOverArrayInferredOutputType.xml (RunModel)" time="0.024" />
  <testcase classname="ptolemy.util.test.junit.AutoTests" name="[40] /home/travis/build/icyphy/ptII/ptolemy/actor/lib/hoc/test/auto/MobileFunctionTest.xml (RunModel)" time="0.025" />
  <testcase classname="ptolemy.util.test.junit.AutoTests" name="[41] /home/travis/build/icyphy/ptII/ptolemy/actor/lib/hoc/test/auto/MobileModelTest.xml (RunModel)" time="0.18" />
  <testcase classname="ptolemy.util.test.junit.AutoTests" name="[42] /home/travis/build/icyphy/ptII/ptolemy/actor/lib/hoc/test/auto/ModelReference.xml (RunModel)" time="0.083" />
  <testcase classname="ptolemy.util.test.junit.AutoTests" name="[43] /home/travis/build/icyphy/ptII/ptolemy/actor/lib/hoc/test/auto/ModelReference3.xml (RunModel)" time="0.039" />
  <testcase classname="ptolemy.util.test.junit.AutoTests" name="[44] /home/travis/build/icyphy/ptII/ptolemy/actor/lib/hoc/test/auto/ModelReference4.xml (RunModel)" time="10.026" />
  <testcase classname="ptolemy.util.test.junit.AutoTests" name="[45] /home/travis/build/icyphy/ptII/ptolemy/actor/lib/hoc/test/auto/MultiInstanceComposite.xml (RunModel)" time="0.068" />
  <testcase classname="ptolemy.util.test.junit.AutoTests" name="[46] /home/travis/build/icyphy/ptII/ptolemy/actor/lib/hoc/test/auto/MultiInstanceComposite2.xml (RunModel)" time="0.034" />
  <testcase classname="ptolemy.util.test.junit.AutoTests" name="[47] /home/travis/build/icyphy/ptII/ptolemy/actor/lib/hoc/test/auto/MulticoreExecution.xml (RunModel)" time="1.103" />
  <testcase classname="ptolemy.util.test.junit.AutoTests" name="[48] /home/travis/build/icyphy/ptII/ptolemy/actor/lib/hoc/test/auto/ParallelExecution.xml (RunModel)" time="0.928" />
  <testcase classname="ptolemy.util.test.junit.AutoTests" name="[49] /home/travis/build/icyphy/ptII/ptolemy/actor/lib/hoc/test/auto/RunCompositeActor.xml (RunModel)" time="0.02" />
  <testcase classname="ptolemy.util.test.junit.AutoTests" name="[50] /home/travis/build/icyphy/ptII/ptolemy/actor/lib/hoc/test/auto/RunCompositeActor2.xml (RunModel)" time="0.017" />
  <testcase classname="ptolemy.util.test.junit.AutoTests" name="[51] /home/travis/build/icyphy/ptII/ptolemy/actor/lib/hoc/test/auto/RunCompositeActor3.xml (RunModel)" time="0.019" />
  <testcase classname="ptolemy.util.test.junit.AutoTests" name="[52] /home/travis/build/icyphy/ptII/ptolemy/actor/lib/hoc/test/auto/RunCompositeActor4.xml (RunModel)" time="0.023" />
  <testcase classname="ptolemy.util.test.junit.AutoTests" name="[53] /home/travis/build/icyphy/ptII/ptolemy/actor/lib/hoc/test/auto/RunCompositeIterateOverArray.xml (RunModel)" time="0.022" />
  <testcase classname="ptolemy.util.test.junit.AutoTests" name="[54] /home/travis/build/icyphy/ptII/ptolemy/actor/lib/hoc/test/auto/ThreadedJS.xml (RunModel)" time="11.647" />
  <system-out><![CDATA[/home/travis/build/icyphy/ptII/ptolemy/actor/lib/hoc/test/IterateOverArray.tcl
testDefs.tcl: setting time out to 9000 seconds at Sat Dec 14 06:20:52 UTC 2019
12/14/19 06:20:53
Failed: 0  Total Tests: 2  ((Passed: 2, Newly Passed: 0)  Known Failed: 0) /home/travis/build/icyphy/ptII/ptolemy/actor/lib/hoc/test
----------------- testing (KnownFailure) /home/travis/build/icyphy/ptII/ptolemy/actor/lib/hoc/test/auto/knownFailedTests/PreinitializeMustBeInvokedRunComposite.xml
109 ms. Memory: 129024K Free: 88008K (68%)
Known Failure: java.lang.reflect.InvocationTargetException
No auto/linux-amd64/*.xml tests in /home/travis/build/icyphy/ptII/ptolemy/actor/lib/hoc/test
AutoTests.java: About to close Vertx.
AutoTests.java: Vertx closed.

===========================================================================================
----------------- testing Sat Dec 14 06:20:53 UTC 2019 /home/travis/build/icyphy/ptII/ptolemy/actor/lib/hoc/test/auto/AllToAllMultiInstanceComposite.xml
----------------- Instantiating /home/travis/build/icyphy/ptII/ptolemy/actor/lib/hoc/test/auto/AllToAllMultiInstanceComposite.xml
202 ms. Memory: 129024K Free: 102557K (79%)
----------------- Invoking toplevel() on ptolemy.moml.MoMLSimpleApplication@16db521b
----------------- Done invoking toplevel() on ptolemy.moml.MoMLSimpleApplication@16db521b
reloadAllAccessors: .AllToAllMultiInstanceComposite

===========================================================================================
----------------- testing Sat Dec 14 06:20:54 UTC 2019 /home/travis/build/icyphy/ptII/ptolemy/actor/lib/hoc/test/auto/ApplyFFTTest.xml
----------------- Instantiating /home/travis/build/icyphy/ptII/ptolemy/actor/lib/hoc/test/auto/ApplyFFTTest.xml
147 ms. Memory: 129024K Free: 108749K (84%)
----------------- Invoking toplevel() on ptolemy.moml.MoMLSimpleApplication@4f0dbf7c
----------------- Done invoking toplevel() on ptolemy.moml.MoMLSimpleApplication@4f0dbf7c
reloadAllAccessors: .ApplyFFTTest

===========================================================================================
----------------- testing Sat Dec 14 06:20:54 UTC 2019 /home/travis/build/icyphy/ptII/ptolemy/actor/lib/hoc/test/auto/ApplyFunction.xml
----------------- Instantiating /home/travis/build/icyphy/ptII/ptolemy/actor/lib/hoc/test/auto/ApplyFunction.xml
5 ms. Memory: 129024K Free: 105148K (81%)
----------------- Invoking toplevel() on ptolemy.moml.MoMLSimpleApplication@eab6a7c
----------------- Done invoking toplevel() on ptolemy.moml.MoMLSimpleApplication@eab6a7c
reloadAllAccessors: .ApplyFunction

===========================================================================================
----------------- testing Sat Dec 14 06:20:54 UTC 2019 /home/travis/build/icyphy/ptII/ptolemy/actor/lib/hoc/test/auto/BackgroundExecution.xml
----------------- Instantiating /home/travis/build/icyphy/ptII/ptolemy/actor/lib/hoc/test/auto/BackgroundExecution.xml
621 ms. Memory: 129024K Free: 97800K (76%)
----------------- Invoking toplevel() on ptolemy.moml.MoMLSimpleApplication@77c3ecf5
----------------- Done invoking toplevel() on ptolemy.moml.MoMLSimpleApplication@77c3ecf5
reloadAllAccessors: .BackgroundExecution

===========================================================================================
----------------- testing Sat Dec 14 06:20:55 UTC 2019 /home/travis/build/icyphy/ptII/ptolemy/actor/lib/hoc/test/auto/Case.xml
----------------- Instantiating /home/travis/build/icyphy/ptII/ptolemy/actor/lib/hoc/test/auto/Case.xml
21 ms. Memory: 129024K Free: 90882K (70%)
----------------- Invoking toplevel() on ptolemy.moml.MoMLSimpleApplication@79b09ab3
----------------- Done invoking toplevel() on ptolemy.moml.MoMLSimpleApplication@79b09ab3
reloadAllAccessors: .Case

===========================================================================================
----------------- testing Sat Dec 14 06:20:55 UTC 2019 /home/travis/build/icyphy/ptII/ptolemy/actor/lib/hoc/test/auto/Case1.xml
----------------- Instantiating /home/travis/build/icyphy/ptII/ptolemy/actor/lib/hoc/test/auto/Case1.xml
18 ms. Memory: 129024K Free: 84173K (65%)
----------------- Invoking toplevel() on ptolemy.moml.MoMLSimpleApplication@77534cc2
----------------- Done invoking toplevel() on ptolemy.moml.MoMLSimpleApplication@77534cc2
reloadAllAccessors: .Case1

===========================================================================================
----------------- testing Sat Dec 14 06:20:55 UTC 2019 /home/travis/build/icyphy/ptII/ptolemy/actor/lib/hoc/test/auto/Case2.xml
----------------- Instantiating /home/travis/build/icyphy/ptII/ptolemy/actor/lib/hoc/test/auto/Case2.xml
38 ms. Memory: 129024K Free: 108030K (84%)
----------------- Invoking toplevel() on ptolemy.moml.MoMLSimpleApplication@5a498356
----------------- Done invoking toplevel() on ptolemy.moml.MoMLSimpleApplication@5a498356
reloadAllAccessors: .Case2

===========================================================================================
----------------- testing Sat Dec 14 06:20:55 UTC 2019 /home/travis/build/icyphy/ptII/ptolemy/actor/lib/hoc/test/auto/Case3.xml
----------------- Instantiating /home/travis/build/icyphy/ptII/ptolemy/actor/lib/hoc/test/auto/Case3.xml
17 ms. Memory: 129024K Free: 101908K (79%)
----------------- Invoking toplevel() on ptolemy.moml.MoMLSimpleApplication@794cac9f
----------------- Done invoking toplevel() on ptolemy.moml.MoMLSimpleApplication@794cac9f
reloadAllAccessors: .Case3

===========================================================================================
----------------- testing Sat Dec 14 06:20:55 UTC 2019 /home/travis/build/icyphy/ptII/ptolemy/actor/lib/hoc/test/auto/Case4.xml
----------------- Instantiating /home/travis/build/icyphy/ptII/ptolemy/actor/lib/hoc/test/auto/Case4.xml
9 ms. Memory: 129024K Free: 94325K (73%)
----------------- Invoking toplevel() on ptolemy.moml.MoMLSimpleApplication@600dd628
----------------- Done invoking toplevel() on ptolemy.moml.MoMLSimpleApplication@600dd628
reloadAllAccessors: .Case4

===========================================================================================
----------------- testing Sat Dec 14 06:20:55 UTC 2019 /home/travis/build/icyphy/ptII/ptolemy/actor/lib/hoc/test/auto/Case5.xml
----------------- Instantiating /home/travis/build/icyphy/ptII/ptolemy/actor/lib/hoc/test/auto/Case5.xml
43 ms. Memory: 129024K Free: 87888K (68%)
----------------- Invoking toplevel() on ptolemy.moml.MoMLSimpleApplication@189fb0e0
----------------- Done invoking toplevel() on ptolemy.moml.MoMLSimpleApplication@189fb0e0
reloadAllAccessors: .junk

===========================================================================================
----------------- testing Sat Dec 14 06:20:55 UTC 2019 /home/travis/build/icyphy/ptII/ptolemy/actor/lib/hoc/test/auto/Case6.xml
----------------- Instantiating /home/travis/build/icyphy/ptII/ptolemy/actor/lib/hoc/test/auto/Case6.xml
28 ms. Memory: 129024K Free: 76307K (59%)
----------------- Invoking toplevel() on ptolemy.moml.MoMLSimpleApplication@38d44507
----------------- Done invoking toplevel() on ptolemy.moml.MoMLSimpleApplication@38d44507
reloadAllAccessors: .Case6

===========================================================================================
----------------- testing Sat Dec 14 06:20:56 UTC 2019 /home/travis/build/icyphy/ptII/ptolemy/actor/lib/hoc/test/auto/CaseString2.xml
----------------- Instantiating /home/travis/build/icyphy/ptII/ptolemy/actor/lib/hoc/test/auto/CaseString2.xml
14 ms. Memory: 129024K Free: 114280K (89%)
----------------- Invoking toplevel() on ptolemy.moml.MoMLSimpleApplication@2962b45e
----------------- Done invoking toplevel() on ptolemy.moml.MoMLSimpleApplication@2962b45e
reloadAllAccessors: .CaseString2

===========================================================================================
----------------- testing Sat Dec 14 06:20:56 UTC 2019 /home/travis/build/icyphy/ptII/ptolemy/actor/lib/hoc/test/auto/CatchUpComposite1.xml
----------------- Instantiating /home/travis/build/icyphy/ptII/ptolemy/actor/lib/hoc/test/auto/CatchUpComposite1.xml
35 ms. Memory: 129024K Free: 105066K (81%)
----------------- Invoking toplevel() on ptolemy.moml.MoMLSimpleApplication@53ed60f4
----------------- Done invoking toplevel() on ptolemy.moml.MoMLSimpleApplication@53ed60f4
reloadAllAccessors: .CatchUpComposite1

===========================================================================================
----------------- testing Sat Dec 14 06:20:56 UTC 2019 /home/travis/build/icyphy/ptII/ptolemy/actor/lib/hoc/test/auto/CatchUpComposite2.xml
----------------- Instantiating /home/travis/build/icyphy/ptII/ptolemy/actor/lib/hoc/test/auto/CatchUpComposite2.xml
8 ms. Memory: 129024K Free: 96874K (75%)
----------------- Invoking toplevel() on ptolemy.moml.MoMLSimpleApplication@3b188e09
----------------- Done invoking toplevel() on ptolemy.moml.MoMLSimpleApplication@3b188e09
reloadAllAccessors: .CatchUpComposite2

===========================================================================================
----------------- testing Sat Dec 14 06:20:56 UTC 2019 /home/travis/build/icyphy/ptII/ptolemy/actor/lib/hoc/test/auto/CatchUpComposite3.xml
----------------- Instantiating /home/travis/build/icyphy/ptII/ptolemy/actor/lib/hoc/test/auto/CatchUpComposite3.xml
18 ms. Memory: 129024K Free: 88305K (68%)
----------------- Invoking toplevel() on ptolemy.moml.MoMLSimpleApplication@230330ae
----------------- Done invoking toplevel() on ptolemy.moml.MoMLSimpleApplication@230330ae
reloadAllAccessors: .CatchUpComposite3

===========================================================================================
----------------- testing Sat Dec 14 06:20:56 UTC 2019 /home/travis/build/icyphy/ptII/ptolemy/actor/lib/hoc/test/auto/CatchUpComposite4.xml
----------------- Instantiating /home/travis/build/icyphy/ptII/ptolemy/actor/lib/hoc/test/auto/CatchUpComposite4.xml
16 ms. Memory: 129024K Free: 80699K (63%)
----------------- Invoking toplevel() on ptolemy.moml.MoMLSimpleApplication@32ce2e3b
----------------- Done invoking toplevel() on ptolemy.moml.MoMLSimpleApplication@32ce2e3b
reloadAllAccessors: .CatchUpComposite4

===========================================================================================
----------------- testing Sat Dec 14 06:20:56 UTC 2019 /home/travis/build/icyphy/ptII/ptolemy/actor/lib/hoc/test/auto/CatchUpComposite5.xml
----------------- Instantiating /home/travis/build/icyphy/ptII/ptolemy/actor/lib/hoc/test/auto/CatchUpComposite5.xml
18 ms. Memory: 129024K Free: 73322K (57%)
----------------- Invoking toplevel() on ptolemy.moml.MoMLSimpleApplication@1a2b2ea0
----------------- Done invoking toplevel() on ptolemy.moml.MoMLSimpleApplication@1a2b2ea0
reloadAllAccessors: .CatchUpComposite5

===========================================================================================
----------------- testing Sat Dec 14 06:20:56 UTC 2019 /home/travis/build/icyphy/ptII/ptolemy/actor/lib/hoc/test/auto/CatchUpComposite6.xml
----------------- Instantiating /home/travis/build/icyphy/ptII/ptolemy/actor/lib/hoc/test/auto/CatchUpComposite6.xml
WARNING: The execution aspects in this model can influence the timing of actors by delaying the 
execution, potentially changing the behavior. There is no guarantee that actors fire at the 
time they request to be fired. 
Use Ptides for deterministic DE behavior that is not influenced by execution aspects. 

101 ms. Memory: 129024K Free: 114922K (89%)
----------------- Invoking toplevel() on ptolemy.moml.MoMLSimpleApplication@5dca639d
----------------- Done invoking toplevel() on ptolemy.moml.MoMLSimpleApplication@5dca639d
reloadAllAccessors: .CatchUpComposite6

===========================================================================================
----------------- testing Sat Dec 14 06:20:56 UTC 2019 /home/travis/build/icyphy/ptII/ptolemy/actor/lib/hoc/test/auto/CatchUpComposite7.xml
----------------- Instantiating /home/travis/build/icyphy/ptII/ptolemy/actor/lib/hoc/test/auto/CatchUpComposite7.xml
WARNING: The execution aspects in this model can influence the timing of actors by delaying the 
execution, potentially changing the behavior. There is no guarantee that actors fire at the 
time they request to be fired. 
Use Ptides for deterministic DE behavior that is not influenced by execution aspects. 

36 ms. Memory: 129024K Free: 100833K (78%)
----------------- Invoking toplevel() on ptolemy.moml.MoMLSimpleApplication@148001eb
----------------- Done invoking toplevel() on ptolemy.moml.MoMLSimpleApplication@148001eb
reloadAllAccessors: .CatchUpComposite7

===========================================================================================
----------------- testing Sat Dec 14 06:20:56 UTC 2019 /home/travis/build/icyphy/ptII/ptolemy/actor/lib/hoc/test/auto/ConcurrentExecutionTimeSDF.xml
----------------- Instantiating /home/travis/build/icyphy/ptII/ptolemy/actor/lib/hoc/test/auto/ConcurrentExecutionTimeSDF.xml
Fired ExecutionTime: 40400000
Fired ExecutionTime: 40400000
Fired ExecutionTime: 40400000
Fired ExecutionTime: 40400000
Fired ExecutionTime: 40400000
Fired ExecutionTime: 40400000
Fired ExecutionTime: 40400000
Fired ExecutionTime: 40400000
Fired ExecutionTime: 40400000
Fired ExecutionTime: 40400000
Fired ExecutionTime: 40400000
Fired ExecutionTime: 40400000
Fired ExecutionTime: 40400000
Fired ExecutionTime: 40400000
Fired ExecutionTime: 40400000
Fired ExecutionTime: 40400000
Fired ExecutionTime: 40400000
Fired ExecutionTime: 40400000
Fired ExecutionTime: 40400000
Fired ExecutionTime: 40400000
1231 ms. Memory: 129024K Free: 94689K (73%)
----------------- Invoking toplevel() on ptolemy.moml.MoMLSimpleApplication@1d26cd23
----------------- Done invoking toplevel() on ptolemy.moml.MoMLSimpleApplication@1d26cd23
reloadAllAccessors: .ConcurrentExecutionTimeSDF

===========================================================================================
----------------- testing Sat Dec 14 06:20:57 UTC 2019 /home/travis/build/icyphy/ptII/ptolemy/actor/lib/hoc/test/auto/ConcurrentSleep.xml
----------------- Instantiating /home/travis/build/icyphy/ptII/ptolemy/actor/lib/hoc/test/auto/ConcurrentSleep.xml
722 ms. Memory: 129024K Free: 84550K (66%)
----------------- Invoking toplevel() on ptolemy.moml.MoMLSimpleApplication@66f644ad
----------------- Done invoking toplevel() on ptolemy.moml.MoMLSimpleApplication@66f644ad
reloadAllAccessors: .ConcurrentSleep

===========================================================================================
----------------- testing Sat Dec 14 06:20:58 UTC 2019 /home/travis/build/icyphy/ptII/ptolemy/actor/lib/hoc/test/auto/DEInPNInRunCompositeActor.xml
----------------- Instantiating /home/travis/build/icyphy/ptII/ptolemy/actor/lib/hoc/test/auto/DEInPNInRunCompositeActor.xml
17 ms. Memory: 129024K Free: 79329K (61%)
----------------- Invoking toplevel() on ptolemy.moml.MoMLSimpleApplication@4be9be04
----------------- Done invoking toplevel() on ptolemy.moml.MoMLSimpleApplication@4be9be04
reloadAllAccessors: .DEInPNInRunCompositeActor

===========================================================================================
----------------- testing Sat Dec 14 06:20:58 UTC 2019 /home/travis/build/icyphy/ptII/ptolemy/actor/lib/hoc/test/auto/DFTSubSetTest.xml
----------------- Instantiating /home/travis/build/icyphy/ptII/ptolemy/actor/lib/hoc/test/auto/DFTSubSetTest.xml
189 ms. Memory: 155648K Free: 123995K (80%)
----------------- Invoking toplevel() on ptolemy.moml.MoMLSimpleApplication@727b096b
----------------- Done invoking toplevel() on ptolemy.moml.MoMLSimpleApplication@727b096b
reloadAllAccessors: .DFTSubSetTest

===========================================================================================
----------------- testing Sat Dec 14 06:20:58 UTC 2019 /home/travis/build/icyphy/ptII/ptolemy/actor/lib/hoc/test/auto/HocDE.xml
----------------- Instantiating /home/travis/build/icyphy/ptII/ptolemy/actor/lib/hoc/test/auto/HocDE.xml
109 ms. Memory: 155648K Free: 98675K (63%)
----------------- Invoking toplevel() on ptolemy.moml.MoMLSimpleApplication@2bcb56a5
----------------- Done invoking toplevel() on ptolemy.moml.MoMLSimpleApplication@2bcb56a5
reloadAllAccessors: .HocDE

===========================================================================================
----------------- testing Sat Dec 14 06:20:59 UTC 2019 /home/travis/build/icyphy/ptII/ptolemy/actor/lib/hoc/test/auto/IterateOverArray.xml
----------------- Instantiating /home/travis/build/icyphy/ptII/ptolemy/actor/lib/hoc/test/auto/IterateOverArray.xml
7 ms. Memory: 155648K Free: 94549K (61%)
----------------- Invoking toplevel() on ptolemy.moml.MoMLSimpleApplication@31ef2192
----------------- Done invoking toplevel() on ptolemy.moml.MoMLSimpleApplication@31ef2192
reloadAllAccessors: .IterateOverArray

===========================================================================================
----------------- testing Sat Dec 14 06:20:59 UTC 2019 /home/travis/build/icyphy/ptII/ptolemy/actor/lib/hoc/test/auto/IterateOverArray10.xml
----------------- Instantiating /home/travis/build/icyphy/ptII/ptolemy/actor/lib/hoc/test/auto/IterateOverArray10.xml
4 ms. Memory: 155648K Free: 91144K (59%)
----------------- Invoking toplevel() on ptolemy.moml.MoMLSimpleApplication@474cf4ef
----------------- Done invoking toplevel() on ptolemy.moml.MoMLSimpleApplication@474cf4ef
reloadAllAccessors: .IterateOverArray10

===========================================================================================
----------------- testing Sat Dec 14 06:20:59 UTC 2019 /home/travis/build/icyphy/ptII/ptolemy/actor/lib/hoc/test/auto/IterateOverArray11.xml
----------------- Instantiating /home/travis/build/icyphy/ptII/ptolemy/actor/lib/hoc/test/auto/IterateOverArray11.xml
6 ms. Memory: 155648K Free: 87034K (56%)
----------------- Invoking toplevel() on ptolemy.moml.MoMLSimpleApplication@116fdccf
----------------- Done invoking toplevel() on ptolemy.moml.MoMLSimpleApplication@116fdccf
reloadAllAccessors: .IterateOverArray11

===========================================================================================
----------------- testing Sat Dec 14 06:20:59 UTC 2019 /home/travis/build/icyphy/ptII/ptolemy/actor/lib/hoc/test/auto/IterateOverArray12.xml
----------------- Instantiating /home/travis/build/icyphy/ptII/ptolemy/actor/lib/hoc/test/auto/IterateOverArray12.xml
16 ms. Memory: 155648K Free: 81267K (52%)
----------------- Invoking toplevel() on ptolemy.moml.MoMLSimpleApplication@10634aae
----------------- Done invoking toplevel() on ptolemy.moml.MoMLSimpleApplication@10634aae
reloadAllAccessors: .IterateOverArray12

===========================================================================================
----------------- testing Sat Dec 14 06:20:59 UTC 2019 /home/travis/build/icyphy/ptII/ptolemy/actor/lib/hoc/test/auto/IterateOverArray13.xml
----------------- Instantiating /home/travis/build/icyphy/ptII/ptolemy/actor/lib/hoc/test/auto/IterateOverArray13.xml
61 ms. Memory: 155648K Free: 126705K (81%)
----------------- Invoking toplevel() on ptolemy.moml.MoMLSimpleApplication@ffeccf5
----------------- Done invoking toplevel() on ptolemy.moml.MoMLSimpleApplication@ffeccf5
reloadAllAccessors: .IterateOverArray13

===========================================================================================
----------------- testing Sat Dec 14 06:20:59 UTC 2019 /home/travis/build/icyphy/ptII/ptolemy/actor/lib/hoc/test/auto/IterateOverArray14.xml
----------------- Instantiating /home/travis/build/icyphy/ptII/ptolemy/actor/lib/hoc/test/auto/IterateOverArray14.xml
48 ms. Memory: 155648K Free: 93333K (60%)
----------------- Invoking toplevel() on ptolemy.moml.MoMLSimpleApplication@7677e8cc
----------------- Done invoking toplevel() on ptolemy.moml.MoMLSimpleApplication@7677e8cc
reloadAllAccessors: .IterateOverArray14

===========================================================================================
----------------- testing Sat Dec 14 06:20:59 UTC 2019 /home/travis/build/icyphy/ptII/ptolemy/actor/lib/hoc/test/auto/IterateOverArray2.xml
----------------- Instantiating /home/travis/build/icyphy/ptII/ptolemy/actor/lib/hoc/test/auto/IterateOverArray2.xml
11 ms. Memory: 155648K Free: 88779K (57%)
----------------- Invoking toplevel() on ptolemy.moml.MoMLSimpleApplication@5042fc3
----------------- Done invoking toplevel() on ptolemy.moml.MoMLSimpleApplication@5042fc3
reloadAllAccessors: .IterateOverArray2

===========================================================================================
----------------- testing Sat Dec 14 06:20:59 UTC 2019 /home/travis/build/icyphy/ptII/ptolemy/actor/lib/hoc/test/auto/IterateOverArray3.xml
----------------- Instantiating /home/travis/build/icyphy/ptII/ptolemy/actor/lib/hoc/test/auto/IterateOverArray3.xml
21 ms. Memory: 155648K Free: 82674K (53%)
----------------- Invoking toplevel() on ptolemy.moml.MoMLSimpleApplication@3121a21
----------------- Done invoking toplevel() on ptolemy.moml.MoMLSimpleApplication@3121a21
reloadAllAccessors: .IterateOverArray3

===========================================================================================
----------------- testing Sat Dec 14 06:20:59 UTC 2019 /home/travis/build/icyphy/ptII/ptolemy/actor/lib/hoc/test/auto/IterateOverArray4.xml
----------------- Instantiating /home/travis/build/icyphy/ptII/ptolemy/actor/lib/hoc/test/auto/IterateOverArray4.xml
4 ms. Memory: 155648K Free: 78563K (50%)
----------------- Invoking toplevel() on ptolemy.moml.MoMLSimpleApplication@1592d196
----------------- Done invoking toplevel() on ptolemy.moml.MoMLSimpleApplication@1592d196
reloadAllAccessors: .IterateOverArray4

===========================================================================================
----------------- testing Sat Dec 14 06:20:59 UTC 2019 /home/travis/build/icyphy/ptII/ptolemy/actor/lib/hoc/test/auto/IterateOverArray5.xml
----------------- Instantiating /home/travis/build/icyphy/ptII/ptolemy/actor/lib/hoc/test/auto/IterateOverArray5.xml
3 ms. Memory: 155648K Free: 74443K (48%)
----------------- Invoking toplevel() on ptolemy.moml.MoMLSimpleApplication@3f37b3b8
----------------- Done invoking toplevel() on ptolemy.moml.MoMLSimpleApplication@3f37b3b8
reloadAllAccessors: .IterateOverArray5

===========================================================================================
----------------- testing Sat Dec 14 06:20:59 UTC 2019 /home/travis/build/icyphy/ptII/ptolemy/actor/lib/hoc/test/auto/IterateOverArray6.xml
----------------- Instantiating /home/travis/build/icyphy/ptII/ptolemy/actor/lib/hoc/test/auto/IterateOverArray6.xml
3 ms. Memory: 155648K Free: 71393K (46%)
----------------- Invoking toplevel() on ptolemy.moml.MoMLSimpleApplication@5ca041d2
----------------- Done invoking toplevel() on ptolemy.moml.MoMLSimpleApplication@5ca041d2
reloadAllAccessors: .IterateOverArray6

===========================================================================================
----------------- testing Sat Dec 14 06:20:59 UTC 2019 /home/travis/build/icyphy/ptII/ptolemy/actor/lib/hoc/test/auto/IterateOverArray7.xml
----------------- Instantiating /home/travis/build/icyphy/ptII/ptolemy/actor/lib/hoc/test/auto/IterateOverArray7.xml
4 ms. Memory: 155648K Free: 67131K (43%)
----------------- Invoking toplevel() on ptolemy.moml.MoMLSimpleApplication@34b2c9b1
----------------- Done invoking toplevel() on ptolemy.moml.MoMLSimpleApplication@34b2c9b1
reloadAllAccessors: .IterateOverArray7

===========================================================================================
----------------- testing Sat Dec 14 06:20:59 UTC 2019 /home/travis/build/icyphy/ptII/ptolemy/actor/lib/hoc/test/auto/IterateOverArray8.xml
----------------- Instantiating /home/travis/build/icyphy/ptII/ptolemy/actor/lib/hoc/test/auto/IterateOverArray8.xml
8 ms. Memory: 155648K Free: 63187K (41%)
----------------- Invoking toplevel() on ptolemy.moml.MoMLSimpleApplication@1523029d
----------------- Done invoking toplevel() on ptolemy.moml.MoMLSimpleApplication@1523029d
reloadAllAccessors: .IterateOverArray8

===========================================================================================
----------------- testing Sat Dec 14 06:20:59 UTC 2019 /home/travis/build/icyphy/ptII/ptolemy/actor/lib/hoc/test/auto/IterateOverArray9.xml
----------------- Instantiating /home/travis/build/icyphy/ptII/ptolemy/actor/lib/hoc/test/auto/IterateOverArray9.xml
5 ms. Memory: 155648K Free: 59075K (38%)
----------------- Invoking toplevel() on ptolemy.moml.MoMLSimpleApplication@6631b2d0
----------------- Done invoking toplevel() on ptolemy.moml.MoMLSimpleApplication@6631b2d0
reloadAllAccessors: .IterateOverArray9

===========================================================================================
----------------- testing Sat Dec 14 06:20:59 UTC 2019 /home/travis/build/icyphy/ptII/ptolemy/actor/lib/hoc/test/auto/IterateOverArrayCoercedOutputType.xml
----------------- Instantiating /home/travis/build/icyphy/ptII/ptolemy/actor/lib/hoc/test/auto/IterateOverArrayCoercedOutputType.xml
6 ms. Memory: 155648K Free: 139144K (89%)
----------------- Invoking toplevel() on ptolemy.moml.MoMLSimpleApplication@62816494
----------------- Done invoking toplevel() on ptolemy.moml.MoMLSimpleApplication@62816494
reloadAllAccessors: .IterateOverArrayCoercedOutputType

===========================================================================================
----------------- testing Sat Dec 14 06:20:59 UTC 2019 /home/travis/build/icyphy/ptII/ptolemy/actor/lib/hoc/test/auto/IterateOverArrayInferredOutputType.xml
----------------- Instantiating /home/travis/build/icyphy/ptII/ptolemy/actor/lib/hoc/test/auto/IterateOverArrayInferredOutputType.xml
6 ms. Memory: 155648K Free: 134534K (86%)
----------------- Invoking toplevel() on ptolemy.moml.MoMLSimpleApplication@5df59f32
----------------- Done invoking toplevel() on ptolemy.moml.MoMLSimpleApplication@5df59f32
reloadAllAccessors: .IterateOverArrayInferredOutputType

===========================================================================================
----------------- testing Sat Dec 14 06:20:59 UTC 2019 /home/travis/build/icyphy/ptII/ptolemy/actor/lib/hoc/test/auto/MobileFunctionTest.xml
----------------- Instantiating /home/travis/build/icyphy/ptII/ptolemy/actor/lib/hoc/test/auto/MobileFunctionTest.xml
3 ms. Memory: 155648K Free: 130408K (84%)
----------------- Invoking toplevel() on ptolemy.moml.MoMLSimpleApplication@79d6009
----------------- Done invoking toplevel() on ptolemy.moml.MoMLSimpleApplication@79d6009
reloadAllAccessors: .MobileFunctionTest

===========================================================================================
----------------- testing Sat Dec 14 06:20:59 UTC 2019 /home/travis/build/icyphy/ptII/ptolemy/actor/lib/hoc/test/auto/MobileModelTest.xml
----------------- Instantiating /home/travis/build/icyphy/ptII/ptolemy/actor/lib/hoc/test/auto/MobileModelTest.xml
152 ms. Memory: 155648K Free: 109448K (70%)
----------------- Invoking toplevel() on ptolemy.moml.MoMLSimpleApplication@22f5f534
----------------- Done invoking toplevel() on ptolemy.moml.MoMLSimpleApplication@22f5f534
reloadAllAccessors: .MobileModelTest

===========================================================================================
----------------- testing Sat Dec 14 06:21:00 UTC 2019 /home/travis/build/icyphy/ptII/ptolemy/actor/lib/hoc/test/auto/ModelReference.xml
----------------- Instantiating /home/travis/build/icyphy/ptII/ptolemy/actor/lib/hoc/test/auto/ModelReference.xml
3 ms. Memory: 155648K Free: 102790K (66%)
2 ms. Memory: 155648K Free: 102280K (66%)
2 ms. Memory: 155648K Free: 101256K (65%)
2 ms. Memory: 155648K Free: 100232K (64%)
1 ms. Memory: 155648K Free: 99704K (64%)
1 ms. Memory: 155648K Free: 98694K (63%)
1 ms. Memory: 155648K Free: 98184K (63%)
2 ms. Memory: 155648K Free: 97160K (62%)
3 ms. Memory: 155648K Free: 96136K (62%)
1 ms. Memory: 155648K Free: 95608K (61%)
28 ms. Memory: 155648K Free: 95608K (61%)
----------------- Invoking toplevel() on ptolemy.moml.MoMLSimpleApplication@64ac0907
----------------- Done invoking toplevel() on ptolemy.moml.MoMLSimpleApplication@64ac0907
reloadAllAccessors: .ModelReference

===========================================================================================
----------------- testing Sat Dec 14 06:21:00 UTC 2019 /home/travis/build/icyphy/ptII/ptolemy/actor/lib/hoc/test/auto/ModelReference3.xml
----------------- Instantiating /home/travis/build/icyphy/ptII/ptolemy/actor/lib/hoc/test/auto/ModelReference3.xml
2 ms. Memory: 155648K Free: 90488K (58%)
4 ms. Memory: 155648K Free: 89992K (58%)
2 ms. Memory: 155648K Free: 88968K (57%)
3 ms. Memory: 155648K Free: 88424K (57%)
2 ms. Memory: 155648K Free: 87416K (56%)
1 ms. Memory: 155648K Free: 86392K (56%)
3 ms. Memory: 155648K Free: 85896K (55%)
2 ms. Memory: 155648K Free: 84872K (55%)
2 ms. Memory: 155648K Free: 84328K (54%)
1 ms. Memory: 155648K Free: 83320K (54%)
27 ms. Memory: 155648K Free: 83320K (54%)
----------------- Invoking toplevel() on ptolemy.moml.MoMLSimpleApplication@46e4868
----------------- Done invoking toplevel() on ptolemy.moml.MoMLSimpleApplication@46e4868
reloadAllAccessors: .ModelReference3

===========================================================================================
----------------- testing Sat Dec 14 06:21:00 UTC 2019 /home/travis/build/icyphy/ptII/ptolemy/actor/lib/hoc/test/auto/ModelReference4.xml
----------------- Instantiating /home/travis/build/icyphy/ptII/ptolemy/actor/lib/hoc/test/auto/ModelReference4.xml
2 ms. Memory: 155648K Free: 78728K (51%)
9 ms. Memory: 155648K Free: 77184K (50%)
2 ms. Memory: 155648K Free: 76152K (49%)
4 ms. Memory: 155648K Free: 75142K (48%)
2 ms. Memory: 155648K Free: 73608K (47%)
2 ms. Memory: 155648K Free: 72584K (47%)
8 ms. Memory: 155648K Free: 71040K (46%)
2 ms. Memory: 155648K Free: 70008K (45%)
2 ms. Memory: 155648K Free: 68488K (44%)
2 ms. Memory: 155648K Free: 66920K (43%)
10015 ms. Memory: 155648K Free: 66920K (43%)
----------------- Invoking toplevel() on ptolemy.moml.MoMLSimpleApplication@421538fe
----------------- Done invoking toplevel() on ptolemy.moml.MoMLSimpleApplication@421538fe
reloadAllAccessors: .ModelReference4

===========================================================================================
----------------- testing Sat Dec 14 06:21:10 UTC 2019 /home/travis/build/icyphy/ptII/ptolemy/actor/lib/hoc/test/auto/MultiInstanceComposite.xml
----------------- Instantiating /home/travis/build/icyphy/ptII/ptolemy/actor/lib/hoc/test/auto/MultiInstanceComposite.xml
35 ms. Memory: 155648K Free: 138270K (89%)
----------------- Invoking toplevel() on ptolemy.moml.MoMLSimpleApplication@1325f181
----------------- Done invoking toplevel() on ptolemy.moml.MoMLSimpleApplication@1325f181
reloadAllAccessors: .MultiInstanceComposite

===========================================================================================
----------------- testing Sat Dec 14 06:21:10 UTC 2019 /home/travis/build/icyphy/ptII/ptolemy/actor/lib/hoc/test/auto/MultiInstanceComposite2.xml
----------------- Instantiating /home/travis/build/icyphy/ptII/ptolemy/actor/lib/hoc/test/auto/MultiInstanceComposite2.xml
16 ms. Memory: 155648K Free: 126829K (81%)
----------------- Invoking toplevel() on ptolemy.moml.MoMLSimpleApplication@7fc3da14
----------------- Done invoking toplevel() on ptolemy.moml.MoMLSimpleApplication@7fc3da14
reloadAllAccessors: .MultiInstanceComposite2

===========================================================================================
----------------- testing Sat Dec 14 06:21:10 UTC 2019 /home/travis/build/icyphy/ptII/ptolemy/actor/lib/hoc/test/auto/MulticoreExecution.xml
----------------- Instantiating /home/travis/build/icyphy/ptII/ptolemy/actor/lib/hoc/test/auto/MulticoreExecution.xml
Fired ExecutionTime: 2400000
Fired ExecutionTime: 2800000
Fired ExecutionTime: 4000000
Fired ExecutionTime: 2400000
Fired ExecutionTime: 3200000
Fired ExecutionTime: 3600000
Fired ExecutionTime: 4400000
Fired ExecutionTime: 2400000
Fired ExecutionTime: 10400000
Fired ExecutionTime: 11200000
Fired ExecutionTime: 114800000
Fired ExecutionTime: 115600000
Fired ExecutionTime: 111200000
Fired ExecutionTime: 116800000
Fired ExecutionTime: 112000000
Fired ExecutionTime: 112000000
Fired ExecutionTime: 112400000
Fired ExecutionTime: 112400000
Fired ExecutionTime: 112000000
Fired ExecutionTime: 116000000
1085 ms. Memory: 155648K Free: 117613K (76%)
----------------- Invoking toplevel() on ptolemy.moml.MoMLSimpleApplication@24b6c3c0
----------------- Done invoking toplevel() on ptolemy.moml.MoMLSimpleApplication@24b6c3c0
reloadAllAccessors: .MulticoreExecution

===========================================================================================
----------------- testing Sat Dec 14 06:21:11 UTC 2019 /home/travis/build/icyphy/ptII/ptolemy/actor/lib/hoc/test/auto/ParallelExecution.xml
----------------- Instantiating /home/travis/build/icyphy/ptII/ptolemy/actor/lib/hoc/test/auto/ParallelExecution.xml
911 ms. Memory: 155648K Free: 110324K (71%)
----------------- Invoking toplevel() on ptolemy.moml.MoMLSimpleApplication@2b6ecfce
----------------- Done invoking toplevel() on ptolemy.moml.MoMLSimpleApplication@2b6ecfce
reloadAllAccessors: .ParallelExecution

===========================================================================================
----------------- testing Sat Dec 14 06:21:12 UTC 2019 /home/travis/build/icyphy/ptII/ptolemy/actor/lib/hoc/test/auto/RunCompositeActor.xml
----------------- Instantiating /home/travis/build/icyphy/ptII/ptolemy/actor/lib/hoc/test/auto/RunCompositeActor.xml
7 ms. Memory: 155648K Free: 103245K (66%)
----------------- Invoking toplevel() on ptolemy.moml.MoMLSimpleApplication@587c2af2
----------------- Done invoking toplevel() on ptolemy.moml.MoMLSimpleApplication@587c2af2
reloadAllAccessors: .RunCompositeActor

===========================================================================================
----------------- testing Sat Dec 14 06:21:12 UTC 2019 /home/travis/build/icyphy/ptII/ptolemy/actor/lib/hoc/test/auto/RunCompositeActor2.xml
----------------- Instantiating /home/travis/build/icyphy/ptII/ptolemy/actor/lib/hoc/test/auto/RunCompositeActor2.xml
4 ms. Memory: 155648K Free: 97117K (62%)
----------------- Invoking toplevel() on ptolemy.moml.MoMLSimpleApplication@3c6311ef
----------------- Done invoking toplevel() on ptolemy.moml.MoMLSimpleApplication@3c6311ef
reloadAllAccessors: .RunCompositeActor2

===========================================================================================
----------------- testing Sat Dec 14 06:21:12 UTC 2019 /home/travis/build/icyphy/ptII/ptolemy/actor/lib/hoc/test/auto/RunCompositeActor3.xml
----------------- Instantiating /home/travis/build/icyphy/ptII/ptolemy/actor/lib/hoc/test/auto/RunCompositeActor3.xml
3 ms. Memory: 155648K Free: 91892K (59%)
----------------- Invoking toplevel() on ptolemy.moml.MoMLSimpleApplication@1db03660
----------------- Done invoking toplevel() on ptolemy.moml.MoMLSimpleApplication@1db03660
reloadAllAccessors: .RunCompositeActor3

===========================================================================================
----------------- testing Sat Dec 14 06:21:12 UTC 2019 /home/travis/build/icyphy/ptII/ptolemy/actor/lib/hoc/test/auto/RunCompositeActor4.xml
----------------- Instantiating /home/travis/build/icyphy/ptII/ptolemy/actor/lib/hoc/test/auto/RunCompositeActor4.xml
11 ms. Memory: 155648K Free: 83783K (54%)
----------------- Invoking toplevel() on ptolemy.moml.MoMLSimpleApplication@7eef6718
----------------- Done invoking toplevel() on ptolemy.moml.MoMLSimpleApplication@7eef6718
reloadAllAccessors: .RunCompositeActor4

===========================================================================================
----------------- testing Sat Dec 14 06:21:12 UTC 2019 /home/travis/build/icyphy/ptII/ptolemy/actor/lib/hoc/test/auto/RunCompositeIterateOverArray.xml
----------------- Instantiating /home/travis/build/icyphy/ptII/ptolemy/actor/lib/hoc/test/auto/RunCompositeIterateOverArray.xml
6 ms. Memory: 155648K Free: 78127K (50%)
----------------- Invoking toplevel() on ptolemy.moml.MoMLSimpleApplication@6c7e29cc
----------------- Done invoking toplevel() on ptolemy.moml.MoMLSimpleApplication@6c7e29cc
reloadAllAccessors: .RunCompositeIterateOverArray

===========================================================================================
----------------- testing Sat Dec 14 06:21:12 UTC 2019 /home/travis/build/icyphy/ptII/ptolemy/actor/lib/hoc/test/auto/ThreadedJS.xml
----------------- Instantiating /home/travis/build/icyphy/ptII/ptolemy/actor/lib/hoc/test/auto/ThreadedJS.xml
5150 ms. Memory: 225280K Free: 99550K (44%)
----------------- Invoking toplevel() on ptolemy.moml.MoMLSimpleApplication@58c7f18d
----------------- Done invoking toplevel() on ptolemy.moml.MoMLSimpleApplication@58c7f18d
reloadAllAccessors: .ThreadedJS
AutoTests.java: About to close Vertx.
AutoTests.java: Vertx closed.
]]></system-out>
  <system-err><![CDATA[java.lang.RuntimeException: Execution failed
	at ptolemy.moml.MoMLSimpleApplication$UnloadThread.run(MoMLSimpleApplication.java:402)
Caused by: ptolemy.kernel.util.IllegalActionException: initialize() was called after wrapup() was called but preinitialize() was not called after wrapup().
	at ptolemy.actor.lib.hoc.test.PreinitializeMustBeInvoked.initialize(PreinitializeMustBeInvoked.java:78)
	at ptolemy.actor.Director.initialize(Director.java:938)
	at ptolemy.actor.Director.initialize(Director.java:907)
	at ptolemy.actor.sched.StaticSchedulingDirector.initialize(StaticSchedulingDirector.java:159)
	at ptolemy.domains.sdf.kernel.SDFDirector.initialize(SDFDirector.java:544)
	at ptolemy.actor.CompositeActor.initialize(CompositeActor.java:935)
	at ptolemy.actor.lib.hoc.LifeCycleManager._executeInsideModel(LifeCycleManager.java:339)
	at ptolemy.actor.lib.hoc.RunCompositeActor.fire(RunCompositeActor.java:205)
	at ptolemy.actor.CompositeActor.iterate(CompositeActor.java:1146)
	at ptolemy.actor.sched.StaticSchedulingDirector.fire(StaticSchedulingDirector.java:216)
	at ptolemy.domains.sdf.kernel.SDFDirector.fire(SDFDirector.java:500)
	at ptolemy.actor.CompositeActor.fire(CompositeActor.java:455)
	at ptolemy.actor.Manager.iterate(Manager.java:851)
	at ptolemy.actor.Manager.execute(Manager.java:369)
	at ptolemy.actor.Manager.run(Manager.java:1263)
	at ptolemy.actor.Manager$PtolemyRunThread.run(Manager.java:1933)
java.lang.reflect.InvocationTargetException
	at java.base/jdk.internal.reflect.NativeConstructorAccessorImpl.newInstance0(Native Method)
	at java.base/jdk.internal.reflect.NativeConstructorAccessorImpl.newInstance(NativeConstructorAccessorImpl.java:62)
	at java.base/jdk.internal.reflect.DelegatingConstructorAccessorImpl.newInstance(DelegatingConstructorAccessorImpl.java:45)
	at java.base/java.lang.reflect.Constructor.newInstance(Constructor.java:490)
	at ptolemy.util.test.junit.AutoKnownFailedTests.RunModel(AutoKnownFailedTests.java:105)
	at java.base/jdk.internal.reflect.NativeMethodAccessorImpl.invoke0(Native Method)
	at java.base/jdk.internal.reflect.NativeMethodAccessorImpl.invoke(NativeMethodAccessorImpl.java:62)
	at java.base/jdk.internal.reflect.DelegatingMethodAccessorImpl.invoke(DelegatingMethodAccessorImpl.java:43)
	at java.base/java.lang.reflect.Method.invoke(Method.java:566)
	at org.junit.runners.model.FrameworkMethod$1.runReflectiveCall(FrameworkMethod.java:44)
	at org.junit.internal.runners.model.ReflectiveCallable.run(ReflectiveCallable.java:15)
	at org.junit.runners.model.FrameworkMethod.invokeExplosively(FrameworkMethod.java:41)
	at junitparams.internal.InvokeParameterisedMethod.evaluate(InvokeParameterisedMethod.java:102)
	at org.junit.internal.runners.statements.FailOnTimeout$1.run(FailOnTimeout.java:28)
Caused by: ptolemy.kernel.util.IllegalActionException: initialize() was called after wrapup() was called but preinitialize() was not called after wrapup().
	at ptolemy.actor.lib.hoc.test.PreinitializeMustBeInvoked.initialize(PreinitializeMustBeInvoked.java:78)
	at ptolemy.actor.Director.initialize(Director.java:938)
	at ptolemy.actor.Director.initialize(Director.java:907)
	at ptolemy.actor.sched.StaticSchedulingDirector.initialize(StaticSchedulingDirector.java:159)
	at ptolemy.domains.sdf.kernel.SDFDirector.initialize(SDFDirector.java:544)
	at ptolemy.actor.CompositeActor.initialize(CompositeActor.java:935)
	at ptolemy.actor.lib.hoc.LifeCycleManager._executeInsideModel(LifeCycleManager.java:339)
	at ptolemy.actor.lib.hoc.RunCompositeActor.fire(RunCompositeActor.java:205)
	at ptolemy.actor.CompositeActor.iterate(CompositeActor.java:1146)
	at ptolemy.actor.sched.StaticSchedulingDirector.fire(StaticSchedulingDirector.java:216)
	at ptolemy.domains.sdf.kernel.SDFDirector.fire(SDFDirector.java:500)
	at ptolemy.actor.CompositeActor.fire(CompositeActor.java:455)
	at ptolemy.actor.Manager.iterate(Manager.java:851)
	at ptolemy.actor.Manager.execute(Manager.java:369)
	at ptolemy.actor.Manager.run(Manager.java:1263)
	at ptolemy.actor.Manager$PtolemyRunThread.run(Manager.java:1933)
Warning: Nashorn engine is planned to be removed from a future JDK release
Warning: Nashorn engine is planned to be removed from a future JDK release
Warning: Nashorn engine is planned to be removed from a future JDK release
Warning: Nashorn engine is planned to be removed from a future JDK release
Warning: Nashorn engine is planned to be removed from a future JDK release
Warning: Nashorn engine is planned to be removed from a future JDK release
Warning: Nashorn engine is planned to be removed from a future JDK release
Warning: Nashorn engine is planned to be removed from a future JDK release
]]></system-err>
</testsuite>
