<?xml version="1.0" encoding="UTF-8" ?>
<testsuite errors="0" failures="0" hostname="travis-job-82b8b019-3a7f-4e4c-999d-e40d9693ffa2" name="ptolemy.domains.sdf.test.junit.JUnitTclTest" skipped="0" tests="66" time="20.603" timestamp="2018-07-06T01:39:09">
  <properties>
[...]
</properties>
  <testcase classname="ptolemy.util.test.junit.TclTests" name="[0] /home/travis/build/icyphy/ptII/ptolemy/domains/sdf/test/SDFSchedulerErrors.tcl (RunTclFile)" time="0.612" />
  <testcase classname="ptolemy.util.test.junit.TclTests" name="[1] /home/travis/build/icyphy/ptII/ptolemy/domains/sdf/test/composition.tcl (RunTclFile)" time="0.151" />
  <testcase classname="ptolemy.util.test.junit.TclTests" name="[2] /home/travis/build/icyphy/ptII/ptolemy/domains/sdf/test/cycle.tcl (RunTclFile)" time="0.038" />
  <testcase classname="ptolemy.util.test.junit.AutoKnownFailedTests" name="[0] ThereAreNoKnowFailedTests (RunModel)" time="0.0" />
  <testcase classname="ptolemy.util.test.junit.AutoNameArchTests" name="[0] ThereAreNoAutoArchTests (RunModel)" time="0.0" />
  <testcase classname="ptolemy.util.test.junit.AutoTests" name="[0] /home/travis/build/icyphy/ptII/ptolemy/domains/sdf/test/auto/Array.xml (RunModel)" time="0.251" />
  <testcase classname="ptolemy.util.test.junit.AutoTests" name="[1] /home/travis/build/icyphy/ptII/ptolemy/domains/sdf/test/auto/Butterfly.xml (RunModel)" time="0.16" />
  <testcase classname="ptolemy.util.test.junit.AutoTests" name="[2] /home/travis/build/icyphy/ptII/ptolemy/domains/sdf/test/auto/Expression.xml (RunModel)" time="0.065" />
  <testcase classname="ptolemy.util.test.junit.AutoTests" name="[3] /home/travis/build/icyphy/ptII/ptolemy/domains/sdf/test/auto/Eye.xml (RunModel)" time="0.344" />
  <testcase classname="ptolemy.util.test.junit.AutoTests" name="[4] /home/travis/build/icyphy/ptII/ptolemy/domains/sdf/test/auto/FixFIR.xml (RunModel)" time="0.355" />
  <testcase classname="ptolemy.util.test.junit.AutoTests" name="[5] /home/travis/build/icyphy/ptII/ptolemy/domains/sdf/test/auto/FixPoint.xml (RunModel)" time="0.057" />
  <testcase classname="ptolemy.util.test.junit.AutoTests" name="[6] /home/travis/build/icyphy/ptII/ptolemy/domains/sdf/test/auto/Gravitation.xml (RunModel)" time="3.275" />
  <testcase classname="ptolemy.util.test.junit.AutoTests" name="[7] /home/travis/build/icyphy/ptII/ptolemy/domains/sdf/test/auto/GravitationWithCollisionDetection.xml (RunModel)" time="6.821" />
  <testcase classname="ptolemy.util.test.junit.AutoTests" name="[8] /home/travis/build/icyphy/ptII/ptolemy/domains/sdf/test/auto/HDF.xml (RunModel)" time="0.133" />
  <testcase classname="ptolemy.util.test.junit.AutoTests" name="[9] /home/travis/build/icyphy/ptII/ptolemy/domains/sdf/test/auto/HDFwithTransientStates.xml (RunModel)" time="0.107" />
  <testcase classname="ptolemy.util.test.junit.AutoTests" name="[10] /home/travis/build/icyphy/ptII/ptolemy/domains/sdf/test/auto/HTVQ.xml (RunModel)" time="0.937" />
  <testcase classname="ptolemy.util.test.junit.AutoTests" name="[11] /home/travis/build/icyphy/ptII/ptolemy/domains/sdf/test/auto/InferInitProduction.xml (RunModel)" time="0.033" />
  <testcase classname="ptolemy.util.test.junit.AutoTests" name="[12] /home/travis/build/icyphy/ptII/ptolemy/domains/sdf/test/auto/InferInitProductionDeeper.xml (RunModel)" time="0.046" />
  <testcase classname="ptolemy.util.test.junit.AutoTests" name="[13] /home/travis/build/icyphy/ptII/ptolemy/domains/sdf/test/auto/LMSAdaptive.xml (RunModel)" time="0.095" />
  <testcase classname="ptolemy.util.test.junit.AutoTests" name="[14] /home/travis/build/icyphy/ptII/ptolemy/domains/sdf/test/auto/LogisticMap.xml (RunModel)" time="0.474" />
  <testcase classname="ptolemy.util.test.junit.AutoTests" name="[15] /home/travis/build/icyphy/ptII/ptolemy/domains/sdf/test/auto/MaximumEntropySpectrum.xml (RunModel)" time="0.293" />
  <testcase classname="ptolemy.util.test.junit.AutoTests" name="[16] /home/travis/build/icyphy/ptII/ptolemy/domains/sdf/test/auto/MultirateSDF.xml (RunModel)" time="0.074" />
  <testcase classname="ptolemy.util.test.junit.AutoTests" name="[17] /home/travis/build/icyphy/ptII/ptolemy/domains/sdf/test/auto/MultirateSDFwithTransientStates.xml (RunModel)" time="0.084" />
  <testcase classname="ptolemy.util.test.junit.AutoTests" name="[18] /home/travis/build/icyphy/ptII/ptolemy/domains/sdf/test/auto/NoisySinewave.xml (RunModel)" time="0.068" />
  <testcase classname="ptolemy.util.test.junit.AutoTests" name="[19] /home/travis/build/icyphy/ptII/ptolemy/domains/sdf/test/auto/Objects.xml (RunModel)" time="0.06" />
  <testcase classname="ptolemy.util.test.junit.AutoTests" name="[20] /home/travis/build/icyphy/ptII/ptolemy/domains/sdf/test/auto/OrthogonalCom.xml (RunModel)" time="0.044" />
  <testcase classname="ptolemy.util.test.junit.AutoTests" name="[21] /home/travis/build/icyphy/ptII/ptolemy/domains/sdf/test/auto/RijndaelEncryption.xml (RunModel)" time="0.521" />
  <testcase classname="ptolemy.util.test.junit.AutoTests" name="[22] /home/travis/build/icyphy/ptII/ptolemy/domains/sdf/test/auto/SDFEmptyIterations.xml (RunModel)" time="0.018" />
  <testcase classname="ptolemy.util.test.junit.AutoTests" name="[23] /home/travis/build/icyphy/ptII/ptolemy/domains/sdf/test/auto/Spectrum.xml (RunModel)" time="0.065" />
  <testcase classname="ptolemy.util.test.junit.AutoTests" name="[24] /home/travis/build/icyphy/ptII/ptolemy/domains/sdf/test/auto/de_inside_sdf.xml (RunModel)" time="0.021" />
  <testcase classname="ptolemy.util.test.junit.AutoTests" name="[25] /home/travis/build/icyphy/ptII/ptolemy/domains/sdf/test/auto/disconnectedHierarchicalSDF.xml (RunModel)" time="0.022" />
  <testcase classname="ptolemy.util.test.junit.AutoTests" name="[26] /home/travis/build/icyphy/ptII/ptolemy/domains/sdf/test/auto/disconnectedSDF.xml (RunModel)" time="0.02" />
  <testcase classname="ptolemy.util.test.junit.AutoTests" name="[27] /home/travis/build/icyphy/ptII/ptolemy/domains/sdf/test/auto/emptyRefinement.xml (RunModel)" time="0.018" />
  <testcase classname="ptolemy.util.test.junit.AutoTests" name="[28] /home/travis/build/icyphy/ptII/ptolemy/domains/sdf/test/auto/filePortParameter.xml (RunModel)" time="0.043" />
  <testcase classname="ptolemy.util.test.junit.AutoTests" name="[29] /home/travis/build/icyphy/ptII/ptolemy/domains/sdf/test/auto/inferRelationWidth1.xml (RunModel)" time="0.014" />
  <testcase classname="ptolemy.util.test.junit.AutoTests" name="[30] /home/travis/build/icyphy/ptII/ptolemy/domains/sdf/test/auto/initProductionInference.xml (RunModel)" time="0.041" />
  <testcase classname="ptolemy.util.test.junit.AutoTests" name="[31] /home/travis/build/icyphy/ptII/ptolemy/domains/sdf/test/auto/relationGroup.xml (RunModel)" time="0.019" />
  <testcase classname="ptolemy.util.test.junit.AutoTests" name="[32] /home/travis/build/icyphy/ptII/ptolemy/domains/sdf/test/auto/relationGroup10.xml (RunModel)" time="0.016" />
  <testcase classname="ptolemy.util.test.junit.AutoTests" name="[33] /home/travis/build/icyphy/ptII/ptolemy/domains/sdf/test/auto/relationGroup11.xml (RunModel)" time="0.018" />
  <testcase classname="ptolemy.util.test.junit.AutoTests" name="[34] /home/travis/build/icyphy/ptII/ptolemy/domains/sdf/test/auto/relationGroup12.xml (RunModel)" time="0.015" />
  <testcase classname="ptolemy.util.test.junit.AutoTests" name="[35] /home/travis/build/icyphy/ptII/ptolemy/domains/sdf/test/auto/relationGroup13.xml (RunModel)" time="0.022" />
  <testcase classname="ptolemy.util.test.junit.AutoTests" name="[36] /home/travis/build/icyphy/ptII/ptolemy/domains/sdf/test/auto/relationGroup14.xml (RunModel)" time="0.025" />
  <testcase classname="ptolemy.util.test.junit.AutoTests" name="[37] /home/travis/build/icyphy/ptII/ptolemy/domains/sdf/test/auto/relationGroup15.xml (RunModel)" time="0.015" />
  <testcase classname="ptolemy.util.test.junit.AutoTests" name="[38] /home/travis/build/icyphy/ptII/ptolemy/domains/sdf/test/auto/relationGroup2.xml (RunModel)" time="0.014" />
  <testcase classname="ptolemy.util.test.junit.AutoTests" name="[39] /home/travis/build/icyphy/ptII/ptolemy/domains/sdf/test/auto/relationGroup3.xml (RunModel)" time="0.015" />
  <testcase classname="ptolemy.util.test.junit.AutoTests" name="[40] /home/travis/build/icyphy/ptII/ptolemy/domains/sdf/test/auto/relationGroup4.xml (RunModel)" time="0.026" />
  <testcase classname="ptolemy.util.test.junit.AutoTests" name="[41] /home/travis/build/icyphy/ptII/ptolemy/domains/sdf/test/auto/relationGroup5.xml (RunModel)" time="0.018" />
  <testcase classname="ptolemy.util.test.junit.AutoTests" name="[42] /home/travis/build/icyphy/ptII/ptolemy/domains/sdf/test/auto/relationGroup6.xml (RunModel)" time="0.02" />
  <testcase classname="ptolemy.util.test.junit.AutoTests" name="[43] /home/travis/build/icyphy/ptII/ptolemy/domains/sdf/test/auto/relationGroup7.xml (RunModel)" time="0.014" />
  <testcase classname="ptolemy.util.test.junit.AutoTests" name="[44] /home/travis/build/icyphy/ptII/ptolemy/domains/sdf/test/auto/relationGroup8.xml (RunModel)" time="0.014" />
  <testcase classname="ptolemy.util.test.junit.AutoTests" name="[45] /home/travis/build/icyphy/ptII/ptolemy/domains/sdf/test/auto/relationGroup9.xml (RunModel)" time="0.022" />
  <testcase classname="ptolemy.util.test.junit.AutoTests" name="[46] /home/travis/build/icyphy/ptII/ptolemy/domains/sdf/test/auto/sdf_inside_de.xml (RunModel)" time="0.057" />
  <testcase classname="ptolemy.util.test.junit.AutoTests" name="[47] /home/travis/build/icyphy/ptII/ptolemy/domains/sdf/test/auto/sdf_inside_pn.xml (RunModel)" time="0.068" />
  <testcase classname="ptolemy.util.test.junit.AutoTests" name="[48] /home/travis/build/icyphy/ptII/ptolemy/domains/sdf/test/auto/sdf_sdf1.xml (RunModel)" time="0.02" />
  <testcase classname="ptolemy.util.test.junit.AutoTests" name="[49] /home/travis/build/icyphy/ptII/ptolemy/domains/sdf/test/auto/test1.xml (RunModel)" time="0.016" />
  <testcase classname="ptolemy.util.test.junit.AutoTests" name="[50] /home/travis/build/icyphy/ptII/ptolemy/domains/sdf/test/auto/time1.xml (RunModel)" time="0.01" />
  <testcase classname="ptolemy.util.test.junit.AutoTests" name="[51] /home/travis/build/icyphy/ptII/ptolemy/domains/sdf/test/auto/time2.xml (RunModel)" time="0.01" />
  <testcase classname="ptolemy.util.test.junit.AutoTests" name="[52] /home/travis/build/icyphy/ptII/ptolemy/domains/sdf/test/auto/time3.xml (RunModel)" time="0.021" />
  <testcase classname="ptolemy.util.test.junit.AutoTests" name="[53] /home/travis/build/icyphy/ptII/ptolemy/domains/sdf/test/auto/time4.xml (RunModel)" time="0.017" />
  <testcase classname="ptolemy.util.test.junit.AutoTests" name="[54] /home/travis/build/icyphy/ptII/ptolemy/domains/sdf/test/auto/time5.xml (RunModel)" time="4.014" />
  <testcase classname="ptolemy.util.test.junit.AutoTests" name="[55] /home/travis/build/icyphy/ptII/ptolemy/domains/sdf/test/auto/typeSystem_Const_Integer_smallest_Type.xml (RunModel)" time="0.029" />
  <testcase classname="ptolemy.util.test.junit.AutoTests" name="[56] /home/travis/build/icyphy/ptII/ptolemy/domains/sdf/test/auto/typeSystem_declared_Inports_OutportTypeException.xml (RunModel)" time="0.017" />
  <testcase classname="ptolemy.util.test.junit.AutoTests" name="[57] /home/travis/build/icyphy/ptII/ptolemy/domains/sdf/test/auto/typeSystem_oneDeclaredInportType_wrongTypeOutport.xml (RunModel)" time="0.015" />
  <testcase classname="ptolemy.util.test.junit.AutoTests" name="[58] /home/travis/build/icyphy/ptII/ptolemy/domains/sdf/test/auto/width.xml (RunModel)" time="0.01" />
  <testcase classname="ptolemy.util.test.junit.AutoTests" name="[59] /home/travis/build/icyphy/ptII/ptolemy/domains/sdf/test/auto/width2.xml (RunModel)" time="0.052" />
  <testcase classname="ptolemy.util.test.junit.AutoTests" name="[60] /home/travis/build/icyphy/ptII/ptolemy/domains/sdf/test/auto/width3.xml (RunModel)" time="0.039" />
  <system-out><![CDATA[/home/travis/build/icyphy/ptII/ptolemy/domains/sdf/test/SDFSchedulerErrors.tcl
testDefs.tcl: setting time out to 9000 seconds at Fri Jul 06 01:39:09 UTC 2018
17 ms. Memory: 116224K Free: 105603K (91%)
10 ms. Memory: 116224K Free: 98542K (85%)
4 ms. Memory: 116224K Free: 91585K (79%)
5 ms. Memory: 116224K Free: 88504K (76%)
/home/travis/build/icyphy/ptII/ptolemy/domains/sdf/test/composition.tcl
36 ms. Memory: 116224K Free: 84890K (73%)
10 ms. Memory: 116224K Free: 82482K (71%)
/home/travis/build/icyphy/ptII/ptolemy/domains/sdf/test/cycle.tcl
.Toplevel.Director Preinitializing ...
Invoking preinitialize():  .Toplevel.Actor1
Invoking preinitialize():  .Toplevel.Actor2
Invoking preinitialize():  .Toplevel.Delay
.Toplevel.Director Finished preinitialize().
### Schedule:
Execute Schedule{
Fire Actor ptolemy.domains.sdf.kernel.test.SDFTestDelay {.Toplevel.Actor1}
Fire Actor ptolemy.domains.sdf.kernel.test.SDFTestDelay {.Toplevel.Actor2}
Fire Actor ptolemy.domains.sdf.lib.SampleDelay {.Toplevel.Delay}
}
### End schedule
Called initialize().
Invoking initialize():  .Toplevel.Actor1
Initializing actor: .Toplevel.Actor1.
Invoking initialize():  .Toplevel.Actor2
Initializing actor: .Toplevel.Actor2.
Invoking initialize():  .Toplevel.Delay
Initializing actor: .Toplevel.Delay.
Director: Called prefire().
-- Setting current time to 0.0
Director prefire returns true.
The actor .Toplevel.Actor1 will be iterated.
The actor .Toplevel.Actor1 was iterated.
The actor .Toplevel.Actor2 will be iterated.
The actor .Toplevel.Actor2 was iterated.
The actor .Toplevel.Delay will be iterated.
The actor .Toplevel.Delay was iterated.
Director: Called postfire().
Postfire returns: true
Director: Called prefire().
-- Setting current time to 0.0
Director prefire returns true.
The actor .Toplevel.Actor1 will be iterated.
The actor .Toplevel.Actor1 was iterated.
The actor .Toplevel.Actor2 will be iterated.
The actor .Toplevel.Actor2 was iterated.
The actor .Toplevel.Delay will be iterated.
The actor .Toplevel.Delay was iterated.
Director: Called postfire().
Postfire returns: true
Director: Called prefire().
-- Setting current time to 0.0
Director prefire returns true.
The actor .Toplevel.Actor1 will be iterated.
The actor .Toplevel.Actor1 was iterated.
The actor .Toplevel.Actor2 will be iterated.
The actor .Toplevel.Actor2 was iterated.
The actor .Toplevel.Delay will be iterated.
The actor .Toplevel.Delay was iterated.
Director: Called postfire().
Postfire returns: true
Director: Called prefire().
-- Setting current time to 0.0
Director prefire returns true.
The actor .Toplevel.Actor1 will be iterated.
The actor .Toplevel.Actor1 was iterated.
The actor .Toplevel.Actor2 will be iterated.
The actor .Toplevel.Actor2 was iterated.
The actor .Toplevel.Delay will be iterated.
The actor .Toplevel.Delay was iterated.
Director: Called postfire().
Postfire returns: true
Director: Called prefire().
-- Setting current time to 0.0
Director prefire returns true.
The actor .Toplevel.Actor1 will be iterated.
The actor .Toplevel.Actor1 was iterated.
The actor .Toplevel.Actor2 will be iterated.
The actor .Toplevel.Actor2 was iterated.
The actor .Toplevel.Delay will be iterated.
The actor .Toplevel.Delay was iterated.
Director: Called postfire().
Postfire returns: true
Director: Called prefire().
-- Setting current time to 0.0
Director prefire returns true.
The actor .Toplevel.Actor1 will be iterated.
The actor .Toplevel.Actor1 was iterated.
The actor .Toplevel.Actor2 will be iterated.
The actor .Toplevel.Actor2 was iterated.
The actor .Toplevel.Delay will be iterated.
The actor .Toplevel.Delay was iterated.
Reached specified number of iterations: 6
Director: Called wrapup().
19 ms. Memory: 146944K Free: 141108K (96%)
07/06/18 01:39:09
Failed: 0  Total Tests: 8  ((Passed: 8, Newly Passed: 0)  Known Failed: 0) /home/travis/build/icyphy/ptII/ptolemy/domains/sdf/test
No auto/knownFailedTests/*.xml tests in /home/travis/build/icyphy/ptII/ptolemy/domains/sdf/test
No auto/linux-amd64/*.xml tests in /home/travis/build/icyphy/ptII/ptolemy/domains/sdf/test
AutoTests.java: About to close Vertx.
AutoTests.java: Vertx closed.

===========================================================================================
----------------- testing Fri Jul 06 01:39:10 UTC 2018 /home/travis/build/icyphy/ptII/ptolemy/domains/sdf/test/auto/Array.xml
----------------- Instantiating /home/travis/build/icyphy/ptII/ptolemy/domains/sdf/test/auto/Array.xml
70 ms. Memory: 146944K Free: 101190K (69%)
----------------- Invoking toplevel() on ptolemy.moml.MoMLSimpleApplication@549a75e5
----------------- Done invoking toplevel() on ptolemy.moml.MoMLSimpleApplication@549a75e5
reloadAllAccessors: .Array

===========================================================================================
----------------- testing Fri Jul 06 01:39:10 UTC 2018 /home/travis/build/icyphy/ptII/ptolemy/domains/sdf/test/auto/Butterfly.xml
----------------- Instantiating /home/travis/build/icyphy/ptII/ptolemy/domains/sdf/test/auto/Butterfly.xml
84 ms. Memory: 146944K Free: 95013K (65%)
----------------- Invoking toplevel() on ptolemy.moml.MoMLSimpleApplication@170dcd04
----------------- Done invoking toplevel() on ptolemy.moml.MoMLSimpleApplication@170dcd04
reloadAllAccessors: .Butterfly

===========================================================================================
----------------- testing Fri Jul 06 01:39:10 UTC 2018 /home/travis/build/icyphy/ptII/ptolemy/domains/sdf/test/auto/Expression.xml
----------------- Instantiating /home/travis/build/icyphy/ptII/ptolemy/domains/sdf/test/auto/Expression.xml
42 ms. Memory: 146944K Free: 88348K (60%)
----------------- Invoking toplevel() on ptolemy.moml.MoMLSimpleApplication@7de60d15
----------------- Done invoking toplevel() on ptolemy.moml.MoMLSimpleApplication@7de60d15
reloadAllAccessors: .Expression

===========================================================================================
----------------- testing Fri Jul 06 01:39:10 UTC 2018 /home/travis/build/icyphy/ptII/ptolemy/domains/sdf/test/auto/Eye.xml
----------------- Instantiating /home/travis/build/icyphy/ptII/ptolemy/domains/sdf/test/auto/Eye.xml
201 ms. Memory: 146944K Free: 119304K (81%)
----------------- Invoking toplevel() on ptolemy.moml.MoMLSimpleApplication@3befc006
----------------- Done invoking toplevel() on ptolemy.moml.MoMLSimpleApplication@3befc006
reloadAllAccessors: .Eye

===========================================================================================
----------------- testing Fri Jul 06 01:39:11 UTC 2018 /home/travis/build/icyphy/ptII/ptolemy/domains/sdf/test/auto/FixFIR.xml
----------------- Instantiating /home/travis/build/icyphy/ptII/ptolemy/domains/sdf/test/auto/FixFIR.xml
151 ms. Memory: 146944K Free: 82726K (56%)
----------------- Invoking toplevel() on ptolemy.moml.MoMLSimpleApplication@5a1c8c83
----------------- Done invoking toplevel() on ptolemy.moml.MoMLSimpleApplication@5a1c8c83
reloadAllAccessors: .FixFIR

===========================================================================================
----------------- testing Fri Jul 06 01:39:11 UTC 2018 /home/travis/build/icyphy/ptII/ptolemy/domains/sdf/test/auto/FixPoint.xml
----------------- Instantiating /home/travis/build/icyphy/ptII/ptolemy/domains/sdf/test/auto/FixPoint.xml
31 ms. Memory: 208384K Free: 201723K (97%)
----------------- Invoking toplevel() on ptolemy.moml.MoMLSimpleApplication@41854d03
----------------- Done invoking toplevel() on ptolemy.moml.MoMLSimpleApplication@41854d03
reloadAllAccessors: .FixPoint

===========================================================================================
----------------- testing Fri Jul 06 01:39:11 UTC 2018 /home/travis/build/icyphy/ptII/ptolemy/domains/sdf/test/auto/Gravitation.xml
----------------- Instantiating /home/travis/build/icyphy/ptII/ptolemy/domains/sdf/test/auto/Gravitation.xml
3172 ms. Memory: 208384K Free: 106942K (51%)
----------------- Invoking toplevel() on ptolemy.moml.MoMLSimpleApplication@b1070e1
----------------- Done invoking toplevel() on ptolemy.moml.MoMLSimpleApplication@b1070e1
reloadAllAccessors: .Gravitation

===========================================================================================
----------------- testing Fri Jul 06 01:39:14 UTC 2018 /home/travis/build/icyphy/ptII/ptolemy/domains/sdf/test/auto/GravitationWithCollisionDetection.xml
----------------- Instantiating /home/travis/build/icyphy/ptII/ptolemy/domains/sdf/test/auto/GravitationWithCollisionDetection.xml
6691 ms. Memory: 874496K Free: 325340K (37%)
----------------- Invoking toplevel() on ptolemy.moml.MoMLSimpleApplication@47dd023d
----------------- Done invoking toplevel() on ptolemy.moml.MoMLSimpleApplication@47dd023d
reloadAllAccessors: .GravitationWithCollisionDetection

===========================================================================================
----------------- testing Fri Jul 06 01:39:21 UTC 2018 /home/travis/build/icyphy/ptII/ptolemy/domains/sdf/test/auto/HDF.xml
----------------- Instantiating /home/travis/build/icyphy/ptII/ptolemy/domains/sdf/test/auto/HDF.xml
59 ms. Memory: 874496K Free: 294999K (34%)
----------------- Invoking toplevel() on ptolemy.moml.MoMLSimpleApplication@787e4f04
----------------- Done invoking toplevel() on ptolemy.moml.MoMLSimpleApplication@787e4f04
reloadAllAccessors: .HDF

===========================================================================================
----------------- testing Fri Jul 06 01:39:21 UTC 2018 /home/travis/build/icyphy/ptII/ptolemy/domains/sdf/test/auto/HDFwithTransientStates.xml
----------------- Instantiating /home/travis/build/icyphy/ptII/ptolemy/domains/sdf/test/auto/HDFwithTransientStates.xml
28 ms. Memory: 874496K Free: 271012K (31%)
----------------- Invoking toplevel() on ptolemy.moml.MoMLSimpleApplication@5ede633e
----------------- Done invoking toplevel() on ptolemy.moml.MoMLSimpleApplication@5ede633e
reloadAllAccessors: .HDFwithTransientStates

===========================================================================================
----------------- testing Fri Jul 06 01:39:21 UTC 2018 /home/travis/build/icyphy/ptII/ptolemy/domains/sdf/test/auto/HTVQ.xml
----------------- Instantiating /home/travis/build/icyphy/ptII/ptolemy/domains/sdf/test/auto/HTVQ.xml
898 ms. Memory: 874496K Free: 97987K (11%)
----------------- Invoking toplevel() on ptolemy.moml.MoMLSimpleApplication@5ce37422
----------------- Done invoking toplevel() on ptolemy.moml.MoMLSimpleApplication@5ce37422
reloadAllAccessors: .HTVQ

===========================================================================================
----------------- testing Fri Jul 06 01:39:22 UTC 2018 /home/travis/build/icyphy/ptII/ptolemy/domains/sdf/test/auto/InferInitProduction.xml
----------------- Instantiating /home/travis/build/icyphy/ptII/ptolemy/domains/sdf/test/auto/InferInitProduction.xml
9 ms. Memory: 874496K Free: 82259K (9%)
----------------- Invoking toplevel() on ptolemy.moml.MoMLSimpleApplication@52837881
----------------- Done invoking toplevel() on ptolemy.moml.MoMLSimpleApplication@52837881
reloadAllAccessors: .InferInitProduction

===========================================================================================
----------------- testing Fri Jul 06 01:39:22 UTC 2018 /home/travis/build/icyphy/ptII/ptolemy/domains/sdf/test/auto/InferInitProductionDeeper.xml
----------------- Instantiating /home/travis/build/icyphy/ptII/ptolemy/domains/sdf/test/auto/InferInitProductionDeeper.xml
7 ms. Memory: 830464K Free: 811785K (98%)
----------------- Invoking toplevel() on ptolemy.moml.MoMLSimpleApplication@58f08e30
----------------- Done invoking toplevel() on ptolemy.moml.MoMLSimpleApplication@58f08e30
reloadAllAccessors: .InferInitProductionDeeper

===========================================================================================
----------------- testing Fri Jul 06 01:39:22 UTC 2018 /home/travis/build/icyphy/ptII/ptolemy/domains/sdf/test/auto/LMSAdaptive.xml
----------------- Instantiating /home/travis/build/icyphy/ptII/ptolemy/domains/sdf/test/auto/LMSAdaptive.xml
17 ms. Memory: 830464K Free: 794620K (96%)
----------------- Invoking toplevel() on ptolemy.moml.MoMLSimpleApplication@1e68d635
----------------- Done invoking toplevel() on ptolemy.moml.MoMLSimpleApplication@1e68d635
reloadAllAccessors: .LMSAdaptive

===========================================================================================
----------------- testing Fri Jul 06 01:39:23 UTC 2018 /home/travis/build/icyphy/ptII/ptolemy/domains/sdf/test/auto/LogisticMap.xml
----------------- Instantiating /home/travis/build/icyphy/ptII/ptolemy/domains/sdf/test/auto/LogisticMap.xml
442 ms. Memory: 830464K Free: 784632K (94%)
----------------- Invoking toplevel() on ptolemy.moml.MoMLSimpleApplication@282824b5
----------------- Done invoking toplevel() on ptolemy.moml.MoMLSimpleApplication@282824b5
reloadAllAccessors: .LogisticMap

===========================================================================================
----------------- testing Fri Jul 06 01:39:23 UTC 2018 /home/travis/build/icyphy/ptII/ptolemy/domains/sdf/test/auto/MaximumEntropySpectrum.xml
----------------- Instantiating /home/travis/build/icyphy/ptII/ptolemy/domains/sdf/test/auto/MaximumEntropySpectrum.xml
86 ms. Memory: 830464K Free: 714624K (86%)
----------------- Invoking toplevel() on ptolemy.moml.MoMLSimpleApplication@774ec995
----------------- Done invoking toplevel() on ptolemy.moml.MoMLSimpleApplication@774ec995
reloadAllAccessors: .MaximumEntropySpectrum

===========================================================================================
----------------- testing Fri Jul 06 01:39:23 UTC 2018 /home/travis/build/icyphy/ptII/ptolemy/domains/sdf/test/auto/MultirateSDF.xml
----------------- Instantiating /home/travis/build/icyphy/ptII/ptolemy/domains/sdf/test/auto/MultirateSDF.xml
18 ms. Memory: 830464K Free: 694601K (84%)
----------------- Invoking toplevel() on ptolemy.moml.MoMLSimpleApplication@45cb4177
----------------- Done invoking toplevel() on ptolemy.moml.MoMLSimpleApplication@45cb4177
reloadAllAccessors: .MultirateSDF

===========================================================================================
----------------- testing Fri Jul 06 01:39:23 UTC 2018 /home/travis/build/icyphy/ptII/ptolemy/domains/sdf/test/auto/MultirateSDFwithTransientStates.xml
----------------- Instantiating /home/travis/build/icyphy/ptII/ptolemy/domains/sdf/test/auto/MultirateSDFwithTransientStates.xml
21 ms. Memory: 830464K Free: 669600K (81%)
----------------- Invoking toplevel() on ptolemy.moml.MoMLSimpleApplication@50df5899
----------------- Done invoking toplevel() on ptolemy.moml.MoMLSimpleApplication@50df5899
reloadAllAccessors: .MultirateSDFwithTransientStates

===========================================================================================
----------------- testing Fri Jul 06 01:39:23 UTC 2018 /home/travis/build/icyphy/ptII/ptolemy/domains/sdf/test/auto/NoisySinewave.xml
----------------- Instantiating /home/travis/build/icyphy/ptII/ptolemy/domains/sdf/test/auto/NoisySinewave.xml
14 ms. Memory: 830464K Free: 649593K (78%)
----------------- Invoking toplevel() on ptolemy.moml.MoMLSimpleApplication@24f9f18e
----------------- Done invoking toplevel() on ptolemy.moml.MoMLSimpleApplication@24f9f18e
reloadAllAccessors: .NoisySinewave

===========================================================================================
----------------- testing Fri Jul 06 01:39:24 UTC 2018 /home/travis/build/icyphy/ptII/ptolemy/domains/sdf/test/auto/Objects.xml
----------------- Instantiating /home/travis/build/icyphy/ptII/ptolemy/domains/sdf/test/auto/Objects.xml
2 ms. Memory: 830464K Free: 632652K (76%)
----------------- Invoking toplevel() on ptolemy.moml.MoMLSimpleApplication@1c881c5b
----------------- Done invoking toplevel() on ptolemy.moml.MoMLSimpleApplication@1c881c5b
reloadAllAccessors: .Objects

===========================================================================================
----------------- testing Fri Jul 06 01:39:24 UTC 2018 /home/travis/build/icyphy/ptII/ptolemy/domains/sdf/test/auto/OrthogonalCom.xml
----------------- Instantiating /home/travis/build/icyphy/ptII/ptolemy/domains/sdf/test/auto/OrthogonalCom.xml
7 ms. Memory: 830464K Free: 617662K (74%)
----------------- Invoking toplevel() on ptolemy.moml.MoMLSimpleApplication@876c9eb
----------------- Done invoking toplevel() on ptolemy.moml.MoMLSimpleApplication@876c9eb
reloadAllAccessors: .OrthogonalCom

===========================================================================================
----------------- testing Fri Jul 06 01:39:24 UTC 2018 /home/travis/build/icyphy/ptII/ptolemy/domains/sdf/test/auto/RijndaelEncryption.xml
----------------- Instantiating /home/travis/build/icyphy/ptII/ptolemy/domains/sdf/test/auto/RijndaelEncryption.xml
230 ms. Memory: 830464K Free: 457583K (55%)
----------------- Invoking toplevel() on ptolemy.moml.MoMLSimpleApplication@386228eb
----------------- Done invoking toplevel() on ptolemy.moml.MoMLSimpleApplication@386228eb
reloadAllAccessors: .RijndaelEncryption

===========================================================================================
----------------- testing Fri Jul 06 01:39:24 UTC 2018 /home/travis/build/icyphy/ptII/ptolemy/domains/sdf/test/auto/SDFEmptyIterations.xml
----------------- Instantiating /home/travis/build/icyphy/ptII/ptolemy/domains/sdf/test/auto/SDFEmptyIterations.xml
5 ms. Memory: 830464K Free: 447596K (54%)
----------------- Invoking toplevel() on ptolemy.moml.MoMLSimpleApplication@2a20bdd0
----------------- Done invoking toplevel() on ptolemy.moml.MoMLSimpleApplication@2a20bdd0
reloadAllAccessors: .SDFEmptyIterations

===========================================================================================
----------------- testing Fri Jul 06 01:39:24 UTC 2018 /home/travis/build/icyphy/ptII/ptolemy/domains/sdf/test/auto/Spectrum.xml
----------------- Instantiating /home/travis/build/icyphy/ptII/ptolemy/domains/sdf/test/auto/Spectrum.xml
26 ms. Memory: 830464K Free: 427573K (51%)
----------------- Invoking toplevel() on ptolemy.moml.MoMLSimpleApplication@29fba592
----------------- Done invoking toplevel() on ptolemy.moml.MoMLSimpleApplication@29fba592
reloadAllAccessors: .Spectrum

===========================================================================================
----------------- testing Fri Jul 06 01:39:24 UTC 2018 /home/travis/build/icyphy/ptII/ptolemy/domains/sdf/test/auto/de_inside_sdf.xml
----------------- Instantiating /home/travis/build/icyphy/ptII/ptolemy/domains/sdf/test/auto/de_inside_sdf.xml
5 ms. Memory: 830464K Free: 415632K (50%)
----------------- Invoking toplevel() on ptolemy.moml.MoMLSimpleApplication@4b188840
----------------- Done invoking toplevel() on ptolemy.moml.MoMLSimpleApplication@4b188840
reloadAllAccessors: .de_inside_sdf

===========================================================================================
----------------- testing Fri Jul 06 01:39:24 UTC 2018 /home/travis/build/icyphy/ptII/ptolemy/domains/sdf/test/auto/disconnectedHierarchicalSDF.xml
----------------- Instantiating /home/travis/build/icyphy/ptII/ptolemy/domains/sdf/test/auto/disconnectedHierarchicalSDF.xml
5 ms. Memory: 830464K Free: 405645K (49%)
----------------- Invoking toplevel() on ptolemy.moml.MoMLSimpleApplication@4b2422fc
----------------- Done invoking toplevel() on ptolemy.moml.MoMLSimpleApplication@4b2422fc
reloadAllAccessors: .disconnectedHierarchicalSDF

===========================================================================================
----------------- testing Fri Jul 06 01:39:24 UTC 2018 /home/travis/build/icyphy/ptII/ptolemy/domains/sdf/test/auto/disconnectedSDF.xml
----------------- Instantiating /home/travis/build/icyphy/ptII/ptolemy/domains/sdf/test/auto/disconnectedSDF.xml
2 ms. Memory: 830464K Free: 395658K (48%)
----------------- Invoking toplevel() on ptolemy.moml.MoMLSimpleApplication@6ffb7ee
----------------- Done invoking toplevel() on ptolemy.moml.MoMLSimpleApplication@6ffb7ee
reloadAllAccessors: .disconnectedSDF

===========================================================================================
----------------- testing Fri Jul 06 01:39:24 UTC 2018 /home/travis/build/icyphy/ptII/ptolemy/domains/sdf/test/auto/emptyRefinement.xml
----------------- Instantiating /home/travis/build/icyphy/ptII/ptolemy/domains/sdf/test/auto/emptyRefinement.xml
4 ms. Memory: 830464K Free: 385670K (46%)
----------------- Invoking toplevel() on ptolemy.moml.MoMLSimpleApplication@55860fe9
----------------- Done invoking toplevel() on ptolemy.moml.MoMLSimpleApplication@55860fe9
reloadAllAccessors: .emptyRefinement

===========================================================================================
----------------- testing Fri Jul 06 01:39:24 UTC 2018 /home/travis/build/icyphy/ptII/ptolemy/domains/sdf/test/auto/filePortParameter.xml
----------------- Instantiating /home/travis/build/icyphy/ptII/ptolemy/domains/sdf/test/auto/filePortParameter.xml
16 ms. Memory: 830464K Free: 370673K (45%)
----------------- Invoking toplevel() on ptolemy.moml.MoMLSimpleApplication@5b803369
----------------- Done invoking toplevel() on ptolemy.moml.MoMLSimpleApplication@5b803369
reloadAllAccessors: .filePortParameter

===========================================================================================
----------------- testing Fri Jul 06 01:39:24 UTC 2018 /home/travis/build/icyphy/ptII/ptolemy/domains/sdf/test/auto/inferRelationWidth1.xml
----------------- Instantiating /home/travis/build/icyphy/ptII/ptolemy/domains/sdf/test/auto/inferRelationWidth1.xml
2 ms. Memory: 830464K Free: 360686K (43%)
----------------- Invoking toplevel() on ptolemy.moml.MoMLSimpleApplication@62357642
----------------- Done invoking toplevel() on ptolemy.moml.MoMLSimpleApplication@62357642
reloadAllAccessors: .inferRelationWidth1

===========================================================================================
----------------- testing Fri Jul 06 01:39:24 UTC 2018 /home/travis/build/icyphy/ptII/ptolemy/domains/sdf/test/auto/initProductionInference.xml
----------------- Instantiating /home/travis/build/icyphy/ptII/ptolemy/domains/sdf/test/auto/initProductionInference.xml
3 ms. Memory: 830464K Free: 348753K (42%)
----------------- Invoking toplevel() on ptolemy.moml.MoMLSimpleApplication@2fb0bd9
----------------- Done invoking toplevel() on ptolemy.moml.MoMLSimpleApplication@2fb0bd9
reloadAllAccessors: .initProductionInference

===========================================================================================
----------------- testing Fri Jul 06 01:39:24 UTC 2018 /home/travis/build/icyphy/ptII/ptolemy/domains/sdf/test/auto/relationGroup.xml
----------------- Instantiating /home/travis/build/icyphy/ptII/ptolemy/domains/sdf/test/auto/relationGroup.xml
2 ms. Memory: 830464K Free: 338766K (41%)
----------------- Invoking toplevel() on ptolemy.moml.MoMLSimpleApplication@481e9a9c
----------------- Done invoking toplevel() on ptolemy.moml.MoMLSimpleApplication@481e9a9c
reloadAllAccessors: .relationGroup

===========================================================================================
----------------- testing Fri Jul 06 01:39:24 UTC 2018 /home/travis/build/icyphy/ptII/ptolemy/domains/sdf/test/auto/relationGroup10.xml
----------------- Instantiating /home/travis/build/icyphy/ptII/ptolemy/domains/sdf/test/auto/relationGroup10.xml
2 ms. Memory: 830464K Free: 328779K (40%)
----------------- Invoking toplevel() on ptolemy.moml.MoMLSimpleApplication@72839841
----------------- Done invoking toplevel() on ptolemy.moml.MoMLSimpleApplication@72839841
reloadAllAccessors: .relationGroup10

===========================================================================================
----------------- testing Fri Jul 06 01:39:24 UTC 2018 /home/travis/build/icyphy/ptII/ptolemy/domains/sdf/test/auto/relationGroup11.xml
----------------- Instantiating /home/travis/build/icyphy/ptII/ptolemy/domains/sdf/test/auto/relationGroup11.xml
3 ms. Memory: 830464K Free: 318791K (38%)
----------------- Invoking toplevel() on ptolemy.moml.MoMLSimpleApplication@1c3a1f87
----------------- Done invoking toplevel() on ptolemy.moml.MoMLSimpleApplication@1c3a1f87
reloadAllAccessors: .relationGroup11

===========================================================================================
----------------- testing Fri Jul 06 01:39:24 UTC 2018 /home/travis/build/icyphy/ptII/ptolemy/domains/sdf/test/auto/relationGroup12.xml
----------------- Instantiating /home/travis/build/icyphy/ptII/ptolemy/domains/sdf/test/auto/relationGroup12.xml
3 ms. Memory: 830464K Free: 308804K (37%)
----------------- Invoking toplevel() on ptolemy.moml.MoMLSimpleApplication@1790c5d3
----------------- Done invoking toplevel() on ptolemy.moml.MoMLSimpleApplication@1790c5d3
reloadAllAccessors: .relationGroup12

===========================================================================================
----------------- testing Fri Jul 06 01:39:25 UTC 2018 /home/travis/build/icyphy/ptII/ptolemy/domains/sdf/test/auto/relationGroup13.xml
----------------- Instantiating /home/travis/build/icyphy/ptII/ptolemy/domains/sdf/test/auto/relationGroup13.xml
7 ms. Memory: 830464K Free: 298816K (36%)
----------------- Invoking toplevel() on ptolemy.moml.MoMLSimpleApplication@422ad992
----------------- Done invoking toplevel() on ptolemy.moml.MoMLSimpleApplication@422ad992
reloadAllAccessors: .relationGroup13

===========================================================================================
----------------- testing Fri Jul 06 01:39:25 UTC 2018 /home/travis/build/icyphy/ptII/ptolemy/domains/sdf/test/auto/relationGroup14.xml
----------------- Instantiating /home/travis/build/icyphy/ptII/ptolemy/domains/sdf/test/auto/relationGroup14.xml
4 ms. Memory: 830464K Free: 286884K (35%)
----------------- Invoking toplevel() on ptolemy.moml.MoMLSimpleApplication@32c3810a
----------------- Done invoking toplevel() on ptolemy.moml.MoMLSimpleApplication@32c3810a
reloadAllAccessors: .relationGroup14

===========================================================================================
----------------- testing Fri Jul 06 01:39:25 UTC 2018 /home/travis/build/icyphy/ptII/ptolemy/domains/sdf/test/auto/relationGroup15.xml
----------------- Instantiating /home/travis/build/icyphy/ptII/ptolemy/domains/sdf/test/auto/relationGroup15.xml
2 ms. Memory: 830464K Free: 276897K (33%)
----------------- Invoking toplevel() on ptolemy.moml.MoMLSimpleApplication@1cdd3067
----------------- Done invoking toplevel() on ptolemy.moml.MoMLSimpleApplication@1cdd3067
reloadAllAccessors: .relationGroup15

===========================================================================================
----------------- testing Fri Jul 06 01:39:25 UTC 2018 /home/travis/build/icyphy/ptII/ptolemy/domains/sdf/test/auto/relationGroup2.xml
----------------- Instantiating /home/travis/build/icyphy/ptII/ptolemy/domains/sdf/test/auto/relationGroup2.xml
2 ms. Memory: 830464K Free: 266909K (32%)
----------------- Invoking toplevel() on ptolemy.moml.MoMLSimpleApplication@727f0720
----------------- Done invoking toplevel() on ptolemy.moml.MoMLSimpleApplication@727f0720
reloadAllAccessors: .relationGroup2

===========================================================================================
----------------- testing Fri Jul 06 01:39:25 UTC 2018 /home/travis/build/icyphy/ptII/ptolemy/domains/sdf/test/auto/relationGroup3.xml
----------------- Instantiating /home/travis/build/icyphy/ptII/ptolemy/domains/sdf/test/auto/relationGroup3.xml
2 ms. Memory: 830464K Free: 256922K (31%)
----------------- Invoking toplevel() on ptolemy.moml.MoMLSimpleApplication@6d6f7fd4
----------------- Done invoking toplevel() on ptolemy.moml.MoMLSimpleApplication@6d6f7fd4
reloadAllAccessors: .relationGroup3

===========================================================================================
----------------- testing Fri Jul 06 01:39:25 UTC 2018 /home/travis/build/icyphy/ptII/ptolemy/domains/sdf/test/auto/relationGroup4.xml
----------------- Instantiating /home/travis/build/icyphy/ptII/ptolemy/domains/sdf/test/auto/relationGroup4.xml
9 ms. Memory: 830464K Free: 246934K (30%)
----------------- Invoking toplevel() on ptolemy.moml.MoMLSimpleApplication@7b7c675c
----------------- Done invoking toplevel() on ptolemy.moml.MoMLSimpleApplication@7b7c675c
reloadAllAccessors: .relationGroup4

===========================================================================================
----------------- testing Fri Jul 06 01:39:25 UTC 2018 /home/travis/build/icyphy/ptII/ptolemy/domains/sdf/test/auto/relationGroup5.xml
----------------- Instantiating /home/travis/build/icyphy/ptII/ptolemy/domains/sdf/test/auto/relationGroup5.xml
3 ms. Memory: 830464K Free: 235002K (28%)
----------------- Invoking toplevel() on ptolemy.moml.MoMLSimpleApplication@19553938
----------------- Done invoking toplevel() on ptolemy.moml.MoMLSimpleApplication@19553938
reloadAllAccessors: .relationGroup5

===========================================================================================
----------------- testing Fri Jul 06 01:39:25 UTC 2018 /home/travis/build/icyphy/ptII/ptolemy/domains/sdf/test/auto/relationGroup6.xml
----------------- Instantiating /home/travis/build/icyphy/ptII/ptolemy/domains/sdf/test/auto/relationGroup6.xml
3 ms. Memory: 830464K Free: 225015K (27%)
----------------- Invoking toplevel() on ptolemy.moml.MoMLSimpleApplication@363e950e
----------------- Done invoking toplevel() on ptolemy.moml.MoMLSimpleApplication@363e950e
reloadAllAccessors: .relationGroup6

===========================================================================================
----------------- testing Fri Jul 06 01:39:25 UTC 2018 /home/travis/build/icyphy/ptII/ptolemy/domains/sdf/test/auto/relationGroup7.xml
----------------- Instantiating /home/travis/build/icyphy/ptII/ptolemy/domains/sdf/test/auto/relationGroup7.xml
2 ms. Memory: 830464K Free: 215027K (26%)
----------------- Invoking toplevel() on ptolemy.moml.MoMLSimpleApplication@77e41a9
----------------- Done invoking toplevel() on ptolemy.moml.MoMLSimpleApplication@77e41a9
reloadAllAccessors: .relationGroup7

===========================================================================================
----------------- testing Fri Jul 06 01:39:25 UTC 2018 /home/travis/build/icyphy/ptII/ptolemy/domains/sdf/test/auto/relationGroup8.xml
----------------- Instantiating /home/travis/build/icyphy/ptII/ptolemy/domains/sdf/test/auto/relationGroup8.xml
2 ms. Memory: 830464K Free: 205040K (25%)
----------------- Invoking toplevel() on ptolemy.moml.MoMLSimpleApplication@5fd5b334
----------------- Done invoking toplevel() on ptolemy.moml.MoMLSimpleApplication@5fd5b334
reloadAllAccessors: .relationGroup8

===========================================================================================
----------------- testing Fri Jul 06 01:39:25 UTC 2018 /home/travis/build/icyphy/ptII/ptolemy/domains/sdf/test/auto/relationGroup9.xml
----------------- Instantiating /home/travis/build/icyphy/ptII/ptolemy/domains/sdf/test/auto/relationGroup9.xml
7 ms. Memory: 830464K Free: 195052K (23%)
----------------- Invoking toplevel() on ptolemy.moml.MoMLSimpleApplication@4de9e86f
----------------- Done invoking toplevel() on ptolemy.moml.MoMLSimpleApplication@4de9e86f
reloadAllAccessors: .relationGroup9

===========================================================================================
----------------- testing Fri Jul 06 01:39:25 UTC 2018 /home/travis/build/icyphy/ptII/ptolemy/domains/sdf/test/auto/sdf_inside_de.xml
----------------- Instantiating /home/travis/build/icyphy/ptII/ptolemy/domains/sdf/test/auto/sdf_inside_de.xml
19 ms. Memory: 830464K Free: 180071K (22%)
----------------- Invoking toplevel() on ptolemy.moml.MoMLSimpleApplication@415d35ef
----------------- Done invoking toplevel() on ptolemy.moml.MoMLSimpleApplication@415d35ef
reloadAllAccessors: .sdf_inside_de

===========================================================================================
----------------- testing Fri Jul 06 01:39:25 UTC 2018 /home/travis/build/icyphy/ptII/ptolemy/domains/sdf/test/auto/sdf_inside_pn.xml
----------------- Instantiating /home/travis/build/icyphy/ptII/ptolemy/domains/sdf/test/auto/sdf_inside_pn.xml
47 ms. Memory: 830464K Free: 138176K (17%)
----------------- Invoking toplevel() on ptolemy.moml.MoMLSimpleApplication@3681c95
----------------- Done invoking toplevel() on ptolemy.moml.MoMLSimpleApplication@3681c95
reloadAllAccessors: .sdf_inside_pn

===========================================================================================
----------------- testing Fri Jul 06 01:39:25 UTC 2018 /home/travis/build/icyphy/ptII/ptolemy/domains/sdf/test/auto/sdf_sdf1.xml
----------------- Instantiating /home/travis/build/icyphy/ptII/ptolemy/domains/sdf/test/auto/sdf_sdf1.xml
4 ms. Memory: 830464K Free: 128189K (15%)
----------------- Invoking toplevel() on ptolemy.moml.MoMLSimpleApplication@50675793
----------------- Done invoking toplevel() on ptolemy.moml.MoMLSimpleApplication@50675793
reloadAllAccessors: .sdf_sdf1

===========================================================================================
----------------- testing Fri Jul 06 01:39:25 UTC 2018 /home/travis/build/icyphy/ptII/ptolemy/domains/sdf/test/auto/test1.xml
----------------- Instantiating /home/travis/build/icyphy/ptII/ptolemy/domains/sdf/test/auto/test1.xml
4 ms. Memory: 830464K Free: 118202K (14%)
----------------- Invoking toplevel() on ptolemy.moml.MoMLSimpleApplication@690d9bec
----------------- Done invoking toplevel() on ptolemy.moml.MoMLSimpleApplication@690d9bec
reloadAllAccessors: .test1

===========================================================================================
----------------- testing Fri Jul 06 01:39:25 UTC 2018 /home/travis/build/icyphy/ptII/ptolemy/domains/sdf/test/auto/time1.xml
----------------- Instantiating /home/travis/build/icyphy/ptII/ptolemy/domains/sdf/test/auto/time1.xml
1 ms. Memory: 830464K Free: 108214K (13%)
----------------- Invoking toplevel() on ptolemy.moml.MoMLSimpleApplication@39f66d77
----------------- Done invoking toplevel() on ptolemy.moml.MoMLSimpleApplication@39f66d77
reloadAllAccessors: .time1

===========================================================================================
----------------- testing Fri Jul 06 01:39:25 UTC 2018 /home/travis/build/icyphy/ptII/ptolemy/domains/sdf/test/auto/time2.xml
----------------- Instantiating /home/travis/build/icyphy/ptII/ptolemy/domains/sdf/test/auto/time2.xml
2 ms. Memory: 830464K Free: 98227K (12%)
----------------- Invoking toplevel() on ptolemy.moml.MoMLSimpleApplication@3c060aab
----------------- Done invoking toplevel() on ptolemy.moml.MoMLSimpleApplication@3c060aab
reloadAllAccessors: .time2

===========================================================================================
----------------- testing Fri Jul 06 01:39:25 UTC 2018 /home/travis/build/icyphy/ptII/ptolemy/domains/sdf/test/auto/time3.xml
----------------- Instantiating /home/travis/build/icyphy/ptII/ptolemy/domains/sdf/test/auto/time3.xml
7 ms. Memory: 830464K Free: 86294K (10%)
----------------- Invoking toplevel() on ptolemy.moml.MoMLSimpleApplication@a96c701
----------------- Done invoking toplevel() on ptolemy.moml.MoMLSimpleApplication@a96c701
reloadAllAccessors: .time3

===========================================================================================
----------------- testing Fri Jul 06 01:39:25 UTC 2018 /home/travis/build/icyphy/ptII/ptolemy/domains/sdf/test/auto/time4.xml
----------------- Instantiating /home/travis/build/icyphy/ptII/ptolemy/domains/sdf/test/auto/time4.xml
4 ms. Memory: 830464K Free: 76307K (9%)
----------------- Invoking toplevel() on ptolemy.moml.MoMLSimpleApplication@6a1f03e8
----------------- Done invoking toplevel() on ptolemy.moml.MoMLSimpleApplication@6a1f03e8
reloadAllAccessors: .time4

===========================================================================================
----------------- testing Fri Jul 06 01:39:25 UTC 2018 /home/travis/build/icyphy/ptII/ptolemy/domains/sdf/test/auto/time5.xml
----------------- Instantiating /home/travis/build/icyphy/ptII/ptolemy/domains/sdf/test/auto/time5.xml
4007 ms. Memory: 795136K Free: 782146K (98%)
----------------- Invoking toplevel() on ptolemy.moml.MoMLSimpleApplication@15a4083f
----------------- Done invoking toplevel() on ptolemy.moml.MoMLSimpleApplication@15a4083f
reloadAllAccessors: .time5

===========================================================================================
----------------- testing Fri Jul 06 01:39:29 UTC 2018 /home/travis/build/icyphy/ptII/ptolemy/domains/sdf/test/auto/typeSystem_Const_Integer_smallest_Type.xml
----------------- Instantiating /home/travis/build/icyphy/ptII/ptolemy/domains/sdf/test/auto/typeSystem_Const_Integer_smallest_Type.xml
6 ms. Memory: 795136K Free: 768806K (97%)
----------------- Invoking toplevel() on ptolemy.moml.MoMLSimpleApplication@48d3a39b
----------------- Done invoking toplevel() on ptolemy.moml.MoMLSimpleApplication@48d3a39b
reloadAllAccessors: .typeSystem_Const_Integer_smallest_Type

===========================================================================================
----------------- testing Fri Jul 06 01:39:29 UTC 2018 /home/travis/build/icyphy/ptII/ptolemy/domains/sdf/test/auto/typeSystem_declared_Inports_OutportTypeException.xml
----------------- Instantiating /home/travis/build/icyphy/ptII/ptolemy/domains/sdf/test/auto/typeSystem_declared_Inports_OutportTypeException.xml
.typeSystem_declared_Inports_OutportTypeException.TestExceptionAttribute: initialize() was not invoked, but wrapup() was.  This is unusual, but not always a problem.  For example, exporting JNLP will do this.
2 ms. Memory: 795136K Free: 759296K (95%)
----------------- Invoking toplevel() on ptolemy.moml.MoMLSimpleApplication@2049f4ca
----------------- Done invoking toplevel() on ptolemy.moml.MoMLSimpleApplication@2049f4ca
reloadAllAccessors: .typeSystem_declared_Inports_OutportTypeException

===========================================================================================
----------------- testing Fri Jul 06 01:39:29 UTC 2018 /home/travis/build/icyphy/ptII/ptolemy/domains/sdf/test/auto/typeSystem_oneDeclaredInportType_wrongTypeOutport.xml
----------------- Instantiating /home/travis/build/icyphy/ptII/ptolemy/domains/sdf/test/auto/typeSystem_oneDeclaredInportType_wrongTypeOutport.xml
3 ms. Memory: 795136K Free: 749787K (94%)
----------------- Invoking toplevel() on ptolemy.moml.MoMLSimpleApplication@677b1ff8
----------------- Done invoking toplevel() on ptolemy.moml.MoMLSimpleApplication@677b1ff8
reloadAllAccessors: .typeSystem_oneDeclaredInportType_wrongTypeOutport

===========================================================================================
----------------- testing Fri Jul 06 01:39:29 UTC 2018 /home/travis/build/icyphy/ptII/ptolemy/domains/sdf/test/auto/width.xml
----------------- Instantiating /home/travis/build/icyphy/ptII/ptolemy/domains/sdf/test/auto/width.xml
1 ms. Memory: 795136K Free: 738972K (93%)
----------------- Invoking toplevel() on ptolemy.moml.MoMLSimpleApplication@4f5406fa
----------------- Done invoking toplevel() on ptolemy.moml.MoMLSimpleApplication@4f5406fa
reloadAllAccessors: .width

===========================================================================================
----------------- testing Fri Jul 06 01:39:29 UTC 2018 /home/travis/build/icyphy/ptII/ptolemy/domains/sdf/test/auto/width2.xml
----------------- Instantiating /home/travis/build/icyphy/ptII/ptolemy/domains/sdf/test/auto/width2.xml
44 ms. Memory: 795136K Free: 729463K (92%)
----------------- Invoking toplevel() on ptolemy.moml.MoMLSimpleApplication@73e7eecf
----------------- Done invoking toplevel() on ptolemy.moml.MoMLSimpleApplication@73e7eecf
reloadAllAccessors: .width2

===========================================================================================
----------------- testing Fri Jul 06 01:39:29 UTC 2018 /home/travis/build/icyphy/ptII/ptolemy/domains/sdf/test/auto/width3.xml
----------------- Instantiating /home/travis/build/icyphy/ptII/ptolemy/domains/sdf/test/auto/width3.xml
27 ms. Memory: 795136K Free: 719953K (91%)
----------------- Invoking toplevel() on ptolemy.moml.MoMLSimpleApplication@7046e7dd
----------------- Done invoking toplevel() on ptolemy.moml.MoMLSimpleApplication@7046e7dd
reloadAllAccessors: .width3
AutoTests.java: About to close Vertx.
AutoTests.java: Vertx closed.
]]></system-out>
  <system-err><![CDATA[java.lang.RuntimeException: Execution failed
	at ptolemy.moml.MoMLSimpleApplication$UnloadThread.run(MoMLSimpleApplication.java:402)
Caused by: ptolemy.actor.sched.NotSchedulableException: No solution exists for the balance equations.
Graph is not consistent under the SDF domain detected on external port .rateConsistency.actor.port2
  in .rateConsistency.SDF Director.Scheduler
	at ptolemy.domains.sdf.kernel.SDFScheduler._propagatePort(SDFScheduler.java:1425)
	at ptolemy.domains.sdf.kernel.SDFScheduler._solveBalanceEquations(SDFScheduler.java:710)
	at ptolemy.domains.sdf.kernel.SDFScheduler._getSchedule(SDFScheduler.java:566)
	at ptolemy.actor.sched.Scheduler.getSchedule(Scheduler.java:189)
	at ptolemy.domains.sdf.kernel.SDFDirector.createSchedule(SDFDirector.java:408)
	at ptolemy.domains.sdf.kernel.SDFDirector.preinitialize(SDFDirector.java:764)
	at ptolemy.actor.CompositeActor.preinitialize(CompositeActor.java:1828)
	at ptolemy.actor.Manager.preinitializeAndResolveTypes(Manager.java:1040)
	at ptolemy.actor.Manager.initialize(Manager.java:710)
	at ptolemy.actor.Manager.execute(Manager.java:356)
	at ptolemy.actor.Manager.run(Manager.java:1263)
	at ptolemy.actor.Manager$PtolemyRunThread.run(Manager.java:1915)
java.lang.RuntimeException: Execution failed
	at ptolemy.moml.MoMLSimpleApplication$UnloadThread.run(MoMLSimpleApplication.java:402)
Caused by: ptolemy.kernel.util.IllegalActionException: Failed to compute schedule:
  in .badRateChanges.typed composite actor.SDF Director
Because:
The SDF rate parameter may change. This is not allowed in SDF models that will be run through the code generator.  If you don't care about code generation, then you might consider setting the allowRateChanges parameter of the SDF director to false.
  in .badRateChanges.typed composite actor.Repeat.output.tokenProductionRate
	at ptolemy.domains.sdf.kernel.SDFDirector.createSchedule(SDFDirector.java:418)
	at ptolemy.domains.sdf.kernel.SDFDirector.preinitialize(SDFDirector.java:764)
	at ptolemy.actor.CompositeActor.preinitialize(CompositeActor.java:1828)
	at ptolemy.actor.Director.preinitialize(Director.java:1302)
	at ptolemy.actor.Director.preinitialize(Director.java:1257)
	at ptolemy.domains.sdf.kernel.SDFDirector.preinitialize(SDFDirector.java:763)
	at ptolemy.actor.CompositeActor.preinitialize(CompositeActor.java:1828)
	at ptolemy.actor.Manager.preinitializeAndResolveTypes(Manager.java:1040)
	at ptolemy.actor.Manager.initialize(Manager.java:710)
	at ptolemy.actor.Manager.execute(Manager.java:356)
	at ptolemy.actor.Manager.run(Manager.java:1263)
	at ptolemy.actor.Manager$PtolemyRunThread.run(Manager.java:1915)
Caused by: ptolemy.kernel.util.IllegalActionException: The SDF rate parameter may change. This is not allowed in SDF models that will be run through the code generator.  If you don't care about code generation, then you might consider setting the allowRateChanges parameter of the SDF director to false.
  in .badRateChanges.typed composite actor.Repeat.output.tokenProductionRate
	at ptolemy.domains.sdf.kernel.SDFScheduler._assertDynamicRateVariable(SDFScheduler.java:931)
	at ptolemy.domains.sdf.kernel.SDFScheduler._checkDynamicRateVariables(SDFScheduler.java:339)
	at ptolemy.domains.sdf.kernel.SDFScheduler._getSchedule(SDFScheduler.java:527)
	at ptolemy.actor.sched.Scheduler.getSchedule(Scheduler.java:189)
	at ptolemy.domains.sdf.kernel.SDFDirector.createSchedule(SDFDirector.java:408)
	... 11 more
java.lang.RuntimeException: Execution failed
	at ptolemy.moml.MoMLSimpleApplication$UnloadThread.run(MoMLSimpleApplication.java:402)
Caused by: ptolemy.kernel.util.IllegalActionException: Failed to compute schedule:
  in .badRateChanges2.typed composite actor.SDF Director
Because:
The SDF rate parameter may change. This is not allowed in SDF models that will be run through the code generator.  If you don't care about code generation, then you might consider setting the allowRateChanges parameter of the SDF director to false.
  in .badRateChanges2.typed composite actor.Repeat.output.tokenProductionRate
	at ptolemy.domains.sdf.kernel.SDFDirector.createSchedule(SDFDirector.java:418)
	at ptolemy.domains.sdf.kernel.SDFDirector.preinitialize(SDFDirector.java:764)
	at ptolemy.actor.CompositeActor.preinitialize(CompositeActor.java:1828)
	at ptolemy.actor.Director.preinitialize(Director.java:1302)
	at ptolemy.actor.Director.preinitialize(Director.java:1257)
	at ptolemy.domains.sdf.kernel.SDFDirector.preinitialize(SDFDirector.java:763)
	at ptolemy.actor.CompositeActor.preinitialize(CompositeActor.java:1828)
	at ptolemy.actor.Manager.preinitializeAndResolveTypes(Manager.java:1040)
	at ptolemy.actor.Manager.initialize(Manager.java:710)
	at ptolemy.actor.Manager.execute(Manager.java:356)
	at ptolemy.actor.Manager.run(Manager.java:1263)
	at ptolemy.actor.Manager$PtolemyRunThread.run(Manager.java:1915)
Caused by: ptolemy.kernel.util.IllegalActionException: The SDF rate parameter may change. This is not allowed in SDF models that will be run through the code generator.  If you don't care about code generation, then you might consider setting the allowRateChanges parameter of the SDF director to false.
  in .badRateChanges2.typed composite actor.Repeat.output.tokenProductionRate
	at ptolemy.domains.sdf.kernel.SDFScheduler._assertDynamicRateVariable(SDFScheduler.java:931)
	at ptolemy.domains.sdf.kernel.SDFScheduler._checkDynamicRateVariables(SDFScheduler.java:339)
	at ptolemy.domains.sdf.kernel.SDFScheduler._getSchedule(SDFScheduler.java:527)
	at ptolemy.actor.sched.Scheduler.getSchedule(Scheduler.java:189)
	at ptolemy.domains.sdf.kernel.SDFDirector.createSchedule(SDFDirector.java:408)
	... 11 more
java.lang.RuntimeException: Execution failed
	at ptolemy.moml.MoMLSimpleApplication$UnloadThread.run(MoMLSimpleApplication.java:402)
Caused by: ptolemy.actor.sched.NotSchedulableException: Actors remain that cannot be scheduled!

There are several possible reasons:
* SDF Graphs with feedback loops should have an actor with a delay in the loop, such as a SampleDelay.
* The SDF director has an "allowDisconnectedGraphs"parameter, which, when true, permits disconnected SDF graphs.
* The token consumption rate and production rates might be mismatched.
Usually, actors produce one token or consume one token on a port.  To produce or consume multiple tokens per firing, add a "tokenConsumptionRate" or "tokenProductionRate" parameter to the appropriate port.
Unscheduled actors:
.partiallyConnected.Const2 
Scheduled actors:
.partiallyConnected.Const 
  in .partiallyConnected.SDF Director.Scheduler
	at ptolemy.domains.sdf.kernel.SDFScheduler._scheduleConnectedActors(SDFScheduler.java:1828)
	at ptolemy.domains.sdf.kernel.SDFScheduler._getSchedule(SDFScheduler.java:587)
	at ptolemy.actor.sched.Scheduler.getSchedule(Scheduler.java:189)
	at ptolemy.domains.sdf.kernel.SDFDirector.createSchedule(SDFDirector.java:408)
	at ptolemy.domains.sdf.kernel.SDFDirector.preinitialize(SDFDirector.java:764)
	at ptolemy.actor.CompositeActor.preinitialize(CompositeActor.java:1828)
	at ptolemy.actor.Manager.preinitializeAndResolveTypes(Manager.java:1040)
	at ptolemy.actor.Manager.initialize(Manager.java:710)
	at ptolemy.actor.Manager.execute(Manager.java:356)
	at ptolemy.actor.Manager.run(Manager.java:1263)
	at ptolemy.actor.Manager$PtolemyRunThread.run(Manager.java:1915)
]]></system-err>
</testsuite>
