<?xml version="1.0" encoding="UTF-8" ?>
<testsuite errors="0" failures="0" hostname="travis-job-3b3e01cd-4719-42cb-980e-604d0d4c5328" name="ptolemy.domains.de.test.junit.JUnitTclTest" skipped="0" tests="101" time="128.224" timestamp="2018-07-12T02:01:35">
  <properties>
[...]
</properties>
  <testcase classname="ptolemy.util.test.junit.TclTests" name="[0] /home/travis/build/icyphy/ptII/ptolemy/domains/de/test/DependencyLoop.tcl (RunTclFile)" time="0.763" />
  <testcase classname="ptolemy.util.test.junit.TclTests" name="[1] /home/travis/build/icyphy/ptII/ptolemy/domains/de/test/RunDETestsAsQSS.tcl (RunTclFile)" time="88.057" />
  <testcase classname="ptolemy.util.test.junit.AutoKnownFailedTests" name="[0] /home/travis/build/icyphy/ptII/ptolemy/domains/de/test/auto/knownFailedTests/DESDFClockTest.xml (RunModel)" time="2.037" />
  <testcase classname="ptolemy.util.test.junit.AutoKnownFailedTests" name="[1] /home/travis/build/icyphy/ptII/ptolemy/domains/de/test/auto/knownFailedTests/DirectFeedback.xml (RunModel)" time="0.012" />
  <testcase classname="ptolemy.util.test.junit.AutoKnownFailedTests" name="[2] /home/travis/build/icyphy/ptII/ptolemy/domains/de/test/auto/knownFailedTests/FSMSource.xml (RunModel)" time="0.027" />
  <testcase classname="ptolemy.util.test.junit.AutoKnownFailedTests" name="[3] /home/travis/build/icyphy/ptII/ptolemy/domains/de/test/auto/knownFailedTests/HierarchicalModel.xml (RunModel)" time="0.037" />
  <testcase classname="ptolemy.util.test.junit.AutoKnownFailedTests" name="[4] /home/travis/build/icyphy/ptII/ptolemy/domains/de/test/auto/knownFailedTests/dependencyLoop.xml (RunModel)" time="0.036" />
  <testcase classname="ptolemy.util.test.junit.AutoKnownFailedTests" name="[5] /home/travis/build/icyphy/ptII/ptolemy/domains/de/test/auto/knownFailedTests/dependencyLoop2.xml (RunModel)" time="0.052" />
  <testcase classname="ptolemy.util.test.junit.AutoNameArchTests" name="[0] ThereAreNoAutoArchTests (RunModel)" time="0.0" />
  <testcase classname="ptolemy.util.test.junit.AutoTests" name="[0] /home/travis/build/icyphy/ptII/ptolemy/domains/de/test/auto/ActorDepthCalculation_actorWithoutPorts.xml (RunModel)" time="0.017" />
  <testcase classname="ptolemy.util.test.junit.AutoTests" name="[1] /home/travis/build/icyphy/ptII/ptolemy/domains/de/test/auto/AssemblyLine.xml (RunModel)" time="0.022" />
  <testcase classname="ptolemy.util.test.junit.AutoTests" name="[2] /home/travis/build/icyphy/ptII/ptolemy/domains/de/test/auto/CQBug1.xml (RunModel)" time="0.01" />
  <testcase classname="ptolemy.util.test.junit.AutoTests" name="[3] /home/travis/build/icyphy/ptII/ptolemy/domains/de/test/auto/CancelFireAt.xml (RunModel)" time="0.007" />
  <testcase classname="ptolemy.util.test.junit.AutoTests" name="[4] /home/travis/build/icyphy/ptII/ptolemy/domains/de/test/auto/CausalityAndComposabilityAnalysis.xml (RunModel)" time="0.012" />
  <testcase classname="ptolemy.util.test.junit.AutoTests" name="[5] /home/travis/build/icyphy/ptII/ptolemy/domains/de/test/auto/CausalityInterface1.xml (RunModel)" time="0.012" />
  <testcase classname="ptolemy.util.test.junit.AutoTests" name="[6] /home/travis/build/icyphy/ptII/ptolemy/domains/de/test/auto/CausalityInterface15.xml (RunModel)" time="0.012" />
  <testcase classname="ptolemy.util.test.junit.AutoTests" name="[7] /home/travis/build/icyphy/ptII/ptolemy/domains/de/test/auto/CausalityInterface2.xml (RunModel)" time="0.01" />
  <testcase classname="ptolemy.util.test.junit.AutoTests" name="[8] /home/travis/build/icyphy/ptII/ptolemy/domains/de/test/auto/CausalityInterface3.xml (RunModel)" time="0.01" />
  <testcase classname="ptolemy.util.test.junit.AutoTests" name="[9] /home/travis/build/icyphy/ptII/ptolemy/domains/de/test/auto/ClockDrift.xml (RunModel)" time="0.036" />
  <testcase classname="ptolemy.util.test.junit.AutoTests" name="[10] /home/travis/build/icyphy/ptII/ptolemy/domains/de/test/auto/ClockDriftAndValueChange.xml (RunModel)" time="0.034" />
  <testcase classname="ptolemy.util.test.junit.AutoTests" name="[11] /home/travis/build/icyphy/ptII/ptolemy/domains/de/test/auto/ClockDriftChange.xml (RunModel)" time="0.029" />
  <testcase classname="ptolemy.util.test.junit.AutoTests" name="[12] /home/travis/build/icyphy/ptII/ptolemy/domains/de/test/auto/ComposableCausalityAnalysis.xml (RunModel)" time="0.014" />
  <testcase classname="ptolemy.util.test.junit.AutoTests" name="[13] /home/travis/build/icyphy/ptII/ptolemy/domains/de/test/auto/DEFixedPointLimitation.xml (RunModel)" time="0.016" />
  <testcase classname="ptolemy.util.test.junit.AutoTests" name="[14] /home/travis/build/icyphy/ptII/ptolemy/domains/de/test/auto/DEScheduleTest.xml (RunModel)" time="0.012" />
  <testcase classname="ptolemy.util.test.junit.AutoTests" name="[15] /home/travis/build/icyphy/ptII/ptolemy/domains/de/test/auto/DEinDEwithStartTimes.xml (RunModel)" time="0.016" />
  <testcase classname="ptolemy.util.test.junit.AutoTests" name="[16] /home/travis/build/icyphy/ptII/ptolemy/domains/de/test/auto/DEinDEwithStartTimes2.xml (RunModel)" time="0.014" />
  <testcase classname="ptolemy.util.test.junit.AutoTests" name="[17] /home/travis/build/icyphy/ptII/ptolemy/domains/de/test/auto/DateDemo.xml (RunModel)" time="0.029" />
  <testcase classname="ptolemy.util.test.junit.AutoTests" name="[18] /home/travis/build/icyphy/ptII/ptolemy/domains/de/test/auto/DateToEvent.xml (RunModel)" time="2.035" />
  <testcase classname="ptolemy.util.test.junit.AutoTests" name="[19] /home/travis/build/icyphy/ptII/ptolemy/domains/de/test/auto/DepthTest1.xml (RunModel)" time="0.017" />
  <testcase classname="ptolemy.util.test.junit.AutoTests" name="[20] /home/travis/build/icyphy/ptII/ptolemy/domains/de/test/auto/DepthTest2.xml (RunModel)" time="0.017" />
  <testcase classname="ptolemy.util.test.junit.AutoTests" name="[21] /home/travis/build/icyphy/ptII/ptolemy/domains/de/test/auto/DepthTest3.xml (RunModel)" time="0.009" />
  <testcase classname="ptolemy.util.test.junit.AutoTests" name="[22] /home/travis/build/icyphy/ptII/ptolemy/domains/de/test/auto/DepthTest4.xml (RunModel)" time="0.014" />
  <testcase classname="ptolemy.util.test.junit.AutoTests" name="[23] /home/travis/build/icyphy/ptII/ptolemy/domains/de/test/auto/DepthTest5.xml (RunModel)" time="0.016" />
  <testcase classname="ptolemy.util.test.junit.AutoTests" name="[24] /home/travis/build/icyphy/ptII/ptolemy/domains/de/test/auto/DepthTest6.xml (RunModel)" time="0.014" />
  <testcase classname="ptolemy.util.test.junit.AutoTests" name="[25] /home/travis/build/icyphy/ptII/ptolemy/domains/de/test/auto/DepthTest7.xml (RunModel)" time="0.013" />
  <testcase classname="ptolemy.util.test.junit.AutoTests" name="[26] /home/travis/build/icyphy/ptII/ptolemy/domains/de/test/auto/EventToDate.xml (RunModel)" time="3.032" />
  <testcase classname="ptolemy.util.test.junit.AutoTests" name="[27] /home/travis/build/icyphy/ptII/ptolemy/domains/de/test/auto/FSM1.xml (RunModel)" time="0.03" />
  <testcase classname="ptolemy.util.test.junit.AutoTests" name="[28] /home/travis/build/icyphy/ptII/ptolemy/domains/de/test/auto/FSM7.xml (RunModel)" time="0.027" />
  <testcase classname="ptolemy.util.test.junit.AutoTests" name="[29] /home/travis/build/icyphy/ptII/ptolemy/domains/de/test/auto/Inspection.xml (RunModel)" time="0.042" />
  <testcase classname="ptolemy.util.test.junit.AutoTests" name="[30] /home/travis/build/icyphy/ptII/ptolemy/domains/de/test/auto/Iteration.xml (RunModel)" time="0.027" />
  <testcase classname="ptolemy.util.test.junit.AutoTests" name="[31] /home/travis/build/icyphy/ptII/ptolemy/domains/de/test/auto/LineFault.xml (RunModel)" time="0.573" />
  <testcase classname="ptolemy.util.test.junit.AutoTests" name="[32] /home/travis/build/icyphy/ptII/ptolemy/domains/de/test/auto/MergeModel1Add.xml (RunModel)" time="0.045" />
  <testcase classname="ptolemy.util.test.junit.AutoTests" name="[33] /home/travis/build/icyphy/ptII/ptolemy/domains/de/test/auto/MergeModel2Add.xml (RunModel)" time="0.037" />
  <testcase classname="ptolemy.util.test.junit.AutoTests" name="[34] /home/travis/build/icyphy/ptII/ptolemy/domains/de/test/auto/MergeModel3Add.xml (RunModel)" time="0.046" />
  <testcase classname="ptolemy.util.test.junit.AutoTests" name="[35] /home/travis/build/icyphy/ptII/ptolemy/domains/de/test/auto/MergeWithoutDiscard.xml (RunModel)" time="0.011" />
  <testcase classname="ptolemy.util.test.junit.AutoTests" name="[36] /home/travis/build/icyphy/ptII/ptolemy/domains/de/test/auto/Modal1.xml (RunModel)" time="0.028" />
  <testcase classname="ptolemy.util.test.junit.AutoTests" name="[37] /home/travis/build/icyphy/ptII/ptolemy/domains/de/test/auto/Modal2.xml (RunModel)" time="0.034" />
  <testcase classname="ptolemy.util.test.junit.AutoTests" name="[38] /home/travis/build/icyphy/ptII/ptolemy/domains/de/test/auto/Modal3.xml (RunModel)" time="0.03" />
  <testcase classname="ptolemy.util.test.junit.AutoTests" name="[39] /home/travis/build/icyphy/ptII/ptolemy/domains/de/test/auto/Modal4.xml (RunModel)" time="0.034" />
  <testcase classname="ptolemy.util.test.junit.AutoTests" name="[40] /home/travis/build/icyphy/ptII/ptolemy/domains/de/test/auto/Modal5.xml (RunModel)" time="0.028" />
  <testcase classname="ptolemy.util.test.junit.AutoTests" name="[41] /home/travis/build/icyphy/ptII/ptolemy/domains/de/test/auto/Modal6.xml (RunModel)" time="0.026" />
  <testcase classname="ptolemy.util.test.junit.AutoTests" name="[42] /home/travis/build/icyphy/ptII/ptolemy/domains/de/test/auto/Modal7.xml (RunModel)" time="0.028" />
  <testcase classname="ptolemy.util.test.junit.AutoTests" name="[43] /home/travis/build/icyphy/ptII/ptolemy/domains/de/test/auto/ModalModel.xml (RunModel)" time="0.146" />
  <testcase classname="ptolemy.util.test.junit.AutoTests" name="[44] /home/travis/build/icyphy/ptII/ptolemy/domains/de/test/auto/ModalSource.xml (RunModel)" time="0.018" />
  <testcase classname="ptolemy.util.test.junit.AutoTests" name="[45] /home/travis/build/icyphy/ptII/ptolemy/domains/de/test/auto/NonInterruptibleTimerZeroDelay.xml (RunModel)" time="0.011" />
  <testcase classname="ptolemy.util.test.junit.AutoTests" name="[46] /home/travis/build/icyphy/ptII/ptolemy/domains/de/test/auto/OpenQueueingNetwork.xml (RunModel)" time="2.102" />
  <testcase classname="ptolemy.util.test.junit.AutoTests" name="[47] /home/travis/build/icyphy/ptII/ptolemy/domains/de/test/auto/OpenQueuingNetwork.xml (RunModel)" time="0.273" />
  <testcase classname="ptolemy.util.test.junit.AutoTests" name="[48] /home/travis/build/icyphy/ptII/ptolemy/domains/de/test/auto/PeriodicSampler.xml (RunModel)" time="0.013" />
  <testcase classname="ptolemy.util.test.junit.AutoTests" name="[49] /home/travis/build/icyphy/ptII/ptolemy/domains/de/test/auto/PersistentIO.xml (RunModel)" time="0.019" />
  <testcase classname="ptolemy.util.test.junit.AutoTests" name="[50] /home/travis/build/icyphy/ptII/ptolemy/domains/de/test/auto/PortParameterResetOnInitialize.xml (RunModel)" time="0.009" />
  <testcase classname="ptolemy.util.test.junit.AutoTests" name="[51] /home/travis/build/icyphy/ptII/ptolemy/domains/de/test/auto/PortParameterUpdates.xml (RunModel)" time="0.013" />
  <testcase classname="ptolemy.util.test.junit.AutoTests" name="[52] /home/travis/build/icyphy/ptII/ptolemy/domains/de/test/auto/QueueAndServer.xml (RunModel)" time="0.017" />
  <testcase classname="ptolemy.util.test.junit.AutoTests" name="[53] /home/travis/build/icyphy/ptII/ptolemy/domains/de/test/auto/Records.xml (RunModel)" time="0.012" />
  <testcase classname="ptolemy.util.test.junit.AutoTests" name="[54] /home/travis/build/icyphy/ptII/ptolemy/domains/de/test/auto/ResetTransitionWithStartTime1.xml (RunModel)" time="0.017" />
  <testcase classname="ptolemy.util.test.junit.AutoTests" name="[55] /home/travis/build/icyphy/ptII/ptolemy/domains/de/test/auto/ResetTransitionWithStartTime2.xml (RunModel)" time="0.016" />
  <testcase classname="ptolemy.util.test.junit.AutoTests" name="[56] /home/travis/build/icyphy/ptII/ptolemy/domains/de/test/auto/ResetTransitionWithStartTime3.xml (RunModel)" time="0.017" />
  <testcase classname="ptolemy.util.test.junit.AutoTests" name="[57] /home/travis/build/icyphy/ptII/ptolemy/domains/de/test/auto/ResetTransitionWithStartTime4.xml (RunModel)" time="0.017" />
  <testcase classname="ptolemy.util.test.junit.AutoTests" name="[58] /home/travis/build/icyphy/ptII/ptolemy/domains/de/test/auto/ResettableTimer1.xml (RunModel)" time="0.01" />
  <testcase classname="ptolemy.util.test.junit.AutoTests" name="[59] /home/travis/build/icyphy/ptII/ptolemy/domains/de/test/auto/ResettableTimer2.xml (RunModel)" time="0.009" />
  <testcase classname="ptolemy.util.test.junit.AutoTests" name="[60] /home/travis/build/icyphy/ptII/ptolemy/domains/de/test/auto/ResettableTimer3.xml (RunModel)" time="0.008" />
  <testcase classname="ptolemy.util.test.junit.AutoTests" name="[61] /home/travis/build/icyphy/ptII/ptolemy/domains/de/test/auto/ResettableTimer4.xml (RunModel)" time="0.009" />
  <testcase classname="ptolemy.util.test.junit.AutoTests" name="[62] /home/travis/build/icyphy/ptII/ptolemy/domains/de/test/auto/ResettableTimer5.xml (RunModel)" time="0.01" />
  <testcase classname="ptolemy.util.test.junit.AutoTests" name="[63] /home/travis/build/icyphy/ptII/ptolemy/domains/de/test/auto/ResettableTimer6.xml (RunModel)" time="0.01" />
  <testcase classname="ptolemy.util.test.junit.AutoTests" name="[64] /home/travis/build/icyphy/ptII/ptolemy/domains/de/test/auto/ServerZeroDelay.xml (RunModel)" time="0.009" />
  <testcase classname="ptolemy.util.test.junit.AutoTests" name="[65] /home/travis/build/icyphy/ptII/ptolemy/domains/de/test/auto/SmartSender.xml (RunModel)" time="3.008" />
  <testcase classname="ptolemy.util.test.junit.AutoTests" name="[66] /home/travis/build/icyphy/ptII/ptolemy/domains/de/test/auto/ThreadedComposite.xml (RunModel)" time="0.191" />
  <testcase classname="ptolemy.util.test.junit.AutoTests" name="[67] /home/travis/build/icyphy/ptII/ptolemy/domains/de/test/auto/Time.xml (RunModel)" time="0.417" />
  <testcase classname="ptolemy.util.test.junit.AutoTests" name="[68] /home/travis/build/icyphy/ptII/ptolemy/domains/de/test/auto/TimeDelayZeroDelay.xml (RunModel)" time="0.01" />
  <testcase classname="ptolemy.util.test.junit.AutoTests" name="[69] /home/travis/build/icyphy/ptII/ptolemy/domains/de/test/auto/TimerZeroDelay.xml (RunModel)" time="0.008" />
  <testcase classname="ptolemy.util.test.junit.AutoTests" name="[70] /home/travis/build/icyphy/ptII/ptolemy/domains/de/test/auto/TimingParadox.xml (RunModel)" time="0.333" />
  <testcase classname="ptolemy.util.test.junit.AutoTests" name="[71] /home/travis/build/icyphy/ptII/ptolemy/domains/de/test/auto/TransferInputs.xml (RunModel)" time="0.009" />
  <testcase classname="ptolemy.util.test.junit.AutoTests" name="[72] /home/travis/build/icyphy/ptII/ptolemy/domains/de/test/auto/TransferOutputs2.xml (RunModel)" time="0.013" />
  <testcase classname="ptolemy.util.test.junit.AutoTests" name="[73] /home/travis/build/icyphy/ptII/ptolemy/domains/de/test/auto/Trilateration.xml (RunModel)" time="11.372" />
  <testcase classname="ptolemy.util.test.junit.AutoTests" name="[74] /home/travis/build/icyphy/ptII/ptolemy/domains/de/test/auto/TwoSigmaDelta.xml (RunModel)" time="2.047" />
  <testcase classname="ptolemy.util.test.junit.AutoTests" name="[75] /home/travis/build/icyphy/ptII/ptolemy/domains/de/test/auto/VariableDelay.xml (RunModel)" time="0.015" />
  <testcase classname="ptolemy.util.test.junit.AutoTests" name="[76] /home/travis/build/icyphy/ptII/ptolemy/domains/de/test/auto/VariableDelay2.xml (RunModel)" time="0.012" />
  <testcase classname="ptolemy.util.test.junit.AutoTests" name="[77] /home/travis/build/icyphy/ptII/ptolemy/domains/de/test/auto/VariableDelayZeroDelay.xml (RunModel)" time="0.008" />
  <testcase classname="ptolemy.util.test.junit.AutoTests" name="[78] /home/travis/build/icyphy/ptII/ptolemy/domains/de/test/auto/VariableDelayZeroDelay2.xml (RunModel)" time="0.013" />
  <testcase classname="ptolemy.util.test.junit.AutoTests" name="[79] /home/travis/build/icyphy/ptII/ptolemy/domains/de/test/auto/deInCt.xml (RunModel)" time="0.012" />
  <testcase classname="ptolemy.util.test.junit.AutoTests" name="[80] /home/travis/build/icyphy/ptII/ptolemy/domains/de/test/auto/deInCt2.xml (RunModel)" time="0.016" />
  <testcase classname="ptolemy.util.test.junit.AutoTests" name="[81] /home/travis/build/icyphy/ptII/ptolemy/domains/de/test/auto/dynamicCausalityInterface1.xml (RunModel)" time="0.017" />
  <testcase classname="ptolemy.util.test.junit.AutoTests" name="[82] /home/travis/build/icyphy/ptII/ptolemy/domains/de/test/auto/fsm_de_test.xml (RunModel)" time="0.029" />
  <testcase classname="ptolemy.util.test.junit.AutoTests" name="[83] /home/travis/build/icyphy/ptII/ptolemy/domains/de/test/auto/functionDependencyReconstruction.xml (RunModel)" time="0.03" />
  <testcase classname="ptolemy.util.test.junit.AutoTests" name="[84] /home/travis/build/icyphy/ptII/ptolemy/domains/de/test/auto/multirate.xml (RunModel)" time="0.015" />
  <testcase classname="ptolemy.util.test.junit.AutoTests" name="[85] /home/travis/build/icyphy/ptII/ptolemy/domains/de/test/auto/multirate2.xml (RunModel)" time="0.016" />
  <testcase classname="ptolemy.util.test.junit.AutoTests" name="[86] /home/travis/build/icyphy/ptII/ptolemy/domains/de/test/auto/realtime.xml (RunModel)" time="10.012" />
  <testcase classname="ptolemy.util.test.junit.AutoTests" name="[87] /home/travis/build/icyphy/ptII/ptolemy/domains/de/test/auto/relationGroup.xml (RunModel)" time="0.008" />
  <testcase classname="ptolemy.util.test.junit.AutoTests" name="[88] /home/travis/build/icyphy/ptII/ptolemy/domains/de/test/auto/relationGroup2.xml (RunModel)" time="0.011" />
  <testcase classname="ptolemy.util.test.junit.AutoTests" name="[89] /home/travis/build/icyphy/ptII/ptolemy/domains/de/test/auto/sortWithOpaquePorts.xml (RunModel)" time="0.009" />
  <testcase classname="ptolemy.util.test.junit.AutoTests" name="[90] /home/travis/build/icyphy/ptII/ptolemy/domains/de/test/auto/transferInputsandOutputs.xml (RunModel)" time="0.014" />
  <testcase classname="ptolemy.util.test.junit.AutoTests" name="[91] /home/travis/build/icyphy/ptII/ptolemy/domains/de/test/auto/triggerType.xml (RunModel)" time="0.009" />
  <system-out><![CDATA[/home/travis/build/icyphy/ptII/ptolemy/domains/de/test/DependencyLoop.tcl
testDefs.tcl: setting time out to 9000 seconds at Thu Jul 12 02:01:35 UTC 2018
14 ms. Memory: 116224K Free: 93511K (80%)
14 ms. Memory: 146944K Free: 135130K (92%)
/home/travis/build/icyphy/ptII/ptolemy/domains/de/test/RunDETestsAsQSS.tcl
Run the DE tests using ptolemy.domains.qss.test.QSSDirectorTest, which extends QSSDirector and prints a message in the constructors.
------------------ testing $PTII/ptolemy/domains/de/test/auto/knownFailedTests/dependencyLoop.xml (Known Failure) 
11 ms. Memory: 146944K Free: 132018K (90%)


==== $PTIIhome/travis/build/icyphy/ptII/ptolemy/domains/de/test/../../../../: Auto Automatic test in file $PTII/ptolemy/domains/de/test/auto/knownFailedTests/dependencyLoop.xml
==== Contents of test case:

	    # FIXME: we should use $relativeFilename here, but it
	    # might have backslashes under Windows, which causes no end
	    # of trouble.
	    createAndExecute $file
	    list {}
	
.... Test generated KNOWN error:
    while executing
ptolemy.kernel.util.IllegalActionException: Found a zero delay loop containing .dependencyLoop.original
  in .dependencyLoop and .dependencyLoop.original
	at ptolemy.actor.util.CausalityInterfaceForComposites._computeOutputPortDepth(CausalityInterfaceForComposites.java:759)
	at ptolemy.actor.util.CausalityInterfaceForComposites._computeInputDepth(CausalityInterfaceForComposites.java:696)
	at ptolemy.actor.util.CausalityInterfaceForComposites._computeOutputPortDepth(CausalityInterfaceForComposites.java:765)
	at ptolemy.actor.util.CausalityInterfaceForComposites._computeInputDepth(CausalityInterfaceForComposites.java:696)
	at ptolemy.actor.util.CausalityInterfaceForComposites._computeOutputPortDepth(CausalityInterfaceForComposites.java:765)
	at ptolemy.actor.util.CausalityInterfaceForComposites._computeInputDepth(CausalityInterfaceForComposites.java:696)
	at ptolemy.actor.util.CausalityInterfaceForComposites._computeActorDepth(CausalityInterfaceForComposites.java:532)
	at ptolemy.actor.util.CausalityInterfaceForComposites.checkForCycles(CausalityInterfaceForComposites.java:96)
	at ptolemy.domains.de.kernel.DEDirector.preinitialize(DEDirector.java:1338)
	at ptolemy.actor.CompositeActor.preinitialize(CompositeActor.java:1828)
	at ptolemy.actor.Manager.preinitializeAndResolveTypes(Manager.java:1040)
	at ptolemy.actor.Manager.initialize(Manager.java:710)
	at ptolemy.actor.Manager.execute(Manager.java:356)
	at ptolemy.actor.Manager.run(Manager.java:1263)
	at ptolemy.actor.Manager$PtolemyRunThread.run(Manager.java:1915)

    while executing
ptolemy.kernel.util.IllegalActionException: Found a zero delay loop containing .dependencyLoop.original
  in .dependencyLoop and .dependencyLoop.original
    while executing
"java::new ptolemy.moml.MoMLSimpleApplication $file
"
    (procedure "createAndExecute" line 2)
    invoked from within
"createAndExecute $file"
    ("uplevel" body line 5)
    invoked from within
"uplevel $contents_of_test"
------------------ testing $PTII/ptolemy/domains/de/test/auto/knownFailedTests/DESDFClockTest.xml (Known Failure) 
2063 ms. Memory: 146944K Free: 116634K (79%)


==== $PTIIhome/travis/build/icyphy/ptII/ptolemy/domains/de/test/../../../../: Auto Automatic test in file $PTII/ptolemy/domains/de/test/auto/knownFailedTests/DESDFClockTest.xml
==== Contents of test case:

	    # FIXME: we should use $relativeFilename here, but it
	    # might have backslashes under Windows, which causes no end
	    # of trouble.
	    createAndExecute $file
	    list {}
	
.... Test generated KNOWN error:
    while executing
ptolemy.kernel.util.IllegalActionException: Actor is not ready to fire.  Perhaps UpSample.prefire() returned false? Try debugging the actor by selecting "Listen to Actor".  Also, for SDF check moml for tokenConsumptionRate on input.
  in .DESDFClockTest.Play Bell.Copy1:SDF Director and .DESDFClockTest.Play Bell.UpSample
	at ptolemy.actor.sched.StaticSchedulingDirector.fire(StaticSchedulingDirector.java:227)
	at ptolemy.domains.sdf.kernel.SDFDirector.fire(SDFDirector.java:500)
	at ptolemy.actor.CompositeActor.fire(CompositeActor.java:455)
	at ptolemy.domains.de.kernel.DEDirector._fire(DEDirector.java:1949)
	at ptolemy.domains.de.kernel.DEDirector.fire(DEDirector.java:502)
	at ptolemy.actor.CompositeActor.fire(CompositeActor.java:455)
	at ptolemy.actor.Manager.iterate(Manager.java:851)
	at ptolemy.actor.Manager.execute(Manager.java:369)
	at ptolemy.actor.Manager.run(Manager.java:1263)
	at ptolemy.actor.Manager$PtolemyRunThread.run(Manager.java:1915)

    while executing
ptolemy.kernel.util.IllegalActionException: Actor is not ready to fire.  Perhaps UpSample.prefire() returned false? Try debugging the actor by selecting "Listen to Actor".  Also, for SDF check moml for tokenConsumptionRate on input.
  in .DESDFClockTest.Play Bell.Copy1:SDF Director and .DESDFClockTest.Play Bell.UpSample
    while executing
"java::new ptolemy.moml.MoMLSimpleApplication $file
"
    (procedure "createAndExecute" line 2)
    invoked from within
"createAndExecute $file"
    ("uplevel" body line 5)
    invoked from within
"uplevel $contents_of_test"
------------------ testing $PTII/ptolemy/domains/de/test/auto/knownFailedTests/FSMSource.xml (Known Failure) 
22 ms. Memory: 146944K Free: 107707K (73%)
!!!! Auto was marked as failing, but now passes
------------------ testing $PTII/ptolemy/domains/de/test/auto/knownFailedTests/dependencyLoop2.xml (Known Failure) 
6 ms. Memory: 146944K Free: 105824K (72%)


==== $PTIIhome/travis/build/icyphy/ptII/ptolemy/domains/de/test/../../../../: Auto Automatic test in file $PTII/ptolemy/domains/de/test/auto/knownFailedTests/dependencyLoop2.xml
==== Contents of test case:

	    # FIXME: we should use $relativeFilename here, but it
	    # might have backslashes under Windows, which causes no end
	    # of trouble.
	    createAndExecute $file
	    list {}
	
.... Test generated KNOWN error:
    while executing
ptolemy.kernel.util.IllegalActionException: Found a zero delay loop containing .dependencyLoop2.original
  in .dependencyLoop2 and .dependencyLoop2.original
	at ptolemy.actor.util.CausalityInterfaceForComposites._computeOutputPortDepth(CausalityInterfaceForComposites.java:759)
	at ptolemy.actor.util.CausalityInterfaceForComposites._computeInputDepth(CausalityInterfaceForComposites.java:696)
	at ptolemy.actor.util.CausalityInterfaceForComposites._computeOutputPortDepth(CausalityInterfaceForComposites.java:765)
	at ptolemy.actor.util.CausalityInterfaceForComposites._computeInputDepth(CausalityInterfaceForComposites.java:696)
	at ptolemy.actor.util.CausalityInterfaceForComposites._computeOutputPortDepth(CausalityInterfaceForComposites.java:765)
	at ptolemy.actor.util.CausalityInterfaceForComposites._computeInputDepth(CausalityInterfaceForComposites.java:696)
	at ptolemy.actor.util.CausalityInterfaceForComposites._computeActorDepth(CausalityInterfaceForComposites.java:532)
	at ptolemy.actor.util.CausalityInterfaceForComposites.checkForCycles(CausalityInterfaceForComposites.java:96)
	at ptolemy.domains.de.kernel.DEDirector.preinitialize(DEDirector.java:1338)
	at ptolemy.actor.CompositeActor.preinitialize(CompositeActor.java:1828)
	at ptolemy.actor.Manager.preinitializeAndResolveTypes(Manager.java:1040)
	at ptolemy.actor.Manager.initialize(Manager.java:710)
	at ptolemy.actor.Manager.execute(Manager.java:356)
	at ptolemy.actor.Manager.run(Manager.java:1263)
	at ptolemy.actor.Manager$PtolemyRunThread.run(Manager.java:1915)

    while executing
ptolemy.kernel.util.IllegalActionException: Found a zero delay loop containing .dependencyLoop2.original
  in .dependencyLoop2 and .dependencyLoop2.original
    while executing
"java::new ptolemy.moml.MoMLSimpleApplication $file
"
    (procedure "createAndExecute" line 2)
    invoked from within
"createAndExecute $file"
    ("uplevel" body line 5)
    invoked from within
"uplevel $contents_of_test"
------------------ testing $PTII/ptolemy/domains/de/test/auto/knownFailedTests/HierarchicalModel.xml (Known Failure) 
5 ms. Memory: 146944K Free: 84277K (57%)


==== $PTIIhome/travis/build/icyphy/ptII/ptolemy/domains/de/test/../../../../: Auto Automatic test in file $PTII/ptolemy/domains/de/test/auto/knownFailedTests/HierarchicalModel.xml
==== Contents of test case:

	    # FIXME: we should use $relativeFilename here, but it
	    # might have backslashes under Windows, which causes no end
	    # of trouble.
	    createAndExecute $file
	    list {}
	
.... Test generated KNOWN error:
    while executing
ptolemy.kernel.util.IllegalActionException: Found a zero delay loop containing .HierarchicalModel.A
  in .HierarchicalModel and .HierarchicalModel.A
	at ptolemy.actor.util.CausalityInterfaceForComposites._computeOutputPortDepth(CausalityInterfaceForComposites.java:759)
	at ptolemy.actor.util.CausalityInterfaceForComposites._computeInputDepth(CausalityInterfaceForComposites.java:696)
	at ptolemy.actor.util.CausalityInterfaceForComposites._computeOutputPortDepth(CausalityInterfaceForComposites.java:765)
	at ptolemy.actor.util.CausalityInterfaceForComposites._computeInputDepth(CausalityInterfaceForComposites.java:696)
	at ptolemy.actor.util.CausalityInterfaceForComposites._computeOutputPortDepth(CausalityInterfaceForComposites.java:765)
	at ptolemy.actor.util.CausalityInterfaceForComposites._computeInputDepth(CausalityInterfaceForComposites.java:696)
	at ptolemy.actor.util.CausalityInterfaceForComposites._computeActorDepth(CausalityInterfaceForComposites.java:532)
	at ptolemy.actor.util.CausalityInterfaceForComposites.checkForCycles(CausalityInterfaceForComposites.java:96)
	at ptolemy.domains.de.kernel.DEDirector.preinitialize(DEDirector.java:1338)
	at ptolemy.actor.CompositeActor.preinitialize(CompositeActor.java:1828)
	at ptolemy.actor.Manager.preinitializeAndResolveTypes(Manager.java:1040)
	at ptolemy.actor.Manager.initialize(Manager.java:710)
	at ptolemy.actor.Manager.execute(Manager.java:356)
	at ptolemy.actor.Manager.run(Manager.java:1263)
	at ptolemy.actor.Manager$PtolemyRunThread.run(Manager.java:1915)

    while executing
ptolemy.kernel.util.IllegalActionException: Found a zero delay loop containing .HierarchicalModel.A
  in .HierarchicalModel and .HierarchicalModel.A
    while executing
"java::new ptolemy.moml.MoMLSimpleApplication $file
"
    (procedure "createAndExecute" line 2)
    invoked from within
"createAndExecute $file"
    ("uplevel" body line 5)
    invoked from within
"uplevel $contents_of_test"
------------------ testing $PTII/ptolemy/domains/de/test/auto/knownFailedTests/DirectFeedback.xml (Known Failure) 
6 ms. Memory: 146944K Free: 141138K (96%)


==== $PTIIhome/travis/build/icyphy/ptII/ptolemy/domains/de/test/../../../../: Auto Automatic test in file $PTII/ptolemy/domains/de/test/auto/knownFailedTests/DirectFeedback.xml
==== Contents of test case:

	    # FIXME: we should use $relativeFilename here, but it
	    # might have backslashes under Windows, which causes no end
	    # of trouble.
	    createAndExecute $file
	    list {}
	
.... Test generated KNOWN error:
    while executing
ptolemy.kernel.util.IllegalActionException: Test fails in iteration 1.
Value was: 1.0. Should have been: 2.0
  in .DirectFeedback.Test
	at ptolemy.actor.lib.Test.fire(Test.java:268)
	at ptolemy.domains.de.kernel.DEDirector._fire(DEDirector.java:1949)
	at ptolemy.domains.de.kernel.DEDirector.fire(DEDirector.java:502)
	at ptolemy.actor.CompositeActor.fire(CompositeActor.java:455)
	at ptolemy.actor.Manager.iterate(Manager.java:851)
	at ptolemy.actor.Manager.execute(Manager.java:369)
	at ptolemy.actor.Manager.run(Manager.java:1263)
	at ptolemy.actor.Manager$PtolemyRunThread.run(Manager.java:1915)

    while executing
ptolemy.kernel.util.IllegalActionException: Test fails in iteration 1.
Value was: 1.0. Should have been: 2.0
  in .DirectFeedback.Test
    while executing
"java::new ptolemy.moml.MoMLSimpleApplication $file
"
    (procedure "createAndExecute" line 2)
    invoked from within
"createAndExecute $file"
    ("uplevel" body line 5)
    invoked from within
"uplevel $contents_of_test"
------------------ testing $PTII/ptolemy/domains/de/test/auto/ActorDepthCalculation_actorWithoutPorts.xml
auto.tcl: Setting watchdog for 200 seconds at Thu Jul 12 02:01:38 UTC 2018
6 ms. Memory: 146944K Free: 132436K (90%)
ptolemy.util.test.WatchDog.cancel(): canceling Thu Jul 12 02:01:38 UTC 2018
auto.tcl: Setting watchdog for 200 seconds at Thu Jul 12 02:01:38 UTC 2018
4 ms. Memory: 146944K Free: 131395K (89%)
ptolemy.util.test.WatchDog.cancel(): canceling Thu Jul 12 02:01:38 UTC 2018
------------------ testing $PTII/ptolemy/domains/de/test/auto/AssemblyLine.xml
auto.tcl: Setting watchdog for 200 seconds at Thu Jul 12 02:01:38 UTC 2018
11 ms. Memory: 208384K Free: 182829K (88%)
ptolemy.util.test.WatchDog.cancel(): canceling Thu Jul 12 02:01:38 UTC 2018
auto.tcl: Setting watchdog for 200 seconds at Thu Jul 12 02:01:38 UTC 2018
7 ms. Memory: 208384K Free: 182829K (88%)
ptolemy.util.test.WatchDog.cancel(): canceling Thu Jul 12 02:01:38 UTC 2018
------------------ testing $PTII/ptolemy/domains/de/test/auto/CQBug1.xml
auto.tcl: Setting watchdog for 200 seconds at Thu Jul 12 02:01:39 UTC 2018
11 ms. Memory: 208384K Free: 197711K (95%)
ptolemy.util.test.WatchDog.cancel(): canceling Thu Jul 12 02:01:39 UTC 2018
auto.tcl: Setting watchdog for 200 seconds at Thu Jul 12 02:01:39 UTC 2018
1 ms. Memory: 208384K Free: 197711K (95%)
ptolemy.util.test.WatchDog.cancel(): canceling Thu Jul 12 02:01:39 UTC 2018
------------------ testing $PTII/ptolemy/domains/de/test/auto/CancelFireAt.xml
auto.tcl: Setting watchdog for 200 seconds at Thu Jul 12 02:01:39 UTC 2018
22 ms. Memory: 208384K Free: 201435K (97%)
ptolemy.util.test.WatchDog.cancel(): canceling Thu Jul 12 02:01:39 UTC 2018
auto.tcl: Setting watchdog for 200 seconds at Thu Jul 12 02:01:39 UTC 2018
4 ms. Memory: 208384K Free: 199331K (96%)
ptolemy.util.test.WatchDog.cancel(): canceling Thu Jul 12 02:01:39 UTC 2018
------------------ testing $PTII/ptolemy/domains/de/test/auto/CausalityAndComposabilityAnalysis.xml
auto.tcl: Setting watchdog for 200 seconds at Thu Jul 12 02:01:39 UTC 2018
7 ms. Memory: 208384K Free: 196488K (94%)
ptolemy.util.test.WatchDog.cancel(): canceling Thu Jul 12 02:01:39 UTC 2018
auto.tcl: Setting watchdog for 200 seconds at Thu Jul 12 02:01:39 UTC 2018
5 ms. Memory: 208384K Free: 196488K (94%)
ptolemy.util.test.WatchDog.cancel(): canceling Thu Jul 12 02:01:39 UTC 2018
------------------ testing $PTII/ptolemy/domains/de/test/auto/CausalityInterface1.xml
auto.tcl: Setting watchdog for 200 seconds at Thu Jul 12 02:01:39 UTC 2018
12 ms. Memory: 208384K Free: 196425K (94%)
ptolemy.util.test.WatchDog.cancel(): canceling Thu Jul 12 02:01:39 UTC 2018
auto.tcl: Setting watchdog for 200 seconds at Thu Jul 12 02:01:39 UTC 2018
12 ms. Memory: 208384K Free: 196425K (94%)
ptolemy.util.test.WatchDog.cancel(): canceling Thu Jul 12 02:01:39 UTC 2018
------------------ testing $PTII/ptolemy/domains/de/test/auto/CausalityInterface15.xml
auto.tcl: Setting watchdog for 200 seconds at Thu Jul 12 02:01:39 UTC 2018
12 ms. Memory: 208384K Free: 196417K (94%)
ptolemy.util.test.WatchDog.cancel(): canceling Thu Jul 12 02:01:39 UTC 2018
auto.tcl: Setting watchdog for 200 seconds at Thu Jul 12 02:01:39 UTC 2018
4 ms. Memory: 208384K Free: 196417K (94%)
ptolemy.util.test.WatchDog.cancel(): canceling Thu Jul 12 02:01:39 UTC 2018
------------------ testing $PTII/ptolemy/domains/de/test/auto/CausalityInterface2.xml
auto.tcl: Setting watchdog for 200 seconds at Thu Jul 12 02:01:39 UTC 2018
4 ms. Memory: 208384K Free: 196400K (94%)
ptolemy.util.test.WatchDog.cancel(): canceling Thu Jul 12 02:01:39 UTC 2018
auto.tcl: Setting watchdog for 200 seconds at Thu Jul 12 02:01:39 UTC 2018
5 ms. Memory: 208384K Free: 196400K (94%)
ptolemy.util.test.WatchDog.cancel(): canceling Thu Jul 12 02:01:39 UTC 2018
------------------ testing $PTII/ptolemy/domains/de/test/auto/CausalityInterface3.xml
auto.tcl: Setting watchdog for 200 seconds at Thu Jul 12 02:01:39 UTC 2018
8 ms. Memory: 208384K Free: 196413K (94%)
ptolemy.util.test.WatchDog.cancel(): canceling Thu Jul 12 02:01:39 UTC 2018
auto.tcl: Setting watchdog for 200 seconds at Thu Jul 12 02:01:39 UTC 2018
3 ms. Memory: 208384K Free: 196413K (94%)
ptolemy.util.test.WatchDog.cancel(): canceling Thu Jul 12 02:01:39 UTC 2018
------------------ testing $PTII/ptolemy/domains/de/test/auto/ClockDrift.xml
auto.tcl: Setting watchdog for 200 seconds at Thu Jul 12 02:01:39 UTC 2018
95 ms. Memory: 208384K Free: 187635K (90%)
ptolemy.util.test.WatchDog.cancel(): canceling Thu Jul 12 02:01:39 UTC 2018
auto.tcl: Setting watchdog for 200 seconds at Thu Jul 12 02:01:39 UTC 2018
63 ms. Memory: 208384K Free: 185531K (89%)
ptolemy.util.test.WatchDog.cancel(): canceling Thu Jul 12 02:01:40 UTC 2018
------------------ testing $PTII/ptolemy/domains/de/test/auto/ClockDriftAndValueChange.xml
auto.tcl: Setting watchdog for 200 seconds at Thu Jul 12 02:01:40 UTC 2018
27 ms. Memory: 208384K Free: 187468K (90%)
ptolemy.util.test.WatchDog.cancel(): canceling Thu Jul 12 02:01:40 UTC 2018
auto.tcl: Setting watchdog for 200 seconds at Thu Jul 12 02:01:40 UTC 2018
30 ms. Memory: 208384K Free: 185364K (89%)
ptolemy.util.test.WatchDog.cancel(): canceling Thu Jul 12 02:01:40 UTC 2018
------------------ testing $PTII/ptolemy/domains/de/test/auto/ClockDriftChange.xml
auto.tcl: Setting watchdog for 200 seconds at Thu Jul 12 02:01:40 UTC 2018
37 ms. Memory: 208384K Free: 190795K (92%)
ptolemy.util.test.WatchDog.cancel(): canceling Thu Jul 12 02:01:40 UTC 2018
auto.tcl: Setting watchdog for 200 seconds at Thu Jul 12 02:01:40 UTC 2018
29 ms. Memory: 208384K Free: 188692K (91%)
ptolemy.util.test.WatchDog.cancel(): canceling Thu Jul 12 02:01:40 UTC 2018
------------------ testing $PTII/ptolemy/domains/de/test/auto/ComposableCausalityAnalysis.xml
auto.tcl: Setting watchdog for 200 seconds at Thu Jul 12 02:01:40 UTC 2018
2 ms. Memory: 208384K Free: 196268K (94%)
ptolemy.util.test.WatchDog.cancel(): canceling Thu Jul 12 02:01:40 UTC 2018
auto.tcl: Setting watchdog for 200 seconds at Thu Jul 12 02:01:40 UTC 2018
2 ms. Memory: 208384K Free: 194165K (93%)
ptolemy.util.test.WatchDog.cancel(): canceling Thu Jul 12 02:01:40 UTC 2018
------------------ testing $PTII/ptolemy/domains/de/test/auto/DEFixedPointLimitation.xml
auto.tcl: Setting watchdog for 200 seconds at Thu Jul 12 02:01:40 UTC 2018
1 ms. Memory: 208384K Free: 196349K (94%)
ptolemy.util.test.WatchDog.cancel(): canceling Thu Jul 12 02:01:40 UTC 2018
auto.tcl: Setting watchdog for 200 seconds at Thu Jul 12 02:01:40 UTC 2018
1 ms. Memory: 208384K Free: 196349K (94%)
ptolemy.util.test.WatchDog.cancel(): canceling Thu Jul 12 02:01:40 UTC 2018
------------------ testing $PTII/ptolemy/domains/de/test/auto/DEScheduleTest.xml
auto.tcl: Setting watchdog for 200 seconds at Thu Jul 12 02:01:40 UTC 2018
3 ms. Memory: 208384K Free: 198488K (95%)
ptolemy.util.test.WatchDog.cancel(): canceling Thu Jul 12 02:01:40 UTC 2018
auto.tcl: Setting watchdog for 200 seconds at Thu Jul 12 02:01:40 UTC 2018
6 ms. Memory: 208384K Free: 196385K (94%)
ptolemy.util.test.WatchDog.cancel(): canceling Thu Jul 12 02:01:40 UTC 2018
------------------ testing $PTII/ptolemy/domains/de/test/auto/DEinDEwithStartTimes.xml
auto.tcl: Setting watchdog for 200 seconds at Thu Jul 12 02:01:40 UTC 2018
4 ms. Memory: 208384K Free: 196354K (94%)
ptolemy.util.test.WatchDog.cancel(): canceling Thu Jul 12 02:01:40 UTC 2018
auto.tcl: Setting watchdog for 200 seconds at Thu Jul 12 02:01:40 UTC 2018
3 ms. Memory: 208384K Free: 194251K (93%)
ptolemy.util.test.WatchDog.cancel(): canceling Thu Jul 12 02:01:40 UTC 2018
------------------ testing $PTII/ptolemy/domains/de/test/auto/DEinDEwithStartTimes2.xml
auto.tcl: Setting watchdog for 200 seconds at Thu Jul 12 02:01:40 UTC 2018
4 ms. Memory: 208384K Free: 196333K (94%)
ptolemy.util.test.WatchDog.cancel(): canceling Thu Jul 12 02:01:40 UTC 2018
auto.tcl: Setting watchdog for 200 seconds at Thu Jul 12 02:01:40 UTC 2018
3 ms. Memory: 208384K Free: 194230K (93%)
ptolemy.util.test.WatchDog.cancel(): canceling Thu Jul 12 02:01:40 UTC 2018
------------------ testing $PTII/ptolemy/domains/de/test/auto/DateDemo.xml
auto.tcl: Setting watchdog for 200 seconds at Thu Jul 12 02:01:40 UTC 2018
8 ms. Memory: 208384K Free: 188751K (91%)
ptolemy.util.test.WatchDog.cancel(): canceling Thu Jul 12 02:01:40 UTC 2018
auto.tcl: Setting watchdog for 200 seconds at Thu Jul 12 02:01:40 UTC 2018
11 ms. Memory: 208384K Free: 186648K (90%)
ptolemy.util.test.WatchDog.cancel(): canceling Thu Jul 12 02:01:40 UTC 2018
------------------ testing $PTII/ptolemy/domains/de/test/auto/DateToEvent.xml
auto.tcl: Setting watchdog for 200 seconds at Thu Jul 12 02:01:40 UTC 2018
2010 ms. Memory: 208384K Free: 183463K (88%)
ptolemy.util.test.WatchDog.cancel(): canceling Thu Jul 12 02:01:43 UTC 2018
auto.tcl: Setting watchdog for 200 seconds at Thu Jul 12 02:01:43 UTC 2018
2004 ms. Memory: 208384K Free: 183463K (88%)
ptolemy.util.test.WatchDog.cancel(): canceling Thu Jul 12 02:01:45 UTC 2018
------------------ testing $PTII/ptolemy/domains/de/test/auto/DepthTest1.xml
auto.tcl: Setting watchdog for 200 seconds at Thu Jul 12 02:01:45 UTC 2018
3 ms. Memory: 208384K Free: 198014K (95%)
ptolemy.util.test.WatchDog.cancel(): canceling Thu Jul 12 02:01:45 UTC 2018
auto.tcl: Setting watchdog for 200 seconds at Thu Jul 12 02:01:45 UTC 2018
2 ms. Memory: 208384K Free: 198014K (95%)
ptolemy.util.test.WatchDog.cancel(): canceling Thu Jul 12 02:01:45 UTC 2018
------------------ testing $PTII/ptolemy/domains/de/test/auto/DepthTest2.xml
auto.tcl: Setting watchdog for 200 seconds at Thu Jul 12 02:01:45 UTC 2018
7 ms. Memory: 208384K Free: 194209K (93%)
ptolemy.util.test.WatchDog.cancel(): canceling Thu Jul 12 02:01:45 UTC 2018
auto.tcl: Setting watchdog for 200 seconds at Thu Jul 12 02:01:45 UTC 2018
5 ms. Memory: 208384K Free: 194209K (93%)
ptolemy.util.test.WatchDog.cancel(): canceling Thu Jul 12 02:01:45 UTC 2018
------------------ testing $PTII/ptolemy/domains/de/test/auto/DepthTest3.xml
auto.tcl: Setting watchdog for 200 seconds at Thu Jul 12 02:01:45 UTC 2018
2 ms. Memory: 208384K Free: 198687K (95%)
ptolemy.util.test.WatchDog.cancel(): canceling Thu Jul 12 02:01:45 UTC 2018
auto.tcl: Setting watchdog for 200 seconds at Thu Jul 12 02:01:45 UTC 2018
1 ms. Memory: 208384K Free: 198687K (95%)
ptolemy.util.test.WatchDog.cancel(): canceling Thu Jul 12 02:01:45 UTC 2018
------------------ testing $PTII/ptolemy/domains/de/test/auto/DepthTest4.xml
auto.tcl: Setting watchdog for 200 seconds at Thu Jul 12 02:01:45 UTC 2018
6 ms. Memory: 208384K Free: 196334K (94%)
ptolemy.util.test.WatchDog.cancel(): canceling Thu Jul 12 02:01:45 UTC 2018
auto.tcl: Setting watchdog for 200 seconds at Thu Jul 12 02:01:45 UTC 2018
2 ms. Memory: 208384K Free: 196334K (94%)
ptolemy.util.test.WatchDog.cancel(): canceling Thu Jul 12 02:01:45 UTC 2018
------------------ testing $PTII/ptolemy/domains/de/test/auto/DepthTest5.xml
auto.tcl: Setting watchdog for 200 seconds at Thu Jul 12 02:01:45 UTC 2018
6 ms. Memory: 208384K Free: 196281K (94%)
ptolemy.util.test.WatchDog.cancel(): canceling Thu Jul 12 02:01:45 UTC 2018
auto.tcl: Setting watchdog for 200 seconds at Thu Jul 12 02:01:45 UTC 2018
2 ms. Memory: 208384K Free: 196281K (94%)
ptolemy.util.test.WatchDog.cancel(): canceling Thu Jul 12 02:01:45 UTC 2018
------------------ testing $PTII/ptolemy/domains/de/test/auto/DepthTest6.xml
auto.tcl: Setting watchdog for 200 seconds at Thu Jul 12 02:01:45 UTC 2018
9 ms. Memory: 208384K Free: 196594K (94%)
ptolemy.util.test.WatchDog.cancel(): canceling Thu Jul 12 02:01:45 UTC 2018
auto.tcl: Setting watchdog for 200 seconds at Thu Jul 12 02:01:45 UTC 2018
3 ms. Memory: 208384K Free: 196594K (94%)
ptolemy.util.test.WatchDog.cancel(): canceling Thu Jul 12 02:01:45 UTC 2018
------------------ testing $PTII/ptolemy/domains/de/test/auto/DepthTest7.xml
auto.tcl: Setting watchdog for 200 seconds at Thu Jul 12 02:01:45 UTC 2018
2 ms. Memory: 208384K Free: 196238K (94%)
ptolemy.util.test.WatchDog.cancel(): canceling Thu Jul 12 02:01:45 UTC 2018
auto.tcl: Setting watchdog for 200 seconds at Thu Jul 12 02:01:45 UTC 2018
2 ms. Memory: 208384K Free: 196238K (94%)
ptolemy.util.test.WatchDog.cancel(): canceling Thu Jul 12 02:01:45 UTC 2018
------------------ testing $PTII/ptolemy/domains/de/test/auto/EventToDate.xml
auto.tcl: Setting watchdog for 200 seconds at Thu Jul 12 02:01:45 UTC 2018
3010 ms. Memory: 208384K Free: 183284K (88%)
ptolemy.util.test.WatchDog.cancel(): canceling Thu Jul 12 02:01:48 UTC 2018
auto.tcl: Setting watchdog for 200 seconds at Thu Jul 12 02:01:48 UTC 2018
3006 ms. Memory: 208384K Free: 183284K (88%)
ptolemy.util.test.WatchDog.cancel(): canceling Thu Jul 12 02:01:51 UTC 2018
------------------ testing $PTII/ptolemy/domains/de/test/auto/FSM1.xml
auto.tcl: Setting watchdog for 200 seconds at Thu Jul 12 02:01:51 UTC 2018
41 ms. Memory: 208384K Free: 189283K (91%)
ptolemy.util.test.WatchDog.cancel(): canceling Thu Jul 12 02:01:51 UTC 2018
auto.tcl: Setting watchdog for 200 seconds at Thu Jul 12 02:01:51 UTC 2018
14 ms. Memory: 208384K Free: 185076K (89%)
ptolemy.util.test.WatchDog.cancel(): canceling Thu Jul 12 02:01:51 UTC 2018
------------------ testing $PTII/ptolemy/domains/de/test/auto/FSM7.xml
auto.tcl: Setting watchdog for 200 seconds at Thu Jul 12 02:01:51 UTC 2018
16 ms. Memory: 208384K Free: 187382K (90%)
ptolemy.util.test.WatchDog.cancel(): canceling Thu Jul 12 02:01:51 UTC 2018
auto.tcl: Setting watchdog for 200 seconds at Thu Jul 12 02:01:51 UTC 2018
12 ms. Memory: 208384K Free: 185279K (89%)
ptolemy.util.test.WatchDog.cancel(): canceling Thu Jul 12 02:01:51 UTC 2018
------------------ testing $PTII/ptolemy/domains/de/test/auto/Inspection.xml
auto.tcl: Setting watchdog for 200 seconds at Thu Jul 12 02:01:52 UTC 2018
23 ms. Memory: 208384K Free: 188598K (91%)
ptolemy.util.test.WatchDog.cancel(): canceling Thu Jul 12 02:01:52 UTC 2018
auto.tcl: Setting watchdog for 200 seconds at Thu Jul 12 02:01:52 UTC 2018
24 ms. Memory: 208384K Free: 186494K (89%)
ptolemy.util.test.WatchDog.cancel(): canceling Thu Jul 12 02:01:52 UTC 2018
------------------ testing $PTII/ptolemy/domains/de/test/auto/Iteration.xml
auto.tcl: Setting watchdog for 200 seconds at Thu Jul 12 02:01:52 UTC 2018
9 ms. Memory: 208384K Free: 196383K (94%)
ptolemy.util.test.WatchDog.cancel(): canceling Thu Jul 12 02:01:52 UTC 2018
auto.tcl: Setting watchdog for 200 seconds at Thu Jul 12 02:01:52 UTC 2018
8 ms. Memory: 208384K Free: 193942K (93%)
ptolemy.util.test.WatchDog.cancel(): canceling Thu Jul 12 02:01:52 UTC 2018
------------------ testing $PTII/ptolemy/domains/de/test/auto/LineFault.xml
auto.tcl: Setting watchdog for 200 seconds at Thu Jul 12 02:01:52 UTC 2018
702 ms. Memory: 208384K Free: 196162K (94%)
ptolemy.util.test.WatchDog.cancel(): canceling Thu Jul 12 02:01:53 UTC 2018
auto.tcl: Setting watchdog for 200 seconds at Thu Jul 12 02:01:53 UTC 2018
530 ms. Memory: 208384K Free: 138733K (67%)
ptolemy.util.test.WatchDog.cancel(): canceling Thu Jul 12 02:01:53 UTC 2018
------------------ testing $PTII/ptolemy/domains/de/test/auto/MergeModel1Add.xml
auto.tcl: Setting watchdog for 200 seconds at Thu Jul 12 02:01:53 UTC 2018
15 ms. Memory: 331264K Free: 298817K (90%)
ptolemy.util.test.WatchDog.cancel(): canceling Thu Jul 12 02:01:53 UTC 2018
auto.tcl: Setting watchdog for 200 seconds at Thu Jul 12 02:01:53 UTC 2018
9 ms. Memory: 331264K Free: 298817K (90%)
ptolemy.util.test.WatchDog.cancel(): canceling Thu Jul 12 02:01:53 UTC 2018
------------------ testing $PTII/ptolemy/domains/de/test/auto/MergeModel2Add.xml
auto.tcl: Setting watchdog for 200 seconds at Thu Jul 12 02:01:53 UTC 2018
12 ms. Memory: 331264K Free: 304128K (92%)
ptolemy.util.test.WatchDog.cancel(): canceling Thu Jul 12 02:01:54 UTC 2018
auto.tcl: Setting watchdog for 200 seconds at Thu Jul 12 02:01:54 UTC 2018
7 ms. Memory: 331264K Free: 300179K (91%)
ptolemy.util.test.WatchDog.cancel(): canceling Thu Jul 12 02:01:54 UTC 2018
------------------ testing $PTII/ptolemy/domains/de/test/auto/MergeModel3Add.xml
auto.tcl: Setting watchdog for 200 seconds at Thu Jul 12 02:01:54 UTC 2018
11 ms. Memory: 331264K Free: 304130K (92%)
ptolemy.util.test.WatchDog.cancel(): canceling Thu Jul 12 02:01:54 UTC 2018
auto.tcl: Setting watchdog for 200 seconds at Thu Jul 12 02:01:54 UTC 2018
9 ms. Memory: 331264K Free: 300182K (91%)
ptolemy.util.test.WatchDog.cancel(): canceling Thu Jul 12 02:01:54 UTC 2018
------------------ testing $PTII/ptolemy/domains/de/test/auto/MergeWithoutDiscard.xml
auto.tcl: Setting watchdog for 200 seconds at Thu Jul 12 02:01:54 UTC 2018
2 ms. Memory: 331264K Free: 320237K (97%)
ptolemy.util.test.WatchDog.cancel(): canceling Thu Jul 12 02:01:54 UTC 2018
auto.tcl: Setting watchdog for 200 seconds at Thu Jul 12 02:01:54 UTC 2018
2 ms. Memory: 331264K Free: 316289K (95%)
ptolemy.util.test.WatchDog.cancel(): canceling Thu Jul 12 02:01:54 UTC 2018
------------------ testing $PTII/ptolemy/domains/de/test/auto/Modal1.xml
auto.tcl: Setting watchdog for 200 seconds at Thu Jul 12 02:01:54 UTC 2018
11 ms. Memory: 331264K Free: 309881K (94%)
ptolemy.util.test.WatchDog.cancel(): canceling Thu Jul 12 02:01:54 UTC 2018
auto.tcl: Setting watchdog for 200 seconds at Thu Jul 12 02:01:54 UTC 2018
11 ms. Memory: 331264K Free: 305932K (92%)
ptolemy.util.test.WatchDog.cancel(): canceling Thu Jul 12 02:01:54 UTC 2018
------------------ testing $PTII/ptolemy/domains/de/test/auto/Modal2.xml
auto.tcl: Setting watchdog for 200 seconds at Thu Jul 12 02:01:54 UTC 2018
10 ms. Memory: 331264K Free: 309762K (94%)
ptolemy.util.test.WatchDog.cancel(): canceling Thu Jul 12 02:01:54 UTC 2018
auto.tcl: Setting watchdog for 200 seconds at Thu Jul 12 02:01:54 UTC 2018
14 ms. Memory: 331264K Free: 305814K (92%)
ptolemy.util.test.WatchDog.cancel(): canceling Thu Jul 12 02:01:54 UTC 2018
------------------ testing $PTII/ptolemy/domains/de/test/auto/Modal3.xml
auto.tcl: Setting watchdog for 200 seconds at Thu Jul 12 02:01:54 UTC 2018
17 ms. Memory: 331264K Free: 309753K (94%)
ptolemy.util.test.WatchDog.cancel(): canceling Thu Jul 12 02:01:54 UTC 2018
auto.tcl: Setting watchdog for 200 seconds at Thu Jul 12 02:01:54 UTC 2018
8 ms. Memory: 331264K Free: 305789K (92%)
ptolemy.util.test.WatchDog.cancel(): canceling Thu Jul 12 02:01:54 UTC 2018
------------------ testing $PTII/ptolemy/domains/de/test/auto/Modal4.xml
auto.tcl: Setting watchdog for 200 seconds at Thu Jul 12 02:01:54 UTC 2018
26 ms. Memory: 331264K Free: 309774K (94%)
ptolemy.util.test.WatchDog.cancel(): canceling Thu Jul 12 02:01:54 UTC 2018
auto.tcl: Setting watchdog for 200 seconds at Thu Jul 12 02:01:54 UTC 2018
12 ms. Memory: 331264K Free: 305818K (92%)
ptolemy.util.test.WatchDog.cancel(): canceling Thu Jul 12 02:01:54 UTC 2018
------------------ testing $PTII/ptolemy/domains/de/test/auto/Modal5.xml
auto.tcl: Setting watchdog for 200 seconds at Thu Jul 12 02:01:54 UTC 2018
19 ms. Memory: 331264K Free: 309761K (94%)
ptolemy.util.test.WatchDog.cancel(): canceling Thu Jul 12 02:01:54 UTC 2018
auto.tcl: Setting watchdog for 200 seconds at Thu Jul 12 02:01:54 UTC 2018
11 ms. Memory: 331264K Free: 305805K (92%)
ptolemy.util.test.WatchDog.cancel(): canceling Thu Jul 12 02:01:54 UTC 2018
------------------ testing $PTII/ptolemy/domains/de/test/auto/Modal6.xml
auto.tcl: Setting watchdog for 200 seconds at Thu Jul 12 02:01:54 UTC 2018
11 ms. Memory: 331264K Free: 309758K (94%)
ptolemy.util.test.WatchDog.cancel(): canceling Thu Jul 12 02:01:54 UTC 2018
auto.tcl: Setting watchdog for 200 seconds at Thu Jul 12 02:01:54 UTC 2018
12 ms. Memory: 331264K Free: 305794K (92%)
ptolemy.util.test.WatchDog.cancel(): canceling Thu Jul 12 02:01:54 UTC 2018
------------------ testing $PTII/ptolemy/domains/de/test/auto/Modal7.xml
auto.tcl: Setting watchdog for 200 seconds at Thu Jul 12 02:01:55 UTC 2018
9 ms. Memory: 331264K Free: 309750K (94%)
ptolemy.util.test.WatchDog.cancel(): canceling Thu Jul 12 02:01:55 UTC 2018
auto.tcl: Setting watchdog for 200 seconds at Thu Jul 12 02:01:55 UTC 2018
10 ms. Memory: 331264K Free: 305801K (92%)
ptolemy.util.test.WatchDog.cancel(): canceling Thu Jul 12 02:01:55 UTC 2018
------------------ testing $PTII/ptolemy/domains/de/test/auto/ModalModel.xml
auto.tcl: Setting watchdog for 200 seconds at Thu Jul 12 02:01:55 UTC 2018
162 ms. Memory: 331264K Free: 243597K (74%)
ptolemy.util.test.WatchDog.cancel(): canceling Thu Jul 12 02:01:55 UTC 2018
auto.tcl: Setting watchdog for 200 seconds at Thu Jul 12 02:01:55 UTC 2018
161 ms. Memory: 331264K Free: 188171K (57%)
ptolemy.util.test.WatchDog.cancel(): canceling Thu Jul 12 02:01:55 UTC 2018
------------------ testing $PTII/ptolemy/domains/de/test/auto/ModalSource.xml
auto.tcl: Setting watchdog for 200 seconds at Thu Jul 12 02:01:55 UTC 2018
9 ms. Memory: 331264K Free: 316580K (96%)
ptolemy.util.test.WatchDog.cancel(): canceling Thu Jul 12 02:01:55 UTC 2018
auto.tcl: Setting watchdog for 200 seconds at Thu Jul 12 02:01:55 UTC 2018
6 ms. Memory: 331264K Free: 313082K (95%)
ptolemy.util.test.WatchDog.cancel(): canceling Thu Jul 12 02:01:55 UTC 2018
------------------ testing $PTII/ptolemy/domains/de/test/auto/NonInterruptibleTimerZeroDelay.xml
auto.tcl: Setting watchdog for 200 seconds at Thu Jul 12 02:01:55 UTC 2018
3 ms. Memory: 331264K Free: 320924K (97%)
ptolemy.util.test.WatchDog.cancel(): canceling Thu Jul 12 02:01:55 UTC 2018
auto.tcl: Setting watchdog for 200 seconds at Thu Jul 12 02:01:55 UTC 2018
2 ms. Memory: 331264K Free: 317426K (96%)
ptolemy.util.test.WatchDog.cancel(): canceling Thu Jul 12 02:01:55 UTC 2018
------------------ testing $PTII/ptolemy/domains/de/test/auto/OpenQueueingNetwork.xml
auto.tcl: Setting watchdog for 200 seconds at Thu Jul 12 02:01:55 UTC 2018
2594 ms. Memory: 573952K Free: 421905K (74%)
ptolemy.util.test.WatchDog.cancel(): canceling Thu Jul 12 02:01:58 UTC 2018
auto.tcl: Setting watchdog for 200 seconds at Thu Jul 12 02:01:58 UTC 2018
2145 ms. Memory: 550912K Free: 321153K (58%)
ptolemy.util.test.WatchDog.cancel(): canceling Thu Jul 12 02:02:00 UTC 2018
------------------ testing $PTII/ptolemy/domains/de/test/auto/OpenQueuingNetwork.xml
auto.tcl: Setting watchdog for 200 seconds at Thu Jul 12 02:02:00 UTC 2018
231 ms. Memory: 549888K Free: 445554K (81%)
ptolemy.util.test.WatchDog.cancel(): canceling Thu Jul 12 02:02:00 UTC 2018
auto.tcl: Setting watchdog for 200 seconds at Thu Jul 12 02:02:00 UTC 2018
210 ms. Memory: 549888K Free: 385585K (70%)
ptolemy.util.test.WatchDog.cancel(): canceling Thu Jul 12 02:02:01 UTC 2018
------------------ testing $PTII/ptolemy/domains/de/test/auto/PeriodicSampler.xml
auto.tcl: Setting watchdog for 200 seconds at Thu Jul 12 02:02:01 UTC 2018
2 ms. Memory: 551936K Free: 531894K (96%)
ptolemy.util.test.WatchDog.cancel(): canceling Thu Jul 12 02:02:01 UTC 2018
auto.tcl: Setting watchdog for 200 seconds at Thu Jul 12 02:02:01 UTC 2018
1 ms. Memory: 551936K Free: 531894K (96%)
ptolemy.util.test.WatchDog.cancel(): canceling Thu Jul 12 02:02:01 UTC 2018
------------------ testing $PTII/ptolemy/domains/de/test/auto/PersistentIO.xml
auto.tcl: Setting watchdog for 200 seconds at Thu Jul 12 02:02:01 UTC 2018
4 ms. Memory: 549376K Free: 524710K (96%)
ptolemy.util.test.WatchDog.cancel(): canceling Thu Jul 12 02:02:01 UTC 2018
auto.tcl: Setting watchdog for 200 seconds at Thu Jul 12 02:02:01 UTC 2018
4 ms. Memory: 549376K Free: 524710K (96%)
ptolemy.util.test.WatchDog.cancel(): canceling Thu Jul 12 02:02:01 UTC 2018
------------------ testing $PTII/ptolemy/domains/de/test/auto/PortParameterResetOnInitialize.xml
auto.tcl: Setting watchdog for 200 seconds at Thu Jul 12 02:02:01 UTC 2018
2 ms. Memory: 551424K Free: 531842K (96%)
ptolemy.util.test.WatchDog.cancel(): canceling Thu Jul 12 02:02:01 UTC 2018
auto.tcl: Setting watchdog for 200 seconds at Thu Jul 12 02:02:01 UTC 2018
2 ms. Memory: 551424K Free: 531842K (96%)
ptolemy.util.test.WatchDog.cancel(): canceling Thu Jul 12 02:02:01 UTC 2018
------------------ testing $PTII/ptolemy/domains/de/test/auto/PortParameterUpdates.xml
auto.tcl: Setting watchdog for 200 seconds at Thu Jul 12 02:02:01 UTC 2018
6 ms. Memory: 549376K Free: 534837K (97%)
ptolemy.util.test.WatchDog.cancel(): canceling Thu Jul 12 02:02:01 UTC 2018
auto.tcl: Setting watchdog for 200 seconds at Thu Jul 12 02:02:01 UTC 2018
4 ms. Memory: 549376K Free: 529385K (96%)
ptolemy.util.test.WatchDog.cancel(): canceling Thu Jul 12 02:02:01 UTC 2018
------------------ testing $PTII/ptolemy/domains/de/test/auto/QueueAndServer.xml
auto.tcl: Setting watchdog for 200 seconds at Thu Jul 12 02:02:01 UTC 2018
8 ms. Memory: 551424K Free: 531151K (96%)
ptolemy.util.test.WatchDog.cancel(): canceling Thu Jul 12 02:02:01 UTC 2018
auto.tcl: Setting watchdog for 200 seconds at Thu Jul 12 02:02:01 UTC 2018
5 ms. Memory: 551424K Free: 531151K (96%)
ptolemy.util.test.WatchDog.cancel(): canceling Thu Jul 12 02:02:01 UTC 2018
------------------ testing $PTII/ptolemy/domains/de/test/auto/Records.xml
auto.tcl: Setting watchdog for 200 seconds at Thu Jul 12 02:02:01 UTC 2018
9 ms. Memory: 549376K Free: 534513K (97%)
ptolemy.util.test.WatchDog.cancel(): canceling Thu Jul 12 02:02:01 UTC 2018
auto.tcl: Setting watchdog for 200 seconds at Thu Jul 12 02:02:01 UTC 2018
2 ms. Memory: 549376K Free: 529062K (96%)
ptolemy.util.test.WatchDog.cancel(): canceling Thu Jul 12 02:02:01 UTC 2018
------------------ testing $PTII/ptolemy/domains/de/test/auto/ResetTransitionWithStartTime1.xml
auto.tcl: Setting watchdog for 200 seconds at Thu Jul 12 02:02:01 UTC 2018
9 ms. Memory: 551424K Free: 531348K (96%)
ptolemy.util.test.WatchDog.cancel(): canceling Thu Jul 12 02:02:01 UTC 2018
auto.tcl: Setting watchdog for 200 seconds at Thu Jul 12 02:02:01 UTC 2018
8 ms. Memory: 551424K Free: 531119K (96%)
ptolemy.util.test.WatchDog.cancel(): canceling Thu Jul 12 02:02:01 UTC 2018
------------------ testing $PTII/ptolemy/domains/de/test/auto/ResetTransitionWithStartTime2.xml
auto.tcl: Setting watchdog for 200 seconds at Thu Jul 12 02:02:01 UTC 2018
11 ms. Memory: 549376K Free: 529291K (96%)
ptolemy.util.test.WatchDog.cancel(): canceling Thu Jul 12 02:02:01 UTC 2018
auto.tcl: Setting watchdog for 200 seconds at Thu Jul 12 02:02:01 UTC 2018
6 ms. Memory: 549376K Free: 529291K (96%)
ptolemy.util.test.WatchDog.cancel(): canceling Thu Jul 12 02:02:01 UTC 2018
------------------ testing $PTII/ptolemy/domains/de/test/auto/ResetTransitionWithStartTime3.xml
auto.tcl: Setting watchdog for 200 seconds at Thu Jul 12 02:02:01 UTC 2018
8 ms. Memory: 550912K Free: 530596K (96%)
ptolemy.util.test.WatchDog.cancel(): canceling Thu Jul 12 02:02:01 UTC 2018
auto.tcl: Setting watchdog for 200 seconds at Thu Jul 12 02:02:01 UTC 2018
6 ms. Memory: 550912K Free: 530596K (96%)
ptolemy.util.test.WatchDog.cancel(): canceling Thu Jul 12 02:02:01 UTC 2018
------------------ testing $PTII/ptolemy/domains/de/test/auto/ResetTransitionWithStartTime4.xml
auto.tcl: Setting watchdog for 200 seconds at Thu Jul 12 02:02:01 UTC 2018
7 ms. Memory: 549376K Free: 529058K (96%)
ptolemy.util.test.WatchDog.cancel(): canceling Thu Jul 12 02:02:01 UTC 2018
auto.tcl: Setting watchdog for 200 seconds at Thu Jul 12 02:02:01 UTC 2018
4 ms. Memory: 549376K Free: 529058K (96%)
ptolemy.util.test.WatchDog.cancel(): canceling Thu Jul 12 02:02:01 UTC 2018
------------------ testing $PTII/ptolemy/domains/de/test/auto/ResettableTimer1.xml
auto.tcl: Setting watchdog for 200 seconds at Thu Jul 12 02:02:01 UTC 2018
2 ms. Memory: 550912K Free: 536057K (97%)
ptolemy.util.test.WatchDog.cancel(): canceling Thu Jul 12 02:02:01 UTC 2018
auto.tcl: Setting watchdog for 200 seconds at Thu Jul 12 02:02:01 UTC 2018
2 ms. Memory: 550912K Free: 536057K (97%)
ptolemy.util.test.WatchDog.cancel(): canceling Thu Jul 12 02:02:02 UTC 2018
------------------ testing $PTII/ptolemy/domains/de/test/auto/ResettableTimer2.xml
auto.tcl: Setting watchdog for 200 seconds at Thu Jul 12 02:02:02 UTC 2018
2 ms. Memory: 549376K Free: 534809K (97%)
ptolemy.util.test.WatchDog.cancel(): canceling Thu Jul 12 02:02:02 UTC 2018
auto.tcl: Setting watchdog for 200 seconds at Thu Jul 12 02:02:02 UTC 2018
2 ms. Memory: 549376K Free: 534809K (97%)
ptolemy.util.test.WatchDog.cancel(): canceling Thu Jul 12 02:02:02 UTC 2018
------------------ testing $PTII/ptolemy/domains/de/test/auto/ResettableTimer3.xml
auto.tcl: Setting watchdog for 200 seconds at Thu Jul 12 02:02:02 UTC 2018
1 ms. Memory: 550912K Free: 536115K (97%)
ptolemy.util.test.WatchDog.cancel(): canceling Thu Jul 12 02:02:02 UTC 2018
auto.tcl: Setting watchdog for 200 seconds at Thu Jul 12 02:02:02 UTC 2018
1 ms. Memory: 550912K Free: 536115K (97%)
ptolemy.util.test.WatchDog.cancel(): canceling Thu Jul 12 02:02:02 UTC 2018
------------------ testing $PTII/ptolemy/domains/de/test/auto/ResettableTimer4.xml
auto.tcl: Setting watchdog for 200 seconds at Thu Jul 12 02:02:02 UTC 2018
2 ms. Memory: 549376K Free: 534821K (97%)
ptolemy.util.test.WatchDog.cancel(): canceling Thu Jul 12 02:02:02 UTC 2018
auto.tcl: Setting watchdog for 200 seconds at Thu Jul 12 02:02:02 UTC 2018
1 ms. Memory: 549376K Free: 534821K (97%)
ptolemy.util.test.WatchDog.cancel(): canceling Thu Jul 12 02:02:02 UTC 2018
------------------ testing $PTII/ptolemy/domains/de/test/auto/ResettableTimer5.xml
auto.tcl: Setting watchdog for 200 seconds at Thu Jul 12 02:02:02 UTC 2018
1 ms. Memory: 550400K Free: 531164K (97%)
ptolemy.util.test.WatchDog.cancel(): canceling Thu Jul 12 02:02:02 UTC 2018
auto.tcl: Setting watchdog for 200 seconds at Thu Jul 12 02:02:02 UTC 2018
2 ms. Memory: 550400K Free: 531164K (97%)
ptolemy.util.test.WatchDog.cancel(): canceling Thu Jul 12 02:02:02 UTC 2018
------------------ testing $PTII/ptolemy/domains/de/test/auto/ResettableTimer6.xml
auto.tcl: Setting watchdog for 200 seconds at Thu Jul 12 02:02:02 UTC 2018
5 ms. Memory: 549376K Free: 529860K (96%)
ptolemy.util.test.WatchDog.cancel(): canceling Thu Jul 12 02:02:02 UTC 2018
auto.tcl: Setting watchdog for 200 seconds at Thu Jul 12 02:02:02 UTC 2018
2 ms. Memory: 549376K Free: 529860K (96%)
ptolemy.util.test.WatchDog.cancel(): canceling Thu Jul 12 02:02:02 UTC 2018
------------------ testing $PTII/ptolemy/domains/de/test/auto/ServerZeroDelay.xml
auto.tcl: Setting watchdog for 200 seconds at Thu Jul 12 02:02:02 UTC 2018
2 ms. Memory: 550400K Free: 535784K (97%)
ptolemy.util.test.WatchDog.cancel(): canceling Thu Jul 12 02:02:02 UTC 2018
auto.tcl: Setting watchdog for 200 seconds at Thu Jul 12 02:02:02 UTC 2018
3 ms. Memory: 550400K Free: 535784K (97%)
ptolemy.util.test.WatchDog.cancel(): canceling Thu Jul 12 02:02:02 UTC 2018
------------------ testing $PTII/ptolemy/domains/de/test/auto/SmartSender.xml
auto.tcl: Setting watchdog for 200 seconds at Thu Jul 12 02:02:02 UTC 2018
3002 ms. Memory: 549376K Free: 530076K (96%)
ptolemy.util.test.WatchDog.cancel(): canceling Thu Jul 12 02:02:05 UTC 2018
auto.tcl: Setting watchdog for 200 seconds at Thu Jul 12 02:02:05 UTC 2018
3001 ms. Memory: 549376K Free: 530076K (96%)
ptolemy.util.test.WatchDog.cancel(): canceling Thu Jul 12 02:02:08 UTC 2018
------------------ testing $PTII/ptolemy/domains/de/test/auto/ThreadedComposite.xml
auto.tcl: Setting watchdog for 200 seconds at Thu Jul 12 02:02:08 UTC 2018
260 ms. Memory: 550400K Free: 501229K (91%)
ptolemy.util.test.WatchDog.cancel(): canceling Thu Jul 12 02:02:08 UTC 2018
auto.tcl: Setting watchdog for 200 seconds at Thu Jul 12 02:02:08 UTC 2018
149 ms. Memory: 550400K Free: 486418K (88%)
ptolemy.util.test.WatchDog.cancel(): canceling Thu Jul 12 02:02:08 UTC 2018
------------------ testing $PTII/ptolemy/domains/de/test/auto/Time.xml
auto.tcl: Setting watchdog for 200 seconds at Thu Jul 12 02:02:08 UTC 2018
451 ms. Memory: 549376K Free: 482773K (88%)
ptolemy.util.test.WatchDog.cancel(): canceling Thu Jul 12 02:02:09 UTC 2018
auto.tcl: Setting watchdog for 200 seconds at Thu Jul 12 02:02:09 UTC 2018
404 ms. Memory: 549376K Free: 428256K (78%)
ptolemy.util.test.WatchDog.cancel(): canceling Thu Jul 12 02:02:09 UTC 2018
------------------ testing $PTII/ptolemy/domains/de/test/auto/TimeDelayZeroDelay.xml
auto.tcl: Setting watchdog for 200 seconds at Thu Jul 12 02:02:09 UTC 2018
2 ms. Memory: 550400K Free: 535471K (97%)
ptolemy.util.test.WatchDog.cancel(): canceling Thu Jul 12 02:02:09 UTC 2018
auto.tcl: Setting watchdog for 200 seconds at Thu Jul 12 02:02:09 UTC 2018
2 ms. Memory: 550400K Free: 535471K (97%)
ptolemy.util.test.WatchDog.cancel(): canceling Thu Jul 12 02:02:09 UTC 2018
------------------ testing $PTII/ptolemy/domains/de/test/auto/TimerZeroDelay.xml
auto.tcl: Setting watchdog for 200 seconds at Thu Jul 12 02:02:09 UTC 2018
2 ms. Memory: 549376K Free: 534721K (97%)
ptolemy.util.test.WatchDog.cancel(): canceling Thu Jul 12 02:02:09 UTC 2018
auto.tcl: Setting watchdog for 200 seconds at Thu Jul 12 02:02:09 UTC 2018
2 ms. Memory: 549376K Free: 534721K (97%)
ptolemy.util.test.WatchDog.cancel(): canceling Thu Jul 12 02:02:09 UTC 2018
------------------ testing $PTII/ptolemy/domains/de/test/auto/TimingParadox.xml
auto.tcl: Setting watchdog for 200 seconds at Thu Jul 12 02:02:10 UTC 2018
298 ms. Memory: 549888K Free: 469495K (85%)
ptolemy.util.test.WatchDog.cancel(): canceling Thu Jul 12 02:02:10 UTC 2018
auto.tcl: Setting watchdog for 200 seconds at Thu Jul 12 02:02:10 UTC 2018
282 ms. Memory: 549888K Free: 436785K (79%)
ptolemy.util.test.WatchDog.cancel(): canceling Thu Jul 12 02:02:10 UTC 2018
------------------ testing $PTII/ptolemy/domains/de/test/auto/TransferInputs.xml
auto.tcl: Setting watchdog for 200 seconds at Thu Jul 12 02:02:10 UTC 2018
2 ms. Memory: 549888K Free: 534137K (97%)
ptolemy.util.test.WatchDog.cancel(): canceling Thu Jul 12 02:02:10 UTC 2018
auto.tcl: Setting watchdog for 200 seconds at Thu Jul 12 02:02:10 UTC 2018
1 ms. Memory: 549888K Free: 534137K (97%)
ptolemy.util.test.WatchDog.cancel(): canceling Thu Jul 12 02:02:10 UTC 2018
------------------ testing $PTII/ptolemy/domains/de/test/auto/TransferOutputs2.xml
auto.tcl: Setting watchdog for 200 seconds at Thu Jul 12 02:02:10 UTC 2018
3 ms. Memory: 549376K Free: 524580K (95%)
ptolemy.util.test.WatchDog.cancel(): canceling Thu Jul 12 02:02:10 UTC 2018
auto.tcl: Setting watchdog for 200 seconds at Thu Jul 12 02:02:10 UTC 2018
3 ms. Memory: 549376K Free: 524580K (95%)
ptolemy.util.test.WatchDog.cancel(): canceling Thu Jul 12 02:02:10 UTC 2018
------------------ testing $PTII/ptolemy/domains/de/test/auto/Trilateration.xml
auto.tcl: Setting watchdog for 200 seconds at Thu Jul 12 02:02:10 UTC 2018
14136 ms. Memory: 766976K Free: 229207K (30%)
ptolemy.util.test.WatchDog.cancel(): canceling Thu Jul 12 02:02:26 UTC 2018
auto.tcl: Setting watchdog for 200 seconds at Thu Jul 12 02:02:26 UTC 2018
11678 ms. Memory: 646144K Free: 79523K (12%)
ptolemy.util.test.WatchDog.cancel(): canceling Thu Jul 12 02:02:37 UTC 2018
------------------ testing $PTII/ptolemy/domains/de/test/auto/TwoSigmaDelta.xml
auto.tcl: Setting watchdog for 200 seconds at Thu Jul 12 02:02:37 UTC 2018
2673 ms. Memory: 649728K Free: 342522K (53%)
ptolemy.util.test.WatchDog.cancel(): canceling Thu Jul 12 02:02:40 UTC 2018
auto.tcl: Setting watchdog for 200 seconds at Thu Jul 12 02:02:40 UTC 2018
1986 ms. Memory: 649728K Free: 116880K (18%)
ptolemy.util.test.WatchDog.cancel(): canceling Thu Jul 12 02:02:42 UTC 2018
------------------ testing $PTII/ptolemy/domains/de/test/auto/VariableDelay.xml
auto.tcl: Setting watchdog for 200 seconds at Thu Jul 12 02:02:42 UTC 2018
2 ms. Memory: 646656K Free: 627353K (97%)
ptolemy.util.test.WatchDog.cancel(): canceling Thu Jul 12 02:02:42 UTC 2018
auto.tcl: Setting watchdog for 200 seconds at Thu Jul 12 02:02:42 UTC 2018
1 ms. Memory: 646656K Free: 627353K (97%)
ptolemy.util.test.WatchDog.cancel(): canceling Thu Jul 12 02:02:42 UTC 2018
------------------ testing $PTII/ptolemy/domains/de/test/auto/VariableDelay2.xml
auto.tcl: Setting watchdog for 200 seconds at Thu Jul 12 02:02:42 UTC 2018
7 ms. Memory: 646144K Free: 627287K (97%)
ptolemy.util.test.WatchDog.cancel(): canceling Thu Jul 12 02:02:42 UTC 2018
auto.tcl: Setting watchdog for 200 seconds at Thu Jul 12 02:02:42 UTC 2018
2 ms. Memory: 646144K Free: 627287K (97%)
ptolemy.util.test.WatchDog.cancel(): canceling Thu Jul 12 02:02:42 UTC 2018
------------------ testing $PTII/ptolemy/domains/de/test/auto/VariableDelayZeroDelay.xml
auto.tcl: Setting watchdog for 200 seconds at Thu Jul 12 02:02:42 UTC 2018
2 ms. Memory: 646144K Free: 621638K (96%)
ptolemy.util.test.WatchDog.cancel(): canceling Thu Jul 12 02:02:42 UTC 2018
auto.tcl: Setting watchdog for 200 seconds at Thu Jul 12 02:02:42 UTC 2018
1 ms. Memory: 646144K Free: 621638K (96%)
ptolemy.util.test.WatchDog.cancel(): canceling Thu Jul 12 02:02:42 UTC 2018
------------------ testing $PTII/ptolemy/domains/de/test/auto/VariableDelayZeroDelay2.xml
auto.tcl: Setting watchdog for 200 seconds at Thu Jul 12 02:02:42 UTC 2018
1 ms. Memory: 649216K Free: 624709K (96%)
ptolemy.util.test.WatchDog.cancel(): canceling Thu Jul 12 02:02:42 UTC 2018
auto.tcl: Setting watchdog for 200 seconds at Thu Jul 12 02:02:42 UTC 2018
1 ms. Memory: 649216K Free: 624709K (96%)
ptolemy.util.test.WatchDog.cancel(): canceling Thu Jul 12 02:02:42 UTC 2018
------------------ testing $PTII/ptolemy/domains/de/test/auto/deInCt.xml
auto.tcl: Setting watchdog for 200 seconds at Thu Jul 12 02:02:42 UTC 2018
0
1
1
1
0
0
0
1
1
1
1
1
0
0
0
1
1
1
0
0
0
1
1
1
1
0
0
0
1
1
1
0
0
0
0
1
1
1
0
0
1
1
1
1
22 ms. Memory: 646144K Free: 621634K (96%)
ptolemy.util.test.WatchDog.cancel(): canceling Thu Jul 12 02:02:42 UTC 2018
auto.tcl: Setting watchdog for 200 seconds at Thu Jul 12 02:02:42 UTC 2018
0
1
1
1
0
0
0
0
1
1
1
1
1
1
1
0
0
0
1
1
1
0
0
0
1
1
0
0
0
1
1
1
9 ms. Memory: 646144K Free: 621634K (96%)
ptolemy.util.test.WatchDog.cancel(): canceling Thu Jul 12 02:02:43 UTC 2018
------------------ testing $PTII/ptolemy/domains/de/test/auto/deInCt2.xml
auto.tcl: Setting watchdog for 200 seconds at Thu Jul 12 02:02:43 UTC 2018
0
1
1
1
0
0
1
1
1
0
0
1
1
1
0
0
1
1
1
0
0
1
1
1
0
0
1
1
1
0
0
1
1
1
0
0
1
1
1
0
0
0
19 ms. Memory: 648704K Free: 624162K (96%)
ptolemy.util.test.WatchDog.cancel(): canceling Thu Jul 12 02:02:43 UTC 2018
auto.tcl: Setting watchdog for 200 seconds at Thu Jul 12 02:02:43 UTC 2018
0
1
1
1
0
0
1
1
1
0
0
1
1
1
0
0
1
1
1
0
0
1
1
1
0
0
1
1
1
0
0
1
1
1
0
0
1
1
1
0
0
0
5 ms. Memory: 648704K Free: 624162K (96%)
ptolemy.util.test.WatchDog.cancel(): canceling Thu Jul 12 02:02:43 UTC 2018
------------------ testing $PTII/ptolemy/domains/de/test/auto/dynamicCausalityInterface1.xml
auto.tcl: Setting watchdog for 200 seconds at Thu Jul 12 02:02:43 UTC 2018
1 ms. Memory: 646144K Free: 613078K (95%)
ptolemy.util.test.WatchDog.cancel(): canceling Thu Jul 12 02:02:43 UTC 2018
auto.tcl: Setting watchdog for 200 seconds at Thu Jul 12 02:02:43 UTC 2018
1 ms. Memory: 646144K Free: 613078K (95%)
ptolemy.util.test.WatchDog.cancel(): canceling Thu Jul 12 02:02:43 UTC 2018
------------------ testing $PTII/ptolemy/domains/de/test/auto/fsm_de_test.xml
auto.tcl: Setting watchdog for 200 seconds at Thu Jul 12 02:02:43 UTC 2018
6 ms. Memory: 648192K Free: 623572K (96%)
ptolemy.util.test.WatchDog.cancel(): canceling Thu Jul 12 02:02:43 UTC 2018
auto.tcl: Setting watchdog for 200 seconds at Thu Jul 12 02:02:43 UTC 2018
5 ms. Memory: 648192K Free: 615005K (95%)
ptolemy.util.test.WatchDog.cancel(): canceling Thu Jul 12 02:02:43 UTC 2018
------------------ testing $PTII/ptolemy/domains/de/test/auto/functionDependencyReconstruction.xml
auto.tcl: Setting watchdog for 200 seconds at Thu Jul 12 02:02:43 UTC 2018
2 ms. Memory: 646144K Free: 612956K (95%)
ptolemy.util.test.WatchDog.cancel(): canceling Thu Jul 12 02:02:43 UTC 2018
auto.tcl: Setting watchdog for 200 seconds at Thu Jul 12 02:02:43 UTC 2018
3 ms. Memory: 646144K Free: 604388K (94%)
ptolemy.util.test.WatchDog.cancel(): canceling Thu Jul 12 02:02:43 UTC 2018
------------------ testing $PTII/ptolemy/domains/de/test/auto/multirate.xml
auto.tcl: Setting watchdog for 200 seconds at Thu Jul 12 02:02:43 UTC 2018
3 ms. Memory: 648192K Free: 623438K (96%)
ptolemy.util.test.WatchDog.cancel(): canceling Thu Jul 12 02:02:43 UTC 2018
auto.tcl: Setting watchdog for 200 seconds at Thu Jul 12 02:02:43 UTC 2018
3 ms. Memory: 648192K Free: 623438K (96%)
ptolemy.util.test.WatchDog.cancel(): canceling Thu Jul 12 02:02:43 UTC 2018
------------------ testing $PTII/ptolemy/domains/de/test/auto/multirate2.xml
auto.tcl: Setting watchdog for 200 seconds at Thu Jul 12 02:02:43 UTC 2018
6 ms. Memory: 646144K Free: 621579K (96%)
ptolemy.util.test.WatchDog.cancel(): canceling Thu Jul 12 02:02:43 UTC 2018
auto.tcl: Setting watchdog for 200 seconds at Thu Jul 12 02:02:43 UTC 2018
3 ms. Memory: 646144K Free: 621579K (96%)
ptolemy.util.test.WatchDog.cancel(): canceling Thu Jul 12 02:02:43 UTC 2018
------------------ testing $PTII/ptolemy/domains/de/test/auto/realtime.xml
auto.tcl: Setting watchdog for 200 seconds at Thu Jul 12 02:02:43 UTC 2018
10009 ms. Memory: 647680K Free: 623080K (96%)
ptolemy.util.test.WatchDog.cancel(): canceling Thu Jul 12 02:02:53 UTC 2018
auto.tcl: Setting watchdog for 200 seconds at Thu Jul 12 02:02:53 UTC 2018
10001 ms. Memory: 647680K Free: 623080K (96%)
ptolemy.util.test.WatchDog.cancel(): canceling Thu Jul 12 02:03:03 UTC 2018
------------------ testing $PTII/ptolemy/domains/de/test/auto/relationGroup.xml
auto.tcl: Setting watchdog for 200 seconds at Thu Jul 12 02:03:03 UTC 2018
1 ms. Memory: 646144K Free: 621603K (96%)
ptolemy.util.test.WatchDog.cancel(): canceling Thu Jul 12 02:03:03 UTC 2018
auto.tcl: Setting watchdog for 200 seconds at Thu Jul 12 02:03:03 UTC 2018
1 ms. Memory: 646144K Free: 621603K (96%)
ptolemy.util.test.WatchDog.cancel(): canceling Thu Jul 12 02:03:03 UTC 2018
------------------ testing $PTII/ptolemy/domains/de/test/auto/relationGroup2.xml
auto.tcl: Setting watchdog for 200 seconds at Thu Jul 12 02:03:03 UTC 2018
1 ms. Memory: 647680K Free: 623165K (96%)
ptolemy.util.test.WatchDog.cancel(): canceling Thu Jul 12 02:03:03 UTC 2018
auto.tcl: Setting watchdog for 200 seconds at Thu Jul 12 02:03:03 UTC 2018
2 ms. Memory: 647680K Free: 623165K (96%)
ptolemy.util.test.WatchDog.cancel(): canceling Thu Jul 12 02:03:03 UTC 2018
------------------ testing $PTII/ptolemy/domains/de/test/auto/sortWithOpaquePorts.xml
auto.tcl: Setting watchdog for 200 seconds at Thu Jul 12 02:03:03 UTC 2018
2 ms. Memory: 646144K Free: 621629K (96%)
ptolemy.util.test.WatchDog.cancel(): canceling Thu Jul 12 02:03:03 UTC 2018
auto.tcl: Setting watchdog for 200 seconds at Thu Jul 12 02:03:03 UTC 2018
2 ms. Memory: 646144K Free: 621629K (96%)
ptolemy.util.test.WatchDog.cancel(): canceling Thu Jul 12 02:03:03 UTC 2018
------------------ testing $PTII/ptolemy/domains/de/test/auto/transferInputsandOutputs.xml
auto.tcl: Setting watchdog for 200 seconds at Thu Jul 12 02:03:03 UTC 2018
3 ms. Memory: 647168K Free: 622641K (96%)
ptolemy.util.test.WatchDog.cancel(): canceling Thu Jul 12 02:03:03 UTC 2018
auto.tcl: Setting watchdog for 200 seconds at Thu Jul 12 02:03:03 UTC 2018
2 ms. Memory: 647168K Free: 622641K (96%)
ptolemy.util.test.WatchDog.cancel(): canceling Thu Jul 12 02:03:03 UTC 2018
------------------ testing $PTII/ptolemy/domains/de/test/auto/triggerType.xml
auto.tcl: Setting watchdog for 200 seconds at Thu Jul 12 02:03:03 UTC 2018
1 ms. Memory: 646144K Free: 621567K (96%)
ptolemy.util.test.WatchDog.cancel(): canceling Thu Jul 12 02:03:03 UTC 2018
auto.tcl: Setting watchdog for 200 seconds at Thu Jul 12 02:03:03 UTC 2018
1 ms. Memory: 646144K Free: 621567K (96%)
ptolemy.util.test.WatchDog.cancel(): canceling Thu Jul 12 02:03:03 UTC 2018
07/12/18 02:03:03
Failed: 0  Total Tests: 192  ((Passed: 187, Newly Passed: 1)  Known Failed: 5) /home/travis/build/icyphy/ptII/ptolemy/domains/de/test
07/12/18 02:03:03
Failed: 0  Total Tests: 192  ((Passed: 187, Newly Passed: 1)  Known Failed: 5) /home/travis/build/icyphy/ptII/ptolemy/domains/de/test
----------------- testing (KnownFailure) /home/travis/build/icyphy/ptII/ptolemy/domains/de/test/auto/knownFailedTests/DESDFClockTest.xml
2009 ms. Memory: 647168K Free: 611350K (94%)
Known Failure: java.lang.reflect.InvocationTargetException
----------------- testing (KnownFailure) /home/travis/build/icyphy/ptII/ptolemy/domains/de/test/auto/knownFailedTests/DirectFeedback.xml
3 ms. Memory: 647168K Free: 566139K (87%)
Known Failure: java.lang.reflect.InvocationTargetException
----------------- testing (KnownFailure) /home/travis/build/icyphy/ptII/ptolemy/domains/de/test/auto/knownFailedTests/FSMSource.xml
7 ms. Memory: 647168K Free: 520960K (80%)
----------------- testing (KnownFailure) /home/travis/build/icyphy/ptII/ptolemy/domains/de/test/auto/knownFailedTests/HierarchicalModel.xml
1 ms. Memory: 647168K Free: 487059K (75%)
Known Failure: java.lang.reflect.InvocationTargetException
----------------- testing (KnownFailure) /home/travis/build/icyphy/ptII/ptolemy/domains/de/test/auto/knownFailedTests/dependencyLoop.xml
2 ms. Memory: 647168K Free: 430577K (67%)
Known Failure: java.lang.reflect.InvocationTargetException
----------------- testing (KnownFailure) /home/travis/build/icyphy/ptII/ptolemy/domains/de/test/auto/knownFailedTests/dependencyLoop2.xml
4 ms. Memory: 647168K Free: 374088K (58%)
Known Failure: java.lang.reflect.InvocationTargetException
No auto/linux-amd64/*.xml tests in /home/travis/build/icyphy/ptII/ptolemy/domains/de/test
AutoTests.java: About to close Vertx.
AutoTests.java: Vertx closed.

===========================================================================================
----------------- testing Thu Jul 12 02:03:06 UTC 2018 /home/travis/build/icyphy/ptII/ptolemy/domains/de/test/auto/ActorDepthCalculation_actorWithoutPorts.xml
----------------- Instantiating /home/travis/build/icyphy/ptII/ptolemy/domains/de/test/auto/ActorDepthCalculation_actorWithoutPorts.xml
1 ms. Memory: 647168K Free: 317614K (49%)
----------------- Invoking toplevel() on ptolemy.moml.MoMLSimpleApplication@5666b711
----------------- Done invoking toplevel() on ptolemy.moml.MoMLSimpleApplication@5666b711
reloadAllAccessors: .ActorDepthCalculation_actorWithoutPorts

===========================================================================================
----------------- testing Thu Jul 12 02:03:06 UTC 2018 /home/travis/build/icyphy/ptII/ptolemy/domains/de/test/auto/AssemblyLine.xml
----------------- Instantiating /home/travis/build/icyphy/ptII/ptolemy/domains/de/test/auto/AssemblyLine.xml
3 ms. Memory: 647168K Free: 295024K (46%)
----------------- Invoking toplevel() on ptolemy.moml.MoMLSimpleApplication@18584369
----------------- Done invoking toplevel() on ptolemy.moml.MoMLSimpleApplication@18584369
reloadAllAccessors: .AssemblyLine

===========================================================================================
----------------- testing Thu Jul 12 02:03:06 UTC 2018 /home/travis/build/icyphy/ptII/ptolemy/domains/de/test/auto/CQBug1.xml
----------------- Instantiating /home/travis/build/icyphy/ptII/ptolemy/domains/de/test/auto/CQBug1.xml
1 ms. Memory: 647168K Free: 272435K (42%)
----------------- Invoking toplevel() on ptolemy.moml.MoMLSimpleApplication@16705407
----------------- Done invoking toplevel() on ptolemy.moml.MoMLSimpleApplication@16705407
reloadAllAccessors: .CQBug1

===========================================================================================
----------------- testing Thu Jul 12 02:03:06 UTC 2018 /home/travis/build/icyphy/ptII/ptolemy/domains/de/test/auto/CancelFireAt.xml
----------------- Instantiating /home/travis/build/icyphy/ptII/ptolemy/domains/de/test/auto/CancelFireAt.xml
1 ms. Memory: 647168K Free: 249845K (39%)
----------------- Invoking toplevel() on ptolemy.moml.MoMLSimpleApplication@34a00823
----------------- Done invoking toplevel() on ptolemy.moml.MoMLSimpleApplication@34a00823
reloadAllAccessors: .CancelFireAt

===========================================================================================
----------------- testing Thu Jul 12 02:03:06 UTC 2018 /home/travis/build/icyphy/ptII/ptolemy/domains/de/test/auto/CausalityAndComposabilityAnalysis.xml
----------------- Instantiating /home/travis/build/icyphy/ptII/ptolemy/domains/de/test/auto/CausalityAndComposabilityAnalysis.xml
1 ms. Memory: 647168K Free: 227256K (35%)
----------------- Invoking toplevel() on ptolemy.moml.MoMLSimpleApplication@5800c8a0
----------------- Done invoking toplevel() on ptolemy.moml.MoMLSimpleApplication@5800c8a0
reloadAllAccessors: .CausalityAndComposabilityAnalysis

===========================================================================================
----------------- testing Thu Jul 12 02:03:06 UTC 2018 /home/travis/build/icyphy/ptII/ptolemy/domains/de/test/auto/CausalityInterface1.xml
----------------- Instantiating /home/travis/build/icyphy/ptII/ptolemy/domains/de/test/auto/CausalityInterface1.xml
3 ms. Memory: 647168K Free: 204666K (32%)
----------------- Invoking toplevel() on ptolemy.moml.MoMLSimpleApplication@88abb0b
----------------- Done invoking toplevel() on ptolemy.moml.MoMLSimpleApplication@88abb0b
reloadAllAccessors: .CausalityInterface1

===========================================================================================
----------------- testing Thu Jul 12 02:03:06 UTC 2018 /home/travis/build/icyphy/ptII/ptolemy/domains/de/test/auto/CausalityInterface15.xml
----------------- Instantiating /home/travis/build/icyphy/ptII/ptolemy/domains/de/test/auto/CausalityInterface15.xml
1 ms. Memory: 647168K Free: 182077K (28%)
----------------- Invoking toplevel() on ptolemy.moml.MoMLSimpleApplication@4c0ecc09
----------------- Done invoking toplevel() on ptolemy.moml.MoMLSimpleApplication@4c0ecc09
reloadAllAccessors: .CausalityInterface15

[...]
java.lang.RuntimeException: Execution failed
	at ptolemy.moml.MoMLSimpleApplication$UnloadThread.run(MoMLSimpleApplication.java:402)
Caused by: ptolemy.kernel.util.IllegalActionException: Test fails in iteration 1.
Value was: 1.0. Should have been: 2.0
  in .DirectFeedback.Test
	at ptolemy.actor.lib.Test.fire(Test.java:268)
	at ptolemy.domains.de.kernel.DEDirector._fire(DEDirector.java:1949)
	at ptolemy.domains.de.kernel.DEDirector.fire(DEDirector.java:502)
	at ptolemy.actor.CompositeActor.fire(CompositeActor.java:455)
	at ptolemy.actor.Manager.iterate(Manager.java:851)
	at ptolemy.actor.Manager.execute(Manager.java:369)
	at ptolemy.actor.Manager.run(Manager.java:1263)
	at ptolemy.actor.Manager$PtolemyRunThread.run(Manager.java:1915)
java.lang.RuntimeException: Execution failed
	at ptolemy.moml.MoMLSimpleApplication$UnloadThread.run(MoMLSimpleApplication.java:402)
Caused by: ptolemy.kernel.util.IllegalActionException: Actor is not ready to fire.  Perhaps UpSample.prefire() returned false? Try debugging the actor by selecting "Listen to Actor".  Also, for SDF check moml for tokenConsumptionRate on input.
  in .DESDFClockTest.Play Bell.Copy1:SDF Director and .DESDFClockTest.Play Bell.UpSample
	at ptolemy.actor.sched.StaticSchedulingDirector.fire(StaticSchedulingDirector.java:227)
	at ptolemy.domains.sdf.kernel.SDFDirector.fire(SDFDirector.java:500)
	at ptolemy.actor.CompositeActor.fire(CompositeActor.java:455)
	at ptolemy.domains.de.kernel.DEDirector._fire(DEDirector.java:1949)
	at ptolemy.domains.de.kernel.DEDirector.fire(DEDirector.java:502)
	at ptolemy.actor.CompositeActor.fire(CompositeActor.java:455)
	at ptolemy.actor.Manager.iterate(Manager.java:851)
	at ptolemy.actor.Manager.execute(Manager.java:369)
	at ptolemy.actor.Manager.run(Manager.java:1263)
	at ptolemy.actor.Manager$PtolemyRunThread.run(Manager.java:1915)
java.lang.reflect.InvocationTargetException
	at sun.reflect.NativeConstructorAccessorImpl.newInstance0(Native Method)
	at sun.reflect.NativeConstructorAccessorImpl.newInstance(NativeConstructorAccessorImpl.java:62)
	at sun.reflect.DelegatingConstructorAccessorImpl.newInstance(DelegatingConstructorAccessorImpl.java:45)
	at java.lang.reflect.Constructor.newInstance(Constructor.java:423)
	at ptolemy.util.test.junit.AutoKnownFailedTests.RunModel(AutoKnownFailedTests.java:107)
	at sun.reflect.NativeMethodAccessorImpl.invoke0(Native Method)
	at sun.reflect.NativeMethodAccessorImpl.invoke(NativeMethodAccessorImpl.java:62)
	at sun.reflect.DelegatingMethodAccessorImpl.invoke(DelegatingMethodAccessorImpl.java:43)
	at java.lang.reflect.Method.invoke(Method.java:498)
	at org.junit.runners.model.FrameworkMethod$1.runReflectiveCall(FrameworkMethod.java:44)
	at org.junit.internal.runners.model.ReflectiveCallable.run(ReflectiveCallable.java:15)
	at org.junit.runners.model.FrameworkMethod.invokeExplosively(FrameworkMethod.java:41)
	at junitparams.internal.InvokeParameterisedMethod.evaluate(InvokeParameterisedMethod.java:102)
	at org.junit.internal.runners.statements.FailOnTimeout$1.run(FailOnTimeout.java:28)
Caused by: ptolemy.kernel.util.IllegalActionException: Actor is not ready to fire.  Perhaps UpSample.prefire() returned false? Try debugging the actor by selecting "Listen to Actor".  Also, for SDF check moml for tokenConsumptionRate on input.
  in .DESDFClockTest.Play Bell.Copy1:SDF Director and .DESDFClockTest.Play Bell.UpSample
	at ptolemy.actor.sched.StaticSchedulingDirector.fire(StaticSchedulingDirector.java:227)
	at ptolemy.domains.sdf.kernel.SDFDirector.fire(SDFDirector.java:500)
	at ptolemy.actor.CompositeActor.fire(CompositeActor.java:455)
	at ptolemy.domains.de.kernel.DEDirector._fire(DEDirector.java:1949)
	at ptolemy.domains.de.kernel.DEDirector.fire(DEDirector.java:502)
	at ptolemy.actor.CompositeActor.fire(CompositeActor.java:455)
	at ptolemy.actor.Manager.iterate(Manager.java:851)
	at ptolemy.actor.Manager.execute(Manager.java:369)
	at ptolemy.actor.Manager.run(Manager.java:1263)
	at ptolemy.actor.Manager$PtolemyRunThread.run(Manager.java:1915)
java.lang.RuntimeException: Execution failed
	at ptolemy.moml.MoMLSimpleApplication$UnloadThread.run(MoMLSimpleApplication.java:402)
Caused by: ptolemy.kernel.util.IllegalActionException: Test fails in iteration 1.
Value was: 1.0. Should have been: 2.0
  in .DirectFeedback.Test
	at ptolemy.actor.lib.Test.fire(Test.java:268)
	at ptolemy.domains.de.kernel.DEDirector._fire(DEDirector.java:1949)
	at ptolemy.domains.de.kernel.DEDirector.fire(DEDirector.java:502)
	at ptolemy.actor.CompositeActor.fire(CompositeActor.java:455)
	at ptolemy.actor.Manager.iterate(Manager.java:851)
	at ptolemy.actor.Manager.execute(Manager.java:369)
	at ptolemy.actor.Manager.run(Manager.java:1263)
	at ptolemy.actor.Manager$PtolemyRunThread.run(Manager.java:1915)
java.lang.reflect.InvocationTargetException
	at sun.reflect.NativeConstructorAccessorImpl.newInstance0(Native Method)
	at sun.reflect.NativeConstructorAccessorImpl.newInstance(NativeConstructorAccessorImpl.java:62)
	at sun.reflect.DelegatingConstructorAccessorImpl.newInstance(DelegatingConstructorAccessorImpl.java:45)
	at java.lang.reflect.Constructor.newInstance(Constructor.java:423)
	at ptolemy.util.test.junit.AutoKnownFailedTests.RunModel(AutoKnownFailedTests.java:107)
	at sun.reflect.NativeMethodAccessorImpl.invoke0(Native Method)
	at sun.reflect.NativeMethodAccessorImpl.invoke(NativeMethodAccessorImpl.java:62)
	at sun.reflect.DelegatingMethodAccessorImpl.invoke(DelegatingMethodAccessorImpl.java:43)
	at java.lang.reflect.Method.invoke(Method.java:498)
	at org.junit.runners.model.FrameworkMethod$1.runReflectiveCall(FrameworkMethod.java:44)
	at org.junit.internal.runners.model.ReflectiveCallable.run(ReflectiveCallable.java:15)
	at org.junit.runners.model.FrameworkMethod.invokeExplosively(FrameworkMethod.java:41)
	at junitparams.internal.InvokeParameterisedMethod.evaluate(InvokeParameterisedMethod.java:102)
	at org.junit.internal.runners.statements.FailOnTimeout$1.run(FailOnTimeout.java:28)
Caused by: ptolemy.kernel.util.IllegalActionException: Test fails in iteration 1.
Value was: 1.0. Should have been: 2.0
  in .DirectFeedback.Test
	at ptolemy.actor.lib.Test.fire(Test.java:268)
	at ptolemy.domains.de.kernel.DEDirector._fire(DEDirector.java:1949)
	at ptolemy.domains.de.kernel.DEDirector.fire(DEDirector.java:502)
	at ptolemy.actor.CompositeActor.fire(CompositeActor.java:455)
	at ptolemy.actor.Manager.iterate(Manager.java:851)
	at ptolemy.actor.Manager.execute(Manager.java:369)
	at ptolemy.actor.Manager.run(Manager.java:1263)
	at ptolemy.actor.Manager$PtolemyRunThread.run(Manager.java:1915)
java.lang.RuntimeException: Execution failed
	at ptolemy.moml.MoMLSimpleApplication$UnloadThread.run(MoMLSimpleApplication.java:402)
Caused by: ptolemy.kernel.util.IllegalActionException: Found a zero delay loop containing .HierarchicalModel.A
  in .HierarchicalModel and .HierarchicalModel.A
	at ptolemy.actor.util.CausalityInterfaceForComposites._computeOutputPortDepth(CausalityInterfaceForComposites.java:759)
	at ptolemy.actor.util.CausalityInterfaceForComposites._computeInputDepth(CausalityInterfaceForComposites.java:696)
	at ptolemy.actor.util.CausalityInterfaceForComposites._computeOutputPortDepth(CausalityInterfaceForComposites.java:765)
	at ptolemy.actor.util.CausalityInterfaceForComposites._computeInputDepth(CausalityInterfaceForComposites.java:696)
	at ptolemy.actor.util.CausalityInterfaceForComposites._computeOutputPortDepth(CausalityInterfaceForComposites.java:765)
	at ptolemy.actor.util.CausalityInterfaceForComposites._computeInputDepth(CausalityInterfaceForComposites.java:696)
	at ptolemy.actor.util.CausalityInterfaceForComposites._computeActorDepth(CausalityInterfaceForComposites.java:532)
	at ptolemy.actor.util.CausalityInterfaceForComposites.checkForCycles(CausalityInterfaceForComposites.java:96)
	at ptolemy.domains.de.kernel.DEDirector.preinitialize(DEDirector.java:1338)
	at ptolemy.actor.CompositeActor.preinitialize(CompositeActor.java:1828)
	at ptolemy.actor.Manager.preinitializeAndResolveTypes(Manager.java:1040)
	at ptolemy.actor.Manager.initialize(Manager.java:710)
	at ptolemy.actor.Manager.execute(Manager.java:356)
	at ptolemy.actor.Manager.run(Manager.java:1263)
	at ptolemy.actor.Manager$PtolemyRunThread.run(Manager.java:1915)
java.lang.reflect.InvocationTargetException
	at sun.reflect.NativeConstructorAccessorImpl.newInstance0(Native Method)
	at sun.reflect.NativeConstructorAccessorImpl.newInstance(NativeConstructorAccessorImpl.java:62)
	at sun.reflect.DelegatingConstructorAccessorImpl.newInstance(DelegatingConstructorAccessorImpl.java:45)
	at java.lang.reflect.Constructor.newInstance(Constructor.java:423)
	at ptolemy.util.test.junit.AutoKnownFailedTests.RunModel(AutoKnownFailedTests.java:107)
	at sun.reflect.NativeMethodAccessorImpl.invoke0(Native Method)
	at sun.reflect.NativeMethodAccessorImpl.invoke(NativeMethodAccessorImpl.java:62)
	at sun.reflect.DelegatingMethodAccessorImpl.invoke(DelegatingMethodAccessorImpl.java:43)
	at java.lang.reflect.Method.invoke(Method.java:498)
	at org.junit.runners.model.FrameworkMethod$1.runReflectiveCall(FrameworkMethod.java:44)
	at org.junit.internal.runners.model.ReflectiveCallable.run(ReflectiveCallable.java:15)
	at org.junit.runners.model.FrameworkMethod.invokeExplosively(FrameworkMethod.java:41)
	at junitparams.internal.InvokeParameterisedMethod.evaluate(InvokeParameterisedMethod.java:102)
	at org.junit.internal.runners.statements.FailOnTimeout$1.run(FailOnTimeout.java:28)
Caused by: ptolemy.kernel.util.IllegalActionException: Found a zero delay loop containing .HierarchicalModel.A
  in .HierarchicalModel and .HierarchicalModel.A
	at ptolemy.actor.util.CausalityInterfaceForComposites._computeOutputPortDepth(CausalityInterfaceForComposites.java:759)
	at ptolemy.actor.util.CausalityInterfaceForComposites._computeInputDepth(CausalityInterfaceForComposites.java:696)
	at ptolemy.actor.util.CausalityInterfaceForComposites._computeOutputPortDepth(CausalityInterfaceForComposites.java:765)
	at ptolemy.actor.util.CausalityInterfaceForComposites._computeInputDepth(CausalityInterfaceForComposites.java:696)
	at ptolemy.actor.util.CausalityInterfaceForComposites._computeOutputPortDepth(CausalityInterfaceForComposites.java:765)
	at ptolemy.actor.util.CausalityInterfaceForComposites._computeInputDepth(CausalityInterfaceForComposites.java:696)
	at ptolemy.actor.util.CausalityInterfaceForComposites._computeActorDepth(CausalityInterfaceForComposites.java:532)
	at ptolemy.actor.util.CausalityInterfaceForComposites.checkForCycles(CausalityInterfaceForComposites.java:96)
	at ptolemy.domains.de.kernel.DEDirector.preinitialize(DEDirector.java:1338)
	at ptolemy.actor.CompositeActor.preinitialize(CompositeActor.java:1828)
	at ptolemy.actor.Manager.preinitializeAndResolveTypes(Manager.java:1040)
	at ptolemy.actor.Manager.initialize(Manager.java:710)
	at ptolemy.actor.Manager.execute(Manager.java:356)
	at ptolemy.actor.Manager.run(Manager.java:1263)
	at ptolemy.actor.Manager$PtolemyRunThread.run(Manager.java:1915)
java.lang.RuntimeException: Execution failed
	at ptolemy.moml.MoMLSimpleApplication$UnloadThread.run(MoMLSimpleApplication.java:402)
Caused by: ptolemy.kernel.util.IllegalActionException: Found a zero delay loop containing .dependencyLoop.original
  in .dependencyLoop and .dependencyLoop.original
	at ptolemy.actor.util.CausalityInterfaceForComposites._computeOutputPortDepth(CausalityInterfaceForComposites.java:759)
	at ptolemy.actor.util.CausalityInterfaceForComposites._computeInputDepth(CausalityInterfaceForComposites.java:696)
	at ptolemy.actor.util.CausalityInterfaceForComposites._computeOutputPortDepth(CausalityInterfaceForComposites.java:765)
	at ptolemy.actor.util.CausalityInterfaceForComposites._computeInputDepth(CausalityInterfaceForComposites.java:696)
	at ptolemy.actor.util.CausalityInterfaceForComposites._computeOutputPortDepth(CausalityInterfaceForComposites.java:765)
	at ptolemy.actor.util.CausalityInterfaceForComposites._computeInputDepth(CausalityInterfaceForComposites.java:696)
	at ptolemy.actor.util.CausalityInterfaceForComposites._computeActorDepth(CausalityInterfaceForComposites.java:532)
	at ptolemy.actor.util.CausalityInterfaceForComposites.checkForCycles(CausalityInterfaceForComposites.java:96)
	at ptolemy.domains.de.kernel.DEDirector.preinitialize(DEDirector.java:1338)
	at ptolemy.actor.CompositeActor.preinitialize(CompositeActor.java:1828)
	at ptolemy.actor.Manager.preinitializeAndResolveTypes(Manager.java:1040)
	at ptolemy.actor.Manager.initialize(Manager.java:710)
	at ptolemy.actor.Manager.execute(Manager.java:356)
	at ptolemy.actor.Manager.run(Manager.java:1263)
	at ptolemy.actor.Manager$PtolemyRunThread.run(Manager.java:1915)
java.lang.reflect.InvocationTargetException
	at sun.reflect.NativeConstructorAccessorImpl.newInstance0(Native Method)
	at sun.reflect.NativeConstructorAccessorImpl.newInstance(NativeConstructorAccessorImpl.java:62)
	at sun.reflect.DelegatingConstructorAccessorImpl.newInstance(DelegatingConstructorAccessorImpl.java:45)
	at java.lang.reflect.Constructor.newInstance(Constructor.java:423)
	at ptolemy.util.test.junit.AutoKnownFailedTests.RunModel(AutoKnownFailedTests.java:107)
	at sun.reflect.NativeMethodAccessorImpl.invoke0(Native Method)
	at sun.reflect.NativeMethodAccessorImpl.invoke(NativeMethodAccessorImpl.java:62)
	at sun.reflect.DelegatingMethodAccessorImpl.invoke(DelegatingMethodAccessorImpl.java:43)
	at java.lang.reflect.Method.invoke(Method.java:498)
	at org.junit.runners.model.FrameworkMethod$1.runReflectiveCall(FrameworkMethod.java:44)
	at org.junit.internal.runners.model.ReflectiveCallable.run(ReflectiveCallable.java:15)
	at org.junit.runners.model.FrameworkMethod.invokeExplosively(FrameworkMethod.java:41)
	at junitparams.internal.InvokeParameterisedMethod.evaluate(InvokeParameterisedMethod.java:102)
	at org.junit.internal.runners.statements.FailOnTimeout$1.run(FailOnTimeout.java:28)
Caused by: ptolemy.kernel.util.IllegalActionException: Found a zero delay loop containing .dependencyLoop.original
  in .dependencyLoop and .dependencyLoop.original
	at ptolemy.actor.util.CausalityInterfaceForComposites._computeOutputPortDepth(CausalityInterfaceForComposites.java:759)
	at ptolemy.actor.util.CausalityInterfaceForComposites._computeInputDepth(CausalityInterfaceForComposites.java:696)
	at ptolemy.actor.util.CausalityInterfaceForComposites._computeOutputPortDepth(CausalityInterfaceForComposites.java:765)
	at ptolemy.actor.util.CausalityInterfaceForComposites._computeInputDepth(CausalityInterfaceForComposites.java:696)
	at ptolemy.actor.util.CausalityInterfaceForComposites._computeOutputPortDepth(CausalityInterfaceForComposites.java:765)
	at ptolemy.actor.util.CausalityInterfaceForComposites._computeInputDepth(CausalityInterfaceForComposites.java:696)
	at ptolemy.actor.util.CausalityInterfaceForComposites._computeActorDepth(CausalityInterfaceForComposites.java:532)
	at ptolemy.actor.util.CausalityInterfaceForComposites.checkForCycles(CausalityInterfaceForComposites.java:96)
	at ptolemy.domains.de.kernel.DEDirector.preinitialize(DEDirector.java:1338)
	at ptolemy.actor.CompositeActor.preinitialize(CompositeActor.java:1828)
	at ptolemy.actor.Manager.preinitializeAndResolveTypes(Manager.java:1040)
	at ptolemy.actor.Manager.initialize(Manager.java:710)
	at ptolemy.actor.Manager.execute(Manager.java:356)
	at ptolemy.actor.Manager.run(Manager.java:1263)
	at ptolemy.actor.Manager$PtolemyRunThread.run(Manager.java:1915)
java.lang.RuntimeException: Execution failed
	at ptolemy.moml.MoMLSimpleApplication$UnloadThread.run(MoMLSimpleApplication.java:402)
Caused by: ptolemy.kernel.util.IllegalActionException: Found a zero delay loop containing .dependencyLoop2.original
  in .dependencyLoop2 and .dependencyLoop2.original
	at ptolemy.actor.util.CausalityInterfaceForComposites._computeOutputPortDepth(CausalityInterfaceForComposites.java:759)
	at ptolemy.actor.util.CausalityInterfaceForComposites._computeInputDepth(CausalityInterfaceForComposites.java:696)
	at ptolemy.actor.util.CausalityInterfaceForComposites._computeOutputPortDepth(CausalityInterfaceForComposites.java:765)
	at ptolemy.actor.util.CausalityInterfaceForComposites._computeInputDepth(CausalityInterfaceForComposites.java:696)
	at ptolemy.actor.util.CausalityInterfaceForComposites._computeOutputPortDepth(CausalityInterfaceForComposites.java:765)
	at ptolemy.actor.util.CausalityInterfaceForComposites._computeInputDepth(CausalityInterfaceForComposites.java:696)
	at ptolemy.actor.util.CausalityInterfaceForComposites._computeActorDepth(CausalityInterfaceForComposites.java:532)
	at ptolemy.actor.util.CausalityInterfaceForComposites.checkForCycles(CausalityInterfaceForComposites.java:96)
	at ptolemy.domains.de.kernel.DEDirector.preinitialize(DEDirector.java:1338)
	at ptolemy.actor.CompositeActor.preinitialize(CompositeActor.java:1828)
	at ptolemy.actor.Manager.preinitializeAndResolveTypes(Manager.java:1040)
	at ptolemy.actor.Manager.initialize(Manager.java:710)
	at ptolemy.actor.Manager.execute(Manager.java:356)
	at ptolemy.actor.Manager.run(Manager.java:1263)
	at ptolemy.actor.Manager$PtolemyRunThread.run(Manager.java:1915)
java.lang.reflect.InvocationTargetException
	at sun.reflect.NativeConstructorAccessorImpl.newInstance0(Native Method)
	at sun.reflect.NativeConstructorAccessorImpl.newInstance(NativeConstructorAccessorImpl.java:62)
	at sun.reflect.DelegatingConstructorAccessorImpl.newInstance(DelegatingConstructorAccessorImpl.java:45)
	at java.lang.reflect.Constructor.newInstance(Constructor.java:423)
	at ptolemy.util.test.junit.AutoKnownFailedTests.RunModel(AutoKnownFailedTests.java:107)
	at sun.reflect.NativeMethodAccessorImpl.invoke0(Native Method)
	at sun.reflect.NativeMethodAccessorImpl.invoke(NativeMethodAccessorImpl.java:62)
	at sun.reflect.DelegatingMethodAccessorImpl.invoke(DelegatingMethodAccessorImpl.java:43)
	at java.lang.reflect.Method.invoke(Method.java:498)
	at org.junit.runners.model.FrameworkMethod$1.runReflectiveCall(FrameworkMethod.java:44)
	at org.junit.internal.runners.model.ReflectiveCallable.run(ReflectiveCallable.java:15)
	at org.junit.runners.model.FrameworkMethod.invokeExplosively(FrameworkMethod.java:41)
	at junitparams.internal.InvokeParameterisedMethod.evaluate(InvokeParameterisedMethod.java:102)
	at org.junit.internal.runners.statements.FailOnTimeout$1.run(FailOnTimeout.java:28)
Caused by: ptolemy.kernel.util.IllegalActionException: Found a zero delay loop containing .dependencyLoop2.original
  in .dependencyLoop2 and .dependencyLoop2.original
	at ptolemy.actor.util.CausalityInterfaceForComposites._computeOutputPortDepth(CausalityInterfaceForComposites.java:759)
	at ptolemy.actor.util.CausalityInterfaceForComposites._computeInputDepth(CausalityInterfaceForComposites.java:696)
	at ptolemy.actor.util.CausalityInterfaceForComposites._computeOutputPortDepth(CausalityInterfaceForComposites.java:765)
	at ptolemy.actor.util.CausalityInterfaceForComposites._computeInputDepth(CausalityInterfaceForComposites.java:696)
	at ptolemy.actor.util.CausalityInterfaceForComposites._computeOutputPortDepth(CausalityInterfaceForComposites.java:765)
	at ptolemy.actor.util.CausalityInterfaceForComposites._computeInputDepth(CausalityInterfaceForComposites.java:696)
	at ptolemy.actor.util.CausalityInterfaceForComposites._computeActorDepth(CausalityInterfaceForComposites.java:532)
	at ptolemy.actor.util.CausalityInterfaceForComposites.checkForCycles(CausalityInterfaceForComposites.java:96)
	at ptolemy.domains.de.kernel.DEDirector.preinitialize(DEDirector.java:1338)
	at ptolemy.actor.CompositeActor.preinitialize(CompositeActor.java:1828)
	at ptolemy.actor.Manager.preinitializeAndResolveTypes(Manager.java:1040)
	at ptolemy.actor.Manager.initialize(Manager.java:710)
	at ptolemy.actor.Manager.execute(Manager.java:356)
	at ptolemy.actor.Manager.run(Manager.java:1263)
	at ptolemy.actor.Manager$PtolemyRunThread.run(Manager.java:1915)
]]></system-err>
</testsuite>
