<?xml version="1.0" encoding="UTF-8" ?>
<testsuite errors="0" failures="0" hostname="travis-job-85bb49f1-7e56-423d-9f26-3ec46afea05f" name="ptolemy.actor.lib.hoc.test.junit.JUnitTclTest" skipped="0" tests="58" time="23.946" timestamp="2018-06-18T23:33:18">
  <properties>
[...]
</properties>
  <testcase classname="ptolemy.util.test.junit.TclTests" name="[0] /home/travis/build/icyphy/ptII/ptolemy/actor/lib/hoc/test/IterateOverArray.tcl (RunTclFile)" time="0.278" />
  <testcase classname="ptolemy.util.test.junit.AutoKnownFailedTests" name="[0] /home/travis/build/icyphy/ptII/ptolemy/actor/lib/hoc/test/auto/knownFailedTests/PreinitializeMustBeInvokedRunComposite.xml (RunModel)" time="0.263" />
  <testcase classname="ptolemy.util.test.junit.AutoNameArchTests" name="[0] ThereAreNoAutoArchTests (RunModel)" time="0.004" />
  <testcase classname="ptolemy.util.test.junit.AutoTests" name="[0] /home/travis/build/icyphy/ptII/ptolemy/actor/lib/hoc/test/auto/AllToAllMultiInstanceComposite.xml (RunModel)" time="0.202" />
  <testcase classname="ptolemy.util.test.junit.AutoTests" name="[1] /home/travis/build/icyphy/ptII/ptolemy/actor/lib/hoc/test/auto/ApplyFFTTest.xml (RunModel)" time="0.303" />
  <testcase classname="ptolemy.util.test.junit.AutoTests" name="[2] /home/travis/build/icyphy/ptII/ptolemy/actor/lib/hoc/test/auto/ApplyFunction.xml (RunModel)" time="0.041" />
  <testcase classname="ptolemy.util.test.junit.AutoTests" name="[3] /home/travis/build/icyphy/ptII/ptolemy/actor/lib/hoc/test/auto/BackgroundExecution.xml (RunModel)" time="0.702" />
  <testcase classname="ptolemy.util.test.junit.AutoTests" name="[4] /home/travis/build/icyphy/ptII/ptolemy/actor/lib/hoc/test/auto/Case.xml (RunModel)" time="0.06" />
  <testcase classname="ptolemy.util.test.junit.AutoTests" name="[5] /home/travis/build/icyphy/ptII/ptolemy/actor/lib/hoc/test/auto/Case1.xml (RunModel)" time="0.048" />
  <testcase classname="ptolemy.util.test.junit.AutoTests" name="[6] /home/travis/build/icyphy/ptII/ptolemy/actor/lib/hoc/test/auto/Case2.xml (RunModel)" time="0.095" />
  <testcase classname="ptolemy.util.test.junit.AutoTests" name="[7] /home/travis/build/icyphy/ptII/ptolemy/actor/lib/hoc/test/auto/Case3.xml (RunModel)" time="0.056" />
  <testcase classname="ptolemy.util.test.junit.AutoTests" name="[8] /home/travis/build/icyphy/ptII/ptolemy/actor/lib/hoc/test/auto/Case4.xml (RunModel)" time="0.06" />
  <testcase classname="ptolemy.util.test.junit.AutoTests" name="[9] /home/travis/build/icyphy/ptII/ptolemy/actor/lib/hoc/test/auto/Case5.xml (RunModel)" time="0.079" />
  <testcase classname="ptolemy.util.test.junit.AutoTests" name="[10] /home/travis/build/icyphy/ptII/ptolemy/actor/lib/hoc/test/auto/Case6.xml (RunModel)" time="0.104" />
  <testcase classname="ptolemy.util.test.junit.AutoTests" name="[11] /home/travis/build/icyphy/ptII/ptolemy/actor/lib/hoc/test/auto/CaseString2.xml (RunModel)" time="0.026" />
  <testcase classname="ptolemy.util.test.junit.AutoTests" name="[12] /home/travis/build/icyphy/ptII/ptolemy/actor/lib/hoc/test/auto/CatchUpComposite1.xml (RunModel)" time="0.078" />
  <testcase classname="ptolemy.util.test.junit.AutoTests" name="[13] /home/travis/build/icyphy/ptII/ptolemy/actor/lib/hoc/test/auto/CatchUpComposite2.xml (RunModel)" time="0.052" />
  <testcase classname="ptolemy.util.test.junit.AutoTests" name="[14] /home/travis/build/icyphy/ptII/ptolemy/actor/lib/hoc/test/auto/CatchUpComposite3.xml (RunModel)" time="0.05" />
  <testcase classname="ptolemy.util.test.junit.AutoTests" name="[15] /home/travis/build/icyphy/ptII/ptolemy/actor/lib/hoc/test/auto/CatchUpComposite4.xml (RunModel)" time="0.056" />
  <testcase classname="ptolemy.util.test.junit.AutoTests" name="[16] /home/travis/build/icyphy/ptII/ptolemy/actor/lib/hoc/test/auto/CatchUpComposite5.xml (RunModel)" time="0.041" />
  <testcase classname="ptolemy.util.test.junit.AutoTests" name="[17] /home/travis/build/icyphy/ptII/ptolemy/actor/lib/hoc/test/auto/CatchUpComposite6.xml (RunModel)" time="0.159" />
  <testcase classname="ptolemy.util.test.junit.AutoTests" name="[18] /home/travis/build/icyphy/ptII/ptolemy/actor/lib/hoc/test/auto/CatchUpComposite7.xml (RunModel)" time="0.097" />
  <testcase classname="ptolemy.util.test.junit.AutoTests" name="[19] /home/travis/build/icyphy/ptII/ptolemy/actor/lib/hoc/test/auto/ConcurrentExecutionTimeSDF.xml (RunModel)" time="1.344" />
  <testcase classname="ptolemy.util.test.junit.AutoTests" name="[20] /home/travis/build/icyphy/ptII/ptolemy/actor/lib/hoc/test/auto/ConcurrentSleep.xml (RunModel)" time="0.791" />
  <testcase classname="ptolemy.util.test.junit.AutoTests" name="[21] /home/travis/build/icyphy/ptII/ptolemy/actor/lib/hoc/test/auto/DEInPNInRunCompositeActor.xml (RunModel)" time="0.034" />
  <testcase classname="ptolemy.util.test.junit.AutoTests" name="[22] /home/travis/build/icyphy/ptII/ptolemy/actor/lib/hoc/test/auto/DFTSubSetTest.xml (RunModel)" time="0.254" />
  <testcase classname="ptolemy.util.test.junit.AutoTests" name="[23] /home/travis/build/icyphy/ptII/ptolemy/actor/lib/hoc/test/auto/HocDE.xml (RunModel)" time="0.155" />
  <testcase classname="ptolemy.util.test.junit.AutoTests" name="[24] /home/travis/build/icyphy/ptII/ptolemy/actor/lib/hoc/test/auto/IterateOverArray.xml (RunModel)" time="0.026" />
  <testcase classname="ptolemy.util.test.junit.AutoTests" name="[25] /home/travis/build/icyphy/ptII/ptolemy/actor/lib/hoc/test/auto/IterateOverArray10.xml (RunModel)" time="0.02" />
  <testcase classname="ptolemy.util.test.junit.AutoTests" name="[26] /home/travis/build/icyphy/ptII/ptolemy/actor/lib/hoc/test/auto/IterateOverArray11.xml (RunModel)" time="0.02" />
  <testcase classname="ptolemy.util.test.junit.AutoTests" name="[27] /home/travis/build/icyphy/ptII/ptolemy/actor/lib/hoc/test/auto/IterateOverArray12.xml (RunModel)" time="0.027" />
  <testcase classname="ptolemy.util.test.junit.AutoTests" name="[28] /home/travis/build/icyphy/ptII/ptolemy/actor/lib/hoc/test/auto/IterateOverArray13.xml (RunModel)" time="0.161" />
  <testcase classname="ptolemy.util.test.junit.AutoTests" name="[29] /home/travis/build/icyphy/ptII/ptolemy/actor/lib/hoc/test/auto/IterateOverArray14.xml (RunModel)" time="0.136" />
  <testcase classname="ptolemy.util.test.junit.AutoTests" name="[30] /home/travis/build/icyphy/ptII/ptolemy/actor/lib/hoc/test/auto/IterateOverArray2.xml (RunModel)" time="0.023" />
  <testcase classname="ptolemy.util.test.junit.AutoTests" name="[31] /home/travis/build/icyphy/ptII/ptolemy/actor/lib/hoc/test/auto/IterateOverArray3.xml (RunModel)" time="0.039" />
  <testcase classname="ptolemy.util.test.junit.AutoTests" name="[32] /home/travis/build/icyphy/ptII/ptolemy/actor/lib/hoc/test/auto/IterateOverArray4.xml (RunModel)" time="0.019" />
  <testcase classname="ptolemy.util.test.junit.AutoTests" name="[33] /home/travis/build/icyphy/ptII/ptolemy/actor/lib/hoc/test/auto/IterateOverArray5.xml (RunModel)" time="0.018" />
  <testcase classname="ptolemy.util.test.junit.AutoTests" name="[34] /home/travis/build/icyphy/ptII/ptolemy/actor/lib/hoc/test/auto/IterateOverArray6.xml (RunModel)" time="0.014" />
  <testcase classname="ptolemy.util.test.junit.AutoTests" name="[35] /home/travis/build/icyphy/ptII/ptolemy/actor/lib/hoc/test/auto/IterateOverArray7.xml (RunModel)" time="0.016" />
  <testcase classname="ptolemy.util.test.junit.AutoTests" name="[36] /home/travis/build/icyphy/ptII/ptolemy/actor/lib/hoc/test/auto/IterateOverArray8.xml (RunModel)" time="0.025" />
  <testcase classname="ptolemy.util.test.junit.AutoTests" name="[37] /home/travis/build/icyphy/ptII/ptolemy/actor/lib/hoc/test/auto/IterateOverArray9.xml (RunModel)" time="0.025" />
  <testcase classname="ptolemy.util.test.junit.AutoTests" name="[38] /home/travis/build/icyphy/ptII/ptolemy/actor/lib/hoc/test/auto/IterateOverArrayCoercedOutputType.xml (RunModel)" time="0.033" />
  <testcase classname="ptolemy.util.test.junit.AutoTests" name="[39] /home/travis/build/icyphy/ptII/ptolemy/actor/lib/hoc/test/auto/IterateOverArrayInferredOutputType.xml (RunModel)" time="0.04" />
  <testcase classname="ptolemy.util.test.junit.AutoTests" name="[40] /home/travis/build/icyphy/ptII/ptolemy/actor/lib/hoc/test/auto/MobileFunctionTest.xml (RunModel)" time="0.034" />
  <testcase classname="ptolemy.util.test.junit.AutoTests" name="[41] /home/travis/build/icyphy/ptII/ptolemy/actor/lib/hoc/test/auto/MobileModelTest.xml (RunModel)" time="0.104" />
  <testcase classname="ptolemy.util.test.junit.AutoTests" name="[42] /home/travis/build/icyphy/ptII/ptolemy/actor/lib/hoc/test/auto/ModelReference.xml (RunModel)" time="0.097" />
  <testcase classname="ptolemy.util.test.junit.AutoTests" name="[43] /home/travis/build/icyphy/ptII/ptolemy/actor/lib/hoc/test/auto/ModelReference3.xml (RunModel)" time="0.083" />
  <testcase classname="ptolemy.util.test.junit.AutoTests" name="[44] /home/travis/build/icyphy/ptII/ptolemy/actor/lib/hoc/test/auto/ModelReference4.xml (RunModel)" time="10.046" />
  <testcase classname="ptolemy.util.test.junit.AutoTests" name="[45] /home/travis/build/icyphy/ptII/ptolemy/actor/lib/hoc/test/auto/MultiInstanceComposite.xml (RunModel)" time="0.046" />
  <testcase classname="ptolemy.util.test.junit.AutoTests" name="[46] /home/travis/build/icyphy/ptII/ptolemy/actor/lib/hoc/test/auto/MultiInstanceComposite2.xml (RunModel)" time="0.042" />
  <testcase classname="ptolemy.util.test.junit.AutoTests" name="[47] /home/travis/build/icyphy/ptII/ptolemy/actor/lib/hoc/test/auto/MulticoreExecution.xml (RunModel)" time="1.097" />
  <testcase classname="ptolemy.util.test.junit.AutoTests" name="[48] /home/travis/build/icyphy/ptII/ptolemy/actor/lib/hoc/test/auto/ParallelExecution.xml (RunModel)" time="0.94" />
  <testcase classname="ptolemy.util.test.junit.AutoTests" name="[49] /home/travis/build/icyphy/ptII/ptolemy/actor/lib/hoc/test/auto/RunCompositeActor.xml (RunModel)" time="0.021" />
  <testcase classname="ptolemy.util.test.junit.AutoTests" name="[50] /home/travis/build/icyphy/ptII/ptolemy/actor/lib/hoc/test/auto/RunCompositeActor2.xml (RunModel)" time="0.029" />
  <testcase classname="ptolemy.util.test.junit.AutoTests" name="[51] /home/travis/build/icyphy/ptII/ptolemy/actor/lib/hoc/test/auto/RunCompositeActor3.xml (RunModel)" time="0.037" />
  <testcase classname="ptolemy.util.test.junit.AutoTests" name="[52] /home/travis/build/icyphy/ptII/ptolemy/actor/lib/hoc/test/auto/RunCompositeActor4.xml (RunModel)" time="0.032" />
  <testcase classname="ptolemy.util.test.junit.AutoTests" name="[53] /home/travis/build/icyphy/ptII/ptolemy/actor/lib/hoc/test/auto/RunCompositeIterateOverArray.xml (RunModel)" time="0.036" />
  <testcase classname="ptolemy.util.test.junit.AutoTests" name="[54] /home/travis/build/icyphy/ptII/ptolemy/actor/lib/hoc/test/auto/ThreadedJS.xml (RunModel)" time="4.755" />
  <system-out><![CDATA[/home/travis/build/icyphy/ptII/ptolemy/actor/lib/hoc/test/IterateOverArray.tcl
testDefs.tcl: setting time out to 9000 seconds at Mon Jun 18 23:33:18 UTC 2018
06/18/18 11:33:18
Failed: 0  Total Tests: 2  ((Passed: 2, Newly Passed: 0)  Known Failed: 0) /home/travis/build/icyphy/ptII/ptolemy/actor/lib/hoc/test
----------------- testing (KnownFailure) /home/travis/build/icyphy/ptII/ptolemy/actor/lib/hoc/test/auto/knownFailedTests/PreinitializeMustBeInvokedRunComposite.xml
40 ms. Memory: 116224K Free: 103583K (89%)
Known Failure: java.lang.reflect.InvocationTargetException
No auto/linux-amd64/*.xml tests in /home/travis/build/icyphy/ptII/ptolemy/actor/lib/hoc/test
AutoTests.java: About to close Vertx.
AutoTests.java: Vertx closed.

===========================================================================================
----------------- testing Mon Jun 18 23:33:19 UTC 2018 /home/travis/build/icyphy/ptII/ptolemy/actor/lib/hoc/test/auto/AllToAllMultiInstanceComposite.xml
----------------- Instantiating /home/travis/build/icyphy/ptII/ptolemy/actor/lib/hoc/test/auto/AllToAllMultiInstanceComposite.xml
82 ms. Memory: 146944K Free: 109196K (74%)
----------------- Invoking toplevel() on ptolemy.moml.MoMLSimpleApplication@44031695
----------------- Done invoking toplevel() on ptolemy.moml.MoMLSimpleApplication@44031695
reloadAllAccessors: .AllToAllMultiInstanceComposite

===========================================================================================
----------------- testing Mon Jun 18 23:33:19 UTC 2018 /home/travis/build/icyphy/ptII/ptolemy/actor/lib/hoc/test/auto/ApplyFFTTest.xml
----------------- Instantiating /home/travis/build/icyphy/ptII/ptolemy/actor/lib/hoc/test/auto/ApplyFFTTest.xml
101 ms. Memory: 146944K Free: 88182K (60%)
----------------- Invoking toplevel() on ptolemy.moml.MoMLSimpleApplication@198a9ace
----------------- Done invoking toplevel() on ptolemy.moml.MoMLSimpleApplication@198a9ace
reloadAllAccessors: .ApplyFFTTest

===========================================================================================
----------------- testing Mon Jun 18 23:33:20 UTC 2018 /home/travis/build/icyphy/ptII/ptolemy/actor/lib/hoc/test/auto/ApplyFunction.xml
----------------- Instantiating /home/travis/build/icyphy/ptII/ptolemy/actor/lib/hoc/test/auto/ApplyFunction.xml
15 ms. Memory: 146944K Free: 84471K (57%)
----------------- Invoking toplevel() on ptolemy.moml.MoMLSimpleApplication@60ea323b
----------------- Done invoking toplevel() on ptolemy.moml.MoMLSimpleApplication@60ea323b
reloadAllAccessors: .ApplyFunction

===========================================================================================
----------------- testing Mon Jun 18 23:33:20 UTC 2018 /home/travis/build/icyphy/ptII/ptolemy/actor/lib/hoc/test/auto/BackgroundExecution.xml
----------------- Instantiating /home/travis/build/icyphy/ptII/ptolemy/actor/lib/hoc/test/auto/BackgroundExecution.xml
632 ms. Memory: 146944K Free: 137205K (93%)
----------------- Invoking toplevel() on ptolemy.moml.MoMLSimpleApplication@281b93d9
----------------- Done invoking toplevel() on ptolemy.moml.MoMLSimpleApplication@281b93d9
reloadAllAccessors: .BackgroundExecution

===========================================================================================
----------------- testing Mon Jun 18 23:33:20 UTC 2018 /home/travis/build/icyphy/ptII/ptolemy/actor/lib/hoc/test/auto/Case.xml
----------------- Instantiating /home/travis/build/icyphy/ptII/ptolemy/actor/lib/hoc/test/auto/Case.xml
21 ms. Memory: 146944K Free: 128962K (88%)
----------------- Invoking toplevel() on ptolemy.moml.MoMLSimpleApplication@4c869e6d
----------------- Done invoking toplevel() on ptolemy.moml.MoMLSimpleApplication@4c869e6d
reloadAllAccessors: .Case

===========================================================================================
----------------- testing Mon Jun 18 23:33:20 UTC 2018 /home/travis/build/icyphy/ptII/ptolemy/actor/lib/hoc/test/auto/Case1.xml
----------------- Instantiating /home/travis/build/icyphy/ptII/ptolemy/actor/lib/hoc/test/auto/Case1.xml
17 ms. Memory: 146944K Free: 121789K (83%)
----------------- Invoking toplevel() on ptolemy.moml.MoMLSimpleApplication@ca1082e
----------------- Done invoking toplevel() on ptolemy.moml.MoMLSimpleApplication@ca1082e
reloadAllAccessors: .Case1

===========================================================================================
----------------- testing Mon Jun 18 23:33:20 UTC 2018 /home/travis/build/icyphy/ptII/ptolemy/actor/lib/hoc/test/auto/Case2.xml
----------------- Instantiating /home/travis/build/icyphy/ptII/ptolemy/actor/lib/hoc/test/auto/Case2.xml
47 ms. Memory: 146944K Free: 110147K (75%)
----------------- Invoking toplevel() on ptolemy.moml.MoMLSimpleApplication@46d0e46
----------------- Done invoking toplevel() on ptolemy.moml.MoMLSimpleApplication@46d0e46
reloadAllAccessors: .Case2

===========================================================================================
----------------- testing Mon Jun 18 23:33:21 UTC 2018 /home/travis/build/icyphy/ptII/ptolemy/actor/lib/hoc/test/auto/Case3.xml
----------------- Instantiating /home/travis/build/icyphy/ptII/ptolemy/actor/lib/hoc/test/auto/Case3.xml
14 ms. Memory: 146944K Free: 103440K (70%)
----------------- Invoking toplevel() on ptolemy.moml.MoMLSimpleApplication@52956922
----------------- Done invoking toplevel() on ptolemy.moml.MoMLSimpleApplication@52956922
reloadAllAccessors: .Case3

===========================================================================================
----------------- testing Mon Jun 18 23:33:21 UTC 2018 /home/travis/build/icyphy/ptII/ptolemy/actor/lib/hoc/test/auto/Case4.xml
----------------- Instantiating /home/travis/build/icyphy/ptII/ptolemy/actor/lib/hoc/test/auto/Case4.xml
14 ms. Memory: 146944K Free: 94411K (64%)
----------------- Invoking toplevel() on ptolemy.moml.MoMLSimpleApplication@5c8c0335
----------------- Done invoking toplevel() on ptolemy.moml.MoMLSimpleApplication@5c8c0335
reloadAllAccessors: .Case4

===========================================================================================
----------------- testing Mon Jun 18 23:33:21 UTC 2018 /home/travis/build/icyphy/ptII/ptolemy/actor/lib/hoc/test/auto/Case5.xml
----------------- Instantiating /home/travis/build/icyphy/ptII/ptolemy/actor/lib/hoc/test/auto/Case5.xml
51 ms. Memory: 146944K Free: 87303K (59%)
----------------- Invoking toplevel() on ptolemy.moml.MoMLSimpleApplication@71f38d0c
----------------- Done invoking toplevel() on ptolemy.moml.MoMLSimpleApplication@71f38d0c
reloadAllAccessors: .junk

===========================================================================================
----------------- testing Mon Jun 18 23:33:21 UTC 2018 /home/travis/build/icyphy/ptII/ptolemy/actor/lib/hoc/test/auto/Case6.xml
----------------- Instantiating /home/travis/build/icyphy/ptII/ptolemy/actor/lib/hoc/test/auto/Case6.xml
39 ms. Memory: 208384K Free: 196594K (94%)
----------------- Invoking toplevel() on ptolemy.moml.MoMLSimpleApplication@2b954e50
----------------- Done invoking toplevel() on ptolemy.moml.MoMLSimpleApplication@2b954e50
reloadAllAccessors: .Case6

===========================================================================================
----------------- testing Mon Jun 18 23:33:21 UTC 2018 /home/travis/build/icyphy/ptII/ptolemy/actor/lib/hoc/test/auto/CaseString2.xml
----------------- Instantiating /home/travis/build/icyphy/ptII/ptolemy/actor/lib/hoc/test/auto/CaseString2.xml
7 ms. Memory: 208384K Free: 186981K (90%)
----------------- Invoking toplevel() on ptolemy.moml.MoMLSimpleApplication@6a698de6
----------------- Done invoking toplevel() on ptolemy.moml.MoMLSimpleApplication@6a698de6
reloadAllAccessors: .CaseString2

===========================================================================================
----------------- testing Mon Jun 18 23:33:21 UTC 2018 /home/travis/build/icyphy/ptII/ptolemy/actor/lib/hoc/test/auto/CatchUpComposite1.xml
----------------- Instantiating /home/travis/build/icyphy/ptII/ptolemy/actor/lib/hoc/test/auto/CatchUpComposite1.xml
30 ms. Memory: 208384K Free: 177133K (85%)
----------------- Invoking toplevel() on ptolemy.moml.MoMLSimpleApplication@28134ac6
----------------- Done invoking toplevel() on ptolemy.moml.MoMLSimpleApplication@28134ac6
reloadAllAccessors: .CatchUpComposite1

===========================================================================================
----------------- testing Mon Jun 18 23:33:21 UTC 2018 /home/travis/build/icyphy/ptII/ptolemy/actor/lib/hoc/test/auto/CatchUpComposite2.xml
----------------- Instantiating /home/travis/build/icyphy/ptII/ptolemy/actor/lib/hoc/test/auto/CatchUpComposite2.xml
16 ms. Memory: 208384K Free: 167287K (80%)
----------------- Invoking toplevel() on ptolemy.moml.MoMLSimpleApplication@db46c0d
----------------- Done invoking toplevel() on ptolemy.moml.MoMLSimpleApplication@db46c0d
reloadAllAccessors: .CatchUpComposite2

===========================================================================================
----------------- testing Mon Jun 18 23:33:21 UTC 2018 /home/travis/build/icyphy/ptII/ptolemy/actor/lib/hoc/test/auto/CatchUpComposite3.xml
----------------- Instantiating /home/travis/build/icyphy/ptII/ptolemy/actor/lib/hoc/test/auto/CatchUpComposite3.xml
9 ms. Memory: 208384K Free: 157139K (75%)
----------------- Invoking toplevel() on ptolemy.moml.MoMLSimpleApplication@66eaadf4
----------------- Done invoking toplevel() on ptolemy.moml.MoMLSimpleApplication@66eaadf4
reloadAllAccessors: .CatchUpComposite3

===========================================================================================
----------------- testing Mon Jun 18 23:33:21 UTC 2018 /home/travis/build/icyphy/ptII/ptolemy/actor/lib/hoc/test/auto/CatchUpComposite4.xml
----------------- Instantiating /home/travis/build/icyphy/ptII/ptolemy/actor/lib/hoc/test/auto/CatchUpComposite4.xml
17 ms. Memory: 208384K Free: 147906K (71%)
----------------- Invoking toplevel() on ptolemy.moml.MoMLSimpleApplication@66ad3396
----------------- Done invoking toplevel() on ptolemy.moml.MoMLSimpleApplication@66ad3396
reloadAllAccessors: .CatchUpComposite4

===========================================================================================
----------------- testing Mon Jun 18 23:33:21 UTC 2018 /home/travis/build/icyphy/ptII/ptolemy/actor/lib/hoc/test/auto/CatchUpComposite5.xml
----------------- Instantiating /home/travis/build/icyphy/ptII/ptolemy/actor/lib/hoc/test/auto/CatchUpComposite5.xml
12 ms. Memory: 208384K Free: 139272K (67%)
----------------- Invoking toplevel() on ptolemy.moml.MoMLSimpleApplication@775286aa
----------------- Done invoking toplevel() on ptolemy.moml.MoMLSimpleApplication@775286aa
reloadAllAccessors: .CatchUpComposite5

===========================================================================================
----------------- testing Mon Jun 18 23:33:21 UTC 2018 /home/travis/build/icyphy/ptII/ptolemy/actor/lib/hoc/test/auto/CatchUpComposite6.xml
----------------- Instantiating /home/travis/build/icyphy/ptII/ptolemy/actor/lib/hoc/test/auto/CatchUpComposite6.xml
WARNING: The execution aspects in this model can influence the timing of actors by delaying the 
execution, potentially changing the behavior. There is no guarantee that actors fire at the 
time they request to be fired. 
Use Ptides for deterministic DE behavior that is not influenced by execution aspects. 

87 ms. Memory: 208384K Free: 120442K (58%)
----------------- Invoking toplevel() on ptolemy.moml.MoMLSimpleApplication@4b6ed285
----------------- Done invoking toplevel() on ptolemy.moml.MoMLSimpleApplication@4b6ed285
reloadAllAccessors: .CatchUpComposite6

===========================================================================================
----------------- testing Mon Jun 18 23:33:21 UTC 2018 /home/travis/build/icyphy/ptII/ptolemy/actor/lib/hoc/test/auto/CatchUpComposite7.xml
----------------- Instantiating /home/travis/build/icyphy/ptII/ptolemy/actor/lib/hoc/test/auto/CatchUpComposite7.xml
WARNING: The execution aspects in this model can influence the timing of actors by delaying the 
execution, potentially changing the behavior. There is no guarantee that actors fire at the 
time they request to be fired. 
Use Ptides for deterministic DE behavior that is not influenced by execution aspects. 

37 ms. Memory: 208384K Free: 103110K (49%)
----------------- Invoking toplevel() on ptolemy.moml.MoMLSimpleApplication@3edefe6e
----------------- Done invoking toplevel() on ptolemy.moml.MoMLSimpleApplication@3edefe6e
reloadAllAccessors: .CatchUpComposite7

===========================================================================================
----------------- testing Mon Jun 18 23:33:21 UTC 2018 /home/travis/build/icyphy/ptII/ptolemy/actor/lib/hoc/test/auto/ConcurrentExecutionTimeSDF.xml
----------------- Instantiating /home/travis/build/icyphy/ptII/ptolemy/actor/lib/hoc/test/auto/ConcurrentExecutionTimeSDF.xml
Fired ExecutionTime: 40400000
Fired ExecutionTime: 40400000
Fired ExecutionTime: 40400000
Fired ExecutionTime: 40400000
Fired ExecutionTime: 40400000
Fired ExecutionTime: 40400000
Fired ExecutionTime: 40400000
Fired ExecutionTime: 40400000
Fired ExecutionTime: 40400000
Fired ExecutionTime: 40400000
Fired ExecutionTime: 40400000
Fired ExecutionTime: 40400000
Fired ExecutionTime: 40400000
Fired ExecutionTime: 40400000
Fired ExecutionTime: 40400000
Fired ExecutionTime: 40400000
Fired ExecutionTime: 40400000
Fired ExecutionTime: 40400000
Fired ExecutionTime: 40400000
Fired ExecutionTime: 40400000
1324 ms. Memory: 208384K Free: 94444K (45%)
----------------- Invoking toplevel() on ptolemy.moml.MoMLSimpleApplication@1a06d217
----------------- Done invoking toplevel() on ptolemy.moml.MoMLSimpleApplication@1a06d217
reloadAllAccessors: .ConcurrentExecutionTimeSDF

===========================================================================================
----------------- testing Mon Jun 18 23:33:23 UTC 2018 /home/travis/build/icyphy/ptII/ptolemy/actor/lib/hoc/test/auto/ConcurrentSleep.xml
----------------- Instantiating /home/travis/build/icyphy/ptII/ptolemy/actor/lib/hoc/test/auto/ConcurrentSleep.xml
747 ms. Memory: 208384K Free: 200914K (96%)
----------------- Invoking toplevel() on ptolemy.moml.MoMLSimpleApplication@5c0c960f
----------------- Done invoking toplevel() on ptolemy.moml.MoMLSimpleApplication@5c0c960f
reloadAllAccessors: .ConcurrentSleep

===========================================================================================
----------------- testing Mon Jun 18 23:33:24 UTC 2018 /home/travis/build/icyphy/ptII/ptolemy/actor/lib/hoc/test/auto/DEInPNInRunCompositeActor.xml
----------------- Instantiating /home/travis/build/icyphy/ptII/ptolemy/actor/lib/hoc/test/auto/DEInPNInRunCompositeActor.xml
12 ms. Memory: 208384K Free: 193459K (93%)
----------------- Invoking toplevel() on ptolemy.moml.MoMLSimpleApplication@d59584f
----------------- Done invoking toplevel() on ptolemy.moml.MoMLSimpleApplication@d59584f
reloadAllAccessors: .DEInPNInRunCompositeActor

===========================================================================================
----------------- testing Mon Jun 18 23:33:24 UTC 2018 /home/travis/build/icyphy/ptII/ptolemy/actor/lib/hoc/test/auto/DFTSubSetTest.xml
----------------- Instantiating /home/travis/build/icyphy/ptII/ptolemy/actor/lib/hoc/test/auto/DFTSubSetTest.xml
157 ms. Memory: 208384K Free: 146264K (70%)
----------------- Invoking toplevel() on ptolemy.moml.MoMLSimpleApplication@7f1d110b
----------------- Done invoking toplevel() on ptolemy.moml.MoMLSimpleApplication@7f1d110b
reloadAllAccessors: .DFTSubSetTest

===========================================================================================
----------------- testing Mon Jun 18 23:33:24 UTC 2018 /home/travis/build/icyphy/ptII/ptolemy/actor/lib/hoc/test/auto/HocDE.xml
----------------- Instantiating /home/travis/build/icyphy/ptII/ptolemy/actor/lib/hoc/test/auto/HocDE.xml
119 ms. Memory: 208384K Free: 118770K (57%)
----------------- Invoking toplevel() on ptolemy.moml.MoMLSimpleApplication@e0d3d3b
----------------- Done invoking toplevel() on ptolemy.moml.MoMLSimpleApplication@e0d3d3b
reloadAllAccessors: .HocDE

===========================================================================================
----------------- testing Mon Jun 18 23:33:24 UTC 2018 /home/travis/build/icyphy/ptII/ptolemy/actor/lib/hoc/test/auto/IterateOverArray.xml
----------------- Instantiating /home/travis/build/icyphy/ptII/ptolemy/actor/lib/hoc/test/auto/IterateOverArray.xml
6 ms. Memory: 208384K Free: 114346K (55%)
----------------- Invoking toplevel() on ptolemy.moml.MoMLSimpleApplication@67ad070a
----------------- Done invoking toplevel() on ptolemy.moml.MoMLSimpleApplication@67ad070a
reloadAllAccessors: .IterateOverArray

===========================================================================================
----------------- testing Mon Jun 18 23:33:24 UTC 2018 /home/travis/build/icyphy/ptII/ptolemy/actor/lib/hoc/test/auto/IterateOverArray10.xml
----------------- Instantiating /home/travis/build/icyphy/ptII/ptolemy/actor/lib/hoc/test/auto/IterateOverArray10.xml
2 ms. Memory: 208384K Free: 110244K (53%)
----------------- Invoking toplevel() on ptolemy.moml.MoMLSimpleApplication@43d92091
----------------- Done invoking toplevel() on ptolemy.moml.MoMLSimpleApplication@43d92091
reloadAllAccessors: .IterateOverArray10

===========================================================================================
----------------- testing Mon Jun 18 23:33:24 UTC 2018 /home/travis/build/icyphy/ptII/ptolemy/actor/lib/hoc/test/auto/IterateOverArray11.xml
----------------- Instantiating /home/travis/build/icyphy/ptII/ptolemy/actor/lib/hoc/test/auto/IterateOverArray11.xml
3 ms. Memory: 208384K Free: 105788K (51%)
----------------- Invoking toplevel() on ptolemy.moml.MoMLSimpleApplication@64d2ef3b
----------------- Done invoking toplevel() on ptolemy.moml.MoMLSimpleApplication@64d2ef3b
reloadAllAccessors: .IterateOverArray11

===========================================================================================
----------------- testing Mon Jun 18 23:33:24 UTC 2018 /home/travis/build/icyphy/ptII/ptolemy/actor/lib/hoc/test/auto/IterateOverArray12.xml
----------------- Instantiating /home/travis/build/icyphy/ptII/ptolemy/actor/lib/hoc/test/auto/IterateOverArray12.xml
9 ms. Memory: 208384K Free: 98736K (47%)
----------------- Invoking toplevel() on ptolemy.moml.MoMLSimpleApplication@2fabaf5e
----------------- Done invoking toplevel() on ptolemy.moml.MoMLSimpleApplication@2fabaf5e
reloadAllAccessors: .IterateOverArray12

===========================================================================================
----------------- testing Mon Jun 18 23:33:24 UTC 2018 /home/travis/build/icyphy/ptII/ptolemy/actor/lib/hoc/test/auto/IterateOverArray13.xml
----------------- Instantiating /home/travis/build/icyphy/ptII/ptolemy/actor/lib/hoc/test/auto/IterateOverArray13.xml
101 ms. Memory: 331776K Free: 315215K (95%)
----------------- Invoking toplevel() on ptolemy.moml.MoMLSimpleApplication@49892182
----------------- Done invoking toplevel() on ptolemy.moml.MoMLSimpleApplication@49892182
reloadAllAccessors: .IterateOverArray13

===========================================================================================
----------------- testing Mon Jun 18 23:33:24 UTC 2018 /home/travis/build/icyphy/ptII/ptolemy/actor/lib/hoc/test/auto/IterateOverArray14.xml
----------------- Instantiating /home/travis/build/icyphy/ptII/ptolemy/actor/lib/hoc/test/auto/IterateOverArray14.xml
60 ms. Memory: 331776K Free: 278198K (84%)
----------------- Invoking toplevel() on ptolemy.moml.MoMLSimpleApplication@b9354fd
----------------- Done invoking toplevel() on ptolemy.moml.MoMLSimpleApplication@b9354fd
reloadAllAccessors: .IterateOverArray14

===========================================================================================
----------------- testing Mon Jun 18 23:33:24 UTC 2018 /home/travis/build/icyphy/ptII/ptolemy/actor/lib/hoc/test/auto/IterateOverArray2.xml
----------------- Instantiating /home/travis/build/icyphy/ptII/ptolemy/actor/lib/hoc/test/auto/IterateOverArray2.xml
8 ms. Memory: 331776K Free: 273261K (82%)
----------------- Invoking toplevel() on ptolemy.moml.MoMLSimpleApplication@6ba7af26
----------------- Done invoking toplevel() on ptolemy.moml.MoMLSimpleApplication@6ba7af26
reloadAllAccessors: .IterateOverArray2

===========================================================================================
----------------- testing Mon Jun 18 23:33:24 UTC 2018 /home/travis/build/icyphy/ptII/ptolemy/actor/lib/hoc/test/auto/IterateOverArray3.xml
----------------- Instantiating /home/travis/build/icyphy/ptII/ptolemy/actor/lib/hoc/test/auto/IterateOverArray3.xml
9 ms. Memory: 331776K Free: 264567K (80%)
----------------- Invoking toplevel() on ptolemy.moml.MoMLSimpleApplication@2f95f17
----------------- Done invoking toplevel() on ptolemy.moml.MoMLSimpleApplication@2f95f17
reloadAllAccessors: .IterateOverArray3

===========================================================================================
----------------- testing Mon Jun 18 23:33:24 UTC 2018 /home/travis/build/icyphy/ptII/ptolemy/actor/lib/hoc/test/auto/IterateOverArray4.xml
----------------- Instantiating /home/travis/build/icyphy/ptII/ptolemy/actor/lib/hoc/test/auto/IterateOverArray4.xml
5 ms. Memory: 331776K Free: 260644K (79%)
----------------- Invoking toplevel() on ptolemy.moml.MoMLSimpleApplication@33f0d2c9
----------------- Done invoking toplevel() on ptolemy.moml.MoMLSimpleApplication@33f0d2c9
reloadAllAccessors: .IterateOverArray4

===========================================================================================
----------------- testing Mon Jun 18 23:33:24 UTC 2018 /home/travis/build/icyphy/ptII/ptolemy/actor/lib/hoc/test/auto/IterateOverArray5.xml
----------------- Instantiating /home/travis/build/icyphy/ptII/ptolemy/actor/lib/hoc/test/auto/IterateOverArray5.xml
3 ms. Memory: 331776K Free: 255739K (77%)
----------------- Invoking toplevel() on ptolemy.moml.MoMLSimpleApplication@3e0ad892
----------------- Done invoking toplevel() on ptolemy.moml.MoMLSimpleApplication@3e0ad892
reloadAllAccessors: .IterateOverArray5

===========================================================================================
----------------- testing Mon Jun 18 23:33:24 UTC 2018 /home/travis/build/icyphy/ptII/ptolemy/actor/lib/hoc/test/auto/IterateOverArray6.xml
----------------- Instantiating /home/travis/build/icyphy/ptII/ptolemy/actor/lib/hoc/test/auto/IterateOverArray6.xml
2 ms. Memory: 331776K Free: 250969K (76%)
----------------- Invoking toplevel() on ptolemy.moml.MoMLSimpleApplication@47c89d1e
----------------- Done invoking toplevel() on ptolemy.moml.MoMLSimpleApplication@47c89d1e
reloadAllAccessors: .IterateOverArray6

===========================================================================================
----------------- testing Mon Jun 18 23:33:24 UTC 2018 /home/travis/build/icyphy/ptII/ptolemy/actor/lib/hoc/test/auto/IterateOverArray7.xml
----------------- Instantiating /home/travis/build/icyphy/ptII/ptolemy/actor/lib/hoc/test/auto/IterateOverArray7.xml
4 ms. Memory: 331776K Free: 245075K (74%)
----------------- Invoking toplevel() on ptolemy.moml.MoMLSimpleApplication@10879d08
----------------- Done invoking toplevel() on ptolemy.moml.MoMLSimpleApplication@10879d08
reloadAllAccessors: .IterateOverArray7

===========================================================================================
----------------- testing Mon Jun 18 23:33:25 UTC 2018 /home/travis/build/icyphy/ptII/ptolemy/actor/lib/hoc/test/auto/IterateOverArray8.xml
----------------- Instantiating /home/travis/build/icyphy/ptII/ptolemy/actor/lib/hoc/test/auto/IterateOverArray8.xml
4 ms. Memory: 331776K Free: 239324K (72%)
----------------- Invoking toplevel() on ptolemy.moml.MoMLSimpleApplication@4aff9475
----------------- Done invoking toplevel() on ptolemy.moml.MoMLSimpleApplication@4aff9475
reloadAllAccessors: .IterateOverArray8

===========================================================================================
----------------- testing Mon Jun 18 23:33:25 UTC 2018 /home/travis/build/icyphy/ptII/ptolemy/actor/lib/hoc/test/auto/IterateOverArray9.xml
----------------- Instantiating /home/travis/build/icyphy/ptII/ptolemy/actor/lib/hoc/test/auto/IterateOverArray9.xml
8 ms. Memory: 331776K Free: 234403K (71%)
----------------- Invoking toplevel() on ptolemy.moml.MoMLSimpleApplication@133db60
----------------- Done invoking toplevel() on ptolemy.moml.MoMLSimpleApplication@133db60
reloadAllAccessors: .IterateOverArray9

===========================================================================================
----------------- testing Mon Jun 18 23:33:25 UTC 2018 /home/travis/build/icyphy/ptII/ptolemy/actor/lib/hoc/test/auto/IterateOverArrayCoercedOutputType.xml
----------------- Instantiating /home/travis/build/icyphy/ptII/ptolemy/actor/lib/hoc/test/auto/IterateOverArrayCoercedOutputType.xml
4 ms. Memory: 331776K Free: 227536K (69%)
----------------- Invoking toplevel() on ptolemy.moml.MoMLSimpleApplication@7f3e6aa0
----------------- Done invoking toplevel() on ptolemy.moml.MoMLSimpleApplication@7f3e6aa0
reloadAllAccessors: .IterateOverArrayCoercedOutputType

===========================================================================================
----------------- testing Mon Jun 18 23:33:25 UTC 2018 /home/travis/build/icyphy/ptII/ptolemy/actor/lib/hoc/test/auto/IterateOverArrayInferredOutputType.xml
----------------- Instantiating /home/travis/build/icyphy/ptII/ptolemy/actor/lib/hoc/test/auto/IterateOverArrayInferredOutputType.xml
11 ms. Memory: 331776K Free: 221785K (67%)
----------------- Invoking toplevel() on ptolemy.moml.MoMLSimpleApplication@1c2e3e06
----------------- Done invoking toplevel() on ptolemy.moml.MoMLSimpleApplication@1c2e3e06
reloadAllAccessors: .IterateOverArrayInferredOutputType

===========================================================================================
----------------- testing Mon Jun 18 23:33:25 UTC 2018 /home/travis/build/icyphy/ptII/ptolemy/actor/lib/hoc/test/auto/MobileFunctionTest.xml
----------------- Instantiating /home/travis/build/icyphy/ptII/ptolemy/actor/lib/hoc/test/auto/MobileFunctionTest.xml
5 ms. Memory: 331776K Free: 215899K (65%)
----------------- Invoking toplevel() on ptolemy.moml.MoMLSimpleApplication@6055091b
----------------- Done invoking toplevel() on ptolemy.moml.MoMLSimpleApplication@6055091b
reloadAllAccessors: .MobileFunctionTest

===========================================================================================
----------------- testing Mon Jun 18 23:33:25 UTC 2018 /home/travis/build/icyphy/ptII/ptolemy/actor/lib/hoc/test/auto/MobileModelTest.xml
----------------- Instantiating /home/travis/build/icyphy/ptII/ptolemy/actor/lib/hoc/test/auto/MobileModelTest.xml
69 ms. Memory: 331776K Free: 195282K (59%)
----------------- Invoking toplevel() on ptolemy.moml.MoMLSimpleApplication@14e68720
----------------- Done invoking toplevel() on ptolemy.moml.MoMLSimpleApplication@14e68720
reloadAllAccessors: .MobileModelTest

===========================================================================================
----------------- testing Mon Jun 18 23:33:25 UTC 2018 /home/travis/build/icyphy/ptII/ptolemy/actor/lib/hoc/test/auto/ModelReference.xml
----------------- Instantiating /home/travis/build/icyphy/ptII/ptolemy/actor/lib/hoc/test/auto/ModelReference.xml
3 ms. Memory: 331776K Free: 186588K (56%)
5 ms. Memory: 331776K Free: 185607K (56%)
2 ms. Memory: 331776K Free: 184626K (56%)
2 ms. Memory: 331776K Free: 183645K (55%)
1 ms. Memory: 331776K Free: 182664K (55%)
2 ms. Memory: 331776K Free: 182664K (55%)
1 ms. Memory: 331776K Free: 181683K (55%)
1 ms. Memory: 331776K Free: 180702K (54%)
3 ms. Memory: 331776K Free: 179721K (54%)
4 ms. Memory: 331776K Free: 178740K (54%)
36 ms. Memory: 331776K Free: 178740K (54%)
----------------- Invoking toplevel() on ptolemy.moml.MoMLSimpleApplication@144b4f31
----------------- Done invoking toplevel() on ptolemy.moml.MoMLSimpleApplication@144b4f31
reloadAllAccessors: .ModelReference

===========================================================================================
----------------- testing Mon Jun 18 23:33:25 UTC 2018 /home/travis/build/icyphy/ptII/ptolemy/actor/lib/hoc/test/auto/ModelReference3.xml
----------------- Instantiating /home/travis/build/icyphy/ptII/ptolemy/actor/lib/hoc/test/auto/ModelReference3.xml
2 ms. Memory: 331776K Free: 173835K (52%)
2 ms. Memory: 331776K Free: 172854K (52%)
7 ms. Memory: 331776K Free: 171873K (52%)
2 ms. Memory: 331776K Free: 170892K (52%)
1 ms. Memory: 331776K Free: 170892K (52%)
6 ms. Memory: 331776K Free: 169879K (51%)
3 ms. Memory: 331776K Free: 168898K (51%)
3 ms. Memory: 331776K Free: 167917K (51%)
3 ms. Memory: 331776K Free: 166936K (50%)
1 ms. Memory: 331776K Free: 165955K (50%)
38 ms. Memory: 331776K Free: 165955K (50%)
----------------- Invoking toplevel() on ptolemy.moml.MoMLSimpleApplication@78420079
----------------- Done invoking toplevel() on ptolemy.moml.MoMLSimpleApplication@78420079
reloadAllAccessors: .ModelReference3

===========================================================================================
----------------- testing Mon Jun 18 23:33:25 UTC 2018 /home/travis/build/icyphy/ptII/ptolemy/actor/lib/hoc/test/auto/ModelReference4.xml
----------------- Instantiating /home/travis/build/icyphy/ptII/ptolemy/actor/lib/hoc/test/auto/ModelReference4.xml
3 ms. Memory: 331776K Free: 160205K (48%)
2 ms. Memory: 331776K Free: 158243K (48%)
3 ms. Memory: 331776K Free: 157262K (47%)
3 ms. Memory: 331776K Free: 156281K (47%)
3 ms. Memory: 331776K Free: 155300K (47%)
11 ms. Memory: 331776K Free: 153338K (46%)
5 ms. Memory: 331776K Free: 152357K (46%)
2 ms. Memory: 331776K Free: 151376K (46%)
2 ms. Memory: 331776K Free: 150395K (45%)
2 ms. Memory: 331776K Free: 149414K (45%)
10033 ms. Memory: 331776K Free: 149414K (45%)
----------------- Invoking toplevel() on ptolemy.moml.MoMLSimpleApplication@4e66e82a
----------------- Done invoking toplevel() on ptolemy.moml.MoMLSimpleApplication@4e66e82a
reloadAllAccessors: .ModelReference4

===========================================================================================
----------------- testing Mon Jun 18 23:33:35 UTC 2018 /home/travis/build/icyphy/ptII/ptolemy/actor/lib/hoc/test/auto/MultiInstanceComposite.xml
----------------- Instantiating /home/travis/build/icyphy/ptII/ptolemy/actor/lib/hoc/test/auto/MultiInstanceComposite.xml
27 ms. Memory: 331776K Free: 132705K (40%)
----------------- Invoking toplevel() on ptolemy.moml.MoMLSimpleApplication@7158ba23
----------------- Done invoking toplevel() on ptolemy.moml.MoMLSimpleApplication@7158ba23
reloadAllAccessors: .MultiInstanceComposite

===========================================================================================
----------------- testing Mon Jun 18 23:33:35 UTC 2018 /home/travis/build/icyphy/ptII/ptolemy/actor/lib/hoc/test/auto/MultiInstanceComposite2.xml
----------------- Instantiating /home/travis/build/icyphy/ptII/ptolemy/actor/lib/hoc/test/auto/MultiInstanceComposite2.xml
22 ms. Memory: 331776K Free: 119936K (36%)
----------------- Invoking toplevel() on ptolemy.moml.MoMLSimpleApplication@39d96d07
----------------- Done invoking toplevel() on ptolemy.moml.MoMLSimpleApplication@39d96d07
reloadAllAccessors: .MultiInstanceComposite2

===========================================================================================
----------------- testing Mon Jun 18 23:33:35 UTC 2018 /home/travis/build/icyphy/ptII/ptolemy/actor/lib/hoc/test/auto/MulticoreExecution.xml
----------------- Instantiating /home/travis/build/icyphy/ptII/ptolemy/actor/lib/hoc/test/auto/MulticoreExecution.xml
Fired ExecutionTime: 2000000
Fired ExecutionTime: 4400000
Fired ExecutionTime: 2000000
Fired ExecutionTime: 4000000
Fired ExecutionTime: 2800000
Fired ExecutionTime: 2800000
Fired ExecutionTime: 51200000
Fired ExecutionTime: 61600000
Fired ExecutionTime: 66400000
Fired ExecutionTime: 66400000
Fired ExecutionTime: 66400000
Fired ExecutionTime: 66400000
Fired ExecutionTime: 67200000
Fired ExecutionTime: 70400000
Fired ExecutionTime: 65600000
Fired ExecutionTime: 66000000
Fired ExecutionTime: 65600000
Fired ExecutionTime: 65600000
Fired ExecutionTime: 65600000
Fired ExecutionTime: 65600000
1071 ms. Memory: 331776K Free: 107318K (32%)
----------------- Invoking toplevel() on ptolemy.moml.MoMLSimpleApplication@541a4e74
----------------- Done invoking toplevel() on ptolemy.moml.MoMLSimpleApplication@541a4e74
reloadAllAccessors: .MulticoreExecution

===========================================================================================
----------------- testing Mon Jun 18 23:33:36 UTC 2018 /home/travis/build/icyphy/ptII/ptolemy/actor/lib/hoc/test/auto/ParallelExecution.xml
----------------- Instantiating /home/travis/build/icyphy/ptII/ptolemy/actor/lib/hoc/test/auto/ParallelExecution.xml
917 ms. Memory: 331776K Free: 97508K (29%)
----------------- Invoking toplevel() on ptolemy.moml.MoMLSimpleApplication@12fa0d2e
----------------- Done invoking toplevel() on ptolemy.moml.MoMLSimpleApplication@12fa0d2e
reloadAllAccessors: .ParallelExecution

===========================================================================================
----------------- testing Mon Jun 18 23:33:37 UTC 2018 /home/travis/build/icyphy/ptII/ptolemy/actor/lib/hoc/test/auto/RunCompositeActor.xml
----------------- Instantiating /home/travis/build/icyphy/ptII/ptolemy/actor/lib/hoc/test/auto/RunCompositeActor.xml
5 ms. Memory: 331776K Free: 88774K (27%)
----------------- Invoking toplevel() on ptolemy.moml.MoMLSimpleApplication@3bfc7dd6
----------------- Done invoking toplevel() on ptolemy.moml.MoMLSimpleApplication@3bfc7dd6
reloadAllAccessors: .RunCompositeActor

===========================================================================================
----------------- testing Mon Jun 18 23:33:37 UTC 2018 /home/travis/build/icyphy/ptII/ptolemy/actor/lib/hoc/test/auto/RunCompositeActor2.xml
----------------- Instantiating /home/travis/build/icyphy/ptII/ptolemy/actor/lib/hoc/test/auto/RunCompositeActor2.xml
9 ms. Memory: 331776K Free: 81875K (25%)
----------------- Invoking toplevel() on ptolemy.moml.MoMLSimpleApplication@3fdd1fb2
----------------- Done invoking toplevel() on ptolemy.moml.MoMLSimpleApplication@3fdd1fb2
reloadAllAccessors: .RunCompositeActor2

===========================================================================================
----------------- testing Mon Jun 18 23:33:37 UTC 2018 /home/travis/build/icyphy/ptII/ptolemy/actor/lib/hoc/test/auto/RunCompositeActor3.xml
----------------- Instantiating /home/travis/build/icyphy/ptII/ptolemy/actor/lib/hoc/test/auto/RunCompositeActor3.xml
3 ms. Memory: 332288K Free: 320377K (96%)
----------------- Invoking toplevel() on ptolemy.moml.MoMLSimpleApplication@38920c3d
----------------- Done invoking toplevel() on ptolemy.moml.MoMLSimpleApplication@38920c3d
reloadAllAccessors: .RunCompositeActor3

===========================================================================================
----------------- testing Mon Jun 18 23:33:37 UTC 2018 /home/travis/build/icyphy/ptII/ptolemy/actor/lib/hoc/test/auto/RunCompositeActor4.xml
----------------- Instantiating /home/travis/build/icyphy/ptII/ptolemy/actor/lib/hoc/test/auto/RunCompositeActor4.xml
13 ms. Memory: 332288K Free: 309710K (93%)
----------------- Invoking toplevel() on ptolemy.moml.MoMLSimpleApplication@63f67b4b
----------------- Done invoking toplevel() on ptolemy.moml.MoMLSimpleApplication@63f67b4b
reloadAllAccessors: .RunCompositeActor4

===========================================================================================
----------------- testing Mon Jun 18 23:33:37 UTC 2018 /home/travis/build/icyphy/ptII/ptolemy/actor/lib/hoc/test/auto/RunCompositeIterateOverArray.xml
----------------- Instantiating /home/travis/build/icyphy/ptII/ptolemy/actor/lib/hoc/test/auto/RunCompositeIterateOverArray.xml
8 ms. Memory: 332288K Free: 302954K (91%)
----------------- Invoking toplevel() on ptolemy.moml.MoMLSimpleApplication@2aa10e82
----------------- Done invoking toplevel() on ptolemy.moml.MoMLSimpleApplication@2aa10e82
reloadAllAccessors: .RunCompositeIterateOverArray

===========================================================================================
----------------- testing Mon Jun 18 23:33:37 UTC 2018 /home/travis/build/icyphy/ptII/ptolemy/actor/lib/hoc/test/auto/ThreadedJS.xml
----------------- Instantiating /home/travis/build/icyphy/ptII/ptolemy/actor/lib/hoc/test/auto/ThreadedJS.xml
1699 ms. Memory: 541184K Free: 159765K (30%)
----------------- Invoking toplevel() on ptolemy.moml.MoMLSimpleApplication@78000ce2
----------------- Done invoking toplevel() on ptolemy.moml.MoMLSimpleApplication@78000ce2
reloadAllAccessors: .ThreadedJS
AutoTests.java: About to close Vertx.
AutoTests.java: Vertx closed.
]]></system-out>
  <system-err><![CDATA[java.lang.RuntimeException: Execution failed
	at ptolemy.moml.MoMLSimpleApplication$UnloadThread.run(MoMLSimpleApplication.java:402)
Caused by: ptolemy.kernel.util.IllegalActionException: initialize() was called after wrapup() was called but preinitialize() was not called after wrapup().
	at ptolemy.actor.lib.hoc.test.PreinitializeMustBeInvoked.initialize(PreinitializeMustBeInvoked.java:78)
	at ptolemy.actor.Director.initialize(Director.java:938)
	at ptolemy.actor.Director.initialize(Director.java:907)
	at ptolemy.actor.sched.StaticSchedulingDirector.initialize(StaticSchedulingDirector.java:159)
	at ptolemy.domains.sdf.kernel.SDFDirector.initialize(SDFDirector.java:544)
	at ptolemy.actor.CompositeActor.initialize(CompositeActor.java:935)
	at ptolemy.actor.lib.hoc.LifeCycleManager._executeInsideModel(LifeCycleManager.java:339)
	at ptolemy.actor.lib.hoc.RunCompositeActor.fire(RunCompositeActor.java:205)
	at ptolemy.actor.CompositeActor.iterate(CompositeActor.java:1146)
	at ptolemy.actor.sched.StaticSchedulingDirector.fire(StaticSchedulingDirector.java:216)
	at ptolemy.domains.sdf.kernel.SDFDirector.fire(SDFDirector.java:500)
	at ptolemy.actor.CompositeActor.fire(CompositeActor.java:455)
	at ptolemy.actor.Manager.iterate(Manager.java:851)
	at ptolemy.actor.Manager.execute(Manager.java:369)
	at ptolemy.actor.Manager.run(Manager.java:1263)
	at ptolemy.actor.Manager$PtolemyRunThread.run(Manager.java:1915)
java.lang.reflect.InvocationTargetException
	at sun.reflect.NativeConstructorAccessorImpl.newInstance0(Native Method)
	at sun.reflect.NativeConstructorAccessorImpl.newInstance(NativeConstructorAccessorImpl.java:62)
	at sun.reflect.DelegatingConstructorAccessorImpl.newInstance(DelegatingConstructorAccessorImpl.java:45)
	at java.lang.reflect.Constructor.newInstance(Constructor.java:423)
	at ptolemy.util.test.junit.AutoKnownFailedTests.RunModel(AutoKnownFailedTests.java:107)
	at sun.reflect.NativeMethodAccessorImpl.invoke0(Native Method)
	at sun.reflect.NativeMethodAccessorImpl.invoke(NativeMethodAccessorImpl.java:62)
	at sun.reflect.DelegatingMethodAccessorImpl.invoke(DelegatingMethodAccessorImpl.java:43)
	at java.lang.reflect.Method.invoke(Method.java:498)
	at org.junit.runners.model.FrameworkMethod$1.runReflectiveCall(FrameworkMethod.java:44)
	at org.junit.internal.runners.model.ReflectiveCallable.run(ReflectiveCallable.java:15)
	at org.junit.runners.model.FrameworkMethod.invokeExplosively(FrameworkMethod.java:41)
	at junitparams.internal.InvokeParameterisedMethod.evaluate(InvokeParameterisedMethod.java:102)
	at org.junit.internal.runners.statements.FailOnTimeout$1.run(FailOnTimeout.java:28)
Caused by: ptolemy.kernel.util.IllegalActionException: initialize() was called after wrapup() was called but preinitialize() was not called after wrapup().
	at ptolemy.actor.lib.hoc.test.PreinitializeMustBeInvoked.initialize(PreinitializeMustBeInvoked.java:78)
	at ptolemy.actor.Director.initialize(Director.java:938)
	at ptolemy.actor.Director.initialize(Director.java:907)
	at ptolemy.actor.sched.StaticSchedulingDirector.initialize(StaticSchedulingDirector.java:159)
	at ptolemy.domains.sdf.kernel.SDFDirector.initialize(SDFDirector.java:544)
	at ptolemy.actor.CompositeActor.initialize(CompositeActor.java:935)
	at ptolemy.actor.lib.hoc.LifeCycleManager._executeInsideModel(LifeCycleManager.java:339)
	at ptolemy.actor.lib.hoc.RunCompositeActor.fire(RunCompositeActor.java:205)
	at ptolemy.actor.CompositeActor.iterate(CompositeActor.java:1146)
	at ptolemy.actor.sched.StaticSchedulingDirector.fire(StaticSchedulingDirector.java:216)
	at ptolemy.domains.sdf.kernel.SDFDirector.fire(SDFDirector.java:500)
	at ptolemy.actor.CompositeActor.fire(CompositeActor.java:455)
	at ptolemy.actor.Manager.iterate(Manager.java:851)
	at ptolemy.actor.Manager.execute(Manager.java:369)
	at ptolemy.actor.Manager.run(Manager.java:1263)
	at ptolemy.actor.Manager$PtolemyRunThread.run(Manager.java:1915)
]]></system-err>
</testsuite>
