<?xml version="1.0" encoding="UTF-8" ?>
<testsuite errors="0" failures="0" hostname="travis-job-4a110d2f-838a-45fd-90ae-85891483d156" name="ptolemy.domains.de.test.junit.JUnitTclTest" skipped="0" tests="101" time="132.832" timestamp="2019-08-12T05:18:43">
  <properties>
[...]
</properties>
  <testcase classname="ptolemy.util.test.junit.TclTests" name="[0] /home/travis/build/icyphy/ptII/ptolemy/domains/de/test/DependencyLoop.tcl (RunTclFile)" time="1.09" />
  <testcase classname="ptolemy.util.test.junit.TclTests" name="[1] /home/travis/build/icyphy/ptII/ptolemy/domains/de/test/RunDETestsAsQSS.tcl (RunTclFile)" time="89.756" />
  <testcase classname="ptolemy.util.test.junit.AutoKnownFailedTests" name="[0] /home/travis/build/icyphy/ptII/ptolemy/domains/de/test/auto/knownFailedTests/DESDFClockTest.xml (RunModel)" time="2.04" />
  <testcase classname="ptolemy.util.test.junit.AutoKnownFailedTests" name="[1] /home/travis/build/icyphy/ptII/ptolemy/domains/de/test/auto/knownFailedTests/DirectFeedback.xml (RunModel)" time="0.016" />
  <testcase classname="ptolemy.util.test.junit.AutoKnownFailedTests" name="[2] /home/travis/build/icyphy/ptII/ptolemy/domains/de/test/auto/knownFailedTests/FSMSource.xml (RunModel)" time="0.044" />
  <testcase classname="ptolemy.util.test.junit.AutoKnownFailedTests" name="[3] /home/travis/build/icyphy/ptII/ptolemy/domains/de/test/auto/knownFailedTests/HierarchicalModel.xml (RunModel)" time="0.055" />
  <testcase classname="ptolemy.util.test.junit.AutoKnownFailedTests" name="[4] /home/travis/build/icyphy/ptII/ptolemy/domains/de/test/auto/knownFailedTests/dependencyLoop.xml (RunModel)" time="0.051" />
  <testcase classname="ptolemy.util.test.junit.AutoKnownFailedTests" name="[5] /home/travis/build/icyphy/ptII/ptolemy/domains/de/test/auto/knownFailedTests/dependencyLoop2.xml (RunModel)" time="0.047" />
  <testcase classname="ptolemy.util.test.junit.AutoNameArchTests" name="[0] ThereAreNoAutoArchTests (RunModel)" time="0.001" />
  <testcase classname="ptolemy.util.test.junit.AutoTests" name="[0] /home/travis/build/icyphy/ptII/ptolemy/domains/de/test/auto/ActorDepthCalculation_actorWithoutPorts.xml (RunModel)" time="0.019" />
  <testcase classname="ptolemy.util.test.junit.AutoTests" name="[1] /home/travis/build/icyphy/ptII/ptolemy/domains/de/test/auto/AssemblyLine.xml (RunModel)" time="0.028" />
  <testcase classname="ptolemy.util.test.junit.AutoTests" name="[2] /home/travis/build/icyphy/ptII/ptolemy/domains/de/test/auto/CQBug1.xml (RunModel)" time="0.012" />
  <testcase classname="ptolemy.util.test.junit.AutoTests" name="[3] /home/travis/build/icyphy/ptII/ptolemy/domains/de/test/auto/CancelFireAt.xml (RunModel)" time="0.024" />
  <testcase classname="ptolemy.util.test.junit.AutoTests" name="[4] /home/travis/build/icyphy/ptII/ptolemy/domains/de/test/auto/CausalityAndComposabilityAnalysis.xml (RunModel)" time="0.018" />
  <testcase classname="ptolemy.util.test.junit.AutoTests" name="[5] /home/travis/build/icyphy/ptII/ptolemy/domains/de/test/auto/CausalityInterface1.xml (RunModel)" time="0.019" />
  <testcase classname="ptolemy.util.test.junit.AutoTests" name="[6] /home/travis/build/icyphy/ptII/ptolemy/domains/de/test/auto/CausalityInterface15.xml (RunModel)" time="0.022" />
  <testcase classname="ptolemy.util.test.junit.AutoTests" name="[7] /home/travis/build/icyphy/ptII/ptolemy/domains/de/test/auto/CausalityInterface2.xml (RunModel)" time="0.019" />
  <testcase classname="ptolemy.util.test.junit.AutoTests" name="[8] /home/travis/build/icyphy/ptII/ptolemy/domains/de/test/auto/CausalityInterface3.xml (RunModel)" time="0.014" />
  <testcase classname="ptolemy.util.test.junit.AutoTests" name="[9] /home/travis/build/icyphy/ptII/ptolemy/domains/de/test/auto/ClockDrift.xml (RunModel)" time="0.042" />
  <testcase classname="ptolemy.util.test.junit.AutoTests" name="[10] /home/travis/build/icyphy/ptII/ptolemy/domains/de/test/auto/ClockDriftAndValueChange.xml (RunModel)" time="0.042" />
  <testcase classname="ptolemy.util.test.junit.AutoTests" name="[11] /home/travis/build/icyphy/ptII/ptolemy/domains/de/test/auto/ClockDriftChange.xml (RunModel)" time="0.036" />
  <testcase classname="ptolemy.util.test.junit.AutoTests" name="[12] /home/travis/build/icyphy/ptII/ptolemy/domains/de/test/auto/ComposableCausalityAnalysis.xml (RunModel)" time="0.016" />
  <testcase classname="ptolemy.util.test.junit.AutoTests" name="[13] /home/travis/build/icyphy/ptII/ptolemy/domains/de/test/auto/DEFixedPointLimitation.xml (RunModel)" time="0.015" />
  <testcase classname="ptolemy.util.test.junit.AutoTests" name="[14] /home/travis/build/icyphy/ptII/ptolemy/domains/de/test/auto/DEScheduleTest.xml (RunModel)" time="0.018" />
  <testcase classname="ptolemy.util.test.junit.AutoTests" name="[15] /home/travis/build/icyphy/ptII/ptolemy/domains/de/test/auto/DEinDEwithStartTimes.xml (RunModel)" time="0.017" />
  <testcase classname="ptolemy.util.test.junit.AutoTests" name="[16] /home/travis/build/icyphy/ptII/ptolemy/domains/de/test/auto/DEinDEwithStartTimes2.xml (RunModel)" time="0.02" />
  <testcase classname="ptolemy.util.test.junit.AutoTests" name="[17] /home/travis/build/icyphy/ptII/ptolemy/domains/de/test/auto/DateDemo.xml (RunModel)" time="0.038" />
  <testcase classname="ptolemy.util.test.junit.AutoTests" name="[18] /home/travis/build/icyphy/ptII/ptolemy/domains/de/test/auto/DateToEvent.xml (RunModel)" time="2.044" />
  <testcase classname="ptolemy.util.test.junit.AutoTests" name="[19] /home/travis/build/icyphy/ptII/ptolemy/domains/de/test/auto/DepthTest1.xml (RunModel)" time="0.009" />
  <testcase classname="ptolemy.util.test.junit.AutoTests" name="[20] /home/travis/build/icyphy/ptII/ptolemy/domains/de/test/auto/DepthTest2.xml (RunModel)" time="0.028" />
  <testcase classname="ptolemy.util.test.junit.AutoTests" name="[21] /home/travis/build/icyphy/ptII/ptolemy/domains/de/test/auto/DepthTest3.xml (RunModel)" time="0.011" />
  <testcase classname="ptolemy.util.test.junit.AutoTests" name="[22] /home/travis/build/icyphy/ptII/ptolemy/domains/de/test/auto/DepthTest4.xml (RunModel)" time="0.017" />
  <testcase classname="ptolemy.util.test.junit.AutoTests" name="[23] /home/travis/build/icyphy/ptII/ptolemy/domains/de/test/auto/DepthTest5.xml (RunModel)" time="0.015" />
  <testcase classname="ptolemy.util.test.junit.AutoTests" name="[24] /home/travis/build/icyphy/ptII/ptolemy/domains/de/test/auto/DepthTest6.xml (RunModel)" time="0.013" />
  <testcase classname="ptolemy.util.test.junit.AutoTests" name="[25] /home/travis/build/icyphy/ptII/ptolemy/domains/de/test/auto/DepthTest7.xml (RunModel)" time="0.015" />
  <testcase classname="ptolemy.util.test.junit.AutoTests" name="[26] /home/travis/build/icyphy/ptII/ptolemy/domains/de/test/auto/EventToDate.xml (RunModel)" time="3.044" />
  <testcase classname="ptolemy.util.test.junit.AutoTests" name="[27] /home/travis/build/icyphy/ptII/ptolemy/domains/de/test/auto/FSM1.xml (RunModel)" time="0.046" />
  <testcase classname="ptolemy.util.test.junit.AutoTests" name="[28] /home/travis/build/icyphy/ptII/ptolemy/domains/de/test/auto/FSM7.xml (RunModel)" time="0.041" />
  <testcase classname="ptolemy.util.test.junit.AutoTests" name="[29] /home/travis/build/icyphy/ptII/ptolemy/domains/de/test/auto/Inspection.xml (RunModel)" time="0.044" />
  <testcase classname="ptolemy.util.test.junit.AutoTests" name="[30] /home/travis/build/icyphy/ptII/ptolemy/domains/de/test/auto/Iteration.xml (RunModel)" time="0.03" />
  <testcase classname="ptolemy.util.test.junit.AutoTests" name="[31] /home/travis/build/icyphy/ptII/ptolemy/domains/de/test/auto/LineFault.xml (RunModel)" time="0.66" />
  <testcase classname="ptolemy.util.test.junit.AutoTests" name="[32] /home/travis/build/icyphy/ptII/ptolemy/domains/de/test/auto/MergeModel1Add.xml (RunModel)" time="0.058" />
  <testcase classname="ptolemy.util.test.junit.AutoTests" name="[33] /home/travis/build/icyphy/ptII/ptolemy/domains/de/test/auto/MergeModel2Add.xml (RunModel)" time="0.05" />
  <testcase classname="ptolemy.util.test.junit.AutoTests" name="[34] /home/travis/build/icyphy/ptII/ptolemy/domains/de/test/auto/MergeModel3Add.xml (RunModel)" time="0.047" />
  <testcase classname="ptolemy.util.test.junit.AutoTests" name="[35] /home/travis/build/icyphy/ptII/ptolemy/domains/de/test/auto/MergeWithoutDiscard.xml (RunModel)" time="0.024" />
  <testcase classname="ptolemy.util.test.junit.AutoTests" name="[36] /home/travis/build/icyphy/ptII/ptolemy/domains/de/test/auto/Modal1.xml (RunModel)" time="0.033" />
  <testcase classname="ptolemy.util.test.junit.AutoTests" name="[37] /home/travis/build/icyphy/ptII/ptolemy/domains/de/test/auto/Modal2.xml (RunModel)" time="0.039" />
  <testcase classname="ptolemy.util.test.junit.AutoTests" name="[38] /home/travis/build/icyphy/ptII/ptolemy/domains/de/test/auto/Modal3.xml (RunModel)" time="0.032" />
  <testcase classname="ptolemy.util.test.junit.AutoTests" name="[39] /home/travis/build/icyphy/ptII/ptolemy/domains/de/test/auto/Modal4.xml (RunModel)" time="0.035" />
  <testcase classname="ptolemy.util.test.junit.AutoTests" name="[40] /home/travis/build/icyphy/ptII/ptolemy/domains/de/test/auto/Modal5.xml (RunModel)" time="0.032" />
  <testcase classname="ptolemy.util.test.junit.AutoTests" name="[41] /home/travis/build/icyphy/ptII/ptolemy/domains/de/test/auto/Modal6.xml (RunModel)" time="0.03" />
  <testcase classname="ptolemy.util.test.junit.AutoTests" name="[42] /home/travis/build/icyphy/ptII/ptolemy/domains/de/test/auto/Modal7.xml (RunModel)" time="0.037" />
  <testcase classname="ptolemy.util.test.junit.AutoTests" name="[43] /home/travis/build/icyphy/ptII/ptolemy/domains/de/test/auto/ModalModel.xml (RunModel)" time="0.186" />
  <testcase classname="ptolemy.util.test.junit.AutoTests" name="[44] /home/travis/build/icyphy/ptII/ptolemy/domains/de/test/auto/ModalSource.xml (RunModel)" time="0.021" />
  <testcase classname="ptolemy.util.test.junit.AutoTests" name="[45] /home/travis/build/icyphy/ptII/ptolemy/domains/de/test/auto/NonInterruptibleTimerZeroDelay.xml (RunModel)" time="0.015" />
  <testcase classname="ptolemy.util.test.junit.AutoTests" name="[46] /home/travis/build/icyphy/ptII/ptolemy/domains/de/test/auto/OpenQueueingNetwork.xml (RunModel)" time="2.581" />
  <testcase classname="ptolemy.util.test.junit.AutoTests" name="[47] /home/travis/build/icyphy/ptII/ptolemy/domains/de/test/auto/OpenQueuingNetwork.xml (RunModel)" time="0.297" />
  <testcase classname="ptolemy.util.test.junit.AutoTests" name="[48] /home/travis/build/icyphy/ptII/ptolemy/domains/de/test/auto/PeriodicSampler.xml (RunModel)" time="0.014" />
  <testcase classname="ptolemy.util.test.junit.AutoTests" name="[49] /home/travis/build/icyphy/ptII/ptolemy/domains/de/test/auto/PersistentIO.xml (RunModel)" time="0.021" />
  <testcase classname="ptolemy.util.test.junit.AutoTests" name="[50] /home/travis/build/icyphy/ptII/ptolemy/domains/de/test/auto/PortParameterResetOnInitialize.xml (RunModel)" time="0.015" />
  <testcase classname="ptolemy.util.test.junit.AutoTests" name="[51] /home/travis/build/icyphy/ptII/ptolemy/domains/de/test/auto/PortParameterUpdates.xml (RunModel)" time="0.02" />
  <testcase classname="ptolemy.util.test.junit.AutoTests" name="[52] /home/travis/build/icyphy/ptII/ptolemy/domains/de/test/auto/QueueAndServer.xml (RunModel)" time="0.026" />
  <testcase classname="ptolemy.util.test.junit.AutoTests" name="[53] /home/travis/build/icyphy/ptII/ptolemy/domains/de/test/auto/Records.xml (RunModel)" time="0.018" />
  <testcase classname="ptolemy.util.test.junit.AutoTests" name="[54] /home/travis/build/icyphy/ptII/ptolemy/domains/de/test/auto/ResetTransitionWithStartTime1.xml (RunModel)" time="0.026" />
  <testcase classname="ptolemy.util.test.junit.AutoTests" name="[55] /home/travis/build/icyphy/ptII/ptolemy/domains/de/test/auto/ResetTransitionWithStartTime2.xml (RunModel)" time="0.023" />
  <testcase classname="ptolemy.util.test.junit.AutoTests" name="[56] /home/travis/build/icyphy/ptII/ptolemy/domains/de/test/auto/ResetTransitionWithStartTime3.xml (RunModel)" time="0.019" />
  <testcase classname="ptolemy.util.test.junit.AutoTests" name="[57] /home/travis/build/icyphy/ptII/ptolemy/domains/de/test/auto/ResetTransitionWithStartTime4.xml (RunModel)" time="0.018" />
  <testcase classname="ptolemy.util.test.junit.AutoTests" name="[58] /home/travis/build/icyphy/ptII/ptolemy/domains/de/test/auto/ResettableTimer1.xml (RunModel)" time="0.01" />
  <testcase classname="ptolemy.util.test.junit.AutoTests" name="[59] /home/travis/build/icyphy/ptII/ptolemy/domains/de/test/auto/ResettableTimer2.xml (RunModel)" time="0.01" />
  <testcase classname="ptolemy.util.test.junit.AutoTests" name="[60] /home/travis/build/icyphy/ptII/ptolemy/domains/de/test/auto/ResettableTimer3.xml (RunModel)" time="0.011" />
  <testcase classname="ptolemy.util.test.junit.AutoTests" name="[61] /home/travis/build/icyphy/ptII/ptolemy/domains/de/test/auto/ResettableTimer4.xml (RunModel)" time="0.011" />
  <testcase classname="ptolemy.util.test.junit.AutoTests" name="[62] /home/travis/build/icyphy/ptII/ptolemy/domains/de/test/auto/ResettableTimer5.xml (RunModel)" time="0.011" />
  <testcase classname="ptolemy.util.test.junit.AutoTests" name="[63] /home/travis/build/icyphy/ptII/ptolemy/domains/de/test/auto/ResettableTimer6.xml (RunModel)" time="0.017" />
  <testcase classname="ptolemy.util.test.junit.AutoTests" name="[64] /home/travis/build/icyphy/ptII/ptolemy/domains/de/test/auto/ServerZeroDelay.xml (RunModel)" time="0.01" />
  <testcase classname="ptolemy.util.test.junit.AutoTests" name="[65] /home/travis/build/icyphy/ptII/ptolemy/domains/de/test/auto/SmartSender.xml (RunModel)" time="3.01" />
  <testcase classname="ptolemy.util.test.junit.AutoTests" name="[66] /home/travis/build/icyphy/ptII/ptolemy/domains/de/test/auto/ThreadedComposite.xml (RunModel)" time="0.138" />
  <testcase classname="ptolemy.util.test.junit.AutoTests" name="[67] /home/travis/build/icyphy/ptII/ptolemy/domains/de/test/auto/Time.xml (RunModel)" time="0.467" />
  <testcase classname="ptolemy.util.test.junit.AutoTests" name="[68] /home/travis/build/icyphy/ptII/ptolemy/domains/de/test/auto/TimeDelayZeroDelay.xml (RunModel)" time="0.011" />
  <testcase classname="ptolemy.util.test.junit.AutoTests" name="[69] /home/travis/build/icyphy/ptII/ptolemy/domains/de/test/auto/TimerZeroDelay.xml (RunModel)" time="0.009" />
  <testcase classname="ptolemy.util.test.junit.AutoTests" name="[70] /home/travis/build/icyphy/ptII/ptolemy/domains/de/test/auto/TimingParadox.xml (RunModel)" time="0.376" />
  <testcase classname="ptolemy.util.test.junit.AutoTests" name="[71] /home/travis/build/icyphy/ptII/ptolemy/domains/de/test/auto/TransferInputs.xml (RunModel)" time="0.009" />
  <testcase classname="ptolemy.util.test.junit.AutoTests" name="[72] /home/travis/build/icyphy/ptII/ptolemy/domains/de/test/auto/TransferOutputs2.xml (RunModel)" time="0.016" />
  <testcase classname="ptolemy.util.test.junit.AutoTests" name="[73] /home/travis/build/icyphy/ptII/ptolemy/domains/de/test/auto/Trilateration.xml (RunModel)" time="12.543" />
  <testcase classname="ptolemy.util.test.junit.AutoTests" name="[74] /home/travis/build/icyphy/ptII/ptolemy/domains/de/test/auto/TwoSigmaDelta.xml (RunModel)" time="2.239" />
  <testcase classname="ptolemy.util.test.junit.AutoTests" name="[75] /home/travis/build/icyphy/ptII/ptolemy/domains/de/test/auto/VariableDelay.xml (RunModel)" time="0.019" />
  <testcase classname="ptolemy.util.test.junit.AutoTests" name="[76] /home/travis/build/icyphy/ptII/ptolemy/domains/de/test/auto/VariableDelay2.xml (RunModel)" time="0.01" />
  <testcase classname="ptolemy.util.test.junit.AutoTests" name="[77] /home/travis/build/icyphy/ptII/ptolemy/domains/de/test/auto/VariableDelayZeroDelay.xml (RunModel)" time="0.017" />
  <testcase classname="ptolemy.util.test.junit.AutoTests" name="[78] /home/travis/build/icyphy/ptII/ptolemy/domains/de/test/auto/VariableDelayZeroDelay2.xml (RunModel)" time="0.009" />
  <testcase classname="ptolemy.util.test.junit.AutoTests" name="[79] /home/travis/build/icyphy/ptII/ptolemy/domains/de/test/auto/deInCt.xml (RunModel)" time="0.017" />
  <testcase classname="ptolemy.util.test.junit.AutoTests" name="[80] /home/travis/build/icyphy/ptII/ptolemy/domains/de/test/auto/deInCt2.xml (RunModel)" time="0.016" />
  <testcase classname="ptolemy.util.test.junit.AutoTests" name="[81] /home/travis/build/icyphy/ptII/ptolemy/domains/de/test/auto/dynamicCausalityInterface1.xml (RunModel)" time="0.018" />
  <testcase classname="ptolemy.util.test.junit.AutoTests" name="[82] /home/travis/build/icyphy/ptII/ptolemy/domains/de/test/auto/fsm_de_test.xml (RunModel)" time="0.027" />
  <testcase classname="ptolemy.util.test.junit.AutoTests" name="[83] /home/travis/build/icyphy/ptII/ptolemy/domains/de/test/auto/functionDependencyReconstruction.xml (RunModel)" time="0.032" />
  <testcase classname="ptolemy.util.test.junit.AutoTests" name="[84] /home/travis/build/icyphy/ptII/ptolemy/domains/de/test/auto/multirate.xml (RunModel)" time="0.017" />
  <testcase classname="ptolemy.util.test.junit.AutoTests" name="[85] /home/travis/build/icyphy/ptII/ptolemy/domains/de/test/auto/multirate2.xml (RunModel)" time="0.018" />
  <testcase classname="ptolemy.util.test.junit.AutoTests" name="[86] /home/travis/build/icyphy/ptII/ptolemy/domains/de/test/auto/realtime.xml (RunModel)" time="10.012" />
  <testcase classname="ptolemy.util.test.junit.AutoTests" name="[87] /home/travis/build/icyphy/ptII/ptolemy/domains/de/test/auto/relationGroup.xml (RunModel)" time="0.01" />
  <testcase classname="ptolemy.util.test.junit.AutoTests" name="[88] /home/travis/build/icyphy/ptII/ptolemy/domains/de/test/auto/relationGroup2.xml (RunModel)" time="0.007" />
  <testcase classname="ptolemy.util.test.junit.AutoTests" name="[89] /home/travis/build/icyphy/ptII/ptolemy/domains/de/test/auto/sortWithOpaquePorts.xml (RunModel)" time="0.011" />
  <testcase classname="ptolemy.util.test.junit.AutoTests" name="[90] /home/travis/build/icyphy/ptII/ptolemy/domains/de/test/auto/transferInputsandOutputs.xml (RunModel)" time="0.015" />
  <testcase classname="ptolemy.util.test.junit.AutoTests" name="[91] /home/travis/build/icyphy/ptII/ptolemy/domains/de/test/auto/triggerType.xml (RunModel)" time="0.011" />
  <system-out><![CDATA[/home/travis/build/icyphy/ptII/ptolemy/domains/de/test/DependencyLoop.tcl
testDefs.tcl: setting time out to 9000 seconds at Mon Aug 12 05:18:43 UTC 2019
67 ms. Memory: 120832K Free: 72134K (60%)
30 ms. Memory: 120832K Free: 54695K (45%)
/home/travis/build/icyphy/ptII/ptolemy/domains/de/test/RunDETestsAsQSS.tcl
Run the DE tests using ptolemy.domains.qss.test.QSSDirectorTest, which extends QSSDirector and prints a message in the constructors.
------------------ testing $PTII/ptolemy/domains/de/test/auto/knownFailedTests/DirectFeedback.xml (Known Failure) 
70 ms. Memory: 120832K Free: 49096K (41%)


==== $PTIIhome/travis/build/icyphy/ptII/ptolemy/domains/de/test/../../../../: Auto Automatic test in file $PTII/ptolemy/domains/de/test/auto/knownFailedTests/DirectFeedback.xml
==== Contents of test case:

	    # FIXME: we should use $relativeFilename here, but it
	    # might have backslashes under Windows, which causes no end
	    # of trouble.
	    createAndExecute $file
	    list {}
	
.... Test generated KNOWN error:
    while executing
ptolemy.kernel.util.IllegalActionException: Test fails in iteration 1.
Value was: 1.0. Should have been: 2.0
  in .DirectFeedback.Test
	at ptolemy.actor.lib.Test.fire(Test.java:268)
	at ptolemy.domains.de.kernel.DEDirector._fire(DEDirector.java:1949)
	at ptolemy.domains.de.kernel.DEDirector.fire(DEDirector.java:502)
	at ptolemy.actor.CompositeActor.fire(CompositeActor.java:455)
	at ptolemy.actor.Manager.iterate(Manager.java:851)
	at ptolemy.actor.Manager.execute(Manager.java:369)
	at ptolemy.actor.Manager.run(Manager.java:1263)
	at ptolemy.actor.Manager$PtolemyRunThread.run(Manager.java:1933)

    while executing
ptolemy.kernel.util.IllegalActionException: Test fails in iteration 1.
Value was: 1.0. Should have been: 2.0
  in .DirectFeedback.Test
    while executing
"java::new ptolemy.moml.MoMLSimpleApplication $file
"
    (procedure "createAndExecute" line 2)
    invoked from within
"createAndExecute $file"
    ("uplevel" body line 5)
    invoked from within
"uplevel $contents_of_test"
------------------ testing $PTII/ptolemy/domains/de/test/auto/knownFailedTests/dependencyLoop.xml (Known Failure) 
22 ms. Memory: 120832K Free: 46024K (38%)


==== $PTIIhome/travis/build/icyphy/ptII/ptolemy/domains/de/test/../../../../: Auto Automatic test in file $PTII/ptolemy/domains/de/test/auto/knownFailedTests/dependencyLoop.xml
==== Contents of test case:

	    # FIXME: we should use $relativeFilename here, but it
	    # might have backslashes under Windows, which causes no end
	    # of trouble.
	    createAndExecute $file
	    list {}
	
.... Test generated KNOWN error:
    while executing
ptolemy.kernel.util.IllegalActionException: Found a zero delay loop containing .dependencyLoop.original
  in .dependencyLoop and .dependencyLoop.original
	at ptolemy.actor.util.CausalityInterfaceForComposites._computeOutputPortDepth(CausalityInterfaceForComposites.java:759)
	at ptolemy.actor.util.CausalityInterfaceForComposites._computeInputDepth(CausalityInterfaceForComposites.java:696)
	at ptolemy.actor.util.CausalityInterfaceForComposites._computeOutputPortDepth(CausalityInterfaceForComposites.java:765)
	at ptolemy.actor.util.CausalityInterfaceForComposites._computeInputDepth(CausalityInterfaceForComposites.java:696)
	at ptolemy.actor.util.CausalityInterfaceForComposites._computeOutputPortDepth(CausalityInterfaceForComposites.java:765)
	at ptolemy.actor.util.CausalityInterfaceForComposites._computeInputDepth(CausalityInterfaceForComposites.java:696)
	at ptolemy.actor.util.CausalityInterfaceForComposites._computeActorDepth(CausalityInterfaceForComposites.java:532)
	at ptolemy.actor.util.CausalityInterfaceForComposites.checkForCycles(CausalityInterfaceForComposites.java:96)
	at ptolemy.domains.de.kernel.DEDirector.preinitialize(DEDirector.java:1338)
	at ptolemy.actor.CompositeActor.preinitialize(CompositeActor.java:1828)
	at ptolemy.actor.Manager.preinitializeAndResolveTypes(Manager.java:1040)
	at ptolemy.actor.Manager.initialize(Manager.java:710)
	at ptolemy.actor.Manager.execute(Manager.java:356)
	at ptolemy.actor.Manager.run(Manager.java:1263)
	at ptolemy.actor.Manager$PtolemyRunThread.run(Manager.java:1933)

    while executing
ptolemy.kernel.util.IllegalActionException: Found a zero delay loop containing .dependencyLoop.original
  in .dependencyLoop and .dependencyLoop.original
    while executing
"java::new ptolemy.moml.MoMLSimpleApplication $file
"
    (procedure "createAndExecute" line 2)
    invoked from within
"createAndExecute $file"
    ("uplevel" body line 5)
    invoked from within
"uplevel $contents_of_test"
------------------ testing $PTII/ptolemy/domains/de/test/auto/knownFailedTests/FSMSource.xml (Known Failure) 
60 ms. Memory: 120832K Free: 99488K (82%)
!!!! Auto was marked as failing, but now passes
------------------ testing $PTII/ptolemy/domains/de/test/auto/knownFailedTests/HierarchicalModel.xml (Known Failure) 
5 ms. Memory: 120832K Free: 82056K (68%)


==== $PTIIhome/travis/build/icyphy/ptII/ptolemy/domains/de/test/../../../../: Auto Automatic test in file $PTII/ptolemy/domains/de/test/auto/knownFailedTests/HierarchicalModel.xml
==== Contents of test case:

	    # FIXME: we should use $relativeFilename here, but it
	    # might have backslashes under Windows, which causes no end
	    # of trouble.
	    createAndExecute $file
	    list {}
	
.... Test generated KNOWN error:
    while executing
ptolemy.kernel.util.IllegalActionException: Found a zero delay loop containing .HierarchicalModel.A
  in .HierarchicalModel and .HierarchicalModel.A
	at ptolemy.actor.util.CausalityInterfaceForComposites._computeOutputPortDepth(CausalityInterfaceForComposites.java:759)
	at ptolemy.actor.util.CausalityInterfaceForComposites._computeInputDepth(CausalityInterfaceForComposites.java:696)
	at ptolemy.actor.util.CausalityInterfaceForComposites._computeOutputPortDepth(CausalityInterfaceForComposites.java:765)
	at ptolemy.actor.util.CausalityInterfaceForComposites._computeInputDepth(CausalityInterfaceForComposites.java:696)
	at ptolemy.actor.util.CausalityInterfaceForComposites._computeOutputPortDepth(CausalityInterfaceForComposites.java:765)
	at ptolemy.actor.util.CausalityInterfaceForComposites._computeInputDepth(CausalityInterfaceForComposites.java:696)
	at ptolemy.actor.util.CausalityInterfaceForComposites._computeActorDepth(CausalityInterfaceForComposites.java:532)
	at ptolemy.actor.util.CausalityInterfaceForComposites.checkForCycles(CausalityInterfaceForComposites.java:96)
	at ptolemy.domains.de.kernel.DEDirector.preinitialize(DEDirector.java:1338)
	at ptolemy.actor.CompositeActor.preinitialize(CompositeActor.java:1828)
	at ptolemy.actor.Manager.preinitializeAndResolveTypes(Manager.java:1040)
	at ptolemy.actor.Manager.initialize(Manager.java:710)
	at ptolemy.actor.Manager.execute(Manager.java:356)
	at ptolemy.actor.Manager.run(Manager.java:1263)
	at ptolemy.actor.Manager$PtolemyRunThread.run(Manager.java:1933)

    while executing
ptolemy.kernel.util.IllegalActionException: Found a zero delay loop containing .HierarchicalModel.A
  in .HierarchicalModel and .HierarchicalModel.A
    while executing
"java::new ptolemy.moml.MoMLSimpleApplication $file
"
    (procedure "createAndExecute" line 2)
    invoked from within
"createAndExecute $file"
    ("uplevel" body line 5)
    invoked from within
"uplevel $contents_of_test"
------------------ testing $PTII/ptolemy/domains/de/test/auto/knownFailedTests/dependencyLoop2.xml (Known Failure) 
15 ms. Memory: 120832K Free: 66126K (55%)


==== $PTIIhome/travis/build/icyphy/ptII/ptolemy/domains/de/test/../../../../: Auto Automatic test in file $PTII/ptolemy/domains/de/test/auto/knownFailedTests/dependencyLoop2.xml
==== Contents of test case:

	    # FIXME: we should use $relativeFilename here, but it
	    # might have backslashes under Windows, which causes no end
	    # of trouble.
	    createAndExecute $file
	    list {}
	
.... Test generated KNOWN error:
    while executing
ptolemy.kernel.util.IllegalActionException: Found a zero delay loop containing .dependencyLoop2.original
  in .dependencyLoop2 and .dependencyLoop2.original
	at ptolemy.actor.util.CausalityInterfaceForComposites._computeOutputPortDepth(CausalityInterfaceForComposites.java:759)
	at ptolemy.actor.util.CausalityInterfaceForComposites._computeInputDepth(CausalityInterfaceForComposites.java:696)
	at ptolemy.actor.util.CausalityInterfaceForComposites._computeOutputPortDepth(CausalityInterfaceForComposites.java:765)
	at ptolemy.actor.util.CausalityInterfaceForComposites._computeInputDepth(CausalityInterfaceForComposites.java:696)
	at ptolemy.actor.util.CausalityInterfaceForComposites._computeOutputPortDepth(CausalityInterfaceForComposites.java:765)
	at ptolemy.actor.util.CausalityInterfaceForComposites._computeInputDepth(CausalityInterfaceForComposites.java:696)
	at ptolemy.actor.util.CausalityInterfaceForComposites._computeActorDepth(CausalityInterfaceForComposites.java:532)
	at ptolemy.actor.util.CausalityInterfaceForComposites.checkForCycles(CausalityInterfaceForComposites.java:96)
	at ptolemy.domains.de.kernel.DEDirector.preinitialize(DEDirector.java:1338)
	at ptolemy.actor.CompositeActor.preinitialize(CompositeActor.java:1828)
	at ptolemy.actor.Manager.preinitializeAndResolveTypes(Manager.java:1040)
	at ptolemy.actor.Manager.initialize(Manager.java:710)
	at ptolemy.actor.Manager.execute(Manager.java:356)
	at ptolemy.actor.Manager.run(Manager.java:1263)
	at ptolemy.actor.Manager$PtolemyRunThread.run(Manager.java:1933)

    while executing
ptolemy.kernel.util.IllegalActionException: Found a zero delay loop containing .dependencyLoop2.original
  in .dependencyLoop2 and .dependencyLoop2.original
    while executing
"java::new ptolemy.moml.MoMLSimpleApplication $file
"
    (procedure "createAndExecute" line 2)
    invoked from within
"createAndExecute $file"
    ("uplevel" body line 5)
    invoked from within
"uplevel $contents_of_test"
------------------ testing $PTII/ptolemy/domains/de/test/auto/knownFailedTests/DESDFClockTest.xml (Known Failure) 
2071 ms. Memory: 120832K Free: 95715K (79%)


==== $PTIIhome/travis/build/icyphy/ptII/ptolemy/domains/de/test/../../../../: Auto Automatic test in file $PTII/ptolemy/domains/de/test/auto/knownFailedTests/DESDFClockTest.xml
==== Contents of test case:

	    # FIXME: we should use $relativeFilename here, but it
	    # might have backslashes under Windows, which causes no end
	    # of trouble.
	    createAndExecute $file
	    list {}
	
.... Test generated KNOWN error:
    while executing
ptolemy.kernel.util.IllegalActionException: Actor is not ready to fire.  Perhaps UpSample.prefire() returned false? Try debugging the actor by selecting "Listen to Actor".  Also, for SDF check moml for tokenConsumptionRate on input.
  in .DESDFClockTest.Play Bell.Copy1:SDF Director and .DESDFClockTest.Play Bell.UpSample
	at ptolemy.actor.sched.StaticSchedulingDirector.fire(StaticSchedulingDirector.java:227)
	at ptolemy.domains.sdf.kernel.SDFDirector.fire(SDFDirector.java:500)
	at ptolemy.actor.CompositeActor.fire(CompositeActor.java:455)
	at ptolemy.domains.de.kernel.DEDirector._fire(DEDirector.java:1949)
	at ptolemy.domains.de.kernel.DEDirector.fire(DEDirector.java:502)
	at ptolemy.actor.CompositeActor.fire(CompositeActor.java:455)
	at ptolemy.actor.Manager.iterate(Manager.java:851)
	at ptolemy.actor.Manager.execute(Manager.java:369)
	at ptolemy.actor.Manager.run(Manager.java:1263)
	at ptolemy.actor.Manager$PtolemyRunThread.run(Manager.java:1933)

    while executing
ptolemy.kernel.util.IllegalActionException: Actor is not ready to fire.  Perhaps UpSample.prefire() returned false? Try debugging the actor by selecting "Listen to Actor".  Also, for SDF check moml for tokenConsumptionRate on input.
  in .DESDFClockTest.Play Bell.Copy1:SDF Director and .DESDFClockTest.Play Bell.UpSample
    while executing
"java::new ptolemy.moml.MoMLSimpleApplication $file
"
    (procedure "createAndExecute" line 2)
    invoked from within
"createAndExecute $file"
    ("uplevel" body line 5)
    invoked from within
"uplevel $contents_of_test"
------------------ testing $PTII/ptolemy/domains/de/test/auto/ActorDepthCalculation_actorWithoutPorts.xml
auto.tcl: Setting watchdog for 200 seconds at Mon Aug 12 05:18:47 UTC 2019
10 ms. Memory: 120832K Free: 88019K (73%)
ptolemy.util.test.WatchDog.cancel(): canceling Mon Aug 12 05:18:47 UTC 2019
auto.tcl: Setting watchdog for 200 seconds at Mon Aug 12 05:18:47 UTC 2019
5 ms. Memory: 120832K Free: 86499K (72%)
ptolemy.util.test.WatchDog.cancel(): canceling Mon Aug 12 05:18:47 UTC 2019
------------------ testing $PTII/ptolemy/domains/de/test/auto/AssemblyLine.xml
auto.tcl: Setting watchdog for 200 seconds at Mon Aug 12 05:18:48 UTC 2019
18 ms. Memory: 48128K Free: 25506K (53%)
ptolemy.util.test.WatchDog.cancel(): canceling Mon Aug 12 05:18:48 UTC 2019
auto.tcl: Setting watchdog for 200 seconds at Mon Aug 12 05:18:48 UTC 2019
12 ms. Memory: 48128K Free: 25038K (52%)
ptolemy.util.test.WatchDog.cancel(): canceling Mon Aug 12 05:18:48 UTC 2019
------------------ testing $PTII/ptolemy/domains/de/test/auto/CQBug1.xml
auto.tcl: Setting watchdog for 200 seconds at Mon Aug 12 05:18:48 UTC 2019
3 ms. Memory: 48128K Free: 31568K (66%)
ptolemy.util.test.WatchDog.cancel(): canceling Mon Aug 12 05:18:48 UTC 2019
auto.tcl: Setting watchdog for 200 seconds at Mon Aug 12 05:18:48 UTC 2019
3 ms. Memory: 48128K Free: 31142K (65%)
ptolemy.util.test.WatchDog.cancel(): canceling Mon Aug 12 05:18:48 UTC 2019
------------------ testing $PTII/ptolemy/domains/de/test/auto/CancelFireAt.xml
auto.tcl: Setting watchdog for 200 seconds at Mon Aug 12 05:18:48 UTC 2019
2 ms. Memory: 45056K Free: 29713K (66%)
ptolemy.util.test.WatchDog.cancel(): canceling Mon Aug 12 05:18:48 UTC 2019
auto.tcl: Setting watchdog for 200 seconds at Mon Aug 12 05:18:48 UTC 2019
3 ms. Memory: 45056K Free: 29270K (65%)
ptolemy.util.test.WatchDog.cancel(): canceling Mon Aug 12 05:18:48 UTC 2019
------------------ testing $PTII/ptolemy/domains/de/test/auto/CausalityAndComposabilityAnalysis.xml
auto.tcl: Setting watchdog for 200 seconds at Mon Aug 12 05:18:48 UTC 2019
8 ms. Memory: 45056K Free: 27420K (61%)
ptolemy.util.test.WatchDog.cancel(): canceling Mon Aug 12 05:18:48 UTC 2019
auto.tcl: Setting watchdog for 200 seconds at Mon Aug 12 05:18:48 UTC 2019
5 ms. Memory: 45056K Free: 27002K (60%)
ptolemy.util.test.WatchDog.cancel(): canceling Mon Aug 12 05:18:48 UTC 2019
------------------ testing $PTII/ptolemy/domains/de/test/auto/CausalityInterface1.xml
auto.tcl: Setting watchdog for 200 seconds at Mon Aug 12 05:18:48 UTC 2019
21 ms. Memory: 45056K Free: 26364K (59%)
ptolemy.util.test.WatchDog.cancel(): canceling Mon Aug 12 05:18:48 UTC 2019
auto.tcl: Setting watchdog for 200 seconds at Mon Aug 12 05:18:48 UTC 2019
4 ms. Memory: 45056K Free: 25387K (56%)
ptolemy.util.test.WatchDog.cancel(): canceling Mon Aug 12 05:18:48 UTC 2019
------------------ testing $PTII/ptolemy/domains/de/test/auto/CausalityInterface15.xml
auto.tcl: Setting watchdog for 200 seconds at Mon Aug 12 05:18:49 UTC 2019
11 ms. Memory: 45056K Free: 26047K (58%)
ptolemy.util.test.WatchDog.cancel(): canceling Mon Aug 12 05:18:49 UTC 2019
auto.tcl: Setting watchdog for 200 seconds at Mon Aug 12 05:18:49 UTC 2019
4 ms. Memory: 45056K Free: 25338K (56%)
ptolemy.util.test.WatchDog.cancel(): canceling Mon Aug 12 05:18:49 UTC 2019
------------------ testing $PTII/ptolemy/domains/de/test/auto/CausalityInterface2.xml
auto.tcl: Setting watchdog for 200 seconds at Mon Aug 12 05:18:49 UTC 2019
7 ms. Memory: 45056K Free: 27230K (60%)
ptolemy.util.test.WatchDog.cancel(): canceling Mon Aug 12 05:18:49 UTC 2019
auto.tcl: Setting watchdog for 200 seconds at Mon Aug 12 05:18:49 UTC 2019
6 ms. Memory: 45056K Free: 26361K (59%)
ptolemy.util.test.WatchDog.cancel(): canceling Mon Aug 12 05:18:49 UTC 2019
------------------ testing $PTII/ptolemy/domains/de/test/auto/CausalityInterface3.xml
auto.tcl: Setting watchdog for 200 seconds at Mon Aug 12 05:18:49 UTC 2019
4 ms. Memory: 45056K Free: 26557K (59%)
ptolemy.util.test.WatchDog.cancel(): canceling Mon Aug 12 05:18:49 UTC 2019
auto.tcl: Setting watchdog for 200 seconds at Mon Aug 12 05:18:49 UTC 2019
3 ms. Memory: 45056K Free: 25761K (57%)
ptolemy.util.test.WatchDog.cancel(): canceling Mon Aug 12 05:18:49 UTC 2019
------------------ testing $PTII/ptolemy/domains/de/test/auto/ClockDrift.xml
auto.tcl: Setting watchdog for 200 seconds at Mon Aug 12 05:18:49 UTC 2019
92 ms. Memory: 45056K Free: 19150K (43%)
ptolemy.util.test.WatchDog.cancel(): canceling Mon Aug 12 05:18:49 UTC 2019
auto.tcl: Setting watchdog for 200 seconds at Mon Aug 12 05:18:49 UTC 2019
54 ms. Memory: 45056K Free: 16136K (36%)
ptolemy.util.test.WatchDog.cancel(): canceling Mon Aug 12 05:18:49 UTC 2019
------------------ testing $PTII/ptolemy/domains/de/test/auto/ClockDriftAndValueChange.xml
auto.tcl: Setting watchdog for 200 seconds at Mon Aug 12 05:18:49 UTC 2019
40 ms. Memory: 45056K Free: 19606K (44%)
ptolemy.util.test.WatchDog.cancel(): canceling Mon Aug 12 05:18:49 UTC 2019
auto.tcl: Setting watchdog for 200 seconds at Mon Aug 12 05:18:49 UTC 2019
29 ms. Memory: 45056K Free: 16372K (36%)
ptolemy.util.test.WatchDog.cancel(): canceling Mon Aug 12 05:18:49 UTC 2019
------------------ testing $PTII/ptolemy/domains/de/test/auto/ClockDriftChange.xml
auto.tcl: Setting watchdog for 200 seconds at Mon Aug 12 05:18:49 UTC 2019
22 ms. Memory: 45056K Free: 21032K (47%)
ptolemy.util.test.WatchDog.cancel(): canceling Mon Aug 12 05:18:49 UTC 2019
auto.tcl: Setting watchdog for 200 seconds at Mon Aug 12 05:18:49 UTC 2019
21 ms. Memory: 45056K Free: 18494K (41%)
ptolemy.util.test.WatchDog.cancel(): canceling Mon Aug 12 05:18:49 UTC 2019
------------------ testing $PTII/ptolemy/domains/de/test/auto/ComposableCausalityAnalysis.xml
auto.tcl: Setting watchdog for 200 seconds at Mon Aug 12 05:18:49 UTC 2019
1 ms. Memory: 45056K Free: 25624K (57%)
ptolemy.util.test.WatchDog.cancel(): canceling Mon Aug 12 05:18:49 UTC 2019
auto.tcl: Setting watchdog for 200 seconds at Mon Aug 12 05:18:49 UTC 2019
5 ms. Memory: 45056K Free: 24358K (54%)
ptolemy.util.test.WatchDog.cancel(): canceling Mon Aug 12 05:18:49 UTC 2019
------------------ testing $PTII/ptolemy/domains/de/test/auto/DEFixedPointLimitation.xml
auto.tcl: Setting watchdog for 200 seconds at Mon Aug 12 05:18:49 UTC 2019
7 ms. Memory: 45056K Free: 26994K (60%)
ptolemy.util.test.WatchDog.cancel(): canceling Mon Aug 12 05:18:50 UTC 2019
auto.tcl: Setting watchdog for 200 seconds at Mon Aug 12 05:18:50 UTC 2019
1 ms. Memory: 45056K Free: 26095K (58%)
ptolemy.util.test.WatchDog.cancel(): canceling Mon Aug 12 05:18:50 UTC 2019
------------------ testing $PTII/ptolemy/domains/de/test/auto/DEScheduleTest.xml
auto.tcl: Setting watchdog for 200 seconds at Mon Aug 12 05:18:50 UTC 2019
7 ms. Memory: 45056K Free: 27313K (61%)
ptolemy.util.test.WatchDog.cancel(): canceling Mon Aug 12 05:18:50 UTC 2019
auto.tcl: Setting watchdog for 200 seconds at Mon Aug 12 05:18:50 UTC 2019
3 ms. Memory: 45056K Free: 26566K (59%)
ptolemy.util.test.WatchDog.cancel(): canceling Mon Aug 12 05:18:50 UTC 2019
------------------ testing $PTII/ptolemy/domains/de/test/auto/DEinDEwithStartTimes.xml
auto.tcl: Setting watchdog for 200 seconds at Mon Aug 12 05:18:50 UTC 2019
5 ms. Memory: 45056K Free: 25466K (57%)
ptolemy.util.test.WatchDog.cancel(): canceling Mon Aug 12 05:18:50 UTC 2019
auto.tcl: Setting watchdog for 200 seconds at Mon Aug 12 05:18:50 UTC 2019
12 ms. Memory: 45056K Free: 24423K (54%)
ptolemy.util.test.WatchDog.cancel(): canceling Mon Aug 12 05:18:50 UTC 2019
------------------ testing $PTII/ptolemy/domains/de/test/auto/DEinDEwithStartTimes2.xml
auto.tcl: Setting watchdog for 200 seconds at Mon Aug 12 05:18:50 UTC 2019
4 ms. Memory: 45056K Free: 24667K (55%)
ptolemy.util.test.WatchDog.cancel(): canceling Mon Aug 12 05:18:50 UTC 2019
auto.tcl: Setting watchdog for 200 seconds at Mon Aug 12 05:18:50 UTC 2019
3 ms. Memory: 45056K Free: 23378K (52%)
ptolemy.util.test.WatchDog.cancel(): canceling Mon Aug 12 05:18:50 UTC 2019
------------------ testing $PTII/ptolemy/domains/de/test/auto/DateDemo.xml
auto.tcl: Setting watchdog for 200 seconds at Mon Aug 12 05:18:50 UTC 2019
18 ms. Memory: 45056K Free: 19031K (42%)
ptolemy.util.test.WatchDog.cancel(): canceling Mon Aug 12 05:18:50 UTC 2019
auto.tcl: Setting watchdog for 200 seconds at Mon Aug 12 05:18:50 UTC 2019
7 ms. Memory: 45056K Free: 17438K (39%)
ptolemy.util.test.WatchDog.cancel(): canceling Mon Aug 12 05:18:50 UTC 2019
------------------ testing $PTII/ptolemy/domains/de/test/auto/DateToEvent.xml
auto.tcl: Setting watchdog for 200 seconds at Mon Aug 12 05:18:50 UTC 2019
2018 ms. Memory: 45056K Free: 14943K (33%)
ptolemy.util.test.WatchDog.cancel(): canceling Mon Aug 12 05:18:52 UTC 2019
auto.tcl: Setting watchdog for 200 seconds at Mon Aug 12 05:18:52 UTC 2019
2006 ms. Memory: 45056K Free: 14179K (31%)
ptolemy.util.test.WatchDog.cancel(): canceling Mon Aug 12 05:18:54 UTC 2019
------------------ testing $PTII/ptolemy/domains/de/test/auto/DepthTest1.xml
auto.tcl: Setting watchdog for 200 seconds at Mon Aug 12 05:18:54 UTC 2019
3 ms. Memory: 45056K Free: 28235K (63%)
ptolemy.util.test.WatchDog.cancel(): canceling Mon Aug 12 05:18:54 UTC 2019
auto.tcl: Setting watchdog for 200 seconds at Mon Aug 12 05:18:54 UTC 2019
2 ms. Memory: 45056K Free: 27691K (61%)
ptolemy.util.test.WatchDog.cancel(): canceling Mon Aug 12 05:18:54 UTC 2019
------------------ testing $PTII/ptolemy/domains/de/test/auto/DepthTest2.xml
auto.tcl: Setting watchdog for 200 seconds at Mon Aug 12 05:18:54 UTC 2019
3 ms. Memory: 45056K Free: 24937K (55%)
ptolemy.util.test.WatchDog.cancel(): canceling Mon Aug 12 05:18:54 UTC 2019
auto.tcl: Setting watchdog for 200 seconds at Mon Aug 12 05:18:54 UTC 2019
4 ms. Memory: 45056K Free: 24558K (55%)
ptolemy.util.test.WatchDog.cancel(): canceling Mon Aug 12 05:18:54 UTC 2019
------------------ testing $PTII/ptolemy/domains/de/test/auto/DepthTest3.xml
auto.tcl: Setting watchdog for 200 seconds at Mon Aug 12 05:18:54 UTC 2019
6 ms. Memory: 45056K Free: 28416K (63%)
ptolemy.util.test.WatchDog.cancel(): canceling Mon Aug 12 05:18:54 UTC 2019
auto.tcl: Setting watchdog for 200 seconds at Mon Aug 12 05:18:54 UTC 2019
2 ms. Memory: 45056K Free: 27995K (62%)
ptolemy.util.test.WatchDog.cancel(): canceling Mon Aug 12 05:18:54 UTC 2019
------------------ testing $PTII/ptolemy/domains/de/test/auto/DepthTest4.xml
auto.tcl: Setting watchdog for 200 seconds at Mon Aug 12 05:18:54 UTC 2019
4 ms. Memory: 45056K Free: 26779K (59%)
ptolemy.util.test.WatchDog.cancel(): canceling Mon Aug 12 05:18:54 UTC 2019
auto.tcl: Setting watchdog for 200 seconds at Mon Aug 12 05:18:54 UTC 2019
2 ms. Memory: 45056K Free: 26076K (58%)
ptolemy.util.test.WatchDog.cancel(): canceling Mon Aug 12 05:18:54 UTC 2019
------------------ testing $PTII/ptolemy/domains/de/test/auto/DepthTest5.xml
auto.tcl: Setting watchdog for 200 seconds at Mon Aug 12 05:18:54 UTC 2019
8 ms. Memory: 45056K Free: 26183K (58%)
ptolemy.util.test.WatchDog.cancel(): canceling Mon Aug 12 05:18:54 UTC 2019
auto.tcl: Setting watchdog for 200 seconds at Mon Aug 12 05:18:54 UTC 2019
3 ms. Memory: 45056K Free: 25432K (56%)
ptolemy.util.test.WatchDog.cancel(): canceling Mon Aug 12 05:18:54 UTC 2019
------------------ testing $PTII/ptolemy/domains/de/test/auto/DepthTest6.xml
auto.tcl: Setting watchdog for 200 seconds at Mon Aug 12 05:18:54 UTC 2019
5 ms. Memory: 45056K Free: 25876K (57%)
ptolemy.util.test.WatchDog.cancel(): canceling Mon Aug 12 05:18:55 UTC 2019
auto.tcl: Setting watchdog for 200 seconds at Mon Aug 12 05:18:55 UTC 2019
2 ms. Memory: 45056K Free: 25497K (57%)
ptolemy.util.test.WatchDog.cancel(): canceling Mon Aug 12 05:18:55 UTC 2019
------------------ testing $PTII/ptolemy/domains/de/test/auto/DepthTest7.xml
auto.tcl: Setting watchdog for 200 seconds at Mon Aug 12 05:18:55 UTC 2019
3 ms. Memory: 45056K Free: 26704K (59%)
ptolemy.util.test.WatchDog.cancel(): canceling Mon Aug 12 05:18:55 UTC 2019
auto.tcl: Setting watchdog for 200 seconds at Mon Aug 12 05:18:55 UTC 2019
3 ms. Memory: 45056K Free: 25988K (58%)
ptolemy.util.test.WatchDog.cancel(): canceling Mon Aug 12 05:18:55 UTC 2019
------------------ testing $PTII/ptolemy/domains/de/test/auto/EventToDate.xml
auto.tcl: Setting watchdog for 200 seconds at Mon Aug 12 05:18:55 UTC 2019
3010 ms. Memory: 45056K Free: 17486K (39%)
ptolemy.util.test.WatchDog.cancel(): canceling Mon Aug 12 05:18:58 UTC 2019
auto.tcl: Setting watchdog for 200 seconds at Mon Aug 12 05:18:58 UTC 2019
3007 ms. Memory: 45056K Free: 16776K (37%)
ptolemy.util.test.WatchDog.cancel(): canceling Mon Aug 12 05:19:01 UTC 2019
------------------ testing $PTII/ptolemy/domains/de/test/auto/FSM1.xml
auto.tcl: Setting watchdog for 200 seconds at Mon Aug 12 05:19:01 UTC 2019
21 ms. Memory: 45056K Free: 18224K (40%)
ptolemy.util.test.WatchDog.cancel(): canceling Mon Aug 12 05:19:01 UTC 2019
auto.tcl: Setting watchdog for 200 seconds at Mon Aug 12 05:19:01 UTC 2019
17 ms. Memory: 45056K Free: 15093K (33%)
ptolemy.util.test.WatchDog.cancel(): canceling Mon Aug 12 05:19:01 UTC 2019
------------------ testing $PTII/ptolemy/domains/de/test/auto/FSM7.xml
auto.tcl: Setting watchdog for 200 seconds at Mon Aug 12 05:19:01 UTC 2019
18 ms. Memory: 45056K Free: 18412K (41%)
ptolemy.util.test.WatchDog.cancel(): canceling Mon Aug 12 05:19:01 UTC 2019
auto.tcl: Setting watchdog for 200 seconds at Mon Aug 12 05:19:01 UTC 2019
14 ms. Memory: 45056K Free: 15286K (34%)
ptolemy.util.test.WatchDog.cancel(): canceling Mon Aug 12 05:19:01 UTC 2019
------------------ testing $PTII/ptolemy/domains/de/test/auto/Inspection.xml
auto.tcl: Setting watchdog for 200 seconds at Mon Aug 12 05:19:01 UTC 2019
50 ms. Memory: 45056K Free: 18462K (41%)
ptolemy.util.test.WatchDog.cancel(): canceling Mon Aug 12 05:19:01 UTC 2019
auto.tcl: Setting watchdog for 200 seconds at Mon Aug 12 05:19:01 UTC 2019
33 ms. Memory: 45056K Free: 16709K (37%)
ptolemy.util.test.WatchDog.cancel(): canceling Mon Aug 12 05:19:01 UTC 2019
------------------ testing $PTII/ptolemy/domains/de/test/auto/Iteration.xml
auto.tcl: Setting watchdog for 200 seconds at Mon Aug 12 05:19:01 UTC 2019
15 ms. Memory: 45056K Free: 24163K (54%)
ptolemy.util.test.WatchDog.cancel(): canceling Mon Aug 12 05:19:01 UTC 2019
auto.tcl: Setting watchdog for 200 seconds at Mon Aug 12 05:19:01 UTC 2019
7 ms. Memory: 45056K Free: 22753K (50%)
ptolemy.util.test.WatchDog.cancel(): canceling Mon Aug 12 05:19:01 UTC 2019
------------------ testing $PTII/ptolemy/domains/de/test/auto/LineFault.xml
auto.tcl: Setting watchdog for 200 seconds at Mon Aug 12 05:19:01 UTC 2019
803 ms. Memory: 45056K Free: 27874K (62%)
ptolemy.util.test.WatchDog.cancel(): canceling Mon Aug 12 05:19:02 UTC 2019
auto.tcl: Setting watchdog for 200 seconds at Mon Aug 12 05:19:02 UTC 2019
663 ms. Memory: 54272K Free: 22015K (41%)
ptolemy.util.test.WatchDog.cancel(): canceling Mon Aug 12 05:19:03 UTC 2019
------------------ testing $PTII/ptolemy/domains/de/test/auto/MergeModel1Add.xml
auto.tcl: Setting watchdog for 200 seconds at Mon Aug 12 05:19:03 UTC 2019
18 ms. Memory: 51200K Free: 16307K (32%)
ptolemy.util.test.WatchDog.cancel(): canceling Mon Aug 12 05:19:03 UTC 2019
auto.tcl: Setting watchdog for 200 seconds at Mon Aug 12 05:19:03 UTC 2019
12 ms. Memory: 51200K Free: 14721K (29%)
ptolemy.util.test.WatchDog.cancel(): canceling Mon Aug 12 05:19:03 UTC 2019
------------------ testing $PTII/ptolemy/domains/de/test/auto/MergeModel2Add.xml
auto.tcl: Setting watchdog for 200 seconds at Mon Aug 12 05:19:03 UTC 2019
10 ms. Memory: 51200K Free: 18362K (36%)
ptolemy.util.test.WatchDog.cancel(): canceling Mon Aug 12 05:19:03 UTC 2019
auto.tcl: Setting watchdog for 200 seconds at Mon Aug 12 05:19:03 UTC 2019
9 ms. Memory: 51200K Free: 16404K (32%)
ptolemy.util.test.WatchDog.cancel(): canceling Mon Aug 12 05:19:03 UTC 2019
------------------ testing $PTII/ptolemy/domains/de/test/auto/MergeModel3Add.xml
auto.tcl: Setting watchdog for 200 seconds at Mon Aug 12 05:19:03 UTC 2019
11 ms. Memory: 51200K Free: 18387K (36%)
ptolemy.util.test.WatchDog.cancel(): canceling Mon Aug 12 05:19:03 UTC 2019
auto.tcl: Setting watchdog for 200 seconds at Mon Aug 12 05:19:03 UTC 2019
10 ms. Memory: 51200K Free: 16813K (33%)
ptolemy.util.test.WatchDog.cancel(): canceling Mon Aug 12 05:19:03 UTC 2019
------------------ testing $PTII/ptolemy/domains/de/test/auto/MergeWithoutDiscard.xml
auto.tcl: Setting watchdog for 200 seconds at Mon Aug 12 05:19:04 UTC 2019
2 ms. Memory: 51200K Free: 32930K (64%)
ptolemy.util.test.WatchDog.cancel(): canceling Mon Aug 12 05:19:04 UTC 2019
auto.tcl: Setting watchdog for 200 seconds at Mon Aug 12 05:19:04 UTC 2019
1 ms. Memory: 51200K Free: 32533K (64%)
ptolemy.util.test.WatchDog.cancel(): canceling Mon Aug 12 05:19:04 UTC 2019
------------------ testing $PTII/ptolemy/domains/de/test/auto/Modal1.xml
auto.tcl: Setting watchdog for 200 seconds at Mon Aug 12 05:19:04 UTC 2019
20 ms. Memory: 48128K Free: 21795K (45%)
ptolemy.util.test.WatchDog.cancel(): canceling Mon Aug 12 05:19:04 UTC 2019
auto.tcl: Setting watchdog for 200 seconds at Mon Aug 12 05:19:04 UTC 2019
23 ms. Memory: 48128K Free: 18371K (38%)
ptolemy.util.test.WatchDog.cancel(): canceling Mon Aug 12 05:19:04 UTC 2019
------------------ testing $PTII/ptolemy/domains/de/test/auto/Modal2.xml
auto.tcl: Setting watchdog for 200 seconds at Mon Aug 12 05:19:04 UTC 2019
11 ms. Memory: 48128K Free: 21879K (45%)
ptolemy.util.test.WatchDog.cancel(): canceling Mon Aug 12 05:19:04 UTC 2019
auto.tcl: Setting watchdog for 200 seconds at Mon Aug 12 05:19:04 UTC 2019
12 ms. Memory: 48128K Free: 18654K (39%)
ptolemy.util.test.WatchDog.cancel(): canceling Mon Aug 12 05:19:04 UTC 2019
------------------ testing $PTII/ptolemy/domains/de/test/auto/Modal3.xml
auto.tcl: Setting watchdog for 200 seconds at Mon Aug 12 05:19:04 UTC 2019
17 ms. Memory: 48128K Free: 21886K (45%)
ptolemy.util.test.WatchDog.cancel(): canceling Mon Aug 12 05:19:04 UTC 2019
auto.tcl: Setting watchdog for 200 seconds at Mon Aug 12 05:19:04 UTC 2019
15 ms. Memory: 48128K Free: 18683K (39%)
ptolemy.util.test.WatchDog.cancel(): canceling Mon Aug 12 05:19:04 UTC 2019
------------------ testing $PTII/ptolemy/domains/de/test/auto/Modal4.xml
auto.tcl: Setting watchdog for 200 seconds at Mon Aug 12 05:19:04 UTC 2019
26 ms. Memory: 48128K Free: 20859K (43%)
ptolemy.util.test.WatchDog.cancel(): canceling Mon Aug 12 05:19:04 UTC 2019
auto.tcl: Setting watchdog for 200 seconds at Mon Aug 12 05:19:04 UTC 2019
19 ms. Memory: 48128K Free: 16994K (35%)
ptolemy.util.test.WatchDog.cancel(): canceling Mon Aug 12 05:19:04 UTC 2019
------------------ testing $PTII/ptolemy/domains/de/test/auto/Modal5.xml
auto.tcl: Setting watchdog for 200 seconds at Mon Aug 12 05:19:04 UTC 2019
13 ms. Memory: 48128K Free: 20845K (43%)
ptolemy.util.test.WatchDog.cancel(): canceling Mon Aug 12 05:19:04 UTC 2019
auto.tcl: Setting watchdog for 200 seconds at Mon Aug 12 05:19:04 UTC 2019
14 ms. Memory: 48128K Free: 16981K (35%)
ptolemy.util.test.WatchDog.cancel(): canceling Mon Aug 12 05:19:04 UTC 2019
------------------ testing $PTII/ptolemy/domains/de/test/auto/Modal6.xml
auto.tcl: Setting watchdog for 200 seconds at Mon Aug 12 05:19:04 UTC 2019
17 ms. Memory: 48128K Free: 21634K (45%)
ptolemy.util.test.WatchDog.cancel(): canceling Mon Aug 12 05:19:04 UTC 2019
auto.tcl: Setting watchdog for 200 seconds at Mon Aug 12 05:19:04 UTC 2019
17 ms. Memory: 48128K Free: 18019K (37%)
ptolemy.util.test.WatchDog.cancel(): canceling Mon Aug 12 05:19:04 UTC 2019
------------------ testing $PTII/ptolemy/domains/de/test/auto/Modal7.xml
auto.tcl: Setting watchdog for 200 seconds at Mon Aug 12 05:19:04 UTC 2019
9 ms. Memory: 48128K Free: 20813K (43%)
ptolemy.util.test.WatchDog.cancel(): canceling Mon Aug 12 05:19:04 UTC 2019
auto.tcl: Setting watchdog for 200 seconds at Mon Aug 12 05:19:04 UTC 2019
9 ms. Memory: 48128K Free: 17334K (36%)
ptolemy.util.test.WatchDog.cancel(): canceling Mon Aug 12 05:19:04 UTC 2019
------------------ testing $PTII/ptolemy/domains/de/test/auto/ModalModel.xml
auto.tcl: Setting watchdog for 200 seconds at Mon Aug 12 05:19:04 UTC 2019
201 ms. Memory: 58368K Free: 38861K (67%)
ptolemy.util.test.WatchDog.cancel(): canceling Mon Aug 12 05:19:05 UTC 2019
auto.tcl: Setting watchdog for 200 seconds at Mon Aug 12 05:19:05 UTC 2019
210 ms. Memory: 58368K Free: 32568K (56%)
ptolemy.util.test.WatchDog.cancel(): canceling Mon Aug 12 05:19:05 UTC 2019
------------------ testing $PTII/ptolemy/domains/de/test/auto/ModalSource.xml
auto.tcl: Setting watchdog for 200 seconds at Mon Aug 12 05:19:05 UTC 2019
7 ms. Memory: 51200K Free: 28758K (56%)
ptolemy.util.test.WatchDog.cancel(): canceling Mon Aug 12 05:19:05 UTC 2019
auto.tcl: Setting watchdog for 200 seconds at Mon Aug 12 05:19:05 UTC 2019
7 ms. Memory: 51200K Free: 26679K (52%)
ptolemy.util.test.WatchDog.cancel(): canceling Mon Aug 12 05:19:05 UTC 2019
------------------ testing $PTII/ptolemy/domains/de/test/auto/NonInterruptibleTimerZeroDelay.xml
auto.tcl: Setting watchdog for 200 seconds at Mon Aug 12 05:19:05 UTC 2019
4 ms. Memory: 48128K Free: 30635K (64%)
ptolemy.util.test.WatchDog.cancel(): canceling Mon Aug 12 05:19:05 UTC 2019
auto.tcl: Setting watchdog for 200 seconds at Mon Aug 12 05:19:05 UTC 2019
2 ms. Memory: 48128K Free: 29931K (62%)
ptolemy.util.test.WatchDog.cancel(): canceling Mon Aug 12 05:19:05 UTC 2019
------------------ testing $PTII/ptolemy/domains/de/test/auto/OpenQueueingNetwork.xml
auto.tcl: Setting watchdog for 200 seconds at Mon Aug 12 05:19:05 UTC 2019
2986 ms. Memory: 99328K Free: 63564K (64%)
ptolemy.util.test.WatchDog.cancel(): canceling Mon Aug 12 05:19:08 UTC 2019
auto.tcl: Setting watchdog for 200 seconds at Mon Aug 12 05:19:08 UTC 2019
2606 ms. Memory: 119808K Free: 80416K (67%)
ptolemy.util.test.WatchDog.cancel(): canceling Mon Aug 12 05:19:11 UTC 2019
------------------ testing $PTII/ptolemy/domains/de/test/auto/OpenQueuingNetwork.xml
auto.tcl: Setting watchdog for 200 seconds at Mon Aug 12 05:19:11 UTC 2019
256 ms. Memory: 51200K Free: 19241K (38%)
ptolemy.util.test.WatchDog.cancel(): canceling Mon Aug 12 05:19:11 UTC 2019
auto.tcl: Setting watchdog for 200 seconds at Mon Aug 12 05:19:11 UTC 2019
243 ms. Memory: 51200K Free: 25637K (50%)
ptolemy.util.test.WatchDog.cancel(): canceling Mon Aug 12 05:19:11 UTC 2019
------------------ testing $PTII/ptolemy/domains/de/test/auto/PeriodicSampler.xml
auto.tcl: Setting watchdog for 200 seconds at Mon Aug 12 05:19:12 UTC 2019
2 ms. Memory: 51200K Free: 32862K (64%)
ptolemy.util.test.WatchDog.cancel(): canceling Mon Aug 12 05:19:12 UTC 2019
auto.tcl: Setting watchdog for 200 seconds at Mon Aug 12 05:19:12 UTC 2019
2 ms. Memory: 51200K Free: 32357K (63%)
ptolemy.util.test.WatchDog.cancel(): canceling Mon Aug 12 05:19:12 UTC 2019
------------------ testing $PTII/ptolemy/domains/de/test/auto/PersistentIO.xml
auto.tcl: Setting watchdog for 200 seconds at Mon Aug 12 05:19:12 UTC 2019
6 ms. Memory: 51200K Free: 27786K (54%)
ptolemy.util.test.WatchDog.cancel(): canceling Mon Aug 12 05:19:12 UTC 2019
auto.tcl: Setting watchdog for 200 seconds at Mon Aug 12 05:19:12 UTC 2019
4 ms. Memory: 51200K Free: 26359K (51%)
ptolemy.util.test.WatchDog.cancel(): canceling Mon Aug 12 05:19:12 UTC 2019
------------------ testing $PTII/ptolemy/domains/de/test/auto/PortParameterResetOnInitialize.xml
auto.tcl: Setting watchdog for 200 seconds at Mon Aug 12 05:19:12 UTC 2019
2 ms. Memory: 51200K Free: 32769K (64%)
ptolemy.util.test.WatchDog.cancel(): canceling Mon Aug 12 05:19:12 UTC 2019
auto.tcl: Setting watchdog for 200 seconds at Mon Aug 12 05:19:12 UTC 2019
2 ms. Memory: 51200K Free: 32289K (63%)
ptolemy.util.test.WatchDog.cancel(): canceling Mon Aug 12 05:19:12 UTC 2019
------------------ testing $PTII/ptolemy/domains/de/test/auto/PortParameterUpdates.xml
auto.tcl: Setting watchdog for 200 seconds at Mon Aug 12 05:19:12 UTC 2019
6 ms. Memory: 48128K Free: 27796K (58%)
ptolemy.util.test.WatchDog.cancel(): canceling Mon Aug 12 05:19:12 UTC 2019
auto.tcl: Setting watchdog for 200 seconds at Mon Aug 12 05:19:12 UTC 2019
5 ms. Memory: 48128K Free: 26368K (55%)
ptolemy.util.test.WatchDog.cancel(): canceling Mon Aug 12 05:19:12 UTC 2019
------------------ testing $PTII/ptolemy/domains/de/test/auto/QueueAndServer.xml
auto.tcl: Setting watchdog for 200 seconds at Mon Aug 12 05:19:12 UTC 2019
19 ms. Memory: 48128K Free: 26734K (56%)
ptolemy.util.test.WatchDog.cancel(): canceling Mon Aug 12 05:19:12 UTC 2019
auto.tcl: Setting watchdog for 200 seconds at Mon Aug 12 05:19:12 UTC 2019
7 ms. Memory: 48128K Free: 25314K (53%)
ptolemy.util.test.WatchDog.cancel(): canceling Mon Aug 12 05:19:12 UTC 2019
------------------ testing $PTII/ptolemy/domains/de/test/auto/Records.xml
auto.tcl: Setting watchdog for 200 seconds at Mon Aug 12 05:19:12 UTC 2019
3 ms. Memory: 48128K Free: 29241K (61%)
ptolemy.util.test.WatchDog.cancel(): canceling Mon Aug 12 05:19:12 UTC 2019
auto.tcl: Setting watchdog for 200 seconds at Mon Aug 12 05:19:12 UTC 2019
3 ms. Memory: 48128K Free: 28762K (60%)
ptolemy.util.test.WatchDog.cancel(): canceling Mon Aug 12 05:19:12 UTC 2019
------------------ testing $PTII/ptolemy/domains/de/test/auto/ResetTransitionWithStartTime1.xml
auto.tcl: Setting watchdog for 200 seconds at Mon Aug 12 05:19:12 UTC 2019
6 ms. Memory: 48128K Free: 26335K (55%)
ptolemy.util.test.WatchDog.cancel(): canceling Mon Aug 12 05:19:12 UTC 2019
auto.tcl: Setting watchdog for 200 seconds at Mon Aug 12 05:19:12 UTC 2019
7 ms. Memory: 48128K Free: 24150K (50%)
ptolemy.util.test.WatchDog.cancel(): canceling Mon Aug 12 05:19:12 UTC 2019
------------------ testing $PTII/ptolemy/domains/de/test/auto/ResetTransitionWithStartTime2.xml
auto.tcl: Setting watchdog for 200 seconds at Mon Aug 12 05:19:12 UTC 2019
5 ms. Memory: 48128K Free: 26314K (55%)
ptolemy.util.test.WatchDog.cancel(): canceling Mon Aug 12 05:19:12 UTC 2019
auto.tcl: Setting watchdog for 200 seconds at Mon Aug 12 05:19:12 UTC 2019
6 ms. Memory: 48128K Free: 24105K (50%)
ptolemy.util.test.WatchDog.cancel(): canceling Mon Aug 12 05:19:12 UTC 2019
------------------ testing $PTII/ptolemy/domains/de/test/auto/ResetTransitionWithStartTime3.xml
auto.tcl: Setting watchdog for 200 seconds at Mon Aug 12 05:19:12 UTC 2019
10 ms. Memory: 48128K Free: 26152K (54%)
ptolemy.util.test.WatchDog.cancel(): canceling Mon Aug 12 05:19:12 UTC 2019
auto.tcl: Setting watchdog for 200 seconds at Mon Aug 12 05:19:12 UTC 2019
6 ms. Memory: 48128K Free: 23655K (49%)
ptolemy.util.test.WatchDog.cancel(): canceling Mon Aug 12 05:19:12 UTC 2019
------------------ testing $PTII/ptolemy/domains/de/test/auto/ResetTransitionWithStartTime4.xml
auto.tcl: Setting watchdog for 200 seconds at Mon Aug 12 05:19:12 UTC 2019
12 ms. Memory: 48128K Free: 26639K (55%)
ptolemy.util.test.WatchDog.cancel(): canceling Mon Aug 12 05:19:12 UTC 2019
auto.tcl: Setting watchdog for 200 seconds at Mon Aug 12 05:19:12 UTC 2019
4 ms. Memory: 48128K Free: 25232K (52%)
ptolemy.util.test.WatchDog.cancel(): canceling Mon Aug 12 05:19:12 UTC 2019
------------------ testing $PTII/ptolemy/domains/de/test/auto/ResettableTimer1.xml
auto.tcl: Setting watchdog for 200 seconds at Mon Aug 12 05:19:12 UTC 2019
3 ms. Memory: 48128K Free: 30638K (64%)
ptolemy.util.test.WatchDog.cancel(): canceling Mon Aug 12 05:19:12 UTC 2019
auto.tcl: Setting watchdog for 200 seconds at Mon Aug 12 05:19:12 UTC 2019
3 ms. Memory: 48128K Free: 29756K (62%)
ptolemy.util.test.WatchDog.cancel(): canceling Mon Aug 12 05:19:12 UTC 2019
------------------ testing $PTII/ptolemy/domains/de/test/auto/ResettableTimer2.xml
auto.tcl: Setting watchdog for 200 seconds at Mon Aug 12 05:19:12 UTC 2019
3 ms. Memory: 48128K Free: 30728K (64%)
ptolemy.util.test.WatchDog.cancel(): canceling Mon Aug 12 05:19:12 UTC 2019
auto.tcl: Setting watchdog for 200 seconds at Mon Aug 12 05:19:12 UTC 2019
2 ms. Memory: 48128K Free: 29822K (62%)
ptolemy.util.test.WatchDog.cancel(): canceling Mon Aug 12 05:19:12 UTC 2019
------------------ testing $PTII/ptolemy/domains/de/test/auto/ResettableTimer3.xml
auto.tcl: Setting watchdog for 200 seconds at Mon Aug 12 05:19:13 UTC 2019
1 ms. Memory: 48128K Free: 30311K (63%)
ptolemy.util.test.WatchDog.cancel(): canceling Mon Aug 12 05:19:13 UTC 2019
auto.tcl: Setting watchdog for 200 seconds at Mon Aug 12 05:19:13 UTC 2019
2 ms. Memory: 48128K Free: 29836K (62%)
ptolemy.util.test.WatchDog.cancel(): canceling Mon Aug 12 05:19:13 UTC 2019
------------------ testing $PTII/ptolemy/domains/de/test/auto/ResettableTimer4.xml
auto.tcl: Setting watchdog for 200 seconds at Mon Aug 12 05:19:13 UTC 2019
1 ms. Memory: 48128K Free: 30361K (63%)
ptolemy.util.test.WatchDog.cancel(): canceling Mon Aug 12 05:19:13 UTC 2019
auto.tcl: Setting watchdog for 200 seconds at Mon Aug 12 05:19:13 UTC 2019
1 ms. Memory: 48128K Free: 29849K (62%)
ptolemy.util.test.WatchDog.cancel(): canceling Mon Aug 12 05:19:13 UTC 2019
------------------ testing $PTII/ptolemy/domains/de/test/auto/ResettableTimer5.xml
auto.tcl: Setting watchdog for 200 seconds at Mon Aug 12 05:19:13 UTC 2019
1 ms. Memory: 48128K Free: 29768K (62%)
ptolemy.util.test.WatchDog.cancel(): canceling Mon Aug 12 05:19:13 UTC 2019
auto.tcl: Setting watchdog for 200 seconds at Mon Aug 12 05:19:13 UTC 2019
2 ms. Memory: 48128K Free: 29289K (61%)
ptolemy.util.test.WatchDog.cancel(): canceling Mon Aug 12 05:19:13 UTC 2019
------------------ testing $PTII/ptolemy/domains/de/test/auto/ResettableTimer6.xml
auto.tcl: Setting watchdog for 200 seconds at Mon Aug 12 05:19:13 UTC 2019
1 ms. Memory: 48128K Free: 29767K (62%)
ptolemy.util.test.WatchDog.cancel(): canceling Mon Aug 12 05:19:13 UTC 2019
auto.tcl: Setting watchdog for 200 seconds at Mon Aug 12 05:19:13 UTC 2019
1 ms. Memory: 48128K Free: 29263K (61%)
ptolemy.util.test.WatchDog.cancel(): canceling Mon Aug 12 05:19:13 UTC 2019
------------------ testing $PTII/ptolemy/domains/de/test/auto/ServerZeroDelay.xml
auto.tcl: Setting watchdog for 200 seconds at Mon Aug 12 05:19:13 UTC 2019
4 ms. Memory: 48128K Free: 30278K (63%)
ptolemy.util.test.WatchDog.cancel(): canceling Mon Aug 12 05:19:13 UTC 2019
auto.tcl: Setting watchdog for 200 seconds at Mon Aug 12 05:19:13 UTC 2019
2 ms. Memory: 48128K Free: 29336K (61%)
ptolemy.util.test.WatchDog.cancel(): canceling Mon Aug 12 05:19:13 UTC 2019
------------------ testing $PTII/ptolemy/domains/de/test/auto/SmartSender.xml
auto.tcl: Setting watchdog for 200 seconds at Mon Aug 12 05:19:13 UTC 2019
3002 ms. Memory: 48128K Free: 30313K (63%)
ptolemy.util.test.WatchDog.cancel(): canceling Mon Aug 12 05:19:16 UTC 2019
auto.tcl: Setting watchdog for 200 seconds at Mon Aug 12 05:19:16 UTC 2019
3002 ms. Memory: 48128K Free: 29793K (62%)
ptolemy.util.test.WatchDog.cancel(): canceling Mon Aug 12 05:19:19 UTC 2019
------------------ testing $PTII/ptolemy/domains/de/test/auto/ThreadedComposite.xml
auto.tcl: Setting watchdog for 200 seconds at Mon Aug 12 05:19:19 UTC 2019
160 ms. Memory: 48128K Free: 11340K (24%)
ptolemy.util.test.WatchDog.cancel(): canceling Mon Aug 12 05:19:19 UTC 2019
auto.tcl: Setting watchdog for 200 seconds at Mon Aug 12 05:19:19 UTC 2019
288 ms. Memory: 48128K Free: 16251K (34%)
ptolemy.util.test.WatchDog.cancel(): canceling Mon Aug 12 05:19:19 UTC 2019
------------------ testing $PTII/ptolemy/domains/de/test/auto/Time.xml
auto.tcl: Setting watchdog for 200 seconds at Mon Aug 12 05:19:19 UTC 2019
619 ms. Memory: 78848K Free: 34449K (44%)
ptolemy.util.test.WatchDog.cancel(): canceling Mon Aug 12 05:19:20 UTC 2019
auto.tcl: Setting watchdog for 200 seconds at Mon Aug 12 05:19:20 UTC 2019
544 ms. Memory: 78848K Free: 23744K (30%)
ptolemy.util.test.WatchDog.cancel(): canceling Mon Aug 12 05:19:21 UTC 2019
------------------ testing $PTII/ptolemy/domains/de/test/auto/TimeDelayZeroDelay.xml
auto.tcl: Setting watchdog for 200 seconds at Mon Aug 12 05:19:21 UTC 2019
3 ms. Memory: 51200K Free: 33659K (66%)
ptolemy.util.test.WatchDog.cancel(): canceling Mon Aug 12 05:19:21 UTC 2019
auto.tcl: Setting watchdog for 200 seconds at Mon Aug 12 05:19:21 UTC 2019
2 ms. Memory: 51200K Free: 32902K (64%)
ptolemy.util.test.WatchDog.cancel(): canceling Mon Aug 12 05:19:21 UTC 2019
------------------ testing $PTII/ptolemy/domains/de/test/auto/TimerZeroDelay.xml
auto.tcl: Setting watchdog for 200 seconds at Mon Aug 12 05:19:21 UTC 2019
2 ms. Memory: 51200K Free: 33732K (66%)
ptolemy.util.test.WatchDog.cancel(): canceling Mon Aug 12 05:19:21 UTC 2019
auto.tcl: Setting watchdog for 200 seconds at Mon Aug 12 05:19:21 UTC 2019
2 ms. Memory: 51200K Free: 32974K (64%)
ptolemy.util.test.WatchDog.cancel(): canceling Mon Aug 12 05:19:21 UTC 2019
------------------ testing $PTII/ptolemy/domains/de/test/auto/TimingParadox.xml
auto.tcl: Setting watchdog for 200 seconds at Mon Aug 12 05:19:21 UTC 2019
341 ms. Memory: 51200K Free: 23473K (46%)
ptolemy.util.test.WatchDog.cancel(): canceling Mon Aug 12 05:19:21 UTC 2019
auto.tcl: Setting watchdog for 200 seconds at Mon Aug 12 05:19:21 UTC 2019
333 ms. Memory: 51200K Free: 16542K (32%)
ptolemy.util.test.WatchDog.cancel(): canceling Mon Aug 12 05:19:22 UTC 2019
------------------ testing $PTII/ptolemy/domains/de/test/auto/TransferInputs.xml
auto.tcl: Setting watchdog for 200 seconds at Mon Aug 12 05:19:22 UTC 2019
2 ms. Memory: 51200K Free: 31783K (62%)
ptolemy.util.test.WatchDog.cancel(): canceling Mon Aug 12 05:19:22 UTC 2019
auto.tcl: Setting watchdog for 200 seconds at Mon Aug 12 05:19:22 UTC 2019
1 ms. Memory: 51200K Free: 30892K (60%)
ptolemy.util.test.WatchDog.cancel(): canceling Mon Aug 12 05:19:22 UTC 2019
------------------ testing $PTII/ptolemy/domains/de/test/auto/TransferOutputs2.xml
auto.tcl: Setting watchdog for 200 seconds at Mon Aug 12 05:19:22 UTC 2019
11 ms. Memory: 51200K Free: 29226K (57%)
ptolemy.util.test.WatchDog.cancel(): canceling Mon Aug 12 05:19:22 UTC 2019
auto.tcl: Setting watchdog for 200 seconds at Mon Aug 12 05:19:22 UTC 2019
4 ms. Memory: 51200K Free: 27806K (54%)
ptolemy.util.test.WatchDog.cancel(): canceling Mon Aug 12 05:19:22 UTC 2019
------------------ testing $PTII/ptolemy/domains/de/test/auto/Trilateration.xml
auto.tcl: Setting watchdog for 200 seconds at Mon Aug 12 05:19:22 UTC 2019
13853 ms. Memory: 378880K Free: 139646K (37%)
ptolemy.util.test.WatchDog.cancel(): canceling Mon Aug 12 05:19:37 UTC 2019
auto.tcl: Setting watchdog for 200 seconds at Mon Aug 12 05:19:37 UTC 2019
10961 ms. Memory: 378880K Free: 195762K (52%)
ptolemy.util.test.WatchDog.cancel(): canceling Mon Aug 12 05:19:48 UTC 2019
------------------ testing $PTII/ptolemy/domains/de/test/auto/TwoSigmaDelta.xml
auto.tcl: Setting watchdog for 200 seconds at Mon Aug 12 05:19:48 UTC 2019
2731 ms. Memory: 89088K Free: 26824K (30%)
ptolemy.util.test.WatchDog.cancel(): canceling Mon Aug 12 05:19:51 UTC 2019
auto.tcl: Setting watchdog for 200 seconds at Mon Aug 12 05:19:51 UTC 2019
2162 ms. Memory: 89088K Free: 23274K (26%)
ptolemy.util.test.WatchDog.cancel(): canceling Mon Aug 12 05:19:53 UTC 2019
------------------ testing $PTII/ptolemy/domains/de/test/auto/VariableDelay.xml
auto.tcl: Setting watchdog for 200 seconds at Mon Aug 12 05:19:53 UTC 2019
3 ms. Memory: 51200K Free: 32273K (63%)
ptolemy.util.test.WatchDog.cancel(): canceling Mon Aug 12 05:19:53 UTC 2019
auto.tcl: Setting watchdog for 200 seconds at Mon Aug 12 05:19:53 UTC 2019
2 ms. Memory: 51200K Free: 31233K (61%)
ptolemy.util.test.WatchDog.cancel(): canceling Mon Aug 12 05:19:53 UTC 2019
------------------ testing $PTII/ptolemy/domains/de/test/auto/VariableDelay2.xml
auto.tcl: Setting watchdog for 200 seconds at Mon Aug 12 05:19:53 UTC 2019
3 ms. Memory: 51200K Free: 32582K (64%)
ptolemy.util.test.WatchDog.cancel(): canceling Mon Aug 12 05:19:53 UTC 2019
auto.tcl: Setting watchdog for 200 seconds at Mon Aug 12 05:19:53 UTC 2019
3 ms. Memory: 51200K Free: 31632K (62%)
ptolemy.util.test.WatchDog.cancel(): canceling Mon Aug 12 05:19:53 UTC 2019
------------------ testing $PTII/ptolemy/domains/de/test/auto/VariableDelayZeroDelay.xml
auto.tcl: Setting watchdog for 200 seconds at Mon Aug 12 05:19:53 UTC 2019
2 ms. Memory: 51200K Free: 33198K (65%)
ptolemy.util.test.WatchDog.cancel(): canceling Mon Aug 12 05:19:53 UTC 2019
auto.tcl: Setting watchdog for 200 seconds at Mon Aug 12 05:19:53 UTC 2019
2 ms. Memory: 51200K Free: 32684K (64%)
ptolemy.util.test.WatchDog.cancel(): canceling Mon Aug 12 05:19:53 UTC 2019
------------------ testing $PTII/ptolemy/domains/de/test/auto/VariableDelayZeroDelay2.xml
auto.tcl: Setting watchdog for 200 seconds at Mon Aug 12 05:19:53 UTC 2019
2 ms. Memory: 51200K Free: 33198K (65%)
ptolemy.util.test.WatchDog.cancel(): canceling Mon Aug 12 05:19:53 UTC 2019
auto.tcl: Setting watchdog for 200 seconds at Mon Aug 12 05:19:53 UTC 2019
2 ms. Memory: 51200K Free: 32174K (63%)
ptolemy.util.test.WatchDog.cancel(): canceling Mon Aug 12 05:19:53 UTC 2019
------------------ testing $PTII/ptolemy/domains/de/test/auto/deInCt.xml
auto.tcl: Setting watchdog for 200 seconds at Mon Aug 12 05:19:53 UTC 2019
0
1
1
1
1
0
0
0
0
1
1
1
0
0
0
1
1
1
1
1
0
0
1
1
1
0
0
0
1
1
1
1
0
0
1
1
1
0
0
0
0
17 ms. Memory: 51200K Free: 32171K (63%)
ptolemy.util.test.WatchDog.cancel(): canceling Mon Aug 12 05:19:53 UTC 2019
auto.tcl: Setting watchdog for 200 seconds at Mon Aug 12 05:19:53 UTC 2019
0
1
1
1
0
0
0
0
0
1
1
1
0
0
0
1
1
1
1
0
0
0
0
1
1
1
1
0
0
0
1
1
1
0
0
0
1
1
1
8 ms. Memory: 51200K Free: 30633K (60%)
ptolemy.util.test.WatchDog.cancel(): canceling Mon Aug 12 05:19:53 UTC 2019
------------------ testing $PTII/ptolemy/domains/de/test/auto/deInCt2.xml
auto.tcl: Setting watchdog for 200 seconds at Mon Aug 12 05:19:53 UTC 2019
0
1
1
1
0
0
1
1
1
0
0
1
1
1
0
0
1
1
1
0
0
1
1
1
0
0
1
1
1
0
0
1
1
1
0
0
1
1
1
0
0
0
17 ms. Memory: 51200K Free: 32173K (63%)
ptolemy.util.test.WatchDog.cancel(): canceling Mon Aug 12 05:19:53 UTC 2019
auto.tcl: Setting watchdog for 200 seconds at Mon Aug 12 05:19:53 UTC 2019
0
1
1
1
0
0
1
1
1
0
0
1
1
1
0
0
1
1
1
0
0
1
1
1
0
0
1
1
1
0
0
1
1
1
0
0
1
1
1
0
0
0
5 ms. Memory: 51200K Free: 30635K (60%)
ptolemy.util.test.WatchDog.cancel(): canceling Mon Aug 12 05:19:53 UTC 2019
------------------ testing $PTII/ptolemy/domains/de/test/auto/dynamicCausalityInterface1.xml
auto.tcl: Setting watchdog for 200 seconds at Mon Aug 12 05:19:53 UTC 2019
2 ms. Memory: 51200K Free: 28072K (55%)
ptolemy.util.test.WatchDog.cancel(): canceling Mon Aug 12 05:19:53 UTC 2019
auto.tcl: Setting watchdog for 200 seconds at Mon Aug 12 05:19:53 UTC 2019
1 ms. Memory: 51200K Free: 27558K (54%)
ptolemy.util.test.WatchDog.cancel(): canceling Mon Aug 12 05:19:53 UTC 2019
------------------ testing $PTII/ptolemy/domains/de/test/auto/fsm_de_test.xml
auto.tcl: Setting watchdog for 200 seconds at Mon Aug 12 05:19:53 UTC 2019
8 ms. Memory: 51200K Free: 27971K (55%)
ptolemy.util.test.WatchDog.cancel(): canceling Mon Aug 12 05:19:54 UTC 2019
auto.tcl: Setting watchdog for 200 seconds at Mon Aug 12 05:19:54 UTC 2019
5 ms. Memory: 51200K Free: 25923K (51%)
ptolemy.util.test.WatchDog.cancel(): canceling Mon Aug 12 05:19:54 UTC 2019
------------------ testing $PTII/ptolemy/domains/de/test/auto/functionDependencyReconstruction.xml
auto.tcl: Setting watchdog for 200 seconds at Mon Aug 12 05:19:54 UTC 2019
2 ms. Memory: 48128K Free: 18858K (39%)
ptolemy.util.test.WatchDog.cancel(): canceling Mon Aug 12 05:19:54 UTC 2019
auto.tcl: Setting watchdog for 200 seconds at Mon Aug 12 05:19:54 UTC 2019
2 ms. Memory: 48128K Free: 16739K (35%)
ptolemy.util.test.WatchDog.cancel(): canceling Mon Aug 12 05:19:54 UTC 2019
------------------ testing $PTII/ptolemy/domains/de/test/auto/multirate.xml
auto.tcl: Setting watchdog for 200 seconds at Mon Aug 12 05:19:54 UTC 2019
5 ms. Memory: 48128K Free: 27550K (57%)
ptolemy.util.test.WatchDog.cancel(): canceling Mon Aug 12 05:19:54 UTC 2019
auto.tcl: Setting watchdog for 200 seconds at Mon Aug 12 05:19:54 UTC 2019
3 ms. Memory: 48128K Free: 25818K (54%)
ptolemy.util.test.WatchDog.cancel(): canceling Mon Aug 12 05:19:54 UTC 2019
------------------ testing $PTII/ptolemy/domains/de/test/auto/multirate2.xml
auto.tcl: Setting watchdog for 200 seconds at Mon Aug 12 05:19:54 UTC 2019
2 ms. Memory: 48128K Free: 27740K (58%)
ptolemy.util.test.WatchDog.cancel(): canceling Mon Aug 12 05:19:54 UTC 2019
auto.tcl: Setting watchdog for 200 seconds at Mon Aug 12 05:19:54 UTC 2019
3 ms. Memory: 48128K Free: 26042K (54%)
ptolemy.util.test.WatchDog.cancel(): canceling Mon Aug 12 05:19:54 UTC 2019
------------------ testing $PTII/ptolemy/domains/de/test/auto/realtime.xml
auto.tcl: Setting watchdog for 200 seconds at Mon Aug 12 05:19:54 UTC 2019
10003 ms. Memory: 48128K Free: 29763K (62%)
ptolemy.util.test.WatchDog.cancel(): canceling Mon Aug 12 05:20:04 UTC 2019
auto.tcl: Setting watchdog for 200 seconds at Mon Aug 12 05:20:04 UTC 2019
10002 ms. Memory: 48128K Free: 29045K (60%)
ptolemy.util.test.WatchDog.cancel(): canceling Mon Aug 12 05:20:14 UTC 2019
------------------ testing $PTII/ptolemy/domains/de/test/auto/relationGroup.xml
auto.tcl: Setting watchdog for 200 seconds at Mon Aug 12 05:20:14 UTC 2019
1 ms. Memory: 48128K Free: 30882K (64%)
ptolemy.util.test.WatchDog.cancel(): canceling Mon Aug 12 05:20:14 UTC 2019
auto.tcl: Setting watchdog for 200 seconds at Mon Aug 12 05:20:14 UTC 2019
1 ms. Memory: 48128K Free: 30126K (63%)
ptolemy.util.test.WatchDog.cancel(): canceling Mon Aug 12 05:20:14 UTC 2019
------------------ testing $PTII/ptolemy/domains/de/test/auto/relationGroup2.xml
auto.tcl: Setting watchdog for 200 seconds at Mon Aug 12 05:20:14 UTC 2019
1 ms. Memory: 48128K Free: 30648K (64%)
ptolemy.util.test.WatchDog.cancel(): canceling Mon Aug 12 05:20:14 UTC 2019
auto.tcl: Setting watchdog for 200 seconds at Mon Aug 12 05:20:14 UTC 2019
2 ms. Memory: 48128K Free: 29680K (62%)
ptolemy.util.test.WatchDog.cancel(): canceling Mon Aug 12 05:20:14 UTC 2019
------------------ testing $PTII/ptolemy/domains/de/test/auto/sortWithOpaquePorts.xml
auto.tcl: Setting watchdog for 200 seconds at Mon Aug 12 05:20:14 UTC 2019
1 ms. Memory: 48128K Free: 30153K (63%)
ptolemy.util.test.WatchDog.cancel(): canceling Mon Aug 12 05:20:14 UTC 2019
auto.tcl: Setting watchdog for 200 seconds at Mon Aug 12 05:20:14 UTC 2019
2 ms. Memory: 48128K Free: 28657K (60%)
ptolemy.util.test.WatchDog.cancel(): canceling Mon Aug 12 05:20:14 UTC 2019
------------------ testing $PTII/ptolemy/domains/de/test/auto/transferInputsandOutputs.xml
auto.tcl: Setting watchdog for 200 seconds at Mon Aug 12 05:20:14 UTC 2019
3 ms. Memory: 48128K Free: 27068K (56%)
ptolemy.util.test.WatchDog.cancel(): canceling Mon Aug 12 05:20:14 UTC 2019
auto.tcl: Setting watchdog for 200 seconds at Mon Aug 12 05:20:14 UTC 2019
2 ms. Memory: 48128K Free: 26096K (54%)
ptolemy.util.test.WatchDog.cancel(): canceling Mon Aug 12 05:20:14 UTC 2019
------------------ testing $PTII/ptolemy/domains/de/test/auto/triggerType.xml
auto.tcl: Setting watchdog for 200 seconds at Mon Aug 12 05:20:14 UTC 2019
1 ms. Memory: 48128K Free: 30094K (63%)
ptolemy.util.test.WatchDog.cancel(): canceling Mon Aug 12 05:20:14 UTC 2019
auto.tcl: Setting watchdog for 200 seconds at Mon Aug 12 05:20:14 UTC 2019
2 ms. Memory: 48128K Free: 29105K (60%)
ptolemy.util.test.WatchDog.cancel(): canceling Mon Aug 12 05:20:14 UTC 2019
08/12/19 05:20:14
Failed: 0  Total Tests: 192  ((Passed: 187, Newly Passed: 1)  Known Failed: 5) /home/travis/build/icyphy/ptII/ptolemy/domains/de/test
08/12/19 05:20:14
Failed: 0  Total Tests: 192  ((Passed: 187, Newly Passed: 1)  Known Failed: 5) /home/travis/build/icyphy/ptII/ptolemy/domains/de/test
----------------- testing (KnownFailure) /home/travis/build/icyphy/ptII/ptolemy/domains/de/test/auto/knownFailedTests/DESDFClockTest.xml
2012 ms. Memory: 48128K Free: 23488K (49%)
Known Failure: java.lang.reflect.InvocationTargetException
----------------- testing (KnownFailure) /home/travis/build/icyphy/ptII/ptolemy/domains/de/test/auto/knownFailedTests/DirectFeedback.xml
2 ms. Memory: 48128K Free: 19906K (41%)
Known Failure: java.lang.reflect.InvocationTargetException
----------------- testing (KnownFailure) /home/travis/build/icyphy/ptII/ptolemy/domains/de/test/auto/knownFailedTests/FSMSource.xml
15 ms. Memory: 48128K Free: 12224K (25%)
----------------- testing (KnownFailure) /home/travis/build/icyphy/ptII/ptolemy/domains/de/test/auto/knownFailedTests/HierarchicalModel.xml
3 ms. Memory: 48128K Free: 21892K (45%)
Known Failure: java.lang.reflect.InvocationTargetException
----------------- testing (KnownFailure) /home/travis/build/icyphy/ptII/ptolemy/domains/de/test/auto/knownFailedTests/dependencyLoop.xml
7 ms. Memory: 48128K Free: 31806K (66%)
Known Failure: java.lang.reflect.InvocationTargetException
----------------- testing (KnownFailure) /home/travis/build/icyphy/ptII/ptolemy/domains/de/test/auto/knownFailedTests/dependencyLoop2.xml
7 ms. Memory: 48128K Free: 16188K (34%)
Known Failure: java.lang.reflect.InvocationTargetException
No auto/linux-amd64/*.xml tests in /home/travis/build/icyphy/ptII/ptolemy/domains/de/test
AutoTests.java: About to close Vertx.
AutoTests.java: Vertx closed.

===========================================================================================
----------------- testing Mon Aug 12 05:20:17 UTC 2019 /home/travis/build/icyphy/ptII/ptolemy/domains/de/test/auto/ActorDepthCalculation_actorWithoutPorts.xml
----------------- Instantiating /home/travis/build/icyphy/ptII/ptolemy/domains/de/test/auto/ActorDepthCalculation_actorWithoutPorts.xml
2 ms. Memory: 48128K Free: 9677K (20%)
----------------- Invoking toplevel() on ptolemy.moml.MoMLSimpleApplication@5e5c515d
----------------- Done invoking toplevel() on ptolemy.moml.MoMLSimpleApplication@5e5c515d
reloadAllAccessors: .ActorDepthCalculation_actorWithoutPorts

===========================================================================================
----------------- testing Mon Aug 12 05:20:17 UTC 2019 /home/travis/build/icyphy/ptII/ptolemy/domains/de/test/auto/AssemblyLine.xml
----------------- Instantiating /home/travis/build/icyphy/ptII/ptolemy/domains/de/test/auto/AssemblyLine.xml
4 ms. Memory: 48128K Free: 28212K (59%)
----------------- Invoking toplevel() on ptolemy.moml.MoMLSimpleApplication@b8e2095
----------------- Done invoking toplevel() on ptolemy.moml.MoMLSimpleApplication@b8e2095
reloadAllAccessors: .AssemblyLine

===========================================================================================
----------------- testing Mon Aug 12 05:20:17 UTC 2019 /home/travis/build/icyphy/ptII/ptolemy/domains/de/test/auto/CQBug1.xml
----------------- Instantiating /home/travis/build/icyphy/ptII/ptolemy/domains/de/test/auto/CQBug1.xml
1 ms. Memory: 48128K Free: 25388K (53%)
----------------- Invoking toplevel() on ptolemy.moml.MoMLSimpleApplication@4253d7d
----------------- Done invoking toplevel() on ptolemy.moml.MoMLSimpleApplication@4253d7d
reloadAllAccessors: .CQBug1

===========================================================================================
----------------- testing Mon Aug 12 05:20:17 UTC 2019 /home/travis/build/icyphy/ptII/ptolemy/domains/de/test/auto/CancelFireAt.xml
----------------- Instantiating /home/travis/build/icyphy/ptII/ptolemy/domains/de/test/auto/CancelFireAt.xml
12 ms. Memory: 48128K Free: 22734K (47%)
----------------- Invoking toplevel() on ptolemy.moml.MoMLSimpleApplication@3a5e730
----------------- Done invoking toplevel() on ptolemy.moml.MoMLSimpleApplication@3a5e730
reloadAllAccessors: .CancelFireAt

===========================================================================================
----------------- testing Mon Aug 12 05:20:17 UTC 2019 /home/travis/build/icyphy/ptII/ptolemy/domains/de/test/auto/CausalityAndComposabilityAnalysis.xml
----------------- Instantiating /home/travis/build/icyphy/ptII/ptolemy/domains/de/test/auto/CausalityAndComposabilityAnalysis.xml
2 ms. Memory: 48128K Free: 18198K (38%)
----------------- Invoking toplevel() on ptolemy.moml.MoMLSimpleApplication@67ff90cd
----------------- Done invoking toplevel() on ptolemy.moml.MoMLSimpleApplication@67ff90cd
reloadAllAccessors: .CausalityAndComposabilityAnalysis

===========================================================================================
----------------- testing Mon Aug 12 05:20:17 UTC 2019 /home/travis/build/icyphy/ptII/ptolemy/domains/de/test/auto/CausalityInterface1.xml
----------------- Instantiating /home/travis/build/icyphy/ptII/ptolemy/domains/de/test/auto/CausalityInterface1.xml
4 ms. Memory: 48128K Free: 13108K (27%)
----------------- Invoking toplevel() on ptolemy.moml.MoMLSimpleApplication@4239cda5
----------------- Done invoking toplevel() on ptolemy.moml.MoMLSimpleApplication@4239cda5
reloadAllAccessors: .CausalityInterface1

===========================================================================================
----------------- testing Mon Aug 12 05:20:17 UTC 2019 /home/travis/build/icyphy/ptII/ptolemy/domains/de/test/auto/CausalityInterface15.xml
----------------- Instantiating /home/travis/build/icyphy/ptII/ptolemy/domains/de/test/auto/CausalityInterface15.xml
6 ms. Memory: 48128K Free: 33530K (70%)
----------------- Invoking toplevel() on ptolemy.moml.MoMLSimpleApplication@5aaf1dbc
----------------- Done invoking toplevel() on ptolemy.moml.MoMLSimpleApplication@5aaf1dbc
reloadAllAccessors: .CausalityInterface15

===========================================================================================
----------------- testing Mon Aug 12 05:20:17 UTC 2019 /home/travis/build/icyphy/ptII/ptolemy/domains/de/test/auto/CausalityInterface2.xml
----------------- Instantiating /home/travis/build/icyphy/ptII/ptolemy/domains/de/test/auto/CausalityInterface2.xml
1 ms. Memory: 48128K Free: 28694K (60%)
[...]
	at ptolemy.actor.Manager.run(Manager.java:1263)
	at ptolemy.actor.Manager$PtolemyRunThread.run(Manager.java:1933)
java.lang.RuntimeException: Execution failed
	at ptolemy.moml.MoMLSimpleApplication$UnloadThread.run(MoMLSimpleApplication.java:402)
Caused by: ptolemy.kernel.util.IllegalActionException: Actor is not ready to fire.  Perhaps UpSample.prefire() returned false? Try debugging the actor by selecting "Listen to Actor".  Also, for SDF check moml for tokenConsumptionRate on input.
  in .DESDFClockTest.Play Bell.Copy1:SDF Director and .DESDFClockTest.Play Bell.UpSample
	at ptolemy.actor.sched.StaticSchedulingDirector.fire(StaticSchedulingDirector.java:227)
	at ptolemy.domains.sdf.kernel.SDFDirector.fire(SDFDirector.java:500)
	at ptolemy.actor.CompositeActor.fire(CompositeActor.java:455)
	at ptolemy.domains.de.kernel.DEDirector._fire(DEDirector.java:1949)
	at ptolemy.domains.de.kernel.DEDirector.fire(DEDirector.java:502)
	at ptolemy.actor.CompositeActor.fire(CompositeActor.java:455)
	at ptolemy.actor.Manager.iterate(Manager.java:851)
	at ptolemy.actor.Manager.execute(Manager.java:369)
	at ptolemy.actor.Manager.run(Manager.java:1263)
	at ptolemy.actor.Manager$PtolemyRunThread.run(Manager.java:1933)
java.lang.reflect.InvocationTargetException
	at java.base/jdk.internal.reflect.NativeConstructorAccessorImpl.newInstance0(Native Method)
	at java.base/jdk.internal.reflect.NativeConstructorAccessorImpl.newInstance(NativeConstructorAccessorImpl.java:62)
	at java.base/jdk.internal.reflect.DelegatingConstructorAccessorImpl.newInstance(DelegatingConstructorAccessorImpl.java:45)
	at java.base/java.lang.reflect.Constructor.newInstance(Constructor.java:490)
	at ptolemy.util.test.junit.AutoKnownFailedTests.RunModel(AutoKnownFailedTests.java:105)
	at java.base/jdk.internal.reflect.NativeMethodAccessorImpl.invoke0(Native Method)
	at java.base/jdk.internal.reflect.NativeMethodAccessorImpl.invoke(NativeMethodAccessorImpl.java:62)
	at java.base/jdk.internal.reflect.DelegatingMethodAccessorImpl.invoke(DelegatingMethodAccessorImpl.java:43)
	at java.base/java.lang.reflect.Method.invoke(Method.java:566)
	at org.junit.runners.model.FrameworkMethod$1.runReflectiveCall(FrameworkMethod.java:44)
	at org.junit.internal.runners.model.ReflectiveCallable.run(ReflectiveCallable.java:15)
	at org.junit.runners.model.FrameworkMethod.invokeExplosively(FrameworkMethod.java:41)
	at junitparams.internal.InvokeParameterisedMethod.evaluate(InvokeParameterisedMethod.java:102)
	at org.junit.internal.runners.statements.FailOnTimeout$1.run(FailOnTimeout.java:28)
Caused by: ptolemy.kernel.util.IllegalActionException: Actor is not ready to fire.  Perhaps UpSample.prefire() returned false? Try debugging the actor by selecting "Listen to Actor".  Also, for SDF check moml for tokenConsumptionRate on input.
  in .DESDFClockTest.Play Bell.Copy1:SDF Director and .DESDFClockTest.Play Bell.UpSample
	at ptolemy.actor.sched.StaticSchedulingDirector.fire(StaticSchedulingDirector.java:227)
	at ptolemy.domains.sdf.kernel.SDFDirector.fire(SDFDirector.java:500)
	at ptolemy.actor.CompositeActor.fire(CompositeActor.java:455)
	at ptolemy.domains.de.kernel.DEDirector._fire(DEDirector.java:1949)
	at ptolemy.domains.de.kernel.DEDirector.fire(DEDirector.java:502)
	at ptolemy.actor.CompositeActor.fire(CompositeActor.java:455)
	at ptolemy.actor.Manager.iterate(Manager.java:851)
	at ptolemy.actor.Manager.execute(Manager.java:369)
	at ptolemy.actor.Manager.run(Manager.java:1263)
	at ptolemy.actor.Manager$PtolemyRunThread.run(Manager.java:1933)
java.lang.RuntimeException: Execution failed
	at ptolemy.moml.MoMLSimpleApplication$UnloadThread.run(MoMLSimpleApplication.java:402)
Caused by: ptolemy.kernel.util.IllegalActionException: Test fails in iteration 1.
Value was: 1.0. Should have been: 2.0
  in .DirectFeedback.Test
	at ptolemy.actor.lib.Test.fire(Test.java:268)
	at ptolemy.domains.de.kernel.DEDirector._fire(DEDirector.java:1949)
	at ptolemy.domains.de.kernel.DEDirector.fire(DEDirector.java:502)
	at ptolemy.actor.CompositeActor.fire(CompositeActor.java:455)
	at ptolemy.actor.Manager.iterate(Manager.java:851)
	at ptolemy.actor.Manager.execute(Manager.java:369)
	at ptolemy.actor.Manager.run(Manager.java:1263)
	at ptolemy.actor.Manager$PtolemyRunThread.run(Manager.java:1933)
java.lang.reflect.InvocationTargetException
	at java.base/jdk.internal.reflect.NativeConstructorAccessorImpl.newInstance0(Native Method)
	at java.base/jdk.internal.reflect.NativeConstructorAccessorImpl.newInstance(NativeConstructorAccessorImpl.java:62)
	at java.base/jdk.internal.reflect.DelegatingConstructorAccessorImpl.newInstance(DelegatingConstructorAccessorImpl.java:45)
	at java.base/java.lang.reflect.Constructor.newInstance(Constructor.java:490)
	at ptolemy.util.test.junit.AutoKnownFailedTests.RunModel(AutoKnownFailedTests.java:105)
	at java.base/jdk.internal.reflect.NativeMethodAccessorImpl.invoke0(Native Method)
	at java.base/jdk.internal.reflect.NativeMethodAccessorImpl.invoke(NativeMethodAccessorImpl.java:62)
	at java.base/jdk.internal.reflect.DelegatingMethodAccessorImpl.invoke(DelegatingMethodAccessorImpl.java:43)
	at java.base/java.lang.reflect.Method.invoke(Method.java:566)
	at org.junit.runners.model.FrameworkMethod$1.runReflectiveCall(FrameworkMethod.java:44)
	at org.junit.internal.runners.model.ReflectiveCallable.run(ReflectiveCallable.java:15)
	at org.junit.runners.model.FrameworkMethod.invokeExplosively(FrameworkMethod.java:41)
	at junitparams.internal.InvokeParameterisedMethod.evaluate(InvokeParameterisedMethod.java:102)
	at org.junit.internal.runners.statements.FailOnTimeout$1.run(FailOnTimeout.java:28)
Caused by: ptolemy.kernel.util.IllegalActionException: Test fails in iteration 1.
Value was: 1.0. Should have been: 2.0
  in .DirectFeedback.Test
	at ptolemy.actor.lib.Test.fire(Test.java:268)
	at ptolemy.domains.de.kernel.DEDirector._fire(DEDirector.java:1949)
	at ptolemy.domains.de.kernel.DEDirector.fire(DEDirector.java:502)
	at ptolemy.actor.CompositeActor.fire(CompositeActor.java:455)
	at ptolemy.actor.Manager.iterate(Manager.java:851)
	at ptolemy.actor.Manager.execute(Manager.java:369)
	at ptolemy.actor.Manager.run(Manager.java:1263)
	at ptolemy.actor.Manager$PtolemyRunThread.run(Manager.java:1933)
java.lang.RuntimeException: Execution failed
	at ptolemy.moml.MoMLSimpleApplication$UnloadThread.run(MoMLSimpleApplication.java:402)
Caused by: ptolemy.kernel.util.IllegalActionException: Found a zero delay loop containing .HierarchicalModel.A
  in .HierarchicalModel and .HierarchicalModel.A
	at ptolemy.actor.util.CausalityInterfaceForComposites._computeOutputPortDepth(CausalityInterfaceForComposites.java:759)
	at ptolemy.actor.util.CausalityInterfaceForComposites._computeInputDepth(CausalityInterfaceForComposites.java:696)
	at ptolemy.actor.util.CausalityInterfaceForComposites._computeOutputPortDepth(CausalityInterfaceForComposites.java:765)
	at ptolemy.actor.util.CausalityInterfaceForComposites._computeInputDepth(CausalityInterfaceForComposites.java:696)
	at ptolemy.actor.util.CausalityInterfaceForComposites._computeOutputPortDepth(CausalityInterfaceForComposites.java:765)
	at ptolemy.actor.util.CausalityInterfaceForComposites._computeInputDepth(CausalityInterfaceForComposites.java:696)
	at ptolemy.actor.util.CausalityInterfaceForComposites._computeActorDepth(CausalityInterfaceForComposites.java:532)
	at ptolemy.actor.util.CausalityInterfaceForComposites.checkForCycles(CausalityInterfaceForComposites.java:96)
	at ptolemy.domains.de.kernel.DEDirector.preinitialize(DEDirector.java:1338)
	at ptolemy.actor.CompositeActor.preinitialize(CompositeActor.java:1828)
	at ptolemy.actor.Manager.preinitializeAndResolveTypes(Manager.java:1040)
	at ptolemy.actor.Manager.initialize(Manager.java:710)
	at ptolemy.actor.Manager.execute(Manager.java:356)
	at ptolemy.actor.Manager.run(Manager.java:1263)
	at ptolemy.actor.Manager$PtolemyRunThread.run(Manager.java:1933)
java.lang.reflect.InvocationTargetException
	at java.base/jdk.internal.reflect.NativeConstructorAccessorImpl.newInstance0(Native Method)
	at java.base/jdk.internal.reflect.NativeConstructorAccessorImpl.newInstance(NativeConstructorAccessorImpl.java:62)
	at java.base/jdk.internal.reflect.DelegatingConstructorAccessorImpl.newInstance(DelegatingConstructorAccessorImpl.java:45)
	at java.base/java.lang.reflect.Constructor.newInstance(Constructor.java:490)
	at ptolemy.util.test.junit.AutoKnownFailedTests.RunModel(AutoKnownFailedTests.java:105)
	at java.base/jdk.internal.reflect.NativeMethodAccessorImpl.invoke0(Native Method)
	at java.base/jdk.internal.reflect.NativeMethodAccessorImpl.invoke(NativeMethodAccessorImpl.java:62)
	at java.base/jdk.internal.reflect.DelegatingMethodAccessorImpl.invoke(DelegatingMethodAccessorImpl.java:43)
	at java.base/java.lang.reflect.Method.invoke(Method.java:566)
	at org.junit.runners.model.FrameworkMethod$1.runReflectiveCall(FrameworkMethod.java:44)
	at org.junit.internal.runners.model.ReflectiveCallable.run(ReflectiveCallable.java:15)
	at org.junit.runners.model.FrameworkMethod.invokeExplosively(FrameworkMethod.java:41)
	at junitparams.internal.InvokeParameterisedMethod.evaluate(InvokeParameterisedMethod.java:102)
	at org.junit.internal.runners.statements.FailOnTimeout$1.run(FailOnTimeout.java:28)
Caused by: ptolemy.kernel.util.IllegalActionException: Found a zero delay loop containing .HierarchicalModel.A
  in .HierarchicalModel and .HierarchicalModel.A
	at ptolemy.actor.util.CausalityInterfaceForComposites._computeOutputPortDepth(CausalityInterfaceForComposites.java:759)
	at ptolemy.actor.util.CausalityInterfaceForComposites._computeInputDepth(CausalityInterfaceForComposites.java:696)
	at ptolemy.actor.util.CausalityInterfaceForComposites._computeOutputPortDepth(CausalityInterfaceForComposites.java:765)
	at ptolemy.actor.util.CausalityInterfaceForComposites._computeInputDepth(CausalityInterfaceForComposites.java:696)
	at ptolemy.actor.util.CausalityInterfaceForComposites._computeOutputPortDepth(CausalityInterfaceForComposites.java:765)
	at ptolemy.actor.util.CausalityInterfaceForComposites._computeInputDepth(CausalityInterfaceForComposites.java:696)
	at ptolemy.actor.util.CausalityInterfaceForComposites._computeActorDepth(CausalityInterfaceForComposites.java:532)
	at ptolemy.actor.util.CausalityInterfaceForComposites.checkForCycles(CausalityInterfaceForComposites.java:96)
	at ptolemy.domains.de.kernel.DEDirector.preinitialize(DEDirector.java:1338)
	at ptolemy.actor.CompositeActor.preinitialize(CompositeActor.java:1828)
	at ptolemy.actor.Manager.preinitializeAndResolveTypes(Manager.java:1040)
	at ptolemy.actor.Manager.initialize(Manager.java:710)
	at ptolemy.actor.Manager.execute(Manager.java:356)
	at ptolemy.actor.Manager.run(Manager.java:1263)
	at ptolemy.actor.Manager$PtolemyRunThread.run(Manager.java:1933)
java.lang.RuntimeException: Execution failed
	at ptolemy.moml.MoMLSimpleApplication$UnloadThread.run(MoMLSimpleApplication.java:402)
Caused by: ptolemy.kernel.util.IllegalActionException: Found a zero delay loop containing .dependencyLoop.original
  in .dependencyLoop and .dependencyLoop.original
	at ptolemy.actor.util.CausalityInterfaceForComposites._computeOutputPortDepth(CausalityInterfaceForComposites.java:759)
	at ptolemy.actor.util.CausalityInterfaceForComposites._computeInputDepth(CausalityInterfaceForComposites.java:696)
	at ptolemy.actor.util.CausalityInterfaceForComposites._computeOutputPortDepth(CausalityInterfaceForComposites.java:765)
	at ptolemy.actor.util.CausalityInterfaceForComposites._computeInputDepth(CausalityInterfaceForComposites.java:696)
	at ptolemy.actor.util.CausalityInterfaceForComposites._computeOutputPortDepth(CausalityInterfaceForComposites.java:765)
	at ptolemy.actor.util.CausalityInterfaceForComposites._computeInputDepth(CausalityInterfaceForComposites.java:696)
	at ptolemy.actor.util.CausalityInterfaceForComposites._computeActorDepth(CausalityInterfaceForComposites.java:532)
	at ptolemy.actor.util.CausalityInterfaceForComposites.checkForCycles(CausalityInterfaceForComposites.java:96)
	at ptolemy.domains.de.kernel.DEDirector.preinitialize(DEDirector.java:1338)
	at ptolemy.actor.CompositeActor.preinitialize(CompositeActor.java:1828)
	at ptolemy.actor.Manager.preinitializeAndResolveTypes(Manager.java:1040)
	at ptolemy.actor.Manager.initialize(Manager.java:710)
	at ptolemy.actor.Manager.execute(Manager.java:356)
	at ptolemy.actor.Manager.run(Manager.java:1263)
	at ptolemy.actor.Manager$PtolemyRunThread.run(Manager.java:1933)
java.lang.reflect.InvocationTargetException
	at java.base/jdk.internal.reflect.NativeConstructorAccessorImpl.newInstance0(Native Method)
	at java.base/jdk.internal.reflect.NativeConstructorAccessorImpl.newInstance(NativeConstructorAccessorImpl.java:62)
	at java.base/jdk.internal.reflect.DelegatingConstructorAccessorImpl.newInstance(DelegatingConstructorAccessorImpl.java:45)
	at java.base/java.lang.reflect.Constructor.newInstance(Constructor.java:490)
	at ptolemy.util.test.junit.AutoKnownFailedTests.RunModel(AutoKnownFailedTests.java:105)
	at java.base/jdk.internal.reflect.NativeMethodAccessorImpl.invoke0(Native Method)
	at java.base/jdk.internal.reflect.NativeMethodAccessorImpl.invoke(NativeMethodAccessorImpl.java:62)
	at java.base/jdk.internal.reflect.DelegatingMethodAccessorImpl.invoke(DelegatingMethodAccessorImpl.java:43)
	at java.base/java.lang.reflect.Method.invoke(Method.java:566)
	at org.junit.runners.model.FrameworkMethod$1.runReflectiveCall(FrameworkMethod.java:44)
	at org.junit.internal.runners.model.ReflectiveCallable.run(ReflectiveCallable.java:15)
	at org.junit.runners.model.FrameworkMethod.invokeExplosively(FrameworkMethod.java:41)
	at junitparams.internal.InvokeParameterisedMethod.evaluate(InvokeParameterisedMethod.java:102)
	at org.junit.internal.runners.statements.FailOnTimeout$1.run(FailOnTimeout.java:28)
Caused by: ptolemy.kernel.util.IllegalActionException: Found a zero delay loop containing .dependencyLoop.original
  in .dependencyLoop and .dependencyLoop.original
	at ptolemy.actor.util.CausalityInterfaceForComposites._computeOutputPortDepth(CausalityInterfaceForComposites.java:759)
	at ptolemy.actor.util.CausalityInterfaceForComposites._computeInputDepth(CausalityInterfaceForComposites.java:696)
	at ptolemy.actor.util.CausalityInterfaceForComposites._computeOutputPortDepth(CausalityInterfaceForComposites.java:765)
	at ptolemy.actor.util.CausalityInterfaceForComposites._computeInputDepth(CausalityInterfaceForComposites.java:696)
	at ptolemy.actor.util.CausalityInterfaceForComposites._computeOutputPortDepth(CausalityInterfaceForComposites.java:765)
	at ptolemy.actor.util.CausalityInterfaceForComposites._computeInputDepth(CausalityInterfaceForComposites.java:696)
	at ptolemy.actor.util.CausalityInterfaceForComposites._computeActorDepth(CausalityInterfaceForComposites.java:532)
	at ptolemy.actor.util.CausalityInterfaceForComposites.checkForCycles(CausalityInterfaceForComposites.java:96)
	at ptolemy.domains.de.kernel.DEDirector.preinitialize(DEDirector.java:1338)
	at ptolemy.actor.CompositeActor.preinitialize(CompositeActor.java:1828)
	at ptolemy.actor.Manager.preinitializeAndResolveTypes(Manager.java:1040)
	at ptolemy.actor.Manager.initialize(Manager.java:710)
	at ptolemy.actor.Manager.execute(Manager.java:356)
	at ptolemy.actor.Manager.run(Manager.java:1263)
	at ptolemy.actor.Manager$PtolemyRunThread.run(Manager.java:1933)
java.lang.RuntimeException: Execution failed
	at ptolemy.moml.MoMLSimpleApplication$UnloadThread.run(MoMLSimpleApplication.java:402)
Caused by: ptolemy.kernel.util.IllegalActionException: Found a zero delay loop containing .dependencyLoop2.original
  in .dependencyLoop2 and .dependencyLoop2.original
	at ptolemy.actor.util.CausalityInterfaceForComposites._computeOutputPortDepth(CausalityInterfaceForComposites.java:759)
	at ptolemy.actor.util.CausalityInterfaceForComposites._computeInputDepth(CausalityInterfaceForComposites.java:696)
	at ptolemy.actor.util.CausalityInterfaceForComposites._computeOutputPortDepth(CausalityInterfaceForComposites.java:765)
	at ptolemy.actor.util.CausalityInterfaceForComposites._computeInputDepth(CausalityInterfaceForComposites.java:696)
	at ptolemy.actor.util.CausalityInterfaceForComposites._computeOutputPortDepth(CausalityInterfaceForComposites.java:765)
	at ptolemy.actor.util.CausalityInterfaceForComposites._computeInputDepth(CausalityInterfaceForComposites.java:696)
	at ptolemy.actor.util.CausalityInterfaceForComposites._computeActorDepth(CausalityInterfaceForComposites.java:532)
	at ptolemy.actor.util.CausalityInterfaceForComposites.checkForCycles(CausalityInterfaceForComposites.java:96)
	at ptolemy.domains.de.kernel.DEDirector.preinitialize(DEDirector.java:1338)
	at ptolemy.actor.CompositeActor.preinitialize(CompositeActor.java:1828)
	at ptolemy.actor.Manager.preinitializeAndResolveTypes(Manager.java:1040)
	at ptolemy.actor.Manager.initialize(Manager.java:710)
	at ptolemy.actor.Manager.execute(Manager.java:356)
	at ptolemy.actor.Manager.run(Manager.java:1263)
	at ptolemy.actor.Manager$PtolemyRunThread.run(Manager.java:1933)
java.lang.reflect.InvocationTargetException
	at java.base/jdk.internal.reflect.NativeConstructorAccessorImpl.newInstance0(Native Method)
	at java.base/jdk.internal.reflect.NativeConstructorAccessorImpl.newInstance(NativeConstructorAccessorImpl.java:62)
	at java.base/jdk.internal.reflect.DelegatingConstructorAccessorImpl.newInstance(DelegatingConstructorAccessorImpl.java:45)
	at java.base/java.lang.reflect.Constructor.newInstance(Constructor.java:490)
	at ptolemy.util.test.junit.AutoKnownFailedTests.RunModel(AutoKnownFailedTests.java:105)
	at java.base/jdk.internal.reflect.NativeMethodAccessorImpl.invoke0(Native Method)
	at java.base/jdk.internal.reflect.NativeMethodAccessorImpl.invoke(NativeMethodAccessorImpl.java:62)
	at java.base/jdk.internal.reflect.DelegatingMethodAccessorImpl.invoke(DelegatingMethodAccessorImpl.java:43)
	at java.base/java.lang.reflect.Method.invoke(Method.java:566)
	at org.junit.runners.model.FrameworkMethod$1.runReflectiveCall(FrameworkMethod.java:44)
	at org.junit.internal.runners.model.ReflectiveCallable.run(ReflectiveCallable.java:15)
	at org.junit.runners.model.FrameworkMethod.invokeExplosively(FrameworkMethod.java:41)
	at junitparams.internal.InvokeParameterisedMethod.evaluate(InvokeParameterisedMethod.java:102)
	at org.junit.internal.runners.statements.FailOnTimeout$1.run(FailOnTimeout.java:28)
Caused by: ptolemy.kernel.util.IllegalActionException: Found a zero delay loop containing .dependencyLoop2.original
  in .dependencyLoop2 and .dependencyLoop2.original
	at ptolemy.actor.util.CausalityInterfaceForComposites._computeOutputPortDepth(CausalityInterfaceForComposites.java:759)
	at ptolemy.actor.util.CausalityInterfaceForComposites._computeInputDepth(CausalityInterfaceForComposites.java:696)
	at ptolemy.actor.util.CausalityInterfaceForComposites._computeOutputPortDepth(CausalityInterfaceForComposites.java:765)
	at ptolemy.actor.util.CausalityInterfaceForComposites._computeInputDepth(CausalityInterfaceForComposites.java:696)
	at ptolemy.actor.util.CausalityInterfaceForComposites._computeOutputPortDepth(CausalityInterfaceForComposites.java:765)
	at ptolemy.actor.util.CausalityInterfaceForComposites._computeInputDepth(CausalityInterfaceForComposites.java:696)
	at ptolemy.actor.util.CausalityInterfaceForComposites._computeActorDepth(CausalityInterfaceForComposites.java:532)
	at ptolemy.actor.util.CausalityInterfaceForComposites.checkForCycles(CausalityInterfaceForComposites.java:96)
	at ptolemy.domains.de.kernel.DEDirector.preinitialize(DEDirector.java:1338)
	at ptolemy.actor.CompositeActor.preinitialize(CompositeActor.java:1828)
	at ptolemy.actor.Manager.preinitializeAndResolveTypes(Manager.java:1040)
	at ptolemy.actor.Manager.initialize(Manager.java:710)
	at ptolemy.actor.Manager.execute(Manager.java:356)
	at ptolemy.actor.Manager.run(Manager.java:1263)
	at ptolemy.actor.Manager$PtolemyRunThread.run(Manager.java:1933)
]]></system-err>
</testsuite>
