<?xml version="1.0" encoding="UTF-8" ?>
<testsuite errors="0" failures="0" hostname="travis-job-8fc01431-2a64-4327-8b89-0ec4d62044f8" name="ptolemy.domains.continuous.test.junit.JUnitTclTest" skipped="0" tests="156" time="79.227" timestamp="2019-07-20T15:39:07">
  <properties>
[...]
</properties>
  <testcase classname="ptolemy.util.test.junit.TclTests" name="[0] ThereAreNoTclTests (RunTclFile)" time="0.024" />
  <testcase classname="ptolemy.util.test.junit.AutoKnownFailedTests" name="[0] ThereAreNoKnowFailedTests (RunModel)" time="0.004" />
  <testcase classname="ptolemy.util.test.junit.AutoNameArchTests" name="[0] ThereAreNoAutoArchTests (RunModel)" time="0.027" />
  <testcase classname="ptolemy.util.test.junit.AutoTests" name="[0] /home/travis/build/icyphy/ptII/ptolemy/domains/continuous/test/auto/BouncingBall.xml (RunModel)" time="3.369" />
  <testcase classname="ptolemy.util.test.junit.AutoTests" name="[1] /home/travis/build/icyphy/ptII/ptolemy/domains/continuous/test/auto/BouncingBallWithoutGR.xml (RunModel)" time="0.981" />
  <testcase classname="ptolemy.util.test.junit.AutoTests" name="[2] /home/travis/build/icyphy/ptII/ptolemy/domains/continuous/test/auto/Brownian.xml (RunModel)" time="0.132" />
  <testcase classname="ptolemy.util.test.junit.AutoTests" name="[3] /home/travis/build/icyphy/ptII/ptolemy/domains/continuous/test/auto/CarTracking.xml (RunModel)" time="4.601" />
  <testcase classname="ptolemy.util.test.junit.AutoTests" name="[4] /home/travis/build/icyphy/ptII/ptolemy/domains/continuous/test/auto/CartPendulum.xml (RunModel)" time="0.599" />
  <testcase classname="ptolemy.util.test.junit.AutoTests" name="[5] /home/travis/build/icyphy/ptII/ptolemy/domains/continuous/test/auto/CausalityInterface10.xml (RunModel)" time="0.057" />
  <testcase classname="ptolemy.util.test.junit.AutoTests" name="[6] /home/travis/build/icyphy/ptII/ptolemy/domains/continuous/test/auto/CausalityInterface11.xml (RunModel)" time="0.028" />
  <testcase classname="ptolemy.util.test.junit.AutoTests" name="[7] /home/travis/build/icyphy/ptII/ptolemy/domains/continuous/test/auto/CausalityInterface12.xml (RunModel)" time="0.028" />
  <testcase classname="ptolemy.util.test.junit.AutoTests" name="[8] /home/travis/build/icyphy/ptII/ptolemy/domains/continuous/test/auto/CausalityInterface13.xml (RunModel)" time="0.04" />
  <testcase classname="ptolemy.util.test.junit.AutoTests" name="[9] /home/travis/build/icyphy/ptII/ptolemy/domains/continuous/test/auto/CausalityInterface14.xml (RunModel)" time="0.028" />
  <testcase classname="ptolemy.util.test.junit.AutoTests" name="[10] /home/travis/build/icyphy/ptII/ptolemy/domains/continuous/test/auto/CausalityInterface4.xml (RunModel)" time="0.04" />
  <testcase classname="ptolemy.util.test.junit.AutoTests" name="[11] /home/travis/build/icyphy/ptII/ptolemy/domains/continuous/test/auto/CausalityInterface5.xml (RunModel)" time="0.043" />
  <testcase classname="ptolemy.util.test.junit.AutoTests" name="[12] /home/travis/build/icyphy/ptII/ptolemy/domains/continuous/test/auto/CausalityInterface6.xml (RunModel)" time="0.033" />
  <testcase classname="ptolemy.util.test.junit.AutoTests" name="[13] /home/travis/build/icyphy/ptII/ptolemy/domains/continuous/test/auto/CausalityInterface7.xml (RunModel)" time="0.043" />
  <testcase classname="ptolemy.util.test.junit.AutoTests" name="[14] /home/travis/build/icyphy/ptII/ptolemy/domains/continuous/test/auto/CausalityInterface8.xml (RunModel)" time="0.045" />
  <testcase classname="ptolemy.util.test.junit.AutoTests" name="[15] /home/travis/build/icyphy/ptII/ptolemy/domains/continuous/test/auto/CausalityInterface9.xml (RunModel)" time="0.048" />
  <testcase classname="ptolemy.util.test.junit.AutoTests" name="[16] /home/travis/build/icyphy/ptII/ptolemy/domains/continuous/test/auto/CausalityInterfaceFeedback1.xml (RunModel)" time="0.034" />
  <testcase classname="ptolemy.util.test.junit.AutoTests" name="[17] /home/travis/build/icyphy/ptII/ptolemy/domains/continuous/test/auto/CausalityInterfaceFeedback2.xml (RunModel)" time="0.038" />
  <testcase classname="ptolemy.util.test.junit.AutoTests" name="[18] /home/travis/build/icyphy/ptII/ptolemy/domains/continuous/test/auto/CompareWithCurrentTime.xml (RunModel)" time="0.024" />
  <testcase classname="ptolemy.util.test.junit.AutoTests" name="[19] /home/travis/build/icyphy/ptII/ptolemy/domains/continuous/test/auto/ComparedClocks.xml (RunModel)" time="0.081" />
  <testcase classname="ptolemy.util.test.junit.AutoTests" name="[20] /home/travis/build/icyphy/ptII/ptolemy/domains/continuous/test/auto/ContinuousAOCClone.xml (RunModel)" time="2.893" />
  <testcase classname="ptolemy.util.test.junit.AutoTests" name="[21] /home/travis/build/icyphy/ptII/ptolemy/domains/continuous/test/auto/ContinuousClock.xml (RunModel)" time="0.07" />
  <testcase classname="ptolemy.util.test.junit.AutoTests" name="[22] /home/travis/build/icyphy/ptII/ptolemy/domains/continuous/test/auto/ContinuousInContinuous.xml (RunModel)" time="0.08" />
  <testcase classname="ptolemy.util.test.junit.AutoTests" name="[23] /home/travis/build/icyphy/ptII/ptolemy/domains/continuous/test/auto/ContinuousInContinuousInContinuous.xml (RunModel)" time="0.024" />
  <testcase classname="ptolemy.util.test.junit.AutoTests" name="[24] /home/travis/build/icyphy/ptII/ptolemy/domains/continuous/test/auto/ContinuousInDE.xml (RunModel)" time="0.132" />
  <testcase classname="ptolemy.util.test.junit.AutoTests" name="[25] /home/travis/build/icyphy/ptII/ptolemy/domains/continuous/test/auto/ContinuousInDE2.xml (RunModel)" time="0.057" />
  <testcase classname="ptolemy.util.test.junit.AutoTests" name="[26] /home/travis/build/icyphy/ptII/ptolemy/domains/continuous/test/auto/ContinuousInDE3.xml (RunModel)" time="0.054" />
  <testcase classname="ptolemy.util.test.junit.AutoTests" name="[27] /home/travis/build/icyphy/ptII/ptolemy/domains/continuous/test/auto/ContinuousInDE4.xml (RunModel)" time="0.039" />
  <testcase classname="ptolemy.util.test.junit.AutoTests" name="[28] /home/travis/build/icyphy/ptII/ptolemy/domains/continuous/test/auto/ContinuousInDEDifferentRefinements.xml (RunModel)" time="0.097" />
  <testcase classname="ptolemy.util.test.junit.AutoTests" name="[29] /home/travis/build/icyphy/ptII/ptolemy/domains/continuous/test/auto/ContinuousInDEDifferentRefinementsPreemptive.xml (RunModel)" time="0.086" />
  <testcase classname="ptolemy.util.test.junit.AutoTests" name="[30] /home/travis/build/icyphy/ptII/ptolemy/domains/continuous/test/auto/ContinuousInDEInContinuous2.xml (RunModel)" time="0.058" />
  <testcase classname="ptolemy.util.test.junit.AutoTests" name="[31] /home/travis/build/icyphy/ptII/ptolemy/domains/continuous/test/auto/ContinuousInDEInContinuous3.xml (RunModel)" time="0.061" />
  <testcase classname="ptolemy.util.test.junit.AutoTests" name="[32] /home/travis/build/icyphy/ptII/ptolemy/domains/continuous/test/auto/ContinuousInDEInput.xml (RunModel)" time="0.037" />
  <testcase classname="ptolemy.util.test.junit.AutoTests" name="[33] /home/travis/build/icyphy/ptII/ptolemy/domains/continuous/test/auto/ContinuousInDEInput2.xml (RunModel)" time="0.051" />
  <testcase classname="ptolemy.util.test.junit.AutoTests" name="[34] /home/travis/build/icyphy/ptII/ptolemy/domains/continuous/test/auto/ContinuousInDEInput3.xml (RunModel)" time="0.036" />
  <testcase classname="ptolemy.util.test.junit.AutoTests" name="[35] /home/travis/build/icyphy/ptII/ptolemy/domains/continuous/test/auto/ContinuousInDESharingRefinement.xml (RunModel)" time="0.205" />
  <testcase classname="ptolemy.util.test.junit.AutoTests" name="[36] /home/travis/build/icyphy/ptII/ptolemy/domains/continuous/test/auto/ContinuousInDEwithNoPorts.xml (RunModel)" time="0.022" />
  <testcase classname="ptolemy.util.test.junit.AutoTests" name="[37] /home/travis/build/icyphy/ptII/ptolemy/domains/continuous/test/auto/ContinuousInsideDE.xml (RunModel)" time="0.105" />
  <testcase classname="ptolemy.util.test.junit.AutoTests" name="[38] /home/travis/build/icyphy/ptII/ptolemy/domains/continuous/test/auto/ContinuousMerge1.xml (RunModel)" time="0.021" />
  <testcase classname="ptolemy.util.test.junit.AutoTests" name="[39] /home/travis/build/icyphy/ptII/ptolemy/domains/continuous/test/auto/ContinuousMerge2.xml (RunModel)" time="0.049" />
  <testcase classname="ptolemy.util.test.junit.AutoTests" name="[40] /home/travis/build/icyphy/ptII/ptolemy/domains/continuous/test/auto/ContinuousMerge3.xml (RunModel)" time="0.075" />
  <testcase classname="ptolemy.util.test.junit.AutoTests" name="[41] /home/travis/build/icyphy/ptII/ptolemy/domains/continuous/test/auto/ContinuousWithinContinuous.xml (RunModel)" time="0.064" />
  <testcase classname="ptolemy.util.test.junit.AutoTests" name="[42] /home/travis/build/icyphy/ptII/ptolemy/domains/continuous/test/auto/ContinuousWithinContinuous2.xml (RunModel)" time="0.095" />
  <testcase classname="ptolemy.util.test.junit.AutoTests" name="[43] /home/travis/build/icyphy/ptII/ptolemy/domains/continuous/test/auto/ContinuousWithinContinuous3.xml (RunModel)" time="0.033" />
  <testcase classname="ptolemy.util.test.junit.AutoTests" name="[44] /home/travis/build/icyphy/ptII/ptolemy/domains/continuous/test/auto/ContinuousWithinContinuous4.xml (RunModel)" time="0.099" />
  <testcase classname="ptolemy.util.test.junit.AutoTests" name="[45] /home/travis/build/icyphy/ptII/ptolemy/domains/continuous/test/auto/ContinuousWithinContinuous5.xml (RunModel)" time="0.033" />
  <testcase classname="ptolemy.util.test.junit.AutoTests" name="[46] /home/travis/build/icyphy/ptII/ptolemy/domains/continuous/test/auto/ContinuousWithinContinuous6.xml (RunModel)" time="0.032" />
  <testcase classname="ptolemy.util.test.junit.AutoTests" name="[47] /home/travis/build/icyphy/ptII/ptolemy/domains/continuous/test/auto/ContinuousWithinContinuous7.xml (RunModel)" time="0.079" />
  <testcase classname="ptolemy.util.test.junit.AutoTests" name="[48] /home/travis/build/icyphy/ptII/ptolemy/domains/continuous/test/auto/DCMotor.xml (RunModel)" time="15.094" />
  <testcase classname="ptolemy.util.test.junit.AutoTests" name="[49] /home/travis/build/icyphy/ptII/ptolemy/domains/continuous/test/auto/DEInContinuous.xml (RunModel)" time="0.035" />
  <testcase classname="ptolemy.util.test.junit.AutoTests" name="[50] /home/travis/build/icyphy/ptII/ptolemy/domains/continuous/test/auto/DEinContinuous2.xml (RunModel)" time="0.026" />
  <testcase classname="ptolemy.util.test.junit.AutoTests" name="[51] /home/travis/build/icyphy/ptII/ptolemy/domains/continuous/test/auto/Derivative.xml (RunModel)" time="0.206" />
  <testcase classname="ptolemy.util.test.junit.AutoTests" name="[52] /home/travis/build/icyphy/ptII/ptolemy/domains/continuous/test/auto/Derivative1.xml (RunModel)" time="0.047" />
  <testcase classname="ptolemy.util.test.junit.AutoTests" name="[53] /home/travis/build/icyphy/ptII/ptolemy/domains/continuous/test/auto/DiscreteClock.xml (RunModel)" time="0.018" />
  <testcase classname="ptolemy.util.test.junit.AutoTests" name="[54] /home/travis/build/icyphy/ptII/ptolemy/domains/continuous/test/auto/EfficiencyCurve.xml (RunModel)" time="0.11" />
  <testcase classname="ptolemy.util.test.junit.AutoTests" name="[55] /home/travis/build/icyphy/ptII/ptolemy/domains/continuous/test/auto/ExponentialResponse.xml (RunModel)" time="0.129" />
  <testcase classname="ptolemy.util.test.junit.AutoTests" name="[56] /home/travis/build/icyphy/ptII/ptolemy/domains/continuous/test/auto/ExponentialResponseRK45.xml (RunModel)" time="0.039" />
  <testcase classname="ptolemy.util.test.junit.AutoTests" name="[57] /home/travis/build/icyphy/ptII/ptolemy/domains/continuous/test/auto/Friction.xml (RunModel)" time="1.552" />
  <testcase classname="ptolemy.util.test.junit.AutoTests" name="[58] /home/travis/build/icyphy/ptII/ptolemy/domains/continuous/test/auto/FurutaPendulum.xml (RunModel)" time="3.537" />
  <testcase classname="ptolemy.util.test.junit.AutoTests" name="[59] /home/travis/build/icyphy/ptII/ptolemy/domains/continuous/test/auto/HierarchicalExecution.xml (RunModel)" time="1.999" />
  <testcase classname="ptolemy.util.test.junit.AutoTests" name="[60] /home/travis/build/icyphy/ptII/ptolemy/domains/continuous/test/auto/HybridPlant.xml (RunModel)" time="0.616" />
  <testcase classname="ptolemy.util.test.junit.AutoTests" name="[61] /home/travis/build/icyphy/ptII/ptolemy/domains/continuous/test/auto/Hysteresis.xml (RunModel)" time="0.213" />
  <testcase classname="ptolemy.util.test.junit.AutoTests" name="[62] /home/travis/build/icyphy/ptII/ptolemy/domains/continuous/test/auto/HysteresisWithRandomDelay.xml (RunModel)" time="0.252" />
  <testcase classname="ptolemy.util.test.junit.AutoTests" name="[63] /home/travis/build/icyphy/ptII/ptolemy/domains/continuous/test/auto/HysteresisWithRandomLosses.xml (RunModel)" time="2.482" />
  <testcase classname="ptolemy.util.test.junit.AutoTests" name="[64] /home/travis/build/icyphy/ptII/ptolemy/domains/continuous/test/auto/ImmediateTransitions.xml (RunModel)" time="0.032" />
  <testcase classname="ptolemy.util.test.junit.AutoTests" name="[65] /home/travis/build/icyphy/ptII/ptolemy/domains/continuous/test/auto/ImpulseFeedback.xml (RunModel)" time="0.03" />
  <testcase classname="ptolemy.util.test.junit.AutoTests" name="[66] /home/travis/build/icyphy/ptII/ptolemy/domains/continuous/test/auto/ImpulseFeedback2.xml (RunModel)" time="0.019" />
  <testcase classname="ptolemy.util.test.junit.AutoTests" name="[67] /home/travis/build/icyphy/ptII/ptolemy/domains/continuous/test/auto/IncreasingRatePoisson.xml (RunModel)" time="0.752" />
  <testcase classname="ptolemy.util.test.junit.AutoTests" name="[68] /home/travis/build/icyphy/ptII/ptolemy/domains/continuous/test/auto/InitialStateFeedback.xml (RunModel)" time="0.015" />
  <testcase classname="ptolemy.util.test.junit.AutoTests" name="[69] /home/travis/build/icyphy/ptII/ptolemy/domains/continuous/test/auto/Integration.xml (RunModel)" time="0.012" />
  <testcase classname="ptolemy.util.test.junit.AutoTests" name="[70] /home/travis/build/icyphy/ptII/ptolemy/domains/continuous/test/auto/Integration2.xml (RunModel)" time="0.093" />
  <testcase classname="ptolemy.util.test.junit.AutoTests" name="[71] /home/travis/build/icyphy/ptII/ptolemy/domains/continuous/test/auto/Integration3.xml (RunModel)" time="0.012" />
  <testcase classname="ptolemy.util.test.junit.AutoTests" name="[72] /home/travis/build/icyphy/ptII/ptolemy/domains/continuous/test/auto/Integration5.xml (RunModel)" time="0.017" />
  <testcase classname="ptolemy.util.test.junit.AutoTests" name="[73] /home/travis/build/icyphy/ptII/ptolemy/domains/continuous/test/auto/IntegratorImpulse.xml (RunModel)" time="0.01" />
  <testcase classname="ptolemy.util.test.junit.AutoTests" name="[74] /home/travis/build/icyphy/ptII/ptolemy/domains/continuous/test/auto/IntegratorImpulse2.xml (RunModel)" time="0.016" />
  <testcase classname="ptolemy.util.test.junit.AutoTests" name="[75] /home/travis/build/icyphy/ptII/ptolemy/domains/continuous/test/auto/LevelCrossing1.xml (RunModel)" time="0.016" />
  <testcase classname="ptolemy.util.test.junit.AutoTests" name="[76] /home/travis/build/icyphy/ptII/ptolemy/domains/continuous/test/auto/LevelCrossing2.xml (RunModel)" time="0.019" />
  <testcase classname="ptolemy.util.test.junit.AutoTests" name="[77] /home/travis/build/icyphy/ptII/ptolemy/domains/continuous/test/auto/LevelCrossing3.xml (RunModel)" time="0.011" />
  <testcase classname="ptolemy.util.test.junit.AutoTests" name="[78] /home/travis/build/icyphy/ptII/ptolemy/domains/continuous/test/auto/LevelCrossing4.xml (RunModel)" time="0.015" />
  <testcase classname="ptolemy.util.test.junit.AutoTests" name="[79] /home/travis/build/icyphy/ptII/ptolemy/domains/continuous/test/auto/LevelCrossing5.xml (RunModel)" time="0.013" />
  <testcase classname="ptolemy.util.test.junit.AutoTests" name="[80] /home/travis/build/icyphy/ptII/ptolemy/domains/continuous/test/auto/LevelCrossing6.xml (RunModel)" time="0.013" />
  <testcase classname="ptolemy.util.test.junit.AutoTests" name="[81] /home/travis/build/icyphy/ptII/ptolemy/domains/continuous/test/auto/LevelCrossingDetector.xml (RunModel)" time="0.037" />
  <testcase classname="ptolemy.util.test.junit.AutoTests" name="[82] /home/travis/build/icyphy/ptII/ptolemy/domains/continuous/test/auto/LevelCrossingDetectorDetectingDirections.xml (RunModel)" time="0.092" />
  <testcase classname="ptolemy.util.test.junit.AutoTests" name="[83] /home/travis/build/icyphy/ptII/ptolemy/domains/continuous/test/auto/LevelCrossingDetectorDetectsGlitches.xml (RunModel)" time="0.062" />
  <testcase classname="ptolemy.util.test.junit.AutoTests" name="[84] /home/travis/build/icyphy/ptII/ptolemy/domains/continuous/test/auto/LevelCrossingNoInitialOuput.xml (RunModel)" time="0.018" />
  <testcase classname="ptolemy.util.test.junit.AutoTests" name="[85] /home/travis/build/icyphy/ptII/ptolemy/domains/continuous/test/auto/LinearStateSpaceExample.xml (RunModel)" time="0.071" />
  <testcase classname="ptolemy.util.test.junit.AutoTests" name="[86] /home/travis/build/icyphy/ptII/ptolemy/domains/continuous/test/auto/Lorenz.xml (RunModel)" time="4.072" />
  <testcase classname="ptolemy.util.test.junit.AutoTests" name="[87] /home/travis/build/icyphy/ptII/ptolemy/domains/continuous/test/auto/LorenzDifferentialSystem.xml (RunModel)" time="1.092" />
  <testcase classname="ptolemy.util.test.junit.AutoTests" name="[88] /home/travis/build/icyphy/ptII/ptolemy/domains/continuous/test/auto/LorenzDifferentialSystemWithInput.xml (RunModel)" time="1.363" />
  <testcase classname="ptolemy.util.test.junit.AutoTests" name="[89] /home/travis/build/icyphy/ptII/ptolemy/domains/continuous/test/auto/LorenzDifferentialSystemWithTime.xml (RunModel)" time="0.712" />
  <testcase classname="ptolemy.util.test.junit.AutoTests" name="[90] /home/travis/build/icyphy/ptII/ptolemy/domains/continuous/test/auto/Microsteps.xml (RunModel)" time="0.027" />
  <testcase classname="ptolemy.util.test.junit.AutoTests" name="[91] /home/travis/build/icyphy/ptII/ptolemy/domains/continuous/test/auto/Modal1.xml (RunModel)" time="0.052" />
  <testcase classname="ptolemy.util.test.junit.AutoTests" name="[92] /home/travis/build/icyphy/ptII/ptolemy/domains/continuous/test/auto/Modal2.xml (RunModel)" time="0.048" />
  <testcase classname="ptolemy.util.test.junit.AutoTests" name="[93] /home/travis/build/icyphy/ptII/ptolemy/domains/continuous/test/auto/ModalTransitionGuardWithReset.xml (RunModel)" time="0.024" />
  <testcase classname="ptolemy.util.test.junit.AutoTests" name="[94] /home/travis/build/icyphy/ptII/ptolemy/domains/continuous/test/auto/ModalTransitionGuardWithResetUsingPreemptiveTransition.xml (RunModel)" time="0.027" />
  <testcase classname="ptolemy.util.test.junit.AutoTests" name="[95] /home/travis/build/icyphy/ptII/ptolemy/domains/continuous/test/auto/ModalTransitionGuardWithResetUsingPreemptiveTransition2.xml (RunModel)" time="0.026" />
  <testcase classname="ptolemy.util.test.junit.AutoTests" name="[96] /home/travis/build/icyphy/ptII/ptolemy/domains/continuous/test/auto/ModalTransitionGuardWithResetUsingPreemptiveTransition3.xml (RunModel)" time="0.036" />
  <testcase classname="ptolemy.util.test.junit.AutoTests" name="[97] /home/travis/build/icyphy/ptII/ptolemy/domains/continuous/test/auto/NewtonsCradle.xml (RunModel)" time="0.828" />
  <testcase classname="ptolemy.util.test.junit.AutoTests" name="[98] /home/travis/build/icyphy/ptII/ptolemy/domains/continuous/test/auto/NewtonsCradleAnimated.xml (RunModel)" time="1.302" />
  <testcase classname="ptolemy.util.test.junit.AutoTests" name="[99] /home/travis/build/icyphy/ptII/ptolemy/domains/continuous/test/auto/NewtonsCradleComplicated.xml (RunModel)" time="1.088" />
  <testcase classname="ptolemy.util.test.junit.AutoTests" name="[100] /home/travis/build/icyphy/ptII/ptolemy/domains/continuous/test/auto/NewtonsCradleNondeterministic.xml (RunModel)" time="0.67" />
  <testcase classname="ptolemy.util.test.junit.AutoTests" name="[101] /home/travis/build/icyphy/ptII/ptolemy/domains/continuous/test/auto/NewtonsCradlePerfectlyInelastic1.xml (RunModel)" time="1.305" />
  <testcase classname="ptolemy.util.test.junit.AutoTests" name="[102] /home/travis/build/icyphy/ptII/ptolemy/domains/continuous/test/auto/Noise.xml (RunModel)" time="0.18" />
  <testcase classname="ptolemy.util.test.junit.AutoTests" name="[103] /home/travis/build/icyphy/ptII/ptolemy/domains/continuous/test/auto/NoiseSpectrum.xml (RunModel)" time="0.877" />
  <testcase classname="ptolemy.util.test.junit.AutoTests" name="[104] /home/travis/build/icyphy/ptII/ptolemy/domains/continuous/test/auto/ParameterizedNewtonsCradleAnimated.xml (RunModel)" time="0.396" />
  <testcase classname="ptolemy.util.test.junit.AutoTests" name="[105] /home/travis/build/icyphy/ptII/ptolemy/domains/continuous/test/auto/ParameterizedNewtonsCradleAnimatedNondeterministic.xml (RunModel)" time="1.286" />
  <testcase classname="ptolemy.util.test.junit.AutoTests" name="[106] /home/travis/build/icyphy/ptII/ptolemy/domains/continuous/test/auto/Pendulum3D.xml (RunModel)" time="0.204" />
  <testcase classname="ptolemy.util.test.junit.AutoTests" name="[107] /home/travis/build/icyphy/ptII/ptolemy/domains/continuous/test/auto/PeriodicSampler.xml (RunModel)" time="0.013" />
  <testcase classname="ptolemy.util.test.junit.AutoTests" name="[108] /home/travis/build/icyphy/ptII/ptolemy/domains/continuous/test/auto/PeriodicSampler1.xml (RunModel)" time="0.045" />
  <testcase classname="ptolemy.util.test.junit.AutoTests" name="[109] /home/travis/build/icyphy/ptII/ptolemy/domains/continuous/test/auto/PeriodicSampler2.xml (RunModel)" time="0.086" />
  <testcase classname="ptolemy.util.test.junit.AutoTests" name="[110] /home/travis/build/icyphy/ptII/ptolemy/domains/continuous/test/auto/Poisson.xml (RunModel)" time="0.508" />
  <testcase classname="ptolemy.util.test.junit.AutoTests" name="[111] /home/travis/build/icyphy/ptII/ptolemy/domains/continuous/test/auto/PoissonClock.xml (RunModel)" time="0.014" />
  <testcase classname="ptolemy.util.test.junit.AutoTests" name="[112] /home/travis/build/icyphy/ptII/ptolemy/domains/continuous/test/auto/PoissonClock2.xml (RunModel)" time="0.014" />
  <testcase classname="ptolemy.util.test.junit.AutoTests" name="[113] /home/travis/build/icyphy/ptII/ptolemy/domains/continuous/test/auto/PortParameterHierarchy.xml (RunModel)" time="0.03" />
  <testcase classname="ptolemy.util.test.junit.AutoTests" name="[114] /home/travis/build/icyphy/ptII/ptolemy/domains/continuous/test/auto/RandomHybridPlant.xml (RunModel)" time="0.6" />
  <testcase classname="ptolemy.util.test.junit.AutoTests" name="[115] /home/travis/build/icyphy/ptII/ptolemy/domains/continuous/test/auto/ResetTransitionWithStartTime1.xml (RunModel)" time="0.031" />
  <testcase classname="ptolemy.util.test.junit.AutoTests" name="[116] /home/travis/build/icyphy/ptII/ptolemy/domains/continuous/test/auto/ResetTransitionWithStartTime2.xml (RunModel)" time="0.044" />
  <testcase classname="ptolemy.util.test.junit.AutoTests" name="[117] /home/travis/build/icyphy/ptII/ptolemy/domains/continuous/test/auto/ResetTransitionWithStartTime3.xml (RunModel)" time="0.041" />
  <testcase classname="ptolemy.util.test.junit.AutoTests" name="[118] /home/travis/build/icyphy/ptII/ptolemy/domains/continuous/test/auto/ResetTransitionWithStartTime4.xml (RunModel)" time="0.032" />
  <testcase classname="ptolemy.util.test.junit.AutoTests" name="[119] /home/travis/build/icyphy/ptII/ptolemy/domains/continuous/test/auto/ResetTransitionWithStartTime5.xml (RunModel)" time="0.033" />
  <testcase classname="ptolemy.util.test.junit.AutoTests" name="[120] /home/travis/build/icyphy/ptII/ptolemy/domains/continuous/test/auto/ResetTransitionWithStartTime6.xml (RunModel)" time="0.026" />
  <testcase classname="ptolemy.util.test.junit.AutoTests" name="[121] /home/travis/build/icyphy/ptII/ptolemy/domains/continuous/test/auto/SRinContinuous.xml (RunModel)" time="0.023" />
  <testcase classname="ptolemy.util.test.junit.AutoTests" name="[122] /home/travis/build/icyphy/ptII/ptolemy/domains/continuous/test/auto/SampledClocks.xml (RunModel)" time="0.035" />
  <testcase classname="ptolemy.util.test.junit.AutoTests" name="[123] /home/travis/build/icyphy/ptII/ptolemy/domains/continuous/test/auto/Satellite.xml (RunModel)" time="0.805" />
  <testcase classname="ptolemy.util.test.junit.AutoTests" name="[124] /home/travis/build/icyphy/ptII/ptolemy/domains/continuous/test/auto/SigmaDelta.xml (RunModel)" time="2.344" />
  <testcase classname="ptolemy.util.test.junit.AutoTests" name="[125] /home/travis/build/icyphy/ptII/ptolemy/domains/continuous/test/auto/SingleRefinement.xml (RunModel)" time="0.448" />
  <testcase classname="ptolemy.util.test.junit.AutoTests" name="[126] /home/travis/build/icyphy/ptII/ptolemy/domains/continuous/test/auto/SinuBouncingBall.xml (RunModel)" time="0.904" />
  <testcase classname="ptolemy.util.test.junit.AutoTests" name="[127] /home/travis/build/icyphy/ptII/ptolemy/domains/continuous/test/auto/Sinusoid.xml (RunModel)" time="0.02" />
  <testcase classname="ptolemy.util.test.junit.AutoTests" name="[128] /home/travis/build/icyphy/ptII/ptolemy/domains/continuous/test/auto/SinusoidInNoise.xml (RunModel)" time="1.051" />
  <testcase classname="ptolemy.util.test.junit.AutoTests" name="[129] /home/travis/build/icyphy/ptII/ptolemy/domains/continuous/test/auto/SinusoidRK45.xml (RunModel)" time="0.01" />
  <testcase classname="ptolemy.util.test.junit.AutoTests" name="[130] /home/travis/build/icyphy/ptII/ptolemy/domains/continuous/test/auto/SinusoidWithMultipleImpulses.xml (RunModel)" time="0.013" />
  <testcase classname="ptolemy.util.test.junit.AutoTests" name="[131] /home/travis/build/icyphy/ptII/ptolemy/domains/continuous/test/auto/SquareWave.xml (RunModel)" time="0.184" />
  <testcase classname="ptolemy.util.test.junit.AutoTests" name="[132] /home/travis/build/icyphy/ptII/ptolemy/domains/continuous/test/auto/Starmac.xml (RunModel)" time="3.381" />
  <testcase classname="ptolemy.util.test.junit.AutoTests" name="[133] /home/travis/build/icyphy/ptII/ptolemy/domains/continuous/test/auto/StaticUnits.xml (RunModel)" time="2.743" />
  <testcase classname="ptolemy.util.test.junit.AutoTests" name="[134] /home/travis/build/icyphy/ptII/ptolemy/domains/continuous/test/auto/StickyMasses.xml (RunModel)" time="0.217" />
  <testcase classname="ptolemy.util.test.junit.AutoTests" name="[135] /home/travis/build/icyphy/ptII/ptolemy/domains/continuous/test/auto/StopTime.xml (RunModel)" time="0.072" />
  <testcase classname="ptolemy.util.test.junit.AutoTests" name="[136] /home/travis/build/icyphy/ptII/ptolemy/domains/continuous/test/auto/StopTime2.xml (RunModel)" time="0.055" />
  <testcase classname="ptolemy.util.test.junit.AutoTests" name="[137] /home/travis/build/icyphy/ptII/ptolemy/domains/continuous/test/auto/Switch.xml (RunModel)" time="0.091" />
  <testcase classname="ptolemy.util.test.junit.AutoTests" name="[138] /home/travis/build/icyphy/ptII/ptolemy/domains/continuous/test/auto/Thermostat.xml (RunModel)" time="0.245" />
  <testcase classname="ptolemy.util.test.junit.AutoTests" name="[139] /home/travis/build/icyphy/ptII/ptolemy/domains/continuous/test/auto/TimeDelay.xml (RunModel)" time="0.016" />
  <testcase classname="ptolemy.util.test.junit.AutoTests" name="[140] /home/travis/build/icyphy/ptII/ptolemy/domains/continuous/test/auto/TimeDelay2.xml (RunModel)" time="0.025" />
  <testcase classname="ptolemy.util.test.junit.AutoTests" name="[141] /home/travis/build/icyphy/ptII/ptolemy/domains/continuous/test/auto/TimeDelay3.xml (RunModel)" time="0.013" />
  <testcase classname="ptolemy.util.test.junit.AutoTests" name="[142] /home/travis/build/icyphy/ptII/ptolemy/domains/continuous/test/auto/TransferAbsentToInside.xml (RunModel)" time="0.106" />
  <testcase classname="ptolemy.util.test.junit.AutoTests" name="[143] /home/travis/build/icyphy/ptII/ptolemy/domains/continuous/test/auto/Transmission.xml (RunModel)" time="0.819" />
  <testcase classname="ptolemy.util.test.junit.AutoTests" name="[144] /home/travis/build/icyphy/ptII/ptolemy/domains/continuous/test/auto/TriggeredContinuousClock.xml (RunModel)" time="0.067" />
  <testcase classname="ptolemy.util.test.junit.AutoTests" name="[145] /home/travis/build/icyphy/ptII/ptolemy/domains/continuous/test/auto/TwoMachineInfiniteBusControl.xml (RunModel)" time="3.508" />
  <testcase classname="ptolemy.util.test.junit.AutoTests" name="[146] /home/travis/build/icyphy/ptII/ptolemy/domains/continuous/test/auto/V2V.xml (RunModel)" time="0.817" />
  <testcase classname="ptolemy.util.test.junit.AutoTests" name="[147] /home/travis/build/icyphy/ptII/ptolemy/domains/continuous/test/auto/hierarchicalModalModel.xml (RunModel)" time="0.038" />
  <testcase classname="ptolemy.util.test.junit.AutoTests" name="[148] /home/travis/build/icyphy/ptII/ptolemy/domains/continuous/test/auto/hierarchicalModalModel1.xml (RunModel)" time="0.035" />
  <testcase classname="ptolemy.util.test.junit.AutoTests" name="[149] /home/travis/build/icyphy/ptII/ptolemy/domains/continuous/test/auto/hierarchicalModalModel2.xml (RunModel)" time="0.028" />
  <testcase classname="ptolemy.util.test.junit.AutoTests" name="[150] /home/travis/build/icyphy/ptII/ptolemy/domains/continuous/test/auto/hierarchicalModalModel3.xml (RunModel)" time="0.029" />
  <testcase classname="ptolemy.util.test.junit.AutoTests" name="[151] /home/travis/build/icyphy/ptII/ptolemy/domains/continuous/test/auto/hierarchicalModalModel4.xml (RunModel)" time="0.031" />
  <testcase classname="ptolemy.util.test.junit.AutoTests" name="[152] /home/travis/build/icyphy/ptII/ptolemy/domains/continuous/test/auto/junk.xml (RunModel)" time="0.168" />
  <system-out><![CDATA[No tcl tests in /home/travis/build/icyphy/ptII/ptolemy/domains/continuous/test
No auto/knownFailedTests/*.xml tests in /home/travis/build/icyphy/ptII/ptolemy/domains/continuous/test
No auto/linux-amd64/*.xml tests in /home/travis/build/icyphy/ptII/ptolemy/domains/continuous/test
AutoTests.java: About to close Vertx.
AutoTests.java: Vertx closed.

===========================================================================================
----------------- testing Sat Jul 20 15:39:08 UTC 2019 /home/travis/build/icyphy/ptII/ptolemy/domains/continuous/test/auto/BouncingBall.xml
----------------- Instantiating /home/travis/build/icyphy/ptII/ptolemy/domains/continuous/test/auto/BouncingBall.xml
2578 ms. Memory: 145408K Free: 72444K (50%)
----------------- Invoking toplevel() on ptolemy.moml.MoMLSimpleApplication@47b3830b
----------------- Done invoking toplevel() on ptolemy.moml.MoMLSimpleApplication@47b3830b
reloadAllAccessors: .BouncingBall

===========================================================================================
----------------- testing Sat Jul 20 15:39:11 UTC 2019 /home/travis/build/icyphy/ptII/ptolemy/domains/continuous/test/auto/BouncingBallWithoutGR.xml
----------------- Instantiating /home/travis/build/icyphy/ptII/ptolemy/domains/continuous/test/auto/BouncingBallWithoutGR.xml
836 ms. Memory: 145408K Free: 63714K (44%)
----------------- Invoking toplevel() on ptolemy.moml.MoMLSimpleApplication@751199d6
----------------- Done invoking toplevel() on ptolemy.moml.MoMLSimpleApplication@751199d6
reloadAllAccessors: .BouncingBallWithoutGR

===========================================================================================
----------------- testing Sat Jul 20 15:39:12 UTC 2019 /home/travis/build/icyphy/ptII/ptolemy/domains/continuous/test/auto/Brownian.xml
----------------- Instantiating /home/travis/build/icyphy/ptII/ptolemy/domains/continuous/test/auto/Brownian.xml
41 ms. Memory: 145408K Free: 54498K (37%)
----------------- Invoking toplevel() on ptolemy.moml.MoMLSimpleApplication@1cc2d305
----------------- Done invoking toplevel() on ptolemy.moml.MoMLSimpleApplication@1cc2d305
reloadAllAccessors: .Brownian

===========================================================================================
----------------- testing Sat Jul 20 15:39:12 UTC 2019 /home/travis/build/icyphy/ptII/ptolemy/domains/continuous/test/auto/CarTracking.xml
----------------- Instantiating /home/travis/build/icyphy/ptII/ptolemy/domains/continuous/test/auto/CarTracking.xml
4117 ms. Memory: 210944K Free: 92061K (44%)
----------------- Invoking toplevel() on ptolemy.moml.MoMLSimpleApplication@69ead2ce
----------------- Done invoking toplevel() on ptolemy.moml.MoMLSimpleApplication@69ead2ce
reloadAllAccessors: .CarTracking

===========================================================================================
----------------- testing Sat Jul 20 15:39:17 UTC 2019 /home/travis/build/icyphy/ptII/ptolemy/domains/continuous/test/auto/CartPendulum.xml
----------------- Instantiating /home/travis/build/icyphy/ptII/ptolemy/domains/continuous/test/auto/CartPendulum.xml
451 ms. Memory: 210944K Free: 123504K (59%)
----------------- Invoking toplevel() on ptolemy.moml.MoMLSimpleApplication@486033b5
----------------- Done invoking toplevel() on ptolemy.moml.MoMLSimpleApplication@486033b5
reloadAllAccessors: .CartPendulum

===========================================================================================
----------------- testing Sat Jul 20 15:39:17 UTC 2019 /home/travis/build/icyphy/ptII/ptolemy/domains/continuous/test/auto/CausalityInterface10.xml
----------------- Instantiating /home/travis/build/icyphy/ptII/ptolemy/domains/continuous/test/auto/CausalityInterface10.xml
7 ms. Memory: 210944K Free: 113264K (54%)
----------------- Invoking toplevel() on ptolemy.moml.MoMLSimpleApplication@1b241e81
----------------- Done invoking toplevel() on ptolemy.moml.MoMLSimpleApplication@1b241e81
reloadAllAccessors: .CausalityInterface10

===========================================================================================
----------------- testing Sat Jul 20 15:39:17 UTC 2019 /home/travis/build/icyphy/ptII/ptolemy/domains/continuous/test/auto/CausalityInterface11.xml
----------------- Instantiating /home/travis/build/icyphy/ptII/ptolemy/domains/continuous/test/auto/CausalityInterface11.xml
4 ms. Memory: 210944K Free: 107106K (51%)
----------------- Invoking toplevel() on ptolemy.moml.MoMLSimpleApplication@73abe113
----------------- Done invoking toplevel() on ptolemy.moml.MoMLSimpleApplication@73abe113
reloadAllAccessors: .CausalityInterface11

===========================================================================================
----------------- testing Sat Jul 20 15:39:17 UTC 2019 /home/travis/build/icyphy/ptII/ptolemy/domains/continuous/test/auto/CausalityInterface12.xml
----------------- Instantiating /home/travis/build/icyphy/ptII/ptolemy/domains/continuous/test/auto/CausalityInterface12.xml
4 ms. Memory: 210944K Free: 100962K (48%)
----------------- Invoking toplevel() on ptolemy.moml.MoMLSimpleApplication@3737885d
----------------- Done invoking toplevel() on ptolemy.moml.MoMLSimpleApplication@3737885d
reloadAllAccessors: .CausalityInterface12

===========================================================================================
----------------- testing Sat Jul 20 15:39:17 UTC 2019 /home/travis/build/icyphy/ptII/ptolemy/domains/continuous/test/auto/CausalityInterface13.xml
----------------- Instantiating /home/travis/build/icyphy/ptII/ptolemy/domains/continuous/test/auto/CausalityInterface13.xml
7 ms. Memory: 210944K Free: 94832K (45%)
----------------- Invoking toplevel() on ptolemy.moml.MoMLSimpleApplication@2a5b4ca7
----------------- Done invoking toplevel() on ptolemy.moml.MoMLSimpleApplication@2a5b4ca7
reloadAllAccessors: .CausalityInterface13

===========================================================================================
----------------- testing Sat Jul 20 15:39:17 UTC 2019 /home/travis/build/icyphy/ptII/ptolemy/domains/continuous/test/auto/CausalityInterface14.xml
----------------- Instantiating /home/travis/build/icyphy/ptII/ptolemy/domains/continuous/test/auto/CausalityInterface14.xml
5 ms. Memory: 210944K Free: 89202K (42%)
----------------- Invoking toplevel() on ptolemy.moml.MoMLSimpleApplication@7da4f291
----------------- Done invoking toplevel() on ptolemy.moml.MoMLSimpleApplication@7da4f291
reloadAllAccessors: .CausalityInterface14

===========================================================================================
----------------- testing Sat Jul 20 15:39:17 UTC 2019 /home/travis/build/icyphy/ptII/ptolemy/domains/continuous/test/auto/CausalityInterface4.xml
----------------- Instantiating /home/travis/build/icyphy/ptII/ptolemy/domains/continuous/test/auto/CausalityInterface4.xml
5 ms. Memory: 210944K Free: 82034K (39%)
----------------- Invoking toplevel() on ptolemy.moml.MoMLSimpleApplication@3d6e006f
----------------- Done invoking toplevel() on ptolemy.moml.MoMLSimpleApplication@3d6e006f
reloadAllAccessors: .CausalityInterface4

===========================================================================================
----------------- testing Sat Jul 20 15:39:17 UTC 2019 /home/travis/build/icyphy/ptII/ptolemy/domains/continuous/test/auto/CausalityInterface5.xml
----------------- Instantiating /home/travis/build/icyphy/ptII/ptolemy/domains/continuous/test/auto/CausalityInterface5.xml
8 ms. Memory: 210944K Free: 73842K (35%)
----------------- Invoking toplevel() on ptolemy.moml.MoMLSimpleApplication@2933f5f9
----------------- Done invoking toplevel() on ptolemy.moml.MoMLSimpleApplication@2933f5f9
reloadAllAccessors: .CausalityInterface5

===========================================================================================
----------------- testing Sat Jul 20 15:39:17 UTC 2019 /home/travis/build/icyphy/ptII/ptolemy/domains/continuous/test/auto/CausalityInterface6.xml
----------------- Instantiating /home/travis/build/icyphy/ptII/ptolemy/domains/continuous/test/auto/CausalityInterface6.xml
6 ms. Memory: 210944K Free: 193081K (92%)
----------------- Invoking toplevel() on ptolemy.moml.MoMLSimpleApplication@54578cc3
----------------- Done invoking toplevel() on ptolemy.moml.MoMLSimpleApplication@54578cc3
reloadAllAccessors: .CausalityInterface6

===========================================================================================
----------------- testing Sat Jul 20 15:39:17 UTC 2019 /home/travis/build/icyphy/ptII/ptolemy/domains/continuous/test/auto/CausalityInterface7.xml
----------------- Instantiating /home/travis/build/icyphy/ptII/ptolemy/domains/continuous/test/auto/CausalityInterface7.xml
10 ms. Memory: 210944K Free: 183867K (87%)
----------------- Invoking toplevel() on ptolemy.moml.MoMLSimpleApplication@734fd881
----------------- Done invoking toplevel() on ptolemy.moml.MoMLSimpleApplication@734fd881
reloadAllAccessors: .CausalityInterface7

===========================================================================================
----------------- testing Sat Jul 20 15:39:17 UTC 2019 /home/travis/build/icyphy/ptII/ptolemy/domains/continuous/test/auto/CausalityInterface8.xml
----------------- Instantiating /home/travis/build/icyphy/ptII/ptolemy/domains/continuous/test/auto/CausalityInterface8.xml
6 ms. Memory: 210944K Free: 174651K (83%)
----------------- Invoking toplevel() on ptolemy.moml.MoMLSimpleApplication@3d527bb4
----------------- Done invoking toplevel() on ptolemy.moml.MoMLSimpleApplication@3d527bb4
reloadAllAccessors: .CausalityInterface8

===========================================================================================
----------------- testing Sat Jul 20 15:39:18 UTC 2019 /home/travis/build/icyphy/ptII/ptolemy/domains/continuous/test/auto/CausalityInterface9.xml
----------------- Instantiating /home/travis/build/icyphy/ptII/ptolemy/domains/continuous/test/auto/CausalityInterface9.xml
11 ms. Memory: 210944K Free: 163897K (78%)
----------------- Invoking toplevel() on ptolemy.moml.MoMLSimpleApplication@41629dae
----------------- Done invoking toplevel() on ptolemy.moml.MoMLSimpleApplication@41629dae
reloadAllAccessors: .CausalityInterface9

===========================================================================================
----------------- testing Sat Jul 20 15:39:18 UTC 2019 /home/travis/build/icyphy/ptII/ptolemy/domains/continuous/test/auto/CausalityInterfaceFeedback1.xml
----------------- Instantiating /home/travis/build/icyphy/ptII/ptolemy/domains/continuous/test/auto/CausalityInterfaceFeedback1.xml
6 ms. Memory: 210944K Free: 157243K (75%)
----------------- Invoking toplevel() on ptolemy.moml.MoMLSimpleApplication@79bd45fc
----------------- Done invoking toplevel() on ptolemy.moml.MoMLSimpleApplication@79bd45fc
reloadAllAccessors: .CausalityInterfaceFeedback1

===========================================================================================
----------------- testing Sat Jul 20 15:39:18 UTC 2019 /home/travis/build/icyphy/ptII/ptolemy/domains/continuous/test/auto/CausalityInterfaceFeedback2.xml
----------------- Instantiating /home/travis/build/icyphy/ptII/ptolemy/domains/continuous/test/auto/CausalityInterfaceFeedback2.xml
6 ms. Memory: 210944K Free: 150555K (71%)
----------------- Invoking toplevel() on ptolemy.moml.MoMLSimpleApplication@25210b61
----------------- Done invoking toplevel() on ptolemy.moml.MoMLSimpleApplication@25210b61
reloadAllAccessors: .CausalityInterfaceFeedback2

===========================================================================================
----------------- testing Sat Jul 20 15:39:18 UTC 2019 /home/travis/build/icyphy/ptII/ptolemy/domains/continuous/test/auto/CompareWithCurrentTime.xml
----------------- Instantiating /home/travis/build/icyphy/ptII/ptolemy/domains/continuous/test/auto/CompareWithCurrentTime.xml
3 ms. Memory: 210944K Free: 146489K (69%)
----------------- Invoking toplevel() on ptolemy.moml.MoMLSimpleApplication@353c7b23
----------------- Done invoking toplevel() on ptolemy.moml.MoMLSimpleApplication@353c7b23
reloadAllAccessors: .CompareWithCurrentTime

===========================================================================================
----------------- testing Sat Jul 20 15:39:18 UTC 2019 /home/travis/build/icyphy/ptII/ptolemy/domains/continuous/test/auto/ComparedClocks.xml
----------------- Instantiating /home/travis/build/icyphy/ptII/ptolemy/domains/continuous/test/auto/ComparedClocks.xml
7 ms. Memory: 210944K Free: 131115K (62%)
----------------- Invoking toplevel() on ptolemy.moml.MoMLSimpleApplication@6d98239a
----------------- Done invoking toplevel() on ptolemy.moml.MoMLSimpleApplication@6d98239a
reloadAllAccessors: .ComparedClocks

===========================================================================================
----------------- testing Sat Jul 20 15:39:18 UTC 2019 /home/travis/build/icyphy/ptII/ptolemy/domains/continuous/test/auto/ContinuousAOCClone.xml
----------------- Instantiating /home/travis/build/icyphy/ptII/ptolemy/domains/continuous/test/auto/ContinuousAOCClone.xml
2650 ms. Memory: 253952K Free: 194295K (77%)
----------------- Invoking toplevel() on ptolemy.moml.MoMLSimpleApplication@3f8d1eff
----------------- Done invoking toplevel() on ptolemy.moml.MoMLSimpleApplication@3f8d1eff
reloadAllAccessors: .ContinuousAOCClone

===========================================================================================
----------------- testing Sat Jul 20 15:39:21 UTC 2019 /home/travis/build/icyphy/ptII/ptolemy/domains/continuous/test/auto/ContinuousClock.xml
----------------- Instantiating /home/travis/build/icyphy/ptII/ptolemy/domains/continuous/test/auto/ContinuousClock.xml
30 ms. Memory: 253952K Free: 172791K (68%)
----------------- Invoking toplevel() on ptolemy.moml.MoMLSimpleApplication@60537c7c
----------------- Done invoking toplevel() on ptolemy.moml.MoMLSimpleApplication@60537c7c
reloadAllAccessors: .ContinuousClock

===========================================================================================
----------------- testing Sat Jul 20 15:39:21 UTC 2019 /home/travis/build/icyphy/ptII/ptolemy/domains/continuous/test/auto/ContinuousInContinuous.xml
----------------- Instantiating /home/travis/build/icyphy/ptII/ptolemy/domains/continuous/test/auto/ContinuousInContinuous.xml
40 ms. Memory: 253952K Free: 149239K (59%)
----------------- Invoking toplevel() on ptolemy.moml.MoMLSimpleApplication@7d262e8f
----------------- Done invoking toplevel() on ptolemy.moml.MoMLSimpleApplication@7d262e8f
reloadAllAccessors: .ContinuousInContinuous

===========================================================================================
----------------- testing Sat Jul 20 15:39:21 UTC 2019 /home/travis/build/icyphy/ptII/ptolemy/domains/continuous/test/auto/ContinuousInContinuousInContinuous.xml
----------------- Instantiating /home/travis/build/icyphy/ptII/ptolemy/domains/continuous/test/auto/ContinuousInContinuousInContinuous.xml
7 ms. Memory: 253952K Free: 141557K (56%)
----------------- Invoking toplevel() on ptolemy.moml.MoMLSimpleApplication@61f38649
----------------- Done invoking toplevel() on ptolemy.moml.MoMLSimpleApplication@61f38649
reloadAllAccessors: .ContinuousInContinuousInContinuous

===========================================================================================
----------------- testing Sat Jul 20 15:39:21 UTC 2019 /home/travis/build/icyphy/ptII/ptolemy/domains/continuous/test/auto/ContinuousInDE.xml
----------------- Instantiating /home/travis/build/icyphy/ptII/ptolemy/domains/continuous/test/auto/ContinuousInDE.xml
109 ms. Memory: 253952K Free: 131317K (52%)
----------------- Invoking toplevel() on ptolemy.moml.MoMLSimpleApplication@270c3784
----------------- Done invoking toplevel() on ptolemy.moml.MoMLSimpleApplication@270c3784
reloadAllAccessors: .ContinuousInDE

===========================================================================================
----------------- testing Sat Jul 20 15:39:21 UTC 2019 /home/travis/build/icyphy/ptII/ptolemy/domains/continuous/test/auto/ContinuousInDE2.xml
----------------- Instantiating /home/travis/build/icyphy/ptII/ptolemy/domains/continuous/test/auto/ContinuousInDE2.xml
44 ms. Memory: 253952K Free: 121591K (48%)
----------------- Invoking toplevel() on ptolemy.moml.MoMLSimpleApplication@1a3db24f
----------------- Done invoking toplevel() on ptolemy.moml.MoMLSimpleApplication@1a3db24f
reloadAllAccessors: .ContinuousInDE2

===========================================================================================
----------------- testing Sat Jul 20 15:39:21 UTC 2019 /home/travis/build/icyphy/ptII/ptolemy/domains/continuous/test/auto/ContinuousInDE3.xml
----------------- Instantiating /home/travis/build/icyphy/ptII/ptolemy/domains/continuous/test/auto/ContinuousInDE3.xml
39 ms. Memory: 253952K Free: 111861K (44%)
----------------- Invoking toplevel() on ptolemy.moml.MoMLSimpleApplication@6cf93ee9
----------------- Done invoking toplevel() on ptolemy.moml.MoMLSimpleApplication@6cf93ee9
reloadAllAccessors: .ContinuousInDE3

===========================================================================================
----------------- testing Sat Jul 20 15:39:21 UTC 2019 /home/travis/build/icyphy/ptII/ptolemy/domains/continuous/test/auto/ContinuousInDE4.xml
----------------- Instantiating /home/travis/build/icyphy/ptII/ptolemy/domains/continuous/test/auto/ContinuousInDE4.xml
23 ms. Memory: 253952K Free: 105717K (42%)
----------------- Invoking toplevel() on ptolemy.moml.MoMLSimpleApplication@6f95f85f
----------------- Done invoking toplevel() on ptolemy.moml.MoMLSimpleApplication@6f95f85f
reloadAllAccessors: .ContinuousInDE4

===========================================================================================
----------------- testing Sat Jul 20 15:39:21 UTC 2019 /home/travis/build/icyphy/ptII/ptolemy/domains/continuous/test/auto/ContinuousInDEDifferentRefinements.xml
----------------- Instantiating /home/travis/build/icyphy/ptII/ptolemy/domains/continuous/test/auto/ContinuousInDEDifferentRefinements.xml
58 ms. Memory: 253952K Free: 223996K (88%)
----------------- Invoking toplevel() on ptolemy.moml.MoMLSimpleApplication@439e98ee
----------------- Done invoking toplevel() on ptolemy.moml.MoMLSimpleApplication@439e98ee
reloadAllAccessors: .ContinuousInDEDifferentRefinements

===========================================================================================
----------------- testing Sat Jul 20 15:39:21 UTC 2019 /home/travis/build/icyphy/ptII/ptolemy/domains/continuous/test/auto/ContinuousInDEDifferentRefinementsPreemptive.xml
----------------- Instantiating /home/travis/build/icyphy/ptII/ptolemy/domains/continuous/test/auto/ContinuousInDEDifferentRefinementsPreemptive.xml
48 ms. Memory: 253952K Free: 193170K (76%)
----------------- Invoking toplevel() on ptolemy.moml.MoMLSimpleApplication@2d967ad8
----------------- Done invoking toplevel() on ptolemy.moml.MoMLSimpleApplication@2d967ad8
reloadAllAccessors: .ContinuousInDEDifferentRefinementsPreemptive

===========================================================================================
----------------- testing Sat Jul 20 15:39:21 UTC 2019 /home/travis/build/icyphy/ptII/ptolemy/domains/continuous/test/auto/ContinuousInDEInContinuous2.xml
----------------- Instantiating /home/travis/build/icyphy/ptII/ptolemy/domains/continuous/test/auto/ContinuousInDEInContinuous2.xml
37 ms. Memory: 253952K Free: 181906K (72%)
----------------- Invoking toplevel() on ptolemy.moml.MoMLSimpleApplication@67e29a98
----------------- Done invoking toplevel() on ptolemy.moml.MoMLSimpleApplication@67e29a98
reloadAllAccessors: .ContinuousInDEInContinuous2

===========================================================================================
----------------- testing Sat Jul 20 15:39:21 UTC 2019 /home/travis/build/icyphy/ptII/ptolemy/domains/continuous/test/auto/ContinuousInDEInContinuous3.xml
----------------- Instantiating /home/travis/build/icyphy/ptII/ptolemy/domains/continuous/test/auto/ContinuousInDEInContinuous3.xml
39 ms. Memory: 253952K Free: 169618K (67%)
----------------- Invoking toplevel() on ptolemy.moml.MoMLSimpleApplication@4c4c3b18
----------------- Done invoking toplevel() on ptolemy.moml.MoMLSimpleApplication@4c4c3b18
reloadAllAccessors: .ContinuousInDEInContinuous3

===========================================================================================
----------------- testing Sat Jul 20 15:39:21 UTC 2019 /home/travis/build/icyphy/ptII/ptolemy/domains/continuous/test/auto/ContinuousInDEInput.xml
----------------- Instantiating /home/travis/build/icyphy/ptII/ptolemy/domains/continuous/test/auto/ContinuousInDEInput.xml
19 ms. Memory: 253952K Free: 162450K (64%)
----------------- Invoking toplevel() on ptolemy.moml.MoMLSimpleApplication@3a60f1ff
----------------- Done invoking toplevel() on ptolemy.moml.MoMLSimpleApplication@3a60f1ff
reloadAllAccessors: .ContinuousInDEInput

===========================================================================================
----------------- testing Sat Jul 20 15:39:21 UTC 2019 /home/travis/build/icyphy/ptII/ptolemy/domains/continuous/test/auto/ContinuousInDEInput2.xml
----------------- Instantiating /home/travis/build/icyphy/ptII/ptolemy/domains/continuous/test/auto/ContinuousInDEInput2.xml
25 ms. Memory: 253952K Free: 155282K (61%)
----------------- Invoking toplevel() on ptolemy.moml.MoMLSimpleApplication@3c20cd17
----------------- Done invoking toplevel() on ptolemy.moml.MoMLSimpleApplication@3c20cd17
reloadAllAccessors: .ContinuousInDEInput2

===========================================================================================
----------------- testing Sat Jul 20 15:39:22 UTC 2019 /home/travis/build/icyphy/ptII/ptolemy/domains/continuous/test/auto/ContinuousInDEInput3.xml
----------------- Instantiating /home/travis/build/icyphy/ptII/ptolemy/domains/continuous/test/auto/ContinuousInDEInput3.xml
16 ms. Memory: 253952K Free: 148114K (58%)
----------------- Invoking toplevel() on ptolemy.moml.MoMLSimpleApplication@3bd4438d
----------------- Done invoking toplevel() on ptolemy.moml.MoMLSimpleApplication@3bd4438d
reloadAllAccessors: .ContinuousInDEInput3

===========================================================================================
----------------- testing Sat Jul 20 15:39:22 UTC 2019 /home/travis/build/icyphy/ptII/ptolemy/domains/continuous/test/auto/ContinuousInDESharingRefinement.xml
----------------- Instantiating /home/travis/build/icyphy/ptII/ptolemy/domains/continuous/test/auto/ContinuousInDESharingRefinement.xml
177 ms. Memory: 253952K Free: 203682K (80%)
----------------- Invoking toplevel() on ptolemy.moml.MoMLSimpleApplication@17b9964a
----------------- Done invoking toplevel() on ptolemy.moml.MoMLSimpleApplication@17b9964a
reloadAllAccessors: .ContinuousInDESharingRefinement

===========================================================================================
----------------- testing Sat Jul 20 15:39:22 UTC 2019 /home/travis/build/icyphy/ptII/ptolemy/domains/continuous/test/auto/ContinuousInDEwithNoPorts.xml
----------------- Instantiating /home/travis/build/icyphy/ptII/ptolemy/domains/continuous/test/auto/ContinuousInDEwithNoPorts.xml
8 ms. Memory: 253952K Free: 199076K (78%)
----------------- Invoking toplevel() on ptolemy.moml.MoMLSimpleApplication@68e1ed2c
----------------- Done invoking toplevel() on ptolemy.moml.MoMLSimpleApplication@68e1ed2c
reloadAllAccessors: .ContinuousInDEwithNoPorts

===========================================================================================
----------------- testing Sat Jul 20 15:39:22 UTC 2019 /home/travis/build/icyphy/ptII/ptolemy/domains/continuous/test/auto/ContinuousInsideDE.xml
----------------- Instantiating /home/travis/build/icyphy/ptII/ptolemy/domains/continuous/test/auto/ContinuousInsideDE.xml
39 ms. Memory: 253952K Free: 187812K (74%)
----------------- Invoking toplevel() on ptolemy.moml.MoMLSimpleApplication@519634d
----------------- Done invoking toplevel() on ptolemy.moml.MoMLSimpleApplication@519634d
reloadAllAccessors: .ContinuousInsideDE

===========================================================================================
----------------- testing Sat Jul 20 15:39:22 UTC 2019 /home/travis/build/icyphy/ptII/ptolemy/domains/continuous/test/auto/ContinuousMerge1.xml
----------------- Instantiating /home/travis/build/icyphy/ptII/ptolemy/domains/continuous/test/auto/ContinuousMerge1.xml
3 ms. Memory: 253952K Free: 183202K (72%)
----------------- Invoking toplevel() on ptolemy.moml.MoMLSimpleApplication@59992570
----------------- Done invoking toplevel() on ptolemy.moml.MoMLSimpleApplication@59992570
reloadAllAccessors: .ContinuousMerge1

===========================================================================================
----------------- testing Sat Jul 20 15:39:22 UTC 2019 /home/travis/build/icyphy/ptII/ptolemy/domains/continuous/test/auto/ContinuousMerge2.xml
----------------- Instantiating /home/travis/build/icyphy/ptII/ptolemy/domains/continuous/test/auto/ContinuousMerge2.xml
16 ms. Memory: 253952K Free: 172962K (68%)
----------------- Invoking toplevel() on ptolemy.moml.MoMLSimpleApplication@1d88cc5d
----------------- Done invoking toplevel() on ptolemy.moml.MoMLSimpleApplication@1d88cc5d
reloadAllAccessors: .ContinuousMerge2

===========================================================================================
----------------- testing Sat Jul 20 15:39:22 UTC 2019 /home/travis/build/icyphy/ptII/ptolemy/domains/continuous/test/auto/ContinuousMerge3.xml
----------------- Instantiating /home/travis/build/icyphy/ptII/ptolemy/domains/continuous/test/auto/ContinuousMerge3.xml
51 ms. Memory: 253952K Free: 162212K (64%)
----------------- Invoking toplevel() on ptolemy.moml.MoMLSimpleApplication@54f489c2
----------------- Done invoking toplevel() on ptolemy.moml.MoMLSimpleApplication@54f489c2
reloadAllAccessors: .ContinuousMerge3

===========================================================================================
----------------- testing Sat Jul 20 15:39:22 UTC 2019 /home/travis/build/icyphy/ptII/ptolemy/domains/continuous/test/auto/ContinuousWithinContinuous.xml
----------------- Instantiating /home/travis/build/icyphy/ptII/ptolemy/domains/continuous/test/auto/ContinuousWithinContinuous.xml
43 ms. Memory: 253952K Free: 152996K (60%)
----------------- Invoking toplevel() on ptolemy.moml.MoMLSimpleApplication@67cdd9e0
----------------- Done invoking toplevel() on ptolemy.moml.MoMLSimpleApplication@67cdd9e0
reloadAllAccessors: .ContinuousWithinContinuous

===========================================================================================
----------------- testing Sat Jul 20 15:39:22 UTC 2019 /home/travis/build/icyphy/ptII/ptolemy/domains/continuous/test/auto/ContinuousWithinContinuous2.xml
----------------- Instantiating /home/travis/build/icyphy/ptII/ptolemy/domains/continuous/test/auto/ContinuousWithinContinuous2.xml
80 ms. Memory: 253952K Free: 142756K (56%)
----------------- Invoking toplevel() on ptolemy.moml.MoMLSimpleApplication@3bf7ca6f
----------------- Done invoking toplevel() on ptolemy.moml.MoMLSimpleApplication@3bf7ca6f
reloadAllAccessors: .ContinuousWithinContinuous2

===========================================================================================
----------------- testing Sat Jul 20 15:39:22 UTC 2019 /home/travis/build/icyphy/ptII/ptolemy/domains/continuous/test/auto/ContinuousWithinContinuous3.xml
----------------- Instantiating /home/travis/build/icyphy/ptII/ptolemy/domains/continuous/test/auto/ContinuousWithinContinuous3.xml
14 ms. Memory: 253952K Free: 135588K (53%)
----------------- Invoking toplevel() on ptolemy.moml.MoMLSimpleApplication@32948456
----------------- Done invoking toplevel() on ptolemy.moml.MoMLSimpleApplication@32948456
reloadAllAccessors: .ContinuousWithinContinuous3

===========================================================================================
----------------- testing Sat Jul 20 15:39:22 UTC 2019 /home/travis/build/icyphy/ptII/ptolemy/domains/continuous/test/auto/ContinuousWithinContinuous4.xml
----------------- Instantiating /home/travis/build/icyphy/ptII/ptolemy/domains/continuous/test/auto/ContinuousWithinContinuous4.xml
83 ms. Memory: 253952K Free: 123300K (49%)
----------------- Invoking toplevel() on ptolemy.moml.MoMLSimpleApplication@6ebc335b
----------------- Done invoking toplevel() on ptolemy.moml.MoMLSimpleApplication@6ebc335b
reloadAllAccessors: .ContinuousWithinContinuous4

===========================================================================================
----------------- testing Sat Jul 20 15:39:22 UTC 2019 /home/travis/build/icyphy/ptII/ptolemy/domains/continuous/test/auto/ContinuousWithinContinuous5.xml
----------------- Instantiating /home/travis/build/icyphy/ptII/ptolemy/domains/continuous/test/auto/ContinuousWithinContinuous5.xml
16 ms. Memory: 253952K Free: 115618K (46%)
----------------- Invoking toplevel() on ptolemy.moml.MoMLSimpleApplication@379fba05
----------------- Done invoking toplevel() on ptolemy.moml.MoMLSimpleApplication@379fba05
reloadAllAccessors: .ContinuousWithinContinuous5

===========================================================================================
----------------- testing Sat Jul 20 15:39:22 UTC 2019 /home/travis/build/icyphy/ptII/ptolemy/domains/continuous/test/auto/ContinuousWithinContinuous6.xml
----------------- Instantiating /home/travis/build/icyphy/ptII/ptolemy/domains/continuous/test/auto/ContinuousWithinContinuous6.xml
14 ms. Memory: 253952K Free: 108450K (43%)
----------------- Invoking toplevel() on ptolemy.moml.MoMLSimpleApplication@2bcd8f77
----------------- Done invoking toplevel() on ptolemy.moml.MoMLSimpleApplication@2bcd8f77
reloadAllAccessors: .ContinuousWithinContinuous6

===========================================================================================
----------------- testing Sat Jul 20 15:39:22 UTC 2019 /home/travis/build/icyphy/ptII/ptolemy/domains/continuous/test/auto/ContinuousWithinContinuous7.xml
----------------- Instantiating /home/travis/build/icyphy/ptII/ptolemy/domains/continuous/test/auto/ContinuousWithinContinuous7.xml
65 ms. Memory: 253952K Free: 97186K (38%)
----------------- Invoking toplevel() on ptolemy.moml.MoMLSimpleApplication@293ff75b
----------------- Done invoking toplevel() on ptolemy.moml.MoMLSimpleApplication@293ff75b
reloadAllAccessors: .ContinuousWithinContinuous7

===========================================================================================
----------------- testing Sat Jul 20 15:39:23 UTC 2019 /home/travis/build/icyphy/ptII/ptolemy/domains/continuous/test/auto/DCMotor.xml
----------------- Instantiating /home/travis/build/icyphy/ptII/ptolemy/domains/continuous/test/auto/DCMotor.xml
14987 ms. Memory: 253952K Free: 181653K (72%)
----------------- Invoking toplevel() on ptolemy.moml.MoMLSimpleApplication@17484ff1
----------------- Done invoking toplevel() on ptolemy.moml.MoMLSimpleApplication@17484ff1
reloadAllAccessors: .DCMotor

===========================================================================================
----------------- testing Sat Jul 20 15:39:38 UTC 2019 /home/travis/build/icyphy/ptII/ptolemy/domains/continuous/test/auto/DEInContinuous.xml
----------------- Instantiating /home/travis/build/icyphy/ptII/ptolemy/domains/continuous/test/auto/DEInContinuous.xml
19 ms. Memory: 253952K Free: 175523K (69%)
----------------- Invoking toplevel() on ptolemy.moml.MoMLSimpleApplication@66cf7a3e
----------------- Done invoking toplevel() on ptolemy.moml.MoMLSimpleApplication@66cf7a3e
reloadAllAccessors: .DEInContinuous

===========================================================================================
----------------- testing Sat Jul 20 15:39:38 UTC 2019 /home/travis/build/icyphy/ptII/ptolemy/domains/continuous/test/auto/DEinContinuous2.xml
----------------- Instantiating /home/travis/build/icyphy/ptII/ptolemy/domains/continuous/test/auto/DEinContinuous2.xml
8 ms. Memory: 253952K Free: 167317K (66%)
----------------- Invoking toplevel() on ptolemy.moml.MoMLSimpleApplication@33cc6bda
----------------- Done invoking toplevel() on ptolemy.moml.MoMLSimpleApplication@33cc6bda
reloadAllAccessors: .DEinContinuous2

===========================================================================================
----------------- testing Sat Jul 20 15:39:38 UTC 2019 /home/travis/build/icyphy/ptII/ptolemy/domains/continuous/test/auto/Derivative.xml
----------------- Instantiating /home/travis/build/icyphy/ptII/ptolemy/domains/continuous/test/auto/Derivative.xml
153 ms. Memory: 253952K Free: 138659K (55%)
----------------- Invoking toplevel() on ptolemy.moml.MoMLSimpleApplication@22cb949b
----------------- Done invoking toplevel() on ptolemy.moml.MoMLSimpleApplication@22cb949b
reloadAllAccessors: .Derivative2

===========================================================================================
----------------- testing Sat Jul 20 15:39:38 UTC 2019 /home/travis/build/icyphy/ptII/ptolemy/domains/continuous/test/auto/Derivative1.xml
----------------- Instantiating /home/travis/build/icyphy/ptII/ptolemy/domains/continuous/test/auto/Derivative1.xml
16 ms. Memory: 253952K Free: 124323K (49%)
----------------- Invoking toplevel() on ptolemy.moml.MoMLSimpleApplication@f70f523
----------------- Done invoking toplevel() on ptolemy.moml.MoMLSimpleApplication@f70f523
reloadAllAccessors: .Derivative1

===========================================================================================
----------------- testing Sat Jul 20 15:39:38 UTC 2019 /home/travis/build/icyphy/ptII/ptolemy/domains/continuous/test/auto/DiscreteClock.xml
----------------- Instantiating /home/travis/build/icyphy/ptII/ptolemy/domains/continuous/test/auto/DiscreteClock.xml
4 ms. Memory: 253952K Free: 119203K (47%)
----------------- Invoking toplevel() on ptolemy.moml.MoMLSimpleApplication@2964704d
----------------- Done invoking toplevel() on ptolemy.moml.MoMLSimpleApplication@2964704d
reloadAllAccessors: .DiscreteClock

===========================================================================================
----------------- testing Sat Jul 20 15:39:38 UTC 2019 /home/travis/build/icyphy/ptII/ptolemy/domains/continuous/test/auto/EfficiencyCurve.xml
----------------- Instantiating /home/travis/build/icyphy/ptII/ptolemy/domains/continuous/test/auto/EfficiencyCurve.xml
58 ms. Memory: 253952K Free: 110501K (44%)
----------------- Invoking toplevel() on ptolemy.moml.MoMLSimpleApplication@1a90c16f
----------------- Done invoking toplevel() on ptolemy.moml.MoMLSimpleApplication@1a90c16f
reloadAllAccessors: .EfficiencyCurve

===========================================================================================
----------------- testing Sat Jul 20 15:39:38 UTC 2019 /home/travis/build/icyphy/ptII/ptolemy/domains/continuous/test/auto/ExponentialResponse.xml
----------------- Instantiating /home/travis/build/icyphy/ptII/ptolemy/domains/continuous/test/auto/ExponentialResponse.xml
115 ms. Memory: 253952K Free: 95141K (37%)
----------------- Invoking toplevel() on ptolemy.moml.MoMLSimpleApplication@4a342dc3
----------------- Done invoking toplevel() on ptolemy.moml.MoMLSimpleApplication@4a342dc3
reloadAllAccessors: .ExponentialResponse

===========================================================================================
----------------- testing Sat Jul 20 15:39:38 UTC 2019 /home/travis/build/icyphy/ptII/ptolemy/domains/continuous/test/auto/ExponentialResponseRK45.xml
----------------- Instantiating /home/travis/build/icyphy/ptII/ptolemy/domains/continuous/test/auto/ExponentialResponseRK45.xml
30 ms. Memory: 253952K Free: 239066K (94%)
----------------- Invoking toplevel() on ptolemy.moml.MoMLSimpleApplication@1ea853ff
----------------- Done invoking toplevel() on ptolemy.moml.MoMLSimpleApplication@1ea853ff
reloadAllAccessors: .ExponentialResponseRK45

===========================================================================================
----------------- testing Sat Jul 20 15:39:38 UTC 2019 /home/travis/build/icyphy/ptII/ptolemy/domains/continuous/test/auto/Friction.xml
----------------- Instantiating /home/travis/build/icyphy/ptII/ptolemy/domains/continuous/test/auto/Friction.xml
1426 ms. Memory: 253952K Free: 115362K (45%)
----------------- Invoking toplevel() on ptolemy.moml.MoMLSimpleApplication@7f19c7b7
----------------- Done invoking toplevel() on ptolemy.moml.MoMLSimpleApplication@7f19c7b7
reloadAllAccessors: .Friction

===========================================================================================
----------------- testing Sat Jul 20 15:39:40 UTC 2019 /home/travis/build/icyphy/ptII/ptolemy/domains/continuous/test/auto/FurutaPendulum.xml
----------------- Instantiating /home/travis/build/icyphy/ptII/ptolemy/domains/continuous/test/auto/FurutaPendulum.xml
3369 ms. Memory: 253952K Free: 229166K (90%)
----------------- Invoking toplevel() on ptolemy.moml.MoMLSimpleApplication@31ddb101
----------------- Done invoking toplevel() on ptolemy.moml.MoMLSimpleApplication@31ddb101
reloadAllAccessors: .FurutaPendulum

===========================================================================================
----------------- testing Sat Jul 20 15:39:43 UTC 2019 /home/travis/build/icyphy/ptII/ptolemy/domains/continuous/test/auto/HierarchicalExecution.xml
----------------- Instantiating /home/travis/build/icyphy/ptII/ptolemy/domains/continuous/test/auto/HierarchicalExecution.xml
1721 ms. Memory: 253952K Free: 102315K (40%)
----------------- Invoking toplevel() on ptolemy.moml.MoMLSimpleApplication@7c3d25a2
----------------- Done invoking toplevel() on ptolemy.moml.MoMLSimpleApplication@7c3d25a2
reloadAllAccessors: .HierarchicalExecution

===========================================================================================
----------------- testing Sat Jul 20 15:39:45 UTC 2019 /home/travis/build/icyphy/ptII/ptolemy/domains/continuous/test/auto/HybridPlant.xml
----------------- Instantiating /home/travis/build/icyphy/ptII/ptolemy/domains/continuous/test/auto/HybridPlant.xml
542 ms. Memory: 253952K Free: 140198K (55%)
----------------- Invoking toplevel() on ptolemy.moml.MoMLSimpleApplication@1c0e53d
----------------- Done invoking toplevel() on ptolemy.moml.MoMLSimpleApplication@1c0e53d
reloadAllAccessors: .HybridPlant

===========================================================================================
----------------- testing Sat Jul 20 15:39:46 UTC 2019 /home/travis/build/icyphy/ptII/ptolemy/domains/continuous/test/auto/Hysteresis.xml
----------------- Instantiating /home/travis/build/icyphy/ptII/ptolemy/domains/continuous/test/auto/Hysteresis.xml
168 ms. Memory: 253952K Free: 228332K (90%)
----------------- Invoking toplevel() on ptolemy.moml.MoMLSimpleApplication@681d557
----------------- Done invoking toplevel() on ptolemy.moml.MoMLSimpleApplication@681d557
reloadAllAccessors: .Hysteresis

===========================================================================================
----------------- testing Sat Jul 20 15:39:46 UTC 2019 /home/travis/build/icyphy/ptII/ptolemy/domains/continuous/test/auto/HysteresisWithRandomDelay.xml
----------------- Instantiating /home/travis/build/icyphy/ptII/ptolemy/domains/continuous/test/auto/HysteresisWithRandomDelay.xml
194 ms. Memory: 253952K Free: 156652K (62%)
----------------- Invoking toplevel() on ptolemy.moml.MoMLSimpleApplication@772128fb
----------------- Done invoking toplevel() on ptolemy.moml.MoMLSimpleApplication@772128fb
reloadAllAccessors: .HysteresisWithRandomDelay

===========================================================================================
----------------- testing Sat Jul 20 15:39:46 UTC 2019 /home/travis/build/icyphy/ptII/ptolemy/domains/continuous/test/auto/HysteresisWithRandomLosses.xml
----------------- Instantiating /home/travis/build/icyphy/ptII/ptolemy/domains/continuous/test/auto/HysteresisWithRandomLosses.xml
2406 ms. Memory: 253952K Free: 165914K (65%)
----------------- Invoking toplevel() on ptolemy.moml.MoMLSimpleApplication@7aca63cb
----------------- Done invoking toplevel() on ptolemy.moml.MoMLSimpleApplication@7aca63cb
reloadAllAccessors: .HysteresisWithRandomLosses

===========================================================================================
----------------- testing Sat Jul 20 15:39:49 UTC 2019 /home/travis/build/icyphy/ptII/ptolemy/domains/continuous/test/auto/ImmediateTransitions.xml
----------------- Instantiating /home/travis/build/icyphy/ptII/ptolemy/domains/continuous/test/auto/ImmediateTransitions.xml
9 ms. Memory: 253952K Free: 155178K (61%)
----------------- Invoking toplevel() on ptolemy.moml.MoMLSimpleApplication@4bcdfa3f
----------------- Done invoking toplevel() on ptolemy.moml.MoMLSimpleApplication@4bcdfa3f
reloadAllAccessors: .ImmediateTransitions

===========================================================================================
----------------- testing Sat Jul 20 15:39:49 UTC 2019 /home/travis/build/icyphy/ptII/ptolemy/domains/continuous/test/auto/ImpulseFeedback.xml
----------------- Instantiating /home/travis/build/icyphy/ptII/ptolemy/domains/continuous/test/auto/ImpulseFeedback.xml
9 ms. Memory: 253952K Free: 149544K (59%)
----------------- Invoking toplevel() on ptolemy.moml.MoMLSimpleApplication@59a54983
----------------- Done invoking toplevel() on ptolemy.moml.MoMLSimpleApplication@59a54983
reloadAllAccessors: .ImpulseFeedback

===========================================================================================
----------------- testing Sat Jul 20 15:39:49 UTC 2019 /home/travis/build/icyphy/ptII/ptolemy/domains/continuous/test/auto/ImpulseFeedback2.xml
----------------- Instantiating /home/travis/build/icyphy/ptII/ptolemy/domains/continuous/test/auto/ImpulseFeedback2.xml
4 ms. Memory: 253952K Free: 143914K (57%)
----------------- Invoking toplevel() on ptolemy.moml.MoMLSimpleApplication@66747886
----------------- Done invoking toplevel() on ptolemy.moml.MoMLSimpleApplication@66747886
reloadAllAccessors: .ImpulseFeedback2

===========================================================================================
----------------- testing Sat Jul 20 15:39:49 UTC 2019 /home/travis/build/icyphy/ptII/ptolemy/domains/continuous/test/auto/IncreasingRatePoisson.xml
----------------- Instantiating /home/travis/build/icyphy/ptII/ptolemy/domains/continuous/test/auto/IncreasingRatePoisson.xml
730 ms. Memory: 253952K Free: 125228K (49%)
----------------- Invoking toplevel() on ptolemy.moml.MoMLSimpleApplication@bca919b
----------------- Done invoking toplevel() on ptolemy.moml.MoMLSimpleApplication@bca919b
reloadAllAccessors: .IncreasingRatePoisson

===========================================================================================
----------------- testing Sat Jul 20 15:39:50 UTC 2019 /home/travis/build/icyphy/ptII/ptolemy/domains/continuous/test/auto/InitialStateFeedback.xml
----------------- Instantiating /home/travis/build/icyphy/ptII/ptolemy/domains/continuous/test/auto/InitialStateFeedback.xml
3 ms. Memory: 253952K Free: 120618K (47%)
----------------- Invoking toplevel() on ptolemy.moml.MoMLSimpleApplication@65347a52
----------------- Done invoking toplevel() on ptolemy.moml.MoMLSimpleApplication@65347a52
reloadAllAccessors: .InitialStateFeedback

===========================================================================================
----------------- testing Sat Jul 20 15:39:50 UTC 2019 /home/travis/build/icyphy/ptII/ptolemy/domains/continuous/test/auto/Integration.xml
----------------- Instantiating /home/travis/build/icyphy/ptII/ptolemy/domains/continuous/test/auto/Integration.xml
2 ms. Memory: 253952K Free: 116522K (46%)
----------------- Invoking toplevel() on ptolemy.moml.MoMLSimpleApplication@3d7919eb
----------------- Done invoking toplevel() on ptolemy.moml.MoMLSimpleApplication@3d7919eb
reloadAllAccessors: .Integration

===========================================================================================
----------------- testing Sat Jul 20 15:39:50 UTC 2019 /home/travis/build/icyphy/ptII/ptolemy/domains/continuous/test/auto/Integration2.xml
----------------- Instantiating /home/travis/build/icyphy/ptII/ptolemy/domains/continuous/test/auto/Integration2.xml
83 ms. Memory: 253952K Free: 102700K (40%)
----------------- Invoking toplevel() on ptolemy.moml.MoMLSimpleApplication@5b5df022
----------------- Done invoking toplevel() on ptolemy.moml.MoMLSimpleApplication@5b5df022
reloadAllAccessors: .Integration2

===========================================================================================
----------------- testing Sat Jul 20 15:39:50 UTC 2019 /home/travis/build/icyphy/ptII/ptolemy/domains/continuous/test/auto/Integration3.xml
----------------- Instantiating /home/travis/build/icyphy/ptII/ptolemy/domains/continuous/test/auto/Integration3.xml
2 ms. Memory: 253952K Free: 98076K (39%)
----------------- Invoking toplevel() on ptolemy.moml.MoMLSimpleApplication@78e2318f
----------------- Done invoking toplevel() on ptolemy.moml.MoMLSimpleApplication@78e2318f
reloadAllAccessors: .Integration3

===========================================================================================
----------------- testing Sat Jul 20 15:39:50 UTC 2019 /home/travis/build/icyphy/ptII/ptolemy/domains/continuous/test/auto/Integration5.xml
----------------- Instantiating /home/travis/build/icyphy/ptII/ptolemy/domains/continuous/test/auto/Integration5.xml
2 ms. Memory: 253952K Free: 93994K (37%)
----------------- Invoking toplevel() on ptolemy.moml.MoMLSimpleApplication@747aee32
----------------- Done invoking toplevel() on ptolemy.moml.MoMLSimpleApplication@747aee32
reloadAllAccessors: .Integration5

===========================================================================================
----------------- testing Sat Jul 20 15:39:50 UTC 2019 /home/travis/build/icyphy/ptII/ptolemy/domains/continuous/test/auto/IntegratorImpulse.xml
----------------- Instantiating /home/travis/build/icyphy/ptII/ptolemy/domains/continuous/test/auto/IntegratorImpulse.xml
2 ms. Memory: 253952K Free: 89892K (35%)
----------------- Invoking toplevel() on ptolemy.moml.MoMLSimpleApplication@446372f4
----------------- Done invoking toplevel() on ptolemy.moml.MoMLSimpleApplication@446372f4
reloadAllAccessors: .IntegratorImpulse

===========================================================================================
----------------- testing Sat Jul 20 15:39:50 UTC 2019 /home/travis/build/icyphy/ptII/ptolemy/domains/continuous/test/auto/IntegratorImpulse2.xml
----------------- Instantiating /home/travis/build/icyphy/ptII/ptolemy/domains/continuous/test/auto/IntegratorImpulse2.xml
3 ms. Memory: 253952K Free: 235900K (93%)
----------------- Invoking toplevel() on ptolemy.moml.MoMLSimpleApplication@794846e
----------------- Done invoking toplevel() on ptolemy.moml.MoMLSimpleApplication@794846e
reloadAllAccessors: .IntegratorImpulse2

===========================================================================================
----------------- testing Sat Jul 20 15:39:50 UTC 2019 /home/travis/build/icyphy/ptII/ptolemy/domains/continuous/test/auto/LevelCrossing1.xml
----------------- Instantiating /home/travis/build/icyphy/ptII/ptolemy/domains/continuous/test/auto/LevelCrossing1.xml
2 ms. Memory: 253952K Free: 230780K (91%)
----------------- Invoking toplevel() on ptolemy.moml.MoMLSimpleApplication@21b6e82d
----------------- Done invoking toplevel() on ptolemy.moml.MoMLSimpleApplication@21b6e82d
reloadAllAccessors: .LevelCrossing1

===========================================================================================
----------------- testing Sat Jul 20 15:39:50 UTC 2019 /home/travis/build/icyphy/ptII/ptolemy/domains/continuous/test/auto/LevelCrossing2.xml
----------------- Instantiating /home/travis/build/icyphy/ptII/ptolemy/domains/continuous/test/auto/LevelCrossing2.xml
3 ms. Memory: 253952K Free: 225660K (89%)
----------------- Invoking toplevel() on ptolemy.moml.MoMLSimpleApplication@4a9e5ea1
----------------- Done invoking toplevel() on ptolemy.moml.MoMLSimpleApplication@4a9e5ea1
reloadAllAccessors: .LevelCrossing2

===========================================================================================
----------------- testing Sat Jul 20 15:39:50 UTC 2019 /home/travis/build/icyphy/ptII/ptolemy/domains/continuous/test/auto/LevelCrossing3.xml
----------------- Instantiating /home/travis/build/icyphy/ptII/ptolemy/domains/continuous/test/auto/LevelCrossing3.xml
3 ms. Memory: 253952K Free: 220540K (87%)
----------------- Invoking toplevel() on ptolemy.moml.MoMLSimpleApplication@4529caf6
----------------- Done invoking toplevel() on ptolemy.moml.MoMLSimpleApplication@4529caf6
reloadAllAccessors: .LevelCrossing3

===========================================================================================
----------------- testing Sat Jul 20 15:39:50 UTC 2019 /home/travis/build/icyphy/ptII/ptolemy/domains/continuous/test/auto/LevelCrossing4.xml
----------------- Instantiating /home/travis/build/icyphy/ptII/ptolemy/domains/continuous/test/auto/LevelCrossing4.xml
3 ms. Memory: 253952K Free: 215420K (85%)
----------------- Invoking toplevel() on ptolemy.moml.MoMLSimpleApplication@5733f808
----------------- Done invoking toplevel() on ptolemy.moml.MoMLSimpleApplication@5733f808
reloadAllAccessors: .LevelCrossing4

===========================================================================================
----------------- testing Sat Jul 20 15:39:50 UTC 2019 /home/travis/build/icyphy/ptII/ptolemy/domains/continuous/test/auto/LevelCrossing5.xml
----------------- Instantiating /home/travis/build/icyphy/ptII/ptolemy/domains/continuous/test/auto/LevelCrossing5.xml
4 ms. Memory: 253952K Free: 210300K (83%)
----------------- Invoking toplevel() on ptolemy.moml.MoMLSimpleApplication@23d7ca4b
----------------- Done invoking toplevel() on ptolemy.moml.MoMLSimpleApplication@23d7ca4b
reloadAllAccessors: .LevelCrossing5

===========================================================================================
[...]
----------------- Instantiating /home/travis/build/icyphy/ptII/ptolemy/domains/continuous/test/auto/ResetTransitionWithStartTime6.xml
11 ms. Memory: 305152K Free: 200659K (66%)
----------------- Invoking toplevel() on ptolemy.moml.MoMLSimpleApplication@7f1d4e0a
----------------- Done invoking toplevel() on ptolemy.moml.MoMLSimpleApplication@7f1d4e0a
reloadAllAccessors: .ResetTransitionWithStartTime6

===========================================================================================
----------------- testing Sat Jul 20 15:40:08 UTC 2019 /home/travis/build/icyphy/ptII/ptolemy/domains/continuous/test/auto/SRinContinuous.xml
----------------- Instantiating /home/travis/build/icyphy/ptII/ptolemy/domains/continuous/test/auto/SRinContinuous.xml
5 ms. Memory: 305152K Free: 192981K (63%)
----------------- Invoking toplevel() on ptolemy.moml.MoMLSimpleApplication@5f926408
----------------- Done invoking toplevel() on ptolemy.moml.MoMLSimpleApplication@5f926408
reloadAllAccessors: .SRinContinuous

===========================================================================================
----------------- testing Sat Jul 20 15:40:08 UTC 2019 /home/travis/build/icyphy/ptII/ptolemy/domains/continuous/test/auto/SampledClocks.xml
----------------- Instantiating /home/travis/build/icyphy/ptII/ptolemy/domains/continuous/test/auto/SampledClocks.xml
7 ms. Memory: 305152K Free: 180693K (59%)
----------------- Invoking toplevel() on ptolemy.moml.MoMLSimpleApplication@6fcb5c
----------------- Done invoking toplevel() on ptolemy.moml.MoMLSimpleApplication@6fcb5c
reloadAllAccessors: .SampledClocks

===========================================================================================
----------------- testing Sat Jul 20 15:40:08 UTC 2019 /home/travis/build/icyphy/ptII/ptolemy/domains/continuous/test/auto/Satellite.xml
----------------- Instantiating /home/travis/build/icyphy/ptII/ptolemy/domains/continuous/test/auto/Satellite.xml
786 ms. Memory: 305152K Free: 174628K (57%)
----------------- Invoking toplevel() on ptolemy.moml.MoMLSimpleApplication@1c3fbc26
----------------- Done invoking toplevel() on ptolemy.moml.MoMLSimpleApplication@1c3fbc26
reloadAllAccessors: .Satellite

===========================================================================================
----------------- testing Sat Jul 20 15:40:08 UTC 2019 /home/travis/build/icyphy/ptII/ptolemy/domains/continuous/test/auto/SigmaDelta.xml
----------------- Instantiating /home/travis/build/icyphy/ptII/ptolemy/domains/continuous/test/auto/SigmaDelta.xml
2236 ms. Memory: 305152K Free: 268054K (88%)
----------------- Invoking toplevel() on ptolemy.moml.MoMLSimpleApplication@67fa7c25
----------------- Done invoking toplevel() on ptolemy.moml.MoMLSimpleApplication@67fa7c25
reloadAllAccessors: .SigmaDelta

===========================================================================================
----------------- testing Sat Jul 20 15:40:11 UTC 2019 /home/travis/build/icyphy/ptII/ptolemy/domains/continuous/test/auto/SingleRefinement.xml
----------------- Instantiating /home/travis/build/icyphy/ptII/ptolemy/domains/continuous/test/auto/SingleRefinement.xml
324 ms. Memory: 305152K Free: 267526K (88%)
----------------- Invoking toplevel() on ptolemy.moml.MoMLSimpleApplication@7ea60626
----------------- Done invoking toplevel() on ptolemy.moml.MoMLSimpleApplication@7ea60626
reloadAllAccessors: .SingleRefinement

===========================================================================================
----------------- testing Sat Jul 20 15:40:11 UTC 2019 /home/travis/build/icyphy/ptII/ptolemy/domains/continuous/test/auto/SinuBouncingBall.xml
----------------- Instantiating /home/travis/build/icyphy/ptII/ptolemy/domains/continuous/test/auto/SinuBouncingBall.xml
827 ms. Memory: 305152K Free: 235494K (77%)
----------------- Invoking toplevel() on ptolemy.moml.MoMLSimpleApplication@46a524c
----------------- Done invoking toplevel() on ptolemy.moml.MoMLSimpleApplication@46a524c
reloadAllAccessors: .SinuBouncingBall

===========================================================================================
----------------- testing Sat Jul 20 15:40:12 UTC 2019 /home/travis/build/icyphy/ptII/ptolemy/domains/continuous/test/auto/Sinusoid.xml
----------------- Instantiating /home/travis/build/icyphy/ptII/ptolemy/domains/continuous/test/auto/Sinusoid.xml
5 ms. Memory: 305152K Free: 230888K (76%)
----------------- Invoking toplevel() on ptolemy.moml.MoMLSimpleApplication@6b065443
----------------- Done invoking toplevel() on ptolemy.moml.MoMLSimpleApplication@6b065443
reloadAllAccessors: .Sinusoid

===========================================================================================
----------------- testing Sat Jul 20 15:40:12 UTC 2019 /home/travis/build/icyphy/ptII/ptolemy/domains/continuous/test/auto/SinusoidInNoise.xml
----------------- Instantiating /home/travis/build/icyphy/ptII/ptolemy/domains/continuous/test/auto/SinusoidInNoise.xml
1004 ms. Memory: 305152K Free: 276544K (91%)
----------------- Invoking toplevel() on ptolemy.moml.MoMLSimpleApplication@4189d03b
----------------- Done invoking toplevel() on ptolemy.moml.MoMLSimpleApplication@4189d03b
reloadAllAccessors: .SinusoidInNoise

===========================================================================================
----------------- testing Sat Jul 20 15:40:13 UTC 2019 /home/travis/build/icyphy/ptII/ptolemy/domains/continuous/test/auto/SinusoidRK45.xml
----------------- Instantiating /home/travis/build/icyphy/ptII/ptolemy/domains/continuous/test/auto/SinusoidRK45.xml
2 ms. Memory: 305152K Free: 271920K (89%)
----------------- Invoking toplevel() on ptolemy.moml.MoMLSimpleApplication@54916da2
----------------- Done invoking toplevel() on ptolemy.moml.MoMLSimpleApplication@54916da2
reloadAllAccessors: .SinusoidRK45

===========================================================================================
----------------- testing Sat Jul 20 15:40:13 UTC 2019 /home/travis/build/icyphy/ptII/ptolemy/domains/continuous/test/auto/SinusoidWithMultipleImpulses.xml
----------------- Instantiating /home/travis/build/icyphy/ptII/ptolemy/domains/continuous/test/auto/SinusoidWithMultipleImpulses.xml
3 ms. Memory: 305152K Free: 267328K (88%)
----------------- Invoking toplevel() on ptolemy.moml.MoMLSimpleApplication@370c5f2c
----------------- Done invoking toplevel() on ptolemy.moml.MoMLSimpleApplication@370c5f2c
reloadAllAccessors: .SinusoidWithMultipleImpulses

===========================================================================================
----------------- testing Sat Jul 20 15:40:13 UTC 2019 /home/travis/build/icyphy/ptII/ptolemy/domains/continuous/test/auto/SquareWave.xml
----------------- Instantiating /home/travis/build/icyphy/ptII/ptolemy/domains/continuous/test/auto/SquareWave.xml
155 ms. Memory: 305152K Free: 239680K (79%)
----------------- Invoking toplevel() on ptolemy.moml.MoMLSimpleApplication@22839457
----------------- Done invoking toplevel() on ptolemy.moml.MoMLSimpleApplication@22839457
reloadAllAccessors: .SquareWave

===========================================================================================
----------------- testing Sat Jul 20 15:40:13 UTC 2019 /home/travis/build/icyphy/ptII/ptolemy/domains/continuous/test/auto/Starmac.xml
----------------- Instantiating /home/travis/build/icyphy/ptII/ptolemy/domains/continuous/test/auto/Starmac.xml
3066 ms. Memory: 305152K Free: 114031K (37%)
----------------- Invoking toplevel() on ptolemy.moml.MoMLSimpleApplication@568b2cd0
----------------- Done invoking toplevel() on ptolemy.moml.MoMLSimpleApplication@568b2cd0
reloadAllAccessors: .Starmac

===========================================================================================
----------------- testing Sat Jul 20 15:40:17 UTC 2019 /home/travis/build/icyphy/ptII/ptolemy/domains/continuous/test/auto/StaticUnits.xml
----------------- Instantiating /home/travis/build/icyphy/ptII/ptolemy/domains/continuous/test/auto/StaticUnits.xml
2210 ms. Memory: 305152K Free: 210078K (69%)
----------------- Invoking toplevel() on ptolemy.moml.MoMLSimpleApplication@53332d7b
----------------- Done invoking toplevel() on ptolemy.moml.MoMLSimpleApplication@53332d7b
reloadAllAccessors: .StaticUnits

===========================================================================================
----------------- testing Sat Jul 20 15:40:20 UTC 2019 /home/travis/build/icyphy/ptII/ptolemy/domains/continuous/test/auto/StickyMasses.xml
----------------- Instantiating /home/travis/build/icyphy/ptII/ptolemy/domains/continuous/test/auto/StickyMasses.xml
151 ms. Memory: 305152K Free: 160912K (53%)
----------------- Invoking toplevel() on ptolemy.moml.MoMLSimpleApplication@4f8f004
----------------- Done invoking toplevel() on ptolemy.moml.MoMLSimpleApplication@4f8f004
reloadAllAccessors: .StickyMasses

===========================================================================================
----------------- testing Sat Jul 20 15:40:20 UTC 2019 /home/travis/build/icyphy/ptII/ptolemy/domains/continuous/test/auto/StopTime.xml
----------------- Instantiating /home/travis/build/icyphy/ptII/ptolemy/domains/continuous/test/auto/StopTime.xml
51 ms. Memory: 305152K Free: 135312K (44%)
----------------- Invoking toplevel() on ptolemy.moml.MoMLSimpleApplication@61d71f1d
----------------- Done invoking toplevel() on ptolemy.moml.MoMLSimpleApplication@61d71f1d
reloadAllAccessors: .StopTime

===========================================================================================
----------------- testing Sat Jul 20 15:40:20 UTC 2019 /home/travis/build/icyphy/ptII/ptolemy/domains/continuous/test/auto/StopTime2.xml
----------------- Instantiating /home/travis/build/icyphy/ptII/ptolemy/domains/continuous/test/auto/StopTime2.xml
34 ms. Memory: 305152K Free: 113312K (37%)
----------------- Invoking toplevel() on ptolemy.moml.MoMLSimpleApplication@58c84cd8
----------------- Done invoking toplevel() on ptolemy.moml.MoMLSimpleApplication@58c84cd8
reloadAllAccessors: .StopTime2

===========================================================================================
----------------- testing Sat Jul 20 15:40:20 UTC 2019 /home/travis/build/icyphy/ptII/ptolemy/domains/continuous/test/auto/Switch.xml
----------------- Instantiating /home/travis/build/icyphy/ptII/ptolemy/domains/continuous/test/auto/Switch.xml
53 ms. Memory: 366592K Free: 326781K (89%)
----------------- Invoking toplevel() on ptolemy.moml.MoMLSimpleApplication@3eae2099
----------------- Done invoking toplevel() on ptolemy.moml.MoMLSimpleApplication@3eae2099
reloadAllAccessors: .Switch

===========================================================================================
----------------- testing Sat Jul 20 15:40:20 UTC 2019 /home/travis/build/icyphy/ptII/ptolemy/domains/continuous/test/auto/Thermostat.xml
----------------- Instantiating /home/travis/build/icyphy/ptII/ptolemy/domains/continuous/test/auto/Thermostat.xml
210 ms. Memory: 366592K Free: 254622K (69%)
----------------- Invoking toplevel() on ptolemy.moml.MoMLSimpleApplication@5dcfad2a
----------------- Done invoking toplevel() on ptolemy.moml.MoMLSimpleApplication@5dcfad2a
reloadAllAccessors: .Thermostat

===========================================================================================
----------------- testing Sat Jul 20 15:40:20 UTC 2019 /home/travis/build/icyphy/ptII/ptolemy/domains/continuous/test/auto/TimeDelay.xml
----------------- Instantiating /home/travis/build/icyphy/ptII/ptolemy/domains/continuous/test/auto/TimeDelay.xml
5 ms. Memory: 366592K Free: 250012K (68%)
----------------- Invoking toplevel() on ptolemy.moml.MoMLSimpleApplication@4424b1ea
----------------- Done invoking toplevel() on ptolemy.moml.MoMLSimpleApplication@4424b1ea
reloadAllAccessors: .TimeDelay

===========================================================================================
----------------- testing Sat Jul 20 15:40:20 UTC 2019 /home/travis/build/icyphy/ptII/ptolemy/domains/continuous/test/auto/TimeDelay2.xml
----------------- Instantiating /home/travis/build/icyphy/ptII/ptolemy/domains/continuous/test/auto/TimeDelay2.xml
7 ms. Memory: 366592K Free: 240286K (66%)
----------------- Invoking toplevel() on ptolemy.moml.MoMLSimpleApplication@dd8b795
----------------- Done invoking toplevel() on ptolemy.moml.MoMLSimpleApplication@dd8b795
reloadAllAccessors: .TimeDelay2

===========================================================================================
----------------- testing Sat Jul 20 15:40:20 UTC 2019 /home/travis/build/icyphy/ptII/ptolemy/domains/continuous/test/auto/TimeDelay3.xml
----------------- Instantiating /home/travis/build/icyphy/ptII/ptolemy/domains/continuous/test/auto/TimeDelay3.xml
6 ms. Memory: 366592K Free: 235643K (64%)
----------------- Invoking toplevel() on ptolemy.moml.MoMLSimpleApplication@219a0e5
----------------- Done invoking toplevel() on ptolemy.moml.MoMLSimpleApplication@219a0e5
reloadAllAccessors: .TimeDelay3

===========================================================================================
----------------- testing Sat Jul 20 15:40:20 UTC 2019 /home/travis/build/icyphy/ptII/ptolemy/domains/continuous/test/auto/TransferAbsentToInside.xml
----------------- Instantiating /home/travis/build/icyphy/ptII/ptolemy/domains/continuous/test/auto/TransferAbsentToInside.xml
29 ms. Memory: 366592K Free: 183445K (50%)
----------------- Invoking toplevel() on ptolemy.moml.MoMLSimpleApplication@7cc23d4b
----------------- Done invoking toplevel() on ptolemy.moml.MoMLSimpleApplication@7cc23d4b
reloadAllAccessors: .TransferAbsentToInside

===========================================================================================
----------------- testing Sat Jul 20 15:40:20 UTC 2019 /home/travis/build/icyphy/ptII/ptolemy/domains/continuous/test/auto/Transmission.xml
----------------- Instantiating /home/travis/build/icyphy/ptII/ptolemy/domains/continuous/test/auto/Transmission.xml
784 ms. Memory: 366592K Free: 165521K (45%)
----------------- Invoking toplevel() on ptolemy.moml.MoMLSimpleApplication@691748b5
----------------- Done invoking toplevel() on ptolemy.moml.MoMLSimpleApplication@691748b5
reloadAllAccessors: .Transmission

===========================================================================================
----------------- testing Sat Jul 20 15:40:21 UTC 2019 /home/travis/build/icyphy/ptII/ptolemy/domains/continuous/test/auto/TriggeredContinuousClock.xml
----------------- Instantiating /home/travis/build/icyphy/ptII/ptolemy/domains/continuous/test/auto/TriggeredContinuousClock.xml
36 ms. Memory: 366592K Free: 135825K (37%)
----------------- Invoking toplevel() on ptolemy.moml.MoMLSimpleApplication@682eb079
----------------- Done invoking toplevel() on ptolemy.moml.MoMLSimpleApplication@682eb079
reloadAllAccessors: .TriggeredContinuousClock

===========================================================================================
----------------- testing Sat Jul 20 15:40:21 UTC 2019 /home/travis/build/icyphy/ptII/ptolemy/domains/continuous/test/auto/TwoMachineInfiniteBusControl.xml
----------------- Instantiating /home/travis/build/icyphy/ptII/ptolemy/domains/continuous/test/auto/TwoMachineInfiniteBusControl.xml
3359 ms. Memory: 366592K Free: 215166K (59%)
----------------- Invoking toplevel() on ptolemy.moml.MoMLSimpleApplication@4d9d2b07
----------------- Done invoking toplevel() on ptolemy.moml.MoMLSimpleApplication@4d9d2b07
reloadAllAccessors: .TwoMachineInfiniteBusControl

===========================================================================================
----------------- testing Sat Jul 20 15:40:25 UTC 2019 /home/travis/build/icyphy/ptII/ptolemy/domains/continuous/test/auto/V2V.xml
----------------- Instantiating /home/travis/build/icyphy/ptII/ptolemy/domains/continuous/test/auto/V2V.xml
741 ms. Memory: 366592K Free: 240222K (66%)
----------------- Invoking toplevel() on ptolemy.moml.MoMLSimpleApplication@4eb7f3d0
----------------- Done invoking toplevel() on ptolemy.moml.MoMLSimpleApplication@4eb7f3d0
reloadAllAccessors: .V2V

===========================================================================================
----------------- testing Sat Jul 20 15:40:26 UTC 2019 /home/travis/build/icyphy/ptII/ptolemy/domains/continuous/test/auto/hierarchicalModalModel.xml
----------------- Instantiating /home/travis/build/icyphy/ptII/ptolemy/domains/continuous/test/auto/hierarchicalModalModel.xml
8 ms. Memory: 366592K Free: 225357K (61%)
----------------- Invoking toplevel() on ptolemy.moml.MoMLSimpleApplication@2f27b4
----------------- Done invoking toplevel() on ptolemy.moml.MoMLSimpleApplication@2f27b4
reloadAllAccessors: .hierarchicalModalModel

===========================================================================================
----------------- testing Sat Jul 20 15:40:26 UTC 2019 /home/travis/build/icyphy/ptII/ptolemy/domains/continuous/test/auto/hierarchicalModalModel1.xml
----------------- Instantiating /home/travis/build/icyphy/ptII/ptolemy/domains/continuous/test/auto/hierarchicalModalModel1.xml
13 ms. Memory: 366592K Free: 211036K (58%)
----------------- Invoking toplevel() on ptolemy.moml.MoMLSimpleApplication@69ce1548
----------------- Done invoking toplevel() on ptolemy.moml.MoMLSimpleApplication@69ce1548
reloadAllAccessors: .hierarchicalModalModel1

===========================================================================================
----------------- testing Sat Jul 20 15:40:26 UTC 2019 /home/travis/build/icyphy/ptII/ptolemy/domains/continuous/test/auto/hierarchicalModalModel2.xml
----------------- Instantiating /home/travis/build/icyphy/ptII/ptolemy/domains/continuous/test/auto/hierarchicalModalModel2.xml
6 ms. Memory: 366592K Free: 198733K (54%)
----------------- Invoking toplevel() on ptolemy.moml.MoMLSimpleApplication@3b76f2a2
----------------- Done invoking toplevel() on ptolemy.moml.MoMLSimpleApplication@3b76f2a2
reloadAllAccessors: .hierarchicalModalModel2

===========================================================================================
----------------- testing Sat Jul 20 15:40:26 UTC 2019 /home/travis/build/icyphy/ptII/ptolemy/domains/continuous/test/auto/hierarchicalModalModel3.xml
----------------- Instantiating /home/travis/build/icyphy/ptII/ptolemy/domains/continuous/test/auto/hierarchicalModalModel3.xml
6 ms. Memory: 366592K Free: 187998K (51%)
----------------- Invoking toplevel() on ptolemy.moml.MoMLSimpleApplication@6b444067
----------------- Done invoking toplevel() on ptolemy.moml.MoMLSimpleApplication@6b444067
reloadAllAccessors: .hierarchicalModalModel3

===========================================================================================
----------------- testing Sat Jul 20 15:40:26 UTC 2019 /home/travis/build/icyphy/ptII/ptolemy/domains/continuous/test/auto/hierarchicalModalModel4.xml
----------------- Instantiating /home/travis/build/icyphy/ptII/ptolemy/domains/continuous/test/auto/hierarchicalModalModel4.xml
5 ms. Memory: 366592K Free: 176220K (48%)
----------------- Invoking toplevel() on ptolemy.moml.MoMLSimpleApplication@779eb8fb
----------------- Done invoking toplevel() on ptolemy.moml.MoMLSimpleApplication@779eb8fb
reloadAllAccessors: .hierarchicalModalModel4

===========================================================================================
----------------- testing Sat Jul 20 15:40:26 UTC 2019 /home/travis/build/icyphy/ptII/ptolemy/domains/continuous/test/auto/junk.xml
----------------- Instantiating /home/travis/build/icyphy/ptII/ptolemy/domains/continuous/test/auto/junk.xml
154 ms. Memory: 366592K Free: 151134K (41%)
----------------- Invoking toplevel() on ptolemy.moml.MoMLSimpleApplication@54fbedf6
----------------- Done invoking toplevel() on ptolemy.moml.MoMLSimpleApplication@54fbedf6
reloadAllAccessors: .junk
AutoTests.java: About to close Vertx.
AutoTests.java: Vertx closed.
]]></system-out>
  <system-err><![CDATA[]]></system-err>
</testsuite>
