<?xml version="1.0" encoding="UTF-8" ?>
<testsuite errors="0" failures="0" hostname="travis-job-5f1c72b4-88fe-4cd6-8f33-9ee7e34ffd17" name="ptolemy.vergil.basic.export.test.junit.ExportModelJUnitTestBatch4" skipped="0" tests="85" time="675.34" timestamp="2020-10-17T16:22:26">
  <properties>
[...]
</properties>
  <testcase classname="ptolemy.vergil.basic.export.test.junit.ExportModelJUnitTestBatch4" name="[0] ptolemy/actor/ptalon/demo/GameOfLife/GameOfLife.xml (RunExportModel)" time="38.426" />
  <testcase classname="ptolemy.vergil.basic.export.test.junit.ExportModelJUnitTestBatch4" name="[1] ptolemy/actor/ptalon/demo/MapReduce/MapReduce.xml (RunExportModel)" time="6.703" />
  <testcase classname="ptolemy.vergil.basic.export.test.junit.ExportModelJUnitTestBatch4" name="[2] ptolemy/actor/ptalon/demo/ModelChange/ModelChange.xml (RunExportModel)" time="4.39" />
  <testcase classname="ptolemy.vergil.basic.export.test.junit.ExportModelJUnitTestBatch4" name="[3] ptolemy/actor/ptalon/demo/SmallWorld/ParameterSweepSmallWorldFSM.xml (RunExportModel)" time="36.071" />
  <testcase classname="ptolemy.vergil.basic.export.test.junit.ExportModelJUnitTestBatch4" name="[4] ptolemy/actor/ptalon/demo/SmallWorld/ParameterSweepSmallWorldSDF.xml (RunExportModel)" time="6.735" />
  <testcase classname="ptolemy.vergil.basic.export.test.junit.ExportModelJUnitTestBatch4" name="[5] ptolemy/actor/ptalon/demo/SmallWorld/SmallWorld.xml (RunExportModel)" time="5.669" />
  <testcase classname="ptolemy.vergil.basic.export.test.junit.ExportModelJUnitTestBatch4" name="[6] ptolemy/actor/ptalon/demo/SmallWorld/SmallWorldMultiInstanceComposite.xml (RunExportModel)" time="40.273" />
  <testcase classname="ptolemy.vergil.basic.export.test.junit.ExportModelJUnitTestBatch4" name="[7] ptolemy/actor/ptalon/demo/SmallWorld/SmallWorldPtalonActor.xml (RunExportModel)" time="5.866" />
  <testcase classname="ptolemy.vergil.basic.export.test.junit.ExportModelJUnitTestBatch4" name="[8] ptolemy/actor/ptalon/demo/Unicycle/Unicycle.xml (RunExportModel)" time="4.918" />
  <testcase classname="ptolemy.vergil.basic.export.test.junit.ExportModelJUnitTestBatch4" name="[9] ptolemy/actor/ptalon/gt/demo/Adder/Adder.xml (RunExportModel)" time="3.729" />
  <testcase classname="ptolemy.vergil.basic.export.test.junit.ExportModelJUnitTestBatch4" name="[10] ptolemy/caltrop/demo/FunctionClosures/FunctionClosures.xml (RunExportModel)" time="5.294" />
  <testcase classname="ptolemy.vergil.basic.export.test.junit.ExportModelJUnitTestBatch4" name="[11] ptolemy/caltrop/demo/FunctionDefinition/FunctionDefinition.xml (RunExportModel)" time="4.717" />
  <testcase classname="ptolemy.vergil.basic.export.test.junit.ExportModelJUnitTestBatch4" name="[12] ptolemy/caltrop/demo/Primes/Primes.xml (RunExportModel)" time="4.376" />
  <testcase classname="ptolemy.vergil.basic.export.test.junit.ExportModelJUnitTestBatch4" name="[13] ptolemy/caltrop/demo/SDFDDI/SDFDDI.xml (RunExportModel)" time="4.55" />
  <testcase classname="ptolemy.vergil.basic.export.test.junit.ExportModelJUnitTestBatch4" name="[14] ptolemy/cg/adapter/generic/html/demo/HierarchicalModel/HierarchicalModel.xml (RunExportModel)" time="34.434" />
  <testcase classname="ptolemy.vergil.basic.export.test.junit.ExportModelJUnitTestBatch4" name="[15] ptolemy/cg/adapter/generic/program/procedural/c/arduino/adapters/ptolemy/vergil/actor/lib/demo/Blink/Blink.xml (RunExportModel)" time="7.514" />
  <testcase classname="ptolemy.vergil.basic.export.test.junit.ExportModelJUnitTestBatch4" name="[16] ptolemy/cg/adapter/generic/program/procedural/c/arduino/adapters/ptolemy/vergil/actor/lib/demo/Life/Life.xml (RunExportModel)" time="9.4" />
  <testcase classname="ptolemy.vergil.basic.export.test.junit.ExportModelJUnitTestBatch4" name="[17] ptolemy/cg/adapter/generic/program/procedural/c/arduino/adapters/ptolemy/vergil/actor/lib/demo/Ultrasonic/Ultrasonic.xml (RunExportModel)" time="3.261" />
  <testcase classname="ptolemy.vergil.basic.export.test.junit.ExportModelJUnitTestBatch4" name="[18] ptolemy/cg/kernel/generic/accessor/demo/TestComposite/TestComposite.xml (RunExportModel)" time="23.119" />
  <testcase classname="ptolemy.vergil.basic.export.test.junit.ExportModelJUnitTestBatch4" name="[19] ptolemy/cg/lib/demo/CompiledCompositeActor/CompiledCompositeActor.xml (RunExportModel)" time="5.481" />
  <testcase classname="ptolemy.vergil.basic.export.test.junit.ExportModelJUnitTestBatch4" name="[20] ptolemy/cg/lib/demo/DECG/DECG.xml (RunExportModel)" time="3.22" />
  <testcase classname="ptolemy.vergil.basic.export.test.junit.ExportModelJUnitTestBatch4" name="[21] ptolemy/cg/lib/demo/DECG/DECGClockRamp.xml (RunExportModel)" time="4.225" />
  <testcase classname="ptolemy.vergil.basic.export.test.junit.ExportModelJUnitTestBatch4" name="[22] ptolemy/cg/lib/demo/DECG/DECGDelay.xml (RunExportModel)" time="4.239" />
  <testcase classname="ptolemy.vergil.basic.export.test.junit.ExportModelJUnitTestBatch4" name="[23] ptolemy/cg/lib/demo/DECG/DECGHelloWorld.xml (RunExportModel)" time="4.241" />
  <testcase classname="ptolemy.vergil.basic.export.test.junit.ExportModelJUnitTestBatch4" name="[24] ptolemy/cg/lib/demo/DECG/DECGHeterogeneous.xml (RunExportModel)" time="4.326" />
  <testcase classname="ptolemy.vergil.basic.export.test.junit.ExportModelJUnitTestBatch4" name="[25] ptolemy/cg/lib/demo/DECG/DECGHeterogeneousMk2.xml (RunExportModel)" time="4.679" />
  <testcase classname="ptolemy.vergil.basic.export.test.junit.ExportModelJUnitTestBatch4" name="[26] ptolemy/cg/lib/demo/DECG/DECGMath.xml (RunExportModel)" time="4.23" />
  <testcase classname="ptolemy.vergil.basic.export.test.junit.ExportModelJUnitTestBatch4" name="[27] ptolemy/cg/lib/demo/DECG/DECGPi.xml (RunExportModel)" time="4.312" />
  <testcase classname="ptolemy.vergil.basic.export.test.junit.ExportModelJUnitTestBatch4" name="[28] ptolemy/cg/lib/demo/DECG/DECGPiSquare.xml (RunExportModel)" time="4.36" />
  <testcase classname="ptolemy.vergil.basic.export.test.junit.ExportModelJUnitTestBatch4" name="[29] ptolemy/cg/lib/demo/DECG/DECGPoisson.xml (RunExportModel)" time="4.212" />
  <testcase classname="ptolemy.vergil.basic.export.test.junit.ExportModelJUnitTestBatch4" name="[30] ptolemy/cg/lib/demo/ModularCGPubSub/ModularCGPubSub.xml (RunExportModel)" time="12.587" />
  <testcase classname="ptolemy.vergil.basic.export.test.junit.ExportModelJUnitTestBatch4" name="[31] ptolemy/cg/lib/demo/Scale/Scale.xml (RunExportModel)" time="3.168" />
  <testcase classname="ptolemy.vergil.basic.export.test.junit.ExportModelJUnitTestBatch4" name="[32] ptolemy/cg/lib/demo/Scale/ScaleC.xml (RunExportModel)" time="3.261" />
  <testcase classname="ptolemy.vergil.basic.export.test.junit.ExportModelJUnitTestBatch4" name="[33] ptolemy/cg/lib/demo/Scale/ScaleCFlat.xml (RunExportModel)" time="4.271" />
  <testcase classname="ptolemy.vergil.basic.export.test.junit.ExportModelJUnitTestBatch4" name="[34] ptolemy/cg/lib/demo/Scale/ScaleJava.xml (RunExportModel)" time="5.304" />
  <testcase classname="ptolemy.vergil.basic.export.test.junit.ExportModelJUnitTestBatch4" name="[35] ptolemy/configs/doc/ClassesIllustrated.xml (RunExportModel)" time="4.398" />
  <testcase classname="ptolemy.vergil.basic.export.test.junit.ExportModelJUnitTestBatch4" name="[36] ptolemy/data/ontologies/demo/CarTracking/CarTracking.xml (RunExportModel)" time="8.957" />
  <testcase classname="ptolemy.vergil.basic.export.test.junit.ExportModelJUnitTestBatch4" name="[37] ptolemy/data/ontologies/demo/ConstAbstractInterpretation/ConstAbstractInterpretation.xml (RunExportModel)" time="4.569" />
  <testcase classname="ptolemy.vergil.basic.export.test.junit.ExportModelJUnitTestBatch4" name="[38] ptolemy/data/ontologies/demo/ConstAbstractInterpretationObservable/ConstAbstractInterpretationObservable.xml (RunExportModel)" time="3.174" />
  <testcase classname="ptolemy.vergil.basic.export.test.junit.ExportModelJUnitTestBatch4" name="[39] ptolemy/data/ontologies/demo/ConstAbstractInterpretationObservable/ConstComparatorEqualToDemo.xml (RunExportModel)" time="6.326" />
  <testcase classname="ptolemy.vergil.basic.export.test.junit.ExportModelJUnitTestBatch4" name="[40] ptolemy/data/ontologies/demo/ConstAbstractInterpretationObservable/ConstComparatorGreaterThanDemo.xml (RunExportModel)" time="6.468" />
  <testcase classname="ptolemy.vergil.basic.export.test.junit.ExportModelJUnitTestBatch4" name="[41] ptolemy/data/ontologies/demo/ConstAbstractInterpretationObservable/ConstComparatorGTEDemo.xml (RunExportModel)" time="5.921" />
  <testcase classname="ptolemy.vergil.basic.export.test.junit.ExportModelJUnitTestBatch4" name="[42] ptolemy/data/ontologies/demo/ConstAbstractInterpretationObservable/ConstComparatorLessThanDemo.xml (RunExportModel)" time="5.467" />
  <testcase classname="ptolemy.vergil.basic.export.test.junit.ExportModelJUnitTestBatch4" name="[43] ptolemy/data/ontologies/demo/ConstAbstractInterpretationObservable/ConstComparatorLTEDemo.xml (RunExportModel)" time="5.575" />
  <testcase classname="ptolemy.vergil.basic.export.test.junit.ExportModelJUnitTestBatch4" name="[44] ptolemy/data/ontologies/demo/ConstAbstractInterpretationObservable/ConstMultiplyDivideDemo.xml (RunExportModel)" time="6.497" />
  <testcase classname="ptolemy.vergil.basic.export.test.junit.ExportModelJUnitTestBatch4" name="[45] ptolemy/data/ontologies/demo/ConstAbstractInterpretationObservable/ConstScaleDemo.xml (RunExportModel)" time="5.346" />
  <testcase classname="ptolemy.vergil.basic.export.test.junit.ExportModelJUnitTestBatch4" name="[46] ptolemy/data/ontologies/demo/ConstNonconst/Const.xml (RunExportModel)" time="3.152" />
  <testcase classname="ptolemy.vergil.basic.export.test.junit.ExportModelJUnitTestBatch4" name="[47] ptolemy/data/ontologies/demo/ConstNonconst/ConstNonconst.xml (RunExportModel)" time="4.543" />
  <testcase classname="ptolemy.vergil.basic.export.test.junit.ExportModelJUnitTestBatch4" name="[48] ptolemy/data/ontologies/demo/ConstPropagation/BooleanSwitchDemoProductLattice.xml (RunExportModel)" time="5.859" />
  <testcase classname="ptolemy.vergil.basic.export.test.junit.ExportModelJUnitTestBatch4" name="[49] ptolemy/data/ontologies/demo/ConstPropagation/ConstComparatorEqualToDemo.xml (RunExportModel)" time="5.857" />
  <testcase classname="ptolemy.vergil.basic.export.test.junit.ExportModelJUnitTestBatch4" name="[50] ptolemy/data/ontologies/demo/ConstPropagation/ConstComparatorGreaterThanDemo.xml (RunExportModel)" time="5.639" />
  <testcase classname="ptolemy.vergil.basic.export.test.junit.ExportModelJUnitTestBatch4" name="[51] ptolemy/data/ontologies/demo/ConstPropagation/ConstMultiplyDivideDemo.xml (RunExportModel)" time="6.831" />
  <testcase classname="ptolemy.vergil.basic.export.test.junit.ExportModelJUnitTestBatch4" name="[52] ptolemy/data/ontologies/demo/ConstPropagation/ConstPropagation.xml (RunExportModel)" time="3.118" />
  <testcase classname="ptolemy.vergil.basic.export.test.junit.ExportModelJUnitTestBatch4" name="[53] ptolemy/data/ontologies/demo/ConstPropagation/ConstPropagationAbsIntObservableReachableProductSolverModel.xml (RunExportModel)" time="4.633" />
  <testcase classname="ptolemy.vergil.basic.export.test.junit.ExportModelJUnitTestBatch4" name="[54] ptolemy/data/ontologies/demo/ConstPropagation/ConstPropagationAbsIntScale.xml (RunExportModel)" time="4.23" />
  <testcase classname="ptolemy.vergil.basic.export.test.junit.ExportModelJUnitTestBatch4" name="[55] ptolemy/data/ontologies/demo/ConstPropagation/SimpleConstPropagationDemo.xml (RunExportModel)" time="4.526" />
  <testcase classname="ptolemy.vergil.basic.export.test.junit.ExportModelJUnitTestBatch4" name="[56] ptolemy/data/ontologies/demo/ConstPropagation/SimpleNonconstPropagationDemo.xml (RunExportModel)" time="4.46" />
  <testcase classname="ptolemy.vergil.basic.export.test.junit.ExportModelJUnitTestBatch4" name="[57] ptolemy/data/ontologies/demo/DimensionSystemExample/DimensionSystemExample.xml (RunExportModel)" time="3.146" />
  <testcase classname="ptolemy.vergil.basic.export.test.junit.ExportModelJUnitTestBatch4" name="[58] ptolemy/data/ontologies/demo/ExceptionAnalysis/ExceptionAnalysis.xml (RunExportModel)" time="4.158" />
  <testcase classname="ptolemy.vergil.basic.export.test.junit.ExportModelJUnitTestBatch4" name="[59] ptolemy/data/ontologies/demo/MonotonicityAnalysis/MonotonicityAnalysis.xml (RunExportModel)" time="4.282" />
  <testcase classname="ptolemy.vergil.basic.export.test.junit.ExportModelJUnitTestBatch4" name="[60] ptolemy/data/ontologies/demo/Observable/Observable.xml (RunExportModel)" time="4.343" />
  <testcase classname="ptolemy.vergil.basic.export.test.junit.ExportModelJUnitTestBatch4" name="[61] ptolemy/data/ontologies/demo/ProductLattices/BooleanSwitchDemoProductLattice.xml (RunExportModel)" time="6.655" />
  <testcase classname="ptolemy.vergil.basic.export.test.junit.ExportModelJUnitTestBatch4" name="[62] ptolemy/data/ontologies/demo/ProductLattices/ConstAbsIntObservableReachableProductSolverModel.xml (RunExportModel)" time="4.558" />
  <testcase classname="ptolemy.vergil.basic.export.test.junit.ExportModelJUnitTestBatch4" name="[63] ptolemy/data/ontologies/demo/ProductLattices/ConstMultiplyDivideDemoProductLattice.xml (RunExportModel)" time="5.457" />
  <testcase classname="ptolemy.vergil.basic.export.test.junit.ExportModelJUnitTestBatch4" name="[64] ptolemy/data/ontologies/demo/ProductLattices/ConstScaleDemoProductLattice.xml (RunExportModel)" time="5.079" />
  <testcase classname="ptolemy.vergil.basic.export.test.junit.ExportModelJUnitTestBatch4" name="[65] ptolemy/data/ontologies/demo/ProductLattices/ConstScaleZeroDemoProductLattice.xml (RunExportModel)" time="3.194" />
  <testcase classname="ptolemy.vergil.basic.export.test.junit.ExportModelJUnitTestBatch4" name="[66] ptolemy/data/ontologies/demo/ProductLattices/LatticeComposition.xml (RunExportModel)" time="3.17" />
  <testcase classname="ptolemy.vergil.basic.export.test.junit.ExportModelJUnitTestBatch4" name="[67] ptolemy/data/ontologies/demo/ProductLattices/LatticeCompositionSolverModel.xml (RunExportModel)" time="4.379" />
  <testcase classname="ptolemy.vergil.basic.export.test.junit.ExportModelJUnitTestBatch4" name="[68] ptolemy/data/ontologies/demo/ProductLattices/ProductLattices.xml (RunExportModel)" time="3.115" />
  <testcase classname="ptolemy.vergil.basic.export.test.junit.ExportModelJUnitTestBatch4" name="[69] ptolemy/data/ontologies/demo/ProductLattices/SimpleConstDemo.xml (RunExportModel)" time="4.207" />
  <testcase classname="ptolemy.vergil.basic.export.test.junit.ExportModelJUnitTestBatch4" name="[70] ptolemy/data/ontologies/demo/ProductLattices/SimpleNonconstDemo.xml (RunExportModel)" time="4.333" />
  <testcase classname="ptolemy.vergil.basic.export.test.junit.ExportModelJUnitTestBatch4" name="[71] ptolemy/data/ontologies/demo/UnitSystemExample/UnitSystemExample.xml (RunExportModel)" time="3.305" />
  <testcase classname="ptolemy.vergil.basic.export.test.junit.ExportModelJUnitTestBatch4" name="[72] ptolemy/data/type/demo/Objects/Objects.xml (RunExportModel)" time="4.17" />
  <testcase classname="ptolemy.vergil.basic.export.test.junit.ExportModelJUnitTestBatch4" name="[73] ptolemy/data/type/demo/Router/Router.xml (RunExportModel)" time="34.2" />
  <testcase classname="ptolemy.vergil.basic.export.test.junit.ExportModelJUnitTestBatch4" name="[74] ptolemy/data/unit/demo/StaticUnits/StaticUnits.xml (RunExportModel)" time="6.25" />
  <testcase classname="ptolemy.vergil.basic.export.test.junit.ExportModelJUnitTestBatch4" name="[75] ptolemy/data/unit/demo/Units/Units.xml (RunExportModel)" time="4.251" />
  <testcase classname="ptolemy.vergil.basic.export.test.junit.ExportModelJUnitTestBatch4" name="[76] ptolemy/demo/AirManagementSystem/AirManagementSystem.xml (RunExportModel)" time="4.15" />
  <testcase classname="ptolemy.vergil.basic.export.test.junit.ExportModelJUnitTestBatch4" name="[77] ptolemy/demo/AirManagementSystem/AirManagementSystemCausalityLoop.xml (RunExportModel)" time="3.631" />
  <testcase classname="ptolemy.vergil.basic.export.test.junit.ExportModelJUnitTestBatch4" name="[78] ptolemy/demo/AirManagementSystem/AMS_AMSSim.xml (RunExportModel)" time="3.356" />
  <testcase classname="ptolemy.vergil.basic.export.test.junit.ExportModelJUnitTestBatch4" name="[79] ptolemy/demo/AirManagementSystem/HeatExchangerTester.xml (RunExportModel)" time="5.908" />
  <testcase classname="ptolemy.vergil.basic.export.test.junit.ExportModelJUnitTestBatch4" name="[80] ptolemy/demo/AirManagementSystem/PhysicalPlantCausalityLoop.xml (RunExportModel)" time="3.455" />
  <testcase classname="ptolemy.vergil.basic.export.test.junit.ExportModelJUnitTestBatch4" name="[81] ptolemy/demo/BrakeByWire/BrakeByWire.xml (RunExportModel)" time="6.259" />
  <testcase classname="ptolemy.vergil.basic.export.test.junit.ExportModelJUnitTestBatch4" name="[82] ptolemy/demo/CapeCode/CapeCode.xml (RunExportModel)" time="3.109" />
  <testcase classname="ptolemy.vergil.basic.export.test.junit.ExportModelJUnitTestBatch4" name="[83] ptolemy/demo/CapeCode/CapeCode1.xml (RunExportModel)" time="47.516" />
  <testcase classname="ptolemy.vergil.basic.export.test.junit.ExportModelJUnitTestBatch4" name="[84] ptolemy/demo/CapeCode/CapeCode2.xml (RunExportModel)" time="44.217" />
  <system-out><![CDATA[ExportModeJUnitTestBatch: There are 744 demos. Exporting demos: 276 to 360.
####### 1 Sat Oct 17 16:22:26 UTC 2020 $PTII/bin/ptinvoke ptolemy.vergil.basic.export.ExportModel -force htm -run -openComposites -timeOut 30000 -whiteBackground ptolemy/actor/ptalon/demo/GameOfLife/GameOfLife.xml $PTII/ptolemy/actor/ptalon/demo/GameOfLife/GameOfLife
Running .GameOfLife
ExportHTMLTimer went off after 30000 ms., calling getDirector().finish and getDirector().stopFire()
30384 ms. Memory: 155648K Free: 117246K (75%)
Exported /home/travis/build/icyphy/ptII/ptolemy/actor/ptalon/demo/GameOfLife/GameOfLife/index.html
38367 ms. Memory: 155648K Free: 64036K (41%)
####### 2 Sat Oct 17 16:23:04 UTC 2020 $PTII/bin/ptinvoke ptolemy.vergil.basic.export.ExportModel -force htm -run -openComposites -timeOut 30000 -whiteBackground ptolemy/actor/ptalon/demo/MapReduce/MapReduce.xml $PTII/ptolemy/actor/ptalon/demo/MapReduce/MapReduce
Running .MapReduce
253 ms. Memory: 155648K Free: 54289K (35%)
Exported /home/travis/build/icyphy/ptII/ptolemy/actor/ptalon/demo/MapReduce/MapReduce/index.html
6702 ms. Memory: 155648K Free: 113064K (73%)
####### 3 Sat Oct 17 16:23:11 UTC 2020 $PTII/bin/ptinvoke ptolemy.vergil.basic.export.ExportModel -force htm -run -openComposites -timeOut 30000 -whiteBackground ptolemy/actor/ptalon/demo/ModelChange/ModelChange.xml $PTII/ptolemy/actor/ptalon/demo/ModelChange/ModelChange
Running .ModelChange
36 ms. Memory: 155648K Free: 33265K (21%)
Exported /home/travis/build/icyphy/ptII/ptolemy/actor/ptalon/demo/ModelChange/ModelChange/index.html
4388 ms. Memory: 155648K Free: 60391K (39%)
####### 4 Sat Oct 17 16:23:16 UTC 2020 $PTII/bin/ptinvoke ptolemy.vergil.basic.export.ExportModel -force htm -run -openComposites -timeOut 30000 -whiteBackground ptolemy/actor/ptalon/demo/SmallWorld/ParameterSweepSmallWorldFSM.xml $PTII/ptolemy/actor/ptalon/demo/SmallWorld/ParameterSweepSmallWorldFSM
Running .ParameterSweepSmallWorldFSM
365 ms. Memory: 225280K Free: 112029K (50%)
ExportHTMLTimer went off after 30000 ms., calling getDirector().finish and getDirector().stopFire()
30001 ms. Memory: 605184K Free: 397040K (66%)
Exported /home/travis/build/icyphy/ptII/ptolemy/actor/ptalon/demo/SmallWorld/ParameterSweepSmallWorldFSM/index.html
36070 ms. Memory: 605184K Free: 334008K (55%)
####### 5 Sat Oct 17 16:23:52 UTC 2020 $PTII/bin/ptinvoke ptolemy.vergil.basic.export.ExportModel -force htm -run -openComposites -timeOut 30000 -whiteBackground ptolemy/actor/ptalon/demo/SmallWorld/ParameterSweepSmallWorldSDF.xml $PTII/ptolemy/actor/ptalon/demo/SmallWorld/ParameterSweepSmallWorldSDF
Running .ParameterSweepSmallWorldSDF
195 ms. Memory: 605184K Free: 345332K (57%)
175 ms. Memory: 605184K Free: 221938K (37%)
110 ms. Memory: 605184K Free: 439538K (73%)
161 ms. Memory: 605184K Free: 315634K (52%)
1189 ms. Memory: 605184K Free: 315634K (52%)
Exported /home/travis/build/icyphy/ptII/ptolemy/actor/ptalon/demo/SmallWorld/ParameterSweepSmallWorldSDF/index.html
6734 ms. Memory: 605184K Free: 280772K (46%)
####### 6 Sat Oct 17 16:23:58 UTC 2020 $PTII/bin/ptinvoke ptolemy.vergil.basic.export.ExportModel -force htm -run -openComposites -timeOut 30000 -whiteBackground ptolemy/actor/ptalon/demo/SmallWorld/SmallWorld.xml $PTII/ptolemy/actor/ptalon/demo/SmallWorld/SmallWorld
Running .SmallWorld
1
1
1
1
1
1
1
1
1
2
2
2
2
2
2
2
2
3
3
3
3
3
3
3
3
3
3
3
3
3
3
4
4
4
4
4
4
4
4
4
5
5
5
5
5
5
6
6
162 ms. Memory: 712704K Free: 475732K (67%)
Exported /home/travis/build/icyphy/ptII/ptolemy/actor/ptalon/demo/SmallWorld/SmallWorld/index.html
5669 ms. Memory: 712704K Free: 354848K (50%)
####### 7 Sat Oct 17 16:24:04 UTC 2020 $PTII/bin/ptinvoke ptolemy.vergil.basic.export.ExportModel -force htm -run -openComposites -timeOut 30000 -whiteBackground ptolemy/actor/ptalon/demo/SmallWorld/SmallWorldMultiInstanceComposite.xml $PTII/ptolemy/actor/ptalon/demo/SmallWorld/SmallWorldMultiInstanceComposite
Running .SmallWorldMultiInstanceComposite
1
1
1
1
1
1
1
1
1
2
2
2
2
2
2
2
2
3
3
3
3
3
3
3
3
3
3
3
3
3
3
4
4
4
4
4
4
4
4
4
5
5
5
5
5
5
6
6
550 ms. Memory: 712704K Free: 356436K (50%)
Exported /home/travis/build/icyphy/ptII/ptolemy/actor/ptalon/demo/SmallWorld/SmallWorldMultiInstanceComposite/index.html
40272 ms. Memory: 712704K Free: 279089K (39%)
####### 8 Sat Oct 17 16:24:44 UTC 2020 $PTII/bin/ptinvoke ptolemy.vergil.basic.export.ExportModel -force htm -run -openComposites -timeOut 30000 -whiteBackground ptolemy/actor/ptalon/demo/SmallWorld/SmallWorldPtalonActor.xml $PTII/ptolemy/actor/ptalon/demo/SmallWorld/SmallWorldPtalonActor
Running .SmallWorldPtalonActor
1
1
1
1
1
1
1
1
1
2
2
2
2
2
2
2
2
3
3
3
3
3
3
3
3
3
3
3
3
3
3
4
4
4
4
4
4
4
4
4
5
5
5
5
5
5
6
6
139 ms. Memory: 712704K Free: 521234K (73%)
Exported /home/travis/build/icyphy/ptII/ptolemy/actor/ptalon/demo/SmallWorld/SmallWorldPtalonActor/index.html
5865 ms. Memory: 712704K Free: 376322K (53%)
####### 9 Sat Oct 17 16:24:50 UTC 2020 $PTII/bin/ptinvoke ptolemy.vergil.basic.export.ExportModel -force htm -run -openComposites -timeOut 30000 -whiteBackground ptolemy/actor/ptalon/demo/Unicycle/Unicycle.xml $PTII/ptolemy/actor/ptalon/demo/Unicycle/Unicycle
Running .Unicycle
614 ms. Memory: 712704K Free: 346634K (49%)
Exported /home/travis/build/icyphy/ptII/ptolemy/actor/ptalon/demo/Unicycle/Unicycle/index.html
4917 ms. Memory: 712704K Free: 261610K (37%)
####### 10 Sat Oct 17 16:24:55 UTC 2020 $PTII/bin/ptinvoke ptolemy.vergil.basic.export.ExportModel -force htm  -openComposites -timeOut 30000 -whiteBackground ptolemy/actor/ptalon/gt/demo/Adder/Adder.xml $PTII/ptolemy/actor/ptalon/gt/demo/Adder/Adder
Warning: not running ptolemy/actor/ptalon/gt/demo/Adder/Adder.xml. See ptolemy/vergil/basic/export/test/junit/ExportModelJUnitTest.java
Exported /home/travis/build/icyphy/ptII/ptolemy/actor/ptalon/gt/demo/Adder/Adder/index.html
3727 ms. Memory: 712704K Free: 296920K (42%)
####### 11 Sat Oct 17 16:24:59 UTC 2020 $PTII/bin/ptinvoke ptolemy.vergil.basic.export.ExportModel -force htm -run -openComposites -timeOut 30000 -whiteBackground ptolemy/caltrop/demo/FunctionClosures/FunctionClosures.xml $PTII/ptolemy/caltrop/demo/FunctionClosures/FunctionClosures
Running .FunctionClosures
41 ms. Memory: 712704K Free: 176634K (25%)
Exported /home/travis/build/icyphy/ptII/ptolemy/caltrop/demo/FunctionClosures/FunctionClosures/index.html
5293 ms. Memory: 712704K Free: 569343K (80%)
####### 12 Sat Oct 17 16:25:04 UTC 2020 $PTII/bin/ptinvoke ptolemy.vergil.basic.export.ExportModel -force htm -run -openComposites -timeOut 30000 -whiteBackground ptolemy/caltrop/demo/FunctionDefinition/FunctionDefinition.xml $PTII/ptolemy/caltrop/demo/FunctionDefinition/FunctionDefinition
Running .FunctionDefinition
26 ms. Memory: 712704K Free: 452602K (64%)
Exported /home/travis/build/icyphy/ptII/ptolemy/caltrop/demo/FunctionDefinition/FunctionDefinition/index.html
4716 ms. Memory: 712704K Free: 414711K (58%)
####### 13 Sat Oct 17 16:25:09 UTC 2020 $PTII/bin/ptinvoke ptolemy.vergil.basic.export.ExportModel -force htm -run -openComposites -timeOut 30000 -whiteBackground ptolemy/caltrop/demo/Primes/Primes.xml $PTII/ptolemy/caltrop/demo/Primes/Primes
Running .Primes
17 ms. Memory: 712704K Free: 306178K (43%)
Exported /home/travis/build/icyphy/ptII/ptolemy/caltrop/demo/Primes/Primes/index.html
4374 ms. Memory: 712704K Free: 255479K (36%)
####### 14 Sat Oct 17 16:25:13 UTC 2020 $PTII/bin/ptinvoke ptolemy.vergil.basic.export.ExportModel -force htm -run -openComposites -timeOut 30000 -whiteBackground ptolemy/caltrop/demo/SDFDDI/SDFDDI.xml $PTII/ptolemy/caltrop/demo/SDFDDI/SDFDDI
Running .SDFDDI
156 ms. Memory: 712704K Free: 570378K (80%)
Exported /home/travis/build/icyphy/ptII/ptolemy/caltrop/demo/SDFDDI/SDFDDI/index.html
4549 ms. Memory: 712704K Free: 543221K (76%)
####### 15 Sat Oct 17 16:25:18 UTC 2020 $PTII/bin/ptinvoke ptolemy.vergil.basic.export.ExportModel -force htm -run -openComposites -timeOut 30000 -whiteBackground ptolemy/cg/adapter/generic/html/demo/HierarchicalModel/HierarchicalModel.xml $PTII/ptolemy/cg/adapter/generic/html/demo/HierarchicalModel/HierarchicalModel
Running .HierarchicalModel
ExportHTMLTimer went off after 30000 ms., calling getDirector().finish and getDirector().stopFire()
30004 ms. Memory: 712704K Free: 531451K (75%)
Exported /home/travis/build/icyphy/ptII/ptolemy/cg/adapter/generic/html/demo/HierarchicalModel/HierarchicalModel/index.html
34433 ms. Memory: 712704K Free: 352221K (49%)
####### 16 Sat Oct 17 16:25:52 UTC 2020 $PTII/bin/ptinvoke ptolemy.vergil.basic.export.ExportModel -force htm -run -openComposites -timeOut 30000 -whiteBackground ptolemy/cg/adapter/generic/program/procedural/c/arduino/adapters/ptolemy/vergil/actor/lib/demo/Blink/Blink.xml $PTII/ptolemy/cg/adapter/generic/program/procedural/c/arduino/adapters/ptolemy/vergil/actor/lib/demo/Blink/Blink
Running .Blink
CompiledCompositeActor: Building shared object: The effigy ptolemy.actor.gui.PtolemyEffigy {.configuration.directory.effigy}(model : ptolemy.actor.TypedCompositeActor {.Blink}) says the model was modified and thus it does not matter if the shared object file is newer than the model file because the model file is out of date.
CompiledCompositeActor wrote file:/home/travis/cg/ Blink_EmbeddedCodeActor.java
In "/home/travis/cg", about to execute:
    javac -classpath . Blink_EmbeddedCodeActor.java
In "/home/travis/cg", about to execute:
    rm -f Blink_EmbeddedCodeActor.h
All Done
Not deleting /home/travis/cg/, there might be .class files that we just generated.
CCodeGenerator set the container? : actor.getContainer(): ptolemy.actor.TypedCompositeActor {.Blink} _isTopLevel: false generateEmbeddedCode: true
CCodeGenerator include the container .h? : container.getContainer(): ptolemy.actor.TypedCompositeActor {.Blink} _isTopLevel: false generateEmbeddedCode: true


CCodeGeneratorAdapter: appended to path /usr/local/lib/jvm/openjdk11/bin/client
Reading "ptolemy/cg/kernel/generic/program/procedural/c/jnimakefile.in",
    writing "/home/travis/cg/Blink_EmbeddedCodeActor.mk"
Using ptolemy/cg/kernel/generic/program/procedural/c/jnimakefile.in
In "/home/travis/cg", about to execute:
    make -f Blink_EmbeddedCodeActor.mk
gcc -DPTJNI -D__int64="long long" -Wall  -std=c99 -ggdb  -I /home/travis/cg//_EmbeddedCodeActor -I"/usr/local/lib/jvm/openjdk11/include" -I /home/travis/cg/commons/ -I"/usr/local/lib/jvm/openjdk11/include/linux" -fPIC -shared -o libBlink_EmbeddedCodeActor.so ./Blink_EmbeddedCodeActor_Main.c ./commons/pblhash.c ./commons/_AtomicActor.c ./commons/_IOPort.c ./commons/_Director.c ./commons/_Receiver.c ./commons/_SDFDirector.c ./commons/_LocalClock.c ./commons/pblIterator.c ./commons/pbl.c ./commons/_TypedIOPort.c ./commons/_CompositeActor.c ./commons/pblMap.c ./commons/pblPriorityQueue.c ./commons/_SDFReceiver.c ./commons/pblList.c ./commons/pblHeap.c ./commons/_Actor.c ./commons/_ptTypes.c ./commons/pblCollection.c ./commons/pblSet.c ./_EmbeddedCodeActor/Blink_EmbeddedCodeActor_SDFSchedule.c ./_EmbeddedCodeActor/Blink_EmbeddedCodeActor_EmbeddedActor.c ./_EmbeddedCodeActor/Blink_EmbeddedCodeActor.c -lm -L"" -ljvm
In file included from ./Blink_EmbeddedCodeActor_Main.c:21:0:
./Blink_EmbeddedCodeActor_Main.h:24:21: warning: ‘input’ defined but not used [-Wunused-variable]
 static jobjectArray input;
                     ^
All Done
3210 ms. Memory: 712704K Free: 532090K (75%)
Exported /home/travis/build/icyphy/ptII/ptolemy/cg/adapter/generic/program/procedural/c/arduino/adapters/ptolemy/vergil/actor/lib/demo/Blink/Blink/index.html
7512 ms. Memory: 712704K Free: 479338K (67%)
####### 17 Sat Oct 17 16:26:00 UTC 2020 $PTII/bin/ptinvoke ptolemy.vergil.basic.export.ExportModel -force htm -run -openComposites -timeOut 30000 -whiteBackground ptolemy/cg/adapter/generic/program/procedural/c/arduino/adapters/ptolemy/vergil/actor/lib/demo/Life/Life.xml $PTII/ptolemy/cg/adapter/generic/program/procedural/c/arduino/adapters/ptolemy/vergil/actor/lib/demo/Life/Life
Running .Life
4044 ms. Memory: 712704K Free: 268415K (38%)
Exported /home/travis/build/icyphy/ptII/ptolemy/cg/adapter/generic/program/procedural/c/arduino/adapters/ptolemy/vergil/actor/lib/demo/Life/Life/index.html
9399 ms. Memory: 712704K Free: 231048K (32%)
####### 18 Sat Oct 17 16:26:09 UTC 2020 $PTII/bin/ptinvoke ptolemy.vergil.basic.export.ExportModel -force htm  -openComposites -timeOut 30000 -whiteBackground ptolemy/cg/adapter/generic/program/procedural/c/arduino/adapters/ptolemy/vergil/actor/lib/demo/Ultrasonic/Ultrasonic.xml $PTII/ptolemy/cg/adapter/generic/program/procedural/c/arduino/adapters/ptolemy/vergil/actor/lib/demo/Ultrasonic/Ultrasonic
Warning: not running ptolemy/cg/adapter/generic/program/procedural/c/arduino/adapters/ptolemy/vergil/actor/lib/demo/Ultrasonic/Ultrasonic.xml. See ptolemy/vergil/basic/export/test/junit/ExportModelJUnitTest.java
Exported /home/travis/build/icyphy/ptII/ptolemy/cg/adapter/generic/program/procedural/c/arduino/adapters/ptolemy/vergil/actor/lib/demo/Ultrasonic/Ultrasonic/index.html
3261 ms. Memory: 712704K Free: 488413K (69%)
####### 19 Sat Oct 17 16:26:12 UTC 2020 $PTII/bin/ptinvoke ptolemy.vergil.basic.export.ExportModel -force htm -run -openComposites -timeOut 30000 -whiteBackground ptolemy/cg/kernel/generic/accessor/demo/TestComposite/TestComposite.xml $PTII/ptolemy/cg/kernel/generic/accessor/demo/TestComposite/TestComposite
JSAccessor: PT_NO_NET environment variable is set, so git pull and ptdoc are not being run.
Opened file:/home/travis/build/icyphy/ptII/ptolemy/cg/kernel/generic/accessor/demo/TestComposite/TestComposite.xml in 10119 ms.
Size Statistics for .TestComposite
AtomicEntities: 2
CompositeEntities: 0
OpaqueCompositeEntities: 0
Relations: 3
Attributes: 26
Atomic Actor Names and Counts:
org.terraswarm.accessor.JSAccessor 2

Composite Entity Depths and Counts:

Running .TestComposite
8768 ms. Memory: 712704K Free: 370572K (52%)
Exported /home/travis/build/icyphy/ptII/ptolemy/cg/kernel/generic/accessor/demo/TestComposite/TestComposite/index.html
23119 ms. Memory: 712704K Free: 341888K (48%)
####### 20 Sat Oct 17 16:26:36 UTC 2020 $PTII/bin/ptinvoke ptolemy.vergil.basic.export.ExportModel -force htm -run -openComposites -timeOut 30000 -whiteBackground ptolemy/cg/lib/demo/CompiledCompositeActor/CompiledCompositeActor.xml $PTII/ptolemy/cg/lib/demo/CompiledCompositeActor/CompiledCompositeActor
Running .CompiledCompositeActor
CompiledCompositeActor: Building shared object: The sharedObjectFile has a modification time that is earlier than the modelFile modification time.
Writing CompiledCompositeActor_CompiledCompositeActor.java in file:/home/travis/cg/ (13466 characters)
Reading "ptolemy/cg/kernel/generic/program/procedural/java/makefile.in",
    writing "/home/travis/cg/CompiledCompositeActor_CompiledCompositeActor.mk"
Using ptolemy/cg/kernel/generic/program/procedural/java/makefile.in
In "/home/travis/cg", about to execute:
    make -f CompiledCompositeActor_CompiledCompositeActor.mk
javac -classpath ".:."    CompiledCompositeActor_CompiledCompositeActor.java
All Done
1183 ms. Memory: 712704K Free: 227682K (32%)
Exported /home/travis/build/icyphy/ptII/ptolemy/cg/lib/demo/CompiledCompositeActor/CompiledCompositeActor/index.html
5481 ms. Memory: 712704K Free: 150392K (21%)
####### 21 Sat Oct 17 16:26:41 UTC 2020 $PTII/bin/ptinvoke ptolemy.vergil.basic.export.ExportModel -force htm  -openComposites -timeOut 30000 -whiteBackground ptolemy/cg/lib/demo/DECG/DECG.xml $PTII/ptolemy/cg/lib/demo/DECG/DECG
Warning: not running ptolemy/cg/lib/demo/DECG/DECG.xml. See ptolemy/vergil/basic/export/test/junit/ExportModelJUnitTest.java
Exported /home/travis/build/icyphy/ptII/ptolemy/cg/lib/demo/DECG/DECG/index.html
3219 ms. Memory: 712704K Free: 440192K (62%)
####### 22 Sat Oct 17 16:26:44 UTC 2020 $PTII/bin/ptinvoke ptolemy.vergil.basic.export.ExportModel -force htm -run -openComposites -timeOut 30000 -whiteBackground ptolemy/cg/lib/demo/DECG/DECGClockRamp.xml $PTII/ptolemy/cg/lib/demo/DECG/DECGClockRamp
Running .DECGClockRamp
16 ms. Memory: 712704K Free: 335749K (47%)
Exported /home/travis/build/icyphy/ptII/ptolemy/cg/lib/demo/DECG/DECGClockRamp/index.html
4225 ms. Memory: 712704K Free: 306549K (43%)
####### 23 Sat Oct 17 16:26:48 UTC 2020 $PTII/bin/ptinvoke ptolemy.vergil.basic.export.ExportModel -force htm -run -openComposites -timeOut 30000 -whiteBackground ptolemy/cg/lib/demo/DECG/DECGDelay.xml $PTII/ptolemy/cg/lib/demo/DECG/DECGDelay
Running .DECGDelay
32 ms. Memory: 712704K Free: 205176K (29%)
Exported /home/travis/build/icyphy/ptII/ptolemy/cg/lib/demo/DECG/DECGDelay/index.html
4239 ms. Memory: 712704K Free: 175989K (25%)
####### 24 Sat Oct 17 16:26:53 UTC 2020 $PTII/bin/ptinvoke ptolemy.vergil.basic.export.ExportModel -force htm -run -openComposites -timeOut 30000 -whiteBackground ptolemy/cg/lib/demo/DECG/DECGHelloWorld.xml $PTII/ptolemy/cg/lib/demo/DECG/DECGHelloWorld
Running .DECGHelloWorld
26 ms. Memory: 712704K Free: 486776K (68%)
Exported /home/travis/build/icyphy/ptII/ptolemy/cg/lib/demo/DECG/DECGHelloWorld/index.html
4239 ms. Memory: 712704K Free: 457589K (64%)
####### 25 Sat Oct 17 16:26:57 UTC 2020 $PTII/bin/ptinvoke ptolemy.vergil.basic.export.ExportModel -force htm -run -openComposites -timeOut 30000 -whiteBackground ptolemy/cg/lib/demo/DECG/DECGHeterogeneous.xml $PTII/ptolemy/cg/lib/demo/DECG/DECGHeterogeneous
Running .DECGHeterogeneous
69 ms. Memory: 712704K Free: 297310K (42%)
Exported /home/travis/build/icyphy/ptII/ptolemy/cg/lib/demo/DECG/DECGHeterogeneous/index.html
4326 ms. Memory: 712704K Free: 233323K (33%)
####### 26 Sat Oct 17 16:27:01 UTC 2020 $PTII/bin/ptinvoke ptolemy.vergil.basic.export.ExportModel -force htm -run -openComposites -timeOut 30000 -whiteBackground ptolemy/cg/lib/demo/DECG/DECGHeterogeneousMk2.xml $PTII/ptolemy/cg/lib/demo/DECG/DECGHeterogeneousMk2
Running .DECGHeterogeneousMk2
92 ms. Memory: 712704K Free: 512380K (72%)
Exported /home/travis/build/icyphy/ptII/ptolemy/cg/lib/demo/DECG/DECGHeterogeneousMk2/index.html
4678 ms. Memory: 712704K Free: 270161K (38%)
####### 27 Sat Oct 17 16:27:06 UTC 2020 $PTII/bin/ptinvoke ptolemy.vergil.basic.export.ExportModel -force htm -run -openComposites -timeOut 30000 -whiteBackground ptolemy/cg/lib/demo/DECG/DECGMath.xml $PTII/ptolemy/cg/lib/demo/DECG/DECGMath
Running .DECGMath
15 ms. Memory: 712704K Free: 155514K (22%)
Exported /home/travis/build/icyphy/ptII/ptolemy/cg/lib/demo/DECG/DECGMath/index.html
4229 ms. Memory: 712704K Free: 533359K (75%)
####### 28 Sat Oct 17 16:27:10 UTC 2020 $PTII/bin/ptinvoke ptolemy.vergil.basic.export.ExportModel -force htm -run -openComposites -timeOut 30000 -whiteBackground ptolemy/cg/lib/demo/DECG/DECGPi.xml $PTII/ptolemy/cg/lib/demo/DECG/DECGPi
Running .DECGPi
48 ms. Memory: 712704K Free: 379258K (53%)
Exported /home/travis/build/icyphy/ptII/ptolemy/cg/lib/demo/DECG/DECGPi/index.html
4311 ms. Memory: 712704K Free: 321400K (45%)
####### 29 Sat Oct 17 16:27:14 UTC 2020 $PTII/bin/ptinvoke ptolemy.vergil.basic.export.ExportModel -force htm -run -openComposites -timeOut 30000 -whiteBackground ptolemy/cg/lib/demo/DECG/DECGPiSquare.xml $PTII/ptolemy/cg/lib/demo/DECG/DECGPiSquare
Running .DECGPiSquare
139 ms. Memory: 712704K Free: 173450K (24%)
Exported /home/travis/build/icyphy/ptII/ptolemy/cg/lib/demo/DECG/DECGPiSquare/index.html
4359 ms. Memory: 712704K Free: 124802K (18%)
####### 30 Sat Oct 17 16:27:19 UTC 2020 $PTII/bin/ptinvoke ptolemy.vergil.basic.export.ExportModel -force htm -run -openComposites -timeOut 30000 -whiteBackground ptolemy/cg/lib/demo/DECG/DECGPoisson.xml $PTII/ptolemy/cg/lib/demo/DECG/DECGPoisson
Running .DECGPoisson
14 ms. Memory: 712704K Free: 451526K (63%)
Exported /home/travis/build/icyphy/ptII/ptolemy/cg/lib/demo/DECG/DECGPoisson/index.html
4212 ms. Memory: 712704K Free: 422464K (59%)
####### 31 Sat Oct 17 16:27:23 UTC 2020 $PTII/bin/ptinvoke ptolemy.vergil.basic.export.ExportModel -force htm -run -openComposites -timeOut 30000 -whiteBackground ptolemy/cg/lib/demo/ModularCGPubSub/ModularCGPubSub.xml $PTII/ptolemy/cg/lib/demo/ModularCGPubSub/ModularCGPubSub
Running .ModularCGPubSub
In "/home/travis/cg", about to execute:
    pwd
In "/home/travis/cg", about to execute:
    ls -l
In "/home/travis/cg", about to execute:
    javac -classpath
.:/home/travis/build/icyphy/ptII:/home/travis/build/icyphy/ptII/lib/bsh-2.0b4.j
ar:/home/travis/build/icyphy/ptII/lib/ptCal.jar:/home/travis/build/icyphy/ptII/
lib/java_cup.jar:/home/travis/build/icyphy/ptII/lib/saxon8.jar:/home/travis/bui
ld/icyphy/ptII/lib/saxon8-dom.jar:/home/travis/build/icyphy/ptII/lib/chic.jar:/
home/travis/build/icyphy/ptII/lib/ptcolt.jar:/home/travis/build/icyphy/ptII/ven
dors/misc/itext/iText.jar:/home/travis/build/icyphy/ptII/lib/g4ltl.jar:/home/tr
avis/build/icyphy/ptII/lib/StructuralCoder.jar:/home/travis/build/icyphy/ptII/l
ib/jcerti.jar:/home/travis/build/icyphy/ptII/lib/javax.mail.jar:/home/travis/bu
ild/icyphy/ptII/vendors/JMF-2.1.1e/lib/jmf.jar:/home/travis/build/icyphy/ptII/l
ib/jna-4.0.0-variadic.jar:/home/travis/build/icyphy/ptII/vendors/misc/joystick/
Joystick.jar:/home/travis/build/icyphy/ptII/lib/ptjacl.jar:/home/travis/build/i
cyphy/ptII/lib/jsoup-1.8.2.jar:/home/travis/build/icyphy/ptII/lib/junit-4.8.2.j
ar:/home/travis/build/icyphy/ptII/lib/JUnitParams-0.4.0.jar:/home/travis/build/
icyphy/ptII/ptolemy/actor/lib/excel/jxl.jar:/home/travis/build/icyphy/ptII/lib/
jython.jar:/home/travis/build/icyphy/ptII/lib/kieler.jar:/home/travis/build/icy
phy/ptII/vendors/opencv/share/OpenCV/java/opencv-341.jar:/home/travis/build/icy
phy/ptII/lib/oscP5.jar:/home/travis/build/icyphy/ptII/lib/nrjavaserial-3.11.0.d
evel.jar:/home/travis/build/icyphy/ptII/vendors/j3d/lib/Linux/j3dcore.jar:/home
/travis/build/icyphy/ptII/vendors/j3d/lib/Linux/j3dutils.jar:/home/travis/build
/icyphy/ptII/vendors/j3d/lib/Linux/vecmath.jar:/home/travis/build/icyphy/ptII/v
endors/jogl/lib/Linux/gluegen-rt-natives-linux-amd64.jar:/home/travis/build/icy
phy/ptII/vendors/jogl/lib/Linux/gluegen-rt.jar:/home/travis/build/icyphy/ptII/v
endors/jogl/lib/Linux/jogl-all-natives-linux-amd64.jar:/home/travis/build/icyph
y/ptII/vendors/jogl/lib/Linux/jogl-all.jar:/home/travis/build/icyphy/ptII/ptole
my/distributed/jini/jar/jini-core.jar:/home/travis/build/icyphy/ptII/ptolemy/di
stributed/jini/jar/jini-ext.jar:/home/travis/build/icyphy/ptII/ptolemy/distribu
ted/jini/jar/sun-util.jar:/home/travis/build/icyphy/ptII/lib/protobuf-java-2.4.
1.jar:/home/travis/build/icyphy/ptII/lib/org.eclipse.paho.client.mqttv3.jar:/ho
me/travis/build/icyphy/ptII/lib/mapss.jar:/home/travis/build/icyphy/ptII/ptolem
y/actor/ptalon/antlr/antlr.jar:/home/travis/build/icyphy/ptII/lib/JRI.jar:/home
/travis/build/icyphy/ptII/lib/commons-lang-2.6.jar:/home/travis/build/icyphy/pt
II/lib/commons-logging-1.1.1.jar:/home/travis/build/icyphy/ptII/lib/sootclasses
.jar:/home/travis/build/icyphy/ptII/ptolemy/actor/lib/database/mysql-connector-
java-5.1.6-bin.jar:/home/travis/build/icyphy/ptII/vendors/misc/sphinx4/sphinx4-
data-5prealpha.jar:/home/travis/build/icyphy/ptII/vendors/misc/sphinx4/sphinx4-
core-5prealpha.jar:/home/travis/build/icyphy/ptII/lib/PDFRenderer.jar:/home/tra
vis/build/icyphy/ptII/lib/svgSalamander.jar:/home/travis/build/icyphy/ptII/lib/
rsyntaxtextarea-2.6.0-SNAPSHOT.jar:/home/travis/build/icyphy/ptII/lib/hazelcast
-3.8.2.jar:/home/travis/build/icyphy/ptII/lib/jackson-annotations-2.9.0.jar:/ho
me/travis/build/icyphy/ptII/lib/jackson-core-2.9.3.jar:/home/travis/build/icyph
y/ptII/lib/jackson-databind-2.9.3.jar:/home/travis/build/icyphy/ptII/lib/netty-
buffer-4.1.19.Final.jar:/home/travis/build/icyphy/ptII/lib/netty-codec-4.1.19.F
inal.jar:/home/travis/build/icyphy/ptII/lib/netty-codec-dns-4.1.19.Final.jar:/h
ome/travis/build/icyphy/ptII/lib/netty-codec-http-4.1.19.Final.jar:/home/travis
/build/icyphy/ptII/lib/netty-codec-http2-4.1.19.Final.jar:/home/travis/build/ic
yphy/ptII/lib/netty-common-4.1.19.Final.jar:/home/travis/build/icyphy/ptII/lib/
netty-handler-4.1.19.Final.jar:/home/travis/build/icyphy/ptII/lib/netty-resolve
r-4.1.19.Final.jar:/home/travis/build/icyphy/ptII/lib/netty-resolver-dns-4.1.19
.Final.jar:/home/travis/build/icyphy/ptII/lib/netty-transport-4.1.19.Final.jar:
/home/travis/build/icyphy/ptII/lib/vertx-codegen-3.5.1.jar:/home/travis/build/i
cyphy/ptII/lib/vertx-core-3.5.2-SNAPSHOT.jar:/home/travis/build/icyphy/ptII/lib
/vertx-hazelcast-3.5.1.jar:/home/travis/build/icyphy/ptII/lib/vertx-lang-js-3.5
.1.jar:/home/travis/build/icyphy/ptII/lib/vertx-service-proxy-3.5.1.jar:/home/t
ravis/build/icyphy/ptII/lib/vertx-web-3.5.1.jar:/home/travis/build/icyphy/ptII/
lib/slf4j-api-1.7.13.jar:/home/travis/build/icyphy/ptII/lib/slf4j-simple-1.7.13
.jar:/home/travis/build/icyphy/ptII/lib/webcam-capture-0.3.12.jar:/home/travis/
build/icyphy/ptII/lib/bridj-0.7.0.jar:/home/travis/build/icyphy/ptII/lib/xbjlib
-1.1.0.nrjavaserial.jar:/home/travis/build/icyphy/ptII/ptolemy/moml/test:/home/
travis/build/icyphy/ptII/ant/lib/ant-launcher.jar:/home/travis/build/icyphy/ptI
I/ant/lib/ant.jar:/home/travis/build/icyphy/ptII/ant/lib/ant-junit.jar:/home/tr
avis/build/icyphy/ptII/ant/lib/ant-junit4.jar:/home/travis/build/icyphy/ptII
ModularCGPubSub_A1_A2_profile.java
/home/travis/cg
total 396
-rw-rw-r-- 1 travis travis    476 Oct 17 16:25 Blink_EmbeddedCodeActor.class
-rw-rw-r-- 1 travis travis    270 Oct 17 16:25 Blink_EmbeddedCodeActor.java
-rw-rw-r-- 1 travis travis   2870 Oct 17 16:25 Blink_EmbeddedCodeActor_Main.c
-rw-rw-r-- 1 travis travis   1596 Oct 17 16:25 Blink_EmbeddedCodeActor_Main.h
-rw-rw-r-- 1 travis travis   1797 Oct 17 16:25 Blink_EmbeddedCodeActor.mk
drwxrwxr-x 2 travis travis   4096 Oct 17 16:25 commons
-rw-rw-r-- 1 travis travis   5128 Oct 17 16:26 CompiledCompositeActor_CompiledCompositeActor.class
-rw-rw-r-- 1 travis travis   1611 Oct 17 16:26 CompiledCompositeActor_CompiledCompositeActor$_CompiledCompositeActor_CompiledCompositeActor.class
-rw-rw-r-- 1 travis travis  13466 Oct 17 16:26 CompiledCompositeActor_CompiledCompositeActor.java
-rw-rw-r-- 1 travis travis   1593 Oct 17 16:26 CompiledCompositeActor_CompiledCompositeActor.mk
drwxrwxr-x 2 travis travis   4096 Oct 17 16:25 _EmbeddedCodeActor
-rwxrwxr-x 1 travis travis 328800 Oct 17 16:25 libBlink_EmbeddedCodeActor.so
-rw-rw-r-- 1 travis travis   1222 Oct 17 16:27 ModularCGPubSub_A1_A2_profile.java
-rw-rw-r-- 1 travis travis    432 Oct 17 16:26 Token.class
-rw-rw-r-- 1 travis travis    251 Oct 17 16:26 Token.java
All Done
Writing ModularCGPubSub_A1_A2.java in file:/home/travis/cg/ (9076 characters)
Reading "ptolemy/cg/kernel/generic/program/procedural/java/modular/makefile.in",
    writing "/home/travis/cg/ModularCGPubSub_A1_A2.mk"
Using ptolemy/cg/kernel/generic/program/procedural/java/modular/makefile.in
In "/home/travis/cg", about to execute:
    make -f ModularCGPubSub_A1_A2.mk
javac -classpath ".:.."    ModularCGPubSub_A1_A2.java
All Done
In "/home/travis/cg", about to execute:
    pwd
In "/home/travis/cg", about to execute:
    ls -l
/home/travis/cg
In "/home/travis/cg", about to execute:
    javac -classpath
.:/home/travis/build/icyphy/ptII:/home/travis/build/icyphy/ptII/lib/bsh-2.0b4.j
ar:/home/travis/build/icyphy/ptII/lib/ptCal.jar:/home/travis/build/icyphy/ptII/
lib/java_cup.jar:/home/travis/build/icyphy/ptII/lib/saxon8.jar:/home/travis/bui
ld/icyphy/ptII/lib/saxon8-dom.jar:/home/travis/build/icyphy/ptII/lib/chic.jar:/
home/travis/build/icyphy/ptII/lib/ptcolt.jar:/home/travis/build/icyphy/ptII/ven
dors/misc/itext/iText.jar:/home/travis/build/icyphy/ptII/lib/g4ltl.jar:/home/tr
avis/build/icyphy/ptII/lib/StructuralCoder.jar:/home/travis/build/icyphy/ptII/l
ib/jcerti.jar:/home/travis/build/icyphy/ptII/lib/javax.mail.jar:/home/travis/bu
ild/icyphy/ptII/vendors/JMF-2.1.1e/lib/jmf.jar:/home/travis/build/icyphy/ptII/l
ib/jna-4.0.0-variadic.jar:/home/travis/build/icyphy/ptII/vendors/misc/joystick/
Joystick.jar:/home/travis/build/icyphy/ptII/lib/ptjacl.jar:/home/travis/build/i
cyphy/ptII/lib/jsoup-1.8.2.jar:/home/travis/build/icyphy/ptII/lib/junit-4.8.2.j
ar:/home/travis/build/icyphy/ptII/lib/JUnitParams-0.4.0.jar:/home/travis/build/
icyphy/ptII/ptolemy/actor/lib/excel/jxl.jar:/home/travis/build/icyphy/ptII/lib/
jython.jar:/home/travis/build/icyphy/ptII/lib/kieler.jar:/home/travis/build/icy
phy/ptII/vendors/opencv/share/OpenCV/java/opencv-341.jar:/home/travis/build/icy
phy/ptII/lib/oscP5.jar:/home/travis/build/icyphy/ptII/lib/nrjavaserial-3.11.0.d
evel.jar:/home/travis/build/icyphy/ptII/vendors/j3d/lib/Linux/j3dcore.jar:/home
/travis/build/icyphy/ptII/vendors/j3d/lib/Linux/j3dutils.jar:/home/travis/build
/icyphy/ptII/vendors/j3d/lib/Linux/vecmath.jar:/home/travis/build/icyphy/ptII/v
endors/jogl/lib/Linux/gluegen-rt-natives-linux-amd64.jar:/home/travis/build/icy
phy/ptII/vendors/jogl/lib/Linux/gluegen-rt.jar:/home/travis/build/icyphy/ptII/v
endors/jogl/lib/Linux/jogl-all-natives-linux-amd64.jar:/home/travis/build/icyph
y/ptII/vendors/jogl/lib/Linux/jogl-all.jar:/home/travis/build/icyphy/ptII/ptole
my/distributed/jini/jar/jini-core.jar:/home/travis/build/icyphy/ptII/ptolemy/di
stributed/jini/jar/jini-ext.jar:/home/travis/build/icyphy/ptII/ptolemy/distribu
ted/jini/jar/sun-util.jar:/home/travis/build/icyphy/ptII/lib/protobuf-java-2.4.
1.jar:/home/travis/build/icyphy/ptII/lib/org.eclipse.paho.client.mqttv3.jar:/ho
me/travis/build/icyphy/ptII/lib/mapss.jar:/home/travis/build/icyphy/ptII/ptolem
y/actor/ptalon/antlr/antlr.jar:/home/travis/build/icyphy/ptII/lib/JRI.jar:/home
/travis/build/icyphy/ptII/lib/commons-lang-2.6.jar:/home/travis/build/icyphy/pt
II/lib/commons-logging-1.1.1.jar:/home/travis/build/icyphy/ptII/lib/sootclasses
.jar:/home/travis/build/icyphy/ptII/ptolemy/actor/lib/database/mysql-connector-
java-5.1.6-bin.jar:/home/travis/build/icyphy/ptII/vendors/misc/sphinx4/sphinx4-
data-5prealpha.jar:/home/travis/build/icyphy/ptII/vendors/misc/sphinx4/sphinx4-
core-5prealpha.jar:/home/travis/build/icyphy/ptII/lib/PDFRenderer.jar:/home/tra
vis/build/icyphy/ptII/lib/svgSalamander.jar:/home/travis/build/icyphy/ptII/lib/
rsyntaxtextarea-2.6.0-SNAPSHOT.jar:/home/travis/build/icyphy/ptII/lib/hazelcast
-3.8.2.jar:/home/travis/build/icyphy/ptII/lib/jackson-annotations-2.9.0.jar:/ho
me/travis/build/icyphy/ptII/lib/jackson-core-2.9.3.jar:/home/travis/build/icyph
y/ptII/lib/jackson-databind-2.9.3.jar:/home/travis/build/icyphy/ptII/lib/netty-
buffer-4.1.19.Final.jar:/home/travis/build/icyphy/ptII/lib/netty-codec-4.1.19.F
inal.jar:/home/travis/build/icyphy/ptII/lib/netty-codec-dns-4.1.19.Final.jar:/h
ome/travis/build/icyphy/ptII/lib/netty-codec-http-4.1.19.Final.jar:/home/travis
/build/icyphy/ptII/lib/netty-codec-http2-4.1.19.Final.jar:/home/travis/build/ic
yphy/ptII/lib/netty-common-4.1.19.Final.jar:/home/travis/build/icyphy/ptII/lib/
netty-handler-4.1.19.Final.jar:/home/travis/build/icyphy/ptII/lib/netty-resolve
r-4.1.19.Final.jar:/home/travis/build/icyphy/ptII/lib/netty-resolver-dns-4.1.19
.Final.jar:/home/travis/build/icyphy/ptII/lib/netty-transport-4.1.19.Final.jar:
/home/travis/build/icyphy/ptII/lib/vertx-codegen-3.5.1.jar:/home/travis/build/i
cyphy/ptII/lib/vertx-core-3.5.2-SNAPSHOT.jar:/home/travis/build/icyphy/ptII/lib
/vertx-hazelcast-3.5.1.jar:/home/travis/build/icyphy/ptII/lib/vertx-lang-js-3.5
.1.jar:/home/travis/build/icyphy/ptII/lib/vertx-service-proxy-3.5.1.jar:/home/t
ravis/build/icyphy/ptII/lib/vertx-web-3.5.1.jar:/home/travis/build/icyphy/ptII/
lib/slf4j-api-1.7.13.jar:/home/travis/build/icyphy/ptII/lib/slf4j-simple-1.7.13
.jar:/home/travis/build/icyphy/ptII/lib/webcam-capture-0.3.12.jar:/home/travis/
build/icyphy/ptII/lib/bridj-0.7.0.jar:/home/travis/build/icyphy/ptII/lib/xbjlib
-1.1.0.nrjavaserial.jar:/home/travis/build/icyphy/ptII/ptolemy/moml/test:/home/
travis/build/icyphy/ptII/ant/lib/ant-launcher.jar:/home/travis/build/icyphy/ptI
I/ant/lib/ant.jar:/home/travis/build/icyphy/ptII/ant/lib/ant-junit.jar:/home/tr
avis/build/icyphy/ptII/ant/lib/ant-junit4.jar:/home/travis/build/icyphy/ptII
ModularCGPubSub_A1_profile.java
total 424
-rw-rw-r-- 1 travis travis    476 Oct 17 16:25 Blink_EmbeddedCodeActor.class
-rw-rw-r-- 1 travis travis    270 Oct 17 16:25 Blink_EmbeddedCodeActor.java
-rw-rw-r-- 1 travis travis   2870 Oct 17 16:25 Blink_EmbeddedCodeActor_Main.c
-rw-rw-r-- 1 travis travis   1596 Oct 17 16:25 Blink_EmbeddedCodeActor_Main.h
-rw-rw-r-- 1 travis travis   1797 Oct 17 16:25 Blink_EmbeddedCodeActor.mk
drwxrwxr-x 2 travis travis   4096 Oct 17 16:25 commons
-rw-rw-r-- 1 travis travis   5128 Oct 17 16:26 CompiledCompositeActor_CompiledCompositeActor.class
-rw-rw-r-- 1 travis travis   1611 Oct 17 16:26 CompiledCompositeActor_CompiledCompositeActor$_CompiledCompositeActor_CompiledCompositeActor.class
-rw-rw-r-- 1 travis travis  13466 Oct 17 16:26 CompiledCompositeActor_CompiledCompositeActor.java
-rw-rw-r-- 1 travis travis   1593 Oct 17 16:26 CompiledCompositeActor_CompiledCompositeActor.mk
drwxrwxr-x 2 travis travis   4096 Oct 17 16:25 _EmbeddedCodeActor
-rwxrwxr-x 1 travis travis 328800 Oct 17 16:25 libBlink_EmbeddedCodeActor.so
-rw-rw-r-- 1 travis travis   3705 Oct 17 16:27 ModularCGPubSub_A1_A2.class
-rw-rw-r-- 1 travis travis   9076 Oct 17 16:27 ModularCGPubSub_A1_A2.java
-rw-rw-r-- 1 travis travis    880 Oct 17 16:27 ModularCGPubSub_A1_A2.mk
-rw-rw-r-- 1 travis travis   1300 Oct 17 16:27 ModularCGPubSub_A1_A2_profile.class
-rw-rw-r-- 1 travis travis   1222 Oct 17 16:27 ModularCGPubSub_A1_A2_profile.java
-rw-rw-r-- 1 travis travis   1388 Oct 17 16:27 ModularCGPubSub_A1_profile.java
-rw-rw-r-- 1 travis travis    432 Oct 17 16:27 Token.class
-rw-rw-r-- 1 travis travis    251 Oct 17 16:27 Token.java
All Done
Writing ModularCGPubSub_A1.java in file:/home/travis/cg/ (9836 characters)
Reading "ptolemy/cg/kernel/generic/program/procedural/java/modular/makefile.in",
    writing "/home/travis/cg/ModularCGPubSub_A1.mk"
Using ptolemy/cg/kernel/generic/program/procedural/java/modular/makefile.in
In "/home/travis/cg", about to execute:
    make -f ModularCGPubSub_A1.mk
javac -classpath ".:.."    ModularCGPubSub_A1.java
All Done
5769 ms. Memory: 712704K Free: 355212K (50%)
Exported /home/travis/build/icyphy/ptII/ptolemy/cg/lib/demo/ModularCGPubSub/ModularCGPubSub/index.html
12587 ms. Memory: 712704K Free: 265079K (37%)
####### 32 Sat Oct 17 16:27:36 UTC 2020 $PTII/bin/ptinvoke ptolemy.vergil.basic.export.ExportModel -force htm  -openComposites -timeOut 30000 -whiteBackground ptolemy/cg/lib/demo/Scale/Scale.xml $PTII/ptolemy/cg/lib/demo/Scale/Scale
Warning: not running ptolemy/cg/lib/demo/Scale/Scale.xml. See ptolemy/vergil/basic/export/test/junit/ExportModelJUnitTest.java
Exported /home/travis/build/icyphy/ptII/ptolemy/cg/lib/demo/Scale/Scale/index.html
3168 ms. Memory: 712704K Free: 155522K (22%)
####### 33 Sat Oct 17 16:27:39 UTC 2020 $PTII/bin/ptinvoke ptolemy.vergil.basic.export.ExportModel -force htm  -openComposites -timeOut 30000 -whiteBackground ptolemy/cg/lib/demo/Scale/ScaleC.xml $PTII/ptolemy/cg/lib/demo/Scale/ScaleC
Warning: not running ptolemy/cg/lib/demo/Scale/ScaleC.xml. See ptolemy/vergil/basic/export/test/junit/ExportModelJUnitTest.java
Exported /home/travis/build/icyphy/ptII/ptolemy/cg/lib/demo/Scale/ScaleC/index.html
3260 ms. Memory: 712704K Free: 451430K (63%)
####### 34 Sat Oct 17 16:27:42 UTC 2020 $PTII/bin/ptinvoke ptolemy.vergil.basic.export.ExportModel -force htm -run -openComposites -timeOut 30000 -whiteBackground ptolemy/cg/lib/demo/Scale/ScaleCFlat.xml $PTII/ptolemy/cg/lib/demo/Scale/ScaleCFlat
Running .ScaleCFlat
69 ms. Memory: 712704K Free: 323436K (45%)
Exported /home/travis/build/icyphy/ptII/ptolemy/cg/lib/demo/Scale/ScaleCFlat/index.html
4271 ms. Memory: 712704K Free: 296821K (42%)
####### 35 Sat Oct 17 16:27:46 UTC 2020 $PTII/bin/ptinvoke ptolemy.vergil.basic.export.ExportModel -force htm -run -openComposites -timeOut 30000 -whiteBackground ptolemy/cg/lib/demo/Scale/ScaleJava.xml $PTII/ptolemy/cg/lib/demo/Scale/ScaleJava
Running .ScaleJava
CompiledCompositeActor: Building shared object: The sharedObjectFile has a modification time that is earlier than the modelFile modification time.
Writing ScaleJava_EmbeddedActor.java in file:/home/travis/cg/ (9330 characters)
Reading "ptolemy/cg/kernel/generic/program/procedural/java/makefile.in",
    writing "/home/travis/cg/ScaleJava_EmbeddedActor.mk"
Using ptolemy/cg/kernel/generic/program/procedural/java/makefile.in
In "/home/travis/cg", about to execute:
    make -f ScaleJava_EmbeddedActor.mk
javac -classpath ".:."    ScaleJava_EmbeddedActor.java
All Done
1156 ms. Memory: 712704K Free: 172874K (24%)
Exported /home/travis/build/icyphy/ptII/ptolemy/cg/lib/demo/Scale/ScaleJava/index.html
5304 ms. Memory: 712704K Free: 145240K (20%)
####### 36 Sat Oct 17 16:27:52 UTC 2020 $PTII/bin/ptinvoke ptolemy.vergil.basic.export.ExportModel -force htm -run -openComposites -timeOut 30000 -whiteBackground ptolemy/configs/doc/ClassesIllustrated.xml $PTII/ptolemy/configs/doc/ClassesIllustrated
Running .ClassesIllustrated
0 ms. Memory: 712704K Free: 408533K (57%)
Exported /home/travis/build/icyphy/ptII/ptolemy/configs/doc/ClassesIllustrated/index.html
4397 ms. Memory: 712704K Free: 211416K (30%)
####### 37 Sat Oct 17 16:27:56 UTC 2020 $PTII/bin/ptinvoke ptolemy.vergil.basic.export.ExportModel -force htm -run -openComposites -timeOut 30000 -whiteBackground ptolemy/data/ontologies/demo/CarTracking/CarTracking.xml $PTII/ptolemy/data/ontologies/demo/CarTracking/CarTracking
Running .CarTracking
3311 ms. Memory: 712704K Free: 151303K (21%)
Exported /home/travis/build/icyphy/ptII/ptolemy/data/ontologies/demo/CarTracking/CarTracking/index.html
8956 ms. Memory: 712704K Free: 379645K (53%)
####### 38 Sat Oct 17 16:28:05 UTC 2020 $PTII/bin/ptinvoke ptolemy.vergil.basic.export.ExportModel -force htm -run -openComposites -timeOut 30000 -whiteBackground ptolemy/data/ontologies/demo/ConstAbstractInterpretation/ConstAbstractInterpretation.xml $PTII/ptolemy/data/ontologies/demo/ConstAbstractInterpretation/ConstAbstractInterpretation
Running .ConstAbstractInterpretation
338 ms. Memory: 712704K Free: 143111K (20%)
Exported /home/travis/build/icyphy/ptII/ptolemy/data/ontologies/demo/ConstAbstractInterpretation/ConstAbstractInterpretation/index.html
4568 ms. Memory: 712704K Free: 89335K (13%)
####### 39 Sat Oct 17 16:28:10 UTC 2020 $PTII/bin/ptinvoke ptolemy.vergil.basic.export.ExportModel -force htm  -openComposites -timeOut 30000 -whiteBackground ptolemy/data/ontologies/demo/ConstAbstractInterpretationObservable/ConstAbstractInterpretationObservable.xml $PTII/ptolemy/data/ontologies/demo/ConstAbstractInterpretationObservable/ConstAbstractInterpretationObservable
Warning: not running ptolemy/data/ontologies/demo/ConstAbstractInterpretationObservable/ConstAbstractInterpretationObservable.xml. See ptolemy/vergil/basic/export/test/junit/ExportModelJUnitTest.java
Exported /home/travis/build/icyphy/ptII/ptolemy/data/ontologies/demo/ConstAbstractInterpretationObservable/ConstAbstractInterpretationObservable/index.html
3171 ms. Memory: 712704K Free: 399612K (56%)
####### 40 Sat Oct 17 16:28:13 UTC 2020 $PTII/bin/ptinvoke ptolemy.vergil.basic.export.ExportModel -force htm -run -openComposites -timeOut 30000 -whiteBackground ptolemy/data/ontologies/demo/ConstAbstractInterpretationObservable/ConstComparatorEqualToDemo.xml $PTII/ptolemy/data/ontologies/demo/ConstAbstractInterpretationObservable/ConstComparatorEqualToDemo
Running .ConstComparatorEqualToDemo
2019 ms. Memory: 712704K Free: 326681K (46%)
Exported /home/travis/build/icyphy/ptII/ptolemy/data/ontologies/demo/ConstAbstractInterpretationObservable/ConstComparatorEqualToDemo/index.html
6326 ms. Memory: 712704K Free: 249266K (35%)
####### 41 Sat Oct 17 16:28:19 UTC 2020 $PTII/bin/ptinvoke ptolemy.vergil.basic.export.ExportModel -force htm -run -openComposites -timeOut 30000 -whiteBackground ptolemy/data/ontologies/demo/ConstAbstractInterpretationObservable/ConstComparatorGreaterThanDemo.xml $PTII/ptolemy/data/ontologies/demo/ConstAbstractInterpretationObservable/ConstComparatorGreaterThanDemo
Running .ConstComparatorGreaterThanDemo
2145 ms. Memory: 712704K Free: 497664K (70%)
Exported /home/travis/build/icyphy/ptII/ptolemy/data/ontologies/demo/ConstAbstractInterpretationObservable/ConstComparatorGreaterThanDemo/index.html
6467 ms. Memory: 712704K Free: 482803K (68%)
####### 42 Sat Oct 17 16:28:26 UTC 2020 $PTII/bin/ptinvoke ptolemy.vergil.basic.export.ExportModel -force htm -run -openComposites -timeOut 30000 -whiteBackground ptolemy/data/ontologies/demo/ConstAbstractInterpretationObservable/ConstComparatorGTEDemo.xml $PTII/ptolemy/data/ontologies/demo/ConstAbstractInterpretationObservable/ConstComparatorGTEDemo
Running .ConstComparatorGTEDemo
1690 ms. Memory: 712704K Free: 353278K (50%)
Exported /home/travis/build/icyphy/ptII/ptolemy/data/ontologies/demo/ConstAbstractInterpretationObservable/ConstComparatorGTEDemo/index.html
5921 ms. Memory: 712704K Free: 276467K (39%)
####### 43 Sat Oct 17 16:28:32 UTC 2020 $PTII/bin/ptinvoke ptolemy.vergil.basic.export.ExportModel -force htm -run -openComposites -timeOut 30000 -whiteBackground ptolemy/data/ontologies/demo/ConstAbstractInterpretationObservable/ConstComparatorLessThanDemo.xml $PTII/ptolemy/data/ontologies/demo/ConstAbstractInterpretationObservable/ConstComparatorLessThanDemo
Running .ConstComparatorLessThanDemo
1194 ms. Memory: 712704K Free: 157642K (22%)
Exported /home/travis/build/icyphy/ptII/ptolemy/data/ontologies/demo/ConstAbstractInterpretationObservable/ConstComparatorLessThanDemo/index.html
5467 ms. Memory: 712704K Free: 452542K (63%)
####### 44 Sat Oct 17 16:28:37 UTC 2020 $PTII/bin/ptinvoke ptolemy.vergil.basic.export.ExportModel -force htm -run -openComposites -timeOut 30000 -whiteBackground ptolemy/data/ontologies/demo/ConstAbstractInterpretationObservable/ConstComparatorLTEDemo.xml $PTII/ptolemy/data/ontologies/demo/ConstAbstractInterpretationObservable/ConstComparatorLTEDemo
Running .ConstComparatorLTEDemo
1343 ms. Memory: 712704K Free: 315848K (44%)
Exported /home/travis/build/icyphy/ptII/ptolemy/data/ontologies/demo/ConstAbstractInterpretationObservable/ConstComparatorLTEDemo/index.html
5574 ms. Memory: 712704K Free: 239038K (34%)
####### 45 Sat Oct 17 16:28:43 UTC 2020 $PTII/bin/ptinvoke ptolemy.vergil.basic.export.ExportModel -force htm -run -openComposites -timeOut 30000 -whiteBackground ptolemy/data/ontologies/demo/ConstAbstractInterpretationObservable/ConstMultiplyDivideDemo.xml $PTII/ptolemy/data/ontologies/demo/ConstAbstractInterpretationObservable/ConstMultiplyDivideDemo
Running .ConstMultiplyDivideDemo
2197 ms. Memory: 712704K Free: 319998K (45%)
Exported /home/travis/build/icyphy/ptII/ptolemy/data/ontologies/demo/ConstAbstractInterpretationObservable/ConstMultiplyDivideDemo/index.html
6496 ms. Memory: 712704K Free: 322035K (45%)
####### 46 Sat Oct 17 16:28:49 UTC 2020 $PTII/bin/ptinvoke ptolemy.vergil.basic.export.ExportModel -force htm -run -openComposites -timeOut 30000 -whiteBackground ptolemy/data/ontologies/demo/ConstAbstractInterpretationObservable/ConstScaleDemo.xml $PTII/ptolemy/data/ontologies/demo/ConstAbstractInterpretationObservable/ConstScaleDemo
Running .ConstScaleDemo
1040 ms. Memory: 712704K Free: 370886K (52%)
Exported /home/travis/build/icyphy/ptII/ptolemy/data/ontologies/demo/ConstAbstractInterpretationObservable/ConstScaleDemo/index.html
5346 ms. Memory: 712704K Free: 487895K (68%)
####### 47 Sat Oct 17 16:28:54 UTC 2020 $PTII/bin/ptinvoke ptolemy.vergil.basic.export.ExportModel -force htm  -openComposites -timeOut 30000 -whiteBackground ptolemy/data/ontologies/demo/ConstNonconst/Const.xml $PTII/ptolemy/data/ontologies/demo/ConstNonconst/Const
Warning: not running ptolemy/data/ontologies/demo/ConstNonconst/Const.xml. See ptolemy/vergil/basic/export/test/junit/ExportModelJUnitTest.java
Exported /home/travis/build/icyphy/ptII/ptolemy/data/ontologies/demo/ConstNonconst/Const/index.html
3151 ms. Memory: 712704K Free: 341975K (48%)
####### 48 Sat Oct 17 16:28:58 UTC 2020 $PTII/bin/ptinvoke ptolemy.vergil.basic.export.ExportModel -force htm -run -openComposites -timeOut 30000 -whiteBackground ptolemy/data/ontologies/demo/ConstNonconst/ConstNonconst.xml $PTII/ptolemy/data/ontologies/demo/ConstNonconst/ConstNonconst
Running .ConstNonconst
338 ms. Memory: 712704K Free: 343546K (48%)
Exported /home/travis/build/icyphy/ptII/ptolemy/data/ontologies/demo/ConstNonconst/ConstNonconst/index.html
4542 ms. Memory: 712704K Free: 282614K (40%)
####### 49 Sat Oct 17 16:29:02 UTC 2020 $PTII/bin/ptinvoke ptolemy.vergil.basic.export.ExportModel -force htm -run -openComposites -timeOut 30000 -whiteBackground ptolemy/data/ontologies/demo/ConstPropagation/BooleanSwitchDemoProductLattice.xml $PTII/ptolemy/data/ontologies/demo/ConstPropagation/BooleanSwitchDemoProductLattice
Running .BooleanSwitchDemoProductLattice
1438 ms. Memory: 712704K Free: 444416K (62%)
Exported /home/travis/build/icyphy/ptII/ptolemy/data/ontologies/demo/ConstPropagation/BooleanSwitchDemoProductLattice/index.html
5859 ms. Memory: 712704K Free: 363507K (51%)
####### 50 Sat Oct 17 16:29:08 UTC 2020 $PTII/bin/ptinvoke ptolemy.vergil.basic.export.ExportModel -force htm -run -openComposites -timeOut 30000 -whiteBackground ptolemy/data/ontologies/demo/ConstPropagation/ConstComparatorEqualToDemo.xml $PTII/ptolemy/data/ontologies/demo/ConstPropagation/ConstComparatorEqualToDemo
Running .ConstComparatorEqualToDemo
1603 ms. Memory: 712704K Free: 372009K (52%)
Exported /home/travis/build/icyphy/ptII/ptolemy/data/ontologies/demo/ConstPropagation/ConstComparatorEqualToDemo/index.html
5856 ms. Memory: 712704K Free: 481058K (67%)
####### 51 Sat Oct 17 16:29:14 UTC 2020 $PTII/bin/ptinvoke ptolemy.vergil.basic.export.ExportModel -force htm -run -openComposites -timeOut 30000 -whiteBackground ptolemy/data/ontologies/demo/ConstPropagation/ConstComparatorGreaterThanDemo.xml $PTII/ptolemy/data/ontologies/demo/ConstPropagation/ConstComparatorGreaterThanDemo
Running .ConstComparatorGreaterThanDemo
1416 ms. Memory: 712704K Free: 305202K (43%)
Exported /home/travis/build/icyphy/ptII/ptolemy/data/ontologies/demo/ConstPropagation/ConstComparatorGreaterThanDemo/index.html
5638 ms. Memory: 712704K Free: 216106K (30%)
####### 52 Sat Oct 17 16:29:19 UTC 2020 $PTII/bin/ptinvoke ptolemy.vergil.basic.export.ExportModel -force htm -run -openComposites -timeOut 30000 -whiteBackground ptolemy/data/ontologies/demo/ConstPropagation/ConstMultiplyDivideDemo.xml $PTII/ptolemy/data/ontologies/demo/ConstPropagation/ConstMultiplyDivideDemo
Running .ConstMultiplyDivideDemo
2546 ms. Memory: 712704K Free: 276716K (39%)
Exported /home/travis/build/icyphy/ptII/ptolemy/data/ontologies/demo/ConstPropagation/ConstMultiplyDivideDemo/index.html
6830 ms. Memory: 712704K Free: 457203K (64%)
####### 53 Sat Oct 17 16:29:26 UTC 2020 $PTII/bin/ptinvoke ptolemy.vergil.basic.export.ExportModel -force htm  -openComposites -timeOut 30000 -whiteBackground ptolemy/data/ontologies/demo/ConstPropagation/ConstPropagation.xml $PTII/ptolemy/data/ontologies/demo/ConstPropagation/ConstPropagation
Warning: not running ptolemy/data/ontologies/demo/ConstPropagation/ConstPropagation.xml. See ptolemy/vergil/basic/export/test/junit/ExportModelJUnitTest.java
Exported /home/travis/build/icyphy/ptII/ptolemy/data/ontologies/demo/ConstPropagation/ConstPropagation/index.html
3118 ms. Memory: 712704K Free: 485366K (68%)
####### 54 Sat Oct 17 16:29:29 UTC 2020 $PTII/bin/ptinvoke ptolemy.vergil.basic.export.ExportModel -force htm -run -openComposites -timeOut 30000 -whiteBackground ptolemy/data/ontologies/demo/ConstPropagation/ConstPropagationAbsIntObservableReachableProductSolverModel.xml $PTII/ptolemy/data/ontologies/demo/ConstPropagation/ConstPropagationAbsIntObservableReachableProductSolverModel
.ConstPropagationAbsIntObservableReachableProductSolverModel is a ptolemy.data.ontologies.OntologySolverModel not a TypedCompositeActor, so it cannot be run.
Exported /home/travis/build/icyphy/ptII/ptolemy/data/ontologies/demo/ConstPropagation/ConstPropagationAbsIntObservableReachableProductSolverModel/index.html
4632 ms. Memory: 712704K Free: 436963K (61%)
####### 55 Sat Oct 17 16:29:34 UTC 2020 $PTII/bin/ptinvoke ptolemy.vergil.basic.export.ExportModel -force htm -run -openComposites -timeOut 30000 -whiteBackground ptolemy/data/ontologies/demo/ConstPropagation/ConstPropagationAbsIntScale.xml $PTII/ptolemy/data/ontologies/demo/ConstPropagation/ConstPropagationAbsIntScale
Running .ConstPropagationAbsIntScale
16 ms. Memory: 712704K Free: 298261K (42%)
Exported /home/travis/build/icyphy/ptII/ptolemy/data/ontologies/demo/ConstPropagation/ConstPropagationAbsIntScale/index.html
4230 ms. Memory: 712704K Free: 272625K (38%)
####### 56 Sat Oct 17 16:29:38 UTC 2020 $PTII/bin/ptinvoke ptolemy.vergil.basic.export.ExportModel -force htm -run -openComposites -timeOut 30000 -whiteBackground ptolemy/data/ontologies/demo/ConstPropagation/SimpleConstPropagationDemo.xml $PTII/ptolemy/data/ontologies/demo/ConstPropagation/SimpleConstPropagationDemo
Running .SimpleConstPropagationDemo
382 ms. Memory: 712704K Free: 407923K (57%)
Exported /home/travis/build/icyphy/ptII/ptolemy/data/ontologies/demo/ConstPropagation/SimpleConstPropagationDemo/index.html
4525 ms. Memory: 712704K Free: 345963K (49%)
####### 57 Sat Oct 17 16:29:43 UTC 2020 $PTII/bin/ptinvoke ptolemy.vergil.basic.export.ExportModel -force htm -run -openComposites -timeOut 30000 -whiteBackground ptolemy/data/ontologies/demo/ConstPropagation/SimpleNonconstPropagationDemo.xml $PTII/ptolemy/data/ontologies/demo/ConstPropagation/SimpleNonconstPropagationDemo
Running .SimpleNonconstPropagationDemo
323 ms. Memory: 712704K Free: 487957K (68%)
Exported /home/travis/build/icyphy/ptII/ptolemy/data/ontologies/demo/ConstPropagation/SimpleNonconstPropagationDemo/index.html
4460 ms. Memory: 712704K Free: 436757K (61%)
####### 58 Sat Oct 17 16:29:47 UTC 2020 $PTII/bin/ptinvoke ptolemy.vergil.basic.export.ExportModel -force htm  -openComposites -timeOut 30000 -whiteBackground ptolemy/data/ontologies/demo/DimensionSystemExample/DimensionSystemExample.xml $PTII/ptolemy/data/ontologies/demo/DimensionSystemExample/DimensionSystemExample
Warning: not running ptolemy/data/ontologies/demo/DimensionSystemExample/DimensionSystemExample.xml. See ptolemy/vergil/basic/export/test/junit/ExportModelJUnitTest.java
Exported /home/travis/build/icyphy/ptII/ptolemy/data/ontologies/demo/DimensionSystemExample/DimensionSystemExample/index.html
3146 ms. Memory: 712704K Free: 563126K (79%)
####### 59 Sat Oct 17 16:29:50 UTC 2020 $PTII/bin/ptinvoke ptolemy.vergil.basic.export.ExportModel -force htm -run -openComposites -timeOut 30000 -whiteBackground ptolemy/data/ontologies/demo/ExceptionAnalysis/ExceptionAnalysis.xml $PTII/ptolemy/data/ontologies/demo/ExceptionAnalysis/ExceptionAnalysis
Running .ExceptionAnalysis
8 ms. Memory: 712704K Free: 463293K (65%)
Exported /home/travis/build/icyphy/ptII/ptolemy/data/ontologies/demo/ExceptionAnalysis/ExceptionAnalysis/index.html
4157 ms. Memory: 712704K Free: 415667K (58%)
####### 60 Sat Oct 17 16:29:55 UTC 2020 $PTII/bin/ptinvoke ptolemy.vergil.basic.export.ExportModel -force htm -run -openComposites -timeOut 30000 -whiteBackground ptolemy/data/ontologies/demo/MonotonicityAnalysis/MonotonicityAnalysis.xml $PTII/ptolemy/data/ontologies/demo/MonotonicityAnalysis/MonotonicityAnalysis
Running .MonotonicityAnalysis
138 ms. Memory: 712704K Free: 248767K (35%)
Exported /home/travis/build/icyphy/ptII/ptolemy/data/ontologies/demo/MonotonicityAnalysis/MonotonicityAnalysis/index.html
4282 ms. Memory: 712704K Free: 202675K (28%)
####### 61 Sat Oct 17 16:29:59 UTC 2020 $PTII/bin/ptinvoke ptolemy.vergil.basic.export.ExportModel -force htm -run -openComposites -timeOut 30000 -whiteBackground ptolemy/data/ontologies/demo/Observable/Observable.xml $PTII/ptolemy/data/ontologies/demo/Observable/Observable
Running .Observable
126 ms. Memory: 712704K Free: 510574K (72%)
Exported /home/travis/build/icyphy/ptII/ptolemy/data/ontologies/demo/Observable/Observable/index.html
4341 ms. Memory: 712704K Free: 472162K (66%)
####### 62 Sat Oct 17 16:30:03 UTC 2020 $PTII/bin/ptinvoke ptolemy.vergil.basic.export.ExportModel -force htm -run -openComposites -timeOut 30000 -whiteBackground ptolemy/data/ontologies/demo/ProductLattices/BooleanSwitchDemoProductLattice.xml $PTII/ptolemy/data/ontologies/demo/ProductLattices/BooleanSwitchDemoProductLattice
Running .BooleanSwitchDemoProductLattice
2277 ms. Memory: 712704K Free: 533707K (75%)
Exported /home/travis/build/icyphy/ptII/ptolemy/data/ontologies/demo/ProductLattices/BooleanSwitchDemoProductLattice/index.html
6655 ms. Memory: 712704K Free: 430209K (60%)
####### 63 Sat Oct 17 16:30:10 UTC 2020 $PTII/bin/ptinvoke ptolemy.vergil.basic.export.ExportModel -force htm -run -openComposites -timeOut 30000 -whiteBackground ptolemy/data/ontologies/demo/ProductLattices/ConstAbsIntObservableReachableProductSolverModel.xml $PTII/ptolemy/data/ontologies/demo/ProductLattices/ConstAbsIntObservableReachableProductSolverModel
.ConstAbsIntObservableReachableProductSolverModel is a ptolemy.data.ontologies.OntologySolverModel not a TypedCompositeActor, so it cannot be run.
Exported /home/travis/build/icyphy/ptII/ptolemy/data/ontologies/demo/ProductLattices/ConstAbsIntObservableReachableProductSolverModel/index.html
4557 ms. Memory: 712704K Free: 399524K (56%)
####### 64 Sat Oct 17 16:30:14 UTC 2020 $PTII/bin/ptinvoke ptolemy.vergil.basic.export.ExportModel -force htm -run -openComposites -timeOut 30000 -whiteBackground ptolemy/data/ontologies/demo/ProductLattices/ConstMultiplyDivideDemoProductLattice.xml $PTII/ptolemy/data/ontologies/demo/ProductLattices/ConstMultiplyDivideDemoProductLattice
Running .ConstMultiplyDivideDemoProductLattice
1241 ms. Memory: 712704K Free: 253968K (36%)
Exported /home/travis/build/icyphy/ptII/ptolemy/data/ontologies/demo/ProductLattices/ConstMultiplyDivideDemoProductLattice/index.html
5457 ms. Memory: 712704K Free: 529522K (74%)
####### 65 Sat Oct 17 16:30:20 UTC 2020 $PTII/bin/ptinvoke ptolemy.vergil.basic.export.ExportModel -force htm -run -openComposites -timeOut 30000 -whiteBackground ptolemy/data/ontologies/demo/ProductLattices/ConstScaleDemoProductLattice.xml $PTII/ptolemy/data/ontologies/demo/ProductLattices/ConstScaleDemoProductLattice
Running .ConstScaleDemoProductLattice
855 ms. Memory: 712704K Free: 259136K (36%)
Exported /home/travis/build/icyphy/ptII/ptolemy/data/ontologies/demo/ProductLattices/ConstScaleDemoProductLattice/index.html
5078 ms. Memory: 712704K Free: 174135K (24%)
####### 66 Sat Oct 17 16:30:25 UTC 2020 $PTII/bin/ptinvoke ptolemy.vergil.basic.export.ExportModel -force htm  -openComposites -timeOut 30000 -whiteBackground ptolemy/data/ontologies/demo/ProductLattices/ConstScaleZeroDemoProductLattice.xml $PTII/ptolemy/data/ontologies/demo/ProductLattices/ConstScaleZeroDemoProductLattice
Warning: not running ptolemy/data/ontologies/demo/ProductLattices/ConstScaleZeroDemoProductLattice.xml. See ptolemy/vergil/basic/export/test/junit/ExportModelJUnitTest.java
Exported /home/travis/build/icyphy/ptII/ptolemy/data/ontologies/demo/ProductLattices/ConstScaleZeroDemoProductLattice/index.html
3194 ms. Memory: 712704K Free: 428024K (60%)
####### 67 Sat Oct 17 16:30:28 UTC 2020 $PTII/bin/ptinvoke ptolemy.vergil.basic.export.ExportModel -force htm  -openComposites -timeOut 30000 -whiteBackground ptolemy/data/ontologies/demo/ProductLattices/LatticeComposition.xml $PTII/ptolemy/data/ontologies/demo/ProductLattices/LatticeComposition
Warning: not running ptolemy/data/ontologies/demo/ProductLattices/LatticeComposition.xml. See ptolemy/vergil/basic/export/test/junit/ExportModelJUnitTest.java
Exported /home/travis/build/icyphy/ptII/ptolemy/data/ontologies/demo/ProductLattices/LatticeComposition/index.html
3169 ms. Memory: 712704K Free: 550360K (77%)
####### 68 Sat Oct 17 16:30:31 UTC 2020 $PTII/bin/ptinvoke ptolemy.vergil.basic.export.ExportModel -force htm -run -openComposites -timeOut 30000 -whiteBackground ptolemy/data/ontologies/demo/ProductLattices/LatticeCompositionSolverModel.xml $PTII/ptolemy/data/ontologies/demo/ProductLattices/LatticeCompositionSolverModel
.LatticeCompositionSolverModel is a ptolemy.data.ontologies.OntologySolverModel not a TypedCompositeActor, so it cannot be run.
Exported /home/travis/build/icyphy/ptII/ptolemy/data/ontologies/demo/ProductLattices/LatticeCompositionSolverModel/index.html
4377 ms. Memory: 712704K Free: 341479K (48%)
####### 69 Sat Oct 17 16:30:36 UTC 2020 $PTII/bin/ptinvoke ptolemy.vergil.basic.export.ExportModel -force htm  -openComposites -timeOut 30000 -whiteBackground ptolemy/data/ontologies/demo/ProductLattices/ProductLattices.xml $PTII/ptolemy/data/ontologies/demo/ProductLattices/ProductLattices
Warning: not running ptolemy/data/ontologies/demo/ProductLattices/ProductLattices.xml. See ptolemy/vergil/basic/export/test/junit/ExportModelJUnitTest.java
Exported /home/travis/build/icyphy/ptII/ptolemy/data/ontologies/demo/ProductLattices/ProductLattices/index.html
3115 ms. Memory: 712704K Free: 217100K (30%)
####### 70 Sat Oct 17 16:30:39 UTC 2020 $PTII/bin/ptinvoke ptolemy.vergil.basic.export.ExportModel -force htm -run -openComposites -timeOut 30000 -whiteBackground ptolemy/data/ontologies/demo/ProductLattices/SimpleConstDemo.xml $PTII/ptolemy/data/ontologies/demo/ProductLattices/SimpleConstDemo
Running .SimpleConstDemo
59 ms. Memory: 712704K Free: 507924K (71%)
Exported /home/travis/build/icyphy/ptII/ptolemy/data/ontologies/demo/ProductLattices/SimpleConstDemo/index.html
4206 ms. Memory: 712704K Free: 463377K (65%)
####### 71 Sat Oct 17 16:30:43 UTC 2020 $PTII/bin/ptinvoke ptolemy.vergil.basic.export.ExportModel -force htm -run -openComposites -timeOut 30000 -whiteBackground ptolemy/data/ontologies/demo/ProductLattices/SimpleNonconstDemo.xml $PTII/ptolemy/data/ontologies/demo/ProductLattices/SimpleNonconstDemo
Running .SimpleNonconstDemo
189 ms. Memory: 712704K Free: 209940K (29%)
Exported /home/travis/build/icyphy/ptII/ptolemy/data/ontologies/demo/ProductLattices/SimpleNonconstDemo/index.html
4332 ms. Memory: 712704K Free: 158732K (22%)
####### 72 Sat Oct 17 16:30:47 UTC 2020 $PTII/bin/ptinvoke ptolemy.vergil.basic.export.ExportModel -force htm  -openComposites -timeOut 30000 -whiteBackground ptolemy/data/ontologies/demo/UnitSystemExample/UnitSystemExample.xml $PTII/ptolemy/data/ontologies/demo/UnitSystemExample/UnitSystemExample
Warning: not running ptolemy/data/ontologies/demo/UnitSystemExample/UnitSystemExample.xml. See ptolemy/vergil/basic/export/test/junit/ExportModelJUnitTest.java
Exported /home/travis/build/icyphy/ptII/ptolemy/data/ontologies/demo/UnitSystemExample/UnitSystemExample/index.html
3304 ms. Memory: 712704K Free: 374376K (53%)
####### 73 Sat Oct 17 16:30:51 UTC 2020 $PTII/bin/ptinvoke ptolemy.vergil.basic.export.ExportModel -force htm -run -openComposites -timeOut 30000 -whiteBackground ptolemy/data/type/demo/Objects/Objects.xml $PTII/ptolemy/data/type/demo/Objects/Objects
Running .Objects
14 ms. Memory: 712704K Free: 278540K (39%)
Exported /home/travis/build/icyphy/ptII/ptolemy/data/type/demo/Objects/Objects/index.html
4168 ms. Memory: 712704K Free: 218631K (31%)
####### 74 Sat Oct 17 16:30:55 UTC 2020 $PTII/bin/ptinvoke ptolemy.vergil.basic.export.ExportModel -force htm -run -openComposites -timeOut 30000 -whiteBackground ptolemy/data/type/demo/Router/Router.xml $PTII/ptolemy/data/type/demo/Router/Router
Running .Router
ExportHTMLTimer went off after 30000 ms., calling getDirector().finish and getDirector().stopFire()
30001 ms. Memory: 712704K Free: 495638K (70%)
Exported /home/travis/build/icyphy/ptII/ptolemy/data/type/demo/Router/Router/index.html
34200 ms. Memory: 712704K Free: 469001K (66%)
####### 75 Sat Oct 17 16:31:29 UTC 2020 $PTII/bin/ptinvoke ptolemy.vergil.basic.export.ExportModel -force htm -run -openComposites -timeOut 30000 -whiteBackground ptolemy/data/unit/demo/StaticUnits/StaticUnits.xml $PTII/ptolemy/data/unit/demo/StaticUnits/StaticUnits
Running .StaticUnits
1947 ms. Memory: 712704K Free: 335380K (47%)
Exported /home/travis/build/icyphy/ptII/ptolemy/data/unit/demo/StaticUnits/StaticUnits/index.html
6250 ms. Memory: 712704K Free: 199658K (28%)
####### 76 Sat Oct 17 16:31:35 UTC 2020 $PTII/bin/ptinvoke ptolemy.vergil.basic.export.ExportModel -force htm -run -openComposites -timeOut 30000 -whiteBackground ptolemy/data/unit/demo/Units/Units.xml $PTII/ptolemy/data/unit/demo/Units/Units
Running .Units
41 ms. Memory: 712704K Free: 494100K (69%)
Exported /home/travis/build/icyphy/ptII/ptolemy/data/unit/demo/Units/Units/index.html
4250 ms. Memory: 712704K Free: 456708K (64%)
####### 77 Sat Oct 17 16:31:40 UTC 2020 $PTII/bin/ptinvoke ptolemy.vergil.basic.export.ExportModel -force htm  -openComposites -timeOut 30000 -whiteBackground ptolemy/demo/AirManagementSystem/AirManagementSystem.xml $PTII/ptolemy/demo/AirManagementSystem/AirManagementSystem
Warning: not running ptolemy/demo/AirManagementSystem/AirManagementSystem.xml. See ptolemy/vergil/basic/export/test/junit/ExportModelJUnitTest.java
Exported /home/travis/build/icyphy/ptII/ptolemy/demo/AirManagementSystem/AirManagementSystem/index.html
4150 ms. Memory: 712704K Free: 120242K (17%)
####### 78 Sat Oct 17 16:31:44 UTC 2020 $PTII/bin/ptinvoke ptolemy.vergil.basic.export.ExportModel -force htm  -openComposites -timeOut 30000 -whiteBackground ptolemy/demo/AirManagementSystem/AirManagementSystemCausalityLoop.xml $PTII/ptolemy/demo/AirManagementSystem/AirManagementSystemCausalityLoop
Warning: not running ptolemy/demo/AirManagementSystem/AirManagementSystemCausalityLoop.xml. See ptolemy/vergil/basic/export/test/junit/ExportModelJUnitTest.java
Exported /home/travis/build/icyphy/ptII/ptolemy/demo/AirManagementSystem/AirManagementSystemCausalityLoop/index.html
3630 ms. Memory: 712704K Free: 314693K (44%)
####### 79 Sat Oct 17 16:31:47 UTC 2020 $PTII/bin/ptinvoke ptolemy.vergil.basic.export.ExportModel -force htm  -openComposites -timeOut 30000 -whiteBackground ptolemy/demo/AirManagementSystem/AMS_AMSSim.xml $PTII/ptolemy/demo/AirManagementSystem/AMS_AMSSim
Warning: not running ptolemy/demo/AirManagementSystem/AMS_AMSSim.xml. See ptolemy/vergil/basic/export/test/junit/ExportModelJUnitTest.java
[ScalarVariable: null]: Child element "isLinear" not implemented yet.
[ScalarVariable: null]: Child element "isLinear" not implemented yet.
[ScalarVariable: null]: Child element "isLinear" not implemented yet.
Exported /home/travis/build/icyphy/ptII/ptolemy/demo/AirManagementSystem/AMS_AMSSim/index.html
3355 ms. Memory: 712704K Free: 135493K (19%)
####### 80 Sat Oct 17 16:31:51 UTC 2020 $PTII/bin/ptinvoke ptolemy.vergil.basic.export.ExportModel -force htm -run -openComposites -timeOut 30000 -whiteBackground ptolemy/demo/AirManagementSystem/HeatExchangerTester.xml $PTII/ptolemy/demo/AirManagementSystem/HeatExchangerTester
Running .HeatExchangerTester
1586 ms. Memory: 712704K Free: 438605K (62%)
Exported /home/travis/build/icyphy/ptII/ptolemy/demo/AirManagementSystem/HeatExchangerTester/index.html
5907 ms. Memory: 712704K Free: 232238K (33%)
####### 81 Sat Oct 17 16:31:57 UTC 2020 $PTII/bin/ptinvoke ptolemy.vergil.basic.export.ExportModel -force htm  -openComposites -timeOut 30000 -whiteBackground ptolemy/demo/AirManagementSystem/PhysicalPlantCausalityLoop.xml $PTII/ptolemy/demo/AirManagementSystem/PhysicalPlantCausalityLoop
Warning: not running ptolemy/demo/AirManagementSystem/PhysicalPlantCausalityLoop.xml. See ptolemy/vergil/basic/export/test/junit/ExportModelJUnitTest.java
Exported /home/travis/build/icyphy/ptII/ptolemy/demo/AirManagementSystem/PhysicalPlantCausalityLoop/index.html
3455 ms. Memory: 712704K Free: 118597K (17%)
####### 82 Sat Oct 17 16:32:00 UTC 2020 $PTII/bin/ptinvoke ptolemy.vergil.basic.export.ExportModel -force htm -run -openComposites -timeOut 30000 -whiteBackground ptolemy/demo/BrakeByWire/BrakeByWire.xml $PTII/ptolemy/demo/BrakeByWire/BrakeByWire
Running .BrakeByWire
1396 ms. Memory: 712704K Free: 540501K (76%)
Exported /home/travis/build/icyphy/ptII/ptolemy/demo/BrakeByWire/BrakeByWire/index.html
6258 ms. Memory: 712704K Free: 524566K (74%)
####### 83 Sat Oct 17 16:32:06 UTC 2020 $PTII/bin/ptinvoke ptolemy.vergil.basic.export.ExportModel -force htm -run -openComposites -timeOut 30000 -whiteBackground ptolemy/demo/CapeCode/CapeCode.xml $PTII/ptolemy/demo/CapeCode/CapeCode
Model ".CapeCode" contains actors such cannot be run  as part of the export process from ExportModel or it has a WebExportParameters value that runBeforeExport set to false. To export run this model and export it, use vergil.
Exported /home/travis/build/icyphy/ptII/ptolemy/demo/CapeCode/CapeCode/index.html
3109 ms. Memory: 712704K Free: 402246K (56%)
####### 84 Sat Oct 17 16:32:09 UTC 2020 $PTII/bin/ptinvoke ptolemy.vergil.basic.export.ExportModel -force htm -run -openComposites -timeOut 30000 -whiteBackground ptolemy/demo/CapeCode/CapeCode1.xml $PTII/ptolemy/demo/CapeCode/CapeCode1
No physical cameras found, using WebcamDummyDriver.
Opened file:/home/travis/build/icyphy/ptII/ptolemy/demo/CapeCode/CapeCode1.xml in 13217 ms.
Size Statistics for .CapeCode1
AtomicEntities: 4
CompositeEntities: 0
OpaqueCompositeEntities: 0
Relations: 2
Attributes: 47
Atomic Actor Names and Counts:
org.terraswarm.accessor.JSAccessor 4

Composite Entity Depths and Counts:

Running .CapeCode1
preinitialize() finished: 10642 ms. Memory: 712704K Free: 151038K (21%)
Manager.initialize() finished: 18466 ms. Memory: 763904K Free: 427518K (56%)
ExportHTMLTimer went off after 30000 ms., calling getDirector().finish and getDirector().stopFire()
30150 ms. Memory: 1720320K Free: 1339154K (78%)
Exported /home/travis/build/icyphy/ptII/ptolemy/demo/CapeCode/CapeCode1/index.html
47515 ms. Memory: 1720320K Free: 1329677K (77%)
####### 85 Sat Oct 17 16:32:57 UTC 2020 $PTII/bin/ptinvoke ptolemy.vergil.basic.export.ExportModel -force htm -run -openComposites -timeOut 30000 -whiteBackground ptolemy/demo/CapeCode/CapeCode2.xml $PTII/ptolemy/demo/CapeCode/CapeCode2
Running .CapeCode2
Manager.initialize() finished: 17397 ms. Memory: 1720320K Free: 468478K (27%)
ExportHTMLTimer went off after 30000 ms., calling getDirector().finish and getDirector().stopFire()
30190 ms. Memory: 3201024K Free: 2160638K (67%)
Exported /home/travis/build/icyphy/ptII/ptolemy/demo/CapeCode/CapeCode2/index.html
44217 ms. Memory: 3201024K Free: 2129403K (67%)
]]></system-out>
  <system-err><![CDATA[TransformationEditor: Ignoring clone of .Utilities beause we don't known how to import it. Exception was: ptolemy.kernel.util.NameDuplicationException: Attempt to insert object named "Utilities" into container named ".library", which already contains an object with that name.
TransformationEditor: Ignoring clone of .Directors beause we don't known how to import it. Exception was: ptolemy.kernel.util.NameDuplicationException: Attempt to insert object named "Directors" into container named ".library", which already contains an object with that name.
TransformationEditor: Ignoring clone of .Actors beause we don't known how to import it. Exception was: ptolemy.kernel.util.NameDuplicationException: Attempt to insert object named "Actors" into container named ".library", which already contains an object with that name.
TransformationEditor: Ignoring clone of .MoreLibraries beause we don't known how to import it. Exception was: ptolemy.kernel.util.NameDuplicationException: Attempt to insert object named "MoreLibraries" into container named ".library", which already contains an object with that name.
TransformationEditor: Ignoring clone of .Utilities beause we don't known how to import it. Exception was: ptolemy.kernel.util.NameDuplicationException: Attempt to insert object named "Utilities" into container named ".library", which already contains an object with that name.
TransformationEditor: Ignoring clone of .Directors beause we don't known how to import it. Exception was: ptolemy.kernel.util.NameDuplicationException: Attempt to insert object named "Directors" into container named ".library", which already contains an object with that name.
TransformationEditor: Ignoring clone of .Actors beause we don't known how to import it. Exception was: ptolemy.kernel.util.NameDuplicationException: Attempt to insert object named "Actors" into container named ".library", which already contains an object with that name.
TransformationEditor: Ignoring clone of .MoreLibraries beause we don't known how to import it. Exception was: ptolemy.kernel.util.NameDuplicationException: Attempt to insert object named "MoreLibraries" into container named ".library", which already contains an object with that name.
TransformationEditor: Ignoring clone of .Utilities beause we don't known how to import it. Exception was: ptolemy.kernel.util.NameDuplicationException: Attempt to insert object named "Utilities" into container named ".library", which already contains an object with that name.
TransformationEditor: Ignoring clone of .Directors beause we don't known how to import it. Exception was: ptolemy.kernel.util.NameDuplicationException: Attempt to insert object named "Directors" into container named ".library", which already contains an object with that name.
TransformationEditor: Ignoring clone of .Actors beause we don't known how to import it. Exception was: ptolemy.kernel.util.NameDuplicationException: Attempt to insert object named "Actors" into container named ".library", which already contains an object with that name.
TransformationEditor: Ignoring clone of .MoreLibraries beause we don't known how to import it. Exception was: ptolemy.kernel.util.NameDuplicationException: Attempt to insert object named "MoreLibraries" into container named ".library", which already contains an object with that name.
TransformationEditor: Ignoring clone of .Utilities beause we don't known how to import it. Exception was: ptolemy.kernel.util.NameDuplicationException: Attempt to insert object named "Utilities" into container named ".library", which already contains an object with that name.
TransformationEditor: Ignoring clone of .Directors beause we don't known how to import it. Exception was: ptolemy.kernel.util.NameDuplicationException: Attempt to insert object named "Directors" into container named ".library", which already contains an object with that name.
TransformationEditor: Ignoring clone of .Actors beause we don't known how to import it. Exception was: ptolemy.kernel.util.NameDuplicationException: Attempt to insert object named "Actors" into container named ".library", which already contains an object with that name.
TransformationEditor: Ignoring clone of .MoreLibraries beause we don't known how to import it. Exception was: ptolemy.kernel.util.NameDuplicationException: Attempt to insert object named "MoreLibraries" into container named ".library", which already contains an object with that name.
Warning: Nashorn engine is planned to be removed from a future JDK release
Warning: Nashorn engine is planned to be removed from a future JDK release
Warning: Nashorn engine is planned to be removed from a future JDK release
Warning: Nashorn engine is planned to be removed from a future JDK release
Warning: Nashorn engine is planned to be removed from a future JDK release
Warning: Nashorn engine is planned to be removed from a future JDK release
Warning: Nashorn engine is planned to be removed from a future JDK release
Warning: Nashorn engine is planned to be removed from a future JDK release
Warning: Nashorn engine is planned to be removed from a future JDK release
Warning: Nashorn engine is planned to be removed from a future JDK release
Warning: Nashorn engine is planned to be removed from a future JDK release
Warning: Nashorn engine is planned to be removed from a future JDK release
Warning: Nashorn engine is planned to be removed from a future JDK release
Warning: Nashorn engine is planned to be removed from a future JDK release
Warning: Nashorn engine is planned to be removed from a future JDK release
Warning: Nashorn engine is planned to be removed from a future JDK release
Warning: Nashorn engine is planned to be removed from a future JDK release
Warning: Nashorn engine is planned to be removed from a future JDK release
Warning: Nashorn engine is planned to be removed from a future JDK release
Warning: Nashorn engine is planned to be removed from a future JDK release
Warning: Nashorn engine is planned to be removed from a future JDK release
Warning: Nashorn engine is planned to be removed from a future JDK release
Warning: Nashorn engine is planned to be removed from a future JDK release
Warning: Nashorn engine is planned to be removed from a future JDK release
Warning: Nashorn engine is planned to be removed from a future JDK release
[AWT-EventQueue-0] INFO com.github.sarxos.webcam.Webcam - WebcamDefaultDriver capture driver will be used
Warning: Nashorn engine is planned to be removed from a future JDK release
Warning: Nashorn engine is planned to be removed from a future JDK release
Warning: Nashorn engine is planned to be removed from a future JDK release
Warning: Nashorn engine is planned to be removed from a future JDK release
Warning: Nashorn engine is planned to be removed from a future JDK release
Warning: Nashorn engine is planned to be removed from a future JDK release
Warning: Nashorn engine is planned to be removed from a future JDK release
Warning: Nashorn engine is planned to be removed from a future JDK release
Warning: Nashorn engine is planned to be removed from a future JDK release
Warning: Nashorn engine is planned to be removed from a future JDK release
Warning: Nashorn engine is planned to be removed from a future JDK release
Warning: Nashorn engine is planned to be removed from a future JDK release
Warning: Nashorn engine is planned to be removed from a future JDK release
Warning: Nashorn engine is planned to be removed from a future JDK release
Warning: Nashorn engine is planned to be removed from a future JDK release
Warning: Nashorn engine is planned to be removed from a future JDK release
Warning: Nashorn engine is planned to be removed from a future JDK release
[atomic-processor-1] INFO com.github.sarxos.webcam.ds.cgt.WebcamOpenTask - Opening webcam Dummy Webcam 0
Warning: Nashorn engine is planned to be removed from a future JDK release
Warning: Nashorn engine is planned to be removed from a future JDK release
Warning: Nashorn engine is planned to be removed from a future JDK release
Warning: Nashorn engine is planned to be removed from a future JDK release
Warning: Nashorn engine is planned to be removed from a future JDK release
Warning: Nashorn engine is planned to be removed from a future JDK release
[atomic-processor-1] INFO com.github.sarxos.webcam.ds.cgt.WebcamCloseTask - Closing Dummy Webcam 0
Warning: Nashorn engine is planned to be removed from a future JDK release
Warning: Nashorn engine is planned to be removed from a future JDK release
Warning: Nashorn engine is planned to be removed from a future JDK release
Warning: Nashorn engine is planned to be removed from a future JDK release
Warning: Nashorn engine is planned to be removed from a future JDK release
Warning: Nashorn engine is planned to be removed from a future JDK release
Warning: Nashorn engine is planned to be removed from a future JDK release
Warning: Nashorn engine is planned to be removed from a future JDK release
Warning: Nashorn engine is planned to be removed from a future JDK release
Warning: Nashorn engine is planned to be removed from a future JDK release
Warning: Nashorn engine is planned to be removed from a future JDK release
Warning: Nashorn engine is planned to be removed from a future JDK release
Warning: Nashorn engine is planned to be removed from a future JDK release
Warning: Nashorn engine is planned to be removed from a future JDK release
Warning: Nashorn engine is planned to be removed from a future JDK release
Warning: Nashorn engine is planned to be removed from a future JDK release
Warning: Nashorn engine is planned to be removed from a future JDK release
Warning: Nashorn engine is planned to be removed from a future JDK release
Warning: Nashorn engine is planned to be removed from a future JDK release
Warning: Nashorn engine is planned to be removed from a future JDK release
Warning: Nashorn engine is planned to be removed from a future JDK release
Warning: Nashorn engine is planned to be removed from a future JDK release
Warning: Nashorn engine is planned to be removed from a future JDK release
Warning: Nashorn engine is planned to be removed from a future JDK release
Warning: Nashorn engine is planned to be removed from a future JDK release
Warning: Nashorn engine is planned to be removed from a future JDK release
Warning: Nashorn engine is planned to be removed from a future JDK release
Warning: Nashorn engine is planned to be removed from a future JDK release
Warning: Nashorn engine is planned to be removed from a future JDK release
Warning: Nashorn engine is planned to be removed from a future JDK release
Warning: Nashorn engine is planned to be removed from a future JDK release
Warning: Nashorn engine is planned to be removed from a future JDK release
[atomic-processor-1] INFO com.github.sarxos.webcam.ds.cgt.WebcamOpenTask - Opening webcam Dummy Webcam 0
Warning: Nashorn engine is planned to be removed from a future JDK release
Warning: Nashorn engine is planned to be removed from a future JDK release
Warning: Nashorn engine is planned to be removed from a future JDK release
Warning: Nashorn engine is planned to be removed from a future JDK release
Warning: Nashorn engine is planned to be removed from a future JDK release
Warning: Nashorn engine is planned to be removed from a future JDK release
Warning: Nashorn engine is planned to be removed from a future JDK release
Warning: Nashorn engine is planned to be removed from a future JDK release
[atomic-processor-1] INFO com.github.sarxos.webcam.ds.cgt.WebcamCloseTask - Closing Dummy Webcam 0
]]></system-err>
</testsuite>
