<?xml version="1.0" encoding="UTF-8" ?>
<testsuite errors="0" failures="0" hostname="travis-job-0487af66-67b4-4e84-b76a-445eed6eddc0" name="ptolemy.domains.de.test.junit.JUnitTclTest" skipped="0" tests="101" time="127.652" timestamp="2019-01-05T03:13:22">
  <properties>
[...]
</properties>
  <testcase classname="ptolemy.util.test.junit.TclTests" name="[0] /home/travis/build/icyphy/ptII/ptolemy/domains/de/test/DependencyLoop.tcl (RunTclFile)" time="0.67" />
  <testcase classname="ptolemy.util.test.junit.TclTests" name="[1] /home/travis/build/icyphy/ptII/ptolemy/domains/de/test/RunDETestsAsQSS.tcl (RunTclFile)" time="86.79" />
  <testcase classname="ptolemy.util.test.junit.AutoKnownFailedTests" name="[0] /home/travis/build/icyphy/ptII/ptolemy/domains/de/test/auto/knownFailedTests/DESDFClockTest.xml (RunModel)" time="2.03" />
  <testcase classname="ptolemy.util.test.junit.AutoKnownFailedTests" name="[1] /home/travis/build/icyphy/ptII/ptolemy/domains/de/test/auto/knownFailedTests/DirectFeedback.xml (RunModel)" time="0.012" />
  <testcase classname="ptolemy.util.test.junit.AutoKnownFailedTests" name="[2] /home/travis/build/icyphy/ptII/ptolemy/domains/de/test/auto/knownFailedTests/FSMSource.xml (RunModel)" time="0.022" />
  <testcase classname="ptolemy.util.test.junit.AutoKnownFailedTests" name="[3] /home/travis/build/icyphy/ptII/ptolemy/domains/de/test/auto/knownFailedTests/HierarchicalModel.xml (RunModel)" time="0.037" />
  <testcase classname="ptolemy.util.test.junit.AutoKnownFailedTests" name="[4] /home/travis/build/icyphy/ptII/ptolemy/domains/de/test/auto/knownFailedTests/dependencyLoop.xml (RunModel)" time="0.026" />
  <testcase classname="ptolemy.util.test.junit.AutoKnownFailedTests" name="[5] /home/travis/build/icyphy/ptII/ptolemy/domains/de/test/auto/knownFailedTests/dependencyLoop2.xml (RunModel)" time="0.026" />
  <testcase classname="ptolemy.util.test.junit.AutoNameArchTests" name="[0] ThereAreNoAutoArchTests (RunModel)" time="0.001" />
  <testcase classname="ptolemy.util.test.junit.AutoTests" name="[0] /home/travis/build/icyphy/ptII/ptolemy/domains/de/test/auto/ActorDepthCalculation_actorWithoutPorts.xml (RunModel)" time="0.012" />
  <testcase classname="ptolemy.util.test.junit.AutoTests" name="[1] /home/travis/build/icyphy/ptII/ptolemy/domains/de/test/auto/AssemblyLine.xml (RunModel)" time="0.019" />
  <testcase classname="ptolemy.util.test.junit.AutoTests" name="[2] /home/travis/build/icyphy/ptII/ptolemy/domains/de/test/auto/CQBug1.xml (RunModel)" time="0.007" />
  <testcase classname="ptolemy.util.test.junit.AutoTests" name="[3] /home/travis/build/icyphy/ptII/ptolemy/domains/de/test/auto/CancelFireAt.xml (RunModel)" time="0.006" />
  <testcase classname="ptolemy.util.test.junit.AutoTests" name="[4] /home/travis/build/icyphy/ptII/ptolemy/domains/de/test/auto/CausalityAndComposabilityAnalysis.xml (RunModel)" time="0.012" />
  <testcase classname="ptolemy.util.test.junit.AutoTests" name="[5] /home/travis/build/icyphy/ptII/ptolemy/domains/de/test/auto/CausalityInterface1.xml (RunModel)" time="0.013" />
  <testcase classname="ptolemy.util.test.junit.AutoTests" name="[6] /home/travis/build/icyphy/ptII/ptolemy/domains/de/test/auto/CausalityInterface15.xml (RunModel)" time="0.014" />
  <testcase classname="ptolemy.util.test.junit.AutoTests" name="[7] /home/travis/build/icyphy/ptII/ptolemy/domains/de/test/auto/CausalityInterface2.xml (RunModel)" time="0.011" />
  <testcase classname="ptolemy.util.test.junit.AutoTests" name="[8] /home/travis/build/icyphy/ptII/ptolemy/domains/de/test/auto/CausalityInterface3.xml (RunModel)" time="0.011" />
  <testcase classname="ptolemy.util.test.junit.AutoTests" name="[9] /home/travis/build/icyphy/ptII/ptolemy/domains/de/test/auto/ClockDrift.xml (RunModel)" time="0.033" />
  <testcase classname="ptolemy.util.test.junit.AutoTests" name="[10] /home/travis/build/icyphy/ptII/ptolemy/domains/de/test/auto/ClockDriftAndValueChange.xml (RunModel)" time="0.033" />
  <testcase classname="ptolemy.util.test.junit.AutoTests" name="[11] /home/travis/build/icyphy/ptII/ptolemy/domains/de/test/auto/ClockDriftChange.xml (RunModel)" time="0.027" />
  <testcase classname="ptolemy.util.test.junit.AutoTests" name="[12] /home/travis/build/icyphy/ptII/ptolemy/domains/de/test/auto/ComposableCausalityAnalysis.xml (RunModel)" time="0.016" />
  <testcase classname="ptolemy.util.test.junit.AutoTests" name="[13] /home/travis/build/icyphy/ptII/ptolemy/domains/de/test/auto/DEFixedPointLimitation.xml (RunModel)" time="0.013" />
  <testcase classname="ptolemy.util.test.junit.AutoTests" name="[14] /home/travis/build/icyphy/ptII/ptolemy/domains/de/test/auto/DEScheduleTest.xml (RunModel)" time="0.011" />
  <testcase classname="ptolemy.util.test.junit.AutoTests" name="[15] /home/travis/build/icyphy/ptII/ptolemy/domains/de/test/auto/DEinDEwithStartTimes.xml (RunModel)" time="0.021" />
  <testcase classname="ptolemy.util.test.junit.AutoTests" name="[16] /home/travis/build/icyphy/ptII/ptolemy/domains/de/test/auto/DEinDEwithStartTimes2.xml (RunModel)" time="0.014" />
  <testcase classname="ptolemy.util.test.junit.AutoTests" name="[17] /home/travis/build/icyphy/ptII/ptolemy/domains/de/test/auto/DateDemo.xml (RunModel)" time="0.028" />
  <testcase classname="ptolemy.util.test.junit.AutoTests" name="[18] /home/travis/build/icyphy/ptII/ptolemy/domains/de/test/auto/DateToEvent.xml (RunModel)" time="2.039" />
  <testcase classname="ptolemy.util.test.junit.AutoTests" name="[19] /home/travis/build/icyphy/ptII/ptolemy/domains/de/test/auto/DepthTest1.xml (RunModel)" time="0.007" />
  <testcase classname="ptolemy.util.test.junit.AutoTests" name="[20] /home/travis/build/icyphy/ptII/ptolemy/domains/de/test/auto/DepthTest2.xml (RunModel)" time="0.017" />
  <testcase classname="ptolemy.util.test.junit.AutoTests" name="[21] /home/travis/build/icyphy/ptII/ptolemy/domains/de/test/auto/DepthTest3.xml (RunModel)" time="0.008" />
  <testcase classname="ptolemy.util.test.junit.AutoTests" name="[22] /home/travis/build/icyphy/ptII/ptolemy/domains/de/test/auto/DepthTest4.xml (RunModel)" time="0.012" />
  <testcase classname="ptolemy.util.test.junit.AutoTests" name="[23] /home/travis/build/icyphy/ptII/ptolemy/domains/de/test/auto/DepthTest5.xml (RunModel)" time="0.014" />
  <testcase classname="ptolemy.util.test.junit.AutoTests" name="[24] /home/travis/build/icyphy/ptII/ptolemy/domains/de/test/auto/DepthTest6.xml (RunModel)" time="0.014" />
  <testcase classname="ptolemy.util.test.junit.AutoTests" name="[25] /home/travis/build/icyphy/ptII/ptolemy/domains/de/test/auto/DepthTest7.xml (RunModel)" time="0.02" />
  <testcase classname="ptolemy.util.test.junit.AutoTests" name="[26] /home/travis/build/icyphy/ptII/ptolemy/domains/de/test/auto/EventToDate.xml (RunModel)" time="3.045" />
  <testcase classname="ptolemy.util.test.junit.AutoTests" name="[27] /home/travis/build/icyphy/ptII/ptolemy/domains/de/test/auto/FSM1.xml (RunModel)" time="0.036" />
  <testcase classname="ptolemy.util.test.junit.AutoTests" name="[28] /home/travis/build/icyphy/ptII/ptolemy/domains/de/test/auto/FSM7.xml (RunModel)" time="0.03" />
  <testcase classname="ptolemy.util.test.junit.AutoTests" name="[29] /home/travis/build/icyphy/ptII/ptolemy/domains/de/test/auto/Inspection.xml (RunModel)" time="0.037" />
  <testcase classname="ptolemy.util.test.junit.AutoTests" name="[30] /home/travis/build/icyphy/ptII/ptolemy/domains/de/test/auto/Iteration.xml (RunModel)" time="0.015" />
  <testcase classname="ptolemy.util.test.junit.AutoTests" name="[31] /home/travis/build/icyphy/ptII/ptolemy/domains/de/test/auto/LineFault.xml (RunModel)" time="0.396" />
  <testcase classname="ptolemy.util.test.junit.AutoTests" name="[32] /home/travis/build/icyphy/ptII/ptolemy/domains/de/test/auto/MergeModel1Add.xml (RunModel)" time="0.031" />
  <testcase classname="ptolemy.util.test.junit.AutoTests" name="[33] /home/travis/build/icyphy/ptII/ptolemy/domains/de/test/auto/MergeModel2Add.xml (RunModel)" time="0.025" />
  <testcase classname="ptolemy.util.test.junit.AutoTests" name="[34] /home/travis/build/icyphy/ptII/ptolemy/domains/de/test/auto/MergeModel3Add.xml (RunModel)" time="0.024" />
  <testcase classname="ptolemy.util.test.junit.AutoTests" name="[35] /home/travis/build/icyphy/ptII/ptolemy/domains/de/test/auto/MergeWithoutDiscard.xml (RunModel)" time="0.008" />
  <testcase classname="ptolemy.util.test.junit.AutoTests" name="[36] /home/travis/build/icyphy/ptII/ptolemy/domains/de/test/auto/Modal1.xml (RunModel)" time="0.018" />
  <testcase classname="ptolemy.util.test.junit.AutoTests" name="[37] /home/travis/build/icyphy/ptII/ptolemy/domains/de/test/auto/Modal2.xml (RunModel)" time="0.023" />
  <testcase classname="ptolemy.util.test.junit.AutoTests" name="[38] /home/travis/build/icyphy/ptII/ptolemy/domains/de/test/auto/Modal3.xml (RunModel)" time="0.028" />
  <testcase classname="ptolemy.util.test.junit.AutoTests" name="[39] /home/travis/build/icyphy/ptII/ptolemy/domains/de/test/auto/Modal4.xml (RunModel)" time="0.038" />
  <testcase classname="ptolemy.util.test.junit.AutoTests" name="[40] /home/travis/build/icyphy/ptII/ptolemy/domains/de/test/auto/Modal5.xml (RunModel)" time="0.034" />
  <testcase classname="ptolemy.util.test.junit.AutoTests" name="[41] /home/travis/build/icyphy/ptII/ptolemy/domains/de/test/auto/Modal6.xml (RunModel)" time="0.026" />
  <testcase classname="ptolemy.util.test.junit.AutoTests" name="[42] /home/travis/build/icyphy/ptII/ptolemy/domains/de/test/auto/Modal7.xml (RunModel)" time="0.027" />
  <testcase classname="ptolemy.util.test.junit.AutoTests" name="[43] /home/travis/build/icyphy/ptII/ptolemy/domains/de/test/auto/ModalModel.xml (RunModel)" time="0.151" />
  <testcase classname="ptolemy.util.test.junit.AutoTests" name="[44] /home/travis/build/icyphy/ptII/ptolemy/domains/de/test/auto/ModalSource.xml (RunModel)" time="0.02" />
  <testcase classname="ptolemy.util.test.junit.AutoTests" name="[45] /home/travis/build/icyphy/ptII/ptolemy/domains/de/test/auto/NonInterruptibleTimerZeroDelay.xml (RunModel)" time="0.011" />
  <testcase classname="ptolemy.util.test.junit.AutoTests" name="[46] /home/travis/build/icyphy/ptII/ptolemy/domains/de/test/auto/OpenQueueingNetwork.xml (RunModel)" time="2.011" />
  <testcase classname="ptolemy.util.test.junit.AutoTests" name="[47] /home/travis/build/icyphy/ptII/ptolemy/domains/de/test/auto/OpenQueuingNetwork.xml (RunModel)" time="0.287" />
  <testcase classname="ptolemy.util.test.junit.AutoTests" name="[48] /home/travis/build/icyphy/ptII/ptolemy/domains/de/test/auto/PeriodicSampler.xml (RunModel)" time="0.007" />
  <testcase classname="ptolemy.util.test.junit.AutoTests" name="[49] /home/travis/build/icyphy/ptII/ptolemy/domains/de/test/auto/PersistentIO.xml (RunModel)" time="0.019" />
  <testcase classname="ptolemy.util.test.junit.AutoTests" name="[50] /home/travis/build/icyphy/ptII/ptolemy/domains/de/test/auto/PortParameterResetOnInitialize.xml (RunModel)" time="0.009" />
  <testcase classname="ptolemy.util.test.junit.AutoTests" name="[51] /home/travis/build/icyphy/ptII/ptolemy/domains/de/test/auto/PortParameterUpdates.xml (RunModel)" time="0.021" />
  <testcase classname="ptolemy.util.test.junit.AutoTests" name="[52] /home/travis/build/icyphy/ptII/ptolemy/domains/de/test/auto/QueueAndServer.xml (RunModel)" time="0.027" />
  <testcase classname="ptolemy.util.test.junit.AutoTests" name="[53] /home/travis/build/icyphy/ptII/ptolemy/domains/de/test/auto/Records.xml (RunModel)" time="0.02" />
  <testcase classname="ptolemy.util.test.junit.AutoTests" name="[54] /home/travis/build/icyphy/ptII/ptolemy/domains/de/test/auto/ResetTransitionWithStartTime1.xml (RunModel)" time="0.018" />
  <testcase classname="ptolemy.util.test.junit.AutoTests" name="[55] /home/travis/build/icyphy/ptII/ptolemy/domains/de/test/auto/ResetTransitionWithStartTime2.xml (RunModel)" time="0.018" />
  <testcase classname="ptolemy.util.test.junit.AutoTests" name="[56] /home/travis/build/icyphy/ptII/ptolemy/domains/de/test/auto/ResetTransitionWithStartTime3.xml (RunModel)" time="0.022" />
  <testcase classname="ptolemy.util.test.junit.AutoTests" name="[57] /home/travis/build/icyphy/ptII/ptolemy/domains/de/test/auto/ResetTransitionWithStartTime4.xml (RunModel)" time="0.021" />
  <testcase classname="ptolemy.util.test.junit.AutoTests" name="[58] /home/travis/build/icyphy/ptII/ptolemy/domains/de/test/auto/ResettableTimer1.xml (RunModel)" time="0.01" />
  <testcase classname="ptolemy.util.test.junit.AutoTests" name="[59] /home/travis/build/icyphy/ptII/ptolemy/domains/de/test/auto/ResettableTimer2.xml (RunModel)" time="0.009" />
  <testcase classname="ptolemy.util.test.junit.AutoTests" name="[60] /home/travis/build/icyphy/ptII/ptolemy/domains/de/test/auto/ResettableTimer3.xml (RunModel)" time="0.007" />
  <testcase classname="ptolemy.util.test.junit.AutoTests" name="[61] /home/travis/build/icyphy/ptII/ptolemy/domains/de/test/auto/ResettableTimer4.xml (RunModel)" time="0.009" />
  <testcase classname="ptolemy.util.test.junit.AutoTests" name="[62] /home/travis/build/icyphy/ptII/ptolemy/domains/de/test/auto/ResettableTimer5.xml (RunModel)" time="0.008" />
  <testcase classname="ptolemy.util.test.junit.AutoTests" name="[63] /home/travis/build/icyphy/ptII/ptolemy/domains/de/test/auto/ResettableTimer6.xml (RunModel)" time="0.018" />
  <testcase classname="ptolemy.util.test.junit.AutoTests" name="[64] /home/travis/build/icyphy/ptII/ptolemy/domains/de/test/auto/ServerZeroDelay.xml (RunModel)" time="0.011" />
  <testcase classname="ptolemy.util.test.junit.AutoTests" name="[65] /home/travis/build/icyphy/ptII/ptolemy/domains/de/test/auto/SmartSender.xml (RunModel)" time="3.008" />
  <testcase classname="ptolemy.util.test.junit.AutoTests" name="[66] /home/travis/build/icyphy/ptII/ptolemy/domains/de/test/auto/ThreadedComposite.xml (RunModel)" time="1.613" />
  <testcase classname="ptolemy.util.test.junit.AutoTests" name="[67] /home/travis/build/icyphy/ptII/ptolemy/domains/de/test/auto/Time.xml (RunModel)" time="0.435" />
  <testcase classname="ptolemy.util.test.junit.AutoTests" name="[68] /home/travis/build/icyphy/ptII/ptolemy/domains/de/test/auto/TimeDelayZeroDelay.xml (RunModel)" time="0.013" />
  <testcase classname="ptolemy.util.test.junit.AutoTests" name="[69] /home/travis/build/icyphy/ptII/ptolemy/domains/de/test/auto/TimerZeroDelay.xml (RunModel)" time="0.013" />
  <testcase classname="ptolemy.util.test.junit.AutoTests" name="[70] /home/travis/build/icyphy/ptII/ptolemy/domains/de/test/auto/TimingParadox.xml (RunModel)" time="0.342" />
  <testcase classname="ptolemy.util.test.junit.AutoTests" name="[71] /home/travis/build/icyphy/ptII/ptolemy/domains/de/test/auto/TransferInputs.xml (RunModel)" time="0.01" />
  <testcase classname="ptolemy.util.test.junit.AutoTests" name="[72] /home/travis/build/icyphy/ptII/ptolemy/domains/de/test/auto/TransferOutputs2.xml (RunModel)" time="0.014" />
  <testcase classname="ptolemy.util.test.junit.AutoTests" name="[73] /home/travis/build/icyphy/ptII/ptolemy/domains/de/test/auto/Trilateration.xml (RunModel)" time="11.145" />
  <testcase classname="ptolemy.util.test.junit.AutoTests" name="[74] /home/travis/build/icyphy/ptII/ptolemy/domains/de/test/auto/TwoSigmaDelta.xml (RunModel)" time="1.863" />
  <testcase classname="ptolemy.util.test.junit.AutoTests" name="[75] /home/travis/build/icyphy/ptII/ptolemy/domains/de/test/auto/VariableDelay.xml (RunModel)" time="0.018" />
  <testcase classname="ptolemy.util.test.junit.AutoTests" name="[76] /home/travis/build/icyphy/ptII/ptolemy/domains/de/test/auto/VariableDelay2.xml (RunModel)" time="0.011" />
  <testcase classname="ptolemy.util.test.junit.AutoTests" name="[77] /home/travis/build/icyphy/ptII/ptolemy/domains/de/test/auto/VariableDelayZeroDelay.xml (RunModel)" time="0.011" />
  <testcase classname="ptolemy.util.test.junit.AutoTests" name="[78] /home/travis/build/icyphy/ptII/ptolemy/domains/de/test/auto/VariableDelayZeroDelay2.xml (RunModel)" time="0.009" />
  <testcase classname="ptolemy.util.test.junit.AutoTests" name="[79] /home/travis/build/icyphy/ptII/ptolemy/domains/de/test/auto/deInCt.xml (RunModel)" time="0.018" />
  <testcase classname="ptolemy.util.test.junit.AutoTests" name="[80] /home/travis/build/icyphy/ptII/ptolemy/domains/de/test/auto/deInCt2.xml (RunModel)" time="0.031" />
  <testcase classname="ptolemy.util.test.junit.AutoTests" name="[81] /home/travis/build/icyphy/ptII/ptolemy/domains/de/test/auto/dynamicCausalityInterface1.xml (RunModel)" time="0.025" />
  <testcase classname="ptolemy.util.test.junit.AutoTests" name="[82] /home/travis/build/icyphy/ptII/ptolemy/domains/de/test/auto/fsm_de_test.xml (RunModel)" time="0.034" />
  <testcase classname="ptolemy.util.test.junit.AutoTests" name="[83] /home/travis/build/icyphy/ptII/ptolemy/domains/de/test/auto/functionDependencyReconstruction.xml (RunModel)" time="0.036" />
  <testcase classname="ptolemy.util.test.junit.AutoTests" name="[84] /home/travis/build/icyphy/ptII/ptolemy/domains/de/test/auto/multirate.xml (RunModel)" time="0.016" />
  <testcase classname="ptolemy.util.test.junit.AutoTests" name="[85] /home/travis/build/icyphy/ptII/ptolemy/domains/de/test/auto/multirate2.xml (RunModel)" time="0.025" />
  <testcase classname="ptolemy.util.test.junit.AutoTests" name="[86] /home/travis/build/icyphy/ptII/ptolemy/domains/de/test/auto/realtime.xml (RunModel)" time="10.017" />
  <testcase classname="ptolemy.util.test.junit.AutoTests" name="[87] /home/travis/build/icyphy/ptII/ptolemy/domains/de/test/auto/relationGroup.xml (RunModel)" time="0.007" />
  <testcase classname="ptolemy.util.test.junit.AutoTests" name="[88] /home/travis/build/icyphy/ptII/ptolemy/domains/de/test/auto/relationGroup2.xml (RunModel)" time="0.007" />
  <testcase classname="ptolemy.util.test.junit.AutoTests" name="[89] /home/travis/build/icyphy/ptII/ptolemy/domains/de/test/auto/sortWithOpaquePorts.xml (RunModel)" time="0.006" />
  <testcase classname="ptolemy.util.test.junit.AutoTests" name="[90] /home/travis/build/icyphy/ptII/ptolemy/domains/de/test/auto/transferInputsandOutputs.xml (RunModel)" time="0.018" />
  <testcase classname="ptolemy.util.test.junit.AutoTests" name="[91] /home/travis/build/icyphy/ptII/ptolemy/domains/de/test/auto/triggerType.xml (RunModel)" time="0.007" />
  <system-out><![CDATA[/home/travis/build/icyphy/ptII/ptolemy/domains/de/test/DependencyLoop.tcl
testDefs.tcl: setting time out to 9000 seconds at Sat Jan 05 03:13:23 UTC 2019
13 ms. Memory: 116224K Free: 93461K (80%)
6 ms. Memory: 146944K Free: 135066K (92%)
/home/travis/build/icyphy/ptII/ptolemy/domains/de/test/RunDETestsAsQSS.tcl
Run the DE tests using ptolemy.domains.qss.test.QSSDirectorTest, which extends QSSDirector and prints a message in the constructors.
------------------ testing $PTII/ptolemy/domains/de/test/auto/knownFailedTests/dependencyLoop.xml (Known Failure) 
12 ms. Memory: 146944K Free: 131953K (90%)


==== $PTIIhome/travis/build/icyphy/ptII/ptolemy/domains/de/test/../../../../: Auto Automatic test in file $PTII/ptolemy/domains/de/test/auto/knownFailedTests/dependencyLoop.xml
==== Contents of test case:

	    # FIXME: we should use $relativeFilename here, but it
	    # might have backslashes under Windows, which causes no end
	    # of trouble.
	    createAndExecute $file
	    list {}
	
.... Test generated KNOWN error:
    while executing
ptolemy.kernel.util.IllegalActionException: Found a zero delay loop containing .dependencyLoop.original
  in .dependencyLoop and .dependencyLoop.original
	at ptolemy.actor.util.CausalityInterfaceForComposites._computeOutputPortDepth(CausalityInterfaceForComposites.java:759)
	at ptolemy.actor.util.CausalityInterfaceForComposites._computeInputDepth(CausalityInterfaceForComposites.java:696)
	at ptolemy.actor.util.CausalityInterfaceForComposites._computeOutputPortDepth(CausalityInterfaceForComposites.java:765)
	at ptolemy.actor.util.CausalityInterfaceForComposites._computeInputDepth(CausalityInterfaceForComposites.java:696)
	at ptolemy.actor.util.CausalityInterfaceForComposites._computeOutputPortDepth(CausalityInterfaceForComposites.java:765)
	at ptolemy.actor.util.CausalityInterfaceForComposites._computeInputDepth(CausalityInterfaceForComposites.java:696)
	at ptolemy.actor.util.CausalityInterfaceForComposites._computeActorDepth(CausalityInterfaceForComposites.java:532)
	at ptolemy.actor.util.CausalityInterfaceForComposites.checkForCycles(CausalityInterfaceForComposites.java:96)
	at ptolemy.domains.de.kernel.DEDirector.preinitialize(DEDirector.java:1338)
	at ptolemy.actor.CompositeActor.preinitialize(CompositeActor.java:1828)
	at ptolemy.actor.Manager.preinitializeAndResolveTypes(Manager.java:1040)
	at ptolemy.actor.Manager.initialize(Manager.java:710)
	at ptolemy.actor.Manager.execute(Manager.java:356)
	at ptolemy.actor.Manager.run(Manager.java:1263)
	at ptolemy.actor.Manager$PtolemyRunThread.run(Manager.java:1915)

    while executing
ptolemy.kernel.util.IllegalActionException: Found a zero delay loop containing .dependencyLoop.original
  in .dependencyLoop and .dependencyLoop.original
    while executing
"java::new ptolemy.moml.MoMLSimpleApplication $file
"
    (procedure "createAndExecute" line 2)
    invoked from within
"createAndExecute $file"
    ("uplevel" body line 5)
    invoked from within
"uplevel $contents_of_test"
------------------ testing $PTII/ptolemy/domains/de/test/auto/knownFailedTests/DESDFClockTest.xml (Known Failure) 
2049 ms. Memory: 146944K Free: 116575K (79%)


==== $PTIIhome/travis/build/icyphy/ptII/ptolemy/domains/de/test/../../../../: Auto Automatic test in file $PTII/ptolemy/domains/de/test/auto/knownFailedTests/DESDFClockTest.xml
==== Contents of test case:

	    # FIXME: we should use $relativeFilename here, but it
	    # might have backslashes under Windows, which causes no end
	    # of trouble.
	    createAndExecute $file
	    list {}
	
.... Test generated KNOWN error:
    while executing
ptolemy.kernel.util.IllegalActionException: Actor is not ready to fire.  Perhaps UpSample.prefire() returned false? Try debugging the actor by selecting "Listen to Actor".  Also, for SDF check moml for tokenConsumptionRate on input.
  in .DESDFClockTest.Play Bell.Copy1:SDF Director and .DESDFClockTest.Play Bell.UpSample
	at ptolemy.actor.sched.StaticSchedulingDirector.fire(StaticSchedulingDirector.java:227)
	at ptolemy.domains.sdf.kernel.SDFDirector.fire(SDFDirector.java:500)
	at ptolemy.actor.CompositeActor.fire(CompositeActor.java:455)
	at ptolemy.domains.de.kernel.DEDirector._fire(DEDirector.java:1949)
	at ptolemy.domains.de.kernel.DEDirector.fire(DEDirector.java:502)
	at ptolemy.actor.CompositeActor.fire(CompositeActor.java:455)
	at ptolemy.actor.Manager.iterate(Manager.java:851)
	at ptolemy.actor.Manager.execute(Manager.java:369)
	at ptolemy.actor.Manager.run(Manager.java:1263)
	at ptolemy.actor.Manager$PtolemyRunThread.run(Manager.java:1915)

    while executing
ptolemy.kernel.util.IllegalActionException: Actor is not ready to fire.  Perhaps UpSample.prefire() returned false? Try debugging the actor by selecting "Listen to Actor".  Also, for SDF check moml for tokenConsumptionRate on input.
  in .DESDFClockTest.Play Bell.Copy1:SDF Director and .DESDFClockTest.Play Bell.UpSample
    while executing
"java::new ptolemy.moml.MoMLSimpleApplication $file
"
    (procedure "createAndExecute" line 2)
    invoked from within
"createAndExecute $file"
    ("uplevel" body line 5)
    invoked from within
"uplevel $contents_of_test"
------------------ testing $PTII/ptolemy/domains/de/test/auto/knownFailedTests/FSMSource.xml (Known Failure) 
40 ms. Memory: 146944K Free: 107639K (73%)
!!!! Auto was marked as failing, but now passes
------------------ testing $PTII/ptolemy/domains/de/test/auto/knownFailedTests/dependencyLoop2.xml (Known Failure) 
15 ms. Memory: 146944K Free: 105780K (72%)


==== $PTIIhome/travis/build/icyphy/ptII/ptolemy/domains/de/test/../../../../: Auto Automatic test in file $PTII/ptolemy/domains/de/test/auto/knownFailedTests/dependencyLoop2.xml
==== Contents of test case:

	    # FIXME: we should use $relativeFilename here, but it
	    # might have backslashes under Windows, which causes no end
	    # of trouble.
	    createAndExecute $file
	    list {}
	
.... Test generated KNOWN error:
    while executing
ptolemy.kernel.util.IllegalActionException: Found a zero delay loop containing .dependencyLoop2.original
  in .dependencyLoop2 and .dependencyLoop2.original
	at ptolemy.actor.util.CausalityInterfaceForComposites._computeOutputPortDepth(CausalityInterfaceForComposites.java:759)
	at ptolemy.actor.util.CausalityInterfaceForComposites._computeInputDepth(CausalityInterfaceForComposites.java:696)
	at ptolemy.actor.util.CausalityInterfaceForComposites._computeOutputPortDepth(CausalityInterfaceForComposites.java:765)
	at ptolemy.actor.util.CausalityInterfaceForComposites._computeInputDepth(CausalityInterfaceForComposites.java:696)
	at ptolemy.actor.util.CausalityInterfaceForComposites._computeOutputPortDepth(CausalityInterfaceForComposites.java:765)
	at ptolemy.actor.util.CausalityInterfaceForComposites._computeInputDepth(CausalityInterfaceForComposites.java:696)
	at ptolemy.actor.util.CausalityInterfaceForComposites._computeActorDepth(CausalityInterfaceForComposites.java:532)
	at ptolemy.actor.util.CausalityInterfaceForComposites.checkForCycles(CausalityInterfaceForComposites.java:96)
	at ptolemy.domains.de.kernel.DEDirector.preinitialize(DEDirector.java:1338)
	at ptolemy.actor.CompositeActor.preinitialize(CompositeActor.java:1828)
	at ptolemy.actor.Manager.preinitializeAndResolveTypes(Manager.java:1040)
	at ptolemy.actor.Manager.initialize(Manager.java:710)
	at ptolemy.actor.Manager.execute(Manager.java:356)
	at ptolemy.actor.Manager.run(Manager.java:1263)
	at ptolemy.actor.Manager$PtolemyRunThread.run(Manager.java:1915)

    while executing
ptolemy.kernel.util.IllegalActionException: Found a zero delay loop containing .dependencyLoop2.original
  in .dependencyLoop2 and .dependencyLoop2.original
    while executing
"java::new ptolemy.moml.MoMLSimpleApplication $file
"
    (procedure "createAndExecute" line 2)
    invoked from within
"createAndExecute $file"
    ("uplevel" body line 5)
    invoked from within
"uplevel $contents_of_test"
------------------ testing $PTII/ptolemy/domains/de/test/auto/knownFailedTests/HierarchicalModel.xml (Known Failure) 
9 ms. Memory: 146944K Free: 84228K (57%)


==== $PTIIhome/travis/build/icyphy/ptII/ptolemy/domains/de/test/../../../../: Auto Automatic test in file $PTII/ptolemy/domains/de/test/auto/knownFailedTests/HierarchicalModel.xml
==== Contents of test case:

	    # FIXME: we should use $relativeFilename here, but it
	    # might have backslashes under Windows, which causes no end
	    # of trouble.
	    createAndExecute $file
	    list {}
	
.... Test generated KNOWN error:
    while executing
ptolemy.kernel.util.IllegalActionException: Found a zero delay loop containing .HierarchicalModel.A
  in .HierarchicalModel and .HierarchicalModel.A
	at ptolemy.actor.util.CausalityInterfaceForComposites._computeOutputPortDepth(CausalityInterfaceForComposites.java:759)
	at ptolemy.actor.util.CausalityInterfaceForComposites._computeInputDepth(CausalityInterfaceForComposites.java:696)
	at ptolemy.actor.util.CausalityInterfaceForComposites._computeOutputPortDepth(CausalityInterfaceForComposites.java:765)
	at ptolemy.actor.util.CausalityInterfaceForComposites._computeInputDepth(CausalityInterfaceForComposites.java:696)
	at ptolemy.actor.util.CausalityInterfaceForComposites._computeOutputPortDepth(CausalityInterfaceForComposites.java:765)
	at ptolemy.actor.util.CausalityInterfaceForComposites._computeInputDepth(CausalityInterfaceForComposites.java:696)
	at ptolemy.actor.util.CausalityInterfaceForComposites._computeActorDepth(CausalityInterfaceForComposites.java:532)
	at ptolemy.actor.util.CausalityInterfaceForComposites.checkForCycles(CausalityInterfaceForComposites.java:96)
	at ptolemy.domains.de.kernel.DEDirector.preinitialize(DEDirector.java:1338)
	at ptolemy.actor.CompositeActor.preinitialize(CompositeActor.java:1828)
	at ptolemy.actor.Manager.preinitializeAndResolveTypes(Manager.java:1040)
	at ptolemy.actor.Manager.initialize(Manager.java:710)
	at ptolemy.actor.Manager.execute(Manager.java:356)
	at ptolemy.actor.Manager.run(Manager.java:1263)
	at ptolemy.actor.Manager$PtolemyRunThread.run(Manager.java:1915)

    while executing
ptolemy.kernel.util.IllegalActionException: Found a zero delay loop containing .HierarchicalModel.A
  in .HierarchicalModel and .HierarchicalModel.A
    while executing
"java::new ptolemy.moml.MoMLSimpleApplication $file
"
    (procedure "createAndExecute" line 2)
    invoked from within
"createAndExecute $file"
    ("uplevel" body line 5)
    invoked from within
"uplevel $contents_of_test"
------------------ testing $PTII/ptolemy/domains/de/test/auto/knownFailedTests/DirectFeedback.xml (Known Failure) 
9 ms. Memory: 146944K Free: 141106K (96%)


==== $PTIIhome/travis/build/icyphy/ptII/ptolemy/domains/de/test/../../../../: Auto Automatic test in file $PTII/ptolemy/domains/de/test/auto/knownFailedTests/DirectFeedback.xml
==== Contents of test case:

	    # FIXME: we should use $relativeFilename here, but it
	    # might have backslashes under Windows, which causes no end
	    # of trouble.
	    createAndExecute $file
	    list {}
	
.... Test generated KNOWN error:
    while executing
ptolemy.kernel.util.IllegalActionException: Test fails in iteration 1.
Value was: 1.0. Should have been: 2.0
  in .DirectFeedback.Test
	at ptolemy.actor.lib.Test.fire(Test.java:268)
	at ptolemy.domains.de.kernel.DEDirector._fire(DEDirector.java:1949)
	at ptolemy.domains.de.kernel.DEDirector.fire(DEDirector.java:502)
	at ptolemy.actor.CompositeActor.fire(CompositeActor.java:455)
	at ptolemy.actor.Manager.iterate(Manager.java:851)
	at ptolemy.actor.Manager.execute(Manager.java:369)
	at ptolemy.actor.Manager.run(Manager.java:1263)
	at ptolemy.actor.Manager$PtolemyRunThread.run(Manager.java:1915)

    while executing
ptolemy.kernel.util.IllegalActionException: Test fails in iteration 1.
Value was: 1.0. Should have been: 2.0
  in .DirectFeedback.Test
    while executing
"java::new ptolemy.moml.MoMLSimpleApplication $file
"
    (procedure "createAndExecute" line 2)
    invoked from within
"createAndExecute $file"
    ("uplevel" body line 5)
    invoked from within
"uplevel $contents_of_test"
------------------ testing $PTII/ptolemy/domains/de/test/auto/ActorDepthCalculation_actorWithoutPorts.xml
auto.tcl: Setting watchdog for 200 seconds at Sat Jan 05 03:13:26 UTC 2019
7 ms. Memory: 146944K Free: 132403K (90%)
ptolemy.util.test.WatchDog.cancel(): canceling Sat Jan 05 03:13:26 UTC 2019
auto.tcl: Setting watchdog for 200 seconds at Sat Jan 05 03:13:26 UTC 2019
4 ms. Memory: 146944K Free: 131362K (89%)
ptolemy.util.test.WatchDog.cancel(): canceling Sat Jan 05 03:13:26 UTC 2019
------------------ testing $PTII/ptolemy/domains/de/test/auto/AssemblyLine.xml
auto.tcl: Setting watchdog for 200 seconds at Sat Jan 05 03:13:26 UTC 2019
8 ms. Memory: 208384K Free: 186350K (89%)
ptolemy.util.test.WatchDog.cancel(): canceling Sat Jan 05 03:13:26 UTC 2019
auto.tcl: Setting watchdog for 200 seconds at Sat Jan 05 03:13:26 UTC 2019
5 ms. Memory: 208384K Free: 186350K (89%)
ptolemy.util.test.WatchDog.cancel(): canceling Sat Jan 05 03:13:26 UTC 2019
------------------ testing $PTII/ptolemy/domains/de/test/auto/CQBug1.xml
auto.tcl: Setting watchdog for 200 seconds at Sat Jan 05 03:13:26 UTC 2019
4 ms. Memory: 208384K Free: 197733K (95%)
ptolemy.util.test.WatchDog.cancel(): canceling Sat Jan 05 03:13:26 UTC 2019
auto.tcl: Setting watchdog for 200 seconds at Sat Jan 05 03:13:26 UTC 2019
2 ms. Memory: 208384K Free: 197733K (95%)
ptolemy.util.test.WatchDog.cancel(): canceling Sat Jan 05 03:13:26 UTC 2019
------------------ testing $PTII/ptolemy/domains/de/test/auto/CancelFireAt.xml
auto.tcl: Setting watchdog for 200 seconds at Sat Jan 05 03:13:26 UTC 2019
4 ms. Memory: 208384K Free: 201441K (97%)
ptolemy.util.test.WatchDog.cancel(): canceling Sat Jan 05 03:13:26 UTC 2019
auto.tcl: Setting watchdog for 200 seconds at Sat Jan 05 03:13:26 UTC 2019
2 ms. Memory: 208384K Free: 199351K (96%)
ptolemy.util.test.WatchDog.cancel(): canceling Sat Jan 05 03:13:26 UTC 2019
------------------ testing $PTII/ptolemy/domains/de/test/auto/CausalityAndComposabilityAnalysis.xml
auto.tcl: Setting watchdog for 200 seconds at Sat Jan 05 03:13:26 UTC 2019
14 ms. Memory: 208384K Free: 196513K (94%)
ptolemy.util.test.WatchDog.cancel(): canceling Sat Jan 05 03:13:26 UTC 2019
auto.tcl: Setting watchdog for 200 seconds at Sat Jan 05 03:13:26 UTC 2019
14 ms. Memory: 208384K Free: 196513K (94%)
ptolemy.util.test.WatchDog.cancel(): canceling Sat Jan 05 03:13:26 UTC 2019
------------------ testing $PTII/ptolemy/domains/de/test/auto/CausalityInterface1.xml
auto.tcl: Setting watchdog for 200 seconds at Sat Jan 05 03:13:26 UTC 2019
11 ms. Memory: 208384K Free: 196426K (94%)
ptolemy.util.test.WatchDog.cancel(): canceling Sat Jan 05 03:13:27 UTC 2019
auto.tcl: Setting watchdog for 200 seconds at Sat Jan 05 03:13:27 UTC 2019
7 ms. Memory: 208384K Free: 196426K (94%)
ptolemy.util.test.WatchDog.cancel(): canceling Sat Jan 05 03:13:27 UTC 2019
------------------ testing $PTII/ptolemy/domains/de/test/auto/CausalityInterface15.xml
auto.tcl: Setting watchdog for 200 seconds at Sat Jan 05 03:13:27 UTC 2019
12 ms. Memory: 208384K Free: 196433K (94%)
ptolemy.util.test.WatchDog.cancel(): canceling Sat Jan 05 03:13:27 UTC 2019
auto.tcl: Setting watchdog for 200 seconds at Sat Jan 05 03:13:27 UTC 2019
8 ms. Memory: 208384K Free: 196433K (94%)
ptolemy.util.test.WatchDog.cancel(): canceling Sat Jan 05 03:13:27 UTC 2019
------------------ testing $PTII/ptolemy/domains/de/test/auto/CausalityInterface2.xml
auto.tcl: Setting watchdog for 200 seconds at Sat Jan 05 03:13:27 UTC 2019
4 ms. Memory: 208384K Free: 196400K (94%)
ptolemy.util.test.WatchDog.cancel(): canceling Sat Jan 05 03:13:27 UTC 2019
auto.tcl: Setting watchdog for 200 seconds at Sat Jan 05 03:13:27 UTC 2019
6 ms. Memory: 208384K Free: 196400K (94%)
ptolemy.util.test.WatchDog.cancel(): canceling Sat Jan 05 03:13:27 UTC 2019
------------------ testing $PTII/ptolemy/domains/de/test/auto/CausalityInterface3.xml
auto.tcl: Setting watchdog for 200 seconds at Sat Jan 05 03:13:27 UTC 2019
5 ms. Memory: 208384K Free: 196428K (94%)
ptolemy.util.test.WatchDog.cancel(): canceling Sat Jan 05 03:13:27 UTC 2019
auto.tcl: Setting watchdog for 200 seconds at Sat Jan 05 03:13:27 UTC 2019
3 ms. Memory: 208384K Free: 196428K (94%)
ptolemy.util.test.WatchDog.cancel(): canceling Sat Jan 05 03:13:27 UTC 2019
------------------ testing $PTII/ptolemy/domains/de/test/auto/ClockDrift.xml
auto.tcl: Setting watchdog for 200 seconds at Sat Jan 05 03:13:27 UTC 2019
85 ms. Memory: 208384K Free: 187649K (90%)
ptolemy.util.test.WatchDog.cancel(): canceling Sat Jan 05 03:13:27 UTC 2019
auto.tcl: Setting watchdog for 200 seconds at Sat Jan 05 03:13:27 UTC 2019
61 ms. Memory: 208384K Free: 185543K (89%)
ptolemy.util.test.WatchDog.cancel(): canceling Sat Jan 05 03:13:27 UTC 2019
------------------ testing $PTII/ptolemy/domains/de/test/auto/ClockDriftAndValueChange.xml
auto.tcl: Setting watchdog for 200 seconds at Sat Jan 05 03:13:27 UTC 2019
46 ms. Memory: 208384K Free: 187499K (90%)
ptolemy.util.test.WatchDog.cancel(): canceling Sat Jan 05 03:13:27 UTC 2019
auto.tcl: Setting watchdog for 200 seconds at Sat Jan 05 03:13:27 UTC 2019
25 ms. Memory: 208384K Free: 185393K (89%)
ptolemy.util.test.WatchDog.cancel(): canceling Sat Jan 05 03:13:27 UTC 2019
------------------ testing $PTII/ptolemy/domains/de/test/auto/ClockDriftChange.xml
auto.tcl: Setting watchdog for 200 seconds at Sat Jan 05 03:13:27 UTC 2019
20 ms. Memory: 208384K Free: 190819K (92%)
ptolemy.util.test.WatchDog.cancel(): canceling Sat Jan 05 03:13:27 UTC 2019
auto.tcl: Setting watchdog for 200 seconds at Sat Jan 05 03:13:27 UTC 2019
22 ms. Memory: 208384K Free: 188713K (91%)
ptolemy.util.test.WatchDog.cancel(): canceling Sat Jan 05 03:13:27 UTC 2019
------------------ testing $PTII/ptolemy/domains/de/test/auto/ComposableCausalityAnalysis.xml
auto.tcl: Setting watchdog for 200 seconds at Sat Jan 05 03:13:27 UTC 2019
1 ms. Memory: 208384K Free: 196276K (94%)
ptolemy.util.test.WatchDog.cancel(): canceling Sat Jan 05 03:13:27 UTC 2019
auto.tcl: Setting watchdog for 200 seconds at Sat Jan 05 03:13:27 UTC 2019
1 ms. Memory: 208384K Free: 194170K (93%)
ptolemy.util.test.WatchDog.cancel(): canceling Sat Jan 05 03:13:27 UTC 2019
------------------ testing $PTII/ptolemy/domains/de/test/auto/DEFixedPointLimitation.xml
auto.tcl: Setting watchdog for 200 seconds at Sat Jan 05 03:13:27 UTC 2019
1 ms. Memory: 208384K Free: 196340K (94%)
ptolemy.util.test.WatchDog.cancel(): canceling Sat Jan 05 03:13:28 UTC 2019
auto.tcl: Setting watchdog for 200 seconds at Sat Jan 05 03:13:28 UTC 2019
1 ms. Memory: 208384K Free: 196340K (94%)
ptolemy.util.test.WatchDog.cancel(): canceling Sat Jan 05 03:13:28 UTC 2019
------------------ testing $PTII/ptolemy/domains/de/test/auto/DEScheduleTest.xml
auto.tcl: Setting watchdog for 200 seconds at Sat Jan 05 03:13:28 UTC 2019
6 ms. Memory: 208384K Free: 198828K (95%)
ptolemy.util.test.WatchDog.cancel(): canceling Sat Jan 05 03:13:28 UTC 2019
auto.tcl: Setting watchdog for 200 seconds at Sat Jan 05 03:13:28 UTC 2019
5 ms. Memory: 208384K Free: 196738K (94%)
ptolemy.util.test.WatchDog.cancel(): canceling Sat Jan 05 03:13:28 UTC 2019
------------------ testing $PTII/ptolemy/domains/de/test/auto/DEinDEwithStartTimes.xml
auto.tcl: Setting watchdog for 200 seconds at Sat Jan 05 03:13:28 UTC 2019
4 ms. Memory: 208384K Free: 196354K (94%)
ptolemy.util.test.WatchDog.cancel(): canceling Sat Jan 05 03:13:28 UTC 2019
auto.tcl: Setting watchdog for 200 seconds at Sat Jan 05 03:13:28 UTC 2019
3 ms. Memory: 208384K Free: 194248K (93%)
ptolemy.util.test.WatchDog.cancel(): canceling Sat Jan 05 03:13:28 UTC 2019
------------------ testing $PTII/ptolemy/domains/de/test/auto/DEinDEwithStartTimes2.xml
auto.tcl: Setting watchdog for 200 seconds at Sat Jan 05 03:13:28 UTC 2019
4 ms. Memory: 208384K Free: 196693K (94%)
ptolemy.util.test.WatchDog.cancel(): canceling Sat Jan 05 03:13:28 UTC 2019
auto.tcl: Setting watchdog for 200 seconds at Sat Jan 05 03:13:28 UTC 2019
5 ms. Memory: 208384K Free: 194250K (93%)
ptolemy.util.test.WatchDog.cancel(): canceling Sat Jan 05 03:13:28 UTC 2019
------------------ testing $PTII/ptolemy/domains/de/test/auto/DateDemo.xml
auto.tcl: Setting watchdog for 200 seconds at Sat Jan 05 03:13:28 UTC 2019
12 ms. Memory: 208384K Free: 188790K (91%)
ptolemy.util.test.WatchDog.cancel(): canceling Sat Jan 05 03:13:28 UTC 2019
auto.tcl: Setting watchdog for 200 seconds at Sat Jan 05 03:13:28 UTC 2019
6 ms. Memory: 208384K Free: 186684K (90%)
ptolemy.util.test.WatchDog.cancel(): canceling Sat Jan 05 03:13:28 UTC 2019
------------------ testing $PTII/ptolemy/domains/de/test/auto/DateToEvent.xml
auto.tcl: Setting watchdog for 200 seconds at Sat Jan 05 03:13:28 UTC 2019
2020 ms. Memory: 208384K Free: 183495K (88%)
ptolemy.util.test.WatchDog.cancel(): canceling Sat Jan 05 03:13:30 UTC 2019
auto.tcl: Setting watchdog for 200 seconds at Sat Jan 05 03:13:30 UTC 2019
2005 ms. Memory: 208384K Free: 183495K (88%)
ptolemy.util.test.WatchDog.cancel(): canceling Sat Jan 05 03:13:32 UTC 2019
------------------ testing $PTII/ptolemy/domains/de/test/auto/DepthTest1.xml
auto.tcl: Setting watchdog for 200 seconds at Sat Jan 05 03:13:32 UTC 2019
2 ms. Memory: 208384K Free: 198010K (95%)
ptolemy.util.test.WatchDog.cancel(): canceling Sat Jan 05 03:13:32 UTC 2019
auto.tcl: Setting watchdog for 200 seconds at Sat Jan 05 03:13:32 UTC 2019
1 ms. Memory: 208384K Free: 198010K (95%)
ptolemy.util.test.WatchDog.cancel(): canceling Sat Jan 05 03:13:32 UTC 2019
------------------ testing $PTII/ptolemy/domains/de/test/auto/DepthTest2.xml
auto.tcl: Setting watchdog for 200 seconds at Sat Jan 05 03:13:32 UTC 2019
3 ms. Memory: 208384K Free: 194569K (93%)
ptolemy.util.test.WatchDog.cancel(): canceling Sat Jan 05 03:13:32 UTC 2019
auto.tcl: Setting watchdog for 200 seconds at Sat Jan 05 03:13:32 UTC 2019
6 ms. Memory: 208384K Free: 194569K (93%)
ptolemy.util.test.WatchDog.cancel(): canceling Sat Jan 05 03:13:32 UTC 2019
------------------ testing $PTII/ptolemy/domains/de/test/auto/DepthTest3.xml
auto.tcl: Setting watchdog for 200 seconds at Sat Jan 05 03:13:32 UTC 2019
3 ms. Memory: 208384K Free: 198684K (95%)
ptolemy.util.test.WatchDog.cancel(): canceling Sat Jan 05 03:13:32 UTC 2019
auto.tcl: Setting watchdog for 200 seconds at Sat Jan 05 03:13:32 UTC 2019
2 ms. Memory: 208384K Free: 198684K (95%)
ptolemy.util.test.WatchDog.cancel(): canceling Sat Jan 05 03:13:32 UTC 2019
------------------ testing $PTII/ptolemy/domains/de/test/auto/DepthTest4.xml
auto.tcl: Setting watchdog for 200 seconds at Sat Jan 05 03:13:32 UTC 2019
6 ms. Memory: 208384K Free: 195115K (94%)
ptolemy.util.test.WatchDog.cancel(): canceling Sat Jan 05 03:13:32 UTC 2019
auto.tcl: Setting watchdog for 200 seconds at Sat Jan 05 03:13:32 UTC 2019
3 ms. Memory: 208384K Free: 195115K (94%)
ptolemy.util.test.WatchDog.cancel(): canceling Sat Jan 05 03:13:32 UTC 2019
------------------ testing $PTII/ptolemy/domains/de/test/auto/DepthTest5.xml
auto.tcl: Setting watchdog for 200 seconds at Sat Jan 05 03:13:32 UTC 2019
5 ms. Memory: 208384K Free: 196644K (94%)
ptolemy.util.test.WatchDog.cancel(): canceling Sat Jan 05 03:13:32 UTC 2019
auto.tcl: Setting watchdog for 200 seconds at Sat Jan 05 03:13:32 UTC 2019
2 ms. Memory: 208384K Free: 196644K (94%)
ptolemy.util.test.WatchDog.cancel(): canceling Sat Jan 05 03:13:32 UTC 2019
------------------ testing $PTII/ptolemy/domains/de/test/auto/DepthTest6.xml
auto.tcl: Setting watchdog for 200 seconds at Sat Jan 05 03:13:32 UTC 2019
8 ms. Memory: 208384K Free: 196619K (94%)
ptolemy.util.test.WatchDog.cancel(): canceling Sat Jan 05 03:13:32 UTC 2019
auto.tcl: Setting watchdog for 200 seconds at Sat Jan 05 03:13:32 UTC 2019
2 ms. Memory: 208384K Free: 196619K (94%)
ptolemy.util.test.WatchDog.cancel(): canceling Sat Jan 05 03:13:32 UTC 2019
------------------ testing $PTII/ptolemy/domains/de/test/auto/DepthTest7.xml
auto.tcl: Setting watchdog for 200 seconds at Sat Jan 05 03:13:33 UTC 2019
6 ms. Memory: 208384K Free: 195003K (94%)
ptolemy.util.test.WatchDog.cancel(): canceling Sat Jan 05 03:13:33 UTC 2019
auto.tcl: Setting watchdog for 200 seconds at Sat Jan 05 03:13:33 UTC 2019
2 ms. Memory: 208384K Free: 195003K (94%)
ptolemy.util.test.WatchDog.cancel(): canceling Sat Jan 05 03:13:33 UTC 2019
------------------ testing $PTII/ptolemy/domains/de/test/auto/EventToDate.xml
auto.tcl: Setting watchdog for 200 seconds at Sat Jan 05 03:13:33 UTC 2019
3005 ms. Memory: 208384K Free: 185793K (89%)
ptolemy.util.test.WatchDog.cancel(): canceling Sat Jan 05 03:13:36 UTC 2019
auto.tcl: Setting watchdog for 200 seconds at Sat Jan 05 03:13:36 UTC 2019
3003 ms. Memory: 208384K Free: 185793K (89%)
ptolemy.util.test.WatchDog.cancel(): canceling Sat Jan 05 03:13:39 UTC 2019
------------------ testing $PTII/ptolemy/domains/de/test/auto/FSM1.xml
auto.tcl: Setting watchdog for 200 seconds at Sat Jan 05 03:13:39 UTC 2019
17 ms. Memory: 208384K Free: 184755K (89%)
ptolemy.util.test.WatchDog.cancel(): canceling Sat Jan 05 03:13:39 UTC 2019
auto.tcl: Setting watchdog for 200 seconds at Sat Jan 05 03:13:39 UTC 2019
14 ms. Memory: 208384K Free: 182665K (88%)
ptolemy.util.test.WatchDog.cancel(): canceling Sat Jan 05 03:13:39 UTC 2019
------------------ testing $PTII/ptolemy/domains/de/test/auto/FSM7.xml
auto.tcl: Setting watchdog for 200 seconds at Sat Jan 05 03:13:39 UTC 2019
27 ms. Memory: 208384K Free: 187399K (90%)
ptolemy.util.test.WatchDog.cancel(): canceling Sat Jan 05 03:13:39 UTC 2019
auto.tcl: Setting watchdog for 200 seconds at Sat Jan 05 03:13:39 UTC 2019
12 ms. Memory: 208384K Free: 185293K (89%)
ptolemy.util.test.WatchDog.cancel(): canceling Sat Jan 05 03:13:39 UTC 2019
------------------ testing $PTII/ptolemy/domains/de/test/auto/Inspection.xml
auto.tcl: Setting watchdog for 200 seconds at Sat Jan 05 03:13:39 UTC 2019
24 ms. Memory: 208384K Free: 188603K (91%)
ptolemy.util.test.WatchDog.cancel(): canceling Sat Jan 05 03:13:39 UTC 2019
auto.tcl: Setting watchdog for 200 seconds at Sat Jan 05 03:13:39 UTC 2019
22 ms. Memory: 208384K Free: 186496K (89%)
ptolemy.util.test.WatchDog.cancel(): canceling Sat Jan 05 03:13:39 UTC 2019
------------------ testing $PTII/ptolemy/domains/de/test/auto/Iteration.xml
auto.tcl: Setting watchdog for 200 seconds at Sat Jan 05 03:13:39 UTC 2019
7 ms. Memory: 208384K Free: 196388K (94%)
ptolemy.util.test.WatchDog.cancel(): canceling Sat Jan 05 03:13:39 UTC 2019
auto.tcl: Setting watchdog for 200 seconds at Sat Jan 05 03:13:39 UTC 2019
6 ms. Memory: 208384K Free: 193944K (93%)
ptolemy.util.test.WatchDog.cancel(): canceling Sat Jan 05 03:13:39 UTC 2019
------------------ testing $PTII/ptolemy/domains/de/test/auto/LineFault.xml
auto.tcl: Setting watchdog for 200 seconds at Sat Jan 05 03:13:39 UTC 2019
772 ms. Memory: 208384K Free: 196228K (94%)
ptolemy.util.test.WatchDog.cancel(): canceling Sat Jan 05 03:13:40 UTC 2019
auto.tcl: Setting watchdog for 200 seconds at Sat Jan 05 03:13:40 UTC 2019
519 ms. Memory: 208384K Free: 139084K (67%)
ptolemy.util.test.WatchDog.cancel(): canceling Sat Jan 05 03:13:41 UTC 2019
------------------ testing $PTII/ptolemy/domains/de/test/auto/MergeModel1Add.xml
auto.tcl: Setting watchdog for 200 seconds at Sat Jan 05 03:13:41 UTC 2019
27 ms. Memory: 331264K Free: 298840K (90%)
ptolemy.util.test.WatchDog.cancel(): canceling Sat Jan 05 03:13:41 UTC 2019
auto.tcl: Setting watchdog for 200 seconds at Sat Jan 05 03:13:41 UTC 2019
9 ms. Memory: 331264K Free: 298840K (90%)
ptolemy.util.test.WatchDog.cancel(): canceling Sat Jan 05 03:13:41 UTC 2019
------------------ testing $PTII/ptolemy/domains/de/test/auto/MergeModel2Add.xml
auto.tcl: Setting watchdog for 200 seconds at Sat Jan 05 03:13:41 UTC 2019
8 ms. Memory: 331264K Free: 304142K (92%)
ptolemy.util.test.WatchDog.cancel(): canceling Sat Jan 05 03:13:41 UTC 2019
auto.tcl: Setting watchdog for 200 seconds at Sat Jan 05 03:13:41 UTC 2019
11 ms. Memory: 331264K Free: 300186K (91%)
ptolemy.util.test.WatchDog.cancel(): canceling Sat Jan 05 03:13:41 UTC 2019
------------------ testing $PTII/ptolemy/domains/de/test/auto/MergeModel3Add.xml
auto.tcl: Setting watchdog for 200 seconds at Sat Jan 05 03:13:41 UTC 2019
9 ms. Memory: 331264K Free: 304145K (92%)
ptolemy.util.test.WatchDog.cancel(): canceling Sat Jan 05 03:13:41 UTC 2019
auto.tcl: Setting watchdog for 200 seconds at Sat Jan 05 03:13:41 UTC 2019
5 ms. Memory: 331264K Free: 300204K (91%)
ptolemy.util.test.WatchDog.cancel(): canceling Sat Jan 05 03:13:41 UTC 2019
------------------ testing $PTII/ptolemy/domains/de/test/auto/MergeWithoutDiscard.xml
auto.tcl: Setting watchdog for 200 seconds at Sat Jan 05 03:13:41 UTC 2019
2 ms. Memory: 331264K Free: 320222K (97%)
ptolemy.util.test.WatchDog.cancel(): canceling Sat Jan 05 03:13:41 UTC 2019
auto.tcl: Setting watchdog for 200 seconds at Sat Jan 05 03:13:41 UTC 2019
1 ms. Memory: 331264K Free: 316282K (95%)
ptolemy.util.test.WatchDog.cancel(): canceling Sat Jan 05 03:13:41 UTC 2019
------------------ testing $PTII/ptolemy/domains/de/test/auto/Modal1.xml
auto.tcl: Setting watchdog for 200 seconds at Sat Jan 05 03:13:41 UTC 2019
18 ms. Memory: 331264K Free: 309888K (94%)
ptolemy.util.test.WatchDog.cancel(): canceling Sat Jan 05 03:13:41 UTC 2019
auto.tcl: Setting watchdog for 200 seconds at Sat Jan 05 03:13:41 UTC 2019
17 ms. Memory: 331264K Free: 305931K (92%)
ptolemy.util.test.WatchDog.cancel(): canceling Sat Jan 05 03:13:41 UTC 2019
------------------ testing $PTII/ptolemy/domains/de/test/auto/Modal2.xml
auto.tcl: Setting watchdog for 200 seconds at Sat Jan 05 03:13:41 UTC 2019
15 ms. Memory: 331264K Free: 309770K (94%)
ptolemy.util.test.WatchDog.cancel(): canceling Sat Jan 05 03:13:41 UTC 2019
auto.tcl: Setting watchdog for 200 seconds at Sat Jan 05 03:13:41 UTC 2019
16 ms. Memory: 331264K Free: 305829K (92%)
ptolemy.util.test.WatchDog.cancel(): canceling Sat Jan 05 03:13:41 UTC 2019
------------------ testing $PTII/ptolemy/domains/de/test/auto/Modal3.xml
auto.tcl: Setting watchdog for 200 seconds at Sat Jan 05 03:13:41 UTC 2019
17 ms. Memory: 331264K Free: 309753K (94%)
ptolemy.util.test.WatchDog.cancel(): canceling Sat Jan 05 03:13:41 UTC 2019
auto.tcl: Setting watchdog for 200 seconds at Sat Jan 05 03:13:41 UTC 2019
13 ms. Memory: 331264K Free: 305796K (92%)
ptolemy.util.test.WatchDog.cancel(): canceling Sat Jan 05 03:13:42 UTC 2019
------------------ testing $PTII/ptolemy/domains/de/test/auto/Modal4.xml
auto.tcl: Setting watchdog for 200 seconds at Sat Jan 05 03:13:42 UTC 2019
14 ms. Memory: 331264K Free: 309782K (94%)
ptolemy.util.test.WatchDog.cancel(): canceling Sat Jan 05 03:13:42 UTC 2019
auto.tcl: Setting watchdog for 200 seconds at Sat Jan 05 03:13:42 UTC 2019
16 ms. Memory: 331264K Free: 305825K (92%)
ptolemy.util.test.WatchDog.cancel(): canceling Sat Jan 05 03:13:42 UTC 2019
------------------ testing $PTII/ptolemy/domains/de/test/auto/Modal5.xml
auto.tcl: Setting watchdog for 200 seconds at Sat Jan 05 03:13:42 UTC 2019
20 ms. Memory: 331264K Free: 309769K (94%)
ptolemy.util.test.WatchDog.cancel(): canceling Sat Jan 05 03:13:42 UTC 2019
auto.tcl: Setting watchdog for 200 seconds at Sat Jan 05 03:13:42 UTC 2019
13 ms. Memory: 331264K Free: 305812K (92%)
ptolemy.util.test.WatchDog.cancel(): canceling Sat Jan 05 03:13:42 UTC 2019
------------------ testing $PTII/ptolemy/domains/de/test/auto/Modal6.xml
auto.tcl: Setting watchdog for 200 seconds at Sat Jan 05 03:13:42 UTC 2019
14 ms. Memory: 331264K Free: 309766K (94%)
ptolemy.util.test.WatchDog.cancel(): canceling Sat Jan 05 03:13:42 UTC 2019
auto.tcl: Setting watchdog for 200 seconds at Sat Jan 05 03:13:42 UTC 2019
15 ms. Memory: 331264K Free: 305825K (92%)
ptolemy.util.test.WatchDog.cancel(): canceling Sat Jan 05 03:13:42 UTC 2019
------------------ testing $PTII/ptolemy/domains/de/test/auto/Modal7.xml
auto.tcl: Setting watchdog for 200 seconds at Sat Jan 05 03:13:42 UTC 2019
11 ms. Memory: 331264K Free: 304819K (92%)
ptolemy.util.test.WatchDog.cancel(): canceling Sat Jan 05 03:13:42 UTC 2019
auto.tcl: Setting watchdog for 200 seconds at Sat Jan 05 03:13:42 UTC 2019
11 ms. Memory: 331264K Free: 300878K (91%)
ptolemy.util.test.WatchDog.cancel(): canceling Sat Jan 05 03:13:42 UTC 2019
------------------ testing $PTII/ptolemy/domains/de/test/auto/ModalModel.xml
auto.tcl: Setting watchdog for 200 seconds at Sat Jan 05 03:13:42 UTC 2019
191 ms. Memory: 331264K Free: 248558K (75%)
ptolemy.util.test.WatchDog.cancel(): canceling Sat Jan 05 03:13:42 UTC 2019
auto.tcl: Setting watchdog for 200 seconds at Sat Jan 05 03:13:42 UTC 2019
187 ms. Memory: 331264K Free: 193234K (58%)
ptolemy.util.test.WatchDog.cancel(): canceling Sat Jan 05 03:13:42 UTC 2019
------------------ testing $PTII/ptolemy/domains/de/test/auto/ModalSource.xml
auto.tcl: Setting watchdog for 200 seconds at Sat Jan 05 03:13:42 UTC 2019
10 ms. Memory: 331264K Free: 316493K (96%)
ptolemy.util.test.WatchDog.cancel(): canceling Sat Jan 05 03:13:43 UTC 2019
auto.tcl: Setting watchdog for 200 seconds at Sat Jan 05 03:13:43 UTC 2019
4 ms. Memory: 331264K Free: 312966K (94%)
ptolemy.util.test.WatchDog.cancel(): canceling Sat Jan 05 03:13:43 UTC 2019
------------------ testing $PTII/ptolemy/domains/de/test/auto/NonInterruptibleTimerZeroDelay.xml
auto.tcl: Setting watchdog for 200 seconds at Sat Jan 05 03:13:43 UTC 2019
3 ms. Memory: 331264K Free: 320874K (97%)
ptolemy.util.test.WatchDog.cancel(): canceling Sat Jan 05 03:13:43 UTC 2019
auto.tcl: Setting watchdog for 200 seconds at Sat Jan 05 03:13:43 UTC 2019
2 ms. Memory: 331264K Free: 317331K (96%)
ptolemy.util.test.WatchDog.cancel(): canceling Sat Jan 05 03:13:43 UTC 2019
------------------ testing $PTII/ptolemy/domains/de/test/auto/OpenQueueingNetwork.xml
auto.tcl: Setting watchdog for 200 seconds at Sat Jan 05 03:13:43 UTC 2019
2678 ms. Memory: 573952K Free: 406628K (71%)
ptolemy.util.test.WatchDog.cancel(): canceling Sat Jan 05 03:13:45 UTC 2019
auto.tcl: Setting watchdog for 200 seconds at Sat Jan 05 03:13:45 UTC 2019
2332 ms. Memory: 550912K Free: 308087K (56%)
ptolemy.util.test.WatchDog.cancel(): canceling Sat Jan 05 03:13:48 UTC 2019
------------------ testing $PTII/ptolemy/domains/de/test/auto/OpenQueuingNetwork.xml
auto.tcl: Setting watchdog for 200 seconds at Sat Jan 05 03:13:48 UTC 2019
234 ms. Memory: 549888K Free: 444784K (81%)
ptolemy.util.test.WatchDog.cancel(): canceling Sat Jan 05 03:13:48 UTC 2019
auto.tcl: Setting watchdog for 200 seconds at Sat Jan 05 03:13:48 UTC 2019
214 ms. Memory: 549888K Free: 384519K (70%)
ptolemy.util.test.WatchDog.cancel(): canceling Sat Jan 05 03:13:48 UTC 2019
------------------ testing $PTII/ptolemy/domains/de/test/auto/PeriodicSampler.xml
auto.tcl: Setting watchdog for 200 seconds at Sat Jan 05 03:13:48 UTC 2019
3 ms. Memory: 551936K Free: 530862K (96%)
ptolemy.util.test.WatchDog.cancel(): canceling Sat Jan 05 03:13:48 UTC 2019
auto.tcl: Setting watchdog for 200 seconds at Sat Jan 05 03:13:48 UTC 2019
2 ms. Memory: 551936K Free: 530862K (96%)
ptolemy.util.test.WatchDog.cancel(): canceling Sat Jan 05 03:13:48 UTC 2019
------------------ testing $PTII/ptolemy/domains/de/test/auto/PersistentIO.xml
auto.tcl: Setting watchdog for 200 seconds at Sat Jan 05 03:13:48 UTC 2019
5 ms. Memory: 549376K Free: 522198K (95%)
ptolemy.util.test.WatchDog.cancel(): canceling Sat Jan 05 03:13:49 UTC 2019
auto.tcl: Setting watchdog for 200 seconds at Sat Jan 05 03:13:49 UTC 2019
4 ms. Memory: 549376K Free: 522198K (95%)
ptolemy.util.test.WatchDog.cancel(): canceling Sat Jan 05 03:13:49 UTC 2019
------------------ testing $PTII/ptolemy/domains/de/test/auto/PortParameterResetOnInitialize.xml
auto.tcl: Setting watchdog for 200 seconds at Sat Jan 05 03:13:49 UTC 2019
3 ms. Memory: 551424K Free: 530811K (96%)
ptolemy.util.test.WatchDog.cancel(): canceling Sat Jan 05 03:13:49 UTC 2019
auto.tcl: Setting watchdog for 200 seconds at Sat Jan 05 03:13:49 UTC 2019
2 ms. Memory: 551424K Free: 530811K (96%)
ptolemy.util.test.WatchDog.cancel(): canceling Sat Jan 05 03:13:49 UTC 2019
------------------ testing $PTII/ptolemy/domains/de/test/auto/PortParameterUpdates.xml
auto.tcl: Setting watchdog for 200 seconds at Sat Jan 05 03:13:49 UTC 2019
4 ms. Memory: 549376K Free: 528897K (96%)
ptolemy.util.test.WatchDog.cancel(): canceling Sat Jan 05 03:13:49 UTC 2019
auto.tcl: Setting watchdog for 200 seconds at Sat Jan 05 03:13:49 UTC 2019
3 ms. Memory: 549376K Free: 522201K (95%)
ptolemy.util.test.WatchDog.cancel(): canceling Sat Jan 05 03:13:49 UTC 2019
------------------ testing $PTII/ptolemy/domains/de/test/auto/QueueAndServer.xml
auto.tcl: Setting watchdog for 200 seconds at Sat Jan 05 03:13:49 UTC 2019
16 ms. Memory: 551424K Free: 530678K (96%)
ptolemy.util.test.WatchDog.cancel(): canceling Sat Jan 05 03:13:49 UTC 2019
auto.tcl: Setting watchdog for 200 seconds at Sat Jan 05 03:13:49 UTC 2019
6 ms. Memory: 551424K Free: 523982K (95%)
ptolemy.util.test.WatchDog.cancel(): canceling Sat Jan 05 03:13:49 UTC 2019
------------------ testing $PTII/ptolemy/domains/de/test/auto/Records.xml
auto.tcl: Setting watchdog for 200 seconds at Sat Jan 05 03:13:49 UTC 2019
5 ms. Memory: 549376K Free: 528572K (96%)
ptolemy.util.test.WatchDog.cancel(): canceling Sat Jan 05 03:13:49 UTC 2019
auto.tcl: Setting watchdog for 200 seconds at Sat Jan 05 03:13:49 UTC 2019
1 ms. Memory: 549376K Free: 528572K (96%)
ptolemy.util.test.WatchDog.cancel(): canceling Sat Jan 05 03:13:49 UTC 2019
------------------ testing $PTII/ptolemy/domains/de/test/auto/ResetTransitionWithStartTime1.xml
auto.tcl: Setting watchdog for 200 seconds at Sat Jan 05 03:13:49 UTC 2019
7 ms. Memory: 551424K Free: 535326K (97%)
ptolemy.util.test.WatchDog.cancel(): canceling Sat Jan 05 03:13:49 UTC 2019
auto.tcl: Setting watchdog for 200 seconds at Sat Jan 05 03:13:49 UTC 2019
5 ms. Memory: 551424K Free: 528630K (96%)
ptolemy.util.test.WatchDog.cancel(): canceling Sat Jan 05 03:13:49 UTC 2019
------------------ testing $PTII/ptolemy/domains/de/test/auto/ResetTransitionWithStartTime2.xml
auto.tcl: Setting watchdog for 200 seconds at Sat Jan 05 03:13:49 UTC 2019
5 ms. Memory: 549376K Free: 526803K (96%)
ptolemy.util.test.WatchDog.cancel(): canceling Sat Jan 05 03:13:49 UTC 2019
auto.tcl: Setting watchdog for 200 seconds at Sat Jan 05 03:13:49 UTC 2019
5 ms. Memory: 549376K Free: 526803K (96%)
ptolemy.util.test.WatchDog.cancel(): canceling Sat Jan 05 03:13:49 UTC 2019
------------------ testing $PTII/ptolemy/domains/de/test/auto/ResetTransitionWithStartTime3.xml
auto.tcl: Setting watchdog for 200 seconds at Sat Jan 05 03:13:49 UTC 2019
8 ms. Memory: 550912K Free: 523428K (95%)
ptolemy.util.test.WatchDog.cancel(): canceling Sat Jan 05 03:13:49 UTC 2019
auto.tcl: Setting watchdog for 200 seconds at Sat Jan 05 03:13:49 UTC 2019
5 ms. Memory: 550912K Free: 523428K (95%)
ptolemy.util.test.WatchDog.cancel(): canceling Sat Jan 05 03:13:49 UTC 2019
------------------ testing $PTII/ptolemy/domains/de/test/auto/ResetTransitionWithStartTime4.xml
auto.tcl: Setting watchdog for 200 seconds at Sat Jan 05 03:13:49 UTC 2019
5 ms. Memory: 549376K Free: 526563K (96%)
ptolemy.util.test.WatchDog.cancel(): canceling Sat Jan 05 03:13:49 UTC 2019
auto.tcl: Setting watchdog for 200 seconds at Sat Jan 05 03:13:49 UTC 2019
3 ms. Memory: 549376K Free: 526563K (96%)
ptolemy.util.test.WatchDog.cancel(): canceling Sat Jan 05 03:13:49 UTC 2019
------------------ testing $PTII/ptolemy/domains/de/test/auto/ResettableTimer1.xml
auto.tcl: Setting watchdog for 200 seconds at Sat Jan 05 03:13:49 UTC 2019
3 ms. Memory: 550912K Free: 534798K (97%)
ptolemy.util.test.WatchDog.cancel(): canceling Sat Jan 05 03:13:49 UTC 2019
auto.tcl: Setting watchdog for 200 seconds at Sat Jan 05 03:13:49 UTC 2019
2 ms. Memory: 550912K Free: 534798K (97%)
ptolemy.util.test.WatchDog.cancel(): canceling Sat Jan 05 03:13:49 UTC 2019
------------------ testing $PTII/ptolemy/domains/de/test/auto/ResettableTimer2.xml
auto.tcl: Setting watchdog for 200 seconds at Sat Jan 05 03:13:49 UTC 2019
3 ms. Memory: 549376K Free: 533550K (97%)
ptolemy.util.test.WatchDog.cancel(): canceling Sat Jan 05 03:13:49 UTC 2019
auto.tcl: Setting watchdog for 200 seconds at Sat Jan 05 03:13:49 UTC 2019
2 ms. Memory: 549376K Free: 533550K (97%)
ptolemy.util.test.WatchDog.cancel(): canceling Sat Jan 05 03:13:49 UTC 2019
------------------ testing $PTII/ptolemy/domains/de/test/auto/ResettableTimer3.xml
auto.tcl: Setting watchdog for 200 seconds at Sat Jan 05 03:13:49 UTC 2019
2 ms. Memory: 550912K Free: 534855K (97%)
ptolemy.util.test.WatchDog.cancel(): canceling Sat Jan 05 03:13:49 UTC 2019
auto.tcl: Setting watchdog for 200 seconds at Sat Jan 05 03:13:49 UTC 2019
1 ms. Memory: 550912K Free: 534855K (97%)
ptolemy.util.test.WatchDog.cancel(): canceling Sat Jan 05 03:13:49 UTC 2019
------------------ testing $PTII/ptolemy/domains/de/test/auto/ResettableTimer4.xml
auto.tcl: Setting watchdog for 200 seconds at Sat Jan 05 03:13:49 UTC 2019
1 ms. Memory: 549376K Free: 533563K (97%)
ptolemy.util.test.WatchDog.cancel(): canceling Sat Jan 05 03:13:49 UTC 2019
auto.tcl: Setting watchdog for 200 seconds at Sat Jan 05 03:13:49 UTC 2019
1 ms. Memory: 549376K Free: 533563K (97%)
ptolemy.util.test.WatchDog.cancel(): canceling Sat Jan 05 03:13:49 UTC 2019
------------------ testing $PTII/ptolemy/domains/de/test/auto/ResettableTimer5.xml
auto.tcl: Setting watchdog for 200 seconds at Sat Jan 05 03:13:49 UTC 2019
2 ms. Memory: 550400K Free: 529905K (96%)
ptolemy.util.test.WatchDog.cancel(): canceling Sat Jan 05 03:13:49 UTC 2019
auto.tcl: Setting watchdog for 200 seconds at Sat Jan 05 03:13:49 UTC 2019
1 ms. Memory: 550400K Free: 529905K (96%)
ptolemy.util.test.WatchDog.cancel(): canceling Sat Jan 05 03:13:49 UTC 2019
------------------ testing $PTII/ptolemy/domains/de/test/auto/ResettableTimer6.xml
auto.tcl: Setting watchdog for 200 seconds at Sat Jan 05 03:13:49 UTC 2019
2 ms. Memory: 549376K Free: 528600K (96%)
ptolemy.util.test.WatchDog.cancel(): canceling Sat Jan 05 03:13:49 UTC 2019
auto.tcl: Setting watchdog for 200 seconds at Sat Jan 05 03:13:49 UTC 2019
2 ms. Memory: 549376K Free: 528600K (96%)
ptolemy.util.test.WatchDog.cancel(): canceling Sat Jan 05 03:13:49 UTC 2019
------------------ testing $PTII/ptolemy/domains/de/test/auto/ServerZeroDelay.xml
auto.tcl: Setting watchdog for 200 seconds at Sat Jan 05 03:13:49 UTC 2019
3 ms. Memory: 550400K Free: 534524K (97%)
ptolemy.util.test.WatchDog.cancel(): canceling Sat Jan 05 03:13:50 UTC 2019
auto.tcl: Setting watchdog for 200 seconds at Sat Jan 05 03:13:50 UTC 2019
2 ms. Memory: 550400K Free: 534524K (97%)
ptolemy.util.test.WatchDog.cancel(): canceling Sat Jan 05 03:13:50 UTC 2019
------------------ testing $PTII/ptolemy/domains/de/test/auto/SmartSender.xml
auto.tcl: Setting watchdog for 200 seconds at Sat Jan 05 03:13:50 UTC 2019
3002 ms. Memory: 549376K Free: 528816K (96%)
ptolemy.util.test.WatchDog.cancel(): canceling Sat Jan 05 03:13:53 UTC 2019
auto.tcl: Setting watchdog for 200 seconds at Sat Jan 05 03:13:53 UTC 2019
3000 ms. Memory: 549376K Free: 528816K (96%)
ptolemy.util.test.WatchDog.cancel(): canceling Sat Jan 05 03:13:56 UTC 2019
------------------ testing $PTII/ptolemy/domains/de/test/auto/ThreadedComposite.xml
auto.tcl: Setting watchdog for 200 seconds at Sat Jan 05 03:13:56 UTC 2019
208 ms. Memory: 550400K Free: 513569K (93%)
ptolemy.util.test.WatchDog.cancel(): canceling Sat Jan 05 03:13:56 UTC 2019
auto.tcl: Setting watchdog for 200 seconds at Sat Jan 05 03:13:56 UTC 2019
247 ms. Memory: 550400K Free: 488154K (89%)
ptolemy.util.test.WatchDog.cancel(): canceling Sat Jan 05 03:13:56 UTC 2019
------------------ testing $PTII/ptolemy/domains/de/test/auto/Time.xml
auto.tcl: Setting watchdog for 200 seconds at Sat Jan 05 03:13:56 UTC 2019
465 ms. Memory: 549376K Free: 481514K (88%)
ptolemy.util.test.WatchDog.cancel(): canceling Sat Jan 05 03:13:57 UTC 2019
auto.tcl: Setting watchdog for 200 seconds at Sat Jan 05 03:13:57 UTC 2019
458 ms. Memory: 549376K Free: 427945K (78%)
ptolemy.util.test.WatchDog.cancel(): canceling Sat Jan 05 03:13:57 UTC 2019
------------------ testing $PTII/ptolemy/domains/de/test/auto/TimeDelayZeroDelay.xml
auto.tcl: Setting watchdog for 200 seconds at Sat Jan 05 03:13:57 UTC 2019
2 ms. Memory: 550400K Free: 534212K (97%)
ptolemy.util.test.WatchDog.cancel(): canceling Sat Jan 05 03:13:57 UTC 2019
auto.tcl: Setting watchdog for 200 seconds at Sat Jan 05 03:13:57 UTC 2019
2 ms. Memory: 550400K Free: 534212K (97%)
ptolemy.util.test.WatchDog.cancel(): canceling Sat Jan 05 03:13:57 UTC 2019
------------------ testing $PTII/ptolemy/domains/de/test/auto/TimerZeroDelay.xml
auto.tcl: Setting watchdog for 200 seconds at Sat Jan 05 03:13:57 UTC 2019
2 ms. Memory: 549376K Free: 533462K (97%)
ptolemy.util.test.WatchDog.cancel(): canceling Sat Jan 05 03:13:57 UTC 2019
auto.tcl: Setting watchdog for 200 seconds at Sat Jan 05 03:13:57 UTC 2019
2 ms. Memory: 549376K Free: 533462K (97%)
ptolemy.util.test.WatchDog.cancel(): canceling Sat Jan 05 03:13:57 UTC 2019
------------------ testing $PTII/ptolemy/domains/de/test/auto/TimingParadox.xml
auto.tcl: Setting watchdog for 200 seconds at Sat Jan 05 03:13:57 UTC 2019
345 ms. Memory: 549888K Free: 467457K (85%)
ptolemy.util.test.WatchDog.cancel(): canceling Sat Jan 05 03:13:58 UTC 2019
auto.tcl: Setting watchdog for 200 seconds at Sat Jan 05 03:13:58 UTC 2019
323 ms. Memory: 549888K Free: 433976K (79%)
ptolemy.util.test.WatchDog.cancel(): canceling Sat Jan 05 03:13:58 UTC 2019
------------------ testing $PTII/ptolemy/domains/de/test/auto/TransferInputs.xml
auto.tcl: Setting watchdog for 200 seconds at Sat Jan 05 03:13:58 UTC 2019
2 ms. Memory: 549888K Free: 532878K (97%)
ptolemy.util.test.WatchDog.cancel(): canceling Sat Jan 05 03:13:58 UTC 2019
auto.tcl: Setting watchdog for 200 seconds at Sat Jan 05 03:13:58 UTC 2019
2 ms. Memory: 549888K Free: 532878K (97%)
ptolemy.util.test.WatchDog.cancel(): canceling Sat Jan 05 03:13:58 UTC 2019
------------------ testing $PTII/ptolemy/domains/de/test/auto/TransferOutputs2.xml
auto.tcl: Setting watchdog for 200 seconds at Sat Jan 05 03:13:58 UTC 2019
9 ms. Memory: 549376K Free: 522076K (95%)
ptolemy.util.test.WatchDog.cancel(): canceling Sat Jan 05 03:13:58 UTC 2019
auto.tcl: Setting watchdog for 200 seconds at Sat Jan 05 03:13:58 UTC 2019
3 ms. Memory: 549376K Free: 522076K (95%)
ptolemy.util.test.WatchDog.cancel(): canceling Sat Jan 05 03:13:58 UTC 2019
------------------ testing $PTII/ptolemy/domains/de/test/auto/Trilateration.xml
auto.tcl: Setting watchdog for 200 seconds at Sat Jan 05 03:13:58 UTC 2019
13569 ms. Memory: 766976K Free: 228743K (30%)
ptolemy.util.test.WatchDog.cancel(): canceling Sat Jan 05 03:14:13 UTC 2019
auto.tcl: Setting watchdog for 200 seconds at Sat Jan 05 03:14:13 UTC 2019
10855 ms. Memory: 646144K Free: 80098K (12%)
ptolemy.util.test.WatchDog.cancel(): canceling Sat Jan 05 03:14:24 UTC 2019
------------------ testing $PTII/ptolemy/domains/de/test/auto/TwoSigmaDelta.xml
auto.tcl: Setting watchdog for 200 seconds at Sat Jan 05 03:14:24 UTC 2019
2578 ms. Memory: 649728K Free: 342182K (53%)
ptolemy.util.test.WatchDog.cancel(): canceling Sat Jan 05 03:14:27 UTC 2019
auto.tcl: Setting watchdog for 200 seconds at Sat Jan 05 03:14:27 UTC 2019
2031 ms. Memory: 649728K Free: 114193K (18%)
ptolemy.util.test.WatchDog.cancel(): canceling Sat Jan 05 03:14:29 UTC 2019
------------------ testing $PTII/ptolemy/domains/de/test/auto/VariableDelay.xml
auto.tcl: Setting watchdog for 200 seconds at Sat Jan 05 03:14:29 UTC 2019
2 ms. Memory: 646656K Free: 627255K (97%)
ptolemy.util.test.WatchDog.cancel(): canceling Sat Jan 05 03:14:29 UTC 2019
auto.tcl: Setting watchdog for 200 seconds at Sat Jan 05 03:14:29 UTC 2019
2 ms. Memory: 646656K Free: 627255K (97%)
ptolemy.util.test.WatchDog.cancel(): canceling Sat Jan 05 03:14:29 UTC 2019
------------------ testing $PTII/ptolemy/domains/de/test/auto/VariableDelay2.xml
auto.tcl: Setting watchdog for 200 seconds at Sat Jan 05 03:14:29 UTC 2019
2 ms. Memory: 646144K Free: 627189K (97%)
ptolemy.util.test.WatchDog.cancel(): canceling Sat Jan 05 03:14:29 UTC 2019
auto.tcl: Setting watchdog for 200 seconds at Sat Jan 05 03:14:29 UTC 2019
2 ms. Memory: 646144K Free: 627189K (97%)
ptolemy.util.test.WatchDog.cancel(): canceling Sat Jan 05 03:14:29 UTC 2019
------------------ testing $PTII/ptolemy/domains/de/test/auto/VariableDelayZeroDelay.xml
auto.tcl: Setting watchdog for 200 seconds at Sat Jan 05 03:14:29 UTC 2019
3 ms. Memory: 646144K Free: 621541K (96%)
ptolemy.util.test.WatchDog.cancel(): canceling Sat Jan 05 03:14:29 UTC 2019
auto.tcl: Setting watchdog for 200 seconds at Sat Jan 05 03:14:29 UTC 2019
2 ms. Memory: 646144K Free: 621541K (96%)
ptolemy.util.test.WatchDog.cancel(): canceling Sat Jan 05 03:14:29 UTC 2019
------------------ testing $PTII/ptolemy/domains/de/test/auto/VariableDelayZeroDelay2.xml
auto.tcl: Setting watchdog for 200 seconds at Sat Jan 05 03:14:29 UTC 2019
2 ms. Memory: 649216K Free: 624611K (96%)
ptolemy.util.test.WatchDog.cancel(): canceling Sat Jan 05 03:14:29 UTC 2019
auto.tcl: Setting watchdog for 200 seconds at Sat Jan 05 03:14:29 UTC 2019
2 ms. Memory: 649216K Free: 624611K (96%)
ptolemy.util.test.WatchDog.cancel(): canceling Sat Jan 05 03:14:29 UTC 2019
------------------ testing $PTII/ptolemy/domains/de/test/auto/deInCt.xml
auto.tcl: Setting watchdog for 200 seconds at Sat Jan 05 03:14:29 UTC 2019
0
1
1
1
0
0
0
1
1
1
0
0
0
1
1
1
0
0
0
1
1
1
0
0
0
0
1
1
0
0
0
0
0
1
1
1
0
0
0
0
0
20 ms. Memory: 646144K Free: 621536K (96%)
ptolemy.util.test.WatchDog.cancel(): canceling Sat Jan 05 03:14:29 UTC 2019
auto.tcl: Setting watchdog for 200 seconds at Sat Jan 05 03:14:29 UTC 2019
0
1
1
1
0
0
0
1
1
1
0
0
1
1
1
1
0
0
1
1
1
0
0
0
0
1
1
1
0
0
0
0
1
1
1
0
0
0
1
1
1
1
1
0
0
0
1
1
1
1
6 ms. Memory: 646144K Free: 621536K (96%)
ptolemy.util.test.WatchDog.cancel(): canceling Sat Jan 05 03:14:29 UTC 2019
------------------ testing $PTII/ptolemy/domains/de/test/auto/deInCt2.xml
auto.tcl: Setting watchdog for 200 seconds at Sat Jan 05 03:14:29 UTC 2019
0
1
1
1
0
0
1
1
1
0
0
1
1
1
0
0
1
1
1
0
0
1
1
1
0
0
1
1
1
0
0
1
1
1
0
0
1
1
1
0
0
0
9 ms. Memory: 648704K Free: 624096K (96%)
ptolemy.util.test.WatchDog.cancel(): canceling Sat Jan 05 03:14:29 UTC 2019
auto.tcl: Setting watchdog for 200 seconds at Sat Jan 05 03:14:29 UTC 2019
0
1
1
1
0
0
1
1
1
0
0
1
1
1
0
0
1
1
1
0
0
1
1
1
0
0
1
1
1
0
0
1
1
1
0
0
1
1
1
0
0
0
8 ms. Memory: 648704K Free: 624096K (96%)
ptolemy.util.test.WatchDog.cancel(): canceling Sat Jan 05 03:14:29 UTC 2019
------------------ testing $PTII/ptolemy/domains/de/test/auto/dynamicCausalityInterface1.xml
auto.tcl: Setting watchdog for 200 seconds at Sat Jan 05 03:14:29 UTC 2019
2 ms. Memory: 646144K Free: 612901K (95%)
ptolemy.util.test.WatchDog.cancel(): canceling Sat Jan 05 03:14:29 UTC 2019
auto.tcl: Setting watchdog for 200 seconds at Sat Jan 05 03:14:29 UTC 2019
1 ms. Memory: 646144K Free: 612901K (95%)
ptolemy.util.test.WatchDog.cancel(): canceling Sat Jan 05 03:14:29 UTC 2019
------------------ testing $PTII/ptolemy/domains/de/test/auto/fsm_de_test.xml
auto.tcl: Setting watchdog for 200 seconds at Sat Jan 05 03:14:29 UTC 2019
11 ms. Memory: 648192K Free: 623475K (96%)
ptolemy.util.test.WatchDog.cancel(): canceling Sat Jan 05 03:14:29 UTC 2019
auto.tcl: Setting watchdog for 200 seconds at Sat Jan 05 03:14:29 UTC 2019
5 ms. Memory: 648192K Free: 614828K (95%)
ptolemy.util.test.WatchDog.cancel(): canceling Sat Jan 05 03:14:29 UTC 2019
------------------ testing $PTII/ptolemy/domains/de/test/auto/functionDependencyReconstruction.xml
auto.tcl: Setting watchdog for 200 seconds at Sat Jan 05 03:14:29 UTC 2019
2 ms. Memory: 646144K Free: 612771K (95%)
ptolemy.util.test.WatchDog.cancel(): canceling Sat Jan 05 03:14:29 UTC 2019
auto.tcl: Setting watchdog for 200 seconds at Sat Jan 05 03:14:29 UTC 2019
2 ms. Memory: 646144K Free: 604124K (93%)
ptolemy.util.test.WatchDog.cancel(): canceling Sat Jan 05 03:14:29 UTC 2019
------------------ testing $PTII/ptolemy/domains/de/test/auto/multirate.xml
auto.tcl: Setting watchdog for 200 seconds at Sat Jan 05 03:14:29 UTC 2019
5 ms. Memory: 648192K Free: 623341K (96%)
ptolemy.util.test.WatchDog.cancel(): canceling Sat Jan 05 03:14:29 UTC 2019
auto.tcl: Setting watchdog for 200 seconds at Sat Jan 05 03:14:29 UTC 2019
3 ms. Memory: 648192K Free: 623341K (96%)
ptolemy.util.test.WatchDog.cancel(): canceling Sat Jan 05 03:14:29 UTC 2019
------------------ testing $PTII/ptolemy/domains/de/test/auto/multirate2.xml
auto.tcl: Setting watchdog for 200 seconds at Sat Jan 05 03:14:29 UTC 2019
3 ms. Memory: 646144K Free: 621481K (96%)
ptolemy.util.test.WatchDog.cancel(): canceling Sat Jan 05 03:14:29 UTC 2019
auto.tcl: Setting watchdog for 200 seconds at Sat Jan 05 03:14:29 UTC 2019
3 ms. Memory: 646144K Free: 621481K (96%)
ptolemy.util.test.WatchDog.cancel(): canceling Sat Jan 05 03:14:29 UTC 2019
------------------ testing $PTII/ptolemy/domains/de/test/auto/realtime.xml
auto.tcl: Setting watchdog for 200 seconds at Sat Jan 05 03:14:30 UTC 2019
10002 ms. Memory: 647680K Free: 622983K (96%)
ptolemy.util.test.WatchDog.cancel(): canceling Sat Jan 05 03:14:40 UTC 2019
auto.tcl: Setting watchdog for 200 seconds at Sat Jan 05 03:14:40 UTC 2019
10001 ms. Memory: 647680K Free: 622983K (96%)
ptolemy.util.test.WatchDog.cancel(): canceling Sat Jan 05 03:14:50 UTC 2019
------------------ testing $PTII/ptolemy/domains/de/test/auto/relationGroup.xml
auto.tcl: Setting watchdog for 200 seconds at Sat Jan 05 03:14:50 UTC 2019
1 ms. Memory: 646144K Free: 621504K (96%)
ptolemy.util.test.WatchDog.cancel(): canceling Sat Jan 05 03:14:50 UTC 2019
auto.tcl: Setting watchdog for 200 seconds at Sat Jan 05 03:14:50 UTC 2019
1 ms. Memory: 646144K Free: 621504K (96%)
ptolemy.util.test.WatchDog.cancel(): canceling Sat Jan 05 03:14:50 UTC 2019
------------------ testing $PTII/ptolemy/domains/de/test/auto/relationGroup2.xml
auto.tcl: Setting watchdog for 200 seconds at Sat Jan 05 03:14:50 UTC 2019
1 ms. Memory: 647680K Free: 623067K (96%)
ptolemy.util.test.WatchDog.cancel(): canceling Sat Jan 05 03:14:50 UTC 2019
auto.tcl: Setting watchdog for 200 seconds at Sat Jan 05 03:14:50 UTC 2019
1 ms. Memory: 647680K Free: 623067K (96%)
ptolemy.util.test.WatchDog.cancel(): canceling Sat Jan 05 03:14:50 UTC 2019
------------------ testing $PTII/ptolemy/domains/de/test/auto/sortWithOpaquePorts.xml
auto.tcl: Setting watchdog for 200 seconds at Sat Jan 05 03:14:50 UTC 2019
4 ms. Memory: 646144K Free: 621532K (96%)
ptolemy.util.test.WatchDog.cancel(): canceling Sat Jan 05 03:14:50 UTC 2019
auto.tcl: Setting watchdog for 200 seconds at Sat Jan 05 03:14:50 UTC 2019
1 ms. Memory: 646144K Free: 621532K (96%)
ptolemy.util.test.WatchDog.cancel(): canceling Sat Jan 05 03:14:50 UTC 2019
------------------ testing $PTII/ptolemy/domains/de/test/auto/transferInputsandOutputs.xml
auto.tcl: Setting watchdog for 200 seconds at Sat Jan 05 03:14:50 UTC 2019
1 ms. Memory: 647168K Free: 622544K (96%)
ptolemy.util.test.WatchDog.cancel(): canceling Sat Jan 05 03:14:50 UTC 2019
auto.tcl: Setting watchdog for 200 seconds at Sat Jan 05 03:14:50 UTC 2019
2 ms. Memory: 647168K Free: 622544K (96%)
ptolemy.util.test.WatchDog.cancel(): canceling Sat Jan 05 03:14:50 UTC 2019
------------------ testing $PTII/ptolemy/domains/de/test/auto/triggerType.xml
auto.tcl: Setting watchdog for 200 seconds at Sat Jan 05 03:14:50 UTC 2019
1 ms. Memory: 646144K Free: 621470K (96%)
ptolemy.util.test.WatchDog.cancel(): canceling Sat Jan 05 03:14:50 UTC 2019
auto.tcl: Setting watchdog for 200 seconds at Sat Jan 05 03:14:50 UTC 2019
1 ms. Memory: 646144K Free: 621470K (96%)
ptolemy.util.test.WatchDog.cancel(): canceling Sat Jan 05 03:14:50 UTC 2019
01/05/19 03:14:50
Failed: 0  Total Tests: 192  ((Passed: 187, Newly Passed: 1)  Known Failed: 5) /home/travis/build/icyphy/ptII/ptolemy/domains/de/test
01/05/19 03:14:50
Failed: 0  Total Tests: 192  ((Passed: 187, Newly Passed: 1)  Known Failed: 5) /home/travis/build/icyphy/ptII/ptolemy/domains/de/test
----------------- testing (KnownFailure) /home/travis/build/icyphy/ptII/ptolemy/domains/de/test/auto/knownFailedTests/DESDFClockTest.xml
2009 ms. Memory: 647168K Free: 611254K (94%)
Known Failure: java.lang.reflect.InvocationTargetException
----------------- testing (KnownFailure) /home/travis/build/icyphy/ptII/ptolemy/domains/de/test/auto/knownFailedTests/DirectFeedback.xml
1 ms. Memory: 647168K Free: 566042K (87%)
Known Failure: java.lang.reflect.InvocationTargetException
----------------- testing (KnownFailure) /home/travis/build/icyphy/ptII/ptolemy/domains/de/test/auto/knownFailedTests/FSMSource.xml
10 ms. Memory: 647168K Free: 520863K (80%)
----------------- testing (KnownFailure) /home/travis/build/icyphy/ptII/ptolemy/domains/de/test/auto/knownFailedTests/HierarchicalModel.xml
3 ms. Memory: 647168K Free: 486963K (75%)
Known Failure: java.lang.reflect.InvocationTargetException
----------------- testing (KnownFailure) /home/travis/build/icyphy/ptII/ptolemy/domains/de/test/auto/knownFailedTests/dependencyLoop.xml
2 ms. Memory: 647168K Free: 430489K (67%)
Known Failure: java.lang.reflect.InvocationTargetException
----------------- testing (KnownFailure) /home/travis/build/icyphy/ptII/ptolemy/domains/de/test/auto/knownFailedTests/dependencyLoop2.xml
2 ms. Memory: 647168K Free: 373999K (58%)
Known Failure: java.lang.reflect.InvocationTargetException
No auto/linux-amd64/*.xml tests in /home/travis/build/icyphy/ptII/ptolemy/domains/de/test
AutoTests.java: About to close Vertx.
AutoTests.java: Vertx closed.

===========================================================================================
----------------- testing Sat Jan 05 03:14:52 UTC 2019 /home/travis/build/icyphy/ptII/ptolemy/domains/de/test/auto/ActorDepthCalculation_actorWithoutPorts.xml
----------------- Instantiating /home/travis/build/icyphy/ptII/ptolemy/domains/de/test/auto/ActorDepthCalculation_actorWithoutPorts.xml
2 ms. Memory: 647168K Free: 317525K (49%)
----------------- Invoking toplevel() on ptolemy.moml.MoMLSimpleApplication@7961567a
----------------- Done invoking toplevel() on ptolemy.moml.MoMLSimpleApplication@7961567a
reloadAllAccessors: .ActorDepthCalculation_actorWithoutPorts

===========================================================================================
----------------- testing Sat Jan 05 03:14:52 UTC 2019 /home/travis/build/icyphy/ptII/ptolemy/domains/de/test/auto/AssemblyLine.xml
----------------- Instantiating /home/travis/build/icyphy/ptII/ptolemy/domains/de/test/auto/AssemblyLine.xml
2 ms. Memory: 647168K Free: 294936K (46%)
----------------- Invoking toplevel() on ptolemy.moml.MoMLSimpleApplication@6d9754fd
----------------- Done invoking toplevel() on ptolemy.moml.MoMLSimpleApplication@6d9754fd
reloadAllAccessors: .AssemblyLine

===========================================================================================
----------------- testing Sat Jan 05 03:14:52 UTC 2019 /home/travis/build/icyphy/ptII/ptolemy/domains/de/test/auto/CQBug1.xml
----------------- Instantiating /home/travis/build/icyphy/ptII/ptolemy/domains/de/test/auto/CQBug1.xml
1 ms. Memory: 647168K Free: 272346K (42%)
----------------- Invoking toplevel() on ptolemy.moml.MoMLSimpleApplication@7ae68ca
----------------- Done invoking toplevel() on ptolemy.moml.MoMLSimpleApplication@7ae68ca
reloadAllAccessors: .CQBug1

===========================================================================================
----------------- testing Sat Jan 05 03:14:52 UTC 2019 /home/travis/build/icyphy/ptII/ptolemy/domains/de/test/auto/CancelFireAt.xml
----------------- Instantiating /home/travis/build/icyphy/ptII/ptolemy/domains/de/test/auto/CancelFireAt.xml
0 ms. Memory: 647168K Free: 249757K (39%)
----------------- Invoking toplevel() on ptolemy.moml.MoMLSimpleApplication@1ef0181d
----------------- Done invoking toplevel() on ptolemy.moml.MoMLSimpleApplication@1ef0181d
reloadAllAccessors: .CancelFireAt

===========================================================================================
----------------- testing Sat Jan 05 03:14:52 UTC 2019 /home/travis/build/icyphy/ptII/ptolemy/domains/de/test/auto/CausalityAndComposabilityAnalysis.xml
----------------- Instantiating /home/travis/build/icyphy/ptII/ptolemy/domains/de/test/auto/CausalityAndComposabilityAnalysis.xml
3 ms. Memory: 647168K Free: 227167K (35%)
----------------- Invoking toplevel() on ptolemy.moml.MoMLSimpleApplication@320b2403
----------------- Done invoking toplevel() on ptolemy.moml.MoMLSimpleApplication@320b2403
reloadAllAccessors: .CausalityAndComposabilityAnalysis

===========================================================================================
----------------- testing Sat Jan 05 03:14:52 UTC 2019 /home/travis/build/icyphy/ptII/ptolemy/domains/de/test/auto/CausalityInterface1.xml
----------------- Instantiating /home/travis/build/icyphy/ptII/ptolemy/domains/de/test/auto/CausalityInterface1.xml
3 ms. Memory: 647168K Free: 204578K (32%)
----------------- Invoking toplevel() on ptolemy.moml.MoMLSimpleApplication@21301332
----------------- Done invoking toplevel() on ptolemy.moml.MoMLSimpleApplication@21301332
reloadAllAccessors: .CausalityInterface1

===========================================================================================
----------------- testing Sat Jan 05 03:14:52 UTC 2019 /home/travis/build/icyphy/ptII/ptolemy/domains/de/test/auto/CausalityInterface15.xml
----------------- Instantiating /home/travis/build/icyphy/ptII/ptolemy/domains/de/test/auto/CausalityInterface15.xml
1 ms. Memory: 647168K Free: 181988K (28%)
----------------- Invoking toplevel() on ptolemy.moml.MoMLSimpleApplication@5552a188
----------------- Done invoking toplevel() on ptolemy.moml.MoMLSimpleApplication@5552a188
reloadAllAccessors: .CausalityInterface15

[...]
java.lang.RuntimeException: Execution failed
	at ptolemy.moml.MoMLSimpleApplication$UnloadThread.run(MoMLSimpleApplication.java:402)
Caused by: ptolemy.kernel.util.IllegalActionException: Test fails in iteration 1.
Value was: 1.0. Should have been: 2.0
  in .DirectFeedback.Test
	at ptolemy.actor.lib.Test.fire(Test.java:268)
	at ptolemy.domains.de.kernel.DEDirector._fire(DEDirector.java:1949)
	at ptolemy.domains.de.kernel.DEDirector.fire(DEDirector.java:502)
	at ptolemy.actor.CompositeActor.fire(CompositeActor.java:455)
	at ptolemy.actor.Manager.iterate(Manager.java:851)
	at ptolemy.actor.Manager.execute(Manager.java:369)
	at ptolemy.actor.Manager.run(Manager.java:1263)
	at ptolemy.actor.Manager$PtolemyRunThread.run(Manager.java:1915)
java.lang.RuntimeException: Execution failed
	at ptolemy.moml.MoMLSimpleApplication$UnloadThread.run(MoMLSimpleApplication.java:402)
Caused by: ptolemy.kernel.util.IllegalActionException: Actor is not ready to fire.  Perhaps UpSample.prefire() returned false? Try debugging the actor by selecting "Listen to Actor".  Also, for SDF check moml for tokenConsumptionRate on input.
  in .DESDFClockTest.Play Bell.Copy1:SDF Director and .DESDFClockTest.Play Bell.UpSample
	at ptolemy.actor.sched.StaticSchedulingDirector.fire(StaticSchedulingDirector.java:227)
	at ptolemy.domains.sdf.kernel.SDFDirector.fire(SDFDirector.java:500)
	at ptolemy.actor.CompositeActor.fire(CompositeActor.java:455)
	at ptolemy.domains.de.kernel.DEDirector._fire(DEDirector.java:1949)
	at ptolemy.domains.de.kernel.DEDirector.fire(DEDirector.java:502)
	at ptolemy.actor.CompositeActor.fire(CompositeActor.java:455)
	at ptolemy.actor.Manager.iterate(Manager.java:851)
	at ptolemy.actor.Manager.execute(Manager.java:369)
	at ptolemy.actor.Manager.run(Manager.java:1263)
	at ptolemy.actor.Manager$PtolemyRunThread.run(Manager.java:1915)
java.lang.reflect.InvocationTargetException
	at sun.reflect.NativeConstructorAccessorImpl.newInstance0(Native Method)
	at sun.reflect.NativeConstructorAccessorImpl.newInstance(NativeConstructorAccessorImpl.java:62)
	at sun.reflect.DelegatingConstructorAccessorImpl.newInstance(DelegatingConstructorAccessorImpl.java:45)
	at java.lang.reflect.Constructor.newInstance(Constructor.java:423)
	at ptolemy.util.test.junit.AutoKnownFailedTests.RunModel(AutoKnownFailedTests.java:105)
	at sun.reflect.NativeMethodAccessorImpl.invoke0(Native Method)
	at sun.reflect.NativeMethodAccessorImpl.invoke(NativeMethodAccessorImpl.java:62)
	at sun.reflect.DelegatingMethodAccessorImpl.invoke(DelegatingMethodAccessorImpl.java:43)
	at java.lang.reflect.Method.invoke(Method.java:498)
	at org.junit.runners.model.FrameworkMethod$1.runReflectiveCall(FrameworkMethod.java:44)
	at org.junit.internal.runners.model.ReflectiveCallable.run(ReflectiveCallable.java:15)
	at org.junit.runners.model.FrameworkMethod.invokeExplosively(FrameworkMethod.java:41)
	at junitparams.internal.InvokeParameterisedMethod.evaluate(InvokeParameterisedMethod.java:102)
	at org.junit.internal.runners.statements.FailOnTimeout$1.run(FailOnTimeout.java:28)
Caused by: ptolemy.kernel.util.IllegalActionException: Actor is not ready to fire.  Perhaps UpSample.prefire() returned false? Try debugging the actor by selecting "Listen to Actor".  Also, for SDF check moml for tokenConsumptionRate on input.
  in .DESDFClockTest.Play Bell.Copy1:SDF Director and .DESDFClockTest.Play Bell.UpSample
	at ptolemy.actor.sched.StaticSchedulingDirector.fire(StaticSchedulingDirector.java:227)
	at ptolemy.domains.sdf.kernel.SDFDirector.fire(SDFDirector.java:500)
	at ptolemy.actor.CompositeActor.fire(CompositeActor.java:455)
	at ptolemy.domains.de.kernel.DEDirector._fire(DEDirector.java:1949)
	at ptolemy.domains.de.kernel.DEDirector.fire(DEDirector.java:502)
	at ptolemy.actor.CompositeActor.fire(CompositeActor.java:455)
	at ptolemy.actor.Manager.iterate(Manager.java:851)
	at ptolemy.actor.Manager.execute(Manager.java:369)
	at ptolemy.actor.Manager.run(Manager.java:1263)
	at ptolemy.actor.Manager$PtolemyRunThread.run(Manager.java:1915)
java.lang.RuntimeException: Execution failed
	at ptolemy.moml.MoMLSimpleApplication$UnloadThread.run(MoMLSimpleApplication.java:402)
Caused by: ptolemy.kernel.util.IllegalActionException: Test fails in iteration 1.
Value was: 1.0. Should have been: 2.0
  in .DirectFeedback.Test
	at ptolemy.actor.lib.Test.fire(Test.java:268)
	at ptolemy.domains.de.kernel.DEDirector._fire(DEDirector.java:1949)
	at ptolemy.domains.de.kernel.DEDirector.fire(DEDirector.java:502)
	at ptolemy.actor.CompositeActor.fire(CompositeActor.java:455)
	at ptolemy.actor.Manager.iterate(Manager.java:851)
	at ptolemy.actor.Manager.execute(Manager.java:369)
	at ptolemy.actor.Manager.run(Manager.java:1263)
	at ptolemy.actor.Manager$PtolemyRunThread.run(Manager.java:1915)
java.lang.reflect.InvocationTargetException
	at sun.reflect.NativeConstructorAccessorImpl.newInstance0(Native Method)
	at sun.reflect.NativeConstructorAccessorImpl.newInstance(NativeConstructorAccessorImpl.java:62)
	at sun.reflect.DelegatingConstructorAccessorImpl.newInstance(DelegatingConstructorAccessorImpl.java:45)
	at java.lang.reflect.Constructor.newInstance(Constructor.java:423)
	at ptolemy.util.test.junit.AutoKnownFailedTests.RunModel(AutoKnownFailedTests.java:105)
	at sun.reflect.NativeMethodAccessorImpl.invoke0(Native Method)
	at sun.reflect.NativeMethodAccessorImpl.invoke(NativeMethodAccessorImpl.java:62)
	at sun.reflect.DelegatingMethodAccessorImpl.invoke(DelegatingMethodAccessorImpl.java:43)
	at java.lang.reflect.Method.invoke(Method.java:498)
	at org.junit.runners.model.FrameworkMethod$1.runReflectiveCall(FrameworkMethod.java:44)
	at org.junit.internal.runners.model.ReflectiveCallable.run(ReflectiveCallable.java:15)
	at org.junit.runners.model.FrameworkMethod.invokeExplosively(FrameworkMethod.java:41)
	at junitparams.internal.InvokeParameterisedMethod.evaluate(InvokeParameterisedMethod.java:102)
	at org.junit.internal.runners.statements.FailOnTimeout$1.run(FailOnTimeout.java:28)
Caused by: ptolemy.kernel.util.IllegalActionException: Test fails in iteration 1.
Value was: 1.0. Should have been: 2.0
  in .DirectFeedback.Test
	at ptolemy.actor.lib.Test.fire(Test.java:268)
	at ptolemy.domains.de.kernel.DEDirector._fire(DEDirector.java:1949)
	at ptolemy.domains.de.kernel.DEDirector.fire(DEDirector.java:502)
	at ptolemy.actor.CompositeActor.fire(CompositeActor.java:455)
	at ptolemy.actor.Manager.iterate(Manager.java:851)
	at ptolemy.actor.Manager.execute(Manager.java:369)
	at ptolemy.actor.Manager.run(Manager.java:1263)
	at ptolemy.actor.Manager$PtolemyRunThread.run(Manager.java:1915)
java.lang.RuntimeException: Execution failed
	at ptolemy.moml.MoMLSimpleApplication$UnloadThread.run(MoMLSimpleApplication.java:402)
Caused by: ptolemy.kernel.util.IllegalActionException: Found a zero delay loop containing .HierarchicalModel.A
  in .HierarchicalModel and .HierarchicalModel.A
	at ptolemy.actor.util.CausalityInterfaceForComposites._computeOutputPortDepth(CausalityInterfaceForComposites.java:759)
	at ptolemy.actor.util.CausalityInterfaceForComposites._computeInputDepth(CausalityInterfaceForComposites.java:696)
	at ptolemy.actor.util.CausalityInterfaceForComposites._computeOutputPortDepth(CausalityInterfaceForComposites.java:765)
	at ptolemy.actor.util.CausalityInterfaceForComposites._computeInputDepth(CausalityInterfaceForComposites.java:696)
	at ptolemy.actor.util.CausalityInterfaceForComposites._computeOutputPortDepth(CausalityInterfaceForComposites.java:765)
	at ptolemy.actor.util.CausalityInterfaceForComposites._computeInputDepth(CausalityInterfaceForComposites.java:696)
	at ptolemy.actor.util.CausalityInterfaceForComposites._computeActorDepth(CausalityInterfaceForComposites.java:532)
	at ptolemy.actor.util.CausalityInterfaceForComposites.checkForCycles(CausalityInterfaceForComposites.java:96)
	at ptolemy.domains.de.kernel.DEDirector.preinitialize(DEDirector.java:1338)
	at ptolemy.actor.CompositeActor.preinitialize(CompositeActor.java:1828)
	at ptolemy.actor.Manager.preinitializeAndResolveTypes(Manager.java:1040)
	at ptolemy.actor.Manager.initialize(Manager.java:710)
	at ptolemy.actor.Manager.execute(Manager.java:356)
	at ptolemy.actor.Manager.run(Manager.java:1263)
	at ptolemy.actor.Manager$PtolemyRunThread.run(Manager.java:1915)
java.lang.reflect.InvocationTargetException
	at sun.reflect.NativeConstructorAccessorImpl.newInstance0(Native Method)
	at sun.reflect.NativeConstructorAccessorImpl.newInstance(NativeConstructorAccessorImpl.java:62)
	at sun.reflect.DelegatingConstructorAccessorImpl.newInstance(DelegatingConstructorAccessorImpl.java:45)
	at java.lang.reflect.Constructor.newInstance(Constructor.java:423)
	at ptolemy.util.test.junit.AutoKnownFailedTests.RunModel(AutoKnownFailedTests.java:105)
	at sun.reflect.NativeMethodAccessorImpl.invoke0(Native Method)
	at sun.reflect.NativeMethodAccessorImpl.invoke(NativeMethodAccessorImpl.java:62)
	at sun.reflect.DelegatingMethodAccessorImpl.invoke(DelegatingMethodAccessorImpl.java:43)
	at java.lang.reflect.Method.invoke(Method.java:498)
	at org.junit.runners.model.FrameworkMethod$1.runReflectiveCall(FrameworkMethod.java:44)
	at org.junit.internal.runners.model.ReflectiveCallable.run(ReflectiveCallable.java:15)
	at org.junit.runners.model.FrameworkMethod.invokeExplosively(FrameworkMethod.java:41)
	at junitparams.internal.InvokeParameterisedMethod.evaluate(InvokeParameterisedMethod.java:102)
	at org.junit.internal.runners.statements.FailOnTimeout$1.run(FailOnTimeout.java:28)
Caused by: ptolemy.kernel.util.IllegalActionException: Found a zero delay loop containing .HierarchicalModel.A
  in .HierarchicalModel and .HierarchicalModel.A
	at ptolemy.actor.util.CausalityInterfaceForComposites._computeOutputPortDepth(CausalityInterfaceForComposites.java:759)
	at ptolemy.actor.util.CausalityInterfaceForComposites._computeInputDepth(CausalityInterfaceForComposites.java:696)
	at ptolemy.actor.util.CausalityInterfaceForComposites._computeOutputPortDepth(CausalityInterfaceForComposites.java:765)
	at ptolemy.actor.util.CausalityInterfaceForComposites._computeInputDepth(CausalityInterfaceForComposites.java:696)
	at ptolemy.actor.util.CausalityInterfaceForComposites._computeOutputPortDepth(CausalityInterfaceForComposites.java:765)
	at ptolemy.actor.util.CausalityInterfaceForComposites._computeInputDepth(CausalityInterfaceForComposites.java:696)
	at ptolemy.actor.util.CausalityInterfaceForComposites._computeActorDepth(CausalityInterfaceForComposites.java:532)
	at ptolemy.actor.util.CausalityInterfaceForComposites.checkForCycles(CausalityInterfaceForComposites.java:96)
	at ptolemy.domains.de.kernel.DEDirector.preinitialize(DEDirector.java:1338)
	at ptolemy.actor.CompositeActor.preinitialize(CompositeActor.java:1828)
	at ptolemy.actor.Manager.preinitializeAndResolveTypes(Manager.java:1040)
	at ptolemy.actor.Manager.initialize(Manager.java:710)
	at ptolemy.actor.Manager.execute(Manager.java:356)
	at ptolemy.actor.Manager.run(Manager.java:1263)
	at ptolemy.actor.Manager$PtolemyRunThread.run(Manager.java:1915)
java.lang.RuntimeException: Execution failed
	at ptolemy.moml.MoMLSimpleApplication$UnloadThread.run(MoMLSimpleApplication.java:402)
Caused by: ptolemy.kernel.util.IllegalActionException: Found a zero delay loop containing .dependencyLoop.original
  in .dependencyLoop and .dependencyLoop.original
	at ptolemy.actor.util.CausalityInterfaceForComposites._computeOutputPortDepth(CausalityInterfaceForComposites.java:759)
	at ptolemy.actor.util.CausalityInterfaceForComposites._computeInputDepth(CausalityInterfaceForComposites.java:696)
	at ptolemy.actor.util.CausalityInterfaceForComposites._computeOutputPortDepth(CausalityInterfaceForComposites.java:765)
	at ptolemy.actor.util.CausalityInterfaceForComposites._computeInputDepth(CausalityInterfaceForComposites.java:696)
	at ptolemy.actor.util.CausalityInterfaceForComposites._computeOutputPortDepth(CausalityInterfaceForComposites.java:765)
	at ptolemy.actor.util.CausalityInterfaceForComposites._computeInputDepth(CausalityInterfaceForComposites.java:696)
	at ptolemy.actor.util.CausalityInterfaceForComposites._computeActorDepth(CausalityInterfaceForComposites.java:532)
	at ptolemy.actor.util.CausalityInterfaceForComposites.checkForCycles(CausalityInterfaceForComposites.java:96)
	at ptolemy.domains.de.kernel.DEDirector.preinitialize(DEDirector.java:1338)
	at ptolemy.actor.CompositeActor.preinitialize(CompositeActor.java:1828)
	at ptolemy.actor.Manager.preinitializeAndResolveTypes(Manager.java:1040)
	at ptolemy.actor.Manager.initialize(Manager.java:710)
	at ptolemy.actor.Manager.execute(Manager.java:356)
	at ptolemy.actor.Manager.run(Manager.java:1263)
	at ptolemy.actor.Manager$PtolemyRunThread.run(Manager.java:1915)
java.lang.reflect.InvocationTargetException
	at sun.reflect.NativeConstructorAccessorImpl.newInstance0(Native Method)
	at sun.reflect.NativeConstructorAccessorImpl.newInstance(NativeConstructorAccessorImpl.java:62)
	at sun.reflect.DelegatingConstructorAccessorImpl.newInstance(DelegatingConstructorAccessorImpl.java:45)
	at java.lang.reflect.Constructor.newInstance(Constructor.java:423)
	at ptolemy.util.test.junit.AutoKnownFailedTests.RunModel(AutoKnownFailedTests.java:105)
	at sun.reflect.NativeMethodAccessorImpl.invoke0(Native Method)
	at sun.reflect.NativeMethodAccessorImpl.invoke(NativeMethodAccessorImpl.java:62)
	at sun.reflect.DelegatingMethodAccessorImpl.invoke(DelegatingMethodAccessorImpl.java:43)
	at java.lang.reflect.Method.invoke(Method.java:498)
	at org.junit.runners.model.FrameworkMethod$1.runReflectiveCall(FrameworkMethod.java:44)
	at org.junit.internal.runners.model.ReflectiveCallable.run(ReflectiveCallable.java:15)
	at org.junit.runners.model.FrameworkMethod.invokeExplosively(FrameworkMethod.java:41)
	at junitparams.internal.InvokeParameterisedMethod.evaluate(InvokeParameterisedMethod.java:102)
	at org.junit.internal.runners.statements.FailOnTimeout$1.run(FailOnTimeout.java:28)
Caused by: ptolemy.kernel.util.IllegalActionException: Found a zero delay loop containing .dependencyLoop.original
  in .dependencyLoop and .dependencyLoop.original
	at ptolemy.actor.util.CausalityInterfaceForComposites._computeOutputPortDepth(CausalityInterfaceForComposites.java:759)
	at ptolemy.actor.util.CausalityInterfaceForComposites._computeInputDepth(CausalityInterfaceForComposites.java:696)
	at ptolemy.actor.util.CausalityInterfaceForComposites._computeOutputPortDepth(CausalityInterfaceForComposites.java:765)
	at ptolemy.actor.util.CausalityInterfaceForComposites._computeInputDepth(CausalityInterfaceForComposites.java:696)
	at ptolemy.actor.util.CausalityInterfaceForComposites._computeOutputPortDepth(CausalityInterfaceForComposites.java:765)
	at ptolemy.actor.util.CausalityInterfaceForComposites._computeInputDepth(CausalityInterfaceForComposites.java:696)
	at ptolemy.actor.util.CausalityInterfaceForComposites._computeActorDepth(CausalityInterfaceForComposites.java:532)
	at ptolemy.actor.util.CausalityInterfaceForComposites.checkForCycles(CausalityInterfaceForComposites.java:96)
	at ptolemy.domains.de.kernel.DEDirector.preinitialize(DEDirector.java:1338)
	at ptolemy.actor.CompositeActor.preinitialize(CompositeActor.java:1828)
	at ptolemy.actor.Manager.preinitializeAndResolveTypes(Manager.java:1040)
	at ptolemy.actor.Manager.initialize(Manager.java:710)
	at ptolemy.actor.Manager.execute(Manager.java:356)
	at ptolemy.actor.Manager.run(Manager.java:1263)
	at ptolemy.actor.Manager$PtolemyRunThread.run(Manager.java:1915)
java.lang.RuntimeException: Execution failed
	at ptolemy.moml.MoMLSimpleApplication$UnloadThread.run(MoMLSimpleApplication.java:402)
Caused by: ptolemy.kernel.util.IllegalActionException: Found a zero delay loop containing .dependencyLoop2.original
  in .dependencyLoop2 and .dependencyLoop2.original
	at ptolemy.actor.util.CausalityInterfaceForComposites._computeOutputPortDepth(CausalityInterfaceForComposites.java:759)
	at ptolemy.actor.util.CausalityInterfaceForComposites._computeInputDepth(CausalityInterfaceForComposites.java:696)
	at ptolemy.actor.util.CausalityInterfaceForComposites._computeOutputPortDepth(CausalityInterfaceForComposites.java:765)
	at ptolemy.actor.util.CausalityInterfaceForComposites._computeInputDepth(CausalityInterfaceForComposites.java:696)
	at ptolemy.actor.util.CausalityInterfaceForComposites._computeOutputPortDepth(CausalityInterfaceForComposites.java:765)
	at ptolemy.actor.util.CausalityInterfaceForComposites._computeInputDepth(CausalityInterfaceForComposites.java:696)
	at ptolemy.actor.util.CausalityInterfaceForComposites._computeActorDepth(CausalityInterfaceForComposites.java:532)
	at ptolemy.actor.util.CausalityInterfaceForComposites.checkForCycles(CausalityInterfaceForComposites.java:96)
	at ptolemy.domains.de.kernel.DEDirector.preinitialize(DEDirector.java:1338)
	at ptolemy.actor.CompositeActor.preinitialize(CompositeActor.java:1828)
	at ptolemy.actor.Manager.preinitializeAndResolveTypes(Manager.java:1040)
	at ptolemy.actor.Manager.initialize(Manager.java:710)
	at ptolemy.actor.Manager.execute(Manager.java:356)
	at ptolemy.actor.Manager.run(Manager.java:1263)
	at ptolemy.actor.Manager$PtolemyRunThread.run(Manager.java:1915)
java.lang.reflect.InvocationTargetException
	at sun.reflect.NativeConstructorAccessorImpl.newInstance0(Native Method)
	at sun.reflect.NativeConstructorAccessorImpl.newInstance(NativeConstructorAccessorImpl.java:62)
	at sun.reflect.DelegatingConstructorAccessorImpl.newInstance(DelegatingConstructorAccessorImpl.java:45)
	at java.lang.reflect.Constructor.newInstance(Constructor.java:423)
	at ptolemy.util.test.junit.AutoKnownFailedTests.RunModel(AutoKnownFailedTests.java:105)
	at sun.reflect.NativeMethodAccessorImpl.invoke0(Native Method)
	at sun.reflect.NativeMethodAccessorImpl.invoke(NativeMethodAccessorImpl.java:62)
	at sun.reflect.DelegatingMethodAccessorImpl.invoke(DelegatingMethodAccessorImpl.java:43)
	at java.lang.reflect.Method.invoke(Method.java:498)
	at org.junit.runners.model.FrameworkMethod$1.runReflectiveCall(FrameworkMethod.java:44)
	at org.junit.internal.runners.model.ReflectiveCallable.run(ReflectiveCallable.java:15)
	at org.junit.runners.model.FrameworkMethod.invokeExplosively(FrameworkMethod.java:41)
	at junitparams.internal.InvokeParameterisedMethod.evaluate(InvokeParameterisedMethod.java:102)
	at org.junit.internal.runners.statements.FailOnTimeout$1.run(FailOnTimeout.java:28)
Caused by: ptolemy.kernel.util.IllegalActionException: Found a zero delay loop containing .dependencyLoop2.original
  in .dependencyLoop2 and .dependencyLoop2.original
	at ptolemy.actor.util.CausalityInterfaceForComposites._computeOutputPortDepth(CausalityInterfaceForComposites.java:759)
	at ptolemy.actor.util.CausalityInterfaceForComposites._computeInputDepth(CausalityInterfaceForComposites.java:696)
	at ptolemy.actor.util.CausalityInterfaceForComposites._computeOutputPortDepth(CausalityInterfaceForComposites.java:765)
	at ptolemy.actor.util.CausalityInterfaceForComposites._computeInputDepth(CausalityInterfaceForComposites.java:696)
	at ptolemy.actor.util.CausalityInterfaceForComposites._computeOutputPortDepth(CausalityInterfaceForComposites.java:765)
	at ptolemy.actor.util.CausalityInterfaceForComposites._computeInputDepth(CausalityInterfaceForComposites.java:696)
	at ptolemy.actor.util.CausalityInterfaceForComposites._computeActorDepth(CausalityInterfaceForComposites.java:532)
	at ptolemy.actor.util.CausalityInterfaceForComposites.checkForCycles(CausalityInterfaceForComposites.java:96)
	at ptolemy.domains.de.kernel.DEDirector.preinitialize(DEDirector.java:1338)
	at ptolemy.actor.CompositeActor.preinitialize(CompositeActor.java:1828)
	at ptolemy.actor.Manager.preinitializeAndResolveTypes(Manager.java:1040)
	at ptolemy.actor.Manager.initialize(Manager.java:710)
	at ptolemy.actor.Manager.execute(Manager.java:356)
	at ptolemy.actor.Manager.run(Manager.java:1263)
	at ptolemy.actor.Manager$PtolemyRunThread.run(Manager.java:1915)
]]></system-err>
</testsuite>
