<?xml version="1.0" encoding="UTF-8" ?>
<testsuite errors="0" failures="0" hostname="travis-job-7b02c39a-533f-428a-a55f-8947efd7ec80" name="ptolemy.domains.hdf.kernel.test.junit.JUnitTclTest" skipped="0" tests="39" time="5.539" timestamp="2019-05-19T04:27:06">
  <properties>
[...]
</properties>
  <testcase classname="ptolemy.util.test.junit.TclTests" name="[0] /home/travis/build/icyphy/ptII/ptolemy/domains/hdf/kernel/test/RateErrorChecking.tcl (RunTclFile)" time="0.231" />
  <testcase classname="ptolemy.util.test.junit.AutoKnownFailedTests" name="[0] /home/travis/build/icyphy/ptII/ptolemy/domains/hdf/kernel/test/auto/knownFailedTests/badFSMRateChanges.xml (RunModel)" time="0.421" />
  <testcase classname="ptolemy.util.test.junit.AutoNameArchTests" name="[0] ThereAreNoAutoArchTests (RunModel)" time="0.0" />
  <testcase classname="ptolemy.util.test.junit.AutoTests" name="[0] /home/travis/build/icyphy/ptII/ptolemy/domains/hdf/kernel/test/auto/ConstVariableRateTest.xml (RunModel)" time="0.198" />
  <testcase classname="ptolemy.util.test.junit.AutoTests" name="[1] /home/travis/build/icyphy/ptII/ptolemy/domains/hdf/kernel/test/auto/DifferentRefinedRates.xml (RunModel)" time="0.077" />
  <testcase classname="ptolemy.util.test.junit.AutoTests" name="[2] /home/travis/build/icyphy/ptII/ptolemy/domains/hdf/kernel/test/auto/DifferentRefinedRates2.xml (RunModel)" time="0.081" />
  <testcase classname="ptolemy.util.test.junit.AutoTests" name="[3] /home/travis/build/icyphy/ptII/ptolemy/domains/hdf/kernel/test/auto/DifferentRefinedRates3.xml (RunModel)" time="0.117" />
  <testcase classname="ptolemy.util.test.junit.AutoTests" name="[4] /home/travis/build/icyphy/ptII/ptolemy/domains/hdf/kernel/test/auto/DifferentRefinedRates4.xml (RunModel)" time="0.134" />
  <testcase classname="ptolemy.util.test.junit.AutoTests" name="[5] /home/travis/build/icyphy/ptII/ptolemy/domains/hdf/kernel/test/auto/DifferentRefinedRates5.xml (RunModel)" time="0.13" />
  <testcase classname="ptolemy.util.test.junit.AutoTests" name="[6] /home/travis/build/icyphy/ptII/ptolemy/domains/hdf/kernel/test/auto/DifferentRefinedRates6.xml (RunModel)" time="0.061" />
  <testcase classname="ptolemy.util.test.junit.AutoTests" name="[7] /home/travis/build/icyphy/ptII/ptolemy/domains/hdf/kernel/test/auto/DownSample_PowerOfTwo.xml (RunModel)" time="0.245" />
  <testcase classname="ptolemy.util.test.junit.AutoTests" name="[8] /home/travis/build/icyphy/ptII/ptolemy/domains/hdf/kernel/test/auto/FibonacciWithNullInitial.xml (RunModel)" time="0.243" />
  <testcase classname="ptolemy.util.test.junit.AutoTests" name="[9] /home/travis/build/icyphy/ptII/ptolemy/domains/hdf/kernel/test/auto/FibonacciWithNullInitial1.xml (RunModel)" time="0.219" />
  <testcase classname="ptolemy.util.test.junit.AutoTests" name="[10] /home/travis/build/icyphy/ptII/ptolemy/domains/hdf/kernel/test/auto/FibonacciWithTransientStates.xml (RunModel)" time="0.226" />
  <testcase classname="ptolemy.util.test.junit.AutoTests" name="[11] /home/travis/build/icyphy/ptII/ptolemy/domains/hdf/kernel/test/auto/FibonacciWithTransientStates2.xml (RunModel)" time="0.136" />
  <testcase classname="ptolemy.util.test.junit.AutoTests" name="[12] /home/travis/build/icyphy/ptII/ptolemy/domains/hdf/kernel/test/auto/FibonacciWithoutHistoryInitial.xml (RunModel)" time="0.155" />
  <testcase classname="ptolemy.util.test.junit.AutoTests" name="[13] /home/travis/build/icyphy/ptII/ptolemy/domains/hdf/kernel/test/auto/GuardUsingPastTokens.xml (RunModel)" time="0.075" />
  <testcase classname="ptolemy.util.test.junit.AutoTests" name="[14] /home/travis/build/icyphy/ptII/ptolemy/domains/hdf/kernel/test/auto/GuardWithResets.xml (RunModel)" time="0.081" />
  <testcase classname="ptolemy.util.test.junit.AutoTests" name="[15] /home/travis/build/icyphy/ptII/ptolemy/domains/hdf/kernel/test/auto/Hierarchy_2Level_Test1.xml (RunModel)" time="0.077" />
  <testcase classname="ptolemy.util.test.junit.AutoTests" name="[16] /home/travis/build/icyphy/ptII/ptolemy/domains/hdf/kernel/test/auto/Hierarchy_2Level_Test2.xml (RunModel)" time="0.07" />
  <testcase classname="ptolemy.util.test.junit.AutoTests" name="[17] /home/travis/build/icyphy/ptII/ptolemy/domains/hdf/kernel/test/auto/Hysteresis.xml (RunModel)" time="0.048" />
  <testcase classname="ptolemy.util.test.junit.AutoTests" name="[18] /home/travis/build/icyphy/ptII/ptolemy/domains/hdf/kernel/test/auto/InitTransient.xml (RunModel)" time="0.104" />
  <testcase classname="ptolemy.util.test.junit.AutoTests" name="[19] /home/travis/build/icyphy/ptII/ptolemy/domains/hdf/kernel/test/auto/Merge.xml (RunModel)" time="0.076" />
  <testcase classname="ptolemy.util.test.junit.AutoTests" name="[20] /home/travis/build/icyphy/ptII/ptolemy/domains/hdf/kernel/test/auto/ModalModelBooleanSwitch.xml (RunModel)" time="0.096" />
  <testcase classname="ptolemy.util.test.junit.AutoTests" name="[21] /home/travis/build/icyphy/ptII/ptolemy/domains/hdf/kernel/test/auto/SameRates.xml (RunModel)" time="0.06" />
  <testcase classname="ptolemy.util.test.junit.AutoTests" name="[22] /home/travis/build/icyphy/ptII/ptolemy/domains/hdf/kernel/test/auto/SameRefinedRates.xml (RunModel)" time="0.065" />
  <testcase classname="ptolemy.util.test.junit.AutoTests" name="[23] /home/travis/build/icyphy/ptII/ptolemy/domains/hdf/kernel/test/auto/SameRefinedRates2.xml (RunModel)" time="0.076" />
  <testcase classname="ptolemy.util.test.junit.AutoTests" name="[24] /home/travis/build/icyphy/ptII/ptolemy/domains/hdf/kernel/test/auto/TransientStates.xml (RunModel)" time="0.074" />
  <testcase classname="ptolemy.util.test.junit.AutoTests" name="[25] /home/travis/build/icyphy/ptII/ptolemy/domains/hdf/kernel/test/auto/TwoHammingCodec.xml (RunModel)" time="0.102" />
  <testcase classname="ptolemy.util.test.junit.AutoTests" name="[26] /home/travis/build/icyphy/ptII/ptolemy/domains/hdf/kernel/test/auto/TwoHammingCodec1.xml (RunModel)" time="0.112" />
  <testcase classname="ptolemy.util.test.junit.AutoTests" name="[27] /home/travis/build/icyphy/ptII/ptolemy/domains/hdf/kernel/test/auto/TwoLevelHierarchy.xml (RunModel)" time="0.184" />
  <testcase classname="ptolemy.util.test.junit.AutoTests" name="[28] /home/travis/build/icyphy/ptII/ptolemy/domains/hdf/kernel/test/auto/TwoLevelHierarchy1.xml (RunModel)" time="0.186" />
  <testcase classname="ptolemy.util.test.junit.AutoTests" name="[29] /home/travis/build/icyphy/ptII/ptolemy/domains/hdf/kernel/test/auto/TwoLevelHierarchy2.xml (RunModel)" time="0.138" />
  <testcase classname="ptolemy.util.test.junit.AutoTests" name="[30] /home/travis/build/icyphy/ptII/ptolemy/domains/hdf/kernel/test/auto/TwoLevelHierarchyNullStates.xml (RunModel)" time="0.179" />
  <testcase classname="ptolemy.util.test.junit.AutoTests" name="[31] /home/travis/build/icyphy/ptII/ptolemy/domains/hdf/kernel/test/auto/TwoLevelHierarchyWithResets.xml (RunModel)" time="0.164" />
  <testcase classname="ptolemy.util.test.junit.AutoTests" name="[32] /home/travis/build/icyphy/ptII/ptolemy/domains/hdf/kernel/test/auto/TwoLevelHierarchyWithResetsNullStates.xml (RunModel)" time="0.181" />
  <testcase classname="ptolemy.util.test.junit.AutoTests" name="[33] /home/travis/build/icyphy/ptII/ptolemy/domains/hdf/kernel/test/auto/WaterTank_HDF.xml (RunModel)" time="0.125" />
  <testcase classname="ptolemy.util.test.junit.AutoTests" name="[34] /home/travis/build/icyphy/ptII/ptolemy/domains/hdf/kernel/test/auto/WaterTank_HDF2.xml (RunModel)" time="0.134" />
  <testcase classname="ptolemy.util.test.junit.AutoTests" name="[35] /home/travis/build/icyphy/ptII/ptolemy/domains/hdf/kernel/test/auto/badFSMRateChanges.xml (RunModel)" time="0.046" />
  <system-out><![CDATA[/home/travis/build/icyphy/ptII/ptolemy/domains/hdf/kernel/test/RateErrorChecking.tcl
testDefs.tcl: setting time out to 9000 seconds at Sun May 19 04:27:06 UTC 2019


==== $PTII/ptolemy/domains/hdf/kernel/test/RateErrorChecking.tcl: RateErrorChecking-1.0 
==== Contents of test case:

    catch {createAndExecute "badFSMRateChanges.xml"} foo
    list $foo

==== Result was:
{java.io.FileNotFoundException: /home/travis/build/icyphy/ptII/ptolemy/domains/hdf/kernel/test/badFSMRateChanges.xml (No such file or directory)}
---- KNOWN Failure, Result should have been:
{ptolemy.kernel.util.IllegalActionException: Failed to compute schedule:
  in .badFSMRateChanges.SDF Director
Because:
The SDF rate parameter may change. This is not allowed in SDF models that will be run through the code generator.  If you don't care about code generation, then you might consider setting the allowRateChanges parameter of the SDF director to false.
    in .badFSMRateChanges.typed composite actor.output.tokenProductionRate}
---- RateErrorChecking-1.0 Failed, but this is a KNOWN failure
05/19/19 04:27:06
Failed: 0  Total Tests: 1  ((Passed: 0, Newly Passed: 0)  Known Failed: 1) /home/travis/build/icyphy/ptII/ptolemy/domains/hdf/kernel/test
----------------- testing (KnownFailure) /home/travis/build/icyphy/ptII/ptolemy/domains/hdf/kernel/test/auto/knownFailedTests/badFSMRateChanges.xml
89 ms. Memory: 116224K Free: 97624K (84%)
No auto/linux-amd64/*.xml tests in /home/travis/build/icyphy/ptII/ptolemy/domains/hdf/kernel/test
AutoTests.java: About to close Vertx.
AutoTests.java: Vertx closed.

===========================================================================================
----------------- testing Sun May 19 04:27:07 UTC 2019 /home/travis/build/icyphy/ptII/ptolemy/domains/hdf/kernel/test/auto/ConstVariableRateTest.xml
----------------- Instantiating /home/travis/build/icyphy/ptII/ptolemy/domains/hdf/kernel/test/auto/ConstVariableRateTest.xml
51 ms. Memory: 146944K Free: 119578K (81%)
----------------- Invoking toplevel() on ptolemy.moml.MoMLSimpleApplication@4fb9a57d
----------------- Done invoking toplevel() on ptolemy.moml.MoMLSimpleApplication@4fb9a57d
reloadAllAccessors: .ConstVariableRateTest

===========================================================================================
----------------- testing Sun May 19 04:27:07 UTC 2019 /home/travis/build/icyphy/ptII/ptolemy/domains/hdf/kernel/test/auto/DifferentRefinedRates.xml
----------------- Instantiating /home/travis/build/icyphy/ptII/ptolemy/domains/hdf/kernel/test/auto/DifferentRefinedRates.xml
30 ms. Memory: 146944K Free: 104232K (71%)
----------------- Invoking toplevel() on ptolemy.moml.MoMLSimpleApplication@3990b565
----------------- Done invoking toplevel() on ptolemy.moml.MoMLSimpleApplication@3990b565
reloadAllAccessors: .DifferentRefinedRates

===========================================================================================
----------------- testing Sun May 19 04:27:07 UTC 2019 /home/travis/build/icyphy/ptII/ptolemy/domains/hdf/kernel/test/auto/DifferentRefinedRates2.xml
----------------- Instantiating /home/travis/build/icyphy/ptII/ptolemy/domains/hdf/kernel/test/auto/DifferentRefinedRates2.xml
29 ms. Memory: 146944K Free: 88973K (61%)
----------------- Invoking toplevel() on ptolemy.moml.MoMLSimpleApplication@9b3fce5
----------------- Done invoking toplevel() on ptolemy.moml.MoMLSimpleApplication@9b3fce5
reloadAllAccessors: .DifferentRefinedRates2

===========================================================================================
----------------- testing Sun May 19 04:27:07 UTC 2019 /home/travis/build/icyphy/ptII/ptolemy/domains/hdf/kernel/test/auto/DifferentRefinedRates3.xml
----------------- Instantiating /home/travis/build/icyphy/ptII/ptolemy/domains/hdf/kernel/test/auto/DifferentRefinedRates3.xml
70 ms. Memory: 146944K Free: 138674K (94%)
----------------- Invoking toplevel() on ptolemy.moml.MoMLSimpleApplication@6be6ed25
----------------- Done invoking toplevel() on ptolemy.moml.MoMLSimpleApplication@6be6ed25
reloadAllAccessors: .DifferentRefinedRates3

===========================================================================================
----------------- testing Sun May 19 04:27:07 UTC 2019 /home/travis/build/icyphy/ptII/ptolemy/domains/hdf/kernel/test/auto/DifferentRefinedRates4.xml
----------------- Instantiating /home/travis/build/icyphy/ptII/ptolemy/domains/hdf/kernel/test/auto/DifferentRefinedRates4.xml
45 ms. Memory: 146944K Free: 120305K (82%)
----------------- Invoking toplevel() on ptolemy.moml.MoMLSimpleApplication@64e4d1fa
----------------- Done invoking toplevel() on ptolemy.moml.MoMLSimpleApplication@64e4d1fa
reloadAllAccessors: .NewHDFtest1

===========================================================================================
----------------- testing Sun May 19 04:27:07 UTC 2019 /home/travis/build/icyphy/ptII/ptolemy/domains/hdf/kernel/test/auto/DifferentRefinedRates5.xml
----------------- Instantiating /home/travis/build/icyphy/ptII/ptolemy/domains/hdf/kernel/test/auto/DifferentRefinedRates5.xml
31 ms. Memory: 146944K Free: 103487K (70%)
----------------- Invoking toplevel() on ptolemy.moml.MoMLSimpleApplication@fc996b2
----------------- Done invoking toplevel() on ptolemy.moml.MoMLSimpleApplication@fc996b2
reloadAllAccessors: .NewHDFtest2

===========================================================================================
----------------- testing Sun May 19 04:27:08 UTC 2019 /home/travis/build/icyphy/ptII/ptolemy/domains/hdf/kernel/test/auto/DifferentRefinedRates6.xml
----------------- Instantiating /home/travis/build/icyphy/ptII/ptolemy/domains/hdf/kernel/test/auto/DifferentRefinedRates6.xml
23 ms. Memory: 146944K Free: 89102K (61%)
----------------- Invoking toplevel() on ptolemy.moml.MoMLSimpleApplication@692e858a
----------------- Done invoking toplevel() on ptolemy.moml.MoMLSimpleApplication@692e858a
reloadAllAccessors: .DifferentRefinedRates6

===========================================================================================
----------------- testing Sun May 19 04:27:08 UTC 2019 /home/travis/build/icyphy/ptII/ptolemy/domains/hdf/kernel/test/auto/DownSample_PowerOfTwo.xml
----------------- Instantiating /home/travis/build/icyphy/ptII/ptolemy/domains/hdf/kernel/test/auto/DownSample_PowerOfTwo.xml
192 ms. Memory: 208384K Free: 185748K (89%)
----------------- Invoking toplevel() on ptolemy.moml.MoMLSimpleApplication@5cb0bebe
----------------- Done invoking toplevel() on ptolemy.moml.MoMLSimpleApplication@5cb0bebe
reloadAllAccessors: .SDFDownSample

===========================================================================================
----------------- testing Sun May 19 04:27:08 UTC 2019 /home/travis/build/icyphy/ptII/ptolemy/domains/hdf/kernel/test/auto/FibonacciWithNullInitial.xml
----------------- Instantiating /home/travis/build/icyphy/ptII/ptolemy/domains/hdf/kernel/test/auto/FibonacciWithNullInitial.xml
190 ms. Memory: 208384K Free: 159154K (76%)
----------------- Invoking toplevel() on ptolemy.moml.MoMLSimpleApplication@416a7f2
----------------- Done invoking toplevel() on ptolemy.moml.MoMLSimpleApplication@416a7f2
reloadAllAccessors: .FibonacciWithNullInitial

===========================================================================================
----------------- testing Sun May 19 04:27:08 UTC 2019 /home/travis/build/icyphy/ptII/ptolemy/domains/hdf/kernel/test/auto/FibonacciWithNullInitial1.xml
----------------- Instantiating /home/travis/build/icyphy/ptII/ptolemy/domains/hdf/kernel/test/auto/FibonacciWithNullInitial1.xml
163 ms. Memory: 208384K Free: 133802K (64%)
----------------- Invoking toplevel() on ptolemy.moml.MoMLSimpleApplication@47a9b4ee
----------------- Done invoking toplevel() on ptolemy.moml.MoMLSimpleApplication@47a9b4ee
reloadAllAccessors: .FibonacciWithNullInitial1

===========================================================================================
----------------- testing Sun May 19 04:27:08 UTC 2019 /home/travis/build/icyphy/ptII/ptolemy/domains/hdf/kernel/test/auto/FibonacciWithTransientStates.xml
----------------- Instantiating /home/travis/build/icyphy/ptII/ptolemy/domains/hdf/kernel/test/auto/FibonacciWithTransientStates.xml
158 ms. Memory: 208384K Free: 105394K (51%)
----------------- Invoking toplevel() on ptolemy.moml.MoMLSimpleApplication@7a01b1c8
----------------- Done invoking toplevel() on ptolemy.moml.MoMLSimpleApplication@7a01b1c8
reloadAllAccessors: .FibonacciWithTransientStates

===========================================================================================
----------------- testing Sun May 19 04:27:09 UTC 2019 /home/travis/build/icyphy/ptII/ptolemy/domains/hdf/kernel/test/auto/FibonacciWithTransientStates2.xml
----------------- Instantiating /home/travis/build/icyphy/ptII/ptolemy/domains/hdf/kernel/test/auto/FibonacciWithTransientStates2.xml
58 ms. Memory: 208384K Free: 82381K (40%)
----------------- Invoking toplevel() on ptolemy.moml.MoMLSimpleApplication@6c414f3f
----------------- Done invoking toplevel() on ptolemy.moml.MoMLSimpleApplication@6c414f3f
reloadAllAccessors: .FibonacciWithTransientStates2

===========================================================================================
----------------- testing Sun May 19 04:27:09 UTC 2019 /home/travis/build/icyphy/ptII/ptolemy/domains/hdf/kernel/test/auto/FibonacciWithoutHistoryInitial.xml
----------------- Instantiating /home/travis/build/icyphy/ptII/ptolemy/domains/hdf/kernel/test/auto/FibonacciWithoutHistoryInitial.xml
100 ms. Memory: 208384K Free: 184390K (88%)
----------------- Invoking toplevel() on ptolemy.moml.MoMLSimpleApplication@3e8a157f
----------------- Done invoking toplevel() on ptolemy.moml.MoMLSimpleApplication@3e8a157f
reloadAllAccessors: .FibonacciWithoutHistoryInitial

===========================================================================================
----------------- testing Sun May 19 04:27:09 UTC 2019 /home/travis/build/icyphy/ptII/ptolemy/domains/hdf/kernel/test/auto/GuardUsingPastTokens.xml
----------------- Instantiating /home/travis/build/icyphy/ptII/ptolemy/domains/hdf/kernel/test/auto/GuardUsingPastTokens.xml
28 ms. Memory: 208384K Free: 168309K (81%)
----------------- Invoking toplevel() on ptolemy.moml.MoMLSimpleApplication@1b43d4a5
----------------- Done invoking toplevel() on ptolemy.moml.MoMLSimpleApplication@1b43d4a5
reloadAllAccessors: .GuardUsingPastTokens

===========================================================================================
----------------- testing Sun May 19 04:27:09 UTC 2019 /home/travis/build/icyphy/ptII/ptolemy/domains/hdf/kernel/test/auto/GuardWithResets.xml
----------------- Instantiating /home/travis/build/icyphy/ptII/ptolemy/domains/hdf/kernel/test/auto/GuardWithResets.xml
32 ms. Memory: 208384K Free: 149683K (72%)
----------------- Invoking toplevel() on ptolemy.moml.MoMLSimpleApplication@44255505
----------------- Done invoking toplevel() on ptolemy.moml.MoMLSimpleApplication@44255505
reloadAllAccessors: .GuardWithResets

===========================================================================================
----------------- testing Sun May 19 04:27:09 UTC 2019 /home/travis/build/icyphy/ptII/ptolemy/domains/hdf/kernel/test/auto/Hierarchy_2Level_Test1.xml
----------------- Instantiating /home/travis/build/icyphy/ptII/ptolemy/domains/hdf/kernel/test/auto/Hierarchy_2Level_Test1.xml
19 ms. Memory: 208384K Free: 130530K (63%)
----------------- Invoking toplevel() on ptolemy.moml.MoMLSimpleApplication@6e344ee2
----------------- Done invoking toplevel() on ptolemy.moml.MoMLSimpleApplication@6e344ee2
reloadAllAccessors: .Hierarchy_2Level_Test1

===========================================================================================
----------------- testing Sun May 19 04:27:09 UTC 2019 /home/travis/build/icyphy/ptII/ptolemy/domains/hdf/kernel/test/auto/Hierarchy_2Level_Test2.xml
----------------- Instantiating /home/travis/build/icyphy/ptII/ptolemy/domains/hdf/kernel/test/auto/Hierarchy_2Level_Test2.xml
27 ms. Memory: 208384K Free: 111210K (53%)
----------------- Invoking toplevel() on ptolemy.moml.MoMLSimpleApplication@427a08d8
----------------- Done invoking toplevel() on ptolemy.moml.MoMLSimpleApplication@427a08d8
reloadAllAccessors: .Hierarchy_4Level_Test2

===========================================================================================
----------------- testing Sun May 19 04:27:09 UTC 2019 /home/travis/build/icyphy/ptII/ptolemy/domains/hdf/kernel/test/auto/Hysteresis.xml
----------------- Instantiating /home/travis/build/icyphy/ptII/ptolemy/domains/hdf/kernel/test/auto/Hysteresis.xml
18 ms. Memory: 208384K Free: 98960K (47%)
----------------- Invoking toplevel() on ptolemy.moml.MoMLSimpleApplication@688e699c
----------------- Done invoking toplevel() on ptolemy.moml.MoMLSimpleApplication@688e699c
reloadAllAccessors: .Hysteresis

===========================================================================================
----------------- testing Sun May 19 04:27:09 UTC 2019 /home/travis/build/icyphy/ptII/ptolemy/domains/hdf/kernel/test/auto/InitTransient.xml
----------------- Instantiating /home/travis/build/icyphy/ptII/ptolemy/domains/hdf/kernel/test/auto/InitTransient.xml
48 ms. Memory: 331264K Free: 323236K (98%)
----------------- Invoking toplevel() on ptolemy.moml.MoMLSimpleApplication@797d07ab
----------------- Done invoking toplevel() on ptolemy.moml.MoMLSimpleApplication@797d07ab
reloadAllAccessors: .InitTransient

===========================================================================================
----------------- testing Sun May 19 04:27:09 UTC 2019 /home/travis/build/icyphy/ptII/ptolemy/domains/hdf/kernel/test/auto/Merge.xml
----------------- Instantiating /home/travis/build/icyphy/ptII/ptolemy/domains/hdf/kernel/test/auto/Merge.xml
34 ms. Memory: 331264K Free: 301980K (91%)
----------------- Invoking toplevel() on ptolemy.moml.MoMLSimpleApplication@5714f8c7
----------------- Done invoking toplevel() on ptolemy.moml.MoMLSimpleApplication@5714f8c7
reloadAllAccessors: .Merge

===========================================================================================
----------------- testing Sun May 19 04:27:09 UTC 2019 /home/travis/build/icyphy/ptII/ptolemy/domains/hdf/kernel/test/auto/ModalModelBooleanSwitch.xml
----------------- Instantiating /home/travis/build/icyphy/ptII/ptolemy/domains/hdf/kernel/test/auto/ModalModelBooleanSwitch.xml
31 ms. Memory: 331264K Free: 279861K (84%)
----------------- Invoking toplevel() on ptolemy.moml.MoMLSimpleApplication@6f9e2e59
----------------- Done invoking toplevel() on ptolemy.moml.MoMLSimpleApplication@6f9e2e59
reloadAllAccessors: .BooleanSwitchWithModel

===========================================================================================
----------------- testing Sun May 19 04:27:10 UTC 2019 /home/travis/build/icyphy/ptII/ptolemy/domains/hdf/kernel/test/auto/SameRates.xml
----------------- Instantiating /home/travis/build/icyphy/ptII/ptolemy/domains/hdf/kernel/test/auto/SameRates.xml
16 ms. Memory: 331264K Free: 265115K (80%)
----------------- Invoking toplevel() on ptolemy.moml.MoMLSimpleApplication@276177a4
----------------- Done invoking toplevel() on ptolemy.moml.MoMLSimpleApplication@276177a4
reloadAllAccessors: .SameRates

===========================================================================================
----------------- testing Sun May 19 04:27:10 UTC 2019 /home/travis/build/icyphy/ptII/ptolemy/domains/hdf/kernel/test/auto/SameRefinedRates.xml
----------------- Instantiating /home/travis/build/icyphy/ptII/ptolemy/domains/hdf/kernel/test/auto/SameRefinedRates.xml
25 ms. Memory: 331264K Free: 249684K (75%)
----------------- Invoking toplevel() on ptolemy.moml.MoMLSimpleApplication@35b9a482
----------------- Done invoking toplevel() on ptolemy.moml.MoMLSimpleApplication@35b9a482
reloadAllAccessors: .SameRefinedRates

===========================================================================================
----------------- testing Sun May 19 04:27:10 UTC 2019 /home/travis/build/icyphy/ptII/ptolemy/domains/hdf/kernel/test/auto/SameRefinedRates2.xml
----------------- Instantiating /home/travis/build/icyphy/ptII/ptolemy/domains/hdf/kernel/test/auto/SameRefinedRates2.xml
30 ms. Memory: 331264K Free: 233702K (71%)
----------------- Invoking toplevel() on ptolemy.moml.MoMLSimpleApplication@1fa0c1f5
----------------- Done invoking toplevel() on ptolemy.moml.MoMLSimpleApplication@1fa0c1f5
reloadAllAccessors: .SameRefinedRates2

===========================================================================================
----------------- testing Sun May 19 04:27:10 UTC 2019 /home/travis/build/icyphy/ptII/ptolemy/domains/hdf/kernel/test/auto/TransientStates.xml
----------------- Instantiating /home/travis/build/icyphy/ptII/ptolemy/domains/hdf/kernel/test/auto/TransientStates.xml
26 ms. Memory: 331264K Free: 211575K (64%)
----------------- Invoking toplevel() on ptolemy.moml.MoMLSimpleApplication@4ade587b
----------------- Done invoking toplevel() on ptolemy.moml.MoMLSimpleApplication@4ade587b
reloadAllAccessors: .TransientStates

===========================================================================================
----------------- testing Sun May 19 04:27:10 UTC 2019 /home/travis/build/icyphy/ptII/ptolemy/domains/hdf/kernel/test/auto/TwoHammingCodec.xml
----------------- Instantiating /home/travis/build/icyphy/ptII/ptolemy/domains/hdf/kernel/test/auto/TwoHammingCodec.xml
45 ms. Memory: 331264K Free: 188771K (57%)
----------------- Invoking toplevel() on ptolemy.moml.MoMLSimpleApplication@2f91be9f
----------------- Done invoking toplevel() on ptolemy.moml.MoMLSimpleApplication@2f91be9f
reloadAllAccessors: .TwoHammingCodec

===========================================================================================
----------------- testing Sun May 19 04:27:10 UTC 2019 /home/travis/build/icyphy/ptII/ptolemy/domains/hdf/kernel/test/auto/TwoHammingCodec1.xml
----------------- Instantiating /home/travis/build/icyphy/ptII/ptolemy/domains/hdf/kernel/test/auto/TwoHammingCodec1.xml
56 ms. Memory: 331264K Free: 162950K (49%)
----------------- Invoking toplevel() on ptolemy.moml.MoMLSimpleApplication@3c90be3e
----------------- Done invoking toplevel() on ptolemy.moml.MoMLSimpleApplication@3c90be3e
reloadAllAccessors: .twoHammingCodec1

===========================================================================================
----------------- testing Sun May 19 04:27:10 UTC 2019 /home/travis/build/icyphy/ptII/ptolemy/domains/hdf/kernel/test/auto/TwoLevelHierarchy.xml
----------------- Instantiating /home/travis/build/icyphy/ptII/ptolemy/domains/hdf/kernel/test/auto/TwoLevelHierarchy.xml
54 ms. Memory: 331264K Free: 115474K (35%)
----------------- Invoking toplevel() on ptolemy.moml.MoMLSimpleApplication@2f01fd0e
----------------- Done invoking toplevel() on ptolemy.moml.MoMLSimpleApplication@2f01fd0e
reloadAllAccessors: .TwoLevelHierarchy

===========================================================================================
----------------- testing Sun May 19 04:27:10 UTC 2019 /home/travis/build/icyphy/ptII/ptolemy/domains/hdf/kernel/test/auto/TwoLevelHierarchy1.xml
----------------- Instantiating /home/travis/build/icyphy/ptII/ptolemy/domains/hdf/kernel/test/auto/TwoLevelHierarchy1.xml
82 ms. Memory: 331776K Free: 314818K (95%)
----------------- Invoking toplevel() on ptolemy.moml.MoMLSimpleApplication@50ca7138
----------------- Done invoking toplevel() on ptolemy.moml.MoMLSimpleApplication@50ca7138
reloadAllAccessors: .TwoLevelHierarchy1

===========================================================================================
----------------- testing Sun May 19 04:27:10 UTC 2019 /home/travis/build/icyphy/ptII/ptolemy/domains/hdf/kernel/test/auto/TwoLevelHierarchy2.xml
----------------- Instantiating /home/travis/build/icyphy/ptII/ptolemy/domains/hdf/kernel/test/auto/TwoLevelHierarchy2.xml
48 ms. Memory: 331776K Free: 275315K (83%)
----------------- Invoking toplevel() on ptolemy.moml.MoMLSimpleApplication@6bdf9ffc
----------------- Done invoking toplevel() on ptolemy.moml.MoMLSimpleApplication@6bdf9ffc
reloadAllAccessors: .TwoLevelHierarchy2

===========================================================================================
----------------- testing Sun May 19 04:27:11 UTC 2019 /home/travis/build/icyphy/ptII/ptolemy/domains/hdf/kernel/test/auto/TwoLevelHierarchyNullStates.xml
----------------- Instantiating /home/travis/build/icyphy/ptII/ptolemy/domains/hdf/kernel/test/auto/TwoLevelHierarchyNullStates.xml
42 ms. Memory: 331776K Free: 222014K (67%)
----------------- Invoking toplevel() on ptolemy.moml.MoMLSimpleApplication@7729768
----------------- Done invoking toplevel() on ptolemy.moml.MoMLSimpleApplication@7729768
reloadAllAccessors: .TwoLevelHierarchyNullStates

===========================================================================================
----------------- testing Sun May 19 04:27:11 UTC 2019 /home/travis/build/icyphy/ptII/ptolemy/domains/hdf/kernel/test/auto/TwoLevelHierarchyWithResets.xml
----------------- Instantiating /home/travis/build/icyphy/ptII/ptolemy/domains/hdf/kernel/test/auto/TwoLevelHierarchyWithResets.xml
72 ms. Memory: 331776K Free: 172845K (52%)
----------------- Invoking toplevel() on ptolemy.moml.MoMLSimpleApplication@7ecf6b4d
----------------- Done invoking toplevel() on ptolemy.moml.MoMLSimpleApplication@7ecf6b4d
reloadAllAccessors: .TwoLevelHierarchy1

===========================================================================================
----------------- testing Sun May 19 04:27:11 UTC 2019 /home/travis/build/icyphy/ptII/ptolemy/domains/hdf/kernel/test/auto/TwoLevelHierarchyWithResetsNullStates.xml
----------------- Instantiating /home/travis/build/icyphy/ptII/ptolemy/domains/hdf/kernel/test/auto/TwoLevelHierarchyWithResetsNullStates.xml
67 ms. Memory: 331776K Free: 108485K (33%)
----------------- Invoking toplevel() on ptolemy.moml.MoMLSimpleApplication@4b5040d1
----------------- Done invoking toplevel() on ptolemy.moml.MoMLSimpleApplication@4b5040d1
reloadAllAccessors: .TwoLevelHierarchyWithResetsNullStates

===========================================================================================
----------------- testing Sun May 19 04:27:11 UTC 2019 /home/travis/build/icyphy/ptII/ptolemy/domains/hdf/kernel/test/auto/WaterTank_HDF.xml
----------------- Instantiating /home/travis/build/icyphy/ptII/ptolemy/domains/hdf/kernel/test/auto/WaterTank_HDF.xml
71 ms. Memory: 577536K Free: 567190K (98%)
----------------- Invoking toplevel() on ptolemy.moml.MoMLSimpleApplication@589d53d
----------------- Done invoking toplevel() on ptolemy.moml.MoMLSimpleApplication@589d53d
reloadAllAccessors: .WaterTank_HDF

===========================================================================================
----------------- testing Sun May 19 04:27:11 UTC 2019 /home/travis/build/icyphy/ptII/ptolemy/domains/hdf/kernel/test/auto/WaterTank_HDF2.xml
----------------- Instantiating /home/travis/build/icyphy/ptII/ptolemy/domains/hdf/kernel/test/auto/WaterTank_HDF2.xml
48 ms. Memory: 577536K Free: 528104K (91%)
----------------- Invoking toplevel() on ptolemy.moml.MoMLSimpleApplication@1d6ae7fe
----------------- Done invoking toplevel() on ptolemy.moml.MoMLSimpleApplication@1d6ae7fe
reloadAllAccessors: .WaterTank_HDF2

===========================================================================================
----------------- testing Sun May 19 04:27:11 UTC 2019 /home/travis/build/icyphy/ptII/ptolemy/domains/hdf/kernel/test/auto/badFSMRateChanges.xml
----------------- Instantiating /home/travis/build/icyphy/ptII/ptolemy/domains/hdf/kernel/test/auto/badFSMRateChanges.xml
11 ms. Memory: 577536K Free: 510918K (88%)
----------------- Invoking toplevel() on ptolemy.moml.MoMLSimpleApplication@16284de1
----------------- Done invoking toplevel() on ptolemy.moml.MoMLSimpleApplication@16284de1
reloadAllAccessors: .badFSMRateChanges
AutoTests.java: About to close Vertx.
AutoTests.java: Vertx closed.
]]></system-out>
  <system-err><![CDATA[]]></system-err>
</testsuite>
