<?xml version="1.0" encoding="UTF-8" ?>
<testsuite errors="0" failures="0" hostname="travis-job-06eab21a-3ecf-4627-b419-28acad44eea4" name="ptolemy.domains.sdf.test.junit.JUnitTclTest" skipped="0" tests="66" time="21.46" timestamp="2019-07-18T05:11:20">
  <properties>
[...]
</properties>
  <testcase classname="ptolemy.util.test.junit.TclTests" name="[0] /home/travis/build/icyphy/ptII/ptolemy/domains/sdf/test/SDFSchedulerErrors.tcl (RunTclFile)" time="0.947" />
  <testcase classname="ptolemy.util.test.junit.TclTests" name="[1] /home/travis/build/icyphy/ptII/ptolemy/domains/sdf/test/composition.tcl (RunTclFile)" time="0.182" />
  <testcase classname="ptolemy.util.test.junit.TclTests" name="[2] /home/travis/build/icyphy/ptII/ptolemy/domains/sdf/test/cycle.tcl (RunTclFile)" time="0.043" />
  <testcase classname="ptolemy.util.test.junit.AutoKnownFailedTests" name="[0] ThereAreNoKnowFailedTests (RunModel)" time="0.001" />
  <testcase classname="ptolemy.util.test.junit.AutoNameArchTests" name="[0] ThereAreNoAutoArchTests (RunModel)" time="0.001" />
  <testcase classname="ptolemy.util.test.junit.AutoTests" name="[0] /home/travis/build/icyphy/ptII/ptolemy/domains/sdf/test/auto/Array.xml (RunModel)" time="0.248" />
  <testcase classname="ptolemy.util.test.junit.AutoTests" name="[1] /home/travis/build/icyphy/ptII/ptolemy/domains/sdf/test/auto/Butterfly.xml (RunModel)" time="0.204" />
  <testcase classname="ptolemy.util.test.junit.AutoTests" name="[2] /home/travis/build/icyphy/ptII/ptolemy/domains/sdf/test/auto/Expression.xml (RunModel)" time="0.104" />
  <testcase classname="ptolemy.util.test.junit.AutoTests" name="[3] /home/travis/build/icyphy/ptII/ptolemy/domains/sdf/test/auto/Eye.xml (RunModel)" time="0.361" />
  <testcase classname="ptolemy.util.test.junit.AutoTests" name="[4] /home/travis/build/icyphy/ptII/ptolemy/domains/sdf/test/auto/FixFIR.xml (RunModel)" time="0.326" />
  <testcase classname="ptolemy.util.test.junit.AutoTests" name="[5] /home/travis/build/icyphy/ptII/ptolemy/domains/sdf/test/auto/FixPoint.xml (RunModel)" time="0.033" />
  <testcase classname="ptolemy.util.test.junit.AutoTests" name="[6] /home/travis/build/icyphy/ptII/ptolemy/domains/sdf/test/auto/Gravitation.xml (RunModel)" time="3.301" />
  <testcase classname="ptolemy.util.test.junit.AutoTests" name="[7] /home/travis/build/icyphy/ptII/ptolemy/domains/sdf/test/auto/GravitationWithCollisionDetection.xml (RunModel)" time="6.848" />
  <testcase classname="ptolemy.util.test.junit.AutoTests" name="[8] /home/travis/build/icyphy/ptII/ptolemy/domains/sdf/test/auto/HDF.xml (RunModel)" time="0.123" />
  <testcase classname="ptolemy.util.test.junit.AutoTests" name="[9] /home/travis/build/icyphy/ptII/ptolemy/domains/sdf/test/auto/HDFwithTransientStates.xml (RunModel)" time="0.104" />
  <testcase classname="ptolemy.util.test.junit.AutoTests" name="[10] /home/travis/build/icyphy/ptII/ptolemy/domains/sdf/test/auto/HTVQ.xml (RunModel)" time="1.076" />
  <testcase classname="ptolemy.util.test.junit.AutoTests" name="[11] /home/travis/build/icyphy/ptII/ptolemy/domains/sdf/test/auto/InferInitProduction.xml (RunModel)" time="0.041" />
  <testcase classname="ptolemy.util.test.junit.AutoTests" name="[12] /home/travis/build/icyphy/ptII/ptolemy/domains/sdf/test/auto/InferInitProductionDeeper.xml (RunModel)" time="0.031" />
  <testcase classname="ptolemy.util.test.junit.AutoTests" name="[13] /home/travis/build/icyphy/ptII/ptolemy/domains/sdf/test/auto/LMSAdaptive.xml (RunModel)" time="0.083" />
  <testcase classname="ptolemy.util.test.junit.AutoTests" name="[14] /home/travis/build/icyphy/ptII/ptolemy/domains/sdf/test/auto/LogisticMap.xml (RunModel)" time="0.478" />
  <testcase classname="ptolemy.util.test.junit.AutoTests" name="[15] /home/travis/build/icyphy/ptII/ptolemy/domains/sdf/test/auto/MaximumEntropySpectrum.xml (RunModel)" time="0.292" />
  <testcase classname="ptolemy.util.test.junit.AutoTests" name="[16] /home/travis/build/icyphy/ptII/ptolemy/domains/sdf/test/auto/MultirateSDF.xml (RunModel)" time="0.063" />
  <testcase classname="ptolemy.util.test.junit.AutoTests" name="[17] /home/travis/build/icyphy/ptII/ptolemy/domains/sdf/test/auto/MultirateSDFwithTransientStates.xml (RunModel)" time="0.097" />
  <testcase classname="ptolemy.util.test.junit.AutoTests" name="[18] /home/travis/build/icyphy/ptII/ptolemy/domains/sdf/test/auto/NoisySinewave.xml (RunModel)" time="0.072" />
  <testcase classname="ptolemy.util.test.junit.AutoTests" name="[19] /home/travis/build/icyphy/ptII/ptolemy/domains/sdf/test/auto/Objects.xml (RunModel)" time="0.054" />
  <testcase classname="ptolemy.util.test.junit.AutoTests" name="[20] /home/travis/build/icyphy/ptII/ptolemy/domains/sdf/test/auto/OrthogonalCom.xml (RunModel)" time="0.046" />
  <testcase classname="ptolemy.util.test.junit.AutoTests" name="[21] /home/travis/build/icyphy/ptII/ptolemy/domains/sdf/test/auto/RijndaelEncryption.xml (RunModel)" time="0.702" />
  <testcase classname="ptolemy.util.test.junit.AutoTests" name="[22] /home/travis/build/icyphy/ptII/ptolemy/domains/sdf/test/auto/SDFEmptyIterations.xml (RunModel)" time="0.022" />
  <testcase classname="ptolemy.util.test.junit.AutoTests" name="[23] /home/travis/build/icyphy/ptII/ptolemy/domains/sdf/test/auto/Spectrum.xml (RunModel)" time="0.114" />
  <testcase classname="ptolemy.util.test.junit.AutoTests" name="[24] /home/travis/build/icyphy/ptII/ptolemy/domains/sdf/test/auto/de_inside_sdf.xml (RunModel)" time="0.027" />
  <testcase classname="ptolemy.util.test.junit.AutoTests" name="[25] /home/travis/build/icyphy/ptII/ptolemy/domains/sdf/test/auto/disconnectedHierarchicalSDF.xml (RunModel)" time="0.028" />
  <testcase classname="ptolemy.util.test.junit.AutoTests" name="[26] /home/travis/build/icyphy/ptII/ptolemy/domains/sdf/test/auto/disconnectedSDF.xml (RunModel)" time="0.017" />
  <testcase classname="ptolemy.util.test.junit.AutoTests" name="[27] /home/travis/build/icyphy/ptII/ptolemy/domains/sdf/test/auto/emptyRefinement.xml (RunModel)" time="0.015" />
  <testcase classname="ptolemy.util.test.junit.AutoTests" name="[28] /home/travis/build/icyphy/ptII/ptolemy/domains/sdf/test/auto/filePortParameter.xml (RunModel)" time="0.04" />
  <testcase classname="ptolemy.util.test.junit.AutoTests" name="[29] /home/travis/build/icyphy/ptII/ptolemy/domains/sdf/test/auto/inferRelationWidth1.xml (RunModel)" time="0.026" />
  <testcase classname="ptolemy.util.test.junit.AutoTests" name="[30] /home/travis/build/icyphy/ptII/ptolemy/domains/sdf/test/auto/initProductionInference.xml (RunModel)" time="0.026" />
  <testcase classname="ptolemy.util.test.junit.AutoTests" name="[31] /home/travis/build/icyphy/ptII/ptolemy/domains/sdf/test/auto/relationGroup.xml (RunModel)" time="0.02" />
  <testcase classname="ptolemy.util.test.junit.AutoTests" name="[32] /home/travis/build/icyphy/ptII/ptolemy/domains/sdf/test/auto/relationGroup10.xml (RunModel)" time="0.018" />
  <testcase classname="ptolemy.util.test.junit.AutoTests" name="[33] /home/travis/build/icyphy/ptII/ptolemy/domains/sdf/test/auto/relationGroup11.xml (RunModel)" time="0.015" />
  <testcase classname="ptolemy.util.test.junit.AutoTests" name="[34] /home/travis/build/icyphy/ptII/ptolemy/domains/sdf/test/auto/relationGroup12.xml (RunModel)" time="0.016" />
  <testcase classname="ptolemy.util.test.junit.AutoTests" name="[35] /home/travis/build/icyphy/ptII/ptolemy/domains/sdf/test/auto/relationGroup13.xml (RunModel)" time="0.016" />
  <testcase classname="ptolemy.util.test.junit.AutoTests" name="[36] /home/travis/build/icyphy/ptII/ptolemy/domains/sdf/test/auto/relationGroup14.xml (RunModel)" time="0.015" />
  <testcase classname="ptolemy.util.test.junit.AutoTests" name="[37] /home/travis/build/icyphy/ptII/ptolemy/domains/sdf/test/auto/relationGroup15.xml (RunModel)" time="0.011" />
  <testcase classname="ptolemy.util.test.junit.AutoTests" name="[38] /home/travis/build/icyphy/ptII/ptolemy/domains/sdf/test/auto/relationGroup2.xml (RunModel)" time="0.011" />
  <testcase classname="ptolemy.util.test.junit.AutoTests" name="[39] /home/travis/build/icyphy/ptII/ptolemy/domains/sdf/test/auto/relationGroup3.xml (RunModel)" time="0.012" />
  <testcase classname="ptolemy.util.test.junit.AutoTests" name="[40] /home/travis/build/icyphy/ptII/ptolemy/domains/sdf/test/auto/relationGroup4.xml (RunModel)" time="0.017" />
  <testcase classname="ptolemy.util.test.junit.AutoTests" name="[41] /home/travis/build/icyphy/ptII/ptolemy/domains/sdf/test/auto/relationGroup5.xml (RunModel)" time="0.018" />
  <testcase classname="ptolemy.util.test.junit.AutoTests" name="[42] /home/travis/build/icyphy/ptII/ptolemy/domains/sdf/test/auto/relationGroup6.xml (RunModel)" time="0.013" />
  <testcase classname="ptolemy.util.test.junit.AutoTests" name="[43] /home/travis/build/icyphy/ptII/ptolemy/domains/sdf/test/auto/relationGroup7.xml (RunModel)" time="0.01" />
  <testcase classname="ptolemy.util.test.junit.AutoTests" name="[44] /home/travis/build/icyphy/ptII/ptolemy/domains/sdf/test/auto/relationGroup8.xml (RunModel)" time="0.017" />
  <testcase classname="ptolemy.util.test.junit.AutoTests" name="[45] /home/travis/build/icyphy/ptII/ptolemy/domains/sdf/test/auto/relationGroup9.xml (RunModel)" time="0.015" />
  <testcase classname="ptolemy.util.test.junit.AutoTests" name="[46] /home/travis/build/icyphy/ptII/ptolemy/domains/sdf/test/auto/sdf_inside_de.xml (RunModel)" time="0.04" />
  <testcase classname="ptolemy.util.test.junit.AutoTests" name="[47] /home/travis/build/icyphy/ptII/ptolemy/domains/sdf/test/auto/sdf_inside_pn.xml (RunModel)" time="0.069" />
  <testcase classname="ptolemy.util.test.junit.AutoTests" name="[48] /home/travis/build/icyphy/ptII/ptolemy/domains/sdf/test/auto/sdf_sdf1.xml (RunModel)" time="0.02" />
  <testcase classname="ptolemy.util.test.junit.AutoTests" name="[49] /home/travis/build/icyphy/ptII/ptolemy/domains/sdf/test/auto/test1.xml (RunModel)" time="0.015" />
  <testcase classname="ptolemy.util.test.junit.AutoTests" name="[50] /home/travis/build/icyphy/ptII/ptolemy/domains/sdf/test/auto/time1.xml (RunModel)" time="0.011" />
  <testcase classname="ptolemy.util.test.junit.AutoTests" name="[51] /home/travis/build/icyphy/ptII/ptolemy/domains/sdf/test/auto/time2.xml (RunModel)" time="0.009" />
  <testcase classname="ptolemy.util.test.junit.AutoTests" name="[52] /home/travis/build/icyphy/ptII/ptolemy/domains/sdf/test/auto/time3.xml (RunModel)" time="0.024" />
  <testcase classname="ptolemy.util.test.junit.AutoTests" name="[53] /home/travis/build/icyphy/ptII/ptolemy/domains/sdf/test/auto/time4.xml (RunModel)" time="0.019" />
  <testcase classname="ptolemy.util.test.junit.AutoTests" name="[54] /home/travis/build/icyphy/ptII/ptolemy/domains/sdf/test/auto/time5.xml (RunModel)" time="4.009" />
  <testcase classname="ptolemy.util.test.junit.AutoTests" name="[55] /home/travis/build/icyphy/ptII/ptolemy/domains/sdf/test/auto/typeSystem_Const_Integer_smallest_Type.xml (RunModel)" time="0.029" />
  <testcase classname="ptolemy.util.test.junit.AutoTests" name="[56] /home/travis/build/icyphy/ptII/ptolemy/domains/sdf/test/auto/typeSystem_declared_Inports_OutportTypeException.xml (RunModel)" time="0.021" />
  <testcase classname="ptolemy.util.test.junit.AutoTests" name="[57] /home/travis/build/icyphy/ptII/ptolemy/domains/sdf/test/auto/typeSystem_oneDeclaredInportType_wrongTypeOutport.xml (RunModel)" time="0.015" />
  <testcase classname="ptolemy.util.test.junit.AutoTests" name="[58] /home/travis/build/icyphy/ptII/ptolemy/domains/sdf/test/auto/width.xml (RunModel)" time="0.017" />
  <testcase classname="ptolemy.util.test.junit.AutoTests" name="[59] /home/travis/build/icyphy/ptII/ptolemy/domains/sdf/test/auto/width2.xml (RunModel)" time="0.041" />
  <testcase classname="ptolemy.util.test.junit.AutoTests" name="[60] /home/travis/build/icyphy/ptII/ptolemy/domains/sdf/test/auto/width3.xml (RunModel)" time="0.039" />
  <system-out><![CDATA[/home/travis/build/icyphy/ptII/ptolemy/domains/sdf/test/SDFSchedulerErrors.tcl
testDefs.tcl: setting time out to 9000 seconds at Thu Jul 18 05:11:20 UTC 2019
69 ms. Memory: 120832K Free: 82374K (68%)
14 ms. Memory: 120832K Free: 74696K (62%)
6 ms. Memory: 120832K Free: 68552K (57%)
5 ms. Memory: 120832K Free: 65480K (54%)
/home/travis/build/icyphy/ptII/ptolemy/domains/sdf/test/composition.tcl
36 ms. Memory: 120832K Free: 61384K (51%)
7 ms. Memory: 120832K Free: 59336K (49%)
/home/travis/build/icyphy/ptII/ptolemy/domains/sdf/test/cycle.tcl
.Toplevel.Director Preinitializing ...
Invoking preinitialize():  .Toplevel.Actor1
Invoking preinitialize():  .Toplevel.Actor2
Invoking preinitialize():  .Toplevel.Delay
.Toplevel.Director Finished preinitialize().
### Schedule:
Execute Schedule{
Fire Actor ptolemy.domains.sdf.kernel.test.SDFTestDelay {.Toplevel.Actor1}
Fire Actor ptolemy.domains.sdf.kernel.test.SDFTestDelay {.Toplevel.Actor2}
Fire Actor ptolemy.domains.sdf.lib.SampleDelay {.Toplevel.Delay}
}
### End schedule
Called initialize().
Invoking initialize():  .Toplevel.Actor1
Initializing actor: .Toplevel.Actor1.
Invoking initialize():  .Toplevel.Actor2
Initializing actor: .Toplevel.Actor2.
Invoking initialize():  .Toplevel.Delay
Initializing actor: .Toplevel.Delay.
Director: Called prefire().
-- Setting current time to 0.0
Director prefire returns true.
The actor .Toplevel.Actor1 will be iterated.
The actor .Toplevel.Actor1 was iterated.
The actor .Toplevel.Actor2 will be iterated.
The actor .Toplevel.Actor2 was iterated.
The actor .Toplevel.Delay will be iterated.
The actor .Toplevel.Delay was iterated.
Director: Called postfire().
Postfire returns: true
Director: Called prefire().
-- Setting current time to 0.0
Director prefire returns true.
The actor .Toplevel.Actor1 will be iterated.
The actor .Toplevel.Actor1 was iterated.
The actor .Toplevel.Actor2 will be iterated.
The actor .Toplevel.Actor2 was iterated.
The actor .Toplevel.Delay will be iterated.
The actor .Toplevel.Delay was iterated.
Director: Called postfire().
Postfire returns: true
Director: Called prefire().
-- Setting current time to 0.0
Director prefire returns true.
The actor .Toplevel.Actor1 will be iterated.
The actor .Toplevel.Actor1 was iterated.
The actor .Toplevel.Actor2 will be iterated.
The actor .Toplevel.Actor2 was iterated.
The actor .Toplevel.Delay will be iterated.
The actor .Toplevel.Delay was iterated.
Director: Called postfire().
Postfire returns: true
Director: Called prefire().
-- Setting current time to 0.0
Director prefire returns true.
The actor .Toplevel.Actor1 will be iterated.
The actor .Toplevel.Actor1 was iterated.
The actor .Toplevel.Actor2 will be iterated.
The actor .Toplevel.Actor2 was iterated.
The actor .Toplevel.Delay will be iterated.
The actor .Toplevel.Delay was iterated.
Director: Called postfire().
Postfire returns: true
Director: Called prefire().
-- Setting current time to 0.0
Director prefire returns true.
The actor .Toplevel.Actor1 will be iterated.
The actor .Toplevel.Actor1 was iterated.
The actor .Toplevel.Actor2 will be iterated.
The actor .Toplevel.Actor2 was iterated.
The actor .Toplevel.Delay will be iterated.
The actor .Toplevel.Delay was iterated.
Director: Called postfire().
Postfire returns: true
Director: Called prefire().
-- Setting current time to 0.0
Director prefire returns true.
The actor .Toplevel.Actor1 will be iterated.
The actor .Toplevel.Actor1 was iterated.
The actor .Toplevel.Actor2 will be iterated.
The actor .Toplevel.Actor2 was iterated.
The actor .Toplevel.Delay will be iterated.
The actor .Toplevel.Delay was iterated.
Reached specified number of iterations: 6
Director: Called wrapup().
20 ms. Memory: 120832K Free: 56774K (47%)
07/18/19 05:11:21
Failed: 0  Total Tests: 8  ((Passed: 8, Newly Passed: 0)  Known Failed: 0) /home/travis/build/icyphy/ptII/ptolemy/domains/sdf/test
No auto/knownFailedTests/*.xml tests in /home/travis/build/icyphy/ptII/ptolemy/domains/sdf/test
No auto/linux-amd64/*.xml tests in /home/travis/build/icyphy/ptII/ptolemy/domains/sdf/test
AutoTests.java: About to close Vertx.
AutoTests.java: Vertx closed.

===========================================================================================
----------------- testing Thu Jul 18 05:11:22 UTC 2019 /home/travis/build/icyphy/ptII/ptolemy/domains/sdf/test/auto/Array.xml
----------------- Instantiating /home/travis/build/icyphy/ptII/ptolemy/domains/sdf/test/auto/Array.xml
30 ms. Memory: 120832K Free: 93601K (77%)
----------------- Invoking toplevel() on ptolemy.moml.MoMLSimpleApplication@9f8147f
----------------- Done invoking toplevel() on ptolemy.moml.MoMLSimpleApplication@9f8147f
reloadAllAccessors: .Array

===========================================================================================
----------------- testing Thu Jul 18 05:11:22 UTC 2019 /home/travis/build/icyphy/ptII/ptolemy/domains/sdf/test/auto/Butterfly.xml
----------------- Instantiating /home/travis/build/icyphy/ptII/ptolemy/domains/sdf/test/auto/Butterfly.xml
140 ms. Memory: 120832K Free: 106414K (88%)
----------------- Invoking toplevel() on ptolemy.moml.MoMLSimpleApplication@2e8c69d7
----------------- Done invoking toplevel() on ptolemy.moml.MoMLSimpleApplication@2e8c69d7
reloadAllAccessors: .Butterfly

===========================================================================================
----------------- testing Thu Jul 18 05:11:22 UTC 2019 /home/travis/build/icyphy/ptII/ptolemy/domains/sdf/test/auto/Expression.xml
----------------- Instantiating /home/travis/build/icyphy/ptII/ptolemy/domains/sdf/test/auto/Expression.xml
57 ms. Memory: 120832K Free: 101266K (84%)
----------------- Invoking toplevel() on ptolemy.moml.MoMLSimpleApplication@408b6878
----------------- Done invoking toplevel() on ptolemy.moml.MoMLSimpleApplication@408b6878
reloadAllAccessors: .Expression

===========================================================================================
----------------- testing Thu Jul 18 05:11:22 UTC 2019 /home/travis/build/icyphy/ptII/ptolemy/domains/sdf/test/auto/Eye.xml
----------------- Instantiating /home/travis/build/icyphy/ptII/ptolemy/domains/sdf/test/auto/Eye.xml
207 ms. Memory: 120832K Free: 76903K (64%)
----------------- Invoking toplevel() on ptolemy.moml.MoMLSimpleApplication@61da8e6a
----------------- Done invoking toplevel() on ptolemy.moml.MoMLSimpleApplication@61da8e6a
reloadAllAccessors: .Eye

===========================================================================================
----------------- testing Thu Jul 18 05:11:23 UTC 2019 /home/travis/build/icyphy/ptII/ptolemy/domains/sdf/test/auto/FixFIR.xml
----------------- Instantiating /home/travis/build/icyphy/ptII/ptolemy/domains/sdf/test/auto/FixFIR.xml
131 ms. Memory: 145408K Free: 100825K (69%)
----------------- Invoking toplevel() on ptolemy.moml.MoMLSimpleApplication@10371ea
----------------- Done invoking toplevel() on ptolemy.moml.MoMLSimpleApplication@10371ea
reloadAllAccessors: .FixFIR

===========================================================================================
----------------- testing Thu Jul 18 05:11:23 UTC 2019 /home/travis/build/icyphy/ptII/ptolemy/domains/sdf/test/auto/FixPoint.xml
----------------- Instantiating /home/travis/build/icyphy/ptII/ptolemy/domains/sdf/test/auto/FixPoint.xml
11 ms. Memory: 145408K Free: 96729K (67%)
----------------- Invoking toplevel() on ptolemy.moml.MoMLSimpleApplication@7fd695e
----------------- Done invoking toplevel() on ptolemy.moml.MoMLSimpleApplication@7fd695e
reloadAllAccessors: .FixPoint

===========================================================================================
----------------- testing Thu Jul 18 05:11:23 UTC 2019 /home/travis/build/icyphy/ptII/ptolemy/domains/sdf/test/auto/Gravitation.xml
----------------- Instantiating /home/travis/build/icyphy/ptII/ptolemy/domains/sdf/test/auto/Gravitation.xml
3212 ms. Memory: 145408K Free: 83342K (57%)
----------------- Invoking toplevel() on ptolemy.moml.MoMLSimpleApplication@1e83699e
----------------- Done invoking toplevel() on ptolemy.moml.MoMLSimpleApplication@1e83699e
reloadAllAccessors: .Gravitation

===========================================================================================
----------------- testing Thu Jul 18 05:11:26 UTC 2019 /home/travis/build/icyphy/ptII/ptolemy/domains/sdf/test/auto/GravitationWithCollisionDetection.xml
----------------- Instantiating /home/travis/build/icyphy/ptII/ptolemy/domains/sdf/test/auto/GravitationWithCollisionDetection.xml
6674 ms. Memory: 305152K Free: 166260K (54%)
----------------- Invoking toplevel() on ptolemy.moml.MoMLSimpleApplication@79d7b1eb
----------------- Done invoking toplevel() on ptolemy.moml.MoMLSimpleApplication@79d7b1eb
reloadAllAccessors: .GravitationWithCollisionDetection

===========================================================================================
----------------- testing Thu Jul 18 05:11:33 UTC 2019 /home/travis/build/icyphy/ptII/ptolemy/domains/sdf/test/auto/HDF.xml
----------------- Instantiating /home/travis/build/icyphy/ptII/ptolemy/domains/sdf/test/auto/HDF.xml
46 ms. Memory: 305152K Free: 150356K (49%)
----------------- Invoking toplevel() on ptolemy.moml.MoMLSimpleApplication@4d4d4191
----------------- Done invoking toplevel() on ptolemy.moml.MoMLSimpleApplication@4d4d4191
reloadAllAccessors: .HDF

===========================================================================================
----------------- testing Thu Jul 18 05:11:33 UTC 2019 /home/travis/build/icyphy/ptII/ptolemy/domains/sdf/test/auto/HDFwithTransientStates.xml
----------------- Instantiating /home/travis/build/icyphy/ptII/ptolemy/domains/sdf/test/auto/HDFwithTransientStates.xml
26 ms. Memory: 305152K Free: 131940K (43%)
----------------- Invoking toplevel() on ptolemy.moml.MoMLSimpleApplication@58601f4c
----------------- Done invoking toplevel() on ptolemy.moml.MoMLSimpleApplication@58601f4c
reloadAllAccessors: .HDFwithTransientStates

===========================================================================================
----------------- testing Thu Jul 18 05:11:33 UTC 2019 /home/travis/build/icyphy/ptII/ptolemy/domains/sdf/test/auto/HTVQ.xml
----------------- Instantiating /home/travis/build/icyphy/ptII/ptolemy/domains/sdf/test/auto/HTVQ.xml
1044 ms. Memory: 305152K Free: 146422K (48%)
----------------- Invoking toplevel() on ptolemy.moml.MoMLSimpleApplication@68871d36
----------------- Done invoking toplevel() on ptolemy.moml.MoMLSimpleApplication@68871d36
reloadAllAccessors: .HTVQ

===========================================================================================
----------------- testing Thu Jul 18 05:11:34 UTC 2019 /home/travis/build/icyphy/ptII/ptolemy/domains/sdf/test/auto/InferInitProduction.xml
----------------- Instantiating /home/travis/build/icyphy/ptII/ptolemy/domains/sdf/test/auto/InferInitProduction.xml
6 ms. Memory: 305152K Free: 141163K (46%)
----------------- Invoking toplevel() on ptolemy.moml.MoMLSimpleApplication@4b7a065b
----------------- Done invoking toplevel() on ptolemy.moml.MoMLSimpleApplication@4b7a065b
reloadAllAccessors: .InferInitProduction

===========================================================================================
----------------- testing Thu Jul 18 05:11:34 UTC 2019 /home/travis/build/icyphy/ptII/ptolemy/domains/sdf/test/auto/InferInitProductionDeeper.xml
----------------- Instantiating /home/travis/build/icyphy/ptII/ptolemy/domains/sdf/test/auto/InferInitProductionDeeper.xml
3 ms. Memory: 305152K Free: 135003K (44%)
----------------- Invoking toplevel() on ptolemy.moml.MoMLSimpleApplication@6edeece2
----------------- Done invoking toplevel() on ptolemy.moml.MoMLSimpleApplication@6edeece2
reloadAllAccessors: .InferInitProductionDeeper

===========================================================================================
----------------- testing Thu Jul 18 05:11:34 UTC 2019 /home/travis/build/icyphy/ptII/ptolemy/domains/sdf/test/auto/LMSAdaptive.xml
----------------- Instantiating /home/travis/build/icyphy/ptII/ptolemy/domains/sdf/test/auto/LMSAdaptive.xml
14 ms. Memory: 305152K Free: 125817K (41%)
----------------- Invoking toplevel() on ptolemy.moml.MoMLSimpleApplication@5643cc4e
----------------- Done invoking toplevel() on ptolemy.moml.MoMLSimpleApplication@5643cc4e
reloadAllAccessors: .LMSAdaptive

===========================================================================================
----------------- testing Thu Jul 18 05:11:35 UTC 2019 /home/travis/build/icyphy/ptII/ptolemy/domains/sdf/test/auto/LogisticMap.xml
----------------- Instantiating /home/travis/build/icyphy/ptII/ptolemy/domains/sdf/test/auto/LogisticMap.xml
444 ms. Memory: 305152K Free: 119673K (39%)
----------------- Invoking toplevel() on ptolemy.moml.MoMLSimpleApplication@25ef0512
----------------- Done invoking toplevel() on ptolemy.moml.MoMLSimpleApplication@25ef0512
reloadAllAccessors: .LogisticMap

===========================================================================================
----------------- testing Thu Jul 18 05:11:35 UTC 2019 /home/travis/build/icyphy/ptII/ptolemy/domains/sdf/test/auto/MaximumEntropySpectrum.xml
----------------- Instantiating /home/travis/build/icyphy/ptII/ptolemy/domains/sdf/test/auto/MaximumEntropySpectrum.xml
59 ms. Memory: 305152K Free: 239899K (79%)
----------------- Invoking toplevel() on ptolemy.moml.MoMLSimpleApplication@3f916624
----------------- Done invoking toplevel() on ptolemy.moml.MoMLSimpleApplication@3f916624
reloadAllAccessors: .MaximumEntropySpectrum

===========================================================================================
----------------- testing Thu Jul 18 05:11:35 UTC 2019 /home/travis/build/icyphy/ptII/ptolemy/domains/sdf/test/auto/MultirateSDF.xml
----------------- Instantiating /home/travis/build/icyphy/ptII/ptolemy/domains/sdf/test/auto/MultirateSDF.xml
26 ms. Memory: 305152K Free: 225019K (74%)
----------------- Invoking toplevel() on ptolemy.moml.MoMLSimpleApplication@7f5382ab
----------------- Done invoking toplevel() on ptolemy.moml.MoMLSimpleApplication@7f5382ab
reloadAllAccessors: .MultirateSDF

===========================================================================================
----------------- testing Thu Jul 18 05:11:35 UTC 2019 /home/travis/build/icyphy/ptII/ptolemy/domains/sdf/test/auto/MultirateSDFwithTransientStates.xml
----------------- Instantiating /home/travis/build/icyphy/ptII/ptolemy/domains/sdf/test/auto/MultirateSDFwithTransientStates.xml
25 ms. Memory: 305152K Free: 206107K (68%)
----------------- Invoking toplevel() on ptolemy.moml.MoMLSimpleApplication@4ee7079b
----------------- Done invoking toplevel() on ptolemy.moml.MoMLSimpleApplication@4ee7079b
reloadAllAccessors: .MultirateSDFwithTransientStates

===========================================================================================
----------------- testing Thu Jul 18 05:11:36 UTC 2019 /home/travis/build/icyphy/ptII/ptolemy/domains/sdf/test/auto/NoisySinewave.xml
----------------- Instantiating /home/travis/build/icyphy/ptII/ptolemy/domains/sdf/test/auto/NoisySinewave.xml
15 ms. Memory: 305152K Free: 189209K (62%)
----------------- Invoking toplevel() on ptolemy.moml.MoMLSimpleApplication@d8f4e44
----------------- Done invoking toplevel() on ptolemy.moml.MoMLSimpleApplication@d8f4e44
reloadAllAccessors: .NoisySinewave

===========================================================================================
----------------- testing Thu Jul 18 05:11:36 UTC 2019 /home/travis/build/icyphy/ptII/ptolemy/domains/sdf/test/auto/Objects.xml
----------------- Instantiating /home/travis/build/icyphy/ptII/ptolemy/domains/sdf/test/auto/Objects.xml
4 ms. Memory: 305152K Free: 181531K (59%)
----------------- Invoking toplevel() on ptolemy.moml.MoMLSimpleApplication@39687531
----------------- Done invoking toplevel() on ptolemy.moml.MoMLSimpleApplication@39687531
reloadAllAccessors: .Objects

===========================================================================================
----------------- testing Thu Jul 18 05:11:36 UTC 2019 /home/travis/build/icyphy/ptII/ptolemy/domains/sdf/test/auto/OrthogonalCom.xml
----------------- Instantiating /home/travis/build/icyphy/ptII/ptolemy/domains/sdf/test/auto/OrthogonalCom.xml
7 ms. Memory: 305152K Free: 173849K (57%)
----------------- Invoking toplevel() on ptolemy.moml.MoMLSimpleApplication@4c07cc4c
----------------- Done invoking toplevel() on ptolemy.moml.MoMLSimpleApplication@4c07cc4c
reloadAllAccessors: .OrthogonalCom

===========================================================================================
----------------- testing Thu Jul 18 05:11:36 UTC 2019 /home/travis/build/icyphy/ptII/ptolemy/domains/sdf/test/auto/RijndaelEncryption.xml
----------------- Instantiating /home/travis/build/icyphy/ptII/ptolemy/domains/sdf/test/auto/RijndaelEncryption.xml
364 ms. Memory: 366592K Free: 270291K (74%)
----------------- Invoking toplevel() on ptolemy.moml.MoMLSimpleApplication@52bb17dc
----------------- Done invoking toplevel() on ptolemy.moml.MoMLSimpleApplication@52bb17dc
reloadAllAccessors: .RijndaelEncryption

===========================================================================================
----------------- testing Thu Jul 18 05:11:36 UTC 2019 /home/travis/build/icyphy/ptII/ptolemy/domains/sdf/test/auto/SDFEmptyIterations.xml
----------------- Instantiating /home/travis/build/icyphy/ptII/ptolemy/domains/sdf/test/auto/SDFEmptyIterations.xml
6 ms. Memory: 366592K Free: 265685K (72%)
----------------- Invoking toplevel() on ptolemy.moml.MoMLSimpleApplication@3f52a808
----------------- Done invoking toplevel() on ptolemy.moml.MoMLSimpleApplication@3f52a808
reloadAllAccessors: .SDFEmptyIterations

===========================================================================================
----------------- testing Thu Jul 18 05:11:36 UTC 2019 /home/travis/build/icyphy/ptII/ptolemy/domains/sdf/test/auto/Spectrum.xml
----------------- Instantiating /home/travis/build/icyphy/ptII/ptolemy/domains/sdf/test/auto/Spectrum.xml
37 ms. Memory: 366592K Free: 241109K (66%)
----------------- Invoking toplevel() on ptolemy.moml.MoMLSimpleApplication@61cdb408
----------------- Done invoking toplevel() on ptolemy.moml.MoMLSimpleApplication@61cdb408
reloadAllAccessors: .Spectrum

===========================================================================================
----------------- testing Thu Jul 18 05:11:37 UTC 2019 /home/travis/build/icyphy/ptII/ptolemy/domains/sdf/test/auto/de_inside_sdf.xml
----------------- Instantiating /home/travis/build/icyphy/ptII/ptolemy/domains/sdf/test/auto/de_inside_sdf.xml
9 ms. Memory: 366592K Free: 235989K (64%)
----------------- Invoking toplevel() on ptolemy.moml.MoMLSimpleApplication@6bcc59e7
----------------- Done invoking toplevel() on ptolemy.moml.MoMLSimpleApplication@6bcc59e7
reloadAllAccessors: .de_inside_sdf

===========================================================================================
----------------- testing Thu Jul 18 05:11:37 UTC 2019 /home/travis/build/icyphy/ptII/ptolemy/domains/sdf/test/auto/disconnectedHierarchicalSDF.xml
----------------- Instantiating /home/travis/build/icyphy/ptII/ptolemy/domains/sdf/test/auto/disconnectedHierarchicalSDF.xml
6 ms. Memory: 366592K Free: 229845K (63%)
----------------- Invoking toplevel() on ptolemy.moml.MoMLSimpleApplication@56354d12
----------------- Done invoking toplevel() on ptolemy.moml.MoMLSimpleApplication@56354d12
reloadAllAccessors: .disconnectedHierarchicalSDF

===========================================================================================
----------------- testing Thu Jul 18 05:11:37 UTC 2019 /home/travis/build/icyphy/ptII/ptolemy/domains/sdf/test/auto/disconnectedSDF.xml
----------------- Instantiating /home/travis/build/icyphy/ptII/ptolemy/domains/sdf/test/auto/disconnectedSDF.xml
3 ms. Memory: 366592K Free: 225749K (62%)
----------------- Invoking toplevel() on ptolemy.moml.MoMLSimpleApplication@dca9b1a
----------------- Done invoking toplevel() on ptolemy.moml.MoMLSimpleApplication@dca9b1a
reloadAllAccessors: .disconnectedSDF

===========================================================================================
----------------- testing Thu Jul 18 05:11:37 UTC 2019 /home/travis/build/icyphy/ptII/ptolemy/domains/sdf/test/auto/emptyRefinement.xml
----------------- Instantiating /home/travis/build/icyphy/ptII/ptolemy/domains/sdf/test/auto/emptyRefinement.xml
3 ms. Memory: 366592K Free: 221139K (60%)
----------------- Invoking toplevel() on ptolemy.moml.MoMLSimpleApplication@6676336
----------------- Done invoking toplevel() on ptolemy.moml.MoMLSimpleApplication@6676336
reloadAllAccessors: .emptyRefinement

===========================================================================================
----------------- testing Thu Jul 18 05:11:37 UTC 2019 /home/travis/build/icyphy/ptII/ptolemy/domains/sdf/test/auto/filePortParameter.xml
----------------- Instantiating /home/travis/build/icyphy/ptII/ptolemy/domains/sdf/test/auto/filePortParameter.xml
12 ms. Memory: 366592K Free: 213971K (58%)
----------------- Invoking toplevel() on ptolemy.moml.MoMLSimpleApplication@68ed85ee
----------------- Done invoking toplevel() on ptolemy.moml.MoMLSimpleApplication@68ed85ee
reloadAllAccessors: .filePortParameter

===========================================================================================
----------------- testing Thu Jul 18 05:11:37 UTC 2019 /home/travis/build/icyphy/ptII/ptolemy/domains/sdf/test/auto/inferRelationWidth1.xml
----------------- Instantiating /home/travis/build/icyphy/ptII/ptolemy/domains/sdf/test/auto/inferRelationWidth1.xml
2 ms. Memory: 366592K Free: 210899K (58%)
----------------- Invoking toplevel() on ptolemy.moml.MoMLSimpleApplication@362e6f94
----------------- Done invoking toplevel() on ptolemy.moml.MoMLSimpleApplication@362e6f94
reloadAllAccessors: .inferRelationWidth1

===========================================================================================
----------------- testing Thu Jul 18 05:11:37 UTC 2019 /home/travis/build/icyphy/ptII/ptolemy/domains/sdf/test/auto/initProductionInference.xml
----------------- Instantiating /home/travis/build/icyphy/ptII/ptolemy/domains/sdf/test/auto/initProductionInference.xml
9 ms. Memory: 366592K Free: 206789K (56%)
----------------- Invoking toplevel() on ptolemy.moml.MoMLSimpleApplication@21b4fa1a
----------------- Done invoking toplevel() on ptolemy.moml.MoMLSimpleApplication@21b4fa1a
reloadAllAccessors: .initProductionInference

===========================================================================================
----------------- testing Thu Jul 18 05:11:37 UTC 2019 /home/travis/build/icyphy/ptII/ptolemy/domains/sdf/test/auto/relationGroup.xml
----------------- Instantiating /home/travis/build/icyphy/ptII/ptolemy/domains/sdf/test/auto/relationGroup.xml
3 ms. Memory: 366592K Free: 203221K (55%)
----------------- Invoking toplevel() on ptolemy.moml.MoMLSimpleApplication@6ad1b1a3
----------------- Done invoking toplevel() on ptolemy.moml.MoMLSimpleApplication@6ad1b1a3
reloadAllAccessors: .relationGroup

===========================================================================================
----------------- testing Thu Jul 18 05:11:37 UTC 2019 /home/travis/build/icyphy/ptII/ptolemy/domains/sdf/test/auto/relationGroup10.xml
----------------- Instantiating /home/travis/build/icyphy/ptII/ptolemy/domains/sdf/test/auto/relationGroup10.xml
2 ms. Memory: 366592K Free: 200149K (55%)
----------------- Invoking toplevel() on ptolemy.moml.MoMLSimpleApplication@454f3d6b
----------------- Done invoking toplevel() on ptolemy.moml.MoMLSimpleApplication@454f3d6b
reloadAllAccessors: .relationGroup10

===========================================================================================
----------------- testing Thu Jul 18 05:11:37 UTC 2019 /home/travis/build/icyphy/ptII/ptolemy/domains/sdf/test/auto/relationGroup11.xml
----------------- Instantiating /home/travis/build/icyphy/ptII/ptolemy/domains/sdf/test/auto/relationGroup11.xml
2 ms. Memory: 366592K Free: 196563K (54%)
----------------- Invoking toplevel() on ptolemy.moml.MoMLSimpleApplication@5ac7011
----------------- Done invoking toplevel() on ptolemy.moml.MoMLSimpleApplication@5ac7011
reloadAllAccessors: .relationGroup11

===========================================================================================
----------------- testing Thu Jul 18 05:11:37 UTC 2019 /home/travis/build/icyphy/ptII/ptolemy/domains/sdf/test/auto/relationGroup12.xml
----------------- Instantiating /home/travis/build/icyphy/ptII/ptolemy/domains/sdf/test/auto/relationGroup12.xml
3 ms. Memory: 366592K Free: 192981K (53%)
----------------- Invoking toplevel() on ptolemy.moml.MoMLSimpleApplication@3bdcb840
----------------- Done invoking toplevel() on ptolemy.moml.MoMLSimpleApplication@3bdcb840
reloadAllAccessors: .relationGroup12

===========================================================================================
----------------- testing Thu Jul 18 05:11:37 UTC 2019 /home/travis/build/icyphy/ptII/ptolemy/domains/sdf/test/auto/relationGroup13.xml
----------------- Instantiating /home/travis/build/icyphy/ptII/ptolemy/domains/sdf/test/auto/relationGroup13.xml
6 ms. Memory: 366592K Free: 188371K (51%)
----------------- Invoking toplevel() on ptolemy.moml.MoMLSimpleApplication@3f8f27a4
----------------- Done invoking toplevel() on ptolemy.moml.MoMLSimpleApplication@3f8f27a4
reloadAllAccessors: .relationGroup13

===========================================================================================
----------------- testing Thu Jul 18 05:11:37 UTC 2019 /home/travis/build/icyphy/ptII/ptolemy/domains/sdf/test/auto/relationGroup14.xml
----------------- Instantiating /home/travis/build/icyphy/ptII/ptolemy/domains/sdf/test/auto/relationGroup14.xml
3 ms. Memory: 366592K Free: 183765K (50%)
----------------- Invoking toplevel() on ptolemy.moml.MoMLSimpleApplication@4e9dd4ea
----------------- Done invoking toplevel() on ptolemy.moml.MoMLSimpleApplication@4e9dd4ea
reloadAllAccessors: .relationGroup14

===========================================================================================
----------------- testing Thu Jul 18 05:11:37 UTC 2019 /home/travis/build/icyphy/ptII/ptolemy/domains/sdf/test/auto/relationGroup15.xml
----------------- Instantiating /home/travis/build/icyphy/ptII/ptolemy/domains/sdf/test/auto/relationGroup15.xml
1 ms. Memory: 366592K Free: 180179K (49%)
----------------- Invoking toplevel() on ptolemy.moml.MoMLSimpleApplication@24443c55
----------------- Done invoking toplevel() on ptolemy.moml.MoMLSimpleApplication@24443c55
reloadAllAccessors: .relationGroup15

===========================================================================================
----------------- testing Thu Jul 18 05:11:37 UTC 2019 /home/travis/build/icyphy/ptII/ptolemy/domains/sdf/test/auto/relationGroup2.xml
----------------- Instantiating /home/travis/build/icyphy/ptII/ptolemy/domains/sdf/test/auto/relationGroup2.xml
2 ms. Memory: 366592K Free: 177107K (48%)
----------------- Invoking toplevel() on ptolemy.moml.MoMLSimpleApplication@73b75091
----------------- Done invoking toplevel() on ptolemy.moml.MoMLSimpleApplication@73b75091
reloadAllAccessors: .relationGroup2

===========================================================================================
----------------- testing Thu Jul 18 05:11:37 UTC 2019 /home/travis/build/icyphy/ptII/ptolemy/domains/sdf/test/auto/relationGroup3.xml
----------------- Instantiating /home/travis/build/icyphy/ptII/ptolemy/domains/sdf/test/auto/relationGroup3.xml
2 ms. Memory: 366592K Free: 174029K (47%)
----------------- Invoking toplevel() on ptolemy.moml.MoMLSimpleApplication@3b6a2e1b
----------------- Done invoking toplevel() on ptolemy.moml.MoMLSimpleApplication@3b6a2e1b
reloadAllAccessors: .relationGroup3

===========================================================================================
----------------- testing Thu Jul 18 05:11:37 UTC 2019 /home/travis/build/icyphy/ptII/ptolemy/domains/sdf/test/auto/relationGroup4.xml
----------------- Instantiating /home/travis/build/icyphy/ptII/ptolemy/domains/sdf/test/auto/relationGroup4.xml
8 ms. Memory: 366592K Free: 169939K (46%)
----------------- Invoking toplevel() on ptolemy.moml.MoMLSimpleApplication@21e909da
----------------- Done invoking toplevel() on ptolemy.moml.MoMLSimpleApplication@21e909da
reloadAllAccessors: .relationGroup4

===========================================================================================
----------------- testing Thu Jul 18 05:11:37 UTC 2019 /home/travis/build/icyphy/ptII/ptolemy/domains/sdf/test/auto/relationGroup5.xml
----------------- Instantiating /home/travis/build/icyphy/ptII/ptolemy/domains/sdf/test/auto/relationGroup5.xml
2 ms. Memory: 366592K Free: 165333K (45%)
----------------- Invoking toplevel() on ptolemy.moml.MoMLSimpleApplication@3b7117ae
----------------- Done invoking toplevel() on ptolemy.moml.MoMLSimpleApplication@3b7117ae
reloadAllAccessors: .relationGroup5

===========================================================================================
----------------- testing Thu Jul 18 05:11:37 UTC 2019 /home/travis/build/icyphy/ptII/ptolemy/domains/sdf/test/auto/relationGroup6.xml
----------------- Instantiating /home/travis/build/icyphy/ptII/ptolemy/domains/sdf/test/auto/relationGroup6.xml
3 ms. Memory: 366592K Free: 160723K (44%)
----------------- Invoking toplevel() on ptolemy.moml.MoMLSimpleApplication@788af295
----------------- Done invoking toplevel() on ptolemy.moml.MoMLSimpleApplication@788af295
reloadAllAccessors: .relationGroup6

===========================================================================================
----------------- testing Thu Jul 18 05:11:37 UTC 2019 /home/travis/build/icyphy/ptII/ptolemy/domains/sdf/test/auto/relationGroup7.xml
----------------- Instantiating /home/travis/build/icyphy/ptII/ptolemy/domains/sdf/test/auto/relationGroup7.xml
2 ms. Memory: 366592K Free: 157651K (43%)
----------------- Invoking toplevel() on ptolemy.moml.MoMLSimpleApplication@42476544
----------------- Done invoking toplevel() on ptolemy.moml.MoMLSimpleApplication@42476544
reloadAllAccessors: .relationGroup7

===========================================================================================
----------------- testing Thu Jul 18 05:11:37 UTC 2019 /home/travis/build/icyphy/ptII/ptolemy/domains/sdf/test/auto/relationGroup8.xml
----------------- Instantiating /home/travis/build/icyphy/ptII/ptolemy/domains/sdf/test/auto/relationGroup8.xml
2 ms. Memory: 366592K Free: 154579K (42%)
----------------- Invoking toplevel() on ptolemy.moml.MoMLSimpleApplication@607f741
----------------- Done invoking toplevel() on ptolemy.moml.MoMLSimpleApplication@607f741
reloadAllAccessors: .relationGroup8

===========================================================================================
----------------- testing Thu Jul 18 05:11:37 UTC 2019 /home/travis/build/icyphy/ptII/ptolemy/domains/sdf/test/auto/relationGroup9.xml
----------------- Instantiating /home/travis/build/icyphy/ptII/ptolemy/domains/sdf/test/auto/relationGroup9.xml
3 ms. Memory: 366592K Free: 149973K (41%)
----------------- Invoking toplevel() on ptolemy.moml.MoMLSimpleApplication@79be2b04
----------------- Done invoking toplevel() on ptolemy.moml.MoMLSimpleApplication@79be2b04
reloadAllAccessors: .relationGroup9

===========================================================================================
----------------- testing Thu Jul 18 05:11:37 UTC 2019 /home/travis/build/icyphy/ptII/ptolemy/domains/sdf/test/auto/sdf_inside_de.xml
----------------- Instantiating /home/travis/build/icyphy/ptII/ptolemy/domains/sdf/test/auto/sdf_inside_de.xml
11 ms. Memory: 366592K Free: 141267K (39%)
----------------- Invoking toplevel() on ptolemy.moml.MoMLSimpleApplication@f77ea6a
----------------- Done invoking toplevel() on ptolemy.moml.MoMLSimpleApplication@f77ea6a
reloadAllAccessors: .sdf_inside_de

===========================================================================================
----------------- testing Thu Jul 18 05:11:37 UTC 2019 /home/travis/build/icyphy/ptII/ptolemy/domains/sdf/test/auto/sdf_inside_pn.xml
----------------- Instantiating /home/travis/build/icyphy/ptII/ptolemy/domains/sdf/test/auto/sdf_inside_pn.xml
49 ms. Memory: 366592K Free: 349253K (95%)
----------------- Invoking toplevel() on ptolemy.moml.MoMLSimpleApplication@32456f83
----------------- Done invoking toplevel() on ptolemy.moml.MoMLSimpleApplication@32456f83
reloadAllAccessors: .sdf_inside_pn

===========================================================================================
----------------- testing Thu Jul 18 05:11:37 UTC 2019 /home/travis/build/icyphy/ptII/ptolemy/domains/sdf/test/auto/sdf_sdf1.xml
----------------- Instantiating /home/travis/build/icyphy/ptII/ptolemy/domains/sdf/test/auto/sdf_sdf1.xml
3 ms. Memory: 366592K Free: 343589K (94%)
----------------- Invoking toplevel() on ptolemy.moml.MoMLSimpleApplication@3baa916e
----------------- Done invoking toplevel() on ptolemy.moml.MoMLSimpleApplication@3baa916e
reloadAllAccessors: .sdf_sdf1

===========================================================================================
----------------- testing Thu Jul 18 05:11:37 UTC 2019 /home/travis/build/icyphy/ptII/ptolemy/domains/sdf/test/auto/test1.xml
----------------- Instantiating /home/travis/build/icyphy/ptII/ptolemy/domains/sdf/test/auto/test1.xml
4 ms. Memory: 366592K Free: 338499K (92%)
----------------- Invoking toplevel() on ptolemy.moml.MoMLSimpleApplication@7e42d656
----------------- Done invoking toplevel() on ptolemy.moml.MoMLSimpleApplication@7e42d656
reloadAllAccessors: .test1

===========================================================================================
----------------- testing Thu Jul 18 05:11:37 UTC 2019 /home/travis/build/icyphy/ptII/ptolemy/domains/sdf/test/auto/time1.xml
----------------- Instantiating /home/travis/build/icyphy/ptII/ptolemy/domains/sdf/test/auto/time1.xml
3 ms. Memory: 366592K Free: 334917K (91%)
----------------- Invoking toplevel() on ptolemy.moml.MoMLSimpleApplication@3318f574
----------------- Done invoking toplevel() on ptolemy.moml.MoMLSimpleApplication@3318f574
reloadAllAccessors: .time1

===========================================================================================
----------------- testing Thu Jul 18 05:11:37 UTC 2019 /home/travis/build/icyphy/ptII/ptolemy/domains/sdf/test/auto/time2.xml
----------------- Instantiating /home/travis/build/icyphy/ptII/ptolemy/domains/sdf/test/auto/time2.xml
2 ms. Memory: 366592K Free: 331331K (90%)
----------------- Invoking toplevel() on ptolemy.moml.MoMLSimpleApplication@176f8313
----------------- Done invoking toplevel() on ptolemy.moml.MoMLSimpleApplication@176f8313
reloadAllAccessors: .time2

===========================================================================================
----------------- testing Thu Jul 18 05:11:37 UTC 2019 /home/travis/build/icyphy/ptII/ptolemy/domains/sdf/test/auto/time3.xml
----------------- Instantiating /home/travis/build/icyphy/ptII/ptolemy/domains/sdf/test/auto/time3.xml
6 ms. Memory: 366592K Free: 326211K (89%)
----------------- Invoking toplevel() on ptolemy.moml.MoMLSimpleApplication@7200639b
----------------- Done invoking toplevel() on ptolemy.moml.MoMLSimpleApplication@7200639b
reloadAllAccessors: .time3

===========================================================================================
----------------- testing Thu Jul 18 05:11:37 UTC 2019 /home/travis/build/icyphy/ptII/ptolemy/domains/sdf/test/auto/time4.xml
----------------- Instantiating /home/travis/build/icyphy/ptII/ptolemy/domains/sdf/test/auto/time4.xml
6 ms. Memory: 366592K Free: 320581K (87%)
----------------- Invoking toplevel() on ptolemy.moml.MoMLSimpleApplication@66717ec7
----------------- Done invoking toplevel() on ptolemy.moml.MoMLSimpleApplication@66717ec7
reloadAllAccessors: .time4

===========================================================================================
----------------- testing Thu Jul 18 05:11:37 UTC 2019 /home/travis/build/icyphy/ptII/ptolemy/domains/sdf/test/auto/time5.xml
----------------- Instantiating /home/travis/build/icyphy/ptII/ptolemy/domains/sdf/test/auto/time5.xml
4003 ms. Memory: 366592K Free: 316995K (86%)
----------------- Invoking toplevel() on ptolemy.moml.MoMLSimpleApplication@32daa8f7
----------------- Done invoking toplevel() on ptolemy.moml.MoMLSimpleApplication@32daa8f7
reloadAllAccessors: .time5

===========================================================================================
----------------- testing Thu Jul 18 05:11:41 UTC 2019 /home/travis/build/icyphy/ptII/ptolemy/domains/sdf/test/auto/typeSystem_Const_Integer_smallest_Type.xml
----------------- Instantiating /home/travis/build/icyphy/ptII/ptolemy/domains/sdf/test/auto/typeSystem_Const_Integer_smallest_Type.xml
9 ms. Memory: 366592K Free: 311875K (85%)
----------------- Invoking toplevel() on ptolemy.moml.MoMLSimpleApplication@7f2f28a6
----------------- Done invoking toplevel() on ptolemy.moml.MoMLSimpleApplication@7f2f28a6
reloadAllAccessors: .typeSystem_Const_Integer_smallest_Type

===========================================================================================
----------------- testing Thu Jul 18 05:11:41 UTC 2019 /home/travis/build/icyphy/ptII/ptolemy/domains/sdf/test/auto/typeSystem_declared_Inports_OutportTypeException.xml
----------------- Instantiating /home/travis/build/icyphy/ptII/ptolemy/domains/sdf/test/auto/typeSystem_declared_Inports_OutportTypeException.xml
.typeSystem_declared_Inports_OutportTypeException.TestExceptionAttribute: initialize() was not invoked, but wrapup() was.  This is unusual, but not always a problem.  For example, exporting JNLP will do this.
6 ms. Memory: 366592K Free: 307779K (84%)
----------------- Invoking toplevel() on ptolemy.moml.MoMLSimpleApplication@5e45d0
----------------- Done invoking toplevel() on ptolemy.moml.MoMLSimpleApplication@5e45d0
reloadAllAccessors: .typeSystem_declared_Inports_OutportTypeException

===========================================================================================
----------------- testing Thu Jul 18 05:11:41 UTC 2019 /home/travis/build/icyphy/ptII/ptolemy/domains/sdf/test/auto/typeSystem_oneDeclaredInportType_wrongTypeOutport.xml
----------------- Instantiating /home/travis/build/icyphy/ptII/ptolemy/domains/sdf/test/auto/typeSystem_oneDeclaredInportType_wrongTypeOutport.xml
4 ms. Memory: 366592K Free: 303683K (83%)
----------------- Invoking toplevel() on ptolemy.moml.MoMLSimpleApplication@725cc4de
----------------- Done invoking toplevel() on ptolemy.moml.MoMLSimpleApplication@725cc4de
reloadAllAccessors: .typeSystem_oneDeclaredInportType_wrongTypeOutport

===========================================================================================
----------------- testing Thu Jul 18 05:11:41 UTC 2019 /home/travis/build/icyphy/ptII/ptolemy/domains/sdf/test/auto/width.xml
----------------- Instantiating /home/travis/build/icyphy/ptII/ptolemy/domains/sdf/test/auto/width.xml
5 ms. Memory: 366592K Free: 300101K (82%)
----------------- Invoking toplevel() on ptolemy.moml.MoMLSimpleApplication@7a5d966
----------------- Done invoking toplevel() on ptolemy.moml.MoMLSimpleApplication@7a5d966
reloadAllAccessors: .width

===========================================================================================
----------------- testing Thu Jul 18 05:11:41 UTC 2019 /home/travis/build/icyphy/ptII/ptolemy/domains/sdf/test/auto/width2.xml
----------------- Instantiating /home/travis/build/icyphy/ptII/ptolemy/domains/sdf/test/auto/width2.xml
30 ms. Memory: 366592K Free: 294981K (80%)
----------------- Invoking toplevel() on ptolemy.moml.MoMLSimpleApplication@46774b91
----------------- Done invoking toplevel() on ptolemy.moml.MoMLSimpleApplication@46774b91
reloadAllAccessors: .width2

===========================================================================================
----------------- testing Thu Jul 18 05:11:41 UTC 2019 /home/travis/build/icyphy/ptII/ptolemy/domains/sdf/test/auto/width3.xml
----------------- Instantiating /home/travis/build/icyphy/ptII/ptolemy/domains/sdf/test/auto/width3.xml
29 ms. Memory: 366592K Free: 290371K (79%)
----------------- Invoking toplevel() on ptolemy.moml.MoMLSimpleApplication@3dca4a0f
----------------- Done invoking toplevel() on ptolemy.moml.MoMLSimpleApplication@3dca4a0f
reloadAllAccessors: .width3
AutoTests.java: About to close Vertx.
AutoTests.java: Vertx closed.
]]></system-out>
  <system-err><![CDATA[java.lang.RuntimeException: Execution failed
	at ptolemy.moml.MoMLSimpleApplication$UnloadThread.run(MoMLSimpleApplication.java:402)
Caused by: ptolemy.actor.sched.NotSchedulableException: No solution exists for the balance equations.
Graph is not consistent under the SDF domain detected on external port .rateConsistency.actor.port2
  in .rateConsistency.SDF Director.Scheduler
	at ptolemy.domains.sdf.kernel.SDFScheduler._propagatePort(SDFScheduler.java:1425)
	at ptolemy.domains.sdf.kernel.SDFScheduler._solveBalanceEquations(SDFScheduler.java:710)
	at ptolemy.domains.sdf.kernel.SDFScheduler._getSchedule(SDFScheduler.java:566)
	at ptolemy.actor.sched.Scheduler.getSchedule(Scheduler.java:189)
	at ptolemy.domains.sdf.kernel.SDFDirector.createSchedule(SDFDirector.java:408)
	at ptolemy.domains.sdf.kernel.SDFDirector.preinitialize(SDFDirector.java:764)
	at ptolemy.actor.CompositeActor.preinitialize(CompositeActor.java:1828)
	at ptolemy.actor.Manager.preinitializeAndResolveTypes(Manager.java:1040)
	at ptolemy.actor.Manager.initialize(Manager.java:710)
	at ptolemy.actor.Manager.execute(Manager.java:356)
	at ptolemy.actor.Manager.run(Manager.java:1263)
	at ptolemy.actor.Manager$PtolemyRunThread.run(Manager.java:1933)
java.lang.RuntimeException: Execution failed
	at ptolemy.moml.MoMLSimpleApplication$UnloadThread.run(MoMLSimpleApplication.java:402)
Caused by: ptolemy.kernel.util.IllegalActionException: Failed to compute schedule:
  in .badRateChanges.typed composite actor.SDF Director
Because:
The SDF rate parameter may change. This is not allowed in SDF models that will be run through the code generator.  If you don't care about code generation, then you might consider setting the allowRateChanges parameter of the SDF director to false.
  in .badRateChanges.typed composite actor.Repeat.output.tokenProductionRate
	at ptolemy.domains.sdf.kernel.SDFDirector.createSchedule(SDFDirector.java:418)
	at ptolemy.domains.sdf.kernel.SDFDirector.preinitialize(SDFDirector.java:764)
	at ptolemy.actor.CompositeActor.preinitialize(CompositeActor.java:1828)
	at ptolemy.actor.Director.preinitialize(Director.java:1302)
	at ptolemy.actor.Director.preinitialize(Director.java:1257)
	at ptolemy.domains.sdf.kernel.SDFDirector.preinitialize(SDFDirector.java:763)
	at ptolemy.actor.CompositeActor.preinitialize(CompositeActor.java:1828)
	at ptolemy.actor.Manager.preinitializeAndResolveTypes(Manager.java:1040)
	at ptolemy.actor.Manager.initialize(Manager.java:710)
	at ptolemy.actor.Manager.execute(Manager.java:356)
	at ptolemy.actor.Manager.run(Manager.java:1263)
	at ptolemy.actor.Manager$PtolemyRunThread.run(Manager.java:1933)
Caused by: ptolemy.kernel.util.IllegalActionException: The SDF rate parameter may change. This is not allowed in SDF models that will be run through the code generator.  If you don't care about code generation, then you might consider setting the allowRateChanges parameter of the SDF director to false.
  in .badRateChanges.typed composite actor.Repeat.output.tokenProductionRate
	at ptolemy.domains.sdf.kernel.SDFScheduler._assertDynamicRateVariable(SDFScheduler.java:931)
	at ptolemy.domains.sdf.kernel.SDFScheduler._checkDynamicRateVariables(SDFScheduler.java:339)
	at ptolemy.domains.sdf.kernel.SDFScheduler._getSchedule(SDFScheduler.java:527)
	at ptolemy.actor.sched.Scheduler.getSchedule(Scheduler.java:189)
	at ptolemy.domains.sdf.kernel.SDFDirector.createSchedule(SDFDirector.java:408)
	... 11 more
java.lang.RuntimeException: Execution failed
	at ptolemy.moml.MoMLSimpleApplication$UnloadThread.run(MoMLSimpleApplication.java:402)
Caused by: ptolemy.kernel.util.IllegalActionException: Failed to compute schedule:
  in .badRateChanges2.typed composite actor.SDF Director
Because:
The SDF rate parameter may change. This is not allowed in SDF models that will be run through the code generator.  If you don't care about code generation, then you might consider setting the allowRateChanges parameter of the SDF director to false.
  in .badRateChanges2.typed composite actor.Repeat.output.tokenProductionRate
	at ptolemy.domains.sdf.kernel.SDFDirector.createSchedule(SDFDirector.java:418)
	at ptolemy.domains.sdf.kernel.SDFDirector.preinitialize(SDFDirector.java:764)
	at ptolemy.actor.CompositeActor.preinitialize(CompositeActor.java:1828)
	at ptolemy.actor.Director.preinitialize(Director.java:1302)
	at ptolemy.actor.Director.preinitialize(Director.java:1257)
	at ptolemy.domains.sdf.kernel.SDFDirector.preinitialize(SDFDirector.java:763)
	at ptolemy.actor.CompositeActor.preinitialize(CompositeActor.java:1828)
	at ptolemy.actor.Manager.preinitializeAndResolveTypes(Manager.java:1040)
	at ptolemy.actor.Manager.initialize(Manager.java:710)
	at ptolemy.actor.Manager.execute(Manager.java:356)
	at ptolemy.actor.Manager.run(Manager.java:1263)
	at ptolemy.actor.Manager$PtolemyRunThread.run(Manager.java:1933)
Caused by: ptolemy.kernel.util.IllegalActionException: The SDF rate parameter may change. This is not allowed in SDF models that will be run through the code generator.  If you don't care about code generation, then you might consider setting the allowRateChanges parameter of the SDF director to false.
  in .badRateChanges2.typed composite actor.Repeat.output.tokenProductionRate
	at ptolemy.domains.sdf.kernel.SDFScheduler._assertDynamicRateVariable(SDFScheduler.java:931)
	at ptolemy.domains.sdf.kernel.SDFScheduler._checkDynamicRateVariables(SDFScheduler.java:339)
	at ptolemy.domains.sdf.kernel.SDFScheduler._getSchedule(SDFScheduler.java:527)
	at ptolemy.actor.sched.Scheduler.getSchedule(Scheduler.java:189)
	at ptolemy.domains.sdf.kernel.SDFDirector.createSchedule(SDFDirector.java:408)
	... 11 more
java.lang.RuntimeException: Execution failed
	at ptolemy.moml.MoMLSimpleApplication$UnloadThread.run(MoMLSimpleApplication.java:402)
Caused by: ptolemy.actor.sched.NotSchedulableException: Actors remain that cannot be scheduled!

There are several possible reasons:
* SDF Graphs with feedback loops should have an actor with a delay in the loop, such as a SampleDelay.
* The SDF director has an "allowDisconnectedGraphs"parameter, which, when true, permits disconnected SDF graphs.
* The token consumption rate and production rates might be mismatched.
Usually, actors produce one token or consume one token on a port.  To produce or consume multiple tokens per firing, add a "tokenConsumptionRate" or "tokenProductionRate" parameter to the appropriate port.
Unscheduled actors:
.partiallyConnected.Const2 
Scheduled actors:
.partiallyConnected.Const 
  in .partiallyConnected.SDF Director.Scheduler
	at ptolemy.domains.sdf.kernel.SDFScheduler._scheduleConnectedActors(SDFScheduler.java:1828)
	at ptolemy.domains.sdf.kernel.SDFScheduler._getSchedule(SDFScheduler.java:587)
	at ptolemy.actor.sched.Scheduler.getSchedule(Scheduler.java:189)
	at ptolemy.domains.sdf.kernel.SDFDirector.createSchedule(SDFDirector.java:408)
	at ptolemy.domains.sdf.kernel.SDFDirector.preinitialize(SDFDirector.java:764)
	at ptolemy.actor.CompositeActor.preinitialize(CompositeActor.java:1828)
	at ptolemy.actor.Manager.preinitializeAndResolveTypes(Manager.java:1040)
	at ptolemy.actor.Manager.initialize(Manager.java:710)
	at ptolemy.actor.Manager.execute(Manager.java:356)
	at ptolemy.actor.Manager.run(Manager.java:1263)
	at ptolemy.actor.Manager$PtolemyRunThread.run(Manager.java:1933)
]]></system-err>
</testsuite>
