<?xml version="1.0" encoding="UTF-8" ?>
<testsuite errors="0" failures="0" hostname="travis-job-0905a665-3df3-4dd0-8c02-514967ed8f63" name="ptolemy.actor.lib.hoc.test.junit.JUnitTclTest" skipped="0" tests="58" time="24.253" timestamp="2018-08-03T01:42:13">
  <properties>
[...]
</properties>
  <testcase classname="ptolemy.util.test.junit.TclTests" name="[0] /home/travis/build/icyphy/ptII/ptolemy/actor/lib/hoc/test/IterateOverArray.tcl (RunTclFile)" time="0.287" />
  <testcase classname="ptolemy.util.test.junit.AutoKnownFailedTests" name="[0] /home/travis/build/icyphy/ptII/ptolemy/actor/lib/hoc/test/auto/knownFailedTests/PreinitializeMustBeInvokedRunComposite.xml (RunModel)" time="0.272" />
  <testcase classname="ptolemy.util.test.junit.AutoNameArchTests" name="[0] ThereAreNoAutoArchTests (RunModel)" time="0.002" />
  <testcase classname="ptolemy.util.test.junit.AutoTests" name="[0] /home/travis/build/icyphy/ptII/ptolemy/actor/lib/hoc/test/auto/AllToAllMultiInstanceComposite.xml (RunModel)" time="0.255" />
  <testcase classname="ptolemy.util.test.junit.AutoTests" name="[1] /home/travis/build/icyphy/ptII/ptolemy/actor/lib/hoc/test/auto/ApplyFFTTest.xml (RunModel)" time="0.354" />
  <testcase classname="ptolemy.util.test.junit.AutoTests" name="[2] /home/travis/build/icyphy/ptII/ptolemy/actor/lib/hoc/test/auto/ApplyFunction.xml (RunModel)" time="0.035" />
  <testcase classname="ptolemy.util.test.junit.AutoTests" name="[3] /home/travis/build/icyphy/ptII/ptolemy/actor/lib/hoc/test/auto/BackgroundExecution.xml (RunModel)" time="0.74" />
  <testcase classname="ptolemy.util.test.junit.AutoTests" name="[4] /home/travis/build/icyphy/ptII/ptolemy/actor/lib/hoc/test/auto/Case.xml (RunModel)" time="0.046" />
  <testcase classname="ptolemy.util.test.junit.AutoTests" name="[5] /home/travis/build/icyphy/ptII/ptolemy/actor/lib/hoc/test/auto/Case1.xml (RunModel)" time="0.03" />
  <testcase classname="ptolemy.util.test.junit.AutoTests" name="[6] /home/travis/build/icyphy/ptII/ptolemy/actor/lib/hoc/test/auto/Case2.xml (RunModel)" time="0.07" />
  <testcase classname="ptolemy.util.test.junit.AutoTests" name="[7] /home/travis/build/icyphy/ptII/ptolemy/actor/lib/hoc/test/auto/Case3.xml (RunModel)" time="0.063" />
  <testcase classname="ptolemy.util.test.junit.AutoTests" name="[8] /home/travis/build/icyphy/ptII/ptolemy/actor/lib/hoc/test/auto/Case4.xml (RunModel)" time="0.074" />
  <testcase classname="ptolemy.util.test.junit.AutoTests" name="[9] /home/travis/build/icyphy/ptII/ptolemy/actor/lib/hoc/test/auto/Case5.xml (RunModel)" time="0.087" />
  <testcase classname="ptolemy.util.test.junit.AutoTests" name="[10] /home/travis/build/icyphy/ptII/ptolemy/actor/lib/hoc/test/auto/Case6.xml (RunModel)" time="0.096" />
  <testcase classname="ptolemy.util.test.junit.AutoTests" name="[11] /home/travis/build/icyphy/ptII/ptolemy/actor/lib/hoc/test/auto/CaseString2.xml (RunModel)" time="0.052" />
  <testcase classname="ptolemy.util.test.junit.AutoTests" name="[12] /home/travis/build/icyphy/ptII/ptolemy/actor/lib/hoc/test/auto/CatchUpComposite1.xml (RunModel)" time="0.083" />
  <testcase classname="ptolemy.util.test.junit.AutoTests" name="[13] /home/travis/build/icyphy/ptII/ptolemy/actor/lib/hoc/test/auto/CatchUpComposite2.xml (RunModel)" time="0.067" />
  <testcase classname="ptolemy.util.test.junit.AutoTests" name="[14] /home/travis/build/icyphy/ptII/ptolemy/actor/lib/hoc/test/auto/CatchUpComposite3.xml (RunModel)" time="0.047" />
  <testcase classname="ptolemy.util.test.junit.AutoTests" name="[15] /home/travis/build/icyphy/ptII/ptolemy/actor/lib/hoc/test/auto/CatchUpComposite4.xml (RunModel)" time="0.055" />
  <testcase classname="ptolemy.util.test.junit.AutoTests" name="[16] /home/travis/build/icyphy/ptII/ptolemy/actor/lib/hoc/test/auto/CatchUpComposite5.xml (RunModel)" time="0.038" />
  <testcase classname="ptolemy.util.test.junit.AutoTests" name="[17] /home/travis/build/icyphy/ptII/ptolemy/actor/lib/hoc/test/auto/CatchUpComposite6.xml (RunModel)" time="0.168" />
  <testcase classname="ptolemy.util.test.junit.AutoTests" name="[18] /home/travis/build/icyphy/ptII/ptolemy/actor/lib/hoc/test/auto/CatchUpComposite7.xml (RunModel)" time="0.097" />
  <testcase classname="ptolemy.util.test.junit.AutoTests" name="[19] /home/travis/build/icyphy/ptII/ptolemy/actor/lib/hoc/test/auto/ConcurrentExecutionTimeSDF.xml (RunModel)" time="1.317" />
  <testcase classname="ptolemy.util.test.junit.AutoTests" name="[20] /home/travis/build/icyphy/ptII/ptolemy/actor/lib/hoc/test/auto/ConcurrentSleep.xml (RunModel)" time="0.797" />
  <testcase classname="ptolemy.util.test.junit.AutoTests" name="[21] /home/travis/build/icyphy/ptII/ptolemy/actor/lib/hoc/test/auto/DEInPNInRunCompositeActor.xml (RunModel)" time="0.046" />
  <testcase classname="ptolemy.util.test.junit.AutoTests" name="[22] /home/travis/build/icyphy/ptII/ptolemy/actor/lib/hoc/test/auto/DFTSubSetTest.xml (RunModel)" time="0.274" />
  <testcase classname="ptolemy.util.test.junit.AutoTests" name="[23] /home/travis/build/icyphy/ptII/ptolemy/actor/lib/hoc/test/auto/HocDE.xml (RunModel)" time="0.159" />
  <testcase classname="ptolemy.util.test.junit.AutoTests" name="[24] /home/travis/build/icyphy/ptII/ptolemy/actor/lib/hoc/test/auto/IterateOverArray.xml (RunModel)" time="0.047" />
  <testcase classname="ptolemy.util.test.junit.AutoTests" name="[25] /home/travis/build/icyphy/ptII/ptolemy/actor/lib/hoc/test/auto/IterateOverArray10.xml (RunModel)" time="0.021" />
  <testcase classname="ptolemy.util.test.junit.AutoTests" name="[26] /home/travis/build/icyphy/ptII/ptolemy/actor/lib/hoc/test/auto/IterateOverArray11.xml (RunModel)" time="0.03" />
  <testcase classname="ptolemy.util.test.junit.AutoTests" name="[27] /home/travis/build/icyphy/ptII/ptolemy/actor/lib/hoc/test/auto/IterateOverArray12.xml (RunModel)" time="0.045" />
  <testcase classname="ptolemy.util.test.junit.AutoTests" name="[28] /home/travis/build/icyphy/ptII/ptolemy/actor/lib/hoc/test/auto/IterateOverArray13.xml (RunModel)" time="0.165" />
  <testcase classname="ptolemy.util.test.junit.AutoTests" name="[29] /home/travis/build/icyphy/ptII/ptolemy/actor/lib/hoc/test/auto/IterateOverArray14.xml (RunModel)" time="0.142" />
  <testcase classname="ptolemy.util.test.junit.AutoTests" name="[30] /home/travis/build/icyphy/ptII/ptolemy/actor/lib/hoc/test/auto/IterateOverArray2.xml (RunModel)" time="0.022" />
  <testcase classname="ptolemy.util.test.junit.AutoTests" name="[31] /home/travis/build/icyphy/ptII/ptolemy/actor/lib/hoc/test/auto/IterateOverArray3.xml (RunModel)" time="0.038" />
  <testcase classname="ptolemy.util.test.junit.AutoTests" name="[32] /home/travis/build/icyphy/ptII/ptolemy/actor/lib/hoc/test/auto/IterateOverArray4.xml (RunModel)" time="0.033" />
  <testcase classname="ptolemy.util.test.junit.AutoTests" name="[33] /home/travis/build/icyphy/ptII/ptolemy/actor/lib/hoc/test/auto/IterateOverArray5.xml (RunModel)" time="0.022" />
  <testcase classname="ptolemy.util.test.junit.AutoTests" name="[34] /home/travis/build/icyphy/ptII/ptolemy/actor/lib/hoc/test/auto/IterateOverArray6.xml (RunModel)" time="0.023" />
  <testcase classname="ptolemy.util.test.junit.AutoTests" name="[35] /home/travis/build/icyphy/ptII/ptolemy/actor/lib/hoc/test/auto/IterateOverArray7.xml (RunModel)" time="0.023" />
  <testcase classname="ptolemy.util.test.junit.AutoTests" name="[36] /home/travis/build/icyphy/ptII/ptolemy/actor/lib/hoc/test/auto/IterateOverArray8.xml (RunModel)" time="0.023" />
  <testcase classname="ptolemy.util.test.junit.AutoTests" name="[37] /home/travis/build/icyphy/ptII/ptolemy/actor/lib/hoc/test/auto/IterateOverArray9.xml (RunModel)" time="0.024" />
  <testcase classname="ptolemy.util.test.junit.AutoTests" name="[38] /home/travis/build/icyphy/ptII/ptolemy/actor/lib/hoc/test/auto/IterateOverArrayCoercedOutputType.xml (RunModel)" time="0.046" />
  <testcase classname="ptolemy.util.test.junit.AutoTests" name="[39] /home/travis/build/icyphy/ptII/ptolemy/actor/lib/hoc/test/auto/IterateOverArrayInferredOutputType.xml (RunModel)" time="0.035" />
  <testcase classname="ptolemy.util.test.junit.AutoTests" name="[40] /home/travis/build/icyphy/ptII/ptolemy/actor/lib/hoc/test/auto/MobileFunctionTest.xml (RunModel)" time="0.023" />
  <testcase classname="ptolemy.util.test.junit.AutoTests" name="[41] /home/travis/build/icyphy/ptII/ptolemy/actor/lib/hoc/test/auto/MobileModelTest.xml (RunModel)" time="0.128" />
  <testcase classname="ptolemy.util.test.junit.AutoTests" name="[42] /home/travis/build/icyphy/ptII/ptolemy/actor/lib/hoc/test/auto/ModelReference.xml (RunModel)" time="0.088" />
  <testcase classname="ptolemy.util.test.junit.AutoTests" name="[43] /home/travis/build/icyphy/ptII/ptolemy/actor/lib/hoc/test/auto/ModelReference3.xml (RunModel)" time="0.051" />
  <testcase classname="ptolemy.util.test.junit.AutoTests" name="[44] /home/travis/build/icyphy/ptII/ptolemy/actor/lib/hoc/test/auto/ModelReference4.xml (RunModel)" time="10.038" />
  <testcase classname="ptolemy.util.test.junit.AutoTests" name="[45] /home/travis/build/icyphy/ptII/ptolemy/actor/lib/hoc/test/auto/MultiInstanceComposite.xml (RunModel)" time="0.043" />
  <testcase classname="ptolemy.util.test.junit.AutoTests" name="[46] /home/travis/build/icyphy/ptII/ptolemy/actor/lib/hoc/test/auto/MultiInstanceComposite2.xml (RunModel)" time="0.05" />
  <testcase classname="ptolemy.util.test.junit.AutoTests" name="[47] /home/travis/build/icyphy/ptII/ptolemy/actor/lib/hoc/test/auto/MulticoreExecution.xml (RunModel)" time="1.11" />
  <testcase classname="ptolemy.util.test.junit.AutoTests" name="[48] /home/travis/build/icyphy/ptII/ptolemy/actor/lib/hoc/test/auto/ParallelExecution.xml (RunModel)" time="0.94" />
  <testcase classname="ptolemy.util.test.junit.AutoTests" name="[49] /home/travis/build/icyphy/ptII/ptolemy/actor/lib/hoc/test/auto/RunCompositeActor.xml (RunModel)" time="0.027" />
  <testcase classname="ptolemy.util.test.junit.AutoTests" name="[50] /home/travis/build/icyphy/ptII/ptolemy/actor/lib/hoc/test/auto/RunCompositeActor2.xml (RunModel)" time="0.032" />
  <testcase classname="ptolemy.util.test.junit.AutoTests" name="[51] /home/travis/build/icyphy/ptII/ptolemy/actor/lib/hoc/test/auto/RunCompositeActor3.xml (RunModel)" time="0.05" />
  <testcase classname="ptolemy.util.test.junit.AutoTests" name="[52] /home/travis/build/icyphy/ptII/ptolemy/actor/lib/hoc/test/auto/RunCompositeActor4.xml (RunModel)" time="0.04" />
  <testcase classname="ptolemy.util.test.junit.AutoTests" name="[53] /home/travis/build/icyphy/ptII/ptolemy/actor/lib/hoc/test/auto/RunCompositeIterateOverArray.xml (RunModel)" time="0.038" />
  <testcase classname="ptolemy.util.test.junit.AutoTests" name="[54] /home/travis/build/icyphy/ptII/ptolemy/actor/lib/hoc/test/auto/ThreadedJS.xml (RunModel)" time="4.708" />
  <system-out><![CDATA[/home/travis/build/icyphy/ptII/ptolemy/actor/lib/hoc/test/IterateOverArray.tcl
testDefs.tcl: setting time out to 9000 seconds at Fri Aug 03 01:42:13 UTC 2018
08/03/18 01:42:14
Failed: 0  Total Tests: 2  ((Passed: 2, Newly Passed: 0)  Known Failed: 0) /home/travis/build/icyphy/ptII/ptolemy/actor/lib/hoc/test
----------------- testing (KnownFailure) /home/travis/build/icyphy/ptII/ptolemy/actor/lib/hoc/test/auto/knownFailedTests/PreinitializeMustBeInvokedRunComposite.xml
46 ms. Memory: 116224K Free: 103621K (89%)
Known Failure: java.lang.reflect.InvocationTargetException
No auto/linux-amd64/*.xml tests in /home/travis/build/icyphy/ptII/ptolemy/actor/lib/hoc/test
AutoTests.java: About to close Vertx.
AutoTests.java: Vertx closed.

===========================================================================================
----------------- testing Fri Aug 03 01:42:14 UTC 2018 /home/travis/build/icyphy/ptII/ptolemy/actor/lib/hoc/test/auto/AllToAllMultiInstanceComposite.xml
----------------- Instantiating /home/travis/build/icyphy/ptII/ptolemy/actor/lib/hoc/test/auto/AllToAllMultiInstanceComposite.xml
116 ms. Memory: 146944K Free: 109289K (74%)
----------------- Invoking toplevel() on ptolemy.moml.MoMLSimpleApplication@26d187f9
----------------- Done invoking toplevel() on ptolemy.moml.MoMLSimpleApplication@26d187f9
reloadAllAccessors: .AllToAllMultiInstanceComposite

===========================================================================================
----------------- testing Fri Aug 03 01:42:14 UTC 2018 /home/travis/build/icyphy/ptII/ptolemy/actor/lib/hoc/test/auto/ApplyFFTTest.xml
----------------- Instantiating /home/travis/build/icyphy/ptII/ptolemy/actor/lib/hoc/test/auto/ApplyFFTTest.xml
113 ms. Memory: 146944K Free: 87628K (60%)
----------------- Invoking toplevel() on ptolemy.moml.MoMLSimpleApplication@3e77cd3a
----------------- Done invoking toplevel() on ptolemy.moml.MoMLSimpleApplication@3e77cd3a
reloadAllAccessors: .ApplyFFTTest

===========================================================================================
----------------- testing Fri Aug 03 01:42:15 UTC 2018 /home/travis/build/icyphy/ptII/ptolemy/actor/lib/hoc/test/auto/ApplyFunction.xml
----------------- Instantiating /home/travis/build/icyphy/ptII/ptolemy/actor/lib/hoc/test/auto/ApplyFunction.xml
5 ms. Memory: 146944K Free: 83901K (57%)
----------------- Invoking toplevel() on ptolemy.moml.MoMLSimpleApplication@6f1b4e15
----------------- Done invoking toplevel() on ptolemy.moml.MoMLSimpleApplication@6f1b4e15
reloadAllAccessors: .ApplyFunction

===========================================================================================
----------------- testing Fri Aug 03 01:42:15 UTC 2018 /home/travis/build/icyphy/ptII/ptolemy/actor/lib/hoc/test/auto/BackgroundExecution.xml
----------------- Instantiating /home/travis/build/icyphy/ptII/ptolemy/actor/lib/hoc/test/auto/BackgroundExecution.xml
646 ms. Memory: 146944K Free: 136650K (93%)
----------------- Invoking toplevel() on ptolemy.moml.MoMLSimpleApplication@51210887
----------------- Done invoking toplevel() on ptolemy.moml.MoMLSimpleApplication@51210887
reloadAllAccessors: .BackgroundExecution

===========================================================================================
----------------- testing Fri Aug 03 01:42:16 UTC 2018 /home/travis/build/icyphy/ptII/ptolemy/actor/lib/hoc/test/auto/Case.xml
----------------- Instantiating /home/travis/build/icyphy/ptII/ptolemy/actor/lib/hoc/test/auto/Case.xml
14 ms. Memory: 146944K Free: 128351K (87%)
----------------- Invoking toplevel() on ptolemy.moml.MoMLSimpleApplication@3f99cf03
----------------- Done invoking toplevel() on ptolemy.moml.MoMLSimpleApplication@3f99cf03
reloadAllAccessors: .Case

===========================================================================================
----------------- testing Fri Aug 03 01:42:16 UTC 2018 /home/travis/build/icyphy/ptII/ptolemy/actor/lib/hoc/test/auto/Case1.xml
----------------- Instantiating /home/travis/build/icyphy/ptII/ptolemy/actor/lib/hoc/test/auto/Case1.xml
9 ms. Memory: 146944K Free: 121218K (82%)
----------------- Invoking toplevel() on ptolemy.moml.MoMLSimpleApplication@3a14e9a6
----------------- Done invoking toplevel() on ptolemy.moml.MoMLSimpleApplication@3a14e9a6
reloadAllAccessors: .Case1

===========================================================================================
----------------- testing Fri Aug 03 01:42:16 UTC 2018 /home/travis/build/icyphy/ptII/ptolemy/actor/lib/hoc/test/auto/Case2.xml
----------------- Instantiating /home/travis/build/icyphy/ptII/ptolemy/actor/lib/hoc/test/auto/Case2.xml
40 ms. Memory: 146944K Free: 109618K (75%)
----------------- Invoking toplevel() on ptolemy.moml.MoMLSimpleApplication@1a1fdf8a
----------------- Done invoking toplevel() on ptolemy.moml.MoMLSimpleApplication@1a1fdf8a
reloadAllAccessors: .Case2

===========================================================================================
----------------- testing Fri Aug 03 01:42:16 UTC 2018 /home/travis/build/icyphy/ptII/ptolemy/actor/lib/hoc/test/auto/Case3.xml
----------------- Instantiating /home/travis/build/icyphy/ptII/ptolemy/actor/lib/hoc/test/auto/Case3.xml
18 ms. Memory: 146944K Free: 103344K (70%)
----------------- Invoking toplevel() on ptolemy.moml.MoMLSimpleApplication@1d035c4b
----------------- Done invoking toplevel() on ptolemy.moml.MoMLSimpleApplication@1d035c4b
reloadAllAccessors: .Case3

===========================================================================================
----------------- testing Fri Aug 03 01:42:16 UTC 2018 /home/travis/build/icyphy/ptII/ptolemy/actor/lib/hoc/test/auto/Case4.xml
----------------- Instantiating /home/travis/build/icyphy/ptII/ptolemy/actor/lib/hoc/test/auto/Case4.xml
16 ms. Memory: 146944K Free: 94378K (64%)
----------------- Invoking toplevel() on ptolemy.moml.MoMLSimpleApplication@12e1a443
----------------- Done invoking toplevel() on ptolemy.moml.MoMLSimpleApplication@12e1a443
reloadAllAccessors: .Case4

===========================================================================================
----------------- testing Fri Aug 03 01:42:16 UTC 2018 /home/travis/build/icyphy/ptII/ptolemy/actor/lib/hoc/test/auto/Case5.xml
----------------- Instantiating /home/travis/build/icyphy/ptII/ptolemy/actor/lib/hoc/test/auto/Case5.xml
44 ms. Memory: 146944K Free: 87254K (59%)
----------------- Invoking toplevel() on ptolemy.moml.MoMLSimpleApplication@4ef1d74
----------------- Done invoking toplevel() on ptolemy.moml.MoMLSimpleApplication@4ef1d74
reloadAllAccessors: .junk

===========================================================================================
----------------- testing Fri Aug 03 01:42:16 UTC 2018 /home/travis/build/icyphy/ptII/ptolemy/actor/lib/hoc/test/auto/Case6.xml
----------------- Instantiating /home/travis/build/icyphy/ptII/ptolemy/actor/lib/hoc/test/auto/Case6.xml
23 ms. Memory: 208384K Free: 196580K (94%)
----------------- Invoking toplevel() on ptolemy.moml.MoMLSimpleApplication@487f97a8
----------------- Done invoking toplevel() on ptolemy.moml.MoMLSimpleApplication@487f97a8
reloadAllAccessors: .Case6

===========================================================================================
----------------- testing Fri Aug 03 01:42:16 UTC 2018 /home/travis/build/icyphy/ptII/ptolemy/actor/lib/hoc/test/auto/CaseString2.xml
----------------- Instantiating /home/travis/build/icyphy/ptII/ptolemy/actor/lib/hoc/test/auto/CaseString2.xml
18 ms. Memory: 208384K Free: 187015K (90%)
----------------- Invoking toplevel() on ptolemy.moml.MoMLSimpleApplication@1ec0792d
----------------- Done invoking toplevel() on ptolemy.moml.MoMLSimpleApplication@1ec0792d
reloadAllAccessors: .CaseString2

===========================================================================================
----------------- testing Fri Aug 03 01:42:16 UTC 2018 /home/travis/build/icyphy/ptII/ptolemy/actor/lib/hoc/test/auto/CatchUpComposite1.xml
----------------- Instantiating /home/travis/build/icyphy/ptII/ptolemy/actor/lib/hoc/test/auto/CatchUpComposite1.xml
25 ms. Memory: 208384K Free: 177136K (85%)
----------------- Invoking toplevel() on ptolemy.moml.MoMLSimpleApplication@7d238a7
----------------- Done invoking toplevel() on ptolemy.moml.MoMLSimpleApplication@7d238a7
reloadAllAccessors: .CatchUpComposite1

===========================================================================================
----------------- testing Fri Aug 03 01:42:16 UTC 2018 /home/travis/build/icyphy/ptII/ptolemy/actor/lib/hoc/test/auto/CatchUpComposite2.xml
----------------- Instantiating /home/travis/build/icyphy/ptII/ptolemy/actor/lib/hoc/test/auto/CatchUpComposite2.xml
19 ms. Memory: 208384K Free: 167289K (80%)
----------------- Invoking toplevel() on ptolemy.moml.MoMLSimpleApplication@600ef0f1
----------------- Done invoking toplevel() on ptolemy.moml.MoMLSimpleApplication@600ef0f1
reloadAllAccessors: .CatchUpComposite2

===========================================================================================
----------------- testing Fri Aug 03 01:42:16 UTC 2018 /home/travis/build/icyphy/ptII/ptolemy/actor/lib/hoc/test/auto/CatchUpComposite3.xml
----------------- Instantiating /home/travis/build/icyphy/ptII/ptolemy/actor/lib/hoc/test/auto/CatchUpComposite3.xml
12 ms. Memory: 208384K Free: 156463K (75%)
----------------- Invoking toplevel() on ptolemy.moml.MoMLSimpleApplication@3b15f8e1
----------------- Done invoking toplevel() on ptolemy.moml.MoMLSimpleApplication@3b15f8e1
reloadAllAccessors: .CatchUpComposite3

===========================================================================================
----------------- testing Fri Aug 03 01:42:16 UTC 2018 /home/travis/build/icyphy/ptII/ptolemy/actor/lib/hoc/test/auto/CatchUpComposite4.xml
----------------- Instantiating /home/travis/build/icyphy/ptII/ptolemy/actor/lib/hoc/test/auto/CatchUpComposite4.xml
17 ms. Memory: 208384K Free: 147246K (71%)
----------------- Invoking toplevel() on ptolemy.moml.MoMLSimpleApplication@36307f94
----------------- Done invoking toplevel() on ptolemy.moml.MoMLSimpleApplication@36307f94
reloadAllAccessors: .CatchUpComposite4

===========================================================================================
----------------- testing Fri Aug 03 01:42:16 UTC 2018 /home/travis/build/icyphy/ptII/ptolemy/actor/lib/hoc/test/auto/CatchUpComposite5.xml
----------------- Instantiating /home/travis/build/icyphy/ptII/ptolemy/actor/lib/hoc/test/auto/CatchUpComposite5.xml
9 ms. Memory: 208384K Free: 138612K (67%)
----------------- Invoking toplevel() on ptolemy.moml.MoMLSimpleApplication@4c9c934f
----------------- Done invoking toplevel() on ptolemy.moml.MoMLSimpleApplication@4c9c934f
reloadAllAccessors: .CatchUpComposite5

===========================================================================================
----------------- testing Fri Aug 03 01:42:16 UTC 2018 /home/travis/build/icyphy/ptII/ptolemy/actor/lib/hoc/test/auto/CatchUpComposite6.xml
----------------- Instantiating /home/travis/build/icyphy/ptII/ptolemy/actor/lib/hoc/test/auto/CatchUpComposite6.xml
WARNING: The execution aspects in this model can influence the timing of actors by delaying the 
execution, potentially changing the behavior. There is no guarantee that actors fire at the 
time they request to be fired. 
Use Ptides for deterministic DE behavior that is not influenced by execution aspects. 

90 ms. Memory: 208384K Free: 119798K (57%)
----------------- Invoking toplevel() on ptolemy.moml.MoMLSimpleApplication@36bc01f8
----------------- Done invoking toplevel() on ptolemy.moml.MoMLSimpleApplication@36bc01f8
reloadAllAccessors: .CatchUpComposite6

===========================================================================================
----------------- testing Fri Aug 03 01:42:17 UTC 2018 /home/travis/build/icyphy/ptII/ptolemy/actor/lib/hoc/test/auto/CatchUpComposite7.xml
----------------- Instantiating /home/travis/build/icyphy/ptII/ptolemy/actor/lib/hoc/test/auto/CatchUpComposite7.xml
WARNING: The execution aspects in this model can influence the timing of actors by delaying the 
execution, potentially changing the behavior. There is no guarantee that actors fire at the 
time they request to be fired. 
Use Ptides for deterministic DE behavior that is not influenced by execution aspects. 

43 ms. Memory: 208384K Free: 103047K (49%)
----------------- Invoking toplevel() on ptolemy.moml.MoMLSimpleApplication@5c61efbe
----------------- Done invoking toplevel() on ptolemy.moml.MoMLSimpleApplication@5c61efbe
reloadAllAccessors: .CatchUpComposite7

===========================================================================================
----------------- testing Fri Aug 03 01:42:17 UTC 2018 /home/travis/build/icyphy/ptII/ptolemy/actor/lib/hoc/test/auto/ConcurrentExecutionTimeSDF.xml
----------------- Instantiating /home/travis/build/icyphy/ptII/ptolemy/actor/lib/hoc/test/auto/ConcurrentExecutionTimeSDF.xml
Fired ExecutionTime: 40400000
Fired ExecutionTime: 40400000
Fired ExecutionTime: 40400000
Fired ExecutionTime: 40400000
Fired ExecutionTime: 40400000
Fired ExecutionTime: 40400000
Fired ExecutionTime: 40400000
Fired ExecutionTime: 40400000
Fired ExecutionTime: 40400000
Fired ExecutionTime: 40400000
Fired ExecutionTime: 40400000
Fired ExecutionTime: 40400000
Fired ExecutionTime: 40400000
Fired ExecutionTime: 40400000
Fired ExecutionTime: 40400000
Fired ExecutionTime: 40400000
Fired ExecutionTime: 40400000
Fired ExecutionTime: 40400000
Fired ExecutionTime: 40400000
Fired ExecutionTime: 40400000
1290 ms. Memory: 208384K Free: 93783K (45%)
----------------- Invoking toplevel() on ptolemy.moml.MoMLSimpleApplication@df0761e
----------------- Done invoking toplevel() on ptolemy.moml.MoMLSimpleApplication@df0761e
reloadAllAccessors: .ConcurrentExecutionTimeSDF

===========================================================================================
----------------- testing Fri Aug 03 01:42:18 UTC 2018 /home/travis/build/icyphy/ptII/ptolemy/actor/lib/hoc/test/auto/ConcurrentSleep.xml
----------------- Instantiating /home/travis/build/icyphy/ptII/ptolemy/actor/lib/hoc/test/auto/ConcurrentSleep.xml
749 ms. Memory: 208384K Free: 200954K (96%)
----------------- Invoking toplevel() on ptolemy.moml.MoMLSimpleApplication@2d3d5529
----------------- Done invoking toplevel() on ptolemy.moml.MoMLSimpleApplication@2d3d5529
reloadAllAccessors: .ConcurrentSleep

===========================================================================================
----------------- testing Fri Aug 03 01:42:19 UTC 2018 /home/travis/build/icyphy/ptII/ptolemy/actor/lib/hoc/test/auto/DEInPNInRunCompositeActor.xml
----------------- Instantiating /home/travis/build/icyphy/ptII/ptolemy/actor/lib/hoc/test/auto/DEInPNInRunCompositeActor.xml
14 ms. Memory: 208384K Free: 193468K (93%)
----------------- Invoking toplevel() on ptolemy.moml.MoMLSimpleApplication@3b5c61e9
----------------- Done invoking toplevel() on ptolemy.moml.MoMLSimpleApplication@3b5c61e9
reloadAllAccessors: .DEInPNInRunCompositeActor

===========================================================================================
----------------- testing Fri Aug 03 01:42:19 UTC 2018 /home/travis/build/icyphy/ptII/ptolemy/actor/lib/hoc/test/auto/DFTSubSetTest.xml
----------------- Instantiating /home/travis/build/icyphy/ptII/ptolemy/actor/lib/hoc/test/auto/DFTSubSetTest.xml
163 ms. Memory: 208384K Free: 146227K (70%)
----------------- Invoking toplevel() on ptolemy.moml.MoMLSimpleApplication@5f3191d8
----------------- Done invoking toplevel() on ptolemy.moml.MoMLSimpleApplication@5f3191d8
reloadAllAccessors: .DFTSubSetTest

===========================================================================================
----------------- testing Fri Aug 03 01:42:19 UTC 2018 /home/travis/build/icyphy/ptII/ptolemy/actor/lib/hoc/test/auto/HocDE.xml
----------------- Instantiating /home/travis/build/icyphy/ptII/ptolemy/actor/lib/hoc/test/auto/HocDE.xml
126 ms. Memory: 208384K Free: 118734K (57%)
----------------- Invoking toplevel() on ptolemy.moml.MoMLSimpleApplication@4fb21f2a
----------------- Done invoking toplevel() on ptolemy.moml.MoMLSimpleApplication@4fb21f2a
reloadAllAccessors: .HocDE

===========================================================================================
----------------- testing Fri Aug 03 01:42:19 UTC 2018 /home/travis/build/icyphy/ptII/ptolemy/actor/lib/hoc/test/auto/IterateOverArray.xml
----------------- Instantiating /home/travis/build/icyphy/ptII/ptolemy/actor/lib/hoc/test/auto/IterateOverArray.xml
7 ms. Memory: 208384K Free: 114294K (55%)
----------------- Invoking toplevel() on ptolemy.moml.MoMLSimpleApplication@4de91f26
----------------- Done invoking toplevel() on ptolemy.moml.MoMLSimpleApplication@4de91f26
reloadAllAccessors: .IterateOverArray

===========================================================================================
----------------- testing Fri Aug 03 01:42:19 UTC 2018 /home/travis/build/icyphy/ptII/ptolemy/actor/lib/hoc/test/auto/IterateOverArray10.xml
----------------- Instantiating /home/travis/build/icyphy/ptII/ptolemy/actor/lib/hoc/test/auto/IterateOverArray10.xml
5 ms. Memory: 208384K Free: 110208K (53%)
----------------- Invoking toplevel() on ptolemy.moml.MoMLSimpleApplication@4c2451f
----------------- Done invoking toplevel() on ptolemy.moml.MoMLSimpleApplication@4c2451f
reloadAllAccessors: .IterateOverArray10

===========================================================================================
----------------- testing Fri Aug 03 01:42:19 UTC 2018 /home/travis/build/icyphy/ptII/ptolemy/actor/lib/hoc/test/auto/IterateOverArray11.xml
----------------- Instantiating /home/travis/build/icyphy/ptII/ptolemy/actor/lib/hoc/test/auto/IterateOverArray11.xml
8 ms. Memory: 208384K Free: 105767K (51%)
----------------- Invoking toplevel() on ptolemy.moml.MoMLSimpleApplication@27224d2e
----------------- Done invoking toplevel() on ptolemy.moml.MoMLSimpleApplication@27224d2e
reloadAllAccessors: .IterateOverArray11

===========================================================================================
----------------- testing Fri Aug 03 01:42:19 UTC 2018 /home/travis/build/icyphy/ptII/ptolemy/actor/lib/hoc/test/auto/IterateOverArray12.xml
----------------- Instantiating /home/travis/build/icyphy/ptII/ptolemy/actor/lib/hoc/test/auto/IterateOverArray12.xml
19 ms. Memory: 208384K Free: 98715K (47%)
----------------- Invoking toplevel() on ptolemy.moml.MoMLSimpleApplication@473e5152
----------------- Done invoking toplevel() on ptolemy.moml.MoMLSimpleApplication@473e5152
reloadAllAccessors: .IterateOverArray12

===========================================================================================
----------------- testing Fri Aug 03 01:42:19 UTC 2018 /home/travis/build/icyphy/ptII/ptolemy/actor/lib/hoc/test/auto/IterateOverArray13.xml
----------------- Instantiating /home/travis/build/icyphy/ptII/ptolemy/actor/lib/hoc/test/auto/IterateOverArray13.xml
97 ms. Memory: 331776K Free: 315249K (95%)
----------------- Invoking toplevel() on ptolemy.moml.MoMLSimpleApplication@2df774e3
----------------- Done invoking toplevel() on ptolemy.moml.MoMLSimpleApplication@2df774e3
reloadAllAccessors: .IterateOverArray13

===========================================================================================
----------------- testing Fri Aug 03 01:42:20 UTC 2018 /home/travis/build/icyphy/ptII/ptolemy/actor/lib/hoc/test/auto/IterateOverArray14.xml
----------------- Instantiating /home/travis/build/icyphy/ptII/ptolemy/actor/lib/hoc/test/auto/IterateOverArray14.xml
63 ms. Memory: 331776K Free: 278242K (84%)
----------------- Invoking toplevel() on ptolemy.moml.MoMLSimpleApplication@19d0896b
----------------- Done invoking toplevel() on ptolemy.moml.MoMLSimpleApplication@19d0896b
reloadAllAccessors: .IterateOverArray14

===========================================================================================
----------------- testing Fri Aug 03 01:42:20 UTC 2018 /home/travis/build/icyphy/ptII/ptolemy/actor/lib/hoc/test/auto/IterateOverArray2.xml
----------------- Instantiating /home/travis/build/icyphy/ptII/ptolemy/actor/lib/hoc/test/auto/IterateOverArray2.xml
8 ms. Memory: 331776K Free: 273305K (82%)
----------------- Invoking toplevel() on ptolemy.moml.MoMLSimpleApplication@46635914
----------------- Done invoking toplevel() on ptolemy.moml.MoMLSimpleApplication@46635914
reloadAllAccessors: .IterateOverArray2

===========================================================================================
----------------- testing Fri Aug 03 01:42:20 UTC 2018 /home/travis/build/icyphy/ptII/ptolemy/actor/lib/hoc/test/auto/IterateOverArray3.xml
----------------- Instantiating /home/travis/build/icyphy/ptII/ptolemy/actor/lib/hoc/test/auto/IterateOverArray3.xml
16 ms. Memory: 331776K Free: 265592K (80%)
----------------- Invoking toplevel() on ptolemy.moml.MoMLSimpleApplication@3448356b
----------------- Done invoking toplevel() on ptolemy.moml.MoMLSimpleApplication@3448356b
reloadAllAccessors: .IterateOverArray3

===========================================================================================
----------------- testing Fri Aug 03 01:42:20 UTC 2018 /home/travis/build/icyphy/ptII/ptolemy/actor/lib/hoc/test/auto/IterateOverArray4.xml
----------------- Instantiating /home/travis/build/icyphy/ptII/ptolemy/actor/lib/hoc/test/auto/IterateOverArray4.xml
8 ms. Memory: 331776K Free: 260687K (79%)
----------------- Invoking toplevel() on ptolemy.moml.MoMLSimpleApplication@6d584c5a
----------------- Done invoking toplevel() on ptolemy.moml.MoMLSimpleApplication@6d584c5a
reloadAllAccessors: .IterateOverArray4

===========================================================================================
----------------- testing Fri Aug 03 01:42:20 UTC 2018 /home/travis/build/icyphy/ptII/ptolemy/actor/lib/hoc/test/auto/IterateOverArray5.xml
----------------- Instantiating /home/travis/build/icyphy/ptII/ptolemy/actor/lib/hoc/test/auto/IterateOverArray5.xml
4 ms. Memory: 331776K Free: 255782K (77%)
----------------- Invoking toplevel() on ptolemy.moml.MoMLSimpleApplication@371594fd
----------------- Done invoking toplevel() on ptolemy.moml.MoMLSimpleApplication@371594fd
reloadAllAccessors: .IterateOverArray5

===========================================================================================
----------------- testing Fri Aug 03 01:42:20 UTC 2018 /home/travis/build/icyphy/ptII/ptolemy/actor/lib/hoc/test/auto/IterateOverArray6.xml
----------------- Instantiating /home/travis/build/icyphy/ptII/ptolemy/actor/lib/hoc/test/auto/IterateOverArray6.xml
3 ms. Memory: 331776K Free: 251012K (76%)
----------------- Invoking toplevel() on ptolemy.moml.MoMLSimpleApplication@3e66531a
----------------- Done invoking toplevel() on ptolemy.moml.MoMLSimpleApplication@3e66531a
reloadAllAccessors: .IterateOverArray6

===========================================================================================
----------------- testing Fri Aug 03 01:42:20 UTC 2018 /home/travis/build/icyphy/ptII/ptolemy/actor/lib/hoc/test/auto/IterateOverArray7.xml
----------------- Instantiating /home/travis/build/icyphy/ptII/ptolemy/actor/lib/hoc/test/auto/IterateOverArray7.xml
5 ms. Memory: 331776K Free: 245118K (74%)
----------------- Invoking toplevel() on ptolemy.moml.MoMLSimpleApplication@7a038feb
----------------- Done invoking toplevel() on ptolemy.moml.MoMLSimpleApplication@7a038feb
reloadAllAccessors: .IterateOverArray7

===========================================================================================
----------------- testing Fri Aug 03 01:42:20 UTC 2018 /home/travis/build/icyphy/ptII/ptolemy/actor/lib/hoc/test/auto/IterateOverArray8.xml
----------------- Instantiating /home/travis/build/icyphy/ptII/ptolemy/actor/lib/hoc/test/auto/IterateOverArray8.xml
4 ms. Memory: 331776K Free: 239368K (72%)
----------------- Invoking toplevel() on ptolemy.moml.MoMLSimpleApplication@5cb8e690
----------------- Done invoking toplevel() on ptolemy.moml.MoMLSimpleApplication@5cb8e690
reloadAllAccessors: .IterateOverArray8

===========================================================================================
----------------- testing Fri Aug 03 01:42:20 UTC 2018 /home/travis/build/icyphy/ptII/ptolemy/actor/lib/hoc/test/auto/IterateOverArray9.xml
----------------- Instantiating /home/travis/build/icyphy/ptII/ptolemy/actor/lib/hoc/test/auto/IterateOverArray9.xml
8 ms. Memory: 331776K Free: 233466K (70%)
----------------- Invoking toplevel() on ptolemy.moml.MoMLSimpleApplication@b3573de
----------------- Done invoking toplevel() on ptolemy.moml.MoMLSimpleApplication@b3573de
reloadAllAccessors: .IterateOverArray9

===========================================================================================
----------------- testing Fri Aug 03 01:42:20 UTC 2018 /home/travis/build/icyphy/ptII/ptolemy/actor/lib/hoc/test/auto/IterateOverArrayCoercedOutputType.xml
----------------- Instantiating /home/travis/build/icyphy/ptII/ptolemy/actor/lib/hoc/test/auto/IterateOverArrayCoercedOutputType.xml
4 ms. Memory: 331776K Free: 227580K (69%)
----------------- Invoking toplevel() on ptolemy.moml.MoMLSimpleApplication@ca96886
----------------- Done invoking toplevel() on ptolemy.moml.MoMLSimpleApplication@ca96886
reloadAllAccessors: .IterateOverArrayCoercedOutputType

===========================================================================================
----------------- testing Fri Aug 03 01:42:20 UTC 2018 /home/travis/build/icyphy/ptII/ptolemy/actor/lib/hoc/test/auto/IterateOverArrayInferredOutputType.xml
----------------- Instantiating /home/travis/build/icyphy/ptII/ptolemy/actor/lib/hoc/test/auto/IterateOverArrayInferredOutputType.xml
8 ms. Memory: 331776K Free: 220848K (67%)
----------------- Invoking toplevel() on ptolemy.moml.MoMLSimpleApplication@540a608e
----------------- Done invoking toplevel() on ptolemy.moml.MoMLSimpleApplication@540a608e
reloadAllAccessors: .IterateOverArrayInferredOutputType

===========================================================================================
----------------- testing Fri Aug 03 01:42:20 UTC 2018 /home/travis/build/icyphy/ptII/ptolemy/actor/lib/hoc/test/auto/MobileFunctionTest.xml
----------------- Instantiating /home/travis/build/icyphy/ptII/ptolemy/actor/lib/hoc/test/auto/MobileFunctionTest.xml
6 ms. Memory: 331776K Free: 215927K (65%)
----------------- Invoking toplevel() on ptolemy.moml.MoMLSimpleApplication@488086c6
----------------- Done invoking toplevel() on ptolemy.moml.MoMLSimpleApplication@488086c6
reloadAllAccessors: .MobileFunctionTest

===========================================================================================
----------------- testing Fri Aug 03 01:42:20 UTC 2018 /home/travis/build/icyphy/ptII/ptolemy/actor/lib/hoc/test/auto/MobileModelTest.xml
----------------- Instantiating /home/travis/build/icyphy/ptII/ptolemy/actor/lib/hoc/test/auto/MobileModelTest.xml
99 ms. Memory: 331776K Free: 195310K (59%)
----------------- Invoking toplevel() on ptolemy.moml.MoMLSimpleApplication@448a07ab
----------------- Done invoking toplevel() on ptolemy.moml.MoMLSimpleApplication@448a07ab
reloadAllAccessors: .MobileModelTest

===========================================================================================
----------------- testing Fri Aug 03 01:42:20 UTC 2018 /home/travis/build/icyphy/ptII/ptolemy/actor/lib/hoc/test/auto/ModelReference.xml
----------------- Instantiating /home/travis/build/icyphy/ptII/ptolemy/actor/lib/hoc/test/auto/ModelReference.xml
5 ms. Memory: 331776K Free: 186552K (56%)
2 ms. Memory: 331776K Free: 185555K (56%)
2 ms. Memory: 331776K Free: 184558K (56%)
1 ms. Memory: 331776K Free: 183577K (55%)
1 ms. Memory: 331776K Free: 182596K (55%)
1 ms. Memory: 331776K Free: 182596K (55%)
1 ms. Memory: 331776K Free: 181615K (55%)
1 ms. Memory: 331776K Free: 180618K (54%)
6 ms. Memory: 331776K Free: 179629K (54%)
3 ms. Memory: 331776K Free: 178648K (54%)
31 ms. Memory: 331776K Free: 178648K (54%)
----------------- Invoking toplevel() on ptolemy.moml.MoMLSimpleApplication@144b4f31
----------------- Done invoking toplevel() on ptolemy.moml.MoMLSimpleApplication@144b4f31
reloadAllAccessors: .ModelReference

===========================================================================================
----------------- testing Fri Aug 03 01:42:20 UTC 2018 /home/travis/build/icyphy/ptII/ptolemy/actor/lib/hoc/test/auto/ModelReference3.xml
----------------- Instantiating /home/travis/build/icyphy/ptII/ptolemy/actor/lib/hoc/test/auto/ModelReference3.xml
1 ms. Memory: 331776K Free: 173695K (52%)
5 ms. Memory: 331776K Free: 172698K (52%)
2 ms. Memory: 331776K Free: 171701K (52%)
3 ms. Memory: 331776K Free: 170704K (51%)
1 ms. Memory: 331776K Free: 170704K (51%)
2 ms. Memory: 331776K Free: 169707K (51%)
2 ms. Memory: 331776K Free: 168710K (51%)
4 ms. Memory: 331776K Free: 167721K (51%)
2 ms. Memory: 331776K Free: 166724K (50%)
1 ms. Memory: 331776K Free: 165743K (50%)
32 ms. Memory: 331776K Free: 165743K (50%)
----------------- Invoking toplevel() on ptolemy.moml.MoMLSimpleApplication@1fd1e252
----------------- Done invoking toplevel() on ptolemy.moml.MoMLSimpleApplication@1fd1e252
reloadAllAccessors: .ModelReference3

===========================================================================================
----------------- testing Fri Aug 03 01:42:20 UTC 2018 /home/travis/build/icyphy/ptII/ptolemy/actor/lib/hoc/test/auto/ModelReference4.xml
----------------- Instantiating /home/travis/build/icyphy/ptII/ptolemy/actor/lib/hoc/test/auto/ModelReference4.xml
3 ms. Memory: 331776K Free: 159976K (48%)
11 ms. Memory: 331776K Free: 158006K (48%)
9 ms. Memory: 331776K Free: 157025K (47%)
6 ms. Memory: 331776K Free: 156044K (47%)
2 ms. Memory: 331776K Free: 155063K (47%)
8 ms. Memory: 331776K Free: 153085K (46%)
3 ms. Memory: 331776K Free: 152104K (46%)
5 ms. Memory: 331776K Free: 151123K (46%)
10 ms. Memory: 331776K Free: 150142K (45%)
3 ms. Memory: 331776K Free: 149161K (45%)
10022 ms. Memory: 331776K Free: 149161K (45%)
----------------- Invoking toplevel() on ptolemy.moml.MoMLSimpleApplication@1a3e1839
----------------- Done invoking toplevel() on ptolemy.moml.MoMLSimpleApplication@1a3e1839
reloadAllAccessors: .ModelReference4

===========================================================================================
----------------- testing Fri Aug 03 01:42:30 UTC 2018 /home/travis/build/icyphy/ptII/ptolemy/actor/lib/hoc/test/auto/MultiInstanceComposite.xml
----------------- Instantiating /home/travis/build/icyphy/ptII/ptolemy/actor/lib/hoc/test/auto/MultiInstanceComposite.xml
24 ms. Memory: 331776K Free: 133297K (40%)
----------------- Invoking toplevel() on ptolemy.moml.MoMLSimpleApplication@7158ba23
----------------- Done invoking toplevel() on ptolemy.moml.MoMLSimpleApplication@7158ba23
reloadAllAccessors: .MultiInstanceComposite

===========================================================================================
----------------- testing Fri Aug 03 01:42:30 UTC 2018 /home/travis/build/icyphy/ptII/ptolemy/actor/lib/hoc/test/auto/MultiInstanceComposite2.xml
----------------- Instantiating /home/travis/build/icyphy/ptII/ptolemy/actor/lib/hoc/test/auto/MultiInstanceComposite2.xml
25 ms. Memory: 331776K Free: 120480K (36%)
----------------- Invoking toplevel() on ptolemy.moml.MoMLSimpleApplication@39d96d07
----------------- Done invoking toplevel() on ptolemy.moml.MoMLSimpleApplication@39d96d07
reloadAllAccessors: .MultiInstanceComposite2

===========================================================================================
----------------- testing Fri Aug 03 01:42:30 UTC 2018 /home/travis/build/icyphy/ptII/ptolemy/actor/lib/hoc/test/auto/MulticoreExecution.xml
----------------- Instantiating /home/travis/build/icyphy/ptII/ptolemy/actor/lib/hoc/test/auto/MulticoreExecution.xml
Fired ExecutionTime: 4000000
Fired ExecutionTime: 7200000
Fired ExecutionTime: 15200000
Fired ExecutionTime: 5200000
Fired ExecutionTime: 12000000
Fired ExecutionTime: 12400000
Fired ExecutionTime: 11600000
Fired ExecutionTime: 12000000
Fired ExecutionTime: 22400000
Fired ExecutionTime: 22800000
Fired ExecutionTime: 26400000
Fired ExecutionTime: 30800000
Fired ExecutionTime: 24800000
Fired ExecutionTime: 46800000
Fired ExecutionTime: 58800000
Fired ExecutionTime: 70800000
Fired ExecutionTime: 65200000
Fired ExecutionTime: 67200000
Fired ExecutionTime: 38400000
Fired ExecutionTime: 55200000
1083 ms. Memory: 331776K Free: 107798K (32%)
----------------- Invoking toplevel() on ptolemy.moml.MoMLSimpleApplication@667f13a9
----------------- Done invoking toplevel() on ptolemy.moml.MoMLSimpleApplication@667f13a9
reloadAllAccessors: .MulticoreExecution

===========================================================================================
----------------- testing Fri Aug 03 01:42:32 UTC 2018 /home/travis/build/icyphy/ptII/ptolemy/actor/lib/hoc/test/auto/ParallelExecution.xml
----------------- Instantiating /home/travis/build/icyphy/ptII/ptolemy/actor/lib/hoc/test/auto/ParallelExecution.xml
918 ms. Memory: 331776K Free: 97948K (30%)
----------------- Invoking toplevel() on ptolemy.moml.MoMLSimpleApplication@7859b7a0
----------------- Done invoking toplevel() on ptolemy.moml.MoMLSimpleApplication@7859b7a0
reloadAllAccessors: .ParallelExecution

===========================================================================================
----------------- testing Fri Aug 03 01:42:33 UTC 2018 /home/travis/build/icyphy/ptII/ptolemy/actor/lib/hoc/test/auto/RunCompositeActor.xml
----------------- Instantiating /home/travis/build/icyphy/ptII/ptolemy/actor/lib/hoc/test/auto/RunCompositeActor.xml
8 ms. Memory: 331776K Free: 89190K (27%)
----------------- Invoking toplevel() on ptolemy.moml.MoMLSimpleApplication@2b37ad65
----------------- Done invoking toplevel() on ptolemy.moml.MoMLSimpleApplication@2b37ad65
reloadAllAccessors: .RunCompositeActor

===========================================================================================
----------------- testing Fri Aug 03 01:42:33 UTC 2018 /home/travis/build/icyphy/ptII/ptolemy/actor/lib/hoc/test/auto/RunCompositeActor2.xml
----------------- Instantiating /home/travis/build/icyphy/ptII/ptolemy/actor/lib/hoc/test/auto/RunCompositeActor2.xml
12 ms. Memory: 331776K Free: 82275K (25%)
----------------- Invoking toplevel() on ptolemy.moml.MoMLSimpleApplication@3fdd1fb2
----------------- Done invoking toplevel() on ptolemy.moml.MoMLSimpleApplication@3fdd1fb2
reloadAllAccessors: .RunCompositeActor2

===========================================================================================
----------------- testing Fri Aug 03 01:42:33 UTC 2018 /home/travis/build/icyphy/ptII/ptolemy/actor/lib/hoc/test/auto/RunCompositeActor3.xml
----------------- Instantiating /home/travis/build/icyphy/ptII/ptolemy/actor/lib/hoc/test/auto/RunCompositeActor3.xml
4 ms. Memory: 318464K Free: 306771K (96%)
----------------- Invoking toplevel() on ptolemy.moml.MoMLSimpleApplication@38920c3d
----------------- Done invoking toplevel() on ptolemy.moml.MoMLSimpleApplication@38920c3d
reloadAllAccessors: .RunCompositeActor3

===========================================================================================
----------------- testing Fri Aug 03 01:42:33 UTC 2018 /home/travis/build/icyphy/ptII/ptolemy/actor/lib/hoc/test/auto/RunCompositeActor4.xml
----------------- Instantiating /home/travis/build/icyphy/ptII/ptolemy/actor/lib/hoc/test/auto/RunCompositeActor4.xml
14 ms. Memory: 318464K Free: 295029K (93%)
----------------- Invoking toplevel() on ptolemy.moml.MoMLSimpleApplication@28e15cf2
----------------- Done invoking toplevel() on ptolemy.moml.MoMLSimpleApplication@28e15cf2
reloadAllAccessors: .RunCompositeActor4

===========================================================================================
----------------- testing Fri Aug 03 01:42:33 UTC 2018 /home/travis/build/icyphy/ptII/ptolemy/actor/lib/hoc/test/auto/RunCompositeIterateOverArray.xml
----------------- Instantiating /home/travis/build/icyphy/ptII/ptolemy/actor/lib/hoc/test/auto/RunCompositeIterateOverArray.xml
10 ms. Memory: 318464K Free: 282684K (89%)
----------------- Invoking toplevel() on ptolemy.moml.MoMLSimpleApplication@6a3326bf
----------------- Done invoking toplevel() on ptolemy.moml.MoMLSimpleApplication@6a3326bf
reloadAllAccessors: .RunCompositeIterateOverArray

===========================================================================================
----------------- testing Fri Aug 03 01:42:33 UTC 2018 /home/travis/build/icyphy/ptII/ptolemy/actor/lib/hoc/test/auto/ThreadedJS.xml
----------------- Instantiating /home/travis/build/icyphy/ptII/ptolemy/actor/lib/hoc/test/auto/ThreadedJS.xml
1650 ms. Memory: 290816K Free: 138646K (48%)
----------------- Invoking toplevel() on ptolemy.moml.MoMLSimpleApplication@371b2820
----------------- Done invoking toplevel() on ptolemy.moml.MoMLSimpleApplication@371b2820
reloadAllAccessors: .ThreadedJS
AutoTests.java: About to close Vertx.
AutoTests.java: Vertx closed.
]]></system-out>
  <system-err><![CDATA[java.lang.RuntimeException: Execution failed
	at ptolemy.moml.MoMLSimpleApplication$UnloadThread.run(MoMLSimpleApplication.java:402)
Caused by: ptolemy.kernel.util.IllegalActionException: initialize() was called after wrapup() was called but preinitialize() was not called after wrapup().
	at ptolemy.actor.lib.hoc.test.PreinitializeMustBeInvoked.initialize(PreinitializeMustBeInvoked.java:78)
	at ptolemy.actor.Director.initialize(Director.java:938)
	at ptolemy.actor.Director.initialize(Director.java:907)
	at ptolemy.actor.sched.StaticSchedulingDirector.initialize(StaticSchedulingDirector.java:159)
	at ptolemy.domains.sdf.kernel.SDFDirector.initialize(SDFDirector.java:544)
	at ptolemy.actor.CompositeActor.initialize(CompositeActor.java:935)
	at ptolemy.actor.lib.hoc.LifeCycleManager._executeInsideModel(LifeCycleManager.java:339)
	at ptolemy.actor.lib.hoc.RunCompositeActor.fire(RunCompositeActor.java:205)
	at ptolemy.actor.CompositeActor.iterate(CompositeActor.java:1146)
	at ptolemy.actor.sched.StaticSchedulingDirector.fire(StaticSchedulingDirector.java:216)
	at ptolemy.domains.sdf.kernel.SDFDirector.fire(SDFDirector.java:500)
	at ptolemy.actor.CompositeActor.fire(CompositeActor.java:455)
	at ptolemy.actor.Manager.iterate(Manager.java:851)
	at ptolemy.actor.Manager.execute(Manager.java:369)
	at ptolemy.actor.Manager.run(Manager.java:1263)
	at ptolemy.actor.Manager$PtolemyRunThread.run(Manager.java:1915)
java.lang.reflect.InvocationTargetException
	at sun.reflect.NativeConstructorAccessorImpl.newInstance0(Native Method)
	at sun.reflect.NativeConstructorAccessorImpl.newInstance(NativeConstructorAccessorImpl.java:62)
	at sun.reflect.DelegatingConstructorAccessorImpl.newInstance(DelegatingConstructorAccessorImpl.java:45)
	at java.lang.reflect.Constructor.newInstance(Constructor.java:423)
	at ptolemy.util.test.junit.AutoKnownFailedTests.RunModel(AutoKnownFailedTests.java:107)
	at sun.reflect.NativeMethodAccessorImpl.invoke0(Native Method)
	at sun.reflect.NativeMethodAccessorImpl.invoke(NativeMethodAccessorImpl.java:62)
	at sun.reflect.DelegatingMethodAccessorImpl.invoke(DelegatingMethodAccessorImpl.java:43)
	at java.lang.reflect.Method.invoke(Method.java:498)
	at org.junit.runners.model.FrameworkMethod$1.runReflectiveCall(FrameworkMethod.java:44)
	at org.junit.internal.runners.model.ReflectiveCallable.run(ReflectiveCallable.java:15)
	at org.junit.runners.model.FrameworkMethod.invokeExplosively(FrameworkMethod.java:41)
	at junitparams.internal.InvokeParameterisedMethod.evaluate(InvokeParameterisedMethod.java:102)
	at org.junit.internal.runners.statements.FailOnTimeout$1.run(FailOnTimeout.java:28)
Caused by: ptolemy.kernel.util.IllegalActionException: initialize() was called after wrapup() was called but preinitialize() was not called after wrapup().
	at ptolemy.actor.lib.hoc.test.PreinitializeMustBeInvoked.initialize(PreinitializeMustBeInvoked.java:78)
	at ptolemy.actor.Director.initialize(Director.java:938)
	at ptolemy.actor.Director.initialize(Director.java:907)
	at ptolemy.actor.sched.StaticSchedulingDirector.initialize(StaticSchedulingDirector.java:159)
	at ptolemy.domains.sdf.kernel.SDFDirector.initialize(SDFDirector.java:544)
	at ptolemy.actor.CompositeActor.initialize(CompositeActor.java:935)
	at ptolemy.actor.lib.hoc.LifeCycleManager._executeInsideModel(LifeCycleManager.java:339)
	at ptolemy.actor.lib.hoc.RunCompositeActor.fire(RunCompositeActor.java:205)
	at ptolemy.actor.CompositeActor.iterate(CompositeActor.java:1146)
	at ptolemy.actor.sched.StaticSchedulingDirector.fire(StaticSchedulingDirector.java:216)
	at ptolemy.domains.sdf.kernel.SDFDirector.fire(SDFDirector.java:500)
	at ptolemy.actor.CompositeActor.fire(CompositeActor.java:455)
	at ptolemy.actor.Manager.iterate(Manager.java:851)
	at ptolemy.actor.Manager.execute(Manager.java:369)
	at ptolemy.actor.Manager.run(Manager.java:1263)
	at ptolemy.actor.Manager$PtolemyRunThread.run(Manager.java:1915)
]]></system-err>
</testsuite>
