<?xml version="1.0" encoding="UTF-8" ?>
<testsuite errors="0" failures="0" hostname="travis-job-957f30b8-7150-4161-95b9-c85d32e8a33c" name="ptolemy.domains.de.test.junit.JUnitTclTest" skipped="0" tests="101" time="134.709" timestamp="2019-07-22T01:12:39">
  <properties>
[...]
</properties>
  <testcase classname="ptolemy.util.test.junit.TclTests" name="[0] /home/travis/build/icyphy/ptII/ptolemy/domains/de/test/DependencyLoop.tcl (RunTclFile)" time="1.07" />
  <testcase classname="ptolemy.util.test.junit.TclTests" name="[1] /home/travis/build/icyphy/ptII/ptolemy/domains/de/test/RunDETestsAsQSS.tcl (RunTclFile)" time="91.62" />
  <testcase classname="ptolemy.util.test.junit.AutoKnownFailedTests" name="[0] /home/travis/build/icyphy/ptII/ptolemy/domains/de/test/auto/knownFailedTests/DESDFClockTest.xml (RunModel)" time="2.042" />
  <testcase classname="ptolemy.util.test.junit.AutoKnownFailedTests" name="[1] /home/travis/build/icyphy/ptII/ptolemy/domains/de/test/auto/knownFailedTests/DirectFeedback.xml (RunModel)" time="0.018" />
  <testcase classname="ptolemy.util.test.junit.AutoKnownFailedTests" name="[2] /home/travis/build/icyphy/ptII/ptolemy/domains/de/test/auto/knownFailedTests/FSMSource.xml (RunModel)" time="0.034" />
  <testcase classname="ptolemy.util.test.junit.AutoKnownFailedTests" name="[3] /home/travis/build/icyphy/ptII/ptolemy/domains/de/test/auto/knownFailedTests/HierarchicalModel.xml (RunModel)" time="0.049" />
  <testcase classname="ptolemy.util.test.junit.AutoKnownFailedTests" name="[4] /home/travis/build/icyphy/ptII/ptolemy/domains/de/test/auto/knownFailedTests/dependencyLoop.xml (RunModel)" time="0.05" />
  <testcase classname="ptolemy.util.test.junit.AutoKnownFailedTests" name="[5] /home/travis/build/icyphy/ptII/ptolemy/domains/de/test/auto/knownFailedTests/dependencyLoop2.xml (RunModel)" time="0.044" />
  <testcase classname="ptolemy.util.test.junit.AutoNameArchTests" name="[0] ThereAreNoAutoArchTests (RunModel)" time="0.001" />
  <testcase classname="ptolemy.util.test.junit.AutoTests" name="[0] /home/travis/build/icyphy/ptII/ptolemy/domains/de/test/auto/ActorDepthCalculation_actorWithoutPorts.xml (RunModel)" time="0.019" />
  <testcase classname="ptolemy.util.test.junit.AutoTests" name="[1] /home/travis/build/icyphy/ptII/ptolemy/domains/de/test/auto/AssemblyLine.xml (RunModel)" time="0.02" />
  <testcase classname="ptolemy.util.test.junit.AutoTests" name="[2] /home/travis/build/icyphy/ptII/ptolemy/domains/de/test/auto/CQBug1.xml (RunModel)" time="0.007" />
  <testcase classname="ptolemy.util.test.junit.AutoTests" name="[3] /home/travis/build/icyphy/ptII/ptolemy/domains/de/test/auto/CancelFireAt.xml (RunModel)" time="0.011" />
  <testcase classname="ptolemy.util.test.junit.AutoTests" name="[4] /home/travis/build/icyphy/ptII/ptolemy/domains/de/test/auto/CausalityAndComposabilityAnalysis.xml (RunModel)" time="0.025" />
  <testcase classname="ptolemy.util.test.junit.AutoTests" name="[5] /home/travis/build/icyphy/ptII/ptolemy/domains/de/test/auto/CausalityInterface1.xml (RunModel)" time="0.017" />
  <testcase classname="ptolemy.util.test.junit.AutoTests" name="[6] /home/travis/build/icyphy/ptII/ptolemy/domains/de/test/auto/CausalityInterface15.xml (RunModel)" time="0.018" />
  <testcase classname="ptolemy.util.test.junit.AutoTests" name="[7] /home/travis/build/icyphy/ptII/ptolemy/domains/de/test/auto/CausalityInterface2.xml (RunModel)" time="0.014" />
  <testcase classname="ptolemy.util.test.junit.AutoTests" name="[8] /home/travis/build/icyphy/ptII/ptolemy/domains/de/test/auto/CausalityInterface3.xml (RunModel)" time="0.012" />
  <testcase classname="ptolemy.util.test.junit.AutoTests" name="[9] /home/travis/build/icyphy/ptII/ptolemy/domains/de/test/auto/ClockDrift.xml (RunModel)" time="0.036" />
  <testcase classname="ptolemy.util.test.junit.AutoTests" name="[10] /home/travis/build/icyphy/ptII/ptolemy/domains/de/test/auto/ClockDriftAndValueChange.xml (RunModel)" time="0.034" />
  <testcase classname="ptolemy.util.test.junit.AutoTests" name="[11] /home/travis/build/icyphy/ptII/ptolemy/domains/de/test/auto/ClockDriftChange.xml (RunModel)" time="0.031" />
  <testcase classname="ptolemy.util.test.junit.AutoTests" name="[12] /home/travis/build/icyphy/ptII/ptolemy/domains/de/test/auto/ComposableCausalityAnalysis.xml (RunModel)" time="0.015" />
  <testcase classname="ptolemy.util.test.junit.AutoTests" name="[13] /home/travis/build/icyphy/ptII/ptolemy/domains/de/test/auto/DEFixedPointLimitation.xml (RunModel)" time="0.011" />
  <testcase classname="ptolemy.util.test.junit.AutoTests" name="[14] /home/travis/build/icyphy/ptII/ptolemy/domains/de/test/auto/DEScheduleTest.xml (RunModel)" time="0.013" />
  <testcase classname="ptolemy.util.test.junit.AutoTests" name="[15] /home/travis/build/icyphy/ptII/ptolemy/domains/de/test/auto/DEinDEwithStartTimes.xml (RunModel)" time="0.017" />
  <testcase classname="ptolemy.util.test.junit.AutoTests" name="[16] /home/travis/build/icyphy/ptII/ptolemy/domains/de/test/auto/DEinDEwithStartTimes2.xml (RunModel)" time="0.018" />
  <testcase classname="ptolemy.util.test.junit.AutoTests" name="[17] /home/travis/build/icyphy/ptII/ptolemy/domains/de/test/auto/DateDemo.xml (RunModel)" time="0.034" />
  <testcase classname="ptolemy.util.test.junit.AutoTests" name="[18] /home/travis/build/icyphy/ptII/ptolemy/domains/de/test/auto/DateToEvent.xml (RunModel)" time="2.045" />
  <testcase classname="ptolemy.util.test.junit.AutoTests" name="[19] /home/travis/build/icyphy/ptII/ptolemy/domains/de/test/auto/DepthTest1.xml (RunModel)" time="0.014" />
  <testcase classname="ptolemy.util.test.junit.AutoTests" name="[20] /home/travis/build/icyphy/ptII/ptolemy/domains/de/test/auto/DepthTest2.xml (RunModel)" time="0.02" />
  <testcase classname="ptolemy.util.test.junit.AutoTests" name="[21] /home/travis/build/icyphy/ptII/ptolemy/domains/de/test/auto/DepthTest3.xml (RunModel)" time="0.015" />
  <testcase classname="ptolemy.util.test.junit.AutoTests" name="[22] /home/travis/build/icyphy/ptII/ptolemy/domains/de/test/auto/DepthTest4.xml (RunModel)" time="0.019" />
  <testcase classname="ptolemy.util.test.junit.AutoTests" name="[23] /home/travis/build/icyphy/ptII/ptolemy/domains/de/test/auto/DepthTest5.xml (RunModel)" time="0.017" />
  <testcase classname="ptolemy.util.test.junit.AutoTests" name="[24] /home/travis/build/icyphy/ptII/ptolemy/domains/de/test/auto/DepthTest6.xml (RunModel)" time="0.017" />
  <testcase classname="ptolemy.util.test.junit.AutoTests" name="[25] /home/travis/build/icyphy/ptII/ptolemy/domains/de/test/auto/DepthTest7.xml (RunModel)" time="0.014" />
  <testcase classname="ptolemy.util.test.junit.AutoTests" name="[26] /home/travis/build/icyphy/ptII/ptolemy/domains/de/test/auto/EventToDate.xml (RunModel)" time="3.036" />
  <testcase classname="ptolemy.util.test.junit.AutoTests" name="[27] /home/travis/build/icyphy/ptII/ptolemy/domains/de/test/auto/FSM1.xml (RunModel)" time="0.048" />
  <testcase classname="ptolemy.util.test.junit.AutoTests" name="[28] /home/travis/build/icyphy/ptII/ptolemy/domains/de/test/auto/FSM7.xml (RunModel)" time="0.053" />
  <testcase classname="ptolemy.util.test.junit.AutoTests" name="[29] /home/travis/build/icyphy/ptII/ptolemy/domains/de/test/auto/Inspection.xml (RunModel)" time="0.048" />
  <testcase classname="ptolemy.util.test.junit.AutoTests" name="[30] /home/travis/build/icyphy/ptII/ptolemy/domains/de/test/auto/Iteration.xml (RunModel)" time="0.028" />
  <testcase classname="ptolemy.util.test.junit.AutoTests" name="[31] /home/travis/build/icyphy/ptII/ptolemy/domains/de/test/auto/LineFault.xml (RunModel)" time="0.654" />
  <testcase classname="ptolemy.util.test.junit.AutoTests" name="[32] /home/travis/build/icyphy/ptII/ptolemy/domains/de/test/auto/MergeModel1Add.xml (RunModel)" time="0.06" />
  <testcase classname="ptolemy.util.test.junit.AutoTests" name="[33] /home/travis/build/icyphy/ptII/ptolemy/domains/de/test/auto/MergeModel2Add.xml (RunModel)" time="0.046" />
  <testcase classname="ptolemy.util.test.junit.AutoTests" name="[34] /home/travis/build/icyphy/ptII/ptolemy/domains/de/test/auto/MergeModel3Add.xml (RunModel)" time="0.045" />
  <testcase classname="ptolemy.util.test.junit.AutoTests" name="[35] /home/travis/build/icyphy/ptII/ptolemy/domains/de/test/auto/MergeWithoutDiscard.xml (RunModel)" time="0.025" />
  <testcase classname="ptolemy.util.test.junit.AutoTests" name="[36] /home/travis/build/icyphy/ptII/ptolemy/domains/de/test/auto/Modal1.xml (RunModel)" time="0.037" />
  <testcase classname="ptolemy.util.test.junit.AutoTests" name="[37] /home/travis/build/icyphy/ptII/ptolemy/domains/de/test/auto/Modal2.xml (RunModel)" time="0.034" />
  <testcase classname="ptolemy.util.test.junit.AutoTests" name="[38] /home/travis/build/icyphy/ptII/ptolemy/domains/de/test/auto/Modal3.xml (RunModel)" time="0.026" />
  <testcase classname="ptolemy.util.test.junit.AutoTests" name="[39] /home/travis/build/icyphy/ptII/ptolemy/domains/de/test/auto/Modal4.xml (RunModel)" time="0.038" />
  <testcase classname="ptolemy.util.test.junit.AutoTests" name="[40] /home/travis/build/icyphy/ptII/ptolemy/domains/de/test/auto/Modal5.xml (RunModel)" time="0.039" />
  <testcase classname="ptolemy.util.test.junit.AutoTests" name="[41] /home/travis/build/icyphy/ptII/ptolemy/domains/de/test/auto/Modal6.xml (RunModel)" time="0.037" />
  <testcase classname="ptolemy.util.test.junit.AutoTests" name="[42] /home/travis/build/icyphy/ptII/ptolemy/domains/de/test/auto/Modal7.xml (RunModel)" time="0.035" />
  <testcase classname="ptolemy.util.test.junit.AutoTests" name="[43] /home/travis/build/icyphy/ptII/ptolemy/domains/de/test/auto/ModalModel.xml (RunModel)" time="0.173" />
  <testcase classname="ptolemy.util.test.junit.AutoTests" name="[44] /home/travis/build/icyphy/ptII/ptolemy/domains/de/test/auto/ModalSource.xml (RunModel)" time="0.02" />
  <testcase classname="ptolemy.util.test.junit.AutoTests" name="[45] /home/travis/build/icyphy/ptII/ptolemy/domains/de/test/auto/NonInterruptibleTimerZeroDelay.xml (RunModel)" time="0.008" />
  <testcase classname="ptolemy.util.test.junit.AutoTests" name="[46] /home/travis/build/icyphy/ptII/ptolemy/domains/de/test/auto/OpenQueueingNetwork.xml (RunModel)" time="2.461" />
  <testcase classname="ptolemy.util.test.junit.AutoTests" name="[47] /home/travis/build/icyphy/ptII/ptolemy/domains/de/test/auto/OpenQueuingNetwork.xml (RunModel)" time="0.313" />
  <testcase classname="ptolemy.util.test.junit.AutoTests" name="[48] /home/travis/build/icyphy/ptII/ptolemy/domains/de/test/auto/PeriodicSampler.xml (RunModel)" time="0.01" />
  <testcase classname="ptolemy.util.test.junit.AutoTests" name="[49] /home/travis/build/icyphy/ptII/ptolemy/domains/de/test/auto/PersistentIO.xml (RunModel)" time="0.03" />
  <testcase classname="ptolemy.util.test.junit.AutoTests" name="[50] /home/travis/build/icyphy/ptII/ptolemy/domains/de/test/auto/PortParameterResetOnInitialize.xml (RunModel)" time="0.019" />
  <testcase classname="ptolemy.util.test.junit.AutoTests" name="[51] /home/travis/build/icyphy/ptII/ptolemy/domains/de/test/auto/PortParameterUpdates.xml (RunModel)" time="0.017" />
  <testcase classname="ptolemy.util.test.junit.AutoTests" name="[52] /home/travis/build/icyphy/ptII/ptolemy/domains/de/test/auto/QueueAndServer.xml (RunModel)" time="0.02" />
  <testcase classname="ptolemy.util.test.junit.AutoTests" name="[53] /home/travis/build/icyphy/ptII/ptolemy/domains/de/test/auto/Records.xml (RunModel)" time="0.014" />
  <testcase classname="ptolemy.util.test.junit.AutoTests" name="[54] /home/travis/build/icyphy/ptII/ptolemy/domains/de/test/auto/ResetTransitionWithStartTime1.xml (RunModel)" time="0.017" />
  <testcase classname="ptolemy.util.test.junit.AutoTests" name="[55] /home/travis/build/icyphy/ptII/ptolemy/domains/de/test/auto/ResetTransitionWithStartTime2.xml (RunModel)" time="0.02" />
  <testcase classname="ptolemy.util.test.junit.AutoTests" name="[56] /home/travis/build/icyphy/ptII/ptolemy/domains/de/test/auto/ResetTransitionWithStartTime3.xml (RunModel)" time="0.019" />
  <testcase classname="ptolemy.util.test.junit.AutoTests" name="[57] /home/travis/build/icyphy/ptII/ptolemy/domains/de/test/auto/ResetTransitionWithStartTime4.xml (RunModel)" time="0.017" />
  <testcase classname="ptolemy.util.test.junit.AutoTests" name="[58] /home/travis/build/icyphy/ptII/ptolemy/domains/de/test/auto/ResettableTimer1.xml (RunModel)" time="0.009" />
  <testcase classname="ptolemy.util.test.junit.AutoTests" name="[59] /home/travis/build/icyphy/ptII/ptolemy/domains/de/test/auto/ResettableTimer2.xml (RunModel)" time="0.008" />
  <testcase classname="ptolemy.util.test.junit.AutoTests" name="[60] /home/travis/build/icyphy/ptII/ptolemy/domains/de/test/auto/ResettableTimer3.xml (RunModel)" time="0.008" />
  <testcase classname="ptolemy.util.test.junit.AutoTests" name="[61] /home/travis/build/icyphy/ptII/ptolemy/domains/de/test/auto/ResettableTimer4.xml (RunModel)" time="0.01" />
  <testcase classname="ptolemy.util.test.junit.AutoTests" name="[62] /home/travis/build/icyphy/ptII/ptolemy/domains/de/test/auto/ResettableTimer5.xml (RunModel)" time="0.015" />
  <testcase classname="ptolemy.util.test.junit.AutoTests" name="[63] /home/travis/build/icyphy/ptII/ptolemy/domains/de/test/auto/ResettableTimer6.xml (RunModel)" time="0.019" />
  <testcase classname="ptolemy.util.test.junit.AutoTests" name="[64] /home/travis/build/icyphy/ptII/ptolemy/domains/de/test/auto/ServerZeroDelay.xml (RunModel)" time="0.01" />
  <testcase classname="ptolemy.util.test.junit.AutoTests" name="[65] /home/travis/build/icyphy/ptII/ptolemy/domains/de/test/auto/SmartSender.xml (RunModel)" time="3.008" />
  <testcase classname="ptolemy.util.test.junit.AutoTests" name="[66] /home/travis/build/icyphy/ptII/ptolemy/domains/de/test/auto/ThreadedComposite.xml (RunModel)" time="0.127" />
  <testcase classname="ptolemy.util.test.junit.AutoTests" name="[67] /home/travis/build/icyphy/ptII/ptolemy/domains/de/test/auto/Time.xml (RunModel)" time="0.494" />
  <testcase classname="ptolemy.util.test.junit.AutoTests" name="[68] /home/travis/build/icyphy/ptII/ptolemy/domains/de/test/auto/TimeDelayZeroDelay.xml (RunModel)" time="0.011" />
  <testcase classname="ptolemy.util.test.junit.AutoTests" name="[69] /home/travis/build/icyphy/ptII/ptolemy/domains/de/test/auto/TimerZeroDelay.xml (RunModel)" time="0.011" />
  <testcase classname="ptolemy.util.test.junit.AutoTests" name="[70] /home/travis/build/icyphy/ptII/ptolemy/domains/de/test/auto/TimingParadox.xml (RunModel)" time="0.387" />
  <testcase classname="ptolemy.util.test.junit.AutoTests" name="[71] /home/travis/build/icyphy/ptII/ptolemy/domains/de/test/auto/TransferInputs.xml (RunModel)" time="0.02" />
  <testcase classname="ptolemy.util.test.junit.AutoTests" name="[72] /home/travis/build/icyphy/ptII/ptolemy/domains/de/test/auto/TransferOutputs2.xml (RunModel)" time="0.016" />
  <testcase classname="ptolemy.util.test.junit.AutoTests" name="[73] /home/travis/build/icyphy/ptII/ptolemy/domains/de/test/auto/Trilateration.xml (RunModel)" time="12.768" />
  <testcase classname="ptolemy.util.test.junit.AutoTests" name="[74] /home/travis/build/icyphy/ptII/ptolemy/domains/de/test/auto/TwoSigmaDelta.xml (RunModel)" time="2.25" />
  <testcase classname="ptolemy.util.test.junit.AutoTests" name="[75] /home/travis/build/icyphy/ptII/ptolemy/domains/de/test/auto/VariableDelay.xml (RunModel)" time="0.011" />
  <testcase classname="ptolemy.util.test.junit.AutoTests" name="[76] /home/travis/build/icyphy/ptII/ptolemy/domains/de/test/auto/VariableDelay2.xml (RunModel)" time="0.009" />
  <testcase classname="ptolemy.util.test.junit.AutoTests" name="[77] /home/travis/build/icyphy/ptII/ptolemy/domains/de/test/auto/VariableDelayZeroDelay.xml (RunModel)" time="0.01" />
  <testcase classname="ptolemy.util.test.junit.AutoTests" name="[78] /home/travis/build/icyphy/ptII/ptolemy/domains/de/test/auto/VariableDelayZeroDelay2.xml (RunModel)" time="0.01" />
  <testcase classname="ptolemy.util.test.junit.AutoTests" name="[79] /home/travis/build/icyphy/ptII/ptolemy/domains/de/test/auto/deInCt.xml (RunModel)" time="0.021" />
  <testcase classname="ptolemy.util.test.junit.AutoTests" name="[80] /home/travis/build/icyphy/ptII/ptolemy/domains/de/test/auto/deInCt2.xml (RunModel)" time="0.015" />
  <testcase classname="ptolemy.util.test.junit.AutoTests" name="[81] /home/travis/build/icyphy/ptII/ptolemy/domains/de/test/auto/dynamicCausalityInterface1.xml (RunModel)" time="0.023" />
  <testcase classname="ptolemy.util.test.junit.AutoTests" name="[82] /home/travis/build/icyphy/ptII/ptolemy/domains/de/test/auto/fsm_de_test.xml (RunModel)" time="0.021" />
  <testcase classname="ptolemy.util.test.junit.AutoTests" name="[83] /home/travis/build/icyphy/ptII/ptolemy/domains/de/test/auto/functionDependencyReconstruction.xml (RunModel)" time="0.029" />
  <testcase classname="ptolemy.util.test.junit.AutoTests" name="[84] /home/travis/build/icyphy/ptII/ptolemy/domains/de/test/auto/multirate.xml (RunModel)" time="0.015" />
  <testcase classname="ptolemy.util.test.junit.AutoTests" name="[85] /home/travis/build/icyphy/ptII/ptolemy/domains/de/test/auto/multirate2.xml (RunModel)" time="0.015" />
  <testcase classname="ptolemy.util.test.junit.AutoTests" name="[86] /home/travis/build/icyphy/ptII/ptolemy/domains/de/test/auto/realtime.xml (RunModel)" time="10.01" />
  <testcase classname="ptolemy.util.test.junit.AutoTests" name="[87] /home/travis/build/icyphy/ptII/ptolemy/domains/de/test/auto/relationGroup.xml (RunModel)" time="0.01" />
  <testcase classname="ptolemy.util.test.junit.AutoTests" name="[88] /home/travis/build/icyphy/ptII/ptolemy/domains/de/test/auto/relationGroup2.xml (RunModel)" time="0.013" />
  <testcase classname="ptolemy.util.test.junit.AutoTests" name="[89] /home/travis/build/icyphy/ptII/ptolemy/domains/de/test/auto/sortWithOpaquePorts.xml (RunModel)" time="0.015" />
  <testcase classname="ptolemy.util.test.junit.AutoTests" name="[90] /home/travis/build/icyphy/ptII/ptolemy/domains/de/test/auto/transferInputsandOutputs.xml (RunModel)" time="0.018" />
  <testcase classname="ptolemy.util.test.junit.AutoTests" name="[91] /home/travis/build/icyphy/ptII/ptolemy/domains/de/test/auto/triggerType.xml (RunModel)" time="0.01" />
  <system-out><![CDATA[/home/travis/build/icyphy/ptII/ptolemy/domains/de/test/DependencyLoop.tcl
testDefs.tcl: setting time out to 9000 seconds at Mon Jul 22 01:12:39 UTC 2019
88 ms. Memory: 120832K Free: 72134K (60%)
22 ms. Memory: 120832K Free: 54695K (45%)
/home/travis/build/icyphy/ptII/ptolemy/domains/de/test/RunDETestsAsQSS.tcl
Run the DE tests using ptolemy.domains.qss.test.QSSDirectorTest, which extends QSSDirector and prints a message in the constructors.
------------------ testing $PTII/ptolemy/domains/de/test/auto/knownFailedTests/DirectFeedback.xml (Known Failure) 
59 ms. Memory: 120832K Free: 48582K (40%)


==== $PTIIhome/travis/build/icyphy/ptII/ptolemy/domains/de/test/../../../../: Auto Automatic test in file $PTII/ptolemy/domains/de/test/auto/knownFailedTests/DirectFeedback.xml
==== Contents of test case:

	    # FIXME: we should use $relativeFilename here, but it
	    # might have backslashes under Windows, which causes no end
	    # of trouble.
	    createAndExecute $file
	    list {}
	
.... Test generated KNOWN error:
    while executing
ptolemy.kernel.util.IllegalActionException: Test fails in iteration 1.
Value was: 1.0. Should have been: 2.0
  in .DirectFeedback.Test
	at ptolemy.actor.lib.Test.fire(Test.java:268)
	at ptolemy.domains.de.kernel.DEDirector._fire(DEDirector.java:1949)
	at ptolemy.domains.de.kernel.DEDirector.fire(DEDirector.java:502)
	at ptolemy.actor.CompositeActor.fire(CompositeActor.java:455)
	at ptolemy.actor.Manager.iterate(Manager.java:851)
	at ptolemy.actor.Manager.execute(Manager.java:369)
	at ptolemy.actor.Manager.run(Manager.java:1263)
	at ptolemy.actor.Manager$PtolemyRunThread.run(Manager.java:1933)

    while executing
ptolemy.kernel.util.IllegalActionException: Test fails in iteration 1.
Value was: 1.0. Should have been: 2.0
  in .DirectFeedback.Test
    while executing
"java::new ptolemy.moml.MoMLSimpleApplication $file
"
    (procedure "createAndExecute" line 2)
    invoked from within
"createAndExecute $file"
    ("uplevel" body line 5)
    invoked from within
"uplevel $contents_of_test"
------------------ testing $PTII/ptolemy/domains/de/test/auto/knownFailedTests/dependencyLoop.xml (Known Failure) 
48 ms. Memory: 120832K Free: 108133K (89%)


==== $PTIIhome/travis/build/icyphy/ptII/ptolemy/domains/de/test/../../../../: Auto Automatic test in file $PTII/ptolemy/domains/de/test/auto/knownFailedTests/dependencyLoop.xml
==== Contents of test case:

	    # FIXME: we should use $relativeFilename here, but it
	    # might have backslashes under Windows, which causes no end
	    # of trouble.
	    createAndExecute $file
	    list {}
	
.... Test generated KNOWN error:
    while executing
ptolemy.kernel.util.IllegalActionException: Found a zero delay loop containing .dependencyLoop.original
  in .dependencyLoop and .dependencyLoop.original
	at ptolemy.actor.util.CausalityInterfaceForComposites._computeOutputPortDepth(CausalityInterfaceForComposites.java:759)
	at ptolemy.actor.util.CausalityInterfaceForComposites._computeInputDepth(CausalityInterfaceForComposites.java:696)
	at ptolemy.actor.util.CausalityInterfaceForComposites._computeOutputPortDepth(CausalityInterfaceForComposites.java:765)
	at ptolemy.actor.util.CausalityInterfaceForComposites._computeInputDepth(CausalityInterfaceForComposites.java:696)
	at ptolemy.actor.util.CausalityInterfaceForComposites._computeOutputPortDepth(CausalityInterfaceForComposites.java:765)
	at ptolemy.actor.util.CausalityInterfaceForComposites._computeInputDepth(CausalityInterfaceForComposites.java:696)
	at ptolemy.actor.util.CausalityInterfaceForComposites._computeActorDepth(CausalityInterfaceForComposites.java:532)
	at ptolemy.actor.util.CausalityInterfaceForComposites.checkForCycles(CausalityInterfaceForComposites.java:96)
	at ptolemy.domains.de.kernel.DEDirector.preinitialize(DEDirector.java:1338)
	at ptolemy.actor.CompositeActor.preinitialize(CompositeActor.java:1828)
	at ptolemy.actor.Manager.preinitializeAndResolveTypes(Manager.java:1040)
	at ptolemy.actor.Manager.initialize(Manager.java:710)
	at ptolemy.actor.Manager.execute(Manager.java:356)
	at ptolemy.actor.Manager.run(Manager.java:1263)
	at ptolemy.actor.Manager$PtolemyRunThread.run(Manager.java:1933)

    while executing
ptolemy.kernel.util.IllegalActionException: Found a zero delay loop containing .dependencyLoop.original
  in .dependencyLoop and .dependencyLoop.original
    while executing
"java::new ptolemy.moml.MoMLSimpleApplication $file
"
    (procedure "createAndExecute" line 2)
    invoked from within
"createAndExecute $file"
    ("uplevel" body line 5)
    invoked from within
"uplevel $contents_of_test"
------------------ testing $PTII/ptolemy/domains/de/test/auto/knownFailedTests/FSMSource.xml (Known Failure) 
79 ms. Memory: 120832K Free: 98704K (82%)
!!!! Auto was marked as failing, but now passes
------------------ testing $PTII/ptolemy/domains/de/test/auto/knownFailedTests/HierarchicalModel.xml (Known Failure) 
6 ms. Memory: 120832K Free: 81545K (67%)


==== $PTIIhome/travis/build/icyphy/ptII/ptolemy/domains/de/test/../../../../: Auto Automatic test in file $PTII/ptolemy/domains/de/test/auto/knownFailedTests/HierarchicalModel.xml
==== Contents of test case:

	    # FIXME: we should use $relativeFilename here, but it
	    # might have backslashes under Windows, which causes no end
	    # of trouble.
	    createAndExecute $file
	    list {}
	
.... Test generated KNOWN error:
    while executing
ptolemy.kernel.util.IllegalActionException: Found a zero delay loop containing .HierarchicalModel.A
  in .HierarchicalModel and .HierarchicalModel.A
	at ptolemy.actor.util.CausalityInterfaceForComposites._computeOutputPortDepth(CausalityInterfaceForComposites.java:759)
	at ptolemy.actor.util.CausalityInterfaceForComposites._computeInputDepth(CausalityInterfaceForComposites.java:696)
	at ptolemy.actor.util.CausalityInterfaceForComposites._computeOutputPortDepth(CausalityInterfaceForComposites.java:765)
	at ptolemy.actor.util.CausalityInterfaceForComposites._computeInputDepth(CausalityInterfaceForComposites.java:696)
	at ptolemy.actor.util.CausalityInterfaceForComposites._computeOutputPortDepth(CausalityInterfaceForComposites.java:765)
	at ptolemy.actor.util.CausalityInterfaceForComposites._computeInputDepth(CausalityInterfaceForComposites.java:696)
	at ptolemy.actor.util.CausalityInterfaceForComposites._computeActorDepth(CausalityInterfaceForComposites.java:532)
	at ptolemy.actor.util.CausalityInterfaceForComposites.checkForCycles(CausalityInterfaceForComposites.java:96)
	at ptolemy.domains.de.kernel.DEDirector.preinitialize(DEDirector.java:1338)
	at ptolemy.actor.CompositeActor.preinitialize(CompositeActor.java:1828)
	at ptolemy.actor.Manager.preinitializeAndResolveTypes(Manager.java:1040)
	at ptolemy.actor.Manager.initialize(Manager.java:710)
	at ptolemy.actor.Manager.execute(Manager.java:356)
	at ptolemy.actor.Manager.run(Manager.java:1263)
	at ptolemy.actor.Manager$PtolemyRunThread.run(Manager.java:1933)

    while executing
ptolemy.kernel.util.IllegalActionException: Found a zero delay loop containing .HierarchicalModel.A
  in .HierarchicalModel and .HierarchicalModel.A
    while executing
"java::new ptolemy.moml.MoMLSimpleApplication $file
"
    (procedure "createAndExecute" line 2)
    invoked from within
"createAndExecute $file"
    ("uplevel" body line 5)
    invoked from within
"uplevel $contents_of_test"
------------------ testing $PTII/ptolemy/domains/de/test/auto/knownFailedTests/dependencyLoop2.xml (Known Failure) 
26 ms. Memory: 120832K Free: 105224K (87%)


==== $PTIIhome/travis/build/icyphy/ptII/ptolemy/domains/de/test/../../../../: Auto Automatic test in file $PTII/ptolemy/domains/de/test/auto/knownFailedTests/dependencyLoop2.xml
==== Contents of test case:

	    # FIXME: we should use $relativeFilename here, but it
	    # might have backslashes under Windows, which causes no end
	    # of trouble.
	    createAndExecute $file
	    list {}
	
.... Test generated KNOWN error:
    while executing
ptolemy.kernel.util.IllegalActionException: Found a zero delay loop containing .dependencyLoop2.original
  in .dependencyLoop2 and .dependencyLoop2.original
	at ptolemy.actor.util.CausalityInterfaceForComposites._computeOutputPortDepth(CausalityInterfaceForComposites.java:759)
	at ptolemy.actor.util.CausalityInterfaceForComposites._computeInputDepth(CausalityInterfaceForComposites.java:696)
	at ptolemy.actor.util.CausalityInterfaceForComposites._computeOutputPortDepth(CausalityInterfaceForComposites.java:765)
	at ptolemy.actor.util.CausalityInterfaceForComposites._computeInputDepth(CausalityInterfaceForComposites.java:696)
	at ptolemy.actor.util.CausalityInterfaceForComposites._computeOutputPortDepth(CausalityInterfaceForComposites.java:765)
	at ptolemy.actor.util.CausalityInterfaceForComposites._computeInputDepth(CausalityInterfaceForComposites.java:696)
	at ptolemy.actor.util.CausalityInterfaceForComposites._computeActorDepth(CausalityInterfaceForComposites.java:532)
	at ptolemy.actor.util.CausalityInterfaceForComposites.checkForCycles(CausalityInterfaceForComposites.java:96)
	at ptolemy.domains.de.kernel.DEDirector.preinitialize(DEDirector.java:1338)
	at ptolemy.actor.CompositeActor.preinitialize(CompositeActor.java:1828)
	at ptolemy.actor.Manager.preinitializeAndResolveTypes(Manager.java:1040)
	at ptolemy.actor.Manager.initialize(Manager.java:710)
	at ptolemy.actor.Manager.execute(Manager.java:356)
	at ptolemy.actor.Manager.run(Manager.java:1263)
	at ptolemy.actor.Manager$PtolemyRunThread.run(Manager.java:1933)

    while executing
ptolemy.kernel.util.IllegalActionException: Found a zero delay loop containing .dependencyLoop2.original
  in .dependencyLoop2 and .dependencyLoop2.original
    while executing
"java::new ptolemy.moml.MoMLSimpleApplication $file
"
    (procedure "createAndExecute" line 2)
    invoked from within
"createAndExecute $file"
    ("uplevel" body line 5)
    invoked from within
"uplevel $contents_of_test"
------------------ testing $PTII/ptolemy/domains/de/test/auto/knownFailedTests/DESDFClockTest.xml (Known Failure) 
2084 ms. Memory: 120832K Free: 92237K (76%)


==== $PTIIhome/travis/build/icyphy/ptII/ptolemy/domains/de/test/../../../../: Auto Automatic test in file $PTII/ptolemy/domains/de/test/auto/knownFailedTests/DESDFClockTest.xml
==== Contents of test case:

	    # FIXME: we should use $relativeFilename here, but it
	    # might have backslashes under Windows, which causes no end
	    # of trouble.
	    createAndExecute $file
	    list {}
	
.... Test generated KNOWN error:
    while executing
ptolemy.kernel.util.IllegalActionException: Actor is not ready to fire.  Perhaps UpSample.prefire() returned false? Try debugging the actor by selecting "Listen to Actor".  Also, for SDF check moml for tokenConsumptionRate on input.
  in .DESDFClockTest.Play Bell.Copy1:SDF Director and .DESDFClockTest.Play Bell.UpSample
	at ptolemy.actor.sched.StaticSchedulingDirector.fire(StaticSchedulingDirector.java:227)
	at ptolemy.domains.sdf.kernel.SDFDirector.fire(SDFDirector.java:500)
	at ptolemy.actor.CompositeActor.fire(CompositeActor.java:455)
	at ptolemy.domains.de.kernel.DEDirector._fire(DEDirector.java:1949)
	at ptolemy.domains.de.kernel.DEDirector.fire(DEDirector.java:502)
	at ptolemy.actor.CompositeActor.fire(CompositeActor.java:455)
	at ptolemy.actor.Manager.iterate(Manager.java:851)
	at ptolemy.actor.Manager.execute(Manager.java:369)
	at ptolemy.actor.Manager.run(Manager.java:1263)
	at ptolemy.actor.Manager$PtolemyRunThread.run(Manager.java:1933)

    while executing
ptolemy.kernel.util.IllegalActionException: Actor is not ready to fire.  Perhaps UpSample.prefire() returned false? Try debugging the actor by selecting "Listen to Actor".  Also, for SDF check moml for tokenConsumptionRate on input.
  in .DESDFClockTest.Play Bell.Copy1:SDF Director and .DESDFClockTest.Play Bell.UpSample
    while executing
"java::new ptolemy.moml.MoMLSimpleApplication $file
"
    (procedure "createAndExecute" line 2)
    invoked from within
"createAndExecute $file"
    ("uplevel" body line 5)
    invoked from within
"uplevel $contents_of_test"
------------------ testing $PTII/ptolemy/domains/de/test/auto/ActorDepthCalculation_actorWithoutPorts.xml
auto.tcl: Setting watchdog for 200 seconds at Mon Jul 22 01:12:43 UTC 2019
5 ms. Memory: 120832K Free: 85396K (71%)
ptolemy.util.test.WatchDog.cancel(): canceling Mon Jul 22 01:12:43 UTC 2019
auto.tcl: Setting watchdog for 200 seconds at Mon Jul 22 01:12:43 UTC 2019
8 ms. Memory: 120832K Free: 83720K (69%)
ptolemy.util.test.WatchDog.cancel(): canceling Mon Jul 22 01:12:43 UTC 2019
------------------ testing $PTII/ptolemy/domains/de/test/auto/AssemblyLine.xml
auto.tcl: Setting watchdog for 200 seconds at Mon Jul 22 01:12:44 UTC 2019
17 ms. Memory: 48128K Free: 25525K (53%)
ptolemy.util.test.WatchDog.cancel(): canceling Mon Jul 22 01:12:44 UTC 2019
auto.tcl: Setting watchdog for 200 seconds at Mon Jul 22 01:12:44 UTC 2019
7 ms. Memory: 48128K Free: 24748K (51%)
ptolemy.util.test.WatchDog.cancel(): canceling Mon Jul 22 01:12:44 UTC 2019
------------------ testing $PTII/ptolemy/domains/de/test/auto/CQBug1.xml
auto.tcl: Setting watchdog for 200 seconds at Mon Jul 22 01:12:44 UTC 2019
3 ms. Memory: 48128K Free: 31615K (66%)
ptolemy.util.test.WatchDog.cancel(): canceling Mon Jul 22 01:12:44 UTC 2019
auto.tcl: Setting watchdog for 200 seconds at Mon Jul 22 01:12:44 UTC 2019
2 ms. Memory: 48128K Free: 31212K (65%)
ptolemy.util.test.WatchDog.cancel(): canceling Mon Jul 22 01:12:44 UTC 2019
------------------ testing $PTII/ptolemy/domains/de/test/auto/CancelFireAt.xml
auto.tcl: Setting watchdog for 200 seconds at Mon Jul 22 01:12:44 UTC 2019
3 ms. Memory: 48128K Free: 32781K (68%)
ptolemy.util.test.WatchDog.cancel(): canceling Mon Jul 22 01:12:44 UTC 2019
auto.tcl: Setting watchdog for 200 seconds at Mon Jul 22 01:12:44 UTC 2019
3 ms. Memory: 48128K Free: 32370K (67%)
ptolemy.util.test.WatchDog.cancel(): canceling Mon Jul 22 01:12:44 UTC 2019
------------------ testing $PTII/ptolemy/domains/de/test/auto/CausalityAndComposabilityAnalysis.xml
auto.tcl: Setting watchdog for 200 seconds at Mon Jul 22 01:12:44 UTC 2019
7 ms. Memory: 45056K Free: 27427K (61%)
ptolemy.util.test.WatchDog.cancel(): canceling Mon Jul 22 01:12:44 UTC 2019
auto.tcl: Setting watchdog for 200 seconds at Mon Jul 22 01:12:44 UTC 2019
6 ms. Memory: 45056K Free: 27025K (60%)
ptolemy.util.test.WatchDog.cancel(): canceling Mon Jul 22 01:12:44 UTC 2019
------------------ testing $PTII/ptolemy/domains/de/test/auto/CausalityInterface1.xml
auto.tcl: Setting watchdog for 200 seconds at Mon Jul 22 01:12:44 UTC 2019
36 ms. Memory: 45056K Free: 26377K (59%)
ptolemy.util.test.WatchDog.cancel(): canceling Mon Jul 22 01:12:45 UTC 2019
auto.tcl: Setting watchdog for 200 seconds at Mon Jul 22 01:12:45 UTC 2019
11 ms. Memory: 45056K Free: 25450K (56%)
ptolemy.util.test.WatchDog.cancel(): canceling Mon Jul 22 01:12:45 UTC 2019
------------------ testing $PTII/ptolemy/domains/de/test/auto/CausalityInterface15.xml
auto.tcl: Setting watchdog for 200 seconds at Mon Jul 22 01:12:45 UTC 2019
8 ms. Memory: 45056K Free: 26049K (58%)
ptolemy.util.test.WatchDog.cancel(): canceling Mon Jul 22 01:12:45 UTC 2019
auto.tcl: Setting watchdog for 200 seconds at Mon Jul 22 01:12:45 UTC 2019
4 ms. Memory: 45056K Free: 25363K (56%)
ptolemy.util.test.WatchDog.cancel(): canceling Mon Jul 22 01:12:45 UTC 2019
------------------ testing $PTII/ptolemy/domains/de/test/auto/CausalityInterface2.xml
auto.tcl: Setting watchdog for 200 seconds at Mon Jul 22 01:12:45 UTC 2019
4 ms. Memory: 45056K Free: 27096K (60%)
ptolemy.util.test.WatchDog.cancel(): canceling Mon Jul 22 01:12:45 UTC 2019
auto.tcl: Setting watchdog for 200 seconds at Mon Jul 22 01:12:45 UTC 2019
3 ms. Memory: 45056K Free: 26381K (59%)
ptolemy.util.test.WatchDog.cancel(): canceling Mon Jul 22 01:12:45 UTC 2019
------------------ testing $PTII/ptolemy/domains/de/test/auto/CausalityInterface3.xml
auto.tcl: Setting watchdog for 200 seconds at Mon Jul 22 01:12:45 UTC 2019
12 ms. Memory: 45056K Free: 26558K (59%)
ptolemy.util.test.WatchDog.cancel(): canceling Mon Jul 22 01:12:45 UTC 2019
auto.tcl: Setting watchdog for 200 seconds at Mon Jul 22 01:12:45 UTC 2019
3 ms. Memory: 45056K Free: 25803K (57%)
ptolemy.util.test.WatchDog.cancel(): canceling Mon Jul 22 01:12:45 UTC 2019
------------------ testing $PTII/ptolemy/domains/de/test/auto/ClockDrift.xml
auto.tcl: Setting watchdog for 200 seconds at Mon Jul 22 01:12:45 UTC 2019
94 ms. Memory: 45056K Free: 19175K (43%)
ptolemy.util.test.WatchDog.cancel(): canceling Mon Jul 22 01:12:45 UTC 2019
auto.tcl: Setting watchdog for 200 seconds at Mon Jul 22 01:12:45 UTC 2019
56 ms. Memory: 45056K Free: 16181K (36%)
ptolemy.util.test.WatchDog.cancel(): canceling Mon Jul 22 01:12:45 UTC 2019
------------------ testing $PTII/ptolemy/domains/de/test/auto/ClockDriftAndValueChange.xml
auto.tcl: Setting watchdog for 200 seconds at Mon Jul 22 01:12:45 UTC 2019
50 ms. Memory: 45056K Free: 19234K (43%)
ptolemy.util.test.WatchDog.cancel(): canceling Mon Jul 22 01:12:45 UTC 2019
auto.tcl: Setting watchdog for 200 seconds at Mon Jul 22 01:12:45 UTC 2019
21 ms. Memory: 45056K Free: 16379K (36%)
ptolemy.util.test.WatchDog.cancel(): canceling Mon Jul 22 01:12:45 UTC 2019
------------------ testing $PTII/ptolemy/domains/de/test/auto/ClockDriftChange.xml
auto.tcl: Setting watchdog for 200 seconds at Mon Jul 22 01:12:45 UTC 2019
21 ms. Memory: 45056K Free: 21269K (47%)
ptolemy.util.test.WatchDog.cancel(): canceling Mon Jul 22 01:12:45 UTC 2019
auto.tcl: Setting watchdog for 200 seconds at Mon Jul 22 01:12:45 UTC 2019
27 ms. Memory: 45056K Free: 18737K (42%)
ptolemy.util.test.WatchDog.cancel(): canceling Mon Jul 22 01:12:45 UTC 2019
------------------ testing $PTII/ptolemy/domains/de/test/auto/ComposableCausalityAnalysis.xml
auto.tcl: Setting watchdog for 200 seconds at Mon Jul 22 01:12:45 UTC 2019
2 ms. Memory: 45056K Free: 25892K (57%)
ptolemy.util.test.WatchDog.cancel(): canceling Mon Jul 22 01:12:45 UTC 2019
auto.tcl: Setting watchdog for 200 seconds at Mon Jul 22 01:12:45 UTC 2019
2 ms. Memory: 45056K Free: 24850K (55%)
ptolemy.util.test.WatchDog.cancel(): canceling Mon Jul 22 01:12:45 UTC 2019
------------------ testing $PTII/ptolemy/domains/de/test/auto/DEFixedPointLimitation.xml
auto.tcl: Setting watchdog for 200 seconds at Mon Jul 22 01:12:46 UTC 2019
2 ms. Memory: 45056K Free: 27236K (60%)
ptolemy.util.test.WatchDog.cancel(): canceling Mon Jul 22 01:12:46 UTC 2019
auto.tcl: Setting watchdog for 200 seconds at Mon Jul 22 01:12:46 UTC 2019
1 ms. Memory: 45056K Free: 26356K (58%)
ptolemy.util.test.WatchDog.cancel(): canceling Mon Jul 22 01:12:46 UTC 2019
------------------ testing $PTII/ptolemy/domains/de/test/auto/DEScheduleTest.xml
auto.tcl: Setting watchdog for 200 seconds at Mon Jul 22 01:12:46 UTC 2019
3 ms. Memory: 45056K Free: 27552K (61%)
ptolemy.util.test.WatchDog.cancel(): canceling Mon Jul 22 01:12:46 UTC 2019
auto.tcl: Setting watchdog for 200 seconds at Mon Jul 22 01:12:46 UTC 2019
3 ms. Memory: 45056K Free: 26811K (60%)
ptolemy.util.test.WatchDog.cancel(): canceling Mon Jul 22 01:12:46 UTC 2019
------------------ testing $PTII/ptolemy/domains/de/test/auto/DEinDEwithStartTimes.xml
auto.tcl: Setting watchdog for 200 seconds at Mon Jul 22 01:12:46 UTC 2019
4 ms. Memory: 45056K Free: 25715K (57%)
ptolemy.util.test.WatchDog.cancel(): canceling Mon Jul 22 01:12:46 UTC 2019
auto.tcl: Setting watchdog for 200 seconds at Mon Jul 22 01:12:46 UTC 2019
3 ms. Memory: 45056K Free: 24672K (55%)
ptolemy.util.test.WatchDog.cancel(): canceling Mon Jul 22 01:12:46 UTC 2019
------------------ testing $PTII/ptolemy/domains/de/test/auto/DEinDEwithStartTimes2.xml
auto.tcl: Setting watchdog for 200 seconds at Mon Jul 22 01:12:46 UTC 2019
4 ms. Memory: 45056K Free: 24928K (55%)
ptolemy.util.test.WatchDog.cancel(): canceling Mon Jul 22 01:12:46 UTC 2019
auto.tcl: Setting watchdog for 200 seconds at Mon Jul 22 01:12:46 UTC 2019
7 ms. Memory: 45056K Free: 23628K (52%)
ptolemy.util.test.WatchDog.cancel(): canceling Mon Jul 22 01:12:46 UTC 2019
------------------ testing $PTII/ptolemy/domains/de/test/auto/DateDemo.xml
auto.tcl: Setting watchdog for 200 seconds at Mon Jul 22 01:12:46 UTC 2019
22 ms. Memory: 45056K Free: 19280K (43%)
ptolemy.util.test.WatchDog.cancel(): canceling Mon Jul 22 01:12:46 UTC 2019
auto.tcl: Setting watchdog for 200 seconds at Mon Jul 22 01:12:46 UTC 2019
10 ms. Memory: 45056K Free: 17742K (39%)
ptolemy.util.test.WatchDog.cancel(): canceling Mon Jul 22 01:12:46 UTC 2019
------------------ testing $PTII/ptolemy/domains/de/test/auto/DateToEvent.xml
auto.tcl: Setting watchdog for 200 seconds at Mon Jul 22 01:12:46 UTC 2019
2020 ms. Memory: 45056K Free: 15189K (34%)
ptolemy.util.test.WatchDog.cancel(): canceling Mon Jul 22 01:12:48 UTC 2019
auto.tcl: Setting watchdog for 200 seconds at Mon Jul 22 01:12:48 UTC 2019
2005 ms. Memory: 45056K Free: 14258K (32%)
ptolemy.util.test.WatchDog.cancel(): canceling Mon Jul 22 01:12:50 UTC 2019
------------------ testing $PTII/ptolemy/domains/de/test/auto/DepthTest1.xml
auto.tcl: Setting watchdog for 200 seconds at Mon Jul 22 01:12:50 UTC 2019
3 ms. Memory: 45056K Free: 28145K (62%)
ptolemy.util.test.WatchDog.cancel(): canceling Mon Jul 22 01:12:50 UTC 2019
auto.tcl: Setting watchdog for 200 seconds at Mon Jul 22 01:12:50 UTC 2019
2 ms. Memory: 45056K Free: 27653K (61%)
ptolemy.util.test.WatchDog.cancel(): canceling Mon Jul 22 01:12:50 UTC 2019
------------------ testing $PTII/ptolemy/domains/de/test/auto/DepthTest2.xml
auto.tcl: Setting watchdog for 200 seconds at Mon Jul 22 01:12:50 UTC 2019
5 ms. Memory: 45056K Free: 24890K (55%)
ptolemy.util.test.WatchDog.cancel(): canceling Mon Jul 22 01:12:50 UTC 2019
auto.tcl: Setting watchdog for 200 seconds at Mon Jul 22 01:12:50 UTC 2019
3 ms. Memory: 45056K Free: 24473K (54%)
ptolemy.util.test.WatchDog.cancel(): canceling Mon Jul 22 01:12:50 UTC 2019
------------------ testing $PTII/ptolemy/domains/de/test/auto/DepthTest3.xml
auto.tcl: Setting watchdog for 200 seconds at Mon Jul 22 01:12:50 UTC 2019
2 ms. Memory: 45056K Free: 28481K (63%)
ptolemy.util.test.WatchDog.cancel(): canceling Mon Jul 22 01:12:50 UTC 2019
auto.tcl: Setting watchdog for 200 seconds at Mon Jul 22 01:12:50 UTC 2019
1 ms. Memory: 45056K Free: 27944K (62%)
ptolemy.util.test.WatchDog.cancel(): canceling Mon Jul 22 01:12:50 UTC 2019
------------------ testing $PTII/ptolemy/domains/de/test/auto/DepthTest4.xml
auto.tcl: Setting watchdog for 200 seconds at Mon Jul 22 01:12:50 UTC 2019
6 ms. Memory: 45056K Free: 26706K (59%)
ptolemy.util.test.WatchDog.cancel(): canceling Mon Jul 22 01:12:50 UTC 2019
auto.tcl: Setting watchdog for 200 seconds at Mon Jul 22 01:12:50 UTC 2019
2 ms. Memory: 45056K Free: 25985K (58%)
ptolemy.util.test.WatchDog.cancel(): canceling Mon Jul 22 01:12:50 UTC 2019
------------------ testing $PTII/ptolemy/domains/de/test/auto/DepthTest5.xml
auto.tcl: Setting watchdog for 200 seconds at Mon Jul 22 01:12:51 UTC 2019
3 ms. Memory: 45056K Free: 25860K (57%)
ptolemy.util.test.WatchDog.cancel(): canceling Mon Jul 22 01:12:51 UTC 2019
auto.tcl: Setting watchdog for 200 seconds at Mon Jul 22 01:12:51 UTC 2019
2 ms. Memory: 45056K Free: 25483K (57%)
ptolemy.util.test.WatchDog.cancel(): canceling Mon Jul 22 01:12:51 UTC 2019
------------------ testing $PTII/ptolemy/domains/de/test/auto/DepthTest6.xml
auto.tcl: Setting watchdog for 200 seconds at Mon Jul 22 01:12:51 UTC 2019
5 ms. Memory: 45056K Free: 25822K (57%)
ptolemy.util.test.WatchDog.cancel(): canceling Mon Jul 22 01:12:51 UTC 2019
auto.tcl: Setting watchdog for 200 seconds at Mon Jul 22 01:12:51 UTC 2019
2 ms. Memory: 45056K Free: 25438K (56%)
ptolemy.util.test.WatchDog.cancel(): canceling Mon Jul 22 01:12:51 UTC 2019
------------------ testing $PTII/ptolemy/domains/de/test/auto/DepthTest7.xml
auto.tcl: Setting watchdog for 200 seconds at Mon Jul 22 01:12:51 UTC 2019
3 ms. Memory: 45056K Free: 26630K (59%)
ptolemy.util.test.WatchDog.cancel(): canceling Mon Jul 22 01:12:51 UTC 2019
auto.tcl: Setting watchdog for 200 seconds at Mon Jul 22 01:12:51 UTC 2019
3 ms. Memory: 45056K Free: 25910K (58%)
ptolemy.util.test.WatchDog.cancel(): canceling Mon Jul 22 01:12:51 UTC 2019
------------------ testing $PTII/ptolemy/domains/de/test/auto/EventToDate.xml
auto.tcl: Setting watchdog for 200 seconds at Mon Jul 22 01:12:51 UTC 2019
3008 ms. Memory: 45056K Free: 17413K (39%)
ptolemy.util.test.WatchDog.cancel(): canceling Mon Jul 22 01:12:54 UTC 2019
auto.tcl: Setting watchdog for 200 seconds at Mon Jul 22 01:12:54 UTC 2019
3004 ms. Memory: 45056K Free: 16744K (37%)
ptolemy.util.test.WatchDog.cancel(): canceling Mon Jul 22 01:12:57 UTC 2019
------------------ testing $PTII/ptolemy/domains/de/test/auto/FSM1.xml
auto.tcl: Setting watchdog for 200 seconds at Mon Jul 22 01:12:57 UTC 2019
44 ms. Memory: 45056K Free: 18630K (41%)
ptolemy.util.test.WatchDog.cancel(): canceling Mon Jul 22 01:12:57 UTC 2019
auto.tcl: Setting watchdog for 200 seconds at Mon Jul 22 01:12:57 UTC 2019
30 ms. Memory: 45056K Free: 15364K (34%)
ptolemy.util.test.WatchDog.cancel(): canceling Mon Jul 22 01:12:57 UTC 2019
------------------ testing $PTII/ptolemy/domains/de/test/auto/FSM7.xml
auto.tcl: Setting watchdog for 200 seconds at Mon Jul 22 01:12:57 UTC 2019
31 ms. Memory: 45056K Free: 18354K (41%)
ptolemy.util.test.WatchDog.cancel(): canceling Mon Jul 22 01:12:57 UTC 2019
auto.tcl: Setting watchdog for 200 seconds at Mon Jul 22 01:12:57 UTC 2019
24 ms. Memory: 45056K Free: 15242K (34%)
ptolemy.util.test.WatchDog.cancel(): canceling Mon Jul 22 01:12:57 UTC 2019
------------------ testing $PTII/ptolemy/domains/de/test/auto/Inspection.xml
auto.tcl: Setting watchdog for 200 seconds at Mon Jul 22 01:12:57 UTC 2019
32 ms. Memory: 45056K Free: 18386K (41%)
ptolemy.util.test.WatchDog.cancel(): canceling Mon Jul 22 01:12:57 UTC 2019
auto.tcl: Setting watchdog for 200 seconds at Mon Jul 22 01:12:57 UTC 2019
29 ms. Memory: 45056K Free: 16635K (37%)
ptolemy.util.test.WatchDog.cancel(): canceling Mon Jul 22 01:12:57 UTC 2019
------------------ testing $PTII/ptolemy/domains/de/test/auto/Iteration.xml
auto.tcl: Setting watchdog for 200 seconds at Mon Jul 22 01:12:57 UTC 2019
8 ms. Memory: 45056K Free: 24080K (53%)
ptolemy.util.test.WatchDog.cancel(): canceling Mon Jul 22 01:12:57 UTC 2019
auto.tcl: Setting watchdog for 200 seconds at Mon Jul 22 01:12:57 UTC 2019
5 ms. Memory: 45056K Free: 22691K (50%)
ptolemy.util.test.WatchDog.cancel(): canceling Mon Jul 22 01:12:57 UTC 2019
------------------ testing $PTII/ptolemy/domains/de/test/auto/LineFault.xml
auto.tcl: Setting watchdog for 200 seconds at Mon Jul 22 01:12:57 UTC 2019
592 ms. Memory: 45056K Free: 25390K (56%)
ptolemy.util.test.WatchDog.cancel(): canceling Mon Jul 22 01:12:58 UTC 2019
auto.tcl: Setting watchdog for 200 seconds at Mon Jul 22 01:12:58 UTC 2019
542 ms. Memory: 58368K Free: 23963K (41%)
ptolemy.util.test.WatchDog.cancel(): canceling Mon Jul 22 01:12:59 UTC 2019
------------------ testing $PTII/ptolemy/domains/de/test/auto/MergeModel1Add.xml
auto.tcl: Setting watchdog for 200 seconds at Mon Jul 22 01:12:59 UTC 2019
33 ms. Memory: 55296K Free: 20315K (37%)
ptolemy.util.test.WatchDog.cancel(): canceling Mon Jul 22 01:12:59 UTC 2019
auto.tcl: Setting watchdog for 200 seconds at Mon Jul 22 01:12:59 UTC 2019
18 ms. Memory: 55296K Free: 18726K (34%)
ptolemy.util.test.WatchDog.cancel(): canceling Mon Jul 22 01:12:59 UTC 2019
------------------ testing $PTII/ptolemy/domains/de/test/auto/MergeModel2Add.xml
auto.tcl: Setting watchdog for 200 seconds at Mon Jul 22 01:12:59 UTC 2019
7 ms. Memory: 51200K Free: 18026K (35%)
ptolemy.util.test.WatchDog.cancel(): canceling Mon Jul 22 01:12:59 UTC 2019
auto.tcl: Setting watchdog for 200 seconds at Mon Jul 22 01:12:59 UTC 2019
8 ms. Memory: 51200K Free: 16317K (32%)
ptolemy.util.test.WatchDog.cancel(): canceling Mon Jul 22 01:12:59 UTC 2019
------------------ testing $PTII/ptolemy/domains/de/test/auto/MergeModel3Add.xml
auto.tcl: Setting watchdog for 200 seconds at Mon Jul 22 01:12:59 UTC 2019
9 ms. Memory: 51200K Free: 18273K (36%)
ptolemy.util.test.WatchDog.cancel(): canceling Mon Jul 22 01:12:59 UTC 2019
auto.tcl: Setting watchdog for 200 seconds at Mon Jul 22 01:12:59 UTC 2019
10 ms. Memory: 51200K Free: 16736K (33%)
ptolemy.util.test.WatchDog.cancel(): canceling Mon Jul 22 01:12:59 UTC 2019
------------------ testing $PTII/ptolemy/domains/de/test/auto/MergeWithoutDiscard.xml
auto.tcl: Setting watchdog for 200 seconds at Mon Jul 22 01:12:59 UTC 2019
3 ms. Memory: 51200K Free: 32607K (64%)
ptolemy.util.test.WatchDog.cancel(): canceling Mon Jul 22 01:12:59 UTC 2019
auto.tcl: Setting watchdog for 200 seconds at Mon Jul 22 01:12:59 UTC 2019
1 ms. Memory: 51200K Free: 32163K (63%)
ptolemy.util.test.WatchDog.cancel(): canceling Mon Jul 22 01:12:59 UTC 2019
------------------ testing $PTII/ptolemy/domains/de/test/auto/Modal1.xml
auto.tcl: Setting watchdog for 200 seconds at Mon Jul 22 01:12:59 UTC 2019
12 ms. Memory: 51200K Free: 24998K (49%)
ptolemy.util.test.WatchDog.cancel(): canceling Mon Jul 22 01:12:59 UTC 2019
auto.tcl: Setting watchdog for 200 seconds at Mon Jul 22 01:12:59 UTC 2019
13 ms. Memory: 51200K Free: 21750K (42%)
ptolemy.util.test.WatchDog.cancel(): canceling Mon Jul 22 01:12:59 UTC 2019
------------------ testing $PTII/ptolemy/domains/de/test/auto/Modal2.xml
auto.tcl: Setting watchdog for 200 seconds at Mon Jul 22 01:12:59 UTC 2019
14 ms. Memory: 48128K Free: 21814K (45%)
ptolemy.util.test.WatchDog.cancel(): canceling Mon Jul 22 01:13:00 UTC 2019
auto.tcl: Setting watchdog for 200 seconds at Mon Jul 22 01:13:00 UTC 2019
25 ms. Memory: 48128K Free: 18213K (38%)
ptolemy.util.test.WatchDog.cancel(): canceling Mon Jul 22 01:13:00 UTC 2019
------------------ testing $PTII/ptolemy/domains/de/test/auto/Modal3.xml
auto.tcl: Setting watchdog for 200 seconds at Mon Jul 22 01:13:00 UTC 2019
14 ms. Memory: 48128K Free: 21576K (45%)
ptolemy.util.test.WatchDog.cancel(): canceling Mon Jul 22 01:13:00 UTC 2019
auto.tcl: Setting watchdog for 200 seconds at Mon Jul 22 01:13:00 UTC 2019
20 ms. Memory: 48128K Free: 18619K (39%)
ptolemy.util.test.WatchDog.cancel(): canceling Mon Jul 22 01:13:00 UTC 2019
------------------ testing $PTII/ptolemy/domains/de/test/auto/Modal4.xml
auto.tcl: Setting watchdog for 200 seconds at Mon Jul 22 01:13:00 UTC 2019
15 ms. Memory: 48128K Free: 20781K (43%)
ptolemy.util.test.WatchDog.cancel(): canceling Mon Jul 22 01:13:00 UTC 2019
auto.tcl: Setting watchdog for 200 seconds at Mon Jul 22 01:13:00 UTC 2019
16 ms. Memory: 48128K Free: 16917K (35%)
ptolemy.util.test.WatchDog.cancel(): canceling Mon Jul 22 01:13:00 UTC 2019
------------------ testing $PTII/ptolemy/domains/de/test/auto/Modal5.xml
auto.tcl: Setting watchdog for 200 seconds at Mon Jul 22 01:13:00 UTC 2019
13 ms. Memory: 48128K Free: 20742K (43%)
ptolemy.util.test.WatchDog.cancel(): canceling Mon Jul 22 01:13:00 UTC 2019
auto.tcl: Setting watchdog for 200 seconds at Mon Jul 22 01:13:00 UTC 2019
14 ms. Memory: 48128K Free: 16903K (35%)
ptolemy.util.test.WatchDog.cancel(): canceling Mon Jul 22 01:13:00 UTC 2019
------------------ testing $PTII/ptolemy/domains/de/test/auto/Modal6.xml
auto.tcl: Setting watchdog for 200 seconds at Mon Jul 22 01:13:00 UTC 2019
13 ms. Memory: 48128K Free: 21552K (45%)
ptolemy.util.test.WatchDog.cancel(): canceling Mon Jul 22 01:13:00 UTC 2019
auto.tcl: Setting watchdog for 200 seconds at Mon Jul 22 01:13:00 UTC 2019
14 ms. Memory: 48128K Free: 17579K (37%)
ptolemy.util.test.WatchDog.cancel(): canceling Mon Jul 22 01:13:00 UTC 2019
------------------ testing $PTII/ptolemy/domains/de/test/auto/Modal7.xml
auto.tcl: Setting watchdog for 200 seconds at Mon Jul 22 01:13:00 UTC 2019
18 ms. Memory: 48128K Free: 20536K (43%)
ptolemy.util.test.WatchDog.cancel(): canceling Mon Jul 22 01:13:00 UTC 2019
auto.tcl: Setting watchdog for 200 seconds at Mon Jul 22 01:13:00 UTC 2019
13 ms. Memory: 48128K Free: 16949K (35%)
ptolemy.util.test.WatchDog.cancel(): canceling Mon Jul 22 01:13:00 UTC 2019
------------------ testing $PTII/ptolemy/domains/de/test/auto/ModalModel.xml
auto.tcl: Setting watchdog for 200 seconds at Mon Jul 22 01:13:00 UTC 2019
220 ms. Memory: 58368K Free: 38163K (65%)
ptolemy.util.test.WatchDog.cancel(): canceling Mon Jul 22 01:13:00 UTC 2019
auto.tcl: Setting watchdog for 200 seconds at Mon Jul 22 01:13:00 UTC 2019
211 ms. Memory: 58368K Free: 31918K (55%)
ptolemy.util.test.WatchDog.cancel(): canceling Mon Jul 22 01:13:01 UTC 2019
------------------ testing $PTII/ptolemy/domains/de/test/auto/ModalSource.xml
auto.tcl: Setting watchdog for 200 seconds at Mon Jul 22 01:13:01 UTC 2019
6 ms. Memory: 51200K Free: 28648K (56%)
ptolemy.util.test.WatchDog.cancel(): canceling Mon Jul 22 01:13:01 UTC 2019
auto.tcl: Setting watchdog for 200 seconds at Mon Jul 22 01:13:01 UTC 2019
6 ms. Memory: 51200K Free: 26600K (52%)
ptolemy.util.test.WatchDog.cancel(): canceling Mon Jul 22 01:13:01 UTC 2019
------------------ testing $PTII/ptolemy/domains/de/test/auto/NonInterruptibleTimerZeroDelay.xml
auto.tcl: Setting watchdog for 200 seconds at Mon Jul 22 01:13:01 UTC 2019
4 ms. Memory: 48128K Free: 30550K (63%)
ptolemy.util.test.WatchDog.cancel(): canceling Mon Jul 22 01:13:01 UTC 2019
auto.tcl: Setting watchdog for 200 seconds at Mon Jul 22 01:13:01 UTC 2019
2 ms. Memory: 48128K Free: 29847K (62%)
ptolemy.util.test.WatchDog.cancel(): canceling Mon Jul 22 01:13:01 UTC 2019
------------------ testing $PTII/ptolemy/domains/de/test/auto/OpenQueueingNetwork.xml
auto.tcl: Setting watchdog for 200 seconds at Mon Jul 22 01:13:01 UTC 2019
2914 ms. Memory: 126976K Free: 104468K (82%)
ptolemy.util.test.WatchDog.cancel(): canceling Mon Jul 22 01:13:04 UTC 2019
auto.tcl: Setting watchdog for 200 seconds at Mon Jul 22 01:13:04 UTC 2019
2892 ms. Memory: 126976K Free: 59288K (47%)
ptolemy.util.test.WatchDog.cancel(): canceling Mon Jul 22 01:13:07 UTC 2019
------------------ testing $PTII/ptolemy/domains/de/test/auto/OpenQueuingNetwork.xml
auto.tcl: Setting watchdog for 200 seconds at Mon Jul 22 01:13:07 UTC 2019
247 ms. Memory: 55296K Free: 25274K (46%)
ptolemy.util.test.WatchDog.cancel(): canceling Mon Jul 22 01:13:07 UTC 2019
auto.tcl: Setting watchdog for 200 seconds at Mon Jul 22 01:13:07 UTC 2019
251 ms. Memory: 55296K Free: 33712K (61%)
ptolemy.util.test.WatchDog.cancel(): canceling Mon Jul 22 01:13:07 UTC 2019
------------------ testing $PTII/ptolemy/domains/de/test/auto/PeriodicSampler.xml
auto.tcl: Setting watchdog for 200 seconds at Mon Jul 22 01:13:07 UTC 2019
3 ms. Memory: 48128K Free: 29715K (62%)
ptolemy.util.test.WatchDog.cancel(): canceling Mon Jul 22 01:13:07 UTC 2019
auto.tcl: Setting watchdog for 200 seconds at Mon Jul 22 01:13:07 UTC 2019
2 ms. Memory: 48128K Free: 29211K (61%)
ptolemy.util.test.WatchDog.cancel(): canceling Mon Jul 22 01:13:08 UTC 2019
------------------ testing $PTII/ptolemy/domains/de/test/auto/PersistentIO.xml
auto.tcl: Setting watchdog for 200 seconds at Mon Jul 22 01:13:08 UTC 2019
11 ms. Memory: 48128K Free: 24640K (51%)
ptolemy.util.test.WatchDog.cancel(): canceling Mon Jul 22 01:13:08 UTC 2019
auto.tcl: Setting watchdog for 200 seconds at Mon Jul 22 01:13:08 UTC 2019
5 ms. Memory: 48128K Free: 23189K (48%)
ptolemy.util.test.WatchDog.cancel(): canceling Mon Jul 22 01:13:08 UTC 2019
------------------ testing $PTII/ptolemy/domains/de/test/auto/PortParameterResetOnInitialize.xml
auto.tcl: Setting watchdog for 200 seconds at Mon Jul 22 01:13:08 UTC 2019
7 ms. Memory: 48128K Free: 29608K (62%)
ptolemy.util.test.WatchDog.cancel(): canceling Mon Jul 22 01:13:08 UTC 2019
auto.tcl: Setting watchdog for 200 seconds at Mon Jul 22 01:13:08 UTC 2019
2 ms. Memory: 48128K Free: 29135K (61%)
ptolemy.util.test.WatchDog.cancel(): canceling Mon Jul 22 01:13:08 UTC 2019
------------------ testing $PTII/ptolemy/domains/de/test/auto/PortParameterUpdates.xml
auto.tcl: Setting watchdog for 200 seconds at Mon Jul 22 01:13:08 UTC 2019
5 ms. Memory: 48128K Free: 27967K (58%)
ptolemy.util.test.WatchDog.cancel(): canceling Mon Jul 22 01:13:08 UTC 2019
auto.tcl: Setting watchdog for 200 seconds at Mon Jul 22 01:13:08 UTC 2019
6 ms. Memory: 48128K Free: 26724K (56%)
ptolemy.util.test.WatchDog.cancel(): canceling Mon Jul 22 01:13:08 UTC 2019
------------------ testing $PTII/ptolemy/domains/de/test/auto/QueueAndServer.xml
auto.tcl: Setting watchdog for 200 seconds at Mon Jul 22 01:13:08 UTC 2019
16 ms. Memory: 48128K Free: 26620K (55%)
ptolemy.util.test.WatchDog.cancel(): canceling Mon Jul 22 01:13:08 UTC 2019
auto.tcl: Setting watchdog for 200 seconds at Mon Jul 22 01:13:08 UTC 2019
8 ms. Memory: 48128K Free: 25174K (52%)
ptolemy.util.test.WatchDog.cancel(): canceling Mon Jul 22 01:13:08 UTC 2019
------------------ testing $PTII/ptolemy/domains/de/test/auto/Records.xml
auto.tcl: Setting watchdog for 200 seconds at Mon Jul 22 01:13:08 UTC 2019
5 ms. Memory: 48128K Free: 29182K (61%)
ptolemy.util.test.WatchDog.cancel(): canceling Mon Jul 22 01:13:08 UTC 2019
auto.tcl: Setting watchdog for 200 seconds at Mon Jul 22 01:13:08 UTC 2019
3 ms. Memory: 48128K Free: 28663K (60%)
ptolemy.util.test.WatchDog.cancel(): canceling Mon Jul 22 01:13:08 UTC 2019
------------------ testing $PTII/ptolemy/domains/de/test/auto/ResetTransitionWithStartTime1.xml
auto.tcl: Setting watchdog for 200 seconds at Mon Jul 22 01:13:08 UTC 2019
7 ms. Memory: 48128K Free: 26123K (54%)
ptolemy.util.test.WatchDog.cancel(): canceling Mon Jul 22 01:13:08 UTC 2019
auto.tcl: Setting watchdog for 200 seconds at Mon Jul 22 01:13:08 UTC 2019
6 ms. Memory: 48128K Free: 23618K (49%)
ptolemy.util.test.WatchDog.cancel(): canceling Mon Jul 22 01:13:08 UTC 2019
------------------ testing $PTII/ptolemy/domains/de/test/auto/ResetTransitionWithStartTime2.xml
auto.tcl: Setting watchdog for 200 seconds at Mon Jul 22 01:13:08 UTC 2019
5 ms. Memory: 48128K Free: 26078K (54%)
ptolemy.util.test.WatchDog.cancel(): canceling Mon Jul 22 01:13:08 UTC 2019
auto.tcl: Setting watchdog for 200 seconds at Mon Jul 22 01:13:08 UTC 2019
6 ms. Memory: 48128K Free: 23559K (49%)
ptolemy.util.test.WatchDog.cancel(): canceling Mon Jul 22 01:13:08 UTC 2019
------------------ testing $PTII/ptolemy/domains/de/test/auto/ResetTransitionWithStartTime3.xml
auto.tcl: Setting watchdog for 200 seconds at Mon Jul 22 01:13:08 UTC 2019
9 ms. Memory: 48128K Free: 26077K (54%)
ptolemy.util.test.WatchDog.cancel(): canceling Mon Jul 22 01:13:08 UTC 2019
auto.tcl: Setting watchdog for 200 seconds at Mon Jul 22 01:13:08 UTC 2019
5 ms. Memory: 48128K Free: 24013K (50%)
ptolemy.util.test.WatchDog.cancel(): canceling Mon Jul 22 01:13:08 UTC 2019
------------------ testing $PTII/ptolemy/domains/de/test/auto/ResetTransitionWithStartTime4.xml
auto.tcl: Setting watchdog for 200 seconds at Mon Jul 22 01:13:08 UTC 2019
13 ms. Memory: 48128K Free: 26544K (55%)
ptolemy.util.test.WatchDog.cancel(): canceling Mon Jul 22 01:13:08 UTC 2019
auto.tcl: Setting watchdog for 200 seconds at Mon Jul 22 01:13:08 UTC 2019
4 ms. Memory: 48128K Free: 25083K (52%)
ptolemy.util.test.WatchDog.cancel(): canceling Mon Jul 22 01:13:08 UTC 2019
------------------ testing $PTII/ptolemy/domains/de/test/auto/ResettableTimer1.xml
auto.tcl: Setting watchdog for 200 seconds at Mon Jul 22 01:13:08 UTC 2019
3 ms. Memory: 48128K Free: 30558K (63%)
ptolemy.util.test.WatchDog.cancel(): canceling Mon Jul 22 01:13:08 UTC 2019
auto.tcl: Setting watchdog for 200 seconds at Mon Jul 22 01:13:08 UTC 2019
2 ms. Memory: 48128K Free: 29220K (61%)
ptolemy.util.test.WatchDog.cancel(): canceling Mon Jul 22 01:13:08 UTC 2019
------------------ testing $PTII/ptolemy/domains/de/test/auto/ResettableTimer2.xml
auto.tcl: Setting watchdog for 200 seconds at Mon Jul 22 01:13:08 UTC 2019
2 ms. Memory: 48128K Free: 30211K (63%)
ptolemy.util.test.WatchDog.cancel(): canceling Mon Jul 22 01:13:08 UTC 2019
auto.tcl: Setting watchdog for 200 seconds at Mon Jul 22 01:13:08 UTC 2019
2 ms. Memory: 48128K Free: 29187K (61%)
ptolemy.util.test.WatchDog.cancel(): canceling Mon Jul 22 01:13:08 UTC 2019
------------------ testing $PTII/ptolemy/domains/de/test/auto/ResettableTimer3.xml
auto.tcl: Setting watchdog for 200 seconds at Mon Jul 22 01:13:08 UTC 2019
1 ms. Memory: 48128K Free: 30690K (64%)
ptolemy.util.test.WatchDog.cancel(): canceling Mon Jul 22 01:13:09 UTC 2019
auto.tcl: Setting watchdog for 200 seconds at Mon Jul 22 01:13:09 UTC 2019
1 ms. Memory: 48128K Free: 30210K (63%)
ptolemy.util.test.WatchDog.cancel(): canceling Mon Jul 22 01:13:09 UTC 2019
------------------ testing $PTII/ptolemy/domains/de/test/auto/ResettableTimer4.xml
auto.tcl: Setting watchdog for 200 seconds at Mon Jul 22 01:13:09 UTC 2019
1 ms. Memory: 48128K Free: 30247K (63%)
ptolemy.util.test.WatchDog.cancel(): canceling Mon Jul 22 01:13:09 UTC 2019
auto.tcl: Setting watchdog for 200 seconds at Mon Jul 22 01:13:09 UTC 2019
1 ms. Memory: 48128K Free: 29749K (62%)
ptolemy.util.test.WatchDog.cancel(): canceling Mon Jul 22 01:13:09 UTC 2019
------------------ testing $PTII/ptolemy/domains/de/test/auto/ResettableTimer5.xml
auto.tcl: Setting watchdog for 200 seconds at Mon Jul 22 01:13:09 UTC 2019
2 ms. Memory: 48128K Free: 29693K (62%)
ptolemy.util.test.WatchDog.cancel(): canceling Mon Jul 22 01:13:09 UTC 2019
auto.tcl: Setting watchdog for 200 seconds at Mon Jul 22 01:13:09 UTC 2019
1 ms. Memory: 48128K Free: 29222K (61%)
ptolemy.util.test.WatchDog.cancel(): canceling Mon Jul 22 01:13:09 UTC 2019
------------------ testing $PTII/ptolemy/domains/de/test/auto/ResettableTimer6.xml
auto.tcl: Setting watchdog for 200 seconds at Mon Jul 22 01:13:09 UTC 2019
2 ms. Memory: 48128K Free: 29684K (62%)
ptolemy.util.test.WatchDog.cancel(): canceling Mon Jul 22 01:13:09 UTC 2019
auto.tcl: Setting watchdog for 200 seconds at Mon Jul 22 01:13:09 UTC 2019
1 ms. Memory: 48128K Free: 29188K (61%)
ptolemy.util.test.WatchDog.cancel(): canceling Mon Jul 22 01:13:09 UTC 2019
------------------ testing $PTII/ptolemy/domains/de/test/auto/ServerZeroDelay.xml
auto.tcl: Setting watchdog for 200 seconds at Mon Jul 22 01:13:09 UTC 2019
2 ms. Memory: 48128K Free: 30203K (63%)
ptolemy.util.test.WatchDog.cancel(): canceling Mon Jul 22 01:13:09 UTC 2019
auto.tcl: Setting watchdog for 200 seconds at Mon Jul 22 01:13:09 UTC 2019
2 ms. Memory: 48128K Free: 29245K (61%)
ptolemy.util.test.WatchDog.cancel(): canceling Mon Jul 22 01:13:09 UTC 2019
------------------ testing $PTII/ptolemy/domains/de/test/auto/SmartSender.xml
auto.tcl: Setting watchdog for 200 seconds at Mon Jul 22 01:13:09 UTC 2019
3001 ms. Memory: 48128K Free: 30198K (63%)
ptolemy.util.test.WatchDog.cancel(): canceling Mon Jul 22 01:13:12 UTC 2019
auto.tcl: Setting watchdog for 200 seconds at Mon Jul 22 01:13:12 UTC 2019
3002 ms. Memory: 48128K Free: 29711K (62%)
ptolemy.util.test.WatchDog.cancel(): canceling Mon Jul 22 01:13:15 UTC 2019
------------------ testing $PTII/ptolemy/domains/de/test/auto/ThreadedComposite.xml
auto.tcl: Setting watchdog for 200 seconds at Mon Jul 22 01:13:15 UTC 2019
214 ms. Memory: 48128K Free: 10755K (22%)
ptolemy.util.test.WatchDog.cancel(): canceling Mon Jul 22 01:13:15 UTC 2019
auto.tcl: Setting watchdog for 200 seconds at Mon Jul 22 01:13:15 UTC 2019
219 ms. Memory: 58368K Free: 30448K (52%)
ptolemy.util.test.WatchDog.cancel(): canceling Mon Jul 22 01:13:15 UTC 2019
------------------ testing $PTII/ptolemy/domains/de/test/auto/Time.xml
auto.tcl: Setting watchdog for 200 seconds at Mon Jul 22 01:13:15 UTC 2019
528 ms. Memory: 51200K Free: 35453K (69%)
ptolemy.util.test.WatchDog.cancel(): canceling Mon Jul 22 01:13:16 UTC 2019
auto.tcl: Setting watchdog for 200 seconds at Mon Jul 22 01:13:16 UTC 2019
484 ms. Memory: 51200K Free: 10957K (21%)
ptolemy.util.test.WatchDog.cancel(): canceling Mon Jul 22 01:13:16 UTC 2019
------------------ testing $PTII/ptolemy/domains/de/test/auto/TimeDelayZeroDelay.xml
auto.tcl: Setting watchdog for 200 seconds at Mon Jul 22 01:13:16 UTC 2019
3 ms. Memory: 51200K Free: 33199K (65%)
ptolemy.util.test.WatchDog.cancel(): canceling Mon Jul 22 01:13:16 UTC 2019
auto.tcl: Setting watchdog for 200 seconds at Mon Jul 22 01:13:16 UTC 2019
2 ms. Memory: 51200K Free: 32715K (64%)
ptolemy.util.test.WatchDog.cancel(): canceling Mon Jul 22 01:13:16 UTC 2019
------------------ testing $PTII/ptolemy/domains/de/test/auto/TimerZeroDelay.xml
auto.tcl: Setting watchdog for 200 seconds at Mon Jul 22 01:13:17 UTC 2019
4 ms. Memory: 48128K Free: 30601K (64%)
ptolemy.util.test.WatchDog.cancel(): canceling Mon Jul 22 01:13:17 UTC 2019
auto.tcl: Setting watchdog for 200 seconds at Mon Jul 22 01:13:17 UTC 2019
2 ms. Memory: 48128K Free: 30172K (63%)
ptolemy.util.test.WatchDog.cancel(): canceling Mon Jul 22 01:13:17 UTC 2019
------------------ testing $PTII/ptolemy/domains/de/test/auto/TimingParadox.xml
auto.tcl: Setting watchdog for 200 seconds at Mon Jul 22 01:13:17 UTC 2019
364 ms. Memory: 48128K Free: 12217K (25%)
ptolemy.util.test.WatchDog.cancel(): canceling Mon Jul 22 01:13:17 UTC 2019
auto.tcl: Setting watchdog for 200 seconds at Mon Jul 22 01:13:17 UTC 2019
351 ms. Memory: 48128K Free: 22885K (48%)
ptolemy.util.test.WatchDog.cancel(): canceling Mon Jul 22 01:13:17 UTC 2019
------------------ testing $PTII/ptolemy/domains/de/test/auto/TransferInputs.xml
auto.tcl: Setting watchdog for 200 seconds at Mon Jul 22 01:13:17 UTC 2019
1 ms. Memory: 48128K Free: 28638K (60%)
ptolemy.util.test.WatchDog.cancel(): canceling Mon Jul 22 01:13:17 UTC 2019
auto.tcl: Setting watchdog for 200 seconds at Mon Jul 22 01:13:17 UTC 2019
2 ms. Memory: 48128K Free: 27774K (58%)
ptolemy.util.test.WatchDog.cancel(): canceling Mon Jul 22 01:13:18 UTC 2019
------------------ testing $PTII/ptolemy/domains/de/test/auto/TransferOutputs2.xml
auto.tcl: Setting watchdog for 200 seconds at Mon Jul 22 01:13:18 UTC 2019
2 ms. Memory: 48128K Free: 26080K (54%)
ptolemy.util.test.WatchDog.cancel(): canceling Mon Jul 22 01:13:18 UTC 2019
auto.tcl: Setting watchdog for 200 seconds at Mon Jul 22 01:13:18 UTC 2019
3 ms. Memory: 48128K Free: 24675K (51%)
ptolemy.util.test.WatchDog.cancel(): canceling Mon Jul 22 01:13:18 UTC 2019
------------------ testing $PTII/ptolemy/domains/de/test/auto/Trilateration.xml
auto.tcl: Setting watchdog for 200 seconds at Mon Jul 22 01:13:18 UTC 2019
15489 ms. Memory: 419840K Free: 337071K (80%)
ptolemy.util.test.WatchDog.cancel(): canceling Mon Jul 22 01:13:34 UTC 2019
auto.tcl: Setting watchdog for 200 seconds at Mon Jul 22 01:13:34 UTC 2019
11250 ms. Memory: 419840K Free: 208400K (50%)
ptolemy.util.test.WatchDog.cancel(): canceling Mon Jul 22 01:13:46 UTC 2019
------------------ testing $PTII/ptolemy/domains/de/test/auto/TwoSigmaDelta.xml
auto.tcl: Setting watchdog for 200 seconds at Mon Jul 22 01:13:46 UTC 2019
2696 ms. Memory: 89088K Free: 28847K (32%)
ptolemy.util.test.WatchDog.cancel(): canceling Mon Jul 22 01:13:48 UTC 2019
auto.tcl: Setting watchdog for 200 seconds at Mon Jul 22 01:13:48 UTC 2019
2233 ms. Memory: 89088K Free: 24221K (27%)
ptolemy.util.test.WatchDog.cancel(): canceling Mon Jul 22 01:13:51 UTC 2019
------------------ testing $PTII/ptolemy/domains/de/test/auto/VariableDelay.xml
auto.tcl: Setting watchdog for 200 seconds at Mon Jul 22 01:13:51 UTC 2019
3 ms. Memory: 51200K Free: 32198K (63%)
ptolemy.util.test.WatchDog.cancel(): canceling Mon Jul 22 01:13:51 UTC 2019
auto.tcl: Setting watchdog for 200 seconds at Mon Jul 22 01:13:51 UTC 2019
2 ms. Memory: 51200K Free: 31182K (61%)
ptolemy.util.test.WatchDog.cancel(): canceling Mon Jul 22 01:13:51 UTC 2019
------------------ testing $PTII/ptolemy/domains/de/test/auto/VariableDelay2.xml
auto.tcl: Setting watchdog for 200 seconds at Mon Jul 22 01:13:51 UTC 2019
8 ms. Memory: 48128K Free: 29484K (61%)
ptolemy.util.test.WatchDog.cancel(): canceling Mon Jul 22 01:13:51 UTC 2019
auto.tcl: Setting watchdog for 200 seconds at Mon Jul 22 01:13:51 UTC 2019
2 ms. Memory: 48128K Free: 28538K (59%)
ptolemy.util.test.WatchDog.cancel(): canceling Mon Jul 22 01:13:51 UTC 2019
------------------ testing $PTII/ptolemy/domains/de/test/auto/VariableDelayZeroDelay.xml
auto.tcl: Setting watchdog for 200 seconds at Mon Jul 22 01:13:51 UTC 2019
2 ms. Memory: 48128K Free: 30052K (62%)
ptolemy.util.test.WatchDog.cancel(): canceling Mon Jul 22 01:13:51 UTC 2019
auto.tcl: Setting watchdog for 200 seconds at Mon Jul 22 01:13:51 UTC 2019
2 ms. Memory: 48128K Free: 29565K (61%)
ptolemy.util.test.WatchDog.cancel(): canceling Mon Jul 22 01:13:51 UTC 2019
------------------ testing $PTII/ptolemy/domains/de/test/auto/VariableDelayZeroDelay2.xml
auto.tcl: Setting watchdog for 200 seconds at Mon Jul 22 01:13:51 UTC 2019
2 ms. Memory: 48128K Free: 30051K (62%)
ptolemy.util.test.WatchDog.cancel(): canceling Mon Jul 22 01:13:51 UTC 2019
auto.tcl: Setting watchdog for 200 seconds at Mon Jul 22 01:13:51 UTC 2019
2 ms. Memory: 48128K Free: 29063K (60%)
ptolemy.util.test.WatchDog.cancel(): canceling Mon Jul 22 01:13:51 UTC 2019
------------------ testing $PTII/ptolemy/domains/de/test/auto/deInCt.xml
auto.tcl: Setting watchdog for 200 seconds at Mon Jul 22 01:13:51 UTC 2019
0
1
1
0
0
0
0
1
1
1
0
0
0
1
1
1
1
1
1
0
0
0
0
1
1
1
1
0
0
0
0
16 ms. Memory: 48128K Free: 29024K (60%)
ptolemy.util.test.WatchDog.cancel(): canceling Mon Jul 22 01:13:51 UTC 2019
auto.tcl: Setting watchdog for 200 seconds at Mon Jul 22 01:13:51 UTC 2019
0
1
1
1
1
0
0
0
0
1
1
1
1
0
0
1
1
1
0
0
0
1
1
0
0
0
1
1
1
1
1
1
1
6 ms. Memory: 48128K Free: 27497K (57%)
ptolemy.util.test.WatchDog.cancel(): canceling Mon Jul 22 01:13:51 UTC 2019
------------------ testing $PTII/ptolemy/domains/de/test/auto/deInCt2.xml
auto.tcl: Setting watchdog for 200 seconds at Mon Jul 22 01:13:51 UTC 2019
0
1
1
1
0
0
1
1
1
0
0
1
1
1
0
0
1
1
1
0
0
1
1
1
0
0
1
1
1
0
0
1
1
1
0
0
1
1
1
0
0
0
8 ms. Memory: 48128K Free: 29026K (60%)
ptolemy.util.test.WatchDog.cancel(): canceling Mon Jul 22 01:13:51 UTC 2019
auto.tcl: Setting watchdog for 200 seconds at Mon Jul 22 01:13:51 UTC 2019
0
1
1
1
0
0
1
1
1
0
0
1
1
1
0
0
1
1
1
0
0
1
1
1
0
0
1
1
1
0
0
1
1
1
0
0
1
1
1
0
0
0
6 ms. Memory: 48128K Free: 27508K (57%)
ptolemy.util.test.WatchDog.cancel(): canceling Mon Jul 22 01:13:51 UTC 2019
------------------ testing $PTII/ptolemy/domains/de/test/auto/dynamicCausalityInterface1.xml
auto.tcl: Setting watchdog for 200 seconds at Mon Jul 22 01:13:51 UTC 2019
2 ms. Memory: 48128K Free: 24924K (52%)
ptolemy.util.test.WatchDog.cancel(): canceling Mon Jul 22 01:13:51 UTC 2019
auto.tcl: Setting watchdog for 200 seconds at Mon Jul 22 01:13:51 UTC 2019
0 ms. Memory: 48128K Free: 23981K (50%)
ptolemy.util.test.WatchDog.cancel(): canceling Mon Jul 22 01:13:51 UTC 2019
------------------ testing $PTII/ptolemy/domains/de/test/auto/fsm_de_test.xml
auto.tcl: Setting watchdog for 200 seconds at Mon Jul 22 01:13:51 UTC 2019
16 ms. Memory: 48128K Free: 24823K (52%)
ptolemy.util.test.WatchDog.cancel(): canceling Mon Jul 22 01:13:51 UTC 2019
auto.tcl: Setting watchdog for 200 seconds at Mon Jul 22 01:13:51 UTC 2019
7 ms. Memory: 48128K Free: 22825K (47%)
ptolemy.util.test.WatchDog.cancel(): canceling Mon Jul 22 01:13:51 UTC 2019
------------------ testing $PTII/ptolemy/domains/de/test/auto/functionDependencyReconstruction.xml
auto.tcl: Setting watchdog for 200 seconds at Mon Jul 22 01:13:51 UTC 2019
3 ms. Memory: 48128K Free: 18669K (39%)
ptolemy.util.test.WatchDog.cancel(): canceling Mon Jul 22 01:13:51 UTC 2019
auto.tcl: Setting watchdog for 200 seconds at Mon Jul 22 01:13:51 UTC 2019
2 ms. Memory: 48128K Free: 16655K (35%)
ptolemy.util.test.WatchDog.cancel(): canceling Mon Jul 22 01:13:51 UTC 2019
------------------ testing $PTII/ptolemy/domains/de/test/auto/multirate.xml
auto.tcl: Setting watchdog for 200 seconds at Mon Jul 22 01:13:51 UTC 2019
7 ms. Memory: 48128K Free: 27485K (57%)
ptolemy.util.test.WatchDog.cancel(): canceling Mon Jul 22 01:13:52 UTC 2019
auto.tcl: Setting watchdog for 200 seconds at Mon Jul 22 01:13:52 UTC 2019
3 ms. Memory: 48128K Free: 25813K (54%)
ptolemy.util.test.WatchDog.cancel(): canceling Mon Jul 22 01:13:52 UTC 2019
------------------ testing $PTII/ptolemy/domains/de/test/auto/multirate2.xml
auto.tcl: Setting watchdog for 200 seconds at Mon Jul 22 01:13:52 UTC 2019
5 ms. Memory: 48128K Free: 27420K (57%)
ptolemy.util.test.WatchDog.cancel(): canceling Mon Jul 22 01:13:52 UTC 2019
auto.tcl: Setting watchdog for 200 seconds at Mon Jul 22 01:13:52 UTC 2019
3 ms. Memory: 48128K Free: 25948K (54%)
ptolemy.util.test.WatchDog.cancel(): canceling Mon Jul 22 01:13:52 UTC 2019
------------------ testing $PTII/ptolemy/domains/de/test/auto/realtime.xml
auto.tcl: Setting watchdog for 200 seconds at Mon Jul 22 01:13:52 UTC 2019
10002 ms. Memory: 48128K Free: 29712K (62%)
ptolemy.util.test.WatchDog.cancel(): canceling Mon Jul 22 01:14:02 UTC 2019
auto.tcl: Setting watchdog for 200 seconds at Mon Jul 22 01:14:02 UTC 2019
10002 ms. Memory: 48128K Free: 28970K (60%)
ptolemy.util.test.WatchDog.cancel(): canceling Mon Jul 22 01:14:12 UTC 2019
------------------ testing $PTII/ptolemy/domains/de/test/auto/relationGroup.xml
auto.tcl: Setting watchdog for 200 seconds at Mon Jul 22 01:14:12 UTC 2019
1 ms. Memory: 48128K Free: 30769K (64%)
ptolemy.util.test.WatchDog.cancel(): canceling Mon Jul 22 01:14:12 UTC 2019
auto.tcl: Setting watchdog for 200 seconds at Mon Jul 22 01:14:12 UTC 2019
1 ms. Memory: 48128K Free: 30051K (62%)
ptolemy.util.test.WatchDog.cancel(): canceling Mon Jul 22 01:14:12 UTC 2019
------------------ testing $PTII/ptolemy/domains/de/test/auto/relationGroup2.xml
auto.tcl: Setting watchdog for 200 seconds at Mon Jul 22 01:14:12 UTC 2019
1 ms. Memory: 48128K Free: 30587K (64%)
ptolemy.util.test.WatchDog.cancel(): canceling Mon Jul 22 01:14:12 UTC 2019
auto.tcl: Setting watchdog for 200 seconds at Mon Jul 22 01:14:12 UTC 2019
2 ms. Memory: 48128K Free: 30106K (63%)
ptolemy.util.test.WatchDog.cancel(): canceling Mon Jul 22 01:14:12 UTC 2019
------------------ testing $PTII/ptolemy/domains/de/test/auto/sortWithOpaquePorts.xml
auto.tcl: Setting watchdog for 200 seconds at Mon Jul 22 01:14:12 UTC 2019
2 ms. Memory: 48128K Free: 29550K (61%)
ptolemy.util.test.WatchDog.cancel(): canceling Mon Jul 22 01:14:12 UTC 2019
auto.tcl: Setting watchdog for 200 seconds at Mon Jul 22 01:14:12 UTC 2019
2 ms. Memory: 48128K Free: 28566K (59%)
ptolemy.util.test.WatchDog.cancel(): canceling Mon Jul 22 01:14:12 UTC 2019
------------------ testing $PTII/ptolemy/domains/de/test/auto/transferInputsandOutputs.xml
auto.tcl: Setting watchdog for 200 seconds at Mon Jul 22 01:14:12 UTC 2019
4 ms. Memory: 48128K Free: 26994K (56%)
ptolemy.util.test.WatchDog.cancel(): canceling Mon Jul 22 01:14:12 UTC 2019
auto.tcl: Setting watchdog for 200 seconds at Mon Jul 22 01:14:12 UTC 2019
2 ms. Memory: 48128K Free: 26014K (54%)
ptolemy.util.test.WatchDog.cancel(): canceling Mon Jul 22 01:14:12 UTC 2019
------------------ testing $PTII/ptolemy/domains/de/test/auto/triggerType.xml
auto.tcl: Setting watchdog for 200 seconds at Mon Jul 22 01:14:12 UTC 2019
1 ms. Memory: 48128K Free: 30018K (62%)
ptolemy.util.test.WatchDog.cancel(): canceling Mon Jul 22 01:14:12 UTC 2019
auto.tcl: Setting watchdog for 200 seconds at Mon Jul 22 01:14:12 UTC 2019
1 ms. Memory: 48128K Free: 29015K (60%)
ptolemy.util.test.WatchDog.cancel(): canceling Mon Jul 22 01:14:12 UTC 2019
07/22/19 01:14:12
Failed: 0  Total Tests: 192  ((Passed: 187, Newly Passed: 1)  Known Failed: 5) /home/travis/build/icyphy/ptII/ptolemy/domains/de/test
07/22/19 01:14:12
Failed: 0  Total Tests: 192  ((Passed: 187, Newly Passed: 1)  Known Failed: 5) /home/travis/build/icyphy/ptII/ptolemy/domains/de/test
----------------- testing (KnownFailure) /home/travis/build/icyphy/ptII/ptolemy/domains/de/test/auto/knownFailedTests/DESDFClockTest.xml
2010 ms. Memory: 48128K Free: 23413K (49%)
Known Failure: java.lang.reflect.InvocationTargetException
----------------- testing (KnownFailure) /home/travis/build/icyphy/ptII/ptolemy/domains/de/test/auto/knownFailedTests/DirectFeedback.xml
1 ms. Memory: 48128K Free: 19831K (41%)
Known Failure: java.lang.reflect.InvocationTargetException
----------------- testing (KnownFailure) /home/travis/build/icyphy/ptII/ptolemy/domains/de/test/auto/knownFailedTests/FSMSource.xml
17 ms. Memory: 48128K Free: 12663K (26%)
----------------- testing (KnownFailure) /home/travis/build/icyphy/ptII/ptolemy/domains/de/test/auto/knownFailedTests/HierarchicalModel.xml
2 ms. Memory: 48128K Free: 22623K (47%)
Known Failure: java.lang.reflect.InvocationTargetException
----------------- testing (KnownFailure) /home/travis/build/icyphy/ptII/ptolemy/domains/de/test/auto/knownFailedTests/dependencyLoop.xml
10 ms. Memory: 48128K Free: 33142K (69%)
Known Failure: java.lang.reflect.InvocationTargetException
----------------- testing (KnownFailure) /home/travis/build/icyphy/ptII/ptolemy/domains/de/test/auto/knownFailedTests/dependencyLoop2.xml
7 ms. Memory: 48128K Free: 17970K (37%)
Known Failure: java.lang.reflect.InvocationTargetException
No auto/linux-amd64/*.xml tests in /home/travis/build/icyphy/ptII/ptolemy/domains/de/test
AutoTests.java: About to close Vertx.
AutoTests.java: Vertx closed.

===========================================================================================
----------------- testing Mon Jul 22 01:14:14 UTC 2019 /home/travis/build/icyphy/ptII/ptolemy/domains/de/test/auto/ActorDepthCalculation_actorWithoutPorts.xml
----------------- Instantiating /home/travis/build/icyphy/ptII/ptolemy/domains/de/test/auto/ActorDepthCalculation_actorWithoutPorts.xml
2 ms. Memory: 48128K Free: 11583K (24%)
----------------- Invoking toplevel() on ptolemy.moml.MoMLSimpleApplication@4fa2d049
----------------- Done invoking toplevel() on ptolemy.moml.MoMLSimpleApplication@4fa2d049
reloadAllAccessors: .ActorDepthCalculation_actorWithoutPorts

===========================================================================================
----------------- testing Mon Jul 22 01:14:14 UTC 2019 /home/travis/build/icyphy/ptII/ptolemy/domains/de/test/auto/AssemblyLine.xml
----------------- Instantiating /home/travis/build/icyphy/ptII/ptolemy/domains/de/test/auto/AssemblyLine.xml
2 ms. Memory: 48128K Free: 30362K (63%)
----------------- Invoking toplevel() on ptolemy.moml.MoMLSimpleApplication@5346a975
----------------- Done invoking toplevel() on ptolemy.moml.MoMLSimpleApplication@5346a975
reloadAllAccessors: .AssemblyLine

===========================================================================================
----------------- testing Mon Jul 22 01:14:14 UTC 2019 /home/travis/build/icyphy/ptII/ptolemy/domains/de/test/auto/CQBug1.xml
----------------- Instantiating /home/travis/build/icyphy/ptII/ptolemy/domains/de/test/auto/CQBug1.xml
1 ms. Memory: 48128K Free: 27476K (57%)
----------------- Invoking toplevel() on ptolemy.moml.MoMLSimpleApplication@616256c
----------------- Done invoking toplevel() on ptolemy.moml.MoMLSimpleApplication@616256c
reloadAllAccessors: .CQBug1

===========================================================================================
----------------- testing Mon Jul 22 01:14:14 UTC 2019 /home/travis/build/icyphy/ptII/ptolemy/domains/de/test/auto/CancelFireAt.xml
----------------- Instantiating /home/travis/build/icyphy/ptII/ptolemy/domains/de/test/auto/CancelFireAt.xml
5 ms. Memory: 48128K Free: 25031K (52%)
----------------- Invoking toplevel() on ptolemy.moml.MoMLSimpleApplication@29c5f9c5
----------------- Done invoking toplevel() on ptolemy.moml.MoMLSimpleApplication@29c5f9c5
reloadAllAccessors: .CancelFireAt

===========================================================================================
----------------- testing Mon Jul 22 01:14:14 UTC 2019 /home/travis/build/icyphy/ptII/ptolemy/domains/de/test/auto/CausalityAndComposabilityAnalysis.xml
----------------- Instantiating /home/travis/build/icyphy/ptII/ptolemy/domains/de/test/auto/CausalityAndComposabilityAnalysis.xml
1 ms. Memory: 48128K Free: 20788K (43%)
----------------- Invoking toplevel() on ptolemy.moml.MoMLSimpleApplication@2da7a58d
----------------- Done invoking toplevel() on ptolemy.moml.MoMLSimpleApplication@2da7a58d
reloadAllAccessors: .CausalityAndComposabilityAnalysis

===========================================================================================
----------------- testing Mon Jul 22 01:14:14 UTC 2019 /home/travis/build/icyphy/ptII/ptolemy/domains/de/test/auto/CausalityInterface1.xml
----------------- Instantiating /home/travis/build/icyphy/ptII/ptolemy/domains/de/test/auto/CausalityInterface1.xml
6 ms. Memory: 48128K Free: 15847K (33%)
----------------- Invoking toplevel() on ptolemy.moml.MoMLSimpleApplication@52767461
----------------- Done invoking toplevel() on ptolemy.moml.MoMLSimpleApplication@52767461
reloadAllAccessors: .CausalityInterface1

===========================================================================================
----------------- testing Mon Jul 22 01:14:14 UTC 2019 /home/travis/build/icyphy/ptII/ptolemy/domains/de/test/auto/CausalityInterface15.xml
----------------- Instantiating /home/travis/build/icyphy/ptII/ptolemy/domains/de/test/auto/CausalityInterface15.xml
2 ms. Memory: 48128K Free: 10467K (22%)
----------------- Invoking toplevel() on ptolemy.moml.MoMLSimpleApplication@106f002b
----------------- Done invoking toplevel() on ptolemy.moml.MoMLSimpleApplication@106f002b
reloadAllAccessors: .CausalityInterface15

===========================================================================================
----------------- testing Mon Jul 22 01:14:15 UTC 2019 /home/travis/build/icyphy/ptII/ptolemy/domains/de/test/auto/CausalityInterface2.xml
----------------- Instantiating /home/travis/build/icyphy/ptII/ptolemy/domains/de/test/auto/CausalityInterface2.xml
2 ms. Memory: 48128K Free: 31377K (65%)
[...]
	at ptolemy.actor.Manager.run(Manager.java:1263)
	at ptolemy.actor.Manager$PtolemyRunThread.run(Manager.java:1933)
java.lang.RuntimeException: Execution failed
	at ptolemy.moml.MoMLSimpleApplication$UnloadThread.run(MoMLSimpleApplication.java:402)
Caused by: ptolemy.kernel.util.IllegalActionException: Actor is not ready to fire.  Perhaps UpSample.prefire() returned false? Try debugging the actor by selecting "Listen to Actor".  Also, for SDF check moml for tokenConsumptionRate on input.
  in .DESDFClockTest.Play Bell.Copy1:SDF Director and .DESDFClockTest.Play Bell.UpSample
	at ptolemy.actor.sched.StaticSchedulingDirector.fire(StaticSchedulingDirector.java:227)
	at ptolemy.domains.sdf.kernel.SDFDirector.fire(SDFDirector.java:500)
	at ptolemy.actor.CompositeActor.fire(CompositeActor.java:455)
	at ptolemy.domains.de.kernel.DEDirector._fire(DEDirector.java:1949)
	at ptolemy.domains.de.kernel.DEDirector.fire(DEDirector.java:502)
	at ptolemy.actor.CompositeActor.fire(CompositeActor.java:455)
	at ptolemy.actor.Manager.iterate(Manager.java:851)
	at ptolemy.actor.Manager.execute(Manager.java:369)
	at ptolemy.actor.Manager.run(Manager.java:1263)
	at ptolemy.actor.Manager$PtolemyRunThread.run(Manager.java:1933)
java.lang.reflect.InvocationTargetException
	at java.base/jdk.internal.reflect.NativeConstructorAccessorImpl.newInstance0(Native Method)
	at java.base/jdk.internal.reflect.NativeConstructorAccessorImpl.newInstance(NativeConstructorAccessorImpl.java:62)
	at java.base/jdk.internal.reflect.DelegatingConstructorAccessorImpl.newInstance(DelegatingConstructorAccessorImpl.java:45)
	at java.base/java.lang.reflect.Constructor.newInstance(Constructor.java:490)
	at ptolemy.util.test.junit.AutoKnownFailedTests.RunModel(AutoKnownFailedTests.java:105)
	at java.base/jdk.internal.reflect.NativeMethodAccessorImpl.invoke0(Native Method)
	at java.base/jdk.internal.reflect.NativeMethodAccessorImpl.invoke(NativeMethodAccessorImpl.java:62)
	at java.base/jdk.internal.reflect.DelegatingMethodAccessorImpl.invoke(DelegatingMethodAccessorImpl.java:43)
	at java.base/java.lang.reflect.Method.invoke(Method.java:566)
	at org.junit.runners.model.FrameworkMethod$1.runReflectiveCall(FrameworkMethod.java:44)
	at org.junit.internal.runners.model.ReflectiveCallable.run(ReflectiveCallable.java:15)
	at org.junit.runners.model.FrameworkMethod.invokeExplosively(FrameworkMethod.java:41)
	at junitparams.internal.InvokeParameterisedMethod.evaluate(InvokeParameterisedMethod.java:102)
	at org.junit.internal.runners.statements.FailOnTimeout$1.run(FailOnTimeout.java:28)
Caused by: ptolemy.kernel.util.IllegalActionException: Actor is not ready to fire.  Perhaps UpSample.prefire() returned false? Try debugging the actor by selecting "Listen to Actor".  Also, for SDF check moml for tokenConsumptionRate on input.
  in .DESDFClockTest.Play Bell.Copy1:SDF Director and .DESDFClockTest.Play Bell.UpSample
	at ptolemy.actor.sched.StaticSchedulingDirector.fire(StaticSchedulingDirector.java:227)
	at ptolemy.domains.sdf.kernel.SDFDirector.fire(SDFDirector.java:500)
	at ptolemy.actor.CompositeActor.fire(CompositeActor.java:455)
	at ptolemy.domains.de.kernel.DEDirector._fire(DEDirector.java:1949)
	at ptolemy.domains.de.kernel.DEDirector.fire(DEDirector.java:502)
	at ptolemy.actor.CompositeActor.fire(CompositeActor.java:455)
	at ptolemy.actor.Manager.iterate(Manager.java:851)
	at ptolemy.actor.Manager.execute(Manager.java:369)
	at ptolemy.actor.Manager.run(Manager.java:1263)
	at ptolemy.actor.Manager$PtolemyRunThread.run(Manager.java:1933)
java.lang.RuntimeException: Execution failed
	at ptolemy.moml.MoMLSimpleApplication$UnloadThread.run(MoMLSimpleApplication.java:402)
Caused by: ptolemy.kernel.util.IllegalActionException: Test fails in iteration 1.
Value was: 1.0. Should have been: 2.0
  in .DirectFeedback.Test
	at ptolemy.actor.lib.Test.fire(Test.java:268)
	at ptolemy.domains.de.kernel.DEDirector._fire(DEDirector.java:1949)
	at ptolemy.domains.de.kernel.DEDirector.fire(DEDirector.java:502)
	at ptolemy.actor.CompositeActor.fire(CompositeActor.java:455)
	at ptolemy.actor.Manager.iterate(Manager.java:851)
	at ptolemy.actor.Manager.execute(Manager.java:369)
	at ptolemy.actor.Manager.run(Manager.java:1263)
	at ptolemy.actor.Manager$PtolemyRunThread.run(Manager.java:1933)
java.lang.reflect.InvocationTargetException
	at java.base/jdk.internal.reflect.NativeConstructorAccessorImpl.newInstance0(Native Method)
	at java.base/jdk.internal.reflect.NativeConstructorAccessorImpl.newInstance(NativeConstructorAccessorImpl.java:62)
	at java.base/jdk.internal.reflect.DelegatingConstructorAccessorImpl.newInstance(DelegatingConstructorAccessorImpl.java:45)
	at java.base/java.lang.reflect.Constructor.newInstance(Constructor.java:490)
	at ptolemy.util.test.junit.AutoKnownFailedTests.RunModel(AutoKnownFailedTests.java:105)
	at java.base/jdk.internal.reflect.NativeMethodAccessorImpl.invoke0(Native Method)
	at java.base/jdk.internal.reflect.NativeMethodAccessorImpl.invoke(NativeMethodAccessorImpl.java:62)
	at java.base/jdk.internal.reflect.DelegatingMethodAccessorImpl.invoke(DelegatingMethodAccessorImpl.java:43)
	at java.base/java.lang.reflect.Method.invoke(Method.java:566)
	at org.junit.runners.model.FrameworkMethod$1.runReflectiveCall(FrameworkMethod.java:44)
	at org.junit.internal.runners.model.ReflectiveCallable.run(ReflectiveCallable.java:15)
	at org.junit.runners.model.FrameworkMethod.invokeExplosively(FrameworkMethod.java:41)
	at junitparams.internal.InvokeParameterisedMethod.evaluate(InvokeParameterisedMethod.java:102)
	at org.junit.internal.runners.statements.FailOnTimeout$1.run(FailOnTimeout.java:28)
Caused by: ptolemy.kernel.util.IllegalActionException: Test fails in iteration 1.
Value was: 1.0. Should have been: 2.0
  in .DirectFeedback.Test
	at ptolemy.actor.lib.Test.fire(Test.java:268)
	at ptolemy.domains.de.kernel.DEDirector._fire(DEDirector.java:1949)
	at ptolemy.domains.de.kernel.DEDirector.fire(DEDirector.java:502)
	at ptolemy.actor.CompositeActor.fire(CompositeActor.java:455)
	at ptolemy.actor.Manager.iterate(Manager.java:851)
	at ptolemy.actor.Manager.execute(Manager.java:369)
	at ptolemy.actor.Manager.run(Manager.java:1263)
	at ptolemy.actor.Manager$PtolemyRunThread.run(Manager.java:1933)
java.lang.RuntimeException: Execution failed
	at ptolemy.moml.MoMLSimpleApplication$UnloadThread.run(MoMLSimpleApplication.java:402)
Caused by: ptolemy.kernel.util.IllegalActionException: Found a zero delay loop containing .HierarchicalModel.A
  in .HierarchicalModel and .HierarchicalModel.A
	at ptolemy.actor.util.CausalityInterfaceForComposites._computeOutputPortDepth(CausalityInterfaceForComposites.java:759)
	at ptolemy.actor.util.CausalityInterfaceForComposites._computeInputDepth(CausalityInterfaceForComposites.java:696)
	at ptolemy.actor.util.CausalityInterfaceForComposites._computeOutputPortDepth(CausalityInterfaceForComposites.java:765)
	at ptolemy.actor.util.CausalityInterfaceForComposites._computeInputDepth(CausalityInterfaceForComposites.java:696)
	at ptolemy.actor.util.CausalityInterfaceForComposites._computeOutputPortDepth(CausalityInterfaceForComposites.java:765)
	at ptolemy.actor.util.CausalityInterfaceForComposites._computeInputDepth(CausalityInterfaceForComposites.java:696)
	at ptolemy.actor.util.CausalityInterfaceForComposites._computeActorDepth(CausalityInterfaceForComposites.java:532)
	at ptolemy.actor.util.CausalityInterfaceForComposites.checkForCycles(CausalityInterfaceForComposites.java:96)
	at ptolemy.domains.de.kernel.DEDirector.preinitialize(DEDirector.java:1338)
	at ptolemy.actor.CompositeActor.preinitialize(CompositeActor.java:1828)
	at ptolemy.actor.Manager.preinitializeAndResolveTypes(Manager.java:1040)
	at ptolemy.actor.Manager.initialize(Manager.java:710)
	at ptolemy.actor.Manager.execute(Manager.java:356)
	at ptolemy.actor.Manager.run(Manager.java:1263)
	at ptolemy.actor.Manager$PtolemyRunThread.run(Manager.java:1933)
java.lang.reflect.InvocationTargetException
	at java.base/jdk.internal.reflect.NativeConstructorAccessorImpl.newInstance0(Native Method)
	at java.base/jdk.internal.reflect.NativeConstructorAccessorImpl.newInstance(NativeConstructorAccessorImpl.java:62)
	at java.base/jdk.internal.reflect.DelegatingConstructorAccessorImpl.newInstance(DelegatingConstructorAccessorImpl.java:45)
	at java.base/java.lang.reflect.Constructor.newInstance(Constructor.java:490)
	at ptolemy.util.test.junit.AutoKnownFailedTests.RunModel(AutoKnownFailedTests.java:105)
	at java.base/jdk.internal.reflect.NativeMethodAccessorImpl.invoke0(Native Method)
	at java.base/jdk.internal.reflect.NativeMethodAccessorImpl.invoke(NativeMethodAccessorImpl.java:62)
	at java.base/jdk.internal.reflect.DelegatingMethodAccessorImpl.invoke(DelegatingMethodAccessorImpl.java:43)
	at java.base/java.lang.reflect.Method.invoke(Method.java:566)
	at org.junit.runners.model.FrameworkMethod$1.runReflectiveCall(FrameworkMethod.java:44)
	at org.junit.internal.runners.model.ReflectiveCallable.run(ReflectiveCallable.java:15)
	at org.junit.runners.model.FrameworkMethod.invokeExplosively(FrameworkMethod.java:41)
	at junitparams.internal.InvokeParameterisedMethod.evaluate(InvokeParameterisedMethod.java:102)
	at org.junit.internal.runners.statements.FailOnTimeout$1.run(FailOnTimeout.java:28)
Caused by: ptolemy.kernel.util.IllegalActionException: Found a zero delay loop containing .HierarchicalModel.A
  in .HierarchicalModel and .HierarchicalModel.A
	at ptolemy.actor.util.CausalityInterfaceForComposites._computeOutputPortDepth(CausalityInterfaceForComposites.java:759)
	at ptolemy.actor.util.CausalityInterfaceForComposites._computeInputDepth(CausalityInterfaceForComposites.java:696)
	at ptolemy.actor.util.CausalityInterfaceForComposites._computeOutputPortDepth(CausalityInterfaceForComposites.java:765)
	at ptolemy.actor.util.CausalityInterfaceForComposites._computeInputDepth(CausalityInterfaceForComposites.java:696)
	at ptolemy.actor.util.CausalityInterfaceForComposites._computeOutputPortDepth(CausalityInterfaceForComposites.java:765)
	at ptolemy.actor.util.CausalityInterfaceForComposites._computeInputDepth(CausalityInterfaceForComposites.java:696)
	at ptolemy.actor.util.CausalityInterfaceForComposites._computeActorDepth(CausalityInterfaceForComposites.java:532)
	at ptolemy.actor.util.CausalityInterfaceForComposites.checkForCycles(CausalityInterfaceForComposites.java:96)
	at ptolemy.domains.de.kernel.DEDirector.preinitialize(DEDirector.java:1338)
	at ptolemy.actor.CompositeActor.preinitialize(CompositeActor.java:1828)
	at ptolemy.actor.Manager.preinitializeAndResolveTypes(Manager.java:1040)
	at ptolemy.actor.Manager.initialize(Manager.java:710)
	at ptolemy.actor.Manager.execute(Manager.java:356)
	at ptolemy.actor.Manager.run(Manager.java:1263)
	at ptolemy.actor.Manager$PtolemyRunThread.run(Manager.java:1933)
java.lang.RuntimeException: Execution failed
	at ptolemy.moml.MoMLSimpleApplication$UnloadThread.run(MoMLSimpleApplication.java:402)
Caused by: ptolemy.kernel.util.IllegalActionException: Found a zero delay loop containing .dependencyLoop.original
  in .dependencyLoop and .dependencyLoop.original
	at ptolemy.actor.util.CausalityInterfaceForComposites._computeOutputPortDepth(CausalityInterfaceForComposites.java:759)
	at ptolemy.actor.util.CausalityInterfaceForComposites._computeInputDepth(CausalityInterfaceForComposites.java:696)
	at ptolemy.actor.util.CausalityInterfaceForComposites._computeOutputPortDepth(CausalityInterfaceForComposites.java:765)
	at ptolemy.actor.util.CausalityInterfaceForComposites._computeInputDepth(CausalityInterfaceForComposites.java:696)
	at ptolemy.actor.util.CausalityInterfaceForComposites._computeOutputPortDepth(CausalityInterfaceForComposites.java:765)
	at ptolemy.actor.util.CausalityInterfaceForComposites._computeInputDepth(CausalityInterfaceForComposites.java:696)
	at ptolemy.actor.util.CausalityInterfaceForComposites._computeActorDepth(CausalityInterfaceForComposites.java:532)
	at ptolemy.actor.util.CausalityInterfaceForComposites.checkForCycles(CausalityInterfaceForComposites.java:96)
	at ptolemy.domains.de.kernel.DEDirector.preinitialize(DEDirector.java:1338)
	at ptolemy.actor.CompositeActor.preinitialize(CompositeActor.java:1828)
	at ptolemy.actor.Manager.preinitializeAndResolveTypes(Manager.java:1040)
	at ptolemy.actor.Manager.initialize(Manager.java:710)
	at ptolemy.actor.Manager.execute(Manager.java:356)
	at ptolemy.actor.Manager.run(Manager.java:1263)
	at ptolemy.actor.Manager$PtolemyRunThread.run(Manager.java:1933)
java.lang.reflect.InvocationTargetException
	at java.base/jdk.internal.reflect.NativeConstructorAccessorImpl.newInstance0(Native Method)
	at java.base/jdk.internal.reflect.NativeConstructorAccessorImpl.newInstance(NativeConstructorAccessorImpl.java:62)
	at java.base/jdk.internal.reflect.DelegatingConstructorAccessorImpl.newInstance(DelegatingConstructorAccessorImpl.java:45)
	at java.base/java.lang.reflect.Constructor.newInstance(Constructor.java:490)
	at ptolemy.util.test.junit.AutoKnownFailedTests.RunModel(AutoKnownFailedTests.java:105)
	at java.base/jdk.internal.reflect.NativeMethodAccessorImpl.invoke0(Native Method)
	at java.base/jdk.internal.reflect.NativeMethodAccessorImpl.invoke(NativeMethodAccessorImpl.java:62)
	at java.base/jdk.internal.reflect.DelegatingMethodAccessorImpl.invoke(DelegatingMethodAccessorImpl.java:43)
	at java.base/java.lang.reflect.Method.invoke(Method.java:566)
	at org.junit.runners.model.FrameworkMethod$1.runReflectiveCall(FrameworkMethod.java:44)
	at org.junit.internal.runners.model.ReflectiveCallable.run(ReflectiveCallable.java:15)
	at org.junit.runners.model.FrameworkMethod.invokeExplosively(FrameworkMethod.java:41)
	at junitparams.internal.InvokeParameterisedMethod.evaluate(InvokeParameterisedMethod.java:102)
	at org.junit.internal.runners.statements.FailOnTimeout$1.run(FailOnTimeout.java:28)
Caused by: ptolemy.kernel.util.IllegalActionException: Found a zero delay loop containing .dependencyLoop.original
  in .dependencyLoop and .dependencyLoop.original
	at ptolemy.actor.util.CausalityInterfaceForComposites._computeOutputPortDepth(CausalityInterfaceForComposites.java:759)
	at ptolemy.actor.util.CausalityInterfaceForComposites._computeInputDepth(CausalityInterfaceForComposites.java:696)
	at ptolemy.actor.util.CausalityInterfaceForComposites._computeOutputPortDepth(CausalityInterfaceForComposites.java:765)
	at ptolemy.actor.util.CausalityInterfaceForComposites._computeInputDepth(CausalityInterfaceForComposites.java:696)
	at ptolemy.actor.util.CausalityInterfaceForComposites._computeOutputPortDepth(CausalityInterfaceForComposites.java:765)
	at ptolemy.actor.util.CausalityInterfaceForComposites._computeInputDepth(CausalityInterfaceForComposites.java:696)
	at ptolemy.actor.util.CausalityInterfaceForComposites._computeActorDepth(CausalityInterfaceForComposites.java:532)
	at ptolemy.actor.util.CausalityInterfaceForComposites.checkForCycles(CausalityInterfaceForComposites.java:96)
	at ptolemy.domains.de.kernel.DEDirector.preinitialize(DEDirector.java:1338)
	at ptolemy.actor.CompositeActor.preinitialize(CompositeActor.java:1828)
	at ptolemy.actor.Manager.preinitializeAndResolveTypes(Manager.java:1040)
	at ptolemy.actor.Manager.initialize(Manager.java:710)
	at ptolemy.actor.Manager.execute(Manager.java:356)
	at ptolemy.actor.Manager.run(Manager.java:1263)
	at ptolemy.actor.Manager$PtolemyRunThread.run(Manager.java:1933)
java.lang.RuntimeException: Execution failed
	at ptolemy.moml.MoMLSimpleApplication$UnloadThread.run(MoMLSimpleApplication.java:402)
Caused by: ptolemy.kernel.util.IllegalActionException: Found a zero delay loop containing .dependencyLoop2.original
  in .dependencyLoop2 and .dependencyLoop2.original
	at ptolemy.actor.util.CausalityInterfaceForComposites._computeOutputPortDepth(CausalityInterfaceForComposites.java:759)
	at ptolemy.actor.util.CausalityInterfaceForComposites._computeInputDepth(CausalityInterfaceForComposites.java:696)
	at ptolemy.actor.util.CausalityInterfaceForComposites._computeOutputPortDepth(CausalityInterfaceForComposites.java:765)
	at ptolemy.actor.util.CausalityInterfaceForComposites._computeInputDepth(CausalityInterfaceForComposites.java:696)
	at ptolemy.actor.util.CausalityInterfaceForComposites._computeOutputPortDepth(CausalityInterfaceForComposites.java:765)
	at ptolemy.actor.util.CausalityInterfaceForComposites._computeInputDepth(CausalityInterfaceForComposites.java:696)
	at ptolemy.actor.util.CausalityInterfaceForComposites._computeActorDepth(CausalityInterfaceForComposites.java:532)
	at ptolemy.actor.util.CausalityInterfaceForComposites.checkForCycles(CausalityInterfaceForComposites.java:96)
	at ptolemy.domains.de.kernel.DEDirector.preinitialize(DEDirector.java:1338)
	at ptolemy.actor.CompositeActor.preinitialize(CompositeActor.java:1828)
	at ptolemy.actor.Manager.preinitializeAndResolveTypes(Manager.java:1040)
	at ptolemy.actor.Manager.initialize(Manager.java:710)
	at ptolemy.actor.Manager.execute(Manager.java:356)
	at ptolemy.actor.Manager.run(Manager.java:1263)
	at ptolemy.actor.Manager$PtolemyRunThread.run(Manager.java:1933)
java.lang.reflect.InvocationTargetException
	at java.base/jdk.internal.reflect.NativeConstructorAccessorImpl.newInstance0(Native Method)
	at java.base/jdk.internal.reflect.NativeConstructorAccessorImpl.newInstance(NativeConstructorAccessorImpl.java:62)
	at java.base/jdk.internal.reflect.DelegatingConstructorAccessorImpl.newInstance(DelegatingConstructorAccessorImpl.java:45)
	at java.base/java.lang.reflect.Constructor.newInstance(Constructor.java:490)
	at ptolemy.util.test.junit.AutoKnownFailedTests.RunModel(AutoKnownFailedTests.java:105)
	at java.base/jdk.internal.reflect.NativeMethodAccessorImpl.invoke0(Native Method)
	at java.base/jdk.internal.reflect.NativeMethodAccessorImpl.invoke(NativeMethodAccessorImpl.java:62)
	at java.base/jdk.internal.reflect.DelegatingMethodAccessorImpl.invoke(DelegatingMethodAccessorImpl.java:43)
	at java.base/java.lang.reflect.Method.invoke(Method.java:566)
	at org.junit.runners.model.FrameworkMethod$1.runReflectiveCall(FrameworkMethod.java:44)
	at org.junit.internal.runners.model.ReflectiveCallable.run(ReflectiveCallable.java:15)
	at org.junit.runners.model.FrameworkMethod.invokeExplosively(FrameworkMethod.java:41)
	at junitparams.internal.InvokeParameterisedMethod.evaluate(InvokeParameterisedMethod.java:102)
	at org.junit.internal.runners.statements.FailOnTimeout$1.run(FailOnTimeout.java:28)
Caused by: ptolemy.kernel.util.IllegalActionException: Found a zero delay loop containing .dependencyLoop2.original
  in .dependencyLoop2 and .dependencyLoop2.original
	at ptolemy.actor.util.CausalityInterfaceForComposites._computeOutputPortDepth(CausalityInterfaceForComposites.java:759)
	at ptolemy.actor.util.CausalityInterfaceForComposites._computeInputDepth(CausalityInterfaceForComposites.java:696)
	at ptolemy.actor.util.CausalityInterfaceForComposites._computeOutputPortDepth(CausalityInterfaceForComposites.java:765)
	at ptolemy.actor.util.CausalityInterfaceForComposites._computeInputDepth(CausalityInterfaceForComposites.java:696)
	at ptolemy.actor.util.CausalityInterfaceForComposites._computeOutputPortDepth(CausalityInterfaceForComposites.java:765)
	at ptolemy.actor.util.CausalityInterfaceForComposites._computeInputDepth(CausalityInterfaceForComposites.java:696)
	at ptolemy.actor.util.CausalityInterfaceForComposites._computeActorDepth(CausalityInterfaceForComposites.java:532)
	at ptolemy.actor.util.CausalityInterfaceForComposites.checkForCycles(CausalityInterfaceForComposites.java:96)
	at ptolemy.domains.de.kernel.DEDirector.preinitialize(DEDirector.java:1338)
	at ptolemy.actor.CompositeActor.preinitialize(CompositeActor.java:1828)
	at ptolemy.actor.Manager.preinitializeAndResolveTypes(Manager.java:1040)
	at ptolemy.actor.Manager.initialize(Manager.java:710)
	at ptolemy.actor.Manager.execute(Manager.java:356)
	at ptolemy.actor.Manager.run(Manager.java:1263)
	at ptolemy.actor.Manager$PtolemyRunThread.run(Manager.java:1933)
]]></system-err>
</testsuite>
