<?xml version="1.0" encoding="UTF-8" ?>
<testsuite errors="0" failures="0" hostname="travis-job-a02435ac-6120-4167-9f3e-6c35e6277ead" name="ptolemy.domains.de.test.junit.JUnitTclTest" skipped="0" tests="101" time="130.516" timestamp="2019-01-03T03:14:15">
  <properties>
[...]
</properties>
  <testcase classname="ptolemy.util.test.junit.TclTests" name="[0] /home/travis/build/icyphy/ptII/ptolemy/domains/de/test/DependencyLoop.tcl (RunTclFile)" time="0.793" />
  <testcase classname="ptolemy.util.test.junit.TclTests" name="[1] /home/travis/build/icyphy/ptII/ptolemy/domains/de/test/RunDETestsAsQSS.tcl (RunTclFile)" time="89.063" />
  <testcase classname="ptolemy.util.test.junit.AutoKnownFailedTests" name="[0] /home/travis/build/icyphy/ptII/ptolemy/domains/de/test/auto/knownFailedTests/DESDFClockTest.xml (RunModel)" time="2.04" />
  <testcase classname="ptolemy.util.test.junit.AutoKnownFailedTests" name="[1] /home/travis/build/icyphy/ptII/ptolemy/domains/de/test/auto/knownFailedTests/DirectFeedback.xml (RunModel)" time="0.021" />
  <testcase classname="ptolemy.util.test.junit.AutoKnownFailedTests" name="[2] /home/travis/build/icyphy/ptII/ptolemy/domains/de/test/auto/knownFailedTests/FSMSource.xml (RunModel)" time="0.027" />
  <testcase classname="ptolemy.util.test.junit.AutoKnownFailedTests" name="[3] /home/travis/build/icyphy/ptII/ptolemy/domains/de/test/auto/knownFailedTests/HierarchicalModel.xml (RunModel)" time="0.052" />
  <testcase classname="ptolemy.util.test.junit.AutoKnownFailedTests" name="[4] /home/travis/build/icyphy/ptII/ptolemy/domains/de/test/auto/knownFailedTests/dependencyLoop.xml (RunModel)" time="0.052" />
  <testcase classname="ptolemy.util.test.junit.AutoKnownFailedTests" name="[5] /home/travis/build/icyphy/ptII/ptolemy/domains/de/test/auto/knownFailedTests/dependencyLoop2.xml (RunModel)" time="0.052" />
  <testcase classname="ptolemy.util.test.junit.AutoNameArchTests" name="[0] ThereAreNoAutoArchTests (RunModel)" time="0.005" />
  <testcase classname="ptolemy.util.test.junit.AutoTests" name="[0] /home/travis/build/icyphy/ptII/ptolemy/domains/de/test/auto/ActorDepthCalculation_actorWithoutPorts.xml (RunModel)" time="0.021" />
  <testcase classname="ptolemy.util.test.junit.AutoTests" name="[1] /home/travis/build/icyphy/ptII/ptolemy/domains/de/test/auto/AssemblyLine.xml (RunModel)" time="0.026" />
  <testcase classname="ptolemy.util.test.junit.AutoTests" name="[2] /home/travis/build/icyphy/ptII/ptolemy/domains/de/test/auto/CQBug1.xml (RunModel)" time="0.012" />
  <testcase classname="ptolemy.util.test.junit.AutoTests" name="[3] /home/travis/build/icyphy/ptII/ptolemy/domains/de/test/auto/CancelFireAt.xml (RunModel)" time="0.014" />
  <testcase classname="ptolemy.util.test.junit.AutoTests" name="[4] /home/travis/build/icyphy/ptII/ptolemy/domains/de/test/auto/CausalityAndComposabilityAnalysis.xml (RunModel)" time="0.015" />
  <testcase classname="ptolemy.util.test.junit.AutoTests" name="[5] /home/travis/build/icyphy/ptII/ptolemy/domains/de/test/auto/CausalityInterface1.xml (RunModel)" time="0.015" />
  <testcase classname="ptolemy.util.test.junit.AutoTests" name="[6] /home/travis/build/icyphy/ptII/ptolemy/domains/de/test/auto/CausalityInterface15.xml (RunModel)" time="0.017" />
  <testcase classname="ptolemy.util.test.junit.AutoTests" name="[7] /home/travis/build/icyphy/ptII/ptolemy/domains/de/test/auto/CausalityInterface2.xml (RunModel)" time="0.014" />
  <testcase classname="ptolemy.util.test.junit.AutoTests" name="[8] /home/travis/build/icyphy/ptII/ptolemy/domains/de/test/auto/CausalityInterface3.xml (RunModel)" time="0.012" />
  <testcase classname="ptolemy.util.test.junit.AutoTests" name="[9] /home/travis/build/icyphy/ptII/ptolemy/domains/de/test/auto/ClockDrift.xml (RunModel)" time="0.043" />
  <testcase classname="ptolemy.util.test.junit.AutoTests" name="[10] /home/travis/build/icyphy/ptII/ptolemy/domains/de/test/auto/ClockDriftAndValueChange.xml (RunModel)" time="0.033" />
  <testcase classname="ptolemy.util.test.junit.AutoTests" name="[11] /home/travis/build/icyphy/ptII/ptolemy/domains/de/test/auto/ClockDriftChange.xml (RunModel)" time="0.037" />
  <testcase classname="ptolemy.util.test.junit.AutoTests" name="[12] /home/travis/build/icyphy/ptII/ptolemy/domains/de/test/auto/ComposableCausalityAnalysis.xml (RunModel)" time="0.014" />
  <testcase classname="ptolemy.util.test.junit.AutoTests" name="[13] /home/travis/build/icyphy/ptII/ptolemy/domains/de/test/auto/DEFixedPointLimitation.xml (RunModel)" time="0.015" />
  <testcase classname="ptolemy.util.test.junit.AutoTests" name="[14] /home/travis/build/icyphy/ptII/ptolemy/domains/de/test/auto/DEScheduleTest.xml (RunModel)" time="0.038" />
  <testcase classname="ptolemy.util.test.junit.AutoTests" name="[15] /home/travis/build/icyphy/ptII/ptolemy/domains/de/test/auto/DEinDEwithStartTimes.xml (RunModel)" time="0.016" />
  <testcase classname="ptolemy.util.test.junit.AutoTests" name="[16] /home/travis/build/icyphy/ptII/ptolemy/domains/de/test/auto/DEinDEwithStartTimes2.xml (RunModel)" time="0.016" />
  <testcase classname="ptolemy.util.test.junit.AutoTests" name="[17] /home/travis/build/icyphy/ptII/ptolemy/domains/de/test/auto/DateDemo.xml (RunModel)" time="0.023" />
  <testcase classname="ptolemy.util.test.junit.AutoTests" name="[18] /home/travis/build/icyphy/ptII/ptolemy/domains/de/test/auto/DateToEvent.xml (RunModel)" time="2.036" />
  <testcase classname="ptolemy.util.test.junit.AutoTests" name="[19] /home/travis/build/icyphy/ptII/ptolemy/domains/de/test/auto/DepthTest1.xml (RunModel)" time="0.008" />
  <testcase classname="ptolemy.util.test.junit.AutoTests" name="[20] /home/travis/build/icyphy/ptII/ptolemy/domains/de/test/auto/DepthTest2.xml (RunModel)" time="0.017" />
  <testcase classname="ptolemy.util.test.junit.AutoTests" name="[21] /home/travis/build/icyphy/ptII/ptolemy/domains/de/test/auto/DepthTest3.xml (RunModel)" time="0.007" />
  <testcase classname="ptolemy.util.test.junit.AutoTests" name="[22] /home/travis/build/icyphy/ptII/ptolemy/domains/de/test/auto/DepthTest4.xml (RunModel)" time="0.012" />
  <testcase classname="ptolemy.util.test.junit.AutoTests" name="[23] /home/travis/build/icyphy/ptII/ptolemy/domains/de/test/auto/DepthTest5.xml (RunModel)" time="0.013" />
  <testcase classname="ptolemy.util.test.junit.AutoTests" name="[24] /home/travis/build/icyphy/ptII/ptolemy/domains/de/test/auto/DepthTest6.xml (RunModel)" time="0.014" />
  <testcase classname="ptolemy.util.test.junit.AutoTests" name="[25] /home/travis/build/icyphy/ptII/ptolemy/domains/de/test/auto/DepthTest7.xml (RunModel)" time="0.012" />
  <testcase classname="ptolemy.util.test.junit.AutoTests" name="[26] /home/travis/build/icyphy/ptII/ptolemy/domains/de/test/auto/EventToDate.xml (RunModel)" time="3.033" />
  <testcase classname="ptolemy.util.test.junit.AutoTests" name="[27] /home/travis/build/icyphy/ptII/ptolemy/domains/de/test/auto/FSM1.xml (RunModel)" time="0.031" />
  <testcase classname="ptolemy.util.test.junit.AutoTests" name="[28] /home/travis/build/icyphy/ptII/ptolemy/domains/de/test/auto/FSM7.xml (RunModel)" time="0.032" />
  <testcase classname="ptolemy.util.test.junit.AutoTests" name="[29] /home/travis/build/icyphy/ptII/ptolemy/domains/de/test/auto/Inspection.xml (RunModel)" time="0.04" />
  <testcase classname="ptolemy.util.test.junit.AutoTests" name="[30] /home/travis/build/icyphy/ptII/ptolemy/domains/de/test/auto/Iteration.xml (RunModel)" time="0.019" />
  <testcase classname="ptolemy.util.test.junit.AutoTests" name="[31] /home/travis/build/icyphy/ptII/ptolemy/domains/de/test/auto/LineFault.xml (RunModel)" time="0.542" />
  <testcase classname="ptolemy.util.test.junit.AutoTests" name="[32] /home/travis/build/icyphy/ptII/ptolemy/domains/de/test/auto/MergeModel1Add.xml (RunModel)" time="0.046" />
  <testcase classname="ptolemy.util.test.junit.AutoTests" name="[33] /home/travis/build/icyphy/ptII/ptolemy/domains/de/test/auto/MergeModel2Add.xml (RunModel)" time="0.038" />
  <testcase classname="ptolemy.util.test.junit.AutoTests" name="[34] /home/travis/build/icyphy/ptII/ptolemy/domains/de/test/auto/MergeModel3Add.xml (RunModel)" time="0.035" />
  <testcase classname="ptolemy.util.test.junit.AutoTests" name="[35] /home/travis/build/icyphy/ptII/ptolemy/domains/de/test/auto/MergeWithoutDiscard.xml (RunModel)" time="0.01" />
  <testcase classname="ptolemy.util.test.junit.AutoTests" name="[36] /home/travis/build/icyphy/ptII/ptolemy/domains/de/test/auto/Modal1.xml (RunModel)" time="0.031" />
  <testcase classname="ptolemy.util.test.junit.AutoTests" name="[37] /home/travis/build/icyphy/ptII/ptolemy/domains/de/test/auto/Modal2.xml (RunModel)" time="0.03" />
  <testcase classname="ptolemy.util.test.junit.AutoTests" name="[38] /home/travis/build/icyphy/ptII/ptolemy/domains/de/test/auto/Modal3.xml (RunModel)" time="0.027" />
  <testcase classname="ptolemy.util.test.junit.AutoTests" name="[39] /home/travis/build/icyphy/ptII/ptolemy/domains/de/test/auto/Modal4.xml (RunModel)" time="0.03" />
  <testcase classname="ptolemy.util.test.junit.AutoTests" name="[40] /home/travis/build/icyphy/ptII/ptolemy/domains/de/test/auto/Modal5.xml (RunModel)" time="0.028" />
  <testcase classname="ptolemy.util.test.junit.AutoTests" name="[41] /home/travis/build/icyphy/ptII/ptolemy/domains/de/test/auto/Modal6.xml (RunModel)" time="0.029" />
  <testcase classname="ptolemy.util.test.junit.AutoTests" name="[42] /home/travis/build/icyphy/ptII/ptolemy/domains/de/test/auto/Modal7.xml (RunModel)" time="0.028" />
  <testcase classname="ptolemy.util.test.junit.AutoTests" name="[43] /home/travis/build/icyphy/ptII/ptolemy/domains/de/test/auto/ModalModel.xml (RunModel)" time="0.148" />
  <testcase classname="ptolemy.util.test.junit.AutoTests" name="[44] /home/travis/build/icyphy/ptII/ptolemy/domains/de/test/auto/ModalSource.xml (RunModel)" time="0.017" />
  <testcase classname="ptolemy.util.test.junit.AutoTests" name="[45] /home/travis/build/icyphy/ptII/ptolemy/domains/de/test/auto/NonInterruptibleTimerZeroDelay.xml (RunModel)" time="0.013" />
  <testcase classname="ptolemy.util.test.junit.AutoTests" name="[46] /home/travis/build/icyphy/ptII/ptolemy/domains/de/test/auto/OpenQueueingNetwork.xml (RunModel)" time="2.361" />
  <testcase classname="ptolemy.util.test.junit.AutoTests" name="[47] /home/travis/build/icyphy/ptII/ptolemy/domains/de/test/auto/OpenQueuingNetwork.xml (RunModel)" time="0.276" />
  <testcase classname="ptolemy.util.test.junit.AutoTests" name="[48] /home/travis/build/icyphy/ptII/ptolemy/domains/de/test/auto/PeriodicSampler.xml (RunModel)" time="0.008" />
  <testcase classname="ptolemy.util.test.junit.AutoTests" name="[49] /home/travis/build/icyphy/ptII/ptolemy/domains/de/test/auto/PersistentIO.xml (RunModel)" time="0.023" />
  <testcase classname="ptolemy.util.test.junit.AutoTests" name="[50] /home/travis/build/icyphy/ptII/ptolemy/domains/de/test/auto/PortParameterResetOnInitialize.xml (RunModel)" time="0.009" />
  <testcase classname="ptolemy.util.test.junit.AutoTests" name="[51] /home/travis/build/icyphy/ptII/ptolemy/domains/de/test/auto/PortParameterUpdates.xml (RunModel)" time="0.014" />
  <testcase classname="ptolemy.util.test.junit.AutoTests" name="[52] /home/travis/build/icyphy/ptII/ptolemy/domains/de/test/auto/QueueAndServer.xml (RunModel)" time="0.022" />
  <testcase classname="ptolemy.util.test.junit.AutoTests" name="[53] /home/travis/build/icyphy/ptII/ptolemy/domains/de/test/auto/Records.xml (RunModel)" time="0.018" />
  <testcase classname="ptolemy.util.test.junit.AutoTests" name="[54] /home/travis/build/icyphy/ptII/ptolemy/domains/de/test/auto/ResetTransitionWithStartTime1.xml (RunModel)" time="0.022" />
  <testcase classname="ptolemy.util.test.junit.AutoTests" name="[55] /home/travis/build/icyphy/ptII/ptolemy/domains/de/test/auto/ResetTransitionWithStartTime2.xml (RunModel)" time="0.019" />
  <testcase classname="ptolemy.util.test.junit.AutoTests" name="[56] /home/travis/build/icyphy/ptII/ptolemy/domains/de/test/auto/ResetTransitionWithStartTime3.xml (RunModel)" time="0.019" />
  <testcase classname="ptolemy.util.test.junit.AutoTests" name="[57] /home/travis/build/icyphy/ptII/ptolemy/domains/de/test/auto/ResetTransitionWithStartTime4.xml (RunModel)" time="0.018" />
  <testcase classname="ptolemy.util.test.junit.AutoTests" name="[58] /home/travis/build/icyphy/ptII/ptolemy/domains/de/test/auto/ResettableTimer1.xml (RunModel)" time="0.012" />
  <testcase classname="ptolemy.util.test.junit.AutoTests" name="[59] /home/travis/build/icyphy/ptII/ptolemy/domains/de/test/auto/ResettableTimer2.xml (RunModel)" time="0.009" />
  <testcase classname="ptolemy.util.test.junit.AutoTests" name="[60] /home/travis/build/icyphy/ptII/ptolemy/domains/de/test/auto/ResettableTimer3.xml (RunModel)" time="0.009" />
  <testcase classname="ptolemy.util.test.junit.AutoTests" name="[61] /home/travis/build/icyphy/ptII/ptolemy/domains/de/test/auto/ResettableTimer4.xml (RunModel)" time="0.009" />
  <testcase classname="ptolemy.util.test.junit.AutoTests" name="[62] /home/travis/build/icyphy/ptII/ptolemy/domains/de/test/auto/ResettableTimer5.xml (RunModel)" time="0.01" />
  <testcase classname="ptolemy.util.test.junit.AutoTests" name="[63] /home/travis/build/icyphy/ptII/ptolemy/domains/de/test/auto/ResettableTimer6.xml (RunModel)" time="0.019" />
  <testcase classname="ptolemy.util.test.junit.AutoTests" name="[64] /home/travis/build/icyphy/ptII/ptolemy/domains/de/test/auto/ServerZeroDelay.xml (RunModel)" time="0.01" />
  <testcase classname="ptolemy.util.test.junit.AutoTests" name="[65] /home/travis/build/icyphy/ptII/ptolemy/domains/de/test/auto/SmartSender.xml (RunModel)" time="3.009" />
  <testcase classname="ptolemy.util.test.junit.AutoTests" name="[66] /home/travis/build/icyphy/ptII/ptolemy/domains/de/test/auto/ThreadedComposite.xml (RunModel)" time="0.692" />
  <testcase classname="ptolemy.util.test.junit.AutoTests" name="[67] /home/travis/build/icyphy/ptII/ptolemy/domains/de/test/auto/Time.xml (RunModel)" time="0.428" />
  <testcase classname="ptolemy.util.test.junit.AutoTests" name="[68] /home/travis/build/icyphy/ptII/ptolemy/domains/de/test/auto/TimeDelayZeroDelay.xml (RunModel)" time="0.01" />
  <testcase classname="ptolemy.util.test.junit.AutoTests" name="[69] /home/travis/build/icyphy/ptII/ptolemy/domains/de/test/auto/TimerZeroDelay.xml (RunModel)" time="0.009" />
  <testcase classname="ptolemy.util.test.junit.AutoTests" name="[70] /home/travis/build/icyphy/ptII/ptolemy/domains/de/test/auto/TimingParadox.xml (RunModel)" time="0.43" />
  <testcase classname="ptolemy.util.test.junit.AutoTests" name="[71] /home/travis/build/icyphy/ptII/ptolemy/domains/de/test/auto/TransferInputs.xml (RunModel)" time="0.011" />
  <testcase classname="ptolemy.util.test.junit.AutoTests" name="[72] /home/travis/build/icyphy/ptII/ptolemy/domains/de/test/auto/TransferOutputs2.xml (RunModel)" time="0.024" />
  <testcase classname="ptolemy.util.test.junit.AutoTests" name="[73] /home/travis/build/icyphy/ptII/ptolemy/domains/de/test/auto/Trilateration.xml (RunModel)" time="11.573" />
  <testcase classname="ptolemy.util.test.junit.AutoTests" name="[74] /home/travis/build/icyphy/ptII/ptolemy/domains/de/test/auto/TwoSigmaDelta.xml (RunModel)" time="2.098" />
  <testcase classname="ptolemy.util.test.junit.AutoTests" name="[75] /home/travis/build/icyphy/ptII/ptolemy/domains/de/test/auto/VariableDelay.xml (RunModel)" time="0.011" />
  <testcase classname="ptolemy.util.test.junit.AutoTests" name="[76] /home/travis/build/icyphy/ptII/ptolemy/domains/de/test/auto/VariableDelay2.xml (RunModel)" time="0.009" />
  <testcase classname="ptolemy.util.test.junit.AutoTests" name="[77] /home/travis/build/icyphy/ptII/ptolemy/domains/de/test/auto/VariableDelayZeroDelay.xml (RunModel)" time="0.011" />
  <testcase classname="ptolemy.util.test.junit.AutoTests" name="[78] /home/travis/build/icyphy/ptII/ptolemy/domains/de/test/auto/VariableDelayZeroDelay2.xml (RunModel)" time="0.017" />
  <testcase classname="ptolemy.util.test.junit.AutoTests" name="[79] /home/travis/build/icyphy/ptII/ptolemy/domains/de/test/auto/deInCt.xml (RunModel)" time="0.018" />
  <testcase classname="ptolemy.util.test.junit.AutoTests" name="[80] /home/travis/build/icyphy/ptII/ptolemy/domains/de/test/auto/deInCt2.xml (RunModel)" time="0.013" />
  <testcase classname="ptolemy.util.test.junit.AutoTests" name="[81] /home/travis/build/icyphy/ptII/ptolemy/domains/de/test/auto/dynamicCausalityInterface1.xml (RunModel)" time="0.019" />
  <testcase classname="ptolemy.util.test.junit.AutoTests" name="[82] /home/travis/build/icyphy/ptII/ptolemy/domains/de/test/auto/fsm_de_test.xml (RunModel)" time="0.03" />
  <testcase classname="ptolemy.util.test.junit.AutoTests" name="[83] /home/travis/build/icyphy/ptII/ptolemy/domains/de/test/auto/functionDependencyReconstruction.xml (RunModel)" time="0.032" />
  <testcase classname="ptolemy.util.test.junit.AutoTests" name="[84] /home/travis/build/icyphy/ptII/ptolemy/domains/de/test/auto/multirate.xml (RunModel)" time="0.02" />
  <testcase classname="ptolemy.util.test.junit.AutoTests" name="[85] /home/travis/build/icyphy/ptII/ptolemy/domains/de/test/auto/multirate2.xml (RunModel)" time="0.023" />
  <testcase classname="ptolemy.util.test.junit.AutoTests" name="[86] /home/travis/build/icyphy/ptII/ptolemy/domains/de/test/auto/realtime.xml (RunModel)" time="10.012" />
  <testcase classname="ptolemy.util.test.junit.AutoTests" name="[87] /home/travis/build/icyphy/ptII/ptolemy/domains/de/test/auto/relationGroup.xml (RunModel)" time="0.007" />
  <testcase classname="ptolemy.util.test.junit.AutoTests" name="[88] /home/travis/build/icyphy/ptII/ptolemy/domains/de/test/auto/relationGroup2.xml (RunModel)" time="0.008" />
  <testcase classname="ptolemy.util.test.junit.AutoTests" name="[89] /home/travis/build/icyphy/ptII/ptolemy/domains/de/test/auto/sortWithOpaquePorts.xml (RunModel)" time="0.007" />
  <testcase classname="ptolemy.util.test.junit.AutoTests" name="[90] /home/travis/build/icyphy/ptII/ptolemy/domains/de/test/auto/transferInputsandOutputs.xml (RunModel)" time="0.011" />
  <testcase classname="ptolemy.util.test.junit.AutoTests" name="[91] /home/travis/build/icyphy/ptII/ptolemy/domains/de/test/auto/triggerType.xml (RunModel)" time="0.007" />
  <system-out><![CDATA[/home/travis/build/icyphy/ptII/ptolemy/domains/de/test/DependencyLoop.tcl
testDefs.tcl: setting time out to 9000 seconds at Thu Jan 03 03:14:15 UTC 2019
15 ms. Memory: 116224K Free: 93969K (81%)
16 ms. Memory: 146944K Free: 135454K (92%)
/home/travis/build/icyphy/ptII/ptolemy/domains/de/test/RunDETestsAsQSS.tcl
Run the DE tests using ptolemy.domains.qss.test.QSSDirectorTest, which extends QSSDirector and prints a message in the constructors.
------------------ testing $PTII/ptolemy/domains/de/test/auto/knownFailedTests/dependencyLoop.xml (Known Failure) 
15 ms. Memory: 146944K Free: 132342K (90%)


==== $PTIIhome/travis/build/icyphy/ptII/ptolemy/domains/de/test/../../../../: Auto Automatic test in file $PTII/ptolemy/domains/de/test/auto/knownFailedTests/dependencyLoop.xml
==== Contents of test case:

	    # FIXME: we should use $relativeFilename here, but it
	    # might have backslashes under Windows, which causes no end
	    # of trouble.
	    createAndExecute $file
	    list {}
	
.... Test generated KNOWN error:
    while executing
ptolemy.kernel.util.IllegalActionException: Found a zero delay loop containing .dependencyLoop.original
  in .dependencyLoop and .dependencyLoop.original
	at ptolemy.actor.util.CausalityInterfaceForComposites._computeOutputPortDepth(CausalityInterfaceForComposites.java:759)
	at ptolemy.actor.util.CausalityInterfaceForComposites._computeInputDepth(CausalityInterfaceForComposites.java:696)
	at ptolemy.actor.util.CausalityInterfaceForComposites._computeOutputPortDepth(CausalityInterfaceForComposites.java:765)
	at ptolemy.actor.util.CausalityInterfaceForComposites._computeInputDepth(CausalityInterfaceForComposites.java:696)
	at ptolemy.actor.util.CausalityInterfaceForComposites._computeOutputPortDepth(CausalityInterfaceForComposites.java:765)
	at ptolemy.actor.util.CausalityInterfaceForComposites._computeInputDepth(CausalityInterfaceForComposites.java:696)
	at ptolemy.actor.util.CausalityInterfaceForComposites._computeActorDepth(CausalityInterfaceForComposites.java:532)
	at ptolemy.actor.util.CausalityInterfaceForComposites.checkForCycles(CausalityInterfaceForComposites.java:96)
	at ptolemy.domains.de.kernel.DEDirector.preinitialize(DEDirector.java:1338)
	at ptolemy.actor.CompositeActor.preinitialize(CompositeActor.java:1828)
	at ptolemy.actor.Manager.preinitializeAndResolveTypes(Manager.java:1040)
	at ptolemy.actor.Manager.initialize(Manager.java:710)
	at ptolemy.actor.Manager.execute(Manager.java:356)
	at ptolemy.actor.Manager.run(Manager.java:1263)
	at ptolemy.actor.Manager$PtolemyRunThread.run(Manager.java:1915)

    while executing
ptolemy.kernel.util.IllegalActionException: Found a zero delay loop containing .dependencyLoop.original
  in .dependencyLoop and .dependencyLoop.original
    while executing
"java::new ptolemy.moml.MoMLSimpleApplication $file
"
    (procedure "createAndExecute" line 2)
    invoked from within
"createAndExecute $file"
    ("uplevel" body line 5)
    invoked from within
"uplevel $contents_of_test"
------------------ testing $PTII/ptolemy/domains/de/test/auto/knownFailedTests/DESDFClockTest.xml (Known Failure) 
2049 ms. Memory: 146944K Free: 116473K (79%)


==== $PTIIhome/travis/build/icyphy/ptII/ptolemy/domains/de/test/../../../../: Auto Automatic test in file $PTII/ptolemy/domains/de/test/auto/knownFailedTests/DESDFClockTest.xml
==== Contents of test case:

	    # FIXME: we should use $relativeFilename here, but it
	    # might have backslashes under Windows, which causes no end
	    # of trouble.
	    createAndExecute $file
	    list {}
	
.... Test generated KNOWN error:
    while executing
ptolemy.kernel.util.IllegalActionException: Actor is not ready to fire.  Perhaps UpSample.prefire() returned false? Try debugging the actor by selecting "Listen to Actor".  Also, for SDF check moml for tokenConsumptionRate on input.
  in .DESDFClockTest.Play Bell.Copy1:SDF Director and .DESDFClockTest.Play Bell.UpSample
	at ptolemy.actor.sched.StaticSchedulingDirector.fire(StaticSchedulingDirector.java:227)
	at ptolemy.domains.sdf.kernel.SDFDirector.fire(SDFDirector.java:500)
	at ptolemy.actor.CompositeActor.fire(CompositeActor.java:455)
	at ptolemy.domains.de.kernel.DEDirector._fire(DEDirector.java:1949)
	at ptolemy.domains.de.kernel.DEDirector.fire(DEDirector.java:502)
	at ptolemy.actor.CompositeActor.fire(CompositeActor.java:455)
	at ptolemy.actor.Manager.iterate(Manager.java:851)
	at ptolemy.actor.Manager.execute(Manager.java:369)
	at ptolemy.actor.Manager.run(Manager.java:1263)
	at ptolemy.actor.Manager$PtolemyRunThread.run(Manager.java:1915)

    while executing
ptolemy.kernel.util.IllegalActionException: Actor is not ready to fire.  Perhaps UpSample.prefire() returned false? Try debugging the actor by selecting "Listen to Actor".  Also, for SDF check moml for tokenConsumptionRate on input.
  in .DESDFClockTest.Play Bell.Copy1:SDF Director and .DESDFClockTest.Play Bell.UpSample
    while executing
"java::new ptolemy.moml.MoMLSimpleApplication $file
"
    (procedure "createAndExecute" line 2)
    invoked from within
"createAndExecute $file"
    ("uplevel" body line 5)
    invoked from within
"uplevel $contents_of_test"
------------------ testing $PTII/ptolemy/domains/de/test/auto/knownFailedTests/FSMSource.xml (Known Failure) 
40 ms. Memory: 146944K Free: 107400K (73%)
!!!! Auto was marked as failing, but now passes
------------------ testing $PTII/ptolemy/domains/de/test/auto/knownFailedTests/dependencyLoop2.xml (Known Failure) 
9 ms. Memory: 146944K Free: 105516K (72%)


==== $PTIIhome/travis/build/icyphy/ptII/ptolemy/domains/de/test/../../../../: Auto Automatic test in file $PTII/ptolemy/domains/de/test/auto/knownFailedTests/dependencyLoop2.xml
==== Contents of test case:

	    # FIXME: we should use $relativeFilename here, but it
	    # might have backslashes under Windows, which causes no end
	    # of trouble.
	    createAndExecute $file
	    list {}
	
.... Test generated KNOWN error:
    while executing
ptolemy.kernel.util.IllegalActionException: Found a zero delay loop containing .dependencyLoop2.original
  in .dependencyLoop2 and .dependencyLoop2.original
	at ptolemy.actor.util.CausalityInterfaceForComposites._computeOutputPortDepth(CausalityInterfaceForComposites.java:759)
	at ptolemy.actor.util.CausalityInterfaceForComposites._computeInputDepth(CausalityInterfaceForComposites.java:696)
	at ptolemy.actor.util.CausalityInterfaceForComposites._computeOutputPortDepth(CausalityInterfaceForComposites.java:765)
	at ptolemy.actor.util.CausalityInterfaceForComposites._computeInputDepth(CausalityInterfaceForComposites.java:696)
	at ptolemy.actor.util.CausalityInterfaceForComposites._computeOutputPortDepth(CausalityInterfaceForComposites.java:765)
	at ptolemy.actor.util.CausalityInterfaceForComposites._computeInputDepth(CausalityInterfaceForComposites.java:696)
	at ptolemy.actor.util.CausalityInterfaceForComposites._computeActorDepth(CausalityInterfaceForComposites.java:532)
	at ptolemy.actor.util.CausalityInterfaceForComposites.checkForCycles(CausalityInterfaceForComposites.java:96)
	at ptolemy.domains.de.kernel.DEDirector.preinitialize(DEDirector.java:1338)
	at ptolemy.actor.CompositeActor.preinitialize(CompositeActor.java:1828)
	at ptolemy.actor.Manager.preinitializeAndResolveTypes(Manager.java:1040)
	at ptolemy.actor.Manager.initialize(Manager.java:710)
	at ptolemy.actor.Manager.execute(Manager.java:356)
	at ptolemy.actor.Manager.run(Manager.java:1263)
	at ptolemy.actor.Manager$PtolemyRunThread.run(Manager.java:1915)

    while executing
ptolemy.kernel.util.IllegalActionException: Found a zero delay loop containing .dependencyLoop2.original
  in .dependencyLoop2 and .dependencyLoop2.original
    while executing
"java::new ptolemy.moml.MoMLSimpleApplication $file
"
    (procedure "createAndExecute" line 2)
    invoked from within
"createAndExecute $file"
    ("uplevel" body line 5)
    invoked from within
"uplevel $contents_of_test"
------------------ testing $PTII/ptolemy/domains/de/test/auto/knownFailedTests/HierarchicalModel.xml (Known Failure) 
5 ms. Memory: 146944K Free: 84817K (58%)


==== $PTIIhome/travis/build/icyphy/ptII/ptolemy/domains/de/test/../../../../: Auto Automatic test in file $PTII/ptolemy/domains/de/test/auto/knownFailedTests/HierarchicalModel.xml
==== Contents of test case:

	    # FIXME: we should use $relativeFilename here, but it
	    # might have backslashes under Windows, which causes no end
	    # of trouble.
	    createAndExecute $file
	    list {}
	
.... Test generated KNOWN error:
    while executing
ptolemy.kernel.util.IllegalActionException: Found a zero delay loop containing .HierarchicalModel.A
  in .HierarchicalModel and .HierarchicalModel.A
	at ptolemy.actor.util.CausalityInterfaceForComposites._computeOutputPortDepth(CausalityInterfaceForComposites.java:759)
	at ptolemy.actor.util.CausalityInterfaceForComposites._computeInputDepth(CausalityInterfaceForComposites.java:696)
	at ptolemy.actor.util.CausalityInterfaceForComposites._computeOutputPortDepth(CausalityInterfaceForComposites.java:765)
	at ptolemy.actor.util.CausalityInterfaceForComposites._computeInputDepth(CausalityInterfaceForComposites.java:696)
	at ptolemy.actor.util.CausalityInterfaceForComposites._computeOutputPortDepth(CausalityInterfaceForComposites.java:765)
	at ptolemy.actor.util.CausalityInterfaceForComposites._computeInputDepth(CausalityInterfaceForComposites.java:696)
	at ptolemy.actor.util.CausalityInterfaceForComposites._computeActorDepth(CausalityInterfaceForComposites.java:532)
	at ptolemy.actor.util.CausalityInterfaceForComposites.checkForCycles(CausalityInterfaceForComposites.java:96)
	at ptolemy.domains.de.kernel.DEDirector.preinitialize(DEDirector.java:1338)
	at ptolemy.actor.CompositeActor.preinitialize(CompositeActor.java:1828)
	at ptolemy.actor.Manager.preinitializeAndResolveTypes(Manager.java:1040)
	at ptolemy.actor.Manager.initialize(Manager.java:710)
	at ptolemy.actor.Manager.execute(Manager.java:356)
	at ptolemy.actor.Manager.run(Manager.java:1263)
	at ptolemy.actor.Manager$PtolemyRunThread.run(Manager.java:1915)

    while executing
ptolemy.kernel.util.IllegalActionException: Found a zero delay loop containing .HierarchicalModel.A
  in .HierarchicalModel and .HierarchicalModel.A
    while executing
"java::new ptolemy.moml.MoMLSimpleApplication $file
"
    (procedure "createAndExecute" line 2)
    invoked from within
"createAndExecute $file"
    ("uplevel" body line 5)
    invoked from within
"uplevel $contents_of_test"
------------------ testing $PTII/ptolemy/domains/de/test/auto/knownFailedTests/DirectFeedback.xml (Known Failure) 
8 ms. Memory: 146944K Free: 141115K (96%)


==== $PTIIhome/travis/build/icyphy/ptII/ptolemy/domains/de/test/../../../../: Auto Automatic test in file $PTII/ptolemy/domains/de/test/auto/knownFailedTests/DirectFeedback.xml
==== Contents of test case:

	    # FIXME: we should use $relativeFilename here, but it
	    # might have backslashes under Windows, which causes no end
	    # of trouble.
	    createAndExecute $file
	    list {}
	
.... Test generated KNOWN error:
    while executing
ptolemy.kernel.util.IllegalActionException: Test fails in iteration 1.
Value was: 1.0. Should have been: 2.0
  in .DirectFeedback.Test
	at ptolemy.actor.lib.Test.fire(Test.java:268)
	at ptolemy.domains.de.kernel.DEDirector._fire(DEDirector.java:1949)
	at ptolemy.domains.de.kernel.DEDirector.fire(DEDirector.java:502)
	at ptolemy.actor.CompositeActor.fire(CompositeActor.java:455)
	at ptolemy.actor.Manager.iterate(Manager.java:851)
	at ptolemy.actor.Manager.execute(Manager.java:369)
	at ptolemy.actor.Manager.run(Manager.java:1263)
	at ptolemy.actor.Manager$PtolemyRunThread.run(Manager.java:1915)

    while executing
ptolemy.kernel.util.IllegalActionException: Test fails in iteration 1.
Value was: 1.0. Should have been: 2.0
  in .DirectFeedback.Test
    while executing
"java::new ptolemy.moml.MoMLSimpleApplication $file
"
    (procedure "createAndExecute" line 2)
    invoked from within
"createAndExecute $file"
    ("uplevel" body line 5)
    invoked from within
"uplevel $contents_of_test"
------------------ testing $PTII/ptolemy/domains/de/test/auto/ActorDepthCalculation_actorWithoutPorts.xml
auto.tcl: Setting watchdog for 200 seconds at Thu Jan 03 03:14:19 UTC 2019
4 ms. Memory: 146944K Free: 132354K (90%)
ptolemy.util.test.WatchDog.cancel(): canceling Thu Jan 03 03:14:19 UTC 2019
auto.tcl: Setting watchdog for 200 seconds at Thu Jan 03 03:14:19 UTC 2019
4 ms. Memory: 146944K Free: 131296K (89%)
ptolemy.util.test.WatchDog.cancel(): canceling Thu Jan 03 03:14:19 UTC 2019
------------------ testing $PTII/ptolemy/domains/de/test/auto/AssemblyLine.xml
auto.tcl: Setting watchdog for 200 seconds at Thu Jan 03 03:14:19 UTC 2019
16 ms. Memory: 208384K Free: 182777K (88%)
ptolemy.util.test.WatchDog.cancel(): canceling Thu Jan 03 03:14:19 UTC 2019
auto.tcl: Setting watchdog for 200 seconds at Thu Jan 03 03:14:19 UTC 2019
11 ms. Memory: 208384K Free: 182777K (88%)
ptolemy.util.test.WatchDog.cancel(): canceling Thu Jan 03 03:14:19 UTC 2019
------------------ testing $PTII/ptolemy/domains/de/test/auto/CQBug1.xml
auto.tcl: Setting watchdog for 200 seconds at Thu Jan 03 03:14:19 UTC 2019
5 ms. Memory: 208384K Free: 197357K (95%)
ptolemy.util.test.WatchDog.cancel(): canceling Thu Jan 03 03:14:19 UTC 2019
auto.tcl: Setting watchdog for 200 seconds at Thu Jan 03 03:14:19 UTC 2019
2 ms. Memory: 208384K Free: 197357K (95%)
ptolemy.util.test.WatchDog.cancel(): canceling Thu Jan 03 03:14:19 UTC 2019
------------------ testing $PTII/ptolemy/domains/de/test/auto/CancelFireAt.xml
auto.tcl: Setting watchdog for 200 seconds at Thu Jan 03 03:14:20 UTC 2019
6 ms. Memory: 208384K Free: 201082K (96%)
ptolemy.util.test.WatchDog.cancel(): canceling Thu Jan 03 03:14:20 UTC 2019
auto.tcl: Setting watchdog for 200 seconds at Thu Jan 03 03:14:20 UTC 2019
10 ms. Memory: 208384K Free: 198977K (95%)
ptolemy.util.test.WatchDog.cancel(): canceling Thu Jan 03 03:14:20 UTC 2019
------------------ testing $PTII/ptolemy/domains/de/test/auto/CausalityAndComposabilityAnalysis.xml
auto.tcl: Setting watchdog for 200 seconds at Thu Jan 03 03:14:20 UTC 2019
17 ms. Memory: 208384K Free: 196877K (94%)
ptolemy.util.test.WatchDog.cancel(): canceling Thu Jan 03 03:14:20 UTC 2019
auto.tcl: Setting watchdog for 200 seconds at Thu Jan 03 03:14:20 UTC 2019
5 ms. Memory: 208384K Free: 196877K (94%)
ptolemy.util.test.WatchDog.cancel(): canceling Thu Jan 03 03:14:20 UTC 2019
------------------ testing $PTII/ptolemy/domains/de/test/auto/CausalityInterface1.xml
auto.tcl: Setting watchdog for 200 seconds at Thu Jan 03 03:14:20 UTC 2019
21 ms. Memory: 208384K Free: 196404K (94%)
ptolemy.util.test.WatchDog.cancel(): canceling Thu Jan 03 03:14:20 UTC 2019
auto.tcl: Setting watchdog for 200 seconds at Thu Jan 03 03:14:20 UTC 2019
4 ms. Memory: 208384K Free: 196404K (94%)
ptolemy.util.test.WatchDog.cancel(): canceling Thu Jan 03 03:14:20 UTC 2019
------------------ testing $PTII/ptolemy/domains/de/test/auto/CausalityInterface15.xml
auto.tcl: Setting watchdog for 200 seconds at Thu Jan 03 03:14:20 UTC 2019
10 ms. Memory: 208384K Free: 196395K (94%)
ptolemy.util.test.WatchDog.cancel(): canceling Thu Jan 03 03:14:20 UTC 2019
auto.tcl: Setting watchdog for 200 seconds at Thu Jan 03 03:14:20 UTC 2019
3 ms. Memory: 208384K Free: 196395K (94%)
ptolemy.util.test.WatchDog.cancel(): canceling Thu Jan 03 03:14:20 UTC 2019
------------------ testing $PTII/ptolemy/domains/de/test/auto/CausalityInterface2.xml
auto.tcl: Setting watchdog for 200 seconds at Thu Jan 03 03:14:20 UTC 2019
8 ms. Memory: 208384K Free: 196376K (94%)
ptolemy.util.test.WatchDog.cancel(): canceling Thu Jan 03 03:14:20 UTC 2019
auto.tcl: Setting watchdog for 200 seconds at Thu Jan 03 03:14:20 UTC 2019
11 ms. Memory: 208384K Free: 196376K (94%)
ptolemy.util.test.WatchDog.cancel(): canceling Thu Jan 03 03:14:20 UTC 2019
------------------ testing $PTII/ptolemy/domains/de/test/auto/CausalityInterface3.xml
auto.tcl: Setting watchdog for 200 seconds at Thu Jan 03 03:14:20 UTC 2019
14 ms. Memory: 208384K Free: 196376K (94%)
ptolemy.util.test.WatchDog.cancel(): canceling Thu Jan 03 03:14:20 UTC 2019
auto.tcl: Setting watchdog for 200 seconds at Thu Jan 03 03:14:20 UTC 2019
3 ms. Memory: 208384K Free: 196376K (94%)
ptolemy.util.test.WatchDog.cancel(): canceling Thu Jan 03 03:14:20 UTC 2019
------------------ testing $PTII/ptolemy/domains/de/test/auto/ClockDrift.xml
auto.tcl: Setting watchdog for 200 seconds at Thu Jan 03 03:14:20 UTC 2019
86 ms. Memory: 208384K Free: 187551K (90%)
ptolemy.util.test.WatchDog.cancel(): canceling Thu Jan 03 03:14:20 UTC 2019
auto.tcl: Setting watchdog for 200 seconds at Thu Jan 03 03:14:20 UTC 2019
46 ms. Memory: 208384K Free: 185446K (89%)
ptolemy.util.test.WatchDog.cancel(): canceling Thu Jan 03 03:14:20 UTC 2019
------------------ testing $PTII/ptolemy/domains/de/test/auto/ClockDriftAndValueChange.xml
auto.tcl: Setting watchdog for 200 seconds at Thu Jan 03 03:14:20 UTC 2019
40 ms. Memory: 208384K Free: 187386K (90%)
ptolemy.util.test.WatchDog.cancel(): canceling Thu Jan 03 03:14:20 UTC 2019
auto.tcl: Setting watchdog for 200 seconds at Thu Jan 03 03:14:20 UTC 2019
27 ms. Memory: 208384K Free: 185280K (89%)
ptolemy.util.test.WatchDog.cancel(): canceling Thu Jan 03 03:14:20 UTC 2019
------------------ testing $PTII/ptolemy/domains/de/test/auto/ClockDriftChange.xml
auto.tcl: Setting watchdog for 200 seconds at Thu Jan 03 03:14:21 UTC 2019
22 ms. Memory: 208384K Free: 190734K (92%)
ptolemy.util.test.WatchDog.cancel(): canceling Thu Jan 03 03:14:21 UTC 2019
auto.tcl: Setting watchdog for 200 seconds at Thu Jan 03 03:14:21 UTC 2019
23 ms. Memory: 208384K Free: 188629K (91%)
ptolemy.util.test.WatchDog.cancel(): canceling Thu Jan 03 03:14:21 UTC 2019
------------------ testing $PTII/ptolemy/domains/de/test/auto/ComposableCausalityAnalysis.xml
auto.tcl: Setting watchdog for 200 seconds at Thu Jan 03 03:14:21 UTC 2019
2 ms. Memory: 208384K Free: 195999K (94%)
ptolemy.util.test.WatchDog.cancel(): canceling Thu Jan 03 03:14:21 UTC 2019
auto.tcl: Setting watchdog for 200 seconds at Thu Jan 03 03:14:21 UTC 2019
1 ms. Memory: 208384K Free: 193878K (93%)
ptolemy.util.test.WatchDog.cancel(): canceling Thu Jan 03 03:14:21 UTC 2019
------------------ testing $PTII/ptolemy/domains/de/test/auto/DEFixedPointLimitation.xml
auto.tcl: Setting watchdog for 200 seconds at Thu Jan 03 03:14:21 UTC 2019
1 ms. Memory: 208384K Free: 198168K (95%)
ptolemy.util.test.WatchDog.cancel(): canceling Thu Jan 03 03:14:21 UTC 2019
auto.tcl: Setting watchdog for 200 seconds at Thu Jan 03 03:14:21 UTC 2019
2 ms. Memory: 208384K Free: 196063K (94%)
ptolemy.util.test.WatchDog.cancel(): canceling Thu Jan 03 03:14:21 UTC 2019
------------------ testing $PTII/ptolemy/domains/de/test/auto/DEScheduleTest.xml
auto.tcl: Setting watchdog for 200 seconds at Thu Jan 03 03:14:21 UTC 2019
7 ms. Memory: 208384K Free: 198204K (95%)
ptolemy.util.test.WatchDog.cancel(): canceling Thu Jan 03 03:14:21 UTC 2019
auto.tcl: Setting watchdog for 200 seconds at Thu Jan 03 03:14:21 UTC 2019
5 ms. Memory: 208384K Free: 196082K (94%)
ptolemy.util.test.WatchDog.cancel(): canceling Thu Jan 03 03:14:21 UTC 2019
------------------ testing $PTII/ptolemy/domains/de/test/auto/DEinDEwithStartTimes.xml
auto.tcl: Setting watchdog for 200 seconds at Thu Jan 03 03:14:21 UTC 2019
6 ms. Memory: 208384K Free: 196068K (94%)
ptolemy.util.test.WatchDog.cancel(): canceling Thu Jan 03 03:14:21 UTC 2019
auto.tcl: Setting watchdog for 200 seconds at Thu Jan 03 03:14:21 UTC 2019
3 ms. Memory: 208384K Free: 193963K (93%)
ptolemy.util.test.WatchDog.cancel(): canceling Thu Jan 03 03:14:21 UTC 2019
------------------ testing $PTII/ptolemy/domains/de/test/auto/DEinDEwithStartTimes2.xml
auto.tcl: Setting watchdog for 200 seconds at Thu Jan 03 03:14:21 UTC 2019
4 ms. Memory: 208384K Free: 196384K (94%)
ptolemy.util.test.WatchDog.cancel(): canceling Thu Jan 03 03:14:21 UTC 2019
auto.tcl: Setting watchdog for 200 seconds at Thu Jan 03 03:14:21 UTC 2019
4 ms. Memory: 208384K Free: 193925K (93%)
ptolemy.util.test.WatchDog.cancel(): canceling Thu Jan 03 03:14:21 UTC 2019
------------------ testing $PTII/ptolemy/domains/de/test/auto/DateDemo.xml
auto.tcl: Setting watchdog for 200 seconds at Thu Jan 03 03:14:21 UTC 2019
17 ms. Memory: 208384K Free: 188452K (90%)
ptolemy.util.test.WatchDog.cancel(): canceling Thu Jan 03 03:14:21 UTC 2019
auto.tcl: Setting watchdog for 200 seconds at Thu Jan 03 03:14:21 UTC 2019
7 ms. Memory: 208384K Free: 186331K (89%)
ptolemy.util.test.WatchDog.cancel(): canceling Thu Jan 03 03:14:21 UTC 2019
------------------ testing $PTII/ptolemy/domains/de/test/auto/DateToEvent.xml
auto.tcl: Setting watchdog for 200 seconds at Thu Jan 03 03:14:21 UTC 2019
2018 ms. Memory: 208384K Free: 183146K (88%)
ptolemy.util.test.WatchDog.cancel(): canceling Thu Jan 03 03:14:23 UTC 2019
auto.tcl: Setting watchdog for 200 seconds at Thu Jan 03 03:14:23 UTC 2019
2005 ms. Memory: 208384K Free: 180688K (87%)
ptolemy.util.test.WatchDog.cancel(): canceling Thu Jan 03 03:14:25 UTC 2019
------------------ testing $PTII/ptolemy/domains/de/test/auto/DepthTest1.xml
auto.tcl: Setting watchdog for 200 seconds at Thu Jan 03 03:14:25 UTC 2019
2 ms. Memory: 208384K Free: 197407K (95%)
ptolemy.util.test.WatchDog.cancel(): canceling Thu Jan 03 03:14:25 UTC 2019
auto.tcl: Setting watchdog for 200 seconds at Thu Jan 03 03:14:25 UTC 2019
2 ms. Memory: 208384K Free: 197407K (95%)
ptolemy.util.test.WatchDog.cancel(): canceling Thu Jan 03 03:14:25 UTC 2019
------------------ testing $PTII/ptolemy/domains/de/test/auto/DepthTest2.xml
auto.tcl: Setting watchdog for 200 seconds at Thu Jan 03 03:14:25 UTC 2019
5 ms. Memory: 208384K Free: 193579K (93%)
ptolemy.util.test.WatchDog.cancel(): canceling Thu Jan 03 03:14:25 UTC 2019
auto.tcl: Setting watchdog for 200 seconds at Thu Jan 03 03:14:25 UTC 2019
2 ms. Memory: 208384K Free: 193579K (93%)
ptolemy.util.test.WatchDog.cancel(): canceling Thu Jan 03 03:14:25 UTC 2019
------------------ testing $PTII/ptolemy/domains/de/test/auto/DepthTest3.xml
auto.tcl: Setting watchdog for 200 seconds at Thu Jan 03 03:14:25 UTC 2019
2 ms. Memory: 208384K Free: 197755K (95%)
ptolemy.util.test.WatchDog.cancel(): canceling Thu Jan 03 03:14:25 UTC 2019
auto.tcl: Setting watchdog for 200 seconds at Thu Jan 03 03:14:25 UTC 2019
2 ms. Memory: 208384K Free: 197755K (95%)
ptolemy.util.test.WatchDog.cancel(): canceling Thu Jan 03 03:14:25 UTC 2019
------------------ testing $PTII/ptolemy/domains/de/test/auto/DepthTest4.xml
auto.tcl: Setting watchdog for 200 seconds at Thu Jan 03 03:14:26 UTC 2019
3 ms. Memory: 208384K Free: 195729K (94%)
ptolemy.util.test.WatchDog.cancel(): canceling Thu Jan 03 03:14:26 UTC 2019
auto.tcl: Setting watchdog for 200 seconds at Thu Jan 03 03:14:26 UTC 2019
2 ms. Memory: 208384K Free: 195729K (94%)
ptolemy.util.test.WatchDog.cancel(): canceling Thu Jan 03 03:14:26 UTC 2019
------------------ testing $PTII/ptolemy/domains/de/test/auto/DepthTest5.xml
auto.tcl: Setting watchdog for 200 seconds at Thu Jan 03 03:14:26 UTC 2019
3 ms. Memory: 208384K Free: 195668K (94%)
ptolemy.util.test.WatchDog.cancel(): canceling Thu Jan 03 03:14:26 UTC 2019
auto.tcl: Setting watchdog for 200 seconds at Thu Jan 03 03:14:26 UTC 2019
3 ms. Memory: 208384K Free: 195668K (94%)
ptolemy.util.test.WatchDog.cancel(): canceling Thu Jan 03 03:14:26 UTC 2019
------------------ testing $PTII/ptolemy/domains/de/test/auto/DepthTest6.xml
auto.tcl: Setting watchdog for 200 seconds at Thu Jan 03 03:14:26 UTC 2019
7 ms. Memory: 208384K Free: 195989K (94%)
ptolemy.util.test.WatchDog.cancel(): canceling Thu Jan 03 03:14:26 UTC 2019
auto.tcl: Setting watchdog for 200 seconds at Thu Jan 03 03:14:26 UTC 2019
4 ms. Memory: 208384K Free: 195989K (94%)
ptolemy.util.test.WatchDog.cancel(): canceling Thu Jan 03 03:14:26 UTC 2019
------------------ testing $PTII/ptolemy/domains/de/test/auto/DepthTest7.xml
auto.tcl: Setting watchdog for 200 seconds at Thu Jan 03 03:14:26 UTC 2019
3 ms. Memory: 208384K Free: 195642K (94%)
ptolemy.util.test.WatchDog.cancel(): canceling Thu Jan 03 03:14:26 UTC 2019
auto.tcl: Setting watchdog for 200 seconds at Thu Jan 03 03:14:26 UTC 2019
2 ms. Memory: 208384K Free: 195642K (94%)
ptolemy.util.test.WatchDog.cancel(): canceling Thu Jan 03 03:14:26 UTC 2019
------------------ testing $PTII/ptolemy/domains/de/test/auto/EventToDate.xml
auto.tcl: Setting watchdog for 200 seconds at Thu Jan 03 03:14:26 UTC 2019
3008 ms. Memory: 208384K Free: 185104K (89%)
ptolemy.util.test.WatchDog.cancel(): canceling Thu Jan 03 03:14:29 UTC 2019
auto.tcl: Setting watchdog for 200 seconds at Thu Jan 03 03:14:29 UTC 2019
3005 ms. Memory: 208384K Free: 185104K (89%)
ptolemy.util.test.WatchDog.cancel(): canceling Thu Jan 03 03:14:32 UTC 2019
------------------ testing $PTII/ptolemy/domains/de/test/auto/FSM1.xml
auto.tcl: Setting watchdog for 200 seconds at Thu Jan 03 03:14:32 UTC 2019
26 ms. Memory: 208384K Free: 188635K (91%)
ptolemy.util.test.WatchDog.cancel(): canceling Thu Jan 03 03:14:32 UTC 2019
auto.tcl: Setting watchdog for 200 seconds at Thu Jan 03 03:14:32 UTC 2019
22 ms. Memory: 208384K Free: 184392K (88%)
ptolemy.util.test.WatchDog.cancel(): canceling Thu Jan 03 03:14:32 UTC 2019
------------------ testing $PTII/ptolemy/domains/de/test/auto/FSM7.xml
auto.tcl: Setting watchdog for 200 seconds at Thu Jan 03 03:14:32 UTC 2019
13 ms. Memory: 208384K Free: 186741K (90%)
ptolemy.util.test.WatchDog.cancel(): canceling Thu Jan 03 03:14:32 UTC 2019
auto.tcl: Setting watchdog for 200 seconds at Thu Jan 03 03:14:32 UTC 2019
21 ms. Memory: 208384K Free: 184627K (89%)
ptolemy.util.test.WatchDog.cancel(): canceling Thu Jan 03 03:14:32 UTC 2019
------------------ testing $PTII/ptolemy/domains/de/test/auto/Inspection.xml
auto.tcl: Setting watchdog for 200 seconds at Thu Jan 03 03:14:32 UTC 2019
27 ms. Memory: 208384K Free: 188277K (90%)
ptolemy.util.test.WatchDog.cancel(): canceling Thu Jan 03 03:14:32 UTC 2019
auto.tcl: Setting watchdog for 200 seconds at Thu Jan 03 03:14:32 UTC 2019
24 ms. Memory: 208384K Free: 186171K (89%)
ptolemy.util.test.WatchDog.cancel(): canceling Thu Jan 03 03:14:32 UTC 2019
------------------ testing $PTII/ptolemy/domains/de/test/auto/Iteration.xml
auto.tcl: Setting watchdog for 200 seconds at Thu Jan 03 03:14:32 UTC 2019
10 ms. Memory: 208384K Free: 195787K (94%)
ptolemy.util.test.WatchDog.cancel(): canceling Thu Jan 03 03:14:32 UTC 2019
auto.tcl: Setting watchdog for 200 seconds at Thu Jan 03 03:14:32 UTC 2019
7 ms. Memory: 208384K Free: 193666K (93%)
ptolemy.util.test.WatchDog.cancel(): canceling Thu Jan 03 03:14:32 UTC 2019
------------------ testing $PTII/ptolemy/domains/de/test/auto/LineFault.xml
auto.tcl: Setting watchdog for 200 seconds at Thu Jan 03 03:14:32 UTC 2019
723 ms. Memory: 208384K Free: 194324K (93%)
ptolemy.util.test.WatchDog.cancel(): canceling Thu Jan 03 03:14:33 UTC 2019
auto.tcl: Setting watchdog for 200 seconds at Thu Jan 03 03:14:33 UTC 2019
630 ms. Memory: 208384K Free: 136780K (66%)
ptolemy.util.test.WatchDog.cancel(): canceling Thu Jan 03 03:14:34 UTC 2019
------------------ testing $PTII/ptolemy/domains/de/test/auto/MergeModel1Add.xml
auto.tcl: Setting watchdog for 200 seconds at Thu Jan 03 03:14:34 UTC 2019
24 ms. Memory: 331264K Free: 298415K (90%)
ptolemy.util.test.WatchDog.cancel(): canceling Thu Jan 03 03:14:34 UTC 2019
auto.tcl: Setting watchdog for 200 seconds at Thu Jan 03 03:14:34 UTC 2019
11 ms. Memory: 331264K Free: 298415K (90%)
ptolemy.util.test.WatchDog.cancel(): canceling Thu Jan 03 03:14:34 UTC 2019
------------------ testing $PTII/ptolemy/domains/de/test/auto/MergeModel2Add.xml
auto.tcl: Setting watchdog for 200 seconds at Thu Jan 03 03:14:34 UTC 2019
8 ms. Memory: 331264K Free: 303709K (92%)
ptolemy.util.test.WatchDog.cancel(): canceling Thu Jan 03 03:14:34 UTC 2019
auto.tcl: Setting watchdog for 200 seconds at Thu Jan 03 03:14:34 UTC 2019
8 ms. Memory: 331264K Free: 299793K (90%)
ptolemy.util.test.WatchDog.cancel(): canceling Thu Jan 03 03:14:34 UTC 2019
------------------ testing $PTII/ptolemy/domains/de/test/auto/MergeModel3Add.xml
auto.tcl: Setting watchdog for 200 seconds at Thu Jan 03 03:14:34 UTC 2019
8 ms. Memory: 331264K Free: 303736K (92%)
ptolemy.util.test.WatchDog.cancel(): canceling Thu Jan 03 03:14:35 UTC 2019
auto.tcl: Setting watchdog for 200 seconds at Thu Jan 03 03:14:35 UTC 2019
9 ms. Memory: 331264K Free: 299820K (91%)
ptolemy.util.test.WatchDog.cancel(): canceling Thu Jan 03 03:14:35 UTC 2019
------------------ testing $PTII/ptolemy/domains/de/test/auto/MergeWithoutDiscard.xml
auto.tcl: Setting watchdog for 200 seconds at Thu Jan 03 03:14:35 UTC 2019
2 ms. Memory: 331264K Free: 319680K (97%)
ptolemy.util.test.WatchDog.cancel(): canceling Thu Jan 03 03:14:35 UTC 2019
auto.tcl: Setting watchdog for 200 seconds at Thu Jan 03 03:14:35 UTC 2019
1 ms. Memory: 331264K Free: 315764K (95%)
ptolemy.util.test.WatchDog.cancel(): canceling Thu Jan 03 03:14:35 UTC 2019
------------------ testing $PTII/ptolemy/domains/de/test/auto/Modal1.xml
auto.tcl: Setting watchdog for 200 seconds at Thu Jan 03 03:14:35 UTC 2019
17 ms. Memory: 331264K Free: 309396K (93%)
ptolemy.util.test.WatchDog.cancel(): canceling Thu Jan 03 03:14:35 UTC 2019
auto.tcl: Setting watchdog for 200 seconds at Thu Jan 03 03:14:35 UTC 2019
19 ms. Memory: 331264K Free: 305473K (92%)
ptolemy.util.test.WatchDog.cancel(): canceling Thu Jan 03 03:14:35 UTC 2019
------------------ testing $PTII/ptolemy/domains/de/test/auto/Modal2.xml
auto.tcl: Setting watchdog for 200 seconds at Thu Jan 03 03:14:35 UTC 2019
17 ms. Memory: 331264K Free: 309278K (93%)
ptolemy.util.test.WatchDog.cancel(): canceling Thu Jan 03 03:14:35 UTC 2019
auto.tcl: Setting watchdog for 200 seconds at Thu Jan 03 03:14:35 UTC 2019
18 ms. Memory: 331264K Free: 305346K (92%)
ptolemy.util.test.WatchDog.cancel(): canceling Thu Jan 03 03:14:35 UTC 2019
------------------ testing $PTII/ptolemy/domains/de/test/auto/Modal3.xml
auto.tcl: Setting watchdog for 200 seconds at Thu Jan 03 03:14:35 UTC 2019
14 ms. Memory: 331264K Free: 309259K (93%)
ptolemy.util.test.WatchDog.cancel(): canceling Thu Jan 03 03:14:35 UTC 2019
auto.tcl: Setting watchdog for 200 seconds at Thu Jan 03 03:14:35 UTC 2019
14 ms. Memory: 331264K Free: 305328K (92%)
ptolemy.util.test.WatchDog.cancel(): canceling Thu Jan 03 03:14:35 UTC 2019
------------------ testing $PTII/ptolemy/domains/de/test/auto/Modal4.xml
auto.tcl: Setting watchdog for 200 seconds at Thu Jan 03 03:14:35 UTC 2019
20 ms. Memory: 331264K Free: 309265K (93%)
ptolemy.util.test.WatchDog.cancel(): canceling Thu Jan 03 03:14:35 UTC 2019
auto.tcl: Setting watchdog for 200 seconds at Thu Jan 03 03:14:35 UTC 2019
17 ms. Memory: 331264K Free: 305333K (92%)
ptolemy.util.test.WatchDog.cancel(): canceling Thu Jan 03 03:14:35 UTC 2019
------------------ testing $PTII/ptolemy/domains/de/test/auto/Modal5.xml
auto.tcl: Setting watchdog for 200 seconds at Thu Jan 03 03:14:35 UTC 2019
16 ms. Memory: 331264K Free: 309260K (93%)
ptolemy.util.test.WatchDog.cancel(): canceling Thu Jan 03 03:14:35 UTC 2019
auto.tcl: Setting watchdog for 200 seconds at Thu Jan 03 03:14:35 UTC 2019
13 ms. Memory: 331264K Free: 305336K (92%)
ptolemy.util.test.WatchDog.cancel(): canceling Thu Jan 03 03:14:35 UTC 2019
------------------ testing $PTII/ptolemy/domains/de/test/auto/Modal6.xml
auto.tcl: Setting watchdog for 200 seconds at Thu Jan 03 03:14:35 UTC 2019
15 ms. Memory: 331264K Free: 309257K (93%)
ptolemy.util.test.WatchDog.cancel(): canceling Thu Jan 03 03:14:35 UTC 2019
auto.tcl: Setting watchdog for 200 seconds at Thu Jan 03 03:14:35 UTC 2019
16 ms. Memory: 331264K Free: 305326K (92%)
ptolemy.util.test.WatchDog.cancel(): canceling Thu Jan 03 03:14:35 UTC 2019
------------------ testing $PTII/ptolemy/domains/de/test/auto/Modal7.xml
auto.tcl: Setting watchdog for 200 seconds at Thu Jan 03 03:14:35 UTC 2019
18 ms. Memory: 331264K Free: 305326K (92%)
ptolemy.util.test.WatchDog.cancel(): canceling Thu Jan 03 03:14:35 UTC 2019
auto.tcl: Setting watchdog for 200 seconds at Thu Jan 03 03:14:35 UTC 2019
11 ms. Memory: 331264K Free: 305326K (92%)
ptolemy.util.test.WatchDog.cancel(): canceling Thu Jan 03 03:14:35 UTC 2019
------------------ testing $PTII/ptolemy/domains/de/test/auto/ModalModel.xml
auto.tcl: Setting watchdog for 200 seconds at Thu Jan 03 03:14:36 UTC 2019
197 ms. Memory: 331264K Free: 245549K (74%)
ptolemy.util.test.WatchDog.cancel(): canceling Thu Jan 03 03:14:36 UTC 2019
auto.tcl: Setting watchdog for 200 seconds at Thu Jan 03 03:14:36 UTC 2019
174 ms. Memory: 331264K Free: 190643K (58%)
ptolemy.util.test.WatchDog.cancel(): canceling Thu Jan 03 03:14:36 UTC 2019
------------------ testing $PTII/ptolemy/domains/de/test/auto/ModalSource.xml
auto.tcl: Setting watchdog for 200 seconds at Thu Jan 03 03:14:36 UTC 2019
9 ms. Memory: 331264K Free: 316014K (95%)
ptolemy.util.test.WatchDog.cancel(): canceling Thu Jan 03 03:14:36 UTC 2019
auto.tcl: Setting watchdog for 200 seconds at Thu Jan 03 03:14:36 UTC 2019
7 ms. Memory: 331264K Free: 312508K (94%)
ptolemy.util.test.WatchDog.cancel(): canceling Thu Jan 03 03:14:36 UTC 2019
------------------ testing $PTII/ptolemy/domains/de/test/auto/NonInterruptibleTimerZeroDelay.xml
auto.tcl: Setting watchdog for 200 seconds at Thu Jan 03 03:14:36 UTC 2019
3 ms. Memory: 331264K Free: 320343K (97%)
ptolemy.util.test.WatchDog.cancel(): canceling Thu Jan 03 03:14:36 UTC 2019
auto.tcl: Setting watchdog for 200 seconds at Thu Jan 03 03:14:36 UTC 2019
2 ms. Memory: 331264K Free: 316837K (96%)
ptolemy.util.test.WatchDog.cancel(): canceling Thu Jan 03 03:14:36 UTC 2019
------------------ testing $PTII/ptolemy/domains/de/test/auto/OpenQueueingNetwork.xml
auto.tcl: Setting watchdog for 200 seconds at Thu Jan 03 03:14:36 UTC 2019
3311 ms. Memory: 573952K Free: 405937K (71%)
ptolemy.util.test.WatchDog.cancel(): canceling Thu Jan 03 03:14:40 UTC 2019
auto.tcl: Setting watchdog for 200 seconds at Thu Jan 03 03:14:40 UTC 2019
2548 ms. Memory: 574464K Free: 332221K (58%)
ptolemy.util.test.WatchDog.cancel(): canceling Thu Jan 03 03:14:42 UTC 2019
------------------ testing $PTII/ptolemy/domains/de/test/auto/OpenQueuingNetwork.xml
auto.tcl: Setting watchdog for 200 seconds at Thu Jan 03 03:14:42 UTC 2019
235 ms. Memory: 1064960K Free: 946171K (89%)
ptolemy.util.test.WatchDog.cancel(): canceling Thu Jan 03 03:14:43 UTC 2019
auto.tcl: Setting watchdog for 200 seconds at Thu Jan 03 03:14:43 UTC 2019
223 ms. Memory: 1064960K Free: 890148K (84%)
ptolemy.util.test.WatchDog.cancel(): canceling Thu Jan 03 03:14:43 UTC 2019
------------------ testing $PTII/ptolemy/domains/de/test/auto/PeriodicSampler.xml
auto.tcl: Setting watchdog for 200 seconds at Thu Jan 03 03:14:43 UTC 2019
3 ms. Memory: 1065472K Free: 1028575K (97%)
ptolemy.util.test.WatchDog.cancel(): canceling Thu Jan 03 03:14:43 UTC 2019
auto.tcl: Setting watchdog for 200 seconds at Thu Jan 03 03:14:43 UTC 2019
2 ms. Memory: 1065472K Free: 1028575K (97%)
ptolemy.util.test.WatchDog.cancel(): canceling Thu Jan 03 03:14:43 UTC 2019
------------------ testing $PTII/ptolemy/domains/de/test/auto/PersistentIO.xml
auto.tcl: Setting watchdog for 200 seconds at Thu Jan 03 03:14:43 UTC 2019
9 ms. Memory: 1065472K Free: 1029639K (97%)
ptolemy.util.test.WatchDog.cancel(): canceling Thu Jan 03 03:14:43 UTC 2019
auto.tcl: Setting watchdog for 200 seconds at Thu Jan 03 03:14:43 UTC 2019
3 ms. Memory: 1065472K Free: 1029639K (97%)
ptolemy.util.test.WatchDog.cancel(): canceling Thu Jan 03 03:14:43 UTC 2019
------------------ testing $PTII/ptolemy/domains/de/test/auto/PortParameterResetOnInitialize.xml
auto.tcl: Setting watchdog for 200 seconds at Thu Jan 03 03:14:43 UTC 2019
3 ms. Memory: 1065472K Free: 1029019K (97%)
ptolemy.util.test.WatchDog.cancel(): canceling Thu Jan 03 03:14:43 UTC 2019
auto.tcl: Setting watchdog for 200 seconds at Thu Jan 03 03:14:43 UTC 2019
1 ms. Memory: 1065472K Free: 1029019K (97%)
ptolemy.util.test.WatchDog.cancel(): canceling Thu Jan 03 03:14:43 UTC 2019
------------------ testing $PTII/ptolemy/domains/de/test/auto/PortParameterUpdates.xml
auto.tcl: Setting watchdog for 200 seconds at Thu Jan 03 03:14:43 UTC 2019
3 ms. Memory: 1065472K Free: 1038972K (98%)
ptolemy.util.test.WatchDog.cancel(): canceling Thu Jan 03 03:14:43 UTC 2019
auto.tcl: Setting watchdog for 200 seconds at Thu Jan 03 03:14:43 UTC 2019
6 ms. Memory: 1065472K Free: 1038972K (98%)
ptolemy.util.test.WatchDog.cancel(): canceling Thu Jan 03 03:14:43 UTC 2019
------------------ testing $PTII/ptolemy/domains/de/test/auto/QueueAndServer.xml
auto.tcl: Setting watchdog for 200 seconds at Thu Jan 03 03:14:43 UTC 2019
5 ms. Memory: 1065472K Free: 1038935K (98%)
ptolemy.util.test.WatchDog.cancel(): canceling Thu Jan 03 03:14:43 UTC 2019
auto.tcl: Setting watchdog for 200 seconds at Thu Jan 03 03:14:43 UTC 2019
7 ms. Memory: 1065472K Free: 1038935K (98%)
ptolemy.util.test.WatchDog.cancel(): canceling Thu Jan 03 03:14:43 UTC 2019
------------------ testing $PTII/ptolemy/domains/de/test/auto/Records.xml
auto.tcl: Setting watchdog for 200 seconds at Thu Jan 03 03:14:43 UTC 2019
6 ms. Memory: 1065472K Free: 1038877K (98%)
ptolemy.util.test.WatchDog.cancel(): canceling Thu Jan 03 03:14:43 UTC 2019
auto.tcl: Setting watchdog for 200 seconds at Thu Jan 03 03:14:43 UTC 2019
2 ms. Memory: 1065472K Free: 1019237K (96%)
ptolemy.util.test.WatchDog.cancel(): canceling Thu Jan 03 03:14:43 UTC 2019
------------------ testing $PTII/ptolemy/domains/de/test/auto/ResetTransitionWithStartTime1.xml
auto.tcl: Setting watchdog for 200 seconds at Thu Jan 03 03:14:43 UTC 2019
6 ms. Memory: 1065472K Free: 1038903K (98%)
ptolemy.util.test.WatchDog.cancel(): canceling Thu Jan 03 03:14:43 UTC 2019
auto.tcl: Setting watchdog for 200 seconds at Thu Jan 03 03:14:43 UTC 2019
6 ms. Memory: 1065472K Free: 1038903K (98%)
ptolemy.util.test.WatchDog.cancel(): canceling Thu Jan 03 03:14:43 UTC 2019
------------------ testing $PTII/ptolemy/domains/de/test/auto/ResetTransitionWithStartTime2.xml
auto.tcl: Setting watchdog for 200 seconds at Thu Jan 03 03:14:43 UTC 2019
5 ms. Memory: 1064448K Free: 1038352K (98%)
ptolemy.util.test.WatchDog.cancel(): canceling Thu Jan 03 03:14:43 UTC 2019
auto.tcl: Setting watchdog for 200 seconds at Thu Jan 03 03:14:43 UTC 2019
5 ms. Memory: 1064448K Free: 1038352K (98%)
ptolemy.util.test.WatchDog.cancel(): canceling Thu Jan 03 03:14:43 UTC 2019
------------------ testing $PTII/ptolemy/domains/de/test/auto/ResetTransitionWithStartTime3.xml
auto.tcl: Setting watchdog for 200 seconds at Thu Jan 03 03:14:43 UTC 2019
7 ms. Memory: 1064960K Free: 1038380K (98%)
ptolemy.util.test.WatchDog.cancel(): canceling Thu Jan 03 03:14:43 UTC 2019
auto.tcl: Setting watchdog for 200 seconds at Thu Jan 03 03:14:43 UTC 2019
9 ms. Memory: 1064960K Free: 1038380K (98%)
ptolemy.util.test.WatchDog.cancel(): canceling Thu Jan 03 03:14:43 UTC 2019
------------------ testing $PTII/ptolemy/domains/de/test/auto/ResetTransitionWithStartTime4.xml
auto.tcl: Setting watchdog for 200 seconds at Thu Jan 03 03:14:44 UTC 2019
4 ms. Memory: 1064960K Free: 1038378K (98%)
ptolemy.util.test.WatchDog.cancel(): canceling Thu Jan 03 03:14:44 UTC 2019
auto.tcl: Setting watchdog for 200 seconds at Thu Jan 03 03:14:44 UTC 2019
3 ms. Memory: 1064960K Free: 1038378K (98%)
ptolemy.util.test.WatchDog.cancel(): canceling Thu Jan 03 03:14:44 UTC 2019
------------------ testing $PTII/ptolemy/domains/de/test/auto/ResettableTimer1.xml
auto.tcl: Setting watchdog for 200 seconds at Thu Jan 03 03:14:44 UTC 2019
3 ms. Memory: 1064960K Free: 1038374K (98%)
ptolemy.util.test.WatchDog.cancel(): canceling Thu Jan 03 03:14:44 UTC 2019
auto.tcl: Setting watchdog for 200 seconds at Thu Jan 03 03:14:44 UTC 2019
2 ms. Memory: 1064960K Free: 1038374K (98%)
ptolemy.util.test.WatchDog.cancel(): canceling Thu Jan 03 03:14:44 UTC 2019
------------------ testing $PTII/ptolemy/domains/de/test/auto/ResettableTimer2.xml
auto.tcl: Setting watchdog for 200 seconds at Thu Jan 03 03:14:44 UTC 2019
3 ms. Memory: 1064960K Free: 1038914K (98%)
ptolemy.util.test.WatchDog.cancel(): canceling Thu Jan 03 03:14:44 UTC 2019
auto.tcl: Setting watchdog for 200 seconds at Thu Jan 03 03:14:44 UTC 2019
2 ms. Memory: 1064960K Free: 1038914K (98%)
ptolemy.util.test.WatchDog.cancel(): canceling Thu Jan 03 03:14:44 UTC 2019
------------------ testing $PTII/ptolemy/domains/de/test/auto/ResettableTimer3.xml
auto.tcl: Setting watchdog for 200 seconds at Thu Jan 03 03:14:44 UTC 2019
2 ms. Memory: 1064960K Free: 1038432K (98%)
ptolemy.util.test.WatchDog.cancel(): canceling Thu Jan 03 03:14:44 UTC 2019
auto.tcl: Setting watchdog for 200 seconds at Thu Jan 03 03:14:44 UTC 2019
1 ms. Memory: 1064960K Free: 1038432K (98%)
ptolemy.util.test.WatchDog.cancel(): canceling Thu Jan 03 03:14:44 UTC 2019
------------------ testing $PTII/ptolemy/domains/de/test/auto/ResettableTimer4.xml
auto.tcl: Setting watchdog for 200 seconds at Thu Jan 03 03:14:44 UTC 2019
4 ms. Memory: 1063936K Free: 1037902K (98%)
ptolemy.util.test.WatchDog.cancel(): canceling Thu Jan 03 03:14:44 UTC 2019
auto.tcl: Setting watchdog for 200 seconds at Thu Jan 03 03:14:44 UTC 2019
2 ms. Memory: 1063936K Free: 1037902K (98%)
ptolemy.util.test.WatchDog.cancel(): canceling Thu Jan 03 03:14:44 UTC 2019
------------------ testing $PTII/ptolemy/domains/de/test/auto/ResettableTimer5.xml
auto.tcl: Setting watchdog for 200 seconds at Thu Jan 03 03:14:44 UTC 2019
1 ms. Memory: 1064448K Free: 1028592K (97%)
ptolemy.util.test.WatchDog.cancel(): canceling Thu Jan 03 03:14:44 UTC 2019
auto.tcl: Setting watchdog for 200 seconds at Thu Jan 03 03:14:44 UTC 2019
2 ms. Memory: 1064448K Free: 1028592K (97%)
ptolemy.util.test.WatchDog.cancel(): canceling Thu Jan 03 03:14:44 UTC 2019
------------------ testing $PTII/ptolemy/domains/de/test/auto/ResettableTimer6.xml
auto.tcl: Setting watchdog for 200 seconds at Thu Jan 03 03:14:44 UTC 2019
2 ms. Memory: 1064448K Free: 1028060K (97%)
ptolemy.util.test.WatchDog.cancel(): canceling Thu Jan 03 03:14:44 UTC 2019
auto.tcl: Setting watchdog for 200 seconds at Thu Jan 03 03:14:44 UTC 2019
1 ms. Memory: 1064448K Free: 1028060K (97%)
ptolemy.util.test.WatchDog.cancel(): canceling Thu Jan 03 03:14:44 UTC 2019
------------------ testing $PTII/ptolemy/domains/de/test/auto/ServerZeroDelay.xml
auto.tcl: Setting watchdog for 200 seconds at Thu Jan 03 03:14:44 UTC 2019
3 ms. Memory: 1064448K Free: 1038352K (98%)
ptolemy.util.test.WatchDog.cancel(): canceling Thu Jan 03 03:14:44 UTC 2019
auto.tcl: Setting watchdog for 200 seconds at Thu Jan 03 03:14:44 UTC 2019
3 ms. Memory: 1064448K Free: 1038352K (98%)
ptolemy.util.test.WatchDog.cancel(): canceling Thu Jan 03 03:14:44 UTC 2019
------------------ testing $PTII/ptolemy/domains/de/test/auto/SmartSender.xml
auto.tcl: Setting watchdog for 200 seconds at Thu Jan 03 03:14:44 UTC 2019
3002 ms. Memory: 1064448K Free: 1028527K (97%)
ptolemy.util.test.WatchDog.cancel(): canceling Thu Jan 03 03:14:47 UTC 2019
auto.tcl: Setting watchdog for 200 seconds at Thu Jan 03 03:14:47 UTC 2019
3001 ms. Memory: 1064448K Free: 1028527K (97%)
ptolemy.util.test.WatchDog.cancel(): canceling Thu Jan 03 03:14:50 UTC 2019
------------------ testing $PTII/ptolemy/domains/de/test/auto/ThreadedComposite.xml
auto.tcl: Setting watchdog for 200 seconds at Thu Jan 03 03:14:50 UTC 2019
235 ms. Memory: 1064448K Free: 997191K (94%)
ptolemy.util.test.WatchDog.cancel(): canceling Thu Jan 03 03:14:50 UTC 2019
auto.tcl: Setting watchdog for 200 seconds at Thu Jan 03 03:14:50 UTC 2019
143 ms. Memory: 1064448K Free: 977551K (92%)
ptolemy.util.test.WatchDog.cancel(): canceling Thu Jan 03 03:14:50 UTC 2019
------------------ testing $PTII/ptolemy/domains/de/test/auto/Time.xml
auto.tcl: Setting watchdog for 200 seconds at Thu Jan 03 03:14:50 UTC 2019
477 ms. Memory: 1064448K Free: 988489K (93%)
ptolemy.util.test.WatchDog.cancel(): canceling Thu Jan 03 03:14:51 UTC 2019
auto.tcl: Setting watchdog for 200 seconds at Thu Jan 03 03:14:51 UTC 2019
468 ms. Memory: 1064448K Free: 932436K (88%)
ptolemy.util.test.WatchDog.cancel(): canceling Thu Jan 03 03:14:51 UTC 2019
------------------ testing $PTII/ptolemy/domains/de/test/auto/TimeDelayZeroDelay.xml
auto.tcl: Setting watchdog for 200 seconds at Thu Jan 03 03:14:51 UTC 2019
2 ms. Memory: 1064448K Free: 1037786K (97%)
ptolemy.util.test.WatchDog.cancel(): canceling Thu Jan 03 03:14:52 UTC 2019
auto.tcl: Setting watchdog for 200 seconds at Thu Jan 03 03:14:52 UTC 2019
2 ms. Memory: 1064448K Free: 1037786K (97%)
ptolemy.util.test.WatchDog.cancel(): canceling Thu Jan 03 03:14:52 UTC 2019
------------------ testing $PTII/ptolemy/domains/de/test/auto/TimerZeroDelay.xml
auto.tcl: Setting watchdog for 200 seconds at Thu Jan 03 03:14:52 UTC 2019
3 ms. Memory: 1063424K Free: 1037288K (98%)
ptolemy.util.test.WatchDog.cancel(): canceling Thu Jan 03 03:14:52 UTC 2019
auto.tcl: Setting watchdog for 200 seconds at Thu Jan 03 03:14:52 UTC 2019
2 ms. Memory: 1063424K Free: 1037288K (98%)
ptolemy.util.test.WatchDog.cancel(): canceling Thu Jan 03 03:14:52 UTC 2019
------------------ testing $PTII/ptolemy/domains/de/test/auto/TimingParadox.xml
auto.tcl: Setting watchdog for 200 seconds at Thu Jan 03 03:14:52 UTC 2019
319 ms. Memory: 1063936K Free: 974177K (92%)
ptolemy.util.test.WatchDog.cancel(): canceling Thu Jan 03 03:14:52 UTC 2019
auto.tcl: Setting watchdog for 200 seconds at Thu Jan 03 03:14:52 UTC 2019
299 ms. Memory: 1063936K Free: 940546K (88%)
ptolemy.util.test.WatchDog.cancel(): canceling Thu Jan 03 03:14:52 UTC 2019
------------------ testing $PTII/ptolemy/domains/de/test/auto/TransferInputs.xml
auto.tcl: Setting watchdog for 200 seconds at Thu Jan 03 03:14:52 UTC 2019
2 ms. Memory: 1063424K Free: 1036203K (97%)
ptolemy.util.test.WatchDog.cancel(): canceling Thu Jan 03 03:14:52 UTC 2019
auto.tcl: Setting watchdog for 200 seconds at Thu Jan 03 03:14:52 UTC 2019
2 ms. Memory: 1063424K Free: 1036203K (97%)
ptolemy.util.test.WatchDog.cancel(): canceling Thu Jan 03 03:14:52 UTC 2019
------------------ testing $PTII/ptolemy/domains/de/test/auto/TransferOutputs2.xml
auto.tcl: Setting watchdog for 200 seconds at Thu Jan 03 03:14:52 UTC 2019
3 ms. Memory: 1063936K Free: 1028001K (97%)
ptolemy.util.test.WatchDog.cancel(): canceling Thu Jan 03 03:14:52 UTC 2019
auto.tcl: Setting watchdog for 200 seconds at Thu Jan 03 03:14:52 UTC 2019
3 ms. Memory: 1063936K Free: 1028001K (97%)
ptolemy.util.test.WatchDog.cancel(): canceling Thu Jan 03 03:14:52 UTC 2019
------------------ testing $PTII/ptolemy/domains/de/test/auto/Trilateration.xml
auto.tcl: Setting watchdog for 200 seconds at Thu Jan 03 03:14:53 UTC 2019
14232 ms. Memory: 976384K Free: 910088K (93%)
ptolemy.util.test.WatchDog.cancel(): canceling Thu Jan 03 03:15:08 UTC 2019
auto.tcl: Setting watchdog for 200 seconds at Thu Jan 03 03:15:08 UTC 2019
11226 ms. Memory: 849408K Free: 765756K (90%)
ptolemy.util.test.WatchDog.cancel(): canceling Thu Jan 03 03:15:19 UTC 2019
------------------ testing $PTII/ptolemy/domains/de/test/auto/TwoSigmaDelta.xml
auto.tcl: Setting watchdog for 200 seconds at Thu Jan 03 03:15:19 UTC 2019
2544 ms. Memory: 853504K Free: 564174K (66%)
ptolemy.util.test.WatchDog.cancel(): canceling Thu Jan 03 03:15:22 UTC 2019
auto.tcl: Setting watchdog for 200 seconds at Thu Jan 03 03:15:22 UTC 2019
2046 ms. Memory: 853504K Free: 340299K (40%)
ptolemy.util.test.WatchDog.cancel(): canceling Thu Jan 03 03:15:24 UTC 2019
------------------ testing $PTII/ptolemy/domains/de/test/auto/VariableDelay.xml
auto.tcl: Setting watchdog for 200 seconds at Thu Jan 03 03:15:24 UTC 2019
2 ms. Memory: 849920K Free: 825412K (97%)
ptolemy.util.test.WatchDog.cancel(): canceling Thu Jan 03 03:15:24 UTC 2019
auto.tcl: Setting watchdog for 200 seconds at Thu Jan 03 03:15:24 UTC 2019
2 ms. Memory: 849920K Free: 825412K (97%)
ptolemy.util.test.WatchDog.cancel(): canceling Thu Jan 03 03:15:24 UTC 2019
------------------ testing $PTII/ptolemy/domains/de/test/auto/VariableDelay2.xml
auto.tcl: Setting watchdog for 200 seconds at Thu Jan 03 03:15:24 UTC 2019
1 ms. Memory: 849408K Free: 825357K (97%)
ptolemy.util.test.WatchDog.cancel(): canceling Thu Jan 03 03:15:24 UTC 2019
auto.tcl: Setting watchdog for 200 seconds at Thu Jan 03 03:15:24 UTC 2019
2 ms. Memory: 849408K Free: 825357K (97%)
ptolemy.util.test.WatchDog.cancel(): canceling Thu Jan 03 03:15:24 UTC 2019
------------------ testing $PTII/ptolemy/domains/de/test/auto/VariableDelayZeroDelay.xml
auto.tcl: Setting watchdog for 200 seconds at Thu Jan 03 03:15:24 UTC 2019
2 ms. Memory: 849408K Free: 825356K (97%)
ptolemy.util.test.WatchDog.cancel(): canceling Thu Jan 03 03:15:24 UTC 2019
auto.tcl: Setting watchdog for 200 seconds at Thu Jan 03 03:15:24 UTC 2019
2 ms. Memory: 849408K Free: 825356K (97%)
ptolemy.util.test.WatchDog.cancel(): canceling Thu Jan 03 03:15:24 UTC 2019
------------------ testing $PTII/ptolemy/domains/de/test/auto/VariableDelayZeroDelay2.xml
auto.tcl: Setting watchdog for 200 seconds at Thu Jan 03 03:15:24 UTC 2019
2 ms. Memory: 852992K Free: 821258K (96%)
ptolemy.util.test.WatchDog.cancel(): canceling Thu Jan 03 03:15:24 UTC 2019
auto.tcl: Setting watchdog for 200 seconds at Thu Jan 03 03:15:24 UTC 2019
1 ms. Memory: 852992K Free: 821258K (96%)
ptolemy.util.test.WatchDog.cancel(): canceling Thu Jan 03 03:15:24 UTC 2019
------------------ testing $PTII/ptolemy/domains/de/test/auto/deInCt.xml
auto.tcl: Setting watchdog for 200 seconds at Thu Jan 03 03:15:24 UTC 2019
0
1
1
1
0
0
0
1
1
1
0
0
0
1
1
1
1
1
1
0
0
0
1
1
1
0
0
0
1
1
1
1
0
0
0
1
1
1
0
0
0
0
11 ms. Memory: 849408K Free: 817628K (96%)
ptolemy.util.test.WatchDog.cancel(): canceling Thu Jan 03 03:15:24 UTC 2019
auto.tcl: Setting watchdog for 200 seconds at Thu Jan 03 03:15:24 UTC 2019
0
1
1
1
1
1
1
1
0
0
1
1
1
1
1
0
0
0
0
1
1
1
0
0
0
0
4 ms. Memory: 849408K Free: 817628K (96%)
ptolemy.util.test.WatchDog.cancel(): canceling Thu Jan 03 03:15:24 UTC 2019
------------------ testing $PTII/ptolemy/domains/de/test/auto/deInCt2.xml
auto.tcl: Setting watchdog for 200 seconds at Thu Jan 03 03:15:24 UTC 2019
0
1
1
1
0
0
1
1
1
0
0
1
1
1
0
0
1
1
1
0
0
1
1
1
0
0
1
1
1
0
0
1
1
1
0
0
1
1
1
0
0
0
10 ms. Memory: 852480K Free: 820700K (96%)
ptolemy.util.test.WatchDog.cancel(): canceling Thu Jan 03 03:15:24 UTC 2019
auto.tcl: Setting watchdog for 200 seconds at Thu Jan 03 03:15:24 UTC 2019
0
1
1
1
0
0
1
1
1
0
0
1
1
1
0
0
1
1
1
0
0
1
1
1
0
0
1
1
1
0
0
1
1
1
0
0
1
1
1
0
0
0
9 ms. Memory: 852480K Free: 820700K (96%)
ptolemy.util.test.WatchDog.cancel(): canceling Thu Jan 03 03:15:24 UTC 2019
------------------ testing $PTII/ptolemy/domains/de/test/auto/dynamicCausalityInterface1.xml
auto.tcl: Setting watchdog for 200 seconds at Thu Jan 03 03:15:24 UTC 2019
1 ms. Memory: 849408K Free: 825347K (97%)
ptolemy.util.test.WatchDog.cancel(): canceling Thu Jan 03 03:15:24 UTC 2019
auto.tcl: Setting watchdog for 200 seconds at Thu Jan 03 03:15:24 UTC 2019
1 ms. Memory: 849408K Free: 825347K (97%)
ptolemy.util.test.WatchDog.cancel(): canceling Thu Jan 03 03:15:24 UTC 2019
------------------ testing $PTII/ptolemy/domains/de/test/auto/fsm_de_test.xml
auto.tcl: Setting watchdog for 200 seconds at Thu Jan 03 03:15:24 UTC 2019
13 ms. Memory: 851968K Free: 820122K (96%)
ptolemy.util.test.WatchDog.cancel(): canceling Thu Jan 03 03:15:25 UTC 2019
auto.tcl: Setting watchdog for 200 seconds at Thu Jan 03 03:15:25 UTC 2019
5 ms. Memory: 851968K Free: 820122K (96%)
ptolemy.util.test.WatchDog.cancel(): canceling Thu Jan 03 03:15:25 UTC 2019
------------------ testing $PTII/ptolemy/domains/de/test/auto/functionDependencyReconstruction.xml
auto.tcl: Setting watchdog for 200 seconds at Thu Jan 03 03:15:25 UTC 2019
2 ms. Memory: 849408K Free: 798727K (94%)
ptolemy.util.test.WatchDog.cancel(): canceling Thu Jan 03 03:15:25 UTC 2019
auto.tcl: Setting watchdog for 200 seconds at Thu Jan 03 03:15:25 UTC 2019
3 ms. Memory: 849408K Free: 798727K (94%)
ptolemy.util.test.WatchDog.cancel(): canceling Thu Jan 03 03:15:25 UTC 2019
------------------ testing $PTII/ptolemy/domains/de/test/auto/multirate.xml
auto.tcl: Setting watchdog for 200 seconds at Thu Jan 03 03:15:25 UTC 2019
9 ms. Memory: 851456K Free: 827157K (97%)
ptolemy.util.test.WatchDog.cancel(): canceling Thu Jan 03 03:15:25 UTC 2019
auto.tcl: Setting watchdog for 200 seconds at Thu Jan 03 03:15:25 UTC 2019
3 ms. Memory: 851456K Free: 827114K (97%)
ptolemy.util.test.WatchDog.cancel(): canceling Thu Jan 03 03:15:25 UTC 2019
------------------ testing $PTII/ptolemy/domains/de/test/auto/multirate2.xml
auto.tcl: Setting watchdog for 200 seconds at Thu Jan 03 03:15:25 UTC 2019
2 ms. Memory: 849408K Free: 825297K (97%)
ptolemy.util.test.WatchDog.cancel(): canceling Thu Jan 03 03:15:25 UTC 2019
auto.tcl: Setting watchdog for 200 seconds at Thu Jan 03 03:15:25 UTC 2019
3 ms. Memory: 849408K Free: 825297K (97%)
ptolemy.util.test.WatchDog.cancel(): canceling Thu Jan 03 03:15:25 UTC 2019
------------------ testing $PTII/ptolemy/domains/de/test/auto/realtime.xml
auto.tcl: Setting watchdog for 200 seconds at Thu Jan 03 03:15:25 UTC 2019
10002 ms. Memory: 851456K Free: 827300K (97%)
ptolemy.util.test.WatchDog.cancel(): canceling Thu Jan 03 03:15:35 UTC 2019
auto.tcl: Setting watchdog for 200 seconds at Thu Jan 03 03:15:35 UTC 2019
10001 ms. Memory: 851456K Free: 827300K (97%)
ptolemy.util.test.WatchDog.cancel(): canceling Thu Jan 03 03:15:45 UTC 2019
------------------ testing $PTII/ptolemy/domains/de/test/auto/relationGroup.xml
auto.tcl: Setting watchdog for 200 seconds at Thu Jan 03 03:15:45 UTC 2019
3 ms. Memory: 849408K Free: 825321K (97%)
ptolemy.util.test.WatchDog.cancel(): canceling Thu Jan 03 03:15:45 UTC 2019
auto.tcl: Setting watchdog for 200 seconds at Thu Jan 03 03:15:45 UTC 2019
1 ms. Memory: 849408K Free: 825321K (97%)
ptolemy.util.test.WatchDog.cancel(): canceling Thu Jan 03 03:15:45 UTC 2019
------------------ testing $PTII/ptolemy/domains/de/test/auto/relationGroup2.xml
auto.tcl: Setting watchdog for 200 seconds at Thu Jan 03 03:15:45 UTC 2019
2 ms. Memory: 850944K Free: 819204K (96%)
ptolemy.util.test.WatchDog.cancel(): canceling Thu Jan 03 03:15:45 UTC 2019
auto.tcl: Setting watchdog for 200 seconds at Thu Jan 03 03:15:45 UTC 2019
1 ms. Memory: 850944K Free: 819204K (96%)
ptolemy.util.test.WatchDog.cancel(): canceling Thu Jan 03 03:15:45 UTC 2019
------------------ testing $PTII/ptolemy/domains/de/test/auto/sortWithOpaquePorts.xml
auto.tcl: Setting watchdog for 200 seconds at Thu Jan 03 03:15:45 UTC 2019
1 ms. Memory: 849408K Free: 817670K (96%)
ptolemy.util.test.WatchDog.cancel(): canceling Thu Jan 03 03:15:45 UTC 2019
auto.tcl: Setting watchdog for 200 seconds at Thu Jan 03 03:15:45 UTC 2019
2 ms. Memory: 849408K Free: 817670K (96%)
ptolemy.util.test.WatchDog.cancel(): canceling Thu Jan 03 03:15:45 UTC 2019
------------------ testing $PTII/ptolemy/domains/de/test/auto/transferInputsandOutputs.xml
auto.tcl: Setting watchdog for 200 seconds at Thu Jan 03 03:15:45 UTC 2019
2 ms. Memory: 850944K Free: 819192K (96%)
ptolemy.util.test.WatchDog.cancel(): canceling Thu Jan 03 03:15:45 UTC 2019
auto.tcl: Setting watchdog for 200 seconds at Thu Jan 03 03:15:45 UTC 2019
1 ms. Memory: 850944K Free: 819192K (96%)
ptolemy.util.test.WatchDog.cancel(): canceling Thu Jan 03 03:15:45 UTC 2019
------------------ testing $PTII/ptolemy/domains/de/test/auto/triggerType.xml
auto.tcl: Setting watchdog for 200 seconds at Thu Jan 03 03:15:45 UTC 2019
1 ms. Memory: 849408K Free: 817606K (96%)
ptolemy.util.test.WatchDog.cancel(): canceling Thu Jan 03 03:15:45 UTC 2019
auto.tcl: Setting watchdog for 200 seconds at Thu Jan 03 03:15:45 UTC 2019
1 ms. Memory: 849408K Free: 817606K (96%)
ptolemy.util.test.WatchDog.cancel(): canceling Thu Jan 03 03:15:45 UTC 2019
01/03/19 03:15:45
Failed: 0  Total Tests: 192  ((Passed: 187, Newly Passed: 1)  Known Failed: 5) /home/travis/build/icyphy/ptII/ptolemy/domains/de/test
01/03/19 03:15:45
Failed: 0  Total Tests: 192  ((Passed: 187, Newly Passed: 1)  Known Failed: 5) /home/travis/build/icyphy/ptII/ptolemy/domains/de/test
----------------- testing (KnownFailure) /home/travis/build/icyphy/ptII/ptolemy/domains/de/test/auto/knownFailedTests/DESDFClockTest.xml
2013 ms. Memory: 850432K Free: 803280K (94%)
Known Failure: java.lang.reflect.InvocationTargetException
----------------- testing (KnownFailure) /home/travis/build/icyphy/ptII/ptolemy/domains/de/test/auto/knownFailedTests/DirectFeedback.xml
2 ms. Memory: 850432K Free: 741840K (87%)
Known Failure: java.lang.reflect.InvocationTargetException
----------------- testing (KnownFailure) /home/travis/build/icyphy/ptII/ptolemy/domains/de/test/auto/knownFailedTests/FSMSource.xml
10 ms. Memory: 850432K Free: 680400K (80%)
----------------- testing (KnownFailure) /home/travis/build/icyphy/ptII/ptolemy/domains/de/test/auto/knownFailedTests/HierarchicalModel.xml
3 ms. Memory: 850432K Free: 634319K (75%)
Known Failure: java.lang.reflect.InvocationTargetException
----------------- testing (KnownFailure) /home/travis/build/icyphy/ptII/ptolemy/domains/de/test/auto/knownFailedTests/dependencyLoop.xml
4 ms. Memory: 850432K Free: 572879K (67%)
Known Failure: java.lang.reflect.InvocationTargetException
----------------- testing (KnownFailure) /home/travis/build/icyphy/ptII/ptolemy/domains/de/test/auto/knownFailedTests/dependencyLoop2.xml
3 ms. Memory: 850432K Free: 511439K (60%)
Known Failure: java.lang.reflect.InvocationTargetException
No auto/linux-amd64/*.xml tests in /home/travis/build/icyphy/ptII/ptolemy/domains/de/test
AutoTests.java: About to close Vertx.
AutoTests.java: Vertx closed.

===========================================================================================
----------------- testing Thu Jan 03 03:15:47 UTC 2019 /home/travis/build/icyphy/ptII/ptolemy/domains/de/test/auto/ActorDepthCalculation_actorWithoutPorts.xml
----------------- Instantiating /home/travis/build/icyphy/ptII/ptolemy/domains/de/test/auto/ActorDepthCalculation_actorWithoutPorts.xml
1 ms. Memory: 850432K Free: 434639K (51%)
----------------- Invoking toplevel() on ptolemy.moml.MoMLSimpleApplication@1ea5c58c
----------------- Done invoking toplevel() on ptolemy.moml.MoMLSimpleApplication@1ea5c58c
reloadAllAccessors: .ActorDepthCalculation_actorWithoutPorts

===========================================================================================
----------------- testing Thu Jan 03 03:15:48 UTC 2019 /home/travis/build/icyphy/ptII/ptolemy/domains/de/test/auto/AssemblyLine.xml
----------------- Instantiating /home/travis/build/icyphy/ptII/ptolemy/domains/de/test/auto/AssemblyLine.xml
2 ms. Memory: 850432K Free: 403919K (47%)
----------------- Invoking toplevel() on ptolemy.moml.MoMLSimpleApplication@4001b0df
----------------- Done invoking toplevel() on ptolemy.moml.MoMLSimpleApplication@4001b0df
reloadAllAccessors: .AssemblyLine

===========================================================================================
----------------- testing Thu Jan 03 03:15:48 UTC 2019 /home/travis/build/icyphy/ptII/ptolemy/domains/de/test/auto/CQBug1.xml
----------------- Instantiating /home/travis/build/icyphy/ptII/ptolemy/domains/de/test/auto/CQBug1.xml
1 ms. Memory: 850432K Free: 373198K (44%)
----------------- Invoking toplevel() on ptolemy.moml.MoMLSimpleApplication@31b077d2
----------------- Done invoking toplevel() on ptolemy.moml.MoMLSimpleApplication@31b077d2
reloadAllAccessors: .CQBug1

===========================================================================================
----------------- testing Thu Jan 03 03:15:48 UTC 2019 /home/travis/build/icyphy/ptII/ptolemy/domains/de/test/auto/CancelFireAt.xml
----------------- Instantiating /home/travis/build/icyphy/ptII/ptolemy/domains/de/test/auto/CancelFireAt.xml
2 ms. Memory: 850432K Free: 342478K (40%)
----------------- Invoking toplevel() on ptolemy.moml.MoMLSimpleApplication@5ba996e6
----------------- Done invoking toplevel() on ptolemy.moml.MoMLSimpleApplication@5ba996e6
reloadAllAccessors: .CancelFireAt

===========================================================================================
----------------- testing Thu Jan 03 03:15:48 UTC 2019 /home/travis/build/icyphy/ptII/ptolemy/domains/de/test/auto/CausalityAndComposabilityAnalysis.xml
----------------- Instantiating /home/travis/build/icyphy/ptII/ptolemy/domains/de/test/auto/CausalityAndComposabilityAnalysis.xml
2 ms. Memory: 850432K Free: 311758K (37%)
----------------- Invoking toplevel() on ptolemy.moml.MoMLSimpleApplication@507f00e1
----------------- Done invoking toplevel() on ptolemy.moml.MoMLSimpleApplication@507f00e1
reloadAllAccessors: .CausalityAndComposabilityAnalysis

===========================================================================================
----------------- testing Thu Jan 03 03:15:48 UTC 2019 /home/travis/build/icyphy/ptII/ptolemy/domains/de/test/auto/CausalityInterface1.xml
----------------- Instantiating /home/travis/build/icyphy/ptII/ptolemy/domains/de/test/auto/CausalityInterface1.xml
5 ms. Memory: 850432K Free: 281038K (33%)
----------------- Invoking toplevel() on ptolemy.moml.MoMLSimpleApplication@6c0d6728
----------------- Done invoking toplevel() on ptolemy.moml.MoMLSimpleApplication@6c0d6728
reloadAllAccessors: .CausalityInterface1

===========================================================================================
----------------- testing Thu Jan 03 03:15:48 UTC 2019 /home/travis/build/icyphy/ptII/ptolemy/domains/de/test/auto/CausalityInterface15.xml
----------------- Instantiating /home/travis/build/icyphy/ptII/ptolemy/domains/de/test/auto/CausalityInterface15.xml
2 ms. Memory: 850432K Free: 250318K (29%)
----------------- Invoking toplevel() on ptolemy.moml.MoMLSimpleApplication@6011d0c4
----------------- Done invoking toplevel() on ptolemy.moml.MoMLSimpleApplication@6011d0c4
[...]
java.lang.RuntimeException: Execution failed
	at ptolemy.moml.MoMLSimpleApplication$UnloadThread.run(MoMLSimpleApplication.java:402)
Caused by: ptolemy.kernel.util.IllegalActionException: Test fails in iteration 1.
Value was: 1.0. Should have been: 2.0
  in .DirectFeedback.Test
	at ptolemy.actor.lib.Test.fire(Test.java:268)
	at ptolemy.domains.de.kernel.DEDirector._fire(DEDirector.java:1949)
	at ptolemy.domains.de.kernel.DEDirector.fire(DEDirector.java:502)
	at ptolemy.actor.CompositeActor.fire(CompositeActor.java:455)
	at ptolemy.actor.Manager.iterate(Manager.java:851)
	at ptolemy.actor.Manager.execute(Manager.java:369)
	at ptolemy.actor.Manager.run(Manager.java:1263)
	at ptolemy.actor.Manager$PtolemyRunThread.run(Manager.java:1915)
java.lang.RuntimeException: Execution failed
	at ptolemy.moml.MoMLSimpleApplication$UnloadThread.run(MoMLSimpleApplication.java:402)
Caused by: ptolemy.kernel.util.IllegalActionException: Actor is not ready to fire.  Perhaps UpSample.prefire() returned false? Try debugging the actor by selecting "Listen to Actor".  Also, for SDF check moml for tokenConsumptionRate on input.
  in .DESDFClockTest.Play Bell.Copy1:SDF Director and .DESDFClockTest.Play Bell.UpSample
	at ptolemy.actor.sched.StaticSchedulingDirector.fire(StaticSchedulingDirector.java:227)
	at ptolemy.domains.sdf.kernel.SDFDirector.fire(SDFDirector.java:500)
	at ptolemy.actor.CompositeActor.fire(CompositeActor.java:455)
	at ptolemy.domains.de.kernel.DEDirector._fire(DEDirector.java:1949)
	at ptolemy.domains.de.kernel.DEDirector.fire(DEDirector.java:502)
	at ptolemy.actor.CompositeActor.fire(CompositeActor.java:455)
	at ptolemy.actor.Manager.iterate(Manager.java:851)
	at ptolemy.actor.Manager.execute(Manager.java:369)
	at ptolemy.actor.Manager.run(Manager.java:1263)
	at ptolemy.actor.Manager$PtolemyRunThread.run(Manager.java:1915)
java.lang.reflect.InvocationTargetException
	at sun.reflect.NativeConstructorAccessorImpl.newInstance0(Native Method)
	at sun.reflect.NativeConstructorAccessorImpl.newInstance(NativeConstructorAccessorImpl.java:62)
	at sun.reflect.DelegatingConstructorAccessorImpl.newInstance(DelegatingConstructorAccessorImpl.java:45)
	at java.lang.reflect.Constructor.newInstance(Constructor.java:423)
	at ptolemy.util.test.junit.AutoKnownFailedTests.RunModel(AutoKnownFailedTests.java:105)
	at sun.reflect.NativeMethodAccessorImpl.invoke0(Native Method)
	at sun.reflect.NativeMethodAccessorImpl.invoke(NativeMethodAccessorImpl.java:62)
	at sun.reflect.DelegatingMethodAccessorImpl.invoke(DelegatingMethodAccessorImpl.java:43)
	at java.lang.reflect.Method.invoke(Method.java:498)
	at org.junit.runners.model.FrameworkMethod$1.runReflectiveCall(FrameworkMethod.java:44)
	at org.junit.internal.runners.model.ReflectiveCallable.run(ReflectiveCallable.java:15)
	at org.junit.runners.model.FrameworkMethod.invokeExplosively(FrameworkMethod.java:41)
	at junitparams.internal.InvokeParameterisedMethod.evaluate(InvokeParameterisedMethod.java:102)
	at org.junit.internal.runners.statements.FailOnTimeout$1.run(FailOnTimeout.java:28)
Caused by: ptolemy.kernel.util.IllegalActionException: Actor is not ready to fire.  Perhaps UpSample.prefire() returned false? Try debugging the actor by selecting "Listen to Actor".  Also, for SDF check moml for tokenConsumptionRate on input.
  in .DESDFClockTest.Play Bell.Copy1:SDF Director and .DESDFClockTest.Play Bell.UpSample
	at ptolemy.actor.sched.StaticSchedulingDirector.fire(StaticSchedulingDirector.java:227)
	at ptolemy.domains.sdf.kernel.SDFDirector.fire(SDFDirector.java:500)
	at ptolemy.actor.CompositeActor.fire(CompositeActor.java:455)
	at ptolemy.domains.de.kernel.DEDirector._fire(DEDirector.java:1949)
	at ptolemy.domains.de.kernel.DEDirector.fire(DEDirector.java:502)
	at ptolemy.actor.CompositeActor.fire(CompositeActor.java:455)
	at ptolemy.actor.Manager.iterate(Manager.java:851)
	at ptolemy.actor.Manager.execute(Manager.java:369)
	at ptolemy.actor.Manager.run(Manager.java:1263)
	at ptolemy.actor.Manager$PtolemyRunThread.run(Manager.java:1915)
java.lang.RuntimeException: Execution failed
	at ptolemy.moml.MoMLSimpleApplication$UnloadThread.run(MoMLSimpleApplication.java:402)
Caused by: ptolemy.kernel.util.IllegalActionException: Test fails in iteration 1.
Value was: 1.0. Should have been: 2.0
  in .DirectFeedback.Test
	at ptolemy.actor.lib.Test.fire(Test.java:268)
	at ptolemy.domains.de.kernel.DEDirector._fire(DEDirector.java:1949)
	at ptolemy.domains.de.kernel.DEDirector.fire(DEDirector.java:502)
	at ptolemy.actor.CompositeActor.fire(CompositeActor.java:455)
	at ptolemy.actor.Manager.iterate(Manager.java:851)
	at ptolemy.actor.Manager.execute(Manager.java:369)
	at ptolemy.actor.Manager.run(Manager.java:1263)
	at ptolemy.actor.Manager$PtolemyRunThread.run(Manager.java:1915)
java.lang.reflect.InvocationTargetException
	at sun.reflect.NativeConstructorAccessorImpl.newInstance0(Native Method)
	at sun.reflect.NativeConstructorAccessorImpl.newInstance(NativeConstructorAccessorImpl.java:62)
	at sun.reflect.DelegatingConstructorAccessorImpl.newInstance(DelegatingConstructorAccessorImpl.java:45)
	at java.lang.reflect.Constructor.newInstance(Constructor.java:423)
	at ptolemy.util.test.junit.AutoKnownFailedTests.RunModel(AutoKnownFailedTests.java:105)
	at sun.reflect.NativeMethodAccessorImpl.invoke0(Native Method)
	at sun.reflect.NativeMethodAccessorImpl.invoke(NativeMethodAccessorImpl.java:62)
	at sun.reflect.DelegatingMethodAccessorImpl.invoke(DelegatingMethodAccessorImpl.java:43)
	at java.lang.reflect.Method.invoke(Method.java:498)
	at org.junit.runners.model.FrameworkMethod$1.runReflectiveCall(FrameworkMethod.java:44)
	at org.junit.internal.runners.model.ReflectiveCallable.run(ReflectiveCallable.java:15)
	at org.junit.runners.model.FrameworkMethod.invokeExplosively(FrameworkMethod.java:41)
	at junitparams.internal.InvokeParameterisedMethod.evaluate(InvokeParameterisedMethod.java:102)
	at org.junit.internal.runners.statements.FailOnTimeout$1.run(FailOnTimeout.java:28)
Caused by: ptolemy.kernel.util.IllegalActionException: Test fails in iteration 1.
Value was: 1.0. Should have been: 2.0
  in .DirectFeedback.Test
	at ptolemy.actor.lib.Test.fire(Test.java:268)
	at ptolemy.domains.de.kernel.DEDirector._fire(DEDirector.java:1949)
	at ptolemy.domains.de.kernel.DEDirector.fire(DEDirector.java:502)
	at ptolemy.actor.CompositeActor.fire(CompositeActor.java:455)
	at ptolemy.actor.Manager.iterate(Manager.java:851)
	at ptolemy.actor.Manager.execute(Manager.java:369)
	at ptolemy.actor.Manager.run(Manager.java:1263)
	at ptolemy.actor.Manager$PtolemyRunThread.run(Manager.java:1915)
java.lang.RuntimeException: Execution failed
	at ptolemy.moml.MoMLSimpleApplication$UnloadThread.run(MoMLSimpleApplication.java:402)
Caused by: ptolemy.kernel.util.IllegalActionException: Found a zero delay loop containing .HierarchicalModel.A
  in .HierarchicalModel and .HierarchicalModel.A
	at ptolemy.actor.util.CausalityInterfaceForComposites._computeOutputPortDepth(CausalityInterfaceForComposites.java:759)
	at ptolemy.actor.util.CausalityInterfaceForComposites._computeInputDepth(CausalityInterfaceForComposites.java:696)
	at ptolemy.actor.util.CausalityInterfaceForComposites._computeOutputPortDepth(CausalityInterfaceForComposites.java:765)
	at ptolemy.actor.util.CausalityInterfaceForComposites._computeInputDepth(CausalityInterfaceForComposites.java:696)
	at ptolemy.actor.util.CausalityInterfaceForComposites._computeOutputPortDepth(CausalityInterfaceForComposites.java:765)
	at ptolemy.actor.util.CausalityInterfaceForComposites._computeInputDepth(CausalityInterfaceForComposites.java:696)
	at ptolemy.actor.util.CausalityInterfaceForComposites._computeActorDepth(CausalityInterfaceForComposites.java:532)
	at ptolemy.actor.util.CausalityInterfaceForComposites.checkForCycles(CausalityInterfaceForComposites.java:96)
	at ptolemy.domains.de.kernel.DEDirector.preinitialize(DEDirector.java:1338)
	at ptolemy.actor.CompositeActor.preinitialize(CompositeActor.java:1828)
	at ptolemy.actor.Manager.preinitializeAndResolveTypes(Manager.java:1040)
	at ptolemy.actor.Manager.initialize(Manager.java:710)
	at ptolemy.actor.Manager.execute(Manager.java:356)
	at ptolemy.actor.Manager.run(Manager.java:1263)
	at ptolemy.actor.Manager$PtolemyRunThread.run(Manager.java:1915)
java.lang.reflect.InvocationTargetException
	at sun.reflect.NativeConstructorAccessorImpl.newInstance0(Native Method)
	at sun.reflect.NativeConstructorAccessorImpl.newInstance(NativeConstructorAccessorImpl.java:62)
	at sun.reflect.DelegatingConstructorAccessorImpl.newInstance(DelegatingConstructorAccessorImpl.java:45)
	at java.lang.reflect.Constructor.newInstance(Constructor.java:423)
	at ptolemy.util.test.junit.AutoKnownFailedTests.RunModel(AutoKnownFailedTests.java:105)
	at sun.reflect.NativeMethodAccessorImpl.invoke0(Native Method)
	at sun.reflect.NativeMethodAccessorImpl.invoke(NativeMethodAccessorImpl.java:62)
	at sun.reflect.DelegatingMethodAccessorImpl.invoke(DelegatingMethodAccessorImpl.java:43)
	at java.lang.reflect.Method.invoke(Method.java:498)
	at org.junit.runners.model.FrameworkMethod$1.runReflectiveCall(FrameworkMethod.java:44)
	at org.junit.internal.runners.model.ReflectiveCallable.run(ReflectiveCallable.java:15)
	at org.junit.runners.model.FrameworkMethod.invokeExplosively(FrameworkMethod.java:41)
	at junitparams.internal.InvokeParameterisedMethod.evaluate(InvokeParameterisedMethod.java:102)
	at org.junit.internal.runners.statements.FailOnTimeout$1.run(FailOnTimeout.java:28)
Caused by: ptolemy.kernel.util.IllegalActionException: Found a zero delay loop containing .HierarchicalModel.A
  in .HierarchicalModel and .HierarchicalModel.A
	at ptolemy.actor.util.CausalityInterfaceForComposites._computeOutputPortDepth(CausalityInterfaceForComposites.java:759)
	at ptolemy.actor.util.CausalityInterfaceForComposites._computeInputDepth(CausalityInterfaceForComposites.java:696)
	at ptolemy.actor.util.CausalityInterfaceForComposites._computeOutputPortDepth(CausalityInterfaceForComposites.java:765)
	at ptolemy.actor.util.CausalityInterfaceForComposites._computeInputDepth(CausalityInterfaceForComposites.java:696)
	at ptolemy.actor.util.CausalityInterfaceForComposites._computeOutputPortDepth(CausalityInterfaceForComposites.java:765)
	at ptolemy.actor.util.CausalityInterfaceForComposites._computeInputDepth(CausalityInterfaceForComposites.java:696)
	at ptolemy.actor.util.CausalityInterfaceForComposites._computeActorDepth(CausalityInterfaceForComposites.java:532)
	at ptolemy.actor.util.CausalityInterfaceForComposites.checkForCycles(CausalityInterfaceForComposites.java:96)
	at ptolemy.domains.de.kernel.DEDirector.preinitialize(DEDirector.java:1338)
	at ptolemy.actor.CompositeActor.preinitialize(CompositeActor.java:1828)
	at ptolemy.actor.Manager.preinitializeAndResolveTypes(Manager.java:1040)
	at ptolemy.actor.Manager.initialize(Manager.java:710)
	at ptolemy.actor.Manager.execute(Manager.java:356)
	at ptolemy.actor.Manager.run(Manager.java:1263)
	at ptolemy.actor.Manager$PtolemyRunThread.run(Manager.java:1915)
java.lang.RuntimeException: Execution failed
	at ptolemy.moml.MoMLSimpleApplication$UnloadThread.run(MoMLSimpleApplication.java:402)
Caused by: ptolemy.kernel.util.IllegalActionException: Found a zero delay loop containing .dependencyLoop.original
  in .dependencyLoop and .dependencyLoop.original
	at ptolemy.actor.util.CausalityInterfaceForComposites._computeOutputPortDepth(CausalityInterfaceForComposites.java:759)
	at ptolemy.actor.util.CausalityInterfaceForComposites._computeInputDepth(CausalityInterfaceForComposites.java:696)
	at ptolemy.actor.util.CausalityInterfaceForComposites._computeOutputPortDepth(CausalityInterfaceForComposites.java:765)
	at ptolemy.actor.util.CausalityInterfaceForComposites._computeInputDepth(CausalityInterfaceForComposites.java:696)
	at ptolemy.actor.util.CausalityInterfaceForComposites._computeOutputPortDepth(CausalityInterfaceForComposites.java:765)
	at ptolemy.actor.util.CausalityInterfaceForComposites._computeInputDepth(CausalityInterfaceForComposites.java:696)
	at ptolemy.actor.util.CausalityInterfaceForComposites._computeActorDepth(CausalityInterfaceForComposites.java:532)
	at ptolemy.actor.util.CausalityInterfaceForComposites.checkForCycles(CausalityInterfaceForComposites.java:96)
	at ptolemy.domains.de.kernel.DEDirector.preinitialize(DEDirector.java:1338)
	at ptolemy.actor.CompositeActor.preinitialize(CompositeActor.java:1828)
	at ptolemy.actor.Manager.preinitializeAndResolveTypes(Manager.java:1040)
	at ptolemy.actor.Manager.initialize(Manager.java:710)
	at ptolemy.actor.Manager.execute(Manager.java:356)
	at ptolemy.actor.Manager.run(Manager.java:1263)
	at ptolemy.actor.Manager$PtolemyRunThread.run(Manager.java:1915)
java.lang.reflect.InvocationTargetException
	at sun.reflect.NativeConstructorAccessorImpl.newInstance0(Native Method)
	at sun.reflect.NativeConstructorAccessorImpl.newInstance(NativeConstructorAccessorImpl.java:62)
	at sun.reflect.DelegatingConstructorAccessorImpl.newInstance(DelegatingConstructorAccessorImpl.java:45)
	at java.lang.reflect.Constructor.newInstance(Constructor.java:423)
	at ptolemy.util.test.junit.AutoKnownFailedTests.RunModel(AutoKnownFailedTests.java:105)
	at sun.reflect.NativeMethodAccessorImpl.invoke0(Native Method)
	at sun.reflect.NativeMethodAccessorImpl.invoke(NativeMethodAccessorImpl.java:62)
	at sun.reflect.DelegatingMethodAccessorImpl.invoke(DelegatingMethodAccessorImpl.java:43)
	at java.lang.reflect.Method.invoke(Method.java:498)
	at org.junit.runners.model.FrameworkMethod$1.runReflectiveCall(FrameworkMethod.java:44)
	at org.junit.internal.runners.model.ReflectiveCallable.run(ReflectiveCallable.java:15)
	at org.junit.runners.model.FrameworkMethod.invokeExplosively(FrameworkMethod.java:41)
	at junitparams.internal.InvokeParameterisedMethod.evaluate(InvokeParameterisedMethod.java:102)
	at org.junit.internal.runners.statements.FailOnTimeout$1.run(FailOnTimeout.java:28)
Caused by: ptolemy.kernel.util.IllegalActionException: Found a zero delay loop containing .dependencyLoop.original
  in .dependencyLoop and .dependencyLoop.original
	at ptolemy.actor.util.CausalityInterfaceForComposites._computeOutputPortDepth(CausalityInterfaceForComposites.java:759)
	at ptolemy.actor.util.CausalityInterfaceForComposites._computeInputDepth(CausalityInterfaceForComposites.java:696)
	at ptolemy.actor.util.CausalityInterfaceForComposites._computeOutputPortDepth(CausalityInterfaceForComposites.java:765)
	at ptolemy.actor.util.CausalityInterfaceForComposites._computeInputDepth(CausalityInterfaceForComposites.java:696)
	at ptolemy.actor.util.CausalityInterfaceForComposites._computeOutputPortDepth(CausalityInterfaceForComposites.java:765)
	at ptolemy.actor.util.CausalityInterfaceForComposites._computeInputDepth(CausalityInterfaceForComposites.java:696)
	at ptolemy.actor.util.CausalityInterfaceForComposites._computeActorDepth(CausalityInterfaceForComposites.java:532)
	at ptolemy.actor.util.CausalityInterfaceForComposites.checkForCycles(CausalityInterfaceForComposites.java:96)
	at ptolemy.domains.de.kernel.DEDirector.preinitialize(DEDirector.java:1338)
	at ptolemy.actor.CompositeActor.preinitialize(CompositeActor.java:1828)
	at ptolemy.actor.Manager.preinitializeAndResolveTypes(Manager.java:1040)
	at ptolemy.actor.Manager.initialize(Manager.java:710)
	at ptolemy.actor.Manager.execute(Manager.java:356)
	at ptolemy.actor.Manager.run(Manager.java:1263)
	at ptolemy.actor.Manager$PtolemyRunThread.run(Manager.java:1915)
java.lang.RuntimeException: Execution failed
	at ptolemy.moml.MoMLSimpleApplication$UnloadThread.run(MoMLSimpleApplication.java:402)
Caused by: ptolemy.kernel.util.IllegalActionException: Found a zero delay loop containing .dependencyLoop2.original
  in .dependencyLoop2 and .dependencyLoop2.original
	at ptolemy.actor.util.CausalityInterfaceForComposites._computeOutputPortDepth(CausalityInterfaceForComposites.java:759)
	at ptolemy.actor.util.CausalityInterfaceForComposites._computeInputDepth(CausalityInterfaceForComposites.java:696)
	at ptolemy.actor.util.CausalityInterfaceForComposites._computeOutputPortDepth(CausalityInterfaceForComposites.java:765)
	at ptolemy.actor.util.CausalityInterfaceForComposites._computeInputDepth(CausalityInterfaceForComposites.java:696)
	at ptolemy.actor.util.CausalityInterfaceForComposites._computeOutputPortDepth(CausalityInterfaceForComposites.java:765)
	at ptolemy.actor.util.CausalityInterfaceForComposites._computeInputDepth(CausalityInterfaceForComposites.java:696)
	at ptolemy.actor.util.CausalityInterfaceForComposites._computeActorDepth(CausalityInterfaceForComposites.java:532)
	at ptolemy.actor.util.CausalityInterfaceForComposites.checkForCycles(CausalityInterfaceForComposites.java:96)
	at ptolemy.domains.de.kernel.DEDirector.preinitialize(DEDirector.java:1338)
	at ptolemy.actor.CompositeActor.preinitialize(CompositeActor.java:1828)
	at ptolemy.actor.Manager.preinitializeAndResolveTypes(Manager.java:1040)
	at ptolemy.actor.Manager.initialize(Manager.java:710)
	at ptolemy.actor.Manager.execute(Manager.java:356)
	at ptolemy.actor.Manager.run(Manager.java:1263)
	at ptolemy.actor.Manager$PtolemyRunThread.run(Manager.java:1915)
java.lang.reflect.InvocationTargetException
	at sun.reflect.NativeConstructorAccessorImpl.newInstance0(Native Method)
	at sun.reflect.NativeConstructorAccessorImpl.newInstance(NativeConstructorAccessorImpl.java:62)
	at sun.reflect.DelegatingConstructorAccessorImpl.newInstance(DelegatingConstructorAccessorImpl.java:45)
	at java.lang.reflect.Constructor.newInstance(Constructor.java:423)
	at ptolemy.util.test.junit.AutoKnownFailedTests.RunModel(AutoKnownFailedTests.java:105)
	at sun.reflect.NativeMethodAccessorImpl.invoke0(Native Method)
	at sun.reflect.NativeMethodAccessorImpl.invoke(NativeMethodAccessorImpl.java:62)
	at sun.reflect.DelegatingMethodAccessorImpl.invoke(DelegatingMethodAccessorImpl.java:43)
	at java.lang.reflect.Method.invoke(Method.java:498)
	at org.junit.runners.model.FrameworkMethod$1.runReflectiveCall(FrameworkMethod.java:44)
	at org.junit.internal.runners.model.ReflectiveCallable.run(ReflectiveCallable.java:15)
	at org.junit.runners.model.FrameworkMethod.invokeExplosively(FrameworkMethod.java:41)
	at junitparams.internal.InvokeParameterisedMethod.evaluate(InvokeParameterisedMethod.java:102)
	at org.junit.internal.runners.statements.FailOnTimeout$1.run(FailOnTimeout.java:28)
Caused by: ptolemy.kernel.util.IllegalActionException: Found a zero delay loop containing .dependencyLoop2.original
  in .dependencyLoop2 and .dependencyLoop2.original
	at ptolemy.actor.util.CausalityInterfaceForComposites._computeOutputPortDepth(CausalityInterfaceForComposites.java:759)
	at ptolemy.actor.util.CausalityInterfaceForComposites._computeInputDepth(CausalityInterfaceForComposites.java:696)
	at ptolemy.actor.util.CausalityInterfaceForComposites._computeOutputPortDepth(CausalityInterfaceForComposites.java:765)
	at ptolemy.actor.util.CausalityInterfaceForComposites._computeInputDepth(CausalityInterfaceForComposites.java:696)
	at ptolemy.actor.util.CausalityInterfaceForComposites._computeOutputPortDepth(CausalityInterfaceForComposites.java:765)
	at ptolemy.actor.util.CausalityInterfaceForComposites._computeInputDepth(CausalityInterfaceForComposites.java:696)
	at ptolemy.actor.util.CausalityInterfaceForComposites._computeActorDepth(CausalityInterfaceForComposites.java:532)
	at ptolemy.actor.util.CausalityInterfaceForComposites.checkForCycles(CausalityInterfaceForComposites.java:96)
	at ptolemy.domains.de.kernel.DEDirector.preinitialize(DEDirector.java:1338)
	at ptolemy.actor.CompositeActor.preinitialize(CompositeActor.java:1828)
	at ptolemy.actor.Manager.preinitializeAndResolveTypes(Manager.java:1040)
	at ptolemy.actor.Manager.initialize(Manager.java:710)
	at ptolemy.actor.Manager.execute(Manager.java:356)
	at ptolemy.actor.Manager.run(Manager.java:1263)
	at ptolemy.actor.Manager$PtolemyRunThread.run(Manager.java:1915)
]]></system-err>
</testsuite>
