<?xml version="1.0" encoding="UTF-8" ?>
<testsuite errors="0" failures="0" hostname="travis-job-3f40a1f9-e7f6-4fc9-8ec7-aacc99ecd86f" name="ptolemy.domains.sdf.test.junit.JUnitTclTest" skipped="0" tests="66" time="19.389" timestamp="2020-10-24T16:29:29">
  <properties>
[...]
</properties>
  <testcase classname="ptolemy.util.test.junit.TclTests" name="[0] /home/travis/build/icyphy/ptII/ptolemy/domains/sdf/test/SDFSchedulerErrors.tcl (RunTclFile)" time="0.847" />
  <testcase classname="ptolemy.util.test.junit.TclTests" name="[1] /home/travis/build/icyphy/ptII/ptolemy/domains/sdf/test/composition.tcl (RunTclFile)" time="0.148" />
  <testcase classname="ptolemy.util.test.junit.TclTests" name="[2] /home/travis/build/icyphy/ptII/ptolemy/domains/sdf/test/cycle.tcl (RunTclFile)" time="0.043" />
  <testcase classname="ptolemy.util.test.junit.AutoKnownFailedTests" name="[0] ThereAreNoKnowFailedTests (RunModel)" time="0.003" />
  <testcase classname="ptolemy.util.test.junit.AutoNameArchTests" name="[0] ThereAreNoAutoArchTests (RunModel)" time="0.006" />
  <testcase classname="ptolemy.util.test.junit.AutoTests" name="[0] /home/travis/build/icyphy/ptII/ptolemy/domains/sdf/test/auto/Array.xml (RunModel)" time="0.279" />
  <testcase classname="ptolemy.util.test.junit.AutoTests" name="[1] /home/travis/build/icyphy/ptII/ptolemy/domains/sdf/test/auto/Butterfly.xml (RunModel)" time="0.107" />
  <testcase classname="ptolemy.util.test.junit.AutoTests" name="[2] /home/travis/build/icyphy/ptII/ptolemy/domains/sdf/test/auto/Expression.xml (RunModel)" time="0.079" />
  <testcase classname="ptolemy.util.test.junit.AutoTests" name="[3] /home/travis/build/icyphy/ptII/ptolemy/domains/sdf/test/auto/Eye.xml (RunModel)" time="0.268" />
  <testcase classname="ptolemy.util.test.junit.AutoTests" name="[4] /home/travis/build/icyphy/ptII/ptolemy/domains/sdf/test/auto/FixFIR.xml (RunModel)" time="0.32" />
  <testcase classname="ptolemy.util.test.junit.AutoTests" name="[5] /home/travis/build/icyphy/ptII/ptolemy/domains/sdf/test/auto/FixPoint.xml (RunModel)" time="0.055" />
  <testcase classname="ptolemy.util.test.junit.AutoTests" name="[6] /home/travis/build/icyphy/ptII/ptolemy/domains/sdf/test/auto/Gravitation.xml (RunModel)" time="3.294" />
  <testcase classname="ptolemy.util.test.junit.AutoTests" name="[7] /home/travis/build/icyphy/ptII/ptolemy/domains/sdf/test/auto/GravitationWithCollisionDetection.xml (RunModel)" time="5.734" />
  <testcase classname="ptolemy.util.test.junit.AutoTests" name="[8] /home/travis/build/icyphy/ptII/ptolemy/domains/sdf/test/auto/HDF.xml (RunModel)" time="0.113" />
  <testcase classname="ptolemy.util.test.junit.AutoTests" name="[9] /home/travis/build/icyphy/ptII/ptolemy/domains/sdf/test/auto/HDFwithTransientStates.xml (RunModel)" time="0.081" />
  <testcase classname="ptolemy.util.test.junit.AutoTests" name="[10] /home/travis/build/icyphy/ptII/ptolemy/domains/sdf/test/auto/HTVQ.xml (RunModel)" time="0.84" />
  <testcase classname="ptolemy.util.test.junit.AutoTests" name="[11] /home/travis/build/icyphy/ptII/ptolemy/domains/sdf/test/auto/InferInitProduction.xml (RunModel)" time="0.027" />
  <testcase classname="ptolemy.util.test.junit.AutoTests" name="[12] /home/travis/build/icyphy/ptII/ptolemy/domains/sdf/test/auto/InferInitProductionDeeper.xml (RunModel)" time="0.023" />
  <testcase classname="ptolemy.util.test.junit.AutoTests" name="[13] /home/travis/build/icyphy/ptII/ptolemy/domains/sdf/test/auto/LMSAdaptive.xml (RunModel)" time="0.082" />
  <testcase classname="ptolemy.util.test.junit.AutoTests" name="[14] /home/travis/build/icyphy/ptII/ptolemy/domains/sdf/test/auto/LogisticMap.xml (RunModel)" time="0.459" />
  <testcase classname="ptolemy.util.test.junit.AutoTests" name="[15] /home/travis/build/icyphy/ptII/ptolemy/domains/sdf/test/auto/MaximumEntropySpectrum.xml (RunModel)" time="0.224" />
  <testcase classname="ptolemy.util.test.junit.AutoTests" name="[16] /home/travis/build/icyphy/ptII/ptolemy/domains/sdf/test/auto/MultirateSDF.xml (RunModel)" time="0.067" />
  <testcase classname="ptolemy.util.test.junit.AutoTests" name="[17] /home/travis/build/icyphy/ptII/ptolemy/domains/sdf/test/auto/MultirateSDFwithTransientStates.xml (RunModel)" time="0.056" />
  <testcase classname="ptolemy.util.test.junit.AutoTests" name="[18] /home/travis/build/icyphy/ptII/ptolemy/domains/sdf/test/auto/NoisySinewave.xml (RunModel)" time="0.071" />
  <testcase classname="ptolemy.util.test.junit.AutoTests" name="[19] /home/travis/build/icyphy/ptII/ptolemy/domains/sdf/test/auto/Objects.xml (RunModel)" time="0.044" />
  <testcase classname="ptolemy.util.test.junit.AutoTests" name="[20] /home/travis/build/icyphy/ptII/ptolemy/domains/sdf/test/auto/OrthogonalCom.xml (RunModel)" time="0.041" />
  <testcase classname="ptolemy.util.test.junit.AutoTests" name="[21] /home/travis/build/icyphy/ptII/ptolemy/domains/sdf/test/auto/RijndaelEncryption.xml (RunModel)" time="0.62" />
  <testcase classname="ptolemy.util.test.junit.AutoTests" name="[22] /home/travis/build/icyphy/ptII/ptolemy/domains/sdf/test/auto/SDFEmptyIterations.xml (RunModel)" time="0.016" />
  <testcase classname="ptolemy.util.test.junit.AutoTests" name="[23] /home/travis/build/icyphy/ptII/ptolemy/domains/sdf/test/auto/Spectrum.xml (RunModel)" time="0.092" />
  <testcase classname="ptolemy.util.test.junit.AutoTests" name="[24] /home/travis/build/icyphy/ptII/ptolemy/domains/sdf/test/auto/de_inside_sdf.xml (RunModel)" time="0.023" />
  <testcase classname="ptolemy.util.test.junit.AutoTests" name="[25] /home/travis/build/icyphy/ptII/ptolemy/domains/sdf/test/auto/disconnectedHierarchicalSDF.xml (RunModel)" time="0.027" />
  <testcase classname="ptolemy.util.test.junit.AutoTests" name="[26] /home/travis/build/icyphy/ptII/ptolemy/domains/sdf/test/auto/disconnectedSDF.xml (RunModel)" time="0.02" />
  <testcase classname="ptolemy.util.test.junit.AutoTests" name="[27] /home/travis/build/icyphy/ptII/ptolemy/domains/sdf/test/auto/emptyRefinement.xml (RunModel)" time="0.014" />
  <testcase classname="ptolemy.util.test.junit.AutoTests" name="[28] /home/travis/build/icyphy/ptII/ptolemy/domains/sdf/test/auto/filePortParameter.xml (RunModel)" time="0.044" />
  <testcase classname="ptolemy.util.test.junit.AutoTests" name="[29] /home/travis/build/icyphy/ptII/ptolemy/domains/sdf/test/auto/inferRelationWidth1.xml (RunModel)" time="0.018" />
  <testcase classname="ptolemy.util.test.junit.AutoTests" name="[30] /home/travis/build/icyphy/ptII/ptolemy/domains/sdf/test/auto/initProductionInference.xml (RunModel)" time="0.016" />
  <testcase classname="ptolemy.util.test.junit.AutoTests" name="[31] /home/travis/build/icyphy/ptII/ptolemy/domains/sdf/test/auto/relationGroup.xml (RunModel)" time="0.013" />
  <testcase classname="ptolemy.util.test.junit.AutoTests" name="[32] /home/travis/build/icyphy/ptII/ptolemy/domains/sdf/test/auto/relationGroup10.xml (RunModel)" time="0.009" />
  <testcase classname="ptolemy.util.test.junit.AutoTests" name="[33] /home/travis/build/icyphy/ptII/ptolemy/domains/sdf/test/auto/relationGroup11.xml (RunModel)" time="0.012" />
  <testcase classname="ptolemy.util.test.junit.AutoTests" name="[34] /home/travis/build/icyphy/ptII/ptolemy/domains/sdf/test/auto/relationGroup12.xml (RunModel)" time="0.013" />
  <testcase classname="ptolemy.util.test.junit.AutoTests" name="[35] /home/travis/build/icyphy/ptII/ptolemy/domains/sdf/test/auto/relationGroup13.xml (RunModel)" time="0.013" />
  <testcase classname="ptolemy.util.test.junit.AutoTests" name="[36] /home/travis/build/icyphy/ptII/ptolemy/domains/sdf/test/auto/relationGroup14.xml (RunModel)" time="0.011" />
  <testcase classname="ptolemy.util.test.junit.AutoTests" name="[37] /home/travis/build/icyphy/ptII/ptolemy/domains/sdf/test/auto/relationGroup15.xml (RunModel)" time="0.011" />
  <testcase classname="ptolemy.util.test.junit.AutoTests" name="[38] /home/travis/build/icyphy/ptII/ptolemy/domains/sdf/test/auto/relationGroup2.xml (RunModel)" time="0.006" />
  <testcase classname="ptolemy.util.test.junit.AutoTests" name="[39] /home/travis/build/icyphy/ptII/ptolemy/domains/sdf/test/auto/relationGroup3.xml (RunModel)" time="0.006" />
  <testcase classname="ptolemy.util.test.junit.AutoTests" name="[40] /home/travis/build/icyphy/ptII/ptolemy/domains/sdf/test/auto/relationGroup4.xml (RunModel)" time="0.022" />
  <testcase classname="ptolemy.util.test.junit.AutoTests" name="[41] /home/travis/build/icyphy/ptII/ptolemy/domains/sdf/test/auto/relationGroup5.xml (RunModel)" time="0.015" />
  <testcase classname="ptolemy.util.test.junit.AutoTests" name="[42] /home/travis/build/icyphy/ptII/ptolemy/domains/sdf/test/auto/relationGroup6.xml (RunModel)" time="0.011" />
  <testcase classname="ptolemy.util.test.junit.AutoTests" name="[43] /home/travis/build/icyphy/ptII/ptolemy/domains/sdf/test/auto/relationGroup7.xml (RunModel)" time="0.009" />
  <testcase classname="ptolemy.util.test.junit.AutoTests" name="[44] /home/travis/build/icyphy/ptII/ptolemy/domains/sdf/test/auto/relationGroup8.xml (RunModel)" time="0.017" />
  <testcase classname="ptolemy.util.test.junit.AutoTests" name="[45] /home/travis/build/icyphy/ptII/ptolemy/domains/sdf/test/auto/relationGroup9.xml (RunModel)" time="0.016" />
  <testcase classname="ptolemy.util.test.junit.AutoTests" name="[46] /home/travis/build/icyphy/ptII/ptolemy/domains/sdf/test/auto/sdf_inside_de.xml (RunModel)" time="0.038" />
  <testcase classname="ptolemy.util.test.junit.AutoTests" name="[47] /home/travis/build/icyphy/ptII/ptolemy/domains/sdf/test/auto/sdf_inside_pn.xml (RunModel)" time="0.051" />
  <testcase classname="ptolemy.util.test.junit.AutoTests" name="[48] /home/travis/build/icyphy/ptII/ptolemy/domains/sdf/test/auto/sdf_sdf1.xml (RunModel)" time="0.025" />
  <testcase classname="ptolemy.util.test.junit.AutoTests" name="[49] /home/travis/build/icyphy/ptII/ptolemy/domains/sdf/test/auto/test1.xml (RunModel)" time="0.014" />
  <testcase classname="ptolemy.util.test.junit.AutoTests" name="[50] /home/travis/build/icyphy/ptII/ptolemy/domains/sdf/test/auto/time1.xml (RunModel)" time="0.008" />
  <testcase classname="ptolemy.util.test.junit.AutoTests" name="[51] /home/travis/build/icyphy/ptII/ptolemy/domains/sdf/test/auto/time2.xml (RunModel)" time="0.009" />
  <testcase classname="ptolemy.util.test.junit.AutoTests" name="[52] /home/travis/build/icyphy/ptII/ptolemy/domains/sdf/test/auto/time3.xml (RunModel)" time="0.018" />
  <testcase classname="ptolemy.util.test.junit.AutoTests" name="[53] /home/travis/build/icyphy/ptII/ptolemy/domains/sdf/test/auto/time4.xml (RunModel)" time="0.016" />
  <testcase classname="ptolemy.util.test.junit.AutoTests" name="[54] /home/travis/build/icyphy/ptII/ptolemy/domains/sdf/test/auto/time5.xml (RunModel)" time="4.008" />
  <testcase classname="ptolemy.util.test.junit.AutoTests" name="[55] /home/travis/build/icyphy/ptII/ptolemy/domains/sdf/test/auto/typeSystem_Const_Integer_smallest_Type.xml (RunModel)" time="0.038" />
  <testcase classname="ptolemy.util.test.junit.AutoTests" name="[56] /home/travis/build/icyphy/ptII/ptolemy/domains/sdf/test/auto/typeSystem_declared_Inports_OutportTypeException.xml (RunModel)" time="0.036" />
  <testcase classname="ptolemy.util.test.junit.AutoTests" name="[57] /home/travis/build/icyphy/ptII/ptolemy/domains/sdf/test/auto/typeSystem_oneDeclaredInportType_wrongTypeOutport.xml (RunModel)" time="0.016" />
  <testcase classname="ptolemy.util.test.junit.AutoTests" name="[58] /home/travis/build/icyphy/ptII/ptolemy/domains/sdf/test/auto/width.xml (RunModel)" time="0.011" />
  <testcase classname="ptolemy.util.test.junit.AutoTests" name="[59] /home/travis/build/icyphy/ptII/ptolemy/domains/sdf/test/auto/width2.xml (RunModel)" time="0.032" />
  <testcase classname="ptolemy.util.test.junit.AutoTests" name="[60] /home/travis/build/icyphy/ptII/ptolemy/domains/sdf/test/auto/width3.xml (RunModel)" time="0.036" />
  <system-out><![CDATA[/home/travis/build/icyphy/ptII/ptolemy/domains/sdf/test/SDFSchedulerErrors.tcl
testDefs.tcl: setting time out to 9000 seconds at Sat Oct 24 16:29:29 UTC 2020
61 ms. Memory: 129024K Free: 89027K (69%)
7 ms. Memory: 129024K Free: 81339K (63%)
12 ms. Memory: 129024K Free: 75187K (58%)
6 ms. Memory: 129024K Free: 72129K (56%)
/home/travis/build/icyphy/ptII/ptolemy/domains/sdf/test/composition.tcl
44 ms. Memory: 129024K Free: 68019K (53%)
8 ms. Memory: 129024K Free: 65971K (51%)
/home/travis/build/icyphy/ptII/ptolemy/domains/sdf/test/cycle.tcl
.Toplevel.Director Preinitializing ...
Invoking preinitialize():  .Toplevel.Actor1
Invoking preinitialize():  .Toplevel.Actor2
Invoking preinitialize():  .Toplevel.Delay
.Toplevel.Director Finished preinitialize().
### Schedule:
Execute Schedule{
Fire Actor ptolemy.domains.sdf.kernel.test.SDFTestDelay {.Toplevel.Actor1}
Fire Actor ptolemy.domains.sdf.kernel.test.SDFTestDelay {.Toplevel.Actor2}
Fire Actor ptolemy.domains.sdf.lib.SampleDelay {.Toplevel.Delay}
}
### End schedule
Called initialize().
Invoking initialize():  .Toplevel.Actor1
Initializing actor: .Toplevel.Actor1.
Invoking initialize():  .Toplevel.Actor2
Initializing actor: .Toplevel.Actor2.
Invoking initialize():  .Toplevel.Delay
Initializing actor: .Toplevel.Delay.
Director: Called prefire().
-- Setting current time to 0.0
Director prefire returns true.
The actor .Toplevel.Actor1 will be iterated.
The actor .Toplevel.Actor1 was iterated.
The actor .Toplevel.Actor2 will be iterated.
The actor .Toplevel.Actor2 was iterated.
The actor .Toplevel.Delay will be iterated.
The actor .Toplevel.Delay was iterated.
Director: Called postfire().
Postfire returns: true
Director: Called prefire().
-- Setting current time to 0.0
Director prefire returns true.
The actor .Toplevel.Actor1 will be iterated.
The actor .Toplevel.Actor1 was iterated.
The actor .Toplevel.Actor2 will be iterated.
The actor .Toplevel.Actor2 was iterated.
The actor .Toplevel.Delay will be iterated.
The actor .Toplevel.Delay was iterated.
Director: Called postfire().
Postfire returns: true
Director: Called prefire().
-- Setting current time to 0.0
Director prefire returns true.
The actor .Toplevel.Actor1 will be iterated.
The actor .Toplevel.Actor1 was iterated.
The actor .Toplevel.Actor2 will be iterated.
The actor .Toplevel.Actor2 was iterated.
The actor .Toplevel.Delay will be iterated.
The actor .Toplevel.Delay was iterated.
Director: Called postfire().
Postfire returns: true
Director: Called prefire().
-- Setting current time to 0.0
Director prefire returns true.
The actor .Toplevel.Actor1 will be iterated.
The actor .Toplevel.Actor1 was iterated.
The actor .Toplevel.Actor2 will be iterated.
The actor .Toplevel.Actor2 was iterated.
The actor .Toplevel.Delay will be iterated.
The actor .Toplevel.Delay was iterated.
Director: Called postfire().
Postfire returns: true
Director: Called prefire().
-- Setting current time to 0.0
Director prefire returns true.
The actor .Toplevel.Actor1 will be iterated.
The actor .Toplevel.Actor1 was iterated.
The actor .Toplevel.Actor2 will be iterated.
The actor .Toplevel.Actor2 was iterated.
The actor .Toplevel.Delay will be iterated.
The actor .Toplevel.Delay was iterated.
Director: Called postfire().
Postfire returns: true
Director: Called prefire().
-- Setting current time to 0.0
Director prefire returns true.
The actor .Toplevel.Actor1 will be iterated.
The actor .Toplevel.Actor1 was iterated.
The actor .Toplevel.Actor2 will be iterated.
The actor .Toplevel.Actor2 was iterated.
The actor .Toplevel.Delay will be iterated.
The actor .Toplevel.Delay was iterated.
Reached specified number of iterations: 6
Director: Called wrapup().
21 ms. Memory: 129024K Free: 62913K (49%)
10/24/20 04:29:30
Failed: 0  Total Tests: 8  ((Passed: 8, Newly Passed: 0)  Known Failed: 0) /home/travis/build/icyphy/ptII/ptolemy/domains/sdf/test
No auto/knownFailedTests/*.xml tests in /home/travis/build/icyphy/ptII/ptolemy/domains/sdf/test
No auto/linux-amd64/*.xml tests in /home/travis/build/icyphy/ptII/ptolemy/domains/sdf/test
AutoTests.java: About to close Vertx.
AutoTests.java: Vertx closed.

===========================================================================================
----------------- testing Sat Oct 24 16:29:30 UTC 2020 /home/travis/build/icyphy/ptII/ptolemy/domains/sdf/test/auto/Array.xml
----------------- Instantiating /home/travis/build/icyphy/ptII/ptolemy/domains/sdf/test/auto/Array.xml
41 ms. Memory: 129024K Free: 110237K (85%)
----------------- Invoking toplevel() on ptolemy.moml.MoMLSimpleApplication@78b257a7
----------------- Done invoking toplevel() on ptolemy.moml.MoMLSimpleApplication@78b257a7
reloadAllAccessors: .Array

===========================================================================================
----------------- testing Sat Oct 24 16:29:31 UTC 2020 /home/travis/build/icyphy/ptII/ptolemy/domains/sdf/test/auto/Butterfly.xml
----------------- Instantiating /home/travis/build/icyphy/ptII/ptolemy/domains/sdf/test/auto/Butterfly.xml
55 ms. Memory: 129024K Free: 104514K (81%)
----------------- Invoking toplevel() on ptolemy.moml.MoMLSimpleApplication@287b0412
----------------- Done invoking toplevel() on ptolemy.moml.MoMLSimpleApplication@287b0412
reloadAllAccessors: .Butterfly

===========================================================================================
----------------- testing Sat Oct 24 16:29:31 UTC 2020 /home/travis/build/icyphy/ptII/ptolemy/domains/sdf/test/auto/Expression.xml
----------------- Instantiating /home/travis/build/icyphy/ptII/ptolemy/domains/sdf/test/auto/Expression.xml
53 ms. Memory: 129024K Free: 99995K (78%)
----------------- Invoking toplevel() on ptolemy.moml.MoMLSimpleApplication@3ae83bf8
----------------- Done invoking toplevel() on ptolemy.moml.MoMLSimpleApplication@3ae83bf8
reloadAllAccessors: .Expression

===========================================================================================
----------------- testing Sat Oct 24 16:29:31 UTC 2020 /home/travis/build/icyphy/ptII/ptolemy/domains/sdf/test/auto/Eye.xml
----------------- Instantiating /home/travis/build/icyphy/ptII/ptolemy/domains/sdf/test/auto/Eye.xml
165 ms. Memory: 129024K Free: 75139K (58%)
----------------- Invoking toplevel() on ptolemy.moml.MoMLSimpleApplication@420e0d2d
----------------- Done invoking toplevel() on ptolemy.moml.MoMLSimpleApplication@420e0d2d
reloadAllAccessors: .Eye

===========================================================================================
----------------- testing Sat Oct 24 16:29:31 UTC 2020 /home/travis/build/icyphy/ptII/ptolemy/domains/sdf/test/auto/FixFIR.xml
----------------- Instantiating /home/travis/build/icyphy/ptII/ptolemy/domains/sdf/test/auto/FixFIR.xml
154 ms. Memory: 129024K Free: 84293K (65%)
----------------- Invoking toplevel() on ptolemy.moml.MoMLSimpleApplication@773d70f6
----------------- Done invoking toplevel() on ptolemy.moml.MoMLSimpleApplication@773d70f6
reloadAllAccessors: .FixFIR

===========================================================================================
----------------- testing Sat Oct 24 16:29:31 UTC 2020 /home/travis/build/icyphy/ptII/ptolemy/domains/sdf/test/auto/FixPoint.xml
----------------- Instantiating /home/travis/build/icyphy/ptII/ptolemy/domains/sdf/test/auto/FixPoint.xml
12 ms. Memory: 129024K Free: 79805K (62%)
----------------- Invoking toplevel() on ptolemy.moml.MoMLSimpleApplication@27437a7b
----------------- Done invoking toplevel() on ptolemy.moml.MoMLSimpleApplication@27437a7b
reloadAllAccessors: .FixPoint

===========================================================================================
----------------- testing Sat Oct 24 16:29:31 UTC 2020 /home/travis/build/icyphy/ptII/ptolemy/domains/sdf/test/auto/Gravitation.xml
----------------- Instantiating /home/travis/build/icyphy/ptII/ptolemy/domains/sdf/test/auto/Gravitation.xml
3183 ms. Memory: 129024K Free: 98830K (77%)
----------------- Invoking toplevel() on ptolemy.moml.MoMLSimpleApplication@200d5899
----------------- Done invoking toplevel() on ptolemy.moml.MoMLSimpleApplication@200d5899
reloadAllAccessors: .Gravitation

===========================================================================================
----------------- testing Sat Oct 24 16:29:35 UTC 2020 /home/travis/build/icyphy/ptII/ptolemy/domains/sdf/test/auto/GravitationWithCollisionDetection.xml
----------------- Instantiating /home/travis/build/icyphy/ptII/ptolemy/domains/sdf/test/auto/GravitationWithCollisionDetection.xml
5517 ms. Memory: 316416K Free: 297631K (94%)
----------------- Invoking toplevel() on ptolemy.moml.MoMLSimpleApplication@5c25119b
----------------- Done invoking toplevel() on ptolemy.moml.MoMLSimpleApplication@5c25119b
reloadAllAccessors: .GravitationWithCollisionDetection

===========================================================================================
----------------- testing Sat Oct 24 16:29:40 UTC 2020 /home/travis/build/icyphy/ptII/ptolemy/domains/sdf/test/auto/HDF.xml
----------------- Instantiating /home/travis/build/icyphy/ptII/ptolemy/domains/sdf/test/auto/HDF.xml
43 ms. Memory: 316416K Free: 281775K (89%)
----------------- Invoking toplevel() on ptolemy.moml.MoMLSimpleApplication@621be0ff
----------------- Done invoking toplevel() on ptolemy.moml.MoMLSimpleApplication@621be0ff
reloadAllAccessors: .HDF

===========================================================================================
----------------- testing Sat Oct 24 16:29:41 UTC 2020 /home/travis/build/icyphy/ptII/ptolemy/domains/sdf/test/auto/HDFwithTransientStates.xml
----------------- Instantiating /home/travis/build/icyphy/ptII/ptolemy/domains/sdf/test/auto/HDFwithTransientStates.xml
31 ms. Memory: 316416K Free: 262829K (83%)
----------------- Invoking toplevel() on ptolemy.moml.MoMLSimpleApplication@66f859ee
----------------- Done invoking toplevel() on ptolemy.moml.MoMLSimpleApplication@66f859ee
reloadAllAccessors: .HDFwithTransientStates

===========================================================================================
----------------- testing Sat Oct 24 16:29:41 UTC 2020 /home/travis/build/icyphy/ptII/ptolemy/domains/sdf/test/auto/HTVQ.xml
----------------- Instantiating /home/travis/build/icyphy/ptII/ptolemy/domains/sdf/test/auto/HTVQ.xml
803 ms. Memory: 316416K Free: 281430K (89%)
----------------- Invoking toplevel() on ptolemy.moml.MoMLSimpleApplication@48da55b6
----------------- Done invoking toplevel() on ptolemy.moml.MoMLSimpleApplication@48da55b6
reloadAllAccessors: .HTVQ

===========================================================================================
----------------- testing Sat Oct 24 16:29:41 UTC 2020 /home/travis/build/icyphy/ptII/ptolemy/domains/sdf/test/auto/InferInitProduction.xml
----------------- Instantiating /home/travis/build/icyphy/ptII/ptolemy/domains/sdf/test/auto/InferInitProduction.xml
5 ms. Memory: 316416K Free: 275782K (87%)
----------------- Invoking toplevel() on ptolemy.moml.MoMLSimpleApplication@75af0552
----------------- Done invoking toplevel() on ptolemy.moml.MoMLSimpleApplication@75af0552
reloadAllAccessors: .InferInitProduction

===========================================================================================
----------------- testing Sat Oct 24 16:29:41 UTC 2020 /home/travis/build/icyphy/ptII/ptolemy/domains/sdf/test/auto/InferInitProductionDeeper.xml
----------------- Instantiating /home/travis/build/icyphy/ptII/ptolemy/domains/sdf/test/auto/InferInitProductionDeeper.xml
4 ms. Memory: 316416K Free: 270166K (85%)
----------------- Invoking toplevel() on ptolemy.moml.MoMLSimpleApplication@647fab05
----------------- Done invoking toplevel() on ptolemy.moml.MoMLSimpleApplication@647fab05
reloadAllAccessors: .InferInitProductionDeeper

===========================================================================================
----------------- testing Sat Oct 24 16:29:42 UTC 2020 /home/travis/build/icyphy/ptII/ptolemy/domains/sdf/test/auto/LMSAdaptive.xml
----------------- Instantiating /home/travis/build/icyphy/ptII/ptolemy/domains/sdf/test/auto/LMSAdaptive.xml
14 ms. Memory: 316416K Free: 260436K (82%)
----------------- Invoking toplevel() on ptolemy.moml.MoMLSimpleApplication@629170df
----------------- Done invoking toplevel() on ptolemy.moml.MoMLSimpleApplication@629170df
reloadAllAccessors: .LMSAdaptive

===========================================================================================
----------------- testing Sat Oct 24 16:29:42 UTC 2020 /home/travis/build/icyphy/ptII/ptolemy/domains/sdf/test/auto/LogisticMap.xml
----------------- Instantiating /home/travis/build/icyphy/ptII/ptolemy/domains/sdf/test/auto/LogisticMap.xml
442 ms. Memory: 316416K Free: 254806K (81%)
----------------- Invoking toplevel() on ptolemy.moml.MoMLSimpleApplication@43d9545f
----------------- Done invoking toplevel() on ptolemy.moml.MoMLSimpleApplication@43d9545f
reloadAllAccessors: .LogisticMap

===========================================================================================
----------------- testing Sat Oct 24 16:29:42 UTC 2020 /home/travis/build/icyphy/ptII/ptolemy/domains/sdf/test/auto/MaximumEntropySpectrum.xml
----------------- Instantiating /home/travis/build/icyphy/ptII/ptolemy/domains/sdf/test/auto/MaximumEntropySpectrum.xml
57 ms. Memory: 316416K Free: 193366K (61%)
----------------- Invoking toplevel() on ptolemy.moml.MoMLSimpleApplication@7b38440f
----------------- Done invoking toplevel() on ptolemy.moml.MoMLSimpleApplication@7b38440f
reloadAllAccessors: .MaximumEntropySpectrum

===========================================================================================
----------------- testing Sat Oct 24 16:29:42 UTC 2020 /home/travis/build/icyphy/ptII/ptolemy/domains/sdf/test/auto/MultirateSDF.xml
----------------- Instantiating /home/travis/build/icyphy/ptII/ptolemy/domains/sdf/test/auto/MultirateSDF.xml
25 ms. Memory: 316416K Free: 178502K (56%)
----------------- Invoking toplevel() on ptolemy.moml.MoMLSimpleApplication@7f8b9773
----------------- Done invoking toplevel() on ptolemy.moml.MoMLSimpleApplication@7f8b9773
reloadAllAccessors: .MultirateSDF

===========================================================================================
----------------- testing Sat Oct 24 16:29:42 UTC 2020 /home/travis/build/icyphy/ptII/ptolemy/domains/sdf/test/auto/MultirateSDFwithTransientStates.xml
----------------- Instantiating /home/travis/build/icyphy/ptII/ptolemy/domains/sdf/test/auto/MultirateSDFwithTransientStates.xml
16 ms. Memory: 316416K Free: 160054K (51%)
----------------- Invoking toplevel() on ptolemy.moml.MoMLSimpleApplication@612bcc7e
----------------- Done invoking toplevel() on ptolemy.moml.MoMLSimpleApplication@612bcc7e
reloadAllAccessors: .MultirateSDFwithTransientStates

===========================================================================================
----------------- testing Sat Oct 24 16:29:42 UTC 2020 /home/travis/build/icyphy/ptII/ptolemy/domains/sdf/test/auto/NoisySinewave.xml
----------------- Instantiating /home/travis/build/icyphy/ptII/ptolemy/domains/sdf/test/auto/NoisySinewave.xml
17 ms. Memory: 316416K Free: 143700K (45%)
----------------- Invoking toplevel() on ptolemy.moml.MoMLSimpleApplication@108c6ed2
----------------- Done invoking toplevel() on ptolemy.moml.MoMLSimpleApplication@108c6ed2
reloadAllAccessors: .NoisySinewave

===========================================================================================
----------------- testing Sat Oct 24 16:29:42 UTC 2020 /home/travis/build/icyphy/ptII/ptolemy/domains/sdf/test/auto/Objects.xml
----------------- Instantiating /home/travis/build/icyphy/ptII/ptolemy/domains/sdf/test/auto/Objects.xml
4 ms. Memory: 316416K Free: 135508K (43%)
----------------- Invoking toplevel() on ptolemy.moml.MoMLSimpleApplication@59ca07b0
----------------- Done invoking toplevel() on ptolemy.moml.MoMLSimpleApplication@59ca07b0
reloadAllAccessors: .Objects

===========================================================================================
----------------- testing Sat Oct 24 16:29:43 UTC 2020 /home/travis/build/icyphy/ptII/ptolemy/domains/sdf/test/auto/OrthogonalCom.xml
----------------- Instantiating /home/travis/build/icyphy/ptII/ptolemy/domains/sdf/test/auto/OrthogonalCom.xml
5 ms. Memory: 316416K Free: 127830K (40%)
----------------- Invoking toplevel() on ptolemy.moml.MoMLSimpleApplication@1374d4aa
----------------- Done invoking toplevel() on ptolemy.moml.MoMLSimpleApplication@1374d4aa
reloadAllAccessors: .OrthogonalCom

===========================================================================================
----------------- testing Sat Oct 24 16:29:43 UTC 2020 /home/travis/build/icyphy/ptII/ptolemy/domains/sdf/test/auto/RijndaelEncryption.xml
----------------- Instantiating /home/travis/build/icyphy/ptII/ptolemy/domains/sdf/test/auto/RijndaelEncryption.xml
316 ms. Memory: 385024K Free: 237509K (62%)
----------------- Invoking toplevel() on ptolemy.moml.MoMLSimpleApplication@59a4a7e5
----------------- Done invoking toplevel() on ptolemy.moml.MoMLSimpleApplication@59a4a7e5
reloadAllAccessors: .RijndaelEncryption

===========================================================================================
----------------- testing Sat Oct 24 16:29:43 UTC 2020 /home/travis/build/icyphy/ptII/ptolemy/domains/sdf/test/auto/SDFEmptyIterations.xml
----------------- Instantiating /home/travis/build/icyphy/ptII/ptolemy/domains/sdf/test/auto/SDFEmptyIterations.xml
6 ms. Memory: 385024K Free: 232885K (60%)
----------------- Invoking toplevel() on ptolemy.moml.MoMLSimpleApplication@36ad0443
----------------- Done invoking toplevel() on ptolemy.moml.MoMLSimpleApplication@36ad0443
reloadAllAccessors: .SDFEmptyIterations

===========================================================================================
----------------- testing Sat Oct 24 16:29:43 UTC 2020 /home/travis/build/icyphy/ptII/ptolemy/domains/sdf/test/auto/Spectrum.xml
----------------- Instantiating /home/travis/build/icyphy/ptII/ptolemy/domains/sdf/test/auto/Spectrum.xml
27 ms. Memory: 385024K Free: 208323K (54%)
----------------- Invoking toplevel() on ptolemy.moml.MoMLSimpleApplication@23e0afa5
----------------- Done invoking toplevel() on ptolemy.moml.MoMLSimpleApplication@23e0afa5
reloadAllAccessors: .Spectrum

===========================================================================================
----------------- testing Sat Oct 24 16:29:43 UTC 2020 /home/travis/build/icyphy/ptII/ptolemy/domains/sdf/test/auto/de_inside_sdf.xml
----------------- Instantiating /home/travis/build/icyphy/ptII/ptolemy/domains/sdf/test/auto/de_inside_sdf.xml
7 ms. Memory: 385024K Free: 203197K (53%)
----------------- Invoking toplevel() on ptolemy.moml.MoMLSimpleApplication@770074dd
----------------- Done invoking toplevel() on ptolemy.moml.MoMLSimpleApplication@770074dd
reloadAllAccessors: .de_inside_sdf

===========================================================================================
----------------- testing Sat Oct 24 16:29:43 UTC 2020 /home/travis/build/icyphy/ptII/ptolemy/domains/sdf/test/auto/disconnectedHierarchicalSDF.xml
----------------- Instantiating /home/travis/build/icyphy/ptII/ptolemy/domains/sdf/test/auto/disconnectedHierarchicalSDF.xml
4 ms. Memory: 385024K Free: 197573K (51%)
----------------- Invoking toplevel() on ptolemy.moml.MoMLSimpleApplication@40316fd1
----------------- Done invoking toplevel() on ptolemy.moml.MoMLSimpleApplication@40316fd1
reloadAllAccessors: .disconnectedHierarchicalSDF

===========================================================================================
----------------- testing Sat Oct 24 16:29:43 UTC 2020 /home/travis/build/icyphy/ptII/ptolemy/domains/sdf/test/auto/disconnectedSDF.xml
----------------- Instantiating /home/travis/build/icyphy/ptII/ptolemy/domains/sdf/test/auto/disconnectedSDF.xml
3 ms. Memory: 385024K Free: 193477K (50%)
----------------- Invoking toplevel() on ptolemy.moml.MoMLSimpleApplication@70f3338b
----------------- Done invoking toplevel() on ptolemy.moml.MoMLSimpleApplication@70f3338b
reloadAllAccessors: .disconnectedSDF

===========================================================================================
----------------- testing Sat Oct 24 16:29:43 UTC 2020 /home/travis/build/icyphy/ptII/ptolemy/domains/sdf/test/auto/emptyRefinement.xml
----------------- Instantiating /home/travis/build/icyphy/ptII/ptolemy/domains/sdf/test/auto/emptyRefinement.xml
4 ms. Memory: 385024K Free: 189381K (49%)
----------------- Invoking toplevel() on ptolemy.moml.MoMLSimpleApplication@221e4821
----------------- Done invoking toplevel() on ptolemy.moml.MoMLSimpleApplication@221e4821
reloadAllAccessors: .emptyRefinement

===========================================================================================
----------------- testing Sat Oct 24 16:29:43 UTC 2020 /home/travis/build/icyphy/ptII/ptolemy/domains/sdf/test/auto/filePortParameter.xml
----------------- Instantiating /home/travis/build/icyphy/ptII/ptolemy/domains/sdf/test/auto/filePortParameter.xml
14 ms. Memory: 385024K Free: 181699K (47%)
----------------- Invoking toplevel() on ptolemy.moml.MoMLSimpleApplication@3a0753c7
----------------- Done invoking toplevel() on ptolemy.moml.MoMLSimpleApplication@3a0753c7
reloadAllAccessors: .filePortParameter

===========================================================================================
----------------- testing Sat Oct 24 16:29:43 UTC 2020 /home/travis/build/icyphy/ptII/ptolemy/domains/sdf/test/auto/inferRelationWidth1.xml
----------------- Instantiating /home/travis/build/icyphy/ptII/ptolemy/domains/sdf/test/auto/inferRelationWidth1.xml
1 ms. Memory: 385024K Free: 178627K (46%)
----------------- Invoking toplevel() on ptolemy.moml.MoMLSimpleApplication@77325ea3
----------------- Done invoking toplevel() on ptolemy.moml.MoMLSimpleApplication@77325ea3
reloadAllAccessors: .inferRelationWidth1

===========================================================================================
----------------- testing Sat Oct 24 16:29:43 UTC 2020 /home/travis/build/icyphy/ptII/ptolemy/domains/sdf/test/auto/initProductionInference.xml
----------------- Instantiating /home/travis/build/icyphy/ptII/ptolemy/domains/sdf/test/auto/initProductionInference.xml
3 ms. Memory: 385024K Free: 174531K (45%)
----------------- Invoking toplevel() on ptolemy.moml.MoMLSimpleApplication@5fced209
----------------- Done invoking toplevel() on ptolemy.moml.MoMLSimpleApplication@5fced209
reloadAllAccessors: .initProductionInference

===========================================================================================
----------------- testing Sat Oct 24 16:29:43 UTC 2020 /home/travis/build/icyphy/ptII/ptolemy/domains/sdf/test/auto/relationGroup.xml
----------------- Instantiating /home/travis/build/icyphy/ptII/ptolemy/domains/sdf/test/auto/relationGroup.xml
3 ms. Memory: 385024K Free: 171459K (45%)
----------------- Invoking toplevel() on ptolemy.moml.MoMLSimpleApplication@6ad1b1a3
----------------- Done invoking toplevel() on ptolemy.moml.MoMLSimpleApplication@6ad1b1a3
reloadAllAccessors: .relationGroup

===========================================================================================
----------------- testing Sat Oct 24 16:29:43 UTC 2020 /home/travis/build/icyphy/ptII/ptolemy/domains/sdf/test/auto/relationGroup10.xml
----------------- Instantiating /home/travis/build/icyphy/ptII/ptolemy/domains/sdf/test/auto/relationGroup10.xml
2 ms. Memory: 385024K Free: 167877K (44%)
----------------- Invoking toplevel() on ptolemy.moml.MoMLSimpleApplication@21dcb4bc
----------------- Done invoking toplevel() on ptolemy.moml.MoMLSimpleApplication@21dcb4bc
reloadAllAccessors: .relationGroup10

===========================================================================================
----------------- testing Sat Oct 24 16:29:44 UTC 2020 /home/travis/build/icyphy/ptII/ptolemy/domains/sdf/test/auto/relationGroup11.xml
----------------- Instantiating /home/travis/build/icyphy/ptII/ptolemy/domains/sdf/test/auto/relationGroup11.xml
2 ms. Memory: 385024K Free: 164291K (43%)
----------------- Invoking toplevel() on ptolemy.moml.MoMLSimpleApplication@28538764
----------------- Done invoking toplevel() on ptolemy.moml.MoMLSimpleApplication@28538764
reloadAllAccessors: .relationGroup11

===========================================================================================
----------------- testing Sat Oct 24 16:29:44 UTC 2020 /home/travis/build/icyphy/ptII/ptolemy/domains/sdf/test/auto/relationGroup12.xml
----------------- Instantiating /home/travis/build/icyphy/ptII/ptolemy/domains/sdf/test/auto/relationGroup12.xml
1 ms. Memory: 385024K Free: 160709K (42%)
----------------- Invoking toplevel() on ptolemy.moml.MoMLSimpleApplication@143fcb4
----------------- Done invoking toplevel() on ptolemy.moml.MoMLSimpleApplication@143fcb4
reloadAllAccessors: .relationGroup12

===========================================================================================
----------------- testing Sat Oct 24 16:29:44 UTC 2020 /home/travis/build/icyphy/ptII/ptolemy/domains/sdf/test/auto/relationGroup13.xml
----------------- Instantiating /home/travis/build/icyphy/ptII/ptolemy/domains/sdf/test/auto/relationGroup13.xml
6 ms. Memory: 385024K Free: 155589K (40%)
----------------- Invoking toplevel() on ptolemy.moml.MoMLSimpleApplication@497c22c
----------------- Done invoking toplevel() on ptolemy.moml.MoMLSimpleApplication@497c22c
reloadAllAccessors: .relationGroup13

===========================================================================================
----------------- testing Sat Oct 24 16:29:44 UTC 2020 /home/travis/build/icyphy/ptII/ptolemy/domains/sdf/test/auto/relationGroup14.xml
----------------- Instantiating /home/travis/build/icyphy/ptII/ptolemy/domains/sdf/test/auto/relationGroup14.xml
3 ms. Memory: 385024K Free: 150979K (39%)
----------------- Invoking toplevel() on ptolemy.moml.MoMLSimpleApplication@5713f064
----------------- Done invoking toplevel() on ptolemy.moml.MoMLSimpleApplication@5713f064
reloadAllAccessors: .relationGroup14

===========================================================================================
----------------- testing Sat Oct 24 16:29:44 UTC 2020 /home/travis/build/icyphy/ptII/ptolemy/domains/sdf/test/auto/relationGroup15.xml
----------------- Instantiating /home/travis/build/icyphy/ptII/ptolemy/domains/sdf/test/auto/relationGroup15.xml
2 ms. Memory: 385024K Free: 147397K (38%)
----------------- Invoking toplevel() on ptolemy.moml.MoMLSimpleApplication@6d7340dd
----------------- Done invoking toplevel() on ptolemy.moml.MoMLSimpleApplication@6d7340dd
reloadAllAccessors: .relationGroup15

===========================================================================================
----------------- testing Sat Oct 24 16:29:44 UTC 2020 /home/travis/build/icyphy/ptII/ptolemy/domains/sdf/test/auto/relationGroup2.xml
----------------- Instantiating /home/travis/build/icyphy/ptII/ptolemy/domains/sdf/test/auto/relationGroup2.xml
2 ms. Memory: 385024K Free: 144325K (37%)
----------------- Invoking toplevel() on ptolemy.moml.MoMLSimpleApplication@3c26343d
----------------- Done invoking toplevel() on ptolemy.moml.MoMLSimpleApplication@3c26343d
reloadAllAccessors: .relationGroup2

===========================================================================================
----------------- testing Sat Oct 24 16:29:44 UTC 2020 /home/travis/build/icyphy/ptII/ptolemy/domains/sdf/test/auto/relationGroup3.xml
----------------- Instantiating /home/travis/build/icyphy/ptII/ptolemy/domains/sdf/test/auto/relationGroup3.xml
1 ms. Memory: 385024K Free: 141253K (37%)
----------------- Invoking toplevel() on ptolemy.moml.MoMLSimpleApplication@40943a90
----------------- Done invoking toplevel() on ptolemy.moml.MoMLSimpleApplication@40943a90
reloadAllAccessors: .relationGroup3

===========================================================================================
----------------- testing Sat Oct 24 16:29:44 UTC 2020 /home/travis/build/icyphy/ptII/ptolemy/domains/sdf/test/auto/relationGroup4.xml
----------------- Instantiating /home/travis/build/icyphy/ptII/ptolemy/domains/sdf/test/auto/relationGroup4.xml
10 ms. Memory: 385024K Free: 365249K (95%)
----------------- Invoking toplevel() on ptolemy.moml.MoMLSimpleApplication@2733e0ae
----------------- Done invoking toplevel() on ptolemy.moml.MoMLSimpleApplication@2733e0ae
reloadAllAccessors: .relationGroup4

===========================================================================================
----------------- testing Sat Oct 24 16:29:44 UTC 2020 /home/travis/build/icyphy/ptII/ptolemy/domains/sdf/test/auto/relationGroup5.xml
----------------- Instantiating /home/travis/build/icyphy/ptII/ptolemy/domains/sdf/test/auto/relationGroup5.xml
3 ms. Memory: 385024K Free: 360398K (94%)
----------------- Invoking toplevel() on ptolemy.moml.MoMLSimpleApplication@5a6d2667
----------------- Done invoking toplevel() on ptolemy.moml.MoMLSimpleApplication@5a6d2667
reloadAllAccessors: .relationGroup5

===========================================================================================
----------------- testing Sat Oct 24 16:29:44 UTC 2020 /home/travis/build/icyphy/ptII/ptolemy/domains/sdf/test/auto/relationGroup6.xml
----------------- Instantiating /home/travis/build/icyphy/ptII/ptolemy/domains/sdf/test/auto/relationGroup6.xml
4 ms. Memory: 385024K Free: 355788K (92%)
----------------- Invoking toplevel() on ptolemy.moml.MoMLSimpleApplication@357341d1
----------------- Done invoking toplevel() on ptolemy.moml.MoMLSimpleApplication@357341d1
reloadAllAccessors: .relationGroup6

===========================================================================================
----------------- testing Sat Oct 24 16:29:44 UTC 2020 /home/travis/build/icyphy/ptII/ptolemy/domains/sdf/test/auto/relationGroup7.xml
----------------- Instantiating /home/travis/build/icyphy/ptII/ptolemy/domains/sdf/test/auto/relationGroup7.xml
2 ms. Memory: 385024K Free: 352206K (91%)
----------------- Invoking toplevel() on ptolemy.moml.MoMLSimpleApplication@69b881b0
----------------- Done invoking toplevel() on ptolemy.moml.MoMLSimpleApplication@69b881b0
reloadAllAccessors: .relationGroup7

===========================================================================================
----------------- testing Sat Oct 24 16:29:44 UTC 2020 /home/travis/build/icyphy/ptII/ptolemy/domains/sdf/test/auto/relationGroup8.xml
----------------- Instantiating /home/travis/build/icyphy/ptII/ptolemy/domains/sdf/test/auto/relationGroup8.xml
3 ms. Memory: 385024K Free: 349134K (91%)
----------------- Invoking toplevel() on ptolemy.moml.MoMLSimpleApplication@1b481ba1
----------------- Done invoking toplevel() on ptolemy.moml.MoMLSimpleApplication@1b481ba1
reloadAllAccessors: .relationGroup8

===========================================================================================
----------------- testing Sat Oct 24 16:29:44 UTC 2020 /home/travis/build/icyphy/ptII/ptolemy/domains/sdf/test/auto/relationGroup9.xml
----------------- Instantiating /home/travis/build/icyphy/ptII/ptolemy/domains/sdf/test/auto/relationGroup9.xml
9 ms. Memory: 385024K Free: 345038K (90%)
----------------- Invoking toplevel() on ptolemy.moml.MoMLSimpleApplication@412da2c6
----------------- Done invoking toplevel() on ptolemy.moml.MoMLSimpleApplication@412da2c6
reloadAllAccessors: .relationGroup9

===========================================================================================
----------------- testing Sat Oct 24 16:29:44 UTC 2020 /home/travis/build/icyphy/ptII/ptolemy/domains/sdf/test/auto/sdf_inside_de.xml
----------------- Instantiating /home/travis/build/icyphy/ptII/ptolemy/domains/sdf/test/auto/sdf_inside_de.xml
10 ms. Memory: 385024K Free: 336332K (87%)
----------------- Invoking toplevel() on ptolemy.moml.MoMLSimpleApplication@60589d20
----------------- Done invoking toplevel() on ptolemy.moml.MoMLSimpleApplication@60589d20
reloadAllAccessors: .sdf_inside_de

===========================================================================================
----------------- testing Sat Oct 24 16:29:44 UTC 2020 /home/travis/build/icyphy/ptII/ptolemy/domains/sdf/test/auto/sdf_inside_pn.xml
----------------- Instantiating /home/travis/build/icyphy/ptII/ptolemy/domains/sdf/test/auto/sdf_inside_pn.xml
31 ms. Memory: 385024K Free: 327116K (85%)
----------------- Invoking toplevel() on ptolemy.moml.MoMLSimpleApplication@4e12fb6f
----------------- Done invoking toplevel() on ptolemy.moml.MoMLSimpleApplication@4e12fb6f
reloadAllAccessors: .sdf_inside_pn

===========================================================================================
----------------- testing Sat Oct 24 16:29:44 UTC 2020 /home/travis/build/icyphy/ptII/ptolemy/domains/sdf/test/auto/sdf_sdf1.xml
----------------- Instantiating /home/travis/build/icyphy/ptII/ptolemy/domains/sdf/test/auto/sdf_sdf1.xml
3 ms. Memory: 385024K Free: 321486K (83%)
----------------- Invoking toplevel() on ptolemy.moml.MoMLSimpleApplication@ef9b95b
----------------- Done invoking toplevel() on ptolemy.moml.MoMLSimpleApplication@ef9b95b
reloadAllAccessors: .sdf_sdf1

===========================================================================================
----------------- testing Sat Oct 24 16:29:44 UTC 2020 /home/travis/build/icyphy/ptII/ptolemy/domains/sdf/test/auto/test1.xml
----------------- Instantiating /home/travis/build/icyphy/ptII/ptolemy/domains/sdf/test/auto/test1.xml
3 ms. Memory: 385024K Free: 316366K (82%)
----------------- Invoking toplevel() on ptolemy.moml.MoMLSimpleApplication@1793670c
----------------- Done invoking toplevel() on ptolemy.moml.MoMLSimpleApplication@1793670c
reloadAllAccessors: .test1

===========================================================================================
----------------- testing Sat Oct 24 16:29:44 UTC 2020 /home/travis/build/icyphy/ptII/ptolemy/domains/sdf/test/auto/time1.xml
----------------- Instantiating /home/travis/build/icyphy/ptII/ptolemy/domains/sdf/test/auto/time1.xml
2 ms. Memory: 385024K Free: 313294K (81%)
----------------- Invoking toplevel() on ptolemy.moml.MoMLSimpleApplication@330f33e8
----------------- Done invoking toplevel() on ptolemy.moml.MoMLSimpleApplication@330f33e8
reloadAllAccessors: .time1

===========================================================================================
----------------- testing Sat Oct 24 16:29:44 UTC 2020 /home/travis/build/icyphy/ptII/ptolemy/domains/sdf/test/auto/time2.xml
----------------- Instantiating /home/travis/build/icyphy/ptII/ptolemy/domains/sdf/test/auto/time2.xml
2 ms. Memory: 385024K Free: 309708K (80%)
----------------- Invoking toplevel() on ptolemy.moml.MoMLSimpleApplication@b260354
----------------- Done invoking toplevel() on ptolemy.moml.MoMLSimpleApplication@b260354
reloadAllAccessors: .time2

===========================================================================================
----------------- testing Sat Oct 24 16:29:44 UTC 2020 /home/travis/build/icyphy/ptII/ptolemy/domains/sdf/test/auto/time3.xml
----------------- Instantiating /home/travis/build/icyphy/ptII/ptolemy/domains/sdf/test/auto/time3.xml
5 ms. Memory: 385024K Free: 304588K (79%)
----------------- Invoking toplevel() on ptolemy.moml.MoMLSimpleApplication@90caf9a
----------------- Done invoking toplevel() on ptolemy.moml.MoMLSimpleApplication@90caf9a
reloadAllAccessors: .time3

===========================================================================================
----------------- testing Sat Oct 24 16:29:44 UTC 2020 /home/travis/build/icyphy/ptII/ptolemy/domains/sdf/test/auto/time4.xml
----------------- Instantiating /home/travis/build/icyphy/ptII/ptolemy/domains/sdf/test/auto/time4.xml
6 ms. Memory: 385024K Free: 298958K (78%)
----------------- Invoking toplevel() on ptolemy.moml.MoMLSimpleApplication@7a6f378e
----------------- Done invoking toplevel() on ptolemy.moml.MoMLSimpleApplication@7a6f378e
reloadAllAccessors: .time4

===========================================================================================
----------------- testing Sat Oct 24 16:29:44 UTC 2020 /home/travis/build/icyphy/ptII/ptolemy/domains/sdf/test/auto/time5.xml
----------------- Instantiating /home/travis/build/icyphy/ptII/ptolemy/domains/sdf/test/auto/time5.xml
4002 ms. Memory: 385024K Free: 295372K (77%)
----------------- Invoking toplevel() on ptolemy.moml.MoMLSimpleApplication@27ec4ff7
----------------- Done invoking toplevel() on ptolemy.moml.MoMLSimpleApplication@27ec4ff7
reloadAllAccessors: .time5

===========================================================================================
----------------- testing Sat Oct 24 16:29:48 UTC 2020 /home/travis/build/icyphy/ptII/ptolemy/domains/sdf/test/auto/typeSystem_Const_Integer_smallest_Type.xml
----------------- Instantiating /home/travis/build/icyphy/ptII/ptolemy/domains/sdf/test/auto/typeSystem_Const_Integer_smallest_Type.xml
4 ms. Memory: 385024K Free: 290766K (76%)
----------------- Invoking toplevel() on ptolemy.moml.MoMLSimpleApplication@5ec7db9a
----------------- Done invoking toplevel() on ptolemy.moml.MoMLSimpleApplication@5ec7db9a
reloadAllAccessors: .typeSystem_Const_Integer_smallest_Type

===========================================================================================
----------------- testing Sat Oct 24 16:29:48 UTC 2020 /home/travis/build/icyphy/ptII/ptolemy/domains/sdf/test/auto/typeSystem_declared_Inports_OutportTypeException.xml
----------------- Instantiating /home/travis/build/icyphy/ptII/ptolemy/domains/sdf/test/auto/typeSystem_declared_Inports_OutportTypeException.xml
.typeSystem_declared_Inports_OutportTypeException.TestExceptionAttribute: initialize() was not invoked, but wrapup() was.  This is unusual, but not always a problem.  For example, exporting JNLP will do this.
5 ms. Memory: 385024K Free: 286156K (74%)
----------------- Invoking toplevel() on ptolemy.moml.MoMLSimpleApplication@2860b5c0
----------------- Done invoking toplevel() on ptolemy.moml.MoMLSimpleApplication@2860b5c0
reloadAllAccessors: .typeSystem_declared_Inports_OutportTypeException

===========================================================================================
----------------- testing Sat Oct 24 16:29:48 UTC 2020 /home/travis/build/icyphy/ptII/ptolemy/domains/sdf/test/auto/typeSystem_oneDeclaredInportType_wrongTypeOutport.xml
----------------- Instantiating /home/travis/build/icyphy/ptII/ptolemy/domains/sdf/test/auto/typeSystem_oneDeclaredInportType_wrongTypeOutport.xml
4 ms. Memory: 385024K Free: 282060K (73%)
----------------- Invoking toplevel() on ptolemy.moml.MoMLSimpleApplication@3b5896ed
----------------- Done invoking toplevel() on ptolemy.moml.MoMLSimpleApplication@3b5896ed
reloadAllAccessors: .typeSystem_oneDeclaredInportType_wrongTypeOutport

===========================================================================================
----------------- testing Sat Oct 24 16:29:48 UTC 2020 /home/travis/build/icyphy/ptII/ptolemy/domains/sdf/test/auto/width.xml
----------------- Instantiating /home/travis/build/icyphy/ptII/ptolemy/domains/sdf/test/auto/width.xml
2 ms. Memory: 385024K Free: 278478K (72%)
----------------- Invoking toplevel() on ptolemy.moml.MoMLSimpleApplication@543352e3
----------------- Done invoking toplevel() on ptolemy.moml.MoMLSimpleApplication@543352e3
reloadAllAccessors: .width

===========================================================================================
----------------- testing Sat Oct 24 16:29:48 UTC 2020 /home/travis/build/icyphy/ptII/ptolemy/domains/sdf/test/auto/width2.xml
----------------- Instantiating /home/travis/build/icyphy/ptII/ptolemy/domains/sdf/test/auto/width2.xml
24 ms. Memory: 385024K Free: 273358K (71%)
----------------- Invoking toplevel() on ptolemy.moml.MoMLSimpleApplication@3f6b439e
----------------- Done invoking toplevel() on ptolemy.moml.MoMLSimpleApplication@3f6b439e
reloadAllAccessors: .width2

===========================================================================================
----------------- testing Sat Oct 24 16:29:48 UTC 2020 /home/travis/build/icyphy/ptII/ptolemy/domains/sdf/test/auto/width3.xml
----------------- Instantiating /home/travis/build/icyphy/ptII/ptolemy/domains/sdf/test/auto/width3.xml
26 ms. Memory: 385024K Free: 268238K (70%)
----------------- Invoking toplevel() on ptolemy.moml.MoMLSimpleApplication@6e965ddb
----------------- Done invoking toplevel() on ptolemy.moml.MoMLSimpleApplication@6e965ddb
reloadAllAccessors: .width3
AutoTests.java: About to close Vertx.
AutoTests.java: Vertx closed.
]]></system-out>
  <system-err><![CDATA[java.lang.RuntimeException: Execution failed
	at ptolemy.moml.MoMLSimpleApplication$UnloadThread.run(MoMLSimpleApplication.java:402)
Caused by: ptolemy.actor.sched.NotSchedulableException: No solution exists for the balance equations.
Graph is not consistent under the SDF domain detected on external port .rateConsistency.actor.port2
  in .rateConsistency.SDF Director.Scheduler
	at ptolemy.domains.sdf.kernel.SDFScheduler._propagatePort(SDFScheduler.java:1425)
	at ptolemy.domains.sdf.kernel.SDFScheduler._solveBalanceEquations(SDFScheduler.java:710)
	at ptolemy.domains.sdf.kernel.SDFScheduler._getSchedule(SDFScheduler.java:566)
	at ptolemy.actor.sched.Scheduler.getSchedule(Scheduler.java:189)
	at ptolemy.domains.sdf.kernel.SDFDirector.createSchedule(SDFDirector.java:408)
	at ptolemy.domains.sdf.kernel.SDFDirector.preinitialize(SDFDirector.java:764)
	at ptolemy.actor.CompositeActor.preinitialize(CompositeActor.java:1828)
	at ptolemy.actor.Manager.preinitializeAndResolveTypes(Manager.java:1040)
	at ptolemy.actor.Manager.initialize(Manager.java:710)
	at ptolemy.actor.Manager.execute(Manager.java:356)
	at ptolemy.actor.Manager.run(Manager.java:1263)
	at ptolemy.actor.Manager$PtolemyRunThread.run(Manager.java:1933)
java.lang.RuntimeException: Execution failed
	at ptolemy.moml.MoMLSimpleApplication$UnloadThread.run(MoMLSimpleApplication.java:402)
Caused by: ptolemy.kernel.util.IllegalActionException: Failed to compute schedule:
  in .badRateChanges.typed composite actor.SDF Director
Because:
The SDF rate parameter may change. This is not allowed in SDF models that will be run through the code generator.  If you don't care about code generation, then you might consider setting the allowRateChanges parameter of the SDF director to false.
  in .badRateChanges.typed composite actor.Repeat.output.tokenProductionRate
	at ptolemy.domains.sdf.kernel.SDFDirector.createSchedule(SDFDirector.java:418)
	at ptolemy.domains.sdf.kernel.SDFDirector.preinitialize(SDFDirector.java:764)
	at ptolemy.actor.CompositeActor.preinitialize(CompositeActor.java:1828)
	at ptolemy.actor.Director.preinitialize(Director.java:1302)
	at ptolemy.actor.Director.preinitialize(Director.java:1257)
	at ptolemy.domains.sdf.kernel.SDFDirector.preinitialize(SDFDirector.java:763)
	at ptolemy.actor.CompositeActor.preinitialize(CompositeActor.java:1828)
	at ptolemy.actor.Manager.preinitializeAndResolveTypes(Manager.java:1040)
	at ptolemy.actor.Manager.initialize(Manager.java:710)
	at ptolemy.actor.Manager.execute(Manager.java:356)
	at ptolemy.actor.Manager.run(Manager.java:1263)
	at ptolemy.actor.Manager$PtolemyRunThread.run(Manager.java:1933)
Caused by: ptolemy.kernel.util.IllegalActionException: The SDF rate parameter may change. This is not allowed in SDF models that will be run through the code generator.  If you don't care about code generation, then you might consider setting the allowRateChanges parameter of the SDF director to false.
  in .badRateChanges.typed composite actor.Repeat.output.tokenProductionRate
	at ptolemy.domains.sdf.kernel.SDFScheduler._assertDynamicRateVariable(SDFScheduler.java:931)
	at ptolemy.domains.sdf.kernel.SDFScheduler._checkDynamicRateVariables(SDFScheduler.java:339)
	at ptolemy.domains.sdf.kernel.SDFScheduler._getSchedule(SDFScheduler.java:527)
	at ptolemy.actor.sched.Scheduler.getSchedule(Scheduler.java:189)
	at ptolemy.domains.sdf.kernel.SDFDirector.createSchedule(SDFDirector.java:408)
	... 11 more
java.lang.RuntimeException: Execution failed
	at ptolemy.moml.MoMLSimpleApplication$UnloadThread.run(MoMLSimpleApplication.java:402)
Caused by: ptolemy.kernel.util.IllegalActionException: Failed to compute schedule:
  in .badRateChanges2.typed composite actor.SDF Director
Because:
The SDF rate parameter may change. This is not allowed in SDF models that will be run through the code generator.  If you don't care about code generation, then you might consider setting the allowRateChanges parameter of the SDF director to false.
  in .badRateChanges2.typed composite actor.Repeat.output.tokenProductionRate
	at ptolemy.domains.sdf.kernel.SDFDirector.createSchedule(SDFDirector.java:418)
	at ptolemy.domains.sdf.kernel.SDFDirector.preinitialize(SDFDirector.java:764)
	at ptolemy.actor.CompositeActor.preinitialize(CompositeActor.java:1828)
	at ptolemy.actor.Director.preinitialize(Director.java:1302)
	at ptolemy.actor.Director.preinitialize(Director.java:1257)
	at ptolemy.domains.sdf.kernel.SDFDirector.preinitialize(SDFDirector.java:763)
	at ptolemy.actor.CompositeActor.preinitialize(CompositeActor.java:1828)
	at ptolemy.actor.Manager.preinitializeAndResolveTypes(Manager.java:1040)
	at ptolemy.actor.Manager.initialize(Manager.java:710)
	at ptolemy.actor.Manager.execute(Manager.java:356)
	at ptolemy.actor.Manager.run(Manager.java:1263)
	at ptolemy.actor.Manager$PtolemyRunThread.run(Manager.java:1933)
Caused by: ptolemy.kernel.util.IllegalActionException: The SDF rate parameter may change. This is not allowed in SDF models that will be run through the code generator.  If you don't care about code generation, then you might consider setting the allowRateChanges parameter of the SDF director to false.
  in .badRateChanges2.typed composite actor.Repeat.output.tokenProductionRate
	at ptolemy.domains.sdf.kernel.SDFScheduler._assertDynamicRateVariable(SDFScheduler.java:931)
	at ptolemy.domains.sdf.kernel.SDFScheduler._checkDynamicRateVariables(SDFScheduler.java:339)
	at ptolemy.domains.sdf.kernel.SDFScheduler._getSchedule(SDFScheduler.java:527)
	at ptolemy.actor.sched.Scheduler.getSchedule(Scheduler.java:189)
	at ptolemy.domains.sdf.kernel.SDFDirector.createSchedule(SDFDirector.java:408)
	... 11 more
java.lang.RuntimeException: Execution failed
	at ptolemy.moml.MoMLSimpleApplication$UnloadThread.run(MoMLSimpleApplication.java:402)
Caused by: ptolemy.actor.sched.NotSchedulableException: Actors remain that cannot be scheduled!

There are several possible reasons:
* SDF Graphs with feedback loops should have an actor with a delay in the loop, such as a SampleDelay.
* The SDF director has an "allowDisconnectedGraphs"parameter, which, when true, permits disconnected SDF graphs.
* The token consumption rate and production rates might be mismatched.
Usually, actors produce one token or consume one token on a port.  To produce or consume multiple tokens per firing, add a "tokenConsumptionRate" or "tokenProductionRate" parameter to the appropriate port.
Unscheduled actors:
.partiallyConnected.Const2 
Scheduled actors:
.partiallyConnected.Const 
  in .partiallyConnected.SDF Director.Scheduler
	at ptolemy.domains.sdf.kernel.SDFScheduler._scheduleConnectedActors(SDFScheduler.java:1828)
	at ptolemy.domains.sdf.kernel.SDFScheduler._getSchedule(SDFScheduler.java:587)
	at ptolemy.actor.sched.Scheduler.getSchedule(Scheduler.java:189)
	at ptolemy.domains.sdf.kernel.SDFDirector.createSchedule(SDFDirector.java:408)
	at ptolemy.domains.sdf.kernel.SDFDirector.preinitialize(SDFDirector.java:764)
	at ptolemy.actor.CompositeActor.preinitialize(CompositeActor.java:1828)
	at ptolemy.actor.Manager.preinitializeAndResolveTypes(Manager.java:1040)
	at ptolemy.actor.Manager.initialize(Manager.java:710)
	at ptolemy.actor.Manager.execute(Manager.java:356)
	at ptolemy.actor.Manager.run(Manager.java:1263)
	at ptolemy.actor.Manager$PtolemyRunThread.run(Manager.java:1933)
]]></system-err>
</testsuite>
