<?xml version="1.0" encoding="UTF-8" ?>
<testsuite errors="0" failures="0" hostname="travis-job-59400eb6-4023-4f24-9e03-7d049bfbe98e" name="ptolemy.actor.lib.hoc.test.junit.JUnitTclTest" skipped="0" tests="58" time="25.062" timestamp="2018-06-07T23:12:04">
  <properties>
[...]
</properties>
  <testcase classname="ptolemy.util.test.junit.TclTests" name="[0] /home/travis/build/icyphy/ptII/ptolemy/actor/lib/hoc/test/IterateOverArray.tcl (RunTclFile)" time="0.289" />
  <testcase classname="ptolemy.util.test.junit.AutoKnownFailedTests" name="[0] /home/travis/build/icyphy/ptII/ptolemy/actor/lib/hoc/test/auto/knownFailedTests/PreinitializeMustBeInvokedRunComposite.xml (RunModel)" time="0.255" />
  <testcase classname="ptolemy.util.test.junit.AutoNameArchTests" name="[0] ThereAreNoAutoArchTests (RunModel)" time="0.001" />
  <testcase classname="ptolemy.util.test.junit.AutoTests" name="[0] /home/travis/build/icyphy/ptII/ptolemy/actor/lib/hoc/test/auto/AllToAllMultiInstanceComposite.xml (RunModel)" time="0.278" />
  <testcase classname="ptolemy.util.test.junit.AutoTests" name="[1] /home/travis/build/icyphy/ptII/ptolemy/actor/lib/hoc/test/auto/ApplyFFTTest.xml (RunModel)" time="0.355" />
  <testcase classname="ptolemy.util.test.junit.AutoTests" name="[2] /home/travis/build/icyphy/ptII/ptolemy/actor/lib/hoc/test/auto/ApplyFunction.xml (RunModel)" time="0.029" />
  <testcase classname="ptolemy.util.test.junit.AutoTests" name="[3] /home/travis/build/icyphy/ptII/ptolemy/actor/lib/hoc/test/auto/BackgroundExecution.xml (RunModel)" time="0.669" />
  <testcase classname="ptolemy.util.test.junit.AutoTests" name="[4] /home/travis/build/icyphy/ptII/ptolemy/actor/lib/hoc/test/auto/Case.xml (RunModel)" time="0.081" />
  <testcase classname="ptolemy.util.test.junit.AutoTests" name="[5] /home/travis/build/icyphy/ptII/ptolemy/actor/lib/hoc/test/auto/Case1.xml (RunModel)" time="0.068" />
  <testcase classname="ptolemy.util.test.junit.AutoTests" name="[6] /home/travis/build/icyphy/ptII/ptolemy/actor/lib/hoc/test/auto/Case2.xml (RunModel)" time="0.092" />
  <testcase classname="ptolemy.util.test.junit.AutoTests" name="[7] /home/travis/build/icyphy/ptII/ptolemy/actor/lib/hoc/test/auto/Case3.xml (RunModel)" time="0.036" />
  <testcase classname="ptolemy.util.test.junit.AutoTests" name="[8] /home/travis/build/icyphy/ptII/ptolemy/actor/lib/hoc/test/auto/Case4.xml (RunModel)" time="0.033" />
  <testcase classname="ptolemy.util.test.junit.AutoTests" name="[9] /home/travis/build/icyphy/ptII/ptolemy/actor/lib/hoc/test/auto/Case5.xml (RunModel)" time="0.084" />
  <testcase classname="ptolemy.util.test.junit.AutoTests" name="[10] /home/travis/build/icyphy/ptII/ptolemy/actor/lib/hoc/test/auto/Case6.xml (RunModel)" time="0.127" />
  <testcase classname="ptolemy.util.test.junit.AutoTests" name="[11] /home/travis/build/icyphy/ptII/ptolemy/actor/lib/hoc/test/auto/CaseString2.xml (RunModel)" time="0.032" />
  <testcase classname="ptolemy.util.test.junit.AutoTests" name="[12] /home/travis/build/icyphy/ptII/ptolemy/actor/lib/hoc/test/auto/CatchUpComposite1.xml (RunModel)" time="0.073" />
  <testcase classname="ptolemy.util.test.junit.AutoTests" name="[13] /home/travis/build/icyphy/ptII/ptolemy/actor/lib/hoc/test/auto/CatchUpComposite2.xml (RunModel)" time="0.079" />
  <testcase classname="ptolemy.util.test.junit.AutoTests" name="[14] /home/travis/build/icyphy/ptII/ptolemy/actor/lib/hoc/test/auto/CatchUpComposite3.xml (RunModel)" time="0.045" />
  <testcase classname="ptolemy.util.test.junit.AutoTests" name="[15] /home/travis/build/icyphy/ptII/ptolemy/actor/lib/hoc/test/auto/CatchUpComposite4.xml (RunModel)" time="0.057" />
  <testcase classname="ptolemy.util.test.junit.AutoTests" name="[16] /home/travis/build/icyphy/ptII/ptolemy/actor/lib/hoc/test/auto/CatchUpComposite5.xml (RunModel)" time="0.045" />
  <testcase classname="ptolemy.util.test.junit.AutoTests" name="[17] /home/travis/build/icyphy/ptII/ptolemy/actor/lib/hoc/test/auto/CatchUpComposite6.xml (RunModel)" time="0.197" />
  <testcase classname="ptolemy.util.test.junit.AutoTests" name="[18] /home/travis/build/icyphy/ptII/ptolemy/actor/lib/hoc/test/auto/CatchUpComposite7.xml (RunModel)" time="0.097" />
  <testcase classname="ptolemy.util.test.junit.AutoTests" name="[19] /home/travis/build/icyphy/ptII/ptolemy/actor/lib/hoc/test/auto/ConcurrentExecutionTimeSDF.xml (RunModel)" time="1.769" />
  <testcase classname="ptolemy.util.test.junit.AutoTests" name="[20] /home/travis/build/icyphy/ptII/ptolemy/actor/lib/hoc/test/auto/ConcurrentSleep.xml (RunModel)" time="0.772" />
  <testcase classname="ptolemy.util.test.junit.AutoTests" name="[21] /home/travis/build/icyphy/ptII/ptolemy/actor/lib/hoc/test/auto/DEInPNInRunCompositeActor.xml (RunModel)" time="0.066" />
  <testcase classname="ptolemy.util.test.junit.AutoTests" name="[22] /home/travis/build/icyphy/ptII/ptolemy/actor/lib/hoc/test/auto/DFTSubSetTest.xml (RunModel)" time="0.235" />
  <testcase classname="ptolemy.util.test.junit.AutoTests" name="[23] /home/travis/build/icyphy/ptII/ptolemy/actor/lib/hoc/test/auto/HocDE.xml (RunModel)" time="0.187" />
  <testcase classname="ptolemy.util.test.junit.AutoTests" name="[24] /home/travis/build/icyphy/ptII/ptolemy/actor/lib/hoc/test/auto/IterateOverArray.xml (RunModel)" time="0.027" />
  <testcase classname="ptolemy.util.test.junit.AutoTests" name="[25] /home/travis/build/icyphy/ptII/ptolemy/actor/lib/hoc/test/auto/IterateOverArray10.xml (RunModel)" time="0.023" />
  <testcase classname="ptolemy.util.test.junit.AutoTests" name="[26] /home/travis/build/icyphy/ptII/ptolemy/actor/lib/hoc/test/auto/IterateOverArray11.xml (RunModel)" time="0.048" />
  <testcase classname="ptolemy.util.test.junit.AutoTests" name="[27] /home/travis/build/icyphy/ptII/ptolemy/actor/lib/hoc/test/auto/IterateOverArray12.xml (RunModel)" time="0.053" />
  <testcase classname="ptolemy.util.test.junit.AutoTests" name="[28] /home/travis/build/icyphy/ptII/ptolemy/actor/lib/hoc/test/auto/IterateOverArray13.xml (RunModel)" time="0.197" />
  <testcase classname="ptolemy.util.test.junit.AutoTests" name="[29] /home/travis/build/icyphy/ptII/ptolemy/actor/lib/hoc/test/auto/IterateOverArray14.xml (RunModel)" time="0.163" />
  <testcase classname="ptolemy.util.test.junit.AutoTests" name="[30] /home/travis/build/icyphy/ptII/ptolemy/actor/lib/hoc/test/auto/IterateOverArray2.xml (RunModel)" time="0.036" />
  <testcase classname="ptolemy.util.test.junit.AutoTests" name="[31] /home/travis/build/icyphy/ptII/ptolemy/actor/lib/hoc/test/auto/IterateOverArray3.xml (RunModel)" time="0.042" />
  <testcase classname="ptolemy.util.test.junit.AutoTests" name="[32] /home/travis/build/icyphy/ptII/ptolemy/actor/lib/hoc/test/auto/IterateOverArray4.xml (RunModel)" time="0.017" />
  <testcase classname="ptolemy.util.test.junit.AutoTests" name="[33] /home/travis/build/icyphy/ptII/ptolemy/actor/lib/hoc/test/auto/IterateOverArray5.xml (RunModel)" time="0.014" />
  <testcase classname="ptolemy.util.test.junit.AutoTests" name="[34] /home/travis/build/icyphy/ptII/ptolemy/actor/lib/hoc/test/auto/IterateOverArray6.xml (RunModel)" time="0.011" />
  <testcase classname="ptolemy.util.test.junit.AutoTests" name="[35] /home/travis/build/icyphy/ptII/ptolemy/actor/lib/hoc/test/auto/IterateOverArray7.xml (RunModel)" time="0.016" />
  <testcase classname="ptolemy.util.test.junit.AutoTests" name="[36] /home/travis/build/icyphy/ptII/ptolemy/actor/lib/hoc/test/auto/IterateOverArray8.xml (RunModel)" time="0.021" />
  <testcase classname="ptolemy.util.test.junit.AutoTests" name="[37] /home/travis/build/icyphy/ptII/ptolemy/actor/lib/hoc/test/auto/IterateOverArray9.xml (RunModel)" time="0.028" />
  <testcase classname="ptolemy.util.test.junit.AutoTests" name="[38] /home/travis/build/icyphy/ptII/ptolemy/actor/lib/hoc/test/auto/IterateOverArrayCoercedOutputType.xml (RunModel)" time="0.037" />
  <testcase classname="ptolemy.util.test.junit.AutoTests" name="[39] /home/travis/build/icyphy/ptII/ptolemy/actor/lib/hoc/test/auto/IterateOverArrayInferredOutputType.xml (RunModel)" time="0.03" />
  <testcase classname="ptolemy.util.test.junit.AutoTests" name="[40] /home/travis/build/icyphy/ptII/ptolemy/actor/lib/hoc/test/auto/MobileFunctionTest.xml (RunModel)" time="0.022" />
  <testcase classname="ptolemy.util.test.junit.AutoTests" name="[41] /home/travis/build/icyphy/ptII/ptolemy/actor/lib/hoc/test/auto/MobileModelTest.xml (RunModel)" time="0.121" />
  <testcase classname="ptolemy.util.test.junit.AutoTests" name="[42] /home/travis/build/icyphy/ptII/ptolemy/actor/lib/hoc/test/auto/ModelReference.xml (RunModel)" time="0.059" />
  <testcase classname="ptolemy.util.test.junit.AutoTests" name="[43] /home/travis/build/icyphy/ptII/ptolemy/actor/lib/hoc/test/auto/ModelReference3.xml (RunModel)" time="0.056" />
  <testcase classname="ptolemy.util.test.junit.AutoTests" name="[44] /home/travis/build/icyphy/ptII/ptolemy/actor/lib/hoc/test/auto/ModelReference4.xml (RunModel)" time="10.04" />
  <testcase classname="ptolemy.util.test.junit.AutoTests" name="[45] /home/travis/build/icyphy/ptII/ptolemy/actor/lib/hoc/test/auto/MultiInstanceComposite.xml (RunModel)" time="0.043" />
  <testcase classname="ptolemy.util.test.junit.AutoTests" name="[46] /home/travis/build/icyphy/ptII/ptolemy/actor/lib/hoc/test/auto/MultiInstanceComposite2.xml (RunModel)" time="0.052" />
  <testcase classname="ptolemy.util.test.junit.AutoTests" name="[47] /home/travis/build/icyphy/ptII/ptolemy/actor/lib/hoc/test/auto/MulticoreExecution.xml (RunModel)" time="1.114" />
  <testcase classname="ptolemy.util.test.junit.AutoTests" name="[48] /home/travis/build/icyphy/ptII/ptolemy/actor/lib/hoc/test/auto/ParallelExecution.xml (RunModel)" time="0.94" />
  <testcase classname="ptolemy.util.test.junit.AutoTests" name="[49] /home/travis/build/icyphy/ptII/ptolemy/actor/lib/hoc/test/auto/RunCompositeActor.xml (RunModel)" time="0.053" />
  <testcase classname="ptolemy.util.test.junit.AutoTests" name="[50] /home/travis/build/icyphy/ptII/ptolemy/actor/lib/hoc/test/auto/RunCompositeActor2.xml (RunModel)" time="0.031" />
  <testcase classname="ptolemy.util.test.junit.AutoTests" name="[51] /home/travis/build/icyphy/ptII/ptolemy/actor/lib/hoc/test/auto/RunCompositeActor3.xml (RunModel)" time="0.027" />
  <testcase classname="ptolemy.util.test.junit.AutoTests" name="[52] /home/travis/build/icyphy/ptII/ptolemy/actor/lib/hoc/test/auto/RunCompositeActor4.xml (RunModel)" time="0.026" />
  <testcase classname="ptolemy.util.test.junit.AutoTests" name="[53] /home/travis/build/icyphy/ptII/ptolemy/actor/lib/hoc/test/auto/RunCompositeIterateOverArray.xml (RunModel)" time="0.028" />
  <testcase classname="ptolemy.util.test.junit.AutoTests" name="[54] /home/travis/build/icyphy/ptII/ptolemy/actor/lib/hoc/test/auto/ThreadedJS.xml (RunModel)" time="5.09" />
  <system-out><![CDATA[/home/travis/build/icyphy/ptII/ptolemy/actor/lib/hoc/test/IterateOverArray.tcl
testDefs.tcl: setting time out to 9000 seconds at Thu Jun 07 23:12:04 UTC 2018
06/07/18 11:12:04
Failed: 0  Total Tests: 2  ((Passed: 2, Newly Passed: 0)  Known Failed: 0) /home/travis/build/icyphy/ptII/ptolemy/actor/lib/hoc/test
----------------- testing (KnownFailure) /home/travis/build/icyphy/ptII/ptolemy/actor/lib/hoc/test/auto/knownFailedTests/PreinitializeMustBeInvokedRunComposite.xml
37 ms. Memory: 116224K Free: 105076K (90%)
Known Failure: java.lang.reflect.InvocationTargetException
No auto/linux-amd64/*.xml tests in /home/travis/build/icyphy/ptII/ptolemy/actor/lib/hoc/test
AutoTests.java: About to close Vertx.
AutoTests.java: Vertx closed.

===========================================================================================
----------------- testing Thu Jun 07 23:12:05 UTC 2018 /home/travis/build/icyphy/ptII/ptolemy/actor/lib/hoc/test/auto/AllToAllMultiInstanceComposite.xml
----------------- Instantiating /home/travis/build/icyphy/ptII/ptolemy/actor/lib/hoc/test/auto/AllToAllMultiInstanceComposite.xml
137 ms. Memory: 146944K Free: 114019K (78%)
----------------- Invoking toplevel() on ptolemy.moml.MoMLSimpleApplication@1b318850
----------------- Done invoking toplevel() on ptolemy.moml.MoMLSimpleApplication@1b318850
reloadAllAccessors: .AllToAllMultiInstanceComposite

===========================================================================================
----------------- testing Thu Jun 07 23:12:05 UTC 2018 /home/travis/build/icyphy/ptII/ptolemy/actor/lib/hoc/test/auto/ApplyFFTTest.xml
----------------- Instantiating /home/travis/build/icyphy/ptII/ptolemy/actor/lib/hoc/test/auto/ApplyFFTTest.xml
156 ms. Memory: 146944K Free: 92819K (63%)
----------------- Invoking toplevel() on ptolemy.moml.MoMLSimpleApplication@46f52f43
----------------- Done invoking toplevel() on ptolemy.moml.MoMLSimpleApplication@46f52f43
reloadAllAccessors: .ApplyFFTTest

===========================================================================================
----------------- testing Thu Jun 07 23:12:05 UTC 2018 /home/travis/build/icyphy/ptII/ptolemy/actor/lib/hoc/test/auto/ApplyFunction.xml
----------------- Instantiating /home/travis/build/icyphy/ptII/ptolemy/actor/lib/hoc/test/auto/ApplyFunction.xml
6 ms. Memory: 146944K Free: 89068K (61%)
----------------- Invoking toplevel() on ptolemy.moml.MoMLSimpleApplication@5682e6db
----------------- Done invoking toplevel() on ptolemy.moml.MoMLSimpleApplication@5682e6db
reloadAllAccessors: .ApplyFunction

===========================================================================================
----------------- testing Thu Jun 07 23:12:05 UTC 2018 /home/travis/build/icyphy/ptII/ptolemy/actor/lib/hoc/test/auto/BackgroundExecution.xml
----------------- Instantiating /home/travis/build/icyphy/ptII/ptolemy/actor/lib/hoc/test/auto/BackgroundExecution.xml
620 ms. Memory: 146944K Free: 81077K (55%)
----------------- Invoking toplevel() on ptolemy.moml.MoMLSimpleApplication@31b1cd38
----------------- Done invoking toplevel() on ptolemy.moml.MoMLSimpleApplication@31b1cd38
reloadAllAccessors: .BackgroundExecution

===========================================================================================
----------------- testing Thu Jun 07 23:12:06 UTC 2018 /home/travis/build/icyphy/ptII/ptolemy/actor/lib/hoc/test/auto/Case.xml
----------------- Instantiating /home/travis/build/icyphy/ptII/ptolemy/actor/lib/hoc/test/auto/Case.xml
16 ms. Memory: 146944K Free: 133441K (91%)
----------------- Invoking toplevel() on ptolemy.moml.MoMLSimpleApplication@752740ee
----------------- Done invoking toplevel() on ptolemy.moml.MoMLSimpleApplication@752740ee
reloadAllAccessors: .Case

===========================================================================================
----------------- testing Thu Jun 07 23:12:06 UTC 2018 /home/travis/build/icyphy/ptII/ptolemy/actor/lib/hoc/test/auto/Case1.xml
----------------- Instantiating /home/travis/build/icyphy/ptII/ptolemy/actor/lib/hoc/test/auto/Case1.xml
18 ms. Memory: 146944K Free: 125990K (86%)
----------------- Invoking toplevel() on ptolemy.moml.MoMLSimpleApplication@783c84e4
----------------- Done invoking toplevel() on ptolemy.moml.MoMLSimpleApplication@783c84e4
reloadAllAccessors: .Case1

===========================================================================================
----------------- testing Thu Jun 07 23:12:06 UTC 2018 /home/travis/build/icyphy/ptII/ptolemy/actor/lib/hoc/test/auto/Case2.xml
----------------- Instantiating /home/travis/build/icyphy/ptII/ptolemy/actor/lib/hoc/test/auto/Case2.xml
31 ms. Memory: 146944K Free: 114995K (78%)
----------------- Invoking toplevel() on ptolemy.moml.MoMLSimpleApplication@a8058f3
----------------- Done invoking toplevel() on ptolemy.moml.MoMLSimpleApplication@a8058f3
reloadAllAccessors: .Case2

===========================================================================================
----------------- testing Thu Jun 07 23:12:06 UTC 2018 /home/travis/build/icyphy/ptII/ptolemy/actor/lib/hoc/test/auto/Case3.xml
----------------- Instantiating /home/travis/build/icyphy/ptII/ptolemy/actor/lib/hoc/test/auto/Case3.xml
8 ms. Memory: 146944K Free: 108017K (74%)
----------------- Invoking toplevel() on ptolemy.moml.MoMLSimpleApplication@527efb65
----------------- Done invoking toplevel() on ptolemy.moml.MoMLSimpleApplication@527efb65
reloadAllAccessors: .Case3

===========================================================================================
----------------- testing Thu Jun 07 23:12:06 UTC 2018 /home/travis/build/icyphy/ptII/ptolemy/actor/lib/hoc/test/auto/Case4.xml
----------------- Instantiating /home/travis/build/icyphy/ptII/ptolemy/actor/lib/hoc/test/auto/Case4.xml
10 ms. Memory: 146944K Free: 99632K (68%)
----------------- Invoking toplevel() on ptolemy.moml.MoMLSimpleApplication@6602b6c5
----------------- Done invoking toplevel() on ptolemy.moml.MoMLSimpleApplication@6602b6c5
reloadAllAccessors: .Case4

===========================================================================================
----------------- testing Thu Jun 07 23:12:06 UTC 2018 /home/travis/build/icyphy/ptII/ptolemy/actor/lib/hoc/test/auto/Case5.xml
----------------- Instantiating /home/travis/build/icyphy/ptII/ptolemy/actor/lib/hoc/test/auto/Case5.xml
58 ms. Memory: 146944K Free: 92149K (63%)
----------------- Invoking toplevel() on ptolemy.moml.MoMLSimpleApplication@2caac57
----------------- Done invoking toplevel() on ptolemy.moml.MoMLSimpleApplication@2caac57
reloadAllAccessors: .junk

===========================================================================================
----------------- testing Thu Jun 07 23:12:06 UTC 2018 /home/travis/build/icyphy/ptII/ptolemy/actor/lib/hoc/test/auto/Case6.xml
----------------- Instantiating /home/travis/build/icyphy/ptII/ptolemy/actor/lib/hoc/test/auto/Case6.xml
52 ms. Memory: 208384K Free: 201672K (97%)
----------------- Invoking toplevel() on ptolemy.moml.MoMLSimpleApplication@7b4c5c38
----------------- Done invoking toplevel() on ptolemy.moml.MoMLSimpleApplication@7b4c5c38
reloadAllAccessors: .Case6

===========================================================================================
----------------- testing Thu Jun 07 23:12:06 UTC 2018 /home/travis/build/icyphy/ptII/ptolemy/actor/lib/hoc/test/auto/CaseString2.xml
----------------- Instantiating /home/travis/build/icyphy/ptII/ptolemy/actor/lib/hoc/test/auto/CaseString2.xml
9 ms. Memory: 208384K Free: 191563K (92%)
----------------- Invoking toplevel() on ptolemy.moml.MoMLSimpleApplication@254f47df
----------------- Done invoking toplevel() on ptolemy.moml.MoMLSimpleApplication@254f47df
reloadAllAccessors: .CaseString2

===========================================================================================
----------------- testing Thu Jun 07 23:12:06 UTC 2018 /home/travis/build/icyphy/ptII/ptolemy/actor/lib/hoc/test/auto/CatchUpComposite1.xml
----------------- Instantiating /home/travis/build/icyphy/ptII/ptolemy/actor/lib/hoc/test/auto/CatchUpComposite1.xml
24 ms. Memory: 208384K Free: 181732K (87%)
----------------- Invoking toplevel() on ptolemy.moml.MoMLSimpleApplication@4b29b884
----------------- Done invoking toplevel() on ptolemy.moml.MoMLSimpleApplication@4b29b884
reloadAllAccessors: .CatchUpComposite1

===========================================================================================
----------------- testing Thu Jun 07 23:12:07 UTC 2018 /home/travis/build/icyphy/ptII/ptolemy/actor/lib/hoc/test/auto/CatchUpComposite2.xml
----------------- Instantiating /home/travis/build/icyphy/ptII/ptolemy/actor/lib/hoc/test/auto/CatchUpComposite2.xml
20 ms. Memory: 208384K Free: 172435K (83%)
----------------- Invoking toplevel() on ptolemy.moml.MoMLSimpleApplication@1be32c2a
----------------- Done invoking toplevel() on ptolemy.moml.MoMLSimpleApplication@1be32c2a
reloadAllAccessors: .CatchUpComposite2

===========================================================================================
----------------- testing Thu Jun 07 23:12:07 UTC 2018 /home/travis/build/icyphy/ptII/ptolemy/actor/lib/hoc/test/auto/CatchUpComposite3.xml
----------------- Instantiating /home/travis/build/icyphy/ptII/ptolemy/actor/lib/hoc/test/auto/CatchUpComposite3.xml
6 ms. Memory: 208384K Free: 162303K (78%)
----------------- Invoking toplevel() on ptolemy.moml.MoMLSimpleApplication@7caf40fa
----------------- Done invoking toplevel() on ptolemy.moml.MoMLSimpleApplication@7caf40fa
reloadAllAccessors: .CatchUpComposite3

===========================================================================================
----------------- testing Thu Jun 07 23:12:07 UTC 2018 /home/travis/build/icyphy/ptII/ptolemy/actor/lib/hoc/test/auto/CatchUpComposite4.xml
----------------- Instantiating /home/travis/build/icyphy/ptII/ptolemy/actor/lib/hoc/test/auto/CatchUpComposite4.xml
18 ms. Memory: 208384K Free: 153038K (73%)
----------------- Invoking toplevel() on ptolemy.moml.MoMLSimpleApplication@13a7a264
----------------- Done invoking toplevel() on ptolemy.moml.MoMLSimpleApplication@13a7a264
reloadAllAccessors: .CatchUpComposite4

===========================================================================================
----------------- testing Thu Jun 07 23:12:07 UTC 2018 /home/travis/build/icyphy/ptII/ptolemy/actor/lib/hoc/test/auto/CatchUpComposite5.xml
----------------- Instantiating /home/travis/build/icyphy/ptII/ptolemy/actor/lib/hoc/test/auto/CatchUpComposite5.xml
15 ms. Memory: 208384K Free: 144388K (69%)
----------------- Invoking toplevel() on ptolemy.moml.MoMLSimpleApplication@2c8ecd20
----------------- Done invoking toplevel() on ptolemy.moml.MoMLSimpleApplication@2c8ecd20
reloadAllAccessors: .CatchUpComposite5

===========================================================================================
----------------- testing Thu Jun 07 23:12:07 UTC 2018 /home/travis/build/icyphy/ptII/ptolemy/actor/lib/hoc/test/auto/CatchUpComposite6.xml
----------------- Instantiating /home/travis/build/icyphy/ptII/ptolemy/actor/lib/hoc/test/auto/CatchUpComposite6.xml
WARNING: The execution aspects in this model can influence the timing of actors by delaying the 
execution, potentially changing the behavior. There is no guarantee that actors fire at the 
time they request to be fired. 
Use Ptides for deterministic DE behavior that is not influenced by execution aspects. 

110 ms. Memory: 208384K Free: 126044K (60%)
----------------- Invoking toplevel() on ptolemy.moml.MoMLSimpleApplication@13b25c13
----------------- Done invoking toplevel() on ptolemy.moml.MoMLSimpleApplication@13b25c13
reloadAllAccessors: .CatchUpComposite6

===========================================================================================
----------------- testing Thu Jun 07 23:12:07 UTC 2018 /home/travis/build/icyphy/ptII/ptolemy/actor/lib/hoc/test/auto/CatchUpComposite7.xml
----------------- Instantiating /home/travis/build/icyphy/ptII/ptolemy/actor/lib/hoc/test/auto/CatchUpComposite7.xml
WARNING: The execution aspects in this model can influence the timing of actors by delaying the 
execution, potentially changing the behavior. There is no guarantee that actors fire at the 
time they request to be fired. 
Use Ptides for deterministic DE behavior that is not influenced by execution aspects. 

48 ms. Memory: 208384K Free: 109309K (52%)
----------------- Invoking toplevel() on ptolemy.moml.MoMLSimpleApplication@556a299a
----------------- Done invoking toplevel() on ptolemy.moml.MoMLSimpleApplication@556a299a
reloadAllAccessors: .CatchUpComposite7

===========================================================================================
----------------- testing Thu Jun 07 23:12:07 UTC 2018 /home/travis/build/icyphy/ptII/ptolemy/actor/lib/hoc/test/auto/ConcurrentExecutionTimeSDF.xml
----------------- Instantiating /home/travis/build/icyphy/ptII/ptolemy/actor/lib/hoc/test/auto/ConcurrentExecutionTimeSDF.xml
Fired ExecutionTime: 40400000
Fired ExecutionTime: 40400000
Fired ExecutionTime: 40400000
Fired ExecutionTime: 40400000
Fired ExecutionTime: 40400000
Fired ExecutionTime: 40400000
Fired ExecutionTime: 40400000
Fired ExecutionTime: 40400000
Fired ExecutionTime: 40400000
Fired ExecutionTime: 40400000
Fired ExecutionTime: 40400000
Fired ExecutionTime: 40400000
Fired ExecutionTime: 40400000
Fired ExecutionTime: 40400000
Fired ExecutionTime: 40400000
Fired ExecutionTime: 40400000
Fired ExecutionTime: 40400000
Fired ExecutionTime: 40400000
Fired ExecutionTime: 40400000
Fired ExecutionTime: 40400000
1734 ms. Memory: 208384K Free: 100707K (48%)
----------------- Invoking toplevel() on ptolemy.moml.MoMLSimpleApplication@779673fe
----------------- Done invoking toplevel() on ptolemy.moml.MoMLSimpleApplication@779673fe
reloadAllAccessors: .ConcurrentExecutionTimeSDF

===========================================================================================
----------------- testing Thu Jun 07 23:12:09 UTC 2018 /home/travis/build/icyphy/ptII/ptolemy/actor/lib/hoc/test/auto/ConcurrentSleep.xml
----------------- Instantiating /home/travis/build/icyphy/ptII/ptolemy/actor/lib/hoc/test/auto/ConcurrentSleep.xml
734 ms. Memory: 208384K Free: 86210K (41%)
----------------- Invoking toplevel() on ptolemy.moml.MoMLSimpleApplication@1e26a495
----------------- Done invoking toplevel() on ptolemy.moml.MoMLSimpleApplication@1e26a495
reloadAllAccessors: .ConcurrentSleep

===========================================================================================
----------------- testing Thu Jun 07 23:12:10 UTC 2018 /home/travis/build/icyphy/ptII/ptolemy/actor/lib/hoc/test/auto/DEInPNInRunCompositeActor.xml
----------------- Instantiating /home/travis/build/icyphy/ptII/ptolemy/actor/lib/hoc/test/auto/DEInPNInRunCompositeActor.xml
36 ms. Memory: 208384K Free: 202163K (97%)
----------------- Invoking toplevel() on ptolemy.moml.MoMLSimpleApplication@1bc6baad
----------------- Done invoking toplevel() on ptolemy.moml.MoMLSimpleApplication@1bc6baad
reloadAllAccessors: .DEInPNInRunCompositeActor

===========================================================================================
----------------- testing Thu Jun 07 23:12:10 UTC 2018 /home/travis/build/icyphy/ptII/ptolemy/actor/lib/hoc/test/auto/DFTSubSetTest.xml
----------------- Instantiating /home/travis/build/icyphy/ptII/ptolemy/actor/lib/hoc/test/auto/DFTSubSetTest.xml
135 ms. Memory: 208384K Free: 153931K (74%)
----------------- Invoking toplevel() on ptolemy.moml.MoMLSimpleApplication@98fd571
----------------- Done invoking toplevel() on ptolemy.moml.MoMLSimpleApplication@98fd571
reloadAllAccessors: .DFTSubSetTest

===========================================================================================
----------------- testing Thu Jun 07 23:12:10 UTC 2018 /home/travis/build/icyphy/ptII/ptolemy/actor/lib/hoc/test/auto/HocDE.xml
----------------- Instantiating /home/travis/build/icyphy/ptII/ptolemy/actor/lib/hoc/test/auto/HocDE.xml
150 ms. Memory: 208384K Free: 126768K (61%)
----------------- Invoking toplevel() on ptolemy.moml.MoMLSimpleApplication@3dd80ebc
----------------- Done invoking toplevel() on ptolemy.moml.MoMLSimpleApplication@3dd80ebc
reloadAllAccessors: .HocDE

===========================================================================================
----------------- testing Thu Jun 07 23:12:10 UTC 2018 /home/travis/build/icyphy/ptII/ptolemy/actor/lib/hoc/test/auto/IterateOverArray.xml
----------------- Instantiating /home/travis/build/icyphy/ptII/ptolemy/actor/lib/hoc/test/auto/IterateOverArray.xml
7 ms. Memory: 208384K Free: 121204K (58%)
----------------- Invoking toplevel() on ptolemy.moml.MoMLSimpleApplication@12d4f97c
----------------- Done invoking toplevel() on ptolemy.moml.MoMLSimpleApplication@12d4f97c
reloadAllAccessors: .IterateOverArray

===========================================================================================
----------------- testing Thu Jun 07 23:12:10 UTC 2018 /home/travis/build/icyphy/ptII/ptolemy/actor/lib/hoc/test/auto/IterateOverArray10.xml
----------------- Instantiating /home/travis/build/icyphy/ptII/ptolemy/actor/lib/hoc/test/auto/IterateOverArray10.xml
4 ms. Memory: 208384K Free: 116853K (56%)
----------------- Invoking toplevel() on ptolemy.moml.MoMLSimpleApplication@2f21f721
----------------- Done invoking toplevel() on ptolemy.moml.MoMLSimpleApplication@2f21f721
reloadAllAccessors: .IterateOverArray10

===========================================================================================
----------------- testing Thu Jun 07 23:12:10 UTC 2018 /home/travis/build/icyphy/ptII/ptolemy/actor/lib/hoc/test/auto/IterateOverArray11.xml
----------------- Instantiating /home/travis/build/icyphy/ptII/ptolemy/actor/lib/hoc/test/auto/IterateOverArray11.xml
6 ms. Memory: 208384K Free: 112535K (54%)
----------------- Invoking toplevel() on ptolemy.moml.MoMLSimpleApplication@6a2f7c60
----------------- Done invoking toplevel() on ptolemy.moml.MoMLSimpleApplication@6a2f7c60
reloadAllAccessors: .IterateOverArray11

===========================================================================================
----------------- testing Thu Jun 07 23:12:10 UTC 2018 /home/travis/build/icyphy/ptII/ptolemy/actor/lib/hoc/test/auto/IterateOverArray12.xml
----------------- Instantiating /home/travis/build/icyphy/ptII/ptolemy/actor/lib/hoc/test/auto/IterateOverArray12.xml
22 ms. Memory: 208384K Free: 104537K (50%)
----------------- Invoking toplevel() on ptolemy.moml.MoMLSimpleApplication@1d2df3c0
----------------- Done invoking toplevel() on ptolemy.moml.MoMLSimpleApplication@1d2df3c0
reloadAllAccessors: .IterateOverArray12

===========================================================================================
----------------- testing Thu Jun 07 23:12:10 UTC 2018 /home/travis/build/icyphy/ptII/ptolemy/actor/lib/hoc/test/auto/IterateOverArray13.xml
----------------- Instantiating /home/travis/build/icyphy/ptII/ptolemy/actor/lib/hoc/test/auto/IterateOverArray13.xml
118 ms. Memory: 331264K Free: 319358K (96%)
----------------- Invoking toplevel() on ptolemy.moml.MoMLSimpleApplication@47e43d24
----------------- Done invoking toplevel() on ptolemy.moml.MoMLSimpleApplication@47e43d24
reloadAllAccessors: .IterateOverArray13

===========================================================================================
----------------- testing Thu Jun 07 23:12:10 UTC 2018 /home/travis/build/icyphy/ptII/ptolemy/actor/lib/hoc/test/auto/IterateOverArray14.xml
----------------- Instantiating /home/travis/build/icyphy/ptII/ptolemy/actor/lib/hoc/test/auto/IterateOverArray14.xml
81 ms. Memory: 331264K Free: 282070K (85%)
----------------- Invoking toplevel() on ptolemy.moml.MoMLSimpleApplication@aa7842f
----------------- Done invoking toplevel() on ptolemy.moml.MoMLSimpleApplication@aa7842f
reloadAllAccessors: .IterateOverArray14

===========================================================================================
----------------- testing Thu Jun 07 23:12:11 UTC 2018 /home/travis/build/icyphy/ptII/ptolemy/actor/lib/hoc/test/auto/IterateOverArray2.xml
----------------- Instantiating /home/travis/build/icyphy/ptII/ptolemy/actor/lib/hoc/test/auto/IterateOverArray2.xml
10 ms. Memory: 331264K Free: 275952K (83%)
----------------- Invoking toplevel() on ptolemy.moml.MoMLSimpleApplication@54acb67
----------------- Done invoking toplevel() on ptolemy.moml.MoMLSimpleApplication@54acb67
reloadAllAccessors: .IterateOverArray2

===========================================================================================
----------------- testing Thu Jun 07 23:12:11 UTC 2018 /home/travis/build/icyphy/ptII/ptolemy/actor/lib/hoc/test/auto/IterateOverArray3.xml
----------------- Instantiating /home/travis/build/icyphy/ptII/ptolemy/actor/lib/hoc/test/auto/IterateOverArray3.xml
12 ms. Memory: 331264K Free: 266554K (80%)
----------------- Invoking toplevel() on ptolemy.moml.MoMLSimpleApplication@6d0d7c0b
----------------- Done invoking toplevel() on ptolemy.moml.MoMLSimpleApplication@6d0d7c0b
reloadAllAccessors: .IterateOverArray3

===========================================================================================
----------------- testing Thu Jun 07 23:12:11 UTC 2018 /home/travis/build/icyphy/ptII/ptolemy/actor/lib/hoc/test/auto/IterateOverArray4.xml
----------------- Instantiating /home/travis/build/icyphy/ptII/ptolemy/actor/lib/hoc/test/auto/IterateOverArray4.xml
5 ms. Memory: 331264K Free: 261659K (79%)
----------------- Invoking toplevel() on ptolemy.moml.MoMLSimpleApplication@586ab3d3
----------------- Done invoking toplevel() on ptolemy.moml.MoMLSimpleApplication@586ab3d3
reloadAllAccessors: .IterateOverArray4

===========================================================================================
----------------- testing Thu Jun 07 23:12:11 UTC 2018 /home/travis/build/icyphy/ptII/ptolemy/actor/lib/hoc/test/auto/IterateOverArray5.xml
----------------- Instantiating /home/travis/build/icyphy/ptII/ptolemy/actor/lib/hoc/test/auto/IterateOverArray5.xml
3 ms. Memory: 331264K Free: 256765K (78%)
----------------- Invoking toplevel() on ptolemy.moml.MoMLSimpleApplication@724a5120
----------------- Done invoking toplevel() on ptolemy.moml.MoMLSimpleApplication@724a5120
reloadAllAccessors: .IterateOverArray5

===========================================================================================
----------------- testing Thu Jun 07 23:12:11 UTC 2018 /home/travis/build/icyphy/ptII/ptolemy/actor/lib/hoc/test/auto/IterateOverArray6.xml
----------------- Instantiating /home/travis/build/icyphy/ptII/ptolemy/actor/lib/hoc/test/auto/IterateOverArray6.xml
3 ms. Memory: 331264K Free: 252262K (76%)
----------------- Invoking toplevel() on ptolemy.moml.MoMLSimpleApplication@10613747
----------------- Done invoking toplevel() on ptolemy.moml.MoMLSimpleApplication@10613747
reloadAllAccessors: .IterateOverArray6

===========================================================================================
----------------- testing Thu Jun 07 23:12:11 UTC 2018 /home/travis/build/icyphy/ptII/ptolemy/actor/lib/hoc/test/auto/IterateOverArray7.xml
----------------- Instantiating /home/travis/build/icyphy/ptII/ptolemy/actor/lib/hoc/test/auto/IterateOverArray7.xml
4 ms. Memory: 331264K Free: 247367K (75%)
----------------- Invoking toplevel() on ptolemy.moml.MoMLSimpleApplication@3e3a783c
----------------- Done invoking toplevel() on ptolemy.moml.MoMLSimpleApplication@3e3a783c
reloadAllAccessors: .IterateOverArray7

===========================================================================================
----------------- testing Thu Jun 07 23:12:11 UTC 2018 /home/travis/build/icyphy/ptII/ptolemy/actor/lib/hoc/test/auto/IterateOverArray8.xml
----------------- Instantiating /home/travis/build/icyphy/ptII/ptolemy/actor/lib/hoc/test/auto/IterateOverArray8.xml
4 ms. Memory: 331264K Free: 241640K (73%)
----------------- Invoking toplevel() on ptolemy.moml.MoMLSimpleApplication@3ea5c978
----------------- Done invoking toplevel() on ptolemy.moml.MoMLSimpleApplication@3ea5c978
reloadAllAccessors: .IterateOverArray8

===========================================================================================
----------------- testing Thu Jun 07 23:12:11 UTC 2018 /home/travis/build/icyphy/ptII/ptolemy/actor/lib/hoc/test/auto/IterateOverArray9.xml
----------------- Instantiating /home/travis/build/icyphy/ptII/ptolemy/actor/lib/hoc/test/auto/IterateOverArray9.xml
8 ms. Memory: 331264K Free: 236746K (71%)
----------------- Invoking toplevel() on ptolemy.moml.MoMLSimpleApplication@3be8c510
----------------- Done invoking toplevel() on ptolemy.moml.MoMLSimpleApplication@3be8c510
reloadAllAccessors: .IterateOverArray9

===========================================================================================
----------------- testing Thu Jun 07 23:12:11 UTC 2018 /home/travis/build/icyphy/ptII/ptolemy/actor/lib/hoc/test/auto/IterateOverArrayCoercedOutputType.xml
----------------- Instantiating /home/travis/build/icyphy/ptII/ptolemy/actor/lib/hoc/test/auto/IterateOverArrayCoercedOutputType.xml
4 ms. Memory: 331264K Free: 230627K (70%)
----------------- Invoking toplevel() on ptolemy.moml.MoMLSimpleApplication@36e2d211
----------------- Done invoking toplevel() on ptolemy.moml.MoMLSimpleApplication@36e2d211
reloadAllAccessors: .IterateOverArrayCoercedOutputType

===========================================================================================
----------------- testing Thu Jun 07 23:12:11 UTC 2018 /home/travis/build/icyphy/ptII/ptolemy/actor/lib/hoc/test/auto/IterateOverArrayInferredOutputType.xml
----------------- Instantiating /home/travis/build/icyphy/ptII/ptolemy/actor/lib/hoc/test/auto/IterateOverArrayInferredOutputType.xml
8 ms. Memory: 331264K Free: 223677K (68%)
----------------- Invoking toplevel() on ptolemy.moml.MoMLSimpleApplication@3b65f0e9
----------------- Done invoking toplevel() on ptolemy.moml.MoMLSimpleApplication@3b65f0e9
reloadAllAccessors: .IterateOverArrayInferredOutputType

===========================================================================================
----------------- testing Thu Jun 07 23:12:11 UTC 2018 /home/travis/build/icyphy/ptII/ptolemy/actor/lib/hoc/test/auto/MobileFunctionTest.xml
----------------- Instantiating /home/travis/build/icyphy/ptII/ptolemy/actor/lib/hoc/test/auto/MobileFunctionTest.xml
4 ms. Memory: 331264K Free: 218782K (66%)
----------------- Invoking toplevel() on ptolemy.moml.MoMLSimpleApplication@309b50d9
----------------- Done invoking toplevel() on ptolemy.moml.MoMLSimpleApplication@309b50d9
reloadAllAccessors: .MobileFunctionTest

===========================================================================================
----------------- testing Thu Jun 07 23:12:11 UTC 2018 /home/travis/build/icyphy/ptII/ptolemy/actor/lib/hoc/test/auto/MobileModelTest.xml
----------------- Instantiating /home/travis/build/icyphy/ptII/ptolemy/actor/lib/hoc/test/auto/MobileModelTest.xml
87 ms. Memory: 331264K Free: 197107K (60%)
----------------- Invoking toplevel() on ptolemy.moml.MoMLSimpleApplication@56c6ed81
----------------- Done invoking toplevel() on ptolemy.moml.MoMLSimpleApplication@56c6ed81
reloadAllAccessors: .MobileModelTest

===========================================================================================
----------------- testing Thu Jun 07 23:12:11 UTC 2018 /home/travis/build/icyphy/ptII/ptolemy/actor/lib/hoc/test/auto/ModelReference.xml
----------------- Instantiating /home/travis/build/icyphy/ptII/ptolemy/actor/lib/hoc/test/auto/ModelReference.xml
2 ms. Memory: 331264K Free: 188541K (57%)
2 ms. Memory: 331264K Free: 187318K (57%)
2 ms. Memory: 331264K Free: 187318K (57%)
2 ms. Memory: 331264K Free: 186094K (56%)
2 ms. Memory: 331264K Free: 184870K (56%)
2 ms. Memory: 331264K Free: 184870K (56%)
1 ms. Memory: 331264K Free: 183647K (55%)
2 ms. Memory: 331264K Free: 182423K (55%)
2 ms. Memory: 331264K Free: 182423K (55%)
4 ms. Memory: 331264K Free: 181199K (55%)
31 ms. Memory: 331264K Free: 181199K (55%)
----------------- Invoking toplevel() on ptolemy.moml.MoMLSimpleApplication@57236650
----------------- Done invoking toplevel() on ptolemy.moml.MoMLSimpleApplication@57236650
reloadAllAccessors: .ModelReference

===========================================================================================
----------------- testing Thu Jun 07 23:12:11 UTC 2018 /home/travis/build/icyphy/ptII/ptolemy/actor/lib/hoc/test/auto/ModelReference3.xml
----------------- Instantiating /home/travis/build/icyphy/ptII/ptolemy/actor/lib/hoc/test/auto/ModelReference3.xml
4 ms. Memory: 331264K Free: 175081K (53%)
5 ms. Memory: 331264K Free: 175081K (53%)
2 ms. Memory: 331264K Free: 173857K (52%)
4 ms. Memory: 331264K Free: 172633K (52%)
1 ms. Memory: 331264K Free: 172633K (52%)
2 ms. Memory: 331264K Free: 171410K (52%)
1 ms. Memory: 331264K Free: 170186K (51%)
3 ms. Memory: 331264K Free: 170186K (51%)
2 ms. Memory: 331264K Free: 168962K (51%)
3 ms. Memory: 331264K Free: 167739K (51%)
36 ms. Memory: 331264K Free: 167739K (51%)
----------------- Invoking toplevel() on ptolemy.moml.MoMLSimpleApplication@786f7e2b
----------------- Done invoking toplevel() on ptolemy.moml.MoMLSimpleApplication@786f7e2b
reloadAllAccessors: .ModelReference3

===========================================================================================
----------------- testing Thu Jun 07 23:12:11 UTC 2018 /home/travis/build/icyphy/ptII/ptolemy/actor/lib/hoc/test/auto/ModelReference4.xml
----------------- Instantiating /home/travis/build/icyphy/ptII/ptolemy/actor/lib/hoc/test/auto/ModelReference4.xml
3 ms. Memory: 331264K Free: 160788K (49%)
10 ms. Memory: 331264K Free: 154670K (47%)
3 ms. Memory: 331264K Free: 152223K (46%)
3 ms. Memory: 331264K Free: 150999K (46%)
4 ms. Memory: 331264K Free: 149775K (45%)
3 ms. Memory: 331264K Free: 148552K (45%)
2 ms. Memory: 331264K Free: 147328K (44%)
2 ms. Memory: 331264K Free: 146104K (44%)
11 ms. Memory: 331264K Free: 143641K (43%)
2 ms. Memory: 331264K Free: 142417K (43%)
10024 ms. Memory: 331264K Free: 142417K (43%)
----------------- Invoking toplevel() on ptolemy.moml.MoMLSimpleApplication@56763796
----------------- Done invoking toplevel() on ptolemy.moml.MoMLSimpleApplication@56763796
reloadAllAccessors: .ModelReference4

===========================================================================================
----------------- testing Thu Jun 07 23:12:21 UTC 2018 /home/travis/build/icyphy/ptII/ptolemy/actor/lib/hoc/test/auto/MultiInstanceComposite.xml
----------------- Instantiating /home/travis/build/icyphy/ptII/ptolemy/actor/lib/hoc/test/auto/MultiInstanceComposite.xml
24 ms. Memory: 331264K Free: 125197K (38%)
----------------- Invoking toplevel() on ptolemy.moml.MoMLSimpleApplication@2aa7a0ff
----------------- Done invoking toplevel() on ptolemy.moml.MoMLSimpleApplication@2aa7a0ff
reloadAllAccessors: .MultiInstanceComposite

===========================================================================================
----------------- testing Thu Jun 07 23:12:21 UTC 2018 /home/travis/build/icyphy/ptII/ptolemy/actor/lib/hoc/test/auto/MultiInstanceComposite2.xml
----------------- Instantiating /home/travis/build/icyphy/ptII/ptolemy/actor/lib/hoc/test/auto/MultiInstanceComposite2.xml
22 ms. Memory: 331264K Free: 110801K (33%)
----------------- Invoking toplevel() on ptolemy.moml.MoMLSimpleApplication@2786445b
----------------- Done invoking toplevel() on ptolemy.moml.MoMLSimpleApplication@2786445b
reloadAllAccessors: .MultiInstanceComposite2

===========================================================================================
----------------- testing Thu Jun 07 23:12:21 UTC 2018 /home/travis/build/icyphy/ptII/ptolemy/actor/lib/hoc/test/auto/MulticoreExecution.xml
----------------- Instantiating /home/travis/build/icyphy/ptII/ptolemy/actor/lib/hoc/test/auto/MulticoreExecution.xml
Fired ExecutionTime: 4400000
Fired ExecutionTime: 2000000
Fired ExecutionTime: 2400000
Fired ExecutionTime: 2800000
Fired ExecutionTime: 26400000
Fired ExecutionTime: 62800000
Fired ExecutionTime: 69200000
Fired ExecutionTime: 69200000
Fired ExecutionTime: 68000000
Fired ExecutionTime: 70000000
Fired ExecutionTime: 70000000
Fired ExecutionTime: 61600000
Fired ExecutionTime: 69200000
Fired ExecutionTime: 69600000
Fired ExecutionTime: 69200000
Fired ExecutionTime: 69200000
Fired ExecutionTime: 69200000
Fired ExecutionTime: 68800000
Fired ExecutionTime: 72000000
Fired ExecutionTime: 36800000
1084 ms. Memory: 331264K Free: 97324K (29%)
----------------- Invoking toplevel() on ptolemy.moml.MoMLSimpleApplication@507548cc
----------------- Done invoking toplevel() on ptolemy.moml.MoMLSimpleApplication@507548cc
reloadAllAccessors: .MulticoreExecution

===========================================================================================
----------------- testing Thu Jun 07 23:12:22 UTC 2018 /home/travis/build/icyphy/ptII/ptolemy/actor/lib/hoc/test/auto/ParallelExecution.xml
----------------- Instantiating /home/travis/build/icyphy/ptII/ptolemy/actor/lib/hoc/test/auto/ParallelExecution.xml
917 ms. Memory: 331264K Free: 86278K (26%)
----------------- Invoking toplevel() on ptolemy.moml.MoMLSimpleApplication@4f7d9643
----------------- Done invoking toplevel() on ptolemy.moml.MoMLSimpleApplication@4f7d9643
reloadAllAccessors: .ParallelExecution

===========================================================================================
----------------- testing Thu Jun 07 23:12:23 UTC 2018 /home/travis/build/icyphy/ptII/ptolemy/actor/lib/hoc/test/auto/RunCompositeActor.xml
----------------- Instantiating /home/travis/build/icyphy/ptII/ptolemy/actor/lib/hoc/test/auto/RunCompositeActor.xml
35 ms. Memory: 332288K Free: 321258K (97%)
----------------- Invoking toplevel() on ptolemy.moml.MoMLSimpleApplication@3dadfe94
----------------- Done invoking toplevel() on ptolemy.moml.MoMLSimpleApplication@3dadfe94
reloadAllAccessors: .RunCompositeActor

===========================================================================================
----------------- testing Thu Jun 07 23:12:23 UTC 2018 /home/travis/build/icyphy/ptII/ptolemy/actor/lib/hoc/test/auto/RunCompositeActor2.xml
----------------- Instantiating /home/travis/build/icyphy/ptII/ptolemy/actor/lib/hoc/test/auto/RunCompositeActor2.xml
9 ms. Memory: 332288K Free: 311407K (94%)
----------------- Invoking toplevel() on ptolemy.moml.MoMLSimpleApplication@62f51f19
----------------- Done invoking toplevel() on ptolemy.moml.MoMLSimpleApplication@62f51f19
reloadAllAccessors: .RunCompositeActor2

===========================================================================================
----------------- testing Thu Jun 07 23:12:23 UTC 2018 /home/travis/build/icyphy/ptII/ptolemy/actor/lib/hoc/test/auto/RunCompositeActor3.xml
----------------- Instantiating /home/travis/build/icyphy/ptII/ptolemy/actor/lib/hoc/test/auto/RunCompositeActor3.xml
6 ms. Memory: 332288K Free: 304691K (92%)
----------------- Invoking toplevel() on ptolemy.moml.MoMLSimpleApplication@62a39193
----------------- Done invoking toplevel() on ptolemy.moml.MoMLSimpleApplication@62a39193
reloadAllAccessors: .RunCompositeActor3

===========================================================================================
----------------- testing Thu Jun 07 23:12:24 UTC 2018 /home/travis/build/icyphy/ptII/ptolemy/actor/lib/hoc/test/auto/RunCompositeActor4.xml
----------------- Instantiating /home/travis/build/icyphy/ptII/ptolemy/actor/lib/hoc/test/auto/RunCompositeActor4.xml
9 ms. Memory: 332288K Free: 294636K (89%)
----------------- Invoking toplevel() on ptolemy.moml.MoMLSimpleApplication@2cb2d845
----------------- Done invoking toplevel() on ptolemy.moml.MoMLSimpleApplication@2cb2d845
reloadAllAccessors: .RunCompositeActor4

===========================================================================================
----------------- testing Thu Jun 07 23:12:24 UTC 2018 /home/travis/build/icyphy/ptII/ptolemy/actor/lib/hoc/test/auto/RunCompositeIterateOverArray.xml
----------------- Instantiating /home/travis/build/icyphy/ptII/ptolemy/actor/lib/hoc/test/auto/RunCompositeIterateOverArray.xml
7 ms. Memory: 332288K Free: 287926K (87%)
----------------- Invoking toplevel() on ptolemy.moml.MoMLSimpleApplication@31bc99ce
----------------- Done invoking toplevel() on ptolemy.moml.MoMLSimpleApplication@31bc99ce
reloadAllAccessors: .RunCompositeIterateOverArray

===========================================================================================
----------------- testing Thu Jun 07 23:12:24 UTC 2018 /home/travis/build/icyphy/ptII/ptolemy/actor/lib/hoc/test/auto/ThreadedJS.xml
----------------- Instantiating /home/travis/build/icyphy/ptII/ptolemy/actor/lib/hoc/test/auto/ThreadedJS.xml
1873 ms. Memory: 538624K Free: 167089K (31%)
----------------- Invoking toplevel() on ptolemy.moml.MoMLSimpleApplication@3b2272b6
----------------- Done invoking toplevel() on ptolemy.moml.MoMLSimpleApplication@3b2272b6
reloadAllAccessors: .ThreadedJS
AutoTests.java: About to close Vertx.
AutoTests.java: Vertx closed.
]]></system-out>
  <system-err><![CDATA[java.lang.RuntimeException: Execution failed
	at ptolemy.moml.MoMLSimpleApplication$UnloadThread.run(MoMLSimpleApplication.java:402)
Caused by: ptolemy.kernel.util.IllegalActionException: initialize() was called after wrapup() was called but preinitialize() was not called after wrapup().
	at ptolemy.actor.lib.hoc.test.PreinitializeMustBeInvoked.initialize(PreinitializeMustBeInvoked.java:78)
	at ptolemy.actor.Director.initialize(Director.java:938)
	at ptolemy.actor.Director.initialize(Director.java:907)
	at ptolemy.actor.sched.StaticSchedulingDirector.initialize(StaticSchedulingDirector.java:159)
	at ptolemy.domains.sdf.kernel.SDFDirector.initialize(SDFDirector.java:544)
	at ptolemy.actor.CompositeActor.initialize(CompositeActor.java:935)
	at ptolemy.actor.lib.hoc.LifeCycleManager._executeInsideModel(LifeCycleManager.java:339)
	at ptolemy.actor.lib.hoc.RunCompositeActor.fire(RunCompositeActor.java:205)
	at ptolemy.actor.CompositeActor.iterate(CompositeActor.java:1146)
	at ptolemy.actor.sched.StaticSchedulingDirector.fire(StaticSchedulingDirector.java:216)
	at ptolemy.domains.sdf.kernel.SDFDirector.fire(SDFDirector.java:500)
	at ptolemy.actor.CompositeActor.fire(CompositeActor.java:455)
	at ptolemy.actor.Manager.iterate(Manager.java:851)
	at ptolemy.actor.Manager.execute(Manager.java:369)
	at ptolemy.actor.Manager.run(Manager.java:1263)
	at ptolemy.actor.Manager$PtolemyRunThread.run(Manager.java:1915)
java.lang.reflect.InvocationTargetException
	at sun.reflect.NativeConstructorAccessorImpl.newInstance0(Native Method)
	at sun.reflect.NativeConstructorAccessorImpl.newInstance(NativeConstructorAccessorImpl.java:62)
	at sun.reflect.DelegatingConstructorAccessorImpl.newInstance(DelegatingConstructorAccessorImpl.java:45)
	at java.lang.reflect.Constructor.newInstance(Constructor.java:423)
	at ptolemy.util.test.junit.AutoKnownFailedTests.RunModel(AutoKnownFailedTests.java:107)
	at sun.reflect.NativeMethodAccessorImpl.invoke0(Native Method)
	at sun.reflect.NativeMethodAccessorImpl.invoke(NativeMethodAccessorImpl.java:62)
	at sun.reflect.DelegatingMethodAccessorImpl.invoke(DelegatingMethodAccessorImpl.java:43)
	at java.lang.reflect.Method.invoke(Method.java:498)
	at org.junit.runners.model.FrameworkMethod$1.runReflectiveCall(FrameworkMethod.java:44)
	at org.junit.internal.runners.model.ReflectiveCallable.run(ReflectiveCallable.java:15)
	at org.junit.runners.model.FrameworkMethod.invokeExplosively(FrameworkMethod.java:41)
	at junitparams.internal.InvokeParameterisedMethod.evaluate(InvokeParameterisedMethod.java:102)
	at org.junit.internal.runners.statements.FailOnTimeout$1.run(FailOnTimeout.java:28)
Caused by: ptolemy.kernel.util.IllegalActionException: initialize() was called after wrapup() was called but preinitialize() was not called after wrapup().
	at ptolemy.actor.lib.hoc.test.PreinitializeMustBeInvoked.initialize(PreinitializeMustBeInvoked.java:78)
	at ptolemy.actor.Director.initialize(Director.java:938)
	at ptolemy.actor.Director.initialize(Director.java:907)
	at ptolemy.actor.sched.StaticSchedulingDirector.initialize(StaticSchedulingDirector.java:159)
	at ptolemy.domains.sdf.kernel.SDFDirector.initialize(SDFDirector.java:544)
	at ptolemy.actor.CompositeActor.initialize(CompositeActor.java:935)
	at ptolemy.actor.lib.hoc.LifeCycleManager._executeInsideModel(LifeCycleManager.java:339)
	at ptolemy.actor.lib.hoc.RunCompositeActor.fire(RunCompositeActor.java:205)
	at ptolemy.actor.CompositeActor.iterate(CompositeActor.java:1146)
	at ptolemy.actor.sched.StaticSchedulingDirector.fire(StaticSchedulingDirector.java:216)
	at ptolemy.domains.sdf.kernel.SDFDirector.fire(SDFDirector.java:500)
	at ptolemy.actor.CompositeActor.fire(CompositeActor.java:455)
	at ptolemy.actor.Manager.iterate(Manager.java:851)
	at ptolemy.actor.Manager.execute(Manager.java:369)
	at ptolemy.actor.Manager.run(Manager.java:1263)
	at ptolemy.actor.Manager$PtolemyRunThread.run(Manager.java:1915)
]]></system-err>
</testsuite>
