<?xml version="1.0" encoding="UTF-8" ?>
<testsuite errors="0" failures="0" hostname="travis-job-3758f286-3079-43ff-8c72-9b9496ae718e" name="ptolemy.domains.continuous.test.junit.JUnitTclTest" skipped="0" tests="156" time="73.374" timestamp="2019-12-07T06:19:54">
  <properties>
[...]
</properties>
  <testcase classname="ptolemy.util.test.junit.TclTests" name="[0] ThereAreNoTclTests (RunTclFile)" time="0.019" />
  <testcase classname="ptolemy.util.test.junit.AutoKnownFailedTests" name="[0] ThereAreNoKnowFailedTests (RunModel)" time="0.003" />
  <testcase classname="ptolemy.util.test.junit.AutoNameArchTests" name="[0] ThereAreNoAutoArchTests (RunModel)" time="0.023" />
  <testcase classname="ptolemy.util.test.junit.AutoTests" name="[0] /home/travis/build/icyphy/ptII/ptolemy/domains/continuous/test/auto/BouncingBall.xml (RunModel)" time="3.003" />
  <testcase classname="ptolemy.util.test.junit.AutoTests" name="[1] /home/travis/build/icyphy/ptII/ptolemy/domains/continuous/test/auto/BouncingBallWithoutGR.xml (RunModel)" time="0.803" />
  <testcase classname="ptolemy.util.test.junit.AutoTests" name="[2] /home/travis/build/icyphy/ptII/ptolemy/domains/continuous/test/auto/Brownian.xml (RunModel)" time="0.057" />
  <testcase classname="ptolemy.util.test.junit.AutoTests" name="[3] /home/travis/build/icyphy/ptII/ptolemy/domains/continuous/test/auto/CarTracking.xml (RunModel)" time="3.797" />
  <testcase classname="ptolemy.util.test.junit.AutoTests" name="[4] /home/travis/build/icyphy/ptII/ptolemy/domains/continuous/test/auto/CartPendulum.xml (RunModel)" time="0.516" />
  <testcase classname="ptolemy.util.test.junit.AutoTests" name="[5] /home/travis/build/icyphy/ptII/ptolemy/domains/continuous/test/auto/CausalityInterface10.xml (RunModel)" time="0.043" />
  <testcase classname="ptolemy.util.test.junit.AutoTests" name="[6] /home/travis/build/icyphy/ptII/ptolemy/domains/continuous/test/auto/CausalityInterface11.xml (RunModel)" time="0.034" />
  <testcase classname="ptolemy.util.test.junit.AutoTests" name="[7] /home/travis/build/icyphy/ptII/ptolemy/domains/continuous/test/auto/CausalityInterface12.xml (RunModel)" time="0.036" />
  <testcase classname="ptolemy.util.test.junit.AutoTests" name="[8] /home/travis/build/icyphy/ptII/ptolemy/domains/continuous/test/auto/CausalityInterface13.xml (RunModel)" time="0.039" />
  <testcase classname="ptolemy.util.test.junit.AutoTests" name="[9] /home/travis/build/icyphy/ptII/ptolemy/domains/continuous/test/auto/CausalityInterface14.xml (RunModel)" time="0.025" />
  <testcase classname="ptolemy.util.test.junit.AutoTests" name="[10] /home/travis/build/icyphy/ptII/ptolemy/domains/continuous/test/auto/CausalityInterface4.xml (RunModel)" time="0.034" />
  <testcase classname="ptolemy.util.test.junit.AutoTests" name="[11] /home/travis/build/icyphy/ptII/ptolemy/domains/continuous/test/auto/CausalityInterface5.xml (RunModel)" time="0.028" />
  <testcase classname="ptolemy.util.test.junit.AutoTests" name="[12] /home/travis/build/icyphy/ptII/ptolemy/domains/continuous/test/auto/CausalityInterface6.xml (RunModel)" time="0.026" />
  <testcase classname="ptolemy.util.test.junit.AutoTests" name="[13] /home/travis/build/icyphy/ptII/ptolemy/domains/continuous/test/auto/CausalityInterface7.xml (RunModel)" time="0.043" />
  <testcase classname="ptolemy.util.test.junit.AutoTests" name="[14] /home/travis/build/icyphy/ptII/ptolemy/domains/continuous/test/auto/CausalityInterface8.xml (RunModel)" time="0.039" />
  <testcase classname="ptolemy.util.test.junit.AutoTests" name="[15] /home/travis/build/icyphy/ptII/ptolemy/domains/continuous/test/auto/CausalityInterface9.xml (RunModel)" time="0.053" />
  <testcase classname="ptolemy.util.test.junit.AutoTests" name="[16] /home/travis/build/icyphy/ptII/ptolemy/domains/continuous/test/auto/CausalityInterfaceFeedback1.xml (RunModel)" time="0.028" />
  <testcase classname="ptolemy.util.test.junit.AutoTests" name="[17] /home/travis/build/icyphy/ptII/ptolemy/domains/continuous/test/auto/CausalityInterfaceFeedback2.xml (RunModel)" time="0.025" />
  <testcase classname="ptolemy.util.test.junit.AutoTests" name="[18] /home/travis/build/icyphy/ptII/ptolemy/domains/continuous/test/auto/CompareWithCurrentTime.xml (RunModel)" time="0.02" />
  <testcase classname="ptolemy.util.test.junit.AutoTests" name="[19] /home/travis/build/icyphy/ptII/ptolemy/domains/continuous/test/auto/ComparedClocks.xml (RunModel)" time="0.086" />
  <testcase classname="ptolemy.util.test.junit.AutoTests" name="[20] /home/travis/build/icyphy/ptII/ptolemy/domains/continuous/test/auto/ContinuousAOCClone.xml (RunModel)" time="2.801" />
  <testcase classname="ptolemy.util.test.junit.AutoTests" name="[21] /home/travis/build/icyphy/ptII/ptolemy/domains/continuous/test/auto/ContinuousClock.xml (RunModel)" time="0.087" />
  <testcase classname="ptolemy.util.test.junit.AutoTests" name="[22] /home/travis/build/icyphy/ptII/ptolemy/domains/continuous/test/auto/ContinuousInContinuous.xml (RunModel)" time="0.087" />
  <testcase classname="ptolemy.util.test.junit.AutoTests" name="[23] /home/travis/build/icyphy/ptII/ptolemy/domains/continuous/test/auto/ContinuousInContinuousInContinuous.xml (RunModel)" time="0.02" />
  <testcase classname="ptolemy.util.test.junit.AutoTests" name="[24] /home/travis/build/icyphy/ptII/ptolemy/domains/continuous/test/auto/ContinuousInDE.xml (RunModel)" time="0.088" />
  <testcase classname="ptolemy.util.test.junit.AutoTests" name="[25] /home/travis/build/icyphy/ptII/ptolemy/domains/continuous/test/auto/ContinuousInDE2.xml (RunModel)" time="0.05" />
  <testcase classname="ptolemy.util.test.junit.AutoTests" name="[26] /home/travis/build/icyphy/ptII/ptolemy/domains/continuous/test/auto/ContinuousInDE3.xml (RunModel)" time="0.04" />
  <testcase classname="ptolemy.util.test.junit.AutoTests" name="[27] /home/travis/build/icyphy/ptII/ptolemy/domains/continuous/test/auto/ContinuousInDE4.xml (RunModel)" time="0.021" />
  <testcase classname="ptolemy.util.test.junit.AutoTests" name="[28] /home/travis/build/icyphy/ptII/ptolemy/domains/continuous/test/auto/ContinuousInDEDifferentRefinements.xml (RunModel)" time="0.071" />
  <testcase classname="ptolemy.util.test.junit.AutoTests" name="[29] /home/travis/build/icyphy/ptII/ptolemy/domains/continuous/test/auto/ContinuousInDEDifferentRefinementsPreemptive.xml (RunModel)" time="0.072" />
  <testcase classname="ptolemy.util.test.junit.AutoTests" name="[30] /home/travis/build/icyphy/ptII/ptolemy/domains/continuous/test/auto/ContinuousInDEInContinuous2.xml (RunModel)" time="0.048" />
  <testcase classname="ptolemy.util.test.junit.AutoTests" name="[31] /home/travis/build/icyphy/ptII/ptolemy/domains/continuous/test/auto/ContinuousInDEInContinuous3.xml (RunModel)" time="0.055" />
  <testcase classname="ptolemy.util.test.junit.AutoTests" name="[32] /home/travis/build/icyphy/ptII/ptolemy/domains/continuous/test/auto/ContinuousInDEInput.xml (RunModel)" time="0.03" />
  <testcase classname="ptolemy.util.test.junit.AutoTests" name="[33] /home/travis/build/icyphy/ptII/ptolemy/domains/continuous/test/auto/ContinuousInDEInput2.xml (RunModel)" time="0.028" />
  <testcase classname="ptolemy.util.test.junit.AutoTests" name="[34] /home/travis/build/icyphy/ptII/ptolemy/domains/continuous/test/auto/ContinuousInDEInput3.xml (RunModel)" time="0.03" />
  <testcase classname="ptolemy.util.test.junit.AutoTests" name="[35] /home/travis/build/icyphy/ptII/ptolemy/domains/continuous/test/auto/ContinuousInDESharingRefinement.xml (RunModel)" time="0.183" />
  <testcase classname="ptolemy.util.test.junit.AutoTests" name="[36] /home/travis/build/icyphy/ptII/ptolemy/domains/continuous/test/auto/ContinuousInDEwithNoPorts.xml (RunModel)" time="0.016" />
  <testcase classname="ptolemy.util.test.junit.AutoTests" name="[37] /home/travis/build/icyphy/ptII/ptolemy/domains/continuous/test/auto/ContinuousInsideDE.xml (RunModel)" time="0.073" />
  <testcase classname="ptolemy.util.test.junit.AutoTests" name="[38] /home/travis/build/icyphy/ptII/ptolemy/domains/continuous/test/auto/ContinuousMerge1.xml (RunModel)" time="0.017" />
  <testcase classname="ptolemy.util.test.junit.AutoTests" name="[39] /home/travis/build/icyphy/ptII/ptolemy/domains/continuous/test/auto/ContinuousMerge2.xml (RunModel)" time="0.042" />
  <testcase classname="ptolemy.util.test.junit.AutoTests" name="[40] /home/travis/build/icyphy/ptII/ptolemy/domains/continuous/test/auto/ContinuousMerge3.xml (RunModel)" time="0.068" />
  <testcase classname="ptolemy.util.test.junit.AutoTests" name="[41] /home/travis/build/icyphy/ptII/ptolemy/domains/continuous/test/auto/ContinuousWithinContinuous.xml (RunModel)" time="0.056" />
  <testcase classname="ptolemy.util.test.junit.AutoTests" name="[42] /home/travis/build/icyphy/ptII/ptolemy/domains/continuous/test/auto/ContinuousWithinContinuous2.xml (RunModel)" time="0.069" />
  <testcase classname="ptolemy.util.test.junit.AutoTests" name="[43] /home/travis/build/icyphy/ptII/ptolemy/domains/continuous/test/auto/ContinuousWithinContinuous3.xml (RunModel)" time="0.024" />
  <testcase classname="ptolemy.util.test.junit.AutoTests" name="[44] /home/travis/build/icyphy/ptII/ptolemy/domains/continuous/test/auto/ContinuousWithinContinuous4.xml (RunModel)" time="0.075" />
  <testcase classname="ptolemy.util.test.junit.AutoTests" name="[45] /home/travis/build/icyphy/ptII/ptolemy/domains/continuous/test/auto/ContinuousWithinContinuous5.xml (RunModel)" time="0.033" />
  <testcase classname="ptolemy.util.test.junit.AutoTests" name="[46] /home/travis/build/icyphy/ptII/ptolemy/domains/continuous/test/auto/ContinuousWithinContinuous6.xml (RunModel)" time="0.042" />
  <testcase classname="ptolemy.util.test.junit.AutoTests" name="[47] /home/travis/build/icyphy/ptII/ptolemy/domains/continuous/test/auto/ContinuousWithinContinuous7.xml (RunModel)" time="0.063" />
  <testcase classname="ptolemy.util.test.junit.AutoTests" name="[48] /home/travis/build/icyphy/ptII/ptolemy/domains/continuous/test/auto/DCMotor.xml (RunModel)" time="15.257" />
  <testcase classname="ptolemy.util.test.junit.AutoTests" name="[49] /home/travis/build/icyphy/ptII/ptolemy/domains/continuous/test/auto/DEInContinuous.xml (RunModel)" time="0.047" />
  <testcase classname="ptolemy.util.test.junit.AutoTests" name="[50] /home/travis/build/icyphy/ptII/ptolemy/domains/continuous/test/auto/DEinContinuous2.xml (RunModel)" time="0.027" />
  <testcase classname="ptolemy.util.test.junit.AutoTests" name="[51] /home/travis/build/icyphy/ptII/ptolemy/domains/continuous/test/auto/Derivative.xml (RunModel)" time="0.236" />
  <testcase classname="ptolemy.util.test.junit.AutoTests" name="[52] /home/travis/build/icyphy/ptII/ptolemy/domains/continuous/test/auto/Derivative1.xml (RunModel)" time="0.051" />
  <testcase classname="ptolemy.util.test.junit.AutoTests" name="[53] /home/travis/build/icyphy/ptII/ptolemy/domains/continuous/test/auto/DiscreteClock.xml (RunModel)" time="0.014" />
  <testcase classname="ptolemy.util.test.junit.AutoTests" name="[54] /home/travis/build/icyphy/ptII/ptolemy/domains/continuous/test/auto/EfficiencyCurve.xml (RunModel)" time="0.088" />
  <testcase classname="ptolemy.util.test.junit.AutoTests" name="[55] /home/travis/build/icyphy/ptII/ptolemy/domains/continuous/test/auto/ExponentialResponse.xml (RunModel)" time="0.104" />
  <testcase classname="ptolemy.util.test.junit.AutoTests" name="[56] /home/travis/build/icyphy/ptII/ptolemy/domains/continuous/test/auto/ExponentialResponseRK45.xml (RunModel)" time="0.03" />
  <testcase classname="ptolemy.util.test.junit.AutoTests" name="[57] /home/travis/build/icyphy/ptII/ptolemy/domains/continuous/test/auto/Friction.xml (RunModel)" time="1.656" />
  <testcase classname="ptolemy.util.test.junit.AutoTests" name="[58] /home/travis/build/icyphy/ptII/ptolemy/domains/continuous/test/auto/FurutaPendulum.xml (RunModel)" time="3.112" />
  <testcase classname="ptolemy.util.test.junit.AutoTests" name="[59] /home/travis/build/icyphy/ptII/ptolemy/domains/continuous/test/auto/HierarchicalExecution.xml (RunModel)" time="2.406" />
  <testcase classname="ptolemy.util.test.junit.AutoTests" name="[60] /home/travis/build/icyphy/ptII/ptolemy/domains/continuous/test/auto/HybridPlant.xml (RunModel)" time="0.598" />
  <testcase classname="ptolemy.util.test.junit.AutoTests" name="[61] /home/travis/build/icyphy/ptII/ptolemy/domains/continuous/test/auto/Hysteresis.xml (RunModel)" time="0.211" />
  <testcase classname="ptolemy.util.test.junit.AutoTests" name="[62] /home/travis/build/icyphy/ptII/ptolemy/domains/continuous/test/auto/HysteresisWithRandomDelay.xml (RunModel)" time="0.257" />
  <testcase classname="ptolemy.util.test.junit.AutoTests" name="[63] /home/travis/build/icyphy/ptII/ptolemy/domains/continuous/test/auto/HysteresisWithRandomLosses.xml (RunModel)" time="2.467" />
  <testcase classname="ptolemy.util.test.junit.AutoTests" name="[64] /home/travis/build/icyphy/ptII/ptolemy/domains/continuous/test/auto/ImmediateTransitions.xml (RunModel)" time="0.034" />
  <testcase classname="ptolemy.util.test.junit.AutoTests" name="[65] /home/travis/build/icyphy/ptII/ptolemy/domains/continuous/test/auto/ImpulseFeedback.xml (RunModel)" time="0.023" />
  <testcase classname="ptolemy.util.test.junit.AutoTests" name="[66] /home/travis/build/icyphy/ptII/ptolemy/domains/continuous/test/auto/ImpulseFeedback2.xml (RunModel)" time="0.014" />
  <testcase classname="ptolemy.util.test.junit.AutoTests" name="[67] /home/travis/build/icyphy/ptII/ptolemy/domains/continuous/test/auto/IncreasingRatePoisson.xml (RunModel)" time="0.685" />
  <testcase classname="ptolemy.util.test.junit.AutoTests" name="[68] /home/travis/build/icyphy/ptII/ptolemy/domains/continuous/test/auto/InitialStateFeedback.xml (RunModel)" time="0.014" />
  <testcase classname="ptolemy.util.test.junit.AutoTests" name="[69] /home/travis/build/icyphy/ptII/ptolemy/domains/continuous/test/auto/Integration.xml (RunModel)" time="0.008" />
  <testcase classname="ptolemy.util.test.junit.AutoTests" name="[70] /home/travis/build/icyphy/ptII/ptolemy/domains/continuous/test/auto/Integration2.xml (RunModel)" time="0.083" />
  <testcase classname="ptolemy.util.test.junit.AutoTests" name="[71] /home/travis/build/icyphy/ptII/ptolemy/domains/continuous/test/auto/Integration3.xml (RunModel)" time="0.01" />
  <testcase classname="ptolemy.util.test.junit.AutoTests" name="[72] /home/travis/build/icyphy/ptII/ptolemy/domains/continuous/test/auto/Integration5.xml (RunModel)" time="0.009" />
  <testcase classname="ptolemy.util.test.junit.AutoTests" name="[73] /home/travis/build/icyphy/ptII/ptolemy/domains/continuous/test/auto/IntegratorImpulse.xml (RunModel)" time="0.011" />
  <testcase classname="ptolemy.util.test.junit.AutoTests" name="[74] /home/travis/build/icyphy/ptII/ptolemy/domains/continuous/test/auto/IntegratorImpulse2.xml (RunModel)" time="0.009" />
  <testcase classname="ptolemy.util.test.junit.AutoTests" name="[75] /home/travis/build/icyphy/ptII/ptolemy/domains/continuous/test/auto/LevelCrossing1.xml (RunModel)" time="0.01" />
  <testcase classname="ptolemy.util.test.junit.AutoTests" name="[76] /home/travis/build/icyphy/ptII/ptolemy/domains/continuous/test/auto/LevelCrossing2.xml (RunModel)" time="0.011" />
  <testcase classname="ptolemy.util.test.junit.AutoTests" name="[77] /home/travis/build/icyphy/ptII/ptolemy/domains/continuous/test/auto/LevelCrossing3.xml (RunModel)" time="0.009" />
  <testcase classname="ptolemy.util.test.junit.AutoTests" name="[78] /home/travis/build/icyphy/ptII/ptolemy/domains/continuous/test/auto/LevelCrossing4.xml (RunModel)" time="0.012" />
  <testcase classname="ptolemy.util.test.junit.AutoTests" name="[79] /home/travis/build/icyphy/ptII/ptolemy/domains/continuous/test/auto/LevelCrossing5.xml (RunModel)" time="0.011" />
  <testcase classname="ptolemy.util.test.junit.AutoTests" name="[80] /home/travis/build/icyphy/ptII/ptolemy/domains/continuous/test/auto/LevelCrossing6.xml (RunModel)" time="0.012" />
  <testcase classname="ptolemy.util.test.junit.AutoTests" name="[81] /home/travis/build/icyphy/ptII/ptolemy/domains/continuous/test/auto/LevelCrossingDetector.xml (RunModel)" time="0.039" />
  <testcase classname="ptolemy.util.test.junit.AutoTests" name="[82] /home/travis/build/icyphy/ptII/ptolemy/domains/continuous/test/auto/LevelCrossingDetectorDetectingDirections.xml (RunModel)" time="0.089" />
  <testcase classname="ptolemy.util.test.junit.AutoTests" name="[83] /home/travis/build/icyphy/ptII/ptolemy/domains/continuous/test/auto/LevelCrossingDetectorDetectsGlitches.xml (RunModel)" time="0.057" />
  <testcase classname="ptolemy.util.test.junit.AutoTests" name="[84] /home/travis/build/icyphy/ptII/ptolemy/domains/continuous/test/auto/LevelCrossingNoInitialOuput.xml (RunModel)" time="0.013" />
  <testcase classname="ptolemy.util.test.junit.AutoTests" name="[85] /home/travis/build/icyphy/ptII/ptolemy/domains/continuous/test/auto/LinearStateSpaceExample.xml (RunModel)" time="0.07" />
  <testcase classname="ptolemy.util.test.junit.AutoTests" name="[86] /home/travis/build/icyphy/ptII/ptolemy/domains/continuous/test/auto/Lorenz.xml (RunModel)" time="3.372" />
  <testcase classname="ptolemy.util.test.junit.AutoTests" name="[87] /home/travis/build/icyphy/ptII/ptolemy/domains/continuous/test/auto/LorenzDifferentialSystem.xml (RunModel)" time="0.942" />
  <testcase classname="ptolemy.util.test.junit.AutoTests" name="[88] /home/travis/build/icyphy/ptII/ptolemy/domains/continuous/test/auto/LorenzDifferentialSystemWithInput.xml (RunModel)" time="1.174" />
  <testcase classname="ptolemy.util.test.junit.AutoTests" name="[89] /home/travis/build/icyphy/ptII/ptolemy/domains/continuous/test/auto/LorenzDifferentialSystemWithTime.xml (RunModel)" time="0.625" />
  <testcase classname="ptolemy.util.test.junit.AutoTests" name="[90] /home/travis/build/icyphy/ptII/ptolemy/domains/continuous/test/auto/Microsteps.xml (RunModel)" time="0.026" />
  <testcase classname="ptolemy.util.test.junit.AutoTests" name="[91] /home/travis/build/icyphy/ptII/ptolemy/domains/continuous/test/auto/Modal1.xml (RunModel)" time="0.035" />
  <testcase classname="ptolemy.util.test.junit.AutoTests" name="[92] /home/travis/build/icyphy/ptII/ptolemy/domains/continuous/test/auto/Modal2.xml (RunModel)" time="0.034" />
  <testcase classname="ptolemy.util.test.junit.AutoTests" name="[93] /home/travis/build/icyphy/ptII/ptolemy/domains/continuous/test/auto/ModalTransitionGuardWithReset.xml (RunModel)" time="0.022" />
  <testcase classname="ptolemy.util.test.junit.AutoTests" name="[94] /home/travis/build/icyphy/ptII/ptolemy/domains/continuous/test/auto/ModalTransitionGuardWithResetUsingPreemptiveTransition.xml (RunModel)" time="0.02" />
  <testcase classname="ptolemy.util.test.junit.AutoTests" name="[95] /home/travis/build/icyphy/ptII/ptolemy/domains/continuous/test/auto/ModalTransitionGuardWithResetUsingPreemptiveTransition2.xml (RunModel)" time="0.021" />
  <testcase classname="ptolemy.util.test.junit.AutoTests" name="[96] /home/travis/build/icyphy/ptII/ptolemy/domains/continuous/test/auto/ModalTransitionGuardWithResetUsingPreemptiveTransition3.xml (RunModel)" time="0.02" />
  <testcase classname="ptolemy.util.test.junit.AutoTests" name="[97] /home/travis/build/icyphy/ptII/ptolemy/domains/continuous/test/auto/NewtonsCradle.xml (RunModel)" time="0.73" />
  <testcase classname="ptolemy.util.test.junit.AutoTests" name="[98] /home/travis/build/icyphy/ptII/ptolemy/domains/continuous/test/auto/NewtonsCradleAnimated.xml (RunModel)" time="1.227" />
  <testcase classname="ptolemy.util.test.junit.AutoTests" name="[99] /home/travis/build/icyphy/ptII/ptolemy/domains/continuous/test/auto/NewtonsCradleComplicated.xml (RunModel)" time="0.923" />
  <testcase classname="ptolemy.util.test.junit.AutoTests" name="[100] /home/travis/build/icyphy/ptII/ptolemy/domains/continuous/test/auto/NewtonsCradleNondeterministic.xml (RunModel)" time="0.691" />
  <testcase classname="ptolemy.util.test.junit.AutoTests" name="[101] /home/travis/build/icyphy/ptII/ptolemy/domains/continuous/test/auto/NewtonsCradlePerfectlyInelastic1.xml (RunModel)" time="1.257" />
  <testcase classname="ptolemy.util.test.junit.AutoTests" name="[102] /home/travis/build/icyphy/ptII/ptolemy/domains/continuous/test/auto/Noise.xml (RunModel)" time="0.178" />
  <testcase classname="ptolemy.util.test.junit.AutoTests" name="[103] /home/travis/build/icyphy/ptII/ptolemy/domains/continuous/test/auto/NoiseSpectrum.xml (RunModel)" time="0.808" />
  <testcase classname="ptolemy.util.test.junit.AutoTests" name="[104] /home/travis/build/icyphy/ptII/ptolemy/domains/continuous/test/auto/ParameterizedNewtonsCradleAnimated.xml (RunModel)" time="0.354" />
  <testcase classname="ptolemy.util.test.junit.AutoTests" name="[105] /home/travis/build/icyphy/ptII/ptolemy/domains/continuous/test/auto/ParameterizedNewtonsCradleAnimatedNondeterministic.xml (RunModel)" time="1.119" />
  <testcase classname="ptolemy.util.test.junit.AutoTests" name="[106] /home/travis/build/icyphy/ptII/ptolemy/domains/continuous/test/auto/Pendulum3D.xml (RunModel)" time="0.177" />
  <testcase classname="ptolemy.util.test.junit.AutoTests" name="[107] /home/travis/build/icyphy/ptII/ptolemy/domains/continuous/test/auto/PeriodicSampler.xml (RunModel)" time="0.013" />
  <testcase classname="ptolemy.util.test.junit.AutoTests" name="[108] /home/travis/build/icyphy/ptII/ptolemy/domains/continuous/test/auto/PeriodicSampler1.xml (RunModel)" time="0.044" />
  <testcase classname="ptolemy.util.test.junit.AutoTests" name="[109] /home/travis/build/icyphy/ptII/ptolemy/domains/continuous/test/auto/PeriodicSampler2.xml (RunModel)" time="0.09" />
  <testcase classname="ptolemy.util.test.junit.AutoTests" name="[110] /home/travis/build/icyphy/ptII/ptolemy/domains/continuous/test/auto/Poisson.xml (RunModel)" time="0.529" />
  <testcase classname="ptolemy.util.test.junit.AutoTests" name="[111] /home/travis/build/icyphy/ptII/ptolemy/domains/continuous/test/auto/PoissonClock.xml (RunModel)" time="0.012" />
  <testcase classname="ptolemy.util.test.junit.AutoTests" name="[112] /home/travis/build/icyphy/ptII/ptolemy/domains/continuous/test/auto/PoissonClock2.xml (RunModel)" time="0.013" />
  <testcase classname="ptolemy.util.test.junit.AutoTests" name="[113] /home/travis/build/icyphy/ptII/ptolemy/domains/continuous/test/auto/PortParameterHierarchy.xml (RunModel)" time="0.027" />
  <testcase classname="ptolemy.util.test.junit.AutoTests" name="[114] /home/travis/build/icyphy/ptII/ptolemy/domains/continuous/test/auto/RandomHybridPlant.xml (RunModel)" time="0.553" />
  <testcase classname="ptolemy.util.test.junit.AutoTests" name="[115] /home/travis/build/icyphy/ptII/ptolemy/domains/continuous/test/auto/ResetTransitionWithStartTime1.xml (RunModel)" time="0.036" />
  <testcase classname="ptolemy.util.test.junit.AutoTests" name="[116] /home/travis/build/icyphy/ptII/ptolemy/domains/continuous/test/auto/ResetTransitionWithStartTime2.xml (RunModel)" time="0.037" />
  <testcase classname="ptolemy.util.test.junit.AutoTests" name="[117] /home/travis/build/icyphy/ptII/ptolemy/domains/continuous/test/auto/ResetTransitionWithStartTime3.xml (RunModel)" time="0.039" />
  <testcase classname="ptolemy.util.test.junit.AutoTests" name="[118] /home/travis/build/icyphy/ptII/ptolemy/domains/continuous/test/auto/ResetTransitionWithStartTime4.xml (RunModel)" time="0.027" />
  <testcase classname="ptolemy.util.test.junit.AutoTests" name="[119] /home/travis/build/icyphy/ptII/ptolemy/domains/continuous/test/auto/ResetTransitionWithStartTime5.xml (RunModel)" time="0.036" />
  <testcase classname="ptolemy.util.test.junit.AutoTests" name="[120] /home/travis/build/icyphy/ptII/ptolemy/domains/continuous/test/auto/ResetTransitionWithStartTime6.xml (RunModel)" time="0.025" />
  <testcase classname="ptolemy.util.test.junit.AutoTests" name="[121] /home/travis/build/icyphy/ptII/ptolemy/domains/continuous/test/auto/SRinContinuous.xml (RunModel)" time="0.023" />
  <testcase classname="ptolemy.util.test.junit.AutoTests" name="[122] /home/travis/build/icyphy/ptII/ptolemy/domains/continuous/test/auto/SampledClocks.xml (RunModel)" time="0.034" />
  <testcase classname="ptolemy.util.test.junit.AutoTests" name="[123] /home/travis/build/icyphy/ptII/ptolemy/domains/continuous/test/auto/Satellite.xml (RunModel)" time="0.693" />
  <testcase classname="ptolemy.util.test.junit.AutoTests" name="[124] /home/travis/build/icyphy/ptII/ptolemy/domains/continuous/test/auto/SigmaDelta.xml (RunModel)" time="1.875" />
  <testcase classname="ptolemy.util.test.junit.AutoTests" name="[125] /home/travis/build/icyphy/ptII/ptolemy/domains/continuous/test/auto/SingleRefinement.xml (RunModel)" time="0.393" />
  <testcase classname="ptolemy.util.test.junit.AutoTests" name="[126] /home/travis/build/icyphy/ptII/ptolemy/domains/continuous/test/auto/SinuBouncingBall.xml (RunModel)" time="0.813" />
  <testcase classname="ptolemy.util.test.junit.AutoTests" name="[127] /home/travis/build/icyphy/ptII/ptolemy/domains/continuous/test/auto/Sinusoid.xml (RunModel)" time="0.015" />
  <testcase classname="ptolemy.util.test.junit.AutoTests" name="[128] /home/travis/build/icyphy/ptII/ptolemy/domains/continuous/test/auto/SinusoidInNoise.xml (RunModel)" time="0.837" />
  <testcase classname="ptolemy.util.test.junit.AutoTests" name="[129] /home/travis/build/icyphy/ptII/ptolemy/domains/continuous/test/auto/SinusoidRK45.xml (RunModel)" time="0.012" />
  <testcase classname="ptolemy.util.test.junit.AutoTests" name="[130] /home/travis/build/icyphy/ptII/ptolemy/domains/continuous/test/auto/SinusoidWithMultipleImpulses.xml (RunModel)" time="0.01" />
  <testcase classname="ptolemy.util.test.junit.AutoTests" name="[131] /home/travis/build/icyphy/ptII/ptolemy/domains/continuous/test/auto/SquareWave.xml (RunModel)" time="0.156" />
  <testcase classname="ptolemy.util.test.junit.AutoTests" name="[132] /home/travis/build/icyphy/ptII/ptolemy/domains/continuous/test/auto/Starmac.xml (RunModel)" time="3.351" />
  <testcase classname="ptolemy.util.test.junit.AutoTests" name="[133] /home/travis/build/icyphy/ptII/ptolemy/domains/continuous/test/auto/StaticUnits.xml (RunModel)" time="2.412" />
  <testcase classname="ptolemy.util.test.junit.AutoTests" name="[134] /home/travis/build/icyphy/ptII/ptolemy/domains/continuous/test/auto/StickyMasses.xml (RunModel)" time="0.202" />
  <testcase classname="ptolemy.util.test.junit.AutoTests" name="[135] /home/travis/build/icyphy/ptII/ptolemy/domains/continuous/test/auto/StopTime.xml (RunModel)" time="0.073" />
  <testcase classname="ptolemy.util.test.junit.AutoTests" name="[136] /home/travis/build/icyphy/ptII/ptolemy/domains/continuous/test/auto/StopTime2.xml (RunModel)" time="0.06" />
  <testcase classname="ptolemy.util.test.junit.AutoTests" name="[137] /home/travis/build/icyphy/ptII/ptolemy/domains/continuous/test/auto/Switch.xml (RunModel)" time="0.074" />
  <testcase classname="ptolemy.util.test.junit.AutoTests" name="[138] /home/travis/build/icyphy/ptII/ptolemy/domains/continuous/test/auto/Thermostat.xml (RunModel)" time="0.236" />
  <testcase classname="ptolemy.util.test.junit.AutoTests" name="[139] /home/travis/build/icyphy/ptII/ptolemy/domains/continuous/test/auto/TimeDelay.xml (RunModel)" time="0.017" />
  <testcase classname="ptolemy.util.test.junit.AutoTests" name="[140] /home/travis/build/icyphy/ptII/ptolemy/domains/continuous/test/auto/TimeDelay2.xml (RunModel)" time="0.023" />
  <testcase classname="ptolemy.util.test.junit.AutoTests" name="[141] /home/travis/build/icyphy/ptII/ptolemy/domains/continuous/test/auto/TimeDelay3.xml (RunModel)" time="0.026" />
  <testcase classname="ptolemy.util.test.junit.AutoTests" name="[142] /home/travis/build/icyphy/ptII/ptolemy/domains/continuous/test/auto/TransferAbsentToInside.xml (RunModel)" time="0.115" />
  <testcase classname="ptolemy.util.test.junit.AutoTests" name="[143] /home/travis/build/icyphy/ptII/ptolemy/domains/continuous/test/auto/Transmission.xml (RunModel)" time="0.855" />
  <testcase classname="ptolemy.util.test.junit.AutoTests" name="[144] /home/travis/build/icyphy/ptII/ptolemy/domains/continuous/test/auto/TriggeredContinuousClock.xml (RunModel)" time="0.068" />
  <testcase classname="ptolemy.util.test.junit.AutoTests" name="[145] /home/travis/build/icyphy/ptII/ptolemy/domains/continuous/test/auto/TwoMachineInfiniteBusControl.xml (RunModel)" time="2.443" />
  <testcase classname="ptolemy.util.test.junit.AutoTests" name="[146] /home/travis/build/icyphy/ptII/ptolemy/domains/continuous/test/auto/V2V.xml (RunModel)" time="0.844" />
  <testcase classname="ptolemy.util.test.junit.AutoTests" name="[147] /home/travis/build/icyphy/ptII/ptolemy/domains/continuous/test/auto/hierarchicalModalModel.xml (RunModel)" time="0.034" />
  <testcase classname="ptolemy.util.test.junit.AutoTests" name="[148] /home/travis/build/icyphy/ptII/ptolemy/domains/continuous/test/auto/hierarchicalModalModel1.xml (RunModel)" time="0.04" />
  <testcase classname="ptolemy.util.test.junit.AutoTests" name="[149] /home/travis/build/icyphy/ptII/ptolemy/domains/continuous/test/auto/hierarchicalModalModel2.xml (RunModel)" time="0.023" />
  <testcase classname="ptolemy.util.test.junit.AutoTests" name="[150] /home/travis/build/icyphy/ptII/ptolemy/domains/continuous/test/auto/hierarchicalModalModel3.xml (RunModel)" time="0.031" />
  <testcase classname="ptolemy.util.test.junit.AutoTests" name="[151] /home/travis/build/icyphy/ptII/ptolemy/domains/continuous/test/auto/hierarchicalModalModel4.xml (RunModel)" time="0.032" />
  <testcase classname="ptolemy.util.test.junit.AutoTests" name="[152] /home/travis/build/icyphy/ptII/ptolemy/domains/continuous/test/auto/junk.xml (RunModel)" time="0.155" />
  <system-out><![CDATA[No tcl tests in /home/travis/build/icyphy/ptII/ptolemy/domains/continuous/test
No auto/knownFailedTests/*.xml tests in /home/travis/build/icyphy/ptII/ptolemy/domains/continuous/test
No auto/linux-amd64/*.xml tests in /home/travis/build/icyphy/ptII/ptolemy/domains/continuous/test
AutoTests.java: About to close Vertx.
AutoTests.java: Vertx closed.

===========================================================================================
----------------- testing Sat Dec 07 06:19:55 UTC 2019 /home/travis/build/icyphy/ptII/ptolemy/domains/continuous/test/auto/BouncingBall.xml
----------------- Instantiating /home/travis/build/icyphy/ptII/ptolemy/domains/continuous/test/auto/BouncingBall.xml
2358 ms. Memory: 160768K Free: 82772K (51%)
----------------- Invoking toplevel() on ptolemy.moml.MoMLSimpleApplication@def6e1a
----------------- Done invoking toplevel() on ptolemy.moml.MoMLSimpleApplication@def6e1a
reloadAllAccessors: .BouncingBall

===========================================================================================
----------------- testing Sat Dec 07 06:19:58 UTC 2019 /home/travis/build/icyphy/ptII/ptolemy/domains/continuous/test/auto/BouncingBallWithoutGR.xml
----------------- Instantiating /home/travis/build/icyphy/ptII/ptolemy/domains/continuous/test/auto/BouncingBallWithoutGR.xml
673 ms. Memory: 160768K Free: 88747K (55%)
----------------- Invoking toplevel() on ptolemy.moml.MoMLSimpleApplication@5d8b554b
----------------- Done invoking toplevel() on ptolemy.moml.MoMLSimpleApplication@5d8b554b
reloadAllAccessors: .BouncingBallWithoutGR

===========================================================================================
----------------- testing Sat Dec 07 06:19:59 UTC 2019 /home/travis/build/icyphy/ptII/ptolemy/domains/continuous/test/auto/Brownian.xml
----------------- Instantiating /home/travis/build/icyphy/ptII/ptolemy/domains/continuous/test/auto/Brownian.xml
20 ms. Memory: 160768K Free: 80041K (50%)
----------------- Invoking toplevel() on ptolemy.moml.MoMLSimpleApplication@190e4553
----------------- Done invoking toplevel() on ptolemy.moml.MoMLSimpleApplication@190e4553
reloadAllAccessors: .Brownian

===========================================================================================
----------------- testing Sat Dec 07 06:19:59 UTC 2019 /home/travis/build/icyphy/ptII/ptolemy/domains/continuous/test/auto/CarTracking.xml
----------------- Instantiating /home/travis/build/icyphy/ptII/ptolemy/domains/continuous/test/auto/CarTracking.xml
3476 ms. Memory: 236544K Free: 152808K (65%)
----------------- Invoking toplevel() on ptolemy.moml.MoMLSimpleApplication@179307d
----------------- Done invoking toplevel() on ptolemy.moml.MoMLSimpleApplication@179307d
reloadAllAccessors: .CarTracking

===========================================================================================
----------------- testing Sat Dec 07 06:20:02 UTC 2019 /home/travis/build/icyphy/ptII/ptolemy/domains/continuous/test/auto/CartPendulum.xml
----------------- Instantiating /home/travis/build/icyphy/ptII/ptolemy/domains/continuous/test/auto/CartPendulum.xml
415 ms. Memory: 236544K Free: 196359K (83%)
----------------- Invoking toplevel() on ptolemy.moml.MoMLSimpleApplication@27c7d425
----------------- Done invoking toplevel() on ptolemy.moml.MoMLSimpleApplication@27c7d425
reloadAllAccessors: .CartPendulum

===========================================================================================
----------------- testing Sat Dec 07 06:20:03 UTC 2019 /home/travis/build/icyphy/ptII/ptolemy/domains/continuous/test/auto/CausalityInterface10.xml
----------------- Instantiating /home/travis/build/icyphy/ptII/ptolemy/domains/continuous/test/auto/CausalityInterface10.xml
11 ms. Memory: 236544K Free: 185624K (78%)
----------------- Invoking toplevel() on ptolemy.moml.MoMLSimpleApplication@71197aa3
----------------- Done invoking toplevel() on ptolemy.moml.MoMLSimpleApplication@71197aa3
reloadAllAccessors: .CausalityInterface10

===========================================================================================
----------------- testing Sat Dec 07 06:20:03 UTC 2019 /home/travis/build/icyphy/ptII/ptolemy/domains/continuous/test/auto/CausalityInterface11.xml
----------------- Instantiating /home/travis/build/icyphy/ptII/ptolemy/domains/continuous/test/auto/CausalityInterface11.xml
9 ms. Memory: 236544K Free: 179480K (76%)
----------------- Invoking toplevel() on ptolemy.moml.MoMLSimpleApplication@491bb1b4
----------------- Done invoking toplevel() on ptolemy.moml.MoMLSimpleApplication@491bb1b4
reloadAllAccessors: .CausalityInterface11

===========================================================================================
----------------- testing Sat Dec 07 06:20:03 UTC 2019 /home/travis/build/icyphy/ptII/ptolemy/domains/continuous/test/auto/CausalityInterface12.xml
----------------- Instantiating /home/travis/build/icyphy/ptII/ptolemy/domains/continuous/test/auto/CausalityInterface12.xml
10 ms. Memory: 236544K Free: 173336K (73%)
----------------- Invoking toplevel() on ptolemy.moml.MoMLSimpleApplication@485bb225
----------------- Done invoking toplevel() on ptolemy.moml.MoMLSimpleApplication@485bb225
reloadAllAccessors: .CausalityInterface12

===========================================================================================
----------------- testing Sat Dec 07 06:20:03 UTC 2019 /home/travis/build/icyphy/ptII/ptolemy/domains/continuous/test/auto/CausalityInterface13.xml
----------------- Instantiating /home/travis/build/icyphy/ptII/ptolemy/domains/continuous/test/auto/CausalityInterface13.xml
7 ms. Memory: 236544K Free: 167192K (71%)
----------------- Invoking toplevel() on ptolemy.moml.MoMLSimpleApplication@45c8119e
----------------- Done invoking toplevel() on ptolemy.moml.MoMLSimpleApplication@45c8119e
reloadAllAccessors: .CausalityInterface13

===========================================================================================
----------------- testing Sat Dec 07 06:20:03 UTC 2019 /home/travis/build/icyphy/ptII/ptolemy/domains/continuous/test/auto/CausalityInterface14.xml
----------------- Instantiating /home/travis/build/icyphy/ptII/ptolemy/domains/continuous/test/auto/CausalityInterface14.xml
4 ms. Memory: 236544K Free: 161543K (68%)
----------------- Invoking toplevel() on ptolemy.moml.MoMLSimpleApplication@775097b9
----------------- Done invoking toplevel() on ptolemy.moml.MoMLSimpleApplication@775097b9
reloadAllAccessors: .CausalityInterface14

===========================================================================================
----------------- testing Sat Dec 07 06:20:03 UTC 2019 /home/travis/build/icyphy/ptII/ptolemy/domains/continuous/test/auto/CausalityInterface4.xml
----------------- Instantiating /home/travis/build/icyphy/ptII/ptolemy/domains/continuous/test/auto/CausalityInterface4.xml
4 ms. Memory: 236544K Free: 154375K (65%)
----------------- Invoking toplevel() on ptolemy.moml.MoMLSimpleApplication@3305265b
----------------- Done invoking toplevel() on ptolemy.moml.MoMLSimpleApplication@3305265b
reloadAllAccessors: .CausalityInterface4

===========================================================================================
----------------- testing Sat Dec 07 06:20:04 UTC 2019 /home/travis/build/icyphy/ptII/ptolemy/domains/continuous/test/auto/CausalityInterface5.xml
----------------- Instantiating /home/travis/build/icyphy/ptII/ptolemy/domains/continuous/test/auto/CausalityInterface5.xml
4 ms. Memory: 236544K Free: 146198K (62%)
----------------- Invoking toplevel() on ptolemy.moml.MoMLSimpleApplication@2612bd21
----------------- Done invoking toplevel() on ptolemy.moml.MoMLSimpleApplication@2612bd21
reloadAllAccessors: .CausalityInterface5

===========================================================================================
----------------- testing Sat Dec 07 06:20:04 UTC 2019 /home/travis/build/icyphy/ptII/ptolemy/domains/continuous/test/auto/CausalityInterface6.xml
----------------- Instantiating /home/travis/build/icyphy/ptII/ptolemy/domains/continuous/test/auto/CausalityInterface6.xml
4 ms. Memory: 236544K Free: 141063K (60%)
----------------- Invoking toplevel() on ptolemy.moml.MoMLSimpleApplication@256a7296
----------------- Done invoking toplevel() on ptolemy.moml.MoMLSimpleApplication@256a7296
reloadAllAccessors: .CausalityInterface6

===========================================================================================
----------------- testing Sat Dec 07 06:20:04 UTC 2019 /home/travis/build/icyphy/ptII/ptolemy/domains/continuous/test/auto/CausalityInterface7.xml
----------------- Instantiating /home/travis/build/icyphy/ptII/ptolemy/domains/continuous/test/auto/CausalityInterface7.xml
13 ms. Memory: 236544K Free: 132376K (56%)
----------------- Invoking toplevel() on ptolemy.moml.MoMLSimpleApplication@53e5f47a
----------------- Done invoking toplevel() on ptolemy.moml.MoMLSimpleApplication@53e5f47a
reloadAllAccessors: .CausalityInterface7

===========================================================================================
----------------- testing Sat Dec 07 06:20:04 UTC 2019 /home/travis/build/icyphy/ptII/ptolemy/domains/continuous/test/auto/CausalityInterface8.xml
----------------- Instantiating /home/travis/build/icyphy/ptII/ptolemy/domains/continuous/test/auto/CausalityInterface8.xml
6 ms. Memory: 236544K Free: 123160K (52%)
----------------- Invoking toplevel() on ptolemy.moml.MoMLSimpleApplication@63c7b270
----------------- Done invoking toplevel() on ptolemy.moml.MoMLSimpleApplication@63c7b270
reloadAllAccessors: .CausalityInterface8

===========================================================================================
----------------- testing Sat Dec 07 06:20:04 UTC 2019 /home/travis/build/icyphy/ptII/ptolemy/domains/continuous/test/auto/CausalityInterface9.xml
----------------- Instantiating /home/travis/build/icyphy/ptII/ptolemy/domains/continuous/test/auto/CausalityInterface9.xml
11 ms. Memory: 236544K Free: 112406K (48%)
----------------- Invoking toplevel() on ptolemy.moml.MoMLSimpleApplication@635a7de6
----------------- Done invoking toplevel() on ptolemy.moml.MoMLSimpleApplication@635a7de6
reloadAllAccessors: .CausalityInterface9

===========================================================================================
----------------- testing Sat Dec 07 06:20:04 UTC 2019 /home/travis/build/icyphy/ptII/ptolemy/domains/continuous/test/auto/CausalityInterfaceFeedback1.xml
----------------- Instantiating /home/travis/build/icyphy/ptII/ptolemy/domains/continuous/test/auto/CausalityInterfaceFeedback1.xml
3 ms. Memory: 236544K Free: 105752K (45%)
----------------- Invoking toplevel() on ptolemy.moml.MoMLSimpleApplication@5e6e0b67
----------------- Done invoking toplevel() on ptolemy.moml.MoMLSimpleApplication@5e6e0b67
reloadAllAccessors: .CausalityInterfaceFeedback1

===========================================================================================
----------------- testing Sat Dec 07 06:20:04 UTC 2019 /home/travis/build/icyphy/ptII/ptolemy/domains/continuous/test/auto/CausalityInterfaceFeedback2.xml
----------------- Instantiating /home/travis/build/icyphy/ptII/ptolemy/domains/continuous/test/auto/CausalityInterfaceFeedback2.xml
3 ms. Memory: 236544K Free: 99079K (42%)
----------------- Invoking toplevel() on ptolemy.moml.MoMLSimpleApplication@20de81e7
----------------- Done invoking toplevel() on ptolemy.moml.MoMLSimpleApplication@20de81e7
reloadAllAccessors: .CausalityInterfaceFeedback2

===========================================================================================
----------------- testing Sat Dec 07 06:20:04 UTC 2019 /home/travis/build/icyphy/ptII/ptolemy/domains/continuous/test/auto/CompareWithCurrentTime.xml
----------------- Instantiating /home/travis/build/icyphy/ptII/ptolemy/domains/continuous/test/auto/CompareWithCurrentTime.xml
7 ms. Memory: 236544K Free: 94998K (40%)
----------------- Invoking toplevel() on ptolemy.moml.MoMLSimpleApplication@4eb5ade9
----------------- Done invoking toplevel() on ptolemy.moml.MoMLSimpleApplication@4eb5ade9
reloadAllAccessors: .CompareWithCurrentTime

===========================================================================================
----------------- testing Sat Dec 07 06:20:04 UTC 2019 /home/travis/build/icyphy/ptII/ptolemy/domains/continuous/test/auto/ComparedClocks.xml
----------------- Instantiating /home/travis/build/icyphy/ptII/ptolemy/domains/continuous/test/auto/ComparedClocks.xml
6 ms. Memory: 236544K Free: 219108K (93%)
----------------- Invoking toplevel() on ptolemy.moml.MoMLSimpleApplication@7c58c4c0
----------------- Done invoking toplevel() on ptolemy.moml.MoMLSimpleApplication@7c58c4c0
reloadAllAccessors: .ComparedClocks

===========================================================================================
----------------- testing Sat Dec 07 06:20:04 UTC 2019 /home/travis/build/icyphy/ptII/ptolemy/domains/continuous/test/auto/ContinuousAOCClone.xml
----------------- Instantiating /home/travis/build/icyphy/ptII/ptolemy/domains/continuous/test/auto/ContinuousAOCClone.xml
2536 ms. Memory: 284672K Free: 170373K (60%)
----------------- Invoking toplevel() on ptolemy.moml.MoMLSimpleApplication@367e2e35
----------------- Done invoking toplevel() on ptolemy.moml.MoMLSimpleApplication@367e2e35
reloadAllAccessors: .ContinuousAOCClone

===========================================================================================
----------------- testing Sat Dec 07 06:20:07 UTC 2019 /home/travis/build/icyphy/ptII/ptolemy/domains/continuous/test/auto/ContinuousClock.xml
----------------- Instantiating /home/travis/build/icyphy/ptII/ptolemy/domains/continuous/test/auto/ContinuousClock.xml
32 ms. Memory: 284672K Free: 148373K (52%)
----------------- Invoking toplevel() on ptolemy.moml.MoMLSimpleApplication@6e566e19
----------------- Done invoking toplevel() on ptolemy.moml.MoMLSimpleApplication@6e566e19
reloadAllAccessors: .ContinuousClock

===========================================================================================
----------------- testing Sat Dec 07 06:20:07 UTC 2019 /home/travis/build/icyphy/ptII/ptolemy/domains/continuous/test/auto/ContinuousInContinuous.xml
----------------- Instantiating /home/travis/build/icyphy/ptII/ptolemy/domains/continuous/test/auto/ContinuousInContinuous.xml
48 ms. Memory: 284672K Free: 124821K (44%)
----------------- Invoking toplevel() on ptolemy.moml.MoMLSimpleApplication@416de0f6
----------------- Done invoking toplevel() on ptolemy.moml.MoMLSimpleApplication@416de0f6
reloadAllAccessors: .ContinuousInContinuous

===========================================================================================
----------------- testing Sat Dec 07 06:20:07 UTC 2019 /home/travis/build/icyphy/ptII/ptolemy/domains/continuous/test/auto/ContinuousInContinuousInContinuous.xml
----------------- Instantiating /home/travis/build/icyphy/ptII/ptolemy/domains/continuous/test/auto/ContinuousInContinuousInContinuous.xml
5 ms. Memory: 284672K Free: 117139K (41%)
----------------- Invoking toplevel() on ptolemy.moml.MoMLSimpleApplication@276afe87
----------------- Done invoking toplevel() on ptolemy.moml.MoMLSimpleApplication@276afe87
reloadAllAccessors: .ContinuousInContinuousInContinuous

===========================================================================================
----------------- testing Sat Dec 07 06:20:07 UTC 2019 /home/travis/build/icyphy/ptII/ptolemy/domains/continuous/test/auto/ContinuousInDE.xml
----------------- Instantiating /home/travis/build/icyphy/ptII/ptolemy/domains/continuous/test/auto/ContinuousInDE.xml
70 ms. Memory: 284672K Free: 106389K (37%)
----------------- Invoking toplevel() on ptolemy.moml.MoMLSimpleApplication@4d976ec0
----------------- Done invoking toplevel() on ptolemy.moml.MoMLSimpleApplication@4d976ec0
reloadAllAccessors: .ContinuousInDE

===========================================================================================
----------------- testing Sat Dec 07 06:20:07 UTC 2019 /home/travis/build/icyphy/ptII/ptolemy/domains/continuous/test/auto/ContinuousInDE2.xml
----------------- Instantiating /home/travis/build/icyphy/ptII/ptolemy/domains/continuous/test/auto/ContinuousInDE2.xml
34 ms. Memory: 284672K Free: 265095K (93%)
----------------- Invoking toplevel() on ptolemy.moml.MoMLSimpleApplication@1f477f31
----------------- Done invoking toplevel() on ptolemy.moml.MoMLSimpleApplication@1f477f31
reloadAllAccessors: .ContinuousInDE2

===========================================================================================
----------------- testing Sat Dec 07 06:20:07 UTC 2019 /home/travis/build/icyphy/ptII/ptolemy/domains/continuous/test/auto/ContinuousInDE3.xml
----------------- Instantiating /home/travis/build/icyphy/ptII/ptolemy/domains/continuous/test/auto/ContinuousInDE3.xml
27 ms. Memory: 284672K Free: 254855K (90%)
----------------- Invoking toplevel() on ptolemy.moml.MoMLSimpleApplication@3c762abf
----------------- Done invoking toplevel() on ptolemy.moml.MoMLSimpleApplication@3c762abf
reloadAllAccessors: .ContinuousInDE3

===========================================================================================
----------------- testing Sat Dec 07 06:20:07 UTC 2019 /home/travis/build/icyphy/ptII/ptolemy/domains/continuous/test/auto/ContinuousInDE4.xml
----------------- Instantiating /home/travis/build/icyphy/ptII/ptolemy/domains/continuous/test/auto/ContinuousInDE4.xml
10 ms. Memory: 284672K Free: 248711K (87%)
----------------- Invoking toplevel() on ptolemy.moml.MoMLSimpleApplication@1f55f5e
----------------- Done invoking toplevel() on ptolemy.moml.MoMLSimpleApplication@1f55f5e
reloadAllAccessors: .ContinuousInDE4

===========================================================================================
----------------- testing Sat Dec 07 06:20:07 UTC 2019 /home/travis/build/icyphy/ptII/ptolemy/domains/continuous/test/auto/ContinuousInDEDifferentRefinements.xml
----------------- Instantiating /home/travis/build/icyphy/ptII/ptolemy/domains/continuous/test/auto/ContinuousInDEDifferentRefinements.xml
40 ms. Memory: 284672K Free: 217481K (76%)
----------------- Invoking toplevel() on ptolemy.moml.MoMLSimpleApplication@4e6ca86c
----------------- Done invoking toplevel() on ptolemy.moml.MoMLSimpleApplication@4e6ca86c
reloadAllAccessors: .ContinuousInDEDifferentRefinements

===========================================================================================
----------------- testing Sat Dec 07 06:20:07 UTC 2019 /home/travis/build/icyphy/ptII/ptolemy/domains/continuous/test/auto/ContinuousInDEDifferentRefinementsPreemptive.xml
----------------- Instantiating /home/travis/build/icyphy/ptII/ptolemy/domains/continuous/test/auto/ContinuousInDEDifferentRefinementsPreemptive.xml
36 ms. Memory: 284672K Free: 186761K (66%)
----------------- Invoking toplevel() on ptolemy.moml.MoMLSimpleApplication@6f81af4b
----------------- Done invoking toplevel() on ptolemy.moml.MoMLSimpleApplication@6f81af4b
reloadAllAccessors: .ContinuousInDEDifferentRefinementsPreemptive

===========================================================================================
----------------- testing Sat Dec 07 06:20:07 UTC 2019 /home/travis/build/icyphy/ptII/ptolemy/domains/continuous/test/auto/ContinuousInDEInContinuous2.xml
----------------- Instantiating /home/travis/build/icyphy/ptII/ptolemy/domains/continuous/test/auto/ContinuousInDEInContinuous2.xml
30 ms. Memory: 284672K Free: 175497K (62%)
----------------- Invoking toplevel() on ptolemy.moml.MoMLSimpleApplication@10fc10e3
----------------- Done invoking toplevel() on ptolemy.moml.MoMLSimpleApplication@10fc10e3
reloadAllAccessors: .ContinuousInDEInContinuous2

===========================================================================================
----------------- testing Sat Dec 07 06:20:07 UTC 2019 /home/travis/build/icyphy/ptII/ptolemy/domains/continuous/test/auto/ContinuousInDEInContinuous3.xml
----------------- Instantiating /home/travis/build/icyphy/ptII/ptolemy/domains/continuous/test/auto/ContinuousInDEInContinuous3.xml
31 ms. Memory: 284672K Free: 163719K (58%)
----------------- Invoking toplevel() on ptolemy.moml.MoMLSimpleApplication@24bf0eca
----------------- Done invoking toplevel() on ptolemy.moml.MoMLSimpleApplication@24bf0eca
reloadAllAccessors: .ContinuousInDEInContinuous3

===========================================================================================
----------------- testing Sat Dec 07 06:20:07 UTC 2019 /home/travis/build/icyphy/ptII/ptolemy/domains/continuous/test/auto/ContinuousInDEInput.xml
----------------- Instantiating /home/travis/build/icyphy/ptII/ptolemy/domains/continuous/test/auto/ContinuousInDEInput.xml
13 ms. Memory: 284672K Free: 156551K (55%)
----------------- Invoking toplevel() on ptolemy.moml.MoMLSimpleApplication@59981344
----------------- Done invoking toplevel() on ptolemy.moml.MoMLSimpleApplication@59981344
reloadAllAccessors: .ContinuousInDEInput

===========================================================================================
----------------- testing Sat Dec 07 06:20:07 UTC 2019 /home/travis/build/icyphy/ptII/ptolemy/domains/continuous/test/auto/ContinuousInDEInput2.xml
----------------- Instantiating /home/travis/build/icyphy/ptII/ptolemy/domains/continuous/test/auto/ContinuousInDEInput2.xml
11 ms. Memory: 284672K Free: 149383K (52%)
----------------- Invoking toplevel() on ptolemy.moml.MoMLSimpleApplication@333d6762
----------------- Done invoking toplevel() on ptolemy.moml.MoMLSimpleApplication@333d6762
reloadAllAccessors: .ContinuousInDEInput2

===========================================================================================
----------------- testing Sat Dec 07 06:20:07 UTC 2019 /home/travis/build/icyphy/ptII/ptolemy/domains/continuous/test/auto/ContinuousInDEInput3.xml
----------------- Instantiating /home/travis/build/icyphy/ptII/ptolemy/domains/continuous/test/auto/ContinuousInDEInput3.xml
10 ms. Memory: 284672K Free: 142215K (50%)
----------------- Invoking toplevel() on ptolemy.moml.MoMLSimpleApplication@6dbb19ed
----------------- Done invoking toplevel() on ptolemy.moml.MoMLSimpleApplication@6dbb19ed
reloadAllAccessors: .ContinuousInDEInput3

===========================================================================================
----------------- testing Sat Dec 07 06:20:07 UTC 2019 /home/travis/build/icyphy/ptII/ptolemy/domains/continuous/test/auto/ContinuousInDESharingRefinement.xml
----------------- Instantiating /home/travis/build/icyphy/ptII/ptolemy/domains/continuous/test/auto/ContinuousInDESharingRefinement.xml
160 ms. Memory: 284672K Free: 216522K (76%)
----------------- Invoking toplevel() on ptolemy.moml.MoMLSimpleApplication@43528d9b
----------------- Done invoking toplevel() on ptolemy.moml.MoMLSimpleApplication@43528d9b
reloadAllAccessors: .ContinuousInDESharingRefinement

===========================================================================================
----------------- testing Sat Dec 07 06:20:08 UTC 2019 /home/travis/build/icyphy/ptII/ptolemy/domains/continuous/test/auto/ContinuousInDEwithNoPorts.xml
----------------- Instantiating /home/travis/build/icyphy/ptII/ptolemy/domains/continuous/test/auto/ContinuousInDEwithNoPorts.xml
2 ms. Memory: 284672K Free: 211882K (74%)
----------------- Invoking toplevel() on ptolemy.moml.MoMLSimpleApplication@561b089f
----------------- Done invoking toplevel() on ptolemy.moml.MoMLSimpleApplication@561b089f
reloadAllAccessors: .ContinuousInDEwithNoPorts

===========================================================================================
----------------- testing Sat Dec 07 06:20:08 UTC 2019 /home/travis/build/icyphy/ptII/ptolemy/domains/continuous/test/auto/ContinuousInsideDE.xml
----------------- Instantiating /home/travis/build/icyphy/ptII/ptolemy/domains/continuous/test/auto/ContinuousInsideDE.xml
39 ms. Memory: 284672K Free: 200138K (70%)
----------------- Invoking toplevel() on ptolemy.moml.MoMLSimpleApplication@5befcd6a
----------------- Done invoking toplevel() on ptolemy.moml.MoMLSimpleApplication@5befcd6a
reloadAllAccessors: .ContinuousInsideDE

===========================================================================================
----------------- testing Sat Dec 07 06:20:08 UTC 2019 /home/travis/build/icyphy/ptII/ptolemy/domains/continuous/test/auto/ContinuousMerge1.xml
----------------- Instantiating /home/travis/build/icyphy/ptII/ptolemy/domains/continuous/test/auto/ContinuousMerge1.xml
3 ms. Memory: 284672K Free: 196042K (69%)
----------------- Invoking toplevel() on ptolemy.moml.MoMLSimpleApplication@4018755e
----------------- Done invoking toplevel() on ptolemy.moml.MoMLSimpleApplication@4018755e
reloadAllAccessors: .ContinuousMerge1

===========================================================================================
----------------- testing Sat Dec 07 06:20:08 UTC 2019 /home/travis/build/icyphy/ptII/ptolemy/domains/continuous/test/auto/ContinuousMerge2.xml
----------------- Instantiating /home/travis/build/icyphy/ptII/ptolemy/domains/continuous/test/auto/ContinuousMerge2.xml
16 ms. Memory: 284672K Free: 185802K (65%)
----------------- Invoking toplevel() on ptolemy.moml.MoMLSimpleApplication@242c4400
----------------- Done invoking toplevel() on ptolemy.moml.MoMLSimpleApplication@242c4400
reloadAllAccessors: .ContinuousMerge2

===========================================================================================
----------------- testing Sat Dec 07 06:20:08 UTC 2019 /home/travis/build/icyphy/ptII/ptolemy/domains/continuous/test/auto/ContinuousMerge3.xml
----------------- Instantiating /home/travis/build/icyphy/ptII/ptolemy/domains/continuous/test/auto/ContinuousMerge3.xml
47 ms. Memory: 284672K Free: 175048K (61%)
----------------- Invoking toplevel() on ptolemy.moml.MoMLSimpleApplication@1278d312
----------------- Done invoking toplevel() on ptolemy.moml.MoMLSimpleApplication@1278d312
reloadAllAccessors: .ContinuousMerge3

===========================================================================================
----------------- testing Sat Dec 07 06:20:08 UTC 2019 /home/travis/build/icyphy/ptII/ptolemy/domains/continuous/test/auto/ContinuousWithinContinuous.xml
----------------- Instantiating /home/travis/build/icyphy/ptII/ptolemy/domains/continuous/test/auto/ContinuousWithinContinuous.xml
36 ms. Memory: 284672K Free: 165832K (58%)
----------------- Invoking toplevel() on ptolemy.moml.MoMLSimpleApplication@498b42a
----------------- Done invoking toplevel() on ptolemy.moml.MoMLSimpleApplication@498b42a
reloadAllAccessors: .ContinuousWithinContinuous

===========================================================================================
----------------- testing Sat Dec 07 06:20:08 UTC 2019 /home/travis/build/icyphy/ptII/ptolemy/domains/continuous/test/auto/ContinuousWithinContinuous2.xml
----------------- Instantiating /home/travis/build/icyphy/ptII/ptolemy/domains/continuous/test/auto/ContinuousWithinContinuous2.xml
56 ms. Memory: 284672K Free: 154568K (54%)
----------------- Invoking toplevel() on ptolemy.moml.MoMLSimpleApplication@520aa833
----------------- Done invoking toplevel() on ptolemy.moml.MoMLSimpleApplication@520aa833
reloadAllAccessors: .ContinuousWithinContinuous2

===========================================================================================
----------------- testing Sat Dec 07 06:20:08 UTC 2019 /home/travis/build/icyphy/ptII/ptolemy/domains/continuous/test/auto/ContinuousWithinContinuous3.xml
----------------- Instantiating /home/travis/build/icyphy/ptII/ptolemy/domains/continuous/test/auto/ContinuousWithinContinuous3.xml
10 ms. Memory: 284672K Free: 147400K (52%)
----------------- Invoking toplevel() on ptolemy.moml.MoMLSimpleApplication@1f019418
----------------- Done invoking toplevel() on ptolemy.moml.MoMLSimpleApplication@1f019418
reloadAllAccessors: .ContinuousWithinContinuous3

===========================================================================================
----------------- testing Sat Dec 07 06:20:08 UTC 2019 /home/travis/build/icyphy/ptII/ptolemy/domains/continuous/test/auto/ContinuousWithinContinuous4.xml
----------------- Instantiating /home/travis/build/icyphy/ptII/ptolemy/domains/continuous/test/auto/ContinuousWithinContinuous4.xml
56 ms. Memory: 284672K Free: 135112K (47%)
----------------- Invoking toplevel() on ptolemy.moml.MoMLSimpleApplication@62f7810a
----------------- Done invoking toplevel() on ptolemy.moml.MoMLSimpleApplication@62f7810a
reloadAllAccessors: .ContinuousWithinContinuous4

===========================================================================================
----------------- testing Sat Dec 07 06:20:08 UTC 2019 /home/travis/build/icyphy/ptII/ptolemy/domains/continuous/test/auto/ContinuousWithinContinuous5.xml
----------------- Instantiating /home/travis/build/icyphy/ptII/ptolemy/domains/continuous/test/auto/ContinuousWithinContinuous5.xml
11 ms. Memory: 284672K Free: 127944K (45%)
----------------- Invoking toplevel() on ptolemy.moml.MoMLSimpleApplication@287e6f6e
----------------- Done invoking toplevel() on ptolemy.moml.MoMLSimpleApplication@287e6f6e
reloadAllAccessors: .ContinuousWithinContinuous5

===========================================================================================
----------------- testing Sat Dec 07 06:20:08 UTC 2019 /home/travis/build/icyphy/ptII/ptolemy/domains/continuous/test/auto/ContinuousWithinContinuous6.xml
----------------- Instantiating /home/travis/build/icyphy/ptII/ptolemy/domains/continuous/test/auto/ContinuousWithinContinuous6.xml
15 ms. Memory: 284672K Free: 120776K (42%)
----------------- Invoking toplevel() on ptolemy.moml.MoMLSimpleApplication@11b25bcf
----------------- Done invoking toplevel() on ptolemy.moml.MoMLSimpleApplication@11b25bcf
reloadAllAccessors: .ContinuousWithinContinuous6

===========================================================================================
----------------- testing Sat Dec 07 06:20:08 UTC 2019 /home/travis/build/icyphy/ptII/ptolemy/domains/continuous/test/auto/ContinuousWithinContinuous7.xml
----------------- Instantiating /home/travis/build/icyphy/ptII/ptolemy/domains/continuous/test/auto/ContinuousWithinContinuous7.xml
47 ms. Memory: 284672K Free: 109512K (38%)
----------------- Invoking toplevel() on ptolemy.moml.MoMLSimpleApplication@3678771f
----------------- Done invoking toplevel() on ptolemy.moml.MoMLSimpleApplication@3678771f
reloadAllAccessors: .ContinuousWithinContinuous7

===========================================================================================
----------------- testing Sat Dec 07 06:20:08 UTC 2019 /home/travis/build/icyphy/ptII/ptolemy/domains/continuous/test/auto/DCMotor.xml
----------------- Instantiating /home/travis/build/icyphy/ptII/ptolemy/domains/continuous/test/auto/DCMotor.xml
15155 ms. Memory: 284672K Free: 167994K (59%)
----------------- Invoking toplevel() on ptolemy.moml.MoMLSimpleApplication@61d9f674
----------------- Done invoking toplevel() on ptolemy.moml.MoMLSimpleApplication@61d9f674
reloadAllAccessors: .DCMotor

===========================================================================================
----------------- testing Sat Dec 07 06:20:24 UTC 2019 /home/travis/build/icyphy/ptII/ptolemy/domains/continuous/test/auto/DEInContinuous.xml
----------------- Instantiating /home/travis/build/icyphy/ptII/ptolemy/domains/continuous/test/auto/DEInContinuous.xml
28 ms. Memory: 284672K Free: 161850K (57%)
----------------- Invoking toplevel() on ptolemy.moml.MoMLSimpleApplication@2048b3b9
----------------- Done invoking toplevel() on ptolemy.moml.MoMLSimpleApplication@2048b3b9
reloadAllAccessors: .DEInContinuous

===========================================================================================
----------------- testing Sat Dec 07 06:20:24 UTC 2019 /home/travis/build/icyphy/ptII/ptolemy/domains/continuous/test/auto/DEinContinuous2.xml
----------------- Instantiating /home/travis/build/icyphy/ptII/ptolemy/domains/continuous/test/auto/DEinContinuous2.xml
10 ms. Memory: 284672K Free: 153658K (54%)
----------------- Invoking toplevel() on ptolemy.moml.MoMLSimpleApplication@2bb08172
----------------- Done invoking toplevel() on ptolemy.moml.MoMLSimpleApplication@2bb08172
reloadAllAccessors: .DEinContinuous2

===========================================================================================
----------------- testing Sat Dec 07 06:20:24 UTC 2019 /home/travis/build/icyphy/ptII/ptolemy/domains/continuous/test/auto/Derivative.xml
----------------- Instantiating /home/travis/build/icyphy/ptII/ptolemy/domains/continuous/test/auto/Derivative.xml
188 ms. Memory: 284672K Free: 124986K (44%)
----------------- Invoking toplevel() on ptolemy.moml.MoMLSimpleApplication@116cef4d
----------------- Done invoking toplevel() on ptolemy.moml.MoMLSimpleApplication@116cef4d
reloadAllAccessors: .Derivative2

===========================================================================================
----------------- testing Sat Dec 07 06:20:24 UTC 2019 /home/travis/build/icyphy/ptII/ptolemy/domains/continuous/test/auto/Derivative1.xml
----------------- Instantiating /home/travis/build/icyphy/ptII/ptolemy/domains/continuous/test/auto/Derivative1.xml
19 ms. Memory: 284672K Free: 110650K (39%)
----------------- Invoking toplevel() on ptolemy.moml.MoMLSimpleApplication@57c80560
----------------- Done invoking toplevel() on ptolemy.moml.MoMLSimpleApplication@57c80560
reloadAllAccessors: .Derivative1

===========================================================================================
----------------- testing Sat Dec 07 06:20:24 UTC 2019 /home/travis/build/icyphy/ptII/ptolemy/domains/continuous/test/auto/DiscreteClock.xml
----------------- Instantiating /home/travis/build/icyphy/ptII/ptolemy/domains/continuous/test/auto/DiscreteClock.xml
4 ms. Memory: 284672K Free: 105530K (37%)
----------------- Invoking toplevel() on ptolemy.moml.MoMLSimpleApplication@19f7554a
----------------- Done invoking toplevel() on ptolemy.moml.MoMLSimpleApplication@19f7554a
reloadAllAccessors: .DiscreteClock

===========================================================================================
----------------- testing Sat Dec 07 06:20:24 UTC 2019 /home/travis/build/icyphy/ptII/ptolemy/domains/continuous/test/auto/EfficiencyCurve.xml
----------------- Instantiating /home/travis/build/icyphy/ptII/ptolemy/domains/continuous/test/auto/EfficiencyCurve.xml
45 ms. Memory: 284672K Free: 265355K (93%)
----------------- Invoking toplevel() on ptolemy.moml.MoMLSimpleApplication@7a573813
----------------- Done invoking toplevel() on ptolemy.moml.MoMLSimpleApplication@7a573813
reloadAllAccessors: .EfficiencyCurve

===========================================================================================
----------------- testing Sat Dec 07 06:20:24 UTC 2019 /home/travis/build/icyphy/ptII/ptolemy/domains/continuous/test/auto/ExponentialResponse.xml
----------------- Instantiating /home/travis/build/icyphy/ptII/ptolemy/domains/continuous/test/auto/ExponentialResponse.xml
96 ms. Memory: 284672K Free: 248971K (87%)
----------------- Invoking toplevel() on ptolemy.moml.MoMLSimpleApplication@369a362a
----------------- Done invoking toplevel() on ptolemy.moml.MoMLSimpleApplication@369a362a
reloadAllAccessors: .ExponentialResponse

===========================================================================================
----------------- testing Sat Dec 07 06:20:24 UTC 2019 /home/travis/build/icyphy/ptII/ptolemy/domains/continuous/test/auto/ExponentialResponseRK45.xml
----------------- Instantiating /home/travis/build/icyphy/ptII/ptolemy/domains/continuous/test/auto/ExponentialResponseRK45.xml
21 ms. Memory: 284672K Free: 242317K (85%)
----------------- Invoking toplevel() on ptolemy.moml.MoMLSimpleApplication@6f049690
----------------- Done invoking toplevel() on ptolemy.moml.MoMLSimpleApplication@6f049690
reloadAllAccessors: .ExponentialResponseRK45

===========================================================================================
----------------- testing Sat Dec 07 06:20:24 UTC 2019 /home/travis/build/icyphy/ptII/ptolemy/domains/continuous/test/auto/Friction.xml
----------------- Instantiating /home/travis/build/icyphy/ptII/ptolemy/domains/continuous/test/auto/Friction.xml
1525 ms. Memory: 284672K Free: 151932K (53%)
----------------- Invoking toplevel() on ptolemy.moml.MoMLSimpleApplication@42bbba0
----------------- Done invoking toplevel() on ptolemy.moml.MoMLSimpleApplication@42bbba0
reloadAllAccessors: .Friction

===========================================================================================
----------------- testing Sat Dec 07 06:20:26 UTC 2019 /home/travis/build/icyphy/ptII/ptolemy/domains/continuous/test/auto/FurutaPendulum.xml
----------------- Instantiating /home/travis/build/icyphy/ptII/ptolemy/domains/continuous/test/auto/FurutaPendulum.xml
2947 ms. Memory: 284672K Free: 119262K (42%)
----------------- Invoking toplevel() on ptolemy.moml.MoMLSimpleApplication@3f6055ab
----------------- Done invoking toplevel() on ptolemy.moml.MoMLSimpleApplication@3f6055ab
reloadAllAccessors: .FurutaPendulum

===========================================================================================
----------------- testing Sat Dec 07 06:20:29 UTC 2019 /home/travis/build/icyphy/ptII/ptolemy/domains/continuous/test/auto/HierarchicalExecution.xml
----------------- Instantiating /home/travis/build/icyphy/ptII/ptolemy/domains/continuous/test/auto/HierarchicalExecution.xml
1841 ms. Memory: 284672K Free: 169678K (60%)
----------------- Invoking toplevel() on ptolemy.moml.MoMLSimpleApplication@64ad9ffe
----------------- Done invoking toplevel() on ptolemy.moml.MoMLSimpleApplication@64ad9ffe
reloadAllAccessors: .HierarchicalExecution

===========================================================================================
----------------- testing Sat Dec 07 06:20:31 UTC 2019 /home/travis/build/icyphy/ptII/ptolemy/domains/continuous/test/auto/HybridPlant.xml
----------------- Instantiating /home/travis/build/icyphy/ptII/ptolemy/domains/continuous/test/auto/HybridPlant.xml
527 ms. Memory: 284672K Free: 241529K (85%)
----------------- Invoking toplevel() on ptolemy.moml.MoMLSimpleApplication@7356960f
----------------- Done invoking toplevel() on ptolemy.moml.MoMLSimpleApplication@7356960f
reloadAllAccessors: .HybridPlant

===========================================================================================
----------------- testing Sat Dec 07 06:20:32 UTC 2019 /home/travis/build/icyphy/ptII/ptolemy/domains/continuous/test/auto/Hysteresis.xml
----------------- Instantiating /home/travis/build/icyphy/ptII/ptolemy/domains/continuous/test/auto/Hysteresis.xml
169 ms. Memory: 284672K Free: 179569K (63%)
----------------- Invoking toplevel() on ptolemy.moml.MoMLSimpleApplication@39bd3d42
----------------- Done invoking toplevel() on ptolemy.moml.MoMLSimpleApplication@39bd3d42
reloadAllAccessors: .Hysteresis

===========================================================================================
----------------- testing Sat Dec 07 06:20:32 UTC 2019 /home/travis/build/icyphy/ptII/ptolemy/domains/continuous/test/auto/HysteresisWithRandomDelay.xml
----------------- Instantiating /home/travis/build/icyphy/ptII/ptolemy/domains/continuous/test/auto/HysteresisWithRandomDelay.xml
202 ms. Memory: 284672K Free: 109433K (38%)
----------------- Invoking toplevel() on ptolemy.moml.MoMLSimpleApplication@8f8f1a0
----------------- Done invoking toplevel() on ptolemy.moml.MoMLSimpleApplication@8f8f1a0
reloadAllAccessors: .HysteresisWithRandomDelay

===========================================================================================
----------------- testing Sat Dec 07 06:20:32 UTC 2019 /home/travis/build/icyphy/ptII/ptolemy/domains/continuous/test/auto/HysteresisWithRandomLosses.xml
----------------- Instantiating /home/travis/build/icyphy/ptII/ptolemy/domains/continuous/test/auto/HysteresisWithRandomLosses.xml
2384 ms. Memory: 284672K Free: 224700K (79%)
----------------- Invoking toplevel() on ptolemy.moml.MoMLSimpleApplication@7ffe6f66
----------------- Done invoking toplevel() on ptolemy.moml.MoMLSimpleApplication@7ffe6f66
reloadAllAccessors: .HysteresisWithRandomLosses

===========================================================================================
----------------- testing Sat Dec 07 06:20:35 UTC 2019 /home/travis/build/icyphy/ptII/ptolemy/domains/continuous/test/auto/ImmediateTransitions.xml
----------------- Instantiating /home/travis/build/icyphy/ptII/ptolemy/domains/continuous/test/auto/ImmediateTransitions.xml
9 ms. Memory: 284672K Free: 213932K (75%)
----------------- Invoking toplevel() on ptolemy.moml.MoMLSimpleApplication@60977025
----------------- Done invoking toplevel() on ptolemy.moml.MoMLSimpleApplication@60977025
reloadAllAccessors: .ImmediateTransitions

===========================================================================================
----------------- testing Sat Dec 07 06:20:35 UTC 2019 /home/travis/build/icyphy/ptII/ptolemy/domains/continuous/test/auto/ImpulseFeedback.xml
----------------- Instantiating /home/travis/build/icyphy/ptII/ptolemy/domains/continuous/test/auto/ImpulseFeedback.xml
6 ms. Memory: 284672K Free: 208316K (73%)
----------------- Invoking toplevel() on ptolemy.moml.MoMLSimpleApplication@79f4de5
----------------- Done invoking toplevel() on ptolemy.moml.MoMLSimpleApplication@79f4de5
reloadAllAccessors: .ImpulseFeedback

===========================================================================================
----------------- testing Sat Dec 07 06:20:35 UTC 2019 /home/travis/build/icyphy/ptII/ptolemy/domains/continuous/test/auto/ImpulseFeedback2.xml
----------------- Instantiating /home/travis/build/icyphy/ptII/ptolemy/domains/continuous/test/auto/ImpulseFeedback2.xml
4 ms. Memory: 284672K Free: 202682K (71%)
----------------- Invoking toplevel() on ptolemy.moml.MoMLSimpleApplication@5be8b6ec
----------------- Done invoking toplevel() on ptolemy.moml.MoMLSimpleApplication@5be8b6ec
reloadAllAccessors: .ImpulseFeedback2

===========================================================================================
----------------- testing Sat Dec 07 06:20:35 UTC 2019 /home/travis/build/icyphy/ptII/ptolemy/domains/continuous/test/auto/IncreasingRatePoisson.xml
----------------- Instantiating /home/travis/build/icyphy/ptII/ptolemy/domains/continuous/test/auto/IncreasingRatePoisson.xml
664 ms. Memory: 284672K Free: 233881K (82%)
----------------- Invoking toplevel() on ptolemy.moml.MoMLSimpleApplication@33a53830
----------------- Done invoking toplevel() on ptolemy.moml.MoMLSimpleApplication@33a53830
reloadAllAccessors: .IncreasingRatePoisson

===========================================================================================
----------------- testing Sat Dec 07 06:20:36 UTC 2019 /home/travis/build/icyphy/ptII/ptolemy/domains/continuous/test/auto/InitialStateFeedback.xml
----------------- Instantiating /home/travis/build/icyphy/ptII/ptolemy/domains/continuous/test/auto/InitialStateFeedback.xml
2 ms. Memory: 284672K Free: 229271K (81%)
----------------- Invoking toplevel() on ptolemy.moml.MoMLSimpleApplication@a6a28f2
----------------- Done invoking toplevel() on ptolemy.moml.MoMLSimpleApplication@a6a28f2
reloadAllAccessors: .InitialStateFeedback

===========================================================================================
----------------- testing Sat Dec 07 06:20:36 UTC 2019 /home/travis/build/icyphy/ptII/ptolemy/domains/continuous/test/auto/Integration.xml
----------------- Instantiating /home/travis/build/icyphy/ptII/ptolemy/domains/continuous/test/auto/Integration.xml
1 ms. Memory: 284672K Free: 225175K (79%)
----------------- Invoking toplevel() on ptolemy.moml.MoMLSimpleApplication@500df684
----------------- Done invoking toplevel() on ptolemy.moml.MoMLSimpleApplication@500df684
reloadAllAccessors: .Integration

===========================================================================================
----------------- testing Sat Dec 07 06:20:36 UTC 2019 /home/travis/build/icyphy/ptII/ptolemy/domains/continuous/test/auto/Integration2.xml
----------------- Instantiating /home/travis/build/icyphy/ptII/ptolemy/domains/continuous/test/auto/Integration2.xml
67 ms. Memory: 284672K Free: 210839K (74%)
----------------- Invoking toplevel() on ptolemy.moml.MoMLSimpleApplication@46ca9f1a
----------------- Done invoking toplevel() on ptolemy.moml.MoMLSimpleApplication@46ca9f1a
reloadAllAccessors: .Integration2

===========================================================================================
----------------- testing Sat Dec 07 06:20:36 UTC 2019 /home/travis/build/icyphy/ptII/ptolemy/domains/continuous/test/auto/Integration3.xml
----------------- Instantiating /home/travis/build/icyphy/ptII/ptolemy/domains/continuous/test/auto/Integration3.xml
2 ms. Memory: 284672K Free: 206233K (72%)
----------------- Invoking toplevel() on ptolemy.moml.MoMLSimpleApplication@6bac7f28
----------------- Done invoking toplevel() on ptolemy.moml.MoMLSimpleApplication@6bac7f28
reloadAllAccessors: .Integration3

===========================================================================================
----------------- testing Sat Dec 07 06:20:36 UTC 2019 /home/travis/build/icyphy/ptII/ptolemy/domains/continuous/test/auto/Integration5.xml
----------------- Instantiating /home/travis/build/icyphy/ptII/ptolemy/domains/continuous/test/auto/Integration5.xml
1 ms. Memory: 284672K Free: 202137K (71%)
----------------- Invoking toplevel() on ptolemy.moml.MoMLSimpleApplication@61ce1e3e
----------------- Done invoking toplevel() on ptolemy.moml.MoMLSimpleApplication@61ce1e3e
reloadAllAccessors: .Integration5

===========================================================================================
----------------- testing Sat Dec 07 06:20:36 UTC 2019 /home/travis/build/icyphy/ptII/ptolemy/domains/continuous/test/auto/IntegratorImpulse.xml
----------------- Instantiating /home/travis/build/icyphy/ptII/ptolemy/domains/continuous/test/auto/IntegratorImpulse.xml
5 ms. Memory: 284672K Free: 198041K (70%)
----------------- Invoking toplevel() on ptolemy.moml.MoMLSimpleApplication@29ed8595
----------------- Done invoking toplevel() on ptolemy.moml.MoMLSimpleApplication@29ed8595
reloadAllAccessors: .IntegratorImpulse

===========================================================================================
----------------- testing Sat Dec 07 06:20:36 UTC 2019 /home/travis/build/icyphy/ptII/ptolemy/domains/continuous/test/auto/IntegratorImpulse2.xml
----------------- Instantiating /home/travis/build/icyphy/ptII/ptolemy/domains/continuous/test/auto/IntegratorImpulse2.xml
3 ms. Memory: 284672K Free: 193431K (68%)
----------------- Invoking toplevel() on ptolemy.moml.MoMLSimpleApplication@7b81ed3b
----------------- Done invoking toplevel() on ptolemy.moml.MoMLSimpleApplication@7b81ed3b
reloadAllAccessors: .IntegratorImpulse2

===========================================================================================
----------------- testing Sat Dec 07 06:20:36 UTC 2019 /home/travis/build/icyphy/ptII/ptolemy/domains/continuous/test/auto/LevelCrossing1.xml
----------------- Instantiating /home/travis/build/icyphy/ptII/ptolemy/domains/continuous/test/auto/LevelCrossing1.xml
2 ms. Memory: 284672K Free: 188311K (66%)
----------------- Invoking toplevel() on ptolemy.moml.MoMLSimpleApplication@3abbe51
----------------- Done invoking toplevel() on ptolemy.moml.MoMLSimpleApplication@3abbe51
reloadAllAccessors: .LevelCrossing1

===========================================================================================
----------------- testing Sat Dec 07 06:20:36 UTC 2019 /home/travis/build/icyphy/ptII/ptolemy/domains/continuous/test/auto/LevelCrossing2.xml
----------------- Instantiating /home/travis/build/icyphy/ptII/ptolemy/domains/continuous/test/auto/LevelCrossing2.xml
3 ms. Memory: 284672K Free: 183185K (64%)
----------------- Invoking toplevel() on ptolemy.moml.MoMLSimpleApplication@48ef4e95
----------------- Done invoking toplevel() on ptolemy.moml.MoMLSimpleApplication@48ef4e95
reloadAllAccessors: .LevelCrossing2

===========================================================================================
----------------- testing Sat Dec 07 06:20:36 UTC 2019 /home/travis/build/icyphy/ptII/ptolemy/domains/continuous/test/auto/LevelCrossing3.xml
----------------- Instantiating /home/travis/build/icyphy/ptII/ptolemy/domains/continuous/test/auto/LevelCrossing3.xml
2 ms. Memory: 284672K Free: 178057K (63%)
----------------- Invoking toplevel() on ptolemy.moml.MoMLSimpleApplication@320c57e0
----------------- Done invoking toplevel() on ptolemy.moml.MoMLSimpleApplication@320c57e0
reloadAllAccessors: .LevelCrossing3

===========================================================================================
----------------- testing Sat Dec 07 06:20:36 UTC 2019 /home/travis/build/icyphy/ptII/ptolemy/domains/continuous/test/auto/LevelCrossing4.xml
----------------- Instantiating /home/travis/build/icyphy/ptII/ptolemy/domains/continuous/test/auto/LevelCrossing4.xml
2 ms. Memory: 284672K Free: 172945K (61%)
----------------- Invoking toplevel() on ptolemy.moml.MoMLSimpleApplication@de388f5
----------------- Done invoking toplevel() on ptolemy.moml.MoMLSimpleApplication@de388f5
reloadAllAccessors: .LevelCrossing4

===========================================================================================
----------------- testing Sat Dec 07 06:20:36 UTC 2019 /home/travis/build/icyphy/ptII/ptolemy/domains/continuous/test/auto/LevelCrossing5.xml
----------------- Instantiating /home/travis/build/icyphy/ptII/ptolemy/domains/continuous/test/auto/LevelCrossing5.xml
3 ms. Memory: 284672K Free: 167817K (59%)
----------------- Invoking toplevel() on ptolemy.moml.MoMLSimpleApplication@1c20efe6
----------------- Done invoking toplevel() on ptolemy.moml.MoMLSimpleApplication@1c20efe6
reloadAllAccessors: .LevelCrossing5

===========================================================================================
[...]
reloadAllAccessors: .ResetTransitionWithStartTime6

===========================================================================================
----------------- testing Sat Dec 07 06:20:51 UTC 2019 /home/travis/build/icyphy/ptII/ptolemy/domains/continuous/test/auto/SRinContinuous.xml
----------------- Instantiating /home/travis/build/icyphy/ptII/ptolemy/domains/continuous/test/auto/SRinContinuous.xml
5 ms. Memory: 284672K Free: 195566K (69%)
----------------- Invoking toplevel() on ptolemy.moml.MoMLSimpleApplication@37c71233
----------------- Done invoking toplevel() on ptolemy.moml.MoMLSimpleApplication@37c71233
reloadAllAccessors: .SRinContinuous

===========================================================================================
----------------- testing Sat Dec 07 06:20:51 UTC 2019 /home/travis/build/icyphy/ptII/ptolemy/domains/continuous/test/auto/SampledClocks.xml
----------------- Instantiating /home/travis/build/icyphy/ptII/ptolemy/domains/continuous/test/auto/SampledClocks.xml
6 ms. Memory: 284672K Free: 183278K (64%)
----------------- Invoking toplevel() on ptolemy.moml.MoMLSimpleApplication@388ea4e2
----------------- Done invoking toplevel() on ptolemy.moml.MoMLSimpleApplication@388ea4e2
reloadAllAccessors: .SampledClocks

===========================================================================================
----------------- testing Sat Dec 07 06:20:52 UTC 2019 /home/travis/build/icyphy/ptII/ptolemy/domains/continuous/test/auto/Satellite.xml
----------------- Instantiating /home/travis/build/icyphy/ptII/ptolemy/domains/continuous/test/auto/Satellite.xml
675 ms. Memory: 284672K Free: 146125K (51%)
----------------- Invoking toplevel() on ptolemy.moml.MoMLSimpleApplication@2282868d
----------------- Done invoking toplevel() on ptolemy.moml.MoMLSimpleApplication@2282868d
reloadAllAccessors: .Satellite

===========================================================================================
----------------- testing Sat Dec 07 06:20:52 UTC 2019 /home/travis/build/icyphy/ptII/ptolemy/domains/continuous/test/auto/SigmaDelta.xml
----------------- Instantiating /home/travis/build/icyphy/ptII/ptolemy/domains/continuous/test/auto/SigmaDelta.xml
1736 ms. Memory: 284672K Free: 216445K (76%)
----------------- Invoking toplevel() on ptolemy.moml.MoMLSimpleApplication@4ab75b2c
----------------- Done invoking toplevel() on ptolemy.moml.MoMLSimpleApplication@4ab75b2c
reloadAllAccessors: .SigmaDelta

===========================================================================================
----------------- testing Sat Dec 07 06:20:54 UTC 2019 /home/travis/build/icyphy/ptII/ptolemy/domains/continuous/test/auto/SingleRefinement.xml
----------------- Instantiating /home/travis/build/icyphy/ptII/ptolemy/domains/continuous/test/auto/SingleRefinement.xml
291 ms. Memory: 284672K Free: 199538K (70%)
----------------- Invoking toplevel() on ptolemy.moml.MoMLSimpleApplication@7fa8afc8
----------------- Done invoking toplevel() on ptolemy.moml.MoMLSimpleApplication@7fa8afc8
reloadAllAccessors: .SingleRefinement

===========================================================================================
----------------- testing Sat Dec 07 06:20:54 UTC 2019 /home/travis/build/icyphy/ptII/ptolemy/domains/continuous/test/auto/SinuBouncingBall.xml
----------------- Instantiating /home/travis/build/icyphy/ptII/ptolemy/domains/continuous/test/auto/SinuBouncingBall.xml
744 ms. Memory: 284672K Free: 147009K (52%)
----------------- Invoking toplevel() on ptolemy.moml.MoMLSimpleApplication@7a4df2fe
----------------- Done invoking toplevel() on ptolemy.moml.MoMLSimpleApplication@7a4df2fe
reloadAllAccessors: .SinuBouncingBall

===========================================================================================
----------------- testing Sat Dec 07 06:20:55 UTC 2019 /home/travis/build/icyphy/ptII/ptolemy/domains/continuous/test/auto/Sinusoid.xml
----------------- Instantiating /home/travis/build/icyphy/ptII/ptolemy/domains/continuous/test/auto/Sinusoid.xml
4 ms. Memory: 284672K Free: 142385K (50%)
----------------- Invoking toplevel() on ptolemy.moml.MoMLSimpleApplication@1d8c67e7
----------------- Done invoking toplevel() on ptolemy.moml.MoMLSimpleApplication@1d8c67e7
reloadAllAccessors: .Sinusoid

===========================================================================================
----------------- testing Sat Dec 07 06:20:55 UTC 2019 /home/travis/build/icyphy/ptII/ptolemy/domains/continuous/test/auto/SinusoidInNoise.xml
----------------- Instantiating /home/travis/build/icyphy/ptII/ptolemy/domains/continuous/test/auto/SinusoidInNoise.xml
797 ms. Memory: 284672K Free: 175982K (62%)
----------------- Invoking toplevel() on ptolemy.moml.MoMLSimpleApplication@5967aaa8
----------------- Done invoking toplevel() on ptolemy.moml.MoMLSimpleApplication@5967aaa8
reloadAllAccessors: .SinusoidInNoise

===========================================================================================
----------------- testing Sat Dec 07 06:20:56 UTC 2019 /home/travis/build/icyphy/ptII/ptolemy/domains/continuous/test/auto/SinusoidRK45.xml
----------------- Instantiating /home/travis/build/icyphy/ptII/ptolemy/domains/continuous/test/auto/SinusoidRK45.xml
2 ms. Memory: 284672K Free: 171376K (60%)
----------------- Invoking toplevel() on ptolemy.moml.MoMLSimpleApplication@582a5df4
----------------- Done invoking toplevel() on ptolemy.moml.MoMLSimpleApplication@582a5df4
reloadAllAccessors: .SinusoidRK45

===========================================================================================
----------------- testing Sat Dec 07 06:20:56 UTC 2019 /home/travis/build/icyphy/ptII/ptolemy/domains/continuous/test/auto/SinusoidWithMultipleImpulses.xml
----------------- Instantiating /home/travis/build/icyphy/ptII/ptolemy/domains/continuous/test/auto/SinusoidWithMultipleImpulses.xml
2 ms. Memory: 284672K Free: 166766K (59%)
----------------- Invoking toplevel() on ptolemy.moml.MoMLSimpleApplication@248be499
----------------- Done invoking toplevel() on ptolemy.moml.MoMLSimpleApplication@248be499
reloadAllAccessors: .SinusoidWithMultipleImpulses

===========================================================================================
----------------- testing Sat Dec 07 06:20:56 UTC 2019 /home/travis/build/icyphy/ptII/ptolemy/domains/continuous/test/auto/SquareWave.xml
----------------- Instantiating /home/travis/build/icyphy/ptII/ptolemy/domains/continuous/test/auto/SquareWave.xml
129 ms. Memory: 284672K Free: 139118K (49%)
----------------- Invoking toplevel() on ptolemy.moml.MoMLSimpleApplication@7f5486df
----------------- Done invoking toplevel() on ptolemy.moml.MoMLSimpleApplication@7f5486df
reloadAllAccessors: .SquareWave

===========================================================================================
----------------- testing Sat Dec 07 06:20:56 UTC 2019 /home/travis/build/icyphy/ptII/ptolemy/domains/continuous/test/auto/Starmac.xml
----------------- Instantiating /home/travis/build/icyphy/ptII/ptolemy/domains/continuous/test/auto/Starmac.xml
3064 ms. Memory: 284672K Free: 155483K (55%)
----------------- Invoking toplevel() on ptolemy.moml.MoMLSimpleApplication@77df3c7b
----------------- Done invoking toplevel() on ptolemy.moml.MoMLSimpleApplication@77df3c7b
reloadAllAccessors: .Starmac

===========================================================================================
----------------- testing Sat Dec 07 06:21:00 UTC 2019 /home/travis/build/icyphy/ptII/ptolemy/domains/continuous/test/auto/StaticUnits.xml
----------------- Instantiating /home/travis/build/icyphy/ptII/ptolemy/domains/continuous/test/auto/StaticUnits.xml
1701 ms. Memory: 342016K Free: 301845K (88%)
----------------- Invoking toplevel() on ptolemy.moml.MoMLSimpleApplication@7a483ab8
----------------- Done invoking toplevel() on ptolemy.moml.MoMLSimpleApplication@7a483ab8
reloadAllAccessors: .StaticUnits

===========================================================================================
----------------- testing Sat Dec 07 06:21:02 UTC 2019 /home/travis/build/icyphy/ptII/ptolemy/domains/continuous/test/auto/StickyMasses.xml
----------------- Instantiating /home/travis/build/icyphy/ptII/ptolemy/domains/continuous/test/auto/StickyMasses.xml
152 ms. Memory: 342016K Free: 252179K (74%)
----------------- Invoking toplevel() on ptolemy.moml.MoMLSimpleApplication@57221d58
----------------- Done invoking toplevel() on ptolemy.moml.MoMLSimpleApplication@57221d58
reloadAllAccessors: .StickyMasses

===========================================================================================
----------------- testing Sat Dec 07 06:21:02 UTC 2019 /home/travis/build/icyphy/ptII/ptolemy/domains/continuous/test/auto/StopTime.xml
----------------- Instantiating /home/travis/build/icyphy/ptII/ptolemy/domains/continuous/test/auto/StopTime.xml
52 ms. Memory: 342016K Free: 227093K (66%)
----------------- Invoking toplevel() on ptolemy.moml.MoMLSimpleApplication@6559609f
----------------- Done invoking toplevel() on ptolemy.moml.MoMLSimpleApplication@6559609f
reloadAllAccessors: .StopTime

===========================================================================================
----------------- testing Sat Dec 07 06:21:02 UTC 2019 /home/travis/build/icyphy/ptII/ptolemy/domains/continuous/test/auto/StopTime2.xml
----------------- Instantiating /home/travis/build/icyphy/ptII/ptolemy/domains/continuous/test/auto/StopTime2.xml
39 ms. Memory: 342016K Free: 205060K (60%)
----------------- Invoking toplevel() on ptolemy.moml.MoMLSimpleApplication@15d9666f
----------------- Done invoking toplevel() on ptolemy.moml.MoMLSimpleApplication@15d9666f
reloadAllAccessors: .StopTime2

===========================================================================================
----------------- testing Sat Dec 07 06:21:02 UTC 2019 /home/travis/build/icyphy/ptII/ptolemy/domains/continuous/test/auto/Switch.xml
----------------- Instantiating /home/travis/build/icyphy/ptII/ptolemy/domains/continuous/test/auto/Switch.xml
51 ms. Memory: 342016K Free: 179989K (53%)
----------------- Invoking toplevel() on ptolemy.moml.MoMLSimpleApplication@24b98a86
----------------- Done invoking toplevel() on ptolemy.moml.MoMLSimpleApplication@24b98a86
reloadAllAccessors: .Switch

===========================================================================================
----------------- testing Sat Dec 07 06:21:03 UTC 2019 /home/travis/build/icyphy/ptII/ptolemy/domains/continuous/test/auto/Thermostat.xml
----------------- Instantiating /home/travis/build/icyphy/ptII/ptolemy/domains/continuous/test/auto/Thermostat.xml
213 ms. Memory: 342016K Free: 308326K (90%)
----------------- Invoking toplevel() on ptolemy.moml.MoMLSimpleApplication@5f980395
----------------- Done invoking toplevel() on ptolemy.moml.MoMLSimpleApplication@5f980395
reloadAllAccessors: .Thermostat

===========================================================================================
----------------- testing Sat Dec 07 06:21:03 UTC 2019 /home/travis/build/icyphy/ptII/ptolemy/domains/continuous/test/auto/TimeDelay.xml
----------------- Instantiating /home/travis/build/icyphy/ptII/ptolemy/domains/continuous/test/auto/TimeDelay.xml
6 ms. Memory: 342016K Free: 303200K (89%)
----------------- Invoking toplevel() on ptolemy.moml.MoMLSimpleApplication@3f8c89d9
----------------- Done invoking toplevel() on ptolemy.moml.MoMLSimpleApplication@3f8c89d9
reloadAllAccessors: .TimeDelay

===========================================================================================
----------------- testing Sat Dec 07 06:21:03 UTC 2019 /home/travis/build/icyphy/ptII/ptolemy/domains/continuous/test/auto/TimeDelay2.xml
----------------- Instantiating /home/travis/build/icyphy/ptII/ptolemy/domains/continuous/test/auto/TimeDelay2.xml
7 ms. Memory: 342016K Free: 292966K (86%)
----------------- Invoking toplevel() on ptolemy.moml.MoMLSimpleApplication@47f8063a
----------------- Done invoking toplevel() on ptolemy.moml.MoMLSimpleApplication@47f8063a
reloadAllAccessors: .TimeDelay2

===========================================================================================
----------------- testing Sat Dec 07 06:21:03 UTC 2019 /home/travis/build/icyphy/ptII/ptolemy/domains/continuous/test/auto/TimeDelay3.xml
----------------- Instantiating /home/travis/build/icyphy/ptII/ptolemy/domains/continuous/test/auto/TimeDelay3.xml
20 ms. Memory: 342016K Free: 288867K (84%)
----------------- Invoking toplevel() on ptolemy.moml.MoMLSimpleApplication@66631b5a
----------------- Done invoking toplevel() on ptolemy.moml.MoMLSimpleApplication@66631b5a
reloadAllAccessors: .TimeDelay3

===========================================================================================
----------------- testing Sat Dec 07 06:21:03 UTC 2019 /home/travis/build/icyphy/ptII/ptolemy/domains/continuous/test/auto/TransferAbsentToInside.xml
----------------- Instantiating /home/travis/build/icyphy/ptII/ptolemy/domains/continuous/test/auto/TransferAbsentToInside.xml
34 ms. Memory: 342016K Free: 236646K (69%)
----------------- Invoking toplevel() on ptolemy.moml.MoMLSimpleApplication@168ab06b
----------------- Done invoking toplevel() on ptolemy.moml.MoMLSimpleApplication@168ab06b
reloadAllAccessors: .TransferAbsentToInside

===========================================================================================
----------------- testing Sat Dec 07 06:21:03 UTC 2019 /home/travis/build/icyphy/ptII/ptolemy/domains/continuous/test/auto/Transmission.xml
----------------- Instantiating /home/travis/build/icyphy/ptII/ptolemy/domains/continuous/test/auto/Transmission.xml
815 ms. Memory: 342016K Free: 205060K (60%)
----------------- Invoking toplevel() on ptolemy.moml.MoMLSimpleApplication@2c52b26b
----------------- Done invoking toplevel() on ptolemy.moml.MoMLSimpleApplication@2c52b26b
reloadAllAccessors: .Transmission

===========================================================================================
----------------- testing Sat Dec 07 06:21:04 UTC 2019 /home/travis/build/icyphy/ptII/ptolemy/domains/continuous/test/auto/TriggeredContinuousClock.xml
----------------- Instantiating /home/travis/build/icyphy/ptII/ptolemy/domains/continuous/test/auto/TriggeredContinuousClock.xml
37 ms. Memory: 342016K Free: 175364K (51%)
----------------- Invoking toplevel() on ptolemy.moml.MoMLSimpleApplication@4a74b3e5
----------------- Done invoking toplevel() on ptolemy.moml.MoMLSimpleApplication@4a74b3e5
reloadAllAccessors: .TriggeredContinuousClock

===========================================================================================
----------------- testing Sat Dec 07 06:21:04 UTC 2019 /home/travis/build/icyphy/ptII/ptolemy/domains/continuous/test/auto/TwoMachineInfiniteBusControl.xml
----------------- Instantiating /home/travis/build/icyphy/ptII/ptolemy/domains/continuous/test/auto/TwoMachineInfiniteBusControl.xml
2326 ms. Memory: 342016K Free: 160977K (47%)
----------------- Invoking toplevel() on ptolemy.moml.MoMLSimpleApplication@4aa39f73
----------------- Done invoking toplevel() on ptolemy.moml.MoMLSimpleApplication@4aa39f73
reloadAllAccessors: .TwoMachineInfiniteBusControl

===========================================================================================
----------------- testing Sat Dec 07 06:21:06 UTC 2019 /home/travis/build/icyphy/ptII/ptolemy/domains/continuous/test/auto/V2V.xml
----------------- Instantiating /home/travis/build/icyphy/ptII/ptolemy/domains/continuous/test/auto/V2V.xml
782 ms. Memory: 342016K Free: 172918K (51%)
----------------- Invoking toplevel() on ptolemy.moml.MoMLSimpleApplication@441b0dcd
----------------- Done invoking toplevel() on ptolemy.moml.MoMLSimpleApplication@441b0dcd
reloadAllAccessors: .V2V

===========================================================================================
----------------- testing Sat Dec 07 06:21:07 UTC 2019 /home/travis/build/icyphy/ptII/ptolemy/domains/continuous/test/auto/hierarchicalModalModel.xml
----------------- Instantiating /home/travis/build/icyphy/ptII/ptolemy/domains/continuous/test/auto/hierarchicalModalModel.xml
8 ms. Memory: 342016K Free: 158393K (46%)
----------------- Invoking toplevel() on ptolemy.moml.MoMLSimpleApplication@2973d2db
----------------- Done invoking toplevel() on ptolemy.moml.MoMLSimpleApplication@2973d2db
reloadAllAccessors: .hierarchicalModalModel

===========================================================================================
----------------- testing Sat Dec 07 06:21:07 UTC 2019 /home/travis/build/icyphy/ptII/ptolemy/domains/continuous/test/auto/hierarchicalModalModel1.xml
----------------- Instantiating /home/travis/build/icyphy/ptII/ptolemy/domains/continuous/test/auto/hierarchicalModalModel1.xml
14 ms. Memory: 342016K Free: 144072K (42%)
----------------- Invoking toplevel() on ptolemy.moml.MoMLSimpleApplication@7a729fd4
----------------- Done invoking toplevel() on ptolemy.moml.MoMLSimpleApplication@7a729fd4
reloadAllAccessors: .hierarchicalModalModel1

===========================================================================================
----------------- testing Sat Dec 07 06:21:07 UTC 2019 /home/travis/build/icyphy/ptII/ptolemy/domains/continuous/test/auto/hierarchicalModalModel2.xml
----------------- Instantiating /home/travis/build/icyphy/ptII/ptolemy/domains/continuous/test/auto/hierarchicalModalModel2.xml
6 ms. Memory: 342016K Free: 131784K (39%)
----------------- Invoking toplevel() on ptolemy.moml.MoMLSimpleApplication@201ac3cb
----------------- Done invoking toplevel() on ptolemy.moml.MoMLSimpleApplication@201ac3cb
reloadAllAccessors: .hierarchicalModalModel2

===========================================================================================
----------------- testing Sat Dec 07 06:21:07 UTC 2019 /home/travis/build/icyphy/ptII/ptolemy/domains/continuous/test/auto/hierarchicalModalModel3.xml
----------------- Instantiating /home/travis/build/icyphy/ptII/ptolemy/domains/continuous/test/auto/hierarchicalModalModel3.xml
17 ms. Memory: 410624K Free: 389135K (95%)
----------------- Invoking toplevel() on ptolemy.moml.MoMLSimpleApplication@cca3c03
----------------- Done invoking toplevel() on ptolemy.moml.MoMLSimpleApplication@cca3c03
reloadAllAccessors: .hierarchicalModalModel3

===========================================================================================
----------------- testing Sat Dec 07 06:21:07 UTC 2019 /home/travis/build/icyphy/ptII/ptolemy/domains/continuous/test/auto/hierarchicalModalModel4.xml
----------------- Instantiating /home/travis/build/icyphy/ptII/ptolemy/domains/continuous/test/auto/hierarchicalModalModel4.xml
6 ms. Memory: 410624K Free: 377027K (92%)
----------------- Invoking toplevel() on ptolemy.moml.MoMLSimpleApplication@39a33b99
----------------- Done invoking toplevel() on ptolemy.moml.MoMLSimpleApplication@39a33b99
reloadAllAccessors: .hierarchicalModalModel4

===========================================================================================
----------------- testing Sat Dec 07 06:21:07 UTC 2019 /home/travis/build/icyphy/ptII/ptolemy/domains/continuous/test/auto/junk.xml
----------------- Instantiating /home/travis/build/icyphy/ptII/ptolemy/domains/continuous/test/auto/junk.xml
130 ms. Memory: 410624K Free: 349893K (85%)
----------------- Invoking toplevel() on ptolemy.moml.MoMLSimpleApplication@4ff01019
----------------- Done invoking toplevel() on ptolemy.moml.MoMLSimpleApplication@4ff01019
reloadAllAccessors: .junk
AutoTests.java: About to close Vertx.
AutoTests.java: Vertx closed.
]]></system-out>
  <system-err><![CDATA[Warning: '.HysteresisWithRandomDelay.NonStrictTest' The test produced only 221 tokens, yet the correctValues parameter was expecting 222 tokens.
Warning: '.HysteresisWithRandomDelay.NonStrictTest2' The test produced only 220 tokens, yet the correctValues parameter was expecting 221 tokens.
]]></system-err>
</testsuite>
