<?xml version="1.0" encoding="UTF-8" ?>
<testsuite errors="0" failures="0" hostname="travis-job-a73f77a0-5e0f-4d28-982b-7e36c039669a" name="ptolemy.domains.modal.test.junit.JUnitTclTest" skipped="0" tests="148" time="11.089" timestamp="2019-06-27T04:42:25">
  <properties>
[...]
</properties>
  <testcase classname="ptolemy.util.test.junit.TclTests" name="[0] /home/travis/build/icyphy/ptII/ptolemy/domains/modal/test/SystemLevelType.tcl (RunTclFile)" time="2.032" />
  <testcase classname="ptolemy.util.test.junit.AutoKnownFailedTests" name="[0] /home/travis/build/icyphy/ptII/ptolemy/domains/modal/test/auto/knownFailedTests/CannotAnalysisWithPreemption.xml (RunModel)" time="0.323" />
  <testcase classname="ptolemy.util.test.junit.AutoNameArchTests" name="[0] ThereAreNoAutoArchTests (RunModel)" time="0.001" />
  <testcase classname="ptolemy.util.test.junit.AutoTests" name="[0] /home/travis/build/icyphy/ptII/ptolemy/domains/modal/test/auto/ABPTest.xml (RunModel)" time="0.868" />
  <testcase classname="ptolemy.util.test.junit.AutoTests" name="[1] /home/travis/build/icyphy/ptII/ptolemy/domains/modal/test/auto/ABROFlat.xml (RunModel)" time="0.108" />
  <testcase classname="ptolemy.util.test.junit.AutoTests" name="[2] /home/travis/build/icyphy/ptII/ptolemy/domains/modal/test/auto/ABROFlat2.xml (RunModel)" time="0.099" />
  <testcase classname="ptolemy.util.test.junit.AutoTests" name="[3] /home/travis/build/icyphy/ptII/ptolemy/domains/modal/test/auto/ABRO_present_hmm.xml (RunModel)" time="0.165" />
  <testcase classname="ptolemy.util.test.junit.AutoTests" name="[4] /home/travis/build/icyphy/ptII/ptolemy/domains/modal/test/auto/AMICoderExample.xml (RunModel)" time="0.06" />
  <testcase classname="ptolemy.util.test.junit.AutoTests" name="[5] /home/travis/build/icyphy/ptII/ptolemy/domains/modal/test/auto/AbsentToPresent.xml (RunModel)" time="0.033" />
  <testcase classname="ptolemy.util.test.junit.AutoTests" name="[6] /home/travis/build/icyphy/ptII/ptolemy/domains/modal/test/auto/Blending.xml (RunModel)" time="0.287" />
  <testcase classname="ptolemy.util.test.junit.AutoTests" name="[7] /home/travis/build/icyphy/ptII/ptolemy/domains/modal/test/auto/Broadcast.xml (RunModel)" time="0.032" />
  <testcase classname="ptolemy.util.test.junit.AutoTests" name="[8] /home/travis/build/icyphy/ptII/ptolemy/domains/modal/test/auto/BroadcastHierarchy.xml (RunModel)" time="0.07" />
  <testcase classname="ptolemy.util.test.junit.AutoTests" name="[9] /home/travis/build/icyphy/ptII/ptolemy/domains/modal/test/auto/BroadcastHierarchy2.xml (RunModel)" time="0.092" />
  <testcase classname="ptolemy.util.test.junit.AutoTests" name="[10] /home/travis/build/icyphy/ptII/ptolemy/domains/modal/test/auto/BroadcastHierarchy3.xml (RunModel)" time="0.068" />
  <testcase classname="ptolemy.util.test.junit.AutoTests" name="[11] /home/travis/build/icyphy/ptII/ptolemy/domains/modal/test/auto/BroadcastHierarchy4.xml (RunModel)" time="0.094" />
  <testcase classname="ptolemy.util.test.junit.AutoTests" name="[12] /home/travis/build/icyphy/ptII/ptolemy/domains/modal/test/auto/CannotAnalysisWithPreemption2.xml (RunModel)" time="0.033" />
  <testcase classname="ptolemy.util.test.junit.AutoTests" name="[13] /home/travis/build/icyphy/ptII/ptolemy/domains/modal/test/auto/CannotAnalysisWithPreemption3.xml (RunModel)" time="0.05" />
  <testcase classname="ptolemy.util.test.junit.AutoTests" name="[14] /home/travis/build/icyphy/ptII/ptolemy/domains/modal/test/auto/CannotProduce.xml (RunModel)" time="0.039" />
  <testcase classname="ptolemy.util.test.junit.AutoTests" name="[15] /home/travis/build/icyphy/ptII/ptolemy/domains/modal/test/auto/CannotProduceModal.xml (RunModel)" time="0.031" />
  <testcase classname="ptolemy.util.test.junit.AutoTests" name="[16] /home/travis/build/icyphy/ptII/ptolemy/domains/modal/test/auto/Case.xml (RunModel)" time="0.082" />
  <testcase classname="ptolemy.util.test.junit.AutoTests" name="[17] /home/travis/build/icyphy/ptII/ptolemy/domains/modal/test/auto/Case1.xml (RunModel)" time="0.049" />
  <testcase classname="ptolemy.util.test.junit.AutoTests" name="[18] /home/travis/build/icyphy/ptII/ptolemy/domains/modal/test/auto/Case2.xml (RunModel)" time="0.051" />
  <testcase classname="ptolemy.util.test.junit.AutoTests" name="[19] /home/travis/build/icyphy/ptII/ptolemy/domains/modal/test/auto/CausalityInterface1.xml (RunModel)" time="0.034" />
  <testcase classname="ptolemy.util.test.junit.AutoTests" name="[20] /home/travis/build/icyphy/ptII/ptolemy/domains/modal/test/auto/CausalityInterface10.xml (RunModel)" time="0.065" />
  <testcase classname="ptolemy.util.test.junit.AutoTests" name="[21] /home/travis/build/icyphy/ptII/ptolemy/domains/modal/test/auto/CausalityInterface11.xml (RunModel)" time="0.06" />
  <testcase classname="ptolemy.util.test.junit.AutoTests" name="[22] /home/travis/build/icyphy/ptII/ptolemy/domains/modal/test/auto/CausalityInterface12.xml (RunModel)" time="0.051" />
  <testcase classname="ptolemy.util.test.junit.AutoTests" name="[23] /home/travis/build/icyphy/ptII/ptolemy/domains/modal/test/auto/CausalityInterface13.xml (RunModel)" time="0.055" />
  <testcase classname="ptolemy.util.test.junit.AutoTests" name="[24] /home/travis/build/icyphy/ptII/ptolemy/domains/modal/test/auto/CausalityInterface14.xml (RunModel)" time="0.05" />
  <testcase classname="ptolemy.util.test.junit.AutoTests" name="[25] /home/travis/build/icyphy/ptII/ptolemy/domains/modal/test/auto/CausalityInterface2.xml (RunModel)" time="0.025" />
  <testcase classname="ptolemy.util.test.junit.AutoTests" name="[26] /home/travis/build/icyphy/ptII/ptolemy/domains/modal/test/auto/CausalityInterface3.xml (RunModel)" time="0.031" />
  <testcase classname="ptolemy.util.test.junit.AutoTests" name="[27] /home/travis/build/icyphy/ptII/ptolemy/domains/modal/test/auto/CausalityInterface4.xml (RunModel)" time="0.028" />
  <testcase classname="ptolemy.util.test.junit.AutoTests" name="[28] /home/travis/build/icyphy/ptII/ptolemy/domains/modal/test/auto/CausalityInterface5.xml (RunModel)" time="0.036" />
  <testcase classname="ptolemy.util.test.junit.AutoTests" name="[29] /home/travis/build/icyphy/ptII/ptolemy/domains/modal/test/auto/CausalityInterface6.xml (RunModel)" time="0.029" />
  <testcase classname="ptolemy.util.test.junit.AutoTests" name="[30] /home/travis/build/icyphy/ptII/ptolemy/domains/modal/test/auto/CausalityInterface7.xml (RunModel)" time="0.03" />
  <testcase classname="ptolemy.util.test.junit.AutoTests" name="[31] /home/travis/build/icyphy/ptII/ptolemy/domains/modal/test/auto/CausalityInterface8.xml (RunModel)" time="0.057" />
  <testcase classname="ptolemy.util.test.junit.AutoTests" name="[32] /home/travis/build/icyphy/ptII/ptolemy/domains/modal/test/auto/CausalityInterface9.xml (RunModel)" time="0.049" />
  <testcase classname="ptolemy.util.test.junit.AutoTests" name="[33] /home/travis/build/icyphy/ptII/ptolemy/domains/modal/test/auto/ChainedTransitions.xml (RunModel)" time="0.152" />
  <testcase classname="ptolemy.util.test.junit.AutoTests" name="[34] /home/travis/build/icyphy/ptII/ptolemy/domains/modal/test/auto/CycleOfImmediateTransitionsFSM.xml (RunModel)" time="0.019" />
  <testcase classname="ptolemy.util.test.junit.AutoTests" name="[35] /home/travis/build/icyphy/ptII/ptolemy/domains/modal/test/auto/CycleOfImmediateTransitionsModal.xml (RunModel)" time="0.023" />
  <testcase classname="ptolemy.util.test.junit.AutoTests" name="[36] /home/travis/build/icyphy/ptII/ptolemy/domains/modal/test/auto/CycleOfImmediateTransitionsModal2.xml (RunModel)" time="0.031" />
  <testcase classname="ptolemy.util.test.junit.AutoTests" name="[37] /home/travis/build/icyphy/ptII/ptolemy/domains/modal/test/auto/CycleOfImmediateTransitionsModal3.xml (RunModel)" time="0.076" />
  <testcase classname="ptolemy.util.test.junit.AutoTests" name="[38] /home/travis/build/icyphy/ptII/ptolemy/domains/modal/test/auto/DeepModal1.xml (RunModel)" time="0.053" />
  <testcase classname="ptolemy.util.test.junit.AutoTests" name="[39] /home/travis/build/icyphy/ptII/ptolemy/domains/modal/test/auto/DeepModal2.xml (RunModel)" time="0.071" />
  <testcase classname="ptolemy.util.test.junit.AutoTests" name="[40] /home/travis/build/icyphy/ptII/ptolemy/domains/modal/test/auto/DeepModal3.xml (RunModel)" time="0.088" />
  <testcase classname="ptolemy.util.test.junit.AutoTests" name="[41] /home/travis/build/icyphy/ptII/ptolemy/domains/modal/test/auto/DeepModal4.xml (RunModel)" time="0.065" />
  <testcase classname="ptolemy.util.test.junit.AutoTests" name="[42] /home/travis/build/icyphy/ptII/ptolemy/domains/modal/test/auto/Default1.xml (RunModel)" time="0.02" />
  <testcase classname="ptolemy.util.test.junit.AutoTests" name="[43] /home/travis/build/icyphy/ptII/ptolemy/domains/modal/test/auto/Default2.xml (RunModel)" time="0.021" />
  <testcase classname="ptolemy.util.test.junit.AutoTests" name="[44] /home/travis/build/icyphy/ptII/ptolemy/domains/modal/test/auto/Default3.xml (RunModel)" time="0.024" />
  <testcase classname="ptolemy.util.test.junit.AutoTests" name="[45] /home/travis/build/icyphy/ptII/ptolemy/domains/modal/test/auto/Default4.xml (RunModel)" time="0.017" />
  <testcase classname="ptolemy.util.test.junit.AutoTests" name="[46] /home/travis/build/icyphy/ptII/ptolemy/domains/modal/test/auto/Default5.xml (RunModel)" time="0.026" />
  <testcase classname="ptolemy.util.test.junit.AutoTests" name="[47] /home/travis/build/icyphy/ptII/ptolemy/domains/modal/test/auto/EmptyGuard.xml (RunModel)" time="0.032" />
  <testcase classname="ptolemy.util.test.junit.AutoTests" name="[48] /home/travis/build/icyphy/ptII/ptolemy/domains/modal/test/auto/ErrorTransition1.xml (RunModel)" time="0.034" />
  <testcase classname="ptolemy.util.test.junit.AutoTests" name="[49] /home/travis/build/icyphy/ptII/ptolemy/domains/modal/test/auto/ErrorTransition10.xml (RunModel)" time="0.05" />
  <testcase classname="ptolemy.util.test.junit.AutoTests" name="[50] /home/travis/build/icyphy/ptII/ptolemy/domains/modal/test/auto/ErrorTransition11.xml (RunModel)" time="0.039" />
  <testcase classname="ptolemy.util.test.junit.AutoTests" name="[51] /home/travis/build/icyphy/ptII/ptolemy/domains/modal/test/auto/ErrorTransition2.xml (RunModel)" time="0.027" />
  <testcase classname="ptolemy.util.test.junit.AutoTests" name="[52] /home/travis/build/icyphy/ptII/ptolemy/domains/modal/test/auto/ErrorTransition3.xml (RunModel)" time="0.046" />
  <testcase classname="ptolemy.util.test.junit.AutoTests" name="[53] /home/travis/build/icyphy/ptII/ptolemy/domains/modal/test/auto/ErrorTransition4.xml (RunModel)" time="0.041" />
  <testcase classname="ptolemy.util.test.junit.AutoTests" name="[54] /home/travis/build/icyphy/ptII/ptolemy/domains/modal/test/auto/ErrorTransition5.xml (RunModel)" time="0.029" />
  <testcase classname="ptolemy.util.test.junit.AutoTests" name="[55] /home/travis/build/icyphy/ptII/ptolemy/domains/modal/test/auto/ErrorTransition6.xml (RunModel)" time="0.035" />
  <testcase classname="ptolemy.util.test.junit.AutoTests" name="[56] /home/travis/build/icyphy/ptII/ptolemy/domains/modal/test/auto/ErrorTransition7.xml (RunModel)" time="0.044" />
  <testcase classname="ptolemy.util.test.junit.AutoTests" name="[57] /home/travis/build/icyphy/ptII/ptolemy/domains/modal/test/auto/ErrorTransition8.xml (RunModel)" time="0.052" />
  <testcase classname="ptolemy.util.test.junit.AutoTests" name="[58] /home/travis/build/icyphy/ptII/ptolemy/domains/modal/test/auto/ErrorTransition9.xml (RunModel)" time="0.076" />
  <testcase classname="ptolemy.util.test.junit.AutoTests" name="[59] /home/travis/build/icyphy/ptII/ptolemy/domains/modal/test/auto/ExtendedFSM.xml (RunModel)" time="0.024" />
  <testcase classname="ptolemy.util.test.junit.AutoTests" name="[60] /home/travis/build/icyphy/ptII/ptolemy/domains/modal/test/auto/FinalStates.xml (RunModel)" time="0.021" />
  <testcase classname="ptolemy.util.test.junit.AutoTests" name="[61] /home/travis/build/icyphy/ptII/ptolemy/domains/modal/test/auto/FixedPointFSM.xml (RunModel)" time="0.047" />
  <testcase classname="ptolemy.util.test.junit.AutoTests" name="[62] /home/travis/build/icyphy/ptII/ptolemy/domains/modal/test/auto/FixedPointIterationFSMActor.xml (RunModel)" time="0.033" />
  <testcase classname="ptolemy.util.test.junit.AutoTests" name="[63] /home/travis/build/icyphy/ptII/ptolemy/domains/modal/test/auto/FixedPointIterationFSMActor2.xml (RunModel)" time="0.031" />
  <testcase classname="ptolemy.util.test.junit.AutoTests" name="[64] /home/travis/build/icyphy/ptII/ptolemy/domains/modal/test/auto/ForbiddenInstantanousLoop.xml (RunModel)" time="0.033" />
  <testcase classname="ptolemy.util.test.junit.AutoTests" name="[65] /home/travis/build/icyphy/ptII/ptolemy/domains/modal/test/auto/FunctionDependencyOfFSMActorTest.xml (RunModel)" time="0.029" />
  <testcase classname="ptolemy.util.test.junit.AutoTests" name="[66] /home/travis/build/icyphy/ptII/ptolemy/domains/modal/test/auto/GuardExpression.xml (RunModel)" time="0.017" />
  <testcase classname="ptolemy.util.test.junit.AutoTests" name="[67] /home/travis/build/icyphy/ptII/ptolemy/domains/modal/test/auto/GuardNotEvaluated.xml (RunModel)" time="0.029" />
  <testcase classname="ptolemy.util.test.junit.AutoTests" name="[68] /home/travis/build/icyphy/ptII/ptolemy/domains/modal/test/auto/GuardNotEvaluated2.xml (RunModel)" time="0.026" />
  <testcase classname="ptolemy.util.test.junit.AutoTests" name="[69] /home/travis/build/icyphy/ptII/ptolemy/domains/modal/test/auto/GuardOnAbsent.xml (RunModel)" time="0.026" />
  <testcase classname="ptolemy.util.test.junit.AutoTests" name="[70] /home/travis/build/icyphy/ptII/ptolemy/domains/modal/test/auto/HierarchicalFSMTypeInference.xml (RunModel)" time="0.033" />
  <testcase classname="ptolemy.util.test.junit.AutoTests" name="[71] /home/travis/build/icyphy/ptII/ptolemy/domains/modal/test/auto/Hysteresis.xml (RunModel)" time="0.042" />
  <testcase classname="ptolemy.util.test.junit.AutoTests" name="[72] /home/travis/build/icyphy/ptII/ptolemy/domains/modal/test/auto/HysteresisWithDefault.xml (RunModel)" time="0.092" />
  <testcase classname="ptolemy.util.test.junit.AutoTests" name="[73] /home/travis/build/icyphy/ptII/ptolemy/domains/modal/test/auto/HysteresisWithDefault2.xml (RunModel)" time="0.094" />
  <testcase classname="ptolemy.util.test.junit.AutoTests" name="[74] /home/travis/build/icyphy/ptII/ptolemy/domains/modal/test/auto/ImmediateNonConstructiveness.xml (RunModel)" time="0.023" />
  <testcase classname="ptolemy.util.test.junit.AutoTests" name="[75] /home/travis/build/icyphy/ptII/ptolemy/domains/modal/test/auto/ImmediateNonConstructiveness2.xml (RunModel)" time="0.018" />
  <testcase classname="ptolemy.util.test.junit.AutoTests" name="[76] /home/travis/build/icyphy/ptII/ptolemy/domains/modal/test/auto/ImmediateTransitionReset.xml (RunModel)" time="0.037" />
  <testcase classname="ptolemy.util.test.junit.AutoTests" name="[77] /home/travis/build/icyphy/ptII/ptolemy/domains/modal/test/auto/ImmediateTransitions1.xml (RunModel)" time="0.014" />
  <testcase classname="ptolemy.util.test.junit.AutoTests" name="[78] /home/travis/build/icyphy/ptII/ptolemy/domains/modal/test/auto/ImmediateTransitionsInstantaneousCommunication.xml (RunModel)" time="0.031" />
  <testcase classname="ptolemy.util.test.junit.AutoTests" name="[79] /home/travis/build/icyphy/ptII/ptolemy/domains/modal/test/auto/InitialImmediateTransition.xml (RunModel)" time="0.017" />
  <testcase classname="ptolemy.util.test.junit.AutoTests" name="[80] /home/travis/build/icyphy/ptII/ptolemy/domains/modal/test/auto/InitialOutputs.xml (RunModel)" time="0.016" />
  <testcase classname="ptolemy.util.test.junit.AutoTests" name="[81] /home/travis/build/icyphy/ptII/ptolemy/domains/modal/test/auto/InitialStateTransition1.xml (RunModel)" time="0.022" />
  <testcase classname="ptolemy.util.test.junit.AutoTests" name="[82] /home/travis/build/icyphy/ptII/ptolemy/domains/modal/test/auto/InitialStateTransition2.xml (RunModel)" time="0.022" />
  <testcase classname="ptolemy.util.test.junit.AutoTests" name="[83] /home/travis/build/icyphy/ptII/ptolemy/domains/modal/test/auto/InitialStateTransition3.xml (RunModel)" time="0.023" />
  <testcase classname="ptolemy.util.test.junit.AutoTests" name="[84] /home/travis/build/icyphy/ptII/ptolemy/domains/modal/test/auto/InitialStateTransition4.xml (RunModel)" time="0.026" />
  <testcase classname="ptolemy.util.test.junit.AutoTests" name="[85] /home/travis/build/icyphy/ptII/ptolemy/domains/modal/test/auto/MalformedGuardExpressionNotCaught.xml (RunModel)" time="0.027" />
  <testcase classname="ptolemy.util.test.junit.AutoTests" name="[86] /home/travis/build/icyphy/ptII/ptolemy/domains/modal/test/auto/ModalBSC.xml (RunModel)" time="0.089" />
  <testcase classname="ptolemy.util.test.junit.AutoTests" name="[87] /home/travis/build/icyphy/ptII/ptolemy/domains/modal/test/auto/ModalClocks.xml (RunModel)" time="0.086" />
  <testcase classname="ptolemy.util.test.junit.AutoTests" name="[88] /home/travis/build/icyphy/ptII/ptolemy/domains/modal/test/auto/ModalDelay.xml (RunModel)" time="0.055" />
  <testcase classname="ptolemy.util.test.junit.AutoTests" name="[89] /home/travis/build/icyphy/ptII/ptolemy/domains/modal/test/auto/ModalDelay2.xml (RunModel)" time="0.067" />
  <testcase classname="ptolemy.util.test.junit.AutoTests" name="[90] /home/travis/build/icyphy/ptII/ptolemy/domains/modal/test/auto/ModalModelFromMemo.xml (RunModel)" time="0.051" />
  <testcase classname="ptolemy.util.test.junit.AutoTests" name="[91] /home/travis/build/icyphy/ptII/ptolemy/domains/modal/test/auto/ModalModelWithMultirateTransient.xml (RunModel)" time="0.046" />
  <testcase classname="ptolemy.util.test.junit.AutoTests" name="[92] /home/travis/build/icyphy/ptII/ptolemy/domains/modal/test/auto/ModalModelWithReset.xml (RunModel)" time="0.036" />
  <testcase classname="ptolemy.util.test.junit.AutoTests" name="[93] /home/travis/build/icyphy/ptII/ptolemy/domains/modal/test/auto/MouseClickFSM.xml (RunModel)" time="0.038" />
  <testcase classname="ptolemy.util.test.junit.AutoTests" name="[94] /home/travis/build/icyphy/ptII/ptolemy/domains/modal/test/auto/MouseClickFSMModal.xml (RunModel)" time="0.036" />
  <testcase classname="ptolemy.util.test.junit.AutoTests" name="[95] /home/travis/build/icyphy/ptII/ptolemy/domains/modal/test/auto/NonStrictFSM_FeedbackLoop.xml (RunModel)" time="0.042" />
  <testcase classname="ptolemy.util.test.junit.AutoTests" name="[96] /home/travis/build/icyphy/ptII/ptolemy/domains/modal/test/auto/NonStrictFSM_FeedbackLoop_Refinement.xml (RunModel)" time="0.063" />
  <testcase classname="ptolemy.util.test.junit.AutoTests" name="[97] /home/travis/build/icyphy/ptII/ptolemy/domains/modal/test/auto/NonStrictFSM_FeedbackLoop_preemptive.xml (RunModel)" time="0.051" />
  <testcase classname="ptolemy.util.test.junit.AutoTests" name="[98] /home/travis/build/icyphy/ptII/ptolemy/domains/modal/test/auto/NormalTermination.xml (RunModel)" time="0.045" />
  <testcase classname="ptolemy.util.test.junit.AutoTests" name="[99] /home/travis/build/icyphy/ptII/ptolemy/domains/modal/test/auto/Pong.xml (RunModel)" time="0.08" />
  <testcase classname="ptolemy.util.test.junit.AutoTests" name="[100] /home/travis/build/icyphy/ptII/ptolemy/domains/modal/test/auto/Pong_test.xml (RunModel)" time="0.134" />
  <testcase classname="ptolemy.util.test.junit.AutoTests" name="[101] /home/travis/build/icyphy/ptII/ptolemy/domains/modal/test/auto/PreemptionHierarchy.xml (RunModel)" time="0.034" />
  <testcase classname="ptolemy.util.test.junit.AutoTests" name="[102] /home/travis/build/icyphy/ptII/ptolemy/domains/modal/test/auto/PreemptionHierarchy2.xml (RunModel)" time="0.038" />
  <testcase classname="ptolemy.util.test.junit.AutoTests" name="[103] /home/travis/build/icyphy/ptII/ptolemy/domains/modal/test/auto/PreemptiveTransition.xml (RunModel)" time="0.028" />
  <testcase classname="ptolemy.util.test.junit.AutoTests" name="[104] /home/travis/build/icyphy/ptII/ptolemy/domains/modal/test/auto/Priorities.xml (RunModel)" time="0.104" />
  <testcase classname="ptolemy.util.test.junit.AutoTests" name="[105] /home/travis/build/icyphy/ptII/ptolemy/domains/modal/test/auto/ResetFinal.xml (RunModel)" time="0.037" />
  <testcase classname="ptolemy.util.test.junit.AutoTests" name="[106] /home/travis/build/icyphy/ptII/ptolemy/domains/modal/test/auto/ResetFinal2.xml (RunModel)" time="0.03" />
  <testcase classname="ptolemy.util.test.junit.AutoTests" name="[107] /home/travis/build/icyphy/ptII/ptolemy/domains/modal/test/auto/ResetTransitionWithStartTime.xml (RunModel)" time="0.03" />
  <testcase classname="ptolemy.util.test.junit.AutoTests" name="[108] /home/travis/build/icyphy/ptII/ptolemy/domains/modal/test/auto/SDF-FSMComposite.xml (RunModel)" time="0.02" />
  <testcase classname="ptolemy.util.test.junit.AutoTests" name="[109] /home/travis/build/icyphy/ptII/ptolemy/domains/modal/test/auto/SeeminglyNondeterminate.xml (RunModel)" time="0.067" />
  <testcase classname="ptolemy.util.test.junit.AutoTests" name="[110] /home/travis/build/icyphy/ptII/ptolemy/domains/modal/test/auto/SeeminglyNondeterminate2.xml (RunModel)" time="0.076" />
  <testcase classname="ptolemy.util.test.junit.AutoTests" name="[111] /home/travis/build/icyphy/ptII/ptolemy/domains/modal/test/auto/SpontaneousFSM.xml (RunModel)" time="0.045" />
  <testcase classname="ptolemy.util.test.junit.AutoTests" name="[112] /home/travis/build/icyphy/ptII/ptolemy/domains/modal/test/auto/SpontaneousFSM2.xml (RunModel)" time="0.028" />
  <testcase classname="ptolemy.util.test.junit.AutoTests" name="[113] /home/travis/build/icyphy/ptII/ptolemy/domains/modal/test/auto/SpontaneousFSM3.xml (RunModel)" time="0.059" />
  <testcase classname="ptolemy.util.test.junit.AutoTests" name="[114] /home/travis/build/icyphy/ptII/ptolemy/domains/modal/test/auto/SpontaneousFSM4.xml (RunModel)" time="0.045" />
  <testcase classname="ptolemy.util.test.junit.AutoTests" name="[115] /home/travis/build/icyphy/ptII/ptolemy/domains/modal/test/auto/StateTrackerTest.xml (RunModel)" time="0.044" />
  <testcase classname="ptolemy.util.test.junit.AutoTests" name="[116] /home/travis/build/icyphy/ptII/ptolemy/domains/modal/test/auto/StrongImmediateTransition.xml (RunModel)" time="0.027" />
  <testcase classname="ptolemy.util.test.junit.AutoTests" name="[117] /home/travis/build/icyphy/ptII/ptolemy/domains/modal/test/auto/SustainHierarchy.xml (RunModel)" time="0.028" />
  <testcase classname="ptolemy.util.test.junit.AutoTests" name="[118] /home/travis/build/icyphy/ptII/ptolemy/domains/modal/test/auto/TerminationTransition1.xml (RunModel)" time="0.019" />
  <testcase classname="ptolemy.util.test.junit.AutoTests" name="[119] /home/travis/build/icyphy/ptII/ptolemy/domains/modal/test/auto/TerminationTransition2.xml (RunModel)" time="0.027" />
  <testcase classname="ptolemy.util.test.junit.AutoTests" name="[120] /home/travis/build/icyphy/ptII/ptolemy/domains/modal/test/auto/TerminationTransition3.xml (RunModel)" time="0.022" />
  <testcase classname="ptolemy.util.test.junit.AutoTests" name="[121] /home/travis/build/icyphy/ptII/ptolemy/domains/modal/test/auto/TerminationTransition4.xml (RunModel)" time="0.033" />
  <testcase classname="ptolemy.util.test.junit.AutoTests" name="[122] /home/travis/build/icyphy/ptII/ptolemy/domains/modal/test/auto/TerminationTransition5.xml (RunModel)" time="0.031" />
  <testcase classname="ptolemy.util.test.junit.AutoTests" name="[123] /home/travis/build/icyphy/ptII/ptolemy/domains/modal/test/auto/TerminationTransition6.xml (RunModel)" time="0.02" />
  <testcase classname="ptolemy.util.test.junit.AutoTests" name="[124] /home/travis/build/icyphy/ptII/ptolemy/domains/modal/test/auto/TerminationTransition7.xml (RunModel)" time="0.019" />
  <testcase classname="ptolemy.util.test.junit.AutoTests" name="[125] /home/travis/build/icyphy/ptII/ptolemy/domains/modal/test/auto/TerminationTransition8.xml (RunModel)" time="0.024" />
  <testcase classname="ptolemy.util.test.junit.AutoTests" name="[126] /home/travis/build/icyphy/ptII/ptolemy/domains/modal/test/auto/Thermostat_NoHysteresis.xml (RunModel)" time="0.082" />
  <testcase classname="ptolemy.util.test.junit.AutoTests" name="[127] /home/travis/build/icyphy/ptII/ptolemy/domains/modal/test/auto/TimedFSM.xml (RunModel)" time="0.03" />
  <testcase classname="ptolemy.util.test.junit.AutoTests" name="[128] /home/travis/build/icyphy/ptII/ptolemy/domains/modal/test/auto/Timeout1.xml (RunModel)" time="0.013" />
  <testcase classname="ptolemy.util.test.junit.AutoTests" name="[129] /home/travis/build/icyphy/ptII/ptolemy/domains/modal/test/auto/Timeout2.xml (RunModel)" time="0.021" />
  <testcase classname="ptolemy.util.test.junit.AutoTests" name="[130] /home/travis/build/icyphy/ptII/ptolemy/domains/modal/test/auto/Timeout3.xml (RunModel)" time="0.017" />
  <testcase classname="ptolemy.util.test.junit.AutoTests" name="[131] /home/travis/build/icyphy/ptII/ptolemy/domains/modal/test/auto/Timeout4.xml (RunModel)" time="0.015" />
  <testcase classname="ptolemy.util.test.junit.AutoTests" name="[132] /home/travis/build/icyphy/ptII/ptolemy/domains/modal/test/auto/TransientstateModelAdvanced.xml (RunModel)" time="0.028" />
  <testcase classname="ptolemy.util.test.junit.AutoTests" name="[133] /home/travis/build/icyphy/ptII/ptolemy/domains/modal/test/auto/TransientstateModelAdvanced2.xml (RunModel)" time="0.051" />
  <testcase classname="ptolemy.util.test.junit.AutoTests" name="[134] /home/travis/build/icyphy/ptII/ptolemy/domains/modal/test/auto/TransitionRefinements.xml (RunModel)" time="0.026" />
  <testcase classname="ptolemy.util.test.junit.AutoTests" name="[135] /home/travis/build/icyphy/ptII/ptolemy/domains/modal/test/auto/TwoRefinements1.xml (RunModel)" time="0.025" />
  <testcase classname="ptolemy.util.test.junit.AutoTests" name="[136] /home/travis/build/icyphy/ptII/ptolemy/domains/modal/test/auto/TwoRefinements2.xml (RunModel)" time="0.025" />
  <testcase classname="ptolemy.util.test.junit.AutoTests" name="[137] /home/travis/build/icyphy/ptII/ptolemy/domains/modal/test/auto/WeakImmediateTransition.xml (RunModel)" time="0.028" />
  <testcase classname="ptolemy.util.test.junit.AutoTests" name="[138] /home/travis/build/icyphy/ptII/ptolemy/domains/modal/test/auto/booleanSelect.xml (RunModel)" time="0.077" />
  <testcase classname="ptolemy.util.test.junit.AutoTests" name="[139] /home/travis/build/icyphy/ptII/ptolemy/domains/modal/test/auto/modalChangingParams.xml (RunModel)" time="0.313" />
  <testcase classname="ptolemy.util.test.junit.AutoTests" name="[140] /home/travis/build/icyphy/ptII/ptolemy/domains/modal/test/auto/modalModel.xml (RunModel)" time="0.021" />
  <testcase classname="ptolemy.util.test.junit.AutoTests" name="[141] /home/travis/build/icyphy/ptII/ptolemy/domains/modal/test/auto/modalModel2.xml (RunModel)" time="0.03" />
  <testcase classname="ptolemy.util.test.junit.AutoTests" name="[142] /home/travis/build/icyphy/ptII/ptolemy/domains/modal/test/auto/modalModel3.xml (RunModel)" time="0.042" />
  <testcase classname="ptolemy.util.test.junit.AutoTests" name="[143] /home/travis/build/icyphy/ptII/ptolemy/domains/modal/test/auto/model1.xml (RunModel)" time="0.021" />
  <testcase classname="ptolemy.util.test.junit.AutoTests" name="[144] /home/travis/build/icyphy/ptII/ptolemy/domains/modal/test/auto/test-direct-in-out.xml (RunModel)" time="0.024" />
  <system-out><![CDATA[/home/travis/build/icyphy/ptII/ptolemy/domains/modal/test/SystemLevelType.tcl
testDefs.tcl: setting time out to 9000 seconds at Thu Jun 27 04:42:25 UTC 2019
06/27/19 04:42:27
Failed: 0  Total Tests: 1  ((Passed: 1, Newly Passed: 0)  Known Failed: 0) /home/travis/build/icyphy/ptII/ptolemy/domains/modal/test
----------------- testing (KnownFailure) /home/travis/build/icyphy/ptII/ptolemy/domains/modal/test/auto/knownFailedTests/CannotAnalysisWithPreemption.xml
149 ms. Memory: 179200K Free: 140154K (78%)
Known Failure: java.lang.reflect.InvocationTargetException
No auto/linux-amd64/*.xml tests in /home/travis/build/icyphy/ptII/ptolemy/domains/modal/test
AutoTests.java: About to close Vertx.
AutoTests.java: Vertx closed.

===========================================================================================
----------------- testing Thu Jun 27 04:42:27 UTC 2019 /home/travis/build/icyphy/ptII/ptolemy/domains/modal/test/auto/ABPTest.xml
----------------- Instantiating /home/travis/build/icyphy/ptII/ptolemy/domains/modal/test/auto/ABPTest.xml
402 ms. Memory: 232448K Free: 213431K (92%)
----------------- Invoking toplevel() on ptolemy.moml.MoMLSimpleApplication@59e9add7
----------------- Done invoking toplevel() on ptolemy.moml.MoMLSimpleApplication@59e9add7
reloadAllAccessors: .ABPTest

===========================================================================================
----------------- testing Thu Jun 27 04:42:28 UTC 2019 /home/travis/build/icyphy/ptII/ptolemy/domains/modal/test/auto/ABROFlat.xml
----------------- Instantiating /home/travis/build/icyphy/ptII/ptolemy/domains/modal/test/auto/ABROFlat.xml
35 ms. Memory: 232448K Free: 197118K (85%)
----------------- Invoking toplevel() on ptolemy.moml.MoMLSimpleApplication@5b09df58
----------------- Done invoking toplevel() on ptolemy.moml.MoMLSimpleApplication@5b09df58
reloadAllAccessors: .ABROFlat

===========================================================================================
----------------- testing Thu Jun 27 04:42:28 UTC 2019 /home/travis/build/icyphy/ptII/ptolemy/domains/modal/test/auto/ABROFlat2.xml
----------------- Instantiating /home/travis/build/icyphy/ptII/ptolemy/domains/modal/test/auto/ABROFlat2.xml
26 ms. Memory: 232448K Free: 180224K (78%)
----------------- Invoking toplevel() on ptolemy.moml.MoMLSimpleApplication@b848fd7
----------------- Done invoking toplevel() on ptolemy.moml.MoMLSimpleApplication@b848fd7
reloadAllAccessors: .ABROFlat2

===========================================================================================
----------------- testing Thu Jun 27 04:42:28 UTC 2019 /home/travis/build/icyphy/ptII/ptolemy/domains/modal/test/auto/ABRO_present_hmm.xml
----------------- Instantiating /home/travis/build/icyphy/ptII/ptolemy/domains/modal/test/auto/ABRO_present_hmm.xml
42 ms. Memory: 232448K Free: 153600K (66%)
----------------- Invoking toplevel() on ptolemy.moml.MoMLSimpleApplication@75fdb16a
----------------- Done invoking toplevel() on ptolemy.moml.MoMLSimpleApplication@75fdb16a
reloadAllAccessors: .ABRO_present_hmm

===========================================================================================
----------------- testing Thu Jun 27 04:42:29 UTC 2019 /home/travis/build/icyphy/ptII/ptolemy/domains/modal/test/auto/AMICoderExample.xml
----------------- Instantiating /home/travis/build/icyphy/ptII/ptolemy/domains/modal/test/auto/AMICoderExample.xml
25 ms. Memory: 232448K Free: 142839K (61%)
----------------- Invoking toplevel() on ptolemy.moml.MoMLSimpleApplication@532802f1
----------------- Done invoking toplevel() on ptolemy.moml.MoMLSimpleApplication@532802f1
reloadAllAccessors: .AMICoderExample

===========================================================================================
----------------- testing Thu Jun 27 04:42:29 UTC 2019 /home/travis/build/icyphy/ptII/ptolemy/domains/modal/test/auto/AbsentToPresent.xml
----------------- Instantiating /home/travis/build/icyphy/ptII/ptolemy/domains/modal/test/auto/AbsentToPresent.xml
8 ms. Memory: 232448K Free: 138735K (60%)
----------------- Invoking toplevel() on ptolemy.moml.MoMLSimpleApplication@79ea93
----------------- Done invoking toplevel() on ptolemy.moml.MoMLSimpleApplication@79ea93
reloadAllAccessors: .AbsentToPresent

===========================================================================================
----------------- testing Thu Jun 27 04:42:29 UTC 2019 /home/travis/build/icyphy/ptII/ptolemy/domains/modal/test/auto/Blending.xml
----------------- Instantiating /home/travis/build/icyphy/ptII/ptolemy/domains/modal/test/auto/Blending.xml
154 ms. Memory: 232448K Free: 94208K (41%)
----------------- Invoking toplevel() on ptolemy.moml.MoMLSimpleApplication@10c58c09
----------------- Done invoking toplevel() on ptolemy.moml.MoMLSimpleApplication@10c58c09
reloadAllAccessors: .Blending

===========================================================================================
----------------- testing Thu Jun 27 04:42:29 UTC 2019 /home/travis/build/icyphy/ptII/ptolemy/domains/modal/test/auto/Broadcast.xml
----------------- Instantiating /home/travis/build/icyphy/ptII/ptolemy/domains/modal/test/auto/Broadcast.xml
7 ms. Memory: 232448K Free: 84478K (36%)
----------------- Invoking toplevel() on ptolemy.moml.MoMLSimpleApplication@2db26103
----------------- Done invoking toplevel() on ptolemy.moml.MoMLSimpleApplication@2db26103
reloadAllAccessors: .Broadcast

===========================================================================================
----------------- testing Thu Jun 27 04:42:29 UTC 2019 /home/travis/build/icyphy/ptII/ptolemy/domains/modal/test/auto/BroadcastHierarchy.xml
----------------- Instantiating /home/travis/build/icyphy/ptII/ptolemy/domains/modal/test/auto/BroadcastHierarchy.xml
8 ms. Memory: 232448K Free: 201711K (87%)
----------------- Invoking toplevel() on ptolemy.moml.MoMLSimpleApplication@2a34d0a4
----------------- Done invoking toplevel() on ptolemy.moml.MoMLSimpleApplication@2a34d0a4
reloadAllAccessors: .BroadcastHierarchy

===========================================================================================
----------------- testing Thu Jun 27 04:42:29 UTC 2019 /home/travis/build/icyphy/ptII/ptolemy/domains/modal/test/auto/BroadcastHierarchy2.xml
----------------- Instantiating /home/travis/build/icyphy/ptII/ptolemy/domains/modal/test/auto/BroadcastHierarchy2.xml
19 ms. Memory: 232448K Free: 175102K (75%)
----------------- Invoking toplevel() on ptolemy.moml.MoMLSimpleApplication@707d1518
----------------- Done invoking toplevel() on ptolemy.moml.MoMLSimpleApplication@707d1518
reloadAllAccessors: .BroadcastHierarchy2

===========================================================================================
----------------- testing Thu Jun 27 04:42:29 UTC 2019 /home/travis/build/icyphy/ptII/ptolemy/domains/modal/test/auto/BroadcastHierarchy3.xml
----------------- Instantiating /home/travis/build/icyphy/ptII/ptolemy/domains/modal/test/auto/BroadcastHierarchy3.xml
14 ms. Memory: 232448K Free: 155136K (67%)
----------------- Invoking toplevel() on ptolemy.moml.MoMLSimpleApplication@246be9e0
----------------- Done invoking toplevel() on ptolemy.moml.MoMLSimpleApplication@246be9e0
reloadAllAccessors: .BroadcastHierarchy3

===========================================================================================
----------------- testing Thu Jun 27 04:42:29 UTC 2019 /home/travis/build/icyphy/ptII/ptolemy/domains/modal/test/auto/BroadcastHierarchy4.xml
----------------- Instantiating /home/travis/build/icyphy/ptII/ptolemy/domains/modal/test/auto/BroadcastHierarchy4.xml
20 ms. Memory: 232448K Free: 131070K (56%)
----------------- Invoking toplevel() on ptolemy.moml.MoMLSimpleApplication@384b25ea
----------------- Done invoking toplevel() on ptolemy.moml.MoMLSimpleApplication@384b25ea
reloadAllAccessors: .BroadcastHierarchy4

===========================================================================================
----------------- testing Thu Jun 27 04:42:29 UTC 2019 /home/travis/build/icyphy/ptII/ptolemy/domains/modal/test/auto/CannotAnalysisWithPreemption2.xml
----------------- Instantiating /home/travis/build/icyphy/ptII/ptolemy/domains/modal/test/auto/CannotAnalysisWithPreemption2.xml
5 ms. Memory: 232448K Free: 123887K (53%)
----------------- Invoking toplevel() on ptolemy.moml.MoMLSimpleApplication@3b2f13ee
----------------- Done invoking toplevel() on ptolemy.moml.MoMLSimpleApplication@3b2f13ee
reloadAllAccessors: .CannotAnalysisWithPreemption2

===========================================================================================
----------------- testing Thu Jun 27 04:42:29 UTC 2019 /home/travis/build/icyphy/ptII/ptolemy/domains/modal/test/auto/CannotAnalysisWithPreemption3.xml
----------------- Instantiating /home/travis/build/icyphy/ptII/ptolemy/domains/modal/test/auto/CannotAnalysisWithPreemption3.xml
6 ms. Memory: 232448K Free: 113647K (49%)
----------------- Invoking toplevel() on ptolemy.moml.MoMLSimpleApplication@42036f62
----------------- Done invoking toplevel() on ptolemy.moml.MoMLSimpleApplication@42036f62
reloadAllAccessors: .CannotAnalysisWithPreemption3

===========================================================================================
----------------- testing Thu Jun 27 04:42:30 UTC 2019 /home/travis/build/icyphy/ptII/ptolemy/domains/modal/test/auto/CannotProduce.xml
----------------- Instantiating /home/travis/build/icyphy/ptII/ptolemy/domains/modal/test/auto/CannotProduce.xml
16 ms. Memory: 232448K Free: 107518K (46%)
----------------- Invoking toplevel() on ptolemy.moml.MoMLSimpleApplication@6d1dfe09
----------------- Done invoking toplevel() on ptolemy.moml.MoMLSimpleApplication@6d1dfe09
reloadAllAccessors: .CannotProduce

===========================================================================================
----------------- testing Thu Jun 27 04:42:30 UTC 2019 /home/travis/build/icyphy/ptII/ptolemy/domains/modal/test/auto/CannotProduceModal.xml
----------------- Instantiating /home/travis/build/icyphy/ptII/ptolemy/domains/modal/test/auto/CannotProduceModal.xml
8 ms. Memory: 232448K Free: 100343K (43%)
----------------- Invoking toplevel() on ptolemy.moml.MoMLSimpleApplication@1d28c5
----------------- Done invoking toplevel() on ptolemy.moml.MoMLSimpleApplication@1d28c5
reloadAllAccessors: .CannotProduceModal

===========================================================================================
----------------- testing Thu Jun 27 04:42:30 UTC 2019 /home/travis/build/icyphy/ptII/ptolemy/domains/modal/test/auto/Case.xml
----------------- Instantiating /home/travis/build/icyphy/ptII/ptolemy/domains/modal/test/auto/Case.xml
37 ms. Memory: 232448K Free: 89086K (38%)
----------------- Invoking toplevel() on ptolemy.moml.MoMLSimpleApplication@335944e0
----------------- Done invoking toplevel() on ptolemy.moml.MoMLSimpleApplication@335944e0
reloadAllAccessors: .Case

===========================================================================================
----------------- testing Thu Jun 27 04:42:30 UTC 2019 /home/travis/build/icyphy/ptII/ptolemy/domains/modal/test/auto/Case1.xml
----------------- Instantiating /home/travis/build/icyphy/ptII/ptolemy/domains/modal/test/auto/Case1.xml
23 ms. Memory: 232448K Free: 213241K (92%)
----------------- Invoking toplevel() on ptolemy.moml.MoMLSimpleApplication@5bd311f0
----------------- Done invoking toplevel() on ptolemy.moml.MoMLSimpleApplication@5bd311f0
reloadAllAccessors: .Case1

===========================================================================================
----------------- testing Thu Jun 27 04:42:30 UTC 2019 /home/travis/build/icyphy/ptII/ptolemy/domains/modal/test/auto/Case2.xml
----------------- Instantiating /home/travis/build/icyphy/ptII/ptolemy/domains/modal/test/auto/Case2.xml
16 ms. Memory: 232448K Free: 202240K (87%)
----------------- Invoking toplevel() on ptolemy.moml.MoMLSimpleApplication@4bff4fc3
----------------- Done invoking toplevel() on ptolemy.moml.MoMLSimpleApplication@4bff4fc3
reloadAllAccessors: .Case2

===========================================================================================
----------------- testing Thu Jun 27 04:42:30 UTC 2019 /home/travis/build/icyphy/ptII/ptolemy/domains/modal/test/auto/CausalityInterface1.xml
----------------- Instantiating /home/travis/build/icyphy/ptII/ptolemy/domains/modal/test/auto/CausalityInterface1.xml
5 ms. Memory: 232448K Free: 197120K (85%)
----------------- Invoking toplevel() on ptolemy.moml.MoMLSimpleApplication@7791d563
----------------- Done invoking toplevel() on ptolemy.moml.MoMLSimpleApplication@7791d563
reloadAllAccessors: .CausalityInterface1

===========================================================================================
----------------- testing Thu Jun 27 04:42:30 UTC 2019 /home/travis/build/icyphy/ptII/ptolemy/domains/modal/test/auto/CausalityInterface10.xml
----------------- Instantiating /home/travis/build/icyphy/ptII/ptolemy/domains/modal/test/auto/CausalityInterface10.xml
13 ms. Memory: 232448K Free: 183808K (79%)
----------------- Invoking toplevel() on ptolemy.moml.MoMLSimpleApplication@737383d8
----------------- Done invoking toplevel() on ptolemy.moml.MoMLSimpleApplication@737383d8
reloadAllAccessors: .CausalityInterface10

===========================================================================================
----------------- testing Thu Jun 27 04:42:30 UTC 2019 /home/travis/build/icyphy/ptII/ptolemy/domains/modal/test/auto/CausalityInterface11.xml
----------------- Instantiating /home/travis/build/icyphy/ptII/ptolemy/domains/modal/test/auto/CausalityInterface11.xml
8 ms. Memory: 232448K Free: 170496K (73%)
----------------- Invoking toplevel() on ptolemy.moml.MoMLSimpleApplication@224f1b0
----------------- Done invoking toplevel() on ptolemy.moml.MoMLSimpleApplication@224f1b0
reloadAllAccessors: .CausalityInterface11

===========================================================================================
----------------- testing Thu Jun 27 04:42:30 UTC 2019 /home/travis/build/icyphy/ptII/ptolemy/domains/modal/test/auto/CausalityInterface12.xml
----------------- Instantiating /home/travis/build/icyphy/ptII/ptolemy/domains/modal/test/auto/CausalityInterface12.xml
11 ms. Memory: 232448K Free: 157184K (68%)
----------------- Invoking toplevel() on ptolemy.moml.MoMLSimpleApplication@1a3bbf9
----------------- Done invoking toplevel() on ptolemy.moml.MoMLSimpleApplication@1a3bbf9
reloadAllAccessors: .CausalityInterface12

===========================================================================================
----------------- testing Thu Jun 27 04:42:30 UTC 2019 /home/travis/build/icyphy/ptII/ptolemy/domains/modal/test/auto/CausalityInterface13.xml
----------------- Instantiating /home/travis/build/icyphy/ptII/ptolemy/domains/modal/test/auto/CausalityInterface13.xml
9 ms. Memory: 232448K Free: 143351K (62%)
----------------- Invoking toplevel() on ptolemy.moml.MoMLSimpleApplication@3dfab582
----------------- Done invoking toplevel() on ptolemy.moml.MoMLSimpleApplication@3dfab582
reloadAllAccessors: .CausalityInterface13

===========================================================================================
----------------- testing Thu Jun 27 04:42:30 UTC 2019 /home/travis/build/icyphy/ptII/ptolemy/domains/modal/test/auto/CausalityInterface14.xml
----------------- Instantiating /home/travis/build/icyphy/ptII/ptolemy/domains/modal/test/auto/CausalityInterface14.xml
8 ms. Memory: 232448K Free: 130031K (56%)
----------------- Invoking toplevel() on ptolemy.moml.MoMLSimpleApplication@7438a328
----------------- Done invoking toplevel() on ptolemy.moml.MoMLSimpleApplication@7438a328
reloadAllAccessors: .CausalityInterface14

===========================================================================================
----------------- testing Thu Jun 27 04:42:30 UTC 2019 /home/travis/build/icyphy/ptII/ptolemy/domains/modal/test/auto/CausalityInterface2.xml
----------------- Instantiating /home/travis/build/icyphy/ptII/ptolemy/domains/modal/test/auto/CausalityInterface2.xml
4 ms. Memory: 232448K Free: 123392K (53%)
----------------- Invoking toplevel() on ptolemy.moml.MoMLSimpleApplication@118dad28
----------------- Done invoking toplevel() on ptolemy.moml.MoMLSimpleApplication@118dad28
reloadAllAccessors: .CausalityInterface2

===========================================================================================
----------------- testing Thu Jun 27 04:42:30 UTC 2019 /home/travis/build/icyphy/ptII/ptolemy/domains/modal/test/auto/CausalityInterface3.xml
----------------- Instantiating /home/travis/build/icyphy/ptII/ptolemy/domains/modal/test/auto/CausalityInterface3.xml
3 ms. Memory: 232448K Free: 116719K (50%)
----------------- Invoking toplevel() on ptolemy.moml.MoMLSimpleApplication@7916483
----------------- Done invoking toplevel() on ptolemy.moml.MoMLSimpleApplication@7916483
reloadAllAccessors: .CausalityInterface3

===========================================================================================
----------------- testing Thu Jun 27 04:42:30 UTC 2019 /home/travis/build/icyphy/ptII/ptolemy/domains/modal/test/auto/CausalityInterface4.xml
----------------- Instantiating /home/travis/build/icyphy/ptII/ptolemy/domains/modal/test/auto/CausalityInterface4.xml
3 ms. Memory: 232448K Free: 110080K (47%)
----------------- Invoking toplevel() on ptolemy.moml.MoMLSimpleApplication@539eb8cc
----------------- Done invoking toplevel() on ptolemy.moml.MoMLSimpleApplication@539eb8cc
reloadAllAccessors: .CausalityInterface4

===========================================================================================
----------------- testing Thu Jun 27 04:42:30 UTC 2019 /home/travis/build/icyphy/ptII/ptolemy/domains/modal/test/auto/CausalityInterface5.xml
----------------- Instantiating /home/travis/build/icyphy/ptII/ptolemy/domains/modal/test/auto/CausalityInterface5.xml
6 ms. Memory: 232448K Free: 101888K (44%)
----------------- Invoking toplevel() on ptolemy.moml.MoMLSimpleApplication@570b8afc
----------------- Done invoking toplevel() on ptolemy.moml.MoMLSimpleApplication@570b8afc
reloadAllAccessors: .CausalityInterface5

===========================================================================================
----------------- testing Thu Jun 27 04:42:30 UTC 2019 /home/travis/build/icyphy/ptII/ptolemy/domains/modal/test/auto/CausalityInterface6.xml
----------------- Instantiating /home/travis/build/icyphy/ptII/ptolemy/domains/modal/test/auto/CausalityInterface6.xml
3 ms. Memory: 232448K Free: 93696K (40%)
----------------- Invoking toplevel() on ptolemy.moml.MoMLSimpleApplication@3e6dc378
----------------- Done invoking toplevel() on ptolemy.moml.MoMLSimpleApplication@3e6dc378
reloadAllAccessors: .CausalityInterface6

===========================================================================================
----------------- testing Thu Jun 27 04:42:30 UTC 2019 /home/travis/build/icyphy/ptII/ptolemy/domains/modal/test/auto/CausalityInterface7.xml
----------------- Instantiating /home/travis/build/icyphy/ptII/ptolemy/domains/modal/test/auto/CausalityInterface7.xml
3 ms. Memory: 232448K Free: 85504K (37%)
----------------- Invoking toplevel() on ptolemy.moml.MoMLSimpleApplication@40120c95
----------------- Done invoking toplevel() on ptolemy.moml.MoMLSimpleApplication@40120c95
reloadAllAccessors: .CausalityInterface7

===========================================================================================
----------------- testing Thu Jun 27 04:42:30 UTC 2019 /home/travis/build/icyphy/ptII/ptolemy/domains/modal/test/auto/CausalityInterface8.xml
----------------- Instantiating /home/travis/build/icyphy/ptII/ptolemy/domains/modal/test/auto/CausalityInterface8.xml
6 ms. Memory: 232448K Free: 208384K (90%)
----------------- Invoking toplevel() on ptolemy.moml.MoMLSimpleApplication@cb018c9
----------------- Done invoking toplevel() on ptolemy.moml.MoMLSimpleApplication@cb018c9
reloadAllAccessors: .CausalityInterface8

===========================================================================================
----------------- testing Thu Jun 27 04:42:30 UTC 2019 /home/travis/build/icyphy/ptII/ptolemy/domains/modal/test/auto/CausalityInterface9.xml
----------------- Instantiating /home/travis/build/icyphy/ptII/ptolemy/domains/modal/test/auto/CausalityInterface9.xml
7 ms. Memory: 232448K Free: 199168K (86%)
----------------- Invoking toplevel() on ptolemy.moml.MoMLSimpleApplication@1cf10dec
----------------- Done invoking toplevel() on ptolemy.moml.MoMLSimpleApplication@1cf10dec
reloadAllAccessors: .CausalityInterface9

===========================================================================================
----------------- testing Thu Jun 27 04:42:30 UTC 2019 /home/travis/build/icyphy/ptII/ptolemy/domains/modal/test/auto/ChainedTransitions.xml
----------------- Instantiating /home/travis/build/icyphy/ptII/ptolemy/domains/modal/test/auto/ChainedTransitions.xml
93 ms. Memory: 232448K Free: 174063K (75%)
----------------- Invoking toplevel() on ptolemy.moml.MoMLSimpleApplication@72ec4fcc
----------------- Done invoking toplevel() on ptolemy.moml.MoMLSimpleApplication@72ec4fcc
reloadAllAccessors: .ChainedTransitions

===========================================================================================
----------------- testing Thu Jun 27 04:42:31 UTC 2019 /home/travis/build/icyphy/ptII/ptolemy/domains/modal/test/auto/CycleOfImmediateTransitionsFSM.xml
----------------- Instantiating /home/travis/build/icyphy/ptII/ptolemy/domains/modal/test/auto/CycleOfImmediateTransitionsFSM.xml
2 ms. Memory: 232448K Free: 167934K (72%)
----------------- Invoking toplevel() on ptolemy.moml.MoMLSimpleApplication@3cc2e89f
----------------- Done invoking toplevel() on ptolemy.moml.MoMLSimpleApplication@3cc2e89f
reloadAllAccessors: .CycleOfImmediateTransitionsFSM

===========================================================================================
----------------- testing Thu Jun 27 04:42:31 UTC 2019 /home/travis/build/icyphy/ptII/ptolemy/domains/modal/test/auto/CycleOfImmediateTransitionsModal.xml
----------------- Instantiating /home/travis/build/icyphy/ptII/ptolemy/domains/modal/test/auto/CycleOfImmediateTransitionsModal.xml
3 ms. Memory: 232448K Free: 161790K (70%)
----------------- Invoking toplevel() on ptolemy.moml.MoMLSimpleApplication@3b4844b9
----------------- Done invoking toplevel() on ptolemy.moml.MoMLSimpleApplication@3b4844b9
reloadAllAccessors: .CycleOfImmediateTransitionsModal

===========================================================================================
----------------- testing Thu Jun 27 04:42:31 UTC 2019 /home/travis/build/icyphy/ptII/ptolemy/domains/modal/test/auto/CycleOfImmediateTransitionsModal2.xml
----------------- Instantiating /home/travis/build/icyphy/ptII/ptolemy/domains/modal/test/auto/CycleOfImmediateTransitionsModal2.xml
7 ms. Memory: 232448K Free: 155136K (67%)
----------------- Invoking toplevel() on ptolemy.moml.MoMLSimpleApplication@4b01a38d
----------------- Done invoking toplevel() on ptolemy.moml.MoMLSimpleApplication@4b01a38d
reloadAllAccessors: .CycleOfImmediateTransitionsModal2

===========================================================================================
----------------- testing Thu Jun 27 04:42:31 UTC 2019 /home/travis/build/icyphy/ptII/ptolemy/domains/modal/test/auto/CycleOfImmediateTransitionsModal3.xml
----------------- Instantiating /home/travis/build/icyphy/ptII/ptolemy/domains/modal/test/auto/CycleOfImmediateTransitionsModal3.xml
10 ms. Memory: 232448K Free: 132608K (57%)
----------------- Invoking toplevel() on ptolemy.moml.MoMLSimpleApplication@2a4bc5a8
----------------- Done invoking toplevel() on ptolemy.moml.MoMLSimpleApplication@2a4bc5a8
reloadAllAccessors: .CycleOfImmediateTransitionsModal3

===========================================================================================
----------------- testing Thu Jun 27 04:42:31 UTC 2019 /home/travis/build/icyphy/ptII/ptolemy/domains/modal/test/auto/DeepModal1.xml
----------------- Instantiating /home/travis/build/icyphy/ptII/ptolemy/domains/modal/test/auto/DeepModal1.xml
29 ms. Memory: 232448K Free: 118751K (51%)
----------------- Invoking toplevel() on ptolemy.moml.MoMLSimpleApplication@5609a01e
----------------- Done invoking toplevel() on ptolemy.moml.MoMLSimpleApplication@5609a01e
reloadAllAccessors: .DeepModal1

===========================================================================================
----------------- testing Thu Jun 27 04:42:31 UTC 2019 /home/travis/build/icyphy/ptII/ptolemy/domains/modal/test/auto/DeepModal2.xml
----------------- Instantiating /home/travis/build/icyphy/ptII/ptolemy/domains/modal/test/auto/DeepModal2.xml
29 ms. Memory: 232448K Free: 99840K (43%)
----------------- Invoking toplevel() on ptolemy.moml.MoMLSimpleApplication@1572ab5e
----------------- Done invoking toplevel() on ptolemy.moml.MoMLSimpleApplication@1572ab5e
reloadAllAccessors: .DeepModal2

===========================================================================================
----------------- testing Thu Jun 27 04:42:31 UTC 2019 /home/travis/build/icyphy/ptII/ptolemy/domains/modal/test/auto/DeepModal3.xml
----------------- Instantiating /home/travis/build/icyphy/ptII/ptolemy/domains/modal/test/auto/DeepModal3.xml
50 ms. Memory: 311296K Free: 290906K (93%)
----------------- Invoking toplevel() on ptolemy.moml.MoMLSimpleApplication@40d102c2
----------------- Done invoking toplevel() on ptolemy.moml.MoMLSimpleApplication@40d102c2
reloadAllAccessors: .DeepModal3

===========================================================================================
----------------- testing Thu Jun 27 04:42:31 UTC 2019 /home/travis/build/icyphy/ptII/ptolemy/domains/modal/test/auto/DeepModal4.xml
----------------- Instantiating /home/travis/build/icyphy/ptII/ptolemy/domains/modal/test/auto/DeepModal4.xml
22 ms. Memory: 311296K Free: 270848K (87%)
----------------- Invoking toplevel() on ptolemy.moml.MoMLSimpleApplication@6b822afe
----------------- Done invoking toplevel() on ptolemy.moml.MoMLSimpleApplication@6b822afe
reloadAllAccessors: .DeepModal4

===========================================================================================
----------------- testing Thu Jun 27 04:42:31 UTC 2019 /home/travis/build/icyphy/ptII/ptolemy/domains/modal/test/auto/Default1.xml
----------------- Instantiating /home/travis/build/icyphy/ptII/ptolemy/domains/modal/test/auto/Default1.xml
2 ms. Memory: 311296K Free: 264704K (85%)
----------------- Invoking toplevel() on ptolemy.moml.MoMLSimpleApplication@d25190e
----------------- Done invoking toplevel() on ptolemy.moml.MoMLSimpleApplication@d25190e
reloadAllAccessors: .Default1

===========================================================================================
----------------- testing Thu Jun 27 04:42:31 UTC 2019 /home/travis/build/icyphy/ptII/ptolemy/domains/modal/test/auto/Default2.xml
----------------- Instantiating /home/travis/build/icyphy/ptII/ptolemy/domains/modal/test/auto/Default2.xml
2 ms. Memory: 311296K Free: 259070K (83%)
----------------- Invoking toplevel() on ptolemy.moml.MoMLSimpleApplication@5a9cad1f
----------------- Done invoking toplevel() on ptolemy.moml.MoMLSimpleApplication@5a9cad1f
reloadAllAccessors: .Default2

===========================================================================================
----------------- testing Thu Jun 27 04:42:31 UTC 2019 /home/travis/build/icyphy/ptII/ptolemy/domains/modal/test/auto/Default3.xml
----------------- Instantiating /home/travis/build/icyphy/ptII/ptolemy/domains/modal/test/auto/Default3.xml
3 ms. Memory: 311296K Free: 252926K (81%)
----------------- Invoking toplevel() on ptolemy.moml.MoMLSimpleApplication@8ae33b3
----------------- Done invoking toplevel() on ptolemy.moml.MoMLSimpleApplication@8ae33b3
reloadAllAccessors: .Default3

===========================================================================================
----------------- testing Thu Jun 27 04:42:31 UTC 2019 /home/travis/build/icyphy/ptII/ptolemy/domains/modal/test/auto/Default4.xml
----------------- Instantiating /home/travis/build/icyphy/ptII/ptolemy/domains/modal/test/auto/Default4.xml
3 ms. Memory: 311296K Free: 246782K (79%)
----------------- Invoking toplevel() on ptolemy.moml.MoMLSimpleApplication@58879d05
----------------- Done invoking toplevel() on ptolemy.moml.MoMLSimpleApplication@58879d05
reloadAllAccessors: .Default4

===========================================================================================
----------------- testing Thu Jun 27 04:42:31 UTC 2019 /home/travis/build/icyphy/ptII/ptolemy/domains/modal/test/auto/Default5.xml
----------------- Instantiating /home/travis/build/icyphy/ptII/ptolemy/domains/modal/test/auto/Default5.xml
3 ms. Memory: 311296K Free: 238583K (77%)
----------------- Invoking toplevel() on ptolemy.moml.MoMLSimpleApplication@42e96cd8
----------------- Done invoking toplevel() on ptolemy.moml.MoMLSimpleApplication@42e96cd8
reloadAllAccessors: .Default5

===========================================================================================
----------------- testing Thu Jun 27 04:42:31 UTC 2019 /home/travis/build/icyphy/ptII/ptolemy/domains/modal/test/auto/EmptyGuard.xml
----------------- Instantiating /home/travis/build/icyphy/ptII/ptolemy/domains/modal/test/auto/EmptyGuard.xml
10 ms. Memory: 311296K Free: 230910K (74%)
----------------- Invoking toplevel() on ptolemy.moml.MoMLSimpleApplication@47a6d7f6
----------------- Done invoking toplevel() on ptolemy.moml.MoMLSimpleApplication@47a6d7f6
reloadAllAccessors: .EmptyGuard

===========================================================================================
----------------- testing Thu Jun 27 04:42:31 UTC 2019 /home/travis/build/icyphy/ptII/ptolemy/domains/modal/test/auto/ErrorTransition1.xml
----------------- Instantiating /home/travis/build/icyphy/ptII/ptolemy/domains/modal/test/auto/ErrorTransition1.xml
9 ms. Memory: 311296K Free: 222206K (71%)
----------------- Invoking toplevel() on ptolemy.moml.MoMLSimpleApplication@3ea3be45
----------------- Done invoking toplevel() on ptolemy.moml.MoMLSimpleApplication@3ea3be45
reloadAllAccessors: .ErrorTransition1

===========================================================================================
----------------- testing Thu Jun 27 04:42:31 UTC 2019 /home/travis/build/icyphy/ptII/ptolemy/domains/modal/test/auto/ErrorTransition10.xml
----------------- Instantiating /home/travis/build/icyphy/ptII/ptolemy/domains/modal/test/auto/ErrorTransition10.xml
18 ms. Memory: 311296K Free: 208879K (67%)
----------------- Invoking toplevel() on ptolemy.moml.MoMLSimpleApplication@1f89ea34
----------------- Done invoking toplevel() on ptolemy.moml.MoMLSimpleApplication@1f89ea34
reloadAllAccessors: .ErrorTransition10

===========================================================================================
----------------- testing Thu Jun 27 04:42:31 UTC 2019 /home/travis/build/icyphy/ptII/ptolemy/domains/modal/test/auto/ErrorTransition11.xml
----------------- Instantiating /home/travis/build/icyphy/ptII/ptolemy/domains/modal/test/auto/ErrorTransition11.xml
4 ms. Memory: 311296K Free: 197630K (63%)
----------------- Invoking toplevel() on ptolemy.moml.MoMLSimpleApplication@225667e1
----------------- Done invoking toplevel() on ptolemy.moml.MoMLSimpleApplication@225667e1
reloadAllAccessors: .ErrorTransition11

===========================================================================================
----------------- testing Thu Jun 27 04:42:31 UTC 2019 /home/travis/build/icyphy/ptII/ptolemy/domains/modal/test/auto/ErrorTransition2.xml
----------------- Instantiating /home/travis/build/icyphy/ptII/ptolemy/domains/modal/test/auto/ErrorTransition2.xml
6 ms. Memory: 311296K Free: 188414K (61%)
----------------- Invoking toplevel() on ptolemy.moml.MoMLSimpleApplication@5eff5be3
----------------- Done invoking toplevel() on ptolemy.moml.MoMLSimpleApplication@5eff5be3
reloadAllAccessors: .ErrorTransition2

===========================================================================================
----------------- testing Thu Jun 27 04:42:31 UTC 2019 /home/travis/build/icyphy/ptII/ptolemy/domains/modal/test/auto/ErrorTransition3.xml
----------------- Instantiating /home/travis/build/icyphy/ptII/ptolemy/domains/modal/test/auto/ErrorTransition3.xml
24 ms. Memory: 311296K Free: 178688K (57%)
----------------- Invoking toplevel() on ptolemy.moml.MoMLSimpleApplication@70798432
----------------- Done invoking toplevel() on ptolemy.moml.MoMLSimpleApplication@70798432
reloadAllAccessors: .ErrorTransition3

===========================================================================================
----------------- testing Thu Jun 27 04:42:31 UTC 2019 /home/travis/build/icyphy/ptII/ptolemy/domains/modal/test/auto/ErrorTransition4.xml
----------------- Instantiating /home/travis/build/icyphy/ptII/ptolemy/domains/modal/test/auto/ErrorTransition4.xml
9 ms. Memory: 311296K Free: 167424K (54%)
----------------- Invoking toplevel() on ptolemy.moml.MoMLSimpleApplication@75b7f45a
----------------- Done invoking toplevel() on ptolemy.moml.MoMLSimpleApplication@75b7f45a
reloadAllAccessors: .ErrorTransition4

===========================================================================================
----------------- testing Thu Jun 27 04:42:31 UTC 2019 /home/travis/build/icyphy/ptII/ptolemy/domains/modal/test/auto/ErrorTransition5.xml
----------------- Instantiating /home/travis/build/icyphy/ptII/ptolemy/domains/modal/test/auto/ErrorTransition5.xml
9 ms. Memory: 311296K Free: 157184K (50%)
----------------- Invoking toplevel() on ptolemy.moml.MoMLSimpleApplication@228c7dd5
----------------- Done invoking toplevel() on ptolemy.moml.MoMLSimpleApplication@228c7dd5
reloadAllAccessors: .ErrorTransition5

===========================================================================================
----------------- testing Thu Jun 27 04:42:31 UTC 2019 /home/travis/build/icyphy/ptII/ptolemy/domains/modal/test/auto/ErrorTransition6.xml
----------------- Instantiating /home/travis/build/icyphy/ptII/ptolemy/domains/modal/test/auto/ErrorTransition6.xml
10 ms. Memory: 311296K Free: 146430K (47%)
----------------- Invoking toplevel() on ptolemy.moml.MoMLSimpleApplication@5a7abae7
----------------- Done invoking toplevel() on ptolemy.moml.MoMLSimpleApplication@5a7abae7
reloadAllAccessors: .ErrorTransition6

===========================================================================================
----------------- testing Thu Jun 27 04:42:31 UTC 2019 /home/travis/build/icyphy/ptII/ptolemy/domains/modal/test/auto/ErrorTransition7.xml
----------------- Instantiating /home/travis/build/icyphy/ptII/ptolemy/domains/modal/test/auto/ErrorTransition7.xml
14 ms. Memory: 311296K Free: 133632K (43%)
----------------- Invoking toplevel() on ptolemy.moml.MoMLSimpleApplication@7803bc3d
----------------- Done invoking toplevel() on ptolemy.moml.MoMLSimpleApplication@7803bc3d
reloadAllAccessors: .ErrorTransition7

===========================================================================================
----------------- testing Thu Jun 27 04:42:32 UTC 2019 /home/travis/build/icyphy/ptII/ptolemy/domains/modal/test/auto/ErrorTransition8.xml
----------------- Instantiating /home/travis/build/icyphy/ptII/ptolemy/domains/modal/test/auto/ErrorTransition8.xml
28 ms. Memory: 311296K Free: 120320K (39%)
----------------- Invoking toplevel() on ptolemy.moml.MoMLSimpleApplication@43b1ebbf
----------------- Done invoking toplevel() on ptolemy.moml.MoMLSimpleApplication@43b1ebbf
reloadAllAccessors: .ErrorTransition8

===========================================================================================
----------------- testing Thu Jun 27 04:42:32 UTC 2019 /home/travis/build/icyphy/ptII/ptolemy/domains/modal/test/auto/ErrorTransition9.xml
----------------- Instantiating /home/travis/build/icyphy/ptII/ptolemy/domains/modal/test/auto/ErrorTransition9.xml
16 ms. Memory: 311296K Free: 284672K (91%)
----------------- Invoking toplevel() on ptolemy.moml.MoMLSimpleApplication@7f272a4f
----------------- Done invoking toplevel() on ptolemy.moml.MoMLSimpleApplication@7f272a4f
reloadAllAccessors: .ErrorTransition9

===========================================================================================
----------------- testing Thu Jun 27 04:42:32 UTC 2019 /home/travis/build/icyphy/ptII/ptolemy/domains/modal/test/auto/ExtendedFSM.xml
----------------- Instantiating /home/travis/build/icyphy/ptII/ptolemy/domains/modal/test/auto/ExtendedFSM.xml
7 ms. Memory: 311296K Free: 275951K (89%)
----------------- Invoking toplevel() on ptolemy.moml.MoMLSimpleApplication@5ded80e9
----------------- Done invoking toplevel() on ptolemy.moml.MoMLSimpleApplication@5ded80e9
reloadAllAccessors: .ExtendedFSM

===========================================================================================
----------------- testing Thu Jun 27 04:42:32 UTC 2019 /home/travis/build/icyphy/ptII/ptolemy/domains/modal/test/auto/FinalStates.xml
----------------- Instantiating /home/travis/build/icyphy/ptII/ptolemy/domains/modal/test/auto/FinalStates.xml
5 ms. Memory: 311296K Free: 267774K (86%)
----------------- Invoking toplevel() on ptolemy.moml.MoMLSimpleApplication@104e3e6a
----------------- Done invoking toplevel() on ptolemy.moml.MoMLSimpleApplication@104e3e6a
reloadAllAccessors: .FinalStates

===========================================================================================
----------------- testing Thu Jun 27 04:42:32 UTC 2019 /home/travis/build/icyphy/ptII/ptolemy/domains/modal/test/auto/FixedPointFSM.xml
----------------- Instantiating /home/travis/build/icyphy/ptII/ptolemy/domains/modal/test/auto/FixedPointFSM.xml
21 ms. Memory: 311296K Free: 252928K (81%)
----------------- Invoking toplevel() on ptolemy.moml.MoMLSimpleApplication@15d6ac2a
----------------- Done invoking toplevel() on ptolemy.moml.MoMLSimpleApplication@15d6ac2a
reloadAllAccessors: .FixedPointFSM

===========================================================================================
----------------- testing Thu Jun 27 04:42:32 UTC 2019 /home/travis/build/icyphy/ptII/ptolemy/domains/modal/test/auto/FixedPointIterationFSMActor.xml
----------------- Instantiating /home/travis/build/icyphy/ptII/ptolemy/domains/modal/test/auto/FixedPointIterationFSMActor.xml
8 ms. Memory: 311296K Free: 242688K (78%)
----------------- Invoking toplevel() on ptolemy.moml.MoMLSimpleApplication@491516e9
----------------- Done invoking toplevel() on ptolemy.moml.MoMLSimpleApplication@491516e9
reloadAllAccessors: .FixedPointIterationFSMActor

===========================================================================================
----------------- testing Thu Jun 27 04:42:32 UTC 2019 /home/travis/build/icyphy/ptII/ptolemy/domains/modal/test/auto/FixedPointIterationFSMActor2.xml
----------------- Instantiating /home/travis/build/icyphy/ptII/ptolemy/domains/modal/test/auto/FixedPointIterationFSMActor2.xml
11 ms. Memory: 311296K Free: 230400K (74%)
----------------- Invoking toplevel() on ptolemy.moml.MoMLSimpleApplication@3dd9f0b9
----------------- Done invoking toplevel() on ptolemy.moml.MoMLSimpleApplication@3dd9f0b9
reloadAllAccessors: .FixedPointIterationFSMActor2

===========================================================================================
----------------- testing Thu Jun 27 04:42:32 UTC 2019 /home/travis/build/icyphy/ptII/ptolemy/domains/modal/test/auto/ForbiddenInstantanousLoop.xml
----------------- Instantiating /home/travis/build/icyphy/ptII/ptolemy/domains/modal/test/auto/ForbiddenInstantanousLoop.xml
6 ms. Memory: 311296K Free: 218112K (70%)
----------------- Invoking toplevel() on ptolemy.moml.MoMLSimpleApplication@7c2874ce
----------------- Done invoking toplevel() on ptolemy.moml.MoMLSimpleApplication@7c2874ce
reloadAllAccessors: .ForbiddenInstantanousLoop

===========================================================================================
----------------- testing Thu Jun 27 04:42:32 UTC 2019 /home/travis/build/icyphy/ptII/ptolemy/domains/modal/test/auto/FunctionDependencyOfFSMActorTest.xml
----------------- Instantiating /home/travis/build/icyphy/ptII/ptolemy/domains/modal/test/auto/FunctionDependencyOfFSMActorTest.xml
15 ms. Memory: 311296K Free: 211423K (68%)
----------------- Invoking toplevel() on ptolemy.moml.MoMLSimpleApplication@6cd6112
----------------- Done invoking toplevel() on ptolemy.moml.MoMLSimpleApplication@6cd6112
reloadAllAccessors: .FunctionDependencyOfFSMActorTest

===========================================================================================
----------------- testing Thu Jun 27 04:42:32 UTC 2019 /home/travis/build/icyphy/ptII/ptolemy/domains/modal/test/auto/GuardExpression.xml
----------------- Instantiating /home/travis/build/icyphy/ptII/ptolemy/domains/modal/test/auto/GuardExpression.xml
1 ms. Memory: 311296K Free: 206334K (66%)
----------------- Invoking toplevel() on ptolemy.moml.MoMLSimpleApplication@ad3164b
----------------- Done invoking toplevel() on ptolemy.moml.MoMLSimpleApplication@ad3164b
reloadAllAccessors: .GuardExpression

===========================================================================================
----------------- testing Thu Jun 27 04:42:32 UTC 2019 /home/travis/build/icyphy/ptII/ptolemy/domains/modal/test/auto/GuardNotEvaluated.xml
----------------- Instantiating /home/travis/build/icyphy/ptII/ptolemy/domains/modal/test/auto/GuardNotEvaluated.xml
7 ms. Memory: 311296K Free: 197632K (63%)
----------------- Invoking toplevel() on ptolemy.moml.MoMLSimpleApplication@2cc1e881
----------------- Done invoking toplevel() on ptolemy.moml.MoMLSimpleApplication@2cc1e881
reloadAllAccessors: .GuardNotEvaluated

===========================================================================================
----------------- testing Thu Jun 27 04:42:32 UTC 2019 /home/travis/build/icyphy/ptII/ptolemy/domains/modal/test/auto/GuardNotEvaluated2.xml
----------------- Instantiating /home/travis/build/icyphy/ptII/ptolemy/domains/modal/test/auto/GuardNotEvaluated2.xml
6 ms. Memory: 311296K Free: 187392K (60%)
----------------- Invoking toplevel() on ptolemy.moml.MoMLSimpleApplication@6bfe680d
----------------- Done invoking toplevel() on ptolemy.moml.MoMLSimpleApplication@6bfe680d
reloadAllAccessors: .GuardNotEvaluated2

===========================================================================================
----------------- testing Thu Jun 27 04:42:32 UTC 2019 /home/travis/build/icyphy/ptII/ptolemy/domains/modal/test/auto/GuardOnAbsent.xml
----------------- Instantiating /home/travis/build/icyphy/ptII/ptolemy/domains/modal/test/auto/GuardOnAbsent.xml
9 ms. Memory: 311296K Free: 180224K (58%)
----------------- Invoking toplevel() on ptolemy.moml.MoMLSimpleApplication@313150cd
----------------- Done invoking toplevel() on ptolemy.moml.MoMLSimpleApplication@313150cd
reloadAllAccessors: .GuardOnAbsent

===========================================================================================
----------------- testing Thu Jun 27 04:42:32 UTC 2019 /home/travis/build/icyphy/ptII/ptolemy/domains/modal/test/auto/HierarchicalFSMTypeInference.xml
----------------- Instantiating /home/travis/build/icyphy/ptII/ptolemy/domains/modal/test/auto/HierarchicalFSMTypeInference.xml
6 ms. Memory: 311296K Free: 169984K (55%)
----------------- Invoking toplevel() on ptolemy.moml.MoMLSimpleApplication@5c0542cd
----------------- Done invoking toplevel() on ptolemy.moml.MoMLSimpleApplication@5c0542cd
reloadAllAccessors: .HierarchicalFSMTypeInference

===========================================================================================
----------------- testing Thu Jun 27 04:42:32 UTC 2019 /home/travis/build/icyphy/ptII/ptolemy/domains/modal/test/auto/Hysteresis.xml
----------------- Instantiating /home/travis/build/icyphy/ptII/ptolemy/domains/modal/test/auto/Hysteresis.xml
14 ms. Memory: 311296K Free: 156672K (50%)
----------------- Invoking toplevel() on ptolemy.moml.MoMLSimpleApplication@fa8e602
----------------- Done invoking toplevel() on ptolemy.moml.MoMLSimpleApplication@fa8e602
reloadAllAccessors: .Hysteresis

===========================================================================================
----------------- testing Thu Jun 27 04:42:32 UTC 2019 /home/travis/build/icyphy/ptII/ptolemy/domains/modal/test/auto/HysteresisWithDefault.xml
----------------- Instantiating /home/travis/build/icyphy/ptII/ptolemy/domains/modal/test/auto/HysteresisWithDefault.xml
47 ms. Memory: 311296K Free: 133615K (43%)
----------------- Invoking toplevel() on ptolemy.moml.MoMLSimpleApplication@3ba08188
----------------- Done invoking toplevel() on ptolemy.moml.MoMLSimpleApplication@3ba08188
reloadAllAccessors: .HysteresisWithDefault

===========================================================================================
----------------- testing Thu Jun 27 04:42:32 UTC 2019 /home/travis/build/icyphy/ptII/ptolemy/domains/modal/test/auto/HysteresisWithDefault2.xml
----------------- Instantiating /home/travis/build/icyphy/ptII/ptolemy/domains/modal/test/auto/HysteresisWithDefault2.xml
64 ms. Memory: 311296K Free: 282622K (91%)
----------------- Invoking toplevel() on ptolemy.moml.MoMLSimpleApplication@6c866117
----------------- Done invoking toplevel() on ptolemy.moml.MoMLSimpleApplication@6c866117
reloadAllAccessors: .HysteresisWithDefault2

===========================================================================================
----------------- testing Thu Jun 27 04:42:32 UTC 2019 /home/travis/build/icyphy/ptII/ptolemy/domains/modal/test/auto/ImmediateNonConstructiveness.xml
----------------- Instantiating /home/travis/build/icyphy/ptII/ptolemy/domains/modal/test/auto/ImmediateNonConstructiveness.xml
3 ms. Memory: 311296K Free: 274927K (88%)
----------------- Invoking toplevel() on ptolemy.moml.MoMLSimpleApplication@751a01e
----------------- Done invoking toplevel() on ptolemy.moml.MoMLSimpleApplication@751a01e
reloadAllAccessors: .ImmediateNonConstructiveness

===========================================================================================
----------------- testing Thu Jun 27 04:42:32 UTC 2019 /home/travis/build/icyphy/ptII/ptolemy/domains/modal/test/auto/ImmediateNonConstructiveness2.xml
----------------- Instantiating /home/travis/build/icyphy/ptII/ptolemy/domains/modal/test/auto/ImmediateNonConstructiveness2.xml
3 ms. Memory: 311296K Free: 268288K (86%)
----------------- Invoking toplevel() on ptolemy.moml.MoMLSimpleApplication@2872cc46
----------------- Done invoking toplevel() on ptolemy.moml.MoMLSimpleApplication@2872cc46
reloadAllAccessors: .ImmediateNonConstructiveness2

===========================================================================================
----------------- testing Thu Jun 27 04:42:32 UTC 2019 /home/travis/build/icyphy/ptII/ptolemy/domains/modal/test/auto/ImmediateTransitionReset.xml
----------------- Instantiating /home/travis/build/icyphy/ptII/ptolemy/domains/modal/test/auto/ImmediateTransitionReset.xml
6 ms. Memory: 311296K Free: 256510K (82%)
----------------- Invoking toplevel() on ptolemy.moml.MoMLSimpleApplication@c27a080
----------------- Done invoking toplevel() on ptolemy.moml.MoMLSimpleApplication@c27a080
reloadAllAccessors: .ImmediateTransitionReset

===========================================================================================
----------------- testing Thu Jun 27 04:42:32 UTC 2019 /home/travis/build/icyphy/ptII/ptolemy/domains/modal/test/auto/ImmediateTransitions1.xml
----------------- Instantiating /home/travis/build/icyphy/ptII/ptolemy/domains/modal/test/auto/ImmediateTransitions1.xml
3 ms. Memory: 311296K Free: 251390K (81%)
----------------- Invoking toplevel() on ptolemy.moml.MoMLSimpleApplication@67dc1e9
----------------- Done invoking toplevel() on ptolemy.moml.MoMLSimpleApplication@67dc1e9
reloadAllAccessors: .ImmediateTransitions1

===========================================================================================
----------------- testing Thu Jun 27 04:42:32 UTC 2019 /home/travis/build/icyphy/ptII/ptolemy/domains/modal/test/auto/ImmediateTransitionsInstantaneousCommunication.xml
----------------- Instantiating /home/travis/build/icyphy/ptII/ptolemy/domains/modal/test/auto/ImmediateTransitionsInstantaneousCommunication.xml
4 ms. Memory: 311296K Free: 239102K (77%)
----------------- Invoking toplevel() on ptolemy.moml.MoMLSimpleApplication@7e7d3c12
----------------- Done invoking toplevel() on ptolemy.moml.MoMLSimpleApplication@7e7d3c12
reloadAllAccessors: .ImmediateTransitionsInstantaneousCommunication

===========================================================================================
----------------- testing Thu Jun 27 04:42:32 UTC 2019 /home/travis/build/icyphy/ptII/ptolemy/domains/modal/test/auto/InitialImmediateTransition.xml
----------------- Instantiating /home/travis/build/icyphy/ptII/ptolemy/domains/modal/test/auto/InitialImmediateTransition.xml
4 ms. Memory: 311296K Free: 231927K (75%)
----------------- Invoking toplevel() on ptolemy.moml.MoMLSimpleApplication@5f1f993c
----------------- Done invoking toplevel() on ptolemy.moml.MoMLSimpleApplication@5f1f993c
reloadAllAccessors: .InitialImmediateTransition

===========================================================================================
----------------- testing Thu Jun 27 04:42:32 UTC 2019 /home/travis/build/icyphy/ptII/ptolemy/domains/modal/test/auto/InitialOutputs.xml
----------------- Instantiating /home/travis/build/icyphy/ptII/ptolemy/domains/modal/test/auto/InitialOutputs.xml
3 ms. Memory: 311296K Free: 225783K (73%)
----------------- Invoking toplevel() on ptolemy.moml.MoMLSimpleApplication@5ff2736a
----------------- Done invoking toplevel() on ptolemy.moml.MoMLSimpleApplication@5ff2736a
reloadAllAccessors: .InitialOutputs

===========================================================================================
----------------- testing Thu Jun 27 04:42:32 UTC 2019 /home/travis/build/icyphy/ptII/ptolemy/domains/modal/test/auto/InitialStateTransition1.xml
----------------- Instantiating /home/travis/build/icyphy/ptII/ptolemy/domains/modal/test/auto/InitialStateTransition1.xml
4 ms. Memory: 311296K Free: 218622K (70%)
----------------- Invoking toplevel() on ptolemy.moml.MoMLSimpleApplication@3baadfcb
----------------- Done invoking toplevel() on ptolemy.moml.MoMLSimpleApplication@3baadfcb
reloadAllAccessors: .InitialStateTransition1

===========================================================================================
----------------- testing Thu Jun 27 04:42:32 UTC 2019 /home/travis/build/icyphy/ptII/ptolemy/domains/modal/test/auto/InitialStateTransition2.xml
----------------- Instantiating /home/travis/build/icyphy/ptII/ptolemy/domains/modal/test/auto/InitialStateTransition2.xml
.InitialStateTransition2.TestExceptionAttributeNonConstructive: initialize() was not invoked, but wrapup() was.  This is unusual, but not always a problem.  For example, exporting JNLP will do this.
4 ms. Memory: 311296K Free: 211454K (68%)
----------------- Invoking toplevel() on ptolemy.moml.MoMLSimpleApplication@1aaeb302
----------------- Done invoking toplevel() on ptolemy.moml.MoMLSimpleApplication@1aaeb302
reloadAllAccessors: .InitialStateTransition2

===========================================================================================
----------------- testing Thu Jun 27 04:42:33 UTC 2019 /home/travis/build/icyphy/ptII/ptolemy/domains/modal/test/auto/InitialStateTransition3.xml
----------------- Instantiating /home/travis/build/icyphy/ptII/ptolemy/domains/modal/test/auto/InitialStateTransition3.xml
3 ms. Memory: 311296K Free: 203247K (65%)
----------------- Invoking toplevel() on ptolemy.moml.MoMLSimpleApplication@5754f0d9
----------------- Done invoking toplevel() on ptolemy.moml.MoMLSimpleApplication@5754f0d9
reloadAllAccessors: .InitialStateTransition3

===========================================================================================
----------------- testing Thu Jun 27 04:42:33 UTC 2019 /home/travis/build/icyphy/ptII/ptolemy/domains/modal/test/auto/InitialStateTransition4.xml
----------------- Instantiating /home/travis/build/icyphy/ptII/ptolemy/domains/modal/test/auto/InitialStateTransition4.xml
4 ms. Memory: 311296K Free: 193536K (62%)
----------------- Invoking toplevel() on ptolemy.moml.MoMLSimpleApplication@5f9a745e
----------------- Done invoking toplevel() on ptolemy.moml.MoMLSimpleApplication@5f9a745e
[...]
reloadAllAccessors: .TerminationTransition3

===========================================================================================
----------------- testing Thu Jun 27 04:42:34 UTC 2019 /home/travis/build/icyphy/ptII/ptolemy/domains/modal/test/auto/TerminationTransition4.xml
----------------- Instantiating /home/travis/build/icyphy/ptII/ptolemy/domains/modal/test/auto/TerminationTransition4.xml
6 ms. Memory: 388096K Free: 269824K (70%)
----------------- Invoking toplevel() on ptolemy.moml.MoMLSimpleApplication@409a0bbf
----------------- Done invoking toplevel() on ptolemy.moml.MoMLSimpleApplication@409a0bbf
reloadAllAccessors: .TerminationTransition4

===========================================================================================
----------------- testing Thu Jun 27 04:42:34 UTC 2019 /home/travis/build/icyphy/ptII/ptolemy/domains/modal/test/auto/TerminationTransition5.xml
----------------- Instantiating /home/travis/build/icyphy/ptII/ptolemy/domains/modal/test/auto/TerminationTransition5.xml
2 ms. Memory: 388096K Free: 255998K (66%)
----------------- Invoking toplevel() on ptolemy.moml.MoMLSimpleApplication@79757a1b
----------------- Done invoking toplevel() on ptolemy.moml.MoMLSimpleApplication@79757a1b
reloadAllAccessors: .TerminationTransition5

===========================================================================================
----------------- testing Thu Jun 27 04:42:34 UTC 2019 /home/travis/build/icyphy/ptII/ptolemy/domains/modal/test/auto/TerminationTransition6.xml
----------------- Instantiating /home/travis/build/icyphy/ptII/ptolemy/domains/modal/test/auto/TerminationTransition6.xml
1 ms. Memory: 388096K Free: 247296K (64%)
----------------- Invoking toplevel() on ptolemy.moml.MoMLSimpleApplication@7c9a27e
----------------- Done invoking toplevel() on ptolemy.moml.MoMLSimpleApplication@7c9a27e
reloadAllAccessors: .TerminationTransition6

===========================================================================================
----------------- testing Thu Jun 27 04:42:35 UTC 2019 /home/travis/build/icyphy/ptII/ptolemy/domains/modal/test/auto/TerminationTransition7.xml
----------------- Instantiating /home/travis/build/icyphy/ptII/ptolemy/domains/modal/test/auto/TerminationTransition7.xml
2 ms. Memory: 388096K Free: 237566K (61%)
----------------- Invoking toplevel() on ptolemy.moml.MoMLSimpleApplication@2c72f97b
----------------- Done invoking toplevel() on ptolemy.moml.MoMLSimpleApplication@2c72f97b
reloadAllAccessors: .TerminationTransition7

===========================================================================================
----------------- testing Thu Jun 27 04:42:35 UTC 2019 /home/travis/build/icyphy/ptII/ptolemy/domains/modal/test/auto/TerminationTransition8.xml
----------------- Instantiating /home/travis/build/icyphy/ptII/ptolemy/domains/modal/test/auto/TerminationTransition8.xml
2 ms. Memory: 388096K Free: 228350K (59%)
----------------- Invoking toplevel() on ptolemy.moml.MoMLSimpleApplication@516b1892
----------------- Done invoking toplevel() on ptolemy.moml.MoMLSimpleApplication@516b1892
reloadAllAccessors: .TerminationTransition8

===========================================================================================
----------------- testing Thu Jun 27 04:42:35 UTC 2019 /home/travis/build/icyphy/ptII/ptolemy/domains/modal/test/auto/Thermostat_NoHysteresis.xml
----------------- Instantiating /home/travis/build/icyphy/ptII/ptolemy/domains/modal/test/auto/Thermostat_NoHysteresis.xml
44 ms. Memory: 388096K Free: 203774K (53%)
----------------- Invoking toplevel() on ptolemy.moml.MoMLSimpleApplication@6eff6ab2
----------------- Done invoking toplevel() on ptolemy.moml.MoMLSimpleApplication@6eff6ab2
reloadAllAccessors: .Thermostat_NoHysteresis

===========================================================================================
----------------- testing Thu Jun 27 04:42:35 UTC 2019 /home/travis/build/icyphy/ptII/ptolemy/domains/modal/test/auto/TimedFSM.xml
----------------- Instantiating /home/travis/build/icyphy/ptII/ptolemy/domains/modal/test/auto/TimedFSM.xml
9 ms. Memory: 388096K Free: 192510K (50%)
----------------- Invoking toplevel() on ptolemy.moml.MoMLSimpleApplication@663af102
----------------- Done invoking toplevel() on ptolemy.moml.MoMLSimpleApplication@663af102
reloadAllAccessors: .TimedFSM

===========================================================================================
----------------- testing Thu Jun 27 04:42:35 UTC 2019 /home/travis/build/icyphy/ptII/ptolemy/domains/modal/test/auto/Timeout1.xml
----------------- Instantiating /home/travis/build/icyphy/ptII/ptolemy/domains/modal/test/auto/Timeout1.xml
4 ms. Memory: 388096K Free: 186351K (48%)
----------------- Invoking toplevel() on ptolemy.moml.MoMLSimpleApplication@1a800854
----------------- Done invoking toplevel() on ptolemy.moml.MoMLSimpleApplication@1a800854
reloadAllAccessors: .Timeout1

===========================================================================================
----------------- testing Thu Jun 27 04:42:35 UTC 2019 /home/travis/build/icyphy/ptII/ptolemy/domains/modal/test/auto/Timeout2.xml
----------------- Instantiating /home/travis/build/icyphy/ptII/ptolemy/domains/modal/test/auto/Timeout2.xml
8 ms. Memory: 388096K Free: 177664K (46%)
----------------- Invoking toplevel() on ptolemy.moml.MoMLSimpleApplication@7e66eff9
----------------- Done invoking toplevel() on ptolemy.moml.MoMLSimpleApplication@7e66eff9
reloadAllAccessors: .Timeout2

===========================================================================================
----------------- testing Thu Jun 27 04:42:35 UTC 2019 /home/travis/build/icyphy/ptII/ptolemy/domains/modal/test/auto/Timeout3.xml
----------------- Instantiating /home/travis/build/icyphy/ptII/ptolemy/domains/modal/test/auto/Timeout3.xml
3 ms. Memory: 388096K Free: 172544K (44%)
----------------- Invoking toplevel() on ptolemy.moml.MoMLSimpleApplication@10fc22f7
----------------- Done invoking toplevel() on ptolemy.moml.MoMLSimpleApplication@10fc22f7
reloadAllAccessors: .Timeout3

===========================================================================================
----------------- testing Thu Jun 27 04:42:35 UTC 2019 /home/travis/build/icyphy/ptII/ptolemy/domains/modal/test/auto/Timeout4.xml
----------------- Instantiating /home/travis/build/icyphy/ptII/ptolemy/domains/modal/test/auto/Timeout4.xml
2 ms. Memory: 388096K Free: 167424K (43%)
----------------- Invoking toplevel() on ptolemy.moml.MoMLSimpleApplication@25a690a4
----------------- Done invoking toplevel() on ptolemy.moml.MoMLSimpleApplication@25a690a4
reloadAllAccessors: .Timeout4

===========================================================================================
----------------- testing Thu Jun 27 04:42:35 UTC 2019 /home/travis/build/icyphy/ptII/ptolemy/domains/modal/test/auto/TransientstateModelAdvanced.xml
----------------- Instantiating /home/travis/build/icyphy/ptII/ptolemy/domains/modal/test/auto/TransientstateModelAdvanced.xml
3 ms. Memory: 388096K Free: 155136K (40%)
----------------- Invoking toplevel() on ptolemy.moml.MoMLSimpleApplication@1f004dd5
----------------- Done invoking toplevel() on ptolemy.moml.MoMLSimpleApplication@1f004dd5
reloadAllAccessors: .TransientstateModelAdvanced

===========================================================================================
----------------- testing Thu Jun 27 04:42:35 UTC 2019 /home/travis/build/icyphy/ptII/ptolemy/domains/modal/test/auto/TransientstateModelAdvanced2.xml
----------------- Instantiating /home/travis/build/icyphy/ptII/ptolemy/domains/modal/test/auto/TransientstateModelAdvanced2.xml
3 ms. Memory: 388096K Free: 363858K (94%)
----------------- Invoking toplevel() on ptolemy.moml.MoMLSimpleApplication@5eef9e47
----------------- Done invoking toplevel() on ptolemy.moml.MoMLSimpleApplication@5eef9e47
reloadAllAccessors: .transientstatemodelAdvanced

===========================================================================================
----------------- testing Thu Jun 27 04:42:35 UTC 2019 /home/travis/build/icyphy/ptII/ptolemy/domains/modal/test/auto/TransitionRefinements.xml
----------------- Instantiating /home/travis/build/icyphy/ptII/ptolemy/domains/modal/test/auto/TransitionRefinements.xml
7 ms. Memory: 388096K Free: 354114K (91%)
----------------- Invoking toplevel() on ptolemy.moml.MoMLSimpleApplication@1793d1c
----------------- Done invoking toplevel() on ptolemy.moml.MoMLSimpleApplication@1793d1c
reloadAllAccessors: .TransitionRefinements

===========================================================================================
----------------- testing Thu Jun 27 04:42:35 UTC 2019 /home/travis/build/icyphy/ptII/ptolemy/domains/modal/test/auto/TwoRefinements1.xml
----------------- Instantiating /home/travis/build/icyphy/ptII/ptolemy/domains/modal/test/auto/TwoRefinements1.xml
4 ms. Memory: 388096K Free: 343888K (89%)
----------------- Invoking toplevel() on ptolemy.moml.MoMLSimpleApplication@d23e430
----------------- Done invoking toplevel() on ptolemy.moml.MoMLSimpleApplication@d23e430
reloadAllAccessors: .TwoRefinements1

===========================================================================================
----------------- testing Thu Jun 27 04:42:35 UTC 2019 /home/travis/build/icyphy/ptII/ptolemy/domains/modal/test/auto/TwoRefinements2.xml
----------------- Instantiating /home/travis/build/icyphy/ptII/ptolemy/domains/modal/test/auto/TwoRefinements2.xml
3 ms. Memory: 388096K Free: 334162K (86%)
----------------- Invoking toplevel() on ptolemy.moml.MoMLSimpleApplication@538cd174
----------------- Done invoking toplevel() on ptolemy.moml.MoMLSimpleApplication@538cd174
reloadAllAccessors: .TwoRefinements2

===========================================================================================
----------------- testing Thu Jun 27 04:42:35 UTC 2019 /home/travis/build/icyphy/ptII/ptolemy/domains/modal/test/auto/WeakImmediateTransition.xml
----------------- Instantiating /home/travis/build/icyphy/ptII/ptolemy/domains/modal/test/auto/WeakImmediateTransition.xml
3 ms. Memory: 388096K Free: 325456K (84%)
----------------- Invoking toplevel() on ptolemy.moml.MoMLSimpleApplication@5272194d
----------------- Done invoking toplevel() on ptolemy.moml.MoMLSimpleApplication@5272194d
reloadAllAccessors: .WeakImmediateTransition

===========================================================================================
----------------- testing Thu Jun 27 04:42:35 UTC 2019 /home/travis/build/icyphy/ptII/ptolemy/domains/modal/test/auto/booleanSelect.xml
----------------- Instantiating /home/travis/build/icyphy/ptII/ptolemy/domains/modal/test/auto/booleanSelect.xml
35 ms. Memory: 388096K Free: 307538K (79%)
----------------- Invoking toplevel() on ptolemy.moml.MoMLSimpleApplication@7790be5a
----------------- Done invoking toplevel() on ptolemy.moml.MoMLSimpleApplication@7790be5a
reloadAllAccessors: .booleanSelect

===========================================================================================
----------------- testing Thu Jun 27 04:42:35 UTC 2019 /home/travis/build/icyphy/ptII/ptolemy/domains/modal/test/auto/modalChangingParams.xml
----------------- Instantiating /home/travis/build/icyphy/ptII/ptolemy/domains/modal/test/auto/modalChangingParams.xml
0
1
0
2
4
6
8
7
0
2
4
6
8
13
0
2
4
6
8
19
0
2
4
6
8
25
0
2
4
6
8
31
0
2
4
6
8
37
0
2
4
6
8
43
0
2
4
6
8
49
0
2
4
6
8
55
0
2
4
6
8
61
0
2
4
6
8
67
0
2
4
6
8
73
0
2
4
6
8
79
0
2
4
6
8
85
0
2
4
6
8
91
0
2
4
6
8
97
0
2
4
6
8
103
0
2
4
6
8
109
0
2
4
6
8
115
0
2
4
6
8
121
0
2
4
6
8
127
0
2
4
6
8
133
0
2
4
6
8
139
0
2
4
6
8
145
0
2
4
6
8
151
0
2
4
6
8
157
0
2
4
6
8
163
0
2
4
6
8
169
0
2
4
6
8
175
0
2
4
6
8
181
0
2
4
6
8
187
0
2
4
6
8
193
0
2
4
6
8
199
0
2
4
6
8
205
0
2
4
6
8
211
0
2
4
6
8
217
0
2
4
6
8
223
0
2
4
6
8
229
0
2
4
6
8
235
0
2
4
6
8
241
0
2
4
6
8
247
0
2
4
6
8
253
0
2
4
6
8
259
0
2
4
6
8
265
0
2
4
6
8
271
0
2
4
6
8
277
0
2
4
6
8
283
0
2
4
6
8
289
0
2
4
6
8
295
0
2
4
6
8
301
0
2
4
6
8
307
0
2
4
6
8
313
0
2
4
6
8
319
0
2
4
6
8
325
0
2
4
6
8
331
0
2
4
6
8
337
0
2
4
6
8
343
0
2
4
6
8
349
0
2
4
6
8
355
0
2
4
6
8
361
0
2
4
6
8
367
0
2
4
6
8
373
0
2
4
6
8
379
0
2
4
6
8
385
0
2
4
6
8
391
0
2
4
6
8
397
0
2
4
6
8
403
0
2
4
6
8
409
0
2
4
6
8
415
0
2
4
6
8
421
0
2
4
6
8
427
0
2
4
6
8
433
0
2
4
6
8
439
0
2
4
6
8
445
0
2
4
6
8
451
0
2
4
6
8
457
0
2
4
6
8
463
0
2
4
6
8
469
0
2
4
6
8
475
0
2
4
6
8
481
0
2
4
6
8
487
0
2
4
6
8
493
0
2
4
6
8
499
0
2
4
6
8
505
0
2
4
6
8
511
0
2
4
6
8
517
0
2
4
6
8
523
0
2
4
6
8
529
0
2
4
6
8
535
0
2
4
6
8
541
0
2
4
6
8
547
0
2
4
6
8
553
0
2
4
6
8
559
0
2
4
6
8
565
0
2
4
6
8
571
0
2
4
6
8
577
0
2
4
6
8
583
0
2
4
6
8
589
0
2
4
6
8
595
0
2
4
6
8
601
0
2
4
6
8
607
0
2
4
6
8
613
0
2
4
6
8
619
0
2
4
6
8
625
0
2
4
6
8
631
0
2
4
6
8
637
0
2
4
6
8
643
0
2
4
6
8
649
0
2
4
6
8
655
0
2
4
6
8
661
0
2
4
6
8
667
0
2
4
6
8
673
0
2
4
6
8
679
0
2
4
6
8
685
0
2
4
6
8
691
0
2
4
6
8
697
0
2
4
6
8
703
0
2
4
6
8
709
0
2
4
6
8
715
0
2
4
6
8
721
0
2
4
6
8
727
0
2
4
6
8
733
0
2
4
6
8
739
0
2
4
6
8
745
0
2
4
6
8
751
0
2
4
6
8
757
0
2
4
6
8
763
0
2
4
6
8
769
0
2
4
6
8
775
0
2
4
6
8
781
0
2
4
6
8
787
0
2
4
6
8
793
0
2
4
6
8
799
0
2
4
6
8
805
0
2
4
6
8
811
0
2
4
6
8
817
0
2
4
6
8
823
0
2
4
6
8
829
0
2
4
6
8
835
0
2
4
6
8
841
0
2
4
6
8
847
0
2
4
6
8
853
0
2
4
6
8
859
0
2
4
6
8
865
0
2
4
6
8
871
0
2
4
6
8
877
0
2
4
6
8
883
0
2
4
6
8
889
0
2
4
6
8
895
0
2
4
6
8
901
0
2
4
6
8
907
0
2
4
6
8
913
0
2
4
6
8
919
0
2
4
6
8
925
0
2
4
6
8
931
0
2
4
6
8
937
0
2
4
6
8
943
0
2
4
6
8
949
0
2
4
6
8
955
0
2
4
6
8
961
0
2
4
6
8
967
0
2
4
6
8
973
0
2
4
6
8
979
0
2
4
6
8
985
0
2
4
6
8
991
0
2
4
6
8
997
0
2
286 ms. Memory: 388096K Free: 192850K (50%)
----------------- Invoking toplevel() on ptolemy.moml.MoMLSimpleApplication@50b52da7
----------------- Done invoking toplevel() on ptolemy.moml.MoMLSimpleApplication@50b52da7
reloadAllAccessors: .modalChangingParams

===========================================================================================
----------------- testing Thu Jun 27 04:42:35 UTC 2019 /home/travis/build/icyphy/ptII/ptolemy/domains/modal/test/auto/modalModel.xml
----------------- Instantiating /home/travis/build/icyphy/ptII/ptolemy/domains/modal/test/auto/modalModel.xml
6 ms. Memory: 388096K Free: 184130K (47%)
----------------- Invoking toplevel() on ptolemy.moml.MoMLSimpleApplication@38f4c5e4
----------------- Done invoking toplevel() on ptolemy.moml.MoMLSimpleApplication@38f4c5e4
reloadAllAccessors: .modalModel

===========================================================================================
----------------- testing Thu Jun 27 04:42:35 UTC 2019 /home/travis/build/icyphy/ptII/ptolemy/domains/modal/test/auto/modalModel2.xml
----------------- Instantiating /home/travis/build/icyphy/ptII/ptolemy/domains/modal/test/auto/modalModel2.xml
11 ms. Memory: 388096K Free: 173890K (45%)
----------------- Invoking toplevel() on ptolemy.moml.MoMLSimpleApplication@7a63d9b6
----------------- Done invoking toplevel() on ptolemy.moml.MoMLSimpleApplication@7a63d9b6
reloadAllAccessors: .modalModel2

===========================================================================================
----------------- testing Thu Jun 27 04:42:35 UTC 2019 /home/travis/build/icyphy/ptII/ptolemy/domains/modal/test/auto/modalModel3.xml
----------------- Instantiating /home/travis/build/icyphy/ptII/ptolemy/domains/modal/test/auto/modalModel3.xml
0	0	0
3	2	1
6	4	2
9	6	3
4	0	4
7	2	5
10	4	6
13	6	7
8	0	8
11	2	9
14	4	10
17	6	11
12	0	12
15	2	13
18	4	14
18 ms. Memory: 388096K Free: 159058K (41%)
----------------- Invoking toplevel() on ptolemy.moml.MoMLSimpleApplication@42305b7d
----------------- Done invoking toplevel() on ptolemy.moml.MoMLSimpleApplication@42305b7d
reloadAllAccessors: .modalModel3

===========================================================================================
----------------- testing Thu Jun 27 04:42:35 UTC 2019 /home/travis/build/icyphy/ptII/ptolemy/domains/modal/test/auto/model1.xml
----------------- Instantiating /home/travis/build/icyphy/ptII/ptolemy/domains/modal/test/auto/model1.xml
12 ms. Memory: 388096K Free: 153410K (40%)
----------------- Invoking toplevel() on ptolemy.moml.MoMLSimpleApplication@7a3b80e1
----------------- Done invoking toplevel() on ptolemy.moml.MoMLSimpleApplication@7a3b80e1
reloadAllAccessors: .model1

===========================================================================================
----------------- testing Thu Jun 27 04:42:35 UTC 2019 /home/travis/build/icyphy/ptII/ptolemy/domains/modal/test/auto/test-direct-in-out.xml
----------------- Instantiating /home/travis/build/icyphy/ptII/ptolemy/domains/modal/test/auto/test-direct-in-out.xml
5 ms. Memory: 388096K Free: 145746K (38%)
----------------- Invoking toplevel() on ptolemy.moml.MoMLSimpleApplication@187c6025
----------------- Done invoking toplevel() on ptolemy.moml.MoMLSimpleApplication@187c6025
reloadAllAccessors: .test-direct-in-out
AutoTests.java: About to close Vertx.
AutoTests.java: Vertx closed.
]]></system-out>
  <system-err><![CDATA[java.lang.RuntimeException: Execution failed
	at ptolemy.moml.MoMLSimpleApplication$UnloadThread.run(MoMLSimpleApplication.java:402)
Caused by: ptolemy.kernel.util.IllegalActionException: Unknown inputs remain. Possible causality loop:
L_model_1893289564i

  in .CannotAnalysisWithPreemption.model_1893289564_region_1 and .CannotAnalysisWithPreemption.model_1893289564_region_1.L_model_1893289564i
	at ptolemy.actor.sched.FixedPointDirector.postfire(FixedPointDirector.java:515)
	at ptolemy.domains.sr.kernel.SRDirector.postfire(SRDirector.java:417)
	at ptolemy.actor.CompositeActor.postfire(CompositeActor.java:1668)
	at ptolemy.actor.Manager.iterate(Manager.java:852)
	at ptolemy.actor.Manager.execute(Manager.java:369)
	at ptolemy.actor.Manager.run(Manager.java:1263)
	at ptolemy.actor.Manager$PtolemyRunThread.run(Manager.java:1915)
java.lang.reflect.InvocationTargetException
	at java.base/jdk.internal.reflect.NativeConstructorAccessorImpl.newInstance0(Native Method)
	at java.base/jdk.internal.reflect.NativeConstructorAccessorImpl.newInstance(NativeConstructorAccessorImpl.java:62)
	at java.base/jdk.internal.reflect.DelegatingConstructorAccessorImpl.newInstance(DelegatingConstructorAccessorImpl.java:45)
	at java.base/java.lang.reflect.Constructor.newInstance(Constructor.java:490)
	at ptolemy.util.test.junit.AutoKnownFailedTests.RunModel(AutoKnownFailedTests.java:105)
	at java.base/jdk.internal.reflect.NativeMethodAccessorImpl.invoke0(Native Method)
	at java.base/jdk.internal.reflect.NativeMethodAccessorImpl.invoke(NativeMethodAccessorImpl.java:62)
	at java.base/jdk.internal.reflect.DelegatingMethodAccessorImpl.invoke(DelegatingMethodAccessorImpl.java:43)
	at java.base/java.lang.reflect.Method.invoke(Method.java:566)
	at org.junit.runners.model.FrameworkMethod$1.runReflectiveCall(FrameworkMethod.java:44)
	at org.junit.internal.runners.model.ReflectiveCallable.run(ReflectiveCallable.java:15)
	at org.junit.runners.model.FrameworkMethod.invokeExplosively(FrameworkMethod.java:41)
	at junitparams.internal.InvokeParameterisedMethod.evaluate(InvokeParameterisedMethod.java:102)
	at org.junit.internal.runners.statements.FailOnTimeout$1.run(FailOnTimeout.java:28)
Caused by: ptolemy.kernel.util.IllegalActionException: Unknown inputs remain. Possible causality loop:
L_model_1893289564i

  in .CannotAnalysisWithPreemption.model_1893289564_region_1 and .CannotAnalysisWithPreemption.model_1893289564_region_1.L_model_1893289564i
	at ptolemy.actor.sched.FixedPointDirector.postfire(FixedPointDirector.java:515)
	at ptolemy.domains.sr.kernel.SRDirector.postfire(SRDirector.java:417)
	at ptolemy.actor.CompositeActor.postfire(CompositeActor.java:1668)
	at ptolemy.actor.Manager.iterate(Manager.java:852)
	at ptolemy.actor.Manager.execute(Manager.java:369)
	at ptolemy.actor.Manager.run(Manager.java:1263)
	at ptolemy.actor.Manager$PtolemyRunThread.run(Manager.java:1915)
]]></system-err>
</testsuite>
