<?xml version="1.0" encoding="UTF-8" ?>
<testsuite errors="0" failures="0" hostname="travis-job-6ecb505d-5351-4dad-942b-5f9d839dc6bf" name="ptolemy.domains.de.test.junit.JUnitTclTest" skipped="0" tests="101" time="129.566" timestamp="2018-11-30T02:53:56">
  <properties>
[...]
</properties>
  <testcase classname="ptolemy.util.test.junit.TclTests" name="[0] /home/travis/build/icyphy/ptII/ptolemy/domains/de/test/DependencyLoop.tcl (RunTclFile)" time="0.718" />
  <testcase classname="ptolemy.util.test.junit.TclTests" name="[1] /home/travis/build/icyphy/ptII/ptolemy/domains/de/test/RunDETestsAsQSS.tcl (RunTclFile)" time="88.693" />
  <testcase classname="ptolemy.util.test.junit.AutoKnownFailedTests" name="[0] /home/travis/build/icyphy/ptII/ptolemy/domains/de/test/auto/knownFailedTests/DESDFClockTest.xml (RunModel)" time="2.032" />
  <testcase classname="ptolemy.util.test.junit.AutoKnownFailedTests" name="[1] /home/travis/build/icyphy/ptII/ptolemy/domains/de/test/auto/knownFailedTests/DirectFeedback.xml (RunModel)" time="0.018" />
  <testcase classname="ptolemy.util.test.junit.AutoKnownFailedTests" name="[2] /home/travis/build/icyphy/ptII/ptolemy/domains/de/test/auto/knownFailedTests/FSMSource.xml (RunModel)" time="0.017" />
  <testcase classname="ptolemy.util.test.junit.AutoKnownFailedTests" name="[3] /home/travis/build/icyphy/ptII/ptolemy/domains/de/test/auto/knownFailedTests/HierarchicalModel.xml (RunModel)" time="0.047" />
  <testcase classname="ptolemy.util.test.junit.AutoKnownFailedTests" name="[4] /home/travis/build/icyphy/ptII/ptolemy/domains/de/test/auto/knownFailedTests/dependencyLoop.xml (RunModel)" time="0.038" />
  <testcase classname="ptolemy.util.test.junit.AutoKnownFailedTests" name="[5] /home/travis/build/icyphy/ptII/ptolemy/domains/de/test/auto/knownFailedTests/dependencyLoop2.xml (RunModel)" time="0.052" />
  <testcase classname="ptolemy.util.test.junit.AutoNameArchTests" name="[0] ThereAreNoAutoArchTests (RunModel)" time="0.0" />
  <testcase classname="ptolemy.util.test.junit.AutoTests" name="[0] /home/travis/build/icyphy/ptII/ptolemy/domains/de/test/auto/ActorDepthCalculation_actorWithoutPorts.xml (RunModel)" time="0.02" />
  <testcase classname="ptolemy.util.test.junit.AutoTests" name="[1] /home/travis/build/icyphy/ptII/ptolemy/domains/de/test/auto/AssemblyLine.xml (RunModel)" time="0.017" />
  <testcase classname="ptolemy.util.test.junit.AutoTests" name="[2] /home/travis/build/icyphy/ptII/ptolemy/domains/de/test/auto/CQBug1.xml (RunModel)" time="0.008" />
  <testcase classname="ptolemy.util.test.junit.AutoTests" name="[3] /home/travis/build/icyphy/ptII/ptolemy/domains/de/test/auto/CancelFireAt.xml (RunModel)" time="0.006" />
  <testcase classname="ptolemy.util.test.junit.AutoTests" name="[4] /home/travis/build/icyphy/ptII/ptolemy/domains/de/test/auto/CausalityAndComposabilityAnalysis.xml (RunModel)" time="0.011" />
  <testcase classname="ptolemy.util.test.junit.AutoTests" name="[5] /home/travis/build/icyphy/ptII/ptolemy/domains/de/test/auto/CausalityInterface1.xml (RunModel)" time="0.012" />
  <testcase classname="ptolemy.util.test.junit.AutoTests" name="[6] /home/travis/build/icyphy/ptII/ptolemy/domains/de/test/auto/CausalityInterface15.xml (RunModel)" time="0.013" />
  <testcase classname="ptolemy.util.test.junit.AutoTests" name="[7] /home/travis/build/icyphy/ptII/ptolemy/domains/de/test/auto/CausalityInterface2.xml (RunModel)" time="0.011" />
  <testcase classname="ptolemy.util.test.junit.AutoTests" name="[8] /home/travis/build/icyphy/ptII/ptolemy/domains/de/test/auto/CausalityInterface3.xml (RunModel)" time="0.014" />
  <testcase classname="ptolemy.util.test.junit.AutoTests" name="[9] /home/travis/build/icyphy/ptII/ptolemy/domains/de/test/auto/ClockDrift.xml (RunModel)" time="0.033" />
  <testcase classname="ptolemy.util.test.junit.AutoTests" name="[10] /home/travis/build/icyphy/ptII/ptolemy/domains/de/test/auto/ClockDriftAndValueChange.xml (RunModel)" time="0.032" />
  <testcase classname="ptolemy.util.test.junit.AutoTests" name="[11] /home/travis/build/icyphy/ptII/ptolemy/domains/de/test/auto/ClockDriftChange.xml (RunModel)" time="0.025" />
  <testcase classname="ptolemy.util.test.junit.AutoTests" name="[12] /home/travis/build/icyphy/ptII/ptolemy/domains/de/test/auto/ComposableCausalityAnalysis.xml (RunModel)" time="0.016" />
  <testcase classname="ptolemy.util.test.junit.AutoTests" name="[13] /home/travis/build/icyphy/ptII/ptolemy/domains/de/test/auto/DEFixedPointLimitation.xml (RunModel)" time="0.009" />
  <testcase classname="ptolemy.util.test.junit.AutoTests" name="[14] /home/travis/build/icyphy/ptII/ptolemy/domains/de/test/auto/DEScheduleTest.xml (RunModel)" time="0.012" />
  <testcase classname="ptolemy.util.test.junit.AutoTests" name="[15] /home/travis/build/icyphy/ptII/ptolemy/domains/de/test/auto/DEinDEwithStartTimes.xml (RunModel)" time="0.031" />
  <testcase classname="ptolemy.util.test.junit.AutoTests" name="[16] /home/travis/build/icyphy/ptII/ptolemy/domains/de/test/auto/DEinDEwithStartTimes2.xml (RunModel)" time="0.016" />
  <testcase classname="ptolemy.util.test.junit.AutoTests" name="[17] /home/travis/build/icyphy/ptII/ptolemy/domains/de/test/auto/DateDemo.xml (RunModel)" time="0.03" />
  <testcase classname="ptolemy.util.test.junit.AutoTests" name="[18] /home/travis/build/icyphy/ptII/ptolemy/domains/de/test/auto/DateToEvent.xml (RunModel)" time="2.041" />
  <testcase classname="ptolemy.util.test.junit.AutoTests" name="[19] /home/travis/build/icyphy/ptII/ptolemy/domains/de/test/auto/DepthTest1.xml (RunModel)" time="0.007" />
  <testcase classname="ptolemy.util.test.junit.AutoTests" name="[20] /home/travis/build/icyphy/ptII/ptolemy/domains/de/test/auto/DepthTest2.xml (RunModel)" time="0.017" />
  <testcase classname="ptolemy.util.test.junit.AutoTests" name="[21] /home/travis/build/icyphy/ptII/ptolemy/domains/de/test/auto/DepthTest3.xml (RunModel)" time="0.007" />
  <testcase classname="ptolemy.util.test.junit.AutoTests" name="[22] /home/travis/build/icyphy/ptII/ptolemy/domains/de/test/auto/DepthTest4.xml (RunModel)" time="0.013" />
  <testcase classname="ptolemy.util.test.junit.AutoTests" name="[23] /home/travis/build/icyphy/ptII/ptolemy/domains/de/test/auto/DepthTest5.xml (RunModel)" time="0.013" />
  <testcase classname="ptolemy.util.test.junit.AutoTests" name="[24] /home/travis/build/icyphy/ptII/ptolemy/domains/de/test/auto/DepthTest6.xml (RunModel)" time="0.02" />
  <testcase classname="ptolemy.util.test.junit.AutoTests" name="[25] /home/travis/build/icyphy/ptII/ptolemy/domains/de/test/auto/DepthTest7.xml (RunModel)" time="0.019" />
  <testcase classname="ptolemy.util.test.junit.AutoTests" name="[26] /home/travis/build/icyphy/ptII/ptolemy/domains/de/test/auto/EventToDate.xml (RunModel)" time="3.042" />
  <testcase classname="ptolemy.util.test.junit.AutoTests" name="[27] /home/travis/build/icyphy/ptII/ptolemy/domains/de/test/auto/FSM1.xml (RunModel)" time="0.03" />
  <testcase classname="ptolemy.util.test.junit.AutoTests" name="[28] /home/travis/build/icyphy/ptII/ptolemy/domains/de/test/auto/FSM7.xml (RunModel)" time="0.032" />
  <testcase classname="ptolemy.util.test.junit.AutoTests" name="[29] /home/travis/build/icyphy/ptII/ptolemy/domains/de/test/auto/Inspection.xml (RunModel)" time="0.048" />
  <testcase classname="ptolemy.util.test.junit.AutoTests" name="[30] /home/travis/build/icyphy/ptII/ptolemy/domains/de/test/auto/Iteration.xml (RunModel)" time="0.019" />
  <testcase classname="ptolemy.util.test.junit.AutoTests" name="[31] /home/travis/build/icyphy/ptII/ptolemy/domains/de/test/auto/LineFault.xml (RunModel)" time="0.549" />
  <testcase classname="ptolemy.util.test.junit.AutoTests" name="[32] /home/travis/build/icyphy/ptII/ptolemy/domains/de/test/auto/MergeModel1Add.xml (RunModel)" time="0.043" />
  <testcase classname="ptolemy.util.test.junit.AutoTests" name="[33] /home/travis/build/icyphy/ptII/ptolemy/domains/de/test/auto/MergeModel2Add.xml (RunModel)" time="0.04" />
  <testcase classname="ptolemy.util.test.junit.AutoTests" name="[34] /home/travis/build/icyphy/ptII/ptolemy/domains/de/test/auto/MergeModel3Add.xml (RunModel)" time="0.044" />
  <testcase classname="ptolemy.util.test.junit.AutoTests" name="[35] /home/travis/build/icyphy/ptII/ptolemy/domains/de/test/auto/MergeWithoutDiscard.xml (RunModel)" time="0.012" />
  <testcase classname="ptolemy.util.test.junit.AutoTests" name="[36] /home/travis/build/icyphy/ptII/ptolemy/domains/de/test/auto/Modal1.xml (RunModel)" time="0.03" />
  <testcase classname="ptolemy.util.test.junit.AutoTests" name="[37] /home/travis/build/icyphy/ptII/ptolemy/domains/de/test/auto/Modal2.xml (RunModel)" time="0.033" />
  <testcase classname="ptolemy.util.test.junit.AutoTests" name="[38] /home/travis/build/icyphy/ptII/ptolemy/domains/de/test/auto/Modal3.xml (RunModel)" time="0.024" />
  <testcase classname="ptolemy.util.test.junit.AutoTests" name="[39] /home/travis/build/icyphy/ptII/ptolemy/domains/de/test/auto/Modal4.xml (RunModel)" time="0.026" />
  <testcase classname="ptolemy.util.test.junit.AutoTests" name="[40] /home/travis/build/icyphy/ptII/ptolemy/domains/de/test/auto/Modal5.xml (RunModel)" time="0.027" />
  <testcase classname="ptolemy.util.test.junit.AutoTests" name="[41] /home/travis/build/icyphy/ptII/ptolemy/domains/de/test/auto/Modal6.xml (RunModel)" time="0.026" />
  <testcase classname="ptolemy.util.test.junit.AutoTests" name="[42] /home/travis/build/icyphy/ptII/ptolemy/domains/de/test/auto/Modal7.xml (RunModel)" time="0.026" />
  <testcase classname="ptolemy.util.test.junit.AutoTests" name="[43] /home/travis/build/icyphy/ptII/ptolemy/domains/de/test/auto/ModalModel.xml (RunModel)" time="0.144" />
  <testcase classname="ptolemy.util.test.junit.AutoTests" name="[44] /home/travis/build/icyphy/ptII/ptolemy/domains/de/test/auto/ModalSource.xml (RunModel)" time="0.016" />
  <testcase classname="ptolemy.util.test.junit.AutoTests" name="[45] /home/travis/build/icyphy/ptII/ptolemy/domains/de/test/auto/NonInterruptibleTimerZeroDelay.xml (RunModel)" time="0.009" />
  <testcase classname="ptolemy.util.test.junit.AutoTests" name="[46] /home/travis/build/icyphy/ptII/ptolemy/domains/de/test/auto/OpenQueueingNetwork.xml (RunModel)" time="2.212" />
  <testcase classname="ptolemy.util.test.junit.AutoTests" name="[47] /home/travis/build/icyphy/ptII/ptolemy/domains/de/test/auto/OpenQueuingNetwork.xml (RunModel)" time="0.264" />
  <testcase classname="ptolemy.util.test.junit.AutoTests" name="[48] /home/travis/build/icyphy/ptII/ptolemy/domains/de/test/auto/PeriodicSampler.xml (RunModel)" time="0.011" />
  <testcase classname="ptolemy.util.test.junit.AutoTests" name="[49] /home/travis/build/icyphy/ptII/ptolemy/domains/de/test/auto/PersistentIO.xml (RunModel)" time="0.017" />
  <testcase classname="ptolemy.util.test.junit.AutoTests" name="[50] /home/travis/build/icyphy/ptII/ptolemy/domains/de/test/auto/PortParameterResetOnInitialize.xml (RunModel)" time="0.008" />
  <testcase classname="ptolemy.util.test.junit.AutoTests" name="[51] /home/travis/build/icyphy/ptII/ptolemy/domains/de/test/auto/PortParameterUpdates.xml (RunModel)" time="0.013" />
  <testcase classname="ptolemy.util.test.junit.AutoTests" name="[52] /home/travis/build/icyphy/ptII/ptolemy/domains/de/test/auto/QueueAndServer.xml (RunModel)" time="0.018" />
  <testcase classname="ptolemy.util.test.junit.AutoTests" name="[53] /home/travis/build/icyphy/ptII/ptolemy/domains/de/test/auto/Records.xml (RunModel)" time="0.012" />
  <testcase classname="ptolemy.util.test.junit.AutoTests" name="[54] /home/travis/build/icyphy/ptII/ptolemy/domains/de/test/auto/ResetTransitionWithStartTime1.xml (RunModel)" time="0.017" />
  <testcase classname="ptolemy.util.test.junit.AutoTests" name="[55] /home/travis/build/icyphy/ptII/ptolemy/domains/de/test/auto/ResetTransitionWithStartTime2.xml (RunModel)" time="0.017" />
  <testcase classname="ptolemy.util.test.junit.AutoTests" name="[56] /home/travis/build/icyphy/ptII/ptolemy/domains/de/test/auto/ResetTransitionWithStartTime3.xml (RunModel)" time="0.017" />
  <testcase classname="ptolemy.util.test.junit.AutoTests" name="[57] /home/travis/build/icyphy/ptII/ptolemy/domains/de/test/auto/ResetTransitionWithStartTime4.xml (RunModel)" time="0.018" />
  <testcase classname="ptolemy.util.test.junit.AutoTests" name="[58] /home/travis/build/icyphy/ptII/ptolemy/domains/de/test/auto/ResettableTimer1.xml (RunModel)" time="0.01" />
  <testcase classname="ptolemy.util.test.junit.AutoTests" name="[59] /home/travis/build/icyphy/ptII/ptolemy/domains/de/test/auto/ResettableTimer2.xml (RunModel)" time="0.009" />
  <testcase classname="ptolemy.util.test.junit.AutoTests" name="[60] /home/travis/build/icyphy/ptII/ptolemy/domains/de/test/auto/ResettableTimer3.xml (RunModel)" time="0.008" />
  <testcase classname="ptolemy.util.test.junit.AutoTests" name="[61] /home/travis/build/icyphy/ptII/ptolemy/domains/de/test/auto/ResettableTimer4.xml (RunModel)" time="0.009" />
  <testcase classname="ptolemy.util.test.junit.AutoTests" name="[62] /home/travis/build/icyphy/ptII/ptolemy/domains/de/test/auto/ResettableTimer5.xml (RunModel)" time="0.01" />
  <testcase classname="ptolemy.util.test.junit.AutoTests" name="[63] /home/travis/build/icyphy/ptII/ptolemy/domains/de/test/auto/ResettableTimer6.xml (RunModel)" time="0.009" />
  <testcase classname="ptolemy.util.test.junit.AutoTests" name="[64] /home/travis/build/icyphy/ptII/ptolemy/domains/de/test/auto/ServerZeroDelay.xml (RunModel)" time="0.01" />
  <testcase classname="ptolemy.util.test.junit.AutoTests" name="[65] /home/travis/build/icyphy/ptII/ptolemy/domains/de/test/auto/SmartSender.xml (RunModel)" time="3.008" />
  <testcase classname="ptolemy.util.test.junit.AutoTests" name="[66] /home/travis/build/icyphy/ptII/ptolemy/domains/de/test/auto/ThreadedComposite.xml (RunModel)" time="0.116" />
  <testcase classname="ptolemy.util.test.junit.AutoTests" name="[67] /home/travis/build/icyphy/ptII/ptolemy/domains/de/test/auto/Time.xml (RunModel)" time="0.42" />
  <testcase classname="ptolemy.util.test.junit.AutoTests" name="[68] /home/travis/build/icyphy/ptII/ptolemy/domains/de/test/auto/TimeDelayZeroDelay.xml (RunModel)" time="0.011" />
  <testcase classname="ptolemy.util.test.junit.AutoTests" name="[69] /home/travis/build/icyphy/ptII/ptolemy/domains/de/test/auto/TimerZeroDelay.xml (RunModel)" time="0.009" />
  <testcase classname="ptolemy.util.test.junit.AutoTests" name="[70] /home/travis/build/icyphy/ptII/ptolemy/domains/de/test/auto/TimingParadox.xml (RunModel)" time="0.343" />
  <testcase classname="ptolemy.util.test.junit.AutoTests" name="[71] /home/travis/build/icyphy/ptII/ptolemy/domains/de/test/auto/TransferInputs.xml (RunModel)" time="0.009" />
  <testcase classname="ptolemy.util.test.junit.AutoTests" name="[72] /home/travis/build/icyphy/ptII/ptolemy/domains/de/test/auto/TransferOutputs2.xml (RunModel)" time="0.014" />
  <testcase classname="ptolemy.util.test.junit.AutoTests" name="[73] /home/travis/build/icyphy/ptII/ptolemy/domains/de/test/auto/Trilateration.xml (RunModel)" time="11.978" />
  <testcase classname="ptolemy.util.test.junit.AutoTests" name="[74] /home/travis/build/icyphy/ptII/ptolemy/domains/de/test/auto/TwoSigmaDelta.xml (RunModel)" time="2.184" />
  <testcase classname="ptolemy.util.test.junit.AutoTests" name="[75] /home/travis/build/icyphy/ptII/ptolemy/domains/de/test/auto/VariableDelay.xml (RunModel)" time="0.011" />
  <testcase classname="ptolemy.util.test.junit.AutoTests" name="[76] /home/travis/build/icyphy/ptII/ptolemy/domains/de/test/auto/VariableDelay2.xml (RunModel)" time="0.008" />
  <testcase classname="ptolemy.util.test.junit.AutoTests" name="[77] /home/travis/build/icyphy/ptII/ptolemy/domains/de/test/auto/VariableDelayZeroDelay.xml (RunModel)" time="0.009" />
  <testcase classname="ptolemy.util.test.junit.AutoTests" name="[78] /home/travis/build/icyphy/ptII/ptolemy/domains/de/test/auto/VariableDelayZeroDelay2.xml (RunModel)" time="0.012" />
  <testcase classname="ptolemy.util.test.junit.AutoTests" name="[79] /home/travis/build/icyphy/ptII/ptolemy/domains/de/test/auto/deInCt.xml (RunModel)" time="0.023" />
  <testcase classname="ptolemy.util.test.junit.AutoTests" name="[80] /home/travis/build/icyphy/ptII/ptolemy/domains/de/test/auto/deInCt2.xml (RunModel)" time="0.018" />
  <testcase classname="ptolemy.util.test.junit.AutoTests" name="[81] /home/travis/build/icyphy/ptII/ptolemy/domains/de/test/auto/dynamicCausalityInterface1.xml (RunModel)" time="0.017" />
  <testcase classname="ptolemy.util.test.junit.AutoTests" name="[82] /home/travis/build/icyphy/ptII/ptolemy/domains/de/test/auto/fsm_de_test.xml (RunModel)" time="0.021" />
  <testcase classname="ptolemy.util.test.junit.AutoTests" name="[83] /home/travis/build/icyphy/ptII/ptolemy/domains/de/test/auto/functionDependencyReconstruction.xml (RunModel)" time="0.03" />
  <testcase classname="ptolemy.util.test.junit.AutoTests" name="[84] /home/travis/build/icyphy/ptII/ptolemy/domains/de/test/auto/multirate.xml (RunModel)" time="0.015" />
  <testcase classname="ptolemy.util.test.junit.AutoTests" name="[85] /home/travis/build/icyphy/ptII/ptolemy/domains/de/test/auto/multirate2.xml (RunModel)" time="0.013" />
  <testcase classname="ptolemy.util.test.junit.AutoTests" name="[86] /home/travis/build/icyphy/ptII/ptolemy/domains/de/test/auto/realtime.xml (RunModel)" time="10.011" />
  <testcase classname="ptolemy.util.test.junit.AutoTests" name="[87] /home/travis/build/icyphy/ptII/ptolemy/domains/de/test/auto/relationGroup.xml (RunModel)" time="0.008" />
  <testcase classname="ptolemy.util.test.junit.AutoTests" name="[88] /home/travis/build/icyphy/ptII/ptolemy/domains/de/test/auto/relationGroup2.xml (RunModel)" time="0.008" />
  <testcase classname="ptolemy.util.test.junit.AutoTests" name="[89] /home/travis/build/icyphy/ptII/ptolemy/domains/de/test/auto/sortWithOpaquePorts.xml (RunModel)" time="0.008" />
  <testcase classname="ptolemy.util.test.junit.AutoTests" name="[90] /home/travis/build/icyphy/ptII/ptolemy/domains/de/test/auto/transferInputsandOutputs.xml (RunModel)" time="0.014" />
  <testcase classname="ptolemy.util.test.junit.AutoTests" name="[91] /home/travis/build/icyphy/ptII/ptolemy/domains/de/test/auto/triggerType.xml (RunModel)" time="0.008" />
  <system-out><![CDATA[/home/travis/build/icyphy/ptII/ptolemy/domains/de/test/DependencyLoop.tcl
testDefs.tcl: setting time out to 9000 seconds at Fri Nov 30 02:53:57 UTC 2018
15 ms. Memory: 116224K Free: 93489K (80%)
6 ms. Memory: 146944K Free: 135493K (92%)
/home/travis/build/icyphy/ptII/ptolemy/domains/de/test/RunDETestsAsQSS.tcl
Run the DE tests using ptolemy.domains.qss.test.QSSDirectorTest, which extends QSSDirector and prints a message in the constructors.
------------------ testing $PTII/ptolemy/domains/de/test/auto/knownFailedTests/dependencyLoop.xml (Known Failure) 
10 ms. Memory: 146944K Free: 132381K (90%)


==== $PTIIhome/travis/build/icyphy/ptII/ptolemy/domains/de/test/../../../../: Auto Automatic test in file $PTII/ptolemy/domains/de/test/auto/knownFailedTests/dependencyLoop.xml
==== Contents of test case:

	    # FIXME: we should use $relativeFilename here, but it
	    # might have backslashes under Windows, which causes no end
	    # of trouble.
	    createAndExecute $file
	    list {}
	
.... Test generated KNOWN error:
    while executing
ptolemy.kernel.util.IllegalActionException: Found a zero delay loop containing .dependencyLoop.original
  in .dependencyLoop and .dependencyLoop.original
	at ptolemy.actor.util.CausalityInterfaceForComposites._computeOutputPortDepth(CausalityInterfaceForComposites.java:759)
	at ptolemy.actor.util.CausalityInterfaceForComposites._computeInputDepth(CausalityInterfaceForComposites.java:696)
	at ptolemy.actor.util.CausalityInterfaceForComposites._computeOutputPortDepth(CausalityInterfaceForComposites.java:765)
	at ptolemy.actor.util.CausalityInterfaceForComposites._computeInputDepth(CausalityInterfaceForComposites.java:696)
	at ptolemy.actor.util.CausalityInterfaceForComposites._computeOutputPortDepth(CausalityInterfaceForComposites.java:765)
	at ptolemy.actor.util.CausalityInterfaceForComposites._computeInputDepth(CausalityInterfaceForComposites.java:696)
	at ptolemy.actor.util.CausalityInterfaceForComposites._computeActorDepth(CausalityInterfaceForComposites.java:532)
	at ptolemy.actor.util.CausalityInterfaceForComposites.checkForCycles(CausalityInterfaceForComposites.java:96)
	at ptolemy.domains.de.kernel.DEDirector.preinitialize(DEDirector.java:1338)
	at ptolemy.actor.CompositeActor.preinitialize(CompositeActor.java:1828)
	at ptolemy.actor.Manager.preinitializeAndResolveTypes(Manager.java:1040)
	at ptolemy.actor.Manager.initialize(Manager.java:710)
	at ptolemy.actor.Manager.execute(Manager.java:356)
	at ptolemy.actor.Manager.run(Manager.java:1263)
	at ptolemy.actor.Manager$PtolemyRunThread.run(Manager.java:1915)

    while executing
ptolemy.kernel.util.IllegalActionException: Found a zero delay loop containing .dependencyLoop.original
  in .dependencyLoop and .dependencyLoop.original
    while executing
"java::new ptolemy.moml.MoMLSimpleApplication $file
"
    (procedure "createAndExecute" line 2)
    invoked from within
"createAndExecute $file"
    ("uplevel" body line 5)
    invoked from within
"uplevel $contents_of_test"
------------------ testing $PTII/ptolemy/domains/de/test/auto/knownFailedTests/DESDFClockTest.xml (Known Failure) 
2106 ms. Memory: 146944K Free: 116625K (79%)


==== $PTIIhome/travis/build/icyphy/ptII/ptolemy/domains/de/test/../../../../: Auto Automatic test in file $PTII/ptolemy/domains/de/test/auto/knownFailedTests/DESDFClockTest.xml
==== Contents of test case:

	    # FIXME: we should use $relativeFilename here, but it
	    # might have backslashes under Windows, which causes no end
	    # of trouble.
	    createAndExecute $file
	    list {}
	
.... Test generated KNOWN error:
    while executing
ptolemy.kernel.util.IllegalActionException: Actor is not ready to fire.  Perhaps UpSample.prefire() returned false? Try debugging the actor by selecting "Listen to Actor".  Also, for SDF check moml for tokenConsumptionRate on input.
  in .DESDFClockTest.Play Bell.Copy1:SDF Director and .DESDFClockTest.Play Bell.UpSample
	at ptolemy.actor.sched.StaticSchedulingDirector.fire(StaticSchedulingDirector.java:227)
	at ptolemy.domains.sdf.kernel.SDFDirector.fire(SDFDirector.java:500)
	at ptolemy.actor.CompositeActor.fire(CompositeActor.java:455)
	at ptolemy.domains.de.kernel.DEDirector._fire(DEDirector.java:1949)
	at ptolemy.domains.de.kernel.DEDirector.fire(DEDirector.java:502)
	at ptolemy.actor.CompositeActor.fire(CompositeActor.java:455)
	at ptolemy.actor.Manager.iterate(Manager.java:851)
	at ptolemy.actor.Manager.execute(Manager.java:369)
	at ptolemy.actor.Manager.run(Manager.java:1263)
	at ptolemy.actor.Manager$PtolemyRunThread.run(Manager.java:1915)

    while executing
ptolemy.kernel.util.IllegalActionException: Actor is not ready to fire.  Perhaps UpSample.prefire() returned false? Try debugging the actor by selecting "Listen to Actor".  Also, for SDF check moml for tokenConsumptionRate on input.
  in .DESDFClockTest.Play Bell.Copy1:SDF Director and .DESDFClockTest.Play Bell.UpSample
    while executing
"java::new ptolemy.moml.MoMLSimpleApplication $file
"
    (procedure "createAndExecute" line 2)
    invoked from within
"createAndExecute $file"
    ("uplevel" body line 5)
    invoked from within
"uplevel $contents_of_test"
------------------ testing $PTII/ptolemy/domains/de/test/auto/knownFailedTests/FSMSource.xml (Known Failure) 
21 ms. Memory: 146944K Free: 107707K (73%)
!!!! Auto was marked as failing, but now passes
------------------ testing $PTII/ptolemy/domains/de/test/auto/knownFailedTests/dependencyLoop2.xml (Known Failure) 
6 ms. Memory: 146944K Free: 105823K (72%)


==== $PTIIhome/travis/build/icyphy/ptII/ptolemy/domains/de/test/../../../../: Auto Automatic test in file $PTII/ptolemy/domains/de/test/auto/knownFailedTests/dependencyLoop2.xml
==== Contents of test case:

	    # FIXME: we should use $relativeFilename here, but it
	    # might have backslashes under Windows, which causes no end
	    # of trouble.
	    createAndExecute $file
	    list {}
	
.... Test generated KNOWN error:
    while executing
ptolemy.kernel.util.IllegalActionException: Found a zero delay loop containing .dependencyLoop2.original
  in .dependencyLoop2 and .dependencyLoop2.original
	at ptolemy.actor.util.CausalityInterfaceForComposites._computeOutputPortDepth(CausalityInterfaceForComposites.java:759)
	at ptolemy.actor.util.CausalityInterfaceForComposites._computeInputDepth(CausalityInterfaceForComposites.java:696)
	at ptolemy.actor.util.CausalityInterfaceForComposites._computeOutputPortDepth(CausalityInterfaceForComposites.java:765)
	at ptolemy.actor.util.CausalityInterfaceForComposites._computeInputDepth(CausalityInterfaceForComposites.java:696)
	at ptolemy.actor.util.CausalityInterfaceForComposites._computeOutputPortDepth(CausalityInterfaceForComposites.java:765)
	at ptolemy.actor.util.CausalityInterfaceForComposites._computeInputDepth(CausalityInterfaceForComposites.java:696)
	at ptolemy.actor.util.CausalityInterfaceForComposites._computeActorDepth(CausalityInterfaceForComposites.java:532)
	at ptolemy.actor.util.CausalityInterfaceForComposites.checkForCycles(CausalityInterfaceForComposites.java:96)
	at ptolemy.domains.de.kernel.DEDirector.preinitialize(DEDirector.java:1338)
	at ptolemy.actor.CompositeActor.preinitialize(CompositeActor.java:1828)
	at ptolemy.actor.Manager.preinitializeAndResolveTypes(Manager.java:1040)
	at ptolemy.actor.Manager.initialize(Manager.java:710)
	at ptolemy.actor.Manager.execute(Manager.java:356)
	at ptolemy.actor.Manager.run(Manager.java:1263)
	at ptolemy.actor.Manager$PtolemyRunThread.run(Manager.java:1915)

    while executing
ptolemy.kernel.util.IllegalActionException: Found a zero delay loop containing .dependencyLoop2.original
  in .dependencyLoop2 and .dependencyLoop2.original
    while executing
"java::new ptolemy.moml.MoMLSimpleApplication $file
"
    (procedure "createAndExecute" line 2)
    invoked from within
"createAndExecute $file"
    ("uplevel" body line 5)
    invoked from within
"uplevel $contents_of_test"
------------------ testing $PTII/ptolemy/domains/de/test/auto/knownFailedTests/HierarchicalModel.xml (Known Failure) 
5 ms. Memory: 146944K Free: 84254K (57%)


==== $PTIIhome/travis/build/icyphy/ptII/ptolemy/domains/de/test/../../../../: Auto Automatic test in file $PTII/ptolemy/domains/de/test/auto/knownFailedTests/HierarchicalModel.xml
==== Contents of test case:

	    # FIXME: we should use $relativeFilename here, but it
	    # might have backslashes under Windows, which causes no end
	    # of trouble.
	    createAndExecute $file
	    list {}
	
.... Test generated KNOWN error:
    while executing
ptolemy.kernel.util.IllegalActionException: Found a zero delay loop containing .HierarchicalModel.A
  in .HierarchicalModel and .HierarchicalModel.A
	at ptolemy.actor.util.CausalityInterfaceForComposites._computeOutputPortDepth(CausalityInterfaceForComposites.java:759)
	at ptolemy.actor.util.CausalityInterfaceForComposites._computeInputDepth(CausalityInterfaceForComposites.java:696)
	at ptolemy.actor.util.CausalityInterfaceForComposites._computeOutputPortDepth(CausalityInterfaceForComposites.java:765)
	at ptolemy.actor.util.CausalityInterfaceForComposites._computeInputDepth(CausalityInterfaceForComposites.java:696)
	at ptolemy.actor.util.CausalityInterfaceForComposites._computeOutputPortDepth(CausalityInterfaceForComposites.java:765)
	at ptolemy.actor.util.CausalityInterfaceForComposites._computeInputDepth(CausalityInterfaceForComposites.java:696)
	at ptolemy.actor.util.CausalityInterfaceForComposites._computeActorDepth(CausalityInterfaceForComposites.java:532)
	at ptolemy.actor.util.CausalityInterfaceForComposites.checkForCycles(CausalityInterfaceForComposites.java:96)
	at ptolemy.domains.de.kernel.DEDirector.preinitialize(DEDirector.java:1338)
	at ptolemy.actor.CompositeActor.preinitialize(CompositeActor.java:1828)
	at ptolemy.actor.Manager.preinitializeAndResolveTypes(Manager.java:1040)
	at ptolemy.actor.Manager.initialize(Manager.java:710)
	at ptolemy.actor.Manager.execute(Manager.java:356)
	at ptolemy.actor.Manager.run(Manager.java:1263)
	at ptolemy.actor.Manager$PtolemyRunThread.run(Manager.java:1915)

    while executing
ptolemy.kernel.util.IllegalActionException: Found a zero delay loop containing .HierarchicalModel.A
  in .HierarchicalModel and .HierarchicalModel.A
    while executing
"java::new ptolemy.moml.MoMLSimpleApplication $file
"
    (procedure "createAndExecute" line 2)
    invoked from within
"createAndExecute $file"
    ("uplevel" body line 5)
    invoked from within
"uplevel $contents_of_test"
------------------ testing $PTII/ptolemy/domains/de/test/auto/knownFailedTests/DirectFeedback.xml (Known Failure) 
5 ms. Memory: 146944K Free: 141095K (96%)


==== $PTIIhome/travis/build/icyphy/ptII/ptolemy/domains/de/test/../../../../: Auto Automatic test in file $PTII/ptolemy/domains/de/test/auto/knownFailedTests/DirectFeedback.xml
==== Contents of test case:

	    # FIXME: we should use $relativeFilename here, but it
	    # might have backslashes under Windows, which causes no end
	    # of trouble.
	    createAndExecute $file
	    list {}
	
.... Test generated KNOWN error:
    while executing
ptolemy.kernel.util.IllegalActionException: Test fails in iteration 1.
Value was: 1.0. Should have been: 2.0
  in .DirectFeedback.Test
	at ptolemy.actor.lib.Test.fire(Test.java:268)
	at ptolemy.domains.de.kernel.DEDirector._fire(DEDirector.java:1949)
	at ptolemy.domains.de.kernel.DEDirector.fire(DEDirector.java:502)
	at ptolemy.actor.CompositeActor.fire(CompositeActor.java:455)
	at ptolemy.actor.Manager.iterate(Manager.java:851)
	at ptolemy.actor.Manager.execute(Manager.java:369)
	at ptolemy.actor.Manager.run(Manager.java:1263)
	at ptolemy.actor.Manager$PtolemyRunThread.run(Manager.java:1915)

    while executing
ptolemy.kernel.util.IllegalActionException: Test fails in iteration 1.
Value was: 1.0. Should have been: 2.0
  in .DirectFeedback.Test
    while executing
"java::new ptolemy.moml.MoMLSimpleApplication $file
"
    (procedure "createAndExecute" line 2)
    invoked from within
"createAndExecute $file"
    ("uplevel" body line 5)
    invoked from within
"uplevel $contents_of_test"
------------------ testing $PTII/ptolemy/domains/de/test/auto/ActorDepthCalculation_actorWithoutPorts.xml
auto.tcl: Setting watchdog for 200 seconds at Fri Nov 30 02:54:00 UTC 2018
4 ms. Memory: 146944K Free: 132445K (90%)
ptolemy.util.test.WatchDog.cancel(): canceling Fri Nov 30 02:54:00 UTC 2018
auto.tcl: Setting watchdog for 200 seconds at Fri Nov 30 02:54:00 UTC 2018
4 ms. Memory: 146944K Free: 131413K (89%)
ptolemy.util.test.WatchDog.cancel(): canceling Fri Nov 30 02:54:00 UTC 2018
------------------ testing $PTII/ptolemy/domains/de/test/auto/AssemblyLine.xml
auto.tcl: Setting watchdog for 200 seconds at Fri Nov 30 02:54:00 UTC 2018
19 ms. Memory: 208384K Free: 182867K (88%)
ptolemy.util.test.WatchDog.cancel(): canceling Fri Nov 30 02:54:01 UTC 2018
auto.tcl: Setting watchdog for 200 seconds at Fri Nov 30 02:54:01 UTC 2018
8 ms. Memory: 208384K Free: 182867K (88%)
ptolemy.util.test.WatchDog.cancel(): canceling Fri Nov 30 02:54:01 UTC 2018
------------------ testing $PTII/ptolemy/domains/de/test/auto/CQBug1.xml
auto.tcl: Setting watchdog for 200 seconds at Fri Nov 30 02:54:01 UTC 2018
11 ms. Memory: 208384K Free: 197723K (95%)
ptolemy.util.test.WatchDog.cancel(): canceling Fri Nov 30 02:54:01 UTC 2018
auto.tcl: Setting watchdog for 200 seconds at Fri Nov 30 02:54:01 UTC 2018
2 ms. Memory: 208384K Free: 197723K (95%)
ptolemy.util.test.WatchDog.cancel(): canceling Fri Nov 30 02:54:01 UTC 2018
------------------ testing $PTII/ptolemy/domains/de/test/auto/CancelFireAt.xml
auto.tcl: Setting watchdog for 200 seconds at Fri Nov 30 02:54:01 UTC 2018
15 ms. Memory: 208384K Free: 201435K (97%)
ptolemy.util.test.WatchDog.cancel(): canceling Fri Nov 30 02:54:01 UTC 2018
auto.tcl: Setting watchdog for 200 seconds at Fri Nov 30 02:54:01 UTC 2018
2 ms. Memory: 208384K Free: 199344K (96%)
ptolemy.util.test.WatchDog.cancel(): canceling Fri Nov 30 02:54:01 UTC 2018
------------------ testing $PTII/ptolemy/domains/de/test/auto/CausalityAndComposabilityAnalysis.xml
auto.tcl: Setting watchdog for 200 seconds at Fri Nov 30 02:54:01 UTC 2018
23 ms. Memory: 208384K Free: 196512K (94%)
ptolemy.util.test.WatchDog.cancel(): canceling Fri Nov 30 02:54:01 UTC 2018
auto.tcl: Setting watchdog for 200 seconds at Fri Nov 30 02:54:01 UTC 2018
6 ms. Memory: 208384K Free: 196512K (94%)
ptolemy.util.test.WatchDog.cancel(): canceling Fri Nov 30 02:54:01 UTC 2018
------------------ testing $PTII/ptolemy/domains/de/test/auto/CausalityInterface1.xml
auto.tcl: Setting watchdog for 200 seconds at Fri Nov 30 02:54:01 UTC 2018
19 ms. Memory: 208384K Free: 196449K (94%)
ptolemy.util.test.WatchDog.cancel(): canceling Fri Nov 30 02:54:01 UTC 2018
auto.tcl: Setting watchdog for 200 seconds at Fri Nov 30 02:54:01 UTC 2018
6 ms. Memory: 208384K Free: 196449K (94%)
ptolemy.util.test.WatchDog.cancel(): canceling Fri Nov 30 02:54:01 UTC 2018
------------------ testing $PTII/ptolemy/domains/de/test/auto/CausalityInterface15.xml
auto.tcl: Setting watchdog for 200 seconds at Fri Nov 30 02:54:01 UTC 2018
8 ms. Memory: 208384K Free: 196439K (94%)
ptolemy.util.test.WatchDog.cancel(): canceling Fri Nov 30 02:54:01 UTC 2018
auto.tcl: Setting watchdog for 200 seconds at Fri Nov 30 02:54:01 UTC 2018
4 ms. Memory: 208384K Free: 194347K (93%)
ptolemy.util.test.WatchDog.cancel(): canceling Fri Nov 30 02:54:01 UTC 2018
------------------ testing $PTII/ptolemy/domains/de/test/auto/CausalityInterface2.xml
auto.tcl: Setting watchdog for 200 seconds at Fri Nov 30 02:54:01 UTC 2018
3 ms. Memory: 208384K Free: 196423K (94%)
ptolemy.util.test.WatchDog.cancel(): canceling Fri Nov 30 02:54:01 UTC 2018
auto.tcl: Setting watchdog for 200 seconds at Fri Nov 30 02:54:01 UTC 2018
3 ms. Memory: 208384K Free: 196423K (94%)
ptolemy.util.test.WatchDog.cancel(): canceling Fri Nov 30 02:54:01 UTC 2018
------------------ testing $PTII/ptolemy/domains/de/test/auto/CausalityInterface3.xml
auto.tcl: Setting watchdog for 200 seconds at Fri Nov 30 02:54:01 UTC 2018
5 ms. Memory: 208384K Free: 196774K (94%)
ptolemy.util.test.WatchDog.cancel(): canceling Fri Nov 30 02:54:01 UTC 2018
auto.tcl: Setting watchdog for 200 seconds at Fri Nov 30 02:54:01 UTC 2018
3 ms. Memory: 208384K Free: 196436K (94%)
ptolemy.util.test.WatchDog.cancel(): canceling Fri Nov 30 02:54:01 UTC 2018
------------------ testing $PTII/ptolemy/domains/de/test/auto/ClockDrift.xml
auto.tcl: Setting watchdog for 200 seconds at Fri Nov 30 02:54:01 UTC 2018
101 ms. Memory: 208384K Free: 187694K (90%)
ptolemy.util.test.WatchDog.cancel(): canceling Fri Nov 30 02:54:02 UTC 2018
auto.tcl: Setting watchdog for 200 seconds at Fri Nov 30 02:54:02 UTC 2018
56 ms. Memory: 208384K Free: 185602K (89%)
ptolemy.util.test.WatchDog.cancel(): canceling Fri Nov 30 02:54:02 UTC 2018
------------------ testing $PTII/ptolemy/domains/de/test/auto/ClockDriftAndValueChange.xml
auto.tcl: Setting watchdog for 200 seconds at Fri Nov 30 02:54:02 UTC 2018
33 ms. Memory: 208384K Free: 187525K (90%)
ptolemy.util.test.WatchDog.cancel(): canceling Fri Nov 30 02:54:02 UTC 2018
auto.tcl: Setting watchdog for 200 seconds at Fri Nov 30 02:54:02 UTC 2018
40 ms. Memory: 208384K Free: 185433K (89%)
ptolemy.util.test.WatchDog.cancel(): canceling Fri Nov 30 02:54:02 UTC 2018
------------------ testing $PTII/ptolemy/domains/de/test/auto/ClockDriftChange.xml
auto.tcl: Setting watchdog for 200 seconds at Fri Nov 30 02:54:02 UTC 2018
38 ms. Memory: 208384K Free: 190840K (92%)
ptolemy.util.test.WatchDog.cancel(): canceling Fri Nov 30 02:54:02 UTC 2018
auto.tcl: Setting watchdog for 200 seconds at Fri Nov 30 02:54:02 UTC 2018
28 ms. Memory: 208384K Free: 188748K (91%)
ptolemy.util.test.WatchDog.cancel(): canceling Fri Nov 30 02:54:02 UTC 2018
------------------ testing $PTII/ptolemy/domains/de/test/auto/ComposableCausalityAnalysis.xml
auto.tcl: Setting watchdog for 200 seconds at Fri Nov 30 02:54:02 UTC 2018
2 ms. Memory: 208384K Free: 196289K (94%)
ptolemy.util.test.WatchDog.cancel(): canceling Fri Nov 30 02:54:02 UTC 2018
auto.tcl: Setting watchdog for 200 seconds at Fri Nov 30 02:54:02 UTC 2018
2 ms. Memory: 208384K Free: 194198K (93%)
ptolemy.util.test.WatchDog.cancel(): canceling Fri Nov 30 02:54:02 UTC 2018
------------------ testing $PTII/ptolemy/domains/de/test/auto/DEFixedPointLimitation.xml
auto.tcl: Setting watchdog for 200 seconds at Fri Nov 30 02:54:02 UTC 2018
2 ms. Memory: 208384K Free: 196369K (94%)
ptolemy.util.test.WatchDog.cancel(): canceling Fri Nov 30 02:54:02 UTC 2018
auto.tcl: Setting watchdog for 200 seconds at Fri Nov 30 02:54:02 UTC 2018
3 ms. Memory: 208384K Free: 196369K (94%)
ptolemy.util.test.WatchDog.cancel(): canceling Fri Nov 30 02:54:02 UTC 2018
------------------ testing $PTII/ptolemy/domains/de/test/auto/DEScheduleTest.xml
auto.tcl: Setting watchdog for 200 seconds at Fri Nov 30 02:54:02 UTC 2018
6 ms. Memory: 208384K Free: 198497K (95%)
ptolemy.util.test.WatchDog.cancel(): canceling Fri Nov 30 02:54:02 UTC 2018
auto.tcl: Setting watchdog for 200 seconds at Fri Nov 30 02:54:02 UTC 2018
6 ms. Memory: 208384K Free: 196405K (94%)
ptolemy.util.test.WatchDog.cancel(): canceling Fri Nov 30 02:54:02 UTC 2018
------------------ testing $PTII/ptolemy/domains/de/test/auto/DEinDEwithStartTimes.xml
auto.tcl: Setting watchdog for 200 seconds at Fri Nov 30 02:54:02 UTC 2018
3 ms. Memory: 208384K Free: 196713K (94%)
ptolemy.util.test.WatchDog.cancel(): canceling Fri Nov 30 02:54:02 UTC 2018
auto.tcl: Setting watchdog for 200 seconds at Fri Nov 30 02:54:02 UTC 2018
5 ms. Memory: 208384K Free: 194284K (93%)
ptolemy.util.test.WatchDog.cancel(): canceling Fri Nov 30 02:54:02 UTC 2018
------------------ testing $PTII/ptolemy/domains/de/test/auto/DEinDEwithStartTimes2.xml
auto.tcl: Setting watchdog for 200 seconds at Fri Nov 30 02:54:02 UTC 2018
6 ms. Memory: 208384K Free: 196355K (94%)
ptolemy.util.test.WatchDog.cancel(): canceling Fri Nov 30 02:54:02 UTC 2018
auto.tcl: Setting watchdog for 200 seconds at Fri Nov 30 02:54:02 UTC 2018
4 ms. Memory: 208384K Free: 194264K (93%)
ptolemy.util.test.WatchDog.cancel(): canceling Fri Nov 30 02:54:02 UTC 2018
------------------ testing $PTII/ptolemy/domains/de/test/auto/DateDemo.xml
auto.tcl: Setting watchdog for 200 seconds at Fri Nov 30 02:54:02 UTC 2018
9 ms. Memory: 208384K Free: 188818K (91%)
ptolemy.util.test.WatchDog.cancel(): canceling Fri Nov 30 02:54:03 UTC 2018
auto.tcl: Setting watchdog for 200 seconds at Fri Nov 30 02:54:03 UTC 2018
8 ms. Memory: 208384K Free: 186727K (90%)
ptolemy.util.test.WatchDog.cancel(): canceling Fri Nov 30 02:54:03 UTC 2018
------------------ testing $PTII/ptolemy/domains/de/test/auto/DateToEvent.xml
auto.tcl: Setting watchdog for 200 seconds at Fri Nov 30 02:54:03 UTC 2018
2022 ms. Memory: 208384K Free: 183559K (88%)
ptolemy.util.test.WatchDog.cancel(): canceling Fri Nov 30 02:54:05 UTC 2018
auto.tcl: Setting watchdog for 200 seconds at Fri Nov 30 02:54:05 UTC 2018
2004 ms. Memory: 208384K Free: 181101K (87%)
ptolemy.util.test.WatchDog.cancel(): canceling Fri Nov 30 02:54:07 UTC 2018
------------------ testing $PTII/ptolemy/domains/de/test/auto/DepthTest1.xml
auto.tcl: Setting watchdog for 200 seconds at Fri Nov 30 02:54:07 UTC 2018
3 ms. Memory: 208384K Free: 198025K (95%)
ptolemy.util.test.WatchDog.cancel(): canceling Fri Nov 30 02:54:07 UTC 2018
auto.tcl: Setting watchdog for 200 seconds at Fri Nov 30 02:54:07 UTC 2018
1 ms. Memory: 208384K Free: 198025K (95%)
ptolemy.util.test.WatchDog.cancel(): canceling Fri Nov 30 02:54:07 UTC 2018
------------------ testing $PTII/ptolemy/domains/de/test/auto/DepthTest2.xml
auto.tcl: Setting watchdog for 200 seconds at Fri Nov 30 02:54:07 UTC 2018
7 ms. Memory: 208384K Free: 194243K (93%)
ptolemy.util.test.WatchDog.cancel(): canceling Fri Nov 30 02:54:07 UTC 2018
auto.tcl: Setting watchdog for 200 seconds at Fri Nov 30 02:54:07 UTC 2018
6 ms. Memory: 208384K Free: 194243K (93%)
ptolemy.util.test.WatchDog.cancel(): canceling Fri Nov 30 02:54:07 UTC 2018
------------------ testing $PTII/ptolemy/domains/de/test/auto/DepthTest3.xml
auto.tcl: Setting watchdog for 200 seconds at Fri Nov 30 02:54:07 UTC 2018
2 ms. Memory: 208384K Free: 198697K (95%)
ptolemy.util.test.WatchDog.cancel(): canceling Fri Nov 30 02:54:07 UTC 2018
auto.tcl: Setting watchdog for 200 seconds at Fri Nov 30 02:54:07 UTC 2018
1 ms. Memory: 208384K Free: 198697K (95%)
ptolemy.util.test.WatchDog.cancel(): canceling Fri Nov 30 02:54:07 UTC 2018
------------------ testing $PTII/ptolemy/domains/de/test/auto/DepthTest4.xml
auto.tcl: Setting watchdog for 200 seconds at Fri Nov 30 02:54:07 UTC 2018
3 ms. Memory: 208384K Free: 196356K (94%)
ptolemy.util.test.WatchDog.cancel(): canceling Fri Nov 30 02:54:07 UTC 2018
auto.tcl: Setting watchdog for 200 seconds at Fri Nov 30 02:54:07 UTC 2018
2 ms. Memory: 208384K Free: 196356K (94%)
ptolemy.util.test.WatchDog.cancel(): canceling Fri Nov 30 02:54:07 UTC 2018
------------------ testing $PTII/ptolemy/domains/de/test/auto/DepthTest5.xml
auto.tcl: Setting watchdog for 200 seconds at Fri Nov 30 02:54:07 UTC 2018
3 ms. Memory: 208384K Free: 196641K (94%)
ptolemy.util.test.WatchDog.cancel(): canceling Fri Nov 30 02:54:07 UTC 2018
auto.tcl: Setting watchdog for 200 seconds at Fri Nov 30 02:54:07 UTC 2018
2 ms. Memory: 208384K Free: 196641K (94%)
ptolemy.util.test.WatchDog.cancel(): canceling Fri Nov 30 02:54:07 UTC 2018
------------------ testing $PTII/ptolemy/domains/de/test/auto/DepthTest6.xml
auto.tcl: Setting watchdog for 200 seconds at Fri Nov 30 02:54:07 UTC 2018
7 ms. Memory: 208384K Free: 196617K (94%)
ptolemy.util.test.WatchDog.cancel(): canceling Fri Nov 30 02:54:07 UTC 2018
auto.tcl: Setting watchdog for 200 seconds at Fri Nov 30 02:54:07 UTC 2018
3 ms. Memory: 208384K Free: 196617K (94%)
ptolemy.util.test.WatchDog.cancel(): canceling Fri Nov 30 02:54:07 UTC 2018
------------------ testing $PTII/ptolemy/domains/de/test/auto/DepthTest7.xml
auto.tcl: Setting watchdog for 200 seconds at Fri Nov 30 02:54:07 UTC 2018
3 ms. Memory: 208384K Free: 196261K (94%)
ptolemy.util.test.WatchDog.cancel(): canceling Fri Nov 30 02:54:07 UTC 2018
auto.tcl: Setting watchdog for 200 seconds at Fri Nov 30 02:54:07 UTC 2018
2 ms. Memory: 208384K Free: 196261K (94%)
ptolemy.util.test.WatchDog.cancel(): canceling Fri Nov 30 02:54:07 UTC 2018
------------------ testing $PTII/ptolemy/domains/de/test/auto/EventToDate.xml
auto.tcl: Setting watchdog for 200 seconds at Fri Nov 30 02:54:07 UTC 2018
3013 ms. Memory: 208384K Free: 185826K (89%)
ptolemy.util.test.WatchDog.cancel(): canceling Fri Nov 30 02:54:10 UTC 2018
auto.tcl: Setting watchdog for 200 seconds at Fri Nov 30 02:54:10 UTC 2018
3004 ms. Memory: 208384K Free: 185826K (89%)
ptolemy.util.test.WatchDog.cancel(): canceling Fri Nov 30 02:54:13 UTC 2018
------------------ testing $PTII/ptolemy/domains/de/test/auto/FSM1.xml
auto.tcl: Setting watchdog for 200 seconds at Fri Nov 30 02:54:13 UTC 2018
19 ms. Memory: 208384K Free: 189330K (91%)
ptolemy.util.test.WatchDog.cancel(): canceling Fri Nov 30 02:54:13 UTC 2018
auto.tcl: Setting watchdog for 200 seconds at Fri Nov 30 02:54:13 UTC 2018
15 ms. Memory: 208384K Free: 185147K (89%)
ptolemy.util.test.WatchDog.cancel(): canceling Fri Nov 30 02:54:13 UTC 2018
------------------ testing $PTII/ptolemy/domains/de/test/auto/FSM7.xml
auto.tcl: Setting watchdog for 200 seconds at Fri Nov 30 02:54:14 UTC 2018
14 ms. Memory: 208384K Free: 187441K (90%)
ptolemy.util.test.WatchDog.cancel(): canceling Fri Nov 30 02:54:14 UTC 2018
auto.tcl: Setting watchdog for 200 seconds at Fri Nov 30 02:54:14 UTC 2018
15 ms. Memory: 208384K Free: 185349K (89%)
ptolemy.util.test.WatchDog.cancel(): canceling Fri Nov 30 02:54:14 UTC 2018
------------------ testing $PTII/ptolemy/domains/de/test/auto/Inspection.xml
auto.tcl: Setting watchdog for 200 seconds at Fri Nov 30 02:54:14 UTC 2018
33 ms. Memory: 208384K Free: 188654K (91%)
ptolemy.util.test.WatchDog.cancel(): canceling Fri Nov 30 02:54:14 UTC 2018
auto.tcl: Setting watchdog for 200 seconds at Fri Nov 30 02:54:14 UTC 2018
20 ms. Memory: 208384K Free: 186563K (90%)
ptolemy.util.test.WatchDog.cancel(): canceling Fri Nov 30 02:54:14 UTC 2018
------------------ testing $PTII/ptolemy/domains/de/test/auto/Iteration.xml
auto.tcl: Setting watchdog for 200 seconds at Fri Nov 30 02:54:14 UTC 2018
9 ms. Memory: 208384K Free: 196403K (94%)
ptolemy.util.test.WatchDog.cancel(): canceling Fri Nov 30 02:54:14 UTC 2018
auto.tcl: Setting watchdog for 200 seconds at Fri Nov 30 02:54:14 UTC 2018
7 ms. Memory: 208384K Free: 193974K (93%)
ptolemy.util.test.WatchDog.cancel(): canceling Fri Nov 30 02:54:14 UTC 2018
------------------ testing $PTII/ptolemy/domains/de/test/auto/LineFault.xml
auto.tcl: Setting watchdog for 200 seconds at Fri Nov 30 02:54:14 UTC 2018
739 ms. Memory: 208384K Free: 196154K (94%)
ptolemy.util.test.WatchDog.cancel(): canceling Fri Nov 30 02:54:15 UTC 2018
auto.tcl: Setting watchdog for 200 seconds at Fri Nov 30 02:54:15 UTC 2018
582 ms. Memory: 208384K Free: 139055K (67%)
ptolemy.util.test.WatchDog.cancel(): canceling Fri Nov 30 02:54:15 UTC 2018
------------------ testing $PTII/ptolemy/domains/de/test/auto/MergeModel1Add.xml
auto.tcl: Setting watchdog for 200 seconds at Fri Nov 30 02:54:16 UTC 2018
15 ms. Memory: 331264K Free: 298880K (90%)
ptolemy.util.test.WatchDog.cancel(): canceling Fri Nov 30 02:54:16 UTC 2018
auto.tcl: Setting watchdog for 200 seconds at Fri Nov 30 02:54:16 UTC 2018
10 ms. Memory: 331264K Free: 298880K (90%)
ptolemy.util.test.WatchDog.cancel(): canceling Fri Nov 30 02:54:16 UTC 2018
------------------ testing $PTII/ptolemy/domains/de/test/auto/MergeModel2Add.xml
auto.tcl: Setting watchdog for 200 seconds at Fri Nov 30 02:54:16 UTC 2018
17 ms. Memory: 331264K Free: 304162K (92%)
ptolemy.util.test.WatchDog.cancel(): canceling Fri Nov 30 02:54:16 UTC 2018
auto.tcl: Setting watchdog for 200 seconds at Fri Nov 30 02:54:16 UTC 2018
12 ms. Memory: 331264K Free: 300219K (91%)
ptolemy.util.test.WatchDog.cancel(): canceling Fri Nov 30 02:54:16 UTC 2018
------------------ testing $PTII/ptolemy/domains/de/test/auto/MergeModel3Add.xml
auto.tcl: Setting watchdog for 200 seconds at Fri Nov 30 02:54:16 UTC 2018
13 ms. Memory: 331264K Free: 304172K (92%)
ptolemy.util.test.WatchDog.cancel(): canceling Fri Nov 30 02:54:16 UTC 2018
auto.tcl: Setting watchdog for 200 seconds at Fri Nov 30 02:54:16 UTC 2018
11 ms. Memory: 331264K Free: 300228K (91%)
ptolemy.util.test.WatchDog.cancel(): canceling Fri Nov 30 02:54:16 UTC 2018
------------------ testing $PTII/ptolemy/domains/de/test/auto/MergeWithoutDiscard.xml
auto.tcl: Setting watchdog for 200 seconds at Fri Nov 30 02:54:16 UTC 2018
5 ms. Memory: 331264K Free: 320227K (97%)
ptolemy.util.test.WatchDog.cancel(): canceling Fri Nov 30 02:54:16 UTC 2018
auto.tcl: Setting watchdog for 200 seconds at Fri Nov 30 02:54:16 UTC 2018
1 ms. Memory: 331264K Free: 316284K (95%)
ptolemy.util.test.WatchDog.cancel(): canceling Fri Nov 30 02:54:16 UTC 2018
------------------ testing $PTII/ptolemy/domains/de/test/auto/Modal1.xml
auto.tcl: Setting watchdog for 200 seconds at Fri Nov 30 02:54:16 UTC 2018
20 ms. Memory: 331264K Free: 309896K (94%)
ptolemy.util.test.WatchDog.cancel(): canceling Fri Nov 30 02:54:16 UTC 2018
auto.tcl: Setting watchdog for 200 seconds at Fri Nov 30 02:54:16 UTC 2018
17 ms. Memory: 331264K Free: 305953K (92%)
ptolemy.util.test.WatchDog.cancel(): canceling Fri Nov 30 02:54:16 UTC 2018
------------------ testing $PTII/ptolemy/domains/de/test/auto/Modal2.xml
auto.tcl: Setting watchdog for 200 seconds at Fri Nov 30 02:54:16 UTC 2018
16 ms. Memory: 331264K Free: 309777K (94%)
ptolemy.util.test.WatchDog.cancel(): canceling Fri Nov 30 02:54:16 UTC 2018
auto.tcl: Setting watchdog for 200 seconds at Fri Nov 30 02:54:16 UTC 2018
16 ms. Memory: 331264K Free: 305834K (92%)
ptolemy.util.test.WatchDog.cancel(): canceling Fri Nov 30 02:54:16 UTC 2018
------------------ testing $PTII/ptolemy/domains/de/test/auto/Modal3.xml
auto.tcl: Setting watchdog for 200 seconds at Fri Nov 30 02:54:16 UTC 2018
11 ms. Memory: 331264K Free: 309844K (94%)
ptolemy.util.test.WatchDog.cancel(): canceling Fri Nov 30 02:54:16 UTC 2018
auto.tcl: Setting watchdog for 200 seconds at Fri Nov 30 02:54:16 UTC 2018
10 ms. Memory: 331264K Free: 305615K (92%)
ptolemy.util.test.WatchDog.cancel(): canceling Fri Nov 30 02:54:16 UTC 2018
------------------ testing $PTII/ptolemy/domains/de/test/auto/Modal4.xml
auto.tcl: Setting watchdog for 200 seconds at Fri Nov 30 02:54:16 UTC 2018
16 ms. Memory: 331264K Free: 309571K (93%)
ptolemy.util.test.WatchDog.cancel(): canceling Fri Nov 30 02:54:16 UTC 2018
auto.tcl: Setting watchdog for 200 seconds at Fri Nov 30 02:54:16 UTC 2018
19 ms. Memory: 331264K Free: 305628K (92%)
ptolemy.util.test.WatchDog.cancel(): canceling Fri Nov 30 02:54:16 UTC 2018
------------------ testing $PTII/ptolemy/domains/de/test/auto/Modal5.xml
auto.tcl: Setting watchdog for 200 seconds at Fri Nov 30 02:54:17 UTC 2018
23 ms. Memory: 331264K Free: 309558K (93%)
ptolemy.util.test.WatchDog.cancel(): canceling Fri Nov 30 02:54:17 UTC 2018
auto.tcl: Setting watchdog for 200 seconds at Fri Nov 30 02:54:17 UTC 2018
15 ms. Memory: 331264K Free: 305615K (92%)
ptolemy.util.test.WatchDog.cancel(): canceling Fri Nov 30 02:54:17 UTC 2018
------------------ testing $PTII/ptolemy/domains/de/test/auto/Modal6.xml
auto.tcl: Setting watchdog for 200 seconds at Fri Nov 30 02:54:17 UTC 2018
11 ms. Memory: 331264K Free: 309554K (93%)
ptolemy.util.test.WatchDog.cancel(): canceling Fri Nov 30 02:54:17 UTC 2018
auto.tcl: Setting watchdog for 200 seconds at Fri Nov 30 02:54:17 UTC 2018
12 ms. Memory: 331264K Free: 305611K (92%)
ptolemy.util.test.WatchDog.cancel(): canceling Fri Nov 30 02:54:17 UTC 2018
------------------ testing $PTII/ptolemy/domains/de/test/auto/Modal7.xml
auto.tcl: Setting watchdog for 200 seconds at Fri Nov 30 02:54:17 UTC 2018
9 ms. Memory: 331264K Free: 309555K (93%)
ptolemy.util.test.WatchDog.cancel(): canceling Fri Nov 30 02:54:17 UTC 2018
auto.tcl: Setting watchdog for 200 seconds at Fri Nov 30 02:54:17 UTC 2018
9 ms. Memory: 331264K Free: 305611K (92%)
ptolemy.util.test.WatchDog.cancel(): canceling Fri Nov 30 02:54:17 UTC 2018
------------------ testing $PTII/ptolemy/domains/de/test/auto/ModalModel.xml
auto.tcl: Setting watchdog for 200 seconds at Fri Nov 30 02:54:17 UTC 2018
213 ms. Memory: 331264K Free: 246083K (74%)
ptolemy.util.test.WatchDog.cancel(): canceling Fri Nov 30 02:54:17 UTC 2018
auto.tcl: Setting watchdog for 200 seconds at Fri Nov 30 02:54:17 UTC 2018
189 ms. Memory: 331264K Free: 190814K (58%)
ptolemy.util.test.WatchDog.cancel(): canceling Fri Nov 30 02:54:17 UTC 2018
------------------ testing $PTII/ptolemy/domains/de/test/auto/ModalSource.xml
auto.tcl: Setting watchdog for 200 seconds at Fri Nov 30 02:54:17 UTC 2018
6 ms. Memory: 331264K Free: 316317K (95%)
ptolemy.util.test.WatchDog.cancel(): canceling Fri Nov 30 02:54:17 UTC 2018
auto.tcl: Setting watchdog for 200 seconds at Fri Nov 30 02:54:17 UTC 2018
6 ms. Memory: 331264K Free: 312789K (94%)
ptolemy.util.test.WatchDog.cancel(): canceling Fri Nov 30 02:54:17 UTC 2018
------------------ testing $PTII/ptolemy/domains/de/test/auto/NonInterruptibleTimerZeroDelay.xml
auto.tcl: Setting watchdog for 200 seconds at Fri Nov 30 02:54:17 UTC 2018
3 ms. Memory: 331264K Free: 320684K (97%)
ptolemy.util.test.WatchDog.cancel(): canceling Fri Nov 30 02:54:17 UTC 2018
auto.tcl: Setting watchdog for 200 seconds at Fri Nov 30 02:54:17 UTC 2018
2 ms. Memory: 331264K Free: 317163K (96%)
ptolemy.util.test.WatchDog.cancel(): canceling Fri Nov 30 02:54:17 UTC 2018
------------------ testing $PTII/ptolemy/domains/de/test/auto/OpenQueueingNetwork.xml
auto.tcl: Setting watchdog for 200 seconds at Fri Nov 30 02:54:17 UTC 2018
2639 ms. Memory: 317952K Free: 149917K (47%)
ptolemy.util.test.WatchDog.cancel(): canceling Fri Nov 30 02:54:20 UTC 2018
auto.tcl: Setting watchdog for 200 seconds at Fri Nov 30 02:54:20 UTC 2018
2363 ms. Memory: 287232K Free: 220829K (77%)
ptolemy.util.test.WatchDog.cancel(): canceling Fri Nov 30 02:54:23 UTC 2018
------------------ testing $PTII/ptolemy/domains/de/test/auto/OpenQueuingNetwork.xml
auto.tcl: Setting watchdog for 200 seconds at Fri Nov 30 02:54:23 UTC 2018
248 ms. Memory: 287232K Free: 187544K (65%)
ptolemy.util.test.WatchDog.cancel(): canceling Fri Nov 30 02:54:23 UTC 2018
auto.tcl: Setting watchdog for 200 seconds at Fri Nov 30 02:54:23 UTC 2018
228 ms. Memory: 287232K Free: 127596K (44%)
ptolemy.util.test.WatchDog.cancel(): canceling Fri Nov 30 02:54:23 UTC 2018
------------------ testing $PTII/ptolemy/domains/de/test/auto/PeriodicSampler.xml
auto.tcl: Setting watchdog for 200 seconds at Fri Nov 30 02:54:23 UTC 2018
4 ms. Memory: 289792K Free: 274572K (95%)
ptolemy.util.test.WatchDog.cancel(): canceling Fri Nov 30 02:54:23 UTC 2018
auto.tcl: Setting watchdog for 200 seconds at Fri Nov 30 02:54:23 UTC 2018
1 ms. Memory: 289792K Free: 274572K (95%)
ptolemy.util.test.WatchDog.cancel(): canceling Fri Nov 30 02:54:23 UTC 2018
------------------ testing $PTII/ptolemy/domains/de/test/auto/PersistentIO.xml
auto.tcl: Setting watchdog for 200 seconds at Fri Nov 30 02:54:23 UTC 2018
10 ms. Memory: 287232K Free: 266950K (93%)
ptolemy.util.test.WatchDog.cancel(): canceling Fri Nov 30 02:54:23 UTC 2018
auto.tcl: Setting watchdog for 200 seconds at Fri Nov 30 02:54:23 UTC 2018
4 ms. Memory: 287232K Free: 266950K (93%)
ptolemy.util.test.WatchDog.cancel(): canceling Fri Nov 30 02:54:23 UTC 2018
------------------ testing $PTII/ptolemy/domains/de/test/auto/PortParameterResetOnInitialize.xml
auto.tcl: Setting watchdog for 200 seconds at Fri Nov 30 02:54:24 UTC 2018
2 ms. Memory: 289280K Free: 274528K (95%)
ptolemy.util.test.WatchDog.cancel(): canceling Fri Nov 30 02:54:24 UTC 2018
auto.tcl: Setting watchdog for 200 seconds at Fri Nov 30 02:54:24 UTC 2018
2 ms. Memory: 289280K Free: 274528K (95%)
ptolemy.util.test.WatchDog.cancel(): canceling Fri Nov 30 02:54:24 UTC 2018
------------------ testing $PTII/ptolemy/domains/de/test/auto/PortParameterUpdates.xml
auto.tcl: Setting watchdog for 200 seconds at Fri Nov 30 02:54:24 UTC 2018
5 ms. Memory: 287232K Free: 274663K (96%)
ptolemy.util.test.WatchDog.cancel(): canceling Fri Nov 30 02:54:24 UTC 2018
auto.tcl: Setting watchdog for 200 seconds at Fri Nov 30 02:54:24 UTC 2018
4 ms. Memory: 287232K Free: 271766K (95%)
ptolemy.util.test.WatchDog.cancel(): canceling Fri Nov 30 02:54:24 UTC 2018
------------------ testing $PTII/ptolemy/domains/de/test/auto/QueueAndServer.xml
auto.tcl: Setting watchdog for 200 seconds at Fri Nov 30 02:54:24 UTC 2018
8 ms. Memory: 289280K Free: 273877K (95%)
ptolemy.util.test.WatchDog.cancel(): canceling Fri Nov 30 02:54:24 UTC 2018
auto.tcl: Setting watchdog for 200 seconds at Fri Nov 30 02:54:24 UTC 2018
6 ms. Memory: 289280K Free: 273776K (95%)
ptolemy.util.test.WatchDog.cancel(): canceling Fri Nov 30 02:54:24 UTC 2018
------------------ testing $PTII/ptolemy/domains/de/test/auto/Records.xml
auto.tcl: Setting watchdog for 200 seconds at Fri Nov 30 02:54:24 UTC 2018
5 ms. Memory: 287232K Free: 274576K (96%)
ptolemy.util.test.WatchDog.cancel(): canceling Fri Nov 30 02:54:24 UTC 2018
auto.tcl: Setting watchdog for 200 seconds at Fri Nov 30 02:54:24 UTC 2018
2 ms. Memory: 287232K Free: 274576K (96%)
ptolemy.util.test.WatchDog.cancel(): canceling Fri Nov 30 02:54:24 UTC 2018
------------------ testing $PTII/ptolemy/domains/de/test/auto/ResetTransitionWithStartTime1.xml
auto.tcl: Setting watchdog for 200 seconds at Fri Nov 30 02:54:24 UTC 2018
12 ms. Memory: 288768K Free: 273240K (95%)
ptolemy.util.test.WatchDog.cancel(): canceling Fri Nov 30 02:54:24 UTC 2018
auto.tcl: Setting watchdog for 200 seconds at Fri Nov 30 02:54:24 UTC 2018
4 ms. Memory: 288768K Free: 270343K (94%)
ptolemy.util.test.WatchDog.cancel(): canceling Fri Nov 30 02:54:24 UTC 2018
------------------ testing $PTII/ptolemy/domains/de/test/auto/ResetTransitionWithStartTime2.xml
auto.tcl: Setting watchdog for 200 seconds at Fri Nov 30 02:54:24 UTC 2018
5 ms. Memory: 287232K Free: 271804K (95%)
ptolemy.util.test.WatchDog.cancel(): canceling Fri Nov 30 02:54:24 UTC 2018
auto.tcl: Setting watchdog for 200 seconds at Fri Nov 30 02:54:24 UTC 2018
5 ms. Memory: 287232K Free: 268907K (94%)
ptolemy.util.test.WatchDog.cancel(): canceling Fri Nov 30 02:54:24 UTC 2018
------------------ testing $PTII/ptolemy/domains/de/test/auto/ResetTransitionWithStartTime3.xml
auto.tcl: Setting watchdog for 200 seconds at Fri Nov 30 02:54:24 UTC 2018
5 ms. Memory: 288768K Free: 273246K (95%)
ptolemy.util.test.WatchDog.cancel(): canceling Fri Nov 30 02:54:24 UTC 2018
auto.tcl: Setting watchdog for 200 seconds at Fri Nov 30 02:54:24 UTC 2018
6 ms. Memory: 288768K Free: 270357K (94%)
ptolemy.util.test.WatchDog.cancel(): canceling Fri Nov 30 02:54:24 UTC 2018
------------------ testing $PTII/ptolemy/domains/de/test/auto/ResetTransitionWithStartTime4.xml
auto.tcl: Setting watchdog for 200 seconds at Fri Nov 30 02:54:24 UTC 2018
3 ms. Memory: 287232K Free: 271701K (95%)
ptolemy.util.test.WatchDog.cancel(): canceling Fri Nov 30 02:54:24 UTC 2018
auto.tcl: Setting watchdog for 200 seconds at Fri Nov 30 02:54:24 UTC 2018
4 ms. Memory: 287232K Free: 271701K (95%)
ptolemy.util.test.WatchDog.cancel(): canceling Fri Nov 30 02:54:24 UTC 2018
------------------ testing $PTII/ptolemy/domains/de/test/auto/ResettableTimer1.xml
auto.tcl: Setting watchdog for 200 seconds at Fri Nov 30 02:54:24 UTC 2018
2 ms. Memory: 288768K Free: 276114K (96%)
ptolemy.util.test.WatchDog.cancel(): canceling Fri Nov 30 02:54:24 UTC 2018
auto.tcl: Setting watchdog for 200 seconds at Fri Nov 30 02:54:24 UTC 2018
2 ms. Memory: 288768K Free: 276114K (96%)
ptolemy.util.test.WatchDog.cancel(): canceling Fri Nov 30 02:54:24 UTC 2018
------------------ testing $PTII/ptolemy/domains/de/test/auto/ResettableTimer2.xml
auto.tcl: Setting watchdog for 200 seconds at Fri Nov 30 02:54:24 UTC 2018
2 ms. Memory: 287232K Free: 274736K (96%)
ptolemy.util.test.WatchDog.cancel(): canceling Fri Nov 30 02:54:24 UTC 2018
auto.tcl: Setting watchdog for 200 seconds at Fri Nov 30 02:54:24 UTC 2018
1 ms. Memory: 287232K Free: 274736K (96%)
ptolemy.util.test.WatchDog.cancel(): canceling Fri Nov 30 02:54:24 UTC 2018
------------------ testing $PTII/ptolemy/domains/de/test/auto/ResettableTimer3.xml
auto.tcl: Setting watchdog for 200 seconds at Fri Nov 30 02:54:24 UTC 2018
1 ms. Memory: 288256K Free: 275675K (96%)
ptolemy.util.test.WatchDog.cancel(): canceling Fri Nov 30 02:54:24 UTC 2018
auto.tcl: Setting watchdog for 200 seconds at Fri Nov 30 02:54:24 UTC 2018
1 ms. Memory: 288256K Free: 275675K (96%)
ptolemy.util.test.WatchDog.cancel(): canceling Fri Nov 30 02:54:24 UTC 2018
------------------ testing $PTII/ptolemy/domains/de/test/auto/ResettableTimer4.xml
auto.tcl: Setting watchdog for 200 seconds at Fri Nov 30 02:54:24 UTC 2018
1 ms. Memory: 287232K Free: 274765K (96%)
ptolemy.util.test.WatchDog.cancel(): canceling Fri Nov 30 02:54:24 UTC 2018
auto.tcl: Setting watchdog for 200 seconds at Fri Nov 30 02:54:24 UTC 2018
2 ms. Memory: 287232K Free: 274765K (96%)
ptolemy.util.test.WatchDog.cancel(): canceling Fri Nov 30 02:54:24 UTC 2018
------------------ testing $PTII/ptolemy/domains/de/test/auto/ResettableTimer5.xml
auto.tcl: Setting watchdog for 200 seconds at Fri Nov 30 02:54:24 UTC 2018
2 ms. Memory: 288256K Free: 273713K (95%)
ptolemy.util.test.WatchDog.cancel(): canceling Fri Nov 30 02:54:24 UTC 2018
auto.tcl: Setting watchdog for 200 seconds at Fri Nov 30 02:54:24 UTC 2018
1 ms. Memory: 288256K Free: 273713K (95%)
ptolemy.util.test.WatchDog.cancel(): canceling Fri Nov 30 02:54:24 UTC 2018
------------------ testing $PTII/ptolemy/domains/de/test/auto/ResettableTimer6.xml
auto.tcl: Setting watchdog for 200 seconds at Fri Nov 30 02:54:24 UTC 2018
2 ms. Memory: 287232K Free: 272553K (95%)
ptolemy.util.test.WatchDog.cancel(): canceling Fri Nov 30 02:54:24 UTC 2018
auto.tcl: Setting watchdog for 200 seconds at Fri Nov 30 02:54:24 UTC 2018
2 ms. Memory: 287232K Free: 272553K (95%)
ptolemy.util.test.WatchDog.cancel(): canceling Fri Nov 30 02:54:24 UTC 2018
------------------ testing $PTII/ptolemy/domains/de/test/auto/ServerZeroDelay.xml
auto.tcl: Setting watchdog for 200 seconds at Fri Nov 30 02:54:25 UTC 2018
2 ms. Memory: 288256K Free: 275711K (96%)
ptolemy.util.test.WatchDog.cancel(): canceling Fri Nov 30 02:54:25 UTC 2018
auto.tcl: Setting watchdog for 200 seconds at Fri Nov 30 02:54:25 UTC 2018
2 ms. Memory: 288256K Free: 275711K (96%)
ptolemy.util.test.WatchDog.cancel(): canceling Fri Nov 30 02:54:25 UTC 2018
------------------ testing $PTII/ptolemy/domains/de/test/auto/SmartSender.xml
auto.tcl: Setting watchdog for 200 seconds at Fri Nov 30 02:54:25 UTC 2018
3001 ms. Memory: 287232K Free: 272633K (95%)
ptolemy.util.test.WatchDog.cancel(): canceling Fri Nov 30 02:54:28 UTC 2018
auto.tcl: Setting watchdog for 200 seconds at Fri Nov 30 02:54:28 UTC 2018
3003 ms. Memory: 287232K Free: 272633K (95%)
ptolemy.util.test.WatchDog.cancel(): canceling Fri Nov 30 02:54:31 UTC 2018
------------------ testing $PTII/ptolemy/domains/de/test/auto/ThreadedComposite.xml
auto.tcl: Setting watchdog for 200 seconds at Fri Nov 30 02:54:31 UTC 2018
203 ms. Memory: 288256K Free: 252536K (88%)
ptolemy.util.test.WatchDog.cancel(): canceling Fri Nov 30 02:54:31 UTC 2018
auto.tcl: Setting watchdog for 200 seconds at Fri Nov 30 02:54:31 UTC 2018
111 ms. Memory: 288256K Free: 234425K (81%)
ptolemy.util.test.WatchDog.cancel(): canceling Fri Nov 30 02:54:31 UTC 2018
------------------ testing $PTII/ptolemy/domains/de/test/auto/Time.xml
auto.tcl: Setting watchdog for 200 seconds at Fri Nov 30 02:54:31 UTC 2018
467 ms. Memory: 287232K Free: 220792K (77%)
ptolemy.util.test.WatchDog.cancel(): canceling Fri Nov 30 02:54:32 UTC 2018
auto.tcl: Setting watchdog for 200 seconds at Fri Nov 30 02:54:32 UTC 2018
410 ms. Memory: 287232K Free: 166051K (58%)
ptolemy.util.test.WatchDog.cancel(): canceling Fri Nov 30 02:54:32 UTC 2018
------------------ testing $PTII/ptolemy/domains/de/test/auto/TimeDelayZeroDelay.xml
auto.tcl: Setting watchdog for 200 seconds at Fri Nov 30 02:54:32 UTC 2018
2 ms. Memory: 287744K Free: 275639K (96%)
ptolemy.util.test.WatchDog.cancel(): canceling Fri Nov 30 02:54:32 UTC 2018
auto.tcl: Setting watchdog for 200 seconds at Fri Nov 30 02:54:32 UTC 2018
2 ms. Memory: 287744K Free: 275639K (96%)
ptolemy.util.test.WatchDog.cancel(): canceling Fri Nov 30 02:54:32 UTC 2018
------------------ testing $PTII/ptolemy/domains/de/test/auto/TimerZeroDelay.xml
auto.tcl: Setting watchdog for 200 seconds at Fri Nov 30 02:54:32 UTC 2018
2 ms. Memory: 287232K Free: 275237K (96%)
ptolemy.util.test.WatchDog.cancel(): canceling Fri Nov 30 02:54:32 UTC 2018
auto.tcl: Setting watchdog for 200 seconds at Fri Nov 30 02:54:32 UTC 2018
2 ms. Memory: 287232K Free: 275237K (96%)
ptolemy.util.test.WatchDog.cancel(): canceling Fri Nov 30 02:54:32 UTC 2018
------------------ testing $PTII/ptolemy/domains/de/test/auto/TimingParadox.xml
auto.tcl: Setting watchdog for 200 seconds at Fri Nov 30 02:54:32 UTC 2018
297 ms. Memory: 287744K Free: 207514K (72%)
ptolemy.util.test.WatchDog.cancel(): canceling Fri Nov 30 02:54:33 UTC 2018
auto.tcl: Setting watchdog for 200 seconds at Fri Nov 30 02:54:33 UTC 2018
291 ms. Memory: 287744K Free: 171276K (60%)
ptolemy.util.test.WatchDog.cancel(): canceling Fri Nov 30 02:54:33 UTC 2018
------------------ testing $PTII/ptolemy/domains/de/test/auto/TransferInputs.xml
auto.tcl: Setting watchdog for 200 seconds at Fri Nov 30 02:54:33 UTC 2018
1 ms. Memory: 287744K Free: 274652K (95%)
ptolemy.util.test.WatchDog.cancel(): canceling Fri Nov 30 02:54:33 UTC 2018
auto.tcl: Setting watchdog for 200 seconds at Fri Nov 30 02:54:33 UTC 2018
2 ms. Memory: 287744K Free: 274652K (95%)
ptolemy.util.test.WatchDog.cancel(): canceling Fri Nov 30 02:54:33 UTC 2018
------------------ testing $PTII/ptolemy/domains/de/test/auto/TransferOutputs2.xml
auto.tcl: Setting watchdog for 200 seconds at Fri Nov 30 02:54:33 UTC 2018
3 ms. Memory: 287232K Free: 272631K (95%)
ptolemy.util.test.WatchDog.cancel(): canceling Fri Nov 30 02:54:33 UTC 2018
auto.tcl: Setting watchdog for 200 seconds at Fri Nov 30 02:54:33 UTC 2018
3 ms. Memory: 287232K Free: 270019K (94%)
ptolemy.util.test.WatchDog.cancel(): canceling Fri Nov 30 02:54:33 UTC 2018
------------------ testing $PTII/ptolemy/domains/de/test/auto/Trilateration.xml
auto.tcl: Setting watchdog for 200 seconds at Fri Nov 30 02:54:33 UTC 2018
13927 ms. Memory: 473088K Free: 223187K (47%)
ptolemy.util.test.WatchDog.cancel(): canceling Fri Nov 30 02:54:48 UTC 2018
auto.tcl: Setting watchdog for 200 seconds at Fri Nov 30 02:54:48 UTC 2018
11180 ms. Memory: 352256K Free: 176842K (50%)
ptolemy.util.test.WatchDog.cancel(): canceling Fri Nov 30 02:54:59 UTC 2018
------------------ testing $PTII/ptolemy/domains/de/test/auto/TwoSigmaDelta.xml
auto.tcl: Setting watchdog for 200 seconds at Fri Nov 30 02:54:59 UTC 2018
3008 ms. Memory: 339968K Free: 303104K (89%)
ptolemy.util.test.WatchDog.cancel(): canceling Fri Nov 30 02:55:03 UTC 2018
auto.tcl: Setting watchdog for 200 seconds at Fri Nov 30 02:55:03 UTC 2018
2093 ms. Memory: 339968K Free: 72900K (21%)
ptolemy.util.test.WatchDog.cancel(): canceling Fri Nov 30 02:55:05 UTC 2018
------------------ testing $PTII/ptolemy/domains/de/test/auto/VariableDelay.xml
auto.tcl: Setting watchdog for 200 seconds at Fri Nov 30 02:55:05 UTC 2018
3 ms. Memory: 337408K Free: 325729K (97%)
ptolemy.util.test.WatchDog.cancel(): canceling Fri Nov 30 02:55:05 UTC 2018
auto.tcl: Setting watchdog for 200 seconds at Fri Nov 30 02:55:05 UTC 2018
2 ms. Memory: 337408K Free: 321891K (95%)
ptolemy.util.test.WatchDog.cancel(): canceling Fri Nov 30 02:55:05 UTC 2018
------------------ testing $PTII/ptolemy/domains/de/test/auto/VariableDelay2.xml
auto.tcl: Setting watchdog for 200 seconds at Fri Nov 30 02:55:05 UTC 2018
9 ms. Memory: 339456K Free: 328187K (97%)
ptolemy.util.test.WatchDog.cancel(): canceling Fri Nov 30 02:55:05 UTC 2018
auto.tcl: Setting watchdog for 200 seconds at Fri Nov 30 02:55:05 UTC 2018
2 ms. Memory: 339456K Free: 324341K (96%)
ptolemy.util.test.WatchDog.cancel(): canceling Fri Nov 30 02:55:05 UTC 2018
------------------ testing $PTII/ptolemy/domains/de/test/auto/VariableDelayZeroDelay.xml
auto.tcl: Setting watchdog for 200 seconds at Fri Nov 30 02:55:05 UTC 2018
2 ms. Memory: 337408K Free: 323579K (96%)
ptolemy.util.test.WatchDog.cancel(): canceling Fri Nov 30 02:55:05 UTC 2018
auto.tcl: Setting watchdog for 200 seconds at Fri Nov 30 02:55:05 UTC 2018
3 ms. Memory: 337408K Free: 319733K (95%)
ptolemy.util.test.WatchDog.cancel(): canceling Fri Nov 30 02:55:05 UTC 2018
------------------ testing $PTII/ptolemy/domains/de/test/auto/VariableDelayZeroDelay2.xml
auto.tcl: Setting watchdog for 200 seconds at Fri Nov 30 02:55:05 UTC 2018
5 ms. Memory: 339456K Free: 325625K (96%)
ptolemy.util.test.WatchDog.cancel(): canceling Fri Nov 30 02:55:05 UTC 2018
auto.tcl: Setting watchdog for 200 seconds at Fri Nov 30 02:55:05 UTC 2018
2 ms. Memory: 339456K Free: 321779K (95%)
ptolemy.util.test.WatchDog.cancel(): canceling Fri Nov 30 02:55:05 UTC 2018
------------------ testing $PTII/ptolemy/domains/de/test/auto/deInCt.xml
auto.tcl: Setting watchdog for 200 seconds at Fri Nov 30 02:55:05 UTC 2018
0
1
1
1
1
1
0
0
0
0
0
0
0
0
1
1
1
0
0
0
0
0
5 ms. Memory: 337408K Free: 319728K (95%)
ptolemy.util.test.WatchDog.cancel(): canceling Fri Nov 30 02:55:05 UTC 2018
auto.tcl: Setting watchdog for 200 seconds at Fri Nov 30 02:55:05 UTC 2018
0
1
1
1
0
0
0
1
1
1
0
0
0
0
1
1
1
1
1
1
0
0
0
1
1
1
0
0
0
1
1
1
1
0
0
0
1
1
1
0
0
0
0
1
1
1
1
7 ms. Memory: 337408K Free: 319728K (95%)
ptolemy.util.test.WatchDog.cancel(): canceling Fri Nov 30 02:55:05 UTC 2018
------------------ testing $PTII/ptolemy/domains/de/test/auto/deInCt2.xml
auto.tcl: Setting watchdog for 200 seconds at Fri Nov 30 02:55:05 UTC 2018
0
1
1
1
0
0
1
1
1
0
0
1
1
1
0
0
1
1
1
0
0
1
1
1
0
0
1
1
1
0
0
1
1
1
0
0
1
1
1
0
0
0
18 ms. Memory: 338944K Free: 321272K (95%)
ptolemy.util.test.WatchDog.cancel(): canceling Fri Nov 30 02:55:05 UTC 2018
auto.tcl: Setting watchdog for 200 seconds at Fri Nov 30 02:55:05 UTC 2018
0
1
1
1
0
0
1
1
1
0
0
1
1
1
0
0
1
1
1
0
0
1
1
1
0
0
1
1
1
0
0
1
1
1
0
0
1
1
1
0
0
0
7 ms. Memory: 338944K Free: 321272K (95%)
ptolemy.util.test.WatchDog.cancel(): canceling Fri Nov 30 02:55:05 UTC 2018
------------------ testing $PTII/ptolemy/domains/de/test/auto/dynamicCausalityInterface1.xml
auto.tcl: Setting watchdog for 200 seconds at Fri Nov 30 02:55:05 UTC 2018
3 ms. Memory: 337408K Free: 315909K (94%)
ptolemy.util.test.WatchDog.cancel(): canceling Fri Nov 30 02:55:05 UTC 2018
auto.tcl: Setting watchdog for 200 seconds at Fri Nov 30 02:55:05 UTC 2018
1 ms. Memory: 337408K Free: 315909K (94%)
ptolemy.util.test.WatchDog.cancel(): canceling Fri Nov 30 02:55:05 UTC 2018
------------------ testing $PTII/ptolemy/domains/de/test/auto/fsm_de_test.xml
auto.tcl: Setting watchdog for 200 seconds at Fri Nov 30 02:55:05 UTC 2018
9 ms. Memory: 338944K Free: 317308K (94%)
ptolemy.util.test.WatchDog.cancel(): canceling Fri Nov 30 02:55:05 UTC 2018
auto.tcl: Setting watchdog for 200 seconds at Fri Nov 30 02:55:05 UTC 2018
6 ms. Memory: 338944K Free: 317308K (94%)
ptolemy.util.test.WatchDog.cancel(): canceling Fri Nov 30 02:55:05 UTC 2018
------------------ testing $PTII/ptolemy/domains/de/test/auto/functionDependencyReconstruction.xml
auto.tcl: Setting watchdog for 200 seconds at Fri Nov 30 02:55:05 UTC 2018
2 ms. Memory: 337408K Free: 311933K (92%)
ptolemy.util.test.WatchDog.cancel(): canceling Fri Nov 30 02:55:05 UTC 2018
auto.tcl: Setting watchdog for 200 seconds at Fri Nov 30 02:55:05 UTC 2018
3 ms. Memory: 337408K Free: 308103K (91%)
ptolemy.util.test.WatchDog.cancel(): canceling Fri Nov 30 02:55:05 UTC 2018
------------------ testing $PTII/ptolemy/domains/de/test/auto/multirate.xml
auto.tcl: Setting watchdog for 200 seconds at Fri Nov 30 02:55:05 UTC 2018
8 ms. Memory: 338432K Free: 320510K (95%)
ptolemy.util.test.WatchDog.cancel(): canceling Fri Nov 30 02:55:05 UTC 2018
auto.tcl: Setting watchdog for 200 seconds at Fri Nov 30 02:55:05 UTC 2018
4 ms. Memory: 338432K Free: 320510K (95%)
ptolemy.util.test.WatchDog.cancel(): canceling Fri Nov 30 02:55:05 UTC 2018
------------------ testing $PTII/ptolemy/domains/de/test/auto/multirate2.xml
auto.tcl: Setting watchdog for 200 seconds at Fri Nov 30 02:55:05 UTC 2018
2 ms. Memory: 337408K Free: 319674K (95%)
ptolemy.util.test.WatchDog.cancel(): canceling Fri Nov 30 02:55:06 UTC 2018
auto.tcl: Setting watchdog for 200 seconds at Fri Nov 30 02:55:06 UTC 2018
3 ms. Memory: 337408K Free: 319674K (95%)
ptolemy.util.test.WatchDog.cancel(): canceling Fri Nov 30 02:55:06 UTC 2018
------------------ testing $PTII/ptolemy/domains/de/test/auto/realtime.xml
auto.tcl: Setting watchdog for 200 seconds at Fri Nov 30 02:55:06 UTC 2018
10002 ms. Memory: 338432K Free: 320693K (95%)
ptolemy.util.test.WatchDog.cancel(): canceling Fri Nov 30 02:55:16 UTC 2018
auto.tcl: Setting watchdog for 200 seconds at Fri Nov 30 02:55:16 UTC 2018
10001 ms. Memory: 338432K Free: 320693K (95%)
ptolemy.util.test.WatchDog.cancel(): canceling Fri Nov 30 02:55:26 UTC 2018
------------------ testing $PTII/ptolemy/domains/de/test/auto/relationGroup.xml
auto.tcl: Setting watchdog for 200 seconds at Fri Nov 30 02:55:26 UTC 2018
2 ms. Memory: 337408K Free: 323544K (96%)
ptolemy.util.test.WatchDog.cancel(): canceling Fri Nov 30 02:55:26 UTC 2018
auto.tcl: Setting watchdog for 200 seconds at Fri Nov 30 02:55:26 UTC 2018
2 ms. Memory: 337408K Free: 323544K (96%)
ptolemy.util.test.WatchDog.cancel(): canceling Fri Nov 30 02:55:26 UTC 2018
------------------ testing $PTII/ptolemy/domains/de/test/auto/relationGroup2.xml
auto.tcl: Setting watchdog for 200 seconds at Fri Nov 30 02:55:26 UTC 2018
1 ms. Memory: 338432K Free: 324594K (96%)
ptolemy.util.test.WatchDog.cancel(): canceling Fri Nov 30 02:55:26 UTC 2018
auto.tcl: Setting watchdog for 200 seconds at Fri Nov 30 02:55:26 UTC 2018
2 ms. Memory: 338432K Free: 324594K (96%)
ptolemy.util.test.WatchDog.cancel(): canceling Fri Nov 30 02:55:26 UTC 2018
------------------ testing $PTII/ptolemy/domains/de/test/auto/sortWithOpaquePorts.xml
auto.tcl: Setting watchdog for 200 seconds at Fri Nov 30 02:55:26 UTC 2018
1 ms. Memory: 337408K Free: 323571K (96%)
ptolemy.util.test.WatchDog.cancel(): canceling Fri Nov 30 02:55:26 UTC 2018
auto.tcl: Setting watchdog for 200 seconds at Fri Nov 30 02:55:26 UTC 2018
2 ms. Memory: 337408K Free: 319741K (95%)
ptolemy.util.test.WatchDog.cancel(): canceling Fri Nov 30 02:55:26 UTC 2018
------------------ testing $PTII/ptolemy/domains/de/test/auto/transferInputsandOutputs.xml
auto.tcl: Setting watchdog for 200 seconds at Fri Nov 30 02:55:26 UTC 2018
2 ms. Memory: 337920K Free: 320232K (95%)
ptolemy.util.test.WatchDog.cancel(): canceling Fri Nov 30 02:55:26 UTC 2018
auto.tcl: Setting watchdog for 200 seconds at Fri Nov 30 02:55:26 UTC 2018
2 ms. Memory: 337920K Free: 320232K (95%)
ptolemy.util.test.WatchDog.cancel(): canceling Fri Nov 30 02:55:26 UTC 2018
------------------ testing $PTII/ptolemy/domains/de/test/auto/triggerType.xml
auto.tcl: Setting watchdog for 200 seconds at Fri Nov 30 02:55:26 UTC 2018
1 ms. Memory: 337408K Free: 323509K (96%)
ptolemy.util.test.WatchDog.cancel(): canceling Fri Nov 30 02:55:26 UTC 2018
auto.tcl: Setting watchdog for 200 seconds at Fri Nov 30 02:55:26 UTC 2018
2 ms. Memory: 337408K Free: 319663K (95%)
ptolemy.util.test.WatchDog.cancel(): canceling Fri Nov 30 02:55:26 UTC 2018
11/30/18 02:55:26
Failed: 0  Total Tests: 192  ((Passed: 187, Newly Passed: 1)  Known Failed: 5) /home/travis/build/icyphy/ptII/ptolemy/domains/de/test
11/30/18 02:55:26
Failed: 0  Total Tests: 192  ((Passed: 187, Newly Passed: 1)  Known Failed: 5) /home/travis/build/icyphy/ptII/ptolemy/domains/de/test
----------------- testing (KnownFailure) /home/travis/build/icyphy/ptII/ptolemy/domains/de/test/auto/knownFailedTests/DESDFClockTest.xml
2009 ms. Memory: 337920K Free: 313829K (93%)
Known Failure: java.lang.reflect.InvocationTargetException
----------------- testing (KnownFailure) /home/travis/build/icyphy/ptII/ptolemy/domains/de/test/auto/knownFailedTests/DirectFeedback.xml
1 ms. Memory: 337920K Free: 293349K (87%)
Known Failure: java.lang.reflect.InvocationTargetException
----------------- testing (KnownFailure) /home/travis/build/icyphy/ptII/ptolemy/domains/de/test/auto/knownFailedTests/FSMSource.xml
3 ms. Memory: 337920K Free: 267733K (79%)
----------------- testing (KnownFailure) /home/travis/build/icyphy/ptII/ptolemy/domains/de/test/auto/knownFailedTests/HierarchicalModel.xml
4 ms. Memory: 337920K Free: 242116K (72%)
Known Failure: java.lang.reflect.InvocationTargetException
----------------- testing (KnownFailure) /home/travis/build/icyphy/ptII/ptolemy/domains/de/test/auto/knownFailedTests/dependencyLoop.xml
2 ms. Memory: 337920K Free: 211380K (63%)
Known Failure: java.lang.reflect.InvocationTargetException
----------------- testing (KnownFailure) /home/travis/build/icyphy/ptII/ptolemy/domains/de/test/auto/knownFailedTests/dependencyLoop2.xml
5 ms. Memory: 337920K Free: 180651K (53%)
Known Failure: java.lang.reflect.InvocationTargetException
No auto/linux-amd64/*.xml tests in /home/travis/build/icyphy/ptII/ptolemy/domains/de/test
AutoTests.java: About to close Vertx.
AutoTests.java: Vertx closed.

===========================================================================================
----------------- testing Fri Nov 30 02:55:28 UTC 2018 /home/travis/build/icyphy/ptII/ptolemy/domains/de/test/auto/ActorDepthCalculation_actorWithoutPorts.xml
----------------- Instantiating /home/travis/build/icyphy/ptII/ptolemy/domains/de/test/auto/ActorDepthCalculation_actorWithoutPorts.xml
1 ms. Memory: 337920K Free: 155051K (46%)
----------------- Invoking toplevel() on ptolemy.moml.MoMLSimpleApplication@2542d3ab
----------------- Done invoking toplevel() on ptolemy.moml.MoMLSimpleApplication@2542d3ab
reloadAllAccessors: .ActorDepthCalculation_actorWithoutPorts

===========================================================================================
----------------- testing Fri Nov 30 02:55:28 UTC 2018 /home/travis/build/icyphy/ptII/ptolemy/domains/de/test/auto/AssemblyLine.xml
----------------- Instantiating /home/travis/build/icyphy/ptII/ptolemy/domains/de/test/auto/AssemblyLine.xml
2 ms. Memory: 337920K Free: 139691K (41%)
----------------- Invoking toplevel() on ptolemy.moml.MoMLSimpleApplication@7e646663
----------------- Done invoking toplevel() on ptolemy.moml.MoMLSimpleApplication@7e646663
reloadAllAccessors: .AssemblyLine

===========================================================================================
----------------- testing Fri Nov 30 02:55:28 UTC 2018 /home/travis/build/icyphy/ptII/ptolemy/domains/de/test/auto/CQBug1.xml
----------------- Instantiating /home/travis/build/icyphy/ptII/ptolemy/domains/de/test/auto/CQBug1.xml
1 ms. Memory: 337920K Free: 129451K (38%)
----------------- Invoking toplevel() on ptolemy.moml.MoMLSimpleApplication@6866120d
----------------- Done invoking toplevel() on ptolemy.moml.MoMLSimpleApplication@6866120d
reloadAllAccessors: .CQBug1

===========================================================================================
----------------- testing Fri Nov 30 02:55:28 UTC 2018 /home/travis/build/icyphy/ptII/ptolemy/domains/de/test/auto/CancelFireAt.xml
----------------- Instantiating /home/travis/build/icyphy/ptII/ptolemy/domains/de/test/auto/CancelFireAt.xml
1 ms. Memory: 337920K Free: 119211K (35%)
----------------- Invoking toplevel() on ptolemy.moml.MoMLSimpleApplication@30565c36
----------------- Done invoking toplevel() on ptolemy.moml.MoMLSimpleApplication@30565c36
reloadAllAccessors: .CancelFireAt

===========================================================================================
----------------- testing Fri Nov 30 02:55:28 UTC 2018 /home/travis/build/icyphy/ptII/ptolemy/domains/de/test/auto/CausalityAndComposabilityAnalysis.xml
----------------- Instantiating /home/travis/build/icyphy/ptII/ptolemy/domains/de/test/auto/CausalityAndComposabilityAnalysis.xml
2 ms. Memory: 337920K Free: 108971K (32%)
----------------- Invoking toplevel() on ptolemy.moml.MoMLSimpleApplication@313630bf
----------------- Done invoking toplevel() on ptolemy.moml.MoMLSimpleApplication@313630bf
reloadAllAccessors: .CausalityAndComposabilityAnalysis

===========================================================================================
----------------- testing Fri Nov 30 02:55:28 UTC 2018 /home/travis/build/icyphy/ptII/ptolemy/domains/de/test/auto/CausalityInterface1.xml
----------------- Instantiating /home/travis/build/icyphy/ptII/ptolemy/domains/de/test/auto/CausalityInterface1.xml
4 ms. Memory: 337920K Free: 98731K (29%)
----------------- Invoking toplevel() on ptolemy.moml.MoMLSimpleApplication@2fe18015
----------------- Done invoking toplevel() on ptolemy.moml.MoMLSimpleApplication@2fe18015
reloadAllAccessors: .CausalityInterface1

===========================================================================================
----------------- testing Fri Nov 30 02:55:28 UTC 2018 /home/travis/build/icyphy/ptII/ptolemy/domains/de/test/auto/CausalityInterface15.xml
----------------- Instantiating /home/travis/build/icyphy/ptII/ptolemy/domains/de/test/auto/CausalityInterface15.xml
2 ms. Memory: 337920K Free: 84661K (25%)
----------------- Invoking toplevel() on ptolemy.moml.MoMLSimpleApplication@5369a3d9
----------------- Done invoking toplevel() on ptolemy.moml.MoMLSimpleApplication@5369a3d9
reloadAllAccessors: .CausalityInterface15

[...]
java.lang.RuntimeException: Execution failed
	at ptolemy.moml.MoMLSimpleApplication$UnloadThread.run(MoMLSimpleApplication.java:402)
Caused by: ptolemy.kernel.util.IllegalActionException: Test fails in iteration 1.
Value was: 1.0. Should have been: 2.0
  in .DirectFeedback.Test
	at ptolemy.actor.lib.Test.fire(Test.java:268)
	at ptolemy.domains.de.kernel.DEDirector._fire(DEDirector.java:1949)
	at ptolemy.domains.de.kernel.DEDirector.fire(DEDirector.java:502)
	at ptolemy.actor.CompositeActor.fire(CompositeActor.java:455)
	at ptolemy.actor.Manager.iterate(Manager.java:851)
	at ptolemy.actor.Manager.execute(Manager.java:369)
	at ptolemy.actor.Manager.run(Manager.java:1263)
	at ptolemy.actor.Manager$PtolemyRunThread.run(Manager.java:1915)
java.lang.RuntimeException: Execution failed
	at ptolemy.moml.MoMLSimpleApplication$UnloadThread.run(MoMLSimpleApplication.java:402)
Caused by: ptolemy.kernel.util.IllegalActionException: Actor is not ready to fire.  Perhaps UpSample.prefire() returned false? Try debugging the actor by selecting "Listen to Actor".  Also, for SDF check moml for tokenConsumptionRate on input.
  in .DESDFClockTest.Play Bell.Copy1:SDF Director and .DESDFClockTest.Play Bell.UpSample
	at ptolemy.actor.sched.StaticSchedulingDirector.fire(StaticSchedulingDirector.java:227)
	at ptolemy.domains.sdf.kernel.SDFDirector.fire(SDFDirector.java:500)
	at ptolemy.actor.CompositeActor.fire(CompositeActor.java:455)
	at ptolemy.domains.de.kernel.DEDirector._fire(DEDirector.java:1949)
	at ptolemy.domains.de.kernel.DEDirector.fire(DEDirector.java:502)
	at ptolemy.actor.CompositeActor.fire(CompositeActor.java:455)
	at ptolemy.actor.Manager.iterate(Manager.java:851)
	at ptolemy.actor.Manager.execute(Manager.java:369)
	at ptolemy.actor.Manager.run(Manager.java:1263)
	at ptolemy.actor.Manager$PtolemyRunThread.run(Manager.java:1915)
java.lang.reflect.InvocationTargetException
	at sun.reflect.NativeConstructorAccessorImpl.newInstance0(Native Method)
	at sun.reflect.NativeConstructorAccessorImpl.newInstance(NativeConstructorAccessorImpl.java:62)
	at sun.reflect.DelegatingConstructorAccessorImpl.newInstance(DelegatingConstructorAccessorImpl.java:45)
	at java.lang.reflect.Constructor.newInstance(Constructor.java:423)
	at ptolemy.util.test.junit.AutoKnownFailedTests.RunModel(AutoKnownFailedTests.java:105)
	at sun.reflect.NativeMethodAccessorImpl.invoke0(Native Method)
	at sun.reflect.NativeMethodAccessorImpl.invoke(NativeMethodAccessorImpl.java:62)
	at sun.reflect.DelegatingMethodAccessorImpl.invoke(DelegatingMethodAccessorImpl.java:43)
	at java.lang.reflect.Method.invoke(Method.java:498)
	at org.junit.runners.model.FrameworkMethod$1.runReflectiveCall(FrameworkMethod.java:44)
	at org.junit.internal.runners.model.ReflectiveCallable.run(ReflectiveCallable.java:15)
	at org.junit.runners.model.FrameworkMethod.invokeExplosively(FrameworkMethod.java:41)
	at junitparams.internal.InvokeParameterisedMethod.evaluate(InvokeParameterisedMethod.java:102)
	at org.junit.internal.runners.statements.FailOnTimeout$1.run(FailOnTimeout.java:28)
Caused by: ptolemy.kernel.util.IllegalActionException: Actor is not ready to fire.  Perhaps UpSample.prefire() returned false? Try debugging the actor by selecting "Listen to Actor".  Also, for SDF check moml for tokenConsumptionRate on input.
  in .DESDFClockTest.Play Bell.Copy1:SDF Director and .DESDFClockTest.Play Bell.UpSample
	at ptolemy.actor.sched.StaticSchedulingDirector.fire(StaticSchedulingDirector.java:227)
	at ptolemy.domains.sdf.kernel.SDFDirector.fire(SDFDirector.java:500)
	at ptolemy.actor.CompositeActor.fire(CompositeActor.java:455)
	at ptolemy.domains.de.kernel.DEDirector._fire(DEDirector.java:1949)
	at ptolemy.domains.de.kernel.DEDirector.fire(DEDirector.java:502)
	at ptolemy.actor.CompositeActor.fire(CompositeActor.java:455)
	at ptolemy.actor.Manager.iterate(Manager.java:851)
	at ptolemy.actor.Manager.execute(Manager.java:369)
	at ptolemy.actor.Manager.run(Manager.java:1263)
	at ptolemy.actor.Manager$PtolemyRunThread.run(Manager.java:1915)
java.lang.RuntimeException: Execution failed
	at ptolemy.moml.MoMLSimpleApplication$UnloadThread.run(MoMLSimpleApplication.java:402)
Caused by: ptolemy.kernel.util.IllegalActionException: Test fails in iteration 1.
Value was: 1.0. Should have been: 2.0
  in .DirectFeedback.Test
	at ptolemy.actor.lib.Test.fire(Test.java:268)
	at ptolemy.domains.de.kernel.DEDirector._fire(DEDirector.java:1949)
	at ptolemy.domains.de.kernel.DEDirector.fire(DEDirector.java:502)
	at ptolemy.actor.CompositeActor.fire(CompositeActor.java:455)
	at ptolemy.actor.Manager.iterate(Manager.java:851)
	at ptolemy.actor.Manager.execute(Manager.java:369)
	at ptolemy.actor.Manager.run(Manager.java:1263)
	at ptolemy.actor.Manager$PtolemyRunThread.run(Manager.java:1915)
java.lang.reflect.InvocationTargetException
	at sun.reflect.NativeConstructorAccessorImpl.newInstance0(Native Method)
	at sun.reflect.NativeConstructorAccessorImpl.newInstance(NativeConstructorAccessorImpl.java:62)
	at sun.reflect.DelegatingConstructorAccessorImpl.newInstance(DelegatingConstructorAccessorImpl.java:45)
	at java.lang.reflect.Constructor.newInstance(Constructor.java:423)
	at ptolemy.util.test.junit.AutoKnownFailedTests.RunModel(AutoKnownFailedTests.java:105)
	at sun.reflect.NativeMethodAccessorImpl.invoke0(Native Method)
	at sun.reflect.NativeMethodAccessorImpl.invoke(NativeMethodAccessorImpl.java:62)
	at sun.reflect.DelegatingMethodAccessorImpl.invoke(DelegatingMethodAccessorImpl.java:43)
	at java.lang.reflect.Method.invoke(Method.java:498)
	at org.junit.runners.model.FrameworkMethod$1.runReflectiveCall(FrameworkMethod.java:44)
	at org.junit.internal.runners.model.ReflectiveCallable.run(ReflectiveCallable.java:15)
	at org.junit.runners.model.FrameworkMethod.invokeExplosively(FrameworkMethod.java:41)
	at junitparams.internal.InvokeParameterisedMethod.evaluate(InvokeParameterisedMethod.java:102)
	at org.junit.internal.runners.statements.FailOnTimeout$1.run(FailOnTimeout.java:28)
Caused by: ptolemy.kernel.util.IllegalActionException: Test fails in iteration 1.
Value was: 1.0. Should have been: 2.0
  in .DirectFeedback.Test
	at ptolemy.actor.lib.Test.fire(Test.java:268)
	at ptolemy.domains.de.kernel.DEDirector._fire(DEDirector.java:1949)
	at ptolemy.domains.de.kernel.DEDirector.fire(DEDirector.java:502)
	at ptolemy.actor.CompositeActor.fire(CompositeActor.java:455)
	at ptolemy.actor.Manager.iterate(Manager.java:851)
	at ptolemy.actor.Manager.execute(Manager.java:369)
	at ptolemy.actor.Manager.run(Manager.java:1263)
	at ptolemy.actor.Manager$PtolemyRunThread.run(Manager.java:1915)
java.lang.RuntimeException: Execution failed
	at ptolemy.moml.MoMLSimpleApplication$UnloadThread.run(MoMLSimpleApplication.java:402)
Caused by: ptolemy.kernel.util.IllegalActionException: Found a zero delay loop containing .HierarchicalModel.A
  in .HierarchicalModel and .HierarchicalModel.A
	at ptolemy.actor.util.CausalityInterfaceForComposites._computeOutputPortDepth(CausalityInterfaceForComposites.java:759)
	at ptolemy.actor.util.CausalityInterfaceForComposites._computeInputDepth(CausalityInterfaceForComposites.java:696)
	at ptolemy.actor.util.CausalityInterfaceForComposites._computeOutputPortDepth(CausalityInterfaceForComposites.java:765)
	at ptolemy.actor.util.CausalityInterfaceForComposites._computeInputDepth(CausalityInterfaceForComposites.java:696)
	at ptolemy.actor.util.CausalityInterfaceForComposites._computeOutputPortDepth(CausalityInterfaceForComposites.java:765)
	at ptolemy.actor.util.CausalityInterfaceForComposites._computeInputDepth(CausalityInterfaceForComposites.java:696)
	at ptolemy.actor.util.CausalityInterfaceForComposites._computeActorDepth(CausalityInterfaceForComposites.java:532)
	at ptolemy.actor.util.CausalityInterfaceForComposites.checkForCycles(CausalityInterfaceForComposites.java:96)
	at ptolemy.domains.de.kernel.DEDirector.preinitialize(DEDirector.java:1338)
	at ptolemy.actor.CompositeActor.preinitialize(CompositeActor.java:1828)
	at ptolemy.actor.Manager.preinitializeAndResolveTypes(Manager.java:1040)
	at ptolemy.actor.Manager.initialize(Manager.java:710)
	at ptolemy.actor.Manager.execute(Manager.java:356)
	at ptolemy.actor.Manager.run(Manager.java:1263)
	at ptolemy.actor.Manager$PtolemyRunThread.run(Manager.java:1915)
java.lang.reflect.InvocationTargetException
	at sun.reflect.NativeConstructorAccessorImpl.newInstance0(Native Method)
	at sun.reflect.NativeConstructorAccessorImpl.newInstance(NativeConstructorAccessorImpl.java:62)
	at sun.reflect.DelegatingConstructorAccessorImpl.newInstance(DelegatingConstructorAccessorImpl.java:45)
	at java.lang.reflect.Constructor.newInstance(Constructor.java:423)
	at ptolemy.util.test.junit.AutoKnownFailedTests.RunModel(AutoKnownFailedTests.java:105)
	at sun.reflect.NativeMethodAccessorImpl.invoke0(Native Method)
	at sun.reflect.NativeMethodAccessorImpl.invoke(NativeMethodAccessorImpl.java:62)
	at sun.reflect.DelegatingMethodAccessorImpl.invoke(DelegatingMethodAccessorImpl.java:43)
	at java.lang.reflect.Method.invoke(Method.java:498)
	at org.junit.runners.model.FrameworkMethod$1.runReflectiveCall(FrameworkMethod.java:44)
	at org.junit.internal.runners.model.ReflectiveCallable.run(ReflectiveCallable.java:15)
	at org.junit.runners.model.FrameworkMethod.invokeExplosively(FrameworkMethod.java:41)
	at junitparams.internal.InvokeParameterisedMethod.evaluate(InvokeParameterisedMethod.java:102)
	at org.junit.internal.runners.statements.FailOnTimeout$1.run(FailOnTimeout.java:28)
Caused by: ptolemy.kernel.util.IllegalActionException: Found a zero delay loop containing .HierarchicalModel.A
  in .HierarchicalModel and .HierarchicalModel.A
	at ptolemy.actor.util.CausalityInterfaceForComposites._computeOutputPortDepth(CausalityInterfaceForComposites.java:759)
	at ptolemy.actor.util.CausalityInterfaceForComposites._computeInputDepth(CausalityInterfaceForComposites.java:696)
	at ptolemy.actor.util.CausalityInterfaceForComposites._computeOutputPortDepth(CausalityInterfaceForComposites.java:765)
	at ptolemy.actor.util.CausalityInterfaceForComposites._computeInputDepth(CausalityInterfaceForComposites.java:696)
	at ptolemy.actor.util.CausalityInterfaceForComposites._computeOutputPortDepth(CausalityInterfaceForComposites.java:765)
	at ptolemy.actor.util.CausalityInterfaceForComposites._computeInputDepth(CausalityInterfaceForComposites.java:696)
	at ptolemy.actor.util.CausalityInterfaceForComposites._computeActorDepth(CausalityInterfaceForComposites.java:532)
	at ptolemy.actor.util.CausalityInterfaceForComposites.checkForCycles(CausalityInterfaceForComposites.java:96)
	at ptolemy.domains.de.kernel.DEDirector.preinitialize(DEDirector.java:1338)
	at ptolemy.actor.CompositeActor.preinitialize(CompositeActor.java:1828)
	at ptolemy.actor.Manager.preinitializeAndResolveTypes(Manager.java:1040)
	at ptolemy.actor.Manager.initialize(Manager.java:710)
	at ptolemy.actor.Manager.execute(Manager.java:356)
	at ptolemy.actor.Manager.run(Manager.java:1263)
	at ptolemy.actor.Manager$PtolemyRunThread.run(Manager.java:1915)
java.lang.RuntimeException: Execution failed
	at ptolemy.moml.MoMLSimpleApplication$UnloadThread.run(MoMLSimpleApplication.java:402)
Caused by: ptolemy.kernel.util.IllegalActionException: Found a zero delay loop containing .dependencyLoop.original
  in .dependencyLoop and .dependencyLoop.original
	at ptolemy.actor.util.CausalityInterfaceForComposites._computeOutputPortDepth(CausalityInterfaceForComposites.java:759)
	at ptolemy.actor.util.CausalityInterfaceForComposites._computeInputDepth(CausalityInterfaceForComposites.java:696)
	at ptolemy.actor.util.CausalityInterfaceForComposites._computeOutputPortDepth(CausalityInterfaceForComposites.java:765)
	at ptolemy.actor.util.CausalityInterfaceForComposites._computeInputDepth(CausalityInterfaceForComposites.java:696)
	at ptolemy.actor.util.CausalityInterfaceForComposites._computeOutputPortDepth(CausalityInterfaceForComposites.java:765)
	at ptolemy.actor.util.CausalityInterfaceForComposites._computeInputDepth(CausalityInterfaceForComposites.java:696)
	at ptolemy.actor.util.CausalityInterfaceForComposites._computeActorDepth(CausalityInterfaceForComposites.java:532)
	at ptolemy.actor.util.CausalityInterfaceForComposites.checkForCycles(CausalityInterfaceForComposites.java:96)
	at ptolemy.domains.de.kernel.DEDirector.preinitialize(DEDirector.java:1338)
	at ptolemy.actor.CompositeActor.preinitialize(CompositeActor.java:1828)
	at ptolemy.actor.Manager.preinitializeAndResolveTypes(Manager.java:1040)
	at ptolemy.actor.Manager.initialize(Manager.java:710)
	at ptolemy.actor.Manager.execute(Manager.java:356)
	at ptolemy.actor.Manager.run(Manager.java:1263)
	at ptolemy.actor.Manager$PtolemyRunThread.run(Manager.java:1915)
java.lang.reflect.InvocationTargetException
	at sun.reflect.NativeConstructorAccessorImpl.newInstance0(Native Method)
	at sun.reflect.NativeConstructorAccessorImpl.newInstance(NativeConstructorAccessorImpl.java:62)
	at sun.reflect.DelegatingConstructorAccessorImpl.newInstance(DelegatingConstructorAccessorImpl.java:45)
	at java.lang.reflect.Constructor.newInstance(Constructor.java:423)
	at ptolemy.util.test.junit.AutoKnownFailedTests.RunModel(AutoKnownFailedTests.java:105)
	at sun.reflect.NativeMethodAccessorImpl.invoke0(Native Method)
	at sun.reflect.NativeMethodAccessorImpl.invoke(NativeMethodAccessorImpl.java:62)
	at sun.reflect.DelegatingMethodAccessorImpl.invoke(DelegatingMethodAccessorImpl.java:43)
	at java.lang.reflect.Method.invoke(Method.java:498)
	at org.junit.runners.model.FrameworkMethod$1.runReflectiveCall(FrameworkMethod.java:44)
	at org.junit.internal.runners.model.ReflectiveCallable.run(ReflectiveCallable.java:15)
	at org.junit.runners.model.FrameworkMethod.invokeExplosively(FrameworkMethod.java:41)
	at junitparams.internal.InvokeParameterisedMethod.evaluate(InvokeParameterisedMethod.java:102)
	at org.junit.internal.runners.statements.FailOnTimeout$1.run(FailOnTimeout.java:28)
Caused by: ptolemy.kernel.util.IllegalActionException: Found a zero delay loop containing .dependencyLoop.original
  in .dependencyLoop and .dependencyLoop.original
	at ptolemy.actor.util.CausalityInterfaceForComposites._computeOutputPortDepth(CausalityInterfaceForComposites.java:759)
	at ptolemy.actor.util.CausalityInterfaceForComposites._computeInputDepth(CausalityInterfaceForComposites.java:696)
	at ptolemy.actor.util.CausalityInterfaceForComposites._computeOutputPortDepth(CausalityInterfaceForComposites.java:765)
	at ptolemy.actor.util.CausalityInterfaceForComposites._computeInputDepth(CausalityInterfaceForComposites.java:696)
	at ptolemy.actor.util.CausalityInterfaceForComposites._computeOutputPortDepth(CausalityInterfaceForComposites.java:765)
	at ptolemy.actor.util.CausalityInterfaceForComposites._computeInputDepth(CausalityInterfaceForComposites.java:696)
	at ptolemy.actor.util.CausalityInterfaceForComposites._computeActorDepth(CausalityInterfaceForComposites.java:532)
	at ptolemy.actor.util.CausalityInterfaceForComposites.checkForCycles(CausalityInterfaceForComposites.java:96)
	at ptolemy.domains.de.kernel.DEDirector.preinitialize(DEDirector.java:1338)
	at ptolemy.actor.CompositeActor.preinitialize(CompositeActor.java:1828)
	at ptolemy.actor.Manager.preinitializeAndResolveTypes(Manager.java:1040)
	at ptolemy.actor.Manager.initialize(Manager.java:710)
	at ptolemy.actor.Manager.execute(Manager.java:356)
	at ptolemy.actor.Manager.run(Manager.java:1263)
	at ptolemy.actor.Manager$PtolemyRunThread.run(Manager.java:1915)
java.lang.RuntimeException: Execution failed
	at ptolemy.moml.MoMLSimpleApplication$UnloadThread.run(MoMLSimpleApplication.java:402)
Caused by: ptolemy.kernel.util.IllegalActionException: Found a zero delay loop containing .dependencyLoop2.original
  in .dependencyLoop2 and .dependencyLoop2.original
	at ptolemy.actor.util.CausalityInterfaceForComposites._computeOutputPortDepth(CausalityInterfaceForComposites.java:759)
	at ptolemy.actor.util.CausalityInterfaceForComposites._computeInputDepth(CausalityInterfaceForComposites.java:696)
	at ptolemy.actor.util.CausalityInterfaceForComposites._computeOutputPortDepth(CausalityInterfaceForComposites.java:765)
	at ptolemy.actor.util.CausalityInterfaceForComposites._computeInputDepth(CausalityInterfaceForComposites.java:696)
	at ptolemy.actor.util.CausalityInterfaceForComposites._computeOutputPortDepth(CausalityInterfaceForComposites.java:765)
	at ptolemy.actor.util.CausalityInterfaceForComposites._computeInputDepth(CausalityInterfaceForComposites.java:696)
	at ptolemy.actor.util.CausalityInterfaceForComposites._computeActorDepth(CausalityInterfaceForComposites.java:532)
	at ptolemy.actor.util.CausalityInterfaceForComposites.checkForCycles(CausalityInterfaceForComposites.java:96)
	at ptolemy.domains.de.kernel.DEDirector.preinitialize(DEDirector.java:1338)
	at ptolemy.actor.CompositeActor.preinitialize(CompositeActor.java:1828)
	at ptolemy.actor.Manager.preinitializeAndResolveTypes(Manager.java:1040)
	at ptolemy.actor.Manager.initialize(Manager.java:710)
	at ptolemy.actor.Manager.execute(Manager.java:356)
	at ptolemy.actor.Manager.run(Manager.java:1263)
	at ptolemy.actor.Manager$PtolemyRunThread.run(Manager.java:1915)
java.lang.reflect.InvocationTargetException
	at sun.reflect.NativeConstructorAccessorImpl.newInstance0(Native Method)
	at sun.reflect.NativeConstructorAccessorImpl.newInstance(NativeConstructorAccessorImpl.java:62)
	at sun.reflect.DelegatingConstructorAccessorImpl.newInstance(DelegatingConstructorAccessorImpl.java:45)
	at java.lang.reflect.Constructor.newInstance(Constructor.java:423)
	at ptolemy.util.test.junit.AutoKnownFailedTests.RunModel(AutoKnownFailedTests.java:105)
	at sun.reflect.NativeMethodAccessorImpl.invoke0(Native Method)
	at sun.reflect.NativeMethodAccessorImpl.invoke(NativeMethodAccessorImpl.java:62)
	at sun.reflect.DelegatingMethodAccessorImpl.invoke(DelegatingMethodAccessorImpl.java:43)
	at java.lang.reflect.Method.invoke(Method.java:498)
	at org.junit.runners.model.FrameworkMethod$1.runReflectiveCall(FrameworkMethod.java:44)
	at org.junit.internal.runners.model.ReflectiveCallable.run(ReflectiveCallable.java:15)
	at org.junit.runners.model.FrameworkMethod.invokeExplosively(FrameworkMethod.java:41)
	at junitparams.internal.InvokeParameterisedMethod.evaluate(InvokeParameterisedMethod.java:102)
	at org.junit.internal.runners.statements.FailOnTimeout$1.run(FailOnTimeout.java:28)
Caused by: ptolemy.kernel.util.IllegalActionException: Found a zero delay loop containing .dependencyLoop2.original
  in .dependencyLoop2 and .dependencyLoop2.original
	at ptolemy.actor.util.CausalityInterfaceForComposites._computeOutputPortDepth(CausalityInterfaceForComposites.java:759)
	at ptolemy.actor.util.CausalityInterfaceForComposites._computeInputDepth(CausalityInterfaceForComposites.java:696)
	at ptolemy.actor.util.CausalityInterfaceForComposites._computeOutputPortDepth(CausalityInterfaceForComposites.java:765)
	at ptolemy.actor.util.CausalityInterfaceForComposites._computeInputDepth(CausalityInterfaceForComposites.java:696)
	at ptolemy.actor.util.CausalityInterfaceForComposites._computeOutputPortDepth(CausalityInterfaceForComposites.java:765)
	at ptolemy.actor.util.CausalityInterfaceForComposites._computeInputDepth(CausalityInterfaceForComposites.java:696)
	at ptolemy.actor.util.CausalityInterfaceForComposites._computeActorDepth(CausalityInterfaceForComposites.java:532)
	at ptolemy.actor.util.CausalityInterfaceForComposites.checkForCycles(CausalityInterfaceForComposites.java:96)
	at ptolemy.domains.de.kernel.DEDirector.preinitialize(DEDirector.java:1338)
	at ptolemy.actor.CompositeActor.preinitialize(CompositeActor.java:1828)
	at ptolemy.actor.Manager.preinitializeAndResolveTypes(Manager.java:1040)
	at ptolemy.actor.Manager.initialize(Manager.java:710)
	at ptolemy.actor.Manager.execute(Manager.java:356)
	at ptolemy.actor.Manager.run(Manager.java:1263)
	at ptolemy.actor.Manager$PtolemyRunThread.run(Manager.java:1915)
]]></system-err>
</testsuite>
