<?xml version="1.0" encoding="UTF-8" ?>
<testsuite errors="0" failures="0" hostname="travis-job-68c180cc-937e-420a-b019-a145dc3766fa" name="ptolemy.domains.de.test.junit.JUnitTclTest" skipped="0" tests="101" time="129.169" timestamp="2018-06-06T21:25:16">
  <properties>
[...]
</properties>
  <testcase classname="ptolemy.util.test.junit.TclTests" name="[0] /home/travis/build/icyphy/ptII/ptolemy/domains/de/test/DependencyLoop.tcl (RunTclFile)" time="0.732" />
  <testcase classname="ptolemy.util.test.junit.TclTests" name="[1] /home/travis/build/icyphy/ptII/ptolemy/domains/de/test/RunDETestsAsQSS.tcl (RunTclFile)" time="89.275" />
  <testcase classname="ptolemy.util.test.junit.AutoKnownFailedTests" name="[0] /home/travis/build/icyphy/ptII/ptolemy/domains/de/test/auto/knownFailedTests/DESDFClockTest.xml (RunModel)" time="2.024" />
  <testcase classname="ptolemy.util.test.junit.AutoKnownFailedTests" name="[1] /home/travis/build/icyphy/ptII/ptolemy/domains/de/test/auto/knownFailedTests/DirectFeedback.xml (RunModel)" time="0.011" />
  <testcase classname="ptolemy.util.test.junit.AutoKnownFailedTests" name="[2] /home/travis/build/icyphy/ptII/ptolemy/domains/de/test/auto/knownFailedTests/FSMSource.xml (RunModel)" time="0.012" />
  <testcase classname="ptolemy.util.test.junit.AutoKnownFailedTests" name="[3] /home/travis/build/icyphy/ptII/ptolemy/domains/de/test/auto/knownFailedTests/HierarchicalModel.xml (RunModel)" time="0.03" />
  <testcase classname="ptolemy.util.test.junit.AutoKnownFailedTests" name="[4] /home/travis/build/icyphy/ptII/ptolemy/domains/de/test/auto/knownFailedTests/dependencyLoop.xml (RunModel)" time="0.029" />
  <testcase classname="ptolemy.util.test.junit.AutoKnownFailedTests" name="[5] /home/travis/build/icyphy/ptII/ptolemy/domains/de/test/auto/knownFailedTests/dependencyLoop2.xml (RunModel)" time="0.027" />
  <testcase classname="ptolemy.util.test.junit.AutoNameArchTests" name="[0] ThereAreNoAutoArchTests (RunModel)" time="0.001" />
  <testcase classname="ptolemy.util.test.junit.AutoTests" name="[0] /home/travis/build/icyphy/ptII/ptolemy/domains/de/test/auto/ActorDepthCalculation_actorWithoutPorts.xml (RunModel)" time="0.009" />
  <testcase classname="ptolemy.util.test.junit.AutoTests" name="[1] /home/travis/build/icyphy/ptII/ptolemy/domains/de/test/auto/AssemblyLine.xml (RunModel)" time="0.011" />
  <testcase classname="ptolemy.util.test.junit.AutoTests" name="[2] /home/travis/build/icyphy/ptII/ptolemy/domains/de/test/auto/CQBug1.xml (RunModel)" time="0.006" />
  <testcase classname="ptolemy.util.test.junit.AutoTests" name="[3] /home/travis/build/icyphy/ptII/ptolemy/domains/de/test/auto/CancelFireAt.xml (RunModel)" time="0.004" />
  <testcase classname="ptolemy.util.test.junit.AutoTests" name="[4] /home/travis/build/icyphy/ptII/ptolemy/domains/de/test/auto/CausalityAndComposabilityAnalysis.xml (RunModel)" time="0.007" />
  <testcase classname="ptolemy.util.test.junit.AutoTests" name="[5] /home/travis/build/icyphy/ptII/ptolemy/domains/de/test/auto/CausalityInterface1.xml (RunModel)" time="0.009" />
  <testcase classname="ptolemy.util.test.junit.AutoTests" name="[6] /home/travis/build/icyphy/ptII/ptolemy/domains/de/test/auto/CausalityInterface15.xml (RunModel)" time="0.009" />
  <testcase classname="ptolemy.util.test.junit.AutoTests" name="[7] /home/travis/build/icyphy/ptII/ptolemy/domains/de/test/auto/CausalityInterface2.xml (RunModel)" time="0.008" />
  <testcase classname="ptolemy.util.test.junit.AutoTests" name="[8] /home/travis/build/icyphy/ptII/ptolemy/domains/de/test/auto/CausalityInterface3.xml (RunModel)" time="0.008" />
  <testcase classname="ptolemy.util.test.junit.AutoTests" name="[9] /home/travis/build/icyphy/ptII/ptolemy/domains/de/test/auto/ClockDrift.xml (RunModel)" time="0.023" />
  <testcase classname="ptolemy.util.test.junit.AutoTests" name="[10] /home/travis/build/icyphy/ptII/ptolemy/domains/de/test/auto/ClockDriftAndValueChange.xml (RunModel)" time="0.025" />
  <testcase classname="ptolemy.util.test.junit.AutoTests" name="[11] /home/travis/build/icyphy/ptII/ptolemy/domains/de/test/auto/ClockDriftChange.xml (RunModel)" time="0.018" />
  <testcase classname="ptolemy.util.test.junit.AutoTests" name="[12] /home/travis/build/icyphy/ptII/ptolemy/domains/de/test/auto/ComposableCausalityAnalysis.xml (RunModel)" time="0.016" />
  <testcase classname="ptolemy.util.test.junit.AutoTests" name="[13] /home/travis/build/icyphy/ptII/ptolemy/domains/de/test/auto/DEFixedPointLimitation.xml (RunModel)" time="0.006" />
  <testcase classname="ptolemy.util.test.junit.AutoTests" name="[14] /home/travis/build/icyphy/ptII/ptolemy/domains/de/test/auto/DEScheduleTest.xml (RunModel)" time="0.008" />
  <testcase classname="ptolemy.util.test.junit.AutoTests" name="[15] /home/travis/build/icyphy/ptII/ptolemy/domains/de/test/auto/DEinDEwithStartTimes.xml (RunModel)" time="0.008" />
  <testcase classname="ptolemy.util.test.junit.AutoTests" name="[16] /home/travis/build/icyphy/ptII/ptolemy/domains/de/test/auto/DEinDEwithStartTimes2.xml (RunModel)" time="0.017" />
  <testcase classname="ptolemy.util.test.junit.AutoTests" name="[17] /home/travis/build/icyphy/ptII/ptolemy/domains/de/test/auto/DateDemo.xml (RunModel)" time="0.022" />
  <testcase classname="ptolemy.util.test.junit.AutoTests" name="[18] /home/travis/build/icyphy/ptII/ptolemy/domains/de/test/auto/DateToEvent.xml (RunModel)" time="2.028" />
  <testcase classname="ptolemy.util.test.junit.AutoTests" name="[19] /home/travis/build/icyphy/ptII/ptolemy/domains/de/test/auto/DepthTest1.xml (RunModel)" time="0.024" />
  <testcase classname="ptolemy.util.test.junit.AutoTests" name="[20] /home/travis/build/icyphy/ptII/ptolemy/domains/de/test/auto/DepthTest2.xml (RunModel)" time="0.012" />
  <testcase classname="ptolemy.util.test.junit.AutoTests" name="[21] /home/travis/build/icyphy/ptII/ptolemy/domains/de/test/auto/DepthTest3.xml (RunModel)" time="0.006" />
  <testcase classname="ptolemy.util.test.junit.AutoTests" name="[22] /home/travis/build/icyphy/ptII/ptolemy/domains/de/test/auto/DepthTest4.xml (RunModel)" time="0.012" />
  <testcase classname="ptolemy.util.test.junit.AutoTests" name="[23] /home/travis/build/icyphy/ptII/ptolemy/domains/de/test/auto/DepthTest5.xml (RunModel)" time="0.014" />
  <testcase classname="ptolemy.util.test.junit.AutoTests" name="[24] /home/travis/build/icyphy/ptII/ptolemy/domains/de/test/auto/DepthTest6.xml (RunModel)" time="0.012" />
  <testcase classname="ptolemy.util.test.junit.AutoTests" name="[25] /home/travis/build/icyphy/ptII/ptolemy/domains/de/test/auto/DepthTest7.xml (RunModel)" time="0.015" />
  <testcase classname="ptolemy.util.test.junit.AutoTests" name="[26] /home/travis/build/icyphy/ptII/ptolemy/domains/de/test/auto/EventToDate.xml (RunModel)" time="3.038" />
  <testcase classname="ptolemy.util.test.junit.AutoTests" name="[27] /home/travis/build/icyphy/ptII/ptolemy/domains/de/test/auto/FSM1.xml (RunModel)" time="0.031" />
  <testcase classname="ptolemy.util.test.junit.AutoTests" name="[28] /home/travis/build/icyphy/ptII/ptolemy/domains/de/test/auto/FSM7.xml (RunModel)" time="0.031" />
  <testcase classname="ptolemy.util.test.junit.AutoTests" name="[29] /home/travis/build/icyphy/ptII/ptolemy/domains/de/test/auto/Inspection.xml (RunModel)" time="0.033" />
  <testcase classname="ptolemy.util.test.junit.AutoTests" name="[30] /home/travis/build/icyphy/ptII/ptolemy/domains/de/test/auto/Iteration.xml (RunModel)" time="0.014" />
  <testcase classname="ptolemy.util.test.junit.AutoTests" name="[31] /home/travis/build/icyphy/ptII/ptolemy/domains/de/test/auto/LineFault.xml (RunModel)" time="0.404" />
  <testcase classname="ptolemy.util.test.junit.AutoTests" name="[32] /home/travis/build/icyphy/ptII/ptolemy/domains/de/test/auto/MergeModel1Add.xml (RunModel)" time="0.034" />
  <testcase classname="ptolemy.util.test.junit.AutoTests" name="[33] /home/travis/build/icyphy/ptII/ptolemy/domains/de/test/auto/MergeModel2Add.xml (RunModel)" time="0.026" />
  <testcase classname="ptolemy.util.test.junit.AutoTests" name="[34] /home/travis/build/icyphy/ptII/ptolemy/domains/de/test/auto/MergeModel3Add.xml (RunModel)" time="0.03" />
  <testcase classname="ptolemy.util.test.junit.AutoTests" name="[35] /home/travis/build/icyphy/ptII/ptolemy/domains/de/test/auto/MergeWithoutDiscard.xml (RunModel)" time="0.009" />
  <testcase classname="ptolemy.util.test.junit.AutoTests" name="[36] /home/travis/build/icyphy/ptII/ptolemy/domains/de/test/auto/Modal1.xml (RunModel)" time="0.021" />
  <testcase classname="ptolemy.util.test.junit.AutoTests" name="[37] /home/travis/build/icyphy/ptII/ptolemy/domains/de/test/auto/Modal2.xml (RunModel)" time="0.022" />
  <testcase classname="ptolemy.util.test.junit.AutoTests" name="[38] /home/travis/build/icyphy/ptII/ptolemy/domains/de/test/auto/Modal3.xml (RunModel)" time="0.022" />
  <testcase classname="ptolemy.util.test.junit.AutoTests" name="[39] /home/travis/build/icyphy/ptII/ptolemy/domains/de/test/auto/Modal4.xml (RunModel)" time="0.023" />
  <testcase classname="ptolemy.util.test.junit.AutoTests" name="[40] /home/travis/build/icyphy/ptII/ptolemy/domains/de/test/auto/Modal5.xml (RunModel)" time="0.024" />
  <testcase classname="ptolemy.util.test.junit.AutoTests" name="[41] /home/travis/build/icyphy/ptII/ptolemy/domains/de/test/auto/Modal6.xml (RunModel)" time="0.022" />
  <testcase classname="ptolemy.util.test.junit.AutoTests" name="[42] /home/travis/build/icyphy/ptII/ptolemy/domains/de/test/auto/Modal7.xml (RunModel)" time="0.023" />
  <testcase classname="ptolemy.util.test.junit.AutoTests" name="[43] /home/travis/build/icyphy/ptII/ptolemy/domains/de/test/auto/ModalModel.xml (RunModel)" time="0.111" />
  <testcase classname="ptolemy.util.test.junit.AutoTests" name="[44] /home/travis/build/icyphy/ptII/ptolemy/domains/de/test/auto/ModalSource.xml (RunModel)" time="0.014" />
  <testcase classname="ptolemy.util.test.junit.AutoTests" name="[45] /home/travis/build/icyphy/ptII/ptolemy/domains/de/test/auto/NonInterruptibleTimerZeroDelay.xml (RunModel)" time="0.008" />
  <testcase classname="ptolemy.util.test.junit.AutoTests" name="[46] /home/travis/build/icyphy/ptII/ptolemy/domains/de/test/auto/OpenQueueingNetwork.xml (RunModel)" time="1.83" />
  <testcase classname="ptolemy.util.test.junit.AutoTests" name="[47] /home/travis/build/icyphy/ptII/ptolemy/domains/de/test/auto/OpenQueuingNetwork.xml (RunModel)" time="0.25" />
  <testcase classname="ptolemy.util.test.junit.AutoTests" name="[48] /home/travis/build/icyphy/ptII/ptolemy/domains/de/test/auto/PeriodicSampler.xml (RunModel)" time="0.009" />
  <testcase classname="ptolemy.util.test.junit.AutoTests" name="[49] /home/travis/build/icyphy/ptII/ptolemy/domains/de/test/auto/PersistentIO.xml (RunModel)" time="0.02" />
  <testcase classname="ptolemy.util.test.junit.AutoTests" name="[50] /home/travis/build/icyphy/ptII/ptolemy/domains/de/test/auto/PortParameterResetOnInitialize.xml (RunModel)" time="0.01" />
  <testcase classname="ptolemy.util.test.junit.AutoTests" name="[51] /home/travis/build/icyphy/ptII/ptolemy/domains/de/test/auto/PortParameterUpdates.xml (RunModel)" time="0.016" />
  <testcase classname="ptolemy.util.test.junit.AutoTests" name="[52] /home/travis/build/icyphy/ptII/ptolemy/domains/de/test/auto/QueueAndServer.xml (RunModel)" time="0.02" />
  <testcase classname="ptolemy.util.test.junit.AutoTests" name="[53] /home/travis/build/icyphy/ptII/ptolemy/domains/de/test/auto/Records.xml (RunModel)" time="0.014" />
  <testcase classname="ptolemy.util.test.junit.AutoTests" name="[54] /home/travis/build/icyphy/ptII/ptolemy/domains/de/test/auto/ResetTransitionWithStartTime1.xml (RunModel)" time="0.025" />
  <testcase classname="ptolemy.util.test.junit.AutoTests" name="[55] /home/travis/build/icyphy/ptII/ptolemy/domains/de/test/auto/ResetTransitionWithStartTime2.xml (RunModel)" time="0.016" />
  <testcase classname="ptolemy.util.test.junit.AutoTests" name="[56] /home/travis/build/icyphy/ptII/ptolemy/domains/de/test/auto/ResetTransitionWithStartTime3.xml (RunModel)" time="0.018" />
  <testcase classname="ptolemy.util.test.junit.AutoTests" name="[57] /home/travis/build/icyphy/ptII/ptolemy/domains/de/test/auto/ResetTransitionWithStartTime4.xml (RunModel)" time="0.019" />
  <testcase classname="ptolemy.util.test.junit.AutoTests" name="[58] /home/travis/build/icyphy/ptII/ptolemy/domains/de/test/auto/ResettableTimer1.xml (RunModel)" time="0.01" />
  <testcase classname="ptolemy.util.test.junit.AutoTests" name="[59] /home/travis/build/icyphy/ptII/ptolemy/domains/de/test/auto/ResettableTimer2.xml (RunModel)" time="0.01" />
  <testcase classname="ptolemy.util.test.junit.AutoTests" name="[60] /home/travis/build/icyphy/ptII/ptolemy/domains/de/test/auto/ResettableTimer3.xml (RunModel)" time="0.007" />
  <testcase classname="ptolemy.util.test.junit.AutoTests" name="[61] /home/travis/build/icyphy/ptII/ptolemy/domains/de/test/auto/ResettableTimer4.xml (RunModel)" time="0.011" />
  <testcase classname="ptolemy.util.test.junit.AutoTests" name="[62] /home/travis/build/icyphy/ptII/ptolemy/domains/de/test/auto/ResettableTimer5.xml (RunModel)" time="0.01" />
  <testcase classname="ptolemy.util.test.junit.AutoTests" name="[63] /home/travis/build/icyphy/ptII/ptolemy/domains/de/test/auto/ResettableTimer6.xml (RunModel)" time="0.016" />
  <testcase classname="ptolemy.util.test.junit.AutoTests" name="[64] /home/travis/build/icyphy/ptII/ptolemy/domains/de/test/auto/ServerZeroDelay.xml (RunModel)" time="0.015" />
  <testcase classname="ptolemy.util.test.junit.AutoTests" name="[65] /home/travis/build/icyphy/ptII/ptolemy/domains/de/test/auto/SmartSender.xml (RunModel)" time="3.009" />
  <testcase classname="ptolemy.util.test.junit.AutoTests" name="[66] /home/travis/build/icyphy/ptII/ptolemy/domains/de/test/auto/ThreadedComposite.xml (RunModel)" time="0.179" />
  <testcase classname="ptolemy.util.test.junit.AutoTests" name="[67] /home/travis/build/icyphy/ptII/ptolemy/domains/de/test/auto/Time.xml (RunModel)" time="0.418" />
  <testcase classname="ptolemy.util.test.junit.AutoTests" name="[68] /home/travis/build/icyphy/ptII/ptolemy/domains/de/test/auto/TimeDelayZeroDelay.xml (RunModel)" time="0.011" />
  <testcase classname="ptolemy.util.test.junit.AutoTests" name="[69] /home/travis/build/icyphy/ptII/ptolemy/domains/de/test/auto/TimerZeroDelay.xml (RunModel)" time="0.009" />
  <testcase classname="ptolemy.util.test.junit.AutoTests" name="[70] /home/travis/build/icyphy/ptII/ptolemy/domains/de/test/auto/TimingParadox.xml (RunModel)" time="0.346" />
  <testcase classname="ptolemy.util.test.junit.AutoTests" name="[71] /home/travis/build/icyphy/ptII/ptolemy/domains/de/test/auto/TransferInputs.xml (RunModel)" time="0.015" />
  <testcase classname="ptolemy.util.test.junit.AutoTests" name="[72] /home/travis/build/icyphy/ptII/ptolemy/domains/de/test/auto/TransferOutputs2.xml (RunModel)" time="0.019" />
  <testcase classname="ptolemy.util.test.junit.AutoTests" name="[73] /home/travis/build/icyphy/ptII/ptolemy/domains/de/test/auto/Trilateration.xml (RunModel)" time="11.891" />
  <testcase classname="ptolemy.util.test.junit.AutoTests" name="[74] /home/travis/build/icyphy/ptII/ptolemy/domains/de/test/auto/TwoSigmaDelta.xml (RunModel)" time="2.07" />
  <testcase classname="ptolemy.util.test.junit.AutoTests" name="[75] /home/travis/build/icyphy/ptII/ptolemy/domains/de/test/auto/VariableDelay.xml (RunModel)" time="0.009" />
  <testcase classname="ptolemy.util.test.junit.AutoTests" name="[76] /home/travis/build/icyphy/ptII/ptolemy/domains/de/test/auto/VariableDelay2.xml (RunModel)" time="0.008" />
  <testcase classname="ptolemy.util.test.junit.AutoTests" name="[77] /home/travis/build/icyphy/ptII/ptolemy/domains/de/test/auto/VariableDelayZeroDelay.xml (RunModel)" time="0.009" />
  <testcase classname="ptolemy.util.test.junit.AutoTests" name="[78] /home/travis/build/icyphy/ptII/ptolemy/domains/de/test/auto/VariableDelayZeroDelay2.xml (RunModel)" time="0.009" />
  <testcase classname="ptolemy.util.test.junit.AutoTests" name="[79] /home/travis/build/icyphy/ptII/ptolemy/domains/de/test/auto/deInCt.xml (RunModel)" time="0.012" />
  <testcase classname="ptolemy.util.test.junit.AutoTests" name="[80] /home/travis/build/icyphy/ptII/ptolemy/domains/de/test/auto/deInCt2.xml (RunModel)" time="0.012" />
  <testcase classname="ptolemy.util.test.junit.AutoTests" name="[81] /home/travis/build/icyphy/ptII/ptolemy/domains/de/test/auto/dynamicCausalityInterface1.xml (RunModel)" time="0.017" />
  <testcase classname="ptolemy.util.test.junit.AutoTests" name="[82] /home/travis/build/icyphy/ptII/ptolemy/domains/de/test/auto/fsm_de_test.xml (RunModel)" time="0.021" />
  <testcase classname="ptolemy.util.test.junit.AutoTests" name="[83] /home/travis/build/icyphy/ptII/ptolemy/domains/de/test/auto/functionDependencyReconstruction.xml (RunModel)" time="0.029" />
  <testcase classname="ptolemy.util.test.junit.AutoTests" name="[84] /home/travis/build/icyphy/ptII/ptolemy/domains/de/test/auto/multirate.xml (RunModel)" time="0.014" />
  <testcase classname="ptolemy.util.test.junit.AutoTests" name="[85] /home/travis/build/icyphy/ptII/ptolemy/domains/de/test/auto/multirate2.xml (RunModel)" time="0.014" />
  <testcase classname="ptolemy.util.test.junit.AutoTests" name="[86] /home/travis/build/icyphy/ptII/ptolemy/domains/de/test/auto/realtime.xml (RunModel)" time="10.01" />
  <testcase classname="ptolemy.util.test.junit.AutoTests" name="[87] /home/travis/build/icyphy/ptII/ptolemy/domains/de/test/auto/relationGroup.xml (RunModel)" time="0.009" />
  <testcase classname="ptolemy.util.test.junit.AutoTests" name="[88] /home/travis/build/icyphy/ptII/ptolemy/domains/de/test/auto/relationGroup2.xml (RunModel)" time="0.006" />
  <testcase classname="ptolemy.util.test.junit.AutoTests" name="[89] /home/travis/build/icyphy/ptII/ptolemy/domains/de/test/auto/sortWithOpaquePorts.xml (RunModel)" time="0.008" />
  <testcase classname="ptolemy.util.test.junit.AutoTests" name="[90] /home/travis/build/icyphy/ptII/ptolemy/domains/de/test/auto/transferInputsandOutputs.xml (RunModel)" time="0.015" />
  <testcase classname="ptolemy.util.test.junit.AutoTests" name="[91] /home/travis/build/icyphy/ptII/ptolemy/domains/de/test/auto/triggerType.xml (RunModel)" time="0.008" />
  <system-out><![CDATA[/home/travis/build/icyphy/ptII/ptolemy/domains/de/test/DependencyLoop.tcl
testDefs.tcl: setting time out to 9000 seconds at Wed Jun 06 21:25:16 UTC 2018
14 ms. Memory: 116224K Free: 94913K (82%)
7 ms. Memory: 146944K Free: 137799K (94%)
/home/travis/build/icyphy/ptII/ptolemy/domains/de/test/RunDETestsAsQSS.tcl
Run the DE tests using ptolemy.domains.qss.test.QSSDirectorTest, which extends QSSDirector and prints a message in the constructors.
------------------ testing $PTII/ptolemy/domains/de/test/auto/knownFailedTests/dependencyLoop.xml (Known Failure) 
8 ms. Memory: 146944K Free: 133523K (91%)


==== $PTIIhome/travis/build/icyphy/ptII/ptolemy/domains/de/test/../../../../: Auto Automatic test in file $PTII/ptolemy/domains/de/test/auto/knownFailedTests/dependencyLoop.xml
==== Contents of test case:

	    # FIXME: we should use $relativeFilename here, but it
	    # might have backslashes under Windows, which causes no end
	    # of trouble.
	    createAndExecute $file
	    list {}
	
.... Test generated KNOWN error:
    while executing
ptolemy.kernel.util.IllegalActionException: Found a zero delay loop containing .dependencyLoop.original
  in .dependencyLoop and .dependencyLoop.original
	at ptolemy.actor.util.CausalityInterfaceForComposites._computeOutputPortDepth(CausalityInterfaceForComposites.java:759)
	at ptolemy.actor.util.CausalityInterfaceForComposites._computeInputDepth(CausalityInterfaceForComposites.java:696)
	at ptolemy.actor.util.CausalityInterfaceForComposites._computeOutputPortDepth(CausalityInterfaceForComposites.java:765)
	at ptolemy.actor.util.CausalityInterfaceForComposites._computeInputDepth(CausalityInterfaceForComposites.java:696)
	at ptolemy.actor.util.CausalityInterfaceForComposites._computeOutputPortDepth(CausalityInterfaceForComposites.java:765)
	at ptolemy.actor.util.CausalityInterfaceForComposites._computeInputDepth(CausalityInterfaceForComposites.java:696)
	at ptolemy.actor.util.CausalityInterfaceForComposites._computeActorDepth(CausalityInterfaceForComposites.java:532)
	at ptolemy.actor.util.CausalityInterfaceForComposites.checkForCycles(CausalityInterfaceForComposites.java:96)
	at ptolemy.domains.de.kernel.DEDirector.preinitialize(DEDirector.java:1337)
	at ptolemy.actor.CompositeActor.preinitialize(CompositeActor.java:1828)
	at ptolemy.actor.Manager.preinitializeAndResolveTypes(Manager.java:1040)
	at ptolemy.actor.Manager.initialize(Manager.java:710)
	at ptolemy.actor.Manager.execute(Manager.java:356)
	at ptolemy.actor.Manager.run(Manager.java:1263)
	at ptolemy.actor.Manager$PtolemyRunThread.run(Manager.java:1915)

    while executing
ptolemy.kernel.util.IllegalActionException: Found a zero delay loop containing .dependencyLoop.original
  in .dependencyLoop and .dependencyLoop.original
    while executing
"java::new ptolemy.moml.MoMLSimpleApplication $file
"
    (procedure "createAndExecute" line 2)
    invoked from within
"createAndExecute $file"
    ("uplevel" body line 5)
    invoked from within
"uplevel $contents_of_test"
------------------ testing $PTII/ptolemy/domains/de/test/auto/knownFailedTests/DESDFClockTest.xml (Known Failure) 
2079 ms. Memory: 146944K Free: 117686K (80%)


==== $PTIIhome/travis/build/icyphy/ptII/ptolemy/domains/de/test/../../../../: Auto Automatic test in file $PTII/ptolemy/domains/de/test/auto/knownFailedTests/DESDFClockTest.xml
==== Contents of test case:

	    # FIXME: we should use $relativeFilename here, but it
	    # might have backslashes under Windows, which causes no end
	    # of trouble.
	    createAndExecute $file
	    list {}
	
.... Test generated KNOWN error:
    while executing
ptolemy.kernel.util.IllegalActionException: Actor is not ready to fire.  Perhaps UpSample.prefire() returned false? Try debugging the actor by selecting "Listen to Actor".  Also, for SDF check moml for tokenConsumptionRate on input.
  in .DESDFClockTest.Play Bell.Copy1:SDF Director and .DESDFClockTest.Play Bell.UpSample
	at ptolemy.actor.sched.StaticSchedulingDirector.fire(StaticSchedulingDirector.java:227)
	at ptolemy.domains.sdf.kernel.SDFDirector.fire(SDFDirector.java:500)
	at ptolemy.actor.CompositeActor.fire(CompositeActor.java:455)
	at ptolemy.domains.de.kernel.DEDirector._fire(DEDirector.java:1948)
	at ptolemy.domains.de.kernel.DEDirector.fire(DEDirector.java:502)
	at ptolemy.actor.CompositeActor.fire(CompositeActor.java:455)
	at ptolemy.actor.Manager.iterate(Manager.java:851)
	at ptolemy.actor.Manager.execute(Manager.java:369)
	at ptolemy.actor.Manager.run(Manager.java:1263)
	at ptolemy.actor.Manager$PtolemyRunThread.run(Manager.java:1915)

    while executing
ptolemy.kernel.util.IllegalActionException: Actor is not ready to fire.  Perhaps UpSample.prefire() returned false? Try debugging the actor by selecting "Listen to Actor".  Also, for SDF check moml for tokenConsumptionRate on input.
  in .DESDFClockTest.Play Bell.Copy1:SDF Director and .DESDFClockTest.Play Bell.UpSample
    while executing
"java::new ptolemy.moml.MoMLSimpleApplication $file
"
    (procedure "createAndExecute" line 2)
    invoked from within
"createAndExecute $file"
    ("uplevel" body line 5)
    invoked from within
"uplevel $contents_of_test"
------------------ testing $PTII/ptolemy/domains/de/test/auto/knownFailedTests/FSMSource.xml (Known Failure) 
33 ms. Memory: 146944K Free: 108682K (74%)
!!!! Auto was marked as failing, but now passes
------------------ testing $PTII/ptolemy/domains/de/test/auto/knownFailedTests/dependencyLoop2.xml (Known Failure) 
10 ms. Memory: 146944K Free: 106799K (73%)


==== $PTIIhome/travis/build/icyphy/ptII/ptolemy/domains/de/test/../../../../: Auto Automatic test in file $PTII/ptolemy/domains/de/test/auto/knownFailedTests/dependencyLoop2.xml
==== Contents of test case:

	    # FIXME: we should use $relativeFilename here, but it
	    # might have backslashes under Windows, which causes no end
	    # of trouble.
	    createAndExecute $file
	    list {}
	
.... Test generated KNOWN error:
    while executing
ptolemy.kernel.util.IllegalActionException: Found a zero delay loop containing .dependencyLoop2.original
  in .dependencyLoop2 and .dependencyLoop2.original
	at ptolemy.actor.util.CausalityInterfaceForComposites._computeOutputPortDepth(CausalityInterfaceForComposites.java:759)
	at ptolemy.actor.util.CausalityInterfaceForComposites._computeInputDepth(CausalityInterfaceForComposites.java:696)
	at ptolemy.actor.util.CausalityInterfaceForComposites._computeOutputPortDepth(CausalityInterfaceForComposites.java:765)
	at ptolemy.actor.util.CausalityInterfaceForComposites._computeInputDepth(CausalityInterfaceForComposites.java:696)
	at ptolemy.actor.util.CausalityInterfaceForComposites._computeOutputPortDepth(CausalityInterfaceForComposites.java:765)
	at ptolemy.actor.util.CausalityInterfaceForComposites._computeInputDepth(CausalityInterfaceForComposites.java:696)
	at ptolemy.actor.util.CausalityInterfaceForComposites._computeActorDepth(CausalityInterfaceForComposites.java:532)
	at ptolemy.actor.util.CausalityInterfaceForComposites.checkForCycles(CausalityInterfaceForComposites.java:96)
	at ptolemy.domains.de.kernel.DEDirector.preinitialize(DEDirector.java:1337)
	at ptolemy.actor.CompositeActor.preinitialize(CompositeActor.java:1828)
	at ptolemy.actor.Manager.preinitializeAndResolveTypes(Manager.java:1040)
	at ptolemy.actor.Manager.initialize(Manager.java:710)
	at ptolemy.actor.Manager.execute(Manager.java:356)
	at ptolemy.actor.Manager.run(Manager.java:1263)
	at ptolemy.actor.Manager$PtolemyRunThread.run(Manager.java:1915)

    while executing
ptolemy.kernel.util.IllegalActionException: Found a zero delay loop containing .dependencyLoop2.original
  in .dependencyLoop2 and .dependencyLoop2.original
    while executing
"java::new ptolemy.moml.MoMLSimpleApplication $file
"
    (procedure "createAndExecute" line 2)
    invoked from within
"createAndExecute $file"
    ("uplevel" body line 5)
    invoked from within
"uplevel $contents_of_test"
------------------ testing $PTII/ptolemy/domains/de/test/auto/knownFailedTests/HierarchicalModel.xml (Known Failure) 
9 ms. Memory: 146944K Free: 86213K (59%)


==== $PTIIhome/travis/build/icyphy/ptII/ptolemy/domains/de/test/../../../../: Auto Automatic test in file $PTII/ptolemy/domains/de/test/auto/knownFailedTests/HierarchicalModel.xml
==== Contents of test case:

	    # FIXME: we should use $relativeFilename here, but it
	    # might have backslashes under Windows, which causes no end
	    # of trouble.
	    createAndExecute $file
	    list {}
	
.... Test generated KNOWN error:
    while executing
ptolemy.kernel.util.IllegalActionException: Found a zero delay loop containing .HierarchicalModel.A
  in .HierarchicalModel and .HierarchicalModel.A
	at ptolemy.actor.util.CausalityInterfaceForComposites._computeOutputPortDepth(CausalityInterfaceForComposites.java:759)
	at ptolemy.actor.util.CausalityInterfaceForComposites._computeInputDepth(CausalityInterfaceForComposites.java:696)
	at ptolemy.actor.util.CausalityInterfaceForComposites._computeOutputPortDepth(CausalityInterfaceForComposites.java:765)
	at ptolemy.actor.util.CausalityInterfaceForComposites._computeInputDepth(CausalityInterfaceForComposites.java:696)
	at ptolemy.actor.util.CausalityInterfaceForComposites._computeOutputPortDepth(CausalityInterfaceForComposites.java:765)
	at ptolemy.actor.util.CausalityInterfaceForComposites._computeInputDepth(CausalityInterfaceForComposites.java:696)
	at ptolemy.actor.util.CausalityInterfaceForComposites._computeActorDepth(CausalityInterfaceForComposites.java:532)
	at ptolemy.actor.util.CausalityInterfaceForComposites.checkForCycles(CausalityInterfaceForComposites.java:96)
	at ptolemy.domains.de.kernel.DEDirector.preinitialize(DEDirector.java:1337)
	at ptolemy.actor.CompositeActor.preinitialize(CompositeActor.java:1828)
	at ptolemy.actor.Manager.preinitializeAndResolveTypes(Manager.java:1040)
	at ptolemy.actor.Manager.initialize(Manager.java:710)
	at ptolemy.actor.Manager.execute(Manager.java:356)
	at ptolemy.actor.Manager.run(Manager.java:1263)
	at ptolemy.actor.Manager$PtolemyRunThread.run(Manager.java:1915)

    while executing
ptolemy.kernel.util.IllegalActionException: Found a zero delay loop containing .HierarchicalModel.A
  in .HierarchicalModel and .HierarchicalModel.A
    while executing
"java::new ptolemy.moml.MoMLSimpleApplication $file
"
    (procedure "createAndExecute" line 2)
    invoked from within
"createAndExecute $file"
    ("uplevel" body line 5)
    invoked from within
"uplevel $contents_of_test"
------------------ testing $PTII/ptolemy/domains/de/test/auto/knownFailedTests/DirectFeedback.xml (Known Failure) 
15 ms. Memory: 146944K Free: 142599K (97%)


==== $PTIIhome/travis/build/icyphy/ptII/ptolemy/domains/de/test/../../../../: Auto Automatic test in file $PTII/ptolemy/domains/de/test/auto/knownFailedTests/DirectFeedback.xml
==== Contents of test case:

	    # FIXME: we should use $relativeFilename here, but it
	    # might have backslashes under Windows, which causes no end
	    # of trouble.
	    createAndExecute $file
	    list {}
	
.... Test generated KNOWN error:
    while executing
ptolemy.kernel.util.IllegalActionException: Test fails in iteration 1.
Value was: 1.0. Should have been: 2.0
  in .DirectFeedback.Test
	at ptolemy.actor.lib.Test.fire(Test.java:268)
	at ptolemy.domains.de.kernel.DEDirector._fire(DEDirector.java:1948)
	at ptolemy.domains.de.kernel.DEDirector.fire(DEDirector.java:502)
	at ptolemy.actor.CompositeActor.fire(CompositeActor.java:455)
	at ptolemy.actor.Manager.iterate(Manager.java:851)
	at ptolemy.actor.Manager.execute(Manager.java:369)
	at ptolemy.actor.Manager.run(Manager.java:1263)
	at ptolemy.actor.Manager$PtolemyRunThread.run(Manager.java:1915)

    while executing
ptolemy.kernel.util.IllegalActionException: Test fails in iteration 1.
Value was: 1.0. Should have been: 2.0
  in .DirectFeedback.Test
    while executing
"java::new ptolemy.moml.MoMLSimpleApplication $file
"
    (procedure "createAndExecute" line 2)
    invoked from within
"createAndExecute $file"
    ("uplevel" body line 5)
    invoked from within
"uplevel $contents_of_test"
------------------ testing $PTII/ptolemy/domains/de/test/auto/ActorDepthCalculation_actorWithoutPorts.xml
auto.tcl: Setting watchdog for 200 seconds at Wed Jun 06 21:25:19 UTC 2018
12 ms. Memory: 146944K Free: 133612K (91%)
ptolemy.util.test.WatchDog.cancel(): canceling Wed Jun 06 21:25:19 UTC 2018
auto.tcl: Setting watchdog for 200 seconds at Wed Jun 06 21:25:19 UTC 2018
4 ms. Memory: 146944K Free: 132570K (90%)
ptolemy.util.test.WatchDog.cancel(): canceling Wed Jun 06 21:25:19 UTC 2018
------------------ testing $PTII/ptolemy/domains/de/test/auto/AssemblyLine.xml
auto.tcl: Setting watchdog for 200 seconds at Wed Jun 06 21:25:20 UTC 2018
11 ms. Memory: 208384K Free: 186347K (89%)
ptolemy.util.test.WatchDog.cancel(): canceling Wed Jun 06 21:25:20 UTC 2018
auto.tcl: Setting watchdog for 200 seconds at Wed Jun 06 21:25:20 UTC 2018
8 ms. Memory: 208384K Free: 186347K (89%)
ptolemy.util.test.WatchDog.cancel(): canceling Wed Jun 06 21:25:20 UTC 2018
------------------ testing $PTII/ptolemy/domains/de/test/auto/CQBug1.xml
auto.tcl: Setting watchdog for 200 seconds at Wed Jun 06 21:25:20 UTC 2018
3 ms. Memory: 208384K Free: 197727K (95%)
ptolemy.util.test.WatchDog.cancel(): canceling Wed Jun 06 21:25:20 UTC 2018
auto.tcl: Setting watchdog for 200 seconds at Wed Jun 06 21:25:20 UTC 2018
2 ms. Memory: 208384K Free: 197727K (95%)
ptolemy.util.test.WatchDog.cancel(): canceling Wed Jun 06 21:25:20 UTC 2018
------------------ testing $PTII/ptolemy/domains/de/test/auto/CancelFireAt.xml
auto.tcl: Setting watchdog for 200 seconds at Wed Jun 06 21:25:20 UTC 2018
8 ms. Memory: 208384K Free: 201441K (97%)
ptolemy.util.test.WatchDog.cancel(): canceling Wed Jun 06 21:25:20 UTC 2018
auto.tcl: Setting watchdog for 200 seconds at Wed Jun 06 21:25:20 UTC 2018
2 ms. Memory: 208384K Free: 199008K (96%)
ptolemy.util.test.WatchDog.cancel(): canceling Wed Jun 06 21:25:20 UTC 2018
------------------ testing $PTII/ptolemy/domains/de/test/auto/CausalityAndComposabilityAnalysis.xml
auto.tcl: Setting watchdog for 200 seconds at Wed Jun 06 21:25:20 UTC 2018
11 ms. Memory: 208384K Free: 196514K (94%)
ptolemy.util.test.WatchDog.cancel(): canceling Wed Jun 06 21:25:20 UTC 2018
auto.tcl: Setting watchdog for 200 seconds at Wed Jun 06 21:25:20 UTC 2018
5 ms. Memory: 208384K Free: 196514K (94%)
ptolemy.util.test.WatchDog.cancel(): canceling Wed Jun 06 21:25:20 UTC 2018
------------------ testing $PTII/ptolemy/domains/de/test/auto/CausalityInterface1.xml
auto.tcl: Setting watchdog for 200 seconds at Wed Jun 06 21:25:20 UTC 2018
18 ms. Memory: 208384K Free: 196450K (94%)
ptolemy.util.test.WatchDog.cancel(): canceling Wed Jun 06 21:25:20 UTC 2018
auto.tcl: Setting watchdog for 200 seconds at Wed Jun 06 21:25:20 UTC 2018
4 ms. Memory: 208384K Free: 196450K (94%)
ptolemy.util.test.WatchDog.cancel(): canceling Wed Jun 06 21:25:20 UTC 2018
------------------ testing $PTII/ptolemy/domains/de/test/auto/CausalityInterface15.xml
auto.tcl: Setting watchdog for 200 seconds at Wed Jun 06 21:25:20 UTC 2018
4 ms. Memory: 208384K Free: 196441K (94%)
ptolemy.util.test.WatchDog.cancel(): canceling Wed Jun 06 21:25:20 UTC 2018
auto.tcl: Setting watchdog for 200 seconds at Wed Jun 06 21:25:20 UTC 2018
8 ms. Memory: 208384K Free: 196441K (94%)
ptolemy.util.test.WatchDog.cancel(): canceling Wed Jun 06 21:25:21 UTC 2018
------------------ testing $PTII/ptolemy/domains/de/test/auto/CausalityInterface2.xml
auto.tcl: Setting watchdog for 200 seconds at Wed Jun 06 21:25:21 UTC 2018
3 ms. Memory: 208384K Free: 196425K (94%)
ptolemy.util.test.WatchDog.cancel(): canceling Wed Jun 06 21:25:21 UTC 2018
auto.tcl: Setting watchdog for 200 seconds at Wed Jun 06 21:25:21 UTC 2018
3 ms. Memory: 208384K Free: 196425K (94%)
ptolemy.util.test.WatchDog.cancel(): canceling Wed Jun 06 21:25:21 UTC 2018
------------------ testing $PTII/ptolemy/domains/de/test/auto/CausalityInterface3.xml
auto.tcl: Setting watchdog for 200 seconds at Wed Jun 06 21:25:21 UTC 2018
6 ms. Memory: 208384K Free: 196437K (94%)
ptolemy.util.test.WatchDog.cancel(): canceling Wed Jun 06 21:25:21 UTC 2018
auto.tcl: Setting watchdog for 200 seconds at Wed Jun 06 21:25:21 UTC 2018
6 ms. Memory: 208384K Free: 196437K (94%)
ptolemy.util.test.WatchDog.cancel(): canceling Wed Jun 06 21:25:21 UTC 2018
------------------ testing $PTII/ptolemy/domains/de/test/auto/ClockDrift.xml
auto.tcl: Setting watchdog for 200 seconds at Wed Jun 06 21:25:21 UTC 2018
97 ms. Memory: 208384K Free: 187689K (90%)
ptolemy.util.test.WatchDog.cancel(): canceling Wed Jun 06 21:25:21 UTC 2018
auto.tcl: Setting watchdog for 200 seconds at Wed Jun 06 21:25:21 UTC 2018
49 ms. Memory: 208384K Free: 185595K (89%)
ptolemy.util.test.WatchDog.cancel(): canceling Wed Jun 06 21:25:21 UTC 2018
------------------ testing $PTII/ptolemy/domains/de/test/auto/ClockDriftAndValueChange.xml
auto.tcl: Setting watchdog for 200 seconds at Wed Jun 06 21:25:21 UTC 2018
48 ms. Memory: 208384K Free: 187525K (90%)
ptolemy.util.test.WatchDog.cancel(): canceling Wed Jun 06 21:25:21 UTC 2018
auto.tcl: Setting watchdog for 200 seconds at Wed Jun 06 21:25:21 UTC 2018
35 ms. Memory: 208384K Free: 185431K (89%)
ptolemy.util.test.WatchDog.cancel(): canceling Wed Jun 06 21:25:21 UTC 2018
------------------ testing $PTII/ptolemy/domains/de/test/auto/ClockDriftChange.xml
auto.tcl: Setting watchdog for 200 seconds at Wed Jun 06 21:25:21 UTC 2018
26 ms. Memory: 208384K Free: 190846K (92%)
ptolemy.util.test.WatchDog.cancel(): canceling Wed Jun 06 21:25:21 UTC 2018
auto.tcl: Setting watchdog for 200 seconds at Wed Jun 06 21:25:21 UTC 2018
22 ms. Memory: 208384K Free: 188752K (91%)
ptolemy.util.test.WatchDog.cancel(): canceling Wed Jun 06 21:25:21 UTC 2018
------------------ testing $PTII/ptolemy/domains/de/test/auto/ComposableCausalityAnalysis.xml
auto.tcl: Setting watchdog for 200 seconds at Wed Jun 06 21:25:21 UTC 2018
2 ms. Memory: 208384K Free: 196299K (94%)
ptolemy.util.test.WatchDog.cancel(): canceling Wed Jun 06 21:25:21 UTC 2018
auto.tcl: Setting watchdog for 200 seconds at Wed Jun 06 21:25:21 UTC 2018
2 ms. Memory: 208384K Free: 194205K (93%)
ptolemy.util.test.WatchDog.cancel(): canceling Wed Jun 06 21:25:21 UTC 2018
------------------ testing $PTII/ptolemy/domains/de/test/auto/DEFixedPointLimitation.xml
auto.tcl: Setting watchdog for 200 seconds at Wed Jun 06 21:25:21 UTC 2018
1 ms. Memory: 208384K Free: 196379K (94%)
ptolemy.util.test.WatchDog.cancel(): canceling Wed Jun 06 21:25:21 UTC 2018
auto.tcl: Setting watchdog for 200 seconds at Wed Jun 06 21:25:21 UTC 2018
1 ms. Memory: 208384K Free: 196379K (94%)
ptolemy.util.test.WatchDog.cancel(): canceling Wed Jun 06 21:25:21 UTC 2018
------------------ testing $PTII/ptolemy/domains/de/test/auto/DEScheduleTest.xml
auto.tcl: Setting watchdog for 200 seconds at Wed Jun 06 21:25:22 UTC 2018
4 ms. Memory: 208384K Free: 198508K (95%)
ptolemy.util.test.WatchDog.cancel(): canceling Wed Jun 06 21:25:22 UTC 2018
auto.tcl: Setting watchdog for 200 seconds at Wed Jun 06 21:25:22 UTC 2018
6 ms. Memory: 208384K Free: 196415K (94%)
ptolemy.util.test.WatchDog.cancel(): canceling Wed Jun 06 21:25:22 UTC 2018
------------------ testing $PTII/ptolemy/domains/de/test/auto/DEinDEwithStartTimes.xml
auto.tcl: Setting watchdog for 200 seconds at Wed Jun 06 21:25:22 UTC 2018
3 ms. Memory: 208384K Free: 196384K (94%)
ptolemy.util.test.WatchDog.cancel(): canceling Wed Jun 06 21:25:22 UTC 2018
auto.tcl: Setting watchdog for 200 seconds at Wed Jun 06 21:25:22 UTC 2018
3 ms. Memory: 208384K Free: 194291K (93%)
ptolemy.util.test.WatchDog.cancel(): canceling Wed Jun 06 21:25:22 UTC 2018
------------------ testing $PTII/ptolemy/domains/de/test/auto/DEinDEwithStartTimes2.xml
auto.tcl: Setting watchdog for 200 seconds at Wed Jun 06 21:25:22 UTC 2018
4 ms. Memory: 208384K Free: 196701K (94%)
ptolemy.util.test.WatchDog.cancel(): canceling Wed Jun 06 21:25:22 UTC 2018
auto.tcl: Setting watchdog for 200 seconds at Wed Jun 06 21:25:22 UTC 2018
3 ms. Memory: 208384K Free: 194608K (93%)
ptolemy.util.test.WatchDog.cancel(): canceling Wed Jun 06 21:25:22 UTC 2018
------------------ testing $PTII/ptolemy/domains/de/test/auto/DateDemo.xml
auto.tcl: Setting watchdog for 200 seconds at Wed Jun 06 21:25:22 UTC 2018
11 ms. Memory: 208384K Free: 188831K (91%)
ptolemy.util.test.WatchDog.cancel(): canceling Wed Jun 06 21:25:22 UTC 2018
auto.tcl: Setting watchdog for 200 seconds at Wed Jun 06 21:25:22 UTC 2018
6 ms. Memory: 208384K Free: 186737K (90%)
ptolemy.util.test.WatchDog.cancel(): canceling Wed Jun 06 21:25:22 UTC 2018
------------------ testing $PTII/ptolemy/domains/de/test/auto/DateToEvent.xml
auto.tcl: Setting watchdog for 200 seconds at Wed Jun 06 21:25:22 UTC 2018
2010 ms. Memory: 208384K Free: 183572K (88%)
ptolemy.util.test.WatchDog.cancel(): canceling Wed Jun 06 21:25:24 UTC 2018
auto.tcl: Setting watchdog for 200 seconds at Wed Jun 06 21:25:24 UTC 2018
2005 ms. Memory: 208384K Free: 183572K (88%)
ptolemy.util.test.WatchDog.cancel(): canceling Wed Jun 06 21:25:26 UTC 2018
------------------ testing $PTII/ptolemy/domains/de/test/auto/DepthTest1.xml
auto.tcl: Setting watchdog for 200 seconds at Wed Jun 06 21:25:26 UTC 2018
4 ms. Memory: 208384K Free: 198375K (95%)
ptolemy.util.test.WatchDog.cancel(): canceling Wed Jun 06 21:25:26 UTC 2018
auto.tcl: Setting watchdog for 200 seconds at Wed Jun 06 21:25:26 UTC 2018
2 ms. Memory: 208384K Free: 198037K (95%)
ptolemy.util.test.WatchDog.cancel(): canceling Wed Jun 06 21:25:26 UTC 2018
------------------ testing $PTII/ptolemy/domains/de/test/auto/DepthTest2.xml
auto.tcl: Setting watchdog for 200 seconds at Wed Jun 06 21:25:26 UTC 2018
6 ms. Memory: 208384K Free: 194252K (93%)
ptolemy.util.test.WatchDog.cancel(): canceling Wed Jun 06 21:25:26 UTC 2018
auto.tcl: Setting watchdog for 200 seconds at Wed Jun 06 21:25:26 UTC 2018
5 ms. Memory: 208384K Free: 194252K (93%)
ptolemy.util.test.WatchDog.cancel(): canceling Wed Jun 06 21:25:26 UTC 2018
------------------ testing $PTII/ptolemy/domains/de/test/auto/DepthTest3.xml
auto.tcl: Setting watchdog for 200 seconds at Wed Jun 06 21:25:26 UTC 2018
6 ms. Memory: 208384K Free: 198710K (95%)
ptolemy.util.test.WatchDog.cancel(): canceling Wed Jun 06 21:25:26 UTC 2018
auto.tcl: Setting watchdog for 200 seconds at Wed Jun 06 21:25:26 UTC 2018
2 ms. Memory: 208384K Free: 198710K (95%)
ptolemy.util.test.WatchDog.cancel(): canceling Wed Jun 06 21:25:26 UTC 2018
------------------ testing $PTII/ptolemy/domains/de/test/auto/DepthTest4.xml
auto.tcl: Setting watchdog for 200 seconds at Wed Jun 06 21:25:26 UTC 2018
12 ms. Memory: 208384K Free: 196349K (94%)
ptolemy.util.test.WatchDog.cancel(): canceling Wed Jun 06 21:25:26 UTC 2018
auto.tcl: Setting watchdog for 200 seconds at Wed Jun 06 21:25:26 UTC 2018
3 ms. Memory: 208384K Free: 196349K (94%)
ptolemy.util.test.WatchDog.cancel(): canceling Wed Jun 06 21:25:26 UTC 2018
------------------ testing $PTII/ptolemy/domains/de/test/auto/DepthTest5.xml
auto.tcl: Setting watchdog for 200 seconds at Wed Jun 06 21:25:26 UTC 2018
5 ms. Memory: 208384K Free: 196312K (94%)
ptolemy.util.test.WatchDog.cancel(): canceling Wed Jun 06 21:25:26 UTC 2018
auto.tcl: Setting watchdog for 200 seconds at Wed Jun 06 21:25:26 UTC 2018
2 ms. Memory: 208384K Free: 196312K (94%)
ptolemy.util.test.WatchDog.cancel(): canceling Wed Jun 06 21:25:26 UTC 2018
------------------ testing $PTII/ptolemy/domains/de/test/auto/DepthTest6.xml
auto.tcl: Setting watchdog for 200 seconds at Wed Jun 06 21:25:26 UTC 2018
8 ms. Memory: 208384K Free: 196265K (94%)
ptolemy.util.test.WatchDog.cancel(): canceling Wed Jun 06 21:25:26 UTC 2018
auto.tcl: Setting watchdog for 200 seconds at Wed Jun 06 21:25:26 UTC 2018
2 ms. Memory: 208384K Free: 196265K (94%)
ptolemy.util.test.WatchDog.cancel(): canceling Wed Jun 06 21:25:26 UTC 2018
------------------ testing $PTII/ptolemy/domains/de/test/auto/DepthTest7.xml
auto.tcl: Setting watchdog for 200 seconds at Wed Jun 06 21:25:26 UTC 2018
2 ms. Memory: 208384K Free: 196238K (94%)
ptolemy.util.test.WatchDog.cancel(): canceling Wed Jun 06 21:25:26 UTC 2018
auto.tcl: Setting watchdog for 200 seconds at Wed Jun 06 21:25:26 UTC 2018
2 ms. Memory: 208384K Free: 196238K (94%)
ptolemy.util.test.WatchDog.cancel(): canceling Wed Jun 06 21:25:26 UTC 2018
------------------ testing $PTII/ptolemy/domains/de/test/auto/EventToDate.xml
auto.tcl: Setting watchdog for 200 seconds at Wed Jun 06 21:25:27 UTC 2018
3010 ms. Memory: 208384K Free: 185784K (89%)
ptolemy.util.test.WatchDog.cancel(): canceling Wed Jun 06 21:25:30 UTC 2018
auto.tcl: Setting watchdog for 200 seconds at Wed Jun 06 21:25:30 UTC 2018
3003 ms. Memory: 208384K Free: 185784K (89%)
ptolemy.util.test.WatchDog.cancel(): canceling Wed Jun 06 21:25:33 UTC 2018
------------------ testing $PTII/ptolemy/domains/de/test/auto/FSM1.xml
auto.tcl: Setting watchdog for 200 seconds at Wed Jun 06 21:25:33 UTC 2018
17 ms. Memory: 208384K Free: 187170K (90%)
ptolemy.util.test.WatchDog.cancel(): canceling Wed Jun 06 21:25:33 UTC 2018
auto.tcl: Setting watchdog for 200 seconds at Wed Jun 06 21:25:33 UTC 2018
15 ms. Memory: 208384K Free: 185060K (89%)
ptolemy.util.test.WatchDog.cancel(): canceling Wed Jun 06 21:25:33 UTC 2018
------------------ testing $PTII/ptolemy/domains/de/test/auto/FSM7.xml
auto.tcl: Setting watchdog for 200 seconds at Wed Jun 06 21:25:33 UTC 2018
26 ms. Memory: 208384K Free: 187405K (90%)
ptolemy.util.test.WatchDog.cancel(): canceling Wed Jun 06 21:25:33 UTC 2018
auto.tcl: Setting watchdog for 200 seconds at Wed Jun 06 21:25:33 UTC 2018
20 ms. Memory: 208384K Free: 185311K (89%)
ptolemy.util.test.WatchDog.cancel(): canceling Wed Jun 06 21:25:33 UTC 2018
------------------ testing $PTII/ptolemy/domains/de/test/auto/Inspection.xml
auto.tcl: Setting watchdog for 200 seconds at Wed Jun 06 21:25:33 UTC 2018
37 ms. Memory: 208384K Free: 188971K (91%)
ptolemy.util.test.WatchDog.cancel(): canceling Wed Jun 06 21:25:33 UTC 2018
auto.tcl: Setting watchdog for 200 seconds at Wed Jun 06 21:25:33 UTC 2018
28 ms. Memory: 208384K Free: 186861K (90%)
ptolemy.util.test.WatchDog.cancel(): canceling Wed Jun 06 21:25:33 UTC 2018
------------------ testing $PTII/ptolemy/domains/de/test/auto/Iteration.xml
auto.tcl: Setting watchdog for 200 seconds at Wed Jun 06 21:25:33 UTC 2018
9 ms. Memory: 208384K Free: 193966K (93%)
ptolemy.util.test.WatchDog.cancel(): canceling Wed Jun 06 21:25:33 UTC 2018
auto.tcl: Setting watchdog for 200 seconds at Wed Jun 06 21:25:33 UTC 2018
8 ms. Memory: 208384K Free: 193966K (93%)
ptolemy.util.test.WatchDog.cancel(): canceling Wed Jun 06 21:25:33 UTC 2018
------------------ testing $PTII/ptolemy/domains/de/test/auto/LineFault.xml
auto.tcl: Setting watchdog for 200 seconds at Wed Jun 06 21:25:33 UTC 2018
717 ms. Memory: 208384K Free: 194178K (93%)
ptolemy.util.test.WatchDog.cancel(): canceling Wed Jun 06 21:25:34 UTC 2018
auto.tcl: Setting watchdog for 200 seconds at Wed Jun 06 21:25:34 UTC 2018
559 ms. Memory: 208384K Free: 136941K (66%)
ptolemy.util.test.WatchDog.cancel(): canceling Wed Jun 06 21:25:35 UTC 2018
------------------ testing $PTII/ptolemy/domains/de/test/auto/MergeModel1Add.xml
auto.tcl: Setting watchdog for 200 seconds at Wed Jun 06 21:25:35 UTC 2018
27 ms. Memory: 331264K Free: 302961K (91%)
ptolemy.util.test.WatchDog.cancel(): canceling Wed Jun 06 21:25:35 UTC 2018
auto.tcl: Setting watchdog for 200 seconds at Wed Jun 06 21:25:35 UTC 2018
10 ms. Memory: 331264K Free: 299037K (90%)
ptolemy.util.test.WatchDog.cancel(): canceling Wed Jun 06 21:25:35 UTC 2018
------------------ testing $PTII/ptolemy/domains/de/test/auto/MergeModel2Add.xml
auto.tcl: Setting watchdog for 200 seconds at Wed Jun 06 21:25:35 UTC 2018
11 ms. Memory: 331264K Free: 304339K (92%)
ptolemy.util.test.WatchDog.cancel(): canceling Wed Jun 06 21:25:35 UTC 2018
auto.tcl: Setting watchdog for 200 seconds at Wed Jun 06 21:25:35 UTC 2018
8 ms. Memory: 331264K Free: 300431K (91%)
ptolemy.util.test.WatchDog.cancel(): canceling Wed Jun 06 21:25:35 UTC 2018
------------------ testing $PTII/ptolemy/domains/de/test/auto/MergeModel3Add.xml
auto.tcl: Setting watchdog for 200 seconds at Wed Jun 06 21:25:35 UTC 2018
11 ms. Memory: 331264K Free: 304341K (92%)
ptolemy.util.test.WatchDog.cancel(): canceling Wed Jun 06 21:25:35 UTC 2018
auto.tcl: Setting watchdog for 200 seconds at Wed Jun 06 21:25:35 UTC 2018
8 ms. Memory: 331264K Free: 300433K (91%)
ptolemy.util.test.WatchDog.cancel(): canceling Wed Jun 06 21:25:35 UTC 2018
------------------ testing $PTII/ptolemy/domains/de/test/auto/MergeWithoutDiscard.xml
auto.tcl: Setting watchdog for 200 seconds at Wed Jun 06 21:25:35 UTC 2018
2 ms. Memory: 331264K Free: 316371K (96%)
ptolemy.util.test.WatchDog.cancel(): canceling Wed Jun 06 21:25:35 UTC 2018
auto.tcl: Setting watchdog for 200 seconds at Wed Jun 06 21:25:35 UTC 2018
2 ms. Memory: 331264K Free: 316085K (95%)
ptolemy.util.test.WatchDog.cancel(): canceling Wed Jun 06 21:25:35 UTC 2018
------------------ testing $PTII/ptolemy/domains/de/test/auto/Modal1.xml
auto.tcl: Setting watchdog for 200 seconds at Wed Jun 06 21:25:35 UTC 2018
12 ms. Memory: 331264K Free: 310002K (94%)
ptolemy.util.test.WatchDog.cancel(): canceling Wed Jun 06 21:25:35 UTC 2018
auto.tcl: Setting watchdog for 200 seconds at Wed Jun 06 21:25:35 UTC 2018
11 ms. Memory: 331264K Free: 306094K (92%)
ptolemy.util.test.WatchDog.cancel(): canceling Wed Jun 06 21:25:35 UTC 2018
------------------ testing $PTII/ptolemy/domains/de/test/auto/Modal2.xml
auto.tcl: Setting watchdog for 200 seconds at Wed Jun 06 21:25:35 UTC 2018
12 ms. Memory: 331264K Free: 309884K (94%)
ptolemy.util.test.WatchDog.cancel(): canceling Wed Jun 06 21:25:35 UTC 2018
auto.tcl: Setting watchdog for 200 seconds at Wed Jun 06 21:25:35 UTC 2018
11 ms. Memory: 331264K Free: 305976K (92%)
ptolemy.util.test.WatchDog.cancel(): canceling Wed Jun 06 21:25:35 UTC 2018
------------------ testing $PTII/ptolemy/domains/de/test/auto/Modal3.xml
auto.tcl: Setting watchdog for 200 seconds at Wed Jun 06 21:25:35 UTC 2018
19 ms. Memory: 331264K Free: 309883K (94%)
ptolemy.util.test.WatchDog.cancel(): canceling Wed Jun 06 21:25:35 UTC 2018
auto.tcl: Setting watchdog for 200 seconds at Wed Jun 06 21:25:35 UTC 2018
10 ms. Memory: 331264K Free: 305967K (92%)
ptolemy.util.test.WatchDog.cancel(): canceling Wed Jun 06 21:25:35 UTC 2018
------------------ testing $PTII/ptolemy/domains/de/test/auto/Modal4.xml
auto.tcl: Setting watchdog for 200 seconds at Wed Jun 06 21:25:36 UTC 2018
16 ms. Memory: 331264K Free: 309887K (94%)
ptolemy.util.test.WatchDog.cancel(): canceling Wed Jun 06 21:25:36 UTC 2018
auto.tcl: Setting watchdog for 200 seconds at Wed Jun 06 21:25:36 UTC 2018
12 ms. Memory: 331264K Free: 305979K (92%)
ptolemy.util.test.WatchDog.cancel(): canceling Wed Jun 06 21:25:36 UTC 2018
------------------ testing $PTII/ptolemy/domains/de/test/auto/Modal5.xml
auto.tcl: Setting watchdog for 200 seconds at Wed Jun 06 21:25:36 UTC 2018
12 ms. Memory: 331264K Free: 309874K (94%)
ptolemy.util.test.WatchDog.cancel(): canceling Wed Jun 06 21:25:36 UTC 2018
auto.tcl: Setting watchdog for 200 seconds at Wed Jun 06 21:25:36 UTC 2018
11 ms. Memory: 331264K Free: 305951K (92%)
ptolemy.util.test.WatchDog.cancel(): canceling Wed Jun 06 21:25:36 UTC 2018
------------------ testing $PTII/ptolemy/domains/de/test/auto/Modal6.xml
auto.tcl: Setting watchdog for 200 seconds at Wed Jun 06 21:25:36 UTC 2018
14 ms. Memory: 331264K Free: 309856K (94%)
ptolemy.util.test.WatchDog.cancel(): canceling Wed Jun 06 21:25:36 UTC 2018
auto.tcl: Setting watchdog for 200 seconds at Wed Jun 06 21:25:36 UTC 2018
16 ms. Memory: 331264K Free: 305932K (92%)
ptolemy.util.test.WatchDog.cancel(): canceling Wed Jun 06 21:25:36 UTC 2018
------------------ testing $PTII/ptolemy/domains/de/test/auto/Modal7.xml
auto.tcl: Setting watchdog for 200 seconds at Wed Jun 06 21:25:36 UTC 2018
16 ms. Memory: 331264K Free: 309864K (94%)
ptolemy.util.test.WatchDog.cancel(): canceling Wed Jun 06 21:25:36 UTC 2018
auto.tcl: Setting watchdog for 200 seconds at Wed Jun 06 21:25:36 UTC 2018
11 ms. Memory: 331264K Free: 305956K (92%)
ptolemy.util.test.WatchDog.cancel(): canceling Wed Jun 06 21:25:36 UTC 2018
------------------ testing $PTII/ptolemy/domains/de/test/auto/ModalModel.xml
auto.tcl: Setting watchdog for 200 seconds at Wed Jun 06 21:25:36 UTC 2018
192 ms. Memory: 331264K Free: 246193K (74%)
ptolemy.util.test.WatchDog.cancel(): canceling Wed Jun 06 21:25:36 UTC 2018
auto.tcl: Setting watchdog for 200 seconds at Wed Jun 06 21:25:36 UTC 2018
168 ms. Memory: 331264K Free: 191381K (58%)
ptolemy.util.test.WatchDog.cancel(): canceling Wed Jun 06 21:25:36 UTC 2018
------------------ testing $PTII/ptolemy/domains/de/test/auto/ModalSource.xml
auto.tcl: Setting watchdog for 200 seconds at Wed Jun 06 21:25:36 UTC 2018
6 ms. Memory: 331264K Free: 316601K (96%)
ptolemy.util.test.WatchDog.cancel(): canceling Wed Jun 06 21:25:36 UTC 2018
auto.tcl: Setting watchdog for 200 seconds at Wed Jun 06 21:25:36 UTC 2018
7 ms. Memory: 331264K Free: 313101K (95%)
ptolemy.util.test.WatchDog.cancel(): canceling Wed Jun 06 21:25:36 UTC 2018
------------------ testing $PTII/ptolemy/domains/de/test/auto/NonInterruptibleTimerZeroDelay.xml
auto.tcl: Setting watchdog for 200 seconds at Wed Jun 06 21:25:37 UTC 2018
4 ms. Memory: 331264K Free: 320939K (97%)
ptolemy.util.test.WatchDog.cancel(): canceling Wed Jun 06 21:25:37 UTC 2018
auto.tcl: Setting watchdog for 200 seconds at Wed Jun 06 21:25:37 UTC 2018
2 ms. Memory: 331264K Free: 317439K (96%)
ptolemy.util.test.WatchDog.cancel(): canceling Wed Jun 06 21:25:37 UTC 2018
------------------ testing $PTII/ptolemy/domains/de/test/auto/OpenQueueingNetwork.xml
auto.tcl: Setting watchdog for 200 seconds at Wed Jun 06 21:25:37 UTC 2018
3154 ms. Memory: 573952K Free: 406502K (71%)
ptolemy.util.test.WatchDog.cancel(): canceling Wed Jun 06 21:25:40 UTC 2018
auto.tcl: Setting watchdog for 200 seconds at Wed Jun 06 21:25:40 UTC 2018
2284 ms. Memory: 574464K Free: 333707K (58%)
ptolemy.util.test.WatchDog.cancel(): canceling Wed Jun 06 21:25:42 UTC 2018
------------------ testing $PTII/ptolemy/domains/de/test/auto/OpenQueuingNetwork.xml
auto.tcl: Setting watchdog for 200 seconds at Wed Jun 06 21:25:42 UTC 2018
217 ms. Memory: 1064960K Free: 956602K (90%)
ptolemy.util.test.WatchDog.cancel(): canceling Wed Jun 06 21:25:43 UTC 2018
auto.tcl: Setting watchdog for 200 seconds at Wed Jun 06 21:25:43 UTC 2018
204 ms. Memory: 1064960K Free: 900636K (85%)
ptolemy.util.test.WatchDog.cancel(): canceling Wed Jun 06 21:25:43 UTC 2018
------------------ testing $PTII/ptolemy/domains/de/test/auto/PeriodicSampler.xml
auto.tcl: Setting watchdog for 200 seconds at Wed Jun 06 21:25:43 UTC 2018
2 ms. Memory: 1065472K Free: 1029650K (97%)
ptolemy.util.test.WatchDog.cancel(): canceling Wed Jun 06 21:25:43 UTC 2018
auto.tcl: Setting watchdog for 200 seconds at Wed Jun 06 21:25:43 UTC 2018
2 ms. Memory: 1065472K Free: 1029650K (97%)
ptolemy.util.test.WatchDog.cancel(): canceling Wed Jun 06 21:25:43 UTC 2018
------------------ testing $PTII/ptolemy/domains/de/test/auto/PersistentIO.xml
auto.tcl: Setting watchdog for 200 seconds at Wed Jun 06 21:25:43 UTC 2018
4 ms. Memory: 1065472K Free: 1030234K (97%)
ptolemy.util.test.WatchDog.cancel(): canceling Wed Jun 06 21:25:43 UTC 2018
auto.tcl: Setting watchdog for 200 seconds at Wed Jun 06 21:25:43 UTC 2018
4 ms. Memory: 1065472K Free: 1030234K (97%)
ptolemy.util.test.WatchDog.cancel(): canceling Wed Jun 06 21:25:43 UTC 2018
------------------ testing $PTII/ptolemy/domains/de/test/auto/PortParameterResetOnInitialize.xml
auto.tcl: Setting watchdog for 200 seconds at Wed Jun 06 21:25:43 UTC 2018
2 ms. Memory: 1065472K Free: 1029614K (97%)
ptolemy.util.test.WatchDog.cancel(): canceling Wed Jun 06 21:25:43 UTC 2018
auto.tcl: Setting watchdog for 200 seconds at Wed Jun 06 21:25:43 UTC 2018
2 ms. Memory: 1065472K Free: 1029614K (97%)
ptolemy.util.test.WatchDog.cancel(): canceling Wed Jun 06 21:25:43 UTC 2018
------------------ testing $PTII/ptolemy/domains/de/test/auto/PortParameterUpdates.xml
auto.tcl: Setting watchdog for 200 seconds at Wed Jun 06 21:25:43 UTC 2018
7 ms. Memory: 1065472K Free: 1029746K (97%)
ptolemy.util.test.WatchDog.cancel(): canceling Wed Jun 06 21:25:43 UTC 2018
auto.tcl: Setting watchdog for 200 seconds at Wed Jun 06 21:25:43 UTC 2018
3 ms. Memory: 1065472K Free: 1029746K (97%)
ptolemy.util.test.WatchDog.cancel(): canceling Wed Jun 06 21:25:43 UTC 2018
------------------ testing $PTII/ptolemy/domains/de/test/auto/QueueAndServer.xml
auto.tcl: Setting watchdog for 200 seconds at Wed Jun 06 21:25:43 UTC 2018
13 ms. Memory: 1065472K Free: 1039530K (98%)
ptolemy.util.test.WatchDog.cancel(): canceling Wed Jun 06 21:25:43 UTC 2018
auto.tcl: Setting watchdog for 200 seconds at Wed Jun 06 21:25:43 UTC 2018
6 ms. Memory: 1065472K Free: 1039530K (98%)
ptolemy.util.test.WatchDog.cancel(): canceling Wed Jun 06 21:25:43 UTC 2018
------------------ testing $PTII/ptolemy/domains/de/test/auto/Records.xml
auto.tcl: Setting watchdog for 200 seconds at Wed Jun 06 21:25:43 UTC 2018
3 ms. Memory: 1065472K Free: 1039470K (98%)
ptolemy.util.test.WatchDog.cancel(): canceling Wed Jun 06 21:25:43 UTC 2018
auto.tcl: Setting watchdog for 200 seconds at Wed Jun 06 21:25:43 UTC 2018
2 ms. Memory: 1065472K Free: 1039470K (98%)
ptolemy.util.test.WatchDog.cancel(): canceling Wed Jun 06 21:25:43 UTC 2018
------------------ testing $PTII/ptolemy/domains/de/test/auto/ResetTransitionWithStartTime1.xml
auto.tcl: Setting watchdog for 200 seconds at Wed Jun 06 21:25:43 UTC 2018
17 ms. Memory: 1065472K Free: 1039497K (98%)
ptolemy.util.test.WatchDog.cancel(): canceling Wed Jun 06 21:25:43 UTC 2018
auto.tcl: Setting watchdog for 200 seconds at Wed Jun 06 21:25:43 UTC 2018
5 ms. Memory: 1065472K Free: 1039497K (98%)
ptolemy.util.test.WatchDog.cancel(): canceling Wed Jun 06 21:25:43 UTC 2018
------------------ testing $PTII/ptolemy/domains/de/test/auto/ResetTransitionWithStartTime2.xml
auto.tcl: Setting watchdog for 200 seconds at Wed Jun 06 21:25:43 UTC 2018
7 ms. Memory: 1064448K Free: 1038945K (98%)
ptolemy.util.test.WatchDog.cancel(): canceling Wed Jun 06 21:25:43 UTC 2018
auto.tcl: Setting watchdog for 200 seconds at Wed Jun 06 21:25:43 UTC 2018
8 ms. Memory: 1064448K Free: 1038945K (98%)
ptolemy.util.test.WatchDog.cancel(): canceling Wed Jun 06 21:25:43 UTC 2018
------------------ testing $PTII/ptolemy/domains/de/test/auto/ResetTransitionWithStartTime3.xml
auto.tcl: Setting watchdog for 200 seconds at Wed Jun 06 21:25:43 UTC 2018
7 ms. Memory: 1064960K Free: 1038836K (98%)
ptolemy.util.test.WatchDog.cancel(): canceling Wed Jun 06 21:25:44 UTC 2018
auto.tcl: Setting watchdog for 200 seconds at Wed Jun 06 21:25:44 UTC 2018
7 ms. Memory: 1064960K Free: 1038836K (98%)
ptolemy.util.test.WatchDog.cancel(): canceling Wed Jun 06 21:25:44 UTC 2018
------------------ testing $PTII/ptolemy/domains/de/test/auto/ResetTransitionWithStartTime4.xml
auto.tcl: Setting watchdog for 200 seconds at Wed Jun 06 21:25:44 UTC 2018
4 ms. Memory: 1064960K Free: 1038834K (98%)
ptolemy.util.test.WatchDog.cancel(): canceling Wed Jun 06 21:25:44 UTC 2018
auto.tcl: Setting watchdog for 200 seconds at Wed Jun 06 21:25:44 UTC 2018
3 ms. Memory: 1064960K Free: 1038834K (98%)
ptolemy.util.test.WatchDog.cancel(): canceling Wed Jun 06 21:25:44 UTC 2018
------------------ testing $PTII/ptolemy/domains/de/test/auto/ResettableTimer1.xml
auto.tcl: Setting watchdog for 200 seconds at Wed Jun 06 21:25:44 UTC 2018
6 ms. Memory: 1064960K Free: 1038829K (98%)
ptolemy.util.test.WatchDog.cancel(): canceling Wed Jun 06 21:25:44 UTC 2018
auto.tcl: Setting watchdog for 200 seconds at Wed Jun 06 21:25:44 UTC 2018
2 ms. Memory: 1064960K Free: 1038829K (98%)
ptolemy.util.test.WatchDog.cancel(): canceling Wed Jun 06 21:25:44 UTC 2018
------------------ testing $PTII/ptolemy/domains/de/test/auto/ResettableTimer2.xml
auto.tcl: Setting watchdog for 200 seconds at Wed Jun 06 21:25:44 UTC 2018
3 ms. Memory: 1064960K Free: 1039369K (98%)
ptolemy.util.test.WatchDog.cancel(): canceling Wed Jun 06 21:25:44 UTC 2018
auto.tcl: Setting watchdog for 200 seconds at Wed Jun 06 21:25:44 UTC 2018
2 ms. Memory: 1064960K Free: 1039369K (98%)
ptolemy.util.test.WatchDog.cancel(): canceling Wed Jun 06 21:25:44 UTC 2018
------------------ testing $PTII/ptolemy/domains/de/test/auto/ResettableTimer3.xml
auto.tcl: Setting watchdog for 200 seconds at Wed Jun 06 21:25:44 UTC 2018
2 ms. Memory: 1064960K Free: 1038887K (98%)
ptolemy.util.test.WatchDog.cancel(): canceling Wed Jun 06 21:25:44 UTC 2018
auto.tcl: Setting watchdog for 200 seconds at Wed Jun 06 21:25:44 UTC 2018
1 ms. Memory: 1064960K Free: 1038887K (98%)
ptolemy.util.test.WatchDog.cancel(): canceling Wed Jun 06 21:25:44 UTC 2018
------------------ testing $PTII/ptolemy/domains/de/test/auto/ResettableTimer4.xml
auto.tcl: Setting watchdog for 200 seconds at Wed Jun 06 21:25:44 UTC 2018
2 ms. Memory: 1063936K Free: 1038357K (98%)
ptolemy.util.test.WatchDog.cancel(): canceling Wed Jun 06 21:25:44 UTC 2018
auto.tcl: Setting watchdog for 200 seconds at Wed Jun 06 21:25:44 UTC 2018
1 ms. Memory: 1063936K Free: 1038357K (98%)
ptolemy.util.test.WatchDog.cancel(): canceling Wed Jun 06 21:25:44 UTC 2018
------------------ testing $PTII/ptolemy/domains/de/test/auto/ResettableTimer5.xml
auto.tcl: Setting watchdog for 200 seconds at Wed Jun 06 21:25:44 UTC 2018
1 ms. Memory: 1064448K Free: 1029048K (97%)
ptolemy.util.test.WatchDog.cancel(): canceling Wed Jun 06 21:25:44 UTC 2018
auto.tcl: Setting watchdog for 200 seconds at Wed Jun 06 21:25:44 UTC 2018
1 ms. Memory: 1064448K Free: 1029048K (97%)
ptolemy.util.test.WatchDog.cancel(): canceling Wed Jun 06 21:25:44 UTC 2018
------------------ testing $PTII/ptolemy/domains/de/test/auto/ResettableTimer6.xml
auto.tcl: Setting watchdog for 200 seconds at Wed Jun 06 21:25:44 UTC 2018
2 ms. Memory: 1064448K Free: 1028515K (97%)
ptolemy.util.test.WatchDog.cancel(): canceling Wed Jun 06 21:25:44 UTC 2018
auto.tcl: Setting watchdog for 200 seconds at Wed Jun 06 21:25:44 UTC 2018
1 ms. Memory: 1064448K Free: 1028515K (97%)
ptolemy.util.test.WatchDog.cancel(): canceling Wed Jun 06 21:25:44 UTC 2018
------------------ testing $PTII/ptolemy/domains/de/test/auto/ServerZeroDelay.xml
auto.tcl: Setting watchdog for 200 seconds at Wed Jun 06 21:25:44 UTC 2018
4 ms. Memory: 1064448K Free: 1038807K (98%)
ptolemy.util.test.WatchDog.cancel(): canceling Wed Jun 06 21:25:44 UTC 2018
auto.tcl: Setting watchdog for 200 seconds at Wed Jun 06 21:25:44 UTC 2018
2 ms. Memory: 1064448K Free: 1038807K (98%)
ptolemy.util.test.WatchDog.cancel(): canceling Wed Jun 06 21:25:44 UTC 2018
------------------ testing $PTII/ptolemy/domains/de/test/auto/SmartSender.xml
auto.tcl: Setting watchdog for 200 seconds at Wed Jun 06 21:25:44 UTC 2018
3002 ms. Memory: 1064448K Free: 1028982K (97%)
ptolemy.util.test.WatchDog.cancel(): canceling Wed Jun 06 21:25:47 UTC 2018
auto.tcl: Setting watchdog for 200 seconds at Wed Jun 06 21:25:47 UTC 2018
3003 ms. Memory: 1064448K Free: 1028982K (97%)
ptolemy.util.test.WatchDog.cancel(): canceling Wed Jun 06 21:25:50 UTC 2018
------------------ testing $PTII/ptolemy/domains/de/test/auto/ThreadedComposite.xml
auto.tcl: Setting watchdog for 200 seconds at Wed Jun 06 21:25:50 UTC 2018
186 ms. Memory: 1064448K Free: 997658K (94%)
ptolemy.util.test.WatchDog.cancel(): canceling Wed Jun 06 21:25:50 UTC 2018
auto.tcl: Setting watchdog for 200 seconds at Wed Jun 06 21:25:50 UTC 2018
136 ms. Memory: 1064448K Free: 978018K (92%)
ptolemy.util.test.WatchDog.cancel(): canceling Wed Jun 06 21:25:50 UTC 2018
------------------ testing $PTII/ptolemy/domains/de/test/auto/Time.xml
auto.tcl: Setting watchdog for 200 seconds at Wed Jun 06 21:25:51 UTC 2018
518 ms. Memory: 1064448K Free: 988944K (93%)
ptolemy.util.test.WatchDog.cancel(): canceling Wed Jun 06 21:25:51 UTC 2018
auto.tcl: Setting watchdog for 200 seconds at Wed Jun 06 21:25:51 UTC 2018
509 ms. Memory: 1064448K Free: 932948K (88%)
ptolemy.util.test.WatchDog.cancel(): canceling Wed Jun 06 21:25:52 UTC 2018
------------------ testing $PTII/ptolemy/domains/de/test/auto/TimeDelayZeroDelay.xml
auto.tcl: Setting watchdog for 200 seconds at Wed Jun 06 21:25:52 UTC 2018
2 ms. Memory: 1064448K Free: 1038242K (98%)
ptolemy.util.test.WatchDog.cancel(): canceling Wed Jun 06 21:25:52 UTC 2018
auto.tcl: Setting watchdog for 200 seconds at Wed Jun 06 21:25:52 UTC 2018
2 ms. Memory: 1064448K Free: 1038242K (98%)
ptolemy.util.test.WatchDog.cancel(): canceling Wed Jun 06 21:25:52 UTC 2018
------------------ testing $PTII/ptolemy/domains/de/test/auto/TimerZeroDelay.xml
auto.tcl: Setting watchdog for 200 seconds at Wed Jun 06 21:25:52 UTC 2018
2 ms. Memory: 1063424K Free: 1037744K (98%)
ptolemy.util.test.WatchDog.cancel(): canceling Wed Jun 06 21:25:52 UTC 2018
auto.tcl: Setting watchdog for 200 seconds at Wed Jun 06 21:25:52 UTC 2018
2 ms. Memory: 1063424K Free: 1037744K (98%)
ptolemy.util.test.WatchDog.cancel(): canceling Wed Jun 06 21:25:52 UTC 2018
------------------ testing $PTII/ptolemy/domains/de/test/auto/TimingParadox.xml
auto.tcl: Setting watchdog for 200 seconds at Wed Jun 06 21:25:52 UTC 2018
361 ms. Memory: 1063936K Free: 974668K (92%)
ptolemy.util.test.WatchDog.cancel(): canceling Wed Jun 06 21:25:52 UTC 2018
auto.tcl: Setting watchdog for 200 seconds at Wed Jun 06 21:25:52 UTC 2018
344 ms. Memory: 1063936K Free: 941071K (88%)
ptolemy.util.test.WatchDog.cancel(): canceling Wed Jun 06 21:25:53 UTC 2018
------------------ testing $PTII/ptolemy/domains/de/test/auto/TransferInputs.xml
auto.tcl: Setting watchdog for 200 seconds at Wed Jun 06 21:25:53 UTC 2018
2 ms. Memory: 1063424K Free: 1036660K (97%)
ptolemy.util.test.WatchDog.cancel(): canceling Wed Jun 06 21:25:53 UTC 2018
auto.tcl: Setting watchdog for 200 seconds at Wed Jun 06 21:25:53 UTC 2018
2 ms. Memory: 1063424K Free: 1036660K (97%)
ptolemy.util.test.WatchDog.cancel(): canceling Wed Jun 06 21:25:53 UTC 2018
------------------ testing $PTII/ptolemy/domains/de/test/auto/TransferOutputs2.xml
auto.tcl: Setting watchdog for 200 seconds at Wed Jun 06 21:25:53 UTC 2018
3 ms. Memory: 1063936K Free: 1028458K (97%)
ptolemy.util.test.WatchDog.cancel(): canceling Wed Jun 06 21:25:53 UTC 2018
auto.tcl: Setting watchdog for 200 seconds at Wed Jun 06 21:25:53 UTC 2018
3 ms. Memory: 1063936K Free: 1028458K (97%)
ptolemy.util.test.WatchDog.cancel(): canceling Wed Jun 06 21:25:53 UTC 2018
------------------ testing $PTII/ptolemy/domains/de/test/auto/Trilateration.xml
auto.tcl: Setting watchdog for 200 seconds at Wed Jun 06 21:25:53 UTC 2018
14754 ms. Memory: 933376K Free: 761362K (82%)
ptolemy.util.test.WatchDog.cancel(): canceling Wed Jun 06 21:26:09 UTC 2018
auto.tcl: Setting watchdog for 200 seconds at Wed Jun 06 21:26:09 UTC 2018
11382 ms. Memory: 812544K Free: 488624K (60%)
ptolemy.util.test.WatchDog.cancel(): canceling Wed Jun 06 21:26:20 UTC 2018
------------------ testing $PTII/ptolemy/domains/de/test/auto/TwoSigmaDelta.xml
auto.tcl: Setting watchdog for 200 seconds at Wed Jun 06 21:26:20 UTC 2018
2632 ms. Memory: 816640K Free: 497487K (61%)
ptolemy.util.test.WatchDog.cancel(): canceling Wed Jun 06 21:26:23 UTC 2018
auto.tcl: Setting watchdog for 200 seconds at Wed Jun 06 21:26:23 UTC 2018
2093 ms. Memory: 816640K Free: 264604K (32%)
ptolemy.util.test.WatchDog.cancel(): canceling Wed Jun 06 21:26:25 UTC 2018
------------------ testing $PTII/ptolemy/domains/de/test/auto/VariableDelay.xml
auto.tcl: Setting watchdog for 200 seconds at Wed Jun 06 21:26:25 UTC 2018
2 ms. Memory: 813056K Free: 790175K (97%)
ptolemy.util.test.WatchDog.cancel(): canceling Wed Jun 06 21:26:25 UTC 2018
auto.tcl: Setting watchdog for 200 seconds at Wed Jun 06 21:26:25 UTC 2018
2 ms. Memory: 813056K Free: 790175K (97%)
ptolemy.util.test.WatchDog.cancel(): canceling Wed Jun 06 21:26:25 UTC 2018
------------------ testing $PTII/ptolemy/domains/de/test/auto/VariableDelay2.xml
auto.tcl: Setting watchdog for 200 seconds at Wed Jun 06 21:26:25 UTC 2018
1 ms. Memory: 812544K Free: 790077K (97%)
ptolemy.util.test.WatchDog.cancel(): canceling Wed Jun 06 21:26:25 UTC 2018
auto.tcl: Setting watchdog for 200 seconds at Wed Jun 06 21:26:25 UTC 2018
2 ms. Memory: 812544K Free: 790077K (97%)
ptolemy.util.test.WatchDog.cancel(): canceling Wed Jun 06 21:26:25 UTC 2018
------------------ testing $PTII/ptolemy/domains/de/test/auto/VariableDelayZeroDelay.xml
auto.tcl: Setting watchdog for 200 seconds at Wed Jun 06 21:26:25 UTC 2018
2 ms. Memory: 812544K Free: 790117K (97%)
ptolemy.util.test.WatchDog.cancel(): canceling Wed Jun 06 21:26:25 UTC 2018
auto.tcl: Setting watchdog for 200 seconds at Wed Jun 06 21:26:25 UTC 2018
2 ms. Memory: 812544K Free: 790117K (97%)
ptolemy.util.test.WatchDog.cancel(): canceling Wed Jun 06 21:26:25 UTC 2018
------------------ testing $PTII/ptolemy/domains/de/test/auto/VariableDelayZeroDelay2.xml
auto.tcl: Setting watchdog for 200 seconds at Wed Jun 06 21:26:25 UTC 2018
4 ms. Memory: 815616K Free: 793187K (97%)
ptolemy.util.test.WatchDog.cancel(): canceling Wed Jun 06 21:26:25 UTC 2018
auto.tcl: Setting watchdog for 200 seconds at Wed Jun 06 21:26:25 UTC 2018
2 ms. Memory: 815616K Free: 793187K (97%)
ptolemy.util.test.WatchDog.cancel(): canceling Wed Jun 06 21:26:25 UTC 2018
------------------ testing $PTII/ptolemy/domains/de/test/auto/deInCt.xml
auto.tcl: Setting watchdog for 200 seconds at Wed Jun 06 21:26:25 UTC 2018
0
1
1
1
1
0
0
0
1
1
1
0
0
0
1
1
1
0
0
1
1
1
0
0
0
1
1
1
0
0
0
1
1
1
0
0
0
0
1
1
1
1
10 ms. Memory: 812544K Free: 782760K (96%)
ptolemy.util.test.WatchDog.cancel(): canceling Wed Jun 06 21:26:25 UTC 2018
auto.tcl: Setting watchdog for 200 seconds at Wed Jun 06 21:26:25 UTC 2018
0
1
1
1
0
0
1
1
1
0
0
0
1
1
1
1
0
0
0
1
1
1
1
0
0
0
1
1
1
0
0
1
1
1
0
0
0
0
1
1
1
1
0
0
0
1
1
0
0
0
0
12 ms. Memory: 812544K Free: 782760K (96%)
ptolemy.util.test.WatchDog.cancel(): canceling Wed Jun 06 21:26:25 UTC 2018
------------------ testing $PTII/ptolemy/domains/de/test/auto/deInCt2.xml
auto.tcl: Setting watchdog for 200 seconds at Wed Jun 06 21:26:25 UTC 2018
0
1
1
1
0
0
1
1
1
0
0
1
1
1
0
0
1
1
1
0
0
1
1
1
0
0
1
1
1
0
0
1
1
1
0
0
1
1
1
0
0
0
9 ms. Memory: 815616K Free: 793184K (97%)
ptolemy.util.test.WatchDog.cancel(): canceling Wed Jun 06 21:26:25 UTC 2018
auto.tcl: Setting watchdog for 200 seconds at Wed Jun 06 21:26:25 UTC 2018
0
1
1
1
0
0
1
1
1
0
0
1
1
1
0
0
1
1
1
0
0
1
1
1
0
0
1
1
1
0
0
1
1
1
0
0
1
1
1
0
0
0
4 ms. Memory: 815616K Free: 793184K (97%)
ptolemy.util.test.WatchDog.cancel(): canceling Wed Jun 06 21:26:25 UTC 2018
------------------ testing $PTII/ptolemy/domains/de/test/auto/dynamicCausalityInterface1.xml
auto.tcl: Setting watchdog for 200 seconds at Wed Jun 06 21:26:25 UTC 2018
1 ms. Memory: 812544K Free: 782796K (96%)
ptolemy.util.test.WatchDog.cancel(): canceling Wed Jun 06 21:26:25 UTC 2018
auto.tcl: Setting watchdog for 200 seconds at Wed Jun 06 21:26:25 UTC 2018
1 ms. Memory: 812544K Free: 782796K (96%)
ptolemy.util.test.WatchDog.cancel(): canceling Wed Jun 06 21:26:25 UTC 2018
------------------ testing $PTII/ptolemy/domains/de/test/auto/fsm_de_test.xml
auto.tcl: Setting watchdog for 200 seconds at Wed Jun 06 21:26:25 UTC 2018
11 ms. Memory: 815104K Free: 785251K (96%)
ptolemy.util.test.WatchDog.cancel(): canceling Wed Jun 06 21:26:25 UTC 2018
auto.tcl: Setting watchdog for 200 seconds at Wed Jun 06 21:26:25 UTC 2018
4 ms. Memory: 815104K Free: 785251K (96%)
ptolemy.util.test.WatchDog.cancel(): canceling Wed Jun 06 21:26:25 UTC 2018
------------------ testing $PTII/ptolemy/domains/de/test/auto/functionDependencyReconstruction.xml
auto.tcl: Setting watchdog for 200 seconds at Wed Jun 06 21:26:26 UTC 2018
2 ms. Memory: 812544K Free: 772355K (95%)
ptolemy.util.test.WatchDog.cancel(): canceling Wed Jun 06 21:26:26 UTC 2018
auto.tcl: Setting watchdog for 200 seconds at Wed Jun 06 21:26:26 UTC 2018
3 ms. Memory: 812544K Free: 772355K (95%)
ptolemy.util.test.WatchDog.cancel(): canceling Wed Jun 06 21:26:26 UTC 2018
------------------ testing $PTII/ptolemy/domains/de/test/auto/multirate.xml
auto.tcl: Setting watchdog for 200 seconds at Wed Jun 06 21:26:26 UTC 2018
4 ms. Memory: 814592K Free: 784607K (96%)
ptolemy.util.test.WatchDog.cancel(): canceling Wed Jun 06 21:26:26 UTC 2018
auto.tcl: Setting watchdog for 200 seconds at Wed Jun 06 21:26:26 UTC 2018
3 ms. Memory: 814592K Free: 784565K (96%)
ptolemy.util.test.WatchDog.cancel(): canceling Wed Jun 06 21:26:26 UTC 2018
------------------ testing $PTII/ptolemy/domains/de/test/auto/multirate2.xml
auto.tcl: Setting watchdog for 200 seconds at Wed Jun 06 21:26:26 UTC 2018
3 ms. Memory: 812544K Free: 782747K (96%)
ptolemy.util.test.WatchDog.cancel(): canceling Wed Jun 06 21:26:26 UTC 2018
auto.tcl: Setting watchdog for 200 seconds at Wed Jun 06 21:26:26 UTC 2018
3 ms. Memory: 812544K Free: 782747K (96%)
ptolemy.util.test.WatchDog.cancel(): canceling Wed Jun 06 21:26:26 UTC 2018
------------------ testing $PTII/ptolemy/domains/de/test/auto/realtime.xml
auto.tcl: Setting watchdog for 200 seconds at Wed Jun 06 21:26:26 UTC 2018
10001 ms. Memory: 814592K Free: 784752K (96%)
ptolemy.util.test.WatchDog.cancel(): canceling Wed Jun 06 21:26:36 UTC 2018
auto.tcl: Setting watchdog for 200 seconds at Wed Jun 06 21:26:36 UTC 2018
10002 ms. Memory: 814592K Free: 784752K (96%)
ptolemy.util.test.WatchDog.cancel(): canceling Wed Jun 06 21:26:46 UTC 2018
------------------ testing $PTII/ptolemy/domains/de/test/auto/relationGroup.xml
auto.tcl: Setting watchdog for 200 seconds at Wed Jun 06 21:26:46 UTC 2018
1 ms. Memory: 812544K Free: 790083K (97%)
ptolemy.util.test.WatchDog.cancel(): canceling Wed Jun 06 21:26:46 UTC 2018
auto.tcl: Setting watchdog for 200 seconds at Wed Jun 06 21:26:46 UTC 2018
1 ms. Memory: 812544K Free: 790083K (97%)
ptolemy.util.test.WatchDog.cancel(): canceling Wed Jun 06 21:26:46 UTC 2018
------------------ testing $PTII/ptolemy/domains/de/test/auto/relationGroup2.xml
auto.tcl: Setting watchdog for 200 seconds at Wed Jun 06 21:26:46 UTC 2018
0 ms. Memory: 814080K Free: 784334K (96%)
ptolemy.util.test.WatchDog.cancel(): canceling Wed Jun 06 21:26:46 UTC 2018
auto.tcl: Setting watchdog for 200 seconds at Wed Jun 06 21:26:46 UTC 2018
1 ms. Memory: 814080K Free: 784334K (96%)
ptolemy.util.test.WatchDog.cancel(): canceling Wed Jun 06 21:26:46 UTC 2018
------------------ testing $PTII/ptolemy/domains/de/test/auto/sortWithOpaquePorts.xml
auto.tcl: Setting watchdog for 200 seconds at Wed Jun 06 21:26:46 UTC 2018
1 ms. Memory: 812544K Free: 782798K (96%)
ptolemy.util.test.WatchDog.cancel(): canceling Wed Jun 06 21:26:46 UTC 2018
auto.tcl: Setting watchdog for 200 seconds at Wed Jun 06 21:26:46 UTC 2018
1 ms. Memory: 812544K Free: 782798K (96%)
ptolemy.util.test.WatchDog.cancel(): canceling Wed Jun 06 21:26:46 UTC 2018
------------------ testing $PTII/ptolemy/domains/de/test/auto/transferInputsandOutputs.xml
auto.tcl: Setting watchdog for 200 seconds at Wed Jun 06 21:26:46 UTC 2018
2 ms. Memory: 814080K Free: 784320K (96%)
ptolemy.util.test.WatchDog.cancel(): canceling Wed Jun 06 21:26:46 UTC 2018
auto.tcl: Setting watchdog for 200 seconds at Wed Jun 06 21:26:46 UTC 2018
1 ms. Memory: 814080K Free: 784320K (96%)
ptolemy.util.test.WatchDog.cancel(): canceling Wed Jun 06 21:26:46 UTC 2018
------------------ testing $PTII/ptolemy/domains/de/test/auto/triggerType.xml
auto.tcl: Setting watchdog for 200 seconds at Wed Jun 06 21:26:46 UTC 2018
2 ms. Memory: 812544K Free: 782735K (96%)
ptolemy.util.test.WatchDog.cancel(): canceling Wed Jun 06 21:26:46 UTC 2018
auto.tcl: Setting watchdog for 200 seconds at Wed Jun 06 21:26:46 UTC 2018
1 ms. Memory: 812544K Free: 782735K (96%)
ptolemy.util.test.WatchDog.cancel(): canceling Wed Jun 06 21:26:46 UTC 2018
06/06/18 09:26:46
Failed: 0  Total Tests: 192  ((Passed: 187, Newly Passed: 1)  Known Failed: 5) /home/travis/build/icyphy/ptII/ptolemy/domains/de/test
06/06/18 09:26:46
Failed: 0  Total Tests: 192  ((Passed: 187, Newly Passed: 1)  Known Failed: 5) /home/travis/build/icyphy/ptII/ptolemy/domains/de/test
----------------- testing (KnownFailure) /home/travis/build/icyphy/ptII/ptolemy/domains/de/test/auto/knownFailedTests/DESDFClockTest.xml
2007 ms. Memory: 813568K Free: 769190K (95%)
Known Failure: java.lang.reflect.InvocationTargetException
----------------- testing (KnownFailure) /home/travis/build/icyphy/ptII/ptolemy/domains/de/test/auto/knownFailedTests/DirectFeedback.xml
1 ms. Memory: 813568K Free: 710698K (87%)
Known Failure: java.lang.reflect.InvocationTargetException
----------------- testing (KnownFailure) /home/travis/build/icyphy/ptII/ptolemy/domains/de/test/auto/knownFailedTests/FSMSource.xml
4 ms. Memory: 813568K Free: 652207K (80%)
----------------- testing (KnownFailure) /home/travis/build/icyphy/ptII/ptolemy/domains/de/test/auto/knownFailedTests/HierarchicalModel.xml
1 ms. Memory: 813568K Free: 608281K (75%)
Known Failure: java.lang.reflect.InvocationTargetException
----------------- testing (KnownFailure) /home/travis/build/icyphy/ptII/ptolemy/domains/de/test/auto/knownFailedTests/dependencyLoop.xml
1 ms. Memory: 813568K Free: 535152K (66%)
Known Failure: java.lang.reflect.InvocationTargetException
----------------- testing (KnownFailure) /home/travis/build/icyphy/ptII/ptolemy/domains/de/test/auto/knownFailedTests/dependencyLoop2.xml
2 ms. Memory: 813568K Free: 476660K (59%)
Known Failure: java.lang.reflect.InvocationTargetException
No auto/linux-amd64/*.xml tests in /home/travis/build/icyphy/ptII/ptolemy/domains/de/test
AutoTests.java: About to close Vertx.
AutoTests.java: Vertx closed.

===========================================================================================
----------------- testing Wed Jun 06 21:26:48 UTC 2018 /home/travis/build/icyphy/ptII/ptolemy/domains/de/test/auto/ActorDepthCalculation_actorWithoutPorts.xml
----------------- Instantiating /home/travis/build/icyphy/ptII/ptolemy/domains/de/test/auto/ActorDepthCalculation_actorWithoutPorts.xml
1 ms. Memory: 813568K Free: 388924K (48%)
----------------- Invoking toplevel() on ptolemy.moml.MoMLSimpleApplication@48142080
----------------- Done invoking toplevel() on ptolemy.moml.MoMLSimpleApplication@48142080
reloadAllAccessors: .ActorDepthCalculation_actorWithoutPorts

===========================================================================================
----------------- testing Wed Jun 06 21:26:48 UTC 2018 /home/travis/build/icyphy/ptII/ptolemy/domains/de/test/auto/AssemblyLine.xml
----------------- Instantiating /home/travis/build/icyphy/ptII/ptolemy/domains/de/test/auto/AssemblyLine.xml
2 ms. Memory: 813568K Free: 359678K (44%)
----------------- Invoking toplevel() on ptolemy.moml.MoMLSimpleApplication@4150e373
----------------- Done invoking toplevel() on ptolemy.moml.MoMLSimpleApplication@4150e373
reloadAllAccessors: .AssemblyLine

===========================================================================================
----------------- testing Wed Jun 06 21:26:48 UTC 2018 /home/travis/build/icyphy/ptII/ptolemy/domains/de/test/auto/CQBug1.xml
----------------- Instantiating /home/travis/build/icyphy/ptII/ptolemy/domains/de/test/auto/CQBug1.xml
1 ms. Memory: 813568K Free: 330433K (41%)
----------------- Invoking toplevel() on ptolemy.moml.MoMLSimpleApplication@29f7c5aa
----------------- Done invoking toplevel() on ptolemy.moml.MoMLSimpleApplication@29f7c5aa
reloadAllAccessors: .CQBug1

===========================================================================================
----------------- testing Wed Jun 06 21:26:48 UTC 2018 /home/travis/build/icyphy/ptII/ptolemy/domains/de/test/auto/CancelFireAt.xml
----------------- Instantiating /home/travis/build/icyphy/ptII/ptolemy/domains/de/test/auto/CancelFireAt.xml
1 ms. Memory: 813568K Free: 301187K (37%)
----------------- Invoking toplevel() on ptolemy.moml.MoMLSimpleApplication@348bcf88
----------------- Done invoking toplevel() on ptolemy.moml.MoMLSimpleApplication@348bcf88
reloadAllAccessors: .CancelFireAt

===========================================================================================
----------------- testing Wed Jun 06 21:26:48 UTC 2018 /home/travis/build/icyphy/ptII/ptolemy/domains/de/test/auto/CausalityAndComposabilityAnalysis.xml
----------------- Instantiating /home/travis/build/icyphy/ptII/ptolemy/domains/de/test/auto/CausalityAndComposabilityAnalysis.xml
1 ms. Memory: 813568K Free: 271942K (33%)
----------------- Invoking toplevel() on ptolemy.moml.MoMLSimpleApplication@2e52eb99
----------------- Done invoking toplevel() on ptolemy.moml.MoMLSimpleApplication@2e52eb99
reloadAllAccessors: .CausalityAndComposabilityAnalysis

===========================================================================================
----------------- testing Wed Jun 06 21:26:48 UTC 2018 /home/travis/build/icyphy/ptII/ptolemy/domains/de/test/auto/CausalityInterface1.xml
----------------- Instantiating /home/travis/build/icyphy/ptII/ptolemy/domains/de/test/auto/CausalityInterface1.xml
3 ms. Memory: 813568K Free: 242696K (30%)
----------------- Invoking toplevel() on ptolemy.moml.MoMLSimpleApplication@26d0f64
----------------- Done invoking toplevel() on ptolemy.moml.MoMLSimpleApplication@26d0f64
reloadAllAccessors: .CausalityInterface1

===========================================================================================
----------------- testing Wed Jun 06 21:26:48 UTC 2018 /home/travis/build/icyphy/ptII/ptolemy/domains/de/test/auto/CausalityInterface15.xml
----------------- Instantiating /home/travis/build/icyphy/ptII/ptolemy/domains/de/test/auto/CausalityInterface15.xml
1 ms. Memory: 813568K Free: 213451K (26%)
----------------- Invoking toplevel() on ptolemy.moml.MoMLSimpleApplication@47e6ccb8
[...]
java.lang.RuntimeException: Execution failed
	at ptolemy.moml.MoMLSimpleApplication$UnloadThread.run(MoMLSimpleApplication.java:402)
Caused by: ptolemy.kernel.util.IllegalActionException: Test fails in iteration 1.
Value was: 1.0. Should have been: 2.0
  in .DirectFeedback.Test
	at ptolemy.actor.lib.Test.fire(Test.java:268)
	at ptolemy.domains.de.kernel.DEDirector._fire(DEDirector.java:1948)
	at ptolemy.domains.de.kernel.DEDirector.fire(DEDirector.java:502)
	at ptolemy.actor.CompositeActor.fire(CompositeActor.java:455)
	at ptolemy.actor.Manager.iterate(Manager.java:851)
	at ptolemy.actor.Manager.execute(Manager.java:369)
	at ptolemy.actor.Manager.run(Manager.java:1263)
	at ptolemy.actor.Manager$PtolemyRunThread.run(Manager.java:1915)
java.lang.RuntimeException: Execution failed
	at ptolemy.moml.MoMLSimpleApplication$UnloadThread.run(MoMLSimpleApplication.java:402)
Caused by: ptolemy.kernel.util.IllegalActionException: Actor is not ready to fire.  Perhaps UpSample.prefire() returned false? Try debugging the actor by selecting "Listen to Actor".  Also, for SDF check moml for tokenConsumptionRate on input.
  in .DESDFClockTest.Play Bell.Copy1:SDF Director and .DESDFClockTest.Play Bell.UpSample
	at ptolemy.actor.sched.StaticSchedulingDirector.fire(StaticSchedulingDirector.java:227)
	at ptolemy.domains.sdf.kernel.SDFDirector.fire(SDFDirector.java:500)
	at ptolemy.actor.CompositeActor.fire(CompositeActor.java:455)
	at ptolemy.domains.de.kernel.DEDirector._fire(DEDirector.java:1948)
	at ptolemy.domains.de.kernel.DEDirector.fire(DEDirector.java:502)
	at ptolemy.actor.CompositeActor.fire(CompositeActor.java:455)
	at ptolemy.actor.Manager.iterate(Manager.java:851)
	at ptolemy.actor.Manager.execute(Manager.java:369)
	at ptolemy.actor.Manager.run(Manager.java:1263)
	at ptolemy.actor.Manager$PtolemyRunThread.run(Manager.java:1915)
java.lang.reflect.InvocationTargetException
	at sun.reflect.NativeConstructorAccessorImpl.newInstance0(Native Method)
	at sun.reflect.NativeConstructorAccessorImpl.newInstance(NativeConstructorAccessorImpl.java:62)
	at sun.reflect.DelegatingConstructorAccessorImpl.newInstance(DelegatingConstructorAccessorImpl.java:45)
	at java.lang.reflect.Constructor.newInstance(Constructor.java:423)
	at ptolemy.util.test.junit.AutoKnownFailedTests.RunModel(AutoKnownFailedTests.java:107)
	at sun.reflect.NativeMethodAccessorImpl.invoke0(Native Method)
	at sun.reflect.NativeMethodAccessorImpl.invoke(NativeMethodAccessorImpl.java:62)
	at sun.reflect.DelegatingMethodAccessorImpl.invoke(DelegatingMethodAccessorImpl.java:43)
	at java.lang.reflect.Method.invoke(Method.java:498)
	at org.junit.runners.model.FrameworkMethod$1.runReflectiveCall(FrameworkMethod.java:44)
	at org.junit.internal.runners.model.ReflectiveCallable.run(ReflectiveCallable.java:15)
	at org.junit.runners.model.FrameworkMethod.invokeExplosively(FrameworkMethod.java:41)
	at junitparams.internal.InvokeParameterisedMethod.evaluate(InvokeParameterisedMethod.java:102)
	at org.junit.internal.runners.statements.FailOnTimeout$1.run(FailOnTimeout.java:28)
Caused by: ptolemy.kernel.util.IllegalActionException: Actor is not ready to fire.  Perhaps UpSample.prefire() returned false? Try debugging the actor by selecting "Listen to Actor".  Also, for SDF check moml for tokenConsumptionRate on input.
  in .DESDFClockTest.Play Bell.Copy1:SDF Director and .DESDFClockTest.Play Bell.UpSample
	at ptolemy.actor.sched.StaticSchedulingDirector.fire(StaticSchedulingDirector.java:227)
	at ptolemy.domains.sdf.kernel.SDFDirector.fire(SDFDirector.java:500)
	at ptolemy.actor.CompositeActor.fire(CompositeActor.java:455)
	at ptolemy.domains.de.kernel.DEDirector._fire(DEDirector.java:1948)
	at ptolemy.domains.de.kernel.DEDirector.fire(DEDirector.java:502)
	at ptolemy.actor.CompositeActor.fire(CompositeActor.java:455)
	at ptolemy.actor.Manager.iterate(Manager.java:851)
	at ptolemy.actor.Manager.execute(Manager.java:369)
	at ptolemy.actor.Manager.run(Manager.java:1263)
	at ptolemy.actor.Manager$PtolemyRunThread.run(Manager.java:1915)
java.lang.RuntimeException: Execution failed
	at ptolemy.moml.MoMLSimpleApplication$UnloadThread.run(MoMLSimpleApplication.java:402)
Caused by: ptolemy.kernel.util.IllegalActionException: Test fails in iteration 1.
Value was: 1.0. Should have been: 2.0
  in .DirectFeedback.Test
	at ptolemy.actor.lib.Test.fire(Test.java:268)
	at ptolemy.domains.de.kernel.DEDirector._fire(DEDirector.java:1948)
	at ptolemy.domains.de.kernel.DEDirector.fire(DEDirector.java:502)
	at ptolemy.actor.CompositeActor.fire(CompositeActor.java:455)
	at ptolemy.actor.Manager.iterate(Manager.java:851)
	at ptolemy.actor.Manager.execute(Manager.java:369)
	at ptolemy.actor.Manager.run(Manager.java:1263)
	at ptolemy.actor.Manager$PtolemyRunThread.run(Manager.java:1915)
java.lang.reflect.InvocationTargetException
	at sun.reflect.NativeConstructorAccessorImpl.newInstance0(Native Method)
	at sun.reflect.NativeConstructorAccessorImpl.newInstance(NativeConstructorAccessorImpl.java:62)
	at sun.reflect.DelegatingConstructorAccessorImpl.newInstance(DelegatingConstructorAccessorImpl.java:45)
	at java.lang.reflect.Constructor.newInstance(Constructor.java:423)
	at ptolemy.util.test.junit.AutoKnownFailedTests.RunModel(AutoKnownFailedTests.java:107)
	at sun.reflect.NativeMethodAccessorImpl.invoke0(Native Method)
	at sun.reflect.NativeMethodAccessorImpl.invoke(NativeMethodAccessorImpl.java:62)
	at sun.reflect.DelegatingMethodAccessorImpl.invoke(DelegatingMethodAccessorImpl.java:43)
	at java.lang.reflect.Method.invoke(Method.java:498)
	at org.junit.runners.model.FrameworkMethod$1.runReflectiveCall(FrameworkMethod.java:44)
	at org.junit.internal.runners.model.ReflectiveCallable.run(ReflectiveCallable.java:15)
	at org.junit.runners.model.FrameworkMethod.invokeExplosively(FrameworkMethod.java:41)
	at junitparams.internal.InvokeParameterisedMethod.evaluate(InvokeParameterisedMethod.java:102)
	at org.junit.internal.runners.statements.FailOnTimeout$1.run(FailOnTimeout.java:28)
Caused by: ptolemy.kernel.util.IllegalActionException: Test fails in iteration 1.
Value was: 1.0. Should have been: 2.0
  in .DirectFeedback.Test
	at ptolemy.actor.lib.Test.fire(Test.java:268)
	at ptolemy.domains.de.kernel.DEDirector._fire(DEDirector.java:1948)
	at ptolemy.domains.de.kernel.DEDirector.fire(DEDirector.java:502)
	at ptolemy.actor.CompositeActor.fire(CompositeActor.java:455)
	at ptolemy.actor.Manager.iterate(Manager.java:851)
	at ptolemy.actor.Manager.execute(Manager.java:369)
	at ptolemy.actor.Manager.run(Manager.java:1263)
	at ptolemy.actor.Manager$PtolemyRunThread.run(Manager.java:1915)
java.lang.RuntimeException: Execution failed
	at ptolemy.moml.MoMLSimpleApplication$UnloadThread.run(MoMLSimpleApplication.java:402)
Caused by: ptolemy.kernel.util.IllegalActionException: Found a zero delay loop containing .HierarchicalModel.A
  in .HierarchicalModel and .HierarchicalModel.A
	at ptolemy.actor.util.CausalityInterfaceForComposites._computeOutputPortDepth(CausalityInterfaceForComposites.java:759)
	at ptolemy.actor.util.CausalityInterfaceForComposites._computeInputDepth(CausalityInterfaceForComposites.java:696)
	at ptolemy.actor.util.CausalityInterfaceForComposites._computeOutputPortDepth(CausalityInterfaceForComposites.java:765)
	at ptolemy.actor.util.CausalityInterfaceForComposites._computeInputDepth(CausalityInterfaceForComposites.java:696)
	at ptolemy.actor.util.CausalityInterfaceForComposites._computeOutputPortDepth(CausalityInterfaceForComposites.java:765)
	at ptolemy.actor.util.CausalityInterfaceForComposites._computeInputDepth(CausalityInterfaceForComposites.java:696)
	at ptolemy.actor.util.CausalityInterfaceForComposites._computeActorDepth(CausalityInterfaceForComposites.java:532)
	at ptolemy.actor.util.CausalityInterfaceForComposites.checkForCycles(CausalityInterfaceForComposites.java:96)
	at ptolemy.domains.de.kernel.DEDirector.preinitialize(DEDirector.java:1337)
	at ptolemy.actor.CompositeActor.preinitialize(CompositeActor.java:1828)
	at ptolemy.actor.Manager.preinitializeAndResolveTypes(Manager.java:1040)
	at ptolemy.actor.Manager.initialize(Manager.java:710)
	at ptolemy.actor.Manager.execute(Manager.java:356)
	at ptolemy.actor.Manager.run(Manager.java:1263)
	at ptolemy.actor.Manager$PtolemyRunThread.run(Manager.java:1915)
java.lang.reflect.InvocationTargetException
	at sun.reflect.NativeConstructorAccessorImpl.newInstance0(Native Method)
	at sun.reflect.NativeConstructorAccessorImpl.newInstance(NativeConstructorAccessorImpl.java:62)
	at sun.reflect.DelegatingConstructorAccessorImpl.newInstance(DelegatingConstructorAccessorImpl.java:45)
	at java.lang.reflect.Constructor.newInstance(Constructor.java:423)
	at ptolemy.util.test.junit.AutoKnownFailedTests.RunModel(AutoKnownFailedTests.java:107)
	at sun.reflect.NativeMethodAccessorImpl.invoke0(Native Method)
	at sun.reflect.NativeMethodAccessorImpl.invoke(NativeMethodAccessorImpl.java:62)
	at sun.reflect.DelegatingMethodAccessorImpl.invoke(DelegatingMethodAccessorImpl.java:43)
	at java.lang.reflect.Method.invoke(Method.java:498)
	at org.junit.runners.model.FrameworkMethod$1.runReflectiveCall(FrameworkMethod.java:44)
	at org.junit.internal.runners.model.ReflectiveCallable.run(ReflectiveCallable.java:15)
	at org.junit.runners.model.FrameworkMethod.invokeExplosively(FrameworkMethod.java:41)
	at junitparams.internal.InvokeParameterisedMethod.evaluate(InvokeParameterisedMethod.java:102)
	at org.junit.internal.runners.statements.FailOnTimeout$1.run(FailOnTimeout.java:28)
Caused by: ptolemy.kernel.util.IllegalActionException: Found a zero delay loop containing .HierarchicalModel.A
  in .HierarchicalModel and .HierarchicalModel.A
	at ptolemy.actor.util.CausalityInterfaceForComposites._computeOutputPortDepth(CausalityInterfaceForComposites.java:759)
	at ptolemy.actor.util.CausalityInterfaceForComposites._computeInputDepth(CausalityInterfaceForComposites.java:696)
	at ptolemy.actor.util.CausalityInterfaceForComposites._computeOutputPortDepth(CausalityInterfaceForComposites.java:765)
	at ptolemy.actor.util.CausalityInterfaceForComposites._computeInputDepth(CausalityInterfaceForComposites.java:696)
	at ptolemy.actor.util.CausalityInterfaceForComposites._computeOutputPortDepth(CausalityInterfaceForComposites.java:765)
	at ptolemy.actor.util.CausalityInterfaceForComposites._computeInputDepth(CausalityInterfaceForComposites.java:696)
	at ptolemy.actor.util.CausalityInterfaceForComposites._computeActorDepth(CausalityInterfaceForComposites.java:532)
	at ptolemy.actor.util.CausalityInterfaceForComposites.checkForCycles(CausalityInterfaceForComposites.java:96)
	at ptolemy.domains.de.kernel.DEDirector.preinitialize(DEDirector.java:1337)
	at ptolemy.actor.CompositeActor.preinitialize(CompositeActor.java:1828)
	at ptolemy.actor.Manager.preinitializeAndResolveTypes(Manager.java:1040)
	at ptolemy.actor.Manager.initialize(Manager.java:710)
	at ptolemy.actor.Manager.execute(Manager.java:356)
	at ptolemy.actor.Manager.run(Manager.java:1263)
	at ptolemy.actor.Manager$PtolemyRunThread.run(Manager.java:1915)
java.lang.RuntimeException: Execution failed
	at ptolemy.moml.MoMLSimpleApplication$UnloadThread.run(MoMLSimpleApplication.java:402)
Caused by: ptolemy.kernel.util.IllegalActionException: Found a zero delay loop containing .dependencyLoop.original
  in .dependencyLoop and .dependencyLoop.original
	at ptolemy.actor.util.CausalityInterfaceForComposites._computeOutputPortDepth(CausalityInterfaceForComposites.java:759)
	at ptolemy.actor.util.CausalityInterfaceForComposites._computeInputDepth(CausalityInterfaceForComposites.java:696)
	at ptolemy.actor.util.CausalityInterfaceForComposites._computeOutputPortDepth(CausalityInterfaceForComposites.java:765)
	at ptolemy.actor.util.CausalityInterfaceForComposites._computeInputDepth(CausalityInterfaceForComposites.java:696)
	at ptolemy.actor.util.CausalityInterfaceForComposites._computeOutputPortDepth(CausalityInterfaceForComposites.java:765)
	at ptolemy.actor.util.CausalityInterfaceForComposites._computeInputDepth(CausalityInterfaceForComposites.java:696)
	at ptolemy.actor.util.CausalityInterfaceForComposites._computeActorDepth(CausalityInterfaceForComposites.java:532)
	at ptolemy.actor.util.CausalityInterfaceForComposites.checkForCycles(CausalityInterfaceForComposites.java:96)
	at ptolemy.domains.de.kernel.DEDirector.preinitialize(DEDirector.java:1337)
	at ptolemy.actor.CompositeActor.preinitialize(CompositeActor.java:1828)
	at ptolemy.actor.Manager.preinitializeAndResolveTypes(Manager.java:1040)
	at ptolemy.actor.Manager.initialize(Manager.java:710)
	at ptolemy.actor.Manager.execute(Manager.java:356)
	at ptolemy.actor.Manager.run(Manager.java:1263)
	at ptolemy.actor.Manager$PtolemyRunThread.run(Manager.java:1915)
java.lang.reflect.InvocationTargetException
	at sun.reflect.NativeConstructorAccessorImpl.newInstance0(Native Method)
	at sun.reflect.NativeConstructorAccessorImpl.newInstance(NativeConstructorAccessorImpl.java:62)
	at sun.reflect.DelegatingConstructorAccessorImpl.newInstance(DelegatingConstructorAccessorImpl.java:45)
	at java.lang.reflect.Constructor.newInstance(Constructor.java:423)
	at ptolemy.util.test.junit.AutoKnownFailedTests.RunModel(AutoKnownFailedTests.java:107)
	at sun.reflect.NativeMethodAccessorImpl.invoke0(Native Method)
	at sun.reflect.NativeMethodAccessorImpl.invoke(NativeMethodAccessorImpl.java:62)
	at sun.reflect.DelegatingMethodAccessorImpl.invoke(DelegatingMethodAccessorImpl.java:43)
	at java.lang.reflect.Method.invoke(Method.java:498)
	at org.junit.runners.model.FrameworkMethod$1.runReflectiveCall(FrameworkMethod.java:44)
	at org.junit.internal.runners.model.ReflectiveCallable.run(ReflectiveCallable.java:15)
	at org.junit.runners.model.FrameworkMethod.invokeExplosively(FrameworkMethod.java:41)
	at junitparams.internal.InvokeParameterisedMethod.evaluate(InvokeParameterisedMethod.java:102)
	at org.junit.internal.runners.statements.FailOnTimeout$1.run(FailOnTimeout.java:28)
Caused by: ptolemy.kernel.util.IllegalActionException: Found a zero delay loop containing .dependencyLoop.original
  in .dependencyLoop and .dependencyLoop.original
	at ptolemy.actor.util.CausalityInterfaceForComposites._computeOutputPortDepth(CausalityInterfaceForComposites.java:759)
	at ptolemy.actor.util.CausalityInterfaceForComposites._computeInputDepth(CausalityInterfaceForComposites.java:696)
	at ptolemy.actor.util.CausalityInterfaceForComposites._computeOutputPortDepth(CausalityInterfaceForComposites.java:765)
	at ptolemy.actor.util.CausalityInterfaceForComposites._computeInputDepth(CausalityInterfaceForComposites.java:696)
	at ptolemy.actor.util.CausalityInterfaceForComposites._computeOutputPortDepth(CausalityInterfaceForComposites.java:765)
	at ptolemy.actor.util.CausalityInterfaceForComposites._computeInputDepth(CausalityInterfaceForComposites.java:696)
	at ptolemy.actor.util.CausalityInterfaceForComposites._computeActorDepth(CausalityInterfaceForComposites.java:532)
	at ptolemy.actor.util.CausalityInterfaceForComposites.checkForCycles(CausalityInterfaceForComposites.java:96)
	at ptolemy.domains.de.kernel.DEDirector.preinitialize(DEDirector.java:1337)
	at ptolemy.actor.CompositeActor.preinitialize(CompositeActor.java:1828)
	at ptolemy.actor.Manager.preinitializeAndResolveTypes(Manager.java:1040)
	at ptolemy.actor.Manager.initialize(Manager.java:710)
	at ptolemy.actor.Manager.execute(Manager.java:356)
	at ptolemy.actor.Manager.run(Manager.java:1263)
	at ptolemy.actor.Manager$PtolemyRunThread.run(Manager.java:1915)
java.lang.RuntimeException: Execution failed
	at ptolemy.moml.MoMLSimpleApplication$UnloadThread.run(MoMLSimpleApplication.java:402)
Caused by: ptolemy.kernel.util.IllegalActionException: Found a zero delay loop containing .dependencyLoop2.original
  in .dependencyLoop2 and .dependencyLoop2.original
	at ptolemy.actor.util.CausalityInterfaceForComposites._computeOutputPortDepth(CausalityInterfaceForComposites.java:759)
	at ptolemy.actor.util.CausalityInterfaceForComposites._computeInputDepth(CausalityInterfaceForComposites.java:696)
	at ptolemy.actor.util.CausalityInterfaceForComposites._computeOutputPortDepth(CausalityInterfaceForComposites.java:765)
	at ptolemy.actor.util.CausalityInterfaceForComposites._computeInputDepth(CausalityInterfaceForComposites.java:696)
	at ptolemy.actor.util.CausalityInterfaceForComposites._computeOutputPortDepth(CausalityInterfaceForComposites.java:765)
	at ptolemy.actor.util.CausalityInterfaceForComposites._computeInputDepth(CausalityInterfaceForComposites.java:696)
	at ptolemy.actor.util.CausalityInterfaceForComposites._computeActorDepth(CausalityInterfaceForComposites.java:532)
	at ptolemy.actor.util.CausalityInterfaceForComposites.checkForCycles(CausalityInterfaceForComposites.java:96)
	at ptolemy.domains.de.kernel.DEDirector.preinitialize(DEDirector.java:1337)
	at ptolemy.actor.CompositeActor.preinitialize(CompositeActor.java:1828)
	at ptolemy.actor.Manager.preinitializeAndResolveTypes(Manager.java:1040)
	at ptolemy.actor.Manager.initialize(Manager.java:710)
	at ptolemy.actor.Manager.execute(Manager.java:356)
	at ptolemy.actor.Manager.run(Manager.java:1263)
	at ptolemy.actor.Manager$PtolemyRunThread.run(Manager.java:1915)
java.lang.reflect.InvocationTargetException
	at sun.reflect.NativeConstructorAccessorImpl.newInstance0(Native Method)
	at sun.reflect.NativeConstructorAccessorImpl.newInstance(NativeConstructorAccessorImpl.java:62)
	at sun.reflect.DelegatingConstructorAccessorImpl.newInstance(DelegatingConstructorAccessorImpl.java:45)
	at java.lang.reflect.Constructor.newInstance(Constructor.java:423)
	at ptolemy.util.test.junit.AutoKnownFailedTests.RunModel(AutoKnownFailedTests.java:107)
	at sun.reflect.NativeMethodAccessorImpl.invoke0(Native Method)
	at sun.reflect.NativeMethodAccessorImpl.invoke(NativeMethodAccessorImpl.java:62)
	at sun.reflect.DelegatingMethodAccessorImpl.invoke(DelegatingMethodAccessorImpl.java:43)
	at java.lang.reflect.Method.invoke(Method.java:498)
	at org.junit.runners.model.FrameworkMethod$1.runReflectiveCall(FrameworkMethod.java:44)
	at org.junit.internal.runners.model.ReflectiveCallable.run(ReflectiveCallable.java:15)
	at org.junit.runners.model.FrameworkMethod.invokeExplosively(FrameworkMethod.java:41)
	at junitparams.internal.InvokeParameterisedMethod.evaluate(InvokeParameterisedMethod.java:102)
	at org.junit.internal.runners.statements.FailOnTimeout$1.run(FailOnTimeout.java:28)
Caused by: ptolemy.kernel.util.IllegalActionException: Found a zero delay loop containing .dependencyLoop2.original
  in .dependencyLoop2 and .dependencyLoop2.original
	at ptolemy.actor.util.CausalityInterfaceForComposites._computeOutputPortDepth(CausalityInterfaceForComposites.java:759)
	at ptolemy.actor.util.CausalityInterfaceForComposites._computeInputDepth(CausalityInterfaceForComposites.java:696)
	at ptolemy.actor.util.CausalityInterfaceForComposites._computeOutputPortDepth(CausalityInterfaceForComposites.java:765)
	at ptolemy.actor.util.CausalityInterfaceForComposites._computeInputDepth(CausalityInterfaceForComposites.java:696)
	at ptolemy.actor.util.CausalityInterfaceForComposites._computeOutputPortDepth(CausalityInterfaceForComposites.java:765)
	at ptolemy.actor.util.CausalityInterfaceForComposites._computeInputDepth(CausalityInterfaceForComposites.java:696)
	at ptolemy.actor.util.CausalityInterfaceForComposites._computeActorDepth(CausalityInterfaceForComposites.java:532)
	at ptolemy.actor.util.CausalityInterfaceForComposites.checkForCycles(CausalityInterfaceForComposites.java:96)
	at ptolemy.domains.de.kernel.DEDirector.preinitialize(DEDirector.java:1337)
	at ptolemy.actor.CompositeActor.preinitialize(CompositeActor.java:1828)
	at ptolemy.actor.Manager.preinitializeAndResolveTypes(Manager.java:1040)
	at ptolemy.actor.Manager.initialize(Manager.java:710)
	at ptolemy.actor.Manager.execute(Manager.java:356)
	at ptolemy.actor.Manager.run(Manager.java:1263)
	at ptolemy.actor.Manager$PtolemyRunThread.run(Manager.java:1915)
]]></system-err>
</testsuite>
