<?xml version="1.0" encoding="UTF-8" ?>
<testsuite errors="0" failures="0" hostname="travis-job-eba1879d-5593-4982-a1e0-350f4e1e9353" name="ptolemy.domains.de.test.junit.JUnitTclTest" skipped="0" tests="101" time="133.632" timestamp="2018-06-13T23:08:32">
  <properties>
[...]
</properties>
  <testcase classname="ptolemy.util.test.junit.TclTests" name="[0] /home/travis/build/icyphy/ptII/ptolemy/domains/de/test/DependencyLoop.tcl (RunTclFile)" time="0.843" />
  <testcase classname="ptolemy.util.test.junit.TclTests" name="[1] /home/travis/build/icyphy/ptII/ptolemy/domains/de/test/RunDETestsAsQSS.tcl (RunTclFile)" time="93.084" />
  <testcase classname="ptolemy.util.test.junit.AutoKnownFailedTests" name="[0] /home/travis/build/icyphy/ptII/ptolemy/domains/de/test/auto/knownFailedTests/DESDFClockTest.xml (RunModel)" time="2.021" />
  <testcase classname="ptolemy.util.test.junit.AutoKnownFailedTests" name="[1] /home/travis/build/icyphy/ptII/ptolemy/domains/de/test/auto/knownFailedTests/DirectFeedback.xml (RunModel)" time="0.009" />
  <testcase classname="ptolemy.util.test.junit.AutoKnownFailedTests" name="[2] /home/travis/build/icyphy/ptII/ptolemy/domains/de/test/auto/knownFailedTests/FSMSource.xml (RunModel)" time="0.023" />
  <testcase classname="ptolemy.util.test.junit.AutoKnownFailedTests" name="[3] /home/travis/build/icyphy/ptII/ptolemy/domains/de/test/auto/knownFailedTests/HierarchicalModel.xml (RunModel)" time="0.027" />
  <testcase classname="ptolemy.util.test.junit.AutoKnownFailedTests" name="[4] /home/travis/build/icyphy/ptII/ptolemy/domains/de/test/auto/knownFailedTests/dependencyLoop.xml (RunModel)" time="0.03" />
  <testcase classname="ptolemy.util.test.junit.AutoKnownFailedTests" name="[5] /home/travis/build/icyphy/ptII/ptolemy/domains/de/test/auto/knownFailedTests/dependencyLoop2.xml (RunModel)" time="0.024" />
  <testcase classname="ptolemy.util.test.junit.AutoNameArchTests" name="[0] ThereAreNoAutoArchTests (RunModel)" time="0.0" />
  <testcase classname="ptolemy.util.test.junit.AutoTests" name="[0] /home/travis/build/icyphy/ptII/ptolemy/domains/de/test/auto/ActorDepthCalculation_actorWithoutPorts.xml (RunModel)" time="0.014" />
  <testcase classname="ptolemy.util.test.junit.AutoTests" name="[1] /home/travis/build/icyphy/ptII/ptolemy/domains/de/test/auto/AssemblyLine.xml (RunModel)" time="0.011" />
  <testcase classname="ptolemy.util.test.junit.AutoTests" name="[2] /home/travis/build/icyphy/ptII/ptolemy/domains/de/test/auto/CQBug1.xml (RunModel)" time="0.005" />
  <testcase classname="ptolemy.util.test.junit.AutoTests" name="[3] /home/travis/build/icyphy/ptII/ptolemy/domains/de/test/auto/CancelFireAt.xml (RunModel)" time="0.004" />
  <testcase classname="ptolemy.util.test.junit.AutoTests" name="[4] /home/travis/build/icyphy/ptII/ptolemy/domains/de/test/auto/CausalityAndComposabilityAnalysis.xml (RunModel)" time="0.009" />
  <testcase classname="ptolemy.util.test.junit.AutoTests" name="[5] /home/travis/build/icyphy/ptII/ptolemy/domains/de/test/auto/CausalityInterface1.xml (RunModel)" time="0.009" />
  <testcase classname="ptolemy.util.test.junit.AutoTests" name="[6] /home/travis/build/icyphy/ptII/ptolemy/domains/de/test/auto/CausalityInterface15.xml (RunModel)" time="0.01" />
  <testcase classname="ptolemy.util.test.junit.AutoTests" name="[7] /home/travis/build/icyphy/ptII/ptolemy/domains/de/test/auto/CausalityInterface2.xml (RunModel)" time="0.008" />
  <testcase classname="ptolemy.util.test.junit.AutoTests" name="[8] /home/travis/build/icyphy/ptII/ptolemy/domains/de/test/auto/CausalityInterface3.xml (RunModel)" time="0.009" />
  <testcase classname="ptolemy.util.test.junit.AutoTests" name="[9] /home/travis/build/icyphy/ptII/ptolemy/domains/de/test/auto/ClockDrift.xml (RunModel)" time="0.025" />
  <testcase classname="ptolemy.util.test.junit.AutoTests" name="[10] /home/travis/build/icyphy/ptII/ptolemy/domains/de/test/auto/ClockDriftAndValueChange.xml (RunModel)" time="0.023" />
  <testcase classname="ptolemy.util.test.junit.AutoTests" name="[11] /home/travis/build/icyphy/ptII/ptolemy/domains/de/test/auto/ClockDriftChange.xml (RunModel)" time="0.022" />
  <testcase classname="ptolemy.util.test.junit.AutoTests" name="[12] /home/travis/build/icyphy/ptII/ptolemy/domains/de/test/auto/ComposableCausalityAnalysis.xml (RunModel)" time="0.015" />
  <testcase classname="ptolemy.util.test.junit.AutoTests" name="[13] /home/travis/build/icyphy/ptII/ptolemy/domains/de/test/auto/DEFixedPointLimitation.xml (RunModel)" time="0.007" />
  <testcase classname="ptolemy.util.test.junit.AutoTests" name="[14] /home/travis/build/icyphy/ptII/ptolemy/domains/de/test/auto/DEScheduleTest.xml (RunModel)" time="0.008" />
  <testcase classname="ptolemy.util.test.junit.AutoTests" name="[15] /home/travis/build/icyphy/ptII/ptolemy/domains/de/test/auto/DEinDEwithStartTimes.xml (RunModel)" time="0.01" />
  <testcase classname="ptolemy.util.test.junit.AutoTests" name="[16] /home/travis/build/icyphy/ptII/ptolemy/domains/de/test/auto/DEinDEwithStartTimes2.xml (RunModel)" time="0.011" />
  <testcase classname="ptolemy.util.test.junit.AutoTests" name="[17] /home/travis/build/icyphy/ptII/ptolemy/domains/de/test/auto/DateDemo.xml (RunModel)" time="0.02" />
  <testcase classname="ptolemy.util.test.junit.AutoTests" name="[18] /home/travis/build/icyphy/ptII/ptolemy/domains/de/test/auto/DateToEvent.xml (RunModel)" time="2.03" />
  <testcase classname="ptolemy.util.test.junit.AutoTests" name="[19] /home/travis/build/icyphy/ptII/ptolemy/domains/de/test/auto/DepthTest1.xml (RunModel)" time="0.006" />
  <testcase classname="ptolemy.util.test.junit.AutoTests" name="[20] /home/travis/build/icyphy/ptII/ptolemy/domains/de/test/auto/DepthTest2.xml (RunModel)" time="0.011" />
  <testcase classname="ptolemy.util.test.junit.AutoTests" name="[21] /home/travis/build/icyphy/ptII/ptolemy/domains/de/test/auto/DepthTest3.xml (RunModel)" time="0.006" />
  <testcase classname="ptolemy.util.test.junit.AutoTests" name="[22] /home/travis/build/icyphy/ptII/ptolemy/domains/de/test/auto/DepthTest4.xml (RunModel)" time="0.008" />
  <testcase classname="ptolemy.util.test.junit.AutoTests" name="[23] /home/travis/build/icyphy/ptII/ptolemy/domains/de/test/auto/DepthTest5.xml (RunModel)" time="0.009" />
  <testcase classname="ptolemy.util.test.junit.AutoTests" name="[24] /home/travis/build/icyphy/ptII/ptolemy/domains/de/test/auto/DepthTest6.xml (RunModel)" time="0.009" />
  <testcase classname="ptolemy.util.test.junit.AutoTests" name="[25] /home/travis/build/icyphy/ptII/ptolemy/domains/de/test/auto/DepthTest7.xml (RunModel)" time="0.009" />
  <testcase classname="ptolemy.util.test.junit.AutoTests" name="[26] /home/travis/build/icyphy/ptII/ptolemy/domains/de/test/auto/EventToDate.xml (RunModel)" time="3.025" />
  <testcase classname="ptolemy.util.test.junit.AutoTests" name="[27] /home/travis/build/icyphy/ptII/ptolemy/domains/de/test/auto/FSM1.xml (RunModel)" time="0.024" />
  <testcase classname="ptolemy.util.test.junit.AutoTests" name="[28] /home/travis/build/icyphy/ptII/ptolemy/domains/de/test/auto/FSM7.xml (RunModel)" time="0.051" />
  <testcase classname="ptolemy.util.test.junit.AutoTests" name="[29] /home/travis/build/icyphy/ptII/ptolemy/domains/de/test/auto/Inspection.xml (RunModel)" time="0.035" />
  <testcase classname="ptolemy.util.test.junit.AutoTests" name="[30] /home/travis/build/icyphy/ptII/ptolemy/domains/de/test/auto/Iteration.xml (RunModel)" time="0.019" />
  <testcase classname="ptolemy.util.test.junit.AutoTests" name="[31] /home/travis/build/icyphy/ptII/ptolemy/domains/de/test/auto/LineFault.xml (RunModel)" time="0.428" />
  <testcase classname="ptolemy.util.test.junit.AutoTests" name="[32] /home/travis/build/icyphy/ptII/ptolemy/domains/de/test/auto/MergeModel1Add.xml (RunModel)" time="0.038" />
  <testcase classname="ptolemy.util.test.junit.AutoTests" name="[33] /home/travis/build/icyphy/ptII/ptolemy/domains/de/test/auto/MergeModel2Add.xml (RunModel)" time="0.031" />
  <testcase classname="ptolemy.util.test.junit.AutoTests" name="[34] /home/travis/build/icyphy/ptII/ptolemy/domains/de/test/auto/MergeModel3Add.xml (RunModel)" time="0.026" />
  <testcase classname="ptolemy.util.test.junit.AutoTests" name="[35] /home/travis/build/icyphy/ptII/ptolemy/domains/de/test/auto/MergeWithoutDiscard.xml (RunModel)" time="0.006" />
  <testcase classname="ptolemy.util.test.junit.AutoTests" name="[36] /home/travis/build/icyphy/ptII/ptolemy/domains/de/test/auto/Modal1.xml (RunModel)" time="0.026" />
  <testcase classname="ptolemy.util.test.junit.AutoTests" name="[37] /home/travis/build/icyphy/ptII/ptolemy/domains/de/test/auto/Modal2.xml (RunModel)" time="0.023" />
  <testcase classname="ptolemy.util.test.junit.AutoTests" name="[38] /home/travis/build/icyphy/ptII/ptolemy/domains/de/test/auto/Modal3.xml (RunModel)" time="0.023" />
  <testcase classname="ptolemy.util.test.junit.AutoTests" name="[39] /home/travis/build/icyphy/ptII/ptolemy/domains/de/test/auto/Modal4.xml (RunModel)" time="0.026" />
  <testcase classname="ptolemy.util.test.junit.AutoTests" name="[40] /home/travis/build/icyphy/ptII/ptolemy/domains/de/test/auto/Modal5.xml (RunModel)" time="0.023" />
  <testcase classname="ptolemy.util.test.junit.AutoTests" name="[41] /home/travis/build/icyphy/ptII/ptolemy/domains/de/test/auto/Modal6.xml (RunModel)" time="0.02" />
  <testcase classname="ptolemy.util.test.junit.AutoTests" name="[42] /home/travis/build/icyphy/ptII/ptolemy/domains/de/test/auto/Modal7.xml (RunModel)" time="0.021" />
  <testcase classname="ptolemy.util.test.junit.AutoTests" name="[43] /home/travis/build/icyphy/ptII/ptolemy/domains/de/test/auto/ModalModel.xml (RunModel)" time="0.116" />
  <testcase classname="ptolemy.util.test.junit.AutoTests" name="[44] /home/travis/build/icyphy/ptII/ptolemy/domains/de/test/auto/ModalSource.xml (RunModel)" time="0.018" />
  <testcase classname="ptolemy.util.test.junit.AutoTests" name="[45] /home/travis/build/icyphy/ptII/ptolemy/domains/de/test/auto/NonInterruptibleTimerZeroDelay.xml (RunModel)" time="0.008" />
  <testcase classname="ptolemy.util.test.junit.AutoTests" name="[46] /home/travis/build/icyphy/ptII/ptolemy/domains/de/test/auto/OpenQueueingNetwork.xml (RunModel)" time="1.823" />
  <testcase classname="ptolemy.util.test.junit.AutoTests" name="[47] /home/travis/build/icyphy/ptII/ptolemy/domains/de/test/auto/OpenQueuingNetwork.xml (RunModel)" time="0.297" />
  <testcase classname="ptolemy.util.test.junit.AutoTests" name="[48] /home/travis/build/icyphy/ptII/ptolemy/domains/de/test/auto/PeriodicSampler.xml (RunModel)" time="0.009" />
  <testcase classname="ptolemy.util.test.junit.AutoTests" name="[49] /home/travis/build/icyphy/ptII/ptolemy/domains/de/test/auto/PersistentIO.xml (RunModel)" time="0.021" />
  <testcase classname="ptolemy.util.test.junit.AutoTests" name="[50] /home/travis/build/icyphy/ptII/ptolemy/domains/de/test/auto/PortParameterResetOnInitialize.xml (RunModel)" time="0.009" />
  <testcase classname="ptolemy.util.test.junit.AutoTests" name="[51] /home/travis/build/icyphy/ptII/ptolemy/domains/de/test/auto/PortParameterUpdates.xml (RunModel)" time="0.014" />
  <testcase classname="ptolemy.util.test.junit.AutoTests" name="[52] /home/travis/build/icyphy/ptII/ptolemy/domains/de/test/auto/QueueAndServer.xml (RunModel)" time="0.021" />
  <testcase classname="ptolemy.util.test.junit.AutoTests" name="[53] /home/travis/build/icyphy/ptII/ptolemy/domains/de/test/auto/Records.xml (RunModel)" time="0.015" />
  <testcase classname="ptolemy.util.test.junit.AutoTests" name="[54] /home/travis/build/icyphy/ptII/ptolemy/domains/de/test/auto/ResetTransitionWithStartTime1.xml (RunModel)" time="0.02" />
  <testcase classname="ptolemy.util.test.junit.AutoTests" name="[55] /home/travis/build/icyphy/ptII/ptolemy/domains/de/test/auto/ResetTransitionWithStartTime2.xml (RunModel)" time="0.021" />
  <testcase classname="ptolemy.util.test.junit.AutoTests" name="[56] /home/travis/build/icyphy/ptII/ptolemy/domains/de/test/auto/ResetTransitionWithStartTime3.xml (RunModel)" time="0.021" />
  <testcase classname="ptolemy.util.test.junit.AutoTests" name="[57] /home/travis/build/icyphy/ptII/ptolemy/domains/de/test/auto/ResetTransitionWithStartTime4.xml (RunModel)" time="0.02" />
  <testcase classname="ptolemy.util.test.junit.AutoTests" name="[58] /home/travis/build/icyphy/ptII/ptolemy/domains/de/test/auto/ResettableTimer1.xml (RunModel)" time="0.012" />
  <testcase classname="ptolemy.util.test.junit.AutoTests" name="[59] /home/travis/build/icyphy/ptII/ptolemy/domains/de/test/auto/ResettableTimer2.xml (RunModel)" time="0.011" />
  <testcase classname="ptolemy.util.test.junit.AutoTests" name="[60] /home/travis/build/icyphy/ptII/ptolemy/domains/de/test/auto/ResettableTimer3.xml (RunModel)" time="0.01" />
  <testcase classname="ptolemy.util.test.junit.AutoTests" name="[61] /home/travis/build/icyphy/ptII/ptolemy/domains/de/test/auto/ResettableTimer4.xml (RunModel)" time="0.01" />
  <testcase classname="ptolemy.util.test.junit.AutoTests" name="[62] /home/travis/build/icyphy/ptII/ptolemy/domains/de/test/auto/ResettableTimer5.xml (RunModel)" time="0.01" />
  <testcase classname="ptolemy.util.test.junit.AutoTests" name="[63] /home/travis/build/icyphy/ptII/ptolemy/domains/de/test/auto/ResettableTimer6.xml (RunModel)" time="0.012" />
  <testcase classname="ptolemy.util.test.junit.AutoTests" name="[64] /home/travis/build/icyphy/ptII/ptolemy/domains/de/test/auto/ServerZeroDelay.xml (RunModel)" time="0.011" />
  <testcase classname="ptolemy.util.test.junit.AutoTests" name="[65] /home/travis/build/icyphy/ptII/ptolemy/domains/de/test/auto/SmartSender.xml (RunModel)" time="3.011" />
  <testcase classname="ptolemy.util.test.junit.AutoTests" name="[66] /home/travis/build/icyphy/ptII/ptolemy/domains/de/test/auto/ThreadedComposite.xml (RunModel)" time="0.155" />
  <testcase classname="ptolemy.util.test.junit.AutoTests" name="[67] /home/travis/build/icyphy/ptII/ptolemy/domains/de/test/auto/Time.xml (RunModel)" time="0.458" />
  <testcase classname="ptolemy.util.test.junit.AutoTests" name="[68] /home/travis/build/icyphy/ptII/ptolemy/domains/de/test/auto/TimeDelayZeroDelay.xml (RunModel)" time="0.012" />
  <testcase classname="ptolemy.util.test.junit.AutoTests" name="[69] /home/travis/build/icyphy/ptII/ptolemy/domains/de/test/auto/TimerZeroDelay.xml (RunModel)" time="0.01" />
  <testcase classname="ptolemy.util.test.junit.AutoTests" name="[70] /home/travis/build/icyphy/ptII/ptolemy/domains/de/test/auto/TimingParadox.xml (RunModel)" time="0.389" />
  <testcase classname="ptolemy.util.test.junit.AutoTests" name="[71] /home/travis/build/icyphy/ptII/ptolemy/domains/de/test/auto/TransferInputs.xml (RunModel)" time="0.01" />
  <testcase classname="ptolemy.util.test.junit.AutoTests" name="[72] /home/travis/build/icyphy/ptII/ptolemy/domains/de/test/auto/TransferOutputs2.xml (RunModel)" time="0.017" />
  <testcase classname="ptolemy.util.test.junit.AutoTests" name="[73] /home/travis/build/icyphy/ptII/ptolemy/domains/de/test/auto/Trilateration.xml (RunModel)" time="12.076" />
  <testcase classname="ptolemy.util.test.junit.AutoTests" name="[74] /home/travis/build/icyphy/ptII/ptolemy/domains/de/test/auto/TwoSigmaDelta.xml (RunModel)" time="2.234" />
  <testcase classname="ptolemy.util.test.junit.AutoTests" name="[75] /home/travis/build/icyphy/ptII/ptolemy/domains/de/test/auto/VariableDelay.xml (RunModel)" time="0.012" />
  <testcase classname="ptolemy.util.test.junit.AutoTests" name="[76] /home/travis/build/icyphy/ptII/ptolemy/domains/de/test/auto/VariableDelay2.xml (RunModel)" time="0.014" />
  <testcase classname="ptolemy.util.test.junit.AutoTests" name="[77] /home/travis/build/icyphy/ptII/ptolemy/domains/de/test/auto/VariableDelayZeroDelay.xml (RunModel)" time="0.017" />
  <testcase classname="ptolemy.util.test.junit.AutoTests" name="[78] /home/travis/build/icyphy/ptII/ptolemy/domains/de/test/auto/VariableDelayZeroDelay2.xml (RunModel)" time="0.011" />
  <testcase classname="ptolemy.util.test.junit.AutoTests" name="[79] /home/travis/build/icyphy/ptII/ptolemy/domains/de/test/auto/deInCt.xml (RunModel)" time="0.016" />
  <testcase classname="ptolemy.util.test.junit.AutoTests" name="[80] /home/travis/build/icyphy/ptII/ptolemy/domains/de/test/auto/deInCt2.xml (RunModel)" time="0.024" />
  <testcase classname="ptolemy.util.test.junit.AutoTests" name="[81] /home/travis/build/icyphy/ptII/ptolemy/domains/de/test/auto/dynamicCausalityInterface1.xml (RunModel)" time="0.025" />
  <testcase classname="ptolemy.util.test.junit.AutoTests" name="[82] /home/travis/build/icyphy/ptII/ptolemy/domains/de/test/auto/fsm_de_test.xml (RunModel)" time="0.029" />
  <testcase classname="ptolemy.util.test.junit.AutoTests" name="[83] /home/travis/build/icyphy/ptII/ptolemy/domains/de/test/auto/functionDependencyReconstruction.xml (RunModel)" time="0.036" />
  <testcase classname="ptolemy.util.test.junit.AutoTests" name="[84] /home/travis/build/icyphy/ptII/ptolemy/domains/de/test/auto/multirate.xml (RunModel)" time="0.017" />
  <testcase classname="ptolemy.util.test.junit.AutoTests" name="[85] /home/travis/build/icyphy/ptII/ptolemy/domains/de/test/auto/multirate2.xml (RunModel)" time="0.02" />
  <testcase classname="ptolemy.util.test.junit.AutoTests" name="[86] /home/travis/build/icyphy/ptII/ptolemy/domains/de/test/auto/realtime.xml (RunModel)" time="10.012" />
  <testcase classname="ptolemy.util.test.junit.AutoTests" name="[87] /home/travis/build/icyphy/ptII/ptolemy/domains/de/test/auto/relationGroup.xml (RunModel)" time="0.012" />
  <testcase classname="ptolemy.util.test.junit.AutoTests" name="[88] /home/travis/build/icyphy/ptII/ptolemy/domains/de/test/auto/relationGroup2.xml (RunModel)" time="0.015" />
  <testcase classname="ptolemy.util.test.junit.AutoTests" name="[89] /home/travis/build/icyphy/ptII/ptolemy/domains/de/test/auto/sortWithOpaquePorts.xml (RunModel)" time="0.012" />
  <testcase classname="ptolemy.util.test.junit.AutoTests" name="[90] /home/travis/build/icyphy/ptII/ptolemy/domains/de/test/auto/transferInputsandOutputs.xml (RunModel)" time="0.015" />
  <testcase classname="ptolemy.util.test.junit.AutoTests" name="[91] /home/travis/build/icyphy/ptII/ptolemy/domains/de/test/auto/triggerType.xml (RunModel)" time="0.01" />
  <system-out><![CDATA[/home/travis/build/icyphy/ptII/ptolemy/domains/de/test/DependencyLoop.tcl
testDefs.tcl: setting time out to 9000 seconds at Wed Jun 13 23:08:32 UTC 2018
16 ms. Memory: 116224K Free: 93883K (81%)
11 ms. Memory: 146944K Free: 135482K (92%)
/home/travis/build/icyphy/ptII/ptolemy/domains/de/test/RunDETestsAsQSS.tcl
Run the DE tests using ptolemy.domains.qss.test.QSSDirectorTest, which extends QSSDirector and prints a message in the constructors.
------------------ testing $PTII/ptolemy/domains/de/test/auto/knownFailedTests/dependencyLoop.xml (Known Failure) 
8 ms. Memory: 146944K Free: 132370K (90%)


==== $PTIIhome/travis/build/icyphy/ptII/ptolemy/domains/de/test/../../../../: Auto Automatic test in file $PTII/ptolemy/domains/de/test/auto/knownFailedTests/dependencyLoop.xml
==== Contents of test case:

	    # FIXME: we should use $relativeFilename here, but it
	    # might have backslashes under Windows, which causes no end
	    # of trouble.
	    createAndExecute $file
	    list {}
	
.... Test generated KNOWN error:
    while executing
ptolemy.kernel.util.IllegalActionException: Found a zero delay loop containing .dependencyLoop.original
  in .dependencyLoop and .dependencyLoop.original
	at ptolemy.actor.util.CausalityInterfaceForComposites._computeOutputPortDepth(CausalityInterfaceForComposites.java:759)
	at ptolemy.actor.util.CausalityInterfaceForComposites._computeInputDepth(CausalityInterfaceForComposites.java:696)
	at ptolemy.actor.util.CausalityInterfaceForComposites._computeOutputPortDepth(CausalityInterfaceForComposites.java:765)
	at ptolemy.actor.util.CausalityInterfaceForComposites._computeInputDepth(CausalityInterfaceForComposites.java:696)
	at ptolemy.actor.util.CausalityInterfaceForComposites._computeOutputPortDepth(CausalityInterfaceForComposites.java:765)
	at ptolemy.actor.util.CausalityInterfaceForComposites._computeInputDepth(CausalityInterfaceForComposites.java:696)
	at ptolemy.actor.util.CausalityInterfaceForComposites._computeActorDepth(CausalityInterfaceForComposites.java:532)
	at ptolemy.actor.util.CausalityInterfaceForComposites.checkForCycles(CausalityInterfaceForComposites.java:96)
	at ptolemy.domains.de.kernel.DEDirector.preinitialize(DEDirector.java:1338)
	at ptolemy.actor.CompositeActor.preinitialize(CompositeActor.java:1828)
	at ptolemy.actor.Manager.preinitializeAndResolveTypes(Manager.java:1040)
	at ptolemy.actor.Manager.initialize(Manager.java:710)
	at ptolemy.actor.Manager.execute(Manager.java:356)
	at ptolemy.actor.Manager.run(Manager.java:1263)
	at ptolemy.actor.Manager$PtolemyRunThread.run(Manager.java:1915)

    while executing
ptolemy.kernel.util.IllegalActionException: Found a zero delay loop containing .dependencyLoop.original
  in .dependencyLoop and .dependencyLoop.original
    while executing
"java::new ptolemy.moml.MoMLSimpleApplication $file
"
    (procedure "createAndExecute" line 2)
    invoked from within
"createAndExecute $file"
    ("uplevel" body line 5)
    invoked from within
"uplevel $contents_of_test"
------------------ testing $PTII/ptolemy/domains/de/test/auto/knownFailedTests/DESDFClockTest.xml (Known Failure) 
2083 ms. Memory: 146944K Free: 116559K (79%)


==== $PTIIhome/travis/build/icyphy/ptII/ptolemy/domains/de/test/../../../../: Auto Automatic test in file $PTII/ptolemy/domains/de/test/auto/knownFailedTests/DESDFClockTest.xml
==== Contents of test case:

	    # FIXME: we should use $relativeFilename here, but it
	    # might have backslashes under Windows, which causes no end
	    # of trouble.
	    createAndExecute $file
	    list {}
	
.... Test generated KNOWN error:
    while executing
ptolemy.kernel.util.IllegalActionException: Actor is not ready to fire.  Perhaps UpSample.prefire() returned false? Try debugging the actor by selecting "Listen to Actor".  Also, for SDF check moml for tokenConsumptionRate on input.
  in .DESDFClockTest.Play Bell.Copy1:SDF Director and .DESDFClockTest.Play Bell.UpSample
	at ptolemy.actor.sched.StaticSchedulingDirector.fire(StaticSchedulingDirector.java:227)
	at ptolemy.domains.sdf.kernel.SDFDirector.fire(SDFDirector.java:500)
	at ptolemy.actor.CompositeActor.fire(CompositeActor.java:455)
	at ptolemy.domains.de.kernel.DEDirector._fire(DEDirector.java:1949)
	at ptolemy.domains.de.kernel.DEDirector.fire(DEDirector.java:502)
	at ptolemy.actor.CompositeActor.fire(CompositeActor.java:455)
	at ptolemy.actor.Manager.iterate(Manager.java:851)
	at ptolemy.actor.Manager.execute(Manager.java:369)
	at ptolemy.actor.Manager.run(Manager.java:1263)
	at ptolemy.actor.Manager$PtolemyRunThread.run(Manager.java:1915)

    while executing
ptolemy.kernel.util.IllegalActionException: Actor is not ready to fire.  Perhaps UpSample.prefire() returned false? Try debugging the actor by selecting "Listen to Actor".  Also, for SDF check moml for tokenConsumptionRate on input.
  in .DESDFClockTest.Play Bell.Copy1:SDF Director and .DESDFClockTest.Play Bell.UpSample
    while executing
"java::new ptolemy.moml.MoMLSimpleApplication $file
"
    (procedure "createAndExecute" line 2)
    invoked from within
"createAndExecute $file"
    ("uplevel" body line 5)
    invoked from within
"uplevel $contents_of_test"
------------------ testing $PTII/ptolemy/domains/de/test/auto/knownFailedTests/FSMSource.xml (Known Failure) 
52 ms. Memory: 146944K Free: 107584K (73%)
!!!! Auto was marked as failing, but now passes
------------------ testing $PTII/ptolemy/domains/de/test/auto/knownFailedTests/dependencyLoop2.xml (Known Failure) 
13 ms. Memory: 146944K Free: 105700K (72%)


==== $PTIIhome/travis/build/icyphy/ptII/ptolemy/domains/de/test/../../../../: Auto Automatic test in file $PTII/ptolemy/domains/de/test/auto/knownFailedTests/dependencyLoop2.xml
==== Contents of test case:

	    # FIXME: we should use $relativeFilename here, but it
	    # might have backslashes under Windows, which causes no end
	    # of trouble.
	    createAndExecute $file
	    list {}
	
.... Test generated KNOWN error:
    while executing
ptolemy.kernel.util.IllegalActionException: Found a zero delay loop containing .dependencyLoop2.original
  in .dependencyLoop2 and .dependencyLoop2.original
	at ptolemy.actor.util.CausalityInterfaceForComposites._computeOutputPortDepth(CausalityInterfaceForComposites.java:759)
	at ptolemy.actor.util.CausalityInterfaceForComposites._computeInputDepth(CausalityInterfaceForComposites.java:696)
	at ptolemy.actor.util.CausalityInterfaceForComposites._computeOutputPortDepth(CausalityInterfaceForComposites.java:765)
	at ptolemy.actor.util.CausalityInterfaceForComposites._computeInputDepth(CausalityInterfaceForComposites.java:696)
	at ptolemy.actor.util.CausalityInterfaceForComposites._computeOutputPortDepth(CausalityInterfaceForComposites.java:765)
	at ptolemy.actor.util.CausalityInterfaceForComposites._computeInputDepth(CausalityInterfaceForComposites.java:696)
	at ptolemy.actor.util.CausalityInterfaceForComposites._computeActorDepth(CausalityInterfaceForComposites.java:532)
	at ptolemy.actor.util.CausalityInterfaceForComposites.checkForCycles(CausalityInterfaceForComposites.java:96)
	at ptolemy.domains.de.kernel.DEDirector.preinitialize(DEDirector.java:1338)
	at ptolemy.actor.CompositeActor.preinitialize(CompositeActor.java:1828)
	at ptolemy.actor.Manager.preinitializeAndResolveTypes(Manager.java:1040)
	at ptolemy.actor.Manager.initialize(Manager.java:710)
	at ptolemy.actor.Manager.execute(Manager.java:356)
	at ptolemy.actor.Manager.run(Manager.java:1263)
	at ptolemy.actor.Manager$PtolemyRunThread.run(Manager.java:1915)

    while executing
ptolemy.kernel.util.IllegalActionException: Found a zero delay loop containing .dependencyLoop2.original
  in .dependencyLoop2 and .dependencyLoop2.original
    while executing
"java::new ptolemy.moml.MoMLSimpleApplication $file
"
    (procedure "createAndExecute" line 2)
    invoked from within
"createAndExecute $file"
    ("uplevel" body line 5)
    invoked from within
"uplevel $contents_of_test"
------------------ testing $PTII/ptolemy/domains/de/test/auto/knownFailedTests/HierarchicalModel.xml (Known Failure) 
5 ms. Memory: 146944K Free: 85192K (58%)


==== $PTIIhome/travis/build/icyphy/ptII/ptolemy/domains/de/test/../../../../: Auto Automatic test in file $PTII/ptolemy/domains/de/test/auto/knownFailedTests/HierarchicalModel.xml
==== Contents of test case:

	    # FIXME: we should use $relativeFilename here, but it
	    # might have backslashes under Windows, which causes no end
	    # of trouble.
	    createAndExecute $file
	    list {}
	
.... Test generated KNOWN error:
    while executing
ptolemy.kernel.util.IllegalActionException: Found a zero delay loop containing .HierarchicalModel.A
  in .HierarchicalModel and .HierarchicalModel.A
	at ptolemy.actor.util.CausalityInterfaceForComposites._computeOutputPortDepth(CausalityInterfaceForComposites.java:759)
	at ptolemy.actor.util.CausalityInterfaceForComposites._computeInputDepth(CausalityInterfaceForComposites.java:696)
	at ptolemy.actor.util.CausalityInterfaceForComposites._computeOutputPortDepth(CausalityInterfaceForComposites.java:765)
	at ptolemy.actor.util.CausalityInterfaceForComposites._computeInputDepth(CausalityInterfaceForComposites.java:696)
	at ptolemy.actor.util.CausalityInterfaceForComposites._computeOutputPortDepth(CausalityInterfaceForComposites.java:765)
	at ptolemy.actor.util.CausalityInterfaceForComposites._computeInputDepth(CausalityInterfaceForComposites.java:696)
	at ptolemy.actor.util.CausalityInterfaceForComposites._computeActorDepth(CausalityInterfaceForComposites.java:532)
	at ptolemy.actor.util.CausalityInterfaceForComposites.checkForCycles(CausalityInterfaceForComposites.java:96)
	at ptolemy.domains.de.kernel.DEDirector.preinitialize(DEDirector.java:1338)
	at ptolemy.actor.CompositeActor.preinitialize(CompositeActor.java:1828)
	at ptolemy.actor.Manager.preinitializeAndResolveTypes(Manager.java:1040)
	at ptolemy.actor.Manager.initialize(Manager.java:710)
	at ptolemy.actor.Manager.execute(Manager.java:356)
	at ptolemy.actor.Manager.run(Manager.java:1263)
	at ptolemy.actor.Manager$PtolemyRunThread.run(Manager.java:1915)

    while executing
ptolemy.kernel.util.IllegalActionException: Found a zero delay loop containing .HierarchicalModel.A
  in .HierarchicalModel and .HierarchicalModel.A
    while executing
"java::new ptolemy.moml.MoMLSimpleApplication $file
"
    (procedure "createAndExecute" line 2)
    invoked from within
"createAndExecute $file"
    ("uplevel" body line 5)
    invoked from within
"uplevel $contents_of_test"
------------------ testing $PTII/ptolemy/domains/de/test/auto/knownFailedTests/DirectFeedback.xml (Known Failure) 
9 ms. Memory: 146944K Free: 141378K (96%)


==== $PTIIhome/travis/build/icyphy/ptII/ptolemy/domains/de/test/../../../../: Auto Automatic test in file $PTII/ptolemy/domains/de/test/auto/knownFailedTests/DirectFeedback.xml
==== Contents of test case:

	    # FIXME: we should use $relativeFilename here, but it
	    # might have backslashes under Windows, which causes no end
	    # of trouble.
	    createAndExecute $file
	    list {}
	
.... Test generated KNOWN error:
    while executing
ptolemy.kernel.util.IllegalActionException: Test fails in iteration 1.
Value was: 1.0. Should have been: 2.0
  in .DirectFeedback.Test
	at ptolemy.actor.lib.Test.fire(Test.java:268)
	at ptolemy.domains.de.kernel.DEDirector._fire(DEDirector.java:1949)
	at ptolemy.domains.de.kernel.DEDirector.fire(DEDirector.java:502)
	at ptolemy.actor.CompositeActor.fire(CompositeActor.java:455)
	at ptolemy.actor.Manager.iterate(Manager.java:851)
	at ptolemy.actor.Manager.execute(Manager.java:369)
	at ptolemy.actor.Manager.run(Manager.java:1263)
	at ptolemy.actor.Manager$PtolemyRunThread.run(Manager.java:1915)

    while executing
ptolemy.kernel.util.IllegalActionException: Test fails in iteration 1.
Value was: 1.0. Should have been: 2.0
  in .DirectFeedback.Test
    while executing
"java::new ptolemy.moml.MoMLSimpleApplication $file
"
    (procedure "createAndExecute" line 2)
    invoked from within
"createAndExecute $file"
    ("uplevel" body line 5)
    invoked from within
"uplevel $contents_of_test"
------------------ testing $PTII/ptolemy/domains/de/test/auto/ActorDepthCalculation_actorWithoutPorts.xml
auto.tcl: Setting watchdog for 200 seconds at Wed Jun 13 23:08:35 UTC 2018
5 ms. Memory: 146944K Free: 133365K (91%)
ptolemy.util.test.WatchDog.cancel(): canceling Wed Jun 13 23:08:36 UTC 2018
auto.tcl: Setting watchdog for 200 seconds at Wed Jun 13 23:08:36 UTC 2018
6 ms. Memory: 146944K Free: 132312K (90%)
ptolemy.util.test.WatchDog.cancel(): canceling Wed Jun 13 23:08:36 UTC 2018
------------------ testing $PTII/ptolemy/domains/de/test/auto/AssemblyLine.xml
auto.tcl: Setting watchdog for 200 seconds at Wed Jun 13 23:08:36 UTC 2018
42 ms. Memory: 208384K Free: 186108K (89%)
ptolemy.util.test.WatchDog.cancel(): canceling Wed Jun 13 23:08:36 UTC 2018
auto.tcl: Setting watchdog for 200 seconds at Wed Jun 13 23:08:36 UTC 2018
7 ms. Memory: 208384K Free: 186108K (89%)
ptolemy.util.test.WatchDog.cancel(): canceling Wed Jun 13 23:08:36 UTC 2018
------------------ testing $PTII/ptolemy/domains/de/test/auto/CQBug1.xml
auto.tcl: Setting watchdog for 200 seconds at Wed Jun 13 23:08:36 UTC 2018
3 ms. Memory: 208384K Free: 197703K (95%)
ptolemy.util.test.WatchDog.cancel(): canceling Wed Jun 13 23:08:36 UTC 2018
auto.tcl: Setting watchdog for 200 seconds at Wed Jun 13 23:08:36 UTC 2018
3 ms. Memory: 208384K Free: 197703K (95%)
ptolemy.util.test.WatchDog.cancel(): canceling Wed Jun 13 23:08:36 UTC 2018
------------------ testing $PTII/ptolemy/domains/de/test/auto/CancelFireAt.xml
auto.tcl: Setting watchdog for 200 seconds at Wed Jun 13 23:08:36 UTC 2018
4 ms. Memory: 208384K Free: 199324K (96%)
ptolemy.util.test.WatchDog.cancel(): canceling Wed Jun 13 23:08:36 UTC 2018
auto.tcl: Setting watchdog for 200 seconds at Wed Jun 13 23:08:36 UTC 2018
7 ms. Memory: 208384K Free: 198986K (95%)
ptolemy.util.test.WatchDog.cancel(): canceling Wed Jun 13 23:08:36 UTC 2018
------------------ testing $PTII/ptolemy/domains/de/test/auto/CausalityAndComposabilityAnalysis.xml
auto.tcl: Setting watchdog for 200 seconds at Wed Jun 13 23:08:36 UTC 2018
18 ms. Memory: 208384K Free: 198583K (95%)
ptolemy.util.test.WatchDog.cancel(): canceling Wed Jun 13 23:08:37 UTC 2018
auto.tcl: Setting watchdog for 200 seconds at Wed Jun 13 23:08:37 UTC 2018
14 ms. Memory: 208384K Free: 196477K (94%)
ptolemy.util.test.WatchDog.cancel(): canceling Wed Jun 13 23:08:37 UTC 2018
------------------ testing $PTII/ptolemy/domains/de/test/auto/CausalityInterface1.xml
auto.tcl: Setting watchdog for 200 seconds at Wed Jun 13 23:08:37 UTC 2018
23 ms. Memory: 208384K Free: 196412K (94%)
ptolemy.util.test.WatchDog.cancel(): canceling Wed Jun 13 23:08:37 UTC 2018
auto.tcl: Setting watchdog for 200 seconds at Wed Jun 13 23:08:37 UTC 2018
4 ms. Memory: 208384K Free: 196412K (94%)
ptolemy.util.test.WatchDog.cancel(): canceling Wed Jun 13 23:08:37 UTC 2018
------------------ testing $PTII/ptolemy/domains/de/test/auto/CausalityInterface15.xml
auto.tcl: Setting watchdog for 200 seconds at Wed Jun 13 23:08:37 UTC 2018
9 ms. Memory: 208384K Free: 196401K (94%)
ptolemy.util.test.WatchDog.cancel(): canceling Wed Jun 13 23:08:37 UTC 2018
auto.tcl: Setting watchdog for 200 seconds at Wed Jun 13 23:08:37 UTC 2018
7 ms. Memory: 208384K Free: 196401K (94%)
ptolemy.util.test.WatchDog.cancel(): canceling Wed Jun 13 23:08:37 UTC 2018
------------------ testing $PTII/ptolemy/domains/de/test/auto/CausalityInterface2.xml
auto.tcl: Setting watchdog for 200 seconds at Wed Jun 13 23:08:37 UTC 2018
13 ms. Memory: 208384K Free: 196384K (94%)
ptolemy.util.test.WatchDog.cancel(): canceling Wed Jun 13 23:08:37 UTC 2018
auto.tcl: Setting watchdog for 200 seconds at Wed Jun 13 23:08:37 UTC 2018
3 ms. Memory: 208384K Free: 196384K (94%)
ptolemy.util.test.WatchDog.cancel(): canceling Wed Jun 13 23:08:37 UTC 2018
------------------ testing $PTII/ptolemy/domains/de/test/auto/CausalityInterface3.xml
auto.tcl: Setting watchdog for 200 seconds at Wed Jun 13 23:08:37 UTC 2018
11 ms. Memory: 208384K Free: 196398K (94%)
ptolemy.util.test.WatchDog.cancel(): canceling Wed Jun 13 23:08:37 UTC 2018
auto.tcl: Setting watchdog for 200 seconds at Wed Jun 13 23:08:37 UTC 2018
3 ms. Memory: 208384K Free: 196398K (94%)
ptolemy.util.test.WatchDog.cancel(): canceling Wed Jun 13 23:08:37 UTC 2018
------------------ testing $PTII/ptolemy/domains/de/test/auto/ClockDrift.xml
auto.tcl: Setting watchdog for 200 seconds at Wed Jun 13 23:08:37 UTC 2018
108 ms. Memory: 208384K Free: 187619K (90%)
ptolemy.util.test.WatchDog.cancel(): canceling Wed Jun 13 23:08:37 UTC 2018
auto.tcl: Setting watchdog for 200 seconds at Wed Jun 13 23:08:37 UTC 2018
50 ms. Memory: 208384K Free: 185515K (89%)
ptolemy.util.test.WatchDog.cancel(): canceling Wed Jun 13 23:08:37 UTC 2018
------------------ testing $PTII/ptolemy/domains/de/test/auto/ClockDriftAndValueChange.xml
auto.tcl: Setting watchdog for 200 seconds at Wed Jun 13 23:08:37 UTC 2018
29 ms. Memory: 208384K Free: 187458K (90%)
ptolemy.util.test.WatchDog.cancel(): canceling Wed Jun 13 23:08:37 UTC 2018
auto.tcl: Setting watchdog for 200 seconds at Wed Jun 13 23:08:37 UTC 2018
31 ms. Memory: 208384K Free: 185354K (89%)
ptolemy.util.test.WatchDog.cancel(): canceling Wed Jun 13 23:08:37 UTC 2018
------------------ testing $PTII/ptolemy/domains/de/test/auto/ClockDriftChange.xml
auto.tcl: Setting watchdog for 200 seconds at Wed Jun 13 23:08:37 UTC 2018
21 ms. Memory: 208384K Free: 190790K (92%)
ptolemy.util.test.WatchDog.cancel(): canceling Wed Jun 13 23:08:38 UTC 2018
auto.tcl: Setting watchdog for 200 seconds at Wed Jun 13 23:08:38 UTC 2018
24 ms. Memory: 208384K Free: 188686K (91%)
ptolemy.util.test.WatchDog.cancel(): canceling Wed Jun 13 23:08:38 UTC 2018
------------------ testing $PTII/ptolemy/domains/de/test/auto/ComposableCausalityAnalysis.xml
auto.tcl: Setting watchdog for 200 seconds at Wed Jun 13 23:08:38 UTC 2018
2 ms. Memory: 208384K Free: 196262K (94%)
ptolemy.util.test.WatchDog.cancel(): canceling Wed Jun 13 23:08:38 UTC 2018
auto.tcl: Setting watchdog for 200 seconds at Wed Jun 13 23:08:38 UTC 2018
4 ms. Memory: 208384K Free: 194158K (93%)
ptolemy.util.test.WatchDog.cancel(): canceling Wed Jun 13 23:08:38 UTC 2018
------------------ testing $PTII/ptolemy/domains/de/test/auto/DEFixedPointLimitation.xml
auto.tcl: Setting watchdog for 200 seconds at Wed Jun 13 23:08:38 UTC 2018
1 ms. Memory: 208384K Free: 198446K (95%)
ptolemy.util.test.WatchDog.cancel(): canceling Wed Jun 13 23:08:38 UTC 2018
auto.tcl: Setting watchdog for 200 seconds at Wed Jun 13 23:08:38 UTC 2018
2 ms. Memory: 208384K Free: 196343K (94%)
ptolemy.util.test.WatchDog.cancel(): canceling Wed Jun 13 23:08:38 UTC 2018
------------------ testing $PTII/ptolemy/domains/de/test/auto/DEScheduleTest.xml
auto.tcl: Setting watchdog for 200 seconds at Wed Jun 13 23:08:38 UTC 2018
3 ms. Memory: 208384K Free: 198482K (95%)
ptolemy.util.test.WatchDog.cancel(): canceling Wed Jun 13 23:08:38 UTC 2018
auto.tcl: Setting watchdog for 200 seconds at Wed Jun 13 23:08:38 UTC 2018
3 ms. Memory: 208384K Free: 196378K (94%)
ptolemy.util.test.WatchDog.cancel(): canceling Wed Jun 13 23:08:38 UTC 2018
------------------ testing $PTII/ptolemy/domains/de/test/auto/DEinDEwithStartTimes.xml
auto.tcl: Setting watchdog for 200 seconds at Wed Jun 13 23:08:38 UTC 2018
4 ms. Memory: 208384K Free: 196347K (94%)
ptolemy.util.test.WatchDog.cancel(): canceling Wed Jun 13 23:08:38 UTC 2018
auto.tcl: Setting watchdog for 200 seconds at Wed Jun 13 23:08:38 UTC 2018
5 ms. Memory: 208384K Free: 194244K (93%)
ptolemy.util.test.WatchDog.cancel(): canceling Wed Jun 13 23:08:38 UTC 2018
------------------ testing $PTII/ptolemy/domains/de/test/auto/DEinDEwithStartTimes2.xml
auto.tcl: Setting watchdog for 200 seconds at Wed Jun 13 23:08:38 UTC 2018
7 ms. Memory: 208384K Free: 196327K (94%)
ptolemy.util.test.WatchDog.cancel(): canceling Wed Jun 13 23:08:38 UTC 2018
auto.tcl: Setting watchdog for 200 seconds at Wed Jun 13 23:08:38 UTC 2018
4 ms. Memory: 208384K Free: 194223K (93%)
ptolemy.util.test.WatchDog.cancel(): canceling Wed Jun 13 23:08:38 UTC 2018
------------------ testing $PTII/ptolemy/domains/de/test/auto/DateDemo.xml
auto.tcl: Setting watchdog for 200 seconds at Wed Jun 13 23:08:38 UTC 2018
13 ms. Memory: 208384K Free: 188731K (91%)
ptolemy.util.test.WatchDog.cancel(): canceling Wed Jun 13 23:08:38 UTC 2018
auto.tcl: Setting watchdog for 200 seconds at Wed Jun 13 23:08:38 UTC 2018
7 ms. Memory: 208384K Free: 186628K (90%)
ptolemy.util.test.WatchDog.cancel(): canceling Wed Jun 13 23:08:38 UTC 2018
------------------ testing $PTII/ptolemy/domains/de/test/auto/DateToEvent.xml
auto.tcl: Setting watchdog for 200 seconds at Wed Jun 13 23:08:38 UTC 2018
2011 ms. Memory: 208384K Free: 183443K (88%)
ptolemy.util.test.WatchDog.cancel(): canceling Wed Jun 13 23:08:40 UTC 2018
auto.tcl: Setting watchdog for 200 seconds at Wed Jun 13 23:08:40 UTC 2018
2006 ms. Memory: 208384K Free: 180985K (87%)
ptolemy.util.test.WatchDog.cancel(): canceling Wed Jun 13 23:08:42 UTC 2018
------------------ testing $PTII/ptolemy/domains/de/test/auto/DepthTest1.xml
auto.tcl: Setting watchdog for 200 seconds at Wed Jun 13 23:08:42 UTC 2018
4 ms. Memory: 208384K Free: 197686K (95%)
ptolemy.util.test.WatchDog.cancel(): canceling Wed Jun 13 23:08:42 UTC 2018
auto.tcl: Setting watchdog for 200 seconds at Wed Jun 13 23:08:42 UTC 2018
1 ms. Memory: 208384K Free: 197686K (95%)
ptolemy.util.test.WatchDog.cancel(): canceling Wed Jun 13 23:08:42 UTC 2018
------------------ testing $PTII/ptolemy/domains/de/test/auto/DepthTest2.xml
auto.tcl: Setting watchdog for 200 seconds at Wed Jun 13 23:08:42 UTC 2018
4 ms. Memory: 208384K Free: 193911K (93%)
ptolemy.util.test.WatchDog.cancel(): canceling Wed Jun 13 23:08:42 UTC 2018
auto.tcl: Setting watchdog for 200 seconds at Wed Jun 13 23:08:42 UTC 2018
7 ms. Memory: 208384K Free: 193911K (93%)
ptolemy.util.test.WatchDog.cancel(): canceling Wed Jun 13 23:08:42 UTC 2018
------------------ testing $PTII/ptolemy/domains/de/test/auto/DepthTest3.xml
auto.tcl: Setting watchdog for 200 seconds at Wed Jun 13 23:08:42 UTC 2018
2 ms. Memory: 208384K Free: 198357K (95%)
ptolemy.util.test.WatchDog.cancel(): canceling Wed Jun 13 23:08:43 UTC 2018
auto.tcl: Setting watchdog for 200 seconds at Wed Jun 13 23:08:43 UTC 2018
2 ms. Memory: 208384K Free: 198357K (95%)
ptolemy.util.test.WatchDog.cancel(): canceling Wed Jun 13 23:08:43 UTC 2018
------------------ testing $PTII/ptolemy/domains/de/test/auto/DepthTest4.xml
auto.tcl: Setting watchdog for 200 seconds at Wed Jun 13 23:08:43 UTC 2018
3 ms. Memory: 208384K Free: 196004K (94%)
ptolemy.util.test.WatchDog.cancel(): canceling Wed Jun 13 23:08:43 UTC 2018
auto.tcl: Setting watchdog for 200 seconds at Wed Jun 13 23:08:43 UTC 2018
3 ms. Memory: 208384K Free: 196004K (94%)
ptolemy.util.test.WatchDog.cancel(): canceling Wed Jun 13 23:08:43 UTC 2018
------------------ testing $PTII/ptolemy/domains/de/test/auto/DepthTest5.xml
auto.tcl: Setting watchdog for 200 seconds at Wed Jun 13 23:08:43 UTC 2018
7 ms. Memory: 208384K Free: 195950K (94%)
ptolemy.util.test.WatchDog.cancel(): canceling Wed Jun 13 23:08:43 UTC 2018
auto.tcl: Setting watchdog for 200 seconds at Wed Jun 13 23:08:43 UTC 2018
3 ms. Memory: 208384K Free: 195950K (94%)
ptolemy.util.test.WatchDog.cancel(): canceling Wed Jun 13 23:08:43 UTC 2018
------------------ testing $PTII/ptolemy/domains/de/test/auto/DepthTest6.xml
auto.tcl: Setting watchdog for 200 seconds at Wed Jun 13 23:08:43 UTC 2018
11 ms. Memory: 208384K Free: 196249K (94%)
ptolemy.util.test.WatchDog.cancel(): canceling Wed Jun 13 23:08:43 UTC 2018
auto.tcl: Setting watchdog for 200 seconds at Wed Jun 13 23:08:43 UTC 2018
3 ms. Memory: 208384K Free: 196249K (94%)
ptolemy.util.test.WatchDog.cancel(): canceling Wed Jun 13 23:08:43 UTC 2018
------------------ testing $PTII/ptolemy/domains/de/test/auto/DepthTest7.xml
auto.tcl: Setting watchdog for 200 seconds at Wed Jun 13 23:08:43 UTC 2018
6 ms. Memory: 208384K Free: 195907K (94%)
ptolemy.util.test.WatchDog.cancel(): canceling Wed Jun 13 23:08:43 UTC 2018
auto.tcl: Setting watchdog for 200 seconds at Wed Jun 13 23:08:43 UTC 2018
2 ms. Memory: 208384K Free: 195907K (94%)
ptolemy.util.test.WatchDog.cancel(): canceling Wed Jun 13 23:08:43 UTC 2018
------------------ testing $PTII/ptolemy/domains/de/test/auto/EventToDate.xml
auto.tcl: Setting watchdog for 200 seconds at Wed Jun 13 23:08:43 UTC 2018
3006 ms. Memory: 208384K Free: 185411K (89%)
ptolemy.util.test.WatchDog.cancel(): canceling Wed Jun 13 23:08:46 UTC 2018
auto.tcl: Setting watchdog for 200 seconds at Wed Jun 13 23:08:46 UTC 2018
3004 ms. Memory: 208384K Free: 185411K (89%)
ptolemy.util.test.WatchDog.cancel(): canceling Wed Jun 13 23:08:49 UTC 2018
------------------ testing $PTII/ptolemy/domains/de/test/auto/FSM1.xml
auto.tcl: Setting watchdog for 200 seconds at Wed Jun 13 23:08:49 UTC 2018
38 ms. Memory: 208384K Free: 188953K (91%)
ptolemy.util.test.WatchDog.cancel(): canceling Wed Jun 13 23:08:49 UTC 2018
auto.tcl: Setting watchdog for 200 seconds at Wed Jun 13 23:08:49 UTC 2018
32 ms. Memory: 208384K Free: 184746K (89%)
ptolemy.util.test.WatchDog.cancel(): canceling Wed Jun 13 23:08:49 UTC 2018
------------------ testing $PTII/ptolemy/domains/de/test/auto/FSM7.xml
auto.tcl: Setting watchdog for 200 seconds at Wed Jun 13 23:08:49 UTC 2018
15 ms. Memory: 208384K Free: 186997K (90%)
ptolemy.util.test.WatchDog.cancel(): canceling Wed Jun 13 23:08:49 UTC 2018
auto.tcl: Setting watchdog for 200 seconds at Wed Jun 13 23:08:49 UTC 2018
15 ms. Memory: 208384K Free: 184878K (89%)
ptolemy.util.test.WatchDog.cancel(): canceling Wed Jun 13 23:08:49 UTC 2018
------------------ testing $PTII/ptolemy/domains/de/test/auto/Inspection.xml
auto.tcl: Setting watchdog for 200 seconds at Wed Jun 13 23:08:49 UTC 2018
49 ms. Memory: 208384K Free: 188548K (90%)
ptolemy.util.test.WatchDog.cancel(): canceling Wed Jun 13 23:08:49 UTC 2018
auto.tcl: Setting watchdog for 200 seconds at Wed Jun 13 23:08:49 UTC 2018
23 ms. Memory: 208384K Free: 186091K (89%)
ptolemy.util.test.WatchDog.cancel(): canceling Wed Jun 13 23:08:49 UTC 2018
------------------ testing $PTII/ptolemy/domains/de/test/auto/Iteration.xml
auto.tcl: Setting watchdog for 200 seconds at Wed Jun 13 23:08:49 UTC 2018
9 ms. Memory: 208384K Free: 193916K (93%)
ptolemy.util.test.WatchDog.cancel(): canceling Wed Jun 13 23:08:49 UTC 2018
auto.tcl: Setting watchdog for 200 seconds at Wed Jun 13 23:08:49 UTC 2018
8 ms. Memory: 208384K Free: 193916K (93%)
ptolemy.util.test.WatchDog.cancel(): canceling Wed Jun 13 23:08:49 UTC 2018
------------------ testing $PTII/ptolemy/domains/de/test/auto/LineFault.xml
auto.tcl: Setting watchdog for 200 seconds at Wed Jun 13 23:08:50 UTC 2018
865 ms. Memory: 208384K Free: 195986K (94%)
ptolemy.util.test.WatchDog.cancel(): canceling Wed Jun 13 23:08:51 UTC 2018
auto.tcl: Setting watchdog for 200 seconds at Wed Jun 13 23:08:51 UTC 2018
736 ms. Memory: 208384K Free: 138475K (66%)
ptolemy.util.test.WatchDog.cancel(): canceling Wed Jun 13 23:08:51 UTC 2018
------------------ testing $PTII/ptolemy/domains/de/test/auto/MergeModel1Add.xml
auto.tcl: Setting watchdog for 200 seconds at Wed Jun 13 23:08:51 UTC 2018
19 ms. Memory: 328704K Free: 299935K (91%)
ptolemy.util.test.WatchDog.cancel(): canceling Wed Jun 13 23:08:52 UTC 2018
auto.tcl: Setting watchdog for 200 seconds at Wed Jun 13 23:08:52 UTC 2018
13 ms. Memory: 328704K Free: 295986K (90%)
ptolemy.util.test.WatchDog.cancel(): canceling Wed Jun 13 23:08:52 UTC 2018
------------------ testing $PTII/ptolemy/domains/de/test/auto/MergeModel2Add.xml
auto.tcl: Setting watchdog for 200 seconds at Wed Jun 13 23:08:52 UTC 2018
19 ms. Memory: 329216K Free: 301802K (92%)
ptolemy.util.test.WatchDog.cancel(): canceling Wed Jun 13 23:08:52 UTC 2018
auto.tcl: Setting watchdog for 200 seconds at Wed Jun 13 23:08:52 UTC 2018
12 ms. Memory: 329216K Free: 297862K (90%)
ptolemy.util.test.WatchDog.cancel(): canceling Wed Jun 13 23:08:52 UTC 2018
------------------ testing $PTII/ptolemy/domains/de/test/auto/MergeModel3Add.xml
auto.tcl: Setting watchdog for 200 seconds at Wed Jun 13 23:08:52 UTC 2018
12 ms. Memory: 329216K Free: 301749K (92%)
ptolemy.util.test.WatchDog.cancel(): canceling Wed Jun 13 23:08:52 UTC 2018
auto.tcl: Setting watchdog for 200 seconds at Wed Jun 13 23:08:52 UTC 2018
10 ms. Memory: 329216K Free: 297784K (90%)
ptolemy.util.test.WatchDog.cancel(): canceling Wed Jun 13 23:08:52 UTC 2018
------------------ testing $PTII/ptolemy/domains/de/test/auto/MergeWithoutDiscard.xml
auto.tcl: Setting watchdog for 200 seconds at Wed Jun 13 23:08:52 UTC 2018
4 ms. Memory: 329216K Free: 313609K (95%)
ptolemy.util.test.WatchDog.cancel(): canceling Wed Jun 13 23:08:52 UTC 2018
auto.tcl: Setting watchdog for 200 seconds at Wed Jun 13 23:08:52 UTC 2018
2 ms. Memory: 329216K Free: 313609K (95%)
ptolemy.util.test.WatchDog.cancel(): canceling Wed Jun 13 23:08:52 UTC 2018
------------------ testing $PTII/ptolemy/domains/de/test/auto/Modal1.xml
auto.tcl: Setting watchdog for 200 seconds at Wed Jun 13 23:08:52 UTC 2018
20 ms. Memory: 329216K Free: 307516K (93%)
ptolemy.util.test.WatchDog.cancel(): canceling Wed Jun 13 23:08:52 UTC 2018
auto.tcl: Setting watchdog for 200 seconds at Wed Jun 13 23:08:52 UTC 2018
25 ms. Memory: 329216K Free: 303567K (92%)
ptolemy.util.test.WatchDog.cancel(): canceling Wed Jun 13 23:08:52 UTC 2018
------------------ testing $PTII/ptolemy/domains/de/test/auto/Modal2.xml
auto.tcl: Setting watchdog for 200 seconds at Wed Jun 13 23:08:52 UTC 2018
12 ms. Memory: 329216K Free: 307667K (93%)
ptolemy.util.test.WatchDog.cancel(): canceling Wed Jun 13 23:08:52 UTC 2018
auto.tcl: Setting watchdog for 200 seconds at Wed Jun 13 23:08:52 UTC 2018
13 ms. Memory: 329216K Free: 303432K (92%)
ptolemy.util.test.WatchDog.cancel(): canceling Wed Jun 13 23:08:52 UTC 2018
------------------ testing $PTII/ptolemy/domains/de/test/auto/Modal3.xml
auto.tcl: Setting watchdog for 200 seconds at Wed Jun 13 23:08:52 UTC 2018
12 ms. Memory: 328192K Free: 306633K (93%)
ptolemy.util.test.WatchDog.cancel(): canceling Wed Jun 13 23:08:52 UTC 2018
auto.tcl: Setting watchdog for 200 seconds at Wed Jun 13 23:08:52 UTC 2018
13 ms. Memory: 328192K Free: 302383K (92%)
ptolemy.util.test.WatchDog.cancel(): canceling Wed Jun 13 23:08:52 UTC 2018
------------------ testing $PTII/ptolemy/domains/de/test/auto/Modal4.xml
auto.tcl: Setting watchdog for 200 seconds at Wed Jun 13 23:08:52 UTC 2018
28 ms. Memory: 328704K Free: 301958K (92%)
ptolemy.util.test.WatchDog.cancel(): canceling Wed Jun 13 23:08:52 UTC 2018
auto.tcl: Setting watchdog for 200 seconds at Wed Jun 13 23:08:52 UTC 2018
26 ms. Memory: 328704K Free: 297993K (91%)
ptolemy.util.test.WatchDog.cancel(): canceling Wed Jun 13 23:08:52 UTC 2018
------------------ testing $PTII/ptolemy/domains/de/test/auto/Modal5.xml
auto.tcl: Setting watchdog for 200 seconds at Wed Jun 13 23:08:52 UTC 2018
18 ms. Memory: 328704K Free: 306861K (93%)
ptolemy.util.test.WatchDog.cancel(): canceling Wed Jun 13 23:08:53 UTC 2018
auto.tcl: Setting watchdog for 200 seconds at Wed Jun 13 23:08:53 UTC 2018
15 ms. Memory: 328704K Free: 302896K (92%)
ptolemy.util.test.WatchDog.cancel(): canceling Wed Jun 13 23:08:53 UTC 2018
------------------ testing $PTII/ptolemy/domains/de/test/auto/Modal6.xml
auto.tcl: Setting watchdog for 200 seconds at Wed Jun 13 23:08:53 UTC 2018
14 ms. Memory: 328704K Free: 306858K (93%)
ptolemy.util.test.WatchDog.cancel(): canceling Wed Jun 13 23:08:53 UTC 2018
auto.tcl: Setting watchdog for 200 seconds at Wed Jun 13 23:08:53 UTC 2018
15 ms. Memory: 328704K Free: 302901K (92%)
ptolemy.util.test.WatchDog.cancel(): canceling Wed Jun 13 23:08:53 UTC 2018
------------------ testing $PTII/ptolemy/domains/de/test/auto/Modal7.xml
auto.tcl: Setting watchdog for 200 seconds at Wed Jun 13 23:08:53 UTC 2018
11 ms. Memory: 328704K Free: 306850K (93%)
ptolemy.util.test.WatchDog.cancel(): canceling Wed Jun 13 23:08:53 UTC 2018
auto.tcl: Setting watchdog for 200 seconds at Wed Jun 13 23:08:53 UTC 2018
12 ms. Memory: 328704K Free: 302893K (92%)
ptolemy.util.test.WatchDog.cancel(): canceling Wed Jun 13 23:08:53 UTC 2018
------------------ testing $PTII/ptolemy/domains/de/test/auto/ModalModel.xml
auto.tcl: Setting watchdog for 200 seconds at Wed Jun 13 23:08:53 UTC 2018
213 ms. Memory: 327168K Free: 241545K (74%)
ptolemy.util.test.WatchDog.cancel(): canceling Wed Jun 13 23:08:53 UTC 2018
auto.tcl: Setting watchdog for 200 seconds at Wed Jun 13 23:08:53 UTC 2018
230 ms. Memory: 327168K Free: 186125K (57%)
ptolemy.util.test.WatchDog.cancel(): canceling Wed Jun 13 23:08:53 UTC 2018
------------------ testing $PTII/ptolemy/domains/de/test/auto/ModalSource.xml
auto.tcl: Setting watchdog for 200 seconds at Wed Jun 13 23:08:53 UTC 2018
14 ms. Memory: 327680K Free: 312653K (95%)
ptolemy.util.test.WatchDog.cancel(): canceling Wed Jun 13 23:08:53 UTC 2018
auto.tcl: Setting watchdog for 200 seconds at Wed Jun 13 23:08:53 UTC 2018
7 ms. Memory: 327680K Free: 309129K (94%)
ptolemy.util.test.WatchDog.cancel(): canceling Wed Jun 13 23:08:53 UTC 2018
------------------ testing $PTII/ptolemy/domains/de/test/auto/NonInterruptibleTimerZeroDelay.xml
auto.tcl: Setting watchdog for 200 seconds at Wed Jun 13 23:08:53 UTC 2018
5 ms. Memory: 328192K Free: 317519K (97%)
ptolemy.util.test.WatchDog.cancel(): canceling Wed Jun 13 23:08:53 UTC 2018
auto.tcl: Setting watchdog for 200 seconds at Wed Jun 13 23:08:53 UTC 2018
3 ms. Memory: 328192K Free: 314002K (96%)
ptolemy.util.test.WatchDog.cancel(): canceling Wed Jun 13 23:08:53 UTC 2018
------------------ testing $PTII/ptolemy/domains/de/test/auto/OpenQueueingNetwork.xml
auto.tcl: Setting watchdog for 200 seconds at Wed Jun 13 23:08:54 UTC 2018
3504 ms. Memory: 574464K Free: 421554K (73%)
ptolemy.util.test.WatchDog.cancel(): canceling Wed Jun 13 23:08:57 UTC 2018
auto.tcl: Setting watchdog for 200 seconds at Wed Jun 13 23:08:57 UTC 2018
2585 ms. Memory: 549888K Free: 340815K (62%)
ptolemy.util.test.WatchDog.cancel(): canceling Wed Jun 13 23:09:00 UTC 2018
------------------ testing $PTII/ptolemy/domains/de/test/auto/OpenQueuingNetwork.xml
auto.tcl: Setting watchdog for 200 seconds at Wed Jun 13 23:09:00 UTC 2018
265 ms. Memory: 549888K Free: 445068K (81%)
ptolemy.util.test.WatchDog.cancel(): canceling Wed Jun 13 23:09:00 UTC 2018
auto.tcl: Setting watchdog for 200 seconds at Wed Jun 13 23:09:00 UTC 2018
258 ms. Memory: 549888K Free: 390351K (71%)
ptolemy.util.test.WatchDog.cancel(): canceling Wed Jun 13 23:09:00 UTC 2018
------------------ testing $PTII/ptolemy/domains/de/test/auto/PeriodicSampler.xml
auto.tcl: Setting watchdog for 200 seconds at Wed Jun 13 23:09:00 UTC 2018
3 ms. Memory: 551424K Free: 531026K (96%)
ptolemy.util.test.WatchDog.cancel(): canceling Wed Jun 13 23:09:01 UTC 2018
auto.tcl: Setting watchdog for 200 seconds at Wed Jun 13 23:09:01 UTC 2018
2 ms. Memory: 551424K Free: 531026K (96%)
ptolemy.util.test.WatchDog.cancel(): canceling Wed Jun 13 23:09:01 UTC 2018
------------------ testing $PTII/ptolemy/domains/de/test/auto/PersistentIO.xml
auto.tcl: Setting watchdog for 200 seconds at Wed Jun 13 23:09:01 UTC 2018
11 ms. Memory: 549888K Free: 524831K (95%)
ptolemy.util.test.WatchDog.cancel(): canceling Wed Jun 13 23:09:01 UTC 2018
auto.tcl: Setting watchdog for 200 seconds at Wed Jun 13 23:09:01 UTC 2018
5 ms. Memory: 549888K Free: 524831K (95%)
ptolemy.util.test.WatchDog.cancel(): canceling Wed Jun 13 23:09:01 UTC 2018
------------------ testing $PTII/ptolemy/domains/de/test/auto/PortParameterResetOnInitialize.xml
auto.tcl: Setting watchdog for 200 seconds at Wed Jun 13 23:09:01 UTC 2018
3 ms. Memory: 551424K Free: 531486K (96%)
ptolemy.util.test.WatchDog.cancel(): canceling Wed Jun 13 23:09:01 UTC 2018
auto.tcl: Setting watchdog for 200 seconds at Wed Jun 13 23:09:01 UTC 2018
2 ms. Memory: 551424K Free: 531486K (96%)
ptolemy.util.test.WatchDog.cancel(): canceling Wed Jun 13 23:09:01 UTC 2018
------------------ testing $PTII/ptolemy/domains/de/test/auto/PortParameterUpdates.xml
auto.tcl: Setting watchdog for 200 seconds at Wed Jun 13 23:09:01 UTC 2018
4 ms. Memory: 549888K Free: 534997K (97%)
ptolemy.util.test.WatchDog.cancel(): canceling Wed Jun 13 23:09:01 UTC 2018
auto.tcl: Setting watchdog for 200 seconds at Wed Jun 13 23:09:01 UTC 2018
6 ms. Memory: 549888K Free: 529525K (96%)
ptolemy.util.test.WatchDog.cancel(): canceling Wed Jun 13 23:09:01 UTC 2018
------------------ testing $PTII/ptolemy/domains/de/test/auto/QueueAndServer.xml
auto.tcl: Setting watchdog for 200 seconds at Wed Jun 13 23:09:01 UTC 2018
7 ms. Memory: 550912K Free: 530512K (96%)
ptolemy.util.test.WatchDog.cancel(): canceling Wed Jun 13 23:09:01 UTC 2018
auto.tcl: Setting watchdog for 200 seconds at Wed Jun 13 23:09:01 UTC 2018
6 ms. Memory: 550912K Free: 530282K (96%)
ptolemy.util.test.WatchDog.cancel(): canceling Wed Jun 13 23:09:01 UTC 2018
------------------ testing $PTII/ptolemy/domains/de/test/auto/Records.xml
auto.tcl: Setting watchdog for 200 seconds at Wed Jun 13 23:09:01 UTC 2018
7 ms. Memory: 549888K Free: 534672K (97%)
ptolemy.util.test.WatchDog.cancel(): canceling Wed Jun 13 23:09:01 UTC 2018
auto.tcl: Setting watchdog for 200 seconds at Wed Jun 13 23:09:01 UTC 2018
2 ms. Memory: 549888K Free: 534672K (97%)
ptolemy.util.test.WatchDog.cancel(): canceling Wed Jun 13 23:09:01 UTC 2018
------------------ testing $PTII/ptolemy/domains/de/test/auto/ResetTransitionWithStartTime1.xml
auto.tcl: Setting watchdog for 200 seconds at Wed Jun 13 23:09:01 UTC 2018
15 ms. Memory: 550912K Free: 530234K (96%)
ptolemy.util.test.WatchDog.cancel(): canceling Wed Jun 13 23:09:01 UTC 2018
auto.tcl: Setting watchdog for 200 seconds at Wed Jun 13 23:09:01 UTC 2018
8 ms. Memory: 550912K Free: 530234K (96%)
ptolemy.util.test.WatchDog.cancel(): canceling Wed Jun 13 23:09:01 UTC 2018
------------------ testing $PTII/ptolemy/domains/de/test/auto/ResetTransitionWithStartTime2.xml
auto.tcl: Setting watchdog for 200 seconds at Wed Jun 13 23:09:01 UTC 2018
6 ms. Memory: 549888K Free: 529447K (96%)
ptolemy.util.test.WatchDog.cancel(): canceling Wed Jun 13 23:09:01 UTC 2018
auto.tcl: Setting watchdog for 200 seconds at Wed Jun 13 23:09:01 UTC 2018
7 ms. Memory: 549888K Free: 529447K (96%)
ptolemy.util.test.WatchDog.cancel(): canceling Wed Jun 13 23:09:01 UTC 2018
------------------ testing $PTII/ptolemy/domains/de/test/auto/ResetTransitionWithStartTime3.xml
auto.tcl: Setting watchdog for 200 seconds at Wed Jun 13 23:09:01 UTC 2018
8 ms. Memory: 550912K Free: 530240K (96%)
ptolemy.util.test.WatchDog.cancel(): canceling Wed Jun 13 23:09:01 UTC 2018
auto.tcl: Setting watchdog for 200 seconds at Wed Jun 13 23:09:01 UTC 2018
8 ms. Memory: 550912K Free: 530240K (96%)
ptolemy.util.test.WatchDog.cancel(): canceling Wed Jun 13 23:09:01 UTC 2018
------------------ testing $PTII/ptolemy/domains/de/test/auto/ResetTransitionWithStartTime4.xml
auto.tcl: Setting watchdog for 200 seconds at Wed Jun 13 23:09:01 UTC 2018
5 ms. Memory: 549888K Free: 529199K (96%)
ptolemy.util.test.WatchDog.cancel(): canceling Wed Jun 13 23:09:01 UTC 2018
auto.tcl: Setting watchdog for 200 seconds at Wed Jun 13 23:09:01 UTC 2018
4 ms. Memory: 549888K Free: 529199K (96%)
ptolemy.util.test.WatchDog.cancel(): canceling Wed Jun 13 23:09:01 UTC 2018
------------------ testing $PTII/ptolemy/domains/de/test/auto/ResettableTimer1.xml
auto.tcl: Setting watchdog for 200 seconds at Wed Jun 13 23:09:01 UTC 2018
8 ms. Memory: 550912K Free: 535706K (97%)
ptolemy.util.test.WatchDog.cancel(): canceling Wed Jun 13 23:09:01 UTC 2018
auto.tcl: Setting watchdog for 200 seconds at Wed Jun 13 23:09:01 UTC 2018
2 ms. Memory: 550912K Free: 535706K (97%)
ptolemy.util.test.WatchDog.cancel(): canceling Wed Jun 13 23:09:01 UTC 2018
------------------ testing $PTII/ptolemy/domains/de/test/auto/ResettableTimer2.xml
auto.tcl: Setting watchdog for 200 seconds at Wed Jun 13 23:09:01 UTC 2018
3 ms. Memory: 549888K Free: 534970K (97%)
ptolemy.util.test.WatchDog.cancel(): canceling Wed Jun 13 23:09:01 UTC 2018
auto.tcl: Setting watchdog for 200 seconds at Wed Jun 13 23:09:01 UTC 2018
3 ms. Memory: 549888K Free: 534970K (97%)
ptolemy.util.test.WatchDog.cancel(): canceling Wed Jun 13 23:09:01 UTC 2018
------------------ testing $PTII/ptolemy/domains/de/test/auto/ResettableTimer3.xml
auto.tcl: Setting watchdog for 200 seconds at Wed Jun 13 23:09:01 UTC 2018
2 ms. Memory: 550400K Free: 535251K (97%)
ptolemy.util.test.WatchDog.cancel(): canceling Wed Jun 13 23:09:01 UTC 2018
auto.tcl: Setting watchdog for 200 seconds at Wed Jun 13 23:09:01 UTC 2018
1 ms. Memory: 550400K Free: 535251K (97%)
ptolemy.util.test.WatchDog.cancel(): canceling Wed Jun 13 23:09:01 UTC 2018
------------------ testing $PTII/ptolemy/domains/de/test/auto/ResettableTimer4.xml
auto.tcl: Setting watchdog for 200 seconds at Wed Jun 13 23:09:01 UTC 2018
3 ms. Memory: 549888K Free: 534982K (97%)
ptolemy.util.test.WatchDog.cancel(): canceling Wed Jun 13 23:09:02 UTC 2018
auto.tcl: Setting watchdog for 200 seconds at Wed Jun 13 23:09:02 UTC 2018
1 ms. Memory: 549888K Free: 534982K (97%)
ptolemy.util.test.WatchDog.cancel(): canceling Wed Jun 13 23:09:02 UTC 2018
------------------ testing $PTII/ptolemy/domains/de/test/auto/ResettableTimer5.xml
auto.tcl: Setting watchdog for 200 seconds at Wed Jun 13 23:09:02 UTC 2018
3 ms. Memory: 550400K Free: 530808K (96%)
ptolemy.util.test.WatchDog.cancel(): canceling Wed Jun 13 23:09:02 UTC 2018
auto.tcl: Setting watchdog for 200 seconds at Wed Jun 13 23:09:02 UTC 2018
1 ms. Memory: 550400K Free: 530808K (96%)
ptolemy.util.test.WatchDog.cancel(): canceling Wed Jun 13 23:09:02 UTC 2018
------------------ testing $PTII/ptolemy/domains/de/test/auto/ResettableTimer6.xml
auto.tcl: Setting watchdog for 200 seconds at Wed Jun 13 23:09:02 UTC 2018
1 ms. Memory: 549888K Free: 530015K (96%)
ptolemy.util.test.WatchDog.cancel(): canceling Wed Jun 13 23:09:02 UTC 2018
auto.tcl: Setting watchdog for 200 seconds at Wed Jun 13 23:09:02 UTC 2018
1 ms. Memory: 549888K Free: 530015K (96%)
ptolemy.util.test.WatchDog.cancel(): canceling Wed Jun 13 23:09:02 UTC 2018
------------------ testing $PTII/ptolemy/domains/de/test/auto/ServerZeroDelay.xml
auto.tcl: Setting watchdog for 200 seconds at Wed Jun 13 23:09:02 UTC 2018
3 ms. Memory: 550400K Free: 535433K (97%)
ptolemy.util.test.WatchDog.cancel(): canceling Wed Jun 13 23:09:02 UTC 2018
auto.tcl: Setting watchdog for 200 seconds at Wed Jun 13 23:09:02 UTC 2018
3 ms. Memory: 550400K Free: 535433K (97%)
ptolemy.util.test.WatchDog.cancel(): canceling Wed Jun 13 23:09:02 UTC 2018
------------------ testing $PTII/ptolemy/domains/de/test/auto/SmartSender.xml
auto.tcl: Setting watchdog for 200 seconds at Wed Jun 13 23:09:02 UTC 2018
3002 ms. Memory: 549888K Free: 530231K (96%)
ptolemy.util.test.WatchDog.cancel(): canceling Wed Jun 13 23:09:05 UTC 2018
auto.tcl: Setting watchdog for 200 seconds at Wed Jun 13 23:09:05 UTC 2018
3002 ms. Memory: 549888K Free: 530231K (96%)
ptolemy.util.test.WatchDog.cancel(): canceling Wed Jun 13 23:09:08 UTC 2018
------------------ testing $PTII/ptolemy/domains/de/test/auto/ThreadedComposite.xml
auto.tcl: Setting watchdog for 200 seconds at Wed Jun 13 23:09:08 UTC 2018
268 ms. Memory: 550400K Free: 510182K (93%)
ptolemy.util.test.WatchDog.cancel(): canceling Wed Jun 13 23:09:08 UTC 2018
auto.tcl: Setting watchdog for 200 seconds at Wed Jun 13 23:09:08 UTC 2018
150 ms. Memory: 550400K Free: 495341K (90%)
ptolemy.util.test.WatchDog.cancel(): canceling Wed Jun 13 23:09:08 UTC 2018
------------------ testing $PTII/ptolemy/domains/de/test/auto/Time.xml
auto.tcl: Setting watchdog for 200 seconds at Wed Jun 13 23:09:08 UTC 2018
690 ms. Memory: 549888K Free: 482878K (88%)
ptolemy.util.test.WatchDog.cancel(): canceling Wed Jun 13 23:09:09 UTC 2018
auto.tcl: Setting watchdog for 200 seconds at Wed Jun 13 23:09:09 UTC 2018
671 ms. Memory: 549888K Free: 428161K (78%)
ptolemy.util.test.WatchDog.cancel(): canceling Wed Jun 13 23:09:10 UTC 2018
------------------ testing $PTII/ptolemy/domains/de/test/auto/TimeDelayZeroDelay.xml
auto.tcl: Setting watchdog for 200 seconds at Wed Jun 13 23:09:10 UTC 2018
3 ms. Memory: 550400K Free: 535120K (97%)
ptolemy.util.test.WatchDog.cancel(): canceling Wed Jun 13 23:09:10 UTC 2018
auto.tcl: Setting watchdog for 200 seconds at Wed Jun 13 23:09:10 UTC 2018
2 ms. Memory: 550400K Free: 535120K (97%)
ptolemy.util.test.WatchDog.cancel(): canceling Wed Jun 13 23:09:10 UTC 2018
------------------ testing $PTII/ptolemy/domains/de/test/auto/TimerZeroDelay.xml
auto.tcl: Setting watchdog for 200 seconds at Wed Jun 13 23:09:10 UTC 2018
3 ms. Memory: 549888K Free: 534882K (97%)
ptolemy.util.test.WatchDog.cancel(): canceling Wed Jun 13 23:09:10 UTC 2018
auto.tcl: Setting watchdog for 200 seconds at Wed Jun 13 23:09:10 UTC 2018
2 ms. Memory: 549888K Free: 534882K (97%)
ptolemy.util.test.WatchDog.cancel(): canceling Wed Jun 13 23:09:10 UTC 2018
------------------ testing $PTII/ptolemy/domains/de/test/auto/TimingParadox.xml
auto.tcl: Setting watchdog for 200 seconds at Wed Jun 13 23:09:10 UTC 2018
437 ms. Memory: 550400K Free: 469517K (85%)
ptolemy.util.test.WatchDog.cancel(): canceling Wed Jun 13 23:09:10 UTC 2018
auto.tcl: Setting watchdog for 200 seconds at Wed Jun 13 23:09:10 UTC 2018
395 ms. Memory: 550400K Free: 436687K (79%)
ptolemy.util.test.WatchDog.cancel(): canceling Wed Jun 13 23:09:11 UTC 2018
------------------ testing $PTII/ptolemy/domains/de/test/auto/TransferInputs.xml
auto.tcl: Setting watchdog for 200 seconds at Wed Jun 13 23:09:11 UTC 2018
2 ms. Memory: 550400K Free: 534298K (97%)
ptolemy.util.test.WatchDog.cancel(): canceling Wed Jun 13 23:09:11 UTC 2018
auto.tcl: Setting watchdog for 200 seconds at Wed Jun 13 23:09:11 UTC 2018
2 ms. Memory: 550400K Free: 534298K (97%)
ptolemy.util.test.WatchDog.cancel(): canceling Wed Jun 13 23:09:11 UTC 2018
------------------ testing $PTII/ptolemy/domains/de/test/auto/TransferOutputs2.xml
auto.tcl: Setting watchdog for 200 seconds at Wed Jun 13 23:09:11 UTC 2018
3 ms. Memory: 549888K Free: 524716K (95%)
ptolemy.util.test.WatchDog.cancel(): canceling Wed Jun 13 23:09:11 UTC 2018
auto.tcl: Setting watchdog for 200 seconds at Wed Jun 13 23:09:11 UTC 2018
4 ms. Memory: 549888K Free: 524716K (95%)
ptolemy.util.test.WatchDog.cancel(): canceling Wed Jun 13 23:09:11 UTC 2018
------------------ testing $PTII/ptolemy/domains/de/test/auto/Trilateration.xml
auto.tcl: Setting watchdog for 200 seconds at Wed Jun 13 23:09:11 UTC 2018
15688 ms. Memory: 761856K Free: 214787K (28%)
ptolemy.util.test.WatchDog.cancel(): canceling Wed Jun 13 23:09:28 UTC 2018
auto.tcl: Setting watchdog for 200 seconds at Wed Jun 13 23:09:28 UTC 2018
10887 ms. Memory: 619520K Free: 582401K (94%)
ptolemy.util.test.WatchDog.cancel(): canceling Wed Jun 13 23:09:39 UTC 2018
------------------ testing $PTII/ptolemy/domains/de/test/auto/TwoSigmaDelta.xml
auto.tcl: Setting watchdog for 200 seconds at Wed Jun 13 23:09:39 UTC 2018
3337 ms. Memory: 615936K Free: 302421K (49%)
ptolemy.util.test.WatchDog.cancel(): canceling Wed Jun 13 23:09:42 UTC 2018
auto.tcl: Setting watchdog for 200 seconds at Wed Jun 13 23:09:42 UTC 2018
2077 ms. Memory: 615936K Free: 77975K (13%)
ptolemy.util.test.WatchDog.cancel(): canceling Wed Jun 13 23:09:45 UTC 2018
------------------ testing $PTII/ptolemy/domains/de/test/auto/VariableDelay.xml
auto.tcl: Setting watchdog for 200 seconds at Wed Jun 13 23:09:45 UTC 2018
7 ms. Memory: 619008K Free: 594801K (96%)
ptolemy.util.test.WatchDog.cancel(): canceling Wed Jun 13 23:09:45 UTC 2018
auto.tcl: Setting watchdog for 200 seconds at Wed Jun 13 23:09:45 UTC 2018
1 ms. Memory: 619008K Free: 594801K (96%)
ptolemy.util.test.WatchDog.cancel(): canceling Wed Jun 13 23:09:45 UTC 2018
------------------ testing $PTII/ptolemy/domains/de/test/auto/VariableDelay2.xml
auto.tcl: Setting watchdog for 200 seconds at Wed Jun 13 23:09:45 UTC 2018
6 ms. Memory: 615936K Free: 597517K (97%)
ptolemy.util.test.WatchDog.cancel(): canceling Wed Jun 13 23:09:45 UTC 2018
auto.tcl: Setting watchdog for 200 seconds at Wed Jun 13 23:09:45 UTC 2018
3 ms. Memory: 615936K Free: 597517K (97%)
ptolemy.util.test.WatchDog.cancel(): canceling Wed Jun 13 23:09:45 UTC 2018
------------------ testing $PTII/ptolemy/domains/de/test/auto/VariableDelayZeroDelay.xml
auto.tcl: Setting watchdog for 200 seconds at Wed Jun 13 23:09:45 UTC 2018
3 ms. Memory: 618496K Free: 594730K (96%)
ptolemy.util.test.WatchDog.cancel(): canceling Wed Jun 13 23:09:45 UTC 2018
auto.tcl: Setting watchdog for 200 seconds at Wed Jun 13 23:09:45 UTC 2018
2 ms. Memory: 618496K Free: 594730K (96%)
ptolemy.util.test.WatchDog.cancel(): canceling Wed Jun 13 23:09:45 UTC 2018
------------------ testing $PTII/ptolemy/domains/de/test/auto/VariableDelayZeroDelay2.xml
auto.tcl: Setting watchdog for 200 seconds at Wed Jun 13 23:09:45 UTC 2018
2 ms. Memory: 615936K Free: 592169K (96%)
ptolemy.util.test.WatchDog.cancel(): canceling Wed Jun 13 23:09:45 UTC 2018
auto.tcl: Setting watchdog for 200 seconds at Wed Jun 13 23:09:45 UTC 2018
3 ms. Memory: 615936K Free: 592169K (96%)
ptolemy.util.test.WatchDog.cancel(): canceling Wed Jun 13 23:09:45 UTC 2018
------------------ testing $PTII/ptolemy/domains/de/test/auto/deInCt.xml
auto.tcl: Setting watchdog for 200 seconds at Wed Jun 13 23:09:45 UTC 2018
0
1
1
1
1
1
0
0
0
0
1
1
1
0
0
0
1
1
1
1
0
0
0
1
1
1
0
0
1
1
1
0
0
0
1
1
1
0
0
0
0
27 ms. Memory: 618496K Free: 594696K (96%)
ptolemy.util.test.WatchDog.cancel(): canceling Wed Jun 13 23:09:45 UTC 2018
auto.tcl: Setting watchdog for 200 seconds at Wed Jun 13 23:09:45 UTC 2018
0
1
1
1
1
0
0
0
1
1
1
1
1
0
0
0
1
1
1
0
0
0
1
1
1
1
1
0
0
0
1
1
1
0
0
1
1
1
0
0
1
1
1
1
12 ms. Memory: 618496K Free: 594696K (96%)
ptolemy.util.test.WatchDog.cancel(): canceling Wed Jun 13 23:09:45 UTC 2018
------------------ testing $PTII/ptolemy/domains/de/test/auto/deInCt2.xml
auto.tcl: Setting watchdog for 200 seconds at Wed Jun 13 23:09:45 UTC 2018
0
1
1
1
0
0
1
1
1
0
0
1
1
1
0
0
1
1
1
0
0
1
1
1
0
0
1
1
1
0
0
1
1
1
0
0
1
1
1
0
0
0
26 ms. Memory: 615936K Free: 592136K (96%)
ptolemy.util.test.WatchDog.cancel(): canceling Wed Jun 13 23:09:45 UTC 2018
auto.tcl: Setting watchdog for 200 seconds at Wed Jun 13 23:09:45 UTC 2018
0
1
1
1
0
0
1
1
1
0
0
1
1
1
0
0
1
1
1
0
0
1
1
1
0
0
1
1
1
0
0
1
1
1
0
0
1
1
1
0
0
0
7 ms. Memory: 615936K Free: 592136K (96%)
ptolemy.util.test.WatchDog.cancel(): canceling Wed Jun 13 23:09:45 UTC 2018
------------------ testing $PTII/ptolemy/domains/de/test/auto/dynamicCausalityInterface1.xml
auto.tcl: Setting watchdog for 200 seconds at Wed Jun 13 23:09:45 UTC 2018
4 ms. Memory: 617984K Free: 591444K (96%)
ptolemy.util.test.WatchDog.cancel(): canceling Wed Jun 13 23:09:45 UTC 2018
auto.tcl: Setting watchdog for 200 seconds at Wed Jun 13 23:09:45 UTC 2018
1 ms. Memory: 617984K Free: 591444K (96%)
ptolemy.util.test.WatchDog.cancel(): canceling Wed Jun 13 23:09:45 UTC 2018
------------------ testing $PTII/ptolemy/domains/de/test/auto/fsm_de_test.xml
auto.tcl: Setting watchdog for 200 seconds at Wed Jun 13 23:09:45 UTC 2018
13 ms. Memory: 615936K Free: 583945K (95%)
ptolemy.util.test.WatchDog.cancel(): canceling Wed Jun 13 23:09:45 UTC 2018
auto.tcl: Setting watchdog for 200 seconds at Wed Jun 13 23:09:45 UTC 2018
7 ms. Memory: 615936K Free: 583945K (95%)
ptolemy.util.test.WatchDog.cancel(): canceling Wed Jun 13 23:09:45 UTC 2018
------------------ testing $PTII/ptolemy/domains/de/test/auto/functionDependencyReconstruction.xml
auto.tcl: Setting watchdog for 200 seconds at Wed Jun 13 23:09:45 UTC 2018
2 ms. Memory: 617984K Free: 591298K (96%)
ptolemy.util.test.WatchDog.cancel(): canceling Wed Jun 13 23:09:45 UTC 2018
auto.tcl: Setting watchdog for 200 seconds at Wed Jun 13 23:09:45 UTC 2018
3 ms. Memory: 617984K Free: 583187K (94%)
ptolemy.util.test.WatchDog.cancel(): canceling Wed Jun 13 23:09:45 UTC 2018
------------------ testing $PTII/ptolemy/domains/de/test/auto/multirate.xml
auto.tcl: Setting watchdog for 200 seconds at Wed Jun 13 23:09:45 UTC 2018
3 ms. Memory: 615936K Free: 597269K (97%)
ptolemy.util.test.WatchDog.cancel(): canceling Wed Jun 13 23:09:45 UTC 2018
auto.tcl: Setting watchdog for 200 seconds at Wed Jun 13 23:09:45 UTC 2018
3 ms. Memory: 615936K Free: 597238K (97%)
ptolemy.util.test.WatchDog.cancel(): canceling Wed Jun 13 23:09:45 UTC 2018
------------------ testing $PTII/ptolemy/domains/de/test/auto/multirate2.xml
auto.tcl: Setting watchdog for 200 seconds at Wed Jun 13 23:09:45 UTC 2018
3 ms. Memory: 617472K Free: 598993K (97%)
ptolemy.util.test.WatchDog.cancel(): canceling Wed Jun 13 23:09:45 UTC 2018
auto.tcl: Setting watchdog for 200 seconds at Wed Jun 13 23:09:46 UTC 2018
4 ms. Memory: 617472K Free: 598993K (97%)
ptolemy.util.test.WatchDog.cancel(): canceling Wed Jun 13 23:09:46 UTC 2018
------------------ testing $PTII/ptolemy/domains/de/test/auto/realtime.xml
auto.tcl: Setting watchdog for 200 seconds at Wed Jun 13 23:09:46 UTC 2018
10001 ms. Memory: 615936K Free: 597425K (97%)
ptolemy.util.test.WatchDog.cancel(): canceling Wed Jun 13 23:09:56 UTC 2018
auto.tcl: Setting watchdog for 200 seconds at Wed Jun 13 23:09:56 UTC 2018
10001 ms. Memory: 615936K Free: 597425K (97%)
ptolemy.util.test.WatchDog.cancel(): canceling Wed Jun 13 23:10:06 UTC 2018
------------------ testing $PTII/ptolemy/domains/de/test/auto/relationGroup.xml
auto.tcl: Setting watchdog for 200 seconds at Wed Jun 13 23:10:06 UTC 2018
2 ms. Memory: 617472K Free: 599017K (97%)
ptolemy.util.test.WatchDog.cancel(): canceling Wed Jun 13 23:10:06 UTC 2018
auto.tcl: Setting watchdog for 200 seconds at Wed Jun 13 23:10:06 UTC 2018
2 ms. Memory: 617472K Free: 599017K (97%)
ptolemy.util.test.WatchDog.cancel(): canceling Wed Jun 13 23:10:06 UTC 2018
------------------ testing $PTII/ptolemy/domains/de/test/auto/relationGroup2.xml
auto.tcl: Setting watchdog for 200 seconds at Wed Jun 13 23:10:06 UTC 2018
2 ms. Memory: 615936K Free: 592162K (96%)
ptolemy.util.test.WatchDog.cancel(): canceling Wed Jun 13 23:10:06 UTC 2018
auto.tcl: Setting watchdog for 200 seconds at Wed Jun 13 23:10:06 UTC 2018
1 ms. Memory: 615936K Free: 592162K (96%)
ptolemy.util.test.WatchDog.cancel(): canceling Wed Jun 13 23:10:06 UTC 2018
------------------ testing $PTII/ptolemy/domains/de/test/auto/sortWithOpaquePorts.xml
auto.tcl: Setting watchdog for 200 seconds at Wed Jun 13 23:10:06 UTC 2018
1 ms. Memory: 616960K Free: 593187K (96%)
ptolemy.util.test.WatchDog.cancel(): canceling Wed Jun 13 23:10:06 UTC 2018
auto.tcl: Setting watchdog for 200 seconds at Wed Jun 13 23:10:06 UTC 2018
1 ms. Memory: 616960K Free: 593187K (96%)
ptolemy.util.test.WatchDog.cancel(): canceling Wed Jun 13 23:10:06 UTC 2018
------------------ testing $PTII/ptolemy/domains/de/test/auto/transferInputsandOutputs.xml
auto.tcl: Setting watchdog for 200 seconds at Wed Jun 13 23:10:06 UTC 2018
1 ms. Memory: 615936K Free: 592151K (96%)
ptolemy.util.test.WatchDog.cancel(): canceling Wed Jun 13 23:10:06 UTC 2018
auto.tcl: Setting watchdog for 200 seconds at Wed Jun 13 23:10:06 UTC 2018
2 ms. Memory: 615936K Free: 592151K (96%)
ptolemy.util.test.WatchDog.cancel(): canceling Wed Jun 13 23:10:06 UTC 2018
------------------ testing $PTII/ptolemy/domains/de/test/auto/triggerType.xml
auto.tcl: Setting watchdog for 200 seconds at Wed Jun 13 23:10:06 UTC 2018
1 ms. Memory: 616960K Free: 593126K (96%)
ptolemy.util.test.WatchDog.cancel(): canceling Wed Jun 13 23:10:06 UTC 2018
auto.tcl: Setting watchdog for 200 seconds at Wed Jun 13 23:10:06 UTC 2018
1 ms. Memory: 616960K Free: 593126K (96%)
ptolemy.util.test.WatchDog.cancel(): canceling Wed Jun 13 23:10:06 UTC 2018
06/13/18 11:10:06
Failed: 0  Total Tests: 192  ((Passed: 187, Newly Passed: 1)  Known Failed: 5) /home/travis/build/icyphy/ptII/ptolemy/domains/de/test
06/13/18 11:10:06
Failed: 0  Total Tests: 192  ((Passed: 187, Newly Passed: 1)  Known Failed: 5) /home/travis/build/icyphy/ptII/ptolemy/domains/de/test
----------------- testing (KnownFailure) /home/travis/build/icyphy/ptII/ptolemy/domains/de/test/auto/knownFailedTests/DESDFClockTest.xml
2007 ms. Memory: 615936K Free: 581434K (94%)
Known Failure: java.lang.reflect.InvocationTargetException
----------------- testing (KnownFailure) /home/travis/build/icyphy/ptII/ptolemy/domains/de/test/auto/knownFailedTests/DirectFeedback.xml
1 ms. Memory: 615936K Free: 538671K (87%)
Known Failure: java.lang.reflect.InvocationTargetException
----------------- testing (KnownFailure) /home/travis/build/icyphy/ptII/ptolemy/domains/de/test/auto/knownFailedTests/FSMSource.xml
10 ms. Memory: 615936K Free: 495909K (81%)
----------------- testing (KnownFailure) /home/travis/build/icyphy/ptII/ptolemy/domains/de/test/auto/knownFailedTests/HierarchicalModel.xml
2 ms. Memory: 615936K Free: 463821K (75%)
Known Failure: java.lang.reflect.InvocationTargetException
----------------- testing (KnownFailure) /home/travis/build/icyphy/ptII/ptolemy/domains/de/test/auto/knownFailedTests/dependencyLoop.xml
2 ms. Memory: 615936K Free: 410352K (67%)
Known Failure: java.lang.reflect.InvocationTargetException
----------------- testing (KnownFailure) /home/travis/build/icyphy/ptII/ptolemy/domains/de/test/auto/knownFailedTests/dependencyLoop2.xml
1 ms. Memory: 615936K Free: 356883K (58%)
Known Failure: java.lang.reflect.InvocationTargetException
No auto/linux-amd64/*.xml tests in /home/travis/build/icyphy/ptII/ptolemy/domains/de/test
AutoTests.java: About to close Vertx.
AutoTests.java: Vertx closed.

===========================================================================================
----------------- testing Wed Jun 13 23:10:08 UTC 2018 /home/travis/build/icyphy/ptII/ptolemy/domains/de/test/auto/ActorDepthCalculation_actorWithoutPorts.xml
----------------- Instantiating /home/travis/build/icyphy/ptII/ptolemy/domains/de/test/auto/ActorDepthCalculation_actorWithoutPorts.xml
1 ms. Memory: 615936K Free: 303430K (49%)
----------------- Invoking toplevel() on ptolemy.moml.MoMLSimpleApplication@3cf52678
----------------- Done invoking toplevel() on ptolemy.moml.MoMLSimpleApplication@3cf52678
reloadAllAccessors: .ActorDepthCalculation_actorWithoutPorts

===========================================================================================
----------------- testing Wed Jun 13 23:10:08 UTC 2018 /home/travis/build/icyphy/ptII/ptolemy/domains/de/test/auto/AssemblyLine.xml
----------------- Instantiating /home/travis/build/icyphy/ptII/ptolemy/domains/de/test/auto/AssemblyLine.xml
2 ms. Memory: 615936K Free: 282049K (46%)
----------------- Invoking toplevel() on ptolemy.moml.MoMLSimpleApplication@3ad43b4f
----------------- Done invoking toplevel() on ptolemy.moml.MoMLSimpleApplication@3ad43b4f
reloadAllAccessors: .AssemblyLine

===========================================================================================
----------------- testing Wed Jun 13 23:10:08 UTC 2018 /home/travis/build/icyphy/ptII/ptolemy/domains/de/test/auto/CQBug1.xml
----------------- Instantiating /home/travis/build/icyphy/ptII/ptolemy/domains/de/test/auto/CQBug1.xml
1 ms. Memory: 615936K Free: 260668K (42%)
----------------- Invoking toplevel() on ptolemy.moml.MoMLSimpleApplication@7746685e
----------------- Done invoking toplevel() on ptolemy.moml.MoMLSimpleApplication@7746685e
reloadAllAccessors: .CQBug1

===========================================================================================
----------------- testing Wed Jun 13 23:10:08 UTC 2018 /home/travis/build/icyphy/ptII/ptolemy/domains/de/test/auto/CancelFireAt.xml
----------------- Instantiating /home/travis/build/icyphy/ptII/ptolemy/domains/de/test/auto/CancelFireAt.xml
0 ms. Memory: 615936K Free: 239286K (39%)
----------------- Invoking toplevel() on ptolemy.moml.MoMLSimpleApplication@2ffa38e
----------------- Done invoking toplevel() on ptolemy.moml.MoMLSimpleApplication@2ffa38e
reloadAllAccessors: .CancelFireAt

===========================================================================================
----------------- testing Wed Jun 13 23:10:08 UTC 2018 /home/travis/build/icyphy/ptII/ptolemy/domains/de/test/auto/CausalityAndComposabilityAnalysis.xml
----------------- Instantiating /home/travis/build/icyphy/ptII/ptolemy/domains/de/test/auto/CausalityAndComposabilityAnalysis.xml
1 ms. Memory: 615936K Free: 217905K (35%)
----------------- Invoking toplevel() on ptolemy.moml.MoMLSimpleApplication@6b503cba
----------------- Done invoking toplevel() on ptolemy.moml.MoMLSimpleApplication@6b503cba
reloadAllAccessors: .CausalityAndComposabilityAnalysis

===========================================================================================
----------------- testing Wed Jun 13 23:10:08 UTC 2018 /home/travis/build/icyphy/ptII/ptolemy/domains/de/test/auto/CausalityInterface1.xml
----------------- Instantiating /home/travis/build/icyphy/ptII/ptolemy/domains/de/test/auto/CausalityInterface1.xml
2 ms. Memory: 615936K Free: 196524K (32%)
----------------- Invoking toplevel() on ptolemy.moml.MoMLSimpleApplication@57aa8f8b
----------------- Done invoking toplevel() on ptolemy.moml.MoMLSimpleApplication@57aa8f8b
reloadAllAccessors: .CausalityInterface1

===========================================================================================
----------------- testing Wed Jun 13 23:10:08 UTC 2018 /home/travis/build/icyphy/ptII/ptolemy/domains/de/test/auto/CausalityInterface15.xml
----------------- Instantiating /home/travis/build/icyphy/ptII/ptolemy/domains/de/test/auto/CausalityInterface15.xml
2 ms. Memory: 615936K Free: 175143K (28%)
----------------- Invoking toplevel() on ptolemy.moml.MoMLSimpleApplication@7ba83cf9
----------------- Done invoking toplevel() on ptolemy.moml.MoMLSimpleApplication@7ba83cf9
reloadAllAccessors: .CausalityInterface15

[...]
java.lang.RuntimeException: Execution failed
	at ptolemy.moml.MoMLSimpleApplication$UnloadThread.run(MoMLSimpleApplication.java:402)
Caused by: ptolemy.kernel.util.IllegalActionException: Test fails in iteration 1.
Value was: 1.0. Should have been: 2.0
  in .DirectFeedback.Test
	at ptolemy.actor.lib.Test.fire(Test.java:268)
	at ptolemy.domains.de.kernel.DEDirector._fire(DEDirector.java:1949)
	at ptolemy.domains.de.kernel.DEDirector.fire(DEDirector.java:502)
	at ptolemy.actor.CompositeActor.fire(CompositeActor.java:455)
	at ptolemy.actor.Manager.iterate(Manager.java:851)
	at ptolemy.actor.Manager.execute(Manager.java:369)
	at ptolemy.actor.Manager.run(Manager.java:1263)
	at ptolemy.actor.Manager$PtolemyRunThread.run(Manager.java:1915)
java.lang.RuntimeException: Execution failed
	at ptolemy.moml.MoMLSimpleApplication$UnloadThread.run(MoMLSimpleApplication.java:402)
Caused by: ptolemy.kernel.util.IllegalActionException: Actor is not ready to fire.  Perhaps UpSample.prefire() returned false? Try debugging the actor by selecting "Listen to Actor".  Also, for SDF check moml for tokenConsumptionRate on input.
  in .DESDFClockTest.Play Bell.Copy1:SDF Director and .DESDFClockTest.Play Bell.UpSample
	at ptolemy.actor.sched.StaticSchedulingDirector.fire(StaticSchedulingDirector.java:227)
	at ptolemy.domains.sdf.kernel.SDFDirector.fire(SDFDirector.java:500)
	at ptolemy.actor.CompositeActor.fire(CompositeActor.java:455)
	at ptolemy.domains.de.kernel.DEDirector._fire(DEDirector.java:1949)
	at ptolemy.domains.de.kernel.DEDirector.fire(DEDirector.java:502)
	at ptolemy.actor.CompositeActor.fire(CompositeActor.java:455)
	at ptolemy.actor.Manager.iterate(Manager.java:851)
	at ptolemy.actor.Manager.execute(Manager.java:369)
	at ptolemy.actor.Manager.run(Manager.java:1263)
	at ptolemy.actor.Manager$PtolemyRunThread.run(Manager.java:1915)
java.lang.reflect.InvocationTargetException
	at sun.reflect.NativeConstructorAccessorImpl.newInstance0(Native Method)
	at sun.reflect.NativeConstructorAccessorImpl.newInstance(NativeConstructorAccessorImpl.java:62)
	at sun.reflect.DelegatingConstructorAccessorImpl.newInstance(DelegatingConstructorAccessorImpl.java:45)
	at java.lang.reflect.Constructor.newInstance(Constructor.java:423)
	at ptolemy.util.test.junit.AutoKnownFailedTests.RunModel(AutoKnownFailedTests.java:107)
	at sun.reflect.NativeMethodAccessorImpl.invoke0(Native Method)
	at sun.reflect.NativeMethodAccessorImpl.invoke(NativeMethodAccessorImpl.java:62)
	at sun.reflect.DelegatingMethodAccessorImpl.invoke(DelegatingMethodAccessorImpl.java:43)
	at java.lang.reflect.Method.invoke(Method.java:498)
	at org.junit.runners.model.FrameworkMethod$1.runReflectiveCall(FrameworkMethod.java:44)
	at org.junit.internal.runners.model.ReflectiveCallable.run(ReflectiveCallable.java:15)
	at org.junit.runners.model.FrameworkMethod.invokeExplosively(FrameworkMethod.java:41)
	at junitparams.internal.InvokeParameterisedMethod.evaluate(InvokeParameterisedMethod.java:102)
	at org.junit.internal.runners.statements.FailOnTimeout$1.run(FailOnTimeout.java:28)
Caused by: ptolemy.kernel.util.IllegalActionException: Actor is not ready to fire.  Perhaps UpSample.prefire() returned false? Try debugging the actor by selecting "Listen to Actor".  Also, for SDF check moml for tokenConsumptionRate on input.
  in .DESDFClockTest.Play Bell.Copy1:SDF Director and .DESDFClockTest.Play Bell.UpSample
	at ptolemy.actor.sched.StaticSchedulingDirector.fire(StaticSchedulingDirector.java:227)
	at ptolemy.domains.sdf.kernel.SDFDirector.fire(SDFDirector.java:500)
	at ptolemy.actor.CompositeActor.fire(CompositeActor.java:455)
	at ptolemy.domains.de.kernel.DEDirector._fire(DEDirector.java:1949)
	at ptolemy.domains.de.kernel.DEDirector.fire(DEDirector.java:502)
	at ptolemy.actor.CompositeActor.fire(CompositeActor.java:455)
	at ptolemy.actor.Manager.iterate(Manager.java:851)
	at ptolemy.actor.Manager.execute(Manager.java:369)
	at ptolemy.actor.Manager.run(Manager.java:1263)
	at ptolemy.actor.Manager$PtolemyRunThread.run(Manager.java:1915)
java.lang.RuntimeException: Execution failed
	at ptolemy.moml.MoMLSimpleApplication$UnloadThread.run(MoMLSimpleApplication.java:402)
Caused by: ptolemy.kernel.util.IllegalActionException: Test fails in iteration 1.
Value was: 1.0. Should have been: 2.0
  in .DirectFeedback.Test
	at ptolemy.actor.lib.Test.fire(Test.java:268)
	at ptolemy.domains.de.kernel.DEDirector._fire(DEDirector.java:1949)
	at ptolemy.domains.de.kernel.DEDirector.fire(DEDirector.java:502)
	at ptolemy.actor.CompositeActor.fire(CompositeActor.java:455)
	at ptolemy.actor.Manager.iterate(Manager.java:851)
	at ptolemy.actor.Manager.execute(Manager.java:369)
	at ptolemy.actor.Manager.run(Manager.java:1263)
	at ptolemy.actor.Manager$PtolemyRunThread.run(Manager.java:1915)
java.lang.reflect.InvocationTargetException
	at sun.reflect.NativeConstructorAccessorImpl.newInstance0(Native Method)
	at sun.reflect.NativeConstructorAccessorImpl.newInstance(NativeConstructorAccessorImpl.java:62)
	at sun.reflect.DelegatingConstructorAccessorImpl.newInstance(DelegatingConstructorAccessorImpl.java:45)
	at java.lang.reflect.Constructor.newInstance(Constructor.java:423)
	at ptolemy.util.test.junit.AutoKnownFailedTests.RunModel(AutoKnownFailedTests.java:107)
	at sun.reflect.NativeMethodAccessorImpl.invoke0(Native Method)
	at sun.reflect.NativeMethodAccessorImpl.invoke(NativeMethodAccessorImpl.java:62)
	at sun.reflect.DelegatingMethodAccessorImpl.invoke(DelegatingMethodAccessorImpl.java:43)
	at java.lang.reflect.Method.invoke(Method.java:498)
	at org.junit.runners.model.FrameworkMethod$1.runReflectiveCall(FrameworkMethod.java:44)
	at org.junit.internal.runners.model.ReflectiveCallable.run(ReflectiveCallable.java:15)
	at org.junit.runners.model.FrameworkMethod.invokeExplosively(FrameworkMethod.java:41)
	at junitparams.internal.InvokeParameterisedMethod.evaluate(InvokeParameterisedMethod.java:102)
	at org.junit.internal.runners.statements.FailOnTimeout$1.run(FailOnTimeout.java:28)
Caused by: ptolemy.kernel.util.IllegalActionException: Test fails in iteration 1.
Value was: 1.0. Should have been: 2.0
  in .DirectFeedback.Test
	at ptolemy.actor.lib.Test.fire(Test.java:268)
	at ptolemy.domains.de.kernel.DEDirector._fire(DEDirector.java:1949)
	at ptolemy.domains.de.kernel.DEDirector.fire(DEDirector.java:502)
	at ptolemy.actor.CompositeActor.fire(CompositeActor.java:455)
	at ptolemy.actor.Manager.iterate(Manager.java:851)
	at ptolemy.actor.Manager.execute(Manager.java:369)
	at ptolemy.actor.Manager.run(Manager.java:1263)
	at ptolemy.actor.Manager$PtolemyRunThread.run(Manager.java:1915)
java.lang.RuntimeException: Execution failed
	at ptolemy.moml.MoMLSimpleApplication$UnloadThread.run(MoMLSimpleApplication.java:402)
Caused by: ptolemy.kernel.util.IllegalActionException: Found a zero delay loop containing .HierarchicalModel.A
  in .HierarchicalModel and .HierarchicalModel.A
	at ptolemy.actor.util.CausalityInterfaceForComposites._computeOutputPortDepth(CausalityInterfaceForComposites.java:759)
	at ptolemy.actor.util.CausalityInterfaceForComposites._computeInputDepth(CausalityInterfaceForComposites.java:696)
	at ptolemy.actor.util.CausalityInterfaceForComposites._computeOutputPortDepth(CausalityInterfaceForComposites.java:765)
	at ptolemy.actor.util.CausalityInterfaceForComposites._computeInputDepth(CausalityInterfaceForComposites.java:696)
	at ptolemy.actor.util.CausalityInterfaceForComposites._computeOutputPortDepth(CausalityInterfaceForComposites.java:765)
	at ptolemy.actor.util.CausalityInterfaceForComposites._computeInputDepth(CausalityInterfaceForComposites.java:696)
	at ptolemy.actor.util.CausalityInterfaceForComposites._computeActorDepth(CausalityInterfaceForComposites.java:532)
	at ptolemy.actor.util.CausalityInterfaceForComposites.checkForCycles(CausalityInterfaceForComposites.java:96)
	at ptolemy.domains.de.kernel.DEDirector.preinitialize(DEDirector.java:1338)
	at ptolemy.actor.CompositeActor.preinitialize(CompositeActor.java:1828)
	at ptolemy.actor.Manager.preinitializeAndResolveTypes(Manager.java:1040)
	at ptolemy.actor.Manager.initialize(Manager.java:710)
	at ptolemy.actor.Manager.execute(Manager.java:356)
	at ptolemy.actor.Manager.run(Manager.java:1263)
	at ptolemy.actor.Manager$PtolemyRunThread.run(Manager.java:1915)
java.lang.reflect.InvocationTargetException
	at sun.reflect.NativeConstructorAccessorImpl.newInstance0(Native Method)
	at sun.reflect.NativeConstructorAccessorImpl.newInstance(NativeConstructorAccessorImpl.java:62)
	at sun.reflect.DelegatingConstructorAccessorImpl.newInstance(DelegatingConstructorAccessorImpl.java:45)
	at java.lang.reflect.Constructor.newInstance(Constructor.java:423)
	at ptolemy.util.test.junit.AutoKnownFailedTests.RunModel(AutoKnownFailedTests.java:107)
	at sun.reflect.NativeMethodAccessorImpl.invoke0(Native Method)
	at sun.reflect.NativeMethodAccessorImpl.invoke(NativeMethodAccessorImpl.java:62)
	at sun.reflect.DelegatingMethodAccessorImpl.invoke(DelegatingMethodAccessorImpl.java:43)
	at java.lang.reflect.Method.invoke(Method.java:498)
	at org.junit.runners.model.FrameworkMethod$1.runReflectiveCall(FrameworkMethod.java:44)
	at org.junit.internal.runners.model.ReflectiveCallable.run(ReflectiveCallable.java:15)
	at org.junit.runners.model.FrameworkMethod.invokeExplosively(FrameworkMethod.java:41)
	at junitparams.internal.InvokeParameterisedMethod.evaluate(InvokeParameterisedMethod.java:102)
	at org.junit.internal.runners.statements.FailOnTimeout$1.run(FailOnTimeout.java:28)
Caused by: ptolemy.kernel.util.IllegalActionException: Found a zero delay loop containing .HierarchicalModel.A
  in .HierarchicalModel and .HierarchicalModel.A
	at ptolemy.actor.util.CausalityInterfaceForComposites._computeOutputPortDepth(CausalityInterfaceForComposites.java:759)
	at ptolemy.actor.util.CausalityInterfaceForComposites._computeInputDepth(CausalityInterfaceForComposites.java:696)
	at ptolemy.actor.util.CausalityInterfaceForComposites._computeOutputPortDepth(CausalityInterfaceForComposites.java:765)
	at ptolemy.actor.util.CausalityInterfaceForComposites._computeInputDepth(CausalityInterfaceForComposites.java:696)
	at ptolemy.actor.util.CausalityInterfaceForComposites._computeOutputPortDepth(CausalityInterfaceForComposites.java:765)
	at ptolemy.actor.util.CausalityInterfaceForComposites._computeInputDepth(CausalityInterfaceForComposites.java:696)
	at ptolemy.actor.util.CausalityInterfaceForComposites._computeActorDepth(CausalityInterfaceForComposites.java:532)
	at ptolemy.actor.util.CausalityInterfaceForComposites.checkForCycles(CausalityInterfaceForComposites.java:96)
	at ptolemy.domains.de.kernel.DEDirector.preinitialize(DEDirector.java:1338)
	at ptolemy.actor.CompositeActor.preinitialize(CompositeActor.java:1828)
	at ptolemy.actor.Manager.preinitializeAndResolveTypes(Manager.java:1040)
	at ptolemy.actor.Manager.initialize(Manager.java:710)
	at ptolemy.actor.Manager.execute(Manager.java:356)
	at ptolemy.actor.Manager.run(Manager.java:1263)
	at ptolemy.actor.Manager$PtolemyRunThread.run(Manager.java:1915)
java.lang.RuntimeException: Execution failed
	at ptolemy.moml.MoMLSimpleApplication$UnloadThread.run(MoMLSimpleApplication.java:402)
Caused by: ptolemy.kernel.util.IllegalActionException: Found a zero delay loop containing .dependencyLoop.original
  in .dependencyLoop and .dependencyLoop.original
	at ptolemy.actor.util.CausalityInterfaceForComposites._computeOutputPortDepth(CausalityInterfaceForComposites.java:759)
	at ptolemy.actor.util.CausalityInterfaceForComposites._computeInputDepth(CausalityInterfaceForComposites.java:696)
	at ptolemy.actor.util.CausalityInterfaceForComposites._computeOutputPortDepth(CausalityInterfaceForComposites.java:765)
	at ptolemy.actor.util.CausalityInterfaceForComposites._computeInputDepth(CausalityInterfaceForComposites.java:696)
	at ptolemy.actor.util.CausalityInterfaceForComposites._computeOutputPortDepth(CausalityInterfaceForComposites.java:765)
	at ptolemy.actor.util.CausalityInterfaceForComposites._computeInputDepth(CausalityInterfaceForComposites.java:696)
	at ptolemy.actor.util.CausalityInterfaceForComposites._computeActorDepth(CausalityInterfaceForComposites.java:532)
	at ptolemy.actor.util.CausalityInterfaceForComposites.checkForCycles(CausalityInterfaceForComposites.java:96)
	at ptolemy.domains.de.kernel.DEDirector.preinitialize(DEDirector.java:1338)
	at ptolemy.actor.CompositeActor.preinitialize(CompositeActor.java:1828)
	at ptolemy.actor.Manager.preinitializeAndResolveTypes(Manager.java:1040)
	at ptolemy.actor.Manager.initialize(Manager.java:710)
	at ptolemy.actor.Manager.execute(Manager.java:356)
	at ptolemy.actor.Manager.run(Manager.java:1263)
	at ptolemy.actor.Manager$PtolemyRunThread.run(Manager.java:1915)
java.lang.reflect.InvocationTargetException
	at sun.reflect.NativeConstructorAccessorImpl.newInstance0(Native Method)
	at sun.reflect.NativeConstructorAccessorImpl.newInstance(NativeConstructorAccessorImpl.java:62)
	at sun.reflect.DelegatingConstructorAccessorImpl.newInstance(DelegatingConstructorAccessorImpl.java:45)
	at java.lang.reflect.Constructor.newInstance(Constructor.java:423)
	at ptolemy.util.test.junit.AutoKnownFailedTests.RunModel(AutoKnownFailedTests.java:107)
	at sun.reflect.NativeMethodAccessorImpl.invoke0(Native Method)
	at sun.reflect.NativeMethodAccessorImpl.invoke(NativeMethodAccessorImpl.java:62)
	at sun.reflect.DelegatingMethodAccessorImpl.invoke(DelegatingMethodAccessorImpl.java:43)
	at java.lang.reflect.Method.invoke(Method.java:498)
	at org.junit.runners.model.FrameworkMethod$1.runReflectiveCall(FrameworkMethod.java:44)
	at org.junit.internal.runners.model.ReflectiveCallable.run(ReflectiveCallable.java:15)
	at org.junit.runners.model.FrameworkMethod.invokeExplosively(FrameworkMethod.java:41)
	at junitparams.internal.InvokeParameterisedMethod.evaluate(InvokeParameterisedMethod.java:102)
	at org.junit.internal.runners.statements.FailOnTimeout$1.run(FailOnTimeout.java:28)
Caused by: ptolemy.kernel.util.IllegalActionException: Found a zero delay loop containing .dependencyLoop.original
  in .dependencyLoop and .dependencyLoop.original
	at ptolemy.actor.util.CausalityInterfaceForComposites._computeOutputPortDepth(CausalityInterfaceForComposites.java:759)
	at ptolemy.actor.util.CausalityInterfaceForComposites._computeInputDepth(CausalityInterfaceForComposites.java:696)
	at ptolemy.actor.util.CausalityInterfaceForComposites._computeOutputPortDepth(CausalityInterfaceForComposites.java:765)
	at ptolemy.actor.util.CausalityInterfaceForComposites._computeInputDepth(CausalityInterfaceForComposites.java:696)
	at ptolemy.actor.util.CausalityInterfaceForComposites._computeOutputPortDepth(CausalityInterfaceForComposites.java:765)
	at ptolemy.actor.util.CausalityInterfaceForComposites._computeInputDepth(CausalityInterfaceForComposites.java:696)
	at ptolemy.actor.util.CausalityInterfaceForComposites._computeActorDepth(CausalityInterfaceForComposites.java:532)
	at ptolemy.actor.util.CausalityInterfaceForComposites.checkForCycles(CausalityInterfaceForComposites.java:96)
	at ptolemy.domains.de.kernel.DEDirector.preinitialize(DEDirector.java:1338)
	at ptolemy.actor.CompositeActor.preinitialize(CompositeActor.java:1828)
	at ptolemy.actor.Manager.preinitializeAndResolveTypes(Manager.java:1040)
	at ptolemy.actor.Manager.initialize(Manager.java:710)
	at ptolemy.actor.Manager.execute(Manager.java:356)
	at ptolemy.actor.Manager.run(Manager.java:1263)
	at ptolemy.actor.Manager$PtolemyRunThread.run(Manager.java:1915)
java.lang.RuntimeException: Execution failed
	at ptolemy.moml.MoMLSimpleApplication$UnloadThread.run(MoMLSimpleApplication.java:402)
Caused by: ptolemy.kernel.util.IllegalActionException: Found a zero delay loop containing .dependencyLoop2.original
  in .dependencyLoop2 and .dependencyLoop2.original
	at ptolemy.actor.util.CausalityInterfaceForComposites._computeOutputPortDepth(CausalityInterfaceForComposites.java:759)
	at ptolemy.actor.util.CausalityInterfaceForComposites._computeInputDepth(CausalityInterfaceForComposites.java:696)
	at ptolemy.actor.util.CausalityInterfaceForComposites._computeOutputPortDepth(CausalityInterfaceForComposites.java:765)
	at ptolemy.actor.util.CausalityInterfaceForComposites._computeInputDepth(CausalityInterfaceForComposites.java:696)
	at ptolemy.actor.util.CausalityInterfaceForComposites._computeOutputPortDepth(CausalityInterfaceForComposites.java:765)
	at ptolemy.actor.util.CausalityInterfaceForComposites._computeInputDepth(CausalityInterfaceForComposites.java:696)
	at ptolemy.actor.util.CausalityInterfaceForComposites._computeActorDepth(CausalityInterfaceForComposites.java:532)
	at ptolemy.actor.util.CausalityInterfaceForComposites.checkForCycles(CausalityInterfaceForComposites.java:96)
	at ptolemy.domains.de.kernel.DEDirector.preinitialize(DEDirector.java:1338)
	at ptolemy.actor.CompositeActor.preinitialize(CompositeActor.java:1828)
	at ptolemy.actor.Manager.preinitializeAndResolveTypes(Manager.java:1040)
	at ptolemy.actor.Manager.initialize(Manager.java:710)
	at ptolemy.actor.Manager.execute(Manager.java:356)
	at ptolemy.actor.Manager.run(Manager.java:1263)
	at ptolemy.actor.Manager$PtolemyRunThread.run(Manager.java:1915)
java.lang.reflect.InvocationTargetException
	at sun.reflect.NativeConstructorAccessorImpl.newInstance0(Native Method)
	at sun.reflect.NativeConstructorAccessorImpl.newInstance(NativeConstructorAccessorImpl.java:62)
	at sun.reflect.DelegatingConstructorAccessorImpl.newInstance(DelegatingConstructorAccessorImpl.java:45)
	at java.lang.reflect.Constructor.newInstance(Constructor.java:423)
	at ptolemy.util.test.junit.AutoKnownFailedTests.RunModel(AutoKnownFailedTests.java:107)
	at sun.reflect.NativeMethodAccessorImpl.invoke0(Native Method)
	at sun.reflect.NativeMethodAccessorImpl.invoke(NativeMethodAccessorImpl.java:62)
	at sun.reflect.DelegatingMethodAccessorImpl.invoke(DelegatingMethodAccessorImpl.java:43)
	at java.lang.reflect.Method.invoke(Method.java:498)
	at org.junit.runners.model.FrameworkMethod$1.runReflectiveCall(FrameworkMethod.java:44)
	at org.junit.internal.runners.model.ReflectiveCallable.run(ReflectiveCallable.java:15)
	at org.junit.runners.model.FrameworkMethod.invokeExplosively(FrameworkMethod.java:41)
	at junitparams.internal.InvokeParameterisedMethod.evaluate(InvokeParameterisedMethod.java:102)
	at org.junit.internal.runners.statements.FailOnTimeout$1.run(FailOnTimeout.java:28)
Caused by: ptolemy.kernel.util.IllegalActionException: Found a zero delay loop containing .dependencyLoop2.original
  in .dependencyLoop2 and .dependencyLoop2.original
	at ptolemy.actor.util.CausalityInterfaceForComposites._computeOutputPortDepth(CausalityInterfaceForComposites.java:759)
	at ptolemy.actor.util.CausalityInterfaceForComposites._computeInputDepth(CausalityInterfaceForComposites.java:696)
	at ptolemy.actor.util.CausalityInterfaceForComposites._computeOutputPortDepth(CausalityInterfaceForComposites.java:765)
	at ptolemy.actor.util.CausalityInterfaceForComposites._computeInputDepth(CausalityInterfaceForComposites.java:696)
	at ptolemy.actor.util.CausalityInterfaceForComposites._computeOutputPortDepth(CausalityInterfaceForComposites.java:765)
	at ptolemy.actor.util.CausalityInterfaceForComposites._computeInputDepth(CausalityInterfaceForComposites.java:696)
	at ptolemy.actor.util.CausalityInterfaceForComposites._computeActorDepth(CausalityInterfaceForComposites.java:532)
	at ptolemy.actor.util.CausalityInterfaceForComposites.checkForCycles(CausalityInterfaceForComposites.java:96)
	at ptolemy.domains.de.kernel.DEDirector.preinitialize(DEDirector.java:1338)
	at ptolemy.actor.CompositeActor.preinitialize(CompositeActor.java:1828)
	at ptolemy.actor.Manager.preinitializeAndResolveTypes(Manager.java:1040)
	at ptolemy.actor.Manager.initialize(Manager.java:710)
	at ptolemy.actor.Manager.execute(Manager.java:356)
	at ptolemy.actor.Manager.run(Manager.java:1263)
	at ptolemy.actor.Manager$PtolemyRunThread.run(Manager.java:1915)
]]></system-err>
</testsuite>
