<?xml version="1.0" encoding="UTF-8" ?>
<testsuite errors="0" failures="0" hostname="travis-job-9c82fa8c-13ee-4820-beca-20dc0a1b4a77" name="ptolemy.domains.hdf.kernel.test.junit.JUnitTclTest" skipped="0" tests="39" time="6.087" timestamp="2019-07-10T15:28:10">
  <properties>
[...]
</properties>
  <testcase classname="ptolemy.util.test.junit.TclTests" name="[0] /home/travis/build/icyphy/ptII/ptolemy/domains/hdf/kernel/test/RateErrorChecking.tcl (RunTclFile)" time="0.18" />
  <testcase classname="ptolemy.util.test.junit.AutoKnownFailedTests" name="[0] /home/travis/build/icyphy/ptII/ptolemy/domains/hdf/kernel/test/auto/knownFailedTests/badFSMRateChanges.xml (RunModel)" time="0.72" />
  <testcase classname="ptolemy.util.test.junit.AutoNameArchTests" name="[0] ThereAreNoAutoArchTests (RunModel)" time="0.004" />
  <testcase classname="ptolemy.util.test.junit.AutoTests" name="[0] /home/travis/build/icyphy/ptII/ptolemy/domains/hdf/kernel/test/auto/ConstVariableRateTest.xml (RunModel)" time="0.279" />
  <testcase classname="ptolemy.util.test.junit.AutoTests" name="[1] /home/travis/build/icyphy/ptII/ptolemy/domains/hdf/kernel/test/auto/DifferentRefinedRates.xml (RunModel)" time="0.158" />
  <testcase classname="ptolemy.util.test.junit.AutoTests" name="[2] /home/travis/build/icyphy/ptII/ptolemy/domains/hdf/kernel/test/auto/DifferentRefinedRates2.xml (RunModel)" time="0.201" />
  <testcase classname="ptolemy.util.test.junit.AutoTests" name="[3] /home/travis/build/icyphy/ptII/ptolemy/domains/hdf/kernel/test/auto/DifferentRefinedRates3.xml (RunModel)" time="0.138" />
  <testcase classname="ptolemy.util.test.junit.AutoTests" name="[4] /home/travis/build/icyphy/ptII/ptolemy/domains/hdf/kernel/test/auto/DifferentRefinedRates4.xml (RunModel)" time="0.169" />
  <testcase classname="ptolemy.util.test.junit.AutoTests" name="[5] /home/travis/build/icyphy/ptII/ptolemy/domains/hdf/kernel/test/auto/DifferentRefinedRates5.xml (RunModel)" time="0.156" />
  <testcase classname="ptolemy.util.test.junit.AutoTests" name="[6] /home/travis/build/icyphy/ptII/ptolemy/domains/hdf/kernel/test/auto/DifferentRefinedRates6.xml (RunModel)" time="0.105" />
  <testcase classname="ptolemy.util.test.junit.AutoTests" name="[7] /home/travis/build/icyphy/ptII/ptolemy/domains/hdf/kernel/test/auto/DownSample_PowerOfTwo.xml (RunModel)" time="0.23" />
  <testcase classname="ptolemy.util.test.junit.AutoTests" name="[8] /home/travis/build/icyphy/ptII/ptolemy/domains/hdf/kernel/test/auto/FibonacciWithNullInitial.xml (RunModel)" time="0.201" />
  <testcase classname="ptolemy.util.test.junit.AutoTests" name="[9] /home/travis/build/icyphy/ptII/ptolemy/domains/hdf/kernel/test/auto/FibonacciWithNullInitial1.xml (RunModel)" time="0.141" />
  <testcase classname="ptolemy.util.test.junit.AutoTests" name="[10] /home/travis/build/icyphy/ptII/ptolemy/domains/hdf/kernel/test/auto/FibonacciWithTransientStates.xml (RunModel)" time="0.158" />
  <testcase classname="ptolemy.util.test.junit.AutoTests" name="[11] /home/travis/build/icyphy/ptII/ptolemy/domains/hdf/kernel/test/auto/FibonacciWithTransientStates2.xml (RunModel)" time="0.106" />
  <testcase classname="ptolemy.util.test.junit.AutoTests" name="[12] /home/travis/build/icyphy/ptII/ptolemy/domains/hdf/kernel/test/auto/FibonacciWithoutHistoryInitial.xml (RunModel)" time="0.155" />
  <testcase classname="ptolemy.util.test.junit.AutoTests" name="[13] /home/travis/build/icyphy/ptII/ptolemy/domains/hdf/kernel/test/auto/GuardUsingPastTokens.xml (RunModel)" time="0.075" />
  <testcase classname="ptolemy.util.test.junit.AutoTests" name="[14] /home/travis/build/icyphy/ptII/ptolemy/domains/hdf/kernel/test/auto/GuardWithResets.xml (RunModel)" time="0.094" />
  <testcase classname="ptolemy.util.test.junit.AutoTests" name="[15] /home/travis/build/icyphy/ptII/ptolemy/domains/hdf/kernel/test/auto/Hierarchy_2Level_Test1.xml (RunModel)" time="0.069" />
  <testcase classname="ptolemy.util.test.junit.AutoTests" name="[16] /home/travis/build/icyphy/ptII/ptolemy/domains/hdf/kernel/test/auto/Hierarchy_2Level_Test2.xml (RunModel)" time="0.055" />
  <testcase classname="ptolemy.util.test.junit.AutoTests" name="[17] /home/travis/build/icyphy/ptII/ptolemy/domains/hdf/kernel/test/auto/Hysteresis.xml (RunModel)" time="0.041" />
  <testcase classname="ptolemy.util.test.junit.AutoTests" name="[18] /home/travis/build/icyphy/ptII/ptolemy/domains/hdf/kernel/test/auto/InitTransient.xml (RunModel)" time="0.086" />
  <testcase classname="ptolemy.util.test.junit.AutoTests" name="[19] /home/travis/build/icyphy/ptII/ptolemy/domains/hdf/kernel/test/auto/Merge.xml (RunModel)" time="0.083" />
  <testcase classname="ptolemy.util.test.junit.AutoTests" name="[20] /home/travis/build/icyphy/ptII/ptolemy/domains/hdf/kernel/test/auto/ModalModelBooleanSwitch.xml (RunModel)" time="0.106" />
  <testcase classname="ptolemy.util.test.junit.AutoTests" name="[21] /home/travis/build/icyphy/ptII/ptolemy/domains/hdf/kernel/test/auto/SameRates.xml (RunModel)" time="0.07" />
  <testcase classname="ptolemy.util.test.junit.AutoTests" name="[22] /home/travis/build/icyphy/ptII/ptolemy/domains/hdf/kernel/test/auto/SameRefinedRates.xml (RunModel)" time="0.064" />
  <testcase classname="ptolemy.util.test.junit.AutoTests" name="[23] /home/travis/build/icyphy/ptII/ptolemy/domains/hdf/kernel/test/auto/SameRefinedRates2.xml (RunModel)" time="0.067" />
  <testcase classname="ptolemy.util.test.junit.AutoTests" name="[24] /home/travis/build/icyphy/ptII/ptolemy/domains/hdf/kernel/test/auto/TransientStates.xml (RunModel)" time="0.085" />
  <testcase classname="ptolemy.util.test.junit.AutoTests" name="[25] /home/travis/build/icyphy/ptII/ptolemy/domains/hdf/kernel/test/auto/TwoHammingCodec.xml (RunModel)" time="0.099" />
  <testcase classname="ptolemy.util.test.junit.AutoTests" name="[26] /home/travis/build/icyphy/ptII/ptolemy/domains/hdf/kernel/test/auto/TwoHammingCodec1.xml (RunModel)" time="0.082" />
  <testcase classname="ptolemy.util.test.junit.AutoTests" name="[27] /home/travis/build/icyphy/ptII/ptolemy/domains/hdf/kernel/test/auto/TwoLevelHierarchy.xml (RunModel)" time="0.157" />
  <testcase classname="ptolemy.util.test.junit.AutoTests" name="[28] /home/travis/build/icyphy/ptII/ptolemy/domains/hdf/kernel/test/auto/TwoLevelHierarchy1.xml (RunModel)" time="0.165" />
  <testcase classname="ptolemy.util.test.junit.AutoTests" name="[29] /home/travis/build/icyphy/ptII/ptolemy/domains/hdf/kernel/test/auto/TwoLevelHierarchy2.xml (RunModel)" time="0.139" />
  <testcase classname="ptolemy.util.test.junit.AutoTests" name="[30] /home/travis/build/icyphy/ptII/ptolemy/domains/hdf/kernel/test/auto/TwoLevelHierarchyNullStates.xml (RunModel)" time="0.183" />
  <testcase classname="ptolemy.util.test.junit.AutoTests" name="[31] /home/travis/build/icyphy/ptII/ptolemy/domains/hdf/kernel/test/auto/TwoLevelHierarchyWithResets.xml (RunModel)" time="0.155" />
  <testcase classname="ptolemy.util.test.junit.AutoTests" name="[32] /home/travis/build/icyphy/ptII/ptolemy/domains/hdf/kernel/test/auto/TwoLevelHierarchyWithResetsNullStates.xml (RunModel)" time="0.187" />
  <testcase classname="ptolemy.util.test.junit.AutoTests" name="[33] /home/travis/build/icyphy/ptII/ptolemy/domains/hdf/kernel/test/auto/WaterTank_HDF.xml (RunModel)" time="0.124" />
  <testcase classname="ptolemy.util.test.junit.AutoTests" name="[34] /home/travis/build/icyphy/ptII/ptolemy/domains/hdf/kernel/test/auto/WaterTank_HDF2.xml (RunModel)" time="0.113" />
  <testcase classname="ptolemy.util.test.junit.AutoTests" name="[35] /home/travis/build/icyphy/ptII/ptolemy/domains/hdf/kernel/test/auto/badFSMRateChanges.xml (RunModel)" time="0.052" />
  <system-out><![CDATA[/home/travis/build/icyphy/ptII/ptolemy/domains/hdf/kernel/test/RateErrorChecking.tcl
testDefs.tcl: setting time out to 9000 seconds at Wed Jul 10 15:28:11 UTC 2019


==== $PTII/ptolemy/domains/hdf/kernel/test/RateErrorChecking.tcl: RateErrorChecking-1.0 
==== Contents of test case:

    catch {createAndExecute "badFSMRateChanges.xml"} foo
    list $foo

==== Result was:
{java.io.FileNotFoundException: /home/travis/build/icyphy/ptII/ptolemy/domains/hdf/kernel/test/badFSMRateChanges.xml (No such file or directory)}
---- KNOWN Failure, Result should have been:
{ptolemy.kernel.util.IllegalActionException: Failed to compute schedule:
  in .badFSMRateChanges.SDF Director
Because:
The SDF rate parameter may change. This is not allowed in SDF models that will be run through the code generator.  If you don't care about code generation, then you might consider setting the allowRateChanges parameter of the SDF director to false.
    in .badFSMRateChanges.typed composite actor.output.tokenProductionRate}
---- RateErrorChecking-1.0 Failed, but this is a KNOWN failure
07/10/19 03:28:11
Failed: 0  Total Tests: 1  ((Passed: 0, Newly Passed: 0)  Known Failed: 1) /home/travis/build/icyphy/ptII/ptolemy/domains/hdf/kernel/test
----------------- testing (KnownFailure) /home/travis/build/icyphy/ptII/ptolemy/domains/hdf/kernel/test/auto/knownFailedTests/badFSMRateChanges.xml
251 ms. Memory: 120832K Free: 97611K (81%)
No auto/linux-amd64/*.xml tests in /home/travis/build/icyphy/ptII/ptolemy/domains/hdf/kernel/test
AutoTests.java: About to close Vertx.
AutoTests.java: Vertx closed.

===========================================================================================
----------------- testing Wed Jul 10 15:28:12 UTC 2019 /home/travis/build/icyphy/ptII/ptolemy/domains/hdf/kernel/test/auto/ConstVariableRateTest.xml
----------------- Instantiating /home/travis/build/icyphy/ptII/ptolemy/domains/hdf/kernel/test/auto/ConstVariableRateTest.xml
71 ms. Memory: 168960K Free: 131927K (78%)
----------------- Invoking toplevel() on ptolemy.moml.MoMLSimpleApplication@db857a0
----------------- Done invoking toplevel() on ptolemy.moml.MoMLSimpleApplication@db857a0
reloadAllAccessors: .ConstVariableRateTest

===========================================================================================
----------------- testing Wed Jul 10 15:28:12 UTC 2019 /home/travis/build/icyphy/ptII/ptolemy/domains/hdf/kernel/test/auto/DifferentRefinedRates.xml
----------------- Instantiating /home/travis/build/icyphy/ptII/ptolemy/domains/hdf/kernel/test/auto/DifferentRefinedRates.xml
75 ms. Memory: 168960K Free: 119125K (71%)
----------------- Invoking toplevel() on ptolemy.moml.MoMLSimpleApplication@22cf5ada
----------------- Done invoking toplevel() on ptolemy.moml.MoMLSimpleApplication@22cf5ada
reloadAllAccessors: .DifferentRefinedRates

===========================================================================================
----------------- testing Wed Jul 10 15:28:12 UTC 2019 /home/travis/build/icyphy/ptII/ptolemy/domains/hdf/kernel/test/auto/DifferentRefinedRates2.xml
----------------- Instantiating /home/travis/build/icyphy/ptII/ptolemy/domains/hdf/kernel/test/auto/DifferentRefinedRates2.xml
67 ms. Memory: 168960K Free: 105303K (62%)
----------------- Invoking toplevel() on ptolemy.moml.MoMLSimpleApplication@2f4c06
----------------- Done invoking toplevel() on ptolemy.moml.MoMLSimpleApplication@2f4c06
reloadAllAccessors: .DifferentRefinedRates2

===========================================================================================
----------------- testing Wed Jul 10 15:28:12 UTC 2019 /home/travis/build/icyphy/ptII/ptolemy/domains/hdf/kernel/test/auto/DifferentRefinedRates3.xml
----------------- Instantiating /home/travis/build/icyphy/ptII/ptolemy/domains/hdf/kernel/test/auto/DifferentRefinedRates3.xml
46 ms. Memory: 168960K Free: 94549K (56%)
----------------- Invoking toplevel() on ptolemy.moml.MoMLSimpleApplication@1e191fab
----------------- Done invoking toplevel() on ptolemy.moml.MoMLSimpleApplication@1e191fab
reloadAllAccessors: .DifferentRefinedRates3

===========================================================================================
----------------- testing Wed Jul 10 15:28:13 UTC 2019 /home/travis/build/icyphy/ptII/ptolemy/domains/hdf/kernel/test/auto/DifferentRefinedRates4.xml
----------------- Instantiating /home/travis/build/icyphy/ptII/ptolemy/domains/hdf/kernel/test/auto/DifferentRefinedRates4.xml
58 ms. Memory: 168960K Free: 78151K (46%)
----------------- Invoking toplevel() on ptolemy.moml.MoMLSimpleApplication@142a15b9
----------------- Done invoking toplevel() on ptolemy.moml.MoMLSimpleApplication@142a15b9
reloadAllAccessors: .NewHDFtest1

===========================================================================================
----------------- testing Wed Jul 10 15:28:13 UTC 2019 /home/travis/build/icyphy/ptII/ptolemy/domains/hdf/kernel/test/auto/DifferentRefinedRates5.xml
----------------- Instantiating /home/travis/build/icyphy/ptII/ptolemy/domains/hdf/kernel/test/auto/DifferentRefinedRates5.xml
62 ms. Memory: 168960K Free: 62805K (37%)
----------------- Invoking toplevel() on ptolemy.moml.MoMLSimpleApplication@77e77584
----------------- Done invoking toplevel() on ptolemy.moml.MoMLSimpleApplication@77e77584
reloadAllAccessors: .NewHDFtest2

===========================================================================================
----------------- testing Wed Jul 10 15:28:13 UTC 2019 /home/travis/build/icyphy/ptII/ptolemy/domains/hdf/kernel/test/auto/DifferentRefinedRates6.xml
----------------- Instantiating /home/travis/build/icyphy/ptII/ptolemy/domains/hdf/kernel/test/auto/DifferentRefinedRates6.xml
40 ms. Memory: 168960K Free: 148334K (88%)
----------------- Invoking toplevel() on ptolemy.moml.MoMLSimpleApplication@6d18042e
----------------- Done invoking toplevel() on ptolemy.moml.MoMLSimpleApplication@6d18042e
reloadAllAccessors: .DifferentRefinedRates6

===========================================================================================
----------------- testing Wed Jul 10 15:28:13 UTC 2019 /home/travis/build/icyphy/ptII/ptolemy/domains/hdf/kernel/test/auto/DownSample_PowerOfTwo.xml
----------------- Instantiating /home/travis/build/icyphy/ptII/ptolemy/domains/hdf/kernel/test/auto/DownSample_PowerOfTwo.xml
170 ms. Memory: 168960K Free: 122224K (72%)
----------------- Invoking toplevel() on ptolemy.moml.MoMLSimpleApplication@2047853c
----------------- Done invoking toplevel() on ptolemy.moml.MoMLSimpleApplication@2047853c
reloadAllAccessors: .SDFDownSample

===========================================================================================
----------------- testing Wed Jul 10 15:28:13 UTC 2019 /home/travis/build/icyphy/ptII/ptolemy/domains/hdf/kernel/test/auto/FibonacciWithNullInitial.xml
----------------- Instantiating /home/travis/build/icyphy/ptII/ptolemy/domains/hdf/kernel/test/auto/FibonacciWithNullInitial.xml
157 ms. Memory: 168960K Free: 98672K (58%)
----------------- Invoking toplevel() on ptolemy.moml.MoMLSimpleApplication@12367a81
----------------- Done invoking toplevel() on ptolemy.moml.MoMLSimpleApplication@12367a81
reloadAllAccessors: .FibonacciWithNullInitial

===========================================================================================
----------------- testing Wed Jul 10 15:28:13 UTC 2019 /home/travis/build/icyphy/ptII/ptolemy/domains/hdf/kernel/test/auto/FibonacciWithNullInitial1.xml
----------------- Instantiating /home/travis/build/icyphy/ptII/ptolemy/domains/hdf/kernel/test/auto/FibonacciWithNullInitial1.xml
100 ms. Memory: 168960K Free: 76144K (45%)
----------------- Invoking toplevel() on ptolemy.moml.MoMLSimpleApplication@2de11ef9
----------------- Done invoking toplevel() on ptolemy.moml.MoMLSimpleApplication@2de11ef9
reloadAllAccessors: .FibonacciWithNullInitial1

===========================================================================================
----------------- testing Wed Jul 10 15:28:14 UTC 2019 /home/travis/build/icyphy/ptII/ptolemy/domains/hdf/kernel/test/auto/FibonacciWithTransientStates.xml
----------------- Instantiating /home/travis/build/icyphy/ptII/ptolemy/domains/hdf/kernel/test/auto/FibonacciWithTransientStates.xml
114 ms. Memory: 168960K Free: 147053K (87%)
----------------- Invoking toplevel() on ptolemy.moml.MoMLSimpleApplication@471659fb
----------------- Done invoking toplevel() on ptolemy.moml.MoMLSimpleApplication@471659fb
reloadAllAccessors: .FibonacciWithTransientStates

===========================================================================================
----------------- testing Wed Jul 10 15:28:14 UTC 2019 /home/travis/build/icyphy/ptII/ptolemy/domains/hdf/kernel/test/auto/FibonacciWithTransientStates2.xml
----------------- Instantiating /home/travis/build/icyphy/ptII/ptolemy/domains/hdf/kernel/test/auto/FibonacciWithTransientStates2.xml
41 ms. Memory: 168960K Free: 125213K (74%)
----------------- Invoking toplevel() on ptolemy.moml.MoMLSimpleApplication@62c6d0a
----------------- Done invoking toplevel() on ptolemy.moml.MoMLSimpleApplication@62c6d0a
reloadAllAccessors: .FibonacciWithTransientStates2

===========================================================================================
----------------- testing Wed Jul 10 15:28:14 UTC 2019 /home/travis/build/icyphy/ptII/ptolemy/domains/hdf/kernel/test/auto/FibonacciWithoutHistoryInitial.xml
----------------- Instantiating /home/travis/build/icyphy/ptII/ptolemy/domains/hdf/kernel/test/auto/FibonacciWithoutHistoryInitial.xml
108 ms. Memory: 168960K Free: 103709K (61%)
----------------- Invoking toplevel() on ptolemy.moml.MoMLSimpleApplication@583e8107
----------------- Done invoking toplevel() on ptolemy.moml.MoMLSimpleApplication@583e8107
reloadAllAccessors: .FibonacciWithoutHistoryInitial

===========================================================================================
----------------- testing Wed Jul 10 15:28:14 UTC 2019 /home/travis/build/icyphy/ptII/ptolemy/domains/hdf/kernel/test/auto/GuardUsingPastTokens.xml
----------------- Instantiating /home/travis/build/icyphy/ptII/ptolemy/domains/hdf/kernel/test/auto/GuardUsingPastTokens.xml
26 ms. Memory: 168960K Free: 88859K (53%)
----------------- Invoking toplevel() on ptolemy.moml.MoMLSimpleApplication@2b318fb5
----------------- Done invoking toplevel() on ptolemy.moml.MoMLSimpleApplication@2b318fb5
reloadAllAccessors: .GuardUsingPastTokens

===========================================================================================
----------------- testing Wed Jul 10 15:28:14 UTC 2019 /home/travis/build/icyphy/ptII/ptolemy/domains/hdf/kernel/test/auto/GuardWithResets.xml
----------------- Instantiating /home/travis/build/icyphy/ptII/ptolemy/domains/hdf/kernel/test/auto/GuardWithResets.xml
26 ms. Memory: 168960K Free: 71451K (42%)
----------------- Invoking toplevel() on ptolemy.moml.MoMLSimpleApplication@2e30e472
----------------- Done invoking toplevel() on ptolemy.moml.MoMLSimpleApplication@2e30e472
reloadAllAccessors: .GuardWithResets

===========================================================================================
----------------- testing Wed Jul 10 15:28:14 UTC 2019 /home/travis/build/icyphy/ptII/ptolemy/domains/hdf/kernel/test/auto/Hierarchy_2Level_Test1.xml
----------------- Instantiating /home/travis/build/icyphy/ptII/ptolemy/domains/hdf/kernel/test/auto/Hierarchy_2Level_Test1.xml
34 ms. Memory: 168960K Free: 152327K (90%)
----------------- Invoking toplevel() on ptolemy.moml.MoMLSimpleApplication@67b824a4
----------------- Done invoking toplevel() on ptolemy.moml.MoMLSimpleApplication@67b824a4
reloadAllAccessors: .Hierarchy_2Level_Test1

===========================================================================================
----------------- testing Wed Jul 10 15:28:14 UTC 2019 /home/travis/build/icyphy/ptII/ptolemy/domains/hdf/kernel/test/auto/Hierarchy_2Level_Test2.xml
----------------- Instantiating /home/travis/build/icyphy/ptII/ptolemy/domains/hdf/kernel/test/auto/Hierarchy_2Level_Test2.xml
20 ms. Memory: 168960K Free: 133679K (79%)
----------------- Invoking toplevel() on ptolemy.moml.MoMLSimpleApplication@6244a1e6
----------------- Done invoking toplevel() on ptolemy.moml.MoMLSimpleApplication@6244a1e6
reloadAllAccessors: .Hierarchy_4Level_Test2

===========================================================================================
----------------- testing Wed Jul 10 15:28:14 UTC 2019 /home/travis/build/icyphy/ptII/ptolemy/domains/hdf/kernel/test/auto/Hysteresis.xml
----------------- Instantiating /home/travis/build/icyphy/ptII/ptolemy/domains/hdf/kernel/test/auto/Hysteresis.xml
15 ms. Memory: 168960K Free: 122931K (73%)
----------------- Invoking toplevel() on ptolemy.moml.MoMLSimpleApplication@526e2863
----------------- Done invoking toplevel() on ptolemy.moml.MoMLSimpleApplication@526e2863
reloadAllAccessors: .Hysteresis

===========================================================================================
----------------- testing Wed Jul 10 15:28:14 UTC 2019 /home/travis/build/icyphy/ptII/ptolemy/domains/hdf/kernel/test/auto/InitTransient.xml
----------------- Instantiating /home/travis/build/icyphy/ptII/ptolemy/domains/hdf/kernel/test/auto/InitTransient.xml
31 ms. Memory: 168960K Free: 103497K (61%)
----------------- Invoking toplevel() on ptolemy.moml.MoMLSimpleApplication@7713aa50
----------------- Done invoking toplevel() on ptolemy.moml.MoMLSimpleApplication@7713aa50
reloadAllAccessors: .InitTransient

===========================================================================================
----------------- testing Wed Jul 10 15:28:14 UTC 2019 /home/travis/build/icyphy/ptII/ptolemy/domains/hdf/kernel/test/auto/Merge.xml
----------------- Instantiating /home/travis/build/icyphy/ptII/ptolemy/domains/hdf/kernel/test/auto/Merge.xml
39 ms. Memory: 168960K Free: 86583K (51%)
----------------- Invoking toplevel() on ptolemy.moml.MoMLSimpleApplication@915c4d3
----------------- Done invoking toplevel() on ptolemy.moml.MoMLSimpleApplication@915c4d3
reloadAllAccessors: .Merge

===========================================================================================
----------------- testing Wed Jul 10 15:28:15 UTC 2019 /home/travis/build/icyphy/ptII/ptolemy/domains/hdf/kernel/test/auto/ModalModelBooleanSwitch.xml
----------------- Instantiating /home/travis/build/icyphy/ptII/ptolemy/domains/hdf/kernel/test/auto/ModalModelBooleanSwitch.xml
38 ms. Memory: 168960K Free: 66649K (39%)
----------------- Invoking toplevel() on ptolemy.moml.MoMLSimpleApplication@73a4fb38
----------------- Done invoking toplevel() on ptolemy.moml.MoMLSimpleApplication@73a4fb38
reloadAllAccessors: .BooleanSwitchWithModel

===========================================================================================
----------------- testing Wed Jul 10 15:28:15 UTC 2019 /home/travis/build/icyphy/ptII/ptolemy/domains/hdf/kernel/test/auto/SameRates.xml
----------------- Instantiating /home/travis/build/icyphy/ptII/ptolemy/domains/hdf/kernel/test/auto/SameRates.xml
30 ms. Memory: 202752K Free: 186427K (92%)
----------------- Invoking toplevel() on ptolemy.moml.MoMLSimpleApplication@2833a453
----------------- Done invoking toplevel() on ptolemy.moml.MoMLSimpleApplication@2833a453
reloadAllAccessors: .SameRates

===========================================================================================
----------------- testing Wed Jul 10 15:28:15 UTC 2019 /home/travis/build/icyphy/ptII/ptolemy/domains/hdf/kernel/test/auto/SameRefinedRates.xml
----------------- Instantiating /home/travis/build/icyphy/ptII/ptolemy/domains/hdf/kernel/test/auto/SameRefinedRates.xml
20 ms. Memory: 202752K Free: 173065K (85%)
----------------- Invoking toplevel() on ptolemy.moml.MoMLSimpleApplication@ad4db52
----------------- Done invoking toplevel() on ptolemy.moml.MoMLSimpleApplication@ad4db52
reloadAllAccessors: .SameRefinedRates

===========================================================================================
----------------- testing Wed Jul 10 15:28:15 UTC 2019 /home/travis/build/icyphy/ptII/ptolemy/domains/hdf/kernel/test/auto/SameRefinedRates2.xml
----------------- Instantiating /home/travis/build/icyphy/ptII/ptolemy/domains/hdf/kernel/test/auto/SameRefinedRates2.xml
26 ms. Memory: 202752K Free: 158729K (78%)
----------------- Invoking toplevel() on ptolemy.moml.MoMLSimpleApplication@6bd6e97a
----------------- Done invoking toplevel() on ptolemy.moml.MoMLSimpleApplication@6bd6e97a
reloadAllAccessors: .SameRefinedRates2

===========================================================================================
----------------- testing Wed Jul 10 15:28:15 UTC 2019 /home/travis/build/icyphy/ptII/ptolemy/domains/hdf/kernel/test/auto/TransientStates.xml
----------------- Instantiating /home/travis/build/icyphy/ptII/ptolemy/domains/hdf/kernel/test/auto/TransientStates.xml
30 ms. Memory: 202752K Free: 139769K (69%)
----------------- Invoking toplevel() on ptolemy.moml.MoMLSimpleApplication@7b2b7575
----------------- Done invoking toplevel() on ptolemy.moml.MoMLSimpleApplication@7b2b7575
reloadAllAccessors: .TransientStates

===========================================================================================
----------------- testing Wed Jul 10 15:28:15 UTC 2019 /home/travis/build/icyphy/ptII/ptolemy/domains/hdf/kernel/test/auto/TwoHammingCodec.xml
----------------- Instantiating /home/travis/build/icyphy/ptII/ptolemy/domains/hdf/kernel/test/auto/TwoHammingCodec.xml
46 ms. Memory: 202752K Free: 119289K (59%)
----------------- Invoking toplevel() on ptolemy.moml.MoMLSimpleApplication@550d204e
----------------- Done invoking toplevel() on ptolemy.moml.MoMLSimpleApplication@550d204e
reloadAllAccessors: .TwoHammingCodec

===========================================================================================
----------------- testing Wed Jul 10 15:28:15 UTC 2019 /home/travis/build/icyphy/ptII/ptolemy/domains/hdf/kernel/test/auto/TwoHammingCodec1.xml
----------------- Instantiating /home/travis/build/icyphy/ptII/ptolemy/domains/hdf/kernel/test/auto/TwoHammingCodec1.xml
37 ms. Memory: 202752K Free: 95751K (47%)
----------------- Invoking toplevel() on ptolemy.moml.MoMLSimpleApplication@1c53cb6
----------------- Done invoking toplevel() on ptolemy.moml.MoMLSimpleApplication@1c53cb6
reloadAllAccessors: .twoHammingCodec1

===========================================================================================
----------------- testing Wed Jul 10 15:28:15 UTC 2019 /home/travis/build/icyphy/ptII/ptolemy/domains/hdf/kernel/test/auto/TwoLevelHierarchy.xml
----------------- Instantiating /home/travis/build/icyphy/ptII/ptolemy/domains/hdf/kernel/test/auto/TwoLevelHierarchy.xml
39 ms. Memory: 202752K Free: 170781K (84%)
----------------- Invoking toplevel() on ptolemy.moml.MoMLSimpleApplication@579d9461
----------------- Done invoking toplevel() on ptolemy.moml.MoMLSimpleApplication@579d9461
reloadAllAccessors: .TwoLevelHierarchy

===========================================================================================
----------------- testing Wed Jul 10 15:28:15 UTC 2019 /home/travis/build/icyphy/ptII/ptolemy/domains/hdf/kernel/test/auto/TwoLevelHierarchy1.xml
----------------- Instantiating /home/travis/build/icyphy/ptII/ptolemy/domains/hdf/kernel/test/auto/TwoLevelHierarchy1.xml
61 ms. Memory: 202752K Free: 128283K (63%)
----------------- Invoking toplevel() on ptolemy.moml.MoMLSimpleApplication@6746509f
----------------- Done invoking toplevel() on ptolemy.moml.MoMLSimpleApplication@6746509f
reloadAllAccessors: .TwoLevelHierarchy1

===========================================================================================
----------------- testing Wed Jul 10 15:28:15 UTC 2019 /home/travis/build/icyphy/ptII/ptolemy/domains/hdf/kernel/test/auto/TwoLevelHierarchy2.xml
----------------- Instantiating /home/travis/build/icyphy/ptII/ptolemy/domains/hdf/kernel/test/auto/TwoLevelHierarchy2.xml
55 ms. Memory: 202752K Free: 93981K (46%)
----------------- Invoking toplevel() on ptolemy.moml.MoMLSimpleApplication@50fa846b
----------------- Done invoking toplevel() on ptolemy.moml.MoMLSimpleApplication@50fa846b
reloadAllAccessors: .TwoLevelHierarchy2

===========================================================================================
----------------- testing Wed Jul 10 15:28:16 UTC 2019 /home/travis/build/icyphy/ptII/ptolemy/domains/hdf/kernel/test/auto/TwoLevelHierarchyNullStates.xml
----------------- Instantiating /home/travis/build/icyphy/ptII/ptolemy/domains/hdf/kernel/test/auto/TwoLevelHierarchyNullStates.xml
56 ms. Memory: 202752K Free: 162527K (80%)
----------------- Invoking toplevel() on ptolemy.moml.MoMLSimpleApplication@401770d7
----------------- Done invoking toplevel() on ptolemy.moml.MoMLSimpleApplication@401770d7
reloadAllAccessors: .TwoLevelHierarchyNullStates

===========================================================================================
----------------- testing Wed Jul 10 15:28:16 UTC 2019 /home/travis/build/icyphy/ptII/ptolemy/domains/hdf/kernel/test/auto/TwoLevelHierarchyWithResets.xml
----------------- Instantiating /home/travis/build/icyphy/ptII/ptolemy/domains/hdf/kernel/test/auto/TwoLevelHierarchyWithResets.xml
65 ms. Memory: 202752K Free: 117471K (58%)
----------------- Invoking toplevel() on ptolemy.moml.MoMLSimpleApplication@91ca20a
----------------- Done invoking toplevel() on ptolemy.moml.MoMLSimpleApplication@91ca20a
reloadAllAccessors: .TwoLevelHierarchy1

===========================================================================================
----------------- testing Wed Jul 10 15:28:16 UTC 2019 /home/travis/build/icyphy/ptII/ptolemy/domains/hdf/kernel/test/auto/TwoLevelHierarchyWithResetsNullStates.xml
----------------- Instantiating /home/travis/build/icyphy/ptII/ptolemy/domains/hdf/kernel/test/auto/TwoLevelHierarchyWithResetsNullStates.xml
91 ms. Memory: 202752K Free: 175549K (87%)
----------------- Invoking toplevel() on ptolemy.moml.MoMLSimpleApplication@6d7037dc
----------------- Done invoking toplevel() on ptolemy.moml.MoMLSimpleApplication@6d7037dc
reloadAllAccessors: .TwoLevelHierarchyWithResetsNullStates

===========================================================================================
----------------- testing Wed Jul 10 15:28:16 UTC 2019 /home/travis/build/icyphy/ptII/ptolemy/domains/hdf/kernel/test/auto/WaterTank_HDF.xml
----------------- Instantiating /home/travis/build/icyphy/ptII/ptolemy/domains/hdf/kernel/test/auto/WaterTank_HDF.xml
66 ms. Memory: 202752K Free: 146584K (72%)
----------------- Invoking toplevel() on ptolemy.moml.MoMLSimpleApplication@1080572
----------------- Done invoking toplevel() on ptolemy.moml.MoMLSimpleApplication@1080572
reloadAllAccessors: .WaterTank_HDF

===========================================================================================
----------------- testing Wed Jul 10 15:28:16 UTC 2019 /home/travis/build/icyphy/ptII/ptolemy/domains/hdf/kernel/test/auto/WaterTank_HDF2.xml
----------------- Instantiating /home/travis/build/icyphy/ptII/ptolemy/domains/hdf/kernel/test/auto/WaterTank_HDF2.xml
44 ms. Memory: 202752K Free: 113816K (56%)
----------------- Invoking toplevel() on ptolemy.moml.MoMLSimpleApplication@7134d301
----------------- Done invoking toplevel() on ptolemy.moml.MoMLSimpleApplication@7134d301
reloadAllAccessors: .WaterTank_HDF2

===========================================================================================
----------------- testing Wed Jul 10 15:28:16 UTC 2019 /home/travis/build/icyphy/ptII/ptolemy/domains/hdf/kernel/test/auto/badFSMRateChanges.xml
----------------- Instantiating /home/travis/build/icyphy/ptII/ptolemy/domains/hdf/kernel/test/auto/badFSMRateChanges.xml
15 ms. Memory: 202752K Free: 99480K (49%)
----------------- Invoking toplevel() on ptolemy.moml.MoMLSimpleApplication@3711ef51
----------------- Done invoking toplevel() on ptolemy.moml.MoMLSimpleApplication@3711ef51
reloadAllAccessors: .badFSMRateChanges
AutoTests.java: About to close Vertx.
AutoTests.java: Vertx closed.
]]></system-out>
  <system-err><![CDATA[]]></system-err>
</testsuite>
