<?xml version="1.0" encoding="UTF-8" ?>
<testsuite errors="0" failures="0" hostname="travis-job-30e9390a-e1d5-47b2-a6fb-0d50886cd594" name="ptolemy.domains.continuous.test.junit.JUnitTclTest" skipped="0" tests="156" time="79.134" timestamp="2019-02-26T03:38:12">
  <properties>
[...]
</properties>
  <testcase classname="ptolemy.util.test.junit.TclTests" name="[0] ThereAreNoTclTests (RunTclFile)" time="0.002" />
  <testcase classname="ptolemy.util.test.junit.AutoKnownFailedTests" name="[0] ThereAreNoKnowFailedTests (RunModel)" time="0.002" />
  <testcase classname="ptolemy.util.test.junit.AutoNameArchTests" name="[0] ThereAreNoAutoArchTests (RunModel)" time="0.009" />
  <testcase classname="ptolemy.util.test.junit.AutoTests" name="[0] /home/travis/build/icyphy/ptII/ptolemy/domains/continuous/test/auto/BouncingBall.xml (RunModel)" time="3.012" />
  <testcase classname="ptolemy.util.test.junit.AutoTests" name="[1] /home/travis/build/icyphy/ptII/ptolemy/domains/continuous/test/auto/BouncingBallWithoutGR.xml (RunModel)" time="0.961" />
  <testcase classname="ptolemy.util.test.junit.AutoTests" name="[2] /home/travis/build/icyphy/ptII/ptolemy/domains/continuous/test/auto/Brownian.xml (RunModel)" time="0.076" />
  <testcase classname="ptolemy.util.test.junit.AutoTests" name="[3] /home/travis/build/icyphy/ptII/ptolemy/domains/continuous/test/auto/CarTracking.xml (RunModel)" time="3.949" />
  <testcase classname="ptolemy.util.test.junit.AutoTests" name="[4] /home/travis/build/icyphy/ptII/ptolemy/domains/continuous/test/auto/CartPendulum.xml (RunModel)" time="0.538" />
  <testcase classname="ptolemy.util.test.junit.AutoTests" name="[5] /home/travis/build/icyphy/ptII/ptolemy/domains/continuous/test/auto/CausalityInterface10.xml (RunModel)" time="0.052" />
  <testcase classname="ptolemy.util.test.junit.AutoTests" name="[6] /home/travis/build/icyphy/ptII/ptolemy/domains/continuous/test/auto/CausalityInterface11.xml (RunModel)" time="0.021" />
  <testcase classname="ptolemy.util.test.junit.AutoTests" name="[7] /home/travis/build/icyphy/ptII/ptolemy/domains/continuous/test/auto/CausalityInterface12.xml (RunModel)" time="0.021" />
  <testcase classname="ptolemy.util.test.junit.AutoTests" name="[8] /home/travis/build/icyphy/ptII/ptolemy/domains/continuous/test/auto/CausalityInterface13.xml (RunModel)" time="0.028" />
  <testcase classname="ptolemy.util.test.junit.AutoTests" name="[9] /home/travis/build/icyphy/ptII/ptolemy/domains/continuous/test/auto/CausalityInterface14.xml (RunModel)" time="0.036" />
  <testcase classname="ptolemy.util.test.junit.AutoTests" name="[10] /home/travis/build/icyphy/ptII/ptolemy/domains/continuous/test/auto/CausalityInterface4.xml (RunModel)" time="0.039" />
  <testcase classname="ptolemy.util.test.junit.AutoTests" name="[11] /home/travis/build/icyphy/ptII/ptolemy/domains/continuous/test/auto/CausalityInterface5.xml (RunModel)" time="0.05" />
  <testcase classname="ptolemy.util.test.junit.AutoTests" name="[12] /home/travis/build/icyphy/ptII/ptolemy/domains/continuous/test/auto/CausalityInterface6.xml (RunModel)" time="0.026" />
  <testcase classname="ptolemy.util.test.junit.AutoTests" name="[13] /home/travis/build/icyphy/ptII/ptolemy/domains/continuous/test/auto/CausalityInterface7.xml (RunModel)" time="0.053" />
  <testcase classname="ptolemy.util.test.junit.AutoTests" name="[14] /home/travis/build/icyphy/ptII/ptolemy/domains/continuous/test/auto/CausalityInterface8.xml (RunModel)" time="0.037" />
  <testcase classname="ptolemy.util.test.junit.AutoTests" name="[15] /home/travis/build/icyphy/ptII/ptolemy/domains/continuous/test/auto/CausalityInterface9.xml (RunModel)" time="0.048" />
  <testcase classname="ptolemy.util.test.junit.AutoTests" name="[16] /home/travis/build/icyphy/ptII/ptolemy/domains/continuous/test/auto/CausalityInterfaceFeedback1.xml (RunModel)" time="0.032" />
  <testcase classname="ptolemy.util.test.junit.AutoTests" name="[17] /home/travis/build/icyphy/ptII/ptolemy/domains/continuous/test/auto/CausalityInterfaceFeedback2.xml (RunModel)" time="0.035" />
  <testcase classname="ptolemy.util.test.junit.AutoTests" name="[18] /home/travis/build/icyphy/ptII/ptolemy/domains/continuous/test/auto/CompareWithCurrentTime.xml (RunModel)" time="0.023" />
  <testcase classname="ptolemy.util.test.junit.AutoTests" name="[19] /home/travis/build/icyphy/ptII/ptolemy/domains/continuous/test/auto/ComparedClocks.xml (RunModel)" time="0.083" />
  <testcase classname="ptolemy.util.test.junit.AutoTests" name="[20] /home/travis/build/icyphy/ptII/ptolemy/domains/continuous/test/auto/ContinuousAOCClone.xml (RunModel)" time="2.853" />
  <testcase classname="ptolemy.util.test.junit.AutoTests" name="[21] /home/travis/build/icyphy/ptII/ptolemy/domains/continuous/test/auto/ContinuousClock.xml (RunModel)" time="0.103" />
  <testcase classname="ptolemy.util.test.junit.AutoTests" name="[22] /home/travis/build/icyphy/ptII/ptolemy/domains/continuous/test/auto/ContinuousInContinuous.xml (RunModel)" time="0.09" />
  <testcase classname="ptolemy.util.test.junit.AutoTests" name="[23] /home/travis/build/icyphy/ptII/ptolemy/domains/continuous/test/auto/ContinuousInContinuousInContinuous.xml (RunModel)" time="0.03" />
  <testcase classname="ptolemy.util.test.junit.AutoTests" name="[24] /home/travis/build/icyphy/ptII/ptolemy/domains/continuous/test/auto/ContinuousInDE.xml (RunModel)" time="0.143" />
  <testcase classname="ptolemy.util.test.junit.AutoTests" name="[25] /home/travis/build/icyphy/ptII/ptolemy/domains/continuous/test/auto/ContinuousInDE2.xml (RunModel)" time="0.07" />
  <testcase classname="ptolemy.util.test.junit.AutoTests" name="[26] /home/travis/build/icyphy/ptII/ptolemy/domains/continuous/test/auto/ContinuousInDE3.xml (RunModel)" time="0.061" />
  <testcase classname="ptolemy.util.test.junit.AutoTests" name="[27] /home/travis/build/icyphy/ptII/ptolemy/domains/continuous/test/auto/ContinuousInDE4.xml (RunModel)" time="0.045" />
  <testcase classname="ptolemy.util.test.junit.AutoTests" name="[28] /home/travis/build/icyphy/ptII/ptolemy/domains/continuous/test/auto/ContinuousInDEDifferentRefinements.xml (RunModel)" time="0.097" />
  <testcase classname="ptolemy.util.test.junit.AutoTests" name="[29] /home/travis/build/icyphy/ptII/ptolemy/domains/continuous/test/auto/ContinuousInDEDifferentRefinementsPreemptive.xml (RunModel)" time="0.088" />
  <testcase classname="ptolemy.util.test.junit.AutoTests" name="[30] /home/travis/build/icyphy/ptII/ptolemy/domains/continuous/test/auto/ContinuousInDEInContinuous2.xml (RunModel)" time="0.064" />
  <testcase classname="ptolemy.util.test.junit.AutoTests" name="[31] /home/travis/build/icyphy/ptII/ptolemy/domains/continuous/test/auto/ContinuousInDEInContinuous3.xml (RunModel)" time="0.07" />
  <testcase classname="ptolemy.util.test.junit.AutoTests" name="[32] /home/travis/build/icyphy/ptII/ptolemy/domains/continuous/test/auto/ContinuousInDEInput.xml (RunModel)" time="0.047" />
  <testcase classname="ptolemy.util.test.junit.AutoTests" name="[33] /home/travis/build/icyphy/ptII/ptolemy/domains/continuous/test/auto/ContinuousInDEInput2.xml (RunModel)" time="0.045" />
  <testcase classname="ptolemy.util.test.junit.AutoTests" name="[34] /home/travis/build/icyphy/ptII/ptolemy/domains/continuous/test/auto/ContinuousInDEInput3.xml (RunModel)" time="0.035" />
  <testcase classname="ptolemy.util.test.junit.AutoTests" name="[35] /home/travis/build/icyphy/ptII/ptolemy/domains/continuous/test/auto/ContinuousInDESharingRefinement.xml (RunModel)" time="0.219" />
  <testcase classname="ptolemy.util.test.junit.AutoTests" name="[36] /home/travis/build/icyphy/ptII/ptolemy/domains/continuous/test/auto/ContinuousInDEwithNoPorts.xml (RunModel)" time="0.023" />
  <testcase classname="ptolemy.util.test.junit.AutoTests" name="[37] /home/travis/build/icyphy/ptII/ptolemy/domains/continuous/test/auto/ContinuousInsideDE.xml (RunModel)" time="0.09" />
  <testcase classname="ptolemy.util.test.junit.AutoTests" name="[38] /home/travis/build/icyphy/ptII/ptolemy/domains/continuous/test/auto/ContinuousMerge1.xml (RunModel)" time="0.022" />
  <testcase classname="ptolemy.util.test.junit.AutoTests" name="[39] /home/travis/build/icyphy/ptII/ptolemy/domains/continuous/test/auto/ContinuousMerge2.xml (RunModel)" time="0.071" />
  <testcase classname="ptolemy.util.test.junit.AutoTests" name="[40] /home/travis/build/icyphy/ptII/ptolemy/domains/continuous/test/auto/ContinuousMerge3.xml (RunModel)" time="0.076" />
  <testcase classname="ptolemy.util.test.junit.AutoTests" name="[41] /home/travis/build/icyphy/ptII/ptolemy/domains/continuous/test/auto/ContinuousWithinContinuous.xml (RunModel)" time="0.07" />
  <testcase classname="ptolemy.util.test.junit.AutoTests" name="[42] /home/travis/build/icyphy/ptII/ptolemy/domains/continuous/test/auto/ContinuousWithinContinuous2.xml (RunModel)" time="0.09" />
  <testcase classname="ptolemy.util.test.junit.AutoTests" name="[43] /home/travis/build/icyphy/ptII/ptolemy/domains/continuous/test/auto/ContinuousWithinContinuous3.xml (RunModel)" time="0.035" />
  <testcase classname="ptolemy.util.test.junit.AutoTests" name="[44] /home/travis/build/icyphy/ptII/ptolemy/domains/continuous/test/auto/ContinuousWithinContinuous4.xml (RunModel)" time="0.08" />
  <testcase classname="ptolemy.util.test.junit.AutoTests" name="[45] /home/travis/build/icyphy/ptII/ptolemy/domains/continuous/test/auto/ContinuousWithinContinuous5.xml (RunModel)" time="0.029" />
  <testcase classname="ptolemy.util.test.junit.AutoTests" name="[46] /home/travis/build/icyphy/ptII/ptolemy/domains/continuous/test/auto/ContinuousWithinContinuous6.xml (RunModel)" time="0.028" />
  <testcase classname="ptolemy.util.test.junit.AutoTests" name="[47] /home/travis/build/icyphy/ptII/ptolemy/domains/continuous/test/auto/ContinuousWithinContinuous7.xml (RunModel)" time="0.072" />
  <testcase classname="ptolemy.util.test.junit.AutoTests" name="[48] /home/travis/build/icyphy/ptII/ptolemy/domains/continuous/test/auto/DCMotor.xml (RunModel)" time="15.897" />
  <testcase classname="ptolemy.util.test.junit.AutoTests" name="[49] /home/travis/build/icyphy/ptII/ptolemy/domains/continuous/test/auto/DEInContinuous.xml (RunModel)" time="0.018" />
  <testcase classname="ptolemy.util.test.junit.AutoTests" name="[50] /home/travis/build/icyphy/ptII/ptolemy/domains/continuous/test/auto/DEinContinuous2.xml (RunModel)" time="0.023" />
  <testcase classname="ptolemy.util.test.junit.AutoTests" name="[51] /home/travis/build/icyphy/ptII/ptolemy/domains/continuous/test/auto/Derivative.xml (RunModel)" time="0.202" />
  <testcase classname="ptolemy.util.test.junit.AutoTests" name="[52] /home/travis/build/icyphy/ptII/ptolemy/domains/continuous/test/auto/Derivative1.xml (RunModel)" time="0.044" />
  <testcase classname="ptolemy.util.test.junit.AutoTests" name="[53] /home/travis/build/icyphy/ptII/ptolemy/domains/continuous/test/auto/DiscreteClock.xml (RunModel)" time="0.017" />
  <testcase classname="ptolemy.util.test.junit.AutoTests" name="[54] /home/travis/build/icyphy/ptII/ptolemy/domains/continuous/test/auto/EfficiencyCurve.xml (RunModel)" time="0.079" />
  <testcase classname="ptolemy.util.test.junit.AutoTests" name="[55] /home/travis/build/icyphy/ptII/ptolemy/domains/continuous/test/auto/ExponentialResponse.xml (RunModel)" time="0.145" />
  <testcase classname="ptolemy.util.test.junit.AutoTests" name="[56] /home/travis/build/icyphy/ptII/ptolemy/domains/continuous/test/auto/ExponentialResponseRK45.xml (RunModel)" time="0.04" />
  <testcase classname="ptolemy.util.test.junit.AutoTests" name="[57] /home/travis/build/icyphy/ptII/ptolemy/domains/continuous/test/auto/Friction.xml (RunModel)" time="1.558" />
  <testcase classname="ptolemy.util.test.junit.AutoTests" name="[58] /home/travis/build/icyphy/ptII/ptolemy/domains/continuous/test/auto/FurutaPendulum.xml (RunModel)" time="3.775" />
  <testcase classname="ptolemy.util.test.junit.AutoTests" name="[59] /home/travis/build/icyphy/ptII/ptolemy/domains/continuous/test/auto/HierarchicalExecution.xml (RunModel)" time="2.565" />
  <testcase classname="ptolemy.util.test.junit.AutoTests" name="[60] /home/travis/build/icyphy/ptII/ptolemy/domains/continuous/test/auto/HybridPlant.xml (RunModel)" time="0.645" />
  <testcase classname="ptolemy.util.test.junit.AutoTests" name="[61] /home/travis/build/icyphy/ptII/ptolemy/domains/continuous/test/auto/Hysteresis.xml (RunModel)" time="0.177" />
  <testcase classname="ptolemy.util.test.junit.AutoTests" name="[62] /home/travis/build/icyphy/ptII/ptolemy/domains/continuous/test/auto/HysteresisWithRandomDelay.xml (RunModel)" time="0.26" />
  <testcase classname="ptolemy.util.test.junit.AutoTests" name="[63] /home/travis/build/icyphy/ptII/ptolemy/domains/continuous/test/auto/HysteresisWithRandomLosses.xml (RunModel)" time="2.633" />
  <testcase classname="ptolemy.util.test.junit.AutoTests" name="[64] /home/travis/build/icyphy/ptII/ptolemy/domains/continuous/test/auto/ImmediateTransitions.xml (RunModel)" time="0.038" />
  <testcase classname="ptolemy.util.test.junit.AutoTests" name="[65] /home/travis/build/icyphy/ptII/ptolemy/domains/continuous/test/auto/ImpulseFeedback.xml (RunModel)" time="0.033" />
  <testcase classname="ptolemy.util.test.junit.AutoTests" name="[66] /home/travis/build/icyphy/ptII/ptolemy/domains/continuous/test/auto/ImpulseFeedback2.xml (RunModel)" time="0.018" />
  <testcase classname="ptolemy.util.test.junit.AutoTests" name="[67] /home/travis/build/icyphy/ptII/ptolemy/domains/continuous/test/auto/IncreasingRatePoisson.xml (RunModel)" time="0.728" />
  <testcase classname="ptolemy.util.test.junit.AutoTests" name="[68] /home/travis/build/icyphy/ptII/ptolemy/domains/continuous/test/auto/InitialStateFeedback.xml (RunModel)" time="0.015" />
  <testcase classname="ptolemy.util.test.junit.AutoTests" name="[69] /home/travis/build/icyphy/ptII/ptolemy/domains/continuous/test/auto/Integration.xml (RunModel)" time="0.016" />
  <testcase classname="ptolemy.util.test.junit.AutoTests" name="[70] /home/travis/build/icyphy/ptII/ptolemy/domains/continuous/test/auto/Integration2.xml (RunModel)" time="0.096" />
  <testcase classname="ptolemy.util.test.junit.AutoTests" name="[71] /home/travis/build/icyphy/ptII/ptolemy/domains/continuous/test/auto/Integration3.xml (RunModel)" time="0.017" />
  <testcase classname="ptolemy.util.test.junit.AutoTests" name="[72] /home/travis/build/icyphy/ptII/ptolemy/domains/continuous/test/auto/Integration5.xml (RunModel)" time="0.027" />
  <testcase classname="ptolemy.util.test.junit.AutoTests" name="[73] /home/travis/build/icyphy/ptII/ptolemy/domains/continuous/test/auto/IntegratorImpulse.xml (RunModel)" time="0.02" />
  <testcase classname="ptolemy.util.test.junit.AutoTests" name="[74] /home/travis/build/icyphy/ptII/ptolemy/domains/continuous/test/auto/IntegratorImpulse2.xml (RunModel)" time="0.017" />
  <testcase classname="ptolemy.util.test.junit.AutoTests" name="[75] /home/travis/build/icyphy/ptII/ptolemy/domains/continuous/test/auto/LevelCrossing1.xml (RunModel)" time="0.014" />
  <testcase classname="ptolemy.util.test.junit.AutoTests" name="[76] /home/travis/build/icyphy/ptII/ptolemy/domains/continuous/test/auto/LevelCrossing2.xml (RunModel)" time="0.015" />
  <testcase classname="ptolemy.util.test.junit.AutoTests" name="[77] /home/travis/build/icyphy/ptII/ptolemy/domains/continuous/test/auto/LevelCrossing3.xml (RunModel)" time="0.014" />
  <testcase classname="ptolemy.util.test.junit.AutoTests" name="[78] /home/travis/build/icyphy/ptII/ptolemy/domains/continuous/test/auto/LevelCrossing4.xml (RunModel)" time="0.017" />
  <testcase classname="ptolemy.util.test.junit.AutoTests" name="[79] /home/travis/build/icyphy/ptII/ptolemy/domains/continuous/test/auto/LevelCrossing5.xml (RunModel)" time="0.015" />
  <testcase classname="ptolemy.util.test.junit.AutoTests" name="[80] /home/travis/build/icyphy/ptII/ptolemy/domains/continuous/test/auto/LevelCrossing6.xml (RunModel)" time="0.016" />
  <testcase classname="ptolemy.util.test.junit.AutoTests" name="[81] /home/travis/build/icyphy/ptII/ptolemy/domains/continuous/test/auto/LevelCrossingDetector.xml (RunModel)" time="0.041" />
  <testcase classname="ptolemy.util.test.junit.AutoTests" name="[82] /home/travis/build/icyphy/ptII/ptolemy/domains/continuous/test/auto/LevelCrossingDetectorDetectingDirections.xml (RunModel)" time="0.078" />
  <testcase classname="ptolemy.util.test.junit.AutoTests" name="[83] /home/travis/build/icyphy/ptII/ptolemy/domains/continuous/test/auto/LevelCrossingDetectorDetectsGlitches.xml (RunModel)" time="0.062" />
  <testcase classname="ptolemy.util.test.junit.AutoTests" name="[84] /home/travis/build/icyphy/ptII/ptolemy/domains/continuous/test/auto/LevelCrossingNoInitialOuput.xml (RunModel)" time="0.012" />
  <testcase classname="ptolemy.util.test.junit.AutoTests" name="[85] /home/travis/build/icyphy/ptII/ptolemy/domains/continuous/test/auto/LinearStateSpaceExample.xml (RunModel)" time="0.035" />
  <testcase classname="ptolemy.util.test.junit.AutoTests" name="[86] /home/travis/build/icyphy/ptII/ptolemy/domains/continuous/test/auto/Lorenz.xml (RunModel)" time="4.386" />
  <testcase classname="ptolemy.util.test.junit.AutoTests" name="[87] /home/travis/build/icyphy/ptII/ptolemy/domains/continuous/test/auto/LorenzDifferentialSystem.xml (RunModel)" time="1.178" />
  <testcase classname="ptolemy.util.test.junit.AutoTests" name="[88] /home/travis/build/icyphy/ptII/ptolemy/domains/continuous/test/auto/LorenzDifferentialSystemWithInput.xml (RunModel)" time="1.465" />
  <testcase classname="ptolemy.util.test.junit.AutoTests" name="[89] /home/travis/build/icyphy/ptII/ptolemy/domains/continuous/test/auto/LorenzDifferentialSystemWithTime.xml (RunModel)" time="0.879" />
  <testcase classname="ptolemy.util.test.junit.AutoTests" name="[90] /home/travis/build/icyphy/ptII/ptolemy/domains/continuous/test/auto/Microsteps.xml (RunModel)" time="0.034" />
  <testcase classname="ptolemy.util.test.junit.AutoTests" name="[91] /home/travis/build/icyphy/ptII/ptolemy/domains/continuous/test/auto/Modal1.xml (RunModel)" time="0.051" />
  <testcase classname="ptolemy.util.test.junit.AutoTests" name="[92] /home/travis/build/icyphy/ptII/ptolemy/domains/continuous/test/auto/Modal2.xml (RunModel)" time="0.049" />
  <testcase classname="ptolemy.util.test.junit.AutoTests" name="[93] /home/travis/build/icyphy/ptII/ptolemy/domains/continuous/test/auto/ModalTransitionGuardWithReset.xml (RunModel)" time="0.026" />
  <testcase classname="ptolemy.util.test.junit.AutoTests" name="[94] /home/travis/build/icyphy/ptII/ptolemy/domains/continuous/test/auto/ModalTransitionGuardWithResetUsingPreemptiveTransition.xml (RunModel)" time="0.027" />
  <testcase classname="ptolemy.util.test.junit.AutoTests" name="[95] /home/travis/build/icyphy/ptII/ptolemy/domains/continuous/test/auto/ModalTransitionGuardWithResetUsingPreemptiveTransition2.xml (RunModel)" time="0.027" />
  <testcase classname="ptolemy.util.test.junit.AutoTests" name="[96] /home/travis/build/icyphy/ptII/ptolemy/domains/continuous/test/auto/ModalTransitionGuardWithResetUsingPreemptiveTransition3.xml (RunModel)" time="0.044" />
  <testcase classname="ptolemy.util.test.junit.AutoTests" name="[97] /home/travis/build/icyphy/ptII/ptolemy/domains/continuous/test/auto/NewtonsCradle.xml (RunModel)" time="0.913" />
  <testcase classname="ptolemy.util.test.junit.AutoTests" name="[98] /home/travis/build/icyphy/ptII/ptolemy/domains/continuous/test/auto/NewtonsCradleAnimated.xml (RunModel)" time="1.434" />
  <testcase classname="ptolemy.util.test.junit.AutoTests" name="[99] /home/travis/build/icyphy/ptII/ptolemy/domains/continuous/test/auto/NewtonsCradleComplicated.xml (RunModel)" time="0.971" />
  <testcase classname="ptolemy.util.test.junit.AutoTests" name="[100] /home/travis/build/icyphy/ptII/ptolemy/domains/continuous/test/auto/NewtonsCradleNondeterministic.xml (RunModel)" time="0.724" />
  <testcase classname="ptolemy.util.test.junit.AutoTests" name="[101] /home/travis/build/icyphy/ptII/ptolemy/domains/continuous/test/auto/NewtonsCradlePerfectlyInelastic1.xml (RunModel)" time="1.355" />
  <testcase classname="ptolemy.util.test.junit.AutoTests" name="[102] /home/travis/build/icyphy/ptII/ptolemy/domains/continuous/test/auto/Noise.xml (RunModel)" time="0.207" />
  <testcase classname="ptolemy.util.test.junit.AutoTests" name="[103] /home/travis/build/icyphy/ptII/ptolemy/domains/continuous/test/auto/NoiseSpectrum.xml (RunModel)" time="0.915" />
  <testcase classname="ptolemy.util.test.junit.AutoTests" name="[104] /home/travis/build/icyphy/ptII/ptolemy/domains/continuous/test/auto/ParameterizedNewtonsCradleAnimated.xml (RunModel)" time="0.403" />
  <testcase classname="ptolemy.util.test.junit.AutoTests" name="[105] /home/travis/build/icyphy/ptII/ptolemy/domains/continuous/test/auto/ParameterizedNewtonsCradleAnimatedNondeterministic.xml (RunModel)" time="1.139" />
  <testcase classname="ptolemy.util.test.junit.AutoTests" name="[106] /home/travis/build/icyphy/ptII/ptolemy/domains/continuous/test/auto/Pendulum3D.xml (RunModel)" time="0.177" />
  <testcase classname="ptolemy.util.test.junit.AutoTests" name="[107] /home/travis/build/icyphy/ptII/ptolemy/domains/continuous/test/auto/PeriodicSampler.xml (RunModel)" time="0.012" />
  <testcase classname="ptolemy.util.test.junit.AutoTests" name="[108] /home/travis/build/icyphy/ptII/ptolemy/domains/continuous/test/auto/PeriodicSampler1.xml (RunModel)" time="0.045" />
  <testcase classname="ptolemy.util.test.junit.AutoTests" name="[109] /home/travis/build/icyphy/ptII/ptolemy/domains/continuous/test/auto/PeriodicSampler2.xml (RunModel)" time="0.071" />
  <testcase classname="ptolemy.util.test.junit.AutoTests" name="[110] /home/travis/build/icyphy/ptII/ptolemy/domains/continuous/test/auto/Poisson.xml (RunModel)" time="0.485" />
  <testcase classname="ptolemy.util.test.junit.AutoTests" name="[111] /home/travis/build/icyphy/ptII/ptolemy/domains/continuous/test/auto/PoissonClock.xml (RunModel)" time="0.014" />
  <testcase classname="ptolemy.util.test.junit.AutoTests" name="[112] /home/travis/build/icyphy/ptII/ptolemy/domains/continuous/test/auto/PoissonClock2.xml (RunModel)" time="0.015" />
  <testcase classname="ptolemy.util.test.junit.AutoTests" name="[113] /home/travis/build/icyphy/ptII/ptolemy/domains/continuous/test/auto/PortParameterHierarchy.xml (RunModel)" time="0.02" />
  <testcase classname="ptolemy.util.test.junit.AutoTests" name="[114] /home/travis/build/icyphy/ptII/ptolemy/domains/continuous/test/auto/RandomHybridPlant.xml (RunModel)" time="0.537" />
  <testcase classname="ptolemy.util.test.junit.AutoTests" name="[115] /home/travis/build/icyphy/ptII/ptolemy/domains/continuous/test/auto/ResetTransitionWithStartTime1.xml (RunModel)" time="0.031" />
  <testcase classname="ptolemy.util.test.junit.AutoTests" name="[116] /home/travis/build/icyphy/ptII/ptolemy/domains/continuous/test/auto/ResetTransitionWithStartTime2.xml (RunModel)" time="0.046" />
  <testcase classname="ptolemy.util.test.junit.AutoTests" name="[117] /home/travis/build/icyphy/ptII/ptolemy/domains/continuous/test/auto/ResetTransitionWithStartTime3.xml (RunModel)" time="0.045" />
  <testcase classname="ptolemy.util.test.junit.AutoTests" name="[118] /home/travis/build/icyphy/ptII/ptolemy/domains/continuous/test/auto/ResetTransitionWithStartTime4.xml (RunModel)" time="0.025" />
  <testcase classname="ptolemy.util.test.junit.AutoTests" name="[119] /home/travis/build/icyphy/ptII/ptolemy/domains/continuous/test/auto/ResetTransitionWithStartTime5.xml (RunModel)" time="0.038" />
  <testcase classname="ptolemy.util.test.junit.AutoTests" name="[120] /home/travis/build/icyphy/ptII/ptolemy/domains/continuous/test/auto/ResetTransitionWithStartTime6.xml (RunModel)" time="0.03" />
  <testcase classname="ptolemy.util.test.junit.AutoTests" name="[121] /home/travis/build/icyphy/ptII/ptolemy/domains/continuous/test/auto/SRinContinuous.xml (RunModel)" time="0.033" />
  <testcase classname="ptolemy.util.test.junit.AutoTests" name="[122] /home/travis/build/icyphy/ptII/ptolemy/domains/continuous/test/auto/SampledClocks.xml (RunModel)" time="0.032" />
  <testcase classname="ptolemy.util.test.junit.AutoTests" name="[123] /home/travis/build/icyphy/ptII/ptolemy/domains/continuous/test/auto/Satellite.xml (RunModel)" time="0.963" />
  <testcase classname="ptolemy.util.test.junit.AutoTests" name="[124] /home/travis/build/icyphy/ptII/ptolemy/domains/continuous/test/auto/SigmaDelta.xml (RunModel)" time="2.496" />
  <testcase classname="ptolemy.util.test.junit.AutoTests" name="[125] /home/travis/build/icyphy/ptII/ptolemy/domains/continuous/test/auto/SingleRefinement.xml (RunModel)" time="0.419" />
  <testcase classname="ptolemy.util.test.junit.AutoTests" name="[126] /home/travis/build/icyphy/ptII/ptolemy/domains/continuous/test/auto/SinuBouncingBall.xml (RunModel)" time="0.776" />
  <testcase classname="ptolemy.util.test.junit.AutoTests" name="[127] /home/travis/build/icyphy/ptII/ptolemy/domains/continuous/test/auto/Sinusoid.xml (RunModel)" time="0.018" />
  <testcase classname="ptolemy.util.test.junit.AutoTests" name="[128] /home/travis/build/icyphy/ptII/ptolemy/domains/continuous/test/auto/SinusoidInNoise.xml (RunModel)" time="0.938" />
  <testcase classname="ptolemy.util.test.junit.AutoTests" name="[129] /home/travis/build/icyphy/ptII/ptolemy/domains/continuous/test/auto/SinusoidRK45.xml (RunModel)" time="0.01" />
  <testcase classname="ptolemy.util.test.junit.AutoTests" name="[130] /home/travis/build/icyphy/ptII/ptolemy/domains/continuous/test/auto/SinusoidWithMultipleImpulses.xml (RunModel)" time="0.024" />
  <testcase classname="ptolemy.util.test.junit.AutoTests" name="[131] /home/travis/build/icyphy/ptII/ptolemy/domains/continuous/test/auto/SquareWave.xml (RunModel)" time="0.173" />
  <testcase classname="ptolemy.util.test.junit.AutoTests" name="[132] /home/travis/build/icyphy/ptII/ptolemy/domains/continuous/test/auto/Starmac.xml (RunModel)" time="3.394" />
  <testcase classname="ptolemy.util.test.junit.AutoTests" name="[133] /home/travis/build/icyphy/ptII/ptolemy/domains/continuous/test/auto/StaticUnits.xml (RunModel)" time="2.541" />
  <testcase classname="ptolemy.util.test.junit.AutoTests" name="[134] /home/travis/build/icyphy/ptII/ptolemy/domains/continuous/test/auto/StickyMasses.xml (RunModel)" time="0.186" />
  <testcase classname="ptolemy.util.test.junit.AutoTests" name="[135] /home/travis/build/icyphy/ptII/ptolemy/domains/continuous/test/auto/StopTime.xml (RunModel)" time="0.082" />
  <testcase classname="ptolemy.util.test.junit.AutoTests" name="[136] /home/travis/build/icyphy/ptII/ptolemy/domains/continuous/test/auto/StopTime2.xml (RunModel)" time="0.063" />
  <testcase classname="ptolemy.util.test.junit.AutoTests" name="[137] /home/travis/build/icyphy/ptII/ptolemy/domains/continuous/test/auto/Switch.xml (RunModel)" time="0.061" />
  <testcase classname="ptolemy.util.test.junit.AutoTests" name="[138] /home/travis/build/icyphy/ptII/ptolemy/domains/continuous/test/auto/Thermostat.xml (RunModel)" time="0.221" />
  <testcase classname="ptolemy.util.test.junit.AutoTests" name="[139] /home/travis/build/icyphy/ptII/ptolemy/domains/continuous/test/auto/TimeDelay.xml (RunModel)" time="0.015" />
  <testcase classname="ptolemy.util.test.junit.AutoTests" name="[140] /home/travis/build/icyphy/ptII/ptolemy/domains/continuous/test/auto/TimeDelay2.xml (RunModel)" time="0.021" />
  <testcase classname="ptolemy.util.test.junit.AutoTests" name="[141] /home/travis/build/icyphy/ptII/ptolemy/domains/continuous/test/auto/TimeDelay3.xml (RunModel)" time="0.02" />
  <testcase classname="ptolemy.util.test.junit.AutoTests" name="[142] /home/travis/build/icyphy/ptII/ptolemy/domains/continuous/test/auto/TransferAbsentToInside.xml (RunModel)" time="0.136" />
  <testcase classname="ptolemy.util.test.junit.AutoTests" name="[143] /home/travis/build/icyphy/ptII/ptolemy/domains/continuous/test/auto/Transmission.xml (RunModel)" time="0.688" />
  <testcase classname="ptolemy.util.test.junit.AutoTests" name="[144] /home/travis/build/icyphy/ptII/ptolemy/domains/continuous/test/auto/TriggeredContinuousClock.xml (RunModel)" time="0.065" />
  <testcase classname="ptolemy.util.test.junit.AutoTests" name="[145] /home/travis/build/icyphy/ptII/ptolemy/domains/continuous/test/auto/TwoMachineInfiniteBusControl.xml (RunModel)" time="2.747" />
  <testcase classname="ptolemy.util.test.junit.AutoTests" name="[146] /home/travis/build/icyphy/ptII/ptolemy/domains/continuous/test/auto/V2V.xml (RunModel)" time="0.708" />
  <testcase classname="ptolemy.util.test.junit.AutoTests" name="[147] /home/travis/build/icyphy/ptII/ptolemy/domains/continuous/test/auto/hierarchicalModalModel.xml (RunModel)" time="0.031" />
  <testcase classname="ptolemy.util.test.junit.AutoTests" name="[148] /home/travis/build/icyphy/ptII/ptolemy/domains/continuous/test/auto/hierarchicalModalModel1.xml (RunModel)" time="0.037" />
  <testcase classname="ptolemy.util.test.junit.AutoTests" name="[149] /home/travis/build/icyphy/ptII/ptolemy/domains/continuous/test/auto/hierarchicalModalModel2.xml (RunModel)" time="0.028" />
  <testcase classname="ptolemy.util.test.junit.AutoTests" name="[150] /home/travis/build/icyphy/ptII/ptolemy/domains/continuous/test/auto/hierarchicalModalModel3.xml (RunModel)" time="0.023" />
  <testcase classname="ptolemy.util.test.junit.AutoTests" name="[151] /home/travis/build/icyphy/ptII/ptolemy/domains/continuous/test/auto/hierarchicalModalModel4.xml (RunModel)" time="0.027" />
  <testcase classname="ptolemy.util.test.junit.AutoTests" name="[152] /home/travis/build/icyphy/ptII/ptolemy/domains/continuous/test/auto/junk.xml (RunModel)" time="0.133" />
  <system-out><![CDATA[No tcl tests in /home/travis/build/icyphy/ptII/ptolemy/domains/continuous/test
No auto/knownFailedTests/*.xml tests in /home/travis/build/icyphy/ptII/ptolemy/domains/continuous/test
No auto/linux-amd64/*.xml tests in /home/travis/build/icyphy/ptII/ptolemy/domains/continuous/test
AutoTests.java: About to close Vertx.
AutoTests.java: Vertx closed.

===========================================================================================
----------------- testing Tue Feb 26 03:38:12 UTC 2019 /home/travis/build/icyphy/ptII/ptolemy/domains/continuous/test/auto/BouncingBall.xml
----------------- Instantiating /home/travis/build/icyphy/ptII/ptolemy/domains/continuous/test/auto/BouncingBall.xml
2534 ms. Memory: 332288K Free: 267764K (81%)
----------------- Invoking toplevel() on ptolemy.moml.MoMLSimpleApplication@126b6462
----------------- Done invoking toplevel() on ptolemy.moml.MoMLSimpleApplication@126b6462
reloadAllAccessors: .BouncingBall

===========================================================================================
----------------- testing Tue Feb 26 03:38:15 UTC 2019 /home/travis/build/icyphy/ptII/ptolemy/domains/continuous/test/auto/BouncingBallWithoutGR.xml
----------------- Instantiating /home/travis/build/icyphy/ptII/ptolemy/domains/continuous/test/auto/BouncingBallWithoutGR.xml
835 ms. Memory: 332288K Free: 323940K (97%)
----------------- Invoking toplevel() on ptolemy.moml.MoMLSimpleApplication@39fb9114
----------------- Done invoking toplevel() on ptolemy.moml.MoMLSimpleApplication@39fb9114
reloadAllAccessors: .BouncingBallWithoutGR

===========================================================================================
----------------- testing Tue Feb 26 03:38:16 UTC 2019 /home/travis/build/icyphy/ptII/ptolemy/domains/continuous/test/auto/Brownian.xml
----------------- Instantiating /home/travis/build/icyphy/ptII/ptolemy/domains/continuous/test/auto/Brownian.xml
27 ms. Memory: 332288K Free: 310239K (93%)
----------------- Invoking toplevel() on ptolemy.moml.MoMLSimpleApplication@665f3f49
----------------- Done invoking toplevel() on ptolemy.moml.MoMLSimpleApplication@665f3f49
reloadAllAccessors: .Brownian

===========================================================================================
----------------- testing Tue Feb 26 03:38:16 UTC 2019 /home/travis/build/icyphy/ptII/ptolemy/domains/continuous/test/auto/CarTracking.xml
----------------- Instantiating /home/travis/build/icyphy/ptII/ptolemy/domains/continuous/test/auto/CarTracking.xml
3528 ms. Memory: 578560K Free: 458549K (79%)
----------------- Invoking toplevel() on ptolemy.moml.MoMLSimpleApplication@4cf693eb
----------------- Done invoking toplevel() on ptolemy.moml.MoMLSimpleApplication@4cf693eb
reloadAllAccessors: .CarTracking

===========================================================================================
----------------- testing Tue Feb 26 03:38:20 UTC 2019 /home/travis/build/icyphy/ptII/ptolemy/domains/continuous/test/auto/CartPendulum.xml
----------------- Instantiating /home/travis/build/icyphy/ptII/ptolemy/domains/continuous/test/auto/CartPendulum.xml
388 ms. Memory: 578560K Free: 357533K (62%)
----------------- Invoking toplevel() on ptolemy.moml.MoMLSimpleApplication@45b4f25
----------------- Done invoking toplevel() on ptolemy.moml.MoMLSimpleApplication@45b4f25
reloadAllAccessors: .CartPendulum

===========================================================================================
----------------- testing Tue Feb 26 03:38:21 UTC 2019 /home/travis/build/icyphy/ptII/ptolemy/domains/continuous/test/auto/CausalityInterface10.xml
----------------- Instantiating /home/travis/build/icyphy/ptII/ptolemy/domains/continuous/test/auto/CausalityInterface10.xml
12 ms. Memory: 578560K Free: 344410K (60%)
----------------- Invoking toplevel() on ptolemy.moml.MoMLSimpleApplication@71d1831b
----------------- Done invoking toplevel() on ptolemy.moml.MoMLSimpleApplication@71d1831b
reloadAllAccessors: .CausalityInterface10

===========================================================================================
----------------- testing Tue Feb 26 03:38:21 UTC 2019 /home/travis/build/icyphy/ptII/ptolemy/domains/continuous/test/auto/CausalityInterface11.xml
----------------- Instantiating /home/travis/build/icyphy/ptII/ptolemy/domains/continuous/test/auto/CausalityInterface11.xml
4 ms. Memory: 578560K Free: 334563K (58%)
----------------- Invoking toplevel() on ptolemy.moml.MoMLSimpleApplication@362e2319
----------------- Done invoking toplevel() on ptolemy.moml.MoMLSimpleApplication@362e2319
reloadAllAccessors: .CausalityInterface11

===========================================================================================
----------------- testing Tue Feb 26 03:38:21 UTC 2019 /home/travis/build/icyphy/ptII/ptolemy/domains/continuous/test/auto/CausalityInterface12.xml
----------------- Instantiating /home/travis/build/icyphy/ptII/ptolemy/domains/continuous/test/auto/CausalityInterface12.xml
5 ms. Memory: 578560K Free: 321834K (56%)
----------------- Invoking toplevel() on ptolemy.moml.MoMLSimpleApplication@3c2e8437
----------------- Done invoking toplevel() on ptolemy.moml.MoMLSimpleApplication@3c2e8437
reloadAllAccessors: .CausalityInterface12

===========================================================================================
----------------- testing Tue Feb 26 03:38:21 UTC 2019 /home/travis/build/icyphy/ptII/ptolemy/domains/continuous/test/auto/CausalityInterface13.xml
----------------- Instantiating /home/travis/build/icyphy/ptII/ptolemy/domains/continuous/test/auto/CausalityInterface13.xml
7 ms. Memory: 578560K Free: 311988K (54%)
----------------- Invoking toplevel() on ptolemy.moml.MoMLSimpleApplication@5b90f44e
----------------- Done invoking toplevel() on ptolemy.moml.MoMLSimpleApplication@5b90f44e
reloadAllAccessors: .CausalityInterface13

===========================================================================================
----------------- testing Tue Feb 26 03:38:21 UTC 2019 /home/travis/build/icyphy/ptII/ptolemy/domains/continuous/test/auto/CausalityInterface14.xml
----------------- Instantiating /home/travis/build/icyphy/ptII/ptolemy/domains/continuous/test/auto/CausalityInterface14.xml
13 ms. Memory: 578560K Free: 302149K (52%)
----------------- Invoking toplevel() on ptolemy.moml.MoMLSimpleApplication@7e94fe74
----------------- Done invoking toplevel() on ptolemy.moml.MoMLSimpleApplication@7e94fe74
reloadAllAccessors: .CausalityInterface14

===========================================================================================
----------------- testing Tue Feb 26 03:38:21 UTC 2019 /home/travis/build/icyphy/ptII/ptolemy/domains/continuous/test/auto/CausalityInterface4.xml
----------------- Instantiating /home/travis/build/icyphy/ptII/ptolemy/domains/continuous/test/auto/CausalityInterface4.xml
3 ms. Memory: 578560K Free: 292303K (51%)
----------------- Invoking toplevel() on ptolemy.moml.MoMLSimpleApplication@348c1484
----------------- Done invoking toplevel() on ptolemy.moml.MoMLSimpleApplication@348c1484
reloadAllAccessors: .CausalityInterface4

===========================================================================================
----------------- testing Tue Feb 26 03:38:21 UTC 2019 /home/travis/build/icyphy/ptII/ptolemy/domains/continuous/test/auto/CausalityInterface5.xml
----------------- Instantiating /home/travis/build/icyphy/ptII/ptolemy/domains/continuous/test/auto/CausalityInterface5.xml
11 ms. Memory: 578560K Free: 276281K (48%)
----------------- Invoking toplevel() on ptolemy.moml.MoMLSimpleApplication@45886f55
----------------- Done invoking toplevel() on ptolemy.moml.MoMLSimpleApplication@45886f55
reloadAllAccessors: .CausalityInterface5

===========================================================================================
----------------- testing Tue Feb 26 03:38:21 UTC 2019 /home/travis/build/icyphy/ptII/ptolemy/domains/continuous/test/auto/CausalityInterface6.xml
----------------- Instantiating /home/travis/build/icyphy/ptII/ptolemy/domains/continuous/test/auto/CausalityInterface6.xml
6 ms. Memory: 578560K Free: 266434K (46%)
----------------- Invoking toplevel() on ptolemy.moml.MoMLSimpleApplication@51a0c7de
----------------- Done invoking toplevel() on ptolemy.moml.MoMLSimpleApplication@51a0c7de
reloadAllAccessors: .CausalityInterface6

===========================================================================================
----------------- testing Tue Feb 26 03:38:21 UTC 2019 /home/travis/build/icyphy/ptII/ptolemy/domains/continuous/test/auto/CausalityInterface7.xml
----------------- Instantiating /home/travis/build/icyphy/ptII/ptolemy/domains/continuous/test/auto/CausalityInterface7.xml
14 ms. Memory: 578560K Free: 253311K (44%)
----------------- Invoking toplevel() on ptolemy.moml.MoMLSimpleApplication@bf9ca97
----------------- Done invoking toplevel() on ptolemy.moml.MoMLSimpleApplication@bf9ca97
reloadAllAccessors: .CausalityInterface7

===========================================================================================
----------------- testing Tue Feb 26 03:38:21 UTC 2019 /home/travis/build/icyphy/ptII/ptolemy/domains/continuous/test/auto/CausalityInterface8.xml
----------------- Instantiating /home/travis/build/icyphy/ptII/ptolemy/domains/continuous/test/auto/CausalityInterface8.xml
5 ms. Memory: 578560K Free: 240204K (42%)
----------------- Invoking toplevel() on ptolemy.moml.MoMLSimpleApplication@5e39f155
----------------- Done invoking toplevel() on ptolemy.moml.MoMLSimpleApplication@5e39f155
reloadAllAccessors: .CausalityInterface8

===========================================================================================
----------------- testing Tue Feb 26 03:38:21 UTC 2019 /home/travis/build/icyphy/ptII/ptolemy/domains/continuous/test/auto/CausalityInterface9.xml
----------------- Instantiating /home/travis/build/icyphy/ptII/ptolemy/domains/continuous/test/auto/CausalityInterface9.xml
9 ms. Memory: 578560K Free: 220904K (38%)
----------------- Invoking toplevel() on ptolemy.moml.MoMLSimpleApplication@5ab7ebbf
----------------- Done invoking toplevel() on ptolemy.moml.MoMLSimpleApplication@5ab7ebbf
reloadAllAccessors: .CausalityInterface9

===========================================================================================
----------------- testing Tue Feb 26 03:38:21 UTC 2019 /home/travis/build/icyphy/ptII/ptolemy/domains/continuous/test/auto/CausalityInterfaceFeedback1.xml
----------------- Instantiating /home/travis/build/icyphy/ptII/ptolemy/domains/continuous/test/auto/CausalityInterfaceFeedback1.xml
5 ms. Memory: 578560K Free: 211057K (36%)
----------------- Invoking toplevel() on ptolemy.moml.MoMLSimpleApplication@5fe14068
----------------- Done invoking toplevel() on ptolemy.moml.MoMLSimpleApplication@5fe14068
reloadAllAccessors: .CausalityInterfaceFeedback1

===========================================================================================
----------------- testing Tue Feb 26 03:38:21 UTC 2019 /home/travis/build/icyphy/ptII/ptolemy/domains/continuous/test/auto/CausalityInterfaceFeedback2.xml
----------------- Instantiating /home/travis/build/icyphy/ptII/ptolemy/domains/continuous/test/auto/CausalityInterfaceFeedback2.xml
5 ms. Memory: 578560K Free: 201211K (35%)
----------------- Invoking toplevel() on ptolemy.moml.MoMLSimpleApplication@7af200bc
----------------- Done invoking toplevel() on ptolemy.moml.MoMLSimpleApplication@7af200bc
reloadAllAccessors: .CausalityInterfaceFeedback2

===========================================================================================
----------------- testing Tue Feb 26 03:38:21 UTC 2019 /home/travis/build/icyphy/ptII/ptolemy/domains/continuous/test/auto/CompareWithCurrentTime.xml
----------------- Instantiating /home/travis/build/icyphy/ptII/ptolemy/domains/continuous/test/auto/CompareWithCurrentTime.xml
4 ms. Memory: 578560K Free: 191774K (33%)
----------------- Invoking toplevel() on ptolemy.moml.MoMLSimpleApplication@167991d9
----------------- Done invoking toplevel() on ptolemy.moml.MoMLSimpleApplication@167991d9
reloadAllAccessors: .CompareWithCurrentTime

===========================================================================================
----------------- testing Tue Feb 26 03:38:21 UTC 2019 /home/travis/build/icyphy/ptII/ptolemy/domains/continuous/test/auto/ComparedClocks.xml
----------------- Instantiating /home/travis/build/icyphy/ptII/ptolemy/domains/continuous/test/auto/ComparedClocks.xml
9 ms. Memory: 578560K Free: 172081K (30%)
----------------- Invoking toplevel() on ptolemy.moml.MoMLSimpleApplication@2a8d0355
----------------- Done invoking toplevel() on ptolemy.moml.MoMLSimpleApplication@2a8d0355
reloadAllAccessors: .ComparedClocks

===========================================================================================
----------------- testing Tue Feb 26 03:38:21 UTC 2019 /home/travis/build/icyphy/ptII/ptolemy/domains/continuous/test/auto/ContinuousAOCClone.xml
----------------- Instantiating /home/travis/build/icyphy/ptII/ptolemy/domains/continuous/test/auto/ContinuousAOCClone.xml
2648 ms. Memory: 872960K Free: 433266K (50%)
----------------- Invoking toplevel() on ptolemy.moml.MoMLSimpleApplication@1fc056a6
----------------- Done invoking toplevel() on ptolemy.moml.MoMLSimpleApplication@1fc056a6
reloadAllAccessors: .ContinuousAOCClone

===========================================================================================
----------------- testing Tue Feb 26 03:38:24 UTC 2019 /home/travis/build/icyphy/ptII/ptolemy/domains/continuous/test/auto/ContinuousClock.xml
----------------- Instantiating /home/travis/build/icyphy/ptII/ptolemy/domains/continuous/test/auto/ContinuousClock.xml
32 ms. Memory: 872960K Free: 399029K (46%)
----------------- Invoking toplevel() on ptolemy.moml.MoMLSimpleApplication@7ee1b939
----------------- Done invoking toplevel() on ptolemy.moml.MoMLSimpleApplication@7ee1b939
reloadAllAccessors: .ContinuousClock

===========================================================================================
----------------- testing Tue Feb 26 03:38:24 UTC 2019 /home/travis/build/icyphy/ptII/ptolemy/domains/continuous/test/auto/ContinuousInContinuous.xml
----------------- Instantiating /home/travis/build/icyphy/ptII/ptolemy/domains/continuous/test/auto/ContinuousInContinuous.xml
41 ms. Memory: 872960K Free: 371498K (43%)
----------------- Invoking toplevel() on ptolemy.moml.MoMLSimpleApplication@3e14d09
----------------- Done invoking toplevel() on ptolemy.moml.MoMLSimpleApplication@3e14d09
reloadAllAccessors: .ContinuousInContinuous

===========================================================================================
----------------- testing Tue Feb 26 03:38:24 UTC 2019 /home/travis/build/icyphy/ptII/ptolemy/domains/continuous/test/auto/ContinuousInContinuousInContinuous.xml
----------------- Instantiating /home/travis/build/icyphy/ptII/ptolemy/domains/continuous/test/auto/ContinuousInContinuousInContinuous.xml
9 ms. Memory: 872960K Free: 359693K (41%)
----------------- Invoking toplevel() on ptolemy.moml.MoMLSimpleApplication@21a40380
----------------- Done invoking toplevel() on ptolemy.moml.MoMLSimpleApplication@21a40380
reloadAllAccessors: .ContinuousInContinuousInContinuous

===========================================================================================
----------------- testing Tue Feb 26 03:38:24 UTC 2019 /home/travis/build/icyphy/ptII/ptolemy/domains/continuous/test/auto/ContinuousInDE.xml
----------------- Instantiating /home/travis/build/icyphy/ptII/ptolemy/domains/continuous/test/auto/ContinuousInDE.xml
118 ms. Memory: 872960K Free: 340833K (39%)
----------------- Invoking toplevel() on ptolemy.moml.MoMLSimpleApplication@35e4eef6
----------------- Done invoking toplevel() on ptolemy.moml.MoMLSimpleApplication@35e4eef6
reloadAllAccessors: .ContinuousInDE

===========================================================================================
----------------- testing Tue Feb 26 03:38:25 UTC 2019 /home/travis/build/icyphy/ptII/ptolemy/domains/continuous/test/auto/ContinuousInDE2.xml
----------------- Instantiating /home/travis/build/icyphy/ptII/ptolemy/domains/continuous/test/auto/ContinuousInDE2.xml
46 ms. Memory: 872960K Free: 329044K (38%)
----------------- Invoking toplevel() on ptolemy.moml.MoMLSimpleApplication@132efbad
----------------- Done invoking toplevel() on ptolemy.moml.MoMLSimpleApplication@132efbad
reloadAllAccessors: .ContinuousInDE2

===========================================================================================
----------------- testing Tue Feb 26 03:38:25 UTC 2019 /home/travis/build/icyphy/ptII/ptolemy/domains/continuous/test/auto/ContinuousInDE3.xml
----------------- Instantiating /home/travis/build/icyphy/ptII/ptolemy/domains/continuous/test/auto/ContinuousInDE3.xml
38 ms. Memory: 872960K Free: 317255K (36%)
----------------- Invoking toplevel() on ptolemy.moml.MoMLSimpleApplication@785584c5
----------------- Done invoking toplevel() on ptolemy.moml.MoMLSimpleApplication@785584c5
reloadAllAccessors: .ContinuousInDE3

===========================================================================================
----------------- testing Tue Feb 26 03:38:25 UTC 2019 /home/travis/build/icyphy/ptII/ptolemy/domains/continuous/test/auto/ContinuousInDE4.xml
----------------- Instantiating /home/travis/build/icyphy/ptII/ptolemy/domains/continuous/test/auto/ContinuousInDE4.xml
18 ms. Memory: 872960K Free: 309396K (35%)
----------------- Invoking toplevel() on ptolemy.moml.MoMLSimpleApplication@660b07fa
----------------- Done invoking toplevel() on ptolemy.moml.MoMLSimpleApplication@660b07fa
reloadAllAccessors: .ContinuousInDE4

===========================================================================================
----------------- testing Tue Feb 26 03:38:25 UTC 2019 /home/travis/build/icyphy/ptII/ptolemy/domains/continuous/test/auto/ContinuousInDEDifferentRefinements.xml
----------------- Instantiating /home/travis/build/icyphy/ptII/ptolemy/domains/continuous/test/auto/ContinuousInDEDifferentRefinements.xml
52 ms. Memory: 872960K Free: 270832K (31%)
----------------- Invoking toplevel() on ptolemy.moml.MoMLSimpleApplication@3f6f3656
----------------- Done invoking toplevel() on ptolemy.moml.MoMLSimpleApplication@3f6f3656
reloadAllAccessors: .ContinuousInDEDifferentRefinements

===========================================================================================
----------------- testing Tue Feb 26 03:38:25 UTC 2019 /home/travis/build/icyphy/ptII/ptolemy/domains/continuous/test/auto/ContinuousInDEDifferentRefinementsPreemptive.xml
----------------- Instantiating /home/travis/build/icyphy/ptII/ptolemy/domains/continuous/test/auto/ContinuousInDEDifferentRefinementsPreemptive.xml
43 ms. Memory: 872960K Free: 235401K (27%)
----------------- Invoking toplevel() on ptolemy.moml.MoMLSimpleApplication@60390c97
----------------- Done invoking toplevel() on ptolemy.moml.MoMLSimpleApplication@60390c97
reloadAllAccessors: .ContinuousInDEDifferentRefinementsPreemptive

===========================================================================================
----------------- testing Tue Feb 26 03:38:25 UTC 2019 /home/travis/build/icyphy/ptII/ptolemy/domains/continuous/test/auto/ContinuousInDEInContinuous2.xml
----------------- Instantiating /home/travis/build/icyphy/ptII/ptolemy/domains/continuous/test/auto/ContinuousInDEInContinuous2.xml
41 ms. Memory: 872960K Free: 219675K (25%)
----------------- Invoking toplevel() on ptolemy.moml.MoMLSimpleApplication@6b26a109
----------------- Done invoking toplevel() on ptolemy.moml.MoMLSimpleApplication@6b26a109
reloadAllAccessors: .ContinuousInDEInContinuous2

===========================================================================================
----------------- testing Tue Feb 26 03:38:25 UTC 2019 /home/travis/build/icyphy/ptII/ptolemy/domains/continuous/test/auto/ContinuousInDEInContinuous3.xml
----------------- Instantiating /home/travis/build/icyphy/ptII/ptolemy/domains/continuous/test/auto/ContinuousInDEInContinuous3.xml
46 ms. Memory: 872960K Free: 203940K (23%)
----------------- Invoking toplevel() on ptolemy.moml.MoMLSimpleApplication@40f5fcba
----------------- Done invoking toplevel() on ptolemy.moml.MoMLSimpleApplication@40f5fcba
reloadAllAccessors: .ContinuousInDEInContinuous3

===========================================================================================
----------------- testing Tue Feb 26 03:38:25 UTC 2019 /home/travis/build/icyphy/ptII/ptolemy/domains/continuous/test/auto/ContinuousInDEInput.xml
----------------- Instantiating /home/travis/build/icyphy/ptII/ptolemy/domains/continuous/test/auto/ContinuousInDEInput.xml
17 ms. Memory: 872960K Free: 189018K (22%)
----------------- Invoking toplevel() on ptolemy.moml.MoMLSimpleApplication@dc0cd3a
----------------- Done invoking toplevel() on ptolemy.moml.MoMLSimpleApplication@dc0cd3a
reloadAllAccessors: .ContinuousInDEInput

===========================================================================================
----------------- testing Tue Feb 26 03:38:25 UTC 2019 /home/travis/build/icyphy/ptII/ptolemy/domains/continuous/test/auto/ContinuousInDEInput2.xml
----------------- Instantiating /home/travis/build/icyphy/ptII/ptolemy/domains/continuous/test/auto/ContinuousInDEInput2.xml
23 ms. Memory: 872960K Free: 177213K (20%)
----------------- Invoking toplevel() on ptolemy.moml.MoMLSimpleApplication@59bf89f7
----------------- Done invoking toplevel() on ptolemy.moml.MoMLSimpleApplication@59bf89f7
reloadAllAccessors: .ContinuousInDEInput2

===========================================================================================
----------------- testing Tue Feb 26 03:38:25 UTC 2019 /home/travis/build/icyphy/ptII/ptolemy/domains/continuous/test/auto/ContinuousInDEInput3.xml
----------------- Instantiating /home/travis/build/icyphy/ptII/ptolemy/domains/continuous/test/auto/ContinuousInDEInput3.xml
15 ms. Memory: 872960K Free: 165425K (19%)
----------------- Invoking toplevel() on ptolemy.moml.MoMLSimpleApplication@15d45591
----------------- Done invoking toplevel() on ptolemy.moml.MoMLSimpleApplication@15d45591
reloadAllAccessors: .ContinuousInDEInput3

===========================================================================================
----------------- testing Tue Feb 26 03:38:25 UTC 2019 /home/travis/build/icyphy/ptII/ptolemy/domains/continuous/test/auto/ContinuousInDESharingRefinement.xml
----------------- Instantiating /home/travis/build/icyphy/ptII/ptolemy/domains/continuous/test/auto/ContinuousInDESharingRefinement.xml
182 ms. Memory: 873472K Free: 852156K (98%)
----------------- Invoking toplevel() on ptolemy.moml.MoMLSimpleApplication@6050d8ef
----------------- Done invoking toplevel() on ptolemy.moml.MoMLSimpleApplication@6050d8ef
reloadAllAccessors: .ContinuousInDESharingRefinement

===========================================================================================
----------------- testing Tue Feb 26 03:38:25 UTC 2019 /home/travis/build/icyphy/ptII/ptolemy/domains/continuous/test/auto/ContinuousInDEwithNoPorts.xml
----------------- Instantiating /home/travis/build/icyphy/ptII/ptolemy/domains/continuous/test/auto/ContinuousInDEwithNoPorts.xml
5 ms. Memory: 873472K Free: 840144K (96%)
----------------- Invoking toplevel() on ptolemy.moml.MoMLSimpleApplication@73498544
----------------- Done invoking toplevel() on ptolemy.moml.MoMLSimpleApplication@73498544
reloadAllAccessors: .ContinuousInDEwithNoPorts

===========================================================================================
----------------- testing Tue Feb 26 03:38:26 UTC 2019 /home/travis/build/icyphy/ptII/ptolemy/domains/continuous/test/auto/ContinuousInsideDE.xml
----------------- Instantiating /home/travis/build/icyphy/ptII/ptolemy/domains/continuous/test/auto/ContinuousInsideDE.xml
48 ms. Memory: 873472K Free: 820480K (94%)
----------------- Invoking toplevel() on ptolemy.moml.MoMLSimpleApplication@12f39d4f
----------------- Done invoking toplevel() on ptolemy.moml.MoMLSimpleApplication@12f39d4f
reloadAllAccessors: .ContinuousInsideDE

===========================================================================================
----------------- testing Tue Feb 26 03:38:26 UTC 2019 /home/travis/build/icyphy/ptII/ptolemy/domains/continuous/test/auto/ContinuousMerge1.xml
----------------- Instantiating /home/travis/build/icyphy/ptII/ptolemy/domains/continuous/test/auto/ContinuousMerge1.xml
5 ms. Memory: 873472K Free: 810512K (93%)
----------------- Invoking toplevel() on ptolemy.moml.MoMLSimpleApplication@be493bc
----------------- Done invoking toplevel() on ptolemy.moml.MoMLSimpleApplication@be493bc
reloadAllAccessors: .ContinuousMerge1

===========================================================================================
----------------- testing Tue Feb 26 03:38:26 UTC 2019 /home/travis/build/icyphy/ptII/ptolemy/domains/continuous/test/auto/ContinuousMerge2.xml
----------------- Instantiating /home/travis/build/icyphy/ptII/ptolemy/domains/continuous/test/auto/ContinuousMerge2.xml
12 ms. Memory: 873472K Free: 794599K (91%)
----------------- Invoking toplevel() on ptolemy.moml.MoMLSimpleApplication@73523fb9
----------------- Done invoking toplevel() on ptolemy.moml.MoMLSimpleApplication@73523fb9
reloadAllAccessors: .ContinuousMerge2

===========================================================================================
----------------- testing Tue Feb 26 03:38:26 UTC 2019 /home/travis/build/icyphy/ptII/ptolemy/domains/continuous/test/auto/ContinuousMerge3.xml
----------------- Instantiating /home/travis/build/icyphy/ptII/ptolemy/domains/continuous/test/auto/ContinuousMerge3.xml
44 ms. Memory: 873472K Free: 778880K (89%)
----------------- Invoking toplevel() on ptolemy.moml.MoMLSimpleApplication@142657d1
----------------- Done invoking toplevel() on ptolemy.moml.MoMLSimpleApplication@142657d1
reloadAllAccessors: .ContinuousMerge3

===========================================================================================
----------------- testing Tue Feb 26 03:38:26 UTC 2019 /home/travis/build/icyphy/ptII/ptolemy/domains/continuous/test/auto/ContinuousWithinContinuous.xml
----------------- Instantiating /home/travis/build/icyphy/ptII/ptolemy/domains/continuous/test/auto/ContinuousWithinContinuous.xml
40 ms. Memory: 873472K Free: 761053K (87%)
----------------- Invoking toplevel() on ptolemy.moml.MoMLSimpleApplication@2924855
----------------- Done invoking toplevel() on ptolemy.moml.MoMLSimpleApplication@2924855
reloadAllAccessors: .ContinuousWithinContinuous

===========================================================================================
----------------- testing Tue Feb 26 03:38:26 UTC 2019 /home/travis/build/icyphy/ptII/ptolemy/domains/continuous/test/auto/ContinuousWithinContinuous2.xml
----------------- Instantiating /home/travis/build/icyphy/ptII/ptolemy/domains/continuous/test/auto/ContinuousWithinContinuous2.xml
75 ms. Memory: 873472K Free: 749264K (86%)
----------------- Invoking toplevel() on ptolemy.moml.MoMLSimpleApplication@22a40f1
----------------- Done invoking toplevel() on ptolemy.moml.MoMLSimpleApplication@22a40f1
reloadAllAccessors: .ContinuousWithinContinuous2

===========================================================================================
----------------- testing Tue Feb 26 03:38:26 UTC 2019 /home/travis/build/icyphy/ptII/ptolemy/domains/continuous/test/auto/ContinuousWithinContinuous3.xml
----------------- Instantiating /home/travis/build/icyphy/ptII/ptolemy/domains/continuous/test/auto/ContinuousWithinContinuous3.xml
14 ms. Memory: 873472K Free: 735366K (84%)
----------------- Invoking toplevel() on ptolemy.moml.MoMLSimpleApplication@1e27b548
----------------- Done invoking toplevel() on ptolemy.moml.MoMLSimpleApplication@1e27b548
reloadAllAccessors: .ContinuousWithinContinuous3

===========================================================================================
----------------- testing Tue Feb 26 03:38:26 UTC 2019 /home/travis/build/icyphy/ptII/ptolemy/domains/continuous/test/auto/ContinuousWithinContinuous4.xml
----------------- Instantiating /home/travis/build/icyphy/ptII/ptolemy/domains/continuous/test/auto/ContinuousWithinContinuous4.xml
65 ms. Memory: 873472K Free: 719647K (82%)
----------------- Invoking toplevel() on ptolemy.moml.MoMLSimpleApplication@4861cc2c
----------------- Done invoking toplevel() on ptolemy.moml.MoMLSimpleApplication@4861cc2c
reloadAllAccessors: .ContinuousWithinContinuous4

===========================================================================================
----------------- testing Tue Feb 26 03:38:26 UTC 2019 /home/travis/build/icyphy/ptII/ptolemy/domains/continuous/test/auto/ContinuousWithinContinuous5.xml
----------------- Instantiating /home/travis/build/icyphy/ptII/ptolemy/domains/continuous/test/auto/ContinuousWithinContinuous5.xml
13 ms. Memory: 873472K Free: 707842K (81%)
----------------- Invoking toplevel() on ptolemy.moml.MoMLSimpleApplication@549e2b16
----------------- Done invoking toplevel() on ptolemy.moml.MoMLSimpleApplication@549e2b16
reloadAllAccessors: .ContinuousWithinContinuous5

===========================================================================================
----------------- testing Tue Feb 26 03:38:26 UTC 2019 /home/travis/build/icyphy/ptII/ptolemy/domains/continuous/test/auto/ContinuousWithinContinuous6.xml
----------------- Instantiating /home/travis/build/icyphy/ptII/ptolemy/domains/continuous/test/auto/ContinuousWithinContinuous6.xml
12 ms. Memory: 873472K Free: 693929K (79%)
----------------- Invoking toplevel() on ptolemy.moml.MoMLSimpleApplication@7e8f1089
----------------- Done invoking toplevel() on ptolemy.moml.MoMLSimpleApplication@7e8f1089
reloadAllAccessors: .ContinuousWithinContinuous6

===========================================================================================
----------------- testing Tue Feb 26 03:38:26 UTC 2019 /home/travis/build/icyphy/ptII/ptolemy/domains/continuous/test/auto/ContinuousWithinContinuous7.xml
----------------- Instantiating /home/travis/build/icyphy/ptII/ptolemy/domains/continuous/test/auto/ContinuousWithinContinuous7.xml
58 ms. Memory: 873472K Free: 682140K (78%)
----------------- Invoking toplevel() on ptolemy.moml.MoMLSimpleApplication@2bfc1268
----------------- Done invoking toplevel() on ptolemy.moml.MoMLSimpleApplication@2bfc1268
reloadAllAccessors: .ContinuousWithinContinuous7

===========================================================================================
----------------- testing Tue Feb 26 03:38:26 UTC 2019 /home/travis/build/icyphy/ptII/ptolemy/domains/continuous/test/auto/DCMotor.xml
----------------- Instantiating /home/travis/build/icyphy/ptII/ptolemy/domains/continuous/test/auto/DCMotor.xml
15794 ms. Memory: 734720K Free: 109104K (15%)
----------------- Invoking toplevel() on ptolemy.moml.MoMLSimpleApplication@ad4177f
----------------- Done invoking toplevel() on ptolemy.moml.MoMLSimpleApplication@ad4177f
reloadAllAccessors: .DCMotor

===========================================================================================
----------------- testing Tue Feb 26 03:38:42 UTC 2019 /home/travis/build/icyphy/ptII/ptolemy/domains/continuous/test/auto/DEInContinuous.xml
----------------- Instantiating /home/travis/build/icyphy/ptII/ptolemy/domains/continuous/test/auto/DEInContinuous.xml
6 ms. Memory: 734720K Free: 93124K (13%)
----------------- Invoking toplevel() on ptolemy.moml.MoMLSimpleApplication@4567e98e
----------------- Done invoking toplevel() on ptolemy.moml.MoMLSimpleApplication@4567e98e
reloadAllAccessors: .DEInContinuous

===========================================================================================
----------------- testing Tue Feb 26 03:38:42 UTC 2019 /home/travis/build/icyphy/ptII/ptolemy/domains/continuous/test/auto/DEinContinuous2.xml
----------------- Instantiating /home/travis/build/icyphy/ptII/ptolemy/domains/continuous/test/auto/DEinContinuous2.xml
6 ms. Memory: 734720K Free: 78987K (11%)
----------------- Invoking toplevel() on ptolemy.moml.MoMLSimpleApplication@726cb2e4
----------------- Done invoking toplevel() on ptolemy.moml.MoMLSimpleApplication@726cb2e4
reloadAllAccessors: .DEinContinuous2

===========================================================================================
----------------- testing Tue Feb 26 03:38:42 UTC 2019 /home/travis/build/icyphy/ptII/ptolemy/domains/continuous/test/auto/Derivative.xml
----------------- Instantiating /home/travis/build/icyphy/ptII/ptolemy/domains/continuous/test/auto/Derivative.xml
149 ms. Memory: 697344K Free: 649073K (93%)
----------------- Invoking toplevel() on ptolemy.moml.MoMLSimpleApplication@3024ce6e
----------------- Done invoking toplevel() on ptolemy.moml.MoMLSimpleApplication@3024ce6e
reloadAllAccessors: .Derivative2

===========================================================================================
----------------- testing Tue Feb 26 03:38:42 UTC 2019 /home/travis/build/icyphy/ptII/ptolemy/domains/continuous/test/auto/Derivative1.xml
----------------- Instantiating /home/travis/build/icyphy/ptII/ptolemy/domains/continuous/test/auto/Derivative1.xml
18 ms. Memory: 697344K Free: 629064K (90%)
----------------- Invoking toplevel() on ptolemy.moml.MoMLSimpleApplication@2a9b7628
----------------- Done invoking toplevel() on ptolemy.moml.MoMLSimpleApplication@2a9b7628
reloadAllAccessors: .Derivative1

===========================================================================================
----------------- testing Tue Feb 26 03:38:42 UTC 2019 /home/travis/build/icyphy/ptII/ptolemy/domains/continuous/test/auto/DiscreteClock.xml
----------------- Instantiating /home/travis/build/icyphy/ptII/ptolemy/domains/continuous/test/auto/DiscreteClock.xml
3 ms. Memory: 697344K Free: 615984K (88%)
----------------- Invoking toplevel() on ptolemy.moml.MoMLSimpleApplication@31398ed6
----------------- Done invoking toplevel() on ptolemy.moml.MoMLSimpleApplication@31398ed6
reloadAllAccessors: .DiscreteClock

===========================================================================================
----------------- testing Tue Feb 26 03:38:42 UTC 2019 /home/travis/build/icyphy/ptII/ptolemy/domains/continuous/test/auto/EfficiencyCurve.xml
----------------- Instantiating /home/travis/build/icyphy/ptII/ptolemy/domains/continuous/test/auto/EfficiencyCurve.xml
55 ms. Memory: 697344K Free: 602904K (86%)
----------------- Invoking toplevel() on ptolemy.moml.MoMLSimpleApplication@7cd7d1e2
----------------- Done invoking toplevel() on ptolemy.moml.MoMLSimpleApplication@7cd7d1e2
reloadAllAccessors: .EfficiencyCurve

===========================================================================================
----------------- testing Tue Feb 26 03:38:43 UTC 2019 /home/travis/build/icyphy/ptII/ptolemy/domains/continuous/test/auto/ExponentialResponse.xml
----------------- Instantiating /home/travis/build/icyphy/ptII/ptolemy/domains/continuous/test/auto/ExponentialResponse.xml
128 ms. Memory: 697344K Free: 573502K (82%)
----------------- Invoking toplevel() on ptolemy.moml.MoMLSimpleApplication@1a9030d6
----------------- Done invoking toplevel() on ptolemy.moml.MoMLSimpleApplication@1a9030d6
reloadAllAccessors: .ExponentialResponse

===========================================================================================
----------------- testing Tue Feb 26 03:38:43 UTC 2019 /home/travis/build/icyphy/ptII/ptolemy/domains/continuous/test/auto/ExponentialResponseRK45.xml
----------------- Instantiating /home/travis/build/icyphy/ptII/ptolemy/domains/continuous/test/auto/ExponentialResponseRK45.xml
30 ms. Memory: 697344K Free: 560422K (80%)
----------------- Invoking toplevel() on ptolemy.moml.MoMLSimpleApplication@31fcc34
----------------- Done invoking toplevel() on ptolemy.moml.MoMLSimpleApplication@31fcc34
reloadAllAccessors: .ExponentialResponseRK45

===========================================================================================
----------------- testing Tue Feb 26 03:38:43 UTC 2019 /home/travis/build/icyphy/ptII/ptolemy/domains/continuous/test/auto/Friction.xml
----------------- Instantiating /home/travis/build/icyphy/ptII/ptolemy/domains/continuous/test/auto/Friction.xml
1461 ms. Memory: 697344K Free: 115593K (17%)
----------------- Invoking toplevel() on ptolemy.moml.MoMLSimpleApplication@31c918cd
----------------- Done invoking toplevel() on ptolemy.moml.MoMLSimpleApplication@31c918cd
reloadAllAccessors: .Friction

===========================================================================================
----------------- testing Tue Feb 26 03:38:44 UTC 2019 /home/travis/build/icyphy/ptII/ptolemy/domains/continuous/test/auto/FurutaPendulum.xml
----------------- Instantiating /home/travis/build/icyphy/ptII/ptolemy/domains/continuous/test/auto/FurutaPendulum.xml
3598 ms. Memory: 674816K Free: 198017K (29%)
----------------- Invoking toplevel() on ptolemy.moml.MoMLSimpleApplication@7146218
----------------- Done invoking toplevel() on ptolemy.moml.MoMLSimpleApplication@7146218
reloadAllAccessors: .FurutaPendulum

===========================================================================================
----------------- testing Tue Feb 26 03:38:48 UTC 2019 /home/travis/build/icyphy/ptII/ptolemy/domains/continuous/test/auto/HierarchicalExecution.xml
----------------- Instantiating /home/travis/build/icyphy/ptII/ptolemy/domains/continuous/test/auto/HierarchicalExecution.xml
2200 ms. Memory: 647168K Free: 430666K (67%)
----------------- Invoking toplevel() on ptolemy.moml.MoMLSimpleApplication@74fbcd29
----------------- Done invoking toplevel() on ptolemy.moml.MoMLSimpleApplication@74fbcd29
reloadAllAccessors: .HierarchicalExecution

===========================================================================================
----------------- testing Tue Feb 26 03:38:51 UTC 2019 /home/travis/build/icyphy/ptII/ptolemy/domains/continuous/test/auto/HybridPlant.xml
----------------- Instantiating /home/travis/build/icyphy/ptII/ptolemy/domains/continuous/test/auto/HybridPlant.xml
554 ms. Memory: 647168K Free: 149732K (23%)
----------------- Invoking toplevel() on ptolemy.moml.MoMLSimpleApplication@1cac4595
----------------- Done invoking toplevel() on ptolemy.moml.MoMLSimpleApplication@1cac4595
reloadAllAccessors: .HybridPlant

===========================================================================================
----------------- testing Tue Feb 26 03:38:51 UTC 2019 /home/travis/build/icyphy/ptII/ptolemy/domains/continuous/test/auto/Hysteresis.xml
----------------- Instantiating /home/travis/build/icyphy/ptII/ptolemy/domains/continuous/test/auto/Hysteresis.xml
146 ms. Memory: 647168K Free: 84303K (13%)
----------------- Invoking toplevel() on ptolemy.moml.MoMLSimpleApplication@3d04168f
----------------- Done invoking toplevel() on ptolemy.moml.MoMLSimpleApplication@3d04168f
reloadAllAccessors: .Hysteresis

===========================================================================================
----------------- testing Tue Feb 26 03:38:51 UTC 2019 /home/travis/build/icyphy/ptII/ptolemy/domains/continuous/test/auto/HysteresisWithRandomDelay.xml
----------------- Instantiating /home/travis/build/icyphy/ptII/ptolemy/domains/continuous/test/auto/HysteresisWithRandomDelay.xml
204 ms. Memory: 614912K Free: 530579K (86%)
----------------- Invoking toplevel() on ptolemy.moml.MoMLSimpleApplication@57d77108
----------------- Done invoking toplevel() on ptolemy.moml.MoMLSimpleApplication@57d77108
reloadAllAccessors: .HysteresisWithRandomDelay

===========================================================================================
----------------- testing Tue Feb 26 03:38:52 UTC 2019 /home/travis/build/icyphy/ptII/ptolemy/domains/continuous/test/auto/HysteresisWithRandomLosses.xml
----------------- Instantiating /home/travis/build/icyphy/ptII/ptolemy/domains/continuous/test/auto/HysteresisWithRandomLosses.xml
2552 ms. Memory: 591872K Free: 238633K (40%)
----------------- Invoking toplevel() on ptolemy.moml.MoMLSimpleApplication@7437abed
----------------- Done invoking toplevel() on ptolemy.moml.MoMLSimpleApplication@7437abed
reloadAllAccessors: .HysteresisWithRandomLosses

===========================================================================================
----------------- testing Tue Feb 26 03:38:54 UTC 2019 /home/travis/build/icyphy/ptII/ptolemy/domains/continuous/test/auto/ImmediateTransitions.xml
----------------- Instantiating /home/travis/build/icyphy/ptII/ptolemy/domains/continuous/test/auto/ImmediateTransitions.xml
19 ms. Memory: 591872K Free: 226127K (38%)
----------------- Invoking toplevel() on ptolemy.moml.MoMLSimpleApplication@6437b6b4
----------------- Done invoking toplevel() on ptolemy.moml.MoMLSimpleApplication@6437b6b4
reloadAllAccessors: .ImmediateTransitions

===========================================================================================
----------------- testing Tue Feb 26 03:38:54 UTC 2019 /home/travis/build/icyphy/ptII/ptolemy/domains/continuous/test/auto/ImpulseFeedback.xml
----------------- Instantiating /home/travis/build/icyphy/ptII/ptolemy/domains/continuous/test/auto/ImpulseFeedback.xml
7 ms. Memory: 591872K Free: 215099K (36%)
----------------- Invoking toplevel() on ptolemy.moml.MoMLSimpleApplication@18fc380d
----------------- Done invoking toplevel() on ptolemy.moml.MoMLSimpleApplication@18fc380d
reloadAllAccessors: .ImpulseFeedback

===========================================================================================
----------------- testing Tue Feb 26 03:38:54 UTC 2019 /home/travis/build/icyphy/ptII/ptolemy/domains/continuous/test/auto/ImpulseFeedback2.xml
----------------- Instantiating /home/travis/build/icyphy/ptII/ptolemy/domains/continuous/test/auto/ImpulseFeedback2.xml
4 ms. Memory: 591872K Free: 204075K (34%)
----------------- Invoking toplevel() on ptolemy.moml.MoMLSimpleApplication@23ab9995
----------------- Done invoking toplevel() on ptolemy.moml.MoMLSimpleApplication@23ab9995
reloadAllAccessors: .ImpulseFeedback2

===========================================================================================
----------------- testing Tue Feb 26 03:38:54 UTC 2019 /home/travis/build/icyphy/ptII/ptolemy/domains/continuous/test/auto/IncreasingRatePoisson.xml
----------------- Instantiating /home/travis/build/icyphy/ptII/ptolemy/domains/continuous/test/auto/IncreasingRatePoisson.xml
703 ms. Memory: 565760K Free: 370443K (65%)
----------------- Invoking toplevel() on ptolemy.moml.MoMLSimpleApplication@c29ebb0
----------------- Done invoking toplevel() on ptolemy.moml.MoMLSimpleApplication@c29ebb0
reloadAllAccessors: .IncreasingRatePoisson

===========================================================================================
----------------- testing Tue Feb 26 03:38:55 UTC 2019 /home/travis/build/icyphy/ptII/ptolemy/domains/continuous/test/auto/InitialStateFeedback.xml
----------------- Instantiating /home/travis/build/icyphy/ptII/ptolemy/domains/continuous/test/auto/InitialStateFeedback.xml
3 ms. Memory: 565760K Free: 360603K (64%)
----------------- Invoking toplevel() on ptolemy.moml.MoMLSimpleApplication@5962f6d7
----------------- Done invoking toplevel() on ptolemy.moml.MoMLSimpleApplication@5962f6d7
reloadAllAccessors: .InitialStateFeedback

===========================================================================================
----------------- testing Tue Feb 26 03:38:55 UTC 2019 /home/travis/build/icyphy/ptII/ptolemy/domains/continuous/test/auto/Integration.xml
----------------- Instantiating /home/travis/build/icyphy/ptII/ptolemy/domains/continuous/test/auto/Integration.xml
1 ms. Memory: 565760K Free: 352433K (62%)
----------------- Invoking toplevel() on ptolemy.moml.MoMLSimpleApplication@726bdaa3
----------------- Done invoking toplevel() on ptolemy.moml.MoMLSimpleApplication@726bdaa3
reloadAllAccessors: .Integration

===========================================================================================
----------------- testing Tue Feb 26 03:38:55 UTC 2019 /home/travis/build/icyphy/ptII/ptolemy/domains/continuous/test/auto/Integration2.xml
----------------- Instantiating /home/travis/build/icyphy/ptII/ptolemy/domains/continuous/test/auto/Integration2.xml
84 ms. Memory: 565760K Free: 334592K (59%)
----------------- Invoking toplevel() on ptolemy.moml.MoMLSimpleApplication@44adf0cc
----------------- Done invoking toplevel() on ptolemy.moml.MoMLSimpleApplication@44adf0cc
reloadAllAccessors: .Integration2

===========================================================================================
----------------- testing Tue Feb 26 03:38:55 UTC 2019 /home/travis/build/icyphy/ptII/ptolemy/domains/continuous/test/auto/Integration3.xml
----------------- Instantiating /home/travis/build/icyphy/ptII/ptolemy/domains/continuous/test/auto/Integration3.xml
4 ms. Memory: 565760K Free: 326423K (58%)
----------------- Invoking toplevel() on ptolemy.moml.MoMLSimpleApplication@35438f72
----------------- Done invoking toplevel() on ptolemy.moml.MoMLSimpleApplication@35438f72
reloadAllAccessors: .Integration3

===========================================================================================
----------------- testing Tue Feb 26 03:38:55 UTC 2019 /home/travis/build/icyphy/ptII/ptolemy/domains/continuous/test/auto/Integration5.xml
----------------- Instantiating /home/travis/build/icyphy/ptII/ptolemy/domains/continuous/test/auto/Integration5.xml
3 ms. Memory: 565760K Free: 318371K (56%)
----------------- Invoking toplevel() on ptolemy.moml.MoMLSimpleApplication@73b1f049
----------------- Done invoking toplevel() on ptolemy.moml.MoMLSimpleApplication@73b1f049
reloadAllAccessors: .Integration5

===========================================================================================
----------------- testing Tue Feb 26 03:38:55 UTC 2019 /home/travis/build/icyphy/ptII/ptolemy/domains/continuous/test/auto/IntegratorImpulse.xml
----------------- Instantiating /home/travis/build/icyphy/ptII/ptolemy/domains/continuous/test/auto/IntegratorImpulse.xml
8 ms. Memory: 565760K Free: 310218K (55%)
----------------- Invoking toplevel() on ptolemy.moml.MoMLSimpleApplication@607b2b5e
----------------- Done invoking toplevel() on ptolemy.moml.MoMLSimpleApplication@607b2b5e
reloadAllAccessors: .IntegratorImpulse

===========================================================================================
----------------- testing Tue Feb 26 03:38:55 UTC 2019 /home/travis/build/icyphy/ptII/ptolemy/domains/continuous/test/auto/IntegratorImpulse2.xml
----------------- Instantiating /home/travis/build/icyphy/ptII/ptolemy/domains/continuous/test/auto/IntegratorImpulse2.xml
3 ms. Memory: 565760K Free: 302057K (53%)
----------------- Invoking toplevel() on ptolemy.moml.MoMLSimpleApplication@e31e63
----------------- Done invoking toplevel() on ptolemy.moml.MoMLSimpleApplication@e31e63
reloadAllAccessors: .IntegratorImpulse2

===========================================================================================
----------------- testing Tue Feb 26 03:38:55 UTC 2019 /home/travis/build/icyphy/ptII/ptolemy/domains/continuous/test/auto/LevelCrossing1.xml
----------------- Instantiating /home/travis/build/icyphy/ptII/ptolemy/domains/continuous/test/auto/LevelCrossing1.xml
3 ms. Memory: 565760K Free: 293904K (52%)
----------------- Invoking toplevel() on ptolemy.moml.MoMLSimpleApplication@3d2e83ee
----------------- Done invoking toplevel() on ptolemy.moml.MoMLSimpleApplication@3d2e83ee
reloadAllAccessors: .LevelCrossing1

===========================================================================================
----------------- testing Tue Feb 26 03:38:55 UTC 2019 /home/travis/build/icyphy/ptII/ptolemy/domains/continuous/test/auto/LevelCrossing2.xml
----------------- Instantiating /home/travis/build/icyphy/ptII/ptolemy/domains/continuous/test/auto/LevelCrossing2.xml
3 ms. Memory: 565760K Free: 285751K (51%)
----------------- Invoking toplevel() on ptolemy.moml.MoMLSimpleApplication@2f29b216
----------------- Done invoking toplevel() on ptolemy.moml.MoMLSimpleApplication@2f29b216
reloadAllAccessors: .LevelCrossing2

===========================================================================================
----------------- testing Tue Feb 26 03:38:55 UTC 2019 /home/travis/build/icyphy/ptII/ptolemy/domains/continuous/test/auto/LevelCrossing3.xml
----------------- Instantiating /home/travis/build/icyphy/ptII/ptolemy/domains/continuous/test/auto/LevelCrossing3.xml
2 ms. Memory: 565760K Free: 277707K (49%)
----------------- Invoking toplevel() on ptolemy.moml.MoMLSimpleApplication@78768549
----------------- Done invoking toplevel() on ptolemy.moml.MoMLSimpleApplication@78768549
reloadAllAccessors: .LevelCrossing3

===========================================================================================
----------------- testing Tue Feb 26 03:38:55 UTC 2019 /home/travis/build/icyphy/ptII/ptolemy/domains/continuous/test/auto/LevelCrossing4.xml
----------------- Instantiating /home/travis/build/icyphy/ptII/ptolemy/domains/continuous/test/auto/LevelCrossing4.xml
3 ms. Memory: 565760K Free: 269561K (48%)
----------------- Invoking toplevel() on ptolemy.moml.MoMLSimpleApplication@1b394400
----------------- Done invoking toplevel() on ptolemy.moml.MoMLSimpleApplication@1b394400
reloadAllAccessors: .LevelCrossing4

===========================================================================================
----------------- testing Tue Feb 26 03:38:55 UTC 2019 /home/travis/build/icyphy/ptII/ptolemy/domains/continuous/test/auto/LevelCrossing5.xml
----------------- Instantiating /home/travis/build/icyphy/ptII/ptolemy/domains/continuous/test/auto/LevelCrossing5.xml
4 ms. Memory: 565760K Free: 261416K (46%)
----------------- Invoking toplevel() on ptolemy.moml.MoMLSimpleApplication@5d04a7da
----------------- Done invoking toplevel() on ptolemy.moml.MoMLSimpleApplication@5d04a7da
reloadAllAccessors: .LevelCrossing5

===========================================================================================
[...]
reloadAllAccessors: .ResetTransitionWithStartTime6

===========================================================================================
----------------- testing Tue Feb 26 03:39:14 UTC 2019 /home/travis/build/icyphy/ptII/ptolemy/domains/continuous/test/auto/SRinContinuous.xml
----------------- Instantiating /home/travis/build/icyphy/ptII/ptolemy/domains/continuous/test/auto/SRinContinuous.xml
11 ms. Memory: 475136K Free: 348356K (73%)
----------------- Invoking toplevel() on ptolemy.moml.MoMLSimpleApplication@436030f0
----------------- Done invoking toplevel() on ptolemy.moml.MoMLSimpleApplication@436030f0
reloadAllAccessors: .SRinContinuous

===========================================================================================
----------------- testing Tue Feb 26 03:39:14 UTC 2019 /home/travis/build/icyphy/ptII/ptolemy/domains/continuous/test/auto/SampledClocks.xml
----------------- Instantiating /home/travis/build/icyphy/ptII/ptolemy/domains/continuous/test/auto/SampledClocks.xml
5 ms. Memory: 475136K Free: 336944K (71%)
----------------- Invoking toplevel() on ptolemy.moml.MoMLSimpleApplication@2c693911
----------------- Done invoking toplevel() on ptolemy.moml.MoMLSimpleApplication@2c693911
reloadAllAccessors: .SampledClocks

===========================================================================================
----------------- testing Tue Feb 26 03:39:14 UTC 2019 /home/travis/build/icyphy/ptII/ptolemy/domains/continuous/test/auto/Satellite.xml
----------------- Instantiating /home/travis/build/icyphy/ptII/ptolemy/domains/continuous/test/auto/Satellite.xml
920 ms. Memory: 475136K Free: 149587K (31%)
----------------- Invoking toplevel() on ptolemy.moml.MoMLSimpleApplication@a722279
----------------- Done invoking toplevel() on ptolemy.moml.MoMLSimpleApplication@a722279
reloadAllAccessors: .Satellite

===========================================================================================
----------------- testing Tue Feb 26 03:39:15 UTC 2019 /home/travis/build/icyphy/ptII/ptolemy/domains/continuous/test/auto/SigmaDelta.xml
----------------- Instantiating /home/travis/build/icyphy/ptII/ptolemy/domains/continuous/test/auto/SigmaDelta.xml
2339 ms. Memory: 579584K Free: 267128K (46%)
----------------- Invoking toplevel() on ptolemy.moml.MoMLSimpleApplication@14f656c6
----------------- Done invoking toplevel() on ptolemy.moml.MoMLSimpleApplication@14f656c6
reloadAllAccessors: .SigmaDelta

===========================================================================================
----------------- testing Tue Feb 26 03:39:17 UTC 2019 /home/travis/build/icyphy/ptII/ptolemy/domains/continuous/test/auto/SingleRefinement.xml
----------------- Instantiating /home/travis/build/icyphy/ptII/ptolemy/domains/continuous/test/auto/SingleRefinement.xml
316 ms. Memory: 579584K Free: 80891K (14%)
----------------- Invoking toplevel() on ptolemy.moml.MoMLSimpleApplication@4de03214
----------------- Done invoking toplevel() on ptolemy.moml.MoMLSimpleApplication@4de03214
reloadAllAccessors: .SingleRefinement

===========================================================================================
----------------- testing Tue Feb 26 03:39:18 UTC 2019 /home/travis/build/icyphy/ptII/ptolemy/domains/continuous/test/auto/SinuBouncingBall.xml
----------------- Instantiating /home/travis/build/icyphy/ptII/ptolemy/domains/continuous/test/auto/SinuBouncingBall.xml
706 ms. Memory: 552448K Free: 325491K (59%)
----------------- Invoking toplevel() on ptolemy.moml.MoMLSimpleApplication@2fada7a3
----------------- Done invoking toplevel() on ptolemy.moml.MoMLSimpleApplication@2fada7a3
reloadAllAccessors: .SinuBouncingBall

===========================================================================================
----------------- testing Tue Feb 26 03:39:18 UTC 2019 /home/travis/build/icyphy/ptII/ptolemy/domains/continuous/test/auto/Sinusoid.xml
----------------- Instantiating /home/travis/build/icyphy/ptII/ptolemy/domains/continuous/test/auto/Sinusoid.xml
5 ms. Memory: 552448K Free: 316735K (57%)
----------------- Invoking toplevel() on ptolemy.moml.MoMLSimpleApplication@4ef4dd97
----------------- Done invoking toplevel() on ptolemy.moml.MoMLSimpleApplication@4ef4dd97
reloadAllAccessors: .Sinusoid

===========================================================================================
----------------- testing Tue Feb 26 03:39:18 UTC 2019 /home/travis/build/icyphy/ptII/ptolemy/domains/continuous/test/auto/SinusoidInNoise.xml
----------------- Instantiating /home/travis/build/icyphy/ptII/ptolemy/domains/continuous/test/auto/SinusoidInNoise.xml
891 ms. Memory: 552448K Free: 109273K (20%)
----------------- Invoking toplevel() on ptolemy.moml.MoMLSimpleApplication@6c26733d
----------------- Done invoking toplevel() on ptolemy.moml.MoMLSimpleApplication@6c26733d
reloadAllAccessors: .SinusoidInNoise

===========================================================================================
----------------- testing Tue Feb 26 03:39:19 UTC 2019 /home/travis/build/icyphy/ptII/ptolemy/domains/continuous/test/auto/SinusoidRK45.xml
----------------- Instantiating /home/travis/build/icyphy/ptII/ptolemy/domains/continuous/test/auto/SinusoidRK45.xml
2 ms. Memory: 552448K Free: 101997K (18%)
----------------- Invoking toplevel() on ptolemy.moml.MoMLSimpleApplication@67eb9209
----------------- Done invoking toplevel() on ptolemy.moml.MoMLSimpleApplication@67eb9209
reloadAllAccessors: .SinusoidRK45

===========================================================================================
----------------- testing Tue Feb 26 03:39:19 UTC 2019 /home/travis/build/icyphy/ptII/ptolemy/domains/continuous/test/auto/SinusoidWithMultipleImpulses.xml
----------------- Instantiating /home/travis/build/icyphy/ptII/ptolemy/domains/continuous/test/auto/SinusoidWithMultipleImpulses.xml
5 ms. Memory: 552448K Free: 94898K (17%)
----------------- Invoking toplevel() on ptolemy.moml.MoMLSimpleApplication@4bc213d3
----------------- Done invoking toplevel() on ptolemy.moml.MoMLSimpleApplication@4bc213d3
reloadAllAccessors: .SinusoidWithMultipleImpulses

===========================================================================================
----------------- testing Tue Feb 26 03:39:19 UTC 2019 /home/travis/build/icyphy/ptII/ptolemy/domains/continuous/test/auto/SquareWave.xml
----------------- Instantiating /home/travis/build/icyphy/ptII/ptolemy/domains/continuous/test/auto/SquareWave.xml
146 ms. Memory: 552448K Free: 65763K (12%)
----------------- Invoking toplevel() on ptolemy.moml.MoMLSimpleApplication@60f1aced
----------------- Done invoking toplevel() on ptolemy.moml.MoMLSimpleApplication@60f1aced
reloadAllAccessors: .SquareWave

===========================================================================================
----------------- testing Tue Feb 26 03:39:20 UTC 2019 /home/travis/build/icyphy/ptII/ptolemy/domains/continuous/test/auto/Starmac.xml
----------------- Instantiating /home/travis/build/icyphy/ptII/ptolemy/domains/continuous/test/auto/Starmac.xml
3070 ms. Memory: 530944K Free: 142698K (27%)
----------------- Invoking toplevel() on ptolemy.moml.MoMLSimpleApplication@600668c
----------------- Done invoking toplevel() on ptolemy.moml.MoMLSimpleApplication@600668c
reloadAllAccessors: .Starmac

===========================================================================================
----------------- testing Tue Feb 26 03:39:23 UTC 2019 /home/travis/build/icyphy/ptII/ptolemy/domains/continuous/test/auto/StaticUnits.xml
----------------- Instantiating /home/travis/build/icyphy/ptII/ptolemy/domains/continuous/test/auto/StaticUnits.xml
2140 ms. Memory: 515072K Free: 84557K (16%)
----------------- Invoking toplevel() on ptolemy.moml.MoMLSimpleApplication@4f5123b2
----------------- Done invoking toplevel() on ptolemy.moml.MoMLSimpleApplication@4f5123b2
reloadAllAccessors: .StaticUnits

===========================================================================================
----------------- testing Tue Feb 26 03:39:25 UTC 2019 /home/travis/build/icyphy/ptII/ptolemy/domains/continuous/test/auto/StickyMasses.xml
----------------- Instantiating /home/travis/build/icyphy/ptII/ptolemy/domains/continuous/test/auto/StickyMasses.xml
136 ms. Memory: 515072K Free: 27888K (5%)
----------------- Invoking toplevel() on ptolemy.moml.MoMLSimpleApplication@277f1b83
----------------- Done invoking toplevel() on ptolemy.moml.MoMLSimpleApplication@277f1b83
reloadAllAccessors: .StickyMasses

===========================================================================================
----------------- testing Tue Feb 26 03:39:26 UTC 2019 /home/travis/build/icyphy/ptII/ptolemy/domains/continuous/test/auto/StopTime.xml
----------------- Instantiating /home/travis/build/icyphy/ptII/ptolemy/domains/continuous/test/auto/StopTime.xml
43 ms. Memory: 488960K Free: 399355K (82%)
----------------- Invoking toplevel() on ptolemy.moml.MoMLSimpleApplication@50ed8492
----------------- Done invoking toplevel() on ptolemy.moml.MoMLSimpleApplication@50ed8492
reloadAllAccessors: .StopTime

===========================================================================================
----------------- testing Tue Feb 26 03:39:26 UTC 2019 /home/travis/build/icyphy/ptII/ptolemy/domains/continuous/test/auto/StopTime2.xml
----------------- Instantiating /home/travis/build/icyphy/ptII/ptolemy/domains/continuous/test/auto/StopTime2.xml
38 ms. Memory: 488960K Free: 373902K (76%)
----------------- Invoking toplevel() on ptolemy.moml.MoMLSimpleApplication@6d47757f
----------------- Done invoking toplevel() on ptolemy.moml.MoMLSimpleApplication@6d47757f
reloadAllAccessors: .StopTime2

===========================================================================================
----------------- testing Tue Feb 26 03:39:26 UTC 2019 /home/travis/build/icyphy/ptII/ptolemy/domains/continuous/test/auto/Switch.xml
----------------- Instantiating /home/travis/build/icyphy/ptII/ptolemy/domains/continuous/test/auto/Switch.xml
40 ms. Memory: 488960K Free: 345692K (71%)
----------------- Invoking toplevel() on ptolemy.moml.MoMLSimpleApplication@1023a9a
----------------- Done invoking toplevel() on ptolemy.moml.MoMLSimpleApplication@1023a9a
reloadAllAccessors: .Switch

===========================================================================================
----------------- testing Tue Feb 26 03:39:26 UTC 2019 /home/travis/build/icyphy/ptII/ptolemy/domains/continuous/test/auto/Thermostat.xml
----------------- Instantiating /home/travis/build/icyphy/ptII/ptolemy/domains/continuous/test/auto/Thermostat.xml
194 ms. Memory: 488960K Free: 268417K (55%)
----------------- Invoking toplevel() on ptolemy.moml.MoMLSimpleApplication@2ca3ee99
----------------- Done invoking toplevel() on ptolemy.moml.MoMLSimpleApplication@2ca3ee99
reloadAllAccessors: .Thermostat

===========================================================================================
----------------- testing Tue Feb 26 03:39:26 UTC 2019 /home/travis/build/icyphy/ptII/ptolemy/domains/continuous/test/auto/TimeDelay.xml
----------------- Instantiating /home/travis/build/icyphy/ptII/ptolemy/domains/continuous/test/auto/TimeDelay.xml
6 ms. Memory: 488960K Free: 259343K (53%)
----------------- Invoking toplevel() on ptolemy.moml.MoMLSimpleApplication@6996cfaa
----------------- Done invoking toplevel() on ptolemy.moml.MoMLSimpleApplication@6996cfaa
reloadAllAccessors: .TimeDelay

===========================================================================================
----------------- testing Tue Feb 26 03:39:26 UTC 2019 /home/travis/build/icyphy/ptII/ptolemy/domains/continuous/test/auto/TimeDelay2.xml
----------------- Instantiating /home/travis/build/icyphy/ptII/ptolemy/domains/continuous/test/auto/TimeDelay2.xml
8 ms. Memory: 488960K Free: 250233K (51%)
----------------- Invoking toplevel() on ptolemy.moml.MoMLSimpleApplication@7fbef3b8
----------------- Done invoking toplevel() on ptolemy.moml.MoMLSimpleApplication@7fbef3b8
reloadAllAccessors: .TimeDelay2

===========================================================================================
----------------- testing Tue Feb 26 03:39:26 UTC 2019 /home/travis/build/icyphy/ptII/ptolemy/domains/continuous/test/auto/TimeDelay3.xml
----------------- Instantiating /home/travis/build/icyphy/ptII/ptolemy/domains/continuous/test/auto/TimeDelay3.xml
8 ms. Memory: 488960K Free: 243848K (50%)
----------------- Invoking toplevel() on ptolemy.moml.MoMLSimpleApplication@1ce81903
----------------- Done invoking toplevel() on ptolemy.moml.MoMLSimpleApplication@1ce81903
reloadAllAccessors: .TimeDelay3

===========================================================================================
----------------- testing Tue Feb 26 03:39:26 UTC 2019 /home/travis/build/icyphy/ptII/ptolemy/domains/continuous/test/auto/TransferAbsentToInside.xml
----------------- Instantiating /home/travis/build/icyphy/ptII/ptolemy/domains/continuous/test/auto/TransferAbsentToInside.xml
27 ms. Memory: 488960K Free: 188388K (39%)
----------------- Invoking toplevel() on ptolemy.moml.MoMLSimpleApplication@4f4203ef
----------------- Done invoking toplevel() on ptolemy.moml.MoMLSimpleApplication@4f4203ef
reloadAllAccessors: .TransferAbsentToInside

===========================================================================================
----------------- testing Tue Feb 26 03:39:26 UTC 2019 /home/travis/build/icyphy/ptII/ptolemy/domains/continuous/test/auto/Transmission.xml
----------------- Instantiating /home/travis/build/icyphy/ptII/ptolemy/domains/continuous/test/auto/Transmission.xml
656 ms. Memory: 470528K Free: 337604K (72%)
----------------- Invoking toplevel() on ptolemy.moml.MoMLSimpleApplication@48aac0c1
----------------- Done invoking toplevel() on ptolemy.moml.MoMLSimpleApplication@48aac0c1
reloadAllAccessors: .Transmission

===========================================================================================
----------------- testing Tue Feb 26 03:39:27 UTC 2019 /home/travis/build/icyphy/ptII/ptolemy/domains/continuous/test/auto/TriggeredContinuousClock.xml
----------------- Instantiating /home/travis/build/icyphy/ptII/ptolemy/domains/continuous/test/auto/TriggeredContinuousClock.xml
35 ms. Memory: 470528K Free: 304044K (65%)
----------------- Invoking toplevel() on ptolemy.moml.MoMLSimpleApplication@5c624dc9
----------------- Done invoking toplevel() on ptolemy.moml.MoMLSimpleApplication@5c624dc9
reloadAllAccessors: .TriggeredContinuousClock

===========================================================================================
----------------- testing Tue Feb 26 03:39:27 UTC 2019 /home/travis/build/icyphy/ptII/ptolemy/domains/continuous/test/auto/TwoMachineInfiniteBusControl.xml
----------------- Instantiating /home/travis/build/icyphy/ptII/ptolemy/domains/continuous/test/auto/TwoMachineInfiniteBusControl.xml
2596 ms. Memory: 453632K Free: 122563K (27%)
----------------- Invoking toplevel() on ptolemy.moml.MoMLSimpleApplication@651b36c2
----------------- Done invoking toplevel() on ptolemy.moml.MoMLSimpleApplication@651b36c2
reloadAllAccessors: .TwoMachineInfiniteBusControl

===========================================================================================
----------------- testing Tue Feb 26 03:39:30 UTC 2019 /home/travis/build/icyphy/ptII/ptolemy/domains/continuous/test/auto/V2V.xml
----------------- Instantiating /home/travis/build/icyphy/ptII/ptolemy/domains/continuous/test/auto/V2V.xml
637 ms. Memory: 435712K Free: 278877K (64%)
----------------- Invoking toplevel() on ptolemy.moml.MoMLSimpleApplication@113b4503
----------------- Done invoking toplevel() on ptolemy.moml.MoMLSimpleApplication@113b4503
reloadAllAccessors: .V2V

===========================================================================================
----------------- testing Tue Feb 26 03:39:31 UTC 2019 /home/travis/build/icyphy/ptII/ptolemy/domains/continuous/test/auto/hierarchicalModalModel.xml
----------------- Instantiating /home/travis/build/icyphy/ptII/ptolemy/domains/continuous/test/auto/hierarchicalModalModel.xml
8 ms. Memory: 435712K Free: 260742K (60%)
----------------- Invoking toplevel() on ptolemy.moml.MoMLSimpleApplication@3104b02d
----------------- Done invoking toplevel() on ptolemy.moml.MoMLSimpleApplication@3104b02d
reloadAllAccessors: .hierarchicalModalModel

===========================================================================================
----------------- testing Tue Feb 26 03:39:31 UTC 2019 /home/travis/build/icyphy/ptII/ptolemy/domains/continuous/test/auto/hierarchicalModalModel1.xml
----------------- Instantiating /home/travis/build/icyphy/ptII/ptolemy/domains/continuous/test/auto/hierarchicalModalModel1.xml
8 ms. Memory: 435712K Free: 243763K (56%)
----------------- Invoking toplevel() on ptolemy.moml.MoMLSimpleApplication@5ec1f619
----------------- Done invoking toplevel() on ptolemy.moml.MoMLSimpleApplication@5ec1f619
reloadAllAccessors: .hierarchicalModalModel1

===========================================================================================
----------------- testing Tue Feb 26 03:39:31 UTC 2019 /home/travis/build/icyphy/ptII/ptolemy/domains/continuous/test/auto/hierarchicalModalModel2.xml
----------------- Instantiating /home/travis/build/icyphy/ptII/ptolemy/domains/continuous/test/auto/hierarchicalModalModel2.xml
5 ms. Memory: 435712K Free: 228646K (52%)
----------------- Invoking toplevel() on ptolemy.moml.MoMLSimpleApplication@33a65dc9
----------------- Done invoking toplevel() on ptolemy.moml.MoMLSimpleApplication@33a65dc9
reloadAllAccessors: .hierarchicalModalModel2

===========================================================================================
----------------- testing Tue Feb 26 03:39:31 UTC 2019 /home/travis/build/icyphy/ptII/ptolemy/domains/continuous/test/auto/hierarchicalModalModel3.xml
----------------- Instantiating /home/travis/build/icyphy/ptII/ptolemy/domains/continuous/test/auto/hierarchicalModalModel3.xml
6 ms. Memory: 435712K Free: 215266K (49%)
----------------- Invoking toplevel() on ptolemy.moml.MoMLSimpleApplication@73d80977
----------------- Done invoking toplevel() on ptolemy.moml.MoMLSimpleApplication@73d80977
reloadAllAccessors: .hierarchicalModalModel3

===========================================================================================
----------------- testing Tue Feb 26 03:39:31 UTC 2019 /home/travis/build/icyphy/ptII/ptolemy/domains/continuous/test/auto/hierarchicalModalModel4.xml
----------------- Instantiating /home/travis/build/icyphy/ptII/ptolemy/domains/continuous/test/auto/hierarchicalModalModel4.xml
5 ms. Memory: 435712K Free: 200095K (46%)
----------------- Invoking toplevel() on ptolemy.moml.MoMLSimpleApplication@39793515
----------------- Done invoking toplevel() on ptolemy.moml.MoMLSimpleApplication@39793515
reloadAllAccessors: .hierarchicalModalModel4

===========================================================================================
----------------- testing Tue Feb 26 03:39:31 UTC 2019 /home/travis/build/icyphy/ptII/ptolemy/domains/continuous/test/auto/junk.xml
----------------- Instantiating /home/travis/build/icyphy/ptII/ptolemy/domains/continuous/test/auto/junk.xml
114 ms. Memory: 435712K Free: 169089K (39%)
----------------- Invoking toplevel() on ptolemy.moml.MoMLSimpleApplication@134f29a7
----------------- Done invoking toplevel() on ptolemy.moml.MoMLSimpleApplication@134f29a7
reloadAllAccessors: .junk
AutoTests.java: About to close Vertx.
AutoTests.java: Vertx closed.
]]></system-out>
  <system-err><![CDATA[Warning: '.IncreasingRatePoisson.NonStrictTest' The test produced only 378 tokens, yet the correctValues parameter was expecting 402 tokens.
Warning: '.Poisson.NonStrictTest' The test produced only 415 tokens, yet the correctValues parameter was expecting 430 tokens.
]]></system-err>
</testsuite>
