<?xml version="1.0" encoding="UTF-8" ?>
<testsuite errors="0" failures="0" hostname="travis-job-8bb78266-7d14-4d36-9d20-0189e6607b99" name="ptolemy.vergil.basic.export.test.junit.ExportModelJUnitTestBatch3" skipped="0" tests="60" time="1425.222" timestamp="2019-11-16T07:01:23">
  <properties>
[...]
</properties>
  <testcase classname="ptolemy.vergil.basic.export.test.junit.ExportModelJUnitTestBatch3" name="[0] ptolemy/actor/lib/jjs/modules/iotAuth/demo/SecurePubSub/SecurePubSub.xml (RunExportModel)" time="45.728" />
  <testcase classname="ptolemy.vergil.basic.export.test.junit.ExportModelJUnitTestBatch3" name="[1] ptolemy/actor/lib/jjs/modules/localStorage/demo/LocalStorage/LocalStorage.xml (RunExportModel)" time="17.34" />
  <testcase classname="ptolemy.vergil.basic.export.test.junit.ExportModelJUnitTestBatch3" name="[2] ptolemy/actor/lib/jjs/modules/mqtt/demo/MQTTPubSub/MQTTPubSub.xml (RunExportModel)" time="33.759" />
  <testcase classname="ptolemy.vergil.basic.export.test.junit.ExportModelJUnitTestBatch3" name="[3] ptolemy/actor/lib/jjs/modules/socket/demo/SecureSocket/SecureSocket.xml (RunExportModel)" time="32.233" />
  <testcase classname="ptolemy.vergil.basic.export.test.junit.ExportModelJUnitTestBatch3" name="[4] ptolemy/actor/lib/jjs/modules/socket/demo/SocketDoubleArrayBatched/SocketDoubleArrayBatched.xml (RunExportModel)" time="23.477" />
  <testcase classname="ptolemy.vergil.basic.export.test.junit.ExportModelJUnitTestBatch3" name="[5] ptolemy/actor/lib/jjs/modules/socket/demo/SocketImage/SocketImage.xml (RunExportModel)" time="48.976" />
  <testcase classname="ptolemy.vergil.basic.export.test.junit.ExportModelJUnitTestBatch3" name="[6] ptolemy/actor/lib/jjs/modules/socket/demo/SocketString/SocketString.xml (RunExportModel)" time="24.459" />
  <testcase classname="ptolemy.vergil.basic.export.test.junit.ExportModelJUnitTestBatch3" name="[7] ptolemy/actor/lib/jjs/modules/socket/demo/SocketUnsignedShort/SocketUnsignedShort.xml (RunExportModel)" time="21.338" />
  <testcase classname="ptolemy.vergil.basic.export.test.junit.ExportModelJUnitTestBatch3" name="[8] ptolemy/actor/lib/jjs/modules/socket/demo/TCPSocket/TCPSocket.xml (RunExportModel)" time="8.279" />
  <testcase classname="ptolemy.vergil.basic.export.test.junit.ExportModelJUnitTestBatch3" name="[9] ptolemy/actor/lib/jjs/modules/socket/demo/TCPSocket/TCPSocketDoubleArrayBatched.xml (RunExportModel)" time="22.677" />
  <testcase classname="ptolemy.vergil.basic.export.test.junit.ExportModelJUnitTestBatch3" name="[10] ptolemy/actor/lib/jjs/modules/socket/demo/TCPSocket/TCPSocketImage.xml (RunExportModel)" time="45.297" />
  <testcase classname="ptolemy.vergil.basic.export.test.junit.ExportModelJUnitTestBatch3" name="[11] ptolemy/actor/lib/jjs/modules/socket/demo/TCPSocket/TCPSocketSecureServerClient.xml (RunExportModel)" time="34.847" />
  <testcase classname="ptolemy.vergil.basic.export.test.junit.ExportModelJUnitTestBatch3" name="[12] ptolemy/actor/lib/jjs/modules/socket/demo/TCPSocket/TCPSocketTwoClients.xml (RunExportModel)" time="45.188" />
  <testcase classname="ptolemy.vergil.basic.export.test.junit.ExportModelJUnitTestBatch3" name="[13] ptolemy/actor/lib/jjs/modules/socket/demo/TCPSocket/TCPSocketUnsignedShort.xml (RunExportModel)" time="22.133" />
  <testcase classname="ptolemy.vergil.basic.export.test.junit.ExportModelJUnitTestBatch3" name="[14] ptolemy/actor/lib/jjs/modules/speechRecognition/demo/SpeechRecognition/SpeechRecognition.xml (RunExportModel)" time="14.438" />
  <testcase classname="ptolemy.vergil.basic.export.test.junit.ExportModelJUnitTestBatch3" name="[15] ptolemy/actor/lib/jjs/modules/speechRecognition/demo/WatchCommandUpdater/WatchCommandUpdater.xml (RunExportModel)" time="22.623" />
  <testcase classname="ptolemy.vergil.basic.export.test.junit.ExportModelJUnitTestBatch3" name="[16] ptolemy/actor/lib/jjs/modules/testing/demo/Testing/Testing.xml (RunExportModel)" time="34.314" />
  <testcase classname="ptolemy.vergil.basic.export.test.junit.ExportModelJUnitTestBatch3" name="[17] ptolemy/actor/lib/jjs/modules/udpSocket/demo/UDPSocket/UDPSocket.xml (RunExportModel)" time="41.714" />
  <testcase classname="ptolemy.vergil.basic.export.test.junit.ExportModelJUnitTestBatch3" name="[18] ptolemy/actor/lib/jjs/modules/udpSocket/demo/WatchEmulator/WatchEmulator.xml (RunExportModel)" time="21.266" />
  <testcase classname="ptolemy.vergil.basic.export.test.junit.ExportModelJUnitTestBatch3" name="[19] ptolemy/actor/lib/jjs/modules/userInterface/demo/Dots/Dots.xml (RunExportModel)" time="44.963" />
  <testcase classname="ptolemy.vergil.basic.export.test.junit.ExportModelJUnitTestBatch3" name="[20] ptolemy/actor/lib/jjs/modules/userInterface/demo/HelloUserInterface/HelloUserInterface.xml (RunExportModel)" time="29.941" />
  <testcase classname="ptolemy.vergil.basic.export.test.junit.ExportModelJUnitTestBatch3" name="[21] ptolemy/actor/lib/jjs/modules/userInterface/demo/UserInterface/UserInterface.xml (RunExportModel)" time="8.224" />
  <testcase classname="ptolemy.vergil.basic.export.test.junit.ExportModelJUnitTestBatch3" name="[22] ptolemy/actor/lib/jjs/modules/userInterface/demo/UserInterface/UserInterfaceBrowser.xml (RunExportModel)" time="46.495" />
  <testcase classname="ptolemy.vergil.basic.export.test.junit.ExportModelJUnitTestBatch3" name="[23] ptolemy/actor/lib/jjs/modules/userInterface/demo/UserInterface/UserInterfaceFixedPage.xml (RunExportModel)" time="19.478" />
  <testcase classname="ptolemy.vergil.basic.export.test.junit.ExportModelJUnitTestBatch3" name="[24] ptolemy/actor/lib/jjs/modules/userInterface/demo/UserInterface/UserInterfaceInteractive.xml (RunExportModel)" time="42.412" />
  <testcase classname="ptolemy.vergil.basic.export.test.junit.ExportModelJUnitTestBatch3" name="[25] ptolemy/actor/lib/jjs/modules/userInterface/demo/UserInterface/UserInterfaceRamp.xml (RunExportModel)" time="34.585" />
  <testcase classname="ptolemy.vergil.basic.export.test.junit.ExportModelJUnitTestBatch3" name="[26] ptolemy/actor/lib/jjs/modules/userInterface/demo/UserInterface/UserInterfaceUpdate.xml (RunExportModel)" time="39.86" />
  <testcase classname="ptolemy.vergil.basic.export.test.junit.ExportModelJUnitTestBatch3" name="[27] ptolemy/actor/lib/jjs/modules/userInterface/demo/UserInterface/UserInterfaceVideo.xml (RunExportModel)" time="45.437" />
  <testcase classname="ptolemy.vergil.basic.export.test.junit.ExportModelJUnitTestBatch3" name="[28] ptolemy/actor/lib/jjs/modules/webSocket/demo/SpeakingServerListeningClient/SpeakingServerListeningClient.xml (RunExportModel)" time="26.531" />
  <testcase classname="ptolemy.vergil.basic.export.test.junit.ExportModelJUnitTestBatch3" name="[29] ptolemy/actor/lib/jjs/modules/webSocket/demo/TwoWebSockets/TwoWebSockets.xml (RunExportModel)" time="18.868" />
  <testcase classname="ptolemy.vergil.basic.export.test.junit.ExportModelJUnitTestBatch3" name="[30] ptolemy/actor/lib/jjs/modules/webSocket/demo/WebSocketChat/Client.xml (RunExportModel)" time="10.07" />
  <testcase classname="ptolemy.vergil.basic.export.test.junit.ExportModelJUnitTestBatch3" name="[31] ptolemy/actor/lib/jjs/modules/webSocket/demo/WebSocketChat/SecureClient.xml (RunExportModel)" time="9.976" />
  <testcase classname="ptolemy.vergil.basic.export.test.junit.ExportModelJUnitTestBatch3" name="[32] ptolemy/actor/lib/jjs/modules/webSocket/demo/WebSocketChat/SecureServer.xml (RunExportModel)" time="40.866" />
  <testcase classname="ptolemy.vergil.basic.export.test.junit.ExportModelJUnitTestBatch3" name="[33] ptolemy/actor/lib/jjs/modules/webSocket/demo/WebSocketChat/Server.xml (RunExportModel)" time="40.928" />
  <testcase classname="ptolemy.vergil.basic.export.test.junit.ExportModelJUnitTestBatch3" name="[34] ptolemy/actor/lib/jjs/modules/webSocket/demo/WebSocketChat/WebSocketChat.xml (RunExportModel)" time="8.162" />
  <testcase classname="ptolemy.vergil.basic.export.test.junit.ExportModelJUnitTestBatch3" name="[35] ptolemy/actor/lib/jjs/modules/webSocket/demo/WebSocketClient/WebSocketClient.xml (RunExportModel)" time="10.023" />
  <testcase classname="ptolemy.vergil.basic.export.test.junit.ExportModelJUnitTestBatch3" name="[36] ptolemy/actor/lib/jjs/modules/webSocket/demo/WebSocketClient/WebSocketServer.xml (RunExportModel)" time="43.89" />
  <testcase classname="ptolemy.vergil.basic.export.test.junit.ExportModelJUnitTestBatch3" name="[37] ptolemy/actor/lib/jjs/modules/webSocket/demo/WebSocketFullDuplex/WebSocketFullDuplex.xml (RunExportModel)" time="21.635" />
  <testcase classname="ptolemy.vergil.basic.export.test.junit.ExportModelJUnitTestBatch3" name="[38] ptolemy/actor/lib/jjs/modules/webSocket/demo/WebSocketGraph/WebSocketGraph.xml (RunExportModel)" time="49.215" />
  <testcase classname="ptolemy.vergil.basic.export.test.junit.ExportModelJUnitTestBatch3" name="[39] ptolemy/actor/lib/jjs/modules/webSocket/demo/WebSocketImage/WebSocketImage.xml (RunExportModel)" time="78.936" />
  <testcase classname="ptolemy.vergil.basic.export.test.junit.ExportModelJUnitTestBatch3" name="[40] ptolemy/actor/lib/jjs/modules/webSocket/demo/WebSocketLog/WebSocketLog.xml (RunExportModel)" time="34.87" />
  <testcase classname="ptolemy.vergil.basic.export.test.junit.ExportModelJUnitTestBatch3" name="[41] ptolemy/actor/lib/jjs/modules/webSocket/demo/WebSocketsServerClient/WebSocketsServerClient.xml (RunExportModel)" time="28.303" />
  <testcase classname="ptolemy.vergil.basic.export.test.junit.ExportModelJUnitTestBatch3" name="[42] ptolemy/actor/lib/jjs/modules/xbee/demo/XBeeHelloWorld/XBeeDataTypes.xml (RunExportModel)" time="11.952" />
  <testcase classname="ptolemy.vergil.basic.export.test.junit.ExportModelJUnitTestBatch3" name="[43] ptolemy/actor/lib/jjs/modules/xbee/demo/XBeeHelloWorld/XBeeHelloWorld.xml (RunExportModel)" time="11.734" />
  <testcase classname="ptolemy.vergil.basic.export.test.junit.ExportModelJUnitTestBatch3" name="[44] ptolemy/actor/lib/jmf/demo/VideoCapture/VideoCapture.xml (RunExportModel)" time="3.218" />
  <testcase classname="ptolemy.vergil.basic.export.test.junit.ExportModelJUnitTestBatch3" name="[45] ptolemy/actor/lib/mail/demo/ExceptionEmailer/ExceptionEmailer.xml (RunExportModel)" time="4.239" />
  <testcase classname="ptolemy.vergil.basic.export.test.junit.ExportModelJUnitTestBatch3" name="[46] ptolemy/actor/lib/mail/demo/SendMail/SendMail.xml (RunExportModel)" time="4.258" />
  <testcase classname="ptolemy.vergil.basic.export.test.junit.ExportModelJUnitTestBatch3" name="[47] ptolemy/actor/lib/python/demo/Ptolemnizer/Ptolemnizer.xml (RunExportModel)" time="7.245" />
  <testcase classname="ptolemy.vergil.basic.export.test.junit.ExportModelJUnitTestBatch3" name="[48] ptolemy/actor/lib/python/demo/PythonScale/PythonScale.xml (RunExportModel)" time="4.501" />
  <testcase classname="ptolemy.vergil.basic.export.test.junit.ExportModelJUnitTestBatch3" name="[49] ptolemy/actor/lib/python/demo/RecordManipulation/RecordManipulation.xml (RunExportModel)" time="3.273" />
  <testcase classname="ptolemy.vergil.basic.export.test.junit.ExportModelJUnitTestBatch3" name="[50] ptolemy/actor/lib/r/demo/R3DPlot/R3DPlot.xml (RunExportModel)" time="3.261" />
  <testcase classname="ptolemy.vergil.basic.export.test.junit.ExportModelJUnitTestBatch3" name="[51] ptolemy/actor/lib/r/demo/RRecordToDataframe/RRecordToDataframe.xml (RunExportModel)" time="3.192" />
  <testcase classname="ptolemy.vergil.basic.export.test.junit.ExportModelJUnitTestBatch3" name="[52] ptolemy/actor/lib/security/demo/Signature/Signature.xml (RunExportModel)" time="3.292" />
  <testcase classname="ptolemy.vergil.basic.export.test.junit.ExportModelJUnitTestBatch3" name="[53] ptolemy/actor/lib/video/demo/DCT2x2dc/DCT2x2dc.xml (RunExportModel)" time="4.302" />
  <testcase classname="ptolemy.vergil.basic.export.test.junit.ExportModelJUnitTestBatch3" name="[54] ptolemy/actor/lib/video/demo/DCT4x4dc/DCT4x4dc.xml (RunExportModel)" time="4.221" />
  <testcase classname="ptolemy.vergil.basic.export.test.junit.ExportModelJUnitTestBatch3" name="[55] ptolemy/actor/lib/video/demo/DCT8x8/DCT8x8.xml (RunExportModel)" time="4.331" />
  <testcase classname="ptolemy.vergil.basic.export.test.junit.ExportModelJUnitTestBatch3" name="[56] ptolemy/actor/lib/xslt/demo/MoMLFileTransformation/MoMLFileTransformation.xml (RunExportModel)" time="5.229" />
  <testcase classname="ptolemy.vergil.basic.export.test.junit.ExportModelJUnitTestBatch3" name="[57] ptolemy/actor/lib/xslt/demo/XMLInclusion/XMLInclusion.xml (RunExportModel)" time="4.274" />
  <testcase classname="ptolemy.vergil.basic.export.test.junit.ExportModelJUnitTestBatch3" name="[58] ptolemy/actor/parameters/demo/Bouncer/Bouncer.xml (RunExportModel)" time="14.35" />
  <testcase classname="ptolemy.vergil.basic.export.test.junit.ExportModelJUnitTestBatch3" name="[59] ptolemy/actor/parameters/demo/SliderParameter/SliderParameter.xml (RunExportModel)" time="34.316" />
  <system-out><![CDATA[ExportModeJUnitTestBatch: There are 741 demos. Exporting demos: 211 to 270.
####### 1 Sat Nov 16 07:01:23 UTC 2019 $PTII/bin/ptinvoke ptolemy.vergil.basic.export.ExportModel -force htm -run -openComposites -timeOut 30000 -whiteBackground ptolemy/actor/lib/jjs/modules/iotAuth/demo/SecurePubSub/SecurePubSub.xml $PTII/ptolemy/actor/lib/jjs/modules/iotAuth/demo/SecurePubSub/SecurePubSub
----------------- Sat Nov 16 07:01:23 UTC 2019 About to sleep for 5.0 seconds before running or rerunning.  Test is: /home/travis/build/icyphy/ptII/ptolemy/actor/lib/jjs/modules/iotAuth/demo/SecurePubSub/SecurePubSub.xml
Done sleeping
JSAccessor: PT_NO_NET environment variable is set, so git pull and ptdoc are not being run.
Opened file:/home/travis/build/icyphy/ptII/ptolemy/actor/lib/jjs/modules/iotAuth/demo/SecurePubSub/SecurePubSub.xml in 11899 ms.
Size Statistics for .SecurePubSub
AtomicEntities: 18
CompositeEntities: 0
OpaqueCompositeEntities: 0
Relations: 19
Attributes: 153
Atomic Actor Names and Counts:
ptolemy.actor.lib.gui.TimedDisplay 8
org.terraswarm.accessor.JSAccessor 2
ptolemy.actor.lib.Const 2
ptolemy.actor.lib.Expression 2
ptolemy.actor.lib.Ramp 2
ptolemy.actor.lib.DiscreteClock 1
ptolemy.actor.lib.logic.TrueGate 1

Composite Entity Depths and Counts:

Running .SecurePubSub
Manager.initialize() finished: 11627 ms. Memory: 422912K Free: 290263K (69%)
21664 ms. Memory: 422912K Free: 284119K (67%)
Exported /home/travis/build/icyphy/ptII/ptolemy/actor/lib/jjs/modules/iotAuth/demo/SecurePubSub/SecurePubSub/index.html
40654 ms. Memory: 422912K Free: 211925K (50%)
####### 2 Sat Nov 16 07:02:09 UTC 2019 $PTII/bin/ptinvoke ptolemy.vergil.basic.export.ExportModel -force htm -run -openComposites -timeOut 30000 -whiteBackground ptolemy/actor/lib/jjs/modules/localStorage/demo/LocalStorage/LocalStorage.xml $PTII/ptolemy/actor/lib/jjs/modules/localStorage/demo/LocalStorage/LocalStorage
----------------- Sat Nov 16 07:02:09 UTC 2019 About to sleep for 5.0 seconds before running or rerunning.  Test is: /home/travis/build/icyphy/ptII/ptolemy/actor/lib/jjs/modules/localStorage/demo/LocalStorage/LocalStorage.xml
Done sleeping
Running .LocalStorage
5062 ms. Memory: 507904K Free: 361982K (71%)
Exported /home/travis/build/icyphy/ptII/ptolemy/actor/lib/jjs/modules/localStorage/demo/LocalStorage/LocalStorage/index.html
12338 ms. Memory: 507904K Free: 332286K (65%)
####### 3 Sat Nov 16 07:02:26 UTC 2019 $PTII/bin/ptinvoke ptolemy.vergil.basic.export.ExportModel -force htm -run -openComposites -timeOut 30000 -whiteBackground ptolemy/actor/lib/jjs/modules/mqtt/demo/MQTTPubSub/MQTTPubSub.xml $PTII/ptolemy/actor/lib/jjs/modules/mqtt/demo/MQTTPubSub/MQTTPubSub
----------------- Sat Nov 16 07:02:26 UTC 2019 About to sleep for 5.0 seconds before running or rerunning.  Test is: /home/travis/build/icyphy/ptII/ptolemy/actor/lib/jjs/modules/mqtt/demo/MQTTPubSub/MQTTPubSub.xml
Done sleeping
Running .MQTTPubSub
18725 ms. Memory: 507904K Free: 175102K (34%)
Exported /home/travis/build/icyphy/ptII/ptolemy/actor/lib/jjs/modules/mqtt/demo/MQTTPubSub/MQTTPubSub/index.html
28758 ms. Memory: 507904K Free: 131049K (26%)
####### 4 Sat Nov 16 07:03:00 UTC 2019 $PTII/bin/ptinvoke ptolemy.vergil.basic.export.ExportModel -force htm -run -openComposites -timeOut 30000 -whiteBackground ptolemy/actor/lib/jjs/modules/socket/demo/SecureSocket/SecureSocket.xml $PTII/ptolemy/actor/lib/jjs/modules/socket/demo/SecureSocket/SecureSocket
----------------- Sat Nov 16 07:03:00 UTC 2019 About to sleep for 5.0 seconds before running or rerunning.  Test is: /home/travis/build/icyphy/ptII/ptolemy/actor/lib/jjs/modules/socket/demo/SecureSocket/SecureSocket.xml
Done sleeping
Running .SecureSocket
18128 ms. Memory: 507904K Free: 203776K (40%)
Exported /home/travis/build/icyphy/ptII/ptolemy/actor/lib/jjs/modules/socket/demo/SecureSocket/SecureSocket/index.html
27232 ms. Memory: 507904K Free: 158712K (31%)
####### 5 Sat Nov 16 07:03:32 UTC 2019 $PTII/bin/ptinvoke ptolemy.vergil.basic.export.ExportModel -force htm -run -openComposites -timeOut 30000 -whiteBackground ptolemy/actor/lib/jjs/modules/socket/demo/SocketDoubleArrayBatched/SocketDoubleArrayBatched.xml $PTII/ptolemy/actor/lib/jjs/modules/socket/demo/SocketDoubleArrayBatched/SocketDoubleArrayBatched
----------------- Sat Nov 16 07:03:32 UTC 2019 About to sleep for 5.0 seconds before running or rerunning.  Test is: /home/travis/build/icyphy/ptII/ptolemy/actor/lib/jjs/modules/socket/demo/SocketDoubleArrayBatched/SocketDoubleArrayBatched.xml
Done sleeping
Running .SocketDoubleArrayBatched
9544 ms. Memory: 507904K Free: 127998K (25%)
Exported /home/travis/build/icyphy/ptII/ptolemy/actor/lib/jjs/modules/socket/demo/SocketDoubleArrayBatched/SocketDoubleArrayBatched/index.html
18475 ms. Memory: 507904K Free: 93163K (18%)
####### 6 Sat Nov 16 07:03:56 UTC 2019 $PTII/bin/ptinvoke ptolemy.vergil.basic.export.ExportModel -force htm -run -openComposites -timeOut 30000 -whiteBackground ptolemy/actor/lib/jjs/modules/socket/demo/SocketImage/SocketImage.xml $PTII/ptolemy/actor/lib/jjs/modules/socket/demo/SocketImage/SocketImage
----------------- Sat Nov 16 07:03:56 UTC 2019 About to sleep for 5.0 seconds before running or rerunning.  Test is: /home/travis/build/icyphy/ptII/ptolemy/actor/lib/jjs/modules/socket/demo/SocketImage/SocketImage.xml
Done sleeping
No physical cameras found, using WebcamDummyDriver.
Running .SocketImage
Manager.initialize() finished: 10017 ms. Memory: 616448K Free: 204800K (33%)
ExportHTMLTimer went off after 30000 ms., calling getDirector().finish and getDirector().stopFire()
30119 ms. Memory: 1411072K Free: 738814K (52%)
Exported /home/travis/build/icyphy/ptII/ptolemy/actor/lib/jjs/modules/socket/demo/SocketImage/SocketImage/index.html
43974 ms. Memory: 1411072K Free: 703007K (50%)
####### 7 Sat Nov 16 07:04:45 UTC 2019 $PTII/bin/ptinvoke ptolemy.vergil.basic.export.ExportModel -force htm -run -openComposites -timeOut 30000 -whiteBackground ptolemy/actor/lib/jjs/modules/socket/demo/SocketString/SocketString.xml $PTII/ptolemy/actor/lib/jjs/modules/socket/demo/SocketString/SocketString
----------------- Sat Nov 16 07:04:45 UTC 2019 About to sleep for 5.0 seconds before running or rerunning.  Test is: /home/travis/build/icyphy/ptII/ptolemy/actor/lib/jjs/modules/socket/demo/SocketString/SocketString.xml
Done sleeping
Running .SocketString
11087 ms. Memory: 1411072K Free: 705534K (50%)
Exported /home/travis/build/icyphy/ptII/ptolemy/actor/lib/jjs/modules/socket/demo/SocketString/SocketString/index.html
19457 ms. Memory: 1411072K Free: 1088344K (77%)
####### 8 Sat Nov 16 07:05:09 UTC 2019 $PTII/bin/ptinvoke ptolemy.vergil.basic.export.ExportModel -force htm -run -openComposites -timeOut 30000 -whiteBackground ptolemy/actor/lib/jjs/modules/socket/demo/SocketUnsignedShort/SocketUnsignedShort.xml $PTII/ptolemy/actor/lib/jjs/modules/socket/demo/SocketUnsignedShort/SocketUnsignedShort
----------------- Sat Nov 16 07:05:09 UTC 2019 About to sleep for 5.0 seconds before running or rerunning.  Test is: /home/travis/build/icyphy/ptII/ptolemy/actor/lib/jjs/modules/socket/demo/SocketUnsignedShort/SocketUnsignedShort.xml
Done sleeping
Running .SocketUnsignedShort
Client: Sending data: -1,0,1,65535,65536 (Thread[AWT-EventQueue-0,6,main])
8541 ms. Memory: 1411072K Free: 646142K (46%)
Exported /home/travis/build/icyphy/ptII/ptolemy/actor/lib/jjs/modules/socket/demo/SocketUnsignedShort/SocketUnsignedShort/index.html
16337 ms. Memory: 1411072K Free: 613261K (43%)
####### 9 Sat Nov 16 07:05:31 UTC 2019 $PTII/bin/ptinvoke ptolemy.vergil.basic.export.ExportModel -force htm  -openComposites -timeOut 30000 -whiteBackground ptolemy/actor/lib/jjs/modules/socket/demo/TCPSocket/TCPSocket.xml $PTII/ptolemy/actor/lib/jjs/modules/socket/demo/TCPSocket/TCPSocket
Warning: not running ptolemy/actor/lib/jjs/modules/socket/demo/TCPSocket/TCPSocket.xml. See ptolemy/vergil/basic/export/test/junit/ExportModelJUnitTest.java
----------------- Sat Nov 16 07:05:31 UTC 2019 About to sleep for 5.0 seconds before running or rerunning.  Test is: /home/travis/build/icyphy/ptII/ptolemy/actor/lib/jjs/modules/socket/demo/TCPSocket/TCPSocket.xml
Done sleeping
Exported /home/travis/build/icyphy/ptII/ptolemy/actor/lib/jjs/modules/socket/demo/TCPSocket/TCPSocket/index.html
3278 ms. Memory: 1411072K Free: 500205K (35%)
####### 10 Sat Nov 16 07:05:39 UTC 2019 $PTII/bin/ptinvoke ptolemy.vergil.basic.export.ExportModel -force htm -run -openComposites -timeOut 30000 -whiteBackground ptolemy/actor/lib/jjs/modules/socket/demo/TCPSocket/TCPSocketDoubleArrayBatched.xml $PTII/ptolemy/actor/lib/jjs/modules/socket/demo/TCPSocket/TCPSocketDoubleArrayBatched
----------------- Sat Nov 16 07:05:39 UTC 2019 About to sleep for 5.0 seconds before running or rerunning.  Test is: /home/travis/build/icyphy/ptII/ptolemy/actor/lib/jjs/modules/socket/demo/TCPSocket/TCPSocketDoubleArrayBatched.xml
Done sleeping
Running .TCPSocketDoubleArrayBatched
9606 ms. Memory: 1411072K Free: 634880K (45%)
Exported /home/travis/build/icyphy/ptII/ptolemy/actor/lib/jjs/modules/socket/demo/TCPSocket/TCPSocketDoubleArrayBatched/index.html
17676 ms. Memory: 1411072K Free: 592351K (42%)
####### 11 Sat Nov 16 07:06:02 UTC 2019 $PTII/bin/ptinvoke ptolemy.vergil.basic.export.ExportModel -force htm -run -openComposites -timeOut 30000 -whiteBackground ptolemy/actor/lib/jjs/modules/socket/demo/TCPSocket/TCPSocketImage.xml $PTII/ptolemy/actor/lib/jjs/modules/socket/demo/TCPSocket/TCPSocketImage
----------------- Sat Nov 16 07:06:02 UTC 2019 About to sleep for 5.0 seconds before running or rerunning.  Test is: /home/travis/build/icyphy/ptII/ptolemy/actor/lib/jjs/modules/socket/demo/TCPSocket/TCPSocketImage.xml
Done sleeping
Running .TCPSocketImage
Manager.initialize() finished: 10212 ms. Memory: 1411072K Free: 477871K (34%)
ExportHTMLTimer went off after 30000 ms., calling getDirector().finish and getDirector().stopFire()
30092 ms. Memory: 1418240K Free: 551142K (39%)
Exported /home/travis/build/icyphy/ptII/ptolemy/actor/lib/jjs/modules/socket/demo/TCPSocket/TCPSocketImage/index.html
40296 ms. Memory: 1418240K Free: 518868K (37%)
####### 12 Sat Nov 16 07:06:47 UTC 2019 $PTII/bin/ptinvoke ptolemy.vergil.basic.export.ExportModel -force htm -run -openComposites -timeOut 30000 -whiteBackground ptolemy/actor/lib/jjs/modules/socket/demo/TCPSocket/TCPSocketSecureServerClient.xml $PTII/ptolemy/actor/lib/jjs/modules/socket/demo/TCPSocket/TCPSocketSecureServerClient
----------------- Sat Nov 16 07:06:47 UTC 2019 About to sleep for 5.0 seconds before running or rerunning.  Test is: /home/travis/build/icyphy/ptII/ptolemy/actor/lib/jjs/modules/socket/demo/TCPSocket/TCPSocketSecureServerClient.xml
Done sleeping
Running .TCPSocketSecureServerClient
Manager.initialize() finished: 13008 ms. Memory: 1418240K Free: 781078K (55%)
18073 ms. Memory: 1418240K Free: 712192K (50%)
Exported /home/travis/build/icyphy/ptII/ptolemy/actor/lib/jjs/modules/socket/demo/TCPSocket/TCPSocketSecureServerClient/index.html
29846 ms. Memory: 1418240K Free: 675294K (48%)
####### 13 Sat Nov 16 07:07:22 UTC 2019 $PTII/bin/ptinvoke ptolemy.vergil.basic.export.ExportModel -force htm -run -openComposites -timeOut 30000 -whiteBackground ptolemy/actor/lib/jjs/modules/socket/demo/TCPSocket/TCPSocketTwoClients.xml $PTII/ptolemy/actor/lib/jjs/modules/socket/demo/TCPSocket/TCPSocketTwoClients
----------------- Sat Nov 16 07:07:22 UTC 2019 About to sleep for 5.0 seconds before running or rerunning.  Test is: /home/travis/build/icyphy/ptII/ptolemy/actor/lib/jjs/modules/socket/demo/TCPSocket/TCPSocketTwoClients.xml
Done sleeping
Running .TCPSocketTwoClients
29039 ms. Memory: 1418240K Free: 393216K (28%)
Exported /home/travis/build/icyphy/ptII/ptolemy/actor/lib/jjs/modules/socket/demo/TCPSocket/TCPSocketTwoClients/index.html
40186 ms. Memory: 1418240K Free: 349166K (25%)
####### 14 Sat Nov 16 07:08:07 UTC 2019 $PTII/bin/ptinvoke ptolemy.vergil.basic.export.ExportModel -force htm -run -openComposites -timeOut 30000 -whiteBackground ptolemy/actor/lib/jjs/modules/socket/demo/TCPSocket/TCPSocketUnsignedShort.xml $PTII/ptolemy/actor/lib/jjs/modules/socket/demo/TCPSocket/TCPSocketUnsignedShort
----------------- Sat Nov 16 07:08:07 UTC 2019 About to sleep for 5.0 seconds before running or rerunning.  Test is: /home/travis/build/icyphy/ptII/ptolemy/actor/lib/jjs/modules/socket/demo/TCPSocket/TCPSocketUnsignedShort.xml
Done sleeping
Running .TCPSocketUnsignedShort
8559 ms. Memory: 1418240K Free: 761342K (54%)
Exported /home/travis/build/icyphy/ptII/ptolemy/actor/lib/jjs/modules/socket/demo/TCPSocket/TCPSocketUnsignedShort/index.html
17132 ms. Memory: 1418240K Free: 722891K (51%)
####### 15 Sat Nov 16 07:08:29 UTC 2019 $PTII/bin/ptinvoke ptolemy.vergil.basic.export.ExportModel -force htm  -openComposites -timeOut 30000 -whiteBackground ptolemy/actor/lib/jjs/modules/speechRecognition/demo/SpeechRecognition/SpeechRecognition.xml $PTII/ptolemy/actor/lib/jjs/modules/speechRecognition/demo/SpeechRecognition/SpeechRecognition
Warning: not running ptolemy/actor/lib/jjs/modules/speechRecognition/demo/SpeechRecognition/SpeechRecognition.xml. See ptolemy/vergil/basic/export/test/junit/ExportModelJUnitTest.java
----------------- Sat Nov 16 07:08:29 UTC 2019 About to sleep for 5.0 seconds before running or rerunning.  Test is: /home/travis/build/icyphy/ptII/ptolemy/actor/lib/jjs/modules/speechRecognition/demo/SpeechRecognition/SpeechRecognition.xml
Done sleeping
Exported /home/travis/build/icyphy/ptII/ptolemy/actor/lib/jjs/modules/speechRecognition/demo/SpeechRecognition/SpeechRecognition/index.html
9438 ms. Memory: 1418240K Free: 871918K (61%)
####### 16 Sat Nov 16 07:08:44 UTC 2019 $PTII/bin/ptinvoke ptolemy.vergil.basic.export.ExportModel -force htm  -openComposites -timeOut 30000 -whiteBackground ptolemy/actor/lib/jjs/modules/speechRecognition/demo/WatchCommandUpdater/WatchCommandUpdater.xml $PTII/ptolemy/actor/lib/jjs/modules/speechRecognition/demo/WatchCommandUpdater/WatchCommandUpdater
Warning: not running ptolemy/actor/lib/jjs/modules/speechRecognition/demo/WatchCommandUpdater/WatchCommandUpdater.xml. See ptolemy/vergil/basic/export/test/junit/ExportModelJUnitTest.java
----------------- Sat Nov 16 07:08:44 UTC 2019 About to sleep for 5.0 seconds before running or rerunning.  Test is: /home/travis/build/icyphy/ptII/ptolemy/actor/lib/jjs/modules/speechRecognition/demo/WatchCommandUpdater/WatchCommandUpdater.xml
Done sleeping
Opened file:/home/travis/build/icyphy/ptII/ptolemy/actor/lib/jjs/modules/speechRecognition/demo/WatchCommandUpdater/WatchCommandUpdater.xml in 14407 ms.
Size Statistics for .WatchCommandUpdater
AtomicEntities: 9
CompositeEntities: 0
OpaqueCompositeEntities: 0
Relations: 6
Attributes: 93
Atomic Actor Names and Counts:
org.terraswarm.accessor.JSAccessor 6
ptolemy.actor.lib.jjs.JavaScript 3

Composite Entity Depths and Counts:

Exported /home/travis/build/icyphy/ptII/ptolemy/actor/lib/jjs/modules/speechRecognition/demo/WatchCommandUpdater/WatchCommandUpdater/index.html
17622 ms. Memory: 1418240K Free: 602614K (42%)
####### 17 Sat Nov 16 07:09:06 UTC 2019 $PTII/bin/ptinvoke ptolemy.vergil.basic.export.ExportModel -force htm -run -openComposites -timeOut 30000 -whiteBackground ptolemy/actor/lib/jjs/modules/testing/demo/Testing/Testing.xml $PTII/ptolemy/actor/lib/jjs/modules/testing/demo/Testing/Testing
----------------- Sat Nov 16 07:09:06 UTC 2019 About to sleep for 5.0 seconds before running or rerunning.  Test is: /home/travis/build/icyphy/ptII/ptolemy/actor/lib/jjs/modules/testing/demo/Testing/Testing.xml
Done sleeping
Running .Testing
MochaTest: Start of Common host: Basic (Thread[AWT-EventQueue-0,6,main])
MochaTest: End of Common host: Basic (Thread[AWT-EventQueue-0,6,main])
MochaTest: Start of Common host: Composite accessors (Thread[AWT-EventQueue-0,6,main])
MochaTest: Start of Common host: Spontaneous accessors (Thread[AWT-EventQueue-0,6,main])
MochaTest: Start of Common host: Spontaneous accessors (Thread[AWT-EventQueue-0,6,main])
MochaTest: Before Spontaneous accessor produces correct outputs after 1 and 2 seconds. (Thread[AWT-EventQueue-0,6,main])
MochaTest: After Spontaneous accessor produces correct outputs after 1 and 2 seconds. (Thread[AWT-EventQueue-0,6,main])
MochaTest: End of Common host: Spontaneous accessors (Thread[AWT-EventQueue-0,6,main])
MochaTest: Start of Common host: Inheritance (Thread[AWT-EventQueue-0,6,main])
MochaTest: End of Common host: Inheritance (Thread[AWT-EventQueue-0,6,main])
MochaTest: Instance of TestAccessor: [Circular]
Tests: (Thread[AWT-EventQueue-0,6,main])
MochaTest: TestAccessor.fire() invoked. (Thread[AWT-EventQueue-0,6,main])
MochaTest: TestAdder: fire(): inputLeft: 10 inputRight: 40 (Thread[AWT-EventQueue-0,6,main])
MochaTest: TestAdder: fire(): inputLeft: 5 inputRight: 20 (Thread[AWT-EventQueue-0,6,main])
MochaTest: TestAdder: fire(): inputLeft: 0 inputRight: 0 (Thread[AWT-EventQueue-0,6,main])
MochaTest: TestAccessor.fire() invoked. (Thread[AWT-EventQueue-0,6,main])
MochaTest: <?xml version="1.0" encoding="UTF-8"?>
 <testsuites>
 <testsuite name="Root Suite" tests="0">
 <testsuite name="Common host: Basic" tests="7">
 <testcase name="this.getParameter() returns default value." > </testcase>
 <testcase name="this.getParameter() returns value set by this.setParameter()." > </testcase>
 <testcase name="this.get() returns default value." > </testcase>
 <testcase name="this.get() returns null if no input yet provided." > </testcase>
 <testcase name="this.get() returns null if no input yet provided but type being boolean." > </testcase>
 <testcase name="this.get() returns value provided by provideInput()." > </testcase>
 <testcase name="latestOutput contains value provided by inputHandlers and send()." > </testcase>
 </testsuite>
 <testsuite name="Common host: Composite accessors" tests="2">
 <testcase name="Composite accessor produces correct output when manually scheduled." > </testcase>
 <testcase name="Composite accessor produces correct output when automatically scheduled." > <failure message="AssertionError: expected 0 to equal 25"/> </testcase>
 </testsuite>
 <testsuite name="Common host: Spontaneous accessors" tests="2">
 <testcase name="Spontaneous accessor produces correct outputs after 1 and 2 seconds." > </testcase>
 <testcase name="Composite spontaneous accessor produces correct outputs after 1 and 2 seconds." > </testcase>
 </testsuite>
 <testsuite name="Common host: Inheritance" tests="4">
 <testcase name="Inheritance, function overriding, and variable visiility should work properly." > </testcase>
 <testcase name="Implementing an interface should work properly." > </testcase>
 <testcase name="Exported fields of base classes can be accessed and initialize() is properly scoped." > </testcase>
 <testcase name="Two-level inheritance should work properly." > </testcase>
 </testsuite>
 </testsuite>
 </testsuites>
 (Thread[AWT-EventQueue-0,6,main])
21763 ms. Memory: 1418240K Free: 792038K (56%)
Exported /home/travis/build/icyphy/ptII/ptolemy/actor/lib/jjs/modules/testing/demo/Testing/Testing/index.html
29314 ms. Memory: 1418240K Free: 763883K (54%)
####### 18 Sat Nov 16 07:09:40 UTC 2019 $PTII/bin/ptinvoke ptolemy.vergil.basic.export.ExportModel -force htm -run -openComposites -timeOut 30000 -whiteBackground ptolemy/actor/lib/jjs/modules/udpSocket/demo/UDPSocket/UDPSocket.xml $PTII/ptolemy/actor/lib/jjs/modules/udpSocket/demo/UDPSocket/UDPSocket
----------------- Sat Nov 16 07:09:40 UTC 2019 About to sleep for 5.0 seconds before running or rerunning.  Test is: /home/travis/build/icyphy/ptII/ptolemy/actor/lib/jjs/modules/udpSocket/demo/UDPSocket/UDPSocket.xml
Done sleeping
Running .UDPSocket
ExportHTMLTimer went off after 30000 ms., calling getDirector().finish and getDirector().stopFire()
30019 ms. Memory: 1418240K Free: 718130K (51%)
Exported /home/travis/build/icyphy/ptII/ptolemy/actor/lib/jjs/modules/udpSocket/demo/UDPSocket/UDPSocket/index.html
36711 ms. Memory: 1418240K Free: 871454K (61%)
####### 19 Sat Nov 16 07:10:22 UTC 2019 $PTII/bin/ptinvoke ptolemy.vergil.basic.export.ExportModel -force htm  -openComposites -timeOut 30000 -whiteBackground ptolemy/actor/lib/jjs/modules/udpSocket/demo/WatchEmulator/WatchEmulator.xml $PTII/ptolemy/actor/lib/jjs/modules/udpSocket/demo/WatchEmulator/WatchEmulator
Warning: not running ptolemy/actor/lib/jjs/modules/udpSocket/demo/WatchEmulator/WatchEmulator.xml. See ptolemy/vergil/basic/export/test/junit/ExportModelJUnitTest.java
----------------- Sat Nov 16 07:10:22 UTC 2019 About to sleep for 5.0 seconds before running or rerunning.  Test is: /home/travis/build/icyphy/ptII/ptolemy/actor/lib/jjs/modules/udpSocket/demo/WatchEmulator/WatchEmulator.xml
Done sleeping
Opened file:/home/travis/build/icyphy/ptII/ptolemy/actor/lib/jjs/modules/udpSocket/demo/WatchEmulator/WatchEmulator.xml in 12678 ms.
Size Statistics for .WatchEmulator
AtomicEntities: 7
CompositeEntities: 0
OpaqueCompositeEntities: 0
Relations: 5
Attributes: 85
Atomic Actor Names and Counts:
org.terraswarm.accessor.JSAccessor 5
ptolemy.actor.lib.jjs.JavaScript 2

Composite Entity Depths and Counts:

Exported /home/travis/build/icyphy/ptII/ptolemy/actor/lib/jjs/modules/udpSocket/demo/WatchEmulator/WatchEmulator/index.html
16264 ms. Memory: 1418240K Free: 840689K (59%)
####### 20 Sat Nov 16 07:10:43 UTC 2019 $PTII/bin/ptinvoke ptolemy.vergil.basic.export.ExportModel -force htm -run -openComposites -timeOut 30000 -whiteBackground ptolemy/actor/lib/jjs/modules/userInterface/demo/Dots/Dots.xml $PTII/ptolemy/actor/lib/jjs/modules/userInterface/demo/Dots/Dots
----------------- Sat Nov 16 07:10:43 UTC 2019 About to sleep for 5.0 seconds before running or rerunning.  Test is: /home/travis/build/icyphy/ptII/ptolemy/actor/lib/jjs/modules/userInterface/demo/Dots/Dots.xml
Done sleeping
Running .Dots
BrowserLauncher: UnsupportedOperation: http://localhost:8089: java.lang.UnsupportedOperationException: The BROWSE action is not supported on the current platform!
ExportHTMLTimer went off after 30000 ms., calling getDirector().finish and getDirector().stopFire()
UserInterface: Connection closed because model is no longer running. (Thread[AWT-EventQueue-0,6,main])
30232 ms. Memory: 1418240K Free: 844872K (60%)
Exported /home/travis/build/icyphy/ptII/ptolemy/actor/lib/jjs/modules/userInterface/demo/Dots/Dots/index.html
39960 ms. Memory: 1418240K Free: 908905K (64%)
####### 21 Sat Nov 16 07:11:28 UTC 2019 $PTII/bin/ptinvoke ptolemy.vergil.basic.export.ExportModel -force htm -run -openComposites -timeOut 30000 -whiteBackground ptolemy/actor/lib/jjs/modules/userInterface/demo/HelloUserInterface/HelloUserInterface.xml $PTII/ptolemy/actor/lib/jjs/modules/userInterface/demo/HelloUserInterface/HelloUserInterface
----------------- Sat Nov 16 07:11:28 UTC 2019 About to sleep for 5.0 seconds before running or rerunning.  Test is: /home/travis/build/icyphy/ptII/ptolemy/actor/lib/jjs/modules/userInterface/demo/HelloUserInterface/HelloUserInterface.xml
Done sleeping
Running .HelloUserInterface
BrowserLauncher: UnsupportedOperation: http://localhost:8089: java.lang.UnsupportedOperationException: The BROWSE action is not supported on the current platform!
UserInterface: Connection closed because model is no longer running. (Thread[AWT-EventQueue-0,6,main])
16846 ms. Memory: 1418240K Free: 550793K (39%)
Exported /home/travis/build/icyphy/ptII/ptolemy/actor/lib/jjs/modules/userInterface/demo/HelloUserInterface/HelloUserInterface/index.html
24939 ms. Memory: 1418240K Free: 521596K (37%)
####### 22 Sat Nov 16 07:11:58 UTC 2019 $PTII/bin/ptinvoke ptolemy.vergil.basic.export.ExportModel -force htm -run -openComposites -timeOut 30000 -whiteBackground ptolemy/actor/lib/jjs/modules/userInterface/demo/UserInterface/UserInterface.xml $PTII/ptolemy/actor/lib/jjs/modules/userInterface/demo/UserInterface/UserInterface
----------------- Sat Nov 16 07:11:58 UTC 2019 About to sleep for 5.0 seconds before running or rerunning.  Test is: /home/travis/build/icyphy/ptII/ptolemy/actor/lib/jjs/modules/userInterface/demo/UserInterface/UserInterface.xml
Done sleeping
Model ".UserInterface" contains actors such cannot be run  as part of the export process from ExportModel or it has a WebExportParameters value that runBeforeExport set to false. To export run this model and export it, use vergil.
Exported /home/travis/build/icyphy/ptII/ptolemy/actor/lib/jjs/modules/userInterface/demo/UserInterface/UserInterface/index.html
3222 ms. Memory: 1418240K Free: 400255K (28%)
####### 23 Sat Nov 16 07:12:07 UTC 2019 $PTII/bin/ptinvoke ptolemy.vergil.basic.export.ExportModel -force htm -run -openComposites -timeOut 30000 -whiteBackground ptolemy/actor/lib/jjs/modules/userInterface/demo/UserInterface/UserInterfaceBrowser.xml $PTII/ptolemy/actor/lib/jjs/modules/userInterface/demo/UserInterface/UserInterfaceBrowser
----------------- Sat Nov 16 07:12:07 UTC 2019 About to sleep for 5.0 seconds before running or rerunning.  Test is: /home/travis/build/icyphy/ptII/ptolemy/actor/lib/jjs/modules/userInterface/demo/UserInterface/UserInterfaceBrowser.xml
Done sleeping
Running .UserInterfaceBrowser
Manager.initialize() finished: 12550 ms. Memory: 1418240K Free: 479744K (34%)
ExportHTMLTimer went off after 30000 ms., calling getDirector().finish and getDirector().stopFire()
30047 ms. Memory: 1418240K Free: 452096K (32%)
Exported /home/travis/build/icyphy/ptII/ptolemy/actor/lib/jjs/modules/userInterface/demo/UserInterface/UserInterfaceBrowser/index.html
41493 ms. Memory: 1418240K Free: 802473K (57%)
####### 24 Sat Nov 16 07:12:53 UTC 2019 $PTII/bin/ptinvoke ptolemy.vergil.basic.export.ExportModel -force htm -run -openComposites -timeOut 30000 -whiteBackground ptolemy/actor/lib/jjs/modules/userInterface/demo/UserInterface/UserInterfaceFixedPage.xml $PTII/ptolemy/actor/lib/jjs/modules/userInterface/demo/UserInterface/UserInterfaceFixedPage
----------------- Sat Nov 16 07:12:53 UTC 2019 About to sleep for 5.0 seconds before running or rerunning.  Test is: /home/travis/build/icyphy/ptII/ptolemy/actor/lib/jjs/modules/userInterface/demo/UserInterface/UserInterfaceFixedPage.xml
Done sleeping
Running .UserInterfaceFixedPage
BrowserLauncher: UnsupportedOperation: http://localhost:8089: java.lang.UnsupportedOperationException: The BROWSE action is not supported on the current platform!
UserInterface: Connection closed because model is no longer running. (Thread[AWT-EventQueue-0,6,main])
8397 ms. Memory: 1418240K Free: 854014K (60%)
Exported /home/travis/build/icyphy/ptII/ptolemy/actor/lib/jjs/modules/userInterface/demo/UserInterface/UserInterfaceFixedPage/index.html
14464 ms. Memory: 1418240K Free: 820712K (58%)
####### 25 Sat Nov 16 07:13:13 UTC 2019 $PTII/bin/ptinvoke ptolemy.vergil.basic.export.ExportModel -force htm -run -openComposites -timeOut 30000 -whiteBackground ptolemy/actor/lib/jjs/modules/userInterface/demo/UserInterface/UserInterfaceInteractive.xml $PTII/ptolemy/actor/lib/jjs/modules/userInterface/demo/UserInterface/UserInterfaceInteractive
----------------- Sat Nov 16 07:13:13 UTC 2019 About to sleep for 5.0 seconds before running or rerunning.  Test is: /home/travis/build/icyphy/ptII/ptolemy/actor/lib/jjs/modules/userInterface/demo/UserInterface/UserInterfaceInteractive.xml
Done sleeping
Running .UserInterfaceInteractive
BrowserLauncher: UnsupportedOperation: http://localhost:8090: java.lang.UnsupportedOperationException: The BROWSE action is not supported on the current platform!
ExportHTMLTimer went off after 30000 ms., calling getDirector().finish and getDirector().stopFire()
UserInterface: Connection closed because model is no longer running. (Thread[AWT-EventQueue-0,6,main])
30028 ms. Memory: 1418240K Free: 398336K (28%)
Exported /home/travis/build/icyphy/ptII/ptolemy/actor/lib/jjs/modules/userInterface/demo/UserInterface/UserInterfaceInteractive/index.html
37411 ms. Memory: 1418240K Free: 369654K (26%)
####### 26 Sat Nov 16 07:13:55 UTC 2019 $PTII/bin/ptinvoke ptolemy.vergil.basic.export.ExportModel -force htm -run -openComposites -timeOut 30000 -whiteBackground ptolemy/actor/lib/jjs/modules/userInterface/demo/UserInterface/UserInterfaceRamp.xml $PTII/ptolemy/actor/lib/jjs/modules/userInterface/demo/UserInterface/UserInterfaceRamp
----------------- Sat Nov 16 07:13:55 UTC 2019 About to sleep for 5.0 seconds before running or rerunning.  Test is: /home/travis/build/icyphy/ptII/ptolemy/actor/lib/jjs/modules/userInterface/demo/UserInterface/UserInterfaceRamp.xml
Done sleeping
Running .UserInterfaceRamp
BrowserLauncher: UnsupportedOperation: http://localhost:8089: java.lang.UnsupportedOperationException: The BROWSE action is not supported on the current platform!
UserInterface: Connection closed because model is no longer running. (Thread[AWT-EventQueue-0,6,main])
19243 ms. Memory: 1418240K Free: 496305K (35%)
Exported /home/travis/build/icyphy/ptII/ptolemy/actor/lib/jjs/modules/userInterface/demo/UserInterface/UserInterfaceRamp/index.html
29585 ms. Memory: 1418240K Free: 467117K (33%)
####### 27 Sat Nov 16 07:14:30 UTC 2019 $PTII/bin/ptinvoke ptolemy.vergil.basic.export.ExportModel -force htm -run -openComposites -timeOut 30000 -whiteBackground ptolemy/actor/lib/jjs/modules/userInterface/demo/UserInterface/UserInterfaceUpdate.xml $PTII/ptolemy/actor/lib/jjs/modules/userInterface/demo/UserInterface/UserInterfaceUpdate
----------------- Sat Nov 16 07:14:30 UTC 2019 About to sleep for 5.0 seconds before running or rerunning.  Test is: /home/travis/build/icyphy/ptII/ptolemy/actor/lib/jjs/modules/userInterface/demo/UserInterface/UserInterfaceUpdate.xml
Done sleeping
Running .UserInterfaceUpdate
Manager.initialize() finished: 12103 ms. Memory: 1418240K Free: 221184K (16%)
BrowserLauncher: UnsupportedOperation: http://localhost:8090: java.lang.UnsupportedOperationException: The BROWSE action is not supported on the current platform!
UserInterface: Connection closed because model is no longer running. (Thread[AWT-EventQueue-0,6,main])
22182 ms. Memory: 1418240K Free: 683008K (48%)
Exported /home/travis/build/icyphy/ptII/ptolemy/actor/lib/jjs/modules/userInterface/demo/UserInterface/UserInterfaceUpdate/index.html
34859 ms. Memory: 1418240K Free: 653811K (46%)
####### 28 Sat Nov 16 07:15:09 UTC 2019 $PTII/bin/ptinvoke ptolemy.vergil.basic.export.ExportModel -force htm -run -openComposites -timeOut 30000 -whiteBackground ptolemy/actor/lib/jjs/modules/userInterface/demo/UserInterface/UserInterfaceVideo.xml $PTII/ptolemy/actor/lib/jjs/modules/userInterface/demo/UserInterface/UserInterfaceVideo
----------------- Sat Nov 16 07:15:09 UTC 2019 About to sleep for 5.0 seconds before running or rerunning.  Test is: /home/travis/build/icyphy/ptII/ptolemy/actor/lib/jjs/modules/userInterface/demo/UserInterface/UserInterfaceVideo.xml
Done sleeping
Running .UserInterfaceVideo
BrowserLauncher: UnsupportedOperation: http://localhost:8090: java.lang.UnsupportedOperationException: The BROWSE action is not supported on the current platform!
ExportHTMLTimer went off after 30000 ms., calling getDirector().finish and getDirector().stopFire()
UserInterface: Connection closed because model is no longer running. (Thread[AWT-EventQueue-0,6,main])
30131 ms. Memory: 1529856K Free: 276068K (18%)
Exported /home/travis/build/icyphy/ptII/ptolemy/actor/lib/jjs/modules/userInterface/demo/UserInterface/UserInterfaceVideo/index.html
40435 ms. Memory: 1529856K Free: 247387K (16%)
####### 29 Sat Nov 16 07:15:55 UTC 2019 $PTII/bin/ptinvoke ptolemy.vergil.basic.export.ExportModel -force htm -run -openComposites -timeOut 30000 -whiteBackground ptolemy/actor/lib/jjs/modules/webSocket/demo/SpeakingServerListeningClient/SpeakingServerListeningClient.xml $PTII/ptolemy/actor/lib/jjs/modules/webSocket/demo/SpeakingServerListeningClient/SpeakingServerListeningClient
----------------- Sat Nov 16 07:15:55 UTC 2019 About to sleep for 5.0 seconds before running or rerunning.  Test is: /home/travis/build/icyphy/ptII/ptolemy/actor/lib/jjs/modules/webSocket/demo/SpeakingServerListeningClient/SpeakingServerListeningClient.xml
Done sleeping
Running .SpeakingServerListeningClient
WSServer: *** server initialized. (Thread[AWT-EventQueue-0,6,main])
WSServer: *** server is listenting. (Thread[vert.x-eventloop-thread-2,6,main])
WSClient1: --- client 1 initialized. (Thread[AWT-EventQueue-0,6,main])
WSServer: *** server received connection 0 (Thread[vert.x-eventloop-thread-2,6,main])
WSClient1: --- client 1 connection open. Sending message to server. (Thread[vert.x-eventloop-thread-0,6,main])
WSServer: *** server received connection 1 (Thread[vert.x-eventloop-thread-2,6,main])
WSClient2: +++ client 2 initialized. (Thread[AWT-EventQueue-0,6,main])
WSClient2: +++ connection established. Sending message to server. (Thread[vert.x-eventloop-thread-2,6,main])
WSServer: *** server received message: Hello from the client (Thread[AWT-EventQueue-0,6,main])
WSClient1: --- client 1 received message: Hello to client number 1 (Thread[AWT-EventQueue-0,6,main])
WSClient2: +++ client 2 received message: Hello to client number 2 (Thread[AWT-EventQueue-0,6,main])
WSServer: *** server received message: Hello from the client (Thread[AWT-EventQueue-0,6,main])
WSServer: *** server wrapping up. (Thread[AWT-EventQueue-0,6,main])
WSClient1: --- client 1 wrapping up. (Thread[AWT-EventQueue-0,6,main])
WSClient1: Connection closed because model is no longer running. (Thread[AWT-EventQueue-0,6,main])
WSClient2: +++ client 2 wrapping up. (Thread[AWT-EventQueue-0,6,main])
WSClient2: Connection closed because model is no longer running. (Thread[AWT-EventQueue-0,6,main])
12047 ms. Memory: 1529856K Free: 451072K (29%)
Exported /home/travis/build/icyphy/ptII/ptolemy/actor/lib/jjs/modules/webSocket/demo/SpeakingServerListeningClient/SpeakingServerListeningClient/index.html
21530 ms. Memory: 1529856K Free: 829709K (54%)
####### 30 Sat Nov 16 07:16:21 UTC 2019 $PTII/bin/ptinvoke ptolemy.vergil.basic.export.ExportModel -force htm -run -openComposites -timeOut 30000 -whiteBackground ptolemy/actor/lib/jjs/modules/webSocket/demo/TwoWebSockets/TwoWebSockets.xml $PTII/ptolemy/actor/lib/jjs/modules/webSocket/demo/TwoWebSockets/TwoWebSockets
----------------- Sat Nov 16 07:16:21 UTC 2019 About to sleep for 5.0 seconds before running or rerunning.  Test is: /home/travis/build/icyphy/ptII/ptolemy/actor/lib/jjs/modules/webSocket/demo/TwoWebSockets/TwoWebSockets.xml
Done sleeping
Running .TwoWebSockets
JavaScript: Connection failed. Will try again: Connection refused: localhost/127.0.0.1:8080
Connection refused (Thread[vert.x-eventloop-thread-2,6,main])
JavaScript: Connection failed. Will try again: Connection refused: localhost/127.0.0.1:1984
Connection refused (Thread[vert.x-eventloop-thread-2,6,main])
JavaScript: Connection failed. Will try again: Connection refused: localhost/127.0.0.1:8080
Connection refused (Thread[vert.x-eventloop-thread-2,6,main])
JavaScript: Connection failed. Will try again: Connection refused: localhost/127.0.0.1:1984
Connection refused (Thread[vert.x-eventloop-thread-2,6,main])
JavaScript: Connection failed. Will try again: Connection refused: localhost/127.0.0.1:8080
Connection refused (Thread[vert.x-eventloop-thread-2,6,main])
JavaScript: Connection failed. Will try again: Connection refused: localhost/127.0.0.1:1984
Connection refused (Thread[vert.x-eventloop-thread-2,6,main])
JavaScript: Connection failed. Will try again: Connection refused: localhost/127.0.0.1:8080
Connection refused (Thread[vert.x-eventloop-thread-2,6,main])
JavaScript: Connection failed. Will try again: Connection refused: localhost/127.0.0.1:1984
Connection refused (Thread[vert.x-eventloop-thread-2,6,main])
JavaScript: Connection failed. Will try again: Connection refused: localhost/127.0.0.1:8080
Connection refused (Thread[vert.x-eventloop-thread-2,6,main])
JavaScript: Connection failed. Will try again: Connection refused: localhost/127.0.0.1:1984
Connection refused (Thread[vert.x-eventloop-thread-2,6,main])
JavaScript: Connection failed. Will try again: Connection refused: localhost/127.0.0.1:8080
Connection refused (Thread[vert.x-eventloop-thread-2,6,main])
JavaScript: Connection failed. Will try again: Connection refused: localhost/127.0.0.1:1984
Connection refused (Thread[vert.x-eventloop-thread-2,6,main])
JavaScript: Connection failed. Will try again: Connection refused: localhost/127.0.0.1:8080
Connection refused (Thread[vert.x-eventloop-thread-2,6,main])
JavaScript: Connection failed. Will try again: Connection refused: localhost/127.0.0.1:1984
Connection refused (Thread[vert.x-eventloop-thread-2,6,main])
JavaScript: Connection failed. Will try again: Connection refused: localhost/127.0.0.1:8080
Connection refused (Thread[vert.x-eventloop-thread-2,6,main])
JavaScript: Connection failed. Will try again: Connection refused: localhost/127.0.0.1:1984
Connection refused (Thread[vert.x-eventloop-thread-2,6,main])
JavaScript: Connection failed. Will try again: Connection refused: localhost/127.0.0.1:8080
Connection refused (Thread[vert.x-eventloop-thread-2,6,main])
JavaScript: Connection failed. Will try again: Connection refused: localhost/127.0.0.1:1984
Connection refused (Thread[vert.x-eventloop-thread-2,6,main])
JavaScript: Connection failed. Will try again: Connection refused: localhost/127.0.0.1:8080
Connection refused (Thread[vert.x-eventloop-thread-2,6,main])
JavaScript: Connection failed. Will try again: Connection refused: localhost/127.0.0.1:1984
Connection refused (Thread[vert.x-eventloop-thread-2,6,main])
7987 ms. Memory: 1529856K Free: 871482K (57%)
Exported /home/travis/build/icyphy/ptII/ptolemy/actor/lib/jjs/modules/webSocket/demo/TwoWebSockets/TwoWebSockets/index.html
13868 ms. Memory: 1529856K Free: 850933K (56%)
####### 31 Sat Nov 16 07:16:40 UTC 2019 $PTII/bin/ptinvoke ptolemy.vergil.basic.export.ExportModel -force htm -run -openComposites -timeOut 30000 -whiteBackground ptolemy/actor/lib/jjs/modules/webSocket/demo/WebSocketChat/Client.xml $PTII/ptolemy/actor/lib/jjs/modules/webSocket/demo/WebSocketChat/Client
----------------- Sat Nov 16 07:16:40 UTC 2019 About to sleep for 5.0 seconds before running or rerunning.  Test is: /home/travis/build/icyphy/ptII/ptolemy/actor/lib/jjs/modules/webSocket/demo/WebSocketChat/Client.xml
Done sleeping
.Client.InteractiveDialog invoked SwingUtilities.invokeAndWait()
Model ".Client" contains actors such cannot be run  as part of the export process from ExportModel or it has a WebExportParameters value that runBeforeExport set to false. To export run this model and export it, use vergil.
Exported /home/travis/build/icyphy/ptII/ptolemy/actor/lib/jjs/modules/webSocket/demo/WebSocketChat/Client/index.html
5065 ms. Memory: 1529856K Free: 808848K (53%)
####### 32 Sat Nov 16 07:16:50 UTC 2019 $PTII/bin/ptinvoke ptolemy.vergil.basic.export.ExportModel -force htm -run -openComposites -timeOut 30000 -whiteBackground ptolemy/actor/lib/jjs/modules/webSocket/demo/WebSocketChat/SecureClient.xml $PTII/ptolemy/actor/lib/jjs/modules/webSocket/demo/WebSocketChat/SecureClient
----------------- Sat Nov 16 07:16:50 UTC 2019 About to sleep for 5.0 seconds before running or rerunning.  Test is: /home/travis/build/icyphy/ptII/ptolemy/actor/lib/jjs/modules/webSocket/demo/WebSocketChat/SecureClient.xml
Done sleeping
.SecureClient.InteractiveDialog invoked SwingUtilities.invokeAndWait()
Model ".SecureClient" contains actors such cannot be run  as part of the export process from ExportModel or it has a WebExportParameters value that runBeforeExport set to false. To export run this model and export it, use vergil.
Exported /home/travis/build/icyphy/ptII/ptolemy/actor/lib/jjs/modules/webSocket/demo/WebSocketChat/SecureClient/index.html
4975 ms. Memory: 1529856K Free: 752528K (49%)
####### 33 Sat Nov 16 07:17:00 UTC 2019 $PTII/bin/ptinvoke ptolemy.vergil.basic.export.ExportModel -force htm -run -openComposites -timeOut 30000 -whiteBackground ptolemy/actor/lib/jjs/modules/webSocket/demo/WebSocketChat/SecureServer.xml $PTII/ptolemy/actor/lib/jjs/modules/webSocket/demo/WebSocketChat/SecureServer
----------------- Sat Nov 16 07:17:00 UTC 2019 About to sleep for 5.0 seconds before running or rerunning.  Test is: /home/travis/build/icyphy/ptII/ptolemy/actor/lib/jjs/modules/webSocket/demo/WebSocketChat/SecureServer.xml
Done sleeping
Running .SecureServer
ExportHTMLTimer went off after 30000 ms., calling getDirector().finish and getDirector().stopFire()
30027 ms. Memory: 1529856K Free: 588703K (38%)
Exported /home/travis/build/icyphy/ptII/ptolemy/actor/lib/jjs/modules/webSocket/demo/WebSocketChat/SecureServer/index.html
35865 ms. Memory: 1529856K Free: 565640K (37%)
####### 34 Sat Nov 16 07:17:41 UTC 2019 $PTII/bin/ptinvoke ptolemy.vergil.basic.export.ExportModel -force htm -run -openComposites -timeOut 30000 -whiteBackground ptolemy/actor/lib/jjs/modules/webSocket/demo/WebSocketChat/Server.xml $PTII/ptolemy/actor/lib/jjs/modules/webSocket/demo/WebSocketChat/Server
----------------- Sat Nov 16 07:17:41 UTC 2019 About to sleep for 5.0 seconds before running or rerunning.  Test is: /home/travis/build/icyphy/ptII/ptolemy/actor/lib/jjs/modules/webSocket/demo/WebSocketChat/Server.xml
Done sleeping
Running .Server
ExportHTMLTimer went off after 30000 ms., calling getDirector().finish and getDirector().stopFire()
30021 ms. Memory: 1529856K Free: 479742K (31%)
Exported /home/travis/build/icyphy/ptII/ptolemy/actor/lib/jjs/modules/webSocket/demo/WebSocketChat/Server/index.html
35927 ms. Memory: 1529856K Free: 456684K (30%)
####### 35 Sat Nov 16 07:18:22 UTC 2019 $PTII/bin/ptinvoke ptolemy.vergil.basic.export.ExportModel -force htm  -openComposites -timeOut 30000 -whiteBackground ptolemy/actor/lib/jjs/modules/webSocket/demo/WebSocketChat/WebSocketChat.xml $PTII/ptolemy/actor/lib/jjs/modules/webSocket/demo/WebSocketChat/WebSocketChat
Warning: not running ptolemy/actor/lib/jjs/modules/webSocket/demo/WebSocketChat/WebSocketChat.xml. See ptolemy/vergil/basic/export/test/junit/ExportModelJUnitTest.java
----------------- Sat Nov 16 07:18:22 UTC 2019 About to sleep for 5.0 seconds before running or rerunning.  Test is: /home/travis/build/icyphy/ptII/ptolemy/actor/lib/jjs/modules/webSocket/demo/WebSocketChat/WebSocketChat.xml
Done sleeping
Exported /home/travis/build/icyphy/ptII/ptolemy/actor/lib/jjs/modules/webSocket/demo/WebSocketChat/WebSocketChat/index.html
3161 ms. Memory: 1529856K Free: 346093K (23%)
####### 36 Sat Nov 16 07:18:30 UTC 2019 $PTII/bin/ptinvoke ptolemy.vergil.basic.export.ExportModel -force htm  -openComposites -timeOut 30000 -whiteBackground ptolemy/actor/lib/jjs/modules/webSocket/demo/WebSocketClient/WebSocketClient.xml $PTII/ptolemy/actor/lib/jjs/modules/webSocket/demo/WebSocketClient/WebSocketClient
Warning: not running ptolemy/actor/lib/jjs/modules/webSocket/demo/WebSocketClient/WebSocketClient.xml. See ptolemy/vergil/basic/export/test/junit/ExportModelJUnitTest.java
----------------- Sat Nov 16 07:18:30 UTC 2019 About to sleep for 5.0 seconds before running or rerunning.  Test is: /home/travis/build/icyphy/ptII/ptolemy/actor/lib/jjs/modules/webSocket/demo/WebSocketClient/WebSocketClient.xml
Done sleeping
Exported /home/travis/build/icyphy/ptII/ptolemy/actor/lib/jjs/modules/webSocket/demo/WebSocketClient/WebSocketClient/index.html
5022 ms. Memory: 1529856K Free: 344043K (22%)
####### 37 Sat Nov 16 07:18:40 UTC 2019 $PTII/bin/ptinvoke ptolemy.vergil.basic.export.ExportModel -force htm -run -openComposites -timeOut 30000 -whiteBackground ptolemy/actor/lib/jjs/modules/webSocket/demo/WebSocketClient/WebSocketServer.xml $PTII/ptolemy/actor/lib/jjs/modules/webSocket/demo/WebSocketClient/WebSocketServer
----------------- Sat Nov 16 07:18:40 UTC 2019 About to sleep for 5.0 seconds before running or rerunning.  Test is: /home/travis/build/icyphy/ptII/ptolemy/actor/lib/jjs/modules/webSocket/demo/WebSocketClient/WebSocketServer.xml
Done sleeping
Running .WebSocketServer
ExportHTMLTimer went off after 30000 ms., calling getDirector().finish and getDirector().stopFire()
30029 ms. Memory: 1529856K Free: 458238K (30%)
Exported /home/travis/build/icyphy/ptII/ptolemy/actor/lib/jjs/modules/webSocket/demo/WebSocketClient/WebSocketServer/index.html
38890 ms. Memory: 1529856K Free: 431578K (28%)
####### 38 Sat Nov 16 07:19:24 UTC 2019 $PTII/bin/ptinvoke ptolemy.vergil.basic.export.ExportModel -force htm -run -openComposites -timeOut 30000 -whiteBackground ptolemy/actor/lib/jjs/modules/webSocket/demo/WebSocketFullDuplex/WebSocketFullDuplex.xml $PTII/ptolemy/actor/lib/jjs/modules/webSocket/demo/WebSocketFullDuplex/WebSocketFullDuplex
----------------- Sat Nov 16 07:19:24 UTC 2019 About to sleep for 5.0 seconds before running or rerunning.  Test is: /home/travis/build/icyphy/ptII/ptolemy/actor/lib/jjs/modules/webSocket/demo/WebSocketFullDuplex/WebSocketFullDuplex.xml
Done sleeping
Running .WebSocketFullDuplex
WebSocketServer: WebSocketServer message(): 0, typeof message: number (Thread[AWT-EventQueue-0,6,main])
WebSocketServer: WebSocketServer message(): -1, typeof message: number (Thread[AWT-EventQueue-0,6,main])
WebSocketServer: WebSocketServer message(): -2, typeof message: number (Thread[AWT-EventQueue-0,6,main])
WebSocketServer: WebSocketServer message(): -3, typeof message: number (Thread[AWT-EventQueue-0,6,main])
WebSocketServer: WebSocketServer message(): -4, typeof message: number (Thread[AWT-EventQueue-0,6,main])
WebSocketServer: WebSocketServer message(): -5, typeof message: number (Thread[AWT-EventQueue-0,6,main])
WebSocketServer: WebSocketServer message(): -6, typeof message: number (Thread[AWT-EventQueue-0,6,main])
WebSocketServer: WebSocketServer message(): -7, typeof message: number (Thread[AWT-EventQueue-0,6,main])
WebSocketServer: WebSocketServer message(): -8, typeof message: number (Thread[AWT-EventQueue-0,6,main])
WebSocketServer: WebSocketServer message(): -9, typeof message: number (Thread[AWT-EventQueue-0,6,main])
WebSocketServer: WebSocketServer message(): -10, typeof message: number (Thread[AWT-EventQueue-0,6,main])
WebSocketServer: WebSocketServer message(): -11, typeof message: number (Thread[AWT-EventQueue-0,6,main])
WebSocketServer: WebSocketServer message(): -12, typeof message: number (Thread[AWT-EventQueue-0,6,main])
WebSocketServer: WebSocketServer message(): -13, typeof message: number (Thread[AWT-EventQueue-0,6,main])
WebSocketServer: WebSocketServer message(): -14, typeof message: number (Thread[AWT-EventQueue-0,6,main])
WebSocketServer: WebSocketServer message(): -15, typeof message: number (Thread[AWT-EventQueue-0,6,main])
WebSocketServer: WebSocketServer message(): -16, typeof message: number (Thread[AWT-EventQueue-0,6,main])
WebSocketServer: WebSocketServer message(): -17, typeof message: number (Thread[AWT-EventQueue-0,6,main])
WebSocketServer: WebSocketServer message(): -18, typeof message: number (Thread[AWT-EventQueue-0,6,main])
WebSocketServer: WebSocketServer message(): -19, typeof message: number (Thread[AWT-EventQueue-0,6,main])
WebSocketServer: WebSocketServer message(): -20, typeof message: number (Thread[AWT-EventQueue-0,6,main])
WebSocketServer: WebSocketServer message(): -21, typeof message: number (Thread[AWT-EventQueue-0,6,main])
WebSocketServer: WebSocketServer message(): -22, typeof message: number (Thread[AWT-EventQueue-0,6,main])
WebSocketServer: WebSocketServer message(): -23, typeof message: number (Thread[AWT-EventQueue-0,6,main])
WebSocketServer: WebSocketServer message(): -24, typeof message: number (Thread[AWT-EventQueue-0,6,main])
WebSocketServer: WebSocketServer message(): -25, typeof message: number (Thread[AWT-EventQueue-0,6,main])
WebSocketServer: WebSocketServer message(): -26, typeof message: number (Thread[AWT-EventQueue-0,6,main])
WebSocketServer: WebSocketServer message(): -27, typeof message: number (Thread[AWT-EventQueue-0,6,main])
WebSocketServer: WebSocketServer message(): -28, typeof message: number (Thread[AWT-EventQueue-0,6,main])
WebSocketServer: WebSocketServer message(): -29, typeof message: number (Thread[AWT-EventQueue-0,6,main])
WebSocketServer: WebSocketServer message(): -30, typeof message: number (Thread[AWT-EventQueue-0,6,main])
WebSocketServer: WebSocketServer message(): -31, typeof message: number (Thread[AWT-EventQueue-0,6,main])
WebSocketServer: WebSocketServer message(): -32, typeof message: number (Thread[AWT-EventQueue-0,6,main])
WebSocketServer: WebSocketServer message(): -33, typeof message: number (Thread[AWT-EventQueue-0,6,main])
WebSocketServer: WebSocketServer message(): -34, typeof message: number (Thread[AWT-EventQueue-0,6,main])
WebSocketServer: WebSocketServer message(): -35, typeof message: number (Thread[AWT-EventQueue-0,6,main])
WebSocketServer: WebSocketServer message(): -36, typeof message: number (Thread[AWT-EventQueue-0,6,main])
WebSocketServer: WebSocketServer message(): -37, typeof message: number (Thread[AWT-EventQueue-0,6,main])
WebSocketServer: WebSocketServer message(): -38, typeof message: number (Thread[AWT-EventQueue-0,6,main])
WebSocketServer: WebSocketServer message(): -39, typeof message: number (Thread[AWT-EventQueue-0,6,main])
WebSocketServer: WebSocketServer message(): -40, typeof message: number (Thread[AWT-EventQueue-0,6,main])
WebSocketServer: WebSocketServer message(): -41, typeof message: number (Thread[AWT-EventQueue-0,6,main])
WebSocketServer: WebSocketServer message(): -42, typeof message: number (Thread[AWT-EventQueue-0,6,main])
WebSocketServer: WebSocketServer message(): -43, typeof message: number (Thread[AWT-EventQueue-0,6,main])
WebSocketServer: WebSocketServer message(): -44, typeof message: number (Thread[AWT-EventQueue-0,6,main])
WebSocketServer: WebSocketServer message(): -45, typeof message: number (Thread[AWT-EventQueue-0,6,main])
WebSocketServer: WebSocketServer message(): -46, typeof message: number (Thread[AWT-EventQueue-0,6,main])
WebSocketServer: WebSocketServer message(): -47, typeof message: number (Thread[AWT-EventQueue-0,6,main])
WebSocketServer: WebSocketServer message(): -48, typeof message: number (Thread[AWT-EventQueue-0,6,main])
WebSocketServer: WebSocketServer message(): -49, typeof message: number (Thread[AWT-EventQueue-0,6,main])
WebSocketServer: WebSocketServer message(): -50, typeof message: number (Thread[AWT-EventQueue-0,6,main])
WebSocketServer: WebSocketServer message(): -51, typeof message: number (Thread[AWT-EventQueue-0,6,main])
WebSocketServer: WebSocketServer message(): -52, typeof message: number (Thread[AWT-EventQueue-0,6,main])
WebSocketServer: WebSocketServer message(): -53, typeof message: number (Thread[AWT-EventQueue-0,6,main])
WebSocketServer: WebSocketServer message(): -54, typeof message: number (Thread[AWT-EventQueue-0,6,main])
WebSocketServer: WebSocketServer message(): -55, typeof message: number (Thread[AWT-EventQueue-0,6,main])
WebSocketServer: WebSocketServer message(): -56, typeof message: number (Thread[AWT-EventQueue-0,6,main])
WebSocketServer: WebSocketServer message(): -57, typeof message: number (Thread[AWT-EventQueue-0,6,main])
WebSocketServer: WebSocketServer message(): -58, typeof message: number (Thread[AWT-EventQueue-0,6,main])
WebSocketServer: WebSocketServer message(): -59, typeof message: number (Thread[AWT-EventQueue-0,6,main])
WebSocketServer: WebSocketServer message(): -60, typeof message: number (Thread[AWT-EventQueue-0,6,main])
WebSocketServer: WebSocketServer message(): -61, typeof message: number (Thread[AWT-EventQueue-0,6,main])
WebSocketServer: WebSocketServer message(): -62, typeof message: number (Thread[AWT-EventQueue-0,6,main])
WebSocketServer: WebSocketServer message(): -63, typeof message: number (Thread[AWT-EventQueue-0,6,main])
WebSocketServer: WebSocketServer message(): -64, typeof message: number (Thread[AWT-EventQueue-0,6,main])
WebSocketServer: WebSocketServer message(): -65, typeof message: number (Thread[AWT-EventQueue-0,6,main])
WebSocketServer: WebSocketServer message(): -66, typeof message: number (Thread[AWT-EventQueue-0,6,main])
WebSocketServer: WebSocketServer message(): -67, typeof message: number (Thread[AWT-EventQueue-0,6,main])
WebSocketServer: WebSocketServer message(): -68, typeof message: number (Thread[AWT-EventQueue-0,6,main])
WebSocketServer: WebSocketServer message(): -69, typeof message: number (Thread[AWT-EventQueue-0,6,main])
WebSocketServer: WebSocketServer message(): -70, typeof message: number (Thread[AWT-EventQueue-0,6,main])
WebSocketServer: WebSocketServer message(): -71, typeof message: number (Thread[AWT-EventQueue-0,6,main])
WebSocketServer: WebSocketServer message(): -72, typeof message: number (Thread[AWT-EventQueue-0,6,main])
WebSocketServer: WebSocketServer message(): -73, typeof message: number (Thread[AWT-EventQueue-0,6,main])
WebSocketServer: WebSocketServer message(): -74, typeof message: number (Thread[AWT-EventQueue-0,6,main])
WebSocketServer: WebSocketServer message(): -75, typeof message: number (Thread[AWT-EventQueue-0,6,main])
WebSocketServer: WebSocketServer message(): -76, typeof message: number (Thread[AWT-EventQueue-0,6,main])
WebSocketServer: WebSocketServer message(): -77, typeof message: number (Thread[AWT-EventQueue-0,6,main])
WebSocketServer: WebSocketServer message(): -78, typeof message: number (Thread[AWT-EventQueue-0,6,main])
WebSocketServer: WebSocketServer message(): -79, typeof message: number (Thread[AWT-EventQueue-0,6,main])
WebSocketServer: WebSocketServer message(): -80, typeof message: number (Thread[AWT-EventQueue-0,6,main])
WebSocketServer: WebSocketServer message(): -81, typeof message: number (Thread[AWT-EventQueue-0,6,main])
WebSocketServer: WebSocketServer message(): -82, typeof message: number (Thread[AWT-EventQueue-0,6,main])
WebSocketServer: WebSocketServer message(): -83, typeof message: number (Thread[AWT-EventQueue-0,6,main])
WebSocketServer: WebSocketServer message(): -84, typeof message: number (Thread[AWT-EventQueue-0,6,main])
WebSocketServer: WebSocketServer message(): -85, typeof message: number (Thread[AWT-EventQueue-0,6,main])
WebSocketServer: WebSocketServer message(): -86, typeof message: number (Thread[AWT-EventQueue-0,6,main])
WebSocketServer: WebSocketServer message(): -87, typeof message: number (Thread[AWT-EventQueue-0,6,main])
WebSocketServer: WebSocketServer message(): -88, typeof message: number (Thread[AWT-EventQueue-0,6,main])
WebSocketServer: WebSocketServer message(): -89, typeof message: number (Thread[AWT-EventQueue-0,6,main])
WebSocketServer: WebSocketServer message(): -90, typeof message: number (Thread[AWT-EventQueue-0,6,main])
WebSocketServer: WebSocketServer message(): -91, typeof message: number (Thread[AWT-EventQueue-0,6,main])
WebSocketServer: WebSocketServer message(): -92, typeof message: number (Thread[AWT-EventQueue-0,6,main])
WebSocketServer: WebSocketServer message(): -93, typeof message: number (Thread[AWT-EventQueue-0,6,main])
WebSocketServer: WebSocketServer message(): -94, typeof message: number (Thread[AWT-EventQueue-0,6,main])
WebSocketServer: WebSocketServer message(): -95, typeof message: number (Thread[AWT-EventQueue-0,6,main])
WebSocketServer: WebSocketServer message(): -96, typeof message: number (Thread[AWT-EventQueue-0,6,main])
WebSocketServer: WebSocketServer message(): -97, typeof message: number (Thread[AWT-EventQueue-0,6,main])
WebSocketServer: WebSocketServer message(): -98, typeof message: number (Thread[AWT-EventQueue-0,6,main])
WebSocketServer: WebSocketServer message(): -99, typeof message: number (Thread[AWT-EventQueue-0,6,main])
WebSocketClient: Connection closed because model is no longer running. (Thread[AWT-EventQueue-0,6,main])
8774 ms. Memory: 1529856K Free: 753662K (49%)
Exported /home/travis/build/icyphy/ptII/ptolemy/actor/lib/jjs/modules/webSocket/demo/WebSocketFullDuplex/WebSocketFullDuplex/index.html
16634 ms. Memory: 1529856K Free: 723395K (47%)
####### 39 Sat Nov 16 07:19:46 UTC 2019 $PTII/bin/ptinvoke ptolemy.vergil.basic.export.ExportModel -force htm -run -openComposites -timeOut 30000 -whiteBackground ptolemy/actor/lib/jjs/modules/webSocket/demo/WebSocketGraph/WebSocketGraph.xml $PTII/ptolemy/actor/lib/jjs/modules/webSocket/demo/WebSocketGraph/WebSocketGraph
----------------- Sat Nov 16 07:19:46 UTC 2019 About to sleep for 5.0 seconds before running or rerunning.  Test is: /home/travis/build/icyphy/ptII/ptolemy/actor/lib/jjs/modules/webSocket/demo/WebSocketGraph/WebSocketGraph.xml
Done sleeping
Running .WebSocketGraph
preinitialize() finished: 12379 ms. Memory: 1529856K Free: 784384K (51%)
Manager.initialize() finished: 19437 ms. Memory: 1529856K Free: 311806K (20%)
BrowserLauncher: UnsupportedOperation: http://localhost:8089: java.lang.UnsupportedOperationException: The BROWSE action is not supported on the current platform!
UserInterface: *** Router error in WebSocket server: java.lang.IllegalStateException: Response is closed (Thread[vert.x-eventloop-thread-1,6,main])
UserInterface: *** Router error in WebSocket server: java.lang.IllegalStateException: Response is closed (Thread[vert.x-eventloop-thread-1,6,main])
ExportHTMLTimer went off after 30000 ms., calling getDirector().finish and getDirector().stopFire()
UserInterface: Connection closed because model is no longer running. (Thread[AWT-EventQueue-0,6,main])
30085 ms. Memory: 1529856K Free: 698120K (46%)
Exported /home/travis/build/icyphy/ptII/ptolemy/actor/lib/jjs/modules/webSocket/demo/WebSocketGraph/WebSocketGraph/index.html
44213 ms. Memory: 1529856K Free: 663278K (43%)
####### 40 Sat Nov 16 07:20:35 UTC 2019 $PTII/bin/ptinvoke ptolemy.vergil.basic.export.ExportModel -force htm -run -openComposites -timeOut 30000 -whiteBackground ptolemy/actor/lib/jjs/modules/webSocket/demo/WebSocketImage/WebSocketImage.xml $PTII/ptolemy/actor/lib/jjs/modules/webSocket/demo/WebSocketImage/WebSocketImage
----------------- Sat Nov 16 07:20:35 UTC 2019 About to sleep for 5.0 seconds before running or rerunning.  Test is: /home/travis/build/icyphy/ptII/ptolemy/actor/lib/jjs/modules/webSocket/demo/WebSocketImage/WebSocketImage.xml
Done sleeping
Running .WebSocketImage
WebSocketClient: WebSocketClient: WebSocketClient.js: connect(): portValue: -1, which is less than 0. This could be a signal to close a previously open socket.  Returning. (Thread[AWT-EventQueue-0,6,main])
Manager.initialize() finished: 15348 ms. Memory: 1542144K Free: 632320K (41%)
ExportHTMLTimer went off after 30000 ms., calling getDirector().finish and getDirector().stopFire()
ExportHTMLTimer went off after 60000 ms., calling manager.stop().
WebSocketClient: Connection closed because model is no longer running. (Thread[AWT-EventQueue-0,6,main])
62589 ms. Memory: 3275776K Free: 873984K (27%)
Exported /home/travis/build/icyphy/ptII/ptolemy/actor/lib/jjs/modules/webSocket/demo/WebSocketImage/WebSocketImage/index.html
73934 ms. Memory: 3275776K Free: 844253K (26%)
####### 41 Sat Nov 16 07:21:54 UTC 2019 $PTII/bin/ptinvoke ptolemy.vergil.basic.export.ExportModel -force htm -run -openComposites -timeOut 30000 -whiteBackground ptolemy/actor/lib/jjs/modules/webSocket/demo/WebSocketLog/WebSocketLog.xml $PTII/ptolemy/actor/lib/jjs/modules/webSocket/demo/WebSocketLog/WebSocketLog
----------------- Sat Nov 16 07:21:54 UTC 2019 About to sleep for 5.0 seconds before running or rerunning.  Test is: /home/travis/build/icyphy/ptII/ptolemy/actor/lib/jjs/modules/webSocket/demo/WebSocketLog/WebSocketLog.xml
Done sleeping
Running .WebSocketLog
Manager.initialize() finished: 10472 ms. Memory: 3275776K Free: 777558K (24%)
20515 ms. Memory: 3275776K Free: 1438038K (44%)
Exported /home/travis/build/icyphy/ptII/ptolemy/actor/lib/jjs/modules/webSocket/demo/WebSocketLog/WebSocketLog/index.html
29867 ms. Memory: 3275776K Free: 1418428K (43%)
####### 42 Sat Nov 16 07:22:29 UTC 2019 $PTII/bin/ptinvoke ptolemy.vergil.basic.export.ExportModel -force htm -run -openComposites -timeOut 30000 -whiteBackground ptolemy/actor/lib/jjs/modules/webSocket/demo/WebSocketsServerClient/WebSocketsServerClient.xml $PTII/ptolemy/actor/lib/jjs/modules/webSocket/demo/WebSocketsServerClient/WebSocketsServerClient
----------------- Sat Nov 16 07:22:29 UTC 2019 About to sleep for 5.0 seconds before running or rerunning.  Test is: /home/travis/build/icyphy/ptII/ptolemy/actor/lib/jjs/modules/webSocket/demo/WebSocketsServerClient/WebSocketsServerClient.xml
Done sleeping
Running .WebSocketsServerClient
WSClient: Connection to socket is open. (Thread[vert.x-eventloop-thread-3,6,main])
WSClient: Connection closed because model is no longer running. (Thread[AWT-EventQueue-0,6,main])
15673 ms. Memory: 3275776K Free: 857088K (26%)
Exported /home/travis/build/icyphy/ptII/ptolemy/actor/lib/jjs/modules/webSocket/demo/WebSocketsServerClient/WebSocketsServerClient/index.html
23296 ms. Memory: 3275776K Free: 1394989K (43%)
####### 43 Sat Nov 16 07:22:57 UTC 2019 $PTII/bin/ptinvoke ptolemy.vergil.basic.export.ExportModel -force htm  -openComposites -timeOut 30000 -whiteBackground ptolemy/actor/lib/jjs/modules/xbee/demo/XBeeHelloWorld/XBeeDataTypes.xml $PTII/ptolemy/actor/lib/jjs/modules/xbee/demo/XBeeHelloWorld/XBeeDataTypes
Warning: not running ptolemy/actor/lib/jjs/modules/xbee/demo/XBeeHelloWorld/XBeeDataTypes.xml. See ptolemy/vergil/basic/export/test/junit/ExportModelJUnitTest.java
----------------- Sat Nov 16 07:22:57 UTC 2019 About to sleep for 5.0 seconds before running or rerunning.  Test is: /home/travis/build/icyphy/ptII/ptolemy/actor/lib/jjs/modules/xbee/demo/XBeeHelloWorld/XBeeDataTypes.xml
Done sleeping
Exported /home/travis/build/icyphy/ptII/ptolemy/actor/lib/jjs/modules/xbee/demo/XBeeHelloWorld/XBeeDataTypes/index.html
6950 ms. Memory: 3275776K Free: 1198059K (37%)
####### 44 Sat Nov 16 07:23:09 UTC 2019 $PTII/bin/ptinvoke ptolemy.vergil.basic.export.ExportModel -force htm  -openComposites -timeOut 30000 -whiteBackground ptolemy/actor/lib/jjs/modules/xbee/demo/XBeeHelloWorld/XBeeHelloWorld.xml $PTII/ptolemy/actor/lib/jjs/modules/xbee/demo/XBeeHelloWorld/XBeeHelloWorld
Warning: not running ptolemy/actor/lib/jjs/modules/xbee/demo/XBeeHelloWorld/XBeeHelloWorld.xml. See ptolemy/vergil/basic/export/test/junit/ExportModelJUnitTest.java
----------------- Sat Nov 16 07:23:09 UTC 2019 About to sleep for 5.0 seconds before running or rerunning.  Test is: /home/travis/build/icyphy/ptII/ptolemy/actor/lib/jjs/modules/xbee/demo/XBeeHelloWorld/XBeeHelloWorld.xml
Done sleeping
Exported /home/travis/build/icyphy/ptII/ptolemy/actor/lib/jjs/modules/xbee/demo/XBeeHelloWorld/XBeeHelloWorld/index.html
6732 ms. Memory: 3275776K Free: 1385381K (42%)
####### 45 Sat Nov 16 07:23:21 UTC 2019 $PTII/bin/ptinvoke ptolemy.vergil.basic.export.ExportModel -force htm  -openComposites -timeOut 30000 -whiteBackground ptolemy/actor/lib/jmf/demo/VideoCapture/VideoCapture.xml $PTII/ptolemy/actor/lib/jmf/demo/VideoCapture/VideoCapture
Warning: not running ptolemy/actor/lib/jmf/demo/VideoCapture/VideoCapture.xml. See ptolemy/vergil/basic/export/test/junit/ExportModelJUnitTest.java
Exported /home/travis/build/icyphy/ptII/ptolemy/actor/lib/jmf/demo/VideoCapture/VideoCapture/index.html
3216 ms. Memory: 3275776K Free: 1276398K (39%)
####### 46 Sat Nov 16 07:23:24 UTC 2019 $PTII/bin/ptinvoke ptolemy.vergil.basic.export.ExportModel -force htm -run -openComposites -timeOut 30000 -whiteBackground ptolemy/actor/lib/mail/demo/ExceptionEmailer/ExceptionEmailer.xml $PTII/ptolemy/actor/lib/mail/demo/ExceptionEmailer/ExceptionEmailer
Running .ExceptionEmailer
26 ms. Memory: 3275776K Free: 1176064K (36%)
Exported /home/travis/build/icyphy/ptII/ptolemy/actor/lib/mail/demo/ExceptionEmailer/ExceptionEmailer/index.html
4237 ms. Memory: 3275776K Free: 1132011K (35%)
####### 47 Sat Nov 16 07:23:28 UTC 2019 $PTII/bin/ptinvoke ptolemy.vergil.basic.export.ExportModel -force htm -run -openComposites -timeOut 30000 -whiteBackground ptolemy/actor/lib/mail/demo/SendMail/SendMail.xml $PTII/ptolemy/actor/lib/mail/demo/SendMail/SendMail
Running .SendMail
40 ms. Memory: 3275776K Free: 1019881K (31%)
Exported /home/travis/build/icyphy/ptII/ptolemy/actor/lib/mail/demo/SendMail/SendMail/index.html
4257 ms. Memory: 3275776K Free: 986078K (30%)
####### 48 Sat Nov 16 07:23:33 UTC 2019 $PTII/bin/ptinvoke ptolemy.vergil.basic.export.ExportModel -force htm -run -openComposites -timeOut 30000 -whiteBackground ptolemy/actor/lib/python/demo/Ptolemnizer/Ptolemnizer.xml $PTII/ptolemy/actor/lib/python/demo/Ptolemnizer/Ptolemnizer
.Ptolemnizer.InteractiveShell invoked SwingUtilities.invokeAndWait()
Model ".Ptolemnizer" contains actors such cannot be run  as part of the export process from ExportModel or it has a WebExportParameters value that runBeforeExport set to false. To export run this model and export it, use vergil.
Exported /home/travis/build/icyphy/ptII/ptolemy/actor/lib/python/demo/Ptolemnizer/Ptolemnizer/index.html
7245 ms. Memory: 3275776K Free: 1372710K (42%)
####### 49 Sat Nov 16 07:23:40 UTC 2019 $PTII/bin/ptinvoke ptolemy.vergil.basic.export.ExportModel -force htm -run -openComposites -timeOut 30000 -whiteBackground ptolemy/actor/lib/python/demo/PythonScale/PythonScale.xml $PTII/ptolemy/actor/lib/python/demo/PythonScale/PythonScale
Running .PythonScale
103 ms. Memory: 3275776K Free: 1433010K (44%)
Exported /home/travis/build/icyphy/ptII/ptolemy/actor/lib/python/demo/PythonScale/PythonScale/index.html
4500 ms. Memory: 3275776K Free: 1403335K (43%)
####### 50 Sat Nov 16 07:23:44 UTC 2019 $PTII/bin/ptinvoke ptolemy.vergil.basic.export.ExportModel -force htm  -openComposites -timeOut 30000 -whiteBackground ptolemy/actor/lib/python/demo/RecordManipulation/RecordManipulation.xml $PTII/ptolemy/actor/lib/python/demo/RecordManipulation/RecordManipulation
Warning: not running ptolemy/actor/lib/python/demo/RecordManipulation/RecordManipulation.xml. See ptolemy/vergil/basic/export/test/junit/ExportModelJUnitTest.java
Exported /home/travis/build/icyphy/ptII/ptolemy/actor/lib/python/demo/RecordManipulation/RecordManipulation/index.html
3272 ms. Memory: 3275776K Free: 1276828K (39%)
####### 51 Sat Nov 16 07:23:48 UTC 2019 $PTII/bin/ptinvoke ptolemy.vergil.basic.export.ExportModel -force htm  -openComposites -timeOut 30000 -whiteBackground ptolemy/actor/lib/r/demo/R3DPlot/R3DPlot.xml $PTII/ptolemy/actor/lib/r/demo/R3DPlot/R3DPlot
Warning: not running ptolemy/actor/lib/r/demo/R3DPlot/R3DPlot.xml. See ptolemy/vergil/basic/export/test/junit/ExportModelJUnitTest.java
Exported /home/travis/build/icyphy/ptII/ptolemy/actor/lib/r/demo/R3DPlot/R3DPlot/index.html
3260 ms. Memory: 3275776K Free: 1164210K (36%)
####### 52 Sat Nov 16 07:23:51 UTC 2019 $PTII/bin/ptinvoke ptolemy.vergil.basic.export.ExportModel -force htm  -openComposites -timeOut 30000 -whiteBackground ptolemy/actor/lib/r/demo/RRecordToDataframe/RRecordToDataframe.xml $PTII/ptolemy/actor/lib/r/demo/RRecordToDataframe/RRecordToDataframe
Warning: not running ptolemy/actor/lib/r/demo/RRecordToDataframe/RRecordToDataframe.xml. See ptolemy/vergil/basic/export/test/junit/ExportModelJUnitTest.java
Exported /home/travis/build/icyphy/ptII/ptolemy/actor/lib/r/demo/RRecordToDataframe/RRecordToDataframe/index.html
3190 ms. Memory: 3275776K Free: 1044935K (32%)
[...]
WARNING: Invoking send() too late (probably in a callback), so WebSocketServer is not able to send the token {socketID = 0, status = "closed"} to the output connection. Token is discarded.
WARNING: WebSocketClient: Model stopped before executing actions (e.g. producing outputs) scheduled for execution at times [101.0]
Warning: Nashorn engine is planned to be removed from a future JDK release
Warning: Nashorn engine is planned to be removed from a future JDK release
Warning: Nashorn engine is planned to be removed from a future JDK release
Warning: Nashorn engine is planned to be removed from a future JDK release
Warning: Nashorn engine is planned to be removed from a future JDK release
Warning: Nashorn engine is planned to be removed from a future JDK release
Warning: Nashorn engine is planned to be removed from a future JDK release
Warning: Nashorn engine is planned to be removed from a future JDK release
Warning: Nashorn engine is planned to be removed from a future JDK release
Warning: Nashorn engine is planned to be removed from a future JDK release
Warning: Nashorn engine is planned to be removed from a future JDK release
Warning: Nashorn engine is planned to be removed from a future JDK release
Warning: Nashorn engine is planned to be removed from a future JDK release
Warning: Nashorn engine is planned to be removed from a future JDK release
Warning: Nashorn engine is planned to be removed from a future JDK release
Warning: Nashorn engine is planned to be removed from a future JDK release
Warning: Nashorn engine is planned to be removed from a future JDK release
Warning: Nashorn engine is planned to be removed from a future JDK release
Warning: Nashorn engine is planned to be removed from a future JDK release
Warning: Nashorn engine is planned to be removed from a future JDK release
Warning: Nashorn engine is planned to be removed from a future JDK release
Warning: Nashorn engine is planned to be removed from a future JDK release
Warning: Nashorn engine is planned to be removed from a future JDK release
Warning: Nashorn engine is planned to be removed from a future JDK release
Warning: Nashorn engine is planned to be removed from a future JDK release
Warning: Nashorn engine is planned to be removed from a future JDK release
Warning: Nashorn engine is planned to be removed from a future JDK release
Warning: Nashorn engine is planned to be removed from a future JDK release
Warning: Nashorn engine is planned to be removed from a future JDK release
Warning: Nashorn engine is planned to be removed from a future JDK release
Warning: Nashorn engine is planned to be removed from a future JDK release
Warning: Nashorn engine is planned to be removed from a future JDK release
Warning: Nashorn engine is planned to be removed from a future JDK release
Warning: Nashorn engine is planned to be removed from a future JDK release
Warning: Nashorn engine is planned to be removed from a future JDK release
Warning: Nashorn engine is planned to be removed from a future JDK release
Warning: Nashorn engine is planned to be removed from a future JDK release
Warning: Nashorn engine is planned to be removed from a future JDK release
Warning: Nashorn engine is planned to be removed from a future JDK release
Warning: Nashorn engine is planned to be removed from a future JDK release
Warning: Nashorn engine is planned to be removed from a future JDK release
Warning: Nashorn engine is planned to be removed from a future JDK release
Warning: Nashorn engine is planned to be removed from a future JDK release
Warning: Nashorn engine is planned to be removed from a future JDK release
Warning: Nashorn engine is planned to be removed from a future JDK release
Warning: Nashorn engine is planned to be removed from a future JDK release
Warning: Nashorn engine is planned to be removed from a future JDK release
Warning: Nashorn engine is planned to be removed from a future JDK release
Nov 16, 2019 7:20:23 AM io.vertx.core.impl.ContextImpl
SEVERE: Unhandled exception
java.lang.IllegalStateException: Response is closed
	at io.vertx.core.http.impl.HttpServerResponseImpl.checkValid(HttpServerResponseImpl.java:548)
	at io.vertx.core.http.impl.HttpServerResponseImpl.end0(HttpServerResponseImpl.java:401)
	at io.vertx.core.http.impl.HttpServerResponseImpl.end(HttpServerResponseImpl.java:319)
	at io.vertx.core.http.impl.HttpServerResponseImpl.end(HttpServerResponseImpl.java:308)
	at io.vertx.ext.web.impl.RoutingContextImplBase.unhandledFailure(RoutingContextImplBase.java:166)
	at io.vertx.ext.web.impl.RoutingContextImpl.checkHandleNoMatch(RoutingContextImpl.java:129)
	at io.vertx.ext.web.impl.RoutingContextImpl.next(RoutingContextImpl.java:121)
	at io.vertx.ext.web.impl.RoutingContextImpl.doFail(RoutingContextImpl.java:452)
	at io.vertx.ext.web.impl.RoutingContextImpl.fail(RoutingContextImpl.java:153)
	at io.vertx.ext.web.handler.impl.StaticHandlerImpl.lambda$null$0(StaticHandlerImpl.java:218)
	at io.vertx.ext.web.handler.impl.StaticHandlerImpl.getFileProps(StaticHandlerImpl.java:302)
	at io.vertx.ext.web.handler.impl.StaticHandlerImpl.lambda$sendStatic$1(StaticHandlerImpl.java:205)
	at io.vertx.core.impl.FutureImpl.setHandler(FutureImpl.java:76)
	at io.vertx.core.impl.ContextImpl.lambda$null$0(ContextImpl.java:289)
	at io.vertx.core.impl.ContextImpl.lambda$wrapTask$2(ContextImpl.java:339)
	at io.netty.util.concurrent.AbstractEventExecutor.safeExecute(AbstractEventExecutor.java:163)
	at io.netty.util.concurrent.SingleThreadEventExecutor.runAllTasks(SingleThreadEventExecutor.java:404)
	at io.netty.channel.nio.NioEventLoop.run(NioEventLoop.java:463)
	at io.netty.util.concurrent.SingleThreadEventExecutor$5.run(SingleThreadEventExecutor.java:886)
	at io.netty.util.concurrent.FastThreadLocalRunnable.run(FastThreadLocalRunnable.java:30)
	at java.base/java.lang.Thread.run(Thread.java:834)

Nov 16, 2019 7:20:23 AM io.vertx.core.impl.ContextImpl
SEVERE: Unhandled exception
java.lang.IllegalStateException: Response is closed
	at io.vertx.core.http.impl.HttpServerResponseImpl.checkValid(HttpServerResponseImpl.java:548)
	at io.vertx.core.http.impl.HttpServerResponseImpl.end0(HttpServerResponseImpl.java:401)
	at io.vertx.core.http.impl.HttpServerResponseImpl.end(HttpServerResponseImpl.java:319)
	at io.vertx.core.http.impl.HttpServerResponseImpl.end(HttpServerResponseImpl.java:308)
	at io.vertx.ext.web.impl.RoutingContextImplBase.unhandledFailure(RoutingContextImplBase.java:166)
	at io.vertx.ext.web.impl.RoutingContextImpl.checkHandleNoMatch(RoutingContextImpl.java:129)
	at io.vertx.ext.web.impl.RoutingContextImpl.next(RoutingContextImpl.java:121)
	at io.vertx.ext.web.impl.RoutingContextImpl.doFail(RoutingContextImpl.java:452)
	at io.vertx.ext.web.impl.RoutingContextImpl.fail(RoutingContextImpl.java:153)
	at io.vertx.ext.web.handler.impl.StaticHandlerImpl.lambda$null$0(StaticHandlerImpl.java:218)
	at io.vertx.ext.web.handler.impl.StaticHandlerImpl.getFileProps(StaticHandlerImpl.java:302)
	at io.vertx.ext.web.handler.impl.StaticHandlerImpl.lambda$sendStatic$1(StaticHandlerImpl.java:205)
	at io.vertx.core.impl.FutureImpl.setHandler(FutureImpl.java:76)
	at io.vertx.core.impl.ContextImpl.lambda$null$0(ContextImpl.java:289)
	at io.vertx.core.impl.ContextImpl.lambda$wrapTask$2(ContextImpl.java:339)
	at io.netty.util.concurrent.AbstractEventExecutor.safeExecute(AbstractEventExecutor.java:163)
	at io.netty.util.concurrent.SingleThreadEventExecutor.runAllTasks(SingleThreadEventExecutor.java:404)
	at io.netty.channel.nio.NioEventLoop.run(NioEventLoop.java:463)
	at io.netty.util.concurrent.SingleThreadEventExecutor$5.run(SingleThreadEventExecutor.java:886)
	at io.netty.util.concurrent.FastThreadLocalRunnable.run(FastThreadLocalRunnable.java:30)
	at java.base/java.lang.Thread.run(Thread.java:834)

WARNING: TestSpontaneous: Model stopped before executing actions (e.g. producing outputs) scheduled for execution at times [11.0]
WARNING: Invoking send() too late (probably in a callback), so WebSocketServer is not able to send the token {socketID = 0, status = "closed"} to the output connection. Token is discarded.
WARNING: Invoking send() too late (probably in a callback), so WebSocketServer is not able to send the token {socketID = 0, status = "closed"} to the output connection. Token is discarded.
Warning: Nashorn engine is planned to be removed from a future JDK release
Warning: Nashorn engine is planned to be removed from a future JDK release
Warning: Nashorn engine is planned to be removed from a future JDK release
Warning: Nashorn engine is planned to be removed from a future JDK release
Warning: Nashorn engine is planned to be removed from a future JDK release
Warning: Nashorn engine is planned to be removed from a future JDK release
Warning: Nashorn engine is planned to be removed from a future JDK release
Warning: Nashorn engine is planned to be removed from a future JDK release
Warning: Nashorn engine is planned to be removed from a future JDK release
Warning: Nashorn engine is planned to be removed from a future JDK release
Warning: Nashorn engine is planned to be removed from a future JDK release
Warning: Nashorn engine is planned to be removed from a future JDK release
Warning: Nashorn engine is planned to be removed from a future JDK release
Warning: Nashorn engine is planned to be removed from a future JDK release
Warning: Nashorn engine is planned to be removed from a future JDK release
Warning: Nashorn engine is planned to be removed from a future JDK release
Warning: Nashorn engine is planned to be removed from a future JDK release
Warning: Nashorn engine is planned to be removed from a future JDK release
Warning: Nashorn engine is planned to be removed from a future JDK release
Warning: Nashorn engine is planned to be removed from a future JDK release
Warning: Nashorn engine is planned to be removed from a future JDK release
Warning: Nashorn engine is planned to be removed from a future JDK release
Warning: Nashorn engine is planned to be removed from a future JDK release
Warning: Nashorn engine is planned to be removed from a future JDK release
Warning: Nashorn engine is planned to be removed from a future JDK release
Warning: Nashorn engine is planned to be removed from a future JDK release
[atomic-processor-1] INFO com.github.sarxos.webcam.ds.cgt.WebcamOpenTask - Opening webcam Dummy Webcam 0
Warning: Nashorn engine is planned to be removed from a future JDK release
Warning: Nashorn engine is planned to be removed from a future JDK release
Warning: Nashorn engine is planned to be removed from a future JDK release
Warning: Nashorn engine is planned to be removed from a future JDK release
Warning: Nashorn engine is planned to be removed from a future JDK release
Warning: Nashorn engine is planned to be removed from a future JDK release
[atomic-processor-1] INFO com.github.sarxos.webcam.ds.cgt.WebcamCloseTask - Closing Dummy Webcam 0
WARNING: Camera: Model stopped before executing actions (e.g. producing outputs) scheduled for execution at times [20.634, 42.249, 29.906000000000002, 31.639000000000003, 33.269, 28.841, 37.132, 3.3400000000000003, 41.184000000000005, 12.301, 26.816000000000003, 7.915, 9.482000000000001, 40.224000000000004, 36.172000000000004, 27.881, 22.867, 46.719, 32.351, 10.503, 28.734, 11.339, 20.527, 43.314, 21.804000000000002, 31.536, 45.442, 16.582, 42.037, 33.370000000000005, 25.001, 31.328, 31.12, 33.981, 21.911, 31.740000000000002, 27.774, 26.923000000000002, 9.379, 13.803, 7.014, 40.117000000000004, 38.945, 26.602, 6.909, 30.912000000000003, 14.343, 46.618, 7.438000000000001, 29.053, 16.689, 39.371, 30.599, 24.682000000000002, 30.807000000000002, 11.446, 14.666, 21.485, 19.783, 40.97, 29.587, 41.93, 12.515, 1.059, 1.2670000000000001, 25.108, 17.328, 34.693, 6.583, 3.544, 0.225, 34.286, 22.655, 0.851, 11.66, 37.878, 20.953, 38.838, 21.378, 29.16, 13.265, 14.236, 25.535, 9.175, 44.803000000000004, 2.101, 19.676000000000002, 39.478, 44.165, 43.526, 15.305, 42.888, 8.867, 34.901, 5.107, 35.109, 5.317, 12.408000000000001, 5.525, 0.643, 4.899, 18.397000000000002, 9.686, 14.878, 21.697, 34.082, 10.299, 36.065000000000005, 31.944000000000003, 18.718, 22.974, 26.068, 38.411, 46.923, 15.624, 43.207, 44.484, 32.757, 11.016, 27.348000000000003, 12.729000000000001, 35.639, 43.846000000000004, 4.061, 2.932, 13.586, 5.942, 5.734, 26.282, 40.65, 9.89, 8.553, 11.874, 43.952, 5.6290000000000004, 17.008, 34.489000000000004, 21.165, 40.863, 35.533, 26.175, 14.986, 45.89, 4.168, 23.507, 14.021, 24.254, 32.656, 21.059, 35.746, 35.427, 45.682, 47.024, 46.099000000000004, 15.091000000000001, 4.481, 37.772, 27.455000000000002, 20.208000000000002, 40.543, 25.428, 11.767000000000001, 46.307, 17.115000000000002, 23.187, 32.147, 2.622, 6.256, 2.83, 13.48, 35.852000000000004, 6.151, 41.717, 2.206, 9.992, 30.225, 47.126000000000005, 4.273000000000001, 23.719, 15.198, 1.79, 14.56, 1.998, 1.476, 32.554, 30.119, 6.372, 18.611, 23.081, 35.32, 0.538, 40.437000000000005, 10.094000000000001, 3.0340000000000003, 43.739000000000004, 23.294, 25.215, 32.859, 3.955, 20.740000000000002, 8.027000000000001, 16.902, 17.221, 27.242, 41.61, 35.214, 27.561, 1.6840000000000002, 8.762, 3.136, 13.693, 5.212000000000001, 20.421, 41.504000000000005, 27.136, 43.633, 32.452, 23.400000000000002, 7.226, 25.321, 39.158, 37.985, 32.961, 7.704000000000001, 20.846, 25.855, 23.933, 13.157, 18.503, 10.401, 7.811, 15.411000000000001, 44.378, 25.748, 3.238, 9.584, 7.12, 19.463, 38.091, 24.788, 12.195, 15.518, 33.165, 7.332, 31.432000000000002, 31.016000000000002, 39.265, 33.062000000000005, 31.224, 22.761, 39.051, 28.947000000000003, 24.04, 19.356, 28.628, 38.198, 41.29, 44.697, 12.088000000000001, 44.271, 37.024, 43.42, 3.442, 45.548, 42.143, 30.703, 32.249, 36.278, 29.8, 10.605, 23.614, 1.581, 27.029, 9.277000000000001, 15.73, 11.231, 0.329, 25.641000000000002, 0.747, 16.795, 17.434, 46.516, 20.314, 41.397, 27.668, 10.197000000000001, 43.101, 9.788, 21.591, 29.693, 41.824, 35.959, 31.842000000000002, 44.909, 39.584, 13.05, 6.477, 38.305, 25.962, 8.971, 23.826, 40.33, 46.821000000000005, 44.59, 30.012, 34.184000000000005, 14.772, 17.972, 27.987000000000002, 7.599, 35.005, 29.266000000000002, 5.421, 37.559000000000005, 9.073, 12.623000000000001, 34.591, 45.336, 16.476, 44.059000000000005, 26.389, 40.757000000000005, 24.147000000000002, 24.895, 36.917, 38.732, 21.272000000000002, 17.545, 11.981, 36.704, 33.676, 10.912, 28.413, 39.691, 42.781, 4.793, 38.625, 29.373, 32.046, 18.931, 30.333000000000002, 37.665, 8.132, 8.344, 18.825, 3.851, 17.865000000000002, 22.229, 24.362000000000002, 5.838, 20.101, 36.81, 22.442, 42.675000000000004, 45.016, 5.002, 19.037, 15.943000000000001, 2.5180000000000002, 38.518, 45.786, 10.81, 2.31, 18.078, 17.759, 36.597, 15.837, 29.48, 45.123000000000005, 2.7270000000000003, 4.377, 11.123000000000001, 46.203, 0.014, 2.4130000000000003, 12.836, 33.777, 28.2, 34.388, 4.585, 28.306, 4.688000000000001, 17.653000000000002, 8.238, 42.994, 6.047000000000001, 39.797000000000004, 45.994, 42.568000000000005, 22.335, 12.943, 0.12000000000000001, 33.879, 39.904, 46.411, 22.017, 36.385, 28.094, 42.462, 33.472, 40.01, 16.262, 13.372, 18.184, 1.8940000000000001, 1.372, 45.229, 18.29, 37.452, 0.434, 3.6470000000000002, 19.25, 24.575, 37.345, 16.369, 6.803, 10.707, 11.553, 19.888, 26.496000000000002, 16.156000000000002, 37.239000000000004, 34.796, 19.994, 26.709, 41.077, 13.912, 28.519000000000002, 8.450000000000001, 33.574, 30.44, 24.469, 19.144000000000002, 6.697, 14.129000000000001, 22.548000000000002, 0.9560000000000001, 3.749, 14.452, 16.05, 1.1640000000000001, 22.123, 36.491, 42.356, 19.569, 8.658]
Warning: Nashorn engine is planned to be removed from a future JDK release
Warning: Nashorn engine is planned to be removed from a future JDK release
Warning: Nashorn engine is planned to be removed from a future JDK release
Warning: Nashorn engine is planned to be removed from a future JDK release
Warning: Nashorn engine is planned to be removed from a future JDK release
Warning: Nashorn engine is planned to be removed from a future JDK release
Warning: Nashorn engine is planned to be removed from a future JDK release
Warning: Nashorn engine is planned to be removed from a future JDK release
Warning: Nashorn engine is planned to be removed from a future JDK release
Warning: Nashorn engine is planned to be removed from a future JDK release
Warning: Nashorn engine is planned to be removed from a future JDK release
Warning: Nashorn engine is planned to be removed from a future JDK release
Warning: Nashorn engine is planned to be removed from a future JDK release
Warning: Nashorn engine is planned to be removed from a future JDK release
Warning: Nashorn engine is planned to be removed from a future JDK release
Warning: Nashorn engine is planned to be removed from a future JDK release
Warning: Nashorn engine is planned to be removed from a future JDK release
Warning: Nashorn engine is planned to be removed from a future JDK release
Warning: Nashorn engine is planned to be removed from a future JDK release
Warning: Nashorn engine is planned to be removed from a future JDK release
Warning: Nashorn engine is planned to be removed from a future JDK release
Warning: Nashorn engine is planned to be removed from a future JDK release
Warning: Nashorn engine is planned to be removed from a future JDK release
Warning: Nashorn engine is planned to be removed from a future JDK release
WARNING: TestSpontaneous: Model stopped before executing actions (e.g. producing outputs) scheduled for execution at times [12.5]
Warning: Nashorn engine is planned to be removed from a future JDK release
Warning: Nashorn engine is planned to be removed from a future JDK release
Warning: Nashorn engine is planned to be removed from a future JDK release
Warning: Nashorn engine is planned to be removed from a future JDK release
Warning: Nashorn engine is planned to be removed from a future JDK release
Warning: Nashorn engine is planned to be removed from a future JDK release
Warning: Nashorn engine is planned to be removed from a future JDK release
Warning: Nashorn engine is planned to be removed from a future JDK release
Warning: Nashorn engine is planned to be removed from a future JDK release
Warning: Nashorn engine is planned to be removed from a future JDK release
Warning: Nashorn engine is planned to be removed from a future JDK release
Warning: Nashorn engine is planned to be removed from a future JDK release
Warning: Nashorn engine is planned to be removed from a future JDK release
Warning: Nashorn engine is planned to be removed from a future JDK release
Warning: Nashorn engine is planned to be removed from a future JDK release
Warning: Nashorn engine is planned to be removed from a future JDK release
Warning: Nashorn engine is planned to be removed from a future JDK release
Warning: Nashorn engine is planned to be removed from a future JDK release
Warning: Nashorn engine is planned to be removed from a future JDK release
Warning: Nashorn engine is planned to be removed from a future JDK release
Warning: Nashorn engine is planned to be removed from a future JDK release
Warning: Nashorn engine is planned to be removed from a future JDK release
Warning: Nashorn engine is planned to be removed from a future JDK release
Warning: Nashorn engine is planned to be removed from a future JDK release
Warning: Nashorn engine is planned to be removed from a future JDK release
Warning: Nashorn engine is planned to be removed from a future JDK release
Warning: Nashorn engine is planned to be removed from a future JDK release
Warning: Nashorn engine is planned to be removed from a future JDK release
Warning: Running an XSLT 1.0 stylesheet with an XSLT 2.0 processor
Warning: Running an XSLT 1.0 stylesheet with an XSLT 2.0 processor
Warning: Running an XSLT 1.0 stylesheet with an XSLT 2.0 processor
]]></system-err>
</testsuite>
