<?xml version="1.0" encoding="UTF-8" ?>
<testsuite errors="0" failures="0" hostname="travis-job-b1c07169-2dc0-4909-b8fe-648a480321be" name="ptolemy.domains.continuous.test.junit.JUnitTclTest" skipped="0" tests="156" time="79.718" timestamp="2019-07-10T05:18:22">
  <properties>
[...]
</properties>
  <testcase classname="ptolemy.util.test.junit.TclTests" name="[0] ThereAreNoTclTests (RunTclFile)" time="0.008" />
  <testcase classname="ptolemy.util.test.junit.AutoKnownFailedTests" name="[0] ThereAreNoKnowFailedTests (RunModel)" time="0.006" />
  <testcase classname="ptolemy.util.test.junit.AutoNameArchTests" name="[0] ThereAreNoAutoArchTests (RunModel)" time="0.01" />
  <testcase classname="ptolemy.util.test.junit.AutoTests" name="[0] /home/travis/build/icyphy/ptII/ptolemy/domains/continuous/test/auto/BouncingBall.xml (RunModel)" time="3.371" />
  <testcase classname="ptolemy.util.test.junit.AutoTests" name="[1] /home/travis/build/icyphy/ptII/ptolemy/domains/continuous/test/auto/BouncingBallWithoutGR.xml (RunModel)" time="0.938" />
  <testcase classname="ptolemy.util.test.junit.AutoTests" name="[2] /home/travis/build/icyphy/ptII/ptolemy/domains/continuous/test/auto/Brownian.xml (RunModel)" time="0.075" />
  <testcase classname="ptolemy.util.test.junit.AutoTests" name="[3] /home/travis/build/icyphy/ptII/ptolemy/domains/continuous/test/auto/CarTracking.xml (RunModel)" time="4.112" />
  <testcase classname="ptolemy.util.test.junit.AutoTests" name="[4] /home/travis/build/icyphy/ptII/ptolemy/domains/continuous/test/auto/CartPendulum.xml (RunModel)" time="0.593" />
  <testcase classname="ptolemy.util.test.junit.AutoTests" name="[5] /home/travis/build/icyphy/ptII/ptolemy/domains/continuous/test/auto/CausalityInterface10.xml (RunModel)" time="0.053" />
  <testcase classname="ptolemy.util.test.junit.AutoTests" name="[6] /home/travis/build/icyphy/ptII/ptolemy/domains/continuous/test/auto/CausalityInterface11.xml (RunModel)" time="0.029" />
  <testcase classname="ptolemy.util.test.junit.AutoTests" name="[7] /home/travis/build/icyphy/ptII/ptolemy/domains/continuous/test/auto/CausalityInterface12.xml (RunModel)" time="0.035" />
  <testcase classname="ptolemy.util.test.junit.AutoTests" name="[8] /home/travis/build/icyphy/ptII/ptolemy/domains/continuous/test/auto/CausalityInterface13.xml (RunModel)" time="0.035" />
  <testcase classname="ptolemy.util.test.junit.AutoTests" name="[9] /home/travis/build/icyphy/ptII/ptolemy/domains/continuous/test/auto/CausalityInterface14.xml (RunModel)" time="0.025" />
  <testcase classname="ptolemy.util.test.junit.AutoTests" name="[10] /home/travis/build/icyphy/ptII/ptolemy/domains/continuous/test/auto/CausalityInterface4.xml (RunModel)" time="0.028" />
  <testcase classname="ptolemy.util.test.junit.AutoTests" name="[11] /home/travis/build/icyphy/ptII/ptolemy/domains/continuous/test/auto/CausalityInterface5.xml (RunModel)" time="0.04" />
  <testcase classname="ptolemy.util.test.junit.AutoTests" name="[12] /home/travis/build/icyphy/ptII/ptolemy/domains/continuous/test/auto/CausalityInterface6.xml (RunModel)" time="0.022" />
  <testcase classname="ptolemy.util.test.junit.AutoTests" name="[13] /home/travis/build/icyphy/ptII/ptolemy/domains/continuous/test/auto/CausalityInterface7.xml (RunModel)" time="0.044" />
  <testcase classname="ptolemy.util.test.junit.AutoTests" name="[14] /home/travis/build/icyphy/ptII/ptolemy/domains/continuous/test/auto/CausalityInterface8.xml (RunModel)" time="0.033" />
  <testcase classname="ptolemy.util.test.junit.AutoTests" name="[15] /home/travis/build/icyphy/ptII/ptolemy/domains/continuous/test/auto/CausalityInterface9.xml (RunModel)" time="0.052" />
  <testcase classname="ptolemy.util.test.junit.AutoTests" name="[16] /home/travis/build/icyphy/ptII/ptolemy/domains/continuous/test/auto/CausalityInterfaceFeedback1.xml (RunModel)" time="0.022" />
  <testcase classname="ptolemy.util.test.junit.AutoTests" name="[17] /home/travis/build/icyphy/ptII/ptolemy/domains/continuous/test/auto/CausalityInterfaceFeedback2.xml (RunModel)" time="0.031" />
  <testcase classname="ptolemy.util.test.junit.AutoTests" name="[18] /home/travis/build/icyphy/ptII/ptolemy/domains/continuous/test/auto/CompareWithCurrentTime.xml (RunModel)" time="0.02" />
  <testcase classname="ptolemy.util.test.junit.AutoTests" name="[19] /home/travis/build/icyphy/ptII/ptolemy/domains/continuous/test/auto/ComparedClocks.xml (RunModel)" time="0.077" />
  <testcase classname="ptolemy.util.test.junit.AutoTests" name="[20] /home/travis/build/icyphy/ptII/ptolemy/domains/continuous/test/auto/ContinuousAOCClone.xml (RunModel)" time="2.905" />
  <testcase classname="ptolemy.util.test.junit.AutoTests" name="[21] /home/travis/build/icyphy/ptII/ptolemy/domains/continuous/test/auto/ContinuousClock.xml (RunModel)" time="0.071" />
  <testcase classname="ptolemy.util.test.junit.AutoTests" name="[22] /home/travis/build/icyphy/ptII/ptolemy/domains/continuous/test/auto/ContinuousInContinuous.xml (RunModel)" time="0.091" />
  <testcase classname="ptolemy.util.test.junit.AutoTests" name="[23] /home/travis/build/icyphy/ptII/ptolemy/domains/continuous/test/auto/ContinuousInContinuousInContinuous.xml (RunModel)" time="0.027" />
  <testcase classname="ptolemy.util.test.junit.AutoTests" name="[24] /home/travis/build/icyphy/ptII/ptolemy/domains/continuous/test/auto/ContinuousInDE.xml (RunModel)" time="0.128" />
  <testcase classname="ptolemy.util.test.junit.AutoTests" name="[25] /home/travis/build/icyphy/ptII/ptolemy/domains/continuous/test/auto/ContinuousInDE2.xml (RunModel)" time="0.047" />
  <testcase classname="ptolemy.util.test.junit.AutoTests" name="[26] /home/travis/build/icyphy/ptII/ptolemy/domains/continuous/test/auto/ContinuousInDE3.xml (RunModel)" time="0.057" />
  <testcase classname="ptolemy.util.test.junit.AutoTests" name="[27] /home/travis/build/icyphy/ptII/ptolemy/domains/continuous/test/auto/ContinuousInDE4.xml (RunModel)" time="0.036" />
  <testcase classname="ptolemy.util.test.junit.AutoTests" name="[28] /home/travis/build/icyphy/ptII/ptolemy/domains/continuous/test/auto/ContinuousInDEDifferentRefinements.xml (RunModel)" time="0.106" />
  <testcase classname="ptolemy.util.test.junit.AutoTests" name="[29] /home/travis/build/icyphy/ptII/ptolemy/domains/continuous/test/auto/ContinuousInDEDifferentRefinementsPreemptive.xml (RunModel)" time="0.098" />
  <testcase classname="ptolemy.util.test.junit.AutoTests" name="[30] /home/travis/build/icyphy/ptII/ptolemy/domains/continuous/test/auto/ContinuousInDEInContinuous2.xml (RunModel)" time="0.058" />
  <testcase classname="ptolemy.util.test.junit.AutoTests" name="[31] /home/travis/build/icyphy/ptII/ptolemy/domains/continuous/test/auto/ContinuousInDEInContinuous3.xml (RunModel)" time="0.059" />
  <testcase classname="ptolemy.util.test.junit.AutoTests" name="[32] /home/travis/build/icyphy/ptII/ptolemy/domains/continuous/test/auto/ContinuousInDEInput.xml (RunModel)" time="0.035" />
  <testcase classname="ptolemy.util.test.junit.AutoTests" name="[33] /home/travis/build/icyphy/ptII/ptolemy/domains/continuous/test/auto/ContinuousInDEInput2.xml (RunModel)" time="0.034" />
  <testcase classname="ptolemy.util.test.junit.AutoTests" name="[34] /home/travis/build/icyphy/ptII/ptolemy/domains/continuous/test/auto/ContinuousInDEInput3.xml (RunModel)" time="0.03" />
  <testcase classname="ptolemy.util.test.junit.AutoTests" name="[35] /home/travis/build/icyphy/ptII/ptolemy/domains/continuous/test/auto/ContinuousInDESharingRefinement.xml (RunModel)" time="0.193" />
  <testcase classname="ptolemy.util.test.junit.AutoTests" name="[36] /home/travis/build/icyphy/ptII/ptolemy/domains/continuous/test/auto/ContinuousInDEwithNoPorts.xml (RunModel)" time="0.019" />
  <testcase classname="ptolemy.util.test.junit.AutoTests" name="[37] /home/travis/build/icyphy/ptII/ptolemy/domains/continuous/test/auto/ContinuousInsideDE.xml (RunModel)" time="0.086" />
  <testcase classname="ptolemy.util.test.junit.AutoTests" name="[38] /home/travis/build/icyphy/ptII/ptolemy/domains/continuous/test/auto/ContinuousMerge1.xml (RunModel)" time="0.019" />
  <testcase classname="ptolemy.util.test.junit.AutoTests" name="[39] /home/travis/build/icyphy/ptII/ptolemy/domains/continuous/test/auto/ContinuousMerge2.xml (RunModel)" time="0.043" />
  <testcase classname="ptolemy.util.test.junit.AutoTests" name="[40] /home/travis/build/icyphy/ptII/ptolemy/domains/continuous/test/auto/ContinuousMerge3.xml (RunModel)" time="0.087" />
  <testcase classname="ptolemy.util.test.junit.AutoTests" name="[41] /home/travis/build/icyphy/ptII/ptolemy/domains/continuous/test/auto/ContinuousWithinContinuous.xml (RunModel)" time="0.056" />
  <testcase classname="ptolemy.util.test.junit.AutoTests" name="[42] /home/travis/build/icyphy/ptII/ptolemy/domains/continuous/test/auto/ContinuousWithinContinuous2.xml (RunModel)" time="0.085" />
  <testcase classname="ptolemy.util.test.junit.AutoTests" name="[43] /home/travis/build/icyphy/ptII/ptolemy/domains/continuous/test/auto/ContinuousWithinContinuous3.xml (RunModel)" time="0.04" />
  <testcase classname="ptolemy.util.test.junit.AutoTests" name="[44] /home/travis/build/icyphy/ptII/ptolemy/domains/continuous/test/auto/ContinuousWithinContinuous4.xml (RunModel)" time="0.093" />
  <testcase classname="ptolemy.util.test.junit.AutoTests" name="[45] /home/travis/build/icyphy/ptII/ptolemy/domains/continuous/test/auto/ContinuousWithinContinuous5.xml (RunModel)" time="0.037" />
  <testcase classname="ptolemy.util.test.junit.AutoTests" name="[46] /home/travis/build/icyphy/ptII/ptolemy/domains/continuous/test/auto/ContinuousWithinContinuous6.xml (RunModel)" time="0.028" />
  <testcase classname="ptolemy.util.test.junit.AutoTests" name="[47] /home/travis/build/icyphy/ptII/ptolemy/domains/continuous/test/auto/ContinuousWithinContinuous7.xml (RunModel)" time="0.071" />
  <testcase classname="ptolemy.util.test.junit.AutoTests" name="[48] /home/travis/build/icyphy/ptII/ptolemy/domains/continuous/test/auto/DCMotor.xml (RunModel)" time="15.765" />
  <testcase classname="ptolemy.util.test.junit.AutoTests" name="[49] /home/travis/build/icyphy/ptII/ptolemy/domains/continuous/test/auto/DEInContinuous.xml (RunModel)" time="0.02" />
  <testcase classname="ptolemy.util.test.junit.AutoTests" name="[50] /home/travis/build/icyphy/ptII/ptolemy/domains/continuous/test/auto/DEinContinuous2.xml (RunModel)" time="0.023" />
  <testcase classname="ptolemy.util.test.junit.AutoTests" name="[51] /home/travis/build/icyphy/ptII/ptolemy/domains/continuous/test/auto/Derivative.xml (RunModel)" time="0.194" />
  <testcase classname="ptolemy.util.test.junit.AutoTests" name="[52] /home/travis/build/icyphy/ptII/ptolemy/domains/continuous/test/auto/Derivative1.xml (RunModel)" time="0.037" />
  <testcase classname="ptolemy.util.test.junit.AutoTests" name="[53] /home/travis/build/icyphy/ptII/ptolemy/domains/continuous/test/auto/DiscreteClock.xml (RunModel)" time="0.013" />
  <testcase classname="ptolemy.util.test.junit.AutoTests" name="[54] /home/travis/build/icyphy/ptII/ptolemy/domains/continuous/test/auto/EfficiencyCurve.xml (RunModel)" time="0.084" />
  <testcase classname="ptolemy.util.test.junit.AutoTests" name="[55] /home/travis/build/icyphy/ptII/ptolemy/domains/continuous/test/auto/ExponentialResponse.xml (RunModel)" time="0.143" />
  <testcase classname="ptolemy.util.test.junit.AutoTests" name="[56] /home/travis/build/icyphy/ptII/ptolemy/domains/continuous/test/auto/ExponentialResponseRK45.xml (RunModel)" time="0.036" />
  <testcase classname="ptolemy.util.test.junit.AutoTests" name="[57] /home/travis/build/icyphy/ptII/ptolemy/domains/continuous/test/auto/Friction.xml (RunModel)" time="1.532" />
  <testcase classname="ptolemy.util.test.junit.AutoTests" name="[58] /home/travis/build/icyphy/ptII/ptolemy/domains/continuous/test/auto/FurutaPendulum.xml (RunModel)" time="3.627" />
  <testcase classname="ptolemy.util.test.junit.AutoTests" name="[59] /home/travis/build/icyphy/ptII/ptolemy/domains/continuous/test/auto/HierarchicalExecution.xml (RunModel)" time="2.806" />
  <testcase classname="ptolemy.util.test.junit.AutoTests" name="[60] /home/travis/build/icyphy/ptII/ptolemy/domains/continuous/test/auto/HybridPlant.xml (RunModel)" time="0.59" />
  <testcase classname="ptolemy.util.test.junit.AutoTests" name="[61] /home/travis/build/icyphy/ptII/ptolemy/domains/continuous/test/auto/Hysteresis.xml (RunModel)" time="0.183" />
  <testcase classname="ptolemy.util.test.junit.AutoTests" name="[62] /home/travis/build/icyphy/ptII/ptolemy/domains/continuous/test/auto/HysteresisWithRandomDelay.xml (RunModel)" time="0.23" />
  <testcase classname="ptolemy.util.test.junit.AutoTests" name="[63] /home/travis/build/icyphy/ptII/ptolemy/domains/continuous/test/auto/HysteresisWithRandomLosses.xml (RunModel)" time="2.495" />
  <testcase classname="ptolemy.util.test.junit.AutoTests" name="[64] /home/travis/build/icyphy/ptII/ptolemy/domains/continuous/test/auto/ImmediateTransitions.xml (RunModel)" time="0.035" />
  <testcase classname="ptolemy.util.test.junit.AutoTests" name="[65] /home/travis/build/icyphy/ptII/ptolemy/domains/continuous/test/auto/ImpulseFeedback.xml (RunModel)" time="0.021" />
  <testcase classname="ptolemy.util.test.junit.AutoTests" name="[66] /home/travis/build/icyphy/ptII/ptolemy/domains/continuous/test/auto/ImpulseFeedback2.xml (RunModel)" time="0.017" />
  <testcase classname="ptolemy.util.test.junit.AutoTests" name="[67] /home/travis/build/icyphy/ptII/ptolemy/domains/continuous/test/auto/IncreasingRatePoisson.xml (RunModel)" time="0.709" />
  <testcase classname="ptolemy.util.test.junit.AutoTests" name="[68] /home/travis/build/icyphy/ptII/ptolemy/domains/continuous/test/auto/InitialStateFeedback.xml (RunModel)" time="0.02" />
  <testcase classname="ptolemy.util.test.junit.AutoTests" name="[69] /home/travis/build/icyphy/ptII/ptolemy/domains/continuous/test/auto/Integration.xml (RunModel)" time="0.013" />
  <testcase classname="ptolemy.util.test.junit.AutoTests" name="[70] /home/travis/build/icyphy/ptII/ptolemy/domains/continuous/test/auto/Integration2.xml (RunModel)" time="0.096" />
  <testcase classname="ptolemy.util.test.junit.AutoTests" name="[71] /home/travis/build/icyphy/ptII/ptolemy/domains/continuous/test/auto/Integration3.xml (RunModel)" time="0.02" />
  <testcase classname="ptolemy.util.test.junit.AutoTests" name="[72] /home/travis/build/icyphy/ptII/ptolemy/domains/continuous/test/auto/Integration5.xml (RunModel)" time="0.012" />
  <testcase classname="ptolemy.util.test.junit.AutoTests" name="[73] /home/travis/build/icyphy/ptII/ptolemy/domains/continuous/test/auto/IntegratorImpulse.xml (RunModel)" time="0.008" />
  <testcase classname="ptolemy.util.test.junit.AutoTests" name="[74] /home/travis/build/icyphy/ptII/ptolemy/domains/continuous/test/auto/IntegratorImpulse2.xml (RunModel)" time="0.011" />
  <testcase classname="ptolemy.util.test.junit.AutoTests" name="[75] /home/travis/build/icyphy/ptII/ptolemy/domains/continuous/test/auto/LevelCrossing1.xml (RunModel)" time="0.011" />
  <testcase classname="ptolemy.util.test.junit.AutoTests" name="[76] /home/travis/build/icyphy/ptII/ptolemy/domains/continuous/test/auto/LevelCrossing2.xml (RunModel)" time="0.015" />
  <testcase classname="ptolemy.util.test.junit.AutoTests" name="[77] /home/travis/build/icyphy/ptII/ptolemy/domains/continuous/test/auto/LevelCrossing3.xml (RunModel)" time="0.01" />
  <testcase classname="ptolemy.util.test.junit.AutoTests" name="[78] /home/travis/build/icyphy/ptII/ptolemy/domains/continuous/test/auto/LevelCrossing4.xml (RunModel)" time="0.014" />
  <testcase classname="ptolemy.util.test.junit.AutoTests" name="[79] /home/travis/build/icyphy/ptII/ptolemy/domains/continuous/test/auto/LevelCrossing5.xml (RunModel)" time="0.012" />
  <testcase classname="ptolemy.util.test.junit.AutoTests" name="[80] /home/travis/build/icyphy/ptII/ptolemy/domains/continuous/test/auto/LevelCrossing6.xml (RunModel)" time="0.012" />
  <testcase classname="ptolemy.util.test.junit.AutoTests" name="[81] /home/travis/build/icyphy/ptII/ptolemy/domains/continuous/test/auto/LevelCrossingDetector.xml (RunModel)" time="0.048" />
  <testcase classname="ptolemy.util.test.junit.AutoTests" name="[82] /home/travis/build/icyphy/ptII/ptolemy/domains/continuous/test/auto/LevelCrossingDetectorDetectingDirections.xml (RunModel)" time="0.09" />
  <testcase classname="ptolemy.util.test.junit.AutoTests" name="[83] /home/travis/build/icyphy/ptII/ptolemy/domains/continuous/test/auto/LevelCrossingDetectorDetectsGlitches.xml (RunModel)" time="0.064" />
  <testcase classname="ptolemy.util.test.junit.AutoTests" name="[84] /home/travis/build/icyphy/ptII/ptolemy/domains/continuous/test/auto/LevelCrossingNoInitialOuput.xml (RunModel)" time="0.015" />
  <testcase classname="ptolemy.util.test.junit.AutoTests" name="[85] /home/travis/build/icyphy/ptII/ptolemy/domains/continuous/test/auto/LinearStateSpaceExample.xml (RunModel)" time="0.057" />
  <testcase classname="ptolemy.util.test.junit.AutoTests" name="[86] /home/travis/build/icyphy/ptII/ptolemy/domains/continuous/test/auto/Lorenz.xml (RunModel)" time="4.275" />
  <testcase classname="ptolemy.util.test.junit.AutoTests" name="[87] /home/travis/build/icyphy/ptII/ptolemy/domains/continuous/test/auto/LorenzDifferentialSystem.xml (RunModel)" time="1.181" />
  <testcase classname="ptolemy.util.test.junit.AutoTests" name="[88] /home/travis/build/icyphy/ptII/ptolemy/domains/continuous/test/auto/LorenzDifferentialSystemWithInput.xml (RunModel)" time="1.439" />
  <testcase classname="ptolemy.util.test.junit.AutoTests" name="[89] /home/travis/build/icyphy/ptII/ptolemy/domains/continuous/test/auto/LorenzDifferentialSystemWithTime.xml (RunModel)" time="0.74" />
  <testcase classname="ptolemy.util.test.junit.AutoTests" name="[90] /home/travis/build/icyphy/ptII/ptolemy/domains/continuous/test/auto/Microsteps.xml (RunModel)" time="0.023" />
  <testcase classname="ptolemy.util.test.junit.AutoTests" name="[91] /home/travis/build/icyphy/ptII/ptolemy/domains/continuous/test/auto/Modal1.xml (RunModel)" time="0.035" />
  <testcase classname="ptolemy.util.test.junit.AutoTests" name="[92] /home/travis/build/icyphy/ptII/ptolemy/domains/continuous/test/auto/Modal2.xml (RunModel)" time="0.053" />
  <testcase classname="ptolemy.util.test.junit.AutoTests" name="[93] /home/travis/build/icyphy/ptII/ptolemy/domains/continuous/test/auto/ModalTransitionGuardWithReset.xml (RunModel)" time="0.033" />
  <testcase classname="ptolemy.util.test.junit.AutoTests" name="[94] /home/travis/build/icyphy/ptII/ptolemy/domains/continuous/test/auto/ModalTransitionGuardWithResetUsingPreemptiveTransition.xml (RunModel)" time="0.033" />
  <testcase classname="ptolemy.util.test.junit.AutoTests" name="[95] /home/travis/build/icyphy/ptII/ptolemy/domains/continuous/test/auto/ModalTransitionGuardWithResetUsingPreemptiveTransition2.xml (RunModel)" time="0.024" />
  <testcase classname="ptolemy.util.test.junit.AutoTests" name="[96] /home/travis/build/icyphy/ptII/ptolemy/domains/continuous/test/auto/ModalTransitionGuardWithResetUsingPreemptiveTransition3.xml (RunModel)" time="0.035" />
  <testcase classname="ptolemy.util.test.junit.AutoTests" name="[97] /home/travis/build/icyphy/ptII/ptolemy/domains/continuous/test/auto/NewtonsCradle.xml (RunModel)" time="0.875" />
  <testcase classname="ptolemy.util.test.junit.AutoTests" name="[98] /home/travis/build/icyphy/ptII/ptolemy/domains/continuous/test/auto/NewtonsCradleAnimated.xml (RunModel)" time="1.412" />
  <testcase classname="ptolemy.util.test.junit.AutoTests" name="[99] /home/travis/build/icyphy/ptII/ptolemy/domains/continuous/test/auto/NewtonsCradleComplicated.xml (RunModel)" time="0.973" />
  <testcase classname="ptolemy.util.test.junit.AutoTests" name="[100] /home/travis/build/icyphy/ptII/ptolemy/domains/continuous/test/auto/NewtonsCradleNondeterministic.xml (RunModel)" time="0.793" />
  <testcase classname="ptolemy.util.test.junit.AutoTests" name="[101] /home/travis/build/icyphy/ptII/ptolemy/domains/continuous/test/auto/NewtonsCradlePerfectlyInelastic1.xml (RunModel)" time="1.347" />
  <testcase classname="ptolemy.util.test.junit.AutoTests" name="[102] /home/travis/build/icyphy/ptII/ptolemy/domains/continuous/test/auto/Noise.xml (RunModel)" time="0.191" />
  <testcase classname="ptolemy.util.test.junit.AutoTests" name="[103] /home/travis/build/icyphy/ptII/ptolemy/domains/continuous/test/auto/NoiseSpectrum.xml (RunModel)" time="0.801" />
  <testcase classname="ptolemy.util.test.junit.AutoTests" name="[104] /home/travis/build/icyphy/ptII/ptolemy/domains/continuous/test/auto/ParameterizedNewtonsCradleAnimated.xml (RunModel)" time="0.391" />
  <testcase classname="ptolemy.util.test.junit.AutoTests" name="[105] /home/travis/build/icyphy/ptII/ptolemy/domains/continuous/test/auto/ParameterizedNewtonsCradleAnimatedNondeterministic.xml (RunModel)" time="1.286" />
  <testcase classname="ptolemy.util.test.junit.AutoTests" name="[106] /home/travis/build/icyphy/ptII/ptolemy/domains/continuous/test/auto/Pendulum3D.xml (RunModel)" time="0.168" />
  <testcase classname="ptolemy.util.test.junit.AutoTests" name="[107] /home/travis/build/icyphy/ptII/ptolemy/domains/continuous/test/auto/PeriodicSampler.xml (RunModel)" time="0.012" />
  <testcase classname="ptolemy.util.test.junit.AutoTests" name="[108] /home/travis/build/icyphy/ptII/ptolemy/domains/continuous/test/auto/PeriodicSampler1.xml (RunModel)" time="0.042" />
  <testcase classname="ptolemy.util.test.junit.AutoTests" name="[109] /home/travis/build/icyphy/ptII/ptolemy/domains/continuous/test/auto/PeriodicSampler2.xml (RunModel)" time="0.085" />
  <testcase classname="ptolemy.util.test.junit.AutoTests" name="[110] /home/travis/build/icyphy/ptII/ptolemy/domains/continuous/test/auto/Poisson.xml (RunModel)" time="0.47" />
  <testcase classname="ptolemy.util.test.junit.AutoTests" name="[111] /home/travis/build/icyphy/ptII/ptolemy/domains/continuous/test/auto/PoissonClock.xml (RunModel)" time="0.014" />
  <testcase classname="ptolemy.util.test.junit.AutoTests" name="[112] /home/travis/build/icyphy/ptII/ptolemy/domains/continuous/test/auto/PoissonClock2.xml (RunModel)" time="0.012" />
  <testcase classname="ptolemy.util.test.junit.AutoTests" name="[113] /home/travis/build/icyphy/ptII/ptolemy/domains/continuous/test/auto/PortParameterHierarchy.xml (RunModel)" time="0.025" />
  <testcase classname="ptolemy.util.test.junit.AutoTests" name="[114] /home/travis/build/icyphy/ptII/ptolemy/domains/continuous/test/auto/RandomHybridPlant.xml (RunModel)" time="0.572" />
  <testcase classname="ptolemy.util.test.junit.AutoTests" name="[115] /home/travis/build/icyphy/ptII/ptolemy/domains/continuous/test/auto/ResetTransitionWithStartTime1.xml (RunModel)" time="0.032" />
  <testcase classname="ptolemy.util.test.junit.AutoTests" name="[116] /home/travis/build/icyphy/ptII/ptolemy/domains/continuous/test/auto/ResetTransitionWithStartTime2.xml (RunModel)" time="0.038" />
  <testcase classname="ptolemy.util.test.junit.AutoTests" name="[117] /home/travis/build/icyphy/ptII/ptolemy/domains/continuous/test/auto/ResetTransitionWithStartTime3.xml (RunModel)" time="0.036" />
  <testcase classname="ptolemy.util.test.junit.AutoTests" name="[118] /home/travis/build/icyphy/ptII/ptolemy/domains/continuous/test/auto/ResetTransitionWithStartTime4.xml (RunModel)" time="0.028" />
  <testcase classname="ptolemy.util.test.junit.AutoTests" name="[119] /home/travis/build/icyphy/ptII/ptolemy/domains/continuous/test/auto/ResetTransitionWithStartTime5.xml (RunModel)" time="0.036" />
  <testcase classname="ptolemy.util.test.junit.AutoTests" name="[120] /home/travis/build/icyphy/ptII/ptolemy/domains/continuous/test/auto/ResetTransitionWithStartTime6.xml (RunModel)" time="0.026" />
  <testcase classname="ptolemy.util.test.junit.AutoTests" name="[121] /home/travis/build/icyphy/ptII/ptolemy/domains/continuous/test/auto/SRinContinuous.xml (RunModel)" time="0.022" />
  <testcase classname="ptolemy.util.test.junit.AutoTests" name="[122] /home/travis/build/icyphy/ptII/ptolemy/domains/continuous/test/auto/SampledClocks.xml (RunModel)" time="0.032" />
  <testcase classname="ptolemy.util.test.junit.AutoTests" name="[123] /home/travis/build/icyphy/ptII/ptolemy/domains/continuous/test/auto/Satellite.xml (RunModel)" time="0.81" />
  <testcase classname="ptolemy.util.test.junit.AutoTests" name="[124] /home/travis/build/icyphy/ptII/ptolemy/domains/continuous/test/auto/SigmaDelta.xml (RunModel)" time="2.55" />
  <testcase classname="ptolemy.util.test.junit.AutoTests" name="[125] /home/travis/build/icyphy/ptII/ptolemy/domains/continuous/test/auto/SingleRefinement.xml (RunModel)" time="0.407" />
  <testcase classname="ptolemy.util.test.junit.AutoTests" name="[126] /home/travis/build/icyphy/ptII/ptolemy/domains/continuous/test/auto/SinuBouncingBall.xml (RunModel)" time="0.894" />
  <testcase classname="ptolemy.util.test.junit.AutoTests" name="[127] /home/travis/build/icyphy/ptII/ptolemy/domains/continuous/test/auto/Sinusoid.xml (RunModel)" time="0.018" />
  <testcase classname="ptolemy.util.test.junit.AutoTests" name="[128] /home/travis/build/icyphy/ptII/ptolemy/domains/continuous/test/auto/SinusoidInNoise.xml (RunModel)" time="1.087" />
  <testcase classname="ptolemy.util.test.junit.AutoTests" name="[129] /home/travis/build/icyphy/ptII/ptolemy/domains/continuous/test/auto/SinusoidRK45.xml (RunModel)" time="0.019" />
  <testcase classname="ptolemy.util.test.junit.AutoTests" name="[130] /home/travis/build/icyphy/ptII/ptolemy/domains/continuous/test/auto/SinusoidWithMultipleImpulses.xml (RunModel)" time="0.016" />
  <testcase classname="ptolemy.util.test.junit.AutoTests" name="[131] /home/travis/build/icyphy/ptII/ptolemy/domains/continuous/test/auto/SquareWave.xml (RunModel)" time="0.198" />
  <testcase classname="ptolemy.util.test.junit.AutoTests" name="[132] /home/travis/build/icyphy/ptII/ptolemy/domains/continuous/test/auto/Starmac.xml (RunModel)" time="3.36" />
  <testcase classname="ptolemy.util.test.junit.AutoTests" name="[133] /home/travis/build/icyphy/ptII/ptolemy/domains/continuous/test/auto/StaticUnits.xml (RunModel)" time="2.829" />
  <testcase classname="ptolemy.util.test.junit.AutoTests" name="[134] /home/travis/build/icyphy/ptII/ptolemy/domains/continuous/test/auto/StickyMasses.xml (RunModel)" time="0.224" />
  <testcase classname="ptolemy.util.test.junit.AutoTests" name="[135] /home/travis/build/icyphy/ptII/ptolemy/domains/continuous/test/auto/StopTime.xml (RunModel)" time="0.072" />
  <testcase classname="ptolemy.util.test.junit.AutoTests" name="[136] /home/travis/build/icyphy/ptII/ptolemy/domains/continuous/test/auto/StopTime2.xml (RunModel)" time="0.056" />
  <testcase classname="ptolemy.util.test.junit.AutoTests" name="[137] /home/travis/build/icyphy/ptII/ptolemy/domains/continuous/test/auto/Switch.xml (RunModel)" time="0.06" />
  <testcase classname="ptolemy.util.test.junit.AutoTests" name="[138] /home/travis/build/icyphy/ptII/ptolemy/domains/continuous/test/auto/Thermostat.xml (RunModel)" time="0.197" />
  <testcase classname="ptolemy.util.test.junit.AutoTests" name="[139] /home/travis/build/icyphy/ptII/ptolemy/domains/continuous/test/auto/TimeDelay.xml (RunModel)" time="0.013" />
  <testcase classname="ptolemy.util.test.junit.AutoTests" name="[140] /home/travis/build/icyphy/ptII/ptolemy/domains/continuous/test/auto/TimeDelay2.xml (RunModel)" time="0.024" />
  <testcase classname="ptolemy.util.test.junit.AutoTests" name="[141] /home/travis/build/icyphy/ptII/ptolemy/domains/continuous/test/auto/TimeDelay3.xml (RunModel)" time="0.014" />
  <testcase classname="ptolemy.util.test.junit.AutoTests" name="[142] /home/travis/build/icyphy/ptII/ptolemy/domains/continuous/test/auto/TransferAbsentToInside.xml (RunModel)" time="0.116" />
  <testcase classname="ptolemy.util.test.junit.AutoTests" name="[143] /home/travis/build/icyphy/ptII/ptolemy/domains/continuous/test/auto/Transmission.xml (RunModel)" time="0.779" />
  <testcase classname="ptolemy.util.test.junit.AutoTests" name="[144] /home/travis/build/icyphy/ptII/ptolemy/domains/continuous/test/auto/TriggeredContinuousClock.xml (RunModel)" time="0.078" />
  <testcase classname="ptolemy.util.test.junit.AutoTests" name="[145] /home/travis/build/icyphy/ptII/ptolemy/domains/continuous/test/auto/TwoMachineInfiniteBusControl.xml (RunModel)" time="2.801" />
  <testcase classname="ptolemy.util.test.junit.AutoTests" name="[146] /home/travis/build/icyphy/ptII/ptolemy/domains/continuous/test/auto/V2V.xml (RunModel)" time="0.854" />
  <testcase classname="ptolemy.util.test.junit.AutoTests" name="[147] /home/travis/build/icyphy/ptII/ptolemy/domains/continuous/test/auto/hierarchicalModalModel.xml (RunModel)" time="0.055" />
  <testcase classname="ptolemy.util.test.junit.AutoTests" name="[148] /home/travis/build/icyphy/ptII/ptolemy/domains/continuous/test/auto/hierarchicalModalModel1.xml (RunModel)" time="0.028" />
  <testcase classname="ptolemy.util.test.junit.AutoTests" name="[149] /home/travis/build/icyphy/ptII/ptolemy/domains/continuous/test/auto/hierarchicalModalModel2.xml (RunModel)" time="0.033" />
  <testcase classname="ptolemy.util.test.junit.AutoTests" name="[150] /home/travis/build/icyphy/ptII/ptolemy/domains/continuous/test/auto/hierarchicalModalModel3.xml (RunModel)" time="0.022" />
  <testcase classname="ptolemy.util.test.junit.AutoTests" name="[151] /home/travis/build/icyphy/ptII/ptolemy/domains/continuous/test/auto/hierarchicalModalModel4.xml (RunModel)" time="0.024" />
  <testcase classname="ptolemy.util.test.junit.AutoTests" name="[152] /home/travis/build/icyphy/ptII/ptolemy/domains/continuous/test/auto/junk.xml (RunModel)" time="0.153" />
  <system-out><![CDATA[No tcl tests in /home/travis/build/icyphy/ptII/ptolemy/domains/continuous/test
No auto/knownFailedTests/*.xml tests in /home/travis/build/icyphy/ptII/ptolemy/domains/continuous/test
No auto/linux-amd64/*.xml tests in /home/travis/build/icyphy/ptII/ptolemy/domains/continuous/test
AutoTests.java: About to close Vertx.
AutoTests.java: Vertx closed.

===========================================================================================
----------------- testing Wed Jul 10 05:18:23 UTC 2019 /home/travis/build/icyphy/ptII/ptolemy/domains/continuous/test/auto/BouncingBall.xml
----------------- Instantiating /home/travis/build/icyphy/ptII/ptolemy/domains/continuous/test/auto/BouncingBall.xml
2614 ms. Memory: 211968K Free: 173024K (82%)
----------------- Invoking toplevel() on ptolemy.moml.MoMLSimpleApplication@3fb1e493
----------------- Done invoking toplevel() on ptolemy.moml.MoMLSimpleApplication@3fb1e493
reloadAllAccessors: .BouncingBall

===========================================================================================
----------------- testing Wed Jul 10 05:18:26 UTC 2019 /home/travis/build/icyphy/ptII/ptolemy/domains/continuous/test/auto/BouncingBallWithoutGR.xml
----------------- Instantiating /home/travis/build/icyphy/ptII/ptolemy/domains/continuous/test/auto/BouncingBallWithoutGR.xml
786 ms. Memory: 211968K Free: 118348K (56%)
----------------- Invoking toplevel() on ptolemy.moml.MoMLSimpleApplication@48168c95
----------------- Done invoking toplevel() on ptolemy.moml.MoMLSimpleApplication@48168c95
reloadAllAccessors: .BouncingBallWithoutGR

===========================================================================================
----------------- testing Wed Jul 10 05:18:27 UTC 2019 /home/travis/build/icyphy/ptII/ptolemy/domains/continuous/test/auto/Brownian.xml
----------------- Instantiating /home/travis/build/icyphy/ptII/ptolemy/domains/continuous/test/auto/Brownian.xml
32 ms. Memory: 211968K Free: 109642K (52%)
----------------- Invoking toplevel() on ptolemy.moml.MoMLSimpleApplication@5be322d8
----------------- Done invoking toplevel() on ptolemy.moml.MoMLSimpleApplication@5be322d8
reloadAllAccessors: .Brownian

===========================================================================================
----------------- testing Wed Jul 10 05:18:27 UTC 2019 /home/travis/build/icyphy/ptII/ptolemy/domains/continuous/test/auto/CarTracking.xml
----------------- Instantiating /home/travis/build/icyphy/ptII/ptolemy/domains/continuous/test/auto/CarTracking.xml
3715 ms. Memory: 306176K Free: 202053K (66%)
----------------- Invoking toplevel() on ptolemy.moml.MoMLSimpleApplication@699fd61d
----------------- Done invoking toplevel() on ptolemy.moml.MoMLSimpleApplication@699fd61d
reloadAllAccessors: .CarTracking

===========================================================================================
----------------- testing Wed Jul 10 05:18:31 UTC 2019 /home/travis/build/icyphy/ptII/ptolemy/domains/continuous/test/auto/CartPendulum.xml
----------------- Instantiating /home/travis/build/icyphy/ptII/ptolemy/domains/continuous/test/auto/CartPendulum.xml
469 ms. Memory: 306176K Free: 290962K (95%)
----------------- Invoking toplevel() on ptolemy.moml.MoMLSimpleApplication@342ae7d7
----------------- Done invoking toplevel() on ptolemy.moml.MoMLSimpleApplication@342ae7d7
reloadAllAccessors: .CartPendulum

===========================================================================================
----------------- testing Wed Jul 10 05:18:32 UTC 2019 /home/travis/build/icyphy/ptII/ptolemy/domains/continuous/test/auto/CausalityInterface10.xml
----------------- Instantiating /home/travis/build/icyphy/ptII/ptolemy/domains/continuous/test/auto/CausalityInterface10.xml
12 ms. Memory: 306176K Free: 280208K (92%)
----------------- Invoking toplevel() on ptolemy.moml.MoMLSimpleApplication@535a8364
----------------- Done invoking toplevel() on ptolemy.moml.MoMLSimpleApplication@535a8364
reloadAllAccessors: .CausalityInterface10

===========================================================================================
----------------- testing Wed Jul 10 05:18:32 UTC 2019 /home/travis/build/icyphy/ptII/ptolemy/domains/continuous/test/auto/CausalityInterface11.xml
----------------- Instantiating /home/travis/build/icyphy/ptII/ptolemy/domains/continuous/test/auto/CausalityInterface11.xml
6 ms. Memory: 306176K Free: 274049K (90%)
----------------- Invoking toplevel() on ptolemy.moml.MoMLSimpleApplication@4579b01d
----------------- Done invoking toplevel() on ptolemy.moml.MoMLSimpleApplication@4579b01d
reloadAllAccessors: .CausalityInterface11

===========================================================================================
----------------- testing Wed Jul 10 05:18:32 UTC 2019 /home/travis/build/icyphy/ptII/ptolemy/domains/continuous/test/auto/CausalityInterface12.xml
----------------- Instantiating /home/travis/build/icyphy/ptII/ptolemy/domains/continuous/test/auto/CausalityInterface12.xml
8 ms. Memory: 306176K Free: 267905K (88%)
----------------- Invoking toplevel() on ptolemy.moml.MoMLSimpleApplication@cf79d3
----------------- Done invoking toplevel() on ptolemy.moml.MoMLSimpleApplication@cf79d3
reloadAllAccessors: .CausalityInterface12

===========================================================================================
----------------- testing Wed Jul 10 05:18:32 UTC 2019 /home/travis/build/icyphy/ptII/ptolemy/domains/continuous/test/auto/CausalityInterface13.xml
----------------- Instantiating /home/travis/build/icyphy/ptII/ptolemy/domains/continuous/test/auto/CausalityInterface13.xml
6 ms. Memory: 306176K Free: 261776K (85%)
----------------- Invoking toplevel() on ptolemy.moml.MoMLSimpleApplication@2860d412
----------------- Done invoking toplevel() on ptolemy.moml.MoMLSimpleApplication@2860d412
reloadAllAccessors: .CausalityInterface13

===========================================================================================
----------------- testing Wed Jul 10 05:18:32 UTC 2019 /home/travis/build/icyphy/ptII/ptolemy/domains/continuous/test/auto/CausalityInterface14.xml
----------------- Instantiating /home/travis/build/icyphy/ptII/ptolemy/domains/continuous/test/auto/CausalityInterface14.xml
3 ms. Memory: 306176K Free: 256146K (84%)
----------------- Invoking toplevel() on ptolemy.moml.MoMLSimpleApplication@68a39b1a
----------------- Done invoking toplevel() on ptolemy.moml.MoMLSimpleApplication@68a39b1a
reloadAllAccessors: .CausalityInterface14

===========================================================================================
----------------- testing Wed Jul 10 05:18:32 UTC 2019 /home/travis/build/icyphy/ptII/ptolemy/domains/continuous/test/auto/CausalityInterface4.xml
----------------- Instantiating /home/travis/build/icyphy/ptII/ptolemy/domains/continuous/test/auto/CausalityInterface4.xml
4 ms. Memory: 306176K Free: 248978K (81%)
----------------- Invoking toplevel() on ptolemy.moml.MoMLSimpleApplication@4c0dd2ab
----------------- Done invoking toplevel() on ptolemy.moml.MoMLSimpleApplication@4c0dd2ab
reloadAllAccessors: .CausalityInterface4

===========================================================================================
----------------- testing Wed Jul 10 05:18:32 UTC 2019 /home/travis/build/icyphy/ptII/ptolemy/domains/continuous/test/auto/CausalityInterface5.xml
----------------- Instantiating /home/travis/build/icyphy/ptII/ptolemy/domains/continuous/test/auto/CausalityInterface5.xml
9 ms. Memory: 306176K Free: 240786K (79%)
----------------- Invoking toplevel() on ptolemy.moml.MoMLSimpleApplication@1137e08
----------------- Done invoking toplevel() on ptolemy.moml.MoMLSimpleApplication@1137e08
reloadAllAccessors: .CausalityInterface5

===========================================================================================
----------------- testing Wed Jul 10 05:18:32 UTC 2019 /home/travis/build/icyphy/ptII/ptolemy/domains/continuous/test/auto/CausalityInterface6.xml
----------------- Instantiating /home/travis/build/icyphy/ptII/ptolemy/domains/continuous/test/auto/CausalityInterface6.xml
3 ms. Memory: 306176K Free: 235666K (77%)
----------------- Invoking toplevel() on ptolemy.moml.MoMLSimpleApplication@27c7b2c4
----------------- Done invoking toplevel() on ptolemy.moml.MoMLSimpleApplication@27c7b2c4
reloadAllAccessors: .CausalityInterface6

===========================================================================================
----------------- testing Wed Jul 10 05:18:32 UTC 2019 /home/travis/build/icyphy/ptII/ptolemy/domains/continuous/test/auto/CausalityInterface7.xml
----------------- Instantiating /home/travis/build/icyphy/ptII/ptolemy/domains/continuous/test/auto/CausalityInterface7.xml
10 ms. Memory: 306176K Free: 226960K (74%)
----------------- Invoking toplevel() on ptolemy.moml.MoMLSimpleApplication@935a904
----------------- Done invoking toplevel() on ptolemy.moml.MoMLSimpleApplication@935a904
reloadAllAccessors: .CausalityInterface7

===========================================================================================
----------------- testing Wed Jul 10 05:18:32 UTC 2019 /home/travis/build/icyphy/ptII/ptolemy/domains/continuous/test/auto/CausalityInterface8.xml
----------------- Instantiating /home/travis/build/icyphy/ptII/ptolemy/domains/continuous/test/auto/CausalityInterface8.xml
6 ms. Memory: 306176K Free: 217744K (71%)
----------------- Invoking toplevel() on ptolemy.moml.MoMLSimpleApplication@3661525b
----------------- Done invoking toplevel() on ptolemy.moml.MoMLSimpleApplication@3661525b
reloadAllAccessors: .CausalityInterface8

===========================================================================================
----------------- testing Wed Jul 10 05:18:32 UTC 2019 /home/travis/build/icyphy/ptII/ptolemy/domains/continuous/test/auto/CausalityInterface9.xml
----------------- Instantiating /home/travis/build/icyphy/ptII/ptolemy/domains/continuous/test/auto/CausalityInterface9.xml
14 ms. Memory: 306176K Free: 206994K (68%)
----------------- Invoking toplevel() on ptolemy.moml.MoMLSimpleApplication@158cd08b
----------------- Done invoking toplevel() on ptolemy.moml.MoMLSimpleApplication@158cd08b
reloadAllAccessors: .CausalityInterface9

===========================================================================================
----------------- testing Wed Jul 10 05:18:32 UTC 2019 /home/travis/build/icyphy/ptII/ptolemy/domains/continuous/test/auto/CausalityInterfaceFeedback1.xml
----------------- Instantiating /home/travis/build/icyphy/ptII/ptolemy/domains/continuous/test/auto/CausalityInterfaceFeedback1.xml
5 ms. Memory: 306176K Free: 200305K (65%)
----------------- Invoking toplevel() on ptolemy.moml.MoMLSimpleApplication@197fb421
----------------- Done invoking toplevel() on ptolemy.moml.MoMLSimpleApplication@197fb421
reloadAllAccessors: .CausalityInterfaceFeedback1

===========================================================================================
----------------- testing Wed Jul 10 05:18:32 UTC 2019 /home/travis/build/icyphy/ptII/ptolemy/domains/continuous/test/auto/CausalityInterfaceFeedback2.xml
----------------- Instantiating /home/travis/build/icyphy/ptII/ptolemy/domains/continuous/test/auto/CausalityInterfaceFeedback2.xml
5 ms. Memory: 306176K Free: 193682K (63%)
----------------- Invoking toplevel() on ptolemy.moml.MoMLSimpleApplication@129e4e53
----------------- Done invoking toplevel() on ptolemy.moml.MoMLSimpleApplication@129e4e53
reloadAllAccessors: .CausalityInterfaceFeedback2

===========================================================================================
----------------- testing Wed Jul 10 05:18:32 UTC 2019 /home/travis/build/icyphy/ptII/ptolemy/domains/continuous/test/auto/CompareWithCurrentTime.xml
----------------- Instantiating /home/travis/build/icyphy/ptII/ptolemy/domains/continuous/test/auto/CompareWithCurrentTime.xml
3 ms. Memory: 306176K Free: 189586K (62%)
----------------- Invoking toplevel() on ptolemy.moml.MoMLSimpleApplication@5bbf4d84
----------------- Done invoking toplevel() on ptolemy.moml.MoMLSimpleApplication@5bbf4d84
reloadAllAccessors: .CompareWithCurrentTime

===========================================================================================
----------------- testing Wed Jul 10 05:18:32 UTC 2019 /home/travis/build/icyphy/ptII/ptolemy/domains/continuous/test/auto/ComparedClocks.xml
----------------- Instantiating /home/travis/build/icyphy/ptII/ptolemy/domains/continuous/test/auto/ComparedClocks.xml
6 ms. Memory: 306176K Free: 174226K (57%)
----------------- Invoking toplevel() on ptolemy.moml.MoMLSimpleApplication@6e352104
----------------- Done invoking toplevel() on ptolemy.moml.MoMLSimpleApplication@6e352104
reloadAllAccessors: .ComparedClocks

===========================================================================================
----------------- testing Wed Jul 10 05:18:32 UTC 2019 /home/travis/build/icyphy/ptII/ptolemy/domains/continuous/test/auto/ContinuousAOCClone.xml
----------------- Instantiating /home/travis/build/icyphy/ptII/ptolemy/domains/continuous/test/auto/ContinuousAOCClone.xml
2603 ms. Memory: 367616K Free: 245585K (67%)
----------------- Invoking toplevel() on ptolemy.moml.MoMLSimpleApplication@2947e5b5
----------------- Done invoking toplevel() on ptolemy.moml.MoMLSimpleApplication@2947e5b5
reloadAllAccessors: .ContinuousAOCClone

===========================================================================================
----------------- testing Wed Jul 10 05:18:35 UTC 2019 /home/travis/build/icyphy/ptII/ptolemy/domains/continuous/test/auto/ContinuousClock.xml
----------------- Instantiating /home/travis/build/icyphy/ptII/ptolemy/domains/continuous/test/auto/ContinuousClock.xml
33 ms. Memory: 367616K Free: 223567K (61%)
----------------- Invoking toplevel() on ptolemy.moml.MoMLSimpleApplication@4cce9f2d
----------------- Done invoking toplevel() on ptolemy.moml.MoMLSimpleApplication@4cce9f2d
reloadAllAccessors: .ContinuousClock

===========================================================================================
----------------- testing Wed Jul 10 05:18:35 UTC 2019 /home/travis/build/icyphy/ptII/ptolemy/domains/continuous/test/auto/ContinuousInContinuous.xml
----------------- Instantiating /home/travis/build/icyphy/ptII/ptolemy/domains/continuous/test/auto/ContinuousInContinuous.xml
48 ms. Memory: 367616K Free: 200001K (54%)
----------------- Invoking toplevel() on ptolemy.moml.MoMLSimpleApplication@2577d01a
----------------- Done invoking toplevel() on ptolemy.moml.MoMLSimpleApplication@2577d01a
reloadAllAccessors: .ContinuousInContinuous

===========================================================================================
----------------- testing Wed Jul 10 05:18:35 UTC 2019 /home/travis/build/icyphy/ptII/ptolemy/domains/continuous/test/auto/ContinuousInContinuousInContinuous.xml
----------------- Instantiating /home/travis/build/icyphy/ptII/ptolemy/domains/continuous/test/auto/ContinuousInContinuousInContinuous.xml
5 ms. Memory: 367616K Free: 191823K (52%)
----------------- Invoking toplevel() on ptolemy.moml.MoMLSimpleApplication@4d132dee
----------------- Done invoking toplevel() on ptolemy.moml.MoMLSimpleApplication@4d132dee
reloadAllAccessors: .ContinuousInContinuousInContinuous

===========================================================================================
----------------- testing Wed Jul 10 05:18:35 UTC 2019 /home/travis/build/icyphy/ptII/ptolemy/domains/continuous/test/auto/ContinuousInDE.xml
----------------- Instantiating /home/travis/build/icyphy/ptII/ptolemy/domains/continuous/test/auto/ContinuousInDE.xml
106 ms. Memory: 367616K Free: 181073K (49%)
----------------- Invoking toplevel() on ptolemy.moml.MoMLSimpleApplication@e87a1b2
----------------- Done invoking toplevel() on ptolemy.moml.MoMLSimpleApplication@e87a1b2
reloadAllAccessors: .ContinuousInDE

===========================================================================================
----------------- testing Wed Jul 10 05:18:36 UTC 2019 /home/travis/build/icyphy/ptII/ptolemy/domains/continuous/test/auto/ContinuousInDE2.xml
----------------- Instantiating /home/travis/build/icyphy/ptII/ptolemy/domains/continuous/test/auto/ContinuousInDE2.xml
35 ms. Memory: 367616K Free: 171343K (47%)
----------------- Invoking toplevel() on ptolemy.moml.MoMLSimpleApplication@38787a16
----------------- Done invoking toplevel() on ptolemy.moml.MoMLSimpleApplication@38787a16
reloadAllAccessors: .ContinuousInDE2

===========================================================================================
----------------- testing Wed Jul 10 05:18:36 UTC 2019 /home/travis/build/icyphy/ptII/ptolemy/domains/continuous/test/auto/ContinuousInDE3.xml
----------------- Instantiating /home/travis/build/icyphy/ptII/ptolemy/domains/continuous/test/auto/ContinuousInDE3.xml
38 ms. Memory: 367616K Free: 161617K (44%)
----------------- Invoking toplevel() on ptolemy.moml.MoMLSimpleApplication@1419834c
----------------- Done invoking toplevel() on ptolemy.moml.MoMLSimpleApplication@1419834c
reloadAllAccessors: .ContinuousInDE3

===========================================================================================
----------------- testing Wed Jul 10 05:18:36 UTC 2019 /home/travis/build/icyphy/ptII/ptolemy/domains/continuous/test/auto/ContinuousInDE4.xml
----------------- Instantiating /home/travis/build/icyphy/ptII/ptolemy/domains/continuous/test/auto/ContinuousInDE4.xml
18 ms. Memory: 367616K Free: 155473K (42%)
----------------- Invoking toplevel() on ptolemy.moml.MoMLSimpleApplication@2f9deccf
----------------- Done invoking toplevel() on ptolemy.moml.MoMLSimpleApplication@2f9deccf
reloadAllAccessors: .ContinuousInDE4

===========================================================================================
----------------- testing Wed Jul 10 05:18:36 UTC 2019 /home/travis/build/icyphy/ptII/ptolemy/domains/continuous/test/auto/ContinuousInDEDifferentRefinements.xml
----------------- Instantiating /home/travis/build/icyphy/ptII/ptolemy/domains/continuous/test/auto/ContinuousInDEDifferentRefinements.xml
60 ms. Memory: 367616K Free: 342933K (93%)
----------------- Invoking toplevel() on ptolemy.moml.MoMLSimpleApplication@5a96bdfc
----------------- Done invoking toplevel() on ptolemy.moml.MoMLSimpleApplication@5a96bdfc
reloadAllAccessors: .ContinuousInDEDifferentRefinements

===========================================================================================
----------------- testing Wed Jul 10 05:18:36 UTC 2019 /home/travis/build/icyphy/ptII/ptolemy/domains/continuous/test/auto/ContinuousInDEDifferentRefinementsPreemptive.xml
----------------- Instantiating /home/travis/build/icyphy/ptII/ptolemy/domains/continuous/test/auto/ContinuousInDEDifferentRefinementsPreemptive.xml
49 ms. Memory: 367616K Free: 311546K (85%)
----------------- Invoking toplevel() on ptolemy.moml.MoMLSimpleApplication@6b4a57b1
----------------- Done invoking toplevel() on ptolemy.moml.MoMLSimpleApplication@6b4a57b1
reloadAllAccessors: .ContinuousInDEDifferentRefinementsPreemptive

===========================================================================================
----------------- testing Wed Jul 10 05:18:36 UTC 2019 /home/travis/build/icyphy/ptII/ptolemy/domains/continuous/test/auto/ContinuousInDEInContinuous2.xml
----------------- Instantiating /home/travis/build/icyphy/ptII/ptolemy/domains/continuous/test/auto/ContinuousInDEInContinuous2.xml
36 ms. Memory: 367616K Free: 300282K (82%)
----------------- Invoking toplevel() on ptolemy.moml.MoMLSimpleApplication@23ecdd8f
----------------- Done invoking toplevel() on ptolemy.moml.MoMLSimpleApplication@23ecdd8f
reloadAllAccessors: .ContinuousInDEInContinuous2

===========================================================================================
----------------- testing Wed Jul 10 05:18:36 UTC 2019 /home/travis/build/icyphy/ptII/ptolemy/domains/continuous/test/auto/ContinuousInDEInContinuous3.xml
----------------- Instantiating /home/travis/build/icyphy/ptII/ptolemy/domains/continuous/test/auto/ContinuousInDEInContinuous3.xml
34 ms. Memory: 367616K Free: 287994K (78%)
----------------- Invoking toplevel() on ptolemy.moml.MoMLSimpleApplication@6c78ff70
----------------- Done invoking toplevel() on ptolemy.moml.MoMLSimpleApplication@6c78ff70
reloadAllAccessors: .ContinuousInDEInContinuous3

===========================================================================================
----------------- testing Wed Jul 10 05:18:36 UTC 2019 /home/travis/build/icyphy/ptII/ptolemy/domains/continuous/test/auto/ContinuousInDEInput.xml
----------------- Instantiating /home/travis/build/icyphy/ptII/ptolemy/domains/continuous/test/auto/ContinuousInDEInput.xml
17 ms. Memory: 367616K Free: 280826K (76%)
----------------- Invoking toplevel() on ptolemy.moml.MoMLSimpleApplication@ed10aa3
----------------- Done invoking toplevel() on ptolemy.moml.MoMLSimpleApplication@ed10aa3
reloadAllAccessors: .ContinuousInDEInput

===========================================================================================
----------------- testing Wed Jul 10 05:18:36 UTC 2019 /home/travis/build/icyphy/ptII/ptolemy/domains/continuous/test/auto/ContinuousInDEInput2.xml
----------------- Instantiating /home/travis/build/icyphy/ptII/ptolemy/domains/continuous/test/auto/ContinuousInDEInput2.xml
16 ms. Memory: 367616K Free: 273658K (74%)
----------------- Invoking toplevel() on ptolemy.moml.MoMLSimpleApplication@ca0e372
----------------- Done invoking toplevel() on ptolemy.moml.MoMLSimpleApplication@ca0e372
reloadAllAccessors: .ContinuousInDEInput2

===========================================================================================
----------------- testing Wed Jul 10 05:18:36 UTC 2019 /home/travis/build/icyphy/ptII/ptolemy/domains/continuous/test/auto/ContinuousInDEInput3.xml
----------------- Instantiating /home/travis/build/icyphy/ptII/ptolemy/domains/continuous/test/auto/ContinuousInDEInput3.xml
12 ms. Memory: 367616K Free: 266490K (72%)
----------------- Invoking toplevel() on ptolemy.moml.MoMLSimpleApplication@67d69be9
----------------- Done invoking toplevel() on ptolemy.moml.MoMLSimpleApplication@67d69be9
reloadAllAccessors: .ContinuousInDEInput3

===========================================================================================
----------------- testing Wed Jul 10 05:18:36 UTC 2019 /home/travis/build/icyphy/ptII/ptolemy/domains/continuous/test/auto/ContinuousInDESharingRefinement.xml
----------------- Instantiating /home/travis/build/icyphy/ptII/ptolemy/domains/continuous/test/auto/ContinuousInDESharingRefinement.xml
162 ms. Memory: 367616K Free: 172282K (47%)
----------------- Invoking toplevel() on ptolemy.moml.MoMLSimpleApplication@6d4d8c28
----------------- Done invoking toplevel() on ptolemy.moml.MoMLSimpleApplication@6d4d8c28
reloadAllAccessors: .ContinuousInDESharingRefinement

===========================================================================================
----------------- testing Wed Jul 10 05:18:36 UTC 2019 /home/travis/build/icyphy/ptII/ptolemy/domains/continuous/test/auto/ContinuousInDEwithNoPorts.xml
----------------- Instantiating /home/travis/build/icyphy/ptII/ptolemy/domains/continuous/test/auto/ContinuousInDEwithNoPorts.xml
7 ms. Memory: 367616K Free: 168186K (46%)
----------------- Invoking toplevel() on ptolemy.moml.MoMLSimpleApplication@23b1eb0c
----------------- Done invoking toplevel() on ptolemy.moml.MoMLSimpleApplication@23b1eb0c
reloadAllAccessors: .ContinuousInDEwithNoPorts

===========================================================================================
----------------- testing Wed Jul 10 05:18:36 UTC 2019 /home/travis/build/icyphy/ptII/ptolemy/domains/continuous/test/auto/ContinuousInsideDE.xml
----------------- Instantiating /home/travis/build/icyphy/ptII/ptolemy/domains/continuous/test/auto/ContinuousInsideDE.xml
35 ms. Memory: 367616K Free: 156922K (43%)
----------------- Invoking toplevel() on ptolemy.moml.MoMLSimpleApplication@cee846b
----------------- Done invoking toplevel() on ptolemy.moml.MoMLSimpleApplication@cee846b
reloadAllAccessors: .ContinuousInsideDE

===========================================================================================
----------------- testing Wed Jul 10 05:18:37 UTC 2019 /home/travis/build/icyphy/ptII/ptolemy/domains/continuous/test/auto/ContinuousMerge1.xml
----------------- Instantiating /home/travis/build/icyphy/ptII/ptolemy/domains/continuous/test/auto/ContinuousMerge1.xml
3 ms. Memory: 367616K Free: 152281K (41%)
----------------- Invoking toplevel() on ptolemy.moml.MoMLSimpleApplication@507a4bab
----------------- Done invoking toplevel() on ptolemy.moml.MoMLSimpleApplication@507a4bab
reloadAllAccessors: .ContinuousMerge1

===========================================================================================
----------------- testing Wed Jul 10 05:18:37 UTC 2019 /home/travis/build/icyphy/ptII/ptolemy/domains/continuous/test/auto/ContinuousMerge2.xml
----------------- Instantiating /home/travis/build/icyphy/ptII/ptolemy/domains/continuous/test/auto/ContinuousMerge2.xml
14 ms. Memory: 367616K Free: 141562K (39%)
----------------- Invoking toplevel() on ptolemy.moml.MoMLSimpleApplication@1709a136
----------------- Done invoking toplevel() on ptolemy.moml.MoMLSimpleApplication@1709a136
reloadAllAccessors: .ContinuousMerge2

===========================================================================================
----------------- testing Wed Jul 10 05:18:37 UTC 2019 /home/travis/build/icyphy/ptII/ptolemy/domains/continuous/test/auto/ContinuousMerge3.xml
----------------- Instantiating /home/travis/build/icyphy/ptII/ptolemy/domains/continuous/test/auto/ContinuousMerge3.xml
61 ms. Memory: 367616K Free: 349722K (95%)
----------------- Invoking toplevel() on ptolemy.moml.MoMLSimpleApplication@25403f14
----------------- Done invoking toplevel() on ptolemy.moml.MoMLSimpleApplication@25403f14
reloadAllAccessors: .ContinuousMerge3

===========================================================================================
----------------- testing Wed Jul 10 05:18:37 UTC 2019 /home/travis/build/icyphy/ptII/ptolemy/domains/continuous/test/auto/ContinuousWithinContinuous.xml
----------------- Instantiating /home/travis/build/icyphy/ptII/ptolemy/domains/continuous/test/auto/ContinuousWithinContinuous.xml
40 ms. Memory: 367616K Free: 339994K (92%)
----------------- Invoking toplevel() on ptolemy.moml.MoMLSimpleApplication@650a0304
----------------- Done invoking toplevel() on ptolemy.moml.MoMLSimpleApplication@650a0304
reloadAllAccessors: .ContinuousWithinContinuous

===========================================================================================
----------------- testing Wed Jul 10 05:18:37 UTC 2019 /home/travis/build/icyphy/ptII/ptolemy/domains/continuous/test/auto/ContinuousWithinContinuous2.xml
----------------- Instantiating /home/travis/build/icyphy/ptII/ptolemy/domains/continuous/test/auto/ContinuousWithinContinuous2.xml
73 ms. Memory: 367616K Free: 328730K (89%)
----------------- Invoking toplevel() on ptolemy.moml.MoMLSimpleApplication@5e95a168
----------------- Done invoking toplevel() on ptolemy.moml.MoMLSimpleApplication@5e95a168
reloadAllAccessors: .ContinuousWithinContinuous2

===========================================================================================
----------------- testing Wed Jul 10 05:18:37 UTC 2019 /home/travis/build/icyphy/ptII/ptolemy/domains/continuous/test/auto/ContinuousWithinContinuous3.xml
----------------- Instantiating /home/travis/build/icyphy/ptII/ptolemy/domains/continuous/test/auto/ContinuousWithinContinuous3.xml
14 ms. Memory: 367616K Free: 322072K (88%)
----------------- Invoking toplevel() on ptolemy.moml.MoMLSimpleApplication@5991ab86
----------------- Done invoking toplevel() on ptolemy.moml.MoMLSimpleApplication@5991ab86
reloadAllAccessors: .ContinuousWithinContinuous3

===========================================================================================
----------------- testing Wed Jul 10 05:18:37 UTC 2019 /home/travis/build/icyphy/ptII/ptolemy/domains/continuous/test/auto/ContinuousWithinContinuous4.xml
----------------- Instantiating /home/travis/build/icyphy/ptII/ptolemy/domains/continuous/test/auto/ContinuousWithinContinuous4.xml
78 ms. Memory: 367616K Free: 309784K (84%)
----------------- Invoking toplevel() on ptolemy.moml.MoMLSimpleApplication@2f98dab6
----------------- Done invoking toplevel() on ptolemy.moml.MoMLSimpleApplication@2f98dab6
reloadAllAccessors: .ContinuousWithinContinuous4

===========================================================================================
----------------- testing Wed Jul 10 05:18:37 UTC 2019 /home/travis/build/icyphy/ptII/ptolemy/domains/continuous/test/auto/ContinuousWithinContinuous5.xml
----------------- Instantiating /home/travis/build/icyphy/ptII/ptolemy/domains/continuous/test/auto/ContinuousWithinContinuous5.xml
13 ms. Memory: 367616K Free: 302616K (82%)
----------------- Invoking toplevel() on ptolemy.moml.MoMLSimpleApplication@54862fc2
----------------- Done invoking toplevel() on ptolemy.moml.MoMLSimpleApplication@54862fc2
reloadAllAccessors: .ContinuousWithinContinuous5

===========================================================================================
----------------- testing Wed Jul 10 05:18:37 UTC 2019 /home/travis/build/icyphy/ptII/ptolemy/domains/continuous/test/auto/ContinuousWithinContinuous6.xml
----------------- Instantiating /home/travis/build/icyphy/ptII/ptolemy/domains/continuous/test/auto/ContinuousWithinContinuous6.xml
10 ms. Memory: 367616K Free: 295448K (80%)
----------------- Invoking toplevel() on ptolemy.moml.MoMLSimpleApplication@7e396c97
----------------- Done invoking toplevel() on ptolemy.moml.MoMLSimpleApplication@7e396c97
reloadAllAccessors: .ContinuousWithinContinuous6

===========================================================================================
----------------- testing Wed Jul 10 05:18:37 UTC 2019 /home/travis/build/icyphy/ptII/ptolemy/domains/continuous/test/auto/ContinuousWithinContinuous7.xml
----------------- Instantiating /home/travis/build/icyphy/ptII/ptolemy/domains/continuous/test/auto/ContinuousWithinContinuous7.xml
55 ms. Memory: 367616K Free: 284184K (77%)
----------------- Invoking toplevel() on ptolemy.moml.MoMLSimpleApplication@273aeee3
----------------- Done invoking toplevel() on ptolemy.moml.MoMLSimpleApplication@273aeee3
reloadAllAccessors: .ContinuousWithinContinuous7

===========================================================================================
----------------- testing Wed Jul 10 05:18:37 UTC 2019 /home/travis/build/icyphy/ptII/ptolemy/domains/continuous/test/auto/DCMotor.xml
----------------- Instantiating /home/travis/build/icyphy/ptII/ptolemy/domains/continuous/test/auto/DCMotor.xml
15676 ms. Memory: 367616K Free: 273265K (74%)
----------------- Invoking toplevel() on ptolemy.moml.MoMLSimpleApplication@59c0332a
----------------- Done invoking toplevel() on ptolemy.moml.MoMLSimpleApplication@59c0332a
reloadAllAccessors: .DCMotor

===========================================================================================
----------------- testing Wed Jul 10 05:18:53 UTC 2019 /home/travis/build/icyphy/ptII/ptolemy/domains/continuous/test/auto/DEInContinuous.xml
----------------- Instantiating /home/travis/build/icyphy/ptII/ptolemy/domains/continuous/test/auto/DEInContinuous.xml
9 ms. Memory: 367616K Free: 267121K (73%)
----------------- Invoking toplevel() on ptolemy.moml.MoMLSimpleApplication@5a48727c
----------------- Done invoking toplevel() on ptolemy.moml.MoMLSimpleApplication@5a48727c
reloadAllAccessors: .DEInContinuous

===========================================================================================
----------------- testing Wed Jul 10 05:18:53 UTC 2019 /home/travis/build/icyphy/ptII/ptolemy/domains/continuous/test/auto/DEinContinuous2.xml
----------------- Instantiating /home/travis/build/icyphy/ptII/ptolemy/domains/continuous/test/auto/DEinContinuous2.xml
6 ms. Memory: 367616K Free: 259425K (71%)
----------------- Invoking toplevel() on ptolemy.moml.MoMLSimpleApplication@5f73d8b9
----------------- Done invoking toplevel() on ptolemy.moml.MoMLSimpleApplication@5f73d8b9
reloadAllAccessors: .DEinContinuous2

===========================================================================================
----------------- testing Wed Jul 10 05:18:53 UTC 2019 /home/travis/build/icyphy/ptII/ptolemy/domains/continuous/test/auto/Derivative.xml
----------------- Instantiating /home/travis/build/icyphy/ptII/ptolemy/domains/continuous/test/auto/Derivative.xml
151 ms. Memory: 367616K Free: 230257K (63%)
----------------- Invoking toplevel() on ptolemy.moml.MoMLSimpleApplication@467a6338
----------------- Done invoking toplevel() on ptolemy.moml.MoMLSimpleApplication@467a6338
reloadAllAccessors: .Derivative2

===========================================================================================
----------------- testing Wed Jul 10 05:18:53 UTC 2019 /home/travis/build/icyphy/ptII/ptolemy/domains/continuous/test/auto/Derivative1.xml
----------------- Instantiating /home/travis/build/icyphy/ptII/ptolemy/domains/continuous/test/auto/Derivative1.xml
13 ms. Memory: 367616K Free: 215921K (59%)
----------------- Invoking toplevel() on ptolemy.moml.MoMLSimpleApplication@2fa6bd21
----------------- Done invoking toplevel() on ptolemy.moml.MoMLSimpleApplication@2fa6bd21
reloadAllAccessors: .Derivative1

===========================================================================================
----------------- testing Wed Jul 10 05:18:53 UTC 2019 /home/travis/build/icyphy/ptII/ptolemy/domains/continuous/test/auto/DiscreteClock.xml
----------------- Instantiating /home/travis/build/icyphy/ptII/ptolemy/domains/continuous/test/auto/DiscreteClock.xml
3 ms. Memory: 367616K Free: 210801K (57%)
----------------- Invoking toplevel() on ptolemy.moml.MoMLSimpleApplication@61389d0e
----------------- Done invoking toplevel() on ptolemy.moml.MoMLSimpleApplication@61389d0e
reloadAllAccessors: .DiscreteClock

===========================================================================================
----------------- testing Wed Jul 10 05:18:53 UTC 2019 /home/travis/build/icyphy/ptII/ptolemy/domains/continuous/test/auto/EfficiencyCurve.xml
----------------- Instantiating /home/travis/build/icyphy/ptII/ptolemy/domains/continuous/test/auto/EfficiencyCurve.xml
63 ms. Memory: 367616K Free: 201585K (55%)
----------------- Invoking toplevel() on ptolemy.moml.MoMLSimpleApplication@55a20441
----------------- Done invoking toplevel() on ptolemy.moml.MoMLSimpleApplication@55a20441
reloadAllAccessors: .EfficiencyCurve

===========================================================================================
----------------- testing Wed Jul 10 05:18:53 UTC 2019 /home/travis/build/icyphy/ptII/ptolemy/domains/continuous/test/auto/ExponentialResponse.xml
----------------- Instantiating /home/travis/build/icyphy/ptII/ptolemy/domains/continuous/test/auto/ExponentialResponse.xml
119 ms. Memory: 367616K Free: 185711K (51%)
----------------- Invoking toplevel() on ptolemy.moml.MoMLSimpleApplication@64e32383
----------------- Done invoking toplevel() on ptolemy.moml.MoMLSimpleApplication@64e32383
reloadAllAccessors: .ExponentialResponse

===========================================================================================
----------------- testing Wed Jul 10 05:18:53 UTC 2019 /home/travis/build/icyphy/ptII/ptolemy/domains/continuous/test/auto/ExponentialResponseRK45.xml
----------------- Instantiating /home/travis/build/icyphy/ptII/ptolemy/domains/continuous/test/auto/ExponentialResponseRK45.xml
28 ms. Memory: 367616K Free: 179057K (49%)
----------------- Invoking toplevel() on ptolemy.moml.MoMLSimpleApplication@2033f828
----------------- Done invoking toplevel() on ptolemy.moml.MoMLSimpleApplication@2033f828
reloadAllAccessors: .ExponentialResponseRK45

===========================================================================================
----------------- testing Wed Jul 10 05:18:53 UTC 2019 /home/travis/build/icyphy/ptII/ptolemy/domains/continuous/test/auto/Friction.xml
----------------- Instantiating /home/travis/build/icyphy/ptII/ptolemy/domains/continuous/test/auto/Friction.xml
1421 ms. Memory: 367616K Free: 194899K (53%)
----------------- Invoking toplevel() on ptolemy.moml.MoMLSimpleApplication@166be2ef
----------------- Done invoking toplevel() on ptolemy.moml.MoMLSimpleApplication@166be2ef
reloadAllAccessors: .Friction

===========================================================================================
----------------- testing Wed Jul 10 05:18:55 UTC 2019 /home/travis/build/icyphy/ptII/ptolemy/domains/continuous/test/auto/FurutaPendulum.xml
----------------- Instantiating /home/travis/build/icyphy/ptII/ptolemy/domains/continuous/test/auto/FurutaPendulum.xml
3461 ms. Memory: 367616K Free: 333168K (91%)
----------------- Invoking toplevel() on ptolemy.moml.MoMLSimpleApplication@7bb75714
----------------- Done invoking toplevel() on ptolemy.moml.MoMLSimpleApplication@7bb75714
reloadAllAccessors: .FurutaPendulum

===========================================================================================
----------------- testing Wed Jul 10 05:18:59 UTC 2019 /home/travis/build/icyphy/ptII/ptolemy/domains/continuous/test/auto/HierarchicalExecution.xml
----------------- Instantiating /home/travis/build/icyphy/ptII/ptolemy/domains/continuous/test/auto/HierarchicalExecution.xml
2360 ms. Memory: 367616K Free: 272208K (74%)
----------------- Invoking toplevel() on ptolemy.moml.MoMLSimpleApplication@321b9a02
----------------- Done invoking toplevel() on ptolemy.moml.MoMLSimpleApplication@321b9a02
reloadAllAccessors: .HierarchicalExecution

===========================================================================================
----------------- testing Wed Jul 10 05:19:01 UTC 2019 /home/travis/build/icyphy/ptII/ptolemy/domains/continuous/test/auto/HybridPlant.xml
----------------- Instantiating /home/travis/build/icyphy/ptII/ptolemy/domains/continuous/test/auto/HybridPlant.xml
531 ms. Memory: 367616K Free: 227287K (62%)
----------------- Invoking toplevel() on ptolemy.moml.MoMLSimpleApplication@3bf57bfa
----------------- Done invoking toplevel() on ptolemy.moml.MoMLSimpleApplication@3bf57bfa
reloadAllAccessors: .HybridPlant

===========================================================================================
----------------- testing Wed Jul 10 05:19:02 UTC 2019 /home/travis/build/icyphy/ptII/ptolemy/domains/continuous/test/auto/Hysteresis.xml
----------------- Instantiating /home/travis/build/icyphy/ptII/ptolemy/domains/continuous/test/auto/Hysteresis.xml
138 ms. Memory: 367616K Free: 165343K (45%)
----------------- Invoking toplevel() on ptolemy.moml.MoMLSimpleApplication@451b21df
----------------- Done invoking toplevel() on ptolemy.moml.MoMLSimpleApplication@451b21df
reloadAllAccessors: .Hysteresis

===========================================================================================
----------------- testing Wed Jul 10 05:19:02 UTC 2019 /home/travis/build/icyphy/ptII/ptolemy/domains/continuous/test/auto/HysteresisWithRandomDelay.xml
----------------- Instantiating /home/travis/build/icyphy/ptII/ptolemy/domains/continuous/test/auto/HysteresisWithRandomDelay.xml
183 ms. Memory: 367616K Free: 313164K (85%)
----------------- Invoking toplevel() on ptolemy.moml.MoMLSimpleApplication@52bf1ff1
----------------- Done invoking toplevel() on ptolemy.moml.MoMLSimpleApplication@52bf1ff1
reloadAllAccessors: .HysteresisWithRandomDelay

===========================================================================================
----------------- testing Wed Jul 10 05:19:02 UTC 2019 /home/travis/build/icyphy/ptII/ptolemy/domains/continuous/test/auto/HysteresisWithRandomLosses.xml
----------------- Instantiating /home/travis/build/icyphy/ptII/ptolemy/domains/continuous/test/auto/HysteresisWithRandomLosses.xml
2418 ms. Memory: 367616K Free: 244594K (67%)
----------------- Invoking toplevel() on ptolemy.moml.MoMLSimpleApplication@78a3e431
----------------- Done invoking toplevel() on ptolemy.moml.MoMLSimpleApplication@78a3e431
reloadAllAccessors: .HysteresisWithRandomLosses

===========================================================================================
----------------- testing Wed Jul 10 05:19:05 UTC 2019 /home/travis/build/icyphy/ptII/ptolemy/domains/continuous/test/auto/ImmediateTransitions.xml
----------------- Instantiating /home/travis/build/icyphy/ptII/ptolemy/domains/continuous/test/auto/ImmediateTransitions.xml
9 ms. Memory: 367616K Free: 233315K (63%)
----------------- Invoking toplevel() on ptolemy.moml.MoMLSimpleApplication@26fa2693
----------------- Done invoking toplevel() on ptolemy.moml.MoMLSimpleApplication@26fa2693
reloadAllAccessors: .ImmediateTransitions

===========================================================================================
----------------- testing Wed Jul 10 05:19:05 UTC 2019 /home/travis/build/icyphy/ptII/ptolemy/domains/continuous/test/auto/ImpulseFeedback.xml
----------------- Instantiating /home/travis/build/icyphy/ptII/ptolemy/domains/continuous/test/auto/ImpulseFeedback.xml
7 ms. Memory: 367616K Free: 227700K (62%)
----------------- Invoking toplevel() on ptolemy.moml.MoMLSimpleApplication@57982e1e
----------------- Done invoking toplevel() on ptolemy.moml.MoMLSimpleApplication@57982e1e
reloadAllAccessors: .ImpulseFeedback

===========================================================================================
----------------- testing Wed Jul 10 05:19:05 UTC 2019 /home/travis/build/icyphy/ptII/ptolemy/domains/continuous/test/auto/ImpulseFeedback2.xml
----------------- Instantiating /home/travis/build/icyphy/ptII/ptolemy/domains/continuous/test/auto/ImpulseFeedback2.xml
5 ms. Memory: 367616K Free: 222066K (60%)
----------------- Invoking toplevel() on ptolemy.moml.MoMLSimpleApplication@4fd10fa7
----------------- Done invoking toplevel() on ptolemy.moml.MoMLSimpleApplication@4fd10fa7
reloadAllAccessors: .ImpulseFeedback2

===========================================================================================
----------------- testing Wed Jul 10 05:19:05 UTC 2019 /home/travis/build/icyphy/ptII/ptolemy/domains/continuous/test/auto/IncreasingRatePoisson.xml
----------------- Instantiating /home/travis/build/icyphy/ptII/ptolemy/domains/continuous/test/auto/IncreasingRatePoisson.xml
689 ms. Memory: 367616K Free: 142141K (39%)
----------------- Invoking toplevel() on ptolemy.moml.MoMLSimpleApplication@17384fe7
----------------- Done invoking toplevel() on ptolemy.moml.MoMLSimpleApplication@17384fe7
reloadAllAccessors: .IncreasingRatePoisson

===========================================================================================
----------------- testing Wed Jul 10 05:19:06 UTC 2019 /home/travis/build/icyphy/ptII/ptolemy/domains/continuous/test/auto/InitialStateFeedback.xml
----------------- Instantiating /home/travis/build/icyphy/ptII/ptolemy/domains/continuous/test/auto/InitialStateFeedback.xml
4 ms. Memory: 367616K Free: 137565K (37%)
----------------- Invoking toplevel() on ptolemy.moml.MoMLSimpleApplication@69faeda8
----------------- Done invoking toplevel() on ptolemy.moml.MoMLSimpleApplication@69faeda8
reloadAllAccessors: .InitialStateFeedback

===========================================================================================
----------------- testing Wed Jul 10 05:19:06 UTC 2019 /home/travis/build/icyphy/ptII/ptolemy/domains/continuous/test/auto/Integration.xml
----------------- Instantiating /home/travis/build/icyphy/ptII/ptolemy/domains/continuous/test/auto/Integration.xml
6 ms. Memory: 367616K Free: 352658K (96%)
----------------- Invoking toplevel() on ptolemy.moml.MoMLSimpleApplication@14e9b7da
----------------- Done invoking toplevel() on ptolemy.moml.MoMLSimpleApplication@14e9b7da
reloadAllAccessors: .Integration

===========================================================================================
----------------- testing Wed Jul 10 05:19:06 UTC 2019 /home/travis/build/icyphy/ptII/ptolemy/domains/continuous/test/auto/Integration2.xml
----------------- Instantiating /home/travis/build/icyphy/ptII/ptolemy/domains/continuous/test/auto/Integration2.xml
82 ms. Memory: 367616K Free: 337808K (92%)
----------------- Invoking toplevel() on ptolemy.moml.MoMLSimpleApplication@2361f1ae
----------------- Done invoking toplevel() on ptolemy.moml.MoMLSimpleApplication@2361f1ae
reloadAllAccessors: .Integration2

===========================================================================================
----------------- testing Wed Jul 10 05:19:06 UTC 2019 /home/travis/build/icyphy/ptII/ptolemy/domains/continuous/test/auto/Integration3.xml
----------------- Instantiating /home/travis/build/icyphy/ptII/ptolemy/domains/continuous/test/auto/Integration3.xml
2 ms. Memory: 367616K Free: 333202K (91%)
----------------- Invoking toplevel() on ptolemy.moml.MoMLSimpleApplication@6932819d
----------------- Done invoking toplevel() on ptolemy.moml.MoMLSimpleApplication@6932819d
reloadAllAccessors: .Integration3

===========================================================================================
----------------- testing Wed Jul 10 05:19:06 UTC 2019 /home/travis/build/icyphy/ptII/ptolemy/domains/continuous/test/auto/Integration5.xml
----------------- Instantiating /home/travis/build/icyphy/ptII/ptolemy/domains/continuous/test/auto/Integration5.xml
3 ms. Memory: 367616K Free: 329106K (90%)
----------------- Invoking toplevel() on ptolemy.moml.MoMLSimpleApplication@160c3cc1
----------------- Done invoking toplevel() on ptolemy.moml.MoMLSimpleApplication@160c3cc1
reloadAllAccessors: .Integration5

===========================================================================================
----------------- testing Wed Jul 10 05:19:06 UTC 2019 /home/travis/build/icyphy/ptII/ptolemy/domains/continuous/test/auto/IntegratorImpulse.xml
----------------- Instantiating /home/travis/build/icyphy/ptII/ptolemy/domains/continuous/test/auto/IntegratorImpulse.xml
2 ms. Memory: 367616K Free: 325010K (88%)
----------------- Invoking toplevel() on ptolemy.moml.MoMLSimpleApplication@26da69ed
----------------- Done invoking toplevel() on ptolemy.moml.MoMLSimpleApplication@26da69ed
reloadAllAccessors: .IntegratorImpulse

===========================================================================================
----------------- testing Wed Jul 10 05:19:06 UTC 2019 /home/travis/build/icyphy/ptII/ptolemy/domains/continuous/test/auto/IntegratorImpulse2.xml
----------------- Instantiating /home/travis/build/icyphy/ptII/ptolemy/domains/continuous/test/auto/IntegratorImpulse2.xml
4 ms. Memory: 367616K Free: 320370K (87%)
----------------- Invoking toplevel() on ptolemy.moml.MoMLSimpleApplication@7d5cc051
----------------- Done invoking toplevel() on ptolemy.moml.MoMLSimpleApplication@7d5cc051
reloadAllAccessors: .IntegratorImpulse2

===========================================================================================
----------------- testing Wed Jul 10 05:19:06 UTC 2019 /home/travis/build/icyphy/ptII/ptolemy/domains/continuous/test/auto/LevelCrossing1.xml
----------------- Instantiating /home/travis/build/icyphy/ptII/ptolemy/domains/continuous/test/auto/LevelCrossing1.xml
2 ms. Memory: 367616K Free: 315280K (86%)
----------------- Invoking toplevel() on ptolemy.moml.MoMLSimpleApplication@25b0f55
----------------- Done invoking toplevel() on ptolemy.moml.MoMLSimpleApplication@25b0f55
reloadAllAccessors: .LevelCrossing1

===========================================================================================
----------------- testing Wed Jul 10 05:19:06 UTC 2019 /home/travis/build/icyphy/ptII/ptolemy/domains/continuous/test/auto/LevelCrossing2.xml
----------------- Instantiating /home/travis/build/icyphy/ptII/ptolemy/domains/continuous/test/auto/LevelCrossing2.xml
3 ms. Memory: 367616K Free: 310160K (84%)
----------------- Invoking toplevel() on ptolemy.moml.MoMLSimpleApplication@7b949ddb
----------------- Done invoking toplevel() on ptolemy.moml.MoMLSimpleApplication@7b949ddb
reloadAllAccessors: .LevelCrossing2

===========================================================================================
----------------- testing Wed Jul 10 05:19:06 UTC 2019 /home/travis/build/icyphy/ptII/ptolemy/domains/continuous/test/auto/LevelCrossing3.xml
----------------- Instantiating /home/travis/build/icyphy/ptII/ptolemy/domains/continuous/test/auto/LevelCrossing3.xml
2 ms. Memory: 367616K Free: 305040K (83%)
----------------- Invoking toplevel() on ptolemy.moml.MoMLSimpleApplication@52e4244c
----------------- Done invoking toplevel() on ptolemy.moml.MoMLSimpleApplication@52e4244c
reloadAllAccessors: .LevelCrossing3

===========================================================================================
----------------- testing Wed Jul 10 05:19:06 UTC 2019 /home/travis/build/icyphy/ptII/ptolemy/domains/continuous/test/auto/LevelCrossing4.xml
----------------- Instantiating /home/travis/build/icyphy/ptII/ptolemy/domains/continuous/test/auto/LevelCrossing4.xml
4 ms. Memory: 367616K Free: 299920K (82%)
----------------- Invoking toplevel() on ptolemy.moml.MoMLSimpleApplication@368b229f
----------------- Done invoking toplevel() on ptolemy.moml.MoMLSimpleApplication@368b229f
reloadAllAccessors: .LevelCrossing4

===========================================================================================
----------------- testing Wed Jul 10 05:19:06 UTC 2019 /home/travis/build/icyphy/ptII/ptolemy/domains/continuous/test/auto/LevelCrossing5.xml
----------------- Instantiating /home/travis/build/icyphy/ptII/ptolemy/domains/continuous/test/auto/LevelCrossing5.xml
2 ms. Memory: 367616K Free: 294800K (80%)
----------------- Invoking toplevel() on ptolemy.moml.MoMLSimpleApplication@a543292
----------------- Done invoking toplevel() on ptolemy.moml.MoMLSimpleApplication@a543292
reloadAllAccessors: .LevelCrossing5

===========================================================================================
[...]
----------------- Instantiating /home/travis/build/icyphy/ptII/ptolemy/domains/continuous/test/auto/SRinContinuous.xml
4 ms. Memory: 367616K Free: 264212K (72%)
----------------- Invoking toplevel() on ptolemy.moml.MoMLSimpleApplication@43b10261
----------------- Done invoking toplevel() on ptolemy.moml.MoMLSimpleApplication@43b10261
reloadAllAccessors: .SRinContinuous

===========================================================================================
----------------- testing Wed Jul 10 05:19:24 UTC 2019 /home/travis/build/icyphy/ptII/ptolemy/domains/continuous/test/auto/SampledClocks.xml
----------------- Instantiating /home/travis/build/icyphy/ptII/ptolemy/domains/continuous/test/auto/SampledClocks.xml
6 ms. Memory: 367616K Free: 251414K (68%)
----------------- Invoking toplevel() on ptolemy.moml.MoMLSimpleApplication@35f20b5e
----------------- Done invoking toplevel() on ptolemy.moml.MoMLSimpleApplication@35f20b5e
reloadAllAccessors: .SampledClocks

===========================================================================================
----------------- testing Wed Jul 10 05:19:24 UTC 2019 /home/travis/build/icyphy/ptII/ptolemy/domains/continuous/test/auto/Satellite.xml
----------------- Instantiating /home/travis/build/icyphy/ptII/ptolemy/domains/continuous/test/auto/Satellite.xml
792 ms. Memory: 367616K Free: 266395K (72%)
----------------- Invoking toplevel() on ptolemy.moml.MoMLSimpleApplication@2516022
----------------- Done invoking toplevel() on ptolemy.moml.MoMLSimpleApplication@2516022
reloadAllAccessors: .Satellite

===========================================================================================
----------------- testing Wed Jul 10 05:19:25 UTC 2019 /home/travis/build/icyphy/ptII/ptolemy/domains/continuous/test/auto/SigmaDelta.xml
----------------- Instantiating /home/travis/build/icyphy/ptII/ptolemy/domains/continuous/test/auto/SigmaDelta.xml
2377 ms. Memory: 367616K Free: 224978K (61%)
----------------- Invoking toplevel() on ptolemy.moml.MoMLSimpleApplication@68d28b05
----------------- Done invoking toplevel() on ptolemy.moml.MoMLSimpleApplication@68d28b05
reloadAllAccessors: .SigmaDelta

===========================================================================================
----------------- testing Wed Jul 10 05:19:27 UTC 2019 /home/travis/build/icyphy/ptII/ptolemy/domains/continuous/test/auto/SingleRefinement.xml
----------------- Instantiating /home/travis/build/icyphy/ptII/ptolemy/domains/continuous/test/auto/SingleRefinement.xml
305 ms. Memory: 367616K Free: 260426K (71%)
----------------- Invoking toplevel() on ptolemy.moml.MoMLSimpleApplication@29c4c853
----------------- Done invoking toplevel() on ptolemy.moml.MoMLSimpleApplication@29c4c853
reloadAllAccessors: .SingleRefinement

===========================================================================================
----------------- testing Wed Jul 10 05:19:28 UTC 2019 /home/travis/build/icyphy/ptII/ptolemy/domains/continuous/test/auto/SinuBouncingBall.xml
----------------- Instantiating /home/travis/build/icyphy/ptII/ptolemy/domains/continuous/test/auto/SinuBouncingBall.xml
822 ms. Memory: 367616K Free: 263602K (72%)
----------------- Invoking toplevel() on ptolemy.moml.MoMLSimpleApplication@3a2cd175
----------------- Done invoking toplevel() on ptolemy.moml.MoMLSimpleApplication@3a2cd175
reloadAllAccessors: .SinuBouncingBall

===========================================================================================
----------------- testing Wed Jul 10 05:19:29 UTC 2019 /home/travis/build/icyphy/ptII/ptolemy/domains/continuous/test/auto/Sinusoid.xml
----------------- Instantiating /home/travis/build/icyphy/ptII/ptolemy/domains/continuous/test/auto/Sinusoid.xml
5 ms. Memory: 367616K Free: 258962K (70%)
----------------- Invoking toplevel() on ptolemy.moml.MoMLSimpleApplication@79fc88e6
----------------- Done invoking toplevel() on ptolemy.moml.MoMLSimpleApplication@79fc88e6
reloadAllAccessors: .Sinusoid

===========================================================================================
----------------- testing Wed Jul 10 05:19:29 UTC 2019 /home/travis/build/icyphy/ptII/ptolemy/domains/continuous/test/auto/SinusoidInNoise.xml
----------------- Instantiating /home/travis/build/icyphy/ptII/ptolemy/domains/continuous/test/auto/SinusoidInNoise.xml
1046 ms. Memory: 367616K Free: 340101K (93%)
----------------- Invoking toplevel() on ptolemy.moml.MoMLSimpleApplication@4257bc16
----------------- Done invoking toplevel() on ptolemy.moml.MoMLSimpleApplication@4257bc16
reloadAllAccessors: .SinusoidInNoise

===========================================================================================
----------------- testing Wed Jul 10 05:19:30 UTC 2019 /home/travis/build/icyphy/ptII/ptolemy/domains/continuous/test/auto/SinusoidRK45.xml
----------------- Instantiating /home/travis/build/icyphy/ptII/ptolemy/domains/continuous/test/auto/SinusoidRK45.xml
2 ms. Memory: 367616K Free: 335485K (91%)
----------------- Invoking toplevel() on ptolemy.moml.MoMLSimpleApplication@32c89f8
----------------- Done invoking toplevel() on ptolemy.moml.MoMLSimpleApplication@32c89f8
reloadAllAccessors: .SinusoidRK45

===========================================================================================
----------------- testing Wed Jul 10 05:19:30 UTC 2019 /home/travis/build/icyphy/ptII/ptolemy/domains/continuous/test/auto/SinusoidWithMultipleImpulses.xml
----------------- Instantiating /home/travis/build/icyphy/ptII/ptolemy/domains/continuous/test/auto/SinusoidWithMultipleImpulses.xml
3 ms. Memory: 367616K Free: 330885K (90%)
----------------- Invoking toplevel() on ptolemy.moml.MoMLSimpleApplication@6216487f
----------------- Done invoking toplevel() on ptolemy.moml.MoMLSimpleApplication@6216487f
reloadAllAccessors: .SinusoidWithMultipleImpulses

===========================================================================================
----------------- testing Wed Jul 10 05:19:30 UTC 2019 /home/travis/build/icyphy/ptII/ptolemy/domains/continuous/test/auto/SquareWave.xml
----------------- Instantiating /home/travis/build/icyphy/ptII/ptolemy/domains/continuous/test/auto/SquareWave.xml
169 ms. Memory: 367616K Free: 303747K (83%)
----------------- Invoking toplevel() on ptolemy.moml.MoMLSimpleApplication@60404ceb
----------------- Done invoking toplevel() on ptolemy.moml.MoMLSimpleApplication@60404ceb
reloadAllAccessors: .SquareWave

===========================================================================================
----------------- testing Wed Jul 10 05:19:30 UTC 2019 /home/travis/build/icyphy/ptII/ptolemy/domains/continuous/test/auto/Starmac.xml
----------------- Instantiating /home/travis/build/icyphy/ptII/ptolemy/domains/continuous/test/auto/Starmac.xml
3065 ms. Memory: 367616K Free: 196418K (53%)
----------------- Invoking toplevel() on ptolemy.moml.MoMLSimpleApplication@1dadf1
----------------- Done invoking toplevel() on ptolemy.moml.MoMLSimpleApplication@1dadf1
reloadAllAccessors: .Starmac

===========================================================================================
----------------- testing Wed Jul 10 05:19:33 UTC 2019 /home/travis/build/icyphy/ptII/ptolemy/domains/continuous/test/auto/StaticUnits.xml
----------------- Instantiating /home/travis/build/icyphy/ptII/ptolemy/domains/continuous/test/auto/StaticUnits.xml
2148 ms. Memory: 367616K Free: 140586K (38%)
----------------- Invoking toplevel() on ptolemy.moml.MoMLSimpleApplication@50de3c5c
----------------- Done invoking toplevel() on ptolemy.moml.MoMLSimpleApplication@50de3c5c
reloadAllAccessors: .StaticUnits

===========================================================================================
----------------- testing Wed Jul 10 05:19:36 UTC 2019 /home/travis/build/icyphy/ptII/ptolemy/domains/continuous/test/auto/StickyMasses.xml
----------------- Instantiating /home/travis/build/icyphy/ptII/ptolemy/domains/continuous/test/auto/StickyMasses.xml
156 ms. Memory: 441344K Free: 378662K (86%)
----------------- Invoking toplevel() on ptolemy.moml.MoMLSimpleApplication@2cd66412
----------------- Done invoking toplevel() on ptolemy.moml.MoMLSimpleApplication@2cd66412
reloadAllAccessors: .StickyMasses

===========================================================================================
----------------- testing Wed Jul 10 05:19:36 UTC 2019 /home/travis/build/icyphy/ptII/ptolemy/domains/continuous/test/auto/StopTime.xml
----------------- Instantiating /home/travis/build/icyphy/ptII/ptolemy/domains/continuous/test/auto/StopTime.xml
49 ms. Memory: 441344K Free: 354086K (80%)
----------------- Invoking toplevel() on ptolemy.moml.MoMLSimpleApplication@116392c7
----------------- Done invoking toplevel() on ptolemy.moml.MoMLSimpleApplication@116392c7
reloadAllAccessors: .StopTime

===========================================================================================
----------------- testing Wed Jul 10 05:19:36 UTC 2019 /home/travis/build/icyphy/ptII/ptolemy/domains/continuous/test/auto/StopTime2.xml
----------------- Instantiating /home/travis/build/icyphy/ptII/ptolemy/domains/continuous/test/auto/StopTime2.xml
31 ms. Memory: 441344K Free: 331558K (75%)
----------------- Invoking toplevel() on ptolemy.moml.MoMLSimpleApplication@7be94456
----------------- Done invoking toplevel() on ptolemy.moml.MoMLSimpleApplication@7be94456
reloadAllAccessors: .StopTime2

===========================================================================================
----------------- testing Wed Jul 10 05:19:37 UTC 2019 /home/travis/build/icyphy/ptII/ptolemy/domains/continuous/test/auto/Switch.xml
----------------- Instantiating /home/travis/build/icyphy/ptII/ptolemy/domains/continuous/test/auto/Switch.xml
39 ms. Memory: 441344K Free: 306982K (70%)
----------------- Invoking toplevel() on ptolemy.moml.MoMLSimpleApplication@1d82ca09
----------------- Done invoking toplevel() on ptolemy.moml.MoMLSimpleApplication@1d82ca09
reloadAllAccessors: .Switch

===========================================================================================
----------------- testing Wed Jul 10 05:19:37 UTC 2019 /home/travis/build/icyphy/ptII/ptolemy/domains/continuous/test/auto/Thermostat.xml
----------------- Instantiating /home/travis/build/icyphy/ptII/ptolemy/domains/continuous/test/auto/Thermostat.xml
176 ms. Memory: 441344K Free: 235302K (53%)
----------------- Invoking toplevel() on ptolemy.moml.MoMLSimpleApplication@2ab96110
----------------- Done invoking toplevel() on ptolemy.moml.MoMLSimpleApplication@2ab96110
reloadAllAccessors: .Thermostat

===========================================================================================
----------------- testing Wed Jul 10 05:19:37 UTC 2019 /home/travis/build/icyphy/ptII/ptolemy/domains/continuous/test/auto/TimeDelay.xml
----------------- Instantiating /home/travis/build/icyphy/ptII/ptolemy/domains/continuous/test/auto/TimeDelay.xml
6 ms. Memory: 441344K Free: 230685K (52%)
----------------- Invoking toplevel() on ptolemy.moml.MoMLSimpleApplication@7f8ca94
----------------- Done invoking toplevel() on ptolemy.moml.MoMLSimpleApplication@7f8ca94
reloadAllAccessors: .TimeDelay

===========================================================================================
----------------- testing Wed Jul 10 05:19:37 UTC 2019 /home/travis/build/icyphy/ptII/ptolemy/domains/continuous/test/auto/TimeDelay2.xml
----------------- Instantiating /home/travis/build/icyphy/ptII/ptolemy/domains/continuous/test/auto/TimeDelay2.xml
7 ms. Memory: 441344K Free: 220452K (50%)
----------------- Invoking toplevel() on ptolemy.moml.MoMLSimpleApplication@5585adc
----------------- Done invoking toplevel() on ptolemy.moml.MoMLSimpleApplication@5585adc
reloadAllAccessors: .TimeDelay2

===========================================================================================
----------------- testing Wed Jul 10 05:19:37 UTC 2019 /home/travis/build/icyphy/ptII/ptolemy/domains/continuous/test/auto/TimeDelay3.xml
----------------- Instantiating /home/travis/build/icyphy/ptII/ptolemy/domains/continuous/test/auto/TimeDelay3.xml
4 ms. Memory: 441344K Free: 215846K (49%)
----------------- Invoking toplevel() on ptolemy.moml.MoMLSimpleApplication@6d76320c
----------------- Done invoking toplevel() on ptolemy.moml.MoMLSimpleApplication@6d76320c
reloadAllAccessors: .TimeDelay3

===========================================================================================
----------------- testing Wed Jul 10 05:19:37 UTC 2019 /home/travis/build/icyphy/ptII/ptolemy/domains/continuous/test/auto/TransferAbsentToInside.xml
----------------- Instantiating /home/travis/build/icyphy/ptII/ptolemy/domains/continuous/test/auto/TransferAbsentToInside.xml
46 ms. Memory: 441344K Free: 418845K (95%)
----------------- Invoking toplevel() on ptolemy.moml.MoMLSimpleApplication@1bb5f41b
----------------- Done invoking toplevel() on ptolemy.moml.MoMLSimpleApplication@1bb5f41b
reloadAllAccessors: .TransferAbsentToInside

===========================================================================================
----------------- testing Wed Jul 10 05:19:37 UTC 2019 /home/travis/build/icyphy/ptII/ptolemy/domains/continuous/test/auto/Transmission.xml
----------------- Instantiating /home/travis/build/icyphy/ptII/ptolemy/domains/continuous/test/auto/Transmission.xml
752 ms. Memory: 441344K Free: 188677K (43%)
----------------- Invoking toplevel() on ptolemy.moml.MoMLSimpleApplication@2d030f3c
----------------- Done invoking toplevel() on ptolemy.moml.MoMLSimpleApplication@2d030f3c
reloadAllAccessors: .Transmission

===========================================================================================
----------------- testing Wed Jul 10 05:19:38 UTC 2019 /home/travis/build/icyphy/ptII/ptolemy/domains/continuous/test/auto/TriggeredContinuousClock.xml
----------------- Instantiating /home/travis/build/icyphy/ptII/ptolemy/domains/continuous/test/auto/TriggeredContinuousClock.xml
50 ms. Memory: 441344K Free: 417736K (95%)
----------------- Invoking toplevel() on ptolemy.moml.MoMLSimpleApplication@67281ee1
----------------- Done invoking toplevel() on ptolemy.moml.MoMLSimpleApplication@67281ee1
reloadAllAccessors: .TriggeredContinuousClock

===========================================================================================
----------------- testing Wed Jul 10 05:19:38 UTC 2019 /home/travis/build/icyphy/ptII/ptolemy/domains/continuous/test/auto/TwoMachineInfiniteBusControl.xml
----------------- Instantiating /home/travis/build/icyphy/ptII/ptolemy/domains/continuous/test/auto/TwoMachineInfiniteBusControl.xml
2673 ms. Memory: 441344K Free: 351920K (80%)
----------------- Invoking toplevel() on ptolemy.moml.MoMLSimpleApplication@95406fa
----------------- Done invoking toplevel() on ptolemy.moml.MoMLSimpleApplication@95406fa
reloadAllAccessors: .TwoMachineInfiniteBusControl

===========================================================================================
----------------- testing Wed Jul 10 05:19:41 UTC 2019 /home/travis/build/icyphy/ptII/ptolemy/domains/continuous/test/auto/V2V.xml
----------------- Instantiating /home/travis/build/icyphy/ptII/ptolemy/domains/continuous/test/auto/V2V.xml
784 ms. Memory: 441344K Free: 165567K (38%)
----------------- Invoking toplevel() on ptolemy.moml.MoMLSimpleApplication@436b8126
----------------- Done invoking toplevel() on ptolemy.moml.MoMLSimpleApplication@436b8126
reloadAllAccessors: .V2V

===========================================================================================
----------------- testing Wed Jul 10 05:19:41 UTC 2019 /home/travis/build/icyphy/ptII/ptolemy/domains/continuous/test/auto/hierarchicalModalModel.xml
----------------- Instantiating /home/travis/build/icyphy/ptII/ptolemy/domains/continuous/test/auto/hierarchicalModalModel.xml
8 ms. Memory: 441344K Free: 409776K (93%)
----------------- Invoking toplevel() on ptolemy.moml.MoMLSimpleApplication@1e8f0324
----------------- Done invoking toplevel() on ptolemy.moml.MoMLSimpleApplication@1e8f0324
reloadAllAccessors: .hierarchicalModalModel

===========================================================================================
----------------- testing Wed Jul 10 05:19:42 UTC 2019 /home/travis/build/icyphy/ptII/ptolemy/domains/continuous/test/auto/hierarchicalModalModel1.xml
----------------- Instantiating /home/travis/build/icyphy/ptII/ptolemy/domains/continuous/test/auto/hierarchicalModalModel1.xml
8 ms. Memory: 441344K Free: 395440K (90%)
----------------- Invoking toplevel() on ptolemy.moml.MoMLSimpleApplication@41aa615a
----------------- Done invoking toplevel() on ptolemy.moml.MoMLSimpleApplication@41aa615a
reloadAllAccessors: .hierarchicalModalModel1

===========================================================================================
----------------- testing Wed Jul 10 05:19:42 UTC 2019 /home/travis/build/icyphy/ptII/ptolemy/domains/continuous/test/auto/hierarchicalModalModel2.xml
----------------- Instantiating /home/travis/build/icyphy/ptII/ptolemy/domains/continuous/test/auto/hierarchicalModalModel2.xml
14 ms. Memory: 441344K Free: 383138K (87%)
----------------- Invoking toplevel() on ptolemy.moml.MoMLSimpleApplication@20b76116
----------------- Done invoking toplevel() on ptolemy.moml.MoMLSimpleApplication@20b76116
reloadAllAccessors: .hierarchicalModalModel2

===========================================================================================
----------------- testing Wed Jul 10 05:19:42 UTC 2019 /home/travis/build/icyphy/ptII/ptolemy/domains/continuous/test/auto/hierarchicalModalModel3.xml
----------------- Instantiating /home/travis/build/icyphy/ptII/ptolemy/domains/continuous/test/auto/hierarchicalModalModel3.xml
6 ms. Memory: 441344K Free: 372402K (84%)
----------------- Invoking toplevel() on ptolemy.moml.MoMLSimpleApplication@610d22e
----------------- Done invoking toplevel() on ptolemy.moml.MoMLSimpleApplication@610d22e
reloadAllAccessors: .hierarchicalModalModel3

===========================================================================================
----------------- testing Wed Jul 10 05:19:42 UTC 2019 /home/travis/build/icyphy/ptII/ptolemy/domains/continuous/test/auto/hierarchicalModalModel4.xml
----------------- Instantiating /home/travis/build/icyphy/ptII/ptolemy/domains/continuous/test/auto/hierarchicalModalModel4.xml
5 ms. Memory: 441344K Free: 360624K (82%)
----------------- Invoking toplevel() on ptolemy.moml.MoMLSimpleApplication@3695dc1a
----------------- Done invoking toplevel() on ptolemy.moml.MoMLSimpleApplication@3695dc1a
reloadAllAccessors: .hierarchicalModalModel4

===========================================================================================
----------------- testing Wed Jul 10 05:19:42 UTC 2019 /home/travis/build/icyphy/ptII/ptolemy/domains/continuous/test/auto/junk.xml
----------------- Instantiating /home/travis/build/icyphy/ptII/ptolemy/domains/continuous/test/auto/junk.xml
130 ms. Memory: 441344K Free: 332466K (75%)
----------------- Invoking toplevel() on ptolemy.moml.MoMLSimpleApplication@102ecb8d
----------------- Done invoking toplevel() on ptolemy.moml.MoMLSimpleApplication@102ecb8d
reloadAllAccessors: .junk
AutoTests.java: About to close Vertx.
AutoTests.java: Vertx closed.
]]></system-out>
  <system-err><![CDATA[Warning: '.HysteresisWithRandomDelay.NonStrictTest' The test produced only 221 tokens, yet the correctValues parameter was expecting 222 tokens.
Warning: '.HysteresisWithRandomDelay.NonStrictTest2' The test produced only 220 tokens, yet the correctValues parameter was expecting 221 tokens.
Warning: '.IncreasingRatePoisson.NonStrictTest' The test produced only 390 tokens, yet the correctValues parameter was expecting 402 tokens.
Warning: '.Poisson.NonStrictTest' The test produced only 381 tokens, yet the correctValues parameter was expecting 430 tokens.
]]></system-err>
</testsuite>
