<?xml version="1.0" encoding="UTF-8" ?>
<testsuite errors="0" failures="0" hostname="travis-job-edf376d4-4461-4eb3-a5a3-9f28a5f1cc59" name="ptolemy.domains.continuous.test.junit.JUnitTclTest" skipped="0" tests="156" time="77.777" timestamp="2019-08-29T05:27:13">
  <properties>
[...]
</properties>
  <testcase classname="ptolemy.util.test.junit.TclTests" name="[0] ThereAreNoTclTests (RunTclFile)" time="0.009" />
  <testcase classname="ptolemy.util.test.junit.AutoKnownFailedTests" name="[0] ThereAreNoKnowFailedTests (RunModel)" time="0.007" />
  <testcase classname="ptolemy.util.test.junit.AutoNameArchTests" name="[0] ThereAreNoAutoArchTests (RunModel)" time="0.024" />
  <testcase classname="ptolemy.util.test.junit.AutoTests" name="[0] /home/travis/build/icyphy/ptII/ptolemy/domains/continuous/test/auto/BouncingBall.xml (RunModel)" time="3.183" />
  <testcase classname="ptolemy.util.test.junit.AutoTests" name="[1] /home/travis/build/icyphy/ptII/ptolemy/domains/continuous/test/auto/BouncingBallWithoutGR.xml (RunModel)" time="1.083" />
  <testcase classname="ptolemy.util.test.junit.AutoTests" name="[2] /home/travis/build/icyphy/ptII/ptolemy/domains/continuous/test/auto/Brownian.xml (RunModel)" time="0.104" />
  <testcase classname="ptolemy.util.test.junit.AutoTests" name="[3] /home/travis/build/icyphy/ptII/ptolemy/domains/continuous/test/auto/CarTracking.xml (RunModel)" time="3.78" />
  <testcase classname="ptolemy.util.test.junit.AutoTests" name="[4] /home/travis/build/icyphy/ptII/ptolemy/domains/continuous/test/auto/CartPendulum.xml (RunModel)" time="0.495" />
  <testcase classname="ptolemy.util.test.junit.AutoTests" name="[5] /home/travis/build/icyphy/ptII/ptolemy/domains/continuous/test/auto/CausalityInterface10.xml (RunModel)" time="0.069" />
  <testcase classname="ptolemy.util.test.junit.AutoTests" name="[6] /home/travis/build/icyphy/ptII/ptolemy/domains/continuous/test/auto/CausalityInterface11.xml (RunModel)" time="0.037" />
  <testcase classname="ptolemy.util.test.junit.AutoTests" name="[7] /home/travis/build/icyphy/ptII/ptolemy/domains/continuous/test/auto/CausalityInterface12.xml (RunModel)" time="0.042" />
  <testcase classname="ptolemy.util.test.junit.AutoTests" name="[8] /home/travis/build/icyphy/ptII/ptolemy/domains/continuous/test/auto/CausalityInterface13.xml (RunModel)" time="0.038" />
  <testcase classname="ptolemy.util.test.junit.AutoTests" name="[9] /home/travis/build/icyphy/ptII/ptolemy/domains/continuous/test/auto/CausalityInterface14.xml (RunModel)" time="0.028" />
  <testcase classname="ptolemy.util.test.junit.AutoTests" name="[10] /home/travis/build/icyphy/ptII/ptolemy/domains/continuous/test/auto/CausalityInterface4.xml (RunModel)" time="0.036" />
  <testcase classname="ptolemy.util.test.junit.AutoTests" name="[11] /home/travis/build/icyphy/ptII/ptolemy/domains/continuous/test/auto/CausalityInterface5.xml (RunModel)" time="0.036" />
  <testcase classname="ptolemy.util.test.junit.AutoTests" name="[12] /home/travis/build/icyphy/ptII/ptolemy/domains/continuous/test/auto/CausalityInterface6.xml (RunModel)" time="0.063" />
  <testcase classname="ptolemy.util.test.junit.AutoTests" name="[13] /home/travis/build/icyphy/ptII/ptolemy/domains/continuous/test/auto/CausalityInterface7.xml (RunModel)" time="0.086" />
  <testcase classname="ptolemy.util.test.junit.AutoTests" name="[14] /home/travis/build/icyphy/ptII/ptolemy/domains/continuous/test/auto/CausalityInterface8.xml (RunModel)" time="0.078" />
  <testcase classname="ptolemy.util.test.junit.AutoTests" name="[15] /home/travis/build/icyphy/ptII/ptolemy/domains/continuous/test/auto/CausalityInterface9.xml (RunModel)" time="0.059" />
  <testcase classname="ptolemy.util.test.junit.AutoTests" name="[16] /home/travis/build/icyphy/ptII/ptolemy/domains/continuous/test/auto/CausalityInterfaceFeedback1.xml (RunModel)" time="0.027" />
  <testcase classname="ptolemy.util.test.junit.AutoTests" name="[17] /home/travis/build/icyphy/ptII/ptolemy/domains/continuous/test/auto/CausalityInterfaceFeedback2.xml (RunModel)" time="0.041" />
  <testcase classname="ptolemy.util.test.junit.AutoTests" name="[18] /home/travis/build/icyphy/ptII/ptolemy/domains/continuous/test/auto/CompareWithCurrentTime.xml (RunModel)" time="0.024" />
  <testcase classname="ptolemy.util.test.junit.AutoTests" name="[19] /home/travis/build/icyphy/ptII/ptolemy/domains/continuous/test/auto/ComparedClocks.xml (RunModel)" time="0.084" />
  <testcase classname="ptolemy.util.test.junit.AutoTests" name="[20] /home/travis/build/icyphy/ptII/ptolemy/domains/continuous/test/auto/ContinuousAOCClone.xml (RunModel)" time="2.751" />
  <testcase classname="ptolemy.util.test.junit.AutoTests" name="[21] /home/travis/build/icyphy/ptII/ptolemy/domains/continuous/test/auto/ContinuousClock.xml (RunModel)" time="0.102" />
  <testcase classname="ptolemy.util.test.junit.AutoTests" name="[22] /home/travis/build/icyphy/ptII/ptolemy/domains/continuous/test/auto/ContinuousInContinuous.xml (RunModel)" time="0.094" />
  <testcase classname="ptolemy.util.test.junit.AutoTests" name="[23] /home/travis/build/icyphy/ptII/ptolemy/domains/continuous/test/auto/ContinuousInContinuousInContinuous.xml (RunModel)" time="0.026" />
  <testcase classname="ptolemy.util.test.junit.AutoTests" name="[24] /home/travis/build/icyphy/ptII/ptolemy/domains/continuous/test/auto/ContinuousInDE.xml (RunModel)" time="0.14" />
  <testcase classname="ptolemy.util.test.junit.AutoTests" name="[25] /home/travis/build/icyphy/ptII/ptolemy/domains/continuous/test/auto/ContinuousInDE2.xml (RunModel)" time="0.06" />
  <testcase classname="ptolemy.util.test.junit.AutoTests" name="[26] /home/travis/build/icyphy/ptII/ptolemy/domains/continuous/test/auto/ContinuousInDE3.xml (RunModel)" time="0.058" />
  <testcase classname="ptolemy.util.test.junit.AutoTests" name="[27] /home/travis/build/icyphy/ptII/ptolemy/domains/continuous/test/auto/ContinuousInDE4.xml (RunModel)" time="0.037" />
  <testcase classname="ptolemy.util.test.junit.AutoTests" name="[28] /home/travis/build/icyphy/ptII/ptolemy/domains/continuous/test/auto/ContinuousInDEDifferentRefinements.xml (RunModel)" time="0.119" />
  <testcase classname="ptolemy.util.test.junit.AutoTests" name="[29] /home/travis/build/icyphy/ptII/ptolemy/domains/continuous/test/auto/ContinuousInDEDifferentRefinementsPreemptive.xml (RunModel)" time="0.098" />
  <testcase classname="ptolemy.util.test.junit.AutoTests" name="[30] /home/travis/build/icyphy/ptII/ptolemy/domains/continuous/test/auto/ContinuousInDEInContinuous2.xml (RunModel)" time="0.052" />
  <testcase classname="ptolemy.util.test.junit.AutoTests" name="[31] /home/travis/build/icyphy/ptII/ptolemy/domains/continuous/test/auto/ContinuousInDEInContinuous3.xml (RunModel)" time="0.057" />
  <testcase classname="ptolemy.util.test.junit.AutoTests" name="[32] /home/travis/build/icyphy/ptII/ptolemy/domains/continuous/test/auto/ContinuousInDEInput.xml (RunModel)" time="0.035" />
  <testcase classname="ptolemy.util.test.junit.AutoTests" name="[33] /home/travis/build/icyphy/ptII/ptolemy/domains/continuous/test/auto/ContinuousInDEInput2.xml (RunModel)" time="0.034" />
  <testcase classname="ptolemy.util.test.junit.AutoTests" name="[34] /home/travis/build/icyphy/ptII/ptolemy/domains/continuous/test/auto/ContinuousInDEInput3.xml (RunModel)" time="0.039" />
  <testcase classname="ptolemy.util.test.junit.AutoTests" name="[35] /home/travis/build/icyphy/ptII/ptolemy/domains/continuous/test/auto/ContinuousInDESharingRefinement.xml (RunModel)" time="0.168" />
  <testcase classname="ptolemy.util.test.junit.AutoTests" name="[36] /home/travis/build/icyphy/ptII/ptolemy/domains/continuous/test/auto/ContinuousInDEwithNoPorts.xml (RunModel)" time="0.019" />
  <testcase classname="ptolemy.util.test.junit.AutoTests" name="[37] /home/travis/build/icyphy/ptII/ptolemy/domains/continuous/test/auto/ContinuousInsideDE.xml (RunModel)" time="0.082" />
  <testcase classname="ptolemy.util.test.junit.AutoTests" name="[38] /home/travis/build/icyphy/ptII/ptolemy/domains/continuous/test/auto/ContinuousMerge1.xml (RunModel)" time="0.018" />
  <testcase classname="ptolemy.util.test.junit.AutoTests" name="[39] /home/travis/build/icyphy/ptII/ptolemy/domains/continuous/test/auto/ContinuousMerge2.xml (RunModel)" time="0.041" />
  <testcase classname="ptolemy.util.test.junit.AutoTests" name="[40] /home/travis/build/icyphy/ptII/ptolemy/domains/continuous/test/auto/ContinuousMerge3.xml (RunModel)" time="0.088" />
  <testcase classname="ptolemy.util.test.junit.AutoTests" name="[41] /home/travis/build/icyphy/ptII/ptolemy/domains/continuous/test/auto/ContinuousWithinContinuous.xml (RunModel)" time="0.062" />
  <testcase classname="ptolemy.util.test.junit.AutoTests" name="[42] /home/travis/build/icyphy/ptII/ptolemy/domains/continuous/test/auto/ContinuousWithinContinuous2.xml (RunModel)" time="0.096" />
  <testcase classname="ptolemy.util.test.junit.AutoTests" name="[43] /home/travis/build/icyphy/ptII/ptolemy/domains/continuous/test/auto/ContinuousWithinContinuous3.xml (RunModel)" time="0.033" />
  <testcase classname="ptolemy.util.test.junit.AutoTests" name="[44] /home/travis/build/icyphy/ptII/ptolemy/domains/continuous/test/auto/ContinuousWithinContinuous4.xml (RunModel)" time="0.102" />
  <testcase classname="ptolemy.util.test.junit.AutoTests" name="[45] /home/travis/build/icyphy/ptII/ptolemy/domains/continuous/test/auto/ContinuousWithinContinuous5.xml (RunModel)" time="0.039" />
  <testcase classname="ptolemy.util.test.junit.AutoTests" name="[46] /home/travis/build/icyphy/ptII/ptolemy/domains/continuous/test/auto/ContinuousWithinContinuous6.xml (RunModel)" time="0.031" />
  <testcase classname="ptolemy.util.test.junit.AutoTests" name="[47] /home/travis/build/icyphy/ptII/ptolemy/domains/continuous/test/auto/ContinuousWithinContinuous7.xml (RunModel)" time="0.083" />
  <testcase classname="ptolemy.util.test.junit.AutoTests" name="[48] /home/travis/build/icyphy/ptII/ptolemy/domains/continuous/test/auto/DCMotor.xml (RunModel)" time="14.016" />
  <testcase classname="ptolemy.util.test.junit.AutoTests" name="[49] /home/travis/build/icyphy/ptII/ptolemy/domains/continuous/test/auto/DEInContinuous.xml (RunModel)" time="0.032" />
  <testcase classname="ptolemy.util.test.junit.AutoTests" name="[50] /home/travis/build/icyphy/ptII/ptolemy/domains/continuous/test/auto/DEinContinuous2.xml (RunModel)" time="0.038" />
  <testcase classname="ptolemy.util.test.junit.AutoTests" name="[51] /home/travis/build/icyphy/ptII/ptolemy/domains/continuous/test/auto/Derivative.xml (RunModel)" time="0.215" />
  <testcase classname="ptolemy.util.test.junit.AutoTests" name="[52] /home/travis/build/icyphy/ptII/ptolemy/domains/continuous/test/auto/Derivative1.xml (RunModel)" time="0.068" />
  <testcase classname="ptolemy.util.test.junit.AutoTests" name="[53] /home/travis/build/icyphy/ptII/ptolemy/domains/continuous/test/auto/DiscreteClock.xml (RunModel)" time="0.016" />
  <testcase classname="ptolemy.util.test.junit.AutoTests" name="[54] /home/travis/build/icyphy/ptII/ptolemy/domains/continuous/test/auto/EfficiencyCurve.xml (RunModel)" time="0.111" />
  <testcase classname="ptolemy.util.test.junit.AutoTests" name="[55] /home/travis/build/icyphy/ptII/ptolemy/domains/continuous/test/auto/ExponentialResponse.xml (RunModel)" time="0.112" />
  <testcase classname="ptolemy.util.test.junit.AutoTests" name="[56] /home/travis/build/icyphy/ptII/ptolemy/domains/continuous/test/auto/ExponentialResponseRK45.xml (RunModel)" time="0.036" />
  <testcase classname="ptolemy.util.test.junit.AutoTests" name="[57] /home/travis/build/icyphy/ptII/ptolemy/domains/continuous/test/auto/Friction.xml (RunModel)" time="1.726" />
  <testcase classname="ptolemy.util.test.junit.AutoTests" name="[58] /home/travis/build/icyphy/ptII/ptolemy/domains/continuous/test/auto/FurutaPendulum.xml (RunModel)" time="3.674" />
  <testcase classname="ptolemy.util.test.junit.AutoTests" name="[59] /home/travis/build/icyphy/ptII/ptolemy/domains/continuous/test/auto/HierarchicalExecution.xml (RunModel)" time="2.295" />
  <testcase classname="ptolemy.util.test.junit.AutoTests" name="[60] /home/travis/build/icyphy/ptII/ptolemy/domains/continuous/test/auto/HybridPlant.xml (RunModel)" time="0.601" />
  <testcase classname="ptolemy.util.test.junit.AutoTests" name="[61] /home/travis/build/icyphy/ptII/ptolemy/domains/continuous/test/auto/Hysteresis.xml (RunModel)" time="0.197" />
  <testcase classname="ptolemy.util.test.junit.AutoTests" name="[62] /home/travis/build/icyphy/ptII/ptolemy/domains/continuous/test/auto/HysteresisWithRandomDelay.xml (RunModel)" time="0.217" />
  <testcase classname="ptolemy.util.test.junit.AutoTests" name="[63] /home/travis/build/icyphy/ptII/ptolemy/domains/continuous/test/auto/HysteresisWithRandomLosses.xml (RunModel)" time="2.555" />
  <testcase classname="ptolemy.util.test.junit.AutoTests" name="[64] /home/travis/build/icyphy/ptII/ptolemy/domains/continuous/test/auto/ImmediateTransitions.xml (RunModel)" time="0.029" />
  <testcase classname="ptolemy.util.test.junit.AutoTests" name="[65] /home/travis/build/icyphy/ptII/ptolemy/domains/continuous/test/auto/ImpulseFeedback.xml (RunModel)" time="0.022" />
  <testcase classname="ptolemy.util.test.junit.AutoTests" name="[66] /home/travis/build/icyphy/ptII/ptolemy/domains/continuous/test/auto/ImpulseFeedback2.xml (RunModel)" time="0.022" />
  <testcase classname="ptolemy.util.test.junit.AutoTests" name="[67] /home/travis/build/icyphy/ptII/ptolemy/domains/continuous/test/auto/IncreasingRatePoisson.xml (RunModel)" time="0.75" />
  <testcase classname="ptolemy.util.test.junit.AutoTests" name="[68] /home/travis/build/icyphy/ptII/ptolemy/domains/continuous/test/auto/InitialStateFeedback.xml (RunModel)" time="0.016" />
  <testcase classname="ptolemy.util.test.junit.AutoTests" name="[69] /home/travis/build/icyphy/ptII/ptolemy/domains/continuous/test/auto/Integration.xml (RunModel)" time="0.013" />
  <testcase classname="ptolemy.util.test.junit.AutoTests" name="[70] /home/travis/build/icyphy/ptII/ptolemy/domains/continuous/test/auto/Integration2.xml (RunModel)" time="0.098" />
  <testcase classname="ptolemy.util.test.junit.AutoTests" name="[71] /home/travis/build/icyphy/ptII/ptolemy/domains/continuous/test/auto/Integration3.xml (RunModel)" time="0.014" />
  <testcase classname="ptolemy.util.test.junit.AutoTests" name="[72] /home/travis/build/icyphy/ptII/ptolemy/domains/continuous/test/auto/Integration5.xml (RunModel)" time="0.014" />
  <testcase classname="ptolemy.util.test.junit.AutoTests" name="[73] /home/travis/build/icyphy/ptII/ptolemy/domains/continuous/test/auto/IntegratorImpulse.xml (RunModel)" time="0.01" />
  <testcase classname="ptolemy.util.test.junit.AutoTests" name="[74] /home/travis/build/icyphy/ptII/ptolemy/domains/continuous/test/auto/IntegratorImpulse2.xml (RunModel)" time="0.018" />
  <testcase classname="ptolemy.util.test.junit.AutoTests" name="[75] /home/travis/build/icyphy/ptII/ptolemy/domains/continuous/test/auto/LevelCrossing1.xml (RunModel)" time="0.013" />
  <testcase classname="ptolemy.util.test.junit.AutoTests" name="[76] /home/travis/build/icyphy/ptII/ptolemy/domains/continuous/test/auto/LevelCrossing2.xml (RunModel)" time="0.013" />
  <testcase classname="ptolemy.util.test.junit.AutoTests" name="[77] /home/travis/build/icyphy/ptII/ptolemy/domains/continuous/test/auto/LevelCrossing3.xml (RunModel)" time="0.015" />
  <testcase classname="ptolemy.util.test.junit.AutoTests" name="[78] /home/travis/build/icyphy/ptII/ptolemy/domains/continuous/test/auto/LevelCrossing4.xml (RunModel)" time="0.014" />
  <testcase classname="ptolemy.util.test.junit.AutoTests" name="[79] /home/travis/build/icyphy/ptII/ptolemy/domains/continuous/test/auto/LevelCrossing5.xml (RunModel)" time="0.022" />
  <testcase classname="ptolemy.util.test.junit.AutoTests" name="[80] /home/travis/build/icyphy/ptII/ptolemy/domains/continuous/test/auto/LevelCrossing6.xml (RunModel)" time="0.013" />
  <testcase classname="ptolemy.util.test.junit.AutoTests" name="[81] /home/travis/build/icyphy/ptII/ptolemy/domains/continuous/test/auto/LevelCrossingDetector.xml (RunModel)" time="0.046" />
  <testcase classname="ptolemy.util.test.junit.AutoTests" name="[82] /home/travis/build/icyphy/ptII/ptolemy/domains/continuous/test/auto/LevelCrossingDetectorDetectingDirections.xml (RunModel)" time="0.092" />
  <testcase classname="ptolemy.util.test.junit.AutoTests" name="[83] /home/travis/build/icyphy/ptII/ptolemy/domains/continuous/test/auto/LevelCrossingDetectorDetectsGlitches.xml (RunModel)" time="0.062" />
  <testcase classname="ptolemy.util.test.junit.AutoTests" name="[84] /home/travis/build/icyphy/ptII/ptolemy/domains/continuous/test/auto/LevelCrossingNoInitialOuput.xml (RunModel)" time="0.014" />
  <testcase classname="ptolemy.util.test.junit.AutoTests" name="[85] /home/travis/build/icyphy/ptII/ptolemy/domains/continuous/test/auto/LinearStateSpaceExample.xml (RunModel)" time="0.066" />
  <testcase classname="ptolemy.util.test.junit.AutoTests" name="[86] /home/travis/build/icyphy/ptII/ptolemy/domains/continuous/test/auto/Lorenz.xml (RunModel)" time="4.087" />
  <testcase classname="ptolemy.util.test.junit.AutoTests" name="[87] /home/travis/build/icyphy/ptII/ptolemy/domains/continuous/test/auto/LorenzDifferentialSystem.xml (RunModel)" time="1.105" />
  <testcase classname="ptolemy.util.test.junit.AutoTests" name="[88] /home/travis/build/icyphy/ptII/ptolemy/domains/continuous/test/auto/LorenzDifferentialSystemWithInput.xml (RunModel)" time="1.49" />
  <testcase classname="ptolemy.util.test.junit.AutoTests" name="[89] /home/travis/build/icyphy/ptII/ptolemy/domains/continuous/test/auto/LorenzDifferentialSystemWithTime.xml (RunModel)" time="0.874" />
  <testcase classname="ptolemy.util.test.junit.AutoTests" name="[90] /home/travis/build/icyphy/ptII/ptolemy/domains/continuous/test/auto/Microsteps.xml (RunModel)" time="0.029" />
  <testcase classname="ptolemy.util.test.junit.AutoTests" name="[91] /home/travis/build/icyphy/ptII/ptolemy/domains/continuous/test/auto/Modal1.xml (RunModel)" time="0.044" />
  <testcase classname="ptolemy.util.test.junit.AutoTests" name="[92] /home/travis/build/icyphy/ptII/ptolemy/domains/continuous/test/auto/Modal2.xml (RunModel)" time="0.057" />
  <testcase classname="ptolemy.util.test.junit.AutoTests" name="[93] /home/travis/build/icyphy/ptII/ptolemy/domains/continuous/test/auto/ModalTransitionGuardWithReset.xml (RunModel)" time="0.024" />
  <testcase classname="ptolemy.util.test.junit.AutoTests" name="[94] /home/travis/build/icyphy/ptII/ptolemy/domains/continuous/test/auto/ModalTransitionGuardWithResetUsingPreemptiveTransition.xml (RunModel)" time="0.025" />
  <testcase classname="ptolemy.util.test.junit.AutoTests" name="[95] /home/travis/build/icyphy/ptII/ptolemy/domains/continuous/test/auto/ModalTransitionGuardWithResetUsingPreemptiveTransition2.xml (RunModel)" time="0.028" />
  <testcase classname="ptolemy.util.test.junit.AutoTests" name="[96] /home/travis/build/icyphy/ptII/ptolemy/domains/continuous/test/auto/ModalTransitionGuardWithResetUsingPreemptiveTransition3.xml (RunModel)" time="0.03" />
  <testcase classname="ptolemy.util.test.junit.AutoTests" name="[97] /home/travis/build/icyphy/ptII/ptolemy/domains/continuous/test/auto/NewtonsCradle.xml (RunModel)" time="0.823" />
  <testcase classname="ptolemy.util.test.junit.AutoTests" name="[98] /home/travis/build/icyphy/ptII/ptolemy/domains/continuous/test/auto/NewtonsCradleAnimated.xml (RunModel)" time="1.325" />
  <testcase classname="ptolemy.util.test.junit.AutoTests" name="[99] /home/travis/build/icyphy/ptII/ptolemy/domains/continuous/test/auto/NewtonsCradleComplicated.xml (RunModel)" time="0.953" />
  <testcase classname="ptolemy.util.test.junit.AutoTests" name="[100] /home/travis/build/icyphy/ptII/ptolemy/domains/continuous/test/auto/NewtonsCradleNondeterministic.xml (RunModel)" time="0.638" />
  <testcase classname="ptolemy.util.test.junit.AutoTests" name="[101] /home/travis/build/icyphy/ptII/ptolemy/domains/continuous/test/auto/NewtonsCradlePerfectlyInelastic1.xml (RunModel)" time="1.275" />
  <testcase classname="ptolemy.util.test.junit.AutoTests" name="[102] /home/travis/build/icyphy/ptII/ptolemy/domains/continuous/test/auto/Noise.xml (RunModel)" time="0.189" />
  <testcase classname="ptolemy.util.test.junit.AutoTests" name="[103] /home/travis/build/icyphy/ptII/ptolemy/domains/continuous/test/auto/NoiseSpectrum.xml (RunModel)" time="0.798" />
  <testcase classname="ptolemy.util.test.junit.AutoTests" name="[104] /home/travis/build/icyphy/ptII/ptolemy/domains/continuous/test/auto/ParameterizedNewtonsCradleAnimated.xml (RunModel)" time="0.418" />
  <testcase classname="ptolemy.util.test.junit.AutoTests" name="[105] /home/travis/build/icyphy/ptII/ptolemy/domains/continuous/test/auto/ParameterizedNewtonsCradleAnimatedNondeterministic.xml (RunModel)" time="1.216" />
  <testcase classname="ptolemy.util.test.junit.AutoTests" name="[106] /home/travis/build/icyphy/ptII/ptolemy/domains/continuous/test/auto/Pendulum3D.xml (RunModel)" time="0.181" />
  <testcase classname="ptolemy.util.test.junit.AutoTests" name="[107] /home/travis/build/icyphy/ptII/ptolemy/domains/continuous/test/auto/PeriodicSampler.xml (RunModel)" time="0.012" />
  <testcase classname="ptolemy.util.test.junit.AutoTests" name="[108] /home/travis/build/icyphy/ptII/ptolemy/domains/continuous/test/auto/PeriodicSampler1.xml (RunModel)" time="0.05" />
  <testcase classname="ptolemy.util.test.junit.AutoTests" name="[109] /home/travis/build/icyphy/ptII/ptolemy/domains/continuous/test/auto/PeriodicSampler2.xml (RunModel)" time="0.083" />
  <testcase classname="ptolemy.util.test.junit.AutoTests" name="[110] /home/travis/build/icyphy/ptII/ptolemy/domains/continuous/test/auto/Poisson.xml (RunModel)" time="0.428" />
  <testcase classname="ptolemy.util.test.junit.AutoTests" name="[111] /home/travis/build/icyphy/ptII/ptolemy/domains/continuous/test/auto/PoissonClock.xml (RunModel)" time="0.011" />
  <testcase classname="ptolemy.util.test.junit.AutoTests" name="[112] /home/travis/build/icyphy/ptII/ptolemy/domains/continuous/test/auto/PoissonClock2.xml (RunModel)" time="0.012" />
  <testcase classname="ptolemy.util.test.junit.AutoTests" name="[113] /home/travis/build/icyphy/ptII/ptolemy/domains/continuous/test/auto/PortParameterHierarchy.xml (RunModel)" time="0.025" />
  <testcase classname="ptolemy.util.test.junit.AutoTests" name="[114] /home/travis/build/icyphy/ptII/ptolemy/domains/continuous/test/auto/RandomHybridPlant.xml (RunModel)" time="0.607" />
  <testcase classname="ptolemy.util.test.junit.AutoTests" name="[115] /home/travis/build/icyphy/ptII/ptolemy/domains/continuous/test/auto/ResetTransitionWithStartTime1.xml (RunModel)" time="0.039" />
  <testcase classname="ptolemy.util.test.junit.AutoTests" name="[116] /home/travis/build/icyphy/ptII/ptolemy/domains/continuous/test/auto/ResetTransitionWithStartTime2.xml (RunModel)" time="0.039" />
  <testcase classname="ptolemy.util.test.junit.AutoTests" name="[117] /home/travis/build/icyphy/ptII/ptolemy/domains/continuous/test/auto/ResetTransitionWithStartTime3.xml (RunModel)" time="0.038" />
  <testcase classname="ptolemy.util.test.junit.AutoTests" name="[118] /home/travis/build/icyphy/ptII/ptolemy/domains/continuous/test/auto/ResetTransitionWithStartTime4.xml (RunModel)" time="0.028" />
  <testcase classname="ptolemy.util.test.junit.AutoTests" name="[119] /home/travis/build/icyphy/ptII/ptolemy/domains/continuous/test/auto/ResetTransitionWithStartTime5.xml (RunModel)" time="0.033" />
  <testcase classname="ptolemy.util.test.junit.AutoTests" name="[120] /home/travis/build/icyphy/ptII/ptolemy/domains/continuous/test/auto/ResetTransitionWithStartTime6.xml (RunModel)" time="0.03" />
  <testcase classname="ptolemy.util.test.junit.AutoTests" name="[121] /home/travis/build/icyphy/ptII/ptolemy/domains/continuous/test/auto/SRinContinuous.xml (RunModel)" time="0.025" />
  <testcase classname="ptolemy.util.test.junit.AutoTests" name="[122] /home/travis/build/icyphy/ptII/ptolemy/domains/continuous/test/auto/SampledClocks.xml (RunModel)" time="0.045" />
  <testcase classname="ptolemy.util.test.junit.AutoTests" name="[123] /home/travis/build/icyphy/ptII/ptolemy/domains/continuous/test/auto/Satellite.xml (RunModel)" time="0.807" />
  <testcase classname="ptolemy.util.test.junit.AutoTests" name="[124] /home/travis/build/icyphy/ptII/ptolemy/domains/continuous/test/auto/SigmaDelta.xml (RunModel)" time="2.281" />
  <testcase classname="ptolemy.util.test.junit.AutoTests" name="[125] /home/travis/build/icyphy/ptII/ptolemy/domains/continuous/test/auto/SingleRefinement.xml (RunModel)" time="0.429" />
  <testcase classname="ptolemy.util.test.junit.AutoTests" name="[126] /home/travis/build/icyphy/ptII/ptolemy/domains/continuous/test/auto/SinuBouncingBall.xml (RunModel)" time="0.876" />
  <testcase classname="ptolemy.util.test.junit.AutoTests" name="[127] /home/travis/build/icyphy/ptII/ptolemy/domains/continuous/test/auto/Sinusoid.xml (RunModel)" time="0.017" />
  <testcase classname="ptolemy.util.test.junit.AutoTests" name="[128] /home/travis/build/icyphy/ptII/ptolemy/domains/continuous/test/auto/SinusoidInNoise.xml (RunModel)" time="1.068" />
  <testcase classname="ptolemy.util.test.junit.AutoTests" name="[129] /home/travis/build/icyphy/ptII/ptolemy/domains/continuous/test/auto/SinusoidRK45.xml (RunModel)" time="0.011" />
  <testcase classname="ptolemy.util.test.junit.AutoTests" name="[130] /home/travis/build/icyphy/ptII/ptolemy/domains/continuous/test/auto/SinusoidWithMultipleImpulses.xml (RunModel)" time="0.01" />
  <testcase classname="ptolemy.util.test.junit.AutoTests" name="[131] /home/travis/build/icyphy/ptII/ptolemy/domains/continuous/test/auto/SquareWave.xml (RunModel)" time="0.199" />
  <testcase classname="ptolemy.util.test.junit.AutoTests" name="[132] /home/travis/build/icyphy/ptII/ptolemy/domains/continuous/test/auto/Starmac.xml (RunModel)" time="3.375" />
  <testcase classname="ptolemy.util.test.junit.AutoTests" name="[133] /home/travis/build/icyphy/ptII/ptolemy/domains/continuous/test/auto/StaticUnits.xml (RunModel)" time="3.141" />
  <testcase classname="ptolemy.util.test.junit.AutoTests" name="[134] /home/travis/build/icyphy/ptII/ptolemy/domains/continuous/test/auto/StickyMasses.xml (RunModel)" time="0.212" />
  <testcase classname="ptolemy.util.test.junit.AutoTests" name="[135] /home/travis/build/icyphy/ptII/ptolemy/domains/continuous/test/auto/StopTime.xml (RunModel)" time="0.069" />
  <testcase classname="ptolemy.util.test.junit.AutoTests" name="[136] /home/travis/build/icyphy/ptII/ptolemy/domains/continuous/test/auto/StopTime2.xml (RunModel)" time="0.06" />
  <testcase classname="ptolemy.util.test.junit.AutoTests" name="[137] /home/travis/build/icyphy/ptII/ptolemy/domains/continuous/test/auto/Switch.xml (RunModel)" time="0.059" />
  <testcase classname="ptolemy.util.test.junit.AutoTests" name="[138] /home/travis/build/icyphy/ptII/ptolemy/domains/continuous/test/auto/Thermostat.xml (RunModel)" time="0.201" />
  <testcase classname="ptolemy.util.test.junit.AutoTests" name="[139] /home/travis/build/icyphy/ptII/ptolemy/domains/continuous/test/auto/TimeDelay.xml (RunModel)" time="0.015" />
  <testcase classname="ptolemy.util.test.junit.AutoTests" name="[140] /home/travis/build/icyphy/ptII/ptolemy/domains/continuous/test/auto/TimeDelay2.xml (RunModel)" time="0.026" />
  <testcase classname="ptolemy.util.test.junit.AutoTests" name="[141] /home/travis/build/icyphy/ptII/ptolemy/domains/continuous/test/auto/TimeDelay3.xml (RunModel)" time="0.015" />
  <testcase classname="ptolemy.util.test.junit.AutoTests" name="[142] /home/travis/build/icyphy/ptII/ptolemy/domains/continuous/test/auto/TransferAbsentToInside.xml (RunModel)" time="0.151" />
  <testcase classname="ptolemy.util.test.junit.AutoTests" name="[143] /home/travis/build/icyphy/ptII/ptolemy/domains/continuous/test/auto/Transmission.xml (RunModel)" time="0.827" />
  <testcase classname="ptolemy.util.test.junit.AutoTests" name="[144] /home/travis/build/icyphy/ptII/ptolemy/domains/continuous/test/auto/TriggeredContinuousClock.xml (RunModel)" time="0.068" />
  <testcase classname="ptolemy.util.test.junit.AutoTests" name="[145] /home/travis/build/icyphy/ptII/ptolemy/domains/continuous/test/auto/TwoMachineInfiniteBusControl.xml (RunModel)" time="3.138" />
  <testcase classname="ptolemy.util.test.junit.AutoTests" name="[146] /home/travis/build/icyphy/ptII/ptolemy/domains/continuous/test/auto/V2V.xml (RunModel)" time="1.033" />
  <testcase classname="ptolemy.util.test.junit.AutoTests" name="[147] /home/travis/build/icyphy/ptII/ptolemy/domains/continuous/test/auto/hierarchicalModalModel.xml (RunModel)" time="0.034" />
  <testcase classname="ptolemy.util.test.junit.AutoTests" name="[148] /home/travis/build/icyphy/ptII/ptolemy/domains/continuous/test/auto/hierarchicalModalModel1.xml (RunModel)" time="0.03" />
  <testcase classname="ptolemy.util.test.junit.AutoTests" name="[149] /home/travis/build/icyphy/ptII/ptolemy/domains/continuous/test/auto/hierarchicalModalModel2.xml (RunModel)" time="0.028" />
  <testcase classname="ptolemy.util.test.junit.AutoTests" name="[150] /home/travis/build/icyphy/ptII/ptolemy/domains/continuous/test/auto/hierarchicalModalModel3.xml (RunModel)" time="0.024" />
  <testcase classname="ptolemy.util.test.junit.AutoTests" name="[151] /home/travis/build/icyphy/ptII/ptolemy/domains/continuous/test/auto/hierarchicalModalModel4.xml (RunModel)" time="0.026" />
  <testcase classname="ptolemy.util.test.junit.AutoTests" name="[152] /home/travis/build/icyphy/ptII/ptolemy/domains/continuous/test/auto/junk.xml (RunModel)" time="0.169" />
  <system-out><![CDATA[No tcl tests in /home/travis/build/icyphy/ptII/ptolemy/domains/continuous/test
No auto/knownFailedTests/*.xml tests in /home/travis/build/icyphy/ptII/ptolemy/domains/continuous/test
No auto/linux-amd64/*.xml tests in /home/travis/build/icyphy/ptII/ptolemy/domains/continuous/test
AutoTests.java: About to close Vertx.
AutoTests.java: Vertx closed.

===========================================================================================
----------------- testing Thu Aug 29 05:27:14 UTC 2019 /home/travis/build/icyphy/ptII/ptolemy/domains/continuous/test/auto/BouncingBall.xml
----------------- Instantiating /home/travis/build/icyphy/ptII/ptolemy/domains/continuous/test/auto/BouncingBall.xml
2451 ms. Memory: 152576K Free: 96185K (63%)
----------------- Invoking toplevel() on ptolemy.moml.MoMLSimpleApplication@def6e1a
----------------- Done invoking toplevel() on ptolemy.moml.MoMLSimpleApplication@def6e1a
reloadAllAccessors: .BouncingBall

===========================================================================================
----------------- testing Thu Aug 29 05:27:17 UTC 2019 /home/travis/build/icyphy/ptII/ptolemy/domains/continuous/test/auto/BouncingBallWithoutGR.xml
----------------- Instantiating /home/travis/build/icyphy/ptII/ptolemy/domains/continuous/test/auto/BouncingBallWithoutGR.xml
915 ms. Memory: 152576K Free: 95023K (62%)
----------------- Invoking toplevel() on ptolemy.moml.MoMLSimpleApplication@3bc47196
----------------- Done invoking toplevel() on ptolemy.moml.MoMLSimpleApplication@3bc47196
reloadAllAccessors: .BouncingBallWithoutGR

===========================================================================================
----------------- testing Thu Aug 29 05:27:18 UTC 2019 /home/travis/build/icyphy/ptII/ptolemy/domains/continuous/test/auto/Brownian.xml
----------------- Instantiating /home/travis/build/icyphy/ptII/ptolemy/domains/continuous/test/auto/Brownian.xml
29 ms. Memory: 152576K Free: 86317K (57%)
----------------- Invoking toplevel() on ptolemy.moml.MoMLSimpleApplication@71e81509
----------------- Done invoking toplevel() on ptolemy.moml.MoMLSimpleApplication@71e81509
reloadAllAccessors: .Brownian

===========================================================================================
----------------- testing Thu Aug 29 05:27:18 UTC 2019 /home/travis/build/icyphy/ptII/ptolemy/domains/continuous/test/auto/CarTracking.xml
----------------- Instantiating /home/travis/build/icyphy/ptII/ptolemy/domains/continuous/test/auto/CarTracking.xml
3365 ms. Memory: 220160K Free: 159390K (72%)
----------------- Invoking toplevel() on ptolemy.moml.MoMLSimpleApplication@157c1814
----------------- Done invoking toplevel() on ptolemy.moml.MoMLSimpleApplication@157c1814
reloadAllAccessors: .CarTracking

===========================================================================================
----------------- testing Thu Aug 29 05:27:22 UTC 2019 /home/travis/build/icyphy/ptII/ptolemy/domains/continuous/test/auto/CartPendulum.xml
----------------- Instantiating /home/travis/build/icyphy/ptII/ptolemy/domains/continuous/test/auto/CartPendulum.xml
406 ms. Memory: 220160K Free: 197801K (90%)
----------------- Invoking toplevel() on ptolemy.moml.MoMLSimpleApplication@27475cc0
----------------- Done invoking toplevel() on ptolemy.moml.MoMLSimpleApplication@27475cc0
reloadAllAccessors: .CartPendulum

===========================================================================================
----------------- testing Thu Aug 29 05:27:22 UTC 2019 /home/travis/build/icyphy/ptII/ptolemy/domains/continuous/test/auto/CausalityInterface10.xml
----------------- Instantiating /home/travis/build/icyphy/ptII/ptolemy/domains/continuous/test/auto/CausalityInterface10.xml
14 ms. Memory: 220160K Free: 187047K (85%)
----------------- Invoking toplevel() on ptolemy.moml.MoMLSimpleApplication@2fd1461
----------------- Done invoking toplevel() on ptolemy.moml.MoMLSimpleApplication@2fd1461
reloadAllAccessors: .CausalityInterface10

===========================================================================================
----------------- testing Thu Aug 29 05:27:22 UTC 2019 /home/travis/build/icyphy/ptII/ptolemy/domains/continuous/test/auto/CausalityInterface11.xml
----------------- Instantiating /home/travis/build/icyphy/ptII/ptolemy/domains/continuous/test/auto/CausalityInterface11.xml
8 ms. Memory: 220160K Free: 180889K (82%)
----------------- Invoking toplevel() on ptolemy.moml.MoMLSimpleApplication@6ca63f2b
----------------- Done invoking toplevel() on ptolemy.moml.MoMLSimpleApplication@6ca63f2b
reloadAllAccessors: .CausalityInterface11

===========================================================================================
----------------- testing Thu Aug 29 05:27:22 UTC 2019 /home/travis/build/icyphy/ptII/ptolemy/domains/continuous/test/auto/CausalityInterface12.xml
----------------- Instantiating /home/travis/build/icyphy/ptII/ptolemy/domains/continuous/test/auto/CausalityInterface12.xml
13 ms. Memory: 220160K Free: 174745K (79%)
----------------- Invoking toplevel() on ptolemy.moml.MoMLSimpleApplication@313bcb2c
----------------- Done invoking toplevel() on ptolemy.moml.MoMLSimpleApplication@313bcb2c
reloadAllAccessors: .CausalityInterface12

===========================================================================================
----------------- testing Thu Aug 29 05:27:22 UTC 2019 /home/travis/build/icyphy/ptII/ptolemy/domains/continuous/test/auto/CausalityInterface13.xml
----------------- Instantiating /home/travis/build/icyphy/ptII/ptolemy/domains/continuous/test/auto/CausalityInterface13.xml
13 ms. Memory: 220160K Free: 168601K (77%)
----------------- Invoking toplevel() on ptolemy.moml.MoMLSimpleApplication@207f14aa
----------------- Done invoking toplevel() on ptolemy.moml.MoMLSimpleApplication@207f14aa
reloadAllAccessors: .CausalityInterface13

===========================================================================================
----------------- testing Thu Aug 29 05:27:22 UTC 2019 /home/travis/build/icyphy/ptII/ptolemy/domains/continuous/test/auto/CausalityInterface14.xml
----------------- Instantiating /home/travis/build/icyphy/ptII/ptolemy/domains/continuous/test/auto/CausalityInterface14.xml
6 ms. Memory: 220160K Free: 162985K (74%)
----------------- Invoking toplevel() on ptolemy.moml.MoMLSimpleApplication@1280eb8b
----------------- Done invoking toplevel() on ptolemy.moml.MoMLSimpleApplication@1280eb8b
reloadAllAccessors: .CausalityInterface14

===========================================================================================
----------------- testing Thu Aug 29 05:27:22 UTC 2019 /home/travis/build/icyphy/ptII/ptolemy/domains/continuous/test/auto/CausalityInterface4.xml
----------------- Instantiating /home/travis/build/icyphy/ptII/ptolemy/domains/continuous/test/auto/CausalityInterface4.xml
5 ms. Memory: 220160K Free: 155817K (71%)
----------------- Invoking toplevel() on ptolemy.moml.MoMLSimpleApplication@44286b76
----------------- Done invoking toplevel() on ptolemy.moml.MoMLSimpleApplication@44286b76
reloadAllAccessors: .CausalityInterface4

===========================================================================================
----------------- testing Thu Aug 29 05:27:22 UTC 2019 /home/travis/build/icyphy/ptII/ptolemy/domains/continuous/test/auto/CausalityInterface5.xml
----------------- Instantiating /home/travis/build/icyphy/ptII/ptolemy/domains/continuous/test/auto/CausalityInterface5.xml
7 ms. Memory: 220160K Free: 147625K (67%)
----------------- Invoking toplevel() on ptolemy.moml.MoMLSimpleApplication@3b63d3ce
----------------- Done invoking toplevel() on ptolemy.moml.MoMLSimpleApplication@3b63d3ce
reloadAllAccessors: .CausalityInterface5

===========================================================================================
----------------- testing Thu Aug 29 05:27:22 UTC 2019 /home/travis/build/icyphy/ptII/ptolemy/domains/continuous/test/auto/CausalityInterface6.xml
----------------- Instantiating /home/travis/build/icyphy/ptII/ptolemy/domains/continuous/test/auto/CausalityInterface6.xml
4 ms. Memory: 220160K Free: 142505K (65%)
----------------- Invoking toplevel() on ptolemy.moml.MoMLSimpleApplication@6aba0b09
----------------- Done invoking toplevel() on ptolemy.moml.MoMLSimpleApplication@6aba0b09
reloadAllAccessors: .CausalityInterface6

===========================================================================================
----------------- testing Thu Aug 29 05:27:23 UTC 2019 /home/travis/build/icyphy/ptII/ptolemy/domains/continuous/test/auto/CausalityInterface7.xml
----------------- Instantiating /home/travis/build/icyphy/ptII/ptolemy/domains/continuous/test/auto/CausalityInterface7.xml
11 ms. Memory: 220160K Free: 133799K (61%)
----------------- Invoking toplevel() on ptolemy.moml.MoMLSimpleApplication@48c3cb4c
----------------- Done invoking toplevel() on ptolemy.moml.MoMLSimpleApplication@48c3cb4c
reloadAllAccessors: .CausalityInterface7

===========================================================================================
----------------- testing Thu Aug 29 05:27:23 UTC 2019 /home/travis/build/icyphy/ptII/ptolemy/domains/continuous/test/auto/CausalityInterface8.xml
----------------- Instantiating /home/travis/build/icyphy/ptII/ptolemy/domains/continuous/test/auto/CausalityInterface8.xml
9 ms. Memory: 220160K Free: 124583K (57%)
----------------- Invoking toplevel() on ptolemy.moml.MoMLSimpleApplication@522f5127
----------------- Done invoking toplevel() on ptolemy.moml.MoMLSimpleApplication@522f5127
reloadAllAccessors: .CausalityInterface8

===========================================================================================
----------------- testing Thu Aug 29 05:27:23 UTC 2019 /home/travis/build/icyphy/ptII/ptolemy/domains/continuous/test/auto/CausalityInterface9.xml
----------------- Instantiating /home/travis/build/icyphy/ptII/ptolemy/domains/continuous/test/auto/CausalityInterface9.xml
10 ms. Memory: 220160K Free: 113833K (52%)
----------------- Invoking toplevel() on ptolemy.moml.MoMLSimpleApplication@45ce215d
----------------- Done invoking toplevel() on ptolemy.moml.MoMLSimpleApplication@45ce215d
reloadAllAccessors: .CausalityInterface9

===========================================================================================
----------------- testing Thu Aug 29 05:27:23 UTC 2019 /home/travis/build/icyphy/ptII/ptolemy/domains/continuous/test/auto/CausalityInterfaceFeedback1.xml
----------------- Instantiating /home/travis/build/icyphy/ptII/ptolemy/domains/continuous/test/auto/CausalityInterfaceFeedback1.xml
5 ms. Memory: 220160K Free: 107145K (49%)
----------------- Invoking toplevel() on ptolemy.moml.MoMLSimpleApplication@4906b80b
----------------- Done invoking toplevel() on ptolemy.moml.MoMLSimpleApplication@4906b80b
reloadAllAccessors: .CausalityInterfaceFeedback1

===========================================================================================
----------------- testing Thu Aug 29 05:27:23 UTC 2019 /home/travis/build/icyphy/ptII/ptolemy/domains/continuous/test/auto/CausalityInterfaceFeedback2.xml
----------------- Instantiating /home/travis/build/icyphy/ptII/ptolemy/domains/continuous/test/auto/CausalityInterfaceFeedback2.xml
8 ms. Memory: 220160K Free: 100521K (46%)
----------------- Invoking toplevel() on ptolemy.moml.MoMLSimpleApplication@521d114d
----------------- Done invoking toplevel() on ptolemy.moml.MoMLSimpleApplication@521d114d
reloadAllAccessors: .CausalityInterfaceFeedback2

===========================================================================================
----------------- testing Thu Aug 29 05:27:23 UTC 2019 /home/travis/build/icyphy/ptII/ptolemy/domains/continuous/test/auto/CompareWithCurrentTime.xml
----------------- Instantiating /home/travis/build/icyphy/ptII/ptolemy/domains/continuous/test/auto/CompareWithCurrentTime.xml
3 ms. Memory: 220160K Free: 96425K (44%)
----------------- Invoking toplevel() on ptolemy.moml.MoMLSimpleApplication@4e255fc9
----------------- Done invoking toplevel() on ptolemy.moml.MoMLSimpleApplication@4e255fc9
reloadAllAccessors: .CompareWithCurrentTime

===========================================================================================
----------------- testing Thu Aug 29 05:27:23 UTC 2019 /home/travis/build/icyphy/ptII/ptolemy/domains/continuous/test/auto/ComparedClocks.xml
----------------- Instantiating /home/travis/build/icyphy/ptII/ptolemy/domains/continuous/test/auto/ComparedClocks.xml
8 ms. Memory: 220160K Free: 81065K (37%)
----------------- Invoking toplevel() on ptolemy.moml.MoMLSimpleApplication@1b062c29
----------------- Done invoking toplevel() on ptolemy.moml.MoMLSimpleApplication@1b062c29
reloadAllAccessors: .ComparedClocks

===========================================================================================
----------------- testing Thu Aug 29 05:27:23 UTC 2019 /home/travis/build/icyphy/ptII/ptolemy/domains/continuous/test/auto/ContinuousAOCClone.xml
----------------- Instantiating /home/travis/build/icyphy/ptII/ptolemy/domains/continuous/test/auto/ContinuousAOCClone.xml
2530 ms. Memory: 264192K Free: 153923K (58%)
----------------- Invoking toplevel() on ptolemy.moml.MoMLSimpleApplication@799ed989
----------------- Done invoking toplevel() on ptolemy.moml.MoMLSimpleApplication@799ed989
reloadAllAccessors: .ContinuousAOCClone

===========================================================================================
----------------- testing Thu Aug 29 05:27:26 UTC 2019 /home/travis/build/icyphy/ptII/ptolemy/domains/continuous/test/auto/ContinuousClock.xml
----------------- Instantiating /home/travis/build/icyphy/ptII/ptolemy/domains/continuous/test/auto/ContinuousClock.xml
41 ms. Memory: 264192K Free: 132395K (50%)
----------------- Invoking toplevel() on ptolemy.moml.MoMLSimpleApplication@4ead77e0
----------------- Done invoking toplevel() on ptolemy.moml.MoMLSimpleApplication@4ead77e0
reloadAllAccessors: .ContinuousClock

===========================================================================================
----------------- testing Thu Aug 29 05:27:26 UTC 2019 /home/travis/build/icyphy/ptII/ptolemy/domains/continuous/test/auto/ContinuousInContinuous.xml
----------------- Instantiating /home/travis/build/icyphy/ptII/ptolemy/domains/continuous/test/auto/ContinuousInContinuous.xml
42 ms. Memory: 264192K Free: 108867K (41%)
----------------- Invoking toplevel() on ptolemy.moml.MoMLSimpleApplication@68f3af8
----------------- Done invoking toplevel() on ptolemy.moml.MoMLSimpleApplication@68f3af8
reloadAllAccessors: .ContinuousInContinuous

===========================================================================================
----------------- testing Thu Aug 29 05:27:26 UTC 2019 /home/travis/build/icyphy/ptII/ptolemy/domains/continuous/test/auto/ContinuousInContinuousInContinuous.xml
----------------- Instantiating /home/travis/build/icyphy/ptII/ptolemy/domains/continuous/test/auto/ContinuousInContinuousInContinuous.xml
7 ms. Memory: 264192K Free: 101195K (38%)
----------------- Invoking toplevel() on ptolemy.moml.MoMLSimpleApplication@13d192ba
----------------- Done invoking toplevel() on ptolemy.moml.MoMLSimpleApplication@13d192ba
reloadAllAccessors: .ContinuousInContinuousInContinuous

===========================================================================================
----------------- testing Thu Aug 29 05:27:26 UTC 2019 /home/travis/build/icyphy/ptII/ptolemy/domains/continuous/test/auto/ContinuousInDE.xml
----------------- Instantiating /home/travis/build/icyphy/ptII/ptolemy/domains/continuous/test/auto/ContinuousInDE.xml
108 ms. Memory: 264192K Free: 246310K (93%)
----------------- Invoking toplevel() on ptolemy.moml.MoMLSimpleApplication@270c5f67
----------------- Done invoking toplevel() on ptolemy.moml.MoMLSimpleApplication@270c5f67
reloadAllAccessors: .ContinuousInDE

===========================================================================================
----------------- testing Thu Aug 29 05:27:26 UTC 2019 /home/travis/build/icyphy/ptII/ptolemy/domains/continuous/test/auto/ContinuousInDE2.xml
----------------- Instantiating /home/travis/build/icyphy/ptII/ptolemy/domains/continuous/test/auto/ContinuousInDE2.xml
36 ms. Memory: 264192K Free: 236356K (89%)
----------------- Invoking toplevel() on ptolemy.moml.MoMLSimpleApplication@7e1df7fa
----------------- Done invoking toplevel() on ptolemy.moml.MoMLSimpleApplication@7e1df7fa
reloadAllAccessors: .ContinuousInDE2

===========================================================================================
----------------- testing Thu Aug 29 05:27:26 UTC 2019 /home/travis/build/icyphy/ptII/ptolemy/domains/continuous/test/auto/ContinuousInDE3.xml
----------------- Instantiating /home/travis/build/icyphy/ptII/ptolemy/domains/continuous/test/auto/ContinuousInDE3.xml
38 ms. Memory: 264192K Free: 227140K (86%)
----------------- Invoking toplevel() on ptolemy.moml.MoMLSimpleApplication@7c962238
----------------- Done invoking toplevel() on ptolemy.moml.MoMLSimpleApplication@7c962238
reloadAllAccessors: .ContinuousInDE3

===========================================================================================
----------------- testing Thu Aug 29 05:27:26 UTC 2019 /home/travis/build/icyphy/ptII/ptolemy/domains/continuous/test/auto/ContinuousInDE4.xml
----------------- Instantiating /home/travis/build/icyphy/ptII/ptolemy/domains/continuous/test/auto/ContinuousInDE4.xml
18 ms. Memory: 264192K Free: 220996K (84%)
----------------- Invoking toplevel() on ptolemy.moml.MoMLSimpleApplication@61fd33f5
----------------- Done invoking toplevel() on ptolemy.moml.MoMLSimpleApplication@61fd33f5
reloadAllAccessors: .ContinuousInDE4

===========================================================================================
----------------- testing Thu Aug 29 05:27:26 UTC 2019 /home/travis/build/icyphy/ptII/ptolemy/domains/continuous/test/auto/ContinuousInDEDifferentRefinements.xml
----------------- Instantiating /home/travis/build/icyphy/ptII/ptolemy/domains/continuous/test/auto/ContinuousInDEDifferentRefinements.xml
76 ms. Memory: 264192K Free: 190779K (72%)
----------------- Invoking toplevel() on ptolemy.moml.MoMLSimpleApplication@7cc4d7c0
----------------- Done invoking toplevel() on ptolemy.moml.MoMLSimpleApplication@7cc4d7c0
reloadAllAccessors: .ContinuousInDEDifferentRefinements

===========================================================================================
----------------- testing Thu Aug 29 05:27:26 UTC 2019 /home/travis/build/icyphy/ptII/ptolemy/domains/continuous/test/auto/ContinuousInDEDifferentRefinementsPreemptive.xml
----------------- Instantiating /home/travis/build/icyphy/ptII/ptolemy/domains/continuous/test/auto/ContinuousInDEDifferentRefinementsPreemptive.xml
51 ms. Memory: 264192K Free: 160059K (61%)
----------------- Invoking toplevel() on ptolemy.moml.MoMLSimpleApplication@244ec54b
----------------- Done invoking toplevel() on ptolemy.moml.MoMLSimpleApplication@244ec54b
reloadAllAccessors: .ContinuousInDEDifferentRefinementsPreemptive

===========================================================================================
----------------- testing Thu Aug 29 05:27:26 UTC 2019 /home/travis/build/icyphy/ptII/ptolemy/domains/continuous/test/auto/ContinuousInDEInContinuous2.xml
----------------- Instantiating /home/travis/build/icyphy/ptII/ptolemy/domains/continuous/test/auto/ContinuousInDEInContinuous2.xml
35 ms. Memory: 264192K Free: 148802K (56%)
----------------- Invoking toplevel() on ptolemy.moml.MoMLSimpleApplication@483fa1ac
----------------- Done invoking toplevel() on ptolemy.moml.MoMLSimpleApplication@483fa1ac
reloadAllAccessors: .ContinuousInDEInContinuous2

===========================================================================================
----------------- testing Thu Aug 29 05:27:26 UTC 2019 /home/travis/build/icyphy/ptII/ptolemy/domains/continuous/test/auto/ContinuousInDEInContinuous3.xml
----------------- Instantiating /home/travis/build/icyphy/ptII/ptolemy/domains/continuous/test/auto/ContinuousInDEInContinuous3.xml
33 ms. Memory: 264192K Free: 136514K (52%)
----------------- Invoking toplevel() on ptolemy.moml.MoMLSimpleApplication@31692967
----------------- Done invoking toplevel() on ptolemy.moml.MoMLSimpleApplication@31692967
reloadAllAccessors: .ContinuousInDEInContinuous3

===========================================================================================
----------------- testing Thu Aug 29 05:27:27 UTC 2019 /home/travis/build/icyphy/ptII/ptolemy/domains/continuous/test/auto/ContinuousInDEInput.xml
----------------- Instantiating /home/travis/build/icyphy/ptII/ptolemy/domains/continuous/test/auto/ContinuousInDEInput.xml
17 ms. Memory: 264192K Free: 129346K (49%)
----------------- Invoking toplevel() on ptolemy.moml.MoMLSimpleApplication@478d5612
----------------- Done invoking toplevel() on ptolemy.moml.MoMLSimpleApplication@478d5612
reloadAllAccessors: .ContinuousInDEInput

===========================================================================================
----------------- testing Thu Aug 29 05:27:27 UTC 2019 /home/travis/build/icyphy/ptII/ptolemy/domains/continuous/test/auto/ContinuousInDEInput2.xml
----------------- Instantiating /home/travis/build/icyphy/ptII/ptolemy/domains/continuous/test/auto/ContinuousInDEInput2.xml
17 ms. Memory: 264192K Free: 122178K (46%)
----------------- Invoking toplevel() on ptolemy.moml.MoMLSimpleApplication@480d798a
----------------- Done invoking toplevel() on ptolemy.moml.MoMLSimpleApplication@480d798a
reloadAllAccessors: .ContinuousInDEInput2

===========================================================================================
----------------- testing Thu Aug 29 05:27:27 UTC 2019 /home/travis/build/icyphy/ptII/ptolemy/domains/continuous/test/auto/ContinuousInDEInput3.xml
----------------- Instantiating /home/travis/build/icyphy/ptII/ptolemy/domains/continuous/test/auto/ContinuousInDEInput3.xml
18 ms. Memory: 264192K Free: 115010K (44%)
----------------- Invoking toplevel() on ptolemy.moml.MoMLSimpleApplication@21ab58a0
----------------- Done invoking toplevel() on ptolemy.moml.MoMLSimpleApplication@21ab58a0
reloadAllAccessors: .ContinuousInDEInput3

===========================================================================================
----------------- testing Thu Aug 29 05:27:27 UTC 2019 /home/travis/build/icyphy/ptII/ptolemy/domains/continuous/test/auto/ContinuousInDESharingRefinement.xml
----------------- Instantiating /home/travis/build/icyphy/ptII/ptolemy/domains/continuous/test/auto/ContinuousInDESharingRefinement.xml
141 ms. Memory: 264192K Free: 177275K (67%)
----------------- Invoking toplevel() on ptolemy.moml.MoMLSimpleApplication@a310bb0
----------------- Done invoking toplevel() on ptolemy.moml.MoMLSimpleApplication@a310bb0
reloadAllAccessors: .ContinuousInDESharingRefinement

===========================================================================================
----------------- testing Thu Aug 29 05:27:27 UTC 2019 /home/travis/build/icyphy/ptII/ptolemy/domains/continuous/test/auto/ContinuousInDEwithNoPorts.xml
----------------- Instantiating /home/travis/build/icyphy/ptII/ptolemy/domains/continuous/test/auto/ContinuousInDEwithNoPorts.xml
6 ms. Memory: 264192K Free: 172565K (65%)
----------------- Invoking toplevel() on ptolemy.moml.MoMLSimpleApplication@6ec2843f
----------------- Done invoking toplevel() on ptolemy.moml.MoMLSimpleApplication@6ec2843f
reloadAllAccessors: .ContinuousInDEwithNoPorts

===========================================================================================
----------------- testing Thu Aug 29 05:27:27 UTC 2019 /home/travis/build/icyphy/ptII/ptolemy/domains/continuous/test/auto/ContinuousInsideDE.xml
----------------- Instantiating /home/travis/build/icyphy/ptII/ptolemy/domains/continuous/test/auto/ContinuousInsideDE.xml
41 ms. Memory: 264192K Free: 160787K (61%)
----------------- Invoking toplevel() on ptolemy.moml.MoMLSimpleApplication@b3b06dc
----------------- Done invoking toplevel() on ptolemy.moml.MoMLSimpleApplication@b3b06dc
reloadAllAccessors: .ContinuousInsideDE

===========================================================================================
----------------- testing Thu Aug 29 05:27:27 UTC 2019 /home/travis/build/icyphy/ptII/ptolemy/domains/continuous/test/auto/ContinuousMerge1.xml
----------------- Instantiating /home/travis/build/icyphy/ptII/ptolemy/domains/continuous/test/auto/ContinuousMerge1.xml
6 ms. Memory: 264192K Free: 156181K (59%)
----------------- Invoking toplevel() on ptolemy.moml.MoMLSimpleApplication@9388053
----------------- Done invoking toplevel() on ptolemy.moml.MoMLSimpleApplication@9388053
reloadAllAccessors: .ContinuousMerge1

===========================================================================================
----------------- testing Thu Aug 29 05:27:27 UTC 2019 /home/travis/build/icyphy/ptII/ptolemy/domains/continuous/test/auto/ContinuousMerge2.xml
----------------- Instantiating /home/travis/build/icyphy/ptII/ptolemy/domains/continuous/test/auto/ContinuousMerge2.xml
17 ms. Memory: 264192K Free: 145941K (55%)
----------------- Invoking toplevel() on ptolemy.moml.MoMLSimpleApplication@1a606e65
----------------- Done invoking toplevel() on ptolemy.moml.MoMLSimpleApplication@1a606e65
reloadAllAccessors: .ContinuousMerge2

===========================================================================================
----------------- testing Thu Aug 29 05:27:27 UTC 2019 /home/travis/build/icyphy/ptII/ptolemy/domains/continuous/test/auto/ContinuousMerge3.xml
----------------- Instantiating /home/travis/build/icyphy/ptII/ptolemy/domains/continuous/test/auto/ContinuousMerge3.xml
61 ms. Memory: 264192K Free: 135187K (51%)
----------------- Invoking toplevel() on ptolemy.moml.MoMLSimpleApplication@52372f28
----------------- Done invoking toplevel() on ptolemy.moml.MoMLSimpleApplication@52372f28
reloadAllAccessors: .ContinuousMerge3

===========================================================================================
----------------- testing Thu Aug 29 05:27:27 UTC 2019 /home/travis/build/icyphy/ptII/ptolemy/domains/continuous/test/auto/ContinuousWithinContinuous.xml
----------------- Instantiating /home/travis/build/icyphy/ptII/ptolemy/domains/continuous/test/auto/ContinuousWithinContinuous.xml
43 ms. Memory: 264192K Free: 125971K (48%)
----------------- Invoking toplevel() on ptolemy.moml.MoMLSimpleApplication@43780bc2
----------------- Done invoking toplevel() on ptolemy.moml.MoMLSimpleApplication@43780bc2
reloadAllAccessors: .ContinuousWithinContinuous

===========================================================================================
----------------- testing Thu Aug 29 05:27:27 UTC 2019 /home/travis/build/icyphy/ptII/ptolemy/domains/continuous/test/auto/ContinuousWithinContinuous2.xml
----------------- Instantiating /home/travis/build/icyphy/ptII/ptolemy/domains/continuous/test/auto/ContinuousWithinContinuous2.xml
82 ms. Memory: 264192K Free: 115221K (44%)
----------------- Invoking toplevel() on ptolemy.moml.MoMLSimpleApplication@3859e7bc
----------------- Done invoking toplevel() on ptolemy.moml.MoMLSimpleApplication@3859e7bc
reloadAllAccessors: .ContinuousWithinContinuous2

===========================================================================================
----------------- testing Thu Aug 29 05:27:27 UTC 2019 /home/travis/build/icyphy/ptII/ptolemy/domains/continuous/test/auto/ContinuousWithinContinuous3.xml
----------------- Instantiating /home/travis/build/icyphy/ptII/ptolemy/domains/continuous/test/auto/ContinuousWithinContinuous3.xml
15 ms. Memory: 264192K Free: 108053K (41%)
----------------- Invoking toplevel() on ptolemy.moml.MoMLSimpleApplication@49466690
----------------- Done invoking toplevel() on ptolemy.moml.MoMLSimpleApplication@49466690
reloadAllAccessors: .ContinuousWithinContinuous3

===========================================================================================
----------------- testing Thu Aug 29 05:27:27 UTC 2019 /home/travis/build/icyphy/ptII/ptolemy/domains/continuous/test/auto/ContinuousWithinContinuous4.xml
----------------- Instantiating /home/travis/build/icyphy/ptII/ptolemy/domains/continuous/test/auto/ContinuousWithinContinuous4.xml
87 ms. Memory: 264192K Free: 96275K (36%)
----------------- Invoking toplevel() on ptolemy.moml.MoMLSimpleApplication@78a48017
----------------- Done invoking toplevel() on ptolemy.moml.MoMLSimpleApplication@78a48017
reloadAllAccessors: .ContinuousWithinContinuous4

===========================================================================================
----------------- testing Thu Aug 29 05:27:27 UTC 2019 /home/travis/build/icyphy/ptII/ptolemy/domains/continuous/test/auto/ContinuousWithinContinuous5.xml
----------------- Instantiating /home/travis/build/icyphy/ptII/ptolemy/domains/continuous/test/auto/ContinuousWithinContinuous5.xml
15 ms. Memory: 264192K Free: 245239K (93%)
----------------- Invoking toplevel() on ptolemy.moml.MoMLSimpleApplication@5173bc4d
----------------- Done invoking toplevel() on ptolemy.moml.MoMLSimpleApplication@5173bc4d
reloadAllAccessors: .ContinuousWithinContinuous5

===========================================================================================
----------------- testing Thu Aug 29 05:27:27 UTC 2019 /home/travis/build/icyphy/ptII/ptolemy/domains/continuous/test/auto/ContinuousWithinContinuous6.xml
----------------- Instantiating /home/travis/build/icyphy/ptII/ptolemy/domains/continuous/test/auto/ContinuousWithinContinuous6.xml
15 ms. Memory: 264192K Free: 238071K (90%)
----------------- Invoking toplevel() on ptolemy.moml.MoMLSimpleApplication@7f15b547
----------------- Done invoking toplevel() on ptolemy.moml.MoMLSimpleApplication@7f15b547
reloadAllAccessors: .ContinuousWithinContinuous6

===========================================================================================
----------------- testing Thu Aug 29 05:27:27 UTC 2019 /home/travis/build/icyphy/ptII/ptolemy/domains/continuous/test/auto/ContinuousWithinContinuous7.xml
----------------- Instantiating /home/travis/build/icyphy/ptII/ptolemy/domains/continuous/test/auto/ContinuousWithinContinuous7.xml
69 ms. Memory: 264192K Free: 227317K (86%)
----------------- Invoking toplevel() on ptolemy.moml.MoMLSimpleApplication@3b5e06d4
----------------- Done invoking toplevel() on ptolemy.moml.MoMLSimpleApplication@3b5e06d4
reloadAllAccessors: .ContinuousWithinContinuous7

===========================================================================================
----------------- testing Thu Aug 29 05:27:28 UTC 2019 /home/travis/build/icyphy/ptII/ptolemy/domains/continuous/test/auto/DCMotor.xml
----------------- Instantiating /home/travis/build/icyphy/ptII/ptolemy/domains/continuous/test/auto/DCMotor.xml
13918 ms. Memory: 264192K Free: 121762K (46%)
----------------- Invoking toplevel() on ptolemy.moml.MoMLSimpleApplication@74a75648
----------------- Done invoking toplevel() on ptolemy.moml.MoMLSimpleApplication@74a75648
reloadAllAccessors: .DCMotor

===========================================================================================
----------------- testing Thu Aug 29 05:27:42 UTC 2019 /home/travis/build/icyphy/ptII/ptolemy/domains/continuous/test/auto/DEInContinuous.xml
----------------- Instantiating /home/travis/build/icyphy/ptII/ptolemy/domains/continuous/test/auto/DEInContinuous.xml
12 ms. Memory: 264192K Free: 115618K (44%)
----------------- Invoking toplevel() on ptolemy.moml.MoMLSimpleApplication@5e072874
----------------- Done invoking toplevel() on ptolemy.moml.MoMLSimpleApplication@5e072874
reloadAllAccessors: .DEInContinuous

===========================================================================================
----------------- testing Thu Aug 29 05:27:42 UTC 2019 /home/travis/build/icyphy/ptII/ptolemy/domains/continuous/test/auto/DEinContinuous2.xml
----------------- Instantiating /home/travis/build/icyphy/ptII/ptolemy/domains/continuous/test/auto/DEinContinuous2.xml
8 ms. Memory: 264192K Free: 107426K (41%)
----------------- Invoking toplevel() on ptolemy.moml.MoMLSimpleApplication@23302119
----------------- Done invoking toplevel() on ptolemy.moml.MoMLSimpleApplication@23302119
reloadAllAccessors: .DEinContinuous2

===========================================================================================
----------------- testing Thu Aug 29 05:27:42 UTC 2019 /home/travis/build/icyphy/ptII/ptolemy/domains/continuous/test/auto/Derivative.xml
----------------- Instantiating /home/travis/build/icyphy/ptII/ptolemy/domains/continuous/test/auto/Derivative.xml
158 ms. Memory: 264192K Free: 234337K (89%)
----------------- Invoking toplevel() on ptolemy.moml.MoMLSimpleApplication@2cd564b9
----------------- Done invoking toplevel() on ptolemy.moml.MoMLSimpleApplication@2cd564b9
reloadAllAccessors: .Derivative2

===========================================================================================
----------------- testing Thu Aug 29 05:27:42 UTC 2019 /home/travis/build/icyphy/ptII/ptolemy/domains/continuous/test/auto/Derivative1.xml
----------------- Instantiating /home/travis/build/icyphy/ptII/ptolemy/domains/continuous/test/auto/Derivative1.xml
34 ms. Memory: 264192K Free: 220001K (83%)
----------------- Invoking toplevel() on ptolemy.moml.MoMLSimpleApplication@7225b953
----------------- Done invoking toplevel() on ptolemy.moml.MoMLSimpleApplication@7225b953
reloadAllAccessors: .Derivative1

===========================================================================================
----------------- testing Thu Aug 29 05:27:42 UTC 2019 /home/travis/build/icyphy/ptII/ptolemy/domains/continuous/test/auto/DiscreteClock.xml
----------------- Instantiating /home/travis/build/icyphy/ptII/ptolemy/domains/continuous/test/auto/DiscreteClock.xml
5 ms. Memory: 264192K Free: 214881K (81%)
----------------- Invoking toplevel() on ptolemy.moml.MoMLSimpleApplication@6a546d87
----------------- Done invoking toplevel() on ptolemy.moml.MoMLSimpleApplication@6a546d87
reloadAllAccessors: .DiscreteClock

===========================================================================================
----------------- testing Thu Aug 29 05:27:42 UTC 2019 /home/travis/build/icyphy/ptII/ptolemy/domains/continuous/test/auto/EfficiencyCurve.xml
----------------- Instantiating /home/travis/build/icyphy/ptII/ptolemy/domains/continuous/test/auto/EfficiencyCurve.xml
51 ms. Memory: 264192K Free: 205665K (78%)
----------------- Invoking toplevel() on ptolemy.moml.MoMLSimpleApplication@4d74f623
----------------- Done invoking toplevel() on ptolemy.moml.MoMLSimpleApplication@4d74f623
reloadAllAccessors: .EfficiencyCurve

===========================================================================================
----------------- testing Thu Aug 29 05:27:42 UTC 2019 /home/travis/build/icyphy/ptII/ptolemy/domains/continuous/test/auto/ExponentialResponse.xml
----------------- Instantiating /home/travis/build/icyphy/ptII/ptolemy/domains/continuous/test/auto/ExponentialResponse.xml
102 ms. Memory: 264192K Free: 189795K (72%)
----------------- Invoking toplevel() on ptolemy.moml.MoMLSimpleApplication@40fee473
----------------- Done invoking toplevel() on ptolemy.moml.MoMLSimpleApplication@40fee473
reloadAllAccessors: .ExponentialResponse

===========================================================================================
----------------- testing Thu Aug 29 05:27:42 UTC 2019 /home/travis/build/icyphy/ptII/ptolemy/domains/continuous/test/auto/ExponentialResponseRK45.xml
----------------- Instantiating /home/travis/build/icyphy/ptII/ptolemy/domains/continuous/test/auto/ExponentialResponseRK45.xml
27 ms. Memory: 264192K Free: 183137K (69%)
----------------- Invoking toplevel() on ptolemy.moml.MoMLSimpleApplication@20dc75ef
----------------- Done invoking toplevel() on ptolemy.moml.MoMLSimpleApplication@20dc75ef
reloadAllAccessors: .ExponentialResponseRK45

===========================================================================================
----------------- testing Thu Aug 29 05:27:42 UTC 2019 /home/travis/build/icyphy/ptII/ptolemy/domains/continuous/test/auto/Friction.xml
----------------- Instantiating /home/travis/build/icyphy/ptII/ptolemy/domains/continuous/test/auto/Friction.xml
1605 ms. Memory: 264192K Free: 227673K (86%)
----------------- Invoking toplevel() on ptolemy.moml.MoMLSimpleApplication@5ba9cb14
----------------- Done invoking toplevel() on ptolemy.moml.MoMLSimpleApplication@5ba9cb14
reloadAllAccessors: .Friction

===========================================================================================
----------------- testing Thu Aug 29 05:27:44 UTC 2019 /home/travis/build/icyphy/ptII/ptolemy/domains/continuous/test/auto/FurutaPendulum.xml
----------------- Instantiating /home/travis/build/icyphy/ptII/ptolemy/domains/continuous/test/auto/FurutaPendulum.xml
3519 ms. Memory: 264192K Free: 181019K (69%)
----------------- Invoking toplevel() on ptolemy.moml.MoMLSimpleApplication@660c6985
----------------- Done invoking toplevel() on ptolemy.moml.MoMLSimpleApplication@660c6985
reloadAllAccessors: .FurutaPendulum

===========================================================================================
----------------- testing Thu Aug 29 05:27:48 UTC 2019 /home/travis/build/icyphy/ptII/ptolemy/domains/continuous/test/auto/HierarchicalExecution.xml
----------------- Instantiating /home/travis/build/icyphy/ptII/ptolemy/domains/continuous/test/auto/HierarchicalExecution.xml
1872 ms. Memory: 264192K Free: 207307K (78%)
----------------- Invoking toplevel() on ptolemy.moml.MoMLSimpleApplication@21e02d1b
----------------- Done invoking toplevel() on ptolemy.moml.MoMLSimpleApplication@21e02d1b
reloadAllAccessors: .HierarchicalExecution

===========================================================================================
----------------- testing Thu Aug 29 05:27:50 UTC 2019 /home/travis/build/icyphy/ptII/ptolemy/domains/continuous/test/auto/HybridPlant.xml
----------------- Instantiating /home/travis/build/icyphy/ptII/ptolemy/domains/continuous/test/auto/HybridPlant.xml
537 ms. Memory: 264192K Free: 99739K (38%)
----------------- Invoking toplevel() on ptolemy.moml.MoMLSimpleApplication@5a778d40
----------------- Done invoking toplevel() on ptolemy.moml.MoMLSimpleApplication@5a778d40
reloadAllAccessors: .HybridPlant

===========================================================================================
----------------- testing Thu Aug 29 05:27:51 UTC 2019 /home/travis/build/icyphy/ptII/ptolemy/domains/continuous/test/auto/Hysteresis.xml
----------------- Instantiating /home/travis/build/icyphy/ptII/ptolemy/domains/continuous/test/auto/Hysteresis.xml
140 ms. Memory: 264192K Free: 193637K (73%)
----------------- Invoking toplevel() on ptolemy.moml.MoMLSimpleApplication@75da718f
----------------- Done invoking toplevel() on ptolemy.moml.MoMLSimpleApplication@75da718f
reloadAllAccessors: .Hysteresis

===========================================================================================
----------------- testing Thu Aug 29 05:27:51 UTC 2019 /home/travis/build/icyphy/ptII/ptolemy/domains/continuous/test/auto/HysteresisWithRandomDelay.xml
----------------- Instantiating /home/travis/build/icyphy/ptII/ptolemy/domains/continuous/test/auto/HysteresisWithRandomDelay.xml
178 ms. Memory: 264192K Free: 121957K (46%)
----------------- Invoking toplevel() on ptolemy.moml.MoMLSimpleApplication@712bb113
----------------- Done invoking toplevel() on ptolemy.moml.MoMLSimpleApplication@712bb113
reloadAllAccessors: .HysteresisWithRandomDelay

===========================================================================================
----------------- testing Thu Aug 29 05:27:51 UTC 2019 /home/travis/build/icyphy/ptII/ptolemy/domains/continuous/test/auto/HysteresisWithRandomLosses.xml
----------------- Instantiating /home/travis/build/icyphy/ptII/ptolemy/domains/continuous/test/auto/HysteresisWithRandomLosses.xml
2464 ms. Memory: 317440K Free: 126237K (40%)
----------------- Invoking toplevel() on ptolemy.moml.MoMLSimpleApplication@48d4dae6
----------------- Done invoking toplevel() on ptolemy.moml.MoMLSimpleApplication@48d4dae6
reloadAllAccessors: .HysteresisWithRandomLosses

===========================================================================================
----------------- testing Thu Aug 29 05:27:54 UTC 2019 /home/travis/build/icyphy/ptII/ptolemy/domains/continuous/test/auto/ImmediateTransitions.xml
----------------- Instantiating /home/travis/build/icyphy/ptII/ptolemy/domains/continuous/test/auto/ImmediateTransitions.xml
9 ms. Memory: 317440K Free: 114973K (36%)
----------------- Invoking toplevel() on ptolemy.moml.MoMLSimpleApplication@dc1458c
----------------- Done invoking toplevel() on ptolemy.moml.MoMLSimpleApplication@dc1458c
reloadAllAccessors: .ImmediateTransitions

===========================================================================================
----------------- testing Thu Aug 29 05:27:54 UTC 2019 /home/travis/build/icyphy/ptII/ptolemy/domains/continuous/test/auto/ImpulseFeedback.xml
----------------- Instantiating /home/travis/build/icyphy/ptII/ptolemy/domains/continuous/test/auto/ImpulseFeedback.xml
7 ms. Memory: 317440K Free: 298174K (94%)
----------------- Invoking toplevel() on ptolemy.moml.MoMLSimpleApplication@6ed22d13
----------------- Done invoking toplevel() on ptolemy.moml.MoMLSimpleApplication@6ed22d13
reloadAllAccessors: .ImpulseFeedback

===========================================================================================
----------------- testing Thu Aug 29 05:27:54 UTC 2019 /home/travis/build/icyphy/ptII/ptolemy/domains/continuous/test/auto/ImpulseFeedback2.xml
----------------- Instantiating /home/travis/build/icyphy/ptII/ptolemy/domains/continuous/test/auto/ImpulseFeedback2.xml
6 ms. Memory: 317440K Free: 292540K (92%)
----------------- Invoking toplevel() on ptolemy.moml.MoMLSimpleApplication@59a54983
----------------- Done invoking toplevel() on ptolemy.moml.MoMLSimpleApplication@59a54983
reloadAllAccessors: .ImpulseFeedback2

===========================================================================================
----------------- testing Thu Aug 29 05:27:54 UTC 2019 /home/travis/build/icyphy/ptII/ptolemy/domains/continuous/test/auto/IncreasingRatePoisson.xml
----------------- Instantiating /home/travis/build/icyphy/ptII/ptolemy/domains/continuous/test/auto/IncreasingRatePoisson.xml
722 ms. Memory: 317440K Free: 174263K (55%)
----------------- Invoking toplevel() on ptolemy.moml.MoMLSimpleApplication@3acff113
----------------- Done invoking toplevel() on ptolemy.moml.MoMLSimpleApplication@3acff113
reloadAllAccessors: .IncreasingRatePoisson

===========================================================================================
----------------- testing Thu Aug 29 05:27:54 UTC 2019 /home/travis/build/icyphy/ptII/ptolemy/domains/continuous/test/auto/InitialStateFeedback.xml
----------------- Instantiating /home/travis/build/icyphy/ptII/ptolemy/domains/continuous/test/auto/InitialStateFeedback.xml
4 ms. Memory: 317440K Free: 169653K (53%)
----------------- Invoking toplevel() on ptolemy.moml.MoMLSimpleApplication@23cf61a7
----------------- Done invoking toplevel() on ptolemy.moml.MoMLSimpleApplication@23cf61a7
reloadAllAccessors: .InitialStateFeedback

===========================================================================================
----------------- testing Thu Aug 29 05:27:54 UTC 2019 /home/travis/build/icyphy/ptII/ptolemy/domains/continuous/test/auto/Integration.xml
----------------- Instantiating /home/travis/build/icyphy/ptII/ptolemy/domains/continuous/test/auto/Integration.xml
6 ms. Memory: 317440K Free: 165557K (52%)
----------------- Invoking toplevel() on ptolemy.moml.MoMLSimpleApplication@3d7919eb
----------------- Done invoking toplevel() on ptolemy.moml.MoMLSimpleApplication@3d7919eb
reloadAllAccessors: .Integration

===========================================================================================
----------------- testing Thu Aug 29 05:27:54 UTC 2019 /home/travis/build/icyphy/ptII/ptolemy/domains/continuous/test/auto/Integration2.xml
----------------- Instantiating /home/travis/build/icyphy/ptII/ptolemy/domains/continuous/test/auto/Integration2.xml
87 ms. Memory: 317440K Free: 151221K (48%)
----------------- Invoking toplevel() on ptolemy.moml.MoMLSimpleApplication@1754708d
----------------- Done invoking toplevel() on ptolemy.moml.MoMLSimpleApplication@1754708d
reloadAllAccessors: .Integration2

===========================================================================================
----------------- testing Thu Aug 29 05:27:54 UTC 2019 /home/travis/build/icyphy/ptII/ptolemy/domains/continuous/test/auto/Integration3.xml
----------------- Instantiating /home/travis/build/icyphy/ptII/ptolemy/domains/continuous/test/auto/Integration3.xml
4 ms. Memory: 317440K Free: 146615K (46%)
----------------- Invoking toplevel() on ptolemy.moml.MoMLSimpleApplication@641e6f54
----------------- Done invoking toplevel() on ptolemy.moml.MoMLSimpleApplication@641e6f54
reloadAllAccessors: .Integration3

===========================================================================================
----------------- testing Thu Aug 29 05:27:55 UTC 2019 /home/travis/build/icyphy/ptII/ptolemy/domains/continuous/test/auto/Integration5.xml
----------------- Instantiating /home/travis/build/icyphy/ptII/ptolemy/domains/continuous/test/auto/Integration5.xml
2 ms. Memory: 317440K Free: 142519K (45%)
----------------- Invoking toplevel() on ptolemy.moml.MoMLSimpleApplication@58d11741
----------------- Done invoking toplevel() on ptolemy.moml.MoMLSimpleApplication@58d11741
reloadAllAccessors: .Integration5

===========================================================================================
----------------- testing Thu Aug 29 05:27:55 UTC 2019 /home/travis/build/icyphy/ptII/ptolemy/domains/continuous/test/auto/IntegratorImpulse.xml
----------------- Instantiating /home/travis/build/icyphy/ptII/ptolemy/domains/continuous/test/auto/IntegratorImpulse.xml
2 ms. Memory: 317440K Free: 138423K (44%)
----------------- Invoking toplevel() on ptolemy.moml.MoMLSimpleApplication@61cd2336
----------------- Done invoking toplevel() on ptolemy.moml.MoMLSimpleApplication@61cd2336
reloadAllAccessors: .IntegratorImpulse

===========================================================================================
----------------- testing Thu Aug 29 05:27:55 UTC 2019 /home/travis/build/icyphy/ptII/ptolemy/domains/continuous/test/auto/IntegratorImpulse2.xml
----------------- Instantiating /home/travis/build/icyphy/ptII/ptolemy/domains/continuous/test/auto/IntegratorImpulse2.xml
3 ms. Memory: 317440K Free: 133799K (42%)
----------------- Invoking toplevel() on ptolemy.moml.MoMLSimpleApplication@725779fb
----------------- Done invoking toplevel() on ptolemy.moml.MoMLSimpleApplication@725779fb
reloadAllAccessors: .IntegratorImpulse2

===========================================================================================
----------------- testing Thu Aug 29 05:27:55 UTC 2019 /home/travis/build/icyphy/ptII/ptolemy/domains/continuous/test/auto/LevelCrossing1.xml
----------------- Instantiating /home/travis/build/icyphy/ptII/ptolemy/domains/continuous/test/auto/LevelCrossing1.xml
2 ms. Memory: 317440K Free: 128693K (41%)
----------------- Invoking toplevel() on ptolemy.moml.MoMLSimpleApplication@22233a4f
----------------- Done invoking toplevel() on ptolemy.moml.MoMLSimpleApplication@22233a4f
reloadAllAccessors: .LevelCrossing1

===========================================================================================
----------------- testing Thu Aug 29 05:27:55 UTC 2019 /home/travis/build/icyphy/ptII/ptolemy/domains/continuous/test/auto/LevelCrossing2.xml
----------------- Instantiating /home/travis/build/icyphy/ptII/ptolemy/domains/continuous/test/auto/LevelCrossing2.xml
3 ms. Memory: 317440K Free: 123559K (39%)
----------------- Invoking toplevel() on ptolemy.moml.MoMLSimpleApplication@13bc5532
----------------- Done invoking toplevel() on ptolemy.moml.MoMLSimpleApplication@13bc5532
reloadAllAccessors: .LevelCrossing2

===========================================================================================
----------------- testing Thu Aug 29 05:27:55 UTC 2019 /home/travis/build/icyphy/ptII/ptolemy/domains/continuous/test/auto/LevelCrossing3.xml
----------------- Instantiating /home/travis/build/icyphy/ptII/ptolemy/domains/continuous/test/auto/LevelCrossing3.xml
7 ms. Memory: 317440K Free: 118453K (37%)
----------------- Invoking toplevel() on ptolemy.moml.MoMLSimpleApplication@6de4c8d5
----------------- Done invoking toplevel() on ptolemy.moml.MoMLSimpleApplication@6de4c8d5
reloadAllAccessors: .LevelCrossing3

===========================================================================================
----------------- testing Thu Aug 29 05:27:55 UTC 2019 /home/travis/build/icyphy/ptII/ptolemy/domains/continuous/test/auto/LevelCrossing4.xml
----------------- Instantiating /home/travis/build/icyphy/ptII/ptolemy/domains/continuous/test/auto/LevelCrossing4.xml
4 ms. Memory: 317440K Free: 113333K (36%)
----------------- Invoking toplevel() on ptolemy.moml.MoMLSimpleApplication@314ea073
----------------- Done invoking toplevel() on ptolemy.moml.MoMLSimpleApplication@314ea073
reloadAllAccessors: .LevelCrossing4

===========================================================================================
----------------- testing Thu Aug 29 05:27:55 UTC 2019 /home/travis/build/icyphy/ptII/ptolemy/domains/continuous/test/auto/LevelCrossing5.xml
----------------- Instantiating /home/travis/build/icyphy/ptII/ptolemy/domains/continuous/test/auto/LevelCrossing5.xml
3 ms. Memory: 317440K Free: 297854K (94%)
----------------- Invoking toplevel() on ptolemy.moml.MoMLSimpleApplication@2b60951e
----------------- Done invoking toplevel() on ptolemy.moml.MoMLSimpleApplication@2b60951e
reloadAllAccessors: .LevelCrossing5

===========================================================================================
[...]
----------------- testing Thu Aug 29 05:28:12 UTC 2019 /home/travis/build/icyphy/ptII/ptolemy/domains/continuous/test/auto/SRinContinuous.xml
----------------- Instantiating /home/travis/build/icyphy/ptII/ptolemy/domains/continuous/test/auto/SRinContinuous.xml
4 ms. Memory: 317440K Free: 151968K (48%)
----------------- Invoking toplevel() on ptolemy.moml.MoMLSimpleApplication@674b8778
----------------- Done invoking toplevel() on ptolemy.moml.MoMLSimpleApplication@674b8778
reloadAllAccessors: .SRinContinuous

===========================================================================================
----------------- testing Thu Aug 29 05:28:12 UTC 2019 /home/travis/build/icyphy/ptII/ptolemy/domains/continuous/test/auto/SampledClocks.xml
----------------- Instantiating /home/travis/build/icyphy/ptII/ptolemy/domains/continuous/test/auto/SampledClocks.xml
7 ms. Memory: 317440K Free: 139166K (44%)
----------------- Invoking toplevel() on ptolemy.moml.MoMLSimpleApplication@7dfb50ae
----------------- Done invoking toplevel() on ptolemy.moml.MoMLSimpleApplication@7dfb50ae
reloadAllAccessors: .SampledClocks

===========================================================================================
----------------- testing Thu Aug 29 05:28:12 UTC 2019 /home/travis/build/icyphy/ptII/ptolemy/domains/continuous/test/auto/Satellite.xml
----------------- Instantiating /home/travis/build/icyphy/ptII/ptolemy/domains/continuous/test/auto/Satellite.xml
789 ms. Memory: 317440K Free: 128145K (40%)
----------------- Invoking toplevel() on ptolemy.moml.MoMLSimpleApplication@10154b0c
----------------- Done invoking toplevel() on ptolemy.moml.MoMLSimpleApplication@10154b0c
reloadAllAccessors: .Satellite

===========================================================================================
----------------- testing Thu Aug 29 05:28:13 UTC 2019 /home/travis/build/icyphy/ptII/ptolemy/domains/continuous/test/auto/SigmaDelta.xml
----------------- Instantiating /home/travis/build/icyphy/ptII/ptolemy/domains/continuous/test/auto/SigmaDelta.xml
2147 ms. Memory: 317440K Free: 241688K (76%)
----------------- Invoking toplevel() on ptolemy.moml.MoMLSimpleApplication@4ac04a05
----------------- Done invoking toplevel() on ptolemy.moml.MoMLSimpleApplication@4ac04a05
reloadAllAccessors: .SigmaDelta

===========================================================================================
----------------- testing Thu Aug 29 05:28:15 UTC 2019 /home/travis/build/icyphy/ptII/ptolemy/domains/continuous/test/auto/SingleRefinement.xml
----------------- Instantiating /home/travis/build/icyphy/ptII/ptolemy/domains/continuous/test/auto/SingleRefinement.xml
319 ms. Memory: 317440K Free: 245501K (77%)
----------------- Invoking toplevel() on ptolemy.moml.MoMLSimpleApplication@6a2ef5f4
----------------- Done invoking toplevel() on ptolemy.moml.MoMLSimpleApplication@6a2ef5f4
reloadAllAccessors: .SingleRefinement

===========================================================================================
----------------- testing Thu Aug 29 05:28:16 UTC 2019 /home/travis/build/icyphy/ptII/ptolemy/domains/continuous/test/auto/SinuBouncingBall.xml
----------------- Instantiating /home/travis/build/icyphy/ptII/ptolemy/domains/continuous/test/auto/SinuBouncingBall.xml
799 ms. Memory: 317440K Free: 215865K (68%)
----------------- Invoking toplevel() on ptolemy.moml.MoMLSimpleApplication@1e0313
----------------- Done invoking toplevel() on ptolemy.moml.MoMLSimpleApplication@1e0313
reloadAllAccessors: .SinuBouncingBall

===========================================================================================
----------------- testing Thu Aug 29 05:28:17 UTC 2019 /home/travis/build/icyphy/ptII/ptolemy/domains/continuous/test/auto/Sinusoid.xml
----------------- Instantiating /home/travis/build/icyphy/ptII/ptolemy/domains/continuous/test/auto/Sinusoid.xml
5 ms. Memory: 317440K Free: 211259K (67%)
----------------- Invoking toplevel() on ptolemy.moml.MoMLSimpleApplication@274b1e6c
----------------- Done invoking toplevel() on ptolemy.moml.MoMLSimpleApplication@274b1e6c
reloadAllAccessors: .Sinusoid

===========================================================================================
----------------- testing Thu Aug 29 05:28:17 UTC 2019 /home/travis/build/icyphy/ptII/ptolemy/domains/continuous/test/auto/SinusoidInNoise.xml
----------------- Instantiating /home/travis/build/icyphy/ptII/ptolemy/domains/continuous/test/auto/SinusoidInNoise.xml
1028 ms. Memory: 317440K Free: 265287K (84%)
----------------- Invoking toplevel() on ptolemy.moml.MoMLSimpleApplication@654aa2ed
----------------- Done invoking toplevel() on ptolemy.moml.MoMLSimpleApplication@654aa2ed
reloadAllAccessors: .SinusoidInNoise

===========================================================================================
----------------- testing Thu Aug 29 05:28:18 UTC 2019 /home/travis/build/icyphy/ptII/ptolemy/domains/continuous/test/auto/SinusoidRK45.xml
----------------- Instantiating /home/travis/build/icyphy/ptII/ptolemy/domains/continuous/test/auto/SinusoidRK45.xml
2 ms. Memory: 317440K Free: 260671K (82%)
----------------- Invoking toplevel() on ptolemy.moml.MoMLSimpleApplication@3733b81b
----------------- Done invoking toplevel() on ptolemy.moml.MoMLSimpleApplication@3733b81b
reloadAllAccessors: .SinusoidRK45

===========================================================================================
----------------- testing Thu Aug 29 05:28:18 UTC 2019 /home/travis/build/icyphy/ptII/ptolemy/domains/continuous/test/auto/SinusoidWithMultipleImpulses.xml
----------------- Instantiating /home/travis/build/icyphy/ptII/ptolemy/domains/continuous/test/auto/SinusoidWithMultipleImpulses.xml
2 ms. Memory: 317440K Free: 256071K (81%)
----------------- Invoking toplevel() on ptolemy.moml.MoMLSimpleApplication@156a54fc
----------------- Done invoking toplevel() on ptolemy.moml.MoMLSimpleApplication@156a54fc
reloadAllAccessors: .SinusoidWithMultipleImpulses

===========================================================================================
----------------- testing Thu Aug 29 05:28:18 UTC 2019 /home/travis/build/icyphy/ptII/ptolemy/domains/continuous/test/auto/SquareWave.xml
----------------- Instantiating /home/travis/build/icyphy/ptII/ptolemy/domains/continuous/test/auto/SquareWave.xml
172 ms. Memory: 317440K Free: 228423K (72%)
----------------- Invoking toplevel() on ptolemy.moml.MoMLSimpleApplication@16a42ff9
----------------- Done invoking toplevel() on ptolemy.moml.MoMLSimpleApplication@16a42ff9
reloadAllAccessors: .SquareWave

===========================================================================================
----------------- testing Thu Aug 29 05:28:18 UTC 2019 /home/travis/build/icyphy/ptII/ptolemy/domains/continuous/test/auto/Starmac.xml
----------------- Instantiating /home/travis/build/icyphy/ptII/ptolemy/domains/continuous/test/auto/Starmac.xml
3076 ms. Memory: 317440K Free: 284077K (89%)
----------------- Invoking toplevel() on ptolemy.moml.MoMLSimpleApplication@7f809d56
----------------- Done invoking toplevel() on ptolemy.moml.MoMLSimpleApplication@7f809d56
reloadAllAccessors: .Starmac

===========================================================================================
----------------- testing Thu Aug 29 05:28:21 UTC 2019 /home/travis/build/icyphy/ptII/ptolemy/domains/continuous/test/auto/StaticUnits.xml
----------------- Instantiating /home/travis/build/icyphy/ptII/ptolemy/domains/continuous/test/auto/StaticUnits.xml
2364 ms. Memory: 317440K Free: 183451K (58%)
----------------- Invoking toplevel() on ptolemy.moml.MoMLSimpleApplication@62f1b32a
----------------- Done invoking toplevel() on ptolemy.moml.MoMLSimpleApplication@62f1b32a
reloadAllAccessors: .StaticUnits

===========================================================================================
----------------- testing Thu Aug 29 05:28:24 UTC 2019 /home/travis/build/icyphy/ptII/ptolemy/domains/continuous/test/auto/StickyMasses.xml
----------------- Instantiating /home/travis/build/icyphy/ptII/ptolemy/domains/continuous/test/auto/StickyMasses.xml
157 ms. Memory: 317440K Free: 133785K (42%)
----------------- Invoking toplevel() on ptolemy.moml.MoMLSimpleApplication@167f9555
----------------- Done invoking toplevel() on ptolemy.moml.MoMLSimpleApplication@167f9555
reloadAllAccessors: .StickyMasses

===========================================================================================
----------------- testing Thu Aug 29 05:28:25 UTC 2019 /home/travis/build/icyphy/ptII/ptolemy/domains/continuous/test/auto/StopTime.xml
----------------- Instantiating /home/travis/build/icyphy/ptII/ptolemy/domains/continuous/test/auto/StopTime.xml
49 ms. Memory: 317440K Free: 294234K (93%)
----------------- Invoking toplevel() on ptolemy.moml.MoMLSimpleApplication@1daf0300
----------------- Done invoking toplevel() on ptolemy.moml.MoMLSimpleApplication@1daf0300
reloadAllAccessors: .StopTime

===========================================================================================
----------------- testing Thu Aug 29 05:28:25 UTC 2019 /home/travis/build/icyphy/ptII/ptolemy/domains/continuous/test/auto/StopTime2.xml
----------------- Instantiating /home/travis/build/icyphy/ptII/ptolemy/domains/continuous/test/auto/StopTime2.xml
32 ms. Memory: 317440K Free: 272005K (86%)
----------------- Invoking toplevel() on ptolemy.moml.MoMLSimpleApplication@179c2b7a
----------------- Done invoking toplevel() on ptolemy.moml.MoMLSimpleApplication@179c2b7a
reloadAllAccessors: .StopTime2

===========================================================================================
----------------- testing Thu Aug 29 05:28:25 UTC 2019 /home/travis/build/icyphy/ptII/ptolemy/domains/continuous/test/auto/Switch.xml
----------------- Instantiating /home/travis/build/icyphy/ptII/ptolemy/domains/continuous/test/auto/Switch.xml
39 ms. Memory: 317440K Free: 246405K (78%)
----------------- Invoking toplevel() on ptolemy.moml.MoMLSimpleApplication@477a3d10
----------------- Done invoking toplevel() on ptolemy.moml.MoMLSimpleApplication@477a3d10
reloadAllAccessors: .Switch

===========================================================================================
----------------- testing Thu Aug 29 05:28:25 UTC 2019 /home/travis/build/icyphy/ptII/ptolemy/domains/continuous/test/auto/Thermostat.xml
----------------- Instantiating /home/travis/build/icyphy/ptII/ptolemy/domains/continuous/test/auto/Thermostat.xml
176 ms. Memory: 317440K Free: 174230K (55%)
----------------- Invoking toplevel() on ptolemy.moml.MoMLSimpleApplication@427906b7
----------------- Done invoking toplevel() on ptolemy.moml.MoMLSimpleApplication@427906b7
reloadAllAccessors: .Thermostat

===========================================================================================
----------------- testing Thu Aug 29 05:28:25 UTC 2019 /home/travis/build/icyphy/ptII/ptolemy/domains/continuous/test/auto/TimeDelay.xml
----------------- Instantiating /home/travis/build/icyphy/ptII/ptolemy/domains/continuous/test/auto/TimeDelay.xml
6 ms. Memory: 317440K Free: 169620K (53%)
----------------- Invoking toplevel() on ptolemy.moml.MoMLSimpleApplication@732701e
----------------- Done invoking toplevel() on ptolemy.moml.MoMLSimpleApplication@732701e
reloadAllAccessors: .TimeDelay

===========================================================================================
----------------- testing Thu Aug 29 05:28:25 UTC 2019 /home/travis/build/icyphy/ptII/ptolemy/domains/continuous/test/auto/TimeDelay2.xml
----------------- Instantiating /home/travis/build/icyphy/ptII/ptolemy/domains/continuous/test/auto/TimeDelay2.xml
7 ms. Memory: 317440K Free: 159894K (50%)
----------------- Invoking toplevel() on ptolemy.moml.MoMLSimpleApplication@1cf22f57
----------------- Done invoking toplevel() on ptolemy.moml.MoMLSimpleApplication@1cf22f57
reloadAllAccessors: .TimeDelay2

===========================================================================================
----------------- testing Thu Aug 29 05:28:25 UTC 2019 /home/travis/build/icyphy/ptII/ptolemy/domains/continuous/test/auto/TimeDelay3.xml
----------------- Instantiating /home/travis/build/icyphy/ptII/ptolemy/domains/continuous/test/auto/TimeDelay3.xml
5 ms. Memory: 317440K Free: 155267K (49%)
----------------- Invoking toplevel() on ptolemy.moml.MoMLSimpleApplication@4af5a9ce
----------------- Done invoking toplevel() on ptolemy.moml.MoMLSimpleApplication@4af5a9ce
reloadAllAccessors: .TimeDelay3

===========================================================================================
----------------- testing Thu Aug 29 05:28:25 UTC 2019 /home/travis/build/icyphy/ptII/ptolemy/domains/continuous/test/auto/TransferAbsentToInside.xml
----------------- Instantiating /home/travis/build/icyphy/ptII/ptolemy/domains/continuous/test/auto/TransferAbsentToInside.xml
76 ms. Memory: 317440K Free: 286355K (90%)
----------------- Invoking toplevel() on ptolemy.moml.MoMLSimpleApplication@17701ab3
----------------- Done invoking toplevel() on ptolemy.moml.MoMLSimpleApplication@17701ab3
reloadAllAccessors: .TransferAbsentToInside

===========================================================================================
----------------- testing Thu Aug 29 05:28:25 UTC 2019 /home/travis/build/icyphy/ptII/ptolemy/domains/continuous/test/auto/Transmission.xml
----------------- Instantiating /home/travis/build/icyphy/ptII/ptolemy/domains/continuous/test/auto/Transmission.xml
781 ms. Memory: 317440K Free: 238196K (75%)
----------------- Invoking toplevel() on ptolemy.moml.MoMLSimpleApplication@6a53a857
----------------- Done invoking toplevel() on ptolemy.moml.MoMLSimpleApplication@6a53a857
reloadAllAccessors: .Transmission

===========================================================================================
----------------- testing Thu Aug 29 05:28:26 UTC 2019 /home/travis/build/icyphy/ptII/ptolemy/domains/continuous/test/auto/TriggeredContinuousClock.xml
----------------- Instantiating /home/travis/build/icyphy/ptII/ptolemy/domains/continuous/test/auto/TriggeredContinuousClock.xml
36 ms. Memory: 317440K Free: 208500K (66%)
----------------- Invoking toplevel() on ptolemy.moml.MoMLSimpleApplication@37e7a5a
----------------- Done invoking toplevel() on ptolemy.moml.MoMLSimpleApplication@37e7a5a
reloadAllAccessors: .TriggeredContinuousClock

===========================================================================================
----------------- testing Thu Aug 29 05:28:26 UTC 2019 /home/travis/build/icyphy/ptII/ptolemy/domains/continuous/test/auto/TwoMachineInfiniteBusControl.xml
----------------- Instantiating /home/travis/build/icyphy/ptII/ptolemy/domains/continuous/test/auto/TwoMachineInfiniteBusControl.xml
3021 ms. Memory: 380928K Free: 243797K (64%)
----------------- Invoking toplevel() on ptolemy.moml.MoMLSimpleApplication@5097e8
----------------- Done invoking toplevel() on ptolemy.moml.MoMLSimpleApplication@5097e8
reloadAllAccessors: .TwoMachineInfiniteBusControl

===========================================================================================
----------------- testing Thu Aug 29 05:28:29 UTC 2019 /home/travis/build/icyphy/ptII/ptolemy/domains/continuous/test/auto/V2V.xml
----------------- Instantiating /home/travis/build/icyphy/ptII/ptolemy/domains/continuous/test/auto/V2V.xml
946 ms. Memory: 380928K Free: 278086K (73%)
----------------- Invoking toplevel() on ptolemy.moml.MoMLSimpleApplication@344ad9d3
----------------- Done invoking toplevel() on ptolemy.moml.MoMLSimpleApplication@344ad9d3
reloadAllAccessors: .V2V

===========================================================================================
----------------- testing Thu Aug 29 05:28:30 UTC 2019 /home/travis/build/icyphy/ptII/ptolemy/domains/continuous/test/auto/hierarchicalModalModel.xml
----------------- Instantiating /home/travis/build/icyphy/ptII/ptolemy/domains/continuous/test/auto/hierarchicalModalModel.xml
9 ms. Memory: 380928K Free: 263246K (69%)
----------------- Invoking toplevel() on ptolemy.moml.MoMLSimpleApplication@63f5e24d
----------------- Done invoking toplevel() on ptolemy.moml.MoMLSimpleApplication@63f5e24d
reloadAllAccessors: .hierarchicalModalModel

===========================================================================================
----------------- testing Thu Aug 29 05:28:30 UTC 2019 /home/travis/build/icyphy/ptII/ptolemy/domains/continuous/test/auto/hierarchicalModalModel1.xml
----------------- Instantiating /home/travis/build/icyphy/ptII/ptolemy/domains/continuous/test/auto/hierarchicalModalModel1.xml
9 ms. Memory: 380928K Free: 248910K (65%)
----------------- Invoking toplevel() on ptolemy.moml.MoMLSimpleApplication@719ae308
----------------- Done invoking toplevel() on ptolemy.moml.MoMLSimpleApplication@719ae308
reloadAllAccessors: .hierarchicalModalModel1

===========================================================================================
----------------- testing Thu Aug 29 05:28:30 UTC 2019 /home/travis/build/icyphy/ptII/ptolemy/domains/continuous/test/auto/hierarchicalModalModel2.xml
----------------- Instantiating /home/travis/build/icyphy/ptII/ptolemy/domains/continuous/test/auto/hierarchicalModalModel2.xml
6 ms. Memory: 380928K Free: 236622K (62%)
----------------- Invoking toplevel() on ptolemy.moml.MoMLSimpleApplication@589f968c
----------------- Done invoking toplevel() on ptolemy.moml.MoMLSimpleApplication@589f968c
reloadAllAccessors: .hierarchicalModalModel2

===========================================================================================
----------------- testing Thu Aug 29 05:28:30 UTC 2019 /home/travis/build/icyphy/ptII/ptolemy/domains/continuous/test/auto/hierarchicalModalModel3.xml
----------------- Instantiating /home/travis/build/icyphy/ptII/ptolemy/domains/continuous/test/auto/hierarchicalModalModel3.xml
5 ms. Memory: 380928K Free: 225868K (59%)
----------------- Invoking toplevel() on ptolemy.moml.MoMLSimpleApplication@2f0b730
----------------- Done invoking toplevel() on ptolemy.moml.MoMLSimpleApplication@2f0b730
reloadAllAccessors: .hierarchicalModalModel3

===========================================================================================
----------------- testing Thu Aug 29 05:28:30 UTC 2019 /home/travis/build/icyphy/ptII/ptolemy/domains/continuous/test/auto/hierarchicalModalModel4.xml
----------------- Instantiating /home/travis/build/icyphy/ptII/ptolemy/domains/continuous/test/auto/hierarchicalModalModel4.xml
5 ms. Memory: 380928K Free: 214094K (56%)
----------------- Invoking toplevel() on ptolemy.moml.MoMLSimpleApplication@6084fed4
----------------- Done invoking toplevel() on ptolemy.moml.MoMLSimpleApplication@6084fed4
reloadAllAccessors: .hierarchicalModalModel4

===========================================================================================
----------------- testing Thu Aug 29 05:28:30 UTC 2019 /home/travis/build/icyphy/ptII/ptolemy/domains/continuous/test/auto/junk.xml
----------------- Instantiating /home/travis/build/icyphy/ptII/ptolemy/domains/continuous/test/auto/junk.xml
154 ms. Memory: 380928K Free: 188494K (49%)
----------------- Invoking toplevel() on ptolemy.moml.MoMLSimpleApplication@2e4616ac
----------------- Done invoking toplevel() on ptolemy.moml.MoMLSimpleApplication@2e4616ac
reloadAllAccessors: .junk
AutoTests.java: About to close Vertx.
AutoTests.java: Vertx closed.
]]></system-out>
  <system-err><![CDATA[Warning: '.HysteresisWithRandomDelay.NonStrictTest3' The test produced only 23 tokens, yet the correctValues parameter was expecting 30 tokens.
Warning: '.IncreasingRatePoisson.NonStrictTest' The test produced only 397 tokens, yet the correctValues parameter was expecting 402 tokens.
Warning: '.Poisson.NonStrictTest' The test produced only 391 tokens, yet the correctValues parameter was expecting 430 tokens.
]]></system-err>
</testsuite>
