<?xml version="1.0" encoding="UTF-8" ?>
<testsuite errors="0" failures="0" hostname="travis-job-4b92c877-46f1-4132-a285-a7b66d46dc65" name="ptolemy.domains.hdf.kernel.test.junit.JUnitTclTest" skipped="0" tests="39" time="6.928" timestamp="2019-09-13T05:53:00">
  <properties>
[...]
</properties>
  <testcase classname="ptolemy.util.test.junit.TclTests" name="[0] /home/travis/build/icyphy/ptII/ptolemy/domains/hdf/kernel/test/RateErrorChecking.tcl (RunTclFile)" time="0.24" />
  <testcase classname="ptolemy.util.test.junit.AutoKnownFailedTests" name="[0] /home/travis/build/icyphy/ptII/ptolemy/domains/hdf/kernel/test/auto/knownFailedTests/badFSMRateChanges.xml (RunModel)" time="0.888" />
  <testcase classname="ptolemy.util.test.junit.AutoNameArchTests" name="[0] ThereAreNoAutoArchTests (RunModel)" time="0.003" />
  <testcase classname="ptolemy.util.test.junit.AutoTests" name="[0] /home/travis/build/icyphy/ptII/ptolemy/domains/hdf/kernel/test/auto/ConstVariableRateTest.xml (RunModel)" time="0.313" />
  <testcase classname="ptolemy.util.test.junit.AutoTests" name="[1] /home/travis/build/icyphy/ptII/ptolemy/domains/hdf/kernel/test/auto/DifferentRefinedRates.xml (RunModel)" time="0.17" />
  <testcase classname="ptolemy.util.test.junit.AutoTests" name="[2] /home/travis/build/icyphy/ptII/ptolemy/domains/hdf/kernel/test/auto/DifferentRefinedRates2.xml (RunModel)" time="0.226" />
  <testcase classname="ptolemy.util.test.junit.AutoTests" name="[3] /home/travis/build/icyphy/ptII/ptolemy/domains/hdf/kernel/test/auto/DifferentRefinedRates3.xml (RunModel)" time="0.131" />
  <testcase classname="ptolemy.util.test.junit.AutoTests" name="[4] /home/travis/build/icyphy/ptII/ptolemy/domains/hdf/kernel/test/auto/DifferentRefinedRates4.xml (RunModel)" time="0.213" />
  <testcase classname="ptolemy.util.test.junit.AutoTests" name="[5] /home/travis/build/icyphy/ptII/ptolemy/domains/hdf/kernel/test/auto/DifferentRefinedRates5.xml (RunModel)" time="0.158" />
  <testcase classname="ptolemy.util.test.junit.AutoTests" name="[6] /home/travis/build/icyphy/ptII/ptolemy/domains/hdf/kernel/test/auto/DifferentRefinedRates6.xml (RunModel)" time="0.119" />
  <testcase classname="ptolemy.util.test.junit.AutoTests" name="[7] /home/travis/build/icyphy/ptII/ptolemy/domains/hdf/kernel/test/auto/DownSample_PowerOfTwo.xml (RunModel)" time="0.258" />
  <testcase classname="ptolemy.util.test.junit.AutoTests" name="[8] /home/travis/build/icyphy/ptII/ptolemy/domains/hdf/kernel/test/auto/FibonacciWithNullInitial.xml (RunModel)" time="0.218" />
  <testcase classname="ptolemy.util.test.junit.AutoTests" name="[9] /home/travis/build/icyphy/ptII/ptolemy/domains/hdf/kernel/test/auto/FibonacciWithNullInitial1.xml (RunModel)" time="0.164" />
  <testcase classname="ptolemy.util.test.junit.AutoTests" name="[10] /home/travis/build/icyphy/ptII/ptolemy/domains/hdf/kernel/test/auto/FibonacciWithTransientStates.xml (RunModel)" time="0.148" />
  <testcase classname="ptolemy.util.test.junit.AutoTests" name="[11] /home/travis/build/icyphy/ptII/ptolemy/domains/hdf/kernel/test/auto/FibonacciWithTransientStates2.xml (RunModel)" time="0.076" />
  <testcase classname="ptolemy.util.test.junit.AutoTests" name="[12] /home/travis/build/icyphy/ptII/ptolemy/domains/hdf/kernel/test/auto/FibonacciWithoutHistoryInitial.xml (RunModel)" time="0.219" />
  <testcase classname="ptolemy.util.test.junit.AutoTests" name="[13] /home/travis/build/icyphy/ptII/ptolemy/domains/hdf/kernel/test/auto/GuardUsingPastTokens.xml (RunModel)" time="0.094" />
  <testcase classname="ptolemy.util.test.junit.AutoTests" name="[14] /home/travis/build/icyphy/ptII/ptolemy/domains/hdf/kernel/test/auto/GuardWithResets.xml (RunModel)" time="0.106" />
  <testcase classname="ptolemy.util.test.junit.AutoTests" name="[15] /home/travis/build/icyphy/ptII/ptolemy/domains/hdf/kernel/test/auto/Hierarchy_2Level_Test1.xml (RunModel)" time="0.097" />
  <testcase classname="ptolemy.util.test.junit.AutoTests" name="[16] /home/travis/build/icyphy/ptII/ptolemy/domains/hdf/kernel/test/auto/Hierarchy_2Level_Test2.xml (RunModel)" time="0.09" />
  <testcase classname="ptolemy.util.test.junit.AutoTests" name="[17] /home/travis/build/icyphy/ptII/ptolemy/domains/hdf/kernel/test/auto/Hysteresis.xml (RunModel)" time="0.066" />
  <testcase classname="ptolemy.util.test.junit.AutoTests" name="[18] /home/travis/build/icyphy/ptII/ptolemy/domains/hdf/kernel/test/auto/InitTransient.xml (RunModel)" time="0.098" />
  <testcase classname="ptolemy.util.test.junit.AutoTests" name="[19] /home/travis/build/icyphy/ptII/ptolemy/domains/hdf/kernel/test/auto/Merge.xml (RunModel)" time="0.087" />
  <testcase classname="ptolemy.util.test.junit.AutoTests" name="[20] /home/travis/build/icyphy/ptII/ptolemy/domains/hdf/kernel/test/auto/ModalModelBooleanSwitch.xml (RunModel)" time="0.116" />
  <testcase classname="ptolemy.util.test.junit.AutoTests" name="[21] /home/travis/build/icyphy/ptII/ptolemy/domains/hdf/kernel/test/auto/SameRates.xml (RunModel)" time="0.065" />
  <testcase classname="ptolemy.util.test.junit.AutoTests" name="[22] /home/travis/build/icyphy/ptII/ptolemy/domains/hdf/kernel/test/auto/SameRefinedRates.xml (RunModel)" time="0.061" />
  <testcase classname="ptolemy.util.test.junit.AutoTests" name="[23] /home/travis/build/icyphy/ptII/ptolemy/domains/hdf/kernel/test/auto/SameRefinedRates2.xml (RunModel)" time="0.07" />
  <testcase classname="ptolemy.util.test.junit.AutoTests" name="[24] /home/travis/build/icyphy/ptII/ptolemy/domains/hdf/kernel/test/auto/TransientStates.xml (RunModel)" time="0.095" />
  <testcase classname="ptolemy.util.test.junit.AutoTests" name="[25] /home/travis/build/icyphy/ptII/ptolemy/domains/hdf/kernel/test/auto/TwoHammingCodec.xml (RunModel)" time="0.12" />
  <testcase classname="ptolemy.util.test.junit.AutoTests" name="[26] /home/travis/build/icyphy/ptII/ptolemy/domains/hdf/kernel/test/auto/TwoHammingCodec1.xml (RunModel)" time="0.11" />
  <testcase classname="ptolemy.util.test.junit.AutoTests" name="[27] /home/travis/build/icyphy/ptII/ptolemy/domains/hdf/kernel/test/auto/TwoLevelHierarchy.xml (RunModel)" time="0.204" />
  <testcase classname="ptolemy.util.test.junit.AutoTests" name="[28] /home/travis/build/icyphy/ptII/ptolemy/domains/hdf/kernel/test/auto/TwoLevelHierarchy1.xml (RunModel)" time="0.185" />
  <testcase classname="ptolemy.util.test.junit.AutoTests" name="[29] /home/travis/build/icyphy/ptII/ptolemy/domains/hdf/kernel/test/auto/TwoLevelHierarchy2.xml (RunModel)" time="0.161" />
  <testcase classname="ptolemy.util.test.junit.AutoTests" name="[30] /home/travis/build/icyphy/ptII/ptolemy/domains/hdf/kernel/test/auto/TwoLevelHierarchyNullStates.xml (RunModel)" time="0.214" />
  <testcase classname="ptolemy.util.test.junit.AutoTests" name="[31] /home/travis/build/icyphy/ptII/ptolemy/domains/hdf/kernel/test/auto/TwoLevelHierarchyWithResets.xml (RunModel)" time="0.201" />
  <testcase classname="ptolemy.util.test.junit.AutoTests" name="[32] /home/travis/build/icyphy/ptII/ptolemy/domains/hdf/kernel/test/auto/TwoLevelHierarchyWithResetsNullStates.xml (RunModel)" time="0.235" />
  <testcase classname="ptolemy.util.test.junit.AutoTests" name="[33] /home/travis/build/icyphy/ptII/ptolemy/domains/hdf/kernel/test/auto/WaterTank_HDF.xml (RunModel)" time="0.132" />
  <testcase classname="ptolemy.util.test.junit.AutoTests" name="[34] /home/travis/build/icyphy/ptII/ptolemy/domains/hdf/kernel/test/auto/WaterTank_HDF2.xml (RunModel)" time="0.132" />
  <testcase classname="ptolemy.util.test.junit.AutoTests" name="[35] /home/travis/build/icyphy/ptII/ptolemy/domains/hdf/kernel/test/auto/badFSMRateChanges.xml (RunModel)" time="0.057" />
  <system-out><![CDATA[/home/travis/build/icyphy/ptII/ptolemy/domains/hdf/kernel/test/RateErrorChecking.tcl
testDefs.tcl: setting time out to 9000 seconds at Fri Sep 13 05:53:00 UTC 2019


==== $PTII/ptolemy/domains/hdf/kernel/test/RateErrorChecking.tcl: RateErrorChecking-1.0 
==== Contents of test case:

    catch {createAndExecute "badFSMRateChanges.xml"} foo
    list $foo

==== Result was:
{java.io.FileNotFoundException: /home/travis/build/icyphy/ptII/ptolemy/domains/hdf/kernel/test/badFSMRateChanges.xml (No such file or directory)}
---- KNOWN Failure, Result should have been:
{ptolemy.kernel.util.IllegalActionException: Failed to compute schedule:
  in .badFSMRateChanges.SDF Director
Because:
The SDF rate parameter may change. This is not allowed in SDF models that will be run through the code generator.  If you don't care about code generation, then you might consider setting the allowRateChanges parameter of the SDF director to false.
    in .badFSMRateChanges.typed composite actor.output.tokenProductionRate}
---- RateErrorChecking-1.0 Failed, but this is a KNOWN failure
09/13/19 05:53:01
Failed: 0  Total Tests: 1  ((Passed: 0, Newly Passed: 0)  Known Failed: 1) /home/travis/build/icyphy/ptII/ptolemy/domains/hdf/kernel/test
----------------- testing (KnownFailure) /home/travis/build/icyphy/ptII/ptolemy/domains/hdf/kernel/test/auto/knownFailedTests/badFSMRateChanges.xml
274 ms. Memory: 120832K Free: 70086K (58%)
No auto/linux-amd64/*.xml tests in /home/travis/build/icyphy/ptII/ptolemy/domains/hdf/kernel/test
AutoTests.java: About to close Vertx.
AutoTests.java: Vertx closed.

===========================================================================================
----------------- testing Fri Sep 13 05:53:02 UTC 2019 /home/travis/build/icyphy/ptII/ptolemy/domains/hdf/kernel/test/auto/ConstVariableRateTest.xml
----------------- Instantiating /home/travis/build/icyphy/ptII/ptolemy/domains/hdf/kernel/test/auto/ConstVariableRateTest.xml
77 ms. Memory: 120832K Free: 85248K (71%)
----------------- Invoking toplevel() on ptolemy.moml.MoMLSimpleApplication@43486d19
----------------- Done invoking toplevel() on ptolemy.moml.MoMLSimpleApplication@43486d19
reloadAllAccessors: .ConstVariableRateTest

===========================================================================================
----------------- testing Fri Sep 13 05:53:02 UTC 2019 /home/travis/build/icyphy/ptII/ptolemy/domains/hdf/kernel/test/auto/DifferentRefinedRates.xml
----------------- Instantiating /home/travis/build/icyphy/ptII/ptolemy/domains/hdf/kernel/test/auto/DifferentRefinedRates.xml
60 ms. Memory: 120832K Free: 95548K (79%)
----------------- Invoking toplevel() on ptolemy.moml.MoMLSimpleApplication@4e1c6195
----------------- Done invoking toplevel() on ptolemy.moml.MoMLSimpleApplication@4e1c6195
reloadAllAccessors: .DifferentRefinedRates

===========================================================================================
----------------- testing Fri Sep 13 05:53:02 UTC 2019 /home/travis/build/icyphy/ptII/ptolemy/domains/hdf/kernel/test/auto/DifferentRefinedRates2.xml
----------------- Instantiating /home/travis/build/icyphy/ptII/ptolemy/domains/hdf/kernel/test/auto/DifferentRefinedRates2.xml
87 ms. Memory: 120832K Free: 81212K (67%)
----------------- Invoking toplevel() on ptolemy.moml.MoMLSimpleApplication@25df27c8
----------------- Done invoking toplevel() on ptolemy.moml.MoMLSimpleApplication@25df27c8
reloadAllAccessors: .DifferentRefinedRates2

===========================================================================================
----------------- testing Fri Sep 13 05:53:02 UTC 2019 /home/travis/build/icyphy/ptII/ptolemy/domains/hdf/kernel/test/auto/DifferentRefinedRates3.xml
----------------- Instantiating /home/travis/build/icyphy/ptII/ptolemy/domains/hdf/kernel/test/auto/DifferentRefinedRates3.xml
68 ms. Memory: 120832K Free: 70666K (58%)
----------------- Invoking toplevel() on ptolemy.moml.MoMLSimpleApplication@19e0d411
----------------- Done invoking toplevel() on ptolemy.moml.MoMLSimpleApplication@19e0d411
reloadAllAccessors: .DifferentRefinedRates3

===========================================================================================
----------------- testing Fri Sep 13 05:53:03 UTC 2019 /home/travis/build/icyphy/ptII/ptolemy/domains/hdf/kernel/test/auto/DifferentRefinedRates4.xml
----------------- Instantiating /home/travis/build/icyphy/ptII/ptolemy/domains/hdf/kernel/test/auto/DifferentRefinedRates4.xml
67 ms. Memory: 120832K Free: 94861K (79%)
----------------- Invoking toplevel() on ptolemy.moml.MoMLSimpleApplication@127c02d8
----------------- Done invoking toplevel() on ptolemy.moml.MoMLSimpleApplication@127c02d8
reloadAllAccessors: .NewHDFtest1

===========================================================================================
----------------- testing Fri Sep 13 05:53:03 UTC 2019 /home/travis/build/icyphy/ptII/ptolemy/domains/hdf/kernel/test/auto/DifferentRefinedRates5.xml
----------------- Instantiating /home/travis/build/icyphy/ptII/ptolemy/domains/hdf/kernel/test/auto/DifferentRefinedRates5.xml
55 ms. Memory: 120832K Free: 79517K (66%)
----------------- Invoking toplevel() on ptolemy.moml.MoMLSimpleApplication@52e893b7
----------------- Done invoking toplevel() on ptolemy.moml.MoMLSimpleApplication@52e893b7
reloadAllAccessors: .NewHDFtest2

===========================================================================================
----------------- testing Fri Sep 13 05:53:03 UTC 2019 /home/travis/build/icyphy/ptII/ptolemy/domains/hdf/kernel/test/auto/DifferentRefinedRates6.xml
----------------- Instantiating /home/travis/build/icyphy/ptII/ptolemy/domains/hdf/kernel/test/auto/DifferentRefinedRates6.xml
40 ms. Memory: 120832K Free: 66892K (55%)
----------------- Invoking toplevel() on ptolemy.moml.MoMLSimpleApplication@6d00909b
----------------- Done invoking toplevel() on ptolemy.moml.MoMLSimpleApplication@6d00909b
reloadAllAccessors: .DifferentRefinedRates6

===========================================================================================
----------------- testing Fri Sep 13 05:53:03 UTC 2019 /home/travis/build/icyphy/ptII/ptolemy/domains/hdf/kernel/test/auto/DownSample_PowerOfTwo.xml
----------------- Instantiating /home/travis/build/icyphy/ptII/ptolemy/domains/hdf/kernel/test/auto/DownSample_PowerOfTwo.xml
200 ms. Memory: 120832K Free: 90938K (75%)
----------------- Invoking toplevel() on ptolemy.moml.MoMLSimpleApplication@6b5cbf66
----------------- Done invoking toplevel() on ptolemy.moml.MoMLSimpleApplication@6b5cbf66
reloadAllAccessors: .SDFDownSample

===========================================================================================
----------------- testing Fri Sep 13 05:53:03 UTC 2019 /home/travis/build/icyphy/ptII/ptolemy/domains/hdf/kernel/test/auto/FibonacciWithNullInitial.xml
----------------- Instantiating /home/travis/build/icyphy/ptII/ptolemy/domains/hdf/kernel/test/auto/FibonacciWithNullInitial.xml
160 ms. Memory: 120832K Free: 66597K (55%)
----------------- Invoking toplevel() on ptolemy.moml.MoMLSimpleApplication@14331255
----------------- Done invoking toplevel() on ptolemy.moml.MoMLSimpleApplication@14331255
reloadAllAccessors: .FibonacciWithNullInitial

===========================================================================================
----------------- testing Fri Sep 13 05:53:04 UTC 2019 /home/travis/build/icyphy/ptII/ptolemy/domains/hdf/kernel/test/auto/FibonacciWithNullInitial1.xml
----------------- Instantiating /home/travis/build/icyphy/ptII/ptolemy/domains/hdf/kernel/test/auto/FibonacciWithNullInitial1.xml
123 ms. Memory: 120832K Free: 100858K (83%)
----------------- Invoking toplevel() on ptolemy.moml.MoMLSimpleApplication@4fc9a8b9
----------------- Done invoking toplevel() on ptolemy.moml.MoMLSimpleApplication@4fc9a8b9
reloadAllAccessors: .FibonacciWithNullInitial1

===========================================================================================
----------------- testing Fri Sep 13 05:53:04 UTC 2019 /home/travis/build/icyphy/ptII/ptolemy/domains/hdf/kernel/test/auto/FibonacciWithTransientStates.xml
----------------- Instantiating /home/travis/build/icyphy/ptII/ptolemy/domains/hdf/kernel/test/auto/FibonacciWithTransientStates.xml
109 ms. Memory: 120832K Free: 71996K (60%)
----------------- Invoking toplevel() on ptolemy.moml.MoMLSimpleApplication@311fd526
----------------- Done invoking toplevel() on ptolemy.moml.MoMLSimpleApplication@311fd526
reloadAllAccessors: .FibonacciWithTransientStates

===========================================================================================
----------------- testing Fri Sep 13 05:53:04 UTC 2019 /home/travis/build/icyphy/ptII/ptolemy/domains/hdf/kernel/test/auto/FibonacciWithTransientStates2.xml
----------------- Instantiating /home/travis/build/icyphy/ptII/ptolemy/domains/hdf/kernel/test/auto/FibonacciWithTransientStates2.xml
32 ms. Memory: 120832K Free: 51069K (42%)
----------------- Invoking toplevel() on ptolemy.moml.MoMLSimpleApplication@19d6085e
----------------- Done invoking toplevel() on ptolemy.moml.MoMLSimpleApplication@19d6085e
reloadAllAccessors: .FibonacciWithTransientStates2

===========================================================================================
----------------- testing Fri Sep 13 05:53:04 UTC 2019 /home/travis/build/icyphy/ptII/ptolemy/domains/hdf/kernel/test/auto/FibonacciWithoutHistoryInitial.xml
----------------- Instantiating /home/travis/build/icyphy/ptII/ptolemy/domains/hdf/kernel/test/auto/FibonacciWithoutHistoryInitial.xml
157 ms. Memory: 148480K Free: 118149K (80%)
----------------- Invoking toplevel() on ptolemy.moml.MoMLSimpleApplication@42fa3a5f
----------------- Done invoking toplevel() on ptolemy.moml.MoMLSimpleApplication@42fa3a5f
reloadAllAccessors: .FibonacciWithoutHistoryInitial

===========================================================================================
----------------- testing Fri Sep 13 05:53:04 UTC 2019 /home/travis/build/icyphy/ptII/ptolemy/domains/hdf/kernel/test/auto/GuardUsingPastTokens.xml
----------------- Instantiating /home/travis/build/icyphy/ptII/ptolemy/domains/hdf/kernel/test/auto/GuardUsingPastTokens.xml
24 ms. Memory: 148480K Free: 103299K (70%)
----------------- Invoking toplevel() on ptolemy.moml.MoMLSimpleApplication@3eda4949
----------------- Done invoking toplevel() on ptolemy.moml.MoMLSimpleApplication@3eda4949
reloadAllAccessors: .GuardUsingPastTokens

===========================================================================================
----------------- testing Fri Sep 13 05:53:04 UTC 2019 /home/travis/build/icyphy/ptII/ptolemy/domains/hdf/kernel/test/auto/GuardWithResets.xml
----------------- Instantiating /home/travis/build/icyphy/ptII/ptolemy/domains/hdf/kernel/test/auto/GuardWithResets.xml
41 ms. Memory: 148480K Free: 85877K (58%)
----------------- Invoking toplevel() on ptolemy.moml.MoMLSimpleApplication@7332e52d
----------------- Done invoking toplevel() on ptolemy.moml.MoMLSimpleApplication@7332e52d
reloadAllAccessors: .GuardWithResets

===========================================================================================
----------------- testing Fri Sep 13 05:53:04 UTC 2019 /home/travis/build/icyphy/ptII/ptolemy/domains/hdf/kernel/test/auto/Hierarchy_2Level_Test1.xml
----------------- Instantiating /home/travis/build/icyphy/ptII/ptolemy/domains/hdf/kernel/test/auto/Hierarchy_2Level_Test1.xml
33 ms. Memory: 148480K Free: 67973K (46%)
----------------- Invoking toplevel() on ptolemy.moml.MoMLSimpleApplication@5f98b383
----------------- Done invoking toplevel() on ptolemy.moml.MoMLSimpleApplication@5f98b383
reloadAllAccessors: .Hierarchy_2Level_Test1

===========================================================================================
----------------- testing Fri Sep 13 05:53:05 UTC 2019 /home/travis/build/icyphy/ptII/ptolemy/domains/hdf/kernel/test/auto/Hierarchy_2Level_Test2.xml
----------------- Instantiating /home/travis/build/icyphy/ptII/ptolemy/domains/hdf/kernel/test/auto/Hierarchy_2Level_Test2.xml
35 ms. Memory: 148480K Free: 50051K (34%)
----------------- Invoking toplevel() on ptolemy.moml.MoMLSimpleApplication@31863a4b
----------------- Done invoking toplevel() on ptolemy.moml.MoMLSimpleApplication@31863a4b
reloadAllAccessors: .Hierarchy_4Level_Test2

===========================================================================================
----------------- testing Fri Sep 13 05:53:05 UTC 2019 /home/travis/build/icyphy/ptII/ptolemy/domains/hdf/kernel/test/auto/Hysteresis.xml
----------------- Instantiating /home/travis/build/icyphy/ptII/ptolemy/domains/hdf/kernel/test/auto/Hysteresis.xml
24 ms. Memory: 148480K Free: 126622K (85%)
----------------- Invoking toplevel() on ptolemy.moml.MoMLSimpleApplication@2c308c74
----------------- Done invoking toplevel() on ptolemy.moml.MoMLSimpleApplication@2c308c74
reloadAllAccessors: .Hysteresis

===========================================================================================
----------------- testing Fri Sep 13 05:53:05 UTC 2019 /home/travis/build/icyphy/ptII/ptolemy/domains/hdf/kernel/test/auto/InitTransient.xml
----------------- Instantiating /home/travis/build/icyphy/ptII/ptolemy/domains/hdf/kernel/test/auto/InitTransient.xml
28 ms. Memory: 148480K Free: 107680K (73%)
----------------- Invoking toplevel() on ptolemy.moml.MoMLSimpleApplication@20905a65
----------------- Done invoking toplevel() on ptolemy.moml.MoMLSimpleApplication@20905a65
reloadAllAccessors: .InitTransient

===========================================================================================
----------------- testing Fri Sep 13 05:53:05 UTC 2019 /home/travis/build/icyphy/ptII/ptolemy/domains/hdf/kernel/test/auto/Merge.xml
----------------- Instantiating /home/travis/build/icyphy/ptII/ptolemy/domains/hdf/kernel/test/auto/Merge.xml
32 ms. Memory: 148480K Free: 90272K (61%)
----------------- Invoking toplevel() on ptolemy.moml.MoMLSimpleApplication@497bfe11
----------------- Done invoking toplevel() on ptolemy.moml.MoMLSimpleApplication@497bfe11
reloadAllAccessors: .Merge

===========================================================================================
----------------- testing Fri Sep 13 05:53:05 UTC 2019 /home/travis/build/icyphy/ptII/ptolemy/domains/hdf/kernel/test/auto/ModalModelBooleanSwitch.xml
----------------- Instantiating /home/travis/build/icyphy/ptII/ptolemy/domains/hdf/kernel/test/auto/ModalModelBooleanSwitch.xml
41 ms. Memory: 148480K Free: 71326K (48%)
----------------- Invoking toplevel() on ptolemy.moml.MoMLSimpleApplication@6278502a
----------------- Done invoking toplevel() on ptolemy.moml.MoMLSimpleApplication@6278502a
reloadAllAccessors: .BooleanSwitchWithModel

===========================================================================================
----------------- testing Fri Sep 13 05:53:05 UTC 2019 /home/travis/build/icyphy/ptII/ptolemy/domains/hdf/kernel/test/auto/SameRates.xml
----------------- Instantiating /home/travis/build/icyphy/ptII/ptolemy/domains/hdf/kernel/test/auto/SameRates.xml
17 ms. Memory: 148480K Free: 58528K (39%)
----------------- Invoking toplevel() on ptolemy.moml.MoMLSimpleApplication@79a70a46
----------------- Done invoking toplevel() on ptolemy.moml.MoMLSimpleApplication@79a70a46
reloadAllAccessors: .SameRates

===========================================================================================
----------------- testing Fri Sep 13 05:53:05 UTC 2019 /home/travis/build/icyphy/ptII/ptolemy/domains/hdf/kernel/test/auto/SameRefinedRates.xml
----------------- Instantiating /home/travis/build/icyphy/ptII/ptolemy/domains/hdf/kernel/test/auto/SameRefinedRates.xml
21 ms. Memory: 148480K Free: 132373K (89%)
----------------- Invoking toplevel() on ptolemy.moml.MoMLSimpleApplication@3078424
----------------- Done invoking toplevel() on ptolemy.moml.MoMLSimpleApplication@3078424
reloadAllAccessors: .SameRefinedRates

===========================================================================================
----------------- testing Fri Sep 13 05:53:05 UTC 2019 /home/travis/build/icyphy/ptII/ptolemy/domains/hdf/kernel/test/auto/SameRefinedRates2.xml
----------------- Instantiating /home/travis/build/icyphy/ptII/ptolemy/domains/hdf/kernel/test/auto/SameRefinedRates2.xml
31 ms. Memory: 148480K Free: 117940K (79%)
----------------- Invoking toplevel() on ptolemy.moml.MoMLSimpleApplication@6e872b02
----------------- Done invoking toplevel() on ptolemy.moml.MoMLSimpleApplication@6e872b02
reloadAllAccessors: .SameRefinedRates2

===========================================================================================
----------------- testing Fri Sep 13 05:53:05 UTC 2019 /home/travis/build/icyphy/ptII/ptolemy/domains/hdf/kernel/test/auto/TransientStates.xml
----------------- Instantiating /home/travis/build/icyphy/ptII/ptolemy/domains/hdf/kernel/test/auto/TransientStates.xml
30 ms. Memory: 148480K Free: 99005K (67%)
----------------- Invoking toplevel() on ptolemy.moml.MoMLSimpleApplication@1567a520
----------------- Done invoking toplevel() on ptolemy.moml.MoMLSimpleApplication@1567a520
reloadAllAccessors: .TransientStates

===========================================================================================
----------------- testing Fri Sep 13 05:53:05 UTC 2019 /home/travis/build/icyphy/ptII/ptolemy/domains/hdf/kernel/test/auto/TwoHammingCodec.xml
----------------- Instantiating /home/travis/build/icyphy/ptII/ptolemy/domains/hdf/kernel/test/auto/TwoHammingCodec.xml
52 ms. Memory: 148480K Free: 78525K (53%)
----------------- Invoking toplevel() on ptolemy.moml.MoMLSimpleApplication@2ca8875f
----------------- Done invoking toplevel() on ptolemy.moml.MoMLSimpleApplication@2ca8875f
reloadAllAccessors: .TwoHammingCodec

===========================================================================================
----------------- testing Fri Sep 13 05:53:05 UTC 2019 /home/travis/build/icyphy/ptII/ptolemy/domains/hdf/kernel/test/auto/TwoHammingCodec1.xml
----------------- Instantiating /home/travis/build/icyphy/ptII/ptolemy/domains/hdf/kernel/test/auto/TwoHammingCodec1.xml
48 ms. Memory: 148480K Free: 54973K (37%)
----------------- Invoking toplevel() on ptolemy.moml.MoMLSimpleApplication@6d331db
----------------- Done invoking toplevel() on ptolemy.moml.MoMLSimpleApplication@6d331db
reloadAllAccessors: .twoHammingCodec1

===========================================================================================
----------------- testing Fri Sep 13 05:53:06 UTC 2019 /home/travis/build/icyphy/ptII/ptolemy/domains/hdf/kernel/test/auto/TwoLevelHierarchy.xml
----------------- Instantiating /home/travis/build/icyphy/ptII/ptolemy/domains/hdf/kernel/test/auto/TwoLevelHierarchy.xml
71 ms. Memory: 148480K Free: 98455K (66%)
----------------- Invoking toplevel() on ptolemy.moml.MoMLSimpleApplication@fa2d79
----------------- Done invoking toplevel() on ptolemy.moml.MoMLSimpleApplication@fa2d79
reloadAllAccessors: .TwoLevelHierarchy

===========================================================================================
----------------- testing Fri Sep 13 05:53:06 UTC 2019 /home/travis/build/icyphy/ptII/ptolemy/domains/hdf/kernel/test/auto/TwoLevelHierarchy1.xml
----------------- Instantiating /home/travis/build/icyphy/ptII/ptolemy/domains/hdf/kernel/test/auto/TwoLevelHierarchy1.xml
73 ms. Memory: 148480K Free: 55961K (38%)
----------------- Invoking toplevel() on ptolemy.moml.MoMLSimpleApplication@fcea22f
----------------- Done invoking toplevel() on ptolemy.moml.MoMLSimpleApplication@fcea22f
reloadAllAccessors: .TwoLevelHierarchy1

===========================================================================================
----------------- testing Fri Sep 13 05:53:06 UTC 2019 /home/travis/build/icyphy/ptII/ptolemy/domains/hdf/kernel/test/auto/TwoLevelHierarchy2.xml
----------------- Instantiating /home/travis/build/icyphy/ptII/ptolemy/domains/hdf/kernel/test/auto/TwoLevelHierarchy2.xml
58 ms. Memory: 148480K Free: 108624K (73%)
----------------- Invoking toplevel() on ptolemy.moml.MoMLSimpleApplication@23704a7a
----------------- Done invoking toplevel() on ptolemy.moml.MoMLSimpleApplication@23704a7a
reloadAllAccessors: .TwoLevelHierarchy2

===========================================================================================
----------------- testing Fri Sep 13 05:53:06 UTC 2019 /home/travis/build/icyphy/ptII/ptolemy/domains/hdf/kernel/test/auto/TwoLevelHierarchyNullStates.xml
----------------- Instantiating /home/travis/build/icyphy/ptII/ptolemy/domains/hdf/kernel/test/auto/TwoLevelHierarchyNullStates.xml
67 ms. Memory: 148480K Free: 58968K (40%)
----------------- Invoking toplevel() on ptolemy.moml.MoMLSimpleApplication@31ba97e5
----------------- Done invoking toplevel() on ptolemy.moml.MoMLSimpleApplication@31ba97e5
reloadAllAccessors: .TwoLevelHierarchyNullStates

===========================================================================================
----------------- testing Fri Sep 13 05:53:06 UTC 2019 /home/travis/build/icyphy/ptII/ptolemy/domains/hdf/kernel/test/auto/TwoLevelHierarchyWithResets.xml
----------------- Instantiating /home/travis/build/icyphy/ptII/ptolemy/domains/hdf/kernel/test/auto/TwoLevelHierarchyWithResets.xml
90 ms. Memory: 148480K Free: 101515K (68%)
----------------- Invoking toplevel() on ptolemy.moml.MoMLSimpleApplication@21f7140e
----------------- Done invoking toplevel() on ptolemy.moml.MoMLSimpleApplication@21f7140e
reloadAllAccessors: .TwoLevelHierarchy1

===========================================================================================
----------------- testing Fri Sep 13 05:53:06 UTC 2019 /home/travis/build/icyphy/ptII/ptolemy/domains/hdf/kernel/test/auto/TwoLevelHierarchyWithResetsNullStates.xml
----------------- Instantiating /home/travis/build/icyphy/ptII/ptolemy/domains/hdf/kernel/test/auto/TwoLevelHierarchyWithResetsNullStates.xml
99 ms. Memory: 148480K Free: 128759K (87%)
----------------- Invoking toplevel() on ptolemy.moml.MoMLSimpleApplication@782ebc42
----------------- Done invoking toplevel() on ptolemy.moml.MoMLSimpleApplication@782ebc42
reloadAllAccessors: .TwoLevelHierarchyWithResetsNullStates

===========================================================================================
----------------- testing Fri Sep 13 05:53:07 UTC 2019 /home/travis/build/icyphy/ptII/ptolemy/domains/hdf/kernel/test/auto/WaterTank_HDF.xml
----------------- Instantiating /home/travis/build/icyphy/ptII/ptolemy/domains/hdf/kernel/test/auto/WaterTank_HDF.xml
61 ms. Memory: 148480K Free: 99488K (67%)
----------------- Invoking toplevel() on ptolemy.moml.MoMLSimpleApplication@6c3f64fd
----------------- Done invoking toplevel() on ptolemy.moml.MoMLSimpleApplication@6c3f64fd
reloadAllAccessors: .WaterTank_HDF

===========================================================================================
----------------- testing Fri Sep 13 05:53:07 UTC 2019 /home/travis/build/icyphy/ptII/ptolemy/domains/hdf/kernel/test/auto/WaterTank_HDF2.xml
----------------- Instantiating /home/travis/build/icyphy/ptII/ptolemy/domains/hdf/kernel/test/auto/WaterTank_HDF2.xml
44 ms. Memory: 148480K Free: 67230K (45%)
----------------- Invoking toplevel() on ptolemy.moml.MoMLSimpleApplication@1ef2d5f9
----------------- Done invoking toplevel() on ptolemy.moml.MoMLSimpleApplication@1ef2d5f9
reloadAllAccessors: .WaterTank_HDF2

===========================================================================================
----------------- testing Fri Sep 13 05:53:07 UTC 2019 /home/travis/build/icyphy/ptII/ptolemy/domains/hdf/kernel/test/auto/badFSMRateChanges.xml
----------------- Instantiating /home/travis/build/icyphy/ptII/ptolemy/domains/hdf/kernel/test/auto/badFSMRateChanges.xml
15 ms. Memory: 148480K Free: 52880K (36%)
----------------- Invoking toplevel() on ptolemy.moml.MoMLSimpleApplication@c8b9b2
----------------- Done invoking toplevel() on ptolemy.moml.MoMLSimpleApplication@c8b9b2
reloadAllAccessors: .badFSMRateChanges
AutoTests.java: About to close Vertx.
AutoTests.java: Vertx closed.
]]></system-out>
  <system-err><![CDATA[]]></system-err>
</testsuite>
