<?xml version="1.0" encoding="UTF-8" ?>
<testsuite errors="0" failures="0" hostname="travis-job-b5bd14f1-fe11-4a3b-8692-c49a2ef88076" name="ptolemy.domains.modal.test.junit.JUnitTclTest" skipped="0" tests="148" time="9.949" timestamp="2021-07-06T02:04:41">
  <properties>
[...]
</properties>
  <testcase classname="ptolemy.util.test.junit.TclTests" name="[0] /home/travis/build/icyphy/ptII/ptolemy/domains/modal/test/SystemLevelType.tcl (RunTclFile)" time="1.896" />
  <testcase classname="ptolemy.util.test.junit.AutoKnownFailedTests" name="[0] /home/travis/build/icyphy/ptII/ptolemy/domains/modal/test/auto/knownFailedTests/CannotAnalysisWithPreemption.xml (RunModel)" time="0.323" />
  <testcase classname="ptolemy.util.test.junit.AutoNameArchTests" name="[0] ThereAreNoAutoArchTests (RunModel)" time="0.003" />
  <testcase classname="ptolemy.util.test.junit.AutoTests" name="[0] /home/travis/build/icyphy/ptII/ptolemy/domains/modal/test/auto/ABPTest.xml (RunModel)" time="0.712" />
  <testcase classname="ptolemy.util.test.junit.AutoTests" name="[1] /home/travis/build/icyphy/ptII/ptolemy/domains/modal/test/auto/ABROFlat.xml (RunModel)" time="0.064" />
  <testcase classname="ptolemy.util.test.junit.AutoTests" name="[2] /home/travis/build/icyphy/ptII/ptolemy/domains/modal/test/auto/ABROFlat2.xml (RunModel)" time="0.085" />
  <testcase classname="ptolemy.util.test.junit.AutoTests" name="[3] /home/travis/build/icyphy/ptII/ptolemy/domains/modal/test/auto/ABRO_present_hmm.xml (RunModel)" time="0.125" />
  <testcase classname="ptolemy.util.test.junit.AutoTests" name="[4] /home/travis/build/icyphy/ptII/ptolemy/domains/modal/test/auto/AMICoderExample.xml (RunModel)" time="0.09" />
  <testcase classname="ptolemy.util.test.junit.AutoTests" name="[5] /home/travis/build/icyphy/ptII/ptolemy/domains/modal/test/auto/AbsentToPresent.xml (RunModel)" time="0.02" />
  <testcase classname="ptolemy.util.test.junit.AutoTests" name="[6] /home/travis/build/icyphy/ptII/ptolemy/domains/modal/test/auto/Blending.xml (RunModel)" time="0.284" />
  <testcase classname="ptolemy.util.test.junit.AutoTests" name="[7] /home/travis/build/icyphy/ptII/ptolemy/domains/modal/test/auto/Broadcast.xml (RunModel)" time="0.034" />
  <testcase classname="ptolemy.util.test.junit.AutoTests" name="[8] /home/travis/build/icyphy/ptII/ptolemy/domains/modal/test/auto/BroadcastHierarchy.xml (RunModel)" time="0.052" />
  <testcase classname="ptolemy.util.test.junit.AutoTests" name="[9] /home/travis/build/icyphy/ptII/ptolemy/domains/modal/test/auto/BroadcastHierarchy2.xml (RunModel)" time="0.11" />
  <testcase classname="ptolemy.util.test.junit.AutoTests" name="[10] /home/travis/build/icyphy/ptII/ptolemy/domains/modal/test/auto/BroadcastHierarchy3.xml (RunModel)" time="0.063" />
  <testcase classname="ptolemy.util.test.junit.AutoTests" name="[11] /home/travis/build/icyphy/ptII/ptolemy/domains/modal/test/auto/BroadcastHierarchy4.xml (RunModel)" time="0.066" />
  <testcase classname="ptolemy.util.test.junit.AutoTests" name="[12] /home/travis/build/icyphy/ptII/ptolemy/domains/modal/test/auto/CannotAnalysisWithPreemption2.xml (RunModel)" time="0.024" />
  <testcase classname="ptolemy.util.test.junit.AutoTests" name="[13] /home/travis/build/icyphy/ptII/ptolemy/domains/modal/test/auto/CannotAnalysisWithPreemption3.xml (RunModel)" time="0.032" />
  <testcase classname="ptolemy.util.test.junit.AutoTests" name="[14] /home/travis/build/icyphy/ptII/ptolemy/domains/modal/test/auto/CannotProduce.xml (RunModel)" time="0.044" />
  <testcase classname="ptolemy.util.test.junit.AutoTests" name="[15] /home/travis/build/icyphy/ptII/ptolemy/domains/modal/test/auto/CannotProduceModal.xml (RunModel)" time="0.037" />
  <testcase classname="ptolemy.util.test.junit.AutoTests" name="[16] /home/travis/build/icyphy/ptII/ptolemy/domains/modal/test/auto/Case.xml (RunModel)" time="0.082" />
  <testcase classname="ptolemy.util.test.junit.AutoTests" name="[17] /home/travis/build/icyphy/ptII/ptolemy/domains/modal/test/auto/Case1.xml (RunModel)" time="0.036" />
  <testcase classname="ptolemy.util.test.junit.AutoTests" name="[18] /home/travis/build/icyphy/ptII/ptolemy/domains/modal/test/auto/Case2.xml (RunModel)" time="0.054" />
  <testcase classname="ptolemy.util.test.junit.AutoTests" name="[19] /home/travis/build/icyphy/ptII/ptolemy/domains/modal/test/auto/CausalityInterface1.xml (RunModel)" time="0.037" />
  <testcase classname="ptolemy.util.test.junit.AutoTests" name="[20] /home/travis/build/icyphy/ptII/ptolemy/domains/modal/test/auto/CausalityInterface10.xml (RunModel)" time="0.078" />
  <testcase classname="ptolemy.util.test.junit.AutoTests" name="[21] /home/travis/build/icyphy/ptII/ptolemy/domains/modal/test/auto/CausalityInterface11.xml (RunModel)" time="0.051" />
  <testcase classname="ptolemy.util.test.junit.AutoTests" name="[22] /home/travis/build/icyphy/ptII/ptolemy/domains/modal/test/auto/CausalityInterface12.xml (RunModel)" time="0.046" />
  <testcase classname="ptolemy.util.test.junit.AutoTests" name="[23] /home/travis/build/icyphy/ptII/ptolemy/domains/modal/test/auto/CausalityInterface13.xml (RunModel)" time="0.048" />
  <testcase classname="ptolemy.util.test.junit.AutoTests" name="[24] /home/travis/build/icyphy/ptII/ptolemy/domains/modal/test/auto/CausalityInterface14.xml (RunModel)" time="0.038" />
  <testcase classname="ptolemy.util.test.junit.AutoTests" name="[25] /home/travis/build/icyphy/ptII/ptolemy/domains/modal/test/auto/CausalityInterface2.xml (RunModel)" time="0.018" />
  <testcase classname="ptolemy.util.test.junit.AutoTests" name="[26] /home/travis/build/icyphy/ptII/ptolemy/domains/modal/test/auto/CausalityInterface3.xml (RunModel)" time="0.043" />
  <testcase classname="ptolemy.util.test.junit.AutoTests" name="[27] /home/travis/build/icyphy/ptII/ptolemy/domains/modal/test/auto/CausalityInterface4.xml (RunModel)" time="0.024" />
  <testcase classname="ptolemy.util.test.junit.AutoTests" name="[28] /home/travis/build/icyphy/ptII/ptolemy/domains/modal/test/auto/CausalityInterface5.xml (RunModel)" time="0.02" />
  <testcase classname="ptolemy.util.test.junit.AutoTests" name="[29] /home/travis/build/icyphy/ptII/ptolemy/domains/modal/test/auto/CausalityInterface6.xml (RunModel)" time="0.035" />
  <testcase classname="ptolemy.util.test.junit.AutoTests" name="[30] /home/travis/build/icyphy/ptII/ptolemy/domains/modal/test/auto/CausalityInterface7.xml (RunModel)" time="0.031" />
  <testcase classname="ptolemy.util.test.junit.AutoTests" name="[31] /home/travis/build/icyphy/ptII/ptolemy/domains/modal/test/auto/CausalityInterface8.xml (RunModel)" time="0.027" />
  <testcase classname="ptolemy.util.test.junit.AutoTests" name="[32] /home/travis/build/icyphy/ptII/ptolemy/domains/modal/test/auto/CausalityInterface9.xml (RunModel)" time="0.033" />
  <testcase classname="ptolemy.util.test.junit.AutoTests" name="[33] /home/travis/build/icyphy/ptII/ptolemy/domains/modal/test/auto/ChainedTransitions.xml (RunModel)" time="0.149" />
  <testcase classname="ptolemy.util.test.junit.AutoTests" name="[34] /home/travis/build/icyphy/ptII/ptolemy/domains/modal/test/auto/CycleOfImmediateTransitionsFSM.xml (RunModel)" time="0.022" />
  <testcase classname="ptolemy.util.test.junit.AutoTests" name="[35] /home/travis/build/icyphy/ptII/ptolemy/domains/modal/test/auto/CycleOfImmediateTransitionsModal.xml (RunModel)" time="0.018" />
  <testcase classname="ptolemy.util.test.junit.AutoTests" name="[36] /home/travis/build/icyphy/ptII/ptolemy/domains/modal/test/auto/CycleOfImmediateTransitionsModal2.xml (RunModel)" time="0.031" />
  <testcase classname="ptolemy.util.test.junit.AutoTests" name="[37] /home/travis/build/icyphy/ptII/ptolemy/domains/modal/test/auto/CycleOfImmediateTransitionsModal3.xml (RunModel)" time="0.075" />
  <testcase classname="ptolemy.util.test.junit.AutoTests" name="[38] /home/travis/build/icyphy/ptII/ptolemy/domains/modal/test/auto/DeepModal1.xml (RunModel)" time="0.05" />
  <testcase classname="ptolemy.util.test.junit.AutoTests" name="[39] /home/travis/build/icyphy/ptII/ptolemy/domains/modal/test/auto/DeepModal2.xml (RunModel)" time="0.052" />
  <testcase classname="ptolemy.util.test.junit.AutoTests" name="[40] /home/travis/build/icyphy/ptII/ptolemy/domains/modal/test/auto/DeepModal3.xml (RunModel)" time="0.061" />
  <testcase classname="ptolemy.util.test.junit.AutoTests" name="[41] /home/travis/build/icyphy/ptII/ptolemy/domains/modal/test/auto/DeepModal4.xml (RunModel)" time="0.069" />
  <testcase classname="ptolemy.util.test.junit.AutoTests" name="[42] /home/travis/build/icyphy/ptII/ptolemy/domains/modal/test/auto/Default1.xml (RunModel)" time="0.014" />
  <testcase classname="ptolemy.util.test.junit.AutoTests" name="[43] /home/travis/build/icyphy/ptII/ptolemy/domains/modal/test/auto/Default2.xml (RunModel)" time="0.017" />
  <testcase classname="ptolemy.util.test.junit.AutoTests" name="[44] /home/travis/build/icyphy/ptII/ptolemy/domains/modal/test/auto/Default3.xml (RunModel)" time="0.02" />
  <testcase classname="ptolemy.util.test.junit.AutoTests" name="[45] /home/travis/build/icyphy/ptII/ptolemy/domains/modal/test/auto/Default4.xml (RunModel)" time="0.026" />
  <testcase classname="ptolemy.util.test.junit.AutoTests" name="[46] /home/travis/build/icyphy/ptII/ptolemy/domains/modal/test/auto/Default5.xml (RunModel)" time="0.025" />
  <testcase classname="ptolemy.util.test.junit.AutoTests" name="[47] /home/travis/build/icyphy/ptII/ptolemy/domains/modal/test/auto/EmptyGuard.xml (RunModel)" time="0.043" />
  <testcase classname="ptolemy.util.test.junit.AutoTests" name="[48] /home/travis/build/icyphy/ptII/ptolemy/domains/modal/test/auto/ErrorTransition1.xml (RunModel)" time="0.029" />
  <testcase classname="ptolemy.util.test.junit.AutoTests" name="[49] /home/travis/build/icyphy/ptII/ptolemy/domains/modal/test/auto/ErrorTransition10.xml (RunModel)" time="0.037" />
  <testcase classname="ptolemy.util.test.junit.AutoTests" name="[50] /home/travis/build/icyphy/ptII/ptolemy/domains/modal/test/auto/ErrorTransition11.xml (RunModel)" time="0.032" />
  <testcase classname="ptolemy.util.test.junit.AutoTests" name="[51] /home/travis/build/icyphy/ptII/ptolemy/domains/modal/test/auto/ErrorTransition2.xml (RunModel)" time="0.027" />
  <testcase classname="ptolemy.util.test.junit.AutoTests" name="[52] /home/travis/build/icyphy/ptII/ptolemy/domains/modal/test/auto/ErrorTransition3.xml (RunModel)" time="0.036" />
  <testcase classname="ptolemy.util.test.junit.AutoTests" name="[53] /home/travis/build/icyphy/ptII/ptolemy/domains/modal/test/auto/ErrorTransition4.xml (RunModel)" time="0.04" />
  <testcase classname="ptolemy.util.test.junit.AutoTests" name="[54] /home/travis/build/icyphy/ptII/ptolemy/domains/modal/test/auto/ErrorTransition5.xml (RunModel)" time="0.022" />
  <testcase classname="ptolemy.util.test.junit.AutoTests" name="[55] /home/travis/build/icyphy/ptII/ptolemy/domains/modal/test/auto/ErrorTransition6.xml (RunModel)" time="0.028" />
  <testcase classname="ptolemy.util.test.junit.AutoTests" name="[56] /home/travis/build/icyphy/ptII/ptolemy/domains/modal/test/auto/ErrorTransition7.xml (RunModel)" time="0.048" />
  <testcase classname="ptolemy.util.test.junit.AutoTests" name="[57] /home/travis/build/icyphy/ptII/ptolemy/domains/modal/test/auto/ErrorTransition8.xml (RunModel)" time="0.05" />
  <testcase classname="ptolemy.util.test.junit.AutoTests" name="[58] /home/travis/build/icyphy/ptII/ptolemy/domains/modal/test/auto/ErrorTransition9.xml (RunModel)" time="0.063" />
  <testcase classname="ptolemy.util.test.junit.AutoTests" name="[59] /home/travis/build/icyphy/ptII/ptolemy/domains/modal/test/auto/ExtendedFSM.xml (RunModel)" time="0.028" />
  <testcase classname="ptolemy.util.test.junit.AutoTests" name="[60] /home/travis/build/icyphy/ptII/ptolemy/domains/modal/test/auto/FinalStates.xml (RunModel)" time="0.023" />
  <testcase classname="ptolemy.util.test.junit.AutoTests" name="[61] /home/travis/build/icyphy/ptII/ptolemy/domains/modal/test/auto/FixedPointFSM.xml (RunModel)" time="0.048" />
  <testcase classname="ptolemy.util.test.junit.AutoTests" name="[62] /home/travis/build/icyphy/ptII/ptolemy/domains/modal/test/auto/FixedPointIterationFSMActor.xml (RunModel)" time="0.031" />
  <testcase classname="ptolemy.util.test.junit.AutoTests" name="[63] /home/travis/build/icyphy/ptII/ptolemy/domains/modal/test/auto/FixedPointIterationFSMActor2.xml (RunModel)" time="0.029" />
  <testcase classname="ptolemy.util.test.junit.AutoTests" name="[64] /home/travis/build/icyphy/ptII/ptolemy/domains/modal/test/auto/ForbiddenInstantanousLoop.xml (RunModel)" time="0.031" />
  <testcase classname="ptolemy.util.test.junit.AutoTests" name="[65] /home/travis/build/icyphy/ptII/ptolemy/domains/modal/test/auto/FunctionDependencyOfFSMActorTest.xml (RunModel)" time="0.023" />
  <testcase classname="ptolemy.util.test.junit.AutoTests" name="[66] /home/travis/build/icyphy/ptII/ptolemy/domains/modal/test/auto/GuardExpression.xml (RunModel)" time="0.02" />
  <testcase classname="ptolemy.util.test.junit.AutoTests" name="[67] /home/travis/build/icyphy/ptII/ptolemy/domains/modal/test/auto/GuardNotEvaluated.xml (RunModel)" time="0.023" />
  <testcase classname="ptolemy.util.test.junit.AutoTests" name="[68] /home/travis/build/icyphy/ptII/ptolemy/domains/modal/test/auto/GuardNotEvaluated2.xml (RunModel)" time="0.025" />
  <testcase classname="ptolemy.util.test.junit.AutoTests" name="[69] /home/travis/build/icyphy/ptII/ptolemy/domains/modal/test/auto/GuardOnAbsent.xml (RunModel)" time="0.02" />
  <testcase classname="ptolemy.util.test.junit.AutoTests" name="[70] /home/travis/build/icyphy/ptII/ptolemy/domains/modal/test/auto/HierarchicalFSMTypeInference.xml (RunModel)" time="0.023" />
  <testcase classname="ptolemy.util.test.junit.AutoTests" name="[71] /home/travis/build/icyphy/ptII/ptolemy/domains/modal/test/auto/Hysteresis.xml (RunModel)" time="0.04" />
  <testcase classname="ptolemy.util.test.junit.AutoTests" name="[72] /home/travis/build/icyphy/ptII/ptolemy/domains/modal/test/auto/HysteresisWithDefault.xml (RunModel)" time="0.076" />
  <testcase classname="ptolemy.util.test.junit.AutoTests" name="[73] /home/travis/build/icyphy/ptII/ptolemy/domains/modal/test/auto/HysteresisWithDefault2.xml (RunModel)" time="0.065" />
  <testcase classname="ptolemy.util.test.junit.AutoTests" name="[74] /home/travis/build/icyphy/ptII/ptolemy/domains/modal/test/auto/ImmediateNonConstructiveness.xml (RunModel)" time="0.014" />
  <testcase classname="ptolemy.util.test.junit.AutoTests" name="[75] /home/travis/build/icyphy/ptII/ptolemy/domains/modal/test/auto/ImmediateNonConstructiveness2.xml (RunModel)" time="0.015" />
  <testcase classname="ptolemy.util.test.junit.AutoTests" name="[76] /home/travis/build/icyphy/ptII/ptolemy/domains/modal/test/auto/ImmediateTransitionReset.xml (RunModel)" time="0.029" />
  <testcase classname="ptolemy.util.test.junit.AutoTests" name="[77] /home/travis/build/icyphy/ptII/ptolemy/domains/modal/test/auto/ImmediateTransitions1.xml (RunModel)" time="0.011" />
  <testcase classname="ptolemy.util.test.junit.AutoTests" name="[78] /home/travis/build/icyphy/ptII/ptolemy/domains/modal/test/auto/ImmediateTransitionsInstantaneousCommunication.xml (RunModel)" time="0.031" />
  <testcase classname="ptolemy.util.test.junit.AutoTests" name="[79] /home/travis/build/icyphy/ptII/ptolemy/domains/modal/test/auto/InitialImmediateTransition.xml (RunModel)" time="0.013" />
  <testcase classname="ptolemy.util.test.junit.AutoTests" name="[80] /home/travis/build/icyphy/ptII/ptolemy/domains/modal/test/auto/InitialOutputs.xml (RunModel)" time="0.013" />
  <testcase classname="ptolemy.util.test.junit.AutoTests" name="[81] /home/travis/build/icyphy/ptII/ptolemy/domains/modal/test/auto/InitialStateTransition1.xml (RunModel)" time="0.017" />
  <testcase classname="ptolemy.util.test.junit.AutoTests" name="[82] /home/travis/build/icyphy/ptII/ptolemy/domains/modal/test/auto/InitialStateTransition2.xml (RunModel)" time="0.019" />
  <testcase classname="ptolemy.util.test.junit.AutoTests" name="[83] /home/travis/build/icyphy/ptII/ptolemy/domains/modal/test/auto/InitialStateTransition3.xml (RunModel)" time="0.019" />
  <testcase classname="ptolemy.util.test.junit.AutoTests" name="[84] /home/travis/build/icyphy/ptII/ptolemy/domains/modal/test/auto/InitialStateTransition4.xml (RunModel)" time="0.022" />
  <testcase classname="ptolemy.util.test.junit.AutoTests" name="[85] /home/travis/build/icyphy/ptII/ptolemy/domains/modal/test/auto/MalformedGuardExpressionNotCaught.xml (RunModel)" time="0.023" />
  <testcase classname="ptolemy.util.test.junit.AutoTests" name="[86] /home/travis/build/icyphy/ptII/ptolemy/domains/modal/test/auto/ModalBSC.xml (RunModel)" time="0.078" />
  <testcase classname="ptolemy.util.test.junit.AutoTests" name="[87] /home/travis/build/icyphy/ptII/ptolemy/domains/modal/test/auto/ModalClocks.xml (RunModel)" time="0.071" />
  <testcase classname="ptolemy.util.test.junit.AutoTests" name="[88] /home/travis/build/icyphy/ptII/ptolemy/domains/modal/test/auto/ModalDelay.xml (RunModel)" time="0.041" />
  <testcase classname="ptolemy.util.test.junit.AutoTests" name="[89] /home/travis/build/icyphy/ptII/ptolemy/domains/modal/test/auto/ModalDelay2.xml (RunModel)" time="0.039" />
  <testcase classname="ptolemy.util.test.junit.AutoTests" name="[90] /home/travis/build/icyphy/ptII/ptolemy/domains/modal/test/auto/ModalModelFromMemo.xml (RunModel)" time="0.045" />
  <testcase classname="ptolemy.util.test.junit.AutoTests" name="[91] /home/travis/build/icyphy/ptII/ptolemy/domains/modal/test/auto/ModalModelWithMultirateTransient.xml (RunModel)" time="0.048" />
  <testcase classname="ptolemy.util.test.junit.AutoTests" name="[92] /home/travis/build/icyphy/ptII/ptolemy/domains/modal/test/auto/ModalModelWithReset.xml (RunModel)" time="0.044" />
  <testcase classname="ptolemy.util.test.junit.AutoTests" name="[93] /home/travis/build/icyphy/ptII/ptolemy/domains/modal/test/auto/MouseClickFSM.xml (RunModel)" time="0.049" />
  <testcase classname="ptolemy.util.test.junit.AutoTests" name="[94] /home/travis/build/icyphy/ptII/ptolemy/domains/modal/test/auto/MouseClickFSMModal.xml (RunModel)" time="0.031" />
  <testcase classname="ptolemy.util.test.junit.AutoTests" name="[95] /home/travis/build/icyphy/ptII/ptolemy/domains/modal/test/auto/NonStrictFSM_FeedbackLoop.xml (RunModel)" time="0.046" />
  <testcase classname="ptolemy.util.test.junit.AutoTests" name="[96] /home/travis/build/icyphy/ptII/ptolemy/domains/modal/test/auto/NonStrictFSM_FeedbackLoop_Refinement.xml (RunModel)" time="0.08" />
  <testcase classname="ptolemy.util.test.junit.AutoTests" name="[97] /home/travis/build/icyphy/ptII/ptolemy/domains/modal/test/auto/NonStrictFSM_FeedbackLoop_preemptive.xml (RunModel)" time="0.04" />
  <testcase classname="ptolemy.util.test.junit.AutoTests" name="[98] /home/travis/build/icyphy/ptII/ptolemy/domains/modal/test/auto/NormalTermination.xml (RunModel)" time="0.036" />
  <testcase classname="ptolemy.util.test.junit.AutoTests" name="[99] /home/travis/build/icyphy/ptII/ptolemy/domains/modal/test/auto/Pong.xml (RunModel)" time="0.076" />
  <testcase classname="ptolemy.util.test.junit.AutoTests" name="[100] /home/travis/build/icyphy/ptII/ptolemy/domains/modal/test/auto/Pong_test.xml (RunModel)" time="0.106" />
  <testcase classname="ptolemy.util.test.junit.AutoTests" name="[101] /home/travis/build/icyphy/ptII/ptolemy/domains/modal/test/auto/PreemptionHierarchy.xml (RunModel)" time="0.05" />
  <testcase classname="ptolemy.util.test.junit.AutoTests" name="[102] /home/travis/build/icyphy/ptII/ptolemy/domains/modal/test/auto/PreemptionHierarchy2.xml (RunModel)" time="0.032" />
  <testcase classname="ptolemy.util.test.junit.AutoTests" name="[103] /home/travis/build/icyphy/ptII/ptolemy/domains/modal/test/auto/PreemptiveTransition.xml (RunModel)" time="0.024" />
  <testcase classname="ptolemy.util.test.junit.AutoTests" name="[104] /home/travis/build/icyphy/ptII/ptolemy/domains/modal/test/auto/Priorities.xml (RunModel)" time="0.094" />
  <testcase classname="ptolemy.util.test.junit.AutoTests" name="[105] /home/travis/build/icyphy/ptII/ptolemy/domains/modal/test/auto/ResetFinal.xml (RunModel)" time="0.039" />
  <testcase classname="ptolemy.util.test.junit.AutoTests" name="[106] /home/travis/build/icyphy/ptII/ptolemy/domains/modal/test/auto/ResetFinal2.xml (RunModel)" time="0.025" />
  <testcase classname="ptolemy.util.test.junit.AutoTests" name="[107] /home/travis/build/icyphy/ptII/ptolemy/domains/modal/test/auto/ResetTransitionWithStartTime.xml (RunModel)" time="0.025" />
  <testcase classname="ptolemy.util.test.junit.AutoTests" name="[108] /home/travis/build/icyphy/ptII/ptolemy/domains/modal/test/auto/SDF-FSMComposite.xml (RunModel)" time="0.021" />
  <testcase classname="ptolemy.util.test.junit.AutoTests" name="[109] /home/travis/build/icyphy/ptII/ptolemy/domains/modal/test/auto/SeeminglyNondeterminate.xml (RunModel)" time="0.063" />
  <testcase classname="ptolemy.util.test.junit.AutoTests" name="[110] /home/travis/build/icyphy/ptII/ptolemy/domains/modal/test/auto/SeeminglyNondeterminate2.xml (RunModel)" time="0.077" />
  <testcase classname="ptolemy.util.test.junit.AutoTests" name="[111] /home/travis/build/icyphy/ptII/ptolemy/domains/modal/test/auto/SpontaneousFSM.xml (RunModel)" time="0.054" />
  <testcase classname="ptolemy.util.test.junit.AutoTests" name="[112] /home/travis/build/icyphy/ptII/ptolemy/domains/modal/test/auto/SpontaneousFSM2.xml (RunModel)" time="0.025" />
  <testcase classname="ptolemy.util.test.junit.AutoTests" name="[113] /home/travis/build/icyphy/ptII/ptolemy/domains/modal/test/auto/SpontaneousFSM3.xml (RunModel)" time="0.035" />
  <testcase classname="ptolemy.util.test.junit.AutoTests" name="[114] /home/travis/build/icyphy/ptII/ptolemy/domains/modal/test/auto/SpontaneousFSM4.xml (RunModel)" time="0.041" />
  <testcase classname="ptolemy.util.test.junit.AutoTests" name="[115] /home/travis/build/icyphy/ptII/ptolemy/domains/modal/test/auto/StateTrackerTest.xml (RunModel)" time="0.056" />
  <testcase classname="ptolemy.util.test.junit.AutoTests" name="[116] /home/travis/build/icyphy/ptII/ptolemy/domains/modal/test/auto/StrongImmediateTransition.xml (RunModel)" time="0.023" />
  <testcase classname="ptolemy.util.test.junit.AutoTests" name="[117] /home/travis/build/icyphy/ptII/ptolemy/domains/modal/test/auto/SustainHierarchy.xml (RunModel)" time="0.025" />
  <testcase classname="ptolemy.util.test.junit.AutoTests" name="[118] /home/travis/build/icyphy/ptII/ptolemy/domains/modal/test/auto/TerminationTransition1.xml (RunModel)" time="0.016" />
  <testcase classname="ptolemy.util.test.junit.AutoTests" name="[119] /home/travis/build/icyphy/ptII/ptolemy/domains/modal/test/auto/TerminationTransition2.xml (RunModel)" time="0.028" />
  <testcase classname="ptolemy.util.test.junit.AutoTests" name="[120] /home/travis/build/icyphy/ptII/ptolemy/domains/modal/test/auto/TerminationTransition3.xml (RunModel)" time="0.018" />
  <testcase classname="ptolemy.util.test.junit.AutoTests" name="[121] /home/travis/build/icyphy/ptII/ptolemy/domains/modal/test/auto/TerminationTransition4.xml (RunModel)" time="0.029" />
  <testcase classname="ptolemy.util.test.junit.AutoTests" name="[122] /home/travis/build/icyphy/ptII/ptolemy/domains/modal/test/auto/TerminationTransition5.xml (RunModel)" time="0.026" />
  <testcase classname="ptolemy.util.test.junit.AutoTests" name="[123] /home/travis/build/icyphy/ptII/ptolemy/domains/modal/test/auto/TerminationTransition6.xml (RunModel)" time="0.018" />
  <testcase classname="ptolemy.util.test.junit.AutoTests" name="[124] /home/travis/build/icyphy/ptII/ptolemy/domains/modal/test/auto/TerminationTransition7.xml (RunModel)" time="0.018" />
  <testcase classname="ptolemy.util.test.junit.AutoTests" name="[125] /home/travis/build/icyphy/ptII/ptolemy/domains/modal/test/auto/TerminationTransition8.xml (RunModel)" time="0.019" />
  <testcase classname="ptolemy.util.test.junit.AutoTests" name="[126] /home/travis/build/icyphy/ptII/ptolemy/domains/modal/test/auto/Thermostat_NoHysteresis.xml (RunModel)" time="0.054" />
  <testcase classname="ptolemy.util.test.junit.AutoTests" name="[127] /home/travis/build/icyphy/ptII/ptolemy/domains/modal/test/auto/TimedFSM.xml (RunModel)" time="0.026" />
  <testcase classname="ptolemy.util.test.junit.AutoTests" name="[128] /home/travis/build/icyphy/ptII/ptolemy/domains/modal/test/auto/Timeout1.xml (RunModel)" time="0.013" />
  <testcase classname="ptolemy.util.test.junit.AutoTests" name="[129] /home/travis/build/icyphy/ptII/ptolemy/domains/modal/test/auto/Timeout2.xml (RunModel)" time="0.02" />
  <testcase classname="ptolemy.util.test.junit.AutoTests" name="[130] /home/travis/build/icyphy/ptII/ptolemy/domains/modal/test/auto/Timeout3.xml (RunModel)" time="0.009" />
  <testcase classname="ptolemy.util.test.junit.AutoTests" name="[131] /home/travis/build/icyphy/ptII/ptolemy/domains/modal/test/auto/Timeout4.xml (RunModel)" time="0.009" />
  <testcase classname="ptolemy.util.test.junit.AutoTests" name="[132] /home/travis/build/icyphy/ptII/ptolemy/domains/modal/test/auto/TransientstateModelAdvanced.xml (RunModel)" time="0.022" />
  <testcase classname="ptolemy.util.test.junit.AutoTests" name="[133] /home/travis/build/icyphy/ptII/ptolemy/domains/modal/test/auto/TransientstateModelAdvanced2.xml (RunModel)" time="0.025" />
  <testcase classname="ptolemy.util.test.junit.AutoTests" name="[134] /home/travis/build/icyphy/ptII/ptolemy/domains/modal/test/auto/TransitionRefinements.xml (RunModel)" time="0.019" />
  <testcase classname="ptolemy.util.test.junit.AutoTests" name="[135] /home/travis/build/icyphy/ptII/ptolemy/domains/modal/test/auto/TwoRefinements1.xml (RunModel)" time="0.02" />
  <testcase classname="ptolemy.util.test.junit.AutoTests" name="[136] /home/travis/build/icyphy/ptII/ptolemy/domains/modal/test/auto/TwoRefinements2.xml (RunModel)" time="0.02" />
  <testcase classname="ptolemy.util.test.junit.AutoTests" name="[137] /home/travis/build/icyphy/ptII/ptolemy/domains/modal/test/auto/WeakImmediateTransition.xml (RunModel)" time="0.022" />
  <testcase classname="ptolemy.util.test.junit.AutoTests" name="[138] /home/travis/build/icyphy/ptII/ptolemy/domains/modal/test/auto/booleanSelect.xml (RunModel)" time="0.067" />
  <testcase classname="ptolemy.util.test.junit.AutoTests" name="[139] /home/travis/build/icyphy/ptII/ptolemy/domains/modal/test/auto/modalChangingParams.xml (RunModel)" time="0.312" />
  <testcase classname="ptolemy.util.test.junit.AutoTests" name="[140] /home/travis/build/icyphy/ptII/ptolemy/domains/modal/test/auto/modalModel.xml (RunModel)" time="0.032" />
  <testcase classname="ptolemy.util.test.junit.AutoTests" name="[141] /home/travis/build/icyphy/ptII/ptolemy/domains/modal/test/auto/modalModel2.xml (RunModel)" time="0.029" />
  <testcase classname="ptolemy.util.test.junit.AutoTests" name="[142] /home/travis/build/icyphy/ptII/ptolemy/domains/modal/test/auto/modalModel3.xml (RunModel)" time="0.038" />
  <testcase classname="ptolemy.util.test.junit.AutoTests" name="[143] /home/travis/build/icyphy/ptII/ptolemy/domains/modal/test/auto/model1.xml (RunModel)" time="0.019" />
  <testcase classname="ptolemy.util.test.junit.AutoTests" name="[144] /home/travis/build/icyphy/ptII/ptolemy/domains/modal/test/auto/test-direct-in-out.xml (RunModel)" time="0.021" />
  <system-out><![CDATA[/home/travis/build/icyphy/ptII/ptolemy/domains/modal/test/SystemLevelType.tcl
testDefs.tcl: setting time out to 9000 seconds at Tue Jul 06 02:04:41 UTC 2021
07/06/21 02:04:43
Failed: 0  Total Tests: 1  ((Passed: 1, Newly Passed: 0)  Known Failed: 0) /home/travis/build/icyphy/ptII/ptolemy/domains/modal/test
----------------- testing (KnownFailure) /home/travis/build/icyphy/ptII/ptolemy/domains/modal/test/auto/knownFailedTests/CannotAnalysisWithPreemption.xml
141 ms. Memory: 129024K Free: 65284K (51%)
Known Failure: java.lang.reflect.InvocationTargetException
No auto/linux-amd64/*.xml tests in /home/travis/build/icyphy/ptII/ptolemy/domains/modal/test
AutoTests.java: About to close Vertx.
AutoTests.java: Vertx closed.

===========================================================================================
----------------- testing Tue Jul 06 02:04:44 UTC 2021 /home/travis/build/icyphy/ptII/ptolemy/domains/modal/test/auto/ABPTest.xml
----------------- Instantiating /home/travis/build/icyphy/ptII/ptolemy/domains/modal/test/auto/ABPTest.xml
326 ms. Memory: 159744K Free: 116652K (73%)
----------------- Invoking toplevel() on ptolemy.moml.MoMLSimpleApplication@23a8ac62
----------------- Done invoking toplevel() on ptolemy.moml.MoMLSimpleApplication@23a8ac62
reloadAllAccessors: .ABPTest

===========================================================================================
----------------- testing Tue Jul 06 02:04:45 UTC 2021 /home/travis/build/icyphy/ptII/ptolemy/domains/modal/test/auto/ABROFlat.xml
----------------- Instantiating /home/travis/build/icyphy/ptII/ptolemy/domains/modal/test/auto/ABROFlat.xml
21 ms. Memory: 159744K Free: 101628K (64%)
----------------- Invoking toplevel() on ptolemy.moml.MoMLSimpleApplication@66d7ffe3
----------------- Done invoking toplevel() on ptolemy.moml.MoMLSimpleApplication@66d7ffe3
reloadAllAccessors: .ABROFlat

===========================================================================================
----------------- testing Tue Jul 06 02:04:45 UTC 2021 /home/travis/build/icyphy/ptII/ptolemy/domains/modal/test/auto/ABROFlat2.xml
----------------- Instantiating /home/travis/build/icyphy/ptII/ptolemy/domains/modal/test/auto/ABROFlat2.xml
19 ms. Memory: 159744K Free: 85267K (53%)
----------------- Invoking toplevel() on ptolemy.moml.MoMLSimpleApplication@55d7fd90
----------------- Done invoking toplevel() on ptolemy.moml.MoMLSimpleApplication@55d7fd90
reloadAllAccessors: .ABROFlat2

===========================================================================================
----------------- testing Tue Jul 06 02:04:45 UTC 2021 /home/travis/build/icyphy/ptII/ptolemy/domains/modal/test/auto/ABRO_present_hmm.xml
----------------- Instantiating /home/travis/build/icyphy/ptII/ptolemy/domains/modal/test/auto/ABRO_present_hmm.xml
23 ms. Memory: 159744K Free: 58628K (37%)
----------------- Invoking toplevel() on ptolemy.moml.MoMLSimpleApplication@32b9e87d
----------------- Done invoking toplevel() on ptolemy.moml.MoMLSimpleApplication@32b9e87d
reloadAllAccessors: .ABRO_present_hmm

===========================================================================================
----------------- testing Tue Jul 06 02:04:45 UTC 2021 /home/travis/build/icyphy/ptII/ptolemy/domains/modal/test/auto/AMICoderExample.xml
----------------- Instantiating /home/travis/build/icyphy/ptII/ptolemy/domains/modal/test/auto/AMICoderExample.xml
35 ms. Memory: 159744K Free: 133801K (84%)
----------------- Invoking toplevel() on ptolemy.moml.MoMLSimpleApplication@32089255
----------------- Done invoking toplevel() on ptolemy.moml.MoMLSimpleApplication@32089255
reloadAllAccessors: .AMICoderExample

===========================================================================================
----------------- testing Tue Jul 06 02:04:45 UTC 2021 /home/travis/build/icyphy/ptII/ptolemy/domains/modal/test/auto/AbsentToPresent.xml
----------------- Instantiating /home/travis/build/icyphy/ptII/ptolemy/domains/modal/test/auto/AbsentToPresent.xml
5 ms. Memory: 159744K Free: 129195K (81%)
----------------- Invoking toplevel() on ptolemy.moml.MoMLSimpleApplication@52fd3856
----------------- Done invoking toplevel() on ptolemy.moml.MoMLSimpleApplication@52fd3856
reloadAllAccessors: .AbsentToPresent

===========================================================================================
----------------- testing Tue Jul 06 02:04:45 UTC 2021 /home/travis/build/icyphy/ptII/ptolemy/domains/modal/test/auto/Blending.xml
----------------- Instantiating /home/travis/build/icyphy/ptII/ptolemy/domains/modal/test/auto/Blending.xml
149 ms. Memory: 159744K Free: 84139K (53%)
----------------- Invoking toplevel() on ptolemy.moml.MoMLSimpleApplication@2c35956d
----------------- Done invoking toplevel() on ptolemy.moml.MoMLSimpleApplication@2c35956d
reloadAllAccessors: .Blending

===========================================================================================
----------------- testing Tue Jul 06 02:04:45 UTC 2021 /home/travis/build/icyphy/ptII/ptolemy/domains/modal/test/auto/Broadcast.xml
----------------- Instantiating /home/travis/build/icyphy/ptII/ptolemy/domains/modal/test/auto/Broadcast.xml
9 ms. Memory: 159744K Free: 73899K (46%)
----------------- Invoking toplevel() on ptolemy.moml.MoMLSimpleApplication@5f7fde07
----------------- Done invoking toplevel() on ptolemy.moml.MoMLSimpleApplication@5f7fde07
reloadAllAccessors: .Broadcast

===========================================================================================
----------------- testing Tue Jul 06 02:04:45 UTC 2021 /home/travis/build/icyphy/ptII/ptolemy/domains/modal/test/auto/BroadcastHierarchy.xml
----------------- Instantiating /home/travis/build/icyphy/ptII/ptolemy/domains/modal/test/auto/BroadcastHierarchy.xml
12 ms. Memory: 159744K Free: 60058K (38%)
----------------- Invoking toplevel() on ptolemy.moml.MoMLSimpleApplication@26fbf142
----------------- Done invoking toplevel() on ptolemy.moml.MoMLSimpleApplication@26fbf142
reloadAllAccessors: .BroadcastHierarchy

===========================================================================================
----------------- testing Tue Jul 06 02:04:45 UTC 2021 /home/travis/build/icyphy/ptII/ptolemy/domains/modal/test/auto/BroadcastHierarchy2.xml
----------------- Instantiating /home/travis/build/icyphy/ptII/ptolemy/domains/modal/test/auto/BroadcastHierarchy2.xml
24 ms. Memory: 159744K Free: 122537K (77%)
----------------- Invoking toplevel() on ptolemy.moml.MoMLSimpleApplication@54192380
----------------- Done invoking toplevel() on ptolemy.moml.MoMLSimpleApplication@54192380
reloadAllAccessors: .BroadcastHierarchy2

===========================================================================================
----------------- testing Tue Jul 06 02:04:46 UTC 2021 /home/travis/build/icyphy/ptII/ptolemy/domains/modal/test/auto/BroadcastHierarchy3.xml
----------------- Instantiating /home/travis/build/icyphy/ptII/ptolemy/domains/modal/test/auto/BroadcastHierarchy3.xml
14 ms. Memory: 159744K Free: 102057K (64%)
----------------- Invoking toplevel() on ptolemy.moml.MoMLSimpleApplication@27fa56e4
----------------- Done invoking toplevel() on ptolemy.moml.MoMLSimpleApplication@27fa56e4
reloadAllAccessors: .BroadcastHierarchy3

===========================================================================================
----------------- testing Tue Jul 06 02:04:46 UTC 2021 /home/travis/build/icyphy/ptII/ptolemy/domains/modal/test/auto/BroadcastHierarchy4.xml
----------------- Instantiating /home/travis/build/icyphy/ptII/ptolemy/domains/modal/test/auto/BroadcastHierarchy4.xml
9 ms. Memory: 159744K Free: 77474K (48%)
----------------- Invoking toplevel() on ptolemy.moml.MoMLSimpleApplication@6ad91acc
----------------- Done invoking toplevel() on ptolemy.moml.MoMLSimpleApplication@6ad91acc
reloadAllAccessors: .BroadcastHierarchy4

===========================================================================================
----------------- testing Tue Jul 06 02:04:46 UTC 2021 /home/travis/build/icyphy/ptII/ptolemy/domains/modal/test/auto/CannotAnalysisWithPreemption2.xml
----------------- Instantiating /home/travis/build/icyphy/ptII/ptolemy/domains/modal/test/auto/CannotAnalysisWithPreemption2.xml
3 ms. Memory: 159744K Free: 70298K (44%)
----------------- Invoking toplevel() on ptolemy.moml.MoMLSimpleApplication@2cd4c4f4
----------------- Done invoking toplevel() on ptolemy.moml.MoMLSimpleApplication@2cd4c4f4
reloadAllAccessors: .CannotAnalysisWithPreemption2

===========================================================================================
----------------- testing Tue Jul 06 02:04:46 UTC 2021 /home/travis/build/icyphy/ptII/ptolemy/domains/modal/test/auto/CannotAnalysisWithPreemption3.xml
----------------- Instantiating /home/travis/build/icyphy/ptII/ptolemy/domains/modal/test/auto/CannotAnalysisWithPreemption3.xml
7 ms. Memory: 159744K Free: 60058K (38%)
----------------- Invoking toplevel() on ptolemy.moml.MoMLSimpleApplication@d2d7e1b
----------------- Done invoking toplevel() on ptolemy.moml.MoMLSimpleApplication@d2d7e1b
reloadAllAccessors: .CannotAnalysisWithPreemption3

===========================================================================================
----------------- testing Tue Jul 06 02:04:46 UTC 2021 /home/travis/build/icyphy/ptII/ptolemy/domains/modal/test/auto/CannotProduce.xml
----------------- Instantiating /home/travis/build/icyphy/ptII/ptolemy/domains/modal/test/auto/CannotProduce.xml
19 ms. Memory: 159744K Free: 53419K (33%)
----------------- Invoking toplevel() on ptolemy.moml.MoMLSimpleApplication@395af5f7
----------------- Done invoking toplevel() on ptolemy.moml.MoMLSimpleApplication@395af5f7
reloadAllAccessors: .CannotProduce

===========================================================================================
----------------- testing Tue Jul 06 02:04:46 UTC 2021 /home/travis/build/icyphy/ptII/ptolemy/domains/modal/test/auto/CannotProduceModal.xml
----------------- Instantiating /home/travis/build/icyphy/ptII/ptolemy/domains/modal/test/auto/CannotProduceModal.xml
6 ms. Memory: 203776K Free: 179371K (88%)
----------------- Invoking toplevel() on ptolemy.moml.MoMLSimpleApplication@15868ff6
----------------- Done invoking toplevel() on ptolemy.moml.MoMLSimpleApplication@15868ff6
reloadAllAccessors: .CannotProduceModal

===========================================================================================
----------------- testing Tue Jul 06 02:04:46 UTC 2021 /home/travis/build/icyphy/ptII/ptolemy/domains/modal/test/auto/Case.xml
----------------- Instantiating /home/travis/build/icyphy/ptII/ptolemy/domains/modal/test/auto/Case.xml
33 ms. Memory: 203776K Free: 168107K (82%)
----------------- Invoking toplevel() on ptolemy.moml.MoMLSimpleApplication@4b5dd3f2
----------------- Done invoking toplevel() on ptolemy.moml.MoMLSimpleApplication@4b5dd3f2
reloadAllAccessors: .Case

===========================================================================================
----------------- testing Tue Jul 06 02:04:46 UTC 2021 /home/travis/build/icyphy/ptII/ptolemy/domains/modal/test/auto/Case1.xml
----------------- Instantiating /home/travis/build/icyphy/ptII/ptolemy/domains/modal/test/auto/Case1.xml
11 ms. Memory: 203776K Free: 160939K (79%)
----------------- Invoking toplevel() on ptolemy.moml.MoMLSimpleApplication@64e68744
----------------- Done invoking toplevel() on ptolemy.moml.MoMLSimpleApplication@64e68744
reloadAllAccessors: .Case1

===========================================================================================
----------------- testing Tue Jul 06 02:04:46 UTC 2021 /home/travis/build/icyphy/ptII/ptolemy/domains/modal/test/auto/Case2.xml
----------------- Instantiating /home/travis/build/icyphy/ptII/ptolemy/domains/modal/test/auto/Case2.xml
22 ms. Memory: 203776K Free: 150185K (74%)
----------------- Invoking toplevel() on ptolemy.moml.MoMLSimpleApplication@5ef6cc89
----------------- Done invoking toplevel() on ptolemy.moml.MoMLSimpleApplication@5ef6cc89
reloadAllAccessors: .Case2

===========================================================================================
----------------- testing Tue Jul 06 02:04:46 UTC 2021 /home/travis/build/icyphy/ptII/ptolemy/domains/modal/test/auto/CausalityInterface1.xml
----------------- Instantiating /home/travis/build/icyphy/ptII/ptolemy/domains/modal/test/auto/CausalityInterface1.xml
5 ms. Memory: 203776K Free: 145065K (71%)
----------------- Invoking toplevel() on ptolemy.moml.MoMLSimpleApplication@62a4610a
----------------- Done invoking toplevel() on ptolemy.moml.MoMLSimpleApplication@62a4610a
reloadAllAccessors: .CausalityInterface1

===========================================================================================
----------------- testing Tue Jul 06 02:04:46 UTC 2021 /home/travis/build/icyphy/ptII/ptolemy/domains/modal/test/auto/CausalityInterface10.xml
----------------- Instantiating /home/travis/build/icyphy/ptII/ptolemy/domains/modal/test/auto/CausalityInterface10.xml
11 ms. Memory: 203776K Free: 131738K (65%)
----------------- Invoking toplevel() on ptolemy.moml.MoMLSimpleApplication@26da7c34
----------------- Done invoking toplevel() on ptolemy.moml.MoMLSimpleApplication@26da7c34
reloadAllAccessors: .CausalityInterface10

===========================================================================================
----------------- testing Tue Jul 06 02:04:46 UTC 2021 /home/travis/build/icyphy/ptII/ptolemy/domains/modal/test/auto/CausalityInterface11.xml
----------------- Instantiating /home/travis/build/icyphy/ptII/ptolemy/domains/modal/test/auto/CausalityInterface11.xml
8 ms. Memory: 203776K Free: 118410K (58%)
----------------- Invoking toplevel() on ptolemy.moml.MoMLSimpleApplication@493d34fe
----------------- Done invoking toplevel() on ptolemy.moml.MoMLSimpleApplication@493d34fe
reloadAllAccessors: .CausalityInterface11

===========================================================================================
----------------- testing Tue Jul 06 02:04:46 UTC 2021 /home/travis/build/icyphy/ptII/ptolemy/domains/modal/test/auto/CausalityInterface12.xml
----------------- Instantiating /home/travis/build/icyphy/ptII/ptolemy/domains/modal/test/auto/CausalityInterface12.xml
5 ms. Memory: 203776K Free: 105098K (52%)
----------------- Invoking toplevel() on ptolemy.moml.MoMLSimpleApplication@27bdcb9a
----------------- Done invoking toplevel() on ptolemy.moml.MoMLSimpleApplication@27bdcb9a
reloadAllAccessors: .CausalityInterface12

===========================================================================================
----------------- testing Tue Jul 06 02:04:46 UTC 2021 /home/travis/build/icyphy/ptII/ptolemy/domains/modal/test/auto/CausalityInterface13.xml
----------------- Instantiating /home/travis/build/icyphy/ptII/ptolemy/domains/modal/test/auto/CausalityInterface13.xml
11 ms. Memory: 203776K Free: 91307K (45%)
----------------- Invoking toplevel() on ptolemy.moml.MoMLSimpleApplication@e085920
----------------- Done invoking toplevel() on ptolemy.moml.MoMLSimpleApplication@e085920
reloadAllAccessors: .CausalityInterface13

===========================================================================================
----------------- testing Tue Jul 06 02:04:46 UTC 2021 /home/travis/build/icyphy/ptII/ptolemy/domains/modal/test/auto/CausalityInterface14.xml
----------------- Instantiating /home/travis/build/icyphy/ptII/ptolemy/domains/modal/test/auto/CausalityInterface14.xml
5 ms. Memory: 203776K Free: 77450K (38%)
----------------- Invoking toplevel() on ptolemy.moml.MoMLSimpleApplication@76801308
----------------- Done invoking toplevel() on ptolemy.moml.MoMLSimpleApplication@76801308
reloadAllAccessors: .CausalityInterface14

===========================================================================================
----------------- testing Tue Jul 06 02:04:46 UTC 2021 /home/travis/build/icyphy/ptII/ptolemy/domains/modal/test/auto/CausalityInterface2.xml
----------------- Instantiating /home/travis/build/icyphy/ptII/ptolemy/domains/modal/test/auto/CausalityInterface2.xml
3 ms. Memory: 203776K Free: 71337K (35%)
----------------- Invoking toplevel() on ptolemy.moml.MoMLSimpleApplication@6d5db03d
----------------- Done invoking toplevel() on ptolemy.moml.MoMLSimpleApplication@6d5db03d
reloadAllAccessors: .CausalityInterface2

===========================================================================================
----------------- testing Tue Jul 06 02:04:46 UTC 2021 /home/travis/build/icyphy/ptII/ptolemy/domains/modal/test/auto/CausalityInterface3.xml
----------------- Instantiating /home/travis/build/icyphy/ptII/ptolemy/domains/modal/test/auto/CausalityInterface3.xml
8 ms. Memory: 203776K Free: 178859K (88%)
----------------- Invoking toplevel() on ptolemy.moml.MoMLSimpleApplication@670fde8b
----------------- Done invoking toplevel() on ptolemy.moml.MoMLSimpleApplication@670fde8b
reloadAllAccessors: .CausalityInterface3

===========================================================================================
----------------- testing Tue Jul 06 02:04:46 UTC 2021 /home/travis/build/icyphy/ptII/ptolemy/domains/modal/test/auto/CausalityInterface4.xml
----------------- Instantiating /home/travis/build/icyphy/ptII/ptolemy/domains/modal/test/auto/CausalityInterface4.xml
2 ms. Memory: 203776K Free: 172186K (84%)
----------------- Invoking toplevel() on ptolemy.moml.MoMLSimpleApplication@3b28bf12
----------------- Done invoking toplevel() on ptolemy.moml.MoMLSimpleApplication@3b28bf12
reloadAllAccessors: .CausalityInterface4

===========================================================================================
----------------- testing Tue Jul 06 02:04:46 UTC 2021 /home/travis/build/icyphy/ptII/ptolemy/domains/modal/test/auto/CausalityInterface5.xml
----------------- Instantiating /home/travis/build/icyphy/ptII/ptolemy/domains/modal/test/auto/CausalityInterface5.xml
3 ms. Memory: 203776K Free: 163994K (80%)
----------------- Invoking toplevel() on ptolemy.moml.MoMLSimpleApplication@2a6d6378
----------------- Done invoking toplevel() on ptolemy.moml.MoMLSimpleApplication@2a6d6378
reloadAllAccessors: .CausalityInterface5

===========================================================================================
----------------- testing Tue Jul 06 02:04:46 UTC 2021 /home/travis/build/icyphy/ptII/ptolemy/domains/modal/test/auto/CausalityInterface6.xml
----------------- Instantiating /home/travis/build/icyphy/ptII/ptolemy/domains/modal/test/auto/CausalityInterface6.xml
6 ms. Memory: 203776K Free: 155802K (76%)
----------------- Invoking toplevel() on ptolemy.moml.MoMLSimpleApplication@13450d18
----------------- Done invoking toplevel() on ptolemy.moml.MoMLSimpleApplication@13450d18
reloadAllAccessors: .CausalityInterface6

===========================================================================================
----------------- testing Tue Jul 06 02:04:46 UTC 2021 /home/travis/build/icyphy/ptII/ptolemy/domains/modal/test/auto/CausalityInterface7.xml
----------------- Instantiating /home/travis/build/icyphy/ptII/ptolemy/domains/modal/test/auto/CausalityInterface7.xml
5 ms. Memory: 203776K Free: 147594K (72%)
----------------- Invoking toplevel() on ptolemy.moml.MoMLSimpleApplication@4acf45d3
----------------- Done invoking toplevel() on ptolemy.moml.MoMLSimpleApplication@4acf45d3
reloadAllAccessors: .CausalityInterface7

===========================================================================================
----------------- testing Tue Jul 06 02:04:47 UTC 2021 /home/travis/build/icyphy/ptII/ptolemy/domains/modal/test/auto/CausalityInterface8.xml
----------------- Instantiating /home/travis/build/icyphy/ptII/ptolemy/domains/modal/test/auto/CausalityInterface8.xml
4 ms. Memory: 203776K Free: 138923K (68%)
----------------- Invoking toplevel() on ptolemy.moml.MoMLSimpleApplication@41b69d88
----------------- Done invoking toplevel() on ptolemy.moml.MoMLSimpleApplication@41b69d88
reloadAllAccessors: .CausalityInterface8

===========================================================================================
----------------- testing Tue Jul 06 02:04:47 UTC 2021 /home/travis/build/icyphy/ptII/ptolemy/domains/modal/test/auto/CausalityInterface9.xml
----------------- Instantiating /home/travis/build/icyphy/ptII/ptolemy/domains/modal/test/auto/CausalityInterface9.xml
3 ms. Memory: 203776K Free: 129707K (64%)
----------------- Invoking toplevel() on ptolemy.moml.MoMLSimpleApplication@5aec56a2
----------------- Done invoking toplevel() on ptolemy.moml.MoMLSimpleApplication@5aec56a2
reloadAllAccessors: .CausalityInterface9

===========================================================================================
----------------- testing Tue Jul 06 02:04:47 UTC 2021 /home/travis/build/icyphy/ptII/ptolemy/domains/modal/test/auto/ChainedTransitions.xml
----------------- Instantiating /home/travis/build/icyphy/ptII/ptolemy/domains/modal/test/auto/ChainedTransitions.xml
96 ms. Memory: 203776K Free: 105131K (52%)
----------------- Invoking toplevel() on ptolemy.moml.MoMLSimpleApplication@709ad277
----------------- Done invoking toplevel() on ptolemy.moml.MoMLSimpleApplication@709ad277
reloadAllAccessors: .ChainedTransitions

===========================================================================================
----------------- testing Tue Jul 06 02:04:47 UTC 2021 /home/travis/build/icyphy/ptII/ptolemy/domains/modal/test/auto/CycleOfImmediateTransitionsFSM.xml
----------------- Instantiating /home/travis/build/icyphy/ptII/ptolemy/domains/modal/test/auto/CycleOfImmediateTransitionsFSM.xml
3 ms. Memory: 203776K Free: 98987K (49%)
----------------- Invoking toplevel() on ptolemy.moml.MoMLSimpleApplication@d4848a3
----------------- Done invoking toplevel() on ptolemy.moml.MoMLSimpleApplication@d4848a3
reloadAllAccessors: .CycleOfImmediateTransitionsFSM

===========================================================================================
----------------- testing Tue Jul 06 02:04:47 UTC 2021 /home/travis/build/icyphy/ptII/ptolemy/domains/modal/test/auto/CycleOfImmediateTransitionsModal.xml
----------------- Instantiating /home/travis/build/icyphy/ptII/ptolemy/domains/modal/test/auto/CycleOfImmediateTransitionsModal.xml
3 ms. Memory: 203776K Free: 92843K (46%)
----------------- Invoking toplevel() on ptolemy.moml.MoMLSimpleApplication@f6961b0
----------------- Done invoking toplevel() on ptolemy.moml.MoMLSimpleApplication@f6961b0
reloadAllAccessors: .CycleOfImmediateTransitionsModal

===========================================================================================
----------------- testing Tue Jul 06 02:04:47 UTC 2021 /home/travis/build/icyphy/ptII/ptolemy/domains/modal/test/auto/CycleOfImmediateTransitionsModal2.xml
----------------- Instantiating /home/travis/build/icyphy/ptII/ptolemy/domains/modal/test/auto/CycleOfImmediateTransitionsModal2.xml
9 ms. Memory: 203776K Free: 86699K (43%)
----------------- Invoking toplevel() on ptolemy.moml.MoMLSimpleApplication@1c239857
----------------- Done invoking toplevel() on ptolemy.moml.MoMLSimpleApplication@1c239857
reloadAllAccessors: .CycleOfImmediateTransitionsModal2

===========================================================================================
----------------- testing Tue Jul 06 02:04:47 UTC 2021 /home/travis/build/icyphy/ptII/ptolemy/domains/modal/test/auto/CycleOfImmediateTransitionsModal3.xml
----------------- Instantiating /home/travis/build/icyphy/ptII/ptolemy/domains/modal/test/auto/CycleOfImmediateTransitionsModal3.xml
10 ms. Memory: 203776K Free: 178850K (88%)
----------------- Invoking toplevel() on ptolemy.moml.MoMLSimpleApplication@73a5244f
----------------- Done invoking toplevel() on ptolemy.moml.MoMLSimpleApplication@73a5244f
reloadAllAccessors: .CycleOfImmediateTransitionsModal3

===========================================================================================
----------------- testing Tue Jul 06 02:04:47 UTC 2021 /home/travis/build/icyphy/ptII/ptolemy/domains/modal/test/auto/DeepModal1.xml
----------------- Instantiating /home/travis/build/icyphy/ptII/ptolemy/domains/modal/test/auto/DeepModal1.xml
30 ms. Memory: 203776K Free: 165035K (81%)
----------------- Invoking toplevel() on ptolemy.moml.MoMLSimpleApplication@7786d637
----------------- Done invoking toplevel() on ptolemy.moml.MoMLSimpleApplication@7786d637
reloadAllAccessors: .DeepModal1

===========================================================================================
----------------- testing Tue Jul 06 02:04:47 UTC 2021 /home/travis/build/icyphy/ptII/ptolemy/domains/modal/test/auto/DeepModal2.xml
----------------- Instantiating /home/travis/build/icyphy/ptII/ptolemy/domains/modal/test/auto/DeepModal2.xml
22 ms. Memory: 203776K Free: 146603K (72%)
----------------- Invoking toplevel() on ptolemy.moml.MoMLSimpleApplication@40fb0b90
----------------- Done invoking toplevel() on ptolemy.moml.MoMLSimpleApplication@40fb0b90
reloadAllAccessors: .DeepModal2

===========================================================================================
----------------- testing Tue Jul 06 02:04:47 UTC 2021 /home/travis/build/icyphy/ptII/ptolemy/domains/modal/test/auto/DeepModal3.xml
----------------- Instantiating /home/travis/build/icyphy/ptII/ptolemy/domains/modal/test/auto/DeepModal3.xml
26 ms. Memory: 203776K Free: 127147K (62%)
----------------- Invoking toplevel() on ptolemy.moml.MoMLSimpleApplication@5b774fc3
----------------- Done invoking toplevel() on ptolemy.moml.MoMLSimpleApplication@5b774fc3
reloadAllAccessors: .DeepModal3

===========================================================================================
----------------- testing Tue Jul 06 02:04:47 UTC 2021 /home/travis/build/icyphy/ptII/ptolemy/domains/modal/test/auto/DeepModal4.xml
----------------- Instantiating /home/travis/build/icyphy/ptII/ptolemy/domains/modal/test/auto/DeepModal4.xml
32 ms. Memory: 203776K Free: 107691K (53%)
----------------- Invoking toplevel() on ptolemy.moml.MoMLSimpleApplication@4abe9b6d
----------------- Done invoking toplevel() on ptolemy.moml.MoMLSimpleApplication@4abe9b6d
reloadAllAccessors: .DeepModal4

===========================================================================================
----------------- testing Tue Jul 06 02:04:47 UTC 2021 /home/travis/build/icyphy/ptII/ptolemy/domains/modal/test/auto/Default1.xml
----------------- Instantiating /home/travis/build/icyphy/ptII/ptolemy/domains/modal/test/auto/Default1.xml
2 ms. Memory: 203776K Free: 101547K (50%)
----------------- Invoking toplevel() on ptolemy.moml.MoMLSimpleApplication@194d0274
----------------- Done invoking toplevel() on ptolemy.moml.MoMLSimpleApplication@194d0274
reloadAllAccessors: .Default1

===========================================================================================
----------------- testing Tue Jul 06 02:04:47 UTC 2021 /home/travis/build/icyphy/ptII/ptolemy/domains/modal/test/auto/Default2.xml
----------------- Instantiating /home/travis/build/icyphy/ptII/ptolemy/domains/modal/test/auto/Default2.xml
7 ms. Memory: 203776K Free: 95902K (47%)
----------------- Invoking toplevel() on ptolemy.moml.MoMLSimpleApplication@30addd23
----------------- Done invoking toplevel() on ptolemy.moml.MoMLSimpleApplication@30addd23
reloadAllAccessors: .Default2

===========================================================================================
----------------- testing Tue Jul 06 02:04:47 UTC 2021 /home/travis/build/icyphy/ptII/ptolemy/domains/modal/test/auto/Default3.xml
----------------- Instantiating /home/travis/build/icyphy/ptII/ptolemy/domains/modal/test/auto/Default3.xml
5 ms. Memory: 203776K Free: 89769K (44%)
----------------- Invoking toplevel() on ptolemy.moml.MoMLSimpleApplication@7bc358c5
----------------- Done invoking toplevel() on ptolemy.moml.MoMLSimpleApplication@7bc358c5
reloadAllAccessors: .Default3

===========================================================================================
----------------- testing Tue Jul 06 02:04:47 UTC 2021 /home/travis/build/icyphy/ptII/ptolemy/domains/modal/test/auto/Default4.xml
----------------- Instantiating /home/travis/build/icyphy/ptII/ptolemy/domains/modal/test/auto/Default4.xml
4 ms. Memory: 203776K Free: 83625K (41%)
----------------- Invoking toplevel() on ptolemy.moml.MoMLSimpleApplication@7059ee43
----------------- Done invoking toplevel() on ptolemy.moml.MoMLSimpleApplication@7059ee43
reloadAllAccessors: .Default4

===========================================================================================
----------------- testing Tue Jul 06 02:04:47 UTC 2021 /home/travis/build/icyphy/ptII/ptolemy/domains/modal/test/auto/Default5.xml
----------------- Instantiating /home/travis/build/icyphy/ptII/ptolemy/domains/modal/test/auto/Default5.xml
10 ms. Memory: 203776K Free: 75433K (37%)
----------------- Invoking toplevel() on ptolemy.moml.MoMLSimpleApplication@3203050f
----------------- Done invoking toplevel() on ptolemy.moml.MoMLSimpleApplication@3203050f
reloadAllAccessors: .Default5

===========================================================================================
----------------- testing Tue Jul 06 02:04:47 UTC 2021 /home/travis/build/icyphy/ptII/ptolemy/domains/modal/test/auto/EmptyGuard.xml
----------------- Instantiating /home/travis/build/icyphy/ptII/ptolemy/domains/modal/test/auto/EmptyGuard.xml
29 ms. Memory: 203776K Free: 183644K (90%)
----------------- Invoking toplevel() on ptolemy.moml.MoMLSimpleApplication@89c2980
----------------- Done invoking toplevel() on ptolemy.moml.MoMLSimpleApplication@89c2980
reloadAllAccessors: .EmptyGuard

===========================================================================================
----------------- testing Tue Jul 06 02:04:47 UTC 2021 /home/travis/build/icyphy/ptII/ptolemy/domains/modal/test/auto/ErrorTransition1.xml
----------------- Instantiating /home/travis/build/icyphy/ptII/ptolemy/domains/modal/test/auto/ErrorTransition1.xml
9 ms. Memory: 203776K Free: 174761K (86%)
----------------- Invoking toplevel() on ptolemy.moml.MoMLSimpleApplication@5980f560
----------------- Done invoking toplevel() on ptolemy.moml.MoMLSimpleApplication@5980f560
reloadAllAccessors: .ErrorTransition1

===========================================================================================
----------------- testing Tue Jul 06 02:04:47 UTC 2021 /home/travis/build/icyphy/ptII/ptolemy/domains/modal/test/auto/ErrorTransition10.xml
----------------- Instantiating /home/travis/build/icyphy/ptII/ptolemy/domains/modal/test/auto/ErrorTransition10.xml
14 ms. Memory: 203776K Free: 161418K (79%)
----------------- Invoking toplevel() on ptolemy.moml.MoMLSimpleApplication@5df5e98f
----------------- Done invoking toplevel() on ptolemy.moml.MoMLSimpleApplication@5df5e98f
reloadAllAccessors: .ErrorTransition10

===========================================================================================
----------------- testing Tue Jul 06 02:04:47 UTC 2021 /home/travis/build/icyphy/ptII/ptolemy/domains/modal/test/auto/ErrorTransition11.xml
----------------- Instantiating /home/travis/build/icyphy/ptII/ptolemy/domains/modal/test/auto/ErrorTransition11.xml
4 ms. Memory: 203776K Free: 150185K (74%)
----------------- Invoking toplevel() on ptolemy.moml.MoMLSimpleApplication@4216ef6b
----------------- Done invoking toplevel() on ptolemy.moml.MoMLSimpleApplication@4216ef6b
reloadAllAccessors: .ErrorTransition11

===========================================================================================
----------------- testing Tue Jul 06 02:04:47 UTC 2021 /home/travis/build/icyphy/ptII/ptolemy/domains/modal/test/auto/ErrorTransition2.xml
----------------- Instantiating /home/travis/build/icyphy/ptII/ptolemy/domains/modal/test/auto/ErrorTransition2.xml
8 ms. Memory: 203776K Free: 140969K (69%)
----------------- Invoking toplevel() on ptolemy.moml.MoMLSimpleApplication@cbeeced
----------------- Done invoking toplevel() on ptolemy.moml.MoMLSimpleApplication@cbeeced
reloadAllAccessors: .ErrorTransition2

===========================================================================================
----------------- testing Tue Jul 06 02:04:47 UTC 2021 /home/travis/build/icyphy/ptII/ptolemy/domains/modal/test/auto/ErrorTransition3.xml
----------------- Instantiating /home/travis/build/icyphy/ptII/ptolemy/domains/modal/test/auto/ErrorTransition3.xml
19 ms. Memory: 203776K Free: 131243K (64%)
----------------- Invoking toplevel() on ptolemy.moml.MoMLSimpleApplication@177b848c
----------------- Done invoking toplevel() on ptolemy.moml.MoMLSimpleApplication@177b848c
reloadAllAccessors: .ErrorTransition3

===========================================================================================
----------------- testing Tue Jul 06 02:04:47 UTC 2021 /home/travis/build/icyphy/ptII/ptolemy/domains/modal/test/auto/ErrorTransition4.xml
----------------- Instantiating /home/travis/build/icyphy/ptII/ptolemy/domains/modal/test/auto/ErrorTransition4.xml
13 ms. Memory: 203776K Free: 119450K (59%)
----------------- Invoking toplevel() on ptolemy.moml.MoMLSimpleApplication@6d99b77d
----------------- Done invoking toplevel() on ptolemy.moml.MoMLSimpleApplication@6d99b77d
reloadAllAccessors: .ErrorTransition4

===========================================================================================
----------------- testing Tue Jul 06 02:04:48 UTC 2021 /home/travis/build/icyphy/ptII/ptolemy/domains/modal/test/auto/ErrorTransition5.xml
----------------- Instantiating /home/travis/build/icyphy/ptII/ptolemy/domains/modal/test/auto/ErrorTransition5.xml
5 ms. Memory: 203776K Free: 109739K (54%)
----------------- Invoking toplevel() on ptolemy.moml.MoMLSimpleApplication@681ad7ee
----------------- Done invoking toplevel() on ptolemy.moml.MoMLSimpleApplication@681ad7ee
reloadAllAccessors: .ErrorTransition5

===========================================================================================
----------------- testing Tue Jul 06 02:04:48 UTC 2021 /home/travis/build/icyphy/ptII/ptolemy/domains/modal/test/auto/ErrorTransition6.xml
----------------- Instantiating /home/travis/build/icyphy/ptII/ptolemy/domains/modal/test/auto/ErrorTransition6.xml
8 ms. Memory: 203776K Free: 98985K (49%)
----------------- Invoking toplevel() on ptolemy.moml.MoMLSimpleApplication@6df2f0d9
----------------- Done invoking toplevel() on ptolemy.moml.MoMLSimpleApplication@6df2f0d9
reloadAllAccessors: .ErrorTransition6

===========================================================================================
----------------- testing Tue Jul 06 02:04:48 UTC 2021 /home/travis/build/icyphy/ptII/ptolemy/domains/modal/test/auto/ErrorTransition7.xml
----------------- Instantiating /home/travis/build/icyphy/ptII/ptolemy/domains/modal/test/auto/ErrorTransition7.xml
20 ms. Memory: 203776K Free: 86690K (43%)
----------------- Invoking toplevel() on ptolemy.moml.MoMLSimpleApplication@6b8a2be
----------------- Done invoking toplevel() on ptolemy.moml.MoMLSimpleApplication@6b8a2be
reloadAllAccessors: .ErrorTransition7

===========================================================================================
----------------- testing Tue Jul 06 02:04:48 UTC 2021 /home/travis/build/icyphy/ptII/ptolemy/domains/modal/test/auto/ErrorTransition8.xml
----------------- Instantiating /home/travis/build/icyphy/ptII/ptolemy/domains/modal/test/auto/ErrorTransition8.xml
28 ms. Memory: 203776K Free: 73385K (36%)
----------------- Invoking toplevel() on ptolemy.moml.MoMLSimpleApplication@6ec3359e
----------------- Done invoking toplevel() on ptolemy.moml.MoMLSimpleApplication@6ec3359e
reloadAllAccessors: .ErrorTransition8

===========================================================================================
----------------- testing Tue Jul 06 02:04:48 UTC 2021 /home/travis/build/icyphy/ptII/ptolemy/domains/modal/test/auto/ErrorTransition9.xml
----------------- Instantiating /home/travis/build/icyphy/ptII/ptolemy/domains/modal/test/auto/ErrorTransition9.xml
19 ms. Memory: 244736K Free: 216233K (88%)
----------------- Invoking toplevel() on ptolemy.moml.MoMLSimpleApplication@459407aa
----------------- Done invoking toplevel() on ptolemy.moml.MoMLSimpleApplication@459407aa
reloadAllAccessors: .ErrorTransition9

===========================================================================================
----------------- testing Tue Jul 06 02:04:48 UTC 2021 /home/travis/build/icyphy/ptII/ptolemy/domains/modal/test/auto/ExtendedFSM.xml
----------------- Instantiating /home/travis/build/icyphy/ptII/ptolemy/domains/modal/test/auto/ExtendedFSM.xml
10 ms. Memory: 244736K Free: 207531K (85%)
----------------- Invoking toplevel() on ptolemy.moml.MoMLSimpleApplication@1f7b628b
----------------- Done invoking toplevel() on ptolemy.moml.MoMLSimpleApplication@1f7b628b
reloadAllAccessors: .ExtendedFSM

===========================================================================================
----------------- testing Tue Jul 06 02:04:48 UTC 2021 /home/travis/build/icyphy/ptII/ptolemy/domains/modal/test/auto/FinalStates.xml
----------------- Instantiating /home/travis/build/icyphy/ptII/ptolemy/domains/modal/test/auto/FinalStates.xml
8 ms. Memory: 244736K Free: 199339K (81%)
----------------- Invoking toplevel() on ptolemy.moml.MoMLSimpleApplication@68513000
----------------- Done invoking toplevel() on ptolemy.moml.MoMLSimpleApplication@68513000
reloadAllAccessors: .FinalStates

===========================================================================================
----------------- testing Tue Jul 06 02:04:48 UTC 2021 /home/travis/build/icyphy/ptII/ptolemy/domains/modal/test/auto/FixedPointFSM.xml
----------------- Instantiating /home/travis/build/icyphy/ptII/ptolemy/domains/modal/test/auto/FixedPointFSM.xml
21 ms. Memory: 244736K Free: 184482K (75%)
----------------- Invoking toplevel() on ptolemy.moml.MoMLSimpleApplication@6a3484b7
----------------- Done invoking toplevel() on ptolemy.moml.MoMLSimpleApplication@6a3484b7
reloadAllAccessors: .FixedPointFSM

===========================================================================================
----------------- testing Tue Jul 06 02:04:48 UTC 2021 /home/travis/build/icyphy/ptII/ptolemy/domains/modal/test/auto/FixedPointIterationFSMActor.xml
----------------- Instantiating /home/travis/build/icyphy/ptII/ptolemy/domains/modal/test/auto/FixedPointIterationFSMActor.xml
6 ms. Memory: 244736K Free: 173739K (71%)
----------------- Invoking toplevel() on ptolemy.moml.MoMLSimpleApplication@71a923d2
----------------- Done invoking toplevel() on ptolemy.moml.MoMLSimpleApplication@71a923d2
reloadAllAccessors: .FixedPointIterationFSMActor

===========================================================================================
----------------- testing Tue Jul 06 02:04:48 UTC 2021 /home/travis/build/icyphy/ptII/ptolemy/domains/modal/test/auto/FixedPointIterationFSMActor2.xml
----------------- Instantiating /home/travis/build/icyphy/ptII/ptolemy/domains/modal/test/auto/FixedPointIterationFSMActor2.xml
11 ms. Memory: 244736K Free: 161946K (66%)
----------------- Invoking toplevel() on ptolemy.moml.MoMLSimpleApplication@199d18d7
----------------- Done invoking toplevel() on ptolemy.moml.MoMLSimpleApplication@199d18d7
reloadAllAccessors: .FixedPointIterationFSMActor2

===========================================================================================
----------------- testing Tue Jul 06 02:04:48 UTC 2021 /home/travis/build/icyphy/ptII/ptolemy/domains/modal/test/auto/ForbiddenInstantanousLoop.xml
----------------- Instantiating /home/travis/build/icyphy/ptII/ptolemy/domains/modal/test/auto/ForbiddenInstantanousLoop.xml
8 ms. Memory: 244736K Free: 150154K (61%)
----------------- Invoking toplevel() on ptolemy.moml.MoMLSimpleApplication@698aacc0
----------------- Done invoking toplevel() on ptolemy.moml.MoMLSimpleApplication@698aacc0
reloadAllAccessors: .ForbiddenInstantanousLoop

===========================================================================================
----------------- testing Tue Jul 06 02:04:48 UTC 2021 /home/travis/build/icyphy/ptII/ptolemy/domains/modal/test/auto/FunctionDependencyOfFSMActorTest.xml
----------------- Instantiating /home/travis/build/icyphy/ptII/ptolemy/domains/modal/test/auto/FunctionDependencyOfFSMActorTest.xml
10 ms. Memory: 244736K Free: 143019K (58%)
----------------- Invoking toplevel() on ptolemy.moml.MoMLSimpleApplication@1e8bffc4
----------------- Done invoking toplevel() on ptolemy.moml.MoMLSimpleApplication@1e8bffc4
reloadAllAccessors: .FunctionDependencyOfFSMActorTest

===========================================================================================
----------------- testing Tue Jul 06 02:04:48 UTC 2021 /home/travis/build/icyphy/ptII/ptolemy/domains/modal/test/auto/GuardExpression.xml
----------------- Instantiating /home/travis/build/icyphy/ptII/ptolemy/domains/modal/test/auto/GuardExpression.xml
2 ms. Memory: 244736K Free: 137899K (56%)
----------------- Invoking toplevel() on ptolemy.moml.MoMLSimpleApplication@2c81ceec
----------------- Done invoking toplevel() on ptolemy.moml.MoMLSimpleApplication@2c81ceec
reloadAllAccessors: .GuardExpression

===========================================================================================
----------------- testing Tue Jul 06 02:04:48 UTC 2021 /home/travis/build/icyphy/ptII/ptolemy/domains/modal/test/auto/GuardNotEvaluated.xml
----------------- Instantiating /home/travis/build/icyphy/ptII/ptolemy/domains/modal/test/auto/GuardNotEvaluated.xml
5 ms. Memory: 244736K Free: 129178K (53%)
----------------- Invoking toplevel() on ptolemy.moml.MoMLSimpleApplication@234a3804
----------------- Done invoking toplevel() on ptolemy.moml.MoMLSimpleApplication@234a3804
reloadAllAccessors: .GuardNotEvaluated

===========================================================================================
----------------- testing Tue Jul 06 02:04:48 UTC 2021 /home/travis/build/icyphy/ptII/ptolemy/domains/modal/test/auto/GuardNotEvaluated2.xml
----------------- Instantiating /home/travis/build/icyphy/ptII/ptolemy/domains/modal/test/auto/GuardNotEvaluated2.xml
8 ms. Memory: 244736K Free: 119467K (49%)
----------------- Invoking toplevel() on ptolemy.moml.MoMLSimpleApplication@4fea44f3
----------------- Done invoking toplevel() on ptolemy.moml.MoMLSimpleApplication@4fea44f3
reloadAllAccessors: .GuardNotEvaluated2

===========================================================================================
----------------- testing Tue Jul 06 02:04:48 UTC 2021 /home/travis/build/icyphy/ptII/ptolemy/domains/modal/test/auto/GuardOnAbsent.xml
----------------- Instantiating /home/travis/build/icyphy/ptII/ptolemy/domains/modal/test/auto/GuardOnAbsent.xml
7 ms. Memory: 244736K Free: 111754K (46%)
----------------- Invoking toplevel() on ptolemy.moml.MoMLSimpleApplication@3fb74d15
----------------- Done invoking toplevel() on ptolemy.moml.MoMLSimpleApplication@3fb74d15
reloadAllAccessors: .GuardOnAbsent

===========================================================================================
----------------- testing Tue Jul 06 02:04:48 UTC 2021 /home/travis/build/icyphy/ptII/ptolemy/domains/modal/test/auto/HierarchicalFSMTypeInference.xml
----------------- Instantiating /home/travis/build/icyphy/ptII/ptolemy/domains/modal/test/auto/HierarchicalFSMTypeInference.xml
4 ms. Memory: 244736K Free: 101545K (41%)
----------------- Invoking toplevel() on ptolemy.moml.MoMLSimpleApplication@1d05c7c5
----------------- Done invoking toplevel() on ptolemy.moml.MoMLSimpleApplication@1d05c7c5
reloadAllAccessors: .HierarchicalFSMTypeInference

===========================================================================================
----------------- testing Tue Jul 06 02:04:48 UTC 2021 /home/travis/build/icyphy/ptII/ptolemy/domains/modal/test/auto/Hysteresis.xml
----------------- Instantiating /home/travis/build/icyphy/ptII/ptolemy/domains/modal/test/auto/Hysteresis.xml
12 ms. Memory: 244736K Free: 88218K (36%)
----------------- Invoking toplevel() on ptolemy.moml.MoMLSimpleApplication@77f235dc
----------------- Done invoking toplevel() on ptolemy.moml.MoMLSimpleApplication@77f235dc
reloadAllAccessors: .Hysteresis

===========================================================================================
----------------- testing Tue Jul 06 02:04:48 UTC 2021 /home/travis/build/icyphy/ptII/ptolemy/domains/modal/test/auto/HysteresisWithDefault.xml
----------------- Instantiating /home/travis/build/icyphy/ptII/ptolemy/domains/modal/test/auto/HysteresisWithDefault.xml
32 ms. Memory: 244736K Free: 204459K (84%)
----------------- Invoking toplevel() on ptolemy.moml.MoMLSimpleApplication@331c44e
----------------- Done invoking toplevel() on ptolemy.moml.MoMLSimpleApplication@331c44e
reloadAllAccessors: .HysteresisWithDefault

===========================================================================================
----------------- testing Tue Jul 06 02:04:48 UTC 2021 /home/travis/build/icyphy/ptII/ptolemy/domains/modal/test/auto/HysteresisWithDefault2.xml
----------------- Instantiating /home/travis/build/icyphy/ptII/ptolemy/domains/modal/test/auto/HysteresisWithDefault2.xml
38 ms. Memory: 244736K Free: 174761K (71%)
----------------- Invoking toplevel() on ptolemy.moml.MoMLSimpleApplication@7feb7394
----------------- Done invoking toplevel() on ptolemy.moml.MoMLSimpleApplication@7feb7394
reloadAllAccessors: .HysteresisWithDefault2

===========================================================================================
----------------- testing Tue Jul 06 02:04:48 UTC 2021 /home/travis/build/icyphy/ptII/ptolemy/domains/modal/test/auto/ImmediateNonConstructiveness.xml
----------------- Instantiating /home/travis/build/icyphy/ptII/ptolemy/domains/modal/test/auto/ImmediateNonConstructiveness.xml
2 ms. Memory: 244736K Free: 167595K (68%)
----------------- Invoking toplevel() on ptolemy.moml.MoMLSimpleApplication@7f60a546
----------------- Done invoking toplevel() on ptolemy.moml.MoMLSimpleApplication@7f60a546
reloadAllAccessors: .ImmediateNonConstructiveness

===========================================================================================
----------------- testing Tue Jul 06 02:04:48 UTC 2021 /home/travis/build/icyphy/ptII/ptolemy/domains/modal/test/auto/ImmediateNonConstructiveness2.xml
----------------- Instantiating /home/travis/build/icyphy/ptII/ptolemy/domains/modal/test/auto/ImmediateNonConstructiveness2.xml
2 ms. Memory: 244736K Free: 160937K (66%)
----------------- Invoking toplevel() on ptolemy.moml.MoMLSimpleApplication@16b9c9d1
----------------- Done invoking toplevel() on ptolemy.moml.MoMLSimpleApplication@16b9c9d1
reloadAllAccessors: .ImmediateNonConstructiveness2

===========================================================================================
----------------- testing Tue Jul 06 02:04:48 UTC 2021 /home/travis/build/icyphy/ptII/ptolemy/domains/modal/test/auto/ImmediateTransitionReset.xml
----------------- Instantiating /home/travis/build/icyphy/ptII/ptolemy/domains/modal/test/auto/ImmediateTransitionReset.xml
5 ms. Memory: 244736K Free: 149163K (61%)
----------------- Invoking toplevel() on ptolemy.moml.MoMLSimpleApplication@2fe00353
----------------- Done invoking toplevel() on ptolemy.moml.MoMLSimpleApplication@2fe00353
reloadAllAccessors: .ImmediateTransitionReset

===========================================================================================
----------------- testing Tue Jul 06 02:04:48 UTC 2021 /home/travis/build/icyphy/ptII/ptolemy/domains/modal/test/auto/ImmediateTransitions1.xml
----------------- Instantiating /home/travis/build/icyphy/ptII/ptolemy/domains/modal/test/auto/ImmediateTransitions1.xml
2 ms. Memory: 244736K Free: 144043K (59%)
----------------- Invoking toplevel() on ptolemy.moml.MoMLSimpleApplication@1aa8bd90
----------------- Done invoking toplevel() on ptolemy.moml.MoMLSimpleApplication@1aa8bd90
reloadAllAccessors: .ImmediateTransitions1

===========================================================================================
----------------- testing Tue Jul 06 02:04:48 UTC 2021 /home/travis/build/icyphy/ptII/ptolemy/domains/modal/test/auto/ImmediateTransitionsInstantaneousCommunication.xml
----------------- Instantiating /home/travis/build/icyphy/ptII/ptolemy/domains/modal/test/auto/ImmediateTransitionsInstantaneousCommunication.xml
3 ms. Memory: 244736K Free: 131755K (54%)
----------------- Invoking toplevel() on ptolemy.moml.MoMLSimpleApplication@5288f58d
----------------- Done invoking toplevel() on ptolemy.moml.MoMLSimpleApplication@5288f58d
reloadAllAccessors: .ImmediateTransitionsInstantaneousCommunication

===========================================================================================
----------------- testing Tue Jul 06 02:04:48 UTC 2021 /home/travis/build/icyphy/ptII/ptolemy/domains/modal/test/auto/InitialImmediateTransition.xml
----------------- Instantiating /home/travis/build/icyphy/ptII/ptolemy/domains/modal/test/auto/InitialImmediateTransition.xml
3 ms. Memory: 244736K Free: 124587K (51%)
----------------- Invoking toplevel() on ptolemy.moml.MoMLSimpleApplication@3dd73aba
----------------- Done invoking toplevel() on ptolemy.moml.MoMLSimpleApplication@3dd73aba
reloadAllAccessors: .InitialImmediateTransition

===========================================================================================
----------------- testing Tue Jul 06 02:04:48 UTC 2021 /home/travis/build/icyphy/ptII/ptolemy/domains/modal/test/auto/InitialOutputs.xml
----------------- Instantiating /home/travis/build/icyphy/ptII/ptolemy/domains/modal/test/auto/InitialOutputs.xml
2 ms. Memory: 244736K Free: 117929K (48%)
----------------- Invoking toplevel() on ptolemy.moml.MoMLSimpleApplication@6178660c
----------------- Done invoking toplevel() on ptolemy.moml.MoMLSimpleApplication@6178660c
reloadAllAccessors: .InitialOutputs

===========================================================================================
----------------- testing Tue Jul 06 02:04:48 UTC 2021 /home/travis/build/icyphy/ptII/ptolemy/domains/modal/test/auto/InitialStateTransition1.xml
----------------- Instantiating /home/travis/build/icyphy/ptII/ptolemy/domains/modal/test/auto/InitialStateTransition1.xml
2 ms. Memory: 244736K Free: 110761K (45%)
----------------- Invoking toplevel() on ptolemy.moml.MoMLSimpleApplication@55c4d2e9
----------------- Done invoking toplevel() on ptolemy.moml.MoMLSimpleApplication@55c4d2e9
reloadAllAccessors: .InitialStateTransition1

===========================================================================================
----------------- testing Tue Jul 06 02:04:48 UTC 2021 /home/travis/build/icyphy/ptII/ptolemy/domains/modal/test/auto/InitialStateTransition2.xml
----------------- Instantiating /home/travis/build/icyphy/ptII/ptolemy/domains/modal/test/auto/InitialStateTransition2.xml
.InitialStateTransition2.TestExceptionAttributeNonConstructive: initialize() was not invoked, but wrapup() was.  This is unusual, but not always a problem.  For example, exporting JNLP will do this.
3 ms. Memory: 244736K Free: 103593K (42%)
----------------- Invoking toplevel() on ptolemy.moml.MoMLSimpleApplication@4d6d3d02
----------------- Done invoking toplevel() on ptolemy.moml.MoMLSimpleApplication@4d6d3d02
reloadAllAccessors: .InitialStateTransition2

===========================================================================================
----------------- testing Tue Jul 06 02:04:48 UTC 2021 /home/travis/build/icyphy/ptII/ptolemy/domains/modal/test/auto/InitialStateTransition3.xml
----------------- Instantiating /home/travis/build/icyphy/ptII/ptolemy/domains/modal/test/auto/InitialStateTransition3.xml
3 ms. Memory: 244736K Free: 95401K (39%)
----------------- Invoking toplevel() on ptolemy.moml.MoMLSimpleApplication@2ed7d6ea
----------------- Done invoking toplevel() on ptolemy.moml.MoMLSimpleApplication@2ed7d6ea
reloadAllAccessors: .InitialStateTransition3

===========================================================================================
----------------- testing Tue Jul 06 02:04:48 UTC 2021 /home/travis/build/icyphy/ptII/ptolemy/domains/modal/test/auto/InitialStateTransition4.xml
----------------- Instantiating /home/travis/build/icyphy/ptII/ptolemy/domains/modal/test/auto/InitialStateTransition4.xml
3 ms. Memory: 244736K Free: 85675K (35%)
----------------- Invoking toplevel() on ptolemy.moml.MoMLSimpleApplication@375ca1cd
----------------- Done invoking toplevel() on ptolemy.moml.MoMLSimpleApplication@375ca1cd
[...]
reloadAllAccessors: .TerminationTransition3

===========================================================================================
----------------- testing Tue Jul 06 02:04:50 UTC 2021 /home/travis/build/icyphy/ptII/ptolemy/domains/modal/test/auto/TerminationTransition4.xml
----------------- Instantiating /home/travis/build/icyphy/ptII/ptolemy/domains/modal/test/auto/TerminationTransition4.xml
5 ms. Memory: 306176K Free: 156927K (51%)
----------------- Invoking toplevel() on ptolemy.moml.MoMLSimpleApplication@4e83a912
----------------- Done invoking toplevel() on ptolemy.moml.MoMLSimpleApplication@4e83a912
reloadAllAccessors: .TerminationTransition4

===========================================================================================
----------------- testing Tue Jul 06 02:04:50 UTC 2021 /home/travis/build/icyphy/ptII/ptolemy/domains/modal/test/auto/TerminationTransition5.xml
----------------- Instantiating /home/travis/build/icyphy/ptII/ptolemy/domains/modal/test/auto/TerminationTransition5.xml
2 ms. Memory: 306176K Free: 143105K (47%)
----------------- Invoking toplevel() on ptolemy.moml.MoMLSimpleApplication@3ca8299
----------------- Done invoking toplevel() on ptolemy.moml.MoMLSimpleApplication@3ca8299
reloadAllAccessors: .TerminationTransition5

===========================================================================================
----------------- testing Tue Jul 06 02:04:50 UTC 2021 /home/travis/build/icyphy/ptII/ptolemy/domains/modal/test/auto/TerminationTransition6.xml
----------------- Instantiating /home/travis/build/icyphy/ptII/ptolemy/domains/modal/test/auto/TerminationTransition6.xml
1 ms. Memory: 306176K Free: 134399K (44%)
----------------- Invoking toplevel() on ptolemy.moml.MoMLSimpleApplication@13b95813
----------------- Done invoking toplevel() on ptolemy.moml.MoMLSimpleApplication@13b95813
reloadAllAccessors: .TerminationTransition6

===========================================================================================
----------------- testing Tue Jul 06 02:04:50 UTC 2021 /home/travis/build/icyphy/ptII/ptolemy/domains/modal/test/auto/TerminationTransition7.xml
----------------- Instantiating /home/travis/build/icyphy/ptII/ptolemy/domains/modal/test/auto/TerminationTransition7.xml
2 ms. Memory: 306176K Free: 125183K (41%)
----------------- Invoking toplevel() on ptolemy.moml.MoMLSimpleApplication@7ef00ecd
----------------- Done invoking toplevel() on ptolemy.moml.MoMLSimpleApplication@7ef00ecd
reloadAllAccessors: .TerminationTransition7

===========================================================================================
----------------- testing Tue Jul 06 02:04:50 UTC 2021 /home/travis/build/icyphy/ptII/ptolemy/domains/modal/test/auto/TerminationTransition8.xml
----------------- Instantiating /home/travis/build/icyphy/ptII/ptolemy/domains/modal/test/auto/TerminationTransition8.xml
1 ms. Memory: 306176K Free: 115967K (38%)
----------------- Invoking toplevel() on ptolemy.moml.MoMLSimpleApplication@7bffefbd
----------------- Done invoking toplevel() on ptolemy.moml.MoMLSimpleApplication@7bffefbd
reloadAllAccessors: .TerminationTransition8

===========================================================================================
----------------- testing Tue Jul 06 02:04:50 UTC 2021 /home/travis/build/icyphy/ptII/ptolemy/domains/modal/test/auto/Thermostat_NoHysteresis.xml
----------------- Instantiating /home/travis/build/icyphy/ptII/ptolemy/domains/modal/test/auto/Thermostat_NoHysteresis.xml
20 ms. Memory: 306176K Free: 268757K (88%)
----------------- Invoking toplevel() on ptolemy.moml.MoMLSimpleApplication@19bdc74
----------------- Done invoking toplevel() on ptolemy.moml.MoMLSimpleApplication@19bdc74
reloadAllAccessors: .Thermostat_NoHysteresis

===========================================================================================
----------------- testing Tue Jul 06 02:04:50 UTC 2021 /home/travis/build/icyphy/ptII/ptolemy/domains/modal/test/auto/TimedFSM.xml
----------------- Instantiating /home/travis/build/icyphy/ptII/ptolemy/domains/modal/test/auto/TimedFSM.xml
7 ms. Memory: 306176K Free: 256989K (84%)
----------------- Invoking toplevel() on ptolemy.moml.MoMLSimpleApplication@225741d3
----------------- Done invoking toplevel() on ptolemy.moml.MoMLSimpleApplication@225741d3
reloadAllAccessors: .TimedFSM

===========================================================================================
----------------- testing Tue Jul 06 02:04:50 UTC 2021 /home/travis/build/icyphy/ptII/ptolemy/domains/modal/test/auto/Timeout1.xml
----------------- Instantiating /home/travis/build/icyphy/ptII/ptolemy/domains/modal/test/auto/Timeout1.xml
2 ms. Memory: 306176K Free: 251341K (82%)
----------------- Invoking toplevel() on ptolemy.moml.MoMLSimpleApplication@2750bac3
----------------- Done invoking toplevel() on ptolemy.moml.MoMLSimpleApplication@2750bac3
reloadAllAccessors: .Timeout1

===========================================================================================
----------------- testing Tue Jul 06 02:04:50 UTC 2021 /home/travis/build/icyphy/ptII/ptolemy/domains/modal/test/auto/Timeout2.xml
----------------- Instantiating /home/travis/build/icyphy/ptII/ptolemy/domains/modal/test/auto/Timeout2.xml
7 ms. Memory: 306176K Free: 242653K (79%)
----------------- Invoking toplevel() on ptolemy.moml.MoMLSimpleApplication@72251745
----------------- Done invoking toplevel() on ptolemy.moml.MoMLSimpleApplication@72251745
reloadAllAccessors: .Timeout2

===========================================================================================
----------------- testing Tue Jul 06 02:04:50 UTC 2021 /home/travis/build/icyphy/ptII/ptolemy/domains/modal/test/auto/Timeout3.xml
----------------- Instantiating /home/travis/build/icyphy/ptII/ptolemy/domains/modal/test/auto/Timeout3.xml
2 ms. Memory: 306176K Free: 237533K (78%)
----------------- Invoking toplevel() on ptolemy.moml.MoMLSimpleApplication@4e17a1d2
----------------- Done invoking toplevel() on ptolemy.moml.MoMLSimpleApplication@4e17a1d2
reloadAllAccessors: .Timeout3

===========================================================================================
----------------- testing Tue Jul 06 02:04:50 UTC 2021 /home/travis/build/icyphy/ptII/ptolemy/domains/modal/test/auto/Timeout4.xml
----------------- Instantiating /home/travis/build/icyphy/ptII/ptolemy/domains/modal/test/auto/Timeout4.xml
2 ms. Memory: 306176K Free: 232413K (76%)
----------------- Invoking toplevel() on ptolemy.moml.MoMLSimpleApplication@472a999
----------------- Done invoking toplevel() on ptolemy.moml.MoMLSimpleApplication@472a999
reloadAllAccessors: .Timeout4

===========================================================================================
----------------- testing Tue Jul 06 02:04:50 UTC 2021 /home/travis/build/icyphy/ptII/ptolemy/domains/modal/test/auto/TransientstateModelAdvanced.xml
----------------- Instantiating /home/travis/build/icyphy/ptII/ptolemy/domains/modal/test/auto/TransientstateModelAdvanced.xml
3 ms. Memory: 306176K Free: 220125K (72%)
----------------- Invoking toplevel() on ptolemy.moml.MoMLSimpleApplication@65549124
----------------- Done invoking toplevel() on ptolemy.moml.MoMLSimpleApplication@65549124
reloadAllAccessors: .TransientstateModelAdvanced

===========================================================================================
----------------- testing Tue Jul 06 02:04:50 UTC 2021 /home/travis/build/icyphy/ptII/ptolemy/domains/modal/test/auto/TransientstateModelAdvanced2.xml
----------------- Instantiating /home/travis/build/icyphy/ptII/ptolemy/domains/modal/test/auto/TransientstateModelAdvanced2.xml
2 ms. Memory: 306176K Free: 205789K (67%)
----------------- Invoking toplevel() on ptolemy.moml.MoMLSimpleApplication@3f7d444
----------------- Done invoking toplevel() on ptolemy.moml.MoMLSimpleApplication@3f7d444
reloadAllAccessors: .transientstatemodelAdvanced

===========================================================================================
----------------- testing Tue Jul 06 02:04:51 UTC 2021 /home/travis/build/icyphy/ptII/ptolemy/domains/modal/test/auto/TransitionRefinements.xml
----------------- Instantiating /home/travis/build/icyphy/ptII/ptolemy/domains/modal/test/auto/TransitionRefinements.xml
6 ms. Memory: 306176K Free: 196045K (64%)
----------------- Invoking toplevel() on ptolemy.moml.MoMLSimpleApplication@4df68ec6
----------------- Done invoking toplevel() on ptolemy.moml.MoMLSimpleApplication@4df68ec6
reloadAllAccessors: .TransitionRefinements

===========================================================================================
----------------- testing Tue Jul 06 02:04:51 UTC 2021 /home/travis/build/icyphy/ptII/ptolemy/domains/modal/test/auto/TwoRefinements1.xml
----------------- Instantiating /home/travis/build/icyphy/ptII/ptolemy/domains/modal/test/auto/TwoRefinements1.xml
2 ms. Memory: 306176K Free: 186333K (61%)
----------------- Invoking toplevel() on ptolemy.moml.MoMLSimpleApplication@60407157
----------------- Done invoking toplevel() on ptolemy.moml.MoMLSimpleApplication@60407157
reloadAllAccessors: .TwoRefinements1

===========================================================================================
----------------- testing Tue Jul 06 02:04:51 UTC 2021 /home/travis/build/icyphy/ptII/ptolemy/domains/modal/test/auto/TwoRefinements2.xml
----------------- Instantiating /home/travis/build/icyphy/ptII/ptolemy/domains/modal/test/auto/TwoRefinements2.xml
2 ms. Memory: 306176K Free: 176093K (58%)
----------------- Invoking toplevel() on ptolemy.moml.MoMLSimpleApplication@118e2c29
----------------- Done invoking toplevel() on ptolemy.moml.MoMLSimpleApplication@118e2c29
reloadAllAccessors: .TwoRefinements2

===========================================================================================
----------------- testing Tue Jul 06 02:04:51 UTC 2021 /home/travis/build/icyphy/ptII/ptolemy/domains/modal/test/auto/WeakImmediateTransition.xml
----------------- Instantiating /home/travis/build/icyphy/ptII/ptolemy/domains/modal/test/auto/WeakImmediateTransition.xml
3 ms. Memory: 306176K Free: 167387K (55%)
----------------- Invoking toplevel() on ptolemy.moml.MoMLSimpleApplication@12784271
----------------- Done invoking toplevel() on ptolemy.moml.MoMLSimpleApplication@12784271
reloadAllAccessors: .WeakImmediateTransition

===========================================================================================
----------------- testing Tue Jul 06 02:04:51 UTC 2021 /home/travis/build/icyphy/ptII/ptolemy/domains/modal/test/auto/booleanSelect.xml
----------------- Instantiating /home/travis/build/icyphy/ptII/ptolemy/domains/modal/test/auto/booleanSelect.xml
31 ms. Memory: 306176K Free: 149469K (49%)
----------------- Invoking toplevel() on ptolemy.moml.MoMLSimpleApplication@75d5c314
----------------- Done invoking toplevel() on ptolemy.moml.MoMLSimpleApplication@75d5c314
reloadAllAccessors: .booleanSelect

===========================================================================================
----------------- testing Tue Jul 06 02:04:51 UTC 2021 /home/travis/build/icyphy/ptII/ptolemy/domains/modal/test/auto/modalChangingParams.xml
----------------- Instantiating /home/travis/build/icyphy/ptII/ptolemy/domains/modal/test/auto/modalChangingParams.xml
0
1
0
2
4
6
8
7
0
2
4
6
8
13
0
2
4
6
8
19
0
2
4
6
8
25
0
2
4
6
8
31
0
2
4
6
8
37
0
2
4
6
8
43
0
2
4
6
8
49
0
2
4
6
8
55
0
2
4
6
8
61
0
2
4
6
8
67
0
2
4
6
8
73
0
2
4
6
8
79
0
2
4
6
8
85
0
2
4
6
8
91
0
2
4
6
8
97
0
2
4
6
8
103
0
2
4
6
8
109
0
2
4
6
8
115
0
2
4
6
8
121
0
2
4
6
8
127
0
2
4
6
8
133
0
2
4
6
8
139
0
2
4
6
8
145
0
2
4
6
8
151
0
2
4
6
8
157
0
2
4
6
8
163
0
2
4
6
8
169
0
2
4
6
8
175
0
2
4
6
8
181
0
2
4
6
8
187
0
2
4
6
8
193
0
2
4
6
8
199
0
2
4
6
8
205
0
2
4
6
8
211
0
2
4
6
8
217
0
2
4
6
8
223
0
2
4
6
8
229
0
2
4
6
8
235
0
2
4
6
8
241
0
2
4
6
8
247
0
2
4
6
8
253
0
2
4
6
8
259
0
2
4
6
8
265
0
2
4
6
8
271
0
2
4
6
8
277
0
2
4
6
8
283
0
2
4
6
8
289
0
2
4
6
8
295
0
2
4
6
8
301
0
2
4
6
8
307
0
2
4
6
8
313
0
2
4
6
8
319
0
2
4
6
8
325
0
2
4
6
8
331
0
2
4
6
8
337
0
2
4
6
8
343
0
2
4
6
8
349
0
2
4
6
8
355
0
2
4
6
8
361
0
2
4
6
8
367
0
2
4
6
8
373
0
2
4
6
8
379
0
2
4
6
8
385
0
2
4
6
8
391
0
2
4
6
8
397
0
2
4
6
8
403
0
2
4
6
8
409
0
2
4
6
8
415
0
2
4
6
8
421
0
2
4
6
8
427
0
2
4
6
8
433
0
2
4
6
8
439
0
2
4
6
8
445
0
2
4
6
8
451
0
2
4
6
8
457
0
2
4
6
8
463
0
2
4
6
8
469
0
2
4
6
8
475
0
2
4
6
8
481
0
2
4
6
8
487
0
2
4
6
8
493
0
2
4
6
8
499
0
2
4
6
8
505
0
2
4
6
8
511
0
2
4
6
8
517
0
2
4
6
8
523
0
2
4
6
8
529
0
2
4
6
8
535
0
2
4
6
8
541
0
2
4
6
8
547
0
2
4
6
8
553
0
2
4
6
8
559
0
2
4
6
8
565
0
2
4
6
8
571
0
2
4
6
8
577
0
2
4
6
8
583
0
2
4
6
8
589
0
2
4
6
8
595
0
2
4
6
8
601
0
2
4
6
8
607
0
2
4
6
8
613
0
2
4
6
8
619
0
2
4
6
8
625
0
2
4
6
8
631
0
2
4
6
8
637
0
2
4
6
8
643
0
2
4
6
8
649
0
2
4
6
8
655
0
2
4
6
8
661
0
2
4
6
8
667
0
2
4
6
8
673
0
2
4
6
8
679
0
2
4
6
8
685
0
2
4
6
8
691
0
2
4
6
8
697
0
2
4
6
8
703
0
2
4
6
8
709
0
2
4
6
8
715
0
2
4
6
8
721
0
2
4
6
8
727
0
2
4
6
8
733
0
2
4
6
8
739
0
2
4
6
8
745
0
2
4
6
8
751
0
2
4
6
8
757
0
2
4
6
8
763
0
2
4
6
8
769
0
2
4
6
8
775
0
2
4
6
8
781
0
2
4
6
8
787
0
2
4
6
8
793
0
2
4
6
8
799
0
2
4
6
8
805
0
2
4
6
8
811
0
2
4
6
8
817
0
2
4
6
8
823
0
2
4
6
8
829
0
2
4
6
8
835
0
2
4
6
8
841
0
2
4
6
8
847
0
2
4
6
8
853
0
2
4
6
8
859
0
2
4
6
8
865
0
2
4
6
8
871
0
2
4
6
8
877
0
2
4
6
8
883
0
2
4
6
8
889
0
2
4
6
8
895
0
2
4
6
8
901
0
2
4
6
8
907
0
2
4
6
8
913
0
2
4
6
8
919
0
2
4
6
8
925
0
2
4
6
8
931
0
2
4
6
8
937
0
2
4
6
8
943
0
2
4
6
8
949
0
2
4
6
8
955
0
2
4
6
8
961
0
2
4
6
8
967
0
2
4
6
8
973
0
2
4
6
8
979
0
2
4
6
8
985
0
2
4
6
8
991
0
2
4
6
8
997
0
2
289 ms. Memory: 306176K Free: 214461K (70%)
----------------- Invoking toplevel() on ptolemy.moml.MoMLSimpleApplication@28988011
----------------- Done invoking toplevel() on ptolemy.moml.MoMLSimpleApplication@28988011
reloadAllAccessors: .modalChangingParams

===========================================================================================
----------------- testing Tue Jul 06 02:04:51 UTC 2021 /home/travis/build/icyphy/ptII/ptolemy/domains/modal/test/auto/modalModel.xml
----------------- Instantiating /home/travis/build/icyphy/ptII/ptolemy/domains/modal/test/auto/modalModel.xml
12 ms. Memory: 306176K Free: 205231K (67%)
----------------- Invoking toplevel() on ptolemy.moml.MoMLSimpleApplication@4371fa6a
----------------- Done invoking toplevel() on ptolemy.moml.MoMLSimpleApplication@4371fa6a
reloadAllAccessors: .modalModel

===========================================================================================
----------------- testing Tue Jul 06 02:04:51 UTC 2021 /home/travis/build/icyphy/ptII/ptolemy/domains/modal/test/auto/modalModel2.xml
----------------- Instantiating /home/travis/build/icyphy/ptII/ptolemy/domains/modal/test/auto/modalModel2.xml
11 ms. Memory: 306176K Free: 194495K (64%)
----------------- Invoking toplevel() on ptolemy.moml.MoMLSimpleApplication@3cabf19
----------------- Done invoking toplevel() on ptolemy.moml.MoMLSimpleApplication@3cabf19
reloadAllAccessors: .modalModel2

===========================================================================================
----------------- testing Tue Jul 06 02:04:51 UTC 2021 /home/travis/build/icyphy/ptII/ptolemy/domains/modal/test/auto/modalModel3.xml
----------------- Instantiating /home/travis/build/icyphy/ptII/ptolemy/domains/modal/test/auto/modalModel3.xml
0	0	0
3	2	1
6	4	2
9	6	3
4	0	4
7	2	5
10	4	6
13	6	7
8	0	8
11	2	9
14	4	10
17	6	11
12	0	12
15	2	13
18	4	14
13 ms. Memory: 306176K Free: 179615K (59%)
----------------- Invoking toplevel() on ptolemy.moml.MoMLSimpleApplication@407b7ee4
----------------- Done invoking toplevel() on ptolemy.moml.MoMLSimpleApplication@407b7ee4
reloadAllAccessors: .modalModel3

===========================================================================================
----------------- testing Tue Jul 06 02:04:51 UTC 2021 /home/travis/build/icyphy/ptII/ptolemy/domains/modal/test/auto/model1.xml
----------------- Instantiating /home/travis/build/icyphy/ptII/ptolemy/domains/modal/test/auto/model1.xml
11 ms. Memory: 306176K Free: 174015K (57%)
----------------- Invoking toplevel() on ptolemy.moml.MoMLSimpleApplication@2eb42a4b
----------------- Done invoking toplevel() on ptolemy.moml.MoMLSimpleApplication@2eb42a4b
reloadAllAccessors: .model1

===========================================================================================
----------------- testing Tue Jul 06 02:04:51 UTC 2021 /home/travis/build/icyphy/ptII/ptolemy/domains/modal/test/auto/test-direct-in-out.xml
----------------- Instantiating /home/travis/build/icyphy/ptII/ptolemy/domains/modal/test/auto/test-direct-in-out.xml
5 ms. Memory: 306176K Free: 165823K (54%)
----------------- Invoking toplevel() on ptolemy.moml.MoMLSimpleApplication@579725bd
----------------- Done invoking toplevel() on ptolemy.moml.MoMLSimpleApplication@579725bd
reloadAllAccessors: .test-direct-in-out
AutoTests.java: About to close Vertx.
AutoTests.java: Vertx closed.
]]></system-out>
  <system-err><![CDATA[java.lang.RuntimeException: Execution failed
	at ptolemy.moml.MoMLSimpleApplication$UnloadThread.run(MoMLSimpleApplication.java:402)
Caused by: ptolemy.kernel.util.IllegalActionException: Unknown inputs remain. Possible causality loop:
L_model_1893289564i

  in .CannotAnalysisWithPreemption.model_1893289564_region_1 and .CannotAnalysisWithPreemption.model_1893289564_region_1.L_model_1893289564i
	at ptolemy.actor.sched.FixedPointDirector.postfire(FixedPointDirector.java:515)
	at ptolemy.domains.sr.kernel.SRDirector.postfire(SRDirector.java:417)
	at ptolemy.actor.CompositeActor.postfire(CompositeActor.java:1668)
	at ptolemy.actor.Manager.iterate(Manager.java:852)
	at ptolemy.actor.Manager.execute(Manager.java:369)
	at ptolemy.actor.Manager.run(Manager.java:1263)
	at ptolemy.actor.Manager$PtolemyRunThread.run(Manager.java:1933)
java.lang.reflect.InvocationTargetException
	at java.base/jdk.internal.reflect.NativeConstructorAccessorImpl.newInstance0(Native Method)
	at java.base/jdk.internal.reflect.NativeConstructorAccessorImpl.newInstance(NativeConstructorAccessorImpl.java:62)
	at java.base/jdk.internal.reflect.DelegatingConstructorAccessorImpl.newInstance(DelegatingConstructorAccessorImpl.java:45)
	at java.base/java.lang.reflect.Constructor.newInstance(Constructor.java:490)
	at ptolemy.util.test.junit.AutoKnownFailedTests.RunModel(AutoKnownFailedTests.java:105)
	at java.base/jdk.internal.reflect.NativeMethodAccessorImpl.invoke0(Native Method)
	at java.base/jdk.internal.reflect.NativeMethodAccessorImpl.invoke(NativeMethodAccessorImpl.java:62)
	at java.base/jdk.internal.reflect.DelegatingMethodAccessorImpl.invoke(DelegatingMethodAccessorImpl.java:43)
	at java.base/java.lang.reflect.Method.invoke(Method.java:566)
	at org.junit.runners.model.FrameworkMethod$1.runReflectiveCall(FrameworkMethod.java:44)
	at org.junit.internal.runners.model.ReflectiveCallable.run(ReflectiveCallable.java:15)
	at org.junit.runners.model.FrameworkMethod.invokeExplosively(FrameworkMethod.java:41)
	at junitparams.internal.InvokeParameterisedMethod.evaluate(InvokeParameterisedMethod.java:102)
	at org.junit.internal.runners.statements.FailOnTimeout$1.run(FailOnTimeout.java:28)
Caused by: ptolemy.kernel.util.IllegalActionException: Unknown inputs remain. Possible causality loop:
L_model_1893289564i

  in .CannotAnalysisWithPreemption.model_1893289564_region_1 and .CannotAnalysisWithPreemption.model_1893289564_region_1.L_model_1893289564i
	at ptolemy.actor.sched.FixedPointDirector.postfire(FixedPointDirector.java:515)
	at ptolemy.domains.sr.kernel.SRDirector.postfire(SRDirector.java:417)
	at ptolemy.actor.CompositeActor.postfire(CompositeActor.java:1668)
	at ptolemy.actor.Manager.iterate(Manager.java:852)
	at ptolemy.actor.Manager.execute(Manager.java:369)
	at ptolemy.actor.Manager.run(Manager.java:1263)
	at ptolemy.actor.Manager$PtolemyRunThread.run(Manager.java:1933)
]]></system-err>
</testsuite>
