<?xml version="1.0" encoding="UTF-8" ?>
<testsuite errors="0" failures="0" hostname="travis-job-d06aba3c-fa5c-4de5-92c3-bfe33fdde1cc" name="ptolemy.domains.continuous.test.junit.JUnitTclTest" skipped="0" tests="155" time="76.762" timestamp="2018-06-03T01:12:02">
  <properties>
[...]
</properties>
  <testcase classname="ptolemy.util.test.junit.TclTests" name="[0] ThereAreNoTclTests (RunTclFile)" time="0.002" />
  <testcase classname="ptolemy.util.test.junit.AutoKnownFailedTests" name="[0] ThereAreNoKnowFailedTests (RunModel)" time="0.003" />
  <testcase classname="ptolemy.util.test.junit.AutoNameArchTests" name="[0] ThereAreNoAutoArchTests (RunModel)" time="0.001" />
  <testcase classname="ptolemy.util.test.junit.AutoTests" name="[0] /home/travis/build/icyphy/ptII/ptolemy/domains/continuous/test/auto/BouncingBall.xml (RunModel)" time="2.841" />
  <testcase classname="ptolemy.util.test.junit.AutoTests" name="[1] /home/travis/build/icyphy/ptII/ptolemy/domains/continuous/test/auto/BouncingBallWithoutGR.xml (RunModel)" time="0.845" />
  <testcase classname="ptolemy.util.test.junit.AutoTests" name="[2] /home/travis/build/icyphy/ptII/ptolemy/domains/continuous/test/auto/Brownian.xml (RunModel)" time="0.08" />
  <testcase classname="ptolemy.util.test.junit.AutoTests" name="[3] /home/travis/build/icyphy/ptII/ptolemy/domains/continuous/test/auto/CarTracking.xml (RunModel)" time="3.893" />
  <testcase classname="ptolemy.util.test.junit.AutoTests" name="[4] /home/travis/build/icyphy/ptII/ptolemy/domains/continuous/test/auto/CartPendulum.xml (RunModel)" time="0.591" />
  <testcase classname="ptolemy.util.test.junit.AutoTests" name="[5] /home/travis/build/icyphy/ptII/ptolemy/domains/continuous/test/auto/CausalityInterface10.xml (RunModel)" time="0.078" />
  <testcase classname="ptolemy.util.test.junit.AutoTests" name="[6] /home/travis/build/icyphy/ptII/ptolemy/domains/continuous/test/auto/CausalityInterface11.xml (RunModel)" time="0.042" />
  <testcase classname="ptolemy.util.test.junit.AutoTests" name="[7] /home/travis/build/icyphy/ptII/ptolemy/domains/continuous/test/auto/CausalityInterface12.xml (RunModel)" time="0.043" />
  <testcase classname="ptolemy.util.test.junit.AutoTests" name="[8] /home/travis/build/icyphy/ptII/ptolemy/domains/continuous/test/auto/CausalityInterface13.xml (RunModel)" time="0.044" />
  <testcase classname="ptolemy.util.test.junit.AutoTests" name="[9] /home/travis/build/icyphy/ptII/ptolemy/domains/continuous/test/auto/CausalityInterface14.xml (RunModel)" time="0.036" />
  <testcase classname="ptolemy.util.test.junit.AutoTests" name="[10] /home/travis/build/icyphy/ptII/ptolemy/domains/continuous/test/auto/CausalityInterface4.xml (RunModel)" time="0.036" />
  <testcase classname="ptolemy.util.test.junit.AutoTests" name="[11] /home/travis/build/icyphy/ptII/ptolemy/domains/continuous/test/auto/CausalityInterface5.xml (RunModel)" time="0.062" />
  <testcase classname="ptolemy.util.test.junit.AutoTests" name="[12] /home/travis/build/icyphy/ptII/ptolemy/domains/continuous/test/auto/CausalityInterface6.xml (RunModel)" time="0.031" />
  <testcase classname="ptolemy.util.test.junit.AutoTests" name="[13] /home/travis/build/icyphy/ptII/ptolemy/domains/continuous/test/auto/CausalityInterface7.xml (RunModel)" time="0.04" />
  <testcase classname="ptolemy.util.test.junit.AutoTests" name="[14] /home/travis/build/icyphy/ptII/ptolemy/domains/continuous/test/auto/CausalityInterface8.xml (RunModel)" time="0.06" />
  <testcase classname="ptolemy.util.test.junit.AutoTests" name="[15] /home/travis/build/icyphy/ptII/ptolemy/domains/continuous/test/auto/CausalityInterface9.xml (RunModel)" time="0.058" />
  <testcase classname="ptolemy.util.test.junit.AutoTests" name="[16] /home/travis/build/icyphy/ptII/ptolemy/domains/continuous/test/auto/CausalityInterfaceFeedback1.xml (RunModel)" time="0.029" />
  <testcase classname="ptolemy.util.test.junit.AutoTests" name="[17] /home/travis/build/icyphy/ptII/ptolemy/domains/continuous/test/auto/CausalityInterfaceFeedback2.xml (RunModel)" time="0.036" />
  <testcase classname="ptolemy.util.test.junit.AutoTests" name="[18] /home/travis/build/icyphy/ptII/ptolemy/domains/continuous/test/auto/CompareWithCurrentTime.xml (RunModel)" time="0.034" />
  <testcase classname="ptolemy.util.test.junit.AutoTests" name="[19] /home/travis/build/icyphy/ptII/ptolemy/domains/continuous/test/auto/ComparedClocks.xml (RunModel)" time="0.093" />
  <testcase classname="ptolemy.util.test.junit.AutoTests" name="[20] /home/travis/build/icyphy/ptII/ptolemy/domains/continuous/test/auto/ContinuousAOCClone.xml (RunModel)" time="2.736" />
  <testcase classname="ptolemy.util.test.junit.AutoTests" name="[21] /home/travis/build/icyphy/ptII/ptolemy/domains/continuous/test/auto/ContinuousClock.xml (RunModel)" time="0.096" />
  <testcase classname="ptolemy.util.test.junit.AutoTests" name="[22] /home/travis/build/icyphy/ptII/ptolemy/domains/continuous/test/auto/ContinuousInContinuous.xml (RunModel)" time="0.102" />
  <testcase classname="ptolemy.util.test.junit.AutoTests" name="[23] /home/travis/build/icyphy/ptII/ptolemy/domains/continuous/test/auto/ContinuousInContinuousInContinuous.xml (RunModel)" time="0.032" />
  <testcase classname="ptolemy.util.test.junit.AutoTests" name="[24] /home/travis/build/icyphy/ptII/ptolemy/domains/continuous/test/auto/ContinuousInDE.xml (RunModel)" time="0.155" />
  <testcase classname="ptolemy.util.test.junit.AutoTests" name="[25] /home/travis/build/icyphy/ptII/ptolemy/domains/continuous/test/auto/ContinuousInDE2.xml (RunModel)" time="0.061" />
  <testcase classname="ptolemy.util.test.junit.AutoTests" name="[26] /home/travis/build/icyphy/ptII/ptolemy/domains/continuous/test/auto/ContinuousInDE3.xml (RunModel)" time="0.066" />
  <testcase classname="ptolemy.util.test.junit.AutoTests" name="[27] /home/travis/build/icyphy/ptII/ptolemy/domains/continuous/test/auto/ContinuousInDE4.xml (RunModel)" time="0.042" />
  <testcase classname="ptolemy.util.test.junit.AutoTests" name="[28] /home/travis/build/icyphy/ptII/ptolemy/domains/continuous/test/auto/ContinuousInDEDifferentRefinements.xml (RunModel)" time="0.123" />
  <testcase classname="ptolemy.util.test.junit.AutoTests" name="[29] /home/travis/build/icyphy/ptII/ptolemy/domains/continuous/test/auto/ContinuousInDEDifferentRefinementsPreemptive.xml (RunModel)" time="0.101" />
  <testcase classname="ptolemy.util.test.junit.AutoTests" name="[30] /home/travis/build/icyphy/ptII/ptolemy/domains/continuous/test/auto/ContinuousInDEInContinuous2.xml (RunModel)" time="0.079" />
  <testcase classname="ptolemy.util.test.junit.AutoTests" name="[31] /home/travis/build/icyphy/ptII/ptolemy/domains/continuous/test/auto/ContinuousInDEInContinuous3.xml (RunModel)" time="0.071" />
  <testcase classname="ptolemy.util.test.junit.AutoTests" name="[32] /home/travis/build/icyphy/ptII/ptolemy/domains/continuous/test/auto/ContinuousInDEInput.xml (RunModel)" time="0.039" />
  <testcase classname="ptolemy.util.test.junit.AutoTests" name="[33] /home/travis/build/icyphy/ptII/ptolemy/domains/continuous/test/auto/ContinuousInDEInput2.xml (RunModel)" time="0.04" />
  <testcase classname="ptolemy.util.test.junit.AutoTests" name="[34] /home/travis/build/icyphy/ptII/ptolemy/domains/continuous/test/auto/ContinuousInDEInput3.xml (RunModel)" time="0.036" />
  <testcase classname="ptolemy.util.test.junit.AutoTests" name="[35] /home/travis/build/icyphy/ptII/ptolemy/domains/continuous/test/auto/ContinuousInDESharingRefinement.xml (RunModel)" time="0.201" />
  <testcase classname="ptolemy.util.test.junit.AutoTests" name="[36] /home/travis/build/icyphy/ptII/ptolemy/domains/continuous/test/auto/ContinuousInDEwithNoPorts.xml (RunModel)" time="0.025" />
  <testcase classname="ptolemy.util.test.junit.AutoTests" name="[37] /home/travis/build/icyphy/ptII/ptolemy/domains/continuous/test/auto/ContinuousInsideDE.xml (RunModel)" time="0.098" />
  <testcase classname="ptolemy.util.test.junit.AutoTests" name="[38] /home/travis/build/icyphy/ptII/ptolemy/domains/continuous/test/auto/ContinuousMerge1.xml (RunModel)" time="0.017" />
  <testcase classname="ptolemy.util.test.junit.AutoTests" name="[39] /home/travis/build/icyphy/ptII/ptolemy/domains/continuous/test/auto/ContinuousMerge2.xml (RunModel)" time="0.049" />
  <testcase classname="ptolemy.util.test.junit.AutoTests" name="[40] /home/travis/build/icyphy/ptII/ptolemy/domains/continuous/test/auto/ContinuousMerge3.xml (RunModel)" time="0.073" />
  <testcase classname="ptolemy.util.test.junit.AutoTests" name="[41] /home/travis/build/icyphy/ptII/ptolemy/domains/continuous/test/auto/ContinuousWithinContinuous.xml (RunModel)" time="0.069" />
  <testcase classname="ptolemy.util.test.junit.AutoTests" name="[42] /home/travis/build/icyphy/ptII/ptolemy/domains/continuous/test/auto/ContinuousWithinContinuous2.xml (RunModel)" time="0.101" />
  <testcase classname="ptolemy.util.test.junit.AutoTests" name="[43] /home/travis/build/icyphy/ptII/ptolemy/domains/continuous/test/auto/ContinuousWithinContinuous3.xml (RunModel)" time="0.036" />
  <testcase classname="ptolemy.util.test.junit.AutoTests" name="[44] /home/travis/build/icyphy/ptII/ptolemy/domains/continuous/test/auto/ContinuousWithinContinuous4.xml (RunModel)" time="0.092" />
  <testcase classname="ptolemy.util.test.junit.AutoTests" name="[45] /home/travis/build/icyphy/ptII/ptolemy/domains/continuous/test/auto/ContinuousWithinContinuous5.xml (RunModel)" time="0.033" />
  <testcase classname="ptolemy.util.test.junit.AutoTests" name="[46] /home/travis/build/icyphy/ptII/ptolemy/domains/continuous/test/auto/ContinuousWithinContinuous6.xml (RunModel)" time="0.036" />
  <testcase classname="ptolemy.util.test.junit.AutoTests" name="[47] /home/travis/build/icyphy/ptII/ptolemy/domains/continuous/test/auto/ContinuousWithinContinuous7.xml (RunModel)" time="0.084" />
  <testcase classname="ptolemy.util.test.junit.AutoTests" name="[48] /home/travis/build/icyphy/ptII/ptolemy/domains/continuous/test/auto/DCMotor.xml (RunModel)" time="14.818" />
  <testcase classname="ptolemy.util.test.junit.AutoTests" name="[49] /home/travis/build/icyphy/ptII/ptolemy/domains/continuous/test/auto/DEInContinuous.xml (RunModel)" time="0.039" />
  <testcase classname="ptolemy.util.test.junit.AutoTests" name="[50] /home/travis/build/icyphy/ptII/ptolemy/domains/continuous/test/auto/DEinContinuous2.xml (RunModel)" time="0.039" />
  <testcase classname="ptolemy.util.test.junit.AutoTests" name="[51] /home/travis/build/icyphy/ptII/ptolemy/domains/continuous/test/auto/Derivative.xml (RunModel)" time="0.211" />
  <testcase classname="ptolemy.util.test.junit.AutoTests" name="[52] /home/travis/build/icyphy/ptII/ptolemy/domains/continuous/test/auto/Derivative1.xml (RunModel)" time="0.064" />
  <testcase classname="ptolemy.util.test.junit.AutoTests" name="[53] /home/travis/build/icyphy/ptII/ptolemy/domains/continuous/test/auto/DiscreteClock.xml (RunModel)" time="0.019" />
  <testcase classname="ptolemy.util.test.junit.AutoTests" name="[54] /home/travis/build/icyphy/ptII/ptolemy/domains/continuous/test/auto/EfficiencyCurve.xml (RunModel)" time="0.116" />
  <testcase classname="ptolemy.util.test.junit.AutoTests" name="[55] /home/travis/build/icyphy/ptII/ptolemy/domains/continuous/test/auto/ExponentialResponse.xml (RunModel)" time="0.12" />
  <testcase classname="ptolemy.util.test.junit.AutoTests" name="[56] /home/travis/build/icyphy/ptII/ptolemy/domains/continuous/test/auto/ExponentialResponseRK45.xml (RunModel)" time="0.039" />
  <testcase classname="ptolemy.util.test.junit.AutoTests" name="[57] /home/travis/build/icyphy/ptII/ptolemy/domains/continuous/test/auto/Friction.xml (RunModel)" time="1.454" />
  <testcase classname="ptolemy.util.test.junit.AutoTests" name="[58] /home/travis/build/icyphy/ptII/ptolemy/domains/continuous/test/auto/FurutaPendulum.xml (RunModel)" time="3.736" />
  <testcase classname="ptolemy.util.test.junit.AutoTests" name="[59] /home/travis/build/icyphy/ptII/ptolemy/domains/continuous/test/auto/HierarchicalExecution.xml (RunModel)" time="2.317" />
  <testcase classname="ptolemy.util.test.junit.AutoTests" name="[60] /home/travis/build/icyphy/ptII/ptolemy/domains/continuous/test/auto/HybridPlant.xml (RunModel)" time="0.577" />
  <testcase classname="ptolemy.util.test.junit.AutoTests" name="[61] /home/travis/build/icyphy/ptII/ptolemy/domains/continuous/test/auto/Hysteresis.xml (RunModel)" time="0.231" />
  <testcase classname="ptolemy.util.test.junit.AutoTests" name="[62] /home/travis/build/icyphy/ptII/ptolemy/domains/continuous/test/auto/HysteresisWithRandomDelay.xml (RunModel)" time="0.228" />
  <testcase classname="ptolemy.util.test.junit.AutoTests" name="[63] /home/travis/build/icyphy/ptII/ptolemy/domains/continuous/test/auto/HysteresisWithRandomLosses.xml (RunModel)" time="2.424" />
  <testcase classname="ptolemy.util.test.junit.AutoTests" name="[64] /home/travis/build/icyphy/ptII/ptolemy/domains/continuous/test/auto/ImmediateTransitions.xml (RunModel)" time="0.051" />
  <testcase classname="ptolemy.util.test.junit.AutoTests" name="[65] /home/travis/build/icyphy/ptII/ptolemy/domains/continuous/test/auto/ImpulseFeedback.xml (RunModel)" time="0.02" />
  <testcase classname="ptolemy.util.test.junit.AutoTests" name="[66] /home/travis/build/icyphy/ptII/ptolemy/domains/continuous/test/auto/ImpulseFeedback2.xml (RunModel)" time="0.02" />
  <testcase classname="ptolemy.util.test.junit.AutoTests" name="[67] /home/travis/build/icyphy/ptII/ptolemy/domains/continuous/test/auto/IncreasingRatePoisson.xml (RunModel)" time="0.771" />
  <testcase classname="ptolemy.util.test.junit.AutoTests" name="[68] /home/travis/build/icyphy/ptII/ptolemy/domains/continuous/test/auto/InitialStateFeedback.xml (RunModel)" time="0.015" />
  <testcase classname="ptolemy.util.test.junit.AutoTests" name="[69] /home/travis/build/icyphy/ptII/ptolemy/domains/continuous/test/auto/Integration.xml (RunModel)" time="0.012" />
  <testcase classname="ptolemy.util.test.junit.AutoTests" name="[70] /home/travis/build/icyphy/ptII/ptolemy/domains/continuous/test/auto/Integration2.xml (RunModel)" time="0.114" />
  <testcase classname="ptolemy.util.test.junit.AutoTests" name="[71] /home/travis/build/icyphy/ptII/ptolemy/domains/continuous/test/auto/Integration3.xml (RunModel)" time="0.037" />
  <testcase classname="ptolemy.util.test.junit.AutoTests" name="[72] /home/travis/build/icyphy/ptII/ptolemy/domains/continuous/test/auto/Integration5.xml (RunModel)" time="0.016" />
  <testcase classname="ptolemy.util.test.junit.AutoTests" name="[73] /home/travis/build/icyphy/ptII/ptolemy/domains/continuous/test/auto/IntegratorImpulse.xml (RunModel)" time="0.011" />
  <testcase classname="ptolemy.util.test.junit.AutoTests" name="[74] /home/travis/build/icyphy/ptII/ptolemy/domains/continuous/test/auto/IntegratorImpulse2.xml (RunModel)" time="0.013" />
  <testcase classname="ptolemy.util.test.junit.AutoTests" name="[75] /home/travis/build/icyphy/ptII/ptolemy/domains/continuous/test/auto/LevelCrossing1.xml (RunModel)" time="0.029" />
  <testcase classname="ptolemy.util.test.junit.AutoTests" name="[76] /home/travis/build/icyphy/ptII/ptolemy/domains/continuous/test/auto/LevelCrossing2.xml (RunModel)" time="0.015" />
  <testcase classname="ptolemy.util.test.junit.AutoTests" name="[77] /home/travis/build/icyphy/ptII/ptolemy/domains/continuous/test/auto/LevelCrossing3.xml (RunModel)" time="0.014" />
  <testcase classname="ptolemy.util.test.junit.AutoTests" name="[78] /home/travis/build/icyphy/ptII/ptolemy/domains/continuous/test/auto/LevelCrossing4.xml (RunModel)" time="0.016" />
  <testcase classname="ptolemy.util.test.junit.AutoTests" name="[79] /home/travis/build/icyphy/ptII/ptolemy/domains/continuous/test/auto/LevelCrossing5.xml (RunModel)" time="0.014" />
  <testcase classname="ptolemy.util.test.junit.AutoTests" name="[80] /home/travis/build/icyphy/ptII/ptolemy/domains/continuous/test/auto/LevelCrossing6.xml (RunModel)" time="0.024" />
  <testcase classname="ptolemy.util.test.junit.AutoTests" name="[81] /home/travis/build/icyphy/ptII/ptolemy/domains/continuous/test/auto/LevelCrossingDetector.xml (RunModel)" time="0.05" />
  <testcase classname="ptolemy.util.test.junit.AutoTests" name="[82] /home/travis/build/icyphy/ptII/ptolemy/domains/continuous/test/auto/LevelCrossingDetectorDetectingDirections.xml (RunModel)" time="0.094" />
  <testcase classname="ptolemy.util.test.junit.AutoTests" name="[83] /home/travis/build/icyphy/ptII/ptolemy/domains/continuous/test/auto/LevelCrossingDetectorDetectsGlitches.xml (RunModel)" time="0.07" />
  <testcase classname="ptolemy.util.test.junit.AutoTests" name="[84] /home/travis/build/icyphy/ptII/ptolemy/domains/continuous/test/auto/LevelCrossingNoInitialOuput.xml (RunModel)" time="0.018" />
  <testcase classname="ptolemy.util.test.junit.AutoTests" name="[85] /home/travis/build/icyphy/ptII/ptolemy/domains/continuous/test/auto/LinearStateSpaceExample.xml (RunModel)" time="0.054" />
  <testcase classname="ptolemy.util.test.junit.AutoTests" name="[86] /home/travis/build/icyphy/ptII/ptolemy/domains/continuous/test/auto/Lorenz.xml (RunModel)" time="4.309" />
  <testcase classname="ptolemy.util.test.junit.AutoTests" name="[87] /home/travis/build/icyphy/ptII/ptolemy/domains/continuous/test/auto/LorenzDifferentialSystem.xml (RunModel)" time="1.175" />
  <testcase classname="ptolemy.util.test.junit.AutoTests" name="[88] /home/travis/build/icyphy/ptII/ptolemy/domains/continuous/test/auto/LorenzDifferentialSystemWithInput.xml (RunModel)" time="1.488" />
  <testcase classname="ptolemy.util.test.junit.AutoTests" name="[89] /home/travis/build/icyphy/ptII/ptolemy/domains/continuous/test/auto/LorenzDifferentialSystemWithTime.xml (RunModel)" time="0.721" />
  <testcase classname="ptolemy.util.test.junit.AutoTests" name="[90] /home/travis/build/icyphy/ptII/ptolemy/domains/continuous/test/auto/Microsteps.xml (RunModel)" time="0.025" />
  <testcase classname="ptolemy.util.test.junit.AutoTests" name="[91] /home/travis/build/icyphy/ptII/ptolemy/domains/continuous/test/auto/Modal1.xml (RunModel)" time="0.038" />
  <testcase classname="ptolemy.util.test.junit.AutoTests" name="[92] /home/travis/build/icyphy/ptII/ptolemy/domains/continuous/test/auto/Modal2.xml (RunModel)" time="0.051" />
  <testcase classname="ptolemy.util.test.junit.AutoTests" name="[93] /home/travis/build/icyphy/ptII/ptolemy/domains/continuous/test/auto/ModalTransitionGuardWithReset.xml (RunModel)" time="0.027" />
  <testcase classname="ptolemy.util.test.junit.AutoTests" name="[94] /home/travis/build/icyphy/ptII/ptolemy/domains/continuous/test/auto/ModalTransitionGuardWithResetUsingPreemptiveTransition.xml (RunModel)" time="0.026" />
  <testcase classname="ptolemy.util.test.junit.AutoTests" name="[95] /home/travis/build/icyphy/ptII/ptolemy/domains/continuous/test/auto/ModalTransitionGuardWithResetUsingPreemptiveTransition2.xml (RunModel)" time="0.029" />
  <testcase classname="ptolemy.util.test.junit.AutoTests" name="[96] /home/travis/build/icyphy/ptII/ptolemy/domains/continuous/test/auto/ModalTransitionGuardWithResetUsingPreemptiveTransition3.xml (RunModel)" time="0.028" />
  <testcase classname="ptolemy.util.test.junit.AutoTests" name="[97] /home/travis/build/icyphy/ptII/ptolemy/domains/continuous/test/auto/NewtonsCradle.xml (RunModel)" time="0.845" />
  <testcase classname="ptolemy.util.test.junit.AutoTests" name="[98] /home/travis/build/icyphy/ptII/ptolemy/domains/continuous/test/auto/NewtonsCradleAnimated.xml (RunModel)" time="1.308" />
  <testcase classname="ptolemy.util.test.junit.AutoTests" name="[99] /home/travis/build/icyphy/ptII/ptolemy/domains/continuous/test/auto/NewtonsCradleComplicated.xml (RunModel)" time="0.954" />
  <testcase classname="ptolemy.util.test.junit.AutoTests" name="[100] /home/travis/build/icyphy/ptII/ptolemy/domains/continuous/test/auto/NewtonsCradleNondeterministic.xml (RunModel)" time="0.85" />
  <testcase classname="ptolemy.util.test.junit.AutoTests" name="[101] /home/travis/build/icyphy/ptII/ptolemy/domains/continuous/test/auto/NewtonsCradlePerfectlyInelastic1.xml (RunModel)" time="1.308" />
  <testcase classname="ptolemy.util.test.junit.AutoTests" name="[102] /home/travis/build/icyphy/ptII/ptolemy/domains/continuous/test/auto/Noise.xml (RunModel)" time="0.161" />
  <testcase classname="ptolemy.util.test.junit.AutoTests" name="[103] /home/travis/build/icyphy/ptII/ptolemy/domains/continuous/test/auto/NoiseSpectrum.xml (RunModel)" time="0.852" />
  <testcase classname="ptolemy.util.test.junit.AutoTests" name="[104] /home/travis/build/icyphy/ptII/ptolemy/domains/continuous/test/auto/ParameterizedNewtonsCradleAnimated.xml (RunModel)" time="0.388" />
  <testcase classname="ptolemy.util.test.junit.AutoTests" name="[105] /home/travis/build/icyphy/ptII/ptolemy/domains/continuous/test/auto/ParameterizedNewtonsCradleAnimatedNondeterministic.xml (RunModel)" time="1.168" />
  <testcase classname="ptolemy.util.test.junit.AutoTests" name="[106] /home/travis/build/icyphy/ptII/ptolemy/domains/continuous/test/auto/Pendulum3D.xml (RunModel)" time="0.191" />
  <testcase classname="ptolemy.util.test.junit.AutoTests" name="[107] /home/travis/build/icyphy/ptII/ptolemy/domains/continuous/test/auto/PeriodicSampler.xml (RunModel)" time="0.017" />
  <testcase classname="ptolemy.util.test.junit.AutoTests" name="[108] /home/travis/build/icyphy/ptII/ptolemy/domains/continuous/test/auto/PeriodicSampler1.xml (RunModel)" time="0.05" />
  <testcase classname="ptolemy.util.test.junit.AutoTests" name="[109] /home/travis/build/icyphy/ptII/ptolemy/domains/continuous/test/auto/PeriodicSampler2.xml (RunModel)" time="0.075" />
  <testcase classname="ptolemy.util.test.junit.AutoTests" name="[110] /home/travis/build/icyphy/ptII/ptolemy/domains/continuous/test/auto/Poisson.xml (RunModel)" time="0.445" />
  <testcase classname="ptolemy.util.test.junit.AutoTests" name="[111] /home/travis/build/icyphy/ptII/ptolemy/domains/continuous/test/auto/PoissonClock.xml (RunModel)" time="0.012" />
  <testcase classname="ptolemy.util.test.junit.AutoTests" name="[112] /home/travis/build/icyphy/ptII/ptolemy/domains/continuous/test/auto/PoissonClock2.xml (RunModel)" time="0.016" />
  <testcase classname="ptolemy.util.test.junit.AutoTests" name="[113] /home/travis/build/icyphy/ptII/ptolemy/domains/continuous/test/auto/PortParameterHierarchy.xml (RunModel)" time="0.022" />
  <testcase classname="ptolemy.util.test.junit.AutoTests" name="[114] /home/travis/build/icyphy/ptII/ptolemy/domains/continuous/test/auto/RandomHybridPlant.xml (RunModel)" time="0.559" />
  <testcase classname="ptolemy.util.test.junit.AutoTests" name="[115] /home/travis/build/icyphy/ptII/ptolemy/domains/continuous/test/auto/ResetTransitionWithStartTime1.xml (RunModel)" time="0.028" />
  <testcase classname="ptolemy.util.test.junit.AutoTests" name="[116] /home/travis/build/icyphy/ptII/ptolemy/domains/continuous/test/auto/ResetTransitionWithStartTime2.xml (RunModel)" time="0.038" />
  <testcase classname="ptolemy.util.test.junit.AutoTests" name="[117] /home/travis/build/icyphy/ptII/ptolemy/domains/continuous/test/auto/ResetTransitionWithStartTime3.xml (RunModel)" time="0.043" />
  <testcase classname="ptolemy.util.test.junit.AutoTests" name="[118] /home/travis/build/icyphy/ptII/ptolemy/domains/continuous/test/auto/ResetTransitionWithStartTime4.xml (RunModel)" time="0.027" />
  <testcase classname="ptolemy.util.test.junit.AutoTests" name="[119] /home/travis/build/icyphy/ptII/ptolemy/domains/continuous/test/auto/ResetTransitionWithStartTime5.xml (RunModel)" time="0.044" />
  <testcase classname="ptolemy.util.test.junit.AutoTests" name="[120] /home/travis/build/icyphy/ptII/ptolemy/domains/continuous/test/auto/ResetTransitionWithStartTime6.xml (RunModel)" time="0.032" />
  <testcase classname="ptolemy.util.test.junit.AutoTests" name="[121] /home/travis/build/icyphy/ptII/ptolemy/domains/continuous/test/auto/SRinContinuous.xml (RunModel)" time="0.03" />
  <testcase classname="ptolemy.util.test.junit.AutoTests" name="[122] /home/travis/build/icyphy/ptII/ptolemy/domains/continuous/test/auto/SampledClocks.xml (RunModel)" time="0.042" />
  <testcase classname="ptolemy.util.test.junit.AutoTests" name="[123] /home/travis/build/icyphy/ptII/ptolemy/domains/continuous/test/auto/Satellite.xml (RunModel)" time="0.955" />
  <testcase classname="ptolemy.util.test.junit.AutoTests" name="[124] /home/travis/build/icyphy/ptII/ptolemy/domains/continuous/test/auto/SigmaDelta.xml (RunModel)" time="2.342" />
  <testcase classname="ptolemy.util.test.junit.AutoTests" name="[125] /home/travis/build/icyphy/ptII/ptolemy/domains/continuous/test/auto/SinuBouncingBall.xml (RunModel)" time="0.752" />
  <testcase classname="ptolemy.util.test.junit.AutoTests" name="[126] /home/travis/build/icyphy/ptII/ptolemy/domains/continuous/test/auto/Sinusoid.xml (RunModel)" time="0.012" />
  <testcase classname="ptolemy.util.test.junit.AutoTests" name="[127] /home/travis/build/icyphy/ptII/ptolemy/domains/continuous/test/auto/SinusoidInNoise.xml (RunModel)" time="0.966" />
  <testcase classname="ptolemy.util.test.junit.AutoTests" name="[128] /home/travis/build/icyphy/ptII/ptolemy/domains/continuous/test/auto/SinusoidRK45.xml (RunModel)" time="0.009" />
  <testcase classname="ptolemy.util.test.junit.AutoTests" name="[129] /home/travis/build/icyphy/ptII/ptolemy/domains/continuous/test/auto/SinusoidWithMultipleImpulses.xml (RunModel)" time="0.015" />
  <testcase classname="ptolemy.util.test.junit.AutoTests" name="[130] /home/travis/build/icyphy/ptII/ptolemy/domains/continuous/test/auto/SquareWave.xml (RunModel)" time="0.191" />
  <testcase classname="ptolemy.util.test.junit.AutoTests" name="[131] /home/travis/build/icyphy/ptII/ptolemy/domains/continuous/test/auto/Starmac.xml (RunModel)" time="3.367" />
  <testcase classname="ptolemy.util.test.junit.AutoTests" name="[132] /home/travis/build/icyphy/ptII/ptolemy/domains/continuous/test/auto/StaticUnits.xml (RunModel)" time="2.546" />
  <testcase classname="ptolemy.util.test.junit.AutoTests" name="[133] /home/travis/build/icyphy/ptII/ptolemy/domains/continuous/test/auto/StickyMasses.xml (RunModel)" time="0.187" />
  <testcase classname="ptolemy.util.test.junit.AutoTests" name="[134] /home/travis/build/icyphy/ptII/ptolemy/domains/continuous/test/auto/StopTime.xml (RunModel)" time="0.079" />
  <testcase classname="ptolemy.util.test.junit.AutoTests" name="[135] /home/travis/build/icyphy/ptII/ptolemy/domains/continuous/test/auto/StopTime2.xml (RunModel)" time="0.063" />
  <testcase classname="ptolemy.util.test.junit.AutoTests" name="[136] /home/travis/build/icyphy/ptII/ptolemy/domains/continuous/test/auto/Switch.xml (RunModel)" time="0.077" />
  <testcase classname="ptolemy.util.test.junit.AutoTests" name="[137] /home/travis/build/icyphy/ptII/ptolemy/domains/continuous/test/auto/Thermostat.xml (RunModel)" time="0.204" />
  <testcase classname="ptolemy.util.test.junit.AutoTests" name="[138] /home/travis/build/icyphy/ptII/ptolemy/domains/continuous/test/auto/TimeDelay.xml (RunModel)" time="0.016" />
  <testcase classname="ptolemy.util.test.junit.AutoTests" name="[139] /home/travis/build/icyphy/ptII/ptolemy/domains/continuous/test/auto/TimeDelay2.xml (RunModel)" time="0.024" />
  <testcase classname="ptolemy.util.test.junit.AutoTests" name="[140] /home/travis/build/icyphy/ptII/ptolemy/domains/continuous/test/auto/TimeDelay3.xml (RunModel)" time="0.015" />
  <testcase classname="ptolemy.util.test.junit.AutoTests" name="[141] /home/travis/build/icyphy/ptII/ptolemy/domains/continuous/test/auto/TransferAbsentToInside.xml (RunModel)" time="0.112" />
  <testcase classname="ptolemy.util.test.junit.AutoTests" name="[142] /home/travis/build/icyphy/ptII/ptolemy/domains/continuous/test/auto/Transmission.xml (RunModel)" time="0.769" />
  <testcase classname="ptolemy.util.test.junit.AutoTests" name="[143] /home/travis/build/icyphy/ptII/ptolemy/domains/continuous/test/auto/TriggeredContinuousClock.xml (RunModel)" time="0.067" />
  <testcase classname="ptolemy.util.test.junit.AutoTests" name="[144] /home/travis/build/icyphy/ptII/ptolemy/domains/continuous/test/auto/TwoMachineInfiniteBusControl.xml (RunModel)" time="3.043" />
  <testcase classname="ptolemy.util.test.junit.AutoTests" name="[145] /home/travis/build/icyphy/ptII/ptolemy/domains/continuous/test/auto/V2V.xml (RunModel)" time="0.716" />
  <testcase classname="ptolemy.util.test.junit.AutoTests" name="[146] /home/travis/build/icyphy/ptII/ptolemy/domains/continuous/test/auto/hierarchicalModalModel.xml (RunModel)" time="0.036" />
  <testcase classname="ptolemy.util.test.junit.AutoTests" name="[147] /home/travis/build/icyphy/ptII/ptolemy/domains/continuous/test/auto/hierarchicalModalModel1.xml (RunModel)" time="0.053" />
  <testcase classname="ptolemy.util.test.junit.AutoTests" name="[148] /home/travis/build/icyphy/ptII/ptolemy/domains/continuous/test/auto/hierarchicalModalModel2.xml (RunModel)" time="0.029" />
  <testcase classname="ptolemy.util.test.junit.AutoTests" name="[149] /home/travis/build/icyphy/ptII/ptolemy/domains/continuous/test/auto/hierarchicalModalModel3.xml (RunModel)" time="0.025" />
  <testcase classname="ptolemy.util.test.junit.AutoTests" name="[150] /home/travis/build/icyphy/ptII/ptolemy/domains/continuous/test/auto/hierarchicalModalModel4.xml (RunModel)" time="0.04" />
  <testcase classname="ptolemy.util.test.junit.AutoTests" name="[151] /home/travis/build/icyphy/ptII/ptolemy/domains/continuous/test/auto/junk.xml (RunModel)" time="0.155" />
  <system-out><![CDATA[No tcl tests in /home/travis/build/icyphy/ptII/ptolemy/domains/continuous/test
No auto/knownFailedTests/*.xml tests in /home/travis/build/icyphy/ptII/ptolemy/domains/continuous/test
No auto/linux-amd64/*.xml tests in /home/travis/build/icyphy/ptII/ptolemy/domains/continuous/test
AutoTests.java: About to close Vertx.
AutoTests.java: Vertx closed.

===========================================================================================
----------------- testing Sun Jun 03 01:12:02 UTC 2018 /home/travis/build/icyphy/ptII/ptolemy/domains/continuous/test/auto/BouncingBall.xml
----------------- Instantiating /home/travis/build/icyphy/ptII/ptolemy/domains/continuous/test/auto/BouncingBall.xml
2351 ms. Memory: 331776K Free: 259517K (78%)
----------------- Invoking toplevel() on ptolemy.moml.MoMLSimpleApplication@206eae6a
----------------- Done invoking toplevel() on ptolemy.moml.MoMLSimpleApplication@206eae6a
reloadAllAccessors: .BouncingBall

===========================================================================================
----------------- testing Sun Jun 03 01:12:05 UTC 2018 /home/travis/build/icyphy/ptII/ptolemy/domains/continuous/test/auto/BouncingBallWithoutGR.xml
----------------- Instantiating /home/travis/build/icyphy/ptII/ptolemy/domains/continuous/test/auto/BouncingBallWithoutGR.xml
755 ms. Memory: 331776K Free: 318300K (96%)
----------------- Invoking toplevel() on ptolemy.moml.MoMLSimpleApplication@ebd92ad
----------------- Done invoking toplevel() on ptolemy.moml.MoMLSimpleApplication@ebd92ad
reloadAllAccessors: .BouncingBallWithoutGR

===========================================================================================
----------------- testing Sun Jun 03 01:12:06 UTC 2018 /home/travis/build/icyphy/ptII/ptolemy/domains/continuous/test/auto/Brownian.xml
----------------- Instantiating /home/travis/build/icyphy/ptII/ptolemy/domains/continuous/test/auto/Brownian.xml
25 ms. Memory: 331776K Free: 304416K (92%)
----------------- Invoking toplevel() on ptolemy.moml.MoMLSimpleApplication@2a3005c7
----------------- Done invoking toplevel() on ptolemy.moml.MoMLSimpleApplication@2a3005c7
reloadAllAccessors: .Brownian

===========================================================================================
----------------- testing Sun Jun 03 01:12:06 UTC 2018 /home/travis/build/icyphy/ptII/ptolemy/domains/continuous/test/auto/CarTracking.xml
----------------- Instantiating /home/travis/build/icyphy/ptII/ptolemy/domains/continuous/test/auto/CarTracking.xml
3434 ms. Memory: 578048K Free: 460034K (80%)
----------------- Invoking toplevel() on ptolemy.moml.MoMLSimpleApplication@2ba22fd0
----------------- Done invoking toplevel() on ptolemy.moml.MoMLSimpleApplication@2ba22fd0
reloadAllAccessors: .CarTracking

===========================================================================================
----------------- testing Sun Jun 03 01:12:10 UTC 2018 /home/travis/build/icyphy/ptII/ptolemy/domains/continuous/test/auto/CartPendulum.xml
----------------- Instantiating /home/travis/build/icyphy/ptII/ptolemy/domains/continuous/test/auto/CartPendulum.xml
421 ms. Memory: 578048K Free: 355403K (61%)
----------------- Invoking toplevel() on ptolemy.moml.MoMLSimpleApplication@6270e525
----------------- Done invoking toplevel() on ptolemy.moml.MoMLSimpleApplication@6270e525
reloadAllAccessors: .CartPendulum

===========================================================================================
----------------- testing Sun Jun 03 01:12:10 UTC 2018 /home/travis/build/icyphy/ptII/ptolemy/domains/continuous/test/auto/CausalityInterface10.xml
----------------- Instantiating /home/travis/build/icyphy/ptII/ptolemy/domains/continuous/test/auto/CausalityInterface10.xml
11 ms. Memory: 578048K Free: 342287K (59%)
----------------- Invoking toplevel() on ptolemy.moml.MoMLSimpleApplication@76b62e55
----------------- Done invoking toplevel() on ptolemy.moml.MoMLSimpleApplication@76b62e55
reloadAllAccessors: .CausalityInterface10

===========================================================================================
----------------- testing Sun Jun 03 01:12:10 UTC 2018 /home/travis/build/icyphy/ptII/ptolemy/domains/continuous/test/auto/CausalityInterface11.xml
----------------- Instantiating /home/travis/build/icyphy/ptII/ptolemy/domains/continuous/test/auto/CausalityInterface11.xml
9 ms. Memory: 578048K Free: 332456K (58%)
----------------- Invoking toplevel() on ptolemy.moml.MoMLSimpleApplication@72717d55
----------------- Done invoking toplevel() on ptolemy.moml.MoMLSimpleApplication@72717d55
reloadAllAccessors: .CausalityInterface11

===========================================================================================
----------------- testing Sun Jun 03 01:12:10 UTC 2018 /home/travis/build/icyphy/ptII/ptolemy/domains/continuous/test/auto/CausalityInterface12.xml
----------------- Instantiating /home/travis/build/icyphy/ptII/ptolemy/domains/continuous/test/auto/CausalityInterface12.xml
11 ms. Memory: 578048K Free: 322610K (56%)
----------------- Invoking toplevel() on ptolemy.moml.MoMLSimpleApplication@4e57f59b
----------------- Done invoking toplevel() on ptolemy.moml.MoMLSimpleApplication@4e57f59b
reloadAllAccessors: .CausalityInterface12

===========================================================================================
----------------- testing Sun Jun 03 01:12:10 UTC 2018 /home/travis/build/icyphy/ptII/ptolemy/domains/continuous/test/auto/CausalityInterface13.xml
----------------- Instantiating /home/travis/build/icyphy/ptII/ptolemy/domains/continuous/test/auto/CausalityInterface13.xml
11 ms. Memory: 578048K Free: 309647K (54%)
----------------- Invoking toplevel() on ptolemy.moml.MoMLSimpleApplication@3ec81722
----------------- Done invoking toplevel() on ptolemy.moml.MoMLSimpleApplication@3ec81722
reloadAllAccessors: .CausalityInterface13

===========================================================================================
----------------- testing Sun Jun 03 01:12:11 UTC 2018 /home/travis/build/icyphy/ptII/ptolemy/domains/continuous/test/auto/CausalityInterface14.xml
----------------- Instantiating /home/travis/build/icyphy/ptII/ptolemy/domains/continuous/test/auto/CausalityInterface14.xml
5 ms. Memory: 578048K Free: 299800K (52%)
----------------- Invoking toplevel() on ptolemy.moml.MoMLSimpleApplication@71449289
----------------- Done invoking toplevel() on ptolemy.moml.MoMLSimpleApplication@71449289
reloadAllAccessors: .CausalityInterface14

===========================================================================================
----------------- testing Sun Jun 03 01:12:11 UTC 2018 /home/travis/build/icyphy/ptII/ptolemy/domains/continuous/test/auto/CausalityInterface4.xml
----------------- Instantiating /home/travis/build/icyphy/ptII/ptolemy/domains/continuous/test/auto/CausalityInterface4.xml
6 ms. Memory: 578048K Free: 289954K (50%)
----------------- Invoking toplevel() on ptolemy.moml.MoMLSimpleApplication@4fda136b
----------------- Done invoking toplevel() on ptolemy.moml.MoMLSimpleApplication@4fda136b
reloadAllAccessors: .CausalityInterface4

===========================================================================================
----------------- testing Sun Jun 03 01:12:11 UTC 2018 /home/travis/build/icyphy/ptII/ptolemy/domains/continuous/test/auto/CausalityInterface5.xml
----------------- Instantiating /home/travis/build/icyphy/ptII/ptolemy/domains/continuous/test/auto/CausalityInterface5.xml
10 ms. Memory: 578048K Free: 271915K (47%)
----------------- Invoking toplevel() on ptolemy.moml.MoMLSimpleApplication@187b8c26
----------------- Done invoking toplevel() on ptolemy.moml.MoMLSimpleApplication@187b8c26
reloadAllAccessors: .CausalityInterface5

===========================================================================================
----------------- testing Sun Jun 03 01:12:11 UTC 2018 /home/travis/build/icyphy/ptII/ptolemy/domains/continuous/test/auto/CausalityInterface6.xml
----------------- Instantiating /home/travis/build/icyphy/ptII/ptolemy/domains/continuous/test/auto/CausalityInterface6.xml
5 ms. Memory: 578048K Free: 258945K (45%)
----------------- Invoking toplevel() on ptolemy.moml.MoMLSimpleApplication@2c283b2e
----------------- Done invoking toplevel() on ptolemy.moml.MoMLSimpleApplication@2c283b2e
reloadAllAccessors: .CausalityInterface6

===========================================================================================
----------------- testing Sun Jun 03 01:12:11 UTC 2018 /home/travis/build/icyphy/ptII/ptolemy/domains/continuous/test/auto/CausalityInterface7.xml
----------------- Instantiating /home/travis/build/icyphy/ptII/ptolemy/domains/continuous/test/auto/CausalityInterface7.xml
13 ms. Memory: 578048K Free: 245829K (43%)
----------------- Invoking toplevel() on ptolemy.moml.MoMLSimpleApplication@52b81b68
----------------- Done invoking toplevel() on ptolemy.moml.MoMLSimpleApplication@52b81b68
reloadAllAccessors: .CausalityInterface7

===========================================================================================
----------------- testing Sun Jun 03 01:12:11 UTC 2018 /home/travis/build/icyphy/ptII/ptolemy/domains/continuous/test/auto/CausalityInterface8.xml
----------------- Instantiating /home/travis/build/icyphy/ptII/ptolemy/domains/continuous/test/auto/CausalityInterface8.xml
20 ms. Memory: 578048K Free: 232706K (40%)
----------------- Invoking toplevel() on ptolemy.moml.MoMLSimpleApplication@32488c15
----------------- Done invoking toplevel() on ptolemy.moml.MoMLSimpleApplication@32488c15
reloadAllAccessors: .CausalityInterface8

===========================================================================================
----------------- testing Sun Jun 03 01:12:11 UTC 2018 /home/travis/build/icyphy/ptII/ptolemy/domains/continuous/test/auto/CausalityInterface9.xml
----------------- Instantiating /home/travis/build/icyphy/ptII/ptolemy/domains/continuous/test/auto/CausalityInterface9.xml
11 ms. Memory: 578048K Free: 216314K (37%)
----------------- Invoking toplevel() on ptolemy.moml.MoMLSimpleApplication@65da8623
----------------- Done invoking toplevel() on ptolemy.moml.MoMLSimpleApplication@65da8623
reloadAllAccessors: .CausalityInterface9

===========================================================================================
----------------- testing Sun Jun 03 01:12:11 UTC 2018 /home/travis/build/icyphy/ptII/ptolemy/domains/continuous/test/auto/CausalityInterfaceFeedback1.xml
----------------- Instantiating /home/travis/build/icyphy/ptII/ptolemy/domains/continuous/test/auto/CausalityInterfaceFeedback1.xml
8 ms. Memory: 578048K Free: 203358K (35%)
----------------- Invoking toplevel() on ptolemy.moml.MoMLSimpleApplication@7236f416
----------------- Done invoking toplevel() on ptolemy.moml.MoMLSimpleApplication@7236f416
reloadAllAccessors: .CausalityInterfaceFeedback1

===========================================================================================
----------------- testing Sun Jun 03 01:12:11 UTC 2018 /home/travis/build/icyphy/ptII/ptolemy/domains/continuous/test/auto/CausalityInterfaceFeedback2.xml
----------------- Instantiating /home/travis/build/icyphy/ptII/ptolemy/domains/continuous/test/auto/CausalityInterfaceFeedback2.xml
5 ms. Memory: 578048K Free: 193528K (33%)
----------------- Invoking toplevel() on ptolemy.moml.MoMLSimpleApplication@6f29d4c1
----------------- Done invoking toplevel() on ptolemy.moml.MoMLSimpleApplication@6f29d4c1
reloadAllAccessors: .CausalityInterfaceFeedback2

===========================================================================================
----------------- testing Sun Jun 03 01:12:11 UTC 2018 /home/travis/build/icyphy/ptII/ptolemy/domains/continuous/test/auto/CompareWithCurrentTime.xml
----------------- Instantiating /home/travis/build/icyphy/ptII/ptolemy/domains/continuous/test/auto/CompareWithCurrentTime.xml
3 ms. Memory: 578048K Free: 186974K (32%)
----------------- Invoking toplevel() on ptolemy.moml.MoMLSimpleApplication@1575f693
----------------- Done invoking toplevel() on ptolemy.moml.MoMLSimpleApplication@1575f693
reloadAllAccessors: .CompareWithCurrentTime

===========================================================================================
----------------- testing Sun Jun 03 01:12:11 UTC 2018 /home/travis/build/icyphy/ptII/ptolemy/domains/continuous/test/auto/ComparedClocks.xml
----------------- Instantiating /home/travis/build/icyphy/ptII/ptolemy/domains/continuous/test/auto/ComparedClocks.xml
14 ms. Memory: 578048K Free: 167281K (29%)
----------------- Invoking toplevel() on ptolemy.moml.MoMLSimpleApplication@618f47d9
----------------- Done invoking toplevel() on ptolemy.moml.MoMLSimpleApplication@618f47d9
reloadAllAccessors: .ComparedClocks

===========================================================================================
----------------- testing Sun Jun 03 01:12:11 UTC 2018 /home/travis/build/icyphy/ptII/ptolemy/domains/continuous/test/auto/ContinuousAOCClone.xml
----------------- Instantiating /home/travis/build/icyphy/ptII/ptolemy/domains/continuous/test/auto/ContinuousAOCClone.xml
2515 ms. Memory: 872960K Free: 422829K (48%)
----------------- Invoking toplevel() on ptolemy.moml.MoMLSimpleApplication@5f51b3ce
----------------- Done invoking toplevel() on ptolemy.moml.MoMLSimpleApplication@5f51b3ce
reloadAllAccessors: .ContinuousAOCClone

===========================================================================================
----------------- testing Sun Jun 03 01:12:14 UTC 2018 /home/travis/build/icyphy/ptII/ptolemy/domains/continuous/test/auto/ContinuousClock.xml
----------------- Instantiating /home/travis/build/icyphy/ptII/ptolemy/domains/continuous/test/auto/ContinuousClock.xml
29 ms. Memory: 872960K Free: 388331K (44%)
----------------- Invoking toplevel() on ptolemy.moml.MoMLSimpleApplication@329349c4
----------------- Done invoking toplevel() on ptolemy.moml.MoMLSimpleApplication@329349c4
reloadAllAccessors: .ContinuousClock

===========================================================================================
----------------- testing Sun Jun 03 01:12:14 UTC 2018 /home/travis/build/icyphy/ptII/ptolemy/domains/continuous/test/auto/ContinuousInContinuous.xml
----------------- Instantiating /home/travis/build/icyphy/ptII/ptolemy/domains/continuous/test/auto/ContinuousInContinuous.xml
40 ms. Memory: 872960K Free: 360791K (41%)
----------------- Invoking toplevel() on ptolemy.moml.MoMLSimpleApplication@7afa6839
----------------- Done invoking toplevel() on ptolemy.moml.MoMLSimpleApplication@7afa6839
reloadAllAccessors: .ContinuousInContinuous

===========================================================================================
----------------- testing Sun Jun 03 01:12:14 UTC 2018 /home/travis/build/icyphy/ptII/ptolemy/domains/continuous/test/auto/ContinuousInContinuousInContinuous.xml
----------------- Instantiating /home/travis/build/icyphy/ptII/ptolemy/domains/continuous/test/auto/ContinuousInContinuousInContinuous.xml
10 ms. Memory: 872960K Free: 348994K (40%)
----------------- Invoking toplevel() on ptolemy.moml.MoMLSimpleApplication@7c9dcf7a
----------------- Done invoking toplevel() on ptolemy.moml.MoMLSimpleApplication@7c9dcf7a
reloadAllAccessors: .ContinuousInContinuousInContinuous

===========================================================================================
----------------- testing Sun Jun 03 01:12:14 UTC 2018 /home/travis/build/icyphy/ptII/ptolemy/domains/continuous/test/auto/ContinuousInDE.xml
----------------- Instantiating /home/travis/build/icyphy/ptII/ptolemy/domains/continuous/test/auto/ContinuousInDE.xml
120 ms. Memory: 872960K Free: 333260K (38%)
----------------- Invoking toplevel() on ptolemy.moml.MoMLSimpleApplication@3895c806
----------------- Done invoking toplevel() on ptolemy.moml.MoMLSimpleApplication@3895c806
reloadAllAccessors: .ContinuousInDE

===========================================================================================
----------------- testing Sun Jun 03 01:12:14 UTC 2018 /home/travis/build/icyphy/ptII/ptolemy/domains/continuous/test/auto/ContinuousInDE2.xml
----------------- Instantiating /home/travis/build/icyphy/ptII/ptolemy/domains/continuous/test/auto/ContinuousInDE2.xml
40 ms. Memory: 872960K Free: 314139K (36%)
----------------- Invoking toplevel() on ptolemy.moml.MoMLSimpleApplication@466b1798
----------------- Done invoking toplevel() on ptolemy.moml.MoMLSimpleApplication@466b1798
reloadAllAccessors: .ContinuousInDE2

===========================================================================================
----------------- testing Sun Jun 03 01:12:14 UTC 2018 /home/travis/build/icyphy/ptII/ptolemy/domains/continuous/test/auto/ContinuousInDE3.xml
----------------- Instantiating /home/travis/build/icyphy/ptII/ptolemy/domains/continuous/test/auto/ContinuousInDE3.xml
41 ms. Memory: 872960K Free: 298404K (34%)
----------------- Invoking toplevel() on ptolemy.moml.MoMLSimpleApplication@1452b0d8
----------------- Done invoking toplevel() on ptolemy.moml.MoMLSimpleApplication@1452b0d8
reloadAllAccessors: .ContinuousInDE3

===========================================================================================
----------------- testing Sun Jun 03 01:12:14 UTC 2018 /home/travis/build/icyphy/ptII/ptolemy/domains/continuous/test/auto/ContinuousInDE4.xml
----------------- Instantiating /home/travis/build/icyphy/ptII/ptolemy/domains/continuous/test/auto/ContinuousInDE4.xml
19 ms. Memory: 872960K Free: 286615K (33%)
----------------- Invoking toplevel() on ptolemy.moml.MoMLSimpleApplication@25b60a71
----------------- Done invoking toplevel() on ptolemy.moml.MoMLSimpleApplication@25b60a71
reloadAllAccessors: .ContinuousInDE4

===========================================================================================
----------------- testing Sun Jun 03 01:12:14 UTC 2018 /home/travis/build/icyphy/ptII/ptolemy/domains/continuous/test/auto/ContinuousInDEDifferentRefinements.xml
----------------- Instantiating /home/travis/build/icyphy/ptII/ptolemy/domains/continuous/test/auto/ContinuousInDEDifferentRefinements.xml
61 ms. Memory: 872960K Free: 251169K (29%)
----------------- Invoking toplevel() on ptolemy.moml.MoMLSimpleApplication@683450f6
----------------- Done invoking toplevel() on ptolemy.moml.MoMLSimpleApplication@683450f6
reloadAllAccessors: .ContinuousInDEDifferentRefinements

===========================================================================================
----------------- testing Sun Jun 03 01:12:14 UTC 2018 /home/travis/build/icyphy/ptII/ptolemy/domains/continuous/test/auto/ContinuousInDEDifferentRefinementsPreemptive.xml
----------------- Instantiating /home/travis/build/icyphy/ptII/ptolemy/domains/continuous/test/auto/ContinuousInDEDifferentRefinementsPreemptive.xml
52 ms. Memory: 872960K Free: 212351K (24%)
----------------- Invoking toplevel() on ptolemy.moml.MoMLSimpleApplication@62f17418
----------------- Done invoking toplevel() on ptolemy.moml.MoMLSimpleApplication@62f17418
reloadAllAccessors: .ContinuousInDEDifferentRefinementsPreemptive

===========================================================================================
----------------- testing Sun Jun 03 01:12:15 UTC 2018 /home/travis/build/icyphy/ptII/ptolemy/domains/continuous/test/auto/ContinuousInDEInContinuous2.xml
----------------- Instantiating /home/travis/build/icyphy/ptII/ptolemy/domains/continuous/test/auto/ContinuousInDEInContinuous2.xml
38 ms. Memory: 872960K Free: 192703K (22%)
----------------- Invoking toplevel() on ptolemy.moml.MoMLSimpleApplication@24a7f169
----------------- Done invoking toplevel() on ptolemy.moml.MoMLSimpleApplication@24a7f169
reloadAllAccessors: .ContinuousInDEInContinuous2

===========================================================================================
----------------- testing Sun Jun 03 01:12:15 UTC 2018 /home/travis/build/icyphy/ptII/ptolemy/domains/continuous/test/auto/ContinuousInDEInContinuous3.xml
----------------- Instantiating /home/travis/build/icyphy/ptII/ptolemy/domains/continuous/test/auto/ContinuousInDEInContinuous3.xml
41 ms. Memory: 872960K Free: 173023K (20%)
----------------- Invoking toplevel() on ptolemy.moml.MoMLSimpleApplication@62896e39
----------------- Done invoking toplevel() on ptolemy.moml.MoMLSimpleApplication@62896e39
reloadAllAccessors: .ContinuousInDEInContinuous3

===========================================================================================
----------------- testing Sun Jun 03 01:12:15 UTC 2018 /home/travis/build/icyphy/ptII/ptolemy/domains/continuous/test/auto/ContinuousInDEInput.xml
----------------- Instantiating /home/travis/build/icyphy/ptII/ptolemy/domains/continuous/test/auto/ContinuousInDEInput.xml
17 ms. Memory: 872960K Free: 161234K (18%)
----------------- Invoking toplevel() on ptolemy.moml.MoMLSimpleApplication@7ac366e9
----------------- Done invoking toplevel() on ptolemy.moml.MoMLSimpleApplication@7ac366e9
reloadAllAccessors: .ContinuousInDEInput

===========================================================================================
----------------- testing Sun Jun 03 01:12:15 UTC 2018 /home/travis/build/icyphy/ptII/ptolemy/domains/continuous/test/auto/ContinuousInDEInput2.xml
----------------- Instantiating /home/travis/build/icyphy/ptII/ptolemy/domains/continuous/test/auto/ContinuousInDEInput2.xml
16 ms. Memory: 872960K Free: 146058K (17%)
----------------- Invoking toplevel() on ptolemy.moml.MoMLSimpleApplication@30656433
----------------- Done invoking toplevel() on ptolemy.moml.MoMLSimpleApplication@30656433
reloadAllAccessors: .ContinuousInDEInput2

===========================================================================================
----------------- testing Sun Jun 03 01:12:15 UTC 2018 /home/travis/build/icyphy/ptII/ptolemy/domains/continuous/test/auto/ContinuousInDEInput3.xml
----------------- Instantiating /home/travis/build/icyphy/ptII/ptolemy/domains/continuous/test/auto/ContinuousInDEInput3.xml
16 ms. Memory: 872960K Free: 134253K (15%)
----------------- Invoking toplevel() on ptolemy.moml.MoMLSimpleApplication@5d86a826
----------------- Done invoking toplevel() on ptolemy.moml.MoMLSimpleApplication@5d86a826
reloadAllAccessors: .ContinuousInDEInput3

===========================================================================================
----------------- testing Sun Jun 03 01:12:15 UTC 2018 /home/travis/build/icyphy/ptII/ptolemy/domains/continuous/test/auto/ContinuousInDESharingRefinement.xml
----------------- Instantiating /home/travis/build/icyphy/ptII/ptolemy/domains/continuous/test/auto/ContinuousInDESharingRefinement.xml
166 ms. Memory: 873472K Free: 821750K (94%)
----------------- Invoking toplevel() on ptolemy.moml.MoMLSimpleApplication@5f314306
----------------- Done invoking toplevel() on ptolemy.moml.MoMLSimpleApplication@5f314306
reloadAllAccessors: .ContinuousInDESharingRefinement

===========================================================================================
----------------- testing Sun Jun 03 01:12:15 UTC 2018 /home/travis/build/icyphy/ptII/ptolemy/domains/continuous/test/auto/ContinuousInDEwithNoPorts.xml
----------------- Instantiating /home/travis/build/icyphy/ptII/ptolemy/domains/continuous/test/auto/ContinuousInDEwithNoPorts.xml
6 ms. Memory: 873472K Free: 809570K (93%)
----------------- Invoking toplevel() on ptolemy.moml.MoMLSimpleApplication@3c79b28f
----------------- Done invoking toplevel() on ptolemy.moml.MoMLSimpleApplication@3c79b28f
reloadAllAccessors: .ContinuousInDEwithNoPorts

===========================================================================================
----------------- testing Sun Jun 03 01:12:15 UTC 2018 /home/travis/build/icyphy/ptII/ptolemy/domains/continuous/test/auto/ContinuousInsideDE.xml
----------------- Instantiating /home/travis/build/icyphy/ptII/ptolemy/domains/continuous/test/auto/ContinuousInsideDE.xml
53 ms. Memory: 873472K Free: 789922K (90%)
----------------- Invoking toplevel() on ptolemy.moml.MoMLSimpleApplication@505a7f1d
----------------- Done invoking toplevel() on ptolemy.moml.MoMLSimpleApplication@505a7f1d
reloadAllAccessors: .ContinuousInsideDE

===========================================================================================
----------------- testing Sun Jun 03 01:12:15 UTC 2018 /home/travis/build/icyphy/ptII/ptolemy/domains/continuous/test/auto/ContinuousMerge1.xml
----------------- Instantiating /home/travis/build/icyphy/ptII/ptolemy/domains/continuous/test/auto/ContinuousMerge1.xml
3 ms. Memory: 873472K Free: 779786K (89%)
----------------- Invoking toplevel() on ptolemy.moml.MoMLSimpleApplication@10a933be
----------------- Done invoking toplevel() on ptolemy.moml.MoMLSimpleApplication@10a933be
reloadAllAccessors: .ContinuousMerge1

===========================================================================================
----------------- testing Sun Jun 03 01:12:15 UTC 2018 /home/travis/build/icyphy/ptII/ptolemy/domains/continuous/test/auto/ContinuousMerge2.xml
----------------- Instantiating /home/travis/build/icyphy/ptII/ptolemy/domains/continuous/test/auto/ContinuousMerge2.xml
12 ms. Memory: 873472K Free: 763888K (87%)
----------------- Invoking toplevel() on ptolemy.moml.MoMLSimpleApplication@e6f4264
----------------- Done invoking toplevel() on ptolemy.moml.MoMLSimpleApplication@e6f4264
reloadAllAccessors: .ContinuousMerge2

===========================================================================================
----------------- testing Sun Jun 03 01:12:15 UTC 2018 /home/travis/build/icyphy/ptII/ptolemy/domains/continuous/test/auto/ContinuousMerge3.xml
----------------- Instantiating /home/travis/build/icyphy/ptII/ptolemy/domains/continuous/test/auto/ContinuousMerge3.xml
47 ms. Memory: 873472K Free: 748153K (86%)
----------------- Invoking toplevel() on ptolemy.moml.MoMLSimpleApplication@79660ae3
----------------- Done invoking toplevel() on ptolemy.moml.MoMLSimpleApplication@79660ae3
reloadAllAccessors: .ContinuousMerge3

===========================================================================================
----------------- testing Sun Jun 03 01:12:15 UTC 2018 /home/travis/build/icyphy/ptII/ptolemy/domains/continuous/test/auto/ContinuousWithinContinuous.xml
----------------- Instantiating /home/travis/build/icyphy/ptII/ptolemy/domains/continuous/test/auto/ContinuousWithinContinuous.xml
46 ms. Memory: 873472K Free: 730149K (84%)
----------------- Invoking toplevel() on ptolemy.moml.MoMLSimpleApplication@3d73f231
----------------- Done invoking toplevel() on ptolemy.moml.MoMLSimpleApplication@3d73f231
reloadAllAccessors: .ContinuousWithinContinuous

===========================================================================================
----------------- testing Sun Jun 03 01:12:15 UTC 2018 /home/travis/build/icyphy/ptII/ptolemy/domains/continuous/test/auto/ContinuousWithinContinuous2.xml
----------------- Instantiating /home/travis/build/icyphy/ptII/ptolemy/domains/continuous/test/auto/ContinuousWithinContinuous2.xml
76 ms. Memory: 873472K Free: 718361K (82%)
----------------- Invoking toplevel() on ptolemy.moml.MoMLSimpleApplication@46ee500c
----------------- Done invoking toplevel() on ptolemy.moml.MoMLSimpleApplication@46ee500c
reloadAllAccessors: .ContinuousWithinContinuous2

===========================================================================================
----------------- testing Sun Jun 03 01:12:16 UTC 2018 /home/travis/build/icyphy/ptII/ptolemy/domains/continuous/test/auto/ContinuousWithinContinuous3.xml
----------------- Instantiating /home/travis/build/icyphy/ptII/ptolemy/domains/continuous/test/auto/ContinuousWithinContinuous3.xml
17 ms. Memory: 873472K Free: 706556K (81%)
----------------- Invoking toplevel() on ptolemy.moml.MoMLSimpleApplication@3bf2b91a
----------------- Done invoking toplevel() on ptolemy.moml.MoMLSimpleApplication@3bf2b91a
reloadAllAccessors: .ContinuousWithinContinuous3

===========================================================================================
----------------- testing Sun Jun 03 01:12:16 UTC 2018 /home/travis/build/icyphy/ptII/ptolemy/domains/continuous/test/auto/ContinuousWithinContinuous4.xml
----------------- Instantiating /home/travis/build/icyphy/ptII/ptolemy/domains/continuous/test/auto/ContinuousWithinContinuous4.xml
76 ms. Memory: 873472K Free: 684615K (78%)
----------------- Invoking toplevel() on ptolemy.moml.MoMLSimpleApplication@46983624
----------------- Done invoking toplevel() on ptolemy.moml.MoMLSimpleApplication@46983624
reloadAllAccessors: .ContinuousWithinContinuous4

===========================================================================================
----------------- testing Sun Jun 03 01:12:16 UTC 2018 /home/travis/build/icyphy/ptII/ptolemy/domains/continuous/test/auto/ContinuousWithinContinuous5.xml
----------------- Instantiating /home/travis/build/icyphy/ptII/ptolemy/domains/continuous/test/auto/ContinuousWithinContinuous5.xml
14 ms. Memory: 873472K Free: 672826K (77%)
----------------- Invoking toplevel() on ptolemy.moml.MoMLSimpleApplication@539d95fe
----------------- Done invoking toplevel() on ptolemy.moml.MoMLSimpleApplication@539d95fe
reloadAllAccessors: .ContinuousWithinContinuous5

===========================================================================================
----------------- testing Sun Jun 03 01:12:16 UTC 2018 /home/travis/build/icyphy/ptII/ptolemy/domains/continuous/test/auto/ContinuousWithinContinuous6.xml
----------------- Instantiating /home/travis/build/icyphy/ptII/ptolemy/domains/continuous/test/auto/ContinuousWithinContinuous6.xml
17 ms. Memory: 873472K Free: 661029K (76%)
----------------- Invoking toplevel() on ptolemy.moml.MoMLSimpleApplication@aa8ea72
----------------- Done invoking toplevel() on ptolemy.moml.MoMLSimpleApplication@aa8ea72
reloadAllAccessors: .ContinuousWithinContinuous6

===========================================================================================
----------------- testing Sun Jun 03 01:12:16 UTC 2018 /home/travis/build/icyphy/ptII/ptolemy/domains/continuous/test/auto/ContinuousWithinContinuous7.xml
----------------- Instantiating /home/travis/build/icyphy/ptII/ptolemy/domains/continuous/test/auto/ContinuousWithinContinuous7.xml
63 ms. Memory: 873472K Free: 646963K (74%)
----------------- Invoking toplevel() on ptolemy.moml.MoMLSimpleApplication@427eb42
----------------- Done invoking toplevel() on ptolemy.moml.MoMLSimpleApplication@427eb42
reloadAllAccessors: .ContinuousWithinContinuous7

===========================================================================================
----------------- testing Sun Jun 03 01:12:16 UTC 2018 /home/travis/build/icyphy/ptII/ptolemy/domains/continuous/test/auto/DCMotor.xml
----------------- Instantiating /home/travis/build/icyphy/ptII/ptolemy/domains/continuous/test/auto/DCMotor.xml
14731 ms. Memory: 734720K Free: 80943K (11%)
----------------- Invoking toplevel() on ptolemy.moml.MoMLSimpleApplication@7df8ba73
----------------- Done invoking toplevel() on ptolemy.moml.MoMLSimpleApplication@7df8ba73
reloadAllAccessors: .DCMotor

===========================================================================================
----------------- testing Sun Jun 03 01:12:31 UTC 2018 /home/travis/build/icyphy/ptII/ptolemy/domains/continuous/test/auto/DEInContinuous.xml
----------------- Instantiating /home/travis/build/icyphy/ptII/ptolemy/domains/continuous/test/auto/DEInContinuous.xml
13 ms. Memory: 697344K Free: 674426K (97%)
----------------- Invoking toplevel() on ptolemy.moml.MoMLSimpleApplication@7c5c8f97
----------------- Done invoking toplevel() on ptolemy.moml.MoMLSimpleApplication@7c5c8f97
reloadAllAccessors: .DEInContinuous

===========================================================================================
----------------- testing Sun Jun 03 01:12:31 UTC 2018 /home/travis/build/icyphy/ptII/ptolemy/domains/continuous/test/auto/DEinContinuous2.xml
----------------- Instantiating /home/travis/build/icyphy/ptII/ptolemy/domains/continuous/test/auto/DEinContinuous2.xml
8 ms. Memory: 697344K Free: 654346K (94%)
----------------- Invoking toplevel() on ptolemy.moml.MoMLSimpleApplication@6460f90
----------------- Done invoking toplevel() on ptolemy.moml.MoMLSimpleApplication@6460f90
reloadAllAccessors: .DEinContinuous2

===========================================================================================
----------------- testing Sun Jun 03 01:12:31 UTC 2018 /home/travis/build/icyphy/ptII/ptolemy/domains/continuous/test/auto/Derivative.xml
----------------- Instantiating /home/travis/build/icyphy/ptII/ptolemy/domains/continuous/test/auto/Derivative.xml
159 ms. Memory: 697344K Free: 616527K (88%)
----------------- Invoking toplevel() on ptolemy.moml.MoMLSimpleApplication@5c6a686e
----------------- Done invoking toplevel() on ptolemy.moml.MoMLSimpleApplication@5c6a686e
reloadAllAccessors: .Derivative2

===========================================================================================
----------------- testing Sun Jun 03 01:12:31 UTC 2018 /home/travis/build/icyphy/ptII/ptolemy/domains/continuous/test/auto/Derivative1.xml
----------------- Instantiating /home/travis/build/icyphy/ptII/ptolemy/domains/continuous/test/auto/Derivative1.xml
25 ms. Memory: 697344K Free: 597240K (86%)
----------------- Invoking toplevel() on ptolemy.moml.MoMLSimpleApplication@4acc57be
----------------- Done invoking toplevel() on ptolemy.moml.MoMLSimpleApplication@4acc57be
reloadAllAccessors: .Derivative1

===========================================================================================
----------------- testing Sun Jun 03 01:12:31 UTC 2018 /home/travis/build/icyphy/ptII/ptolemy/domains/continuous/test/auto/DiscreteClock.xml
----------------- Instantiating /home/travis/build/icyphy/ptII/ptolemy/domains/continuous/test/auto/DiscreteClock.xml
5 ms. Memory: 697344K Free: 584129K (84%)
----------------- Invoking toplevel() on ptolemy.moml.MoMLSimpleApplication@39311b35
----------------- Done invoking toplevel() on ptolemy.moml.MoMLSimpleApplication@39311b35
reloadAllAccessors: .DiscreteClock

===========================================================================================
----------------- testing Sun Jun 03 01:12:31 UTC 2018 /home/travis/build/icyphy/ptII/ptolemy/domains/continuous/test/auto/EfficiencyCurve.xml
----------------- Instantiating /home/travis/build/icyphy/ptII/ptolemy/domains/continuous/test/auto/EfficiencyCurve.xml
58 ms. Memory: 697344K Free: 571017K (82%)
----------------- Invoking toplevel() on ptolemy.moml.MoMLSimpleApplication@27a56f9f
----------------- Done invoking toplevel() on ptolemy.moml.MoMLSimpleApplication@27a56f9f
reloadAllAccessors: .EfficiencyCurve

===========================================================================================
----------------- testing Sun Jun 03 01:12:31 UTC 2018 /home/travis/build/icyphy/ptII/ptolemy/domains/continuous/test/auto/ExponentialResponse.xml
----------------- Instantiating /home/travis/build/icyphy/ptII/ptolemy/domains/continuous/test/auto/ExponentialResponse.xml
104 ms. Memory: 697344K Free: 541583K (78%)
----------------- Invoking toplevel() on ptolemy.moml.MoMLSimpleApplication@6a170225
----------------- Done invoking toplevel() on ptolemy.moml.MoMLSimpleApplication@6a170225
reloadAllAccessors: .ExponentialResponse

===========================================================================================
----------------- testing Sun Jun 03 01:12:31 UTC 2018 /home/travis/build/icyphy/ptII/ptolemy/domains/continuous/test/auto/ExponentialResponseRK45.xml
----------------- Instantiating /home/travis/build/icyphy/ptII/ptolemy/domains/continuous/test/auto/ExponentialResponseRK45.xml
28 ms. Memory: 697344K Free: 528472K (76%)
----------------- Invoking toplevel() on ptolemy.moml.MoMLSimpleApplication@77d47632
----------------- Done invoking toplevel() on ptolemy.moml.MoMLSimpleApplication@77d47632
reloadAllAccessors: .ExponentialResponseRK45

===========================================================================================
----------------- testing Sun Jun 03 01:12:31 UTC 2018 /home/travis/build/icyphy/ptII/ptolemy/domains/continuous/test/auto/Friction.xml
----------------- Instantiating /home/travis/build/icyphy/ptII/ptolemy/domains/continuous/test/auto/Friction.xml
1359 ms. Memory: 697344K Free: 71348K (10%)
----------------- Invoking toplevel() on ptolemy.moml.MoMLSimpleApplication@78fcc3d5
----------------- Done invoking toplevel() on ptolemy.moml.MoMLSimpleApplication@78fcc3d5
reloadAllAccessors: .Friction

===========================================================================================
----------------- testing Sun Jun 03 01:12:33 UTC 2018 /home/travis/build/icyphy/ptII/ptolemy/domains/continuous/test/auto/FurutaPendulum.xml
----------------- Instantiating /home/travis/build/icyphy/ptII/ptolemy/domains/continuous/test/auto/FurutaPendulum.xml
3551 ms. Memory: 674816K Free: 150379K (22%)
----------------- Invoking toplevel() on ptolemy.moml.MoMLSimpleApplication@776272fc
----------------- Done invoking toplevel() on ptolemy.moml.MoMLSimpleApplication@776272fc
reloadAllAccessors: .FurutaPendulum

===========================================================================================
----------------- testing Sun Jun 03 01:12:37 UTC 2018 /home/travis/build/icyphy/ptII/ptolemy/domains/continuous/test/auto/HierarchicalExecution.xml
----------------- Instantiating /home/travis/build/icyphy/ptII/ptolemy/domains/continuous/test/auto/HierarchicalExecution.xml
1907 ms. Memory: 646656K Free: 382771K (59%)
----------------- Invoking toplevel() on ptolemy.moml.MoMLSimpleApplication@168b9a73
----------------- Done invoking toplevel() on ptolemy.moml.MoMLSimpleApplication@168b9a73
reloadAllAccessors: .HierarchicalExecution

===========================================================================================
----------------- testing Sun Jun 03 01:12:39 UTC 2018 /home/travis/build/icyphy/ptII/ptolemy/domains/continuous/test/auto/HybridPlant.xml
----------------- Instantiating /home/travis/build/icyphy/ptII/ptolemy/domains/continuous/test/auto/HybridPlant.xml
507 ms. Memory: 646656K Free: 105263K (16%)
----------------- Invoking toplevel() on ptolemy.moml.MoMLSimpleApplication@335abb00
----------------- Done invoking toplevel() on ptolemy.moml.MoMLSimpleApplication@335abb00
reloadAllAccessors: .HybridPlant

===========================================================================================
----------------- testing Sun Jun 03 01:12:39 UTC 2018 /home/travis/build/icyphy/ptII/ptolemy/domains/continuous/test/auto/Hysteresis.xml
----------------- Instantiating /home/travis/build/icyphy/ptII/ptolemy/domains/continuous/test/auto/Hysteresis.xml
175 ms. Memory: 617472K Free: 561378K (91%)
----------------- Invoking toplevel() on ptolemy.moml.MoMLSimpleApplication@4a204361
----------------- Done invoking toplevel() on ptolemy.moml.MoMLSimpleApplication@4a204361
reloadAllAccessors: .Hysteresis

===========================================================================================
----------------- testing Sun Jun 03 01:12:40 UTC 2018 /home/travis/build/icyphy/ptII/ptolemy/domains/continuous/test/auto/HysteresisWithRandomDelay.xml
----------------- Instantiating /home/travis/build/icyphy/ptII/ptolemy/domains/continuous/test/auto/HysteresisWithRandomDelay.xml
161 ms. Memory: 617472K Free: 480176K (78%)
----------------- Invoking toplevel() on ptolemy.moml.MoMLSimpleApplication@1e2ffdfe
----------------- Done invoking toplevel() on ptolemy.moml.MoMLSimpleApplication@1e2ffdfe
reloadAllAccessors: .HysteresisWithRandomDelay

===========================================================================================
----------------- testing Sun Jun 03 01:12:40 UTC 2018 /home/travis/build/icyphy/ptII/ptolemy/domains/continuous/test/auto/HysteresisWithRandomLosses.xml
----------------- Instantiating /home/travis/build/icyphy/ptII/ptolemy/domains/continuous/test/auto/HysteresisWithRandomLosses.xml
2341 ms. Memory: 591872K Free: 197811K (33%)
----------------- Invoking toplevel() on ptolemy.moml.MoMLSimpleApplication@61ee75fb
----------------- Done invoking toplevel() on ptolemy.moml.MoMLSimpleApplication@61ee75fb
reloadAllAccessors: .HysteresisWithRandomLosses

===========================================================================================
----------------- testing Sun Jun 03 01:12:42 UTC 2018 /home/travis/build/icyphy/ptII/ptolemy/domains/continuous/test/auto/ImmediateTransitions.xml
----------------- Instantiating /home/travis/build/icyphy/ptII/ptolemy/domains/continuous/test/auto/ImmediateTransitions.xml
17 ms. Memory: 591872K Free: 182276K (31%)
----------------- Invoking toplevel() on ptolemy.moml.MoMLSimpleApplication@2756189c
----------------- Done invoking toplevel() on ptolemy.moml.MoMLSimpleApplication@2756189c
reloadAllAccessors: .ImmediateTransitions

===========================================================================================
----------------- testing Sun Jun 03 01:12:42 UTC 2018 /home/travis/build/icyphy/ptII/ptolemy/domains/continuous/test/auto/ImpulseFeedback.xml
----------------- Instantiating /home/travis/build/icyphy/ptII/ptolemy/domains/continuous/test/auto/ImpulseFeedback.xml
7 ms. Memory: 591872K Free: 173744K (29%)
----------------- Invoking toplevel() on ptolemy.moml.MoMLSimpleApplication@4f71bdc
----------------- Done invoking toplevel() on ptolemy.moml.MoMLSimpleApplication@4f71bdc
reloadAllAccessors: .ImpulseFeedback

===========================================================================================
----------------- testing Sun Jun 03 01:12:42 UTC 2018 /home/travis/build/icyphy/ptII/ptolemy/domains/continuous/test/auto/ImpulseFeedback2.xml
----------------- Instantiating /home/travis/build/icyphy/ptII/ptolemy/domains/continuous/test/auto/ImpulseFeedback2.xml
6 ms. Memory: 591872K Free: 165354K (28%)
----------------- Invoking toplevel() on ptolemy.moml.MoMLSimpleApplication@5c3be369
----------------- Done invoking toplevel() on ptolemy.moml.MoMLSimpleApplication@5c3be369
reloadAllAccessors: .ImpulseFeedback2

===========================================================================================
----------------- testing Sun Jun 03 01:12:42 UTC 2018 /home/travis/build/icyphy/ptII/ptolemy/domains/continuous/test/auto/IncreasingRatePoisson.xml
----------------- Instantiating /home/travis/build/icyphy/ptII/ptolemy/domains/continuous/test/auto/IncreasingRatePoisson.xml
738 ms. Memory: 565760K Free: 323758K (57%)
----------------- Invoking toplevel() on ptolemy.moml.MoMLSimpleApplication@7f191a2b
----------------- Done invoking toplevel() on ptolemy.moml.MoMLSimpleApplication@7f191a2b
reloadAllAccessors: .IncreasingRatePoisson

===========================================================================================
----------------- testing Sun Jun 03 01:12:43 UTC 2018 /home/travis/build/icyphy/ptII/ptolemy/domains/continuous/test/auto/InitialStateFeedback.xml
----------------- Instantiating /home/travis/build/icyphy/ptII/ptolemy/domains/continuous/test/auto/InitialStateFeedback.xml
3 ms. Memory: 565760K Free: 314261K (56%)
----------------- Invoking toplevel() on ptolemy.moml.MoMLSimpleApplication@bd490c4
----------------- Done invoking toplevel() on ptolemy.moml.MoMLSimpleApplication@bd490c4
reloadAllAccessors: .InitialStateFeedback

===========================================================================================
----------------- testing Sun Jun 03 01:12:43 UTC 2018 /home/travis/build/icyphy/ptII/ptolemy/domains/continuous/test/auto/Integration.xml
----------------- Instantiating /home/travis/build/icyphy/ptII/ptolemy/domains/continuous/test/auto/Integration.xml
1 ms. Memory: 565760K Free: 306163K (54%)
----------------- Invoking toplevel() on ptolemy.moml.MoMLSimpleApplication@fb5af43
----------------- Done invoking toplevel() on ptolemy.moml.MoMLSimpleApplication@fb5af43
reloadAllAccessors: .Integration

===========================================================================================
----------------- testing Sun Jun 03 01:12:43 UTC 2018 /home/travis/build/icyphy/ptII/ptolemy/domains/continuous/test/auto/Integration2.xml
----------------- Instantiating /home/travis/build/icyphy/ptII/ptolemy/domains/continuous/test/auto/Integration2.xml
96 ms. Memory: 565760K Free: 288378K (51%)
----------------- Invoking toplevel() on ptolemy.moml.MoMLSimpleApplication@43fee9c1
----------------- Done invoking toplevel() on ptolemy.moml.MoMLSimpleApplication@43fee9c1
reloadAllAccessors: .Integration2

===========================================================================================
----------------- testing Sun Jun 03 01:12:43 UTC 2018 /home/travis/build/icyphy/ptII/ptolemy/domains/continuous/test/auto/Integration3.xml
----------------- Instantiating /home/travis/build/icyphy/ptII/ptolemy/domains/continuous/test/auto/Integration3.xml
6 ms. Memory: 565760K Free: 280164K (50%)
----------------- Invoking toplevel() on ptolemy.moml.MoMLSimpleApplication@7908873d
----------------- Done invoking toplevel() on ptolemy.moml.MoMLSimpleApplication@7908873d
reloadAllAccessors: .Integration3

===========================================================================================
----------------- testing Sun Jun 03 01:12:43 UTC 2018 /home/travis/build/icyphy/ptII/ptolemy/domains/continuous/test/auto/Integration5.xml
----------------- Instantiating /home/travis/build/icyphy/ptII/ptolemy/domains/continuous/test/auto/Integration5.xml
2 ms. Memory: 565760K Free: 272083K (48%)
----------------- Invoking toplevel() on ptolemy.moml.MoMLSimpleApplication@d964d6f
----------------- Done invoking toplevel() on ptolemy.moml.MoMLSimpleApplication@d964d6f
reloadAllAccessors: .Integration5

===========================================================================================
----------------- testing Sun Jun 03 01:12:43 UTC 2018 /home/travis/build/icyphy/ptII/ptolemy/domains/continuous/test/auto/IntegratorImpulse.xml
----------------- Instantiating /home/travis/build/icyphy/ptII/ptolemy/domains/continuous/test/auto/IntegratorImpulse.xml
2 ms. Memory: 565760K Free: 263994K (47%)
----------------- Invoking toplevel() on ptolemy.moml.MoMLSimpleApplication@5bd8d8a0
----------------- Done invoking toplevel() on ptolemy.moml.MoMLSimpleApplication@5bd8d8a0
reloadAllAccessors: .IntegratorImpulse

===========================================================================================
----------------- testing Sun Jun 03 01:12:43 UTC 2018 /home/travis/build/icyphy/ptII/ptolemy/domains/continuous/test/auto/IntegratorImpulse2.xml
----------------- Instantiating /home/travis/build/icyphy/ptII/ptolemy/domains/continuous/test/auto/IntegratorImpulse2.xml
4 ms. Memory: 565760K Free: 255780K (45%)
----------------- Invoking toplevel() on ptolemy.moml.MoMLSimpleApplication@eb0d7b8
----------------- Done invoking toplevel() on ptolemy.moml.MoMLSimpleApplication@eb0d7b8
reloadAllAccessors: .IntegratorImpulse2

===========================================================================================
----------------- testing Sun Jun 03 01:12:43 UTC 2018 /home/travis/build/icyphy/ptII/ptolemy/domains/continuous/test/auto/LevelCrossing1.xml
----------------- Instantiating /home/travis/build/icyphy/ptII/ptolemy/domains/continuous/test/auto/LevelCrossing1.xml
2 ms. Memory: 565760K Free: 247678K (44%)
----------------- Invoking toplevel() on ptolemy.moml.MoMLSimpleApplication@2a377775
----------------- Done invoking toplevel() on ptolemy.moml.MoMLSimpleApplication@2a377775
reloadAllAccessors: .LevelCrossing1

===========================================================================================
----------------- testing Sun Jun 03 01:12:43 UTC 2018 /home/travis/build/icyphy/ptII/ptolemy/domains/continuous/test/auto/LevelCrossing2.xml
----------------- Instantiating /home/travis/build/icyphy/ptII/ptolemy/domains/continuous/test/auto/LevelCrossing2.xml
3 ms. Memory: 565760K Free: 239581K (42%)
----------------- Invoking toplevel() on ptolemy.moml.MoMLSimpleApplication@3e11106e
----------------- Done invoking toplevel() on ptolemy.moml.MoMLSimpleApplication@3e11106e
reloadAllAccessors: .LevelCrossing2

===========================================================================================
----------------- testing Sun Jun 03 01:12:43 UTC 2018 /home/travis/build/icyphy/ptII/ptolemy/domains/continuous/test/auto/LevelCrossing3.xml
----------------- Instantiating /home/travis/build/icyphy/ptII/ptolemy/domains/continuous/test/auto/LevelCrossing3.xml
3 ms. Memory: 565760K Free: 231366K (41%)
----------------- Invoking toplevel() on ptolemy.moml.MoMLSimpleApplication@64700e3d
----------------- Done invoking toplevel() on ptolemy.moml.MoMLSimpleApplication@64700e3d
reloadAllAccessors: .LevelCrossing3

===========================================================================================
----------------- testing Sun Jun 03 01:12:43 UTC 2018 /home/travis/build/icyphy/ptII/ptolemy/domains/continuous/test/auto/LevelCrossing4.xml
----------------- Instantiating /home/travis/build/icyphy/ptII/ptolemy/domains/continuous/test/auto/LevelCrossing4.xml
3 ms. Memory: 565760K Free: 223269K (39%)
----------------- Invoking toplevel() on ptolemy.moml.MoMLSimpleApplication@3235f7bd
----------------- Done invoking toplevel() on ptolemy.moml.MoMLSimpleApplication@3235f7bd
reloadAllAccessors: .LevelCrossing4

===========================================================================================
----------------- testing Sun Jun 03 01:12:43 UTC 2018 /home/travis/build/icyphy/ptII/ptolemy/domains/continuous/test/auto/LevelCrossing5.xml
----------------- Instantiating /home/travis/build/icyphy/ptII/ptolemy/domains/continuous/test/auto/LevelCrossing5.xml
3 ms. Memory: 565760K Free: 215164K (38%)
----------------- Invoking toplevel() on ptolemy.moml.MoMLSimpleApplication@692f3398
----------------- Done invoking toplevel() on ptolemy.moml.MoMLSimpleApplication@692f3398
reloadAllAccessors: .LevelCrossing5

===========================================================================================
----------------- testing Sun Jun 03 01:12:44 UTC 2018 /home/travis/build/icyphy/ptII/ptolemy/domains/continuous/test/auto/LevelCrossing6.xml
----------------- Instantiating /home/travis/build/icyphy/ptII/ptolemy/domains/continuous/test/auto/LevelCrossing6.xml
[...]
----------------- Instantiating /home/travis/build/icyphy/ptII/ptolemy/domains/continuous/test/auto/ResetTransitionWithStartTime6.xml
8 ms. Memory: 371712K Free: 107240K (29%)
----------------- Invoking toplevel() on ptolemy.moml.MoMLSimpleApplication@270508ad
----------------- Done invoking toplevel() on ptolemy.moml.MoMLSimpleApplication@270508ad
reloadAllAccessors: .ResetTransitionWithStartTime6

===========================================================================================
----------------- testing Sun Jun 03 01:13:01 UTC 2018 /home/travis/build/icyphy/ptII/ptolemy/domains/continuous/test/auto/SRinContinuous.xml
----------------- Instantiating /home/travis/build/icyphy/ptII/ptolemy/domains/continuous/test/auto/SRinContinuous.xml
4 ms. Memory: 371712K Free: 96658K (26%)
----------------- Invoking toplevel() on ptolemy.moml.MoMLSimpleApplication@2ed30729
----------------- Done invoking toplevel() on ptolemy.moml.MoMLSimpleApplication@2ed30729
reloadAllAccessors: .SRinContinuous

===========================================================================================
----------------- testing Sun Jun 03 01:13:01 UTC 2018 /home/travis/build/icyphy/ptII/ptolemy/domains/continuous/test/auto/SampledClocks.xml
----------------- Instantiating /home/travis/build/icyphy/ptII/ptolemy/domains/continuous/test/auto/SampledClocks.xml
5 ms. Memory: 371712K Free: 80248K (22%)
----------------- Invoking toplevel() on ptolemy.moml.MoMLSimpleApplication@c92653b
----------------- Done invoking toplevel() on ptolemy.moml.MoMLSimpleApplication@c92653b
reloadAllAccessors: .SampledClocks

===========================================================================================
----------------- testing Sun Jun 03 01:13:01 UTC 2018 /home/travis/build/icyphy/ptII/ptolemy/domains/continuous/test/auto/Satellite.xml
----------------- Instantiating /home/travis/build/icyphy/ptII/ptolemy/domains/continuous/test/auto/Satellite.xml
932 ms. Memory: 364544K Free: 181836K (50%)
----------------- Invoking toplevel() on ptolemy.moml.MoMLSimpleApplication@196ed3de
----------------- Done invoking toplevel() on ptolemy.moml.MoMLSimpleApplication@196ed3de
reloadAllAccessors: .Satellite

===========================================================================================
----------------- testing Sun Jun 03 01:13:02 UTC 2018 /home/travis/build/icyphy/ptII/ptolemy/domains/continuous/test/auto/SigmaDelta.xml
----------------- Instantiating /home/travis/build/icyphy/ptII/ptolemy/domains/continuous/test/auto/SigmaDelta.xml
2211 ms. Memory: 351744K Free: 62269K (18%)
----------------- Invoking toplevel() on ptolemy.moml.MoMLSimpleApplication@5c446d9d
----------------- Done invoking toplevel() on ptolemy.moml.MoMLSimpleApplication@5c446d9d
reloadAllAccessors: .SigmaDelta

===========================================================================================
----------------- testing Sun Jun 03 01:13:05 UTC 2018 /home/travis/build/icyphy/ptII/ptolemy/domains/continuous/test/auto/SinuBouncingBall.xml
----------------- Instantiating /home/travis/build/icyphy/ptII/ptolemy/domains/continuous/test/auto/SinuBouncingBall.xml
649 ms. Memory: 335360K Free: 85362K (25%)
----------------- Invoking toplevel() on ptolemy.moml.MoMLSimpleApplication@35be13ce
----------------- Done invoking toplevel() on ptolemy.moml.MoMLSimpleApplication@35be13ce
reloadAllAccessors: .SinuBouncingBall

===========================================================================================
----------------- testing Sun Jun 03 01:13:05 UTC 2018 /home/travis/build/icyphy/ptII/ptolemy/domains/continuous/test/auto/Sinusoid.xml
----------------- Instantiating /home/travis/build/icyphy/ptII/ptolemy/domains/continuous/test/auto/Sinusoid.xml
5 ms. Memory: 335360K Free: 79349K (24%)
----------------- Invoking toplevel() on ptolemy.moml.MoMLSimpleApplication@3ef9a261
----------------- Done invoking toplevel() on ptolemy.moml.MoMLSimpleApplication@3ef9a261
reloadAllAccessors: .Sinusoid

===========================================================================================
----------------- testing Sun Jun 03 01:13:05 UTC 2018 /home/travis/build/icyphy/ptII/ptolemy/domains/continuous/test/auto/SinusoidInNoise.xml
----------------- Instantiating /home/travis/build/icyphy/ptII/ptolemy/domains/continuous/test/auto/SinusoidInNoise.xml
926 ms. Memory: 325120K Free: 118372K (36%)
----------------- Invoking toplevel() on ptolemy.moml.MoMLSimpleApplication@4ba8a03
----------------- Done invoking toplevel() on ptolemy.moml.MoMLSimpleApplication@4ba8a03
reloadAllAccessors: .SinusoidInNoise

===========================================================================================
----------------- testing Sun Jun 03 01:13:06 UTC 2018 /home/travis/build/icyphy/ptII/ptolemy/domains/continuous/test/auto/SinusoidRK45.xml
----------------- Instantiating /home/travis/build/icyphy/ptII/ptolemy/domains/continuous/test/auto/SinusoidRK45.xml
1 ms. Memory: 325120K Free: 111676K (34%)
----------------- Invoking toplevel() on ptolemy.moml.MoMLSimpleApplication@2bb3a732
----------------- Done invoking toplevel() on ptolemy.moml.MoMLSimpleApplication@2bb3a732
reloadAllAccessors: .SinusoidRK45

===========================================================================================
----------------- testing Sun Jun 03 01:13:06 UTC 2018 /home/travis/build/icyphy/ptII/ptolemy/domains/continuous/test/auto/SinusoidWithMultipleImpulses.xml
----------------- Instantiating /home/travis/build/icyphy/ptII/ptolemy/domains/continuous/test/auto/SinusoidWithMultipleImpulses.xml
2 ms. Memory: 325120K Free: 105901K (33%)
----------------- Invoking toplevel() on ptolemy.moml.MoMLSimpleApplication@53769cd1
----------------- Done invoking toplevel() on ptolemy.moml.MoMLSimpleApplication@53769cd1
reloadAllAccessors: .SinusoidWithMultipleImpulses

===========================================================================================
----------------- testing Sun Jun 03 01:13:06 UTC 2018 /home/travis/build/icyphy/ptII/ptolemy/domains/continuous/test/auto/SquareWave.xml
----------------- Instantiating /home/travis/build/icyphy/ptII/ptolemy/domains/continuous/test/auto/SquareWave.xml
157 ms. Memory: 325120K Free: 72679K (22%)
----------------- Invoking toplevel() on ptolemy.moml.MoMLSimpleApplication@2dad7514
----------------- Done invoking toplevel() on ptolemy.moml.MoMLSimpleApplication@2dad7514
reloadAllAccessors: .SquareWave

===========================================================================================
----------------- testing Sun Jun 03 01:13:07 UTC 2018 /home/travis/build/icyphy/ptII/ptolemy/domains/continuous/test/auto/Starmac.xml
----------------- Instantiating /home/travis/build/icyphy/ptII/ptolemy/domains/continuous/test/auto/Starmac.xml
3046 ms. Memory: 372224K Free: 287013K (77%)
----------------- Invoking toplevel() on ptolemy.moml.MoMLSimpleApplication@5ceabe27
----------------- Done invoking toplevel() on ptolemy.moml.MoMLSimpleApplication@5ceabe27
reloadAllAccessors: .Starmac

===========================================================================================
----------------- testing Sun Jun 03 01:13:10 UTC 2018 /home/travis/build/icyphy/ptII/ptolemy/domains/continuous/test/auto/StaticUnits.xml
----------------- Instantiating /home/travis/build/icyphy/ptII/ptolemy/domains/continuous/test/auto/StaticUnits.xml
2124 ms. Memory: 361984K Free: 93223K (26%)
----------------- Invoking toplevel() on ptolemy.moml.MoMLSimpleApplication@52005daa
----------------- Done invoking toplevel() on ptolemy.moml.MoMLSimpleApplication@52005daa
reloadAllAccessors: .StaticUnits

===========================================================================================
----------------- testing Sun Jun 03 01:13:13 UTC 2018 /home/travis/build/icyphy/ptII/ptolemy/domains/continuous/test/auto/StickyMasses.xml
----------------- Instantiating /home/travis/build/icyphy/ptII/ptolemy/domains/continuous/test/auto/StickyMasses.xml
133 ms. Memory: 361984K Free: 35271K (10%)
----------------- Invoking toplevel() on ptolemy.moml.MoMLSimpleApplication@3e91199a
----------------- Done invoking toplevel() on ptolemy.moml.MoMLSimpleApplication@3e91199a
reloadAllAccessors: .StickyMasses

===========================================================================================
----------------- testing Sun Jun 03 01:13:13 UTC 2018 /home/travis/build/icyphy/ptII/ptolemy/domains/continuous/test/auto/StopTime.xml
----------------- Instantiating /home/travis/build/icyphy/ptII/ptolemy/domains/continuous/test/auto/StopTime.xml
55 ms. Memory: 345088K Free: 266002K (77%)
----------------- Invoking toplevel() on ptolemy.moml.MoMLSimpleApplication@504effa6
----------------- Done invoking toplevel() on ptolemy.moml.MoMLSimpleApplication@504effa6
reloadAllAccessors: .StopTime

===========================================================================================
----------------- testing Sun Jun 03 01:13:13 UTC 2018 /home/travis/build/icyphy/ptII/ptolemy/domains/continuous/test/auto/StopTime2.xml
----------------- Instantiating /home/travis/build/icyphy/ptII/ptolemy/domains/continuous/test/auto/StopTime2.xml
39 ms. Memory: 345088K Free: 239381K (69%)
----------------- Invoking toplevel() on ptolemy.moml.MoMLSimpleApplication@173e1ec8
----------------- Done invoking toplevel() on ptolemy.moml.MoMLSimpleApplication@173e1ec8
reloadAllAccessors: .StopTime2

===========================================================================================
----------------- testing Sun Jun 03 01:13:13 UTC 2018 /home/travis/build/icyphy/ptII/ptolemy/domains/continuous/test/auto/Switch.xml
----------------- Instantiating /home/travis/build/icyphy/ptII/ptolemy/domains/continuous/test/auto/Switch.xml
50 ms. Memory: 345088K Free: 211993K (61%)
----------------- Invoking toplevel() on ptolemy.moml.MoMLSimpleApplication@5cbcd7c0
----------------- Done invoking toplevel() on ptolemy.moml.MoMLSimpleApplication@5cbcd7c0
reloadAllAccessors: .Switch

===========================================================================================
----------------- testing Sun Jun 03 01:13:13 UTC 2018 /home/travis/build/icyphy/ptII/ptolemy/domains/continuous/test/auto/Thermostat.xml
----------------- Instantiating /home/travis/build/icyphy/ptII/ptolemy/domains/continuous/test/auto/Thermostat.xml
179 ms. Memory: 345088K Free: 136853K (40%)
----------------- Invoking toplevel() on ptolemy.moml.MoMLSimpleApplication@2a48058f
----------------- Done invoking toplevel() on ptolemy.moml.MoMLSimpleApplication@2a48058f
reloadAllAccessors: .Thermostat

===========================================================================================
----------------- testing Sun Jun 03 01:13:13 UTC 2018 /home/travis/build/icyphy/ptII/ptolemy/domains/continuous/test/auto/TimeDelay.xml
----------------- Instantiating /home/travis/build/icyphy/ptII/ptolemy/domains/continuous/test/auto/TimeDelay.xml
6 ms. Memory: 345088K Free: 130647K (38%)
----------------- Invoking toplevel() on ptolemy.moml.MoMLSimpleApplication@4d6aba3e
----------------- Done invoking toplevel() on ptolemy.moml.MoMLSimpleApplication@4d6aba3e
reloadAllAccessors: .TimeDelay

===========================================================================================
----------------- testing Sun Jun 03 01:13:13 UTC 2018 /home/travis/build/icyphy/ptII/ptolemy/domains/continuous/test/auto/TimeDelay2.xml
----------------- Instantiating /home/travis/build/icyphy/ptII/ptolemy/domains/continuous/test/auto/TimeDelay2.xml
11 ms. Memory: 345088K Free: 120902K (35%)
----------------- Invoking toplevel() on ptolemy.moml.MoMLSimpleApplication@307fddf1
----------------- Done invoking toplevel() on ptolemy.moml.MoMLSimpleApplication@307fddf1
reloadAllAccessors: .TimeDelay2

===========================================================================================
----------------- testing Sun Jun 03 01:13:13 UTC 2018 /home/travis/build/icyphy/ptII/ptolemy/domains/continuous/test/auto/TimeDelay3.xml
----------------- Instantiating /home/travis/build/icyphy/ptII/ptolemy/domains/continuous/test/auto/TimeDelay3.xml
8 ms. Memory: 345088K Free: 114655K (33%)
----------------- Invoking toplevel() on ptolemy.moml.MoMLSimpleApplication@73a12f0
----------------- Done invoking toplevel() on ptolemy.moml.MoMLSimpleApplication@73a12f0
reloadAllAccessors: .TimeDelay3

===========================================================================================
----------------- testing Sun Jun 03 01:13:13 UTC 2018 /home/travis/build/icyphy/ptII/ptolemy/domains/continuous/test/auto/TransferAbsentToInside.xml
----------------- Instantiating /home/travis/build/icyphy/ptII/ptolemy/domains/continuous/test/auto/TransferAbsentToInside.xml
24 ms. Memory: 345088K Free: 55448K (16%)
----------------- Invoking toplevel() on ptolemy.moml.MoMLSimpleApplication@7cc6db3
----------------- Done invoking toplevel() on ptolemy.moml.MoMLSimpleApplication@7cc6db3
reloadAllAccessors: .TransferAbsentToInside

===========================================================================================
----------------- testing Sun Jun 03 01:13:13 UTC 2018 /home/travis/build/icyphy/ptII/ptolemy/domains/continuous/test/auto/Transmission.xml
----------------- Instantiating /home/travis/build/icyphy/ptII/ptolemy/domains/continuous/test/auto/Transmission.xml
739 ms. Memory: 339968K Free: 75017K (22%)
----------------- Invoking toplevel() on ptolemy.moml.MoMLSimpleApplication@5b1f4abb
----------------- Done invoking toplevel() on ptolemy.moml.MoMLSimpleApplication@5b1f4abb
reloadAllAccessors: .Transmission

===========================================================================================
----------------- testing Sun Jun 03 01:13:14 UTC 2018 /home/travis/build/icyphy/ptII/ptolemy/domains/continuous/test/auto/TriggeredContinuousClock.xml
----------------- Instantiating /home/travis/build/icyphy/ptII/ptolemy/domains/continuous/test/auto/TriggeredContinuousClock.xml
32 ms. Memory: 339968K Free: 41005K (12%)
----------------- Invoking toplevel() on ptolemy.moml.MoMLSimpleApplication@631caa51
----------------- Done invoking toplevel() on ptolemy.moml.MoMLSimpleApplication@631caa51
reloadAllAccessors: .TriggeredContinuousClock

===========================================================================================
----------------- testing Sun Jun 03 01:13:14 UTC 2018 /home/travis/build/icyphy/ptII/ptolemy/domains/continuous/test/auto/TwoMachineInfiniteBusControl.xml
----------------- Instantiating /home/travis/build/icyphy/ptII/ptolemy/domains/continuous/test/auto/TwoMachineInfiniteBusControl.xml
2894 ms. Memory: 302592K Free: 168997K (56%)
----------------- Invoking toplevel() on ptolemy.moml.MoMLSimpleApplication@5fd33b8
----------------- Done invoking toplevel() on ptolemy.moml.MoMLSimpleApplication@5fd33b8
reloadAllAccessors: .TwoMachineInfiniteBusControl

===========================================================================================
----------------- testing Sun Jun 03 01:13:17 UTC 2018 /home/travis/build/icyphy/ptII/ptolemy/domains/continuous/test/auto/V2V.xml
----------------- Instantiating /home/travis/build/icyphy/ptII/ptolemy/domains/continuous/test/auto/V2V.xml
631 ms. Memory: 299008K Free: 190673K (64%)
----------------- Invoking toplevel() on ptolemy.moml.MoMLSimpleApplication@5a4179a7
----------------- Done invoking toplevel() on ptolemy.moml.MoMLSimpleApplication@5a4179a7
reloadAllAccessors: .V2V

===========================================================================================
----------------- testing Sun Jun 03 01:13:18 UTC 2018 /home/travis/build/icyphy/ptII/ptolemy/domains/continuous/test/auto/hierarchicalModalModel.xml
----------------- Instantiating /home/travis/build/icyphy/ptII/ptolemy/domains/continuous/test/auto/hierarchicalModalModel.xml
10 ms. Memory: 299008K Free: 171691K (57%)
----------------- Invoking toplevel() on ptolemy.moml.MoMLSimpleApplication@63d08ca3
----------------- Done invoking toplevel() on ptolemy.moml.MoMLSimpleApplication@63d08ca3
reloadAllAccessors: .hierarchicalModalModel

===========================================================================================
----------------- testing Sun Jun 03 01:13:18 UTC 2018 /home/travis/build/icyphy/ptII/ptolemy/domains/continuous/test/auto/hierarchicalModalModel1.xml
----------------- Instantiating /home/travis/build/icyphy/ptII/ptolemy/domains/continuous/test/auto/hierarchicalModalModel1.xml
9 ms. Memory: 299008K Free: 153687K (51%)
----------------- Invoking toplevel() on ptolemy.moml.MoMLSimpleApplication@4c84e4fb
----------------- Done invoking toplevel() on ptolemy.moml.MoMLSimpleApplication@4c84e4fb
reloadAllAccessors: .hierarchicalModalModel1

===========================================================================================
----------------- testing Sun Jun 03 01:13:18 UTC 2018 /home/travis/build/icyphy/ptII/ptolemy/domains/continuous/test/auto/hierarchicalModalModel2.xml
----------------- Instantiating /home/travis/build/icyphy/ptII/ptolemy/domains/continuous/test/auto/hierarchicalModalModel2.xml
6 ms. Memory: 299008K Free: 138508K (46%)
----------------- Invoking toplevel() on ptolemy.moml.MoMLSimpleApplication@49f424e5
----------------- Done invoking toplevel() on ptolemy.moml.MoMLSimpleApplication@49f424e5
reloadAllAccessors: .hierarchicalModalModel2

===========================================================================================
----------------- testing Sun Jun 03 01:13:18 UTC 2018 /home/travis/build/icyphy/ptII/ptolemy/domains/continuous/test/auto/hierarchicalModalModel3.xml
----------------- Instantiating /home/travis/build/icyphy/ptII/ptolemy/domains/continuous/test/auto/hierarchicalModalModel3.xml
5 ms. Memory: 299008K Free: 124806K (42%)
----------------- Invoking toplevel() on ptolemy.moml.MoMLSimpleApplication@6a04081c
----------------- Done invoking toplevel() on ptolemy.moml.MoMLSimpleApplication@6a04081c
reloadAllAccessors: .hierarchicalModalModel3

===========================================================================================
----------------- testing Sun Jun 03 01:13:18 UTC 2018 /home/travis/build/icyphy/ptII/ptolemy/domains/continuous/test/auto/hierarchicalModalModel4.xml
----------------- Instantiating /home/travis/build/icyphy/ptII/ptolemy/domains/continuous/test/auto/hierarchicalModalModel4.xml
10 ms. Memory: 299008K Free: 109577K (37%)
----------------- Invoking toplevel() on ptolemy.moml.MoMLSimpleApplication@1a0eb6a1
----------------- Done invoking toplevel() on ptolemy.moml.MoMLSimpleApplication@1a0eb6a1
reloadAllAccessors: .hierarchicalModalModel4

===========================================================================================
----------------- testing Sun Jun 03 01:13:18 UTC 2018 /home/travis/build/icyphy/ptII/ptolemy/domains/continuous/test/auto/junk.xml
----------------- Instantiating /home/travis/build/icyphy/ptII/ptolemy/domains/continuous/test/auto/junk.xml
138 ms. Memory: 299008K Free: 76083K (25%)
----------------- Invoking toplevel() on ptolemy.moml.MoMLSimpleApplication@62007e8c
----------------- Done invoking toplevel() on ptolemy.moml.MoMLSimpleApplication@62007e8c
reloadAllAccessors: .junk
AutoTests.java: About to close Vertx.
AutoTests.java: Vertx closed.
]]></system-out>
  <system-err><![CDATA[Warning: '.HysteresisWithRandomDelay.NonStrictTest' The test produced only 221 tokens, yet the correctValues parameter was expecting 222 tokens.
Warning: '.HysteresisWithRandomDelay.NonStrictTest2' The test produced only 220 tokens, yet the correctValues parameter was expecting 221 tokens.
Warning: '.HysteresisWithRandomDelay.NonStrictTest3' The test produced only 27 tokens, yet the correctValues parameter was expecting 30 tokens.
Warning: '.Poisson.NonStrictTest' The test produced only 366 tokens, yet the correctValues parameter was expecting 430 tokens.
]]></system-err>
</testsuite>
