<?xml version="1.0" encoding="UTF-8" ?>
<testsuite errors="0" failures="0" hostname="travis-job-8fc01431-2a64-4327-8b89-0ec4d62044f8" name="ptolemy.domains.hdf.kernel.test.junit.JUnitTclTest" skipped="0" tests="39" time="6.59" timestamp="2019-07-20T15:43:30">
  <properties>
[...]
</properties>
  <testcase classname="ptolemy.util.test.junit.TclTests" name="[0] /home/travis/build/icyphy/ptII/ptolemy/domains/hdf/kernel/test/RateErrorChecking.tcl (RunTclFile)" time="0.206" />
  <testcase classname="ptolemy.util.test.junit.AutoKnownFailedTests" name="[0] /home/travis/build/icyphy/ptII/ptolemy/domains/hdf/kernel/test/auto/knownFailedTests/badFSMRateChanges.xml (RunModel)" time="0.744" />
  <testcase classname="ptolemy.util.test.junit.AutoNameArchTests" name="[0] ThereAreNoAutoArchTests (RunModel)" time="0.011" />
  <testcase classname="ptolemy.util.test.junit.AutoTests" name="[0] /home/travis/build/icyphy/ptII/ptolemy/domains/hdf/kernel/test/auto/ConstVariableRateTest.xml (RunModel)" time="0.291" />
  <testcase classname="ptolemy.util.test.junit.AutoTests" name="[1] /home/travis/build/icyphy/ptII/ptolemy/domains/hdf/kernel/test/auto/DifferentRefinedRates.xml (RunModel)" time="0.23" />
  <testcase classname="ptolemy.util.test.junit.AutoTests" name="[2] /home/travis/build/icyphy/ptII/ptolemy/domains/hdf/kernel/test/auto/DifferentRefinedRates2.xml (RunModel)" time="0.143" />
  <testcase classname="ptolemy.util.test.junit.AutoTests" name="[3] /home/travis/build/icyphy/ptII/ptolemy/domains/hdf/kernel/test/auto/DifferentRefinedRates3.xml (RunModel)" time="0.163" />
  <testcase classname="ptolemy.util.test.junit.AutoTests" name="[4] /home/travis/build/icyphy/ptII/ptolemy/domains/hdf/kernel/test/auto/DifferentRefinedRates4.xml (RunModel)" time="0.144" />
  <testcase classname="ptolemy.util.test.junit.AutoTests" name="[5] /home/travis/build/icyphy/ptII/ptolemy/domains/hdf/kernel/test/auto/DifferentRefinedRates5.xml (RunModel)" time="0.115" />
  <testcase classname="ptolemy.util.test.junit.AutoTests" name="[6] /home/travis/build/icyphy/ptII/ptolemy/domains/hdf/kernel/test/auto/DifferentRefinedRates6.xml (RunModel)" time="0.124" />
  <testcase classname="ptolemy.util.test.junit.AutoTests" name="[7] /home/travis/build/icyphy/ptII/ptolemy/domains/hdf/kernel/test/auto/DownSample_PowerOfTwo.xml (RunModel)" time="0.27" />
  <testcase classname="ptolemy.util.test.junit.AutoTests" name="[8] /home/travis/build/icyphy/ptII/ptolemy/domains/hdf/kernel/test/auto/FibonacciWithNullInitial.xml (RunModel)" time="0.215" />
  <testcase classname="ptolemy.util.test.junit.AutoTests" name="[9] /home/travis/build/icyphy/ptII/ptolemy/domains/hdf/kernel/test/auto/FibonacciWithNullInitial1.xml (RunModel)" time="0.22" />
  <testcase classname="ptolemy.util.test.junit.AutoTests" name="[10] /home/travis/build/icyphy/ptII/ptolemy/domains/hdf/kernel/test/auto/FibonacciWithTransientStates.xml (RunModel)" time="0.205" />
  <testcase classname="ptolemy.util.test.junit.AutoTests" name="[11] /home/travis/build/icyphy/ptII/ptolemy/domains/hdf/kernel/test/auto/FibonacciWithTransientStates2.xml (RunModel)" time="0.109" />
  <testcase classname="ptolemy.util.test.junit.AutoTests" name="[12] /home/travis/build/icyphy/ptII/ptolemy/domains/hdf/kernel/test/auto/FibonacciWithoutHistoryInitial.xml (RunModel)" time="0.196" />
  <testcase classname="ptolemy.util.test.junit.AutoTests" name="[13] /home/travis/build/icyphy/ptII/ptolemy/domains/hdf/kernel/test/auto/GuardUsingPastTokens.xml (RunModel)" time="0.095" />
  <testcase classname="ptolemy.util.test.junit.AutoTests" name="[14] /home/travis/build/icyphy/ptII/ptolemy/domains/hdf/kernel/test/auto/GuardWithResets.xml (RunModel)" time="0.101" />
  <testcase classname="ptolemy.util.test.junit.AutoTests" name="[15] /home/travis/build/icyphy/ptII/ptolemy/domains/hdf/kernel/test/auto/Hierarchy_2Level_Test1.xml (RunModel)" time="0.073" />
  <testcase classname="ptolemy.util.test.junit.AutoTests" name="[16] /home/travis/build/icyphy/ptII/ptolemy/domains/hdf/kernel/test/auto/Hierarchy_2Level_Test2.xml (RunModel)" time="0.06" />
  <testcase classname="ptolemy.util.test.junit.AutoTests" name="[17] /home/travis/build/icyphy/ptII/ptolemy/domains/hdf/kernel/test/auto/Hysteresis.xml (RunModel)" time="0.067" />
  <testcase classname="ptolemy.util.test.junit.AutoTests" name="[18] /home/travis/build/icyphy/ptII/ptolemy/domains/hdf/kernel/test/auto/InitTransient.xml (RunModel)" time="0.11" />
  <testcase classname="ptolemy.util.test.junit.AutoTests" name="[19] /home/travis/build/icyphy/ptII/ptolemy/domains/hdf/kernel/test/auto/Merge.xml (RunModel)" time="0.086" />
  <testcase classname="ptolemy.util.test.junit.AutoTests" name="[20] /home/travis/build/icyphy/ptII/ptolemy/domains/hdf/kernel/test/auto/ModalModelBooleanSwitch.xml (RunModel)" time="0.111" />
  <testcase classname="ptolemy.util.test.junit.AutoTests" name="[21] /home/travis/build/icyphy/ptII/ptolemy/domains/hdf/kernel/test/auto/SameRates.xml (RunModel)" time="0.056" />
  <testcase classname="ptolemy.util.test.junit.AutoTests" name="[22] /home/travis/build/icyphy/ptII/ptolemy/domains/hdf/kernel/test/auto/SameRefinedRates.xml (RunModel)" time="0.059" />
  <testcase classname="ptolemy.util.test.junit.AutoTests" name="[23] /home/travis/build/icyphy/ptII/ptolemy/domains/hdf/kernel/test/auto/SameRefinedRates2.xml (RunModel)" time="0.072" />
  <testcase classname="ptolemy.util.test.junit.AutoTests" name="[24] /home/travis/build/icyphy/ptII/ptolemy/domains/hdf/kernel/test/auto/TransientStates.xml (RunModel)" time="0.084" />
  <testcase classname="ptolemy.util.test.junit.AutoTests" name="[25] /home/travis/build/icyphy/ptII/ptolemy/domains/hdf/kernel/test/auto/TwoHammingCodec.xml (RunModel)" time="0.107" />
  <testcase classname="ptolemy.util.test.junit.AutoTests" name="[26] /home/travis/build/icyphy/ptII/ptolemy/domains/hdf/kernel/test/auto/TwoHammingCodec1.xml (RunModel)" time="0.115" />
  <testcase classname="ptolemy.util.test.junit.AutoTests" name="[27] /home/travis/build/icyphy/ptII/ptolemy/domains/hdf/kernel/test/auto/TwoLevelHierarchy.xml (RunModel)" time="0.189" />
  <testcase classname="ptolemy.util.test.junit.AutoTests" name="[28] /home/travis/build/icyphy/ptII/ptolemy/domains/hdf/kernel/test/auto/TwoLevelHierarchy1.xml (RunModel)" time="0.165" />
  <testcase classname="ptolemy.util.test.junit.AutoTests" name="[29] /home/travis/build/icyphy/ptII/ptolemy/domains/hdf/kernel/test/auto/TwoLevelHierarchy2.xml (RunModel)" time="0.147" />
  <testcase classname="ptolemy.util.test.junit.AutoTests" name="[30] /home/travis/build/icyphy/ptII/ptolemy/domains/hdf/kernel/test/auto/TwoLevelHierarchyNullStates.xml (RunModel)" time="0.158" />
  <testcase classname="ptolemy.util.test.junit.AutoTests" name="[31] /home/travis/build/icyphy/ptII/ptolemy/domains/hdf/kernel/test/auto/TwoLevelHierarchyWithResets.xml (RunModel)" time="0.202" />
  <testcase classname="ptolemy.util.test.junit.AutoTests" name="[32] /home/travis/build/icyphy/ptII/ptolemy/domains/hdf/kernel/test/auto/TwoLevelHierarchyWithResetsNullStates.xml (RunModel)" time="0.207" />
  <testcase classname="ptolemy.util.test.junit.AutoTests" name="[33] /home/travis/build/icyphy/ptII/ptolemy/domains/hdf/kernel/test/auto/WaterTank_HDF.xml (RunModel)" time="0.113" />
  <testcase classname="ptolemy.util.test.junit.AutoTests" name="[34] /home/travis/build/icyphy/ptII/ptolemy/domains/hdf/kernel/test/auto/WaterTank_HDF2.xml (RunModel)" time="0.124" />
  <testcase classname="ptolemy.util.test.junit.AutoTests" name="[35] /home/travis/build/icyphy/ptII/ptolemy/domains/hdf/kernel/test/auto/badFSMRateChanges.xml (RunModel)" time="0.062" />
  <system-out><![CDATA[/home/travis/build/icyphy/ptII/ptolemy/domains/hdf/kernel/test/RateErrorChecking.tcl
testDefs.tcl: setting time out to 9000 seconds at Sat Jul 20 15:43:30 UTC 2019


==== $PTII/ptolemy/domains/hdf/kernel/test/RateErrorChecking.tcl: RateErrorChecking-1.0 
==== Contents of test case:

    catch {createAndExecute "badFSMRateChanges.xml"} foo
    list $foo

==== Result was:
{java.io.FileNotFoundException: /home/travis/build/icyphy/ptII/ptolemy/domains/hdf/kernel/test/badFSMRateChanges.xml (No such file or directory)}
---- KNOWN Failure, Result should have been:
{ptolemy.kernel.util.IllegalActionException: Failed to compute schedule:
  in .badFSMRateChanges.SDF Director
Because:
The SDF rate parameter may change. This is not allowed in SDF models that will be run through the code generator.  If you don't care about code generation, then you might consider setting the allowRateChanges parameter of the SDF director to false.
    in .badFSMRateChanges.typed composite actor.output.tokenProductionRate}
---- RateErrorChecking-1.0 Failed, but this is a KNOWN failure
07/20/19 03:43:30
Failed: 0  Total Tests: 1  ((Passed: 0, Newly Passed: 0)  Known Failed: 1) /home/travis/build/icyphy/ptII/ptolemy/domains/hdf/kernel/test
----------------- testing (KnownFailure) /home/travis/build/icyphy/ptII/ptolemy/domains/hdf/kernel/test/auto/knownFailedTests/badFSMRateChanges.xml
234 ms. Memory: 120832K Free: 70086K (58%)
No auto/linux-amd64/*.xml tests in /home/travis/build/icyphy/ptII/ptolemy/domains/hdf/kernel/test
AutoTests.java: About to close Vertx.
AutoTests.java: Vertx closed.

===========================================================================================
----------------- testing Sat Jul 20 15:43:32 UTC 2019 /home/travis/build/icyphy/ptII/ptolemy/domains/hdf/kernel/test/auto/ConstVariableRateTest.xml
----------------- Instantiating /home/travis/build/icyphy/ptII/ptolemy/domains/hdf/kernel/test/auto/ConstVariableRateTest.xml
85 ms. Memory: 120832K Free: 86262K (71%)
----------------- Invoking toplevel() on ptolemy.moml.MoMLSimpleApplication@16f7489f
----------------- Done invoking toplevel() on ptolemy.moml.MoMLSimpleApplication@16f7489f
reloadAllAccessors: .ConstVariableRateTest

===========================================================================================
----------------- testing Sat Jul 20 15:43:32 UTC 2019 /home/travis/build/icyphy/ptII/ptolemy/domains/hdf/kernel/test/auto/DifferentRefinedRates.xml
----------------- Instantiating /home/travis/build/icyphy/ptII/ptolemy/domains/hdf/kernel/test/auto/DifferentRefinedRates.xml
73 ms. Memory: 120832K Free: 97862K (81%)
----------------- Invoking toplevel() on ptolemy.moml.MoMLSimpleApplication@6ac82ede
----------------- Done invoking toplevel() on ptolemy.moml.MoMLSimpleApplication@6ac82ede
reloadAllAccessors: .DifferentRefinedRates

===========================================================================================
----------------- testing Sat Jul 20 15:43:32 UTC 2019 /home/travis/build/icyphy/ptII/ptolemy/domains/hdf/kernel/test/auto/DifferentRefinedRates2.xml
----------------- Instantiating /home/travis/build/icyphy/ptII/ptolemy/domains/hdf/kernel/test/auto/DifferentRefinedRates2.xml
40 ms. Memory: 120832K Free: 84059K (70%)
----------------- Invoking toplevel() on ptolemy.moml.MoMLSimpleApplication@59f7a39d
----------------- Done invoking toplevel() on ptolemy.moml.MoMLSimpleApplication@59f7a39d
reloadAllAccessors: .DifferentRefinedRates2

===========================================================================================
----------------- testing Sat Jul 20 15:43:32 UTC 2019 /home/travis/build/icyphy/ptII/ptolemy/domains/hdf/kernel/test/auto/DifferentRefinedRates3.xml
----------------- Instantiating /home/travis/build/icyphy/ptII/ptolemy/domains/hdf/kernel/test/auto/DifferentRefinedRates3.xml
62 ms. Memory: 120832K Free: 73063K (60%)
----------------- Invoking toplevel() on ptolemy.moml.MoMLSimpleApplication@1cd44615
----------------- Done invoking toplevel() on ptolemy.moml.MoMLSimpleApplication@1cd44615
reloadAllAccessors: .DifferentRefinedRates3

===========================================================================================
----------------- testing Sat Jul 20 15:43:32 UTC 2019 /home/travis/build/icyphy/ptII/ptolemy/domains/hdf/kernel/test/auto/DifferentRefinedRates4.xml
----------------- Instantiating /home/travis/build/icyphy/ptII/ptolemy/domains/hdf/kernel/test/auto/DifferentRefinedRates4.xml
40 ms. Memory: 120832K Free: 96470K (80%)
----------------- Invoking toplevel() on ptolemy.moml.MoMLSimpleApplication@7ae64645
----------------- Done invoking toplevel() on ptolemy.moml.MoMLSimpleApplication@7ae64645
reloadAllAccessors: .NewHDFtest1

===========================================================================================
----------------- testing Sat Jul 20 15:43:33 UTC 2019 /home/travis/build/icyphy/ptII/ptolemy/domains/hdf/kernel/test/auto/DifferentRefinedRates5.xml
----------------- Instantiating /home/travis/build/icyphy/ptII/ptolemy/domains/hdf/kernel/test/auto/DifferentRefinedRates5.xml
33 ms. Memory: 120832K Free: 81126K (67%)
----------------- Invoking toplevel() on ptolemy.moml.MoMLSimpleApplication@790f9bb5
----------------- Done invoking toplevel() on ptolemy.moml.MoMLSimpleApplication@790f9bb5
reloadAllAccessors: .NewHDFtest2

===========================================================================================
----------------- testing Sat Jul 20 15:43:33 UTC 2019 /home/travis/build/icyphy/ptII/ptolemy/domains/hdf/kernel/test/auto/DifferentRefinedRates6.xml
----------------- Instantiating /home/travis/build/icyphy/ptII/ptolemy/domains/hdf/kernel/test/auto/DifferentRefinedRates6.xml
56 ms. Memory: 120832K Free: 68439K (57%)
----------------- Invoking toplevel() on ptolemy.moml.MoMLSimpleApplication@303483b9
----------------- Done invoking toplevel() on ptolemy.moml.MoMLSimpleApplication@303483b9
reloadAllAccessors: .DifferentRefinedRates6

===========================================================================================
----------------- testing Sat Jul 20 15:43:33 UTC 2019 /home/travis/build/icyphy/ptII/ptolemy/domains/hdf/kernel/test/auto/DownSample_PowerOfTwo.xml
----------------- Instantiating /home/travis/build/icyphy/ptII/ptolemy/domains/hdf/kernel/test/auto/DownSample_PowerOfTwo.xml
219 ms. Memory: 120832K Free: 92036K (76%)
----------------- Invoking toplevel() on ptolemy.moml.MoMLSimpleApplication@2e51750d
----------------- Done invoking toplevel() on ptolemy.moml.MoMLSimpleApplication@2e51750d
reloadAllAccessors: .SDFDownSample

===========================================================================================
----------------- testing Sat Jul 20 15:43:33 UTC 2019 /home/travis/build/icyphy/ptII/ptolemy/domains/hdf/kernel/test/auto/FibonacciWithNullInitial.xml
----------------- Instantiating /home/travis/build/icyphy/ptII/ptolemy/domains/hdf/kernel/test/auto/FibonacciWithNullInitial.xml
161 ms. Memory: 120832K Free: 67987K (56%)
----------------- Invoking toplevel() on ptolemy.moml.MoMLSimpleApplication@481f2c98
----------------- Done invoking toplevel() on ptolemy.moml.MoMLSimpleApplication@481f2c98
reloadAllAccessors: .FibonacciWithNullInitial

===========================================================================================
----------------- testing Sat Jul 20 15:43:33 UTC 2019 /home/travis/build/icyphy/ptII/ptolemy/domains/hdf/kernel/test/auto/FibonacciWithNullInitial1.xml
----------------- Instantiating /home/travis/build/icyphy/ptII/ptolemy/domains/hdf/kernel/test/auto/FibonacciWithNullInitial1.xml
170 ms. Memory: 150528K Free: 132608K (88%)
----------------- Invoking toplevel() on ptolemy.moml.MoMLSimpleApplication@7c3af6b5
----------------- Done invoking toplevel() on ptolemy.moml.MoMLSimpleApplication@7c3af6b5
reloadAllAccessors: .FibonacciWithNullInitial1

===========================================================================================
----------------- testing Sat Jul 20 15:43:34 UTC 2019 /home/travis/build/icyphy/ptII/ptolemy/domains/hdf/kernel/test/auto/FibonacciWithTransientStates.xml
----------------- Instantiating /home/travis/build/icyphy/ptII/ptolemy/domains/hdf/kernel/test/auto/FibonacciWithTransientStates.xml
147 ms. Memory: 150528K Free: 103820K (69%)
----------------- Invoking toplevel() on ptolemy.moml.MoMLSimpleApplication@633e4f20
----------------- Done invoking toplevel() on ptolemy.moml.MoMLSimpleApplication@633e4f20
reloadAllAccessors: .FibonacciWithTransientStates

===========================================================================================
----------------- testing Sat Jul 20 15:43:34 UTC 2019 /home/travis/build/icyphy/ptII/ptolemy/domains/hdf/kernel/test/auto/FibonacciWithTransientStates2.xml
----------------- Instantiating /home/travis/build/icyphy/ptII/ptolemy/domains/hdf/kernel/test/auto/FibonacciWithTransientStates2.xml
44 ms. Memory: 150528K Free: 82666K (55%)
----------------- Invoking toplevel() on ptolemy.moml.MoMLSimpleApplication@69db5f0c
----------------- Done invoking toplevel() on ptolemy.moml.MoMLSimpleApplication@69db5f0c
reloadAllAccessors: .FibonacciWithTransientStates2

===========================================================================================
----------------- testing Sat Jul 20 15:43:34 UTC 2019 /home/travis/build/icyphy/ptII/ptolemy/domains/hdf/kernel/test/auto/FibonacciWithoutHistoryInitial.xml
----------------- Instantiating /home/travis/build/icyphy/ptII/ptolemy/domains/hdf/kernel/test/auto/FibonacciWithoutHistoryInitial.xml
151 ms. Memory: 150528K Free: 128794K (86%)
----------------- Invoking toplevel() on ptolemy.moml.MoMLSimpleApplication@4a0bc18f
----------------- Done invoking toplevel() on ptolemy.moml.MoMLSimpleApplication@4a0bc18f
reloadAllAccessors: .FibonacciWithoutHistoryInitial

===========================================================================================
----------------- testing Sat Jul 20 15:43:34 UTC 2019 /home/travis/build/icyphy/ptII/ptolemy/domains/hdf/kernel/test/auto/GuardUsingPastTokens.xml
----------------- Instantiating /home/travis/build/icyphy/ptII/ptolemy/domains/hdf/kernel/test/auto/GuardUsingPastTokens.xml
28 ms. Memory: 150528K Free: 114036K (76%)
----------------- Invoking toplevel() on ptolemy.moml.MoMLSimpleApplication@439476f9
----------------- Done invoking toplevel() on ptolemy.moml.MoMLSimpleApplication@439476f9
reloadAllAccessors: .GuardUsingPastTokens

===========================================================================================
----------------- testing Sat Jul 20 15:43:34 UTC 2019 /home/travis/build/icyphy/ptII/ptolemy/domains/hdf/kernel/test/auto/GuardWithResets.xml
----------------- Instantiating /home/travis/build/icyphy/ptII/ptolemy/domains/hdf/kernel/test/auto/GuardWithResets.xml
40 ms. Memory: 150528K Free: 97180K (65%)
----------------- Invoking toplevel() on ptolemy.moml.MoMLSimpleApplication@3f3a5007
----------------- Done invoking toplevel() on ptolemy.moml.MoMLSimpleApplication@3f3a5007
reloadAllAccessors: .GuardWithResets

===========================================================================================
----------------- testing Sat Jul 20 15:43:34 UTC 2019 /home/travis/build/icyphy/ptII/ptolemy/domains/hdf/kernel/test/auto/Hierarchy_2Level_Test1.xml
----------------- Instantiating /home/travis/build/icyphy/ptII/ptolemy/domains/hdf/kernel/test/auto/Hierarchy_2Level_Test1.xml
24 ms. Memory: 150528K Free: 79315K (53%)
----------------- Invoking toplevel() on ptolemy.moml.MoMLSimpleApplication@10206f28
----------------- Done invoking toplevel() on ptolemy.moml.MoMLSimpleApplication@10206f28
reloadAllAccessors: .Hierarchy_2Level_Test1

===========================================================================================
----------------- testing Sat Jul 20 15:43:34 UTC 2019 /home/travis/build/icyphy/ptII/ptolemy/domains/hdf/kernel/test/auto/Hierarchy_2Level_Test2.xml
----------------- Instantiating /home/travis/build/icyphy/ptII/ptolemy/domains/hdf/kernel/test/auto/Hierarchy_2Level_Test2.xml
24 ms. Memory: 150528K Free: 61370K (41%)
----------------- Invoking toplevel() on ptolemy.moml.MoMLSimpleApplication@34a484a9
----------------- Done invoking toplevel() on ptolemy.moml.MoMLSimpleApplication@34a484a9
reloadAllAccessors: .Hierarchy_4Level_Test2

===========================================================================================
----------------- testing Sat Jul 20 15:43:34 UTC 2019 /home/travis/build/icyphy/ptII/ptolemy/domains/hdf/kernel/test/auto/Hysteresis.xml
----------------- Instantiating /home/travis/build/icyphy/ptII/ptolemy/domains/hdf/kernel/test/auto/Hysteresis.xml
28 ms. Memory: 150528K Free: 50106K (33%)
----------------- Invoking toplevel() on ptolemy.moml.MoMLSimpleApplication@719bd91d
----------------- Done invoking toplevel() on ptolemy.moml.MoMLSimpleApplication@719bd91d
reloadAllAccessors: .Hysteresis

===========================================================================================
----------------- testing Sat Jul 20 15:43:34 UTC 2019 /home/travis/build/icyphy/ptII/ptolemy/domains/hdf/kernel/test/auto/InitTransient.xml
----------------- Instantiating /home/travis/build/icyphy/ptII/ptolemy/domains/hdf/kernel/test/auto/InitTransient.xml
29 ms. Memory: 150528K Free: 119258K (79%)
----------------- Invoking toplevel() on ptolemy.moml.MoMLSimpleApplication@74ae4968
----------------- Done invoking toplevel() on ptolemy.moml.MoMLSimpleApplication@74ae4968
reloadAllAccessors: .InitTransient

===========================================================================================
----------------- testing Sat Jul 20 15:43:35 UTC 2019 /home/travis/build/icyphy/ptII/ptolemy/domains/hdf/kernel/test/auto/Merge.xml
----------------- Instantiating /home/travis/build/icyphy/ptII/ptolemy/domains/hdf/kernel/test/auto/Merge.xml
34 ms. Memory: 150528K Free: 101836K (68%)
----------------- Invoking toplevel() on ptolemy.moml.MoMLSimpleApplication@4b2aa23b
----------------- Done invoking toplevel() on ptolemy.moml.MoMLSimpleApplication@4b2aa23b
reloadAllAccessors: .Merge

===========================================================================================
----------------- testing Sat Jul 20 15:43:35 UTC 2019 /home/travis/build/icyphy/ptII/ptolemy/domains/hdf/kernel/test/auto/ModalModelBooleanSwitch.xml
----------------- Instantiating /home/travis/build/icyphy/ptII/ptolemy/domains/hdf/kernel/test/auto/ModalModelBooleanSwitch.xml
39 ms. Memory: 150528K Free: 82856K (55%)
----------------- Invoking toplevel() on ptolemy.moml.MoMLSimpleApplication@181702df
----------------- Done invoking toplevel() on ptolemy.moml.MoMLSimpleApplication@181702df
reloadAllAccessors: .BooleanSwitchWithModel

===========================================================================================
----------------- testing Sat Jul 20 15:43:35 UTC 2019 /home/travis/build/icyphy/ptII/ptolemy/domains/hdf/kernel/test/auto/SameRates.xml
----------------- Instantiating /home/travis/build/icyphy/ptII/ptolemy/domains/hdf/kernel/test/auto/SameRates.xml
19 ms. Memory: 150528K Free: 70560K (47%)
----------------- Invoking toplevel() on ptolemy.moml.MoMLSimpleApplication@43fb91b8
----------------- Done invoking toplevel() on ptolemy.moml.MoMLSimpleApplication@43fb91b8
reloadAllAccessors: .SameRates

===========================================================================================
----------------- testing Sat Jul 20 15:43:35 UTC 2019 /home/travis/build/icyphy/ptII/ptolemy/domains/hdf/kernel/test/auto/SameRefinedRates.xml
----------------- Instantiating /home/travis/build/icyphy/ptII/ptolemy/domains/hdf/kernel/test/auto/SameRefinedRates.xml
21 ms. Memory: 150528K Free: 57703K (38%)
----------------- Invoking toplevel() on ptolemy.moml.MoMLSimpleApplication@5c477475
----------------- Done invoking toplevel() on ptolemy.moml.MoMLSimpleApplication@5c477475
reloadAllAccessors: .SameRefinedRates

===========================================================================================
----------------- testing Sat Jul 20 15:43:35 UTC 2019 /home/travis/build/icyphy/ptII/ptolemy/domains/hdf/kernel/test/auto/SameRefinedRates2.xml
----------------- Instantiating /home/travis/build/icyphy/ptII/ptolemy/domains/hdf/kernel/test/auto/SameRefinedRates2.xml
24 ms. Memory: 150528K Free: 132256K (88%)
----------------- Invoking toplevel() on ptolemy.moml.MoMLSimpleApplication@7e86bdf8
----------------- Done invoking toplevel() on ptolemy.moml.MoMLSimpleApplication@7e86bdf8
reloadAllAccessors: .SameRefinedRates2

===========================================================================================
----------------- testing Sat Jul 20 15:43:35 UTC 2019 /home/travis/build/icyphy/ptII/ptolemy/domains/hdf/kernel/test/auto/TransientStates.xml
----------------- Instantiating /home/travis/build/icyphy/ptII/ptolemy/domains/hdf/kernel/test/auto/TransientStates.xml
35 ms. Memory: 150528K Free: 113296K (75%)
----------------- Invoking toplevel() on ptolemy.moml.MoMLSimpleApplication@60e90c2f
----------------- Done invoking toplevel() on ptolemy.moml.MoMLSimpleApplication@60e90c2f
reloadAllAccessors: .TransientStates

===========================================================================================
----------------- testing Sat Jul 20 15:43:35 UTC 2019 /home/travis/build/icyphy/ptII/ptolemy/domains/hdf/kernel/test/auto/TwoHammingCodec.xml
----------------- Instantiating /home/travis/build/icyphy/ptII/ptolemy/domains/hdf/kernel/test/auto/TwoHammingCodec.xml
46 ms. Memory: 150528K Free: 92816K (62%)
----------------- Invoking toplevel() on ptolemy.moml.MoMLSimpleApplication@1cbb65a1
----------------- Done invoking toplevel() on ptolemy.moml.MoMLSimpleApplication@1cbb65a1
reloadAllAccessors: .TwoHammingCodec

===========================================================================================
----------------- testing Sat Jul 20 15:43:35 UTC 2019 /home/travis/build/icyphy/ptII/ptolemy/domains/hdf/kernel/test/auto/TwoHammingCodec1.xml
----------------- Instantiating /home/travis/build/icyphy/ptII/ptolemy/domains/hdf/kernel/test/auto/TwoHammingCodec1.xml
56 ms. Memory: 150528K Free: 69278K (46%)
----------------- Invoking toplevel() on ptolemy.moml.MoMLSimpleApplication@756aa0a2
----------------- Done invoking toplevel() on ptolemy.moml.MoMLSimpleApplication@756aa0a2
reloadAllAccessors: .twoHammingCodec1

===========================================================================================
----------------- testing Sat Jul 20 15:43:35 UTC 2019 /home/travis/build/icyphy/ptII/ptolemy/domains/hdf/kernel/test/auto/TwoLevelHierarchy.xml
----------------- Instantiating /home/travis/build/icyphy/ptII/ptolemy/domains/hdf/kernel/test/auto/TwoLevelHierarchy.xml
61 ms. Memory: 150528K Free: 114467K (76%)
----------------- Invoking toplevel() on ptolemy.moml.MoMLSimpleApplication@38e467da
----------------- Done invoking toplevel() on ptolemy.moml.MoMLSimpleApplication@38e467da
reloadAllAccessors: .TwoLevelHierarchy

===========================================================================================
----------------- testing Sat Jul 20 15:43:35 UTC 2019 /home/travis/build/icyphy/ptII/ptolemy/domains/hdf/kernel/test/auto/TwoLevelHierarchy1.xml
----------------- Instantiating /home/travis/build/icyphy/ptII/ptolemy/domains/hdf/kernel/test/auto/TwoLevelHierarchy1.xml
64 ms. Memory: 150528K Free: 71969K (48%)
----------------- Invoking toplevel() on ptolemy.moml.MoMLSimpleApplication@23d357c1
----------------- Done invoking toplevel() on ptolemy.moml.MoMLSimpleApplication@23d357c1
reloadAllAccessors: .TwoLevelHierarchy1

===========================================================================================
----------------- testing Sat Jul 20 15:43:36 UTC 2019 /home/travis/build/icyphy/ptII/ptolemy/domains/hdf/kernel/test/auto/TwoLevelHierarchy2.xml
----------------- Instantiating /home/travis/build/icyphy/ptII/ptolemy/domains/hdf/kernel/test/auto/TwoLevelHierarchy2.xml
50 ms. Memory: 150528K Free: 125936K (84%)
----------------- Invoking toplevel() on ptolemy.moml.MoMLSimpleApplication@674f2150
----------------- Done invoking toplevel() on ptolemy.moml.MoMLSimpleApplication@674f2150
reloadAllAccessors: .TwoLevelHierarchy2

===========================================================================================
----------------- testing Sat Jul 20 15:43:36 UTC 2019 /home/travis/build/icyphy/ptII/ptolemy/domains/hdf/kernel/test/auto/TwoLevelHierarchyNullStates.xml
----------------- Instantiating /home/travis/build/icyphy/ptII/ptolemy/domains/hdf/kernel/test/auto/TwoLevelHierarchyNullStates.xml
47 ms. Memory: 150528K Free: 76575K (51%)
----------------- Invoking toplevel() on ptolemy.moml.MoMLSimpleApplication@3045eb77
----------------- Done invoking toplevel() on ptolemy.moml.MoMLSimpleApplication@3045eb77
reloadAllAccessors: .TwoLevelHierarchyNullStates

===========================================================================================
----------------- testing Sat Jul 20 15:43:36 UTC 2019 /home/travis/build/icyphy/ptII/ptolemy/domains/hdf/kernel/test/auto/TwoLevelHierarchyWithResets.xml
----------------- Instantiating /home/travis/build/icyphy/ptII/ptolemy/domains/hdf/kernel/test/auto/TwoLevelHierarchyWithResets.xml
93 ms. Memory: 150528K Free: 119993K (80%)
----------------- Invoking toplevel() on ptolemy.moml.MoMLSimpleApplication@6db496ca
----------------- Done invoking toplevel() on ptolemy.moml.MoMLSimpleApplication@6db496ca
reloadAllAccessors: .TwoLevelHierarchy1

===========================================================================================
----------------- testing Sat Jul 20 15:43:36 UTC 2019 /home/travis/build/icyphy/ptII/ptolemy/domains/hdf/kernel/test/auto/TwoLevelHierarchyWithResetsNullStates.xml
----------------- Instantiating /home/travis/build/icyphy/ptII/ptolemy/domains/hdf/kernel/test/auto/TwoLevelHierarchyWithResetsNullStates.xml
94 ms. Memory: 150528K Free: 60158K (40%)
----------------- Invoking toplevel() on ptolemy.moml.MoMLSimpleApplication@344a27a9
----------------- Done invoking toplevel() on ptolemy.moml.MoMLSimpleApplication@344a27a9
reloadAllAccessors: .TwoLevelHierarchyWithResetsNullStates

===========================================================================================
----------------- testing Sat Jul 20 15:43:36 UTC 2019 /home/travis/build/icyphy/ptII/ptolemy/domains/hdf/kernel/test/auto/WaterTank_HDF.xml
----------------- Instantiating /home/travis/build/icyphy/ptII/ptolemy/domains/hdf/kernel/test/auto/WaterTank_HDF.xml
44 ms. Memory: 181248K Free: 150755K (83%)
----------------- Invoking toplevel() on ptolemy.moml.MoMLSimpleApplication@7d01426a
----------------- Done invoking toplevel() on ptolemy.moml.MoMLSimpleApplication@7d01426a
reloadAllAccessors: .WaterTank_HDF

===========================================================================================
----------------- testing Sat Jul 20 15:43:36 UTC 2019 /home/travis/build/icyphy/ptII/ptolemy/domains/hdf/kernel/test/auto/WaterTank_HDF2.xml
----------------- Instantiating /home/travis/build/icyphy/ptII/ptolemy/domains/hdf/kernel/test/auto/WaterTank_HDF2.xml
44 ms. Memory: 181248K Free: 119011K (66%)
----------------- Invoking toplevel() on ptolemy.moml.MoMLSimpleApplication@35cc0fcc
----------------- Done invoking toplevel() on ptolemy.moml.MoMLSimpleApplication@35cc0fcc
reloadAllAccessors: .WaterTank_HDF2

===========================================================================================
----------------- testing Sat Jul 20 15:43:37 UTC 2019 /home/travis/build/icyphy/ptII/ptolemy/domains/hdf/kernel/test/auto/badFSMRateChanges.xml
----------------- Instantiating /home/travis/build/icyphy/ptII/ptolemy/domains/hdf/kernel/test/auto/badFSMRateChanges.xml
15 ms. Memory: 181248K Free: 104661K (58%)
----------------- Invoking toplevel() on ptolemy.moml.MoMLSimpleApplication@33c0594e
----------------- Done invoking toplevel() on ptolemy.moml.MoMLSimpleApplication@33c0594e
reloadAllAccessors: .badFSMRateChanges
AutoTests.java: About to close Vertx.
AutoTests.java: Vertx closed.
]]></system-out>
  <system-err><![CDATA[]]></system-err>
</testsuite>
