<?xml version="1.0" encoding="UTF-8" ?>
<testsuite errors="0" failures="0" hostname="travis-job-69db0f22-08a6-455c-bda2-1cd6e1fb4002" name="ptolemy.domains.de.test.junit.JUnitTclTest" skipped="0" tests="101" time="135.974" timestamp="2019-10-02T05:47:04">
  <properties>
[...]
</properties>
  <testcase classname="ptolemy.util.test.junit.TclTests" name="[0] /home/travis/build/icyphy/ptII/ptolemy/domains/de/test/DependencyLoop.tcl (RunTclFile)" time="1.068" />
  <testcase classname="ptolemy.util.test.junit.TclTests" name="[1] /home/travis/build/icyphy/ptII/ptolemy/domains/de/test/RunDETestsAsQSS.tcl (RunTclFile)" time="91.72" />
  <testcase classname="ptolemy.util.test.junit.AutoKnownFailedTests" name="[0] /home/travis/build/icyphy/ptII/ptolemy/domains/de/test/auto/knownFailedTests/DESDFClockTest.xml (RunModel)" time="2.047" />
  <testcase classname="ptolemy.util.test.junit.AutoKnownFailedTests" name="[1] /home/travis/build/icyphy/ptII/ptolemy/domains/de/test/auto/knownFailedTests/DirectFeedback.xml (RunModel)" time="0.027" />
  <testcase classname="ptolemy.util.test.junit.AutoKnownFailedTests" name="[2] /home/travis/build/icyphy/ptII/ptolemy/domains/de/test/auto/knownFailedTests/FSMSource.xml (RunModel)" time="0.039" />
  <testcase classname="ptolemy.util.test.junit.AutoKnownFailedTests" name="[3] /home/travis/build/icyphy/ptII/ptolemy/domains/de/test/auto/knownFailedTests/HierarchicalModel.xml (RunModel)" time="0.058" />
  <testcase classname="ptolemy.util.test.junit.AutoKnownFailedTests" name="[4] /home/travis/build/icyphy/ptII/ptolemy/domains/de/test/auto/knownFailedTests/dependencyLoop.xml (RunModel)" time="0.055" />
  <testcase classname="ptolemy.util.test.junit.AutoKnownFailedTests" name="[5] /home/travis/build/icyphy/ptII/ptolemy/domains/de/test/auto/knownFailedTests/dependencyLoop2.xml (RunModel)" time="0.05" />
  <testcase classname="ptolemy.util.test.junit.AutoNameArchTests" name="[0] ThereAreNoAutoArchTests (RunModel)" time="0.002" />
  <testcase classname="ptolemy.util.test.junit.AutoTests" name="[0] /home/travis/build/icyphy/ptII/ptolemy/domains/de/test/auto/ActorDepthCalculation_actorWithoutPorts.xml (RunModel)" time="0.026" />
  <testcase classname="ptolemy.util.test.junit.AutoTests" name="[1] /home/travis/build/icyphy/ptII/ptolemy/domains/de/test/auto/AssemblyLine.xml (RunModel)" time="0.027" />
  <testcase classname="ptolemy.util.test.junit.AutoTests" name="[2] /home/travis/build/icyphy/ptII/ptolemy/domains/de/test/auto/CQBug1.xml (RunModel)" time="0.012" />
  <testcase classname="ptolemy.util.test.junit.AutoTests" name="[3] /home/travis/build/icyphy/ptII/ptolemy/domains/de/test/auto/CancelFireAt.xml (RunModel)" time="0.013" />
  <testcase classname="ptolemy.util.test.junit.AutoTests" name="[4] /home/travis/build/icyphy/ptII/ptolemy/domains/de/test/auto/CausalityAndComposabilityAnalysis.xml (RunModel)" time="0.014" />
  <testcase classname="ptolemy.util.test.junit.AutoTests" name="[5] /home/travis/build/icyphy/ptII/ptolemy/domains/de/test/auto/CausalityInterface1.xml (RunModel)" time="0.019" />
  <testcase classname="ptolemy.util.test.junit.AutoTests" name="[6] /home/travis/build/icyphy/ptII/ptolemy/domains/de/test/auto/CausalityInterface15.xml (RunModel)" time="0.018" />
  <testcase classname="ptolemy.util.test.junit.AutoTests" name="[7] /home/travis/build/icyphy/ptII/ptolemy/domains/de/test/auto/CausalityInterface2.xml (RunModel)" time="0.023" />
  <testcase classname="ptolemy.util.test.junit.AutoTests" name="[8] /home/travis/build/icyphy/ptII/ptolemy/domains/de/test/auto/CausalityInterface3.xml (RunModel)" time="0.019" />
  <testcase classname="ptolemy.util.test.junit.AutoTests" name="[9] /home/travis/build/icyphy/ptII/ptolemy/domains/de/test/auto/ClockDrift.xml (RunModel)" time="0.042" />
  <testcase classname="ptolemy.util.test.junit.AutoTests" name="[10] /home/travis/build/icyphy/ptII/ptolemy/domains/de/test/auto/ClockDriftAndValueChange.xml (RunModel)" time="0.039" />
  <testcase classname="ptolemy.util.test.junit.AutoTests" name="[11] /home/travis/build/icyphy/ptII/ptolemy/domains/de/test/auto/ClockDriftChange.xml (RunModel)" time="0.038" />
  <testcase classname="ptolemy.util.test.junit.AutoTests" name="[12] /home/travis/build/icyphy/ptII/ptolemy/domains/de/test/auto/ComposableCausalityAnalysis.xml (RunModel)" time="0.018" />
  <testcase classname="ptolemy.util.test.junit.AutoTests" name="[13] /home/travis/build/icyphy/ptII/ptolemy/domains/de/test/auto/DEFixedPointLimitation.xml (RunModel)" time="0.011" />
  <testcase classname="ptolemy.util.test.junit.AutoTests" name="[14] /home/travis/build/icyphy/ptII/ptolemy/domains/de/test/auto/DEScheduleTest.xml (RunModel)" time="0.024" />
  <testcase classname="ptolemy.util.test.junit.AutoTests" name="[15] /home/travis/build/icyphy/ptII/ptolemy/domains/de/test/auto/DEinDEwithStartTimes.xml (RunModel)" time="0.019" />
  <testcase classname="ptolemy.util.test.junit.AutoTests" name="[16] /home/travis/build/icyphy/ptII/ptolemy/domains/de/test/auto/DEinDEwithStartTimes2.xml (RunModel)" time="0.017" />
  <testcase classname="ptolemy.util.test.junit.AutoTests" name="[17] /home/travis/build/icyphy/ptII/ptolemy/domains/de/test/auto/DateDemo.xml (RunModel)" time="0.035" />
  <testcase classname="ptolemy.util.test.junit.AutoTests" name="[18] /home/travis/build/icyphy/ptII/ptolemy/domains/de/test/auto/DateToEvent.xml (RunModel)" time="2.039" />
  <testcase classname="ptolemy.util.test.junit.AutoTests" name="[19] /home/travis/build/icyphy/ptII/ptolemy/domains/de/test/auto/DepthTest1.xml (RunModel)" time="0.023" />
  <testcase classname="ptolemy.util.test.junit.AutoTests" name="[20] /home/travis/build/icyphy/ptII/ptolemy/domains/de/test/auto/DepthTest2.xml (RunModel)" time="0.027" />
  <testcase classname="ptolemy.util.test.junit.AutoTests" name="[21] /home/travis/build/icyphy/ptII/ptolemy/domains/de/test/auto/DepthTest3.xml (RunModel)" time="0.01" />
  <testcase classname="ptolemy.util.test.junit.AutoTests" name="[22] /home/travis/build/icyphy/ptII/ptolemy/domains/de/test/auto/DepthTest4.xml (RunModel)" time="0.024" />
  <testcase classname="ptolemy.util.test.junit.AutoTests" name="[23] /home/travis/build/icyphy/ptII/ptolemy/domains/de/test/auto/DepthTest5.xml (RunModel)" time="0.014" />
  <testcase classname="ptolemy.util.test.junit.AutoTests" name="[24] /home/travis/build/icyphy/ptII/ptolemy/domains/de/test/auto/DepthTest6.xml (RunModel)" time="0.015" />
  <testcase classname="ptolemy.util.test.junit.AutoTests" name="[25] /home/travis/build/icyphy/ptII/ptolemy/domains/de/test/auto/DepthTest7.xml (RunModel)" time="0.022" />
  <testcase classname="ptolemy.util.test.junit.AutoTests" name="[26] /home/travis/build/icyphy/ptII/ptolemy/domains/de/test/auto/EventToDate.xml (RunModel)" time="3.053" />
  <testcase classname="ptolemy.util.test.junit.AutoTests" name="[27] /home/travis/build/icyphy/ptII/ptolemy/domains/de/test/auto/FSM1.xml (RunModel)" time="0.059" />
  <testcase classname="ptolemy.util.test.junit.AutoTests" name="[28] /home/travis/build/icyphy/ptII/ptolemy/domains/de/test/auto/FSM7.xml (RunModel)" time="0.045" />
  <testcase classname="ptolemy.util.test.junit.AutoTests" name="[29] /home/travis/build/icyphy/ptII/ptolemy/domains/de/test/auto/Inspection.xml (RunModel)" time="0.048" />
  <testcase classname="ptolemy.util.test.junit.AutoTests" name="[30] /home/travis/build/icyphy/ptII/ptolemy/domains/de/test/auto/Iteration.xml (RunModel)" time="0.025" />
  <testcase classname="ptolemy.util.test.junit.AutoTests" name="[31] /home/travis/build/icyphy/ptII/ptolemy/domains/de/test/auto/LineFault.xml (RunModel)" time="0.628" />
  <testcase classname="ptolemy.util.test.junit.AutoTests" name="[32] /home/travis/build/icyphy/ptII/ptolemy/domains/de/test/auto/MergeModel1Add.xml (RunModel)" time="0.054" />
  <testcase classname="ptolemy.util.test.junit.AutoTests" name="[33] /home/travis/build/icyphy/ptII/ptolemy/domains/de/test/auto/MergeModel2Add.xml (RunModel)" time="0.04" />
  <testcase classname="ptolemy.util.test.junit.AutoTests" name="[34] /home/travis/build/icyphy/ptII/ptolemy/domains/de/test/auto/MergeModel3Add.xml (RunModel)" time="0.038" />
  <testcase classname="ptolemy.util.test.junit.AutoTests" name="[35] /home/travis/build/icyphy/ptII/ptolemy/domains/de/test/auto/MergeWithoutDiscard.xml (RunModel)" time="0.01" />
  <testcase classname="ptolemy.util.test.junit.AutoTests" name="[36] /home/travis/build/icyphy/ptII/ptolemy/domains/de/test/auto/Modal1.xml (RunModel)" time="0.033" />
  <testcase classname="ptolemy.util.test.junit.AutoTests" name="[37] /home/travis/build/icyphy/ptII/ptolemy/domains/de/test/auto/Modal2.xml (RunModel)" time="0.032" />
  <testcase classname="ptolemy.util.test.junit.AutoTests" name="[38] /home/travis/build/icyphy/ptII/ptolemy/domains/de/test/auto/Modal3.xml (RunModel)" time="0.026" />
  <testcase classname="ptolemy.util.test.junit.AutoTests" name="[39] /home/travis/build/icyphy/ptII/ptolemy/domains/de/test/auto/Modal4.xml (RunModel)" time="0.037" />
  <testcase classname="ptolemy.util.test.junit.AutoTests" name="[40] /home/travis/build/icyphy/ptII/ptolemy/domains/de/test/auto/Modal5.xml (RunModel)" time="0.03" />
  <testcase classname="ptolemy.util.test.junit.AutoTests" name="[41] /home/travis/build/icyphy/ptII/ptolemy/domains/de/test/auto/Modal6.xml (RunModel)" time="0.031" />
  <testcase classname="ptolemy.util.test.junit.AutoTests" name="[42] /home/travis/build/icyphy/ptII/ptolemy/domains/de/test/auto/Modal7.xml (RunModel)" time="0.031" />
  <testcase classname="ptolemy.util.test.junit.AutoTests" name="[43] /home/travis/build/icyphy/ptII/ptolemy/domains/de/test/auto/ModalModel.xml (RunModel)" time="0.198" />
  <testcase classname="ptolemy.util.test.junit.AutoTests" name="[44] /home/travis/build/icyphy/ptII/ptolemy/domains/de/test/auto/ModalSource.xml (RunModel)" time="0.03" />
  <testcase classname="ptolemy.util.test.junit.AutoTests" name="[45] /home/travis/build/icyphy/ptII/ptolemy/domains/de/test/auto/NonInterruptibleTimerZeroDelay.xml (RunModel)" time="0.013" />
  <testcase classname="ptolemy.util.test.junit.AutoTests" name="[46] /home/travis/build/icyphy/ptII/ptolemy/domains/de/test/auto/OpenQueueingNetwork.xml (RunModel)" time="2.577" />
  <testcase classname="ptolemy.util.test.junit.AutoTests" name="[47] /home/travis/build/icyphy/ptII/ptolemy/domains/de/test/auto/OpenQueuingNetwork.xml (RunModel)" time="0.339" />
  <testcase classname="ptolemy.util.test.junit.AutoTests" name="[48] /home/travis/build/icyphy/ptII/ptolemy/domains/de/test/auto/PeriodicSampler.xml (RunModel)" time="0.014" />
  <testcase classname="ptolemy.util.test.junit.AutoTests" name="[49] /home/travis/build/icyphy/ptII/ptolemy/domains/de/test/auto/PersistentIO.xml (RunModel)" time="0.032" />
  <testcase classname="ptolemy.util.test.junit.AutoTests" name="[50] /home/travis/build/icyphy/ptII/ptolemy/domains/de/test/auto/PortParameterResetOnInitialize.xml (RunModel)" time="0.01" />
  <testcase classname="ptolemy.util.test.junit.AutoTests" name="[51] /home/travis/build/icyphy/ptII/ptolemy/domains/de/test/auto/PortParameterUpdates.xml (RunModel)" time="0.021" />
  <testcase classname="ptolemy.util.test.junit.AutoTests" name="[52] /home/travis/build/icyphy/ptII/ptolemy/domains/de/test/auto/QueueAndServer.xml (RunModel)" time="0.022" />
  <testcase classname="ptolemy.util.test.junit.AutoTests" name="[53] /home/travis/build/icyphy/ptII/ptolemy/domains/de/test/auto/Records.xml (RunModel)" time="0.014" />
  <testcase classname="ptolemy.util.test.junit.AutoTests" name="[54] /home/travis/build/icyphy/ptII/ptolemy/domains/de/test/auto/ResetTransitionWithStartTime1.xml (RunModel)" time="0.017" />
  <testcase classname="ptolemy.util.test.junit.AutoTests" name="[55] /home/travis/build/icyphy/ptII/ptolemy/domains/de/test/auto/ResetTransitionWithStartTime2.xml (RunModel)" time="0.02" />
  <testcase classname="ptolemy.util.test.junit.AutoTests" name="[56] /home/travis/build/icyphy/ptII/ptolemy/domains/de/test/auto/ResetTransitionWithStartTime3.xml (RunModel)" time="0.019" />
  <testcase classname="ptolemy.util.test.junit.AutoTests" name="[57] /home/travis/build/icyphy/ptII/ptolemy/domains/de/test/auto/ResetTransitionWithStartTime4.xml (RunModel)" time="0.021" />
  <testcase classname="ptolemy.util.test.junit.AutoTests" name="[58] /home/travis/build/icyphy/ptII/ptolemy/domains/de/test/auto/ResettableTimer1.xml (RunModel)" time="0.009" />
  <testcase classname="ptolemy.util.test.junit.AutoTests" name="[59] /home/travis/build/icyphy/ptII/ptolemy/domains/de/test/auto/ResettableTimer2.xml (RunModel)" time="0.009" />
  <testcase classname="ptolemy.util.test.junit.AutoTests" name="[60] /home/travis/build/icyphy/ptII/ptolemy/domains/de/test/auto/ResettableTimer3.xml (RunModel)" time="0.008" />
  <testcase classname="ptolemy.util.test.junit.AutoTests" name="[61] /home/travis/build/icyphy/ptII/ptolemy/domains/de/test/auto/ResettableTimer4.xml (RunModel)" time="0.012" />
  <testcase classname="ptolemy.util.test.junit.AutoTests" name="[62] /home/travis/build/icyphy/ptII/ptolemy/domains/de/test/auto/ResettableTimer5.xml (RunModel)" time="0.011" />
  <testcase classname="ptolemy.util.test.junit.AutoTests" name="[63] /home/travis/build/icyphy/ptII/ptolemy/domains/de/test/auto/ResettableTimer6.xml (RunModel)" time="0.018" />
  <testcase classname="ptolemy.util.test.junit.AutoTests" name="[64] /home/travis/build/icyphy/ptII/ptolemy/domains/de/test/auto/ServerZeroDelay.xml (RunModel)" time="0.014" />
  <testcase classname="ptolemy.util.test.junit.AutoTests" name="[65] /home/travis/build/icyphy/ptII/ptolemy/domains/de/test/auto/SmartSender.xml (RunModel)" time="3.008" />
  <testcase classname="ptolemy.util.test.junit.AutoTests" name="[66] /home/travis/build/icyphy/ptII/ptolemy/domains/de/test/auto/ThreadedComposite.xml (RunModel)" time="0.129" />
  <testcase classname="ptolemy.util.test.junit.AutoTests" name="[67] /home/travis/build/icyphy/ptII/ptolemy/domains/de/test/auto/Time.xml (RunModel)" time="0.453" />
  <testcase classname="ptolemy.util.test.junit.AutoTests" name="[68] /home/travis/build/icyphy/ptII/ptolemy/domains/de/test/auto/TimeDelayZeroDelay.xml (RunModel)" time="0.013" />
  <testcase classname="ptolemy.util.test.junit.AutoTests" name="[69] /home/travis/build/icyphy/ptII/ptolemy/domains/de/test/auto/TimerZeroDelay.xml (RunModel)" time="0.012" />
  <testcase classname="ptolemy.util.test.junit.AutoTests" name="[70] /home/travis/build/icyphy/ptII/ptolemy/domains/de/test/auto/TimingParadox.xml (RunModel)" time="0.374" />
  <testcase classname="ptolemy.util.test.junit.AutoTests" name="[71] /home/travis/build/icyphy/ptII/ptolemy/domains/de/test/auto/TransferInputs.xml (RunModel)" time="0.014" />
  <testcase classname="ptolemy.util.test.junit.AutoTests" name="[72] /home/travis/build/icyphy/ptII/ptolemy/domains/de/test/auto/TransferOutputs2.xml (RunModel)" time="0.015" />
  <testcase classname="ptolemy.util.test.junit.AutoTests" name="[73] /home/travis/build/icyphy/ptII/ptolemy/domains/de/test/auto/Trilateration.xml (RunModel)" time="13.888" />
  <testcase classname="ptolemy.util.test.junit.AutoTests" name="[74] /home/travis/build/icyphy/ptII/ptolemy/domains/de/test/auto/TwoSigmaDelta.xml (RunModel)" time="2.08" />
  <testcase classname="ptolemy.util.test.junit.AutoTests" name="[75] /home/travis/build/icyphy/ptII/ptolemy/domains/de/test/auto/VariableDelay.xml (RunModel)" time="0.022" />
  <testcase classname="ptolemy.util.test.junit.AutoTests" name="[76] /home/travis/build/icyphy/ptII/ptolemy/domains/de/test/auto/VariableDelay2.xml (RunModel)" time="0.01" />
  <testcase classname="ptolemy.util.test.junit.AutoTests" name="[77] /home/travis/build/icyphy/ptII/ptolemy/domains/de/test/auto/VariableDelayZeroDelay.xml (RunModel)" time="0.017" />
  <testcase classname="ptolemy.util.test.junit.AutoTests" name="[78] /home/travis/build/icyphy/ptII/ptolemy/domains/de/test/auto/VariableDelayZeroDelay2.xml (RunModel)" time="0.011" />
  <testcase classname="ptolemy.util.test.junit.AutoTests" name="[79] /home/travis/build/icyphy/ptII/ptolemy/domains/de/test/auto/deInCt.xml (RunModel)" time="0.019" />
  <testcase classname="ptolemy.util.test.junit.AutoTests" name="[80] /home/travis/build/icyphy/ptII/ptolemy/domains/de/test/auto/deInCt2.xml (RunModel)" time="0.041" />
  <testcase classname="ptolemy.util.test.junit.AutoTests" name="[81] /home/travis/build/icyphy/ptII/ptolemy/domains/de/test/auto/dynamicCausalityInterface1.xml (RunModel)" time="0.018" />
  <testcase classname="ptolemy.util.test.junit.AutoTests" name="[82] /home/travis/build/icyphy/ptII/ptolemy/domains/de/test/auto/fsm_de_test.xml (RunModel)" time="0.022" />
  <testcase classname="ptolemy.util.test.junit.AutoTests" name="[83] /home/travis/build/icyphy/ptII/ptolemy/domains/de/test/auto/functionDependencyReconstruction.xml (RunModel)" time="0.03" />
  <testcase classname="ptolemy.util.test.junit.AutoTests" name="[84] /home/travis/build/icyphy/ptII/ptolemy/domains/de/test/auto/multirate.xml (RunModel)" time="0.016" />
  <testcase classname="ptolemy.util.test.junit.AutoTests" name="[85] /home/travis/build/icyphy/ptII/ptolemy/domains/de/test/auto/multirate2.xml (RunModel)" time="0.02" />
  <testcase classname="ptolemy.util.test.junit.AutoTests" name="[86] /home/travis/build/icyphy/ptII/ptolemy/domains/de/test/auto/realtime.xml (RunModel)" time="10.01" />
  <testcase classname="ptolemy.util.test.junit.AutoTests" name="[87] /home/travis/build/icyphy/ptII/ptolemy/domains/de/test/auto/relationGroup.xml (RunModel)" time="0.019" />
  <testcase classname="ptolemy.util.test.junit.AutoTests" name="[88] /home/travis/build/icyphy/ptII/ptolemy/domains/de/test/auto/relationGroup2.xml (RunModel)" time="0.01" />
  <testcase classname="ptolemy.util.test.junit.AutoTests" name="[89] /home/travis/build/icyphy/ptII/ptolemy/domains/de/test/auto/sortWithOpaquePorts.xml (RunModel)" time="0.009" />
  <testcase classname="ptolemy.util.test.junit.AutoTests" name="[90] /home/travis/build/icyphy/ptII/ptolemy/domains/de/test/auto/transferInputsandOutputs.xml (RunModel)" time="0.019" />
  <testcase classname="ptolemy.util.test.junit.AutoTests" name="[91] /home/travis/build/icyphy/ptII/ptolemy/domains/de/test/auto/triggerType.xml (RunModel)" time="0.009" />
  <system-out><![CDATA[/home/travis/build/icyphy/ptII/ptolemy/domains/de/test/DependencyLoop.tcl
testDefs.tcl: setting time out to 9000 seconds at Wed Oct 02 05:47:05 UTC 2019
56 ms. Memory: 120832K Free: 72134K (60%)
33 ms. Memory: 120832K Free: 54711K (45%)
/home/travis/build/icyphy/ptII/ptolemy/domains/de/test/RunDETestsAsQSS.tcl
Run the DE tests using ptolemy.domains.qss.test.QSSDirectorTest, which extends QSSDirector and prints a message in the constructors.
------------------ testing $PTII/ptolemy/domains/de/test/auto/knownFailedTests/DirectFeedback.xml (Known Failure) 
46 ms. Memory: 120832K Free: 48582K (40%)


==== $PTIIhome/travis/build/icyphy/ptII/ptolemy/domains/de/test/../../../../: Auto Automatic test in file $PTII/ptolemy/domains/de/test/auto/knownFailedTests/DirectFeedback.xml
==== Contents of test case:

	    # FIXME: we should use $relativeFilename here, but it
	    # might have backslashes under Windows, which causes no end
	    # of trouble.
	    createAndExecute $file
	    list {}
	
.... Test generated KNOWN error:
    while executing
ptolemy.kernel.util.IllegalActionException: Test fails in iteration 1.
Value was: 1.0. Should have been: 2.0
  in .DirectFeedback.Test
	at ptolemy.actor.lib.Test.fire(Test.java:268)
	at ptolemy.domains.de.kernel.DEDirector._fire(DEDirector.java:1949)
	at ptolemy.domains.de.kernel.DEDirector.fire(DEDirector.java:502)
	at ptolemy.actor.CompositeActor.fire(CompositeActor.java:455)
	at ptolemy.actor.Manager.iterate(Manager.java:851)
	at ptolemy.actor.Manager.execute(Manager.java:369)
	at ptolemy.actor.Manager.run(Manager.java:1263)
	at ptolemy.actor.Manager$PtolemyRunThread.run(Manager.java:1933)

    while executing
ptolemy.kernel.util.IllegalActionException: Test fails in iteration 1.
Value was: 1.0. Should have been: 2.0
  in .DirectFeedback.Test
    while executing
"java::new ptolemy.moml.MoMLSimpleApplication $file
"
    (procedure "createAndExecute" line 2)
    invoked from within
"createAndExecute $file"
    ("uplevel" body line 5)
    invoked from within
"uplevel $contents_of_test"
------------------ testing $PTII/ptolemy/domains/de/test/auto/knownFailedTests/dependencyLoop.xml (Known Failure) 
53 ms. Memory: 120832K Free: 108299K (90%)


==== $PTIIhome/travis/build/icyphy/ptII/ptolemy/domains/de/test/../../../../: Auto Automatic test in file $PTII/ptolemy/domains/de/test/auto/knownFailedTests/dependencyLoop.xml
==== Contents of test case:

	    # FIXME: we should use $relativeFilename here, but it
	    # might have backslashes under Windows, which causes no end
	    # of trouble.
	    createAndExecute $file
	    list {}
	
.... Test generated KNOWN error:
    while executing
ptolemy.kernel.util.IllegalActionException: Found a zero delay loop containing .dependencyLoop.original
  in .dependencyLoop and .dependencyLoop.original
	at ptolemy.actor.util.CausalityInterfaceForComposites._computeOutputPortDepth(CausalityInterfaceForComposites.java:759)
	at ptolemy.actor.util.CausalityInterfaceForComposites._computeInputDepth(CausalityInterfaceForComposites.java:696)
	at ptolemy.actor.util.CausalityInterfaceForComposites._computeOutputPortDepth(CausalityInterfaceForComposites.java:765)
	at ptolemy.actor.util.CausalityInterfaceForComposites._computeInputDepth(CausalityInterfaceForComposites.java:696)
	at ptolemy.actor.util.CausalityInterfaceForComposites._computeOutputPortDepth(CausalityInterfaceForComposites.java:765)
	at ptolemy.actor.util.CausalityInterfaceForComposites._computeInputDepth(CausalityInterfaceForComposites.java:696)
	at ptolemy.actor.util.CausalityInterfaceForComposites._computeActorDepth(CausalityInterfaceForComposites.java:532)
	at ptolemy.actor.util.CausalityInterfaceForComposites.checkForCycles(CausalityInterfaceForComposites.java:96)
	at ptolemy.domains.de.kernel.DEDirector.preinitialize(DEDirector.java:1338)
	at ptolemy.actor.CompositeActor.preinitialize(CompositeActor.java:1828)
	at ptolemy.actor.Manager.preinitializeAndResolveTypes(Manager.java:1040)
	at ptolemy.actor.Manager.initialize(Manager.java:710)
	at ptolemy.actor.Manager.execute(Manager.java:356)
	at ptolemy.actor.Manager.run(Manager.java:1263)
	at ptolemy.actor.Manager$PtolemyRunThread.run(Manager.java:1933)

    while executing
ptolemy.kernel.util.IllegalActionException: Found a zero delay loop containing .dependencyLoop.original
  in .dependencyLoop and .dependencyLoop.original
    while executing
"java::new ptolemy.moml.MoMLSimpleApplication $file
"
    (procedure "createAndExecute" line 2)
    invoked from within
"createAndExecute $file"
    ("uplevel" body line 5)
    invoked from within
"uplevel $contents_of_test"
------------------ testing $PTII/ptolemy/domains/de/test/auto/knownFailedTests/FSMSource.xml (Known Failure) 
77 ms. Memory: 120832K Free: 99159K (82%)
!!!! Auto was marked as failing, but now passes
------------------ testing $PTII/ptolemy/domains/de/test/auto/knownFailedTests/HierarchicalModel.xml (Known Failure) 
7 ms. Memory: 120832K Free: 81721K (68%)


==== $PTIIhome/travis/build/icyphy/ptII/ptolemy/domains/de/test/../../../../: Auto Automatic test in file $PTII/ptolemy/domains/de/test/auto/knownFailedTests/HierarchicalModel.xml
==== Contents of test case:

	    # FIXME: we should use $relativeFilename here, but it
	    # might have backslashes under Windows, which causes no end
	    # of trouble.
	    createAndExecute $file
	    list {}
	
.... Test generated KNOWN error:
    while executing
ptolemy.kernel.util.IllegalActionException: Found a zero delay loop containing .HierarchicalModel.A
  in .HierarchicalModel and .HierarchicalModel.A
	at ptolemy.actor.util.CausalityInterfaceForComposites._computeOutputPortDepth(CausalityInterfaceForComposites.java:759)
	at ptolemy.actor.util.CausalityInterfaceForComposites._computeInputDepth(CausalityInterfaceForComposites.java:696)
	at ptolemy.actor.util.CausalityInterfaceForComposites._computeOutputPortDepth(CausalityInterfaceForComposites.java:765)
	at ptolemy.actor.util.CausalityInterfaceForComposites._computeInputDepth(CausalityInterfaceForComposites.java:696)
	at ptolemy.actor.util.CausalityInterfaceForComposites._computeOutputPortDepth(CausalityInterfaceForComposites.java:765)
	at ptolemy.actor.util.CausalityInterfaceForComposites._computeInputDepth(CausalityInterfaceForComposites.java:696)
	at ptolemy.actor.util.CausalityInterfaceForComposites._computeActorDepth(CausalityInterfaceForComposites.java:532)
	at ptolemy.actor.util.CausalityInterfaceForComposites.checkForCycles(CausalityInterfaceForComposites.java:96)
	at ptolemy.domains.de.kernel.DEDirector.preinitialize(DEDirector.java:1338)
	at ptolemy.actor.CompositeActor.preinitialize(CompositeActor.java:1828)
	at ptolemy.actor.Manager.preinitializeAndResolveTypes(Manager.java:1040)
	at ptolemy.actor.Manager.initialize(Manager.java:710)
	at ptolemy.actor.Manager.execute(Manager.java:356)
	at ptolemy.actor.Manager.run(Manager.java:1263)
	at ptolemy.actor.Manager$PtolemyRunThread.run(Manager.java:1933)

    while executing
ptolemy.kernel.util.IllegalActionException: Found a zero delay loop containing .HierarchicalModel.A
  in .HierarchicalModel and .HierarchicalModel.A
    while executing
"java::new ptolemy.moml.MoMLSimpleApplication $file
"
    (procedure "createAndExecute" line 2)
    invoked from within
"createAndExecute $file"
    ("uplevel" body line 5)
    invoked from within
"uplevel $contents_of_test"
------------------ testing $PTII/ptolemy/domains/de/test/auto/knownFailedTests/dependencyLoop2.xml (Known Failure) 
5 ms. Memory: 120832K Free: 65786K (54%)


==== $PTIIhome/travis/build/icyphy/ptII/ptolemy/domains/de/test/../../../../: Auto Automatic test in file $PTII/ptolemy/domains/de/test/auto/knownFailedTests/dependencyLoop2.xml
==== Contents of test case:

	    # FIXME: we should use $relativeFilename here, but it
	    # might have backslashes under Windows, which causes no end
	    # of trouble.
	    createAndExecute $file
	    list {}
	
.... Test generated KNOWN error:
    while executing
ptolemy.kernel.util.IllegalActionException: Found a zero delay loop containing .dependencyLoop2.original
  in .dependencyLoop2 and .dependencyLoop2.original
	at ptolemy.actor.util.CausalityInterfaceForComposites._computeOutputPortDepth(CausalityInterfaceForComposites.java:759)
	at ptolemy.actor.util.CausalityInterfaceForComposites._computeInputDepth(CausalityInterfaceForComposites.java:696)
	at ptolemy.actor.util.CausalityInterfaceForComposites._computeOutputPortDepth(CausalityInterfaceForComposites.java:765)
	at ptolemy.actor.util.CausalityInterfaceForComposites._computeInputDepth(CausalityInterfaceForComposites.java:696)
	at ptolemy.actor.util.CausalityInterfaceForComposites._computeOutputPortDepth(CausalityInterfaceForComposites.java:765)
	at ptolemy.actor.util.CausalityInterfaceForComposites._computeInputDepth(CausalityInterfaceForComposites.java:696)
	at ptolemy.actor.util.CausalityInterfaceForComposites._computeActorDepth(CausalityInterfaceForComposites.java:532)
	at ptolemy.actor.util.CausalityInterfaceForComposites.checkForCycles(CausalityInterfaceForComposites.java:96)
	at ptolemy.domains.de.kernel.DEDirector.preinitialize(DEDirector.java:1338)
	at ptolemy.actor.CompositeActor.preinitialize(CompositeActor.java:1828)
	at ptolemy.actor.Manager.preinitializeAndResolveTypes(Manager.java:1040)
	at ptolemy.actor.Manager.initialize(Manager.java:710)
	at ptolemy.actor.Manager.execute(Manager.java:356)
	at ptolemy.actor.Manager.run(Manager.java:1263)
	at ptolemy.actor.Manager$PtolemyRunThread.run(Manager.java:1933)

    while executing
ptolemy.kernel.util.IllegalActionException: Found a zero delay loop containing .dependencyLoop2.original
  in .dependencyLoop2 and .dependencyLoop2.original
    while executing
"java::new ptolemy.moml.MoMLSimpleApplication $file
"
    (procedure "createAndExecute" line 2)
    invoked from within
"createAndExecute $file"
    ("uplevel" body line 5)
    invoked from within
"uplevel $contents_of_test"
------------------ testing $PTII/ptolemy/domains/de/test/auto/knownFailedTests/DESDFClockTest.xml (Known Failure) 
2058 ms. Memory: 120832K Free: 94319K (78%)


==== $PTIIhome/travis/build/icyphy/ptII/ptolemy/domains/de/test/../../../../: Auto Automatic test in file $PTII/ptolemy/domains/de/test/auto/knownFailedTests/DESDFClockTest.xml
==== Contents of test case:

	    # FIXME: we should use $relativeFilename here, but it
	    # might have backslashes under Windows, which causes no end
	    # of trouble.
	    createAndExecute $file
	    list {}
	
.... Test generated KNOWN error:
    while executing
ptolemy.kernel.util.IllegalActionException: Actor is not ready to fire.  Perhaps UpSample.prefire() returned false? Try debugging the actor by selecting "Listen to Actor".  Also, for SDF check moml for tokenConsumptionRate on input.
  in .DESDFClockTest.Play Bell.Copy1:SDF Director and .DESDFClockTest.Play Bell.UpSample
	at ptolemy.actor.sched.StaticSchedulingDirector.fire(StaticSchedulingDirector.java:227)
	at ptolemy.domains.sdf.kernel.SDFDirector.fire(SDFDirector.java:500)
	at ptolemy.actor.CompositeActor.fire(CompositeActor.java:455)
	at ptolemy.domains.de.kernel.DEDirector._fire(DEDirector.java:1949)
	at ptolemy.domains.de.kernel.DEDirector.fire(DEDirector.java:502)
	at ptolemy.actor.CompositeActor.fire(CompositeActor.java:455)
	at ptolemy.actor.Manager.iterate(Manager.java:851)
	at ptolemy.actor.Manager.execute(Manager.java:369)
	at ptolemy.actor.Manager.run(Manager.java:1263)
	at ptolemy.actor.Manager$PtolemyRunThread.run(Manager.java:1933)

    while executing
ptolemy.kernel.util.IllegalActionException: Actor is not ready to fire.  Perhaps UpSample.prefire() returned false? Try debugging the actor by selecting "Listen to Actor".  Also, for SDF check moml for tokenConsumptionRate on input.
  in .DESDFClockTest.Play Bell.Copy1:SDF Director and .DESDFClockTest.Play Bell.UpSample
    while executing
"java::new ptolemy.moml.MoMLSimpleApplication $file
"
    (procedure "createAndExecute" line 2)
    invoked from within
"createAndExecute $file"
    ("uplevel" body line 5)
    invoked from within
"uplevel $contents_of_test"
------------------ testing $PTII/ptolemy/domains/de/test/auto/ActorDepthCalculation_actorWithoutPorts.xml
auto.tcl: Setting watchdog for 200 seconds at Wed Oct 02 05:47:09 UTC 2019
6 ms. Memory: 120832K Free: 87121K (72%)
ptolemy.util.test.WatchDog.cancel(): canceling Wed Oct 02 05:47:09 UTC 2019
auto.tcl: Setting watchdog for 200 seconds at Wed Oct 02 05:47:09 UTC 2019
4 ms. Memory: 120832K Free: 85842K (71%)
ptolemy.util.test.WatchDog.cancel(): canceling Wed Oct 02 05:47:09 UTC 2019
------------------ testing $PTII/ptolemy/domains/de/test/auto/AssemblyLine.xml
auto.tcl: Setting watchdog for 200 seconds at Wed Oct 02 05:47:09 UTC 2019
17 ms. Memory: 48128K Free: 25505K (53%)
ptolemy.util.test.WatchDog.cancel(): canceling Wed Oct 02 05:47:09 UTC 2019
auto.tcl: Setting watchdog for 200 seconds at Wed Oct 02 05:47:09 UTC 2019
14 ms. Memory: 48128K Free: 24743K (51%)
ptolemy.util.test.WatchDog.cancel(): canceling Wed Oct 02 05:47:09 UTC 2019
------------------ testing $PTII/ptolemy/domains/de/test/auto/CQBug1.xml
auto.tcl: Setting watchdog for 200 seconds at Wed Oct 02 05:47:09 UTC 2019
2 ms. Memory: 48128K Free: 31469K (65%)
ptolemy.util.test.WatchDog.cancel(): canceling Wed Oct 02 05:47:09 UTC 2019
auto.tcl: Setting watchdog for 200 seconds at Wed Oct 02 05:47:09 UTC 2019
2 ms. Memory: 48128K Free: 31040K (64%)
ptolemy.util.test.WatchDog.cancel(): canceling Wed Oct 02 05:47:09 UTC 2019
------------------ testing $PTII/ptolemy/domains/de/test/auto/CancelFireAt.xml
auto.tcl: Setting watchdog for 200 seconds at Wed Oct 02 05:47:09 UTC 2019
13 ms. Memory: 45056K Free: 29698K (66%)
ptolemy.util.test.WatchDog.cancel(): canceling Wed Oct 02 05:47:09 UTC 2019
auto.tcl: Setting watchdog for 200 seconds at Wed Oct 02 05:47:09 UTC 2019
2 ms. Memory: 45056K Free: 29255K (65%)
ptolemy.util.test.WatchDog.cancel(): canceling Wed Oct 02 05:47:09 UTC 2019
------------------ testing $PTII/ptolemy/domains/de/test/auto/CausalityAndComposabilityAnalysis.xml
auto.tcl: Setting watchdog for 200 seconds at Wed Oct 02 05:47:09 UTC 2019
15 ms. Memory: 45056K Free: 27925K (62%)
ptolemy.util.test.WatchDog.cancel(): canceling Wed Oct 02 05:47:09 UTC 2019
auto.tcl: Setting watchdog for 200 seconds at Wed Oct 02 05:47:09 UTC 2019
6 ms. Memory: 45056K Free: 27094K (60%)
ptolemy.util.test.WatchDog.cancel(): canceling Wed Oct 02 05:47:09 UTC 2019
------------------ testing $PTII/ptolemy/domains/de/test/auto/CausalityInterface1.xml
auto.tcl: Setting watchdog for 200 seconds at Wed Oct 02 05:47:09 UTC 2019
24 ms. Memory: 45056K Free: 26367K (59%)
ptolemy.util.test.WatchDog.cancel(): canceling Wed Oct 02 05:47:10 UTC 2019
auto.tcl: Setting watchdog for 200 seconds at Wed Oct 02 05:47:10 UTC 2019
5 ms. Memory: 45056K Free: 25403K (56%)
ptolemy.util.test.WatchDog.cancel(): canceling Wed Oct 02 05:47:10 UTC 2019
------------------ testing $PTII/ptolemy/domains/de/test/auto/CausalityInterface15.xml
auto.tcl: Setting watchdog for 200 seconds at Wed Oct 02 05:47:10 UTC 2019
19 ms. Memory: 45056K Free: 26058K (58%)
ptolemy.util.test.WatchDog.cancel(): canceling Wed Oct 02 05:47:10 UTC 2019
auto.tcl: Setting watchdog for 200 seconds at Wed Oct 02 05:47:10 UTC 2019
5 ms. Memory: 45056K Free: 25357K (56%)
ptolemy.util.test.WatchDog.cancel(): canceling Wed Oct 02 05:47:10 UTC 2019
------------------ testing $PTII/ptolemy/domains/de/test/auto/CausalityInterface2.xml
auto.tcl: Setting watchdog for 200 seconds at Wed Oct 02 05:47:10 UTC 2019
8 ms. Memory: 45056K Free: 26872K (60%)
ptolemy.util.test.WatchDog.cancel(): canceling Wed Oct 02 05:47:10 UTC 2019
auto.tcl: Setting watchdog for 200 seconds at Wed Oct 02 05:47:10 UTC 2019
3 ms. Memory: 45056K Free: 25964K (58%)
ptolemy.util.test.WatchDog.cancel(): canceling Wed Oct 02 05:47:10 UTC 2019
------------------ testing $PTII/ptolemy/domains/de/test/auto/CausalityInterface3.xml
auto.tcl: Setting watchdog for 200 seconds at Wed Oct 02 05:47:10 UTC 2019
8 ms. Memory: 45056K Free: 26560K (59%)
ptolemy.util.test.WatchDog.cancel(): canceling Wed Oct 02 05:47:10 UTC 2019
auto.tcl: Setting watchdog for 200 seconds at Wed Oct 02 05:47:10 UTC 2019
4 ms. Memory: 45056K Free: 25763K (57%)
ptolemy.util.test.WatchDog.cancel(): canceling Wed Oct 02 05:47:10 UTC 2019
------------------ testing $PTII/ptolemy/domains/de/test/auto/ClockDrift.xml
auto.tcl: Setting watchdog for 200 seconds at Wed Oct 02 05:47:10 UTC 2019
103 ms. Memory: 45056K Free: 19154K (43%)
ptolemy.util.test.WatchDog.cancel(): canceling Wed Oct 02 05:47:10 UTC 2019
auto.tcl: Setting watchdog for 200 seconds at Wed Oct 02 05:47:10 UTC 2019
65 ms. Memory: 45056K Free: 16140K (36%)
ptolemy.util.test.WatchDog.cancel(): canceling Wed Oct 02 05:47:10 UTC 2019
------------------ testing $PTII/ptolemy/domains/de/test/auto/ClockDriftAndValueChange.xml
auto.tcl: Setting watchdog for 200 seconds at Wed Oct 02 05:47:10 UTC 2019
23 ms. Memory: 45056K Free: 19223K (43%)
ptolemy.util.test.WatchDog.cancel(): canceling Wed Oct 02 05:47:10 UTC 2019
auto.tcl: Setting watchdog for 200 seconds at Wed Oct 02 05:47:10 UTC 2019
25 ms. Memory: 45056K Free: 16378K (36%)
ptolemy.util.test.WatchDog.cancel(): canceling Wed Oct 02 05:47:10 UTC 2019
------------------ testing $PTII/ptolemy/domains/de/test/auto/ClockDriftChange.xml
auto.tcl: Setting watchdog for 200 seconds at Wed Oct 02 05:47:10 UTC 2019
25 ms. Memory: 45056K Free: 21279K (47%)
ptolemy.util.test.WatchDog.cancel(): canceling Wed Oct 02 05:47:10 UTC 2019
auto.tcl: Setting watchdog for 200 seconds at Wed Oct 02 05:47:10 UTC 2019
27 ms. Memory: 45056K Free: 18424K (41%)
ptolemy.util.test.WatchDog.cancel(): canceling Wed Oct 02 05:47:11 UTC 2019
------------------ testing $PTII/ptolemy/domains/de/test/auto/ComposableCausalityAnalysis.xml
auto.tcl: Setting watchdog for 200 seconds at Wed Oct 02 05:47:11 UTC 2019
2 ms. Memory: 45056K Free: 25931K (58%)
ptolemy.util.test.WatchDog.cancel(): canceling Wed Oct 02 05:47:11 UTC 2019
auto.tcl: Setting watchdog for 200 seconds at Wed Oct 02 05:47:11 UTC 2019
5 ms. Memory: 45056K Free: 24867K (55%)
ptolemy.util.test.WatchDog.cancel(): canceling Wed Oct 02 05:47:11 UTC 2019
------------------ testing $PTII/ptolemy/domains/de/test/auto/DEFixedPointLimitation.xml
auto.tcl: Setting watchdog for 200 seconds at Wed Oct 02 05:47:11 UTC 2019
3 ms. Memory: 45056K Free: 27262K (61%)
ptolemy.util.test.WatchDog.cancel(): canceling Wed Oct 02 05:47:11 UTC 2019
auto.tcl: Setting watchdog for 200 seconds at Wed Oct 02 05:47:11 UTC 2019
2 ms. Memory: 45056K Free: 26355K (58%)
ptolemy.util.test.WatchDog.cancel(): canceling Wed Oct 02 05:47:11 UTC 2019
------------------ testing $PTII/ptolemy/domains/de/test/auto/DEScheduleTest.xml
auto.tcl: Setting watchdog for 200 seconds at Wed Oct 02 05:47:11 UTC 2019
4 ms. Memory: 45056K Free: 27495K (61%)
ptolemy.util.test.WatchDog.cancel(): canceling Wed Oct 02 05:47:11 UTC 2019
auto.tcl: Setting watchdog for 200 seconds at Wed Oct 02 05:47:11 UTC 2019
3 ms. Memory: 45056K Free: 26769K (59%)
ptolemy.util.test.WatchDog.cancel(): canceling Wed Oct 02 05:47:11 UTC 2019
------------------ testing $PTII/ptolemy/domains/de/test/auto/DEinDEwithStartTimes.xml
auto.tcl: Setting watchdog for 200 seconds at Wed Oct 02 05:47:11 UTC 2019
6 ms. Memory: 45056K Free: 25712K (57%)
ptolemy.util.test.WatchDog.cancel(): canceling Wed Oct 02 05:47:11 UTC 2019
auto.tcl: Setting watchdog for 200 seconds at Wed Oct 02 05:47:11 UTC 2019
10 ms. Memory: 45056K Free: 24308K (54%)
ptolemy.util.test.WatchDog.cancel(): canceling Wed Oct 02 05:47:11 UTC 2019
------------------ testing $PTII/ptolemy/domains/de/test/auto/DEinDEwithStartTimes2.xml
auto.tcl: Setting watchdog for 200 seconds at Wed Oct 02 05:47:11 UTC 2019
11 ms. Memory: 45056K Free: 24959K (55%)
ptolemy.util.test.WatchDog.cancel(): canceling Wed Oct 02 05:47:11 UTC 2019
auto.tcl: Setting watchdog for 200 seconds at Wed Oct 02 05:47:11 UTC 2019
4 ms. Memory: 45056K Free: 23627K (52%)
ptolemy.util.test.WatchDog.cancel(): canceling Wed Oct 02 05:47:11 UTC 2019
------------------ testing $PTII/ptolemy/domains/de/test/auto/DateDemo.xml
auto.tcl: Setting watchdog for 200 seconds at Wed Oct 02 05:47:11 UTC 2019
19 ms. Memory: 45056K Free: 19269K (43%)
ptolemy.util.test.WatchDog.cancel(): canceling Wed Oct 02 05:47:11 UTC 2019
auto.tcl: Setting watchdog for 200 seconds at Wed Oct 02 05:47:11 UTC 2019
8 ms. Memory: 45056K Free: 17678K (39%)
ptolemy.util.test.WatchDog.cancel(): canceling Wed Oct 02 05:47:11 UTC 2019
------------------ testing $PTII/ptolemy/domains/de/test/auto/DateToEvent.xml
auto.tcl: Setting watchdog for 200 seconds at Wed Oct 02 05:47:11 UTC 2019
2010 ms. Memory: 45056K Free: 15191K (34%)
ptolemy.util.test.WatchDog.cancel(): canceling Wed Oct 02 05:47:13 UTC 2019
auto.tcl: Setting watchdog for 200 seconds at Wed Oct 02 05:47:13 UTC 2019
2006 ms. Memory: 45056K Free: 14439K (32%)
ptolemy.util.test.WatchDog.cancel(): canceling Wed Oct 02 05:47:15 UTC 2019
------------------ testing $PTII/ptolemy/domains/de/test/auto/DepthTest1.xml
auto.tcl: Setting watchdog for 200 seconds at Wed Oct 02 05:47:15 UTC 2019
4 ms. Memory: 45056K Free: 28827K (64%)
ptolemy.util.test.WatchDog.cancel(): canceling Wed Oct 02 05:47:15 UTC 2019
auto.tcl: Setting watchdog for 200 seconds at Wed Oct 02 05:47:15 UTC 2019
1 ms. Memory: 45056K Free: 27966K (62%)
ptolemy.util.test.WatchDog.cancel(): canceling Wed Oct 02 05:47:15 UTC 2019
------------------ testing $PTII/ptolemy/domains/de/test/auto/DepthTest2.xml
auto.tcl: Setting watchdog for 200 seconds at Wed Oct 02 05:47:15 UTC 2019
7 ms. Memory: 45056K Free: 25190K (56%)
ptolemy.util.test.WatchDog.cancel(): canceling Wed Oct 02 05:47:15 UTC 2019
auto.tcl: Setting watchdog for 200 seconds at Wed Oct 02 05:47:15 UTC 2019
3 ms. Memory: 45056K Free: 24795K (55%)
ptolemy.util.test.WatchDog.cancel(): canceling Wed Oct 02 05:47:15 UTC 2019
------------------ testing $PTII/ptolemy/domains/de/test/auto/DepthTest3.xml
auto.tcl: Setting watchdog for 200 seconds at Wed Oct 02 05:47:16 UTC 2019
10 ms. Memory: 45056K Free: 28804K (64%)
ptolemy.util.test.WatchDog.cancel(): canceling Wed Oct 02 05:47:16 UTC 2019
auto.tcl: Setting watchdog for 200 seconds at Wed Oct 02 05:47:16 UTC 2019
2 ms. Memory: 45056K Free: 28266K (63%)
ptolemy.util.test.WatchDog.cancel(): canceling Wed Oct 02 05:47:16 UTC 2019
------------------ testing $PTII/ptolemy/domains/de/test/auto/DepthTest4.xml
auto.tcl: Setting watchdog for 200 seconds at Wed Oct 02 05:47:16 UTC 2019
7 ms. Memory: 45056K Free: 27024K (60%)
ptolemy.util.test.WatchDog.cancel(): canceling Wed Oct 02 05:47:16 UTC 2019
auto.tcl: Setting watchdog for 200 seconds at Wed Oct 02 05:47:16 UTC 2019
3 ms. Memory: 45056K Free: 26292K (58%)
ptolemy.util.test.WatchDog.cancel(): canceling Wed Oct 02 05:47:16 UTC 2019
------------------ testing $PTII/ptolemy/domains/de/test/auto/DepthTest5.xml
auto.tcl: Setting watchdog for 200 seconds at Wed Oct 02 05:47:16 UTC 2019
3 ms. Memory: 45056K Free: 26424K (59%)
ptolemy.util.test.WatchDog.cancel(): canceling Wed Oct 02 05:47:16 UTC 2019
auto.tcl: Setting watchdog for 200 seconds at Wed Oct 02 05:47:16 UTC 2019
3 ms. Memory: 45056K Free: 25627K (57%)
ptolemy.util.test.WatchDog.cancel(): canceling Wed Oct 02 05:47:16 UTC 2019
------------------ testing $PTII/ptolemy/domains/de/test/auto/DepthTest6.xml
auto.tcl: Setting watchdog for 200 seconds at Wed Oct 02 05:47:16 UTC 2019
4 ms. Memory: 45056K Free: 26155K (58%)
ptolemy.util.test.WatchDog.cancel(): canceling Wed Oct 02 05:47:16 UTC 2019
auto.tcl: Setting watchdog for 200 seconds at Wed Oct 02 05:47:16 UTC 2019
2 ms. Memory: 45056K Free: 25605K (57%)
ptolemy.util.test.WatchDog.cancel(): canceling Wed Oct 02 05:47:16 UTC 2019
------------------ testing $PTII/ptolemy/domains/de/test/auto/DepthTest7.xml
auto.tcl: Setting watchdog for 200 seconds at Wed Oct 02 05:47:16 UTC 2019
2 ms. Memory: 45056K Free: 26949K (60%)
ptolemy.util.test.WatchDog.cancel(): canceling Wed Oct 02 05:47:16 UTC 2019
auto.tcl: Setting watchdog for 200 seconds at Wed Oct 02 05:47:16 UTC 2019
3 ms. Memory: 45056K Free: 26237K (58%)
ptolemy.util.test.WatchDog.cancel(): canceling Wed Oct 02 05:47:16 UTC 2019
------------------ testing $PTII/ptolemy/domains/de/test/auto/EventToDate.xml
auto.tcl: Setting watchdog for 200 seconds at Wed Oct 02 05:47:16 UTC 2019
3006 ms. Memory: 45056K Free: 17763K (39%)
ptolemy.util.test.WatchDog.cancel(): canceling Wed Oct 02 05:47:19 UTC 2019
auto.tcl: Setting watchdog for 200 seconds at Wed Oct 02 05:47:19 UTC 2019
3006 ms. Memory: 45056K Free: 17042K (38%)
ptolemy.util.test.WatchDog.cancel(): canceling Wed Oct 02 05:47:22 UTC 2019
------------------ testing $PTII/ptolemy/domains/de/test/auto/FSM1.xml
auto.tcl: Setting watchdog for 200 seconds at Wed Oct 02 05:47:22 UTC 2019
44 ms. Memory: 45056K Free: 18438K (41%)
ptolemy.util.test.WatchDog.cancel(): canceling Wed Oct 02 05:47:22 UTC 2019
auto.tcl: Setting watchdog for 200 seconds at Wed Oct 02 05:47:22 UTC 2019
18 ms. Memory: 45056K Free: 15331K (34%)
ptolemy.util.test.WatchDog.cancel(): canceling Wed Oct 02 05:47:22 UTC 2019
------------------ testing $PTII/ptolemy/domains/de/test/auto/FSM7.xml
auto.tcl: Setting watchdog for 200 seconds at Wed Oct 02 05:47:22 UTC 2019
23 ms. Memory: 45056K Free: 18616K (41%)
ptolemy.util.test.WatchDog.cancel(): canceling Wed Oct 02 05:47:22 UTC 2019
auto.tcl: Setting watchdog for 200 seconds at Wed Oct 02 05:47:22 UTC 2019
29 ms. Memory: 45056K Free: 15536K (34%)
ptolemy.util.test.WatchDog.cancel(): canceling Wed Oct 02 05:47:22 UTC 2019
------------------ testing $PTII/ptolemy/domains/de/test/auto/Inspection.xml
auto.tcl: Setting watchdog for 200 seconds at Wed Oct 02 05:47:22 UTC 2019
23 ms. Memory: 45056K Free: 18681K (41%)
ptolemy.util.test.WatchDog.cancel(): canceling Wed Oct 02 05:47:22 UTC 2019
auto.tcl: Setting watchdog for 200 seconds at Wed Oct 02 05:47:22 UTC 2019
21 ms. Memory: 45056K Free: 16941K (38%)
ptolemy.util.test.WatchDog.cancel(): canceling Wed Oct 02 05:47:22 UTC 2019
------------------ testing $PTII/ptolemy/domains/de/test/auto/Iteration.xml
auto.tcl: Setting watchdog for 200 seconds at Wed Oct 02 05:47:22 UTC 2019
7 ms. Memory: 45056K Free: 24393K (54%)
ptolemy.util.test.WatchDog.cancel(): canceling Wed Oct 02 05:47:22 UTC 2019
auto.tcl: Setting watchdog for 200 seconds at Wed Oct 02 05:47:22 UTC 2019
7 ms. Memory: 45056K Free: 23013K (51%)
ptolemy.util.test.WatchDog.cancel(): canceling Wed Oct 02 05:47:22 UTC 2019
------------------ testing $PTII/ptolemy/domains/de/test/auto/LineFault.xml
auto.tcl: Setting watchdog for 200 seconds at Wed Oct 02 05:47:22 UTC 2019
768 ms. Memory: 45056K Free: 12133K (27%)
ptolemy.util.test.WatchDog.cancel(): canceling Wed Oct 02 05:47:23 UTC 2019
auto.tcl: Setting watchdog for 200 seconds at Wed Oct 02 05:47:23 UTC 2019
672 ms. Memory: 64512K Free: 40098K (62%)
ptolemy.util.test.WatchDog.cancel(): canceling Wed Oct 02 05:47:24 UTC 2019
------------------ testing $PTII/ptolemy/domains/de/test/auto/MergeModel1Add.xml
auto.tcl: Setting watchdog for 200 seconds at Wed Oct 02 05:47:24 UTC 2019
29 ms. Memory: 51200K Free: 16543K (32%)
ptolemy.util.test.WatchDog.cancel(): canceling Wed Oct 02 05:47:24 UTC 2019
auto.tcl: Setting watchdog for 200 seconds at Wed Oct 02 05:47:24 UTC 2019
16 ms. Memory: 51200K Free: 14961K (29%)
ptolemy.util.test.WatchDog.cancel(): canceling Wed Oct 02 05:47:24 UTC 2019
------------------ testing $PTII/ptolemy/domains/de/test/auto/MergeModel2Add.xml
auto.tcl: Setting watchdog for 200 seconds at Wed Oct 02 05:47:24 UTC 2019
9 ms. Memory: 51200K Free: 18382K (36%)
ptolemy.util.test.WatchDog.cancel(): canceling Wed Oct 02 05:47:24 UTC 2019
auto.tcl: Setting watchdog for 200 seconds at Wed Oct 02 05:47:24 UTC 2019
8 ms. Memory: 51200K Free: 16641K (33%)
ptolemy.util.test.WatchDog.cancel(): canceling Wed Oct 02 05:47:24 UTC 2019
------------------ testing $PTII/ptolemy/domains/de/test/auto/MergeModel3Add.xml
auto.tcl: Setting watchdog for 200 seconds at Wed Oct 02 05:47:25 UTC 2019
10 ms. Memory: 51200K Free: 18613K (36%)
ptolemy.util.test.WatchDog.cancel(): canceling Wed Oct 02 05:47:25 UTC 2019
auto.tcl: Setting watchdog for 200 seconds at Wed Oct 02 05:47:25 UTC 2019
10 ms. Memory: 51200K Free: 17060K (33%)
ptolemy.util.test.WatchDog.cancel(): canceling Wed Oct 02 05:47:25 UTC 2019
------------------ testing $PTII/ptolemy/domains/de/test/auto/MergeWithoutDiscard.xml
auto.tcl: Setting watchdog for 200 seconds at Wed Oct 02 05:47:25 UTC 2019
4 ms. Memory: 48128K Free: 30128K (63%)
ptolemy.util.test.WatchDog.cancel(): canceling Wed Oct 02 05:47:25 UTC 2019
auto.tcl: Setting watchdog for 200 seconds at Wed Oct 02 05:47:25 UTC 2019
1 ms. Memory: 48128K Free: 29718K (62%)
ptolemy.util.test.WatchDog.cancel(): canceling Wed Oct 02 05:47:25 UTC 2019
------------------ testing $PTII/ptolemy/domains/de/test/auto/Modal1.xml
auto.tcl: Setting watchdog for 200 seconds at Wed Oct 02 05:47:25 UTC 2019
23 ms. Memory: 48128K Free: 22246K (46%)
ptolemy.util.test.WatchDog.cancel(): canceling Wed Oct 02 05:47:25 UTC 2019
auto.tcl: Setting watchdog for 200 seconds at Wed Oct 02 05:47:25 UTC 2019
13 ms. Memory: 48128K Free: 19018K (40%)
ptolemy.util.test.WatchDog.cancel(): canceling Wed Oct 02 05:47:25 UTC 2019
------------------ testing $PTII/ptolemy/domains/de/test/auto/Modal2.xml
auto.tcl: Setting watchdog for 200 seconds at Wed Oct 02 05:47:25 UTC 2019
10 ms. Memory: 48128K Free: 22123K (46%)
ptolemy.util.test.WatchDog.cancel(): canceling Wed Oct 02 05:47:25 UTC 2019
auto.tcl: Setting watchdog for 200 seconds at Wed Oct 02 05:47:25 UTC 2019
12 ms. Memory: 48128K Free: 18890K (39%)
ptolemy.util.test.WatchDog.cancel(): canceling Wed Oct 02 05:47:25 UTC 2019
------------------ testing $PTII/ptolemy/domains/de/test/auto/Modal3.xml
auto.tcl: Setting watchdog for 200 seconds at Wed Oct 02 05:47:25 UTC 2019
16 ms. Memory: 48128K Free: 22098K (46%)
ptolemy.util.test.WatchDog.cancel(): canceling Wed Oct 02 05:47:25 UTC 2019
auto.tcl: Setting watchdog for 200 seconds at Wed Oct 02 05:47:25 UTC 2019
18 ms. Memory: 48128K Free: 18525K (38%)
ptolemy.util.test.WatchDog.cancel(): canceling Wed Oct 02 05:47:25 UTC 2019
------------------ testing $PTII/ptolemy/domains/de/test/auto/Modal4.xml
auto.tcl: Setting watchdog for 200 seconds at Wed Oct 02 05:47:25 UTC 2019
22 ms. Memory: 48128K Free: 21079K (44%)
ptolemy.util.test.WatchDog.cancel(): canceling Wed Oct 02 05:47:25 UTC 2019
auto.tcl: Setting watchdog for 200 seconds at Wed Oct 02 05:47:25 UTC 2019
23 ms. Memory: 48128K Free: 16881K (35%)
ptolemy.util.test.WatchDog.cancel(): canceling Wed Oct 02 05:47:25 UTC 2019
------------------ testing $PTII/ptolemy/domains/de/test/auto/Modal5.xml
auto.tcl: Setting watchdog for 200 seconds at Wed Oct 02 05:47:25 UTC 2019
13 ms. Memory: 48128K Free: 21065K (44%)
ptolemy.util.test.WatchDog.cancel(): canceling Wed Oct 02 05:47:25 UTC 2019
auto.tcl: Setting watchdog for 200 seconds at Wed Oct 02 05:47:25 UTC 2019
14 ms. Memory: 48128K Free: 17227K (36%)
ptolemy.util.test.WatchDog.cancel(): canceling Wed Oct 02 05:47:25 UTC 2019
------------------ testing $PTII/ptolemy/domains/de/test/auto/Modal6.xml
auto.tcl: Setting watchdog for 200 seconds at Wed Oct 02 05:47:25 UTC 2019
18 ms. Memory: 48128K Free: 21862K (45%)
ptolemy.util.test.WatchDog.cancel(): canceling Wed Oct 02 05:47:25 UTC 2019
auto.tcl: Setting watchdog for 200 seconds at Wed Oct 02 05:47:25 UTC 2019
19 ms. Memory: 48128K Free: 17889K (37%)
ptolemy.util.test.WatchDog.cancel(): canceling Wed Oct 02 05:47:25 UTC 2019
------------------ testing $PTII/ptolemy/domains/de/test/auto/Modal7.xml
auto.tcl: Setting watchdog for 200 seconds at Wed Oct 02 05:47:25 UTC 2019
17 ms. Memory: 48128K Free: 20869K (43%)
ptolemy.util.test.WatchDog.cancel(): canceling Wed Oct 02 05:47:25 UTC 2019
auto.tcl: Setting watchdog for 200 seconds at Wed Oct 02 05:47:25 UTC 2019
15 ms. Memory: 48128K Free: 17226K (36%)
ptolemy.util.test.WatchDog.cancel(): canceling Wed Oct 02 05:47:25 UTC 2019
------------------ testing $PTII/ptolemy/domains/de/test/auto/ModalModel.xml
auto.tcl: Setting watchdog for 200 seconds at Wed Oct 02 05:47:25 UTC 2019
217 ms. Memory: 66560K Free: 47669K (72%)
ptolemy.util.test.WatchDog.cancel(): canceling Wed Oct 02 05:47:26 UTC 2019
auto.tcl: Setting watchdog for 200 seconds at Wed Oct 02 05:47:26 UTC 2019
218 ms. Memory: 66560K Free: 48106K (72%)
ptolemy.util.test.WatchDog.cancel(): canceling Wed Oct 02 05:47:26 UTC 2019
------------------ testing $PTII/ptolemy/domains/de/test/auto/ModalSource.xml
auto.tcl: Setting watchdog for 200 seconds at Wed Oct 02 05:47:26 UTC 2019
12 ms. Memory: 48128K Free: 25900K (54%)
ptolemy.util.test.WatchDog.cancel(): canceling Wed Oct 02 05:47:26 UTC 2019
auto.tcl: Setting watchdog for 200 seconds at Wed Oct 02 05:47:26 UTC 2019
6 ms. Memory: 48128K Free: 23852K (50%)
ptolemy.util.test.WatchDog.cancel(): canceling Wed Oct 02 05:47:26 UTC 2019
------------------ testing $PTII/ptolemy/domains/de/test/auto/NonInterruptibleTimerZeroDelay.xml
auto.tcl: Setting watchdog for 200 seconds at Wed Oct 02 05:47:26 UTC 2019
4 ms. Memory: 48128K Free: 30928K (64%)
ptolemy.util.test.WatchDog.cancel(): canceling Wed Oct 02 05:47:26 UTC 2019
auto.tcl: Setting watchdog for 200 seconds at Wed Oct 02 05:47:26 UTC 2019
3 ms. Memory: 48128K Free: 30175K (63%)
ptolemy.util.test.WatchDog.cancel(): canceling Wed Oct 02 05:47:26 UTC 2019
------------------ testing $PTII/ptolemy/domains/de/test/auto/OpenQueueingNetwork.xml
auto.tcl: Setting watchdog for 200 seconds at Wed Oct 02 05:47:26 UTC 2019
3067 ms. Memory: 119808K Free: 48989K (41%)
ptolemy.util.test.WatchDog.cancel(): canceling Wed Oct 02 05:47:29 UTC 2019
auto.tcl: Setting watchdog for 200 seconds at Wed Oct 02 05:47:29 UTC 2019
2730 ms. Memory: 144384K Free: 53393K (37%)
ptolemy.util.test.WatchDog.cancel(): canceling Wed Oct 02 05:47:32 UTC 2019
------------------ testing $PTII/ptolemy/domains/de/test/auto/OpenQueuingNetwork.xml
auto.tcl: Setting watchdog for 200 seconds at Wed Oct 02 05:47:32 UTC 2019
250 ms. Memory: 55296K Free: 25346K (46%)
ptolemy.util.test.WatchDog.cancel(): canceling Wed Oct 02 05:47:33 UTC 2019
auto.tcl: Setting watchdog for 200 seconds at Wed Oct 02 05:47:33 UTC 2019
238 ms. Memory: 55296K Free: 33542K (61%)
ptolemy.util.test.WatchDog.cancel(): canceling Wed Oct 02 05:47:33 UTC 2019
------------------ testing $PTII/ptolemy/domains/de/test/auto/PeriodicSampler.xml
auto.tcl: Setting watchdog for 200 seconds at Wed Oct 02 05:47:33 UTC 2019
2 ms. Memory: 51200K Free: 33109K (65%)
ptolemy.util.test.WatchDog.cancel(): canceling Wed Oct 02 05:47:33 UTC 2019
auto.tcl: Setting watchdog for 200 seconds at Wed Oct 02 05:47:33 UTC 2019
2 ms. Memory: 51200K Free: 32590K (64%)
ptolemy.util.test.WatchDog.cancel(): canceling Wed Oct 02 05:47:33 UTC 2019
------------------ testing $PTII/ptolemy/domains/de/test/auto/PersistentIO.xml
auto.tcl: Setting watchdog for 200 seconds at Wed Oct 02 05:47:33 UTC 2019
5 ms. Memory: 48128K Free: 24961K (52%)
ptolemy.util.test.WatchDog.cancel(): canceling Wed Oct 02 05:47:33 UTC 2019
auto.tcl: Setting watchdog for 200 seconds at Wed Oct 02 05:47:33 UTC 2019
4 ms. Memory: 48128K Free: 23487K (49%)
ptolemy.util.test.WatchDog.cancel(): canceling Wed Oct 02 05:47:33 UTC 2019
------------------ testing $PTII/ptolemy/domains/de/test/auto/PortParameterResetOnInitialize.xml
auto.tcl: Setting watchdog for 200 seconds at Wed Oct 02 05:47:33 UTC 2019
9 ms. Memory: 48128K Free: 29929K (62%)
ptolemy.util.test.WatchDog.cancel(): canceling Wed Oct 02 05:47:33 UTC 2019
auto.tcl: Setting watchdog for 200 seconds at Wed Oct 02 05:47:33 UTC 2019
2 ms. Memory: 48128K Free: 29460K (61%)
ptolemy.util.test.WatchDog.cancel(): canceling Wed Oct 02 05:47:33 UTC 2019
------------------ testing $PTII/ptolemy/domains/de/test/auto/PortParameterUpdates.xml
auto.tcl: Setting watchdog for 200 seconds at Wed Oct 02 05:47:33 UTC 2019
5 ms. Memory: 48128K Free: 28248K (59%)
ptolemy.util.test.WatchDog.cancel(): canceling Wed Oct 02 05:47:33 UTC 2019
auto.tcl: Setting watchdog for 200 seconds at Wed Oct 02 05:47:33 UTC 2019
5 ms. Memory: 48128K Free: 27029K (56%)
ptolemy.util.test.WatchDog.cancel(): canceling Wed Oct 02 05:47:33 UTC 2019
------------------ testing $PTII/ptolemy/domains/de/test/auto/QueueAndServer.xml
auto.tcl: Setting watchdog for 200 seconds at Wed Oct 02 05:47:33 UTC 2019
15 ms. Memory: 48128K Free: 26942K (56%)
ptolemy.util.test.WatchDog.cancel(): canceling Wed Oct 02 05:47:33 UTC 2019
auto.tcl: Setting watchdog for 200 seconds at Wed Oct 02 05:47:33 UTC 2019
8 ms. Memory: 48128K Free: 25487K (53%)
ptolemy.util.test.WatchDog.cancel(): canceling Wed Oct 02 05:47:33 UTC 2019
------------------ testing $PTII/ptolemy/domains/de/test/auto/Records.xml
auto.tcl: Setting watchdog for 200 seconds at Wed Oct 02 05:47:33 UTC 2019
6 ms. Memory: 48128K Free: 29488K (61%)
ptolemy.util.test.WatchDog.cancel(): canceling Wed Oct 02 05:47:33 UTC 2019
auto.tcl: Setting watchdog for 200 seconds at Wed Oct 02 05:47:33 UTC 2019
1 ms. Memory: 48128K Free: 29003K (60%)
ptolemy.util.test.WatchDog.cancel(): canceling Wed Oct 02 05:47:33 UTC 2019
------------------ testing $PTII/ptolemy/domains/de/test/auto/ResetTransitionWithStartTime1.xml
auto.tcl: Setting watchdog for 200 seconds at Wed Oct 02 05:47:33 UTC 2019
9 ms. Memory: 48128K Free: 26446K (55%)
ptolemy.util.test.WatchDog.cancel(): canceling Wed Oct 02 05:47:33 UTC 2019
auto.tcl: Setting watchdog for 200 seconds at Wed Oct 02 05:47:33 UTC 2019
6 ms. Memory: 48128K Free: 24398K (51%)
ptolemy.util.test.WatchDog.cancel(): canceling Wed Oct 02 05:47:33 UTC 2019
------------------ testing $PTII/ptolemy/domains/de/test/auto/ResetTransitionWithStartTime2.xml
auto.tcl: Setting watchdog for 200 seconds at Wed Oct 02 05:47:33 UTC 2019
6 ms. Memory: 48128K Free: 26400K (55%)
ptolemy.util.test.WatchDog.cancel(): canceling Wed Oct 02 05:47:34 UTC 2019
auto.tcl: Setting watchdog for 200 seconds at Wed Oct 02 05:47:34 UTC 2019
6 ms. Memory: 48128K Free: 23869K (50%)
ptolemy.util.test.WatchDog.cancel(): canceling Wed Oct 02 05:47:34 UTC 2019
------------------ testing $PTII/ptolemy/domains/de/test/auto/ResetTransitionWithStartTime3.xml
auto.tcl: Setting watchdog for 200 seconds at Wed Oct 02 05:47:34 UTC 2019
6 ms. Memory: 48128K Free: 26399K (55%)
ptolemy.util.test.WatchDog.cancel(): canceling Wed Oct 02 05:47:34 UTC 2019
auto.tcl: Setting watchdog for 200 seconds at Wed Oct 02 05:47:34 UTC 2019
6 ms. Memory: 48128K Free: 23898K (50%)
ptolemy.util.test.WatchDog.cancel(): canceling Wed Oct 02 05:47:34 UTC 2019
------------------ testing $PTII/ptolemy/domains/de/test/auto/ResetTransitionWithStartTime4.xml
auto.tcl: Setting watchdog for 200 seconds at Wed Oct 02 05:47:34 UTC 2019
10 ms. Memory: 48128K Free: 26888K (56%)
ptolemy.util.test.WatchDog.cancel(): canceling Wed Oct 02 05:47:34 UTC 2019
auto.tcl: Setting watchdog for 200 seconds at Wed Oct 02 05:47:34 UTC 2019
4 ms. Memory: 48128K Free: 25455K (53%)
ptolemy.util.test.WatchDog.cancel(): canceling Wed Oct 02 05:47:34 UTC 2019
------------------ testing $PTII/ptolemy/domains/de/test/auto/ResettableTimer1.xml
auto.tcl: Setting watchdog for 200 seconds at Wed Oct 02 05:47:34 UTC 2019
3 ms. Memory: 48128K Free: 30888K (64%)
ptolemy.util.test.WatchDog.cancel(): canceling Wed Oct 02 05:47:34 UTC 2019
auto.tcl: Setting watchdog for 200 seconds at Wed Oct 02 05:47:34 UTC 2019
2 ms. Memory: 48128K Free: 29571K (61%)
ptolemy.util.test.WatchDog.cancel(): canceling Wed Oct 02 05:47:34 UTC 2019
------------------ testing $PTII/ptolemy/domains/de/test/auto/ResettableTimer2.xml
auto.tcl: Setting watchdog for 200 seconds at Wed Oct 02 05:47:34 UTC 2019
2 ms. Memory: 48128K Free: 30702K (64%)
ptolemy.util.test.WatchDog.cancel(): canceling Wed Oct 02 05:47:34 UTC 2019
auto.tcl: Setting watchdog for 200 seconds at Wed Oct 02 05:47:34 UTC 2019
2 ms. Memory: 48128K Free: 29598K (61%)
ptolemy.util.test.WatchDog.cancel(): canceling Wed Oct 02 05:47:34 UTC 2019
------------------ testing $PTII/ptolemy/domains/de/test/auto/ResettableTimer3.xml
auto.tcl: Setting watchdog for 200 seconds at Wed Oct 02 05:47:34 UTC 2019
1 ms. Memory: 48128K Free: 30532K (63%)
ptolemy.util.test.WatchDog.cancel(): canceling Wed Oct 02 05:47:34 UTC 2019
auto.tcl: Setting watchdog for 200 seconds at Wed Oct 02 05:47:34 UTC 2019
1 ms. Memory: 48128K Free: 30061K (62%)
ptolemy.util.test.WatchDog.cancel(): canceling Wed Oct 02 05:47:34 UTC 2019
------------------ testing $PTII/ptolemy/domains/de/test/auto/ResettableTimer4.xml
auto.tcl: Setting watchdog for 200 seconds at Wed Oct 02 05:47:34 UTC 2019
1 ms. Memory: 48128K Free: 30590K (64%)
ptolemy.util.test.WatchDog.cancel(): canceling Wed Oct 02 05:47:34 UTC 2019
auto.tcl: Setting watchdog for 200 seconds at Wed Oct 02 05:47:34 UTC 2019
1 ms. Memory: 48128K Free: 30092K (63%)
ptolemy.util.test.WatchDog.cancel(): canceling Wed Oct 02 05:47:34 UTC 2019
------------------ testing $PTII/ptolemy/domains/de/test/auto/ResettableTimer5.xml
auto.tcl: Setting watchdog for 200 seconds at Wed Oct 02 05:47:34 UTC 2019
2 ms. Memory: 48128K Free: 30016K (62%)
ptolemy.util.test.WatchDog.cancel(): canceling Wed Oct 02 05:47:34 UTC 2019
auto.tcl: Setting watchdog for 200 seconds at Wed Oct 02 05:47:34 UTC 2019
1 ms. Memory: 48128K Free: 29564K (61%)
ptolemy.util.test.WatchDog.cancel(): canceling Wed Oct 02 05:47:34 UTC 2019
------------------ testing $PTII/ptolemy/domains/de/test/auto/ResettableTimer6.xml
auto.tcl: Setting watchdog for 200 seconds at Wed Oct 02 05:47:34 UTC 2019
2 ms. Memory: 48128K Free: 30020K (62%)
ptolemy.util.test.WatchDog.cancel(): canceling Wed Oct 02 05:47:34 UTC 2019
auto.tcl: Setting watchdog for 200 seconds at Wed Oct 02 05:47:34 UTC 2019
1 ms. Memory: 48128K Free: 29561K (61%)
ptolemy.util.test.WatchDog.cancel(): canceling Wed Oct 02 05:47:34 UTC 2019
------------------ testing $PTII/ptolemy/domains/de/test/auto/ServerZeroDelay.xml
auto.tcl: Setting watchdog for 200 seconds at Wed Oct 02 05:47:34 UTC 2019
3 ms. Memory: 48128K Free: 30525K (63%)
ptolemy.util.test.WatchDog.cancel(): canceling Wed Oct 02 05:47:34 UTC 2019
auto.tcl: Setting watchdog for 200 seconds at Wed Oct 02 05:47:34 UTC 2019
2 ms. Memory: 48128K Free: 29547K (61%)
ptolemy.util.test.WatchDog.cancel(): canceling Wed Oct 02 05:47:34 UTC 2019
------------------ testing $PTII/ptolemy/domains/de/test/auto/SmartSender.xml
auto.tcl: Setting watchdog for 200 seconds at Wed Oct 02 05:47:34 UTC 2019
3001 ms. Memory: 48128K Free: 30548K (63%)
ptolemy.util.test.WatchDog.cancel(): canceling Wed Oct 02 05:47:37 UTC 2019
auto.tcl: Setting watchdog for 200 seconds at Wed Oct 02 05:47:37 UTC 2019
3001 ms. Memory: 48128K Free: 30037K (62%)
ptolemy.util.test.WatchDog.cancel(): canceling Wed Oct 02 05:47:40 UTC 2019
------------------ testing $PTII/ptolemy/domains/de/test/auto/ThreadedComposite.xml
auto.tcl: Setting watchdog for 200 seconds at Wed Oct 02 05:47:40 UTC 2019
222 ms. Memory: 48128K Free: 11588K (24%)
ptolemy.util.test.WatchDog.cancel(): canceling Wed Oct 02 05:47:41 UTC 2019
auto.tcl: Setting watchdog for 200 seconds at Wed Oct 02 05:47:41 UTC 2019
135 ms. Memory: 48128K Free: 25449K (53%)
ptolemy.util.test.WatchDog.cancel(): canceling Wed Oct 02 05:47:41 UTC 2019
------------------ testing $PTII/ptolemy/domains/de/test/auto/Time.xml
auto.tcl: Setting watchdog for 200 seconds at Wed Oct 02 05:47:41 UTC 2019
603 ms. Memory: 70656K Free: 48004K (68%)
ptolemy.util.test.WatchDog.cancel(): canceling Wed Oct 02 05:47:41 UTC 2019
auto.tcl: Setting watchdog for 200 seconds at Wed Oct 02 05:47:41 UTC 2019
580 ms. Memory: 70656K Free: 29608K (42%)
ptolemy.util.test.WatchDog.cancel(): canceling Wed Oct 02 05:47:42 UTC 2019
------------------ testing $PTII/ptolemy/domains/de/test/auto/TimeDelayZeroDelay.xml
auto.tcl: Setting watchdog for 200 seconds at Wed Oct 02 05:47:42 UTC 2019
2 ms. Memory: 48128K Free: 30954K (64%)
ptolemy.util.test.WatchDog.cancel(): canceling Wed Oct 02 05:47:42 UTC 2019
auto.tcl: Setting watchdog for 200 seconds at Wed Oct 02 05:47:42 UTC 2019
1 ms. Memory: 48128K Free: 30043K (62%)
ptolemy.util.test.WatchDog.cancel(): canceling Wed Oct 02 05:47:42 UTC 2019
------------------ testing $PTII/ptolemy/domains/de/test/auto/TimerZeroDelay.xml
auto.tcl: Setting watchdog for 200 seconds at Wed Oct 02 05:47:42 UTC 2019
4 ms. Memory: 48128K Free: 30875K (64%)
ptolemy.util.test.WatchDog.cancel(): canceling Wed Oct 02 05:47:42 UTC 2019
auto.tcl: Setting watchdog for 200 seconds at Wed Oct 02 05:47:42 UTC 2019
2 ms. Memory: 48128K Free: 30072K (62%)
ptolemy.util.test.WatchDog.cancel(): canceling Wed Oct 02 05:47:42 UTC 2019
------------------ testing $PTII/ptolemy/domains/de/test/auto/TimingParadox.xml
auto.tcl: Setting watchdog for 200 seconds at Wed Oct 02 05:47:42 UTC 2019
413 ms. Memory: 48128K Free: 10887K (23%)
ptolemy.util.test.WatchDog.cancel(): canceling Wed Oct 02 05:47:43 UTC 2019
auto.tcl: Setting watchdog for 200 seconds at Wed Oct 02 05:47:43 UTC 2019
370 ms. Memory: 48128K Free: 19736K (41%)
ptolemy.util.test.WatchDog.cancel(): canceling Wed Oct 02 05:47:43 UTC 2019
------------------ testing $PTII/ptolemy/domains/de/test/auto/TransferInputs.xml
auto.tcl: Setting watchdog for 200 seconds at Wed Oct 02 05:47:43 UTC 2019
1 ms. Memory: 48128K Free: 28972K (60%)
ptolemy.util.test.WatchDog.cancel(): canceling Wed Oct 02 05:47:43 UTC 2019
auto.tcl: Setting watchdog for 200 seconds at Wed Oct 02 05:47:43 UTC 2019
2 ms. Memory: 48128K Free: 28051K (58%)
ptolemy.util.test.WatchDog.cancel(): canceling Wed Oct 02 05:47:43 UTC 2019
------------------ testing $PTII/ptolemy/domains/de/test/auto/TransferOutputs2.xml
auto.tcl: Setting watchdog for 200 seconds at Wed Oct 02 05:47:43 UTC 2019
3 ms. Memory: 48128K Free: 26401K (55%)
ptolemy.util.test.WatchDog.cancel(): canceling Wed Oct 02 05:47:43 UTC 2019
auto.tcl: Setting watchdog for 200 seconds at Wed Oct 02 05:47:43 UTC 2019
4 ms. Memory: 48128K Free: 24995K (52%)
ptolemy.util.test.WatchDog.cancel(): canceling Wed Oct 02 05:47:43 UTC 2019
------------------ testing $PTII/ptolemy/domains/de/test/auto/Trilateration.xml
auto.tcl: Setting watchdog for 200 seconds at Wed Oct 02 05:47:43 UTC 2019
14698 ms. Memory: 465920K Free: 303953K (65%)
ptolemy.util.test.WatchDog.cancel(): canceling Wed Oct 02 05:47:59 UTC 2019
auto.tcl: Setting watchdog for 200 seconds at Wed Oct 02 05:47:59 UTC 2019
11257 ms. Memory: 465920K Free: 426388K (92%)
ptolemy.util.test.WatchDog.cancel(): canceling Wed Oct 02 05:48:10 UTC 2019
------------------ testing $PTII/ptolemy/domains/de/test/auto/TwoSigmaDelta.xml
auto.tcl: Setting watchdog for 200 seconds at Wed Oct 02 05:48:10 UTC 2019
2934 ms. Memory: 86016K Free: 52206K (61%)
ptolemy.util.test.WatchDog.cancel(): canceling Wed Oct 02 05:48:13 UTC 2019
auto.tcl: Setting watchdog for 200 seconds at Wed Oct 02 05:48:13 UTC 2019
2421 ms. Memory: 86016K Free: 34271K (40%)
ptolemy.util.test.WatchDog.cancel(): canceling Wed Oct 02 05:48:16 UTC 2019
------------------ testing $PTII/ptolemy/domains/de/test/auto/VariableDelay.xml
auto.tcl: Setting watchdog for 200 seconds at Wed Oct 02 05:48:16 UTC 2019
3 ms. Memory: 51200K Free: 32508K (63%)
ptolemy.util.test.WatchDog.cancel(): canceling Wed Oct 02 05:48:16 UTC 2019
auto.tcl: Setting watchdog for 200 seconds at Wed Oct 02 05:48:16 UTC 2019
2 ms. Memory: 51200K Free: 31514K (62%)
ptolemy.util.test.WatchDog.cancel(): canceling Wed Oct 02 05:48:16 UTC 2019
------------------ testing $PTII/ptolemy/domains/de/test/auto/VariableDelay2.xml
auto.tcl: Setting watchdog for 200 seconds at Wed Oct 02 05:48:16 UTC 2019
3 ms. Memory: 51200K Free: 32907K (64%)
ptolemy.util.test.WatchDog.cancel(): canceling Wed Oct 02 05:48:16 UTC 2019
auto.tcl: Setting watchdog for 200 seconds at Wed Oct 02 05:48:16 UTC 2019
1 ms. Memory: 51200K Free: 32425K (63%)
ptolemy.util.test.WatchDog.cancel(): canceling Wed Oct 02 05:48:16 UTC 2019
------------------ testing $PTII/ptolemy/domains/de/test/auto/VariableDelayZeroDelay.xml
auto.tcl: Setting watchdog for 200 seconds at Wed Oct 02 05:48:16 UTC 2019
2 ms. Memory: 51200K Free: 33450K (65%)
ptolemy.util.test.WatchDog.cancel(): canceling Wed Oct 02 05:48:16 UTC 2019
auto.tcl: Setting watchdog for 200 seconds at Wed Oct 02 05:48:16 UTC 2019
2 ms. Memory: 51200K Free: 32906K (64%)
ptolemy.util.test.WatchDog.cancel(): canceling Wed Oct 02 05:48:16 UTC 2019
------------------ testing $PTII/ptolemy/domains/de/test/auto/VariableDelayZeroDelay2.xml
auto.tcl: Setting watchdog for 200 seconds at Wed Oct 02 05:48:16 UTC 2019
2 ms. Memory: 51200K Free: 33449K (65%)
ptolemy.util.test.WatchDog.cancel(): canceling Wed Oct 02 05:48:16 UTC 2019
auto.tcl: Setting watchdog for 200 seconds at Wed Oct 02 05:48:16 UTC 2019
2 ms. Memory: 51200K Free: 32425K (63%)
ptolemy.util.test.WatchDog.cancel(): canceling Wed Oct 02 05:48:16 UTC 2019
------------------ testing $PTII/ptolemy/domains/de/test/auto/deInCt.xml
auto.tcl: Setting watchdog for 200 seconds at Wed Oct 02 05:48:16 UTC 2019
0
1
1
1
0
0
0
1
1
1
0
0
0
1
1
1
0
0
0
1
1
1
0
0
0
1
1
0
0
0
1
1
1
0
0
0
0
1
1
1
0
0
0
1
1
0
0
0
1
1
1
1
1
1
0
0
0
20 ms. Memory: 51200K Free: 32423K (63%)
ptolemy.util.test.WatchDog.cancel(): canceling Wed Oct 02 05:48:16 UTC 2019
auto.tcl: Setting watchdog for 200 seconds at Wed Oct 02 05:48:16 UTC 2019
0
1
1
1
1
0
0
0
1
1
0
0
0
1
1
1
0
0
0
0
0
0
1
1
1
0
0
0
1
1
1
0
0
0
0
1
1
1
1
11 ms. Memory: 51200K Free: 30885K (60%)
ptolemy.util.test.WatchDog.cancel(): canceling Wed Oct 02 05:48:16 UTC 2019
------------------ testing $PTII/ptolemy/domains/de/test/auto/deInCt2.xml
auto.tcl: Setting watchdog for 200 seconds at Wed Oct 02 05:48:16 UTC 2019
0
1
1
1
0
0
1
1
1
0
0
1
1
1
0
0
1
1
1
0
0
1
1
1
0
0
1
1
1
0
0
1
1
1
0
0
1
1
1
0
0
0
7 ms. Memory: 51200K Free: 32425K (63%)
ptolemy.util.test.WatchDog.cancel(): canceling Wed Oct 02 05:48:16 UTC 2019
auto.tcl: Setting watchdog for 200 seconds at Wed Oct 02 05:48:16 UTC 2019
0
1
1
1
0
0
1
1
1
0
0
1
1
1
0
0
1
1
1
0
0
1
1
1
0
0
1
1
1
0
0
1
1
1
0
0
1
1
1
0
0
0
8 ms. Memory: 51200K Free: 30873K (60%)
ptolemy.util.test.WatchDog.cancel(): canceling Wed Oct 02 05:48:16 UTC 2019
------------------ testing $PTII/ptolemy/domains/de/test/auto/dynamicCausalityInterface1.xml
auto.tcl: Setting watchdog for 200 seconds at Wed Oct 02 05:48:16 UTC 2019
2 ms. Memory: 48128K Free: 25251K (52%)
ptolemy.util.test.WatchDog.cancel(): canceling Wed Oct 02 05:48:16 UTC 2019
auto.tcl: Setting watchdog for 200 seconds at Wed Oct 02 05:48:16 UTC 2019
1 ms. Memory: 48128K Free: 24737K (51%)
ptolemy.util.test.WatchDog.cancel(): canceling Wed Oct 02 05:48:16 UTC 2019
------------------ testing $PTII/ptolemy/domains/de/test/auto/fsm_de_test.xml
auto.tcl: Setting watchdog for 200 seconds at Wed Oct 02 05:48:17 UTC 2019
7 ms. Memory: 48128K Free: 25149K (52%)
ptolemy.util.test.WatchDog.cancel(): canceling Wed Oct 02 05:48:17 UTC 2019
auto.tcl: Setting watchdog for 200 seconds at Wed Oct 02 05:48:17 UTC 2019
4 ms. Memory: 48128K Free: 23101K (48%)
ptolemy.util.test.WatchDog.cancel(): canceling Wed Oct 02 05:48:17 UTC 2019
------------------ testing $PTII/ptolemy/domains/de/test/auto/functionDependencyReconstruction.xml
auto.tcl: Setting watchdog for 200 seconds at Wed Oct 02 05:48:17 UTC 2019
4 ms. Memory: 48128K Free: 18995K (39%)
ptolemy.util.test.WatchDog.cancel(): canceling Wed Oct 02 05:48:17 UTC 2019
auto.tcl: Setting watchdog for 200 seconds at Wed Oct 02 05:48:17 UTC 2019
3 ms. Memory: 48128K Free: 16947K (35%)
ptolemy.util.test.WatchDog.cancel(): canceling Wed Oct 02 05:48:17 UTC 2019
------------------ testing $PTII/ptolemy/domains/de/test/auto/multirate.xml
auto.tcl: Setting watchdog for 200 seconds at Wed Oct 02 05:48:17 UTC 2019
3 ms. Memory: 48128K Free: 27813K (58%)
ptolemy.util.test.WatchDog.cancel(): canceling Wed Oct 02 05:48:17 UTC 2019
auto.tcl: Setting watchdog for 200 seconds at Wed Oct 02 05:48:17 UTC 2019
3 ms. Memory: 48128K Free: 26104K (54%)
ptolemy.util.test.WatchDog.cancel(): canceling Wed Oct 02 05:48:17 UTC 2019
------------------ testing $PTII/ptolemy/domains/de/test/auto/multirate2.xml
auto.tcl: Setting watchdog for 200 seconds at Wed Oct 02 05:48:17 UTC 2019
3 ms. Memory: 48128K Free: 27746K (58%)
ptolemy.util.test.WatchDog.cancel(): canceling Wed Oct 02 05:48:17 UTC 2019
auto.tcl: Setting watchdog for 200 seconds at Wed Oct 02 05:48:17 UTC 2019
3 ms. Memory: 48128K Free: 26232K (55%)
ptolemy.util.test.WatchDog.cancel(): canceling Wed Oct 02 05:48:17 UTC 2019
------------------ testing $PTII/ptolemy/domains/de/test/auto/realtime.xml
auto.tcl: Setting watchdog for 200 seconds at Wed Oct 02 05:48:17 UTC 2019
10001 ms. Memory: 48128K Free: 30022K (62%)
ptolemy.util.test.WatchDog.cancel(): canceling Wed Oct 02 05:48:27 UTC 2019
auto.tcl: Setting watchdog for 200 seconds at Wed Oct 02 05:48:27 UTC 2019
10001 ms. Memory: 48128K Free: 29296K (61%)
ptolemy.util.test.WatchDog.cancel(): canceling Wed Oct 02 05:48:37 UTC 2019
------------------ testing $PTII/ptolemy/domains/de/test/auto/relationGroup.xml
auto.tcl: Setting watchdog for 200 seconds at Wed Oct 02 05:48:37 UTC 2019
2 ms. Memory: 48128K Free: 31103K (65%)
ptolemy.util.test.WatchDog.cancel(): canceling Wed Oct 02 05:48:37 UTC 2019
auto.tcl: Setting watchdog for 200 seconds at Wed Oct 02 05:48:37 UTC 2019
1 ms. Memory: 48128K Free: 30377K (63%)
ptolemy.util.test.WatchDog.cancel(): canceling Wed Oct 02 05:48:37 UTC 2019
------------------ testing $PTII/ptolemy/domains/de/test/auto/relationGroup2.xml
auto.tcl: Setting watchdog for 200 seconds at Wed Oct 02 05:48:37 UTC 2019
2 ms. Memory: 48128K Free: 30912K (64%)
ptolemy.util.test.WatchDog.cancel(): canceling Wed Oct 02 05:48:37 UTC 2019
auto.tcl: Setting watchdog for 200 seconds at Wed Oct 02 05:48:37 UTC 2019
2 ms. Memory: 48128K Free: 30430K (63%)
ptolemy.util.test.WatchDog.cancel(): canceling Wed Oct 02 05:48:37 UTC 2019
------------------ testing $PTII/ptolemy/domains/de/test/auto/sortWithOpaquePorts.xml
auto.tcl: Setting watchdog for 200 seconds at Wed Oct 02 05:48:37 UTC 2019
1 ms. Memory: 48128K Free: 30403K (63%)
ptolemy.util.test.WatchDog.cancel(): canceling Wed Oct 02 05:48:37 UTC 2019
auto.tcl: Setting watchdog for 200 seconds at Wed Oct 02 05:48:37 UTC 2019
2 ms. Memory: 48128K Free: 28895K (60%)
ptolemy.util.test.WatchDog.cancel(): canceling Wed Oct 02 05:48:37 UTC 2019
------------------ testing $PTII/ptolemy/domains/de/test/auto/transferInputsandOutputs.xml
auto.tcl: Setting watchdog for 200 seconds at Wed Oct 02 05:48:37 UTC 2019
4 ms. Memory: 48128K Free: 27319K (57%)
ptolemy.util.test.WatchDog.cancel(): canceling Wed Oct 02 05:48:37 UTC 2019
auto.tcl: Setting watchdog for 200 seconds at Wed Oct 02 05:48:37 UTC 2019
1 ms. Memory: 48128K Free: 26322K (55%)
ptolemy.util.test.WatchDog.cancel(): canceling Wed Oct 02 05:48:37 UTC 2019
------------------ testing $PTII/ptolemy/domains/de/test/auto/triggerType.xml
auto.tcl: Setting watchdog for 200 seconds at Wed Oct 02 05:48:37 UTC 2019
2 ms. Memory: 48128K Free: 30344K (63%)
ptolemy.util.test.WatchDog.cancel(): canceling Wed Oct 02 05:48:37 UTC 2019
auto.tcl: Setting watchdog for 200 seconds at Wed Oct 02 05:48:37 UTC 2019
2 ms. Memory: 48128K Free: 29340K (61%)
ptolemy.util.test.WatchDog.cancel(): canceling Wed Oct 02 05:48:37 UTC 2019
10/02/19 05:48:37
Failed: 0  Total Tests: 192  ((Passed: 187, Newly Passed: 1)  Known Failed: 5) /home/travis/build/icyphy/ptII/ptolemy/domains/de/test
10/02/19 05:48:37
Failed: 0  Total Tests: 192  ((Passed: 187, Newly Passed: 1)  Known Failed: 5) /home/travis/build/icyphy/ptII/ptolemy/domains/de/test
----------------- testing (KnownFailure) /home/travis/build/icyphy/ptII/ptolemy/domains/de/test/auto/knownFailedTests/DESDFClockTest.xml
2011 ms. Memory: 48128K Free: 23739K (49%)
Known Failure: java.lang.reflect.InvocationTargetException
----------------- testing (KnownFailure) /home/travis/build/icyphy/ptII/ptolemy/domains/de/test/auto/knownFailedTests/DirectFeedback.xml
4 ms. Memory: 48128K Free: 20157K (42%)
Known Failure: java.lang.reflect.InvocationTargetException
----------------- testing (KnownFailure) /home/travis/build/icyphy/ptII/ptolemy/domains/de/test/auto/knownFailedTests/FSMSource.xml
16 ms. Memory: 48128K Free: 12989K (27%)
----------------- testing (KnownFailure) /home/travis/build/icyphy/ptII/ptolemy/domains/de/test/auto/knownFailedTests/HierarchicalModel.xml
4 ms. Memory: 48128K Free: 22947K (48%)
Known Failure: java.lang.reflect.InvocationTargetException
----------------- testing (KnownFailure) /home/travis/build/icyphy/ptII/ptolemy/domains/de/test/auto/knownFailedTests/dependencyLoop.xml
8 ms. Memory: 48128K Free: 33287K (69%)
Known Failure: java.lang.reflect.InvocationTargetException
----------------- testing (KnownFailure) /home/travis/build/icyphy/ptII/ptolemy/domains/de/test/auto/knownFailedTests/dependencyLoop2.xml
8 ms. Memory: 48128K Free: 18186K (38%)
Known Failure: java.lang.reflect.InvocationTargetException
No auto/linux-amd64/*.xml tests in /home/travis/build/icyphy/ptII/ptolemy/domains/de/test
AutoTests.java: About to close Vertx.
AutoTests.java: Vertx closed.

===========================================================================================
----------------- testing Wed Oct 02 05:48:40 UTC 2019 /home/travis/build/icyphy/ptII/ptolemy/domains/de/test/auto/ActorDepthCalculation_actorWithoutPorts.xml
----------------- Instantiating /home/travis/build/icyphy/ptII/ptolemy/domains/de/test/auto/ActorDepthCalculation_actorWithoutPorts.xml
2 ms. Memory: 48128K Free: 11916K (25%)
----------------- Invoking toplevel() on ptolemy.moml.MoMLSimpleApplication@27646adf
----------------- Done invoking toplevel() on ptolemy.moml.MoMLSimpleApplication@27646adf
reloadAllAccessors: .ActorDepthCalculation_actorWithoutPorts

===========================================================================================
----------------- testing Wed Oct 02 05:48:40 UTC 2019 /home/travis/build/icyphy/ptII/ptolemy/domains/de/test/auto/AssemblyLine.xml
----------------- Instantiating /home/travis/build/icyphy/ptII/ptolemy/domains/de/test/auto/AssemblyLine.xml
4 ms. Memory: 48128K Free: 30655K (64%)
----------------- Invoking toplevel() on ptolemy.moml.MoMLSimpleApplication@a6d8337
----------------- Done invoking toplevel() on ptolemy.moml.MoMLSimpleApplication@a6d8337
reloadAllAccessors: .AssemblyLine

===========================================================================================
----------------- testing Wed Oct 02 05:48:40 UTC 2019 /home/travis/build/icyphy/ptII/ptolemy/domains/de/test/auto/CQBug1.xml
----------------- Instantiating /home/travis/build/icyphy/ptII/ptolemy/domains/de/test/auto/CQBug1.xml
2 ms. Memory: 48128K Free: 27778K (58%)
----------------- Invoking toplevel() on ptolemy.moml.MoMLSimpleApplication@51349242
----------------- Done invoking toplevel() on ptolemy.moml.MoMLSimpleApplication@51349242
reloadAllAccessors: .CQBug1

===========================================================================================
----------------- testing Wed Oct 02 05:48:40 UTC 2019 /home/travis/build/icyphy/ptII/ptolemy/domains/de/test/auto/CancelFireAt.xml
----------------- Instantiating /home/travis/build/icyphy/ptII/ptolemy/domains/de/test/auto/CancelFireAt.xml
1 ms. Memory: 48128K Free: 25543K (53%)
----------------- Invoking toplevel() on ptolemy.moml.MoMLSimpleApplication@343d0e1e
----------------- Done invoking toplevel() on ptolemy.moml.MoMLSimpleApplication@343d0e1e
reloadAllAccessors: .CancelFireAt

===========================================================================================
----------------- testing Wed Oct 02 05:48:40 UTC 2019 /home/travis/build/icyphy/ptII/ptolemy/domains/de/test/auto/CausalityAndComposabilityAnalysis.xml
----------------- Instantiating /home/travis/build/icyphy/ptII/ptolemy/domains/de/test/auto/CausalityAndComposabilityAnalysis.xml
3 ms. Memory: 48128K Free: 21253K (44%)
----------------- Invoking toplevel() on ptolemy.moml.MoMLSimpleApplication@7481204c
----------------- Done invoking toplevel() on ptolemy.moml.MoMLSimpleApplication@7481204c
reloadAllAccessors: .CausalityAndComposabilityAnalysis

===========================================================================================
----------------- testing Wed Oct 02 05:48:40 UTC 2019 /home/travis/build/icyphy/ptII/ptolemy/domains/de/test/auto/CausalityInterface1.xml
----------------- Instantiating /home/travis/build/icyphy/ptII/ptolemy/domains/de/test/auto/CausalityInterface1.xml
7 ms. Memory: 48128K Free: 16357K (34%)
----------------- Invoking toplevel() on ptolemy.moml.MoMLSimpleApplication@4d3b21f2
----------------- Done invoking toplevel() on ptolemy.moml.MoMLSimpleApplication@4d3b21f2
reloadAllAccessors: .CausalityInterface1

===========================================================================================
----------------- testing Wed Oct 02 05:48:40 UTC 2019 /home/travis/build/icyphy/ptII/ptolemy/domains/de/test/auto/CausalityInterface15.xml
----------------- Instantiating /home/travis/build/icyphy/ptII/ptolemy/domains/de/test/auto/CausalityInterface15.xml
2 ms. Memory: 48128K Free: 11012K (23%)
----------------- Invoking toplevel() on ptolemy.moml.MoMLSimpleApplication@7d70ab23
----------------- Done invoking toplevel() on ptolemy.moml.MoMLSimpleApplication@7d70ab23
reloadAllAccessors: .CausalityInterface15

===========================================================================================
----------------- testing Wed Oct 02 05:48:40 UTC 2019 /home/travis/build/icyphy/ptII/ptolemy/domains/de/test/auto/CausalityInterface2.xml
----------------- Instantiating /home/travis/build/icyphy/ptII/ptolemy/domains/de/test/auto/CausalityInterface2.xml
2 ms. Memory: 48128K Free: 32079K (67%)
[...]
	at ptolemy.actor.Manager.run(Manager.java:1263)
	at ptolemy.actor.Manager$PtolemyRunThread.run(Manager.java:1933)
java.lang.RuntimeException: Execution failed
	at ptolemy.moml.MoMLSimpleApplication$UnloadThread.run(MoMLSimpleApplication.java:402)
Caused by: ptolemy.kernel.util.IllegalActionException: Actor is not ready to fire.  Perhaps UpSample.prefire() returned false? Try debugging the actor by selecting "Listen to Actor".  Also, for SDF check moml for tokenConsumptionRate on input.
  in .DESDFClockTest.Play Bell.Copy1:SDF Director and .DESDFClockTest.Play Bell.UpSample
	at ptolemy.actor.sched.StaticSchedulingDirector.fire(StaticSchedulingDirector.java:227)
	at ptolemy.domains.sdf.kernel.SDFDirector.fire(SDFDirector.java:500)
	at ptolemy.actor.CompositeActor.fire(CompositeActor.java:455)
	at ptolemy.domains.de.kernel.DEDirector._fire(DEDirector.java:1949)
	at ptolemy.domains.de.kernel.DEDirector.fire(DEDirector.java:502)
	at ptolemy.actor.CompositeActor.fire(CompositeActor.java:455)
	at ptolemy.actor.Manager.iterate(Manager.java:851)
	at ptolemy.actor.Manager.execute(Manager.java:369)
	at ptolemy.actor.Manager.run(Manager.java:1263)
	at ptolemy.actor.Manager$PtolemyRunThread.run(Manager.java:1933)
java.lang.reflect.InvocationTargetException
	at java.base/jdk.internal.reflect.NativeConstructorAccessorImpl.newInstance0(Native Method)
	at java.base/jdk.internal.reflect.NativeConstructorAccessorImpl.newInstance(NativeConstructorAccessorImpl.java:62)
	at java.base/jdk.internal.reflect.DelegatingConstructorAccessorImpl.newInstance(DelegatingConstructorAccessorImpl.java:45)
	at java.base/java.lang.reflect.Constructor.newInstance(Constructor.java:490)
	at ptolemy.util.test.junit.AutoKnownFailedTests.RunModel(AutoKnownFailedTests.java:105)
	at java.base/jdk.internal.reflect.NativeMethodAccessorImpl.invoke0(Native Method)
	at java.base/jdk.internal.reflect.NativeMethodAccessorImpl.invoke(NativeMethodAccessorImpl.java:62)
	at java.base/jdk.internal.reflect.DelegatingMethodAccessorImpl.invoke(DelegatingMethodAccessorImpl.java:43)
	at java.base/java.lang.reflect.Method.invoke(Method.java:566)
	at org.junit.runners.model.FrameworkMethod$1.runReflectiveCall(FrameworkMethod.java:44)
	at org.junit.internal.runners.model.ReflectiveCallable.run(ReflectiveCallable.java:15)
	at org.junit.runners.model.FrameworkMethod.invokeExplosively(FrameworkMethod.java:41)
	at junitparams.internal.InvokeParameterisedMethod.evaluate(InvokeParameterisedMethod.java:102)
	at org.junit.internal.runners.statements.FailOnTimeout$1.run(FailOnTimeout.java:28)
Caused by: ptolemy.kernel.util.IllegalActionException: Actor is not ready to fire.  Perhaps UpSample.prefire() returned false? Try debugging the actor by selecting "Listen to Actor".  Also, for SDF check moml for tokenConsumptionRate on input.
  in .DESDFClockTest.Play Bell.Copy1:SDF Director and .DESDFClockTest.Play Bell.UpSample
	at ptolemy.actor.sched.StaticSchedulingDirector.fire(StaticSchedulingDirector.java:227)
	at ptolemy.domains.sdf.kernel.SDFDirector.fire(SDFDirector.java:500)
	at ptolemy.actor.CompositeActor.fire(CompositeActor.java:455)
	at ptolemy.domains.de.kernel.DEDirector._fire(DEDirector.java:1949)
	at ptolemy.domains.de.kernel.DEDirector.fire(DEDirector.java:502)
	at ptolemy.actor.CompositeActor.fire(CompositeActor.java:455)
	at ptolemy.actor.Manager.iterate(Manager.java:851)
	at ptolemy.actor.Manager.execute(Manager.java:369)
	at ptolemy.actor.Manager.run(Manager.java:1263)
	at ptolemy.actor.Manager$PtolemyRunThread.run(Manager.java:1933)
java.lang.RuntimeException: Execution failed
	at ptolemy.moml.MoMLSimpleApplication$UnloadThread.run(MoMLSimpleApplication.java:402)
Caused by: ptolemy.kernel.util.IllegalActionException: Test fails in iteration 1.
Value was: 1.0. Should have been: 2.0
  in .DirectFeedback.Test
	at ptolemy.actor.lib.Test.fire(Test.java:268)
	at ptolemy.domains.de.kernel.DEDirector._fire(DEDirector.java:1949)
	at ptolemy.domains.de.kernel.DEDirector.fire(DEDirector.java:502)
	at ptolemy.actor.CompositeActor.fire(CompositeActor.java:455)
	at ptolemy.actor.Manager.iterate(Manager.java:851)
	at ptolemy.actor.Manager.execute(Manager.java:369)
	at ptolemy.actor.Manager.run(Manager.java:1263)
	at ptolemy.actor.Manager$PtolemyRunThread.run(Manager.java:1933)
java.lang.reflect.InvocationTargetException
	at java.base/jdk.internal.reflect.NativeConstructorAccessorImpl.newInstance0(Native Method)
	at java.base/jdk.internal.reflect.NativeConstructorAccessorImpl.newInstance(NativeConstructorAccessorImpl.java:62)
	at java.base/jdk.internal.reflect.DelegatingConstructorAccessorImpl.newInstance(DelegatingConstructorAccessorImpl.java:45)
	at java.base/java.lang.reflect.Constructor.newInstance(Constructor.java:490)
	at ptolemy.util.test.junit.AutoKnownFailedTests.RunModel(AutoKnownFailedTests.java:105)
	at java.base/jdk.internal.reflect.NativeMethodAccessorImpl.invoke0(Native Method)
	at java.base/jdk.internal.reflect.NativeMethodAccessorImpl.invoke(NativeMethodAccessorImpl.java:62)
	at java.base/jdk.internal.reflect.DelegatingMethodAccessorImpl.invoke(DelegatingMethodAccessorImpl.java:43)
	at java.base/java.lang.reflect.Method.invoke(Method.java:566)
	at org.junit.runners.model.FrameworkMethod$1.runReflectiveCall(FrameworkMethod.java:44)
	at org.junit.internal.runners.model.ReflectiveCallable.run(ReflectiveCallable.java:15)
	at org.junit.runners.model.FrameworkMethod.invokeExplosively(FrameworkMethod.java:41)
	at junitparams.internal.InvokeParameterisedMethod.evaluate(InvokeParameterisedMethod.java:102)
	at org.junit.internal.runners.statements.FailOnTimeout$1.run(FailOnTimeout.java:28)
Caused by: ptolemy.kernel.util.IllegalActionException: Test fails in iteration 1.
Value was: 1.0. Should have been: 2.0
  in .DirectFeedback.Test
	at ptolemy.actor.lib.Test.fire(Test.java:268)
	at ptolemy.domains.de.kernel.DEDirector._fire(DEDirector.java:1949)
	at ptolemy.domains.de.kernel.DEDirector.fire(DEDirector.java:502)
	at ptolemy.actor.CompositeActor.fire(CompositeActor.java:455)
	at ptolemy.actor.Manager.iterate(Manager.java:851)
	at ptolemy.actor.Manager.execute(Manager.java:369)
	at ptolemy.actor.Manager.run(Manager.java:1263)
	at ptolemy.actor.Manager$PtolemyRunThread.run(Manager.java:1933)
java.lang.RuntimeException: Execution failed
	at ptolemy.moml.MoMLSimpleApplication$UnloadThread.run(MoMLSimpleApplication.java:402)
Caused by: ptolemy.kernel.util.IllegalActionException: Found a zero delay loop containing .HierarchicalModel.A
  in .HierarchicalModel and .HierarchicalModel.A
	at ptolemy.actor.util.CausalityInterfaceForComposites._computeOutputPortDepth(CausalityInterfaceForComposites.java:759)
	at ptolemy.actor.util.CausalityInterfaceForComposites._computeInputDepth(CausalityInterfaceForComposites.java:696)
	at ptolemy.actor.util.CausalityInterfaceForComposites._computeOutputPortDepth(CausalityInterfaceForComposites.java:765)
	at ptolemy.actor.util.CausalityInterfaceForComposites._computeInputDepth(CausalityInterfaceForComposites.java:696)
	at ptolemy.actor.util.CausalityInterfaceForComposites._computeOutputPortDepth(CausalityInterfaceForComposites.java:765)
	at ptolemy.actor.util.CausalityInterfaceForComposites._computeInputDepth(CausalityInterfaceForComposites.java:696)
	at ptolemy.actor.util.CausalityInterfaceForComposites._computeActorDepth(CausalityInterfaceForComposites.java:532)
	at ptolemy.actor.util.CausalityInterfaceForComposites.checkForCycles(CausalityInterfaceForComposites.java:96)
	at ptolemy.domains.de.kernel.DEDirector.preinitialize(DEDirector.java:1338)
	at ptolemy.actor.CompositeActor.preinitialize(CompositeActor.java:1828)
	at ptolemy.actor.Manager.preinitializeAndResolveTypes(Manager.java:1040)
	at ptolemy.actor.Manager.initialize(Manager.java:710)
	at ptolemy.actor.Manager.execute(Manager.java:356)
	at ptolemy.actor.Manager.run(Manager.java:1263)
	at ptolemy.actor.Manager$PtolemyRunThread.run(Manager.java:1933)
java.lang.reflect.InvocationTargetException
	at java.base/jdk.internal.reflect.NativeConstructorAccessorImpl.newInstance0(Native Method)
	at java.base/jdk.internal.reflect.NativeConstructorAccessorImpl.newInstance(NativeConstructorAccessorImpl.java:62)
	at java.base/jdk.internal.reflect.DelegatingConstructorAccessorImpl.newInstance(DelegatingConstructorAccessorImpl.java:45)
	at java.base/java.lang.reflect.Constructor.newInstance(Constructor.java:490)
	at ptolemy.util.test.junit.AutoKnownFailedTests.RunModel(AutoKnownFailedTests.java:105)
	at java.base/jdk.internal.reflect.NativeMethodAccessorImpl.invoke0(Native Method)
	at java.base/jdk.internal.reflect.NativeMethodAccessorImpl.invoke(NativeMethodAccessorImpl.java:62)
	at java.base/jdk.internal.reflect.DelegatingMethodAccessorImpl.invoke(DelegatingMethodAccessorImpl.java:43)
	at java.base/java.lang.reflect.Method.invoke(Method.java:566)
	at org.junit.runners.model.FrameworkMethod$1.runReflectiveCall(FrameworkMethod.java:44)
	at org.junit.internal.runners.model.ReflectiveCallable.run(ReflectiveCallable.java:15)
	at org.junit.runners.model.FrameworkMethod.invokeExplosively(FrameworkMethod.java:41)
	at junitparams.internal.InvokeParameterisedMethod.evaluate(InvokeParameterisedMethod.java:102)
	at org.junit.internal.runners.statements.FailOnTimeout$1.run(FailOnTimeout.java:28)
Caused by: ptolemy.kernel.util.IllegalActionException: Found a zero delay loop containing .HierarchicalModel.A
  in .HierarchicalModel and .HierarchicalModel.A
	at ptolemy.actor.util.CausalityInterfaceForComposites._computeOutputPortDepth(CausalityInterfaceForComposites.java:759)
	at ptolemy.actor.util.CausalityInterfaceForComposites._computeInputDepth(CausalityInterfaceForComposites.java:696)
	at ptolemy.actor.util.CausalityInterfaceForComposites._computeOutputPortDepth(CausalityInterfaceForComposites.java:765)
	at ptolemy.actor.util.CausalityInterfaceForComposites._computeInputDepth(CausalityInterfaceForComposites.java:696)
	at ptolemy.actor.util.CausalityInterfaceForComposites._computeOutputPortDepth(CausalityInterfaceForComposites.java:765)
	at ptolemy.actor.util.CausalityInterfaceForComposites._computeInputDepth(CausalityInterfaceForComposites.java:696)
	at ptolemy.actor.util.CausalityInterfaceForComposites._computeActorDepth(CausalityInterfaceForComposites.java:532)
	at ptolemy.actor.util.CausalityInterfaceForComposites.checkForCycles(CausalityInterfaceForComposites.java:96)
	at ptolemy.domains.de.kernel.DEDirector.preinitialize(DEDirector.java:1338)
	at ptolemy.actor.CompositeActor.preinitialize(CompositeActor.java:1828)
	at ptolemy.actor.Manager.preinitializeAndResolveTypes(Manager.java:1040)
	at ptolemy.actor.Manager.initialize(Manager.java:710)
	at ptolemy.actor.Manager.execute(Manager.java:356)
	at ptolemy.actor.Manager.run(Manager.java:1263)
	at ptolemy.actor.Manager$PtolemyRunThread.run(Manager.java:1933)
java.lang.RuntimeException: Execution failed
	at ptolemy.moml.MoMLSimpleApplication$UnloadThread.run(MoMLSimpleApplication.java:402)
Caused by: ptolemy.kernel.util.IllegalActionException: Found a zero delay loop containing .dependencyLoop.original
  in .dependencyLoop and .dependencyLoop.original
	at ptolemy.actor.util.CausalityInterfaceForComposites._computeOutputPortDepth(CausalityInterfaceForComposites.java:759)
	at ptolemy.actor.util.CausalityInterfaceForComposites._computeInputDepth(CausalityInterfaceForComposites.java:696)
	at ptolemy.actor.util.CausalityInterfaceForComposites._computeOutputPortDepth(CausalityInterfaceForComposites.java:765)
	at ptolemy.actor.util.CausalityInterfaceForComposites._computeInputDepth(CausalityInterfaceForComposites.java:696)
	at ptolemy.actor.util.CausalityInterfaceForComposites._computeOutputPortDepth(CausalityInterfaceForComposites.java:765)
	at ptolemy.actor.util.CausalityInterfaceForComposites._computeInputDepth(CausalityInterfaceForComposites.java:696)
	at ptolemy.actor.util.CausalityInterfaceForComposites._computeActorDepth(CausalityInterfaceForComposites.java:532)
	at ptolemy.actor.util.CausalityInterfaceForComposites.checkForCycles(CausalityInterfaceForComposites.java:96)
	at ptolemy.domains.de.kernel.DEDirector.preinitialize(DEDirector.java:1338)
	at ptolemy.actor.CompositeActor.preinitialize(CompositeActor.java:1828)
	at ptolemy.actor.Manager.preinitializeAndResolveTypes(Manager.java:1040)
	at ptolemy.actor.Manager.initialize(Manager.java:710)
	at ptolemy.actor.Manager.execute(Manager.java:356)
	at ptolemy.actor.Manager.run(Manager.java:1263)
	at ptolemy.actor.Manager$PtolemyRunThread.run(Manager.java:1933)
java.lang.reflect.InvocationTargetException
	at java.base/jdk.internal.reflect.NativeConstructorAccessorImpl.newInstance0(Native Method)
	at java.base/jdk.internal.reflect.NativeConstructorAccessorImpl.newInstance(NativeConstructorAccessorImpl.java:62)
	at java.base/jdk.internal.reflect.DelegatingConstructorAccessorImpl.newInstance(DelegatingConstructorAccessorImpl.java:45)
	at java.base/java.lang.reflect.Constructor.newInstance(Constructor.java:490)
	at ptolemy.util.test.junit.AutoKnownFailedTests.RunModel(AutoKnownFailedTests.java:105)
	at java.base/jdk.internal.reflect.NativeMethodAccessorImpl.invoke0(Native Method)
	at java.base/jdk.internal.reflect.NativeMethodAccessorImpl.invoke(NativeMethodAccessorImpl.java:62)
	at java.base/jdk.internal.reflect.DelegatingMethodAccessorImpl.invoke(DelegatingMethodAccessorImpl.java:43)
	at java.base/java.lang.reflect.Method.invoke(Method.java:566)
	at org.junit.runners.model.FrameworkMethod$1.runReflectiveCall(FrameworkMethod.java:44)
	at org.junit.internal.runners.model.ReflectiveCallable.run(ReflectiveCallable.java:15)
	at org.junit.runners.model.FrameworkMethod.invokeExplosively(FrameworkMethod.java:41)
	at junitparams.internal.InvokeParameterisedMethod.evaluate(InvokeParameterisedMethod.java:102)
	at org.junit.internal.runners.statements.FailOnTimeout$1.run(FailOnTimeout.java:28)
Caused by: ptolemy.kernel.util.IllegalActionException: Found a zero delay loop containing .dependencyLoop.original
  in .dependencyLoop and .dependencyLoop.original
	at ptolemy.actor.util.CausalityInterfaceForComposites._computeOutputPortDepth(CausalityInterfaceForComposites.java:759)
	at ptolemy.actor.util.CausalityInterfaceForComposites._computeInputDepth(CausalityInterfaceForComposites.java:696)
	at ptolemy.actor.util.CausalityInterfaceForComposites._computeOutputPortDepth(CausalityInterfaceForComposites.java:765)
	at ptolemy.actor.util.CausalityInterfaceForComposites._computeInputDepth(CausalityInterfaceForComposites.java:696)
	at ptolemy.actor.util.CausalityInterfaceForComposites._computeOutputPortDepth(CausalityInterfaceForComposites.java:765)
	at ptolemy.actor.util.CausalityInterfaceForComposites._computeInputDepth(CausalityInterfaceForComposites.java:696)
	at ptolemy.actor.util.CausalityInterfaceForComposites._computeActorDepth(CausalityInterfaceForComposites.java:532)
	at ptolemy.actor.util.CausalityInterfaceForComposites.checkForCycles(CausalityInterfaceForComposites.java:96)
	at ptolemy.domains.de.kernel.DEDirector.preinitialize(DEDirector.java:1338)
	at ptolemy.actor.CompositeActor.preinitialize(CompositeActor.java:1828)
	at ptolemy.actor.Manager.preinitializeAndResolveTypes(Manager.java:1040)
	at ptolemy.actor.Manager.initialize(Manager.java:710)
	at ptolemy.actor.Manager.execute(Manager.java:356)
	at ptolemy.actor.Manager.run(Manager.java:1263)
	at ptolemy.actor.Manager$PtolemyRunThread.run(Manager.java:1933)
java.lang.RuntimeException: Execution failed
	at ptolemy.moml.MoMLSimpleApplication$UnloadThread.run(MoMLSimpleApplication.java:402)
Caused by: ptolemy.kernel.util.IllegalActionException: Found a zero delay loop containing .dependencyLoop2.original
  in .dependencyLoop2 and .dependencyLoop2.original
	at ptolemy.actor.util.CausalityInterfaceForComposites._computeOutputPortDepth(CausalityInterfaceForComposites.java:759)
	at ptolemy.actor.util.CausalityInterfaceForComposites._computeInputDepth(CausalityInterfaceForComposites.java:696)
	at ptolemy.actor.util.CausalityInterfaceForComposites._computeOutputPortDepth(CausalityInterfaceForComposites.java:765)
	at ptolemy.actor.util.CausalityInterfaceForComposites._computeInputDepth(CausalityInterfaceForComposites.java:696)
	at ptolemy.actor.util.CausalityInterfaceForComposites._computeOutputPortDepth(CausalityInterfaceForComposites.java:765)
	at ptolemy.actor.util.CausalityInterfaceForComposites._computeInputDepth(CausalityInterfaceForComposites.java:696)
	at ptolemy.actor.util.CausalityInterfaceForComposites._computeActorDepth(CausalityInterfaceForComposites.java:532)
	at ptolemy.actor.util.CausalityInterfaceForComposites.checkForCycles(CausalityInterfaceForComposites.java:96)
	at ptolemy.domains.de.kernel.DEDirector.preinitialize(DEDirector.java:1338)
	at ptolemy.actor.CompositeActor.preinitialize(CompositeActor.java:1828)
	at ptolemy.actor.Manager.preinitializeAndResolveTypes(Manager.java:1040)
	at ptolemy.actor.Manager.initialize(Manager.java:710)
	at ptolemy.actor.Manager.execute(Manager.java:356)
	at ptolemy.actor.Manager.run(Manager.java:1263)
	at ptolemy.actor.Manager$PtolemyRunThread.run(Manager.java:1933)
java.lang.reflect.InvocationTargetException
	at java.base/jdk.internal.reflect.NativeConstructorAccessorImpl.newInstance0(Native Method)
	at java.base/jdk.internal.reflect.NativeConstructorAccessorImpl.newInstance(NativeConstructorAccessorImpl.java:62)
	at java.base/jdk.internal.reflect.DelegatingConstructorAccessorImpl.newInstance(DelegatingConstructorAccessorImpl.java:45)
	at java.base/java.lang.reflect.Constructor.newInstance(Constructor.java:490)
	at ptolemy.util.test.junit.AutoKnownFailedTests.RunModel(AutoKnownFailedTests.java:105)
	at java.base/jdk.internal.reflect.NativeMethodAccessorImpl.invoke0(Native Method)
	at java.base/jdk.internal.reflect.NativeMethodAccessorImpl.invoke(NativeMethodAccessorImpl.java:62)
	at java.base/jdk.internal.reflect.DelegatingMethodAccessorImpl.invoke(DelegatingMethodAccessorImpl.java:43)
	at java.base/java.lang.reflect.Method.invoke(Method.java:566)
	at org.junit.runners.model.FrameworkMethod$1.runReflectiveCall(FrameworkMethod.java:44)
	at org.junit.internal.runners.model.ReflectiveCallable.run(ReflectiveCallable.java:15)
	at org.junit.runners.model.FrameworkMethod.invokeExplosively(FrameworkMethod.java:41)
	at junitparams.internal.InvokeParameterisedMethod.evaluate(InvokeParameterisedMethod.java:102)
	at org.junit.internal.runners.statements.FailOnTimeout$1.run(FailOnTimeout.java:28)
Caused by: ptolemy.kernel.util.IllegalActionException: Found a zero delay loop containing .dependencyLoop2.original
  in .dependencyLoop2 and .dependencyLoop2.original
	at ptolemy.actor.util.CausalityInterfaceForComposites._computeOutputPortDepth(CausalityInterfaceForComposites.java:759)
	at ptolemy.actor.util.CausalityInterfaceForComposites._computeInputDepth(CausalityInterfaceForComposites.java:696)
	at ptolemy.actor.util.CausalityInterfaceForComposites._computeOutputPortDepth(CausalityInterfaceForComposites.java:765)
	at ptolemy.actor.util.CausalityInterfaceForComposites._computeInputDepth(CausalityInterfaceForComposites.java:696)
	at ptolemy.actor.util.CausalityInterfaceForComposites._computeOutputPortDepth(CausalityInterfaceForComposites.java:765)
	at ptolemy.actor.util.CausalityInterfaceForComposites._computeInputDepth(CausalityInterfaceForComposites.java:696)
	at ptolemy.actor.util.CausalityInterfaceForComposites._computeActorDepth(CausalityInterfaceForComposites.java:532)
	at ptolemy.actor.util.CausalityInterfaceForComposites.checkForCycles(CausalityInterfaceForComposites.java:96)
	at ptolemy.domains.de.kernel.DEDirector.preinitialize(DEDirector.java:1338)
	at ptolemy.actor.CompositeActor.preinitialize(CompositeActor.java:1828)
	at ptolemy.actor.Manager.preinitializeAndResolveTypes(Manager.java:1040)
	at ptolemy.actor.Manager.initialize(Manager.java:710)
	at ptolemy.actor.Manager.execute(Manager.java:356)
	at ptolemy.actor.Manager.run(Manager.java:1263)
	at ptolemy.actor.Manager$PtolemyRunThread.run(Manager.java:1933)
]]></system-err>
</testsuite>
