<?xml version="1.0" encoding="UTF-8" ?>
<testsuite errors="0" failures="0" hostname="travis-job-17e955e5-2d76-424c-961c-cc4167484505" name="ptolemy.domains.de.test.junit.JUnitTclTest" skipped="0" tests="101" time="129.77" timestamp="2019-03-23T03:49:23">
  <properties>
[...]
</properties>
  <testcase classname="ptolemy.util.test.junit.TclTests" name="[0] /home/travis/build/icyphy/ptII/ptolemy/domains/de/test/DependencyLoop.tcl (RunTclFile)" time="0.822" />
  <testcase classname="ptolemy.util.test.junit.TclTests" name="[1] /home/travis/build/icyphy/ptII/ptolemy/domains/de/test/RunDETestsAsQSS.tcl (RunTclFile)" time="89.384" />
  <testcase classname="ptolemy.util.test.junit.AutoKnownFailedTests" name="[0] /home/travis/build/icyphy/ptII/ptolemy/domains/de/test/auto/knownFailedTests/DESDFClockTest.xml (RunModel)" time="2.036" />
  <testcase classname="ptolemy.util.test.junit.AutoKnownFailedTests" name="[1] /home/travis/build/icyphy/ptII/ptolemy/domains/de/test/auto/knownFailedTests/DirectFeedback.xml (RunModel)" time="0.021" />
  <testcase classname="ptolemy.util.test.junit.AutoKnownFailedTests" name="[2] /home/travis/build/icyphy/ptII/ptolemy/domains/de/test/auto/knownFailedTests/FSMSource.xml (RunModel)" time="0.022" />
  <testcase classname="ptolemy.util.test.junit.AutoKnownFailedTests" name="[3] /home/travis/build/icyphy/ptII/ptolemy/domains/de/test/auto/knownFailedTests/HierarchicalModel.xml (RunModel)" time="0.043" />
  <testcase classname="ptolemy.util.test.junit.AutoKnownFailedTests" name="[4] /home/travis/build/icyphy/ptII/ptolemy/domains/de/test/auto/knownFailedTests/dependencyLoop.xml (RunModel)" time="0.04" />
  <testcase classname="ptolemy.util.test.junit.AutoKnownFailedTests" name="[5] /home/travis/build/icyphy/ptII/ptolemy/domains/de/test/auto/knownFailedTests/dependencyLoop2.xml (RunModel)" time="0.052" />
  <testcase classname="ptolemy.util.test.junit.AutoNameArchTests" name="[0] ThereAreNoAutoArchTests (RunModel)" time="0.0" />
  <testcase classname="ptolemy.util.test.junit.AutoTests" name="[0] /home/travis/build/icyphy/ptII/ptolemy/domains/de/test/auto/ActorDepthCalculation_actorWithoutPorts.xml (RunModel)" time="0.02" />
  <testcase classname="ptolemy.util.test.junit.AutoTests" name="[1] /home/travis/build/icyphy/ptII/ptolemy/domains/de/test/auto/AssemblyLine.xml (RunModel)" time="0.022" />
  <testcase classname="ptolemy.util.test.junit.AutoTests" name="[2] /home/travis/build/icyphy/ptII/ptolemy/domains/de/test/auto/CQBug1.xml (RunModel)" time="0.009" />
  <testcase classname="ptolemy.util.test.junit.AutoTests" name="[3] /home/travis/build/icyphy/ptII/ptolemy/domains/de/test/auto/CancelFireAt.xml (RunModel)" time="0.017" />
  <testcase classname="ptolemy.util.test.junit.AutoTests" name="[4] /home/travis/build/icyphy/ptII/ptolemy/domains/de/test/auto/CausalityAndComposabilityAnalysis.xml (RunModel)" time="0.011" />
  <testcase classname="ptolemy.util.test.junit.AutoTests" name="[5] /home/travis/build/icyphy/ptII/ptolemy/domains/de/test/auto/CausalityInterface1.xml (RunModel)" time="0.013" />
  <testcase classname="ptolemy.util.test.junit.AutoTests" name="[6] /home/travis/build/icyphy/ptII/ptolemy/domains/de/test/auto/CausalityInterface15.xml (RunModel)" time="0.008" />
  <testcase classname="ptolemy.util.test.junit.AutoTests" name="[7] /home/travis/build/icyphy/ptII/ptolemy/domains/de/test/auto/CausalityInterface2.xml (RunModel)" time="0.007" />
  <testcase classname="ptolemy.util.test.junit.AutoTests" name="[8] /home/travis/build/icyphy/ptII/ptolemy/domains/de/test/auto/CausalityInterface3.xml (RunModel)" time="0.009" />
  <testcase classname="ptolemy.util.test.junit.AutoTests" name="[9] /home/travis/build/icyphy/ptII/ptolemy/domains/de/test/auto/ClockDrift.xml (RunModel)" time="0.037" />
  <testcase classname="ptolemy.util.test.junit.AutoTests" name="[10] /home/travis/build/icyphy/ptII/ptolemy/domains/de/test/auto/ClockDriftAndValueChange.xml (RunModel)" time="0.032" />
  <testcase classname="ptolemy.util.test.junit.AutoTests" name="[11] /home/travis/build/icyphy/ptII/ptolemy/domains/de/test/auto/ClockDriftChange.xml (RunModel)" time="0.026" />
  <testcase classname="ptolemy.util.test.junit.AutoTests" name="[12] /home/travis/build/icyphy/ptII/ptolemy/domains/de/test/auto/ComposableCausalityAnalysis.xml (RunModel)" time="0.018" />
  <testcase classname="ptolemy.util.test.junit.AutoTests" name="[13] /home/travis/build/icyphy/ptII/ptolemy/domains/de/test/auto/DEFixedPointLimitation.xml (RunModel)" time="0.009" />
  <testcase classname="ptolemy.util.test.junit.AutoTests" name="[14] /home/travis/build/icyphy/ptII/ptolemy/domains/de/test/auto/DEScheduleTest.xml (RunModel)" time="0.011" />
  <testcase classname="ptolemy.util.test.junit.AutoTests" name="[15] /home/travis/build/icyphy/ptII/ptolemy/domains/de/test/auto/DEinDEwithStartTimes.xml (RunModel)" time="0.012" />
  <testcase classname="ptolemy.util.test.junit.AutoTests" name="[16] /home/travis/build/icyphy/ptII/ptolemy/domains/de/test/auto/DEinDEwithStartTimes2.xml (RunModel)" time="0.013" />
  <testcase classname="ptolemy.util.test.junit.AutoTests" name="[17] /home/travis/build/icyphy/ptII/ptolemy/domains/de/test/auto/DateDemo.xml (RunModel)" time="0.027" />
  <testcase classname="ptolemy.util.test.junit.AutoTests" name="[18] /home/travis/build/icyphy/ptII/ptolemy/domains/de/test/auto/DateToEvent.xml (RunModel)" time="2.038" />
  <testcase classname="ptolemy.util.test.junit.AutoTests" name="[19] /home/travis/build/icyphy/ptII/ptolemy/domains/de/test/auto/DepthTest1.xml (RunModel)" time="0.008" />
  <testcase classname="ptolemy.util.test.junit.AutoTests" name="[20] /home/travis/build/icyphy/ptII/ptolemy/domains/de/test/auto/DepthTest2.xml (RunModel)" time="0.018" />
  <testcase classname="ptolemy.util.test.junit.AutoTests" name="[21] /home/travis/build/icyphy/ptII/ptolemy/domains/de/test/auto/DepthTest3.xml (RunModel)" time="0.008" />
  <testcase classname="ptolemy.util.test.junit.AutoTests" name="[22] /home/travis/build/icyphy/ptII/ptolemy/domains/de/test/auto/DepthTest4.xml (RunModel)" time="0.014" />
  <testcase classname="ptolemy.util.test.junit.AutoTests" name="[23] /home/travis/build/icyphy/ptII/ptolemy/domains/de/test/auto/DepthTest5.xml (RunModel)" time="0.017" />
  <testcase classname="ptolemy.util.test.junit.AutoTests" name="[24] /home/travis/build/icyphy/ptII/ptolemy/domains/de/test/auto/DepthTest6.xml (RunModel)" time="0.016" />
  <testcase classname="ptolemy.util.test.junit.AutoTests" name="[25] /home/travis/build/icyphy/ptII/ptolemy/domains/de/test/auto/DepthTest7.xml (RunModel)" time="0.023" />
  <testcase classname="ptolemy.util.test.junit.AutoTests" name="[26] /home/travis/build/icyphy/ptII/ptolemy/domains/de/test/auto/EventToDate.xml (RunModel)" time="3.039" />
  <testcase classname="ptolemy.util.test.junit.AutoTests" name="[27] /home/travis/build/icyphy/ptII/ptolemy/domains/de/test/auto/FSM1.xml (RunModel)" time="0.026" />
  <testcase classname="ptolemy.util.test.junit.AutoTests" name="[28] /home/travis/build/icyphy/ptII/ptolemy/domains/de/test/auto/FSM7.xml (RunModel)" time="0.033" />
  <testcase classname="ptolemy.util.test.junit.AutoTests" name="[29] /home/travis/build/icyphy/ptII/ptolemy/domains/de/test/auto/Inspection.xml (RunModel)" time="0.042" />
  <testcase classname="ptolemy.util.test.junit.AutoTests" name="[30] /home/travis/build/icyphy/ptII/ptolemy/domains/de/test/auto/Iteration.xml (RunModel)" time="0.018" />
  <testcase classname="ptolemy.util.test.junit.AutoTests" name="[31] /home/travis/build/icyphy/ptII/ptolemy/domains/de/test/auto/LineFault.xml (RunModel)" time="0.439" />
  <testcase classname="ptolemy.util.test.junit.AutoTests" name="[32] /home/travis/build/icyphy/ptII/ptolemy/domains/de/test/auto/MergeModel1Add.xml (RunModel)" time="0.033" />
  <testcase classname="ptolemy.util.test.junit.AutoTests" name="[33] /home/travis/build/icyphy/ptII/ptolemy/domains/de/test/auto/MergeModel2Add.xml (RunModel)" time="0.027" />
  <testcase classname="ptolemy.util.test.junit.AutoTests" name="[34] /home/travis/build/icyphy/ptII/ptolemy/domains/de/test/auto/MergeModel3Add.xml (RunModel)" time="0.025" />
  <testcase classname="ptolemy.util.test.junit.AutoTests" name="[35] /home/travis/build/icyphy/ptII/ptolemy/domains/de/test/auto/MergeWithoutDiscard.xml (RunModel)" time="0.008" />
  <testcase classname="ptolemy.util.test.junit.AutoTests" name="[36] /home/travis/build/icyphy/ptII/ptolemy/domains/de/test/auto/Modal1.xml (RunModel)" time="0.037" />
  <testcase classname="ptolemy.util.test.junit.AutoTests" name="[37] /home/travis/build/icyphy/ptII/ptolemy/domains/de/test/auto/Modal2.xml (RunModel)" time="0.035" />
  <testcase classname="ptolemy.util.test.junit.AutoTests" name="[38] /home/travis/build/icyphy/ptII/ptolemy/domains/de/test/auto/Modal3.xml (RunModel)" time="0.029" />
  <testcase classname="ptolemy.util.test.junit.AutoTests" name="[39] /home/travis/build/icyphy/ptII/ptolemy/domains/de/test/auto/Modal4.xml (RunModel)" time="0.036" />
  <testcase classname="ptolemy.util.test.junit.AutoTests" name="[40] /home/travis/build/icyphy/ptII/ptolemy/domains/de/test/auto/Modal5.xml (RunModel)" time="0.031" />
  <testcase classname="ptolemy.util.test.junit.AutoTests" name="[41] /home/travis/build/icyphy/ptII/ptolemy/domains/de/test/auto/Modal6.xml (RunModel)" time="0.033" />
  <testcase classname="ptolemy.util.test.junit.AutoTests" name="[42] /home/travis/build/icyphy/ptII/ptolemy/domains/de/test/auto/Modal7.xml (RunModel)" time="0.029" />
  <testcase classname="ptolemy.util.test.junit.AutoTests" name="[43] /home/travis/build/icyphy/ptII/ptolemy/domains/de/test/auto/ModalModel.xml (RunModel)" time="0.168" />
  <testcase classname="ptolemy.util.test.junit.AutoTests" name="[44] /home/travis/build/icyphy/ptII/ptolemy/domains/de/test/auto/ModalSource.xml (RunModel)" time="0.02" />
  <testcase classname="ptolemy.util.test.junit.AutoTests" name="[45] /home/travis/build/icyphy/ptII/ptolemy/domains/de/test/auto/NonInterruptibleTimerZeroDelay.xml (RunModel)" time="0.011" />
  <testcase classname="ptolemy.util.test.junit.AutoTests" name="[46] /home/travis/build/icyphy/ptII/ptolemy/domains/de/test/auto/OpenQueueingNetwork.xml (RunModel)" time="2.168" />
  <testcase classname="ptolemy.util.test.junit.AutoTests" name="[47] /home/travis/build/icyphy/ptII/ptolemy/domains/de/test/auto/OpenQueuingNetwork.xml (RunModel)" time="0.274" />
  <testcase classname="ptolemy.util.test.junit.AutoTests" name="[48] /home/travis/build/icyphy/ptII/ptolemy/domains/de/test/auto/PeriodicSampler.xml (RunModel)" time="0.008" />
  <testcase classname="ptolemy.util.test.junit.AutoTests" name="[49] /home/travis/build/icyphy/ptII/ptolemy/domains/de/test/auto/PersistentIO.xml (RunModel)" time="0.018" />
  <testcase classname="ptolemy.util.test.junit.AutoTests" name="[50] /home/travis/build/icyphy/ptII/ptolemy/domains/de/test/auto/PortParameterResetOnInitialize.xml (RunModel)" time="0.01" />
  <testcase classname="ptolemy.util.test.junit.AutoTests" name="[51] /home/travis/build/icyphy/ptII/ptolemy/domains/de/test/auto/PortParameterUpdates.xml (RunModel)" time="0.014" />
  <testcase classname="ptolemy.util.test.junit.AutoTests" name="[52] /home/travis/build/icyphy/ptII/ptolemy/domains/de/test/auto/QueueAndServer.xml (RunModel)" time="0.021" />
  <testcase classname="ptolemy.util.test.junit.AutoTests" name="[53] /home/travis/build/icyphy/ptII/ptolemy/domains/de/test/auto/Records.xml (RunModel)" time="0.02" />
  <testcase classname="ptolemy.util.test.junit.AutoTests" name="[54] /home/travis/build/icyphy/ptII/ptolemy/domains/de/test/auto/ResetTransitionWithStartTime1.xml (RunModel)" time="0.025" />
  <testcase classname="ptolemy.util.test.junit.AutoTests" name="[55] /home/travis/build/icyphy/ptII/ptolemy/domains/de/test/auto/ResetTransitionWithStartTime2.xml (RunModel)" time="0.017" />
  <testcase classname="ptolemy.util.test.junit.AutoTests" name="[56] /home/travis/build/icyphy/ptII/ptolemy/domains/de/test/auto/ResetTransitionWithStartTime3.xml (RunModel)" time="0.018" />
  <testcase classname="ptolemy.util.test.junit.AutoTests" name="[57] /home/travis/build/icyphy/ptII/ptolemy/domains/de/test/auto/ResetTransitionWithStartTime4.xml (RunModel)" time="0.02" />
  <testcase classname="ptolemy.util.test.junit.AutoTests" name="[58] /home/travis/build/icyphy/ptII/ptolemy/domains/de/test/auto/ResettableTimer1.xml (RunModel)" time="0.01" />
  <testcase classname="ptolemy.util.test.junit.AutoTests" name="[59] /home/travis/build/icyphy/ptII/ptolemy/domains/de/test/auto/ResettableTimer2.xml (RunModel)" time="0.01" />
  <testcase classname="ptolemy.util.test.junit.AutoTests" name="[60] /home/travis/build/icyphy/ptII/ptolemy/domains/de/test/auto/ResettableTimer3.xml (RunModel)" time="0.008" />
  <testcase classname="ptolemy.util.test.junit.AutoTests" name="[61] /home/travis/build/icyphy/ptII/ptolemy/domains/de/test/auto/ResettableTimer4.xml (RunModel)" time="0.012" />
  <testcase classname="ptolemy.util.test.junit.AutoTests" name="[62] /home/travis/build/icyphy/ptII/ptolemy/domains/de/test/auto/ResettableTimer5.xml (RunModel)" time="0.01" />
  <testcase classname="ptolemy.util.test.junit.AutoTests" name="[63] /home/travis/build/icyphy/ptII/ptolemy/domains/de/test/auto/ResettableTimer6.xml (RunModel)" time="0.018" />
  <testcase classname="ptolemy.util.test.junit.AutoTests" name="[64] /home/travis/build/icyphy/ptII/ptolemy/domains/de/test/auto/ServerZeroDelay.xml (RunModel)" time="0.011" />
  <testcase classname="ptolemy.util.test.junit.AutoTests" name="[65] /home/travis/build/icyphy/ptII/ptolemy/domains/de/test/auto/SmartSender.xml (RunModel)" time="3.008" />
  <testcase classname="ptolemy.util.test.junit.AutoTests" name="[66] /home/travis/build/icyphy/ptII/ptolemy/domains/de/test/auto/ThreadedComposite.xml (RunModel)" time="0.116" />
  <testcase classname="ptolemy.util.test.junit.AutoTests" name="[67] /home/travis/build/icyphy/ptII/ptolemy/domains/de/test/auto/Time.xml (RunModel)" time="0.44" />
  <testcase classname="ptolemy.util.test.junit.AutoTests" name="[68] /home/travis/build/icyphy/ptII/ptolemy/domains/de/test/auto/TimeDelayZeroDelay.xml (RunModel)" time="0.011" />
  <testcase classname="ptolemy.util.test.junit.AutoTests" name="[69] /home/travis/build/icyphy/ptII/ptolemy/domains/de/test/auto/TimerZeroDelay.xml (RunModel)" time="0.012" />
  <testcase classname="ptolemy.util.test.junit.AutoTests" name="[70] /home/travis/build/icyphy/ptII/ptolemy/domains/de/test/auto/TimingParadox.xml (RunModel)" time="0.353" />
  <testcase classname="ptolemy.util.test.junit.AutoTests" name="[71] /home/travis/build/icyphy/ptII/ptolemy/domains/de/test/auto/TransferInputs.xml (RunModel)" time="0.015" />
  <testcase classname="ptolemy.util.test.junit.AutoTests" name="[72] /home/travis/build/icyphy/ptII/ptolemy/domains/de/test/auto/TransferOutputs2.xml (RunModel)" time="0.017" />
  <testcase classname="ptolemy.util.test.junit.AutoTests" name="[73] /home/travis/build/icyphy/ptII/ptolemy/domains/de/test/auto/Trilateration.xml (RunModel)" time="11.456" />
  <testcase classname="ptolemy.util.test.junit.AutoTests" name="[74] /home/travis/build/icyphy/ptII/ptolemy/domains/de/test/auto/TwoSigmaDelta.xml (RunModel)" time="2.143" />
  <testcase classname="ptolemy.util.test.junit.AutoTests" name="[75] /home/travis/build/icyphy/ptII/ptolemy/domains/de/test/auto/VariableDelay.xml (RunModel)" time="0.011" />
  <testcase classname="ptolemy.util.test.junit.AutoTests" name="[76] /home/travis/build/icyphy/ptII/ptolemy/domains/de/test/auto/VariableDelay2.xml (RunModel)" time="0.009" />
  <testcase classname="ptolemy.util.test.junit.AutoTests" name="[77] /home/travis/build/icyphy/ptII/ptolemy/domains/de/test/auto/VariableDelayZeroDelay.xml (RunModel)" time="0.01" />
  <testcase classname="ptolemy.util.test.junit.AutoTests" name="[78] /home/travis/build/icyphy/ptII/ptolemy/domains/de/test/auto/VariableDelayZeroDelay2.xml (RunModel)" time="0.017" />
  <testcase classname="ptolemy.util.test.junit.AutoTests" name="[79] /home/travis/build/icyphy/ptII/ptolemy/domains/de/test/auto/deInCt.xml (RunModel)" time="0.014" />
  <testcase classname="ptolemy.util.test.junit.AutoTests" name="[80] /home/travis/build/icyphy/ptII/ptolemy/domains/de/test/auto/deInCt2.xml (RunModel)" time="0.013" />
  <testcase classname="ptolemy.util.test.junit.AutoTests" name="[81] /home/travis/build/icyphy/ptII/ptolemy/domains/de/test/auto/dynamicCausalityInterface1.xml (RunModel)" time="0.017" />
  <testcase classname="ptolemy.util.test.junit.AutoTests" name="[82] /home/travis/build/icyphy/ptII/ptolemy/domains/de/test/auto/fsm_de_test.xml (RunModel)" time="0.019" />
  <testcase classname="ptolemy.util.test.junit.AutoTests" name="[83] /home/travis/build/icyphy/ptII/ptolemy/domains/de/test/auto/functionDependencyReconstruction.xml (RunModel)" time="0.032" />
  <testcase classname="ptolemy.util.test.junit.AutoTests" name="[84] /home/travis/build/icyphy/ptII/ptolemy/domains/de/test/auto/multirate.xml (RunModel)" time="0.015" />
  <testcase classname="ptolemy.util.test.junit.AutoTests" name="[85] /home/travis/build/icyphy/ptII/ptolemy/domains/de/test/auto/multirate2.xml (RunModel)" time="0.015" />
  <testcase classname="ptolemy.util.test.junit.AutoTests" name="[86] /home/travis/build/icyphy/ptII/ptolemy/domains/de/test/auto/realtime.xml (RunModel)" time="10.01" />
  <testcase classname="ptolemy.util.test.junit.AutoTests" name="[87] /home/travis/build/icyphy/ptII/ptolemy/domains/de/test/auto/relationGroup.xml (RunModel)" time="0.018" />
  <testcase classname="ptolemy.util.test.junit.AutoTests" name="[88] /home/travis/build/icyphy/ptII/ptolemy/domains/de/test/auto/relationGroup2.xml (RunModel)" time="0.014" />
  <testcase classname="ptolemy.util.test.junit.AutoTests" name="[89] /home/travis/build/icyphy/ptII/ptolemy/domains/de/test/auto/sortWithOpaquePorts.xml (RunModel)" time="0.016" />
  <testcase classname="ptolemy.util.test.junit.AutoTests" name="[90] /home/travis/build/icyphy/ptII/ptolemy/domains/de/test/auto/transferInputsandOutputs.xml (RunModel)" time="0.02" />
  <testcase classname="ptolemy.util.test.junit.AutoTests" name="[91] /home/travis/build/icyphy/ptII/ptolemy/domains/de/test/auto/triggerType.xml (RunModel)" time="0.009" />
  <system-out><![CDATA[/home/travis/build/icyphy/ptII/ptolemy/domains/de/test/DependencyLoop.tcl
testDefs.tcl: setting time out to 9000 seconds at Sat Mar 23 03:49:23 UTC 2019
15 ms. Memory: 116224K Free: 97561K (84%)
27 ms. Memory: 146944K Free: 141210K (96%)
/home/travis/build/icyphy/ptII/ptolemy/domains/de/test/RunDETestsAsQSS.tcl
Run the DE tests using ptolemy.domains.qss.test.QSSDirectorTest, which extends QSSDirector and prints a message in the constructors.
------------------ testing $PTII/ptolemy/domains/de/test/auto/knownFailedTests/dependencyLoop.xml (Known Failure) 
21 ms. Memory: 146944K Free: 136564K (93%)


==== $PTIIhome/travis/build/icyphy/ptII/ptolemy/domains/de/test/../../../../: Auto Automatic test in file $PTII/ptolemy/domains/de/test/auto/knownFailedTests/dependencyLoop.xml
==== Contents of test case:

	    # FIXME: we should use $relativeFilename here, but it
	    # might have backslashes under Windows, which causes no end
	    # of trouble.
	    createAndExecute $file
	    list {}
	
.... Test generated KNOWN error:
    while executing
ptolemy.kernel.util.IllegalActionException: Found a zero delay loop containing .dependencyLoop.original
  in .dependencyLoop and .dependencyLoop.original
	at ptolemy.actor.util.CausalityInterfaceForComposites._computeOutputPortDepth(CausalityInterfaceForComposites.java:759)
	at ptolemy.actor.util.CausalityInterfaceForComposites._computeInputDepth(CausalityInterfaceForComposites.java:696)
	at ptolemy.actor.util.CausalityInterfaceForComposites._computeOutputPortDepth(CausalityInterfaceForComposites.java:765)
	at ptolemy.actor.util.CausalityInterfaceForComposites._computeInputDepth(CausalityInterfaceForComposites.java:696)
	at ptolemy.actor.util.CausalityInterfaceForComposites._computeOutputPortDepth(CausalityInterfaceForComposites.java:765)
	at ptolemy.actor.util.CausalityInterfaceForComposites._computeInputDepth(CausalityInterfaceForComposites.java:696)
	at ptolemy.actor.util.CausalityInterfaceForComposites._computeActorDepth(CausalityInterfaceForComposites.java:532)
	at ptolemy.actor.util.CausalityInterfaceForComposites.checkForCycles(CausalityInterfaceForComposites.java:96)
	at ptolemy.domains.de.kernel.DEDirector.preinitialize(DEDirector.java:1338)
	at ptolemy.actor.CompositeActor.preinitialize(CompositeActor.java:1828)
	at ptolemy.actor.Manager.preinitializeAndResolveTypes(Manager.java:1040)
	at ptolemy.actor.Manager.initialize(Manager.java:710)
	at ptolemy.actor.Manager.execute(Manager.java:356)
	at ptolemy.actor.Manager.run(Manager.java:1263)
	at ptolemy.actor.Manager$PtolemyRunThread.run(Manager.java:1915)

    while executing
ptolemy.kernel.util.IllegalActionException: Found a zero delay loop containing .dependencyLoop.original
  in .dependencyLoop and .dependencyLoop.original
    while executing
"java::new ptolemy.moml.MoMLSimpleApplication $file
"
    (procedure "createAndExecute" line 2)
    invoked from within
"createAndExecute $file"
    ("uplevel" body line 5)
    invoked from within
"uplevel $contents_of_test"
------------------ testing $PTII/ptolemy/domains/de/test/auto/knownFailedTests/DESDFClockTest.xml (Known Failure) 
2051 ms. Memory: 146944K Free: 121376K (83%)


==== $PTIIhome/travis/build/icyphy/ptII/ptolemy/domains/de/test/../../../../: Auto Automatic test in file $PTII/ptolemy/domains/de/test/auto/knownFailedTests/DESDFClockTest.xml
==== Contents of test case:

	    # FIXME: we should use $relativeFilename here, but it
	    # might have backslashes under Windows, which causes no end
	    # of trouble.
	    createAndExecute $file
	    list {}
	
.... Test generated KNOWN error:
    while executing
ptolemy.kernel.util.IllegalActionException: Actor is not ready to fire.  Perhaps UpSample.prefire() returned false? Try debugging the actor by selecting "Listen to Actor".  Also, for SDF check moml for tokenConsumptionRate on input.
  in .DESDFClockTest.Play Bell.Copy1:SDF Director and .DESDFClockTest.Play Bell.UpSample
	at ptolemy.actor.sched.StaticSchedulingDirector.fire(StaticSchedulingDirector.java:227)
	at ptolemy.domains.sdf.kernel.SDFDirector.fire(SDFDirector.java:500)
	at ptolemy.actor.CompositeActor.fire(CompositeActor.java:455)
	at ptolemy.domains.de.kernel.DEDirector._fire(DEDirector.java:1949)
	at ptolemy.domains.de.kernel.DEDirector.fire(DEDirector.java:502)
	at ptolemy.actor.CompositeActor.fire(CompositeActor.java:455)
	at ptolemy.actor.Manager.iterate(Manager.java:851)
	at ptolemy.actor.Manager.execute(Manager.java:369)
	at ptolemy.actor.Manager.run(Manager.java:1263)
	at ptolemy.actor.Manager$PtolemyRunThread.run(Manager.java:1915)

    while executing
ptolemy.kernel.util.IllegalActionException: Actor is not ready to fire.  Perhaps UpSample.prefire() returned false? Try debugging the actor by selecting "Listen to Actor".  Also, for SDF check moml for tokenConsumptionRate on input.
  in .DESDFClockTest.Play Bell.Copy1:SDF Director and .DESDFClockTest.Play Bell.UpSample
    while executing
"java::new ptolemy.moml.MoMLSimpleApplication $file
"
    (procedure "createAndExecute" line 2)
    invoked from within
"createAndExecute $file"
    ("uplevel" body line 5)
    invoked from within
"uplevel $contents_of_test"
------------------ testing $PTII/ptolemy/domains/de/test/auto/knownFailedTests/FSMSource.xml (Known Failure) 
33 ms. Memory: 146944K Free: 112506K (77%)
!!!! Auto was marked as failing, but now passes
------------------ testing $PTII/ptolemy/domains/de/test/auto/knownFailedTests/dependencyLoop2.xml (Known Failure) 
10 ms. Memory: 146944K Free: 110623K (75%)


==== $PTIIhome/travis/build/icyphy/ptII/ptolemy/domains/de/test/../../../../: Auto Automatic test in file $PTII/ptolemy/domains/de/test/auto/knownFailedTests/dependencyLoop2.xml
==== Contents of test case:

	    # FIXME: we should use $relativeFilename here, but it
	    # might have backslashes under Windows, which causes no end
	    # of trouble.
	    createAndExecute $file
	    list {}
	
.... Test generated KNOWN error:
    while executing
ptolemy.kernel.util.IllegalActionException: Found a zero delay loop containing .dependencyLoop2.original
  in .dependencyLoop2 and .dependencyLoop2.original
	at ptolemy.actor.util.CausalityInterfaceForComposites._computeOutputPortDepth(CausalityInterfaceForComposites.java:759)
	at ptolemy.actor.util.CausalityInterfaceForComposites._computeInputDepth(CausalityInterfaceForComposites.java:696)
	at ptolemy.actor.util.CausalityInterfaceForComposites._computeOutputPortDepth(CausalityInterfaceForComposites.java:765)
	at ptolemy.actor.util.CausalityInterfaceForComposites._computeInputDepth(CausalityInterfaceForComposites.java:696)
	at ptolemy.actor.util.CausalityInterfaceForComposites._computeOutputPortDepth(CausalityInterfaceForComposites.java:765)
	at ptolemy.actor.util.CausalityInterfaceForComposites._computeInputDepth(CausalityInterfaceForComposites.java:696)
	at ptolemy.actor.util.CausalityInterfaceForComposites._computeActorDepth(CausalityInterfaceForComposites.java:532)
	at ptolemy.actor.util.CausalityInterfaceForComposites.checkForCycles(CausalityInterfaceForComposites.java:96)
	at ptolemy.domains.de.kernel.DEDirector.preinitialize(DEDirector.java:1338)
	at ptolemy.actor.CompositeActor.preinitialize(CompositeActor.java:1828)
	at ptolemy.actor.Manager.preinitializeAndResolveTypes(Manager.java:1040)
	at ptolemy.actor.Manager.initialize(Manager.java:710)
	at ptolemy.actor.Manager.execute(Manager.java:356)
	at ptolemy.actor.Manager.run(Manager.java:1263)
	at ptolemy.actor.Manager$PtolemyRunThread.run(Manager.java:1915)

    while executing
ptolemy.kernel.util.IllegalActionException: Found a zero delay loop containing .dependencyLoop2.original
  in .dependencyLoop2 and .dependencyLoop2.original
    while executing
"java::new ptolemy.moml.MoMLSimpleApplication $file
"
    (procedure "createAndExecute" line 2)
    invoked from within
"createAndExecute $file"
    ("uplevel" body line 5)
    invoked from within
"uplevel $contents_of_test"
------------------ testing $PTII/ptolemy/domains/de/test/auto/knownFailedTests/HierarchicalModel.xml (Known Failure) 
5 ms. Memory: 146944K Free: 90524K (62%)


==== $PTIIhome/travis/build/icyphy/ptII/ptolemy/domains/de/test/../../../../: Auto Automatic test in file $PTII/ptolemy/domains/de/test/auto/knownFailedTests/HierarchicalModel.xml
==== Contents of test case:

	    # FIXME: we should use $relativeFilename here, but it
	    # might have backslashes under Windows, which causes no end
	    # of trouble.
	    createAndExecute $file
	    list {}
	
.... Test generated KNOWN error:
    while executing
ptolemy.kernel.util.IllegalActionException: Found a zero delay loop containing .HierarchicalModel.A
  in .HierarchicalModel and .HierarchicalModel.A
	at ptolemy.actor.util.CausalityInterfaceForComposites._computeOutputPortDepth(CausalityInterfaceForComposites.java:759)
	at ptolemy.actor.util.CausalityInterfaceForComposites._computeInputDepth(CausalityInterfaceForComposites.java:696)
	at ptolemy.actor.util.CausalityInterfaceForComposites._computeOutputPortDepth(CausalityInterfaceForComposites.java:765)
	at ptolemy.actor.util.CausalityInterfaceForComposites._computeInputDepth(CausalityInterfaceForComposites.java:696)
	at ptolemy.actor.util.CausalityInterfaceForComposites._computeOutputPortDepth(CausalityInterfaceForComposites.java:765)
	at ptolemy.actor.util.CausalityInterfaceForComposites._computeInputDepth(CausalityInterfaceForComposites.java:696)
	at ptolemy.actor.util.CausalityInterfaceForComposites._computeActorDepth(CausalityInterfaceForComposites.java:532)
	at ptolemy.actor.util.CausalityInterfaceForComposites.checkForCycles(CausalityInterfaceForComposites.java:96)
	at ptolemy.domains.de.kernel.DEDirector.preinitialize(DEDirector.java:1338)
	at ptolemy.actor.CompositeActor.preinitialize(CompositeActor.java:1828)
	at ptolemy.actor.Manager.preinitializeAndResolveTypes(Manager.java:1040)
	at ptolemy.actor.Manager.initialize(Manager.java:710)
	at ptolemy.actor.Manager.execute(Manager.java:356)
	at ptolemy.actor.Manager.run(Manager.java:1263)
	at ptolemy.actor.Manager$PtolemyRunThread.run(Manager.java:1915)

    while executing
ptolemy.kernel.util.IllegalActionException: Found a zero delay loop containing .HierarchicalModel.A
  in .HierarchicalModel and .HierarchicalModel.A
    while executing
"java::new ptolemy.moml.MoMLSimpleApplication $file
"
    (procedure "createAndExecute" line 2)
    invoked from within
"createAndExecute $file"
    ("uplevel" body line 5)
    invoked from within
"uplevel $contents_of_test"
------------------ testing $PTII/ptolemy/domains/de/test/auto/knownFailedTests/DirectFeedback.xml (Known Failure) 
4 ms. Memory: 146944K Free: 86413K (59%)


==== $PTIIhome/travis/build/icyphy/ptII/ptolemy/domains/de/test/../../../../: Auto Automatic test in file $PTII/ptolemy/domains/de/test/auto/knownFailedTests/DirectFeedback.xml
==== Contents of test case:

	    # FIXME: we should use $relativeFilename here, but it
	    # might have backslashes under Windows, which causes no end
	    # of trouble.
	    createAndExecute $file
	    list {}
	
.... Test generated KNOWN error:
    while executing
ptolemy.kernel.util.IllegalActionException: Test fails in iteration 1.
Value was: 1.0. Should have been: 2.0
  in .DirectFeedback.Test
	at ptolemy.actor.lib.Test.fire(Test.java:268)
	at ptolemy.domains.de.kernel.DEDirector._fire(DEDirector.java:1949)
	at ptolemy.domains.de.kernel.DEDirector.fire(DEDirector.java:502)
	at ptolemy.actor.CompositeActor.fire(CompositeActor.java:455)
	at ptolemy.actor.Manager.iterate(Manager.java:851)
	at ptolemy.actor.Manager.execute(Manager.java:369)
	at ptolemy.actor.Manager.run(Manager.java:1263)
	at ptolemy.actor.Manager$PtolemyRunThread.run(Manager.java:1915)

    while executing
ptolemy.kernel.util.IllegalActionException: Test fails in iteration 1.
Value was: 1.0. Should have been: 2.0
  in .DirectFeedback.Test
    while executing
"java::new ptolemy.moml.MoMLSimpleApplication $file
"
    (procedure "createAndExecute" line 2)
    invoked from within
"createAndExecute $file"
    ("uplevel" body line 5)
    invoked from within
"uplevel $contents_of_test"
------------------ testing $PTII/ptolemy/domains/de/test/auto/ActorDepthCalculation_actorWithoutPorts.xml
auto.tcl: Setting watchdog for 200 seconds at Sat Mar 23 03:49:27 UTC 2019
9 ms. Memory: 146944K Free: 138715K (94%)
ptolemy.util.test.WatchDog.cancel(): canceling Sat Mar 23 03:49:27 UTC 2019
auto.tcl: Setting watchdog for 200 seconds at Sat Mar 23 03:49:27 UTC 2019
4 ms. Memory: 146944K Free: 137692K (94%)
ptolemy.util.test.WatchDog.cancel(): canceling Sat Mar 23 03:49:27 UTC 2019
------------------ testing $PTII/ptolemy/domains/de/test/auto/AssemblyLine.xml
auto.tcl: Setting watchdog for 200 seconds at Sat Mar 23 03:49:27 UTC 2019
11 ms. Memory: 208384K Free: 183380K (88%)
ptolemy.util.test.WatchDog.cancel(): canceling Sat Mar 23 03:49:27 UTC 2019
auto.tcl: Setting watchdog for 200 seconds at Sat Mar 23 03:49:27 UTC 2019
6 ms. Memory: 208384K Free: 183380K (88%)
ptolemy.util.test.WatchDog.cancel(): canceling Sat Mar 23 03:49:27 UTC 2019
------------------ testing $PTII/ptolemy/domains/de/test/auto/CQBug1.xml
auto.tcl: Setting watchdog for 200 seconds at Sat Mar 23 03:49:27 UTC 2019
8 ms. Memory: 208384K Free: 197895K (95%)
ptolemy.util.test.WatchDog.cancel(): canceling Sat Mar 23 03:49:27 UTC 2019
auto.tcl: Setting watchdog for 200 seconds at Sat Mar 23 03:49:27 UTC 2019
2 ms. Memory: 208384K Free: 197895K (95%)
ptolemy.util.test.WatchDog.cancel(): canceling Sat Mar 23 03:49:27 UTC 2019
------------------ testing $PTII/ptolemy/domains/de/test/auto/CancelFireAt.xml
auto.tcl: Setting watchdog for 200 seconds at Sat Mar 23 03:49:27 UTC 2019
21 ms. Memory: 208384K Free: 201561K (97%)
ptolemy.util.test.WatchDog.cancel(): canceling Sat Mar 23 03:49:28 UTC 2019
auto.tcl: Setting watchdog for 200 seconds at Sat Mar 23 03:49:28 UTC 2019
2 ms. Memory: 208384K Free: 199516K (96%)
ptolemy.util.test.WatchDog.cancel(): canceling Sat Mar 23 03:49:28 UTC 2019
------------------ testing $PTII/ptolemy/domains/de/test/auto/CausalityAndComposabilityAnalysis.xml
auto.tcl: Setting watchdog for 200 seconds at Sat Mar 23 03:49:28 UTC 2019
12 ms. Memory: 208384K Free: 198595K (95%)
ptolemy.util.test.WatchDog.cancel(): canceling Sat Mar 23 03:49:28 UTC 2019
auto.tcl: Setting watchdog for 200 seconds at Sat Mar 23 03:49:28 UTC 2019
5 ms. Memory: 208384K Free: 196549K (94%)
ptolemy.util.test.WatchDog.cancel(): canceling Sat Mar 23 03:49:28 UTC 2019
------------------ testing $PTII/ptolemy/domains/de/test/auto/CausalityInterface1.xml
auto.tcl: Setting watchdog for 200 seconds at Sat Mar 23 03:49:28 UTC 2019
9 ms. Memory: 208384K Free: 196486K (94%)
ptolemy.util.test.WatchDog.cancel(): canceling Sat Mar 23 03:49:28 UTC 2019
auto.tcl: Setting watchdog for 200 seconds at Sat Mar 23 03:49:28 UTC 2019
3 ms. Memory: 208384K Free: 196486K (94%)
ptolemy.util.test.WatchDog.cancel(): canceling Sat Mar 23 03:49:28 UTC 2019
------------------ testing $PTII/ptolemy/domains/de/test/auto/CausalityInterface15.xml
auto.tcl: Setting watchdog for 200 seconds at Sat Mar 23 03:49:28 UTC 2019
5 ms. Memory: 208384K Free: 196445K (94%)
ptolemy.util.test.WatchDog.cancel(): canceling Sat Mar 23 03:49:28 UTC 2019
auto.tcl: Setting watchdog for 200 seconds at Sat Mar 23 03:49:28 UTC 2019
4 ms. Memory: 208384K Free: 196445K (94%)
ptolemy.util.test.WatchDog.cancel(): canceling Sat Mar 23 03:49:28 UTC 2019
------------------ testing $PTII/ptolemy/domains/de/test/auto/CausalityInterface2.xml
auto.tcl: Setting watchdog for 200 seconds at Sat Mar 23 03:49:28 UTC 2019
8 ms. Memory: 208384K Free: 196461K (94%)
ptolemy.util.test.WatchDog.cancel(): canceling Sat Mar 23 03:49:28 UTC 2019
auto.tcl: Setting watchdog for 200 seconds at Sat Mar 23 03:49:28 UTC 2019
3 ms. Memory: 208384K Free: 196461K (94%)
ptolemy.util.test.WatchDog.cancel(): canceling Sat Mar 23 03:49:28 UTC 2019
------------------ testing $PTII/ptolemy/domains/de/test/auto/CausalityInterface3.xml
auto.tcl: Setting watchdog for 200 seconds at Sat Mar 23 03:49:28 UTC 2019
4 ms. Memory: 208384K Free: 196473K (94%)
ptolemy.util.test.WatchDog.cancel(): canceling Sat Mar 23 03:49:28 UTC 2019
auto.tcl: Setting watchdog for 200 seconds at Sat Mar 23 03:49:28 UTC 2019
9 ms. Memory: 208384K Free: 196473K (94%)
ptolemy.util.test.WatchDog.cancel(): canceling Sat Mar 23 03:49:28 UTC 2019
------------------ testing $PTII/ptolemy/domains/de/test/auto/ClockDrift.xml
auto.tcl: Setting watchdog for 200 seconds at Sat Mar 23 03:49:28 UTC 2019
67 ms. Memory: 208384K Free: 187869K (90%)
ptolemy.util.test.WatchDog.cancel(): canceling Sat Mar 23 03:49:28 UTC 2019
auto.tcl: Setting watchdog for 200 seconds at Sat Mar 23 03:49:28 UTC 2019
39 ms. Memory: 208384K Free: 185824K (89%)
ptolemy.util.test.WatchDog.cancel(): canceling Sat Mar 23 03:49:28 UTC 2019
------------------ testing $PTII/ptolemy/domains/de/test/auto/ClockDriftAndValueChange.xml
auto.tcl: Setting watchdog for 200 seconds at Sat Mar 23 03:49:28 UTC 2019
52 ms. Memory: 208384K Free: 189749K (91%)
ptolemy.util.test.WatchDog.cancel(): canceling Sat Mar 23 03:49:28 UTC 2019
auto.tcl: Setting watchdog for 200 seconds at Sat Mar 23 03:49:28 UTC 2019
24 ms. Memory: 208384K Free: 185657K (89%)
ptolemy.util.test.WatchDog.cancel(): canceling Sat Mar 23 03:49:28 UTC 2019
------------------ testing $PTII/ptolemy/domains/de/test/auto/ClockDriftChange.xml
auto.tcl: Setting watchdog for 200 seconds at Sat Mar 23 03:49:28 UTC 2019
20 ms. Memory: 208384K Free: 190940K (92%)
ptolemy.util.test.WatchDog.cancel(): canceling Sat Mar 23 03:49:29 UTC 2019
auto.tcl: Setting watchdog for 200 seconds at Sat Mar 23 03:49:29 UTC 2019
31 ms. Memory: 208384K Free: 188895K (91%)
ptolemy.util.test.WatchDog.cancel(): canceling Sat Mar 23 03:49:29 UTC 2019
------------------ testing $PTII/ptolemy/domains/de/test/auto/ComposableCausalityAnalysis.xml
auto.tcl: Setting watchdog for 200 seconds at Sat Mar 23 03:49:29 UTC 2019
1 ms. Memory: 208384K Free: 196312K (94%)
ptolemy.util.test.WatchDog.cancel(): canceling Sat Mar 23 03:49:29 UTC 2019
auto.tcl: Setting watchdog for 200 seconds at Sat Mar 23 03:49:29 UTC 2019
1 ms. Memory: 208384K Free: 194266K (93%)
ptolemy.util.test.WatchDog.cancel(): canceling Sat Mar 23 03:49:29 UTC 2019
------------------ testing $PTII/ptolemy/domains/de/test/auto/DEFixedPointLimitation.xml
auto.tcl: Setting watchdog for 200 seconds at Sat Mar 23 03:49:29 UTC 2019
5 ms. Memory: 208384K Free: 198438K (95%)
ptolemy.util.test.WatchDog.cancel(): canceling Sat Mar 23 03:49:29 UTC 2019
auto.tcl: Setting watchdog for 200 seconds at Sat Mar 23 03:49:29 UTC 2019
4 ms. Memory: 208384K Free: 196393K (94%)
ptolemy.util.test.WatchDog.cancel(): canceling Sat Mar 23 03:49:29 UTC 2019
------------------ testing $PTII/ptolemy/domains/de/test/auto/DEScheduleTest.xml
auto.tcl: Setting watchdog for 200 seconds at Sat Mar 23 03:49:29 UTC 2019
3 ms. Memory: 208384K Free: 198490K (95%)
ptolemy.util.test.WatchDog.cancel(): canceling Sat Mar 23 03:49:29 UTC 2019
auto.tcl: Setting watchdog for 200 seconds at Sat Mar 23 03:49:29 UTC 2019
6 ms. Memory: 208384K Free: 196428K (94%)
ptolemy.util.test.WatchDog.cancel(): canceling Sat Mar 23 03:49:29 UTC 2019
------------------ testing $PTII/ptolemy/domains/de/test/auto/DEinDEwithStartTimes.xml
auto.tcl: Setting watchdog for 200 seconds at Sat Mar 23 03:49:29 UTC 2019
3 ms. Memory: 208384K Free: 196925K (95%)
ptolemy.util.test.WatchDog.cancel(): canceling Sat Mar 23 03:49:29 UTC 2019
auto.tcl: Setting watchdog for 200 seconds at Sat Mar 23 03:49:29 UTC 2019
4 ms. Memory: 208384K Free: 196925K (95%)
ptolemy.util.test.WatchDog.cancel(): canceling Sat Mar 23 03:49:29 UTC 2019
------------------ testing $PTII/ptolemy/domains/de/test/auto/DEinDEwithStartTimes2.xml
auto.tcl: Setting watchdog for 200 seconds at Sat Mar 23 03:49:29 UTC 2019
9 ms. Memory: 208384K Free: 196905K (94%)
ptolemy.util.test.WatchDog.cancel(): canceling Sat Mar 23 03:49:29 UTC 2019
auto.tcl: Setting watchdog for 200 seconds at Sat Mar 23 03:49:29 UTC 2019
4 ms. Memory: 208384K Free: 194332K (93%)
ptolemy.util.test.WatchDog.cancel(): canceling Sat Mar 23 03:49:29 UTC 2019
------------------ testing $PTII/ptolemy/domains/de/test/auto/DateDemo.xml
auto.tcl: Setting watchdog for 200 seconds at Sat Mar 23 03:49:29 UTC 2019
16 ms. Memory: 208384K Free: 188947K (91%)
ptolemy.util.test.WatchDog.cancel(): canceling Sat Mar 23 03:49:29 UTC 2019
auto.tcl: Setting watchdog for 200 seconds at Sat Mar 23 03:49:29 UTC 2019
7 ms. Memory: 208384K Free: 186886K (90%)
ptolemy.util.test.WatchDog.cancel(): canceling Sat Mar 23 03:49:29 UTC 2019
------------------ testing $PTII/ptolemy/domains/de/test/auto/DateToEvent.xml
auto.tcl: Setting watchdog for 200 seconds at Sat Mar 23 03:49:29 UTC 2019
2009 ms. Memory: 208384K Free: 183824K (88%)
ptolemy.util.test.WatchDog.cancel(): canceling Sat Mar 23 03:49:31 UTC 2019
auto.tcl: Setting watchdog for 200 seconds at Sat Mar 23 03:49:31 UTC 2019
2005 ms. Memory: 208384K Free: 183824K (88%)
ptolemy.util.test.WatchDog.cancel(): canceling Sat Mar 23 03:49:33 UTC 2019
------------------ testing $PTII/ptolemy/domains/de/test/auto/DepthTest1.xml
auto.tcl: Setting watchdog for 200 seconds at Sat Mar 23 03:49:33 UTC 2019
3 ms. Memory: 208384K Free: 197692K (95%)
ptolemy.util.test.WatchDog.cancel(): canceling Sat Mar 23 03:49:33 UTC 2019
auto.tcl: Setting watchdog for 200 seconds at Sat Mar 23 03:49:33 UTC 2019
5 ms. Memory: 208384K Free: 197692K (95%)
ptolemy.util.test.WatchDog.cancel(): canceling Sat Mar 23 03:49:33 UTC 2019
------------------ testing $PTII/ptolemy/domains/de/test/auto/DepthTest2.xml
auto.tcl: Setting watchdog for 200 seconds at Sat Mar 23 03:49:33 UTC 2019
9 ms. Memory: 208384K Free: 194016K (93%)
ptolemy.util.test.WatchDog.cancel(): canceling Sat Mar 23 03:49:33 UTC 2019
auto.tcl: Setting watchdog for 200 seconds at Sat Mar 23 03:49:33 UTC 2019
2 ms. Memory: 208384K Free: 194016K (93%)
ptolemy.util.test.WatchDog.cancel(): canceling Sat Mar 23 03:49:33 UTC 2019
------------------ testing $PTII/ptolemy/domains/de/test/auto/DepthTest3.xml
auto.tcl: Setting watchdog for 200 seconds at Sat Mar 23 03:49:33 UTC 2019
8 ms. Memory: 208384K Free: 198026K (95%)
ptolemy.util.test.WatchDog.cancel(): canceling Sat Mar 23 03:49:33 UTC 2019
auto.tcl: Setting watchdog for 200 seconds at Sat Mar 23 03:49:33 UTC 2019
2 ms. Memory: 208384K Free: 198026K (95%)
ptolemy.util.test.WatchDog.cancel(): canceling Sat Mar 23 03:49:33 UTC 2019
------------------ testing $PTII/ptolemy/domains/de/test/auto/DepthTest4.xml
auto.tcl: Setting watchdog for 200 seconds at Sat Mar 23 03:49:34 UTC 2019
3 ms. Memory: 208384K Free: 196034K (94%)
ptolemy.util.test.WatchDog.cancel(): canceling Sat Mar 23 03:49:34 UTC 2019
auto.tcl: Setting watchdog for 200 seconds at Sat Mar 23 03:49:34 UTC 2019
2 ms. Memory: 208384K Free: 196034K (94%)
ptolemy.util.test.WatchDog.cancel(): canceling Sat Mar 23 03:49:34 UTC 2019
------------------ testing $PTII/ptolemy/domains/de/test/auto/DepthTest5.xml
auto.tcl: Setting watchdog for 200 seconds at Sat Mar 23 03:49:34 UTC 2019
6 ms. Memory: 208384K Free: 196518K (94%)
ptolemy.util.test.WatchDog.cancel(): canceling Sat Mar 23 03:49:34 UTC 2019
auto.tcl: Setting watchdog for 200 seconds at Sat Mar 23 03:49:34 UTC 2019
2 ms. Memory: 208384K Free: 196518K (94%)
ptolemy.util.test.WatchDog.cancel(): canceling Sat Mar 23 03:49:34 UTC 2019
------------------ testing $PTII/ptolemy/domains/de/test/auto/DepthTest6.xml
auto.tcl: Setting watchdog for 200 seconds at Sat Mar 23 03:49:34 UTC 2019
7 ms. Memory: 208384K Free: 196509K (94%)
ptolemy.util.test.WatchDog.cancel(): canceling Sat Mar 23 03:49:34 UTC 2019
auto.tcl: Setting watchdog for 200 seconds at Sat Mar 23 03:49:34 UTC 2019
2 ms. Memory: 208384K Free: 196509K (94%)
ptolemy.util.test.WatchDog.cancel(): canceling Sat Mar 23 03:49:34 UTC 2019
------------------ testing $PTII/ptolemy/domains/de/test/auto/DepthTest7.xml
auto.tcl: Setting watchdog for 200 seconds at Sat Mar 23 03:49:34 UTC 2019
2 ms. Memory: 208384K Free: 195940K (94%)
ptolemy.util.test.WatchDog.cancel(): canceling Sat Mar 23 03:49:34 UTC 2019
auto.tcl: Setting watchdog for 200 seconds at Sat Mar 23 03:49:34 UTC 2019
2 ms. Memory: 208384K Free: 195940K (94%)
ptolemy.util.test.WatchDog.cancel(): canceling Sat Mar 23 03:49:34 UTC 2019
------------------ testing $PTII/ptolemy/domains/de/test/auto/EventToDate.xml
auto.tcl: Setting watchdog for 200 seconds at Sat Mar 23 03:49:34 UTC 2019
3005 ms. Memory: 208384K Free: 187780K (90%)
ptolemy.util.test.WatchDog.cancel(): canceling Sat Mar 23 03:49:37 UTC 2019
auto.tcl: Setting watchdog for 200 seconds at Sat Mar 23 03:49:37 UTC 2019
3005 ms. Memory: 208384K Free: 185734K (89%)
ptolemy.util.test.WatchDog.cancel(): canceling Sat Mar 23 03:49:40 UTC 2019
------------------ testing $PTII/ptolemy/domains/de/test/auto/FSM1.xml
auto.tcl: Setting watchdog for 200 seconds at Sat Mar 23 03:49:40 UTC 2019
18 ms. Memory: 208384K Free: 189078K (91%)
ptolemy.util.test.WatchDog.cancel(): canceling Sat Mar 23 03:49:40 UTC 2019
auto.tcl: Setting watchdog for 200 seconds at Sat Mar 23 03:49:40 UTC 2019
15 ms. Memory: 208384K Free: 184971K (89%)
ptolemy.util.test.WatchDog.cancel(): canceling Sat Mar 23 03:49:40 UTC 2019
------------------ testing $PTII/ptolemy/domains/de/test/auto/FSM7.xml
auto.tcl: Setting watchdog for 200 seconds at Sat Mar 23 03:49:40 UTC 2019
25 ms. Memory: 208384K Free: 189297K (91%)
ptolemy.util.test.WatchDog.cancel(): canceling Sat Mar 23 03:49:40 UTC 2019
auto.tcl: Setting watchdog for 200 seconds at Sat Mar 23 03:49:40 UTC 2019
19 ms. Memory: 208384K Free: 185182K (89%)
ptolemy.util.test.WatchDog.cancel(): canceling Sat Mar 23 03:49:40 UTC 2019
------------------ testing $PTII/ptolemy/domains/de/test/auto/Inspection.xml
auto.tcl: Setting watchdog for 200 seconds at Sat Mar 23 03:49:40 UTC 2019
21 ms. Memory: 208384K Free: 188497K (90%)
ptolemy.util.test.WatchDog.cancel(): canceling Sat Mar 23 03:49:40 UTC 2019
auto.tcl: Setting watchdog for 200 seconds at Sat Mar 23 03:49:40 UTC 2019
22 ms. Memory: 208384K Free: 186435K (89%)
ptolemy.util.test.WatchDog.cancel(): canceling Sat Mar 23 03:49:40 UTC 2019
------------------ testing $PTII/ptolemy/domains/de/test/auto/Iteration.xml
auto.tcl: Setting watchdog for 200 seconds at Sat Mar 23 03:49:40 UTC 2019
16 ms. Memory: 208384K Free: 195763K (94%)
ptolemy.util.test.WatchDog.cancel(): canceling Sat Mar 23 03:49:40 UTC 2019
auto.tcl: Setting watchdog for 200 seconds at Sat Mar 23 03:49:40 UTC 2019
7 ms. Memory: 208384K Free: 193701K (93%)
ptolemy.util.test.WatchDog.cancel(): canceling Sat Mar 23 03:49:40 UTC 2019
------------------ testing $PTII/ptolemy/domains/de/test/auto/LineFault.xml
auto.tcl: Setting watchdog for 200 seconds at Sat Mar 23 03:49:40 UTC 2019
768 ms. Memory: 208384K Free: 199530K (96%)
ptolemy.util.test.WatchDog.cancel(): canceling Sat Mar 23 03:49:41 UTC 2019
auto.tcl: Setting watchdog for 200 seconds at Sat Mar 23 03:49:41 UTC 2019
650 ms. Memory: 208384K Free: 141895K (68%)
ptolemy.util.test.WatchDog.cancel(): canceling Sat Mar 23 03:49:42 UTC 2019
------------------ testing $PTII/ptolemy/domains/de/test/auto/MergeModel1Add.xml
auto.tcl: Setting watchdog for 200 seconds at Sat Mar 23 03:49:42 UTC 2019
16 ms. Memory: 331264K Free: 300394K (91%)
ptolemy.util.test.WatchDog.cancel(): canceling Sat Mar 23 03:49:42 UTC 2019
auto.tcl: Setting watchdog for 200 seconds at Sat Mar 23 03:49:42 UTC 2019
9 ms. Memory: 331264K Free: 300394K (91%)
ptolemy.util.test.WatchDog.cancel(): canceling Sat Mar 23 03:49:42 UTC 2019
------------------ testing $PTII/ptolemy/domains/de/test/auto/MergeModel2Add.xml
auto.tcl: Setting watchdog for 200 seconds at Sat Mar 23 03:49:42 UTC 2019
10 ms. Memory: 331264K Free: 305310K (92%)
ptolemy.util.test.WatchDog.cancel(): canceling Sat Mar 23 03:49:42 UTC 2019
auto.tcl: Setting watchdog for 200 seconds at Sat Mar 23 03:49:42 UTC 2019
10 ms. Memory: 331264K Free: 301717K (91%)
ptolemy.util.test.WatchDog.cancel(): canceling Sat Mar 23 03:49:42 UTC 2019
------------------ testing $PTII/ptolemy/domains/de/test/auto/MergeModel3Add.xml
auto.tcl: Setting watchdog for 200 seconds at Sat Mar 23 03:49:43 UTC 2019
10 ms. Memory: 331264K Free: 305360K (92%)
ptolemy.util.test.WatchDog.cancel(): canceling Sat Mar 23 03:49:43 UTC 2019
auto.tcl: Setting watchdog for 200 seconds at Sat Mar 23 03:49:43 UTC 2019
7 ms. Memory: 331264K Free: 301767K (91%)
ptolemy.util.test.WatchDog.cancel(): canceling Sat Mar 23 03:49:43 UTC 2019
------------------ testing $PTII/ptolemy/domains/de/test/auto/MergeWithoutDiscard.xml
auto.tcl: Setting watchdog for 200 seconds at Sat Mar 23 03:49:43 UTC 2019
2 ms. Memory: 331264K Free: 316097K (95%)
ptolemy.util.test.WatchDog.cancel(): canceling Sat Mar 23 03:49:43 UTC 2019
auto.tcl: Setting watchdog for 200 seconds at Sat Mar 23 03:49:43 UTC 2019
1 ms. Memory: 331264K Free: 316097K (95%)
ptolemy.util.test.WatchDog.cancel(): canceling Sat Mar 23 03:49:43 UTC 2019
------------------ testing $PTII/ptolemy/domains/de/test/auto/Modal1.xml
auto.tcl: Setting watchdog for 200 seconds at Sat Mar 23 03:49:43 UTC 2019
18 ms. Memory: 331264K Free: 310328K (94%)
ptolemy.util.test.WatchDog.cancel(): canceling Sat Mar 23 03:49:43 UTC 2019
auto.tcl: Setting watchdog for 200 seconds at Sat Mar 23 03:49:43 UTC 2019
21 ms. Memory: 331264K Free: 306735K (93%)
ptolemy.util.test.WatchDog.cancel(): canceling Sat Mar 23 03:49:43 UTC 2019
------------------ testing $PTII/ptolemy/domains/de/test/auto/Modal2.xml
auto.tcl: Setting watchdog for 200 seconds at Sat Mar 23 03:49:43 UTC 2019
15 ms. Memory: 331264K Free: 310201K (94%)
ptolemy.util.test.WatchDog.cancel(): canceling Sat Mar 23 03:49:43 UTC 2019
auto.tcl: Setting watchdog for 200 seconds at Sat Mar 23 03:49:43 UTC 2019
18 ms. Memory: 331264K Free: 306608K (93%)
ptolemy.util.test.WatchDog.cancel(): canceling Sat Mar 23 03:49:43 UTC 2019
------------------ testing $PTII/ptolemy/domains/de/test/auto/Modal3.xml
auto.tcl: Setting watchdog for 200 seconds at Sat Mar 23 03:49:43 UTC 2019
14 ms. Memory: 331264K Free: 310874K (94%)
ptolemy.util.test.WatchDog.cancel(): canceling Sat Mar 23 03:49:43 UTC 2019
auto.tcl: Setting watchdog for 200 seconds at Sat Mar 23 03:49:43 UTC 2019
15 ms. Memory: 331264K Free: 306614K (93%)
ptolemy.util.test.WatchDog.cancel(): canceling Sat Mar 23 03:49:43 UTC 2019
------------------ testing $PTII/ptolemy/domains/de/test/auto/Modal4.xml
auto.tcl: Setting watchdog for 200 seconds at Sat Mar 23 03:49:43 UTC 2019
25 ms. Memory: 331264K Free: 310221K (94%)
ptolemy.util.test.WatchDog.cancel(): canceling Sat Mar 23 03:49:43 UTC 2019
auto.tcl: Setting watchdog for 200 seconds at Sat Mar 23 03:49:43 UTC 2019
18 ms. Memory: 331264K Free: 306628K (93%)
ptolemy.util.test.WatchDog.cancel(): canceling Sat Mar 23 03:49:43 UTC 2019
------------------ testing $PTII/ptolemy/domains/de/test/auto/Modal5.xml
auto.tcl: Setting watchdog for 200 seconds at Sat Mar 23 03:49:43 UTC 2019
19 ms. Memory: 331264K Free: 310216K (94%)
ptolemy.util.test.WatchDog.cancel(): canceling Sat Mar 23 03:49:43 UTC 2019
auto.tcl: Setting watchdog for 200 seconds at Sat Mar 23 03:49:43 UTC 2019
14 ms. Memory: 331264K Free: 306639K (93%)
ptolemy.util.test.WatchDog.cancel(): canceling Sat Mar 23 03:49:43 UTC 2019
------------------ testing $PTII/ptolemy/domains/de/test/auto/Modal6.xml
auto.tcl: Setting watchdog for 200 seconds at Sat Mar 23 03:49:43 UTC 2019
16 ms. Memory: 331264K Free: 310222K (94%)
ptolemy.util.test.WatchDog.cancel(): canceling Sat Mar 23 03:49:43 UTC 2019
auto.tcl: Setting watchdog for 200 seconds at Sat Mar 23 03:49:43 UTC 2019
18 ms. Memory: 331264K Free: 306629K (93%)
ptolemy.util.test.WatchDog.cancel(): canceling Sat Mar 23 03:49:43 UTC 2019
------------------ testing $PTII/ptolemy/domains/de/test/auto/Modal7.xml
auto.tcl: Setting watchdog for 200 seconds at Sat Mar 23 03:49:43 UTC 2019
10 ms. Memory: 331264K Free: 306621K (93%)
ptolemy.util.test.WatchDog.cancel(): canceling Sat Mar 23 03:49:43 UTC 2019
auto.tcl: Setting watchdog for 200 seconds at Sat Mar 23 03:49:43 UTC 2019
11 ms. Memory: 331264K Free: 303028K (91%)
ptolemy.util.test.WatchDog.cancel(): canceling Sat Mar 23 03:49:43 UTC 2019
------------------ testing $PTII/ptolemy/domains/de/test/auto/ModalModel.xml
auto.tcl: Setting watchdog for 200 seconds at Sat Mar 23 03:49:44 UTC 2019
208 ms. Memory: 331264K Free: 247576K (75%)
ptolemy.util.test.WatchDog.cancel(): canceling Sat Mar 23 03:49:44 UTC 2019
auto.tcl: Setting watchdog for 200 seconds at Sat Mar 23 03:49:44 UTC 2019
203 ms. Memory: 331264K Free: 190118K (57%)
ptolemy.util.test.WatchDog.cancel(): canceling Sat Mar 23 03:49:44 UTC 2019
------------------ testing $PTII/ptolemy/domains/de/test/auto/ModalSource.xml
auto.tcl: Setting watchdog for 200 seconds at Sat Mar 23 03:49:44 UTC 2019
9 ms. Memory: 331264K Free: 316508K (96%)
ptolemy.util.test.WatchDog.cancel(): canceling Sat Mar 23 03:49:44 UTC 2019
auto.tcl: Setting watchdog for 200 seconds at Sat Mar 23 03:49:44 UTC 2019
5 ms. Memory: 331264K Free: 313218K (95%)
ptolemy.util.test.WatchDog.cancel(): canceling Sat Mar 23 03:49:44 UTC 2019
------------------ testing $PTII/ptolemy/domains/de/test/auto/NonInterruptibleTimerZeroDelay.xml
auto.tcl: Setting watchdog for 200 seconds at Sat Mar 23 03:49:44 UTC 2019
4 ms. Memory: 331264K Free: 320889K (97%)
ptolemy.util.test.WatchDog.cancel(): canceling Sat Mar 23 03:49:44 UTC 2019
auto.tcl: Setting watchdog for 200 seconds at Sat Mar 23 03:49:44 UTC 2019
3 ms. Memory: 331264K Free: 317599K (96%)
ptolemy.util.test.WatchDog.cancel(): canceling Sat Mar 23 03:49:44 UTC 2019
------------------ testing $PTII/ptolemy/domains/de/test/auto/OpenQueueingNetwork.xml
auto.tcl: Setting watchdog for 200 seconds at Sat Mar 23 03:49:44 UTC 2019
2830 ms. Memory: 307712K Free: 139504K (45%)
ptolemy.util.test.WatchDog.cancel(): canceling Sat Mar 23 03:49:47 UTC 2019
auto.tcl: Setting watchdog for 200 seconds at Sat Mar 23 03:49:47 UTC 2019
2175 ms. Memory: 278528K Free: 197768K (71%)
ptolemy.util.test.WatchDog.cancel(): canceling Sat Mar 23 03:49:49 UTC 2019
------------------ testing $PTII/ptolemy/domains/de/test/auto/OpenQueuingNetwork.xml
auto.tcl: Setting watchdog for 200 seconds at Sat Mar 23 03:49:49 UTC 2019
234 ms. Memory: 278528K Free: 175203K (63%)
ptolemy.util.test.WatchDog.cancel(): canceling Sat Mar 23 03:49:50 UTC 2019
auto.tcl: Setting watchdog for 200 seconds at Sat Mar 23 03:49:50 UTC 2019
218 ms. Memory: 278528K Free: 115810K (42%)
ptolemy.util.test.WatchDog.cancel(): canceling Sat Mar 23 03:49:50 UTC 2019
------------------ testing $PTII/ptolemy/domains/de/test/auto/PeriodicSampler.xml
auto.tcl: Setting watchdog for 200 seconds at Sat Mar 23 03:49:50 UTC 2019
3 ms. Memory: 281088K Free: 268460K (96%)
ptolemy.util.test.WatchDog.cancel(): canceling Sat Mar 23 03:49:50 UTC 2019
auto.tcl: Setting watchdog for 200 seconds at Sat Mar 23 03:49:50 UTC 2019
2 ms. Memory: 281088K Free: 268460K (96%)
ptolemy.util.test.WatchDog.cancel(): canceling Sat Mar 23 03:49:50 UTC 2019
------------------ testing $PTII/ptolemy/domains/de/test/auto/PersistentIO.xml
auto.tcl: Setting watchdog for 200 seconds at Sat Mar 23 03:49:50 UTC 2019
5 ms. Memory: 278528K Free: 261119K (94%)
ptolemy.util.test.WatchDog.cancel(): canceling Sat Mar 23 03:49:50 UTC 2019
auto.tcl: Setting watchdog for 200 seconds at Sat Mar 23 03:49:50 UTC 2019
3 ms. Memory: 278528K Free: 261119K (94%)
ptolemy.util.test.WatchDog.cancel(): canceling Sat Mar 23 03:49:50 UTC 2019
------------------ testing $PTII/ptolemy/domains/de/test/auto/PortParameterResetOnInitialize.xml
auto.tcl: Setting watchdog for 200 seconds at Sat Mar 23 03:49:50 UTC 2019
5 ms. Memory: 280576K Free: 266454K (95%)
ptolemy.util.test.WatchDog.cancel(): canceling Sat Mar 23 03:49:50 UTC 2019
auto.tcl: Setting watchdog for 200 seconds at Sat Mar 23 03:49:50 UTC 2019
3 ms. Memory: 280576K Free: 266454K (95%)
ptolemy.util.test.WatchDog.cancel(): canceling Sat Mar 23 03:49:50 UTC 2019
------------------ testing $PTII/ptolemy/domains/de/test/auto/PortParameterUpdates.xml
auto.tcl: Setting watchdog for 200 seconds at Sat Mar 23 03:49:50 UTC 2019
8 ms. Memory: 278528K Free: 266361K (96%)
ptolemy.util.test.WatchDog.cancel(): canceling Sat Mar 23 03:49:50 UTC 2019
auto.tcl: Setting watchdog for 200 seconds at Sat Mar 23 03:49:50 UTC 2019
4 ms. Memory: 278528K Free: 263655K (95%)
ptolemy.util.test.WatchDog.cancel(): canceling Sat Mar 23 03:49:50 UTC 2019
------------------ testing $PTII/ptolemy/domains/de/test/auto/QueueAndServer.xml
auto.tcl: Setting watchdog for 200 seconds at Sat Mar 23 03:49:50 UTC 2019
12 ms. Memory: 280576K Free: 265675K (95%)
ptolemy.util.test.WatchDog.cancel(): canceling Sat Mar 23 03:49:50 UTC 2019
auto.tcl: Setting watchdog for 200 seconds at Sat Mar 23 03:49:50 UTC 2019
6 ms. Memory: 280576K Free: 265675K (95%)
ptolemy.util.test.WatchDog.cancel(): canceling Sat Mar 23 03:49:50 UTC 2019
------------------ testing $PTII/ptolemy/domains/de/test/auto/Records.xml
auto.tcl: Setting watchdog for 200 seconds at Sat Mar 23 03:49:50 UTC 2019
8 ms. Memory: 278528K Free: 266251K (96%)
ptolemy.util.test.WatchDog.cancel(): canceling Sat Mar 23 03:49:50 UTC 2019
auto.tcl: Setting watchdog for 200 seconds at Sat Mar 23 03:49:50 UTC 2019
1 ms. Memory: 278528K Free: 266251K (96%)
ptolemy.util.test.WatchDog.cancel(): canceling Sat Mar 23 03:49:50 UTC 2019
------------------ testing $PTII/ptolemy/domains/de/test/auto/ResetTransitionWithStartTime1.xml
auto.tcl: Setting watchdog for 200 seconds at Sat Mar 23 03:49:51 UTC 2019
6 ms. Memory: 280064K Free: 263135K (94%)
ptolemy.util.test.WatchDog.cancel(): canceling Sat Mar 23 03:49:51 UTC 2019
auto.tcl: Setting watchdog for 200 seconds at Sat Mar 23 03:49:51 UTC 2019
5 ms. Memory: 280064K Free: 260444K (93%)
ptolemy.util.test.WatchDog.cancel(): canceling Sat Mar 23 03:49:51 UTC 2019
------------------ testing $PTII/ptolemy/domains/de/test/auto/ResetTransitionWithStartTime2.xml
auto.tcl: Setting watchdog for 200 seconds at Sat Mar 23 03:49:51 UTC 2019
5 ms. Memory: 278528K Free: 261731K (94%)
ptolemy.util.test.WatchDog.cancel(): canceling Sat Mar 23 03:49:51 UTC 2019
auto.tcl: Setting watchdog for 200 seconds at Sat Mar 23 03:49:51 UTC 2019
5 ms. Memory: 278528K Free: 259040K (93%)
ptolemy.util.test.WatchDog.cancel(): canceling Sat Mar 23 03:49:51 UTC 2019
------------------ testing $PTII/ptolemy/domains/de/test/auto/ResetTransitionWithStartTime3.xml
auto.tcl: Setting watchdog for 200 seconds at Sat Mar 23 03:49:51 UTC 2019
7 ms. Memory: 280064K Free: 263125K (94%)
ptolemy.util.test.WatchDog.cancel(): canceling Sat Mar 23 03:49:51 UTC 2019
auto.tcl: Setting watchdog for 200 seconds at Sat Mar 23 03:49:51 UTC 2019
5 ms. Memory: 280064K Free: 260434K (93%)
ptolemy.util.test.WatchDog.cancel(): canceling Sat Mar 23 03:49:51 UTC 2019
------------------ testing $PTII/ptolemy/domains/de/test/auto/ResetTransitionWithStartTime4.xml
auto.tcl: Setting watchdog for 200 seconds at Sat Mar 23 03:49:51 UTC 2019
4 ms. Memory: 278528K Free: 263575K (95%)
ptolemy.util.test.WatchDog.cancel(): canceling Sat Mar 23 03:49:51 UTC 2019
auto.tcl: Setting watchdog for 200 seconds at Sat Mar 23 03:49:51 UTC 2019
3 ms. Memory: 278528K Free: 263575K (95%)
ptolemy.util.test.WatchDog.cancel(): canceling Sat Mar 23 03:49:51 UTC 2019
------------------ testing $PTII/ptolemy/domains/de/test/auto/ResettableTimer1.xml
auto.tcl: Setting watchdog for 200 seconds at Sat Mar 23 03:49:51 UTC 2019
2 ms. Memory: 280064K Free: 267805K (96%)
ptolemy.util.test.WatchDog.cancel(): canceling Sat Mar 23 03:49:51 UTC 2019
auto.tcl: Setting watchdog for 200 seconds at Sat Mar 23 03:49:51 UTC 2019
2 ms. Memory: 280064K Free: 267805K (96%)
ptolemy.util.test.WatchDog.cancel(): canceling Sat Mar 23 03:49:51 UTC 2019
------------------ testing $PTII/ptolemy/domains/de/test/auto/ResettableTimer2.xml
auto.tcl: Setting watchdog for 200 seconds at Sat Mar 23 03:49:51 UTC 2019
2 ms. Memory: 278528K Free: 266468K (96%)
ptolemy.util.test.WatchDog.cancel(): canceling Sat Mar 23 03:49:51 UTC 2019
auto.tcl: Setting watchdog for 200 seconds at Sat Mar 23 03:49:51 UTC 2019
2 ms. Memory: 278528K Free: 266468K (96%)
ptolemy.util.test.WatchDog.cancel(): canceling Sat Mar 23 03:49:51 UTC 2019
------------------ testing $PTII/ptolemy/domains/de/test/auto/ResettableTimer3.xml
auto.tcl: Setting watchdog for 200 seconds at Sat Mar 23 03:49:51 UTC 2019
1 ms. Memory: 279552K Free: 267342K (96%)
ptolemy.util.test.WatchDog.cancel(): canceling Sat Mar 23 03:49:51 UTC 2019
auto.tcl: Setting watchdog for 200 seconds at Sat Mar 23 03:49:51 UTC 2019
2 ms. Memory: 279552K Free: 267342K (96%)
ptolemy.util.test.WatchDog.cancel(): canceling Sat Mar 23 03:49:51 UTC 2019
------------------ testing $PTII/ptolemy/domains/de/test/auto/ResettableTimer4.xml
auto.tcl: Setting watchdog for 200 seconds at Sat Mar 23 03:49:51 UTC 2019
2 ms. Memory: 278528K Free: 266480K (96%)
ptolemy.util.test.WatchDog.cancel(): canceling Sat Mar 23 03:49:51 UTC 2019
auto.tcl: Setting watchdog for 200 seconds at Sat Mar 23 03:49:51 UTC 2019
1 ms. Memory: 278528K Free: 266480K (96%)
ptolemy.util.test.WatchDog.cancel(): canceling Sat Mar 23 03:49:51 UTC 2019
------------------ testing $PTII/ptolemy/domains/de/test/auto/ResettableTimer5.xml
auto.tcl: Setting watchdog for 200 seconds at Sat Mar 23 03:49:51 UTC 2019
1 ms. Memory: 279552K Free: 265382K (95%)
ptolemy.util.test.WatchDog.cancel(): canceling Sat Mar 23 03:49:51 UTC 2019
auto.tcl: Setting watchdog for 200 seconds at Sat Mar 23 03:49:51 UTC 2019
2 ms. Memory: 279552K Free: 265382K (95%)
ptolemy.util.test.WatchDog.cancel(): canceling Sat Mar 23 03:49:51 UTC 2019
------------------ testing $PTII/ptolemy/domains/de/test/auto/ResettableTimer6.xml
auto.tcl: Setting watchdog for 200 seconds at Sat Mar 23 03:49:51 UTC 2019
1 ms. Memory: 278528K Free: 266278K (96%)
ptolemy.util.test.WatchDog.cancel(): canceling Sat Mar 23 03:49:51 UTC 2019
auto.tcl: Setting watchdog for 200 seconds at Sat Mar 23 03:49:51 UTC 2019
1 ms. Memory: 278528K Free: 266278K (96%)
ptolemy.util.test.WatchDog.cancel(): canceling Sat Mar 23 03:49:51 UTC 2019
------------------ testing $PTII/ptolemy/domains/de/test/auto/ServerZeroDelay.xml
auto.tcl: Setting watchdog for 200 seconds at Sat Mar 23 03:49:51 UTC 2019
2 ms. Memory: 279552K Free: 267457K (96%)
ptolemy.util.test.WatchDog.cancel(): canceling Sat Mar 23 03:49:51 UTC 2019
auto.tcl: Setting watchdog for 200 seconds at Sat Mar 23 03:49:51 UTC 2019
2 ms. Memory: 279552K Free: 267457K (96%)
ptolemy.util.test.WatchDog.cancel(): canceling Sat Mar 23 03:49:51 UTC 2019
------------------ testing $PTII/ptolemy/domains/de/test/auto/SmartSender.xml
auto.tcl: Setting watchdog for 200 seconds at Sat Mar 23 03:49:51 UTC 2019
3002 ms. Memory: 278528K Free: 266413K (96%)
ptolemy.util.test.WatchDog.cancel(): canceling Sat Mar 23 03:49:54 UTC 2019
auto.tcl: Setting watchdog for 200 seconds at Sat Mar 23 03:49:54 UTC 2019
3002 ms. Memory: 278528K Free: 266413K (96%)
ptolemy.util.test.WatchDog.cancel(): canceling Sat Mar 23 03:49:57 UTC 2019
------------------ testing $PTII/ptolemy/domains/de/test/auto/ThreadedComposite.xml
auto.tcl: Setting watchdog for 200 seconds at Sat Mar 23 03:49:57 UTC 2019
169 ms. Memory: 279552K Free: 245424K (88%)
ptolemy.util.test.WatchDog.cancel(): canceling Sat Mar 23 03:49:57 UTC 2019
auto.tcl: Setting watchdog for 200 seconds at Sat Mar 23 03:49:57 UTC 2019
110 ms. Memory: 279552K Free: 228216K (82%)
ptolemy.util.test.WatchDog.cancel(): canceling Sat Mar 23 03:49:58 UTC 2019
------------------ testing $PTII/ptolemy/domains/de/test/auto/Time.xml
auto.tcl: Setting watchdog for 200 seconds at Sat Mar 23 03:49:58 UTC 2019
513 ms. Memory: 278528K Free: 212782K (76%)
ptolemy.util.test.WatchDog.cancel(): canceling Sat Mar 23 03:49:58 UTC 2019
auto.tcl: Setting watchdog for 200 seconds at Sat Mar 23 03:49:58 UTC 2019
501 ms. Memory: 278528K Free: 158974K (57%)
ptolemy.util.test.WatchDog.cancel(): canceling Sat Mar 23 03:49:59 UTC 2019
------------------ testing $PTII/ptolemy/domains/de/test/auto/TimeDelayZeroDelay.xml
auto.tcl: Setting watchdog for 200 seconds at Sat Mar 23 03:49:59 UTC 2019
3 ms. Memory: 279040K Free: 267281K (96%)
ptolemy.util.test.WatchDog.cancel(): canceling Sat Mar 23 03:49:59 UTC 2019
auto.tcl: Setting watchdog for 200 seconds at Sat Mar 23 03:49:59 UTC 2019
2 ms. Memory: 279040K Free: 267281K (96%)
ptolemy.util.test.WatchDog.cancel(): canceling Sat Mar 23 03:49:59 UTC 2019
------------------ testing $PTII/ptolemy/domains/de/test/auto/TimerZeroDelay.xml
auto.tcl: Setting watchdog for 200 seconds at Sat Mar 23 03:49:59 UTC 2019
4 ms. Memory: 278528K Free: 266902K (96%)
ptolemy.util.test.WatchDog.cancel(): canceling Sat Mar 23 03:49:59 UTC 2019
auto.tcl: Setting watchdog for 200 seconds at Sat Mar 23 03:49:59 UTC 2019
2 ms. Memory: 278528K Free: 266902K (96%)
ptolemy.util.test.WatchDog.cancel(): canceling Sat Mar 23 03:49:59 UTC 2019
------------------ testing $PTII/ptolemy/domains/de/test/auto/TimingParadox.xml
auto.tcl: Setting watchdog for 200 seconds at Sat Mar 23 03:49:59 UTC 2019
328 ms. Memory: 279040K Free: 204581K (73%)
ptolemy.util.test.WatchDog.cancel(): canceling Sat Mar 23 03:49:59 UTC 2019
auto.tcl: Setting watchdog for 200 seconds at Sat Mar 23 03:49:59 UTC 2019
333 ms. Memory: 279040K Free: 168124K (60%)
ptolemy.util.test.WatchDog.cancel(): canceling Sat Mar 23 03:50:00 UTC 2019
------------------ testing $PTII/ptolemy/domains/de/test/auto/TransferInputs.xml
auto.tcl: Setting watchdog for 200 seconds at Sat Mar 23 03:50:00 UTC 2019
2 ms. Memory: 279040K Free: 266321K (95%)
ptolemy.util.test.WatchDog.cancel(): canceling Sat Mar 23 03:50:00 UTC 2019
auto.tcl: Setting watchdog for 200 seconds at Sat Mar 23 03:50:00 UTC 2019
2 ms. Memory: 279040K Free: 266321K (95%)
ptolemy.util.test.WatchDog.cancel(): canceling Sat Mar 23 03:50:00 UTC 2019
------------------ testing $PTII/ptolemy/domains/de/test/auto/TransferOutputs2.xml
auto.tcl: Setting watchdog for 200 seconds at Sat Mar 23 03:50:00 UTC 2019
4 ms. Memory: 278528K Free: 262459K (94%)
ptolemy.util.test.WatchDog.cancel(): canceling Sat Mar 23 03:50:00 UTC 2019
auto.tcl: Setting watchdog for 200 seconds at Sat Mar 23 03:50:00 UTC 2019
3 ms. Memory: 278528K Free: 259979K (93%)
ptolemy.util.test.WatchDog.cancel(): canceling Sat Mar 23 03:50:00 UTC 2019
------------------ testing $PTII/ptolemy/domains/de/test/auto/Trilateration.xml
auto.tcl: Setting watchdog for 200 seconds at Sat Mar 23 03:50:00 UTC 2019
14897 ms. Memory: 521728K Free: 76253K (15%)
ptolemy.util.test.WatchDog.cancel(): canceling Sat Mar 23 03:50:16 UTC 2019
auto.tcl: Setting watchdog for 200 seconds at Sat Mar 23 03:50:16 UTC 2019
11653 ms. Memory: 385024K Free: 326179K (85%)
ptolemy.util.test.WatchDog.cancel(): canceling Sat Mar 23 03:50:27 UTC 2019
------------------ testing $PTII/ptolemy/domains/de/test/auto/TwoSigmaDelta.xml
auto.tcl: Setting watchdog for 200 seconds at Sat Mar 23 03:50:28 UTC 2019
2676 ms. Memory: 381952K Free: 89300K (23%)
ptolemy.util.test.WatchDog.cancel(): canceling Sat Mar 23 03:50:30 UTC 2019
auto.tcl: Setting watchdog for 200 seconds at Sat Mar 23 03:50:30 UTC 2019
2046 ms. Memory: 371200K Free: 152212K (41%)
ptolemy.util.test.WatchDog.cancel(): canceling Sat Mar 23 03:50:32 UTC 2019
------------------ testing $PTII/ptolemy/domains/de/test/auto/VariableDelay.xml
auto.tcl: Setting watchdog for 200 seconds at Sat Mar 23 03:50:32 UTC 2019
3 ms. Memory: 368640K Free: 353092K (96%)
ptolemy.util.test.WatchDog.cancel(): canceling Sat Mar 23 03:50:32 UTC 2019
auto.tcl: Setting watchdog for 200 seconds at Sat Mar 23 03:50:32 UTC 2019
2 ms. Memory: 368640K Free: 353092K (96%)
ptolemy.util.test.WatchDog.cancel(): canceling Sat Mar 23 03:50:32 UTC 2019
------------------ testing $PTII/ptolemy/domains/de/test/auto/VariableDelay2.xml
auto.tcl: Setting watchdog for 200 seconds at Sat Mar 23 03:50:33 UTC 2019
2 ms. Memory: 370688K Free: 358424K (97%)
ptolemy.util.test.WatchDog.cancel(): canceling Sat Mar 23 03:50:33 UTC 2019
auto.tcl: Setting watchdog for 200 seconds at Sat Mar 23 03:50:33 UTC 2019
1 ms. Memory: 370688K Free: 358424K (97%)
ptolemy.util.test.WatchDog.cancel(): canceling Sat Mar 23 03:50:33 UTC 2019
------------------ testing $PTII/ptolemy/domains/de/test/auto/VariableDelayZeroDelay.xml
auto.tcl: Setting watchdog for 200 seconds at Sat Mar 23 03:50:33 UTC 2019
2 ms. Memory: 368640K Free: 353503K (96%)
ptolemy.util.test.WatchDog.cancel(): canceling Sat Mar 23 03:50:33 UTC 2019
auto.tcl: Setting watchdog for 200 seconds at Sat Mar 23 03:50:33 UTC 2019
1 ms. Memory: 368640K Free: 353503K (96%)
ptolemy.util.test.WatchDog.cancel(): canceling Sat Mar 23 03:50:33 UTC 2019
------------------ testing $PTII/ptolemy/domains/de/test/auto/VariableDelayZeroDelay2.xml
auto.tcl: Setting watchdog for 200 seconds at Sat Mar 23 03:50:33 UTC 2019
4 ms. Memory: 370688K Free: 355549K (96%)
ptolemy.util.test.WatchDog.cancel(): canceling Sat Mar 23 03:50:33 UTC 2019
auto.tcl: Setting watchdog for 200 seconds at Sat Mar 23 03:50:33 UTC 2019
2 ms. Memory: 370688K Free: 355549K (96%)
ptolemy.util.test.WatchDog.cancel(): canceling Sat Mar 23 03:50:33 UTC 2019
------------------ testing $PTII/ptolemy/domains/de/test/auto/deInCt.xml
auto.tcl: Setting watchdog for 200 seconds at Sat Mar 23 03:50:33 UTC 2019
0
1
1
0
0
0
0
1
1
1
0
0
0
1
1
1
0
0
0
1
1
0
0
0
1
1
1
1
0
0
0
1
1
1
1
0
0
0
1
1
1
1
17 ms. Memory: 368640K Free: 353497K (96%)
ptolemy.util.test.WatchDog.cancel(): canceling Sat Mar 23 03:50:33 UTC 2019
auto.tcl: Setting watchdog for 200 seconds at Sat Mar 23 03:50:33 UTC 2019
0
1
1
1
1
0
0
0
1
1
1
0
0
0
1
1
1
0
0
1
1
0
0
0
1
1
1
0
0
0
1
1
1
0
0
0
0
0
1
1
1
1
13 ms. Memory: 368640K Free: 348940K (95%)
ptolemy.util.test.WatchDog.cancel(): canceling Sat Mar 23 03:50:33 UTC 2019
------------------ testing $PTII/ptolemy/domains/de/test/auto/deInCt2.xml
auto.tcl: Setting watchdog for 200 seconds at Sat Mar 23 03:50:33 UTC 2019
0
1
1
1
0
0
1
1
1
0
0
1
1
1
0
0
1
1
1
0
0
1
1
1
0
0
1
1
1
0
0
1
1
1
0
0
1
1
1
0
0
0
14 ms. Memory: 370176K Free: 355033K (96%)
ptolemy.util.test.WatchDog.cancel(): canceling Sat Mar 23 03:50:33 UTC 2019
auto.tcl: Setting watchdog for 200 seconds at Sat Mar 23 03:50:33 UTC 2019
0
1
1
1
0
0
1
1
1
0
0
1
1
1
0
0
1
1
1
0
0
1
1
1
0
0
1
1
1
0
0
1
1
1
0
0
1
1
1
0
0
0
8 ms. Memory: 370176K Free: 350476K (95%)
ptolemy.util.test.WatchDog.cancel(): canceling Sat Mar 23 03:50:33 UTC 2019
------------------ testing $PTII/ptolemy/domains/de/test/auto/dynamicCausalityInterface1.xml
auto.tcl: Setting watchdog for 200 seconds at Sat Mar 23 03:50:33 UTC 2019
1 ms. Memory: 368640K Free: 344387K (93%)
ptolemy.util.test.WatchDog.cancel(): canceling Sat Mar 23 03:50:33 UTC 2019
auto.tcl: Setting watchdog for 200 seconds at Sat Mar 23 03:50:33 UTC 2019
1 ms. Memory: 368640K Free: 344387K (93%)
ptolemy.util.test.WatchDog.cancel(): canceling Sat Mar 23 03:50:33 UTC 2019
------------------ testing $PTII/ptolemy/domains/de/test/auto/fsm_de_test.xml
auto.tcl: Setting watchdog for 200 seconds at Sat Mar 23 03:50:33 UTC 2019
6 ms. Memory: 370176K Free: 350366K (95%)
ptolemy.util.test.WatchDog.cancel(): canceling Sat Mar 23 03:50:33 UTC 2019
auto.tcl: Setting watchdog for 200 seconds at Sat Mar 23 03:50:33 UTC 2019
5 ms. Memory: 370176K Free: 345809K (93%)
ptolemy.util.test.WatchDog.cancel(): canceling Sat Mar 23 03:50:33 UTC 2019
------------------ testing $PTII/ptolemy/domains/de/test/auto/functionDependencyReconstruction.xml
auto.tcl: Setting watchdog for 200 seconds at Sat Mar 23 03:50:33 UTC 2019
2 ms. Memory: 368640K Free: 339723K (92%)
ptolemy.util.test.WatchDog.cancel(): canceling Sat Mar 23 03:50:33 UTC 2019
auto.tcl: Setting watchdog for 200 seconds at Sat Mar 23 03:50:33 UTC 2019
2 ms. Memory: 368640K Free: 339723K (92%)
ptolemy.util.test.WatchDog.cancel(): canceling Sat Mar 23 03:50:33 UTC 2019
------------------ testing $PTII/ptolemy/domains/de/test/auto/multirate.xml
auto.tcl: Setting watchdog for 200 seconds at Sat Mar 23 03:50:33 UTC 2019
4 ms. Memory: 369664K Free: 349730K (95%)
ptolemy.util.test.WatchDog.cancel(): canceling Sat Mar 23 03:50:33 UTC 2019
auto.tcl: Setting watchdog for 200 seconds at Sat Mar 23 03:50:33 UTC 2019
3 ms. Memory: 369664K Free: 349730K (95%)
ptolemy.util.test.WatchDog.cancel(): canceling Sat Mar 23 03:50:33 UTC 2019
------------------ testing $PTII/ptolemy/domains/de/test/auto/multirate2.xml
auto.tcl: Setting watchdog for 200 seconds at Sat Mar 23 03:50:33 UTC 2019
3 ms. Memory: 368640K Free: 348884K (95%)
ptolemy.util.test.WatchDog.cancel(): canceling Sat Mar 23 03:50:33 UTC 2019
auto.tcl: Setting watchdog for 200 seconds at Sat Mar 23 03:50:33 UTC 2019
3 ms. Memory: 368640K Free: 348884K (95%)
ptolemy.util.test.WatchDog.cancel(): canceling Sat Mar 23 03:50:33 UTC 2019
------------------ testing $PTII/ptolemy/domains/de/test/auto/realtime.xml
auto.tcl: Setting watchdog for 200 seconds at Sat Mar 23 03:50:33 UTC 2019
10001 ms. Memory: 369664K Free: 354457K (96%)
ptolemy.util.test.WatchDog.cancel(): canceling Sat Mar 23 03:50:43 UTC 2019
auto.tcl: Setting watchdog for 200 seconds at Sat Mar 23 03:50:43 UTC 2019
10001 ms. Memory: 369664K Free: 354457K (96%)
ptolemy.util.test.WatchDog.cancel(): canceling Sat Mar 23 03:50:53 UTC 2019
------------------ testing $PTII/ptolemy/domains/de/test/auto/relationGroup.xml
auto.tcl: Setting watchdog for 200 seconds at Sat Mar 23 03:50:53 UTC 2019
2 ms. Memory: 368640K Free: 356337K (97%)
ptolemy.util.test.WatchDog.cancel(): canceling Sat Mar 23 03:50:53 UTC 2019
auto.tcl: Setting watchdog for 200 seconds at Sat Mar 23 03:50:53 UTC 2019
2 ms. Memory: 368640K Free: 356337K (97%)
ptolemy.util.test.WatchDog.cancel(): canceling Sat Mar 23 03:50:53 UTC 2019
------------------ testing $PTII/ptolemy/domains/de/test/auto/relationGroup2.xml
auto.tcl: Setting watchdog for 200 seconds at Sat Mar 23 03:50:53 UTC 2019
1 ms. Memory: 369664K Free: 354515K (96%)
ptolemy.util.test.WatchDog.cancel(): canceling Sat Mar 23 03:50:53 UTC 2019
auto.tcl: Setting watchdog for 200 seconds at Sat Mar 23 03:50:53 UTC 2019
2 ms. Memory: 369664K Free: 354515K (96%)
ptolemy.util.test.WatchDog.cancel(): canceling Sat Mar 23 03:50:53 UTC 2019
------------------ testing $PTII/ptolemy/domains/de/test/auto/sortWithOpaquePorts.xml
auto.tcl: Setting watchdog for 200 seconds at Sat Mar 23 03:50:53 UTC 2019
2 ms. Memory: 368640K Free: 353491K (96%)
ptolemy.util.test.WatchDog.cancel(): canceling Sat Mar 23 03:50:53 UTC 2019
auto.tcl: Setting watchdog for 200 seconds at Sat Mar 23 03:50:53 UTC 2019
2 ms. Memory: 368640K Free: 353491K (96%)
ptolemy.util.test.WatchDog.cancel(): canceling Sat Mar 23 03:50:53 UTC 2019
------------------ testing $PTII/ptolemy/domains/de/test/auto/transferInputsandOutputs.xml
auto.tcl: Setting watchdog for 200 seconds at Sat Mar 23 03:50:53 UTC 2019
2 ms. Memory: 369152K Free: 349432K (95%)
ptolemy.util.test.WatchDog.cancel(): canceling Sat Mar 23 03:50:54 UTC 2019
auto.tcl: Setting watchdog for 200 seconds at Sat Mar 23 03:50:54 UTC 2019
3 ms. Memory: 369152K Free: 349432K (95%)
ptolemy.util.test.WatchDog.cancel(): canceling Sat Mar 23 03:50:54 UTC 2019
------------------ testing $PTII/ptolemy/domains/de/test/auto/triggerType.xml
auto.tcl: Setting watchdog for 200 seconds at Sat Mar 23 03:50:54 UTC 2019
1 ms. Memory: 368640K Free: 353427K (96%)
ptolemy.util.test.WatchDog.cancel(): canceling Sat Mar 23 03:50:54 UTC 2019
auto.tcl: Setting watchdog for 200 seconds at Sat Mar 23 03:50:54 UTC 2019
2 ms. Memory: 368640K Free: 353427K (96%)
ptolemy.util.test.WatchDog.cancel(): canceling Sat Mar 23 03:50:54 UTC 2019
03/23/19 03:50:54
Failed: 0  Total Tests: 192  ((Passed: 187, Newly Passed: 1)  Known Failed: 5) /home/travis/build/icyphy/ptII/ptolemy/domains/de/test
03/23/19 03:50:54
Failed: 0  Total Tests: 192  ((Passed: 187, Newly Passed: 1)  Known Failed: 5) /home/travis/build/icyphy/ptII/ptolemy/domains/de/test
----------------- testing (KnownFailure) /home/travis/build/icyphy/ptII/ptolemy/domains/de/test/auto/knownFailedTests/DESDFClockTest.xml
2011 ms. Memory: 369152K Free: 342480K (93%)
Known Failure: java.lang.reflect.InvocationTargetException
----------------- testing (KnownFailure) /home/travis/build/icyphy/ptII/ptolemy/domains/de/test/auto/knownFailedTests/DirectFeedback.xml
2 ms. Memory: 369152K Free: 319501K (87%)
Known Failure: java.lang.reflect.InvocationTargetException
----------------- testing (KnownFailure) /home/travis/build/icyphy/ptII/ptolemy/domains/de/test/auto/knownFailedTests/FSMSource.xml
8 ms. Memory: 369152K Free: 296522K (80%)
----------------- testing (KnownFailure) /home/travis/build/icyphy/ptII/ptolemy/domains/de/test/auto/knownFailedTests/HierarchicalModel.xml
3 ms. Memory: 369152K Free: 273528K (74%)
Known Failure: java.lang.reflect.InvocationTargetException
----------------- testing (KnownFailure) /home/travis/build/icyphy/ptII/ptolemy/domains/de/test/auto/knownFailedTests/dependencyLoop.xml
3 ms. Memory: 369152K Free: 239043K (65%)
Known Failure: java.lang.reflect.InvocationTargetException
----------------- testing (KnownFailure) /home/travis/build/icyphy/ptII/ptolemy/domains/de/test/auto/knownFailedTests/dependencyLoop2.xml
6 ms. Memory: 369152K Free: 204559K (55%)
Known Failure: java.lang.reflect.InvocationTargetException
No auto/linux-amd64/*.xml tests in /home/travis/build/icyphy/ptII/ptolemy/domains/de/test
AutoTests.java: About to close Vertx.
AutoTests.java: Vertx closed.

===========================================================================================
----------------- testing Sat Mar 23 03:50:56 UTC 2019 /home/travis/build/icyphy/ptII/ptolemy/domains/de/test/auto/ActorDepthCalculation_actorWithoutPorts.xml
----------------- Instantiating /home/travis/build/icyphy/ptII/ptolemy/domains/de/test/auto/ActorDepthCalculation_actorWithoutPorts.xml
1 ms. Memory: 369152K Free: 175836K (48%)
----------------- Invoking toplevel() on ptolemy.moml.MoMLSimpleApplication@66157474
----------------- Done invoking toplevel() on ptolemy.moml.MoMLSimpleApplication@66157474
reloadAllAccessors: .ActorDepthCalculation_actorWithoutPorts

===========================================================================================
----------------- testing Sat Mar 23 03:50:56 UTC 2019 /home/travis/build/icyphy/ptII/ptolemy/domains/de/test/auto/AssemblyLine.xml
----------------- Instantiating /home/travis/build/icyphy/ptII/ptolemy/domains/de/test/auto/AssemblyLine.xml
2 ms. Memory: 369152K Free: 158586K (43%)
----------------- Invoking toplevel() on ptolemy.moml.MoMLSimpleApplication@6d9754fd
----------------- Done invoking toplevel() on ptolemy.moml.MoMLSimpleApplication@6d9754fd
reloadAllAccessors: .AssemblyLine

===========================================================================================
----------------- testing Sat Mar 23 03:50:56 UTC 2019 /home/travis/build/icyphy/ptII/ptolemy/domains/de/test/auto/CQBug1.xml
----------------- Instantiating /home/travis/build/icyphy/ptII/ptolemy/domains/de/test/auto/CQBug1.xml
1 ms. Memory: 369152K Free: 147096K (40%)
----------------- Invoking toplevel() on ptolemy.moml.MoMLSimpleApplication@7ae68ca
----------------- Done invoking toplevel() on ptolemy.moml.MoMLSimpleApplication@7ae68ca
reloadAllAccessors: .CQBug1

===========================================================================================
----------------- testing Sat Mar 23 03:50:56 UTC 2019 /home/travis/build/icyphy/ptII/ptolemy/domains/de/test/auto/CancelFireAt.xml
----------------- Instantiating /home/travis/build/icyphy/ptII/ptolemy/domains/de/test/auto/CancelFireAt.xml
2 ms. Memory: 369152K Free: 135607K (37%)
----------------- Invoking toplevel() on ptolemy.moml.MoMLSimpleApplication@1ef0181d
----------------- Done invoking toplevel() on ptolemy.moml.MoMLSimpleApplication@1ef0181d
reloadAllAccessors: .CancelFireAt

===========================================================================================
----------------- testing Sat Mar 23 03:50:56 UTC 2019 /home/travis/build/icyphy/ptII/ptolemy/domains/de/test/auto/CausalityAndComposabilityAnalysis.xml
----------------- Instantiating /home/travis/build/icyphy/ptII/ptolemy/domains/de/test/auto/CausalityAndComposabilityAnalysis.xml
1 ms. Memory: 369152K Free: 124118K (34%)
----------------- Invoking toplevel() on ptolemy.moml.MoMLSimpleApplication@320b2403
----------------- Done invoking toplevel() on ptolemy.moml.MoMLSimpleApplication@320b2403
reloadAllAccessors: .CausalityAndComposabilityAnalysis

===========================================================================================
----------------- testing Sat Mar 23 03:50:56 UTC 2019 /home/travis/build/icyphy/ptII/ptolemy/domains/de/test/auto/CausalityInterface1.xml
----------------- Instantiating /home/travis/build/icyphy/ptII/ptolemy/domains/de/test/auto/CausalityInterface1.xml
3 ms. Memory: 369152K Free: 112629K (31%)
----------------- Invoking toplevel() on ptolemy.moml.MoMLSimpleApplication@21301332
----------------- Done invoking toplevel() on ptolemy.moml.MoMLSimpleApplication@21301332
reloadAllAccessors: .CausalityInterface1

===========================================================================================
----------------- testing Sat Mar 23 03:50:56 UTC 2019 /home/travis/build/icyphy/ptII/ptolemy/domains/de/test/auto/CausalityInterface15.xml
----------------- Instantiating /home/travis/build/icyphy/ptII/ptolemy/domains/de/test/auto/CausalityInterface15.xml
1 ms. Memory: 369152K Free: 101139K (27%)
----------------- Invoking toplevel() on ptolemy.moml.MoMLSimpleApplication@5552a188
----------------- Done invoking toplevel() on ptolemy.moml.MoMLSimpleApplication@5552a188
reloadAllAccessors: .CausalityInterface15

[...]
java.lang.RuntimeException: Execution failed
	at ptolemy.moml.MoMLSimpleApplication$UnloadThread.run(MoMLSimpleApplication.java:402)
Caused by: ptolemy.kernel.util.IllegalActionException: Test fails in iteration 1.
Value was: 1.0. Should have been: 2.0
  in .DirectFeedback.Test
	at ptolemy.actor.lib.Test.fire(Test.java:268)
	at ptolemy.domains.de.kernel.DEDirector._fire(DEDirector.java:1949)
	at ptolemy.domains.de.kernel.DEDirector.fire(DEDirector.java:502)
	at ptolemy.actor.CompositeActor.fire(CompositeActor.java:455)
	at ptolemy.actor.Manager.iterate(Manager.java:851)
	at ptolemy.actor.Manager.execute(Manager.java:369)
	at ptolemy.actor.Manager.run(Manager.java:1263)
	at ptolemy.actor.Manager$PtolemyRunThread.run(Manager.java:1915)
java.lang.RuntimeException: Execution failed
	at ptolemy.moml.MoMLSimpleApplication$UnloadThread.run(MoMLSimpleApplication.java:402)
Caused by: ptolemy.kernel.util.IllegalActionException: Actor is not ready to fire.  Perhaps UpSample.prefire() returned false? Try debugging the actor by selecting "Listen to Actor".  Also, for SDF check moml for tokenConsumptionRate on input.
  in .DESDFClockTest.Play Bell.Copy1:SDF Director and .DESDFClockTest.Play Bell.UpSample
	at ptolemy.actor.sched.StaticSchedulingDirector.fire(StaticSchedulingDirector.java:227)
	at ptolemy.domains.sdf.kernel.SDFDirector.fire(SDFDirector.java:500)
	at ptolemy.actor.CompositeActor.fire(CompositeActor.java:455)
	at ptolemy.domains.de.kernel.DEDirector._fire(DEDirector.java:1949)
	at ptolemy.domains.de.kernel.DEDirector.fire(DEDirector.java:502)
	at ptolemy.actor.CompositeActor.fire(CompositeActor.java:455)
	at ptolemy.actor.Manager.iterate(Manager.java:851)
	at ptolemy.actor.Manager.execute(Manager.java:369)
	at ptolemy.actor.Manager.run(Manager.java:1263)
	at ptolemy.actor.Manager$PtolemyRunThread.run(Manager.java:1915)
java.lang.reflect.InvocationTargetException
	at sun.reflect.NativeConstructorAccessorImpl.newInstance0(Native Method)
	at sun.reflect.NativeConstructorAccessorImpl.newInstance(NativeConstructorAccessorImpl.java:62)
	at sun.reflect.DelegatingConstructorAccessorImpl.newInstance(DelegatingConstructorAccessorImpl.java:45)
	at java.lang.reflect.Constructor.newInstance(Constructor.java:423)
	at ptolemy.util.test.junit.AutoKnownFailedTests.RunModel(AutoKnownFailedTests.java:105)
	at sun.reflect.NativeMethodAccessorImpl.invoke0(Native Method)
	at sun.reflect.NativeMethodAccessorImpl.invoke(NativeMethodAccessorImpl.java:62)
	at sun.reflect.DelegatingMethodAccessorImpl.invoke(DelegatingMethodAccessorImpl.java:43)
	at java.lang.reflect.Method.invoke(Method.java:498)
	at org.junit.runners.model.FrameworkMethod$1.runReflectiveCall(FrameworkMethod.java:44)
	at org.junit.internal.runners.model.ReflectiveCallable.run(ReflectiveCallable.java:15)
	at org.junit.runners.model.FrameworkMethod.invokeExplosively(FrameworkMethod.java:41)
	at junitparams.internal.InvokeParameterisedMethod.evaluate(InvokeParameterisedMethod.java:102)
	at org.junit.internal.runners.statements.FailOnTimeout$1.run(FailOnTimeout.java:28)
Caused by: ptolemy.kernel.util.IllegalActionException: Actor is not ready to fire.  Perhaps UpSample.prefire() returned false? Try debugging the actor by selecting "Listen to Actor".  Also, for SDF check moml for tokenConsumptionRate on input.
  in .DESDFClockTest.Play Bell.Copy1:SDF Director and .DESDFClockTest.Play Bell.UpSample
	at ptolemy.actor.sched.StaticSchedulingDirector.fire(StaticSchedulingDirector.java:227)
	at ptolemy.domains.sdf.kernel.SDFDirector.fire(SDFDirector.java:500)
	at ptolemy.actor.CompositeActor.fire(CompositeActor.java:455)
	at ptolemy.domains.de.kernel.DEDirector._fire(DEDirector.java:1949)
	at ptolemy.domains.de.kernel.DEDirector.fire(DEDirector.java:502)
	at ptolemy.actor.CompositeActor.fire(CompositeActor.java:455)
	at ptolemy.actor.Manager.iterate(Manager.java:851)
	at ptolemy.actor.Manager.execute(Manager.java:369)
	at ptolemy.actor.Manager.run(Manager.java:1263)
	at ptolemy.actor.Manager$PtolemyRunThread.run(Manager.java:1915)
java.lang.RuntimeException: Execution failed
	at ptolemy.moml.MoMLSimpleApplication$UnloadThread.run(MoMLSimpleApplication.java:402)
Caused by: ptolemy.kernel.util.IllegalActionException: Test fails in iteration 1.
Value was: 1.0. Should have been: 2.0
  in .DirectFeedback.Test
	at ptolemy.actor.lib.Test.fire(Test.java:268)
	at ptolemy.domains.de.kernel.DEDirector._fire(DEDirector.java:1949)
	at ptolemy.domains.de.kernel.DEDirector.fire(DEDirector.java:502)
	at ptolemy.actor.CompositeActor.fire(CompositeActor.java:455)
	at ptolemy.actor.Manager.iterate(Manager.java:851)
	at ptolemy.actor.Manager.execute(Manager.java:369)
	at ptolemy.actor.Manager.run(Manager.java:1263)
	at ptolemy.actor.Manager$PtolemyRunThread.run(Manager.java:1915)
java.lang.reflect.InvocationTargetException
	at sun.reflect.NativeConstructorAccessorImpl.newInstance0(Native Method)
	at sun.reflect.NativeConstructorAccessorImpl.newInstance(NativeConstructorAccessorImpl.java:62)
	at sun.reflect.DelegatingConstructorAccessorImpl.newInstance(DelegatingConstructorAccessorImpl.java:45)
	at java.lang.reflect.Constructor.newInstance(Constructor.java:423)
	at ptolemy.util.test.junit.AutoKnownFailedTests.RunModel(AutoKnownFailedTests.java:105)
	at sun.reflect.NativeMethodAccessorImpl.invoke0(Native Method)
	at sun.reflect.NativeMethodAccessorImpl.invoke(NativeMethodAccessorImpl.java:62)
	at sun.reflect.DelegatingMethodAccessorImpl.invoke(DelegatingMethodAccessorImpl.java:43)
	at java.lang.reflect.Method.invoke(Method.java:498)
	at org.junit.runners.model.FrameworkMethod$1.runReflectiveCall(FrameworkMethod.java:44)
	at org.junit.internal.runners.model.ReflectiveCallable.run(ReflectiveCallable.java:15)
	at org.junit.runners.model.FrameworkMethod.invokeExplosively(FrameworkMethod.java:41)
	at junitparams.internal.InvokeParameterisedMethod.evaluate(InvokeParameterisedMethod.java:102)
	at org.junit.internal.runners.statements.FailOnTimeout$1.run(FailOnTimeout.java:28)
Caused by: ptolemy.kernel.util.IllegalActionException: Test fails in iteration 1.
Value was: 1.0. Should have been: 2.0
  in .DirectFeedback.Test
	at ptolemy.actor.lib.Test.fire(Test.java:268)
	at ptolemy.domains.de.kernel.DEDirector._fire(DEDirector.java:1949)
	at ptolemy.domains.de.kernel.DEDirector.fire(DEDirector.java:502)
	at ptolemy.actor.CompositeActor.fire(CompositeActor.java:455)
	at ptolemy.actor.Manager.iterate(Manager.java:851)
	at ptolemy.actor.Manager.execute(Manager.java:369)
	at ptolemy.actor.Manager.run(Manager.java:1263)
	at ptolemy.actor.Manager$PtolemyRunThread.run(Manager.java:1915)
java.lang.RuntimeException: Execution failed
	at ptolemy.moml.MoMLSimpleApplication$UnloadThread.run(MoMLSimpleApplication.java:402)
Caused by: ptolemy.kernel.util.IllegalActionException: Found a zero delay loop containing .HierarchicalModel.A
  in .HierarchicalModel and .HierarchicalModel.A
	at ptolemy.actor.util.CausalityInterfaceForComposites._computeOutputPortDepth(CausalityInterfaceForComposites.java:759)
	at ptolemy.actor.util.CausalityInterfaceForComposites._computeInputDepth(CausalityInterfaceForComposites.java:696)
	at ptolemy.actor.util.CausalityInterfaceForComposites._computeOutputPortDepth(CausalityInterfaceForComposites.java:765)
	at ptolemy.actor.util.CausalityInterfaceForComposites._computeInputDepth(CausalityInterfaceForComposites.java:696)
	at ptolemy.actor.util.CausalityInterfaceForComposites._computeOutputPortDepth(CausalityInterfaceForComposites.java:765)
	at ptolemy.actor.util.CausalityInterfaceForComposites._computeInputDepth(CausalityInterfaceForComposites.java:696)
	at ptolemy.actor.util.CausalityInterfaceForComposites._computeActorDepth(CausalityInterfaceForComposites.java:532)
	at ptolemy.actor.util.CausalityInterfaceForComposites.checkForCycles(CausalityInterfaceForComposites.java:96)
	at ptolemy.domains.de.kernel.DEDirector.preinitialize(DEDirector.java:1338)
	at ptolemy.actor.CompositeActor.preinitialize(CompositeActor.java:1828)
	at ptolemy.actor.Manager.preinitializeAndResolveTypes(Manager.java:1040)
	at ptolemy.actor.Manager.initialize(Manager.java:710)
	at ptolemy.actor.Manager.execute(Manager.java:356)
	at ptolemy.actor.Manager.run(Manager.java:1263)
	at ptolemy.actor.Manager$PtolemyRunThread.run(Manager.java:1915)
java.lang.reflect.InvocationTargetException
	at sun.reflect.NativeConstructorAccessorImpl.newInstance0(Native Method)
	at sun.reflect.NativeConstructorAccessorImpl.newInstance(NativeConstructorAccessorImpl.java:62)
	at sun.reflect.DelegatingConstructorAccessorImpl.newInstance(DelegatingConstructorAccessorImpl.java:45)
	at java.lang.reflect.Constructor.newInstance(Constructor.java:423)
	at ptolemy.util.test.junit.AutoKnownFailedTests.RunModel(AutoKnownFailedTests.java:105)
	at sun.reflect.NativeMethodAccessorImpl.invoke0(Native Method)
	at sun.reflect.NativeMethodAccessorImpl.invoke(NativeMethodAccessorImpl.java:62)
	at sun.reflect.DelegatingMethodAccessorImpl.invoke(DelegatingMethodAccessorImpl.java:43)
	at java.lang.reflect.Method.invoke(Method.java:498)
	at org.junit.runners.model.FrameworkMethod$1.runReflectiveCall(FrameworkMethod.java:44)
	at org.junit.internal.runners.model.ReflectiveCallable.run(ReflectiveCallable.java:15)
	at org.junit.runners.model.FrameworkMethod.invokeExplosively(FrameworkMethod.java:41)
	at junitparams.internal.InvokeParameterisedMethod.evaluate(InvokeParameterisedMethod.java:102)
	at org.junit.internal.runners.statements.FailOnTimeout$1.run(FailOnTimeout.java:28)
Caused by: ptolemy.kernel.util.IllegalActionException: Found a zero delay loop containing .HierarchicalModel.A
  in .HierarchicalModel and .HierarchicalModel.A
	at ptolemy.actor.util.CausalityInterfaceForComposites._computeOutputPortDepth(CausalityInterfaceForComposites.java:759)
	at ptolemy.actor.util.CausalityInterfaceForComposites._computeInputDepth(CausalityInterfaceForComposites.java:696)
	at ptolemy.actor.util.CausalityInterfaceForComposites._computeOutputPortDepth(CausalityInterfaceForComposites.java:765)
	at ptolemy.actor.util.CausalityInterfaceForComposites._computeInputDepth(CausalityInterfaceForComposites.java:696)
	at ptolemy.actor.util.CausalityInterfaceForComposites._computeOutputPortDepth(CausalityInterfaceForComposites.java:765)
	at ptolemy.actor.util.CausalityInterfaceForComposites._computeInputDepth(CausalityInterfaceForComposites.java:696)
	at ptolemy.actor.util.CausalityInterfaceForComposites._computeActorDepth(CausalityInterfaceForComposites.java:532)
	at ptolemy.actor.util.CausalityInterfaceForComposites.checkForCycles(CausalityInterfaceForComposites.java:96)
	at ptolemy.domains.de.kernel.DEDirector.preinitialize(DEDirector.java:1338)
	at ptolemy.actor.CompositeActor.preinitialize(CompositeActor.java:1828)
	at ptolemy.actor.Manager.preinitializeAndResolveTypes(Manager.java:1040)
	at ptolemy.actor.Manager.initialize(Manager.java:710)
	at ptolemy.actor.Manager.execute(Manager.java:356)
	at ptolemy.actor.Manager.run(Manager.java:1263)
	at ptolemy.actor.Manager$PtolemyRunThread.run(Manager.java:1915)
java.lang.RuntimeException: Execution failed
	at ptolemy.moml.MoMLSimpleApplication$UnloadThread.run(MoMLSimpleApplication.java:402)
Caused by: ptolemy.kernel.util.IllegalActionException: Found a zero delay loop containing .dependencyLoop.original
  in .dependencyLoop and .dependencyLoop.original
	at ptolemy.actor.util.CausalityInterfaceForComposites._computeOutputPortDepth(CausalityInterfaceForComposites.java:759)
	at ptolemy.actor.util.CausalityInterfaceForComposites._computeInputDepth(CausalityInterfaceForComposites.java:696)
	at ptolemy.actor.util.CausalityInterfaceForComposites._computeOutputPortDepth(CausalityInterfaceForComposites.java:765)
	at ptolemy.actor.util.CausalityInterfaceForComposites._computeInputDepth(CausalityInterfaceForComposites.java:696)
	at ptolemy.actor.util.CausalityInterfaceForComposites._computeOutputPortDepth(CausalityInterfaceForComposites.java:765)
	at ptolemy.actor.util.CausalityInterfaceForComposites._computeInputDepth(CausalityInterfaceForComposites.java:696)
	at ptolemy.actor.util.CausalityInterfaceForComposites._computeActorDepth(CausalityInterfaceForComposites.java:532)
	at ptolemy.actor.util.CausalityInterfaceForComposites.checkForCycles(CausalityInterfaceForComposites.java:96)
	at ptolemy.domains.de.kernel.DEDirector.preinitialize(DEDirector.java:1338)
	at ptolemy.actor.CompositeActor.preinitialize(CompositeActor.java:1828)
	at ptolemy.actor.Manager.preinitializeAndResolveTypes(Manager.java:1040)
	at ptolemy.actor.Manager.initialize(Manager.java:710)
	at ptolemy.actor.Manager.execute(Manager.java:356)
	at ptolemy.actor.Manager.run(Manager.java:1263)
	at ptolemy.actor.Manager$PtolemyRunThread.run(Manager.java:1915)
java.lang.reflect.InvocationTargetException
	at sun.reflect.NativeConstructorAccessorImpl.newInstance0(Native Method)
	at sun.reflect.NativeConstructorAccessorImpl.newInstance(NativeConstructorAccessorImpl.java:62)
	at sun.reflect.DelegatingConstructorAccessorImpl.newInstance(DelegatingConstructorAccessorImpl.java:45)
	at java.lang.reflect.Constructor.newInstance(Constructor.java:423)
	at ptolemy.util.test.junit.AutoKnownFailedTests.RunModel(AutoKnownFailedTests.java:105)
	at sun.reflect.NativeMethodAccessorImpl.invoke0(Native Method)
	at sun.reflect.NativeMethodAccessorImpl.invoke(NativeMethodAccessorImpl.java:62)
	at sun.reflect.DelegatingMethodAccessorImpl.invoke(DelegatingMethodAccessorImpl.java:43)
	at java.lang.reflect.Method.invoke(Method.java:498)
	at org.junit.runners.model.FrameworkMethod$1.runReflectiveCall(FrameworkMethod.java:44)
	at org.junit.internal.runners.model.ReflectiveCallable.run(ReflectiveCallable.java:15)
	at org.junit.runners.model.FrameworkMethod.invokeExplosively(FrameworkMethod.java:41)
	at junitparams.internal.InvokeParameterisedMethod.evaluate(InvokeParameterisedMethod.java:102)
	at org.junit.internal.runners.statements.FailOnTimeout$1.run(FailOnTimeout.java:28)
Caused by: ptolemy.kernel.util.IllegalActionException: Found a zero delay loop containing .dependencyLoop.original
  in .dependencyLoop and .dependencyLoop.original
	at ptolemy.actor.util.CausalityInterfaceForComposites._computeOutputPortDepth(CausalityInterfaceForComposites.java:759)
	at ptolemy.actor.util.CausalityInterfaceForComposites._computeInputDepth(CausalityInterfaceForComposites.java:696)
	at ptolemy.actor.util.CausalityInterfaceForComposites._computeOutputPortDepth(CausalityInterfaceForComposites.java:765)
	at ptolemy.actor.util.CausalityInterfaceForComposites._computeInputDepth(CausalityInterfaceForComposites.java:696)
	at ptolemy.actor.util.CausalityInterfaceForComposites._computeOutputPortDepth(CausalityInterfaceForComposites.java:765)
	at ptolemy.actor.util.CausalityInterfaceForComposites._computeInputDepth(CausalityInterfaceForComposites.java:696)
	at ptolemy.actor.util.CausalityInterfaceForComposites._computeActorDepth(CausalityInterfaceForComposites.java:532)
	at ptolemy.actor.util.CausalityInterfaceForComposites.checkForCycles(CausalityInterfaceForComposites.java:96)
	at ptolemy.domains.de.kernel.DEDirector.preinitialize(DEDirector.java:1338)
	at ptolemy.actor.CompositeActor.preinitialize(CompositeActor.java:1828)
	at ptolemy.actor.Manager.preinitializeAndResolveTypes(Manager.java:1040)
	at ptolemy.actor.Manager.initialize(Manager.java:710)
	at ptolemy.actor.Manager.execute(Manager.java:356)
	at ptolemy.actor.Manager.run(Manager.java:1263)
	at ptolemy.actor.Manager$PtolemyRunThread.run(Manager.java:1915)
java.lang.RuntimeException: Execution failed
	at ptolemy.moml.MoMLSimpleApplication$UnloadThread.run(MoMLSimpleApplication.java:402)
Caused by: ptolemy.kernel.util.IllegalActionException: Found a zero delay loop containing .dependencyLoop2.original
  in .dependencyLoop2 and .dependencyLoop2.original
	at ptolemy.actor.util.CausalityInterfaceForComposites._computeOutputPortDepth(CausalityInterfaceForComposites.java:759)
	at ptolemy.actor.util.CausalityInterfaceForComposites._computeInputDepth(CausalityInterfaceForComposites.java:696)
	at ptolemy.actor.util.CausalityInterfaceForComposites._computeOutputPortDepth(CausalityInterfaceForComposites.java:765)
	at ptolemy.actor.util.CausalityInterfaceForComposites._computeInputDepth(CausalityInterfaceForComposites.java:696)
	at ptolemy.actor.util.CausalityInterfaceForComposites._computeOutputPortDepth(CausalityInterfaceForComposites.java:765)
	at ptolemy.actor.util.CausalityInterfaceForComposites._computeInputDepth(CausalityInterfaceForComposites.java:696)
	at ptolemy.actor.util.CausalityInterfaceForComposites._computeActorDepth(CausalityInterfaceForComposites.java:532)
	at ptolemy.actor.util.CausalityInterfaceForComposites.checkForCycles(CausalityInterfaceForComposites.java:96)
	at ptolemy.domains.de.kernel.DEDirector.preinitialize(DEDirector.java:1338)
	at ptolemy.actor.CompositeActor.preinitialize(CompositeActor.java:1828)
	at ptolemy.actor.Manager.preinitializeAndResolveTypes(Manager.java:1040)
	at ptolemy.actor.Manager.initialize(Manager.java:710)
	at ptolemy.actor.Manager.execute(Manager.java:356)
	at ptolemy.actor.Manager.run(Manager.java:1263)
	at ptolemy.actor.Manager$PtolemyRunThread.run(Manager.java:1915)
java.lang.reflect.InvocationTargetException
	at sun.reflect.NativeConstructorAccessorImpl.newInstance0(Native Method)
	at sun.reflect.NativeConstructorAccessorImpl.newInstance(NativeConstructorAccessorImpl.java:62)
	at sun.reflect.DelegatingConstructorAccessorImpl.newInstance(DelegatingConstructorAccessorImpl.java:45)
	at java.lang.reflect.Constructor.newInstance(Constructor.java:423)
	at ptolemy.util.test.junit.AutoKnownFailedTests.RunModel(AutoKnownFailedTests.java:105)
	at sun.reflect.NativeMethodAccessorImpl.invoke0(Native Method)
	at sun.reflect.NativeMethodAccessorImpl.invoke(NativeMethodAccessorImpl.java:62)
	at sun.reflect.DelegatingMethodAccessorImpl.invoke(DelegatingMethodAccessorImpl.java:43)
	at java.lang.reflect.Method.invoke(Method.java:498)
	at org.junit.runners.model.FrameworkMethod$1.runReflectiveCall(FrameworkMethod.java:44)
	at org.junit.internal.runners.model.ReflectiveCallable.run(ReflectiveCallable.java:15)
	at org.junit.runners.model.FrameworkMethod.invokeExplosively(FrameworkMethod.java:41)
	at junitparams.internal.InvokeParameterisedMethod.evaluate(InvokeParameterisedMethod.java:102)
	at org.junit.internal.runners.statements.FailOnTimeout$1.run(FailOnTimeout.java:28)
Caused by: ptolemy.kernel.util.IllegalActionException: Found a zero delay loop containing .dependencyLoop2.original
  in .dependencyLoop2 and .dependencyLoop2.original
	at ptolemy.actor.util.CausalityInterfaceForComposites._computeOutputPortDepth(CausalityInterfaceForComposites.java:759)
	at ptolemy.actor.util.CausalityInterfaceForComposites._computeInputDepth(CausalityInterfaceForComposites.java:696)
	at ptolemy.actor.util.CausalityInterfaceForComposites._computeOutputPortDepth(CausalityInterfaceForComposites.java:765)
	at ptolemy.actor.util.CausalityInterfaceForComposites._computeInputDepth(CausalityInterfaceForComposites.java:696)
	at ptolemy.actor.util.CausalityInterfaceForComposites._computeOutputPortDepth(CausalityInterfaceForComposites.java:765)
	at ptolemy.actor.util.CausalityInterfaceForComposites._computeInputDepth(CausalityInterfaceForComposites.java:696)
	at ptolemy.actor.util.CausalityInterfaceForComposites._computeActorDepth(CausalityInterfaceForComposites.java:532)
	at ptolemy.actor.util.CausalityInterfaceForComposites.checkForCycles(CausalityInterfaceForComposites.java:96)
	at ptolemy.domains.de.kernel.DEDirector.preinitialize(DEDirector.java:1338)
	at ptolemy.actor.CompositeActor.preinitialize(CompositeActor.java:1828)
	at ptolemy.actor.Manager.preinitializeAndResolveTypes(Manager.java:1040)
	at ptolemy.actor.Manager.initialize(Manager.java:710)
	at ptolemy.actor.Manager.execute(Manager.java:356)
	at ptolemy.actor.Manager.run(Manager.java:1263)
	at ptolemy.actor.Manager$PtolemyRunThread.run(Manager.java:1915)
]]></system-err>
</testsuite>
