<?xml version="1.0" encoding="UTF-8" ?>
<testsuite errors="0" failures="0" hostname="travis-job-097026dd-a48a-4ffd-9658-4d74f18431e1" name="ptolemy.domains.de.test.junit.JUnitTclTest" skipped="0" tests="101" time="133.805" timestamp="2019-07-05T04:43:41">
  <properties>
[...]
</properties>
  <testcase classname="ptolemy.util.test.junit.TclTests" name="[0] /home/travis/build/icyphy/ptII/ptolemy/domains/de/test/DependencyLoop.tcl (RunTclFile)" time="1.113" />
  <testcase classname="ptolemy.util.test.junit.TclTests" name="[1] /home/travis/build/icyphy/ptII/ptolemy/domains/de/test/RunDETestsAsQSS.tcl (RunTclFile)" time="90.451" />
  <testcase classname="ptolemy.util.test.junit.AutoKnownFailedTests" name="[0] /home/travis/build/icyphy/ptII/ptolemy/domains/de/test/auto/knownFailedTests/DESDFClockTest.xml (RunModel)" time="2.042" />
  <testcase classname="ptolemy.util.test.junit.AutoKnownFailedTests" name="[1] /home/travis/build/icyphy/ptII/ptolemy/domains/de/test/auto/knownFailedTests/DirectFeedback.xml (RunModel)" time="0.017" />
  <testcase classname="ptolemy.util.test.junit.AutoKnownFailedTests" name="[2] /home/travis/build/icyphy/ptII/ptolemy/domains/de/test/auto/knownFailedTests/FSMSource.xml (RunModel)" time="0.027" />
  <testcase classname="ptolemy.util.test.junit.AutoKnownFailedTests" name="[3] /home/travis/build/icyphy/ptII/ptolemy/domains/de/test/auto/knownFailedTests/HierarchicalModel.xml (RunModel)" time="0.063" />
  <testcase classname="ptolemy.util.test.junit.AutoKnownFailedTests" name="[4] /home/travis/build/icyphy/ptII/ptolemy/domains/de/test/auto/knownFailedTests/dependencyLoop.xml (RunModel)" time="0.041" />
  <testcase classname="ptolemy.util.test.junit.AutoKnownFailedTests" name="[5] /home/travis/build/icyphy/ptII/ptolemy/domains/de/test/auto/knownFailedTests/dependencyLoop2.xml (RunModel)" time="0.027" />
  <testcase classname="ptolemy.util.test.junit.AutoNameArchTests" name="[0] ThereAreNoAutoArchTests (RunModel)" time="0.001" />
  <testcase classname="ptolemy.util.test.junit.AutoTests" name="[0] /home/travis/build/icyphy/ptII/ptolemy/domains/de/test/auto/ActorDepthCalculation_actorWithoutPorts.xml (RunModel)" time="0.016" />
  <testcase classname="ptolemy.util.test.junit.AutoTests" name="[1] /home/travis/build/icyphy/ptII/ptolemy/domains/de/test/auto/AssemblyLine.xml (RunModel)" time="0.025" />
  <testcase classname="ptolemy.util.test.junit.AutoTests" name="[2] /home/travis/build/icyphy/ptII/ptolemy/domains/de/test/auto/CQBug1.xml (RunModel)" time="0.01" />
  <testcase classname="ptolemy.util.test.junit.AutoTests" name="[3] /home/travis/build/icyphy/ptII/ptolemy/domains/de/test/auto/CancelFireAt.xml (RunModel)" time="0.012" />
  <testcase classname="ptolemy.util.test.junit.AutoTests" name="[4] /home/travis/build/icyphy/ptII/ptolemy/domains/de/test/auto/CausalityAndComposabilityAnalysis.xml (RunModel)" time="0.009" />
  <testcase classname="ptolemy.util.test.junit.AutoTests" name="[5] /home/travis/build/icyphy/ptII/ptolemy/domains/de/test/auto/CausalityInterface1.xml (RunModel)" time="0.015" />
  <testcase classname="ptolemy.util.test.junit.AutoTests" name="[6] /home/travis/build/icyphy/ptII/ptolemy/domains/de/test/auto/CausalityInterface15.xml (RunModel)" time="0.012" />
  <testcase classname="ptolemy.util.test.junit.AutoTests" name="[7] /home/travis/build/icyphy/ptII/ptolemy/domains/de/test/auto/CausalityInterface2.xml (RunModel)" time="0.013" />
  <testcase classname="ptolemy.util.test.junit.AutoTests" name="[8] /home/travis/build/icyphy/ptII/ptolemy/domains/de/test/auto/CausalityInterface3.xml (RunModel)" time="0.008" />
  <testcase classname="ptolemy.util.test.junit.AutoTests" name="[9] /home/travis/build/icyphy/ptII/ptolemy/domains/de/test/auto/ClockDrift.xml (RunModel)" time="0.031" />
  <testcase classname="ptolemy.util.test.junit.AutoTests" name="[10] /home/travis/build/icyphy/ptII/ptolemy/domains/de/test/auto/ClockDriftAndValueChange.xml (RunModel)" time="0.03" />
  <testcase classname="ptolemy.util.test.junit.AutoTests" name="[11] /home/travis/build/icyphy/ptII/ptolemy/domains/de/test/auto/ClockDriftChange.xml (RunModel)" time="0.022" />
  <testcase classname="ptolemy.util.test.junit.AutoTests" name="[12] /home/travis/build/icyphy/ptII/ptolemy/domains/de/test/auto/ComposableCausalityAnalysis.xml (RunModel)" time="0.012" />
  <testcase classname="ptolemy.util.test.junit.AutoTests" name="[13] /home/travis/build/icyphy/ptII/ptolemy/domains/de/test/auto/DEFixedPointLimitation.xml (RunModel)" time="0.01" />
  <testcase classname="ptolemy.util.test.junit.AutoTests" name="[14] /home/travis/build/icyphy/ptII/ptolemy/domains/de/test/auto/DEScheduleTest.xml (RunModel)" time="0.01" />
  <testcase classname="ptolemy.util.test.junit.AutoTests" name="[15] /home/travis/build/icyphy/ptII/ptolemy/domains/de/test/auto/DEinDEwithStartTimes.xml (RunModel)" time="0.012" />
  <testcase classname="ptolemy.util.test.junit.AutoTests" name="[16] /home/travis/build/icyphy/ptII/ptolemy/domains/de/test/auto/DEinDEwithStartTimes2.xml (RunModel)" time="0.014" />
  <testcase classname="ptolemy.util.test.junit.AutoTests" name="[17] /home/travis/build/icyphy/ptII/ptolemy/domains/de/test/auto/DateDemo.xml (RunModel)" time="0.027" />
  <testcase classname="ptolemy.util.test.junit.AutoTests" name="[18] /home/travis/build/icyphy/ptII/ptolemy/domains/de/test/auto/DateToEvent.xml (RunModel)" time="2.031" />
  <testcase classname="ptolemy.util.test.junit.AutoTests" name="[19] /home/travis/build/icyphy/ptII/ptolemy/domains/de/test/auto/DepthTest1.xml (RunModel)" time="0.011" />
  <testcase classname="ptolemy.util.test.junit.AutoTests" name="[20] /home/travis/build/icyphy/ptII/ptolemy/domains/de/test/auto/DepthTest2.xml (RunModel)" time="0.021" />
  <testcase classname="ptolemy.util.test.junit.AutoTests" name="[21] /home/travis/build/icyphy/ptII/ptolemy/domains/de/test/auto/DepthTest3.xml (RunModel)" time="0.012" />
  <testcase classname="ptolemy.util.test.junit.AutoTests" name="[22] /home/travis/build/icyphy/ptII/ptolemy/domains/de/test/auto/DepthTest4.xml (RunModel)" time="0.03" />
  <testcase classname="ptolemy.util.test.junit.AutoTests" name="[23] /home/travis/build/icyphy/ptII/ptolemy/domains/de/test/auto/DepthTest5.xml (RunModel)" time="0.016" />
  <testcase classname="ptolemy.util.test.junit.AutoTests" name="[24] /home/travis/build/icyphy/ptII/ptolemy/domains/de/test/auto/DepthTest6.xml (RunModel)" time="0.014" />
  <testcase classname="ptolemy.util.test.junit.AutoTests" name="[25] /home/travis/build/icyphy/ptII/ptolemy/domains/de/test/auto/DepthTest7.xml (RunModel)" time="0.017" />
  <testcase classname="ptolemy.util.test.junit.AutoTests" name="[26] /home/travis/build/icyphy/ptII/ptolemy/domains/de/test/auto/EventToDate.xml (RunModel)" time="3.05" />
  <testcase classname="ptolemy.util.test.junit.AutoTests" name="[27] /home/travis/build/icyphy/ptII/ptolemy/domains/de/test/auto/FSM1.xml (RunModel)" time="0.052" />
  <testcase classname="ptolemy.util.test.junit.AutoTests" name="[28] /home/travis/build/icyphy/ptII/ptolemy/domains/de/test/auto/FSM7.xml (RunModel)" time="0.052" />
  <testcase classname="ptolemy.util.test.junit.AutoTests" name="[29] /home/travis/build/icyphy/ptII/ptolemy/domains/de/test/auto/Inspection.xml (RunModel)" time="0.045" />
  <testcase classname="ptolemy.util.test.junit.AutoTests" name="[30] /home/travis/build/icyphy/ptII/ptolemy/domains/de/test/auto/Iteration.xml (RunModel)" time="0.028" />
  <testcase classname="ptolemy.util.test.junit.AutoTests" name="[31] /home/travis/build/icyphy/ptII/ptolemy/domains/de/test/auto/LineFault.xml (RunModel)" time="0.663" />
  <testcase classname="ptolemy.util.test.junit.AutoTests" name="[32] /home/travis/build/icyphy/ptII/ptolemy/domains/de/test/auto/MergeModel1Add.xml (RunModel)" time="0.043" />
  <testcase classname="ptolemy.util.test.junit.AutoTests" name="[33] /home/travis/build/icyphy/ptII/ptolemy/domains/de/test/auto/MergeModel2Add.xml (RunModel)" time="0.034" />
  <testcase classname="ptolemy.util.test.junit.AutoTests" name="[34] /home/travis/build/icyphy/ptII/ptolemy/domains/de/test/auto/MergeModel3Add.xml (RunModel)" time="0.048" />
  <testcase classname="ptolemy.util.test.junit.AutoTests" name="[35] /home/travis/build/icyphy/ptII/ptolemy/domains/de/test/auto/MergeWithoutDiscard.xml (RunModel)" time="0.013" />
  <testcase classname="ptolemy.util.test.junit.AutoTests" name="[36] /home/travis/build/icyphy/ptII/ptolemy/domains/de/test/auto/Modal1.xml (RunModel)" time="0.042" />
  <testcase classname="ptolemy.util.test.junit.AutoTests" name="[37] /home/travis/build/icyphy/ptII/ptolemy/domains/de/test/auto/Modal2.xml (RunModel)" time="0.037" />
  <testcase classname="ptolemy.util.test.junit.AutoTests" name="[38] /home/travis/build/icyphy/ptII/ptolemy/domains/de/test/auto/Modal3.xml (RunModel)" time="0.027" />
  <testcase classname="ptolemy.util.test.junit.AutoTests" name="[39] /home/travis/build/icyphy/ptII/ptolemy/domains/de/test/auto/Modal4.xml (RunModel)" time="0.035" />
  <testcase classname="ptolemy.util.test.junit.AutoTests" name="[40] /home/travis/build/icyphy/ptII/ptolemy/domains/de/test/auto/Modal5.xml (RunModel)" time="0.033" />
  <testcase classname="ptolemy.util.test.junit.AutoTests" name="[41] /home/travis/build/icyphy/ptII/ptolemy/domains/de/test/auto/Modal6.xml (RunModel)" time="0.037" />
  <testcase classname="ptolemy.util.test.junit.AutoTests" name="[42] /home/travis/build/icyphy/ptII/ptolemy/domains/de/test/auto/Modal7.xml (RunModel)" time="0.036" />
  <testcase classname="ptolemy.util.test.junit.AutoTests" name="[43] /home/travis/build/icyphy/ptII/ptolemy/domains/de/test/auto/ModalModel.xml (RunModel)" time="0.167" />
  <testcase classname="ptolemy.util.test.junit.AutoTests" name="[44] /home/travis/build/icyphy/ptII/ptolemy/domains/de/test/auto/ModalSource.xml (RunModel)" time="0.021" />
  <testcase classname="ptolemy.util.test.junit.AutoTests" name="[45] /home/travis/build/icyphy/ptII/ptolemy/domains/de/test/auto/NonInterruptibleTimerZeroDelay.xml (RunModel)" time="0.009" />
  <testcase classname="ptolemy.util.test.junit.AutoTests" name="[46] /home/travis/build/icyphy/ptII/ptolemy/domains/de/test/auto/OpenQueueingNetwork.xml (RunModel)" time="2.417" />
  <testcase classname="ptolemy.util.test.junit.AutoTests" name="[47] /home/travis/build/icyphy/ptII/ptolemy/domains/de/test/auto/OpenQueuingNetwork.xml (RunModel)" time="0.301" />
  <testcase classname="ptolemy.util.test.junit.AutoTests" name="[48] /home/travis/build/icyphy/ptII/ptolemy/domains/de/test/auto/PeriodicSampler.xml (RunModel)" time="0.008" />
  <testcase classname="ptolemy.util.test.junit.AutoTests" name="[49] /home/travis/build/icyphy/ptII/ptolemy/domains/de/test/auto/PersistentIO.xml (RunModel)" time="0.021" />
  <testcase classname="ptolemy.util.test.junit.AutoTests" name="[50] /home/travis/build/icyphy/ptII/ptolemy/domains/de/test/auto/PortParameterResetOnInitialize.xml (RunModel)" time="0.016" />
  <testcase classname="ptolemy.util.test.junit.AutoTests" name="[51] /home/travis/build/icyphy/ptII/ptolemy/domains/de/test/auto/PortParameterUpdates.xml (RunModel)" time="0.016" />
  <testcase classname="ptolemy.util.test.junit.AutoTests" name="[52] /home/travis/build/icyphy/ptII/ptolemy/domains/de/test/auto/QueueAndServer.xml (RunModel)" time="0.022" />
  <testcase classname="ptolemy.util.test.junit.AutoTests" name="[53] /home/travis/build/icyphy/ptII/ptolemy/domains/de/test/auto/Records.xml (RunModel)" time="0.016" />
  <testcase classname="ptolemy.util.test.junit.AutoTests" name="[54] /home/travis/build/icyphy/ptII/ptolemy/domains/de/test/auto/ResetTransitionWithStartTime1.xml (RunModel)" time="0.023" />
  <testcase classname="ptolemy.util.test.junit.AutoTests" name="[55] /home/travis/build/icyphy/ptII/ptolemy/domains/de/test/auto/ResetTransitionWithStartTime2.xml (RunModel)" time="0.021" />
  <testcase classname="ptolemy.util.test.junit.AutoTests" name="[56] /home/travis/build/icyphy/ptII/ptolemy/domains/de/test/auto/ResetTransitionWithStartTime3.xml (RunModel)" time="0.019" />
  <testcase classname="ptolemy.util.test.junit.AutoTests" name="[57] /home/travis/build/icyphy/ptII/ptolemy/domains/de/test/auto/ResetTransitionWithStartTime4.xml (RunModel)" time="0.018" />
  <testcase classname="ptolemy.util.test.junit.AutoTests" name="[58] /home/travis/build/icyphy/ptII/ptolemy/domains/de/test/auto/ResettableTimer1.xml (RunModel)" time="0.011" />
  <testcase classname="ptolemy.util.test.junit.AutoTests" name="[59] /home/travis/build/icyphy/ptII/ptolemy/domains/de/test/auto/ResettableTimer2.xml (RunModel)" time="0.012" />
  <testcase classname="ptolemy.util.test.junit.AutoTests" name="[60] /home/travis/build/icyphy/ptII/ptolemy/domains/de/test/auto/ResettableTimer3.xml (RunModel)" time="0.01" />
  <testcase classname="ptolemy.util.test.junit.AutoTests" name="[61] /home/travis/build/icyphy/ptII/ptolemy/domains/de/test/auto/ResettableTimer4.xml (RunModel)" time="0.013" />
  <testcase classname="ptolemy.util.test.junit.AutoTests" name="[62] /home/travis/build/icyphy/ptII/ptolemy/domains/de/test/auto/ResettableTimer5.xml (RunModel)" time="0.011" />
  <testcase classname="ptolemy.util.test.junit.AutoTests" name="[63] /home/travis/build/icyphy/ptII/ptolemy/domains/de/test/auto/ResettableTimer6.xml (RunModel)" time="0.019" />
  <testcase classname="ptolemy.util.test.junit.AutoTests" name="[64] /home/travis/build/icyphy/ptII/ptolemy/domains/de/test/auto/ServerZeroDelay.xml (RunModel)" time="0.011" />
  <testcase classname="ptolemy.util.test.junit.AutoTests" name="[65] /home/travis/build/icyphy/ptII/ptolemy/domains/de/test/auto/SmartSender.xml (RunModel)" time="3.008" />
  <testcase classname="ptolemy.util.test.junit.AutoTests" name="[66] /home/travis/build/icyphy/ptII/ptolemy/domains/de/test/auto/ThreadedComposite.xml (RunModel)" time="0.173" />
  <testcase classname="ptolemy.util.test.junit.AutoTests" name="[67] /home/travis/build/icyphy/ptII/ptolemy/domains/de/test/auto/Time.xml (RunModel)" time="0.425" />
  <testcase classname="ptolemy.util.test.junit.AutoTests" name="[68] /home/travis/build/icyphy/ptII/ptolemy/domains/de/test/auto/TimeDelayZeroDelay.xml (RunModel)" time="0.01" />
  <testcase classname="ptolemy.util.test.junit.AutoTests" name="[69] /home/travis/build/icyphy/ptII/ptolemy/domains/de/test/auto/TimerZeroDelay.xml (RunModel)" time="0.019" />
  <testcase classname="ptolemy.util.test.junit.AutoTests" name="[70] /home/travis/build/icyphy/ptII/ptolemy/domains/de/test/auto/TimingParadox.xml (RunModel)" time="0.403" />
  <testcase classname="ptolemy.util.test.junit.AutoTests" name="[71] /home/travis/build/icyphy/ptII/ptolemy/domains/de/test/auto/TransferInputs.xml (RunModel)" time="0.017" />
  <testcase classname="ptolemy.util.test.junit.AutoTests" name="[72] /home/travis/build/icyphy/ptII/ptolemy/domains/de/test/auto/TransferOutputs2.xml (RunModel)" time="0.018" />
  <testcase classname="ptolemy.util.test.junit.AutoTests" name="[73] /home/travis/build/icyphy/ptII/ptolemy/domains/de/test/auto/Trilateration.xml (RunModel)" time="13.125" />
  <testcase classname="ptolemy.util.test.junit.AutoTests" name="[74] /home/travis/build/icyphy/ptII/ptolemy/domains/de/test/auto/TwoSigmaDelta.xml (RunModel)" time="2.292" />
  <testcase classname="ptolemy.util.test.junit.AutoTests" name="[75] /home/travis/build/icyphy/ptII/ptolemy/domains/de/test/auto/VariableDelay.xml (RunModel)" time="0.015" />
  <testcase classname="ptolemy.util.test.junit.AutoTests" name="[76] /home/travis/build/icyphy/ptII/ptolemy/domains/de/test/auto/VariableDelay2.xml (RunModel)" time="0.008" />
  <testcase classname="ptolemy.util.test.junit.AutoTests" name="[77] /home/travis/build/icyphy/ptII/ptolemy/domains/de/test/auto/VariableDelayZeroDelay.xml (RunModel)" time="0.013" />
  <testcase classname="ptolemy.util.test.junit.AutoTests" name="[78] /home/travis/build/icyphy/ptII/ptolemy/domains/de/test/auto/VariableDelayZeroDelay2.xml (RunModel)" time="0.01" />
  <testcase classname="ptolemy.util.test.junit.AutoTests" name="[79] /home/travis/build/icyphy/ptII/ptolemy/domains/de/test/auto/deInCt.xml (RunModel)" time="0.026" />
  <testcase classname="ptolemy.util.test.junit.AutoTests" name="[80] /home/travis/build/icyphy/ptII/ptolemy/domains/de/test/auto/deInCt2.xml (RunModel)" time="0.017" />
  <testcase classname="ptolemy.util.test.junit.AutoTests" name="[81] /home/travis/build/icyphy/ptII/ptolemy/domains/de/test/auto/dynamicCausalityInterface1.xml (RunModel)" time="0.017" />
  <testcase classname="ptolemy.util.test.junit.AutoTests" name="[82] /home/travis/build/icyphy/ptII/ptolemy/domains/de/test/auto/fsm_de_test.xml (RunModel)" time="0.027" />
  <testcase classname="ptolemy.util.test.junit.AutoTests" name="[83] /home/travis/build/icyphy/ptII/ptolemy/domains/de/test/auto/functionDependencyReconstruction.xml (RunModel)" time="0.049" />
  <testcase classname="ptolemy.util.test.junit.AutoTests" name="[84] /home/travis/build/icyphy/ptII/ptolemy/domains/de/test/auto/multirate.xml (RunModel)" time="0.015" />
  <testcase classname="ptolemy.util.test.junit.AutoTests" name="[85] /home/travis/build/icyphy/ptII/ptolemy/domains/de/test/auto/multirate2.xml (RunModel)" time="0.017" />
  <testcase classname="ptolemy.util.test.junit.AutoTests" name="[86] /home/travis/build/icyphy/ptII/ptolemy/domains/de/test/auto/realtime.xml (RunModel)" time="10.011" />
  <testcase classname="ptolemy.util.test.junit.AutoTests" name="[87] /home/travis/build/icyphy/ptII/ptolemy/domains/de/test/auto/relationGroup.xml (RunModel)" time="0.009" />
  <testcase classname="ptolemy.util.test.junit.AutoTests" name="[88] /home/travis/build/icyphy/ptII/ptolemy/domains/de/test/auto/relationGroup2.xml (RunModel)" time="0.013" />
  <testcase classname="ptolemy.util.test.junit.AutoTests" name="[89] /home/travis/build/icyphy/ptII/ptolemy/domains/de/test/auto/sortWithOpaquePorts.xml (RunModel)" time="0.014" />
  <testcase classname="ptolemy.util.test.junit.AutoTests" name="[90] /home/travis/build/icyphy/ptII/ptolemy/domains/de/test/auto/transferInputsandOutputs.xml (RunModel)" time="0.025" />
  <testcase classname="ptolemy.util.test.junit.AutoTests" name="[91] /home/travis/build/icyphy/ptII/ptolemy/domains/de/test/auto/triggerType.xml (RunModel)" time="0.007" />
  <system-out><![CDATA[/home/travis/build/icyphy/ptII/ptolemy/domains/de/test/DependencyLoop.tcl
testDefs.tcl: setting time out to 9000 seconds at Fri Jul 05 04:43:41 UTC 2019
57 ms. Memory: 120832K Free: 99423K (82%)
15 ms. Memory: 160768K Free: 143362K (89%)
/home/travis/build/icyphy/ptII/ptolemy/domains/de/test/RunDETestsAsQSS.tcl
Run the DE tests using ptolemy.domains.qss.test.QSSDirectorTest, which extends QSSDirector and prints a message in the constructors.
------------------ testing $PTII/ptolemy/domains/de/test/auto/knownFailedTests/DirectFeedback.xml (Known Failure) 
63 ms. Memory: 160768K Free: 138296K (86%)


==== $PTIIhome/travis/build/icyphy/ptII/ptolemy/domains/de/test/../../../../: Auto Automatic test in file $PTII/ptolemy/domains/de/test/auto/knownFailedTests/DirectFeedback.xml
==== Contents of test case:

	    # FIXME: we should use $relativeFilename here, but it
	    # might have backslashes under Windows, which causes no end
	    # of trouble.
	    createAndExecute $file
	    list {}
	
.... Test generated KNOWN error:
    while executing
ptolemy.kernel.util.IllegalActionException: Test fails in iteration 1.
Value was: 1.0. Should have been: 2.0
  in .DirectFeedback.Test
	at ptolemy.actor.lib.Test.fire(Test.java:268)
	at ptolemy.domains.de.kernel.DEDirector._fire(DEDirector.java:1949)
	at ptolemy.domains.de.kernel.DEDirector.fire(DEDirector.java:502)
	at ptolemy.actor.CompositeActor.fire(CompositeActor.java:455)
	at ptolemy.actor.Manager.iterate(Manager.java:851)
	at ptolemy.actor.Manager.execute(Manager.java:369)
	at ptolemy.actor.Manager.run(Manager.java:1263)
	at ptolemy.actor.Manager$PtolemyRunThread.run(Manager.java:1915)

    while executing
ptolemy.kernel.util.IllegalActionException: Test fails in iteration 1.
Value was: 1.0. Should have been: 2.0
  in .DirectFeedback.Test
    while executing
"java::new ptolemy.moml.MoMLSimpleApplication $file
"
    (procedure "createAndExecute" line 2)
    invoked from within
"createAndExecute $file"
    ("uplevel" body line 5)
    invoked from within
"uplevel $contents_of_test"
------------------ testing $PTII/ptolemy/domains/de/test/auto/knownFailedTests/dependencyLoop.xml (Known Failure) 
25 ms. Memory: 160768K Free: 135216K (84%)


==== $PTIIhome/travis/build/icyphy/ptII/ptolemy/domains/de/test/../../../../: Auto Automatic test in file $PTII/ptolemy/domains/de/test/auto/knownFailedTests/dependencyLoop.xml
==== Contents of test case:

	    # FIXME: we should use $relativeFilename here, but it
	    # might have backslashes under Windows, which causes no end
	    # of trouble.
	    createAndExecute $file
	    list {}
	
.... Test generated KNOWN error:
    while executing
ptolemy.kernel.util.IllegalActionException: Found a zero delay loop containing .dependencyLoop.original
  in .dependencyLoop and .dependencyLoop.original
	at ptolemy.actor.util.CausalityInterfaceForComposites._computeOutputPortDepth(CausalityInterfaceForComposites.java:759)
	at ptolemy.actor.util.CausalityInterfaceForComposites._computeInputDepth(CausalityInterfaceForComposites.java:696)
	at ptolemy.actor.util.CausalityInterfaceForComposites._computeOutputPortDepth(CausalityInterfaceForComposites.java:765)
	at ptolemy.actor.util.CausalityInterfaceForComposites._computeInputDepth(CausalityInterfaceForComposites.java:696)
	at ptolemy.actor.util.CausalityInterfaceForComposites._computeOutputPortDepth(CausalityInterfaceForComposites.java:765)
	at ptolemy.actor.util.CausalityInterfaceForComposites._computeInputDepth(CausalityInterfaceForComposites.java:696)
	at ptolemy.actor.util.CausalityInterfaceForComposites._computeActorDepth(CausalityInterfaceForComposites.java:532)
	at ptolemy.actor.util.CausalityInterfaceForComposites.checkForCycles(CausalityInterfaceForComposites.java:96)
	at ptolemy.domains.de.kernel.DEDirector.preinitialize(DEDirector.java:1338)
	at ptolemy.actor.CompositeActor.preinitialize(CompositeActor.java:1828)
	at ptolemy.actor.Manager.preinitializeAndResolveTypes(Manager.java:1040)
	at ptolemy.actor.Manager.initialize(Manager.java:710)
	at ptolemy.actor.Manager.execute(Manager.java:356)
	at ptolemy.actor.Manager.run(Manager.java:1263)
	at ptolemy.actor.Manager$PtolemyRunThread.run(Manager.java:1915)

    while executing
ptolemy.kernel.util.IllegalActionException: Found a zero delay loop containing .dependencyLoop.original
  in .dependencyLoop and .dependencyLoop.original
    while executing
"java::new ptolemy.moml.MoMLSimpleApplication $file
"
    (procedure "createAndExecute" line 2)
    invoked from within
"createAndExecute $file"
    ("uplevel" body line 5)
    invoked from within
"uplevel $contents_of_test"
------------------ testing $PTII/ptolemy/domains/de/test/auto/knownFailedTests/FSMSource.xml (Known Failure) 
46 ms. Memory: 160768K Free: 126397K (79%)
!!!! Auto was marked as failing, but now passes
------------------ testing $PTII/ptolemy/domains/de/test/auto/knownFailedTests/HierarchicalModel.xml (Known Failure) 
6 ms. Memory: 160768K Free: 140701K (88%)


==== $PTIIhome/travis/build/icyphy/ptII/ptolemy/domains/de/test/../../../../: Auto Automatic test in file $PTII/ptolemy/domains/de/test/auto/knownFailedTests/HierarchicalModel.xml
==== Contents of test case:

	    # FIXME: we should use $relativeFilename here, but it
	    # might have backslashes under Windows, which causes no end
	    # of trouble.
	    createAndExecute $file
	    list {}
	
.... Test generated KNOWN error:
    while executing
ptolemy.kernel.util.IllegalActionException: Found a zero delay loop containing .HierarchicalModel.A
  in .HierarchicalModel and .HierarchicalModel.A
	at ptolemy.actor.util.CausalityInterfaceForComposites._computeOutputPortDepth(CausalityInterfaceForComposites.java:759)
	at ptolemy.actor.util.CausalityInterfaceForComposites._computeInputDepth(CausalityInterfaceForComposites.java:696)
	at ptolemy.actor.util.CausalityInterfaceForComposites._computeOutputPortDepth(CausalityInterfaceForComposites.java:765)
	at ptolemy.actor.util.CausalityInterfaceForComposites._computeInputDepth(CausalityInterfaceForComposites.java:696)
	at ptolemy.actor.util.CausalityInterfaceForComposites._computeOutputPortDepth(CausalityInterfaceForComposites.java:765)
	at ptolemy.actor.util.CausalityInterfaceForComposites._computeInputDepth(CausalityInterfaceForComposites.java:696)
	at ptolemy.actor.util.CausalityInterfaceForComposites._computeActorDepth(CausalityInterfaceForComposites.java:532)
	at ptolemy.actor.util.CausalityInterfaceForComposites.checkForCycles(CausalityInterfaceForComposites.java:96)
	at ptolemy.domains.de.kernel.DEDirector.preinitialize(DEDirector.java:1338)
	at ptolemy.actor.CompositeActor.preinitialize(CompositeActor.java:1828)
	at ptolemy.actor.Manager.preinitializeAndResolveTypes(Manager.java:1040)
	at ptolemy.actor.Manager.initialize(Manager.java:710)
	at ptolemy.actor.Manager.execute(Manager.java:356)
	at ptolemy.actor.Manager.run(Manager.java:1263)
	at ptolemy.actor.Manager$PtolemyRunThread.run(Manager.java:1915)

    while executing
ptolemy.kernel.util.IllegalActionException: Found a zero delay loop containing .HierarchicalModel.A
  in .HierarchicalModel and .HierarchicalModel.A
    while executing
"java::new ptolemy.moml.MoMLSimpleApplication $file
"
    (procedure "createAndExecute" line 2)
    invoked from within
"createAndExecute $file"
    ("uplevel" body line 5)
    invoked from within
"uplevel $contents_of_test"
------------------ testing $PTII/ptolemy/domains/de/test/auto/knownFailedTests/dependencyLoop2.xml (Known Failure) 
14 ms. Memory: 160768K Free: 123821K (77%)


==== $PTIIhome/travis/build/icyphy/ptII/ptolemy/domains/de/test/../../../../: Auto Automatic test in file $PTII/ptolemy/domains/de/test/auto/knownFailedTests/dependencyLoop2.xml
==== Contents of test case:

	    # FIXME: we should use $relativeFilename here, but it
	    # might have backslashes under Windows, which causes no end
	    # of trouble.
	    createAndExecute $file
	    list {}
	
.... Test generated KNOWN error:
    while executing
ptolemy.kernel.util.IllegalActionException: Found a zero delay loop containing .dependencyLoop2.original
  in .dependencyLoop2 and .dependencyLoop2.original
	at ptolemy.actor.util.CausalityInterfaceForComposites._computeOutputPortDepth(CausalityInterfaceForComposites.java:759)
	at ptolemy.actor.util.CausalityInterfaceForComposites._computeInputDepth(CausalityInterfaceForComposites.java:696)
	at ptolemy.actor.util.CausalityInterfaceForComposites._computeOutputPortDepth(CausalityInterfaceForComposites.java:765)
	at ptolemy.actor.util.CausalityInterfaceForComposites._computeInputDepth(CausalityInterfaceForComposites.java:696)
	at ptolemy.actor.util.CausalityInterfaceForComposites._computeOutputPortDepth(CausalityInterfaceForComposites.java:765)
	at ptolemy.actor.util.CausalityInterfaceForComposites._computeInputDepth(CausalityInterfaceForComposites.java:696)
	at ptolemy.actor.util.CausalityInterfaceForComposites._computeActorDepth(CausalityInterfaceForComposites.java:532)
	at ptolemy.actor.util.CausalityInterfaceForComposites.checkForCycles(CausalityInterfaceForComposites.java:96)
	at ptolemy.domains.de.kernel.DEDirector.preinitialize(DEDirector.java:1338)
	at ptolemy.actor.CompositeActor.preinitialize(CompositeActor.java:1828)
	at ptolemy.actor.Manager.preinitializeAndResolveTypes(Manager.java:1040)
	at ptolemy.actor.Manager.initialize(Manager.java:710)
	at ptolemy.actor.Manager.execute(Manager.java:356)
	at ptolemy.actor.Manager.run(Manager.java:1263)
	at ptolemy.actor.Manager$PtolemyRunThread.run(Manager.java:1915)

    while executing
ptolemy.kernel.util.IllegalActionException: Found a zero delay loop containing .dependencyLoop2.original
  in .dependencyLoop2 and .dependencyLoop2.original
    while executing
"java::new ptolemy.moml.MoMLSimpleApplication $file
"
    (procedure "createAndExecute" line 2)
    invoked from within
"createAndExecute $file"
    ("uplevel" body line 5)
    invoked from within
"uplevel $contents_of_test"
------------------ testing $PTII/ptolemy/domains/de/test/auto/knownFailedTests/DESDFClockTest.xml (Known Failure) 
2069 ms. Memory: 160768K Free: 111533K (69%)


==== $PTIIhome/travis/build/icyphy/ptII/ptolemy/domains/de/test/../../../../: Auto Automatic test in file $PTII/ptolemy/domains/de/test/auto/knownFailedTests/DESDFClockTest.xml
==== Contents of test case:

	    # FIXME: we should use $relativeFilename here, but it
	    # might have backslashes under Windows, which causes no end
	    # of trouble.
	    createAndExecute $file
	    list {}
	
.... Test generated KNOWN error:
    while executing
ptolemy.kernel.util.IllegalActionException: Actor is not ready to fire.  Perhaps UpSample.prefire() returned false? Try debugging the actor by selecting "Listen to Actor".  Also, for SDF check moml for tokenConsumptionRate on input.
  in .DESDFClockTest.Play Bell.Copy1:SDF Director and .DESDFClockTest.Play Bell.UpSample
	at ptolemy.actor.sched.StaticSchedulingDirector.fire(StaticSchedulingDirector.java:227)
	at ptolemy.domains.sdf.kernel.SDFDirector.fire(SDFDirector.java:500)
	at ptolemy.actor.CompositeActor.fire(CompositeActor.java:455)
	at ptolemy.domains.de.kernel.DEDirector._fire(DEDirector.java:1949)
	at ptolemy.domains.de.kernel.DEDirector.fire(DEDirector.java:502)
	at ptolemy.actor.CompositeActor.fire(CompositeActor.java:455)
	at ptolemy.actor.Manager.iterate(Manager.java:851)
	at ptolemy.actor.Manager.execute(Manager.java:369)
	at ptolemy.actor.Manager.run(Manager.java:1263)
	at ptolemy.actor.Manager$PtolemyRunThread.run(Manager.java:1915)

    while executing
ptolemy.kernel.util.IllegalActionException: Actor is not ready to fire.  Perhaps UpSample.prefire() returned false? Try debugging the actor by selecting "Listen to Actor".  Also, for SDF check moml for tokenConsumptionRate on input.
  in .DESDFClockTest.Play Bell.Copy1:SDF Director and .DESDFClockTest.Play Bell.UpSample
    while executing
"java::new ptolemy.moml.MoMLSimpleApplication $file
"
    (procedure "createAndExecute" line 2)
    invoked from within
"createAndExecute $file"
    ("uplevel" body line 5)
    invoked from within
"uplevel $contents_of_test"
------------------ testing $PTII/ptolemy/domains/de/test/auto/ActorDepthCalculation_actorWithoutPorts.xml
auto.tcl: Setting watchdog for 200 seconds at Fri Jul 05 04:43:45 UTC 2019
5 ms. Memory: 160768K Free: 104365K (65%)
ptolemy.util.test.WatchDog.cancel(): canceling Fri Jul 05 04:43:45 UTC 2019
auto.tcl: Setting watchdog for 200 seconds at Fri Jul 05 04:43:45 UTC 2019
16 ms. Memory: 160768K Free: 102827K (64%)
ptolemy.util.test.WatchDog.cancel(): canceling Fri Jul 05 04:43:45 UTC 2019
------------------ testing $PTII/ptolemy/domains/de/test/auto/AssemblyLine.xml
auto.tcl: Setting watchdog for 200 seconds at Fri Jul 05 04:43:46 UTC 2019
30 ms. Memory: 48128K Free: 26594K (55%)
ptolemy.util.test.WatchDog.cancel(): canceling Fri Jul 05 04:43:46 UTC 2019
auto.tcl: Setting watchdog for 200 seconds at Fri Jul 05 04:43:46 UTC 2019
7 ms. Memory: 48128K Free: 25928K (54%)
ptolemy.util.test.WatchDog.cancel(): canceling Fri Jul 05 04:43:46 UTC 2019
------------------ testing $PTII/ptolemy/domains/de/test/auto/CQBug1.xml
auto.tcl: Setting watchdog for 200 seconds at Fri Jul 05 04:43:46 UTC 2019
2 ms. Memory: 48128K Free: 32086K (67%)
ptolemy.util.test.WatchDog.cancel(): canceling Fri Jul 05 04:43:46 UTC 2019
auto.tcl: Setting watchdog for 200 seconds at Fri Jul 05 04:43:46 UTC 2019
3 ms. Memory: 48128K Free: 31759K (66%)
ptolemy.util.test.WatchDog.cancel(): canceling Fri Jul 05 04:43:46 UTC 2019
------------------ testing $PTII/ptolemy/domains/de/test/auto/CancelFireAt.xml
auto.tcl: Setting watchdog for 200 seconds at Fri Jul 05 04:43:46 UTC 2019
3 ms. Memory: 48128K Free: 33072K (69%)
ptolemy.util.test.WatchDog.cancel(): canceling Fri Jul 05 04:43:46 UTC 2019
auto.tcl: Setting watchdog for 200 seconds at Fri Jul 05 04:43:46 UTC 2019
2 ms. Memory: 48128K Free: 32729K (68%)
ptolemy.util.test.WatchDog.cancel(): canceling Fri Jul 05 04:43:46 UTC 2019
------------------ testing $PTII/ptolemy/domains/de/test/auto/CausalityAndComposabilityAnalysis.xml
auto.tcl: Setting watchdog for 200 seconds at Fri Jul 05 04:43:46 UTC 2019
6 ms. Memory: 48128K Free: 31041K (64%)
ptolemy.util.test.WatchDog.cancel(): canceling Fri Jul 05 04:43:46 UTC 2019
auto.tcl: Setting watchdog for 200 seconds at Fri Jul 05 04:43:46 UTC 2019
5 ms. Memory: 48128K Free: 30706K (64%)
ptolemy.util.test.WatchDog.cancel(): canceling Fri Jul 05 04:43:46 UTC 2019
------------------ testing $PTII/ptolemy/domains/de/test/auto/CausalityInterface1.xml
auto.tcl: Setting watchdog for 200 seconds at Fri Jul 05 04:43:46 UTC 2019
31 ms. Memory: 45056K Free: 26700K (59%)
ptolemy.util.test.WatchDog.cancel(): canceling Fri Jul 05 04:43:46 UTC 2019
auto.tcl: Setting watchdog for 200 seconds at Fri Jul 05 04:43:46 UTC 2019
10 ms. Memory: 45056K Free: 25679K (57%)
ptolemy.util.test.WatchDog.cancel(): canceling Fri Jul 05 04:43:46 UTC 2019
------------------ testing $PTII/ptolemy/domains/de/test/auto/CausalityInterface15.xml
auto.tcl: Setting watchdog for 200 seconds at Fri Jul 05 04:43:46 UTC 2019
11 ms. Memory: 45056K Free: 27088K (60%)
ptolemy.util.test.WatchDog.cancel(): canceling Fri Jul 05 04:43:46 UTC 2019
auto.tcl: Setting watchdog for 200 seconds at Fri Jul 05 04:43:46 UTC 2019
4 ms. Memory: 45056K Free: 25932K (58%)
ptolemy.util.test.WatchDog.cancel(): canceling Fri Jul 05 04:43:46 UTC 2019
------------------ testing $PTII/ptolemy/domains/de/test/auto/CausalityInterface2.xml
auto.tcl: Setting watchdog for 200 seconds at Fri Jul 05 04:43:46 UTC 2019
7 ms. Memory: 45056K Free: 27513K (61%)
ptolemy.util.test.WatchDog.cancel(): canceling Fri Jul 05 04:43:46 UTC 2019
auto.tcl: Setting watchdog for 200 seconds at Fri Jul 05 04:43:46 UTC 2019
4 ms. Memory: 45056K Free: 26866K (60%)
ptolemy.util.test.WatchDog.cancel(): canceling Fri Jul 05 04:43:46 UTC 2019
------------------ testing $PTII/ptolemy/domains/de/test/auto/CausalityInterface3.xml
auto.tcl: Setting watchdog for 200 seconds at Fri Jul 05 04:43:46 UTC 2019
8 ms. Memory: 45056K Free: 27364K (61%)
ptolemy.util.test.WatchDog.cancel(): canceling Fri Jul 05 04:43:46 UTC 2019
auto.tcl: Setting watchdog for 200 seconds at Fri Jul 05 04:43:46 UTC 2019
3 ms. Memory: 45056K Free: 26520K (59%)
ptolemy.util.test.WatchDog.cancel(): canceling Fri Jul 05 04:43:46 UTC 2019
------------------ testing $PTII/ptolemy/domains/de/test/auto/ClockDrift.xml
auto.tcl: Setting watchdog for 200 seconds at Fri Jul 05 04:43:47 UTC 2019
92 ms. Memory: 45056K Free: 19601K (44%)
ptolemy.util.test.WatchDog.cancel(): canceling Fri Jul 05 04:43:47 UTC 2019
auto.tcl: Setting watchdog for 200 seconds at Fri Jul 05 04:43:47 UTC 2019
51 ms. Memory: 45056K Free: 16608K (37%)
ptolemy.util.test.WatchDog.cancel(): canceling Fri Jul 05 04:43:47 UTC 2019
------------------ testing $PTII/ptolemy/domains/de/test/auto/ClockDriftAndValueChange.xml
auto.tcl: Setting watchdog for 200 seconds at Fri Jul 05 04:43:47 UTC 2019
46 ms. Memory: 45056K Free: 20082K (45%)
ptolemy.util.test.WatchDog.cancel(): canceling Fri Jul 05 04:43:47 UTC 2019
auto.tcl: Setting watchdog for 200 seconds at Fri Jul 05 04:43:47 UTC 2019
31 ms. Memory: 45056K Free: 17176K (38%)
ptolemy.util.test.WatchDog.cancel(): canceling Fri Jul 05 04:43:47 UTC 2019
------------------ testing $PTII/ptolemy/domains/de/test/auto/ClockDriftChange.xml
auto.tcl: Setting watchdog for 200 seconds at Fri Jul 05 04:43:47 UTC 2019
23 ms. Memory: 45056K Free: 21686K (48%)
ptolemy.util.test.WatchDog.cancel(): canceling Fri Jul 05 04:43:47 UTC 2019
auto.tcl: Setting watchdog for 200 seconds at Fri Jul 05 04:43:47 UTC 2019
35 ms. Memory: 45056K Free: 18917K (42%)
ptolemy.util.test.WatchDog.cancel(): canceling Fri Jul 05 04:43:47 UTC 2019
------------------ testing $PTII/ptolemy/domains/de/test/auto/ComposableCausalityAnalysis.xml
auto.tcl: Setting watchdog for 200 seconds at Fri Jul 05 04:43:47 UTC 2019
2 ms. Memory: 45056K Free: 26166K (58%)
ptolemy.util.test.WatchDog.cancel(): canceling Fri Jul 05 04:43:47 UTC 2019
auto.tcl: Setting watchdog for 200 seconds at Fri Jul 05 04:43:47 UTC 2019
2 ms. Memory: 45056K Free: 25094K (56%)
ptolemy.util.test.WatchDog.cancel(): canceling Fri Jul 05 04:43:47 UTC 2019
------------------ testing $PTII/ptolemy/domains/de/test/auto/DEFixedPointLimitation.xml
auto.tcl: Setting watchdog for 200 seconds at Fri Jul 05 04:43:47 UTC 2019
2 ms. Memory: 45056K Free: 27479K (61%)
ptolemy.util.test.WatchDog.cancel(): canceling Fri Jul 05 04:43:47 UTC 2019
auto.tcl: Setting watchdog for 200 seconds at Fri Jul 05 04:43:47 UTC 2019
1 ms. Memory: 45056K Free: 26775K (59%)
ptolemy.util.test.WatchDog.cancel(): canceling Fri Jul 05 04:43:47 UTC 2019
------------------ testing $PTII/ptolemy/domains/de/test/auto/DEScheduleTest.xml
auto.tcl: Setting watchdog for 200 seconds at Fri Jul 05 04:43:47 UTC 2019
4 ms. Memory: 45056K Free: 27952K (62%)
ptolemy.util.test.WatchDog.cancel(): canceling Fri Jul 05 04:43:47 UTC 2019
auto.tcl: Setting watchdog for 200 seconds at Fri Jul 05 04:43:47 UTC 2019
3 ms. Memory: 45056K Free: 27155K (60%)
ptolemy.util.test.WatchDog.cancel(): canceling Fri Jul 05 04:43:47 UTC 2019
------------------ testing $PTII/ptolemy/domains/de/test/auto/DEinDEwithStartTimes.xml
auto.tcl: Setting watchdog for 200 seconds at Fri Jul 05 04:43:47 UTC 2019
7 ms. Memory: 45056K Free: 26231K (58%)
ptolemy.util.test.WatchDog.cancel(): canceling Fri Jul 05 04:43:47 UTC 2019
auto.tcl: Setting watchdog for 200 seconds at Fri Jul 05 04:43:47 UTC 2019
7 ms. Memory: 45056K Free: 25120K (56%)
ptolemy.util.test.WatchDog.cancel(): canceling Fri Jul 05 04:43:47 UTC 2019
------------------ testing $PTII/ptolemy/domains/de/test/auto/DEinDEwithStartTimes2.xml
auto.tcl: Setting watchdog for 200 seconds at Fri Jul 05 04:43:47 UTC 2019
4 ms. Memory: 45056K Free: 25656K (57%)
ptolemy.util.test.WatchDog.cancel(): canceling Fri Jul 05 04:43:47 UTC 2019
auto.tcl: Setting watchdog for 200 seconds at Fri Jul 05 04:43:47 UTC 2019
4 ms. Memory: 45056K Free: 24059K (53%)
ptolemy.util.test.WatchDog.cancel(): canceling Fri Jul 05 04:43:47 UTC 2019
------------------ testing $PTII/ptolemy/domains/de/test/auto/DateDemo.xml
auto.tcl: Setting watchdog for 200 seconds at Fri Jul 05 04:43:48 UTC 2019
19 ms. Memory: 45056K Free: 20122K (45%)
ptolemy.util.test.WatchDog.cancel(): canceling Fri Jul 05 04:43:48 UTC 2019
auto.tcl: Setting watchdog for 200 seconds at Fri Jul 05 04:43:48 UTC 2019
7 ms. Memory: 45056K Free: 18579K (41%)
ptolemy.util.test.WatchDog.cancel(): canceling Fri Jul 05 04:43:48 UTC 2019
------------------ testing $PTII/ptolemy/domains/de/test/auto/DateToEvent.xml
auto.tcl: Setting watchdog for 200 seconds at Fri Jul 05 04:43:48 UTC 2019
2017 ms. Memory: 45056K Free: 15580K (35%)
ptolemy.util.test.WatchDog.cancel(): canceling Fri Jul 05 04:43:50 UTC 2019
auto.tcl: Setting watchdog for 200 seconds at Fri Jul 05 04:43:50 UTC 2019
2010 ms. Memory: 45056K Free: 14941K (33%)
ptolemy.util.test.WatchDog.cancel(): canceling Fri Jul 05 04:43:52 UTC 2019
------------------ testing $PTII/ptolemy/domains/de/test/auto/DepthTest1.xml
auto.tcl: Setting watchdog for 200 seconds at Fri Jul 05 04:43:52 UTC 2019
3 ms. Memory: 45056K Free: 28803K (64%)
ptolemy.util.test.WatchDog.cancel(): canceling Fri Jul 05 04:43:52 UTC 2019
auto.tcl: Setting watchdog for 200 seconds at Fri Jul 05 04:43:52 UTC 2019
2 ms. Memory: 45056K Free: 28390K (63%)
ptolemy.util.test.WatchDog.cancel(): canceling Fri Jul 05 04:43:52 UTC 2019
------------------ testing $PTII/ptolemy/domains/de/test/auto/DepthTest2.xml
auto.tcl: Setting watchdog for 200 seconds at Fri Jul 05 04:43:52 UTC 2019
4 ms. Memory: 45056K Free: 25690K (57%)
ptolemy.util.test.WatchDog.cancel(): canceling Fri Jul 05 04:43:52 UTC 2019
auto.tcl: Setting watchdog for 200 seconds at Fri Jul 05 04:43:52 UTC 2019
2 ms. Memory: 45056K Free: 25051K (56%)
ptolemy.util.test.WatchDog.cancel(): canceling Fri Jul 05 04:43:52 UTC 2019
------------------ testing $PTII/ptolemy/domains/de/test/auto/DepthTest3.xml
auto.tcl: Setting watchdog for 200 seconds at Fri Jul 05 04:43:52 UTC 2019
2 ms. Memory: 45056K Free: 29119K (65%)
ptolemy.util.test.WatchDog.cancel(): canceling Fri Jul 05 04:43:52 UTC 2019
auto.tcl: Setting watchdog for 200 seconds at Fri Jul 05 04:43:52 UTC 2019
2 ms. Memory: 45056K Free: 28728K (64%)
ptolemy.util.test.WatchDog.cancel(): canceling Fri Jul 05 04:43:52 UTC 2019
------------------ testing $PTII/ptolemy/domains/de/test/auto/DepthTest4.xml
auto.tcl: Setting watchdog for 200 seconds at Fri Jul 05 04:43:52 UTC 2019
7 ms. Memory: 45056K Free: 27487K (61%)
ptolemy.util.test.WatchDog.cancel(): canceling Fri Jul 05 04:43:52 UTC 2019
auto.tcl: Setting watchdog for 200 seconds at Fri Jul 05 04:43:52 UTC 2019
3 ms. Memory: 45056K Free: 26755K (59%)
ptolemy.util.test.WatchDog.cancel(): canceling Fri Jul 05 04:43:52 UTC 2019
------------------ testing $PTII/ptolemy/domains/de/test/auto/DepthTest5.xml
auto.tcl: Setting watchdog for 200 seconds at Fri Jul 05 04:43:52 UTC 2019
12 ms. Memory: 45056K Free: 26620K (59%)
ptolemy.util.test.WatchDog.cancel(): canceling Fri Jul 05 04:43:52 UTC 2019
auto.tcl: Setting watchdog for 200 seconds at Fri Jul 05 04:43:52 UTC 2019
2 ms. Memory: 45056K Free: 26014K (58%)
ptolemy.util.test.WatchDog.cancel(): canceling Fri Jul 05 04:43:52 UTC 2019
------------------ testing $PTII/ptolemy/domains/de/test/auto/DepthTest6.xml
auto.tcl: Setting watchdog for 200 seconds at Fri Jul 05 04:43:52 UTC 2019
4 ms. Memory: 45056K Free: 26563K (59%)
ptolemy.util.test.WatchDog.cancel(): canceling Fri Jul 05 04:43:52 UTC 2019
auto.tcl: Setting watchdog for 200 seconds at Fri Jul 05 04:43:52 UTC 2019
3 ms. Memory: 45056K Free: 25992K (58%)
ptolemy.util.test.WatchDog.cancel(): canceling Fri Jul 05 04:43:52 UTC 2019
------------------ testing $PTII/ptolemy/domains/de/test/auto/DepthTest7.xml
auto.tcl: Setting watchdog for 200 seconds at Fri Jul 05 04:43:52 UTC 2019
3 ms. Memory: 45056K Free: 27078K (60%)
ptolemy.util.test.WatchDog.cancel(): canceling Fri Jul 05 04:43:52 UTC 2019
auto.tcl: Setting watchdog for 200 seconds at Fri Jul 05 04:43:52 UTC 2019
2 ms. Memory: 45056K Free: 26377K (59%)
ptolemy.util.test.WatchDog.cancel(): canceling Fri Jul 05 04:43:52 UTC 2019
------------------ testing $PTII/ptolemy/domains/de/test/auto/EventToDate.xml
auto.tcl: Setting watchdog for 200 seconds at Fri Jul 05 04:43:52 UTC 2019
3013 ms. Memory: 45056K Free: 18286K (41%)
ptolemy.util.test.WatchDog.cancel(): canceling Fri Jul 05 04:43:55 UTC 2019
auto.tcl: Setting watchdog for 200 seconds at Fri Jul 05 04:43:55 UTC 2019
3005 ms. Memory: 45056K Free: 17505K (39%)
ptolemy.util.test.WatchDog.cancel(): canceling Fri Jul 05 04:43:58 UTC 2019
------------------ testing $PTII/ptolemy/domains/de/test/auto/FSM1.xml
auto.tcl: Setting watchdog for 200 seconds at Fri Jul 05 04:43:59 UTC 2019
36 ms. Memory: 45056K Free: 19357K (43%)
ptolemy.util.test.WatchDog.cancel(): canceling Fri Jul 05 04:43:59 UTC 2019
auto.tcl: Setting watchdog for 200 seconds at Fri Jul 05 04:43:59 UTC 2019
18 ms. Memory: 45056K Free: 16153K (36%)
ptolemy.util.test.WatchDog.cancel(): canceling Fri Jul 05 04:43:59 UTC 2019
------------------ testing $PTII/ptolemy/domains/de/test/auto/FSM7.xml
auto.tcl: Setting watchdog for 200 seconds at Fri Jul 05 04:43:59 UTC 2019
17 ms. Memory: 45056K Free: 18759K (42%)
ptolemy.util.test.WatchDog.cancel(): canceling Fri Jul 05 04:43:59 UTC 2019
auto.tcl: Setting watchdog for 200 seconds at Fri Jul 05 04:43:59 UTC 2019
19 ms. Memory: 45056K Free: 15617K (35%)
ptolemy.util.test.WatchDog.cancel(): canceling Fri Jul 05 04:43:59 UTC 2019
------------------ testing $PTII/ptolemy/domains/de/test/auto/Inspection.xml
auto.tcl: Setting watchdog for 200 seconds at Fri Jul 05 04:43:59 UTC 2019
33 ms. Memory: 45056K Free: 18774K (42%)
ptolemy.util.test.WatchDog.cancel(): canceling Fri Jul 05 04:43:59 UTC 2019
auto.tcl: Setting watchdog for 200 seconds at Fri Jul 05 04:43:59 UTC 2019
34 ms. Memory: 45056K Free: 16985K (38%)
ptolemy.util.test.WatchDog.cancel(): canceling Fri Jul 05 04:43:59 UTC 2019
------------------ testing $PTII/ptolemy/domains/de/test/auto/Iteration.xml
auto.tcl: Setting watchdog for 200 seconds at Fri Jul 05 04:43:59 UTC 2019
9 ms. Memory: 45056K Free: 24418K (54%)
ptolemy.util.test.WatchDog.cancel(): canceling Fri Jul 05 04:43:59 UTC 2019
auto.tcl: Setting watchdog for 200 seconds at Fri Jul 05 04:43:59 UTC 2019
8 ms. Memory: 45056K Free: 23409K (52%)
ptolemy.util.test.WatchDog.cancel(): canceling Fri Jul 05 04:43:59 UTC 2019
------------------ testing $PTII/ptolemy/domains/de/test/auto/LineFault.xml
auto.tcl: Setting watchdog for 200 seconds at Fri Jul 05 04:43:59 UTC 2019
778 ms. Memory: 45056K Free: 18613K (41%)
ptolemy.util.test.WatchDog.cancel(): canceling Fri Jul 05 04:44:00 UTC 2019
auto.tcl: Setting watchdog for 200 seconds at Fri Jul 05 04:44:00 UTC 2019
646 ms. Memory: 54272K Free: 32171K (59%)
ptolemy.util.test.WatchDog.cancel(): canceling Fri Jul 05 04:44:01 UTC 2019
------------------ testing $PTII/ptolemy/domains/de/test/auto/MergeModel1Add.xml
auto.tcl: Setting watchdog for 200 seconds at Fri Jul 05 04:44:01 UTC 2019
19 ms. Memory: 54272K Free: 19817K (37%)
ptolemy.util.test.WatchDog.cancel(): canceling Fri Jul 05 04:44:01 UTC 2019
auto.tcl: Setting watchdog for 200 seconds at Fri Jul 05 04:44:01 UTC 2019
12 ms. Memory: 54272K Free: 18107K (33%)
ptolemy.util.test.WatchDog.cancel(): canceling Fri Jul 05 04:44:01 UTC 2019
------------------ testing $PTII/ptolemy/domains/de/test/auto/MergeModel2Add.xml
auto.tcl: Setting watchdog for 200 seconds at Fri Jul 05 04:44:01 UTC 2019
9 ms. Memory: 51200K Free: 18773K (37%)
ptolemy.util.test.WatchDog.cancel(): canceling Fri Jul 05 04:44:01 UTC 2019
auto.tcl: Setting watchdog for 200 seconds at Fri Jul 05 04:44:01 UTC 2019
10 ms. Memory: 51200K Free: 17361K (34%)
ptolemy.util.test.WatchDog.cancel(): canceling Fri Jul 05 04:44:01 UTC 2019
------------------ testing $PTII/ptolemy/domains/de/test/auto/MergeModel3Add.xml
auto.tcl: Setting watchdog for 200 seconds at Fri Jul 05 04:44:01 UTC 2019
11 ms. Memory: 48128K Free: 15709K (33%)
ptolemy.util.test.WatchDog.cancel(): canceling Fri Jul 05 04:44:01 UTC 2019
auto.tcl: Setting watchdog for 200 seconds at Fri Jul 05 04:44:01 UTC 2019
12 ms. Memory: 48128K Free: 13937K (29%)
ptolemy.util.test.WatchDog.cancel(): canceling Fri Jul 05 04:44:01 UTC 2019
------------------ testing $PTII/ptolemy/domains/de/test/auto/MergeWithoutDiscard.xml
auto.tcl: Setting watchdog for 200 seconds at Fri Jul 05 04:44:01 UTC 2019
4 ms. Memory: 48128K Free: 29757K (62%)
ptolemy.util.test.WatchDog.cancel(): canceling Fri Jul 05 04:44:01 UTC 2019
auto.tcl: Setting watchdog for 200 seconds at Fri Jul 05 04:44:01 UTC 2019
2 ms. Memory: 48128K Free: 29377K (61%)
ptolemy.util.test.WatchDog.cancel(): canceling Fri Jul 05 04:44:01 UTC 2019
------------------ testing $PTII/ptolemy/domains/de/test/auto/Modal1.xml
auto.tcl: Setting watchdog for 200 seconds at Fri Jul 05 04:44:01 UTC 2019
14 ms. Memory: 48128K Free: 21715K (45%)
ptolemy.util.test.WatchDog.cancel(): canceling Fri Jul 05 04:44:01 UTC 2019
auto.tcl: Setting watchdog for 200 seconds at Fri Jul 05 04:44:01 UTC 2019
24 ms. Memory: 48128K Free: 18282K (38%)
ptolemy.util.test.WatchDog.cancel(): canceling Fri Jul 05 04:44:01 UTC 2019
------------------ testing $PTII/ptolemy/domains/de/test/auto/Modal2.xml
auto.tcl: Setting watchdog for 200 seconds at Fri Jul 05 04:44:01 UTC 2019
20 ms. Memory: 48128K Free: 21807K (45%)
ptolemy.util.test.WatchDog.cancel(): canceling Fri Jul 05 04:44:01 UTC 2019
auto.tcl: Setting watchdog for 200 seconds at Fri Jul 05 04:44:01 UTC 2019
21 ms. Memory: 48128K Free: 18589K (39%)
ptolemy.util.test.WatchDog.cancel(): canceling Fri Jul 05 04:44:02 UTC 2019
------------------ testing $PTII/ptolemy/domains/de/test/auto/Modal3.xml
auto.tcl: Setting watchdog for 200 seconds at Fri Jul 05 04:44:02 UTC 2019
18 ms. Memory: 48128K Free: 21820K (45%)
ptolemy.util.test.WatchDog.cancel(): canceling Fri Jul 05 04:44:02 UTC 2019
auto.tcl: Setting watchdog for 200 seconds at Fri Jul 05 04:44:02 UTC 2019
16 ms. Memory: 48128K Free: 18596K (39%)
ptolemy.util.test.WatchDog.cancel(): canceling Fri Jul 05 04:44:02 UTC 2019
------------------ testing $PTII/ptolemy/domains/de/test/auto/Modal4.xml
auto.tcl: Setting watchdog for 200 seconds at Fri Jul 05 04:44:02 UTC 2019
29 ms. Memory: 48128K Free: 20793K (43%)
ptolemy.util.test.WatchDog.cancel(): canceling Fri Jul 05 04:44:02 UTC 2019
auto.tcl: Setting watchdog for 200 seconds at Fri Jul 05 04:44:02 UTC 2019
21 ms. Memory: 48128K Free: 16914K (35%)
ptolemy.util.test.WatchDog.cancel(): canceling Fri Jul 05 04:44:02 UTC 2019
------------------ testing $PTII/ptolemy/domains/de/test/auto/Modal5.xml
auto.tcl: Setting watchdog for 200 seconds at Fri Jul 05 04:44:02 UTC 2019
20 ms. Memory: 48128K Free: 20750K (43%)
ptolemy.util.test.WatchDog.cancel(): canceling Fri Jul 05 04:44:02 UTC 2019
auto.tcl: Setting watchdog for 200 seconds at Fri Jul 05 04:44:02 UTC 2019
14 ms. Memory: 48128K Free: 16912K (35%)
ptolemy.util.test.WatchDog.cancel(): canceling Fri Jul 05 04:44:02 UTC 2019
------------------ testing $PTII/ptolemy/domains/de/test/auto/Modal6.xml
auto.tcl: Setting watchdog for 200 seconds at Fri Jul 05 04:44:02 UTC 2019
21 ms. Memory: 48128K Free: 21565K (45%)
ptolemy.util.test.WatchDog.cancel(): canceling Fri Jul 05 04:44:02 UTC 2019
auto.tcl: Setting watchdog for 200 seconds at Fri Jul 05 04:44:02 UTC 2019
20 ms. Memory: 48128K Free: 17923K (37%)
ptolemy.util.test.WatchDog.cancel(): canceling Fri Jul 05 04:44:02 UTC 2019
------------------ testing $PTII/ptolemy/domains/de/test/auto/Modal7.xml
auto.tcl: Setting watchdog for 200 seconds at Fri Jul 05 04:44:02 UTC 2019
20 ms. Memory: 48128K Free: 20518K (43%)
ptolemy.util.test.WatchDog.cancel(): canceling Fri Jul 05 04:44:02 UTC 2019
auto.tcl: Setting watchdog for 200 seconds at Fri Jul 05 04:44:02 UTC 2019
13 ms. Memory: 48128K Free: 16926K (35%)
ptolemy.util.test.WatchDog.cancel(): canceling Fri Jul 05 04:44:02 UTC 2019
------------------ testing $PTII/ptolemy/domains/de/test/auto/ModalModel.xml
auto.tcl: Setting watchdog for 200 seconds at Fri Jul 05 04:44:02 UTC 2019
185 ms. Memory: 58368K Free: 42606K (73%)
ptolemy.util.test.WatchDog.cancel(): canceling Fri Jul 05 04:44:02 UTC 2019
auto.tcl: Setting watchdog for 200 seconds at Fri Jul 05 04:44:02 UTC 2019
182 ms. Memory: 58368K Free: 37072K (64%)
ptolemy.util.test.WatchDog.cancel(): canceling Fri Jul 05 04:44:03 UTC 2019
------------------ testing $PTII/ptolemy/domains/de/test/auto/ModalSource.xml
auto.tcl: Setting watchdog for 200 seconds at Fri Jul 05 04:44:03 UTC 2019
6 ms. Memory: 51200K Free: 28656K (56%)
ptolemy.util.test.WatchDog.cancel(): canceling Fri Jul 05 04:44:03 UTC 2019
auto.tcl: Setting watchdog for 200 seconds at Fri Jul 05 04:44:03 UTC 2019
7 ms. Memory: 51200K Free: 26599K (52%)
ptolemy.util.test.WatchDog.cancel(): canceling Fri Jul 05 04:44:03 UTC 2019
------------------ testing $PTII/ptolemy/domains/de/test/auto/NonInterruptibleTimerZeroDelay.xml
auto.tcl: Setting watchdog for 200 seconds at Fri Jul 05 04:44:03 UTC 2019
5 ms. Memory: 51200K Free: 33590K (66%)
ptolemy.util.test.WatchDog.cancel(): canceling Fri Jul 05 04:44:03 UTC 2019
auto.tcl: Setting watchdog for 200 seconds at Fri Jul 05 04:44:03 UTC 2019
3 ms. Memory: 51200K Free: 32889K (64%)
ptolemy.util.test.WatchDog.cancel(): canceling Fri Jul 05 04:44:03 UTC 2019
------------------ testing $PTII/ptolemy/domains/de/test/auto/OpenQueueingNetwork.xml
auto.tcl: Setting watchdog for 200 seconds at Fri Jul 05 04:44:03 UTC 2019
3311 ms. Memory: 108544K Free: 69612K (64%)
ptolemy.util.test.WatchDog.cancel(): canceling Fri Jul 05 04:44:06 UTC 2019
auto.tcl: Setting watchdog for 200 seconds at Fri Jul 05 04:44:06 UTC 2019
2239 ms. Memory: 131072K Free: 77274K (59%)
ptolemy.util.test.WatchDog.cancel(): canceling Fri Jul 05 04:44:09 UTC 2019
------------------ testing $PTII/ptolemy/domains/de/test/auto/OpenQueuingNetwork.xml
auto.tcl: Setting watchdog for 200 seconds at Fri Jul 05 04:44:09 UTC 2019
232 ms. Memory: 55296K Free: 26616K (48%)
ptolemy.util.test.WatchDog.cancel(): canceling Fri Jul 05 04:44:09 UTC 2019
auto.tcl: Setting watchdog for 200 seconds at Fri Jul 05 04:44:09 UTC 2019
221 ms. Memory: 55296K Free: 37288K (67%)
ptolemy.util.test.WatchDog.cancel(): canceling Fri Jul 05 04:44:09 UTC 2019
------------------ testing $PTII/ptolemy/domains/de/test/auto/PeriodicSampler.xml
auto.tcl: Setting watchdog for 200 seconds at Fri Jul 05 04:44:09 UTC 2019
4 ms. Memory: 48128K Free: 29709K (62%)
ptolemy.util.test.WatchDog.cancel(): canceling Fri Jul 05 04:44:09 UTC 2019
auto.tcl: Setting watchdog for 200 seconds at Fri Jul 05 04:44:09 UTC 2019
2 ms. Memory: 48128K Free: 29219K (61%)
ptolemy.util.test.WatchDog.cancel(): canceling Fri Jul 05 04:44:09 UTC 2019
------------------ testing $PTII/ptolemy/domains/de/test/auto/PersistentIO.xml
auto.tcl: Setting watchdog for 200 seconds at Fri Jul 05 04:44:09 UTC 2019
12 ms. Memory: 48128K Free: 24634K (51%)
ptolemy.util.test.WatchDog.cancel(): canceling Fri Jul 05 04:44:09 UTC 2019
auto.tcl: Setting watchdog for 200 seconds at Fri Jul 05 04:44:09 UTC 2019
6 ms. Memory: 48128K Free: 23159K (48%)
ptolemy.util.test.WatchDog.cancel(): canceling Fri Jul 05 04:44:09 UTC 2019
------------------ testing $PTII/ptolemy/domains/de/test/auto/PortParameterResetOnInitialize.xml
auto.tcl: Setting watchdog for 200 seconds at Fri Jul 05 04:44:09 UTC 2019
4 ms. Memory: 48128K Free: 29609K (62%)
ptolemy.util.test.WatchDog.cancel(): canceling Fri Jul 05 04:44:09 UTC 2019
auto.tcl: Setting watchdog for 200 seconds at Fri Jul 05 04:44:09 UTC 2019
2 ms. Memory: 48128K Free: 29129K (61%)
ptolemy.util.test.WatchDog.cancel(): canceling Fri Jul 05 04:44:09 UTC 2019
------------------ testing $PTII/ptolemy/domains/de/test/auto/PortParameterUpdates.xml
auto.tcl: Setting watchdog for 200 seconds at Fri Jul 05 04:44:09 UTC 2019
7 ms. Memory: 48128K Free: 27710K (58%)
ptolemy.util.test.WatchDog.cancel(): canceling Fri Jul 05 04:44:09 UTC 2019
auto.tcl: Setting watchdog for 200 seconds at Fri Jul 05 04:44:09 UTC 2019
4 ms. Memory: 48128K Free: 26716K (56%)
ptolemy.util.test.WatchDog.cancel(): canceling Fri Jul 05 04:44:09 UTC 2019
------------------ testing $PTII/ptolemy/domains/de/test/auto/QueueAndServer.xml
auto.tcl: Setting watchdog for 200 seconds at Fri Jul 05 04:44:10 UTC 2019
13 ms. Memory: 48128K Free: 26891K (56%)
ptolemy.util.test.WatchDog.cancel(): canceling Fri Jul 05 04:44:10 UTC 2019
auto.tcl: Setting watchdog for 200 seconds at Fri Jul 05 04:44:10 UTC 2019
6 ms. Memory: 48128K Free: 25649K (53%)
ptolemy.util.test.WatchDog.cancel(): canceling Fri Jul 05 04:44:10 UTC 2019
------------------ testing $PTII/ptolemy/domains/de/test/auto/Records.xml
auto.tcl: Setting watchdog for 200 seconds at Fri Jul 05 04:44:10 UTC 2019
6 ms. Memory: 48128K Free: 28881K (60%)
ptolemy.util.test.WatchDog.cancel(): canceling Fri Jul 05 04:44:10 UTC 2019
auto.tcl: Setting watchdog for 200 seconds at Fri Jul 05 04:44:10 UTC 2019
3 ms. Memory: 48128K Free: 28401K (59%)
ptolemy.util.test.WatchDog.cancel(): canceling Fri Jul 05 04:44:10 UTC 2019
------------------ testing $PTII/ptolemy/domains/de/test/auto/ResetTransitionWithStartTime1.xml
auto.tcl: Setting watchdog for 200 seconds at Fri Jul 05 04:44:10 UTC 2019
12 ms. Memory: 48128K Free: 26117K (54%)
ptolemy.util.test.WatchDog.cancel(): canceling Fri Jul 05 04:44:10 UTC 2019
auto.tcl: Setting watchdog for 200 seconds at Fri Jul 05 04:44:10 UTC 2019
6 ms. Memory: 48128K Free: 23574K (49%)
ptolemy.util.test.WatchDog.cancel(): canceling Fri Jul 05 04:44:10 UTC 2019
------------------ testing $PTII/ptolemy/domains/de/test/auto/ResetTransitionWithStartTime2.xml
auto.tcl: Setting watchdog for 200 seconds at Fri Jul 05 04:44:10 UTC 2019
5 ms. Memory: 48128K Free: 26073K (54%)
ptolemy.util.test.WatchDog.cancel(): canceling Fri Jul 05 04:44:10 UTC 2019
auto.tcl: Setting watchdog for 200 seconds at Fri Jul 05 04:44:10 UTC 2019
6 ms. Memory: 48128K Free: 24056K (50%)
ptolemy.util.test.WatchDog.cancel(): canceling Fri Jul 05 04:44:10 UTC 2019
------------------ testing $PTII/ptolemy/domains/de/test/auto/ResetTransitionWithStartTime3.xml
auto.tcl: Setting watchdog for 200 seconds at Fri Jul 05 04:44:10 UTC 2019
6 ms. Memory: 48128K Free: 26072K (54%)
ptolemy.util.test.WatchDog.cancel(): canceling Fri Jul 05 04:44:10 UTC 2019
auto.tcl: Setting watchdog for 200 seconds at Fri Jul 05 04:44:10 UTC 2019
6 ms. Memory: 48128K Free: 23559K (49%)
ptolemy.util.test.WatchDog.cancel(): canceling Fri Jul 05 04:44:10 UTC 2019
------------------ testing $PTII/ptolemy/domains/de/test/auto/ResetTransitionWithStartTime4.xml
auto.tcl: Setting watchdog for 200 seconds at Fri Jul 05 04:44:10 UTC 2019
15 ms. Memory: 48128K Free: 26796K (56%)
ptolemy.util.test.WatchDog.cancel(): canceling Fri Jul 05 04:44:10 UTC 2019
auto.tcl: Setting watchdog for 200 seconds at Fri Jul 05 04:44:10 UTC 2019
4 ms. Memory: 48128K Free: 25135K (52%)
ptolemy.util.test.WatchDog.cancel(): canceling Fri Jul 05 04:44:10 UTC 2019
------------------ testing $PTII/ptolemy/domains/de/test/auto/ResettableTimer1.xml
auto.tcl: Setting watchdog for 200 seconds at Fri Jul 05 04:44:10 UTC 2019
5 ms. Memory: 48128K Free: 30334K (63%)
ptolemy.util.test.WatchDog.cancel(): canceling Fri Jul 05 04:44:10 UTC 2019
auto.tcl: Setting watchdog for 200 seconds at Fri Jul 05 04:44:10 UTC 2019
2 ms. Memory: 48128K Free: 29677K (62%)
ptolemy.util.test.WatchDog.cancel(): canceling Fri Jul 05 04:44:10 UTC 2019
------------------ testing $PTII/ptolemy/domains/de/test/auto/ResettableTimer2.xml
auto.tcl: Setting watchdog for 200 seconds at Fri Jul 05 04:44:10 UTC 2019
3 ms. Memory: 48128K Free: 30344K (63%)
ptolemy.util.test.WatchDog.cancel(): canceling Fri Jul 05 04:44:10 UTC 2019
auto.tcl: Setting watchdog for 200 seconds at Fri Jul 05 04:44:10 UTC 2019
2 ms. Memory: 48128K Free: 29221K (61%)
ptolemy.util.test.WatchDog.cancel(): canceling Fri Jul 05 04:44:10 UTC 2019
------------------ testing $PTII/ptolemy/domains/de/test/auto/ResettableTimer3.xml
auto.tcl: Setting watchdog for 200 seconds at Fri Jul 05 04:44:10 UTC 2019
2 ms. Memory: 48128K Free: 30701K (64%)
ptolemy.util.test.WatchDog.cancel(): canceling Fri Jul 05 04:44:10 UTC 2019
auto.tcl: Setting watchdog for 200 seconds at Fri Jul 05 04:44:10 UTC 2019
1 ms. Memory: 48128K Free: 30221K (63%)
ptolemy.util.test.WatchDog.cancel(): canceling Fri Jul 05 04:44:10 UTC 2019
------------------ testing $PTII/ptolemy/domains/de/test/auto/ResettableTimer4.xml
auto.tcl: Setting watchdog for 200 seconds at Fri Jul 05 04:44:10 UTC 2019
1 ms. Memory: 48128K Free: 30712K (64%)
ptolemy.util.test.WatchDog.cancel(): canceling Fri Jul 05 04:44:10 UTC 2019
auto.tcl: Setting watchdog for 200 seconds at Fri Jul 05 04:44:10 UTC 2019
1 ms. Memory: 48128K Free: 30231K (63%)
ptolemy.util.test.WatchDog.cancel(): canceling Fri Jul 05 04:44:10 UTC 2019
------------------ testing $PTII/ptolemy/domains/de/test/auto/ResettableTimer5.xml
auto.tcl: Setting watchdog for 200 seconds at Fri Jul 05 04:44:10 UTC 2019
7 ms. Memory: 48128K Free: 30231K (63%)
ptolemy.util.test.WatchDog.cancel(): canceling Fri Jul 05 04:44:10 UTC 2019
auto.tcl: Setting watchdog for 200 seconds at Fri Jul 05 04:44:10 UTC 2019
2 ms. Memory: 48128K Free: 29749K (62%)
ptolemy.util.test.WatchDog.cancel(): canceling Fri Jul 05 04:44:10 UTC 2019
------------------ testing $PTII/ptolemy/domains/de/test/auto/ResettableTimer6.xml
auto.tcl: Setting watchdog for 200 seconds at Fri Jul 05 04:44:10 UTC 2019
4 ms. Memory: 48128K Free: 29676K (62%)
ptolemy.util.test.WatchDog.cancel(): canceling Fri Jul 05 04:44:10 UTC 2019
auto.tcl: Setting watchdog for 200 seconds at Fri Jul 05 04:44:10 UTC 2019
1 ms. Memory: 48128K Free: 29180K (61%)
ptolemy.util.test.WatchDog.cancel(): canceling Fri Jul 05 04:44:10 UTC 2019
------------------ testing $PTII/ptolemy/domains/de/test/auto/ServerZeroDelay.xml
auto.tcl: Setting watchdog for 200 seconds at Fri Jul 05 04:44:11 UTC 2019
8 ms. Memory: 48128K Free: 30196K (63%)
ptolemy.util.test.WatchDog.cancel(): canceling Fri Jul 05 04:44:11 UTC 2019
auto.tcl: Setting watchdog for 200 seconds at Fri Jul 05 04:44:11 UTC 2019
2 ms. Memory: 48128K Free: 29187K (61%)
ptolemy.util.test.WatchDog.cancel(): canceling Fri Jul 05 04:44:11 UTC 2019
------------------ testing $PTII/ptolemy/domains/de/test/auto/SmartSender.xml
auto.tcl: Setting watchdog for 200 seconds at Fri Jul 05 04:44:11 UTC 2019
3002 ms. Memory: 48128K Free: 30220K (63%)
ptolemy.util.test.WatchDog.cancel(): canceling Fri Jul 05 04:44:14 UTC 2019
auto.tcl: Setting watchdog for 200 seconds at Fri Jul 05 04:44:14 UTC 2019
3002 ms. Memory: 48128K Free: 29708K (62%)
ptolemy.util.test.WatchDog.cancel(): canceling Fri Jul 05 04:44:17 UTC 2019
------------------ testing $PTII/ptolemy/domains/de/test/auto/ThreadedComposite.xml
auto.tcl: Setting watchdog for 200 seconds at Fri Jul 05 04:44:17 UTC 2019
202 ms. Memory: 48128K Free: 11258K (23%)
ptolemy.util.test.WatchDog.cancel(): canceling Fri Jul 05 04:44:17 UTC 2019
auto.tcl: Setting watchdog for 200 seconds at Fri Jul 05 04:44:17 UTC 2019
220 ms. Memory: 48128K Free: 16153K (34%)
ptolemy.util.test.WatchDog.cancel(): canceling Fri Jul 05 04:44:17 UTC 2019
------------------ testing $PTII/ptolemy/domains/de/test/auto/Time.xml
auto.tcl: Setting watchdog for 200 seconds at Fri Jul 05 04:44:17 UTC 2019
499 ms. Memory: 48128K Free: 30781K (64%)
ptolemy.util.test.WatchDog.cancel(): canceling Fri Jul 05 04:44:18 UTC 2019
auto.tcl: Setting watchdog for 200 seconds at Fri Jul 05 04:44:18 UTC 2019
485 ms. Memory: 66560K Free: 23775K (36%)
ptolemy.util.test.WatchDog.cancel(): canceling Fri Jul 05 04:44:18 UTC 2019
------------------ testing $PTII/ptolemy/domains/de/test/auto/TimeDelayZeroDelay.xml
auto.tcl: Setting watchdog for 200 seconds at Fri Jul 05 04:44:18 UTC 2019
2 ms. Memory: 48128K Free: 30623K (64%)
ptolemy.util.test.WatchDog.cancel(): canceling Fri Jul 05 04:44:18 UTC 2019
auto.tcl: Setting watchdog for 200 seconds at Fri Jul 05 04:44:18 UTC 2019
2 ms. Memory: 48128K Free: 30119K (63%)
ptolemy.util.test.WatchDog.cancel(): canceling Fri Jul 05 04:44:18 UTC 2019
------------------ testing $PTII/ptolemy/domains/de/test/auto/TimerZeroDelay.xml
auto.tcl: Setting watchdog for 200 seconds at Fri Jul 05 04:44:18 UTC 2019
4 ms. Memory: 48128K Free: 30631K (64%)
ptolemy.util.test.WatchDog.cancel(): canceling Fri Jul 05 04:44:18 UTC 2019
auto.tcl: Setting watchdog for 200 seconds at Fri Jul 05 04:44:18 UTC 2019
2 ms. Memory: 48128K Free: 30162K (63%)
ptolemy.util.test.WatchDog.cancel(): canceling Fri Jul 05 04:44:18 UTC 2019
------------------ testing $PTII/ptolemy/domains/de/test/auto/TimingParadox.xml
auto.tcl: Setting watchdog for 200 seconds at Fri Jul 05 04:44:18 UTC 2019
348 ms. Memory: 48128K Free: 15863K (33%)
ptolemy.util.test.WatchDog.cancel(): canceling Fri Jul 05 04:44:19 UTC 2019
auto.tcl: Setting watchdog for 200 seconds at Fri Jul 05 04:44:19 UTC 2019
322 ms. Memory: 48128K Free: 30632K (64%)
ptolemy.util.test.WatchDog.cancel(): canceling Fri Jul 05 04:44:19 UTC 2019
------------------ testing $PTII/ptolemy/domains/de/test/auto/TransferInputs.xml
auto.tcl: Setting watchdog for 200 seconds at Fri Jul 05 04:44:19 UTC 2019
1 ms. Memory: 48128K Free: 28644K (60%)
ptolemy.util.test.WatchDog.cancel(): canceling Fri Jul 05 04:44:19 UTC 2019
auto.tcl: Setting watchdog for 200 seconds at Fri Jul 05 04:44:19 UTC 2019
1 ms. Memory: 48128K Free: 27783K (58%)
ptolemy.util.test.WatchDog.cancel(): canceling Fri Jul 05 04:44:19 UTC 2019
------------------ testing $PTII/ptolemy/domains/de/test/auto/TransferOutputs2.xml
auto.tcl: Setting watchdog for 200 seconds at Fri Jul 05 04:44:19 UTC 2019
11 ms. Memory: 48128K Free: 26072K (54%)
ptolemy.util.test.WatchDog.cancel(): canceling Fri Jul 05 04:44:19 UTC 2019
auto.tcl: Setting watchdog for 200 seconds at Fri Jul 05 04:44:19 UTC 2019
4 ms. Memory: 48128K Free: 24669K (51%)
ptolemy.util.test.WatchDog.cancel(): canceling Fri Jul 05 04:44:19 UTC 2019
------------------ testing $PTII/ptolemy/domains/de/test/auto/Trilateration.xml
auto.tcl: Setting watchdog for 200 seconds at Fri Jul 05 04:44:19 UTC 2019
14291 ms. Memory: 548864K Free: 243347K (44%)
ptolemy.util.test.WatchDog.cancel(): canceling Fri Jul 05 04:44:35 UTC 2019
auto.tcl: Setting watchdog for 200 seconds at Fri Jul 05 04:44:35 UTC 2019
11149 ms. Memory: 548864K Free: 216364K (39%)
ptolemy.util.test.WatchDog.cancel(): canceling Fri Jul 05 04:44:46 UTC 2019
------------------ testing $PTII/ptolemy/domains/de/test/auto/TwoSigmaDelta.xml
auto.tcl: Setting watchdog for 200 seconds at Fri Jul 05 04:44:46 UTC 2019
2845 ms. Memory: 89088K Free: 15497K (17%)
ptolemy.util.test.WatchDog.cancel(): canceling Fri Jul 05 04:44:49 UTC 2019
auto.tcl: Setting watchdog for 200 seconds at Fri Jul 05 04:44:49 UTC 2019
2140 ms. Memory: 89088K Free: 13990K (16%)
ptolemy.util.test.WatchDog.cancel(): canceling Fri Jul 05 04:44:51 UTC 2019
------------------ testing $PTII/ptolemy/domains/de/test/auto/VariableDelay.xml
auto.tcl: Setting watchdog for 200 seconds at Fri Jul 05 04:44:51 UTC 2019
4 ms. Memory: 55296K Free: 36304K (66%)
ptolemy.util.test.WatchDog.cancel(): canceling Fri Jul 05 04:44:51 UTC 2019
auto.tcl: Setting watchdog for 200 seconds at Fri Jul 05 04:44:51 UTC 2019
2 ms. Memory: 55296K Free: 35286K (64%)
ptolemy.util.test.WatchDog.cancel(): canceling Fri Jul 05 04:44:51 UTC 2019
------------------ testing $PTII/ptolemy/domains/de/test/auto/VariableDelay2.xml
auto.tcl: Setting watchdog for 200 seconds at Fri Jul 05 04:44:51 UTC 2019
9 ms. Memory: 48128K Free: 29499K (61%)
ptolemy.util.test.WatchDog.cancel(): canceling Fri Jul 05 04:44:51 UTC 2019
auto.tcl: Setting watchdog for 200 seconds at Fri Jul 05 04:44:51 UTC 2019
2 ms. Memory: 48128K Free: 28531K (59%)
ptolemy.util.test.WatchDog.cancel(): canceling Fri Jul 05 04:44:51 UTC 2019
------------------ testing $PTII/ptolemy/domains/de/test/auto/VariableDelayZeroDelay.xml
auto.tcl: Setting watchdog for 200 seconds at Fri Jul 05 04:44:51 UTC 2019
2 ms. Memory: 48128K Free: 30119K (63%)
ptolemy.util.test.WatchDog.cancel(): canceling Fri Jul 05 04:44:51 UTC 2019
auto.tcl: Setting watchdog for 200 seconds at Fri Jul 05 04:44:51 UTC 2019
2 ms. Memory: 48128K Free: 29576K (61%)
ptolemy.util.test.WatchDog.cancel(): canceling Fri Jul 05 04:44:51 UTC 2019
------------------ testing $PTII/ptolemy/domains/de/test/auto/VariableDelayZeroDelay2.xml
auto.tcl: Setting watchdog for 200 seconds at Fri Jul 05 04:44:51 UTC 2019
2 ms. Memory: 48128K Free: 30173K (63%)
ptolemy.util.test.WatchDog.cancel(): canceling Fri Jul 05 04:44:51 UTC 2019
auto.tcl: Setting watchdog for 200 seconds at Fri Jul 05 04:44:51 UTC 2019
2 ms. Memory: 48128K Free: 29084K (60%)
ptolemy.util.test.WatchDog.cancel(): canceling Fri Jul 05 04:44:51 UTC 2019
------------------ testing $PTII/ptolemy/domains/de/test/auto/deInCt.xml
auto.tcl: Setting watchdog for 200 seconds at Fri Jul 05 04:44:52 UTC 2019
0
1
1
0
0
0
1
1
1
1
0
0
0
0
1
1
1
1
0
0
0
1
1
1
0
0
1
1
1
0
0
1
1
1
1
1
23 ms. Memory: 48128K Free: 29026K (60%)
ptolemy.util.test.WatchDog.cancel(): canceling Fri Jul 05 04:44:52 UTC 2019
auto.tcl: Setting watchdog for 200 seconds at Fri Jul 05 04:44:52 UTC 2019
0
1
1
1
0
0
0
0
0
0
1
1
1
0
0
0
1
1
1
0
0
0
0
1
1
1
0
0
1
1
1
1
1
1
10 ms. Memory: 48128K Free: 27511K (57%)
ptolemy.util.test.WatchDog.cancel(): canceling Fri Jul 05 04:44:52 UTC 2019
------------------ testing $PTII/ptolemy/domains/de/test/auto/deInCt2.xml
auto.tcl: Setting watchdog for 200 seconds at Fri Jul 05 04:44:52 UTC 2019
0
1
1
1
0
0
1
1
1
0
0
1
1
1
0
0
1
1
1
0
0
1
1
1
0
0
1
1
1
0
0
1
1
1
0
0
1
1
1
0
0
0
12 ms. Memory: 48128K Free: 29149K (61%)
ptolemy.util.test.WatchDog.cancel(): canceling Fri Jul 05 04:44:52 UTC 2019
auto.tcl: Setting watchdog for 200 seconds at Fri Jul 05 04:44:52 UTC 2019
0
1
1
1
0
0
1
1
1
0
0
1
1
1
0
0
1
1
1
0
0
1
1
1
0
0
1
1
1
0
0
1
1
1
0
0
1
1
1
0
0
0
12 ms. Memory: 48128K Free: 27545K (57%)
ptolemy.util.test.WatchDog.cancel(): canceling Fri Jul 05 04:44:52 UTC 2019
------------------ testing $PTII/ptolemy/domains/de/test/auto/dynamicCausalityInterface1.xml
auto.tcl: Setting watchdog for 200 seconds at Fri Jul 05 04:44:52 UTC 2019
1 ms. Memory: 48128K Free: 24926K (52%)
ptolemy.util.test.WatchDog.cancel(): canceling Fri Jul 05 04:44:52 UTC 2019
auto.tcl: Setting watchdog for 200 seconds at Fri Jul 05 04:44:52 UTC 2019
1 ms. Memory: 48128K Free: 24419K (51%)
ptolemy.util.test.WatchDog.cancel(): canceling Fri Jul 05 04:44:52 UTC 2019
------------------ testing $PTII/ptolemy/domains/de/test/auto/fsm_de_test.xml
auto.tcl: Setting watchdog for 200 seconds at Fri Jul 05 04:44:52 UTC 2019
12 ms. Memory: 48128K Free: 24825K (52%)
ptolemy.util.test.WatchDog.cancel(): canceling Fri Jul 05 04:44:52 UTC 2019
auto.tcl: Setting watchdog for 200 seconds at Fri Jul 05 04:44:52 UTC 2019
12 ms. Memory: 48128K Free: 22838K (47%)
ptolemy.util.test.WatchDog.cancel(): canceling Fri Jul 05 04:44:52 UTC 2019
------------------ testing $PTII/ptolemy/domains/de/test/auto/functionDependencyReconstruction.xml
auto.tcl: Setting watchdog for 200 seconds at Fri Jul 05 04:44:52 UTC 2019
3 ms. Memory: 48128K Free: 18671K (39%)
ptolemy.util.test.WatchDog.cancel(): canceling Fri Jul 05 04:44:52 UTC 2019
auto.tcl: Setting watchdog for 200 seconds at Fri Jul 05 04:44:52 UTC 2019
3 ms. Memory: 48128K Free: 16700K (35%)
ptolemy.util.test.WatchDog.cancel(): canceling Fri Jul 05 04:44:52 UTC 2019
------------------ testing $PTII/ptolemy/domains/de/test/auto/multirate.xml
auto.tcl: Setting watchdog for 200 seconds at Fri Jul 05 04:44:52 UTC 2019
3 ms. Memory: 48128K Free: 27486K (57%)
ptolemy.util.test.WatchDog.cancel(): canceling Fri Jul 05 04:44:52 UTC 2019
auto.tcl: Setting watchdog for 200 seconds at Fri Jul 05 04:44:52 UTC 2019
3 ms. Memory: 48128K Free: 25833K (54%)
ptolemy.util.test.WatchDog.cancel(): canceling Fri Jul 05 04:44:52 UTC 2019
------------------ testing $PTII/ptolemy/domains/de/test/auto/multirate2.xml
auto.tcl: Setting watchdog for 200 seconds at Fri Jul 05 04:44:52 UTC 2019
4 ms. Memory: 48128K Free: 27682K (58%)
ptolemy.util.test.WatchDog.cancel(): canceling Fri Jul 05 04:44:52 UTC 2019
auto.tcl: Setting watchdog for 200 seconds at Fri Jul 05 04:44:52 UTC 2019
4 ms. Memory: 48128K Free: 26439K (55%)
ptolemy.util.test.WatchDog.cancel(): canceling Fri Jul 05 04:44:52 UTC 2019
------------------ testing $PTII/ptolemy/domains/de/test/auto/realtime.xml
auto.tcl: Setting watchdog for 200 seconds at Fri Jul 05 04:44:52 UTC 2019
10001 ms. Memory: 48128K Free: 29688K (62%)
ptolemy.util.test.WatchDog.cancel(): canceling Fri Jul 05 04:45:02 UTC 2019
auto.tcl: Setting watchdog for 200 seconds at Fri Jul 05 04:45:02 UTC 2019
10002 ms. Memory: 48128K Free: 28972K (60%)
ptolemy.util.test.WatchDog.cancel(): canceling Fri Jul 05 04:45:12 UTC 2019
------------------ testing $PTII/ptolemy/domains/de/test/auto/relationGroup.xml
auto.tcl: Setting watchdog for 200 seconds at Fri Jul 05 04:45:12 UTC 2019
2 ms. Memory: 48128K Free: 30745K (64%)
ptolemy.util.test.WatchDog.cancel(): canceling Fri Jul 05 04:45:12 UTC 2019
auto.tcl: Setting watchdog for 200 seconds at Fri Jul 05 04:45:12 UTC 2019
2 ms. Memory: 48128K Free: 30027K (62%)
ptolemy.util.test.WatchDog.cancel(): canceling Fri Jul 05 04:45:12 UTC 2019
------------------ testing $PTII/ptolemy/domains/de/test/auto/relationGroup2.xml
auto.tcl: Setting watchdog for 200 seconds at Fri Jul 05 04:45:12 UTC 2019
1 ms. Memory: 48128K Free: 30730K (64%)
ptolemy.util.test.WatchDog.cancel(): canceling Fri Jul 05 04:45:12 UTC 2019
auto.tcl: Setting watchdog for 200 seconds at Fri Jul 05 04:45:12 UTC 2019
2 ms. Memory: 48128K Free: 30047K (62%)
ptolemy.util.test.WatchDog.cancel(): canceling Fri Jul 05 04:45:12 UTC 2019
------------------ testing $PTII/ptolemy/domains/de/test/auto/sortWithOpaquePorts.xml
auto.tcl: Setting watchdog for 200 seconds at Fri Jul 05 04:45:12 UTC 2019
2 ms. Memory: 48128K Free: 29551K (61%)
ptolemy.util.test.WatchDog.cancel(): canceling Fri Jul 05 04:45:12 UTC 2019
auto.tcl: Setting watchdog for 200 seconds at Fri Jul 05 04:45:12 UTC 2019
2 ms. Memory: 48128K Free: 28598K (59%)
ptolemy.util.test.WatchDog.cancel(): canceling Fri Jul 05 04:45:12 UTC 2019
------------------ testing $PTII/ptolemy/domains/de/test/auto/transferInputsandOutputs.xml
auto.tcl: Setting watchdog for 200 seconds at Fri Jul 05 04:45:13 UTC 2019
2 ms. Memory: 48128K Free: 26995K (56%)
ptolemy.util.test.WatchDog.cancel(): canceling Fri Jul 05 04:45:13 UTC 2019
auto.tcl: Setting watchdog for 200 seconds at Fri Jul 05 04:45:13 UTC 2019
2 ms. Memory: 48128K Free: 26030K (54%)
ptolemy.util.test.WatchDog.cancel(): canceling Fri Jul 05 04:45:13 UTC 2019
------------------ testing $PTII/ptolemy/domains/de/test/auto/triggerType.xml
auto.tcl: Setting watchdog for 200 seconds at Fri Jul 05 04:45:13 UTC 2019
2 ms. Memory: 48128K Free: 30019K (62%)
ptolemy.util.test.WatchDog.cancel(): canceling Fri Jul 05 04:45:13 UTC 2019
auto.tcl: Setting watchdog for 200 seconds at Fri Jul 05 04:45:13 UTC 2019
2 ms. Memory: 48128K Free: 29062K (60%)
ptolemy.util.test.WatchDog.cancel(): canceling Fri Jul 05 04:45:13 UTC 2019
07/05/19 04:45:13
Failed: 0  Total Tests: 192  ((Passed: 187, Newly Passed: 1)  Known Failed: 5) /home/travis/build/icyphy/ptII/ptolemy/domains/de/test
07/05/19 04:45:13
Failed: 0  Total Tests: 192  ((Passed: 187, Newly Passed: 1)  Known Failed: 5) /home/travis/build/icyphy/ptII/ptolemy/domains/de/test
----------------- testing (KnownFailure) /home/travis/build/icyphy/ptII/ptolemy/domains/de/test/auto/knownFailedTests/DESDFClockTest.xml
2014 ms. Memory: 48128K Free: 23414K (49%)
Known Failure: java.lang.reflect.InvocationTargetException
----------------- testing (KnownFailure) /home/travis/build/icyphy/ptII/ptolemy/domains/de/test/auto/knownFailedTests/DirectFeedback.xml
2 ms. Memory: 48128K Free: 19318K (40%)
Known Failure: java.lang.reflect.InvocationTargetException
----------------- testing (KnownFailure) /home/travis/build/icyphy/ptII/ptolemy/domains/de/test/auto/knownFailedTests/FSMSource.xml
12 ms. Memory: 48128K Free: 11640K (24%)
----------------- testing (KnownFailure) /home/travis/build/icyphy/ptII/ptolemy/domains/de/test/auto/knownFailedTests/HierarchicalModel.xml
3 ms. Memory: 48128K Free: 21857K (45%)
Known Failure: java.lang.reflect.InvocationTargetException
----------------- testing (KnownFailure) /home/travis/build/icyphy/ptII/ptolemy/domains/de/test/auto/knownFailedTests/dependencyLoop.xml
7 ms. Memory: 48128K Free: 32597K (68%)
Known Failure: java.lang.reflect.InvocationTargetException
----------------- testing (KnownFailure) /home/travis/build/icyphy/ptII/ptolemy/domains/de/test/auto/knownFailedTests/dependencyLoop2.xml
3 ms. Memory: 48128K Free: 17578K (37%)
Known Failure: java.lang.reflect.InvocationTargetException
No auto/linux-amd64/*.xml tests in /home/travis/build/icyphy/ptII/ptolemy/domains/de/test
AutoTests.java: About to close Vertx.
AutoTests.java: Vertx closed.

===========================================================================================
----------------- testing Fri Jul 05 04:45:15 UTC 2019 /home/travis/build/icyphy/ptII/ptolemy/domains/de/test/auto/ActorDepthCalculation_actorWithoutPorts.xml
----------------- Instantiating /home/travis/build/icyphy/ptII/ptolemy/domains/de/test/auto/ActorDepthCalculation_actorWithoutPorts.xml
1 ms. Memory: 48128K Free: 11660K (24%)
----------------- Invoking toplevel() on ptolemy.moml.MoMLSimpleApplication@3cd981ec
----------------- Done invoking toplevel() on ptolemy.moml.MoMLSimpleApplication@3cd981ec
reloadAllAccessors: .ActorDepthCalculation_actorWithoutPorts

===========================================================================================
----------------- testing Fri Jul 05 04:45:15 UTC 2019 /home/travis/build/icyphy/ptII/ptolemy/domains/de/test/auto/AssemblyLine.xml
----------------- Instantiating /home/travis/build/icyphy/ptII/ptolemy/domains/de/test/auto/AssemblyLine.xml
2 ms. Memory: 48128K Free: 29977K (62%)
----------------- Invoking toplevel() on ptolemy.moml.MoMLSimpleApplication@7fb6c9e7
----------------- Done invoking toplevel() on ptolemy.moml.MoMLSimpleApplication@7fb6c9e7
reloadAllAccessors: .AssemblyLine

===========================================================================================
----------------- testing Fri Jul 05 04:45:15 UTC 2019 /home/travis/build/icyphy/ptII/ptolemy/domains/de/test/auto/CQBug1.xml
----------------- Instantiating /home/travis/build/icyphy/ptII/ptolemy/domains/de/test/auto/CQBug1.xml
1 ms. Memory: 48128K Free: 27124K (56%)
----------------- Invoking toplevel() on ptolemy.moml.MoMLSimpleApplication@29a89973
----------------- Done invoking toplevel() on ptolemy.moml.MoMLSimpleApplication@29a89973
reloadAllAccessors: .CQBug1

===========================================================================================
----------------- testing Fri Jul 05 04:45:15 UTC 2019 /home/travis/build/icyphy/ptII/ptolemy/domains/de/test/auto/CancelFireAt.xml
----------------- Instantiating /home/travis/build/icyphy/ptII/ptolemy/domains/de/test/auto/CancelFireAt.xml
1 ms. Memory: 48128K Free: 24678K (51%)
----------------- Invoking toplevel() on ptolemy.moml.MoMLSimpleApplication@5afd7128
----------------- Done invoking toplevel() on ptolemy.moml.MoMLSimpleApplication@5afd7128
reloadAllAccessors: .CancelFireAt

===========================================================================================
----------------- testing Fri Jul 05 04:45:15 UTC 2019 /home/travis/build/icyphy/ptII/ptolemy/domains/de/test/auto/CausalityAndComposabilityAnalysis.xml
----------------- Instantiating /home/travis/build/icyphy/ptII/ptolemy/domains/de/test/auto/CausalityAndComposabilityAnalysis.xml
1 ms. Memory: 48128K Free: 20582K (43%)
----------------- Invoking toplevel() on ptolemy.moml.MoMLSimpleApplication@4ba04d85
----------------- Done invoking toplevel() on ptolemy.moml.MoMLSimpleApplication@4ba04d85
reloadAllAccessors: .CausalityAndComposabilityAnalysis

===========================================================================================
----------------- testing Fri Jul 05 04:45:15 UTC 2019 /home/travis/build/icyphy/ptII/ptolemy/domains/de/test/auto/CausalityInterface1.xml
----------------- Instantiating /home/travis/build/icyphy/ptII/ptolemy/domains/de/test/auto/CausalityInterface1.xml
5 ms. Memory: 48128K Free: 15627K (32%)
----------------- Invoking toplevel() on ptolemy.moml.MoMLSimpleApplication@15fb0ae4
----------------- Done invoking toplevel() on ptolemy.moml.MoMLSimpleApplication@15fb0ae4
reloadAllAccessors: .CausalityInterface1

===========================================================================================
----------------- testing Fri Jul 05 04:45:15 UTC 2019 /home/travis/build/icyphy/ptII/ptolemy/domains/de/test/auto/CausalityInterface15.xml
----------------- Instantiating /home/travis/build/icyphy/ptII/ptolemy/domains/de/test/auto/CausalityInterface15.xml
2 ms. Memory: 48128K Free: 10426K (22%)
----------------- Invoking toplevel() on ptolemy.moml.MoMLSimpleApplication@2c48d80d
----------------- Done invoking toplevel() on ptolemy.moml.MoMLSimpleApplication@2c48d80d
reloadAllAccessors: .CausalityInterface15

===========================================================================================
----------------- testing Fri Jul 05 04:45:15 UTC 2019 /home/travis/build/icyphy/ptII/ptolemy/domains/de/test/auto/CausalityInterface2.xml
----------------- Instantiating /home/travis/build/icyphy/ptII/ptolemy/domains/de/test/auto/CausalityInterface2.xml
1 ms. Memory: 48128K Free: 31562K (66%)
[...]
	at ptolemy.actor.Manager.run(Manager.java:1263)
	at ptolemy.actor.Manager$PtolemyRunThread.run(Manager.java:1915)
java.lang.RuntimeException: Execution failed
	at ptolemy.moml.MoMLSimpleApplication$UnloadThread.run(MoMLSimpleApplication.java:402)
Caused by: ptolemy.kernel.util.IllegalActionException: Actor is not ready to fire.  Perhaps UpSample.prefire() returned false? Try debugging the actor by selecting "Listen to Actor".  Also, for SDF check moml for tokenConsumptionRate on input.
  in .DESDFClockTest.Play Bell.Copy1:SDF Director and .DESDFClockTest.Play Bell.UpSample
	at ptolemy.actor.sched.StaticSchedulingDirector.fire(StaticSchedulingDirector.java:227)
	at ptolemy.domains.sdf.kernel.SDFDirector.fire(SDFDirector.java:500)
	at ptolemy.actor.CompositeActor.fire(CompositeActor.java:455)
	at ptolemy.domains.de.kernel.DEDirector._fire(DEDirector.java:1949)
	at ptolemy.domains.de.kernel.DEDirector.fire(DEDirector.java:502)
	at ptolemy.actor.CompositeActor.fire(CompositeActor.java:455)
	at ptolemy.actor.Manager.iterate(Manager.java:851)
	at ptolemy.actor.Manager.execute(Manager.java:369)
	at ptolemy.actor.Manager.run(Manager.java:1263)
	at ptolemy.actor.Manager$PtolemyRunThread.run(Manager.java:1915)
java.lang.reflect.InvocationTargetException
	at java.base/jdk.internal.reflect.NativeConstructorAccessorImpl.newInstance0(Native Method)
	at java.base/jdk.internal.reflect.NativeConstructorAccessorImpl.newInstance(NativeConstructorAccessorImpl.java:62)
	at java.base/jdk.internal.reflect.DelegatingConstructorAccessorImpl.newInstance(DelegatingConstructorAccessorImpl.java:45)
	at java.base/java.lang.reflect.Constructor.newInstance(Constructor.java:490)
	at ptolemy.util.test.junit.AutoKnownFailedTests.RunModel(AutoKnownFailedTests.java:105)
	at java.base/jdk.internal.reflect.NativeMethodAccessorImpl.invoke0(Native Method)
	at java.base/jdk.internal.reflect.NativeMethodAccessorImpl.invoke(NativeMethodAccessorImpl.java:62)
	at java.base/jdk.internal.reflect.DelegatingMethodAccessorImpl.invoke(DelegatingMethodAccessorImpl.java:43)
	at java.base/java.lang.reflect.Method.invoke(Method.java:566)
	at org.junit.runners.model.FrameworkMethod$1.runReflectiveCall(FrameworkMethod.java:44)
	at org.junit.internal.runners.model.ReflectiveCallable.run(ReflectiveCallable.java:15)
	at org.junit.runners.model.FrameworkMethod.invokeExplosively(FrameworkMethod.java:41)
	at junitparams.internal.InvokeParameterisedMethod.evaluate(InvokeParameterisedMethod.java:102)
	at org.junit.internal.runners.statements.FailOnTimeout$1.run(FailOnTimeout.java:28)
Caused by: ptolemy.kernel.util.IllegalActionException: Actor is not ready to fire.  Perhaps UpSample.prefire() returned false? Try debugging the actor by selecting "Listen to Actor".  Also, for SDF check moml for tokenConsumptionRate on input.
  in .DESDFClockTest.Play Bell.Copy1:SDF Director and .DESDFClockTest.Play Bell.UpSample
	at ptolemy.actor.sched.StaticSchedulingDirector.fire(StaticSchedulingDirector.java:227)
	at ptolemy.domains.sdf.kernel.SDFDirector.fire(SDFDirector.java:500)
	at ptolemy.actor.CompositeActor.fire(CompositeActor.java:455)
	at ptolemy.domains.de.kernel.DEDirector._fire(DEDirector.java:1949)
	at ptolemy.domains.de.kernel.DEDirector.fire(DEDirector.java:502)
	at ptolemy.actor.CompositeActor.fire(CompositeActor.java:455)
	at ptolemy.actor.Manager.iterate(Manager.java:851)
	at ptolemy.actor.Manager.execute(Manager.java:369)
	at ptolemy.actor.Manager.run(Manager.java:1263)
	at ptolemy.actor.Manager$PtolemyRunThread.run(Manager.java:1915)
java.lang.RuntimeException: Execution failed
	at ptolemy.moml.MoMLSimpleApplication$UnloadThread.run(MoMLSimpleApplication.java:402)
Caused by: ptolemy.kernel.util.IllegalActionException: Test fails in iteration 1.
Value was: 1.0. Should have been: 2.0
  in .DirectFeedback.Test
	at ptolemy.actor.lib.Test.fire(Test.java:268)
	at ptolemy.domains.de.kernel.DEDirector._fire(DEDirector.java:1949)
	at ptolemy.domains.de.kernel.DEDirector.fire(DEDirector.java:502)
	at ptolemy.actor.CompositeActor.fire(CompositeActor.java:455)
	at ptolemy.actor.Manager.iterate(Manager.java:851)
	at ptolemy.actor.Manager.execute(Manager.java:369)
	at ptolemy.actor.Manager.run(Manager.java:1263)
	at ptolemy.actor.Manager$PtolemyRunThread.run(Manager.java:1915)
java.lang.reflect.InvocationTargetException
	at java.base/jdk.internal.reflect.NativeConstructorAccessorImpl.newInstance0(Native Method)
	at java.base/jdk.internal.reflect.NativeConstructorAccessorImpl.newInstance(NativeConstructorAccessorImpl.java:62)
	at java.base/jdk.internal.reflect.DelegatingConstructorAccessorImpl.newInstance(DelegatingConstructorAccessorImpl.java:45)
	at java.base/java.lang.reflect.Constructor.newInstance(Constructor.java:490)
	at ptolemy.util.test.junit.AutoKnownFailedTests.RunModel(AutoKnownFailedTests.java:105)
	at java.base/jdk.internal.reflect.NativeMethodAccessorImpl.invoke0(Native Method)
	at java.base/jdk.internal.reflect.NativeMethodAccessorImpl.invoke(NativeMethodAccessorImpl.java:62)
	at java.base/jdk.internal.reflect.DelegatingMethodAccessorImpl.invoke(DelegatingMethodAccessorImpl.java:43)
	at java.base/java.lang.reflect.Method.invoke(Method.java:566)
	at org.junit.runners.model.FrameworkMethod$1.runReflectiveCall(FrameworkMethod.java:44)
	at org.junit.internal.runners.model.ReflectiveCallable.run(ReflectiveCallable.java:15)
	at org.junit.runners.model.FrameworkMethod.invokeExplosively(FrameworkMethod.java:41)
	at junitparams.internal.InvokeParameterisedMethod.evaluate(InvokeParameterisedMethod.java:102)
	at org.junit.internal.runners.statements.FailOnTimeout$1.run(FailOnTimeout.java:28)
Caused by: ptolemy.kernel.util.IllegalActionException: Test fails in iteration 1.
Value was: 1.0. Should have been: 2.0
  in .DirectFeedback.Test
	at ptolemy.actor.lib.Test.fire(Test.java:268)
	at ptolemy.domains.de.kernel.DEDirector._fire(DEDirector.java:1949)
	at ptolemy.domains.de.kernel.DEDirector.fire(DEDirector.java:502)
	at ptolemy.actor.CompositeActor.fire(CompositeActor.java:455)
	at ptolemy.actor.Manager.iterate(Manager.java:851)
	at ptolemy.actor.Manager.execute(Manager.java:369)
	at ptolemy.actor.Manager.run(Manager.java:1263)
	at ptolemy.actor.Manager$PtolemyRunThread.run(Manager.java:1915)
java.lang.RuntimeException: Execution failed
	at ptolemy.moml.MoMLSimpleApplication$UnloadThread.run(MoMLSimpleApplication.java:402)
Caused by: ptolemy.kernel.util.IllegalActionException: Found a zero delay loop containing .HierarchicalModel.A
  in .HierarchicalModel and .HierarchicalModel.A
	at ptolemy.actor.util.CausalityInterfaceForComposites._computeOutputPortDepth(CausalityInterfaceForComposites.java:759)
	at ptolemy.actor.util.CausalityInterfaceForComposites._computeInputDepth(CausalityInterfaceForComposites.java:696)
	at ptolemy.actor.util.CausalityInterfaceForComposites._computeOutputPortDepth(CausalityInterfaceForComposites.java:765)
	at ptolemy.actor.util.CausalityInterfaceForComposites._computeInputDepth(CausalityInterfaceForComposites.java:696)
	at ptolemy.actor.util.CausalityInterfaceForComposites._computeOutputPortDepth(CausalityInterfaceForComposites.java:765)
	at ptolemy.actor.util.CausalityInterfaceForComposites._computeInputDepth(CausalityInterfaceForComposites.java:696)
	at ptolemy.actor.util.CausalityInterfaceForComposites._computeActorDepth(CausalityInterfaceForComposites.java:532)
	at ptolemy.actor.util.CausalityInterfaceForComposites.checkForCycles(CausalityInterfaceForComposites.java:96)
	at ptolemy.domains.de.kernel.DEDirector.preinitialize(DEDirector.java:1338)
	at ptolemy.actor.CompositeActor.preinitialize(CompositeActor.java:1828)
	at ptolemy.actor.Manager.preinitializeAndResolveTypes(Manager.java:1040)
	at ptolemy.actor.Manager.initialize(Manager.java:710)
	at ptolemy.actor.Manager.execute(Manager.java:356)
	at ptolemy.actor.Manager.run(Manager.java:1263)
	at ptolemy.actor.Manager$PtolemyRunThread.run(Manager.java:1915)
java.lang.reflect.InvocationTargetException
	at java.base/jdk.internal.reflect.NativeConstructorAccessorImpl.newInstance0(Native Method)
	at java.base/jdk.internal.reflect.NativeConstructorAccessorImpl.newInstance(NativeConstructorAccessorImpl.java:62)
	at java.base/jdk.internal.reflect.DelegatingConstructorAccessorImpl.newInstance(DelegatingConstructorAccessorImpl.java:45)
	at java.base/java.lang.reflect.Constructor.newInstance(Constructor.java:490)
	at ptolemy.util.test.junit.AutoKnownFailedTests.RunModel(AutoKnownFailedTests.java:105)
	at java.base/jdk.internal.reflect.NativeMethodAccessorImpl.invoke0(Native Method)
	at java.base/jdk.internal.reflect.NativeMethodAccessorImpl.invoke(NativeMethodAccessorImpl.java:62)
	at java.base/jdk.internal.reflect.DelegatingMethodAccessorImpl.invoke(DelegatingMethodAccessorImpl.java:43)
	at java.base/java.lang.reflect.Method.invoke(Method.java:566)
	at org.junit.runners.model.FrameworkMethod$1.runReflectiveCall(FrameworkMethod.java:44)
	at org.junit.internal.runners.model.ReflectiveCallable.run(ReflectiveCallable.java:15)
	at org.junit.runners.model.FrameworkMethod.invokeExplosively(FrameworkMethod.java:41)
	at junitparams.internal.InvokeParameterisedMethod.evaluate(InvokeParameterisedMethod.java:102)
	at org.junit.internal.runners.statements.FailOnTimeout$1.run(FailOnTimeout.java:28)
Caused by: ptolemy.kernel.util.IllegalActionException: Found a zero delay loop containing .HierarchicalModel.A
  in .HierarchicalModel and .HierarchicalModel.A
	at ptolemy.actor.util.CausalityInterfaceForComposites._computeOutputPortDepth(CausalityInterfaceForComposites.java:759)
	at ptolemy.actor.util.CausalityInterfaceForComposites._computeInputDepth(CausalityInterfaceForComposites.java:696)
	at ptolemy.actor.util.CausalityInterfaceForComposites._computeOutputPortDepth(CausalityInterfaceForComposites.java:765)
	at ptolemy.actor.util.CausalityInterfaceForComposites._computeInputDepth(CausalityInterfaceForComposites.java:696)
	at ptolemy.actor.util.CausalityInterfaceForComposites._computeOutputPortDepth(CausalityInterfaceForComposites.java:765)
	at ptolemy.actor.util.CausalityInterfaceForComposites._computeInputDepth(CausalityInterfaceForComposites.java:696)
	at ptolemy.actor.util.CausalityInterfaceForComposites._computeActorDepth(CausalityInterfaceForComposites.java:532)
	at ptolemy.actor.util.CausalityInterfaceForComposites.checkForCycles(CausalityInterfaceForComposites.java:96)
	at ptolemy.domains.de.kernel.DEDirector.preinitialize(DEDirector.java:1338)
	at ptolemy.actor.CompositeActor.preinitialize(CompositeActor.java:1828)
	at ptolemy.actor.Manager.preinitializeAndResolveTypes(Manager.java:1040)
	at ptolemy.actor.Manager.initialize(Manager.java:710)
	at ptolemy.actor.Manager.execute(Manager.java:356)
	at ptolemy.actor.Manager.run(Manager.java:1263)
	at ptolemy.actor.Manager$PtolemyRunThread.run(Manager.java:1915)
java.lang.RuntimeException: Execution failed
	at ptolemy.moml.MoMLSimpleApplication$UnloadThread.run(MoMLSimpleApplication.java:402)
Caused by: ptolemy.kernel.util.IllegalActionException: Found a zero delay loop containing .dependencyLoop.original
  in .dependencyLoop and .dependencyLoop.original
	at ptolemy.actor.util.CausalityInterfaceForComposites._computeOutputPortDepth(CausalityInterfaceForComposites.java:759)
	at ptolemy.actor.util.CausalityInterfaceForComposites._computeInputDepth(CausalityInterfaceForComposites.java:696)
	at ptolemy.actor.util.CausalityInterfaceForComposites._computeOutputPortDepth(CausalityInterfaceForComposites.java:765)
	at ptolemy.actor.util.CausalityInterfaceForComposites._computeInputDepth(CausalityInterfaceForComposites.java:696)
	at ptolemy.actor.util.CausalityInterfaceForComposites._computeOutputPortDepth(CausalityInterfaceForComposites.java:765)
	at ptolemy.actor.util.CausalityInterfaceForComposites._computeInputDepth(CausalityInterfaceForComposites.java:696)
	at ptolemy.actor.util.CausalityInterfaceForComposites._computeActorDepth(CausalityInterfaceForComposites.java:532)
	at ptolemy.actor.util.CausalityInterfaceForComposites.checkForCycles(CausalityInterfaceForComposites.java:96)
	at ptolemy.domains.de.kernel.DEDirector.preinitialize(DEDirector.java:1338)
	at ptolemy.actor.CompositeActor.preinitialize(CompositeActor.java:1828)
	at ptolemy.actor.Manager.preinitializeAndResolveTypes(Manager.java:1040)
	at ptolemy.actor.Manager.initialize(Manager.java:710)
	at ptolemy.actor.Manager.execute(Manager.java:356)
	at ptolemy.actor.Manager.run(Manager.java:1263)
	at ptolemy.actor.Manager$PtolemyRunThread.run(Manager.java:1915)
java.lang.reflect.InvocationTargetException
	at java.base/jdk.internal.reflect.NativeConstructorAccessorImpl.newInstance0(Native Method)
	at java.base/jdk.internal.reflect.NativeConstructorAccessorImpl.newInstance(NativeConstructorAccessorImpl.java:62)
	at java.base/jdk.internal.reflect.DelegatingConstructorAccessorImpl.newInstance(DelegatingConstructorAccessorImpl.java:45)
	at java.base/java.lang.reflect.Constructor.newInstance(Constructor.java:490)
	at ptolemy.util.test.junit.AutoKnownFailedTests.RunModel(AutoKnownFailedTests.java:105)
	at java.base/jdk.internal.reflect.NativeMethodAccessorImpl.invoke0(Native Method)
	at java.base/jdk.internal.reflect.NativeMethodAccessorImpl.invoke(NativeMethodAccessorImpl.java:62)
	at java.base/jdk.internal.reflect.DelegatingMethodAccessorImpl.invoke(DelegatingMethodAccessorImpl.java:43)
	at java.base/java.lang.reflect.Method.invoke(Method.java:566)
	at org.junit.runners.model.FrameworkMethod$1.runReflectiveCall(FrameworkMethod.java:44)
	at org.junit.internal.runners.model.ReflectiveCallable.run(ReflectiveCallable.java:15)
	at org.junit.runners.model.FrameworkMethod.invokeExplosively(FrameworkMethod.java:41)
	at junitparams.internal.InvokeParameterisedMethod.evaluate(InvokeParameterisedMethod.java:102)
	at org.junit.internal.runners.statements.FailOnTimeout$1.run(FailOnTimeout.java:28)
Caused by: ptolemy.kernel.util.IllegalActionException: Found a zero delay loop containing .dependencyLoop.original
  in .dependencyLoop and .dependencyLoop.original
	at ptolemy.actor.util.CausalityInterfaceForComposites._computeOutputPortDepth(CausalityInterfaceForComposites.java:759)
	at ptolemy.actor.util.CausalityInterfaceForComposites._computeInputDepth(CausalityInterfaceForComposites.java:696)
	at ptolemy.actor.util.CausalityInterfaceForComposites._computeOutputPortDepth(CausalityInterfaceForComposites.java:765)
	at ptolemy.actor.util.CausalityInterfaceForComposites._computeInputDepth(CausalityInterfaceForComposites.java:696)
	at ptolemy.actor.util.CausalityInterfaceForComposites._computeOutputPortDepth(CausalityInterfaceForComposites.java:765)
	at ptolemy.actor.util.CausalityInterfaceForComposites._computeInputDepth(CausalityInterfaceForComposites.java:696)
	at ptolemy.actor.util.CausalityInterfaceForComposites._computeActorDepth(CausalityInterfaceForComposites.java:532)
	at ptolemy.actor.util.CausalityInterfaceForComposites.checkForCycles(CausalityInterfaceForComposites.java:96)
	at ptolemy.domains.de.kernel.DEDirector.preinitialize(DEDirector.java:1338)
	at ptolemy.actor.CompositeActor.preinitialize(CompositeActor.java:1828)
	at ptolemy.actor.Manager.preinitializeAndResolveTypes(Manager.java:1040)
	at ptolemy.actor.Manager.initialize(Manager.java:710)
	at ptolemy.actor.Manager.execute(Manager.java:356)
	at ptolemy.actor.Manager.run(Manager.java:1263)
	at ptolemy.actor.Manager$PtolemyRunThread.run(Manager.java:1915)
java.lang.RuntimeException: Execution failed
	at ptolemy.moml.MoMLSimpleApplication$UnloadThread.run(MoMLSimpleApplication.java:402)
Caused by: ptolemy.kernel.util.IllegalActionException: Found a zero delay loop containing .dependencyLoop2.original
  in .dependencyLoop2 and .dependencyLoop2.original
	at ptolemy.actor.util.CausalityInterfaceForComposites._computeOutputPortDepth(CausalityInterfaceForComposites.java:759)
	at ptolemy.actor.util.CausalityInterfaceForComposites._computeInputDepth(CausalityInterfaceForComposites.java:696)
	at ptolemy.actor.util.CausalityInterfaceForComposites._computeOutputPortDepth(CausalityInterfaceForComposites.java:765)
	at ptolemy.actor.util.CausalityInterfaceForComposites._computeInputDepth(CausalityInterfaceForComposites.java:696)
	at ptolemy.actor.util.CausalityInterfaceForComposites._computeOutputPortDepth(CausalityInterfaceForComposites.java:765)
	at ptolemy.actor.util.CausalityInterfaceForComposites._computeInputDepth(CausalityInterfaceForComposites.java:696)
	at ptolemy.actor.util.CausalityInterfaceForComposites._computeActorDepth(CausalityInterfaceForComposites.java:532)
	at ptolemy.actor.util.CausalityInterfaceForComposites.checkForCycles(CausalityInterfaceForComposites.java:96)
	at ptolemy.domains.de.kernel.DEDirector.preinitialize(DEDirector.java:1338)
	at ptolemy.actor.CompositeActor.preinitialize(CompositeActor.java:1828)
	at ptolemy.actor.Manager.preinitializeAndResolveTypes(Manager.java:1040)
	at ptolemy.actor.Manager.initialize(Manager.java:710)
	at ptolemy.actor.Manager.execute(Manager.java:356)
	at ptolemy.actor.Manager.run(Manager.java:1263)
	at ptolemy.actor.Manager$PtolemyRunThread.run(Manager.java:1915)
java.lang.reflect.InvocationTargetException
	at java.base/jdk.internal.reflect.NativeConstructorAccessorImpl.newInstance0(Native Method)
	at java.base/jdk.internal.reflect.NativeConstructorAccessorImpl.newInstance(NativeConstructorAccessorImpl.java:62)
	at java.base/jdk.internal.reflect.DelegatingConstructorAccessorImpl.newInstance(DelegatingConstructorAccessorImpl.java:45)
	at java.base/java.lang.reflect.Constructor.newInstance(Constructor.java:490)
	at ptolemy.util.test.junit.AutoKnownFailedTests.RunModel(AutoKnownFailedTests.java:105)
	at java.base/jdk.internal.reflect.NativeMethodAccessorImpl.invoke0(Native Method)
	at java.base/jdk.internal.reflect.NativeMethodAccessorImpl.invoke(NativeMethodAccessorImpl.java:62)
	at java.base/jdk.internal.reflect.DelegatingMethodAccessorImpl.invoke(DelegatingMethodAccessorImpl.java:43)
	at java.base/java.lang.reflect.Method.invoke(Method.java:566)
	at org.junit.runners.model.FrameworkMethod$1.runReflectiveCall(FrameworkMethod.java:44)
	at org.junit.internal.runners.model.ReflectiveCallable.run(ReflectiveCallable.java:15)
	at org.junit.runners.model.FrameworkMethod.invokeExplosively(FrameworkMethod.java:41)
	at junitparams.internal.InvokeParameterisedMethod.evaluate(InvokeParameterisedMethod.java:102)
	at org.junit.internal.runners.statements.FailOnTimeout$1.run(FailOnTimeout.java:28)
Caused by: ptolemy.kernel.util.IllegalActionException: Found a zero delay loop containing .dependencyLoop2.original
  in .dependencyLoop2 and .dependencyLoop2.original
	at ptolemy.actor.util.CausalityInterfaceForComposites._computeOutputPortDepth(CausalityInterfaceForComposites.java:759)
	at ptolemy.actor.util.CausalityInterfaceForComposites._computeInputDepth(CausalityInterfaceForComposites.java:696)
	at ptolemy.actor.util.CausalityInterfaceForComposites._computeOutputPortDepth(CausalityInterfaceForComposites.java:765)
	at ptolemy.actor.util.CausalityInterfaceForComposites._computeInputDepth(CausalityInterfaceForComposites.java:696)
	at ptolemy.actor.util.CausalityInterfaceForComposites._computeOutputPortDepth(CausalityInterfaceForComposites.java:765)
	at ptolemy.actor.util.CausalityInterfaceForComposites._computeInputDepth(CausalityInterfaceForComposites.java:696)
	at ptolemy.actor.util.CausalityInterfaceForComposites._computeActorDepth(CausalityInterfaceForComposites.java:532)
	at ptolemy.actor.util.CausalityInterfaceForComposites.checkForCycles(CausalityInterfaceForComposites.java:96)
	at ptolemy.domains.de.kernel.DEDirector.preinitialize(DEDirector.java:1338)
	at ptolemy.actor.CompositeActor.preinitialize(CompositeActor.java:1828)
	at ptolemy.actor.Manager.preinitializeAndResolveTypes(Manager.java:1040)
	at ptolemy.actor.Manager.initialize(Manager.java:710)
	at ptolemy.actor.Manager.execute(Manager.java:356)
	at ptolemy.actor.Manager.run(Manager.java:1263)
	at ptolemy.actor.Manager$PtolemyRunThread.run(Manager.java:1915)
]]></system-err>
</testsuite>
