<?xml version="1.0" encoding="UTF-8" ?>
<testsuite errors="0" failures="0" hostname="travis-job-19102335-2aae-4d28-87be-e6963195a3de" name="ptolemy.domains.dt.kernel.test.junit.JUnitTclTest" skipped="0" tests="43" time="3.77" timestamp="2019-12-19T06:29:57">
  <properties>
[...]
</properties>
  <testcase classname="ptolemy.util.test.junit.TclTests" name="[0] /home/travis/build/icyphy/ptII/ptolemy/domains/dt/kernel/test/DTDirector.tcl (RunTclFile)" time="0.448" />
  <testcase classname="ptolemy.util.test.junit.TclTests" name="[1] /home/travis/build/icyphy/ptII/ptolemy/domains/dt/kernel/test/DTReceiver.tcl (RunTclFile)" time="0.012" />
  <testcase classname="ptolemy.util.test.junit.AutoKnownFailedTests" name="[0] /home/travis/build/icyphy/ptII/ptolemy/domains/dt/kernel/test/auto/knownFailedTests/DEInsideDT1.xml (RunModel)" time="0.325" />
  <testcase classname="ptolemy.util.test.junit.AutoKnownFailedTests" name="[1] /home/travis/build/icyphy/ptII/ptolemy/domains/dt/kernel/test/auto/knownFailedTests/DTinsideCT1_.xml (RunModel)" time="0.062" />
  <testcase classname="ptolemy.util.test.junit.AutoKnownFailedTests" name="[2] /home/travis/build/icyphy/ptII/ptolemy/domains/dt/kernel/test/auto/knownFailedTests/Dag3.xml (RunModel)" time="0.124" />
  <testcase classname="ptolemy.util.test.junit.AutoKnownFailedTests" name="[3] /home/travis/build/icyphy/ptII/ptolemy/domains/dt/kernel/test/auto/knownFailedTests/sdf_sdf_bug.xml (RunModel)" time="0.143" />
  <testcase classname="ptolemy.util.test.junit.AutoNameArchTests" name="[0] ThereAreNoAutoArchTests (RunModel)" time="0.008" />
  <testcase classname="ptolemy.util.test.junit.AutoTests" name="[0] /home/travis/build/icyphy/ptII/ptolemy/domains/dt/kernel/test/auto/Chain1.xml (RunModel)" time="0.226" />
  <testcase classname="ptolemy.util.test.junit.AutoTests" name="[1] /home/travis/build/icyphy/ptII/ptolemy/domains/dt/kernel/test/auto/Chain2.xml (RunModel)" time="0.107" />
  <testcase classname="ptolemy.util.test.junit.AutoTests" name="[2] /home/travis/build/icyphy/ptII/ptolemy/domains/dt/kernel/test/auto/Chain3.xml (RunModel)" time="0.07" />
  <testcase classname="ptolemy.util.test.junit.AutoTests" name="[3] /home/travis/build/icyphy/ptII/ptolemy/domains/dt/kernel/test/auto/CurrentTimeSource.xml (RunModel)" time="0.04" />
  <testcase classname="ptolemy.util.test.junit.AutoTests" name="[4] /home/travis/build/icyphy/ptII/ptolemy/domains/dt/kernel/test/auto/Dag1.xml (RunModel)" time="0.092" />
  <testcase classname="ptolemy.util.test.junit.AutoTests" name="[5] /home/travis/build/icyphy/ptII/ptolemy/domains/dt/kernel/test/auto/Dag2.xml (RunModel)" time="0.111" />
  <testcase classname="ptolemy.util.test.junit.AutoTests" name="[6] /home/travis/build/icyphy/ptII/ptolemy/domains/dt/kernel/test/auto/DagSingles1.xml (RunModel)" time="0.087" />
  <testcase classname="ptolemy.util.test.junit.AutoTests" name="[7] /home/travis/build/icyphy/ptII/ptolemy/domains/dt/kernel/test/auto/Delay1.xml (RunModel)" time="0.043" />
  <testcase classname="ptolemy.util.test.junit.AutoTests" name="[8] /home/travis/build/icyphy/ptII/ptolemy/domains/dt/kernel/test/auto/Delay2.xml (RunModel)" time="0.03" />
  <testcase classname="ptolemy.util.test.junit.AutoTests" name="[9] /home/travis/build/icyphy/ptII/ptolemy/domains/dt/kernel/test/auto/InvDag1.xml (RunModel)" time="0.033" />
  <testcase classname="ptolemy.util.test.junit.AutoTests" name="[10] /home/travis/build/icyphy/ptII/ptolemy/domains/dt/kernel/test/auto/MultiPort1.xml (RunModel)" time="0.067" />
  <testcase classname="ptolemy.util.test.junit.AutoTests" name="[11] /home/travis/build/icyphy/ptII/ptolemy/domains/dt/kernel/test/auto/MultiPort2.xml (RunModel)" time="0.061" />
  <testcase classname="ptolemy.util.test.junit.AutoTests" name="[12] /home/travis/build/icyphy/ptII/ptolemy/domains/dt/kernel/test/auto/Round.xml (RunModel)" time="0.054" />
  <testcase classname="ptolemy.util.test.junit.AutoTests" name="[13] /home/travis/build/icyphy/ptII/ptolemy/domains/dt/kernel/test/auto/Sink1.xml (RunModel)" time="0.05" />
  <testcase classname="ptolemy.util.test.junit.AutoTests" name="[14] /home/travis/build/icyphy/ptII/ptolemy/domains/dt/kernel/test/auto/SourceSink1.xml (RunModel)" time="0.131" />
  <testcase classname="ptolemy.util.test.junit.AutoTests" name="[15] /home/travis/build/icyphy/ptII/ptolemy/domains/dt/kernel/test/auto/de_dt_1.xml (RunModel)" time="0.08" />
  <testcase classname="ptolemy.util.test.junit.AutoTests" name="[16] /home/travis/build/icyphy/ptII/ptolemy/domains/dt/kernel/test/auto/de_dt_2.xml (RunModel)" time="0.073" />
  <testcase classname="ptolemy.util.test.junit.AutoTests" name="[17] /home/travis/build/icyphy/ptII/ptolemy/domains/dt/kernel/test/auto/dt_dt_opaque1.xml (RunModel)" time="0.039" />
  <testcase classname="ptolemy.util.test.junit.AutoTests" name="[18] /home/travis/build/icyphy/ptII/ptolemy/domains/dt/kernel/test/auto/dt_dt_opaque2.xml (RunModel)" time="0.031" />
  <testcase classname="ptolemy.util.test.junit.AutoTests" name="[19] /home/travis/build/icyphy/ptII/ptolemy/domains/dt/kernel/test/auto/dt_dt_opaque3.xml (RunModel)" time="0.045" />
  <testcase classname="ptolemy.util.test.junit.AutoTests" name="[20] /home/travis/build/icyphy/ptII/ptolemy/domains/dt/kernel/test/auto/dt_dt_opaque4.xml (RunModel)" time="0.028" />
  <testcase classname="ptolemy.util.test.junit.AutoTests" name="[21] /home/travis/build/icyphy/ptII/ptolemy/domains/dt/kernel/test/auto/dt_dt_transparent1.xml (RunModel)" time="0.031" />
  <testcase classname="ptolemy.util.test.junit.AutoTests" name="[22] /home/travis/build/icyphy/ptII/ptolemy/domains/dt/kernel/test/auto/dt_dt_transparent2.xml (RunModel)" time="0.035" />
  <testcase classname="ptolemy.util.test.junit.AutoTests" name="[23] /home/travis/build/icyphy/ptII/ptolemy/domains/dt/kernel/test/auto/dt_dt_transparent3.xml (RunModel)" time="0.033" />
  <testcase classname="ptolemy.util.test.junit.AutoTests" name="[24] /home/travis/build/icyphy/ptII/ptolemy/domains/dt/kernel/test/auto/dt_sdf_1.xml (RunModel)" time="0.03" />
  <testcase classname="ptolemy.util.test.junit.AutoTests" name="[25] /home/travis/build/icyphy/ptII/ptolemy/domains/dt/kernel/test/auto/dt_sdf_2.xml (RunModel)" time="0.03" />
  <testcase classname="ptolemy.util.test.junit.AutoTests" name="[26] /home/travis/build/icyphy/ptII/ptolemy/domains/dt/kernel/test/auto/dt_sdf_3.xml (RunModel)" time="0.045" />
  <testcase classname="ptolemy.util.test.junit.AutoTests" name="[27] /home/travis/build/icyphy/ptII/ptolemy/domains/dt/kernel/test/auto/dt_sdf_dt.xml (RunModel)" time="0.053" />
  <testcase classname="ptolemy.util.test.junit.AutoTests" name="[28] /home/travis/build/icyphy/ptII/ptolemy/domains/dt/kernel/test/auto/fir_downsample.xml (RunModel)" time="0.025" />
  <testcase classname="ptolemy.util.test.junit.AutoTests" name="[29] /home/travis/build/icyphy/ptII/ptolemy/domains/dt/kernel/test/auto/fir_downsample2.xml (RunModel)" time="0.03" />
  <testcase classname="ptolemy.util.test.junit.AutoTests" name="[30] /home/travis/build/icyphy/ptII/ptolemy/domains/dt/kernel/test/auto/inside_period1.xml (RunModel)" time="0.04" />
  <testcase classname="ptolemy.util.test.junit.AutoTests" name="[31] /home/travis/build/icyphy/ptII/ptolemy/domains/dt/kernel/test/auto/inside_period2.xml (RunModel)" time="0.031" />
  <testcase classname="ptolemy.util.test.junit.AutoTests" name="[32] /home/travis/build/icyphy/ptII/ptolemy/domains/dt/kernel/test/auto/pam.xml (RunModel)" time="0.067" />
  <testcase classname="ptolemy.util.test.junit.AutoTests" name="[33] /home/travis/build/icyphy/ptII/ptolemy/domains/dt/kernel/test/auto/postfireFalse.xml (RunModel)" time="0.018" />
  <testcase classname="ptolemy.util.test.junit.AutoTests" name="[34] /home/travis/build/icyphy/ptII/ptolemy/domains/dt/kernel/test/auto/sdf_dt_1.xml (RunModel)" time="0.04" />
  <testcase classname="ptolemy.util.test.junit.AutoTests" name="[35] /home/travis/build/icyphy/ptII/ptolemy/domains/dt/kernel/test/auto/sdf_dt_2.xml (RunModel)" time="0.027" />
  <system-out><![CDATA[/home/travis/build/icyphy/ptII/ptolemy/domains/dt/kernel/test/DTDirector.tcl
testDefs.tcl: setting time out to 9000 seconds at Thu Dec 19 06:29:57 UTC 2019
/home/travis/build/icyphy/ptII/ptolemy/domains/dt/kernel/test/DTReceiver.tcl
12/19/19 06:29:57
Failed: 0  Total Tests: 5  ((Passed: 5, Newly Passed: 0)  Known Failed: 0) /home/travis/build/icyphy/ptII/ptolemy/domains/dt/kernel/test
----------------- testing (KnownFailure) /home/travis/build/icyphy/ptII/ptolemy/domains/dt/kernel/test/auto/knownFailedTests/DEInsideDT1.xml
125 ms. Memory: 129024K Free: 86856K (67%)
Known Failure: java.lang.reflect.InvocationTargetException
----------------- testing (KnownFailure) /home/travis/build/icyphy/ptII/ptolemy/domains/dt/kernel/test/auto/knownFailedTests/DTinsideCT1_.xml
Known Failure: java.lang.reflect.InvocationTargetException
----------------- testing (KnownFailure) /home/travis/build/icyphy/ptII/ptolemy/domains/dt/kernel/test/auto/knownFailedTests/Dag3.xml
40 ms. Memory: 129024K Free: 75078K (58%)
Known Failure: java.lang.reflect.InvocationTargetException
----------------- testing (KnownFailure) /home/travis/build/icyphy/ptII/ptolemy/domains/dt/kernel/test/auto/knownFailedTests/sdf_sdf_bug.xml
35 ms. Memory: 129024K Free: 67910K (53%)
Known Failure: java.lang.reflect.InvocationTargetException
No auto/linux-amd64/*.xml tests in /home/travis/build/icyphy/ptII/ptolemy/domains/dt/kernel/test
AutoTests.java: About to close Vertx.
AutoTests.java: Vertx closed.

===========================================================================================
----------------- testing Thu Dec 19 06:29:59 UTC 2019 /home/travis/build/icyphy/ptII/ptolemy/domains/dt/kernel/test/auto/Chain1.xml
----------------- Instantiating /home/travis/build/icyphy/ptII/ptolemy/domains/dt/kernel/test/auto/Chain1.xml
55 ms. Memory: 129024K Free: 99645K (77%)
----------------- Invoking toplevel() on ptolemy.moml.MoMLSimpleApplication@322f89d9
----------------- Done invoking toplevel() on ptolemy.moml.MoMLSimpleApplication@322f89d9
reloadAllAccessors: .Chain1

===========================================================================================
----------------- testing Thu Dec 19 06:29:59 UTC 2019 /home/travis/build/icyphy/ptII/ptolemy/domains/dt/kernel/test/auto/Chain2.xml
----------------- Instantiating /home/travis/build/icyphy/ptII/ptolemy/domains/dt/kernel/test/auto/Chain2.xml
14 ms. Memory: 129024K Free: 113542K (88%)
----------------- Invoking toplevel() on ptolemy.moml.MoMLSimpleApplication@6ed76e5
----------------- Done invoking toplevel() on ptolemy.moml.MoMLSimpleApplication@6ed76e5
reloadAllAccessors: .Chain2

===========================================================================================
----------------- testing Thu Dec 19 06:29:59 UTC 2019 /home/travis/build/icyphy/ptII/ptolemy/domains/dt/kernel/test/auto/Chain3.xml
----------------- Instantiating /home/travis/build/icyphy/ptII/ptolemy/domains/dt/kernel/test/auto/Chain3.xml
27 ms. Memory: 129024K Free: 103049K (80%)
----------------- Invoking toplevel() on ptolemy.moml.MoMLSimpleApplication@195344c9
----------------- Done invoking toplevel() on ptolemy.moml.MoMLSimpleApplication@195344c9
reloadAllAccessors: .Chain3

===========================================================================================
----------------- testing Thu Dec 19 06:29:59 UTC 2019 /home/travis/build/icyphy/ptII/ptolemy/domains/dt/kernel/test/auto/CurrentTimeSource.xml
----------------- Instantiating /home/travis/build/icyphy/ptII/ptolemy/domains/dt/kernel/test/auto/CurrentTimeSource.xml
3 ms. Memory: 129024K Free: 101208K (78%)
----------------- Invoking toplevel() on ptolemy.moml.MoMLSimpleApplication@705e6900
----------------- Done invoking toplevel() on ptolemy.moml.MoMLSimpleApplication@705e6900
reloadAllAccessors: .CurrentTimeSource

===========================================================================================
----------------- testing Thu Dec 19 06:29:59 UTC 2019 /home/travis/build/icyphy/ptII/ptolemy/domains/dt/kernel/test/auto/Dag1.xml
----------------- Instantiating /home/travis/build/icyphy/ptII/ptolemy/domains/dt/kernel/test/auto/Dag1.xml
13 ms. Memory: 129024K Free: 94605K (73%)
----------------- Invoking toplevel() on ptolemy.moml.MoMLSimpleApplication@1363251
----------------- Done invoking toplevel() on ptolemy.moml.MoMLSimpleApplication@1363251
reloadAllAccessors: .Dag1

===========================================================================================
----------------- testing Thu Dec 19 06:29:59 UTC 2019 /home/travis/build/icyphy/ptII/ptolemy/domains/dt/kernel/test/auto/Dag2.xml
----------------- Instantiating /home/travis/build/icyphy/ptII/ptolemy/domains/dt/kernel/test/auto/Dag2.xml
9 ms. Memory: 129024K Free: 82822K (64%)
----------------- Invoking toplevel() on ptolemy.moml.MoMLSimpleApplication@2e6f893e
----------------- Done invoking toplevel() on ptolemy.moml.MoMLSimpleApplication@2e6f893e
reloadAllAccessors: .Dag2

===========================================================================================
----------------- testing Thu Dec 19 06:29:59 UTC 2019 /home/travis/build/icyphy/ptII/ptolemy/domains/dt/kernel/test/auto/DagSingles1.xml
----------------- Instantiating /home/travis/build/icyphy/ptII/ptolemy/domains/dt/kernel/test/auto/DagSingles1.xml
14 ms. Memory: 129024K Free: 112275K (87%)
----------------- Invoking toplevel() on ptolemy.moml.MoMLSimpleApplication@32277648
----------------- Done invoking toplevel() on ptolemy.moml.MoMLSimpleApplication@32277648
reloadAllAccessors: .DagSingles1

===========================================================================================
----------------- testing Thu Dec 19 06:29:59 UTC 2019 /home/travis/build/icyphy/ptII/ptolemy/domains/dt/kernel/test/auto/Delay1.xml
----------------- Instantiating /home/travis/build/icyphy/ptII/ptolemy/domains/dt/kernel/test/auto/Delay1.xml
6 ms. Memory: 129024K Free: 108179K (84%)
----------------- Invoking toplevel() on ptolemy.moml.MoMLSimpleApplication@236b7122
----------------- Done invoking toplevel() on ptolemy.moml.MoMLSimpleApplication@236b7122
reloadAllAccessors: .Delay1

===========================================================================================
----------------- testing Thu Dec 19 06:29:59 UTC 2019 /home/travis/build/icyphy/ptII/ptolemy/domains/dt/kernel/test/auto/Delay2.xml
----------------- Instantiating /home/travis/build/icyphy/ptII/ptolemy/domains/dt/kernel/test/auto/Delay2.xml
8 ms. Memory: 129024K Free: 105457K (82%)
----------------- Invoking toplevel() on ptolemy.moml.MoMLSimpleApplication@1865506e
----------------- Done invoking toplevel() on ptolemy.moml.MoMLSimpleApplication@1865506e
reloadAllAccessors: .Delay2

===========================================================================================
----------------- testing Thu Dec 19 06:29:59 UTC 2019 /home/travis/build/icyphy/ptII/ptolemy/domains/dt/kernel/test/auto/InvDag1.xml
----------------- Instantiating /home/travis/build/icyphy/ptII/ptolemy/domains/dt/kernel/test/auto/InvDag1.xml
5 ms. Memory: 129024K Free: 99987K (77%)
----------------- Invoking toplevel() on ptolemy.moml.MoMLSimpleApplication@3da32526
----------------- Done invoking toplevel() on ptolemy.moml.MoMLSimpleApplication@3da32526
reloadAllAccessors: .InvDag1

===========================================================================================
----------------- testing Thu Dec 19 06:29:59 UTC 2019 /home/travis/build/icyphy/ptII/ptolemy/domains/dt/kernel/test/auto/MultiPort1.xml
----------------- Instantiating /home/travis/build/icyphy/ptII/ptolemy/domains/dt/kernel/test/auto/MultiPort1.xml
19 ms. Memory: 129024K Free: 93135K (72%)
----------------- Invoking toplevel() on ptolemy.moml.MoMLSimpleApplication@29aa100c
----------------- Done invoking toplevel() on ptolemy.moml.MoMLSimpleApplication@29aa100c
reloadAllAccessors: .MultiPort1

===========================================================================================
----------------- testing Thu Dec 19 06:29:59 UTC 2019 /home/travis/build/icyphy/ptII/ptolemy/domains/dt/kernel/test/auto/MultiPort2.xml
----------------- Instantiating /home/travis/build/icyphy/ptII/ptolemy/domains/dt/kernel/test/auto/MultiPort2.xml
7 ms. Memory: 129024K Free: 84291K (65%)
----------------- Invoking toplevel() on ptolemy.moml.MoMLSimpleApplication@396c7fa4
----------------- Done invoking toplevel() on ptolemy.moml.MoMLSimpleApplication@396c7fa4
reloadAllAccessors: .MultiPort2

===========================================================================================
----------------- testing Thu Dec 19 06:30:00 UTC 2019 /home/travis/build/icyphy/ptII/ptolemy/domains/dt/kernel/test/auto/Round.xml
----------------- Instantiating /home/travis/build/icyphy/ptII/ptolemy/domains/dt/kernel/test/auto/Round.xml
5 ms. Memory: 129024K Free: 80538K (62%)
----------------- Invoking toplevel() on ptolemy.moml.MoMLSimpleApplication@75ef42c3
----------------- Done invoking toplevel() on ptolemy.moml.MoMLSimpleApplication@75ef42c3
reloadAllAccessors: .Round

===========================================================================================
----------------- testing Thu Dec 19 06:30:00 UTC 2019 /home/travis/build/icyphy/ptII/ptolemy/domains/dt/kernel/test/auto/Sink1.xml
----------------- Instantiating /home/travis/build/icyphy/ptII/ptolemy/domains/dt/kernel/test/auto/Sink1.xml
11 ms. Memory: 129024K Free: 73709K (57%)
----------------- Invoking toplevel() on ptolemy.moml.MoMLSimpleApplication@83e4241
----------------- Done invoking toplevel() on ptolemy.moml.MoMLSimpleApplication@83e4241
reloadAllAccessors: .Sink1

===========================================================================================
----------------- testing Thu Dec 19 06:30:00 UTC 2019 /home/travis/build/icyphy/ptII/ptolemy/domains/dt/kernel/test/auto/SourceSink1.xml
----------------- Instantiating /home/travis/build/icyphy/ptII/ptolemy/domains/dt/kernel/test/auto/SourceSink1.xml
33 ms. Memory: 129024K Free: 98293K (76%)
----------------- Invoking toplevel() on ptolemy.moml.MoMLSimpleApplication@3c0c5d2c
----------------- Done invoking toplevel() on ptolemy.moml.MoMLSimpleApplication@3c0c5d2c
reloadAllAccessors: .SourceSink1

===========================================================================================
----------------- testing Thu Dec 19 06:30:00 UTC 2019 /home/travis/build/icyphy/ptII/ptolemy/domains/dt/kernel/test/auto/de_dt_1.xml
----------------- Instantiating /home/travis/build/icyphy/ptII/ptolemy/domains/dt/kernel/test/auto/de_dt_1.xml
50 ms. Memory: 129024K Free: 91535K (71%)
----------------- Invoking toplevel() on ptolemy.moml.MoMLSimpleApplication@2bff1934
----------------- Done invoking toplevel() on ptolemy.moml.MoMLSimpleApplication@2bff1934
reloadAllAccessors: .de_dt_1

===========================================================================================
----------------- testing Thu Dec 19 06:30:00 UTC 2019 /home/travis/build/icyphy/ptII/ptolemy/domains/dt/kernel/test/auto/de_dt_2.xml
----------------- Instantiating /home/travis/build/icyphy/ptII/ptolemy/domains/dt/kernel/test/auto/de_dt_2.xml
37 ms. Memory: 129024K Free: 84367K (65%)
----------------- Invoking toplevel() on ptolemy.moml.MoMLSimpleApplication@3b544586
----------------- Done invoking toplevel() on ptolemy.moml.MoMLSimpleApplication@3b544586
reloadAllAccessors: .de_dt_2

===========================================================================================
----------------- testing Thu Dec 19 06:30:00 UTC 2019 /home/travis/build/icyphy/ptII/ptolemy/domains/dt/kernel/test/auto/dt_dt_opaque1.xml
----------------- Instantiating /home/travis/build/icyphy/ptII/ptolemy/domains/dt/kernel/test/auto/dt_dt_opaque1.xml
11 ms. Memory: 129024K Free: 78799K (61%)
----------------- Invoking toplevel() on ptolemy.moml.MoMLSimpleApplication@15b87c7
----------------- Done invoking toplevel() on ptolemy.moml.MoMLSimpleApplication@15b87c7
reloadAllAccessors: .dt_dt_opaque1

===========================================================================================
----------------- testing Thu Dec 19 06:30:00 UTC 2019 /home/travis/build/icyphy/ptII/ptolemy/domains/dt/kernel/test/auto/dt_dt_opaque2.xml
----------------- Instantiating /home/travis/build/icyphy/ptII/ptolemy/domains/dt/kernel/test/auto/dt_dt_opaque2.xml
8 ms. Memory: 129024K Free: 72655K (56%)
----------------- Invoking toplevel() on ptolemy.moml.MoMLSimpleApplication@e147e6
----------------- Done invoking toplevel() on ptolemy.moml.MoMLSimpleApplication@e147e6
reloadAllAccessors: .dt_dt_opaque2

===========================================================================================
----------------- testing Thu Dec 19 06:30:00 UTC 2019 /home/travis/build/icyphy/ptII/ptolemy/domains/dt/kernel/test/auto/dt_dt_opaque3.xml
----------------- Instantiating /home/travis/build/icyphy/ptII/ptolemy/domains/dt/kernel/test/auto/dt_dt_opaque3.xml
11 ms. Memory: 129024K Free: 64501K (50%)
----------------- Invoking toplevel() on ptolemy.moml.MoMLSimpleApplication@4e896356
----------------- Done invoking toplevel() on ptolemy.moml.MoMLSimpleApplication@4e896356
reloadAllAccessors: .dt_dt_opaque3

===========================================================================================
----------------- testing Thu Dec 19 06:30:00 UTC 2019 /home/travis/build/icyphy/ptII/ptolemy/domains/dt/kernel/test/auto/dt_dt_opaque4.xml
----------------- Instantiating /home/travis/build/icyphy/ptII/ptolemy/domains/dt/kernel/test/auto/dt_dt_opaque4.xml
6 ms. Memory: 129024K Free: 56279K (44%)
----------------- Invoking toplevel() on ptolemy.moml.MoMLSimpleApplication@24386774
----------------- Done invoking toplevel() on ptolemy.moml.MoMLSimpleApplication@24386774
reloadAllAccessors: .dt_dt_opaque4

===========================================================================================
----------------- testing Thu Dec 19 06:30:00 UTC 2019 /home/travis/build/icyphy/ptII/ptolemy/domains/dt/kernel/test/auto/dt_dt_transparent1.xml
----------------- Instantiating /home/travis/build/icyphy/ptII/ptolemy/domains/dt/kernel/test/auto/dt_dt_transparent1.xml
7 ms. Memory: 129024K Free: 113817K (88%)
----------------- Invoking toplevel() on ptolemy.moml.MoMLSimpleApplication@508dc7f7
----------------- Done invoking toplevel() on ptolemy.moml.MoMLSimpleApplication@508dc7f7
reloadAllAccessors: .dt_dt_transparent1

===========================================================================================
----------------- testing Thu Dec 19 06:30:00 UTC 2019 /home/travis/build/icyphy/ptII/ptolemy/domains/dt/kernel/test/auto/dt_dt_transparent2.xml
----------------- Instantiating /home/travis/build/icyphy/ptII/ptolemy/domains/dt/kernel/test/auto/dt_dt_transparent2.xml
8 ms. Memory: 129024K Free: 107086K (83%)
----------------- Invoking toplevel() on ptolemy.moml.MoMLSimpleApplication@3f8324c9
----------------- Done invoking toplevel() on ptolemy.moml.MoMLSimpleApplication@3f8324c9
reloadAllAccessors: .dt_dt_transparent2

===========================================================================================
----------------- testing Thu Dec 19 06:30:00 UTC 2019 /home/travis/build/icyphy/ptII/ptolemy/domains/dt/kernel/test/auto/dt_dt_transparent3.xml
----------------- Instantiating /home/travis/build/icyphy/ptII/ptolemy/domains/dt/kernel/test/auto/dt_dt_transparent3.xml
9 ms. Memory: 129024K Free: 100505K (78%)
----------------- Invoking toplevel() on ptolemy.moml.MoMLSimpleApplication@1fee6527
----------------- Done invoking toplevel() on ptolemy.moml.MoMLSimpleApplication@1fee6527
reloadAllAccessors: .dt_dt_transparent3

===========================================================================================
----------------- testing Thu Dec 19 06:30:00 UTC 2019 /home/travis/build/icyphy/ptII/ptolemy/domains/dt/kernel/test/auto/dt_sdf_1.xml
----------------- Instantiating /home/travis/build/icyphy/ptII/ptolemy/domains/dt/kernel/test/auto/dt_sdf_1.xml
10 ms. Memory: 129024K Free: 94798K (73%)
----------------- Invoking toplevel() on ptolemy.moml.MoMLSimpleApplication@5d1e56a7
----------------- Done invoking toplevel() on ptolemy.moml.MoMLSimpleApplication@5d1e56a7
reloadAllAccessors: .dt_sdf_1

===========================================================================================
----------------- testing Thu Dec 19 06:30:00 UTC 2019 /home/travis/build/icyphy/ptII/ptolemy/domains/dt/kernel/test/auto/dt_sdf_2.xml
----------------- Instantiating /home/travis/build/icyphy/ptII/ptolemy/domains/dt/kernel/test/auto/dt_sdf_2.xml
9 ms. Memory: 129024K Free: 88171K (68%)
----------------- Invoking toplevel() on ptolemy.moml.MoMLSimpleApplication@42d86d3b
----------------- Done invoking toplevel() on ptolemy.moml.MoMLSimpleApplication@42d86d3b
reloadAllAccessors: .dt_sdf_2

===========================================================================================
----------------- testing Thu Dec 19 06:30:00 UTC 2019 /home/travis/build/icyphy/ptII/ptolemy/domains/dt/kernel/test/auto/dt_sdf_3.xml
----------------- Instantiating /home/travis/build/icyphy/ptII/ptolemy/domains/dt/kernel/test/auto/dt_sdf_3.xml
9 ms. Memory: 129024K Free: 79995K (62%)
----------------- Invoking toplevel() on ptolemy.moml.MoMLSimpleApplication@61625fc4
----------------- Done invoking toplevel() on ptolemy.moml.MoMLSimpleApplication@61625fc4
reloadAllAccessors: .dt_sdf_3

===========================================================================================
----------------- testing Thu Dec 19 06:30:00 UTC 2019 /home/travis/build/icyphy/ptII/ptolemy/domains/dt/kernel/test/auto/dt_sdf_dt.xml
----------------- Instantiating /home/travis/build/icyphy/ptII/ptolemy/domains/dt/kernel/test/auto/dt_sdf_dt.xml
13 ms. Memory: 129024K Free: 67647K (52%)
----------------- Invoking toplevel() on ptolemy.moml.MoMLSimpleApplication@1efc1e4c
----------------- Done invoking toplevel() on ptolemy.moml.MoMLSimpleApplication@1efc1e4c
reloadAllAccessors: .dt_sdf_dt

===========================================================================================
----------------- testing Thu Dec 19 06:30:00 UTC 2019 /home/travis/build/icyphy/ptII/ptolemy/domains/dt/kernel/test/auto/fir_downsample.xml
----------------- Instantiating /home/travis/build/icyphy/ptII/ptolemy/domains/dt/kernel/test/auto/fir_downsample.xml
3 ms. Memory: 129024K Free: 63493K (49%)
----------------- Invoking toplevel() on ptolemy.moml.MoMLSimpleApplication@5bf0189e
----------------- Done invoking toplevel() on ptolemy.moml.MoMLSimpleApplication@5bf0189e
reloadAllAccessors: .fir_downsample

===========================================================================================
----------------- testing Thu Dec 19 06:30:00 UTC 2019 /home/travis/build/icyphy/ptII/ptolemy/domains/dt/kernel/test/auto/fir_downsample2.xml
----------------- Instantiating /home/travis/build/icyphy/ptII/ptolemy/domains/dt/kernel/test/auto/fir_downsample2.xml
8 ms. Memory: 129024K Free: 59397K (46%)
----------------- Invoking toplevel() on ptolemy.moml.MoMLSimpleApplication@3c9600ae
----------------- Done invoking toplevel() on ptolemy.moml.MoMLSimpleApplication@3c9600ae
reloadAllAccessors: .fir_downsample2

===========================================================================================
----------------- testing Thu Dec 19 06:30:00 UTC 2019 /home/travis/build/icyphy/ptII/ptolemy/domains/dt/kernel/test/auto/inside_period1.xml
----------------- Instantiating /home/travis/build/icyphy/ptII/ptolemy/domains/dt/kernel/test/auto/inside_period1.xml
15 ms. Memory: 129024K Free: 50766K (39%)
----------------- Invoking toplevel() on ptolemy.moml.MoMLSimpleApplication@17e144cd
----------------- Done invoking toplevel() on ptolemy.moml.MoMLSimpleApplication@17e144cd
reloadAllAccessors: .inside_period1

===========================================================================================
----------------- testing Thu Dec 19 06:30:00 UTC 2019 /home/travis/build/icyphy/ptII/ptolemy/domains/dt/kernel/test/auto/inside_period2.xml
----------------- Instantiating /home/travis/build/icyphy/ptII/ptolemy/domains/dt/kernel/test/auto/inside_period2.xml
7 ms. Memory: 129024K Free: 108457K (84%)
----------------- Invoking toplevel() on ptolemy.moml.MoMLSimpleApplication@14922700
----------------- Done invoking toplevel() on ptolemy.moml.MoMLSimpleApplication@14922700
reloadAllAccessors: .inside_period2

===========================================================================================
----------------- testing Thu Dec 19 06:30:00 UTC 2019 /home/travis/build/icyphy/ptII/ptolemy/domains/dt/kernel/test/auto/pam.xml
----------------- Instantiating /home/travis/build/icyphy/ptII/ptolemy/domains/dt/kernel/test/auto/pam.xml
25 ms. Memory: 129024K Free: 100795K (78%)
----------------- Invoking toplevel() on ptolemy.moml.MoMLSimpleApplication@5753d37a
----------------- Done invoking toplevel() on ptolemy.moml.MoMLSimpleApplication@5753d37a
reloadAllAccessors: .pam

===========================================================================================
----------------- testing Thu Dec 19 06:30:01 UTC 2019 /home/travis/build/icyphy/ptII/ptolemy/domains/dt/kernel/test/auto/postfireFalse.xml
----------------- Instantiating /home/travis/build/icyphy/ptII/ptolemy/domains/dt/kernel/test/auto/postfireFalse.xml
5 ms. Memory: 129024K Free: 97209K (75%)
----------------- Invoking toplevel() on ptolemy.moml.MoMLSimpleApplication@18f592f2
----------------- Done invoking toplevel() on ptolemy.moml.MoMLSimpleApplication@18f592f2
reloadAllAccessors: .postfireFalse

===========================================================================================
----------------- testing Thu Dec 19 06:30:01 UTC 2019 /home/travis/build/icyphy/ptII/ptolemy/domains/dt/kernel/test/auto/sdf_dt_1.xml
----------------- Instantiating /home/travis/build/icyphy/ptII/ptolemy/domains/dt/kernel/test/auto/sdf_dt_1.xml
19 ms. Memory: 129024K Free: 91049K (71%)
----------------- Invoking toplevel() on ptolemy.moml.MoMLSimpleApplication@3124726b
----------------- Done invoking toplevel() on ptolemy.moml.MoMLSimpleApplication@3124726b
reloadAllAccessors: .sdf_dt_1

===========================================================================================
----------------- testing Thu Dec 19 06:30:01 UTC 2019 /home/travis/build/icyphy/ptII/ptolemy/domains/dt/kernel/test/auto/sdf_dt_2.xml
----------------- Instantiating /home/travis/build/icyphy/ptII/ptolemy/domains/dt/kernel/test/auto/sdf_dt_2.xml
7 ms. Memory: 129024K Free: 83387K (65%)
----------------- Invoking toplevel() on ptolemy.moml.MoMLSimpleApplication@6e268d11
----------------- Done invoking toplevel() on ptolemy.moml.MoMLSimpleApplication@6e268d11
reloadAllAccessors: .sdf_dt_2
AutoTests.java: About to close Vertx.
AutoTests.java: Vertx closed.
]]></system-out>
  <system-err><![CDATA[java.lang.RuntimeException: Execution failed
	at ptolemy.moml.MoMLSimpleApplication$UnloadThread.run(MoMLSimpleApplication.java:402)
Caused by: ptolemy.kernel.util.IllegalActionException: Timing incompatibility error: DT0 is unable to fire DE_model at the requested time: 1.0. It responds it will fire it at: 10.0.
  in .deInsideDT.DE_model.DE0
	at ptolemy.actor.Director.fireContainerAt(Director.java:558)
	at ptolemy.domains.de.kernel.DEDirector._requestFiring(DEDirector.java:2708)
	at ptolemy.domains.de.kernel.DEDirector.postfire(DEDirector.java:1078)
	at ptolemy.actor.CompositeActor.postfire(CompositeActor.java:1668)
	at ptolemy.actor.CompositeActor.iterate(CompositeActor.java:1153)
	at ptolemy.actor.sched.StaticSchedulingDirector.fire(StaticSchedulingDirector.java:216)
	at ptolemy.domains.sdf.kernel.SDFDirector.fire(SDFDirector.java:500)
	at ptolemy.domains.dt.kernel.DTDirector.fire(DTDirector.java:347)
	at ptolemy.actor.CompositeActor.fire(CompositeActor.java:455)
	at ptolemy.actor.Manager.iterate(Manager.java:851)
	at ptolemy.actor.Manager.execute(Manager.java:369)
	at ptolemy.actor.Manager.run(Manager.java:1263)
	at ptolemy.actor.Manager$PtolemyRunThread.run(Manager.java:1933)
java.lang.reflect.InvocationTargetException
	at java.base/jdk.internal.reflect.NativeConstructorAccessorImpl.newInstance0(Native Method)
	at java.base/jdk.internal.reflect.NativeConstructorAccessorImpl.newInstance(NativeConstructorAccessorImpl.java:62)
	at java.base/jdk.internal.reflect.DelegatingConstructorAccessorImpl.newInstance(DelegatingConstructorAccessorImpl.java:45)
	at java.base/java.lang.reflect.Constructor.newInstance(Constructor.java:490)
	at ptolemy.util.test.junit.AutoKnownFailedTests.RunModel(AutoKnownFailedTests.java:105)
	at java.base/jdk.internal.reflect.NativeMethodAccessorImpl.invoke0(Native Method)
	at java.base/jdk.internal.reflect.NativeMethodAccessorImpl.invoke(NativeMethodAccessorImpl.java:62)
	at java.base/jdk.internal.reflect.DelegatingMethodAccessorImpl.invoke(DelegatingMethodAccessorImpl.java:43)
	at java.base/java.lang.reflect.Method.invoke(Method.java:566)
	at org.junit.runners.model.FrameworkMethod$1.runReflectiveCall(FrameworkMethod.java:44)
	at org.junit.internal.runners.model.ReflectiveCallable.run(ReflectiveCallable.java:15)
	at org.junit.runners.model.FrameworkMethod.invokeExplosively(FrameworkMethod.java:41)
	at junitparams.internal.InvokeParameterisedMethod.evaluate(InvokeParameterisedMethod.java:102)
	at org.junit.internal.runners.statements.FailOnTimeout$1.run(FailOnTimeout.java:28)
Caused by: ptolemy.kernel.util.IllegalActionException: Timing incompatibility error: DT0 is unable to fire DE_model at the requested time: 1.0. It responds it will fire it at: 10.0.
  in .deInsideDT.DE_model.DE0
	at ptolemy.actor.Director.fireContainerAt(Director.java:558)
	at ptolemy.domains.de.kernel.DEDirector._requestFiring(DEDirector.java:2708)
	at ptolemy.domains.de.kernel.DEDirector.postfire(DEDirector.java:1078)
	at ptolemy.actor.CompositeActor.postfire(CompositeActor.java:1668)
	at ptolemy.actor.CompositeActor.iterate(CompositeActor.java:1153)
	at ptolemy.actor.sched.StaticSchedulingDirector.fire(StaticSchedulingDirector.java:216)
	at ptolemy.domains.sdf.kernel.SDFDirector.fire(SDFDirector.java:500)
	at ptolemy.domains.dt.kernel.DTDirector.fire(DTDirector.java:347)
	at ptolemy.actor.CompositeActor.fire(CompositeActor.java:455)
	at ptolemy.actor.Manager.iterate(Manager.java:851)
	at ptolemy.actor.Manager.execute(Manager.java:369)
	at ptolemy.actor.Manager.run(Manager.java:1263)
	at ptolemy.actor.Manager$PtolemyRunThread.run(Manager.java:1933)
java.lang.reflect.InvocationTargetException
	at java.base/jdk.internal.reflect.NativeConstructorAccessorImpl.newInstance0(Native Method)
	at java.base/jdk.internal.reflect.NativeConstructorAccessorImpl.newInstance(NativeConstructorAccessorImpl.java:62)
	at java.base/jdk.internal.reflect.DelegatingConstructorAccessorImpl.newInstance(DelegatingConstructorAccessorImpl.java:45)
	at java.base/java.lang.reflect.Constructor.newInstance(Constructor.java:490)
	at ptolemy.util.test.junit.AutoKnownFailedTests.RunModel(AutoKnownFailedTests.java:105)
	at java.base/jdk.internal.reflect.NativeMethodAccessorImpl.invoke0(Native Method)
	at java.base/jdk.internal.reflect.NativeMethodAccessorImpl.invoke(NativeMethodAccessorImpl.java:62)
	at java.base/jdk.internal.reflect.DelegatingMethodAccessorImpl.invoke(DelegatingMethodAccessorImpl.java:43)
	at java.base/java.lang.reflect.Method.invoke(Method.java:566)
	at org.junit.runners.model.FrameworkMethod$1.runReflectiveCall(FrameworkMethod.java:44)
	at org.junit.internal.runners.model.ReflectiveCallable.run(ReflectiveCallable.java:15)
	at org.junit.runners.model.FrameworkMethod.invokeExplosively(FrameworkMethod.java:41)
	at junitparams.internal.InvokeParameterisedMethod.evaluate(InvokeParameterisedMethod.java:102)
	at org.junit.internal.runners.statements.FailOnTimeout$1.run(FailOnTimeout.java:28)
Caused by: com.microstar.xml.XmlException: Failed to find class 'ptolemy.domains.ct.kernel.CTScheduler' in file:/home/travis/build/icyphy/ptII/ptolemy/domains/dt/kernel/test/auto/knownFailedTests/DTinsideCT1_.xml at line 40 and column 71
Caused by:
 java.lang.ClassNotFoundException: ptolemy.domains.ct.kernel.CTScheduler
	at ptolemy.moml.MoMLParser._handlePropertyElement(MoMLParser.java:5911)
	at ptolemy.moml.MoMLParser.startElement(MoMLParser.java:3309)
	at com.microstar.xml.XmlParser.parseElement(XmlParser.java:921)
	at com.microstar.xml.XmlParser.parseContent(XmlParser.java:1104)
	at com.microstar.xml.XmlParser.parseElement(XmlParser.java:924)
	at com.microstar.xml.XmlParser.parseContent(XmlParser.java:1104)
	at com.microstar.xml.XmlParser.parseElement(XmlParser.java:924)
	at com.microstar.xml.XmlParser.parseDocument(XmlParser.java:481)
	at com.microstar.xml.XmlParser.doParse(XmlParser.java:159)
	at com.microstar.xml.XmlParser.parse(XmlParser.java:132)
	at ptolemy.moml.MoMLParser.parse(MoMLParser.java:1660)
	at ptolemy.moml.MoMLParser.parse(MoMLParser.java:1595)
	at ptolemy.moml.MoMLParser.parse(MoMLParser.java:1537)
	at ptolemy.moml.MoMLSimpleApplication.<init>(MoMLSimpleApplication.java:123)
	... 14 more
Caused by: java.lang.ClassNotFoundException: ptolemy.domains.ct.kernel.CTScheduler
	at java.base/jdk.internal.loader.BuiltinClassLoader.loadClass(BuiltinClassLoader.java:583)
	at java.base/jdk.internal.loader.ClassLoaders$AppClassLoader.loadClass(ClassLoaders.java:178)
	at java.base/java.lang.ClassLoader.loadClass(ClassLoader.java:521)
	at ptolemy.moml.MoMLParser._loadClass(MoMLParser.java:6402)
	at ptolemy.moml.MoMLParser._handlePropertyElement(MoMLParser.java:5906)
	... 27 more
java.lang.RuntimeException: Execution failed
	at ptolemy.moml.MoMLSimpleApplication$UnloadThread.run(MoMLSimpleApplication.java:402)
Caused by: ptolemy.kernel.util.IllegalActionException: Test fails in iteration 1.
Value was: 0.5555555556. Should have been: 11.1111111
  in .Dag3.Test18
	at ptolemy.actor.lib.Test.fire(Test.java:268)
	at ptolemy.actor.AtomicActor.iterate(AtomicActor.java:512)
	at ptolemy.actor.sched.StaticSchedulingDirector.fire(StaticSchedulingDirector.java:216)
	at ptolemy.domains.sdf.kernel.SDFDirector.fire(SDFDirector.java:500)
	at ptolemy.domains.dt.kernel.DTDirector.fire(DTDirector.java:347)
	at ptolemy.actor.CompositeActor.fire(CompositeActor.java:455)
	at ptolemy.actor.Manager.iterate(Manager.java:851)
	at ptolemy.actor.Manager.execute(Manager.java:369)
	at ptolemy.actor.Manager.run(Manager.java:1263)
	at ptolemy.actor.Manager$PtolemyRunThread.run(Manager.java:1933)
java.lang.reflect.InvocationTargetException
	at java.base/jdk.internal.reflect.NativeConstructorAccessorImpl.newInstance0(Native Method)
	at java.base/jdk.internal.reflect.NativeConstructorAccessorImpl.newInstance(NativeConstructorAccessorImpl.java:62)
	at java.base/jdk.internal.reflect.DelegatingConstructorAccessorImpl.newInstance(DelegatingConstructorAccessorImpl.java:45)
	at java.base/java.lang.reflect.Constructor.newInstance(Constructor.java:490)
	at ptolemy.util.test.junit.AutoKnownFailedTests.RunModel(AutoKnownFailedTests.java:105)
	at java.base/jdk.internal.reflect.NativeMethodAccessorImpl.invoke0(Native Method)
	at java.base/jdk.internal.reflect.NativeMethodAccessorImpl.invoke(NativeMethodAccessorImpl.java:62)
	at java.base/jdk.internal.reflect.DelegatingMethodAccessorImpl.invoke(DelegatingMethodAccessorImpl.java:43)
	at java.base/java.lang.reflect.Method.invoke(Method.java:566)
	at org.junit.runners.model.FrameworkMethod$1.runReflectiveCall(FrameworkMethod.java:44)
	at org.junit.internal.runners.model.ReflectiveCallable.run(ReflectiveCallable.java:15)
	at org.junit.runners.model.FrameworkMethod.invokeExplosively(FrameworkMethod.java:41)
	at junitparams.internal.InvokeParameterisedMethod.evaluate(InvokeParameterisedMethod.java:102)
	at org.junit.internal.runners.statements.FailOnTimeout$1.run(FailOnTimeout.java:28)
Caused by: ptolemy.kernel.util.IllegalActionException: Test fails in iteration 1.
Value was: 0.5555555556. Should have been: 11.1111111
  in .Dag3.Test18
	at ptolemy.actor.lib.Test.fire(Test.java:268)
	at ptolemy.actor.AtomicActor.iterate(AtomicActor.java:512)
	at ptolemy.actor.sched.StaticSchedulingDirector.fire(StaticSchedulingDirector.java:216)
	at ptolemy.domains.sdf.kernel.SDFDirector.fire(SDFDirector.java:500)
	at ptolemy.domains.dt.kernel.DTDirector.fire(DTDirector.java:347)
	at ptolemy.actor.CompositeActor.fire(CompositeActor.java:455)
	at ptolemy.actor.Manager.iterate(Manager.java:851)
	at ptolemy.actor.Manager.execute(Manager.java:369)
	at ptolemy.actor.Manager.run(Manager.java:1263)
	at ptolemy.actor.Manager$PtolemyRunThread.run(Manager.java:1933)
java.lang.RuntimeException: Execution failed
	at ptolemy.moml.MoMLSimpleApplication$UnloadThread.run(MoMLSimpleApplication.java:402)
Caused by: ptolemy.kernel.util.IllegalActionException: Test fails in iteration 0.
Value was: 0.0. Should have been: true
  in .sdf_sdf.typed composite actor3.Test1
	at ptolemy.actor.lib.Test.fire(Test.java:268)
	at ptolemy.actor.AtomicActor.iterate(AtomicActor.java:512)
	at ptolemy.actor.sched.StaticSchedulingDirector.fire(StaticSchedulingDirector.java:216)
	at ptolemy.domains.sdf.kernel.SDFDirector.fire(SDFDirector.java:500)
	at ptolemy.actor.CompositeActor.fire(CompositeActor.java:455)
	at ptolemy.actor.CompositeActor.iterate(CompositeActor.java:1146)
	at ptolemy.actor.sched.StaticSchedulingDirector.fire(StaticSchedulingDirector.java:216)
	at ptolemy.domains.sdf.kernel.SDFDirector.fire(SDFDirector.java:500)
	at ptolemy.actor.CompositeActor.fire(CompositeActor.java:455)
	at ptolemy.actor.Manager.iterate(Manager.java:851)
	at ptolemy.actor.Manager.execute(Manager.java:369)
	at ptolemy.actor.Manager.run(Manager.java:1263)
	at ptolemy.actor.Manager$PtolemyRunThread.run(Manager.java:1933)
java.lang.reflect.InvocationTargetException
	at java.base/jdk.internal.reflect.NativeConstructorAccessorImpl.newInstance0(Native Method)
	at java.base/jdk.internal.reflect.NativeConstructorAccessorImpl.newInstance(NativeConstructorAccessorImpl.java:62)
	at java.base/jdk.internal.reflect.DelegatingConstructorAccessorImpl.newInstance(DelegatingConstructorAccessorImpl.java:45)
	at java.base/java.lang.reflect.Constructor.newInstance(Constructor.java:490)
	at ptolemy.util.test.junit.AutoKnownFailedTests.RunModel(AutoKnownFailedTests.java:105)
	at java.base/jdk.internal.reflect.NativeMethodAccessorImpl.invoke0(Native Method)
	at java.base/jdk.internal.reflect.NativeMethodAccessorImpl.invoke(NativeMethodAccessorImpl.java:62)
	at java.base/jdk.internal.reflect.DelegatingMethodAccessorImpl.invoke(DelegatingMethodAccessorImpl.java:43)
	at java.base/java.lang.reflect.Method.invoke(Method.java:566)
	at org.junit.runners.model.FrameworkMethod$1.runReflectiveCall(FrameworkMethod.java:44)
	at org.junit.internal.runners.model.ReflectiveCallable.run(ReflectiveCallable.java:15)
	at org.junit.runners.model.FrameworkMethod.invokeExplosively(FrameworkMethod.java:41)
	at junitparams.internal.InvokeParameterisedMethod.evaluate(InvokeParameterisedMethod.java:102)
	at org.junit.internal.runners.statements.FailOnTimeout$1.run(FailOnTimeout.java:28)
Caused by: ptolemy.kernel.util.IllegalActionException: Test fails in iteration 0.
Value was: 0.0. Should have been: true
  in .sdf_sdf.typed composite actor3.Test1
	at ptolemy.actor.lib.Test.fire(Test.java:268)
	at ptolemy.actor.AtomicActor.iterate(AtomicActor.java:512)
	at ptolemy.actor.sched.StaticSchedulingDirector.fire(StaticSchedulingDirector.java:216)
	at ptolemy.domains.sdf.kernel.SDFDirector.fire(SDFDirector.java:500)
	at ptolemy.actor.CompositeActor.fire(CompositeActor.java:455)
	at ptolemy.actor.CompositeActor.iterate(CompositeActor.java:1146)
	at ptolemy.actor.sched.StaticSchedulingDirector.fire(StaticSchedulingDirector.java:216)
	at ptolemy.domains.sdf.kernel.SDFDirector.fire(SDFDirector.java:500)
	at ptolemy.actor.CompositeActor.fire(CompositeActor.java:455)
	at ptolemy.actor.Manager.iterate(Manager.java:851)
	at ptolemy.actor.Manager.execute(Manager.java:369)
	at ptolemy.actor.Manager.run(Manager.java:1263)
	at ptolemy.actor.Manager$PtolemyRunThread.run(Manager.java:1933)
]]></system-err>
</testsuite>
