<?xml version="1.0" encoding="UTF-8" ?>
<testsuite errors="0" failures="0" hostname="travis-job-33590a36-23b3-46ce-843f-8c876d286a35" name="ptolemy.domains.de.test.junit.JUnitTclTest" skipped="0" tests="101" time="120.859" timestamp="2020-09-02T15:36:14">
  <properties>
[...]
</properties>
  <testcase classname="ptolemy.util.test.junit.TclTests" name="[0] /home/travis/build/icyphy/ptII/ptolemy/domains/de/test/DependencyLoop.tcl (RunTclFile)" time="0.982" />
  <testcase classname="ptolemy.util.test.junit.TclTests" name="[1] /home/travis/build/icyphy/ptII/ptolemy/domains/de/test/RunDETestsAsQSS.tcl (RunTclFile)" time="81.514" />
  <testcase classname="ptolemy.util.test.junit.AutoKnownFailedTests" name="[0] /home/travis/build/icyphy/ptII/ptolemy/domains/de/test/auto/knownFailedTests/DESDFClockTest.xml (RunModel)" time="2.036" />
  <testcase classname="ptolemy.util.test.junit.AutoKnownFailedTests" name="[1] /home/travis/build/icyphy/ptII/ptolemy/domains/de/test/auto/knownFailedTests/DirectFeedback.xml (RunModel)" time="0.013" />
  <testcase classname="ptolemy.util.test.junit.AutoKnownFailedTests" name="[2] /home/travis/build/icyphy/ptII/ptolemy/domains/de/test/auto/knownFailedTests/FSMSource.xml (RunModel)" time="0.031" />
  <testcase classname="ptolemy.util.test.junit.AutoKnownFailedTests" name="[3] /home/travis/build/icyphy/ptII/ptolemy/domains/de/test/auto/knownFailedTests/HierarchicalModel.xml (RunModel)" time="0.056" />
  <testcase classname="ptolemy.util.test.junit.AutoKnownFailedTests" name="[4] /home/travis/build/icyphy/ptII/ptolemy/domains/de/test/auto/knownFailedTests/dependencyLoop.xml (RunModel)" time="0.046" />
  <testcase classname="ptolemy.util.test.junit.AutoKnownFailedTests" name="[5] /home/travis/build/icyphy/ptII/ptolemy/domains/de/test/auto/knownFailedTests/dependencyLoop2.xml (RunModel)" time="0.045" />
  <testcase classname="ptolemy.util.test.junit.AutoNameArchTests" name="[0] ThereAreNoAutoArchTests (RunModel)" time="0.004" />
  <testcase classname="ptolemy.util.test.junit.AutoTests" name="[0] /home/travis/build/icyphy/ptII/ptolemy/domains/de/test/auto/ActorDepthCalculation_actorWithoutPorts.xml (RunModel)" time="0.015" />
  <testcase classname="ptolemy.util.test.junit.AutoTests" name="[1] /home/travis/build/icyphy/ptII/ptolemy/domains/de/test/auto/AssemblyLine.xml (RunModel)" time="0.024" />
  <testcase classname="ptolemy.util.test.junit.AutoTests" name="[2] /home/travis/build/icyphy/ptII/ptolemy/domains/de/test/auto/CQBug1.xml (RunModel)" time="0.014" />
  <testcase classname="ptolemy.util.test.junit.AutoTests" name="[3] /home/travis/build/icyphy/ptII/ptolemy/domains/de/test/auto/CancelFireAt.xml (RunModel)" time="0.013" />
  <testcase classname="ptolemy.util.test.junit.AutoTests" name="[4] /home/travis/build/icyphy/ptII/ptolemy/domains/de/test/auto/CausalityAndComposabilityAnalysis.xml (RunModel)" time="0.025" />
  <testcase classname="ptolemy.util.test.junit.AutoTests" name="[5] /home/travis/build/icyphy/ptII/ptolemy/domains/de/test/auto/CausalityInterface1.xml (RunModel)" time="0.017" />
  <testcase classname="ptolemy.util.test.junit.AutoTests" name="[6] /home/travis/build/icyphy/ptII/ptolemy/domains/de/test/auto/CausalityInterface15.xml (RunModel)" time="0.016" />
  <testcase classname="ptolemy.util.test.junit.AutoTests" name="[7] /home/travis/build/icyphy/ptII/ptolemy/domains/de/test/auto/CausalityInterface2.xml (RunModel)" time="0.012" />
  <testcase classname="ptolemy.util.test.junit.AutoTests" name="[8] /home/travis/build/icyphy/ptII/ptolemy/domains/de/test/auto/CausalityInterface3.xml (RunModel)" time="0.011" />
  <testcase classname="ptolemy.util.test.junit.AutoTests" name="[9] /home/travis/build/icyphy/ptII/ptolemy/domains/de/test/auto/ClockDrift.xml (RunModel)" time="0.036" />
  <testcase classname="ptolemy.util.test.junit.AutoTests" name="[10] /home/travis/build/icyphy/ptII/ptolemy/domains/de/test/auto/ClockDriftAndValueChange.xml (RunModel)" time="0.031" />
  <testcase classname="ptolemy.util.test.junit.AutoTests" name="[11] /home/travis/build/icyphy/ptII/ptolemy/domains/de/test/auto/ClockDriftChange.xml (RunModel)" time="0.031" />
  <testcase classname="ptolemy.util.test.junit.AutoTests" name="[12] /home/travis/build/icyphy/ptII/ptolemy/domains/de/test/auto/ComposableCausalityAnalysis.xml (RunModel)" time="0.014" />
  <testcase classname="ptolemy.util.test.junit.AutoTests" name="[13] /home/travis/build/icyphy/ptII/ptolemy/domains/de/test/auto/DEFixedPointLimitation.xml (RunModel)" time="0.015" />
  <testcase classname="ptolemy.util.test.junit.AutoTests" name="[14] /home/travis/build/icyphy/ptII/ptolemy/domains/de/test/auto/DEScheduleTest.xml (RunModel)" time="0.017" />
  <testcase classname="ptolemy.util.test.junit.AutoTests" name="[15] /home/travis/build/icyphy/ptII/ptolemy/domains/de/test/auto/DEinDEwithStartTimes.xml (RunModel)" time="0.013" />
  <testcase classname="ptolemy.util.test.junit.AutoTests" name="[16] /home/travis/build/icyphy/ptII/ptolemy/domains/de/test/auto/DEinDEwithStartTimes2.xml (RunModel)" time="0.02" />
  <testcase classname="ptolemy.util.test.junit.AutoTests" name="[17] /home/travis/build/icyphy/ptII/ptolemy/domains/de/test/auto/DateDemo.xml (RunModel)" time="0.04" />
  <testcase classname="ptolemy.util.test.junit.AutoTests" name="[18] /home/travis/build/icyphy/ptII/ptolemy/domains/de/test/auto/DateToEvent.xml (RunModel)" time="2.037" />
  <testcase classname="ptolemy.util.test.junit.AutoTests" name="[19] /home/travis/build/icyphy/ptII/ptolemy/domains/de/test/auto/DepthTest1.xml (RunModel)" time="0.01" />
  <testcase classname="ptolemy.util.test.junit.AutoTests" name="[20] /home/travis/build/icyphy/ptII/ptolemy/domains/de/test/auto/DepthTest2.xml (RunModel)" time="0.02" />
  <testcase classname="ptolemy.util.test.junit.AutoTests" name="[21] /home/travis/build/icyphy/ptII/ptolemy/domains/de/test/auto/DepthTest3.xml (RunModel)" time="0.008" />
  <testcase classname="ptolemy.util.test.junit.AutoTests" name="[22] /home/travis/build/icyphy/ptII/ptolemy/domains/de/test/auto/DepthTest4.xml (RunModel)" time="0.012" />
  <testcase classname="ptolemy.util.test.junit.AutoTests" name="[23] /home/travis/build/icyphy/ptII/ptolemy/domains/de/test/auto/DepthTest5.xml (RunModel)" time="0.02" />
  <testcase classname="ptolemy.util.test.junit.AutoTests" name="[24] /home/travis/build/icyphy/ptII/ptolemy/domains/de/test/auto/DepthTest6.xml (RunModel)" time="0.013" />
  <testcase classname="ptolemy.util.test.junit.AutoTests" name="[25] /home/travis/build/icyphy/ptII/ptolemy/domains/de/test/auto/DepthTest7.xml (RunModel)" time="0.012" />
  <testcase classname="ptolemy.util.test.junit.AutoTests" name="[26] /home/travis/build/icyphy/ptII/ptolemy/domains/de/test/auto/EventToDate.xml (RunModel)" time="3.041" />
  <testcase classname="ptolemy.util.test.junit.AutoTests" name="[27] /home/travis/build/icyphy/ptII/ptolemy/domains/de/test/auto/FSM1.xml (RunModel)" time="0.044" />
  <testcase classname="ptolemy.util.test.junit.AutoTests" name="[28] /home/travis/build/icyphy/ptII/ptolemy/domains/de/test/auto/FSM7.xml (RunModel)" time="0.031" />
  <testcase classname="ptolemy.util.test.junit.AutoTests" name="[29] /home/travis/build/icyphy/ptII/ptolemy/domains/de/test/auto/Inspection.xml (RunModel)" time="0.043" />
  <testcase classname="ptolemy.util.test.junit.AutoTests" name="[30] /home/travis/build/icyphy/ptII/ptolemy/domains/de/test/auto/Iteration.xml (RunModel)" time="0.026" />
  <testcase classname="ptolemy.util.test.junit.AutoTests" name="[31] /home/travis/build/icyphy/ptII/ptolemy/domains/de/test/auto/LineFault.xml (RunModel)" time="0.531" />
  <testcase classname="ptolemy.util.test.junit.AutoTests" name="[32] /home/travis/build/icyphy/ptII/ptolemy/domains/de/test/auto/MergeModel1Add.xml (RunModel)" time="0.054" />
  <testcase classname="ptolemy.util.test.junit.AutoTests" name="[33] /home/travis/build/icyphy/ptII/ptolemy/domains/de/test/auto/MergeModel2Add.xml (RunModel)" time="0.034" />
  <testcase classname="ptolemy.util.test.junit.AutoTests" name="[34] /home/travis/build/icyphy/ptII/ptolemy/domains/de/test/auto/MergeModel3Add.xml (RunModel)" time="0.04" />
  <testcase classname="ptolemy.util.test.junit.AutoTests" name="[35] /home/travis/build/icyphy/ptII/ptolemy/domains/de/test/auto/MergeWithoutDiscard.xml (RunModel)" time="0.011" />
  <testcase classname="ptolemy.util.test.junit.AutoTests" name="[36] /home/travis/build/icyphy/ptII/ptolemy/domains/de/test/auto/Modal1.xml (RunModel)" time="0.035" />
  <testcase classname="ptolemy.util.test.junit.AutoTests" name="[37] /home/travis/build/icyphy/ptII/ptolemy/domains/de/test/auto/Modal2.xml (RunModel)" time="0.026" />
  <testcase classname="ptolemy.util.test.junit.AutoTests" name="[38] /home/travis/build/icyphy/ptII/ptolemy/domains/de/test/auto/Modal3.xml (RunModel)" time="0.024" />
  <testcase classname="ptolemy.util.test.junit.AutoTests" name="[39] /home/travis/build/icyphy/ptII/ptolemy/domains/de/test/auto/Modal4.xml (RunModel)" time="0.028" />
  <testcase classname="ptolemy.util.test.junit.AutoTests" name="[40] /home/travis/build/icyphy/ptII/ptolemy/domains/de/test/auto/Modal5.xml (RunModel)" time="0.027" />
  <testcase classname="ptolemy.util.test.junit.AutoTests" name="[41] /home/travis/build/icyphy/ptII/ptolemy/domains/de/test/auto/Modal6.xml (RunModel)" time="0.029" />
  <testcase classname="ptolemy.util.test.junit.AutoTests" name="[42] /home/travis/build/icyphy/ptII/ptolemy/domains/de/test/auto/Modal7.xml (RunModel)" time="0.026" />
  <testcase classname="ptolemy.util.test.junit.AutoTests" name="[43] /home/travis/build/icyphy/ptII/ptolemy/domains/de/test/auto/ModalModel.xml (RunModel)" time="0.167" />
  <testcase classname="ptolemy.util.test.junit.AutoTests" name="[44] /home/travis/build/icyphy/ptII/ptolemy/domains/de/test/auto/ModalSource.xml (RunModel)" time="0.023" />
  <testcase classname="ptolemy.util.test.junit.AutoTests" name="[45] /home/travis/build/icyphy/ptII/ptolemy/domains/de/test/auto/NonInterruptibleTimerZeroDelay.xml (RunModel)" time="0.012" />
  <testcase classname="ptolemy.util.test.junit.AutoTests" name="[46] /home/travis/build/icyphy/ptII/ptolemy/domains/de/test/auto/OpenQueueingNetwork.xml (RunModel)" time="2.416" />
  <testcase classname="ptolemy.util.test.junit.AutoTests" name="[47] /home/travis/build/icyphy/ptII/ptolemy/domains/de/test/auto/OpenQueuingNetwork.xml (RunModel)" time="0.264" />
  <testcase classname="ptolemy.util.test.junit.AutoTests" name="[48] /home/travis/build/icyphy/ptII/ptolemy/domains/de/test/auto/PeriodicSampler.xml (RunModel)" time="0.011" />
  <testcase classname="ptolemy.util.test.junit.AutoTests" name="[49] /home/travis/build/icyphy/ptII/ptolemy/domains/de/test/auto/PersistentIO.xml (RunModel)" time="0.02" />
  <testcase classname="ptolemy.util.test.junit.AutoTests" name="[50] /home/travis/build/icyphy/ptII/ptolemy/domains/de/test/auto/PortParameterResetOnInitialize.xml (RunModel)" time="0.012" />
  <testcase classname="ptolemy.util.test.junit.AutoTests" name="[51] /home/travis/build/icyphy/ptII/ptolemy/domains/de/test/auto/PortParameterUpdates.xml (RunModel)" time="0.013" />
  <testcase classname="ptolemy.util.test.junit.AutoTests" name="[52] /home/travis/build/icyphy/ptII/ptolemy/domains/de/test/auto/QueueAndServer.xml (RunModel)" time="0.02" />
  <testcase classname="ptolemy.util.test.junit.AutoTests" name="[53] /home/travis/build/icyphy/ptII/ptolemy/domains/de/test/auto/Records.xml (RunModel)" time="0.018" />
  <testcase classname="ptolemy.util.test.junit.AutoTests" name="[54] /home/travis/build/icyphy/ptII/ptolemy/domains/de/test/auto/ResetTransitionWithStartTime1.xml (RunModel)" time="0.016" />
  <testcase classname="ptolemy.util.test.junit.AutoTests" name="[55] /home/travis/build/icyphy/ptII/ptolemy/domains/de/test/auto/ResetTransitionWithStartTime2.xml (RunModel)" time="0.02" />
  <testcase classname="ptolemy.util.test.junit.AutoTests" name="[56] /home/travis/build/icyphy/ptII/ptolemy/domains/de/test/auto/ResetTransitionWithStartTime3.xml (RunModel)" time="0.019" />
  <testcase classname="ptolemy.util.test.junit.AutoTests" name="[57] /home/travis/build/icyphy/ptII/ptolemy/domains/de/test/auto/ResetTransitionWithStartTime4.xml (RunModel)" time="0.019" />
  <testcase classname="ptolemy.util.test.junit.AutoTests" name="[58] /home/travis/build/icyphy/ptII/ptolemy/domains/de/test/auto/ResettableTimer1.xml (RunModel)" time="0.01" />
  <testcase classname="ptolemy.util.test.junit.AutoTests" name="[59] /home/travis/build/icyphy/ptII/ptolemy/domains/de/test/auto/ResettableTimer2.xml (RunModel)" time="0.009" />
  <testcase classname="ptolemy.util.test.junit.AutoTests" name="[60] /home/travis/build/icyphy/ptII/ptolemy/domains/de/test/auto/ResettableTimer3.xml (RunModel)" time="0.008" />
  <testcase classname="ptolemy.util.test.junit.AutoTests" name="[61] /home/travis/build/icyphy/ptII/ptolemy/domains/de/test/auto/ResettableTimer4.xml (RunModel)" time="0.009" />
  <testcase classname="ptolemy.util.test.junit.AutoTests" name="[62] /home/travis/build/icyphy/ptII/ptolemy/domains/de/test/auto/ResettableTimer5.xml (RunModel)" time="0.01" />
  <testcase classname="ptolemy.util.test.junit.AutoTests" name="[63] /home/travis/build/icyphy/ptII/ptolemy/domains/de/test/auto/ResettableTimer6.xml (RunModel)" time="0.017" />
  <testcase classname="ptolemy.util.test.junit.AutoTests" name="[64] /home/travis/build/icyphy/ptII/ptolemy/domains/de/test/auto/ServerZeroDelay.xml (RunModel)" time="0.009" />
  <testcase classname="ptolemy.util.test.junit.AutoTests" name="[65] /home/travis/build/icyphy/ptII/ptolemy/domains/de/test/auto/SmartSender.xml (RunModel)" time="3.007" />
  <testcase classname="ptolemy.util.test.junit.AutoTests" name="[66] /home/travis/build/icyphy/ptII/ptolemy/domains/de/test/auto/ThreadedComposite.xml (RunModel)" time="0.106" />
  <testcase classname="ptolemy.util.test.junit.AutoTests" name="[67] /home/travis/build/icyphy/ptII/ptolemy/domains/de/test/auto/Time.xml (RunModel)" time="0.37" />
  <testcase classname="ptolemy.util.test.junit.AutoTests" name="[68] /home/travis/build/icyphy/ptII/ptolemy/domains/de/test/auto/TimeDelayZeroDelay.xml (RunModel)" time="0.025" />
  <testcase classname="ptolemy.util.test.junit.AutoTests" name="[69] /home/travis/build/icyphy/ptII/ptolemy/domains/de/test/auto/TimerZeroDelay.xml (RunModel)" time="0.012" />
  <testcase classname="ptolemy.util.test.junit.AutoTests" name="[70] /home/travis/build/icyphy/ptII/ptolemy/domains/de/test/auto/TimingParadox.xml (RunModel)" time="0.296" />
  <testcase classname="ptolemy.util.test.junit.AutoTests" name="[71] /home/travis/build/icyphy/ptII/ptolemy/domains/de/test/auto/TransferInputs.xml (RunModel)" time="0.01" />
  <testcase classname="ptolemy.util.test.junit.AutoTests" name="[72] /home/travis/build/icyphy/ptII/ptolemy/domains/de/test/auto/TransferOutputs2.xml (RunModel)" time="0.015" />
  <testcase classname="ptolemy.util.test.junit.AutoTests" name="[73] /home/travis/build/icyphy/ptII/ptolemy/domains/de/test/auto/Trilateration.xml (RunModel)" time="10.391" />
  <testcase classname="ptolemy.util.test.junit.AutoTests" name="[74] /home/travis/build/icyphy/ptII/ptolemy/domains/de/test/auto/TwoSigmaDelta.xml (RunModel)" time="1.592" />
  <testcase classname="ptolemy.util.test.junit.AutoTests" name="[75] /home/travis/build/icyphy/ptII/ptolemy/domains/de/test/auto/VariableDelay.xml (RunModel)" time="0.014" />
  <testcase classname="ptolemy.util.test.junit.AutoTests" name="[76] /home/travis/build/icyphy/ptII/ptolemy/domains/de/test/auto/VariableDelay2.xml (RunModel)" time="0.018" />
  <testcase classname="ptolemy.util.test.junit.AutoTests" name="[77] /home/travis/build/icyphy/ptII/ptolemy/domains/de/test/auto/VariableDelayZeroDelay.xml (RunModel)" time="0.02" />
  <testcase classname="ptolemy.util.test.junit.AutoTests" name="[78] /home/travis/build/icyphy/ptII/ptolemy/domains/de/test/auto/VariableDelayZeroDelay2.xml (RunModel)" time="0.013" />
  <testcase classname="ptolemy.util.test.junit.AutoTests" name="[79] /home/travis/build/icyphy/ptII/ptolemy/domains/de/test/auto/deInCt.xml (RunModel)" time="0.023" />
  <testcase classname="ptolemy.util.test.junit.AutoTests" name="[80] /home/travis/build/icyphy/ptII/ptolemy/domains/de/test/auto/deInCt2.xml (RunModel)" time="0.022" />
  <testcase classname="ptolemy.util.test.junit.AutoTests" name="[81] /home/travis/build/icyphy/ptII/ptolemy/domains/de/test/auto/dynamicCausalityInterface1.xml (RunModel)" time="0.019" />
  <testcase classname="ptolemy.util.test.junit.AutoTests" name="[82] /home/travis/build/icyphy/ptII/ptolemy/domains/de/test/auto/fsm_de_test.xml (RunModel)" time="0.025" />
  <testcase classname="ptolemy.util.test.junit.AutoTests" name="[83] /home/travis/build/icyphy/ptII/ptolemy/domains/de/test/auto/functionDependencyReconstruction.xml (RunModel)" time="0.027" />
  <testcase classname="ptolemy.util.test.junit.AutoTests" name="[84] /home/travis/build/icyphy/ptII/ptolemy/domains/de/test/auto/multirate.xml (RunModel)" time="0.014" />
  <testcase classname="ptolemy.util.test.junit.AutoTests" name="[85] /home/travis/build/icyphy/ptII/ptolemy/domains/de/test/auto/multirate2.xml (RunModel)" time="0.016" />
  <testcase classname="ptolemy.util.test.junit.AutoTests" name="[86] /home/travis/build/icyphy/ptII/ptolemy/domains/de/test/auto/realtime.xml (RunModel)" time="10.009" />
  <testcase classname="ptolemy.util.test.junit.AutoTests" name="[87] /home/travis/build/icyphy/ptII/ptolemy/domains/de/test/auto/relationGroup.xml (RunModel)" time="0.009" />
  <testcase classname="ptolemy.util.test.junit.AutoTests" name="[88] /home/travis/build/icyphy/ptII/ptolemy/domains/de/test/auto/relationGroup2.xml (RunModel)" time="0.02" />
  <testcase classname="ptolemy.util.test.junit.AutoTests" name="[89] /home/travis/build/icyphy/ptII/ptolemy/domains/de/test/auto/sortWithOpaquePorts.xml (RunModel)" time="0.022" />
  <testcase classname="ptolemy.util.test.junit.AutoTests" name="[90] /home/travis/build/icyphy/ptII/ptolemy/domains/de/test/auto/transferInputsandOutputs.xml (RunModel)" time="0.015" />
  <testcase classname="ptolemy.util.test.junit.AutoTests" name="[91] /home/travis/build/icyphy/ptII/ptolemy/domains/de/test/auto/triggerType.xml (RunModel)" time="0.012" />
  <system-out><![CDATA[/home/travis/build/icyphy/ptII/ptolemy/domains/de/test/DependencyLoop.tcl
testDefs.tcl: setting time out to 9000 seconds at Wed Sep 02 15:36:14 UTC 2020
68 ms. Memory: 129024K Free: 78673K (61%)
18 ms. Memory: 129024K Free: 61761K (48%)
/home/travis/build/icyphy/ptII/ptolemy/domains/de/test/RunDETestsAsQSS.tcl
Run the DE tests using ptolemy.domains.qss.test.QSSDirectorTest, which extends QSSDirector and prints a message in the constructors.
------------------ testing $PTII/ptolemy/domains/de/test/auto/knownFailedTests/DirectFeedback.xml (Known Failure) 
59 ms. Memory: 129024K Free: 55631K (43%)


==== $PTIIhome/travis/build/icyphy/ptII/ptolemy/domains/de/test/../../../../: Auto Automatic test in file $PTII/ptolemy/domains/de/test/auto/knownFailedTests/DirectFeedback.xml
==== Contents of test case:

	    # FIXME: we should use $relativeFilename here, but it
	    # might have backslashes under Windows, which causes no end
	    # of trouble.
	    createAndExecute $file
	    list {}
	
.... Test generated KNOWN error:
    while executing
ptolemy.kernel.util.IllegalActionException: Test fails in iteration 1.
Value was: 1.0. Should have been: 2.0
  in .DirectFeedback.Test
	at ptolemy.actor.lib.Test.fire(Test.java:268)
	at ptolemy.domains.de.kernel.DEDirector._fire(DEDirector.java:1949)
	at ptolemy.domains.de.kernel.DEDirector.fire(DEDirector.java:502)
	at ptolemy.actor.CompositeActor.fire(CompositeActor.java:455)
	at ptolemy.actor.Manager.iterate(Manager.java:851)
	at ptolemy.actor.Manager.execute(Manager.java:369)
	at ptolemy.actor.Manager.run(Manager.java:1263)
	at ptolemy.actor.Manager$PtolemyRunThread.run(Manager.java:1933)

    while executing
ptolemy.kernel.util.IllegalActionException: Test fails in iteration 1.
Value was: 1.0. Should have been: 2.0
  in .DirectFeedback.Test
    while executing
"java::new ptolemy.moml.MoMLSimpleApplication $file
"
    (procedure "createAndExecute" line 2)
    invoked from within
"createAndExecute $file"
    ("uplevel" body line 5)
    invoked from within
"uplevel $contents_of_test"
------------------ testing $PTII/ptolemy/domains/de/test/auto/knownFailedTests/dependencyLoop.xml (Known Failure) 
20 ms. Memory: 129024K Free: 52559K (41%)


==== $PTIIhome/travis/build/icyphy/ptII/ptolemy/domains/de/test/../../../../: Auto Automatic test in file $PTII/ptolemy/domains/de/test/auto/knownFailedTests/dependencyLoop.xml
==== Contents of test case:

	    # FIXME: we should use $relativeFilename here, but it
	    # might have backslashes under Windows, which causes no end
	    # of trouble.
	    createAndExecute $file
	    list {}
	
.... Test generated KNOWN error:
    while executing
ptolemy.kernel.util.IllegalActionException: Found a zero delay loop containing .dependencyLoop.original
  in .dependencyLoop and .dependencyLoop.original
	at ptolemy.actor.util.CausalityInterfaceForComposites._computeOutputPortDepth(CausalityInterfaceForComposites.java:759)
	at ptolemy.actor.util.CausalityInterfaceForComposites._computeInputDepth(CausalityInterfaceForComposites.java:696)
	at ptolemy.actor.util.CausalityInterfaceForComposites._computeOutputPortDepth(CausalityInterfaceForComposites.java:765)
	at ptolemy.actor.util.CausalityInterfaceForComposites._computeInputDepth(CausalityInterfaceForComposites.java:696)
	at ptolemy.actor.util.CausalityInterfaceForComposites._computeOutputPortDepth(CausalityInterfaceForComposites.java:765)
	at ptolemy.actor.util.CausalityInterfaceForComposites._computeInputDepth(CausalityInterfaceForComposites.java:696)
	at ptolemy.actor.util.CausalityInterfaceForComposites._computeActorDepth(CausalityInterfaceForComposites.java:532)
	at ptolemy.actor.util.CausalityInterfaceForComposites.checkForCycles(CausalityInterfaceForComposites.java:96)
	at ptolemy.domains.de.kernel.DEDirector.preinitialize(DEDirector.java:1338)
	at ptolemy.actor.CompositeActor.preinitialize(CompositeActor.java:1828)
	at ptolemy.actor.Manager.preinitializeAndResolveTypes(Manager.java:1040)
	at ptolemy.actor.Manager.initialize(Manager.java:710)
	at ptolemy.actor.Manager.execute(Manager.java:356)
	at ptolemy.actor.Manager.run(Manager.java:1263)
	at ptolemy.actor.Manager$PtolemyRunThread.run(Manager.java:1933)

    while executing
ptolemy.kernel.util.IllegalActionException: Found a zero delay loop containing .dependencyLoop.original
  in .dependencyLoop and .dependencyLoop.original
    while executing
"java::new ptolemy.moml.MoMLSimpleApplication $file
"
    (procedure "createAndExecute" line 2)
    invoked from within
"createAndExecute $file"
    ("uplevel" body line 5)
    invoked from within
"uplevel $contents_of_test"
------------------ testing $PTII/ptolemy/domains/de/test/auto/knownFailedTests/FSMSource.xml (Known Failure) 
71 ms. Memory: 129024K Free: 110646K (86%)
!!!! Auto was marked as failing, but now passes
------------------ testing $PTII/ptolemy/domains/de/test/auto/knownFailedTests/HierarchicalModel.xml (Known Failure) 
10 ms. Memory: 129024K Free: 93206K (72%)


==== $PTIIhome/travis/build/icyphy/ptII/ptolemy/domains/de/test/../../../../: Auto Automatic test in file $PTII/ptolemy/domains/de/test/auto/knownFailedTests/HierarchicalModel.xml
==== Contents of test case:

	    # FIXME: we should use $relativeFilename here, but it
	    # might have backslashes under Windows, which causes no end
	    # of trouble.
	    createAndExecute $file
	    list {}
	
.... Test generated KNOWN error:
    while executing
ptolemy.kernel.util.IllegalActionException: Found a zero delay loop containing .HierarchicalModel.A
  in .HierarchicalModel and .HierarchicalModel.A
	at ptolemy.actor.util.CausalityInterfaceForComposites._computeOutputPortDepth(CausalityInterfaceForComposites.java:759)
	at ptolemy.actor.util.CausalityInterfaceForComposites._computeInputDepth(CausalityInterfaceForComposites.java:696)
	at ptolemy.actor.util.CausalityInterfaceForComposites._computeOutputPortDepth(CausalityInterfaceForComposites.java:765)
	at ptolemy.actor.util.CausalityInterfaceForComposites._computeInputDepth(CausalityInterfaceForComposites.java:696)
	at ptolemy.actor.util.CausalityInterfaceForComposites._computeOutputPortDepth(CausalityInterfaceForComposites.java:765)
	at ptolemy.actor.util.CausalityInterfaceForComposites._computeInputDepth(CausalityInterfaceForComposites.java:696)
	at ptolemy.actor.util.CausalityInterfaceForComposites._computeActorDepth(CausalityInterfaceForComposites.java:532)
	at ptolemy.actor.util.CausalityInterfaceForComposites.checkForCycles(CausalityInterfaceForComposites.java:96)
	at ptolemy.domains.de.kernel.DEDirector.preinitialize(DEDirector.java:1338)
	at ptolemy.actor.CompositeActor.preinitialize(CompositeActor.java:1828)
	at ptolemy.actor.Manager.preinitializeAndResolveTypes(Manager.java:1040)
	at ptolemy.actor.Manager.initialize(Manager.java:710)
	at ptolemy.actor.Manager.execute(Manager.java:356)
	at ptolemy.actor.Manager.run(Manager.java:1263)
	at ptolemy.actor.Manager$PtolemyRunThread.run(Manager.java:1933)

    while executing
ptolemy.kernel.util.IllegalActionException: Found a zero delay loop containing .HierarchicalModel.A
  in .HierarchicalModel and .HierarchicalModel.A
    while executing
"java::new ptolemy.moml.MoMLSimpleApplication $file
"
    (procedure "createAndExecute" line 2)
    invoked from within
"createAndExecute $file"
    ("uplevel" body line 5)
    invoked from within
"uplevel $contents_of_test"
------------------ testing $PTII/ptolemy/domains/de/test/auto/knownFailedTests/dependencyLoop2.xml (Known Failure) 
7 ms. Memory: 129024K Free: 77305K (60%)


==== $PTIIhome/travis/build/icyphy/ptII/ptolemy/domains/de/test/../../../../: Auto Automatic test in file $PTII/ptolemy/domains/de/test/auto/knownFailedTests/dependencyLoop2.xml
==== Contents of test case:

	    # FIXME: we should use $relativeFilename here, but it
	    # might have backslashes under Windows, which causes no end
	    # of trouble.
	    createAndExecute $file
	    list {}
	
.... Test generated KNOWN error:
    while executing
ptolemy.kernel.util.IllegalActionException: Found a zero delay loop containing .dependencyLoop2.original
  in .dependencyLoop2 and .dependencyLoop2.original
	at ptolemy.actor.util.CausalityInterfaceForComposites._computeOutputPortDepth(CausalityInterfaceForComposites.java:759)
	at ptolemy.actor.util.CausalityInterfaceForComposites._computeInputDepth(CausalityInterfaceForComposites.java:696)
	at ptolemy.actor.util.CausalityInterfaceForComposites._computeOutputPortDepth(CausalityInterfaceForComposites.java:765)
	at ptolemy.actor.util.CausalityInterfaceForComposites._computeInputDepth(CausalityInterfaceForComposites.java:696)
	at ptolemy.actor.util.CausalityInterfaceForComposites._computeOutputPortDepth(CausalityInterfaceForComposites.java:765)
	at ptolemy.actor.util.CausalityInterfaceForComposites._computeInputDepth(CausalityInterfaceForComposites.java:696)
	at ptolemy.actor.util.CausalityInterfaceForComposites._computeActorDepth(CausalityInterfaceForComposites.java:532)
	at ptolemy.actor.util.CausalityInterfaceForComposites.checkForCycles(CausalityInterfaceForComposites.java:96)
	at ptolemy.domains.de.kernel.DEDirector.preinitialize(DEDirector.java:1338)
	at ptolemy.actor.CompositeActor.preinitialize(CompositeActor.java:1828)
	at ptolemy.actor.Manager.preinitializeAndResolveTypes(Manager.java:1040)
	at ptolemy.actor.Manager.initialize(Manager.java:710)
	at ptolemy.actor.Manager.execute(Manager.java:356)
	at ptolemy.actor.Manager.run(Manager.java:1263)
	at ptolemy.actor.Manager$PtolemyRunThread.run(Manager.java:1933)

    while executing
ptolemy.kernel.util.IllegalActionException: Found a zero delay loop containing .dependencyLoop2.original
  in .dependencyLoop2 and .dependencyLoop2.original
    while executing
"java::new ptolemy.moml.MoMLSimpleApplication $file
"
    (procedure "createAndExecute" line 2)
    invoked from within
"createAndExecute $file"
    ("uplevel" body line 5)
    invoked from within
"uplevel $contents_of_test"
------------------ testing $PTII/ptolemy/domains/de/test/auto/knownFailedTests/DESDFClockTest.xml (Known Failure) 
2041 ms. Memory: 129024K Free: 107553K (83%)


==== $PTIIhome/travis/build/icyphy/ptII/ptolemy/domains/de/test/../../../../: Auto Automatic test in file $PTII/ptolemy/domains/de/test/auto/knownFailedTests/DESDFClockTest.xml
==== Contents of test case:

	    # FIXME: we should use $relativeFilename here, but it
	    # might have backslashes under Windows, which causes no end
	    # of trouble.
	    createAndExecute $file
	    list {}
	
.... Test generated KNOWN error:
    while executing
ptolemy.kernel.util.IllegalActionException: Actor is not ready to fire.  Perhaps UpSample.prefire() returned false? Try debugging the actor by selecting "Listen to Actor".  Also, for SDF check moml for tokenConsumptionRate on input.
  in .DESDFClockTest.Play Bell.Copy1:SDF Director and .DESDFClockTest.Play Bell.UpSample
	at ptolemy.actor.sched.StaticSchedulingDirector.fire(StaticSchedulingDirector.java:227)
	at ptolemy.domains.sdf.kernel.SDFDirector.fire(SDFDirector.java:500)
	at ptolemy.actor.CompositeActor.fire(CompositeActor.java:455)
	at ptolemy.domains.de.kernel.DEDirector._fire(DEDirector.java:1949)
	at ptolemy.domains.de.kernel.DEDirector.fire(DEDirector.java:502)
	at ptolemy.actor.CompositeActor.fire(CompositeActor.java:455)
	at ptolemy.actor.Manager.iterate(Manager.java:851)
	at ptolemy.actor.Manager.execute(Manager.java:369)
	at ptolemy.actor.Manager.run(Manager.java:1263)
	at ptolemy.actor.Manager$PtolemyRunThread.run(Manager.java:1933)

    while executing
ptolemy.kernel.util.IllegalActionException: Actor is not ready to fire.  Perhaps UpSample.prefire() returned false? Try debugging the actor by selecting "Listen to Actor".  Also, for SDF check moml for tokenConsumptionRate on input.
  in .DESDFClockTest.Play Bell.Copy1:SDF Director and .DESDFClockTest.Play Bell.UpSample
    while executing
"java::new ptolemy.moml.MoMLSimpleApplication $file
"
    (procedure "createAndExecute" line 2)
    invoked from within
"createAndExecute $file"
    ("uplevel" body line 5)
    invoked from within
"uplevel $contents_of_test"
------------------ testing $PTII/ptolemy/domains/de/test/auto/ActorDepthCalculation_actorWithoutPorts.xml
auto.tcl: Setting watchdog for 200 seconds at Wed Sep 02 15:36:17 UTC 2020
4 ms. Memory: 129024K Free: 99875K (77%)
ptolemy.util.test.WatchDog.cancel(): canceling Wed Sep 02 15:36:17 UTC 2020
auto.tcl: Setting watchdog for 200 seconds at Wed Sep 02 15:36:17 UTC 2020
8 ms. Memory: 129024K Free: 98323K (76%)
ptolemy.util.test.WatchDog.cancel(): canceling Wed Sep 02 15:36:17 UTC 2020
------------------ testing $PTII/ptolemy/domains/de/test/auto/AssemblyLine.xml
auto.tcl: Setting watchdog for 200 seconds at Wed Sep 02 15:36:18 UTC 2020
7 ms. Memory: 51200K Free: 27500K (54%)
ptolemy.util.test.WatchDog.cancel(): canceling Wed Sep 02 15:36:18 UTC 2020
auto.tcl: Setting watchdog for 200 seconds at Wed Sep 02 15:36:18 UTC 2020
9 ms. Memory: 51200K Free: 27031K (53%)
ptolemy.util.test.WatchDog.cancel(): canceling Wed Sep 02 15:36:18 UTC 2020
------------------ testing $PTII/ptolemy/domains/de/test/auto/CQBug1.xml
auto.tcl: Setting watchdog for 200 seconds at Wed Sep 02 15:36:18 UTC 2020
2 ms. Memory: 51200K Free: 33551K (66%)
ptolemy.util.test.WatchDog.cancel(): canceling Wed Sep 02 15:36:18 UTC 2020
auto.tcl: Setting watchdog for 200 seconds at Wed Sep 02 15:36:18 UTC 2020
2 ms. Memory: 51200K Free: 33115K (65%)
ptolemy.util.test.WatchDog.cancel(): canceling Wed Sep 02 15:36:18 UTC 2020
------------------ testing $PTII/ptolemy/domains/de/test/auto/CancelFireAt.xml
auto.tcl: Setting watchdog for 200 seconds at Wed Sep 02 15:36:18 UTC 2020
2 ms. Memory: 51200K Free: 34734K (68%)
ptolemy.util.test.WatchDog.cancel(): canceling Wed Sep 02 15:36:18 UTC 2020
auto.tcl: Setting watchdog for 200 seconds at Wed Sep 02 15:36:18 UTC 2020
2 ms. Memory: 51200K Free: 34280K (67%)
ptolemy.util.test.WatchDog.cancel(): canceling Wed Sep 02 15:36:18 UTC 2020
------------------ testing $PTII/ptolemy/domains/de/test/auto/CausalityAndComposabilityAnalysis.xml
auto.tcl: Setting watchdog for 200 seconds at Wed Sep 02 15:36:18 UTC 2020
10 ms. Memory: 51200K Free: 32453K (63%)
ptolemy.util.test.WatchDog.cancel(): canceling Wed Sep 02 15:36:18 UTC 2020
auto.tcl: Setting watchdog for 200 seconds at Wed Sep 02 15:36:18 UTC 2020
5 ms. Memory: 51200K Free: 31968K (62%)
ptolemy.util.test.WatchDog.cancel(): canceling Wed Sep 02 15:36:18 UTC 2020
------------------ testing $PTII/ptolemy/domains/de/test/auto/CausalityInterface1.xml
auto.tcl: Setting watchdog for 200 seconds at Wed Sep 02 15:36:18 UTC 2020
16 ms. Memory: 51200K Free: 31134K (61%)
ptolemy.util.test.WatchDog.cancel(): canceling Wed Sep 02 15:36:18 UTC 2020
auto.tcl: Setting watchdog for 200 seconds at Wed Sep 02 15:36:18 UTC 2020
8 ms. Memory: 51200K Free: 29957K (59%)
ptolemy.util.test.WatchDog.cancel(): canceling Wed Sep 02 15:36:18 UTC 2020
------------------ testing $PTII/ptolemy/domains/de/test/auto/CausalityInterface15.xml
auto.tcl: Setting watchdog for 200 seconds at Wed Sep 02 15:36:18 UTC 2020
13 ms. Memory: 51200K Free: 31552K (62%)
ptolemy.util.test.WatchDog.cancel(): canceling Wed Sep 02 15:36:18 UTC 2020
auto.tcl: Setting watchdog for 200 seconds at Wed Sep 02 15:36:18 UTC 2020
7 ms. Memory: 51200K Free: 30360K (59%)
ptolemy.util.test.WatchDog.cancel(): canceling Wed Sep 02 15:36:18 UTC 2020
------------------ testing $PTII/ptolemy/domains/de/test/auto/CausalityInterface2.xml
auto.tcl: Setting watchdog for 200 seconds at Wed Sep 02 15:36:18 UTC 2020
5 ms. Memory: 51200K Free: 32259K (63%)
ptolemy.util.test.WatchDog.cancel(): canceling Wed Sep 02 15:36:18 UTC 2020
auto.tcl: Setting watchdog for 200 seconds at Wed Sep 02 15:36:18 UTC 2020
4 ms. Memory: 51200K Free: 31401K (61%)
ptolemy.util.test.WatchDog.cancel(): canceling Wed Sep 02 15:36:18 UTC 2020
------------------ testing $PTII/ptolemy/domains/de/test/auto/CausalityInterface3.xml
auto.tcl: Setting watchdog for 200 seconds at Wed Sep 02 15:36:19 UTC 2020
6 ms. Memory: 51200K Free: 31588K (62%)
ptolemy.util.test.WatchDog.cancel(): canceling Wed Sep 02 15:36:19 UTC 2020
auto.tcl: Setting watchdog for 200 seconds at Wed Sep 02 15:36:19 UTC 2020
3 ms. Memory: 51200K Free: 31137K (61%)
ptolemy.util.test.WatchDog.cancel(): canceling Wed Sep 02 15:36:19 UTC 2020
------------------ testing $PTII/ptolemy/domains/de/test/auto/ClockDrift.xml
auto.tcl: Setting watchdog for 200 seconds at Wed Sep 02 15:36:19 UTC 2020
79 ms. Memory: 51200K Free: 24155K (47%)
ptolemy.util.test.WatchDog.cancel(): canceling Wed Sep 02 15:36:19 UTC 2020
auto.tcl: Setting watchdog for 200 seconds at Wed Sep 02 15:36:19 UTC 2020
49 ms. Memory: 51200K Free: 20689K (40%)
ptolemy.util.test.WatchDog.cancel(): canceling Wed Sep 02 15:36:19 UTC 2020
------------------ testing $PTII/ptolemy/domains/de/test/auto/ClockDriftAndValueChange.xml
auto.tcl: Setting watchdog for 200 seconds at Wed Sep 02 15:36:19 UTC 2020
41 ms. Memory: 51200K Free: 24541K (48%)
ptolemy.util.test.WatchDog.cancel(): canceling Wed Sep 02 15:36:19 UTC 2020
auto.tcl: Setting watchdog for 200 seconds at Wed Sep 02 15:36:19 UTC 2020
25 ms. Memory: 51200K Free: 21622K (42%)
ptolemy.util.test.WatchDog.cancel(): canceling Wed Sep 02 15:36:19 UTC 2020
------------------ testing $PTII/ptolemy/domains/de/test/auto/ClockDriftChange.xml
auto.tcl: Setting watchdog for 200 seconds at Wed Sep 02 15:36:19 UTC 2020
15 ms. Memory: 51200K Free: 25793K (50%)
ptolemy.util.test.WatchDog.cancel(): canceling Wed Sep 02 15:36:19 UTC 2020
auto.tcl: Setting watchdog for 200 seconds at Wed Sep 02 15:36:19 UTC 2020
16 ms. Memory: 51200K Free: 23410K (46%)
ptolemy.util.test.WatchDog.cancel(): canceling Wed Sep 02 15:36:19 UTC 2020
------------------ testing $PTII/ptolemy/domains/de/test/auto/ComposableCausalityAnalysis.xml
auto.tcl: Setting watchdog for 200 seconds at Wed Sep 02 15:36:19 UTC 2020
2 ms. Memory: 51200K Free: 30665K (60%)
ptolemy.util.test.WatchDog.cancel(): canceling Wed Sep 02 15:36:19 UTC 2020
auto.tcl: Setting watchdog for 200 seconds at Wed Sep 02 15:36:19 UTC 2020
3 ms. Memory: 51200K Free: 29568K (58%)
ptolemy.util.test.WatchDog.cancel(): canceling Wed Sep 02 15:36:19 UTC 2020
------------------ testing $PTII/ptolemy/domains/de/test/auto/DEFixedPointLimitation.xml
auto.tcl: Setting watchdog for 200 seconds at Wed Sep 02 15:36:19 UTC 2020
2 ms. Memory: 51200K Free: 31760K (62%)
ptolemy.util.test.WatchDog.cancel(): canceling Wed Sep 02 15:36:19 UTC 2020
auto.tcl: Setting watchdog for 200 seconds at Wed Sep 02 15:36:19 UTC 2020
2 ms. Memory: 51200K Free: 31112K (61%)
ptolemy.util.test.WatchDog.cancel(): canceling Wed Sep 02 15:36:19 UTC 2020
------------------ testing $PTII/ptolemy/domains/de/test/auto/DEScheduleTest.xml
auto.tcl: Setting watchdog for 200 seconds at Wed Sep 02 15:36:19 UTC 2020
9 ms. Memory: 51200K Free: 32355K (63%)
ptolemy.util.test.WatchDog.cancel(): canceling Wed Sep 02 15:36:19 UTC 2020
auto.tcl: Setting watchdog for 200 seconds at Wed Sep 02 15:36:19 UTC 2020
6 ms. Memory: 51200K Free: 31579K (62%)
ptolemy.util.test.WatchDog.cancel(): canceling Wed Sep 02 15:36:19 UTC 2020
------------------ testing $PTII/ptolemy/domains/de/test/auto/DEinDEwithStartTimes.xml
auto.tcl: Setting watchdog for 200 seconds at Wed Sep 02 15:36:19 UTC 2020
6 ms. Memory: 51200K Free: 30506K (60%)
ptolemy.util.test.WatchDog.cancel(): canceling Wed Sep 02 15:36:19 UTC 2020
auto.tcl: Setting watchdog for 200 seconds at Wed Sep 02 15:36:19 UTC 2020
3 ms. Memory: 51200K Free: 29482K (58%)
ptolemy.util.test.WatchDog.cancel(): canceling Wed Sep 02 15:36:19 UTC 2020
------------------ testing $PTII/ptolemy/domains/de/test/auto/DEinDEwithStartTimes2.xml
auto.tcl: Setting watchdog for 200 seconds at Wed Sep 02 15:36:19 UTC 2020
6 ms. Memory: 51200K Free: 29645K (58%)
ptolemy.util.test.WatchDog.cancel(): canceling Wed Sep 02 15:36:20 UTC 2020
auto.tcl: Setting watchdog for 200 seconds at Wed Sep 02 15:36:20 UTC 2020
4 ms. Memory: 51200K Free: 28437K (56%)
ptolemy.util.test.WatchDog.cancel(): canceling Wed Sep 02 15:36:20 UTC 2020
------------------ testing $PTII/ptolemy/domains/de/test/auto/DateDemo.xml
auto.tcl: Setting watchdog for 200 seconds at Wed Sep 02 15:36:20 UTC 2020
17 ms. Memory: 51200K Free: 24548K (48%)
ptolemy.util.test.WatchDog.cancel(): canceling Wed Sep 02 15:36:20 UTC 2020
auto.tcl: Setting watchdog for 200 seconds at Wed Sep 02 15:36:20 UTC 2020
9 ms. Memory: 51200K Free: 22859K (45%)
ptolemy.util.test.WatchDog.cancel(): canceling Wed Sep 02 15:36:20 UTC 2020
------------------ testing $PTII/ptolemy/domains/de/test/auto/DateToEvent.xml
auto.tcl: Setting watchdog for 200 seconds at Wed Sep 02 15:36:20 UTC 2020
2015 ms. Memory: 51200K Free: 19015K (37%)
ptolemy.util.test.WatchDog.cancel(): canceling Wed Sep 02 15:36:22 UTC 2020
auto.tcl: Setting watchdog for 200 seconds at Wed Sep 02 15:36:22 UTC 2020
2005 ms. Memory: 51200K Free: 18560K (36%)
ptolemy.util.test.WatchDog.cancel(): canceling Wed Sep 02 15:36:24 UTC 2020
------------------ testing $PTII/ptolemy/domains/de/test/auto/DepthTest1.xml
auto.tcl: Setting watchdog for 200 seconds at Wed Sep 02 15:36:24 UTC 2020
3 ms. Memory: 51200K Free: 32892K (64%)
ptolemy.util.test.WatchDog.cancel(): canceling Wed Sep 02 15:36:24 UTC 2020
auto.tcl: Setting watchdog for 200 seconds at Wed Sep 02 15:36:24 UTC 2020
1 ms. Memory: 51200K Free: 32390K (63%)
ptolemy.util.test.WatchDog.cancel(): canceling Wed Sep 02 15:36:24 UTC 2020
------------------ testing $PTII/ptolemy/domains/de/test/auto/DepthTest2.xml
auto.tcl: Setting watchdog for 200 seconds at Wed Sep 02 15:36:24 UTC 2020
6 ms. Memory: 51200K Free: 29597K (58%)
ptolemy.util.test.WatchDog.cancel(): canceling Wed Sep 02 15:36:24 UTC 2020
auto.tcl: Setting watchdog for 200 seconds at Wed Sep 02 15:36:24 UTC 2020
2 ms. Memory: 51200K Free: 29161K (57%)
ptolemy.util.test.WatchDog.cancel(): canceling Wed Sep 02 15:36:24 UTC 2020
------------------ testing $PTII/ptolemy/domains/de/test/auto/DepthTest3.xml
auto.tcl: Setting watchdog for 200 seconds at Wed Sep 02 15:36:24 UTC 2020
4 ms. Memory: 51200K Free: 33181K (65%)
ptolemy.util.test.WatchDog.cancel(): canceling Wed Sep 02 15:36:24 UTC 2020
auto.tcl: Setting watchdog for 200 seconds at Wed Sep 02 15:36:24 UTC 2020
1 ms. Memory: 51200K Free: 32701K (64%)
ptolemy.util.test.WatchDog.cancel(): canceling Wed Sep 02 15:36:24 UTC 2020
------------------ testing $PTII/ptolemy/domains/de/test/auto/DepthTest4.xml
auto.tcl: Setting watchdog for 200 seconds at Wed Sep 02 15:36:24 UTC 2020
3 ms. Memory: 51200K Free: 31426K (61%)
ptolemy.util.test.WatchDog.cancel(): canceling Wed Sep 02 15:36:24 UTC 2020
auto.tcl: Setting watchdog for 200 seconds at Wed Sep 02 15:36:24 UTC 2020
2 ms. Memory: 51200K Free: 30761K (60%)
ptolemy.util.test.WatchDog.cancel(): canceling Wed Sep 02 15:36:24 UTC 2020
------------------ testing $PTII/ptolemy/domains/de/test/auto/DepthTest5.xml
auto.tcl: Setting watchdog for 200 seconds at Wed Sep 02 15:36:24 UTC 2020
4 ms. Memory: 51200K Free: 30862K (60%)
ptolemy.util.test.WatchDog.cancel(): canceling Wed Sep 02 15:36:24 UTC 2020
auto.tcl: Setting watchdog for 200 seconds at Wed Sep 02 15:36:24 UTC 2020
3 ms. Memory: 51200K Free: 30116K (59%)
ptolemy.util.test.WatchDog.cancel(): canceling Wed Sep 02 15:36:24 UTC 2020
------------------ testing $PTII/ptolemy/domains/de/test/auto/DepthTest6.xml
auto.tcl: Setting watchdog for 200 seconds at Wed Sep 02 15:36:24 UTC 2020
5 ms. Memory: 51200K Free: 30566K (60%)
ptolemy.util.test.WatchDog.cancel(): canceling Wed Sep 02 15:36:24 UTC 2020
auto.tcl: Setting watchdog for 200 seconds at Wed Sep 02 15:36:24 UTC 2020
3 ms. Memory: 51200K Free: 30137K (59%)
ptolemy.util.test.WatchDog.cancel(): canceling Wed Sep 02 15:36:24 UTC 2020
------------------ testing $PTII/ptolemy/domains/de/test/auto/DepthTest7.xml
auto.tcl: Setting watchdog for 200 seconds at Wed Sep 02 15:36:24 UTC 2020
2 ms. Memory: 51200K Free: 30867K (60%)
ptolemy.util.test.WatchDog.cancel(): canceling Wed Sep 02 15:36:24 UTC 2020
auto.tcl: Setting watchdog for 200 seconds at Wed Sep 02 15:36:24 UTC 2020
1 ms. Memory: 51200K Free: 30439K (59%)
ptolemy.util.test.WatchDog.cancel(): canceling Wed Sep 02 15:36:24 UTC 2020
------------------ testing $PTII/ptolemy/domains/de/test/auto/EventToDate.xml
auto.tcl: Setting watchdog for 200 seconds at Wed Sep 02 15:36:24 UTC 2020
3007 ms. Memory: 51200K Free: 22150K (43%)
ptolemy.util.test.WatchDog.cancel(): canceling Wed Sep 02 15:36:27 UTC 2020
auto.tcl: Setting watchdog for 200 seconds at Wed Sep 02 15:36:27 UTC 2020
3003 ms. Memory: 51200K Free: 21491K (42%)
ptolemy.util.test.WatchDog.cancel(): canceling Wed Sep 02 15:36:30 UTC 2020
------------------ testing $PTII/ptolemy/domains/de/test/auto/FSM1.xml
auto.tcl: Setting watchdog for 200 seconds at Wed Sep 02 15:36:30 UTC 2020
36 ms. Memory: 51200K Free: 23410K (46%)
ptolemy.util.test.WatchDog.cancel(): canceling Wed Sep 02 15:36:31 UTC 2020
auto.tcl: Setting watchdog for 200 seconds at Wed Sep 02 15:36:31 UTC 2020
22 ms. Memory: 51200K Free: 20147K (39%)
ptolemy.util.test.WatchDog.cancel(): canceling Wed Sep 02 15:36:31 UTC 2020
------------------ testing $PTII/ptolemy/domains/de/test/auto/FSM7.xml
auto.tcl: Setting watchdog for 200 seconds at Wed Sep 02 15:36:31 UTC 2020
13 ms. Memory: 51200K Free: 23314K (46%)
ptolemy.util.test.WatchDog.cancel(): canceling Wed Sep 02 15:36:31 UTC 2020
auto.tcl: Setting watchdog for 200 seconds at Wed Sep 02 15:36:31 UTC 2020
15 ms. Memory: 51200K Free: 20359K (40%)
ptolemy.util.test.WatchDog.cancel(): canceling Wed Sep 02 15:36:31 UTC 2020
------------------ testing $PTII/ptolemy/domains/de/test/auto/Inspection.xml
auto.tcl: Setting watchdog for 200 seconds at Wed Sep 02 15:36:31 UTC 2020
22 ms. Memory: 51200K Free: 22861K (45%)
ptolemy.util.test.WatchDog.cancel(): canceling Wed Sep 02 15:36:31 UTC 2020
auto.tcl: Setting watchdog for 200 seconds at Wed Sep 02 15:36:31 UTC 2020
25 ms. Memory: 51200K Free: 21001K (41%)
ptolemy.util.test.WatchDog.cancel(): canceling Wed Sep 02 15:36:31 UTC 2020
------------------ testing $PTII/ptolemy/domains/de/test/auto/Iteration.xml
auto.tcl: Setting watchdog for 200 seconds at Wed Sep 02 15:36:31 UTC 2020
7 ms. Memory: 51200K Free: 28881K (56%)
ptolemy.util.test.WatchDog.cancel(): canceling Wed Sep 02 15:36:31 UTC 2020
auto.tcl: Setting watchdog for 200 seconds at Wed Sep 02 15:36:31 UTC 2020
6 ms. Memory: 51200K Free: 27857K (54%)
ptolemy.util.test.WatchDog.cancel(): canceling Wed Sep 02 15:36:31 UTC 2020
------------------ testing $PTII/ptolemy/domains/de/test/auto/LineFault.xml
auto.tcl: Setting watchdog for 200 seconds at Wed Sep 02 15:36:31 UTC 2020
644 ms. Memory: 51200K Free: 14513K (28%)
ptolemy.util.test.WatchDog.cancel(): canceling Wed Sep 02 15:36:32 UTC 2020
auto.tcl: Setting watchdog for 200 seconds at Wed Sep 02 15:36:32 UTC 2020
497 ms. Memory: 64512K Free: 44593K (69%)
ptolemy.util.test.WatchDog.cancel(): canceling Wed Sep 02 15:36:32 UTC 2020
------------------ testing $PTII/ptolemy/domains/de/test/auto/MergeModel1Add.xml
auto.tcl: Setting watchdog for 200 seconds at Wed Sep 02 15:36:32 UTC 2020
31 ms. Memory: 58368K Free: 21728K (37%)
ptolemy.util.test.WatchDog.cancel(): canceling Wed Sep 02 15:36:32 UTC 2020
auto.tcl: Setting watchdog for 200 seconds at Wed Sep 02 15:36:32 UTC 2020
10 ms. Memory: 58368K Free: 20245K (35%)
ptolemy.util.test.WatchDog.cancel(): canceling Wed Sep 02 15:36:33 UTC 2020
------------------ testing $PTII/ptolemy/domains/de/test/auto/MergeModel2Add.xml
auto.tcl: Setting watchdog for 200 seconds at Wed Sep 02 15:36:33 UTC 2020
9 ms. Memory: 55296K Free: 21270K (38%)
ptolemy.util.test.WatchDog.cancel(): canceling Wed Sep 02 15:36:33 UTC 2020
auto.tcl: Setting watchdog for 200 seconds at Wed Sep 02 15:36:33 UTC 2020
8 ms. Memory: 55296K Free: 19588K (35%)
ptolemy.util.test.WatchDog.cancel(): canceling Wed Sep 02 15:36:33 UTC 2020
------------------ testing $PTII/ptolemy/domains/de/test/auto/MergeModel3Add.xml
auto.tcl: Setting watchdog for 200 seconds at Wed Sep 02 15:36:33 UTC 2020
9 ms. Memory: 55296K Free: 21005K (38%)
ptolemy.util.test.WatchDog.cancel(): canceling Wed Sep 02 15:36:33 UTC 2020
auto.tcl: Setting watchdog for 200 seconds at Wed Sep 02 15:36:33 UTC 2020
8 ms. Memory: 55296K Free: 19608K (35%)
ptolemy.util.test.WatchDog.cancel(): canceling Wed Sep 02 15:36:33 UTC 2020
------------------ testing $PTII/ptolemy/domains/de/test/auto/MergeWithoutDiscard.xml
auto.tcl: Setting watchdog for 200 seconds at Wed Sep 02 15:36:33 UTC 2020
3 ms. Memory: 55296K Free: 35882K (65%)
ptolemy.util.test.WatchDog.cancel(): canceling Wed Sep 02 15:36:33 UTC 2020
auto.tcl: Setting watchdog for 200 seconds at Wed Sep 02 15:36:33 UTC 2020
1 ms. Memory: 55296K Free: 35409K (64%)
ptolemy.util.test.WatchDog.cancel(): canceling Wed Sep 02 15:36:33 UTC 2020
------------------ testing $PTII/ptolemy/domains/de/test/auto/Modal1.xml
auto.tcl: Setting watchdog for 200 seconds at Wed Sep 02 15:36:33 UTC 2020
13 ms. Memory: 51200K Free: 23390K (46%)
ptolemy.util.test.WatchDog.cancel(): canceling Wed Sep 02 15:36:33 UTC 2020
auto.tcl: Setting watchdog for 200 seconds at Wed Sep 02 15:36:33 UTC 2020
12 ms. Memory: 51200K Free: 19913K (39%)
ptolemy.util.test.WatchDog.cancel(): canceling Wed Sep 02 15:36:33 UTC 2020
------------------ testing $PTII/ptolemy/domains/de/test/auto/Modal2.xml
auto.tcl: Setting watchdog for 200 seconds at Wed Sep 02 15:36:33 UTC 2020
14 ms. Memory: 51200K Free: 23533K (46%)
ptolemy.util.test.WatchDog.cancel(): canceling Wed Sep 02 15:36:33 UTC 2020
auto.tcl: Setting watchdog for 200 seconds at Wed Sep 02 15:36:33 UTC 2020
19 ms. Memory: 51200K Free: 20266K (40%)
ptolemy.util.test.WatchDog.cancel(): canceling Wed Sep 02 15:36:33 UTC 2020
------------------ testing $PTII/ptolemy/domains/de/test/auto/Modal3.xml
auto.tcl: Setting watchdog for 200 seconds at Wed Sep 02 15:36:33 UTC 2020
17 ms. Memory: 51200K Free: 23270K (45%)
ptolemy.util.test.WatchDog.cancel(): canceling Wed Sep 02 15:36:33 UTC 2020
auto.tcl: Setting watchdog for 200 seconds at Wed Sep 02 15:36:33 UTC 2020
15 ms. Memory: 51200K Free: 20291K (40%)
ptolemy.util.test.WatchDog.cancel(): canceling Wed Sep 02 15:36:33 UTC 2020
------------------ testing $PTII/ptolemy/domains/de/test/auto/Modal4.xml
auto.tcl: Setting watchdog for 200 seconds at Wed Sep 02 15:36:33 UTC 2020
24 ms. Memory: 51200K Free: 22491K (44%)
ptolemy.util.test.WatchDog.cancel(): canceling Wed Sep 02 15:36:33 UTC 2020
auto.tcl: Setting watchdog for 200 seconds at Wed Sep 02 15:36:33 UTC 2020
19 ms. Memory: 51200K Free: 18657K (36%)
ptolemy.util.test.WatchDog.cancel(): canceling Wed Sep 02 15:36:33 UTC 2020
------------------ testing $PTII/ptolemy/domains/de/test/auto/Modal5.xml
auto.tcl: Setting watchdog for 200 seconds at Wed Sep 02 15:36:33 UTC 2020
15 ms. Memory: 51200K Free: 22491K (44%)
ptolemy.util.test.WatchDog.cancel(): canceling Wed Sep 02 15:36:33 UTC 2020
auto.tcl: Setting watchdog for 200 seconds at Wed Sep 02 15:36:33 UTC 2020
12 ms. Memory: 51200K Free: 18643K (36%)
ptolemy.util.test.WatchDog.cancel(): canceling Wed Sep 02 15:36:33 UTC 2020
------------------ testing $PTII/ptolemy/domains/de/test/auto/Modal6.xml
auto.tcl: Setting watchdog for 200 seconds at Wed Sep 02 15:36:33 UTC 2020
16 ms. Memory: 51200K Free: 23237K (45%)
ptolemy.util.test.WatchDog.cancel(): canceling Wed Sep 02 15:36:33 UTC 2020
auto.tcl: Setting watchdog for 200 seconds at Wed Sep 02 15:36:33 UTC 2020
17 ms. Memory: 51200K Free: 19268K (38%)
ptolemy.util.test.WatchDog.cancel(): canceling Wed Sep 02 15:36:33 UTC 2020
------------------ testing $PTII/ptolemy/domains/de/test/auto/Modal7.xml
auto.tcl: Setting watchdog for 200 seconds at Wed Sep 02 15:36:33 UTC 2020
14 ms. Memory: 51200K Free: 22452K (44%)
ptolemy.util.test.WatchDog.cancel(): canceling Wed Sep 02 15:36:34 UTC 2020
auto.tcl: Setting watchdog for 200 seconds at Wed Sep 02 15:36:34 UTC 2020
12 ms. Memory: 51200K Free: 18905K (37%)
ptolemy.util.test.WatchDog.cancel(): canceling Wed Sep 02 15:36:34 UTC 2020
------------------ testing $PTII/ptolemy/domains/de/test/auto/ModalModel.xml
auto.tcl: Setting watchdog for 200 seconds at Wed Sep 02 15:36:34 UTC 2020
207 ms. Memory: 51200K Free: 14060K (27%)
ptolemy.util.test.WatchDog.cancel(): canceling Wed Sep 02 15:36:34 UTC 2020
auto.tcl: Setting watchdog for 200 seconds at Wed Sep 02 15:36:34 UTC 2020
180 ms. Memory: 61440K Free: 44391K (72%)
ptolemy.util.test.WatchDog.cancel(): canceling Wed Sep 02 15:36:34 UTC 2020
------------------ testing $PTII/ptolemy/domains/de/test/auto/ModalSource.xml
auto.tcl: Setting watchdog for 200 seconds at Wed Sep 02 15:36:34 UTC 2020
6 ms. Memory: 55296K Free: 31411K (57%)
ptolemy.util.test.WatchDog.cancel(): canceling Wed Sep 02 15:36:34 UTC 2020
auto.tcl: Setting watchdog for 200 seconds at Wed Sep 02 15:36:34 UTC 2020
7 ms. Memory: 55296K Free: 29363K (53%)
ptolemy.util.test.WatchDog.cancel(): canceling Wed Sep 02 15:36:34 UTC 2020
------------------ testing $PTII/ptolemy/domains/de/test/auto/NonInterruptibleTimerZeroDelay.xml
auto.tcl: Setting watchdog for 200 seconds at Wed Sep 02 15:36:34 UTC 2020
3 ms. Memory: 55296K Free: 36292K (66%)
ptolemy.util.test.WatchDog.cancel(): canceling Wed Sep 02 15:36:34 UTC 2020
auto.tcl: Setting watchdog for 200 seconds at Wed Sep 02 15:36:34 UTC 2020
2 ms. Memory: 55296K Free: 35694K (65%)
ptolemy.util.test.WatchDog.cancel(): canceling Wed Sep 02 15:36:34 UTC 2020
------------------ testing $PTII/ptolemy/domains/de/test/auto/OpenQueueingNetwork.xml
auto.tcl: Setting watchdog for 200 seconds at Wed Sep 02 15:36:34 UTC 2020
2639 ms. Memory: 102400K Free: 69835K (68%)
ptolemy.util.test.WatchDog.cancel(): canceling Wed Sep 02 15:36:37 UTC 2020
auto.tcl: Setting watchdog for 200 seconds at Wed Sep 02 15:36:37 UTC 2020
2488 ms. Memory: 122880K Free: 92324K (75%)
ptolemy.util.test.WatchDog.cancel(): canceling Wed Sep 02 15:36:39 UTC 2020
------------------ testing $PTII/ptolemy/domains/de/test/auto/OpenQueuingNetwork.xml
auto.tcl: Setting watchdog for 200 seconds at Wed Sep 02 15:36:40 UTC 2020
227 ms. Memory: 61440K Free: 36519K (59%)
ptolemy.util.test.WatchDog.cancel(): canceling Wed Sep 02 15:36:40 UTC 2020
auto.tcl: Setting watchdog for 200 seconds at Wed Sep 02 15:36:40 UTC 2020
216 ms. Memory: 61440K Free: 19609K (32%)
ptolemy.util.test.WatchDog.cancel(): canceling Wed Sep 02 15:36:40 UTC 2020
------------------ testing $PTII/ptolemy/domains/de/test/auto/PeriodicSampler.xml
auto.tcl: Setting watchdog for 200 seconds at Wed Sep 02 15:36:40 UTC 2020
3 ms. Memory: 55296K Free: 35544K (64%)
ptolemy.util.test.WatchDog.cancel(): canceling Wed Sep 02 15:36:40 UTC 2020
auto.tcl: Setting watchdog for 200 seconds at Wed Sep 02 15:36:40 UTC 2020
2 ms. Memory: 55296K Free: 35030K (63%)
ptolemy.util.test.WatchDog.cancel(): canceling Wed Sep 02 15:36:40 UTC 2020
------------------ testing $PTII/ptolemy/domains/de/test/auto/PersistentIO.xml
auto.tcl: Setting watchdog for 200 seconds at Wed Sep 02 15:36:40 UTC 2020
5 ms. Memory: 51200K Free: 26373K (52%)
ptolemy.util.test.WatchDog.cancel(): canceling Wed Sep 02 15:36:40 UTC 2020
auto.tcl: Setting watchdog for 200 seconds at Wed Sep 02 15:36:40 UTC 2020
4 ms. Memory: 51200K Free: 24853K (49%)
ptolemy.util.test.WatchDog.cancel(): canceling Wed Sep 02 15:36:40 UTC 2020
------------------ testing $PTII/ptolemy/domains/de/test/auto/PortParameterResetOnInitialize.xml
auto.tcl: Setting watchdog for 200 seconds at Wed Sep 02 15:36:40 UTC 2020
7 ms. Memory: 51200K Free: 31368K (61%)
ptolemy.util.test.WatchDog.cancel(): canceling Wed Sep 02 15:36:40 UTC 2020
auto.tcl: Setting watchdog for 200 seconds at Wed Sep 02 15:36:40 UTC 2020
1 ms. Memory: 51200K Free: 30861K (60%)
ptolemy.util.test.WatchDog.cancel(): canceling Wed Sep 02 15:36:40 UTC 2020
------------------ testing $PTII/ptolemy/domains/de/test/auto/PortParameterUpdates.xml
auto.tcl: Setting watchdog for 200 seconds at Wed Sep 02 15:36:40 UTC 2020
5 ms. Memory: 51200K Free: 29666K (58%)
ptolemy.util.test.WatchDog.cancel(): canceling Wed Sep 02 15:36:40 UTC 2020
auto.tcl: Setting watchdog for 200 seconds at Wed Sep 02 15:36:40 UTC 2020
3 ms. Memory: 51200K Free: 28433K (56%)
ptolemy.util.test.WatchDog.cancel(): canceling Wed Sep 02 15:36:40 UTC 2020
------------------ testing $PTII/ptolemy/domains/de/test/auto/QueueAndServer.xml
auto.tcl: Setting watchdog for 200 seconds at Wed Sep 02 15:36:40 UTC 2020
6 ms. Memory: 51200K Free: 28395K (55%)
ptolemy.util.test.WatchDog.cancel(): canceling Wed Sep 02 15:36:40 UTC 2020
auto.tcl: Setting watchdog for 200 seconds at Wed Sep 02 15:36:40 UTC 2020
9 ms. Memory: 51200K Free: 26861K (52%)
ptolemy.util.test.WatchDog.cancel(): canceling Wed Sep 02 15:36:40 UTC 2020
------------------ testing $PTII/ptolemy/domains/de/test/auto/Records.xml
auto.tcl: Setting watchdog for 200 seconds at Wed Sep 02 15:36:40 UTC 2020
5 ms. Memory: 51200K Free: 30610K (60%)
ptolemy.util.test.WatchDog.cancel(): canceling Wed Sep 02 15:36:40 UTC 2020
auto.tcl: Setting watchdog for 200 seconds at Wed Sep 02 15:36:40 UTC 2020
2 ms. Memory: 51200K Free: 30098K (59%)
ptolemy.util.test.WatchDog.cancel(): canceling Wed Sep 02 15:36:40 UTC 2020
------------------ testing $PTII/ptolemy/domains/de/test/auto/ResetTransitionWithStartTime1.xml
auto.tcl: Setting watchdog for 200 seconds at Wed Sep 02 15:36:41 UTC 2020
10 ms. Memory: 51200K Free: 27908K (55%)
ptolemy.util.test.WatchDog.cancel(): canceling Wed Sep 02 15:36:41 UTC 2020
auto.tcl: Setting watchdog for 200 seconds at Wed Sep 02 15:36:41 UTC 2020
6 ms. Memory: 51200K Free: 25776K (50%)
ptolemy.util.test.WatchDog.cancel(): canceling Wed Sep 02 15:36:41 UTC 2020
------------------ testing $PTII/ptolemy/domains/de/test/auto/ResetTransitionWithStartTime2.xml
auto.tcl: Setting watchdog for 200 seconds at Wed Sep 02 15:36:41 UTC 2020
9 ms. Memory: 51200K Free: 27812K (54%)
ptolemy.util.test.WatchDog.cancel(): canceling Wed Sep 02 15:36:41 UTC 2020
auto.tcl: Setting watchdog for 200 seconds at Wed Sep 02 15:36:41 UTC 2020
7 ms. Memory: 51200K Free: 25764K (50%)
ptolemy.util.test.WatchDog.cancel(): canceling Wed Sep 02 15:36:41 UTC 2020
------------------ testing $PTII/ptolemy/domains/de/test/auto/ResetTransitionWithStartTime3.xml
auto.tcl: Setting watchdog for 200 seconds at Wed Sep 02 15:36:41 UTC 2020
6 ms. Memory: 51200K Free: 27811K (54%)
ptolemy.util.test.WatchDog.cancel(): canceling Wed Sep 02 15:36:41 UTC 2020
auto.tcl: Setting watchdog for 200 seconds at Wed Sep 02 15:36:41 UTC 2020
5 ms. Memory: 51200K Free: 25234K (49%)
ptolemy.util.test.WatchDog.cancel(): canceling Wed Sep 02 15:36:41 UTC 2020
------------------ testing $PTII/ptolemy/domains/de/test/auto/ResetTransitionWithStartTime4.xml
auto.tcl: Setting watchdog for 200 seconds at Wed Sep 02 15:36:41 UTC 2020
9 ms. Memory: 51200K Free: 28235K (55%)
ptolemy.util.test.WatchDog.cancel(): canceling Wed Sep 02 15:36:41 UTC 2020
auto.tcl: Setting watchdog for 200 seconds at Wed Sep 02 15:36:41 UTC 2020
4 ms. Memory: 51200K Free: 26786K (52%)
ptolemy.util.test.WatchDog.cancel(): canceling Wed Sep 02 15:36:41 UTC 2020
------------------ testing $PTII/ptolemy/domains/de/test/auto/ResettableTimer1.xml
auto.tcl: Setting watchdog for 200 seconds at Wed Sep 02 15:36:41 UTC 2020
4 ms. Memory: 51200K Free: 32018K (63%)
ptolemy.util.test.WatchDog.cancel(): canceling Wed Sep 02 15:36:41 UTC 2020
auto.tcl: Setting watchdog for 200 seconds at Wed Sep 02 15:36:41 UTC 2020
2 ms. Memory: 51200K Free: 31360K (61%)
ptolemy.util.test.WatchDog.cancel(): canceling Wed Sep 02 15:36:41 UTC 2020
------------------ testing $PTII/ptolemy/domains/de/test/auto/ResettableTimer2.xml
auto.tcl: Setting watchdog for 200 seconds at Wed Sep 02 15:36:41 UTC 2020
3 ms. Memory: 51200K Free: 32074K (63%)
ptolemy.util.test.WatchDog.cancel(): canceling Wed Sep 02 15:36:41 UTC 2020
auto.tcl: Setting watchdog for 200 seconds at Wed Sep 02 15:36:41 UTC 2020
2 ms. Memory: 51200K Free: 31418K (61%)
ptolemy.util.test.WatchDog.cancel(): canceling Wed Sep 02 15:36:41 UTC 2020
------------------ testing $PTII/ptolemy/domains/de/test/auto/ResettableTimer3.xml
auto.tcl: Setting watchdog for 200 seconds at Wed Sep 02 15:36:41 UTC 2020
1 ms. Memory: 51200K Free: 32384K (63%)
ptolemy.util.test.WatchDog.cancel(): canceling Wed Sep 02 15:36:41 UTC 2020
auto.tcl: Setting watchdog for 200 seconds at Wed Sep 02 15:36:41 UTC 2020
1 ms. Memory: 51200K Free: 31943K (62%)
ptolemy.util.test.WatchDog.cancel(): canceling Wed Sep 02 15:36:41 UTC 2020
------------------ testing $PTII/ptolemy/domains/de/test/auto/ResettableTimer4.xml
auto.tcl: Setting watchdog for 200 seconds at Wed Sep 02 15:36:41 UTC 2020
1 ms. Memory: 51200K Free: 32437K (63%)
ptolemy.util.test.WatchDog.cancel(): canceling Wed Sep 02 15:36:41 UTC 2020
auto.tcl: Setting watchdog for 200 seconds at Wed Sep 02 15:36:41 UTC 2020
2 ms. Memory: 51200K Free: 31957K (62%)
ptolemy.util.test.WatchDog.cancel(): canceling Wed Sep 02 15:36:41 UTC 2020
------------------ testing $PTII/ptolemy/domains/de/test/auto/ResettableTimer5.xml
auto.tcl: Setting watchdog for 200 seconds at Wed Sep 02 15:36:41 UTC 2020
2 ms. Memory: 51200K Free: 31955K (62%)
ptolemy.util.test.WatchDog.cancel(): canceling Wed Sep 02 15:36:41 UTC 2020
auto.tcl: Setting watchdog for 200 seconds at Wed Sep 02 15:36:41 UTC 2020
1 ms. Memory: 51200K Free: 31442K (61%)
ptolemy.util.test.WatchDog.cancel(): canceling Wed Sep 02 15:36:41 UTC 2020
------------------ testing $PTII/ptolemy/domains/de/test/auto/ResettableTimer6.xml
auto.tcl: Setting watchdog for 200 seconds at Wed Sep 02 15:36:41 UTC 2020
1 ms. Memory: 51200K Free: 31432K (61%)
ptolemy.util.test.WatchDog.cancel(): canceling Wed Sep 02 15:36:41 UTC 2020
auto.tcl: Setting watchdog for 200 seconds at Wed Sep 02 15:36:41 UTC 2020
1 ms. Memory: 51200K Free: 30922K (60%)
ptolemy.util.test.WatchDog.cancel(): canceling Wed Sep 02 15:36:41 UTC 2020
------------------ testing $PTII/ptolemy/domains/de/test/auto/ServerZeroDelay.xml
auto.tcl: Setting watchdog for 200 seconds at Wed Sep 02 15:36:41 UTC 2020
4 ms. Memory: 51200K Free: 31937K (62%)
ptolemy.util.test.WatchDog.cancel(): canceling Wed Sep 02 15:36:41 UTC 2020
auto.tcl: Setting watchdog for 200 seconds at Wed Sep 02 15:36:41 UTC 2020
3 ms. Memory: 51200K Free: 30913K (60%)
ptolemy.util.test.WatchDog.cancel(): canceling Wed Sep 02 15:36:41 UTC 2020
------------------ testing $PTII/ptolemy/domains/de/test/auto/SmartSender.xml
auto.tcl: Setting watchdog for 200 seconds at Wed Sep 02 15:36:41 UTC 2020
3001 ms. Memory: 51200K Free: 31931K (62%)
ptolemy.util.test.WatchDog.cancel(): canceling Wed Sep 02 15:36:44 UTC 2020
auto.tcl: Setting watchdog for 200 seconds at Wed Sep 02 15:36:44 UTC 2020
3002 ms. Memory: 51200K Free: 31419K (61%)
ptolemy.util.test.WatchDog.cancel(): canceling Wed Sep 02 15:36:47 UTC 2020
------------------ testing $PTII/ptolemy/domains/de/test/auto/ThreadedComposite.xml
auto.tcl: Setting watchdog for 200 seconds at Wed Sep 02 15:36:47 UTC 2020
267 ms. Memory: 51200K Free: 9927K (19%)
ptolemy.util.test.WatchDog.cancel(): canceling Wed Sep 02 15:36:48 UTC 2020
auto.tcl: Setting watchdog for 200 seconds at Wed Sep 02 15:36:48 UTC 2020
127 ms. Memory: 51200K Free: 25151K (49%)
ptolemy.util.test.WatchDog.cancel(): canceling Wed Sep 02 15:36:48 UTC 2020
------------------ testing $PTII/ptolemy/domains/de/test/auto/Time.xml
auto.tcl: Setting watchdog for 200 seconds at Wed Sep 02 15:36:48 UTC 2020
456 ms. Memory: 51200K Free: 7949K (16%)
ptolemy.util.test.WatchDog.cancel(): canceling Wed Sep 02 15:36:48 UTC 2020
auto.tcl: Setting watchdog for 200 seconds at Wed Sep 02 15:36:48 UTC 2020
418 ms. Memory: 51200K Free: 11662K (23%)
ptolemy.util.test.WatchDog.cancel(): canceling Wed Sep 02 15:36:49 UTC 2020
------------------ testing $PTII/ptolemy/domains/de/test/auto/TimeDelayZeroDelay.xml
auto.tcl: Setting watchdog for 200 seconds at Wed Sep 02 15:36:49 UTC 2020
2 ms. Memory: 51200K Free: 31861K (62%)
ptolemy.util.test.WatchDog.cancel(): canceling Wed Sep 02 15:36:49 UTC 2020
auto.tcl: Setting watchdog for 200 seconds at Wed Sep 02 15:36:49 UTC 2020
1 ms. Memory: 51200K Free: 31394K (61%)
ptolemy.util.test.WatchDog.cancel(): canceling Wed Sep 02 15:36:49 UTC 2020
------------------ testing $PTII/ptolemy/domains/de/test/auto/TimerZeroDelay.xml
auto.tcl: Setting watchdog for 200 seconds at Wed Sep 02 15:36:49 UTC 2020
3 ms. Memory: 51200K Free: 32282K (63%)
ptolemy.util.test.WatchDog.cancel(): canceling Wed Sep 02 15:36:49 UTC 2020
auto.tcl: Setting watchdog for 200 seconds at Wed Sep 02 15:36:49 UTC 2020
2 ms. Memory: 51200K Free: 31904K (62%)
ptolemy.util.test.WatchDog.cancel(): canceling Wed Sep 02 15:36:49 UTC 2020
------------------ testing $PTII/ptolemy/domains/de/test/auto/TimingParadox.xml
auto.tcl: Setting watchdog for 200 seconds at Wed Sep 02 15:36:49 UTC 2020
301 ms. Memory: 51200K Free: 18462K (36%)
ptolemy.util.test.WatchDog.cancel(): canceling Wed Sep 02 15:36:49 UTC 2020
auto.tcl: Setting watchdog for 200 seconds at Wed Sep 02 15:36:49 UTC 2020
272 ms. Memory: 51200K Free: 34506K (67%)
ptolemy.util.test.WatchDog.cancel(): canceling Wed Sep 02 15:36:50 UTC 2020
------------------ testing $PTII/ptolemy/domains/de/test/auto/TransferInputs.xml
auto.tcl: Setting watchdog for 200 seconds at Wed Sep 02 15:36:50 UTC 2020
2 ms. Memory: 51200K Free: 30372K (59%)
ptolemy.util.test.WatchDog.cancel(): canceling Wed Sep 02 15:36:50 UTC 2020
auto.tcl: Setting watchdog for 200 seconds at Wed Sep 02 15:36:50 UTC 2020
2 ms. Memory: 51200K Free: 29500K (58%)
ptolemy.util.test.WatchDog.cancel(): canceling Wed Sep 02 15:36:50 UTC 2020
------------------ testing $PTII/ptolemy/domains/de/test/auto/TransferOutputs2.xml
auto.tcl: Setting watchdog for 200 seconds at Wed Sep 02 15:36:50 UTC 2020
3 ms. Memory: 51200K Free: 27814K (54%)
ptolemy.util.test.WatchDog.cancel(): canceling Wed Sep 02 15:36:50 UTC 2020
auto.tcl: Setting watchdog for 200 seconds at Wed Sep 02 15:36:50 UTC 2020
2 ms. Memory: 51200K Free: 26400K (52%)
ptolemy.util.test.WatchDog.cancel(): canceling Wed Sep 02 15:36:50 UTC 2020
------------------ testing $PTII/ptolemy/domains/de/test/auto/Trilateration.xml
auto.tcl: Setting watchdog for 200 seconds at Wed Sep 02 15:36:50 UTC 2020
11486 ms. Memory: 439296K Free: 181154K (41%)
ptolemy.util.test.WatchDog.cancel(): canceling Wed Sep 02 15:37:02 UTC 2020
auto.tcl: Setting watchdog for 200 seconds at Wed Sep 02 15:37:02 UTC 2020
8589 ms. Memory: 439296K Free: 157077K (36%)
ptolemy.util.test.WatchDog.cancel(): canceling Wed Sep 02 15:37:11 UTC 2020
------------------ testing $PTII/ptolemy/domains/de/test/auto/TwoSigmaDelta.xml
auto.tcl: Setting watchdog for 200 seconds at Wed Sep 02 15:37:11 UTC 2020
2149 ms. Memory: 96256K Free: 35710K (37%)
ptolemy.util.test.WatchDog.cancel(): canceling Wed Sep 02 15:37:13 UTC 2020
auto.tcl: Setting watchdog for 200 seconds at Wed Sep 02 15:37:13 UTC 2020
1681 ms. Memory: 96256K Free: 46953K (49%)
ptolemy.util.test.WatchDog.cancel(): canceling Wed Sep 02 15:37:15 UTC 2020
------------------ testing $PTII/ptolemy/domains/de/test/auto/VariableDelay.xml
auto.tcl: Setting watchdog for 200 seconds at Wed Sep 02 15:37:15 UTC 2020
3 ms. Memory: 58368K Free: 38017K (65%)
ptolemy.util.test.WatchDog.cancel(): canceling Wed Sep 02 15:37:15 UTC 2020
auto.tcl: Setting watchdog for 200 seconds at Wed Sep 02 15:37:15 UTC 2020
1 ms. Memory: 58368K Free: 37023K (63%)
ptolemy.util.test.WatchDog.cancel(): canceling Wed Sep 02 15:37:15 UTC 2020
------------------ testing $PTII/ptolemy/domains/de/test/auto/VariableDelay2.xml
auto.tcl: Setting watchdog for 200 seconds at Wed Sep 02 15:37:15 UTC 2020
1 ms. Memory: 55296K Free: 35925K (65%)
ptolemy.util.test.WatchDog.cancel(): canceling Wed Sep 02 15:37:15 UTC 2020
auto.tcl: Setting watchdog for 200 seconds at Wed Sep 02 15:37:15 UTC 2020
1 ms. Memory: 55296K Free: 34864K (63%)
ptolemy.util.test.WatchDog.cancel(): canceling Wed Sep 02 15:37:15 UTC 2020
------------------ testing $PTII/ptolemy/domains/de/test/auto/VariableDelayZeroDelay.xml
auto.tcl: Setting watchdog for 200 seconds at Wed Sep 02 15:37:15 UTC 2020
2 ms. Memory: 55296K Free: 35887K (65%)
ptolemy.util.test.WatchDog.cancel(): canceling Wed Sep 02 15:37:15 UTC 2020
auto.tcl: Setting watchdog for 200 seconds at Wed Sep 02 15:37:15 UTC 2020
2 ms. Memory: 55296K Free: 35359K (64%)
ptolemy.util.test.WatchDog.cancel(): canceling Wed Sep 02 15:37:15 UTC 2020
------------------ testing $PTII/ptolemy/domains/de/test/auto/VariableDelayZeroDelay2.xml
auto.tcl: Setting watchdog for 200 seconds at Wed Sep 02 15:37:15 UTC 2020
2 ms. Memory: 55296K Free: 35886K (65%)
ptolemy.util.test.WatchDog.cancel(): canceling Wed Sep 02 15:37:15 UTC 2020
auto.tcl: Setting watchdog for 200 seconds at Wed Sep 02 15:37:15 UTC 2020
2 ms. Memory: 55296K Free: 34862K (63%)
ptolemy.util.test.WatchDog.cancel(): canceling Wed Sep 02 15:37:15 UTC 2020
------------------ testing $PTII/ptolemy/domains/de/test/auto/deInCt.xml
auto.tcl: Setting watchdog for 200 seconds at Wed Sep 02 15:37:15 UTC 2020
0
1
1
1
0
0
1
1
1
0
0
0
1
1
1
0
0
0
0
1
1
1
0
0
0
1
1
1
0
0
0
1
1
1
0
0
0
1
1
1
1
1
0
0
0
0
10 ms. Memory: 55296K Free: 34859K (63%)
ptolemy.util.test.WatchDog.cancel(): canceling Wed Sep 02 15:37:15 UTC 2020
auto.tcl: Setting watchdog for 200 seconds at Wed Sep 02 15:37:15 UTC 2020
0
1
1
0
0
0
0
1
1
1
0
0
0
1
1
0
0
0
0
0
0
1
1
1
0
0
0
1
1
1
0
0
0
1
1
1
1
0
0
0
1
1
0
0
0
1
1
1
7 ms. Memory: 55296K Free: 33321K (60%)
ptolemy.util.test.WatchDog.cancel(): canceling Wed Sep 02 15:37:15 UTC 2020
------------------ testing $PTII/ptolemy/domains/de/test/auto/deInCt2.xml
auto.tcl: Setting watchdog for 200 seconds at Wed Sep 02 15:37:15 UTC 2020
0
1
1
1
0
0
1
1
1
0
0
1
1
1
0
0
1
1
1
0
0
1
1
1
0
0
1
1
1
0
0
1
1
1
0
0
1
1
1
0
0
0
6 ms. Memory: 55296K Free: 34860K (63%)
ptolemy.util.test.WatchDog.cancel(): canceling Wed Sep 02 15:37:15 UTC 2020
auto.tcl: Setting watchdog for 200 seconds at Wed Sep 02 15:37:15 UTC 2020
0
1
1
1
0
0
1
1
1
0
0
1
1
1
0
0
1
1
1
0
0
1
1
1
0
0
1
1
1
0
0
1
1
1
0
0
1
1
1
0
0
0
6 ms. Memory: 55296K Free: 33308K (60%)
ptolemy.util.test.WatchDog.cancel(): canceling Wed Sep 02 15:37:15 UTC 2020
------------------ testing $PTII/ptolemy/domains/de/test/auto/dynamicCausalityInterface1.xml
auto.tcl: Setting watchdog for 200 seconds at Wed Sep 02 15:37:15 UTC 2020
1 ms. Memory: 55296K Free: 30758K (56%)
ptolemy.util.test.WatchDog.cancel(): canceling Wed Sep 02 15:37:15 UTC 2020
auto.tcl: Setting watchdog for 200 seconds at Wed Sep 02 15:37:15 UTC 2020
1 ms. Memory: 55296K Free: 30244K (55%)
ptolemy.util.test.WatchDog.cancel(): canceling Wed Sep 02 15:37:15 UTC 2020
------------------ testing $PTII/ptolemy/domains/de/test/auto/fsm_de_test.xml
auto.tcl: Setting watchdog for 200 seconds at Wed Sep 02 15:37:15 UTC 2020
10 ms. Memory: 55296K Free: 30657K (55%)
ptolemy.util.test.WatchDog.cancel(): canceling Wed Sep 02 15:37:16 UTC 2020
auto.tcl: Setting watchdog for 200 seconds at Wed Sep 02 15:37:16 UTC 2020
5 ms. Memory: 55296K Free: 28609K (52%)
ptolemy.util.test.WatchDog.cancel(): canceling Wed Sep 02 15:37:16 UTC 2020
------------------ testing $PTII/ptolemy/domains/de/test/auto/functionDependencyReconstruction.xml
auto.tcl: Setting watchdog for 200 seconds at Wed Sep 02 15:37:16 UTC 2020
4 ms. Memory: 55296K Free: 24503K (44%)
ptolemy.util.test.WatchDog.cancel(): canceling Wed Sep 02 15:37:16 UTC 2020
auto.tcl: Setting watchdog for 200 seconds at Wed Sep 02 15:37:16 UTC 2020
2 ms. Memory: 55296K Free: 22455K (41%)
ptolemy.util.test.WatchDog.cancel(): canceling Wed Sep 02 15:37:16 UTC 2020
------------------ testing $PTII/ptolemy/domains/de/test/auto/multirate.xml
auto.tcl: Setting watchdog for 200 seconds at Wed Sep 02 15:37:16 UTC 2020
8 ms. Memory: 55296K Free: 33277K (60%)
ptolemy.util.test.WatchDog.cancel(): canceling Wed Sep 02 15:37:16 UTC 2020
auto.tcl: Setting watchdog for 200 seconds at Wed Sep 02 15:37:16 UTC 2020
3 ms. Memory: 55296K Free: 31552K (57%)
ptolemy.util.test.WatchDog.cancel(): canceling Wed Sep 02 15:37:16 UTC 2020
------------------ testing $PTII/ptolemy/domains/de/test/auto/multirate2.xml
auto.tcl: Setting watchdog for 200 seconds at Wed Sep 02 15:37:16 UTC 2020
6 ms. Memory: 55296K Free: 33432K (60%)
ptolemy.util.test.WatchDog.cancel(): canceling Wed Sep 02 15:37:16 UTC 2020
auto.tcl: Setting watchdog for 200 seconds at Wed Sep 02 15:37:16 UTC 2020
3 ms. Memory: 55296K Free: 31734K (57%)
ptolemy.util.test.WatchDog.cancel(): canceling Wed Sep 02 15:37:16 UTC 2020
------------------ testing $PTII/ptolemy/domains/de/test/auto/realtime.xml
auto.tcl: Setting watchdog for 200 seconds at Wed Sep 02 15:37:16 UTC 2020
10003 ms. Memory: 55296K Free: 35501K (64%)
ptolemy.util.test.WatchDog.cancel(): canceling Wed Sep 02 15:37:26 UTC 2020
auto.tcl: Setting watchdog for 200 seconds at Wed Sep 02 15:37:26 UTC 2020
10001 ms. Memory: 55296K Free: 34805K (63%)
ptolemy.util.test.WatchDog.cancel(): canceling Wed Sep 02 15:37:36 UTC 2020
------------------ testing $PTII/ptolemy/domains/de/test/auto/relationGroup.xml
auto.tcl: Setting watchdog for 200 seconds at Wed Sep 02 15:37:36 UTC 2020
2 ms. Memory: 55296K Free: 36559K (66%)
ptolemy.util.test.WatchDog.cancel(): canceling Wed Sep 02 15:37:36 UTC 2020
auto.tcl: Setting watchdog for 200 seconds at Wed Sep 02 15:37:36 UTC 2020
2 ms. Memory: 55296K Free: 35854K (65%)
ptolemy.util.test.WatchDog.cancel(): canceling Wed Sep 02 15:37:36 UTC 2020
------------------ testing $PTII/ptolemy/domains/de/test/auto/relationGroup2.xml
auto.tcl: Setting watchdog for 200 seconds at Wed Sep 02 15:37:36 UTC 2020
1 ms. Memory: 55296K Free: 36616K (66%)
ptolemy.util.test.WatchDog.cancel(): canceling Wed Sep 02 15:37:36 UTC 2020
auto.tcl: Setting watchdog for 200 seconds at Wed Sep 02 15:37:36 UTC 2020
1 ms. Memory: 55296K Free: 35911K (65%)
ptolemy.util.test.WatchDog.cancel(): canceling Wed Sep 02 15:37:36 UTC 2020
------------------ testing $PTII/ptolemy/domains/de/test/auto/sortWithOpaquePorts.xml
auto.tcl: Setting watchdog for 200 seconds at Wed Sep 02 15:37:36 UTC 2020
1 ms. Memory: 55296K Free: 35384K (64%)
ptolemy.util.test.WatchDog.cancel(): canceling Wed Sep 02 15:37:36 UTC 2020
auto.tcl: Setting watchdog for 200 seconds at Wed Sep 02 15:37:36 UTC 2020
2 ms. Memory: 55296K Free: 34374K (62%)
ptolemy.util.test.WatchDog.cancel(): canceling Wed Sep 02 15:37:36 UTC 2020
------------------ testing $PTII/ptolemy/domains/de/test/auto/transferInputsandOutputs.xml
auto.tcl: Setting watchdog for 200 seconds at Wed Sep 02 15:37:36 UTC 2020
2 ms. Memory: 55296K Free: 32828K (59%)
ptolemy.util.test.WatchDog.cancel(): canceling Wed Sep 02 15:37:36 UTC 2020
auto.tcl: Setting watchdog for 200 seconds at Wed Sep 02 15:37:36 UTC 2020
3 ms. Memory: 55296K Free: 31804K (58%)
ptolemy.util.test.WatchDog.cancel(): canceling Wed Sep 02 15:37:36 UTC 2020
------------------ testing $PTII/ptolemy/domains/de/test/auto/triggerType.xml
auto.tcl: Setting watchdog for 200 seconds at Wed Sep 02 15:37:36 UTC 2020
1 ms. Memory: 55296K Free: 35853K (65%)
ptolemy.util.test.WatchDog.cancel(): canceling Wed Sep 02 15:37:36 UTC 2020
auto.tcl: Setting watchdog for 200 seconds at Wed Sep 02 15:37:36 UTC 2020
1 ms. Memory: 55296K Free: 34829K (63%)
ptolemy.util.test.WatchDog.cancel(): canceling Wed Sep 02 15:37:36 UTC 2020
09/02/20 03:37:36
Failed: 0  Total Tests: 192  ((Passed: 187, Newly Passed: 1)  Known Failed: 5) /home/travis/build/icyphy/ptII/ptolemy/domains/de/test
09/02/20 03:37:36
Failed: 0  Total Tests: 192  ((Passed: 187, Newly Passed: 1)  Known Failed: 5) /home/travis/build/icyphy/ptII/ptolemy/domains/de/test
----------------- testing (KnownFailure) /home/travis/build/icyphy/ptII/ptolemy/domains/de/test/auto/knownFailedTests/DESDFClockTest.xml
2013 ms. Memory: 55296K Free: 28738K (52%)
Known Failure: java.lang.reflect.InvocationTargetException
----------------- testing (KnownFailure) /home/travis/build/icyphy/ptII/ptolemy/domains/de/test/auto/knownFailedTests/DirectFeedback.xml
1 ms. Memory: 55296K Free: 25152K (45%)
Known Failure: java.lang.reflect.InvocationTargetException
----------------- testing (KnownFailure) /home/travis/build/icyphy/ptII/ptolemy/domains/de/test/auto/knownFailedTests/FSMSource.xml
14 ms. Memory: 55296K Free: 17474K (32%)
----------------- testing (KnownFailure) /home/travis/build/icyphy/ptII/ptolemy/domains/de/test/auto/knownFailedTests/HierarchicalModel.xml
7 ms. Memory: 55296K Free: 32707K (59%)
Known Failure: java.lang.reflect.InvocationTargetException
----------------- testing (KnownFailure) /home/travis/build/icyphy/ptII/ptolemy/domains/de/test/auto/knownFailedTests/dependencyLoop.xml
2 ms. Memory: 55296K Free: 17371K (31%)
Known Failure: java.lang.reflect.InvocationTargetException
----------------- testing (KnownFailure) /home/travis/build/icyphy/ptII/ptolemy/domains/de/test/auto/knownFailedTests/dependencyLoop2.xml
7 ms. Memory: 55296K Free: 33423K (60%)
Known Failure: java.lang.reflect.InvocationTargetException
No auto/linux-amd64/*.xml tests in /home/travis/build/icyphy/ptII/ptolemy/domains/de/test
AutoTests.java: About to close Vertx.
AutoTests.java: Vertx closed.

===========================================================================================
----------------- testing Wed Sep 02 15:37:38 UTC 2020 /home/travis/build/icyphy/ptII/ptolemy/domains/de/test/auto/ActorDepthCalculation_actorWithoutPorts.xml
----------------- Instantiating /home/travis/build/icyphy/ptII/ptolemy/domains/de/test/auto/ActorDepthCalculation_actorWithoutPorts.xml
2 ms. Memory: 55296K Free: 26540K (48%)
----------------- Invoking toplevel() on ptolemy.moml.MoMLSimpleApplication@62115040
----------------- Done invoking toplevel() on ptolemy.moml.MoMLSimpleApplication@62115040
reloadAllAccessors: .ActorDepthCalculation_actorWithoutPorts

===========================================================================================
----------------- testing Wed Sep 02 15:37:38 UTC 2020 /home/travis/build/icyphy/ptII/ptolemy/domains/de/test/auto/AssemblyLine.xml
----------------- Instantiating /home/travis/build/icyphy/ptII/ptolemy/domains/de/test/auto/AssemblyLine.xml
2 ms. Memory: 55296K Free: 19412K (35%)
----------------- Invoking toplevel() on ptolemy.moml.MoMLSimpleApplication@7fdc8920
----------------- Done invoking toplevel() on ptolemy.moml.MoMLSimpleApplication@7fdc8920
reloadAllAccessors: .AssemblyLine

===========================================================================================
----------------- testing Wed Sep 02 15:37:39 UTC 2020 /home/travis/build/icyphy/ptII/ptolemy/domains/de/test/auto/CQBug1.xml
----------------- Instantiating /home/travis/build/icyphy/ptII/ptolemy/domains/de/test/auto/CQBug1.xml
0 ms. Memory: 55296K Free: 16340K (30%)
----------------- Invoking toplevel() on ptolemy.moml.MoMLSimpleApplication@885df6
----------------- Done invoking toplevel() on ptolemy.moml.MoMLSimpleApplication@885df6
reloadAllAccessors: .CQBug1

===========================================================================================
----------------- testing Wed Sep 02 15:37:39 UTC 2020 /home/travis/build/icyphy/ptII/ptolemy/domains/de/test/auto/CancelFireAt.xml
----------------- Instantiating /home/travis/build/icyphy/ptII/ptolemy/domains/de/test/auto/CancelFireAt.xml
2 ms. Memory: 55296K Free: 13915K (25%)
----------------- Invoking toplevel() on ptolemy.moml.MoMLSimpleApplication@6488e46c
----------------- Done invoking toplevel() on ptolemy.moml.MoMLSimpleApplication@6488e46c
reloadAllAccessors: .CancelFireAt

===========================================================================================
----------------- testing Wed Sep 02 15:37:39 UTC 2020 /home/travis/build/icyphy/ptII/ptolemy/domains/de/test/auto/CausalityAndComposabilityAnalysis.xml
----------------- Instantiating /home/travis/build/icyphy/ptII/ptolemy/domains/de/test/auto/CausalityAndComposabilityAnalysis.xml
14 ms. Memory: 55296K Free: 9495K (17%)
----------------- Invoking toplevel() on ptolemy.moml.MoMLSimpleApplication@47567ae2
----------------- Done invoking toplevel() on ptolemy.moml.MoMLSimpleApplication@47567ae2
reloadAllAccessors: .CausalityAndComposabilityAnalysis

===========================================================================================
----------------- testing Wed Sep 02 15:37:39 UTC 2020 /home/travis/build/icyphy/ptII/ptolemy/domains/de/test/auto/CausalityInterface1.xml
----------------- Instantiating /home/travis/build/icyphy/ptII/ptolemy/domains/de/test/auto/CausalityInterface1.xml
4 ms. Memory: 55296K Free: 35320K (64%)
----------------- Invoking toplevel() on ptolemy.moml.MoMLSimpleApplication@62ecf005
----------------- Done invoking toplevel() on ptolemy.moml.MoMLSimpleApplication@62ecf005
reloadAllAccessors: .CausalityInterface1

===========================================================================================
----------------- testing Wed Sep 02 15:37:39 UTC 2020 /home/travis/build/icyphy/ptII/ptolemy/domains/de/test/auto/CausalityInterface15.xml
----------------- Instantiating /home/travis/build/icyphy/ptII/ptolemy/domains/de/test/auto/CausalityInterface15.xml
2 ms. Memory: 55296K Free: 29863K (54%)
----------------- Invoking toplevel() on ptolemy.moml.MoMLSimpleApplication@507c3451
----------------- Done invoking toplevel() on ptolemy.moml.MoMLSimpleApplication@507c3451
reloadAllAccessors: .CausalityInterface15

===========================================================================================
----------------- testing Wed Sep 02 15:37:39 UTC 2020 /home/travis/build/icyphy/ptII/ptolemy/domains/de/test/auto/CausalityInterface2.xml
----------------- Instantiating /home/travis/build/icyphy/ptII/ptolemy/domains/de/test/auto/CausalityInterface2.xml
3 ms. Memory: 55296K Free: 25389K (46%)
[...]
	at ptolemy.actor.Manager.run(Manager.java:1263)
	at ptolemy.actor.Manager$PtolemyRunThread.run(Manager.java:1933)
java.lang.RuntimeException: Execution failed
	at ptolemy.moml.MoMLSimpleApplication$UnloadThread.run(MoMLSimpleApplication.java:402)
Caused by: ptolemy.kernel.util.IllegalActionException: Actor is not ready to fire.  Perhaps UpSample.prefire() returned false? Try debugging the actor by selecting "Listen to Actor".  Also, for SDF check moml for tokenConsumptionRate on input.
  in .DESDFClockTest.Play Bell.Copy1:SDF Director and .DESDFClockTest.Play Bell.UpSample
	at ptolemy.actor.sched.StaticSchedulingDirector.fire(StaticSchedulingDirector.java:227)
	at ptolemy.domains.sdf.kernel.SDFDirector.fire(SDFDirector.java:500)
	at ptolemy.actor.CompositeActor.fire(CompositeActor.java:455)
	at ptolemy.domains.de.kernel.DEDirector._fire(DEDirector.java:1949)
	at ptolemy.domains.de.kernel.DEDirector.fire(DEDirector.java:502)
	at ptolemy.actor.CompositeActor.fire(CompositeActor.java:455)
	at ptolemy.actor.Manager.iterate(Manager.java:851)
	at ptolemy.actor.Manager.execute(Manager.java:369)
	at ptolemy.actor.Manager.run(Manager.java:1263)
	at ptolemy.actor.Manager$PtolemyRunThread.run(Manager.java:1933)
java.lang.reflect.InvocationTargetException
	at java.base/jdk.internal.reflect.NativeConstructorAccessorImpl.newInstance0(Native Method)
	at java.base/jdk.internal.reflect.NativeConstructorAccessorImpl.newInstance(NativeConstructorAccessorImpl.java:62)
	at java.base/jdk.internal.reflect.DelegatingConstructorAccessorImpl.newInstance(DelegatingConstructorAccessorImpl.java:45)
	at java.base/java.lang.reflect.Constructor.newInstance(Constructor.java:490)
	at ptolemy.util.test.junit.AutoKnownFailedTests.RunModel(AutoKnownFailedTests.java:105)
	at java.base/jdk.internal.reflect.NativeMethodAccessorImpl.invoke0(Native Method)
	at java.base/jdk.internal.reflect.NativeMethodAccessorImpl.invoke(NativeMethodAccessorImpl.java:62)
	at java.base/jdk.internal.reflect.DelegatingMethodAccessorImpl.invoke(DelegatingMethodAccessorImpl.java:43)
	at java.base/java.lang.reflect.Method.invoke(Method.java:566)
	at org.junit.runners.model.FrameworkMethod$1.runReflectiveCall(FrameworkMethod.java:44)
	at org.junit.internal.runners.model.ReflectiveCallable.run(ReflectiveCallable.java:15)
	at org.junit.runners.model.FrameworkMethod.invokeExplosively(FrameworkMethod.java:41)
	at junitparams.internal.InvokeParameterisedMethod.evaluate(InvokeParameterisedMethod.java:102)
	at org.junit.internal.runners.statements.FailOnTimeout$1.run(FailOnTimeout.java:28)
Caused by: ptolemy.kernel.util.IllegalActionException: Actor is not ready to fire.  Perhaps UpSample.prefire() returned false? Try debugging the actor by selecting "Listen to Actor".  Also, for SDF check moml for tokenConsumptionRate on input.
  in .DESDFClockTest.Play Bell.Copy1:SDF Director and .DESDFClockTest.Play Bell.UpSample
	at ptolemy.actor.sched.StaticSchedulingDirector.fire(StaticSchedulingDirector.java:227)
	at ptolemy.domains.sdf.kernel.SDFDirector.fire(SDFDirector.java:500)
	at ptolemy.actor.CompositeActor.fire(CompositeActor.java:455)
	at ptolemy.domains.de.kernel.DEDirector._fire(DEDirector.java:1949)
	at ptolemy.domains.de.kernel.DEDirector.fire(DEDirector.java:502)
	at ptolemy.actor.CompositeActor.fire(CompositeActor.java:455)
	at ptolemy.actor.Manager.iterate(Manager.java:851)
	at ptolemy.actor.Manager.execute(Manager.java:369)
	at ptolemy.actor.Manager.run(Manager.java:1263)
	at ptolemy.actor.Manager$PtolemyRunThread.run(Manager.java:1933)
java.lang.RuntimeException: Execution failed
	at ptolemy.moml.MoMLSimpleApplication$UnloadThread.run(MoMLSimpleApplication.java:402)
Caused by: ptolemy.kernel.util.IllegalActionException: Test fails in iteration 1.
Value was: 1.0. Should have been: 2.0
  in .DirectFeedback.Test
	at ptolemy.actor.lib.Test.fire(Test.java:268)
	at ptolemy.domains.de.kernel.DEDirector._fire(DEDirector.java:1949)
	at ptolemy.domains.de.kernel.DEDirector.fire(DEDirector.java:502)
	at ptolemy.actor.CompositeActor.fire(CompositeActor.java:455)
	at ptolemy.actor.Manager.iterate(Manager.java:851)
	at ptolemy.actor.Manager.execute(Manager.java:369)
	at ptolemy.actor.Manager.run(Manager.java:1263)
	at ptolemy.actor.Manager$PtolemyRunThread.run(Manager.java:1933)
java.lang.reflect.InvocationTargetException
	at java.base/jdk.internal.reflect.NativeConstructorAccessorImpl.newInstance0(Native Method)
	at java.base/jdk.internal.reflect.NativeConstructorAccessorImpl.newInstance(NativeConstructorAccessorImpl.java:62)
	at java.base/jdk.internal.reflect.DelegatingConstructorAccessorImpl.newInstance(DelegatingConstructorAccessorImpl.java:45)
	at java.base/java.lang.reflect.Constructor.newInstance(Constructor.java:490)
	at ptolemy.util.test.junit.AutoKnownFailedTests.RunModel(AutoKnownFailedTests.java:105)
	at java.base/jdk.internal.reflect.NativeMethodAccessorImpl.invoke0(Native Method)
	at java.base/jdk.internal.reflect.NativeMethodAccessorImpl.invoke(NativeMethodAccessorImpl.java:62)
	at java.base/jdk.internal.reflect.DelegatingMethodAccessorImpl.invoke(DelegatingMethodAccessorImpl.java:43)
	at java.base/java.lang.reflect.Method.invoke(Method.java:566)
	at org.junit.runners.model.FrameworkMethod$1.runReflectiveCall(FrameworkMethod.java:44)
	at org.junit.internal.runners.model.ReflectiveCallable.run(ReflectiveCallable.java:15)
	at org.junit.runners.model.FrameworkMethod.invokeExplosively(FrameworkMethod.java:41)
	at junitparams.internal.InvokeParameterisedMethod.evaluate(InvokeParameterisedMethod.java:102)
	at org.junit.internal.runners.statements.FailOnTimeout$1.run(FailOnTimeout.java:28)
Caused by: ptolemy.kernel.util.IllegalActionException: Test fails in iteration 1.
Value was: 1.0. Should have been: 2.0
  in .DirectFeedback.Test
	at ptolemy.actor.lib.Test.fire(Test.java:268)
	at ptolemy.domains.de.kernel.DEDirector._fire(DEDirector.java:1949)
	at ptolemy.domains.de.kernel.DEDirector.fire(DEDirector.java:502)
	at ptolemy.actor.CompositeActor.fire(CompositeActor.java:455)
	at ptolemy.actor.Manager.iterate(Manager.java:851)
	at ptolemy.actor.Manager.execute(Manager.java:369)
	at ptolemy.actor.Manager.run(Manager.java:1263)
	at ptolemy.actor.Manager$PtolemyRunThread.run(Manager.java:1933)
java.lang.RuntimeException: Execution failed
	at ptolemy.moml.MoMLSimpleApplication$UnloadThread.run(MoMLSimpleApplication.java:402)
Caused by: ptolemy.kernel.util.IllegalActionException: Found a zero delay loop containing .HierarchicalModel.A
  in .HierarchicalModel and .HierarchicalModel.A
	at ptolemy.actor.util.CausalityInterfaceForComposites._computeOutputPortDepth(CausalityInterfaceForComposites.java:759)
	at ptolemy.actor.util.CausalityInterfaceForComposites._computeInputDepth(CausalityInterfaceForComposites.java:696)
	at ptolemy.actor.util.CausalityInterfaceForComposites._computeOutputPortDepth(CausalityInterfaceForComposites.java:765)
	at ptolemy.actor.util.CausalityInterfaceForComposites._computeInputDepth(CausalityInterfaceForComposites.java:696)
	at ptolemy.actor.util.CausalityInterfaceForComposites._computeOutputPortDepth(CausalityInterfaceForComposites.java:765)
	at ptolemy.actor.util.CausalityInterfaceForComposites._computeInputDepth(CausalityInterfaceForComposites.java:696)
	at ptolemy.actor.util.CausalityInterfaceForComposites._computeActorDepth(CausalityInterfaceForComposites.java:532)
	at ptolemy.actor.util.CausalityInterfaceForComposites.checkForCycles(CausalityInterfaceForComposites.java:96)
	at ptolemy.domains.de.kernel.DEDirector.preinitialize(DEDirector.java:1338)
	at ptolemy.actor.CompositeActor.preinitialize(CompositeActor.java:1828)
	at ptolemy.actor.Manager.preinitializeAndResolveTypes(Manager.java:1040)
	at ptolemy.actor.Manager.initialize(Manager.java:710)
	at ptolemy.actor.Manager.execute(Manager.java:356)
	at ptolemy.actor.Manager.run(Manager.java:1263)
	at ptolemy.actor.Manager$PtolemyRunThread.run(Manager.java:1933)
java.lang.reflect.InvocationTargetException
	at java.base/jdk.internal.reflect.NativeConstructorAccessorImpl.newInstance0(Native Method)
	at java.base/jdk.internal.reflect.NativeConstructorAccessorImpl.newInstance(NativeConstructorAccessorImpl.java:62)
	at java.base/jdk.internal.reflect.DelegatingConstructorAccessorImpl.newInstance(DelegatingConstructorAccessorImpl.java:45)
	at java.base/java.lang.reflect.Constructor.newInstance(Constructor.java:490)
	at ptolemy.util.test.junit.AutoKnownFailedTests.RunModel(AutoKnownFailedTests.java:105)
	at java.base/jdk.internal.reflect.NativeMethodAccessorImpl.invoke0(Native Method)
	at java.base/jdk.internal.reflect.NativeMethodAccessorImpl.invoke(NativeMethodAccessorImpl.java:62)
	at java.base/jdk.internal.reflect.DelegatingMethodAccessorImpl.invoke(DelegatingMethodAccessorImpl.java:43)
	at java.base/java.lang.reflect.Method.invoke(Method.java:566)
	at org.junit.runners.model.FrameworkMethod$1.runReflectiveCall(FrameworkMethod.java:44)
	at org.junit.internal.runners.model.ReflectiveCallable.run(ReflectiveCallable.java:15)
	at org.junit.runners.model.FrameworkMethod.invokeExplosively(FrameworkMethod.java:41)
	at junitparams.internal.InvokeParameterisedMethod.evaluate(InvokeParameterisedMethod.java:102)
	at org.junit.internal.runners.statements.FailOnTimeout$1.run(FailOnTimeout.java:28)
Caused by: ptolemy.kernel.util.IllegalActionException: Found a zero delay loop containing .HierarchicalModel.A
  in .HierarchicalModel and .HierarchicalModel.A
	at ptolemy.actor.util.CausalityInterfaceForComposites._computeOutputPortDepth(CausalityInterfaceForComposites.java:759)
	at ptolemy.actor.util.CausalityInterfaceForComposites._computeInputDepth(CausalityInterfaceForComposites.java:696)
	at ptolemy.actor.util.CausalityInterfaceForComposites._computeOutputPortDepth(CausalityInterfaceForComposites.java:765)
	at ptolemy.actor.util.CausalityInterfaceForComposites._computeInputDepth(CausalityInterfaceForComposites.java:696)
	at ptolemy.actor.util.CausalityInterfaceForComposites._computeOutputPortDepth(CausalityInterfaceForComposites.java:765)
	at ptolemy.actor.util.CausalityInterfaceForComposites._computeInputDepth(CausalityInterfaceForComposites.java:696)
	at ptolemy.actor.util.CausalityInterfaceForComposites._computeActorDepth(CausalityInterfaceForComposites.java:532)
	at ptolemy.actor.util.CausalityInterfaceForComposites.checkForCycles(CausalityInterfaceForComposites.java:96)
	at ptolemy.domains.de.kernel.DEDirector.preinitialize(DEDirector.java:1338)
	at ptolemy.actor.CompositeActor.preinitialize(CompositeActor.java:1828)
	at ptolemy.actor.Manager.preinitializeAndResolveTypes(Manager.java:1040)
	at ptolemy.actor.Manager.initialize(Manager.java:710)
	at ptolemy.actor.Manager.execute(Manager.java:356)
	at ptolemy.actor.Manager.run(Manager.java:1263)
	at ptolemy.actor.Manager$PtolemyRunThread.run(Manager.java:1933)
java.lang.RuntimeException: Execution failed
	at ptolemy.moml.MoMLSimpleApplication$UnloadThread.run(MoMLSimpleApplication.java:402)
Caused by: ptolemy.kernel.util.IllegalActionException: Found a zero delay loop containing .dependencyLoop.original
  in .dependencyLoop and .dependencyLoop.original
	at ptolemy.actor.util.CausalityInterfaceForComposites._computeOutputPortDepth(CausalityInterfaceForComposites.java:759)
	at ptolemy.actor.util.CausalityInterfaceForComposites._computeInputDepth(CausalityInterfaceForComposites.java:696)
	at ptolemy.actor.util.CausalityInterfaceForComposites._computeOutputPortDepth(CausalityInterfaceForComposites.java:765)
	at ptolemy.actor.util.CausalityInterfaceForComposites._computeInputDepth(CausalityInterfaceForComposites.java:696)
	at ptolemy.actor.util.CausalityInterfaceForComposites._computeOutputPortDepth(CausalityInterfaceForComposites.java:765)
	at ptolemy.actor.util.CausalityInterfaceForComposites._computeInputDepth(CausalityInterfaceForComposites.java:696)
	at ptolemy.actor.util.CausalityInterfaceForComposites._computeActorDepth(CausalityInterfaceForComposites.java:532)
	at ptolemy.actor.util.CausalityInterfaceForComposites.checkForCycles(CausalityInterfaceForComposites.java:96)
	at ptolemy.domains.de.kernel.DEDirector.preinitialize(DEDirector.java:1338)
	at ptolemy.actor.CompositeActor.preinitialize(CompositeActor.java:1828)
	at ptolemy.actor.Manager.preinitializeAndResolveTypes(Manager.java:1040)
	at ptolemy.actor.Manager.initialize(Manager.java:710)
	at ptolemy.actor.Manager.execute(Manager.java:356)
	at ptolemy.actor.Manager.run(Manager.java:1263)
	at ptolemy.actor.Manager$PtolemyRunThread.run(Manager.java:1933)
java.lang.reflect.InvocationTargetException
	at java.base/jdk.internal.reflect.NativeConstructorAccessorImpl.newInstance0(Native Method)
	at java.base/jdk.internal.reflect.NativeConstructorAccessorImpl.newInstance(NativeConstructorAccessorImpl.java:62)
	at java.base/jdk.internal.reflect.DelegatingConstructorAccessorImpl.newInstance(DelegatingConstructorAccessorImpl.java:45)
	at java.base/java.lang.reflect.Constructor.newInstance(Constructor.java:490)
	at ptolemy.util.test.junit.AutoKnownFailedTests.RunModel(AutoKnownFailedTests.java:105)
	at java.base/jdk.internal.reflect.NativeMethodAccessorImpl.invoke0(Native Method)
	at java.base/jdk.internal.reflect.NativeMethodAccessorImpl.invoke(NativeMethodAccessorImpl.java:62)
	at java.base/jdk.internal.reflect.DelegatingMethodAccessorImpl.invoke(DelegatingMethodAccessorImpl.java:43)
	at java.base/java.lang.reflect.Method.invoke(Method.java:566)
	at org.junit.runners.model.FrameworkMethod$1.runReflectiveCall(FrameworkMethod.java:44)
	at org.junit.internal.runners.model.ReflectiveCallable.run(ReflectiveCallable.java:15)
	at org.junit.runners.model.FrameworkMethod.invokeExplosively(FrameworkMethod.java:41)
	at junitparams.internal.InvokeParameterisedMethod.evaluate(InvokeParameterisedMethod.java:102)
	at org.junit.internal.runners.statements.FailOnTimeout$1.run(FailOnTimeout.java:28)
Caused by: ptolemy.kernel.util.IllegalActionException: Found a zero delay loop containing .dependencyLoop.original
  in .dependencyLoop and .dependencyLoop.original
	at ptolemy.actor.util.CausalityInterfaceForComposites._computeOutputPortDepth(CausalityInterfaceForComposites.java:759)
	at ptolemy.actor.util.CausalityInterfaceForComposites._computeInputDepth(CausalityInterfaceForComposites.java:696)
	at ptolemy.actor.util.CausalityInterfaceForComposites._computeOutputPortDepth(CausalityInterfaceForComposites.java:765)
	at ptolemy.actor.util.CausalityInterfaceForComposites._computeInputDepth(CausalityInterfaceForComposites.java:696)
	at ptolemy.actor.util.CausalityInterfaceForComposites._computeOutputPortDepth(CausalityInterfaceForComposites.java:765)
	at ptolemy.actor.util.CausalityInterfaceForComposites._computeInputDepth(CausalityInterfaceForComposites.java:696)
	at ptolemy.actor.util.CausalityInterfaceForComposites._computeActorDepth(CausalityInterfaceForComposites.java:532)
	at ptolemy.actor.util.CausalityInterfaceForComposites.checkForCycles(CausalityInterfaceForComposites.java:96)
	at ptolemy.domains.de.kernel.DEDirector.preinitialize(DEDirector.java:1338)
	at ptolemy.actor.CompositeActor.preinitialize(CompositeActor.java:1828)
	at ptolemy.actor.Manager.preinitializeAndResolveTypes(Manager.java:1040)
	at ptolemy.actor.Manager.initialize(Manager.java:710)
	at ptolemy.actor.Manager.execute(Manager.java:356)
	at ptolemy.actor.Manager.run(Manager.java:1263)
	at ptolemy.actor.Manager$PtolemyRunThread.run(Manager.java:1933)
java.lang.RuntimeException: Execution failed
	at ptolemy.moml.MoMLSimpleApplication$UnloadThread.run(MoMLSimpleApplication.java:402)
Caused by: ptolemy.kernel.util.IllegalActionException: Found a zero delay loop containing .dependencyLoop2.original
  in .dependencyLoop2 and .dependencyLoop2.original
	at ptolemy.actor.util.CausalityInterfaceForComposites._computeOutputPortDepth(CausalityInterfaceForComposites.java:759)
	at ptolemy.actor.util.CausalityInterfaceForComposites._computeInputDepth(CausalityInterfaceForComposites.java:696)
	at ptolemy.actor.util.CausalityInterfaceForComposites._computeOutputPortDepth(CausalityInterfaceForComposites.java:765)
	at ptolemy.actor.util.CausalityInterfaceForComposites._computeInputDepth(CausalityInterfaceForComposites.java:696)
	at ptolemy.actor.util.CausalityInterfaceForComposites._computeOutputPortDepth(CausalityInterfaceForComposites.java:765)
	at ptolemy.actor.util.CausalityInterfaceForComposites._computeInputDepth(CausalityInterfaceForComposites.java:696)
	at ptolemy.actor.util.CausalityInterfaceForComposites._computeActorDepth(CausalityInterfaceForComposites.java:532)
	at ptolemy.actor.util.CausalityInterfaceForComposites.checkForCycles(CausalityInterfaceForComposites.java:96)
	at ptolemy.domains.de.kernel.DEDirector.preinitialize(DEDirector.java:1338)
	at ptolemy.actor.CompositeActor.preinitialize(CompositeActor.java:1828)
	at ptolemy.actor.Manager.preinitializeAndResolveTypes(Manager.java:1040)
	at ptolemy.actor.Manager.initialize(Manager.java:710)
	at ptolemy.actor.Manager.execute(Manager.java:356)
	at ptolemy.actor.Manager.run(Manager.java:1263)
	at ptolemy.actor.Manager$PtolemyRunThread.run(Manager.java:1933)
java.lang.reflect.InvocationTargetException
	at java.base/jdk.internal.reflect.NativeConstructorAccessorImpl.newInstance0(Native Method)
	at java.base/jdk.internal.reflect.NativeConstructorAccessorImpl.newInstance(NativeConstructorAccessorImpl.java:62)
	at java.base/jdk.internal.reflect.DelegatingConstructorAccessorImpl.newInstance(DelegatingConstructorAccessorImpl.java:45)
	at java.base/java.lang.reflect.Constructor.newInstance(Constructor.java:490)
	at ptolemy.util.test.junit.AutoKnownFailedTests.RunModel(AutoKnownFailedTests.java:105)
	at java.base/jdk.internal.reflect.NativeMethodAccessorImpl.invoke0(Native Method)
	at java.base/jdk.internal.reflect.NativeMethodAccessorImpl.invoke(NativeMethodAccessorImpl.java:62)
	at java.base/jdk.internal.reflect.DelegatingMethodAccessorImpl.invoke(DelegatingMethodAccessorImpl.java:43)
	at java.base/java.lang.reflect.Method.invoke(Method.java:566)
	at org.junit.runners.model.FrameworkMethod$1.runReflectiveCall(FrameworkMethod.java:44)
	at org.junit.internal.runners.model.ReflectiveCallable.run(ReflectiveCallable.java:15)
	at org.junit.runners.model.FrameworkMethod.invokeExplosively(FrameworkMethod.java:41)
	at junitparams.internal.InvokeParameterisedMethod.evaluate(InvokeParameterisedMethod.java:102)
	at org.junit.internal.runners.statements.FailOnTimeout$1.run(FailOnTimeout.java:28)
Caused by: ptolemy.kernel.util.IllegalActionException: Found a zero delay loop containing .dependencyLoop2.original
  in .dependencyLoop2 and .dependencyLoop2.original
	at ptolemy.actor.util.CausalityInterfaceForComposites._computeOutputPortDepth(CausalityInterfaceForComposites.java:759)
	at ptolemy.actor.util.CausalityInterfaceForComposites._computeInputDepth(CausalityInterfaceForComposites.java:696)
	at ptolemy.actor.util.CausalityInterfaceForComposites._computeOutputPortDepth(CausalityInterfaceForComposites.java:765)
	at ptolemy.actor.util.CausalityInterfaceForComposites._computeInputDepth(CausalityInterfaceForComposites.java:696)
	at ptolemy.actor.util.CausalityInterfaceForComposites._computeOutputPortDepth(CausalityInterfaceForComposites.java:765)
	at ptolemy.actor.util.CausalityInterfaceForComposites._computeInputDepth(CausalityInterfaceForComposites.java:696)
	at ptolemy.actor.util.CausalityInterfaceForComposites._computeActorDepth(CausalityInterfaceForComposites.java:532)
	at ptolemy.actor.util.CausalityInterfaceForComposites.checkForCycles(CausalityInterfaceForComposites.java:96)
	at ptolemy.domains.de.kernel.DEDirector.preinitialize(DEDirector.java:1338)
	at ptolemy.actor.CompositeActor.preinitialize(CompositeActor.java:1828)
	at ptolemy.actor.Manager.preinitializeAndResolveTypes(Manager.java:1040)
	at ptolemy.actor.Manager.initialize(Manager.java:710)
	at ptolemy.actor.Manager.execute(Manager.java:356)
	at ptolemy.actor.Manager.run(Manager.java:1263)
	at ptolemy.actor.Manager$PtolemyRunThread.run(Manager.java:1933)
]]></system-err>
</testsuite>
