<?xml version="1.0" encoding="UTF-8" ?>
<testsuite errors="0" failures="0" hostname="travis-job-ec4ae40a-c425-463c-87d9-80471b7b560d" name="ptolemy.domains.de.test.junit.JUnitTclTest" skipped="0" tests="101" time="127.222" timestamp="2019-04-20T04:04:10">
  <properties>
[...]
</properties>
  <testcase classname="ptolemy.util.test.junit.TclTests" name="[0] /home/travis/build/icyphy/ptII/ptolemy/domains/de/test/DependencyLoop.tcl (RunTclFile)" time="0.747" />
  <testcase classname="ptolemy.util.test.junit.TclTests" name="[1] /home/travis/build/icyphy/ptII/ptolemy/domains/de/test/RunDETestsAsQSS.tcl (RunTclFile)" time="86.991" />
  <testcase classname="ptolemy.util.test.junit.AutoKnownFailedTests" name="[0] /home/travis/build/icyphy/ptII/ptolemy/domains/de/test/auto/knownFailedTests/DESDFClockTest.xml (RunModel)" time="2.057" />
  <testcase classname="ptolemy.util.test.junit.AutoKnownFailedTests" name="[1] /home/travis/build/icyphy/ptII/ptolemy/domains/de/test/auto/knownFailedTests/DirectFeedback.xml (RunModel)" time="0.018" />
  <testcase classname="ptolemy.util.test.junit.AutoKnownFailedTests" name="[2] /home/travis/build/icyphy/ptII/ptolemy/domains/de/test/auto/knownFailedTests/FSMSource.xml (RunModel)" time="0.027" />
  <testcase classname="ptolemy.util.test.junit.AutoKnownFailedTests" name="[3] /home/travis/build/icyphy/ptII/ptolemy/domains/de/test/auto/knownFailedTests/HierarchicalModel.xml (RunModel)" time="0.056" />
  <testcase classname="ptolemy.util.test.junit.AutoKnownFailedTests" name="[4] /home/travis/build/icyphy/ptII/ptolemy/domains/de/test/auto/knownFailedTests/dependencyLoop.xml (RunModel)" time="0.05" />
  <testcase classname="ptolemy.util.test.junit.AutoKnownFailedTests" name="[5] /home/travis/build/icyphy/ptII/ptolemy/domains/de/test/auto/knownFailedTests/dependencyLoop2.xml (RunModel)" time="0.054" />
  <testcase classname="ptolemy.util.test.junit.AutoNameArchTests" name="[0] ThereAreNoAutoArchTests (RunModel)" time="0.005" />
  <testcase classname="ptolemy.util.test.junit.AutoTests" name="[0] /home/travis/build/icyphy/ptII/ptolemy/domains/de/test/auto/ActorDepthCalculation_actorWithoutPorts.xml (RunModel)" time="0.02" />
  <testcase classname="ptolemy.util.test.junit.AutoTests" name="[1] /home/travis/build/icyphy/ptII/ptolemy/domains/de/test/auto/AssemblyLine.xml (RunModel)" time="0.022" />
  <testcase classname="ptolemy.util.test.junit.AutoTests" name="[2] /home/travis/build/icyphy/ptII/ptolemy/domains/de/test/auto/CQBug1.xml (RunModel)" time="0.013" />
  <testcase classname="ptolemy.util.test.junit.AutoTests" name="[3] /home/travis/build/icyphy/ptII/ptolemy/domains/de/test/auto/CancelFireAt.xml (RunModel)" time="0.013" />
  <testcase classname="ptolemy.util.test.junit.AutoTests" name="[4] /home/travis/build/icyphy/ptII/ptolemy/domains/de/test/auto/CausalityAndComposabilityAnalysis.xml (RunModel)" time="0.012" />
  <testcase classname="ptolemy.util.test.junit.AutoTests" name="[5] /home/travis/build/icyphy/ptII/ptolemy/domains/de/test/auto/CausalityInterface1.xml (RunModel)" time="0.012" />
  <testcase classname="ptolemy.util.test.junit.AutoTests" name="[6] /home/travis/build/icyphy/ptII/ptolemy/domains/de/test/auto/CausalityInterface15.xml (RunModel)" time="0.012" />
  <testcase classname="ptolemy.util.test.junit.AutoTests" name="[7] /home/travis/build/icyphy/ptII/ptolemy/domains/de/test/auto/CausalityInterface2.xml (RunModel)" time="0.011" />
  <testcase classname="ptolemy.util.test.junit.AutoTests" name="[8] /home/travis/build/icyphy/ptII/ptolemy/domains/de/test/auto/CausalityInterface3.xml (RunModel)" time="0.01" />
  <testcase classname="ptolemy.util.test.junit.AutoTests" name="[9] /home/travis/build/icyphy/ptII/ptolemy/domains/de/test/auto/ClockDrift.xml (RunModel)" time="0.034" />
  <testcase classname="ptolemy.util.test.junit.AutoTests" name="[10] /home/travis/build/icyphy/ptII/ptolemy/domains/de/test/auto/ClockDriftAndValueChange.xml (RunModel)" time="0.03" />
  <testcase classname="ptolemy.util.test.junit.AutoTests" name="[11] /home/travis/build/icyphy/ptII/ptolemy/domains/de/test/auto/ClockDriftChange.xml (RunModel)" time="0.026" />
  <testcase classname="ptolemy.util.test.junit.AutoTests" name="[12] /home/travis/build/icyphy/ptII/ptolemy/domains/de/test/auto/ComposableCausalityAnalysis.xml (RunModel)" time="0.02" />
  <testcase classname="ptolemy.util.test.junit.AutoTests" name="[13] /home/travis/build/icyphy/ptII/ptolemy/domains/de/test/auto/DEFixedPointLimitation.xml (RunModel)" time="0.009" />
  <testcase classname="ptolemy.util.test.junit.AutoTests" name="[14] /home/travis/build/icyphy/ptII/ptolemy/domains/de/test/auto/DEScheduleTest.xml (RunModel)" time="0.011" />
  <testcase classname="ptolemy.util.test.junit.AutoTests" name="[15] /home/travis/build/icyphy/ptII/ptolemy/domains/de/test/auto/DEinDEwithStartTimes.xml (RunModel)" time="0.014" />
  <testcase classname="ptolemy.util.test.junit.AutoTests" name="[16] /home/travis/build/icyphy/ptII/ptolemy/domains/de/test/auto/DEinDEwithStartTimes2.xml (RunModel)" time="0.014" />
  <testcase classname="ptolemy.util.test.junit.AutoTests" name="[17] /home/travis/build/icyphy/ptII/ptolemy/domains/de/test/auto/DateDemo.xml (RunModel)" time="0.036" />
  <testcase classname="ptolemy.util.test.junit.AutoTests" name="[18] /home/travis/build/icyphy/ptII/ptolemy/domains/de/test/auto/DateToEvent.xml (RunModel)" time="2.03" />
  <testcase classname="ptolemy.util.test.junit.AutoTests" name="[19] /home/travis/build/icyphy/ptII/ptolemy/domains/de/test/auto/DepthTest1.xml (RunModel)" time="0.013" />
  <testcase classname="ptolemy.util.test.junit.AutoTests" name="[20] /home/travis/build/icyphy/ptII/ptolemy/domains/de/test/auto/DepthTest2.xml (RunModel)" time="0.017" />
  <testcase classname="ptolemy.util.test.junit.AutoTests" name="[21] /home/travis/build/icyphy/ptII/ptolemy/domains/de/test/auto/DepthTest3.xml (RunModel)" time="0.008" />
  <testcase classname="ptolemy.util.test.junit.AutoTests" name="[22] /home/travis/build/icyphy/ptII/ptolemy/domains/de/test/auto/DepthTest4.xml (RunModel)" time="0.012" />
  <testcase classname="ptolemy.util.test.junit.AutoTests" name="[23] /home/travis/build/icyphy/ptII/ptolemy/domains/de/test/auto/DepthTest5.xml (RunModel)" time="0.014" />
  <testcase classname="ptolemy.util.test.junit.AutoTests" name="[24] /home/travis/build/icyphy/ptII/ptolemy/domains/de/test/auto/DepthTest6.xml (RunModel)" time="0.013" />
  <testcase classname="ptolemy.util.test.junit.AutoTests" name="[25] /home/travis/build/icyphy/ptII/ptolemy/domains/de/test/auto/DepthTest7.xml (RunModel)" time="0.011" />
  <testcase classname="ptolemy.util.test.junit.AutoTests" name="[26] /home/travis/build/icyphy/ptII/ptolemy/domains/de/test/auto/EventToDate.xml (RunModel)" time="3.032" />
  <testcase classname="ptolemy.util.test.junit.AutoTests" name="[27] /home/travis/build/icyphy/ptII/ptolemy/domains/de/test/auto/FSM1.xml (RunModel)" time="0.03" />
  <testcase classname="ptolemy.util.test.junit.AutoTests" name="[28] /home/travis/build/icyphy/ptII/ptolemy/domains/de/test/auto/FSM7.xml (RunModel)" time="0.029" />
  <testcase classname="ptolemy.util.test.junit.AutoTests" name="[29] /home/travis/build/icyphy/ptII/ptolemy/domains/de/test/auto/Inspection.xml (RunModel)" time="0.036" />
  <testcase classname="ptolemy.util.test.junit.AutoTests" name="[30] /home/travis/build/icyphy/ptII/ptolemy/domains/de/test/auto/Iteration.xml (RunModel)" time="0.017" />
  <testcase classname="ptolemy.util.test.junit.AutoTests" name="[31] /home/travis/build/icyphy/ptII/ptolemy/domains/de/test/auto/LineFault.xml (RunModel)" time="0.521" />
  <testcase classname="ptolemy.util.test.junit.AutoTests" name="[32] /home/travis/build/icyphy/ptII/ptolemy/domains/de/test/auto/MergeModel1Add.xml (RunModel)" time="0.04" />
  <testcase classname="ptolemy.util.test.junit.AutoTests" name="[33] /home/travis/build/icyphy/ptII/ptolemy/domains/de/test/auto/MergeModel2Add.xml (RunModel)" time="0.036" />
  <testcase classname="ptolemy.util.test.junit.AutoTests" name="[34] /home/travis/build/icyphy/ptII/ptolemy/domains/de/test/auto/MergeModel3Add.xml (RunModel)" time="0.04" />
  <testcase classname="ptolemy.util.test.junit.AutoTests" name="[35] /home/travis/build/icyphy/ptII/ptolemy/domains/de/test/auto/MergeWithoutDiscard.xml (RunModel)" time="0.022" />
  <testcase classname="ptolemy.util.test.junit.AutoTests" name="[36] /home/travis/build/icyphy/ptII/ptolemy/domains/de/test/auto/Modal1.xml (RunModel)" time="0.027" />
  <testcase classname="ptolemy.util.test.junit.AutoTests" name="[37] /home/travis/build/icyphy/ptII/ptolemy/domains/de/test/auto/Modal2.xml (RunModel)" time="0.032" />
  <testcase classname="ptolemy.util.test.junit.AutoTests" name="[38] /home/travis/build/icyphy/ptII/ptolemy/domains/de/test/auto/Modal3.xml (RunModel)" time="0.033" />
  <testcase classname="ptolemy.util.test.junit.AutoTests" name="[39] /home/travis/build/icyphy/ptII/ptolemy/domains/de/test/auto/Modal4.xml (RunModel)" time="0.032" />
  <testcase classname="ptolemy.util.test.junit.AutoTests" name="[40] /home/travis/build/icyphy/ptII/ptolemy/domains/de/test/auto/Modal5.xml (RunModel)" time="0.03" />
  <testcase classname="ptolemy.util.test.junit.AutoTests" name="[41] /home/travis/build/icyphy/ptII/ptolemy/domains/de/test/auto/Modal6.xml (RunModel)" time="0.025" />
  <testcase classname="ptolemy.util.test.junit.AutoTests" name="[42] /home/travis/build/icyphy/ptII/ptolemy/domains/de/test/auto/Modal7.xml (RunModel)" time="0.026" />
  <testcase classname="ptolemy.util.test.junit.AutoTests" name="[43] /home/travis/build/icyphy/ptII/ptolemy/domains/de/test/auto/ModalModel.xml (RunModel)" time="0.141" />
  <testcase classname="ptolemy.util.test.junit.AutoTests" name="[44] /home/travis/build/icyphy/ptII/ptolemy/domains/de/test/auto/ModalSource.xml (RunModel)" time="0.021" />
  <testcase classname="ptolemy.util.test.junit.AutoTests" name="[45] /home/travis/build/icyphy/ptII/ptolemy/domains/de/test/auto/NonInterruptibleTimerZeroDelay.xml (RunModel)" time="0.009" />
  <testcase classname="ptolemy.util.test.junit.AutoTests" name="[46] /home/travis/build/icyphy/ptII/ptolemy/domains/de/test/auto/OpenQueueingNetwork.xml (RunModel)" time="2.351" />
  <testcase classname="ptolemy.util.test.junit.AutoTests" name="[47] /home/travis/build/icyphy/ptII/ptolemy/domains/de/test/auto/OpenQueuingNetwork.xml (RunModel)" time="0.291" />
  <testcase classname="ptolemy.util.test.junit.AutoTests" name="[48] /home/travis/build/icyphy/ptII/ptolemy/domains/de/test/auto/PeriodicSampler.xml (RunModel)" time="0.008" />
  <testcase classname="ptolemy.util.test.junit.AutoTests" name="[49] /home/travis/build/icyphy/ptII/ptolemy/domains/de/test/auto/PersistentIO.xml (RunModel)" time="0.02" />
  <testcase classname="ptolemy.util.test.junit.AutoTests" name="[50] /home/travis/build/icyphy/ptII/ptolemy/domains/de/test/auto/PortParameterResetOnInitialize.xml (RunModel)" time="0.01" />
  <testcase classname="ptolemy.util.test.junit.AutoTests" name="[51] /home/travis/build/icyphy/ptII/ptolemy/domains/de/test/auto/PortParameterUpdates.xml (RunModel)" time="0.018" />
  <testcase classname="ptolemy.util.test.junit.AutoTests" name="[52] /home/travis/build/icyphy/ptII/ptolemy/domains/de/test/auto/QueueAndServer.xml (RunModel)" time="0.023" />
  <testcase classname="ptolemy.util.test.junit.AutoTests" name="[53] /home/travis/build/icyphy/ptII/ptolemy/domains/de/test/auto/Records.xml (RunModel)" time="0.02" />
  <testcase classname="ptolemy.util.test.junit.AutoTests" name="[54] /home/travis/build/icyphy/ptII/ptolemy/domains/de/test/auto/ResetTransitionWithStartTime1.xml (RunModel)" time="0.028" />
  <testcase classname="ptolemy.util.test.junit.AutoTests" name="[55] /home/travis/build/icyphy/ptII/ptolemy/domains/de/test/auto/ResetTransitionWithStartTime2.xml (RunModel)" time="0.016" />
  <testcase classname="ptolemy.util.test.junit.AutoTests" name="[56] /home/travis/build/icyphy/ptII/ptolemy/domains/de/test/auto/ResetTransitionWithStartTime3.xml (RunModel)" time="0.023" />
  <testcase classname="ptolemy.util.test.junit.AutoTests" name="[57] /home/travis/build/icyphy/ptII/ptolemy/domains/de/test/auto/ResetTransitionWithStartTime4.xml (RunModel)" time="0.021" />
  <testcase classname="ptolemy.util.test.junit.AutoTests" name="[58] /home/travis/build/icyphy/ptII/ptolemy/domains/de/test/auto/ResettableTimer1.xml (RunModel)" time="0.011" />
  <testcase classname="ptolemy.util.test.junit.AutoTests" name="[59] /home/travis/build/icyphy/ptII/ptolemy/domains/de/test/auto/ResettableTimer2.xml (RunModel)" time="0.009" />
  <testcase classname="ptolemy.util.test.junit.AutoTests" name="[60] /home/travis/build/icyphy/ptII/ptolemy/domains/de/test/auto/ResettableTimer3.xml (RunModel)" time="0.01" />
  <testcase classname="ptolemy.util.test.junit.AutoTests" name="[61] /home/travis/build/icyphy/ptII/ptolemy/domains/de/test/auto/ResettableTimer4.xml (RunModel)" time="0.011" />
  <testcase classname="ptolemy.util.test.junit.AutoTests" name="[62] /home/travis/build/icyphy/ptII/ptolemy/domains/de/test/auto/ResettableTimer5.xml (RunModel)" time="0.01" />
  <testcase classname="ptolemy.util.test.junit.AutoTests" name="[63] /home/travis/build/icyphy/ptII/ptolemy/domains/de/test/auto/ResettableTimer6.xml (RunModel)" time="0.02" />
  <testcase classname="ptolemy.util.test.junit.AutoTests" name="[64] /home/travis/build/icyphy/ptII/ptolemy/domains/de/test/auto/ServerZeroDelay.xml (RunModel)" time="0.01" />
  <testcase classname="ptolemy.util.test.junit.AutoTests" name="[65] /home/travis/build/icyphy/ptII/ptolemy/domains/de/test/auto/SmartSender.xml (RunModel)" time="3.008" />
  <testcase classname="ptolemy.util.test.junit.AutoTests" name="[66] /home/travis/build/icyphy/ptII/ptolemy/domains/de/test/auto/ThreadedComposite.xml (RunModel)" time="0.112" />
  <testcase classname="ptolemy.util.test.junit.AutoTests" name="[67] /home/travis/build/icyphy/ptII/ptolemy/domains/de/test/auto/Time.xml (RunModel)" time="0.41" />
  <testcase classname="ptolemy.util.test.junit.AutoTests" name="[68] /home/travis/build/icyphy/ptII/ptolemy/domains/de/test/auto/TimeDelayZeroDelay.xml (RunModel)" time="0.013" />
  <testcase classname="ptolemy.util.test.junit.AutoTests" name="[69] /home/travis/build/icyphy/ptII/ptolemy/domains/de/test/auto/TimerZeroDelay.xml (RunModel)" time="0.009" />
  <testcase classname="ptolemy.util.test.junit.AutoTests" name="[70] /home/travis/build/icyphy/ptII/ptolemy/domains/de/test/auto/TimingParadox.xml (RunModel)" time="0.356" />
  <testcase classname="ptolemy.util.test.junit.AutoTests" name="[71] /home/travis/build/icyphy/ptII/ptolemy/domains/de/test/auto/TransferInputs.xml (RunModel)" time="0.009" />
  <testcase classname="ptolemy.util.test.junit.AutoTests" name="[72] /home/travis/build/icyphy/ptII/ptolemy/domains/de/test/auto/TransferOutputs2.xml (RunModel)" time="0.015" />
  <testcase classname="ptolemy.util.test.junit.AutoTests" name="[73] /home/travis/build/icyphy/ptII/ptolemy/domains/de/test/auto/Trilateration.xml (RunModel)" time="11.199" />
  <testcase classname="ptolemy.util.test.junit.AutoTests" name="[74] /home/travis/build/icyphy/ptII/ptolemy/domains/de/test/auto/TwoSigmaDelta.xml (RunModel)" time="1.999" />
  <testcase classname="ptolemy.util.test.junit.AutoTests" name="[75] /home/travis/build/icyphy/ptII/ptolemy/domains/de/test/auto/VariableDelay.xml (RunModel)" time="0.01" />
  <testcase classname="ptolemy.util.test.junit.AutoTests" name="[76] /home/travis/build/icyphy/ptII/ptolemy/domains/de/test/auto/VariableDelay2.xml (RunModel)" time="0.008" />
  <testcase classname="ptolemy.util.test.junit.AutoTests" name="[77] /home/travis/build/icyphy/ptII/ptolemy/domains/de/test/auto/VariableDelayZeroDelay.xml (RunModel)" time="0.009" />
  <testcase classname="ptolemy.util.test.junit.AutoTests" name="[78] /home/travis/build/icyphy/ptII/ptolemy/domains/de/test/auto/VariableDelayZeroDelay2.xml (RunModel)" time="0.009" />
  <testcase classname="ptolemy.util.test.junit.AutoTests" name="[79] /home/travis/build/icyphy/ptII/ptolemy/domains/de/test/auto/deInCt.xml (RunModel)" time="0.012" />
  <testcase classname="ptolemy.util.test.junit.AutoTests" name="[80] /home/travis/build/icyphy/ptII/ptolemy/domains/de/test/auto/deInCt2.xml (RunModel)" time="0.012" />
  <testcase classname="ptolemy.util.test.junit.AutoTests" name="[81] /home/travis/build/icyphy/ptII/ptolemy/domains/de/test/auto/dynamicCausalityInterface1.xml (RunModel)" time="0.02" />
  <testcase classname="ptolemy.util.test.junit.AutoTests" name="[82] /home/travis/build/icyphy/ptII/ptolemy/domains/de/test/auto/fsm_de_test.xml (RunModel)" time="0.02" />
  <testcase classname="ptolemy.util.test.junit.AutoTests" name="[83] /home/travis/build/icyphy/ptII/ptolemy/domains/de/test/auto/functionDependencyReconstruction.xml (RunModel)" time="0.035" />
  <testcase classname="ptolemy.util.test.junit.AutoTests" name="[84] /home/travis/build/icyphy/ptII/ptolemy/domains/de/test/auto/multirate.xml (RunModel)" time="0.015" />
  <testcase classname="ptolemy.util.test.junit.AutoTests" name="[85] /home/travis/build/icyphy/ptII/ptolemy/domains/de/test/auto/multirate2.xml (RunModel)" time="0.014" />
  <testcase classname="ptolemy.util.test.junit.AutoTests" name="[86] /home/travis/build/icyphy/ptII/ptolemy/domains/de/test/auto/realtime.xml (RunModel)" time="10.011" />
  <testcase classname="ptolemy.util.test.junit.AutoTests" name="[87] /home/travis/build/icyphy/ptII/ptolemy/domains/de/test/auto/relationGroup.xml (RunModel)" time="0.013" />
  <testcase classname="ptolemy.util.test.junit.AutoTests" name="[88] /home/travis/build/icyphy/ptII/ptolemy/domains/de/test/auto/relationGroup2.xml (RunModel)" time="0.013" />
  <testcase classname="ptolemy.util.test.junit.AutoTests" name="[89] /home/travis/build/icyphy/ptII/ptolemy/domains/de/test/auto/sortWithOpaquePorts.xml (RunModel)" time="0.01" />
  <testcase classname="ptolemy.util.test.junit.AutoTests" name="[90] /home/travis/build/icyphy/ptII/ptolemy/domains/de/test/auto/transferInputsandOutputs.xml (RunModel)" time="0.02" />
  <testcase classname="ptolemy.util.test.junit.AutoTests" name="[91] /home/travis/build/icyphy/ptII/ptolemy/domains/de/test/auto/triggerType.xml (RunModel)" time="0.01" />
  <system-out><![CDATA[/home/travis/build/icyphy/ptII/ptolemy/domains/de/test/DependencyLoop.tcl
testDefs.tcl: setting time out to 9000 seconds at Sat Apr 20 04:04:10 UTC 2019
17 ms. Memory: 116224K Free: 97554K (84%)
24 ms. Memory: 146944K Free: 142397K (97%)
/home/travis/build/icyphy/ptII/ptolemy/domains/de/test/RunDETestsAsQSS.tcl
Run the DE tests using ptolemy.domains.qss.test.QSSDirectorTest, which extends QSSDirector and prints a message in the constructors.
------------------ testing $PTII/ptolemy/domains/de/test/auto/knownFailedTests/dependencyLoop.xml (Known Failure) 
16 ms. Memory: 146944K Free: 136923K (93%)


==== $PTIIhome/travis/build/icyphy/ptII/ptolemy/domains/de/test/../../../../: Auto Automatic test in file $PTII/ptolemy/domains/de/test/auto/knownFailedTests/dependencyLoop.xml
==== Contents of test case:

	    # FIXME: we should use $relativeFilename here, but it
	    # might have backslashes under Windows, which causes no end
	    # of trouble.
	    createAndExecute $file
	    list {}
	
.... Test generated KNOWN error:
    while executing
ptolemy.kernel.util.IllegalActionException: Found a zero delay loop containing .dependencyLoop.original
  in .dependencyLoop and .dependencyLoop.original
	at ptolemy.actor.util.CausalityInterfaceForComposites._computeOutputPortDepth(CausalityInterfaceForComposites.java:759)
	at ptolemy.actor.util.CausalityInterfaceForComposites._computeInputDepth(CausalityInterfaceForComposites.java:696)
	at ptolemy.actor.util.CausalityInterfaceForComposites._computeOutputPortDepth(CausalityInterfaceForComposites.java:765)
	at ptolemy.actor.util.CausalityInterfaceForComposites._computeInputDepth(CausalityInterfaceForComposites.java:696)
	at ptolemy.actor.util.CausalityInterfaceForComposites._computeOutputPortDepth(CausalityInterfaceForComposites.java:765)
	at ptolemy.actor.util.CausalityInterfaceForComposites._computeInputDepth(CausalityInterfaceForComposites.java:696)
	at ptolemy.actor.util.CausalityInterfaceForComposites._computeActorDepth(CausalityInterfaceForComposites.java:532)
	at ptolemy.actor.util.CausalityInterfaceForComposites.checkForCycles(CausalityInterfaceForComposites.java:96)
	at ptolemy.domains.de.kernel.DEDirector.preinitialize(DEDirector.java:1338)
	at ptolemy.actor.CompositeActor.preinitialize(CompositeActor.java:1828)
	at ptolemy.actor.Manager.preinitializeAndResolveTypes(Manager.java:1040)
	at ptolemy.actor.Manager.initialize(Manager.java:710)
	at ptolemy.actor.Manager.execute(Manager.java:356)
	at ptolemy.actor.Manager.run(Manager.java:1263)
	at ptolemy.actor.Manager$PtolemyRunThread.run(Manager.java:1915)

    while executing
ptolemy.kernel.util.IllegalActionException: Found a zero delay loop containing .dependencyLoop.original
  in .dependencyLoop and .dependencyLoop.original
    while executing
"java::new ptolemy.moml.MoMLSimpleApplication $file
"
    (procedure "createAndExecute" line 2)
    invoked from within
"createAndExecute $file"
    ("uplevel" body line 5)
    invoked from within
"uplevel $contents_of_test"
------------------ testing $PTII/ptolemy/domains/de/test/auto/knownFailedTests/DESDFClockTest.xml (Known Failure) 
2067 ms. Memory: 146944K Free: 121342K (83%)


==== $PTIIhome/travis/build/icyphy/ptII/ptolemy/domains/de/test/../../../../: Auto Automatic test in file $PTII/ptolemy/domains/de/test/auto/knownFailedTests/DESDFClockTest.xml
==== Contents of test case:

	    # FIXME: we should use $relativeFilename here, but it
	    # might have backslashes under Windows, which causes no end
	    # of trouble.
	    createAndExecute $file
	    list {}
	
.... Test generated KNOWN error:
    while executing
ptolemy.kernel.util.IllegalActionException: Actor is not ready to fire.  Perhaps UpSample.prefire() returned false? Try debugging the actor by selecting "Listen to Actor".  Also, for SDF check moml for tokenConsumptionRate on input.
  in .DESDFClockTest.Play Bell.Copy1:SDF Director and .DESDFClockTest.Play Bell.UpSample
	at ptolemy.actor.sched.StaticSchedulingDirector.fire(StaticSchedulingDirector.java:227)
	at ptolemy.domains.sdf.kernel.SDFDirector.fire(SDFDirector.java:500)
	at ptolemy.actor.CompositeActor.fire(CompositeActor.java:455)
	at ptolemy.domains.de.kernel.DEDirector._fire(DEDirector.java:1949)
	at ptolemy.domains.de.kernel.DEDirector.fire(DEDirector.java:502)
	at ptolemy.actor.CompositeActor.fire(CompositeActor.java:455)
	at ptolemy.actor.Manager.iterate(Manager.java:851)
	at ptolemy.actor.Manager.execute(Manager.java:369)
	at ptolemy.actor.Manager.run(Manager.java:1263)
	at ptolemy.actor.Manager$PtolemyRunThread.run(Manager.java:1915)

    while executing
ptolemy.kernel.util.IllegalActionException: Actor is not ready to fire.  Perhaps UpSample.prefire() returned false? Try debugging the actor by selecting "Listen to Actor".  Also, for SDF check moml for tokenConsumptionRate on input.
  in .DESDFClockTest.Play Bell.Copy1:SDF Director and .DESDFClockTest.Play Bell.UpSample
    while executing
"java::new ptolemy.moml.MoMLSimpleApplication $file
"
    (procedure "createAndExecute" line 2)
    invoked from within
"createAndExecute $file"
    ("uplevel" body line 5)
    invoked from within
"uplevel $contents_of_test"
------------------ testing $PTII/ptolemy/domains/de/test/auto/knownFailedTests/FSMSource.xml (Known Failure) 
21 ms. Memory: 146944K Free: 112483K (77%)
!!!! Auto was marked as failing, but now passes
------------------ testing $PTII/ptolemy/domains/de/test/auto/knownFailedTests/dependencyLoop2.xml (Known Failure) 
5 ms. Memory: 146944K Free: 110600K (75%)


==== $PTIIhome/travis/build/icyphy/ptII/ptolemy/domains/de/test/../../../../: Auto Automatic test in file $PTII/ptolemy/domains/de/test/auto/knownFailedTests/dependencyLoop2.xml
==== Contents of test case:

	    # FIXME: we should use $relativeFilename here, but it
	    # might have backslashes under Windows, which causes no end
	    # of trouble.
	    createAndExecute $file
	    list {}
	
.... Test generated KNOWN error:
    while executing
ptolemy.kernel.util.IllegalActionException: Found a zero delay loop containing .dependencyLoop2.original
  in .dependencyLoop2 and .dependencyLoop2.original
	at ptolemy.actor.util.CausalityInterfaceForComposites._computeOutputPortDepth(CausalityInterfaceForComposites.java:759)
	at ptolemy.actor.util.CausalityInterfaceForComposites._computeInputDepth(CausalityInterfaceForComposites.java:696)
	at ptolemy.actor.util.CausalityInterfaceForComposites._computeOutputPortDepth(CausalityInterfaceForComposites.java:765)
	at ptolemy.actor.util.CausalityInterfaceForComposites._computeInputDepth(CausalityInterfaceForComposites.java:696)
	at ptolemy.actor.util.CausalityInterfaceForComposites._computeOutputPortDepth(CausalityInterfaceForComposites.java:765)
	at ptolemy.actor.util.CausalityInterfaceForComposites._computeInputDepth(CausalityInterfaceForComposites.java:696)
	at ptolemy.actor.util.CausalityInterfaceForComposites._computeActorDepth(CausalityInterfaceForComposites.java:532)
	at ptolemy.actor.util.CausalityInterfaceForComposites.checkForCycles(CausalityInterfaceForComposites.java:96)
	at ptolemy.domains.de.kernel.DEDirector.preinitialize(DEDirector.java:1338)
	at ptolemy.actor.CompositeActor.preinitialize(CompositeActor.java:1828)
	at ptolemy.actor.Manager.preinitializeAndResolveTypes(Manager.java:1040)
	at ptolemy.actor.Manager.initialize(Manager.java:710)
	at ptolemy.actor.Manager.execute(Manager.java:356)
	at ptolemy.actor.Manager.run(Manager.java:1263)
	at ptolemy.actor.Manager$PtolemyRunThread.run(Manager.java:1915)

    while executing
ptolemy.kernel.util.IllegalActionException: Found a zero delay loop containing .dependencyLoop2.original
  in .dependencyLoop2 and .dependencyLoop2.original
    while executing
"java::new ptolemy.moml.MoMLSimpleApplication $file
"
    (procedure "createAndExecute" line 2)
    invoked from within
"createAndExecute $file"
    ("uplevel" body line 5)
    invoked from within
"uplevel $contents_of_test"
------------------ testing $PTII/ptolemy/domains/de/test/auto/knownFailedTests/HierarchicalModel.xml (Known Failure) 
6 ms. Memory: 146944K Free: 90417K (62%)


==== $PTIIhome/travis/build/icyphy/ptII/ptolemy/domains/de/test/../../../../: Auto Automatic test in file $PTII/ptolemy/domains/de/test/auto/knownFailedTests/HierarchicalModel.xml
==== Contents of test case:

	    # FIXME: we should use $relativeFilename here, but it
	    # might have backslashes under Windows, which causes no end
	    # of trouble.
	    createAndExecute $file
	    list {}
	
.... Test generated KNOWN error:
    while executing
ptolemy.kernel.util.IllegalActionException: Found a zero delay loop containing .HierarchicalModel.A
  in .HierarchicalModel and .HierarchicalModel.A
	at ptolemy.actor.util.CausalityInterfaceForComposites._computeOutputPortDepth(CausalityInterfaceForComposites.java:759)
	at ptolemy.actor.util.CausalityInterfaceForComposites._computeInputDepth(CausalityInterfaceForComposites.java:696)
	at ptolemy.actor.util.CausalityInterfaceForComposites._computeOutputPortDepth(CausalityInterfaceForComposites.java:765)
	at ptolemy.actor.util.CausalityInterfaceForComposites._computeInputDepth(CausalityInterfaceForComposites.java:696)
	at ptolemy.actor.util.CausalityInterfaceForComposites._computeOutputPortDepth(CausalityInterfaceForComposites.java:765)
	at ptolemy.actor.util.CausalityInterfaceForComposites._computeInputDepth(CausalityInterfaceForComposites.java:696)
	at ptolemy.actor.util.CausalityInterfaceForComposites._computeActorDepth(CausalityInterfaceForComposites.java:532)
	at ptolemy.actor.util.CausalityInterfaceForComposites.checkForCycles(CausalityInterfaceForComposites.java:96)
	at ptolemy.domains.de.kernel.DEDirector.preinitialize(DEDirector.java:1338)
	at ptolemy.actor.CompositeActor.preinitialize(CompositeActor.java:1828)
	at ptolemy.actor.Manager.preinitializeAndResolveTypes(Manager.java:1040)
	at ptolemy.actor.Manager.initialize(Manager.java:710)
	at ptolemy.actor.Manager.execute(Manager.java:356)
	at ptolemy.actor.Manager.run(Manager.java:1263)
	at ptolemy.actor.Manager$PtolemyRunThread.run(Manager.java:1915)

    while executing
ptolemy.kernel.util.IllegalActionException: Found a zero delay loop containing .HierarchicalModel.A
  in .HierarchicalModel and .HierarchicalModel.A
    while executing
"java::new ptolemy.moml.MoMLSimpleApplication $file
"
    (procedure "createAndExecute" line 2)
    invoked from within
"createAndExecute $file"
    ("uplevel" body line 5)
    invoked from within
"uplevel $contents_of_test"
------------------ testing $PTII/ptolemy/domains/de/test/auto/knownFailedTests/DirectFeedback.xml (Known Failure) 
3 ms. Memory: 146944K Free: 86291K (59%)


==== $PTIIhome/travis/build/icyphy/ptII/ptolemy/domains/de/test/../../../../: Auto Automatic test in file $PTII/ptolemy/domains/de/test/auto/knownFailedTests/DirectFeedback.xml
==== Contents of test case:

	    # FIXME: we should use $relativeFilename here, but it
	    # might have backslashes under Windows, which causes no end
	    # of trouble.
	    createAndExecute $file
	    list {}
	
.... Test generated KNOWN error:
    while executing
ptolemy.kernel.util.IllegalActionException: Test fails in iteration 1.
Value was: 1.0. Should have been: 2.0
  in .DirectFeedback.Test
	at ptolemy.actor.lib.Test.fire(Test.java:268)
	at ptolemy.domains.de.kernel.DEDirector._fire(DEDirector.java:1949)
	at ptolemy.domains.de.kernel.DEDirector.fire(DEDirector.java:502)
	at ptolemy.actor.CompositeActor.fire(CompositeActor.java:455)
	at ptolemy.actor.Manager.iterate(Manager.java:851)
	at ptolemy.actor.Manager.execute(Manager.java:369)
	at ptolemy.actor.Manager.run(Manager.java:1263)
	at ptolemy.actor.Manager$PtolemyRunThread.run(Manager.java:1915)

    while executing
ptolemy.kernel.util.IllegalActionException: Test fails in iteration 1.
Value was: 1.0. Should have been: 2.0
  in .DirectFeedback.Test
    while executing
"java::new ptolemy.moml.MoMLSimpleApplication $file
"
    (procedure "createAndExecute" line 2)
    invoked from within
"createAndExecute $file"
    ("uplevel" body line 5)
    invoked from within
"uplevel $contents_of_test"
------------------ testing $PTII/ptolemy/domains/de/test/auto/ActorDepthCalculation_actorWithoutPorts.xml
auto.tcl: Setting watchdog for 200 seconds at Sat Apr 20 04:04:13 UTC 2019
5 ms. Memory: 146944K Free: 138973K (95%)
ptolemy.util.test.WatchDog.cancel(): canceling Sat Apr 20 04:04:13 UTC 2019
auto.tcl: Setting watchdog for 200 seconds at Sat Apr 20 04:04:13 UTC 2019
5 ms. Memory: 146944K Free: 137958K (94%)
ptolemy.util.test.WatchDog.cancel(): canceling Sat Apr 20 04:04:13 UTC 2019
------------------ testing $PTII/ptolemy/domains/de/test/auto/AssemblyLine.xml
auto.tcl: Setting watchdog for 200 seconds at Sat Apr 20 04:04:14 UTC 2019
14 ms. Memory: 208384K Free: 187134K (90%)
ptolemy.util.test.WatchDog.cancel(): canceling Sat Apr 20 04:04:14 UTC 2019
auto.tcl: Setting watchdog for 200 seconds at Sat Apr 20 04:04:14 UTC 2019
11 ms. Memory: 208384K Free: 183448K (88%)
ptolemy.util.test.WatchDog.cancel(): canceling Sat Apr 20 04:04:14 UTC 2019
------------------ testing $PTII/ptolemy/domains/de/test/auto/CQBug1.xml
auto.tcl: Setting watchdog for 200 seconds at Sat Apr 20 04:04:14 UTC 2019
4 ms. Memory: 208384K Free: 197930K (95%)
ptolemy.util.test.WatchDog.cancel(): canceling Sat Apr 20 04:04:14 UTC 2019
auto.tcl: Setting watchdog for 200 seconds at Sat Apr 20 04:04:14 UTC 2019
2 ms. Memory: 208384K Free: 197930K (95%)
ptolemy.util.test.WatchDog.cancel(): canceling Sat Apr 20 04:04:14 UTC 2019
------------------ testing $PTII/ptolemy/domains/de/test/auto/CancelFireAt.xml
auto.tcl: Setting watchdog for 200 seconds at Sat Apr 20 04:04:14 UTC 2019
4 ms. Memory: 208384K Free: 201579K (97%)
ptolemy.util.test.WatchDog.cancel(): canceling Sat Apr 20 04:04:14 UTC 2019
auto.tcl: Setting watchdog for 200 seconds at Sat Apr 20 04:04:14 UTC 2019
4 ms. Memory: 208384K Free: 199549K (96%)
ptolemy.util.test.WatchDog.cancel(): canceling Sat Apr 20 04:04:14 UTC 2019
------------------ testing $PTII/ptolemy/domains/de/test/auto/CausalityAndComposabilityAnalysis.xml
auto.tcl: Setting watchdog for 200 seconds at Sat Apr 20 04:04:14 UTC 2019
9 ms. Memory: 208384K Free: 199147K (96%)
ptolemy.util.test.WatchDog.cancel(): canceling Sat Apr 20 04:04:14 UTC 2019
auto.tcl: Setting watchdog for 200 seconds at Sat Apr 20 04:04:14 UTC 2019
7 ms. Memory: 208384K Free: 197117K (95%)
ptolemy.util.test.WatchDog.cancel(): canceling Sat Apr 20 04:04:14 UTC 2019
------------------ testing $PTII/ptolemy/domains/de/test/auto/CausalityInterface1.xml
auto.tcl: Setting watchdog for 200 seconds at Sat Apr 20 04:04:14 UTC 2019
15 ms. Memory: 208384K Free: 196509K (94%)
ptolemy.util.test.WatchDog.cancel(): canceling Sat Apr 20 04:04:14 UTC 2019
auto.tcl: Setting watchdog for 200 seconds at Sat Apr 20 04:04:14 UTC 2019
4 ms. Memory: 208384K Free: 196509K (94%)
ptolemy.util.test.WatchDog.cancel(): canceling Sat Apr 20 04:04:14 UTC 2019
------------------ testing $PTII/ptolemy/domains/de/test/auto/CausalityInterface15.xml
auto.tcl: Setting watchdog for 200 seconds at Sat Apr 20 04:04:14 UTC 2019
13 ms. Memory: 208384K Free: 196492K (94%)
ptolemy.util.test.WatchDog.cancel(): canceling Sat Apr 20 04:04:14 UTC 2019
auto.tcl: Setting watchdog for 200 seconds at Sat Apr 20 04:04:14 UTC 2019
8 ms. Memory: 208384K Free: 196492K (94%)
ptolemy.util.test.WatchDog.cancel(): canceling Sat Apr 20 04:04:14 UTC 2019
------------------ testing $PTII/ptolemy/domains/de/test/auto/CausalityInterface2.xml
auto.tcl: Setting watchdog for 200 seconds at Sat Apr 20 04:04:14 UTC 2019
8 ms. Memory: 208384K Free: 196476K (94%)
ptolemy.util.test.WatchDog.cancel(): canceling Sat Apr 20 04:04:15 UTC 2019
auto.tcl: Setting watchdog for 200 seconds at Sat Apr 20 04:04:15 UTC 2019
3 ms. Memory: 208384K Free: 196476K (94%)
ptolemy.util.test.WatchDog.cancel(): canceling Sat Apr 20 04:04:15 UTC 2019
------------------ testing $PTII/ptolemy/domains/de/test/auto/CausalityInterface3.xml
auto.tcl: Setting watchdog for 200 seconds at Sat Apr 20 04:04:15 UTC 2019
8 ms. Memory: 208384K Free: 196520K (94%)
ptolemy.util.test.WatchDog.cancel(): canceling Sat Apr 20 04:04:15 UTC 2019
auto.tcl: Setting watchdog for 200 seconds at Sat Apr 20 04:04:15 UTC 2019
3 ms. Memory: 208384K Free: 196520K (94%)
ptolemy.util.test.WatchDog.cancel(): canceling Sat Apr 20 04:04:15 UTC 2019
------------------ testing $PTII/ptolemy/domains/de/test/auto/ClockDrift.xml
auto.tcl: Setting watchdog for 200 seconds at Sat Apr 20 04:04:15 UTC 2019
109 ms. Memory: 208384K Free: 187930K (90%)
ptolemy.util.test.WatchDog.cancel(): canceling Sat Apr 20 04:04:15 UTC 2019
auto.tcl: Setting watchdog for 200 seconds at Sat Apr 20 04:04:15 UTC 2019
68 ms. Memory: 208384K Free: 185900K (89%)
ptolemy.util.test.WatchDog.cancel(): canceling Sat Apr 20 04:04:15 UTC 2019
------------------ testing $PTII/ptolemy/domains/de/test/auto/ClockDriftAndValueChange.xml
auto.tcl: Setting watchdog for 200 seconds at Sat Apr 20 04:04:15 UTC 2019
47 ms. Memory: 208384K Free: 187735K (90%)
ptolemy.util.test.WatchDog.cancel(): canceling Sat Apr 20 04:04:15 UTC 2019
auto.tcl: Setting watchdog for 200 seconds at Sat Apr 20 04:04:15 UTC 2019
29 ms. Memory: 208384K Free: 185705K (89%)
ptolemy.util.test.WatchDog.cancel(): canceling Sat Apr 20 04:04:15 UTC 2019
------------------ testing $PTII/ptolemy/domains/de/test/auto/ClockDriftChange.xml
auto.tcl: Setting watchdog for 200 seconds at Sat Apr 20 04:04:15 UTC 2019
34 ms. Memory: 208384K Free: 191016K (92%)
ptolemy.util.test.WatchDog.cancel(): canceling Sat Apr 20 04:04:15 UTC 2019
auto.tcl: Setting watchdog for 200 seconds at Sat Apr 20 04:04:15 UTC 2019
17 ms. Memory: 208384K Free: 188986K (91%)
ptolemy.util.test.WatchDog.cancel(): canceling Sat Apr 20 04:04:15 UTC 2019
------------------ testing $PTII/ptolemy/domains/de/test/auto/ComposableCausalityAnalysis.xml
auto.tcl: Setting watchdog for 200 seconds at Sat Apr 20 04:04:15 UTC 2019
2 ms. Memory: 208384K Free: 196357K (94%)
ptolemy.util.test.WatchDog.cancel(): canceling Sat Apr 20 04:04:15 UTC 2019
auto.tcl: Setting watchdog for 200 seconds at Sat Apr 20 04:04:15 UTC 2019
2 ms. Memory: 208384K Free: 194319K (93%)
ptolemy.util.test.WatchDog.cancel(): canceling Sat Apr 20 04:04:15 UTC 2019
------------------ testing $PTII/ptolemy/domains/de/test/auto/DEFixedPointLimitation.xml
auto.tcl: Setting watchdog for 200 seconds at Sat Apr 20 04:04:15 UTC 2019
2 ms. Memory: 208384K Free: 196454K (94%)
ptolemy.util.test.WatchDog.cancel(): canceling Sat Apr 20 04:04:15 UTC 2019
auto.tcl: Setting watchdog for 200 seconds at Sat Apr 20 04:04:15 UTC 2019
6 ms. Memory: 208384K Free: 196454K (94%)
ptolemy.util.test.WatchDog.cancel(): canceling Sat Apr 20 04:04:15 UTC 2019
------------------ testing $PTII/ptolemy/domains/de/test/auto/DEScheduleTest.xml
auto.tcl: Setting watchdog for 200 seconds at Sat Apr 20 04:04:15 UTC 2019
7 ms. Memory: 208384K Free: 198503K (95%)
ptolemy.util.test.WatchDog.cancel(): canceling Sat Apr 20 04:04:15 UTC 2019
auto.tcl: Setting watchdog for 200 seconds at Sat Apr 20 04:04:15 UTC 2019
6 ms. Memory: 208384K Free: 196457K (94%)
ptolemy.util.test.WatchDog.cancel(): canceling Sat Apr 20 04:04:16 UTC 2019
------------------ testing $PTII/ptolemy/domains/de/test/auto/DEinDEwithStartTimes.xml
auto.tcl: Setting watchdog for 200 seconds at Sat Apr 20 04:04:16 UTC 2019
6 ms. Memory: 208384K Free: 196426K (94%)
ptolemy.util.test.WatchDog.cancel(): canceling Sat Apr 20 04:04:16 UTC 2019
auto.tcl: Setting watchdog for 200 seconds at Sat Apr 20 04:04:16 UTC 2019
4 ms. Memory: 208384K Free: 194396K (93%)
ptolemy.util.test.WatchDog.cancel(): canceling Sat Apr 20 04:04:16 UTC 2019
------------------ testing $PTII/ptolemy/domains/de/test/auto/DEinDEwithStartTimes2.xml
auto.tcl: Setting watchdog for 200 seconds at Sat Apr 20 04:04:16 UTC 2019
7 ms. Memory: 208384K Free: 196941K (95%)
ptolemy.util.test.WatchDog.cancel(): canceling Sat Apr 20 04:04:16 UTC 2019
auto.tcl: Setting watchdog for 200 seconds at Sat Apr 20 04:04:16 UTC 2019
3 ms. Memory: 208384K Free: 194375K (93%)
ptolemy.util.test.WatchDog.cancel(): canceling Sat Apr 20 04:04:16 UTC 2019
------------------ testing $PTII/ptolemy/domains/de/test/auto/DateDemo.xml
auto.tcl: Setting watchdog for 200 seconds at Sat Apr 20 04:04:16 UTC 2019
18 ms. Memory: 208384K Free: 189030K (91%)
ptolemy.util.test.WatchDog.cancel(): canceling Sat Apr 20 04:04:16 UTC 2019
auto.tcl: Setting watchdog for 200 seconds at Sat Apr 20 04:04:16 UTC 2019
9 ms. Memory: 208384K Free: 187000K (90%)
ptolemy.util.test.WatchDog.cancel(): canceling Sat Apr 20 04:04:16 UTC 2019
------------------ testing $PTII/ptolemy/domains/de/test/auto/DateToEvent.xml
auto.tcl: Setting watchdog for 200 seconds at Sat Apr 20 04:04:16 UTC 2019
2019 ms. Memory: 208384K Free: 181488K (87%)
ptolemy.util.test.WatchDog.cancel(): canceling Sat Apr 20 04:04:18 UTC 2019
auto.tcl: Setting watchdog for 200 seconds at Sat Apr 20 04:04:18 UTC 2019
2004 ms. Memory: 208384K Free: 181488K (87%)
ptolemy.util.test.WatchDog.cancel(): canceling Sat Apr 20 04:04:20 UTC 2019
------------------ testing $PTII/ptolemy/domains/de/test/auto/DepthTest1.xml
auto.tcl: Setting watchdog for 200 seconds at Sat Apr 20 04:04:20 UTC 2019
3 ms. Memory: 208384K Free: 198031K (95%)
ptolemy.util.test.WatchDog.cancel(): canceling Sat Apr 20 04:04:20 UTC 2019
auto.tcl: Setting watchdog for 200 seconds at Sat Apr 20 04:04:20 UTC 2019
3 ms. Memory: 208384K Free: 198031K (95%)
ptolemy.util.test.WatchDog.cancel(): canceling Sat Apr 20 04:04:20 UTC 2019
------------------ testing $PTII/ptolemy/domains/de/test/auto/DepthTest2.xml
auto.tcl: Setting watchdog for 200 seconds at Sat Apr 20 04:04:20 UTC 2019
3 ms. Memory: 208384K Free: 194893K (94%)
ptolemy.util.test.WatchDog.cancel(): canceling Sat Apr 20 04:04:20 UTC 2019
auto.tcl: Setting watchdog for 200 seconds at Sat Apr 20 04:04:20 UTC 2019
3 ms. Memory: 208384K Free: 194893K (94%)
ptolemy.util.test.WatchDog.cancel(): canceling Sat Apr 20 04:04:20 UTC 2019
------------------ testing $PTII/ptolemy/domains/de/test/auto/DepthTest3.xml
auto.tcl: Setting watchdog for 200 seconds at Sat Apr 20 04:04:20 UTC 2019
2 ms. Memory: 208384K Free: 198886K (95%)
ptolemy.util.test.WatchDog.cancel(): canceling Sat Apr 20 04:04:20 UTC 2019
auto.tcl: Setting watchdog for 200 seconds at Sat Apr 20 04:04:20 UTC 2019
2 ms. Memory: 208384K Free: 198886K (95%)
ptolemy.util.test.WatchDog.cancel(): canceling Sat Apr 20 04:04:20 UTC 2019
------------------ testing $PTII/ptolemy/domains/de/test/auto/DepthTest4.xml
auto.tcl: Setting watchdog for 200 seconds at Sat Apr 20 04:04:20 UTC 2019
6 ms. Memory: 208384K Free: 196425K (94%)
ptolemy.util.test.WatchDog.cancel(): canceling Sat Apr 20 04:04:20 UTC 2019
auto.tcl: Setting watchdog for 200 seconds at Sat Apr 20 04:04:20 UTC 2019
2 ms. Memory: 208384K Free: 196425K (94%)
ptolemy.util.test.WatchDog.cancel(): canceling Sat Apr 20 04:04:20 UTC 2019
------------------ testing $PTII/ptolemy/domains/de/test/auto/DepthTest5.xml
auto.tcl: Setting watchdog for 200 seconds at Sat Apr 20 04:04:20 UTC 2019
4 ms. Memory: 208384K Free: 196371K (94%)
ptolemy.util.test.WatchDog.cancel(): canceling Sat Apr 20 04:04:20 UTC 2019
auto.tcl: Setting watchdog for 200 seconds at Sat Apr 20 04:04:20 UTC 2019
3 ms. Memory: 208384K Free: 196371K (94%)
ptolemy.util.test.WatchDog.cancel(): canceling Sat Apr 20 04:04:20 UTC 2019
------------------ testing $PTII/ptolemy/domains/de/test/auto/DepthTest6.xml
auto.tcl: Setting watchdog for 200 seconds at Sat Apr 20 04:04:20 UTC 2019
7 ms. Memory: 208384K Free: 196363K (94%)
ptolemy.util.test.WatchDog.cancel(): canceling Sat Apr 20 04:04:20 UTC 2019
auto.tcl: Setting watchdog for 200 seconds at Sat Apr 20 04:04:20 UTC 2019
2 ms. Memory: 208384K Free: 196363K (94%)
ptolemy.util.test.WatchDog.cancel(): canceling Sat Apr 20 04:04:20 UTC 2019
------------------ testing $PTII/ptolemy/domains/de/test/auto/DepthTest7.xml
auto.tcl: Setting watchdog for 200 seconds at Sat Apr 20 04:04:20 UTC 2019
5 ms. Memory: 208384K Free: 196328K (94%)
ptolemy.util.test.WatchDog.cancel(): canceling Sat Apr 20 04:04:20 UTC 2019
auto.tcl: Setting watchdog for 200 seconds at Sat Apr 20 04:04:20 UTC 2019
2 ms. Memory: 208384K Free: 196328K (94%)
ptolemy.util.test.WatchDog.cancel(): canceling Sat Apr 20 04:04:20 UTC 2019
------------------ testing $PTII/ptolemy/domains/de/test/auto/EventToDate.xml
auto.tcl: Setting watchdog for 200 seconds at Sat Apr 20 04:04:21 UTC 2019
3012 ms. Memory: 208384K Free: 185732K (89%)
ptolemy.util.test.WatchDog.cancel(): canceling Sat Apr 20 04:04:24 UTC 2019
auto.tcl: Setting watchdog for 200 seconds at Sat Apr 20 04:04:24 UTC 2019
3004 ms. Memory: 208384K Free: 183698K (88%)
ptolemy.util.test.WatchDog.cancel(): canceling Sat Apr 20 04:04:27 UTC 2019
------------------ testing $PTII/ptolemy/domains/de/test/auto/FSM1.xml
auto.tcl: Setting watchdog for 200 seconds at Sat Apr 20 04:04:27 UTC 2019
26 ms. Memory: 208384K Free: 189481K (91%)
ptolemy.util.test.WatchDog.cancel(): canceling Sat Apr 20 04:04:27 UTC 2019
auto.tcl: Setting watchdog for 200 seconds at Sat Apr 20 04:04:27 UTC 2019
23 ms. Memory: 208384K Free: 185389K (89%)
ptolemy.util.test.WatchDog.cancel(): canceling Sat Apr 20 04:04:27 UTC 2019
------------------ testing $PTII/ptolemy/domains/de/test/auto/FSM7.xml
auto.tcl: Setting watchdog for 200 seconds at Sat Apr 20 04:04:27 UTC 2019
29 ms. Memory: 208384K Free: 189709K (91%)
ptolemy.util.test.WatchDog.cancel(): canceling Sat Apr 20 04:04:27 UTC 2019
auto.tcl: Setting watchdog for 200 seconds at Sat Apr 20 04:04:27 UTC 2019
22 ms. Memory: 208384K Free: 185633K (89%)
ptolemy.util.test.WatchDog.cancel(): canceling Sat Apr 20 04:04:27 UTC 2019
------------------ testing $PTII/ptolemy/domains/de/test/auto/Inspection.xml
auto.tcl: Setting watchdog for 200 seconds at Sat Apr 20 04:04:27 UTC 2019
39 ms. Memory: 208384K Free: 188883K (91%)
ptolemy.util.test.WatchDog.cancel(): canceling Sat Apr 20 04:04:27 UTC 2019
auto.tcl: Setting watchdog for 200 seconds at Sat Apr 20 04:04:27 UTC 2019
18 ms. Memory: 208384K Free: 186853K (90%)
ptolemy.util.test.WatchDog.cancel(): canceling Sat Apr 20 04:04:27 UTC 2019
------------------ testing $PTII/ptolemy/domains/de/test/auto/Iteration.xml
auto.tcl: Setting watchdog for 200 seconds at Sat Apr 20 04:04:27 UTC 2019
8 ms. Memory: 208384K Free: 196653K (94%)
ptolemy.util.test.WatchDog.cancel(): canceling Sat Apr 20 04:04:27 UTC 2019
auto.tcl: Setting watchdog for 200 seconds at Sat Apr 20 04:04:27 UTC 2019
8 ms. Memory: 208384K Free: 194088K (93%)
ptolemy.util.test.WatchDog.cancel(): canceling Sat Apr 20 04:04:27 UTC 2019
------------------ testing $PTII/ptolemy/domains/de/test/auto/LineFault.xml
auto.tcl: Setting watchdog for 200 seconds at Sat Apr 20 04:04:27 UTC 2019
741 ms. Memory: 208384K Free: 199878K (96%)
ptolemy.util.test.WatchDog.cancel(): canceling Sat Apr 20 04:04:28 UTC 2019
auto.tcl: Setting watchdog for 200 seconds at Sat Apr 20 04:04:28 UTC 2019
612 ms. Memory: 208384K Free: 142712K (68%)
ptolemy.util.test.WatchDog.cancel(): canceling Sat Apr 20 04:04:29 UTC 2019
------------------ testing $PTII/ptolemy/domains/de/test/auto/MergeModel1Add.xml
auto.tcl: Setting watchdog for 200 seconds at Sat Apr 20 04:04:29 UTC 2019
22 ms. Memory: 331264K Free: 300849K (91%)
ptolemy.util.test.WatchDog.cancel(): canceling Sat Apr 20 04:04:29 UTC 2019
auto.tcl: Setting watchdog for 200 seconds at Sat Apr 20 04:04:29 UTC 2019
18 ms. Memory: 331264K Free: 300849K (91%)
ptolemy.util.test.WatchDog.cancel(): canceling Sat Apr 20 04:04:29 UTC 2019
------------------ testing $PTII/ptolemy/domains/de/test/auto/MergeModel2Add.xml
auto.tcl: Setting watchdog for 200 seconds at Sat Apr 20 04:04:29 UTC 2019
16 ms. Memory: 331264K Free: 305785K (92%)
ptolemy.util.test.WatchDog.cancel(): canceling Sat Apr 20 04:04:29 UTC 2019
auto.tcl: Setting watchdog for 200 seconds at Sat Apr 20 04:04:29 UTC 2019
7 ms. Memory: 331264K Free: 302235K (91%)
ptolemy.util.test.WatchDog.cancel(): canceling Sat Apr 20 04:04:29 UTC 2019
------------------ testing $PTII/ptolemy/domains/de/test/auto/MergeModel3Add.xml
auto.tcl: Setting watchdog for 200 seconds at Sat Apr 20 04:04:29 UTC 2019
11 ms. Memory: 331264K Free: 305779K (92%)
ptolemy.util.test.WatchDog.cancel(): canceling Sat Apr 20 04:04:29 UTC 2019
auto.tcl: Setting watchdog for 200 seconds at Sat Apr 20 04:04:29 UTC 2019
11 ms. Memory: 331264K Free: 302213K (91%)
ptolemy.util.test.WatchDog.cancel(): canceling Sat Apr 20 04:04:29 UTC 2019
------------------ testing $PTII/ptolemy/domains/de/test/auto/MergeWithoutDiscard.xml
auto.tcl: Setting watchdog for 200 seconds at Sat Apr 20 04:04:29 UTC 2019
4 ms. Memory: 331264K Free: 316056K (95%)
ptolemy.util.test.WatchDog.cancel(): canceling Sat Apr 20 04:04:29 UTC 2019
auto.tcl: Setting watchdog for 200 seconds at Sat Apr 20 04:04:29 UTC 2019
2 ms. Memory: 331264K Free: 316056K (95%)
ptolemy.util.test.WatchDog.cancel(): canceling Sat Apr 20 04:04:29 UTC 2019
------------------ testing $PTII/ptolemy/domains/de/test/auto/Modal1.xml
auto.tcl: Setting watchdog for 200 seconds at Sat Apr 20 04:04:29 UTC 2019
13 ms. Memory: 331264K Free: 310330K (94%)
ptolemy.util.test.WatchDog.cancel(): canceling Sat Apr 20 04:04:29 UTC 2019
auto.tcl: Setting watchdog for 200 seconds at Sat Apr 20 04:04:29 UTC 2019
12 ms. Memory: 331264K Free: 306764K (93%)
ptolemy.util.test.WatchDog.cancel(): canceling Sat Apr 20 04:04:29 UTC 2019
------------------ testing $PTII/ptolemy/domains/de/test/auto/Modal2.xml
auto.tcl: Setting watchdog for 200 seconds at Sat Apr 20 04:04:29 UTC 2019
20 ms. Memory: 331264K Free: 310204K (94%)
ptolemy.util.test.WatchDog.cancel(): canceling Sat Apr 20 04:04:30 UTC 2019
auto.tcl: Setting watchdog for 200 seconds at Sat Apr 20 04:04:30 UTC 2019
17 ms. Memory: 331264K Free: 306638K (93%)
ptolemy.util.test.WatchDog.cancel(): canceling Sat Apr 20 04:04:30 UTC 2019
------------------ testing $PTII/ptolemy/domains/de/test/auto/Modal3.xml
auto.tcl: Setting watchdog for 200 seconds at Sat Apr 20 04:04:30 UTC 2019
12 ms. Memory: 331264K Free: 310218K (94%)
ptolemy.util.test.WatchDog.cancel(): canceling Sat Apr 20 04:04:30 UTC 2019
auto.tcl: Setting watchdog for 200 seconds at Sat Apr 20 04:04:30 UTC 2019
15 ms. Memory: 331264K Free: 306668K (93%)
ptolemy.util.test.WatchDog.cancel(): canceling Sat Apr 20 04:04:30 UTC 2019
------------------ testing $PTII/ptolemy/domains/de/test/auto/Modal4.xml
auto.tcl: Setting watchdog for 200 seconds at Sat Apr 20 04:04:30 UTC 2019
14 ms. Memory: 331264K Free: 310231K (94%)
ptolemy.util.test.WatchDog.cancel(): canceling Sat Apr 20 04:04:30 UTC 2019
auto.tcl: Setting watchdog for 200 seconds at Sat Apr 20 04:04:30 UTC 2019
13 ms. Memory: 331264K Free: 306666K (93%)
ptolemy.util.test.WatchDog.cancel(): canceling Sat Apr 20 04:04:30 UTC 2019
------------------ testing $PTII/ptolemy/domains/de/test/auto/Modal5.xml
auto.tcl: Setting watchdog for 200 seconds at Sat Apr 20 04:04:30 UTC 2019
16 ms. Memory: 331264K Free: 310220K (94%)
ptolemy.util.test.WatchDog.cancel(): canceling Sat Apr 20 04:04:30 UTC 2019
auto.tcl: Setting watchdog for 200 seconds at Sat Apr 20 04:04:30 UTC 2019
14 ms. Memory: 331264K Free: 306655K (93%)
ptolemy.util.test.WatchDog.cancel(): canceling Sat Apr 20 04:04:30 UTC 2019
------------------ testing $PTII/ptolemy/domains/de/test/auto/Modal6.xml
auto.tcl: Setting watchdog for 200 seconds at Sat Apr 20 04:04:30 UTC 2019
14 ms. Memory: 331264K Free: 310231K (94%)
ptolemy.util.test.WatchDog.cancel(): canceling Sat Apr 20 04:04:30 UTC 2019
auto.tcl: Setting watchdog for 200 seconds at Sat Apr 20 04:04:30 UTC 2019
17 ms. Memory: 331264K Free: 306681K (93%)
ptolemy.util.test.WatchDog.cancel(): canceling Sat Apr 20 04:04:30 UTC 2019
------------------ testing $PTII/ptolemy/domains/de/test/auto/Modal7.xml
auto.tcl: Setting watchdog for 200 seconds at Sat Apr 20 04:04:30 UTC 2019
9 ms. Memory: 331264K Free: 306634K (93%)
ptolemy.util.test.WatchDog.cancel(): canceling Sat Apr 20 04:04:30 UTC 2019
auto.tcl: Setting watchdog for 200 seconds at Sat Apr 20 04:04:30 UTC 2019
11 ms. Memory: 331264K Free: 303084K (91%)
ptolemy.util.test.WatchDog.cancel(): canceling Sat Apr 20 04:04:30 UTC 2019
------------------ testing $PTII/ptolemy/domains/de/test/auto/ModalModel.xml
auto.tcl: Setting watchdog for 200 seconds at Sat Apr 20 04:04:30 UTC 2019
189 ms. Memory: 331264K Free: 250173K (76%)
ptolemy.util.test.WatchDog.cancel(): canceling Sat Apr 20 04:04:30 UTC 2019
auto.tcl: Setting watchdog for 200 seconds at Sat Apr 20 04:04:30 UTC 2019
168 ms. Memory: 331264K Free: 193193K (58%)
ptolemy.util.test.WatchDog.cancel(): canceling Sat Apr 20 04:04:31 UTC 2019
------------------ testing $PTII/ptolemy/domains/de/test/auto/ModalSource.xml
auto.tcl: Setting watchdog for 200 seconds at Sat Apr 20 04:04:31 UTC 2019
9 ms. Memory: 331264K Free: 316436K (96%)
ptolemy.util.test.WatchDog.cancel(): canceling Sat Apr 20 04:04:31 UTC 2019
auto.tcl: Setting watchdog for 200 seconds at Sat Apr 20 04:04:31 UTC 2019
5 ms. Memory: 331264K Free: 313149K (95%)
ptolemy.util.test.WatchDog.cancel(): canceling Sat Apr 20 04:04:31 UTC 2019
------------------ testing $PTII/ptolemy/domains/de/test/auto/NonInterruptibleTimerZeroDelay.xml
auto.tcl: Setting watchdog for 200 seconds at Sat Apr 20 04:04:31 UTC 2019
4 ms. Memory: 331264K Free: 320813K (97%)
ptolemy.util.test.WatchDog.cancel(): canceling Sat Apr 20 04:04:31 UTC 2019
auto.tcl: Setting watchdog for 200 seconds at Sat Apr 20 04:04:31 UTC 2019
3 ms. Memory: 331264K Free: 317527K (96%)
ptolemy.util.test.WatchDog.cancel(): canceling Sat Apr 20 04:04:31 UTC 2019
------------------ testing $PTII/ptolemy/domains/de/test/auto/OpenQueueingNetwork.xml
auto.tcl: Setting watchdog for 200 seconds at Sat Apr 20 04:04:31 UTC 2019
2789 ms. Memory: 573952K Free: 405664K (71%)
ptolemy.util.test.WatchDog.cancel(): canceling Sat Apr 20 04:04:34 UTC 2019
auto.tcl: Setting watchdog for 200 seconds at Sat Apr 20 04:04:34 UTC 2019
2338 ms. Memory: 550912K Free: 302496K (55%)
ptolemy.util.test.WatchDog.cancel(): canceling Sat Apr 20 04:04:36 UTC 2019
------------------ testing $PTII/ptolemy/domains/de/test/auto/OpenQueuingNetwork.xml
auto.tcl: Setting watchdog for 200 seconds at Sat Apr 20 04:04:36 UTC 2019
238 ms. Memory: 549888K Free: 444652K (81%)
ptolemy.util.test.WatchDog.cancel(): canceling Sat Apr 20 04:04:36 UTC 2019
auto.tcl: Setting watchdog for 200 seconds at Sat Apr 20 04:04:36 UTC 2019
227 ms. Memory: 549888K Free: 385698K (70%)
ptolemy.util.test.WatchDog.cancel(): canceling Sat Apr 20 04:04:37 UTC 2019
------------------ testing $PTII/ptolemy/domains/de/test/auto/PeriodicSampler.xml
auto.tcl: Setting watchdog for 200 seconds at Sat Apr 20 04:04:37 UTC 2019
3 ms. Memory: 551936K Free: 535367K (97%)
ptolemy.util.test.WatchDog.cancel(): canceling Sat Apr 20 04:04:37 UTC 2019
auto.tcl: Setting watchdog for 200 seconds at Sat Apr 20 04:04:37 UTC 2019
2 ms. Memory: 551936K Free: 535367K (97%)
ptolemy.util.test.WatchDog.cancel(): canceling Sat Apr 20 04:04:37 UTC 2019
------------------ testing $PTII/ptolemy/domains/de/test/auto/PersistentIO.xml
auto.tcl: Setting watchdog for 200 seconds at Sat Apr 20 04:04:37 UTC 2019
5 ms. Memory: 549376K Free: 522177K (95%)
ptolemy.util.test.WatchDog.cancel(): canceling Sat Apr 20 04:04:37 UTC 2019
auto.tcl: Setting watchdog for 200 seconds at Sat Apr 20 04:04:37 UTC 2019
4 ms. Memory: 549376K Free: 522177K (95%)
ptolemy.util.test.WatchDog.cancel(): canceling Sat Apr 20 04:04:37 UTC 2019
------------------ testing $PTII/ptolemy/domains/de/test/auto/PortParameterResetOnInitialize.xml
auto.tcl: Setting watchdog for 200 seconds at Sat Apr 20 04:04:37 UTC 2019
2 ms. Memory: 551424K Free: 534773K (97%)
ptolemy.util.test.WatchDog.cancel(): canceling Sat Apr 20 04:04:37 UTC 2019
auto.tcl: Setting watchdog for 200 seconds at Sat Apr 20 04:04:37 UTC 2019
2 ms. Memory: 551424K Free: 534773K (97%)
ptolemy.util.test.WatchDog.cancel(): canceling Sat Apr 20 04:04:37 UTC 2019
------------------ testing $PTII/ptolemy/domains/de/test/auto/PortParameterUpdates.xml
auto.tcl: Setting watchdog for 200 seconds at Sat Apr 20 04:04:37 UTC 2019
5 ms. Memory: 549376K Free: 533402K (97%)
ptolemy.util.test.WatchDog.cancel(): canceling Sat Apr 20 04:04:37 UTC 2019
auto.tcl: Setting watchdog for 200 seconds at Sat Apr 20 04:04:37 UTC 2019
7 ms. Memory: 549376K Free: 533402K (97%)
ptolemy.util.test.WatchDog.cancel(): canceling Sat Apr 20 04:04:37 UTC 2019
------------------ testing $PTII/ptolemy/domains/de/test/auto/QueueAndServer.xml
auto.tcl: Setting watchdog for 200 seconds at Sat Apr 20 04:04:37 UTC 2019
7 ms. Memory: 551424K Free: 530191K (96%)
ptolemy.util.test.WatchDog.cancel(): canceling Sat Apr 20 04:04:37 UTC 2019
auto.tcl: Setting watchdog for 200 seconds at Sat Apr 20 04:04:37 UTC 2019
6 ms. Memory: 551424K Free: 523624K (95%)
ptolemy.util.test.WatchDog.cancel(): canceling Sat Apr 20 04:04:37 UTC 2019
------------------ testing $PTII/ptolemy/domains/de/test/auto/Records.xml
auto.tcl: Setting watchdog for 200 seconds at Sat Apr 20 04:04:37 UTC 2019
13 ms. Memory: 549376K Free: 532764K (97%)
ptolemy.util.test.WatchDog.cancel(): canceling Sat Apr 20 04:04:37 UTC 2019
auto.tcl: Setting watchdog for 200 seconds at Sat Apr 20 04:04:37 UTC 2019
2 ms. Memory: 549376K Free: 532764K (97%)
ptolemy.util.test.WatchDog.cancel(): canceling Sat Apr 20 04:04:37 UTC 2019
------------------ testing $PTII/ptolemy/domains/de/test/auto/ResetTransitionWithStartTime1.xml
auto.tcl: Setting watchdog for 200 seconds at Sat Apr 20 04:04:37 UTC 2019
11 ms. Memory: 551424K Free: 534837K (97%)
ptolemy.util.test.WatchDog.cancel(): canceling Sat Apr 20 04:04:37 UTC 2019
auto.tcl: Setting watchdog for 200 seconds at Sat Apr 20 04:04:37 UTC 2019
5 ms. Memory: 551424K Free: 528278K (96%)
ptolemy.util.test.WatchDog.cancel(): canceling Sat Apr 20 04:04:37 UTC 2019
------------------ testing $PTII/ptolemy/domains/de/test/auto/ResetTransitionWithStartTime2.xml
auto.tcl: Setting watchdog for 200 seconds at Sat Apr 20 04:04:37 UTC 2019
6 ms. Memory: 549376K Free: 533323K (97%)
ptolemy.util.test.WatchDog.cancel(): canceling Sat Apr 20 04:04:37 UTC 2019
auto.tcl: Setting watchdog for 200 seconds at Sat Apr 20 04:04:37 UTC 2019
7 ms. Memory: 549376K Free: 526765K (96%)
ptolemy.util.test.WatchDog.cancel(): canceling Sat Apr 20 04:04:37 UTC 2019
------------------ testing $PTII/ptolemy/domains/de/test/auto/ResetTransitionWithStartTime3.xml
auto.tcl: Setting watchdog for 200 seconds at Sat Apr 20 04:04:37 UTC 2019
5 ms. Memory: 550912K Free: 534315K (97%)
ptolemy.util.test.WatchDog.cancel(): canceling Sat Apr 20 04:04:37 UTC 2019
auto.tcl: Setting watchdog for 200 seconds at Sat Apr 20 04:04:37 UTC 2019
6 ms. Memory: 550912K Free: 527757K (96%)
ptolemy.util.test.WatchDog.cancel(): canceling Sat Apr 20 04:04:37 UTC 2019
------------------ testing $PTII/ptolemy/domains/de/test/auto/ResetTransitionWithStartTime4.xml
auto.tcl: Setting watchdog for 200 seconds at Sat Apr 20 04:04:37 UTC 2019
5 ms. Memory: 549376K Free: 533320K (97%)
ptolemy.util.test.WatchDog.cancel(): canceling Sat Apr 20 04:04:37 UTC 2019
auto.tcl: Setting watchdog for 200 seconds at Sat Apr 20 04:04:37 UTC 2019
3 ms. Memory: 549376K Free: 526754K (96%)
ptolemy.util.test.WatchDog.cancel(): canceling Sat Apr 20 04:04:37 UTC 2019
------------------ testing $PTII/ptolemy/domains/de/test/auto/ResettableTimer1.xml
auto.tcl: Setting watchdog for 200 seconds at Sat Apr 20 04:04:37 UTC 2019
5 ms. Memory: 550912K Free: 529629K (96%)
ptolemy.util.test.WatchDog.cancel(): canceling Sat Apr 20 04:04:37 UTC 2019
auto.tcl: Setting watchdog for 200 seconds at Sat Apr 20 04:04:37 UTC 2019
2 ms. Memory: 550912K Free: 529629K (96%)
ptolemy.util.test.WatchDog.cancel(): canceling Sat Apr 20 04:04:37 UTC 2019
------------------ testing $PTII/ptolemy/domains/de/test/auto/ResettableTimer2.xml
auto.tcl: Setting watchdog for 200 seconds at Sat Apr 20 04:04:38 UTC 2019
3 ms. Memory: 549376K Free: 533373K (97%)
ptolemy.util.test.WatchDog.cancel(): canceling Sat Apr 20 04:04:38 UTC 2019
auto.tcl: Setting watchdog for 200 seconds at Sat Apr 20 04:04:38 UTC 2019
3 ms. Memory: 549376K Free: 533373K (97%)
ptolemy.util.test.WatchDog.cancel(): canceling Sat Apr 20 04:04:38 UTC 2019
------------------ testing $PTII/ptolemy/domains/de/test/auto/ResettableTimer3.xml
auto.tcl: Setting watchdog for 200 seconds at Sat Apr 20 04:04:38 UTC 2019
1 ms. Memory: 550912K Free: 529686K (96%)
ptolemy.util.test.WatchDog.cancel(): canceling Sat Apr 20 04:04:38 UTC 2019
auto.tcl: Setting watchdog for 200 seconds at Sat Apr 20 04:04:38 UTC 2019
1 ms. Memory: 550912K Free: 529686K (96%)
ptolemy.util.test.WatchDog.cancel(): canceling Sat Apr 20 04:04:38 UTC 2019
------------------ testing $PTII/ptolemy/domains/de/test/auto/ResettableTimer4.xml
auto.tcl: Setting watchdog for 200 seconds at Sat Apr 20 04:04:38 UTC 2019
3 ms. Memory: 549376K Free: 533386K (97%)
ptolemy.util.test.WatchDog.cancel(): canceling Sat Apr 20 04:04:38 UTC 2019
auto.tcl: Setting watchdog for 200 seconds at Sat Apr 20 04:04:38 UTC 2019
1 ms. Memory: 549376K Free: 533386K (97%)
ptolemy.util.test.WatchDog.cancel(): canceling Sat Apr 20 04:04:38 UTC 2019
------------------ testing $PTII/ptolemy/domains/de/test/auto/ResettableTimer5.xml
auto.tcl: Setting watchdog for 200 seconds at Sat Apr 20 04:04:38 UTC 2019
1 ms. Memory: 550400K Free: 529728K (96%)
ptolemy.util.test.WatchDog.cancel(): canceling Sat Apr 20 04:04:38 UTC 2019
auto.tcl: Setting watchdog for 200 seconds at Sat Apr 20 04:04:38 UTC 2019
2 ms. Memory: 550400K Free: 529728K (96%)
ptolemy.util.test.WatchDog.cancel(): canceling Sat Apr 20 04:04:38 UTC 2019
------------------ testing $PTII/ptolemy/domains/de/test/auto/ResettableTimer6.xml
auto.tcl: Setting watchdog for 200 seconds at Sat Apr 20 04:04:38 UTC 2019
1 ms. Memory: 549376K Free: 528110K (96%)
ptolemy.util.test.WatchDog.cancel(): canceling Sat Apr 20 04:04:38 UTC 2019
auto.tcl: Setting watchdog for 200 seconds at Sat Apr 20 04:04:38 UTC 2019
1 ms. Memory: 549376K Free: 528110K (96%)
ptolemy.util.test.WatchDog.cancel(): canceling Sat Apr 20 04:04:38 UTC 2019
------------------ testing $PTII/ptolemy/domains/de/test/auto/ServerZeroDelay.xml
auto.tcl: Setting watchdog for 200 seconds at Sat Apr 20 04:04:38 UTC 2019
4 ms. Memory: 550400K Free: 534348K (97%)
ptolemy.util.test.WatchDog.cancel(): canceling Sat Apr 20 04:04:38 UTC 2019
auto.tcl: Setting watchdog for 200 seconds at Sat Apr 20 04:04:38 UTC 2019
2 ms. Memory: 550400K Free: 534348K (97%)
ptolemy.util.test.WatchDog.cancel(): canceling Sat Apr 20 04:04:38 UTC 2019
------------------ testing $PTII/ptolemy/domains/de/test/auto/SmartSender.xml
auto.tcl: Setting watchdog for 200 seconds at Sat Apr 20 04:04:38 UTC 2019
3002 ms. Memory: 549376K Free: 528640K (96%)
ptolemy.util.test.WatchDog.cancel(): canceling Sat Apr 20 04:04:41 UTC 2019
auto.tcl: Setting watchdog for 200 seconds at Sat Apr 20 04:04:41 UTC 2019
3002 ms. Memory: 549376K Free: 528640K (96%)
ptolemy.util.test.WatchDog.cancel(): canceling Sat Apr 20 04:04:44 UTC 2019
------------------ testing $PTII/ptolemy/domains/de/test/auto/ThreadedComposite.xml
auto.tcl: Setting watchdog for 200 seconds at Sat Apr 20 04:04:44 UTC 2019
303 ms. Memory: 550400K Free: 503865K (92%)
ptolemy.util.test.WatchDog.cancel(): canceling Sat Apr 20 04:04:44 UTC 2019
auto.tcl: Setting watchdog for 200 seconds at Sat Apr 20 04:04:44 UTC 2019
135 ms. Memory: 550400K Free: 487955K (89%)
ptolemy.util.test.WatchDog.cancel(): canceling Sat Apr 20 04:04:44 UTC 2019
------------------ testing $PTII/ptolemy/domains/de/test/auto/Time.xml
auto.tcl: Setting watchdog for 200 seconds at Sat Apr 20 04:04:45 UTC 2019
507 ms. Memory: 549376K Free: 481024K (88%)
ptolemy.util.test.WatchDog.cancel(): canceling Sat Apr 20 04:04:45 UTC 2019
auto.tcl: Setting watchdog for 200 seconds at Sat Apr 20 04:04:45 UTC 2019
506 ms. Memory: 549376K Free: 428621K (78%)
ptolemy.util.test.WatchDog.cancel(): canceling Sat Apr 20 04:04:46 UTC 2019
------------------ testing $PTII/ptolemy/domains/de/test/auto/TimeDelayZeroDelay.xml
auto.tcl: Setting watchdog for 200 seconds at Sat Apr 20 04:04:46 UTC 2019
3 ms. Memory: 550400K Free: 533722K (97%)
ptolemy.util.test.WatchDog.cancel(): canceling Sat Apr 20 04:04:46 UTC 2019
auto.tcl: Setting watchdog for 200 seconds at Sat Apr 20 04:04:46 UTC 2019
2 ms. Memory: 550400K Free: 533722K (97%)
ptolemy.util.test.WatchDog.cancel(): canceling Sat Apr 20 04:04:46 UTC 2019
------------------ testing $PTII/ptolemy/domains/de/test/auto/TimerZeroDelay.xml
auto.tcl: Setting watchdog for 200 seconds at Sat Apr 20 04:04:46 UTC 2019
2 ms. Memory: 549376K Free: 533285K (97%)
ptolemy.util.test.WatchDog.cancel(): canceling Sat Apr 20 04:04:46 UTC 2019
auto.tcl: Setting watchdog for 200 seconds at Sat Apr 20 04:04:46 UTC 2019
2 ms. Memory: 549376K Free: 533285K (97%)
ptolemy.util.test.WatchDog.cancel(): canceling Sat Apr 20 04:04:46 UTC 2019
------------------ testing $PTII/ptolemy/domains/de/test/auto/TimingParadox.xml
auto.tcl: Setting watchdog for 200 seconds at Sat Apr 20 04:04:46 UTC 2019
343 ms. Memory: 549888K Free: 467711K (85%)
ptolemy.util.test.WatchDog.cancel(): canceling Sat Apr 20 04:04:46 UTC 2019
auto.tcl: Setting watchdog for 200 seconds at Sat Apr 20 04:04:46 UTC 2019
334 ms. Memory: 549888K Free: 434959K (79%)
ptolemy.util.test.WatchDog.cancel(): canceling Sat Apr 20 04:04:47 UTC 2019
------------------ testing $PTII/ptolemy/domains/de/test/auto/TransferInputs.xml
auto.tcl: Setting watchdog for 200 seconds at Sat Apr 20 04:04:47 UTC 2019
10 ms. Memory: 549888K Free: 532759K (97%)
ptolemy.util.test.WatchDog.cancel(): canceling Sat Apr 20 04:04:47 UTC 2019
auto.tcl: Setting watchdog for 200 seconds at Sat Apr 20 04:04:47 UTC 2019
2 ms. Memory: 549888K Free: 532759K (97%)
ptolemy.util.test.WatchDog.cancel(): canceling Sat Apr 20 04:04:47 UTC 2019
------------------ testing $PTII/ptolemy/domains/de/test/auto/TransferOutputs2.xml
auto.tcl: Setting watchdog for 200 seconds at Sat Apr 20 04:04:47 UTC 2019
3 ms. Memory: 549376K Free: 522102K (95%)
ptolemy.util.test.WatchDog.cancel(): canceling Sat Apr 20 04:04:47 UTC 2019
auto.tcl: Setting watchdog for 200 seconds at Sat Apr 20 04:04:47 UTC 2019
3 ms. Memory: 549376K Free: 522102K (95%)
ptolemy.util.test.WatchDog.cancel(): canceling Sat Apr 20 04:04:47 UTC 2019
------------------ testing $PTII/ptolemy/domains/de/test/auto/Trilateration.xml
auto.tcl: Setting watchdog for 200 seconds at Sat Apr 20 04:04:47 UTC 2019
13194 ms. Memory: 766976K Free: 261081K (34%)
ptolemy.util.test.WatchDog.cancel(): canceling Sat Apr 20 04:05:01 UTC 2019
auto.tcl: Setting watchdog for 200 seconds at Sat Apr 20 04:05:01 UTC 2019
10682 ms. Memory: 646144K Free: 119735K (19%)
ptolemy.util.test.WatchDog.cancel(): canceling Sat Apr 20 04:05:11 UTC 2019
------------------ testing $PTII/ptolemy/domains/de/test/auto/TwoSigmaDelta.xml
auto.tcl: Setting watchdog for 200 seconds at Sat Apr 20 04:05:12 UTC 2019
2827 ms. Memory: 649728K Free: 352249K (54%)
ptolemy.util.test.WatchDog.cancel(): canceling Sat Apr 20 04:05:14 UTC 2019
auto.tcl: Setting watchdog for 200 seconds at Sat Apr 20 04:05:14 UTC 2019
1986 ms. Memory: 649728K Free: 114007K (18%)
ptolemy.util.test.WatchDog.cancel(): canceling Sat Apr 20 04:05:16 UTC 2019
------------------ testing $PTII/ptolemy/domains/de/test/auto/VariableDelay.xml
auto.tcl: Setting watchdog for 200 seconds at Sat Apr 20 04:05:17 UTC 2019
2 ms. Memory: 646656K Free: 626960K (97%)
ptolemy.util.test.WatchDog.cancel(): canceling Sat Apr 20 04:05:17 UTC 2019
auto.tcl: Setting watchdog for 200 seconds at Sat Apr 20 04:05:17 UTC 2019
2 ms. Memory: 646656K Free: 626960K (97%)
ptolemy.util.test.WatchDog.cancel(): canceling Sat Apr 20 04:05:17 UTC 2019
------------------ testing $PTII/ptolemy/domains/de/test/auto/VariableDelay2.xml
auto.tcl: Setting watchdog for 200 seconds at Sat Apr 20 04:05:17 UTC 2019
1 ms. Memory: 646144K Free: 626938K (97%)
ptolemy.util.test.WatchDog.cancel(): canceling Sat Apr 20 04:05:17 UTC 2019
auto.tcl: Setting watchdog for 200 seconds at Sat Apr 20 04:05:17 UTC 2019
1 ms. Memory: 646144K Free: 626938K (97%)
ptolemy.util.test.WatchDog.cancel(): canceling Sat Apr 20 04:05:17 UTC 2019
------------------ testing $PTII/ptolemy/domains/de/test/auto/VariableDelayZeroDelay.xml
auto.tcl: Setting watchdog for 200 seconds at Sat Apr 20 04:05:17 UTC 2019
2 ms. Memory: 646144K Free: 621289K (96%)
ptolemy.util.test.WatchDog.cancel(): canceling Sat Apr 20 04:05:17 UTC 2019
auto.tcl: Setting watchdog for 200 seconds at Sat Apr 20 04:05:17 UTC 2019
2 ms. Memory: 646144K Free: 621289K (96%)
ptolemy.util.test.WatchDog.cancel(): canceling Sat Apr 20 04:05:17 UTC 2019
------------------ testing $PTII/ptolemy/domains/de/test/auto/VariableDelayZeroDelay2.xml
auto.tcl: Setting watchdog for 200 seconds at Sat Apr 20 04:05:17 UTC 2019
2 ms. Memory: 649216K Free: 624359K (96%)
ptolemy.util.test.WatchDog.cancel(): canceling Sat Apr 20 04:05:17 UTC 2019
auto.tcl: Setting watchdog for 200 seconds at Sat Apr 20 04:05:17 UTC 2019
2 ms. Memory: 649216K Free: 624359K (96%)
ptolemy.util.test.WatchDog.cancel(): canceling Sat Apr 20 04:05:17 UTC 2019
------------------ testing $PTII/ptolemy/domains/de/test/auto/deInCt.xml
auto.tcl: Setting watchdog for 200 seconds at Sat Apr 20 04:05:17 UTC 2019
0
1
1
1
1
0
0
0
1
1
1
1
1
1
0
0
1
1
1
0
0
0
0
1
1
1
1
0
0
0
0
12 ms. Memory: 646144K Free: 621207K (96%)
ptolemy.util.test.WatchDog.cancel(): canceling Sat Apr 20 04:05:17 UTC 2019
auto.tcl: Setting watchdog for 200 seconds at Sat Apr 20 04:05:17 UTC 2019
0
1
1
1
1
1
0
0
1
1
1
0
0
0
1
1
1
0
0
0
1
1
1
0
0
0
1
1
1
1
0
0
0
1
1
1
1
0
0
0
1
1
1
8 ms. Memory: 646144K Free: 621207K (96%)
ptolemy.util.test.WatchDog.cancel(): canceling Sat Apr 20 04:05:17 UTC 2019
------------------ testing $PTII/ptolemy/domains/de/test/auto/deInCt2.xml
auto.tcl: Setting watchdog for 200 seconds at Sat Apr 20 04:05:17 UTC 2019
0
1
1
1
0
0
1
1
1
0
0
1
1
1
0
0
1
1
1
0
0
1
1
1
0
0
1
1
1
0
0
1
1
1
0
0
1
1
1
0
0
0
13 ms. Memory: 648704K Free: 623767K (96%)
ptolemy.util.test.WatchDog.cancel(): canceling Sat Apr 20 04:05:17 UTC 2019
auto.tcl: Setting watchdog for 200 seconds at Sat Apr 20 04:05:17 UTC 2019
0
1
1
1
0
0
1
1
1
0
0
1
1
1
0
0
1
1
1
0
0
1
1
1
0
0
1
1
1
0
0
1
1
1
0
0
1
1
1
0
0
0
11 ms. Memory: 648704K Free: 623767K (96%)
ptolemy.util.test.WatchDog.cancel(): canceling Sat Apr 20 04:05:17 UTC 2019
------------------ testing $PTII/ptolemy/domains/de/test/auto/dynamicCausalityInterface1.xml
auto.tcl: Setting watchdog for 200 seconds at Sat Apr 20 04:05:17 UTC 2019
1 ms. Memory: 646144K Free: 618284K (96%)
ptolemy.util.test.WatchDog.cancel(): canceling Sat Apr 20 04:05:17 UTC 2019
auto.tcl: Setting watchdog for 200 seconds at Sat Apr 20 04:05:17 UTC 2019
1 ms. Memory: 646144K Free: 618284K (96%)
ptolemy.util.test.WatchDog.cancel(): canceling Sat Apr 20 04:05:17 UTC 2019
------------------ testing $PTII/ptolemy/domains/de/test/auto/fsm_de_test.xml
auto.tcl: Setting watchdog for 200 seconds at Sat Apr 20 04:05:17 UTC 2019
17 ms. Memory: 648192K Free: 623222K (96%)
ptolemy.util.test.WatchDog.cancel(): canceling Sat Apr 20 04:05:17 UTC 2019
auto.tcl: Setting watchdog for 200 seconds at Sat Apr 20 04:05:17 UTC 2019
8 ms. Memory: 648192K Free: 614587K (95%)
ptolemy.util.test.WatchDog.cancel(): canceling Sat Apr 20 04:05:17 UTC 2019
------------------ testing $PTII/ptolemy/domains/de/test/auto/functionDependencyReconstruction.xml
auto.tcl: Setting watchdog for 200 seconds at Sat Apr 20 04:05:17 UTC 2019
3 ms. Memory: 646144K Free: 612522K (95%)
ptolemy.util.test.WatchDog.cancel(): canceling Sat Apr 20 04:05:17 UTC 2019
auto.tcl: Setting watchdog for 200 seconds at Sat Apr 20 04:05:17 UTC 2019
3 ms. Memory: 646144K Free: 612522K (95%)
ptolemy.util.test.WatchDog.cancel(): canceling Sat Apr 20 04:05:17 UTC 2019
------------------ testing $PTII/ptolemy/domains/de/test/auto/multirate.xml
auto.tcl: Setting watchdog for 200 seconds at Sat Apr 20 04:05:17 UTC 2019
3 ms. Memory: 648192K Free: 623088K (96%)
ptolemy.util.test.WatchDog.cancel(): canceling Sat Apr 20 04:05:17 UTC 2019
auto.tcl: Setting watchdog for 200 seconds at Sat Apr 20 04:05:17 UTC 2019
3 ms. Memory: 648192K Free: 623088K (96%)
ptolemy.util.test.WatchDog.cancel(): canceling Sat Apr 20 04:05:17 UTC 2019
------------------ testing $PTII/ptolemy/domains/de/test/auto/multirate2.xml
auto.tcl: Setting watchdog for 200 seconds at Sat Apr 20 04:05:17 UTC 2019
8 ms. Memory: 646144K Free: 621228K (96%)
ptolemy.util.test.WatchDog.cancel(): canceling Sat Apr 20 04:05:17 UTC 2019
auto.tcl: Setting watchdog for 200 seconds at Sat Apr 20 04:05:17 UTC 2019
3 ms. Memory: 646144K Free: 621228K (96%)
ptolemy.util.test.WatchDog.cancel(): canceling Sat Apr 20 04:05:17 UTC 2019
------------------ testing $PTII/ptolemy/domains/de/test/auto/realtime.xml
auto.tcl: Setting watchdog for 200 seconds at Sat Apr 20 04:05:17 UTC 2019
10002 ms. Memory: 647680K Free: 622686K (96%)
ptolemy.util.test.WatchDog.cancel(): canceling Sat Apr 20 04:05:27 UTC 2019
auto.tcl: Setting watchdog for 200 seconds at Sat Apr 20 04:05:27 UTC 2019
10001 ms. Memory: 647680K Free: 622686K (96%)
ptolemy.util.test.WatchDog.cancel(): canceling Sat Apr 20 04:05:37 UTC 2019
------------------ testing $PTII/ptolemy/domains/de/test/auto/relationGroup.xml
auto.tcl: Setting watchdog for 200 seconds at Sat Apr 20 04:05:37 UTC 2019
2 ms. Memory: 646144K Free: 621252K (96%)
ptolemy.util.test.WatchDog.cancel(): canceling Sat Apr 20 04:05:37 UTC 2019
auto.tcl: Setting watchdog for 200 seconds at Sat Apr 20 04:05:37 UTC 2019
1 ms. Memory: 646144K Free: 621252K (96%)
ptolemy.util.test.WatchDog.cancel(): canceling Sat Apr 20 04:05:37 UTC 2019
------------------ testing $PTII/ptolemy/domains/de/test/auto/relationGroup2.xml
auto.tcl: Setting watchdog for 200 seconds at Sat Apr 20 04:05:37 UTC 2019
1 ms. Memory: 647680K Free: 622815K (96%)
ptolemy.util.test.WatchDog.cancel(): canceling Sat Apr 20 04:05:37 UTC 2019
auto.tcl: Setting watchdog for 200 seconds at Sat Apr 20 04:05:37 UTC 2019
1 ms. Memory: 647680K Free: 622815K (96%)
ptolemy.util.test.WatchDog.cancel(): canceling Sat Apr 20 04:05:37 UTC 2019
------------------ testing $PTII/ptolemy/domains/de/test/auto/sortWithOpaquePorts.xml
auto.tcl: Setting watchdog for 200 seconds at Sat Apr 20 04:05:38 UTC 2019
3 ms. Memory: 646144K Free: 621279K (96%)
ptolemy.util.test.WatchDog.cancel(): canceling Sat Apr 20 04:05:38 UTC 2019
auto.tcl: Setting watchdog for 200 seconds at Sat Apr 20 04:05:38 UTC 2019
2 ms. Memory: 646144K Free: 621279K (96%)
ptolemy.util.test.WatchDog.cancel(): canceling Sat Apr 20 04:05:38 UTC 2019
------------------ testing $PTII/ptolemy/domains/de/test/auto/transferInputsandOutputs.xml
auto.tcl: Setting watchdog for 200 seconds at Sat Apr 20 04:05:38 UTC 2019
2 ms. Memory: 647168K Free: 622290K (96%)
ptolemy.util.test.WatchDog.cancel(): canceling Sat Apr 20 04:05:38 UTC 2019
auto.tcl: Setting watchdog for 200 seconds at Sat Apr 20 04:05:38 UTC 2019
3 ms. Memory: 647168K Free: 622290K (96%)
ptolemy.util.test.WatchDog.cancel(): canceling Sat Apr 20 04:05:38 UTC 2019
------------------ testing $PTII/ptolemy/domains/de/test/auto/triggerType.xml
auto.tcl: Setting watchdog for 200 seconds at Sat Apr 20 04:05:38 UTC 2019
2 ms. Memory: 646144K Free: 621215K (96%)
ptolemy.util.test.WatchDog.cancel(): canceling Sat Apr 20 04:05:38 UTC 2019
auto.tcl: Setting watchdog for 200 seconds at Sat Apr 20 04:05:38 UTC 2019
2 ms. Memory: 646144K Free: 621215K (96%)
ptolemy.util.test.WatchDog.cancel(): canceling Sat Apr 20 04:05:38 UTC 2019
04/20/19 04:05:38
Failed: 0  Total Tests: 192  ((Passed: 187, Newly Passed: 1)  Known Failed: 5) /home/travis/build/icyphy/ptII/ptolemy/domains/de/test
04/20/19 04:05:38
Failed: 0  Total Tests: 192  ((Passed: 187, Newly Passed: 1)  Known Failed: 5) /home/travis/build/icyphy/ptII/ptolemy/domains/de/test
----------------- testing (KnownFailure) /home/travis/build/icyphy/ptII/ptolemy/domains/de/test/auto/knownFailedTests/DESDFClockTest.xml
2014 ms. Memory: 647168K Free: 610921K (94%)
Known Failure: java.lang.reflect.InvocationTargetException
----------------- testing (KnownFailure) /home/travis/build/icyphy/ptII/ptolemy/domains/de/test/auto/knownFailedTests/DirectFeedback.xml
2 ms. Memory: 647168K Free: 565742K (87%)
Known Failure: java.lang.reflect.InvocationTargetException
----------------- testing (KnownFailure) /home/travis/build/icyphy/ptII/ptolemy/domains/de/test/auto/knownFailedTests/FSMSource.xml
12 ms. Memory: 647168K Free: 520563K (80%)
----------------- testing (KnownFailure) /home/travis/build/icyphy/ptII/ptolemy/domains/de/test/auto/knownFailedTests/HierarchicalModel.xml
3 ms. Memory: 647168K Free: 486671K (75%)
Known Failure: java.lang.reflect.InvocationTargetException
----------------- testing (KnownFailure) /home/travis/build/icyphy/ptII/ptolemy/domains/de/test/auto/knownFailedTests/dependencyLoop.xml
3 ms. Memory: 647168K Free: 430181K (66%)
Known Failure: java.lang.reflect.InvocationTargetException
----------------- testing (KnownFailure) /home/travis/build/icyphy/ptII/ptolemy/domains/de/test/auto/knownFailedTests/dependencyLoop2.xml
6 ms. Memory: 647168K Free: 373691K (58%)
Known Failure: java.lang.reflect.InvocationTargetException
No auto/linux-amd64/*.xml tests in /home/travis/build/icyphy/ptII/ptolemy/domains/de/test
AutoTests.java: About to close Vertx.
AutoTests.java: Vertx closed.

===========================================================================================
----------------- testing Sat Apr 20 04:05:40 UTC 2019 /home/travis/build/icyphy/ptII/ptolemy/domains/de/test/auto/ActorDepthCalculation_actorWithoutPorts.xml
----------------- Instantiating /home/travis/build/icyphy/ptII/ptolemy/domains/de/test/auto/ActorDepthCalculation_actorWithoutPorts.xml
2 ms. Memory: 647168K Free: 317217K (49%)
----------------- Invoking toplevel() on ptolemy.moml.MoMLSimpleApplication@71ba1ac1
----------------- Done invoking toplevel() on ptolemy.moml.MoMLSimpleApplication@71ba1ac1
reloadAllAccessors: .ActorDepthCalculation_actorWithoutPorts

===========================================================================================
----------------- testing Sat Apr 20 04:05:40 UTC 2019 /home/travis/build/icyphy/ptII/ptolemy/domains/de/test/auto/AssemblyLine.xml
----------------- Instantiating /home/travis/build/icyphy/ptII/ptolemy/domains/de/test/auto/AssemblyLine.xml
2 ms. Memory: 647168K Free: 294628K (46%)
----------------- Invoking toplevel() on ptolemy.moml.MoMLSimpleApplication@2c4e55b6
----------------- Done invoking toplevel() on ptolemy.moml.MoMLSimpleApplication@2c4e55b6
reloadAllAccessors: .AssemblyLine

===========================================================================================
----------------- testing Sat Apr 20 04:05:40 UTC 2019 /home/travis/build/icyphy/ptII/ptolemy/domains/de/test/auto/CQBug1.xml
----------------- Instantiating /home/travis/build/icyphy/ptII/ptolemy/domains/de/test/auto/CQBug1.xml
2 ms. Memory: 647168K Free: 272038K (42%)
----------------- Invoking toplevel() on ptolemy.moml.MoMLSimpleApplication@1d734e6e
----------------- Done invoking toplevel() on ptolemy.moml.MoMLSimpleApplication@1d734e6e
reloadAllAccessors: .CQBug1

===========================================================================================
----------------- testing Sat Apr 20 04:05:40 UTC 2019 /home/travis/build/icyphy/ptII/ptolemy/domains/de/test/auto/CancelFireAt.xml
----------------- Instantiating /home/travis/build/icyphy/ptII/ptolemy/domains/de/test/auto/CancelFireAt.xml
1 ms. Memory: 647168K Free: 249449K (39%)
----------------- Invoking toplevel() on ptolemy.moml.MoMLSimpleApplication@3e8ff8ad
----------------- Done invoking toplevel() on ptolemy.moml.MoMLSimpleApplication@3e8ff8ad
reloadAllAccessors: .CancelFireAt

===========================================================================================
----------------- testing Sat Apr 20 04:05:40 UTC 2019 /home/travis/build/icyphy/ptII/ptolemy/domains/de/test/auto/CausalityAndComposabilityAnalysis.xml
----------------- Instantiating /home/travis/build/icyphy/ptII/ptolemy/domains/de/test/auto/CausalityAndComposabilityAnalysis.xml
1 ms. Memory: 647168K Free: 226859K (35%)
----------------- Invoking toplevel() on ptolemy.moml.MoMLSimpleApplication@69c215f0
----------------- Done invoking toplevel() on ptolemy.moml.MoMLSimpleApplication@69c215f0
reloadAllAccessors: .CausalityAndComposabilityAnalysis

===========================================================================================
----------------- testing Sat Apr 20 04:05:40 UTC 2019 /home/travis/build/icyphy/ptII/ptolemy/domains/de/test/auto/CausalityInterface1.xml
----------------- Instantiating /home/travis/build/icyphy/ptII/ptolemy/domains/de/test/auto/CausalityInterface1.xml
4 ms. Memory: 647168K Free: 204270K (32%)
----------------- Invoking toplevel() on ptolemy.moml.MoMLSimpleApplication@166edacb
----------------- Done invoking toplevel() on ptolemy.moml.MoMLSimpleApplication@166edacb
reloadAllAccessors: .CausalityInterface1

===========================================================================================
----------------- testing Sat Apr 20 04:05:40 UTC 2019 /home/travis/build/icyphy/ptII/ptolemy/domains/de/test/auto/CausalityInterface15.xml
----------------- Instantiating /home/travis/build/icyphy/ptII/ptolemy/domains/de/test/auto/CausalityInterface15.xml
2 ms. Memory: 647168K Free: 181680K (28%)
----------------- Invoking toplevel() on ptolemy.moml.MoMLSimpleApplication@181320ca
----------------- Done invoking toplevel() on ptolemy.moml.MoMLSimpleApplication@181320ca
reloadAllAccessors: .CausalityInterface15

[...]
java.lang.RuntimeException: Execution failed
	at ptolemy.moml.MoMLSimpleApplication$UnloadThread.run(MoMLSimpleApplication.java:402)
Caused by: ptolemy.kernel.util.IllegalActionException: Test fails in iteration 1.
Value was: 1.0. Should have been: 2.0
  in .DirectFeedback.Test
	at ptolemy.actor.lib.Test.fire(Test.java:268)
	at ptolemy.domains.de.kernel.DEDirector._fire(DEDirector.java:1949)
	at ptolemy.domains.de.kernel.DEDirector.fire(DEDirector.java:502)
	at ptolemy.actor.CompositeActor.fire(CompositeActor.java:455)
	at ptolemy.actor.Manager.iterate(Manager.java:851)
	at ptolemy.actor.Manager.execute(Manager.java:369)
	at ptolemy.actor.Manager.run(Manager.java:1263)
	at ptolemy.actor.Manager$PtolemyRunThread.run(Manager.java:1915)
java.lang.RuntimeException: Execution failed
	at ptolemy.moml.MoMLSimpleApplication$UnloadThread.run(MoMLSimpleApplication.java:402)
Caused by: ptolemy.kernel.util.IllegalActionException: Actor is not ready to fire.  Perhaps UpSample.prefire() returned false? Try debugging the actor by selecting "Listen to Actor".  Also, for SDF check moml for tokenConsumptionRate on input.
  in .DESDFClockTest.Play Bell.Copy1:SDF Director and .DESDFClockTest.Play Bell.UpSample
	at ptolemy.actor.sched.StaticSchedulingDirector.fire(StaticSchedulingDirector.java:227)
	at ptolemy.domains.sdf.kernel.SDFDirector.fire(SDFDirector.java:500)
	at ptolemy.actor.CompositeActor.fire(CompositeActor.java:455)
	at ptolemy.domains.de.kernel.DEDirector._fire(DEDirector.java:1949)
	at ptolemy.domains.de.kernel.DEDirector.fire(DEDirector.java:502)
	at ptolemy.actor.CompositeActor.fire(CompositeActor.java:455)
	at ptolemy.actor.Manager.iterate(Manager.java:851)
	at ptolemy.actor.Manager.execute(Manager.java:369)
	at ptolemy.actor.Manager.run(Manager.java:1263)
	at ptolemy.actor.Manager$PtolemyRunThread.run(Manager.java:1915)
java.lang.reflect.InvocationTargetException
	at sun.reflect.NativeConstructorAccessorImpl.newInstance0(Native Method)
	at sun.reflect.NativeConstructorAccessorImpl.newInstance(NativeConstructorAccessorImpl.java:62)
	at sun.reflect.DelegatingConstructorAccessorImpl.newInstance(DelegatingConstructorAccessorImpl.java:45)
	at java.lang.reflect.Constructor.newInstance(Constructor.java:423)
	at ptolemy.util.test.junit.AutoKnownFailedTests.RunModel(AutoKnownFailedTests.java:105)
	at sun.reflect.NativeMethodAccessorImpl.invoke0(Native Method)
	at sun.reflect.NativeMethodAccessorImpl.invoke(NativeMethodAccessorImpl.java:62)
	at sun.reflect.DelegatingMethodAccessorImpl.invoke(DelegatingMethodAccessorImpl.java:43)
	at java.lang.reflect.Method.invoke(Method.java:498)
	at org.junit.runners.model.FrameworkMethod$1.runReflectiveCall(FrameworkMethod.java:44)
	at org.junit.internal.runners.model.ReflectiveCallable.run(ReflectiveCallable.java:15)
	at org.junit.runners.model.FrameworkMethod.invokeExplosively(FrameworkMethod.java:41)
	at junitparams.internal.InvokeParameterisedMethod.evaluate(InvokeParameterisedMethod.java:102)
	at org.junit.internal.runners.statements.FailOnTimeout$1.run(FailOnTimeout.java:28)
Caused by: ptolemy.kernel.util.IllegalActionException: Actor is not ready to fire.  Perhaps UpSample.prefire() returned false? Try debugging the actor by selecting "Listen to Actor".  Also, for SDF check moml for tokenConsumptionRate on input.
  in .DESDFClockTest.Play Bell.Copy1:SDF Director and .DESDFClockTest.Play Bell.UpSample
	at ptolemy.actor.sched.StaticSchedulingDirector.fire(StaticSchedulingDirector.java:227)
	at ptolemy.domains.sdf.kernel.SDFDirector.fire(SDFDirector.java:500)
	at ptolemy.actor.CompositeActor.fire(CompositeActor.java:455)
	at ptolemy.domains.de.kernel.DEDirector._fire(DEDirector.java:1949)
	at ptolemy.domains.de.kernel.DEDirector.fire(DEDirector.java:502)
	at ptolemy.actor.CompositeActor.fire(CompositeActor.java:455)
	at ptolemy.actor.Manager.iterate(Manager.java:851)
	at ptolemy.actor.Manager.execute(Manager.java:369)
	at ptolemy.actor.Manager.run(Manager.java:1263)
	at ptolemy.actor.Manager$PtolemyRunThread.run(Manager.java:1915)
java.lang.RuntimeException: Execution failed
	at ptolemy.moml.MoMLSimpleApplication$UnloadThread.run(MoMLSimpleApplication.java:402)
Caused by: ptolemy.kernel.util.IllegalActionException: Test fails in iteration 1.
Value was: 1.0. Should have been: 2.0
  in .DirectFeedback.Test
	at ptolemy.actor.lib.Test.fire(Test.java:268)
	at ptolemy.domains.de.kernel.DEDirector._fire(DEDirector.java:1949)
	at ptolemy.domains.de.kernel.DEDirector.fire(DEDirector.java:502)
	at ptolemy.actor.CompositeActor.fire(CompositeActor.java:455)
	at ptolemy.actor.Manager.iterate(Manager.java:851)
	at ptolemy.actor.Manager.execute(Manager.java:369)
	at ptolemy.actor.Manager.run(Manager.java:1263)
	at ptolemy.actor.Manager$PtolemyRunThread.run(Manager.java:1915)
java.lang.reflect.InvocationTargetException
	at sun.reflect.NativeConstructorAccessorImpl.newInstance0(Native Method)
	at sun.reflect.NativeConstructorAccessorImpl.newInstance(NativeConstructorAccessorImpl.java:62)
	at sun.reflect.DelegatingConstructorAccessorImpl.newInstance(DelegatingConstructorAccessorImpl.java:45)
	at java.lang.reflect.Constructor.newInstance(Constructor.java:423)
	at ptolemy.util.test.junit.AutoKnownFailedTests.RunModel(AutoKnownFailedTests.java:105)
	at sun.reflect.NativeMethodAccessorImpl.invoke0(Native Method)
	at sun.reflect.NativeMethodAccessorImpl.invoke(NativeMethodAccessorImpl.java:62)
	at sun.reflect.DelegatingMethodAccessorImpl.invoke(DelegatingMethodAccessorImpl.java:43)
	at java.lang.reflect.Method.invoke(Method.java:498)
	at org.junit.runners.model.FrameworkMethod$1.runReflectiveCall(FrameworkMethod.java:44)
	at org.junit.internal.runners.model.ReflectiveCallable.run(ReflectiveCallable.java:15)
	at org.junit.runners.model.FrameworkMethod.invokeExplosively(FrameworkMethod.java:41)
	at junitparams.internal.InvokeParameterisedMethod.evaluate(InvokeParameterisedMethod.java:102)
	at org.junit.internal.runners.statements.FailOnTimeout$1.run(FailOnTimeout.java:28)
Caused by: ptolemy.kernel.util.IllegalActionException: Test fails in iteration 1.
Value was: 1.0. Should have been: 2.0
  in .DirectFeedback.Test
	at ptolemy.actor.lib.Test.fire(Test.java:268)
	at ptolemy.domains.de.kernel.DEDirector._fire(DEDirector.java:1949)
	at ptolemy.domains.de.kernel.DEDirector.fire(DEDirector.java:502)
	at ptolemy.actor.CompositeActor.fire(CompositeActor.java:455)
	at ptolemy.actor.Manager.iterate(Manager.java:851)
	at ptolemy.actor.Manager.execute(Manager.java:369)
	at ptolemy.actor.Manager.run(Manager.java:1263)
	at ptolemy.actor.Manager$PtolemyRunThread.run(Manager.java:1915)
java.lang.RuntimeException: Execution failed
	at ptolemy.moml.MoMLSimpleApplication$UnloadThread.run(MoMLSimpleApplication.java:402)
Caused by: ptolemy.kernel.util.IllegalActionException: Found a zero delay loop containing .HierarchicalModel.A
  in .HierarchicalModel and .HierarchicalModel.A
	at ptolemy.actor.util.CausalityInterfaceForComposites._computeOutputPortDepth(CausalityInterfaceForComposites.java:759)
	at ptolemy.actor.util.CausalityInterfaceForComposites._computeInputDepth(CausalityInterfaceForComposites.java:696)
	at ptolemy.actor.util.CausalityInterfaceForComposites._computeOutputPortDepth(CausalityInterfaceForComposites.java:765)
	at ptolemy.actor.util.CausalityInterfaceForComposites._computeInputDepth(CausalityInterfaceForComposites.java:696)
	at ptolemy.actor.util.CausalityInterfaceForComposites._computeOutputPortDepth(CausalityInterfaceForComposites.java:765)
	at ptolemy.actor.util.CausalityInterfaceForComposites._computeInputDepth(CausalityInterfaceForComposites.java:696)
	at ptolemy.actor.util.CausalityInterfaceForComposites._computeActorDepth(CausalityInterfaceForComposites.java:532)
	at ptolemy.actor.util.CausalityInterfaceForComposites.checkForCycles(CausalityInterfaceForComposites.java:96)
	at ptolemy.domains.de.kernel.DEDirector.preinitialize(DEDirector.java:1338)
	at ptolemy.actor.CompositeActor.preinitialize(CompositeActor.java:1828)
	at ptolemy.actor.Manager.preinitializeAndResolveTypes(Manager.java:1040)
	at ptolemy.actor.Manager.initialize(Manager.java:710)
	at ptolemy.actor.Manager.execute(Manager.java:356)
	at ptolemy.actor.Manager.run(Manager.java:1263)
	at ptolemy.actor.Manager$PtolemyRunThread.run(Manager.java:1915)
java.lang.reflect.InvocationTargetException
	at sun.reflect.NativeConstructorAccessorImpl.newInstance0(Native Method)
	at sun.reflect.NativeConstructorAccessorImpl.newInstance(NativeConstructorAccessorImpl.java:62)
	at sun.reflect.DelegatingConstructorAccessorImpl.newInstance(DelegatingConstructorAccessorImpl.java:45)
	at java.lang.reflect.Constructor.newInstance(Constructor.java:423)
	at ptolemy.util.test.junit.AutoKnownFailedTests.RunModel(AutoKnownFailedTests.java:105)
	at sun.reflect.NativeMethodAccessorImpl.invoke0(Native Method)
	at sun.reflect.NativeMethodAccessorImpl.invoke(NativeMethodAccessorImpl.java:62)
	at sun.reflect.DelegatingMethodAccessorImpl.invoke(DelegatingMethodAccessorImpl.java:43)
	at java.lang.reflect.Method.invoke(Method.java:498)
	at org.junit.runners.model.FrameworkMethod$1.runReflectiveCall(FrameworkMethod.java:44)
	at org.junit.internal.runners.model.ReflectiveCallable.run(ReflectiveCallable.java:15)
	at org.junit.runners.model.FrameworkMethod.invokeExplosively(FrameworkMethod.java:41)
	at junitparams.internal.InvokeParameterisedMethod.evaluate(InvokeParameterisedMethod.java:102)
	at org.junit.internal.runners.statements.FailOnTimeout$1.run(FailOnTimeout.java:28)
Caused by: ptolemy.kernel.util.IllegalActionException: Found a zero delay loop containing .HierarchicalModel.A
  in .HierarchicalModel and .HierarchicalModel.A
	at ptolemy.actor.util.CausalityInterfaceForComposites._computeOutputPortDepth(CausalityInterfaceForComposites.java:759)
	at ptolemy.actor.util.CausalityInterfaceForComposites._computeInputDepth(CausalityInterfaceForComposites.java:696)
	at ptolemy.actor.util.CausalityInterfaceForComposites._computeOutputPortDepth(CausalityInterfaceForComposites.java:765)
	at ptolemy.actor.util.CausalityInterfaceForComposites._computeInputDepth(CausalityInterfaceForComposites.java:696)
	at ptolemy.actor.util.CausalityInterfaceForComposites._computeOutputPortDepth(CausalityInterfaceForComposites.java:765)
	at ptolemy.actor.util.CausalityInterfaceForComposites._computeInputDepth(CausalityInterfaceForComposites.java:696)
	at ptolemy.actor.util.CausalityInterfaceForComposites._computeActorDepth(CausalityInterfaceForComposites.java:532)
	at ptolemy.actor.util.CausalityInterfaceForComposites.checkForCycles(CausalityInterfaceForComposites.java:96)
	at ptolemy.domains.de.kernel.DEDirector.preinitialize(DEDirector.java:1338)
	at ptolemy.actor.CompositeActor.preinitialize(CompositeActor.java:1828)
	at ptolemy.actor.Manager.preinitializeAndResolveTypes(Manager.java:1040)
	at ptolemy.actor.Manager.initialize(Manager.java:710)
	at ptolemy.actor.Manager.execute(Manager.java:356)
	at ptolemy.actor.Manager.run(Manager.java:1263)
	at ptolemy.actor.Manager$PtolemyRunThread.run(Manager.java:1915)
java.lang.RuntimeException: Execution failed
	at ptolemy.moml.MoMLSimpleApplication$UnloadThread.run(MoMLSimpleApplication.java:402)
Caused by: ptolemy.kernel.util.IllegalActionException: Found a zero delay loop containing .dependencyLoop.original
  in .dependencyLoop and .dependencyLoop.original
	at ptolemy.actor.util.CausalityInterfaceForComposites._computeOutputPortDepth(CausalityInterfaceForComposites.java:759)
	at ptolemy.actor.util.CausalityInterfaceForComposites._computeInputDepth(CausalityInterfaceForComposites.java:696)
	at ptolemy.actor.util.CausalityInterfaceForComposites._computeOutputPortDepth(CausalityInterfaceForComposites.java:765)
	at ptolemy.actor.util.CausalityInterfaceForComposites._computeInputDepth(CausalityInterfaceForComposites.java:696)
	at ptolemy.actor.util.CausalityInterfaceForComposites._computeOutputPortDepth(CausalityInterfaceForComposites.java:765)
	at ptolemy.actor.util.CausalityInterfaceForComposites._computeInputDepth(CausalityInterfaceForComposites.java:696)
	at ptolemy.actor.util.CausalityInterfaceForComposites._computeActorDepth(CausalityInterfaceForComposites.java:532)
	at ptolemy.actor.util.CausalityInterfaceForComposites.checkForCycles(CausalityInterfaceForComposites.java:96)
	at ptolemy.domains.de.kernel.DEDirector.preinitialize(DEDirector.java:1338)
	at ptolemy.actor.CompositeActor.preinitialize(CompositeActor.java:1828)
	at ptolemy.actor.Manager.preinitializeAndResolveTypes(Manager.java:1040)
	at ptolemy.actor.Manager.initialize(Manager.java:710)
	at ptolemy.actor.Manager.execute(Manager.java:356)
	at ptolemy.actor.Manager.run(Manager.java:1263)
	at ptolemy.actor.Manager$PtolemyRunThread.run(Manager.java:1915)
java.lang.reflect.InvocationTargetException
	at sun.reflect.NativeConstructorAccessorImpl.newInstance0(Native Method)
	at sun.reflect.NativeConstructorAccessorImpl.newInstance(NativeConstructorAccessorImpl.java:62)
	at sun.reflect.DelegatingConstructorAccessorImpl.newInstance(DelegatingConstructorAccessorImpl.java:45)
	at java.lang.reflect.Constructor.newInstance(Constructor.java:423)
	at ptolemy.util.test.junit.AutoKnownFailedTests.RunModel(AutoKnownFailedTests.java:105)
	at sun.reflect.NativeMethodAccessorImpl.invoke0(Native Method)
	at sun.reflect.NativeMethodAccessorImpl.invoke(NativeMethodAccessorImpl.java:62)
	at sun.reflect.DelegatingMethodAccessorImpl.invoke(DelegatingMethodAccessorImpl.java:43)
	at java.lang.reflect.Method.invoke(Method.java:498)
	at org.junit.runners.model.FrameworkMethod$1.runReflectiveCall(FrameworkMethod.java:44)
	at org.junit.internal.runners.model.ReflectiveCallable.run(ReflectiveCallable.java:15)
	at org.junit.runners.model.FrameworkMethod.invokeExplosively(FrameworkMethod.java:41)
	at junitparams.internal.InvokeParameterisedMethod.evaluate(InvokeParameterisedMethod.java:102)
	at org.junit.internal.runners.statements.FailOnTimeout$1.run(FailOnTimeout.java:28)
Caused by: ptolemy.kernel.util.IllegalActionException: Found a zero delay loop containing .dependencyLoop.original
  in .dependencyLoop and .dependencyLoop.original
	at ptolemy.actor.util.CausalityInterfaceForComposites._computeOutputPortDepth(CausalityInterfaceForComposites.java:759)
	at ptolemy.actor.util.CausalityInterfaceForComposites._computeInputDepth(CausalityInterfaceForComposites.java:696)
	at ptolemy.actor.util.CausalityInterfaceForComposites._computeOutputPortDepth(CausalityInterfaceForComposites.java:765)
	at ptolemy.actor.util.CausalityInterfaceForComposites._computeInputDepth(CausalityInterfaceForComposites.java:696)
	at ptolemy.actor.util.CausalityInterfaceForComposites._computeOutputPortDepth(CausalityInterfaceForComposites.java:765)
	at ptolemy.actor.util.CausalityInterfaceForComposites._computeInputDepth(CausalityInterfaceForComposites.java:696)
	at ptolemy.actor.util.CausalityInterfaceForComposites._computeActorDepth(CausalityInterfaceForComposites.java:532)
	at ptolemy.actor.util.CausalityInterfaceForComposites.checkForCycles(CausalityInterfaceForComposites.java:96)
	at ptolemy.domains.de.kernel.DEDirector.preinitialize(DEDirector.java:1338)
	at ptolemy.actor.CompositeActor.preinitialize(CompositeActor.java:1828)
	at ptolemy.actor.Manager.preinitializeAndResolveTypes(Manager.java:1040)
	at ptolemy.actor.Manager.initialize(Manager.java:710)
	at ptolemy.actor.Manager.execute(Manager.java:356)
	at ptolemy.actor.Manager.run(Manager.java:1263)
	at ptolemy.actor.Manager$PtolemyRunThread.run(Manager.java:1915)
java.lang.RuntimeException: Execution failed
	at ptolemy.moml.MoMLSimpleApplication$UnloadThread.run(MoMLSimpleApplication.java:402)
Caused by: ptolemy.kernel.util.IllegalActionException: Found a zero delay loop containing .dependencyLoop2.original
  in .dependencyLoop2 and .dependencyLoop2.original
	at ptolemy.actor.util.CausalityInterfaceForComposites._computeOutputPortDepth(CausalityInterfaceForComposites.java:759)
	at ptolemy.actor.util.CausalityInterfaceForComposites._computeInputDepth(CausalityInterfaceForComposites.java:696)
	at ptolemy.actor.util.CausalityInterfaceForComposites._computeOutputPortDepth(CausalityInterfaceForComposites.java:765)
	at ptolemy.actor.util.CausalityInterfaceForComposites._computeInputDepth(CausalityInterfaceForComposites.java:696)
	at ptolemy.actor.util.CausalityInterfaceForComposites._computeOutputPortDepth(CausalityInterfaceForComposites.java:765)
	at ptolemy.actor.util.CausalityInterfaceForComposites._computeInputDepth(CausalityInterfaceForComposites.java:696)
	at ptolemy.actor.util.CausalityInterfaceForComposites._computeActorDepth(CausalityInterfaceForComposites.java:532)
	at ptolemy.actor.util.CausalityInterfaceForComposites.checkForCycles(CausalityInterfaceForComposites.java:96)
	at ptolemy.domains.de.kernel.DEDirector.preinitialize(DEDirector.java:1338)
	at ptolemy.actor.CompositeActor.preinitialize(CompositeActor.java:1828)
	at ptolemy.actor.Manager.preinitializeAndResolveTypes(Manager.java:1040)
	at ptolemy.actor.Manager.initialize(Manager.java:710)
	at ptolemy.actor.Manager.execute(Manager.java:356)
	at ptolemy.actor.Manager.run(Manager.java:1263)
	at ptolemy.actor.Manager$PtolemyRunThread.run(Manager.java:1915)
java.lang.reflect.InvocationTargetException
	at sun.reflect.NativeConstructorAccessorImpl.newInstance0(Native Method)
	at sun.reflect.NativeConstructorAccessorImpl.newInstance(NativeConstructorAccessorImpl.java:62)
	at sun.reflect.DelegatingConstructorAccessorImpl.newInstance(DelegatingConstructorAccessorImpl.java:45)
	at java.lang.reflect.Constructor.newInstance(Constructor.java:423)
	at ptolemy.util.test.junit.AutoKnownFailedTests.RunModel(AutoKnownFailedTests.java:105)
	at sun.reflect.NativeMethodAccessorImpl.invoke0(Native Method)
	at sun.reflect.NativeMethodAccessorImpl.invoke(NativeMethodAccessorImpl.java:62)
	at sun.reflect.DelegatingMethodAccessorImpl.invoke(DelegatingMethodAccessorImpl.java:43)
	at java.lang.reflect.Method.invoke(Method.java:498)
	at org.junit.runners.model.FrameworkMethod$1.runReflectiveCall(FrameworkMethod.java:44)
	at org.junit.internal.runners.model.ReflectiveCallable.run(ReflectiveCallable.java:15)
	at org.junit.runners.model.FrameworkMethod.invokeExplosively(FrameworkMethod.java:41)
	at junitparams.internal.InvokeParameterisedMethod.evaluate(InvokeParameterisedMethod.java:102)
	at org.junit.internal.runners.statements.FailOnTimeout$1.run(FailOnTimeout.java:28)
Caused by: ptolemy.kernel.util.IllegalActionException: Found a zero delay loop containing .dependencyLoop2.original
  in .dependencyLoop2 and .dependencyLoop2.original
	at ptolemy.actor.util.CausalityInterfaceForComposites._computeOutputPortDepth(CausalityInterfaceForComposites.java:759)
	at ptolemy.actor.util.CausalityInterfaceForComposites._computeInputDepth(CausalityInterfaceForComposites.java:696)
	at ptolemy.actor.util.CausalityInterfaceForComposites._computeOutputPortDepth(CausalityInterfaceForComposites.java:765)
	at ptolemy.actor.util.CausalityInterfaceForComposites._computeInputDepth(CausalityInterfaceForComposites.java:696)
	at ptolemy.actor.util.CausalityInterfaceForComposites._computeOutputPortDepth(CausalityInterfaceForComposites.java:765)
	at ptolemy.actor.util.CausalityInterfaceForComposites._computeInputDepth(CausalityInterfaceForComposites.java:696)
	at ptolemy.actor.util.CausalityInterfaceForComposites._computeActorDepth(CausalityInterfaceForComposites.java:532)
	at ptolemy.actor.util.CausalityInterfaceForComposites.checkForCycles(CausalityInterfaceForComposites.java:96)
	at ptolemy.domains.de.kernel.DEDirector.preinitialize(DEDirector.java:1338)
	at ptolemy.actor.CompositeActor.preinitialize(CompositeActor.java:1828)
	at ptolemy.actor.Manager.preinitializeAndResolveTypes(Manager.java:1040)
	at ptolemy.actor.Manager.initialize(Manager.java:710)
	at ptolemy.actor.Manager.execute(Manager.java:356)
	at ptolemy.actor.Manager.run(Manager.java:1263)
	at ptolemy.actor.Manager$PtolemyRunThread.run(Manager.java:1915)
]]></system-err>
</testsuite>
