<?xml version="1.0" encoding="UTF-8" ?>
<testsuite errors="0" failures="0" hostname="travis-job-c3725737-9e4f-49e1-aced-ba9ed206b718" name="ptolemy.domains.continuous.test.junit.JUnitTclTest" skipped="0" tests="155" time="72.078" timestamp="2018-07-07T01:33:39">
  <properties>
[...]
</properties>
  <testcase classname="ptolemy.util.test.junit.TclTests" name="[0] ThereAreNoTclTests (RunTclFile)" time="0.002" />
  <testcase classname="ptolemy.util.test.junit.AutoKnownFailedTests" name="[0] ThereAreNoKnowFailedTests (RunModel)" time="0.001" />
  <testcase classname="ptolemy.util.test.junit.AutoNameArchTests" name="[0] ThereAreNoAutoArchTests (RunModel)" time="0.0" />
  <testcase classname="ptolemy.util.test.junit.AutoTests" name="[0] /home/travis/build/icyphy/ptII/ptolemy/domains/continuous/test/auto/BouncingBall.xml (RunModel)" time="2.807" />
  <testcase classname="ptolemy.util.test.junit.AutoTests" name="[1] /home/travis/build/icyphy/ptII/ptolemy/domains/continuous/test/auto/BouncingBallWithoutGR.xml (RunModel)" time="0.941" />
  <testcase classname="ptolemy.util.test.junit.AutoTests" name="[2] /home/travis/build/icyphy/ptII/ptolemy/domains/continuous/test/auto/Brownian.xml (RunModel)" time="0.096" />
  <testcase classname="ptolemy.util.test.junit.AutoTests" name="[3] /home/travis/build/icyphy/ptII/ptolemy/domains/continuous/test/auto/CarTracking.xml (RunModel)" time="3.331" />
  <testcase classname="ptolemy.util.test.junit.AutoTests" name="[4] /home/travis/build/icyphy/ptII/ptolemy/domains/continuous/test/auto/CartPendulum.xml (RunModel)" time="0.517" />
  <testcase classname="ptolemy.util.test.junit.AutoTests" name="[5] /home/travis/build/icyphy/ptII/ptolemy/domains/continuous/test/auto/CausalityInterface10.xml (RunModel)" time="0.049" />
  <testcase classname="ptolemy.util.test.junit.AutoTests" name="[6] /home/travis/build/icyphy/ptII/ptolemy/domains/continuous/test/auto/CausalityInterface11.xml (RunModel)" time="0.035" />
  <testcase classname="ptolemy.util.test.junit.AutoTests" name="[7] /home/travis/build/icyphy/ptII/ptolemy/domains/continuous/test/auto/CausalityInterface12.xml (RunModel)" time="0.034" />
  <testcase classname="ptolemy.util.test.junit.AutoTests" name="[8] /home/travis/build/icyphy/ptII/ptolemy/domains/continuous/test/auto/CausalityInterface13.xml (RunModel)" time="0.035" />
  <testcase classname="ptolemy.util.test.junit.AutoTests" name="[9] /home/travis/build/icyphy/ptII/ptolemy/domains/continuous/test/auto/CausalityInterface14.xml (RunModel)" time="0.027" />
  <testcase classname="ptolemy.util.test.junit.AutoTests" name="[10] /home/travis/build/icyphy/ptII/ptolemy/domains/continuous/test/auto/CausalityInterface4.xml (RunModel)" time="0.037" />
  <testcase classname="ptolemy.util.test.junit.AutoTests" name="[11] /home/travis/build/icyphy/ptII/ptolemy/domains/continuous/test/auto/CausalityInterface5.xml (RunModel)" time="0.039" />
  <testcase classname="ptolemy.util.test.junit.AutoTests" name="[12] /home/travis/build/icyphy/ptII/ptolemy/domains/continuous/test/auto/CausalityInterface6.xml (RunModel)" time="0.028" />
  <testcase classname="ptolemy.util.test.junit.AutoTests" name="[13] /home/travis/build/icyphy/ptII/ptolemy/domains/continuous/test/auto/CausalityInterface7.xml (RunModel)" time="0.045" />
  <testcase classname="ptolemy.util.test.junit.AutoTests" name="[14] /home/travis/build/icyphy/ptII/ptolemy/domains/continuous/test/auto/CausalityInterface8.xml (RunModel)" time="0.042" />
  <testcase classname="ptolemy.util.test.junit.AutoTests" name="[15] /home/travis/build/icyphy/ptII/ptolemy/domains/continuous/test/auto/CausalityInterface9.xml (RunModel)" time="0.046" />
  <testcase classname="ptolemy.util.test.junit.AutoTests" name="[16] /home/travis/build/icyphy/ptII/ptolemy/domains/continuous/test/auto/CausalityInterfaceFeedback1.xml (RunModel)" time="0.026" />
  <testcase classname="ptolemy.util.test.junit.AutoTests" name="[17] /home/travis/build/icyphy/ptII/ptolemy/domains/continuous/test/auto/CausalityInterfaceFeedback2.xml (RunModel)" time="0.037" />
  <testcase classname="ptolemy.util.test.junit.AutoTests" name="[18] /home/travis/build/icyphy/ptII/ptolemy/domains/continuous/test/auto/CompareWithCurrentTime.xml (RunModel)" time="0.021" />
  <testcase classname="ptolemy.util.test.junit.AutoTests" name="[19] /home/travis/build/icyphy/ptII/ptolemy/domains/continuous/test/auto/ComparedClocks.xml (RunModel)" time="0.055" />
  <testcase classname="ptolemy.util.test.junit.AutoTests" name="[20] /home/travis/build/icyphy/ptII/ptolemy/domains/continuous/test/auto/ContinuousAOCClone.xml (RunModel)" time="2.62" />
  <testcase classname="ptolemy.util.test.junit.AutoTests" name="[21] /home/travis/build/icyphy/ptII/ptolemy/domains/continuous/test/auto/ContinuousClock.xml (RunModel)" time="0.075" />
  <testcase classname="ptolemy.util.test.junit.AutoTests" name="[22] /home/travis/build/icyphy/ptII/ptolemy/domains/continuous/test/auto/ContinuousInContinuous.xml (RunModel)" time="0.094" />
  <testcase classname="ptolemy.util.test.junit.AutoTests" name="[23] /home/travis/build/icyphy/ptII/ptolemy/domains/continuous/test/auto/ContinuousInContinuousInContinuous.xml (RunModel)" time="0.029" />
  <testcase classname="ptolemy.util.test.junit.AutoTests" name="[24] /home/travis/build/icyphy/ptII/ptolemy/domains/continuous/test/auto/ContinuousInDE.xml (RunModel)" time="0.123" />
  <testcase classname="ptolemy.util.test.junit.AutoTests" name="[25] /home/travis/build/icyphy/ptII/ptolemy/domains/continuous/test/auto/ContinuousInDE2.xml (RunModel)" time="0.059" />
  <testcase classname="ptolemy.util.test.junit.AutoTests" name="[26] /home/travis/build/icyphy/ptII/ptolemy/domains/continuous/test/auto/ContinuousInDE3.xml (RunModel)" time="0.076" />
  <testcase classname="ptolemy.util.test.junit.AutoTests" name="[27] /home/travis/build/icyphy/ptII/ptolemy/domains/continuous/test/auto/ContinuousInDE4.xml (RunModel)" time="0.041" />
  <testcase classname="ptolemy.util.test.junit.AutoTests" name="[28] /home/travis/build/icyphy/ptII/ptolemy/domains/continuous/test/auto/ContinuousInDEDifferentRefinements.xml (RunModel)" time="0.116" />
  <testcase classname="ptolemy.util.test.junit.AutoTests" name="[29] /home/travis/build/icyphy/ptII/ptolemy/domains/continuous/test/auto/ContinuousInDEDifferentRefinementsPreemptive.xml (RunModel)" time="0.089" />
  <testcase classname="ptolemy.util.test.junit.AutoTests" name="[30] /home/travis/build/icyphy/ptII/ptolemy/domains/continuous/test/auto/ContinuousInDEInContinuous2.xml (RunModel)" time="0.064" />
  <testcase classname="ptolemy.util.test.junit.AutoTests" name="[31] /home/travis/build/icyphy/ptII/ptolemy/domains/continuous/test/auto/ContinuousInDEInContinuous3.xml (RunModel)" time="0.072" />
  <testcase classname="ptolemy.util.test.junit.AutoTests" name="[32] /home/travis/build/icyphy/ptII/ptolemy/domains/continuous/test/auto/ContinuousInDEInput.xml (RunModel)" time="0.035" />
  <testcase classname="ptolemy.util.test.junit.AutoTests" name="[33] /home/travis/build/icyphy/ptII/ptolemy/domains/continuous/test/auto/ContinuousInDEInput2.xml (RunModel)" time="0.034" />
  <testcase classname="ptolemy.util.test.junit.AutoTests" name="[34] /home/travis/build/icyphy/ptII/ptolemy/domains/continuous/test/auto/ContinuousInDEInput3.xml (RunModel)" time="0.031" />
  <testcase classname="ptolemy.util.test.junit.AutoTests" name="[35] /home/travis/build/icyphy/ptII/ptolemy/domains/continuous/test/auto/ContinuousInDESharingRefinement.xml (RunModel)" time="0.164" />
  <testcase classname="ptolemy.util.test.junit.AutoTests" name="[36] /home/travis/build/icyphy/ptII/ptolemy/domains/continuous/test/auto/ContinuousInDEwithNoPorts.xml (RunModel)" time="0.025" />
  <testcase classname="ptolemy.util.test.junit.AutoTests" name="[37] /home/travis/build/icyphy/ptII/ptolemy/domains/continuous/test/auto/ContinuousInsideDE.xml (RunModel)" time="0.067" />
  <testcase classname="ptolemy.util.test.junit.AutoTests" name="[38] /home/travis/build/icyphy/ptII/ptolemy/domains/continuous/test/auto/ContinuousMerge1.xml (RunModel)" time="0.016" />
  <testcase classname="ptolemy.util.test.junit.AutoTests" name="[39] /home/travis/build/icyphy/ptII/ptolemy/domains/continuous/test/auto/ContinuousMerge2.xml (RunModel)" time="0.038" />
  <testcase classname="ptolemy.util.test.junit.AutoTests" name="[40] /home/travis/build/icyphy/ptII/ptolemy/domains/continuous/test/auto/ContinuousMerge3.xml (RunModel)" time="0.073" />
  <testcase classname="ptolemy.util.test.junit.AutoTests" name="[41] /home/travis/build/icyphy/ptII/ptolemy/domains/continuous/test/auto/ContinuousWithinContinuous.xml (RunModel)" time="0.058" />
  <testcase classname="ptolemy.util.test.junit.AutoTests" name="[42] /home/travis/build/icyphy/ptII/ptolemy/domains/continuous/test/auto/ContinuousWithinContinuous2.xml (RunModel)" time="0.078" />
  <testcase classname="ptolemy.util.test.junit.AutoTests" name="[43] /home/travis/build/icyphy/ptII/ptolemy/domains/continuous/test/auto/ContinuousWithinContinuous3.xml (RunModel)" time="0.025" />
  <testcase classname="ptolemy.util.test.junit.AutoTests" name="[44] /home/travis/build/icyphy/ptII/ptolemy/domains/continuous/test/auto/ContinuousWithinContinuous4.xml (RunModel)" time="0.075" />
  <testcase classname="ptolemy.util.test.junit.AutoTests" name="[45] /home/travis/build/icyphy/ptII/ptolemy/domains/continuous/test/auto/ContinuousWithinContinuous5.xml (RunModel)" time="0.032" />
  <testcase classname="ptolemy.util.test.junit.AutoTests" name="[46] /home/travis/build/icyphy/ptII/ptolemy/domains/continuous/test/auto/ContinuousWithinContinuous6.xml (RunModel)" time="0.044" />
  <testcase classname="ptolemy.util.test.junit.AutoTests" name="[47] /home/travis/build/icyphy/ptII/ptolemy/domains/continuous/test/auto/ContinuousWithinContinuous7.xml (RunModel)" time="0.066" />
  <testcase classname="ptolemy.util.test.junit.AutoTests" name="[48] /home/travis/build/icyphy/ptII/ptolemy/domains/continuous/test/auto/DCMotor.xml (RunModel)" time="13.989" />
  <testcase classname="ptolemy.util.test.junit.AutoTests" name="[49] /home/travis/build/icyphy/ptII/ptolemy/domains/continuous/test/auto/DEInContinuous.xml (RunModel)" time="0.037" />
  <testcase classname="ptolemy.util.test.junit.AutoTests" name="[50] /home/travis/build/icyphy/ptII/ptolemy/domains/continuous/test/auto/DEinContinuous2.xml (RunModel)" time="0.023" />
  <testcase classname="ptolemy.util.test.junit.AutoTests" name="[51] /home/travis/build/icyphy/ptII/ptolemy/domains/continuous/test/auto/Derivative.xml (RunModel)" time="0.178" />
  <testcase classname="ptolemy.util.test.junit.AutoTests" name="[52] /home/travis/build/icyphy/ptII/ptolemy/domains/continuous/test/auto/Derivative1.xml (RunModel)" time="0.038" />
  <testcase classname="ptolemy.util.test.junit.AutoTests" name="[53] /home/travis/build/icyphy/ptII/ptolemy/domains/continuous/test/auto/DiscreteClock.xml (RunModel)" time="0.014" />
  <testcase classname="ptolemy.util.test.junit.AutoTests" name="[54] /home/travis/build/icyphy/ptII/ptolemy/domains/continuous/test/auto/EfficiencyCurve.xml (RunModel)" time="0.07" />
  <testcase classname="ptolemy.util.test.junit.AutoTests" name="[55] /home/travis/build/icyphy/ptII/ptolemy/domains/continuous/test/auto/ExponentialResponse.xml (RunModel)" time="0.116" />
  <testcase classname="ptolemy.util.test.junit.AutoTests" name="[56] /home/travis/build/icyphy/ptII/ptolemy/domains/continuous/test/auto/ExponentialResponseRK45.xml (RunModel)" time="0.037" />
  <testcase classname="ptolemy.util.test.junit.AutoTests" name="[57] /home/travis/build/icyphy/ptII/ptolemy/domains/continuous/test/auto/Friction.xml (RunModel)" time="1.278" />
  <testcase classname="ptolemy.util.test.junit.AutoTests" name="[58] /home/travis/build/icyphy/ptII/ptolemy/domains/continuous/test/auto/FurutaPendulum.xml (RunModel)" time="3.449" />
  <testcase classname="ptolemy.util.test.junit.AutoTests" name="[59] /home/travis/build/icyphy/ptII/ptolemy/domains/continuous/test/auto/HierarchicalExecution.xml (RunModel)" time="2.136" />
  <testcase classname="ptolemy.util.test.junit.AutoTests" name="[60] /home/travis/build/icyphy/ptII/ptolemy/domains/continuous/test/auto/HybridPlant.xml (RunModel)" time="0.528" />
  <testcase classname="ptolemy.util.test.junit.AutoTests" name="[61] /home/travis/build/icyphy/ptII/ptolemy/domains/continuous/test/auto/Hysteresis.xml (RunModel)" time="0.177" />
  <testcase classname="ptolemy.util.test.junit.AutoTests" name="[62] /home/travis/build/icyphy/ptII/ptolemy/domains/continuous/test/auto/HysteresisWithRandomDelay.xml (RunModel)" time="0.2" />
  <testcase classname="ptolemy.util.test.junit.AutoTests" name="[63] /home/travis/build/icyphy/ptII/ptolemy/domains/continuous/test/auto/HysteresisWithRandomLosses.xml (RunModel)" time="2.212" />
  <testcase classname="ptolemy.util.test.junit.AutoTests" name="[64] /home/travis/build/icyphy/ptII/ptolemy/domains/continuous/test/auto/ImmediateTransitions.xml (RunModel)" time="0.036" />
  <testcase classname="ptolemy.util.test.junit.AutoTests" name="[65] /home/travis/build/icyphy/ptII/ptolemy/domains/continuous/test/auto/ImpulseFeedback.xml (RunModel)" time="0.023" />
  <testcase classname="ptolemy.util.test.junit.AutoTests" name="[66] /home/travis/build/icyphy/ptII/ptolemy/domains/continuous/test/auto/ImpulseFeedback2.xml (RunModel)" time="0.026" />
  <testcase classname="ptolemy.util.test.junit.AutoTests" name="[67] /home/travis/build/icyphy/ptII/ptolemy/domains/continuous/test/auto/IncreasingRatePoisson.xml (RunModel)" time="0.663" />
  <testcase classname="ptolemy.util.test.junit.AutoTests" name="[68] /home/travis/build/icyphy/ptII/ptolemy/domains/continuous/test/auto/InitialStateFeedback.xml (RunModel)" time="0.011" />
  <testcase classname="ptolemy.util.test.junit.AutoTests" name="[69] /home/travis/build/icyphy/ptII/ptolemy/domains/continuous/test/auto/Integration.xml (RunModel)" time="0.015" />
  <testcase classname="ptolemy.util.test.junit.AutoTests" name="[70] /home/travis/build/icyphy/ptII/ptolemy/domains/continuous/test/auto/Integration2.xml (RunModel)" time="0.113" />
  <testcase classname="ptolemy.util.test.junit.AutoTests" name="[71] /home/travis/build/icyphy/ptII/ptolemy/domains/continuous/test/auto/Integration3.xml (RunModel)" time="0.012" />
  <testcase classname="ptolemy.util.test.junit.AutoTests" name="[72] /home/travis/build/icyphy/ptII/ptolemy/domains/continuous/test/auto/Integration5.xml (RunModel)" time="0.01" />
  <testcase classname="ptolemy.util.test.junit.AutoTests" name="[73] /home/travis/build/icyphy/ptII/ptolemy/domains/continuous/test/auto/IntegratorImpulse.xml (RunModel)" time="0.011" />
  <testcase classname="ptolemy.util.test.junit.AutoTests" name="[74] /home/travis/build/icyphy/ptII/ptolemy/domains/continuous/test/auto/IntegratorImpulse2.xml (RunModel)" time="0.011" />
  <testcase classname="ptolemy.util.test.junit.AutoTests" name="[75] /home/travis/build/icyphy/ptII/ptolemy/domains/continuous/test/auto/LevelCrossing1.xml (RunModel)" time="0.011" />
  <testcase classname="ptolemy.util.test.junit.AutoTests" name="[76] /home/travis/build/icyphy/ptII/ptolemy/domains/continuous/test/auto/LevelCrossing2.xml (RunModel)" time="0.013" />
  <testcase classname="ptolemy.util.test.junit.AutoTests" name="[77] /home/travis/build/icyphy/ptII/ptolemy/domains/continuous/test/auto/LevelCrossing3.xml (RunModel)" time="0.012" />
  <testcase classname="ptolemy.util.test.junit.AutoTests" name="[78] /home/travis/build/icyphy/ptII/ptolemy/domains/continuous/test/auto/LevelCrossing4.xml (RunModel)" time="0.013" />
  <testcase classname="ptolemy.util.test.junit.AutoTests" name="[79] /home/travis/build/icyphy/ptII/ptolemy/domains/continuous/test/auto/LevelCrossing5.xml (RunModel)" time="0.013" />
  <testcase classname="ptolemy.util.test.junit.AutoTests" name="[80] /home/travis/build/icyphy/ptII/ptolemy/domains/continuous/test/auto/LevelCrossing6.xml (RunModel)" time="0.013" />
  <testcase classname="ptolemy.util.test.junit.AutoTests" name="[81] /home/travis/build/icyphy/ptII/ptolemy/domains/continuous/test/auto/LevelCrossingDetector.xml (RunModel)" time="0.042" />
  <testcase classname="ptolemy.util.test.junit.AutoTests" name="[82] /home/travis/build/icyphy/ptII/ptolemy/domains/continuous/test/auto/LevelCrossingDetectorDetectingDirections.xml (RunModel)" time="0.085" />
  <testcase classname="ptolemy.util.test.junit.AutoTests" name="[83] /home/travis/build/icyphy/ptII/ptolemy/domains/continuous/test/auto/LevelCrossingDetectorDetectsGlitches.xml (RunModel)" time="0.066" />
  <testcase classname="ptolemy.util.test.junit.AutoTests" name="[84] /home/travis/build/icyphy/ptII/ptolemy/domains/continuous/test/auto/LevelCrossingNoInitialOuput.xml (RunModel)" time="0.013" />
  <testcase classname="ptolemy.util.test.junit.AutoTests" name="[85] /home/travis/build/icyphy/ptII/ptolemy/domains/continuous/test/auto/LinearStateSpaceExample.xml (RunModel)" time="0.056" />
  <testcase classname="ptolemy.util.test.junit.AutoTests" name="[86] /home/travis/build/icyphy/ptII/ptolemy/domains/continuous/test/auto/Lorenz.xml (RunModel)" time="4.561" />
  <testcase classname="ptolemy.util.test.junit.AutoTests" name="[87] /home/travis/build/icyphy/ptII/ptolemy/domains/continuous/test/auto/LorenzDifferentialSystem.xml (RunModel)" time="1.113" />
  <testcase classname="ptolemy.util.test.junit.AutoTests" name="[88] /home/travis/build/icyphy/ptII/ptolemy/domains/continuous/test/auto/LorenzDifferentialSystemWithInput.xml (RunModel)" time="1.341" />
  <testcase classname="ptolemy.util.test.junit.AutoTests" name="[89] /home/travis/build/icyphy/ptII/ptolemy/domains/continuous/test/auto/LorenzDifferentialSystemWithTime.xml (RunModel)" time="0.717" />
  <testcase classname="ptolemy.util.test.junit.AutoTests" name="[90] /home/travis/build/icyphy/ptII/ptolemy/domains/continuous/test/auto/Microsteps.xml (RunModel)" time="0.02" />
  <testcase classname="ptolemy.util.test.junit.AutoTests" name="[91] /home/travis/build/icyphy/ptII/ptolemy/domains/continuous/test/auto/Modal1.xml (RunModel)" time="0.032" />
  <testcase classname="ptolemy.util.test.junit.AutoTests" name="[92] /home/travis/build/icyphy/ptII/ptolemy/domains/continuous/test/auto/Modal2.xml (RunModel)" time="0.034" />
  <testcase classname="ptolemy.util.test.junit.AutoTests" name="[93] /home/travis/build/icyphy/ptII/ptolemy/domains/continuous/test/auto/ModalTransitionGuardWithReset.xml (RunModel)" time="0.032" />
  <testcase classname="ptolemy.util.test.junit.AutoTests" name="[94] /home/travis/build/icyphy/ptII/ptolemy/domains/continuous/test/auto/ModalTransitionGuardWithResetUsingPreemptiveTransition.xml (RunModel)" time="0.023" />
  <testcase classname="ptolemy.util.test.junit.AutoTests" name="[95] /home/travis/build/icyphy/ptII/ptolemy/domains/continuous/test/auto/ModalTransitionGuardWithResetUsingPreemptiveTransition2.xml (RunModel)" time="0.023" />
  <testcase classname="ptolemy.util.test.junit.AutoTests" name="[96] /home/travis/build/icyphy/ptII/ptolemy/domains/continuous/test/auto/ModalTransitionGuardWithResetUsingPreemptiveTransition3.xml (RunModel)" time="0.024" />
  <testcase classname="ptolemy.util.test.junit.AutoTests" name="[97] /home/travis/build/icyphy/ptII/ptolemy/domains/continuous/test/auto/NewtonsCradle.xml (RunModel)" time="0.774" />
  <testcase classname="ptolemy.util.test.junit.AutoTests" name="[98] /home/travis/build/icyphy/ptII/ptolemy/domains/continuous/test/auto/NewtonsCradleAnimated.xml (RunModel)" time="1.166" />
  <testcase classname="ptolemy.util.test.junit.AutoTests" name="[99] /home/travis/build/icyphy/ptII/ptolemy/domains/continuous/test/auto/NewtonsCradleComplicated.xml (RunModel)" time="0.87" />
  <testcase classname="ptolemy.util.test.junit.AutoTests" name="[100] /home/travis/build/icyphy/ptII/ptolemy/domains/continuous/test/auto/NewtonsCradleNondeterministic.xml (RunModel)" time="0.63" />
  <testcase classname="ptolemy.util.test.junit.AutoTests" name="[101] /home/travis/build/icyphy/ptII/ptolemy/domains/continuous/test/auto/NewtonsCradlePerfectlyInelastic1.xml (RunModel)" time="1.276" />
  <testcase classname="ptolemy.util.test.junit.AutoTests" name="[102] /home/travis/build/icyphy/ptII/ptolemy/domains/continuous/test/auto/Noise.xml (RunModel)" time="0.185" />
  <testcase classname="ptolemy.util.test.junit.AutoTests" name="[103] /home/travis/build/icyphy/ptII/ptolemy/domains/continuous/test/auto/NoiseSpectrum.xml (RunModel)" time="0.71" />
  <testcase classname="ptolemy.util.test.junit.AutoTests" name="[104] /home/travis/build/icyphy/ptII/ptolemy/domains/continuous/test/auto/ParameterizedNewtonsCradleAnimated.xml (RunModel)" time="0.342" />
  <testcase classname="ptolemy.util.test.junit.AutoTests" name="[105] /home/travis/build/icyphy/ptII/ptolemy/domains/continuous/test/auto/ParameterizedNewtonsCradleAnimatedNondeterministic.xml (RunModel)" time="1.064" />
  <testcase classname="ptolemy.util.test.junit.AutoTests" name="[106] /home/travis/build/icyphy/ptII/ptolemy/domains/continuous/test/auto/Pendulum3D.xml (RunModel)" time="0.171" />
  <testcase classname="ptolemy.util.test.junit.AutoTests" name="[107] /home/travis/build/icyphy/ptII/ptolemy/domains/continuous/test/auto/PeriodicSampler.xml (RunModel)" time="0.01" />
  <testcase classname="ptolemy.util.test.junit.AutoTests" name="[108] /home/travis/build/icyphy/ptII/ptolemy/domains/continuous/test/auto/PeriodicSampler1.xml (RunModel)" time="0.043" />
  <testcase classname="ptolemy.util.test.junit.AutoTests" name="[109] /home/travis/build/icyphy/ptII/ptolemy/domains/continuous/test/auto/PeriodicSampler2.xml (RunModel)" time="0.089" />
  <testcase classname="ptolemy.util.test.junit.AutoTests" name="[110] /home/travis/build/icyphy/ptII/ptolemy/domains/continuous/test/auto/Poisson.xml (RunModel)" time="0.455" />
  <testcase classname="ptolemy.util.test.junit.AutoTests" name="[111] /home/travis/build/icyphy/ptII/ptolemy/domains/continuous/test/auto/PoissonClock.xml (RunModel)" time="0.013" />
  <testcase classname="ptolemy.util.test.junit.AutoTests" name="[112] /home/travis/build/icyphy/ptII/ptolemy/domains/continuous/test/auto/PoissonClock2.xml (RunModel)" time="0.012" />
  <testcase classname="ptolemy.util.test.junit.AutoTests" name="[113] /home/travis/build/icyphy/ptII/ptolemy/domains/continuous/test/auto/PortParameterHierarchy.xml (RunModel)" time="0.017" />
  <testcase classname="ptolemy.util.test.junit.AutoTests" name="[114] /home/travis/build/icyphy/ptII/ptolemy/domains/continuous/test/auto/RandomHybridPlant.xml (RunModel)" time="0.527" />
  <testcase classname="ptolemy.util.test.junit.AutoTests" name="[115] /home/travis/build/icyphy/ptII/ptolemy/domains/continuous/test/auto/ResetTransitionWithStartTime1.xml (RunModel)" time="0.025" />
  <testcase classname="ptolemy.util.test.junit.AutoTests" name="[116] /home/travis/build/icyphy/ptII/ptolemy/domains/continuous/test/auto/ResetTransitionWithStartTime2.xml (RunModel)" time="0.041" />
  <testcase classname="ptolemy.util.test.junit.AutoTests" name="[117] /home/travis/build/icyphy/ptII/ptolemy/domains/continuous/test/auto/ResetTransitionWithStartTime3.xml (RunModel)" time="0.049" />
  <testcase classname="ptolemy.util.test.junit.AutoTests" name="[118] /home/travis/build/icyphy/ptII/ptolemy/domains/continuous/test/auto/ResetTransitionWithStartTime4.xml (RunModel)" time="0.021" />
  <testcase classname="ptolemy.util.test.junit.AutoTests" name="[119] /home/travis/build/icyphy/ptII/ptolemy/domains/continuous/test/auto/ResetTransitionWithStartTime5.xml (RunModel)" time="0.033" />
  <testcase classname="ptolemy.util.test.junit.AutoTests" name="[120] /home/travis/build/icyphy/ptII/ptolemy/domains/continuous/test/auto/ResetTransitionWithStartTime6.xml (RunModel)" time="0.032" />
  <testcase classname="ptolemy.util.test.junit.AutoTests" name="[121] /home/travis/build/icyphy/ptII/ptolemy/domains/continuous/test/auto/SRinContinuous.xml (RunModel)" time="0.027" />
  <testcase classname="ptolemy.util.test.junit.AutoTests" name="[122] /home/travis/build/icyphy/ptII/ptolemy/domains/continuous/test/auto/SampledClocks.xml (RunModel)" time="0.029" />
  <testcase classname="ptolemy.util.test.junit.AutoTests" name="[123] /home/travis/build/icyphy/ptII/ptolemy/domains/continuous/test/auto/Satellite.xml (RunModel)" time="0.924" />
  <testcase classname="ptolemy.util.test.junit.AutoTests" name="[124] /home/travis/build/icyphy/ptII/ptolemy/domains/continuous/test/auto/SigmaDelta.xml (RunModel)" time="2.359" />
  <testcase classname="ptolemy.util.test.junit.AutoTests" name="[125] /home/travis/build/icyphy/ptII/ptolemy/domains/continuous/test/auto/SinuBouncingBall.xml (RunModel)" time="0.724" />
  <testcase classname="ptolemy.util.test.junit.AutoTests" name="[126] /home/travis/build/icyphy/ptII/ptolemy/domains/continuous/test/auto/Sinusoid.xml (RunModel)" time="0.011" />
  <testcase classname="ptolemy.util.test.junit.AutoTests" name="[127] /home/travis/build/icyphy/ptII/ptolemy/domains/continuous/test/auto/SinusoidInNoise.xml (RunModel)" time="1.004" />
  <testcase classname="ptolemy.util.test.junit.AutoTests" name="[128] /home/travis/build/icyphy/ptII/ptolemy/domains/continuous/test/auto/SinusoidRK45.xml (RunModel)" time="0.011" />
  <testcase classname="ptolemy.util.test.junit.AutoTests" name="[129] /home/travis/build/icyphy/ptII/ptolemy/domains/continuous/test/auto/SinusoidWithMultipleImpulses.xml (RunModel)" time="0.012" />
  <testcase classname="ptolemy.util.test.junit.AutoTests" name="[130] /home/travis/build/icyphy/ptII/ptolemy/domains/continuous/test/auto/SquareWave.xml (RunModel)" time="0.193" />
  <testcase classname="ptolemy.util.test.junit.AutoTests" name="[131] /home/travis/build/icyphy/ptII/ptolemy/domains/continuous/test/auto/Starmac.xml (RunModel)" time="3.39" />
  <testcase classname="ptolemy.util.test.junit.AutoTests" name="[132] /home/travis/build/icyphy/ptII/ptolemy/domains/continuous/test/auto/StaticUnits.xml (RunModel)" time="2.414" />
  <testcase classname="ptolemy.util.test.junit.AutoTests" name="[133] /home/travis/build/icyphy/ptII/ptolemy/domains/continuous/test/auto/StickyMasses.xml (RunModel)" time="0.176" />
  <testcase classname="ptolemy.util.test.junit.AutoTests" name="[134] /home/travis/build/icyphy/ptII/ptolemy/domains/continuous/test/auto/StopTime.xml (RunModel)" time="0.058" />
  <testcase classname="ptolemy.util.test.junit.AutoTests" name="[135] /home/travis/build/icyphy/ptII/ptolemy/domains/continuous/test/auto/StopTime2.xml (RunModel)" time="0.061" />
  <testcase classname="ptolemy.util.test.junit.AutoTests" name="[136] /home/travis/build/icyphy/ptII/ptolemy/domains/continuous/test/auto/Switch.xml (RunModel)" time="0.064" />
  <testcase classname="ptolemy.util.test.junit.AutoTests" name="[137] /home/travis/build/icyphy/ptII/ptolemy/domains/continuous/test/auto/Thermostat.xml (RunModel)" time="0.201" />
  <testcase classname="ptolemy.util.test.junit.AutoTests" name="[138] /home/travis/build/icyphy/ptII/ptolemy/domains/continuous/test/auto/TimeDelay.xml (RunModel)" time="0.013" />
  <testcase classname="ptolemy.util.test.junit.AutoTests" name="[139] /home/travis/build/icyphy/ptII/ptolemy/domains/continuous/test/auto/TimeDelay2.xml (RunModel)" time="0.018" />
  <testcase classname="ptolemy.util.test.junit.AutoTests" name="[140] /home/travis/build/icyphy/ptII/ptolemy/domains/continuous/test/auto/TimeDelay3.xml (RunModel)" time="0.015" />
  <testcase classname="ptolemy.util.test.junit.AutoTests" name="[141] /home/travis/build/icyphy/ptII/ptolemy/domains/continuous/test/auto/TransferAbsentToInside.xml (RunModel)" time="0.173" />
  <testcase classname="ptolemy.util.test.junit.AutoTests" name="[142] /home/travis/build/icyphy/ptII/ptolemy/domains/continuous/test/auto/Transmission.xml (RunModel)" time="0.766" />
  <testcase classname="ptolemy.util.test.junit.AutoTests" name="[143] /home/travis/build/icyphy/ptII/ptolemy/domains/continuous/test/auto/TriggeredContinuousClock.xml (RunModel)" time="0.075" />
  <testcase classname="ptolemy.util.test.junit.AutoTests" name="[144] /home/travis/build/icyphy/ptII/ptolemy/domains/continuous/test/auto/TwoMachineInfiniteBusControl.xml (RunModel)" time="2.743" />
  <testcase classname="ptolemy.util.test.junit.AutoTests" name="[145] /home/travis/build/icyphy/ptII/ptolemy/domains/continuous/test/auto/V2V.xml (RunModel)" time="0.677" />
  <testcase classname="ptolemy.util.test.junit.AutoTests" name="[146] /home/travis/build/icyphy/ptII/ptolemy/domains/continuous/test/auto/hierarchicalModalModel.xml (RunModel)" time="0.036" />
  <testcase classname="ptolemy.util.test.junit.AutoTests" name="[147] /home/travis/build/icyphy/ptII/ptolemy/domains/continuous/test/auto/hierarchicalModalModel1.xml (RunModel)" time="0.034" />
  <testcase classname="ptolemy.util.test.junit.AutoTests" name="[148] /home/travis/build/icyphy/ptII/ptolemy/domains/continuous/test/auto/hierarchicalModalModel2.xml (RunModel)" time="0.027" />
  <testcase classname="ptolemy.util.test.junit.AutoTests" name="[149] /home/travis/build/icyphy/ptII/ptolemy/domains/continuous/test/auto/hierarchicalModalModel3.xml (RunModel)" time="0.022" />
  <testcase classname="ptolemy.util.test.junit.AutoTests" name="[150] /home/travis/build/icyphy/ptII/ptolemy/domains/continuous/test/auto/hierarchicalModalModel4.xml (RunModel)" time="0.025" />
  <testcase classname="ptolemy.util.test.junit.AutoTests" name="[151] /home/travis/build/icyphy/ptII/ptolemy/domains/continuous/test/auto/junk.xml (RunModel)" time="0.148" />
  <system-out><![CDATA[No tcl tests in /home/travis/build/icyphy/ptII/ptolemy/domains/continuous/test
No auto/knownFailedTests/*.xml tests in /home/travis/build/icyphy/ptII/ptolemy/domains/continuous/test
No auto/linux-amd64/*.xml tests in /home/travis/build/icyphy/ptII/ptolemy/domains/continuous/test
AutoTests.java: About to close Vertx.
AutoTests.java: Vertx closed.

===========================================================================================
----------------- testing Sat Jul 07 01:33:39 UTC 2018 /home/travis/build/icyphy/ptII/ptolemy/domains/continuous/test/auto/BouncingBall.xml
----------------- Instantiating /home/travis/build/icyphy/ptII/ptolemy/domains/continuous/test/auto/BouncingBall.xml
2304 ms. Memory: 331776K Free: 259371K (78%)
----------------- Invoking toplevel() on ptolemy.moml.MoMLSimpleApplication@6adf623d
----------------- Done invoking toplevel() on ptolemy.moml.MoMLSimpleApplication@6adf623d
reloadAllAccessors: .BouncingBall

===========================================================================================
----------------- testing Sat Jul 07 01:33:42 UTC 2018 /home/travis/build/icyphy/ptII/ptolemy/domains/continuous/test/auto/BouncingBallWithoutGR.xml
----------------- Instantiating /home/travis/build/icyphy/ptII/ptolemy/domains/continuous/test/auto/BouncingBallWithoutGR.xml
793 ms. Memory: 331776K Free: 315496K (95%)
----------------- Invoking toplevel() on ptolemy.moml.MoMLSimpleApplication@ebd92ad
----------------- Done invoking toplevel() on ptolemy.moml.MoMLSimpleApplication@ebd92ad
reloadAllAccessors: .BouncingBallWithoutGR

===========================================================================================
----------------- testing Sat Jul 07 01:33:43 UTC 2018 /home/travis/build/icyphy/ptII/ptolemy/domains/continuous/test/auto/Brownian.xml
----------------- Instantiating /home/travis/build/icyphy/ptII/ptolemy/domains/continuous/test/auto/Brownian.xml
35 ms. Memory: 331776K Free: 301591K (91%)
----------------- Invoking toplevel() on ptolemy.moml.MoMLSimpleApplication@1bf96c87
----------------- Done invoking toplevel() on ptolemy.moml.MoMLSimpleApplication@1bf96c87
reloadAllAccessors: .Brownian

===========================================================================================
----------------- testing Sat Jul 07 01:33:43 UTC 2018 /home/travis/build/icyphy/ptII/ptolemy/domains/continuous/test/auto/CarTracking.xml
----------------- Instantiating /home/travis/build/icyphy/ptII/ptolemy/domains/continuous/test/auto/CarTracking.xml
2943 ms. Memory: 578048K Free: 453836K (79%)
----------------- Invoking toplevel() on ptolemy.moml.MoMLSimpleApplication@4c2011e7
----------------- Done invoking toplevel() on ptolemy.moml.MoMLSimpleApplication@4c2011e7
reloadAllAccessors: .CarTracking

===========================================================================================
----------------- testing Sat Jul 07 01:33:46 UTC 2018 /home/travis/build/icyphy/ptII/ptolemy/domains/continuous/test/auto/CartPendulum.xml
----------------- Instantiating /home/travis/build/icyphy/ptII/ptolemy/domains/continuous/test/auto/CartPendulum.xml
389 ms. Memory: 578048K Free: 349134K (60%)
----------------- Invoking toplevel() on ptolemy.moml.MoMLSimpleApplication@35a7a7ce
----------------- Done invoking toplevel() on ptolemy.moml.MoMLSimpleApplication@35a7a7ce
reloadAllAccessors: .CartPendulum

===========================================================================================
----------------- testing Sat Jul 07 01:33:47 UTC 2018 /home/travis/build/icyphy/ptII/ptolemy/domains/continuous/test/auto/CausalityInterface10.xml
----------------- Instantiating /home/travis/build/icyphy/ptII/ptolemy/domains/continuous/test/auto/CausalityInterface10.xml
9 ms. Memory: 578048K Free: 336010K (58%)
----------------- Invoking toplevel() on ptolemy.moml.MoMLSimpleApplication@14188646
----------------- Done invoking toplevel() on ptolemy.moml.MoMLSimpleApplication@14188646
reloadAllAccessors: .CausalityInterface10

===========================================================================================
----------------- testing Sat Jul 07 01:33:47 UTC 2018 /home/travis/build/icyphy/ptII/ptolemy/domains/continuous/test/auto/CausalityInterface11.xml
----------------- Instantiating /home/travis/build/icyphy/ptII/ptolemy/domains/continuous/test/auto/CausalityInterface11.xml
8 ms. Memory: 578048K Free: 326164K (56%)
----------------- Invoking toplevel() on ptolemy.moml.MoMLSimpleApplication@12866c60
----------------- Done invoking toplevel() on ptolemy.moml.MoMLSimpleApplication@12866c60
reloadAllAccessors: .CausalityInterface11

===========================================================================================
----------------- testing Sat Jul 07 01:33:47 UTC 2018 /home/travis/build/icyphy/ptII/ptolemy/domains/continuous/test/auto/CausalityInterface12.xml
----------------- Instantiating /home/travis/build/icyphy/ptII/ptolemy/domains/continuous/test/auto/CausalityInterface12.xml
10 ms. Memory: 578048K Free: 316317K (55%)
----------------- Invoking toplevel() on ptolemy.moml.MoMLSimpleApplication@70d8f250
----------------- Done invoking toplevel() on ptolemy.moml.MoMLSimpleApplication@70d8f250
reloadAllAccessors: .CausalityInterface12

===========================================================================================
----------------- testing Sat Jul 07 01:33:47 UTC 2018 /home/travis/build/icyphy/ptII/ptolemy/domains/continuous/test/auto/CausalityInterface13.xml
----------------- Instantiating /home/travis/build/icyphy/ptII/ptolemy/domains/continuous/test/auto/CausalityInterface13.xml
7 ms. Memory: 578048K Free: 303324K (52%)
----------------- Invoking toplevel() on ptolemy.moml.MoMLSimpleApplication@13f6a35f
----------------- Done invoking toplevel() on ptolemy.moml.MoMLSimpleApplication@13f6a35f
reloadAllAccessors: .CausalityInterface13

===========================================================================================
----------------- testing Sat Jul 07 01:33:47 UTC 2018 /home/travis/build/icyphy/ptII/ptolemy/domains/continuous/test/auto/CausalityInterface14.xml
----------------- Instantiating /home/travis/build/icyphy/ptII/ptolemy/domains/continuous/test/auto/CausalityInterface14.xml
5 ms. Memory: 578048K Free: 293493K (51%)
----------------- Invoking toplevel() on ptolemy.moml.MoMLSimpleApplication@71449289
----------------- Done invoking toplevel() on ptolemy.moml.MoMLSimpleApplication@71449289
reloadAllAccessors: .CausalityInterface14

===========================================================================================
----------------- testing Sat Jul 07 01:33:47 UTC 2018 /home/travis/build/icyphy/ptII/ptolemy/domains/continuous/test/auto/CausalityInterface4.xml
----------------- Instantiating /home/travis/build/icyphy/ptII/ptolemy/domains/continuous/test/auto/CausalityInterface4.xml
4 ms. Memory: 578048K Free: 283646K (49%)
----------------- Invoking toplevel() on ptolemy.moml.MoMLSimpleApplication@34414923
----------------- Done invoking toplevel() on ptolemy.moml.MoMLSimpleApplication@34414923
reloadAllAccessors: .CausalityInterface4

===========================================================================================
----------------- testing Sat Jul 07 01:33:47 UTC 2018 /home/travis/build/icyphy/ptII/ptolemy/domains/continuous/test/auto/CausalityInterface5.xml
----------------- Instantiating /home/travis/build/icyphy/ptII/ptolemy/domains/continuous/test/auto/CausalityInterface5.xml
7 ms. Memory: 578048K Free: 270523K (47%)
----------------- Invoking toplevel() on ptolemy.moml.MoMLSimpleApplication@611b1f8b
----------------- Done invoking toplevel() on ptolemy.moml.MoMLSimpleApplication@611b1f8b
reloadAllAccessors: .CausalityInterface5

===========================================================================================
----------------- testing Sat Jul 07 01:33:47 UTC 2018 /home/travis/build/icyphy/ptII/ptolemy/domains/continuous/test/auto/CausalityInterface6.xml
----------------- Instantiating /home/travis/build/icyphy/ptII/ptolemy/domains/continuous/test/auto/CausalityInterface6.xml
4 ms. Memory: 578048K Free: 257521K (45%)
----------------- Invoking toplevel() on ptolemy.moml.MoMLSimpleApplication@287d1d21
----------------- Done invoking toplevel() on ptolemy.moml.MoMLSimpleApplication@287d1d21
reloadAllAccessors: .CausalityInterface6

===========================================================================================
----------------- testing Sat Jul 07 01:33:47 UTC 2018 /home/travis/build/icyphy/ptII/ptolemy/domains/continuous/test/auto/CausalityInterface7.xml
----------------- Instantiating /home/travis/build/icyphy/ptII/ptolemy/domains/continuous/test/auto/CausalityInterface7.xml
12 ms. Memory: 578048K Free: 244398K (42%)
----------------- Invoking toplevel() on ptolemy.moml.MoMLSimpleApplication@74a1beb0
----------------- Done invoking toplevel() on ptolemy.moml.MoMLSimpleApplication@74a1beb0
reloadAllAccessors: .CausalityInterface7

===========================================================================================
----------------- testing Sat Jul 07 01:33:47 UTC 2018 /home/travis/build/icyphy/ptII/ptolemy/domains/continuous/test/auto/CausalityInterface8.xml
----------------- Instantiating /home/travis/build/icyphy/ptII/ptolemy/domains/continuous/test/auto/CausalityInterface8.xml
8 ms. Memory: 578048K Free: 231275K (40%)
----------------- Invoking toplevel() on ptolemy.moml.MoMLSimpleApplication@51857062
----------------- Done invoking toplevel() on ptolemy.moml.MoMLSimpleApplication@51857062
reloadAllAccessors: .CausalityInterface8

===========================================================================================
----------------- testing Sat Jul 07 01:33:47 UTC 2018 /home/travis/build/icyphy/ptII/ptolemy/domains/continuous/test/auto/CausalityInterface9.xml
----------------- Instantiating /home/travis/build/icyphy/ptII/ptolemy/domains/continuous/test/auto/CausalityInterface9.xml
8 ms. Memory: 578048K Free: 209943K (36%)
----------------- Invoking toplevel() on ptolemy.moml.MoMLSimpleApplication@4f8bfedb
----------------- Done invoking toplevel() on ptolemy.moml.MoMLSimpleApplication@4f8bfedb
reloadAllAccessors: .CausalityInterface9

===========================================================================================
----------------- testing Sat Jul 07 01:33:47 UTC 2018 /home/travis/build/icyphy/ptII/ptolemy/domains/continuous/test/auto/CausalityInterfaceFeedback1.xml
----------------- Instantiating /home/travis/build/icyphy/ptII/ptolemy/domains/continuous/test/auto/CausalityInterfaceFeedback1.xml
6 ms. Memory: 578048K Free: 196949K (34%)
----------------- Invoking toplevel() on ptolemy.moml.MoMLSimpleApplication@7d7e4d39
----------------- Done invoking toplevel() on ptolemy.moml.MoMLSimpleApplication@7d7e4d39
reloadAllAccessors: .CausalityInterfaceFeedback1

===========================================================================================
----------------- testing Sat Jul 07 01:33:47 UTC 2018 /home/travis/build/icyphy/ptII/ptolemy/domains/continuous/test/auto/CausalityInterfaceFeedback2.xml
----------------- Instantiating /home/travis/build/icyphy/ptII/ptolemy/domains/continuous/test/auto/CausalityInterfaceFeedback2.xml
5 ms. Memory: 578048K Free: 187103K (32%)
----------------- Invoking toplevel() on ptolemy.moml.MoMLSimpleApplication@6a44960f
----------------- Done invoking toplevel() on ptolemy.moml.MoMLSimpleApplication@6a44960f
reloadAllAccessors: .CausalityInterfaceFeedback2

===========================================================================================
----------------- testing Sat Jul 07 01:33:47 UTC 2018 /home/travis/build/icyphy/ptII/ptolemy/domains/continuous/test/auto/CompareWithCurrentTime.xml
----------------- Instantiating /home/travis/build/icyphy/ptII/ptolemy/domains/continuous/test/auto/CompareWithCurrentTime.xml
2 ms. Memory: 578048K Free: 180549K (31%)
----------------- Invoking toplevel() on ptolemy.moml.MoMLSimpleApplication@5ee7cffb
----------------- Done invoking toplevel() on ptolemy.moml.MoMLSimpleApplication@5ee7cffb
reloadAllAccessors: .CompareWithCurrentTime

===========================================================================================
----------------- testing Sat Jul 07 01:33:47 UTC 2018 /home/travis/build/icyphy/ptII/ptolemy/domains/continuous/test/auto/ComparedClocks.xml
----------------- Instantiating /home/travis/build/icyphy/ptII/ptolemy/domains/continuous/test/auto/ComparedClocks.xml
5 ms. Memory: 578048K Free: 160856K (28%)
----------------- Invoking toplevel() on ptolemy.moml.MoMLSimpleApplication@2e848f46
----------------- Done invoking toplevel() on ptolemy.moml.MoMLSimpleApplication@2e848f46
reloadAllAccessors: .ComparedClocks

===========================================================================================
----------------- testing Sat Jul 07 01:33:48 UTC 2018 /home/travis/build/icyphy/ptII/ptolemy/domains/continuous/test/auto/ContinuousAOCClone.xml
----------------- Instantiating /home/travis/build/icyphy/ptII/ptolemy/domains/continuous/test/auto/ContinuousAOCClone.xml
2422 ms. Memory: 872960K Free: 406336K (47%)
----------------- Invoking toplevel() on ptolemy.moml.MoMLSimpleApplication@1ce063e0
----------------- Done invoking toplevel() on ptolemy.moml.MoMLSimpleApplication@1ce063e0
reloadAllAccessors: .ContinuousAOCClone

===========================================================================================
----------------- testing Sat Jul 07 01:33:50 UTC 2018 /home/travis/build/icyphy/ptII/ptolemy/domains/continuous/test/auto/ContinuousClock.xml
----------------- Instantiating /home/travis/build/icyphy/ptII/ptolemy/domains/continuous/test/auto/ContinuousClock.xml
30 ms. Memory: 872960K Free: 371795K (43%)
----------------- Invoking toplevel() on ptolemy.moml.MoMLSimpleApplication@7239e9f4
----------------- Done invoking toplevel() on ptolemy.moml.MoMLSimpleApplication@7239e9f4
reloadAllAccessors: .ContinuousClock

===========================================================================================
----------------- testing Sat Jul 07 01:33:50 UTC 2018 /home/travis/build/icyphy/ptII/ptolemy/domains/continuous/test/auto/ContinuousInContinuous.xml
----------------- Instantiating /home/travis/build/icyphy/ptII/ptolemy/domains/continuous/test/auto/ContinuousInContinuous.xml
45 ms. Memory: 872960K Free: 344232K (39%)
----------------- Invoking toplevel() on ptolemy.moml.MoMLSimpleApplication@60f055fe
----------------- Done invoking toplevel() on ptolemy.moml.MoMLSimpleApplication@60f055fe
reloadAllAccessors: .ContinuousInContinuous

===========================================================================================
----------------- testing Sat Jul 07 01:33:50 UTC 2018 /home/travis/build/icyphy/ptII/ptolemy/domains/continuous/test/auto/ContinuousInContinuousInContinuous.xml
----------------- Instantiating /home/travis/build/icyphy/ptII/ptolemy/domains/continuous/test/auto/ContinuousInContinuousInContinuous.xml
7 ms. Memory: 872960K Free: 332427K (38%)
----------------- Invoking toplevel() on ptolemy.moml.MoMLSimpleApplication@3e690feb
----------------- Done invoking toplevel() on ptolemy.moml.MoMLSimpleApplication@3e690feb
reloadAllAccessors: .ContinuousInContinuousInContinuous

===========================================================================================
----------------- testing Sat Jul 07 01:33:50 UTC 2018 /home/travis/build/icyphy/ptII/ptolemy/domains/continuous/test/auto/ContinuousInDE.xml
----------------- Instantiating /home/travis/build/icyphy/ptII/ptolemy/domains/continuous/test/auto/ContinuousInDE.xml
95 ms. Memory: 872960K Free: 316693K (36%)
----------------- Invoking toplevel() on ptolemy.moml.MoMLSimpleApplication@461d4c8a
----------------- Done invoking toplevel() on ptolemy.moml.MoMLSimpleApplication@461d4c8a
reloadAllAccessors: .ContinuousInDE

===========================================================================================
----------------- testing Sat Jul 07 01:33:50 UTC 2018 /home/travis/build/icyphy/ptII/ptolemy/domains/continuous/test/auto/ContinuousInDE2.xml
----------------- Instantiating /home/travis/build/icyphy/ptII/ptolemy/domains/continuous/test/auto/ContinuousInDE2.xml
39 ms. Memory: 872960K Free: 297529K (34%)
----------------- Invoking toplevel() on ptolemy.moml.MoMLSimpleApplication@4b5c5049
----------------- Done invoking toplevel() on ptolemy.moml.MoMLSimpleApplication@4b5c5049
reloadAllAccessors: .ContinuousInDE2

===========================================================================================
----------------- testing Sat Jul 07 01:33:51 UTC 2018 /home/travis/build/icyphy/ptII/ptolemy/domains/continuous/test/auto/ContinuousInDE3.xml
----------------- Instantiating /home/travis/build/icyphy/ptII/ptolemy/domains/continuous/test/auto/ContinuousInDE3.xml
46 ms. Memory: 872960K Free: 281795K (32%)
----------------- Invoking toplevel() on ptolemy.moml.MoMLSimpleApplication@7c21ff05
----------------- Done invoking toplevel() on ptolemy.moml.MoMLSimpleApplication@7c21ff05
reloadAllAccessors: .ContinuousInDE3

===========================================================================================
----------------- testing Sat Jul 07 01:33:51 UTC 2018 /home/travis/build/icyphy/ptII/ptolemy/domains/continuous/test/auto/ContinuousInDE4.xml
----------------- Instantiating /home/travis/build/icyphy/ptII/ptolemy/domains/continuous/test/auto/ContinuousInDE4.xml
20 ms. Memory: 872960K Free: 270006K (31%)
----------------- Invoking toplevel() on ptolemy.moml.MoMLSimpleApplication@130abc87
----------------- Done invoking toplevel() on ptolemy.moml.MoMLSimpleApplication@130abc87
reloadAllAccessors: .ContinuousInDE4

===========================================================================================
----------------- testing Sat Jul 07 01:33:51 UTC 2018 /home/travis/build/icyphy/ptII/ptolemy/domains/continuous/test/auto/ContinuousInDEDifferentRefinements.xml
----------------- Instantiating /home/travis/build/icyphy/ptII/ptolemy/domains/continuous/test/auto/ContinuousInDEDifferentRefinements.xml
57 ms. Memory: 872960K Free: 234535K (27%)
----------------- Invoking toplevel() on ptolemy.moml.MoMLSimpleApplication@1bdb3166
----------------- Done invoking toplevel() on ptolemy.moml.MoMLSimpleApplication@1bdb3166
reloadAllAccessors: .ContinuousInDEDifferentRefinements

===========================================================================================
----------------- testing Sat Jul 07 01:33:51 UTC 2018 /home/travis/build/icyphy/ptII/ptolemy/domains/continuous/test/auto/ContinuousInDEDifferentRefinementsPreemptive.xml
----------------- Instantiating /home/travis/build/icyphy/ptII/ptolemy/domains/continuous/test/auto/ContinuousInDEDifferentRefinementsPreemptive.xml
44 ms. Memory: 872960K Free: 195683K (22%)
----------------- Invoking toplevel() on ptolemy.moml.MoMLSimpleApplication@6361f14c
----------------- Done invoking toplevel() on ptolemy.moml.MoMLSimpleApplication@6361f14c
reloadAllAccessors: .ContinuousInDEDifferentRefinementsPreemptive

===========================================================================================
----------------- testing Sat Jul 07 01:33:51 UTC 2018 /home/travis/build/icyphy/ptII/ptolemy/domains/continuous/test/auto/ContinuousInDEInContinuous2.xml
----------------- Instantiating /home/travis/build/icyphy/ptII/ptolemy/domains/continuous/test/auto/ContinuousInDEInContinuous2.xml
39 ms. Memory: 872960K Free: 176002K (20%)
----------------- Invoking toplevel() on ptolemy.moml.MoMLSimpleApplication@7216eb3b
----------------- Done invoking toplevel() on ptolemy.moml.MoMLSimpleApplication@7216eb3b
reloadAllAccessors: .ContinuousInDEInContinuous2

===========================================================================================
----------------- testing Sat Jul 07 01:33:51 UTC 2018 /home/travis/build/icyphy/ptII/ptolemy/domains/continuous/test/auto/ContinuousInDEInContinuous3.xml
----------------- Instantiating /home/travis/build/icyphy/ptII/ptolemy/domains/continuous/test/auto/ContinuousInDEInContinuous3.xml
33 ms. Memory: 872960K Free: 156322K (18%)
----------------- Invoking toplevel() on ptolemy.moml.MoMLSimpleApplication@233d3461
----------------- Done invoking toplevel() on ptolemy.moml.MoMLSimpleApplication@233d3461
reloadAllAccessors: .ContinuousInDEInContinuous3

===========================================================================================
----------------- testing Sat Jul 07 01:33:51 UTC 2018 /home/travis/build/icyphy/ptII/ptolemy/domains/continuous/test/auto/ContinuousInDEInput.xml
----------------- Instantiating /home/travis/build/icyphy/ptII/ptolemy/domains/continuous/test/auto/ContinuousInDEInput.xml
15 ms. Memory: 872960K Free: 144533K (17%)
----------------- Invoking toplevel() on ptolemy.moml.MoMLSimpleApplication@251e4deb
----------------- Done invoking toplevel() on ptolemy.moml.MoMLSimpleApplication@251e4deb
reloadAllAccessors: .ContinuousInDEInput

===========================================================================================
----------------- testing Sat Jul 07 01:33:51 UTC 2018 /home/travis/build/icyphy/ptII/ptolemy/domains/continuous/test/auto/ContinuousInDEInput2.xml
----------------- Instantiating /home/travis/build/icyphy/ptII/ptolemy/domains/continuous/test/auto/ContinuousInDEInput2.xml
14 ms. Memory: 872960K Free: 129307K (15%)
----------------- Invoking toplevel() on ptolemy.moml.MoMLSimpleApplication@4e3c83d7
----------------- Done invoking toplevel() on ptolemy.moml.MoMLSimpleApplication@4e3c83d7
reloadAllAccessors: .ContinuousInDEInput2

===========================================================================================
----------------- testing Sat Jul 07 01:33:51 UTC 2018 /home/travis/build/icyphy/ptII/ptolemy/domains/continuous/test/auto/ContinuousInDEInput3.xml
----------------- Instantiating /home/travis/build/icyphy/ptII/ptolemy/domains/continuous/test/auto/ContinuousInDEInput3.xml
11 ms. Memory: 872960K Free: 117511K (13%)
----------------- Invoking toplevel() on ptolemy.moml.MoMLSimpleApplication@7238dd1c
----------------- Done invoking toplevel() on ptolemy.moml.MoMLSimpleApplication@7238dd1c
reloadAllAccessors: .ContinuousInDEInput3

===========================================================================================
----------------- testing Sat Jul 07 01:33:51 UTC 2018 /home/travis/build/icyphy/ptII/ptolemy/domains/continuous/test/auto/ContinuousInDESharingRefinement.xml
----------------- Instantiating /home/travis/build/icyphy/ptII/ptolemy/domains/continuous/test/auto/ContinuousInDESharingRefinement.xml
132 ms. Memory: 873472K Free: 804999K (92%)
----------------- Invoking toplevel() on ptolemy.moml.MoMLSimpleApplication@59b82d4a
----------------- Done invoking toplevel() on ptolemy.moml.MoMLSimpleApplication@59b82d4a
reloadAllAccessors: .ContinuousInDESharingRefinement

===========================================================================================
----------------- testing Sat Jul 07 01:33:51 UTC 2018 /home/travis/build/icyphy/ptII/ptolemy/domains/continuous/test/auto/ContinuousInDEwithNoPorts.xml
----------------- Instantiating /home/travis/build/icyphy/ptII/ptolemy/domains/continuous/test/auto/ContinuousInDEwithNoPorts.xml
3 ms. Memory: 873472K Free: 792792K (91%)
----------------- Invoking toplevel() on ptolemy.moml.MoMLSimpleApplication@58799664
----------------- Done invoking toplevel() on ptolemy.moml.MoMLSimpleApplication@58799664
reloadAllAccessors: .ContinuousInDEwithNoPorts

===========================================================================================
----------------- testing Sat Jul 07 01:33:51 UTC 2018 /home/travis/build/icyphy/ptII/ptolemy/domains/continuous/test/auto/ContinuousInsideDE.xml
----------------- Instantiating /home/travis/build/icyphy/ptII/ptolemy/domains/continuous/test/auto/ContinuousInsideDE.xml
30 ms. Memory: 873472K Free: 773128K (89%)
----------------- Invoking toplevel() on ptolemy.moml.MoMLSimpleApplication@52b44acf
----------------- Done invoking toplevel() on ptolemy.moml.MoMLSimpleApplication@52b44acf
reloadAllAccessors: .ContinuousInsideDE

===========================================================================================
----------------- testing Sat Jul 07 01:33:51 UTC 2018 /home/travis/build/icyphy/ptII/ptolemy/domains/continuous/test/auto/ContinuousMerge1.xml
----------------- Instantiating /home/travis/build/icyphy/ptII/ptolemy/domains/continuous/test/auto/ContinuousMerge1.xml
2 ms. Memory: 873472K Free: 762964K (87%)
----------------- Invoking toplevel() on ptolemy.moml.MoMLSimpleApplication@4d1e020f
----------------- Done invoking toplevel() on ptolemy.moml.MoMLSimpleApplication@4d1e020f
reloadAllAccessors: .ContinuousMerge1

===========================================================================================
----------------- testing Sat Jul 07 01:33:51 UTC 2018 /home/travis/build/icyphy/ptII/ptolemy/domains/continuous/test/auto/ContinuousMerge2.xml
----------------- Instantiating /home/travis/build/icyphy/ptII/ptolemy/domains/continuous/test/auto/ContinuousMerge2.xml
9 ms. Memory: 873472K Free: 747066K (86%)
----------------- Invoking toplevel() on ptolemy.moml.MoMLSimpleApplication@bf52c3e
----------------- Done invoking toplevel() on ptolemy.moml.MoMLSimpleApplication@bf52c3e
reloadAllAccessors: .ContinuousMerge2

===========================================================================================
----------------- testing Sat Jul 07 01:33:51 UTC 2018 /home/travis/build/icyphy/ptII/ptolemy/domains/continuous/test/auto/ContinuousMerge3.xml
----------------- Instantiating /home/travis/build/icyphy/ptII/ptolemy/domains/continuous/test/auto/ContinuousMerge3.xml
41 ms. Memory: 873472K Free: 731340K (84%)
----------------- Invoking toplevel() on ptolemy.moml.MoMLSimpleApplication@51b95b17
----------------- Done invoking toplevel() on ptolemy.moml.MoMLSimpleApplication@51b95b17
reloadAllAccessors: .ContinuousMerge3

===========================================================================================
----------------- testing Sat Jul 07 01:33:52 UTC 2018 /home/travis/build/icyphy/ptII/ptolemy/domains/continuous/test/auto/ContinuousWithinContinuous.xml
----------------- Instantiating /home/travis/build/icyphy/ptII/ptolemy/domains/continuous/test/auto/ContinuousWithinContinuous.xml
41 ms. Memory: 873472K Free: 713301K (82%)
----------------- Invoking toplevel() on ptolemy.moml.MoMLSimpleApplication@1176bf61
----------------- Done invoking toplevel() on ptolemy.moml.MoMLSimpleApplication@1176bf61
reloadAllAccessors: .ContinuousWithinContinuous

===========================================================================================
----------------- testing Sat Jul 07 01:33:52 UTC 2018 /home/travis/build/icyphy/ptII/ptolemy/domains/continuous/test/auto/ContinuousWithinContinuous2.xml
----------------- Instantiating /home/travis/build/icyphy/ptII/ptolemy/domains/continuous/test/auto/ContinuousWithinContinuous2.xml
65 ms. Memory: 873472K Free: 701512K (80%)
----------------- Invoking toplevel() on ptolemy.moml.MoMLSimpleApplication@4698a8c6
----------------- Done invoking toplevel() on ptolemy.moml.MoMLSimpleApplication@4698a8c6
reloadAllAccessors: .ContinuousWithinContinuous2

===========================================================================================
----------------- testing Sat Jul 07 01:33:52 UTC 2018 /home/travis/build/icyphy/ptII/ptolemy/domains/continuous/test/auto/ContinuousWithinContinuous3.xml
----------------- Instantiating /home/travis/build/icyphy/ptII/ptolemy/domains/continuous/test/auto/ContinuousWithinContinuous3.xml
10 ms. Memory: 873472K Free: 689715K (79%)
----------------- Invoking toplevel() on ptolemy.moml.MoMLSimpleApplication@282cb705
----------------- Done invoking toplevel() on ptolemy.moml.MoMLSimpleApplication@282cb705
reloadAllAccessors: .ContinuousWithinContinuous3

===========================================================================================
----------------- testing Sat Jul 07 01:33:52 UTC 2018 /home/travis/build/icyphy/ptII/ptolemy/domains/continuous/test/auto/ContinuousWithinContinuous4.xml
----------------- Instantiating /home/travis/build/icyphy/ptII/ptolemy/domains/continuous/test/auto/ContinuousWithinContinuous4.xml
64 ms. Memory: 873472K Free: 667747K (76%)
----------------- Invoking toplevel() on ptolemy.moml.MoMLSimpleApplication@6fb973ca
----------------- Done invoking toplevel() on ptolemy.moml.MoMLSimpleApplication@6fb973ca
reloadAllAccessors: .ContinuousWithinContinuous4

===========================================================================================
----------------- testing Sat Jul 07 01:33:52 UTC 2018 /home/travis/build/icyphy/ptII/ptolemy/domains/continuous/test/auto/ContinuousWithinContinuous5.xml
----------------- Instantiating /home/travis/build/icyphy/ptII/ptolemy/domains/continuous/test/auto/ContinuousWithinContinuous5.xml
11 ms. Memory: 873472K Free: 655942K (75%)
----------------- Invoking toplevel() on ptolemy.moml.MoMLSimpleApplication@3895867
----------------- Done invoking toplevel() on ptolemy.moml.MoMLSimpleApplication@3895867
reloadAllAccessors: .ContinuousWithinContinuous5

===========================================================================================
----------------- testing Sat Jul 07 01:33:52 UTC 2018 /home/travis/build/icyphy/ptII/ptolemy/domains/continuous/test/auto/ContinuousWithinContinuous6.xml
----------------- Instantiating /home/travis/build/icyphy/ptII/ptolemy/domains/continuous/test/auto/ContinuousWithinContinuous6.xml
10 ms. Memory: 873472K Free: 644137K (74%)
----------------- Invoking toplevel() on ptolemy.moml.MoMLSimpleApplication@786c7e4d
----------------- Done invoking toplevel() on ptolemy.moml.MoMLSimpleApplication@786c7e4d
reloadAllAccessors: .ContinuousWithinContinuous6

===========================================================================================
----------------- testing Sat Jul 07 01:33:52 UTC 2018 /home/travis/build/icyphy/ptII/ptolemy/domains/continuous/test/auto/ContinuousWithinContinuous7.xml
----------------- Instantiating /home/travis/build/icyphy/ptII/ptolemy/domains/continuous/test/auto/ContinuousWithinContinuous7.xml
54 ms. Memory: 873472K Free: 630044K (72%)
----------------- Invoking toplevel() on ptolemy.moml.MoMLSimpleApplication@410d7781
----------------- Done invoking toplevel() on ptolemy.moml.MoMLSimpleApplication@410d7781
reloadAllAccessors: .ContinuousWithinContinuous7

===========================================================================================
----------------- testing Sat Jul 07 01:33:52 UTC 2018 /home/travis/build/icyphy/ptII/ptolemy/domains/continuous/test/auto/DCMotor.xml
----------------- Instantiating /home/travis/build/icyphy/ptII/ptolemy/domains/continuous/test/auto/DCMotor.xml
13914 ms. Memory: 734720K Free: 74701K (10%)
----------------- Invoking toplevel() on ptolemy.moml.MoMLSimpleApplication@4ba37157
----------------- Done invoking toplevel() on ptolemy.moml.MoMLSimpleApplication@4ba37157
reloadAllAccessors: .DCMotor

===========================================================================================
----------------- testing Sat Jul 07 01:34:06 UTC 2018 /home/travis/build/icyphy/ptII/ptolemy/domains/continuous/test/auto/DEInContinuous.xml
----------------- Instantiating /home/travis/build/icyphy/ptII/ptolemy/domains/continuous/test/auto/DEInContinuous.xml
11 ms. Memory: 697344K Free: 669260K (96%)
----------------- Invoking toplevel() on ptolemy.moml.MoMLSimpleApplication@661d5a7f
----------------- Done invoking toplevel() on ptolemy.moml.MoMLSimpleApplication@661d5a7f
reloadAllAccessors: .DEInContinuous

===========================================================================================
----------------- testing Sat Jul 07 01:34:06 UTC 2018 /home/travis/build/icyphy/ptII/ptolemy/domains/continuous/test/auto/DEinContinuous2.xml
----------------- Instantiating /home/travis/build/icyphy/ptII/ptolemy/domains/continuous/test/auto/DEinContinuous2.xml
6 ms. Memory: 697344K Free: 649533K (93%)
----------------- Invoking toplevel() on ptolemy.moml.MoMLSimpleApplication@13015a2b
----------------- Done invoking toplevel() on ptolemy.moml.MoMLSimpleApplication@13015a2b
reloadAllAccessors: .DEinContinuous2

===========================================================================================
----------------- testing Sat Jul 07 01:34:06 UTC 2018 /home/travis/build/icyphy/ptII/ptolemy/domains/continuous/test/auto/Derivative.xml
----------------- Instantiating /home/travis/build/icyphy/ptII/ptolemy/domains/continuous/test/auto/Derivative.xml
133 ms. Memory: 697344K Free: 611273K (88%)
----------------- Invoking toplevel() on ptolemy.moml.MoMLSimpleApplication@1c9a1db0
----------------- Done invoking toplevel() on ptolemy.moml.MoMLSimpleApplication@1c9a1db0
reloadAllAccessors: .Derivative2

===========================================================================================
----------------- testing Sat Jul 07 01:34:06 UTC 2018 /home/travis/build/icyphy/ptII/ptolemy/domains/continuous/test/auto/Derivative1.xml
----------------- Instantiating /home/travis/build/icyphy/ptII/ptolemy/domains/continuous/test/auto/Derivative1.xml
13 ms. Memory: 697344K Free: 592787K (85%)
----------------- Invoking toplevel() on ptolemy.moml.MoMLSimpleApplication@74f1f8f1
----------------- Done invoking toplevel() on ptolemy.moml.MoMLSimpleApplication@74f1f8f1
reloadAllAccessors: .Derivative1

===========================================================================================
----------------- testing Sat Jul 07 01:34:06 UTC 2018 /home/travis/build/icyphy/ptII/ptolemy/domains/continuous/test/auto/DiscreteClock.xml
----------------- Instantiating /home/travis/build/icyphy/ptII/ptolemy/domains/continuous/test/auto/DiscreteClock.xml
3 ms. Memory: 697344K Free: 579235K (83%)
----------------- Invoking toplevel() on ptolemy.moml.MoMLSimpleApplication@4e69dbd4
----------------- Done invoking toplevel() on ptolemy.moml.MoMLSimpleApplication@4e69dbd4
reloadAllAccessors: .DiscreteClock

===========================================================================================
----------------- testing Sat Jul 07 01:34:06 UTC 2018 /home/travis/build/icyphy/ptII/ptolemy/domains/continuous/test/auto/EfficiencyCurve.xml
----------------- Instantiating /home/travis/build/icyphy/ptII/ptolemy/domains/continuous/test/auto/EfficiencyCurve.xml
48 ms. Memory: 697344K Free: 565683K (81%)
----------------- Invoking toplevel() on ptolemy.moml.MoMLSimpleApplication@29276371
----------------- Done invoking toplevel() on ptolemy.moml.MoMLSimpleApplication@29276371
reloadAllAccessors: .EfficiencyCurve

===========================================================================================
----------------- testing Sat Jul 07 01:34:06 UTC 2018 /home/travis/build/icyphy/ptII/ptolemy/domains/continuous/test/auto/ExponentialResponse.xml
----------------- Instantiating /home/travis/build/icyphy/ptII/ptolemy/domains/continuous/test/auto/ExponentialResponse.xml
107 ms. Memory: 697344K Free: 541045K (78%)
----------------- Invoking toplevel() on ptolemy.moml.MoMLSimpleApplication@101de3e2
----------------- Done invoking toplevel() on ptolemy.moml.MoMLSimpleApplication@101de3e2
reloadAllAccessors: .ExponentialResponse

===========================================================================================
----------------- testing Sat Jul 07 01:34:06 UTC 2018 /home/travis/build/icyphy/ptII/ptolemy/domains/continuous/test/auto/ExponentialResponseRK45.xml
----------------- Instantiating /home/travis/build/icyphy/ptII/ptolemy/domains/continuous/test/auto/ExponentialResponseRK45.xml
25 ms. Memory: 697344K Free: 527493K (76%)
----------------- Invoking toplevel() on ptolemy.moml.MoMLSimpleApplication@2ec875cc
----------------- Done invoking toplevel() on ptolemy.moml.MoMLSimpleApplication@2ec875cc
reloadAllAccessors: .ExponentialResponseRK45

===========================================================================================
----------------- testing Sat Jul 07 01:34:06 UTC 2018 /home/travis/build/icyphy/ptII/ptolemy/domains/continuous/test/auto/Friction.xml
----------------- Instantiating /home/travis/build/icyphy/ptII/ptolemy/domains/continuous/test/auto/Friction.xml
1200 ms. Memory: 697344K Free: 88229K (13%)
----------------- Invoking toplevel() on ptolemy.moml.MoMLSimpleApplication@1be0ae88
----------------- Done invoking toplevel() on ptolemy.moml.MoMLSimpleApplication@1be0ae88
reloadAllAccessors: .Friction

===========================================================================================
----------------- testing Sat Jul 07 01:34:08 UTC 2018 /home/travis/build/icyphy/ptII/ptolemy/domains/continuous/test/auto/FurutaPendulum.xml
----------------- Instantiating /home/travis/build/icyphy/ptII/ptolemy/domains/continuous/test/auto/FurutaPendulum.xml
3283 ms. Memory: 674816K Free: 175723K (26%)
----------------- Invoking toplevel() on ptolemy.moml.MoMLSimpleApplication@67130911
----------------- Done invoking toplevel() on ptolemy.moml.MoMLSimpleApplication@67130911
reloadAllAccessors: .FurutaPendulum

===========================================================================================
----------------- testing Sat Jul 07 01:34:11 UTC 2018 /home/travis/build/icyphy/ptII/ptolemy/domains/continuous/test/auto/HierarchicalExecution.xml
----------------- Instantiating /home/travis/build/icyphy/ptII/ptolemy/domains/continuous/test/auto/HierarchicalExecution.xml
1797 ms. Memory: 646656K Free: 412441K (64%)
----------------- Invoking toplevel() on ptolemy.moml.MoMLSimpleApplication@12386ded
----------------- Done invoking toplevel() on ptolemy.moml.MoMLSimpleApplication@12386ded
reloadAllAccessors: .HierarchicalExecution

===========================================================================================
----------------- testing Sat Jul 07 01:34:13 UTC 2018 /home/travis/build/icyphy/ptII/ptolemy/domains/continuous/test/auto/HybridPlant.xml
----------------- Instantiating /home/travis/build/icyphy/ptII/ptolemy/domains/continuous/test/auto/HybridPlant.xml
467 ms. Memory: 646656K Free: 131269K (20%)
----------------- Invoking toplevel() on ptolemy.moml.MoMLSimpleApplication@1c9c6306
----------------- Done invoking toplevel() on ptolemy.moml.MoMLSimpleApplication@1c9c6306
reloadAllAccessors: .HybridPlant

===========================================================================================
----------------- testing Sat Jul 07 01:34:14 UTC 2018 /home/travis/build/icyphy/ptII/ptolemy/domains/continuous/test/auto/Hysteresis.xml
----------------- Instantiating /home/travis/build/icyphy/ptII/ptolemy/domains/continuous/test/auto/Hysteresis.xml
125 ms. Memory: 646656K Free: 63451K (10%)
----------------- Invoking toplevel() on ptolemy.moml.MoMLSimpleApplication@7bc60aa
----------------- Done invoking toplevel() on ptolemy.moml.MoMLSimpleApplication@7bc60aa
reloadAllAccessors: .Hysteresis

===========================================================================================
----------------- testing Sat Jul 07 01:34:14 UTC 2018 /home/travis/build/icyphy/ptII/ptolemy/domains/continuous/test/auto/HysteresisWithRandomDelay.xml
----------------- Instantiating /home/travis/build/icyphy/ptII/ptolemy/domains/continuous/test/auto/HysteresisWithRandomDelay.xml
147 ms. Memory: 614400K Free: 504038K (82%)
----------------- Invoking toplevel() on ptolemy.moml.MoMLSimpleApplication@15bc69cb
----------------- Done invoking toplevel() on ptolemy.moml.MoMLSimpleApplication@15bc69cb
reloadAllAccessors: .HysteresisWithRandomDelay

===========================================================================================
----------------- testing Sat Jul 07 01:34:14 UTC 2018 /home/travis/build/icyphy/ptII/ptolemy/domains/continuous/test/auto/HysteresisWithRandomLosses.xml
----------------- Instantiating /home/travis/build/icyphy/ptII/ptolemy/domains/continuous/test/auto/HysteresisWithRandomLosses.xml
2132 ms. Memory: 592384K Free: 230080K (39%)
----------------- Invoking toplevel() on ptolemy.moml.MoMLSimpleApplication@44328f05
----------------- Done invoking toplevel() on ptolemy.moml.MoMLSimpleApplication@44328f05
reloadAllAccessors: .HysteresisWithRandomLosses

===========================================================================================
----------------- testing Sat Jul 07 01:34:16 UTC 2018 /home/travis/build/icyphy/ptII/ptolemy/domains/continuous/test/auto/ImmediateTransitions.xml
----------------- Instantiating /home/travis/build/icyphy/ptII/ptolemy/domains/continuous/test/auto/ImmediateTransitions.xml
9 ms. Memory: 592384K Free: 213730K (36%)
----------------- Invoking toplevel() on ptolemy.moml.MoMLSimpleApplication@28e483e7
----------------- Done invoking toplevel() on ptolemy.moml.MoMLSimpleApplication@28e483e7
reloadAllAccessors: .ImmediateTransitions

===========================================================================================
----------------- testing Sat Jul 07 01:34:17 UTC 2018 /home/travis/build/icyphy/ptII/ptolemy/domains/continuous/test/auto/ImpulseFeedback.xml
----------------- Instantiating /home/travis/build/icyphy/ptII/ptolemy/domains/continuous/test/auto/ImpulseFeedback.xml
11 ms. Memory: 592384K Free: 202696K (34%)
----------------- Invoking toplevel() on ptolemy.moml.MoMLSimpleApplication@6e36a7cb
----------------- Done invoking toplevel() on ptolemy.moml.MoMLSimpleApplication@6e36a7cb
reloadAllAccessors: .ImpulseFeedback

===========================================================================================
----------------- testing Sat Jul 07 01:34:17 UTC 2018 /home/travis/build/icyphy/ptII/ptolemy/domains/continuous/test/auto/ImpulseFeedback2.xml
----------------- Instantiating /home/travis/build/icyphy/ptII/ptolemy/domains/continuous/test/auto/ImpulseFeedback2.xml
7 ms. Memory: 592384K Free: 191669K (32%)
----------------- Invoking toplevel() on ptolemy.moml.MoMLSimpleApplication@2d2d0976
----------------- Done invoking toplevel() on ptolemy.moml.MoMLSimpleApplication@2d2d0976
reloadAllAccessors: .ImpulseFeedback2

===========================================================================================
----------------- testing Sat Jul 07 01:34:17 UTC 2018 /home/travis/build/icyphy/ptII/ptolemy/domains/continuous/test/auto/IncreasingRatePoisson.xml
----------------- Instantiating /home/travis/build/icyphy/ptII/ptolemy/domains/continuous/test/auto/IncreasingRatePoisson.xml
635 ms. Memory: 565760K Free: 336346K (59%)
----------------- Invoking toplevel() on ptolemy.moml.MoMLSimpleApplication@2c1a7643
----------------- Done invoking toplevel() on ptolemy.moml.MoMLSimpleApplication@2c1a7643
reloadAllAccessors: .IncreasingRatePoisson

===========================================================================================
----------------- testing Sat Jul 07 01:34:17 UTC 2018 /home/travis/build/icyphy/ptII/ptolemy/domains/continuous/test/auto/InitialStateFeedback.xml
----------------- Instantiating /home/travis/build/icyphy/ptII/ptolemy/domains/continuous/test/auto/InitialStateFeedback.xml
3 ms. Memory: 565760K Free: 327276K (58%)
----------------- Invoking toplevel() on ptolemy.moml.MoMLSimpleApplication@69a1983f
----------------- Done invoking toplevel() on ptolemy.moml.MoMLSimpleApplication@69a1983f
reloadAllAccessors: .InitialStateFeedback

===========================================================================================
----------------- testing Sat Jul 07 01:34:17 UTC 2018 /home/travis/build/icyphy/ptII/ptolemy/domains/continuous/test/auto/Integration.xml
----------------- Instantiating /home/travis/build/icyphy/ptII/ptolemy/domains/continuous/test/auto/Integration.xml
6 ms. Memory: 565760K Free: 320041K (57%)
----------------- Invoking toplevel() on ptolemy.moml.MoMLSimpleApplication@2f0d31c9
----------------- Done invoking toplevel() on ptolemy.moml.MoMLSimpleApplication@2f0d31c9
reloadAllAccessors: .Integration

===========================================================================================
----------------- testing Sat Jul 07 01:34:17 UTC 2018 /home/travis/build/icyphy/ptII/ptolemy/domains/continuous/test/auto/Integration2.xml
----------------- Instantiating /home/travis/build/icyphy/ptII/ptolemy/domains/continuous/test/auto/Integration2.xml
81 ms. Memory: 565760K Free: 299734K (53%)
----------------- Invoking toplevel() on ptolemy.moml.MoMLSimpleApplication@fbab1d7
----------------- Done invoking toplevel() on ptolemy.moml.MoMLSimpleApplication@fbab1d7
reloadAllAccessors: .Integration2

===========================================================================================
----------------- testing Sat Jul 07 01:34:17 UTC 2018 /home/travis/build/icyphy/ptII/ptolemy/domains/continuous/test/auto/Integration3.xml
----------------- Instantiating /home/travis/build/icyphy/ptII/ptolemy/domains/continuous/test/auto/Integration3.xml
2 ms. Memory: 565760K Free: 292498K (52%)
----------------- Invoking toplevel() on ptolemy.moml.MoMLSimpleApplication@5e8f4334
----------------- Done invoking toplevel() on ptolemy.moml.MoMLSimpleApplication@5e8f4334
reloadAllAccessors: .Integration3

===========================================================================================
----------------- testing Sat Jul 07 01:34:17 UTC 2018 /home/travis/build/icyphy/ptII/ptolemy/domains/continuous/test/auto/Integration5.xml
----------------- Instantiating /home/travis/build/icyphy/ptII/ptolemy/domains/continuous/test/auto/Integration5.xml
2 ms. Memory: 565760K Free: 285108K (50%)
----------------- Invoking toplevel() on ptolemy.moml.MoMLSimpleApplication@72ba300f
----------------- Done invoking toplevel() on ptolemy.moml.MoMLSimpleApplication@72ba300f
reloadAllAccessors: .Integration5

===========================================================================================
----------------- testing Sat Jul 07 01:34:17 UTC 2018 /home/travis/build/icyphy/ptII/ptolemy/domains/continuous/test/auto/IntegratorImpulse.xml
----------------- Instantiating /home/travis/build/icyphy/ptII/ptolemy/domains/continuous/test/auto/IntegratorImpulse.xml
2 ms. Memory: 565760K Free: 277872K (49%)
----------------- Invoking toplevel() on ptolemy.moml.MoMLSimpleApplication@27ae0345
----------------- Done invoking toplevel() on ptolemy.moml.MoMLSimpleApplication@27ae0345
reloadAllAccessors: .IntegratorImpulse

===========================================================================================
----------------- testing Sat Jul 07 01:34:17 UTC 2018 /home/travis/build/icyphy/ptII/ptolemy/domains/continuous/test/auto/IntegratorImpulse2.xml
----------------- Instantiating /home/travis/build/icyphy/ptII/ptolemy/domains/continuous/test/auto/IntegratorImpulse2.xml
3 ms. Memory: 565760K Free: 270482K (48%)
----------------- Invoking toplevel() on ptolemy.moml.MoMLSimpleApplication@6188b3e2
----------------- Done invoking toplevel() on ptolemy.moml.MoMLSimpleApplication@6188b3e2
reloadAllAccessors: .IntegratorImpulse2

===========================================================================================
----------------- testing Sat Jul 07 01:34:17 UTC 2018 /home/travis/build/icyphy/ptII/ptolemy/domains/continuous/test/auto/LevelCrossing1.xml
----------------- Instantiating /home/travis/build/icyphy/ptII/ptolemy/domains/continuous/test/auto/LevelCrossing1.xml
2 ms. Memory: 565760K Free: 260002K (46%)
----------------- Invoking toplevel() on ptolemy.moml.MoMLSimpleApplication@4b7eec8b
----------------- Done invoking toplevel() on ptolemy.moml.MoMLSimpleApplication@4b7eec8b
reloadAllAccessors: .LevelCrossing1

===========================================================================================
----------------- testing Sat Jul 07 01:34:17 UTC 2018 /home/travis/build/icyphy/ptII/ptolemy/domains/continuous/test/auto/LevelCrossing2.xml
----------------- Instantiating /home/travis/build/icyphy/ptII/ptolemy/domains/continuous/test/auto/LevelCrossing2.xml
3 ms. Memory: 565760K Free: 249366K (44%)
----------------- Invoking toplevel() on ptolemy.moml.MoMLSimpleApplication@741b36f7
----------------- Done invoking toplevel() on ptolemy.moml.MoMLSimpleApplication@741b36f7
reloadAllAccessors: .LevelCrossing2

===========================================================================================
----------------- testing Sat Jul 07 01:34:17 UTC 2018 /home/travis/build/icyphy/ptII/ptolemy/domains/continuous/test/auto/LevelCrossing3.xml
----------------- Instantiating /home/travis/build/icyphy/ptII/ptolemy/domains/continuous/test/auto/LevelCrossing3.xml
3 ms. Memory: 565760K Free: 238902K (42%)
----------------- Invoking toplevel() on ptolemy.moml.MoMLSimpleApplication@47d6f450
----------------- Done invoking toplevel() on ptolemy.moml.MoMLSimpleApplication@47d6f450
reloadAllAccessors: .LevelCrossing3

===========================================================================================
----------------- testing Sat Jul 07 01:34:17 UTC 2018 /home/travis/build/icyphy/ptII/ptolemy/domains/continuous/test/auto/LevelCrossing4.xml
----------------- Instantiating /home/travis/build/icyphy/ptII/ptolemy/domains/continuous/test/auto/LevelCrossing4.xml
2 ms. Memory: 565760K Free: 228267K (40%)
----------------- Invoking toplevel() on ptolemy.moml.MoMLSimpleApplication@672c4c63
----------------- Done invoking toplevel() on ptolemy.moml.MoMLSimpleApplication@672c4c63
reloadAllAccessors: .LevelCrossing4

===========================================================================================
----------------- testing Sat Jul 07 01:34:17 UTC 2018 /home/travis/build/icyphy/ptII/ptolemy/domains/continuous/test/auto/LevelCrossing5.xml
----------------- Instantiating /home/travis/build/icyphy/ptII/ptolemy/domains/continuous/test/auto/LevelCrossing5.xml
3 ms. Memory: 565760K Free: 217795K (38%)
----------------- Invoking toplevel() on ptolemy.moml.MoMLSimpleApplication@7ecc7b5e
----------------- Done invoking toplevel() on ptolemy.moml.MoMLSimpleApplication@7ecc7b5e
reloadAllAccessors: .LevelCrossing5

===========================================================================================
----------------- testing Sat Jul 07 01:34:18 UTC 2018 /home/travis/build/icyphy/ptII/ptolemy/domains/continuous/test/auto/LevelCrossing6.xml
----------------- Instantiating /home/travis/build/icyphy/ptII/ptolemy/domains/continuous/test/auto/LevelCrossing6.xml
[...]
reloadAllAccessors: .ResetTransitionWithStartTime5

===========================================================================================
----------------- testing Sat Jul 07 01:34:34 UTC 2018 /home/travis/build/icyphy/ptII/ptolemy/domains/continuous/test/auto/ResetTransitionWithStartTime6.xml
----------------- Instantiating /home/travis/build/icyphy/ptII/ptolemy/domains/continuous/test/auto/ResetTransitionWithStartTime6.xml
18 ms. Memory: 371712K Free: 138497K (37%)
----------------- Invoking toplevel() on ptolemy.moml.MoMLSimpleApplication@79a91271
----------------- Done invoking toplevel() on ptolemy.moml.MoMLSimpleApplication@79a91271
reloadAllAccessors: .ResetTransitionWithStartTime6

===========================================================================================
----------------- testing Sat Jul 07 01:34:34 UTC 2018 /home/travis/build/icyphy/ptII/ptolemy/domains/continuous/test/auto/SRinContinuous.xml
----------------- Instantiating /home/travis/build/icyphy/ptII/ptolemy/domains/continuous/test/auto/SRinContinuous.xml
9 ms. Memory: 371712K Free: 128842K (35%)
----------------- Invoking toplevel() on ptolemy.moml.MoMLSimpleApplication@3e630e77
----------------- Done invoking toplevel() on ptolemy.moml.MoMLSimpleApplication@3e630e77
reloadAllAccessors: .SRinContinuous

===========================================================================================
----------------- testing Sat Jul 07 01:34:34 UTC 2018 /home/travis/build/icyphy/ptII/ptolemy/domains/continuous/test/auto/SampledClocks.xml
----------------- Instantiating /home/travis/build/icyphy/ptII/ptolemy/domains/continuous/test/auto/SampledClocks.xml
4 ms. Memory: 371712K Free: 113400K (31%)
----------------- Invoking toplevel() on ptolemy.moml.MoMLSimpleApplication@28b56fb7
----------------- Done invoking toplevel() on ptolemy.moml.MoMLSimpleApplication@28b56fb7
reloadAllAccessors: .SampledClocks

===========================================================================================
----------------- testing Sat Jul 07 01:34:34 UTC 2018 /home/travis/build/icyphy/ptII/ptolemy/domains/continuous/test/auto/Satellite.xml
----------------- Instantiating /home/travis/build/icyphy/ptII/ptolemy/domains/continuous/test/auto/Satellite.xml
903 ms. Memory: 364032K Free: 213612K (59%)
----------------- Invoking toplevel() on ptolemy.moml.MoMLSimpleApplication@77d48084
----------------- Done invoking toplevel() on ptolemy.moml.MoMLSimpleApplication@77d48084
reloadAllAccessors: .Satellite

===========================================================================================
----------------- testing Sat Jul 07 01:34:35 UTC 2018 /home/travis/build/icyphy/ptII/ptolemy/domains/continuous/test/auto/SigmaDelta.xml
----------------- Instantiating /home/travis/build/icyphy/ptII/ptolemy/domains/continuous/test/auto/SigmaDelta.xml
2239 ms. Memory: 351232K Free: 93226K (27%)
----------------- Invoking toplevel() on ptolemy.moml.MoMLSimpleApplication@2f1bee49
----------------- Done invoking toplevel() on ptolemy.moml.MoMLSimpleApplication@2f1bee49
reloadAllAccessors: .SigmaDelta

===========================================================================================
----------------- testing Sat Jul 07 01:34:38 UTC 2018 /home/travis/build/icyphy/ptII/ptolemy/domains/continuous/test/auto/SinuBouncingBall.xml
----------------- Instantiating /home/travis/build/icyphy/ptII/ptolemy/domains/continuous/test/auto/SinuBouncingBall.xml
657 ms. Memory: 335872K Free: 117229K (35%)
----------------- Invoking toplevel() on ptolemy.moml.MoMLSimpleApplication@5c72e081
----------------- Done invoking toplevel() on ptolemy.moml.MoMLSimpleApplication@5c72e081
reloadAllAccessors: .SinuBouncingBall

===========================================================================================
----------------- testing Sat Jul 07 01:34:38 UTC 2018 /home/travis/build/icyphy/ptII/ptolemy/domains/continuous/test/auto/Sinusoid.xml
----------------- Instantiating /home/travis/build/icyphy/ptII/ptolemy/domains/continuous/test/auto/Sinusoid.xml
4 ms. Memory: 335872K Free: 111503K (33%)
----------------- Invoking toplevel() on ptolemy.moml.MoMLSimpleApplication@7dbf0388
----------------- Done invoking toplevel() on ptolemy.moml.MoMLSimpleApplication@7dbf0388
reloadAllAccessors: .Sinusoid

===========================================================================================
----------------- testing Sat Jul 07 01:34:38 UTC 2018 /home/travis/build/icyphy/ptII/ptolemy/domains/continuous/test/auto/SinusoidInNoise.xml
----------------- Instantiating /home/travis/build/icyphy/ptII/ptolemy/domains/continuous/test/auto/SinusoidInNoise.xml
972 ms. Memory: 324608K Free: 147231K (45%)
----------------- Invoking toplevel() on ptolemy.moml.MoMLSimpleApplication@45684732
----------------- Done invoking toplevel() on ptolemy.moml.MoMLSimpleApplication@45684732
reloadAllAccessors: .SinusoidInNoise

===========================================================================================
----------------- testing Sat Jul 07 01:34:39 UTC 2018 /home/travis/build/icyphy/ptII/ptolemy/domains/continuous/test/auto/SinusoidRK45.xml
----------------- Instantiating /home/travis/build/icyphy/ptII/ptolemy/domains/continuous/test/auto/SinusoidRK45.xml
2 ms. Memory: 324608K Free: 140724K (43%)
----------------- Invoking toplevel() on ptolemy.moml.MoMLSimpleApplication@15f68683
----------------- Done invoking toplevel() on ptolemy.moml.MoMLSimpleApplication@15f68683
reloadAllAccessors: .SinusoidRK45

===========================================================================================
----------------- testing Sat Jul 07 01:34:39 UTC 2018 /home/travis/build/icyphy/ptII/ptolemy/domains/continuous/test/auto/SinusoidWithMultipleImpulses.xml
----------------- Instantiating /home/travis/build/icyphy/ptII/ptolemy/domains/continuous/test/auto/SinusoidWithMultipleImpulses.xml
3 ms. Memory: 324608K Free: 134942K (42%)
----------------- Invoking toplevel() on ptolemy.moml.MoMLSimpleApplication@4fe02247
----------------- Done invoking toplevel() on ptolemy.moml.MoMLSimpleApplication@4fe02247
reloadAllAccessors: .SinusoidWithMultipleImpulses

===========================================================================================
----------------- testing Sat Jul 07 01:34:39 UTC 2018 /home/travis/build/icyphy/ptII/ptolemy/domains/continuous/test/auto/SquareWave.xml
----------------- Instantiating /home/travis/build/icyphy/ptII/ptolemy/domains/continuous/test/auto/SquareWave.xml
159 ms. Memory: 324608K Free: 101700K (31%)
----------------- Invoking toplevel() on ptolemy.moml.MoMLSimpleApplication@1bf1ab97
----------------- Done invoking toplevel() on ptolemy.moml.MoMLSimpleApplication@1bf1ab97
reloadAllAccessors: .SquareWave

===========================================================================================
----------------- testing Sat Jul 07 01:34:40 UTC 2018 /home/travis/build/icyphy/ptII/ptolemy/domains/continuous/test/auto/Starmac.xml
----------------- Instantiating /home/travis/build/icyphy/ptII/ptolemy/domains/continuous/test/auto/Starmac.xml
3067 ms. Memory: 305152K Free: 180353K (59%)
----------------- Invoking toplevel() on ptolemy.moml.MoMLSimpleApplication@4c9b10dd
----------------- Done invoking toplevel() on ptolemy.moml.MoMLSimpleApplication@4c9b10dd
reloadAllAccessors: .Starmac

===========================================================================================
----------------- testing Sat Jul 07 01:34:43 UTC 2018 /home/travis/build/icyphy/ptII/ptolemy/domains/continuous/test/auto/StaticUnits.xml
----------------- Instantiating /home/travis/build/icyphy/ptII/ptolemy/domains/continuous/test/auto/StaticUnits.xml
2004 ms. Memory: 284160K Free: 120988K (43%)
----------------- Invoking toplevel() on ptolemy.moml.MoMLSimpleApplication@5054091e
----------------- Done invoking toplevel() on ptolemy.moml.MoMLSimpleApplication@5054091e
reloadAllAccessors: .StaticUnits

===========================================================================================
----------------- testing Sat Jul 07 01:34:45 UTC 2018 /home/travis/build/icyphy/ptII/ptolemy/domains/continuous/test/auto/StickyMasses.xml
----------------- Instantiating /home/travis/build/icyphy/ptII/ptolemy/domains/continuous/test/auto/StickyMasses.xml
122 ms. Memory: 284160K Free: 64339K (23%)
----------------- Invoking toplevel() on ptolemy.moml.MoMLSimpleApplication@5eb4b452
----------------- Done invoking toplevel() on ptolemy.moml.MoMLSimpleApplication@5eb4b452
reloadAllAccessors: .StickyMasses

===========================================================================================
----------------- testing Sat Jul 07 01:34:46 UTC 2018 /home/travis/build/icyphy/ptII/ptolemy/domains/continuous/test/auto/StopTime.xml
----------------- Instantiating /home/travis/build/icyphy/ptII/ptolemy/domains/continuous/test/auto/StopTime.xml
36 ms. Memory: 284160K Free: 36207K (13%)
----------------- Invoking toplevel() on ptolemy.moml.MoMLSimpleApplication@37ab7069
----------------- Done invoking toplevel() on ptolemy.moml.MoMLSimpleApplication@37ab7069
reloadAllAccessors: .StopTime

===========================================================================================
----------------- testing Sat Jul 07 01:34:46 UTC 2018 /home/travis/build/icyphy/ptII/ptolemy/domains/continuous/test/auto/StopTime2.xml
----------------- Instantiating /home/travis/build/icyphy/ptII/ptolemy/domains/continuous/test/auto/StopTime2.xml
39 ms. Memory: 282112K Free: 211945K (75%)
----------------- Invoking toplevel() on ptolemy.moml.MoMLSimpleApplication@2aa27ef9
----------------- Done invoking toplevel() on ptolemy.moml.MoMLSimpleApplication@2aa27ef9
reloadAllAccessors: .StopTime2

===========================================================================================
----------------- testing Sat Jul 07 01:34:46 UTC 2018 /home/travis/build/icyphy/ptII/ptolemy/domains/continuous/test/auto/Switch.xml
----------------- Instantiating /home/travis/build/icyphy/ptII/ptolemy/domains/continuous/test/auto/Switch.xml
36 ms. Memory: 282112K Free: 182914K (65%)
----------------- Invoking toplevel() on ptolemy.moml.MoMLSimpleApplication@381c3efe
----------------- Done invoking toplevel() on ptolemy.moml.MoMLSimpleApplication@381c3efe
reloadAllAccessors: .Switch

===========================================================================================
----------------- testing Sat Jul 07 01:34:46 UTC 2018 /home/travis/build/icyphy/ptII/ptolemy/domains/continuous/test/auto/Thermostat.xml
----------------- Instantiating /home/travis/build/icyphy/ptII/ptolemy/domains/continuous/test/auto/Thermostat.xml
176 ms. Memory: 282112K Free: 106530K (38%)
----------------- Invoking toplevel() on ptolemy.moml.MoMLSimpleApplication@4a9f3457
----------------- Done invoking toplevel() on ptolemy.moml.MoMLSimpleApplication@4a9f3457
reloadAllAccessors: .Thermostat

===========================================================================================
----------------- testing Sat Jul 07 01:34:46 UTC 2018 /home/travis/build/icyphy/ptII/ptolemy/domains/continuous/test/auto/TimeDelay.xml
----------------- Instantiating /home/travis/build/icyphy/ptII/ptolemy/domains/continuous/test/auto/TimeDelay.xml
5 ms. Memory: 282112K Free: 100372K (36%)
----------------- Invoking toplevel() on ptolemy.moml.MoMLSimpleApplication@4636588c
----------------- Done invoking toplevel() on ptolemy.moml.MoMLSimpleApplication@4636588c
reloadAllAccessors: .TimeDelay

===========================================================================================
----------------- testing Sat Jul 07 01:34:46 UTC 2018 /home/travis/build/icyphy/ptII/ptolemy/domains/continuous/test/auto/TimeDelay2.xml
----------------- Instantiating /home/travis/build/icyphy/ptII/ptolemy/domains/continuous/test/auto/TimeDelay2.xml
7 ms. Memory: 282112K Free: 91661K (32%)
----------------- Invoking toplevel() on ptolemy.moml.MoMLSimpleApplication@3bd1480f
----------------- Done invoking toplevel() on ptolemy.moml.MoMLSimpleApplication@3bd1480f
reloadAllAccessors: .TimeDelay2

===========================================================================================
----------------- testing Sat Jul 07 01:34:46 UTC 2018 /home/travis/build/icyphy/ptII/ptolemy/domains/continuous/test/auto/TimeDelay3.xml
----------------- Instantiating /home/travis/build/icyphy/ptII/ptolemy/domains/continuous/test/auto/TimeDelay3.xml
7 ms. Memory: 282112K Free: 85526K (30%)
----------------- Invoking toplevel() on ptolemy.moml.MoMLSimpleApplication@42f52ba0
----------------- Done invoking toplevel() on ptolemy.moml.MoMLSimpleApplication@42f52ba0
reloadAllAccessors: .TimeDelay3

===========================================================================================
----------------- testing Sat Jul 07 01:34:46 UTC 2018 /home/travis/build/icyphy/ptII/ptolemy/domains/continuous/test/auto/TransferAbsentToInside.xml
----------------- Instantiating /home/travis/build/icyphy/ptII/ptolemy/domains/continuous/test/auto/TransferAbsentToInside.xml
51 ms. Memory: 282112K Free: 27342K (10%)
----------------- Invoking toplevel() on ptolemy.moml.MoMLSimpleApplication@1410859f
----------------- Done invoking toplevel() on ptolemy.moml.MoMLSimpleApplication@1410859f
reloadAllAccessors: .TransferAbsentToInside

===========================================================================================
----------------- testing Sat Jul 07 01:34:46 UTC 2018 /home/travis/build/icyphy/ptII/ptolemy/domains/continuous/test/auto/Transmission.xml
----------------- Instantiating /home/travis/build/icyphy/ptII/ptolemy/domains/continuous/test/auto/Transmission.xml
676 ms. Memory: 259584K Free: 141828K (55%)
----------------- Invoking toplevel() on ptolemy.moml.MoMLSimpleApplication@e671259
----------------- Done invoking toplevel() on ptolemy.moml.MoMLSimpleApplication@e671259
reloadAllAccessors: .Transmission

===========================================================================================
----------------- testing Sat Jul 07 01:34:47 UTC 2018 /home/travis/build/icyphy/ptII/ptolemy/domains/continuous/test/auto/TriggeredContinuousClock.xml
----------------- Instantiating /home/travis/build/icyphy/ptII/ptolemy/domains/continuous/test/auto/TriggeredContinuousClock.xml
38 ms. Memory: 259584K Free: 108149K (42%)
----------------- Invoking toplevel() on ptolemy.moml.MoMLSimpleApplication@720124f5
----------------- Done invoking toplevel() on ptolemy.moml.MoMLSimpleApplication@720124f5
reloadAllAccessors: .TriggeredContinuousClock

===========================================================================================
----------------- testing Sat Jul 07 01:34:47 UTC 2018 /home/travis/build/icyphy/ptII/ptolemy/domains/continuous/test/auto/TwoMachineInfiniteBusControl.xml
----------------- Instantiating /home/travis/build/icyphy/ptII/ptolemy/domains/continuous/test/auto/TwoMachineInfiniteBusControl.xml
2602 ms. Memory: 238592K Free: 39491K (17%)
----------------- Invoking toplevel() on ptolemy.moml.MoMLSimpleApplication@2967a076
----------------- Done invoking toplevel() on ptolemy.moml.MoMLSimpleApplication@2967a076
reloadAllAccessors: .TwoMachineInfiniteBusControl

===========================================================================================
----------------- testing Sat Jul 07 01:34:50 UTC 2018 /home/travis/build/icyphy/ptII/ptolemy/domains/continuous/test/auto/V2V.xml
----------------- Instantiating /home/travis/build/icyphy/ptII/ptolemy/domains/continuous/test/auto/V2V.xml
603 ms. Memory: 226304K Free: 137594K (61%)
----------------- Invoking toplevel() on ptolemy.moml.MoMLSimpleApplication@783824de
----------------- Done invoking toplevel() on ptolemy.moml.MoMLSimpleApplication@783824de
reloadAllAccessors: .V2V

===========================================================================================
----------------- testing Sat Jul 07 01:34:51 UTC 2018 /home/travis/build/icyphy/ptII/ptolemy/domains/continuous/test/auto/hierarchicalModalModel.xml
----------------- Instantiating /home/travis/build/icyphy/ptII/ptolemy/domains/continuous/test/auto/hierarchicalModalModel.xml
8 ms. Memory: 226304K Free: 119592K (53%)
----------------- Invoking toplevel() on ptolemy.moml.MoMLSimpleApplication@6ce0790c
----------------- Done invoking toplevel() on ptolemy.moml.MoMLSimpleApplication@6ce0790c
reloadAllAccessors: .hierarchicalModalModel

===========================================================================================
----------------- testing Sat Jul 07 01:34:51 UTC 2018 /home/travis/build/icyphy/ptII/ptolemy/domains/continuous/test/auto/hierarchicalModalModel1.xml
----------------- Instantiating /home/travis/build/icyphy/ptII/ptolemy/domains/continuous/test/auto/hierarchicalModalModel1.xml
8 ms. Memory: 226304K Free: 103065K (46%)
----------------- Invoking toplevel() on ptolemy.moml.MoMLSimpleApplication@a9d01be
----------------- Done invoking toplevel() on ptolemy.moml.MoMLSimpleApplication@a9d01be
reloadAllAccessors: .hierarchicalModalModel1

===========================================================================================
----------------- testing Sat Jul 07 01:34:51 UTC 2018 /home/travis/build/icyphy/ptII/ptolemy/domains/continuous/test/auto/hierarchicalModalModel2.xml
----------------- Instantiating /home/travis/build/icyphy/ptII/ptolemy/domains/continuous/test/auto/hierarchicalModalModel2.xml
5 ms. Memory: 226304K Free: 88448K (39%)
----------------- Invoking toplevel() on ptolemy.moml.MoMLSimpleApplication@5b18ba5c
----------------- Done invoking toplevel() on ptolemy.moml.MoMLSimpleApplication@5b18ba5c
reloadAllAccessors: .hierarchicalModalModel2

===========================================================================================
----------------- testing Sat Jul 07 01:34:51 UTC 2018 /home/travis/build/icyphy/ptII/ptolemy/domains/continuous/test/auto/hierarchicalModalModel3.xml
----------------- Instantiating /home/travis/build/icyphy/ptII/ptolemy/domains/continuous/test/auto/hierarchicalModalModel3.xml
5 ms. Memory: 226304K Free: 75837K (34%)
----------------- Invoking toplevel() on ptolemy.moml.MoMLSimpleApplication@247e3d4a
----------------- Done invoking toplevel() on ptolemy.moml.MoMLSimpleApplication@247e3d4a
reloadAllAccessors: .hierarchicalModalModel3

===========================================================================================
----------------- testing Sat Jul 07 01:34:51 UTC 2018 /home/travis/build/icyphy/ptII/ptolemy/domains/continuous/test/auto/hierarchicalModalModel4.xml
----------------- Instantiating /home/travis/build/icyphy/ptII/ptolemy/domains/continuous/test/auto/hierarchicalModalModel4.xml
5 ms. Memory: 226304K Free: 62252K (28%)
----------------- Invoking toplevel() on ptolemy.moml.MoMLSimpleApplication@5889b12
----------------- Done invoking toplevel() on ptolemy.moml.MoMLSimpleApplication@5889b12
reloadAllAccessors: .hierarchicalModalModel4

===========================================================================================
----------------- testing Sat Jul 07 01:34:51 UTC 2018 /home/travis/build/icyphy/ptII/ptolemy/domains/continuous/test/auto/junk.xml
----------------- Instantiating /home/travis/build/icyphy/ptII/ptolemy/domains/continuous/test/auto/junk.xml
131 ms. Memory: 226304K Free: 30389K (13%)
----------------- Invoking toplevel() on ptolemy.moml.MoMLSimpleApplication@d34a4c0
----------------- Done invoking toplevel() on ptolemy.moml.MoMLSimpleApplication@d34a4c0
reloadAllAccessors: .junk
AutoTests.java: About to close Vertx.
AutoTests.java: Vertx closed.
]]></system-out>
  <system-err><![CDATA[Warning: '.HysteresisWithRandomDelay.NonStrictTest3' The test produced only 28 tokens, yet the correctValues parameter was expecting 30 tokens.
Warning: '.Poisson.NonStrictTest' The test produced only 386 tokens, yet the correctValues parameter was expecting 430 tokens.
]]></system-err>
</testsuite>
