<?xml version="1.0" encoding="UTF-8" ?>
<testsuite errors="0" failures="0" hostname="travis-job-d9686c12-053a-4ff2-9b9b-2775e1412522" name="ptolemy.domains.modal.test.junit.JUnitTclTest" skipped="0" tests="148" time="9.834" timestamp="2019-01-14T03:20:25">
  <properties>
[...]
</properties>
  <testcase classname="ptolemy.util.test.junit.TclTests" name="[0] /home/travis/build/icyphy/ptII/ptolemy/domains/modal/test/SystemLevelType.tcl (RunTclFile)" time="1.944" />
  <testcase classname="ptolemy.util.test.junit.AutoKnownFailedTests" name="[0] /home/travis/build/icyphy/ptII/ptolemy/domains/modal/test/auto/knownFailedTests/CannotAnalysisWithPreemption.xml (RunModel)" time="0.17" />
  <testcase classname="ptolemy.util.test.junit.AutoNameArchTests" name="[0] ThereAreNoAutoArchTests (RunModel)" time="0.013" />
  <testcase classname="ptolemy.util.test.junit.AutoTests" name="[0] /home/travis/build/icyphy/ptII/ptolemy/domains/modal/test/auto/ABPTest.xml (RunModel)" time="0.649" />
  <testcase classname="ptolemy.util.test.junit.AutoTests" name="[1] /home/travis/build/icyphy/ptII/ptolemy/domains/modal/test/auto/ABROFlat.xml (RunModel)" time="0.076" />
  <testcase classname="ptolemy.util.test.junit.AutoTests" name="[2] /home/travis/build/icyphy/ptII/ptolemy/domains/modal/test/auto/ABROFlat2.xml (RunModel)" time="0.07" />
  <testcase classname="ptolemy.util.test.junit.AutoTests" name="[3] /home/travis/build/icyphy/ptII/ptolemy/domains/modal/test/auto/ABRO_present_hmm.xml (RunModel)" time="0.14" />
  <testcase classname="ptolemy.util.test.junit.AutoTests" name="[4] /home/travis/build/icyphy/ptII/ptolemy/domains/modal/test/auto/AMICoderExample.xml (RunModel)" time="0.052" />
  <testcase classname="ptolemy.util.test.junit.AutoTests" name="[5] /home/travis/build/icyphy/ptII/ptolemy/domains/modal/test/auto/AbsentToPresent.xml (RunModel)" time="0.025" />
  <testcase classname="ptolemy.util.test.junit.AutoTests" name="[6] /home/travis/build/icyphy/ptII/ptolemy/domains/modal/test/auto/Blending.xml (RunModel)" time="0.29" />
  <testcase classname="ptolemy.util.test.junit.AutoTests" name="[7] /home/travis/build/icyphy/ptII/ptolemy/domains/modal/test/auto/Broadcast.xml (RunModel)" time="0.044" />
  <testcase classname="ptolemy.util.test.junit.AutoTests" name="[8] /home/travis/build/icyphy/ptII/ptolemy/domains/modal/test/auto/BroadcastHierarchy.xml (RunModel)" time="0.089" />
  <testcase classname="ptolemy.util.test.junit.AutoTests" name="[9] /home/travis/build/icyphy/ptII/ptolemy/domains/modal/test/auto/BroadcastHierarchy2.xml (RunModel)" time="0.113" />
  <testcase classname="ptolemy.util.test.junit.AutoTests" name="[10] /home/travis/build/icyphy/ptII/ptolemy/domains/modal/test/auto/BroadcastHierarchy3.xml (RunModel)" time="0.104" />
  <testcase classname="ptolemy.util.test.junit.AutoTests" name="[11] /home/travis/build/icyphy/ptII/ptolemy/domains/modal/test/auto/BroadcastHierarchy4.xml (RunModel)" time="0.091" />
  <testcase classname="ptolemy.util.test.junit.AutoTests" name="[12] /home/travis/build/icyphy/ptII/ptolemy/domains/modal/test/auto/CannotAnalysisWithPreemption2.xml (RunModel)" time="0.037" />
  <testcase classname="ptolemy.util.test.junit.AutoTests" name="[13] /home/travis/build/icyphy/ptII/ptolemy/domains/modal/test/auto/CannotAnalysisWithPreemption3.xml (RunModel)" time="0.035" />
  <testcase classname="ptolemy.util.test.junit.AutoTests" name="[14] /home/travis/build/icyphy/ptII/ptolemy/domains/modal/test/auto/CannotProduce.xml (RunModel)" time="0.042" />
  <testcase classname="ptolemy.util.test.junit.AutoTests" name="[15] /home/travis/build/icyphy/ptII/ptolemy/domains/modal/test/auto/CannotProduceModal.xml (RunModel)" time="0.024" />
  <testcase classname="ptolemy.util.test.junit.AutoTests" name="[16] /home/travis/build/icyphy/ptII/ptolemy/domains/modal/test/auto/Case.xml (RunModel)" time="0.071" />
  <testcase classname="ptolemy.util.test.junit.AutoTests" name="[17] /home/travis/build/icyphy/ptII/ptolemy/domains/modal/test/auto/Case1.xml (RunModel)" time="0.021" />
  <testcase classname="ptolemy.util.test.junit.AutoTests" name="[18] /home/travis/build/icyphy/ptII/ptolemy/domains/modal/test/auto/Case2.xml (RunModel)" time="0.067" />
  <testcase classname="ptolemy.util.test.junit.AutoTests" name="[19] /home/travis/build/icyphy/ptII/ptolemy/domains/modal/test/auto/CausalityInterface1.xml (RunModel)" time="0.028" />
  <testcase classname="ptolemy.util.test.junit.AutoTests" name="[20] /home/travis/build/icyphy/ptII/ptolemy/domains/modal/test/auto/CausalityInterface10.xml (RunModel)" time="0.048" />
  <testcase classname="ptolemy.util.test.junit.AutoTests" name="[21] /home/travis/build/icyphy/ptII/ptolemy/domains/modal/test/auto/CausalityInterface11.xml (RunModel)" time="0.051" />
  <testcase classname="ptolemy.util.test.junit.AutoTests" name="[22] /home/travis/build/icyphy/ptII/ptolemy/domains/modal/test/auto/CausalityInterface12.xml (RunModel)" time="0.049" />
  <testcase classname="ptolemy.util.test.junit.AutoTests" name="[23] /home/travis/build/icyphy/ptII/ptolemy/domains/modal/test/auto/CausalityInterface13.xml (RunModel)" time="0.054" />
  <testcase classname="ptolemy.util.test.junit.AutoTests" name="[24] /home/travis/build/icyphy/ptII/ptolemy/domains/modal/test/auto/CausalityInterface14.xml (RunModel)" time="0.047" />
  <testcase classname="ptolemy.util.test.junit.AutoTests" name="[25] /home/travis/build/icyphy/ptII/ptolemy/domains/modal/test/auto/CausalityInterface2.xml (RunModel)" time="0.033" />
  <testcase classname="ptolemy.util.test.junit.AutoTests" name="[26] /home/travis/build/icyphy/ptII/ptolemy/domains/modal/test/auto/CausalityInterface3.xml (RunModel)" time="0.042" />
  <testcase classname="ptolemy.util.test.junit.AutoTests" name="[27] /home/travis/build/icyphy/ptII/ptolemy/domains/modal/test/auto/CausalityInterface4.xml (RunModel)" time="0.026" />
  <testcase classname="ptolemy.util.test.junit.AutoTests" name="[28] /home/travis/build/icyphy/ptII/ptolemy/domains/modal/test/auto/CausalityInterface5.xml (RunModel)" time="0.037" />
  <testcase classname="ptolemy.util.test.junit.AutoTests" name="[29] /home/travis/build/icyphy/ptII/ptolemy/domains/modal/test/auto/CausalityInterface6.xml (RunModel)" time="0.033" />
  <testcase classname="ptolemy.util.test.junit.AutoTests" name="[30] /home/travis/build/icyphy/ptII/ptolemy/domains/modal/test/auto/CausalityInterface7.xml (RunModel)" time="0.05" />
  <testcase classname="ptolemy.util.test.junit.AutoTests" name="[31] /home/travis/build/icyphy/ptII/ptolemy/domains/modal/test/auto/CausalityInterface8.xml (RunModel)" time="0.034" />
  <testcase classname="ptolemy.util.test.junit.AutoTests" name="[32] /home/travis/build/icyphy/ptII/ptolemy/domains/modal/test/auto/CausalityInterface9.xml (RunModel)" time="0.033" />
  <testcase classname="ptolemy.util.test.junit.AutoTests" name="[33] /home/travis/build/icyphy/ptII/ptolemy/domains/modal/test/auto/ChainedTransitions.xml (RunModel)" time="0.141" />
  <testcase classname="ptolemy.util.test.junit.AutoTests" name="[34] /home/travis/build/icyphy/ptII/ptolemy/domains/modal/test/auto/CycleOfImmediateTransitionsFSM.xml (RunModel)" time="0.023" />
  <testcase classname="ptolemy.util.test.junit.AutoTests" name="[35] /home/travis/build/icyphy/ptII/ptolemy/domains/modal/test/auto/CycleOfImmediateTransitionsModal.xml (RunModel)" time="0.024" />
  <testcase classname="ptolemy.util.test.junit.AutoTests" name="[36] /home/travis/build/icyphy/ptII/ptolemy/domains/modal/test/auto/CycleOfImmediateTransitionsModal2.xml (RunModel)" time="0.031" />
  <testcase classname="ptolemy.util.test.junit.AutoTests" name="[37] /home/travis/build/icyphy/ptII/ptolemy/domains/modal/test/auto/CycleOfImmediateTransitionsModal3.xml (RunModel)" time="0.073" />
  <testcase classname="ptolemy.util.test.junit.AutoTests" name="[38] /home/travis/build/icyphy/ptII/ptolemy/domains/modal/test/auto/DeepModal1.xml (RunModel)" time="0.076" />
  <testcase classname="ptolemy.util.test.junit.AutoTests" name="[39] /home/travis/build/icyphy/ptII/ptolemy/domains/modal/test/auto/DeepModal2.xml (RunModel)" time="0.072" />
  <testcase classname="ptolemy.util.test.junit.AutoTests" name="[40] /home/travis/build/icyphy/ptII/ptolemy/domains/modal/test/auto/DeepModal3.xml (RunModel)" time="0.056" />
  <testcase classname="ptolemy.util.test.junit.AutoTests" name="[41] /home/travis/build/icyphy/ptII/ptolemy/domains/modal/test/auto/DeepModal4.xml (RunModel)" time="0.079" />
  <testcase classname="ptolemy.util.test.junit.AutoTests" name="[42] /home/travis/build/icyphy/ptII/ptolemy/domains/modal/test/auto/Default1.xml (RunModel)" time="0.025" />
  <testcase classname="ptolemy.util.test.junit.AutoTests" name="[43] /home/travis/build/icyphy/ptII/ptolemy/domains/modal/test/auto/Default2.xml (RunModel)" time="0.019" />
  <testcase classname="ptolemy.util.test.junit.AutoTests" name="[44] /home/travis/build/icyphy/ptII/ptolemy/domains/modal/test/auto/Default3.xml (RunModel)" time="0.022" />
  <testcase classname="ptolemy.util.test.junit.AutoTests" name="[45] /home/travis/build/icyphy/ptII/ptolemy/domains/modal/test/auto/Default4.xml (RunModel)" time="0.02" />
  <testcase classname="ptolemy.util.test.junit.AutoTests" name="[46] /home/travis/build/icyphy/ptII/ptolemy/domains/modal/test/auto/Default5.xml (RunModel)" time="0.029" />
  <testcase classname="ptolemy.util.test.junit.AutoTests" name="[47] /home/travis/build/icyphy/ptII/ptolemy/domains/modal/test/auto/EmptyGuard.xml (RunModel)" time="0.027" />
  <testcase classname="ptolemy.util.test.junit.AutoTests" name="[48] /home/travis/build/icyphy/ptII/ptolemy/domains/modal/test/auto/ErrorTransition1.xml (RunModel)" time="0.03" />
  <testcase classname="ptolemy.util.test.junit.AutoTests" name="[49] /home/travis/build/icyphy/ptII/ptolemy/domains/modal/test/auto/ErrorTransition10.xml (RunModel)" time="0.036" />
  <testcase classname="ptolemy.util.test.junit.AutoTests" name="[50] /home/travis/build/icyphy/ptII/ptolemy/domains/modal/test/auto/ErrorTransition11.xml (RunModel)" time="0.031" />
  <testcase classname="ptolemy.util.test.junit.AutoTests" name="[51] /home/travis/build/icyphy/ptII/ptolemy/domains/modal/test/auto/ErrorTransition2.xml (RunModel)" time="0.023" />
  <testcase classname="ptolemy.util.test.junit.AutoTests" name="[52] /home/travis/build/icyphy/ptII/ptolemy/domains/modal/test/auto/ErrorTransition3.xml (RunModel)" time="0.026" />
  <testcase classname="ptolemy.util.test.junit.AutoTests" name="[53] /home/travis/build/icyphy/ptII/ptolemy/domains/modal/test/auto/ErrorTransition4.xml (RunModel)" time="0.026" />
  <testcase classname="ptolemy.util.test.junit.AutoTests" name="[54] /home/travis/build/icyphy/ptII/ptolemy/domains/modal/test/auto/ErrorTransition5.xml (RunModel)" time="0.032" />
  <testcase classname="ptolemy.util.test.junit.AutoTests" name="[55] /home/travis/build/icyphy/ptII/ptolemy/domains/modal/test/auto/ErrorTransition6.xml (RunModel)" time="0.028" />
  <testcase classname="ptolemy.util.test.junit.AutoTests" name="[56] /home/travis/build/icyphy/ptII/ptolemy/domains/modal/test/auto/ErrorTransition7.xml (RunModel)" time="0.033" />
  <testcase classname="ptolemy.util.test.junit.AutoTests" name="[57] /home/travis/build/icyphy/ptII/ptolemy/domains/modal/test/auto/ErrorTransition8.xml (RunModel)" time="0.079" />
  <testcase classname="ptolemy.util.test.junit.AutoTests" name="[58] /home/travis/build/icyphy/ptII/ptolemy/domains/modal/test/auto/ErrorTransition9.xml (RunModel)" time="0.033" />
  <testcase classname="ptolemy.util.test.junit.AutoTests" name="[59] /home/travis/build/icyphy/ptII/ptolemy/domains/modal/test/auto/ExtendedFSM.xml (RunModel)" time="0.024" />
  <testcase classname="ptolemy.util.test.junit.AutoTests" name="[60] /home/travis/build/icyphy/ptII/ptolemy/domains/modal/test/auto/FinalStates.xml (RunModel)" time="0.018" />
  <testcase classname="ptolemy.util.test.junit.AutoTests" name="[61] /home/travis/build/icyphy/ptII/ptolemy/domains/modal/test/auto/FixedPointFSM.xml (RunModel)" time="0.044" />
  <testcase classname="ptolemy.util.test.junit.AutoTests" name="[62] /home/travis/build/icyphy/ptII/ptolemy/domains/modal/test/auto/FixedPointIterationFSMActor.xml (RunModel)" time="0.027" />
  <testcase classname="ptolemy.util.test.junit.AutoTests" name="[63] /home/travis/build/icyphy/ptII/ptolemy/domains/modal/test/auto/FixedPointIterationFSMActor2.xml (RunModel)" time="0.034" />
  <testcase classname="ptolemy.util.test.junit.AutoTests" name="[64] /home/travis/build/icyphy/ptII/ptolemy/domains/modal/test/auto/ForbiddenInstantanousLoop.xml (RunModel)" time="0.038" />
  <testcase classname="ptolemy.util.test.junit.AutoTests" name="[65] /home/travis/build/icyphy/ptII/ptolemy/domains/modal/test/auto/FunctionDependencyOfFSMActorTest.xml (RunModel)" time="0.026" />
  <testcase classname="ptolemy.util.test.junit.AutoTests" name="[66] /home/travis/build/icyphy/ptII/ptolemy/domains/modal/test/auto/GuardExpression.xml (RunModel)" time="0.012" />
  <testcase classname="ptolemy.util.test.junit.AutoTests" name="[67] /home/travis/build/icyphy/ptII/ptolemy/domains/modal/test/auto/GuardNotEvaluated.xml (RunModel)" time="0.021" />
  <testcase classname="ptolemy.util.test.junit.AutoTests" name="[68] /home/travis/build/icyphy/ptII/ptolemy/domains/modal/test/auto/GuardNotEvaluated2.xml (RunModel)" time="0.021" />
  <testcase classname="ptolemy.util.test.junit.AutoTests" name="[69] /home/travis/build/icyphy/ptII/ptolemy/domains/modal/test/auto/GuardOnAbsent.xml (RunModel)" time="0.019" />
  <testcase classname="ptolemy.util.test.junit.AutoTests" name="[70] /home/travis/build/icyphy/ptII/ptolemy/domains/modal/test/auto/HierarchicalFSMTypeInference.xml (RunModel)" time="0.024" />
  <testcase classname="ptolemy.util.test.junit.AutoTests" name="[71] /home/travis/build/icyphy/ptII/ptolemy/domains/modal/test/auto/Hysteresis.xml (RunModel)" time="0.042" />
  <testcase classname="ptolemy.util.test.junit.AutoTests" name="[72] /home/travis/build/icyphy/ptII/ptolemy/domains/modal/test/auto/HysteresisWithDefault.xml (RunModel)" time="0.057" />
  <testcase classname="ptolemy.util.test.junit.AutoTests" name="[73] /home/travis/build/icyphy/ptII/ptolemy/domains/modal/test/auto/HysteresisWithDefault2.xml (RunModel)" time="0.056" />
  <testcase classname="ptolemy.util.test.junit.AutoTests" name="[74] /home/travis/build/icyphy/ptII/ptolemy/domains/modal/test/auto/ImmediateNonConstructiveness.xml (RunModel)" time="0.016" />
  <testcase classname="ptolemy.util.test.junit.AutoTests" name="[75] /home/travis/build/icyphy/ptII/ptolemy/domains/modal/test/auto/ImmediateNonConstructiveness2.xml (RunModel)" time="0.014" />
  <testcase classname="ptolemy.util.test.junit.AutoTests" name="[76] /home/travis/build/icyphy/ptII/ptolemy/domains/modal/test/auto/ImmediateTransitionReset.xml (RunModel)" time="0.026" />
  <testcase classname="ptolemy.util.test.junit.AutoTests" name="[77] /home/travis/build/icyphy/ptII/ptolemy/domains/modal/test/auto/ImmediateTransitions1.xml (RunModel)" time="0.011" />
  <testcase classname="ptolemy.util.test.junit.AutoTests" name="[78] /home/travis/build/icyphy/ptII/ptolemy/domains/modal/test/auto/ImmediateTransitionsInstantaneousCommunication.xml (RunModel)" time="0.026" />
  <testcase classname="ptolemy.util.test.junit.AutoTests" name="[79] /home/travis/build/icyphy/ptII/ptolemy/domains/modal/test/auto/InitialImmediateTransition.xml (RunModel)" time="0.015" />
  <testcase classname="ptolemy.util.test.junit.AutoTests" name="[80] /home/travis/build/icyphy/ptII/ptolemy/domains/modal/test/auto/InitialOutputs.xml (RunModel)" time="0.018" />
  <testcase classname="ptolemy.util.test.junit.AutoTests" name="[81] /home/travis/build/icyphy/ptII/ptolemy/domains/modal/test/auto/InitialStateTransition1.xml (RunModel)" time="0.018" />
  <testcase classname="ptolemy.util.test.junit.AutoTests" name="[82] /home/travis/build/icyphy/ptII/ptolemy/domains/modal/test/auto/InitialStateTransition2.xml (RunModel)" time="0.016" />
  <testcase classname="ptolemy.util.test.junit.AutoTests" name="[83] /home/travis/build/icyphy/ptII/ptolemy/domains/modal/test/auto/InitialStateTransition3.xml (RunModel)" time="0.022" />
  <testcase classname="ptolemy.util.test.junit.AutoTests" name="[84] /home/travis/build/icyphy/ptII/ptolemy/domains/modal/test/auto/InitialStateTransition4.xml (RunModel)" time="0.027" />
  <testcase classname="ptolemy.util.test.junit.AutoTests" name="[85] /home/travis/build/icyphy/ptII/ptolemy/domains/modal/test/auto/MalformedGuardExpressionNotCaught.xml (RunModel)" time="0.02" />
  <testcase classname="ptolemy.util.test.junit.AutoTests" name="[86] /home/travis/build/icyphy/ptII/ptolemy/domains/modal/test/auto/ModalBSC.xml (RunModel)" time="0.079" />
  <testcase classname="ptolemy.util.test.junit.AutoTests" name="[87] /home/travis/build/icyphy/ptII/ptolemy/domains/modal/test/auto/ModalClocks.xml (RunModel)" time="0.061" />
  <testcase classname="ptolemy.util.test.junit.AutoTests" name="[88] /home/travis/build/icyphy/ptII/ptolemy/domains/modal/test/auto/ModalDelay.xml (RunModel)" time="0.054" />
  <testcase classname="ptolemy.util.test.junit.AutoTests" name="[89] /home/travis/build/icyphy/ptII/ptolemy/domains/modal/test/auto/ModalDelay2.xml (RunModel)" time="0.039" />
  <testcase classname="ptolemy.util.test.junit.AutoTests" name="[90] /home/travis/build/icyphy/ptII/ptolemy/domains/modal/test/auto/ModalModelFromMemo.xml (RunModel)" time="0.065" />
  <testcase classname="ptolemy.util.test.junit.AutoTests" name="[91] /home/travis/build/icyphy/ptII/ptolemy/domains/modal/test/auto/ModalModelWithMultirateTransient.xml (RunModel)" time="0.038" />
  <testcase classname="ptolemy.util.test.junit.AutoTests" name="[92] /home/travis/build/icyphy/ptII/ptolemy/domains/modal/test/auto/ModalModelWithReset.xml (RunModel)" time="0.043" />
  <testcase classname="ptolemy.util.test.junit.AutoTests" name="[93] /home/travis/build/icyphy/ptII/ptolemy/domains/modal/test/auto/MouseClickFSM.xml (RunModel)" time="0.049" />
  <testcase classname="ptolemy.util.test.junit.AutoTests" name="[94] /home/travis/build/icyphy/ptII/ptolemy/domains/modal/test/auto/MouseClickFSMModal.xml (RunModel)" time="0.031" />
  <testcase classname="ptolemy.util.test.junit.AutoTests" name="[95] /home/travis/build/icyphy/ptII/ptolemy/domains/modal/test/auto/NonStrictFSM_FeedbackLoop.xml (RunModel)" time="0.048" />
  <testcase classname="ptolemy.util.test.junit.AutoTests" name="[96] /home/travis/build/icyphy/ptII/ptolemy/domains/modal/test/auto/NonStrictFSM_FeedbackLoop_Refinement.xml (RunModel)" time="0.078" />
  <testcase classname="ptolemy.util.test.junit.AutoTests" name="[97] /home/travis/build/icyphy/ptII/ptolemy/domains/modal/test/auto/NonStrictFSM_FeedbackLoop_preemptive.xml (RunModel)" time="0.055" />
  <testcase classname="ptolemy.util.test.junit.AutoTests" name="[98] /home/travis/build/icyphy/ptII/ptolemy/domains/modal/test/auto/NormalTermination.xml (RunModel)" time="0.047" />
  <testcase classname="ptolemy.util.test.junit.AutoTests" name="[99] /home/travis/build/icyphy/ptII/ptolemy/domains/modal/test/auto/Pong.xml (RunModel)" time="0.058" />
  <testcase classname="ptolemy.util.test.junit.AutoTests" name="[100] /home/travis/build/icyphy/ptII/ptolemy/domains/modal/test/auto/Pong_test.xml (RunModel)" time="0.091" />
  <testcase classname="ptolemy.util.test.junit.AutoTests" name="[101] /home/travis/build/icyphy/ptII/ptolemy/domains/modal/test/auto/PreemptionHierarchy.xml (RunModel)" time="0.021" />
  <testcase classname="ptolemy.util.test.junit.AutoTests" name="[102] /home/travis/build/icyphy/ptII/ptolemy/domains/modal/test/auto/PreemptionHierarchy2.xml (RunModel)" time="0.031" />
  <testcase classname="ptolemy.util.test.junit.AutoTests" name="[103] /home/travis/build/icyphy/ptII/ptolemy/domains/modal/test/auto/PreemptiveTransition.xml (RunModel)" time="0.02" />
  <testcase classname="ptolemy.util.test.junit.AutoTests" name="[104] /home/travis/build/icyphy/ptII/ptolemy/domains/modal/test/auto/Priorities.xml (RunModel)" time="0.079" />
  <testcase classname="ptolemy.util.test.junit.AutoTests" name="[105] /home/travis/build/icyphy/ptII/ptolemy/domains/modal/test/auto/ResetFinal.xml (RunModel)" time="0.042" />
  <testcase classname="ptolemy.util.test.junit.AutoTests" name="[106] /home/travis/build/icyphy/ptII/ptolemy/domains/modal/test/auto/ResetFinal2.xml (RunModel)" time="0.027" />
  <testcase classname="ptolemy.util.test.junit.AutoTests" name="[107] /home/travis/build/icyphy/ptII/ptolemy/domains/modal/test/auto/ResetTransitionWithStartTime.xml (RunModel)" time="0.023" />
  <testcase classname="ptolemy.util.test.junit.AutoTests" name="[108] /home/travis/build/icyphy/ptII/ptolemy/domains/modal/test/auto/SDF-FSMComposite.xml (RunModel)" time="0.027" />
  <testcase classname="ptolemy.util.test.junit.AutoTests" name="[109] /home/travis/build/icyphy/ptII/ptolemy/domains/modal/test/auto/SeeminglyNondeterminate.xml (RunModel)" time="0.075" />
  <testcase classname="ptolemy.util.test.junit.AutoTests" name="[110] /home/travis/build/icyphy/ptII/ptolemy/domains/modal/test/auto/SeeminglyNondeterminate2.xml (RunModel)" time="0.072" />
  <testcase classname="ptolemy.util.test.junit.AutoTests" name="[111] /home/travis/build/icyphy/ptII/ptolemy/domains/modal/test/auto/SpontaneousFSM.xml (RunModel)" time="0.047" />
  <testcase classname="ptolemy.util.test.junit.AutoTests" name="[112] /home/travis/build/icyphy/ptII/ptolemy/domains/modal/test/auto/SpontaneousFSM2.xml (RunModel)" time="0.032" />
  <testcase classname="ptolemy.util.test.junit.AutoTests" name="[113] /home/travis/build/icyphy/ptII/ptolemy/domains/modal/test/auto/SpontaneousFSM3.xml (RunModel)" time="0.042" />
  <testcase classname="ptolemy.util.test.junit.AutoTests" name="[114] /home/travis/build/icyphy/ptII/ptolemy/domains/modal/test/auto/SpontaneousFSM4.xml (RunModel)" time="0.044" />
  <testcase classname="ptolemy.util.test.junit.AutoTests" name="[115] /home/travis/build/icyphy/ptII/ptolemy/domains/modal/test/auto/StateTrackerTest.xml (RunModel)" time="0.064" />
  <testcase classname="ptolemy.util.test.junit.AutoTests" name="[116] /home/travis/build/icyphy/ptII/ptolemy/domains/modal/test/auto/StrongImmediateTransition.xml (RunModel)" time="0.027" />
  <testcase classname="ptolemy.util.test.junit.AutoTests" name="[117] /home/travis/build/icyphy/ptII/ptolemy/domains/modal/test/auto/SustainHierarchy.xml (RunModel)" time="0.032" />
  <testcase classname="ptolemy.util.test.junit.AutoTests" name="[118] /home/travis/build/icyphy/ptII/ptolemy/domains/modal/test/auto/TerminationTransition1.xml (RunModel)" time="0.02" />
  <testcase classname="ptolemy.util.test.junit.AutoTests" name="[119] /home/travis/build/icyphy/ptII/ptolemy/domains/modal/test/auto/TerminationTransition2.xml (RunModel)" time="0.026" />
  <testcase classname="ptolemy.util.test.junit.AutoTests" name="[120] /home/travis/build/icyphy/ptII/ptolemy/domains/modal/test/auto/TerminationTransition3.xml (RunModel)" time="0.026" />
  <testcase classname="ptolemy.util.test.junit.AutoTests" name="[121] /home/travis/build/icyphy/ptII/ptolemy/domains/modal/test/auto/TerminationTransition4.xml (RunModel)" time="0.036" />
  <testcase classname="ptolemy.util.test.junit.AutoTests" name="[122] /home/travis/build/icyphy/ptII/ptolemy/domains/modal/test/auto/TerminationTransition5.xml (RunModel)" time="0.039" />
  <testcase classname="ptolemy.util.test.junit.AutoTests" name="[123] /home/travis/build/icyphy/ptII/ptolemy/domains/modal/test/auto/TerminationTransition6.xml (RunModel)" time="0.019" />
  <testcase classname="ptolemy.util.test.junit.AutoTests" name="[124] /home/travis/build/icyphy/ptII/ptolemy/domains/modal/test/auto/TerminationTransition7.xml (RunModel)" time="0.022" />
  <testcase classname="ptolemy.util.test.junit.AutoTests" name="[125] /home/travis/build/icyphy/ptII/ptolemy/domains/modal/test/auto/TerminationTransition8.xml (RunModel)" time="0.022" />
  <testcase classname="ptolemy.util.test.junit.AutoTests" name="[126] /home/travis/build/icyphy/ptII/ptolemy/domains/modal/test/auto/Thermostat_NoHysteresis.xml (RunModel)" time="0.05" />
  <testcase classname="ptolemy.util.test.junit.AutoTests" name="[127] /home/travis/build/icyphy/ptII/ptolemy/domains/modal/test/auto/TimedFSM.xml (RunModel)" time="0.027" />
  <testcase classname="ptolemy.util.test.junit.AutoTests" name="[128] /home/travis/build/icyphy/ptII/ptolemy/domains/modal/test/auto/Timeout1.xml (RunModel)" time="0.013" />
  <testcase classname="ptolemy.util.test.junit.AutoTests" name="[129] /home/travis/build/icyphy/ptII/ptolemy/domains/modal/test/auto/Timeout2.xml (RunModel)" time="0.016" />
  <testcase classname="ptolemy.util.test.junit.AutoTests" name="[130] /home/travis/build/icyphy/ptII/ptolemy/domains/modal/test/auto/Timeout3.xml (RunModel)" time="0.018" />
  <testcase classname="ptolemy.util.test.junit.AutoTests" name="[131] /home/travis/build/icyphy/ptII/ptolemy/domains/modal/test/auto/Timeout4.xml (RunModel)" time="0.012" />
  <testcase classname="ptolemy.util.test.junit.AutoTests" name="[132] /home/travis/build/icyphy/ptII/ptolemy/domains/modal/test/auto/TransientstateModelAdvanced.xml (RunModel)" time="0.028" />
  <testcase classname="ptolemy.util.test.junit.AutoTests" name="[133] /home/travis/build/icyphy/ptII/ptolemy/domains/modal/test/auto/TransientstateModelAdvanced2.xml (RunModel)" time="0.028" />
  <testcase classname="ptolemy.util.test.junit.AutoTests" name="[134] /home/travis/build/icyphy/ptII/ptolemy/domains/modal/test/auto/TransitionRefinements.xml (RunModel)" time="0.024" />
  <testcase classname="ptolemy.util.test.junit.AutoTests" name="[135] /home/travis/build/icyphy/ptII/ptolemy/domains/modal/test/auto/TwoRefinements1.xml (RunModel)" time="0.023" />
  <testcase classname="ptolemy.util.test.junit.AutoTests" name="[136] /home/travis/build/icyphy/ptII/ptolemy/domains/modal/test/auto/TwoRefinements2.xml (RunModel)" time="0.025" />
  <testcase classname="ptolemy.util.test.junit.AutoTests" name="[137] /home/travis/build/icyphy/ptII/ptolemy/domains/modal/test/auto/WeakImmediateTransition.xml (RunModel)" time="0.02" />
  <testcase classname="ptolemy.util.test.junit.AutoTests" name="[138] /home/travis/build/icyphy/ptII/ptolemy/domains/modal/test/auto/booleanSelect.xml (RunModel)" time="0.048" />
  <testcase classname="ptolemy.util.test.junit.AutoTests" name="[139] /home/travis/build/icyphy/ptII/ptolemy/domains/modal/test/auto/modalChangingParams.xml (RunModel)" time="0.192" />
  <testcase classname="ptolemy.util.test.junit.AutoTests" name="[140] /home/travis/build/icyphy/ptII/ptolemy/domains/modal/test/auto/modalModel.xml (RunModel)" time="0.018" />
  <testcase classname="ptolemy.util.test.junit.AutoTests" name="[141] /home/travis/build/icyphy/ptII/ptolemy/domains/modal/test/auto/modalModel2.xml (RunModel)" time="0.022" />
  <testcase classname="ptolemy.util.test.junit.AutoTests" name="[142] /home/travis/build/icyphy/ptII/ptolemy/domains/modal/test/auto/modalModel3.xml (RunModel)" time="0.034" />
  <testcase classname="ptolemy.util.test.junit.AutoTests" name="[143] /home/travis/build/icyphy/ptII/ptolemy/domains/modal/test/auto/model1.xml (RunModel)" time="0.021" />
  <testcase classname="ptolemy.util.test.junit.AutoTests" name="[144] /home/travis/build/icyphy/ptII/ptolemy/domains/modal/test/auto/test-direct-in-out.xml (RunModel)" time="0.015" />
  <system-out><![CDATA[/home/travis/build/icyphy/ptII/ptolemy/domains/modal/test/SystemLevelType.tcl
testDefs.tcl: setting time out to 9000 seconds at Mon Jan 14 03:20:25 UTC 2019
01/14/19 03:20:27
Failed: 0  Total Tests: 1  ((Passed: 1, Newly Passed: 0)  Known Failed: 0) /home/travis/build/icyphy/ptII/ptolemy/domains/modal/test
----------------- testing (KnownFailure) /home/travis/build/icyphy/ptII/ptolemy/domains/modal/test/auto/knownFailedTests/CannotAnalysisWithPreemption.xml
60 ms. Memory: 208384K Free: 185977K (89%)
Known Failure: java.lang.reflect.InvocationTargetException
No auto/linux-amd64/*.xml tests in /home/travis/build/icyphy/ptII/ptolemy/domains/modal/test
AutoTests.java: About to close Vertx.
AutoTests.java: Vertx closed.

===========================================================================================
----------------- testing Mon Jan 14 03:20:27 UTC 2019 /home/travis/build/icyphy/ptII/ptolemy/domains/modal/test/auto/ABPTest.xml
----------------- Instantiating /home/travis/build/icyphy/ptII/ptolemy/domains/modal/test/auto/ABPTest.xml
307 ms. Memory: 331776K Free: 293205K (88%)
----------------- Invoking toplevel() on ptolemy.moml.MoMLSimpleApplication@2737af7f
----------------- Done invoking toplevel() on ptolemy.moml.MoMLSimpleApplication@2737af7f
reloadAllAccessors: .ABPTest

===========================================================================================
----------------- testing Mon Jan 14 03:20:28 UTC 2019 /home/travis/build/icyphy/ptII/ptolemy/domains/modal/test/auto/ABROFlat.xml
----------------- Instantiating /home/travis/build/icyphy/ptII/ptolemy/domains/modal/test/auto/ABROFlat.xml
24 ms. Memory: 331776K Free: 271112K (82%)
----------------- Invoking toplevel() on ptolemy.moml.MoMLSimpleApplication@7b0d185e
----------------- Done invoking toplevel() on ptolemy.moml.MoMLSimpleApplication@7b0d185e
reloadAllAccessors: .ABROFlat

===========================================================================================
----------------- testing Mon Jan 14 03:20:28 UTC 2019 /home/travis/build/icyphy/ptII/ptolemy/domains/modal/test/auto/ABROFlat2.xml
----------------- Instantiating /home/travis/build/icyphy/ptII/ptolemy/domains/modal/test/auto/ABROFlat2.xml
20 ms. Memory: 331776K Free: 253183K (76%)
----------------- Invoking toplevel() on ptolemy.moml.MoMLSimpleApplication@3e0d4680
----------------- Done invoking toplevel() on ptolemy.moml.MoMLSimpleApplication@3e0d4680
reloadAllAccessors: .ABROFlat2

===========================================================================================
----------------- testing Mon Jan 14 03:20:28 UTC 2019 /home/travis/build/icyphy/ptII/ptolemy/domains/modal/test/auto/ABRO_present_hmm.xml
----------------- Instantiating /home/travis/build/icyphy/ptII/ptolemy/domains/modal/test/auto/ABRO_present_hmm.xml
33 ms. Memory: 331776K Free: 220566K (66%)
----------------- Invoking toplevel() on ptolemy.moml.MoMLSimpleApplication@1c2bcff8
----------------- Done invoking toplevel() on ptolemy.moml.MoMLSimpleApplication@1c2bcff8
reloadAllAccessors: .ABRO_present_hmm

===========================================================================================
----------------- testing Mon Jan 14 03:20:28 UTC 2019 /home/travis/build/icyphy/ptII/ptolemy/domains/modal/test/auto/AMICoderExample.xml
----------------- Instantiating /home/travis/build/icyphy/ptII/ptolemy/domains/modal/test/auto/AMICoderExample.xml
17 ms. Memory: 331776K Free: 209152K (63%)
----------------- Invoking toplevel() on ptolemy.moml.MoMLSimpleApplication@60cd6f08
----------------- Done invoking toplevel() on ptolemy.moml.MoMLSimpleApplication@60cd6f08
reloadAllAccessors: .AMICoderExample

===========================================================================================
----------------- testing Mon Jan 14 03:20:28 UTC 2019 /home/travis/build/icyphy/ptII/ptolemy/domains/modal/test/auto/AbsentToPresent.xml
----------------- Instantiating /home/travis/build/icyphy/ptII/ptolemy/domains/modal/test/auto/AbsentToPresent.xml
6 ms. Memory: 331776K Free: 200841K (61%)
----------------- Invoking toplevel() on ptolemy.moml.MoMLSimpleApplication@29eb7b35
----------------- Done invoking toplevel() on ptolemy.moml.MoMLSimpleApplication@29eb7b35
reloadAllAccessors: .AbsentToPresent

===========================================================================================
----------------- testing Mon Jan 14 03:20:28 UTC 2019 /home/travis/build/icyphy/ptII/ptolemy/domains/modal/test/auto/Blending.xml
----------------- Instantiating /home/travis/build/icyphy/ptII/ptolemy/domains/modal/test/auto/Blending.xml
156 ms. Memory: 331776K Free: 150225K (45%)
----------------- Invoking toplevel() on ptolemy.moml.MoMLSimpleApplication@400e773
----------------- Done invoking toplevel() on ptolemy.moml.MoMLSimpleApplication@400e773
reloadAllAccessors: .Blending

===========================================================================================
----------------- testing Mon Jan 14 03:20:28 UTC 2019 /home/travis/build/icyphy/ptII/ptolemy/domains/modal/test/auto/Broadcast.xml
----------------- Instantiating /home/travis/build/icyphy/ptII/ptolemy/domains/modal/test/auto/Broadcast.xml
8 ms. Memory: 331776K Free: 137171K (41%)
----------------- Invoking toplevel() on ptolemy.moml.MoMLSimpleApplication@17982e65
----------------- Done invoking toplevel() on ptolemy.moml.MoMLSimpleApplication@17982e65
reloadAllAccessors: .Broadcast

===========================================================================================
----------------- testing Mon Jan 14 03:20:29 UTC 2019 /home/travis/build/icyphy/ptII/ptolemy/domains/modal/test/auto/BroadcastHierarchy.xml
----------------- Instantiating /home/travis/build/icyphy/ptII/ptolemy/domains/modal/test/auto/BroadcastHierarchy.xml
19 ms. Memory: 331776K Free: 114360K (34%)
----------------- Invoking toplevel() on ptolemy.moml.MoMLSimpleApplication@29cca482
----------------- Done invoking toplevel() on ptolemy.moml.MoMLSimpleApplication@29cca482
reloadAllAccessors: .BroadcastHierarchy

===========================================================================================
----------------- testing Mon Jan 14 03:20:29 UTC 2019 /home/travis/build/icyphy/ptII/ptolemy/domains/modal/test/auto/BroadcastHierarchy2.xml
----------------- Instantiating /home/travis/build/icyphy/ptII/ptolemy/domains/modal/test/auto/BroadcastHierarchy2.xml
22 ms. Memory: 331776K Free: 78478K (24%)
----------------- Invoking toplevel() on ptolemy.moml.MoMLSimpleApplication@6c13f638
----------------- Done invoking toplevel() on ptolemy.moml.MoMLSimpleApplication@6c13f638
reloadAllAccessors: .BroadcastHierarchy2

===========================================================================================
----------------- testing Mon Jan 14 03:20:29 UTC 2019 /home/travis/build/icyphy/ptII/ptolemy/domains/modal/test/auto/BroadcastHierarchy3.xml
----------------- Instantiating /home/travis/build/icyphy/ptII/ptolemy/domains/modal/test/auto/BroadcastHierarchy3.xml
21 ms. Memory: 333824K Free: 297211K (89%)
----------------- Invoking toplevel() on ptolemy.moml.MoMLSimpleApplication@5e5a0aa3
----------------- Done invoking toplevel() on ptolemy.moml.MoMLSimpleApplication@5e5a0aa3
reloadAllAccessors: .BroadcastHierarchy3

===========================================================================================
----------------- testing Mon Jan 14 03:20:29 UTC 2019 /home/travis/build/icyphy/ptII/ptolemy/domains/modal/test/auto/BroadcastHierarchy4.xml
----------------- Instantiating /home/travis/build/icyphy/ptII/ptolemy/domains/modal/test/auto/BroadcastHierarchy4.xml
13 ms. Memory: 333824K Free: 262314K (79%)
----------------- Invoking toplevel() on ptolemy.moml.MoMLSimpleApplication@831cd4d
----------------- Done invoking toplevel() on ptolemy.moml.MoMLSimpleApplication@831cd4d
reloadAllAccessors: .BroadcastHierarchy4

===========================================================================================
----------------- testing Mon Jan 14 03:20:29 UTC 2019 /home/travis/build/icyphy/ptII/ptolemy/domains/modal/test/auto/CannotAnalysisWithPreemption2.xml
----------------- Instantiating /home/travis/build/icyphy/ptII/ptolemy/domains/modal/test/auto/CannotAnalysisWithPreemption2.xml
4 ms. Memory: 333824K Free: 252517K (76%)
----------------- Invoking toplevel() on ptolemy.moml.MoMLSimpleApplication@76a6dc3c
----------------- Done invoking toplevel() on ptolemy.moml.MoMLSimpleApplication@76a6dc3c
reloadAllAccessors: .CannotAnalysisWithPreemption2

===========================================================================================
----------------- testing Mon Jan 14 03:20:29 UTC 2019 /home/travis/build/icyphy/ptII/ptolemy/domains/modal/test/auto/CannotAnalysisWithPreemption3.xml
----------------- Instantiating /home/travis/build/icyphy/ptII/ptolemy/domains/modal/test/auto/CannotAnalysisWithPreemption3.xml
3 ms. Memory: 333824K Free: 239471K (72%)
----------------- Invoking toplevel() on ptolemy.moml.MoMLSimpleApplication@157911b5
----------------- Done invoking toplevel() on ptolemy.moml.MoMLSimpleApplication@157911b5
reloadAllAccessors: .CannotAnalysisWithPreemption3

===========================================================================================
----------------- testing Mon Jan 14 03:20:29 UTC 2019 /home/travis/build/icyphy/ptII/ptolemy/domains/modal/test/auto/CannotProduce.xml
----------------- Instantiating /home/travis/build/icyphy/ptII/ptolemy/domains/modal/test/auto/CannotProduce.xml
16 ms. Memory: 333824K Free: 230666K (69%)
----------------- Invoking toplevel() on ptolemy.moml.MoMLSimpleApplication@74966ac4
----------------- Done invoking toplevel() on ptolemy.moml.MoMLSimpleApplication@74966ac4
reloadAllAccessors: .CannotProduce

===========================================================================================
----------------- testing Mon Jan 14 03:20:29 UTC 2019 /home/travis/build/icyphy/ptII/ptolemy/domains/modal/test/auto/CannotProduceModal.xml
----------------- Instantiating /home/travis/build/icyphy/ptII/ptolemy/domains/modal/test/auto/CannotProduceModal.xml
4 ms. Memory: 333824K Free: 222526K (67%)
----------------- Invoking toplevel() on ptolemy.moml.MoMLSimpleApplication@4da33a91
----------------- Done invoking toplevel() on ptolemy.moml.MoMLSimpleApplication@4da33a91
reloadAllAccessors: .CannotProduceModal

===========================================================================================
----------------- testing Mon Jan 14 03:20:29 UTC 2019 /home/travis/build/icyphy/ptII/ptolemy/domains/modal/test/auto/Case.xml
----------------- Instantiating /home/travis/build/icyphy/ptII/ptolemy/domains/modal/test/auto/Case.xml
33 ms. Memory: 333824K Free: 209472K (63%)
----------------- Invoking toplevel() on ptolemy.moml.MoMLSimpleApplication@11811aab
----------------- Done invoking toplevel() on ptolemy.moml.MoMLSimpleApplication@11811aab
reloadAllAccessors: .Case

===========================================================================================
----------------- testing Mon Jan 14 03:20:29 UTC 2019 /home/travis/build/icyphy/ptII/ptolemy/domains/modal/test/auto/Case1.xml
----------------- Instantiating /home/travis/build/icyphy/ptII/ptolemy/domains/modal/test/auto/Case1.xml
4 ms. Memory: 333824K Free: 199034K (60%)
----------------- Invoking toplevel() on ptolemy.moml.MoMLSimpleApplication@4c1e5fc6
----------------- Done invoking toplevel() on ptolemy.moml.MoMLSimpleApplication@4c1e5fc6
reloadAllAccessors: .Case1

===========================================================================================
----------------- testing Mon Jan 14 03:20:29 UTC 2019 /home/travis/build/icyphy/ptII/ptolemy/domains/modal/test/auto/Case2.xml
----------------- Instantiating /home/travis/build/icyphy/ptII/ptolemy/domains/modal/test/auto/Case2.xml
32 ms. Memory: 333824K Free: 187613K (56%)
----------------- Invoking toplevel() on ptolemy.moml.MoMLSimpleApplication@49f07b02
----------------- Done invoking toplevel() on ptolemy.moml.MoMLSimpleApplication@49f07b02
reloadAllAccessors: .Case2

===========================================================================================
----------------- testing Mon Jan 14 03:20:29 UTC 2019 /home/travis/build/icyphy/ptII/ptolemy/domains/modal/test/auto/CausalityInterface1.xml
----------------- Instantiating /home/travis/build/icyphy/ptII/ptolemy/domains/modal/test/auto/CausalityInterface1.xml
3 ms. Memory: 333824K Free: 181114K (54%)
----------------- Invoking toplevel() on ptolemy.moml.MoMLSimpleApplication@33bce050
----------------- Done invoking toplevel() on ptolemy.moml.MoMLSimpleApplication@33bce050
reloadAllAccessors: .CausalityInterface1

===========================================================================================
----------------- testing Mon Jan 14 03:20:29 UTC 2019 /home/travis/build/icyphy/ptII/ptolemy/domains/modal/test/auto/CausalityInterface10.xml
----------------- Instantiating /home/travis/build/icyphy/ptII/ptolemy/domains/modal/test/auto/CausalityInterface10.xml
14 ms. Memory: 333824K Free: 162552K (49%)
----------------- Invoking toplevel() on ptolemy.moml.MoMLSimpleApplication@c7ce7a9
----------------- Done invoking toplevel() on ptolemy.moml.MoMLSimpleApplication@c7ce7a9
reloadAllAccessors: .CausalityInterface10

===========================================================================================
----------------- testing Mon Jan 14 03:20:29 UTC 2019 /home/travis/build/icyphy/ptII/ptolemy/domains/modal/test/auto/CausalityInterface11.xml
----------------- Instantiating /home/travis/build/icyphy/ptII/ptolemy/domains/modal/test/auto/CausalityInterface11.xml
10 ms. Memory: 333824K Free: 146241K (44%)
----------------- Invoking toplevel() on ptolemy.moml.MoMLSimpleApplication@5aaf6f8b
----------------- Done invoking toplevel() on ptolemy.moml.MoMLSimpleApplication@5aaf6f8b
reloadAllAccessors: .CausalityInterface11

===========================================================================================
----------------- testing Mon Jan 14 03:20:29 UTC 2019 /home/travis/build/icyphy/ptII/ptolemy/domains/modal/test/auto/CausalityInterface12.xml
----------------- Instantiating /home/travis/build/icyphy/ptII/ptolemy/domains/modal/test/auto/CausalityInterface12.xml
8 ms. Memory: 333824K Free: 129929K (39%)
----------------- Invoking toplevel() on ptolemy.moml.MoMLSimpleApplication@47014633
----------------- Done invoking toplevel() on ptolemy.moml.MoMLSimpleApplication@47014633
reloadAllAccessors: .CausalityInterface12

===========================================================================================
----------------- testing Mon Jan 14 03:20:29 UTC 2019 /home/travis/build/icyphy/ptII/ptolemy/domains/modal/test/auto/CausalityInterface13.xml
----------------- Instantiating /home/travis/build/icyphy/ptII/ptolemy/domains/modal/test/auto/CausalityInterface13.xml
10 ms. Memory: 333824K Free: 111343K (33%)
----------------- Invoking toplevel() on ptolemy.moml.MoMLSimpleApplication@5fc51ab8
----------------- Done invoking toplevel() on ptolemy.moml.MoMLSimpleApplication@5fc51ab8
reloadAllAccessors: .CausalityInterface13

===========================================================================================
----------------- testing Mon Jan 14 03:20:29 UTC 2019 /home/travis/build/icyphy/ptII/ptolemy/domains/modal/test/auto/CausalityInterface14.xml
----------------- Instantiating /home/travis/build/icyphy/ptII/ptolemy/domains/modal/test/auto/CausalityInterface14.xml
10 ms. Memory: 333824K Free: 95062K (28%)
----------------- Invoking toplevel() on ptolemy.moml.MoMLSimpleApplication@2d7f83e0
----------------- Done invoking toplevel() on ptolemy.moml.MoMLSimpleApplication@2d7f83e0
reloadAllAccessors: .CausalityInterface14

===========================================================================================
----------------- testing Mon Jan 14 03:20:30 UTC 2019 /home/travis/build/icyphy/ptII/ptolemy/domains/modal/test/auto/CausalityInterface2.xml
----------------- Instantiating /home/travis/build/icyphy/ptII/ptolemy/domains/modal/test/auto/CausalityInterface2.xml
6 ms. Memory: 333824K Free: 86914K (26%)
----------------- Invoking toplevel() on ptolemy.moml.MoMLSimpleApplication@57da52d3
----------------- Done invoking toplevel() on ptolemy.moml.MoMLSimpleApplication@57da52d3
reloadAllAccessors: .CausalityInterface2

===========================================================================================
----------------- testing Mon Jan 14 03:20:30 UTC 2019 /home/travis/build/icyphy/ptII/ptolemy/domains/modal/test/auto/CausalityInterface3.xml
----------------- Instantiating /home/travis/build/icyphy/ptII/ptolemy/domains/modal/test/auto/CausalityInterface3.xml
5 ms. Memory: 577536K Free: 561754K (97%)
----------------- Invoking toplevel() on ptolemy.moml.MoMLSimpleApplication@c81c3f
----------------- Done invoking toplevel() on ptolemy.moml.MoMLSimpleApplication@c81c3f
reloadAllAccessors: .CausalityInterface3

===========================================================================================
----------------- testing Mon Jan 14 03:20:30 UTC 2019 /home/travis/build/icyphy/ptII/ptolemy/domains/modal/test/auto/CausalityInterface4.xml
----------------- Instantiating /home/travis/build/icyphy/ptII/ptolemy/domains/modal/test/auto/CausalityInterface4.xml
3 ms. Memory: 577536K Free: 548850K (95%)
----------------- Invoking toplevel() on ptolemy.moml.MoMLSimpleApplication@28666494
----------------- Done invoking toplevel() on ptolemy.moml.MoMLSimpleApplication@28666494
reloadAllAccessors: .CausalityInterface4

===========================================================================================
----------------- testing Mon Jan 14 03:20:30 UTC 2019 /home/travis/build/icyphy/ptII/ptolemy/domains/modal/test/auto/CausalityInterface5.xml
----------------- Instantiating /home/travis/build/icyphy/ptII/ptolemy/domains/modal/test/auto/CausalityInterface5.xml
4 ms. Memory: 577536K Free: 535851K (93%)
----------------- Invoking toplevel() on ptolemy.moml.MoMLSimpleApplication@b63607e
----------------- Done invoking toplevel() on ptolemy.moml.MoMLSimpleApplication@b63607e
reloadAllAccessors: .CausalityInterface5

===========================================================================================
----------------- testing Mon Jan 14 03:20:30 UTC 2019 /home/travis/build/icyphy/ptII/ptolemy/domains/modal/test/auto/CausalityInterface6.xml
----------------- Instantiating /home/travis/build/icyphy/ptII/ptolemy/domains/modal/test/auto/CausalityInterface6.xml
3 ms. Memory: 577536K Free: 522837K (91%)
----------------- Invoking toplevel() on ptolemy.moml.MoMLSimpleApplication@5125ae59
----------------- Done invoking toplevel() on ptolemy.moml.MoMLSimpleApplication@5125ae59
reloadAllAccessors: .CausalityInterface6

===========================================================================================
----------------- testing Mon Jan 14 03:20:30 UTC 2019 /home/travis/build/icyphy/ptII/ptolemy/domains/modal/test/auto/CausalityInterface7.xml
----------------- Instantiating /home/travis/build/icyphy/ptII/ptolemy/domains/modal/test/auto/CausalityInterface7.xml
3 ms. Memory: 577536K Free: 509583K (88%)
----------------- Invoking toplevel() on ptolemy.moml.MoMLSimpleApplication@1a10fc9a
----------------- Done invoking toplevel() on ptolemy.moml.MoMLSimpleApplication@1a10fc9a
reloadAllAccessors: .CausalityInterface7

===========================================================================================
----------------- testing Mon Jan 14 03:20:30 UTC 2019 /home/travis/build/icyphy/ptII/ptolemy/domains/modal/test/auto/CausalityInterface8.xml
----------------- Instantiating /home/travis/build/icyphy/ptII/ptolemy/domains/modal/test/auto/CausalityInterface8.xml
8 ms. Memory: 577536K Free: 493430K (85%)
----------------- Invoking toplevel() on ptolemy.moml.MoMLSimpleApplication@5572f4ec
----------------- Done invoking toplevel() on ptolemy.moml.MoMLSimpleApplication@5572f4ec
reloadAllAccessors: .CausalityInterface8

===========================================================================================
----------------- testing Mon Jan 14 03:20:30 UTC 2019 /home/travis/build/icyphy/ptII/ptolemy/domains/modal/test/auto/CausalityInterface9.xml
----------------- Instantiating /home/travis/build/icyphy/ptII/ptolemy/domains/modal/test/auto/CausalityInterface9.xml
8 ms. Memory: 577536K Free: 480432K (83%)
----------------- Invoking toplevel() on ptolemy.moml.MoMLSimpleApplication@619befc5
----------------- Done invoking toplevel() on ptolemy.moml.MoMLSimpleApplication@619befc5
reloadAllAccessors: .CausalityInterface9

===========================================================================================
----------------- testing Mon Jan 14 03:20:30 UTC 2019 /home/travis/build/icyphy/ptII/ptolemy/domains/modal/test/auto/ChainedTransitions.xml
----------------- Instantiating /home/travis/build/icyphy/ptII/ptolemy/domains/modal/test/auto/ChainedTransitions.xml
93 ms. Memory: 577536K Free: 451122K (78%)
----------------- Invoking toplevel() on ptolemy.moml.MoMLSimpleApplication@7a7a7fb2
----------------- Done invoking toplevel() on ptolemy.moml.MoMLSimpleApplication@7a7a7fb2
reloadAllAccessors: .ChainedTransitions

===========================================================================================
----------------- testing Mon Jan 14 03:20:30 UTC 2019 /home/travis/build/icyphy/ptII/ptolemy/domains/modal/test/auto/CycleOfImmediateTransitionsFSM.xml
----------------- Instantiating /home/travis/build/icyphy/ptII/ptolemy/domains/modal/test/auto/CycleOfImmediateTransitionsFSM.xml
3 ms. Memory: 577536K Free: 441357K (76%)
----------------- Invoking toplevel() on ptolemy.moml.MoMLSimpleApplication@3ed5bdea
----------------- Done invoking toplevel() on ptolemy.moml.MoMLSimpleApplication@3ed5bdea
reloadAllAccessors: .CycleOfImmediateTransitionsFSM

===========================================================================================
----------------- testing Mon Jan 14 03:20:30 UTC 2019 /home/travis/build/icyphy/ptII/ptolemy/domains/modal/test/auto/CycleOfImmediateTransitionsModal.xml
----------------- Instantiating /home/travis/build/icyphy/ptII/ptolemy/domains/modal/test/auto/CycleOfImmediateTransitionsModal.xml
3 ms. Memory: 577536K Free: 428453K (74%)
----------------- Invoking toplevel() on ptolemy.moml.MoMLSimpleApplication@56acd31b
----------------- Done invoking toplevel() on ptolemy.moml.MoMLSimpleApplication@56acd31b
reloadAllAccessors: .CycleOfImmediateTransitionsModal

===========================================================================================
----------------- testing Mon Jan 14 03:20:30 UTC 2019 /home/travis/build/icyphy/ptII/ptolemy/domains/modal/test/auto/CycleOfImmediateTransitionsModal2.xml
----------------- Instantiating /home/travis/build/icyphy/ptII/ptolemy/domains/modal/test/auto/CycleOfImmediateTransitionsModal2.xml
5 ms. Memory: 577536K Free: 418697K (72%)
----------------- Invoking toplevel() on ptolemy.moml.MoMLSimpleApplication@1facf518
----------------- Done invoking toplevel() on ptolemy.moml.MoMLSimpleApplication@1facf518
reloadAllAccessors: .CycleOfImmediateTransitionsModal2

===========================================================================================
----------------- testing Mon Jan 14 03:20:30 UTC 2019 /home/travis/build/icyphy/ptII/ptolemy/domains/modal/test/auto/CycleOfImmediateTransitionsModal3.xml
----------------- Instantiating /home/travis/build/icyphy/ptII/ptolemy/domains/modal/test/auto/CycleOfImmediateTransitionsModal3.xml
11 ms. Memory: 577536K Free: 389403K (67%)
----------------- Invoking toplevel() on ptolemy.moml.MoMLSimpleApplication@63ba644d
----------------- Done invoking toplevel() on ptolemy.moml.MoMLSimpleApplication@63ba644d
reloadAllAccessors: .CycleOfImmediateTransitionsModal3

===========================================================================================
----------------- testing Mon Jan 14 03:20:30 UTC 2019 /home/travis/build/icyphy/ptII/ptolemy/domains/modal/test/auto/DeepModal1.xml
----------------- Instantiating /home/travis/build/icyphy/ptII/ptolemy/domains/modal/test/auto/DeepModal1.xml
29 ms. Memory: 577536K Free: 369866K (64%)
----------------- Invoking toplevel() on ptolemy.moml.MoMLSimpleApplication@354f3c9a
----------------- Done invoking toplevel() on ptolemy.moml.MoMLSimpleApplication@354f3c9a
reloadAllAccessors: .DeepModal1

===========================================================================================
----------------- testing Mon Jan 14 03:20:30 UTC 2019 /home/travis/build/icyphy/ptII/ptolemy/domains/modal/test/auto/DeepModal2.xml
----------------- Instantiating /home/travis/build/icyphy/ptII/ptolemy/domains/modal/test/auto/DeepModal2.xml
24 ms. Memory: 577536K Free: 343931K (60%)
----------------- Invoking toplevel() on ptolemy.moml.MoMLSimpleApplication@4111e5ca
----------------- Done invoking toplevel() on ptolemy.moml.MoMLSimpleApplication@4111e5ca
reloadAllAccessors: .DeepModal2

===========================================================================================
----------------- testing Mon Jan 14 03:20:30 UTC 2019 /home/travis/build/icyphy/ptII/ptolemy/domains/modal/test/auto/DeepModal3.xml
----------------- Instantiating /home/travis/build/icyphy/ptII/ptolemy/domains/modal/test/auto/DeepModal3.xml
19 ms. Memory: 577536K Free: 321153K (56%)
----------------- Invoking toplevel() on ptolemy.moml.MoMLSimpleApplication@59fb7257
----------------- Done invoking toplevel() on ptolemy.moml.MoMLSimpleApplication@59fb7257
reloadAllAccessors: .DeepModal3

===========================================================================================
----------------- testing Mon Jan 14 03:20:30 UTC 2019 /home/travis/build/icyphy/ptII/ptolemy/domains/modal/test/auto/DeepModal4.xml
----------------- Instantiating /home/travis/build/icyphy/ptII/ptolemy/domains/modal/test/auto/DeepModal4.xml
28 ms. Memory: 577536K Free: 298358K (52%)
----------------- Invoking toplevel() on ptolemy.moml.MoMLSimpleApplication@1d537be9
----------------- Done invoking toplevel() on ptolemy.moml.MoMLSimpleApplication@1d537be9
reloadAllAccessors: .DeepModal4

===========================================================================================
----------------- testing Mon Jan 14 03:20:30 UTC 2019 /home/travis/build/icyphy/ptII/ptolemy/domains/modal/test/auto/Default1.xml
----------------- Instantiating /home/travis/build/icyphy/ptII/ptolemy/domains/modal/test/auto/Default1.xml
2 ms. Memory: 577536K Free: 288602K (50%)
----------------- Invoking toplevel() on ptolemy.moml.MoMLSimpleApplication@57e13421
----------------- Done invoking toplevel() on ptolemy.moml.MoMLSimpleApplication@57e13421
reloadAllAccessors: .Default1

===========================================================================================
----------------- testing Mon Jan 14 03:20:30 UTC 2019 /home/travis/build/icyphy/ptII/ptolemy/domains/modal/test/auto/Default2.xml
----------------- Instantiating /home/travis/build/icyphy/ptII/ptolemy/domains/modal/test/auto/Default2.xml
3 ms. Memory: 577536K Free: 275697K (48%)
----------------- Invoking toplevel() on ptolemy.moml.MoMLSimpleApplication@37d2ebc6
----------------- Done invoking toplevel() on ptolemy.moml.MoMLSimpleApplication@37d2ebc6
reloadAllAccessors: .Default2

===========================================================================================
----------------- testing Mon Jan 14 03:20:30 UTC 2019 /home/travis/build/icyphy/ptII/ptolemy/domains/modal/test/auto/Default3.xml
----------------- Instantiating /home/travis/build/icyphy/ptII/ptolemy/domains/modal/test/auto/Default3.xml
3 ms. Memory: 577536K Free: 265949K (46%)
----------------- Invoking toplevel() on ptolemy.moml.MoMLSimpleApplication@7eafa135
----------------- Done invoking toplevel() on ptolemy.moml.MoMLSimpleApplication@7eafa135
reloadAllAccessors: .Default3

===========================================================================================
----------------- testing Mon Jan 14 03:20:30 UTC 2019 /home/travis/build/icyphy/ptII/ptolemy/domains/modal/test/auto/Default4.xml
----------------- Instantiating /home/travis/build/icyphy/ptII/ptolemy/domains/modal/test/auto/Default4.xml
3 ms. Memory: 577536K Free: 256184K (44%)
----------------- Invoking toplevel() on ptolemy.moml.MoMLSimpleApplication@7ee3a385
----------------- Done invoking toplevel() on ptolemy.moml.MoMLSimpleApplication@7ee3a385
reloadAllAccessors: .Default4

===========================================================================================
----------------- testing Mon Jan 14 03:20:31 UTC 2019 /home/travis/build/icyphy/ptII/ptolemy/domains/modal/test/auto/Default5.xml
----------------- Instantiating /home/travis/build/icyphy/ptII/ptolemy/domains/modal/test/auto/Default5.xml
7 ms. Memory: 577536K Free: 243178K (42%)
----------------- Invoking toplevel() on ptolemy.moml.MoMLSimpleApplication@4128986c
----------------- Done invoking toplevel() on ptolemy.moml.MoMLSimpleApplication@4128986c
reloadAllAccessors: .Default5

===========================================================================================
----------------- testing Mon Jan 14 03:20:31 UTC 2019 /home/travis/build/icyphy/ptII/ptolemy/domains/modal/test/auto/EmptyGuard.xml
----------------- Instantiating /home/travis/build/icyphy/ptII/ptolemy/domains/modal/test/auto/EmptyGuard.xml
9 ms. Memory: 577536K Free: 227009K (39%)
----------------- Invoking toplevel() on ptolemy.moml.MoMLSimpleApplication@23717a42
----------------- Done invoking toplevel() on ptolemy.moml.MoMLSimpleApplication@23717a42
reloadAllAccessors: .EmptyGuard

===========================================================================================
----------------- testing Mon Jan 14 03:20:31 UTC 2019 /home/travis/build/icyphy/ptII/ptolemy/domains/modal/test/auto/ErrorTransition1.xml
----------------- Instantiating /home/travis/build/icyphy/ptII/ptolemy/domains/modal/test/auto/ErrorTransition1.xml
6 ms. Memory: 577536K Free: 214003K (37%)
----------------- Invoking toplevel() on ptolemy.moml.MoMLSimpleApplication@373c8ebb
----------------- Done invoking toplevel() on ptolemy.moml.MoMLSimpleApplication@373c8ebb
reloadAllAccessors: .ErrorTransition1

===========================================================================================
----------------- testing Mon Jan 14 03:20:31 UTC 2019 /home/travis/build/icyphy/ptII/ptolemy/domains/modal/test/auto/ErrorTransition10.xml
----------------- Instantiating /home/travis/build/icyphy/ptII/ptolemy/domains/modal/test/auto/ErrorTransition10.xml
10 ms. Memory: 577536K Free: 197723K (34%)
----------------- Invoking toplevel() on ptolemy.moml.MoMLSimpleApplication@7977ffa0
----------------- Done invoking toplevel() on ptolemy.moml.MoMLSimpleApplication@7977ffa0
reloadAllAccessors: .ErrorTransition10

===========================================================================================
----------------- testing Mon Jan 14 03:20:31 UTC 2019 /home/travis/build/icyphy/ptII/ptolemy/domains/modal/test/auto/ErrorTransition11.xml
----------------- Instantiating /home/travis/build/icyphy/ptII/ptolemy/domains/modal/test/auto/ErrorTransition11.xml
4 ms. Memory: 577536K Free: 181459K (31%)
----------------- Invoking toplevel() on ptolemy.moml.MoMLSimpleApplication@766d5213
----------------- Done invoking toplevel() on ptolemy.moml.MoMLSimpleApplication@766d5213
reloadAllAccessors: .ErrorTransition11

===========================================================================================
----------------- testing Mon Jan 14 03:20:31 UTC 2019 /home/travis/build/icyphy/ptII/ptolemy/domains/modal/test/auto/ErrorTransition2.xml
----------------- Instantiating /home/travis/build/icyphy/ptII/ptolemy/domains/modal/test/auto/ErrorTransition2.xml
5 ms. Memory: 577536K Free: 168445K (29%)
----------------- Invoking toplevel() on ptolemy.moml.MoMLSimpleApplication@5ce19321
----------------- Done invoking toplevel() on ptolemy.moml.MoMLSimpleApplication@5ce19321
reloadAllAccessors: .ErrorTransition2

===========================================================================================
----------------- testing Mon Jan 14 03:20:31 UTC 2019 /home/travis/build/icyphy/ptII/ptolemy/domains/modal/test/auto/ErrorTransition3.xml
----------------- Instantiating /home/travis/build/icyphy/ptII/ptolemy/domains/modal/test/auto/ErrorTransition3.xml
5 ms. Memory: 577536K Free: 152299K (26%)
----------------- Invoking toplevel() on ptolemy.moml.MoMLSimpleApplication@40ac70d3
----------------- Done invoking toplevel() on ptolemy.moml.MoMLSimpleApplication@40ac70d3
reloadAllAccessors: .ErrorTransition3

===========================================================================================
----------------- testing Mon Jan 14 03:20:31 UTC 2019 /home/travis/build/icyphy/ptII/ptolemy/domains/modal/test/auto/ErrorTransition4.xml
----------------- Instantiating /home/travis/build/icyphy/ptII/ptolemy/domains/modal/test/auto/ErrorTransition4.xml
4 ms. Memory: 577536K Free: 139285K (24%)
----------------- Invoking toplevel() on ptolemy.moml.MoMLSimpleApplication@3f2ddc22
----------------- Done invoking toplevel() on ptolemy.moml.MoMLSimpleApplication@3f2ddc22
reloadAllAccessors: .ErrorTransition4

===========================================================================================
----------------- testing Mon Jan 14 03:20:31 UTC 2019 /home/travis/build/icyphy/ptII/ptolemy/domains/modal/test/auto/ErrorTransition5.xml
----------------- Instantiating /home/travis/build/icyphy/ptII/ptolemy/domains/modal/test/auto/ErrorTransition5.xml
10 ms. Memory: 577536K Free: 126271K (22%)
----------------- Invoking toplevel() on ptolemy.moml.MoMLSimpleApplication@76da09ef
----------------- Done invoking toplevel() on ptolemy.moml.MoMLSimpleApplication@76da09ef
reloadAllAccessors: .ErrorTransition5

===========================================================================================
----------------- testing Mon Jan 14 03:20:31 UTC 2019 /home/travis/build/icyphy/ptII/ptolemy/domains/modal/test/auto/ErrorTransition6.xml
----------------- Instantiating /home/travis/build/icyphy/ptII/ptolemy/domains/modal/test/auto/ErrorTransition6.xml
7 ms. Memory: 577536K Free: 113257K (20%)
----------------- Invoking toplevel() on ptolemy.moml.MoMLSimpleApplication@47fd256e
----------------- Done invoking toplevel() on ptolemy.moml.MoMLSimpleApplication@47fd256e
reloadAllAccessors: .ErrorTransition6

===========================================================================================
----------------- testing Mon Jan 14 03:20:31 UTC 2019 /home/travis/build/icyphy/ptII/ptolemy/domains/modal/test/auto/ErrorTransition7.xml
----------------- Instantiating /home/travis/build/icyphy/ptII/ptolemy/domains/modal/test/auto/ErrorTransition7.xml
9 ms. Memory: 577536K Free: 93854K (16%)
----------------- Invoking toplevel() on ptolemy.moml.MoMLSimpleApplication@67aa89eb
----------------- Done invoking toplevel() on ptolemy.moml.MoMLSimpleApplication@67aa89eb
reloadAllAccessors: .ErrorTransition7

===========================================================================================
----------------- testing Mon Jan 14 03:20:31 UTC 2019 /home/travis/build/icyphy/ptII/ptolemy/domains/modal/test/auto/ErrorTransition8.xml
----------------- Instantiating /home/travis/build/icyphy/ptII/ptolemy/domains/modal/test/auto/ErrorTransition8.xml
52 ms. Memory: 577536K Free: 564706K (98%)
----------------- Invoking toplevel() on ptolemy.moml.MoMLSimpleApplication@5386184
----------------- Done invoking toplevel() on ptolemy.moml.MoMLSimpleApplication@5386184
reloadAllAccessors: .ErrorTransition8

===========================================================================================
----------------- testing Mon Jan 14 03:20:31 UTC 2019 /home/travis/build/icyphy/ptII/ptolemy/domains/modal/test/auto/ErrorTransition9.xml
----------------- Instantiating /home/travis/build/icyphy/ptII/ptolemy/domains/modal/test/auto/ErrorTransition9.xml
11 ms. Memory: 577536K Free: 543704K (94%)
----------------- Invoking toplevel() on ptolemy.moml.MoMLSimpleApplication@4b440e50
----------------- Done invoking toplevel() on ptolemy.moml.MoMLSimpleApplication@4b440e50
reloadAllAccessors: .ErrorTransition9

===========================================================================================
----------------- testing Mon Jan 14 03:20:31 UTC 2019 /home/travis/build/icyphy/ptII/ptolemy/domains/modal/test/auto/ExtendedFSM.xml
----------------- Instantiating /home/travis/build/icyphy/ptII/ptolemy/domains/modal/test/auto/ExtendedFSM.xml
10 ms. Memory: 577536K Free: 533940K (92%)
----------------- Invoking toplevel() on ptolemy.moml.MoMLSimpleApplication@4900a83a
----------------- Done invoking toplevel() on ptolemy.moml.MoMLSimpleApplication@4900a83a
reloadAllAccessors: .ExtendedFSM

===========================================================================================
----------------- testing Mon Jan 14 03:20:31 UTC 2019 /home/travis/build/icyphy/ptII/ptolemy/domains/modal/test/auto/FinalStates.xml
----------------- Instantiating /home/travis/build/icyphy/ptII/ptolemy/domains/modal/test/auto/FinalStates.xml
5 ms. Memory: 577536K Free: 521988K (90%)
----------------- Invoking toplevel() on ptolemy.moml.MoMLSimpleApplication@78c32921
----------------- Done invoking toplevel() on ptolemy.moml.MoMLSimpleApplication@78c32921
reloadAllAccessors: .FinalStates

===========================================================================================
----------------- testing Mon Jan 14 03:20:31 UTC 2019 /home/travis/build/icyphy/ptII/ptolemy/domains/modal/test/auto/FixedPointFSM.xml
----------------- Instantiating /home/travis/build/icyphy/ptII/ptolemy/domains/modal/test/auto/FixedPointFSM.xml
18 ms. Memory: 577536K Free: 504911K (87%)
----------------- Invoking toplevel() on ptolemy.moml.MoMLSimpleApplication@5d91179d
----------------- Done invoking toplevel() on ptolemy.moml.MoMLSimpleApplication@5d91179d
reloadAllAccessors: .FixedPointFSM

===========================================================================================
----------------- testing Mon Jan 14 03:20:31 UTC 2019 /home/travis/build/icyphy/ptII/ptolemy/domains/modal/test/auto/FixedPointIterationFSMActor.xml
----------------- Instantiating /home/travis/build/icyphy/ptII/ptolemy/domains/modal/test/auto/FixedPointIterationFSMActor.xml
7 ms. Memory: 577536K Free: 492701K (85%)
----------------- Invoking toplevel() on ptolemy.moml.MoMLSimpleApplication@29c81891
----------------- Done invoking toplevel() on ptolemy.moml.MoMLSimpleApplication@29c81891
reloadAllAccessors: .FixedPointIterationFSMActor

===========================================================================================
----------------- testing Mon Jan 14 03:20:31 UTC 2019 /home/travis/build/icyphy/ptII/ptolemy/domains/modal/test/auto/FixedPointIterationFSMActor2.xml
----------------- Instantiating /home/travis/build/icyphy/ptII/ptolemy/domains/modal/test/auto/FixedPointIterationFSMActor2.xml
12 ms. Memory: 577536K Free: 475843K (82%)
----------------- Invoking toplevel() on ptolemy.moml.MoMLSimpleApplication@23bb142c
----------------- Done invoking toplevel() on ptolemy.moml.MoMLSimpleApplication@23bb142c
reloadAllAccessors: .FixedPointIterationFSMActor2

===========================================================================================
----------------- testing Mon Jan 14 03:20:31 UTC 2019 /home/travis/build/icyphy/ptII/ptolemy/domains/modal/test/auto/ForbiddenInstantanousLoop.xml
----------------- Instantiating /home/travis/build/icyphy/ptII/ptolemy/domains/modal/test/auto/ForbiddenInstantanousLoop.xml
4 ms. Memory: 577536K Free: 461212K (80%)
----------------- Invoking toplevel() on ptolemy.moml.MoMLSimpleApplication@1a98e04f
----------------- Done invoking toplevel() on ptolemy.moml.MoMLSimpleApplication@1a98e04f
reloadAllAccessors: .ForbiddenInstantanousLoop

===========================================================================================
----------------- testing Mon Jan 14 03:20:31 UTC 2019 /home/travis/build/icyphy/ptII/ptolemy/domains/modal/test/auto/FunctionDependencyOfFSMActorTest.xml
----------------- Instantiating /home/travis/build/icyphy/ptII/ptolemy/domains/modal/test/auto/FunctionDependencyOfFSMActorTest.xml
13 ms. Memory: 577536K Free: 453892K (79%)
----------------- Invoking toplevel() on ptolemy.moml.MoMLSimpleApplication@67804ff9
----------------- Done invoking toplevel() on ptolemy.moml.MoMLSimpleApplication@67804ff9
reloadAllAccessors: .FunctionDependencyOfFSMActorTest

===========================================================================================
----------------- testing Mon Jan 14 03:20:31 UTC 2019 /home/travis/build/icyphy/ptII/ptolemy/domains/modal/test/auto/GuardExpression.xml
----------------- Instantiating /home/travis/build/icyphy/ptII/ptolemy/domains/modal/test/auto/GuardExpression.xml
1 ms. Memory: 577536K Free: 444378K (77%)
----------------- Invoking toplevel() on ptolemy.moml.MoMLSimpleApplication@55ff8909
----------------- Done invoking toplevel() on ptolemy.moml.MoMLSimpleApplication@55ff8909
reloadAllAccessors: .GuardExpression

===========================================================================================
----------------- testing Mon Jan 14 03:20:31 UTC 2019 /home/travis/build/icyphy/ptII/ptolemy/domains/modal/test/auto/GuardNotEvaluated.xml
----------------- Instantiating /home/travis/build/icyphy/ptII/ptolemy/domains/modal/test/auto/GuardNotEvaluated.xml
4 ms. Memory: 577536K Free: 432184K (75%)
----------------- Invoking toplevel() on ptolemy.moml.MoMLSimpleApplication@5602382f
----------------- Done invoking toplevel() on ptolemy.moml.MoMLSimpleApplication@5602382f
reloadAllAccessors: .GuardNotEvaluated

===========================================================================================
----------------- testing Mon Jan 14 03:20:31 UTC 2019 /home/travis/build/icyphy/ptII/ptolemy/domains/modal/test/auto/GuardNotEvaluated2.xml
----------------- Instantiating /home/travis/build/icyphy/ptII/ptolemy/domains/modal/test/auto/GuardNotEvaluated2.xml
5 ms. Memory: 577536K Free: 419966K (73%)
----------------- Invoking toplevel() on ptolemy.moml.MoMLSimpleApplication@6528918c
----------------- Done invoking toplevel() on ptolemy.moml.MoMLSimpleApplication@6528918c
reloadAllAccessors: .GuardNotEvaluated2

===========================================================================================
----------------- testing Mon Jan 14 03:20:31 UTC 2019 /home/travis/build/icyphy/ptII/ptolemy/domains/modal/test/auto/GuardOnAbsent.xml
----------------- Instantiating /home/travis/build/icyphy/ptII/ptolemy/domains/modal/test/auto/GuardOnAbsent.xml
6 ms. Memory: 577536K Free: 407990K (71%)
----------------- Invoking toplevel() on ptolemy.moml.MoMLSimpleApplication@95b9636
----------------- Done invoking toplevel() on ptolemy.moml.MoMLSimpleApplication@95b9636
reloadAllAccessors: .GuardOnAbsent

===========================================================================================
----------------- testing Mon Jan 14 03:20:31 UTC 2019 /home/travis/build/icyphy/ptII/ptolemy/domains/modal/test/auto/HierarchicalFSMTypeInference.xml
----------------- Instantiating /home/travis/build/icyphy/ptII/ptolemy/domains/modal/test/auto/HierarchicalFSMTypeInference.xml
3 ms. Memory: 577536K Free: 393351K (68%)
----------------- Invoking toplevel() on ptolemy.moml.MoMLSimpleApplication@5129b8ab
----------------- Done invoking toplevel() on ptolemy.moml.MoMLSimpleApplication@5129b8ab
reloadAllAccessors: .HierarchicalFSMTypeInference

===========================================================================================
----------------- testing Mon Jan 14 03:20:31 UTC 2019 /home/travis/build/icyphy/ptII/ptolemy/domains/modal/test/auto/Hysteresis.xml
----------------- Instantiating /home/travis/build/icyphy/ptII/ptolemy/domains/modal/test/auto/Hysteresis.xml
8 ms. Memory: 577536K Free: 374072K (65%)
----------------- Invoking toplevel() on ptolemy.moml.MoMLSimpleApplication@142c9e6b
----------------- Done invoking toplevel() on ptolemy.moml.MoMLSimpleApplication@142c9e6b
reloadAllAccessors: .Hysteresis

===========================================================================================
----------------- testing Mon Jan 14 03:20:31 UTC 2019 /home/travis/build/icyphy/ptII/ptolemy/domains/modal/test/auto/HysteresisWithDefault.xml
----------------- Instantiating /home/travis/build/icyphy/ptII/ptolemy/domains/modal/test/auto/HysteresisWithDefault.xml
29 ms. Memory: 577536K Free: 347215K (60%)
----------------- Invoking toplevel() on ptolemy.moml.MoMLSimpleApplication@bbb7cc0
----------------- Done invoking toplevel() on ptolemy.moml.MoMLSimpleApplication@bbb7cc0
reloadAllAccessors: .HysteresisWithDefault

===========================================================================================
----------------- testing Mon Jan 14 03:20:31 UTC 2019 /home/travis/build/icyphy/ptII/ptolemy/domains/modal/test/auto/HysteresisWithDefault2.xml
----------------- Instantiating /home/travis/build/icyphy/ptII/ptolemy/domains/modal/test/auto/HysteresisWithDefault2.xml
31 ms. Memory: 577536K Free: 315436K (55%)
----------------- Invoking toplevel() on ptolemy.moml.MoMLSimpleApplication@382ccd6e
----------------- Done invoking toplevel() on ptolemy.moml.MoMLSimpleApplication@382ccd6e
reloadAllAccessors: .HysteresisWithDefault2

===========================================================================================
----------------- testing Mon Jan 14 03:20:31 UTC 2019 /home/travis/build/icyphy/ptII/ptolemy/domains/modal/test/auto/ImmediateNonConstructiveness.xml
----------------- Instantiating /home/travis/build/icyphy/ptII/ptolemy/domains/modal/test/auto/ImmediateNonConstructiveness.xml
2 ms. Memory: 577536K Free: 303476K (53%)
----------------- Invoking toplevel() on ptolemy.moml.MoMLSimpleApplication@11e803a1
----------------- Done invoking toplevel() on ptolemy.moml.MoMLSimpleApplication@11e803a1
reloadAllAccessors: .ImmediateNonConstructiveness

===========================================================================================
----------------- testing Mon Jan 14 03:20:31 UTC 2019 /home/travis/build/icyphy/ptII/ptolemy/domains/modal/test/auto/ImmediateNonConstructiveness2.xml
----------------- Instantiating /home/travis/build/icyphy/ptII/ptolemy/domains/modal/test/auto/ImmediateNonConstructiveness2.xml
1 ms. Memory: 577536K Free: 293711K (51%)
----------------- Invoking toplevel() on ptolemy.moml.MoMLSimpleApplication@232d5ecd
----------------- Done invoking toplevel() on ptolemy.moml.MoMLSimpleApplication@232d5ecd
reloadAllAccessors: .ImmediateNonConstructiveness2

===========================================================================================
----------------- testing Mon Jan 14 03:20:32 UTC 2019 /home/travis/build/icyphy/ptII/ptolemy/domains/modal/test/auto/ImmediateTransitionReset.xml
----------------- Instantiating /home/travis/build/icyphy/ptII/ptolemy/domains/modal/test/auto/ImmediateTransitionReset.xml
3 ms. Memory: 577536K Free: 279048K (48%)
----------------- Invoking toplevel() on ptolemy.moml.MoMLSimpleApplication@63561615
----------------- Done invoking toplevel() on ptolemy.moml.MoMLSimpleApplication@63561615
reloadAllAccessors: .ImmediateTransitionReset

===========================================================================================
----------------- testing Mon Jan 14 03:20:32 UTC 2019 /home/travis/build/icyphy/ptII/ptolemy/domains/modal/test/auto/ImmediateTransitions1.xml
----------------- Instantiating /home/travis/build/icyphy/ptII/ptolemy/domains/modal/test/auto/ImmediateTransitions1.xml
1 ms. Memory: 577536K Free: 269541K (47%)
----------------- Invoking toplevel() on ptolemy.moml.MoMLSimpleApplication@1ad0375a
----------------- Done invoking toplevel() on ptolemy.moml.MoMLSimpleApplication@1ad0375a
reloadAllAccessors: .ImmediateTransitions1

===========================================================================================
----------------- testing Mon Jan 14 03:20:32 UTC 2019 /home/travis/build/icyphy/ptII/ptolemy/domains/modal/test/auto/ImmediateTransitionsInstantaneousCommunication.xml
----------------- Instantiating /home/travis/build/icyphy/ptII/ptolemy/domains/modal/test/auto/ImmediateTransitionsInstantaneousCommunication.xml
3 ms. Memory: 577536K Free: 254886K (44%)
----------------- Invoking toplevel() on ptolemy.moml.MoMLSimpleApplication@80132da
----------------- Done invoking toplevel() on ptolemy.moml.MoMLSimpleApplication@80132da
reloadAllAccessors: .ImmediateTransitionsInstantaneousCommunication

===========================================================================================
----------------- testing Mon Jan 14 03:20:32 UTC 2019 /home/travis/build/icyphy/ptII/ptolemy/domains/modal/test/auto/InitialImmediateTransition.xml
----------------- Instantiating /home/travis/build/icyphy/ptII/ptolemy/domains/modal/test/auto/InitialImmediateTransition.xml
3 ms. Memory: 577536K Free: 245122K (42%)
----------------- Invoking toplevel() on ptolemy.moml.MoMLSimpleApplication@2c3ace53
----------------- Done invoking toplevel() on ptolemy.moml.MoMLSimpleApplication@2c3ace53
reloadAllAccessors: .InitialImmediateTransition

===========================================================================================
----------------- testing Mon Jan 14 03:20:32 UTC 2019 /home/travis/build/icyphy/ptII/ptolemy/domains/modal/test/auto/InitialOutputs.xml
----------------- Instantiating /home/travis/build/icyphy/ptII/ptolemy/domains/modal/test/auto/InitialOutputs.xml
3 ms. Memory: 577536K Free: 233177K (40%)
----------------- Invoking toplevel() on ptolemy.moml.MoMLSimpleApplication@7bafe75d
----------------- Done invoking toplevel() on ptolemy.moml.MoMLSimpleApplication@7bafe75d
reloadAllAccessors: .InitialOutputs

===========================================================================================
----------------- testing Mon Jan 14 03:20:32 UTC 2019 /home/travis/build/icyphy/ptII/ptolemy/domains/modal/test/auto/InitialStateTransition1.xml
----------------- Instantiating /home/travis/build/icyphy/ptII/ptolemy/domains/modal/test/auto/InitialStateTransition1.xml
1 ms. Memory: 577536K Free: 223421K (39%)
----------------- Invoking toplevel() on ptolemy.moml.MoMLSimpleApplication@77d7b256
----------------- Done invoking toplevel() on ptolemy.moml.MoMLSimpleApplication@77d7b256
reloadAllAccessors: .InitialStateTransition1

===========================================================================================
----------------- testing Mon Jan 14 03:20:32 UTC 2019 /home/travis/build/icyphy/ptII/ptolemy/domains/modal/test/auto/InitialStateTransition2.xml
----------------- Instantiating /home/travis/build/icyphy/ptII/ptolemy/domains/modal/test/auto/InitialStateTransition2.xml
.InitialStateTransition2.TestExceptionAttributeNonConstructive: initialize() was not invoked, but wrapup() was.  This is unusual, but not always a problem.  For example, exporting JNLP will do this.
0 ms. Memory: 577536K Free: 209023K (36%)
----------------- Invoking toplevel() on ptolemy.moml.MoMLSimpleApplication@5223b881
----------------- Done invoking toplevel() on ptolemy.moml.MoMLSimpleApplication@5223b881
reloadAllAccessors: .InitialStateTransition2

===========================================================================================
----------------- testing Mon Jan 14 03:20:32 UTC 2019 /home/travis/build/icyphy/ptII/ptolemy/domains/modal/test/auto/InitialStateTransition3.xml
----------------- Instantiating /home/travis/build/icyphy/ptII/ptolemy/domains/modal/test/auto/InitialStateTransition3.xml
3 ms. Memory: 577536K Free: 196813K (34%)
----------------- Invoking toplevel() on ptolemy.moml.MoMLSimpleApplication@7f6cee52
----------------- Done invoking toplevel() on ptolemy.moml.MoMLSimpleApplication@7f6cee52
reloadAllAccessors: .InitialStateTransition3

===========================================================================================
----------------- testing Mon Jan 14 03:20:32 UTC 2019 /home/travis/build/icyphy/ptII/ptolemy/domains/modal/test/auto/InitialStateTransition4.xml
----------------- Instantiating /home/travis/build/icyphy/ptII/ptolemy/domains/modal/test/auto/InitialStateTransition4.xml
2 ms. Memory: 577536K Free: 184612K (32%)
----------------- Invoking toplevel() on ptolemy.moml.MoMLSimpleApplication@48babbc
----------------- Done invoking toplevel() on ptolemy.moml.MoMLSimpleApplication@48babbc
[...]
----------------- Done invoking toplevel() on ptolemy.moml.MoMLSimpleApplication@7d33ca14
reloadAllAccessors: .TerminationTransition3

===========================================================================================
----------------- testing Mon Jan 14 03:20:33 UTC 2019 /home/travis/build/icyphy/ptII/ptolemy/domains/modal/test/auto/TerminationTransition4.xml
----------------- Instantiating /home/travis/build/icyphy/ptII/ptolemy/domains/modal/test/auto/TerminationTransition4.xml
5 ms. Memory: 869888K Free: 85656K (10%)
----------------- Invoking toplevel() on ptolemy.moml.MoMLSimpleApplication@451698e6
----------------- Done invoking toplevel() on ptolemy.moml.MoMLSimpleApplication@451698e6
reloadAllAccessors: .TerminationTransition4

===========================================================================================
----------------- testing Mon Jan 14 03:20:34 UTC 2019 /home/travis/build/icyphy/ptII/ptolemy/domains/modal/test/auto/TerminationTransition5.xml
----------------- Instantiating /home/travis/build/icyphy/ptII/ptolemy/domains/modal/test/auto/TerminationTransition5.xml
2 ms. Memory: 870400K Free: 844923K (97%)
----------------- Invoking toplevel() on ptolemy.moml.MoMLSimpleApplication@5625d6d
----------------- Done invoking toplevel() on ptolemy.moml.MoMLSimpleApplication@5625d6d
reloadAllAccessors: .TerminationTransition5

===========================================================================================
----------------- testing Mon Jan 14 03:20:34 UTC 2019 /home/travis/build/icyphy/ptII/ptolemy/domains/modal/test/auto/TerminationTransition6.xml
----------------- Instantiating /home/travis/build/icyphy/ptII/ptolemy/domains/modal/test/auto/TerminationTransition6.xml
1 ms. Memory: 870400K Free: 827451K (95%)
----------------- Invoking toplevel() on ptolemy.moml.MoMLSimpleApplication@33934c41
----------------- Done invoking toplevel() on ptolemy.moml.MoMLSimpleApplication@33934c41
reloadAllAccessors: .TerminationTransition6

===========================================================================================
----------------- testing Mon Jan 14 03:20:34 UTC 2019 /home/travis/build/icyphy/ptII/ptolemy/domains/modal/test/auto/TerminationTransition7.xml
----------------- Instantiating /home/travis/build/icyphy/ptII/ptolemy/domains/modal/test/auto/TerminationTransition7.xml
3 ms. Memory: 870400K Free: 811750K (93%)
----------------- Invoking toplevel() on ptolemy.moml.MoMLSimpleApplication@69c978a7
----------------- Done invoking toplevel() on ptolemy.moml.MoMLSimpleApplication@69c978a7
reloadAllAccessors: .TerminationTransition7

===========================================================================================
----------------- testing Mon Jan 14 03:20:34 UTC 2019 /home/travis/build/icyphy/ptII/ptolemy/domains/modal/test/auto/TerminationTransition8.xml
----------------- Instantiating /home/travis/build/icyphy/ptII/ptolemy/domains/modal/test/auto/TerminationTransition8.xml
2 ms. Memory: 870400K Free: 794279K (91%)
----------------- Invoking toplevel() on ptolemy.moml.MoMLSimpleApplication@7e9f7f9f
----------------- Done invoking toplevel() on ptolemy.moml.MoMLSimpleApplication@7e9f7f9f
reloadAllAccessors: .TerminationTransition8

===========================================================================================
----------------- testing Mon Jan 14 03:20:34 UTC 2019 /home/travis/build/icyphy/ptII/ptolemy/domains/modal/test/auto/Thermostat_NoHysteresis.xml
----------------- Instantiating /home/travis/build/icyphy/ptII/ptolemy/domains/modal/test/auto/Thermostat_NoHysteresis.xml
19 ms. Memory: 870400K Free: 763072K (88%)
----------------- Invoking toplevel() on ptolemy.moml.MoMLSimpleApplication@20f8dbb7
----------------- Done invoking toplevel() on ptolemy.moml.MoMLSimpleApplication@20f8dbb7
reloadAllAccessors: .Thermostat_NoHysteresis

===========================================================================================
----------------- testing Mon Jan 14 03:20:34 UTC 2019 /home/travis/build/icyphy/ptII/ptolemy/domains/modal/test/auto/TimedFSM.xml
----------------- Instantiating /home/travis/build/icyphy/ptII/ptolemy/domains/modal/test/auto/TimedFSM.xml
7 ms. Memory: 870400K Free: 745601K (86%)
----------------- Invoking toplevel() on ptolemy.moml.MoMLSimpleApplication@422ab9c6
----------------- Done invoking toplevel() on ptolemy.moml.MoMLSimpleApplication@422ab9c6
reloadAllAccessors: .TimedFSM

===========================================================================================
----------------- testing Mon Jan 14 03:20:34 UTC 2019 /home/travis/build/icyphy/ptII/ptolemy/domains/modal/test/auto/Timeout1.xml
----------------- Instantiating /home/travis/build/icyphy/ptII/ptolemy/domains/modal/test/auto/Timeout1.xml
3 ms. Memory: 870400K Free: 735204K (84%)
----------------- Invoking toplevel() on ptolemy.moml.MoMLSimpleApplication@529a1edb
----------------- Done invoking toplevel() on ptolemy.moml.MoMLSimpleApplication@529a1edb
reloadAllAccessors: .Timeout1

===========================================================================================
----------------- testing Mon Jan 14 03:20:34 UTC 2019 /home/travis/build/icyphy/ptII/ptolemy/domains/modal/test/auto/Timeout2.xml
----------------- Instantiating /home/travis/build/icyphy/ptII/ptolemy/domains/modal/test/auto/Timeout2.xml
3 ms. Memory: 870400K Free: 717724K (82%)
----------------- Invoking toplevel() on ptolemy.moml.MoMLSimpleApplication@638c000a
----------------- Done invoking toplevel() on ptolemy.moml.MoMLSimpleApplication@638c000a
reloadAllAccessors: .Timeout2

===========================================================================================
----------------- testing Mon Jan 14 03:20:34 UTC 2019 /home/travis/build/icyphy/ptII/ptolemy/domains/modal/test/auto/Timeout3.xml
----------------- Instantiating /home/travis/build/icyphy/ptII/ptolemy/domains/modal/test/auto/Timeout3.xml
6 ms. Memory: 870400K Free: 707327K (81%)
----------------- Invoking toplevel() on ptolemy.moml.MoMLSimpleApplication@1498bfd2
----------------- Done invoking toplevel() on ptolemy.moml.MoMLSimpleApplication@1498bfd2
reloadAllAccessors: .Timeout3

===========================================================================================
----------------- testing Mon Jan 14 03:20:34 UTC 2019 /home/travis/build/icyphy/ptII/ptolemy/domains/modal/test/auto/Timeout4.xml
----------------- Instantiating /home/travis/build/icyphy/ptII/ptolemy/domains/modal/test/auto/Timeout4.xml
2 ms. Memory: 870400K Free: 695062K (80%)
----------------- Invoking toplevel() on ptolemy.moml.MoMLSimpleApplication@79a402ad
----------------- Done invoking toplevel() on ptolemy.moml.MoMLSimpleApplication@79a402ad
reloadAllAccessors: .Timeout4

===========================================================================================
----------------- testing Mon Jan 14 03:20:34 UTC 2019 /home/travis/build/icyphy/ptII/ptolemy/domains/modal/test/auto/TransientstateModelAdvanced.xml
----------------- Instantiating /home/travis/build/icyphy/ptII/ptolemy/domains/modal/test/auto/TransientstateModelAdvanced.xml
3 ms. Memory: 870400K Free: 674260K (77%)
----------------- Invoking toplevel() on ptolemy.moml.MoMLSimpleApplication@476060ef
----------------- Done invoking toplevel() on ptolemy.moml.MoMLSimpleApplication@476060ef
reloadAllAccessors: .TransientstateModelAdvanced

===========================================================================================
----------------- testing Mon Jan 14 03:20:34 UTC 2019 /home/travis/build/icyphy/ptII/ptolemy/domains/modal/test/auto/TransientstateModelAdvanced2.xml
----------------- Instantiating /home/travis/build/icyphy/ptII/ptolemy/domains/modal/test/auto/TransientstateModelAdvanced2.xml
3 ms. Memory: 870400K Free: 651581K (75%)
----------------- Invoking toplevel() on ptolemy.moml.MoMLSimpleApplication@6005457
----------------- Done invoking toplevel() on ptolemy.moml.MoMLSimpleApplication@6005457
reloadAllAccessors: .transientstatemodelAdvanced

===========================================================================================
----------------- testing Mon Jan 14 03:20:34 UTC 2019 /home/travis/build/icyphy/ptII/ptolemy/domains/modal/test/auto/TransitionRefinements.xml
----------------- Instantiating /home/travis/build/icyphy/ptII/ptolemy/domains/modal/test/auto/TransitionRefinements.xml
7 ms. Memory: 870400K Free: 635978K (73%)
----------------- Invoking toplevel() on ptolemy.moml.MoMLSimpleApplication@5ff20a31
----------------- Done invoking toplevel() on ptolemy.moml.MoMLSimpleApplication@5ff20a31
reloadAllAccessors: .TransitionRefinements

===========================================================================================
----------------- testing Mon Jan 14 03:20:34 UTC 2019 /home/travis/build/icyphy/ptII/ptolemy/domains/modal/test/auto/TwoRefinements1.xml
----------------- Instantiating /home/travis/build/icyphy/ptII/ptolemy/domains/modal/test/auto/TwoRefinements1.xml
2 ms. Memory: 870400K Free: 618499K (71%)
----------------- Invoking toplevel() on ptolemy.moml.MoMLSimpleApplication@4a4c656c
----------------- Done invoking toplevel() on ptolemy.moml.MoMLSimpleApplication@4a4c656c
reloadAllAccessors: .TwoRefinements1

===========================================================================================
----------------- testing Mon Jan 14 03:20:34 UTC 2019 /home/travis/build/icyphy/ptII/ptolemy/domains/modal/test/auto/TwoRefinements2.xml
----------------- Instantiating /home/travis/build/icyphy/ptII/ptolemy/domains/modal/test/auto/TwoRefinements2.xml
2 ms. Memory: 870400K Free: 602887K (69%)
----------------- Invoking toplevel() on ptolemy.moml.MoMLSimpleApplication@1f1abbed
----------------- Done invoking toplevel() on ptolemy.moml.MoMLSimpleApplication@1f1abbed
reloadAllAccessors: .TwoRefinements2

===========================================================================================
----------------- testing Mon Jan 14 03:20:34 UTC 2019 /home/travis/build/icyphy/ptII/ptolemy/domains/modal/test/auto/WeakImmediateTransition.xml
----------------- Instantiating /home/travis/build/icyphy/ptII/ptolemy/domains/modal/test/auto/WeakImmediateTransition.xml
2 ms. Memory: 870400K Free: 585408K (67%)
----------------- Invoking toplevel() on ptolemy.moml.MoMLSimpleApplication@518540c0
----------------- Done invoking toplevel() on ptolemy.moml.MoMLSimpleApplication@518540c0
reloadAllAccessors: .WeakImmediateTransition

===========================================================================================
----------------- testing Mon Jan 14 03:20:34 UTC 2019 /home/travis/build/icyphy/ptII/ptolemy/domains/modal/test/auto/booleanSelect.xml
----------------- Instantiating /home/travis/build/icyphy/ptII/ptolemy/domains/modal/test/auto/booleanSelect.xml
25 ms. Memory: 870400K Free: 559367K (64%)
----------------- Invoking toplevel() on ptolemy.moml.MoMLSimpleApplication@3a13787c
----------------- Done invoking toplevel() on ptolemy.moml.MoMLSimpleApplication@3a13787c
reloadAllAccessors: .booleanSelect

===========================================================================================
----------------- testing Mon Jan 14 03:20:34 UTC 2019 /home/travis/build/icyphy/ptII/ptolemy/domains/modal/test/auto/modalChangingParams.xml
----------------- Instantiating /home/travis/build/icyphy/ptII/ptolemy/domains/modal/test/auto/modalChangingParams.xml
0
1
0
2
4
6
8
7
0
2
4
6
8
13
0
2
4
6
8
19
0
2
4
6
8
25
0
2
4
6
8
31
0
2
4
6
8
37
0
2
4
6
8
43
0
2
4
6
8
49
0
2
4
6
8
55
0
2
4
6
8
61
0
2
4
6
8
67
0
2
4
6
8
73
0
2
4
6
8
79
0
2
4
6
8
85
0
2
4
6
8
91
0
2
4
6
8
97
0
2
4
6
8
103
0
2
4
6
8
109
0
2
4
6
8
115
0
2
4
6
8
121
0
2
4
6
8
127
0
2
4
6
8
133
0
2
4
6
8
139
0
2
4
6
8
145
0
2
4
6
8
151
0
2
4
6
8
157
0
2
4
6
8
163
0
2
4
6
8
169
0
2
4
6
8
175
0
2
4
6
8
181
0
2
4
6
8
187
0
2
4
6
8
193
0
2
4
6
8
199
0
2
4
6
8
205
0
2
4
6
8
211
0
2
4
6
8
217
0
2
4
6
8
223
0
2
4
6
8
229
0
2
4
6
8
235
0
2
4
6
8
241
0
2
4
6
8
247
0
2
4
6
8
253
0
2
4
6
8
259
0
2
4
6
8
265
0
2
4
6
8
271
0
2
4
6
8
277
0
2
4
6
8
283
0
2
4
6
8
289
0
2
4
6
8
295
0
2
4
6
8
301
0
2
4
6
8
307
0
2
4
6
8
313
0
2
4
6
8
319
0
2
4
6
8
325
0
2
4
6
8
331
0
2
4
6
8
337
0
2
4
6
8
343
0
2
4
6
8
349
0
2
4
6
8
355
0
2
4
6
8
361
0
2
4
6
8
367
0
2
4
6
8
373
0
2
4
6
8
379
0
2
4
6
8
385
0
2
4
6
8
391
0
2
4
6
8
397
0
2
4
6
8
403
0
2
4
6
8
409
0
2
4
6
8
415
0
2
4
6
8
421
0
2
4
6
8
427
0
2
4
6
8
433
0
2
4
6
8
439
0
2
4
6
8
445
0
2
4
6
8
451
0
2
4
6
8
457
0
2
4
6
8
463
0
2
4
6
8
469
0
2
4
6
8
475
0
2
4
6
8
481
0
2
4
6
8
487
0
2
4
6
8
493
0
2
4
6
8
499
0
2
4
6
8
505
0
2
4
6
8
511
0
2
4
6
8
517
0
2
4
6
8
523
0
2
4
6
8
529
0
2
4
6
8
535
0
2
4
6
8
541
0
2
4
6
8
547
0
2
4
6
8
553
0
2
4
6
8
559
0
2
4
6
8
565
0
2
4
6
8
571
0
2
4
6
8
577
0
2
4
6
8
583
0
2
4
6
8
589
0
2
4
6
8
595
0
2
4
6
8
601
0
2
4
6
8
607
0
2
4
6
8
613
0
2
4
6
8
619
0
2
4
6
8
625
0
2
4
6
8
631
0
2
4
6
8
637
0
2
4
6
8
643
0
2
4
6
8
649
0
2
4
6
8
655
0
2
4
6
8
661
0
2
4
6
8
667
0
2
4
6
8
673
0
2
4
6
8
679
0
2
4
6
8
685
0
2
4
6
8
691
0
2
4
6
8
697
0
2
4
6
8
703
0
2
4
6
8
709
0
2
4
6
8
715
0
2
4
6
8
721
0
2
4
6
8
727
0
2
4
6
8
733
0
2
4
6
8
739
0
2
4
6
8
745
0
2
4
6
8
751
0
2
4
6
8
757
0
2
4
6
8
763
0
2
4
6
8
769
0
2
4
6
8
775
0
2
4
6
8
781
0
2
4
6
8
787
0
2
4
6
8
793
0
2
4
6
8
799
0
2
4
6
8
805
0
2
4
6
8
811
0
2
4
6
8
817
0
2
4
6
8
823
0
2
4
6
8
829
0
2
4
6
8
835
0
2
4
6
8
841
0
2
4
6
8
847
0
2
4
6
8
853
0
2
4
6
8
859
0
2
4
6
8
865
0
2
4
6
8
871
0
2
4
6
8
877
0
2
4
6
8
883
0
2
4
6
8
889
0
2
4
6
8
895
0
2
4
6
8
901
0
2
4
6
8
907
0
2
4
6
8
913
0
2
4
6
8
919
0
2
4
6
8
925
0
2
4
6
8
931
0
2
4
6
8
937
0
2
4
6
8
943
0
2
4
6
8
949
0
2
4
6
8
955
0
2
4
6
8
961
0
2
4
6
8
967
0
2
4
6
8
973
0
2
4
6
8
979
0
2
4
6
8
985
0
2
4
6
8
991
0
2
4
6
8
997
0
2
168 ms. Memory: 870400K Free: 439656K (51%)
----------------- Invoking toplevel() on ptolemy.moml.MoMLSimpleApplication@35c9f1df
----------------- Done invoking toplevel() on ptolemy.moml.MoMLSimpleApplication@35c9f1df
reloadAllAccessors: .modalChangingParams

===========================================================================================
----------------- testing Mon Jan 14 03:20:34 UTC 2019 /home/travis/build/icyphy/ptII/ptolemy/domains/modal/test/auto/modalModel.xml
----------------- Instantiating /home/travis/build/icyphy/ptII/ptolemy/domains/modal/test/auto/modalModel.xml
4 ms. Memory: 870400K Free: 422193K (49%)
----------------- Invoking toplevel() on ptolemy.moml.MoMLSimpleApplication@411714c3
----------------- Done invoking toplevel() on ptolemy.moml.MoMLSimpleApplication@411714c3
reloadAllAccessors: .modalModel

===========================================================================================
----------------- testing Mon Jan 14 03:20:34 UTC 2019 /home/travis/build/icyphy/ptII/ptolemy/domains/modal/test/auto/modalModel2.xml
----------------- Instantiating /home/travis/build/icyphy/ptII/ptolemy/domains/modal/test/auto/modalModel2.xml
5 ms. Memory: 870400K Free: 406582K (47%)
----------------- Invoking toplevel() on ptolemy.moml.MoMLSimpleApplication@4eeb1ebc
----------------- Done invoking toplevel() on ptolemy.moml.MoMLSimpleApplication@4eeb1ebc
reloadAllAccessors: .modalModel2

===========================================================================================
----------------- testing Mon Jan 14 03:20:34 UTC 2019 /home/travis/build/icyphy/ptII/ptolemy/domains/modal/test/auto/modalModel3.xml
----------------- Instantiating /home/travis/build/icyphy/ptII/ptolemy/domains/modal/test/auto/modalModel3.xml
0	0	0
1	0	1
4	2	2
7	4	3
10	6	4
5	0	5
8	2	6
11	4	7
14	6	8
9	0	9
12	2	10
15	4	11
18	6	12
13	0	13
16	2	14
9 ms. Memory: 870400K Free: 383903K (44%)
----------------- Invoking toplevel() on ptolemy.moml.MoMLSimpleApplication@5294606e
----------------- Done invoking toplevel() on ptolemy.moml.MoMLSimpleApplication@5294606e
reloadAllAccessors: .modalModel3

===========================================================================================
----------------- testing Mon Jan 14 03:20:34 UTC 2019 /home/travis/build/icyphy/ptII/ptolemy/domains/modal/test/auto/model1.xml
----------------- Instantiating /home/travis/build/icyphy/ptII/ptolemy/domains/modal/test/auto/model1.xml
8 ms. Memory: 870400K Free: 373506K (43%)
----------------- Invoking toplevel() on ptolemy.moml.MoMLSimpleApplication@47b5c10c
----------------- Done invoking toplevel() on ptolemy.moml.MoMLSimpleApplication@47b5c10c
reloadAllAccessors: .model1

===========================================================================================
----------------- testing Mon Jan 14 03:20:34 UTC 2019 /home/travis/build/icyphy/ptII/ptolemy/domains/modal/test/auto/test-direct-in-out.xml
----------------- Instantiating /home/travis/build/icyphy/ptII/ptolemy/domains/modal/test/auto/test-direct-in-out.xml
3 ms. Memory: 870400K Free: 356027K (41%)
----------------- Invoking toplevel() on ptolemy.moml.MoMLSimpleApplication@241c822
----------------- Done invoking toplevel() on ptolemy.moml.MoMLSimpleApplication@241c822
reloadAllAccessors: .test-direct-in-out
AutoTests.java: About to close Vertx.
AutoTests.java: Vertx closed.
]]></system-out>
  <system-err><![CDATA[java.lang.RuntimeException: Execution failed
	at ptolemy.moml.MoMLSimpleApplication$UnloadThread.run(MoMLSimpleApplication.java:402)
Caused by: ptolemy.kernel.util.IllegalActionException: Unknown inputs remain. Possible causality loop:
L_model_1893289564i

  in .CannotAnalysisWithPreemption.model_1893289564_region_1 and .CannotAnalysisWithPreemption.model_1893289564_region_1.L_model_1893289564i
	at ptolemy.actor.sched.FixedPointDirector.postfire(FixedPointDirector.java:515)
	at ptolemy.domains.sr.kernel.SRDirector.postfire(SRDirector.java:417)
	at ptolemy.actor.CompositeActor.postfire(CompositeActor.java:1668)
	at ptolemy.actor.Manager.iterate(Manager.java:852)
	at ptolemy.actor.Manager.execute(Manager.java:369)
	at ptolemy.actor.Manager.run(Manager.java:1263)
	at ptolemy.actor.Manager$PtolemyRunThread.run(Manager.java:1915)
java.lang.reflect.InvocationTargetException
	at sun.reflect.NativeConstructorAccessorImpl.newInstance0(Native Method)
	at sun.reflect.NativeConstructorAccessorImpl.newInstance(NativeConstructorAccessorImpl.java:62)
	at sun.reflect.DelegatingConstructorAccessorImpl.newInstance(DelegatingConstructorAccessorImpl.java:45)
	at java.lang.reflect.Constructor.newInstance(Constructor.java:423)
	at ptolemy.util.test.junit.AutoKnownFailedTests.RunModel(AutoKnownFailedTests.java:105)
	at sun.reflect.NativeMethodAccessorImpl.invoke0(Native Method)
	at sun.reflect.NativeMethodAccessorImpl.invoke(NativeMethodAccessorImpl.java:62)
	at sun.reflect.DelegatingMethodAccessorImpl.invoke(DelegatingMethodAccessorImpl.java:43)
	at java.lang.reflect.Method.invoke(Method.java:498)
	at org.junit.runners.model.FrameworkMethod$1.runReflectiveCall(FrameworkMethod.java:44)
	at org.junit.internal.runners.model.ReflectiveCallable.run(ReflectiveCallable.java:15)
	at org.junit.runners.model.FrameworkMethod.invokeExplosively(FrameworkMethod.java:41)
	at junitparams.internal.InvokeParameterisedMethod.evaluate(InvokeParameterisedMethod.java:102)
	at org.junit.internal.runners.statements.FailOnTimeout$1.run(FailOnTimeout.java:28)
Caused by: ptolemy.kernel.util.IllegalActionException: Unknown inputs remain. Possible causality loop:
L_model_1893289564i

  in .CannotAnalysisWithPreemption.model_1893289564_region_1 and .CannotAnalysisWithPreemption.model_1893289564_region_1.L_model_1893289564i
	at ptolemy.actor.sched.FixedPointDirector.postfire(FixedPointDirector.java:515)
	at ptolemy.domains.sr.kernel.SRDirector.postfire(SRDirector.java:417)
	at ptolemy.actor.CompositeActor.postfire(CompositeActor.java:1668)
	at ptolemy.actor.Manager.iterate(Manager.java:852)
	at ptolemy.actor.Manager.execute(Manager.java:369)
	at ptolemy.actor.Manager.run(Manager.java:1263)
	at ptolemy.actor.Manager$PtolemyRunThread.run(Manager.java:1915)
]]></system-err>
</testsuite>
