<?xml version="1.0" encoding="UTF-8" ?>
<testsuite errors="0" failures="0" hostname="travis-job-fdf46d73-3499-4938-b25d-a05857c87d2b" name="ptolemy.domains.de.test.junit.JUnitTclTest" skipped="0" tests="101" time="135.959" timestamp="2019-09-25T05:43:32">
  <properties>
[...]
</properties>
  <testcase classname="ptolemy.util.test.junit.TclTests" name="[0] /home/travis/build/icyphy/ptII/ptolemy/domains/de/test/DependencyLoop.tcl (RunTclFile)" time="1.064" />
  <testcase classname="ptolemy.util.test.junit.TclTests" name="[1] /home/travis/build/icyphy/ptII/ptolemy/domains/de/test/RunDETestsAsQSS.tcl (RunTclFile)" time="92.071" />
  <testcase classname="ptolemy.util.test.junit.AutoKnownFailedTests" name="[0] /home/travis/build/icyphy/ptII/ptolemy/domains/de/test/auto/knownFailedTests/DESDFClockTest.xml (RunModel)" time="2.078" />
  <testcase classname="ptolemy.util.test.junit.AutoKnownFailedTests" name="[1] /home/travis/build/icyphy/ptII/ptolemy/domains/de/test/auto/knownFailedTests/DirectFeedback.xml (RunModel)" time="0.022" />
  <testcase classname="ptolemy.util.test.junit.AutoKnownFailedTests" name="[2] /home/travis/build/icyphy/ptII/ptolemy/domains/de/test/auto/knownFailedTests/FSMSource.xml (RunModel)" time="0.033" />
  <testcase classname="ptolemy.util.test.junit.AutoKnownFailedTests" name="[3] /home/travis/build/icyphy/ptII/ptolemy/domains/de/test/auto/knownFailedTests/HierarchicalModel.xml (RunModel)" time="0.05" />
  <testcase classname="ptolemy.util.test.junit.AutoKnownFailedTests" name="[4] /home/travis/build/icyphy/ptII/ptolemy/domains/de/test/auto/knownFailedTests/dependencyLoop.xml (RunModel)" time="0.052" />
  <testcase classname="ptolemy.util.test.junit.AutoKnownFailedTests" name="[5] /home/travis/build/icyphy/ptII/ptolemy/domains/de/test/auto/knownFailedTests/dependencyLoop2.xml (RunModel)" time="0.045" />
  <testcase classname="ptolemy.util.test.junit.AutoNameArchTests" name="[0] ThereAreNoAutoArchTests (RunModel)" time="0.001" />
  <testcase classname="ptolemy.util.test.junit.AutoTests" name="[0] /home/travis/build/icyphy/ptII/ptolemy/domains/de/test/auto/ActorDepthCalculation_actorWithoutPorts.xml (RunModel)" time="0.028" />
  <testcase classname="ptolemy.util.test.junit.AutoTests" name="[1] /home/travis/build/icyphy/ptII/ptolemy/domains/de/test/auto/AssemblyLine.xml (RunModel)" time="0.027" />
  <testcase classname="ptolemy.util.test.junit.AutoTests" name="[2] /home/travis/build/icyphy/ptII/ptolemy/domains/de/test/auto/CQBug1.xml (RunModel)" time="0.011" />
  <testcase classname="ptolemy.util.test.junit.AutoTests" name="[3] /home/travis/build/icyphy/ptII/ptolemy/domains/de/test/auto/CancelFireAt.xml (RunModel)" time="0.013" />
  <testcase classname="ptolemy.util.test.junit.AutoTests" name="[4] /home/travis/build/icyphy/ptII/ptolemy/domains/de/test/auto/CausalityAndComposabilityAnalysis.xml (RunModel)" time="0.012" />
  <testcase classname="ptolemy.util.test.junit.AutoTests" name="[5] /home/travis/build/icyphy/ptII/ptolemy/domains/de/test/auto/CausalityInterface1.xml (RunModel)" time="0.02" />
  <testcase classname="ptolemy.util.test.junit.AutoTests" name="[6] /home/travis/build/icyphy/ptII/ptolemy/domains/de/test/auto/CausalityInterface15.xml (RunModel)" time="0.016" />
  <testcase classname="ptolemy.util.test.junit.AutoTests" name="[7] /home/travis/build/icyphy/ptII/ptolemy/domains/de/test/auto/CausalityInterface2.xml (RunModel)" time="0.017" />
  <testcase classname="ptolemy.util.test.junit.AutoTests" name="[8] /home/travis/build/icyphy/ptII/ptolemy/domains/de/test/auto/CausalityInterface3.xml (RunModel)" time="0.013" />
  <testcase classname="ptolemy.util.test.junit.AutoTests" name="[9] /home/travis/build/icyphy/ptII/ptolemy/domains/de/test/auto/ClockDrift.xml (RunModel)" time="0.045" />
  <testcase classname="ptolemy.util.test.junit.AutoTests" name="[10] /home/travis/build/icyphy/ptII/ptolemy/domains/de/test/auto/ClockDriftAndValueChange.xml (RunModel)" time="0.033" />
  <testcase classname="ptolemy.util.test.junit.AutoTests" name="[11] /home/travis/build/icyphy/ptII/ptolemy/domains/de/test/auto/ClockDriftChange.xml (RunModel)" time="0.038" />
  <testcase classname="ptolemy.util.test.junit.AutoTests" name="[12] /home/travis/build/icyphy/ptII/ptolemy/domains/de/test/auto/ComposableCausalityAnalysis.xml (RunModel)" time="0.016" />
  <testcase classname="ptolemy.util.test.junit.AutoTests" name="[13] /home/travis/build/icyphy/ptII/ptolemy/domains/de/test/auto/DEFixedPointLimitation.xml (RunModel)" time="0.013" />
  <testcase classname="ptolemy.util.test.junit.AutoTests" name="[14] /home/travis/build/icyphy/ptII/ptolemy/domains/de/test/auto/DEScheduleTest.xml (RunModel)" time="0.014" />
  <testcase classname="ptolemy.util.test.junit.AutoTests" name="[15] /home/travis/build/icyphy/ptII/ptolemy/domains/de/test/auto/DEinDEwithStartTimes.xml (RunModel)" time="0.017" />
  <testcase classname="ptolemy.util.test.junit.AutoTests" name="[16] /home/travis/build/icyphy/ptII/ptolemy/domains/de/test/auto/DEinDEwithStartTimes2.xml (RunModel)" time="0.017" />
  <testcase classname="ptolemy.util.test.junit.AutoTests" name="[17] /home/travis/build/icyphy/ptII/ptolemy/domains/de/test/auto/DateDemo.xml (RunModel)" time="0.034" />
  <testcase classname="ptolemy.util.test.junit.AutoTests" name="[18] /home/travis/build/icyphy/ptII/ptolemy/domains/de/test/auto/DateToEvent.xml (RunModel)" time="2.044" />
  <testcase classname="ptolemy.util.test.junit.AutoTests" name="[19] /home/travis/build/icyphy/ptII/ptolemy/domains/de/test/auto/DepthTest1.xml (RunModel)" time="0.012" />
  <testcase classname="ptolemy.util.test.junit.AutoTests" name="[20] /home/travis/build/icyphy/ptII/ptolemy/domains/de/test/auto/DepthTest2.xml (RunModel)" time="0.024" />
  <testcase classname="ptolemy.util.test.junit.AutoTests" name="[21] /home/travis/build/icyphy/ptII/ptolemy/domains/de/test/auto/DepthTest3.xml (RunModel)" time="0.01" />
  <testcase classname="ptolemy.util.test.junit.AutoTests" name="[22] /home/travis/build/icyphy/ptII/ptolemy/domains/de/test/auto/DepthTest4.xml (RunModel)" time="0.02" />
  <testcase classname="ptolemy.util.test.junit.AutoTests" name="[23] /home/travis/build/icyphy/ptII/ptolemy/domains/de/test/auto/DepthTest5.xml (RunModel)" time="0.013" />
  <testcase classname="ptolemy.util.test.junit.AutoTests" name="[24] /home/travis/build/icyphy/ptII/ptolemy/domains/de/test/auto/DepthTest6.xml (RunModel)" time="0.013" />
  <testcase classname="ptolemy.util.test.junit.AutoTests" name="[25] /home/travis/build/icyphy/ptII/ptolemy/domains/de/test/auto/DepthTest7.xml (RunModel)" time="0.018" />
  <testcase classname="ptolemy.util.test.junit.AutoTests" name="[26] /home/travis/build/icyphy/ptII/ptolemy/domains/de/test/auto/EventToDate.xml (RunModel)" time="3.052" />
  <testcase classname="ptolemy.util.test.junit.AutoTests" name="[27] /home/travis/build/icyphy/ptII/ptolemy/domains/de/test/auto/FSM1.xml (RunModel)" time="0.053" />
  <testcase classname="ptolemy.util.test.junit.AutoTests" name="[28] /home/travis/build/icyphy/ptII/ptolemy/domains/de/test/auto/FSM7.xml (RunModel)" time="0.038" />
  <testcase classname="ptolemy.util.test.junit.AutoTests" name="[29] /home/travis/build/icyphy/ptII/ptolemy/domains/de/test/auto/Inspection.xml (RunModel)" time="0.058" />
  <testcase classname="ptolemy.util.test.junit.AutoTests" name="[30] /home/travis/build/icyphy/ptII/ptolemy/domains/de/test/auto/Iteration.xml (RunModel)" time="0.027" />
  <testcase classname="ptolemy.util.test.junit.AutoTests" name="[31] /home/travis/build/icyphy/ptII/ptolemy/domains/de/test/auto/LineFault.xml (RunModel)" time="0.648" />
  <testcase classname="ptolemy.util.test.junit.AutoTests" name="[32] /home/travis/build/icyphy/ptII/ptolemy/domains/de/test/auto/MergeModel1Add.xml (RunModel)" time="0.055" />
  <testcase classname="ptolemy.util.test.junit.AutoTests" name="[33] /home/travis/build/icyphy/ptII/ptolemy/domains/de/test/auto/MergeModel2Add.xml (RunModel)" time="0.046" />
  <testcase classname="ptolemy.util.test.junit.AutoTests" name="[34] /home/travis/build/icyphy/ptII/ptolemy/domains/de/test/auto/MergeModel3Add.xml (RunModel)" time="0.038" />
  <testcase classname="ptolemy.util.test.junit.AutoTests" name="[35] /home/travis/build/icyphy/ptII/ptolemy/domains/de/test/auto/MergeWithoutDiscard.xml (RunModel)" time="0.017" />
  <testcase classname="ptolemy.util.test.junit.AutoTests" name="[36] /home/travis/build/icyphy/ptII/ptolemy/domains/de/test/auto/Modal1.xml (RunModel)" time="0.042" />
  <testcase classname="ptolemy.util.test.junit.AutoTests" name="[37] /home/travis/build/icyphy/ptII/ptolemy/domains/de/test/auto/Modal2.xml (RunModel)" time="0.048" />
  <testcase classname="ptolemy.util.test.junit.AutoTests" name="[38] /home/travis/build/icyphy/ptII/ptolemy/domains/de/test/auto/Modal3.xml (RunModel)" time="0.043" />
  <testcase classname="ptolemy.util.test.junit.AutoTests" name="[39] /home/travis/build/icyphy/ptII/ptolemy/domains/de/test/auto/Modal4.xml (RunModel)" time="0.048" />
  <testcase classname="ptolemy.util.test.junit.AutoTests" name="[40] /home/travis/build/icyphy/ptII/ptolemy/domains/de/test/auto/Modal5.xml (RunModel)" time="0.039" />
  <testcase classname="ptolemy.util.test.junit.AutoTests" name="[41] /home/travis/build/icyphy/ptII/ptolemy/domains/de/test/auto/Modal6.xml (RunModel)" time="0.045" />
  <testcase classname="ptolemy.util.test.junit.AutoTests" name="[42] /home/travis/build/icyphy/ptII/ptolemy/domains/de/test/auto/Modal7.xml (RunModel)" time="0.036" />
  <testcase classname="ptolemy.util.test.junit.AutoTests" name="[43] /home/travis/build/icyphy/ptII/ptolemy/domains/de/test/auto/ModalModel.xml (RunModel)" time="0.223" />
  <testcase classname="ptolemy.util.test.junit.AutoTests" name="[44] /home/travis/build/icyphy/ptII/ptolemy/domains/de/test/auto/ModalSource.xml (RunModel)" time="0.025" />
  <testcase classname="ptolemy.util.test.junit.AutoTests" name="[45] /home/travis/build/icyphy/ptII/ptolemy/domains/de/test/auto/NonInterruptibleTimerZeroDelay.xml (RunModel)" time="0.022" />
  <testcase classname="ptolemy.util.test.junit.AutoTests" name="[46] /home/travis/build/icyphy/ptII/ptolemy/domains/de/test/auto/OpenQueueingNetwork.xml (RunModel)" time="2.696" />
  <testcase classname="ptolemy.util.test.junit.AutoTests" name="[47] /home/travis/build/icyphy/ptII/ptolemy/domains/de/test/auto/OpenQueuingNetwork.xml (RunModel)" time="0.326" />
  <testcase classname="ptolemy.util.test.junit.AutoTests" name="[48] /home/travis/build/icyphy/ptII/ptolemy/domains/de/test/auto/PeriodicSampler.xml (RunModel)" time="0.009" />
  <testcase classname="ptolemy.util.test.junit.AutoTests" name="[49] /home/travis/build/icyphy/ptII/ptolemy/domains/de/test/auto/PersistentIO.xml (RunModel)" time="0.021" />
  <testcase classname="ptolemy.util.test.junit.AutoTests" name="[50] /home/travis/build/icyphy/ptII/ptolemy/domains/de/test/auto/PortParameterResetOnInitialize.xml (RunModel)" time="0.013" />
  <testcase classname="ptolemy.util.test.junit.AutoTests" name="[51] /home/travis/build/icyphy/ptII/ptolemy/domains/de/test/auto/PortParameterUpdates.xml (RunModel)" time="0.019" />
  <testcase classname="ptolemy.util.test.junit.AutoTests" name="[52] /home/travis/build/icyphy/ptII/ptolemy/domains/de/test/auto/QueueAndServer.xml (RunModel)" time="0.023" />
  <testcase classname="ptolemy.util.test.junit.AutoTests" name="[53] /home/travis/build/icyphy/ptII/ptolemy/domains/de/test/auto/Records.xml (RunModel)" time="0.021" />
  <testcase classname="ptolemy.util.test.junit.AutoTests" name="[54] /home/travis/build/icyphy/ptII/ptolemy/domains/de/test/auto/ResetTransitionWithStartTime1.xml (RunModel)" time="0.017" />
  <testcase classname="ptolemy.util.test.junit.AutoTests" name="[55] /home/travis/build/icyphy/ptII/ptolemy/domains/de/test/auto/ResetTransitionWithStartTime2.xml (RunModel)" time="0.024" />
  <testcase classname="ptolemy.util.test.junit.AutoTests" name="[56] /home/travis/build/icyphy/ptII/ptolemy/domains/de/test/auto/ResetTransitionWithStartTime3.xml (RunModel)" time="0.023" />
  <testcase classname="ptolemy.util.test.junit.AutoTests" name="[57] /home/travis/build/icyphy/ptII/ptolemy/domains/de/test/auto/ResetTransitionWithStartTime4.xml (RunModel)" time="0.02" />
  <testcase classname="ptolemy.util.test.junit.AutoTests" name="[58] /home/travis/build/icyphy/ptII/ptolemy/domains/de/test/auto/ResettableTimer1.xml (RunModel)" time="0.01" />
  <testcase classname="ptolemy.util.test.junit.AutoTests" name="[59] /home/travis/build/icyphy/ptII/ptolemy/domains/de/test/auto/ResettableTimer2.xml (RunModel)" time="0.009" />
  <testcase classname="ptolemy.util.test.junit.AutoTests" name="[60] /home/travis/build/icyphy/ptII/ptolemy/domains/de/test/auto/ResettableTimer3.xml (RunModel)" time="0.009" />
  <testcase classname="ptolemy.util.test.junit.AutoTests" name="[61] /home/travis/build/icyphy/ptII/ptolemy/domains/de/test/auto/ResettableTimer4.xml (RunModel)" time="0.011" />
  <testcase classname="ptolemy.util.test.junit.AutoTests" name="[62] /home/travis/build/icyphy/ptII/ptolemy/domains/de/test/auto/ResettableTimer5.xml (RunModel)" time="0.01" />
  <testcase classname="ptolemy.util.test.junit.AutoTests" name="[63] /home/travis/build/icyphy/ptII/ptolemy/domains/de/test/auto/ResettableTimer6.xml (RunModel)" time="0.018" />
  <testcase classname="ptolemy.util.test.junit.AutoTests" name="[64] /home/travis/build/icyphy/ptII/ptolemy/domains/de/test/auto/ServerZeroDelay.xml (RunModel)" time="0.011" />
  <testcase classname="ptolemy.util.test.junit.AutoTests" name="[65] /home/travis/build/icyphy/ptII/ptolemy/domains/de/test/auto/SmartSender.xml (RunModel)" time="3.008" />
  <testcase classname="ptolemy.util.test.junit.AutoTests" name="[66] /home/travis/build/icyphy/ptII/ptolemy/domains/de/test/auto/ThreadedComposite.xml (RunModel)" time="0.169" />
  <testcase classname="ptolemy.util.test.junit.AutoTests" name="[67] /home/travis/build/icyphy/ptII/ptolemy/domains/de/test/auto/Time.xml (RunModel)" time="0.45" />
  <testcase classname="ptolemy.util.test.junit.AutoTests" name="[68] /home/travis/build/icyphy/ptII/ptolemy/domains/de/test/auto/TimeDelayZeroDelay.xml (RunModel)" time="0.011" />
  <testcase classname="ptolemy.util.test.junit.AutoTests" name="[69] /home/travis/build/icyphy/ptII/ptolemy/domains/de/test/auto/TimerZeroDelay.xml (RunModel)" time="0.01" />
  <testcase classname="ptolemy.util.test.junit.AutoTests" name="[70] /home/travis/build/icyphy/ptII/ptolemy/domains/de/test/auto/TimingParadox.xml (RunModel)" time="0.357" />
  <testcase classname="ptolemy.util.test.junit.AutoTests" name="[71] /home/travis/build/icyphy/ptII/ptolemy/domains/de/test/auto/TransferInputs.xml (RunModel)" time="0.009" />
  <testcase classname="ptolemy.util.test.junit.AutoTests" name="[72] /home/travis/build/icyphy/ptII/ptolemy/domains/de/test/auto/TransferOutputs2.xml (RunModel)" time="0.023" />
  <testcase classname="ptolemy.util.test.junit.AutoTests" name="[73] /home/travis/build/icyphy/ptII/ptolemy/domains/de/test/auto/Trilateration.xml (RunModel)" time="13.088" />
  <testcase classname="ptolemy.util.test.junit.AutoTests" name="[74] /home/travis/build/icyphy/ptII/ptolemy/domains/de/test/auto/TwoSigmaDelta.xml (RunModel)" time="2.341" />
  <testcase classname="ptolemy.util.test.junit.AutoTests" name="[75] /home/travis/build/icyphy/ptII/ptolemy/domains/de/test/auto/VariableDelay.xml (RunModel)" time="0.015" />
  <testcase classname="ptolemy.util.test.junit.AutoTests" name="[76] /home/travis/build/icyphy/ptII/ptolemy/domains/de/test/auto/VariableDelay2.xml (RunModel)" time="0.009" />
  <testcase classname="ptolemy.util.test.junit.AutoTests" name="[77] /home/travis/build/icyphy/ptII/ptolemy/domains/de/test/auto/VariableDelayZeroDelay.xml (RunModel)" time="0.011" />
  <testcase classname="ptolemy.util.test.junit.AutoTests" name="[78] /home/travis/build/icyphy/ptII/ptolemy/domains/de/test/auto/VariableDelayZeroDelay2.xml (RunModel)" time="0.009" />
  <testcase classname="ptolemy.util.test.junit.AutoTests" name="[79] /home/travis/build/icyphy/ptII/ptolemy/domains/de/test/auto/deInCt.xml (RunModel)" time="0.017" />
  <testcase classname="ptolemy.util.test.junit.AutoTests" name="[80] /home/travis/build/icyphy/ptII/ptolemy/domains/de/test/auto/deInCt2.xml (RunModel)" time="0.015" />
  <testcase classname="ptolemy.util.test.junit.AutoTests" name="[81] /home/travis/build/icyphy/ptII/ptolemy/domains/de/test/auto/dynamicCausalityInterface1.xml (RunModel)" time="0.017" />
  <testcase classname="ptolemy.util.test.junit.AutoTests" name="[82] /home/travis/build/icyphy/ptII/ptolemy/domains/de/test/auto/fsm_de_test.xml (RunModel)" time="0.025" />
  <testcase classname="ptolemy.util.test.junit.AutoTests" name="[83] /home/travis/build/icyphy/ptII/ptolemy/domains/de/test/auto/functionDependencyReconstruction.xml (RunModel)" time="0.029" />
  <testcase classname="ptolemy.util.test.junit.AutoTests" name="[84] /home/travis/build/icyphy/ptII/ptolemy/domains/de/test/auto/multirate.xml (RunModel)" time="0.014" />
  <testcase classname="ptolemy.util.test.junit.AutoTests" name="[85] /home/travis/build/icyphy/ptII/ptolemy/domains/de/test/auto/multirate2.xml (RunModel)" time="0.017" />
  <testcase classname="ptolemy.util.test.junit.AutoTests" name="[86] /home/travis/build/icyphy/ptII/ptolemy/domains/de/test/auto/realtime.xml (RunModel)" time="10.01" />
  <testcase classname="ptolemy.util.test.junit.AutoTests" name="[87] /home/travis/build/icyphy/ptII/ptolemy/domains/de/test/auto/relationGroup.xml (RunModel)" time="0.015" />
  <testcase classname="ptolemy.util.test.junit.AutoTests" name="[88] /home/travis/build/icyphy/ptII/ptolemy/domains/de/test/auto/relationGroup2.xml (RunModel)" time="0.01" />
  <testcase classname="ptolemy.util.test.junit.AutoTests" name="[89] /home/travis/build/icyphy/ptII/ptolemy/domains/de/test/auto/sortWithOpaquePorts.xml (RunModel)" time="0.019" />
  <testcase classname="ptolemy.util.test.junit.AutoTests" name="[90] /home/travis/build/icyphy/ptII/ptolemy/domains/de/test/auto/transferInputsandOutputs.xml (RunModel)" time="0.022" />
  <testcase classname="ptolemy.util.test.junit.AutoTests" name="[91] /home/travis/build/icyphy/ptII/ptolemy/domains/de/test/auto/triggerType.xml (RunModel)" time="0.009" />
  <system-out><![CDATA[/home/travis/build/icyphy/ptII/ptolemy/domains/de/test/DependencyLoop.tcl
testDefs.tcl: setting time out to 9000 seconds at Wed Sep 25 05:43:33 UTC 2019
87 ms. Memory: 120832K Free: 72134K (60%)
20 ms. Memory: 120832K Free: 54719K (45%)
/home/travis/build/icyphy/ptII/ptolemy/domains/de/test/RunDETestsAsQSS.tcl
Run the DE tests using ptolemy.domains.qss.test.QSSDirectorTest, which extends QSSDirector and prints a message in the constructors.
------------------ testing $PTII/ptolemy/domains/de/test/auto/knownFailedTests/DirectFeedback.xml (Known Failure) 
59 ms. Memory: 120832K Free: 48582K (40%)


==== $PTIIhome/travis/build/icyphy/ptII/ptolemy/domains/de/test/../../../../: Auto Automatic test in file $PTII/ptolemy/domains/de/test/auto/knownFailedTests/DirectFeedback.xml
==== Contents of test case:

	    # FIXME: we should use $relativeFilename here, but it
	    # might have backslashes under Windows, which causes no end
	    # of trouble.
	    createAndExecute $file
	    list {}
	
.... Test generated KNOWN error:
    while executing
ptolemy.kernel.util.IllegalActionException: Test fails in iteration 1.
Value was: 1.0. Should have been: 2.0
  in .DirectFeedback.Test
	at ptolemy.actor.lib.Test.fire(Test.java:268)
	at ptolemy.domains.de.kernel.DEDirector._fire(DEDirector.java:1949)
	at ptolemy.domains.de.kernel.DEDirector.fire(DEDirector.java:502)
	at ptolemy.actor.CompositeActor.fire(CompositeActor.java:455)
	at ptolemy.actor.Manager.iterate(Manager.java:851)
	at ptolemy.actor.Manager.execute(Manager.java:369)
	at ptolemy.actor.Manager.run(Manager.java:1263)
	at ptolemy.actor.Manager$PtolemyRunThread.run(Manager.java:1933)

    while executing
ptolemy.kernel.util.IllegalActionException: Test fails in iteration 1.
Value was: 1.0. Should have been: 2.0
  in .DirectFeedback.Test
    while executing
"java::new ptolemy.moml.MoMLSimpleApplication $file
"
    (procedure "createAndExecute" line 2)
    invoked from within
"createAndExecute $file"
    ("uplevel" body line 5)
    invoked from within
"uplevel $contents_of_test"
------------------ testing $PTII/ptolemy/domains/de/test/auto/knownFailedTests/dependencyLoop.xml (Known Failure) 
46 ms. Memory: 120832K Free: 108309K (90%)


==== $PTIIhome/travis/build/icyphy/ptII/ptolemy/domains/de/test/../../../../: Auto Automatic test in file $PTII/ptolemy/domains/de/test/auto/knownFailedTests/dependencyLoop.xml
==== Contents of test case:

	    # FIXME: we should use $relativeFilename here, but it
	    # might have backslashes under Windows, which causes no end
	    # of trouble.
	    createAndExecute $file
	    list {}
	
.... Test generated KNOWN error:
    while executing
ptolemy.kernel.util.IllegalActionException: Found a zero delay loop containing .dependencyLoop.original
  in .dependencyLoop and .dependencyLoop.original
	at ptolemy.actor.util.CausalityInterfaceForComposites._computeOutputPortDepth(CausalityInterfaceForComposites.java:759)
	at ptolemy.actor.util.CausalityInterfaceForComposites._computeInputDepth(CausalityInterfaceForComposites.java:696)
	at ptolemy.actor.util.CausalityInterfaceForComposites._computeOutputPortDepth(CausalityInterfaceForComposites.java:765)
	at ptolemy.actor.util.CausalityInterfaceForComposites._computeInputDepth(CausalityInterfaceForComposites.java:696)
	at ptolemy.actor.util.CausalityInterfaceForComposites._computeOutputPortDepth(CausalityInterfaceForComposites.java:765)
	at ptolemy.actor.util.CausalityInterfaceForComposites._computeInputDepth(CausalityInterfaceForComposites.java:696)
	at ptolemy.actor.util.CausalityInterfaceForComposites._computeActorDepth(CausalityInterfaceForComposites.java:532)
	at ptolemy.actor.util.CausalityInterfaceForComposites.checkForCycles(CausalityInterfaceForComposites.java:96)
	at ptolemy.domains.de.kernel.DEDirector.preinitialize(DEDirector.java:1338)
	at ptolemy.actor.CompositeActor.preinitialize(CompositeActor.java:1828)
	at ptolemy.actor.Manager.preinitializeAndResolveTypes(Manager.java:1040)
	at ptolemy.actor.Manager.initialize(Manager.java:710)
	at ptolemy.actor.Manager.execute(Manager.java:356)
	at ptolemy.actor.Manager.run(Manager.java:1263)
	at ptolemy.actor.Manager$PtolemyRunThread.run(Manager.java:1933)

    while executing
ptolemy.kernel.util.IllegalActionException: Found a zero delay loop containing .dependencyLoop.original
  in .dependencyLoop and .dependencyLoop.original
    while executing
"java::new ptolemy.moml.MoMLSimpleApplication $file
"
    (procedure "createAndExecute" line 2)
    invoked from within
"createAndExecute $file"
    ("uplevel" body line 5)
    invoked from within
"uplevel $contents_of_test"
------------------ testing $PTII/ptolemy/domains/de/test/auto/knownFailedTests/FSMSource.xml (Known Failure) 
69 ms. Memory: 120832K Free: 99153K (82%)
!!!! Auto was marked as failing, but now passes
------------------ testing $PTII/ptolemy/domains/de/test/auto/knownFailedTests/HierarchicalModel.xml (Known Failure) 
9 ms. Memory: 120832K Free: 81738K (68%)


==== $PTIIhome/travis/build/icyphy/ptII/ptolemy/domains/de/test/../../../../: Auto Automatic test in file $PTII/ptolemy/domains/de/test/auto/knownFailedTests/HierarchicalModel.xml
==== Contents of test case:

	    # FIXME: we should use $relativeFilename here, but it
	    # might have backslashes under Windows, which causes no end
	    # of trouble.
	    createAndExecute $file
	    list {}
	
.... Test generated KNOWN error:
    while executing
ptolemy.kernel.util.IllegalActionException: Found a zero delay loop containing .HierarchicalModel.A
  in .HierarchicalModel and .HierarchicalModel.A
	at ptolemy.actor.util.CausalityInterfaceForComposites._computeOutputPortDepth(CausalityInterfaceForComposites.java:759)
	at ptolemy.actor.util.CausalityInterfaceForComposites._computeInputDepth(CausalityInterfaceForComposites.java:696)
	at ptolemy.actor.util.CausalityInterfaceForComposites._computeOutputPortDepth(CausalityInterfaceForComposites.java:765)
	at ptolemy.actor.util.CausalityInterfaceForComposites._computeInputDepth(CausalityInterfaceForComposites.java:696)
	at ptolemy.actor.util.CausalityInterfaceForComposites._computeOutputPortDepth(CausalityInterfaceForComposites.java:765)
	at ptolemy.actor.util.CausalityInterfaceForComposites._computeInputDepth(CausalityInterfaceForComposites.java:696)
	at ptolemy.actor.util.CausalityInterfaceForComposites._computeActorDepth(CausalityInterfaceForComposites.java:532)
	at ptolemy.actor.util.CausalityInterfaceForComposites.checkForCycles(CausalityInterfaceForComposites.java:96)
	at ptolemy.domains.de.kernel.DEDirector.preinitialize(DEDirector.java:1338)
	at ptolemy.actor.CompositeActor.preinitialize(CompositeActor.java:1828)
	at ptolemy.actor.Manager.preinitializeAndResolveTypes(Manager.java:1040)
	at ptolemy.actor.Manager.initialize(Manager.java:710)
	at ptolemy.actor.Manager.execute(Manager.java:356)
	at ptolemy.actor.Manager.run(Manager.java:1263)
	at ptolemy.actor.Manager$PtolemyRunThread.run(Manager.java:1933)

    while executing
ptolemy.kernel.util.IllegalActionException: Found a zero delay loop containing .HierarchicalModel.A
  in .HierarchicalModel and .HierarchicalModel.A
    while executing
"java::new ptolemy.moml.MoMLSimpleApplication $file
"
    (procedure "createAndExecute" line 2)
    invoked from within
"createAndExecute $file"
    ("uplevel" body line 5)
    invoked from within
"uplevel $contents_of_test"
------------------ testing $PTII/ptolemy/domains/de/test/auto/knownFailedTests/dependencyLoop2.xml (Known Failure) 
22 ms. Memory: 120832K Free: 106936K (88%)


==== $PTIIhome/travis/build/icyphy/ptII/ptolemy/domains/de/test/../../../../: Auto Automatic test in file $PTII/ptolemy/domains/de/test/auto/knownFailedTests/dependencyLoop2.xml
==== Contents of test case:

	    # FIXME: we should use $relativeFilename here, but it
	    # might have backslashes under Windows, which causes no end
	    # of trouble.
	    createAndExecute $file
	    list {}
	
.... Test generated KNOWN error:
    while executing
ptolemy.kernel.util.IllegalActionException: Found a zero delay loop containing .dependencyLoop2.original
  in .dependencyLoop2 and .dependencyLoop2.original
	at ptolemy.actor.util.CausalityInterfaceForComposites._computeOutputPortDepth(CausalityInterfaceForComposites.java:759)
	at ptolemy.actor.util.CausalityInterfaceForComposites._computeInputDepth(CausalityInterfaceForComposites.java:696)
	at ptolemy.actor.util.CausalityInterfaceForComposites._computeOutputPortDepth(CausalityInterfaceForComposites.java:765)
	at ptolemy.actor.util.CausalityInterfaceForComposites._computeInputDepth(CausalityInterfaceForComposites.java:696)
	at ptolemy.actor.util.CausalityInterfaceForComposites._computeOutputPortDepth(CausalityInterfaceForComposites.java:765)
	at ptolemy.actor.util.CausalityInterfaceForComposites._computeInputDepth(CausalityInterfaceForComposites.java:696)
	at ptolemy.actor.util.CausalityInterfaceForComposites._computeActorDepth(CausalityInterfaceForComposites.java:532)
	at ptolemy.actor.util.CausalityInterfaceForComposites.checkForCycles(CausalityInterfaceForComposites.java:96)
	at ptolemy.domains.de.kernel.DEDirector.preinitialize(DEDirector.java:1338)
	at ptolemy.actor.CompositeActor.preinitialize(CompositeActor.java:1828)
	at ptolemy.actor.Manager.preinitializeAndResolveTypes(Manager.java:1040)
	at ptolemy.actor.Manager.initialize(Manager.java:710)
	at ptolemy.actor.Manager.execute(Manager.java:356)
	at ptolemy.actor.Manager.run(Manager.java:1263)
	at ptolemy.actor.Manager$PtolemyRunThread.run(Manager.java:1933)

    while executing
ptolemy.kernel.util.IllegalActionException: Found a zero delay loop containing .dependencyLoop2.original
  in .dependencyLoop2 and .dependencyLoop2.original
    while executing
"java::new ptolemy.moml.MoMLSimpleApplication $file
"
    (procedure "createAndExecute" line 2)
    invoked from within
"createAndExecute $file"
    ("uplevel" body line 5)
    invoked from within
"uplevel $contents_of_test"
------------------ testing $PTII/ptolemy/domains/de/test/auto/knownFailedTests/DESDFClockTest.xml (Known Failure) 
2062 ms. Memory: 120832K Free: 93701K (78%)


==== $PTIIhome/travis/build/icyphy/ptII/ptolemy/domains/de/test/../../../../: Auto Automatic test in file $PTII/ptolemy/domains/de/test/auto/knownFailedTests/DESDFClockTest.xml
==== Contents of test case:

	    # FIXME: we should use $relativeFilename here, but it
	    # might have backslashes under Windows, which causes no end
	    # of trouble.
	    createAndExecute $file
	    list {}
	
.... Test generated KNOWN error:
    while executing
ptolemy.kernel.util.IllegalActionException: Actor is not ready to fire.  Perhaps UpSample.prefire() returned false? Try debugging the actor by selecting "Listen to Actor".  Also, for SDF check moml for tokenConsumptionRate on input.
  in .DESDFClockTest.Play Bell.Copy1:SDF Director and .DESDFClockTest.Play Bell.UpSample
	at ptolemy.actor.sched.StaticSchedulingDirector.fire(StaticSchedulingDirector.java:227)
	at ptolemy.domains.sdf.kernel.SDFDirector.fire(SDFDirector.java:500)
	at ptolemy.actor.CompositeActor.fire(CompositeActor.java:455)
	at ptolemy.domains.de.kernel.DEDirector._fire(DEDirector.java:1949)
	at ptolemy.domains.de.kernel.DEDirector.fire(DEDirector.java:502)
	at ptolemy.actor.CompositeActor.fire(CompositeActor.java:455)
	at ptolemy.actor.Manager.iterate(Manager.java:851)
	at ptolemy.actor.Manager.execute(Manager.java:369)
	at ptolemy.actor.Manager.run(Manager.java:1263)
	at ptolemy.actor.Manager$PtolemyRunThread.run(Manager.java:1933)

    while executing
ptolemy.kernel.util.IllegalActionException: Actor is not ready to fire.  Perhaps UpSample.prefire() returned false? Try debugging the actor by selecting "Listen to Actor".  Also, for SDF check moml for tokenConsumptionRate on input.
  in .DESDFClockTest.Play Bell.Copy1:SDF Director and .DESDFClockTest.Play Bell.UpSample
    while executing
"java::new ptolemy.moml.MoMLSimpleApplication $file
"
    (procedure "createAndExecute" line 2)
    invoked from within
"createAndExecute $file"
    ("uplevel" body line 5)
    invoked from within
"uplevel $contents_of_test"
------------------ testing $PTII/ptolemy/domains/de/test/auto/ActorDepthCalculation_actorWithoutPorts.xml
auto.tcl: Setting watchdog for 200 seconds at Wed Sep 25 05:43:36 UTC 2019
8 ms. Memory: 120832K Free: 87127K (72%)
ptolemy.util.test.WatchDog.cancel(): canceling Wed Sep 25 05:43:37 UTC 2019
auto.tcl: Setting watchdog for 200 seconds at Wed Sep 25 05:43:37 UTC 2019
6 ms. Memory: 120832K Free: 85360K (71%)
ptolemy.util.test.WatchDog.cancel(): canceling Wed Sep 25 05:43:37 UTC 2019
------------------ testing $PTII/ptolemy/domains/de/test/auto/AssemblyLine.xml
auto.tcl: Setting watchdog for 200 seconds at Wed Sep 25 05:43:37 UTC 2019
9 ms. Memory: 48128K Free: 26279K (55%)
ptolemy.util.test.WatchDog.cancel(): canceling Wed Sep 25 05:43:37 UTC 2019
auto.tcl: Setting watchdog for 200 seconds at Wed Sep 25 05:43:37 UTC 2019
10 ms. Memory: 48128K Free: 25339K (53%)
ptolemy.util.test.WatchDog.cancel(): canceling Wed Sep 25 05:43:37 UTC 2019
------------------ testing $PTII/ptolemy/domains/de/test/auto/CQBug1.xml
auto.tcl: Setting watchdog for 200 seconds at Wed Sep 25 05:43:37 UTC 2019
12 ms. Memory: 48128K Free: 31572K (66%)
ptolemy.util.test.WatchDog.cancel(): canceling Wed Sep 25 05:43:37 UTC 2019
auto.tcl: Setting watchdog for 200 seconds at Wed Sep 25 05:43:37 UTC 2019
2 ms. Memory: 48128K Free: 31038K (64%)
ptolemy.util.test.WatchDog.cancel(): canceling Wed Sep 25 05:43:37 UTC 2019
------------------ testing $PTII/ptolemy/domains/de/test/auto/CancelFireAt.xml
auto.tcl: Setting watchdog for 200 seconds at Wed Sep 25 05:43:37 UTC 2019
3 ms. Memory: 45056K Free: 29733K (66%)
ptolemy.util.test.WatchDog.cancel(): canceling Wed Sep 25 05:43:37 UTC 2019
auto.tcl: Setting watchdog for 200 seconds at Wed Sep 25 05:43:37 UTC 2019
5 ms. Memory: 45056K Free: 29321K (65%)
ptolemy.util.test.WatchDog.cancel(): canceling Wed Sep 25 05:43:37 UTC 2019
------------------ testing $PTII/ptolemy/domains/de/test/auto/CausalityAndComposabilityAnalysis.xml
auto.tcl: Setting watchdog for 200 seconds at Wed Sep 25 05:43:37 UTC 2019
17 ms. Memory: 45056K Free: 27928K (62%)
ptolemy.util.test.WatchDog.cancel(): canceling Wed Sep 25 05:43:37 UTC 2019
auto.tcl: Setting watchdog for 200 seconds at Wed Sep 25 05:43:37 UTC 2019
5 ms. Memory: 45056K Free: 27104K (60%)
ptolemy.util.test.WatchDog.cancel(): canceling Wed Sep 25 05:43:37 UTC 2019
------------------ testing $PTII/ptolemy/domains/de/test/auto/CausalityInterface1.xml
auto.tcl: Setting watchdog for 200 seconds at Wed Sep 25 05:43:38 UTC 2019
39 ms. Memory: 45056K Free: 26371K (59%)
ptolemy.util.test.WatchDog.cancel(): canceling Wed Sep 25 05:43:38 UTC 2019
auto.tcl: Setting watchdog for 200 seconds at Wed Sep 25 05:43:38 UTC 2019
5 ms. Memory: 45056K Free: 25369K (56%)
ptolemy.util.test.WatchDog.cancel(): canceling Wed Sep 25 05:43:38 UTC 2019
------------------ testing $PTII/ptolemy/domains/de/test/auto/CausalityInterface15.xml
auto.tcl: Setting watchdog for 200 seconds at Wed Sep 25 05:43:38 UTC 2019
12 ms. Memory: 45056K Free: 26063K (58%)
ptolemy.util.test.WatchDog.cancel(): canceling Wed Sep 25 05:43:38 UTC 2019
auto.tcl: Setting watchdog for 200 seconds at Wed Sep 25 05:43:38 UTC 2019
4 ms. Memory: 45056K Free: 25353K (56%)
ptolemy.util.test.WatchDog.cancel(): canceling Wed Sep 25 05:43:38 UTC 2019
------------------ testing $PTII/ptolemy/domains/de/test/auto/CausalityInterface2.xml
auto.tcl: Setting watchdog for 200 seconds at Wed Sep 25 05:43:38 UTC 2019
8 ms. Memory: 45056K Free: 26876K (60%)
ptolemy.util.test.WatchDog.cancel(): canceling Wed Sep 25 05:43:38 UTC 2019
auto.tcl: Setting watchdog for 200 seconds at Wed Sep 25 05:43:38 UTC 2019
4 ms. Memory: 45056K Free: 25960K (58%)
ptolemy.util.test.WatchDog.cancel(): canceling Wed Sep 25 05:43:38 UTC 2019
------------------ testing $PTII/ptolemy/domains/de/test/auto/CausalityInterface3.xml
auto.tcl: Setting watchdog for 200 seconds at Wed Sep 25 05:43:38 UTC 2019
6 ms. Memory: 45056K Free: 26564K (59%)
ptolemy.util.test.WatchDog.cancel(): canceling Wed Sep 25 05:43:38 UTC 2019
auto.tcl: Setting watchdog for 200 seconds at Wed Sep 25 05:43:38 UTC 2019
4 ms. Memory: 45056K Free: 25767K (57%)
ptolemy.util.test.WatchDog.cancel(): canceling Wed Sep 25 05:43:38 UTC 2019
------------------ testing $PTII/ptolemy/domains/de/test/auto/ClockDrift.xml
auto.tcl: Setting watchdog for 200 seconds at Wed Sep 25 05:43:38 UTC 2019
60 ms. Memory: 45056K Free: 19158K (43%)
ptolemy.util.test.WatchDog.cancel(): canceling Wed Sep 25 05:43:38 UTC 2019
auto.tcl: Setting watchdog for 200 seconds at Wed Sep 25 05:43:38 UTC 2019
77 ms. Memory: 45056K Free: 16143K (36%)
ptolemy.util.test.WatchDog.cancel(): canceling Wed Sep 25 05:43:38 UTC 2019
------------------ testing $PTII/ptolemy/domains/de/test/auto/ClockDriftAndValueChange.xml
auto.tcl: Setting watchdog for 200 seconds at Wed Sep 25 05:43:38 UTC 2019
60 ms. Memory: 45056K Free: 19228K (43%)
ptolemy.util.test.WatchDog.cancel(): canceling Wed Sep 25 05:43:38 UTC 2019
auto.tcl: Setting watchdog for 200 seconds at Wed Sep 25 05:43:38 UTC 2019
27 ms. Memory: 45056K Free: 16383K (36%)
ptolemy.util.test.WatchDog.cancel(): canceling Wed Sep 25 05:43:38 UTC 2019
------------------ testing $PTII/ptolemy/domains/de/test/auto/ClockDriftChange.xml
auto.tcl: Setting watchdog for 200 seconds at Wed Sep 25 05:43:38 UTC 2019
25 ms. Memory: 45056K Free: 21273K (47%)
ptolemy.util.test.WatchDog.cancel(): canceling Wed Sep 25 05:43:38 UTC 2019
auto.tcl: Setting watchdog for 200 seconds at Wed Sep 25 05:43:38 UTC 2019
23 ms. Memory: 45056K Free: 18719K (42%)
ptolemy.util.test.WatchDog.cancel(): canceling Wed Sep 25 05:43:39 UTC 2019
------------------ testing $PTII/ptolemy/domains/de/test/auto/ComposableCausalityAnalysis.xml
auto.tcl: Setting watchdog for 200 seconds at Wed Sep 25 05:43:39 UTC 2019
2 ms. Memory: 45056K Free: 25914K (58%)
ptolemy.util.test.WatchDog.cancel(): canceling Wed Sep 25 05:43:39 UTC 2019
auto.tcl: Setting watchdog for 200 seconds at Wed Sep 25 05:43:39 UTC 2019
2 ms. Memory: 45056K Free: 24879K (55%)
ptolemy.util.test.WatchDog.cancel(): canceling Wed Sep 25 05:43:39 UTC 2019
------------------ testing $PTII/ptolemy/domains/de/test/auto/DEFixedPointLimitation.xml
auto.tcl: Setting watchdog for 200 seconds at Wed Sep 25 05:43:39 UTC 2019
2 ms. Memory: 45056K Free: 27275K (61%)
ptolemy.util.test.WatchDog.cancel(): canceling Wed Sep 25 05:43:39 UTC 2019
auto.tcl: Setting watchdog for 200 seconds at Wed Sep 25 05:43:39 UTC 2019
1 ms. Memory: 45056K Free: 26355K (58%)
ptolemy.util.test.WatchDog.cancel(): canceling Wed Sep 25 05:43:39 UTC 2019
------------------ testing $PTII/ptolemy/domains/de/test/auto/DEScheduleTest.xml
auto.tcl: Setting watchdog for 200 seconds at Wed Sep 25 05:43:39 UTC 2019
7 ms. Memory: 45056K Free: 27555K (61%)
ptolemy.util.test.WatchDog.cancel(): canceling Wed Sep 25 05:43:39 UTC 2019
auto.tcl: Setting watchdog for 200 seconds at Wed Sep 25 05:43:39 UTC 2019
9 ms. Memory: 45056K Free: 26768K (59%)
ptolemy.util.test.WatchDog.cancel(): canceling Wed Sep 25 05:43:39 UTC 2019
------------------ testing $PTII/ptolemy/domains/de/test/auto/DEinDEwithStartTimes.xml
auto.tcl: Setting watchdog for 200 seconds at Wed Sep 25 05:43:39 UTC 2019
5 ms. Memory: 45056K Free: 25695K (57%)
ptolemy.util.test.WatchDog.cancel(): canceling Wed Sep 25 05:43:39 UTC 2019
auto.tcl: Setting watchdog for 200 seconds at Wed Sep 25 05:43:39 UTC 2019
3 ms. Memory: 45056K Free: 24671K (55%)
ptolemy.util.test.WatchDog.cancel(): canceling Wed Sep 25 05:43:39 UTC 2019
------------------ testing $PTII/ptolemy/domains/de/test/auto/DEinDEwithStartTimes2.xml
auto.tcl: Setting watchdog for 200 seconds at Wed Sep 25 05:43:39 UTC 2019
6 ms. Memory: 45056K Free: 24932K (55%)
ptolemy.util.test.WatchDog.cancel(): canceling Wed Sep 25 05:43:39 UTC 2019
auto.tcl: Setting watchdog for 200 seconds at Wed Sep 25 05:43:39 UTC 2019
5 ms. Memory: 45056K Free: 23627K (52%)
ptolemy.util.test.WatchDog.cancel(): canceling Wed Sep 25 05:43:39 UTC 2019
------------------ testing $PTII/ptolemy/domains/de/test/auto/DateDemo.xml
auto.tcl: Setting watchdog for 200 seconds at Wed Sep 25 05:43:39 UTC 2019
15 ms. Memory: 45056K Free: 19279K (43%)
ptolemy.util.test.WatchDog.cancel(): canceling Wed Sep 25 05:43:39 UTC 2019
auto.tcl: Setting watchdog for 200 seconds at Wed Sep 25 05:43:39 UTC 2019
13 ms. Memory: 45056K Free: 17725K (39%)
ptolemy.util.test.WatchDog.cancel(): canceling Wed Sep 25 05:43:39 UTC 2019
------------------ testing $PTII/ptolemy/domains/de/test/auto/DateToEvent.xml
auto.tcl: Setting watchdog for 200 seconds at Wed Sep 25 05:43:39 UTC 2019
2010 ms. Memory: 45056K Free: 15191K (34%)
ptolemy.util.test.WatchDog.cancel(): canceling Wed Sep 25 05:43:41 UTC 2019
auto.tcl: Setting watchdog for 200 seconds at Wed Sep 25 05:43:41 UTC 2019
2005 ms. Memory: 45056K Free: 14464K (32%)
ptolemy.util.test.WatchDog.cancel(): canceling Wed Sep 25 05:43:43 UTC 2019
------------------ testing $PTII/ptolemy/domains/de/test/auto/DepthTest1.xml
auto.tcl: Setting watchdog for 200 seconds at Wed Sep 25 05:43:43 UTC 2019
2 ms. Memory: 45056K Free: 28479K (63%)
ptolemy.util.test.WatchDog.cancel(): canceling Wed Sep 25 05:43:43 UTC 2019
auto.tcl: Setting watchdog for 200 seconds at Wed Sep 25 05:43:43 UTC 2019
2 ms. Memory: 45056K Free: 27972K (62%)
ptolemy.util.test.WatchDog.cancel(): canceling Wed Sep 25 05:43:43 UTC 2019
------------------ testing $PTII/ptolemy/domains/de/test/auto/DepthTest2.xml
auto.tcl: Setting watchdog for 200 seconds at Wed Sep 25 05:43:43 UTC 2019
6 ms. Memory: 45056K Free: 25200K (56%)
ptolemy.util.test.WatchDog.cancel(): canceling Wed Sep 25 05:43:43 UTC 2019
auto.tcl: Setting watchdog for 200 seconds at Wed Sep 25 05:43:43 UTC 2019
3 ms. Memory: 45056K Free: 24667K (55%)
ptolemy.util.test.WatchDog.cancel(): canceling Wed Sep 25 05:43:43 UTC 2019
------------------ testing $PTII/ptolemy/domains/de/test/auto/DepthTest3.xml
auto.tcl: Setting watchdog for 200 seconds at Wed Sep 25 05:43:43 UTC 2019
2 ms. Memory: 45056K Free: 28667K (64%)
ptolemy.util.test.WatchDog.cancel(): canceling Wed Sep 25 05:43:43 UTC 2019
auto.tcl: Setting watchdog for 200 seconds at Wed Sep 25 05:43:43 UTC 2019
1 ms. Memory: 45056K Free: 28253K (63%)
ptolemy.util.test.WatchDog.cancel(): canceling Wed Sep 25 05:43:43 UTC 2019
------------------ testing $PTII/ptolemy/domains/de/test/auto/DepthTest4.xml
auto.tcl: Setting watchdog for 200 seconds at Wed Sep 25 05:43:43 UTC 2019
3 ms. Memory: 45056K Free: 27031K (60%)
ptolemy.util.test.WatchDog.cancel(): canceling Wed Sep 25 05:43:43 UTC 2019
auto.tcl: Setting watchdog for 200 seconds at Wed Sep 25 05:43:43 UTC 2019
2 ms. Memory: 45056K Free: 26297K (58%)
ptolemy.util.test.WatchDog.cancel(): canceling Wed Sep 25 05:43:43 UTC 2019
------------------ testing $PTII/ptolemy/domains/de/test/auto/DepthTest5.xml
auto.tcl: Setting watchdog for 200 seconds at Wed Sep 25 05:43:44 UTC 2019
6 ms. Memory: 45056K Free: 26174K (58%)
ptolemy.util.test.WatchDog.cancel(): canceling Wed Sep 25 05:43:44 UTC 2019
auto.tcl: Setting watchdog for 200 seconds at Wed Sep 25 05:43:44 UTC 2019
4 ms. Memory: 45056K Free: 25785K (57%)
ptolemy.util.test.WatchDog.cancel(): canceling Wed Sep 25 05:43:44 UTC 2019
------------------ testing $PTII/ptolemy/domains/de/test/auto/DepthTest6.xml
auto.tcl: Setting watchdog for 200 seconds at Wed Sep 25 05:43:44 UTC 2019
8 ms. Memory: 45056K Free: 26155K (58%)
ptolemy.util.test.WatchDog.cancel(): canceling Wed Sep 25 05:43:44 UTC 2019
auto.tcl: Setting watchdog for 200 seconds at Wed Sep 25 05:43:44 UTC 2019
3 ms. Memory: 45056K Free: 25606K (57%)
ptolemy.util.test.WatchDog.cancel(): canceling Wed Sep 25 05:43:44 UTC 2019
------------------ testing $PTII/ptolemy/domains/de/test/auto/DepthTest7.xml
auto.tcl: Setting watchdog for 200 seconds at Wed Sep 25 05:43:44 UTC 2019
3 ms. Memory: 45056K Free: 26949K (60%)
ptolemy.util.test.WatchDog.cancel(): canceling Wed Sep 25 05:43:44 UTC 2019
auto.tcl: Setting watchdog for 200 seconds at Wed Sep 25 05:43:44 UTC 2019
3 ms. Memory: 45056K Free: 26243K (58%)
ptolemy.util.test.WatchDog.cancel(): canceling Wed Sep 25 05:43:44 UTC 2019
------------------ testing $PTII/ptolemy/domains/de/test/auto/EventToDate.xml
auto.tcl: Setting watchdog for 200 seconds at Wed Sep 25 05:43:44 UTC 2019
3012 ms. Memory: 45056K Free: 17770K (39%)
ptolemy.util.test.WatchDog.cancel(): canceling Wed Sep 25 05:43:47 UTC 2019
auto.tcl: Setting watchdog for 200 seconds at Wed Sep 25 05:43:47 UTC 2019
3005 ms. Memory: 45056K Free: 17065K (38%)
ptolemy.util.test.WatchDog.cancel(): canceling Wed Sep 25 05:43:50 UTC 2019
------------------ testing $PTII/ptolemy/domains/de/test/auto/FSM1.xml
auto.tcl: Setting watchdog for 200 seconds at Wed Sep 25 05:43:50 UTC 2019
36 ms. Memory: 45056K Free: 18954K (42%)
ptolemy.util.test.WatchDog.cancel(): canceling Wed Sep 25 05:43:50 UTC 2019
auto.tcl: Setting watchdog for 200 seconds at Wed Sep 25 05:43:50 UTC 2019
16 ms. Memory: 45056K Free: 15725K (35%)
ptolemy.util.test.WatchDog.cancel(): canceling Wed Sep 25 05:43:50 UTC 2019
------------------ testing $PTII/ptolemy/domains/de/test/auto/FSM7.xml
auto.tcl: Setting watchdog for 200 seconds at Wed Sep 25 05:43:50 UTC 2019
26 ms. Memory: 45056K Free: 18878K (42%)
ptolemy.util.test.WatchDog.cancel(): canceling Wed Sep 25 05:43:50 UTC 2019
auto.tcl: Setting watchdog for 200 seconds at Wed Sep 25 05:43:50 UTC 2019
27 ms. Memory: 45056K Free: 15570K (35%)
ptolemy.util.test.WatchDog.cancel(): canceling Wed Sep 25 05:43:50 UTC 2019
------------------ testing $PTII/ptolemy/domains/de/test/auto/Inspection.xml
auto.tcl: Setting watchdog for 200 seconds at Wed Sep 25 05:43:50 UTC 2019
21 ms. Memory: 45056K Free: 18712K (42%)
ptolemy.util.test.WatchDog.cancel(): canceling Wed Sep 25 05:43:50 UTC 2019
auto.tcl: Setting watchdog for 200 seconds at Wed Sep 25 05:43:50 UTC 2019
30 ms. Memory: 45056K Free: 16961K (38%)
ptolemy.util.test.WatchDog.cancel(): canceling Wed Sep 25 05:43:50 UTC 2019
------------------ testing $PTII/ptolemy/domains/de/test/auto/Iteration.xml
auto.tcl: Setting watchdog for 200 seconds at Wed Sep 25 05:43:50 UTC 2019
8 ms. Memory: 45056K Free: 24394K (54%)
ptolemy.util.test.WatchDog.cancel(): canceling Wed Sep 25 05:43:50 UTC 2019
auto.tcl: Setting watchdog for 200 seconds at Wed Sep 25 05:43:50 UTC 2019
6 ms. Memory: 45056K Free: 23014K (51%)
ptolemy.util.test.WatchDog.cancel(): canceling Wed Sep 25 05:43:50 UTC 2019
------------------ testing $PTII/ptolemy/domains/de/test/auto/LineFault.xml
auto.tcl: Setting watchdog for 200 seconds at Wed Sep 25 05:43:50 UTC 2019
776 ms. Memory: 54272K Free: 15317K (28%)
ptolemy.util.test.WatchDog.cancel(): canceling Wed Sep 25 05:43:52 UTC 2019
auto.tcl: Setting watchdog for 200 seconds at Wed Sep 25 05:43:52 UTC 2019
672 ms. Memory: 54272K Free: 37989K (70%)
ptolemy.util.test.WatchDog.cancel(): canceling Wed Sep 25 05:43:52 UTC 2019
------------------ testing $PTII/ptolemy/domains/de/test/auto/MergeModel1Add.xml
auto.tcl: Setting watchdog for 200 seconds at Wed Sep 25 05:43:52 UTC 2019
16 ms. Memory: 54272K Free: 19434K (36%)
ptolemy.util.test.WatchDog.cancel(): canceling Wed Sep 25 05:43:52 UTC 2019
auto.tcl: Setting watchdog for 200 seconds at Wed Sep 25 05:43:52 UTC 2019
18 ms. Memory: 54272K Free: 17799K (33%)
ptolemy.util.test.WatchDog.cancel(): canceling Wed Sep 25 05:43:52 UTC 2019
------------------ testing $PTII/ptolemy/domains/de/test/auto/MergeModel2Add.xml
auto.tcl: Setting watchdog for 200 seconds at Wed Sep 25 05:43:52 UTC 2019
9 ms. Memory: 51200K Free: 18131K (35%)
ptolemy.util.test.WatchDog.cancel(): canceling Wed Sep 25 05:43:52 UTC 2019
auto.tcl: Setting watchdog for 200 seconds at Wed Sep 25 05:43:53 UTC 2019
8 ms. Memory: 51200K Free: 16444K (32%)
ptolemy.util.test.WatchDog.cancel(): canceling Wed Sep 25 05:43:53 UTC 2019
------------------ testing $PTII/ptolemy/domains/de/test/auto/MergeModel3Add.xml
auto.tcl: Setting watchdog for 200 seconds at Wed Sep 25 05:43:53 UTC 2019
9 ms. Memory: 51200K Free: 18384K (36%)
ptolemy.util.test.WatchDog.cancel(): canceling Wed Sep 25 05:43:53 UTC 2019
auto.tcl: Setting watchdog for 200 seconds at Wed Sep 25 05:43:53 UTC 2019
10 ms. Memory: 51200K Free: 16988K (33%)
ptolemy.util.test.WatchDog.cancel(): canceling Wed Sep 25 05:43:53 UTC 2019
------------------ testing $PTII/ptolemy/domains/de/test/auto/MergeWithoutDiscard.xml
auto.tcl: Setting watchdog for 200 seconds at Wed Sep 25 05:43:53 UTC 2019
2 ms. Memory: 48128K Free: 29891K (62%)
ptolemy.util.test.WatchDog.cancel(): canceling Wed Sep 25 05:43:53 UTC 2019
auto.tcl: Setting watchdog for 200 seconds at Wed Sep 25 05:43:53 UTC 2019
1 ms. Memory: 48128K Free: 29446K (61%)
ptolemy.util.test.WatchDog.cancel(): canceling Wed Sep 25 05:43:53 UTC 2019
------------------ testing $PTII/ptolemy/domains/de/test/auto/Modal1.xml
auto.tcl: Setting watchdog for 200 seconds at Wed Sep 25 05:43:53 UTC 2019
18 ms. Memory: 48128K Free: 21823K (45%)
ptolemy.util.test.WatchDog.cancel(): canceling Wed Sep 25 05:43:53 UTC 2019
auto.tcl: Setting watchdog for 200 seconds at Wed Sep 25 05:43:53 UTC 2019
25 ms. Memory: 48128K Free: 18374K (38%)
ptolemy.util.test.WatchDog.cancel(): canceling Wed Sep 25 05:43:53 UTC 2019
------------------ testing $PTII/ptolemy/domains/de/test/auto/Modal2.xml
auto.tcl: Setting watchdog for 200 seconds at Wed Sep 25 05:43:53 UTC 2019
14 ms. Memory: 48128K Free: 21956K (46%)
ptolemy.util.test.WatchDog.cancel(): canceling Wed Sep 25 05:43:53 UTC 2019
auto.tcl: Setting watchdog for 200 seconds at Wed Sep 25 05:43:53 UTC 2019
12 ms. Memory: 48128K Free: 18717K (39%)
ptolemy.util.test.WatchDog.cancel(): canceling Wed Sep 25 05:43:53 UTC 2019
------------------ testing $PTII/ptolemy/domains/de/test/auto/Modal3.xml
auto.tcl: Setting watchdog for 200 seconds at Wed Sep 25 05:43:53 UTC 2019
14 ms. Memory: 48128K Free: 21925K (46%)
ptolemy.util.test.WatchDog.cancel(): canceling Wed Sep 25 05:43:53 UTC 2019
auto.tcl: Setting watchdog for 200 seconds at Wed Sep 25 05:43:53 UTC 2019
18 ms. Memory: 48128K Free: 18698K (39%)
ptolemy.util.test.WatchDog.cancel(): canceling Wed Sep 25 05:43:53 UTC 2019
------------------ testing $PTII/ptolemy/domains/de/test/auto/Modal4.xml
auto.tcl: Setting watchdog for 200 seconds at Wed Sep 25 05:43:53 UTC 2019
24 ms. Memory: 48128K Free: 20897K (43%)
ptolemy.util.test.WatchDog.cancel(): canceling Wed Sep 25 05:43:53 UTC 2019
auto.tcl: Setting watchdog for 200 seconds at Wed Sep 25 05:43:53 UTC 2019
19 ms. Memory: 48128K Free: 17089K (36%)
ptolemy.util.test.WatchDog.cancel(): canceling Wed Sep 25 05:43:53 UTC 2019
------------------ testing $PTII/ptolemy/domains/de/test/auto/Modal5.xml
auto.tcl: Setting watchdog for 200 seconds at Wed Sep 25 05:43:53 UTC 2019
16 ms. Memory: 48128K Free: 20642K (43%)
ptolemy.util.test.WatchDog.cancel(): canceling Wed Sep 25 05:43:53 UTC 2019
auto.tcl: Setting watchdog for 200 seconds at Wed Sep 25 05:43:53 UTC 2019
15 ms. Memory: 48128K Free: 16678K (35%)
ptolemy.util.test.WatchDog.cancel(): canceling Wed Sep 25 05:43:53 UTC 2019
------------------ testing $PTII/ptolemy/domains/de/test/auto/Modal6.xml
auto.tcl: Setting watchdog for 200 seconds at Wed Sep 25 05:43:53 UTC 2019
19 ms. Memory: 48128K Free: 21665K (45%)
ptolemy.util.test.WatchDog.cancel(): canceling Wed Sep 25 05:43:53 UTC 2019
auto.tcl: Setting watchdog for 200 seconds at Wed Sep 25 05:43:53 UTC 2019
14 ms. Memory: 48128K Free: 17669K (37%)
ptolemy.util.test.WatchDog.cancel(): canceling Wed Sep 25 05:43:53 UTC 2019
------------------ testing $PTII/ptolemy/domains/de/test/auto/Modal7.xml
auto.tcl: Setting watchdog for 200 seconds at Wed Sep 25 05:43:53 UTC 2019
10 ms. Memory: 48128K Free: 20634K (43%)
ptolemy.util.test.WatchDog.cancel(): canceling Wed Sep 25 05:43:54 UTC 2019
auto.tcl: Setting watchdog for 200 seconds at Wed Sep 25 05:43:54 UTC 2019
9 ms. Memory: 48128K Free: 17074K (35%)
ptolemy.util.test.WatchDog.cancel(): canceling Wed Sep 25 05:43:54 UTC 2019
------------------ testing $PTII/ptolemy/domains/de/test/auto/ModalModel.xml
auto.tcl: Setting watchdog for 200 seconds at Wed Sep 25 05:43:54 UTC 2019
224 ms. Memory: 58368K Free: 28487K (49%)
ptolemy.util.test.WatchDog.cancel(): canceling Wed Sep 25 05:43:54 UTC 2019
auto.tcl: Setting watchdog for 200 seconds at Wed Sep 25 05:43:54 UTC 2019
223 ms. Memory: 58368K Free: 30080K (52%)
ptolemy.util.test.WatchDog.cancel(): canceling Wed Sep 25 05:43:54 UTC 2019
------------------ testing $PTII/ptolemy/domains/de/test/auto/ModalSource.xml
auto.tcl: Setting watchdog for 200 seconds at Wed Sep 25 05:43:54 UTC 2019
10 ms. Memory: 48128K Free: 25748K (53%)
ptolemy.util.test.WatchDog.cancel(): canceling Wed Sep 25 05:43:54 UTC 2019
auto.tcl: Setting watchdog for 200 seconds at Wed Sep 25 05:43:54 UTC 2019
7 ms. Memory: 48128K Free: 23700K (49%)
ptolemy.util.test.WatchDog.cancel(): canceling Wed Sep 25 05:43:54 UTC 2019
------------------ testing $PTII/ptolemy/domains/de/test/auto/NonInterruptibleTimerZeroDelay.xml
auto.tcl: Setting watchdog for 200 seconds at Wed Sep 25 05:43:54 UTC 2019
4 ms. Memory: 48128K Free: 30932K (64%)
ptolemy.util.test.WatchDog.cancel(): canceling Wed Sep 25 05:43:54 UTC 2019
auto.tcl: Setting watchdog for 200 seconds at Wed Sep 25 05:43:54 UTC 2019
3 ms. Memory: 48128K Free: 30039K (62%)
ptolemy.util.test.WatchDog.cancel(): canceling Wed Sep 25 05:43:54 UTC 2019
------------------ testing $PTII/ptolemy/domains/de/test/auto/OpenQueueingNetwork.xml
auto.tcl: Setting watchdog for 200 seconds at Wed Sep 25 05:43:54 UTC 2019
3009 ms. Memory: 98304K Free: 67263K (68%)
ptolemy.util.test.WatchDog.cancel(): canceling Wed Sep 25 05:43:57 UTC 2019
auto.tcl: Setting watchdog for 200 seconds at Wed Sep 25 05:43:57 UTC 2019
2492 ms. Memory: 143360K Free: 57942K (40%)
ptolemy.util.test.WatchDog.cancel(): canceling Wed Sep 25 05:44:00 UTC 2019
------------------ testing $PTII/ptolemy/domains/de/test/auto/OpenQueuingNetwork.xml
auto.tcl: Setting watchdog for 200 seconds at Wed Sep 25 05:44:00 UTC 2019
247 ms. Memory: 51200K Free: 18027K (35%)
ptolemy.util.test.WatchDog.cancel(): canceling Wed Sep 25 05:44:00 UTC 2019
auto.tcl: Setting watchdog for 200 seconds at Wed Sep 25 05:44:00 UTC 2019
239 ms. Memory: 51200K Free: 23697K (46%)
ptolemy.util.test.WatchDog.cancel(): canceling Wed Sep 25 05:44:01 UTC 2019
------------------ testing $PTII/ptolemy/domains/de/test/auto/PeriodicSampler.xml
auto.tcl: Setting watchdog for 200 seconds at Wed Sep 25 05:44:01 UTC 2019
4 ms. Memory: 51200K Free: 32952K (64%)
ptolemy.util.test.WatchDog.cancel(): canceling Wed Sep 25 05:44:01 UTC 2019
auto.tcl: Setting watchdog for 200 seconds at Wed Sep 25 05:44:01 UTC 2019
2 ms. Memory: 51200K Free: 31999K (62%)
ptolemy.util.test.WatchDog.cancel(): canceling Wed Sep 25 05:44:01 UTC 2019
------------------ testing $PTII/ptolemy/domains/de/test/auto/PersistentIO.xml
auto.tcl: Setting watchdog for 200 seconds at Wed Sep 25 05:44:01 UTC 2019
13 ms. Memory: 48128K Free: 24819K (52%)
ptolemy.util.test.WatchDog.cancel(): canceling Wed Sep 25 05:44:01 UTC 2019
auto.tcl: Setting watchdog for 200 seconds at Wed Sep 25 05:44:01 UTC 2019
6 ms. Memory: 48128K Free: 23427K (49%)
ptolemy.util.test.WatchDog.cancel(): canceling Wed Sep 25 05:44:01 UTC 2019
------------------ testing $PTII/ptolemy/domains/de/test/auto/PortParameterResetOnInitialize.xml
auto.tcl: Setting watchdog for 200 seconds at Wed Sep 25 05:44:01 UTC 2019
2 ms. Memory: 48128K Free: 29773K (62%)
ptolemy.util.test.WatchDog.cancel(): canceling Wed Sep 25 05:44:01 UTC 2019
auto.tcl: Setting watchdog for 200 seconds at Wed Sep 25 05:44:01 UTC 2019
2 ms. Memory: 48128K Free: 29333K (61%)
ptolemy.util.test.WatchDog.cancel(): canceling Wed Sep 25 05:44:01 UTC 2019
------------------ testing $PTII/ptolemy/domains/de/test/auto/PortParameterUpdates.xml
auto.tcl: Setting watchdog for 200 seconds at Wed Sep 25 05:44:01 UTC 2019
10 ms. Memory: 48128K Free: 27888K (58%)
ptolemy.util.test.WatchDog.cancel(): canceling Wed Sep 25 05:44:01 UTC 2019
auto.tcl: Setting watchdog for 200 seconds at Wed Sep 25 05:44:01 UTC 2019
5 ms. Memory: 48128K Free: 26482K (55%)
ptolemy.util.test.WatchDog.cancel(): canceling Wed Sep 25 05:44:01 UTC 2019
------------------ testing $PTII/ptolemy/domains/de/test/auto/QueueAndServer.xml
auto.tcl: Setting watchdog for 200 seconds at Wed Sep 25 05:44:01 UTC 2019
14 ms. Memory: 48128K Free: 26826K (56%)
ptolemy.util.test.WatchDog.cancel(): canceling Wed Sep 25 05:44:01 UTC 2019
auto.tcl: Setting watchdog for 200 seconds at Wed Sep 25 05:44:01 UTC 2019
6 ms. Memory: 48128K Free: 25405K (53%)
ptolemy.util.test.WatchDog.cancel(): canceling Wed Sep 25 05:44:01 UTC 2019
------------------ testing $PTII/ptolemy/domains/de/test/auto/Records.xml
auto.tcl: Setting watchdog for 200 seconds at Wed Sep 25 05:44:01 UTC 2019
5 ms. Memory: 48128K Free: 29364K (61%)
ptolemy.util.test.WatchDog.cancel(): canceling Wed Sep 25 05:44:01 UTC 2019
auto.tcl: Setting watchdog for 200 seconds at Wed Sep 25 05:44:01 UTC 2019
2 ms. Memory: 48128K Free: 28874K (60%)
ptolemy.util.test.WatchDog.cancel(): canceling Wed Sep 25 05:44:01 UTC 2019
------------------ testing $PTII/ptolemy/domains/de/test/auto/ResetTransitionWithStartTime1.xml
auto.tcl: Setting watchdog for 200 seconds at Wed Sep 25 05:44:01 UTC 2019
12 ms. Memory: 48128K Free: 26423K (55%)
ptolemy.util.test.WatchDog.cancel(): canceling Wed Sep 25 05:44:01 UTC 2019
auto.tcl: Setting watchdog for 200 seconds at Wed Sep 25 05:44:01 UTC 2019
10 ms. Memory: 48128K Free: 24238K (50%)
ptolemy.util.test.WatchDog.cancel(): canceling Wed Sep 25 05:44:01 UTC 2019
------------------ testing $PTII/ptolemy/domains/de/test/auto/ResetTransitionWithStartTime2.xml
auto.tcl: Setting watchdog for 200 seconds at Wed Sep 25 05:44:01 UTC 2019
6 ms. Memory: 48128K Free: 26387K (55%)
ptolemy.util.test.WatchDog.cancel(): canceling Wed Sep 25 05:44:01 UTC 2019
auto.tcl: Setting watchdog for 200 seconds at Wed Sep 25 05:44:01 UTC 2019
6 ms. Memory: 48128K Free: 24194K (50%)
ptolemy.util.test.WatchDog.cancel(): canceling Wed Sep 25 05:44:01 UTC 2019
------------------ testing $PTII/ptolemy/domains/de/test/auto/ResetTransitionWithStartTime3.xml
auto.tcl: Setting watchdog for 200 seconds at Wed Sep 25 05:44:01 UTC 2019
6 ms. Memory: 48128K Free: 26240K (55%)
ptolemy.util.test.WatchDog.cancel(): canceling Wed Sep 25 05:44:01 UTC 2019
auto.tcl: Setting watchdog for 200 seconds at Wed Sep 25 05:44:01 UTC 2019
6 ms. Memory: 48128K Free: 23736K (49%)
ptolemy.util.test.WatchDog.cancel(): canceling Wed Sep 25 05:44:01 UTC 2019
------------------ testing $PTII/ptolemy/domains/de/test/auto/ResetTransitionWithStartTime4.xml
auto.tcl: Setting watchdog for 200 seconds at Wed Sep 25 05:44:01 UTC 2019
7 ms. Memory: 48128K Free: 26725K (56%)
ptolemy.util.test.WatchDog.cancel(): canceling Wed Sep 25 05:44:01 UTC 2019
auto.tcl: Setting watchdog for 200 seconds at Wed Sep 25 05:44:01 UTC 2019
3 ms. Memory: 48128K Free: 25341K (53%)
ptolemy.util.test.WatchDog.cancel(): canceling Wed Sep 25 05:44:01 UTC 2019
------------------ testing $PTII/ptolemy/domains/de/test/auto/ResettableTimer1.xml
auto.tcl: Setting watchdog for 200 seconds at Wed Sep 25 05:44:02 UTC 2019
2 ms. Memory: 48128K Free: 30745K (64%)
ptolemy.util.test.WatchDog.cancel(): canceling Wed Sep 25 05:44:02 UTC 2019
auto.tcl: Setting watchdog for 200 seconds at Wed Sep 25 05:44:02 UTC 2019
2 ms. Memory: 48128K Free: 29854K (62%)
ptolemy.util.test.WatchDog.cancel(): canceling Wed Sep 25 05:44:02 UTC 2019
------------------ testing $PTII/ptolemy/domains/de/test/auto/ResettableTimer2.xml
auto.tcl: Setting watchdog for 200 seconds at Wed Sep 25 05:44:02 UTC 2019
2 ms. Memory: 48128K Free: 30566K (64%)
ptolemy.util.test.WatchDog.cancel(): canceling Wed Sep 25 05:44:02 UTC 2019
auto.tcl: Setting watchdog for 200 seconds at Wed Sep 25 05:44:02 UTC 2019
1 ms. Memory: 48128K Free: 29446K (61%)
ptolemy.util.test.WatchDog.cancel(): canceling Wed Sep 25 05:44:02 UTC 2019
------------------ testing $PTII/ptolemy/domains/de/test/auto/ResettableTimer3.xml
auto.tcl: Setting watchdog for 200 seconds at Wed Sep 25 05:44:02 UTC 2019
2 ms. Memory: 48128K Free: 30429K (63%)
ptolemy.util.test.WatchDog.cancel(): canceling Wed Sep 25 05:44:02 UTC 2019
auto.tcl: Setting watchdog for 200 seconds at Wed Sep 25 05:44:02 UTC 2019
1 ms. Memory: 48128K Free: 30373K (63%)
ptolemy.util.test.WatchDog.cancel(): canceling Wed Sep 25 05:44:02 UTC 2019
------------------ testing $PTII/ptolemy/domains/de/test/auto/ResettableTimer4.xml
auto.tcl: Setting watchdog for 200 seconds at Wed Sep 25 05:44:02 UTC 2019
1 ms. Memory: 48128K Free: 30443K (63%)
ptolemy.util.test.WatchDog.cancel(): canceling Wed Sep 25 05:44:02 UTC 2019
auto.tcl: Setting watchdog for 200 seconds at Wed Sep 25 05:44:02 UTC 2019
1 ms. Memory: 48128K Free: 29945K (62%)
ptolemy.util.test.WatchDog.cancel(): canceling Wed Sep 25 05:44:02 UTC 2019
------------------ testing $PTII/ptolemy/domains/de/test/auto/ResettableTimer5.xml
auto.tcl: Setting watchdog for 200 seconds at Wed Sep 25 05:44:02 UTC 2019
1 ms. Memory: 48128K Free: 29864K (62%)
ptolemy.util.test.WatchDog.cancel(): canceling Wed Sep 25 05:44:02 UTC 2019
auto.tcl: Setting watchdog for 200 seconds at Wed Sep 25 05:44:02 UTC 2019
1 ms. Memory: 48128K Free: 29425K (61%)
ptolemy.util.test.WatchDog.cancel(): canceling Wed Sep 25 05:44:02 UTC 2019
------------------ testing $PTII/ptolemy/domains/de/test/auto/ResettableTimer6.xml
auto.tcl: Setting watchdog for 200 seconds at Wed Sep 25 05:44:02 UTC 2019
1 ms. Memory: 48128K Free: 29861K (62%)
ptolemy.util.test.WatchDog.cancel(): canceling Wed Sep 25 05:44:02 UTC 2019
auto.tcl: Setting watchdog for 200 seconds at Wed Sep 25 05:44:02 UTC 2019
1 ms. Memory: 48128K Free: 29351K (61%)
ptolemy.util.test.WatchDog.cancel(): canceling Wed Sep 25 05:44:02 UTC 2019
------------------ testing $PTII/ptolemy/domains/de/test/auto/ServerZeroDelay.xml
auto.tcl: Setting watchdog for 200 seconds at Wed Sep 25 05:44:02 UTC 2019
3 ms. Memory: 48128K Free: 30463K (63%)
ptolemy.util.test.WatchDog.cancel(): canceling Wed Sep 25 05:44:02 UTC 2019
auto.tcl: Setting watchdog for 200 seconds at Wed Sep 25 05:44:02 UTC 2019
2 ms. Memory: 48128K Free: 29453K (61%)
ptolemy.util.test.WatchDog.cancel(): canceling Wed Sep 25 05:44:02 UTC 2019
------------------ testing $PTII/ptolemy/domains/de/test/auto/SmartSender.xml
auto.tcl: Setting watchdog for 200 seconds at Wed Sep 25 05:44:02 UTC 2019
3002 ms. Memory: 48128K Free: 30401K (63%)
ptolemy.util.test.WatchDog.cancel(): canceling Wed Sep 25 05:44:05 UTC 2019
auto.tcl: Setting watchdog for 200 seconds at Wed Sep 25 05:44:05 UTC 2019
3002 ms. Memory: 48128K Free: 29905K (62%)
ptolemy.util.test.WatchDog.cancel(): canceling Wed Sep 25 05:44:08 UTC 2019
------------------ testing $PTII/ptolemy/domains/de/test/auto/ThreadedComposite.xml
auto.tcl: Setting watchdog for 200 seconds at Wed Sep 25 05:44:08 UTC 2019
327 ms. Memory: 48128K Free: 10918K (23%)
ptolemy.util.test.WatchDog.cancel(): canceling Wed Sep 25 05:44:08 UTC 2019
auto.tcl: Setting watchdog for 200 seconds at Wed Sep 25 05:44:08 UTC 2019
159 ms. Memory: 58368K Free: 35435K (61%)
ptolemy.util.test.WatchDog.cancel(): canceling Wed Sep 25 05:44:09 UTC 2019
------------------ testing $PTII/ptolemy/domains/de/test/auto/Time.xml
auto.tcl: Setting watchdog for 200 seconds at Wed Sep 25 05:44:09 UTC 2019
600 ms. Memory: 48128K Free: 29083K (60%)
ptolemy.util.test.WatchDog.cancel(): canceling Wed Sep 25 05:44:09 UTC 2019
auto.tcl: Setting watchdog for 200 seconds at Wed Sep 25 05:44:09 UTC 2019
588 ms. Memory: 48128K Free: 28123K (58%)
ptolemy.util.test.WatchDog.cancel(): canceling Wed Sep 25 05:44:10 UTC 2019
------------------ testing $PTII/ptolemy/domains/de/test/auto/TimeDelayZeroDelay.xml
auto.tcl: Setting watchdog for 200 seconds at Wed Sep 25 05:44:10 UTC 2019
3 ms. Memory: 48128K Free: 30784K (64%)
ptolemy.util.test.WatchDog.cancel(): canceling Wed Sep 25 05:44:10 UTC 2019
auto.tcl: Setting watchdog for 200 seconds at Wed Sep 25 05:44:10 UTC 2019
2 ms. Memory: 48128K Free: 29887K (62%)
ptolemy.util.test.WatchDog.cancel(): canceling Wed Sep 25 05:44:10 UTC 2019
------------------ testing $PTII/ptolemy/domains/de/test/auto/TimerZeroDelay.xml
auto.tcl: Setting watchdog for 200 seconds at Wed Sep 25 05:44:10 UTC 2019
4 ms. Memory: 48128K Free: 30774K (64%)
ptolemy.util.test.WatchDog.cancel(): canceling Wed Sep 25 05:44:10 UTC 2019
auto.tcl: Setting watchdog for 200 seconds at Wed Sep 25 05:44:10 UTC 2019
2 ms. Memory: 48128K Free: 29930K (62%)
ptolemy.util.test.WatchDog.cancel(): canceling Wed Sep 25 05:44:10 UTC 2019
------------------ testing $PTII/ptolemy/domains/de/test/auto/TimingParadox.xml
auto.tcl: Setting watchdog for 200 seconds at Wed Sep 25 05:44:10 UTC 2019
381 ms. Memory: 48128K Free: 14426K (30%)
ptolemy.util.test.WatchDog.cancel(): canceling Wed Sep 25 05:44:11 UTC 2019
auto.tcl: Setting watchdog for 200 seconds at Wed Sep 25 05:44:11 UTC 2019
379 ms. Memory: 58368K Free: 37282K (64%)
ptolemy.util.test.WatchDog.cancel(): canceling Wed Sep 25 05:44:11 UTC 2019
------------------ testing $PTII/ptolemy/domains/de/test/auto/TransferInputs.xml
auto.tcl: Setting watchdog for 200 seconds at Wed Sep 25 05:44:11 UTC 2019
2 ms. Memory: 55296K Free: 35967K (65%)
ptolemy.util.test.WatchDog.cancel(): canceling Wed Sep 25 05:44:11 UTC 2019
auto.tcl: Setting watchdog for 200 seconds at Wed Sep 25 05:44:11 UTC 2019
3 ms. Memory: 55296K Free: 35057K (63%)
ptolemy.util.test.WatchDog.cancel(): canceling Wed Sep 25 05:44:11 UTC 2019
------------------ testing $PTII/ptolemy/domains/de/test/auto/TransferOutputs2.xml
auto.tcl: Setting watchdog for 200 seconds at Wed Sep 25 05:44:11 UTC 2019
11 ms. Memory: 51200K Free: 29313K (57%)
ptolemy.util.test.WatchDog.cancel(): canceling Wed Sep 25 05:44:11 UTC 2019
auto.tcl: Setting watchdog for 200 seconds at Wed Sep 25 05:44:11 UTC 2019
3 ms. Memory: 51200K Free: 27903K (54%)
ptolemy.util.test.WatchDog.cancel(): canceling Wed Sep 25 05:44:11 UTC 2019
------------------ testing $PTII/ptolemy/domains/de/test/auto/Trilateration.xml
auto.tcl: Setting watchdog for 200 seconds at Wed Sep 25 05:44:11 UTC 2019
14516 ms. Memory: 455680K Free: 390444K (86%)
ptolemy.util.test.WatchDog.cancel(): canceling Wed Sep 25 05:44:27 UTC 2019
auto.tcl: Setting watchdog for 200 seconds at Wed Sep 25 05:44:27 UTC 2019
12096 ms. Memory: 455680K Free: 197595K (43%)
ptolemy.util.test.WatchDog.cancel(): canceling Wed Sep 25 05:44:39 UTC 2019
------------------ testing $PTII/ptolemy/domains/de/test/auto/TwoSigmaDelta.xml
auto.tcl: Setting watchdog for 200 seconds at Wed Sep 25 05:44:39 UTC 2019
2787 ms. Memory: 86016K Free: 22357K (26%)
ptolemy.util.test.WatchDog.cancel(): canceling Wed Sep 25 05:44:42 UTC 2019
auto.tcl: Setting watchdog for 200 seconds at Wed Sep 25 05:44:42 UTC 2019
2117 ms. Memory: 86016K Free: 14655K (17%)
ptolemy.util.test.WatchDog.cancel(): canceling Wed Sep 25 05:44:44 UTC 2019
------------------ testing $PTII/ptolemy/domains/de/test/auto/VariableDelay.xml
auto.tcl: Setting watchdog for 200 seconds at Wed Sep 25 05:44:44 UTC 2019
3 ms. Memory: 51200K Free: 32345K (63%)
ptolemy.util.test.WatchDog.cancel(): canceling Wed Sep 25 05:44:44 UTC 2019
auto.tcl: Setting watchdog for 200 seconds at Wed Sep 25 05:44:44 UTC 2019
3 ms. Memory: 51200K Free: 31351K (61%)
ptolemy.util.test.WatchDog.cancel(): canceling Wed Sep 25 05:44:44 UTC 2019
------------------ testing $PTII/ptolemy/domains/de/test/auto/VariableDelay2.xml
auto.tcl: Setting watchdog for 200 seconds at Wed Sep 25 05:44:44 UTC 2019
2 ms. Memory: 51200K Free: 32760K (64%)
ptolemy.util.test.WatchDog.cancel(): canceling Wed Sep 25 05:44:44 UTC 2019
auto.tcl: Setting watchdog for 200 seconds at Wed Sep 25 05:44:44 UTC 2019
3 ms. Memory: 51200K Free: 32262K (63%)
ptolemy.util.test.WatchDog.cancel(): canceling Wed Sep 25 05:44:44 UTC 2019
------------------ testing $PTII/ptolemy/domains/de/test/auto/VariableDelayZeroDelay.xml
auto.tcl: Setting watchdog for 200 seconds at Wed Sep 25 05:44:44 UTC 2019
2 ms. Memory: 51200K Free: 33286K (65%)
ptolemy.util.test.WatchDog.cancel(): canceling Wed Sep 25 05:44:44 UTC 2019
auto.tcl: Setting watchdog for 200 seconds at Wed Sep 25 05:44:44 UTC 2019
2 ms. Memory: 51200K Free: 32742K (64%)
ptolemy.util.test.WatchDog.cancel(): canceling Wed Sep 25 05:44:44 UTC 2019
------------------ testing $PTII/ptolemy/domains/de/test/auto/VariableDelayZeroDelay2.xml
auto.tcl: Setting watchdog for 200 seconds at Wed Sep 25 05:44:44 UTC 2019
4 ms. Memory: 51200K Free: 33285K (65%)
ptolemy.util.test.WatchDog.cancel(): canceling Wed Sep 25 05:44:44 UTC 2019
auto.tcl: Setting watchdog for 200 seconds at Wed Sep 25 05:44:44 UTC 2019
2 ms. Memory: 51200K Free: 32261K (63%)
ptolemy.util.test.WatchDog.cancel(): canceling Wed Sep 25 05:44:44 UTC 2019
------------------ testing $PTII/ptolemy/domains/de/test/auto/deInCt.xml
auto.tcl: Setting watchdog for 200 seconds at Wed Sep 25 05:44:44 UTC 2019
0
1
1
0
0
0
1
1
1
0
0
0
1
1
1
0
0
0
1
1
1
1
1
0
0
0
1
1
1
0
0
0
1
1
1
1
0
0
0
0
0
0
23 ms. Memory: 48128K Free: 29187K (61%)
ptolemy.util.test.WatchDog.cancel(): canceling Wed Sep 25 05:44:45 UTC 2019
auto.tcl: Setting watchdog for 200 seconds at Wed Sep 25 05:44:45 UTC 2019
0
1
1
1
0
0
1
1
1
1
1
0
0
0
0
1
1
1
1
0
0
0
0
0
0
0
7 ms. Memory: 48128K Free: 27646K (57%)
ptolemy.util.test.WatchDog.cancel(): canceling Wed Sep 25 05:44:45 UTC 2019
------------------ testing $PTII/ptolemy/domains/de/test/auto/deInCt2.xml
auto.tcl: Setting watchdog for 200 seconds at Wed Sep 25 05:44:45 UTC 2019
0
1
1
1
0
0
1
1
1
0
0
1
1
1
0
0
1
1
1
0
0
1
1
1
0
0
1
1
1
0
0
1
1
1
0
0
1
1
1
0
0
0
15 ms. Memory: 48128K Free: 29189K (61%)
ptolemy.util.test.WatchDog.cancel(): canceling Wed Sep 25 05:44:45 UTC 2019
auto.tcl: Setting watchdog for 200 seconds at Wed Sep 25 05:44:45 UTC 2019
0
1
1
1
0
0
1
1
1
0
0
1
1
1
0
0
1
1
1
0
0
1
1
1
0
0
1
1
1
0
0
1
1
1
0
0
1
1
1
0
0
0
9 ms. Memory: 48128K Free: 27697K (58%)
ptolemy.util.test.WatchDog.cancel(): canceling Wed Sep 25 05:44:45 UTC 2019
------------------ testing $PTII/ptolemy/domains/de/test/auto/dynamicCausalityInterface1.xml
auto.tcl: Setting watchdog for 200 seconds at Wed Sep 25 05:44:45 UTC 2019
1 ms. Memory: 48128K Free: 24559K (51%)
ptolemy.util.test.WatchDog.cancel(): canceling Wed Sep 25 05:44:45 UTC 2019
auto.tcl: Setting watchdog for 200 seconds at Wed Sep 25 05:44:45 UTC 2019
1 ms. Memory: 48128K Free: 24077K (50%)
ptolemy.util.test.WatchDog.cancel(): canceling Wed Sep 25 05:44:45 UTC 2019
------------------ testing $PTII/ptolemy/domains/de/test/auto/fsm_de_test.xml
auto.tcl: Setting watchdog for 200 seconds at Wed Sep 25 05:44:45 UTC 2019
13 ms. Memory: 48128K Free: 24986K (52%)
ptolemy.util.test.WatchDog.cancel(): canceling Wed Sep 25 05:44:45 UTC 2019
auto.tcl: Setting watchdog for 200 seconds at Wed Sep 25 05:44:45 UTC 2019
7 ms. Memory: 48128K Free: 22981K (48%)
ptolemy.util.test.WatchDog.cancel(): canceling Wed Sep 25 05:44:45 UTC 2019
------------------ testing $PTII/ptolemy/domains/de/test/auto/functionDependencyReconstruction.xml
auto.tcl: Setting watchdog for 200 seconds at Wed Sep 25 05:44:45 UTC 2019
4 ms. Memory: 48128K Free: 18832K (39%)
ptolemy.util.test.WatchDog.cancel(): canceling Wed Sep 25 05:44:45 UTC 2019
auto.tcl: Setting watchdog for 200 seconds at Wed Sep 25 05:44:45 UTC 2019
3 ms. Memory: 48128K Free: 16823K (35%)
ptolemy.util.test.WatchDog.cancel(): canceling Wed Sep 25 05:44:45 UTC 2019
------------------ testing $PTII/ptolemy/domains/de/test/auto/multirate.xml
auto.tcl: Setting watchdog for 200 seconds at Wed Sep 25 05:44:45 UTC 2019
5 ms. Memory: 48128K Free: 27402K (57%)
ptolemy.util.test.WatchDog.cancel(): canceling Wed Sep 25 05:44:45 UTC 2019
auto.tcl: Setting watchdog for 200 seconds at Wed Sep 25 05:44:45 UTC 2019
4 ms. Memory: 48128K Free: 25923K (54%)
ptolemy.util.test.WatchDog.cancel(): canceling Wed Sep 25 05:44:45 UTC 2019
------------------ testing $PTII/ptolemy/domains/de/test/auto/multirate2.xml
auto.tcl: Setting watchdog for 200 seconds at Wed Sep 25 05:44:45 UTC 2019
2 ms. Memory: 48128K Free: 27583K (57%)
ptolemy.util.test.WatchDog.cancel(): canceling Wed Sep 25 05:44:45 UTC 2019
auto.tcl: Setting watchdog for 200 seconds at Wed Sep 25 05:44:45 UTC 2019
3 ms. Memory: 48128K Free: 26131K (54%)
ptolemy.util.test.WatchDog.cancel(): canceling Wed Sep 25 05:44:45 UTC 2019
------------------ testing $PTII/ptolemy/domains/de/test/auto/realtime.xml
auto.tcl: Setting watchdog for 200 seconds at Wed Sep 25 05:44:45 UTC 2019
10001 ms. Memory: 48128K Free: 29875K (62%)
ptolemy.util.test.WatchDog.cancel(): canceling Wed Sep 25 05:44:55 UTC 2019
auto.tcl: Setting watchdog for 200 seconds at Wed Sep 25 05:44:55 UTC 2019
10002 ms. Memory: 48128K Free: 29133K (61%)
ptolemy.util.test.WatchDog.cancel(): canceling Wed Sep 25 05:45:05 UTC 2019
------------------ testing $PTII/ptolemy/domains/de/test/auto/relationGroup.xml
auto.tcl: Setting watchdog for 200 seconds at Wed Sep 25 05:45:05 UTC 2019
2 ms. Memory: 48128K Free: 30960K (64%)
ptolemy.util.test.WatchDog.cancel(): canceling Wed Sep 25 05:45:05 UTC 2019
auto.tcl: Setting watchdog for 200 seconds at Wed Sep 25 05:45:05 UTC 2019
2 ms. Memory: 48128K Free: 30448K (63%)
ptolemy.util.test.WatchDog.cancel(): canceling Wed Sep 25 05:45:05 UTC 2019
------------------ testing $PTII/ptolemy/domains/de/test/auto/relationGroup2.xml
auto.tcl: Setting watchdog for 200 seconds at Wed Sep 25 05:45:05 UTC 2019
2 ms. Memory: 48128K Free: 30744K (64%)
ptolemy.util.test.WatchDog.cancel(): canceling Wed Sep 25 05:45:05 UTC 2019
auto.tcl: Setting watchdog for 200 seconds at Wed Sep 25 05:45:05 UTC 2019
2 ms. Memory: 48128K Free: 30240K (63%)
ptolemy.util.test.WatchDog.cancel(): canceling Wed Sep 25 05:45:05 UTC 2019
------------------ testing $PTII/ptolemy/domains/de/test/auto/sortWithOpaquePorts.xml
auto.tcl: Setting watchdog for 200 seconds at Wed Sep 25 05:45:05 UTC 2019
2 ms. Memory: 48128K Free: 29727K (62%)
ptolemy.util.test.WatchDog.cancel(): canceling Wed Sep 25 05:45:05 UTC 2019
auto.tcl: Setting watchdog for 200 seconds at Wed Sep 25 05:45:05 UTC 2019
4 ms. Memory: 48128K Free: 28242K (59%)
ptolemy.util.test.WatchDog.cancel(): canceling Wed Sep 25 05:45:05 UTC 2019
------------------ testing $PTII/ptolemy/domains/de/test/auto/transferInputsandOutputs.xml
auto.tcl: Setting watchdog for 200 seconds at Wed Sep 25 05:45:06 UTC 2019
4 ms. Memory: 48128K Free: 27157K (56%)
ptolemy.util.test.WatchDog.cancel(): canceling Wed Sep 25 05:45:06 UTC 2019
auto.tcl: Setting watchdog for 200 seconds at Wed Sep 25 05:45:06 UTC 2019
4 ms. Memory: 48128K Free: 26165K (54%)
ptolemy.util.test.WatchDog.cancel(): canceling Wed Sep 25 05:45:06 UTC 2019
------------------ testing $PTII/ptolemy/domains/de/test/auto/triggerType.xml
auto.tcl: Setting watchdog for 200 seconds at Wed Sep 25 05:45:06 UTC 2019
1 ms. Memory: 48128K Free: 30181K (63%)
ptolemy.util.test.WatchDog.cancel(): canceling Wed Sep 25 05:45:06 UTC 2019
auto.tcl: Setting watchdog for 200 seconds at Wed Sep 25 05:45:06 UTC 2019
2 ms. Memory: 48128K Free: 29225K (61%)
ptolemy.util.test.WatchDog.cancel(): canceling Wed Sep 25 05:45:06 UTC 2019
09/25/19 05:45:06
Failed: 0  Total Tests: 192  ((Passed: 187, Newly Passed: 1)  Known Failed: 5) /home/travis/build/icyphy/ptII/ptolemy/domains/de/test
09/25/19 05:45:06
Failed: 0  Total Tests: 192  ((Passed: 187, Newly Passed: 1)  Known Failed: 5) /home/travis/build/icyphy/ptII/ptolemy/domains/de/test
----------------- testing (KnownFailure) /home/travis/build/icyphy/ptII/ptolemy/domains/de/test/auto/knownFailedTests/DESDFClockTest.xml
2015 ms. Memory: 48128K Free: 23576K (49%)
Known Failure: java.lang.reflect.InvocationTargetException
----------------- testing (KnownFailure) /home/travis/build/icyphy/ptII/ptolemy/domains/de/test/auto/knownFailedTests/DirectFeedback.xml
1 ms. Memory: 48128K Free: 19480K (40%)
Known Failure: java.lang.reflect.InvocationTargetException
----------------- testing (KnownFailure) /home/travis/build/icyphy/ptII/ptolemy/domains/de/test/auto/knownFailedTests/FSMSource.xml
13 ms. Memory: 48128K Free: 11802K (25%)
----------------- testing (KnownFailure) /home/travis/build/icyphy/ptII/ptolemy/domains/de/test/auto/knownFailedTests/HierarchicalModel.xml
3 ms. Memory: 48128K Free: 21928K (46%)
Known Failure: java.lang.reflect.InvocationTargetException
----------------- testing (KnownFailure) /home/travis/build/icyphy/ptII/ptolemy/domains/de/test/auto/knownFailedTests/dependencyLoop.xml
11 ms. Memory: 48128K Free: 32255K (67%)
Known Failure: java.lang.reflect.InvocationTargetException
----------------- testing (KnownFailure) /home/travis/build/icyphy/ptII/ptolemy/domains/de/test/auto/knownFailedTests/dependencyLoop2.xml
7 ms. Memory: 48128K Free: 17130K (36%)
Known Failure: java.lang.reflect.InvocationTargetException
No auto/linux-amd64/*.xml tests in /home/travis/build/icyphy/ptII/ptolemy/domains/de/test
AutoTests.java: About to close Vertx.
AutoTests.java: Vertx closed.

===========================================================================================
----------------- testing Wed Sep 25 05:45:08 UTC 2019 /home/travis/build/icyphy/ptII/ptolemy/domains/de/test/auto/ActorDepthCalculation_actorWithoutPorts.xml
----------------- Instantiating /home/travis/build/icyphy/ptII/ptolemy/domains/de/test/auto/ActorDepthCalculation_actorWithoutPorts.xml
5 ms. Memory: 48128K Free: 10821K (22%)
----------------- Invoking toplevel() on ptolemy.moml.MoMLSimpleApplication@1a4b7fd0
----------------- Done invoking toplevel() on ptolemy.moml.MoMLSimpleApplication@1a4b7fd0
reloadAllAccessors: .ActorDepthCalculation_actorWithoutPorts

===========================================================================================
----------------- testing Wed Sep 25 05:45:08 UTC 2019 /home/travis/build/icyphy/ptII/ptolemy/domains/de/test/auto/AssemblyLine.xml
----------------- Instantiating /home/travis/build/icyphy/ptII/ptolemy/domains/de/test/auto/AssemblyLine.xml
3 ms. Memory: 48128K Free: 29266K (61%)
----------------- Invoking toplevel() on ptolemy.moml.MoMLSimpleApplication@2928a5d5
----------------- Done invoking toplevel() on ptolemy.moml.MoMLSimpleApplication@2928a5d5
reloadAllAccessors: .AssemblyLine

===========================================================================================
----------------- testing Wed Sep 25 05:45:08 UTC 2019 /home/travis/build/icyphy/ptII/ptolemy/domains/de/test/auto/CQBug1.xml
----------------- Instantiating /home/travis/build/icyphy/ptII/ptolemy/domains/de/test/auto/CQBug1.xml
1 ms. Memory: 48128K Free: 26334K (55%)
----------------- Invoking toplevel() on ptolemy.moml.MoMLSimpleApplication@168ad382
----------------- Done invoking toplevel() on ptolemy.moml.MoMLSimpleApplication@168ad382
reloadAllAccessors: .CQBug1

===========================================================================================
----------------- testing Wed Sep 25 05:45:08 UTC 2019 /home/travis/build/icyphy/ptII/ptolemy/domains/de/test/auto/CancelFireAt.xml
----------------- Instantiating /home/travis/build/icyphy/ptII/ptolemy/domains/de/test/auto/CancelFireAt.xml
1 ms. Memory: 48128K Free: 24084K (50%)
----------------- Invoking toplevel() on ptolemy.moml.MoMLSimpleApplication@5328956a
----------------- Done invoking toplevel() on ptolemy.moml.MoMLSimpleApplication@5328956a
reloadAllAccessors: .CancelFireAt

===========================================================================================
----------------- testing Wed Sep 25 05:45:08 UTC 2019 /home/travis/build/icyphy/ptII/ptolemy/domains/de/test/auto/CausalityAndComposabilityAnalysis.xml
----------------- Instantiating /home/travis/build/icyphy/ptII/ptolemy/domains/de/test/auto/CausalityAndComposabilityAnalysis.xml
2 ms. Memory: 48128K Free: 20020K (42%)
----------------- Invoking toplevel() on ptolemy.moml.MoMLSimpleApplication@6e12f5b8
----------------- Done invoking toplevel() on ptolemy.moml.MoMLSimpleApplication@6e12f5b8
reloadAllAccessors: .CausalityAndComposabilityAnalysis

===========================================================================================
----------------- testing Wed Sep 25 05:45:08 UTC 2019 /home/travis/build/icyphy/ptII/ptolemy/domains/de/test/auto/CausalityInterface1.xml
----------------- Instantiating /home/travis/build/icyphy/ptII/ptolemy/domains/de/test/auto/CausalityInterface1.xml
6 ms. Memory: 48128K Free: 15117K (31%)
----------------- Invoking toplevel() on ptolemy.moml.MoMLSimpleApplication@74a3689c
----------------- Done invoking toplevel() on ptolemy.moml.MoMLSimpleApplication@74a3689c
reloadAllAccessors: .CausalityInterface1

===========================================================================================
----------------- testing Wed Sep 25 05:45:08 UTC 2019 /home/travis/build/icyphy/ptII/ptolemy/domains/de/test/auto/CausalityInterface15.xml
----------------- Instantiating /home/travis/build/icyphy/ptII/ptolemy/domains/de/test/auto/CausalityInterface15.xml
2 ms. Memory: 48128K Free: 9724K (20%)
----------------- Invoking toplevel() on ptolemy.moml.MoMLSimpleApplication@5c7dc4c9
----------------- Done invoking toplevel() on ptolemy.moml.MoMLSimpleApplication@5c7dc4c9
reloadAllAccessors: .CausalityInterface15

===========================================================================================
----------------- testing Wed Sep 25 05:45:08 UTC 2019 /home/travis/build/icyphy/ptII/ptolemy/domains/de/test/auto/CausalityInterface2.xml
----------------- Instantiating /home/travis/build/icyphy/ptII/ptolemy/domains/de/test/auto/CausalityInterface2.xml
1 ms. Memory: 48128K Free: 30747K (64%)
[...]
	at ptolemy.actor.Manager.run(Manager.java:1263)
	at ptolemy.actor.Manager$PtolemyRunThread.run(Manager.java:1933)
java.lang.RuntimeException: Execution failed
	at ptolemy.moml.MoMLSimpleApplication$UnloadThread.run(MoMLSimpleApplication.java:402)
Caused by: ptolemy.kernel.util.IllegalActionException: Actor is not ready to fire.  Perhaps UpSample.prefire() returned false? Try debugging the actor by selecting "Listen to Actor".  Also, for SDF check moml for tokenConsumptionRate on input.
  in .DESDFClockTest.Play Bell.Copy1:SDF Director and .DESDFClockTest.Play Bell.UpSample
	at ptolemy.actor.sched.StaticSchedulingDirector.fire(StaticSchedulingDirector.java:227)
	at ptolemy.domains.sdf.kernel.SDFDirector.fire(SDFDirector.java:500)
	at ptolemy.actor.CompositeActor.fire(CompositeActor.java:455)
	at ptolemy.domains.de.kernel.DEDirector._fire(DEDirector.java:1949)
	at ptolemy.domains.de.kernel.DEDirector.fire(DEDirector.java:502)
	at ptolemy.actor.CompositeActor.fire(CompositeActor.java:455)
	at ptolemy.actor.Manager.iterate(Manager.java:851)
	at ptolemy.actor.Manager.execute(Manager.java:369)
	at ptolemy.actor.Manager.run(Manager.java:1263)
	at ptolemy.actor.Manager$PtolemyRunThread.run(Manager.java:1933)
java.lang.reflect.InvocationTargetException
	at java.base/jdk.internal.reflect.NativeConstructorAccessorImpl.newInstance0(Native Method)
	at java.base/jdk.internal.reflect.NativeConstructorAccessorImpl.newInstance(NativeConstructorAccessorImpl.java:62)
	at java.base/jdk.internal.reflect.DelegatingConstructorAccessorImpl.newInstance(DelegatingConstructorAccessorImpl.java:45)
	at java.base/java.lang.reflect.Constructor.newInstance(Constructor.java:490)
	at ptolemy.util.test.junit.AutoKnownFailedTests.RunModel(AutoKnownFailedTests.java:105)
	at java.base/jdk.internal.reflect.NativeMethodAccessorImpl.invoke0(Native Method)
	at java.base/jdk.internal.reflect.NativeMethodAccessorImpl.invoke(NativeMethodAccessorImpl.java:62)
	at java.base/jdk.internal.reflect.DelegatingMethodAccessorImpl.invoke(DelegatingMethodAccessorImpl.java:43)
	at java.base/java.lang.reflect.Method.invoke(Method.java:566)
	at org.junit.runners.model.FrameworkMethod$1.runReflectiveCall(FrameworkMethod.java:44)
	at org.junit.internal.runners.model.ReflectiveCallable.run(ReflectiveCallable.java:15)
	at org.junit.runners.model.FrameworkMethod.invokeExplosively(FrameworkMethod.java:41)
	at junitparams.internal.InvokeParameterisedMethod.evaluate(InvokeParameterisedMethod.java:102)
	at org.junit.internal.runners.statements.FailOnTimeout$1.run(FailOnTimeout.java:28)
Caused by: ptolemy.kernel.util.IllegalActionException: Actor is not ready to fire.  Perhaps UpSample.prefire() returned false? Try debugging the actor by selecting "Listen to Actor".  Also, for SDF check moml for tokenConsumptionRate on input.
  in .DESDFClockTest.Play Bell.Copy1:SDF Director and .DESDFClockTest.Play Bell.UpSample
	at ptolemy.actor.sched.StaticSchedulingDirector.fire(StaticSchedulingDirector.java:227)
	at ptolemy.domains.sdf.kernel.SDFDirector.fire(SDFDirector.java:500)
	at ptolemy.actor.CompositeActor.fire(CompositeActor.java:455)
	at ptolemy.domains.de.kernel.DEDirector._fire(DEDirector.java:1949)
	at ptolemy.domains.de.kernel.DEDirector.fire(DEDirector.java:502)
	at ptolemy.actor.CompositeActor.fire(CompositeActor.java:455)
	at ptolemy.actor.Manager.iterate(Manager.java:851)
	at ptolemy.actor.Manager.execute(Manager.java:369)
	at ptolemy.actor.Manager.run(Manager.java:1263)
	at ptolemy.actor.Manager$PtolemyRunThread.run(Manager.java:1933)
java.lang.RuntimeException: Execution failed
	at ptolemy.moml.MoMLSimpleApplication$UnloadThread.run(MoMLSimpleApplication.java:402)
Caused by: ptolemy.kernel.util.IllegalActionException: Test fails in iteration 1.
Value was: 1.0. Should have been: 2.0
  in .DirectFeedback.Test
	at ptolemy.actor.lib.Test.fire(Test.java:268)
	at ptolemy.domains.de.kernel.DEDirector._fire(DEDirector.java:1949)
	at ptolemy.domains.de.kernel.DEDirector.fire(DEDirector.java:502)
	at ptolemy.actor.CompositeActor.fire(CompositeActor.java:455)
	at ptolemy.actor.Manager.iterate(Manager.java:851)
	at ptolemy.actor.Manager.execute(Manager.java:369)
	at ptolemy.actor.Manager.run(Manager.java:1263)
	at ptolemy.actor.Manager$PtolemyRunThread.run(Manager.java:1933)
java.lang.reflect.InvocationTargetException
	at java.base/jdk.internal.reflect.NativeConstructorAccessorImpl.newInstance0(Native Method)
	at java.base/jdk.internal.reflect.NativeConstructorAccessorImpl.newInstance(NativeConstructorAccessorImpl.java:62)
	at java.base/jdk.internal.reflect.DelegatingConstructorAccessorImpl.newInstance(DelegatingConstructorAccessorImpl.java:45)
	at java.base/java.lang.reflect.Constructor.newInstance(Constructor.java:490)
	at ptolemy.util.test.junit.AutoKnownFailedTests.RunModel(AutoKnownFailedTests.java:105)
	at java.base/jdk.internal.reflect.NativeMethodAccessorImpl.invoke0(Native Method)
	at java.base/jdk.internal.reflect.NativeMethodAccessorImpl.invoke(NativeMethodAccessorImpl.java:62)
	at java.base/jdk.internal.reflect.DelegatingMethodAccessorImpl.invoke(DelegatingMethodAccessorImpl.java:43)
	at java.base/java.lang.reflect.Method.invoke(Method.java:566)
	at org.junit.runners.model.FrameworkMethod$1.runReflectiveCall(FrameworkMethod.java:44)
	at org.junit.internal.runners.model.ReflectiveCallable.run(ReflectiveCallable.java:15)
	at org.junit.runners.model.FrameworkMethod.invokeExplosively(FrameworkMethod.java:41)
	at junitparams.internal.InvokeParameterisedMethod.evaluate(InvokeParameterisedMethod.java:102)
	at org.junit.internal.runners.statements.FailOnTimeout$1.run(FailOnTimeout.java:28)
Caused by: ptolemy.kernel.util.IllegalActionException: Test fails in iteration 1.
Value was: 1.0. Should have been: 2.0
  in .DirectFeedback.Test
	at ptolemy.actor.lib.Test.fire(Test.java:268)
	at ptolemy.domains.de.kernel.DEDirector._fire(DEDirector.java:1949)
	at ptolemy.domains.de.kernel.DEDirector.fire(DEDirector.java:502)
	at ptolemy.actor.CompositeActor.fire(CompositeActor.java:455)
	at ptolemy.actor.Manager.iterate(Manager.java:851)
	at ptolemy.actor.Manager.execute(Manager.java:369)
	at ptolemy.actor.Manager.run(Manager.java:1263)
	at ptolemy.actor.Manager$PtolemyRunThread.run(Manager.java:1933)
java.lang.RuntimeException: Execution failed
	at ptolemy.moml.MoMLSimpleApplication$UnloadThread.run(MoMLSimpleApplication.java:402)
Caused by: ptolemy.kernel.util.IllegalActionException: Found a zero delay loop containing .HierarchicalModel.A
  in .HierarchicalModel and .HierarchicalModel.A
	at ptolemy.actor.util.CausalityInterfaceForComposites._computeOutputPortDepth(CausalityInterfaceForComposites.java:759)
	at ptolemy.actor.util.CausalityInterfaceForComposites._computeInputDepth(CausalityInterfaceForComposites.java:696)
	at ptolemy.actor.util.CausalityInterfaceForComposites._computeOutputPortDepth(CausalityInterfaceForComposites.java:765)
	at ptolemy.actor.util.CausalityInterfaceForComposites._computeInputDepth(CausalityInterfaceForComposites.java:696)
	at ptolemy.actor.util.CausalityInterfaceForComposites._computeOutputPortDepth(CausalityInterfaceForComposites.java:765)
	at ptolemy.actor.util.CausalityInterfaceForComposites._computeInputDepth(CausalityInterfaceForComposites.java:696)
	at ptolemy.actor.util.CausalityInterfaceForComposites._computeActorDepth(CausalityInterfaceForComposites.java:532)
	at ptolemy.actor.util.CausalityInterfaceForComposites.checkForCycles(CausalityInterfaceForComposites.java:96)
	at ptolemy.domains.de.kernel.DEDirector.preinitialize(DEDirector.java:1338)
	at ptolemy.actor.CompositeActor.preinitialize(CompositeActor.java:1828)
	at ptolemy.actor.Manager.preinitializeAndResolveTypes(Manager.java:1040)
	at ptolemy.actor.Manager.initialize(Manager.java:710)
	at ptolemy.actor.Manager.execute(Manager.java:356)
	at ptolemy.actor.Manager.run(Manager.java:1263)
	at ptolemy.actor.Manager$PtolemyRunThread.run(Manager.java:1933)
java.lang.reflect.InvocationTargetException
	at java.base/jdk.internal.reflect.NativeConstructorAccessorImpl.newInstance0(Native Method)
	at java.base/jdk.internal.reflect.NativeConstructorAccessorImpl.newInstance(NativeConstructorAccessorImpl.java:62)
	at java.base/jdk.internal.reflect.DelegatingConstructorAccessorImpl.newInstance(DelegatingConstructorAccessorImpl.java:45)
	at java.base/java.lang.reflect.Constructor.newInstance(Constructor.java:490)
	at ptolemy.util.test.junit.AutoKnownFailedTests.RunModel(AutoKnownFailedTests.java:105)
	at java.base/jdk.internal.reflect.NativeMethodAccessorImpl.invoke0(Native Method)
	at java.base/jdk.internal.reflect.NativeMethodAccessorImpl.invoke(NativeMethodAccessorImpl.java:62)
	at java.base/jdk.internal.reflect.DelegatingMethodAccessorImpl.invoke(DelegatingMethodAccessorImpl.java:43)
	at java.base/java.lang.reflect.Method.invoke(Method.java:566)
	at org.junit.runners.model.FrameworkMethod$1.runReflectiveCall(FrameworkMethod.java:44)
	at org.junit.internal.runners.model.ReflectiveCallable.run(ReflectiveCallable.java:15)
	at org.junit.runners.model.FrameworkMethod.invokeExplosively(FrameworkMethod.java:41)
	at junitparams.internal.InvokeParameterisedMethod.evaluate(InvokeParameterisedMethod.java:102)
	at org.junit.internal.runners.statements.FailOnTimeout$1.run(FailOnTimeout.java:28)
Caused by: ptolemy.kernel.util.IllegalActionException: Found a zero delay loop containing .HierarchicalModel.A
  in .HierarchicalModel and .HierarchicalModel.A
	at ptolemy.actor.util.CausalityInterfaceForComposites._computeOutputPortDepth(CausalityInterfaceForComposites.java:759)
	at ptolemy.actor.util.CausalityInterfaceForComposites._computeInputDepth(CausalityInterfaceForComposites.java:696)
	at ptolemy.actor.util.CausalityInterfaceForComposites._computeOutputPortDepth(CausalityInterfaceForComposites.java:765)
	at ptolemy.actor.util.CausalityInterfaceForComposites._computeInputDepth(CausalityInterfaceForComposites.java:696)
	at ptolemy.actor.util.CausalityInterfaceForComposites._computeOutputPortDepth(CausalityInterfaceForComposites.java:765)
	at ptolemy.actor.util.CausalityInterfaceForComposites._computeInputDepth(CausalityInterfaceForComposites.java:696)
	at ptolemy.actor.util.CausalityInterfaceForComposites._computeActorDepth(CausalityInterfaceForComposites.java:532)
	at ptolemy.actor.util.CausalityInterfaceForComposites.checkForCycles(CausalityInterfaceForComposites.java:96)
	at ptolemy.domains.de.kernel.DEDirector.preinitialize(DEDirector.java:1338)
	at ptolemy.actor.CompositeActor.preinitialize(CompositeActor.java:1828)
	at ptolemy.actor.Manager.preinitializeAndResolveTypes(Manager.java:1040)
	at ptolemy.actor.Manager.initialize(Manager.java:710)
	at ptolemy.actor.Manager.execute(Manager.java:356)
	at ptolemy.actor.Manager.run(Manager.java:1263)
	at ptolemy.actor.Manager$PtolemyRunThread.run(Manager.java:1933)
java.lang.RuntimeException: Execution failed
	at ptolemy.moml.MoMLSimpleApplication$UnloadThread.run(MoMLSimpleApplication.java:402)
Caused by: ptolemy.kernel.util.IllegalActionException: Found a zero delay loop containing .dependencyLoop.original
  in .dependencyLoop and .dependencyLoop.original
	at ptolemy.actor.util.CausalityInterfaceForComposites._computeOutputPortDepth(CausalityInterfaceForComposites.java:759)
	at ptolemy.actor.util.CausalityInterfaceForComposites._computeInputDepth(CausalityInterfaceForComposites.java:696)
	at ptolemy.actor.util.CausalityInterfaceForComposites._computeOutputPortDepth(CausalityInterfaceForComposites.java:765)
	at ptolemy.actor.util.CausalityInterfaceForComposites._computeInputDepth(CausalityInterfaceForComposites.java:696)
	at ptolemy.actor.util.CausalityInterfaceForComposites._computeOutputPortDepth(CausalityInterfaceForComposites.java:765)
	at ptolemy.actor.util.CausalityInterfaceForComposites._computeInputDepth(CausalityInterfaceForComposites.java:696)
	at ptolemy.actor.util.CausalityInterfaceForComposites._computeActorDepth(CausalityInterfaceForComposites.java:532)
	at ptolemy.actor.util.CausalityInterfaceForComposites.checkForCycles(CausalityInterfaceForComposites.java:96)
	at ptolemy.domains.de.kernel.DEDirector.preinitialize(DEDirector.java:1338)
	at ptolemy.actor.CompositeActor.preinitialize(CompositeActor.java:1828)
	at ptolemy.actor.Manager.preinitializeAndResolveTypes(Manager.java:1040)
	at ptolemy.actor.Manager.initialize(Manager.java:710)
	at ptolemy.actor.Manager.execute(Manager.java:356)
	at ptolemy.actor.Manager.run(Manager.java:1263)
	at ptolemy.actor.Manager$PtolemyRunThread.run(Manager.java:1933)
java.lang.reflect.InvocationTargetException
	at java.base/jdk.internal.reflect.NativeConstructorAccessorImpl.newInstance0(Native Method)
	at java.base/jdk.internal.reflect.NativeConstructorAccessorImpl.newInstance(NativeConstructorAccessorImpl.java:62)
	at java.base/jdk.internal.reflect.DelegatingConstructorAccessorImpl.newInstance(DelegatingConstructorAccessorImpl.java:45)
	at java.base/java.lang.reflect.Constructor.newInstance(Constructor.java:490)
	at ptolemy.util.test.junit.AutoKnownFailedTests.RunModel(AutoKnownFailedTests.java:105)
	at java.base/jdk.internal.reflect.NativeMethodAccessorImpl.invoke0(Native Method)
	at java.base/jdk.internal.reflect.NativeMethodAccessorImpl.invoke(NativeMethodAccessorImpl.java:62)
	at java.base/jdk.internal.reflect.DelegatingMethodAccessorImpl.invoke(DelegatingMethodAccessorImpl.java:43)
	at java.base/java.lang.reflect.Method.invoke(Method.java:566)
	at org.junit.runners.model.FrameworkMethod$1.runReflectiveCall(FrameworkMethod.java:44)
	at org.junit.internal.runners.model.ReflectiveCallable.run(ReflectiveCallable.java:15)
	at org.junit.runners.model.FrameworkMethod.invokeExplosively(FrameworkMethod.java:41)
	at junitparams.internal.InvokeParameterisedMethod.evaluate(InvokeParameterisedMethod.java:102)
	at org.junit.internal.runners.statements.FailOnTimeout$1.run(FailOnTimeout.java:28)
Caused by: ptolemy.kernel.util.IllegalActionException: Found a zero delay loop containing .dependencyLoop.original
  in .dependencyLoop and .dependencyLoop.original
	at ptolemy.actor.util.CausalityInterfaceForComposites._computeOutputPortDepth(CausalityInterfaceForComposites.java:759)
	at ptolemy.actor.util.CausalityInterfaceForComposites._computeInputDepth(CausalityInterfaceForComposites.java:696)
	at ptolemy.actor.util.CausalityInterfaceForComposites._computeOutputPortDepth(CausalityInterfaceForComposites.java:765)
	at ptolemy.actor.util.CausalityInterfaceForComposites._computeInputDepth(CausalityInterfaceForComposites.java:696)
	at ptolemy.actor.util.CausalityInterfaceForComposites._computeOutputPortDepth(CausalityInterfaceForComposites.java:765)
	at ptolemy.actor.util.CausalityInterfaceForComposites._computeInputDepth(CausalityInterfaceForComposites.java:696)
	at ptolemy.actor.util.CausalityInterfaceForComposites._computeActorDepth(CausalityInterfaceForComposites.java:532)
	at ptolemy.actor.util.CausalityInterfaceForComposites.checkForCycles(CausalityInterfaceForComposites.java:96)
	at ptolemy.domains.de.kernel.DEDirector.preinitialize(DEDirector.java:1338)
	at ptolemy.actor.CompositeActor.preinitialize(CompositeActor.java:1828)
	at ptolemy.actor.Manager.preinitializeAndResolveTypes(Manager.java:1040)
	at ptolemy.actor.Manager.initialize(Manager.java:710)
	at ptolemy.actor.Manager.execute(Manager.java:356)
	at ptolemy.actor.Manager.run(Manager.java:1263)
	at ptolemy.actor.Manager$PtolemyRunThread.run(Manager.java:1933)
java.lang.RuntimeException: Execution failed
	at ptolemy.moml.MoMLSimpleApplication$UnloadThread.run(MoMLSimpleApplication.java:402)
Caused by: ptolemy.kernel.util.IllegalActionException: Found a zero delay loop containing .dependencyLoop2.original
  in .dependencyLoop2 and .dependencyLoop2.original
	at ptolemy.actor.util.CausalityInterfaceForComposites._computeOutputPortDepth(CausalityInterfaceForComposites.java:759)
	at ptolemy.actor.util.CausalityInterfaceForComposites._computeInputDepth(CausalityInterfaceForComposites.java:696)
	at ptolemy.actor.util.CausalityInterfaceForComposites._computeOutputPortDepth(CausalityInterfaceForComposites.java:765)
	at ptolemy.actor.util.CausalityInterfaceForComposites._computeInputDepth(CausalityInterfaceForComposites.java:696)
	at ptolemy.actor.util.CausalityInterfaceForComposites._computeOutputPortDepth(CausalityInterfaceForComposites.java:765)
	at ptolemy.actor.util.CausalityInterfaceForComposites._computeInputDepth(CausalityInterfaceForComposites.java:696)
	at ptolemy.actor.util.CausalityInterfaceForComposites._computeActorDepth(CausalityInterfaceForComposites.java:532)
	at ptolemy.actor.util.CausalityInterfaceForComposites.checkForCycles(CausalityInterfaceForComposites.java:96)
	at ptolemy.domains.de.kernel.DEDirector.preinitialize(DEDirector.java:1338)
	at ptolemy.actor.CompositeActor.preinitialize(CompositeActor.java:1828)
	at ptolemy.actor.Manager.preinitializeAndResolveTypes(Manager.java:1040)
	at ptolemy.actor.Manager.initialize(Manager.java:710)
	at ptolemy.actor.Manager.execute(Manager.java:356)
	at ptolemy.actor.Manager.run(Manager.java:1263)
	at ptolemy.actor.Manager$PtolemyRunThread.run(Manager.java:1933)
java.lang.reflect.InvocationTargetException
	at java.base/jdk.internal.reflect.NativeConstructorAccessorImpl.newInstance0(Native Method)
	at java.base/jdk.internal.reflect.NativeConstructorAccessorImpl.newInstance(NativeConstructorAccessorImpl.java:62)
	at java.base/jdk.internal.reflect.DelegatingConstructorAccessorImpl.newInstance(DelegatingConstructorAccessorImpl.java:45)
	at java.base/java.lang.reflect.Constructor.newInstance(Constructor.java:490)
	at ptolemy.util.test.junit.AutoKnownFailedTests.RunModel(AutoKnownFailedTests.java:105)
	at java.base/jdk.internal.reflect.NativeMethodAccessorImpl.invoke0(Native Method)
	at java.base/jdk.internal.reflect.NativeMethodAccessorImpl.invoke(NativeMethodAccessorImpl.java:62)
	at java.base/jdk.internal.reflect.DelegatingMethodAccessorImpl.invoke(DelegatingMethodAccessorImpl.java:43)
	at java.base/java.lang.reflect.Method.invoke(Method.java:566)
	at org.junit.runners.model.FrameworkMethod$1.runReflectiveCall(FrameworkMethod.java:44)
	at org.junit.internal.runners.model.ReflectiveCallable.run(ReflectiveCallable.java:15)
	at org.junit.runners.model.FrameworkMethod.invokeExplosively(FrameworkMethod.java:41)
	at junitparams.internal.InvokeParameterisedMethod.evaluate(InvokeParameterisedMethod.java:102)
	at org.junit.internal.runners.statements.FailOnTimeout$1.run(FailOnTimeout.java:28)
Caused by: ptolemy.kernel.util.IllegalActionException: Found a zero delay loop containing .dependencyLoop2.original
  in .dependencyLoop2 and .dependencyLoop2.original
	at ptolemy.actor.util.CausalityInterfaceForComposites._computeOutputPortDepth(CausalityInterfaceForComposites.java:759)
	at ptolemy.actor.util.CausalityInterfaceForComposites._computeInputDepth(CausalityInterfaceForComposites.java:696)
	at ptolemy.actor.util.CausalityInterfaceForComposites._computeOutputPortDepth(CausalityInterfaceForComposites.java:765)
	at ptolemy.actor.util.CausalityInterfaceForComposites._computeInputDepth(CausalityInterfaceForComposites.java:696)
	at ptolemy.actor.util.CausalityInterfaceForComposites._computeOutputPortDepth(CausalityInterfaceForComposites.java:765)
	at ptolemy.actor.util.CausalityInterfaceForComposites._computeInputDepth(CausalityInterfaceForComposites.java:696)
	at ptolemy.actor.util.CausalityInterfaceForComposites._computeActorDepth(CausalityInterfaceForComposites.java:532)
	at ptolemy.actor.util.CausalityInterfaceForComposites.checkForCycles(CausalityInterfaceForComposites.java:96)
	at ptolemy.domains.de.kernel.DEDirector.preinitialize(DEDirector.java:1338)
	at ptolemy.actor.CompositeActor.preinitialize(CompositeActor.java:1828)
	at ptolemy.actor.Manager.preinitializeAndResolveTypes(Manager.java:1040)
	at ptolemy.actor.Manager.initialize(Manager.java:710)
	at ptolemy.actor.Manager.execute(Manager.java:356)
	at ptolemy.actor.Manager.run(Manager.java:1263)
	at ptolemy.actor.Manager$PtolemyRunThread.run(Manager.java:1933)
]]></system-err>
</testsuite>
