<?xml version="1.0" encoding="UTF-8" ?>
<testsuite errors="0" failures="0" hostname="travis-job-26c5a32f-742c-4189-9c38-11c6abce5aba" name="ptolemy.domains.continuous.test.junit.JUnitTclTest" skipped="0" tests="155" time="70.574" timestamp="2018-07-13T02:03:26">
  <properties>
[...]
</properties>
  <testcase classname="ptolemy.util.test.junit.TclTests" name="[0] ThereAreNoTclTests (RunTclFile)" time="0.001" />
  <testcase classname="ptolemy.util.test.junit.AutoKnownFailedTests" name="[0] ThereAreNoKnowFailedTests (RunModel)" time="0.001" />
  <testcase classname="ptolemy.util.test.junit.AutoNameArchTests" name="[0] ThereAreNoAutoArchTests (RunModel)" time="0.0" />
  <testcase classname="ptolemy.util.test.junit.AutoTests" name="[0] /home/travis/build/icyphy/ptII/ptolemy/domains/continuous/test/auto/BouncingBall.xml (RunModel)" time="2.677" />
  <testcase classname="ptolemy.util.test.junit.AutoTests" name="[1] /home/travis/build/icyphy/ptII/ptolemy/domains/continuous/test/auto/BouncingBallWithoutGR.xml (RunModel)" time="0.814" />
  <testcase classname="ptolemy.util.test.junit.AutoTests" name="[2] /home/travis/build/icyphy/ptII/ptolemy/domains/continuous/test/auto/Brownian.xml (RunModel)" time="0.078" />
  <testcase classname="ptolemy.util.test.junit.AutoTests" name="[3] /home/travis/build/icyphy/ptII/ptolemy/domains/continuous/test/auto/CarTracking.xml (RunModel)" time="3.302" />
  <testcase classname="ptolemy.util.test.junit.AutoTests" name="[4] /home/travis/build/icyphy/ptII/ptolemy/domains/continuous/test/auto/CartPendulum.xml (RunModel)" time="0.516" />
  <testcase classname="ptolemy.util.test.junit.AutoTests" name="[5] /home/travis/build/icyphy/ptII/ptolemy/domains/continuous/test/auto/CausalityInterface10.xml (RunModel)" time="0.032" />
  <testcase classname="ptolemy.util.test.junit.AutoTests" name="[6] /home/travis/build/icyphy/ptII/ptolemy/domains/continuous/test/auto/CausalityInterface11.xml (RunModel)" time="0.031" />
  <testcase classname="ptolemy.util.test.junit.AutoTests" name="[7] /home/travis/build/icyphy/ptII/ptolemy/domains/continuous/test/auto/CausalityInterface12.xml (RunModel)" time="0.03" />
  <testcase classname="ptolemy.util.test.junit.AutoTests" name="[8] /home/travis/build/icyphy/ptII/ptolemy/domains/continuous/test/auto/CausalityInterface13.xml (RunModel)" time="0.032" />
  <testcase classname="ptolemy.util.test.junit.AutoTests" name="[9] /home/travis/build/icyphy/ptII/ptolemy/domains/continuous/test/auto/CausalityInterface14.xml (RunModel)" time="0.03" />
  <testcase classname="ptolemy.util.test.junit.AutoTests" name="[10] /home/travis/build/icyphy/ptII/ptolemy/domains/continuous/test/auto/CausalityInterface4.xml (RunModel)" time="0.037" />
  <testcase classname="ptolemy.util.test.junit.AutoTests" name="[11] /home/travis/build/icyphy/ptII/ptolemy/domains/continuous/test/auto/CausalityInterface5.xml (RunModel)" time="0.048" />
  <testcase classname="ptolemy.util.test.junit.AutoTests" name="[12] /home/travis/build/icyphy/ptII/ptolemy/domains/continuous/test/auto/CausalityInterface6.xml (RunModel)" time="0.031" />
  <testcase classname="ptolemy.util.test.junit.AutoTests" name="[13] /home/travis/build/icyphy/ptII/ptolemy/domains/continuous/test/auto/CausalityInterface7.xml (RunModel)" time="0.044" />
  <testcase classname="ptolemy.util.test.junit.AutoTests" name="[14] /home/travis/build/icyphy/ptII/ptolemy/domains/continuous/test/auto/CausalityInterface8.xml (RunModel)" time="0.029" />
  <testcase classname="ptolemy.util.test.junit.AutoTests" name="[15] /home/travis/build/icyphy/ptII/ptolemy/domains/continuous/test/auto/CausalityInterface9.xml (RunModel)" time="0.033" />
  <testcase classname="ptolemy.util.test.junit.AutoTests" name="[16] /home/travis/build/icyphy/ptII/ptolemy/domains/continuous/test/auto/CausalityInterfaceFeedback1.xml (RunModel)" time="0.026" />
  <testcase classname="ptolemy.util.test.junit.AutoTests" name="[17] /home/travis/build/icyphy/ptII/ptolemy/domains/continuous/test/auto/CausalityInterfaceFeedback2.xml (RunModel)" time="0.02" />
  <testcase classname="ptolemy.util.test.junit.AutoTests" name="[18] /home/travis/build/icyphy/ptII/ptolemy/domains/continuous/test/auto/CompareWithCurrentTime.xml (RunModel)" time="0.017" />
  <testcase classname="ptolemy.util.test.junit.AutoTests" name="[19] /home/travis/build/icyphy/ptII/ptolemy/domains/continuous/test/auto/ComparedClocks.xml (RunModel)" time="0.049" />
  <testcase classname="ptolemy.util.test.junit.AutoTests" name="[20] /home/travis/build/icyphy/ptII/ptolemy/domains/continuous/test/auto/ContinuousAOCClone.xml (RunModel)" time="2.484" />
  <testcase classname="ptolemy.util.test.junit.AutoTests" name="[21] /home/travis/build/icyphy/ptII/ptolemy/domains/continuous/test/auto/ContinuousClock.xml (RunModel)" time="0.092" />
  <testcase classname="ptolemy.util.test.junit.AutoTests" name="[22] /home/travis/build/icyphy/ptII/ptolemy/domains/continuous/test/auto/ContinuousInContinuous.xml (RunModel)" time="0.087" />
  <testcase classname="ptolemy.util.test.junit.AutoTests" name="[23] /home/travis/build/icyphy/ptII/ptolemy/domains/continuous/test/auto/ContinuousInContinuousInContinuous.xml (RunModel)" time="0.029" />
  <testcase classname="ptolemy.util.test.junit.AutoTests" name="[24] /home/travis/build/icyphy/ptII/ptolemy/domains/continuous/test/auto/ContinuousInDE.xml (RunModel)" time="0.131" />
  <testcase classname="ptolemy.util.test.junit.AutoTests" name="[25] /home/travis/build/icyphy/ptII/ptolemy/domains/continuous/test/auto/ContinuousInDE2.xml (RunModel)" time="0.061" />
  <testcase classname="ptolemy.util.test.junit.AutoTests" name="[26] /home/travis/build/icyphy/ptII/ptolemy/domains/continuous/test/auto/ContinuousInDE3.xml (RunModel)" time="0.062" />
  <testcase classname="ptolemy.util.test.junit.AutoTests" name="[27] /home/travis/build/icyphy/ptII/ptolemy/domains/continuous/test/auto/ContinuousInDE4.xml (RunModel)" time="0.034" />
  <testcase classname="ptolemy.util.test.junit.AutoTests" name="[28] /home/travis/build/icyphy/ptII/ptolemy/domains/continuous/test/auto/ContinuousInDEDifferentRefinements.xml (RunModel)" time="0.101" />
  <testcase classname="ptolemy.util.test.junit.AutoTests" name="[29] /home/travis/build/icyphy/ptII/ptolemy/domains/continuous/test/auto/ContinuousInDEDifferentRefinementsPreemptive.xml (RunModel)" time="0.084" />
  <testcase classname="ptolemy.util.test.junit.AutoTests" name="[30] /home/travis/build/icyphy/ptII/ptolemy/domains/continuous/test/auto/ContinuousInDEInContinuous2.xml (RunModel)" time="0.059" />
  <testcase classname="ptolemy.util.test.junit.AutoTests" name="[31] /home/travis/build/icyphy/ptII/ptolemy/domains/continuous/test/auto/ContinuousInDEInContinuous3.xml (RunModel)" time="0.069" />
  <testcase classname="ptolemy.util.test.junit.AutoTests" name="[32] /home/travis/build/icyphy/ptII/ptolemy/domains/continuous/test/auto/ContinuousInDEInput.xml (RunModel)" time="0.041" />
  <testcase classname="ptolemy.util.test.junit.AutoTests" name="[33] /home/travis/build/icyphy/ptII/ptolemy/domains/continuous/test/auto/ContinuousInDEInput2.xml (RunModel)" time="0.03" />
  <testcase classname="ptolemy.util.test.junit.AutoTests" name="[34] /home/travis/build/icyphy/ptII/ptolemy/domains/continuous/test/auto/ContinuousInDEInput3.xml (RunModel)" time="0.033" />
  <testcase classname="ptolemy.util.test.junit.AutoTests" name="[35] /home/travis/build/icyphy/ptII/ptolemy/domains/continuous/test/auto/ContinuousInDESharingRefinement.xml (RunModel)" time="0.17" />
  <testcase classname="ptolemy.util.test.junit.AutoTests" name="[36] /home/travis/build/icyphy/ptII/ptolemy/domains/continuous/test/auto/ContinuousInDEwithNoPorts.xml (RunModel)" time="0.021" />
  <testcase classname="ptolemy.util.test.junit.AutoTests" name="[37] /home/travis/build/icyphy/ptII/ptolemy/domains/continuous/test/auto/ContinuousInsideDE.xml (RunModel)" time="0.077" />
  <testcase classname="ptolemy.util.test.junit.AutoTests" name="[38] /home/travis/build/icyphy/ptII/ptolemy/domains/continuous/test/auto/ContinuousMerge1.xml (RunModel)" time="0.012" />
  <testcase classname="ptolemy.util.test.junit.AutoTests" name="[39] /home/travis/build/icyphy/ptII/ptolemy/domains/continuous/test/auto/ContinuousMerge2.xml (RunModel)" time="0.064" />
  <testcase classname="ptolemy.util.test.junit.AutoTests" name="[40] /home/travis/build/icyphy/ptII/ptolemy/domains/continuous/test/auto/ContinuousMerge3.xml (RunModel)" time="0.062" />
  <testcase classname="ptolemy.util.test.junit.AutoTests" name="[41] /home/travis/build/icyphy/ptII/ptolemy/domains/continuous/test/auto/ContinuousWithinContinuous.xml (RunModel)" time="0.056" />
  <testcase classname="ptolemy.util.test.junit.AutoTests" name="[42] /home/travis/build/icyphy/ptII/ptolemy/domains/continuous/test/auto/ContinuousWithinContinuous2.xml (RunModel)" time="0.078" />
  <testcase classname="ptolemy.util.test.junit.AutoTests" name="[43] /home/travis/build/icyphy/ptII/ptolemy/domains/continuous/test/auto/ContinuousWithinContinuous3.xml (RunModel)" time="0.032" />
  <testcase classname="ptolemy.util.test.junit.AutoTests" name="[44] /home/travis/build/icyphy/ptII/ptolemy/domains/continuous/test/auto/ContinuousWithinContinuous4.xml (RunModel)" time="0.071" />
  <testcase classname="ptolemy.util.test.junit.AutoTests" name="[45] /home/travis/build/icyphy/ptII/ptolemy/domains/continuous/test/auto/ContinuousWithinContinuous5.xml (RunModel)" time="0.026" />
  <testcase classname="ptolemy.util.test.junit.AutoTests" name="[46] /home/travis/build/icyphy/ptII/ptolemy/domains/continuous/test/auto/ContinuousWithinContinuous6.xml (RunModel)" time="0.022" />
  <testcase classname="ptolemy.util.test.junit.AutoTests" name="[47] /home/travis/build/icyphy/ptII/ptolemy/domains/continuous/test/auto/ContinuousWithinContinuous7.xml (RunModel)" time="0.091" />
  <testcase classname="ptolemy.util.test.junit.AutoTests" name="[48] /home/travis/build/icyphy/ptII/ptolemy/domains/continuous/test/auto/DCMotor.xml (RunModel)" time="13.406" />
  <testcase classname="ptolemy.util.test.junit.AutoTests" name="[49] /home/travis/build/icyphy/ptII/ptolemy/domains/continuous/test/auto/DEInContinuous.xml (RunModel)" time="0.019" />
  <testcase classname="ptolemy.util.test.junit.AutoTests" name="[50] /home/travis/build/icyphy/ptII/ptolemy/domains/continuous/test/auto/DEinContinuous2.xml (RunModel)" time="0.038" />
  <testcase classname="ptolemy.util.test.junit.AutoTests" name="[51] /home/travis/build/icyphy/ptII/ptolemy/domains/continuous/test/auto/Derivative.xml (RunModel)" time="0.204" />
  <testcase classname="ptolemy.util.test.junit.AutoTests" name="[52] /home/travis/build/icyphy/ptII/ptolemy/domains/continuous/test/auto/Derivative1.xml (RunModel)" time="0.063" />
  <testcase classname="ptolemy.util.test.junit.AutoTests" name="[53] /home/travis/build/icyphy/ptII/ptolemy/domains/continuous/test/auto/DiscreteClock.xml (RunModel)" time="0.017" />
  <testcase classname="ptolemy.util.test.junit.AutoTests" name="[54] /home/travis/build/icyphy/ptII/ptolemy/domains/continuous/test/auto/EfficiencyCurve.xml (RunModel)" time="0.108" />
  <testcase classname="ptolemy.util.test.junit.AutoTests" name="[55] /home/travis/build/icyphy/ptII/ptolemy/domains/continuous/test/auto/ExponentialResponse.xml (RunModel)" time="0.113" />
  <testcase classname="ptolemy.util.test.junit.AutoTests" name="[56] /home/travis/build/icyphy/ptII/ptolemy/domains/continuous/test/auto/ExponentialResponseRK45.xml (RunModel)" time="0.035" />
  <testcase classname="ptolemy.util.test.junit.AutoTests" name="[57] /home/travis/build/icyphy/ptII/ptolemy/domains/continuous/test/auto/Friction.xml (RunModel)" time="1.296" />
  <testcase classname="ptolemy.util.test.junit.AutoTests" name="[58] /home/travis/build/icyphy/ptII/ptolemy/domains/continuous/test/auto/FurutaPendulum.xml (RunModel)" time="3.441" />
  <testcase classname="ptolemy.util.test.junit.AutoTests" name="[59] /home/travis/build/icyphy/ptII/ptolemy/domains/continuous/test/auto/HierarchicalExecution.xml (RunModel)" time="2.024" />
  <testcase classname="ptolemy.util.test.junit.AutoTests" name="[60] /home/travis/build/icyphy/ptII/ptolemy/domains/continuous/test/auto/HybridPlant.xml (RunModel)" time="0.542" />
  <testcase classname="ptolemy.util.test.junit.AutoTests" name="[61] /home/travis/build/icyphy/ptII/ptolemy/domains/continuous/test/auto/Hysteresis.xml (RunModel)" time="0.166" />
  <testcase classname="ptolemy.util.test.junit.AutoTests" name="[62] /home/travis/build/icyphy/ptII/ptolemy/domains/continuous/test/auto/HysteresisWithRandomDelay.xml (RunModel)" time="0.209" />
  <testcase classname="ptolemy.util.test.junit.AutoTests" name="[63] /home/travis/build/icyphy/ptII/ptolemy/domains/continuous/test/auto/HysteresisWithRandomLosses.xml (RunModel)" time="2.192" />
  <testcase classname="ptolemy.util.test.junit.AutoTests" name="[64] /home/travis/build/icyphy/ptII/ptolemy/domains/continuous/test/auto/ImmediateTransitions.xml (RunModel)" time="0.027" />
  <testcase classname="ptolemy.util.test.junit.AutoTests" name="[65] /home/travis/build/icyphy/ptII/ptolemy/domains/continuous/test/auto/ImpulseFeedback.xml (RunModel)" time="0.024" />
  <testcase classname="ptolemy.util.test.junit.AutoTests" name="[66] /home/travis/build/icyphy/ptII/ptolemy/domains/continuous/test/auto/ImpulseFeedback2.xml (RunModel)" time="0.013" />
  <testcase classname="ptolemy.util.test.junit.AutoTests" name="[67] /home/travis/build/icyphy/ptII/ptolemy/domains/continuous/test/auto/IncreasingRatePoisson.xml (RunModel)" time="0.659" />
  <testcase classname="ptolemy.util.test.junit.AutoTests" name="[68] /home/travis/build/icyphy/ptII/ptolemy/domains/continuous/test/auto/InitialStateFeedback.xml (RunModel)" time="0.01" />
  <testcase classname="ptolemy.util.test.junit.AutoTests" name="[69] /home/travis/build/icyphy/ptII/ptolemy/domains/continuous/test/auto/Integration.xml (RunModel)" time="0.008" />
  <testcase classname="ptolemy.util.test.junit.AutoTests" name="[70] /home/travis/build/icyphy/ptII/ptolemy/domains/continuous/test/auto/Integration2.xml (RunModel)" time="0.1" />
  <testcase classname="ptolemy.util.test.junit.AutoTests" name="[71] /home/travis/build/icyphy/ptII/ptolemy/domains/continuous/test/auto/Integration3.xml (RunModel)" time="0.015" />
  <testcase classname="ptolemy.util.test.junit.AutoTests" name="[72] /home/travis/build/icyphy/ptII/ptolemy/domains/continuous/test/auto/Integration5.xml (RunModel)" time="0.009" />
  <testcase classname="ptolemy.util.test.junit.AutoTests" name="[73] /home/travis/build/icyphy/ptII/ptolemy/domains/continuous/test/auto/IntegratorImpulse.xml (RunModel)" time="0.008" />
  <testcase classname="ptolemy.util.test.junit.AutoTests" name="[74] /home/travis/build/icyphy/ptII/ptolemy/domains/continuous/test/auto/IntegratorImpulse2.xml (RunModel)" time="0.01" />
  <testcase classname="ptolemy.util.test.junit.AutoTests" name="[75] /home/travis/build/icyphy/ptII/ptolemy/domains/continuous/test/auto/LevelCrossing1.xml (RunModel)" time="0.01" />
  <testcase classname="ptolemy.util.test.junit.AutoTests" name="[76] /home/travis/build/icyphy/ptII/ptolemy/domains/continuous/test/auto/LevelCrossing2.xml (RunModel)" time="0.011" />
  <testcase classname="ptolemy.util.test.junit.AutoTests" name="[77] /home/travis/build/icyphy/ptII/ptolemy/domains/continuous/test/auto/LevelCrossing3.xml (RunModel)" time="0.01" />
  <testcase classname="ptolemy.util.test.junit.AutoTests" name="[78] /home/travis/build/icyphy/ptII/ptolemy/domains/continuous/test/auto/LevelCrossing4.xml (RunModel)" time="0.011" />
  <testcase classname="ptolemy.util.test.junit.AutoTests" name="[79] /home/travis/build/icyphy/ptII/ptolemy/domains/continuous/test/auto/LevelCrossing5.xml (RunModel)" time="0.011" />
  <testcase classname="ptolemy.util.test.junit.AutoTests" name="[80] /home/travis/build/icyphy/ptII/ptolemy/domains/continuous/test/auto/LevelCrossing6.xml (RunModel)" time="0.01" />
  <testcase classname="ptolemy.util.test.junit.AutoTests" name="[81] /home/travis/build/icyphy/ptII/ptolemy/domains/continuous/test/auto/LevelCrossingDetector.xml (RunModel)" time="0.033" />
  <testcase classname="ptolemy.util.test.junit.AutoTests" name="[82] /home/travis/build/icyphy/ptII/ptolemy/domains/continuous/test/auto/LevelCrossingDetectorDetectingDirections.xml (RunModel)" time="0.071" />
  <testcase classname="ptolemy.util.test.junit.AutoTests" name="[83] /home/travis/build/icyphy/ptII/ptolemy/domains/continuous/test/auto/LevelCrossingDetectorDetectsGlitches.xml (RunModel)" time="0.053" />
  <testcase classname="ptolemy.util.test.junit.AutoTests" name="[84] /home/travis/build/icyphy/ptII/ptolemy/domains/continuous/test/auto/LevelCrossingNoInitialOuput.xml (RunModel)" time="0.009" />
  <testcase classname="ptolemy.util.test.junit.AutoTests" name="[85] /home/travis/build/icyphy/ptII/ptolemy/domains/continuous/test/auto/LinearStateSpaceExample.xml (RunModel)" time="0.029" />
  <testcase classname="ptolemy.util.test.junit.AutoTests" name="[86] /home/travis/build/icyphy/ptII/ptolemy/domains/continuous/test/auto/Lorenz.xml (RunModel)" time="4.078" />
  <testcase classname="ptolemy.util.test.junit.AutoTests" name="[87] /home/travis/build/icyphy/ptII/ptolemy/domains/continuous/test/auto/LorenzDifferentialSystem.xml (RunModel)" time="1.157" />
  <testcase classname="ptolemy.util.test.junit.AutoTests" name="[88] /home/travis/build/icyphy/ptII/ptolemy/domains/continuous/test/auto/LorenzDifferentialSystemWithInput.xml (RunModel)" time="1.363" />
  <testcase classname="ptolemy.util.test.junit.AutoTests" name="[89] /home/travis/build/icyphy/ptII/ptolemy/domains/continuous/test/auto/LorenzDifferentialSystemWithTime.xml (RunModel)" time="0.693" />
  <testcase classname="ptolemy.util.test.junit.AutoTests" name="[90] /home/travis/build/icyphy/ptII/ptolemy/domains/continuous/test/auto/Microsteps.xml (RunModel)" time="0.016" />
  <testcase classname="ptolemy.util.test.junit.AutoTests" name="[91] /home/travis/build/icyphy/ptII/ptolemy/domains/continuous/test/auto/Modal1.xml (RunModel)" time="0.03" />
  <testcase classname="ptolemy.util.test.junit.AutoTests" name="[92] /home/travis/build/icyphy/ptII/ptolemy/domains/continuous/test/auto/Modal2.xml (RunModel)" time="0.032" />
  <testcase classname="ptolemy.util.test.junit.AutoTests" name="[93] /home/travis/build/icyphy/ptII/ptolemy/domains/continuous/test/auto/ModalTransitionGuardWithReset.xml (RunModel)" time="0.032" />
  <testcase classname="ptolemy.util.test.junit.AutoTests" name="[94] /home/travis/build/icyphy/ptII/ptolemy/domains/continuous/test/auto/ModalTransitionGuardWithResetUsingPreemptiveTransition.xml (RunModel)" time="0.028" />
  <testcase classname="ptolemy.util.test.junit.AutoTests" name="[95] /home/travis/build/icyphy/ptII/ptolemy/domains/continuous/test/auto/ModalTransitionGuardWithResetUsingPreemptiveTransition2.xml (RunModel)" time="0.029" />
  <testcase classname="ptolemy.util.test.junit.AutoTests" name="[96] /home/travis/build/icyphy/ptII/ptolemy/domains/continuous/test/auto/ModalTransitionGuardWithResetUsingPreemptiveTransition3.xml (RunModel)" time="0.032" />
  <testcase classname="ptolemy.util.test.junit.AutoTests" name="[97] /home/travis/build/icyphy/ptII/ptolemy/domains/continuous/test/auto/NewtonsCradle.xml (RunModel)" time="0.748" />
  <testcase classname="ptolemy.util.test.junit.AutoTests" name="[98] /home/travis/build/icyphy/ptII/ptolemy/domains/continuous/test/auto/NewtonsCradleAnimated.xml (RunModel)" time="1.121" />
  <testcase classname="ptolemy.util.test.junit.AutoTests" name="[99] /home/travis/build/icyphy/ptII/ptolemy/domains/continuous/test/auto/NewtonsCradleComplicated.xml (RunModel)" time="0.805" />
  <testcase classname="ptolemy.util.test.junit.AutoTests" name="[100] /home/travis/build/icyphy/ptII/ptolemy/domains/continuous/test/auto/NewtonsCradleNondeterministic.xml (RunModel)" time="0.657" />
  <testcase classname="ptolemy.util.test.junit.AutoTests" name="[101] /home/travis/build/icyphy/ptII/ptolemy/domains/continuous/test/auto/NewtonsCradlePerfectlyInelastic1.xml (RunModel)" time="1.189" />
  <testcase classname="ptolemy.util.test.junit.AutoTests" name="[102] /home/travis/build/icyphy/ptII/ptolemy/domains/continuous/test/auto/Noise.xml (RunModel)" time="0.162" />
  <testcase classname="ptolemy.util.test.junit.AutoTests" name="[103] /home/travis/build/icyphy/ptII/ptolemy/domains/continuous/test/auto/NoiseSpectrum.xml (RunModel)" time="0.704" />
  <testcase classname="ptolemy.util.test.junit.AutoTests" name="[104] /home/travis/build/icyphy/ptII/ptolemy/domains/continuous/test/auto/ParameterizedNewtonsCradleAnimated.xml (RunModel)" time="0.365" />
  <testcase classname="ptolemy.util.test.junit.AutoTests" name="[105] /home/travis/build/icyphy/ptII/ptolemy/domains/continuous/test/auto/ParameterizedNewtonsCradleAnimatedNondeterministic.xml (RunModel)" time="1.145" />
  <testcase classname="ptolemy.util.test.junit.AutoTests" name="[106] /home/travis/build/icyphy/ptII/ptolemy/domains/continuous/test/auto/Pendulum3D.xml (RunModel)" time="0.169" />
  <testcase classname="ptolemy.util.test.junit.AutoTests" name="[107] /home/travis/build/icyphy/ptII/ptolemy/domains/continuous/test/auto/PeriodicSampler.xml (RunModel)" time="0.008" />
  <testcase classname="ptolemy.util.test.junit.AutoTests" name="[108] /home/travis/build/icyphy/ptII/ptolemy/domains/continuous/test/auto/PeriodicSampler1.xml (RunModel)" time="0.036" />
  <testcase classname="ptolemy.util.test.junit.AutoTests" name="[109] /home/travis/build/icyphy/ptII/ptolemy/domains/continuous/test/auto/PeriodicSampler2.xml (RunModel)" time="0.057" />
  <testcase classname="ptolemy.util.test.junit.AutoTests" name="[110] /home/travis/build/icyphy/ptII/ptolemy/domains/continuous/test/auto/Poisson.xml (RunModel)" time="0.422" />
  <testcase classname="ptolemy.util.test.junit.AutoTests" name="[111] /home/travis/build/icyphy/ptII/ptolemy/domains/continuous/test/auto/PoissonClock.xml (RunModel)" time="0.01" />
  <testcase classname="ptolemy.util.test.junit.AutoTests" name="[112] /home/travis/build/icyphy/ptII/ptolemy/domains/continuous/test/auto/PoissonClock2.xml (RunModel)" time="0.012" />
  <testcase classname="ptolemy.util.test.junit.AutoTests" name="[113] /home/travis/build/icyphy/ptII/ptolemy/domains/continuous/test/auto/PortParameterHierarchy.xml (RunModel)" time="0.016" />
  <testcase classname="ptolemy.util.test.junit.AutoTests" name="[114] /home/travis/build/icyphy/ptII/ptolemy/domains/continuous/test/auto/RandomHybridPlant.xml (RunModel)" time="0.513" />
  <testcase classname="ptolemy.util.test.junit.AutoTests" name="[115] /home/travis/build/icyphy/ptII/ptolemy/domains/continuous/test/auto/ResetTransitionWithStartTime1.xml (RunModel)" time="0.026" />
  <testcase classname="ptolemy.util.test.junit.AutoTests" name="[116] /home/travis/build/icyphy/ptII/ptolemy/domains/continuous/test/auto/ResetTransitionWithStartTime2.xml (RunModel)" time="0.034" />
  <testcase classname="ptolemy.util.test.junit.AutoTests" name="[117] /home/travis/build/icyphy/ptII/ptolemy/domains/continuous/test/auto/ResetTransitionWithStartTime3.xml (RunModel)" time="0.037" />
  <testcase classname="ptolemy.util.test.junit.AutoTests" name="[118] /home/travis/build/icyphy/ptII/ptolemy/domains/continuous/test/auto/ResetTransitionWithStartTime4.xml (RunModel)" time="0.02" />
  <testcase classname="ptolemy.util.test.junit.AutoTests" name="[119] /home/travis/build/icyphy/ptII/ptolemy/domains/continuous/test/auto/ResetTransitionWithStartTime5.xml (RunModel)" time="0.031" />
  <testcase classname="ptolemy.util.test.junit.AutoTests" name="[120] /home/travis/build/icyphy/ptII/ptolemy/domains/continuous/test/auto/ResetTransitionWithStartTime6.xml (RunModel)" time="0.022" />
  <testcase classname="ptolemy.util.test.junit.AutoTests" name="[121] /home/travis/build/icyphy/ptII/ptolemy/domains/continuous/test/auto/SRinContinuous.xml (RunModel)" time="0.025" />
  <testcase classname="ptolemy.util.test.junit.AutoTests" name="[122] /home/travis/build/icyphy/ptII/ptolemy/domains/continuous/test/auto/SampledClocks.xml (RunModel)" time="0.024" />
  <testcase classname="ptolemy.util.test.junit.AutoTests" name="[123] /home/travis/build/icyphy/ptII/ptolemy/domains/continuous/test/auto/Satellite.xml (RunModel)" time="0.824" />
  <testcase classname="ptolemy.util.test.junit.AutoTests" name="[124] /home/travis/build/icyphy/ptII/ptolemy/domains/continuous/test/auto/SigmaDelta.xml (RunModel)" time="2.415" />
  <testcase classname="ptolemy.util.test.junit.AutoTests" name="[125] /home/travis/build/icyphy/ptII/ptolemy/domains/continuous/test/auto/SinuBouncingBall.xml (RunModel)" time="0.783" />
  <testcase classname="ptolemy.util.test.junit.AutoTests" name="[126] /home/travis/build/icyphy/ptII/ptolemy/domains/continuous/test/auto/Sinusoid.xml (RunModel)" time="0.012" />
  <testcase classname="ptolemy.util.test.junit.AutoTests" name="[127] /home/travis/build/icyphy/ptII/ptolemy/domains/continuous/test/auto/SinusoidInNoise.xml (RunModel)" time="0.994" />
  <testcase classname="ptolemy.util.test.junit.AutoTests" name="[128] /home/travis/build/icyphy/ptII/ptolemy/domains/continuous/test/auto/SinusoidRK45.xml (RunModel)" time="0.008" />
  <testcase classname="ptolemy.util.test.junit.AutoTests" name="[129] /home/travis/build/icyphy/ptII/ptolemy/domains/continuous/test/auto/SinusoidWithMultipleImpulses.xml (RunModel)" time="0.009" />
  <testcase classname="ptolemy.util.test.junit.AutoTests" name="[130] /home/travis/build/icyphy/ptII/ptolemy/domains/continuous/test/auto/SquareWave.xml (RunModel)" time="0.167" />
  <testcase classname="ptolemy.util.test.junit.AutoTests" name="[131] /home/travis/build/icyphy/ptII/ptolemy/domains/continuous/test/auto/Starmac.xml (RunModel)" time="3.51" />
  <testcase classname="ptolemy.util.test.junit.AutoTests" name="[132] /home/travis/build/icyphy/ptII/ptolemy/domains/continuous/test/auto/StaticUnits.xml (RunModel)" time="2.704" />
  <testcase classname="ptolemy.util.test.junit.AutoTests" name="[133] /home/travis/build/icyphy/ptII/ptolemy/domains/continuous/test/auto/StickyMasses.xml (RunModel)" time="0.168" />
  <testcase classname="ptolemy.util.test.junit.AutoTests" name="[134] /home/travis/build/icyphy/ptII/ptolemy/domains/continuous/test/auto/StopTime.xml (RunModel)" time="0.082" />
  <testcase classname="ptolemy.util.test.junit.AutoTests" name="[135] /home/travis/build/icyphy/ptII/ptolemy/domains/continuous/test/auto/StopTime2.xml (RunModel)" time="0.06" />
  <testcase classname="ptolemy.util.test.junit.AutoTests" name="[136] /home/travis/build/icyphy/ptII/ptolemy/domains/continuous/test/auto/Switch.xml (RunModel)" time="0.068" />
  <testcase classname="ptolemy.util.test.junit.AutoTests" name="[137] /home/travis/build/icyphy/ptII/ptolemy/domains/continuous/test/auto/Thermostat.xml (RunModel)" time="0.196" />
  <testcase classname="ptolemy.util.test.junit.AutoTests" name="[138] /home/travis/build/icyphy/ptII/ptolemy/domains/continuous/test/auto/TimeDelay.xml (RunModel)" time="0.017" />
  <testcase classname="ptolemy.util.test.junit.AutoTests" name="[139] /home/travis/build/icyphy/ptII/ptolemy/domains/continuous/test/auto/TimeDelay2.xml (RunModel)" time="0.024" />
  <testcase classname="ptolemy.util.test.junit.AutoTests" name="[140] /home/travis/build/icyphy/ptII/ptolemy/domains/continuous/test/auto/TimeDelay3.xml (RunModel)" time="0.013" />
  <testcase classname="ptolemy.util.test.junit.AutoTests" name="[141] /home/travis/build/icyphy/ptII/ptolemy/domains/continuous/test/auto/TransferAbsentToInside.xml (RunModel)" time="0.109" />
  <testcase classname="ptolemy.util.test.junit.AutoTests" name="[142] /home/travis/build/icyphy/ptII/ptolemy/domains/continuous/test/auto/Transmission.xml (RunModel)" time="0.718" />
  <testcase classname="ptolemy.util.test.junit.AutoTests" name="[143] /home/travis/build/icyphy/ptII/ptolemy/domains/continuous/test/auto/TriggeredContinuousClock.xml (RunModel)" time="0.074" />
  <testcase classname="ptolemy.util.test.junit.AutoTests" name="[144] /home/travis/build/icyphy/ptII/ptolemy/domains/continuous/test/auto/TwoMachineInfiniteBusControl.xml (RunModel)" time="2.848" />
  <testcase classname="ptolemy.util.test.junit.AutoTests" name="[145] /home/travis/build/icyphy/ptII/ptolemy/domains/continuous/test/auto/V2V.xml (RunModel)" time="0.736" />
  <testcase classname="ptolemy.util.test.junit.AutoTests" name="[146] /home/travis/build/icyphy/ptII/ptolemy/domains/continuous/test/auto/hierarchicalModalModel.xml (RunModel)" time="0.052" />
  <testcase classname="ptolemy.util.test.junit.AutoTests" name="[147] /home/travis/build/icyphy/ptII/ptolemy/domains/continuous/test/auto/hierarchicalModalModel1.xml (RunModel)" time="0.028" />
  <testcase classname="ptolemy.util.test.junit.AutoTests" name="[148] /home/travis/build/icyphy/ptII/ptolemy/domains/continuous/test/auto/hierarchicalModalModel2.xml (RunModel)" time="0.028" />
  <testcase classname="ptolemy.util.test.junit.AutoTests" name="[149] /home/travis/build/icyphy/ptII/ptolemy/domains/continuous/test/auto/hierarchicalModalModel3.xml (RunModel)" time="0.022" />
  <testcase classname="ptolemy.util.test.junit.AutoTests" name="[150] /home/travis/build/icyphy/ptII/ptolemy/domains/continuous/test/auto/hierarchicalModalModel4.xml (RunModel)" time="0.024" />
  <testcase classname="ptolemy.util.test.junit.AutoTests" name="[151] /home/travis/build/icyphy/ptII/ptolemy/domains/continuous/test/auto/junk.xml (RunModel)" time="0.144" />
  <system-out><![CDATA[No tcl tests in /home/travis/build/icyphy/ptII/ptolemy/domains/continuous/test
No auto/knownFailedTests/*.xml tests in /home/travis/build/icyphy/ptII/ptolemy/domains/continuous/test
No auto/linux-amd64/*.xml tests in /home/travis/build/icyphy/ptII/ptolemy/domains/continuous/test
AutoTests.java: About to close Vertx.
AutoTests.java: Vertx closed.

===========================================================================================
----------------- testing Fri Jul 13 02:03:26 UTC 2018 /home/travis/build/icyphy/ptII/ptolemy/domains/continuous/test/auto/BouncingBall.xml
----------------- Instantiating /home/travis/build/icyphy/ptII/ptolemy/domains/continuous/test/auto/BouncingBall.xml
2248 ms. Memory: 331776K Free: 259438K (78%)
----------------- Invoking toplevel() on ptolemy.moml.MoMLSimpleApplication@56d57366
----------------- Done invoking toplevel() on ptolemy.moml.MoMLSimpleApplication@56d57366
reloadAllAccessors: .BouncingBall

===========================================================================================
----------------- testing Fri Jul 13 02:03:29 UTC 2018 /home/travis/build/icyphy/ptII/ptolemy/domains/continuous/test/auto/BouncingBallWithoutGR.xml
----------------- Instantiating /home/travis/build/icyphy/ptII/ptolemy/domains/continuous/test/auto/BouncingBallWithoutGR.xml
688 ms. Memory: 331776K Free: 318208K (96%)
----------------- Invoking toplevel() on ptolemy.moml.MoMLSimpleApplication@40d1b9ff
----------------- Done invoking toplevel() on ptolemy.moml.MoMLSimpleApplication@40d1b9ff
reloadAllAccessors: .BouncingBallWithoutGR

===========================================================================================
----------------- testing Fri Jul 13 02:03:29 UTC 2018 /home/travis/build/icyphy/ptII/ptolemy/domains/continuous/test/auto/Brownian.xml
----------------- Instantiating /home/travis/build/icyphy/ptII/ptolemy/domains/continuous/test/auto/Brownian.xml
21 ms. Memory: 331776K Free: 304281K (92%)
----------------- Invoking toplevel() on ptolemy.moml.MoMLSimpleApplication@1bf96c87
----------------- Done invoking toplevel() on ptolemy.moml.MoMLSimpleApplication@1bf96c87
reloadAllAccessors: .Brownian

===========================================================================================
----------------- testing Fri Jul 13 02:03:30 UTC 2018 /home/travis/build/icyphy/ptII/ptolemy/domains/continuous/test/auto/CarTracking.xml
----------------- Instantiating /home/travis/build/icyphy/ptII/ptolemy/domains/continuous/test/auto/CarTracking.xml
2932 ms. Memory: 578048K Free: 465317K (80%)
----------------- Invoking toplevel() on ptolemy.moml.MoMLSimpleApplication@2ba22fd0
----------------- Done invoking toplevel() on ptolemy.moml.MoMLSimpleApplication@2ba22fd0
reloadAllAccessors: .CarTracking

===========================================================================================
----------------- testing Fri Jul 13 02:03:33 UTC 2018 /home/travis/build/icyphy/ptII/ptolemy/domains/continuous/test/auto/CartPendulum.xml
----------------- Instantiating /home/travis/build/icyphy/ptII/ptolemy/domains/continuous/test/auto/CartPendulum.xml
403 ms. Memory: 578048K Free: 350911K (61%)
----------------- Invoking toplevel() on ptolemy.moml.MoMLSimpleApplication@35a7a7ce
----------------- Done invoking toplevel() on ptolemy.moml.MoMLSimpleApplication@35a7a7ce
reloadAllAccessors: .CartPendulum

===========================================================================================
----------------- testing Fri Jul 13 02:03:33 UTC 2018 /home/travis/build/icyphy/ptII/ptolemy/domains/continuous/test/auto/CausalityInterface10.xml
----------------- Instantiating /home/travis/build/icyphy/ptII/ptolemy/domains/continuous/test/auto/CausalityInterface10.xml
6 ms. Memory: 578048K Free: 337801K (58%)
----------------- Invoking toplevel() on ptolemy.moml.MoMLSimpleApplication@76b62e55
----------------- Done invoking toplevel() on ptolemy.moml.MoMLSimpleApplication@76b62e55
reloadAllAccessors: .CausalityInterface10

===========================================================================================
----------------- testing Fri Jul 13 02:03:33 UTC 2018 /home/travis/build/icyphy/ptII/ptolemy/domains/continuous/test/auto/CausalityInterface11.xml
----------------- Instantiating /home/travis/build/icyphy/ptII/ptolemy/domains/continuous/test/auto/CausalityInterface11.xml
8 ms. Memory: 578048K Free: 327965K (57%)
----------------- Invoking toplevel() on ptolemy.moml.MoMLSimpleApplication@12866c60
----------------- Done invoking toplevel() on ptolemy.moml.MoMLSimpleApplication@12866c60
reloadAllAccessors: .CausalityInterface11

===========================================================================================
----------------- testing Fri Jul 13 02:03:33 UTC 2018 /home/travis/build/icyphy/ptII/ptolemy/domains/continuous/test/auto/CausalityInterface12.xml
----------------- Instantiating /home/travis/build/icyphy/ptII/ptolemy/domains/continuous/test/auto/CausalityInterface12.xml
11 ms. Memory: 578048K Free: 318129K (55%)
----------------- Invoking toplevel() on ptolemy.moml.MoMLSimpleApplication@70d8f250
----------------- Done invoking toplevel() on ptolemy.moml.MoMLSimpleApplication@70d8f250
reloadAllAccessors: .CausalityInterface12

===========================================================================================
----------------- testing Fri Jul 13 02:03:33 UTC 2018 /home/travis/build/icyphy/ptII/ptolemy/domains/continuous/test/auto/CausalityInterface13.xml
----------------- Instantiating /home/travis/build/icyphy/ptII/ptolemy/domains/continuous/test/auto/CausalityInterface13.xml
7 ms. Memory: 578048K Free: 305116K (53%)
----------------- Invoking toplevel() on ptolemy.moml.MoMLSimpleApplication@56b36d4a
----------------- Done invoking toplevel() on ptolemy.moml.MoMLSimpleApplication@56b36d4a
reloadAllAccessors: .CausalityInterface13

===========================================================================================
----------------- testing Fri Jul 13 02:03:34 UTC 2018 /home/travis/build/icyphy/ptII/ptolemy/domains/continuous/test/auto/CausalityInterface14.xml
----------------- Instantiating /home/travis/build/icyphy/ptII/ptolemy/domains/continuous/test/auto/CausalityInterface14.xml
6 ms. Memory: 578048K Free: 295296K (51%)
----------------- Invoking toplevel() on ptolemy.moml.MoMLSimpleApplication@71449289
----------------- Done invoking toplevel() on ptolemy.moml.MoMLSimpleApplication@71449289
reloadAllAccessors: .CausalityInterface14

===========================================================================================
----------------- testing Fri Jul 13 02:03:34 UTC 2018 /home/travis/build/icyphy/ptII/ptolemy/domains/continuous/test/auto/CausalityInterface4.xml
----------------- Instantiating /home/travis/build/icyphy/ptII/ptolemy/domains/continuous/test/auto/CausalityInterface4.xml
4 ms. Memory: 578048K Free: 285460K (49%)
----------------- Invoking toplevel() on ptolemy.moml.MoMLSimpleApplication@29ce55b3
----------------- Done invoking toplevel() on ptolemy.moml.MoMLSimpleApplication@29ce55b3
reloadAllAccessors: .CausalityInterface4

===========================================================================================
----------------- testing Fri Jul 13 02:03:34 UTC 2018 /home/travis/build/icyphy/ptII/ptolemy/domains/continuous/test/auto/CausalityInterface5.xml
----------------- Instantiating /home/travis/build/icyphy/ptII/ptolemy/domains/continuous/test/auto/CausalityInterface5.xml
11 ms. Memory: 578048K Free: 272366K (47%)
----------------- Invoking toplevel() on ptolemy.moml.MoMLSimpleApplication@68346f7d
----------------- Done invoking toplevel() on ptolemy.moml.MoMLSimpleApplication@68346f7d
reloadAllAccessors: .CausalityInterface5

===========================================================================================
----------------- testing Fri Jul 13 02:03:34 UTC 2018 /home/travis/build/icyphy/ptII/ptolemy/domains/continuous/test/auto/CausalityInterface6.xml
----------------- Instantiating /home/travis/build/icyphy/ptII/ptolemy/domains/continuous/test/auto/CausalityInterface6.xml
9 ms. Memory: 578048K Free: 259337K (45%)
----------------- Invoking toplevel() on ptolemy.moml.MoMLSimpleApplication@73507097
----------------- Done invoking toplevel() on ptolemy.moml.MoMLSimpleApplication@73507097
reloadAllAccessors: .CausalityInterface6

===========================================================================================
----------------- testing Fri Jul 13 02:03:34 UTC 2018 /home/travis/build/icyphy/ptII/ptolemy/domains/continuous/test/auto/CausalityInterface7.xml
----------------- Instantiating /home/travis/build/icyphy/ptII/ptolemy/domains/continuous/test/auto/CausalityInterface7.xml
10 ms. Memory: 578048K Free: 246228K (43%)
----------------- Invoking toplevel() on ptolemy.moml.MoMLSimpleApplication@6d163ed8
----------------- Done invoking toplevel() on ptolemy.moml.MoMLSimpleApplication@6d163ed8
reloadAllAccessors: .CausalityInterface7

===========================================================================================
----------------- testing Fri Jul 13 02:03:34 UTC 2018 /home/travis/build/icyphy/ptII/ptolemy/domains/continuous/test/auto/CausalityInterface8.xml
----------------- Instantiating /home/travis/build/icyphy/ptII/ptolemy/domains/continuous/test/auto/CausalityInterface8.xml
4 ms. Memory: 578048K Free: 233118K (40%)
----------------- Invoking toplevel() on ptolemy.moml.MoMLSimpleApplication@4fb6c632
----------------- Done invoking toplevel() on ptolemy.moml.MoMLSimpleApplication@4fb6c632
reloadAllAccessors: .CausalityInterface8

===========================================================================================
----------------- testing Fri Jul 13 02:03:34 UTC 2018 /home/travis/build/icyphy/ptII/ptolemy/domains/continuous/test/auto/CausalityInterface9.xml
----------------- Instantiating /home/travis/build/icyphy/ptII/ptolemy/domains/continuous/test/auto/CausalityInterface9.xml
4 ms. Memory: 578048K Free: 216719K (37%)
----------------- Invoking toplevel() on ptolemy.moml.MoMLSimpleApplication@4ca2f29a
----------------- Done invoking toplevel() on ptolemy.moml.MoMLSimpleApplication@4ca2f29a
reloadAllAccessors: .CausalityInterface9

===========================================================================================
----------------- testing Fri Jul 13 02:03:34 UTC 2018 /home/travis/build/icyphy/ptII/ptolemy/domains/continuous/test/auto/CausalityInterfaceFeedback1.xml
----------------- Instantiating /home/travis/build/icyphy/ptII/ptolemy/domains/continuous/test/auto/CausalityInterfaceFeedback1.xml
3 ms. Memory: 578048K Free: 203698K (35%)
----------------- Invoking toplevel() on ptolemy.moml.MoMLSimpleApplication@7ea67034
----------------- Done invoking toplevel() on ptolemy.moml.MoMLSimpleApplication@7ea67034
reloadAllAccessors: .CausalityInterfaceFeedback1

===========================================================================================
----------------- testing Fri Jul 13 02:03:34 UTC 2018 /home/travis/build/icyphy/ptII/ptolemy/domains/continuous/test/auto/CausalityInterfaceFeedback2.xml
----------------- Instantiating /home/travis/build/icyphy/ptII/ptolemy/domains/continuous/test/auto/CausalityInterfaceFeedback2.xml
2 ms. Memory: 578048K Free: 193862K (34%)
----------------- Invoking toplevel() on ptolemy.moml.MoMLSimpleApplication@45075a0f
----------------- Done invoking toplevel() on ptolemy.moml.MoMLSimpleApplication@45075a0f
reloadAllAccessors: .CausalityInterfaceFeedback2

===========================================================================================
----------------- testing Fri Jul 13 02:03:34 UTC 2018 /home/travis/build/icyphy/ptII/ptolemy/domains/continuous/test/auto/CompareWithCurrentTime.xml
----------------- Instantiating /home/travis/build/icyphy/ptII/ptolemy/domains/continuous/test/auto/CompareWithCurrentTime.xml
3 ms. Memory: 578048K Free: 187315K (32%)
----------------- Invoking toplevel() on ptolemy.moml.MoMLSimpleApplication@1bef4de2
----------------- Done invoking toplevel() on ptolemy.moml.MoMLSimpleApplication@1bef4de2
reloadAllAccessors: .CompareWithCurrentTime

===========================================================================================
----------------- testing Fri Jul 13 02:03:34 UTC 2018 /home/travis/build/icyphy/ptII/ptolemy/domains/continuous/test/auto/ComparedClocks.xml
----------------- Instantiating /home/travis/build/icyphy/ptII/ptolemy/domains/continuous/test/auto/ComparedClocks.xml
5 ms. Memory: 578048K Free: 167642K (29%)
----------------- Invoking toplevel() on ptolemy.moml.MoMLSimpleApplication@51750fef
----------------- Done invoking toplevel() on ptolemy.moml.MoMLSimpleApplication@51750fef
reloadAllAccessors: .ComparedClocks

===========================================================================================
----------------- testing Fri Jul 13 02:03:34 UTC 2018 /home/travis/build/icyphy/ptII/ptolemy/domains/continuous/test/auto/ContinuousAOCClone.xml
----------------- Instantiating /home/travis/build/icyphy/ptII/ptolemy/domains/continuous/test/auto/ContinuousAOCClone.xml
2305 ms. Memory: 872448K Free: 425566K (49%)
----------------- Invoking toplevel() on ptolemy.moml.MoMLSimpleApplication@22778dc8
----------------- Done invoking toplevel() on ptolemy.moml.MoMLSimpleApplication@22778dc8
reloadAllAccessors: .ContinuousAOCClone

===========================================================================================
----------------- testing Fri Jul 13 02:03:36 UTC 2018 /home/travis/build/icyphy/ptII/ptolemy/domains/continuous/test/auto/ContinuousClock.xml
----------------- Instantiating /home/travis/build/icyphy/ptII/ptolemy/domains/continuous/test/auto/ContinuousClock.xml
27 ms. Memory: 872448K Free: 391020K (45%)
----------------- Invoking toplevel() on ptolemy.moml.MoMLSimpleApplication@3fc61bf5
----------------- Done invoking toplevel() on ptolemy.moml.MoMLSimpleApplication@3fc61bf5
reloadAllAccessors: .ContinuousClock

===========================================================================================
----------------- testing Fri Jul 13 02:03:36 UTC 2018 /home/travis/build/icyphy/ptII/ptolemy/domains/continuous/test/auto/ContinuousInContinuous.xml
----------------- Instantiating /home/travis/build/icyphy/ptII/ptolemy/domains/continuous/test/auto/ContinuousInContinuous.xml
42 ms. Memory: 872448K Free: 363483K (42%)
----------------- Invoking toplevel() on ptolemy.moml.MoMLSimpleApplication@50a964ea
----------------- Done invoking toplevel() on ptolemy.moml.MoMLSimpleApplication@50a964ea
reloadAllAccessors: .ContinuousInContinuous

===========================================================================================
----------------- testing Fri Jul 13 02:03:37 UTC 2018 /home/travis/build/icyphy/ptII/ptolemy/domains/continuous/test/auto/ContinuousInContinuousInContinuous.xml
----------------- Instantiating /home/travis/build/icyphy/ptII/ptolemy/domains/continuous/test/auto/ContinuousInContinuousInContinuous.xml
7 ms. Memory: 872448K Free: 351686K (40%)
----------------- Invoking toplevel() on ptolemy.moml.MoMLSimpleApplication@78e7a59e
----------------- Done invoking toplevel() on ptolemy.moml.MoMLSimpleApplication@78e7a59e
reloadAllAccessors: .ContinuousInContinuousInContinuous

===========================================================================================
----------------- testing Fri Jul 13 02:03:37 UTC 2018 /home/travis/build/icyphy/ptII/ptolemy/domains/continuous/test/auto/ContinuousInDE.xml
----------------- Instantiating /home/travis/build/icyphy/ptII/ptolemy/domains/continuous/test/auto/ContinuousInDE.xml
104 ms. Memory: 872448K Free: 335962K (39%)
----------------- Invoking toplevel() on ptolemy.moml.MoMLSimpleApplication@4472de84
----------------- Done invoking toplevel() on ptolemy.moml.MoMLSimpleApplication@4472de84
reloadAllAccessors: .ContinuousInDE

===========================================================================================
----------------- testing Fri Jul 13 02:03:37 UTC 2018 /home/travis/build/icyphy/ptII/ptolemy/domains/continuous/test/auto/ContinuousInDE2.xml
----------------- Instantiating /home/travis/build/icyphy/ptII/ptolemy/domains/continuous/test/auto/ContinuousInDE2.xml
38 ms. Memory: 872448K Free: 316775K (36%)
----------------- Invoking toplevel() on ptolemy.moml.MoMLSimpleApplication@7fc7ab7a
----------------- Done invoking toplevel() on ptolemy.moml.MoMLSimpleApplication@7fc7ab7a
reloadAllAccessors: .ContinuousInDE2

===========================================================================================
----------------- testing Fri Jul 13 02:03:37 UTC 2018 /home/travis/build/icyphy/ptII/ptolemy/domains/continuous/test/auto/ContinuousInDE3.xml
----------------- Instantiating /home/travis/build/icyphy/ptII/ptolemy/domains/continuous/test/auto/ContinuousInDE3.xml
39 ms. Memory: 872448K Free: 301051K (35%)
----------------- Invoking toplevel() on ptolemy.moml.MoMLSimpleApplication@57cb3748
----------------- Done invoking toplevel() on ptolemy.moml.MoMLSimpleApplication@57cb3748
reloadAllAccessors: .ContinuousInDE3

===========================================================================================
----------------- testing Fri Jul 13 02:03:37 UTC 2018 /home/travis/build/icyphy/ptII/ptolemy/domains/continuous/test/auto/ContinuousInDE4.xml
----------------- Instantiating /home/travis/build/icyphy/ptII/ptolemy/domains/continuous/test/auto/ContinuousInDE4.xml
14 ms. Memory: 872448K Free: 289262K (33%)
----------------- Invoking toplevel() on ptolemy.moml.MoMLSimpleApplication@4d8ee921
----------------- Done invoking toplevel() on ptolemy.moml.MoMLSimpleApplication@4d8ee921
reloadAllAccessors: .ContinuousInDE4

===========================================================================================
----------------- testing Fri Jul 13 02:03:37 UTC 2018 /home/travis/build/icyphy/ptII/ptolemy/domains/continuous/test/auto/ContinuousInDEDifferentRefinements.xml
----------------- Instantiating /home/travis/build/icyphy/ptII/ptolemy/domains/continuous/test/auto/ContinuousInDEDifferentRefinements.xml
48 ms. Memory: 872448K Free: 253853K (29%)
----------------- Invoking toplevel() on ptolemy.moml.MoMLSimpleApplication@15781165
----------------- Done invoking toplevel() on ptolemy.moml.MoMLSimpleApplication@15781165
reloadAllAccessors: .ContinuousInDEDifferentRefinements

===========================================================================================
----------------- testing Fri Jul 13 02:03:37 UTC 2018 /home/travis/build/icyphy/ptII/ptolemy/domains/continuous/test/auto/ContinuousInDEDifferentRefinementsPreemptive.xml
----------------- Instantiating /home/travis/build/icyphy/ptII/ptolemy/domains/continuous/test/auto/ContinuousInDEDifferentRefinementsPreemptive.xml
38 ms. Memory: 872448K Free: 214983K (25%)
----------------- Invoking toplevel() on ptolemy.moml.MoMLSimpleApplication@6ebdd50a
----------------- Done invoking toplevel() on ptolemy.moml.MoMLSimpleApplication@6ebdd50a
reloadAllAccessors: .ContinuousInDEDifferentRefinementsPreemptive

===========================================================================================
----------------- testing Fri Jul 13 02:03:37 UTC 2018 /home/travis/build/icyphy/ptII/ptolemy/domains/continuous/test/auto/ContinuousInDEInContinuous2.xml
----------------- Instantiating /home/travis/build/icyphy/ptII/ptolemy/domains/continuous/test/auto/ContinuousInDEInContinuous2.xml
39 ms. Memory: 872448K Free: 195316K (22%)
----------------- Invoking toplevel() on ptolemy.moml.MoMLSimpleApplication@57a47101
----------------- Done invoking toplevel() on ptolemy.moml.MoMLSimpleApplication@57a47101
reloadAllAccessors: .ContinuousInDEInContinuous2

===========================================================================================
----------------- testing Fri Jul 13 02:03:37 UTC 2018 /home/travis/build/icyphy/ptII/ptolemy/domains/continuous/test/auto/ContinuousInDEInContinuous3.xml
----------------- Instantiating /home/travis/build/icyphy/ptII/ptolemy/domains/continuous/test/auto/ContinuousInDEInContinuous3.xml
33 ms. Memory: 872448K Free: 175649K (20%)
----------------- Invoking toplevel() on ptolemy.moml.MoMLSimpleApplication@770311a9
----------------- Done invoking toplevel() on ptolemy.moml.MoMLSimpleApplication@770311a9
reloadAllAccessors: .ContinuousInDEInContinuous3

===========================================================================================
----------------- testing Fri Jul 13 02:03:37 UTC 2018 /home/travis/build/icyphy/ptII/ptolemy/domains/continuous/test/auto/ContinuousInDEInput.xml
----------------- Instantiating /home/travis/build/icyphy/ptII/ptolemy/domains/continuous/test/auto/ContinuousInDEInput.xml
22 ms. Memory: 872448K Free: 163852K (19%)
----------------- Invoking toplevel() on ptolemy.moml.MoMLSimpleApplication@6a158712
----------------- Done invoking toplevel() on ptolemy.moml.MoMLSimpleApplication@6a158712
reloadAllAccessors: .ContinuousInDEInput

===========================================================================================
----------------- testing Fri Jul 13 02:03:37 UTC 2018 /home/travis/build/icyphy/ptII/ptolemy/domains/continuous/test/auto/ContinuousInDEInput2.xml
----------------- Instantiating /home/travis/build/icyphy/ptII/ptolemy/domains/continuous/test/auto/ContinuousInDEInput2.xml
12 ms. Memory: 872448K Free: 152054K (17%)
----------------- Invoking toplevel() on ptolemy.moml.MoMLSimpleApplication@3ac15323
----------------- Done invoking toplevel() on ptolemy.moml.MoMLSimpleApplication@3ac15323
reloadAllAccessors: .ContinuousInDEInput2

===========================================================================================
----------------- testing Fri Jul 13 02:03:37 UTC 2018 /home/travis/build/icyphy/ptII/ptolemy/domains/continuous/test/auto/ContinuousInDEInput3.xml
----------------- Instantiating /home/travis/build/icyphy/ptII/ptolemy/domains/continuous/test/auto/ContinuousInDEInput3.xml
16 ms. Memory: 872448K Free: 136803K (16%)
----------------- Invoking toplevel() on ptolemy.moml.MoMLSimpleApplication@4c4276f0
----------------- Done invoking toplevel() on ptolemy.moml.MoMLSimpleApplication@4c4276f0
reloadAllAccessors: .ContinuousInDEInput3

===========================================================================================
----------------- testing Fri Jul 13 02:03:37 UTC 2018 /home/travis/build/icyphy/ptII/ptolemy/domains/continuous/test/auto/ContinuousInDESharingRefinement.xml
----------------- Instantiating /home/travis/build/icyphy/ptII/ptolemy/domains/continuous/test/auto/ContinuousInDESharingRefinement.xml
138 ms. Memory: 829440K Free: 778988K (94%)
----------------- Invoking toplevel() on ptolemy.moml.MoMLSimpleApplication@4e757986
----------------- Done invoking toplevel() on ptolemy.moml.MoMLSimpleApplication@4e757986
reloadAllAccessors: .ContinuousInDESharingRefinement

===========================================================================================
----------------- testing Fri Jul 13 02:03:38 UTC 2018 /home/travis/build/icyphy/ptII/ptolemy/domains/continuous/test/auto/ContinuousInDEwithNoPorts.xml
----------------- Instantiating /home/travis/build/icyphy/ptII/ptolemy/domains/continuous/test/auto/ContinuousInDEwithNoPorts.xml
5 ms. Memory: 829440K Free: 767348K (93%)
----------------- Invoking toplevel() on ptolemy.moml.MoMLSimpleApplication@2bec761
----------------- Done invoking toplevel() on ptolemy.moml.MoMLSimpleApplication@2bec761
reloadAllAccessors: .ContinuousInDEwithNoPorts

===========================================================================================
----------------- testing Fri Jul 13 02:03:38 UTC 2018 /home/travis/build/icyphy/ptII/ptolemy/domains/continuous/test/auto/ContinuousInsideDE.xml
----------------- Instantiating /home/travis/build/icyphy/ptII/ptolemy/domains/continuous/test/auto/ContinuousInsideDE.xml
42 ms. Memory: 829440K Free: 748647K (90%)
----------------- Invoking toplevel() on ptolemy.moml.MoMLSimpleApplication@7267ff20
----------------- Done invoking toplevel() on ptolemy.moml.MoMLSimpleApplication@7267ff20
reloadAllAccessors: .ContinuousInsideDE

===========================================================================================
----------------- testing Fri Jul 13 02:03:38 UTC 2018 /home/travis/build/icyphy/ptII/ptolemy/domains/continuous/test/auto/ContinuousMerge1.xml
----------------- Instantiating /home/travis/build/icyphy/ptII/ptolemy/domains/continuous/test/auto/ContinuousMerge1.xml
3 ms. Memory: 829440K Free: 738952K (89%)
----------------- Invoking toplevel() on ptolemy.moml.MoMLSimpleApplication@745e42c3
----------------- Done invoking toplevel() on ptolemy.moml.MoMLSimpleApplication@745e42c3
reloadAllAccessors: .ContinuousMerge1

===========================================================================================
----------------- testing Fri Jul 13 02:03:38 UTC 2018 /home/travis/build/icyphy/ptII/ptolemy/domains/continuous/test/auto/ContinuousMerge2.xml
----------------- Instantiating /home/travis/build/icyphy/ptII/ptolemy/domains/continuous/test/auto/ContinuousMerge2.xml
13 ms. Memory: 829440K Free: 723804K (87%)
----------------- Invoking toplevel() on ptolemy.moml.MoMLSimpleApplication@31549458
----------------- Done invoking toplevel() on ptolemy.moml.MoMLSimpleApplication@31549458
reloadAllAccessors: .ContinuousMerge2

===========================================================================================
----------------- testing Fri Jul 13 02:03:38 UTC 2018 /home/travis/build/icyphy/ptII/ptolemy/domains/continuous/test/auto/ContinuousMerge3.xml
----------------- Instantiating /home/travis/build/icyphy/ptII/ptolemy/domains/continuous/test/auto/ContinuousMerge3.xml
37 ms. Memory: 829440K Free: 708835K (85%)
----------------- Invoking toplevel() on ptolemy.moml.MoMLSimpleApplication@3a9f672e
----------------- Done invoking toplevel() on ptolemy.moml.MoMLSimpleApplication@3a9f672e
reloadAllAccessors: .ContinuousMerge3

===========================================================================================
----------------- testing Fri Jul 13 02:03:38 UTC 2018 /home/travis/build/icyphy/ptII/ptolemy/domains/continuous/test/auto/ContinuousWithinContinuous.xml
----------------- Instantiating /home/travis/build/icyphy/ptII/ptolemy/domains/continuous/test/auto/ContinuousWithinContinuous.xml
34 ms. Memory: 829440K Free: 691643K (83%)
----------------- Invoking toplevel() on ptolemy.moml.MoMLSimpleApplication@5d4e42e5
----------------- Done invoking toplevel() on ptolemy.moml.MoMLSimpleApplication@5d4e42e5
reloadAllAccessors: .ContinuousWithinContinuous

===========================================================================================
----------------- testing Fri Jul 13 02:03:38 UTC 2018 /home/travis/build/icyphy/ptII/ptolemy/domains/continuous/test/auto/ContinuousWithinContinuous2.xml
----------------- Instantiating /home/travis/build/icyphy/ptII/ptolemy/domains/continuous/test/auto/ContinuousWithinContinuous2.xml
67 ms. Memory: 829440K Free: 676682K (82%)
----------------- Invoking toplevel() on ptolemy.moml.MoMLSimpleApplication@22a40f1
----------------- Done invoking toplevel() on ptolemy.moml.MoMLSimpleApplication@22a40f1
reloadAllAccessors: .ContinuousWithinContinuous2

===========================================================================================
----------------- testing Fri Jul 13 02:03:38 UTC 2018 /home/travis/build/icyphy/ptII/ptolemy/domains/continuous/test/auto/ContinuousWithinContinuous3.xml
----------------- Instantiating /home/travis/build/icyphy/ptII/ptolemy/domains/continuous/test/auto/ContinuousWithinContinuous3.xml
15 ms. Memory: 829440K Free: 665445K (80%)
----------------- Invoking toplevel() on ptolemy.moml.MoMLSimpleApplication@55cbd2a9
----------------- Done invoking toplevel() on ptolemy.moml.MoMLSimpleApplication@55cbd2a9
reloadAllAccessors: .ContinuousWithinContinuous3

===========================================================================================
----------------- testing Fri Jul 13 02:03:38 UTC 2018 /home/travis/build/icyphy/ptII/ptolemy/domains/continuous/test/auto/ContinuousWithinContinuous4.xml
----------------- Instantiating /home/travis/build/icyphy/ptII/ptolemy/domains/continuous/test/auto/ContinuousWithinContinuous4.xml
58 ms. Memory: 829440K Free: 644513K (78%)
----------------- Invoking toplevel() on ptolemy.moml.MoMLSimpleApplication@4e54b9b7
----------------- Done invoking toplevel() on ptolemy.moml.MoMLSimpleApplication@4e54b9b7
reloadAllAccessors: .ContinuousWithinContinuous4

===========================================================================================
----------------- testing Fri Jul 13 02:03:38 UTC 2018 /home/travis/build/icyphy/ptII/ptolemy/domains/continuous/test/auto/ContinuousWithinContinuous5.xml
----------------- Instantiating /home/travis/build/icyphy/ptII/ptolemy/domains/continuous/test/auto/ContinuousWithinContinuous5.xml
11 ms. Memory: 829440K Free: 633277K (76%)
----------------- Invoking toplevel() on ptolemy.moml.MoMLSimpleApplication@10100408
----------------- Done invoking toplevel() on ptolemy.moml.MoMLSimpleApplication@10100408
reloadAllAccessors: .ContinuousWithinContinuous5

===========================================================================================
----------------- testing Fri Jul 13 02:03:38 UTC 2018 /home/travis/build/icyphy/ptII/ptolemy/domains/continuous/test/auto/ContinuousWithinContinuous6.xml
----------------- Instantiating /home/travis/build/icyphy/ptII/ptolemy/domains/continuous/test/auto/ContinuousWithinContinuous6.xml
10 ms. Memory: 829440K Free: 619825K (75%)
----------------- Invoking toplevel() on ptolemy.moml.MoMLSimpleApplication@b83b534
----------------- Done invoking toplevel() on ptolemy.moml.MoMLSimpleApplication@b83b534
reloadAllAccessors: .ContinuousWithinContinuous6

===========================================================================================
----------------- testing Fri Jul 13 02:03:38 UTC 2018 /home/travis/build/icyphy/ptII/ptolemy/domains/continuous/test/auto/ContinuousWithinContinuous7.xml
----------------- Instantiating /home/travis/build/icyphy/ptII/ptolemy/domains/continuous/test/auto/ContinuousWithinContinuous7.xml
62 ms. Memory: 829440K Free: 604864K (73%)
----------------- Invoking toplevel() on ptolemy.moml.MoMLSimpleApplication@661c7e61
----------------- Done invoking toplevel() on ptolemy.moml.MoMLSimpleApplication@661c7e61
reloadAllAccessors: .ContinuousWithinContinuous7

===========================================================================================
----------------- testing Fri Jul 13 02:03:38 UTC 2018 /home/travis/build/icyphy/ptII/ptolemy/domains/continuous/test/auto/DCMotor.xml
----------------- Instantiating /home/travis/build/icyphy/ptII/ptolemy/domains/continuous/test/auto/DCMotor.xml
13340 ms. Memory: 667648K Free: 505742K (76%)
----------------- Invoking toplevel() on ptolemy.moml.MoMLSimpleApplication@1ce6cfe6
----------------- Done invoking toplevel() on ptolemy.moml.MoMLSimpleApplication@1ce6cfe6
reloadAllAccessors: .DCMotor

===========================================================================================
----------------- testing Fri Jul 13 02:03:52 UTC 2018 /home/travis/build/icyphy/ptII/ptolemy/domains/continuous/test/auto/DEInContinuous.xml
----------------- Instantiating /home/travis/build/icyphy/ptII/ptolemy/domains/continuous/test/auto/DEInContinuous.xml
7 ms. Memory: 667648K Free: 491132K (74%)
----------------- Invoking toplevel() on ptolemy.moml.MoMLSimpleApplication@26c7c1c6
----------------- Done invoking toplevel() on ptolemy.moml.MoMLSimpleApplication@26c7c1c6
reloadAllAccessors: .DEInContinuous

===========================================================================================
----------------- testing Fri Jul 13 02:03:52 UTC 2018 /home/travis/build/icyphy/ptII/ptolemy/domains/continuous/test/auto/DEinContinuous2.xml
----------------- Instantiating /home/travis/build/icyphy/ptII/ptolemy/domains/continuous/test/auto/DEinContinuous2.xml
8 ms. Memory: 667648K Free: 472343K (71%)
----------------- Invoking toplevel() on ptolemy.moml.MoMLSimpleApplication@74de47c2
----------------- Done invoking toplevel() on ptolemy.moml.MoMLSimpleApplication@74de47c2
reloadAllAccessors: .DEinContinuous2

===========================================================================================
----------------- testing Fri Jul 13 02:03:52 UTC 2018 /home/travis/build/icyphy/ptII/ptolemy/domains/continuous/test/auto/Derivative.xml
----------------- Instantiating /home/travis/build/icyphy/ptII/ptolemy/domains/continuous/test/auto/Derivative.xml
148 ms. Memory: 667648K Free: 430061K (64%)
----------------- Invoking toplevel() on ptolemy.moml.MoMLSimpleApplication@2aaffd36
----------------- Done invoking toplevel() on ptolemy.moml.MoMLSimpleApplication@2aaffd36
reloadAllAccessors: .Derivative2

===========================================================================================
----------------- testing Fri Jul 13 02:03:52 UTC 2018 /home/travis/build/icyphy/ptII/ptolemy/domains/continuous/test/auto/Derivative1.xml
----------------- Instantiating /home/travis/build/icyphy/ptII/ptolemy/domains/continuous/test/auto/Derivative1.xml
29 ms. Memory: 667648K Free: 412458K (62%)
----------------- Invoking toplevel() on ptolemy.moml.MoMLSimpleApplication@73c14d63
----------------- Done invoking toplevel() on ptolemy.moml.MoMLSimpleApplication@73c14d63
reloadAllAccessors: .Derivative1

===========================================================================================
----------------- testing Fri Jul 13 02:03:52 UTC 2018 /home/travis/build/icyphy/ptII/ptolemy/domains/continuous/test/auto/DiscreteClock.xml
----------------- Instantiating /home/travis/build/icyphy/ptII/ptolemy/domains/continuous/test/auto/DiscreteClock.xml
9 ms. Memory: 667648K Free: 399547K (60%)
----------------- Invoking toplevel() on ptolemy.moml.MoMLSimpleApplication@18fe90e3
----------------- Done invoking toplevel() on ptolemy.moml.MoMLSimpleApplication@18fe90e3
reloadAllAccessors: .DiscreteClock

===========================================================================================
----------------- testing Fri Jul 13 02:03:52 UTC 2018 /home/travis/build/icyphy/ptII/ptolemy/domains/continuous/test/auto/EfficiencyCurve.xml
----------------- Instantiating /home/travis/build/icyphy/ptII/ptolemy/domains/continuous/test/auto/EfficiencyCurve.xml
72 ms. Memory: 667648K Free: 380775K (57%)
----------------- Invoking toplevel() on ptolemy.moml.MoMLSimpleApplication@6ed520d3
----------------- Done invoking toplevel() on ptolemy.moml.MoMLSimpleApplication@6ed520d3
reloadAllAccessors: .EfficiencyCurve

===========================================================================================
----------------- testing Fri Jul 13 02:03:52 UTC 2018 /home/travis/build/icyphy/ptII/ptolemy/domains/continuous/test/auto/ExponentialResponse.xml
----------------- Instantiating /home/travis/build/icyphy/ptII/ptolemy/domains/continuous/test/auto/ExponentialResponse.xml
104 ms. Memory: 667648K Free: 357325K (54%)
----------------- Invoking toplevel() on ptolemy.moml.MoMLSimpleApplication@6d6e5b0
----------------- Done invoking toplevel() on ptolemy.moml.MoMLSimpleApplication@6d6e5b0
reloadAllAccessors: .ExponentialResponse

===========================================================================================
----------------- testing Fri Jul 13 02:03:52 UTC 2018 /home/travis/build/icyphy/ptII/ptolemy/domains/continuous/test/auto/ExponentialResponseRK45.xml
----------------- Instantiating /home/travis/build/icyphy/ptII/ptolemy/domains/continuous/test/auto/ExponentialResponseRK45.xml
23 ms. Memory: 667648K Free: 344415K (52%)
----------------- Invoking toplevel() on ptolemy.moml.MoMLSimpleApplication@750129bc
----------------- Done invoking toplevel() on ptolemy.moml.MoMLSimpleApplication@750129bc
reloadAllAccessors: .ExponentialResponseRK45

===========================================================================================
----------------- testing Fri Jul 13 02:03:52 UTC 2018 /home/travis/build/icyphy/ptII/ptolemy/domains/continuous/test/auto/Friction.xml
----------------- Instantiating /home/travis/build/icyphy/ptII/ptolemy/domains/continuous/test/auto/Friction.xml
1218 ms. Memory: 646656K Free: 468197K (72%)
----------------- Invoking toplevel() on ptolemy.moml.MoMLSimpleApplication@56574eb8
----------------- Done invoking toplevel() on ptolemy.moml.MoMLSimpleApplication@56574eb8
reloadAllAccessors: .Friction

===========================================================================================
----------------- testing Fri Jul 13 02:03:53 UTC 2018 /home/travis/build/icyphy/ptII/ptolemy/domains/continuous/test/auto/FurutaPendulum.xml
----------------- Instantiating /home/travis/build/icyphy/ptII/ptolemy/domains/continuous/test/auto/FurutaPendulum.xml
3290 ms. Memory: 616960K Free: 500761K (81%)
----------------- Invoking toplevel() on ptolemy.moml.MoMLSimpleApplication@7a64a0ad
----------------- Done invoking toplevel() on ptolemy.moml.MoMLSimpleApplication@7a64a0ad
reloadAllAccessors: .FurutaPendulum

===========================================================================================
----------------- testing Fri Jul 13 02:03:57 UTC 2018 /home/travis/build/icyphy/ptII/ptolemy/domains/continuous/test/auto/HierarchicalExecution.xml
----------------- Instantiating /home/travis/build/icyphy/ptII/ptolemy/domains/continuous/test/auto/HierarchicalExecution.xml
1736 ms. Memory: 616960K Free: 204498K (33%)
----------------- Invoking toplevel() on ptolemy.moml.MoMLSimpleApplication@74fbcd29
----------------- Done invoking toplevel() on ptolemy.moml.MoMLSimpleApplication@74fbcd29
reloadAllAccessors: .HierarchicalExecution

===========================================================================================
----------------- testing Fri Jul 13 02:03:59 UTC 2018 /home/travis/build/icyphy/ptII/ptolemy/domains/continuous/test/auto/HybridPlant.xml
----------------- Instantiating /home/travis/build/icyphy/ptII/ptolemy/domains/continuous/test/auto/HybridPlant.xml
480 ms. Memory: 589312K Free: 434925K (74%)
----------------- Invoking toplevel() on ptolemy.moml.MoMLSimpleApplication@7b82764c
----------------- Done invoking toplevel() on ptolemy.moml.MoMLSimpleApplication@7b82764c
reloadAllAccessors: .HybridPlant

===========================================================================================
----------------- testing Fri Jul 13 02:03:59 UTC 2018 /home/travis/build/icyphy/ptII/ptolemy/domains/continuous/test/auto/Hysteresis.xml
----------------- Instantiating /home/travis/build/icyphy/ptII/ptolemy/domains/continuous/test/auto/Hysteresis.xml
130 ms. Memory: 589312K Free: 368900K (63%)
----------------- Invoking toplevel() on ptolemy.moml.MoMLSimpleApplication@3e5ab0b6
----------------- Done invoking toplevel() on ptolemy.moml.MoMLSimpleApplication@3e5ab0b6
reloadAllAccessors: .Hysteresis

===========================================================================================
----------------- testing Fri Jul 13 02:04:00 UTC 2018 /home/travis/build/icyphy/ptII/ptolemy/domains/continuous/test/auto/HysteresisWithRandomDelay.xml
----------------- Instantiating /home/travis/build/icyphy/ptII/ptolemy/domains/continuous/test/auto/HysteresisWithRandomDelay.xml
157 ms. Memory: 589312K Free: 289080K (49%)
----------------- Invoking toplevel() on ptolemy.moml.MoMLSimpleApplication@59bcb54f
----------------- Done invoking toplevel() on ptolemy.moml.MoMLSimpleApplication@59bcb54f
reloadAllAccessors: .HysteresisWithRandomDelay

===========================================================================================
----------------- testing Fri Jul 13 02:04:00 UTC 2018 /home/travis/build/icyphy/ptII/ptolemy/domains/continuous/test/auto/HysteresisWithRandomLosses.xml
----------------- Instantiating /home/travis/build/icyphy/ptII/ptolemy/domains/continuous/test/auto/HysteresisWithRandomLosses.xml
2122 ms. Memory: 542720K Free: 464398K (86%)
----------------- Invoking toplevel() on ptolemy.moml.MoMLSimpleApplication@3fd0e4df
----------------- Done invoking toplevel() on ptolemy.moml.MoMLSimpleApplication@3fd0e4df
reloadAllAccessors: .HysteresisWithRandomLosses

===========================================================================================
----------------- testing Fri Jul 13 02:04:02 UTC 2018 /home/travis/build/icyphy/ptII/ptolemy/domains/continuous/test/auto/ImmediateTransitions.xml
----------------- Instantiating /home/travis/build/icyphy/ptII/ptolemy/domains/continuous/test/auto/ImmediateTransitions.xml
8 ms. Memory: 542720K Free: 446606K (82%)
----------------- Invoking toplevel() on ptolemy.moml.MoMLSimpleApplication@1bce4f4e
----------------- Done invoking toplevel() on ptolemy.moml.MoMLSimpleApplication@1bce4f4e
reloadAllAccessors: .ImmediateTransitions

===========================================================================================
----------------- testing Fri Jul 13 02:04:02 UTC 2018 /home/travis/build/icyphy/ptII/ptolemy/domains/continuous/test/auto/ImpulseFeedback.xml
----------------- Instantiating /home/travis/build/icyphy/ptII/ptolemy/domains/continuous/test/auto/ImpulseFeedback.xml
5 ms. Memory: 542720K Free: 436551K (80%)
----------------- Invoking toplevel() on ptolemy.moml.MoMLSimpleApplication@4c1d4990
----------------- Done invoking toplevel() on ptolemy.moml.MoMLSimpleApplication@4c1d4990
reloadAllAccessors: .ImpulseFeedback

===========================================================================================
----------------- testing Fri Jul 13 02:04:02 UTC 2018 /home/travis/build/icyphy/ptII/ptolemy/domains/continuous/test/auto/ImpulseFeedback2.xml
----------------- Instantiating /home/travis/build/icyphy/ptII/ptolemy/domains/continuous/test/auto/ImpulseFeedback2.xml
4 ms. Memory: 542720K Free: 426503K (79%)
----------------- Invoking toplevel() on ptolemy.moml.MoMLSimpleApplication@5c3be369
----------------- Done invoking toplevel() on ptolemy.moml.MoMLSimpleApplication@5c3be369
reloadAllAccessors: .ImpulseFeedback2

===========================================================================================
----------------- testing Fri Jul 13 02:04:02 UTC 2018 /home/travis/build/icyphy/ptII/ptolemy/domains/continuous/test/auto/IncreasingRatePoisson.xml
----------------- Instantiating /home/travis/build/icyphy/ptII/ptolemy/domains/continuous/test/auto/IncreasingRatePoisson.xml
640 ms. Memory: 542720K Free: 95663K (18%)
----------------- Invoking toplevel() on ptolemy.moml.MoMLSimpleApplication@b9be469
----------------- Done invoking toplevel() on ptolemy.moml.MoMLSimpleApplication@b9be469
reloadAllAccessors: .IncreasingRatePoisson

===========================================================================================
----------------- testing Fri Jul 13 02:04:03 UTC 2018 /home/travis/build/icyphy/ptII/ptolemy/domains/continuous/test/auto/InitialStateFeedback.xml
----------------- Instantiating /home/travis/build/icyphy/ptII/ptolemy/domains/continuous/test/auto/InitialStateFeedback.xml
3 ms. Memory: 542720K Free: 88707K (16%)
----------------- Invoking toplevel() on ptolemy.moml.MoMLSimpleApplication@429ced66
----------------- Done invoking toplevel() on ptolemy.moml.MoMLSimpleApplication@429ced66
reloadAllAccessors: .InitialStateFeedback

===========================================================================================
----------------- testing Fri Jul 13 02:04:03 UTC 2018 /home/travis/build/icyphy/ptII/ptolemy/domains/continuous/test/auto/Integration.xml
----------------- Instantiating /home/travis/build/icyphy/ptII/ptolemy/domains/continuous/test/auto/Integration.xml
1 ms. Memory: 542720K Free: 81549K (15%)
----------------- Invoking toplevel() on ptolemy.moml.MoMLSimpleApplication@27200786
----------------- Done invoking toplevel() on ptolemy.moml.MoMLSimpleApplication@27200786
reloadAllAccessors: .Integration

===========================================================================================
----------------- testing Fri Jul 13 02:04:03 UTC 2018 /home/travis/build/icyphy/ptII/ptolemy/domains/continuous/test/auto/Integration2.xml
----------------- Instantiating /home/travis/build/icyphy/ptII/ptolemy/domains/continuous/test/auto/Integration2.xml
92 ms. Memory: 542720K Free: 62290K (11%)
----------------- Invoking toplevel() on ptolemy.moml.MoMLSimpleApplication@12938610
----------------- Done invoking toplevel() on ptolemy.moml.MoMLSimpleApplication@12938610
reloadAllAccessors: .Integration2

===========================================================================================
----------------- testing Fri Jul 13 02:04:03 UTC 2018 /home/travis/build/icyphy/ptII/ptolemy/domains/continuous/test/auto/Integration3.xml
----------------- Instantiating /home/travis/build/icyphy/ptII/ptolemy/domains/continuous/test/auto/Integration3.xml
2 ms. Memory: 521216K Free: 494782K (95%)
----------------- Invoking toplevel() on ptolemy.moml.MoMLSimpleApplication@7908873d
----------------- Done invoking toplevel() on ptolemy.moml.MoMLSimpleApplication@7908873d
reloadAllAccessors: .Integration3

===========================================================================================
----------------- testing Fri Jul 13 02:04:03 UTC 2018 /home/travis/build/icyphy/ptII/ptolemy/domains/continuous/test/auto/Integration5.xml
----------------- Instantiating /home/travis/build/icyphy/ptII/ptolemy/domains/continuous/test/auto/Integration5.xml
2 ms. Memory: 521216K Free: 488063K (94%)
----------------- Invoking toplevel() on ptolemy.moml.MoMLSimpleApplication@48c16a9f
----------------- Done invoking toplevel() on ptolemy.moml.MoMLSimpleApplication@48c16a9f
reloadAllAccessors: .Integration5

===========================================================================================
----------------- testing Fri Jul 13 02:04:03 UTC 2018 /home/travis/build/icyphy/ptII/ptolemy/domains/continuous/test/auto/IntegratorImpulse.xml
----------------- Instantiating /home/travis/build/icyphy/ptII/ptolemy/domains/continuous/test/auto/IntegratorImpulse.xml
2 ms. Memory: 521216K Free: 481346K (92%)
----------------- Invoking toplevel() on ptolemy.moml.MoMLSimpleApplication@6a289edf
----------------- Done invoking toplevel() on ptolemy.moml.MoMLSimpleApplication@6a289edf
reloadAllAccessors: .IntegratorImpulse

===========================================================================================
----------------- testing Fri Jul 13 02:04:03 UTC 2018 /home/travis/build/icyphy/ptII/ptolemy/domains/continuous/test/auto/IntegratorImpulse2.xml
----------------- Instantiating /home/travis/build/icyphy/ptII/ptolemy/domains/continuous/test/auto/IntegratorImpulse2.xml
3 ms. Memory: 521216K Free: 471510K (90%)
----------------- Invoking toplevel() on ptolemy.moml.MoMLSimpleApplication@289d48a0
----------------- Done invoking toplevel() on ptolemy.moml.MoMLSimpleApplication@289d48a0
reloadAllAccessors: .IntegratorImpulse2

===========================================================================================
----------------- testing Fri Jul 13 02:04:03 UTC 2018 /home/travis/build/icyphy/ptII/ptolemy/domains/continuous/test/auto/LevelCrossing1.xml
----------------- Instantiating /home/travis/build/icyphy/ptII/ptolemy/domains/continuous/test/auto/LevelCrossing1.xml
2 ms. Memory: 521216K Free: 461860K (89%)
----------------- Invoking toplevel() on ptolemy.moml.MoMLSimpleApplication@2a377775
----------------- Done invoking toplevel() on ptolemy.moml.MoMLSimpleApplication@2a377775
reloadAllAccessors: .LevelCrossing1

===========================================================================================
----------------- testing Fri Jul 13 02:04:03 UTC 2018 /home/travis/build/icyphy/ptII/ptolemy/domains/continuous/test/auto/LevelCrossing2.xml
----------------- Instantiating /home/travis/build/icyphy/ptII/ptolemy/domains/continuous/test/auto/LevelCrossing2.xml
3 ms. Memory: 521216K Free: 452202K (87%)
----------------- Invoking toplevel() on ptolemy.moml.MoMLSimpleApplication@41ccec5
----------------- Done invoking toplevel() on ptolemy.moml.MoMLSimpleApplication@41ccec5
reloadAllAccessors: .LevelCrossing2

===========================================================================================
----------------- testing Fri Jul 13 02:04:03 UTC 2018 /home/travis/build/icyphy/ptII/ptolemy/domains/continuous/test/auto/LevelCrossing3.xml
----------------- Instantiating /home/travis/build/icyphy/ptII/ptolemy/domains/continuous/test/auto/LevelCrossing3.xml
2 ms. Memory: 521216K Free: 442560K (85%)
----------------- Invoking toplevel() on ptolemy.moml.MoMLSimpleApplication@3da93031
----------------- Done invoking toplevel() on ptolemy.moml.MoMLSimpleApplication@3da93031
reloadAllAccessors: .LevelCrossing3

===========================================================================================
----------------- testing Fri Jul 13 02:04:03 UTC 2018 /home/travis/build/icyphy/ptII/ptolemy/domains/continuous/test/auto/LevelCrossing4.xml
----------------- Instantiating /home/travis/build/icyphy/ptII/ptolemy/domains/continuous/test/auto/LevelCrossing4.xml
2 ms. Memory: 521216K Free: 432902K (83%)
----------------- Invoking toplevel() on ptolemy.moml.MoMLSimpleApplication@702a48a3
----------------- Done invoking toplevel() on ptolemy.moml.MoMLSimpleApplication@702a48a3
reloadAllAccessors: .LevelCrossing4

===========================================================================================
----------------- testing Fri Jul 13 02:04:03 UTC 2018 /home/travis/build/icyphy/ptII/ptolemy/domains/continuous/test/auto/LevelCrossing5.xml
----------------- Instantiating /home/travis/build/icyphy/ptII/ptolemy/domains/continuous/test/auto/LevelCrossing5.xml
2 ms. Memory: 521216K Free: 423244K (81%)
----------------- Invoking toplevel() on ptolemy.moml.MoMLSimpleApplication@255a3d9
----------------- Done invoking toplevel() on ptolemy.moml.MoMLSimpleApplication@255a3d9
reloadAllAccessors: .LevelCrossing5

===========================================================================================
----------------- testing Fri Jul 13 02:04:03 UTC 2018 /home/travis/build/icyphy/ptII/ptolemy/domains/continuous/test/auto/LevelCrossing6.xml
----------------- Instantiating /home/travis/build/icyphy/ptII/ptolemy/domains/continuous/test/auto/LevelCrossing6.xml
[...]
reloadAllAccessors: .ResetTransitionWithStartTime5

===========================================================================================
----------------- testing Fri Jul 13 02:04:19 UTC 2018 /home/travis/build/icyphy/ptII/ptolemy/domains/continuous/test/auto/ResetTransitionWithStartTime6.xml
----------------- Instantiating /home/travis/build/icyphy/ptII/ptolemy/domains/continuous/test/auto/ResetTransitionWithStartTime6.xml
9 ms. Memory: 333824K Free: 263320K (79%)
----------------- Invoking toplevel() on ptolemy.moml.MoMLSimpleApplication@35d022b
----------------- Done invoking toplevel() on ptolemy.moml.MoMLSimpleApplication@35d022b
reloadAllAccessors: .ResetTransitionWithStartTime6

===========================================================================================
----------------- testing Fri Jul 13 02:04:19 UTC 2018 /home/travis/build/icyphy/ptII/ptolemy/domains/continuous/test/auto/SRinContinuous.xml
----------------- Instantiating /home/travis/build/icyphy/ptII/ptolemy/domains/continuous/test/auto/SRinContinuous.xml
4 ms. Memory: 333824K Free: 253982K (76%)
----------------- Invoking toplevel() on ptolemy.moml.MoMLSimpleApplication@6453c16b
----------------- Done invoking toplevel() on ptolemy.moml.MoMLSimpleApplication@6453c16b
reloadAllAccessors: .SRinContinuous

===========================================================================================
----------------- testing Fri Jul 13 02:04:19 UTC 2018 /home/travis/build/icyphy/ptII/ptolemy/domains/continuous/test/auto/SampledClocks.xml
----------------- Instantiating /home/travis/build/icyphy/ptII/ptolemy/domains/continuous/test/auto/SampledClocks.xml
7 ms. Memory: 333824K Free: 242967K (73%)
----------------- Invoking toplevel() on ptolemy.moml.MoMLSimpleApplication@4f996319
----------------- Done invoking toplevel() on ptolemy.moml.MoMLSimpleApplication@4f996319
reloadAllAccessors: .SampledClocks

===========================================================================================
----------------- testing Fri Jul 13 02:04:19 UTC 2018 /home/travis/build/icyphy/ptII/ptolemy/domains/continuous/test/auto/Satellite.xml
----------------- Instantiating /home/travis/build/icyphy/ptII/ptolemy/domains/continuous/test/auto/Satellite.xml
804 ms. Memory: 333824K Free: 61909K (19%)
----------------- Invoking toplevel() on ptolemy.moml.MoMLSimpleApplication@6384894a
----------------- Done invoking toplevel() on ptolemy.moml.MoMLSimpleApplication@6384894a
reloadAllAccessors: .Satellite

===========================================================================================
----------------- testing Fri Jul 13 02:04:20 UTC 2018 /home/travis/build/icyphy/ptII/ptolemy/domains/continuous/test/auto/SigmaDelta.xml
----------------- Instantiating /home/travis/build/icyphy/ptII/ptolemy/domains/continuous/test/auto/SigmaDelta.xml
2262 ms. Memory: 316928K Free: 159563K (50%)
----------------- Invoking toplevel() on ptolemy.moml.MoMLSimpleApplication@a96a5b4
----------------- Done invoking toplevel() on ptolemy.moml.MoMLSimpleApplication@a96a5b4
reloadAllAccessors: .SigmaDelta

===========================================================================================
----------------- testing Fri Jul 13 02:04:22 UTC 2018 /home/travis/build/icyphy/ptII/ptolemy/domains/continuous/test/auto/SinuBouncingBall.xml
----------------- Instantiating /home/travis/build/icyphy/ptII/ptolemy/domains/continuous/test/auto/SinuBouncingBall.xml
698 ms. Memory: 372224K Free: 222939K (60%)
----------------- Invoking toplevel() on ptolemy.moml.MoMLSimpleApplication@3caa6082
----------------- Done invoking toplevel() on ptolemy.moml.MoMLSimpleApplication@3caa6082
reloadAllAccessors: .SinuBouncingBall

===========================================================================================
----------------- testing Fri Jul 13 02:04:23 UTC 2018 /home/travis/build/icyphy/ptII/ptolemy/domains/continuous/test/auto/Sinusoid.xml
----------------- Instantiating /home/travis/build/icyphy/ptII/ptolemy/domains/continuous/test/auto/Sinusoid.xml
4 ms. Memory: 372224K Free: 214784K (58%)
----------------- Invoking toplevel() on ptolemy.moml.MoMLSimpleApplication@3b6f05ba
----------------- Done invoking toplevel() on ptolemy.moml.MoMLSimpleApplication@3b6f05ba
reloadAllAccessors: .Sinusoid

===========================================================================================
----------------- testing Fri Jul 13 02:04:23 UTC 2018 /home/travis/build/icyphy/ptII/ptolemy/domains/continuous/test/auto/SinusoidInNoise.xml
----------------- Instantiating /home/travis/build/icyphy/ptII/ptolemy/domains/continuous/test/auto/SinusoidInNoise.xml
960 ms. Memory: 359424K Free: 291791K (81%)
----------------- Invoking toplevel() on ptolemy.moml.MoMLSimpleApplication@3635e954
----------------- Done invoking toplevel() on ptolemy.moml.MoMLSimpleApplication@3635e954
reloadAllAccessors: .SinusoidInNoise

===========================================================================================
----------------- testing Fri Jul 13 02:04:24 UTC 2018 /home/travis/build/icyphy/ptII/ptolemy/domains/continuous/test/auto/SinusoidRK45.xml
----------------- Instantiating /home/travis/build/icyphy/ptII/ptolemy/domains/continuous/test/auto/SinusoidRK45.xml
2 ms. Memory: 359424K Free: 284291K (79%)
----------------- Invoking toplevel() on ptolemy.moml.MoMLSimpleApplication@74e8faf7
----------------- Done invoking toplevel() on ptolemy.moml.MoMLSimpleApplication@74e8faf7
reloadAllAccessors: .SinusoidRK45

===========================================================================================
----------------- testing Fri Jul 13 02:04:24 UTC 2018 /home/travis/build/icyphy/ptII/ptolemy/domains/continuous/test/auto/SinusoidWithMultipleImpulses.xml
----------------- Instantiating /home/travis/build/icyphy/ptII/ptolemy/domains/continuous/test/auto/SinusoidWithMultipleImpulses.xml
3 ms. Memory: 359424K Free: 277815K (77%)
----------------- Invoking toplevel() on ptolemy.moml.MoMLSimpleApplication@4cf22f1b
----------------- Done invoking toplevel() on ptolemy.moml.MoMLSimpleApplication@4cf22f1b
reloadAllAccessors: .SinusoidWithMultipleImpulses

===========================================================================================
----------------- testing Fri Jul 13 02:04:24 UTC 2018 /home/travis/build/icyphy/ptII/ptolemy/domains/continuous/test/auto/SquareWave.xml
----------------- Instantiating /home/travis/build/icyphy/ptII/ptolemy/domains/continuous/test/auto/SquareWave.xml
146 ms. Memory: 359424K Free: 249213K (69%)
----------------- Invoking toplevel() on ptolemy.moml.MoMLSimpleApplication@525071ac
----------------- Done invoking toplevel() on ptolemy.moml.MoMLSimpleApplication@525071ac
reloadAllAccessors: .SquareWave

===========================================================================================
----------------- testing Fri Jul 13 02:04:24 UTC 2018 /home/travis/build/icyphy/ptII/ptolemy/domains/continuous/test/auto/Starmac.xml
----------------- Instantiating /home/travis/build/icyphy/ptII/ptolemy/domains/continuous/test/auto/Starmac.xml
3065 ms. Memory: 431616K Free: 225826K (52%)
----------------- Invoking toplevel() on ptolemy.moml.MoMLSimpleApplication@3233cf52
----------------- Done invoking toplevel() on ptolemy.moml.MoMLSimpleApplication@3233cf52
reloadAllAccessors: .Starmac

===========================================================================================
----------------- testing Fri Jul 13 02:04:28 UTC 2018 /home/travis/build/icyphy/ptII/ptolemy/domains/continuous/test/auto/StaticUnits.xml
----------------- Instantiating /home/travis/build/icyphy/ptII/ptolemy/domains/continuous/test/auto/StaticUnits.xml
2318 ms. Memory: 416256K Free: 83482K (20%)
----------------- Invoking toplevel() on ptolemy.moml.MoMLSimpleApplication@2eae7155
----------------- Done invoking toplevel() on ptolemy.moml.MoMLSimpleApplication@2eae7155
reloadAllAccessors: .StaticUnits

===========================================================================================
----------------- testing Fri Jul 13 02:04:31 UTC 2018 /home/travis/build/icyphy/ptII/ptolemy/domains/continuous/test/auto/StickyMasses.xml
----------------- Instantiating /home/travis/build/icyphy/ptII/ptolemy/domains/continuous/test/auto/StickyMasses.xml
119 ms. Memory: 416256K Free: 23189K (6%)
----------------- Invoking toplevel() on ptolemy.moml.MoMLSimpleApplication@53e242cc
----------------- Done invoking toplevel() on ptolemy.moml.MoMLSimpleApplication@53e242cc
reloadAllAccessors: .StickyMasses

===========================================================================================
----------------- testing Fri Jul 13 02:04:31 UTC 2018 /home/travis/build/icyphy/ptII/ptolemy/domains/continuous/test/auto/StopTime.xml
----------------- Instantiating /home/travis/build/icyphy/ptII/ptolemy/domains/continuous/test/auto/StopTime.xml
43 ms. Memory: 396800K Free: 305244K (77%)
----------------- Invoking toplevel() on ptolemy.moml.MoMLSimpleApplication@4abd96b6
----------------- Done invoking toplevel() on ptolemy.moml.MoMLSimpleApplication@4abd96b6
reloadAllAccessors: .StopTime

===========================================================================================
----------------- testing Fri Jul 13 02:04:31 UTC 2018 /home/travis/build/icyphy/ptII/ptolemy/domains/continuous/test/auto/StopTime2.xml
----------------- Instantiating /home/travis/build/icyphy/ptII/ptolemy/domains/continuous/test/auto/StopTime2.xml
39 ms. Memory: 396800K Free: 281098K (71%)
----------------- Invoking toplevel() on ptolemy.moml.MoMLSimpleApplication@3f30f627
----------------- Done invoking toplevel() on ptolemy.moml.MoMLSimpleApplication@3f30f627
reloadAllAccessors: .StopTime2

===========================================================================================
----------------- testing Fri Jul 13 02:04:31 UTC 2018 /home/travis/build/icyphy/ptII/ptolemy/domains/continuous/test/auto/Switch.xml
----------------- Instantiating /home/travis/build/icyphy/ptII/ptolemy/domains/continuous/test/auto/Switch.xml
37 ms. Memory: 396800K Free: 252707K (64%)
----------------- Invoking toplevel() on ptolemy.moml.MoMLSimpleApplication@18db6f13
----------------- Done invoking toplevel() on ptolemy.moml.MoMLSimpleApplication@18db6f13
reloadAllAccessors: .Switch

===========================================================================================
----------------- testing Fri Jul 13 02:04:31 UTC 2018 /home/travis/build/icyphy/ptII/ptolemy/domains/continuous/test/auto/Thermostat.xml
----------------- Instantiating /home/travis/build/icyphy/ptII/ptolemy/domains/continuous/test/auto/Thermostat.xml
175 ms. Memory: 396800K Free: 175786K (44%)
----------------- Invoking toplevel() on ptolemy.moml.MoMLSimpleApplication@17600ab0
----------------- Done invoking toplevel() on ptolemy.moml.MoMLSimpleApplication@17600ab0
reloadAllAccessors: .Thermostat

===========================================================================================
----------------- testing Fri Jul 13 02:04:31 UTC 2018 /home/travis/build/icyphy/ptII/ptolemy/domains/continuous/test/auto/TimeDelay.xml
----------------- Instantiating /home/travis/build/icyphy/ptII/ptolemy/domains/continuous/test/auto/TimeDelay.xml
6 ms. Memory: 396800K Free: 168525K (42%)
----------------- Invoking toplevel() on ptolemy.moml.MoMLSimpleApplication@53ea319a
----------------- Done invoking toplevel() on ptolemy.moml.MoMLSimpleApplication@53ea319a
reloadAllAccessors: .TimeDelay

===========================================================================================
----------------- testing Fri Jul 13 02:04:31 UTC 2018 /home/travis/build/icyphy/ptII/ptolemy/domains/continuous/test/auto/TimeDelay2.xml
----------------- Instantiating /home/travis/build/icyphy/ptII/ptolemy/domains/continuous/test/auto/TimeDelay2.xml
10 ms. Memory: 396800K Free: 161303K (41%)
----------------- Invoking toplevel() on ptolemy.moml.MoMLSimpleApplication@6202117e
----------------- Done invoking toplevel() on ptolemy.moml.MoMLSimpleApplication@6202117e
reloadAllAccessors: .TimeDelay2

===========================================================================================
----------------- testing Fri Jul 13 02:04:31 UTC 2018 /home/travis/build/icyphy/ptII/ptolemy/domains/continuous/test/auto/TimeDelay3.xml
----------------- Instantiating /home/travis/build/icyphy/ptII/ptolemy/domains/continuous/test/auto/TimeDelay3.xml
7 ms. Memory: 396800K Free: 154032K (39%)
----------------- Invoking toplevel() on ptolemy.moml.MoMLSimpleApplication@593133da
----------------- Done invoking toplevel() on ptolemy.moml.MoMLSimpleApplication@593133da
reloadAllAccessors: .TimeDelay3

===========================================================================================
----------------- testing Fri Jul 13 02:04:31 UTC 2018 /home/travis/build/icyphy/ptII/ptolemy/domains/continuous/test/auto/TransferAbsentToInside.xml
----------------- Instantiating /home/travis/build/icyphy/ptII/ptolemy/domains/continuous/test/auto/TransferAbsentToInside.xml
30 ms. Memory: 396800K Free: 94022K (24%)
----------------- Invoking toplevel() on ptolemy.moml.MoMLSimpleApplication@6d9c4a33
----------------- Done invoking toplevel() on ptolemy.moml.MoMLSimpleApplication@6d9c4a33
reloadAllAccessors: .TransferAbsentToInside

===========================================================================================
----------------- testing Fri Jul 13 02:04:31 UTC 2018 /home/travis/build/icyphy/ptII/ptolemy/domains/continuous/test/auto/Transmission.xml
----------------- Instantiating /home/travis/build/icyphy/ptII/ptolemy/domains/continuous/test/auto/Transmission.xml
685 ms. Memory: 382976K Free: 156642K (41%)
----------------- Invoking toplevel() on ptolemy.moml.MoMLSimpleApplication@1ad5cdbe
----------------- Done invoking toplevel() on ptolemy.moml.MoMLSimpleApplication@1ad5cdbe
reloadAllAccessors: .Transmission

===========================================================================================
----------------- testing Fri Jul 13 02:04:32 UTC 2018 /home/travis/build/icyphy/ptII/ptolemy/domains/continuous/test/auto/TriggeredContinuousClock.xml
----------------- Instantiating /home/travis/build/icyphy/ptII/ptolemy/domains/continuous/test/auto/TriggeredContinuousClock.xml
39 ms. Memory: 382976K Free: 120351K (31%)
----------------- Invoking toplevel() on ptolemy.moml.MoMLSimpleApplication@16e090b3
----------------- Done invoking toplevel() on ptolemy.moml.MoMLSimpleApplication@16e090b3
reloadAllAccessors: .TriggeredContinuousClock

===========================================================================================
----------------- testing Fri Jul 13 02:04:32 UTC 2018 /home/travis/build/icyphy/ptII/ptolemy/domains/continuous/test/auto/TwoMachineInfiniteBusControl.xml
----------------- Instantiating /home/travis/build/icyphy/ptII/ptolemy/domains/continuous/test/auto/TwoMachineInfiniteBusControl.xml
2719 ms. Memory: 356352K Free: 107566K (30%)
----------------- Invoking toplevel() on ptolemy.moml.MoMLSimpleApplication@4f018e84
----------------- Done invoking toplevel() on ptolemy.moml.MoMLSimpleApplication@4f018e84
reloadAllAccessors: .TwoMachineInfiniteBusControl

===========================================================================================
----------------- testing Fri Jul 13 02:04:35 UTC 2018 /home/travis/build/icyphy/ptII/ptolemy/domains/continuous/test/auto/V2V.xml
----------------- Instantiating /home/travis/build/icyphy/ptII/ptolemy/domains/continuous/test/auto/V2V.xml
633 ms. Memory: 350720K Free: 180942K (52%)
----------------- Invoking toplevel() on ptolemy.moml.MoMLSimpleApplication@755cf028
----------------- Done invoking toplevel() on ptolemy.moml.MoMLSimpleApplication@755cf028
reloadAllAccessors: .V2V

===========================================================================================
----------------- testing Fri Jul 13 02:04:36 UTC 2018 /home/travis/build/icyphy/ptII/ptolemy/domains/continuous/test/auto/hierarchicalModalModel.xml
----------------- Instantiating /home/travis/build/icyphy/ptII/ptolemy/domains/continuous/test/auto/hierarchicalModalModel.xml
8 ms. Memory: 350720K Free: 161608K (46%)
----------------- Invoking toplevel() on ptolemy.moml.MoMLSimpleApplication@50780c19
----------------- Done invoking toplevel() on ptolemy.moml.MoMLSimpleApplication@50780c19
reloadAllAccessors: .hierarchicalModalModel

===========================================================================================
----------------- testing Fri Jul 13 02:04:36 UTC 2018 /home/travis/build/icyphy/ptII/ptolemy/domains/continuous/test/auto/hierarchicalModalModel1.xml
----------------- Instantiating /home/travis/build/icyphy/ptII/ptolemy/domains/continuous/test/auto/hierarchicalModalModel1.xml
7 ms. Memory: 350720K Free: 144820K (41%)
----------------- Invoking toplevel() on ptolemy.moml.MoMLSimpleApplication@247c1c25
----------------- Done invoking toplevel() on ptolemy.moml.MoMLSimpleApplication@247c1c25
reloadAllAccessors: .hierarchicalModalModel1

===========================================================================================
----------------- testing Fri Jul 13 02:04:36 UTC 2018 /home/travis/build/icyphy/ptII/ptolemy/domains/continuous/test/auto/hierarchicalModalModel2.xml
----------------- Instantiating /home/travis/build/icyphy/ptII/ptolemy/domains/continuous/test/auto/hierarchicalModalModel2.xml
5 ms. Memory: 350720K Free: 129326K (37%)
----------------- Invoking toplevel() on ptolemy.moml.MoMLSimpleApplication@140aab5d
----------------- Done invoking toplevel() on ptolemy.moml.MoMLSimpleApplication@140aab5d
reloadAllAccessors: .hierarchicalModalModel2

===========================================================================================
----------------- testing Fri Jul 13 02:04:36 UTC 2018 /home/travis/build/icyphy/ptII/ptolemy/domains/continuous/test/auto/hierarchicalModalModel3.xml
----------------- Instantiating /home/travis/build/icyphy/ptII/ptolemy/domains/continuous/test/auto/hierarchicalModalModel3.xml
5 ms. Memory: 350720K Free: 116577K (33%)
----------------- Invoking toplevel() on ptolemy.moml.MoMLSimpleApplication@413069ad
----------------- Done invoking toplevel() on ptolemy.moml.MoMLSimpleApplication@413069ad
reloadAllAccessors: .hierarchicalModalModel3

===========================================================================================
----------------- testing Fri Jul 13 02:04:36 UTC 2018 /home/travis/build/icyphy/ptII/ptolemy/domains/continuous/test/auto/hierarchicalModalModel4.xml
----------------- Instantiating /home/travis/build/icyphy/ptII/ptolemy/domains/continuous/test/auto/hierarchicalModalModel4.xml
5 ms. Memory: 350720K Free: 101192K (29%)
----------------- Invoking toplevel() on ptolemy.moml.MoMLSimpleApplication@2a663dcb
----------------- Done invoking toplevel() on ptolemy.moml.MoMLSimpleApplication@2a663dcb
reloadAllAccessors: .hierarchicalModalModel4

===========================================================================================
----------------- testing Fri Jul 13 02:04:36 UTC 2018 /home/travis/build/icyphy/ptII/ptolemy/domains/continuous/test/auto/junk.xml
----------------- Instantiating /home/travis/build/icyphy/ptII/ptolemy/domains/continuous/test/auto/junk.xml
128 ms. Memory: 350720K Free: 70038K (20%)
----------------- Invoking toplevel() on ptolemy.moml.MoMLSimpleApplication@3319ec54
----------------- Done invoking toplevel() on ptolemy.moml.MoMLSimpleApplication@3319ec54
reloadAllAccessors: .junk
AutoTests.java: About to close Vertx.
AutoTests.java: Vertx closed.
]]></system-out>
  <system-err><![CDATA[Warning: '.HysteresisWithRandomDelay.NonStrictTest3' The test produced only 23 tokens, yet the correctValues parameter was expecting 30 tokens.
Warning: '.Poisson.NonStrictTest' The test produced only 416 tokens, yet the correctValues parameter was expecting 430 tokens.
]]></system-err>
</testsuite>
