<?xml version="1.0" encoding="UTF-8" ?>
<testsuite errors="0" failures="0" hostname="travis-job-1ab238d3-37d9-44dd-b013-5084e003e5cc" name="ptolemy.domains.sdf.test.junit.JUnitTclTest" skipped="0" tests="66" time="21.523" timestamp="2019-07-06T06:54:29">
  <properties>
[...]
</properties>
  <testcase classname="ptolemy.util.test.junit.TclTests" name="[0] /home/travis/build/icyphy/ptII/ptolemy/domains/sdf/test/SDFSchedulerErrors.tcl (RunTclFile)" time="0.979" />
  <testcase classname="ptolemy.util.test.junit.TclTests" name="[1] /home/travis/build/icyphy/ptII/ptolemy/domains/sdf/test/composition.tcl (RunTclFile)" time="0.206" />
  <testcase classname="ptolemy.util.test.junit.TclTests" name="[2] /home/travis/build/icyphy/ptII/ptolemy/domains/sdf/test/cycle.tcl (RunTclFile)" time="0.06" />
  <testcase classname="ptolemy.util.test.junit.AutoKnownFailedTests" name="[0] ThereAreNoKnowFailedTests (RunModel)" time="0.001" />
  <testcase classname="ptolemy.util.test.junit.AutoNameArchTests" name="[0] ThereAreNoAutoArchTests (RunModel)" time="0.001" />
  <testcase classname="ptolemy.util.test.junit.AutoTests" name="[0] /home/travis/build/icyphy/ptII/ptolemy/domains/sdf/test/auto/Array.xml (RunModel)" time="0.28" />
  <testcase classname="ptolemy.util.test.junit.AutoTests" name="[1] /home/travis/build/icyphy/ptII/ptolemy/domains/sdf/test/auto/Butterfly.xml (RunModel)" time="0.164" />
  <testcase classname="ptolemy.util.test.junit.AutoTests" name="[2] /home/travis/build/icyphy/ptII/ptolemy/domains/sdf/test/auto/Expression.xml (RunModel)" time="0.122" />
  <testcase classname="ptolemy.util.test.junit.AutoTests" name="[3] /home/travis/build/icyphy/ptII/ptolemy/domains/sdf/test/auto/Eye.xml (RunModel)" time="0.345" />
  <testcase classname="ptolemy.util.test.junit.AutoTests" name="[4] /home/travis/build/icyphy/ptII/ptolemy/domains/sdf/test/auto/FixFIR.xml (RunModel)" time="0.356" />
  <testcase classname="ptolemy.util.test.junit.AutoTests" name="[5] /home/travis/build/icyphy/ptII/ptolemy/domains/sdf/test/auto/FixPoint.xml (RunModel)" time="0.051" />
  <testcase classname="ptolemy.util.test.junit.AutoTests" name="[6] /home/travis/build/icyphy/ptII/ptolemy/domains/sdf/test/auto/Gravitation.xml (RunModel)" time="3.359" />
  <testcase classname="ptolemy.util.test.junit.AutoTests" name="[7] /home/travis/build/icyphy/ptII/ptolemy/domains/sdf/test/auto/GravitationWithCollisionDetection.xml (RunModel)" time="7.039" />
  <testcase classname="ptolemy.util.test.junit.AutoTests" name="[8] /home/travis/build/icyphy/ptII/ptolemy/domains/sdf/test/auto/HDF.xml (RunModel)" time="0.114" />
  <testcase classname="ptolemy.util.test.junit.AutoTests" name="[9] /home/travis/build/icyphy/ptII/ptolemy/domains/sdf/test/auto/HDFwithTransientStates.xml (RunModel)" time="0.072" />
  <testcase classname="ptolemy.util.test.junit.AutoTests" name="[10] /home/travis/build/icyphy/ptII/ptolemy/domains/sdf/test/auto/HTVQ.xml (RunModel)" time="0.991" />
  <testcase classname="ptolemy.util.test.junit.AutoTests" name="[11] /home/travis/build/icyphy/ptII/ptolemy/domains/sdf/test/auto/InferInitProduction.xml (RunModel)" time="0.041" />
  <testcase classname="ptolemy.util.test.junit.AutoTests" name="[12] /home/travis/build/icyphy/ptII/ptolemy/domains/sdf/test/auto/InferInitProductionDeeper.xml (RunModel)" time="0.024" />
  <testcase classname="ptolemy.util.test.junit.AutoTests" name="[13] /home/travis/build/icyphy/ptII/ptolemy/domains/sdf/test/auto/LMSAdaptive.xml (RunModel)" time="0.086" />
  <testcase classname="ptolemy.util.test.junit.AutoTests" name="[14] /home/travis/build/icyphy/ptII/ptolemy/domains/sdf/test/auto/LogisticMap.xml (RunModel)" time="0.476" />
  <testcase classname="ptolemy.util.test.junit.AutoTests" name="[15] /home/travis/build/icyphy/ptII/ptolemy/domains/sdf/test/auto/MaximumEntropySpectrum.xml (RunModel)" time="0.308" />
  <testcase classname="ptolemy.util.test.junit.AutoTests" name="[16] /home/travis/build/icyphy/ptII/ptolemy/domains/sdf/test/auto/MultirateSDF.xml (RunModel)" time="0.066" />
  <testcase classname="ptolemy.util.test.junit.AutoTests" name="[17] /home/travis/build/icyphy/ptII/ptolemy/domains/sdf/test/auto/MultirateSDFwithTransientStates.xml (RunModel)" time="0.075" />
  <testcase classname="ptolemy.util.test.junit.AutoTests" name="[18] /home/travis/build/icyphy/ptII/ptolemy/domains/sdf/test/auto/NoisySinewave.xml (RunModel)" time="0.066" />
  <testcase classname="ptolemy.util.test.junit.AutoTests" name="[19] /home/travis/build/icyphy/ptII/ptolemy/domains/sdf/test/auto/Objects.xml (RunModel)" time="0.054" />
  <testcase classname="ptolemy.util.test.junit.AutoTests" name="[20] /home/travis/build/icyphy/ptII/ptolemy/domains/sdf/test/auto/OrthogonalCom.xml (RunModel)" time="0.048" />
  <testcase classname="ptolemy.util.test.junit.AutoTests" name="[21] /home/travis/build/icyphy/ptII/ptolemy/domains/sdf/test/auto/RijndaelEncryption.xml (RunModel)" time="0.616" />
  <testcase classname="ptolemy.util.test.junit.AutoTests" name="[22] /home/travis/build/icyphy/ptII/ptolemy/domains/sdf/test/auto/SDFEmptyIterations.xml (RunModel)" time="0.025" />
  <testcase classname="ptolemy.util.test.junit.AutoTests" name="[23] /home/travis/build/icyphy/ptII/ptolemy/domains/sdf/test/auto/Spectrum.xml (RunModel)" time="0.083" />
  <testcase classname="ptolemy.util.test.junit.AutoTests" name="[24] /home/travis/build/icyphy/ptII/ptolemy/domains/sdf/test/auto/de_inside_sdf.xml (RunModel)" time="0.016" />
  <testcase classname="ptolemy.util.test.junit.AutoTests" name="[25] /home/travis/build/icyphy/ptII/ptolemy/domains/sdf/test/auto/disconnectedHierarchicalSDF.xml (RunModel)" time="0.022" />
  <testcase classname="ptolemy.util.test.junit.AutoTests" name="[26] /home/travis/build/icyphy/ptII/ptolemy/domains/sdf/test/auto/disconnectedSDF.xml (RunModel)" time="0.019" />
  <testcase classname="ptolemy.util.test.junit.AutoTests" name="[27] /home/travis/build/icyphy/ptII/ptolemy/domains/sdf/test/auto/emptyRefinement.xml (RunModel)" time="0.022" />
  <testcase classname="ptolemy.util.test.junit.AutoTests" name="[28] /home/travis/build/icyphy/ptII/ptolemy/domains/sdf/test/auto/filePortParameter.xml (RunModel)" time="0.039" />
  <testcase classname="ptolemy.util.test.junit.AutoTests" name="[29] /home/travis/build/icyphy/ptII/ptolemy/domains/sdf/test/auto/inferRelationWidth1.xml (RunModel)" time="0.021" />
  <testcase classname="ptolemy.util.test.junit.AutoTests" name="[30] /home/travis/build/icyphy/ptII/ptolemy/domains/sdf/test/auto/initProductionInference.xml (RunModel)" time="0.013" />
  <testcase classname="ptolemy.util.test.junit.AutoTests" name="[31] /home/travis/build/icyphy/ptII/ptolemy/domains/sdf/test/auto/relationGroup.xml (RunModel)" time="0.042" />
  <testcase classname="ptolemy.util.test.junit.AutoTests" name="[32] /home/travis/build/icyphy/ptII/ptolemy/domains/sdf/test/auto/relationGroup10.xml (RunModel)" time="0.021" />
  <testcase classname="ptolemy.util.test.junit.AutoTests" name="[33] /home/travis/build/icyphy/ptII/ptolemy/domains/sdf/test/auto/relationGroup11.xml (RunModel)" time="0.012" />
  <testcase classname="ptolemy.util.test.junit.AutoTests" name="[34] /home/travis/build/icyphy/ptII/ptolemy/domains/sdf/test/auto/relationGroup12.xml (RunModel)" time="0.015" />
  <testcase classname="ptolemy.util.test.junit.AutoTests" name="[35] /home/travis/build/icyphy/ptII/ptolemy/domains/sdf/test/auto/relationGroup13.xml (RunModel)" time="0.015" />
  <testcase classname="ptolemy.util.test.junit.AutoTests" name="[36] /home/travis/build/icyphy/ptII/ptolemy/domains/sdf/test/auto/relationGroup14.xml (RunModel)" time="0.011" />
  <testcase classname="ptolemy.util.test.junit.AutoTests" name="[37] /home/travis/build/icyphy/ptII/ptolemy/domains/sdf/test/auto/relationGroup15.xml (RunModel)" time="0.012" />
  <testcase classname="ptolemy.util.test.junit.AutoTests" name="[38] /home/travis/build/icyphy/ptII/ptolemy/domains/sdf/test/auto/relationGroup2.xml (RunModel)" time="0.009" />
  <testcase classname="ptolemy.util.test.junit.AutoTests" name="[39] /home/travis/build/icyphy/ptII/ptolemy/domains/sdf/test/auto/relationGroup3.xml (RunModel)" time="0.009" />
  <testcase classname="ptolemy.util.test.junit.AutoTests" name="[40] /home/travis/build/icyphy/ptII/ptolemy/domains/sdf/test/auto/relationGroup4.xml (RunModel)" time="0.017" />
  <testcase classname="ptolemy.util.test.junit.AutoTests" name="[41] /home/travis/build/icyphy/ptII/ptolemy/domains/sdf/test/auto/relationGroup5.xml (RunModel)" time="0.014" />
  <testcase classname="ptolemy.util.test.junit.AutoTests" name="[42] /home/travis/build/icyphy/ptII/ptolemy/domains/sdf/test/auto/relationGroup6.xml (RunModel)" time="0.016" />
  <testcase classname="ptolemy.util.test.junit.AutoTests" name="[43] /home/travis/build/icyphy/ptII/ptolemy/domains/sdf/test/auto/relationGroup7.xml (RunModel)" time="0.008" />
  <testcase classname="ptolemy.util.test.junit.AutoTests" name="[44] /home/travis/build/icyphy/ptII/ptolemy/domains/sdf/test/auto/relationGroup8.xml (RunModel)" time="0.008" />
  <testcase classname="ptolemy.util.test.junit.AutoTests" name="[45] /home/travis/build/icyphy/ptII/ptolemy/domains/sdf/test/auto/relationGroup9.xml (RunModel)" time="0.012" />
  <testcase classname="ptolemy.util.test.junit.AutoTests" name="[46] /home/travis/build/icyphy/ptII/ptolemy/domains/sdf/test/auto/sdf_inside_de.xml (RunModel)" time="0.035" />
  <testcase classname="ptolemy.util.test.junit.AutoTests" name="[47] /home/travis/build/icyphy/ptII/ptolemy/domains/sdf/test/auto/sdf_inside_pn.xml (RunModel)" time="0.063" />
  <testcase classname="ptolemy.util.test.junit.AutoTests" name="[48] /home/travis/build/icyphy/ptII/ptolemy/domains/sdf/test/auto/sdf_sdf1.xml (RunModel)" time="0.034" />
  <testcase classname="ptolemy.util.test.junit.AutoTests" name="[49] /home/travis/build/icyphy/ptII/ptolemy/domains/sdf/test/auto/test1.xml (RunModel)" time="0.016" />
  <testcase classname="ptolemy.util.test.junit.AutoTests" name="[50] /home/travis/build/icyphy/ptII/ptolemy/domains/sdf/test/auto/time1.xml (RunModel)" time="0.011" />
  <testcase classname="ptolemy.util.test.junit.AutoTests" name="[51] /home/travis/build/icyphy/ptII/ptolemy/domains/sdf/test/auto/time2.xml (RunModel)" time="0.01" />
  <testcase classname="ptolemy.util.test.junit.AutoTests" name="[52] /home/travis/build/icyphy/ptII/ptolemy/domains/sdf/test/auto/time3.xml (RunModel)" time="0.028" />
  <testcase classname="ptolemy.util.test.junit.AutoTests" name="[53] /home/travis/build/icyphy/ptII/ptolemy/domains/sdf/test/auto/time4.xml (RunModel)" time="0.016" />
  <testcase classname="ptolemy.util.test.junit.AutoTests" name="[54] /home/travis/build/icyphy/ptII/ptolemy/domains/sdf/test/auto/time5.xml (RunModel)" time="4.009" />
  <testcase classname="ptolemy.util.test.junit.AutoTests" name="[55] /home/travis/build/icyphy/ptII/ptolemy/domains/sdf/test/auto/typeSystem_Const_Integer_smallest_Type.xml (RunModel)" time="0.026" />
  <testcase classname="ptolemy.util.test.junit.AutoTests" name="[56] /home/travis/build/icyphy/ptII/ptolemy/domains/sdf/test/auto/typeSystem_declared_Inports_OutportTypeException.xml (RunModel)" time="0.02" />
  <testcase classname="ptolemy.util.test.junit.AutoTests" name="[57] /home/travis/build/icyphy/ptII/ptolemy/domains/sdf/test/auto/typeSystem_oneDeclaredInportType_wrongTypeOutport.xml (RunModel)" time="0.015" />
  <testcase classname="ptolemy.util.test.junit.AutoTests" name="[58] /home/travis/build/icyphy/ptII/ptolemy/domains/sdf/test/auto/width.xml (RunModel)" time="0.012" />
  <testcase classname="ptolemy.util.test.junit.AutoTests" name="[59] /home/travis/build/icyphy/ptII/ptolemy/domains/sdf/test/auto/width2.xml (RunModel)" time="0.037" />
  <testcase classname="ptolemy.util.test.junit.AutoTests" name="[60] /home/travis/build/icyphy/ptII/ptolemy/domains/sdf/test/auto/width3.xml (RunModel)" time="0.039" />
  <system-out><![CDATA[/home/travis/build/icyphy/ptII/ptolemy/domains/sdf/test/SDFSchedulerErrors.tcl
testDefs.tcl: setting time out to 9000 seconds at Sat Jul 06 06:54:30 UTC 2019
100 ms. Memory: 120832K Free: 96450K (80%)
11 ms. Memory: 120832K Free: 101708K (84%)
9 ms. Memory: 120832K Free: 95564K (79%)
8 ms. Memory: 120832K Free: 92514K (77%)
/home/travis/build/icyphy/ptII/ptolemy/domains/sdf/test/composition.tcl
40 ms. Memory: 120832K Free: 89102K (74%)
19 ms. Memory: 120832K Free: 87054K (72%)
/home/travis/build/icyphy/ptII/ptolemy/domains/sdf/test/cycle.tcl
.Toplevel.Director Preinitializing ...
Invoking preinitialize():  .Toplevel.Actor1
Invoking preinitialize():  .Toplevel.Actor2
Invoking preinitialize():  .Toplevel.Delay
.Toplevel.Director Finished preinitialize().
### Schedule:
Execute Schedule{
Fire Actor ptolemy.domains.sdf.kernel.test.SDFTestDelay {.Toplevel.Actor1}
Fire Actor ptolemy.domains.sdf.kernel.test.SDFTestDelay {.Toplevel.Actor2}
Fire Actor ptolemy.domains.sdf.lib.SampleDelay {.Toplevel.Delay}
}
### End schedule
Called initialize().
Invoking initialize():  .Toplevel.Actor1
Initializing actor: .Toplevel.Actor1.
Invoking initialize():  .Toplevel.Actor2
Initializing actor: .Toplevel.Actor2.
Invoking initialize():  .Toplevel.Delay
Initializing actor: .Toplevel.Delay.
Director: Called prefire().
-- Setting current time to 0.0
Director prefire returns true.
The actor .Toplevel.Actor1 will be iterated.
The actor .Toplevel.Actor1 was iterated.
The actor .Toplevel.Actor2 will be iterated.
The actor .Toplevel.Actor2 was iterated.
The actor .Toplevel.Delay will be iterated.
The actor .Toplevel.Delay was iterated.
Director: Called postfire().
Postfire returns: true
Director: Called prefire().
-- Setting current time to 0.0
Director prefire returns true.
The actor .Toplevel.Actor1 will be iterated.
The actor .Toplevel.Actor1 was iterated.
The actor .Toplevel.Actor2 will be iterated.
The actor .Toplevel.Actor2 was iterated.
The actor .Toplevel.Delay will be iterated.
The actor .Toplevel.Delay was iterated.
Director: Called postfire().
Postfire returns: true
Director: Called prefire().
-- Setting current time to 0.0
Director prefire returns true.
The actor .Toplevel.Actor1 will be iterated.
The actor .Toplevel.Actor1 was iterated.
The actor .Toplevel.Actor2 will be iterated.
The actor .Toplevel.Actor2 was iterated.
The actor .Toplevel.Delay will be iterated.
The actor .Toplevel.Delay was iterated.
Director: Called postfire().
Postfire returns: true
Director: Called prefire().
-- Setting current time to 0.0
Director prefire returns true.
The actor .Toplevel.Actor1 will be iterated.
The actor .Toplevel.Actor1 was iterated.
The actor .Toplevel.Actor2 will be iterated.
The actor .Toplevel.Actor2 was iterated.
The actor .Toplevel.Delay will be iterated.
The actor .Toplevel.Delay was iterated.
Director: Called postfire().
Postfire returns: true
Director: Called prefire().
-- Setting current time to 0.0
Director prefire returns true.
The actor .Toplevel.Actor1 will be iterated.
The actor .Toplevel.Actor1 was iterated.
The actor .Toplevel.Actor2 will be iterated.
The actor .Toplevel.Actor2 was iterated.
The actor .Toplevel.Delay will be iterated.
The actor .Toplevel.Delay was iterated.
Director: Called postfire().
Postfire returns: true
Director: Called prefire().
-- Setting current time to 0.0
Director prefire returns true.
The actor .Toplevel.Actor1 will be iterated.
The actor .Toplevel.Actor1 was iterated.
The actor .Toplevel.Actor2 will be iterated.
The actor .Toplevel.Actor2 was iterated.
The actor .Toplevel.Delay will be iterated.
The actor .Toplevel.Delay was iterated.
Reached specified number of iterations: 6
Director: Called wrapup().
30 ms. Memory: 120832K Free: 84492K (70%)
07/06/19 06:54:31
Failed: 0  Total Tests: 8  ((Passed: 8, Newly Passed: 0)  Known Failed: 0) /home/travis/build/icyphy/ptII/ptolemy/domains/sdf/test
No auto/knownFailedTests/*.xml tests in /home/travis/build/icyphy/ptII/ptolemy/domains/sdf/test
No auto/linux-amd64/*.xml tests in /home/travis/build/icyphy/ptII/ptolemy/domains/sdf/test
AutoTests.java: About to close Vertx.
AutoTests.java: Vertx closed.

===========================================================================================
----------------- testing Sat Jul 06 06:54:31 UTC 2019 /home/travis/build/icyphy/ptII/ptolemy/domains/sdf/test/auto/Array.xml
----------------- Instantiating /home/travis/build/icyphy/ptII/ptolemy/domains/sdf/test/auto/Array.xml
72 ms. Memory: 171008K Free: 141204K (83%)
----------------- Invoking toplevel() on ptolemy.moml.MoMLSimpleApplication@77addbdc
----------------- Done invoking toplevel() on ptolemy.moml.MoMLSimpleApplication@77addbdc
reloadAllAccessors: .Array

===========================================================================================
----------------- testing Sat Jul 06 06:54:31 UTC 2019 /home/travis/build/icyphy/ptII/ptolemy/domains/sdf/test/auto/Butterfly.xml
----------------- Instantiating /home/travis/build/icyphy/ptII/ptolemy/domains/sdf/test/auto/Butterfly.xml
81 ms. Memory: 171008K Free: 135092K (79%)
----------------- Invoking toplevel() on ptolemy.moml.MoMLSimpleApplication@269045a6
----------------- Done invoking toplevel() on ptolemy.moml.MoMLSimpleApplication@269045a6
reloadAllAccessors: .Butterfly

===========================================================================================
----------------- testing Sat Jul 06 06:54:32 UTC 2019 /home/travis/build/icyphy/ptII/ptolemy/domains/sdf/test/auto/Expression.xml
----------------- Instantiating /home/travis/build/icyphy/ptII/ptolemy/domains/sdf/test/auto/Expression.xml
98 ms. Memory: 171008K Free: 130412K (76%)
----------------- Invoking toplevel() on ptolemy.moml.MoMLSimpleApplication@16abf597
----------------- Done invoking toplevel() on ptolemy.moml.MoMLSimpleApplication@16abf597
reloadAllAccessors: .Expression

===========================================================================================
----------------- testing Sat Jul 06 06:54:32 UTC 2019 /home/travis/build/icyphy/ptII/ptolemy/domains/sdf/test/auto/Eye.xml
----------------- Instantiating /home/travis/build/icyphy/ptII/ptolemy/domains/sdf/test/auto/Eye.xml
198 ms. Memory: 171008K Free: 147497K (86%)
----------------- Invoking toplevel() on ptolemy.moml.MoMLSimpleApplication@2db308e0
----------------- Done invoking toplevel() on ptolemy.moml.MoMLSimpleApplication@2db308e0
reloadAllAccessors: .Eye

===========================================================================================
----------------- testing Sat Jul 06 06:54:32 UTC 2019 /home/travis/build/icyphy/ptII/ptolemy/domains/sdf/test/auto/FixFIR.xml
----------------- Instantiating /home/travis/build/icyphy/ptII/ptolemy/domains/sdf/test/auto/FixFIR.xml
161 ms. Memory: 171008K Free: 114219K (67%)
----------------- Invoking toplevel() on ptolemy.moml.MoMLSimpleApplication@55d7a6de
----------------- Done invoking toplevel() on ptolemy.moml.MoMLSimpleApplication@55d7a6de
reloadAllAccessors: .FixFIR

===========================================================================================
----------------- testing Sat Jul 06 06:54:32 UTC 2019 /home/travis/build/icyphy/ptII/ptolemy/domains/sdf/test/auto/FixPoint.xml
----------------- Instantiating /home/travis/build/icyphy/ptII/ptolemy/domains/sdf/test/auto/FixPoint.xml
11 ms. Memory: 171008K Free: 110633K (65%)
----------------- Invoking toplevel() on ptolemy.moml.MoMLSimpleApplication@381f851e
----------------- Done invoking toplevel() on ptolemy.moml.MoMLSimpleApplication@381f851e
reloadAllAccessors: .FixPoint

===========================================================================================
----------------- testing Sat Jul 06 06:54:32 UTC 2019 /home/travis/build/icyphy/ptII/ptolemy/domains/sdf/test/auto/Gravitation.xml
----------------- Instantiating /home/travis/build/icyphy/ptII/ptolemy/domains/sdf/test/auto/Gravitation.xml
3257 ms. Memory: 171008K Free: 122890K (72%)
----------------- Invoking toplevel() on ptolemy.moml.MoMLSimpleApplication@53a27be2
----------------- Done invoking toplevel() on ptolemy.moml.MoMLSimpleApplication@53a27be2
reloadAllAccessors: .Gravitation

===========================================================================================
----------------- testing Sat Jul 06 06:54:36 UTC 2019 /home/travis/build/icyphy/ptII/ptolemy/domains/sdf/test/auto/GravitationWithCollisionDetection.xml
----------------- Instantiating /home/travis/build/icyphy/ptII/ptolemy/domains/sdf/test/auto/GravitationWithCollisionDetection.xml
6812 ms. Memory: 322560K Free: 257920K (80%)
----------------- Invoking toplevel() on ptolemy.moml.MoMLSimpleApplication@2f468b9e
----------------- Done invoking toplevel() on ptolemy.moml.MoMLSimpleApplication@2f468b9e
reloadAllAccessors: .GravitationWithCollisionDetection

===========================================================================================
----------------- testing Sat Jul 06 06:54:43 UTC 2019 /home/travis/build/icyphy/ptII/ptolemy/domains/sdf/test/auto/HDF.xml
----------------- Instantiating /home/travis/build/icyphy/ptII/ptolemy/domains/sdf/test/auto/HDF.xml
40 ms. Memory: 322560K Free: 242065K (75%)
----------------- Invoking toplevel() on ptolemy.moml.MoMLSimpleApplication@3e4e8bd3
----------------- Done invoking toplevel() on ptolemy.moml.MoMLSimpleApplication@3e4e8bd3
reloadAllAccessors: .HDF

===========================================================================================
----------------- testing Sat Jul 06 06:54:43 UTC 2019 /home/travis/build/icyphy/ptII/ptolemy/domains/sdf/test/auto/HDFwithTransientStates.xml
----------------- Instantiating /home/travis/build/icyphy/ptII/ptolemy/domains/sdf/test/auto/HDFwithTransientStates.xml
23 ms. Memory: 322560K Free: 223633K (69%)
----------------- Invoking toplevel() on ptolemy.moml.MoMLSimpleApplication@13b1854
----------------- Done invoking toplevel() on ptolemy.moml.MoMLSimpleApplication@13b1854
reloadAllAccessors: .HDFwithTransientStates

===========================================================================================
----------------- testing Sat Jul 06 06:54:43 UTC 2019 /home/travis/build/icyphy/ptII/ptolemy/domains/sdf/test/auto/HTVQ.xml
----------------- Instantiating /home/travis/build/icyphy/ptII/ptolemy/domains/sdf/test/auto/HTVQ.xml
939 ms. Memory: 436224K Free: 361577K (83%)
----------------- Invoking toplevel() on ptolemy.moml.MoMLSimpleApplication@5f707b0f
----------------- Done invoking toplevel() on ptolemy.moml.MoMLSimpleApplication@5f707b0f
reloadAllAccessors: .HTVQ

===========================================================================================
----------------- testing Sat Jul 06 06:54:44 UTC 2019 /home/travis/build/icyphy/ptII/ptolemy/domains/sdf/test/auto/InferInitProduction.xml
----------------- Instantiating /home/travis/build/icyphy/ptII/ptolemy/domains/sdf/test/auto/InferInitProduction.xml
5 ms. Memory: 436224K Free: 355533K (82%)
----------------- Invoking toplevel() on ptolemy.moml.MoMLSimpleApplication@f9d323a
----------------- Done invoking toplevel() on ptolemy.moml.MoMLSimpleApplication@f9d323a
reloadAllAccessors: .InferInitProduction

===========================================================================================
----------------- testing Sat Jul 06 06:54:44 UTC 2019 /home/travis/build/icyphy/ptII/ptolemy/domains/sdf/test/auto/InferInitProductionDeeper.xml
----------------- Instantiating /home/travis/build/icyphy/ptII/ptolemy/domains/sdf/test/auto/InferInitProductionDeeper.xml
6 ms. Memory: 436224K Free: 349884K (80%)
----------------- Invoking toplevel() on ptolemy.moml.MoMLSimpleApplication@724f369
----------------- Done invoking toplevel() on ptolemy.moml.MoMLSimpleApplication@724f369
reloadAllAccessors: .InferInitProductionDeeper

===========================================================================================
----------------- testing Sat Jul 06 06:54:44 UTC 2019 /home/travis/build/icyphy/ptII/ptolemy/domains/sdf/test/auto/LMSAdaptive.xml
----------------- Instantiating /home/travis/build/icyphy/ptII/ptolemy/domains/sdf/test/auto/LMSAdaptive.xml
12 ms. Memory: 436224K Free: 340173K (78%)
----------------- Invoking toplevel() on ptolemy.moml.MoMLSimpleApplication@4db174d1
----------------- Done invoking toplevel() on ptolemy.moml.MoMLSimpleApplication@4db174d1
reloadAllAccessors: .LMSAdaptive

===========================================================================================
----------------- testing Sat Jul 06 06:54:44 UTC 2019 /home/travis/build/icyphy/ptII/ptolemy/domains/sdf/test/auto/LogisticMap.xml
----------------- Instantiating /home/travis/build/icyphy/ptII/ptolemy/domains/sdf/test/auto/LogisticMap.xml
441 ms. Memory: 436224K Free: 334539K (77%)
----------------- Invoking toplevel() on ptolemy.moml.MoMLSimpleApplication@5410ac98
----------------- Done invoking toplevel() on ptolemy.moml.MoMLSimpleApplication@5410ac98
reloadAllAccessors: .LogisticMap

===========================================================================================
----------------- testing Sat Jul 06 06:54:45 UTC 2019 /home/travis/build/icyphy/ptII/ptolemy/domains/sdf/test/auto/MaximumEntropySpectrum.xml
----------------- Instantiating /home/travis/build/icyphy/ptII/ptolemy/domains/sdf/test/auto/MaximumEntropySpectrum.xml
84 ms. Memory: 436224K Free: 273613K (63%)
----------------- Invoking toplevel() on ptolemy.moml.MoMLSimpleApplication@41cec577
----------------- Done invoking toplevel() on ptolemy.moml.MoMLSimpleApplication@41cec577
reloadAllAccessors: .MaximumEntropySpectrum

===========================================================================================
----------------- testing Sat Jul 06 06:54:45 UTC 2019 /home/travis/build/icyphy/ptII/ptolemy/domains/sdf/test/auto/MultirateSDF.xml
----------------- Instantiating /home/travis/build/icyphy/ptII/ptolemy/domains/sdf/test/auto/MultirateSDF.xml
21 ms. Memory: 436224K Free: 258748K (59%)
----------------- Invoking toplevel() on ptolemy.moml.MoMLSimpleApplication@ec2717
----------------- Done invoking toplevel() on ptolemy.moml.MoMLSimpleApplication@ec2717
reloadAllAccessors: .MultirateSDF

===========================================================================================
----------------- testing Sat Jul 06 06:54:45 UTC 2019 /home/travis/build/icyphy/ptII/ptolemy/domains/sdf/test/auto/MultirateSDFwithTransientStates.xml
----------------- Instantiating /home/travis/build/icyphy/ptII/ptolemy/domains/sdf/test/auto/MultirateSDFwithTransientStates.xml
19 ms. Memory: 436224K Free: 239821K (55%)
----------------- Invoking toplevel() on ptolemy.moml.MoMLSimpleApplication@3daf339d
----------------- Done invoking toplevel() on ptolemy.moml.MoMLSimpleApplication@3daf339d
reloadAllAccessors: .MultirateSDFwithTransientStates

===========================================================================================
----------------- testing Sat Jul 06 06:54:45 UTC 2019 /home/travis/build/icyphy/ptII/ptolemy/domains/sdf/test/auto/NoisySinewave.xml
----------------- Instantiating /home/travis/build/icyphy/ptII/ptolemy/domains/sdf/test/auto/NoisySinewave.xml
13 ms. Memory: 436224K Free: 223437K (51%)
----------------- Invoking toplevel() on ptolemy.moml.MoMLSimpleApplication@73b432f5
----------------- Done invoking toplevel() on ptolemy.moml.MoMLSimpleApplication@73b432f5
reloadAllAccessors: .NoisySinewave

===========================================================================================
----------------- testing Sat Jul 06 06:54:45 UTC 2019 /home/travis/build/icyphy/ptII/ptolemy/domains/sdf/test/auto/Objects.xml
----------------- Instantiating /home/travis/build/icyphy/ptII/ptolemy/domains/sdf/test/auto/Objects.xml
8 ms. Memory: 436224K Free: 215245K (49%)
----------------- Invoking toplevel() on ptolemy.moml.MoMLSimpleApplication@db5f9b0
----------------- Done invoking toplevel() on ptolemy.moml.MoMLSimpleApplication@db5f9b0
reloadAllAccessors: .Objects

===========================================================================================
----------------- testing Sat Jul 06 06:54:45 UTC 2019 /home/travis/build/icyphy/ptII/ptolemy/domains/sdf/test/auto/OrthogonalCom.xml
----------------- Instantiating /home/travis/build/icyphy/ptII/ptolemy/domains/sdf/test/auto/OrthogonalCom.xml
7 ms. Memory: 436224K Free: 207563K (48%)
----------------- Invoking toplevel() on ptolemy.moml.MoMLSimpleApplication@506b6a78
----------------- Done invoking toplevel() on ptolemy.moml.MoMLSimpleApplication@506b6a78
reloadAllAccessors: .OrthogonalCom

===========================================================================================
----------------- testing Sat Jul 06 06:54:45 UTC 2019 /home/travis/build/icyphy/ptII/ptolemy/domains/sdf/test/auto/RijndaelEncryption.xml
----------------- Instantiating /home/travis/build/icyphy/ptII/ptolemy/domains/sdf/test/auto/RijndaelEncryption.xml
321 ms. Memory: 436224K Free: 320786K (74%)
----------------- Invoking toplevel() on ptolemy.moml.MoMLSimpleApplication@70e6fa48
----------------- Done invoking toplevel() on ptolemy.moml.MoMLSimpleApplication@70e6fa48
reloadAllAccessors: .RijndaelEncryption

===========================================================================================
----------------- testing Sat Jul 06 06:54:46 UTC 2019 /home/travis/build/icyphy/ptII/ptolemy/domains/sdf/test/auto/SDFEmptyIterations.xml
----------------- Instantiating /home/travis/build/icyphy/ptII/ptolemy/domains/sdf/test/auto/SDFEmptyIterations.xml
8 ms. Memory: 436224K Free: 316162K (72%)
----------------- Invoking toplevel() on ptolemy.moml.MoMLSimpleApplication@3223880b
----------------- Done invoking toplevel() on ptolemy.moml.MoMLSimpleApplication@3223880b
reloadAllAccessors: .SDFEmptyIterations

===========================================================================================
----------------- testing Sat Jul 06 06:54:46 UTC 2019 /home/travis/build/icyphy/ptII/ptolemy/domains/sdf/test/auto/Spectrum.xml
----------------- Instantiating /home/travis/build/icyphy/ptII/ptolemy/domains/sdf/test/auto/Spectrum.xml
22 ms. Memory: 436224K Free: 291600K (67%)
----------------- Invoking toplevel() on ptolemy.moml.MoMLSimpleApplication@3b4e8c63
----------------- Done invoking toplevel() on ptolemy.moml.MoMLSimpleApplication@3b4e8c63
reloadAllAccessors: .Spectrum

===========================================================================================
----------------- testing Sat Jul 06 06:54:46 UTC 2019 /home/travis/build/icyphy/ptII/ptolemy/domains/sdf/test/auto/de_inside_sdf.xml
----------------- Instantiating /home/travis/build/icyphy/ptII/ptolemy/domains/sdf/test/auto/de_inside_sdf.xml
5 ms. Memory: 436224K Free: 285970K (66%)
----------------- Invoking toplevel() on ptolemy.moml.MoMLSimpleApplication@480a02f
----------------- Done invoking toplevel() on ptolemy.moml.MoMLSimpleApplication@480a02f
reloadAllAccessors: .de_inside_sdf

===========================================================================================
----------------- testing Sat Jul 06 06:54:46 UTC 2019 /home/travis/build/icyphy/ptII/ptolemy/domains/sdf/test/auto/disconnectedHierarchicalSDF.xml
----------------- Instantiating /home/travis/build/icyphy/ptII/ptolemy/domains/sdf/test/auto/disconnectedHierarchicalSDF.xml
4 ms. Memory: 436224K Free: 279826K (64%)
----------------- Invoking toplevel() on ptolemy.moml.MoMLSimpleApplication@5e0a289e
----------------- Done invoking toplevel() on ptolemy.moml.MoMLSimpleApplication@5e0a289e
reloadAllAccessors: .disconnectedHierarchicalSDF

===========================================================================================
----------------- testing Sat Jul 06 06:54:46 UTC 2019 /home/travis/build/icyphy/ptII/ptolemy/domains/sdf/test/auto/disconnectedSDF.xml
----------------- Instantiating /home/travis/build/icyphy/ptII/ptolemy/domains/sdf/test/auto/disconnectedSDF.xml
3 ms. Memory: 436224K Free: 275730K (63%)
----------------- Invoking toplevel() on ptolemy.moml.MoMLSimpleApplication@58d3cdc3
----------------- Done invoking toplevel() on ptolemy.moml.MoMLSimpleApplication@58d3cdc3
reloadAllAccessors: .disconnectedSDF

===========================================================================================
----------------- testing Sat Jul 06 06:54:46 UTC 2019 /home/travis/build/icyphy/ptII/ptolemy/domains/sdf/test/auto/emptyRefinement.xml
----------------- Instantiating /home/travis/build/icyphy/ptII/ptolemy/domains/sdf/test/auto/emptyRefinement.xml
6 ms. Memory: 436224K Free: 272114K (62%)
----------------- Invoking toplevel() on ptolemy.moml.MoMLSimpleApplication@293d00ca
----------------- Done invoking toplevel() on ptolemy.moml.MoMLSimpleApplication@293d00ca
reloadAllAccessors: .emptyRefinement

===========================================================================================
----------------- testing Sat Jul 06 06:54:46 UTC 2019 /home/travis/build/icyphy/ptII/ptolemy/domains/sdf/test/auto/filePortParameter.xml
----------------- Instantiating /home/travis/build/icyphy/ptII/ptolemy/domains/sdf/test/auto/filePortParameter.xml
7 ms. Memory: 436224K Free: 264976K (61%)
----------------- Invoking toplevel() on ptolemy.moml.MoMLSimpleApplication@14e8a640
----------------- Done invoking toplevel() on ptolemy.moml.MoMLSimpleApplication@14e8a640
reloadAllAccessors: .filePortParameter

===========================================================================================
----------------- testing Sat Jul 06 06:54:46 UTC 2019 /home/travis/build/icyphy/ptII/ptolemy/domains/sdf/test/auto/inferRelationWidth1.xml
----------------- Instantiating /home/travis/build/icyphy/ptII/ptolemy/domains/sdf/test/auto/inferRelationWidth1.xml
6 ms. Memory: 436224K Free: 261904K (60%)
----------------- Invoking toplevel() on ptolemy.moml.MoMLSimpleApplication@40c63129
----------------- Done invoking toplevel() on ptolemy.moml.MoMLSimpleApplication@40c63129
reloadAllAccessors: .inferRelationWidth1

===========================================================================================
----------------- testing Sat Jul 06 06:54:46 UTC 2019 /home/travis/build/icyphy/ptII/ptolemy/domains/sdf/test/auto/initProductionInference.xml
----------------- Instantiating /home/travis/build/icyphy/ptII/ptolemy/domains/sdf/test/auto/initProductionInference.xml
3 ms. Memory: 436224K Free: 257808K (59%)
----------------- Invoking toplevel() on ptolemy.moml.MoMLSimpleApplication@4f6dbb85
----------------- Done invoking toplevel() on ptolemy.moml.MoMLSimpleApplication@4f6dbb85
reloadAllAccessors: .initProductionInference

===========================================================================================
----------------- testing Sat Jul 06 06:54:46 UTC 2019 /home/travis/build/icyphy/ptII/ptolemy/domains/sdf/test/auto/relationGroup.xml
----------------- Instantiating /home/travis/build/icyphy/ptII/ptolemy/domains/sdf/test/auto/relationGroup.xml
3 ms. Memory: 436224K Free: 254226K (58%)
----------------- Invoking toplevel() on ptolemy.moml.MoMLSimpleApplication@6ef7fa73
----------------- Done invoking toplevel() on ptolemy.moml.MoMLSimpleApplication@6ef7fa73
reloadAllAccessors: .relationGroup

===========================================================================================
----------------- testing Sat Jul 06 06:54:46 UTC 2019 /home/travis/build/icyphy/ptII/ptolemy/domains/sdf/test/auto/relationGroup10.xml
----------------- Instantiating /home/travis/build/icyphy/ptII/ptolemy/domains/sdf/test/auto/relationGroup10.xml
9 ms. Memory: 436224K Free: 251154K (58%)
----------------- Invoking toplevel() on ptolemy.moml.MoMLSimpleApplication@1ff3f635
----------------- Done invoking toplevel() on ptolemy.moml.MoMLSimpleApplication@1ff3f635
reloadAllAccessors: .relationGroup10

===========================================================================================
----------------- testing Sat Jul 06 06:54:46 UTC 2019 /home/travis/build/icyphy/ptII/ptolemy/domains/sdf/test/auto/relationGroup11.xml
----------------- Instantiating /home/travis/build/icyphy/ptII/ptolemy/domains/sdf/test/auto/relationGroup11.xml
2 ms. Memory: 436224K Free: 247568K (57%)
----------------- Invoking toplevel() on ptolemy.moml.MoMLSimpleApplication@58c4fe4a
----------------- Done invoking toplevel() on ptolemy.moml.MoMLSimpleApplication@58c4fe4a
reloadAllAccessors: .relationGroup11

===========================================================================================
----------------- testing Sat Jul 06 06:54:46 UTC 2019 /home/travis/build/icyphy/ptII/ptolemy/domains/sdf/test/auto/relationGroup12.xml
----------------- Instantiating /home/travis/build/icyphy/ptII/ptolemy/domains/sdf/test/auto/relationGroup12.xml
3 ms. Memory: 436224K Free: 243472K (56%)
----------------- Invoking toplevel() on ptolemy.moml.MoMLSimpleApplication@4f0c1dd
----------------- Done invoking toplevel() on ptolemy.moml.MoMLSimpleApplication@4f0c1dd
reloadAllAccessors: .relationGroup12

===========================================================================================
----------------- testing Sat Jul 06 06:54:46 UTC 2019 /home/travis/build/icyphy/ptII/ptolemy/domains/sdf/test/auto/relationGroup13.xml
----------------- Instantiating /home/travis/build/icyphy/ptII/ptolemy/domains/sdf/test/auto/relationGroup13.xml
6 ms. Memory: 436224K Free: 238866K (55%)
----------------- Invoking toplevel() on ptolemy.moml.MoMLSimpleApplication@67d58224
----------------- Done invoking toplevel() on ptolemy.moml.MoMLSimpleApplication@67d58224
reloadAllAccessors: .relationGroup13

===========================================================================================
----------------- testing Sat Jul 06 06:54:46 UTC 2019 /home/travis/build/icyphy/ptII/ptolemy/domains/sdf/test/auto/relationGroup14.xml
----------------- Instantiating /home/travis/build/icyphy/ptII/ptolemy/domains/sdf/test/auto/relationGroup14.xml
3 ms. Memory: 436224K Free: 233746K (54%)
----------------- Invoking toplevel() on ptolemy.moml.MoMLSimpleApplication@20cc8c21
----------------- Done invoking toplevel() on ptolemy.moml.MoMLSimpleApplication@20cc8c21
reloadAllAccessors: .relationGroup14

===========================================================================================
----------------- testing Sat Jul 06 06:54:46 UTC 2019 /home/travis/build/icyphy/ptII/ptolemy/domains/sdf/test/auto/relationGroup15.xml
----------------- Instantiating /home/travis/build/icyphy/ptII/ptolemy/domains/sdf/test/auto/relationGroup15.xml
2 ms. Memory: 436224K Free: 230674K (53%)
----------------- Invoking toplevel() on ptolemy.moml.MoMLSimpleApplication@4af1793f
----------------- Done invoking toplevel() on ptolemy.moml.MoMLSimpleApplication@4af1793f
reloadAllAccessors: .relationGroup15

===========================================================================================
----------------- testing Sat Jul 06 06:54:46 UTC 2019 /home/travis/build/icyphy/ptII/ptolemy/domains/sdf/test/auto/relationGroup2.xml
----------------- Instantiating /home/travis/build/icyphy/ptII/ptolemy/domains/sdf/test/auto/relationGroup2.xml
1 ms. Memory: 436224K Free: 227088K (52%)
----------------- Invoking toplevel() on ptolemy.moml.MoMLSimpleApplication@3b597bde
----------------- Done invoking toplevel() on ptolemy.moml.MoMLSimpleApplication@3b597bde
reloadAllAccessors: .relationGroup2

===========================================================================================
----------------- testing Sat Jul 06 06:54:46 UTC 2019 /home/travis/build/icyphy/ptII/ptolemy/domains/sdf/test/auto/relationGroup3.xml
----------------- Instantiating /home/travis/build/icyphy/ptII/ptolemy/domains/sdf/test/auto/relationGroup3.xml
2 ms. Memory: 436224K Free: 224016K (51%)
----------------- Invoking toplevel() on ptolemy.moml.MoMLSimpleApplication@1a20c552
----------------- Done invoking toplevel() on ptolemy.moml.MoMLSimpleApplication@1a20c552
reloadAllAccessors: .relationGroup3

===========================================================================================
----------------- testing Sat Jul 06 06:54:46 UTC 2019 /home/travis/build/icyphy/ptII/ptolemy/domains/sdf/test/auto/relationGroup4.xml
----------------- Instantiating /home/travis/build/icyphy/ptII/ptolemy/domains/sdf/test/auto/relationGroup4.xml
8 ms. Memory: 436224K Free: 219410K (50%)
----------------- Invoking toplevel() on ptolemy.moml.MoMLSimpleApplication@7f59111f
----------------- Done invoking toplevel() on ptolemy.moml.MoMLSimpleApplication@7f59111f
reloadAllAccessors: .relationGroup4

===========================================================================================
----------------- testing Sat Jul 06 06:54:46 UTC 2019 /home/travis/build/icyphy/ptII/ptolemy/domains/sdf/test/auto/relationGroup5.xml
----------------- Instantiating /home/travis/build/icyphy/ptII/ptolemy/domains/sdf/test/auto/relationGroup5.xml
2 ms. Memory: 436224K Free: 215314K (49%)
----------------- Invoking toplevel() on ptolemy.moml.MoMLSimpleApplication@7eeaf2af
----------------- Done invoking toplevel() on ptolemy.moml.MoMLSimpleApplication@7eeaf2af
reloadAllAccessors: .relationGroup5

===========================================================================================
----------------- testing Sat Jul 06 06:54:46 UTC 2019 /home/travis/build/icyphy/ptII/ptolemy/domains/sdf/test/auto/relationGroup6.xml
----------------- Instantiating /home/travis/build/icyphy/ptII/ptolemy/domains/sdf/test/auto/relationGroup6.xml
2 ms. Memory: 436224K Free: 211218K (48%)
----------------- Invoking toplevel() on ptolemy.moml.MoMLSimpleApplication@b0221b6
----------------- Done invoking toplevel() on ptolemy.moml.MoMLSimpleApplication@b0221b6
reloadAllAccessors: .relationGroup6

===========================================================================================
----------------- testing Sat Jul 06 06:54:46 UTC 2019 /home/travis/build/icyphy/ptII/ptolemy/domains/sdf/test/auto/relationGroup7.xml
----------------- Instantiating /home/travis/build/icyphy/ptII/ptolemy/domains/sdf/test/auto/relationGroup7.xml
2 ms. Memory: 436224K Free: 207632K (48%)
----------------- Invoking toplevel() on ptolemy.moml.MoMLSimpleApplication@b20da19
----------------- Done invoking toplevel() on ptolemy.moml.MoMLSimpleApplication@b20da19
reloadAllAccessors: .relationGroup7

===========================================================================================
----------------- testing Sat Jul 06 06:54:46 UTC 2019 /home/travis/build/icyphy/ptII/ptolemy/domains/sdf/test/auto/relationGroup8.xml
----------------- Instantiating /home/travis/build/icyphy/ptII/ptolemy/domains/sdf/test/auto/relationGroup8.xml
2 ms. Memory: 436224K Free: 204560K (47%)
----------------- Invoking toplevel() on ptolemy.moml.MoMLSimpleApplication@5bae5fff
----------------- Done invoking toplevel() on ptolemy.moml.MoMLSimpleApplication@5bae5fff
reloadAllAccessors: .relationGroup8

===========================================================================================
----------------- testing Sat Jul 06 06:54:46 UTC 2019 /home/travis/build/icyphy/ptII/ptolemy/domains/sdf/test/auto/relationGroup9.xml
----------------- Instantiating /home/travis/build/icyphy/ptII/ptolemy/domains/sdf/test/auto/relationGroup9.xml
4 ms. Memory: 436224K Free: 199954K (46%)
----------------- Invoking toplevel() on ptolemy.moml.MoMLSimpleApplication@4e881dba
----------------- Done invoking toplevel() on ptolemy.moml.MoMLSimpleApplication@4e881dba
reloadAllAccessors: .relationGroup9

===========================================================================================
----------------- testing Sat Jul 06 06:54:46 UTC 2019 /home/travis/build/icyphy/ptII/ptolemy/domains/sdf/test/auto/sdf_inside_de.xml
----------------- Instantiating /home/travis/build/icyphy/ptII/ptolemy/domains/sdf/test/auto/sdf_inside_de.xml
10 ms. Memory: 436224K Free: 191762K (44%)
----------------- Invoking toplevel() on ptolemy.moml.MoMLSimpleApplication@1e5500ce
----------------- Done invoking toplevel() on ptolemy.moml.MoMLSimpleApplication@1e5500ce
reloadAllAccessors: .sdf_inside_de

===========================================================================================
----------------- testing Sat Jul 06 06:54:47 UTC 2019 /home/travis/build/icyphy/ptII/ptolemy/domains/sdf/test/auto/sdf_inside_pn.xml
----------------- Instantiating /home/travis/build/icyphy/ptII/ptolemy/domains/sdf/test/auto/sdf_inside_pn.xml
41 ms. Memory: 436224K Free: 182546K (42%)
----------------- Invoking toplevel() on ptolemy.moml.MoMLSimpleApplication@d2aed1a
----------------- Done invoking toplevel() on ptolemy.moml.MoMLSimpleApplication@d2aed1a
reloadAllAccessors: .sdf_inside_pn

===========================================================================================
----------------- testing Sat Jul 06 06:54:47 UTC 2019 /home/travis/build/icyphy/ptII/ptolemy/domains/sdf/test/auto/sdf_sdf1.xml
----------------- Instantiating /home/travis/build/icyphy/ptII/ptolemy/domains/sdf/test/auto/sdf_sdf1.xml
12 ms. Memory: 436224K Free: 177426K (41%)
----------------- Invoking toplevel() on ptolemy.moml.MoMLSimpleApplication@4b587a9e
----------------- Done invoking toplevel() on ptolemy.moml.MoMLSimpleApplication@4b587a9e
reloadAllAccessors: .sdf_sdf1

===========================================================================================
----------------- testing Sat Jul 06 06:54:47 UTC 2019 /home/travis/build/icyphy/ptII/ptolemy/domains/sdf/test/auto/test1.xml
----------------- Instantiating /home/travis/build/icyphy/ptII/ptolemy/domains/sdf/test/auto/test1.xml
3 ms. Memory: 436224K Free: 172306K (39%)
----------------- Invoking toplevel() on ptolemy.moml.MoMLSimpleApplication@74f047b6
----------------- Done invoking toplevel() on ptolemy.moml.MoMLSimpleApplication@74f047b6
reloadAllAccessors: .test1

===========================================================================================
----------------- testing Sat Jul 06 06:54:47 UTC 2019 /home/travis/build/icyphy/ptII/ptolemy/domains/sdf/test/auto/time1.xml
----------------- Instantiating /home/travis/build/icyphy/ptII/ptolemy/domains/sdf/test/auto/time1.xml
3 ms. Memory: 436224K Free: 169234K (39%)
----------------- Invoking toplevel() on ptolemy.moml.MoMLSimpleApplication@3af320d6
----------------- Done invoking toplevel() on ptolemy.moml.MoMLSimpleApplication@3af320d6
reloadAllAccessors: .time1

===========================================================================================
----------------- testing Sat Jul 06 06:54:47 UTC 2019 /home/travis/build/icyphy/ptII/ptolemy/domains/sdf/test/auto/time2.xml
----------------- Instantiating /home/travis/build/icyphy/ptII/ptolemy/domains/sdf/test/auto/time2.xml
1 ms. Memory: 436224K Free: 165648K (38%)
----------------- Invoking toplevel() on ptolemy.moml.MoMLSimpleApplication@24a13984
----------------- Done invoking toplevel() on ptolemy.moml.MoMLSimpleApplication@24a13984
reloadAllAccessors: .time2

===========================================================================================
----------------- testing Sat Jul 06 06:54:47 UTC 2019 /home/travis/build/icyphy/ptII/ptolemy/domains/sdf/test/auto/time3.xml
----------------- Instantiating /home/travis/build/icyphy/ptII/ptolemy/domains/sdf/test/auto/time3.xml
13 ms. Memory: 436224K Free: 419974K (96%)
----------------- Invoking toplevel() on ptolemy.moml.MoMLSimpleApplication@5736e48b
----------------- Done invoking toplevel() on ptolemy.moml.MoMLSimpleApplication@5736e48b
reloadAllAccessors: .time3

===========================================================================================
----------------- testing Sat Jul 06 06:54:47 UTC 2019 /home/travis/build/icyphy/ptII/ptolemy/domains/sdf/test/auto/time4.xml
----------------- Instantiating /home/travis/build/icyphy/ptII/ptolemy/domains/sdf/test/auto/time4.xml
5 ms. Memory: 436224K Free: 413822K (95%)
----------------- Invoking toplevel() on ptolemy.moml.MoMLSimpleApplication@dffa414
----------------- Done invoking toplevel() on ptolemy.moml.MoMLSimpleApplication@dffa414
reloadAllAccessors: .time4

===========================================================================================
----------------- testing Sat Jul 06 06:54:47 UTC 2019 /home/travis/build/icyphy/ptII/ptolemy/domains/sdf/test/auto/time5.xml
----------------- Instantiating /home/travis/build/icyphy/ptII/ptolemy/domains/sdf/test/auto/time5.xml
4002 ms. Memory: 436224K Free: 410764K (94%)
----------------- Invoking toplevel() on ptolemy.moml.MoMLSimpleApplication@8d4b86f
----------------- Done invoking toplevel() on ptolemy.moml.MoMLSimpleApplication@8d4b86f
reloadAllAccessors: .time5

===========================================================================================
----------------- testing Sat Jul 06 06:54:51 UTC 2019 /home/travis/build/icyphy/ptII/ptolemy/domains/sdf/test/auto/typeSystem_Const_Integer_smallest_Type.xml
----------------- Instantiating /home/travis/build/icyphy/ptII/ptolemy/domains/sdf/test/auto/typeSystem_Const_Integer_smallest_Type.xml
7 ms. Memory: 436224K Free: 405644K (93%)
----------------- Invoking toplevel() on ptolemy.moml.MoMLSimpleApplication@4eddb3df
----------------- Done invoking toplevel() on ptolemy.moml.MoMLSimpleApplication@4eddb3df
reloadAllAccessors: .typeSystem_Const_Integer_smallest_Type

===========================================================================================
----------------- testing Sat Jul 06 06:54:51 UTC 2019 /home/travis/build/icyphy/ptII/ptolemy/domains/sdf/test/auto/typeSystem_declared_Inports_OutportTypeException.xml
----------------- Instantiating /home/travis/build/icyphy/ptII/ptolemy/domains/sdf/test/auto/typeSystem_declared_Inports_OutportTypeException.xml
.typeSystem_declared_Inports_OutportTypeException.TestExceptionAttribute: initialize() was not invoked, but wrapup() was.  This is unusual, but not always a problem.  For example, exporting JNLP will do this.
5 ms. Memory: 436224K Free: 401548K (92%)
----------------- Invoking toplevel() on ptolemy.moml.MoMLSimpleApplication@e90d59d
----------------- Done invoking toplevel() on ptolemy.moml.MoMLSimpleApplication@e90d59d
reloadAllAccessors: .typeSystem_declared_Inports_OutportTypeException

===========================================================================================
----------------- testing Sat Jul 06 06:54:51 UTC 2019 /home/travis/build/icyphy/ptII/ptolemy/domains/sdf/test/auto/typeSystem_oneDeclaredInportType_wrongTypeOutport.xml
----------------- Instantiating /home/travis/build/icyphy/ptII/ptolemy/domains/sdf/test/auto/typeSystem_oneDeclaredInportType_wrongTypeOutport.xml
3 ms. Memory: 436224K Free: 396942K (91%)
----------------- Invoking toplevel() on ptolemy.moml.MoMLSimpleApplication@31d3760a
----------------- Done invoking toplevel() on ptolemy.moml.MoMLSimpleApplication@31d3760a
reloadAllAccessors: .typeSystem_oneDeclaredInportType_wrongTypeOutport

===========================================================================================
----------------- testing Sat Jul 06 06:54:51 UTC 2019 /home/travis/build/icyphy/ptII/ptolemy/domains/sdf/test/auto/width.xml
----------------- Instantiating /home/travis/build/icyphy/ptII/ptolemy/domains/sdf/test/auto/width.xml
2 ms. Memory: 436224K Free: 393356K (90%)
----------------- Invoking toplevel() on ptolemy.moml.MoMLSimpleApplication@42ba83f5
----------------- Done invoking toplevel() on ptolemy.moml.MoMLSimpleApplication@42ba83f5
reloadAllAccessors: .width

===========================================================================================
----------------- testing Sat Jul 06 06:54:51 UTC 2019 /home/travis/build/icyphy/ptII/ptolemy/domains/sdf/test/auto/width2.xml
----------------- Instantiating /home/travis/build/icyphy/ptII/ptolemy/domains/sdf/test/auto/width2.xml
28 ms. Memory: 436224K Free: 388236K (89%)
----------------- Invoking toplevel() on ptolemy.moml.MoMLSimpleApplication@4059c1d
----------------- Done invoking toplevel() on ptolemy.moml.MoMLSimpleApplication@4059c1d
reloadAllAccessors: .width2

===========================================================================================
----------------- testing Sat Jul 06 06:54:51 UTC 2019 /home/travis/build/icyphy/ptII/ptolemy/domains/sdf/test/auto/width3.xml
----------------- Instantiating /home/travis/build/icyphy/ptII/ptolemy/domains/sdf/test/auto/width3.xml
28 ms. Memory: 436224K Free: 383116K (88%)
----------------- Invoking toplevel() on ptolemy.moml.MoMLSimpleApplication@e6df451
----------------- Done invoking toplevel() on ptolemy.moml.MoMLSimpleApplication@e6df451
reloadAllAccessors: .width3
AutoTests.java: About to close Vertx.
AutoTests.java: Vertx closed.
]]></system-out>
  <system-err><![CDATA[java.lang.RuntimeException: Execution failed
	at ptolemy.moml.MoMLSimpleApplication$UnloadThread.run(MoMLSimpleApplication.java:402)
Caused by: ptolemy.actor.sched.NotSchedulableException: No solution exists for the balance equations.
Graph is not consistent under the SDF domain detected on external port .rateConsistency.actor.port2
  in .rateConsistency.SDF Director.Scheduler
	at ptolemy.domains.sdf.kernel.SDFScheduler._propagatePort(SDFScheduler.java:1425)
	at ptolemy.domains.sdf.kernel.SDFScheduler._solveBalanceEquations(SDFScheduler.java:710)
	at ptolemy.domains.sdf.kernel.SDFScheduler._getSchedule(SDFScheduler.java:566)
	at ptolemy.actor.sched.Scheduler.getSchedule(Scheduler.java:189)
	at ptolemy.domains.sdf.kernel.SDFDirector.createSchedule(SDFDirector.java:408)
	at ptolemy.domains.sdf.kernel.SDFDirector.preinitialize(SDFDirector.java:764)
	at ptolemy.actor.CompositeActor.preinitialize(CompositeActor.java:1828)
	at ptolemy.actor.Manager.preinitializeAndResolveTypes(Manager.java:1040)
	at ptolemy.actor.Manager.initialize(Manager.java:710)
	at ptolemy.actor.Manager.execute(Manager.java:356)
	at ptolemy.actor.Manager.run(Manager.java:1263)
	at ptolemy.actor.Manager$PtolemyRunThread.run(Manager.java:1915)
java.lang.RuntimeException: Execution failed
	at ptolemy.moml.MoMLSimpleApplication$UnloadThread.run(MoMLSimpleApplication.java:402)
Caused by: ptolemy.kernel.util.IllegalActionException: Failed to compute schedule:
  in .badRateChanges.typed composite actor.SDF Director
Because:
The SDF rate parameter may change. This is not allowed in SDF models that will be run through the code generator.  If you don't care about code generation, then you might consider setting the allowRateChanges parameter of the SDF director to false.
  in .badRateChanges.typed composite actor.Repeat.output.tokenProductionRate
	at ptolemy.domains.sdf.kernel.SDFDirector.createSchedule(SDFDirector.java:418)
	at ptolemy.domains.sdf.kernel.SDFDirector.preinitialize(SDFDirector.java:764)
	at ptolemy.actor.CompositeActor.preinitialize(CompositeActor.java:1828)
	at ptolemy.actor.Director.preinitialize(Director.java:1302)
	at ptolemy.actor.Director.preinitialize(Director.java:1257)
	at ptolemy.domains.sdf.kernel.SDFDirector.preinitialize(SDFDirector.java:763)
	at ptolemy.actor.CompositeActor.preinitialize(CompositeActor.java:1828)
	at ptolemy.actor.Manager.preinitializeAndResolveTypes(Manager.java:1040)
	at ptolemy.actor.Manager.initialize(Manager.java:710)
	at ptolemy.actor.Manager.execute(Manager.java:356)
	at ptolemy.actor.Manager.run(Manager.java:1263)
	at ptolemy.actor.Manager$PtolemyRunThread.run(Manager.java:1915)
Caused by: ptolemy.kernel.util.IllegalActionException: The SDF rate parameter may change. This is not allowed in SDF models that will be run through the code generator.  If you don't care about code generation, then you might consider setting the allowRateChanges parameter of the SDF director to false.
  in .badRateChanges.typed composite actor.Repeat.output.tokenProductionRate
	at ptolemy.domains.sdf.kernel.SDFScheduler._assertDynamicRateVariable(SDFScheduler.java:931)
	at ptolemy.domains.sdf.kernel.SDFScheduler._checkDynamicRateVariables(SDFScheduler.java:339)
	at ptolemy.domains.sdf.kernel.SDFScheduler._getSchedule(SDFScheduler.java:527)
	at ptolemy.actor.sched.Scheduler.getSchedule(Scheduler.java:189)
	at ptolemy.domains.sdf.kernel.SDFDirector.createSchedule(SDFDirector.java:408)
	... 11 more
java.lang.RuntimeException: Execution failed
	at ptolemy.moml.MoMLSimpleApplication$UnloadThread.run(MoMLSimpleApplication.java:402)
Caused by: ptolemy.kernel.util.IllegalActionException: Failed to compute schedule:
  in .badRateChanges2.typed composite actor.SDF Director
Because:
The SDF rate parameter may change. This is not allowed in SDF models that will be run through the code generator.  If you don't care about code generation, then you might consider setting the allowRateChanges parameter of the SDF director to false.
  in .badRateChanges2.typed composite actor.Repeat.output.tokenProductionRate
	at ptolemy.domains.sdf.kernel.SDFDirector.createSchedule(SDFDirector.java:418)
	at ptolemy.domains.sdf.kernel.SDFDirector.preinitialize(SDFDirector.java:764)
	at ptolemy.actor.CompositeActor.preinitialize(CompositeActor.java:1828)
	at ptolemy.actor.Director.preinitialize(Director.java:1302)
	at ptolemy.actor.Director.preinitialize(Director.java:1257)
	at ptolemy.domains.sdf.kernel.SDFDirector.preinitialize(SDFDirector.java:763)
	at ptolemy.actor.CompositeActor.preinitialize(CompositeActor.java:1828)
	at ptolemy.actor.Manager.preinitializeAndResolveTypes(Manager.java:1040)
	at ptolemy.actor.Manager.initialize(Manager.java:710)
	at ptolemy.actor.Manager.execute(Manager.java:356)
	at ptolemy.actor.Manager.run(Manager.java:1263)
	at ptolemy.actor.Manager$PtolemyRunThread.run(Manager.java:1915)
Caused by: ptolemy.kernel.util.IllegalActionException: The SDF rate parameter may change. This is not allowed in SDF models that will be run through the code generator.  If you don't care about code generation, then you might consider setting the allowRateChanges parameter of the SDF director to false.
  in .badRateChanges2.typed composite actor.Repeat.output.tokenProductionRate
	at ptolemy.domains.sdf.kernel.SDFScheduler._assertDynamicRateVariable(SDFScheduler.java:931)
	at ptolemy.domains.sdf.kernel.SDFScheduler._checkDynamicRateVariables(SDFScheduler.java:339)
	at ptolemy.domains.sdf.kernel.SDFScheduler._getSchedule(SDFScheduler.java:527)
	at ptolemy.actor.sched.Scheduler.getSchedule(Scheduler.java:189)
	at ptolemy.domains.sdf.kernel.SDFDirector.createSchedule(SDFDirector.java:408)
	... 11 more
java.lang.RuntimeException: Execution failed
	at ptolemy.moml.MoMLSimpleApplication$UnloadThread.run(MoMLSimpleApplication.java:402)
Caused by: ptolemy.actor.sched.NotSchedulableException: Actors remain that cannot be scheduled!

There are several possible reasons:
* SDF Graphs with feedback loops should have an actor with a delay in the loop, such as a SampleDelay.
* The SDF director has an "allowDisconnectedGraphs"parameter, which, when true, permits disconnected SDF graphs.
* The token consumption rate and production rates might be mismatched.
Usually, actors produce one token or consume one token on a port.  To produce or consume multiple tokens per firing, add a "tokenConsumptionRate" or "tokenProductionRate" parameter to the appropriate port.
Unscheduled actors:
.partiallyConnected.Const2 
Scheduled actors:
.partiallyConnected.Const 
  in .partiallyConnected.SDF Director.Scheduler
	at ptolemy.domains.sdf.kernel.SDFScheduler._scheduleConnectedActors(SDFScheduler.java:1828)
	at ptolemy.domains.sdf.kernel.SDFScheduler._getSchedule(SDFScheduler.java:587)
	at ptolemy.actor.sched.Scheduler.getSchedule(Scheduler.java:189)
	at ptolemy.domains.sdf.kernel.SDFDirector.createSchedule(SDFDirector.java:408)
	at ptolemy.domains.sdf.kernel.SDFDirector.preinitialize(SDFDirector.java:764)
	at ptolemy.actor.CompositeActor.preinitialize(CompositeActor.java:1828)
	at ptolemy.actor.Manager.preinitializeAndResolveTypes(Manager.java:1040)
	at ptolemy.actor.Manager.initialize(Manager.java:710)
	at ptolemy.actor.Manager.execute(Manager.java:356)
	at ptolemy.actor.Manager.run(Manager.java:1263)
	at ptolemy.actor.Manager$PtolemyRunThread.run(Manager.java:1915)
]]></system-err>
</testsuite>
