<?xml version="1.0" encoding="UTF-8" ?>
<testsuite errors="0" failures="0" hostname="travis-job-abae2413-4e87-4108-a651-33236a546726" name="ptolemy.actor.lib.fmi.test.junit.JUnitTclTest" skipped="0" tests="63" time="22.839" timestamp="2019-11-12T06:30:28">
  <properties>
[...]
</properties>
  <testcase classname="ptolemy.util.test.junit.TclTests" name="[0] /home/travis/build/icyphy/ptII/ptolemy/actor/lib/fmi/test/FMUImport.tcl (RunTclFile)" time="2.705" />
  <testcase classname="ptolemy.util.test.junit.TclTests" name="[1] /home/travis/build/icyphy/ptII/ptolemy/actor/lib/fmi/test/FMUQSS.tcl (RunTclFile)" time="0.078" />
  <testcase classname="ptolemy.util.test.junit.AutoKnownFailedTests" name="[0] /home/travis/build/icyphy/ptII/ptolemy/actor/lib/fmi/test/auto/knownFailedTests/FMUContinuousInc20.xml (RunModel)" time="0.358" />
  <testcase classname="ptolemy.util.test.junit.AutoNameArchTests" name="[0] /home/travis/build/icyphy/ptII/ptolemy/actor/lib/fmi/test/auto/linux-amd64/FMUQSSAirOulet1_QSS1.xml (RunModel)" time="1.387" />
  <testcase classname="ptolemy.util.test.junit.AutoNameArchTests" name="[1] /home/travis/build/icyphy/ptII/ptolemy/actor/lib/fmi/test/auto/linux-amd64/FMUQSSAirToOulet1_QSS1.xml (RunModel)" time="0.809" />
  <testcase classname="ptolemy.util.test.junit.AutoNameArchTests" name="[2] /home/travis/build/icyphy/ptII/ptolemy/actor/lib/fmi/test/auto/linux-amd64/FMUQSSAirToOulet2_QSS1.xml (RunModel)" time="2.344" />
  <testcase classname="ptolemy.util.test.junit.AutoNameArchTests" name="[3] /home/travis/build/icyphy/ptII/ptolemy/actor/lib/fmi/test/auto/linux-amd64/FMUQSSStateEvent1_QSS1.xml (RunModel)" time="0.156" />
  <testcase classname="ptolemy.util.test.junit.AutoNameArchTests" name="[4] /home/travis/build/icyphy/ptII/ptolemy/actor/lib/fmi/test/auto/linux-amd64/FMUQSSStateEvent1_QSS2.xml (RunModel)" time="1.163" />
  <testcase classname="ptolemy.util.test.junit.AutoNameArchTests" name="[5] /home/travis/build/icyphy/ptII/ptolemy/actor/lib/fmi/test/auto/linux-amd64/FMUQSSStateEvent1_QSS3.xml (RunModel)" time="0.331" />
  <testcase classname="ptolemy.util.test.junit.AutoNameArchTests" name="[6] /home/travis/build/icyphy/ptII/ptolemy/actor/lib/fmi/test/auto/linux-amd64/FMUQSSStateEvent2_QSS1.xml (RunModel)" time="0.714" />
  <testcase classname="ptolemy.util.test.junit.AutoNameArchTests" name="[7] /home/travis/build/icyphy/ptII/ptolemy/actor/lib/fmi/test/auto/linux-amd64/FMUQSSStateEvent2_QSS2.xml (RunModel)" time="0.998" />
  <testcase classname="ptolemy.util.test.junit.AutoNameArchTests" name="[8] /home/travis/build/icyphy/ptII/ptolemy/actor/lib/fmi/test/auto/linux-amd64/FMUQSSStateEvent4_QSS1.xml (RunModel)" time="0.212" />
  <testcase classname="ptolemy.util.test.junit.AutoNameArchTests" name="[9] /home/travis/build/icyphy/ptII/ptolemy/actor/lib/fmi/test/auto/linux-amd64/FMUQSSStateEvent4_QSS2.xml (RunModel)" time="0.186" />
  <testcase classname="ptolemy.util.test.junit.AutoNameArchTests" name="[10] /home/travis/build/icyphy/ptII/ptolemy/actor/lib/fmi/test/auto/linux-amd64/FMUQSSStateEvent4_QSS3.xml (RunModel)" time="0.14" />
  <testcase classname="ptolemy.util.test.junit.AutoNameArchTests" name="[11] /home/travis/build/icyphy/ptII/ptolemy/actor/lib/fmi/test/auto/linux-amd64/FMUQSSStateEvent5_QSS1.xml (RunModel)" time="0.273" />
  <testcase classname="ptolemy.util.test.junit.AutoNameArchTests" name="[12] /home/travis/build/icyphy/ptII/ptolemy/actor/lib/fmi/test/auto/linux-amd64/FMUQSSStateEvent5_QSS2.xml (RunModel)" time="0.537" />
  <testcase classname="ptolemy.util.test.junit.AutoNameArchTests" name="[13] /home/travis/build/icyphy/ptII/ptolemy/actor/lib/fmi/test/auto/linux-amd64/FMUQSSStateEvent5_QSS3.xml (RunModel)" time="0.096" />
  <testcase classname="ptolemy.util.test.junit.AutoNameArchTests" name="[14] /home/travis/build/icyphy/ptII/ptolemy/actor/lib/fmi/test/auto/linux-amd64/FMUQSSStateEvent6_QSS1.xml (RunModel)" time="0.934" />
  <testcase classname="ptolemy.util.test.junit.AutoNameArchTests" name="[15] /home/travis/build/icyphy/ptII/ptolemy/actor/lib/fmi/test/auto/linux-amd64/FMUQSSStateEvent6_QSS2.xml (RunModel)" time="0.838" />
  <testcase classname="ptolemy.util.test.junit.AutoTests" name="[0] /home/travis/build/icyphy/ptII/ptolemy/actor/lib/fmi/test/auto/FMU30Inc.xml (RunModel)" time="0.384" />
  <testcase classname="ptolemy.util.test.junit.AutoTests" name="[1] /home/travis/build/icyphy/ptII/ptolemy/actor/lib/fmi/test/auto/FMUBouncingBall.xml (RunModel)" time="0.187" />
  <testcase classname="ptolemy.util.test.junit.AutoTests" name="[2] /home/travis/build/icyphy/ptII/ptolemy/actor/lib/fmi/test/auto/FMUBouncingBallME20.xml (RunModel)" time="0.228" />
  <testcase classname="ptolemy.util.test.junit.AutoTests" name="[3] /home/travis/build/icyphy/ptII/ptolemy/actor/lib/fmi/test/auto/FMUDQ.xml (RunModel)" time="0.026" />
  <testcase classname="ptolemy.util.test.junit.AutoTests" name="[4] /home/travis/build/icyphy/ptII/ptolemy/actor/lib/fmi/test/auto/FMUDq20.xml (RunModel)" time="0.068" />
  <testcase classname="ptolemy.util.test.junit.AutoTests" name="[5] /home/travis/build/icyphy/ptII/ptolemy/actor/lib/fmi/test/auto/FMUDqME20.xml (RunModel)" time="0.039" />
  <testcase classname="ptolemy.util.test.junit.AutoTests" name="[6] /home/travis/build/icyphy/ptII/ptolemy/actor/lib/fmi/test/auto/FMUFourInputsFourOutputsME20.xml (RunModel)" time="0.065" />
  <testcase classname="ptolemy.util.test.junit.AutoTests" name="[7] /home/travis/build/icyphy/ptII/ptolemy/actor/lib/fmi/test/auto/FMUHeaterFlowResistance.xml (RunModel)" time="0.18" />
  <testcase classname="ptolemy.util.test.junit.AutoTests" name="[8] /home/travis/build/icyphy/ptII/ptolemy/actor/lib/fmi/test/auto/FMUHelloWorld.xml (RunModel)" time="0.025" />
  <testcase classname="ptolemy.util.test.junit.AutoTests" name="[9] /home/travis/build/icyphy/ptII/ptolemy/actor/lib/fmi/test/auto/FMUHelloWorldUnBuilt.xml (RunModel)" time="0.121" />
  <testcase classname="ptolemy.util.test.junit.AutoTests" name="[10] /home/travis/build/icyphy/ptII/ptolemy/actor/lib/fmi/test/auto/FMUInc.xml (RunModel)" time="0.027" />
  <testcase classname="ptolemy.util.test.junit.AutoTests" name="[11] /home/travis/build/icyphy/ptII/ptolemy/actor/lib/fmi/test/auto/FMUInc2.xml (RunModel)" time="0.033" />
  <testcase classname="ptolemy.util.test.junit.AutoTests" name="[12] /home/travis/build/icyphy/ptII/ptolemy/actor/lib/fmi/test/auto/FMUIncME1.xml (RunModel)" time="0.033" />
  <testcase classname="ptolemy.util.test.junit.AutoTests" name="[13] /home/travis/build/icyphy/ptII/ptolemy/actor/lib/fmi/test/auto/FMUIncME20.xml (RunModel)" time="0.027" />
  <testcase classname="ptolemy.util.test.junit.AutoTests" name="[14] /home/travis/build/icyphy/ptII/ptolemy/actor/lib/fmi/test/auto/FMUIncScale20RC1pt.xml (RunModel)" time="0.034" />
  <testcase classname="ptolemy.util.test.junit.AutoTests" name="[15] /home/travis/build/icyphy/ptII/ptolemy/actor/lib/fmi/test/auto/FMULevelStairs.xml (RunModel)" time="0.057" />
  <testcase classname="ptolemy.util.test.junit.AutoTests" name="[16] /home/travis/build/icyphy/ptII/ptolemy/actor/lib/fmi/test/auto/FMUPumpConstantSpeed.xml (RunModel)" time="0.141" />
  <testcase classname="ptolemy.util.test.junit.AutoTests" name="[17] /home/travis/build/icyphy/ptII/ptolemy/actor/lib/fmi/test/auto/FMUQSSTankOpen.xml (RunModel)" time="3.068" />
  <testcase classname="ptolemy.util.test.junit.AutoTests" name="[18] /home/travis/build/icyphy/ptII/ptolemy/actor/lib/fmi/test/auto/FMUSDFBouncingBall.xml (RunModel)" time="0.034" />
  <testcase classname="ptolemy.util.test.junit.AutoTests" name="[19] /home/travis/build/icyphy/ptII/ptolemy/actor/lib/fmi/test/auto/FMUSDFBouncingBall20.xml (RunModel)" time="0.324" />
  <testcase classname="ptolemy.util.test.junit.AutoTests" name="[20] /home/travis/build/icyphy/ptII/ptolemy/actor/lib/fmi/test/auto/FMUSDFBouncingBall20RC1.xml (RunModel)" time="0.035" />
  <testcase classname="ptolemy.util.test.junit.AutoTests" name="[21] /home/travis/build/icyphy/ptII/ptolemy/actor/lib/fmi/test/auto/FMUSDFInc20.xml (RunModel)" time="0.038" />
  <testcase classname="ptolemy.util.test.junit.AutoTests" name="[22] /home/travis/build/icyphy/ptII/ptolemy/actor/lib/fmi/test/auto/FMUStairs.xml (RunModel)" time="0.044" />
  <testcase classname="ptolemy.util.test.junit.AutoTests" name="[23] /home/travis/build/icyphy/ptII/ptolemy/actor/lib/fmi/test/auto/FMUStepCounter1.xml (RunModel)" time="0.111" />
  <testcase classname="ptolemy.util.test.junit.AutoTests" name="[24] /home/travis/build/icyphy/ptII/ptolemy/actor/lib/fmi/test/auto/FMUStepCounter2.xml (RunModel)" time="0.123" />
  <testcase classname="ptolemy.util.test.junit.AutoTests" name="[25] /home/travis/build/icyphy/ptII/ptolemy/actor/lib/fmi/test/auto/FMUStepCounterContinuous1.xml (RunModel)" time="0.019" />
  <testcase classname="ptolemy.util.test.junit.AutoTests" name="[26] /home/travis/build/icyphy/ptII/ptolemy/actor/lib/fmi/test/auto/FMUStepCounterContinuous2.xml (RunModel)" time="0.025" />
  <testcase classname="ptolemy.util.test.junit.AutoTests" name="[27] /home/travis/build/icyphy/ptII/ptolemy/actor/lib/fmi/test/auto/FMUStepCounterContinuousTwoFMUs1.xml (RunModel)" time="0.024" />
  <testcase classname="ptolemy.util.test.junit.AutoTests" name="[28] /home/travis/build/icyphy/ptII/ptolemy/actor/lib/fmi/test/auto/FMUStepCounterContinuousTwoFMUs2.xml (RunModel)" time="0.044" />
  <testcase classname="ptolemy.util.test.junit.AutoTests" name="[29] /home/travis/build/icyphy/ptII/ptolemy/actor/lib/fmi/test/auto/FMUStepCounterExtendedFMI.xml (RunModel)" time="0.128" />
  <testcase classname="ptolemy.util.test.junit.AutoTests" name="[30] /home/travis/build/icyphy/ptII/ptolemy/actor/lib/fmi/test/auto/FMUStepCounterPeriodInNameContinuous2.xml (RunModel)" time="0.114" />
  <testcase classname="ptolemy.util.test.junit.AutoTests" name="[31] /home/travis/build/icyphy/ptII/ptolemy/actor/lib/fmi/test/auto/FMUTankOpen.xml (RunModel)" time="0.066" />
  <testcase classname="ptolemy.util.test.junit.AutoTests" name="[32] /home/travis/build/icyphy/ptII/ptolemy/actor/lib/fmi/test/auto/FMUTwoBallCollision.xml (RunModel)" time="0.473" />
  <testcase classname="ptolemy.util.test.junit.AutoTests" name="[33] /home/travis/build/icyphy/ptII/ptolemy/actor/lib/fmi/test/auto/FMUValues.xml (RunModel)" time="0.042" />
  <testcase classname="ptolemy.util.test.junit.AutoTests" name="[34] /home/travis/build/icyphy/ptII/ptolemy/actor/lib/fmi/test/auto/FMUValues20.xml (RunModel)" time="0.04" />
  <testcase classname="ptolemy.util.test.junit.AutoTests" name="[35] /home/travis/build/icyphy/ptII/ptolemy/actor/lib/fmi/test/auto/FMUValuesME20.xml (RunModel)" time="0.094" />
  <testcase classname="ptolemy.util.test.junit.AutoTests" name="[36] /home/travis/build/icyphy/ptII/ptolemy/actor/lib/fmi/test/auto/FMUVanDerPol.xml (RunModel)" time="0.034" />
  <testcase classname="ptolemy.util.test.junit.AutoTests" name="[37] /home/travis/build/icyphy/ptII/ptolemy/actor/lib/fmi/test/auto/FMUVanDerPol20.xml (RunModel)" time="0.104" />
  <testcase classname="ptolemy.util.test.junit.AutoTests" name="[38] /home/travis/build/icyphy/ptII/ptolemy/actor/lib/fmi/test/auto/FMUVanDerPolME20.xml (RunModel)" time="0.048" />
  <testcase classname="ptolemy.util.test.junit.AutoTests" name="[39] /home/travis/build/icyphy/ptII/ptolemy/actor/lib/fmi/test/auto/FMUdq20RC1.xml (RunModel)" time="0.017" />
  <testcase classname="ptolemy.util.test.junit.AutoTests" name="[40] /home/travis/build/icyphy/ptII/ptolemy/actor/lib/fmi/test/auto/FMUvalues20RC1.xml (RunModel)" time="0.035" />
  <testcase classname="ptolemy.util.test.junit.AutoTests" name="[41] /home/travis/build/icyphy/ptII/ptolemy/actor/lib/fmi/test/auto/FMUvanDerPol20RC1.xml (RunModel)" time="0.029" />
  <testcase classname="ptolemy.util.test.junit.AutoTests" name="[42] /home/travis/build/icyphy/ptII/ptolemy/actor/lib/fmi/test/auto/TestZeroDelayFeedback.xml (RunModel)" time="1.033" />
  <testcase classname="ptolemy.util.test.junit.AutoTests" name="[43] /home/travis/build/icyphy/ptII/ptolemy/actor/lib/fmi/test/auto/helloWorldME2.xml (RunModel)" time="0.036" />
  <system-out><![CDATA[/home/travis/build/icyphy/ptII/ptolemy/actor/lib/fmi/test/FMUImport.tcl
testDefs.tcl: setting time out to 9000 seconds at Tue Nov 12 06:30:29 UTC 2019
.top.qss1State1OutputNoBinaries
.top.helloWorld
FMUImport.tcl: auto/valuesME20.fmu is to be imported as a modelExchange fmu.
.top.valuesME
Warning: FMU modelDescription provides Integer representation of time, but precision is not specified
.top.HybridSequenceCheck
.top.inc
.top.values
.top.stairsB
.top.values20RC
.top.stepCounter
Warning: FMU modelDescription provides Integer representation of time, but precision is not specified
.top.HybridConstantSignalGenerator
.top.bouncingBall20RC
.top.SamplerFP
Warning: FMU modelDescription provides Integer representation of time, but precision is not specified
.top.HybridTriggeredConst
Warning: FMU modelDescription provides Integer representation of time, but precision is not specified
.top.HybridDelay
FMUImport.tcl: auto/dqME20.fmu is to be imported as a modelExchange fmu.
.top.dqME
.top.inc20pt
Warning: FMU modelDescription provides Integer representation of time, but precision is not specified
.top.ConstantIT
Warning: FMU modelDescription provides Integer representation of time, but precision is not specified
.top.SamplerIT
Warning: FMU modelDescription provides Integer representation of time, but precision is not specified
.top.ZeroCrossingDetectorIT
Warning: FMU modelDescription provides Integer representation of time, but precision is not specified
.top.HybridAdder
FMUImport.tcl: auto/incME20.fmu is to be imported as a modelExchange fmu.
.top.incME
.top.stepCounterExtendedFMI
.top.ballDynamics
.top.inc20RC
Warning: FMU modelDescription provides Integer representation of time, but precision is not specified
.top.DelayW
Warning: FMU modelDescription provides Integer representation of time, but precision is not specified
.top.Adder
FMUImport.tcl: auto/vanDerPolME1.fmu is to be imported as a modelExchange fmu.
.top.vanDerPolME
.top.bouncingBall
.top.fmuB20pt
.top.ClockFP
.top.onOffSupervisor
.top.fmuD20pt
.top.scale20pt
.top.stairsA
.top.dq
.top.pumpConstantSpeed
FMUImport.tcl: auto/bouncingBallME1.fmu is to be imported as a modelExchange fmu.
.top.bouncingBallME
FMUImport.tcl: auto/valuesME1.fmu is to be imported as a modelExchange fmu.
.top.valuesME
Warning: FMU modelDescription provides Integer representation of time, but precision is not specified
.top.CheckEqualityIT
Warning: FMU modelDescription provides Integer representation of time, but precision is not specified
.top.CTClockW
.top.dq20RC
.top.stepCounter
.top.helloWorldME
.top.scale20RC
Warning: FMU modelDescription provides Integer representation of time, but precision is not specified
.top.ClockW
Warning: FMU modelDescription provides Integer representation of time, but precision is not specified
.top.HybridIntegratorReset
Warning: FMU modelDescription provides Integer representation of time, but precision is not specified
.top.HybridZeroCrossingDetector
.top.fmuC20pt
.top.vanDerPol20RC
.top.levelStairs
.top.fmuA20pt
Warning: FMU modelDescription provides Integer representation of time, but precision is not specified
.top.CTClockIT
.top.stepCounterPeriodInName
Warning: FMU modelDescription provides Integer representation of time, but precision is not specified
.top.IntegratorIT
FMUImport.tcl: auto/fourInputsFourOutputsME20.fmu is to be imported as a modelExchange fmu.
.top.fourInputsFourOutputsME
Warning: FMU modelDescription provides Integer representation of time, but precision is not specified
.top.Clock
FMUImport.tcl: auto/dqME1.fmu is to be imported as a modelExchange fmu.
.top.dqME
FMUImport.tcl: auto/incME1.fmu is to be imported as a modelExchange fmu.
.top.incME
.top.CheckEqualityFP
.top.vanDerPol
Warning: FMU modelDescription provides Integer representation of time, but precision is not specified
.top.ClockIT
FMUImport.tcl: auto/tankOpen.fmu is to be imported as a modelExchange fmu.
.top.tankOpen
.top.heaterFlowResistance
FMUImport.tcl: auto/vanDerPolME20.fmu is to be imported as a modelExchange fmu.
.top.vanDerPolME
Warning: FMU modelDescription provides Integer representation of time, but precision is not specified
.top.Constant
Warning: FMU modelDescription provides Integer representation of time, but precision is not specified
.top.ZeroCrossingDetector
Warning: FMU modelDescription provides Integer representation of time, but precision is not specified
.top.Integrator
Warning: FMU modelDescription provides Integer representation of time, but precision is not specified
.top.AdderIT
Warning: FMU modelDescription provides Integer representation of time, but precision is not specified
.top.DelayIT
.top.out20pt
Warning: FMU modelDescription provides Integer representation of time, but precision is not specified
.top.Delay
.top.stairsA20RC1F
FMUImport.tcl: auto/bouncingBallME20.fmu is to be imported as a modelExchange fmu.
.top.bouncingBallME
.top.helloWorldUnBuilt
/home/travis/build/icyphy/ptII/ptolemy/actor/lib/fmi/test/FMUQSS.tcl
11/12/19 06:30:31
Failed: 0  Total Tests: 80  ((Passed: 80, Newly Passed: 0)  Known Failed: 0) /home/travis/build/icyphy/ptII/ptolemy/actor/lib/fmi/test
----------------- testing (KnownFailure) /home/travis/build/icyphy/ptII/ptolemy/actor/lib/fmi/test/auto/knownFailedTests/FMUContinuousInc20.xml
181 ms. Memory: 145408K Free: 121353K (83%)
Known Failure: java.lang.reflect.InvocationTargetException

===========================================================================================
----------------- testing Tue Nov 12 06:30:32 UTC 2019 /home/travis/build/icyphy/ptII/ptolemy/actor/lib/fmi/test/auto/linux-amd64/FMUQSSAirOulet1_QSS1.xml
----------------- Instantiating /home/travis/build/icyphy/ptII/ptolemy/actor/lib/fmi/test/auto/linux-amd64/FMUQSSAirOulet1_QSS1.xml
 Number of steps: 1811
  stateEvents: 3
  stepEvents: 0
  timeEvents: 0
1184 ms. Memory: 145408K Free: 68105K (47%)
----------------- Invoking toplevel() on ptolemy.moml.MoMLSimpleApplication@59eb34ea
----------------- Done invoking toplevel() on ptolemy.moml.MoMLSimpleApplication@59eb34ea
reloadAllAccessors: .FMUQSSAirOulet1_QSS1

===========================================================================================
----------------- testing Tue Nov 12 06:30:33 UTC 2019 /home/travis/build/icyphy/ptII/ptolemy/actor/lib/fmi/test/auto/linux-amd64/FMUQSSAirToOulet1_QSS1.xml
----------------- Instantiating /home/travis/build/icyphy/ptII/ptolemy/actor/lib/fmi/test/auto/linux-amd64/FMUQSSAirToOulet1_QSS1.xml
 Number of steps: 1811
  stateEvents: 3
  stepEvents: 0
  timeEvents: 0
684 ms. Memory: 145408K Free: 78940K (54%)
----------------- Invoking toplevel() on ptolemy.moml.MoMLSimpleApplication@32c91f21
----------------- Done invoking toplevel() on ptolemy.moml.MoMLSimpleApplication@32c91f21
reloadAllAccessors: .FMUQSSAirToOulet1_QSS1

===========================================================================================
----------------- testing Tue Nov 12 06:30:34 UTC 2019 /home/travis/build/icyphy/ptII/ptolemy/actor/lib/fmi/test/auto/linux-amd64/FMUQSSAirToOulet2_QSS1.xml
----------------- Instantiating /home/travis/build/icyphy/ptII/ptolemy/actor/lib/fmi/test/auto/linux-amd64/FMUQSSAirToOulet2_QSS1.xml
 Number of steps: 9936
  stateEvents: 1
  stepEvents: 0
  timeEvents: 8
2281 ms. Memory: 197632K Free: 124147K (63%)
----------------- Invoking toplevel() on ptolemy.moml.MoMLSimpleApplication@3bfabf8
----------------- Done invoking toplevel() on ptolemy.moml.MoMLSimpleApplication@3bfabf8
reloadAllAccessors: .FMUQSSAirToOulet2_QSS1

===========================================================================================
----------------- testing Tue Nov 12 06:30:36 UTC 2019 /home/travis/build/icyphy/ptII/ptolemy/actor/lib/fmi/test/auto/linux-amd64/FMUQSSStateEvent1_QSS1.xml
----------------- Instantiating /home/travis/build/icyphy/ptII/ptolemy/actor/lib/fmi/test/auto/linux-amd64/FMUQSSStateEvent1_QSS1.xml
 Number of steps: 295
  stateEvents: 1
  stepEvents: 0
  timeEvents: 0
85 ms. Memory: 197632K Free: 110835K (56%)
----------------- Invoking toplevel() on ptolemy.moml.MoMLSimpleApplication@1376db8c
----------------- Done invoking toplevel() on ptolemy.moml.MoMLSimpleApplication@1376db8c
reloadAllAccessors: .FMUQSSStateEvent1_QSS1

===========================================================================================
----------------- testing Tue Nov 12 06:30:36 UTC 2019 /home/travis/build/icyphy/ptII/ptolemy/actor/lib/fmi/test/auto/linux-amd64/FMUQSSStateEvent1_QSS2.xml
----------------- Instantiating /home/travis/build/icyphy/ptII/ptolemy/actor/lib/fmi/test/auto/linux-amd64/FMUQSSStateEvent1_QSS2.xml
 Number of steps: 6179
  stateEvents: 1
  stepEvents: 0
  timeEvents: 0
1099 ms. Memory: 197632K Free: 82673K (42%)
----------------- Invoking toplevel() on ptolemy.moml.MoMLSimpleApplication@504d6e3e
----------------- Done invoking toplevel() on ptolemy.moml.MoMLSimpleApplication@504d6e3e
reloadAllAccessors: .FMUQSSStateEvent1_QSS2

===========================================================================================
----------------- testing Tue Nov 12 06:30:38 UTC 2019 /home/travis/build/icyphy/ptII/ptolemy/actor/lib/fmi/test/auto/linux-amd64/FMUQSSStateEvent1_QSS3.xml
----------------- Instantiating /home/travis/build/icyphy/ptII/ptolemy/actor/lib/fmi/test/auto/linux-amd64/FMUQSSStateEvent1_QSS3.xml
 Number of steps: 1067
  stateEvents: 1
  stepEvents: 0
  timeEvents: 0
289 ms. Memory: 197632K Free: 163330K (83%)
----------------- Invoking toplevel() on ptolemy.moml.MoMLSimpleApplication@55773105
----------------- Done invoking toplevel() on ptolemy.moml.MoMLSimpleApplication@55773105
reloadAllAccessors: .FMUQSSStateEvent1_QSS3

===========================================================================================
----------------- testing Tue Nov 12 06:30:38 UTC 2019 /home/travis/build/icyphy/ptII/ptolemy/actor/lib/fmi/test/auto/linux-amd64/FMUQSSStateEvent2_QSS1.xml
----------------- Instantiating /home/travis/build/icyphy/ptII/ptolemy/actor/lib/fmi/test/auto/linux-amd64/FMUQSSStateEvent2_QSS1.xml
 Number of steps: 3368
  stateEvents: 8
  stepEvents: 0
  timeEvents: 0
594 ms. Memory: 197632K Free: 82333K (42%)
----------------- Invoking toplevel() on ptolemy.moml.MoMLSimpleApplication@26e5bc95
----------------- Done invoking toplevel() on ptolemy.moml.MoMLSimpleApplication@26e5bc95
reloadAllAccessors: .FMUQSSStateEvent2_QSS1

===========================================================================================
----------------- testing Tue Nov 12 06:30:39 UTC 2019 /home/travis/build/icyphy/ptII/ptolemy/actor/lib/fmi/test/auto/linux-amd64/FMUQSSStateEvent2_QSS2.xml
----------------- Instantiating /home/travis/build/icyphy/ptII/ptolemy/actor/lib/fmi/test/auto/linux-amd64/FMUQSSStateEvent2_QSS2.xml
 Number of steps: 2499
  stateEvents: 8
  stepEvents: 0
  timeEvents: 0
689 ms. Memory: 197632K Free: 85248K (43%)
----------------- Invoking toplevel() on ptolemy.moml.MoMLSimpleApplication@3340f568
----------------- Done invoking toplevel() on ptolemy.moml.MoMLSimpleApplication@3340f568
reloadAllAccessors: .FMUQSSStateEvent2_QSS2

===========================================================================================
----------------- testing Tue Nov 12 06:30:40 UTC 2019 /home/travis/build/icyphy/ptII/ptolemy/actor/lib/fmi/test/auto/linux-amd64/FMUQSSStateEvent4_QSS1.xml
----------------- Instantiating /home/travis/build/icyphy/ptII/ptolemy/actor/lib/fmi/test/auto/linux-amd64/FMUQSSStateEvent4_QSS1.xml
 Number of steps: 707
  stateEvents: 1
  stepEvents: 0
  timeEvents: 1
140 ms. Memory: 197632K Free: 64768K (33%)
----------------- Invoking toplevel() on ptolemy.moml.MoMLSimpleApplication@5df4b240
----------------- Done invoking toplevel() on ptolemy.moml.MoMLSimpleApplication@5df4b240
reloadAllAccessors: .FMUQSSStateEvent4_QSS1

===========================================================================================
----------------- testing Tue Nov 12 06:30:40 UTC 2019 /home/travis/build/icyphy/ptII/ptolemy/actor/lib/fmi/test/auto/linux-amd64/FMUQSSStateEvent4_QSS2.xml
----------------- Instantiating /home/travis/build/icyphy/ptII/ptolemy/actor/lib/fmi/test/auto/linux-amd64/FMUQSSStateEvent4_QSS2.xml
 Number of steps: 528
  stateEvents: 1
  stepEvents: 0
  timeEvents: 1
101 ms. Memory: 318464K Free: 274874K (86%)
----------------- Invoking toplevel() on ptolemy.moml.MoMLSimpleApplication@cd80ae7
----------------- Done invoking toplevel() on ptolemy.moml.MoMLSimpleApplication@cd80ae7
reloadAllAccessors: .FMUQSSStateEvent4_QSS2

===========================================================================================
----------------- testing Tue Nov 12 06:30:40 UTC 2019 /home/travis/build/icyphy/ptII/ptolemy/actor/lib/fmi/test/auto/linux-amd64/FMUQSSStateEvent4_QSS3.xml
----------------- Instantiating /home/travis/build/icyphy/ptII/ptolemy/actor/lib/fmi/test/auto/linux-amd64/FMUQSSStateEvent4_QSS3.xml
 Number of steps: 546
  stateEvents: 1
  stepEvents: 0
  timeEvents: 1
109 ms. Memory: 318464K Free: 257980K (81%)
----------------- Invoking toplevel() on ptolemy.moml.MoMLSimpleApplication@6219351e
----------------- Done invoking toplevel() on ptolemy.moml.MoMLSimpleApplication@6219351e
reloadAllAccessors: .FMUQSSStateEvent4_QSS3

===========================================================================================
----------------- testing Tue Nov 12 06:30:40 UTC 2019 /home/travis/build/icyphy/ptII/ptolemy/actor/lib/fmi/test/auto/linux-amd64/FMUQSSStateEvent5_QSS1.xml
----------------- Instantiating /home/travis/build/icyphy/ptII/ptolemy/actor/lib/fmi/test/auto/linux-amd64/FMUQSSStateEvent5_QSS1.xml
 Number of steps: 991
  stateEvents: 2
  stepEvents: 0
  timeEvents: 0
183 ms. Memory: 318464K Free: 230842K (72%)
----------------- Invoking toplevel() on ptolemy.moml.MoMLSimpleApplication@763095c9
----------------- Done invoking toplevel() on ptolemy.moml.MoMLSimpleApplication@763095c9
reloadAllAccessors: .FMUQSSStateEvent5_QSS1

===========================================================================================
----------------- testing Tue Nov 12 06:30:40 UTC 2019 /home/travis/build/icyphy/ptII/ptolemy/actor/lib/fmi/test/auto/linux-amd64/FMUQSSStateEvent5_QSS2.xml
----------------- Instantiating /home/travis/build/icyphy/ptII/ptolemy/actor/lib/fmi/test/auto/linux-amd64/FMUQSSStateEvent5_QSS2.xml
 Number of steps: 3082
  stateEvents: 2
  stepEvents: 0
  timeEvents: 0
514 ms. Memory: 318464K Free: 162234K (51%)
----------------- Invoking toplevel() on ptolemy.moml.MoMLSimpleApplication@482744c8
----------------- Done invoking toplevel() on ptolemy.moml.MoMLSimpleApplication@482744c8
reloadAllAccessors: .FMUQSSStateEvent5_QSS2

===========================================================================================
----------------- testing Tue Nov 12 06:30:41 UTC 2019 /home/travis/build/icyphy/ptII/ptolemy/actor/lib/fmi/test/auto/linux-amd64/FMUQSSStateEvent5_QSS3.xml
----------------- Instantiating /home/travis/build/icyphy/ptII/ptolemy/actor/lib/fmi/test/auto/linux-amd64/FMUQSSStateEvent5_QSS3.xml
 Number of steps: 416
  stateEvents: 2
  stepEvents: 0
  timeEvents: 0
77 ms. Memory: 318464K Free: 147898K (46%)
----------------- Invoking toplevel() on ptolemy.moml.MoMLSimpleApplication@7f00ee98
----------------- Done invoking toplevel() on ptolemy.moml.MoMLSimpleApplication@7f00ee98
reloadAllAccessors: .FMUQSSStateEvent5_QSS3

===========================================================================================
----------------- testing Tue Nov 12 06:30:41 UTC 2019 /home/travis/build/icyphy/ptII/ptolemy/actor/lib/fmi/test/auto/linux-amd64/FMUQSSStateEvent6_QSS1.xml
----------------- Instantiating /home/travis/build/icyphy/ptII/ptolemy/actor/lib/fmi/test/auto/linux-amd64/FMUQSSStateEvent6_QSS1.xml
 Number of steps: 4328
  stateEvents: 8
  stepEvents: 0
  timeEvents: 0
826 ms. Memory: 318464K Free: 224700K (71%)
----------------- Invoking toplevel() on ptolemy.moml.MoMLSimpleApplication@645bc7ad
----------------- Done invoking toplevel() on ptolemy.moml.MoMLSimpleApplication@645bc7ad
reloadAllAccessors: .FMUQSSStateEvent6_QSS1

===========================================================================================
----------------- testing Tue Nov 12 06:30:42 UTC 2019 /home/travis/build/icyphy/ptII/ptolemy/actor/lib/fmi/test/auto/linux-amd64/FMUQSSStateEvent6_QSS2.xml
----------------- Instantiating /home/travis/build/icyphy/ptII/ptolemy/actor/lib/fmi/test/auto/linux-amd64/FMUQSSStateEvent6_QSS2.xml
 Number of steps: 2682
  stateEvents: 9
  stepEvents: 0
  timeEvents: 0
711 ms. Memory: 318464K Free: 116156K (36%)
----------------- Invoking toplevel() on ptolemy.moml.MoMLSimpleApplication@4ba6e74c
----------------- Done invoking toplevel() on ptolemy.moml.MoMLSimpleApplication@4ba6e74c
reloadAllAccessors: .FMUQSSStateEvent6_QSS2
AutoTests.java: About to close Vertx.
AutoTests.java: Vertx closed.

===========================================================================================
----------------- testing Tue Nov 12 06:30:43 UTC 2019 /home/travis/build/icyphy/ptII/ptolemy/actor/lib/fmi/test/auto/FMU30Inc.xml
----------------- Instantiating /home/travis/build/icyphy/ptII/ptolemy/actor/lib/fmi/test/auto/FMU30Inc.xml
181 ms. Memory: 318464K Free: 230480K (72%)
----------------- Invoking toplevel() on ptolemy.moml.MoMLSimpleApplication@67f95b45
----------------- Done invoking toplevel() on ptolemy.moml.MoMLSimpleApplication@67f95b45
reloadAllAccessors: .FMU30Inc

===========================================================================================
----------------- testing Tue Nov 12 06:30:44 UTC 2019 /home/travis/build/icyphy/ptII/ptolemy/actor/lib/fmi/test/auto/FMUBouncingBall.xml
----------------- Instantiating /home/travis/build/icyphy/ptII/ptolemy/actor/lib/fmi/test/auto/FMUBouncingBall.xml
127 ms. Memory: 318464K Free: 219730K (69%)
----------------- Invoking toplevel() on ptolemy.moml.MoMLSimpleApplication@619efb71
----------------- Done invoking toplevel() on ptolemy.moml.MoMLSimpleApplication@619efb71
reloadAllAccessors: .FMUBouncingBall

===========================================================================================
----------------- testing Tue Nov 12 06:30:44 UTC 2019 /home/travis/build/icyphy/ptII/ptolemy/actor/lib/fmi/test/auto/FMUBouncingBallME20.xml
----------------- Instantiating /home/travis/build/icyphy/ptII/ptolemy/actor/lib/fmi/test/auto/FMUBouncingBallME20.xml
120 ms. Memory: 318464K Free: 204880K (64%)
----------------- Invoking toplevel() on ptolemy.moml.MoMLSimpleApplication@2b727f59
----------------- Done invoking toplevel() on ptolemy.moml.MoMLSimpleApplication@2b727f59
reloadAllAccessors: .FMUBouncingBallME20

===========================================================================================
----------------- testing Tue Nov 12 06:30:44 UTC 2019 /home/travis/build/icyphy/ptII/ptolemy/actor/lib/fmi/test/auto/FMUDQ.xml
----------------- Instantiating /home/travis/build/icyphy/ptII/ptolemy/actor/lib/fmi/test/auto/FMUDQ.xml
5 ms. Memory: 318464K Free: 200274K (63%)
----------------- Invoking toplevel() on ptolemy.moml.MoMLSimpleApplication@1df81826
----------------- Done invoking toplevel() on ptolemy.moml.MoMLSimpleApplication@1df81826
reloadAllAccessors: .FMUDQ

===========================================================================================
----------------- testing Tue Nov 12 06:30:44 UTC 2019 /home/travis/build/icyphy/ptII/ptolemy/actor/lib/fmi/test/auto/FMUDq20.xml
----------------- Instantiating /home/travis/build/icyphy/ptII/ptolemy/actor/lib/fmi/test/auto/FMUDq20.xml
31 ms. Memory: 318464K Free: 190034K (60%)
----------------- Invoking toplevel() on ptolemy.moml.MoMLSimpleApplication@7a85279d
----------------- Done invoking toplevel() on ptolemy.moml.MoMLSimpleApplication@7a85279d
reloadAllAccessors: .FMUDq20

===========================================================================================
----------------- testing Tue Nov 12 06:30:44 UTC 2019 /home/travis/build/icyphy/ptII/ptolemy/actor/lib/fmi/test/auto/FMUDqME20.xml
----------------- Instantiating /home/travis/build/icyphy/ptII/ptolemy/actor/lib/fmi/test/auto/FMUDqME20.xml
8 ms. Memory: 318464K Free: 183376K (58%)
----------------- Invoking toplevel() on ptolemy.moml.MoMLSimpleApplication@7bd495d1
----------------- Done invoking toplevel() on ptolemy.moml.MoMLSimpleApplication@7bd495d1
reloadAllAccessors: .FMUDqME20

===========================================================================================
----------------- testing Tue Nov 12 06:30:44 UTC 2019 /home/travis/build/icyphy/ptII/ptolemy/actor/lib/fmi/test/auto/FMUFourInputsFourOutputsME20.xml
----------------- Instantiating /home/travis/build/icyphy/ptII/ptolemy/actor/lib/fmi/test/auto/FMUFourInputsFourOutputsME20.xml
13 ms. Memory: 318464K Free: 174674K (55%)
----------------- Invoking toplevel() on ptolemy.moml.MoMLSimpleApplication@7ee887aa
----------------- Done invoking toplevel() on ptolemy.moml.MoMLSimpleApplication@7ee887aa
reloadAllAccessors: .FMUFourInputsFourOutputsME20

===========================================================================================
----------------- testing Tue Nov 12 06:30:44 UTC 2019 /home/travis/build/icyphy/ptII/ptolemy/actor/lib/fmi/test/auto/FMUHeaterFlowResistance.xml
----------------- Instantiating /home/travis/build/icyphy/ptII/ptolemy/actor/lib/fmi/test/auto/FMUHeaterFlowResistance.xml
FMU Builder messages:

Attempting to build /tmp/FMUFile18283231334195469621.tmp/binaries/linux64/heaterFlowResistance.so
architecture: linux64 isWindows: false  command: make target: linux64
make ARCH=linux64 CBITSFLAGS=-fvisibility=hidden PIC=-fPIC SHARED_LIBRARY_SUFFIX=so heaterFlowResistance.so
make[1]: Entering directory '/tmp/FMUFile18283231334195469621.tmp/sources'
echo `pwd`
/tmp/FMUFile18283231334195469621.tmp/sources
cc -g -c -fvisibility=hidden -fPIC -Wall -DFMI_COSIMULATION -I.  heaterFlowResistance.c -o heaterFlowResistance.o
Creating ../binaries/linux64/
cc -fvisibility=hidden -g -Wall -shared -Wl,-soname,heaterFlowResistance.so -DFMI_COSIMULATION -I. -o ../binaries/linux64/heaterFlowResistance.so heaterFlowResistance.o 
rm heaterFlowResistance.o
make[1]: Leaving directory '/tmp/FMUFile18283231334195469621.tmp/sources'

138 ms. Memory: 318464K Free: 164944K (52%)
----------------- Invoking toplevel() on ptolemy.moml.MoMLSimpleApplication@369115fa
----------------- Done invoking toplevel() on ptolemy.moml.MoMLSimpleApplication@369115fa
reloadAllAccessors: .FMUHeaterFlowResistance

===========================================================================================
----------------- testing Tue Nov 12 06:30:45 UTC 2019 /home/travis/build/icyphy/ptII/ptolemy/actor/lib/fmi/test/auto/FMUHelloWorld.xml
----------------- Instantiating /home/travis/build/icyphy/ptII/ptolemy/actor/lib/fmi/test/auto/FMUHelloWorld.xml
9 ms. Memory: 318464K Free: 161362K (51%)
----------------- Invoking toplevel() on ptolemy.moml.MoMLSimpleApplication@57d2b5e0
----------------- Done invoking toplevel() on ptolemy.moml.MoMLSimpleApplication@57d2b5e0
reloadAllAccessors: .FMUHelloWorld

===========================================================================================
----------------- testing Tue Nov 12 06:30:45 UTC 2019 /home/travis/build/icyphy/ptII/ptolemy/actor/lib/fmi/test/auto/FMUHelloWorldUnBuilt.xml
----------------- Instantiating /home/travis/build/icyphy/ptII/ptolemy/actor/lib/fmi/test/auto/FMUHelloWorldUnBuilt.xml
FMU Builder messages:

Attempting to build /tmp/FMUFile12339010452890829295.tmp/binaries/linux64/helloWorld.so
architecture: linux64 isWindows: false  command: make target: linux64
make ARCH=linux64 CBITSFLAGS=-fvisibility=hidden PIC=-fPIC SHARED_LIBRARY_SUFFIX=so helloWorld.so
make[1]: Entering directory '/tmp/FMUFile12339010452890829295.tmp/sources'
echo `pwd`
/tmp/FMUFile12339010452890829295.tmp/sources
cc -g -c -fvisibility=hidden -fPIC -Wall -DFMI_COSIMULATION -I.  helloWorld.c -o helloWorld.o
Creating ../binaries/linux64/
cc -fvisibility=hidden -g -Wall -shared -Wl,-soname,helloWorld.so -DFMI_COSIMULATION -I. -o ../binaries/linux64/helloWorld.so helloWorld.o 
rm helloWorld.o
make[1]: Leaving directory '/tmp/FMUFile12339010452890829295.tmp/sources'

92 ms. Memory: 318464K Free: 156752K (49%)
----------------- Invoking toplevel() on ptolemy.moml.MoMLSimpleApplication@56964eae
----------------- Done invoking toplevel() on ptolemy.moml.MoMLSimpleApplication@56964eae
reloadAllAccessors: .FMUHelloWorldUnBuilt

===========================================================================================
----------------- testing Tue Nov 12 06:30:45 UTC 2019 /home/travis/build/icyphy/ptII/ptolemy/actor/lib/fmi/test/auto/FMUInc.xml
----------------- Instantiating /home/travis/build/icyphy/ptII/ptolemy/actor/lib/fmi/test/auto/FMUInc.xml
8 ms. Memory: 318464K Free: 153170K (48%)
----------------- Invoking toplevel() on ptolemy.moml.MoMLSimpleApplication@66ad0b24
----------------- Done invoking toplevel() on ptolemy.moml.MoMLSimpleApplication@66ad0b24
reloadAllAccessors: .FMUInc

===========================================================================================
----------------- testing Tue Nov 12 06:30:45 UTC 2019 /home/travis/build/icyphy/ptII/ptolemy/actor/lib/fmi/test/auto/FMUInc2.xml
----------------- Instantiating /home/travis/build/icyphy/ptII/ptolemy/actor/lib/fmi/test/auto/FMUInc2.xml
17 ms. Memory: 318464K Free: 149074K (47%)
----------------- Invoking toplevel() on ptolemy.moml.MoMLSimpleApplication@46f6e578
----------------- Done invoking toplevel() on ptolemy.moml.MoMLSimpleApplication@46f6e578
reloadAllAccessors: .FMUInc2

===========================================================================================
----------------- testing Tue Nov 12 06:30:45 UTC 2019 /home/travis/build/icyphy/ptII/ptolemy/actor/lib/fmi/test/auto/FMUIncME1.xml
----------------- Instantiating /home/travis/build/icyphy/ptII/ptolemy/actor/lib/fmi/test/auto/FMUIncME1.xml
14 ms. Memory: 318464K Free: 145488K (46%)
----------------- Invoking toplevel() on ptolemy.moml.MoMLSimpleApplication@52049152
----------------- Done invoking toplevel() on ptolemy.moml.MoMLSimpleApplication@52049152
reloadAllAccessors: .FMUIncME1

===========================================================================================
----------------- testing Tue Nov 12 06:30:45 UTC 2019 /home/travis/build/icyphy/ptII/ptolemy/actor/lib/fmi/test/auto/FMUIncME20.xml
----------------- Instantiating /home/travis/build/icyphy/ptII/ptolemy/actor/lib/fmi/test/auto/FMUIncME20.xml
8 ms. Memory: 318464K Free: 141392K (44%)
----------------- Invoking toplevel() on ptolemy.moml.MoMLSimpleApplication@23d39d5c
----------------- Done invoking toplevel() on ptolemy.moml.MoMLSimpleApplication@23d39d5c
reloadAllAccessors: .FMUIncME20

===========================================================================================
----------------- testing Tue Nov 12 06:30:45 UTC 2019 /home/travis/build/icyphy/ptII/ptolemy/actor/lib/fmi/test/auto/FMUIncScale20RC1pt.xml
----------------- Instantiating /home/travis/build/icyphy/ptII/ptolemy/actor/lib/fmi/test/auto/FMUIncScale20RC1pt.xml
13 ms. Memory: 318464K Free: 136272K (43%)
----------------- Invoking toplevel() on ptolemy.moml.MoMLSimpleApplication@1f0e57c2
----------------- Done invoking toplevel() on ptolemy.moml.MoMLSimpleApplication@1f0e57c2
reloadAllAccessors: .FMUIncScale20RC1pt

===========================================================================================
----------------- testing Tue Nov 12 06:30:45 UTC 2019 /home/travis/build/icyphy/ptII/ptolemy/actor/lib/fmi/test/auto/FMULevelStairs.xml
----------------- Instantiating /home/travis/build/icyphy/ptII/ptolemy/actor/lib/fmi/test/auto/FMULevelStairs.xml
40 ms. Memory: 318464K Free: 131666K (41%)
----------------- Invoking toplevel() on ptolemy.moml.MoMLSimpleApplication@5b770db9
----------------- Done invoking toplevel() on ptolemy.moml.MoMLSimpleApplication@5b770db9
reloadAllAccessors: .FMULevelStairs

===========================================================================================
----------------- testing Tue Nov 12 06:30:45 UTC 2019 /home/travis/build/icyphy/ptII/ptolemy/actor/lib/fmi/test/auto/FMUPumpConstantSpeed.xml
----------------- Instantiating /home/travis/build/icyphy/ptII/ptolemy/actor/lib/fmi/test/auto/FMUPumpConstantSpeed.xml
FMU Builder messages:

Attempting to build /tmp/FMUFile15953892424641117630.tmp/binaries/linux64/pumpConstantSpeed.so
architecture: linux64 isWindows: false  command: make target: linux64
make ARCH=linux64 CBITSFLAGS=-fvisibility=hidden PIC=-fPIC SHARED_LIBRARY_SUFFIX=so pumpConstantSpeed.so
make[1]: Entering directory '/tmp/FMUFile15953892424641117630.tmp/sources'
echo `pwd`
/tmp/FMUFile15953892424641117630.tmp/sources
cc -g -c -fvisibility=hidden -fPIC -Wall -DFMI_COSIMULATION -I.  pumpConstantSpeed.c -o pumpConstantSpeed.o
Creating ../binaries/linux64/
cc -fvisibility=hidden -g -Wall -shared -Wl,-soname,pumpConstantSpeed.so -DFMI_COSIMULATION -I. -o ../binaries/linux64/pumpConstantSpeed.so pumpConstantSpeed.o 
rm pumpConstantSpeed.o
make[1]: Leaving directory '/tmp/FMUFile15953892424641117630.tmp/sources'

115 ms. Memory: 318464K Free: 123474K (39%)
----------------- Invoking toplevel() on ptolemy.moml.MoMLSimpleApplication@8b4650
----------------- Done invoking toplevel() on ptolemy.moml.MoMLSimpleApplication@8b4650
reloadAllAccessors: .FMUPumpConstantSpeed

===========================================================================================
----------------- testing Tue Nov 12 06:30:45 UTC 2019 /home/travis/build/icyphy/ptII/ptolemy/actor/lib/fmi/test/auto/FMUQSSTankOpen.xml
----------------- Instantiating /home/travis/build/icyphy/ptII/ptolemy/actor/lib/fmi/test/auto/FMUQSSTankOpen.xml
FMU Builder messages:

Attempting to build /tmp/FMUFile16234979415649512577.tmp/binaries/linux64/tankOpen.so
architecture: linux64 isWindows: false  command: make target: linux64
make ARCH=linux64 CBITSFLAGS=-fvisibility=hidden PIC=-fPIC SHARED_LIBRARY_SUFFIX=so tankOpen.so
make[1]: Entering directory '/tmp/FMUFile16234979415649512577.tmp/sources'
echo `pwd`
/tmp/FMUFile16234979415649512577.tmp/sources
cc -g -c -fvisibility=hidden -fPIC -Wall -DFMI_COSIMULATION -I.  tankOpen.c -o tankOpen.o
Creating ../binaries/linux64/
cc -fvisibility=hidden -g -Wall -shared -Wl,-soname,tankOpen.so -DFMI_COSIMULATION -I. -o ../binaries/linux64/tankOpen.so tankOpen.o -lm
rm tankOpen.o
make[1]: Leaving directory '/tmp/FMUFile16234979415649512577.tmp/sources'

 Number of steps: 39894
  stateEvents: 0
  stepEvents: 0
  timeEvents: 0
3007 ms. Memory: 482304K Free: 345049K (72%)
----------------- Invoking toplevel() on ptolemy.moml.MoMLSimpleApplication@270f9882
----------------- Done invoking toplevel() on ptolemy.moml.MoMLSimpleApplication@270f9882
reloadAllAccessors: .FMUQSSTankOpen

===========================================================================================
----------------- testing Tue Nov 12 06:30:48 UTC 2019 /home/travis/build/icyphy/ptII/ptolemy/actor/lib/fmi/test/auto/FMUSDFBouncingBall.xml
----------------- Instantiating /home/travis/build/icyphy/ptII/ptolemy/actor/lib/fmi/test/auto/FMUSDFBouncingBall.xml
9 ms. Memory: 482304K Free: 339415K (70%)
----------------- Invoking toplevel() on ptolemy.moml.MoMLSimpleApplication@5442bf7f
----------------- Done invoking toplevel() on ptolemy.moml.MoMLSimpleApplication@5442bf7f
reloadAllAccessors: .FMUSDFBouncingBall

===========================================================================================
----------------- testing Tue Nov 12 06:30:48 UTC 2019 /home/travis/build/icyphy/ptII/ptolemy/actor/lib/fmi/test/auto/FMUSDFBouncingBall20.xml
----------------- Instantiating /home/travis/build/icyphy/ptII/ptolemy/actor/lib/fmi/test/auto/FMUSDFBouncingBall20.xml
232 ms. Memory: 482304K Free: 300503K (62%)
----------------- Invoking toplevel() on ptolemy.moml.MoMLSimpleApplication@a0fe1e1
----------------- Done invoking toplevel() on ptolemy.moml.MoMLSimpleApplication@a0fe1e1
reloadAllAccessors: .FMUSDFBouncingBall20

===========================================================================================
----------------- testing Tue Nov 12 06:30:48 UTC 2019 /home/travis/build/icyphy/ptII/ptolemy/actor/lib/fmi/test/auto/FMUSDFBouncingBall20RC1.xml
----------------- Instantiating /home/travis/build/icyphy/ptII/ptolemy/actor/lib/fmi/test/auto/FMUSDFBouncingBall20RC1.xml
11 ms. Memory: 482304K Free: 294359K (61%)
----------------- Invoking toplevel() on ptolemy.moml.MoMLSimpleApplication@7957c7c6
----------------- Done invoking toplevel() on ptolemy.moml.MoMLSimpleApplication@7957c7c6
reloadAllAccessors: .FMUSDFBouncingBall20RC1

===========================================================================================
----------------- testing Tue Nov 12 06:30:48 UTC 2019 /home/travis/build/icyphy/ptII/ptolemy/actor/lib/fmi/test/auto/FMUSDFInc20.xml
----------------- Instantiating /home/travis/build/icyphy/ptII/ptolemy/actor/lib/fmi/test/auto/FMUSDFInc20.xml
14 ms. Memory: 482304K Free: 288729K (60%)
----------------- Invoking toplevel() on ptolemy.moml.MoMLSimpleApplication@7bf8298
----------------- Done invoking toplevel() on ptolemy.moml.MoMLSimpleApplication@7bf8298
reloadAllAccessors: .FMUSDFInc20

===========================================================================================
----------------- testing Tue Nov 12 06:30:49 UTC 2019 /home/travis/build/icyphy/ptII/ptolemy/actor/lib/fmi/test/auto/FMUStairs.xml
----------------- Instantiating /home/travis/build/icyphy/ptII/ptolemy/actor/lib/fmi/test/auto/FMUStairs.xml
25 ms. Memory: 482304K Free: 282585K (59%)
----------------- Invoking toplevel() on ptolemy.moml.MoMLSimpleApplication@383a925a
----------------- Done invoking toplevel() on ptolemy.moml.MoMLSimpleApplication@383a925a
reloadAllAccessors: .FMUStairs

===========================================================================================
----------------- testing Tue Nov 12 06:30:49 UTC 2019 /home/travis/build/icyphy/ptII/ptolemy/actor/lib/fmi/test/auto/FMUStepCounter1.xml
----------------- Instantiating /home/travis/build/icyphy/ptII/ptolemy/actor/lib/fmi/test/auto/FMUStepCounter1.xml
FMU Builder messages:

Attempting to build /tmp/FMUFile2267763361785959876.tmp/binaries/linux64/stepCounter1.so
architecture: linux64 isWindows: false  command: make target: linux64
make ARCH=linux64 CBITSFLAGS=-fvisibility=hidden PIC=-fPIC SHARED_LIBRARY_SUFFIX=so stepCounter1.so
make[1]: Entering directory '/tmp/FMUFile2267763361785959876.tmp/sources'
echo `pwd`
/tmp/FMUFile2267763361785959876.tmp/sources
cc -g -c -fvisibility=hidden -fPIC -Wall -DFMI_COSIMULATION -I.  stepCounter1.c -o stepCounter1.o
Creating ../binaries/linux64/
cc -fvisibility=hidden -g -Wall -shared -Wl,-soname,stepCounter1.so -DFMI_COSIMULATION -I. -o ../binaries/linux64/stepCounter1.so stepCounter1.o 
rm stepCounter1.o
make[1]: Leaving directory '/tmp/FMUFile2267763361785959876.tmp/sources'

98 ms. Memory: 482304K Free: 277463K (58%)
----------------- Invoking toplevel() on ptolemy.moml.MoMLSimpleApplication@4bee7051
----------------- Done invoking toplevel() on ptolemy.moml.MoMLSimpleApplication@4bee7051
reloadAllAccessors: .FMUStepCounter1

===========================================================================================
----------------- testing Tue Nov 12 06:30:49 UTC 2019 /home/travis/build/icyphy/ptII/ptolemy/actor/lib/fmi/test/auto/FMUStepCounter2.xml
----------------- Instantiating /home/travis/build/icyphy/ptII/ptolemy/actor/lib/fmi/test/auto/FMUStepCounter2.xml
FMU Builder messages:

Attempting to build /tmp/FMUFile8081264906507955782.tmp/binaries/linux64/stepCounter.so
architecture: linux64 isWindows: false  command: make target: linux64
make ARCH=linux64 CBITSFLAGS=-fvisibility=hidden PIC=-fPIC SHARED_LIBRARY_SUFFIX=so stepCounter.so
make[1]: Entering directory '/tmp/FMUFile8081264906507955782.tmp/sources'
echo `pwd`
/tmp/FMUFile8081264906507955782.tmp/sources
cc -g -c -fvisibility=hidden -fPIC -Wall -DFMI_COSIMULATION -I.  stepCounter.c -o stepCounter.o
Creating ../binaries/linux64/
cc -fvisibility=hidden -g -Wall -shared -Wl,-soname,stepCounter.so -DFMI_COSIMULATION -I. -o ../binaries/linux64/stepCounter.so stepCounter.o 
rm stepCounter.o
make[1]: Leaving directory '/tmp/FMUFile8081264906507955782.tmp/sources'

103 ms. Memory: 482304K Free: 272345K (56%)
----------------- Invoking toplevel() on ptolemy.moml.MoMLSimpleApplication@acc722c
----------------- Done invoking toplevel() on ptolemy.moml.MoMLSimpleApplication@acc722c
reloadAllAccessors: .FMUStepCounter2

===========================================================================================
----------------- testing Tue Nov 12 06:30:49 UTC 2019 /home/travis/build/icyphy/ptII/ptolemy/actor/lib/fmi/test/auto/FMUStepCounterContinuous1.xml
----------------- Instantiating /home/travis/build/icyphy/ptII/ptolemy/actor/lib/fmi/test/auto/FMUStepCounterContinuous1.xml
7 ms. Memory: 482304K Free: 268759K (56%)
----------------- Invoking toplevel() on ptolemy.moml.MoMLSimpleApplication@1d26f794
----------------- Done invoking toplevel() on ptolemy.moml.MoMLSimpleApplication@1d26f794
reloadAllAccessors: .FMUStepCounterContinuous

===========================================================================================
----------------- testing Tue Nov 12 06:30:49 UTC 2019 /home/travis/build/icyphy/ptII/ptolemy/actor/lib/fmi/test/auto/FMUStepCounterContinuous2.xml
----------------- Instantiating /home/travis/build/icyphy/ptII/ptolemy/actor/lib/fmi/test/auto/FMUStepCounterContinuous2.xml
11 ms. Memory: 482304K Free: 264663K (55%)
----------------- Invoking toplevel() on ptolemy.moml.MoMLSimpleApplication@6c9ae110
----------------- Done invoking toplevel() on ptolemy.moml.MoMLSimpleApplication@6c9ae110
reloadAllAccessors: .FMUStepCounterContinuous2

===========================================================================================
----------------- testing Tue Nov 12 06:30:49 UTC 2019 /home/travis/build/icyphy/ptII/ptolemy/actor/lib/fmi/test/auto/FMUStepCounterContinuousTwoFMUs1.xml
----------------- Instantiating /home/travis/build/icyphy/ptII/ptolemy/actor/lib/fmi/test/auto/FMUStepCounterContinuousTwoFMUs1.xml
9 ms. Memory: 482304K Free: 259543K (54%)
----------------- Invoking toplevel() on ptolemy.moml.MoMLSimpleApplication@14c44878
----------------- Done invoking toplevel() on ptolemy.moml.MoMLSimpleApplication@14c44878
reloadAllAccessors: .FMUStepCounterContinuousTwoFMUs

===========================================================================================
----------------- testing Tue Nov 12 06:30:49 UTC 2019 /home/travis/build/icyphy/ptII/ptolemy/actor/lib/fmi/test/auto/FMUStepCounterContinuousTwoFMUs2.xml
----------------- Instantiating /home/travis/build/icyphy/ptII/ptolemy/actor/lib/fmi/test/auto/FMUStepCounterContinuousTwoFMUs2.xml
26 ms. Memory: 482304K Free: 253913K (53%)
----------------- Invoking toplevel() on ptolemy.moml.MoMLSimpleApplication@862e99a
----------------- Done invoking toplevel() on ptolemy.moml.MoMLSimpleApplication@862e99a
reloadAllAccessors: .FMUStepCounterContinuousTwoFMUs2

===========================================================================================
----------------- testing Tue Nov 12 06:30:49 UTC 2019 /home/travis/build/icyphy/ptII/ptolemy/actor/lib/fmi/test/auto/FMUStepCounterExtendedFMI.xml
----------------- Instantiating /home/travis/build/icyphy/ptII/ptolemy/actor/lib/fmi/test/auto/FMUStepCounterExtendedFMI.xml
FMU Builder messages:

Attempting to build /tmp/FMUFile16570454853394782960.tmp/binaries/linux64/stepCounterExtendedFMI.so
architecture: linux64 isWindows: false  command: make target: linux64
make ARCH=linux64 CBITSFLAGS=-fvisibility=hidden PIC=-fPIC SHARED_LIBRARY_SUFFIX=so stepCounterExtendedFMI.so
make[1]: Entering directory '/tmp/FMUFile16570454853394782960.tmp/sources'
echo `pwd`
/tmp/FMUFile16570454853394782960.tmp/sources
cc -g -c -fvisibility=hidden -fPIC -Wall -DFMI_COSIMULATION -I.  stepCounterExtendedFMI.c -o stepCounterExtendedFMI.o
Creating ../binaries/linux64/
cc -fvisibility=hidden -g -Wall -shared -Wl,-soname,stepCounterExtendedFMI.so -DFMI_COSIMULATION -I. -o ../binaries/linux64/stepCounterExtendedFMI.so stepCounterExtendedFMI.o 
rm stepCounterExtendedFMI.o
make[1]: Leaving directory '/tmp/FMUFile16570454853394782960.tmp/sources'

112 ms. Memory: 482304K Free: 245721K (51%)
----------------- Invoking toplevel() on ptolemy.moml.MoMLSimpleApplication@37925102
----------------- Done invoking toplevel() on ptolemy.moml.MoMLSimpleApplication@37925102
reloadAllAccessors: .FMUStepCounterExtendedFMI

===========================================================================================
----------------- testing Tue Nov 12 06:30:49 UTC 2019 /home/travis/build/icyphy/ptII/ptolemy/actor/lib/fmi/test/auto/FMUStepCounterPeriodInNameContinuous2.xml
----------------- Instantiating /home/travis/build/icyphy/ptII/ptolemy/actor/lib/fmi/test/auto/FMUStepCounterPeriodInNameContinuous2.xml
FMU Builder messages:

Attempting to build /tmp/FMUFile14112941037814941277.tmp/binaries/linux64/stepCounterPeriodInName.so
architecture: linux64 isWindows: false  command: make target: linux64
make ARCH=linux64 CBITSFLAGS=-fvisibility=hidden PIC=-fPIC SHARED_LIBRARY_SUFFIX=so stepCounterPeriodInName.so
make[1]: Entering directory '/tmp/FMUFile14112941037814941277.tmp/sources'
echo `pwd`
/tmp/FMUFile14112941037814941277.tmp/sources
cc -g -c -fvisibility=hidden -fPIC -Wall -DFMI_COSIMULATION -I.  stepCounterPeriodInName.c -o stepCounterPeriodInName.o
Creating ../binaries/linux64/
cc -fvisibility=hidden -g -Wall -shared -Wl,-soname,stepCounterPeriodInName.so -DFMI_COSIMULATION -I. -o ../binaries/linux64/stepCounterPeriodInName.so stepCounterPeriodInName.o 
rm stepCounterPeriodInName.o
make[1]: Leaving directory '/tmp/FMUFile14112941037814941277.tmp/sources'

98 ms. Memory: 482304K Free: 240087K (50%)
----------------- Invoking toplevel() on ptolemy.moml.MoMLSimpleApplication@2847c438
----------------- Done invoking toplevel() on ptolemy.moml.MoMLSimpleApplication@2847c438
reloadAllAccessors: .FMUStepCounterPeriodInNameContinuous2

===========================================================================================
----------------- testing Tue Nov 12 06:30:49 UTC 2019 /home/travis/build/icyphy/ptII/ptolemy/actor/lib/fmi/test/auto/FMUTankOpen.xml
----------------- Instantiating /home/travis/build/icyphy/ptII/ptolemy/actor/lib/fmi/test/auto/FMUTankOpen.xml
34 ms. Memory: 482304K Free: 230871K (48%)
----------------- Invoking toplevel() on ptolemy.moml.MoMLSimpleApplication@32045ed4
----------------- Done invoking toplevel() on ptolemy.moml.MoMLSimpleApplication@32045ed4
reloadAllAccessors: .FMUTankOpen

===========================================================================================
----------------- testing Tue Nov 12 06:30:49 UTC 2019 /home/travis/build/icyphy/ptII/ptolemy/actor/lib/fmi/test/auto/FMUTwoBallCollision.xml
----------------- Instantiating /home/travis/build/icyphy/ptII/ptolemy/actor/lib/fmi/test/auto/FMUTwoBallCollision.xml
169 ms. Memory: 482304K Free: 436659K (91%)
----------------- Invoking toplevel() on ptolemy.moml.MoMLSimpleApplication@165da651
----------------- Done invoking toplevel() on ptolemy.moml.MoMLSimpleApplication@165da651
reloadAllAccessors: .FMUTwoBallCollision

===========================================================================================
----------------- testing Tue Nov 12 06:30:50 UTC 2019 /home/travis/build/icyphy/ptII/ptolemy/actor/lib/fmi/test/auto/FMUValues.xml
----------------- Instantiating /home/travis/build/icyphy/ptII/ptolemy/actor/lib/fmi/test/auto/FMUValues.xml
13 ms. Memory: 482304K Free: 428981K (89%)
----------------- Invoking toplevel() on ptolemy.moml.MoMLSimpleApplication@1e94da7f
----------------- Done invoking toplevel() on ptolemy.moml.MoMLSimpleApplication@1e94da7f
reloadAllAccessors: .FMUValues

===========================================================================================
----------------- testing Tue Nov 12 06:30:50 UTC 2019 /home/travis/build/icyphy/ptII/ptolemy/actor/lib/fmi/test/auto/FMUValues20.xml
----------------- Instantiating /home/travis/build/icyphy/ptII/ptolemy/actor/lib/fmi/test/auto/FMUValues20.xml
14 ms. Memory: 482304K Free: 420244K (87%)
----------------- Invoking toplevel() on ptolemy.moml.MoMLSimpleApplication@190208be
----------------- Done invoking toplevel() on ptolemy.moml.MoMLSimpleApplication@190208be
reloadAllAccessors: .FMUValues20

===========================================================================================
----------------- testing Tue Nov 12 06:30:50 UTC 2019 /home/travis/build/icyphy/ptII/ptolemy/actor/lib/fmi/test/auto/FMUValuesME20.xml
----------------- Instantiating /home/travis/build/icyphy/ptII/ptolemy/actor/lib/fmi/test/auto/FMUValuesME20.xml
58 ms. Memory: 482304K Free: 406963K (84%)
----------------- Invoking toplevel() on ptolemy.moml.MoMLSimpleApplication@7296c13a
----------------- Done invoking toplevel() on ptolemy.moml.MoMLSimpleApplication@7296c13a
reloadAllAccessors: .FMUValuesME20

===========================================================================================
----------------- testing Tue Nov 12 06:30:50 UTC 2019 /home/travis/build/icyphy/ptII/ptolemy/actor/lib/fmi/test/auto/FMUVanDerPol.xml
----------------- Instantiating /home/travis/build/icyphy/ptII/ptolemy/actor/lib/fmi/test/auto/FMUVanDerPol.xml
11 ms. Memory: 482304K Free: 401843K (83%)
----------------- Invoking toplevel() on ptolemy.moml.MoMLSimpleApplication@15c3cfa9
----------------- Done invoking toplevel() on ptolemy.moml.MoMLSimpleApplication@15c3cfa9
reloadAllAccessors: .FMUVanDerPol

===========================================================================================
----------------- testing Tue Nov 12 06:30:50 UTC 2019 /home/travis/build/icyphy/ptII/ptolemy/actor/lib/fmi/test/auto/FMUVanDerPol20.xml
----------------- Instantiating /home/travis/build/icyphy/ptII/ptolemy/actor/lib/fmi/test/auto/FMUVanDerPol20.xml
71 ms. Memory: 482304K Free: 385973K (80%)
----------------- Invoking toplevel() on ptolemy.moml.MoMLSimpleApplication@5c0cd204
----------------- Done invoking toplevel() on ptolemy.moml.MoMLSimpleApplication@5c0cd204
reloadAllAccessors: .FMUVanDerPol20

===========================================================================================
----------------- testing Tue Nov 12 06:30:50 UTC 2019 /home/travis/build/icyphy/ptII/ptolemy/actor/lib/fmi/test/auto/FMUVanDerPolME20.xml
----------------- Instantiating /home/travis/build/icyphy/ptII/ptolemy/actor/lib/fmi/test/auto/FMUVanDerPolME20.xml
19 ms. Memory: 482304K Free: 376243K (78%)
----------------- Invoking toplevel() on ptolemy.moml.MoMLSimpleApplication@34fe5b0f
----------------- Done invoking toplevel() on ptolemy.moml.MoMLSimpleApplication@34fe5b0f
reloadAllAccessors: .FMUVanDerPolME20

===========================================================================================
----------------- testing Tue Nov 12 06:30:50 UTC 2019 /home/travis/build/icyphy/ptII/ptolemy/actor/lib/fmi/test/auto/FMUdq20RC1.xml
----------------- Instantiating /home/travis/build/icyphy/ptII/ptolemy/actor/lib/fmi/test/auto/FMUdq20RC1.xml
4 ms. Memory: 482304K Free: 371637K (77%)
----------------- Invoking toplevel() on ptolemy.moml.MoMLSimpleApplication@243b0a2b
----------------- Done invoking toplevel() on ptolemy.moml.MoMLSimpleApplication@243b0a2b
reloadAllAccessors: .FMUdq20RC1

===========================================================================================
----------------- testing Tue Nov 12 06:30:50 UTC 2019 /home/travis/build/icyphy/ptII/ptolemy/actor/lib/fmi/test/auto/FMUvalues20RC1.xml
----------------- Instantiating /home/travis/build/icyphy/ptII/ptolemy/actor/lib/fmi/test/auto/FMUvalues20RC1.xml
12 ms. Memory: 482304K Free: 363445K (75%)
----------------- Invoking toplevel() on ptolemy.moml.MoMLSimpleApplication@79013bdb
----------------- Done invoking toplevel() on ptolemy.moml.MoMLSimpleApplication@79013bdb
reloadAllAccessors: .FMUvalues20RC1

===========================================================================================
----------------- testing Tue Nov 12 06:30:50 UTC 2019 /home/travis/build/icyphy/ptII/ptolemy/actor/lib/fmi/test/auto/FMUvanDerPol20RC1.xml
----------------- Instantiating /home/travis/build/icyphy/ptII/ptolemy/actor/lib/fmi/test/auto/FMUvanDerPol20RC1.xml
8 ms. Memory: 482304K Free: 357301K (74%)
----------------- Invoking toplevel() on ptolemy.moml.MoMLSimpleApplication@57e58354
----------------- Done invoking toplevel() on ptolemy.moml.MoMLSimpleApplication@57e58354
reloadAllAccessors: .FMUvanDerPol20RC1

===========================================================================================
----------------- testing Tue Nov 12 06:30:50 UTC 2019 /home/travis/build/icyphy/ptII/ptolemy/actor/lib/fmi/test/auto/TestZeroDelayFeedback.xml
----------------- Instantiating /home/travis/build/icyphy/ptII/ptolemy/actor/lib/fmi/test/auto/TestZeroDelayFeedback.xml
FMU Builder messages:

Attempting to build /tmp/FMUFile914307332600575784.tmp/binaries/linux64/Constant.so
architecture: linux64 isWindows: false  command: make target: linux64
make ARCH=linux64 CBITSFLAGS=-fvisibility=hidden PIC=-fPIC SHARED_LIBRARY_SUFFIX=so Constant.so
make[1]: Entering directory '/tmp/FMUFile914307332600575784.tmp/sources'
echo `pwd`
/tmp/FMUFile914307332600575784.tmp/sources
cc -g -c -fvisibility=hidden -fPIC -Wall -DFMI_COSIMULATION -I.  Constant.c -o Constant.o
Creating ../binaries/linux64/
cc -fvisibility=hidden -g -Wall -shared -Wl,-soname,Constant.so -DFMI_COSIMULATION -I. -o ../binaries/linux64/Constant.so Constant.o 
rm Constant.o
make[1]: Leaving directory '/tmp/FMUFile914307332600575784.tmp/sources'

FMU Builder messages:

Attempting to build /tmp/FMUFile4829374403578014415.tmp/binaries/linux64/Integrator.so
architecture: linux64 isWindows: false  command: make target: linux64
make ARCH=linux64 CBITSFLAGS=-fvisibility=hidden PIC=-fPIC SHARED_LIBRARY_SUFFIX=so Integrator.so
make[1]: Entering directory '/tmp/FMUFile4829374403578014415.tmp/sources'
echo `pwd`
/tmp/FMUFile4829374403578014415.tmp/sources
cc -g -c -fvisibility=hidden -fPIC -Wall -DFMI_COSIMULATION -I.  Integrator.c -o Integrator.o
Integrator.c: In function ‘fmi2HybridGetMaxStepSize’:
Integrator.c:112:20: warning: unused variable ‘comp’ [-Wunused-variable]
     ModelInstance *comp = (ModelInstance *)c;
                    ^
In file included from Integrator.c:123:0:
fmuTemplate.c: In function ‘fmi2HybridDoStep’:
fmuTemplate.c:992:12: warning: variable ‘prevState’ set but not used [-Wunused-but-set-variable]
     double prevState[max(NUMBER_OF_STATES, 1)];
            ^
Creating ../binaries/linux64/
cc -fvisibility=hidden -g -Wall -shared -Wl,-soname,Integrator.so -DFMI_COSIMULATION -I. -o ../binaries/linux64/Integrator.so Integrator.o 

FMU Builder messages:

Attempting to build /tmp/FMUFile12857913953482624934.tmp/binaries/linux64/Adder.so
architecture: linux64 isWindows: false  command: make target: linux64
make ARCH=linux64 CBITSFLAGS=-fvisibility=hidden PIC=-fPIC SHARED_LIBRARY_SUFFIX=so Adder.so
make[1]: Entering directory '/tmp/FMUFile12857913953482624934.tmp/sources'
echo `pwd`
/tmp/FMUFile12857913953482624934.tmp/sources
cc -g -c -fvisibility=hidden -fPIC -Wall -DFMI_COSIMULATION -I.  Adder.c -o Adder.o
Creating ../binaries/linux64/
cc -fvisibility=hidden -g -Wall -shared -Wl,-soname,Adder.so -DFMI_COSIMULATION -I. -o ../binaries/linux64/Adder.so Adder.o 
rm Adder.o
make[1]: Leaving directory '/tmp/FMUFile12857913953482624934.tmp/sources'

FMU Builder messages:

Attempting to build /tmp/FMUFile8266214802586964139.tmp/binaries/linux64/ZeroCrossingDetector.so
architecture: linux64 isWindows: false  command: make target: linux64
make ARCH=linux64 CBITSFLAGS=-fvisibility=hidden PIC=-fPIC SHARED_LIBRARY_SUFFIX=so ZeroCrossingDetector.so
make[1]: Entering directory '/tmp/FMUFile8266214802586964139.tmp/sources'
echo `pwd`
/tmp/FMUFile8266214802586964139.tmp/sources
cc -g -c -fvisibility=hidden -fPIC -Wall -DFMI_COSIMULATION -I.  ZeroCrossingDetector.c -o ZeroCrossingDetector.o
Creating ../binaries/linux64/
cc -fvisibility=hidden -g -Wall -shared -Wl,-soname,ZeroCrossingDetector.so -DFMI_COSIMULATION -I. -o ../binaries/linux64/ZeroCrossingDetector.so ZeroCrossingDetector.o 
rm ZeroCrossingDetector.o
make[1]: Leaving directory '/tmp/FMUFile8266214802586964139.tmp/sources'

FMU Builder messages:

Attempting to build /tmp/FMUFile7078176168043841992.tmp/binaries/linux64/Delay.so
architecture: linux64 isWindows: false  command: make target: linux64
make ARCH=linux64 CBITSFLAGS=-fvisibility=hidden PIC=-fPIC SHARED_LIBRARY_SUFFIX=so Delay.so
make[1]: Entering directory '/tmp/FMUFile7078176168043841992.tmp/sources'
echo `pwd`
/tmp/FMUFile7078176168043841992.tmp/sources
cc -g -c -fvisibility=hidden -fPIC -Wall -DFMI_COSIMULATION -I.  Delay.c -o Delay.o
Creating ../binaries/linux64/
cc -fvisibility=hidden -g -Wall -shared -Wl,-soname,Delay.so -DFMI_COSIMULATION -I. -o ../binaries/linux64/Delay.so Delay.o 
rm Delay.o
make[1]: Leaving directory '/tmp/FMUFile7078176168043841992.tmp/sources'

1006 ms. Memory: 482304K Free: 340917K (71%)
----------------- Invoking toplevel() on ptolemy.moml.MoMLSimpleApplication@6533b295
----------------- Done invoking toplevel() on ptolemy.moml.MoMLSimpleApplication@6533b295
reloadAllAccessors: .TestZeroDelayFeedback

===========================================================================================
----------------- testing Tue Nov 12 06:30:51 UTC 2019 /home/travis/build/icyphy/ptII/ptolemy/actor/lib/fmi/test/auto/helloWorldME2.xml
----------------- Instantiating /home/travis/build/icyphy/ptII/ptolemy/actor/lib/fmi/test/auto/helloWorldME2.xml
11 ms. Memory: 482304K Free: 336821K (70%)
----------------- Invoking toplevel() on ptolemy.moml.MoMLSimpleApplication@21dd7425
----------------- Done invoking toplevel() on ptolemy.moml.MoMLSimpleApplication@21dd7425
reloadAllAccessors: .helloWorldME2
AutoTests.java: About to close Vertx.
AutoTests.java: Vertx closed.
]]></system-out>
  <system-err><![CDATA[java.lang.RuntimeException: Execution failed
	at ptolemy.moml.MoMLSimpleApplication$UnloadThread.run(MoMLSimpleApplication.java:402)
Caused by: ptolemy.kernel.util.IllegalActionException: Could not simulate, inc20_fmiDoStep(Component, /* time */ 0.0, /* stepSize */0.0, /* newStep */ 1) returned fmiError
  in .FMUInc20.inc20
	at ptolemy.actor.lib.fmi.FMUImport._fmiDoStep(FMUImport.java:2739)
	at ptolemy.actor.lib.fmi.FMUImport.fire(FMUImport.java:675)
	at ptolemy.actor.sched.FixedPointDirector._fireActor(FixedPointDirector.java:768)
	at ptolemy.actor.sched.FixedPointDirector.fire(FixedPointDirector.java:244)
	at ptolemy.domains.continuous.kernel.ContinuousDirector.fire(ContinuousDirector.java:494)
	at ptolemy.actor.CompositeActor.fire(CompositeActor.java:455)
	at ptolemy.actor.Manager.iterate(Manager.java:851)
	at ptolemy.actor.Manager.execute(Manager.java:369)
	at ptolemy.actor.Manager.run(Manager.java:1263)
	at ptolemy.actor.Manager$PtolemyRunThread.run(Manager.java:1933)
java.lang.reflect.InvocationTargetException
	at java.base/jdk.internal.reflect.NativeConstructorAccessorImpl.newInstance0(Native Method)
	at java.base/jdk.internal.reflect.NativeConstructorAccessorImpl.newInstance(NativeConstructorAccessorImpl.java:62)
	at java.base/jdk.internal.reflect.DelegatingConstructorAccessorImpl.newInstance(DelegatingConstructorAccessorImpl.java:45)
	at java.base/java.lang.reflect.Constructor.newInstance(Constructor.java:490)
	at ptolemy.util.test.junit.AutoKnownFailedTests.RunModel(AutoKnownFailedTests.java:105)
	at java.base/jdk.internal.reflect.NativeMethodAccessorImpl.invoke0(Native Method)
	at java.base/jdk.internal.reflect.NativeMethodAccessorImpl.invoke(NativeMethodAccessorImpl.java:62)
	at java.base/jdk.internal.reflect.DelegatingMethodAccessorImpl.invoke(DelegatingMethodAccessorImpl.java:43)
	at java.base/java.lang.reflect.Method.invoke(Method.java:566)
	at org.junit.runners.model.FrameworkMethod$1.runReflectiveCall(FrameworkMethod.java:44)
	at org.junit.internal.runners.model.ReflectiveCallable.run(ReflectiveCallable.java:15)
	at org.junit.runners.model.FrameworkMethod.invokeExplosively(FrameworkMethod.java:41)
	at junitparams.internal.InvokeParameterisedMethod.evaluate(InvokeParameterisedMethod.java:102)
	at org.junit.internal.runners.statements.FailOnTimeout$1.run(FailOnTimeout.java:28)
Caused by: ptolemy.kernel.util.IllegalActionException: Could not simulate, inc20_fmiDoStep(Component, /* time */ 0.0, /* stepSize */0.0, /* newStep */ 1) returned fmiError
  in .FMUInc20.inc20
	at ptolemy.actor.lib.fmi.FMUImport._fmiDoStep(FMUImport.java:2739)
	at ptolemy.actor.lib.fmi.FMUImport.fire(FMUImport.java:675)
	at ptolemy.actor.sched.FixedPointDirector._fireActor(FixedPointDirector.java:768)
	at ptolemy.actor.sched.FixedPointDirector.fire(FixedPointDirector.java:244)
	at ptolemy.domains.continuous.kernel.ContinuousDirector.fire(ContinuousDirector.java:494)
	at ptolemy.actor.CompositeActor.fire(CompositeActor.java:455)
	at ptolemy.actor.Manager.iterate(Manager.java:851)
	at ptolemy.actor.Manager.execute(Manager.java:369)
	at ptolemy.actor.Manager.run(Manager.java:1263)
	at ptolemy.actor.Manager$PtolemyRunThread.run(Manager.java:1933)
]]></system-err>
</testsuite>
