<?xml version="1.0" encoding="UTF-8" ?>
<testsuite errors="0" failures="0" hostname="travis-job-2240711a-42a2-44ec-96fc-cc99f6c13828" name="ptolemy.domains.de.test.junit.JUnitTclTest" skipped="0" tests="101" time="133.992" timestamp="2019-09-18T05:42:01">
  <properties>
[...]
</properties>
  <testcase classname="ptolemy.util.test.junit.TclTests" name="[0] /home/travis/build/icyphy/ptII/ptolemy/domains/de/test/DependencyLoop.tcl (RunTclFile)" time="1.147" />
  <testcase classname="ptolemy.util.test.junit.TclTests" name="[1] /home/travis/build/icyphy/ptII/ptolemy/domains/de/test/RunDETestsAsQSS.tcl (RunTclFile)" time="91.572" />
  <testcase classname="ptolemy.util.test.junit.AutoKnownFailedTests" name="[0] /home/travis/build/icyphy/ptII/ptolemy/domains/de/test/auto/knownFailedTests/DESDFClockTest.xml (RunModel)" time="2.051" />
  <testcase classname="ptolemy.util.test.junit.AutoKnownFailedTests" name="[1] /home/travis/build/icyphy/ptII/ptolemy/domains/de/test/auto/knownFailedTests/DirectFeedback.xml (RunModel)" time="0.015" />
  <testcase classname="ptolemy.util.test.junit.AutoKnownFailedTests" name="[2] /home/travis/build/icyphy/ptII/ptolemy/domains/de/test/auto/knownFailedTests/FSMSource.xml (RunModel)" time="0.026" />
  <testcase classname="ptolemy.util.test.junit.AutoKnownFailedTests" name="[3] /home/travis/build/icyphy/ptII/ptolemy/domains/de/test/auto/knownFailedTests/HierarchicalModel.xml (RunModel)" time="0.058" />
  <testcase classname="ptolemy.util.test.junit.AutoKnownFailedTests" name="[4] /home/travis/build/icyphy/ptII/ptolemy/domains/de/test/auto/knownFailedTests/dependencyLoop.xml (RunModel)" time="0.044" />
  <testcase classname="ptolemy.util.test.junit.AutoKnownFailedTests" name="[5] /home/travis/build/icyphy/ptII/ptolemy/domains/de/test/auto/knownFailedTests/dependencyLoop2.xml (RunModel)" time="0.047" />
  <testcase classname="ptolemy.util.test.junit.AutoNameArchTests" name="[0] ThereAreNoAutoArchTests (RunModel)" time="0.001" />
  <testcase classname="ptolemy.util.test.junit.AutoTests" name="[0] /home/travis/build/icyphy/ptII/ptolemy/domains/de/test/auto/ActorDepthCalculation_actorWithoutPorts.xml (RunModel)" time="0.024" />
  <testcase classname="ptolemy.util.test.junit.AutoTests" name="[1] /home/travis/build/icyphy/ptII/ptolemy/domains/de/test/auto/AssemblyLine.xml (RunModel)" time="0.022" />
  <testcase classname="ptolemy.util.test.junit.AutoTests" name="[2] /home/travis/build/icyphy/ptII/ptolemy/domains/de/test/auto/CQBug1.xml (RunModel)" time="0.017" />
  <testcase classname="ptolemy.util.test.junit.AutoTests" name="[3] /home/travis/build/icyphy/ptII/ptolemy/domains/de/test/auto/CancelFireAt.xml (RunModel)" time="0.01" />
  <testcase classname="ptolemy.util.test.junit.AutoTests" name="[4] /home/travis/build/icyphy/ptII/ptolemy/domains/de/test/auto/CausalityAndComposabilityAnalysis.xml (RunModel)" time="0.01" />
  <testcase classname="ptolemy.util.test.junit.AutoTests" name="[5] /home/travis/build/icyphy/ptII/ptolemy/domains/de/test/auto/CausalityInterface1.xml (RunModel)" time="0.014" />
  <testcase classname="ptolemy.util.test.junit.AutoTests" name="[6] /home/travis/build/icyphy/ptII/ptolemy/domains/de/test/auto/CausalityInterface15.xml (RunModel)" time="0.016" />
  <testcase classname="ptolemy.util.test.junit.AutoTests" name="[7] /home/travis/build/icyphy/ptII/ptolemy/domains/de/test/auto/CausalityInterface2.xml (RunModel)" time="0.012" />
  <testcase classname="ptolemy.util.test.junit.AutoTests" name="[8] /home/travis/build/icyphy/ptII/ptolemy/domains/de/test/auto/CausalityInterface3.xml (RunModel)" time="0.018" />
  <testcase classname="ptolemy.util.test.junit.AutoTests" name="[9] /home/travis/build/icyphy/ptII/ptolemy/domains/de/test/auto/ClockDrift.xml (RunModel)" time="0.037" />
  <testcase classname="ptolemy.util.test.junit.AutoTests" name="[10] /home/travis/build/icyphy/ptII/ptolemy/domains/de/test/auto/ClockDriftAndValueChange.xml (RunModel)" time="0.03" />
  <testcase classname="ptolemy.util.test.junit.AutoTests" name="[11] /home/travis/build/icyphy/ptII/ptolemy/domains/de/test/auto/ClockDriftChange.xml (RunModel)" time="0.033" />
  <testcase classname="ptolemy.util.test.junit.AutoTests" name="[12] /home/travis/build/icyphy/ptII/ptolemy/domains/de/test/auto/ComposableCausalityAnalysis.xml (RunModel)" time="0.014" />
  <testcase classname="ptolemy.util.test.junit.AutoTests" name="[13] /home/travis/build/icyphy/ptII/ptolemy/domains/de/test/auto/DEFixedPointLimitation.xml (RunModel)" time="0.01" />
  <testcase classname="ptolemy.util.test.junit.AutoTests" name="[14] /home/travis/build/icyphy/ptII/ptolemy/domains/de/test/auto/DEScheduleTest.xml (RunModel)" time="0.01" />
  <testcase classname="ptolemy.util.test.junit.AutoTests" name="[15] /home/travis/build/icyphy/ptII/ptolemy/domains/de/test/auto/DEinDEwithStartTimes.xml (RunModel)" time="0.013" />
  <testcase classname="ptolemy.util.test.junit.AutoTests" name="[16] /home/travis/build/icyphy/ptII/ptolemy/domains/de/test/auto/DEinDEwithStartTimes2.xml (RunModel)" time="0.02" />
  <testcase classname="ptolemy.util.test.junit.AutoTests" name="[17] /home/travis/build/icyphy/ptII/ptolemy/domains/de/test/auto/DateDemo.xml (RunModel)" time="0.03" />
  <testcase classname="ptolemy.util.test.junit.AutoTests" name="[18] /home/travis/build/icyphy/ptII/ptolemy/domains/de/test/auto/DateToEvent.xml (RunModel)" time="2.042" />
  <testcase classname="ptolemy.util.test.junit.AutoTests" name="[19] /home/travis/build/icyphy/ptII/ptolemy/domains/de/test/auto/DepthTest1.xml (RunModel)" time="0.019" />
  <testcase classname="ptolemy.util.test.junit.AutoTests" name="[20] /home/travis/build/icyphy/ptII/ptolemy/domains/de/test/auto/DepthTest2.xml (RunModel)" time="0.025" />
  <testcase classname="ptolemy.util.test.junit.AutoTests" name="[21] /home/travis/build/icyphy/ptII/ptolemy/domains/de/test/auto/DepthTest3.xml (RunModel)" time="0.012" />
  <testcase classname="ptolemy.util.test.junit.AutoTests" name="[22] /home/travis/build/icyphy/ptII/ptolemy/domains/de/test/auto/DepthTest4.xml (RunModel)" time="0.022" />
  <testcase classname="ptolemy.util.test.junit.AutoTests" name="[23] /home/travis/build/icyphy/ptII/ptolemy/domains/de/test/auto/DepthTest5.xml (RunModel)" time="0.022" />
  <testcase classname="ptolemy.util.test.junit.AutoTests" name="[24] /home/travis/build/icyphy/ptII/ptolemy/domains/de/test/auto/DepthTest6.xml (RunModel)" time="0.019" />
  <testcase classname="ptolemy.util.test.junit.AutoTests" name="[25] /home/travis/build/icyphy/ptII/ptolemy/domains/de/test/auto/DepthTest7.xml (RunModel)" time="0.013" />
  <testcase classname="ptolemy.util.test.junit.AutoTests" name="[26] /home/travis/build/icyphy/ptII/ptolemy/domains/de/test/auto/EventToDate.xml (RunModel)" time="3.056" />
  <testcase classname="ptolemy.util.test.junit.AutoTests" name="[27] /home/travis/build/icyphy/ptII/ptolemy/domains/de/test/auto/FSM1.xml (RunModel)" time="0.053" />
  <testcase classname="ptolemy.util.test.junit.AutoTests" name="[28] /home/travis/build/icyphy/ptII/ptolemy/domains/de/test/auto/FSM7.xml (RunModel)" time="0.047" />
  <testcase classname="ptolemy.util.test.junit.AutoTests" name="[29] /home/travis/build/icyphy/ptII/ptolemy/domains/de/test/auto/Inspection.xml (RunModel)" time="0.055" />
  <testcase classname="ptolemy.util.test.junit.AutoTests" name="[30] /home/travis/build/icyphy/ptII/ptolemy/domains/de/test/auto/Iteration.xml (RunModel)" time="0.028" />
  <testcase classname="ptolemy.util.test.junit.AutoTests" name="[31] /home/travis/build/icyphy/ptII/ptolemy/domains/de/test/auto/LineFault.xml (RunModel)" time="0.646" />
  <testcase classname="ptolemy.util.test.junit.AutoTests" name="[32] /home/travis/build/icyphy/ptII/ptolemy/domains/de/test/auto/MergeModel1Add.xml (RunModel)" time="0.048" />
  <testcase classname="ptolemy.util.test.junit.AutoTests" name="[33] /home/travis/build/icyphy/ptII/ptolemy/domains/de/test/auto/MergeModel2Add.xml (RunModel)" time="0.039" />
  <testcase classname="ptolemy.util.test.junit.AutoTests" name="[34] /home/travis/build/icyphy/ptII/ptolemy/domains/de/test/auto/MergeModel3Add.xml (RunModel)" time="0.046" />
  <testcase classname="ptolemy.util.test.junit.AutoTests" name="[35] /home/travis/build/icyphy/ptII/ptolemy/domains/de/test/auto/MergeWithoutDiscard.xml (RunModel)" time="0.017" />
  <testcase classname="ptolemy.util.test.junit.AutoTests" name="[36] /home/travis/build/icyphy/ptII/ptolemy/domains/de/test/auto/Modal1.xml (RunModel)" time="0.033" />
  <testcase classname="ptolemy.util.test.junit.AutoTests" name="[37] /home/travis/build/icyphy/ptII/ptolemy/domains/de/test/auto/Modal2.xml (RunModel)" time="0.038" />
  <testcase classname="ptolemy.util.test.junit.AutoTests" name="[38] /home/travis/build/icyphy/ptII/ptolemy/domains/de/test/auto/Modal3.xml (RunModel)" time="0.029" />
  <testcase classname="ptolemy.util.test.junit.AutoTests" name="[39] /home/travis/build/icyphy/ptII/ptolemy/domains/de/test/auto/Modal4.xml (RunModel)" time="0.033" />
  <testcase classname="ptolemy.util.test.junit.AutoTests" name="[40] /home/travis/build/icyphy/ptII/ptolemy/domains/de/test/auto/Modal5.xml (RunModel)" time="0.029" />
  <testcase classname="ptolemy.util.test.junit.AutoTests" name="[41] /home/travis/build/icyphy/ptII/ptolemy/domains/de/test/auto/Modal6.xml (RunModel)" time="0.031" />
  <testcase classname="ptolemy.util.test.junit.AutoTests" name="[42] /home/travis/build/icyphy/ptII/ptolemy/domains/de/test/auto/Modal7.xml (RunModel)" time="0.041" />
  <testcase classname="ptolemy.util.test.junit.AutoTests" name="[43] /home/travis/build/icyphy/ptII/ptolemy/domains/de/test/auto/ModalModel.xml (RunModel)" time="0.194" />
  <testcase classname="ptolemy.util.test.junit.AutoTests" name="[44] /home/travis/build/icyphy/ptII/ptolemy/domains/de/test/auto/ModalSource.xml (RunModel)" time="0.021" />
  <testcase classname="ptolemy.util.test.junit.AutoTests" name="[45] /home/travis/build/icyphy/ptII/ptolemy/domains/de/test/auto/NonInterruptibleTimerZeroDelay.xml (RunModel)" time="0.009" />
  <testcase classname="ptolemy.util.test.junit.AutoTests" name="[46] /home/travis/build/icyphy/ptII/ptolemy/domains/de/test/auto/OpenQueueingNetwork.xml (RunModel)" time="2.126" />
  <testcase classname="ptolemy.util.test.junit.AutoTests" name="[47] /home/travis/build/icyphy/ptII/ptolemy/domains/de/test/auto/OpenQueuingNetwork.xml (RunModel)" time="0.289" />
  <testcase classname="ptolemy.util.test.junit.AutoTests" name="[48] /home/travis/build/icyphy/ptII/ptolemy/domains/de/test/auto/PeriodicSampler.xml (RunModel)" time="0.008" />
  <testcase classname="ptolemy.util.test.junit.AutoTests" name="[49] /home/travis/build/icyphy/ptII/ptolemy/domains/de/test/auto/PersistentIO.xml (RunModel)" time="0.018" />
  <testcase classname="ptolemy.util.test.junit.AutoTests" name="[50] /home/travis/build/icyphy/ptII/ptolemy/domains/de/test/auto/PortParameterResetOnInitialize.xml (RunModel)" time="0.01" />
  <testcase classname="ptolemy.util.test.junit.AutoTests" name="[51] /home/travis/build/icyphy/ptII/ptolemy/domains/de/test/auto/PortParameterUpdates.xml (RunModel)" time="0.014" />
  <testcase classname="ptolemy.util.test.junit.AutoTests" name="[52] /home/travis/build/icyphy/ptII/ptolemy/domains/de/test/auto/QueueAndServer.xml (RunModel)" time="0.024" />
  <testcase classname="ptolemy.util.test.junit.AutoTests" name="[53] /home/travis/build/icyphy/ptII/ptolemy/domains/de/test/auto/Records.xml (RunModel)" time="0.013" />
  <testcase classname="ptolemy.util.test.junit.AutoTests" name="[54] /home/travis/build/icyphy/ptII/ptolemy/domains/de/test/auto/ResetTransitionWithStartTime1.xml (RunModel)" time="0.019" />
  <testcase classname="ptolemy.util.test.junit.AutoTests" name="[55] /home/travis/build/icyphy/ptII/ptolemy/domains/de/test/auto/ResetTransitionWithStartTime2.xml (RunModel)" time="0.021" />
  <testcase classname="ptolemy.util.test.junit.AutoTests" name="[56] /home/travis/build/icyphy/ptII/ptolemy/domains/de/test/auto/ResetTransitionWithStartTime3.xml (RunModel)" time="0.024" />
  <testcase classname="ptolemy.util.test.junit.AutoTests" name="[57] /home/travis/build/icyphy/ptII/ptolemy/domains/de/test/auto/ResetTransitionWithStartTime4.xml (RunModel)" time="0.019" />
  <testcase classname="ptolemy.util.test.junit.AutoTests" name="[58] /home/travis/build/icyphy/ptII/ptolemy/domains/de/test/auto/ResettableTimer1.xml (RunModel)" time="0.01" />
  <testcase classname="ptolemy.util.test.junit.AutoTests" name="[59] /home/travis/build/icyphy/ptII/ptolemy/domains/de/test/auto/ResettableTimer2.xml (RunModel)" time="0.01" />
  <testcase classname="ptolemy.util.test.junit.AutoTests" name="[60] /home/travis/build/icyphy/ptII/ptolemy/domains/de/test/auto/ResettableTimer3.xml (RunModel)" time="0.009" />
  <testcase classname="ptolemy.util.test.junit.AutoTests" name="[61] /home/travis/build/icyphy/ptII/ptolemy/domains/de/test/auto/ResettableTimer4.xml (RunModel)" time="0.01" />
  <testcase classname="ptolemy.util.test.junit.AutoTests" name="[62] /home/travis/build/icyphy/ptII/ptolemy/domains/de/test/auto/ResettableTimer5.xml (RunModel)" time="0.009" />
  <testcase classname="ptolemy.util.test.junit.AutoTests" name="[63] /home/travis/build/icyphy/ptII/ptolemy/domains/de/test/auto/ResettableTimer6.xml (RunModel)" time="0.015" />
  <testcase classname="ptolemy.util.test.junit.AutoTests" name="[64] /home/travis/build/icyphy/ptII/ptolemy/domains/de/test/auto/ServerZeroDelay.xml (RunModel)" time="0.009" />
  <testcase classname="ptolemy.util.test.junit.AutoTests" name="[65] /home/travis/build/icyphy/ptII/ptolemy/domains/de/test/auto/SmartSender.xml (RunModel)" time="3.012" />
  <testcase classname="ptolemy.util.test.junit.AutoTests" name="[66] /home/travis/build/icyphy/ptII/ptolemy/domains/de/test/auto/ThreadedComposite.xml (RunModel)" time="0.212" />
  <testcase classname="ptolemy.util.test.junit.AutoTests" name="[67] /home/travis/build/icyphy/ptII/ptolemy/domains/de/test/auto/Time.xml (RunModel)" time="0.445" />
  <testcase classname="ptolemy.util.test.junit.AutoTests" name="[68] /home/travis/build/icyphy/ptII/ptolemy/domains/de/test/auto/TimeDelayZeroDelay.xml (RunModel)" time="0.01" />
  <testcase classname="ptolemy.util.test.junit.AutoTests" name="[69] /home/travis/build/icyphy/ptII/ptolemy/domains/de/test/auto/TimerZeroDelay.xml (RunModel)" time="0.018" />
  <testcase classname="ptolemy.util.test.junit.AutoTests" name="[70] /home/travis/build/icyphy/ptII/ptolemy/domains/de/test/auto/TimingParadox.xml (RunModel)" time="0.351" />
  <testcase classname="ptolemy.util.test.junit.AutoTests" name="[71] /home/travis/build/icyphy/ptII/ptolemy/domains/de/test/auto/TransferInputs.xml (RunModel)" time="0.013" />
  <testcase classname="ptolemy.util.test.junit.AutoTests" name="[72] /home/travis/build/icyphy/ptII/ptolemy/domains/de/test/auto/TransferOutputs2.xml (RunModel)" time="0.015" />
  <testcase classname="ptolemy.util.test.junit.AutoTests" name="[73] /home/travis/build/icyphy/ptII/ptolemy/domains/de/test/auto/Trilateration.xml (RunModel)" time="12.27" />
  <testcase classname="ptolemy.util.test.junit.AutoTests" name="[74] /home/travis/build/icyphy/ptII/ptolemy/domains/de/test/auto/TwoSigmaDelta.xml (RunModel)" time="2.406" />
  <testcase classname="ptolemy.util.test.junit.AutoTests" name="[75] /home/travis/build/icyphy/ptII/ptolemy/domains/de/test/auto/VariableDelay.xml (RunModel)" time="0.019" />
  <testcase classname="ptolemy.util.test.junit.AutoTests" name="[76] /home/travis/build/icyphy/ptII/ptolemy/domains/de/test/auto/VariableDelay2.xml (RunModel)" time="0.01" />
  <testcase classname="ptolemy.util.test.junit.AutoTests" name="[77] /home/travis/build/icyphy/ptII/ptolemy/domains/de/test/auto/VariableDelayZeroDelay.xml (RunModel)" time="0.011" />
  <testcase classname="ptolemy.util.test.junit.AutoTests" name="[78] /home/travis/build/icyphy/ptII/ptolemy/domains/de/test/auto/VariableDelayZeroDelay2.xml (RunModel)" time="0.009" />
  <testcase classname="ptolemy.util.test.junit.AutoTests" name="[79] /home/travis/build/icyphy/ptII/ptolemy/domains/de/test/auto/deInCt.xml (RunModel)" time="0.017" />
  <testcase classname="ptolemy.util.test.junit.AutoTests" name="[80] /home/travis/build/icyphy/ptII/ptolemy/domains/de/test/auto/deInCt2.xml (RunModel)" time="0.014" />
  <testcase classname="ptolemy.util.test.junit.AutoTests" name="[81] /home/travis/build/icyphy/ptII/ptolemy/domains/de/test/auto/dynamicCausalityInterface1.xml (RunModel)" time="0.018" />
  <testcase classname="ptolemy.util.test.junit.AutoTests" name="[82] /home/travis/build/icyphy/ptII/ptolemy/domains/de/test/auto/fsm_de_test.xml (RunModel)" time="0.017" />
  <testcase classname="ptolemy.util.test.junit.AutoTests" name="[83] /home/travis/build/icyphy/ptII/ptolemy/domains/de/test/auto/functionDependencyReconstruction.xml (RunModel)" time="0.038" />
  <testcase classname="ptolemy.util.test.junit.AutoTests" name="[84] /home/travis/build/icyphy/ptII/ptolemy/domains/de/test/auto/multirate.xml (RunModel)" time="0.022" />
  <testcase classname="ptolemy.util.test.junit.AutoTests" name="[85] /home/travis/build/icyphy/ptII/ptolemy/domains/de/test/auto/multirate2.xml (RunModel)" time="0.014" />
  <testcase classname="ptolemy.util.test.junit.AutoTests" name="[86] /home/travis/build/icyphy/ptII/ptolemy/domains/de/test/auto/realtime.xml (RunModel)" time="10.01" />
  <testcase classname="ptolemy.util.test.junit.AutoTests" name="[87] /home/travis/build/icyphy/ptII/ptolemy/domains/de/test/auto/relationGroup.xml (RunModel)" time="0.009" />
  <testcase classname="ptolemy.util.test.junit.AutoTests" name="[88] /home/travis/build/icyphy/ptII/ptolemy/domains/de/test/auto/relationGroup2.xml (RunModel)" time="0.009" />
  <testcase classname="ptolemy.util.test.junit.AutoTests" name="[89] /home/travis/build/icyphy/ptII/ptolemy/domains/de/test/auto/sortWithOpaquePorts.xml (RunModel)" time="0.012" />
  <testcase classname="ptolemy.util.test.junit.AutoTests" name="[90] /home/travis/build/icyphy/ptII/ptolemy/domains/de/test/auto/transferInputsandOutputs.xml (RunModel)" time="0.025" />
  <testcase classname="ptolemy.util.test.junit.AutoTests" name="[91] /home/travis/build/icyphy/ptII/ptolemy/domains/de/test/auto/triggerType.xml (RunModel)" time="0.013" />
  <system-out><![CDATA[/home/travis/build/icyphy/ptII/ptolemy/domains/de/test/DependencyLoop.tcl
testDefs.tcl: setting time out to 9000 seconds at Wed Sep 18 05:42:01 UTC 2019
76 ms. Memory: 120832K Free: 72133K (60%)
24 ms. Memory: 120832K Free: 54718K (45%)
/home/travis/build/icyphy/ptII/ptolemy/domains/de/test/RunDETestsAsQSS.tcl
Run the DE tests using ptolemy.domains.qss.test.QSSDirectorTest, which extends QSSDirector and prints a message in the constructors.
------------------ testing $PTII/ptolemy/domains/de/test/auto/knownFailedTests/DirectFeedback.xml (Known Failure) 
53 ms. Memory: 120832K Free: 48581K (40%)


==== $PTIIhome/travis/build/icyphy/ptII/ptolemy/domains/de/test/../../../../: Auto Automatic test in file $PTII/ptolemy/domains/de/test/auto/knownFailedTests/DirectFeedback.xml
==== Contents of test case:

	    # FIXME: we should use $relativeFilename here, but it
	    # might have backslashes under Windows, which causes no end
	    # of trouble.
	    createAndExecute $file
	    list {}
	
.... Test generated KNOWN error:
    while executing
ptolemy.kernel.util.IllegalActionException: Test fails in iteration 1.
Value was: 1.0. Should have been: 2.0
  in .DirectFeedback.Test
	at ptolemy.actor.lib.Test.fire(Test.java:268)
	at ptolemy.domains.de.kernel.DEDirector._fire(DEDirector.java:1949)
	at ptolemy.domains.de.kernel.DEDirector.fire(DEDirector.java:502)
	at ptolemy.actor.CompositeActor.fire(CompositeActor.java:455)
	at ptolemy.actor.Manager.iterate(Manager.java:851)
	at ptolemy.actor.Manager.execute(Manager.java:369)
	at ptolemy.actor.Manager.run(Manager.java:1263)
	at ptolemy.actor.Manager$PtolemyRunThread.run(Manager.java:1933)

    while executing
ptolemy.kernel.util.IllegalActionException: Test fails in iteration 1.
Value was: 1.0. Should have been: 2.0
  in .DirectFeedback.Test
    while executing
"java::new ptolemy.moml.MoMLSimpleApplication $file
"
    (procedure "createAndExecute" line 2)
    invoked from within
"createAndExecute $file"
    ("uplevel" body line 5)
    invoked from within
"uplevel $contents_of_test"
------------------ testing $PTII/ptolemy/domains/de/test/auto/knownFailedTests/dependencyLoop.xml (Known Failure) 
30 ms. Memory: 120832K Free: 107964K (89%)


==== $PTIIhome/travis/build/icyphy/ptII/ptolemy/domains/de/test/../../../../: Auto Automatic test in file $PTII/ptolemy/domains/de/test/auto/knownFailedTests/dependencyLoop.xml
==== Contents of test case:

	    # FIXME: we should use $relativeFilename here, but it
	    # might have backslashes under Windows, which causes no end
	    # of trouble.
	    createAndExecute $file
	    list {}
	
.... Test generated KNOWN error:
    while executing
ptolemy.kernel.util.IllegalActionException: Found a zero delay loop containing .dependencyLoop.original
  in .dependencyLoop and .dependencyLoop.original
	at ptolemy.actor.util.CausalityInterfaceForComposites._computeOutputPortDepth(CausalityInterfaceForComposites.java:759)
	at ptolemy.actor.util.CausalityInterfaceForComposites._computeInputDepth(CausalityInterfaceForComposites.java:696)
	at ptolemy.actor.util.CausalityInterfaceForComposites._computeOutputPortDepth(CausalityInterfaceForComposites.java:765)
	at ptolemy.actor.util.CausalityInterfaceForComposites._computeInputDepth(CausalityInterfaceForComposites.java:696)
	at ptolemy.actor.util.CausalityInterfaceForComposites._computeOutputPortDepth(CausalityInterfaceForComposites.java:765)
	at ptolemy.actor.util.CausalityInterfaceForComposites._computeInputDepth(CausalityInterfaceForComposites.java:696)
	at ptolemy.actor.util.CausalityInterfaceForComposites._computeActorDepth(CausalityInterfaceForComposites.java:532)
	at ptolemy.actor.util.CausalityInterfaceForComposites.checkForCycles(CausalityInterfaceForComposites.java:96)
	at ptolemy.domains.de.kernel.DEDirector.preinitialize(DEDirector.java:1338)
	at ptolemy.actor.CompositeActor.preinitialize(CompositeActor.java:1828)
	at ptolemy.actor.Manager.preinitializeAndResolveTypes(Manager.java:1040)
	at ptolemy.actor.Manager.initialize(Manager.java:710)
	at ptolemy.actor.Manager.execute(Manager.java:356)
	at ptolemy.actor.Manager.run(Manager.java:1263)
	at ptolemy.actor.Manager$PtolemyRunThread.run(Manager.java:1933)

    while executing
ptolemy.kernel.util.IllegalActionException: Found a zero delay loop containing .dependencyLoop.original
  in .dependencyLoop and .dependencyLoop.original
    while executing
"java::new ptolemy.moml.MoMLSimpleApplication $file
"
    (procedure "createAndExecute" line 2)
    invoked from within
"createAndExecute $file"
    ("uplevel" body line 5)
    invoked from within
"uplevel $contents_of_test"
------------------ testing $PTII/ptolemy/domains/de/test/auto/knownFailedTests/FSMSource.xml (Known Failure) 
71 ms. Memory: 120832K Free: 98809K (82%)
!!!! Auto was marked as failing, but now passes
------------------ testing $PTII/ptolemy/domains/de/test/auto/knownFailedTests/HierarchicalModel.xml (Known Failure) 
9 ms. Memory: 120832K Free: 81385K (67%)


==== $PTIIhome/travis/build/icyphy/ptII/ptolemy/domains/de/test/../../../../: Auto Automatic test in file $PTII/ptolemy/domains/de/test/auto/knownFailedTests/HierarchicalModel.xml
==== Contents of test case:

	    # FIXME: we should use $relativeFilename here, but it
	    # might have backslashes under Windows, which causes no end
	    # of trouble.
	    createAndExecute $file
	    list {}
	
.... Test generated KNOWN error:
    while executing
ptolemy.kernel.util.IllegalActionException: Found a zero delay loop containing .HierarchicalModel.A
  in .HierarchicalModel and .HierarchicalModel.A
	at ptolemy.actor.util.CausalityInterfaceForComposites._computeOutputPortDepth(CausalityInterfaceForComposites.java:759)
	at ptolemy.actor.util.CausalityInterfaceForComposites._computeInputDepth(CausalityInterfaceForComposites.java:696)
	at ptolemy.actor.util.CausalityInterfaceForComposites._computeOutputPortDepth(CausalityInterfaceForComposites.java:765)
	at ptolemy.actor.util.CausalityInterfaceForComposites._computeInputDepth(CausalityInterfaceForComposites.java:696)
	at ptolemy.actor.util.CausalityInterfaceForComposites._computeOutputPortDepth(CausalityInterfaceForComposites.java:765)
	at ptolemy.actor.util.CausalityInterfaceForComposites._computeInputDepth(CausalityInterfaceForComposites.java:696)
	at ptolemy.actor.util.CausalityInterfaceForComposites._computeActorDepth(CausalityInterfaceForComposites.java:532)
	at ptolemy.actor.util.CausalityInterfaceForComposites.checkForCycles(CausalityInterfaceForComposites.java:96)
	at ptolemy.domains.de.kernel.DEDirector.preinitialize(DEDirector.java:1338)
	at ptolemy.actor.CompositeActor.preinitialize(CompositeActor.java:1828)
	at ptolemy.actor.Manager.preinitializeAndResolveTypes(Manager.java:1040)
	at ptolemy.actor.Manager.initialize(Manager.java:710)
	at ptolemy.actor.Manager.execute(Manager.java:356)
	at ptolemy.actor.Manager.run(Manager.java:1263)
	at ptolemy.actor.Manager$PtolemyRunThread.run(Manager.java:1933)

    while executing
ptolemy.kernel.util.IllegalActionException: Found a zero delay loop containing .HierarchicalModel.A
  in .HierarchicalModel and .HierarchicalModel.A
    while executing
"java::new ptolemy.moml.MoMLSimpleApplication $file
"
    (procedure "createAndExecute" line 2)
    invoked from within
"createAndExecute $file"
    ("uplevel" body line 5)
    invoked from within
"uplevel $contents_of_test"
------------------ testing $PTII/ptolemy/domains/de/test/auto/knownFailedTests/dependencyLoop2.xml (Known Failure) 
5 ms. Memory: 120832K Free: 65369K (54%)


==== $PTIIhome/travis/build/icyphy/ptII/ptolemy/domains/de/test/../../../../: Auto Automatic test in file $PTII/ptolemy/domains/de/test/auto/knownFailedTests/dependencyLoop2.xml
==== Contents of test case:

	    # FIXME: we should use $relativeFilename here, but it
	    # might have backslashes under Windows, which causes no end
	    # of trouble.
	    createAndExecute $file
	    list {}
	
.... Test generated KNOWN error:
    while executing
ptolemy.kernel.util.IllegalActionException: Found a zero delay loop containing .dependencyLoop2.original
  in .dependencyLoop2 and .dependencyLoop2.original
	at ptolemy.actor.util.CausalityInterfaceForComposites._computeOutputPortDepth(CausalityInterfaceForComposites.java:759)
	at ptolemy.actor.util.CausalityInterfaceForComposites._computeInputDepth(CausalityInterfaceForComposites.java:696)
	at ptolemy.actor.util.CausalityInterfaceForComposites._computeOutputPortDepth(CausalityInterfaceForComposites.java:765)
	at ptolemy.actor.util.CausalityInterfaceForComposites._computeInputDepth(CausalityInterfaceForComposites.java:696)
	at ptolemy.actor.util.CausalityInterfaceForComposites._computeOutputPortDepth(CausalityInterfaceForComposites.java:765)
	at ptolemy.actor.util.CausalityInterfaceForComposites._computeInputDepth(CausalityInterfaceForComposites.java:696)
	at ptolemy.actor.util.CausalityInterfaceForComposites._computeActorDepth(CausalityInterfaceForComposites.java:532)
	at ptolemy.actor.util.CausalityInterfaceForComposites.checkForCycles(CausalityInterfaceForComposites.java:96)
	at ptolemy.domains.de.kernel.DEDirector.preinitialize(DEDirector.java:1338)
	at ptolemy.actor.CompositeActor.preinitialize(CompositeActor.java:1828)
	at ptolemy.actor.Manager.preinitializeAndResolveTypes(Manager.java:1040)
	at ptolemy.actor.Manager.initialize(Manager.java:710)
	at ptolemy.actor.Manager.execute(Manager.java:356)
	at ptolemy.actor.Manager.run(Manager.java:1263)
	at ptolemy.actor.Manager$PtolemyRunThread.run(Manager.java:1933)

    while executing
ptolemy.kernel.util.IllegalActionException: Found a zero delay loop containing .dependencyLoop2.original
  in .dependencyLoop2 and .dependencyLoop2.original
    while executing
"java::new ptolemy.moml.MoMLSimpleApplication $file
"
    (procedure "createAndExecute" line 2)
    invoked from within
"createAndExecute $file"
    ("uplevel" body line 5)
    invoked from within
"uplevel $contents_of_test"
------------------ testing $PTII/ptolemy/domains/de/test/auto/knownFailedTests/DESDFClockTest.xml (Known Failure) 
2045 ms. Memory: 120832K Free: 94680K (78%)


==== $PTIIhome/travis/build/icyphy/ptII/ptolemy/domains/de/test/../../../../: Auto Automatic test in file $PTII/ptolemy/domains/de/test/auto/knownFailedTests/DESDFClockTest.xml
==== Contents of test case:

	    # FIXME: we should use $relativeFilename here, but it
	    # might have backslashes under Windows, which causes no end
	    # of trouble.
	    createAndExecute $file
	    list {}
	
.... Test generated KNOWN error:
    while executing
ptolemy.kernel.util.IllegalActionException: Actor is not ready to fire.  Perhaps UpSample.prefire() returned false? Try debugging the actor by selecting "Listen to Actor".  Also, for SDF check moml for tokenConsumptionRate on input.
  in .DESDFClockTest.Play Bell.Copy1:SDF Director and .DESDFClockTest.Play Bell.UpSample
	at ptolemy.actor.sched.StaticSchedulingDirector.fire(StaticSchedulingDirector.java:227)
	at ptolemy.domains.sdf.kernel.SDFDirector.fire(SDFDirector.java:500)
	at ptolemy.actor.CompositeActor.fire(CompositeActor.java:455)
	at ptolemy.domains.de.kernel.DEDirector._fire(DEDirector.java:1949)
	at ptolemy.domains.de.kernel.DEDirector.fire(DEDirector.java:502)
	at ptolemy.actor.CompositeActor.fire(CompositeActor.java:455)
	at ptolemy.actor.Manager.iterate(Manager.java:851)
	at ptolemy.actor.Manager.execute(Manager.java:369)
	at ptolemy.actor.Manager.run(Manager.java:1263)
	at ptolemy.actor.Manager$PtolemyRunThread.run(Manager.java:1933)

    while executing
ptolemy.kernel.util.IllegalActionException: Actor is not ready to fire.  Perhaps UpSample.prefire() returned false? Try debugging the actor by selecting "Listen to Actor".  Also, for SDF check moml for tokenConsumptionRate on input.
  in .DESDFClockTest.Play Bell.Copy1:SDF Director and .DESDFClockTest.Play Bell.UpSample
    while executing
"java::new ptolemy.moml.MoMLSimpleApplication $file
"
    (procedure "createAndExecute" line 2)
    invoked from within
"createAndExecute $file"
    ("uplevel" body line 5)
    invoked from within
"uplevel $contents_of_test"
------------------ testing $PTII/ptolemy/domains/de/test/auto/ActorDepthCalculation_actorWithoutPorts.xml
auto.tcl: Setting watchdog for 200 seconds at Wed Sep 18 05:42:05 UTC 2019
5 ms. Memory: 120832K Free: 87475K (72%)
ptolemy.util.test.WatchDog.cancel(): canceling Wed Sep 18 05:42:05 UTC 2019
auto.tcl: Setting watchdog for 200 seconds at Wed Sep 18 05:42:05 UTC 2019
11 ms. Memory: 120832K Free: 86332K (71%)
ptolemy.util.test.WatchDog.cancel(): canceling Wed Sep 18 05:42:05 UTC 2019
------------------ testing $PTII/ptolemy/domains/de/test/auto/AssemblyLine.xml
auto.tcl: Setting watchdog for 200 seconds at Wed Sep 18 05:42:06 UTC 2019
9 ms. Memory: 48128K Free: 26016K (54%)
ptolemy.util.test.WatchDog.cancel(): canceling Wed Sep 18 05:42:06 UTC 2019
auto.tcl: Setting watchdog for 200 seconds at Wed Sep 18 05:42:06 UTC 2019
12 ms. Memory: 48128K Free: 25311K (53%)
ptolemy.util.test.WatchDog.cancel(): canceling Wed Sep 18 05:42:06 UTC 2019
------------------ testing $PTII/ptolemy/domains/de/test/auto/CQBug1.xml
auto.tcl: Setting watchdog for 200 seconds at Wed Sep 18 05:42:06 UTC 2019
4 ms. Memory: 48128K Free: 31556K (66%)
ptolemy.util.test.WatchDog.cancel(): canceling Wed Sep 18 05:42:06 UTC 2019
auto.tcl: Setting watchdog for 200 seconds at Wed Sep 18 05:42:06 UTC 2019
3 ms. Memory: 48128K Free: 31128K (65%)
ptolemy.util.test.WatchDog.cancel(): canceling Wed Sep 18 05:42:06 UTC 2019
------------------ testing $PTII/ptolemy/domains/de/test/auto/CancelFireAt.xml
auto.tcl: Setting watchdog for 200 seconds at Wed Sep 18 05:42:06 UTC 2019
3 ms. Memory: 45056K Free: 29729K (66%)
ptolemy.util.test.WatchDog.cancel(): canceling Wed Sep 18 05:42:06 UTC 2019
auto.tcl: Setting watchdog for 200 seconds at Wed Sep 18 05:42:06 UTC 2019
3 ms. Memory: 45056K Free: 29337K (65%)
ptolemy.util.test.WatchDog.cancel(): canceling Wed Sep 18 05:42:06 UTC 2019
------------------ testing $PTII/ptolemy/domains/de/test/auto/CausalityAndComposabilityAnalysis.xml
auto.tcl: Setting watchdog for 200 seconds at Wed Sep 18 05:42:06 UTC 2019
9 ms. Memory: 45056K Free: 27930K (62%)
ptolemy.util.test.WatchDog.cancel(): canceling Wed Sep 18 05:42:06 UTC 2019
auto.tcl: Setting watchdog for 200 seconds at Wed Sep 18 05:42:06 UTC 2019
6 ms. Memory: 45056K Free: 27111K (60%)
ptolemy.util.test.WatchDog.cancel(): canceling Wed Sep 18 05:42:06 UTC 2019
------------------ testing $PTII/ptolemy/domains/de/test/auto/CausalityInterface1.xml
auto.tcl: Setting watchdog for 200 seconds at Wed Sep 18 05:42:06 UTC 2019
25 ms. Memory: 45056K Free: 26391K (59%)
ptolemy.util.test.WatchDog.cancel(): canceling Wed Sep 18 05:42:06 UTC 2019
auto.tcl: Setting watchdog for 200 seconds at Wed Sep 18 05:42:06 UTC 2019
12 ms. Memory: 45056K Free: 25412K (56%)
ptolemy.util.test.WatchDog.cancel(): canceling Wed Sep 18 05:42:06 UTC 2019
------------------ testing $PTII/ptolemy/domains/de/test/auto/CausalityInterface15.xml
auto.tcl: Setting watchdog for 200 seconds at Wed Sep 18 05:42:06 UTC 2019
5 ms. Memory: 45056K Free: 25994K (58%)
ptolemy.util.test.WatchDog.cancel(): canceling Wed Sep 18 05:42:07 UTC 2019
auto.tcl: Setting watchdog for 200 seconds at Wed Sep 18 05:42:07 UTC 2019
4 ms. Memory: 45056K Free: 25248K (56%)
ptolemy.util.test.WatchDog.cancel(): canceling Wed Sep 18 05:42:07 UTC 2019
------------------ testing $PTII/ptolemy/domains/de/test/auto/CausalityInterface2.xml
auto.tcl: Setting watchdog for 200 seconds at Wed Sep 18 05:42:07 UTC 2019
4 ms. Memory: 45056K Free: 27159K (60%)
ptolemy.util.test.WatchDog.cancel(): canceling Wed Sep 18 05:42:07 UTC 2019
auto.tcl: Setting watchdog for 200 seconds at Wed Sep 18 05:42:07 UTC 2019
6 ms. Memory: 45056K Free: 26257K (58%)
ptolemy.util.test.WatchDog.cancel(): canceling Wed Sep 18 05:42:07 UTC 2019
------------------ testing $PTII/ptolemy/domains/de/test/auto/CausalityInterface3.xml
auto.tcl: Setting watchdog for 200 seconds at Wed Sep 18 05:42:07 UTC 2019
4 ms. Memory: 45056K Free: 26465K (59%)
ptolemy.util.test.WatchDog.cancel(): canceling Wed Sep 18 05:42:07 UTC 2019
auto.tcl: Setting watchdog for 200 seconds at Wed Sep 18 05:42:07 UTC 2019
3 ms. Memory: 45056K Free: 25680K (57%)
ptolemy.util.test.WatchDog.cancel(): canceling Wed Sep 18 05:42:07 UTC 2019
------------------ testing $PTII/ptolemy/domains/de/test/auto/ClockDrift.xml
auto.tcl: Setting watchdog for 200 seconds at Wed Sep 18 05:42:07 UTC 2019
94 ms. Memory: 45056K Free: 19060K (42%)
ptolemy.util.test.WatchDog.cancel(): canceling Wed Sep 18 05:42:07 UTC 2019
auto.tcl: Setting watchdog for 200 seconds at Wed Sep 18 05:42:07 UTC 2019
51 ms. Memory: 45056K Free: 16046K (36%)
ptolemy.util.test.WatchDog.cancel(): canceling Wed Sep 18 05:42:07 UTC 2019
------------------ testing $PTII/ptolemy/domains/de/test/auto/ClockDriftAndValueChange.xml
auto.tcl: Setting watchdog for 200 seconds at Wed Sep 18 05:42:07 UTC 2019
48 ms. Memory: 45056K Free: 19128K (42%)
ptolemy.util.test.WatchDog.cancel(): canceling Wed Sep 18 05:42:07 UTC 2019
auto.tcl: Setting watchdog for 200 seconds at Wed Sep 18 05:42:07 UTC 2019
24 ms. Memory: 45056K Free: 16284K (36%)
ptolemy.util.test.WatchDog.cancel(): canceling Wed Sep 18 05:42:07 UTC 2019
------------------ testing $PTII/ptolemy/domains/de/test/auto/ClockDriftChange.xml
auto.tcl: Setting watchdog for 200 seconds at Wed Sep 18 05:42:07 UTC 2019
23 ms. Memory: 45056K Free: 21184K (47%)
ptolemy.util.test.WatchDog.cancel(): canceling Wed Sep 18 05:42:07 UTC 2019
auto.tcl: Setting watchdog for 200 seconds at Wed Sep 18 05:42:07 UTC 2019
33 ms. Memory: 45056K Free: 18329K (41%)
ptolemy.util.test.WatchDog.cancel(): canceling Wed Sep 18 05:42:07 UTC 2019
------------------ testing $PTII/ptolemy/domains/de/test/auto/ComposableCausalityAnalysis.xml
auto.tcl: Setting watchdog for 200 seconds at Wed Sep 18 05:42:07 UTC 2019
2 ms. Memory: 45056K Free: 25794K (57%)
ptolemy.util.test.WatchDog.cancel(): canceling Wed Sep 18 05:42:07 UTC 2019
auto.tcl: Setting watchdog for 200 seconds at Wed Sep 18 05:42:07 UTC 2019
5 ms. Memory: 45056K Free: 24512K (54%)
ptolemy.util.test.WatchDog.cancel(): canceling Wed Sep 18 05:42:07 UTC 2019
------------------ testing $PTII/ptolemy/domains/de/test/auto/DEFixedPointLimitation.xml
auto.tcl: Setting watchdog for 200 seconds at Wed Sep 18 05:42:07 UTC 2019
3 ms. Memory: 45056K Free: 27128K (60%)
ptolemy.util.test.WatchDog.cancel(): canceling Wed Sep 18 05:42:07 UTC 2019
auto.tcl: Setting watchdog for 200 seconds at Wed Sep 18 05:42:07 UTC 2019
2 ms. Memory: 45056K Free: 26263K (58%)
ptolemy.util.test.WatchDog.cancel(): canceling Wed Sep 18 05:42:07 UTC 2019
------------------ testing $PTII/ptolemy/domains/de/test/auto/DEScheduleTest.xml
auto.tcl: Setting watchdog for 200 seconds at Wed Sep 18 05:42:07 UTC 2019
6 ms. Memory: 45056K Free: 27411K (61%)
ptolemy.util.test.WatchDog.cancel(): canceling Wed Sep 18 05:42:07 UTC 2019
auto.tcl: Setting watchdog for 200 seconds at Wed Sep 18 05:42:07 UTC 2019
3 ms. Memory: 45056K Free: 26674K (59%)
ptolemy.util.test.WatchDog.cancel(): canceling Wed Sep 18 05:42:07 UTC 2019
------------------ testing $PTII/ptolemy/domains/de/test/auto/DEinDEwithStartTimes.xml
auto.tcl: Setting watchdog for 200 seconds at Wed Sep 18 05:42:08 UTC 2019
4 ms. Memory: 45056K Free: 25643K (57%)
ptolemy.util.test.WatchDog.cancel(): canceling Wed Sep 18 05:42:08 UTC 2019
auto.tcl: Setting watchdog for 200 seconds at Wed Sep 18 05:42:08 UTC 2019
3 ms. Memory: 45056K Free: 24577K (55%)
ptolemy.util.test.WatchDog.cancel(): canceling Wed Sep 18 05:42:08 UTC 2019
------------------ testing $PTII/ptolemy/domains/de/test/auto/DEinDEwithStartTimes2.xml
auto.tcl: Setting watchdog for 200 seconds at Wed Sep 18 05:42:08 UTC 2019
5 ms. Memory: 45056K Free: 24885K (55%)
ptolemy.util.test.WatchDog.cancel(): canceling Wed Sep 18 05:42:08 UTC 2019
auto.tcl: Setting watchdog for 200 seconds at Wed Sep 18 05:42:08 UTC 2019
4 ms. Memory: 45056K Free: 23532K (52%)
ptolemy.util.test.WatchDog.cancel(): canceling Wed Sep 18 05:42:08 UTC 2019
------------------ testing $PTII/ptolemy/domains/de/test/auto/DateDemo.xml
auto.tcl: Setting watchdog for 200 seconds at Wed Sep 18 05:42:08 UTC 2019
12 ms. Memory: 45056K Free: 19184K (43%)
ptolemy.util.test.WatchDog.cancel(): canceling Wed Sep 18 05:42:08 UTC 2019
auto.tcl: Setting watchdog for 200 seconds at Wed Sep 18 05:42:08 UTC 2019
9 ms. Memory: 45056K Free: 17634K (39%)
ptolemy.util.test.WatchDog.cancel(): canceling Wed Sep 18 05:42:08 UTC 2019
------------------ testing $PTII/ptolemy/domains/de/test/auto/DateToEvent.xml
auto.tcl: Setting watchdog for 200 seconds at Wed Sep 18 05:42:08 UTC 2019
2016 ms. Memory: 45056K Free: 14643K (32%)
ptolemy.util.test.WatchDog.cancel(): canceling Wed Sep 18 05:42:10 UTC 2019
auto.tcl: Setting watchdog for 200 seconds at Wed Sep 18 05:42:10 UTC 2019
2009 ms. Memory: 45056K Free: 14273K (32%)
ptolemy.util.test.WatchDog.cancel(): canceling Wed Sep 18 05:42:12 UTC 2019
------------------ testing $PTII/ptolemy/domains/de/test/auto/DepthTest1.xml
auto.tcl: Setting watchdog for 200 seconds at Wed Sep 18 05:42:12 UTC 2019
3 ms. Memory: 45056K Free: 28059K (62%)
ptolemy.util.test.WatchDog.cancel(): canceling Wed Sep 18 05:42:12 UTC 2019
auto.tcl: Setting watchdog for 200 seconds at Wed Sep 18 05:42:12 UTC 2019
2 ms. Memory: 45056K Free: 27551K (61%)
ptolemy.util.test.WatchDog.cancel(): canceling Wed Sep 18 05:42:12 UTC 2019
------------------ testing $PTII/ptolemy/domains/de/test/auto/DepthTest2.xml
auto.tcl: Setting watchdog for 200 seconds at Wed Sep 18 05:42:12 UTC 2019
5 ms. Memory: 45056K Free: 24789K (55%)
ptolemy.util.test.WatchDog.cancel(): canceling Wed Sep 18 05:42:12 UTC 2019
auto.tcl: Setting watchdog for 200 seconds at Wed Sep 18 05:42:12 UTC 2019
3 ms. Memory: 45056K Free: 24386K (54%)
ptolemy.util.test.WatchDog.cancel(): canceling Wed Sep 18 05:42:12 UTC 2019
------------------ testing $PTII/ptolemy/domains/de/test/auto/DepthTest3.xml
auto.tcl: Setting watchdog for 200 seconds at Wed Sep 18 05:42:12 UTC 2019
9 ms. Memory: 45056K Free: 28402K (63%)
ptolemy.util.test.WatchDog.cancel(): canceling Wed Sep 18 05:42:12 UTC 2019
auto.tcl: Setting watchdog for 200 seconds at Wed Sep 18 05:42:12 UTC 2019
2 ms. Memory: 45056K Free: 27842K (62%)
ptolemy.util.test.WatchDog.cancel(): canceling Wed Sep 18 05:42:12 UTC 2019
------------------ testing $PTII/ptolemy/domains/de/test/auto/DepthTest4.xml
auto.tcl: Setting watchdog for 200 seconds at Wed Sep 18 05:42:12 UTC 2019
7 ms. Memory: 45056K Free: 26609K (59%)
ptolemy.util.test.WatchDog.cancel(): canceling Wed Sep 18 05:42:12 UTC 2019
auto.tcl: Setting watchdog for 200 seconds at Wed Sep 18 05:42:12 UTC 2019
6 ms. Memory: 45056K Free: 25901K (57%)
ptolemy.util.test.WatchDog.cancel(): canceling Wed Sep 18 05:42:12 UTC 2019
------------------ testing $PTII/ptolemy/domains/de/test/auto/DepthTest5.xml
auto.tcl: Setting watchdog for 200 seconds at Wed Sep 18 05:42:12 UTC 2019
12 ms. Memory: 45056K Free: 25712K (57%)
ptolemy.util.test.WatchDog.cancel(): canceling Wed Sep 18 05:42:12 UTC 2019
auto.tcl: Setting watchdog for 200 seconds at Wed Sep 18 05:42:12 UTC 2019
4 ms. Memory: 45056K Free: 25325K (56%)
ptolemy.util.test.WatchDog.cancel(): canceling Wed Sep 18 05:42:12 UTC 2019
------------------ testing $PTII/ptolemy/domains/de/test/auto/DepthTest6.xml
auto.tcl: Setting watchdog for 200 seconds at Wed Sep 18 05:42:12 UTC 2019
4 ms. Memory: 45056K Free: 25697K (57%)
ptolemy.util.test.WatchDog.cancel(): canceling Wed Sep 18 05:42:12 UTC 2019
auto.tcl: Setting watchdog for 200 seconds at Wed Sep 18 05:42:12 UTC 2019
3 ms. Memory: 45056K Free: 25184K (56%)
ptolemy.util.test.WatchDog.cancel(): canceling Wed Sep 18 05:42:12 UTC 2019
------------------ testing $PTII/ptolemy/domains/de/test/auto/DepthTest7.xml
auto.tcl: Setting watchdog for 200 seconds at Wed Sep 18 05:42:12 UTC 2019
3 ms. Memory: 45056K Free: 26527K (59%)
ptolemy.util.test.WatchDog.cancel(): canceling Wed Sep 18 05:42:12 UTC 2019
auto.tcl: Setting watchdog for 200 seconds at Wed Sep 18 05:42:12 UTC 2019
2 ms. Memory: 45056K Free: 25784K (57%)
ptolemy.util.test.WatchDog.cancel(): canceling Wed Sep 18 05:42:12 UTC 2019
------------------ testing $PTII/ptolemy/domains/de/test/auto/EventToDate.xml
auto.tcl: Setting watchdog for 200 seconds at Wed Sep 18 05:42:13 UTC 2019
3007 ms. Memory: 45056K Free: 17340K (38%)
ptolemy.util.test.WatchDog.cancel(): canceling Wed Sep 18 05:42:16 UTC 2019
auto.tcl: Setting watchdog for 200 seconds at Wed Sep 18 05:42:16 UTC 2019
3006 ms. Memory: 45056K Free: 16644K (37%)
ptolemy.util.test.WatchDog.cancel(): canceling Wed Sep 18 05:42:19 UTC 2019
------------------ testing $PTII/ptolemy/domains/de/test/auto/FSM1.xml
auto.tcl: Setting watchdog for 200 seconds at Wed Sep 18 05:42:19 UTC 2019
48 ms. Memory: 45056K Free: 18039K (40%)
ptolemy.util.test.WatchDog.cancel(): canceling Wed Sep 18 05:42:19 UTC 2019
auto.tcl: Setting watchdog for 200 seconds at Wed Sep 18 05:42:19 UTC 2019
37 ms. Memory: 45056K Free: 14902K (33%)
ptolemy.util.test.WatchDog.cancel(): canceling Wed Sep 18 05:42:19 UTC 2019
------------------ testing $PTII/ptolemy/domains/de/test/auto/FSM7.xml
auto.tcl: Setting watchdog for 200 seconds at Wed Sep 18 05:42:19 UTC 2019
16 ms. Memory: 45056K Free: 18208K (40%)
ptolemy.util.test.WatchDog.cancel(): canceling Wed Sep 18 05:42:19 UTC 2019
auto.tcl: Setting watchdog for 200 seconds at Wed Sep 18 05:42:19 UTC 2019
25 ms. Memory: 45056K Free: 15114K (34%)
ptolemy.util.test.WatchDog.cancel(): canceling Wed Sep 18 05:42:19 UTC 2019
------------------ testing $PTII/ptolemy/domains/de/test/auto/Inspection.xml
auto.tcl: Setting watchdog for 200 seconds at Wed Sep 18 05:42:19 UTC 2019
34 ms. Memory: 45056K Free: 18052K (40%)
ptolemy.util.test.WatchDog.cancel(): canceling Wed Sep 18 05:42:19 UTC 2019
auto.tcl: Setting watchdog for 200 seconds at Wed Sep 18 05:42:19 UTC 2019
37 ms. Memory: 45056K Free: 16315K (36%)
ptolemy.util.test.WatchDog.cancel(): canceling Wed Sep 18 05:42:19 UTC 2019
------------------ testing $PTII/ptolemy/domains/de/test/auto/Iteration.xml
auto.tcl: Setting watchdog for 200 seconds at Wed Sep 18 05:42:19 UTC 2019
10 ms. Memory: 45056K Free: 23776K (53%)
ptolemy.util.test.WatchDog.cancel(): canceling Wed Sep 18 05:42:19 UTC 2019
auto.tcl: Setting watchdog for 200 seconds at Wed Sep 18 05:42:19 UTC 2019
9 ms. Memory: 45056K Free: 22386K (50%)
ptolemy.util.test.WatchDog.cancel(): canceling Wed Sep 18 05:42:19 UTC 2019
------------------ testing $PTII/ptolemy/domains/de/test/auto/LineFault.xml
auto.tcl: Setting watchdog for 200 seconds at Wed Sep 18 05:42:19 UTC 2019
769 ms. Memory: 45056K Free: 25153K (56%)
ptolemy.util.test.WatchDog.cancel(): canceling Wed Sep 18 05:42:20 UTC 2019
auto.tcl: Setting watchdog for 200 seconds at Wed Sep 18 05:42:20 UTC 2019
658 ms. Memory: 56320K Free: 20225K (36%)
ptolemy.util.test.WatchDog.cancel(): canceling Wed Sep 18 05:42:21 UTC 2019
------------------ testing $PTII/ptolemy/domains/de/test/auto/MergeModel1Add.xml
auto.tcl: Setting watchdog for 200 seconds at Wed Sep 18 05:42:21 UTC 2019
30 ms. Memory: 55296K Free: 20010K (36%)
ptolemy.util.test.WatchDog.cancel(): canceling Wed Sep 18 05:42:21 UTC 2019
auto.tcl: Setting watchdog for 200 seconds at Wed Sep 18 05:42:21 UTC 2019
20 ms. Memory: 55296K Free: 18420K (33%)
ptolemy.util.test.WatchDog.cancel(): canceling Wed Sep 18 05:42:21 UTC 2019
------------------ testing $PTII/ptolemy/domains/de/test/auto/MergeModel2Add.xml
auto.tcl: Setting watchdog for 200 seconds at Wed Sep 18 05:42:21 UTC 2019
9 ms. Memory: 55296K Free: 21849K (40%)
ptolemy.util.test.WatchDog.cancel(): canceling Wed Sep 18 05:42:21 UTC 2019
auto.tcl: Setting watchdog for 200 seconds at Wed Sep 18 05:42:21 UTC 2019
8 ms. Memory: 55296K Free: 20105K (36%)
ptolemy.util.test.WatchDog.cancel(): canceling Wed Sep 18 05:42:21 UTC 2019
------------------ testing $PTII/ptolemy/domains/de/test/auto/MergeModel3Add.xml
auto.tcl: Setting watchdog for 200 seconds at Wed Sep 18 05:42:21 UTC 2019
10 ms. Memory: 55296K Free: 22072K (40%)
ptolemy.util.test.WatchDog.cancel(): canceling Wed Sep 18 05:42:22 UTC 2019
auto.tcl: Setting watchdog for 200 seconds at Wed Sep 18 05:42:22 UTC 2019
10 ms. Memory: 55296K Free: 20527K (37%)
ptolemy.util.test.WatchDog.cancel(): canceling Wed Sep 18 05:42:22 UTC 2019
------------------ testing $PTII/ptolemy/domains/de/test/auto/MergeWithoutDiscard.xml
auto.tcl: Setting watchdog for 200 seconds at Wed Sep 18 05:42:22 UTC 2019
2 ms. Memory: 51200K Free: 32572K (64%)
ptolemy.util.test.WatchDog.cancel(): canceling Wed Sep 18 05:42:22 UTC 2019
auto.tcl: Setting watchdog for 200 seconds at Wed Sep 18 05:42:22 UTC 2019
2 ms. Memory: 51200K Free: 32161K (63%)
ptolemy.util.test.WatchDog.cancel(): canceling Wed Sep 18 05:42:22 UTC 2019
------------------ testing $PTII/ptolemy/domains/de/test/auto/Modal1.xml
auto.tcl: Setting watchdog for 200 seconds at Wed Sep 18 05:42:22 UTC 2019
17 ms. Memory: 51200K Free: 24478K (48%)
ptolemy.util.test.WatchDog.cancel(): canceling Wed Sep 18 05:42:22 UTC 2019
auto.tcl: Setting watchdog for 200 seconds at Wed Sep 18 05:42:22 UTC 2019
19 ms. Memory: 51200K Free: 21053K (41%)
ptolemy.util.test.WatchDog.cancel(): canceling Wed Sep 18 05:42:22 UTC 2019
------------------ testing $PTII/ptolemy/domains/de/test/auto/Modal2.xml
auto.tcl: Setting watchdog for 200 seconds at Wed Sep 18 05:42:22 UTC 2019
20 ms. Memory: 51200K Free: 24559K (48%)
ptolemy.util.test.WatchDog.cancel(): canceling Wed Sep 18 05:42:22 UTC 2019
auto.tcl: Setting watchdog for 200 seconds at Wed Sep 18 05:42:22 UTC 2019
17 ms. Memory: 51200K Free: 21327K (42%)
ptolemy.util.test.WatchDog.cancel(): canceling Wed Sep 18 05:42:22 UTC 2019
------------------ testing $PTII/ptolemy/domains/de/test/auto/Modal3.xml
auto.tcl: Setting watchdog for 200 seconds at Wed Sep 18 05:42:22 UTC 2019
12 ms. Memory: 51200K Free: 24550K (48%)
ptolemy.util.test.WatchDog.cancel(): canceling Wed Sep 18 05:42:22 UTC 2019
auto.tcl: Setting watchdog for 200 seconds at Wed Sep 18 05:42:22 UTC 2019
13 ms. Memory: 51200K Free: 20990K (41%)
ptolemy.util.test.WatchDog.cancel(): canceling Wed Sep 18 05:42:22 UTC 2019
------------------ testing $PTII/ptolemy/domains/de/test/auto/Modal4.xml
auto.tcl: Setting watchdog for 200 seconds at Wed Sep 18 05:42:22 UTC 2019
14 ms. Memory: 51200K Free: 23514K (46%)
ptolemy.util.test.WatchDog.cancel(): canceling Wed Sep 18 05:42:22 UTC 2019
auto.tcl: Setting watchdog for 200 seconds at Wed Sep 18 05:42:22 UTC 2019
15 ms. Memory: 51200K Free: 19683K (38%)
ptolemy.util.test.WatchDog.cancel(): canceling Wed Sep 18 05:42:22 UTC 2019
------------------ testing $PTII/ptolemy/domains/de/test/auto/Modal5.xml
auto.tcl: Setting watchdog for 200 seconds at Wed Sep 18 05:42:22 UTC 2019
14 ms. Memory: 51200K Free: 23509K (46%)
ptolemy.util.test.WatchDog.cancel(): canceling Wed Sep 18 05:42:22 UTC 2019
auto.tcl: Setting watchdog for 200 seconds at Wed Sep 18 05:42:22 UTC 2019
16 ms. Memory: 51200K Free: 19670K (38%)
ptolemy.util.test.WatchDog.cancel(): canceling Wed Sep 18 05:42:22 UTC 2019
------------------ testing $PTII/ptolemy/domains/de/test/auto/Modal6.xml
auto.tcl: Setting watchdog for 200 seconds at Wed Sep 18 05:42:22 UTC 2019
13 ms. Memory: 51200K Free: 24289K (47%)
ptolemy.util.test.WatchDog.cancel(): canceling Wed Sep 18 05:42:22 UTC 2019
auto.tcl: Setting watchdog for 200 seconds at Wed Sep 18 05:42:22 UTC 2019
15 ms. Memory: 51200K Free: 20348K (40%)
ptolemy.util.test.WatchDog.cancel(): canceling Wed Sep 18 05:42:22 UTC 2019
------------------ testing $PTII/ptolemy/domains/de/test/auto/Modal7.xml
auto.tcl: Setting watchdog for 200 seconds at Wed Sep 18 05:42:22 UTC 2019
17 ms. Memory: 51200K Free: 23291K (45%)
ptolemy.util.test.WatchDog.cancel(): canceling Wed Sep 18 05:42:22 UTC 2019
auto.tcl: Setting watchdog for 200 seconds at Wed Sep 18 05:42:22 UTC 2019
25 ms. Memory: 51200K Free: 19685K (38%)
ptolemy.util.test.WatchDog.cancel(): canceling Wed Sep 18 05:42:22 UTC 2019
------------------ testing $PTII/ptolemy/domains/de/test/auto/ModalModel.xml
auto.tcl: Setting watchdog for 200 seconds at Wed Sep 18 05:42:22 UTC 2019
212 ms. Memory: 65536K Free: 49039K (75%)
ptolemy.util.test.WatchDog.cancel(): canceling Wed Sep 18 05:42:23 UTC 2019
auto.tcl: Setting watchdog for 200 seconds at Wed Sep 18 05:42:23 UTC 2019
206 ms. Memory: 65536K Free: 49463K (75%)
ptolemy.util.test.WatchDog.cancel(): canceling Wed Sep 18 05:42:23 UTC 2019
------------------ testing $PTII/ptolemy/domains/de/test/auto/ModalSource.xml
auto.tcl: Setting watchdog for 200 seconds at Wed Sep 18 05:42:23 UTC 2019
11 ms. Memory: 51200K Free: 28353K (55%)
ptolemy.util.test.WatchDog.cancel(): canceling Wed Sep 18 05:42:23 UTC 2019
auto.tcl: Setting watchdog for 200 seconds at Wed Sep 18 05:42:23 UTC 2019
6 ms. Memory: 51200K Free: 26399K (52%)
ptolemy.util.test.WatchDog.cancel(): canceling Wed Sep 18 05:42:23 UTC 2019
------------------ testing $PTII/ptolemy/domains/de/test/auto/NonInterruptibleTimerZeroDelay.xml
auto.tcl: Setting watchdog for 200 seconds at Wed Sep 18 05:42:23 UTC 2019
3 ms. Memory: 51200K Free: 33271K (65%)
ptolemy.util.test.WatchDog.cancel(): canceling Wed Sep 18 05:42:23 UTC 2019
auto.tcl: Setting watchdog for 200 seconds at Wed Sep 18 05:42:23 UTC 2019
2 ms. Memory: 51200K Free: 32600K (64%)
ptolemy.util.test.WatchDog.cancel(): canceling Wed Sep 18 05:42:23 UTC 2019
------------------ testing $PTII/ptolemy/domains/de/test/auto/OpenQueueingNetwork.xml
auto.tcl: Setting watchdog for 200 seconds at Wed Sep 18 05:42:23 UTC 2019
2975 ms. Memory: 124928K Free: 105474K (84%)
ptolemy.util.test.WatchDog.cancel(): canceling Wed Sep 18 05:42:26 UTC 2019
auto.tcl: Setting watchdog for 200 seconds at Wed Sep 18 05:42:26 UTC 2019
2511 ms. Memory: 150528K Free: 64547K (43%)
ptolemy.util.test.WatchDog.cancel(): canceling Wed Sep 18 05:42:29 UTC 2019
------------------ testing $PTII/ptolemy/domains/de/test/auto/OpenQueuingNetwork.xml
auto.tcl: Setting watchdog for 200 seconds at Wed Sep 18 05:42:29 UTC 2019
246 ms. Memory: 58368K Free: 32496K (56%)
ptolemy.util.test.WatchDog.cancel(): canceling Wed Sep 18 05:42:29 UTC 2019
auto.tcl: Setting watchdog for 200 seconds at Wed Sep 18 05:42:29 UTC 2019
223 ms. Memory: 58368K Free: 13393K (23%)
ptolemy.util.test.WatchDog.cancel(): canceling Wed Sep 18 05:42:29 UTC 2019
------------------ testing $PTII/ptolemy/domains/de/test/auto/PeriodicSampler.xml
auto.tcl: Setting watchdog for 200 seconds at Wed Sep 18 05:42:29 UTC 2019
3 ms. Memory: 51200K Free: 32474K (63%)
ptolemy.util.test.WatchDog.cancel(): canceling Wed Sep 18 05:42:29 UTC 2019
auto.tcl: Setting watchdog for 200 seconds at Wed Sep 18 05:42:29 UTC 2019
3 ms. Memory: 51200K Free: 31954K (62%)
ptolemy.util.test.WatchDog.cancel(): canceling Wed Sep 18 05:42:30 UTC 2019
------------------ testing $PTII/ptolemy/domains/de/test/auto/PersistentIO.xml
auto.tcl: Setting watchdog for 200 seconds at Wed Sep 18 05:42:30 UTC 2019
16 ms. Memory: 51200K Free: 27398K (54%)
ptolemy.util.test.WatchDog.cancel(): canceling Wed Sep 18 05:42:30 UTC 2019
auto.tcl: Setting watchdog for 200 seconds at Wed Sep 18 05:42:30 UTC 2019
4 ms. Memory: 51200K Free: 25878K (51%)
ptolemy.util.test.WatchDog.cancel(): canceling Wed Sep 18 05:42:30 UTC 2019
------------------ testing $PTII/ptolemy/domains/de/test/auto/PortParameterResetOnInitialize.xml
auto.tcl: Setting watchdog for 200 seconds at Wed Sep 18 05:42:30 UTC 2019
1 ms. Memory: 51200K Free: 32396K (63%)
ptolemy.util.test.WatchDog.cancel(): canceling Wed Sep 18 05:42:30 UTC 2019
auto.tcl: Setting watchdog for 200 seconds at Wed Sep 18 05:42:30 UTC 2019
2 ms. Memory: 51200K Free: 31886K (62%)
ptolemy.util.test.WatchDog.cancel(): canceling Wed Sep 18 05:42:30 UTC 2019
------------------ testing $PTII/ptolemy/domains/de/test/auto/PortParameterUpdates.xml
auto.tcl: Setting watchdog for 200 seconds at Wed Sep 18 05:42:30 UTC 2019
3 ms. Memory: 51200K Free: 30665K (60%)
ptolemy.util.test.WatchDog.cancel(): canceling Wed Sep 18 05:42:30 UTC 2019
auto.tcl: Setting watchdog for 200 seconds at Wed Sep 18 05:42:30 UTC 2019
3 ms. Memory: 51200K Free: 29442K (58%)
ptolemy.util.test.WatchDog.cancel(): canceling Wed Sep 18 05:42:30 UTC 2019
------------------ testing $PTII/ptolemy/domains/de/test/auto/QueueAndServer.xml
auto.tcl: Setting watchdog for 200 seconds at Wed Sep 18 05:42:30 UTC 2019
7 ms. Memory: 51200K Free: 29634K (58%)
ptolemy.util.test.WatchDog.cancel(): canceling Wed Sep 18 05:42:30 UTC 2019
auto.tcl: Setting watchdog for 200 seconds at Wed Sep 18 05:42:30 UTC 2019
6 ms. Memory: 51200K Free: 27885K (54%)
ptolemy.util.test.WatchDog.cancel(): canceling Wed Sep 18 05:42:30 UTC 2019
------------------ testing $PTII/ptolemy/domains/de/test/auto/Records.xml
auto.tcl: Setting watchdog for 200 seconds at Wed Sep 18 05:42:30 UTC 2019
3 ms. Memory: 51200K Free: 31627K (62%)
ptolemy.util.test.WatchDog.cancel(): canceling Wed Sep 18 05:42:30 UTC 2019
auto.tcl: Setting watchdog for 200 seconds at Wed Sep 18 05:42:30 UTC 2019
3 ms. Memory: 51200K Free: 31112K (61%)
ptolemy.util.test.WatchDog.cancel(): canceling Wed Sep 18 05:42:30 UTC 2019
------------------ testing $PTII/ptolemy/domains/de/test/auto/ResetTransitionWithStartTime1.xml
auto.tcl: Setting watchdog for 200 seconds at Wed Sep 18 05:42:30 UTC 2019
14 ms. Memory: 51200K Free: 28882K (56%)
ptolemy.util.test.WatchDog.cancel(): canceling Wed Sep 18 05:42:30 UTC 2019
auto.tcl: Setting watchdog for 200 seconds at Wed Sep 18 05:42:30 UTC 2019
10 ms. Memory: 51200K Free: 26834K (52%)
ptolemy.util.test.WatchDog.cancel(): canceling Wed Sep 18 05:42:30 UTC 2019
------------------ testing $PTII/ptolemy/domains/de/test/auto/ResetTransitionWithStartTime2.xml
auto.tcl: Setting watchdog for 200 seconds at Wed Sep 18 05:42:30 UTC 2019
6 ms. Memory: 51200K Free: 28837K (56%)
ptolemy.util.test.WatchDog.cancel(): canceling Wed Sep 18 05:42:30 UTC 2019
auto.tcl: Setting watchdog for 200 seconds at Wed Sep 18 05:42:30 UTC 2019
7 ms. Memory: 51200K Free: 26789K (52%)
ptolemy.util.test.WatchDog.cancel(): canceling Wed Sep 18 05:42:30 UTC 2019
------------------ testing $PTII/ptolemy/domains/de/test/auto/ResetTransitionWithStartTime3.xml
auto.tcl: Setting watchdog for 200 seconds at Wed Sep 18 05:42:30 UTC 2019
9 ms. Memory: 51200K Free: 28873K (56%)
ptolemy.util.test.WatchDog.cancel(): canceling Wed Sep 18 05:42:30 UTC 2019
auto.tcl: Setting watchdog for 200 seconds at Wed Sep 18 05:42:30 UTC 2019
9 ms. Memory: 51200K Free: 26788K (52%)
ptolemy.util.test.WatchDog.cancel(): canceling Wed Sep 18 05:42:30 UTC 2019
------------------ testing $PTII/ptolemy/domains/de/test/auto/ResetTransitionWithStartTime4.xml
auto.tcl: Setting watchdog for 200 seconds at Wed Sep 18 05:42:30 UTC 2019
12 ms. Memory: 51200K Free: 29259K (57%)
ptolemy.util.test.WatchDog.cancel(): canceling Wed Sep 18 05:42:30 UTC 2019
auto.tcl: Setting watchdog for 200 seconds at Wed Sep 18 05:42:30 UTC 2019
7 ms. Memory: 51200K Free: 27811K (54%)
ptolemy.util.test.WatchDog.cancel(): canceling Wed Sep 18 05:42:30 UTC 2019
------------------ testing $PTII/ptolemy/domains/de/test/auto/ResettableTimer1.xml
auto.tcl: Setting watchdog for 200 seconds at Wed Sep 18 05:42:30 UTC 2019
2 ms. Memory: 51200K Free: 33012K (64%)
ptolemy.util.test.WatchDog.cancel(): canceling Wed Sep 18 05:42:30 UTC 2019
auto.tcl: Setting watchdog for 200 seconds at Wed Sep 18 05:42:30 UTC 2019
2 ms. Memory: 51200K Free: 32385K (63%)
ptolemy.util.test.WatchDog.cancel(): canceling Wed Sep 18 05:42:30 UTC 2019
------------------ testing $PTII/ptolemy/domains/de/test/auto/ResettableTimer2.xml
auto.tcl: Setting watchdog for 200 seconds at Wed Sep 18 05:42:30 UTC 2019
2 ms. Memory: 51200K Free: 33068K (65%)
ptolemy.util.test.WatchDog.cancel(): canceling Wed Sep 18 05:42:30 UTC 2019
auto.tcl: Setting watchdog for 200 seconds at Wed Sep 18 05:42:30 UTC 2019
2 ms. Memory: 51200K Free: 32455K (63%)
ptolemy.util.test.WatchDog.cancel(): canceling Wed Sep 18 05:42:30 UTC 2019
------------------ testing $PTII/ptolemy/domains/de/test/auto/ResettableTimer3.xml
auto.tcl: Setting watchdog for 200 seconds at Wed Sep 18 05:42:31 UTC 2019
2 ms. Memory: 51200K Free: 32968K (64%)
ptolemy.util.test.WatchDog.cancel(): canceling Wed Sep 18 05:42:31 UTC 2019
auto.tcl: Setting watchdog for 200 seconds at Wed Sep 18 05:42:31 UTC 2019
1 ms. Memory: 51200K Free: 32968K (64%)
ptolemy.util.test.WatchDog.cancel(): canceling Wed Sep 18 05:42:31 UTC 2019
------------------ testing $PTII/ptolemy/domains/de/test/auto/ResettableTimer4.xml
auto.tcl: Setting watchdog for 200 seconds at Wed Sep 18 05:42:31 UTC 2019
1 ms. Memory: 51200K Free: 32982K (64%)
ptolemy.util.test.WatchDog.cancel(): canceling Wed Sep 18 05:42:31 UTC 2019
auto.tcl: Setting watchdog for 200 seconds at Wed Sep 18 05:42:31 UTC 2019
2 ms. Memory: 51200K Free: 32468K (63%)
ptolemy.util.test.WatchDog.cancel(): canceling Wed Sep 18 05:42:31 UTC 2019
------------------ testing $PTII/ptolemy/domains/de/test/auto/ResettableTimer5.xml
auto.tcl: Setting watchdog for 200 seconds at Wed Sep 18 05:42:31 UTC 2019
1 ms. Memory: 51200K Free: 32466K (63%)
ptolemy.util.test.WatchDog.cancel(): canceling Wed Sep 18 05:42:31 UTC 2019
auto.tcl: Setting watchdog for 200 seconds at Wed Sep 18 05:42:31 UTC 2019
1 ms. Memory: 51200K Free: 31956K (62%)
ptolemy.util.test.WatchDog.cancel(): canceling Wed Sep 18 05:42:31 UTC 2019
------------------ testing $PTII/ptolemy/domains/de/test/auto/ResettableTimer6.xml
auto.tcl: Setting watchdog for 200 seconds at Wed Sep 18 05:42:31 UTC 2019
2 ms. Memory: 51200K Free: 32457K (63%)
ptolemy.util.test.WatchDog.cancel(): canceling Wed Sep 18 05:42:31 UTC 2019
auto.tcl: Setting watchdog for 200 seconds at Wed Sep 18 05:42:31 UTC 2019
2 ms. Memory: 51200K Free: 31947K (62%)
ptolemy.util.test.WatchDog.cancel(): canceling Wed Sep 18 05:42:31 UTC 2019
------------------ testing $PTII/ptolemy/domains/de/test/auto/ServerZeroDelay.xml
auto.tcl: Setting watchdog for 200 seconds at Wed Sep 18 05:42:31 UTC 2019
6 ms. Memory: 51200K Free: 33045K (65%)
ptolemy.util.test.WatchDog.cancel(): canceling Wed Sep 18 05:42:31 UTC 2019
auto.tcl: Setting watchdog for 200 seconds at Wed Sep 18 05:42:31 UTC 2019
3 ms. Memory: 51200K Free: 31938K (62%)
ptolemy.util.test.WatchDog.cancel(): canceling Wed Sep 18 05:42:31 UTC 2019
------------------ testing $PTII/ptolemy/domains/de/test/auto/SmartSender.xml
auto.tcl: Setting watchdog for 200 seconds at Wed Sep 18 05:42:31 UTC 2019
3001 ms. Memory: 51200K Free: 32956K (64%)
ptolemy.util.test.WatchDog.cancel(): canceling Wed Sep 18 05:42:34 UTC 2019
auto.tcl: Setting watchdog for 200 seconds at Wed Sep 18 05:42:34 UTC 2019
3002 ms. Memory: 51200K Free: 32436K (63%)
ptolemy.util.test.WatchDog.cancel(): canceling Wed Sep 18 05:42:37 UTC 2019
------------------ testing $PTII/ptolemy/domains/de/test/auto/ThreadedComposite.xml
auto.tcl: Setting watchdog for 200 seconds at Wed Sep 18 05:42:37 UTC 2019
262 ms. Memory: 51200K Free: 12490K (24%)
ptolemy.util.test.WatchDog.cancel(): canceling Wed Sep 18 05:42:37 UTC 2019
auto.tcl: Setting watchdog for 200 seconds at Wed Sep 18 05:42:37 UTC 2019
411 ms. Memory: 51200K Free: 10792K (21%)
ptolemy.util.test.WatchDog.cancel(): canceling Wed Sep 18 05:42:38 UTC 2019
------------------ testing $PTII/ptolemy/domains/de/test/auto/Time.xml
auto.tcl: Setting watchdog for 200 seconds at Wed Sep 18 05:42:38 UTC 2019
556 ms. Memory: 61440K Free: 17673K (29%)
ptolemy.util.test.WatchDog.cancel(): canceling Wed Sep 18 05:42:38 UTC 2019
auto.tcl: Setting watchdog for 200 seconds at Wed Sep 18 05:42:38 UTC 2019
511 ms. Memory: 61440K Free: 35213K (57%)
ptolemy.util.test.WatchDog.cancel(): canceling Wed Sep 18 05:42:39 UTC 2019
------------------ testing $PTII/ptolemy/domains/de/test/auto/TimeDelayZeroDelay.xml
auto.tcl: Setting watchdog for 200 seconds at Wed Sep 18 05:42:39 UTC 2019
3 ms. Memory: 51200K Free: 33396K (65%)
ptolemy.util.test.WatchDog.cancel(): canceling Wed Sep 18 05:42:39 UTC 2019
auto.tcl: Setting watchdog for 200 seconds at Wed Sep 18 05:42:39 UTC 2019
2 ms. Memory: 51200K Free: 32509K (63%)
ptolemy.util.test.WatchDog.cancel(): canceling Wed Sep 18 05:42:39 UTC 2019
------------------ testing $PTII/ptolemy/domains/de/test/auto/TimerZeroDelay.xml
auto.tcl: Setting watchdog for 200 seconds at Wed Sep 18 05:42:39 UTC 2019
4 ms. Memory: 51200K Free: 33361K (65%)
ptolemy.util.test.WatchDog.cancel(): canceling Wed Sep 18 05:42:39 UTC 2019
auto.tcl: Setting watchdog for 200 seconds at Wed Sep 18 05:42:39 UTC 2019
2 ms. Memory: 51200K Free: 32602K (64%)
ptolemy.util.test.WatchDog.cancel(): canceling Wed Sep 18 05:42:39 UTC 2019
------------------ testing $PTII/ptolemy/domains/de/test/auto/TimingParadox.xml
auto.tcl: Setting watchdog for 200 seconds at Wed Sep 18 05:42:39 UTC 2019
406 ms. Memory: 51200K Free: 22060K (43%)
ptolemy.util.test.WatchDog.cancel(): canceling Wed Sep 18 05:42:40 UTC 2019
auto.tcl: Setting watchdog for 200 seconds at Wed Sep 18 05:42:40 UTC 2019
378 ms. Memory: 51200K Free: 13273K (26%)
ptolemy.util.test.WatchDog.cancel(): canceling Wed Sep 18 05:42:40 UTC 2019
------------------ testing $PTII/ptolemy/domains/de/test/auto/TransferInputs.xml
auto.tcl: Setting watchdog for 200 seconds at Wed Sep 18 05:42:40 UTC 2019
1 ms. Memory: 51200K Free: 31411K (61%)
ptolemy.util.test.WatchDog.cancel(): canceling Wed Sep 18 05:42:40 UTC 2019
auto.tcl: Setting watchdog for 200 seconds at Wed Sep 18 05:42:40 UTC 2019
2 ms. Memory: 51200K Free: 30515K (60%)
ptolemy.util.test.WatchDog.cancel(): canceling Wed Sep 18 05:42:40 UTC 2019
------------------ testing $PTII/ptolemy/domains/de/test/auto/TransferOutputs2.xml
auto.tcl: Setting watchdog for 200 seconds at Wed Sep 18 05:42:40 UTC 2019
3 ms. Memory: 51200K Free: 28839K (56%)
ptolemy.util.test.WatchDog.cancel(): canceling Wed Sep 18 05:42:40 UTC 2019
auto.tcl: Setting watchdog for 200 seconds at Wed Sep 18 05:42:40 UTC 2019
3 ms. Memory: 51200K Free: 27430K (54%)
ptolemy.util.test.WatchDog.cancel(): canceling Wed Sep 18 05:42:40 UTC 2019
------------------ testing $PTII/ptolemy/domains/de/test/auto/Trilateration.xml
auto.tcl: Setting watchdog for 200 seconds at Wed Sep 18 05:42:40 UTC 2019
14551 ms. Memory: 380928K Free: 174241K (46%)
ptolemy.util.test.WatchDog.cancel(): canceling Wed Sep 18 05:42:56 UTC 2019
auto.tcl: Setting watchdog for 200 seconds at Wed Sep 18 05:42:56 UTC 2019
11517 ms. Memory: 380928K Free: 251497K (66%)
ptolemy.util.test.WatchDog.cancel(): canceling Wed Sep 18 05:43:07 UTC 2019
------------------ testing $PTII/ptolemy/domains/de/test/auto/TwoSigmaDelta.xml
auto.tcl: Setting watchdog for 200 seconds at Wed Sep 18 05:43:08 UTC 2019
2786 ms. Memory: 89088K Free: 22402K (25%)
ptolemy.util.test.WatchDog.cancel(): canceling Wed Sep 18 05:43:10 UTC 2019
auto.tcl: Setting watchdog for 200 seconds at Wed Sep 18 05:43:10 UTC 2019
2119 ms. Memory: 89088K Free: 17255K (19%)
ptolemy.util.test.WatchDog.cancel(): canceling Wed Sep 18 05:43:13 UTC 2019
------------------ testing $PTII/ptolemy/domains/de/test/auto/VariableDelay.xml
auto.tcl: Setting watchdog for 200 seconds at Wed Sep 18 05:43:13 UTC 2019
2 ms. Memory: 55296K Free: 35967K (65%)
ptolemy.util.test.WatchDog.cancel(): canceling Wed Sep 18 05:43:13 UTC 2019
auto.tcl: Setting watchdog for 200 seconds at Wed Sep 18 05:43:13 UTC 2019
2 ms. Memory: 55296K Free: 34973K (63%)
ptolemy.util.test.WatchDog.cancel(): canceling Wed Sep 18 05:43:13 UTC 2019
------------------ testing $PTII/ptolemy/domains/de/test/auto/VariableDelay2.xml
auto.tcl: Setting watchdog for 200 seconds at Wed Sep 18 05:43:13 UTC 2019
8 ms. Memory: 55296K Free: 36365K (66%)
ptolemy.util.test.WatchDog.cancel(): canceling Wed Sep 18 05:43:13 UTC 2019
auto.tcl: Setting watchdog for 200 seconds at Wed Sep 18 05:43:13 UTC 2019
2 ms. Memory: 55296K Free: 35883K (65%)
ptolemy.util.test.WatchDog.cancel(): canceling Wed Sep 18 05:43:13 UTC 2019
------------------ testing $PTII/ptolemy/domains/de/test/auto/VariableDelayZeroDelay.xml
auto.tcl: Setting watchdog for 200 seconds at Wed Sep 18 05:43:13 UTC 2019
2 ms. Memory: 55296K Free: 36920K (67%)
ptolemy.util.test.WatchDog.cancel(): canceling Wed Sep 18 05:43:13 UTC 2019
auto.tcl: Setting watchdog for 200 seconds at Wed Sep 18 05:43:13 UTC 2019
2 ms. Memory: 55296K Free: 36363K (66%)
ptolemy.util.test.WatchDog.cancel(): canceling Wed Sep 18 05:43:13 UTC 2019
------------------ testing $PTII/ptolemy/domains/de/test/auto/VariableDelayZeroDelay2.xml
auto.tcl: Setting watchdog for 200 seconds at Wed Sep 18 05:43:13 UTC 2019
2 ms. Memory: 55296K Free: 36907K (67%)
ptolemy.util.test.WatchDog.cancel(): canceling Wed Sep 18 05:43:13 UTC 2019
auto.tcl: Setting watchdog for 200 seconds at Wed Sep 18 05:43:13 UTC 2019
2 ms. Memory: 55296K Free: 35883K (65%)
ptolemy.util.test.WatchDog.cancel(): canceling Wed Sep 18 05:43:13 UTC 2019
------------------ testing $PTII/ptolemy/domains/de/test/auto/deInCt.xml
auto.tcl: Setting watchdog for 200 seconds at Wed Sep 18 05:43:13 UTC 2019
0
1
1
0
0
0
1
1
1
0
0
0
1
1
1
0
0
0
1
1
1
1
1
0
0
0
1
1
0
0
1
1
1
0
0
0
1
1
1
0
0
0
0
0
15 ms. Memory: 51200K Free: 31784K (62%)
ptolemy.util.test.WatchDog.cancel(): canceling Wed Sep 18 05:43:13 UTC 2019
auto.tcl: Setting watchdog for 200 seconds at Wed Sep 18 05:43:13 UTC 2019
0
1
1
1
1
0
0
1
1
1
0
0
0
0
1
1
1
1
0
0
0
0
0
1
1
1
0
0
0
1
1
1
1
1
8 ms. Memory: 51200K Free: 30246K (59%)
ptolemy.util.test.WatchDog.cancel(): canceling Wed Sep 18 05:43:13 UTC 2019
------------------ testing $PTII/ptolemy/domains/de/test/auto/deInCt2.xml
auto.tcl: Setting watchdog for 200 seconds at Wed Sep 18 05:43:13 UTC 2019
0
1
1
1
0
0
1
1
1
0
0
1
1
1
0
0
1
1
1
0
0
1
1
1
0
0
1
1
1
0
0
1
1
1
0
0
1
1
1
0
0
0
11 ms. Memory: 51200K Free: 31787K (62%)
ptolemy.util.test.WatchDog.cancel(): canceling Wed Sep 18 05:43:13 UTC 2019
auto.tcl: Setting watchdog for 200 seconds at Wed Sep 18 05:43:13 UTC 2019
0
1
1
1
0
0
1
1
1
0
0
1
1
1
0
0
1
1
1
0
0
1
1
1
0
0
1
1
1
0
0
1
1
1
0
0
1
1
1
0
0
0
9 ms. Memory: 51200K Free: 30235K (59%)
ptolemy.util.test.WatchDog.cancel(): canceling Wed Sep 18 05:43:13 UTC 2019
------------------ testing $PTII/ptolemy/domains/de/test/auto/dynamicCausalityInterface1.xml
auto.tcl: Setting watchdog for 200 seconds at Wed Sep 18 05:43:13 UTC 2019
1 ms. Memory: 51200K Free: 27165K (53%)
ptolemy.util.test.WatchDog.cancel(): canceling Wed Sep 18 05:43:13 UTC 2019
auto.tcl: Setting watchdog for 200 seconds at Wed Sep 18 05:43:13 UTC 2019
1 ms. Memory: 51200K Free: 26661K (52%)
ptolemy.util.test.WatchDog.cancel(): canceling Wed Sep 18 05:43:13 UTC 2019
------------------ testing $PTII/ptolemy/domains/de/test/auto/fsm_de_test.xml
auto.tcl: Setting watchdog for 200 seconds at Wed Sep 18 05:43:13 UTC 2019
16 ms. Memory: 51200K Free: 27583K (54%)
ptolemy.util.test.WatchDog.cancel(): canceling Wed Sep 18 05:43:13 UTC 2019
auto.tcl: Setting watchdog for 200 seconds at Wed Sep 18 05:43:13 UTC 2019
7 ms. Memory: 51200K Free: 25535K (50%)
ptolemy.util.test.WatchDog.cancel(): canceling Wed Sep 18 05:43:13 UTC 2019
------------------ testing $PTII/ptolemy/domains/de/test/auto/functionDependencyReconstruction.xml
auto.tcl: Setting watchdog for 200 seconds at Wed Sep 18 05:43:13 UTC 2019
2 ms. Memory: 51200K Free: 21552K (42%)
ptolemy.util.test.WatchDog.cancel(): canceling Wed Sep 18 05:43:13 UTC 2019
auto.tcl: Setting watchdog for 200 seconds at Wed Sep 18 05:43:13 UTC 2019
4 ms. Memory: 51200K Free: 19381K (38%)
ptolemy.util.test.WatchDog.cancel(): canceling Wed Sep 18 05:43:13 UTC 2019
------------------ testing $PTII/ptolemy/domains/de/test/auto/multirate.xml
auto.tcl: Setting watchdog for 200 seconds at Wed Sep 18 05:43:13 UTC 2019
10 ms. Memory: 51200K Free: 30158K (59%)
ptolemy.util.test.WatchDog.cancel(): canceling Wed Sep 18 05:43:13 UTC 2019
auto.tcl: Setting watchdog for 200 seconds at Wed Sep 18 05:43:13 UTC 2019
3 ms. Memory: 51200K Free: 28480K (56%)
ptolemy.util.test.WatchDog.cancel(): canceling Wed Sep 18 05:43:13 UTC 2019
------------------ testing $PTII/ptolemy/domains/de/test/auto/multirate2.xml
auto.tcl: Setting watchdog for 200 seconds at Wed Sep 18 05:43:13 UTC 2019
6 ms. Memory: 51200K Free: 30406K (59%)
ptolemy.util.test.WatchDog.cancel(): canceling Wed Sep 18 05:43:14 UTC 2019
auto.tcl: Setting watchdog for 200 seconds at Wed Sep 18 05:43:14 UTC 2019
2 ms. Memory: 51200K Free: 28686K (56%)
ptolemy.util.test.WatchDog.cancel(): canceling Wed Sep 18 05:43:14 UTC 2019
------------------ testing $PTII/ptolemy/domains/de/test/auto/realtime.xml
auto.tcl: Setting watchdog for 200 seconds at Wed Sep 18 05:43:14 UTC 2019
10001 ms. Memory: 51200K Free: 32466K (63%)
ptolemy.util.test.WatchDog.cancel(): canceling Wed Sep 18 05:43:24 UTC 2019
auto.tcl: Setting watchdog for 200 seconds at Wed Sep 18 05:43:24 UTC 2019
10001 ms. Memory: 51200K Free: 31731K (62%)
ptolemy.util.test.WatchDog.cancel(): canceling Wed Sep 18 05:43:34 UTC 2019
------------------ testing $PTII/ptolemy/domains/de/test/auto/relationGroup.xml
auto.tcl: Setting watchdog for 200 seconds at Wed Sep 18 05:43:34 UTC 2019
3 ms. Memory: 51200K Free: 33537K (66%)
ptolemy.util.test.WatchDog.cancel(): canceling Wed Sep 18 05:43:34 UTC 2019
auto.tcl: Setting watchdog for 200 seconds at Wed Sep 18 05:43:34 UTC 2019
2 ms. Memory: 51200K Free: 33009K (64%)
ptolemy.util.test.WatchDog.cancel(): canceling Wed Sep 18 05:43:34 UTC 2019
------------------ testing $PTII/ptolemy/domains/de/test/auto/relationGroup2.xml
auto.tcl: Setting watchdog for 200 seconds at Wed Sep 18 05:43:34 UTC 2019
2 ms. Memory: 51200K Free: 33563K (66%)
ptolemy.util.test.WatchDog.cancel(): canceling Wed Sep 18 05:43:34 UTC 2019
auto.tcl: Setting watchdog for 200 seconds at Wed Sep 18 05:43:34 UTC 2019
2 ms. Memory: 51200K Free: 33051K (65%)
ptolemy.util.test.WatchDog.cancel(): canceling Wed Sep 18 05:43:34 UTC 2019
------------------ testing $PTII/ptolemy/domains/de/test/auto/sortWithOpaquePorts.xml
auto.tcl: Setting watchdog for 200 seconds at Wed Sep 18 05:43:34 UTC 2019
2 ms. Memory: 51200K Free: 32311K (63%)
ptolemy.util.test.WatchDog.cancel(): canceling Wed Sep 18 05:43:34 UTC 2019
auto.tcl: Setting watchdog for 200 seconds at Wed Sep 18 05:43:34 UTC 2019
2 ms. Memory: 51200K Free: 31287K (61%)
ptolemy.util.test.WatchDog.cancel(): canceling Wed Sep 18 05:43:34 UTC 2019
------------------ testing $PTII/ptolemy/domains/de/test/auto/transferInputsandOutputs.xml
auto.tcl: Setting watchdog for 200 seconds at Wed Sep 18 05:43:34 UTC 2019
6 ms. Memory: 51200K Free: 29754K (58%)
ptolemy.util.test.WatchDog.cancel(): canceling Wed Sep 18 05:43:34 UTC 2019
auto.tcl: Setting watchdog for 200 seconds at Wed Sep 18 05:43:34 UTC 2019
6 ms. Memory: 51200K Free: 28742K (56%)
ptolemy.util.test.WatchDog.cancel(): canceling Wed Sep 18 05:43:34 UTC 2019
------------------ testing $PTII/ptolemy/domains/de/test/auto/triggerType.xml
auto.tcl: Setting watchdog for 200 seconds at Wed Sep 18 05:43:34 UTC 2019
2 ms. Memory: 51200K Free: 32779K (64%)
ptolemy.util.test.WatchDog.cancel(): canceling Wed Sep 18 05:43:34 UTC 2019
auto.tcl: Setting watchdog for 200 seconds at Wed Sep 18 05:43:34 UTC 2019
2 ms. Memory: 51200K Free: 31755K (62%)
ptolemy.util.test.WatchDog.cancel(): canceling Wed Sep 18 05:43:34 UTC 2019
09/18/19 05:43:34
Failed: 0  Total Tests: 192  ((Passed: 187, Newly Passed: 1)  Known Failed: 5) /home/travis/build/icyphy/ptII/ptolemy/domains/de/test
09/18/19 05:43:34
Failed: 0  Total Tests: 192  ((Passed: 187, Newly Passed: 1)  Known Failed: 5) /home/travis/build/icyphy/ptII/ptolemy/domains/de/test
----------------- testing (KnownFailure) /home/travis/build/icyphy/ptII/ptolemy/domains/de/test/auto/knownFailedTests/DESDFClockTest.xml
2020 ms. Memory: 51200K Free: 25664K (50%)
Known Failure: java.lang.reflect.InvocationTargetException
----------------- testing (KnownFailure) /home/travis/build/icyphy/ptII/ptolemy/domains/de/test/auto/knownFailedTests/DirectFeedback.xml
2 ms. Memory: 51200K Free: 22078K (43%)
Known Failure: java.lang.reflect.InvocationTargetException
----------------- testing (KnownFailure) /home/travis/build/icyphy/ptII/ptolemy/domains/de/test/auto/knownFailedTests/FSMSource.xml
6 ms. Memory: 51200K Free: 14400K (28%)
----------------- testing (KnownFailure) /home/travis/build/icyphy/ptII/ptolemy/domains/de/test/auto/knownFailedTests/HierarchicalModel.xml
2 ms. Memory: 51200K Free: 26589K (52%)
Known Failure: java.lang.reflect.InvocationTargetException
----------------- testing (KnownFailure) /home/travis/build/icyphy/ptII/ptolemy/domains/de/test/auto/knownFailedTests/dependencyLoop.xml
2 ms. Memory: 51200K Free: 11277K (22%)
Known Failure: java.lang.reflect.InvocationTargetException
----------------- testing (KnownFailure) /home/travis/build/icyphy/ptII/ptolemy/domains/de/test/auto/knownFailedTests/dependencyLoop2.xml
4 ms. Memory: 51200K Free: 24242K (47%)
Known Failure: java.lang.reflect.InvocationTargetException
No auto/linux-amd64/*.xml tests in /home/travis/build/icyphy/ptII/ptolemy/domains/de/test
AutoTests.java: About to close Vertx.
AutoTests.java: Vertx closed.

===========================================================================================
----------------- testing Wed Sep 18 05:43:36 UTC 2019 /home/travis/build/icyphy/ptII/ptolemy/domains/de/test/auto/ActorDepthCalculation_actorWithoutPorts.xml
----------------- Instantiating /home/travis/build/icyphy/ptII/ptolemy/domains/de/test/auto/ActorDepthCalculation_actorWithoutPorts.xml
1 ms. Memory: 51200K Free: 17424K (34%)
----------------- Invoking toplevel() on ptolemy.moml.MoMLSimpleApplication@64a83167
----------------- Done invoking toplevel() on ptolemy.moml.MoMLSimpleApplication@64a83167
reloadAllAccessors: .ActorDepthCalculation_actorWithoutPorts

===========================================================================================
----------------- testing Wed Sep 18 05:43:36 UTC 2019 /home/travis/build/icyphy/ptII/ptolemy/domains/de/test/auto/AssemblyLine.xml
----------------- Instantiating /home/travis/build/icyphy/ptII/ptolemy/domains/de/test/auto/AssemblyLine.xml
4 ms. Memory: 51200K Free: 10555K (21%)
----------------- Invoking toplevel() on ptolemy.moml.MoMLSimpleApplication@75e94cf9
----------------- Done invoking toplevel() on ptolemy.moml.MoMLSimpleApplication@75e94cf9
reloadAllAccessors: .AssemblyLine

===========================================================================================
----------------- testing Wed Sep 18 05:43:36 UTC 2019 /home/travis/build/icyphy/ptII/ptolemy/domains/de/test/auto/CQBug1.xml
----------------- Instantiating /home/travis/build/icyphy/ptII/ptolemy/domains/de/test/auto/CQBug1.xml
0 ms. Memory: 51200K Free: 35304K (69%)
----------------- Invoking toplevel() on ptolemy.moml.MoMLSimpleApplication@61d3b455
----------------- Done invoking toplevel() on ptolemy.moml.MoMLSimpleApplication@61d3b455
reloadAllAccessors: .CQBug1

===========================================================================================
----------------- testing Wed Sep 18 05:43:36 UTC 2019 /home/travis/build/icyphy/ptII/ptolemy/domains/de/test/auto/CancelFireAt.xml
----------------- Instantiating /home/travis/build/icyphy/ptII/ptolemy/domains/de/test/auto/CancelFireAt.xml
2 ms. Memory: 51200K Free: 32687K (64%)
----------------- Invoking toplevel() on ptolemy.moml.MoMLSimpleApplication@5537433b
----------------- Done invoking toplevel() on ptolemy.moml.MoMLSimpleApplication@5537433b
reloadAllAccessors: .CancelFireAt

===========================================================================================
----------------- testing Wed Sep 18 05:43:36 UTC 2019 /home/travis/build/icyphy/ptII/ptolemy/domains/de/test/auto/CausalityAndComposabilityAnalysis.xml
----------------- Instantiating /home/travis/build/icyphy/ptII/ptolemy/domains/de/test/auto/CausalityAndComposabilityAnalysis.xml
2 ms. Memory: 51200K Free: 28558K (56%)
----------------- Invoking toplevel() on ptolemy.moml.MoMLSimpleApplication@1fa38a82
----------------- Done invoking toplevel() on ptolemy.moml.MoMLSimpleApplication@1fa38a82
reloadAllAccessors: .CausalityAndComposabilityAnalysis

===========================================================================================
----------------- testing Wed Sep 18 05:43:36 UTC 2019 /home/travis/build/icyphy/ptII/ptolemy/domains/de/test/auto/CausalityInterface1.xml
----------------- Instantiating /home/travis/build/icyphy/ptII/ptolemy/domains/de/test/auto/CausalityInterface1.xml
6 ms. Memory: 51200K Free: 23439K (46%)
----------------- Invoking toplevel() on ptolemy.moml.MoMLSimpleApplication@33ee5479
----------------- Done invoking toplevel() on ptolemy.moml.MoMLSimpleApplication@33ee5479
reloadAllAccessors: .CausalityInterface1

===========================================================================================
----------------- testing Wed Sep 18 05:43:36 UTC 2019 /home/travis/build/icyphy/ptII/ptolemy/domains/de/test/auto/CausalityInterface15.xml
----------------- Instantiating /home/travis/build/icyphy/ptII/ptolemy/domains/de/test/auto/CausalityInterface15.xml
1 ms. Memory: 51200K Free: 17887K (35%)
----------------- Invoking toplevel() on ptolemy.moml.MoMLSimpleApplication@743bc6e6
----------------- Done invoking toplevel() on ptolemy.moml.MoMLSimpleApplication@743bc6e6
reloadAllAccessors: .CausalityInterface15

===========================================================================================
----------------- testing Wed Sep 18 05:43:36 UTC 2019 /home/travis/build/icyphy/ptII/ptolemy/domains/de/test/auto/CausalityInterface2.xml
----------------- Instantiating /home/travis/build/icyphy/ptII/ptolemy/domains/de/test/auto/CausalityInterface2.xml
1 ms. Memory: 51200K Free: 13245K (26%)
[...]
	at ptolemy.actor.Manager.run(Manager.java:1263)
	at ptolemy.actor.Manager$PtolemyRunThread.run(Manager.java:1933)
java.lang.RuntimeException: Execution failed
	at ptolemy.moml.MoMLSimpleApplication$UnloadThread.run(MoMLSimpleApplication.java:402)
Caused by: ptolemy.kernel.util.IllegalActionException: Actor is not ready to fire.  Perhaps UpSample.prefire() returned false? Try debugging the actor by selecting "Listen to Actor".  Also, for SDF check moml for tokenConsumptionRate on input.
  in .DESDFClockTest.Play Bell.Copy1:SDF Director and .DESDFClockTest.Play Bell.UpSample
	at ptolemy.actor.sched.StaticSchedulingDirector.fire(StaticSchedulingDirector.java:227)
	at ptolemy.domains.sdf.kernel.SDFDirector.fire(SDFDirector.java:500)
	at ptolemy.actor.CompositeActor.fire(CompositeActor.java:455)
	at ptolemy.domains.de.kernel.DEDirector._fire(DEDirector.java:1949)
	at ptolemy.domains.de.kernel.DEDirector.fire(DEDirector.java:502)
	at ptolemy.actor.CompositeActor.fire(CompositeActor.java:455)
	at ptolemy.actor.Manager.iterate(Manager.java:851)
	at ptolemy.actor.Manager.execute(Manager.java:369)
	at ptolemy.actor.Manager.run(Manager.java:1263)
	at ptolemy.actor.Manager$PtolemyRunThread.run(Manager.java:1933)
java.lang.reflect.InvocationTargetException
	at java.base/jdk.internal.reflect.NativeConstructorAccessorImpl.newInstance0(Native Method)
	at java.base/jdk.internal.reflect.NativeConstructorAccessorImpl.newInstance(NativeConstructorAccessorImpl.java:62)
	at java.base/jdk.internal.reflect.DelegatingConstructorAccessorImpl.newInstance(DelegatingConstructorAccessorImpl.java:45)
	at java.base/java.lang.reflect.Constructor.newInstance(Constructor.java:490)
	at ptolemy.util.test.junit.AutoKnownFailedTests.RunModel(AutoKnownFailedTests.java:105)
	at java.base/jdk.internal.reflect.NativeMethodAccessorImpl.invoke0(Native Method)
	at java.base/jdk.internal.reflect.NativeMethodAccessorImpl.invoke(NativeMethodAccessorImpl.java:62)
	at java.base/jdk.internal.reflect.DelegatingMethodAccessorImpl.invoke(DelegatingMethodAccessorImpl.java:43)
	at java.base/java.lang.reflect.Method.invoke(Method.java:566)
	at org.junit.runners.model.FrameworkMethod$1.runReflectiveCall(FrameworkMethod.java:44)
	at org.junit.internal.runners.model.ReflectiveCallable.run(ReflectiveCallable.java:15)
	at org.junit.runners.model.FrameworkMethod.invokeExplosively(FrameworkMethod.java:41)
	at junitparams.internal.InvokeParameterisedMethod.evaluate(InvokeParameterisedMethod.java:102)
	at org.junit.internal.runners.statements.FailOnTimeout$1.run(FailOnTimeout.java:28)
Caused by: ptolemy.kernel.util.IllegalActionException: Actor is not ready to fire.  Perhaps UpSample.prefire() returned false? Try debugging the actor by selecting "Listen to Actor".  Also, for SDF check moml for tokenConsumptionRate on input.
  in .DESDFClockTest.Play Bell.Copy1:SDF Director and .DESDFClockTest.Play Bell.UpSample
	at ptolemy.actor.sched.StaticSchedulingDirector.fire(StaticSchedulingDirector.java:227)
	at ptolemy.domains.sdf.kernel.SDFDirector.fire(SDFDirector.java:500)
	at ptolemy.actor.CompositeActor.fire(CompositeActor.java:455)
	at ptolemy.domains.de.kernel.DEDirector._fire(DEDirector.java:1949)
	at ptolemy.domains.de.kernel.DEDirector.fire(DEDirector.java:502)
	at ptolemy.actor.CompositeActor.fire(CompositeActor.java:455)
	at ptolemy.actor.Manager.iterate(Manager.java:851)
	at ptolemy.actor.Manager.execute(Manager.java:369)
	at ptolemy.actor.Manager.run(Manager.java:1263)
	at ptolemy.actor.Manager$PtolemyRunThread.run(Manager.java:1933)
java.lang.RuntimeException: Execution failed
	at ptolemy.moml.MoMLSimpleApplication$UnloadThread.run(MoMLSimpleApplication.java:402)
Caused by: ptolemy.kernel.util.IllegalActionException: Test fails in iteration 1.
Value was: 1.0. Should have been: 2.0
  in .DirectFeedback.Test
	at ptolemy.actor.lib.Test.fire(Test.java:268)
	at ptolemy.domains.de.kernel.DEDirector._fire(DEDirector.java:1949)
	at ptolemy.domains.de.kernel.DEDirector.fire(DEDirector.java:502)
	at ptolemy.actor.CompositeActor.fire(CompositeActor.java:455)
	at ptolemy.actor.Manager.iterate(Manager.java:851)
	at ptolemy.actor.Manager.execute(Manager.java:369)
	at ptolemy.actor.Manager.run(Manager.java:1263)
	at ptolemy.actor.Manager$PtolemyRunThread.run(Manager.java:1933)
java.lang.reflect.InvocationTargetException
	at java.base/jdk.internal.reflect.NativeConstructorAccessorImpl.newInstance0(Native Method)
	at java.base/jdk.internal.reflect.NativeConstructorAccessorImpl.newInstance(NativeConstructorAccessorImpl.java:62)
	at java.base/jdk.internal.reflect.DelegatingConstructorAccessorImpl.newInstance(DelegatingConstructorAccessorImpl.java:45)
	at java.base/java.lang.reflect.Constructor.newInstance(Constructor.java:490)
	at ptolemy.util.test.junit.AutoKnownFailedTests.RunModel(AutoKnownFailedTests.java:105)
	at java.base/jdk.internal.reflect.NativeMethodAccessorImpl.invoke0(Native Method)
	at java.base/jdk.internal.reflect.NativeMethodAccessorImpl.invoke(NativeMethodAccessorImpl.java:62)
	at java.base/jdk.internal.reflect.DelegatingMethodAccessorImpl.invoke(DelegatingMethodAccessorImpl.java:43)
	at java.base/java.lang.reflect.Method.invoke(Method.java:566)
	at org.junit.runners.model.FrameworkMethod$1.runReflectiveCall(FrameworkMethod.java:44)
	at org.junit.internal.runners.model.ReflectiveCallable.run(ReflectiveCallable.java:15)
	at org.junit.runners.model.FrameworkMethod.invokeExplosively(FrameworkMethod.java:41)
	at junitparams.internal.InvokeParameterisedMethod.evaluate(InvokeParameterisedMethod.java:102)
	at org.junit.internal.runners.statements.FailOnTimeout$1.run(FailOnTimeout.java:28)
Caused by: ptolemy.kernel.util.IllegalActionException: Test fails in iteration 1.
Value was: 1.0. Should have been: 2.0
  in .DirectFeedback.Test
	at ptolemy.actor.lib.Test.fire(Test.java:268)
	at ptolemy.domains.de.kernel.DEDirector._fire(DEDirector.java:1949)
	at ptolemy.domains.de.kernel.DEDirector.fire(DEDirector.java:502)
	at ptolemy.actor.CompositeActor.fire(CompositeActor.java:455)
	at ptolemy.actor.Manager.iterate(Manager.java:851)
	at ptolemy.actor.Manager.execute(Manager.java:369)
	at ptolemy.actor.Manager.run(Manager.java:1263)
	at ptolemy.actor.Manager$PtolemyRunThread.run(Manager.java:1933)
java.lang.RuntimeException: Execution failed
	at ptolemy.moml.MoMLSimpleApplication$UnloadThread.run(MoMLSimpleApplication.java:402)
Caused by: ptolemy.kernel.util.IllegalActionException: Found a zero delay loop containing .HierarchicalModel.A
  in .HierarchicalModel and .HierarchicalModel.A
	at ptolemy.actor.util.CausalityInterfaceForComposites._computeOutputPortDepth(CausalityInterfaceForComposites.java:759)
	at ptolemy.actor.util.CausalityInterfaceForComposites._computeInputDepth(CausalityInterfaceForComposites.java:696)
	at ptolemy.actor.util.CausalityInterfaceForComposites._computeOutputPortDepth(CausalityInterfaceForComposites.java:765)
	at ptolemy.actor.util.CausalityInterfaceForComposites._computeInputDepth(CausalityInterfaceForComposites.java:696)
	at ptolemy.actor.util.CausalityInterfaceForComposites._computeOutputPortDepth(CausalityInterfaceForComposites.java:765)
	at ptolemy.actor.util.CausalityInterfaceForComposites._computeInputDepth(CausalityInterfaceForComposites.java:696)
	at ptolemy.actor.util.CausalityInterfaceForComposites._computeActorDepth(CausalityInterfaceForComposites.java:532)
	at ptolemy.actor.util.CausalityInterfaceForComposites.checkForCycles(CausalityInterfaceForComposites.java:96)
	at ptolemy.domains.de.kernel.DEDirector.preinitialize(DEDirector.java:1338)
	at ptolemy.actor.CompositeActor.preinitialize(CompositeActor.java:1828)
	at ptolemy.actor.Manager.preinitializeAndResolveTypes(Manager.java:1040)
	at ptolemy.actor.Manager.initialize(Manager.java:710)
	at ptolemy.actor.Manager.execute(Manager.java:356)
	at ptolemy.actor.Manager.run(Manager.java:1263)
	at ptolemy.actor.Manager$PtolemyRunThread.run(Manager.java:1933)
java.lang.reflect.InvocationTargetException
	at java.base/jdk.internal.reflect.NativeConstructorAccessorImpl.newInstance0(Native Method)
	at java.base/jdk.internal.reflect.NativeConstructorAccessorImpl.newInstance(NativeConstructorAccessorImpl.java:62)
	at java.base/jdk.internal.reflect.DelegatingConstructorAccessorImpl.newInstance(DelegatingConstructorAccessorImpl.java:45)
	at java.base/java.lang.reflect.Constructor.newInstance(Constructor.java:490)
	at ptolemy.util.test.junit.AutoKnownFailedTests.RunModel(AutoKnownFailedTests.java:105)
	at java.base/jdk.internal.reflect.NativeMethodAccessorImpl.invoke0(Native Method)
	at java.base/jdk.internal.reflect.NativeMethodAccessorImpl.invoke(NativeMethodAccessorImpl.java:62)
	at java.base/jdk.internal.reflect.DelegatingMethodAccessorImpl.invoke(DelegatingMethodAccessorImpl.java:43)
	at java.base/java.lang.reflect.Method.invoke(Method.java:566)
	at org.junit.runners.model.FrameworkMethod$1.runReflectiveCall(FrameworkMethod.java:44)
	at org.junit.internal.runners.model.ReflectiveCallable.run(ReflectiveCallable.java:15)
	at org.junit.runners.model.FrameworkMethod.invokeExplosively(FrameworkMethod.java:41)
	at junitparams.internal.InvokeParameterisedMethod.evaluate(InvokeParameterisedMethod.java:102)
	at org.junit.internal.runners.statements.FailOnTimeout$1.run(FailOnTimeout.java:28)
Caused by: ptolemy.kernel.util.IllegalActionException: Found a zero delay loop containing .HierarchicalModel.A
  in .HierarchicalModel and .HierarchicalModel.A
	at ptolemy.actor.util.CausalityInterfaceForComposites._computeOutputPortDepth(CausalityInterfaceForComposites.java:759)
	at ptolemy.actor.util.CausalityInterfaceForComposites._computeInputDepth(CausalityInterfaceForComposites.java:696)
	at ptolemy.actor.util.CausalityInterfaceForComposites._computeOutputPortDepth(CausalityInterfaceForComposites.java:765)
	at ptolemy.actor.util.CausalityInterfaceForComposites._computeInputDepth(CausalityInterfaceForComposites.java:696)
	at ptolemy.actor.util.CausalityInterfaceForComposites._computeOutputPortDepth(CausalityInterfaceForComposites.java:765)
	at ptolemy.actor.util.CausalityInterfaceForComposites._computeInputDepth(CausalityInterfaceForComposites.java:696)
	at ptolemy.actor.util.CausalityInterfaceForComposites._computeActorDepth(CausalityInterfaceForComposites.java:532)
	at ptolemy.actor.util.CausalityInterfaceForComposites.checkForCycles(CausalityInterfaceForComposites.java:96)
	at ptolemy.domains.de.kernel.DEDirector.preinitialize(DEDirector.java:1338)
	at ptolemy.actor.CompositeActor.preinitialize(CompositeActor.java:1828)
	at ptolemy.actor.Manager.preinitializeAndResolveTypes(Manager.java:1040)
	at ptolemy.actor.Manager.initialize(Manager.java:710)
	at ptolemy.actor.Manager.execute(Manager.java:356)
	at ptolemy.actor.Manager.run(Manager.java:1263)
	at ptolemy.actor.Manager$PtolemyRunThread.run(Manager.java:1933)
java.lang.RuntimeException: Execution failed
	at ptolemy.moml.MoMLSimpleApplication$UnloadThread.run(MoMLSimpleApplication.java:402)
Caused by: ptolemy.kernel.util.IllegalActionException: Found a zero delay loop containing .dependencyLoop.original
  in .dependencyLoop and .dependencyLoop.original
	at ptolemy.actor.util.CausalityInterfaceForComposites._computeOutputPortDepth(CausalityInterfaceForComposites.java:759)
	at ptolemy.actor.util.CausalityInterfaceForComposites._computeInputDepth(CausalityInterfaceForComposites.java:696)
	at ptolemy.actor.util.CausalityInterfaceForComposites._computeOutputPortDepth(CausalityInterfaceForComposites.java:765)
	at ptolemy.actor.util.CausalityInterfaceForComposites._computeInputDepth(CausalityInterfaceForComposites.java:696)
	at ptolemy.actor.util.CausalityInterfaceForComposites._computeOutputPortDepth(CausalityInterfaceForComposites.java:765)
	at ptolemy.actor.util.CausalityInterfaceForComposites._computeInputDepth(CausalityInterfaceForComposites.java:696)
	at ptolemy.actor.util.CausalityInterfaceForComposites._computeActorDepth(CausalityInterfaceForComposites.java:532)
	at ptolemy.actor.util.CausalityInterfaceForComposites.checkForCycles(CausalityInterfaceForComposites.java:96)
	at ptolemy.domains.de.kernel.DEDirector.preinitialize(DEDirector.java:1338)
	at ptolemy.actor.CompositeActor.preinitialize(CompositeActor.java:1828)
	at ptolemy.actor.Manager.preinitializeAndResolveTypes(Manager.java:1040)
	at ptolemy.actor.Manager.initialize(Manager.java:710)
	at ptolemy.actor.Manager.execute(Manager.java:356)
	at ptolemy.actor.Manager.run(Manager.java:1263)
	at ptolemy.actor.Manager$PtolemyRunThread.run(Manager.java:1933)
java.lang.reflect.InvocationTargetException
	at java.base/jdk.internal.reflect.NativeConstructorAccessorImpl.newInstance0(Native Method)
	at java.base/jdk.internal.reflect.NativeConstructorAccessorImpl.newInstance(NativeConstructorAccessorImpl.java:62)
	at java.base/jdk.internal.reflect.DelegatingConstructorAccessorImpl.newInstance(DelegatingConstructorAccessorImpl.java:45)
	at java.base/java.lang.reflect.Constructor.newInstance(Constructor.java:490)
	at ptolemy.util.test.junit.AutoKnownFailedTests.RunModel(AutoKnownFailedTests.java:105)
	at java.base/jdk.internal.reflect.NativeMethodAccessorImpl.invoke0(Native Method)
	at java.base/jdk.internal.reflect.NativeMethodAccessorImpl.invoke(NativeMethodAccessorImpl.java:62)
	at java.base/jdk.internal.reflect.DelegatingMethodAccessorImpl.invoke(DelegatingMethodAccessorImpl.java:43)
	at java.base/java.lang.reflect.Method.invoke(Method.java:566)
	at org.junit.runners.model.FrameworkMethod$1.runReflectiveCall(FrameworkMethod.java:44)
	at org.junit.internal.runners.model.ReflectiveCallable.run(ReflectiveCallable.java:15)
	at org.junit.runners.model.FrameworkMethod.invokeExplosively(FrameworkMethod.java:41)
	at junitparams.internal.InvokeParameterisedMethod.evaluate(InvokeParameterisedMethod.java:102)
	at org.junit.internal.runners.statements.FailOnTimeout$1.run(FailOnTimeout.java:28)
Caused by: ptolemy.kernel.util.IllegalActionException: Found a zero delay loop containing .dependencyLoop.original
  in .dependencyLoop and .dependencyLoop.original
	at ptolemy.actor.util.CausalityInterfaceForComposites._computeOutputPortDepth(CausalityInterfaceForComposites.java:759)
	at ptolemy.actor.util.CausalityInterfaceForComposites._computeInputDepth(CausalityInterfaceForComposites.java:696)
	at ptolemy.actor.util.CausalityInterfaceForComposites._computeOutputPortDepth(CausalityInterfaceForComposites.java:765)
	at ptolemy.actor.util.CausalityInterfaceForComposites._computeInputDepth(CausalityInterfaceForComposites.java:696)
	at ptolemy.actor.util.CausalityInterfaceForComposites._computeOutputPortDepth(CausalityInterfaceForComposites.java:765)
	at ptolemy.actor.util.CausalityInterfaceForComposites._computeInputDepth(CausalityInterfaceForComposites.java:696)
	at ptolemy.actor.util.CausalityInterfaceForComposites._computeActorDepth(CausalityInterfaceForComposites.java:532)
	at ptolemy.actor.util.CausalityInterfaceForComposites.checkForCycles(CausalityInterfaceForComposites.java:96)
	at ptolemy.domains.de.kernel.DEDirector.preinitialize(DEDirector.java:1338)
	at ptolemy.actor.CompositeActor.preinitialize(CompositeActor.java:1828)
	at ptolemy.actor.Manager.preinitializeAndResolveTypes(Manager.java:1040)
	at ptolemy.actor.Manager.initialize(Manager.java:710)
	at ptolemy.actor.Manager.execute(Manager.java:356)
	at ptolemy.actor.Manager.run(Manager.java:1263)
	at ptolemy.actor.Manager$PtolemyRunThread.run(Manager.java:1933)
java.lang.RuntimeException: Execution failed
	at ptolemy.moml.MoMLSimpleApplication$UnloadThread.run(MoMLSimpleApplication.java:402)
Caused by: ptolemy.kernel.util.IllegalActionException: Found a zero delay loop containing .dependencyLoop2.original
  in .dependencyLoop2 and .dependencyLoop2.original
	at ptolemy.actor.util.CausalityInterfaceForComposites._computeOutputPortDepth(CausalityInterfaceForComposites.java:759)
	at ptolemy.actor.util.CausalityInterfaceForComposites._computeInputDepth(CausalityInterfaceForComposites.java:696)
	at ptolemy.actor.util.CausalityInterfaceForComposites._computeOutputPortDepth(CausalityInterfaceForComposites.java:765)
	at ptolemy.actor.util.CausalityInterfaceForComposites._computeInputDepth(CausalityInterfaceForComposites.java:696)
	at ptolemy.actor.util.CausalityInterfaceForComposites._computeOutputPortDepth(CausalityInterfaceForComposites.java:765)
	at ptolemy.actor.util.CausalityInterfaceForComposites._computeInputDepth(CausalityInterfaceForComposites.java:696)
	at ptolemy.actor.util.CausalityInterfaceForComposites._computeActorDepth(CausalityInterfaceForComposites.java:532)
	at ptolemy.actor.util.CausalityInterfaceForComposites.checkForCycles(CausalityInterfaceForComposites.java:96)
	at ptolemy.domains.de.kernel.DEDirector.preinitialize(DEDirector.java:1338)
	at ptolemy.actor.CompositeActor.preinitialize(CompositeActor.java:1828)
	at ptolemy.actor.Manager.preinitializeAndResolveTypes(Manager.java:1040)
	at ptolemy.actor.Manager.initialize(Manager.java:710)
	at ptolemy.actor.Manager.execute(Manager.java:356)
	at ptolemy.actor.Manager.run(Manager.java:1263)
	at ptolemy.actor.Manager$PtolemyRunThread.run(Manager.java:1933)
java.lang.reflect.InvocationTargetException
	at java.base/jdk.internal.reflect.NativeConstructorAccessorImpl.newInstance0(Native Method)
	at java.base/jdk.internal.reflect.NativeConstructorAccessorImpl.newInstance(NativeConstructorAccessorImpl.java:62)
	at java.base/jdk.internal.reflect.DelegatingConstructorAccessorImpl.newInstance(DelegatingConstructorAccessorImpl.java:45)
	at java.base/java.lang.reflect.Constructor.newInstance(Constructor.java:490)
	at ptolemy.util.test.junit.AutoKnownFailedTests.RunModel(AutoKnownFailedTests.java:105)
	at java.base/jdk.internal.reflect.NativeMethodAccessorImpl.invoke0(Native Method)
	at java.base/jdk.internal.reflect.NativeMethodAccessorImpl.invoke(NativeMethodAccessorImpl.java:62)
	at java.base/jdk.internal.reflect.DelegatingMethodAccessorImpl.invoke(DelegatingMethodAccessorImpl.java:43)
	at java.base/java.lang.reflect.Method.invoke(Method.java:566)
	at org.junit.runners.model.FrameworkMethod$1.runReflectiveCall(FrameworkMethod.java:44)
	at org.junit.internal.runners.model.ReflectiveCallable.run(ReflectiveCallable.java:15)
	at org.junit.runners.model.FrameworkMethod.invokeExplosively(FrameworkMethod.java:41)
	at junitparams.internal.InvokeParameterisedMethod.evaluate(InvokeParameterisedMethod.java:102)
	at org.junit.internal.runners.statements.FailOnTimeout$1.run(FailOnTimeout.java:28)
Caused by: ptolemy.kernel.util.IllegalActionException: Found a zero delay loop containing .dependencyLoop2.original
  in .dependencyLoop2 and .dependencyLoop2.original
	at ptolemy.actor.util.CausalityInterfaceForComposites._computeOutputPortDepth(CausalityInterfaceForComposites.java:759)
	at ptolemy.actor.util.CausalityInterfaceForComposites._computeInputDepth(CausalityInterfaceForComposites.java:696)
	at ptolemy.actor.util.CausalityInterfaceForComposites._computeOutputPortDepth(CausalityInterfaceForComposites.java:765)
	at ptolemy.actor.util.CausalityInterfaceForComposites._computeInputDepth(CausalityInterfaceForComposites.java:696)
	at ptolemy.actor.util.CausalityInterfaceForComposites._computeOutputPortDepth(CausalityInterfaceForComposites.java:765)
	at ptolemy.actor.util.CausalityInterfaceForComposites._computeInputDepth(CausalityInterfaceForComposites.java:696)
	at ptolemy.actor.util.CausalityInterfaceForComposites._computeActorDepth(CausalityInterfaceForComposites.java:532)
	at ptolemy.actor.util.CausalityInterfaceForComposites.checkForCycles(CausalityInterfaceForComposites.java:96)
	at ptolemy.domains.de.kernel.DEDirector.preinitialize(DEDirector.java:1338)
	at ptolemy.actor.CompositeActor.preinitialize(CompositeActor.java:1828)
	at ptolemy.actor.Manager.preinitializeAndResolveTypes(Manager.java:1040)
	at ptolemy.actor.Manager.initialize(Manager.java:710)
	at ptolemy.actor.Manager.execute(Manager.java:356)
	at ptolemy.actor.Manager.run(Manager.java:1263)
	at ptolemy.actor.Manager$PtolemyRunThread.run(Manager.java:1933)
]]></system-err>
</testsuite>
