<?xml version="1.0" encoding="UTF-8" ?>
<testsuite errors="0" failures="0" hostname="travis-job-45ac0d8f-69ad-4b2e-9021-37cd30b3c32f" name="ptolemy.cg.kernel.generic.accessor.test.junit.JUnitTclTest" skipped="0" tests="9" time="119.209" timestamp="2019-04-02T16:18:54">
  <properties>
[...]
</properties>
  <testcase classname="ptolemy.util.test.junit.TclTests" name="[0] /home/travis/build/icyphy/ptII/ptolemy/cg/kernel/generic/accessor/test/AccessorSSHCodeGenerator.tcl (RunTclFile)" time="44.181" />
  <testcase classname="ptolemy.util.test.junit.AutoKnownFailedTests" name="[0] ThereAreNoKnowFailedTests (RunModel)" time="0.001" />
  <testcase classname="ptolemy.util.test.junit.AutoNameArchTests" name="[0] ThereAreNoAutoArchTests (RunModel)" time="0.013" />
  <testcase classname="ptolemy.util.test.junit.AutoTests" name="[0] /home/travis/build/icyphy/ptII/ptolemy/cg/kernel/generic/accessor/test/auto/AccessorStatusTest.xml (RunModel)" time="25.524" />
  <testcase classname="ptolemy.util.test.junit.AutoTests" name="[1] /home/travis/build/icyphy/ptII/ptolemy/cg/kernel/generic/accessor/test/auto/RampJSDisplay.xml (RunModel)" time="10.528" />
  <testcase classname="ptolemy.util.test.junit.AutoTests" name="[2] /home/travis/build/icyphy/ptII/ptolemy/cg/kernel/generic/accessor/test/auto/RampJSInspect.xml (RunModel)" time="12.143" />
  <testcase classname="ptolemy.util.test.junit.AutoTests" name="[3] /home/travis/build/icyphy/ptII/ptolemy/cg/kernel/generic/accessor/test/auto/RampJSTest.xml (RunModel)" time="10.465" />
  <testcase classname="ptolemy.util.test.junit.AutoTests" name="[4] /home/travis/build/icyphy/ptII/ptolemy/cg/kernel/generic/accessor/test/auto/RampJSTextDisplay.xml (RunModel)" time="12.404" />
  <testcase classname="ptolemy.util.test.junit.AutoTests" name="[5] /home/travis/build/icyphy/ptII/ptolemy/cg/kernel/generic/accessor/test/auto/TestComposite.xml (RunModel)" time="3.602" />
  <system-out><![CDATA[/home/travis/build/icyphy/ptII/ptolemy/cg/kernel/generic/accessor/test/AccessorSSHCodeGenerator.tcl
testDefs.tcl: setting time out to 9000 seconds at Tue Apr 02 16:18:54 UTC 2019
JSAccessor: found node
RunnableCodeGenerator: run command: (cd /home/travis/build/icyphy/ptII/org/terraswarm/accessor/accessors/web/cg; /home/travis/build/icyphy/ptII/ptolemy/cg/kernel/generic/accessor/accessorInvokeSSH localhost /home/travis/build/icyphy/ptII/org/terraswarm/accessor/accessors/web/cg/top.js   npmInstall  )
In "/home/travis/build/icyphy/ptII/org/terraswarm/accessor/accessors/web/cg", about to execute:
    /home/travis/build/icyphy/ptII/ptolemy/cg/kernel/generic/accessor/accessorInvok
eSSH localhost
/home/travis/build/icyphy/ptII/org/terraswarm/accessor/accessors/web/cg/top.js
npmInstall
/home/travis/build/icyphy/ptII/ptolemy/cg/kernel/generic/accessor/accessorInvokeSSH: Note that the timeout defaults to 15000
### accessorInvokeSSH: Creating cg/node_modules and cg/top on localhost
### accessorInvokeSSH: Running npm install @terraswarm/accessors pm2 
### accessorInvokeSSH:   Ignore messages like: 'npm WARN enoent ENOENT: no such file or directory, open cg/top/package.json'
/home/travis/pthla/certi-tools/share/scripts:/home/travis/.rvm/gems/ruby-2.4.1/bin:/home/travis/.rvm/gems/ruby-2.4.1@global/bin:/home/travis/.rvm/rubies/ruby-2.4.1/bin:/home/travis/.rvm/bin:/home/travis/.nvm/versions/node/v7.10.1/bin:./node_modules/.bin:/home/travis/build/icyphy/ptII/bin:/home/travis/pthla/certi-tools/bin:/home/travis/bin:/home/travis/.local/bin:/opt/pyenv/shims:/home/travis/.phpenv/shims:/home/travis/perl5/perlbrew/bin:/home/travis/.kiex/elixirs/elixir-1.4.5/bin:/home/travis/.kiex/bin:/home/travis/gopath/bin:/home/travis/.gimme/versions/go1.7.4.linux.amd64/bin:/usr/local/phantomjs/bin:/usr/local/phantomjs:/usr/local/neo4j-3.2.7/bin:/usr/local/maven-3.5.2/bin:/usr/local/cmake-3.9.2/bin:/usr/local/clang-5.0.0/bin:/usr/local/sbin:/usr/local/bin:/usr/sbin:/usr/bin:/sbin:/bin:/home/travis/.phpenv/bin:/opt/pyenv/bin:/home/travis/.yarn/bin
/usr/local/bin/npm
/home/travis/cg
├─┬ @terraswarm/accessors@0.0.25 
│ ├── @accessors-hosts/common@0.1.0 
│ ├── @accessors-modules/local-storage@0.1.1 
│ ├─┬ express@4.16.4 
│ │ ├─┬ accepts@1.3.5 
│ │ │ ├─┬ mime-types@2.1.22 
│ │ │ │ └── mime-db@1.38.0 
│ │ │ └── negotiator@0.6.1 
│ │ ├── array-flatten@1.1.1 
│ │ ├─┬ body-parser@1.18.3 
│ │ │ ├── bytes@3.0.0 
│ │ │ ├── http-errors@1.6.3 
│ │ │ └── raw-body@2.3.3 
│ │ ├── content-disposition@0.5.2 
│ │ ├── content-type@1.0.4 
│ │ ├── cookie@0.3.1 
│ │ ├── cookie-signature@1.0.6 
│ │ ├── depd@1.1.2 
│ │ ├── encodeurl@1.0.2 
│ │ ├── escape-html@1.0.3 
│ │ ├── etag@1.8.1 
│ │ ├─┬ finalhandler@1.1.1 
│ │ │ └── unpipe@1.0.0 
│ │ ├── fresh@0.5.2 
│ │ ├── merge-descriptors@1.0.1 
│ │ ├── methods@1.1.2 
│ │ ├─┬ on-finished@2.3.0 
│ │ │ └── ee-first@1.1.1 
│ │ ├── parseurl@1.3.2 
│ │ ├── path-to-regexp@0.1.7 
│ │ ├─┬ proxy-addr@2.0.4 
│ │ │ ├── forwarded@0.1.2 
│ │ │ └── ipaddr.js@1.8.0 
│ │ ├── qs@6.5.2 
│ │ ├── range-parser@1.2.0 
│ │ ├─┬ send@0.16.2 
│ │ │ ├── destroy@1.0.4 
│ │ │ └── mime@1.4.1 
│ │ ├── serve-static@1.13.2 
│ │ ├── setprototypeof@1.1.0 
│ │ ├── statuses@1.4.0 
│ │ ├─┬ type-is@1.6.16 
│ │ │ └── media-typer@0.3.0 
│ │ ├── utils-merge@1.0.1 
│ │ └── vary@1.1.2 
│ ├─┬ helmet@3.16.0 
│ │ ├── depd@2.0.0 
│ │ ├── dns-prefetch-control@0.1.0 
│ │ ├── dont-sniff-mimetype@1.0.0 
│ │ ├── expect-ct@0.1.1 
│ │ ├── feature-policy@0.2.0 
│ │ ├── frameguard@3.0.0 
│ │ ├── helmet-crossdomain@0.3.0 
│ │ ├─┬ helmet-csp@2.7.1 
│ │ │ ├── camelize@1.0.0 
│ │ │ ├── content-security-policy-builder@2.0.0 
│ │ │ ├── dasherize@2.0.0 
│ │ │ └── platform@1.3.5 
│ │ ├── hide-powered-by@1.0.0 
│ │ ├── hpkp@2.0.0 
│ │ ├─┬ hsts@2.2.0 
│ │ │ └── depd@2.0.0 
│ │ ├── ienoopen@1.1.0 
│ │ ├── nocache@2.0.0 
│ │ ├── referrer-policy@1.1.0 
│ │ └── x-xss-protection@1.1.0 
│ ├─┬ node-localstorage@1.3.1 
│ │ └─┬ write-file-atomic@1.3.4 
│ │   ├── imurmurhash@0.1.4 
│ │   └── slide@1.1.6 
│ └─┬ portscanner@2.2.0 
│   └─┬ is-number-like@1.0.8 
│     └── lodash.isfinite@3.3.2 
└─┬ pm2@3.4.1 
  ├─┬ @pm2/agent@0.5.24 
  │ └─┬ ws@5.2.2 
  │   └── async-limiter@1.0.0 
  ├─┬ @pm2/io@4.1.3 
  │ ├─┬ @opencensus/core@0.0.9 
  │ │ ├─┬ continuation-local-storage@3.2.1 
  │ │ │ ├── async-listener@0.6.10 
  │ │ │ └── emitter-listener@1.1.2 
  │ │ ├── log-driver@1.2.7 
  │ │ └── uuid@3.3.2 
  │ ├─┬ @opencensus/propagation-b3@0.0.8 
  │ │ └── @opencensus/core@0.0.8 
  │ ├─┬ @pm2/agent-node@1.1.8 
  │ │ ├─┬ debug@3.2.6 
  │ │ │ └── ms@2.1.1 
  │ │ ├─┬ proxy-agent@3.1.0 
  │ │ │ ├─┬ agent-base@4.2.1 
  │ │ │ │ └─┬ es6-promisify@5.0.0 
  │ │ │ │   └── es6-promise@4.2.6 
  │ │ │ ├─┬ debug@3.2.6 
  │ │ │ │ └── ms@2.1.1 
  │ │ │ ├─┬ http-proxy-agent@2.1.0 
  │ │ │ │ └── debug@3.1.0 
  │ │ │ ├─┬ https-proxy-agent@2.2.1 
  │ │ │ │ └─┬ debug@3.2.6 
  │ │ │ │   └── ms@2.1.1 
  │ │ │ ├─┬ lru-cache@4.1.5 
  │ │ │ │ ├── pseudomap@1.0.2 
  │ │ │ │ └── yallist@2.1.2 
  │ │ │ ├─┬ pac-proxy-agent@3.0.0 
  │ │ │ │ ├─┬ debug@3.2.6 
  │ │ │ │ │ └── ms@2.1.1 
  │ │ │ │ ├─┬ get-uri@2.0.3 
  │ │ │ │ │ ├─┬ data-uri-to-buffer@2.0.0 
  │ │ │ │ │ │ └── @types/node@8.10.45 
  │ │ │ │ │ ├─┬ debug@4.1.1 
  │ │ │ │ │ │ └── ms@2.1.1 
  │ │ │ │ │ ├── extend@3.0.2 
  │ │ │ │ │ ├── file-uri-to-path@1.0.0 
  │ │ │ │ │ ├─┬ ftp@0.3.10 
  │ │ │ │ │ │ ├─┬ readable-stream@1.1.14 
  │ │ │ │ │ │ │ ├── isarray@0.0.1 
  │ │ │ │ │ │ │ └── string_decoder@0.10.31 
  │ │ │ │ │ │ └── xregexp@2.0.0 
  │ │ │ │ │ └─┬ readable-stream@3.3.0 
  │ │ │ │ │   └── string_decoder@1.2.0 
  │ │ │ │ └─┬ pac-resolver@3.0.0 
  │ │ │ │   ├── co@4.6.0 
  │ │ │ │   ├─┬ degenerator@1.0.4 
  │ │ │ │   │ ├── ast-types@0.12.3 
  │ │ │ │   │ ├─┬ escodegen@1.11.1 
  │ │ │ │   │ │ ├── estraverse@4.2.0 
  │ │ │ │   │ │ ├── esutils@2.0.2 
  │ │ │ │   │ │ └─┬ optionator@0.8.2 
  │ │ │ │   │ │   ├── deep-is@0.1.3 
  │ │ │ │   │ │   ├── fast-levenshtein@2.0.6 
  │ │ │ │   │ │   ├── levn@0.3.0 
  │ │ │ │   │ │   ├── prelude-ls@1.1.2 
  │ │ │ │   │ │   ├── type-check@0.3.2 
  │ │ │ │   │ │   └── wordwrap@1.0.0 
  │ │ │ │   │ └── esprima@3.1.3 
  │ │ │ │   ├── ip@1.1.5 
  │ │ │ │   ├── netmask@1.0.6 
  │ │ │ │   └── thunkify@2.1.2 
  │ │ │ ├── proxy-from-env@1.0.0 
  │ │ │ └─┬ socks-proxy-agent@4.0.2 
  │ │ │   └─┬ socks@2.3.2 
  │ │ │     └── smart-buffer@4.0.2 
  │ │ └── ws@6.2.1 
  │ ├─┬ debug@3.1.0 
  │ │ └── ms@2.0.0 
  │ ├── event-loop-inspector@1.2.2 
  │ ├─┬ require-in-the-middle@3.0.0 
  │ │ ├── module-details-from-path@1.0.3 
  │ │ └─┬ resolve@1.10.0 
  │ │   └── path-parse@1.0.6 
  │ ├── semver@5.5.0 
  │ ├── shimmer@1.2.1 
  │ ├── signal-exit@3.0.2 
  │ └── tslib@1.9.3 
  ├─┬ @pm2/js-api@0.5.55 
  │ ├─┬ axios@0.16.2 
  │ │ ├─┬ follow-redirects@1.7.0 
  │ │ │ └─┬ debug@3.2.6 
  │ │ │   └── ms@2.1.1 
  │ │ └── is-buffer@1.1.6 
  │ ├── debug@2.6.9 
  │ ├── eventemitter2@4.1.2 
  │ └─┬ ws@3.3.3 
  │   └── ultron@1.1.1 
  ├─┬ async@2.6.2 
  │ └── lodash@4.17.11 
  ├── blessed@0.1.81 
  ├─┬ chalk@2.4.2 
  │ ├─┬ ansi-styles@3.2.1 
  │ │ └─┬ color-convert@1.9.3 
  │ │   └── color-name@1.1.3 
  │ ├── escape-string-regexp@1.0.5 
  │ └─┬ supports-color@5.5.0 
  │   └── has-flag@3.0.0 
  ├─┬ chokidar@2.1.5 
  │ ├─┬ anymatch@2.0.0 
  │ │ ├─┬ micromatch@3.1.10 
  │ │ │ ├── arr-diff@4.0.0 
  │ │ │ ├─┬ define-property@2.0.2 
  │ │ │ │ └─┬ is-descriptor@1.0.2 
  │ │ │ │   ├── is-accessor-descriptor@1.0.0 
  │ │ │ │   └── is-data-descriptor@1.0.0 
  │ │ │ ├─┬ extend-shallow@3.0.2 
  │ │ │ │ ├── assign-symbols@1.0.0 
  │ │ │ │ └─┬ is-extendable@1.0.1 
  │ │ │ │   └── is-plain-object@2.0.4 
  │ │ │ ├─┬ extglob@2.0.4 
  │ │ │ │ ├─┬ define-property@1.0.0 
  │ │ │ │ │ └─┬ is-descriptor@1.0.2 
  │ │ │ │ │   ├── is-accessor-descriptor@1.0.0 
  │ │ │ │ │   └── is-data-descriptor@1.0.0 
  │ │ │ │ ├─┬ expand-brackets@2.1.4 
  │ │ │ │ │ ├── define-property@0.2.5 
  │ │ │ │ │ ├── extend-shallow@2.0.1 
  │ │ │ │ │ └── posix-character-classes@0.1.1 
  │ │ │ │ └── extend-shallow@2.0.1 
  │ │ │ ├── fragment-cache@0.2.1 
  │ │ │ ├── kind-of@6.0.2 
  │ │ │ ├─┬ nanomatch@1.2.13 
  │ │ │ │ └── is-windows@1.0.2 
  │ │ │ ├── object.pick@1.3.0 
  │ │ │ └── regex-not@1.0.2 
  │ │ └─┬ normalize-path@2.1.1 
  │ │   └── remove-trailing-separator@1.1.0 
  │ ├── async-each@1.0.2 
  │ ├─┬ braces@2.3.2 
  │ │ ├── arr-flatten@1.1.0 
  │ │ ├── array-unique@0.3.2 
  │ │ ├─┬ extend-shallow@2.0.1 
  │ │ │ └── is-extendable@0.1.1 
  │ │ ├─┬ fill-range@4.0.0 
  │ │ │ ├── extend-shallow@2.0.1 
  │ │ │ ├─┬ is-number@3.0.0 
  │ │ │ │ └── kind-of@3.2.2 
  │ │ │ ├── repeat-string@1.6.1 
  │ │ │ └── to-regex-range@2.1.1 
  │ │ ├── isobject@3.0.1 
  │ │ ├── repeat-element@1.1.3 
  │ │ ├─┬ snapdragon@0.8.2 
  │ │ │ ├─┬ base@0.11.2 
  │ │ │ │ ├─┬ cache-base@1.0.1 
  │ │ │ │ │ ├─┬ collection-visit@1.0.0 
  │ │ │ │ │ │ ├── map-visit@1.0.0 
  │ │ │ │ │ │ └── object-visit@1.0.1 
  │ │ │ │ │ ├── get-value@2.0.6 
  │ │ │ │ │ ├─┬ has-value@1.0.0 
  │ │ │ │ │ │ └─┬ has-values@1.0.0 
  │ │ │ │ │ │   └── kind-of@4.0.0 
  │ │ │ │ │ ├─┬ set-value@2.0.0 
  │ │ │ │ │ │ └── extend-shallow@2.0.1 
  │ │ │ │ │ ├─┬ to-object-path@0.3.0 
  │ │ │ │ │ │ └── kind-of@3.2.2 
  │ │ │ │ │ ├─┬ union-value@1.0.0 
  │ │ │ │ │ │ └─┬ set-value@0.4.3 
  │ │ │ │ │ │   └── extend-shallow@2.0.1 
  │ │ │ │ │ └─┬ unset-value@1.0.0 
  │ │ │ │ │   └─┬ has-value@0.3.1 
  │ │ │ │ │     ├── has-values@0.1.4 
  │ │ │ │ │     └─┬ isobject@2.1.0 
  │ │ │ │ │       └── isarray@1.0.0 
  │ │ │ │ ├─┬ class-utils@0.3.6 
  │ │ │ │ │ ├── arr-union@3.1.0 
  │ │ │ │ │ ├── define-property@0.2.5 
  │ │ │ │ │ └─┬ static-extend@0.1.2 
  │ │ │ │ │   ├── define-property@0.2.5 
  │ │ │ │ │   └─┬ object-copy@0.1.0 
  │ │ │ │ │     ├── copy-descriptor@0.1.1 
  │ │ │ │ │     ├── define-property@0.2.5 
  │ │ │ │ │     └── kind-of@3.2.2 
  │ │ │ │ ├── component-emitter@1.2.1 
  │ │ │ │ ├─┬ define-property@1.0.0 
  │ │ │ │ │ └─┬ is-descriptor@1.0.2 
  │ │ │ │ │   ├── is-accessor-descriptor@1.0.0 
  │ │ │ │ │   └── is-data-descriptor@1.0.0 
  │ │ │ │ ├─┬ mixin-deep@1.3.1 
  │ │ │ │ │ ├── for-in@1.0.2 
  │ │ │ │ │ └── is-extendable@1.0.1 
  │ │ │ │ └── pascalcase@0.1.1 
  │ │ │ ├─┬ define-property@0.2.5 
  │ │ │ │ └─┬ is-descriptor@0.1.6 
  │ │ │ │   ├─┬ is-accessor-descriptor@0.1.6 
  │ │ │ │   │ └── kind-of@3.2.2 
  │ │ │ │   ├─┬ is-data-descriptor@0.1.4 
  │ │ │ │   │ └── kind-of@3.2.2 
  │ │ │ │   └── kind-of@5.1.0 
  │ │ │ ├── extend-shallow@2.0.1 
  │ │ │ ├── map-cache@0.2.2 
  │ │ │ ├── source-map@0.5.7 
  │ │ │ ├─┬ source-map-resolve@0.5.2 
  │ │ │ │ ├── atob@2.1.2 
  │ │ │ │ ├── decode-uri-component@0.2.0 
  │ │ │ │ ├── resolve-url@0.2.1 
  │ │ │ │ ├── source-map-url@0.4.0 
  │ │ │ │ └── urix@0.1.0 
  │ │ │ └── use@3.1.1 
  │ │ ├─┬ snapdragon-node@2.1.1 
  │ │ │ ├─┬ define-property@1.0.0 
  │ │ │ │ └─┬ is-descriptor@1.0.2 
  │ │ │ │   ├── is-accessor-descriptor@1.0.0 
  │ │ │ │   └── is-data-descriptor@1.0.0 
  │ │ │ └─┬ snapdragon-util@3.0.1 
  │ │ │   └── kind-of@3.2.2 
  │ │ ├── split-string@3.1.0 
  │ │ └─┬ to-regex@3.0.2 
  │ │   └─┬ safe-regex@1.1.0 
  │ │     └── ret@0.1.15 
  │ ├─┬ glob-parent@3.1.0 
  │ │ ├── is-glob@3.1.0 
  │ │ └── path-dirname@1.0.2 
  │ ├── inherits@2.0.3 
  │ ├─┬ is-binary-path@1.0.1 
  │ │ └── binary-extensions@1.13.1 
  │ ├─┬ is-glob@4.0.1 
  │ │ └── is-extglob@2.1.1 
  │ ├── normalize-path@3.0.0 
  │ ├── path-is-absolute@1.0.1 
  │ ├─┬ readdirp@2.2.1 
  │ │ ├── graceful-fs@4.1.15 
  │ │ └─┬ readable-stream@2.3.6 
  │ │   ├── core-util-is@1.0.2 
  │ │   ├── isarray@1.0.0 
  │ │   ├── process-nextick-args@2.0.0 
  │ │   ├── string_decoder@1.1.1 
  │ │   └── util-deprecate@1.0.2 
  │ └── upath@1.1.2 
  ├─┬ cli-table-redemption@1.0.1 
  │ └─┬ chalk@1.1.3 
  │   ├── ansi-styles@2.2.1 
  │   ├─┬ has-ansi@2.0.0 
  │   │ └── ansi-regex@2.1.1 
  │   ├── strip-ansi@3.0.1 
  │   └── supports-color@2.0.0 
  ├── commander@2.15.1 
  ├─┬ cron@1.7.0 
  │ └── moment-timezone@0.5.23 
  ├── date-fns@1.30.1 
  ├─┬ debug@3.2.6 
  │ └── ms@2.1.1 
  ├── eventemitter2@5.0.1 
  ├── fclone@1.0.11 
  ├── gkt@1.0.0 
  ├─┬ mkdirp@0.5.1 
  │ └── minimist@0.0.8 
  ├── moment@2.24.0 
  ├─┬ needle@2.2.4 
  │ ├─┬ iconv-lite@0.4.23 
  │ │ └── safer-buffer@2.1.2 
  │ └── sax@1.2.4 
  ├─┬ nssocket@0.6.0 
  │ ├── eventemitter2@0.4.14 
  │ └── lazy@1.0.11 
  ├─┬ pidusage@2.0.17 
  │ └── safe-buffer@5.1.2 
  ├─┬ pm2-axon@3.3.0 
  │ ├── amp@0.3.1 
  │ ├── amp-message@0.1.2 
  │ ├─┬ debug@3.2.6 
  │ │ └── ms@2.1.1 
  │ └── escape-regexp@0.0.1 
  ├─┬ pm2-axon-rpc@0.5.1 
  │ └─┬ debug@3.2.6 
  │   └── ms@2.1.1 
npm WARN optional SKIPPING OPTIONAL DEPENDENCY: fsevents@^1.2.7 (node_modules/chokidar/node_modules/fsevents):
npm WARN notsup SKIPPING OPTIONAL DEPENDENCY: Unsupported platform for fsevents@1.2.7: wanted {"os":"darwin","arch":"any"} (current: {"os":"linux","arch":"x64"})
npm WARN enoent ENOENT: no such file or directory, open '/home/travis/cg/package.json'
npm WARN cg No description
npm WARN cg No repository field.
npm WARN cg No README data
npm WARN cg No license field.
  ├─┬ pm2-deploy@0.4.0 
  │ └── tv4@1.3.0 
  ├─┬ pm2-multimeter@0.1.2 
  │ └── charm@0.1.2 
  ├─┬ promptly@2.2.0 
  │ └─┬ read@1.0.7 
  │   └── mute-stream@0.0.8 
  ├── semver@5.7.0 
  ├─┬ shelljs@0.8.3 
  │ ├─┬ glob@7.1.3 
  │ │ ├── fs.realpath@1.0.0 
  │ │ ├─┬ inflight@1.0.6 
  │ │ │ └── wrappy@1.0.2 
  │ │ ├─┬ minimatch@3.0.4 
  │ │ │ └─┬ brace-expansion@1.1.11 
  │ │ │   ├── balanced-match@1.0.0 
  │ │ │   └── concat-map@0.0.1 
  │ │ └── once@1.4.0 
  │ ├── interpret@1.2.0 
  │ └── rechoir@0.6.2 
  ├─┬ source-map-support@0.5.11 
  │ ├── buffer-from@1.1.1 
  │ └── source-map@0.6.1 
  ├── sprintf-js@1.1.1 
  ├── v8-compile-cache@2.0.2 
  ├─┬ vizion@2.0.2 
  │ ├── async@2.6.1 
  │ ├── git-node-fs@1.0.0 
  │ ├── ini@1.3.5 
  │ ├─┬ js-git@0.7.8 
  │ │ ├── bodec@0.1.0 
  │ │ ├── culvert@0.1.2 
  │ │ ├── git-sha1@0.1.2 
  │ │ └── pako@0.2.9 
  │ ├── lodash.findindex@4.6.0 
  │ ├── lodash.foreach@4.5.0 
  │ ├── lodash.get@4.4.2 
  │ └── lodash.last@3.0.0 
  └─┬ yamljs@0.3.0 
    └─┬ argparse@1.0.10 
      └── sprintf-js@1.0.3 

### accessorInvokeSSH: Running npm update @terraswarm/accessors pm2 
### accessorInvokeSSH: Creating cg/top/invoke.js
### accessorInvokeSSH: Copying the accessor to cg/top
### accessorInvokeSSH: Creating the runit.sh command in cg/top
### accessorInvokeSSH: Invoking cg/top/runit.sh   on localhost
Running top.js *once* for 15000 ms.
commonHost.js: processCommandLineArguments(): Setting timeout to stop after 15000 ms.
commonHost.js: processCommandLineArguments(): Maximum time reached. Calling stopAllAccessors().
commonHost.js: invoking wrapup() for accessor: top
All initialized accessors have wrapped up. Terminating.
All Done
### accessorInvokeSSH: ssh cg/top/runit.sh returned.
04/02/19 04:19:39
Failed: 0  Total Tests: 2  ((Passed: 2, Newly Passed: 0)  Known Failed: 0) /home/travis/build/icyphy/ptII/ptolemy/cg/kernel/generic/accessor/test
No auto/knownFailedTests/*.xml tests in /home/travis/build/icyphy/ptII/ptolemy/cg/kernel/generic/accessor/test
No auto/linux-amd64/*.xml tests in /home/travis/build/icyphy/ptII/ptolemy/cg/kernel/generic/accessor/test
AutoTests.java: About to close Vertx.
AutoTests.java: Vertx closed.

===========================================================================================
----------------- testing Tue Apr 02 16:19:39 UTC 2019 /home/travis/build/icyphy/ptII/ptolemy/cg/kernel/generic/accessor/test/auto/AccessorStatusTest.xml
----------------- Instantiating /home/travis/build/icyphy/ptII/ptolemy/cg/kernel/generic/accessor/test/auto/AccessorStatusTest.xml
JSAccessor: PT_NO_NET environment variable is set, so git pull and ptdoc are not being run.
TextDisplayHelper: [ { utilization: 0,
    startMonitoringTime: 1554221997066,
    initialize: { count: 0, utilization: 0, latestStart: 0, latestEnd: 0 },
    react: { count: 0, utilization: 0, latestStart: 0, latestEnd: 0 },
    wrapup: { count: 0, utilization: 0, latestStart: 0, latestEnd: 0 },
    accessorName: 'monitor',
    currentMonitoringTime: 1554221998156,
    containedAccessors: [] },
  { utilization: 0.000931098696461825,
    startMonitoringTime: 1554221997087,
    initialize: { count: 0, utilization: 0, latestStart: 0, latestEnd: 0 },
    react: 
     { count: 1,
       utilization: 0.000931098696461825,
       latestStart: 1554221998123,
       latestEnd: 1554221998124 },
    wrapup: { count: 0, utilization: 0, latestStart: 0, latestEnd: 0 },
    accessorName: 'TestSpontaneous2',
    currentMonitoringTime: 1554221998161,
    containedAccessors: [] },
  { utilization: 0,
    startMonitoringTime: 1554221997104,
    initialize: { count: 0, utilization: 0, latestStart: 0, latestEnd: 0 },
    react: { count: 0, utilization: 0, latestStart: 0, latestEnd: 0 },
    wrapup: { count: 0, utilization: 0, latestStart: 0, latestEnd: 0 },
    accessorName: 'TextDisplay',
    currentMonitoringTime: 1554221998167,
    containedAccessors: [] },
  { utilization: 0.0009532888465204957,
    startMonitoringTime: 1554221997124,
    initialize: { count: 0, utilization: 0, latestStart: 0, latestEnd: 0 },
    react: 
     { count: 1,
       utilization: 0.0009532888465204957,
       latestStart: 1554221998147,
       latestEnd: 1554221998148 },
    wrapup: { count: 0, utilization: 0, latestStart: 0, latestEnd: 0 },
    accessorName: 'TestSpontaneous',
    currentMonitoringTime: 1554221998173,
    containedAccessors: [] },
  { utilization: 0,
    startMonitoringTime: 1554221997137,
    initialize: { count: 0, utilization: 0, latestStart: 0, latestEnd: 0 },
    react: { count: 0, utilization: 0, latestStart: 0, latestEnd: 0 },
    wrapup: { count: 0, utilization: 0, latestStart: 0, latestEnd: 0 },
    accessorName: 'JavaScriptRamp',
    currentMonitoringTime: 1554221998179,
    containedAccessors: [] },
  { utilization: 0.001936108422071636,
    startMonitoringTime: 1554221997151,
    initialize: { count: 0, utilization: 0, latestStart: 0, latestEnd: 0 },
    react: 
     { count: 1,
       utilization: 0.001936108422071636,
       latestStart: 1554221997182,
       latestEnd: 1554221997184 },
    wrapup: { count: 0, utilization: 0, latestStart: 0, latestEnd: 0 },
    accessorName: 'AccessorStatus',
    currentMonitoringTime: 1554221998184,
    containedAccessors: [] },
  { utilization: 0,
    startMonitoringTime: 1554221997164,
    initialize: { count: 0, utilization: 0, latestStart: 0, latestEnd: 0 },
    react: { count: 0, utilization: 0, latestStart: 0, latestEnd: 0 },
    wrapup: { count: 0, utilization: 0, latestStart: 0, latestEnd: 0 },
    accessorName: 'status',
    currentMonitoringTime: 1554221998190,
    containedAccessors: [] } ]
TextDisplayHelper: [ { accessorClass: 'https://accessors.org/utilities/TextDisplay.js',
    accessorName: 'monitor',
    initialized: true },
  { accessorClass: 'https://accessors.org/test/TestSpontaneous.js',
    accessorName: 'TestSpontaneous2',
    initialized: true },
  { accessorClass: 'https://accessors.org/utilities/TextDisplay.js',
    accessorName: 'TextDisplay',
    initialized: true },
  { accessorClass: 'https://accessors.org/test/TestSpontaneous.js',
    accessorName: 'TestSpontaneous',
    initialized: true },
  { accessorClass: 'JavaScript',
    accessorName: 'JavaScriptRamp',
    initialized: true },
  { accessorClass: 'https://accessors.org/trusted/AccessorStatus.js',
    accessorName: 'AccessorStatus',
    initialized: true },
  { accessorClass: 'https://accessors.org/utilities/TextDisplay.js',
    accessorName: 'status',
    initialized: true } ]
TextDisplayHelper: 1
TextDisplayHelper: [ { utilization: 0.12417638114546375,
    startMonitoringTime: 1554221997066,
    initialize: { count: 0, utilization: 0, latestStart: 0, latestEnd: 0 },
    react: 
     { count: 1,
       utilization: 0.12417638114546375,
       latestStart: 1554221998292,
       latestEnd: 1554221998537 },
    wrapup: { count: 0, utilization: 0, latestStart: 0, latestEnd: 0 },
    accessorName: 'monitor',
    currentMonitoringTime: 1554221999039,
    containedAccessors: [] },
  { utilization: 0.0004951535119132885,
    startMonitoringTime: 1554221997087,
    initialize: { count: 0, utilization: 0, latestStart: 0, latestEnd: 0 },
    react: 
     { count: 2,
       utilization: 0.0004951535119132885,
       latestStart: 1554221999037,
       latestEnd: 1554221999037 },
    wrapup: { count: 0, utilization: 0, latestStart: 0, latestEnd: 0 },
    accessorName: 'TestSpontaneous2',
    currentMonitoringTime: 1554221999040,
    containedAccessors: [] },
  { utilization: 0.01962809917355372,
    startMonitoringTime: 1554221997104,
    initialize: { count: 0, utilization: 0, latestStart: 0, latestEnd: 0 },
    react: 
     { count: 1,
       utilization: 0.01962809917355372,
       latestStart: 1554221998713,
       latestEnd: 1554221998751 },
    wrapup: { count: 0, utilization: 0, latestStart: 0, latestEnd: 0 },
    accessorName: 'TextDisplay',
    currentMonitoringTime: 1554221999040,
    containedAccessors: [] },
  { utilization: 0.0010308647776927427,
    startMonitoringTime: 1554221997124,
    initialize: { count: 0, utilization: 0, latestStart: 0, latestEnd: 0 },
    react: 
     { count: 2,
       utilization: 0.0010308647776927427,
       latestStart: 1554221999038,
       latestEnd: 1554221999039 },
    wrapup: { count: 0, utilization: 0, latestStart: 0, latestEnd: 0 },
    accessorName: 'TestSpontaneous',
    currentMonitoringTime: 1554221999041,
    containedAccessors: [] },
  { utilization: 0.0068241469816272965,
    startMonitoringTime: 1554221997137,
    initialize: { count: 0, utilization: 0, latestStart: 0, latestEnd: 0 },
    react: 
     { count: 1,
       utilization: 0.0068241469816272965,
       latestStart: 1554221998268,
       latestEnd: 1554221998281 },
    wrapup: { count: 0, utilization: 0, latestStart: 0, latestEnd: 0 },
    accessorName: 'JavaScriptRamp',
    currentMonitoringTime: 1554221999042,
    containedAccessors: [] },
  { utilization: 0.01695605054358983,
    startMonitoringTime: 1554221997151,
    initialize: { count: 0, utilization: 0, latestStart: 0, latestEnd: 0 },
    react: 
     { count: 2,
       utilization: 0.01695605054358983,
       latestStart: 1554221998225,
       latestEnd: 1554221998257 },
    wrapup: { count: 0, utilization: 0, latestStart: 0, latestEnd: 0 },
    accessorName: 'AccessorStatus',
    currentMonitoringTime: 1554221999042,
    containedAccessors: [] },
  { utilization: 0.05162320383182545,
    startMonitoringTime: 1554221997164,
    initialize: { count: 0, utilization: 0, latestStart: 0, latestEnd: 0 },
    react: 
     { count: 1,
       utilization: 0.05162320383182545,
       latestStart: 1554221998602,
       latestEnd: 1554221998699 },
    wrapup: { count: 0, utilization: 0, latestStart: 0, latestEnd: 0 },
    accessorName: 'status',
    currentMonitoringTime: 1554221999043,
    containedAccessors: [] } ]
TextDisplayHelper: [ { accessorClass: 'https://accessors.org/utilities/TextDisplay.js',
    accessorName: 'monitor',
    initialized: true },
  { accessorClass: 'https://accessors.org/test/TestSpontaneous.js',
    accessorName: 'TestSpontaneous2',
    initialized: true },
  { accessorClass: 'https://accessors.org/utilities/TextDisplay.js',
    accessorName: 'TextDisplay',
    initialized: true },
  { accessorClass: 'https://accessors.org/test/TestSpontaneous.js',
    accessorName: 'TestSpontaneous',
    initialized: true },
  { accessorClass: 'JavaScript',
    accessorName: 'JavaScriptRamp',
    initialized: true },
  { accessorClass: 'https://accessors.org/trusted/AccessorStatus.js',
    accessorName: 'AccessorStatus',
    initialized: true },
  { accessorClass: 'https://accessors.org/utilities/TextDisplay.js',
    accessorName: 'status',
    initialized: true } ]
TextDisplayHelper: 2
TextDisplayHelper: [ { utilization: 0.08669699080248222,
    startMonitoringTime: 1554221997066,
    initialize: { count: 0, utilization: 0, latestStart: 0, latestEnd: 0 },
    react: 
     { count: 2,
       utilization: 0.08669699080248222,
       latestStart: 1554221999069,
       latestEnd: 1554221999144 },
    wrapup: { count: 0, utilization: 0, latestStart: 0, latestEnd: 0 },
    accessorName: 'monitor',
    currentMonitoringTime: 1554222000038,
    containedAccessors: [] },
  { utilization: 0.0003274158522315743,
    startMonitoringTime: 1554221997087,
    initialize: { count: 0, utilization: 0, latestStart: 0, latestEnd: 0 },
    react: 
     { count: 3,
       utilization: 0.0003274158522315743,
       latestStart: 1554222000036,
       latestEnd: 1554222000036 },
    wrapup: { count: 0, utilization: 0, latestStart: 0, latestEnd: 0 },
    accessorName: 'TestSpontaneous2',
    currentMonitoringTime: 1554222000038,
    containedAccessors: [] },
  { utilization: 0.011695904374392838,
    startMonitoringTime: 1554221997104,
    initialize: { count: 0, utilization: 0, latestStart: 0, latestEnd: 0 },
    react: 
     { count: 2,
       utilization: 0.011695904374392838,
       latestStart: 1554221999183,
       latestEnd: 1554221999185 },
    wrapup: { count: 0, utilization: 0, latestStart: 0, latestEnd: 0 },
    accessorName: 'TextDisplay',
    currentMonitoringTime: 1554222000039,
    containedAccessors: [] },
  { utilization: 0.0006774557478660269,
    startMonitoringTime: 1554221997124,
    initialize: { count: 0, utilization: 0, latestStart: 0, latestEnd: 0 },
    react: 
     { count: 3,
       utilization: 0.0006774557478660269,
       latestStart: 1554222000038,
       latestEnd: 1554222000038 },
    wrapup: { count: 0, utilization: 0, latestStart: 0, latestEnd: 0 },
    accessorName: 'TestSpontaneous',
    currentMonitoringTime: 1554222000039,
    containedAccessors: [] },
  { utilization: 0.0030347429865546613,
    startMonitoringTime: 1554221997137,
    initialize: { count: 0, utilization: 0, latestStart: 0, latestEnd: 0 },
    react: 
     { count: 2,
       utilization: 0.0030347429865546613,
       latestStart: 1554221999067,
       latestEnd: 1554221999068 },
    wrapup: { count: 0, utilization: 0, latestStart: 0, latestEnd: 0 },
    accessorName: 'JavaScriptRamp',
    currentMonitoringTime: 1554222000039,
    containedAccessors: [] },
  { utilization: 0.008571119079366465,
    startMonitoringTime: 1554221997151,
    initialize: { count: 0, utilization: 0, latestStart: 0, latestEnd: 0 },
    react: 
     { count: 3,
       utilization: 0.008571119079366465,
       latestStart: 1554221999061,
       latestEnd: 1554221999067 },
    wrapup: { count: 0, utilization: 0, latestStart: 0, latestEnd: 0 },
    accessorName: 'AccessorStatus',
    currentMonitoringTime: 1554222000039,
    containedAccessors: [] },
  { utilization: 0.03869273665455724,
    startMonitoringTime: 1554221997164,
    initialize: { count: 0, utilization: 0, latestStart: 0, latestEnd: 0 },
    react: 
     { count: 2,
       utilization: 0.03869273665455724,
       latestStart: 1554221999150,
       latestEnd: 1554221999182 },
    wrapup: { count: 0, utilization: 0, latestStart: 0, latestEnd: 0 },
    accessorName: 'status',
    currentMonitoringTime: 1554222000039,
    containedAccessors: [] } ]
TextDisplayHelper: [ { accessorClass: 'https://accessors.org/utilities/TextDisplay.js',
    accessorName: 'monitor',
    initialized: true },
  { accessorClass: 'https://accessors.org/test/TestSpontaneous.js',
    accessorName: 'TestSpontaneous2',
    initialized: true },
  { accessorClass: 'https://accessors.org/utilities/TextDisplay.js',
    accessorName: 'TextDisplay',
    initialized: true },
  { accessorClass: 'https://accessors.org/test/TestSpontaneous.js',
    accessorName: 'TestSpontaneous',
    initialized: true },
  { accessorClass: 'JavaScript',
    accessorName: 'JavaScriptRamp',
    initialized: true },
  { accessorClass: 'https://accessors.org/trusted/AccessorStatus.js',
    accessorName: 'AccessorStatus',
    initialized: true },
  { accessorClass: 'https://accessors.org/utilities/TextDisplay.js',
    accessorName: 'status',
    initialized: true } ]
TextDisplayHelper: 3
TextDisplayHelper: [ { utilization: 0.05316121522848893,
    startMonitoringTime: 1554221997066,
    initialize: { count: 0, utilization: 0, latestStart: 0, latestEnd: 0 },
    react: 
     { count: 3,
       utilization: 0.05316121522848893,
       latestStart: 1554222000050,
       latestEnd: 1554222000081 },
    wrapup: { count: 0, utilization: 0, latestStart: 0, latestEnd: 0 },
    accessorName: 'monitor',
    currentMonitoringTime: 1554222001038,
    containedAccessors: [] },
  { utilization: 0.000497481485252066,
    startMonitoringTime: 1554221997087,
    initialize: { count: 0, utilization: 0, latestStart: 0, latestEnd: 0 },
    react: 
     { count: 4,
       utilization: 0.000497481485252066,
       latestStart: 1554222001036,
       latestEnd: 1554222001037 },
    wrapup: { count: 0, utilization: 0, latestStart: 0, latestEnd: 0 },
    accessorName: 'TestSpontaneous2',
    currentMonitoringTime: 1554222001038,
    containedAccessors: [] },
  { utilization: 0.006947694282874586,
    startMonitoringTime: 1554221997104,
    initialize: { count: 0, utilization: 0, latestStart: 0, latestEnd: 0 },
    react: 
     { count: 3,
       utilization: 0.006947694282874586,
       latestStart: 1554222000094,
       latestEnd: 1554222000097 },
    wrapup: { count: 0, utilization: 0, latestStart: 0, latestEnd: 0 },
    accessorName: 'TextDisplay',
    currentMonitoringTime: 1554222001039,
    containedAccessors: [] },
  { utilization: 0.000759669488960818,
    startMonitoringTime: 1554221997124,
    initialize: { count: 0, utilization: 0, latestStart: 0, latestEnd: 0 },
    react: 
     { count: 4,
       utilization: 0.000759669488960818,
       latestStart: 1554222001037,
       latestEnd: 1554222001038 },
    wrapup: { count: 0, utilization: 0, latestStart: 0, latestEnd: 0 },
    accessorName: 'TestSpontaneous',
    currentMonitoringTime: 1554222001039,
    containedAccessors: [] },
  { utilization: 0.002270653179660956,
    startMonitoringTime: 1554221997137,
    initialize: { count: 0, utilization: 0, latestStart: 0, latestEnd: 0 },
    react: 
     { count: 3,
       utilization: 0.002270653179660956,
       latestStart: 1554222000047,
       latestEnd: 1554222000050 },
    wrapup: { count: 0, utilization: 0, latestStart: 0, latestEnd: 0 },
    accessorName: 'JavaScriptRamp',
    currentMonitoringTime: 1554222001039,
    containedAccessors: [] },
  { utilization: 0.005252639957835943,
    startMonitoringTime: 1554221997151,
    initialize: { count: 0, utilization: 0, latestStart: 0, latestEnd: 0 },
    react: 
     { count: 4,
       utilization: 0.005252639957835943,
       latestStart: 1554222000043,
       latestEnd: 1554222000047 },
    wrapup: { count: 0, utilization: 0, latestStart: 0, latestEnd: 0 },
    accessorName: 'AccessorStatus',
    currentMonitoringTime: 1554222001039,
    containedAccessors: [] },
  { utilization: 0.02324695292100555,
    startMonitoringTime: 1554221997164,
    initialize: { count: 0, utilization: 0, latestStart: 0, latestEnd: 0 },
    react: 
     { count: 3,
       utilization: 0.02324695292100555,
       latestStart: 1554222000082,
       latestEnd: 1554222000094 },
    wrapup: { count: 0, utilization: 0, latestStart: 0, latestEnd: 0 },
    accessorName: 'status',
    currentMonitoringTime: 1554222001039,
    containedAccessors: [] } ]
TextDisplayHelper: [ { accessorClass: 'https://accessors.org/utilities/TextDisplay.js',
    accessorName: 'monitor',
    initialized: true },
  { accessorClass: 'https://accessors.org/test/TestSpontaneous.js',
    accessorName: 'TestSpontaneous2',
    initialized: true },
  { accessorClass: 'https://accessors.org/utilities/TextDisplay.js',
    accessorName: 'TextDisplay',
    initialized: true },
  { accessorClass: 'https://accessors.org/test/TestSpontaneous.js',
    accessorName: 'TestSpontaneous',
    initialized: true },
  { accessorClass: 'JavaScript',
    accessorName: 'JavaScriptRamp',
    initialized: true },
  { accessorClass: 'https://accessors.org/trusted/AccessorStatus.js',
    accessorName: 'AccessorStatus',
    initialized: true },
  { accessorClass: 'https://accessors.org/utilities/TextDisplay.js',
    accessorName: 'status',
    initialized: true } ]
TextDisplayHelper: 4
TextDisplayHelper: [ { utilization: 0.044295407985902695,
    startMonitoringTime: 1554221997066,
    initialize: { count: 0, utilization: 0, latestStart: 0, latestEnd: 0 },
    react: 
     { count: 4,
       utilization: 0.044295407985902695,
       latestStart: 1554222001050,
       latestEnd: 1554222001110 },
    wrapup: { count: 0, utilization: 0, latestStart: 0, latestEnd: 0 },
    accessorName: 'monitor',
    currentMonitoringTime: 1554222002039,
    containedAccessors: [] },
  { utilization: 0.0005986375664739877,
    startMonitoringTime: 1554221997087,
    initialize: { count: 0, utilization: 0, latestStart: 0, latestEnd: 0 },
    react: 
     { count: 5,
       utilization: 0.0005986375664739877,
       latestStart: 1554222002036,
       latestEnd: 1554222002037 },
    wrapup: { count: 0, utilization: 0, latestStart: 0, latestEnd: 0 },
    accessorName: 'TestSpontaneous2',
    currentMonitoringTime: 1554222002040,
    containedAccessors: [] },
  { utilization: 0.004618000200292471,
    startMonitoringTime: 1554221997104,
    initialize: { count: 0, utilization: 0, latestStart: 0, latestEnd: 0 },
    react: 
     { count: 4,
       utilization: 0.004618000200292471,
       latestStart: 1554222001121,
       latestEnd: 1554222001123 },
    wrapup: { count: 0, utilization: 0, latestStart: 0, latestEnd: 0 },
    accessorName: 'TextDisplay',
    currentMonitoringTime: 1554222002040,
    containedAccessors: [] },
  { utilization: 0.0006049534852070482,
    startMonitoringTime: 1554221997124,
    initialize: { count: 0, utilization: 0, latestStart: 0, latestEnd: 0 },
    react: 
     { count: 5,
       utilization: 0.0006049534852070482,
       latestStart: 1554222002039,
       latestEnd: 1554222002039 },
    wrapup: { count: 0, utilization: 0, latestStart: 0, latestEnd: 0 },
    accessorName: 'TestSpontaneous',
    currentMonitoringTime: 1554222002040,
    containedAccessors: [] },
  { utilization: 0.0015530109549974228,
    startMonitoringTime: 1554221997137,
    initialize: { count: 0, utilization: 0, latestStart: 0, latestEnd: 0 },
    react: 
     { count: 4,
       utilization: 0.0015530109549974228,
       latestStart: 1554222001048,
       latestEnd: 1554222001049 },
    wrapup: { count: 0, utilization: 0, latestStart: 0, latestEnd: 0 },
    accessorName: 'JavaScriptRamp',
    currentMonitoringTime: 1554222002040,
    containedAccessors: [] },
  { utilization: 0.003928761823699977,
    startMonitoringTime: 1554221997151,
    initialize: { count: 0, utilization: 0, latestStart: 0, latestEnd: 0 },
    react: 
     { count: 5,
       utilization: 0.003928761823699977,
       latestStart: 1554222001044,
       latestEnd: 1554222001048 },
    wrapup: { count: 0, utilization: 0, latestStart: 0, latestEnd: 0 },
    accessorName: 'AccessorStatus',
    currentMonitoringTime: 1554222002041,
    containedAccessors: [] },
  { utilization: 0.015811681783585455,
    startMonitoringTime: 1554221997164,
    initialize: { count: 0, utilization: 0, latestStart: 0, latestEnd: 0 },
    react: 
     { count: 4,
       utilization: 0.015811681783585455,
       latestStart: 1554222001111,
       latestEnd: 1554222001120 },
    wrapup: { count: 0, utilization: 0, latestStart: 0, latestEnd: 0 },
    accessorName: 'status',
    currentMonitoringTime: 1554222002041,
    containedAccessors: [] } ]
TextDisplayHelper: [ { accessorClass: 'https://accessors.org/utilities/TextDisplay.js',
    accessorName: 'monitor',
    initialized: true },
  { accessorClass: 'https://accessors.org/test/TestSpontaneous.js',
    accessorName: 'TestSpontaneous2',
    initialized: true },
  { accessorClass: 'https://accessors.org/utilities/TextDisplay.js',
    accessorName: 'TextDisplay',
    initialized: true },
  { accessorClass: 'https://accessors.org/test/TestSpontaneous.js',
    accessorName: 'TestSpontaneous',
    initialized: true },
  { accessorClass: 'JavaScript',
    accessorName: 'JavaScriptRamp',
    initialized: true },
  { accessorClass: 'https://accessors.org/trusted/AccessorStatus.js',
    accessorName: 'AccessorStatus',
    initialized: true },
  { accessorClass: 'https://accessors.org/utilities/TextDisplay.js',
    accessorName: 'status',
    initialized: true } ]
TextDisplayHelper: 5
AccessorStatus: *** Final monitoring information: (Thread[AccessorStatusTest,1,main])
AccessorStatus: { utilization: 0.04264071412628732,
  startMonitoringTime: 1554221997066,
  initialize: { count: 0, utilization: 0, latestStart: 0, latestEnd: 0 },
  react: 
   { count: 5,
     utilization: 0.04108399102840835,
     latestStart: 1554222002051,
     latestEnd: 1554222002083 },
  wrapup: 
   { count: 2,
     utilization: 0.0015567230978789648,
     latestStart: 1554222002114,
     latestEnd: 1554222002122 },
  accessorName: 'monitor',
  currentMonitoringTime: 1554222002205,
  containedAccessors: [] } (Thread[AccessorStatusTest,1,main])
AccessorStatus: { utilization: 0.004032170793238361,
  startMonitoringTime: 1554221997087,
  initialize: { count: 0, utilization: 0, latestStart: 0, latestEnd: 0 },
  react: 
   { count: 5,
     utilization: 0.000569966523186428,
     latestStart: 1554222002036,
     latestEnd: 1554222002037 },
  wrapup: 
   { count: 2,
     utilization: 0.003462204270051933,
     latestStart: 1554222002134,
     latestEnd: 1554222002152 },
  accessorName: 'TestSpontaneous2',
  currentMonitoringTime: 1554222002286,
  containedAccessors: [] } (Thread[AccessorStatusTest,1,main])
AccessorStatus: { utilization: 0.004912501019599353,
  startMonitoringTime: 1554221997104,
  initialize: { count: 0, utilization: 0, latestStart: 0, latestEnd: 0 },
  react: 
   { count: 5,
     utilization: 0.004143713781467506,
     latestStart: 1554222002106,
     latestEnd: 1554222002109 },
  wrapup: 
   { count: 2,
     utilization: 0.000768787238131847,
     latestStart: 1554222002159,
     latestEnd: 1554222002163 },
  accessorName: 'TextDisplay',
  currentMonitoringTime: 1554222002307,
  containedAccessors: [] } (Thread[AccessorStatusTest,1,main])
AccessorStatus: { utilization: 0.0019505897789402278,
  startMonitoringTime: 1554221997124,
  initialize: { count: 0, utilization: 0, latestStart: 0, latestEnd: 0 },
  react: 
   { count: 5,
     utilization: 0.0006049534852070482,
     latestStart: 1554222002039,
     latestEnd: 1554222002039 },
  wrapup: 
   { count: 2,
     utilization: 0.0013456362937331796,
     latestStart: 1554222002169,
     latestEnd: 1554222002176 },
  accessorName: 'TestSpontaneous',
  currentMonitoringTime: 1554222002326,
  containedAccessors: [] } (Thread[AccessorStatusTest,1,main])
AccessorStatus: { utilization: 0.0019345965545218735,
  startMonitoringTime: 1554221997137,
  initialize: { count: 0, utilization: 0, latestStart: 0, latestEnd: 0 },
  react: 
   { count: 5,
     utilization: 0.0013585596881624264,
     latestStart: 1554222002049,
     latestEnd: 1554222002050 },
  wrapup: 
   { count: 2,
     utilization: 0.000576036866359447,
     latestStart: 1554222002182,
     latestEnd: 1554222002185 },
  accessorName: 'JavaScriptRamp',
  currentMonitoringTime: 1554222002345,
  containedAccessors: [] } (Thread[AccessorStatusTest,1,main])
AccessorStatus: { utilization: 0.036520895188439616,
  startMonitoringTime: 1554221997151,
  initialize: { count: 0, utilization: 0, latestStart: 0, latestEnd: 0 },
  react: 
   { count: 6,
     utilization: 0.0037056965701321837,
     latestStart: 1554222002045,
     latestEnd: 1554222002049 },
  wrapup: 
   { count: 1,
     utilization: 0.03281519861830743,
     latestStart: 1554222002191,
     latestEnd: 0 },
  accessorName: 'AccessorStatus',
  currentMonitoringTime: 1554222002362,
  containedAccessors: [] } (Thread[AccessorStatusTest,1,main])
AccessorStatus: { utilization: 0.015760025417308907,
  startMonitoringTime: 1554221997164,
  initialize: { count: 0, utilization: 0, latestStart: 0, latestEnd: 0 },
  react: 
   { count: 5,
     utilization: 0.015760025417308907,
     latestStart: 1554222002086,
     latestEnd: 1554222002106 },
  wrapup: { count: 0, utilization: 0, latestStart: 0, latestEnd: 0 },
  accessorName: 'status',
  currentMonitoringTime: 1554222002402,
  containedAccessors: [] } (Thread[AccessorStatusTest,1,main])
13642 ms. Memory: 792064K Free: 581137K (73%)
----------------- Invoking toplevel() on ptolemy.moml.MoMLSimpleApplication@4fc9db12
----------------- Done invoking toplevel() on ptolemy.moml.MoMLSimpleApplication@4fc9db12
reloadAllAccessors: .AccessorStatusTest
This is the first time that the reloadAllAccessors method has been invoked in this JVM, so the the accessors repo will be checked out or updated and JSDoc invoked. Note that running the tests may end up invoking a new JVM for each directory, so the repo may be checked out or updated and JSDoc invoked more than once when the tests are run.
-------------- Reloaded accessors, but skipping rerun for now. Tue Apr 02 16:20:04 UTC 2019 /home/travis/build/icyphy/ptII/ptolemy/cg/kernel/generic/accessor/test/auto/AccessorStatusTest.xml

===========================================================================================
----------------- testing Tue Apr 02 16:20:05 UTC 2019 /home/travis/build/icyphy/ptII/ptolemy/cg/kernel/generic/accessor/test/auto/RampJSDisplay.xml
----------------- Instantiating /home/travis/build/icyphy/ptII/ptolemy/cg/kernel/generic/accessor/test/auto/RampJSDisplay.xml
TextDisplayHelper: 1
TextDisplayHelper: 2
TextDisplayHelper: 3
TextDisplayHelper: 4
TextDisplayHelper: 5
7979 ms. Memory: 1047552K Free: 677132K (65%)
----------------- Invoking toplevel() on ptolemy.moml.MoMLSimpleApplication@ace403e
----------------- Done invoking toplevel() on ptolemy.moml.MoMLSimpleApplication@ace403e
reloadAllAccessors: .RampJSDisplay
-------------- Reloaded accessors, but skipping rerun for now. Tue Apr 02 16:20:15 UTC 2019 /home/travis/build/icyphy/ptII/ptolemy/cg/kernel/generic/accessor/test/auto/RampJSDisplay.xml

===========================================================================================
----------------- testing Tue Apr 02 16:20:15 UTC 2019 /home/travis/build/icyphy/ptII/ptolemy/cg/kernel/generic/accessor/test/auto/RampJSInspect.xml
----------------- Instantiating /home/travis/build/icyphy/ptII/ptolemy/cg/kernel/generic/accessor/test/auto/RampJSInspect.xml
8549 ms. Memory: 1295360K Free: 883246K (68%)
----------------- Invoking toplevel() on ptolemy.moml.MoMLSimpleApplication@64619bb3
----------------- Done invoking toplevel() on ptolemy.moml.MoMLSimpleApplication@64619bb3
reloadAllAccessors: .RampJSInspect
-------------- Reloaded accessors, but skipping rerun for now. Tue Apr 02 16:20:27 UTC 2019 /home/travis/build/icyphy/ptII/ptolemy/cg/kernel/generic/accessor/test/auto/RampJSInspect.xml

===========================================================================================
----------------- testing Tue Apr 02 16:20:27 UTC 2019 /home/travis/build/icyphy/ptII/ptolemy/cg/kernel/generic/accessor/test/auto/RampJSTest.xml
----------------- Instantiating /home/travis/build/icyphy/ptII/ptolemy/cg/kernel/generic/accessor/test/auto/RampJSTest.xml
7236 ms. Memory: 1305088K Free: 357752K (27%)
----------------- Invoking toplevel() on ptolemy.moml.MoMLSimpleApplication@6c44c214
----------------- Done invoking toplevel() on ptolemy.moml.MoMLSimpleApplication@6c44c214
reloadAllAccessors: .RampJSTest
-------------- Reloaded accessors, but skipping rerun for now. Tue Apr 02 16:20:38 UTC 2019 /home/travis/build/icyphy/ptII/ptolemy/cg/kernel/generic/accessor/test/auto/RampJSTest.xml

===========================================================================================
----------------- testing Tue Apr 02 16:20:38 UTC 2019 /home/travis/build/icyphy/ptII/ptolemy/cg/kernel/generic/accessor/test/auto/RampJSTextDisplay.xml
----------------- Instantiating /home/travis/build/icyphy/ptII/ptolemy/cg/kernel/generic/accessor/test/auto/RampJSTextDisplay.xml
TextDisplayHelper: 1
TextDisplayHelper: 2
TextDisplayHelper: 3
TextDisplayHelper: 4
TextDisplayHelper: 5
9074 ms. Memory: 1625088K Free: 1145443K (70%)
----------------- Invoking toplevel() on ptolemy.moml.MoMLSimpleApplication@6cda018c
----------------- Done invoking toplevel() on ptolemy.moml.MoMLSimpleApplication@6cda018c
reloadAllAccessors: .RampJSTextDisplay
-------------- Reloaded accessors, but skipping rerun for now. Tue Apr 02 16:20:50 UTC 2019 /home/travis/build/icyphy/ptII/ptolemy/cg/kernel/generic/accessor/test/auto/RampJSTextDisplay.xml

===========================================================================================
----------------- testing Tue Apr 02 16:20:50 UTC 2019 /home/travis/build/icyphy/ptII/ptolemy/cg/kernel/generic/accessor/test/auto/TestComposite.xml
----------------- Instantiating /home/travis/build/icyphy/ptII/ptolemy/cg/kernel/generic/accessor/test/auto/TestComposite.xml
1634 ms. Memory: 1625088K Free: 157859K (10%)
----------------- Invoking toplevel() on ptolemy.moml.MoMLSimpleApplication@3fbfe0a0
----------------- Done invoking toplevel() on ptolemy.moml.MoMLSimpleApplication@3fbfe0a0
reloadAllAccessors: .TestComposite
-------------- Reloaded accessors, but skipping rerun for now. Tue Apr 02 16:20:54 UTC 2019 /home/travis/build/icyphy/ptII/ptolemy/cg/kernel/generic/accessor/test/auto/TestComposite.xml
AutoTests.java: About to close Vertx.
AutoTests.java: Vertx closed.
]]></system-out>
  <system-err><![CDATA[WARNING: TestSpontaneous2: Model stopped before executing actions (e.g. producing outputs) scheduled for execution at times [6.0]
WARNING: TestSpontaneous: Model stopped before executing actions (e.g. producing outputs) scheduled for execution at times [6.0]
WARNING: AccessorStatus: Model stopped before executing actions (e.g. producing outputs) scheduled for execution at times [6.0]
WARNING: TestSpontaneous: Model stopped before executing actions (e.g. producing outputs) scheduled for execution at times [6.0]
WARNING: TestSpontaneous: Model stopped before executing actions (e.g. producing outputs) scheduled for execution at times [5.0]
WARNING: TestSpontaneous: Model stopped before executing actions (e.g. producing outputs) scheduled for execution at times [5.0]
WARNING: TestSpontaneous: Model stopped before executing actions (e.g. producing outputs) scheduled for execution at times [6.0]
]]></system-err>
</testsuite>
