/home/travis/build/icyphy/ptII/bin/ant: Running /home/travis/build/icyphy/ptII/ant/bin/ant build test.capecode2.xml
Buildfile: /home/travis/build/icyphy/ptII/build.xml

build-message:
     [echo] Use ant -p to see other targets. JAVA_HOME=/usr/lib/jvm/java-8-oracle
     [echo] tools.jar is necessary for compilation of doc/doclets/.
     [echo] If compilation fails, try setting JAVA_HOME to the location of the JDK.
     [echo] For example:
     [echo]   [bldmastr@sisyphus ptII]$ which java
     [echo]   /usr/bin/java
     [echo]   [bldmastr@sisyphus ptII]$ ls -l /usr/bin/java
     [echo]   lrwxrwxrwx 1 root root 26 Jul 31 10:12 /usr/bin/java -> /usr/java/default/bin/java
     [echo]   [bldmastr@sisyphus ptII]$ export JAVA_HOME=/usr/java/default
     [echo]     

-build-subprojects-empty:

build-subprojects:

-check-node:

-check-node-works:
     [exec] v7.10.1

-check-npm:

-check-npm-works:
     [exec] 4.2.0

-check-if-npmjs-org-is-up:
     [echo] Check to see if https://www.npmjs.org is up.

-jsdoc-no-network-message:

-check-jsdoc:

jsdoc-install:
    [mkdir] Created dir: /home/travis/build/icyphy/ptII/node_modules
     [exec] /home/travis/build/icyphy/ptII
     [exec] └─┬ @terraswarm/jsdoc@3.5.1-dev 
     [exec]   ├── bluebird@3.4.7 
     [exec]   ├─┬ catharsis@0.8.9 
     [exec]   │ └─┬ underscore-contrib@0.3.0 
     [exec]   │   └── underscore@1.6.0 
     [exec]   ├── escape-string-regexp@1.0.5 
     [exec]   ├─┬ espree@3.1.7 
     [exec]   │ ├── acorn@3.3.0 
     [exec]   │ └── acorn-jsx@3.0.1 
     [exec]   ├── js2xmlparser@1.0.0 
     [exec]   ├─┬ klaw@1.3.1 
     [exec]   │ └── graceful-fs@4.1.15 
     [exec]   ├── marked@0.3.19 
     [exec]   ├─┬ mkdirp@0.5.1 
     [exec]   │ └── minimist@0.0.8 
     [exec]   ├─┬ requizzle@0.2.1 
     [exec]   │ └── underscore@1.6.0 
     [exec]   ├── strip-json-comments@2.0.1 
     [exec]   ├── taffydb@2.6.2 
     [exec]   └── underscore@1.8.3 
     [exec] 
     [exec] npm WARN enoent ENOENT: no such file or directory, open '/home/travis/build/icyphy/ptII/package.json'
     [exec] npm WARN ptII No description
     [exec] npm WARN ptII No repository field.
     [exec] npm WARN ptII No README data
     [exec] npm WARN ptII No license field.

jsdoc-update:

-ptdoc-no-node:

-ptdoc-no-npm:

ptdoc:
     [echo] 
     [echo]       If the ptdoc target fails, then try running:
     [echo]           ant build-project build-bin
     [echo]     

-check-node:

-check-node-works:
     [exec] v7.10.1

-check-npm:

-check-npm-works:
     [exec] 4.2.0

-check-if-npmjs-org-is-up:
     [echo] Check to see if https://www.npmjs.org is up or $TRAVIS is set.

-jsdoc-no-network-message:

-check-jsdoc:
     [echo] To stop CapeCode from invoking jsdoc and svn, set the PT_NO_NET environment variable.  
     [echo]     Under BASH:
     [echo]         export PT_NO_NET=true
     [echo]     If ptdoc fails, and you are building from $PTII, try:
     [echo]         ant build-project build-bin
     [echo]     

jsdoc-install:
     [echo] npm.executable: npm
    [mkdir] Created dir: /home/travis/build/icyphy/ptII/org/terraswarm/accessor/accessors/node_modules
     [exec] /home/travis/build/icyphy/ptII/org/terraswarm/accessor/accessors
     [exec] └─┬ @terraswarm/jsdoc@3.5.1-dev 
     [exec]   ├── bluebird@3.4.7 
     [exec]   ├─┬ catharsis@0.8.9 
     [exec]   │ └─┬ underscore-contrib@0.3.0 
     [exec]   │   └── underscore@1.6.0 
     [exec]   ├── escape-string-regexp@1.0.5 
     [exec]   ├─┬ espree@3.1.7 
     [exec]   │ ├── acorn@3.3.0 
     [exec]   │ └── acorn-jsx@3.0.1 
     [exec]   ├── js2xmlparser@1.0.0 
     [exec]   ├─┬ klaw@1.3.1 
     [exec]   │ └── graceful-fs@4.1.15 
     [exec]   ├── marked@0.3.19 
     [exec]   ├─┬ mkdirp@0.5.1 
     [exec]   │ └── minimist@0.0.8 
     [exec]   ├─┬ requizzle@0.2.1 
     [exec]   │ └── underscore@1.6.0 
     [exec]   ├── strip-json-comments@2.0.1 
     [exec]   ├── taffydb@2.6.2 
     [exec]   └── underscore@1.8.3 
     [exec] 
     [exec] npm WARN enoent ENOENT: no such file or directory, open '/home/travis/build/icyphy/ptII/org/terraswarm/accessor/accessors/package.json'
     [exec] npm WARN accessors No description
     [exec] npm WARN accessors No repository field.
     [exec] npm WARN accessors No README data
     [exec] npm WARN accessors No license field.

jsdoc-update:

-ptdoc-no-node-message:

-ptdoc-no-npm-message:

-check-jsdoc-again:

-jsdoc-command-message:

ptdoc:
     [echo] Invoke /home/travis/build/icyphy/ptII/org/terraswarm/accessor/accessors/web/../node_modules/@terraswarm/jsdoc/jsdoc.js to read *.js files and generate *PtDoc.xml files suitable for Ptolemy.
     [echo]     See https://chess.eecs.berkeley.edu/ptexternal/wiki/Main/JSDocSystems
     [echo]     See jsdoc/jsdoc.json
     [echo]     See jsdoc/plugins/accessorJSDocTags.js
     [echo]     See jsdoc/templates/ptdoc/publish.js
     [echo] 
     [echo]     If the ptdoc target fails, the there is likely a problem with node or npm.  It is possible
     [echo]     to use CapeCode even if the ptdoc target fails.
     [echo]     
     [echo]     If you are building from $PTII, try:
     [echo]         ant build-project build-bin
     [echo] 
     [echo]     
     [exec] Generating output files...
     [exec] Finished running in 19.16 seconds.

build-project:
     [echo] ptII: /home/travis/build/icyphy/ptII/build.xml
    [javac] Compiling 4351 source files to /home/travis/build/icyphy/ptII
    [javac] /home/travis/build/icyphy/ptII/ptolemy/copernicus/applet/JarSigner.java:61: warning: ManifestDigester is internal proprietary API and may be removed in a future release
    [javac] import sun.security.util.ManifestDigester;
    [javac]                         ^
    [javac] /home/travis/build/icyphy/ptII/ptolemy/media/viewer/AudioViewer.java:51: warning: AudioPlayer is internal proprietary API and may be removed in a future release
    [javac] import sun.audio.AudioPlayer;
    [javac]                 ^
    [javac] /home/travis/build/icyphy/ptII/ptolemy/util/StringUtilities.java:48: warning: Unsafe is internal proprietary API and may be removed in a future release
    [javac] import sun.misc.Unsafe;
    [javac]                ^
    [javac] /home/travis/build/icyphy/ptII/ptolemy/copernicus/applet/JarSigner.java:320: warning: ManifestDigester is internal proprietary API and may be removed in a future release
    [javac]         ManifestDigester manifestDigester = new ManifestDigester(
    [javac]         ^
    [javac] /home/travis/build/icyphy/ptII/ptolemy/copernicus/applet/JarSigner.java:320: warning: ManifestDigester is internal proprietary API and may be removed in a future release
    [javac]         ManifestDigester manifestDigester = new ManifestDigester(
    [javac]                                                 ^
    [javac] /home/travis/build/icyphy/ptII/ptolemy/copernicus/applet/JarSigner.java:634: warning: ManifestDigester is internal proprietary API and may be removed in a future release
    [javac]                 ManifestDigester md, String baseName, boolean signManifest)
    [javac]                 ^
    [javac] /home/travis/build/icyphy/ptII/ptolemy/copernicus/applet/JarSigner.java:648: warning: ManifestDigester is internal proprietary API and may be removed in a future release
    [javac]                     ManifestDigester.class, String.class, Boolean.TYPE);
    [javac]                     ^
    [javac] /home/travis/build/icyphy/ptII/ptolemy/media/viewer/AudioViewer.java:242: warning: AudioPlayer is internal proprietary API and may be removed in a future release
    [javac]         AudioPlayer.player.start(_instream);
    [javac]         ^
    [javac] /home/travis/build/icyphy/ptII/ptolemy/util/StringUtilities.java:118: warning: Unsafe is internal proprietary API and may be removed in a future release
    [javac]             Field theUnsafe = Unsafe.class.getDeclaredField("theUnsafe");
    [javac]                               ^
    [javac] /home/travis/build/icyphy/ptII/ptolemy/util/StringUtilities.java:120: warning: Unsafe is internal proprietary API and may be removed in a future release
    [javac]             Unsafe unsafe = (Unsafe) theUnsafe.get(null);
    [javac]             ^
    [javac] /home/travis/build/icyphy/ptII/ptolemy/util/StringUtilities.java:120: warning: Unsafe is internal proprietary API and may be removed in a future release
    [javac]             Unsafe unsafe = (Unsafe) theUnsafe.get(null);
    [javac]                              ^
    [javac] Note: Some input files use or override a deprecated API.
    [javac] Note: Recompile with -Xlint:deprecation for details.
    [javac] Note: Some input files use unchecked or unsafe operations.
    [javac] Note: Recompile with -Xlint:unchecked for details.
    [javac] 11 warnings

-check-ptII-mk-file:

-check-bin-vergil:

-check-make-bin-vergil:

build-bin-not:

build-not-bin-vergil:
     [echo] 
     [echo] 	$PTII/bin/vergil does not exist, perhaps (cd $PTII/bin; make) has not been run?
     [echo] 	This can happen if the make binary cannot be found in the path or if $PTII/mk/ptII.mk
     [echo] 	is not present.
     [echo] 	Skipping running make in $PTII/bin, which creates scripts like $PTII/bin/vergil.
     [echo] 	This is only an issue if you want to invoke "$PTII/bin/vergil" instead of "ant vergil".
     [echo] 	However, $PTII/bin does include other scripts that may be of use.
     [echo]       

build-bin:
     [exec] for file in .momllib-util .nc2moml-util .ncapp2moml-util capecode convertToLazy copernicus decompile emachine giottoc histogram homer jode mescal moml obfuscate ptcg ptcodegen ptexecute ptjacl ptjaclapp ptplot ptstartjini ptolemy ptweb pxgraph soot tinicomm tinic tiniconverter startjini.gui vergil; do \
     [exec] 		echo "$file"; \
     [exec] 		rm -f "$file"; \
     [exec] 		ln -s ptinvoke "$file"; \
     [exec] 		chmod a+x "$file"; \
     [exec] 	done
     [exec] .momllib-util
     [exec] .nc2moml-util
     [exec] .ncapp2moml-util
     [exec] capecode
     [exec] convertToLazy
     [exec] copernicus
     [exec] decompile
     [exec] emachine
     [exec] giottoc
     [exec] histogram
     [exec] homer
     [exec] jode
     [exec] mescal
     [exec] moml
     [exec] obfuscate
     [exec] ptcg
     [exec] ptcodegen
     [exec] ptexecute
     [exec] ptjacl
     [exec] ptjaclapp
     [exec] ptplot
     [exec] ptstartjini
     [exec] ptolemy
     [exec] ptweb
     [exec] pxgraph
     [exec] soot
     [exec] tinicomm
     [exec] tinic
     [exec] tiniconverter
     [exec] startjini.gui
     [exec] vergil
     [exec] rm -f makebat
     [exec] ln -s ptinvoke makebat
     [exec] rm -f ".momllib-util.bat"
     [exec] ./makebat -q "`basename .momllib-util.bat .bat`"
     [exec] rm -f ".nc2moml-util.bat"
     [exec] ./makebat -q "`basename .nc2moml-util.bat .bat`"
     [exec] rm -f ".ncapp2moml-util.bat"
     [exec] ./makebat -q "`basename .ncapp2moml-util.bat .bat`"
     [exec] rm -f "capecode.bat"
     [exec] ./makebat -q "`basename capecode.bat .bat`"
     [exec] rm -f "convertToLazy.bat"
     [exec] ./makebat -q "`basename convertToLazy.bat .bat`"
     [exec] rm -f "copernicus.bat"
     [exec] ./makebat -q "`basename copernicus.bat .bat`"
     [exec] rm -f "decompile.bat"
     [exec] ./makebat -q "`basename decompile.bat .bat`"
     [exec] rm -f "emachine.bat"
     [exec] ./makebat -q "`basename emachine.bat .bat`"
     [exec] rm -f "giottoc.bat"
     [exec] ./makebat -q "`basename giottoc.bat .bat`"
     [exec] rm -f "histogram.bat"
     [exec] ./makebat -q "`basename histogram.bat .bat`"
     [exec] rm -f "homer.bat"
     [exec] ./makebat -q "`basename homer.bat .bat`"
     [exec] rm -f "jode.bat"
     [exec] ./makebat -q "`basename jode.bat .bat`"
     [exec] rm -f "mescal.bat"
     [exec] ./makebat -q "`basename mescal.bat .bat`"
     [exec] LD_LIBRARY_PATH = /home/travis/build/icyphy/ptII/mescal/lib:/home/travis/build/icyphy/ptII/mescal/bin:/usr/local/lib:/home/travis/build/icyphy/ptII/lib:/home/travis/pthla/certi-tools/lib:/home/travis/pthla/certi-tools/lib:/usr/lib/jni:/usr/local/share/OpenCV/java/:/usr/share/OpenCV/java:
     [exec] rm -f "moml.bat"
     [exec] ./makebat -q "`basename moml.bat .bat`"
     [exec] rm -f "obfuscate.bat"
     [exec] ./makebat -q "`basename obfuscate.bat .bat`"
     [exec] rm -f "ptcg.bat"
     [exec] ./makebat -q "`basename ptcg.bat .bat`"
     [exec] rm -f "ptcodegen.bat"
     [exec] ./makebat -q "`basename ptcodegen.bat .bat`"
     [exec] rm -f "ptexecute.bat"
     [exec] ./makebat -q "`basename ptexecute.bat .bat`"
     [exec] rm -f "ptjacl.bat"
     [exec] ./makebat -q "`basename ptjacl.bat .bat`"
     [exec] rm -f "ptjaclapp.bat"
     [exec] ./makebat -q "`basename ptjaclapp.bat .bat`"
     [exec] rm -f "ptplot.bat"
     [exec] ./makebat -q "`basename ptplot.bat .bat`"
     [exec] rm -f "ptstartjini.bat"
     [exec] ./makebat -q "`basename ptstartjini.bat .bat`"
     [exec] rm -f "ptolemy.bat"
     [exec] ./makebat -q "`basename ptolemy.bat .bat`"
     [exec] rm -f "ptweb.bat"
     [exec] ./makebat -q "`basename ptweb.bat .bat`"
     [exec] rm -f "pxgraph.bat"
     [exec] ./makebat -q "`basename pxgraph.bat .bat`"
     [exec] rm -f "soot.bat"
     [exec] ./makebat -q "`basename soot.bat .bat`"
     [exec] rm -f "tinicomm.bat"
     [exec] ./makebat -q "`basename tinicomm.bat .bat`"
     [exec] rm -f "tinic.bat"
     [exec] ./makebat -q "`basename tinic.bat .bat`"
     [exec] rm -f "tiniconverter.bat"
     [exec] ./makebat -q "`basename tiniconverter.bat .bat`"
     [exec] Cloning into 'universalJavaApplicationStub'...
     [exec] rm -f "startjini.gui.bat"
     [exec] ./makebat -q "`basename startjini.gui.bat .bat`"
     [exec] rm -f "vergil.bat"
     [exec] ./makebat -q "`basename vergil.bat .bat`"
     [exec] rm -f makeapp
     [exec] ln -s ptinvoke makeapp
     [exec] chmod a+x ptinvoke makeapp
     [exec] ./makeapp CapeCode.app CAPECODE -capecode
     [exec] ./makeapp: /home/travis/build/icyphy/ptII/vendors/universalJavaApplicationStub/src/universalJavaApplicationStub does not exist, creating it from GitHub.
     [exec] Updating universalJavaApplicationStub from /home/travis/build/icyphy/ptII/vendors/universalJavaApplicationStub/src/universalJavaApplicationStub
     [exec] Untaring /home/travis/build/icyphy/ptII/vendors/installer/MacJVM.tar.gz in /home/travis/build/icyphy/ptII/ now: Wed Feb 20 03:19:31 UTC 2019
     [exec] ./makeapp: Installation of /home/travis/build/icyphy/ptII/jdk succeeded.
     [exec] ./makeapp: copying /home/travis/build/icyphy/ptII/vendors/jogl to /home/travis/build/icyphy/ptII/bin
     [exec] touch CapeCode.app
     [exec] ./makeapp Vergil.app FULL -full
     [exec] Updating universalJavaApplicationStub from /home/travis/build/icyphy/ptII/vendors/universalJavaApplicationStub/src/universalJavaApplicationStub
     [exec] Untaring /home/travis/build/icyphy/ptII/vendors/installer/MacJVM.tar.gz in /home/travis/build/icyphy/ptII/ now: Wed Feb 20 03:19:34 UTC 2019
     [exec] ./makeapp: Installation of /home/travis/build/icyphy/ptII/jdk succeeded.
     [exec] touch Vergil.app
     [exec] chmod a+x ant cyphysim hyvisual startjini mkjnlp mkl4j mkosgi mkptdemo mkptlivelinkdemo mkpttest node npm ptjunit ptIITravisBuild.sh reloadAllAccessors updateFmu viptos 

build:

initReports:
    [mkdir] Created dir: /home/travis/build/icyphy/ptII/reports/doccheck
    [mkdir] Created dir: /home/travis/build/icyphy/ptII/reports/ojdcheck

test.capecode2.xml:
     [echo] 
     [echo]       ==test.capecode2.xml ==
     [echo]       This target runs the second batch of Cape Code accessors tests
     [echo]       and generates JUnit xml output.
     [echo]       timeout = 4000000 milliseconds
     [echo]     
    [junit] javachdir: directory = ptolemy/actor/lib/jjs/modules/serial/test
    [junit] javachdir: pwd: /home/travis/build/icyphy/ptII/ptolemy/actor/lib/jjs/modules/serial/test  Invoking with -Djava.net.preferIPv4Stack=true
    [junit] Running ptolemy.actor.lib.jjs.modules.serial.test.junit.JUnitTclTest
    [junit] No tcl tests in /home/travis/build/icyphy/ptII/ptolemy/actor/lib/jjs/modules/serial/test
    [junit] ----------------- testing (KnownFailure) /home/travis/build/icyphy/ptII/ptolemy/actor/lib/jjs/modules/serial/test/auto/knownFailedTests/SerialHelloWorld.xml
    [junit] JavaScript: Closing serial port. (Thread[SerialHelloWorld,1,main])
    [junit] 2572 ms. Memory: 232448K Free: 104901K (45%)
    [junit] Known Failure: java.lang.reflect.InvocationTargetException
    [junit] No auto/linux-amd64/*.xml tests in /home/travis/build/icyphy/ptII/ptolemy/actor/lib/jjs/modules/serial/test
    [junit] java.lang.RuntimeException: Execution failed
    [junit] 	at ptolemy.moml.MoMLSimpleApplication$UnloadThread.run(MoMLSimpleApplication.java:402)
    [junit] Caused by: ptolemy.kernel.util.IllegalActionException: Failure executing the initialize function: ptolemy.kernel.util.IllegalActionException: No such port: /dev/tty.NOT_A_PORT
    [junit]   in .SerialHelloWorld.JavaScript
    [junit] Because:
    [junit] gnu.io.NoSuchPortException
    [junit]   in .SerialHelloWorld.JavaScript
    [junit] Because:
    [junit] ptolemy.kernel.util.IllegalActionException: No such port: /dev/tty.NOT_A_PORT
    [junit]   in .SerialHelloWorld.JavaScript
    [junit] Because:
    [junit] gnu.io.NoSuchPortException
    [junit] 	at ptolemy.actor.lib.jjs.JavaScript._invokeMethodInContext(JavaScript.java:2315)
    [junit] 	at ptolemy.actor.lib.jjs.JavaScript.initialize(JavaScript.java:1479)
    [junit] 	at ptolemy.actor.Director.initialize(Director.java:938)
    [junit] 	at ptolemy.actor.Director.initialize(Director.java:907)
    [junit] 	at ptolemy.domains.de.kernel.DEDirector.initialize(DEDirector.java:944)
    [junit] 	at ptolemy.actor.CompositeActor.initialize(CompositeActor.java:935)
    [junit] 	at ptolemy.actor.Manager.initialize(Manager.java:724)
    [junit] 	at ptolemy.actor.Manager.execute(Manager.java:356)
    [junit] 	at ptolemy.actor.Manager.run(Manager.java:1263)
    [junit] 	at ptolemy.actor.Manager$PtolemyRunThread.run(Manager.java:1915)
    [junit] Caused by: java.lang.RuntimeException: ptolemy.kernel.util.IllegalActionException: No such port: /dev/tty.NOT_A_PORT
    [junit]   in .SerialHelloWorld.JavaScript
    [junit] Because:
    [junit] gnu.io.NoSuchPortException
    [junit] 	at jdk.nashorn.internal.runtime.ScriptRuntime.apply(ScriptRuntime.java:397)
    [junit] 	at jdk.nashorn.api.scripting.ScriptObjectMirror.callMember(ScriptObjectMirror.java:199)
    [junit] 	at jdk.nashorn.api.scripting.NashornScriptEngine.invokeImpl(NashornScriptEngine.java:386)
    [junit] 	at jdk.nashorn.api.scripting.NashornScriptEngine.invokeMethod(NashornScriptEngine.java:199)
    [junit] 	at ptolemy.actor.lib.jjs.JavaScript._invokeMethodInContext(JavaScript.java:2281)
    [junit] 	... 9 more
    [junit] Caused by: ptolemy.kernel.util.IllegalActionException: No such port: /dev/tty.NOT_A_PORT
    [junit]   in .SerialHelloWorld.JavaScript
    [junit] Because:
    [junit] gnu.io.NoSuchPortException
    [junit] 	at ptolemy.actor.lib.jjs.modules.serial.SerialHelper.open(SerialHelper.java:317)
    [junit] 	at jdk.nashorn.internal.scripts.Script$Recompilation$594$4288$require.L:1#open(/home/travis/build/icyphy/ptII/ptolemy/actor/lib/jjs/external/require.js#409:30<eval>:115)
    [junit] 	at jdk.nashorn.internal.scripts.Script$Recompilation$587$655$\^function\_.L:1#initialize(<function>:37)
    [junit] 	at jdk.nashorn.internal.scripts.Script$Recompilation$584$28781$require.L:1#Accessor#initialize(/home/travis/build/icyphy/ptII/ptolemy/actor/lib/jjs/external/require.js#409:30<eval>:631)
    [junit] 	at jdk.nashorn.internal.runtime.ScriptFunctionData.invoke(ScriptFunctionData.java:637)
    [junit] 	at jdk.nashorn.internal.runtime.ScriptFunction.invoke(ScriptFunction.java:494)
    [junit] 	at jdk.nashorn.internal.runtime.ScriptRuntime.apply(ScriptRuntime.java:393)
    [junit] 	... 13 more
    [junit] Caused by: gnu.io.NoSuchPortException
    [junit] 	at gnu.io.CommPortIdentifier.getPortIdentifier(CommPortIdentifier.java:273)
    [junit] 	at ptolemy.actor.lib.jjs.modules.serial.SerialHelper.open(SerialHelper.java:224)
    [junit] 	... 19 more
    [junit] 
    [junit] Exception: java.lang.RuntimeException thrown from the UncaughtExceptionHandler in thread "Thread-2"
    [junit] java.lang.reflect.InvocationTargetException
    [junit] 	at sun.reflect.NativeConstructorAccessorImpl.newInstance0(Native Method)
    [junit] 	at sun.reflect.NativeConstructorAccessorImpl.newInstance(NativeConstructorAccessorImpl.java:62)
    [junit] 	at sun.reflect.DelegatingConstructorAccessorImpl.newInstance(DelegatingConstructorAccessorImpl.java:45)
    [junit] 	at java.lang.reflect.Constructor.newInstance(Constructor.java:423)
    [junit] 	at ptolemy.util.test.junit.AutoKnownFailedTests.RunModel(AutoKnownFailedTests.java:105)
    [junit] 	at sun.reflect.NativeMethodAccessorImpl.invoke0(Native Method)
    [junit] 	at sun.reflect.NativeMethodAccessorImpl.invoke(NativeMethodAccessorImpl.java:62)
    [junit] 	at sun.reflect.DelegatingMethodAccessorImpl.invoke(DelegatingMethodAccessorImpl.java:43)
    [junit] 	at java.lang.reflect.Method.invoke(Method.java:498)
    [junit] 	at org.junit.runners.model.FrameworkMethod$1.runReflectiveCall(FrameworkMethod.java:44)
    [junit] 	at org.junit.internal.runners.model.ReflectiveCallable.run(ReflectiveCallable.java:15)
    [junit] 	at org.junit.runners.model.FrameworkMethod.invokeExplosively(FrameworkMethod.java:41)
    [junit] 	at junitparams.internal.InvokeParameterisedMethod.evaluate(InvokeParameterisedMethod.java:102)
    [junit] 	at org.junit.internal.runners.statements.FailOnTimeout$1.run(FailOnTimeout.java:28)
    [junit] Caused by: ptolemy.kernel.util.IllegalActionException: Failure executing the initialize function: ptolemy.kernel.util.IllegalActionException: No such port: /dev/tty.NOT_A_PORT
    [junit]   in .SerialHelloWorld.JavaScript
    [junit] Because:
    [junit] gnu.io.NoSuchPortException
    [junit]   in .SerialHelloWorld.JavaScript
    [junit] Because:
    [junit] ptolemy.kernel.util.IllegalActionException: No such port: /dev/tty.NOT_A_PORT
    [junit]   in .SerialHelloWorld.JavaScript
    [junit] Because:
    [junit] gnu.io.NoSuchPortException
    [junit] 	at ptolemy.actor.lib.jjs.JavaScript._invokeMethodInContext(JavaScript.java:2315)
    [junit] 	at ptolemy.actor.lib.jjs.JavaScript.initialize(JavaScript.java:1479)
    [junit] 	at ptolemy.actor.Director.initialize(Director.java:938)
    [junit] 	at ptolemy.actor.Director.initialize(Director.java:907)
    [junit] 	at ptolemy.domains.de.kernel.DEDirector.initialize(DEDirector.java:944)
    [junit] 	at ptolemy.actor.CompositeActor.initialize(CompositeActor.java:935)
    [junit] 	at ptolemy.actor.Manager.initialize(Manager.java:724)
    [junit] 	at ptolemy.actor.Manager.execute(Manager.java:356)
    [junit] 	at ptolemy.actor.Manager.run(Manager.java:1263)
    [junit] 	at ptolemy.actor.Manager$PtolemyRunThread.run(Manager.java:1915)
    [junit] Caused by: java.lang.RuntimeException: ptolemy.kernel.util.IllegalActionException: No such port: /dev/tty.NOT_A_PORT
    [junit]   in .SerialHelloWorld.JavaScript
    [junit] Because:
    [junit] gnu.io.NoSuchPortException
    [junit] 	at jdk.nashorn.internal.runtime.ScriptRuntime.apply(ScriptRuntime.java:397)
    [junit] 	at jdk.nashorn.api.scripting.ScriptObjectMirror.callMember(ScriptObjectMirror.java:199)
    [junit] 	at jdk.nashorn.api.scripting.NashornScriptEngine.invokeImpl(NashornScriptEngine.java:386)
    [junit] 	at jdk.nashorn.api.scripting.NashornScriptEngine.invokeMethod(NashornScriptEngine.java:199)
    [junit] 	at ptolemy.actor.lib.jjs.JavaScript._invokeMethodInContext(JavaScript.java:2281)
    [junit] 	... 9 more
    [junit] Caused by: ptolemy.kernel.util.IllegalActionException: No such port: /dev/tty.NOT_A_PORT
    [junit]   in .SerialHelloWorld.JavaScript
    [junit] Because:
    [junit] gnu.io.NoSuchPortException
    [junit] 	at ptolemy.actor.lib.jjs.modules.serial.SerialHelper.open(SerialHelper.java:317)
    [junit] 	at jdk.nashorn.internal.scripts.Script$Recompilation$594$4288$require.L:1#open(/home/travis/build/icyphy/ptII/ptolemy/actor/lib/jjs/external/require.js#409:30<eval>:115)
    [junit] 	at jdk.nashorn.internal.scripts.Script$Recompilation$587$655$\^function\_.L:1#initialize(<function>:37)
    [junit] 	at jdk.nashorn.internal.scripts.Script$Recompilation$584$28781$require.L:1#Accessor#initialize(/home/travis/build/icyphy/ptII/ptolemy/actor/lib/jjs/external/require.js#409:30<eval>:631)
    [junit] 	at jdk.nashorn.internal.runtime.ScriptFunctionData.invoke(ScriptFunctionData.java:637)
    [junit] 	at jdk.nashorn.internal.runtime.ScriptFunction.invoke(ScriptFunction.java:494)
    [junit] 	at jdk.nashorn.internal.runtime.ScriptRuntime.apply(ScriptRuntime.java:393)
    [junit] 	... 13 more
    [junit] Caused by: gnu.io.NoSuchPortException
    [junit] 	at gnu.io.CommPortIdentifier.getPortIdentifier(CommPortIdentifier.java:273)
    [junit] 	at ptolemy.actor.lib.jjs.modules.serial.SerialHelper.open(SerialHelper.java:224)
    [junit] 	... 19 more
    [junit] AutoTests.java: About to close Vertx.
    [junit] AutoTests.java: Vertx closed.
    [junit] 
    [junit] ===========================================================================================
    [junit] ----------------- testing Wed Feb 20 03:19:46 UTC 2019 /home/travis/build/icyphy/ptII/ptolemy/actor/lib/jjs/modules/serial/test/auto/SerialLoopbackIntToString.xml
    [junit] ----------------- Wed Feb 20 03:19:46 UTC 2019 About to sleep for 5.0 seconds before running or rerunning.  Test is: /home/travis/build/icyphy/ptII/ptolemy/actor/lib/jjs/modules/serial/test/auto/SerialLoopbackIntToString.xml
    [junit] Done sleeping
    [junit] ----------------- Instantiating /home/travis/build/icyphy/ptII/ptolemy/actor/lib/jjs/modules/serial/test/auto/SerialLoopbackIntToString.xml
    [junit] JSAccessor: PT_NO_NET environment variable is set, so git pull and ptdoc are not being run.
    [junit] WARNING: TestSpontaneous: Model stopped before executing actions (e.g. producing outputs) scheduled for execution at times [5.6000000000000005]
    [junit] SerialPort: Closing serial port. (Thread[SerialLoopbackIntToString,1,main])
    [junit] 13953 ms. Memory: 755712K Free: 402448K (53%)
    [junit] ----------------- Invoking toplevel() on ptolemy.moml.MoMLSimpleApplication@57144f16
    [junit] ----------------- Done invoking toplevel() on ptolemy.moml.MoMLSimpleApplication@57144f16
    [junit] reloadAllAccessors: .SerialLoopbackIntToString
    [junit] This is the first time that the reloadAllAccessors method has been invoked in this JVM, so the the accessors repo will be checked out or updated and JSDoc invoked. Note that running the tests may end up invoking a new JVM for each directory, so the repo may be checked out or updated and JSDoc invoked more than once when the tests are run.
    [junit] SerialPort: Serial port reader thread exiting. (Thread[Thread-10,1,main])
    [junit] SerialPort: Serial port writer thread exiting. (Thread[Thread-11,1,main])
    [junit] -------------- Reloaded accessors, but skipping rerun for now. Wed Feb 20 03:20:13 UTC 2019 /home/travis/build/icyphy/ptII/ptolemy/actor/lib/jjs/modules/serial/test/auto/SerialLoopbackIntToString.xml
    [junit] 
    [junit] ===========================================================================================
    [junit] ----------------- testing Wed Feb 20 03:20:13 UTC 2019 /home/travis/build/icyphy/ptII/ptolemy/actor/lib/jjs/modules/serial/test/auto/SerialLoopbackInvalid.xml
    [junit] ----------------- Wed Feb 20 03:20:13 UTC 2019 About to sleep for 5.0 seconds before running or rerunning.  Test is: /home/travis/build/icyphy/ptII/ptolemy/actor/lib/jjs/modules/serial/test/auto/SerialLoopbackInvalid.xml
    [junit] Done sleeping
    [junit] ----------------- Instantiating /home/travis/build/icyphy/ptII/ptolemy/actor/lib/jjs/modules/serial/test/auto/SerialLoopbackInvalid.xml
    [junit] SerialPort: SerialPort: invalid data: a, error: SyntaxError: Invalid JSON: <json>:1:0 Expected json literal but found a
    [junit] a
    [junit] ^ (Thread[Thread-15,1,main])
    [junit] SerialPort: SerialPort: invalid data: ab, error: SyntaxError: Invalid JSON: <json>:1:0 Expected json literal but found a
    [junit] ab
    [junit] ^ (Thread[Thread-15,1,main])
    [junit] SerialPort: SerialPort: invalid data: abb, error: SyntaxError: Invalid JSON: <json>:1:0 Expected json literal but found a
    [junit] abb
    [junit] ^ (Thread[Thread-15,1,main])
    [junit] SerialPort: SerialPort: invalid data: abbb, error: SyntaxError: Invalid JSON: <json>:1:0 Expected json literal but found a
    [junit] abbb
    [junit] ^ (Thread[Thread-15,1,main])
    [junit] SerialPort: SerialPort: invalid data: abbbb, error: SyntaxError: Invalid JSON: <json>:1:0 Expected json literal but found a
    [junit] abbbb
    [junit] ^ (Thread[Thread-15,1,main])
    [junit] SerialPort: SerialPort: invalid data: abbbbb, error: SyntaxError: Invalid JSON: <json>:1:0 Expected json literal but found a
    [junit] abbbbb
    [junit] ^ (Thread[Thread-15,1,main])
    [junit] SerialPort: SerialPort: invalid data: abbbbbb, error: SyntaxError: Invalid JSON: <json>:1:0 Expected json literal but found a
    [junit] abbbbbb
    [junit] ^ (Thread[Thread-15,1,main])
    [junit] SerialPort: SerialPort: invalid data: abbbbbbb, error: SyntaxError: Invalid JSON: <json>:1:0 Expected json literal but found a
    [junit] abbbbbbb
    [junit] ^ (Thread[Thread-15,1,main])
    [junit] SerialPort: SerialPort: invalid data: abbbbbbbb, error: SyntaxError: Invalid JSON: <json>:1:0 Expected json literal but found a
    [junit] abbbbbbbb
    [junit] ^ (Thread[Thread-15,1,main])
    [junit] SerialPort: SerialPort: invalid data: abbbbbbbbb, error: SyntaxError: Invalid JSON: <json>:1:0 Expected json literal but found a
    [junit] abbbbbbbbb
    [junit] ^ (Thread[Thread-15,1,main])
    [junit] SerialPort: SerialPort: invalid data: abbbbbbbbbb, error: SyntaxError: Invalid JSON: <json>:1:0 Expected json literal but found a
    [junit] abbbbbbbbbb
    [junit] ^ (Thread[Thread-15,1,main])
    [junit] SerialPort: SerialPort: invalid data: abbbbbbbbbbb, error: SyntaxError: Invalid JSON: <json>:1:0 Expected json literal but found a
    [junit] abbbbbbbbbbb
    [junit] ^ (Thread[Thread-15,1,main])
    [junit] SerialPort: SerialPort: invalid data: abbbbbbbbbbbb, error: SyntaxError: Invalid JSON: <json>:1:0 Expected json literal but found a
    [junit] abbbbbbbbbbbb
    [junit] ^ (Thread[Thread-15,1,main])
    [junit] SerialPort: SerialPort: invalid data: abbbbbbbbbbbbb, error: SyntaxError: Invalid JSON: <json>:1:0 Expected json literal but found a
    [junit] abbbbbbbbbbbbb
    [junit] ^ (Thread[Thread-15,1,main])
    [junit] SerialPort: SerialPort: invalid data: abbbbbbbbbbbbbb, error: SyntaxError: Invalid JSON: <json>:1:0 Expected json literal but found a
    [junit] abbbbbbbbbbbbbb
    [junit] ^ (Thread[Thread-15,1,main])
    [junit] SerialPort: SerialPort: invalid data: abbbbbbbbbbbbbbb, error: SyntaxError: Invalid JSON: <json>:1:0 Expected json literal but found a
    [junit] abbbbbbbbbbbbbbb
    [junit] ^ (Thread[Thread-15,1,main])
    [junit] SerialPort: SerialPort: invalid data: abbbbbbbbbbbbbbbb, error: SyntaxError: Invalid JSON: <json>:1:0 Expected json literal but found a
    [junit] abbbbbbbbbbbbbbbb
    [junit] ^ (Thread[Thread-15,1,main])
    [junit] SerialPort: SerialPort: invalid data: abbbbbbbbbbbbbbbbb, error: SyntaxError: Invalid JSON: <json>:1:0 Expected json literal but found a
    [junit] abbbbbbbbbbbbbbbbb
    [junit] ^ (Thread[Thread-15,1,main])
    [junit] SerialPort: SerialPort: invalid data: abbbbbbbbbbbbbbbbbb, error: SyntaxError: Invalid JSON: <json>:1:0 Expected json literal but found a
    [junit] abbbbbbbbbbbbbbbbbb
    [junit] ^ (Thread[Thread-15,1,main])
    [junit] SerialPort: SerialPort: invalid data: abbbbbbbbbbbbbbbbbbb, error: SyntaxError: Invalid JSON: <json>:1:0 Expected json literal but found a
    [junit] abbbbbbbbbbbbbbbbbbb
    [junit] ^ (Thread[Thread-15,1,main])
    [junit] SerialPort: SerialPort: invalid data: abbbbbbbbbbbbbbbbbbbb, error: SyntaxError: Invalid JSON: <json>:1:0 Expected json literal but found a
    [junit] abbbbbbbbbbbbbbbbbbbb
    [junit] ^ (Thread[Thread-15,1,main])
    [junit] SerialPort: SerialPort: invalid data: abbbbbbbbbbbbbbbbbbbbb, error: SyntaxError: Invalid JSON: <json>:1:0 Expected json literal but found a
    [junit] abbbbbbbbbbbbbbbbbbbbb
    [junit] ^ (Thread[Thread-15,1,main])
    [junit] SerialPort: SerialPort: invalid data: abbbbbbbbbbbbbbbbbbbbbb, error: SyntaxError: Invalid JSON: <json>:1:0 Expected json literal but found a
    [junit] abbbbbbbbbbbbbbbbbbbbbb
    [junit] ^ (Thread[Thread-15,1,main])
    [junit] SerialPort: SerialPort: invalid data: abbbbbbbbbbbbbbbbbbbbbbb, error: SyntaxError: Invalid JSON: <json>:1:0 Expected json literal but found a
    [junit] abbbbbbbbbbbbbbbbbbbbbbb
    [junit] ^ (Thread[Thread-15,1,main])
    [junit] SerialPort: SerialPort: invalid data: abbbbbbbbbbbbbbbbbbbbbbbb, error: SyntaxError: Invalid JSON: <json>:1:0 Expected json literal but found a
    [junit] abbbbbbbbbbbbbbbbbbbbbbbb
    [junit] ^ (Thread[Thread-15,1,main])
    [junit] SerialPort: SerialPort: invalid data: abbbbbbbbbbbbbbbbbbbbbbbbb, error: SyntaxError: Invalid JSON: <json>:1:0 Expected json literal but found a
    [junit] abbbbbbbbbbbbbbbbbbbbbbbbb
    [junit] ^ (Thread[Thread-15,1,main])
    [junit] SerialPort: SerialPort: invalid data: abbbbbbbbbbbbbbbbbbbbbbbbbb, error: SyntaxError: Invalid JSON: <json>:1:0 Expected json literal but found a
    [junit] abbbbbbbbbbbbbbbbbbbbbbbbbb
    [junit] ^ (Thread[Thread-15,1,main])
    [junit] SerialPort: SerialPort: invalid data: abbbbbbbbbbbbbbbbbbbbbbbbbbb, error: SyntaxError: Invalid JSON: <json>:1:0 Expected json literal but found a
    [junit] abbbbbbbbbbbbbbbbbbbbbbbbbbb
    [junit] ^ (Thread[Thread-15,1,main])
    [junit] SerialPort: SerialPort: invalid data: abbbbbbbbbbbbbbbbbbbbbbbbbbbb, error: SyntaxError: Invalid JSON: <json>:1:0 Expected json literal but found a
    [junit] abbbbbbbbbbbbbbbbbbbbbbbbbbbb
    [junit] ^ (Thread[Thread-15,1,main])
    [junit] SerialPort: SerialPort: invalid data: abbbbbbbbbbbbbbbbbbbbbbbbbbbbb, error: SyntaxError: Invalid JSON: <json>:1:0 Expected json literal but found a
    [junit] abbbbbbbbbbbbbbbbbbbbbbbbbbbbb
    [junit] ^ (Thread[Thread-15,1,main])
    [junit] SerialPort: SerialPort: invalid data: abbbbbbbbbbbbbbbbbbbbbbbbbbbbbb, error: SyntaxError: Invalid JSON: <json>:1:0 Expected json literal but found a
    [junit] abbbbbbbbbbbbbbbbbbbbbbbbbbbbbb
    [junit] ^ (Thread[Thread-15,1,main])
    [junit] SerialPort: SerialPort: invalid data: abbbbbbbbbbbbbbbbbbbbbbbbbbbbbbb, error: SyntaxError: Invalid JSON: <json>:1:0 Expected json literal but found a
    [junit] abbbbbbbbbbbbbbbbbbbbbbbbbbbbbbb
    [junit] ^ (Thread[Thread-15,1,main])
    [junit] SerialPort: SerialPort: invalid data: abbbbbbbbbbbbbbbbbbbbbbbbbbbbbbbb, error: SyntaxError: Invalid JSON: <json>:1:0 Expected json literal but found a
    [junit] abbbbbbbbbbbbbbbbbbbbbbbbbbbbbbbb
    [junit] ^ (Thread[Thread-15,1,main])
    [junit] SerialPort: SerialPort: invalid data: abbbbbbbbbbbbbbbbbbbbbbbbbbbbbbbbb, error: SyntaxError: Invalid JSON: <json>:1:0 Expected json literal but found a
    [junit] abbbbbbbbbbbbbbbbbbbbbbbbbbbbbbbbb
    [junit] ^ (Thread[Thread-15,1,main])
    [junit] SerialPort: SerialPort: invalid data: abbbbbbbbbbbbbbbbbbbbbbbbbbbbbbbbbb, error: SyntaxError: Invalid JSON: <json>:1:0 Expected json literal but found a
    [junit] abbbbbbbbbbbbbbbbbbbbbbbbbbbbbbbbbb
    [junit] ^ (Thread[Thread-15,1,main])
    [junit] SerialPort: SerialPort: invalid data: abbbbbbbbbbbbbbbbbbbbbbbbbbbbbbbbbbb, error: SyntaxError: Invalid JSON: <json>:1:0 Expected json literal but found a
    [junit] abbbbbbbbbbbbbbbbbbbbbbbbbbbbbbbbbbb
    [junit] ^ (Thread[Thread-15,1,main])
    [junit] WARNING: TestSpontaneous: Model stopped before executing actions (e.g. producing outputs) scheduled for execution at times [4.6000000000000005]
    [junit] SerialPort: Closing serial port. (Thread[SerialLoopbackInvalid,1,main])
    [junit] 11485 ms. Memory: 1106432K Free: 626874K (57%)
    [junit] ----------------- Invoking toplevel() on ptolemy.moml.MoMLSimpleApplication@7cf20bc2
    [junit] ----------------- Done invoking toplevel() on ptolemy.moml.MoMLSimpleApplication@7cf20bc2
    [junit] reloadAllAccessors: .SerialLoopbackInvalid
    [junit] SerialPort: Serial port reader thread exiting. (Thread[Thread-15,1,main])
    [junit] SerialPort: Serial port writer thread exiting. (Thread[Thread-16,1,main])
    [junit] -------------- Reloaded accessors, but skipping rerun for now. Wed Feb 20 03:20:35 UTC 2019 /home/travis/build/icyphy/ptII/ptolemy/actor/lib/jjs/modules/serial/test/auto/SerialLoopbackInvalid.xml
    [junit] 
    [junit] ===========================================================================================
    [junit] ----------------- testing Wed Feb 20 03:20:35 UTC 2019 /home/travis/build/icyphy/ptII/ptolemy/actor/lib/jjs/modules/serial/test/auto/SerialLoopbackJSON.xml
    [junit] ----------------- Wed Feb 20 03:20:35 UTC 2019 About to sleep for 5.0 seconds before running or rerunning.  Test is: /home/travis/build/icyphy/ptII/ptolemy/actor/lib/jjs/modules/serial/test/auto/SerialLoopbackJSON.xml
    [junit] Done sleeping
    [junit] ----------------- Instantiating /home/travis/build/icyphy/ptII/ptolemy/actor/lib/jjs/modules/serial/test/auto/SerialLoopbackJSON.xml
    [junit] SerialPort: Closing serial port. (Thread[SerialLoopbackJSON,1,main])
    [junit] JavaScriptJSON: JavaScriptTrueToken.wrapup() (Thread[SerialLoopbackJSON,1,main])
    [junit] 12473 ms. Memory: 1585664K Free: 1020292K (64%)
    [junit] ----------------- Invoking toplevel() on ptolemy.moml.MoMLSimpleApplication@4ed4c39b
    [junit] ----------------- Done invoking toplevel() on ptolemy.moml.MoMLSimpleApplication@4ed4c39b
    [junit] reloadAllAccessors: .SerialLoopbackJSON
    [junit] WARNING: TestSpontaneous: Model stopped before executing actions (e.g. producing outputs) scheduled for execution at times [5.6000000000000005]
    [junit] SerialPort: Serial port reader thread exiting. (Thread[Thread-20,1,main])
    [junit] SerialPort: Serial port writer thread exiting. (Thread[Thread-21,1,main])
    [junit] -------------- Reloaded accessors, but skipping rerun for now. Wed Feb 20 03:20:58 UTC 2019 /home/travis/build/icyphy/ptII/ptolemy/actor/lib/jjs/modules/serial/test/auto/SerialLoopbackJSON.xml
    [junit] 
    [junit] ===========================================================================================
    [junit] ----------------- testing Wed Feb 20 03:20:58 UTC 2019 /home/travis/build/icyphy/ptII/ptolemy/actor/lib/jjs/modules/serial/test/auto/SerialLoopbackNumber.xml
    [junit] ----------------- Wed Feb 20 03:20:58 UTC 2019 About to sleep for 5.0 seconds before running or rerunning.  Test is: /home/travis/build/icyphy/ptII/ptolemy/actor/lib/jjs/modules/serial/test/auto/SerialLoopbackNumber.xml
    [junit] Done sleeping
    [junit] ----------------- Instantiating /home/travis/build/icyphy/ptII/ptolemy/actor/lib/jjs/modules/serial/test/auto/SerialLoopbackNumber.xml
    [junit] WARNING: TestSpontaneous: Model stopped before executing actions (e.g. producing outputs) scheduled for execution at times [5.6000000000000005]
    [junit] SerialPort: Closing serial port. (Thread[SerialLoopbackNumber,1,main])
    [junit] 11778 ms. Memory: 1824256K Free: 823596K (45%)
    [junit] ----------------- Invoking toplevel() on ptolemy.moml.MoMLSimpleApplication@76d37a96
    [junit] ----------------- Done invoking toplevel() on ptolemy.moml.MoMLSimpleApplication@76d37a96
    [junit] reloadAllAccessors: .SerialLoopbackNumber
    [junit] SerialPort: Serial port reader thread exiting. (Thread[Thread-25,1,main])
    [junit] SerialPort: Serial port writer thread exiting. (Thread[Thread-26,1,main])
    [junit] -------------- Reloaded accessors, but skipping rerun for now. Wed Feb 20 03:21:20 UTC 2019 /home/travis/build/icyphy/ptII/ptolemy/actor/lib/jjs/modules/serial/test/auto/SerialLoopbackNumber.xml
    [junit] 
    [junit] ===========================================================================================
    [junit] ----------------- testing Wed Feb 20 03:21:20 UTC 2019 /home/travis/build/icyphy/ptII/ptolemy/actor/lib/jjs/modules/serial/test/auto/SerialLoopbackShort.xml
    [junit] ----------------- Wed Feb 20 03:21:20 UTC 2019 About to sleep for 5.0 seconds before running or rerunning.  Test is: /home/travis/build/icyphy/ptII/ptolemy/actor/lib/jjs/modules/serial/test/auto/SerialLoopbackShort.xml
    [junit] Done sleeping
    [junit] ----------------- Instantiating /home/travis/build/icyphy/ptII/ptolemy/actor/lib/jjs/modules/serial/test/auto/SerialLoopbackShort.xml
    [junit] SerialPort: Closing serial port. (Thread[SerialLoopbackShort,1,main])
    [junit] WARNING: TestSpontaneous: Model stopped before executing actions (e.g. producing outputs) scheduled for execution at times [5.6000000000000005]
    [junit] 11768 ms. Memory: 1830912K Free: 697148K (38%)
    [junit] ----------------- Invoking toplevel() on ptolemy.moml.MoMLSimpleApplication@562574e1
    [junit] ----------------- Done invoking toplevel() on ptolemy.moml.MoMLSimpleApplication@562574e1
    [junit] reloadAllAccessors: .SerialLoopbackShort
    [junit] SerialPort: Serial port reader thread exiting. (Thread[Thread-30,1,main])
    [junit] SerialPort: Serial port writer thread exiting. (Thread[Thread-31,1,main])
    [junit] -------------- Reloaded accessors, but skipping rerun for now. Wed Feb 20 03:21:42 UTC 2019 /home/travis/build/icyphy/ptII/ptolemy/actor/lib/jjs/modules/serial/test/auto/SerialLoopbackShort.xml
    [junit] 
    [junit] ===========================================================================================
    [junit] ----------------- testing Wed Feb 20 03:21:42 UTC 2019 /home/travis/build/icyphy/ptII/ptolemy/actor/lib/jjs/modules/serial/test/auto/SerialLoopbackString.xml
    [junit] ----------------- Wed Feb 20 03:21:42 UTC 2019 About to sleep for 5.0 seconds before running or rerunning.  Test is: /home/travis/build/icyphy/ptII/ptolemy/actor/lib/jjs/modules/serial/test/auto/SerialLoopbackString.xml
    [junit] Done sleeping
    [junit] ----------------- Instantiating /home/travis/build/icyphy/ptII/ptolemy/actor/lib/jjs/modules/serial/test/auto/SerialLoopbackString.xml
    [junit] SerialPort: Closing serial port. (Thread[SerialLoopbackString,1,main])
    [junit] 11097 ms. Memory: 1825280K Free: 270407K (15%)
    [junit] ----------------- Invoking toplevel() on ptolemy.moml.MoMLSimpleApplication@2ac62e0d
    [junit] ----------------- Done invoking toplevel() on ptolemy.moml.MoMLSimpleApplication@2ac62e0d
    [junit] reloadAllAccessors: .SerialLoopbackString
    [junit] WARNING: TestSpontaneous: Model stopped before executing actions (e.g. producing outputs) scheduled for execution at times [5.6000000000000005]
    [junit] SerialPort: Serial port reader thread exiting. (Thread[Thread-35,1,main])
    [junit] SerialPort: Serial port writer thread exiting. (Thread[Thread-36,1,main])
    [junit] -------------- Reloaded accessors, but skipping rerun for now. Wed Feb 20 03:22:03 UTC 2019 /home/travis/build/icyphy/ptII/ptolemy/actor/lib/jjs/modules/serial/test/auto/SerialLoopbackString.xml
    [junit] 
    [junit] ===========================================================================================
    [junit] ----------------- testing Wed Feb 20 03:22:03 UTC 2019 /home/travis/build/icyphy/ptII/ptolemy/actor/lib/jjs/modules/serial/test/auto/SerialLoopbackUnsignedByte.xml
    [junit] ----------------- Wed Feb 20 03:22:03 UTC 2019 About to sleep for 5.0 seconds before running or rerunning.  Test is: /home/travis/build/icyphy/ptII/ptolemy/actor/lib/jjs/modules/serial/test/auto/SerialLoopbackUnsignedByte.xml
    [junit] Done sleeping
    [junit] ----------------- Instantiating /home/travis/build/icyphy/ptII/ptolemy/actor/lib/jjs/modules/serial/test/auto/SerialLoopbackUnsignedByte.xml
    [junit] SerialPort: Closing serial port. (Thread[SerialLoopbackUnsignedByte,1,main])
    [junit] 11664 ms. Memory: 1811968K Free: 1344484K (74%)
    [junit] ----------------- Invoking toplevel() on ptolemy.moml.MoMLSimpleApplication@30eb3de8
    [junit] ----------------- Done invoking toplevel() on ptolemy.moml.MoMLSimpleApplication@30eb3de8
    [junit] reloadAllAccessors: .SerialLoopbackUnsignedByte
    [junit] WARNING: TestSpontaneous: Model stopped before executing actions (e.g. producing outputs) scheduled for execution at times [5.6000000000000005]
    [junit] SerialPort: Serial port reader thread exiting. (Thread[Thread-40,1,main])
    [junit] SerialPort: Serial port writer thread exiting. (Thread[Thread-41,1,main])
    [junit] -------------- Reloaded accessors, but skipping rerun for now. Wed Feb 20 03:22:25 UTC 2019 /home/travis/build/icyphy/ptII/ptolemy/actor/lib/jjs/modules/serial/test/auto/SerialLoopbackUnsignedByte.xml
    [junit] AutoTests.java: About to close Vertx.
    [junit] AutoTests.java: Vertx closed.
    [junit] Tests run: 10, Failures: 0, Errors: 0, Skipped: 0, Time elapsed: 166.578 sec
    [junit] Output:
    [junit] No tcl tests in /home/travis/build/icyphy/ptII/ptolemy/actor/lib/jjs/modules/serial/test
    [junit] ----------------- testing (KnownFailure) /home/travis/build/icyphy/ptII/ptolemy/actor/lib/jjs/modules/serial/test/auto/knownFailedTests/SerialHelloWorld.xml
    [junit] JavaScript: Closing serial port. (Thread[SerialHelloWorld,1,main])
    [junit] 2572 ms. Memory: 232448K Free: 104901K (45%)
    [junit] Known Failure: java.lang.reflect.InvocationTargetException
    [junit] No auto/linux-amd64/*.xml tests in /home/travis/build/icyphy/ptII/ptolemy/actor/lib/jjs/modules/serial/test
    [junit] AutoTests.java: About to close Vertx.
    [junit] AutoTests.java: Vertx closed.
    [junit] 
    [junit] ===========================================================================================
    [junit] ----------------- testing Wed Feb 20 03:19:46 UTC 2019 /home/travis/build/icyphy/ptII/ptolemy/actor/lib/jjs/modules/serial/test/auto/SerialLoopbackIntToString.xml
    [junit] ----------------- Wed Feb 20 03:19:46 UTC 2019 About to sleep for 5.0 seconds before running or rerunning.  Test is: /home/travis/build/icyphy/ptII/ptolemy/actor/lib/jjs/modules/serial/test/auto/SerialLoopbackIntToString.xml
    [junit] Done sleeping
    [junit] ----------------- Instantiating /home/travis/build/icyphy/ptII/ptolemy/actor/lib/jjs/modules/serial/test/auto/SerialLoopbackIntToString.xml
    [junit] JSAccessor: PT_NO_NET environment variable is set, so git pull and ptdoc are not being run.
    [junit] SerialPort: Closing serial port. (Thread[SerialLoopbackIntToString,1,main])
    [junit] 13953 ms. Memory: 755712K Free: 402448K (53%)
    [junit] ----------------- Invoking toplevel() on ptolemy.moml.MoMLSimpleApplication@57144f16
    [junit] ----------------- Done invoking toplevel() on ptolemy.moml.MoMLSimpleApplication@57144f16
    [junit] reloadAllAccessors: .SerialLoopbackIntToString
    [junit] This is the first time that the reloadAllAccessors method has been invoked in this JVM, so the the accessors repo will be checked out or updated and JSDoc invoked. Note that running the tests may end up invoking a new JVM for each directory, so the repo may be checked out or updated and JSDoc invoked more than once when the tests are run.
    [junit] SerialPort: Serial port reader thread exiting. (Thread[Thread-10,1,main])
    [junit] SerialPort: Serial port writer thread exiting. (Thread[Thread-11,1,main])
    [junit] -------------- Reloaded accessors, but skipping rerun for now. Wed Feb 20 03:20:13 UTC 2019 /home/travis/build/icyphy/ptII/ptolemy/actor/lib/jjs/modules/serial/test/auto/SerialLoopbackIntToString.xml
    [junit] 
    [junit] ===========================================================================================
    [junit] ----------------- testing Wed Feb 20 03:20:13 UTC 2019 /home/travis/build/icyphy/ptII/ptolemy/actor/lib/jjs/modules/serial/test/auto/SerialLoopbackInvalid.xml
    [junit] ----------------- Wed Feb 20 03:20:13 UTC 2019 About to sleep for 5.0 seconds before running or rerunning.  Test is: /home/travis/build/icyphy/ptII/ptolemy/actor/lib/jjs/modules/serial/test/auto/SerialLoopbackInvalid.xml
    [junit] Done sleeping
    [junit] ----------------- Instantiating /home/travis/build/icyphy/ptII/ptolemy/actor/lib/jjs/modules/serial/test/auto/SerialLoopbackInvalid.xml
    [junit] SerialPort: SerialPort: invalid data: a, error: SyntaxError: Invalid JSON: <json>:1:0 Expected json literal but found a
    [junit] a
    [junit] ^ (Thread[Thread-15,1,main])
    [junit] SerialPort: SerialPort: invalid data: ab, error: SyntaxError: Invalid JSON: <json>:1:0 Expected json literal but found a
    [junit] ab
    [junit] ^ (Thread[Thread-15,1,main])
    [junit] SerialPort: SerialPort: invalid data: abb, error: SyntaxError: Invalid JSON: <json>:1:0 Expected json literal but found a
    [junit] abb
    [junit] ^ (Thread[Thread-15,1,main])
    [junit] SerialPort: SerialPort: invalid data: abbb, error: SyntaxError: Invalid JSON: <json>:1:0 Expected json literal but found a
    [junit] abbb
    [junit] ^ (Thread[Thread-15,1,main])
    [junit] SerialPort: SerialPort: invalid data: abbbb, error: SyntaxError: Invalid JSON: <json>:1:0 Expected json literal but found a
    [junit] abbbb
    [junit] ^ (Thread[Thread-15,1,main])
    [junit] SerialPort: SerialPort: invalid data: abbbbb, error: SyntaxError: Invalid JSON: <json>:1:0 Expected json literal but found a
    [junit] abbbbb
    [junit] ^ (Thread[Thread-15,1,main])
    [junit] SerialPort: SerialPort: invalid data: abbbbbb, error: SyntaxError: Invalid JSON: <json>:1:0 Expected json literal but found a
    [junit] abbbbbb
    [junit] ^ (Thread[Thread-15,1,main])
    [junit] SerialPort: SerialPort: invalid data: abbbbbbb, error: SyntaxError: Invalid JSON: <json>:1:0 Expected json literal but found a
    [junit] abbbbbbb
    [junit] ^ (Thread[Thread-15,1,main])
    [junit] SerialPort: SerialPort: invalid data: abbbbbbbb, error: SyntaxError: Invalid JSON: <json>:1:0 Expected json literal but found a
    [junit] abbbbbbbb
    [junit] ^ (Thread[Thread-15,1,main])
    [junit] SerialPort: SerialPort: invalid data: abbbbbbbbb, error: SyntaxError: Invalid JSON: <json>:1:0 Expected json literal but found a
    [junit] abbbbbbbbb
    [junit] ^ (Thread[Thread-15,1,main])
    [junit] SerialPort: SerialPort: invalid data: abbbbbbbbbb, error: SyntaxError: Invalid JSON: <json>:1:0 Expected json literal but found a
    [junit] abbbbbbbbbb
    [junit] ^ (Thread[Thread-15,1,main])
    [junit] SerialPort: SerialPort: invalid data: abbbbbbbbbbb, error: SyntaxError: Invalid JSON: <json>:1:0 Expected json literal but found a
    [junit] abbbbbbbbbbb
    [junit] ^ (Thread[Thread-15,1,main])
    [junit] SerialPort: SerialPort: invalid data: abbbbbbbbbbbb, error: SyntaxError: Invalid JSON: <json>:1:0 Expected json literal but found a
    [junit] abbbbbbbbbbbb
    [junit] ^ (Thread[Thread-15,1,main])
    [junit] SerialPort: SerialPort: invalid data: abbbbbbbbbbbbb, error: SyntaxError: Invalid JSON: <json>:1:0 Expected json literal but found a
    [junit] abbbbbbbbbbbbb
    [junit] ^ (Thread[Thread-15,1,main])
    [junit] SerialPort: SerialPort: invalid data: abbbbbbbbbbbbbb, error: SyntaxError: Invalid JSON: <json>:1:0 Expected json literal but found a
    [junit] abbbbbbbbbbbbbb
    [junit] ^ (Thread[Thread-15,1,main])
    [junit] SerialPort: SerialPort: invalid data: abbbbbbbbbbbbbbb, error: SyntaxError: Invalid JSON: <json>:1:0 Expected json literal but found a
    [junit] abbbbbbbbbbbbbbb
    [junit] ^ (Thread[Thread-15,1,main])
    [junit] SerialPort: SerialPort: invalid data: abbbbbbbbbbbbbbbb, error: SyntaxError: Invalid JSON: <json>:1:0 Expected json literal but found a
    [junit] abbbbbbbbbbbbbbbb
    [junit] ^ (Thread[Thread-15,1,main])
    [junit] SerialPort: SerialPort: invalid data: abbbbbbbbbbbbbbbbb, error: SyntaxError: Invalid JSON: <json>:1:0 Expected json literal but found a
    [junit] abbbbbbbbbbbbbbbbb
    [junit] ^ (Thread[Thread-15,1,main])
    [junit] SerialPort: SerialPort: invalid data: abbbbbbbbbbbbbbbbbb, error: SyntaxError: Invalid JSON: <json>:1:0 Expected json literal but found a
    [junit] abbbbbbbbbbbbbbbbbb
    [junit] ^ (Thread[Thread-15,1,main])
    [junit] SerialPort: SerialPort: invalid data: abbbbbbbbbbbbbbbbbbb, error: SyntaxError: Invalid JSON: <json>:1:0 Expected json literal but found a
    [junit] abbbbbbbbbbbbbbbbbbb
    [junit] ^ (Thread[Thread-15,1,main])
    [junit] SerialPort: SerialPort: invalid data: abbbbbbbbbbbbbbbbbbbb, error: SyntaxError: Invalid JSON: <json>:1:0 Expected json literal but found a
    [junit] abbbbbbbbbbbbbbbbbbbb
    [junit] ^ (Thread[Thread-15,1,main])
    [junit] SerialPort: SerialPort: invalid data: abbbbbbbbbbbbbbbbbbbbb, error: SyntaxError: Invalid JSON: <json>:1:0 Expected json literal but found a
    [junit] abbbbbbbbbbbbbbbbbbbbb
    [junit] ^ (Thread[Thread-15,1,main])
    [junit] SerialPort: SerialPort: invalid data: abbbbbbbbbbbbbbbbbbbbbb, error: SyntaxError: Invalid JSON: <json>:1:0 Expected json literal but found a
    [junit] abbbbbbbbbbbbbbbbbbbbbb
    [junit] ^ (Thread[Thread-15,1,main])
    [junit] SerialPort: SerialPort: invalid data: abbbbbbbbbbbbbbbbbbbbbbb, error: SyntaxError: Invalid JSON: <json>:1:0 Expected json literal but found a
    [junit] abbbbbbbbbbbbbbbbbbbbbbb
    [junit] ^ (Thread[Thread-15,1,main])
    [junit] SerialPort: SerialPort: invalid data: abbbbbbbbbbbbbbbbbbbbbbbb, error: SyntaxError: Invalid JSON: <json>:1:0 Expected json literal but found a
    [junit] abbbbbbbbbbbbbbbbbbbbbbbb
    [junit] ^ (Thread[Thread-15,1,main])
    [junit] SerialPort: SerialPort: invalid data: abbbbbbbbbbbbbbbbbbbbbbbbb, error: SyntaxError: Invalid JSON: <json>:1:0 Expected json literal but found a
    [junit] abbbbbbbbbbbbbbbbbbbbbbbbb
    [junit] ^ (Thread[Thread-15,1,main])
    [junit] SerialPort: SerialPort: invalid data: abbbbbbbbbbbbbbbbbbbbbbbbbb, error: SyntaxError: Invalid JSON: <json>:1:0 Expected json literal but found a
    [junit] abbbbbbbbbbbbbbbbbbbbbbbbbb
    [junit] ^ (Thread[Thread-15,1,main])
    [junit] SerialPort: SerialPort: invalid data: abbbbbbbbbbbbbbbbbbbbbbbbbbb, error: SyntaxError: Invalid JSON: <json>:1:0 Expected json literal but found a
    [junit] abbbbbbbbbbbbbbbbbbbbbbbbbbb
    [junit] ^ (Thread[Thread-15,1,main])
    [junit] SerialPort: SerialPort: invalid data: abbbbbbbbbbbbbbbbbbbbbbbbbbbb, error: SyntaxError: Invalid JSON: <json>:1:0 Expected json literal but found a
    [junit] abbbbbbbbbbbbbbbbbbbbbbbbbbbb
    [junit] ^ (Thread[Thread-15,1,main])
    [junit] SerialPort: SerialPort: invalid data: abbbbbbbbbbbbbbbbbbbbbbbbbbbbb, error: SyntaxError: Invalid JSON: <json>:1:0 Expected json literal but found a
    [junit] abbbbbbbbbbbbbbbbbbbbbbbbbbbbb
    [junit] ^ (Thread[Thread-15,1,main])
    [junit] SerialPort: SerialPort: invalid data: abbbbbbbbbbbbbbbbbbbbbbbbbbbbbb, error: SyntaxError: Invalid JSON: <json>:1:0 Expected json literal but found a
    [junit] abbbbbbbbbbbbbbbbbbbbbbbbbbbbbb
    [junit] ^ (Thread[Thread-15,1,main])
    [junit] SerialPort: SerialPort: invalid data: abbbbbbbbbbbbbbbbbbbbbbbbbbbbbbb, error: SyntaxError: Invalid JSON: <json>:1:0 Expected json literal but found a
    [junit] abbbbbbbbbbbbbbbbbbbbbbbbbbbbbbb
    [junit] ^ (Thread[Thread-15,1,main])
    [junit] SerialPort: SerialPort: invalid data: abbbbbbbbbbbbbbbbbbbbbbbbbbbbbbbb, error: SyntaxError: Invalid JSON: <json>:1:0 Expected json literal but found a
    [junit] abbbbbbbbbbbbbbbbbbbbbbbbbbbbbbbb
    [junit] ^ (Thread[Thread-15,1,main])
    [junit] SerialPort: SerialPort: invalid data: abbbbbbbbbbbbbbbbbbbbbbbbbbbbbbbbb, error: SyntaxError: Invalid JSON: <json>:1:0 Expected json literal but found a
    [junit] abbbbbbbbbbbbbbbbbbbbbbbbbbbbbbbbb
    [junit] ^ (Thread[Thread-15,1,main])
    [junit] SerialPort: SerialPort: invalid data: abbbbbbbbbbbbbbbbbbbbbbbbbbbbbbbbbb, error: SyntaxError: Invalid JSON: <json>:1:0 Expected json literal but found a
    [junit] abbbbbbbbbbbbbbbbbbbbbbbbbbbbbbbbbb
    [junit] ^ (Thread[Thread-15,1,main])
    [junit] SerialPort: SerialPort: invalid data: abbbbbbbbbbbbbbbbbbbbbbbbbbbbbbbbbbb, error: SyntaxError: Invalid JSON: <json>:1:0 Expected json literal but found a
    [junit] abbbbbbbbbbbbbbbbbbbbbbbbbbbbbbbbbbb
    [junit] ^ (Thread[Thread-15,1,main])
    [junit] SerialPort: Closing serial port. (Thread[SerialLoopbackInvalid,1,main])
    [junit] 11485 ms. Memory: 1106432K Free: 626874K (57%)
    [junit] ----------------- Invoking toplevel() on ptolemy.moml.MoMLSimpleApplication@7cf20bc2
    [junit] ----------------- Done invoking toplevel() on ptolemy.moml.MoMLSimpleApplication@7cf20bc2
    [junit] reloadAllAccessors: .SerialLoopbackInvalid
    [junit] SerialPort: Serial port reader thread exiting. (Thread[Thread-15,1,main])
    [junit] SerialPort: Serial port writer thread exiting. (Thread[Thread-16,1,main])
    [junit] -------------- Reloaded accessors, but skipping rerun for now. Wed Feb 20 03:20:35 UTC 2019 /home/travis/build/icyphy/ptII/ptolemy/actor/lib/jjs/modules/serial/test/auto/SerialLoopbackInvalid.xml
    [junit] 
    [junit] ===========================================================================================
    [junit] ----------------- testing Wed Feb 20 03:20:35 UTC 2019 /home/travis/build/icyphy/ptII/ptolemy/actor/lib/jjs/modules/serial/test/auto/SerialLoopbackJSON.xml
    [junit] ----------------- Wed Feb 20 03:20:35 UTC 2019 About to sleep for 5.0 seconds before running or rerunning.  Test is: /home/travis/build/icyphy/ptII/ptolemy/actor/lib/jjs/modules/serial/test/auto/SerialLoopbackJSON.xml
    [junit] Done sleeping
    [junit] ----------------- Instantiating /home/travis/build/icyphy/ptII/ptolemy/actor/lib/jjs/modules/serial/test/auto/SerialLoopbackJSON.xml
    [junit] SerialPort: Closing serial port. (Thread[SerialLoopbackJSON,1,main])
    [junit] JavaScriptJSON: JavaScriptTrueToken.wrapup() (Thread[SerialLoopbackJSON,1,main])
    [junit] 12473 ms. Memory: 1585664K Free: 1020292K (64%)
    [junit] ----------------- Invoking toplevel() on ptolemy.moml.MoMLSimpleApplication@4ed4c39b
    [junit] ----------------- Done invoking toplevel() on ptolemy.moml.MoMLSimpleApplication@4ed4c39b
    [junit] reloadAllAccessors: .SerialLoopbackJSON
    [junit] SerialPort: Serial port reader thread exiting. (Thread[Thread-20,1,main])
    [junit] SerialPort: Serial port writer thread exiting. (Thread[Thread-21,1,main])
    [junit] -------------- Reloaded accessors, but skipping rerun for now. Wed Feb 20 03:20:58 UTC 2019 /home/travis/build/icyphy/ptII/ptolemy/actor/lib/jjs/modules/serial/test/auto/SerialLoopbackJSON.xml
    [junit] 
    [junit] ===========================================================================================
    [junit] ----------------- testing Wed Feb 20 03:20:58 UTC 2019 /home/travis/build/icyphy/ptII/ptolemy/actor/lib/jjs/modules/serial/test/auto/SerialLoopbackNumber.xml
    [junit] ----------------- Wed Feb 20 03:20:58 UTC 2019 About to sleep for 5.0 seconds before running or rerunning.  Test is: /home/travis/build/icyphy/ptII/ptolemy/actor/lib/jjs/modules/serial/test/auto/SerialLoopbackNumber.xml
    [junit] Done sleeping
    [junit] ----------------- Instantiating /home/travis/build/icyphy/ptII/ptolemy/actor/lib/jjs/modules/serial/test/auto/SerialLoopbackNumber.xml
    [junit] SerialPort: Closing serial port. (Thread[SerialLoopbackNumber,1,main])
    [junit] 11778 ms. Memory: 1824256K Free: 823596K (45%)
    [junit] ----------------- Invoking toplevel() on ptolemy.moml.MoMLSimpleApplication@76d37a96
    [junit] ----------------- Done invoking toplevel() on ptolemy.moml.MoMLSimpleApplication@76d37a96
    [junit] reloadAllAccessors: .SerialLoopbackNumber
    [junit] SerialPort: Serial port reader thread exiting. (Thread[Thread-25,1,main])
    [junit] SerialPort: Serial port writer thread exiting. (Thread[Thread-26,1,main])
    [junit] -------------- Reloaded accessors, but skipping rerun for now. Wed Feb 20 03:21:20 UTC 2019 /home/travis/build/icyphy/ptII/ptolemy/actor/lib/jjs/modules/serial/test/auto/SerialLoopbackNumber.xml
    [junit] 
    [junit] ===========================================================================================
    [junit] ----------------- testing Wed Feb 20 03:21:20 UTC 2019 /home/travis/build/icyphy/ptII/ptolemy/actor/lib/jjs/modules/serial/test/auto/SerialLoopbackShort.xml
    [junit] ----------------- Wed Feb 20 03:21:20 UTC 2019 About to sleep for 5.0 seconds before running or rerunning.  Test is: /home/travis/build/icyphy/ptII/ptolemy/actor/lib/jjs/modules/serial/test/auto/SerialLoopbackShort.xml
    [junit] Done sleeping
    [junit] ----------------- Instantiating /home/travis/build/icyphy/ptII/ptolemy/actor/lib/jjs/modules/serial/test/auto/SerialLoopbackShort.xml
    [junit] SerialPort: Closing serial port. (Thread[SerialLoopbackShort,1,main])
    [junit] 11768 ms. Memory: 1830912K Free: 697148K (38%)
    [junit] ----------------- Invoking toplevel() on ptolemy.moml.MoMLSimpleApplication@562574e1
    [junit] ----------------- Done invoking toplevel() on ptolemy.moml.MoMLSimpleApplication@562574e1
    [junit] reloadAllAccessors: .SerialLoopbackShort
    [junit] SerialPort: Serial port reader thread exiting. (Thread[Thread-30,1,main])
    [junit] SerialPort: Serial port writer thread exiting. (Thread[Thread-31,1,main])
    [junit] -------------- Reloaded accessors, but skipping rerun for now. Wed Feb 20 03:21:42 UTC 2019 /home/travis/build/icyphy/ptII/ptolemy/actor/lib/jjs/modules/serial/test/auto/SerialLoopbackShort.xml
    [junit] 
    [junit] ===========================================================================================
    [junit] ----------------- testing Wed Feb 20 03:21:42 UTC 2019 /home/travis/build/icyphy/ptII/ptolemy/actor/lib/jjs/modules/serial/test/auto/SerialLoopbackString.xml
    [junit] ----------------- Wed Feb 20 03:21:42 UTC 2019 About to sleep for 5.0 seconds before running or rerunning.  Test is: /home/travis/build/icyphy/ptII/ptolemy/actor/lib/jjs/modules/serial/test/auto/SerialLoopbackString.xml
    [junit] Done sleeping
    [junit] ----------------- Instantiating /home/travis/build/icyphy/ptII/ptolemy/actor/lib/jjs/modules/serial/test/auto/SerialLoopbackString.xml
    [junit] SerialPort: Closing serial port. (Thread[SerialLoopbackString,1,main])
    [junit] 11097 ms. Memory: 1825280K Free: 270407K (15%)
    [junit] ----------------- Invoking toplevel() on ptolemy.moml.MoMLSimpleApplication@2ac62e0d
    [junit] ----------------- Done invoking toplevel() on ptolemy.moml.MoMLSimpleApplication@2ac62e0d
    [junit] reloadAllAccessors: .SerialLoopbackString
    [junit] SerialPort: Serial port reader thread exiting. (Thread[Thread-35,1,main])
    [junit] SerialPort: Serial port writer thread exiting. (Thread[Thread-36,1,main])
    [junit] -------------- Reloaded accessors, but skipping rerun for now. Wed Feb 20 03:22:03 UTC 2019 /home/travis/build/icyphy/ptII/ptolemy/actor/lib/jjs/modules/serial/test/auto/SerialLoopbackString.xml
    [junit] 
    [junit] ===========================================================================================
    [junit] ----------------- testing Wed Feb 20 03:22:03 UTC 2019 /home/travis/build/icyphy/ptII/ptolemy/actor/lib/jjs/modules/serial/test/auto/SerialLoopbackUnsignedByte.xml
    [junit] ----------------- Wed Feb 20 03:22:03 UTC 2019 About to sleep for 5.0 seconds before running or rerunning.  Test is: /home/travis/build/icyphy/ptII/ptolemy/actor/lib/jjs/modules/serial/test/auto/SerialLoopbackUnsignedByte.xml
    [junit] Done sleeping
    [junit] ----------------- Instantiating /home/travis/build/icyphy/ptII/ptolemy/actor/lib/jjs/modules/serial/test/auto/SerialLoopbackUnsignedByte.xml
    [junit] SerialPort: Closing serial port. (Thread[SerialLoopbackUnsignedByte,1,main])
    [junit] 11664 ms. Memory: 1811968K Free: 1344484K (74%)
    [junit] ----------------- Invoking toplevel() on ptolemy.moml.MoMLSimpleApplication@30eb3de8
    [junit] ----------------- Done invoking toplevel() on ptolemy.moml.MoMLSimpleApplication@30eb3de8
    [junit] reloadAllAccessors: .SerialLoopbackUnsignedByte
    [junit] SerialPort: Serial port reader thread exiting. (Thread[Thread-40,1,main])
    [junit] SerialPort: Serial port writer thread exiting. (Thread[Thread-41,1,main])
    [junit] -------------- Reloaded accessors, but skipping rerun for now. Wed Feb 20 03:22:25 UTC 2019 /home/travis/build/icyphy/ptII/ptolemy/actor/lib/jjs/modules/serial/test/auto/SerialLoopbackUnsignedByte.xml
    [junit] AutoTests.java: About to close Vertx.
    [junit] AutoTests.java: Vertx closed.
    [junit] 
    [junit] Error: 
    [junit] java.lang.RuntimeException: Execution failed
    [junit] 	at ptolemy.moml.MoMLSimpleApplication$UnloadThread.run(MoMLSimpleApplication.java:402)
    [junit] Caused by: ptolemy.kernel.util.IllegalActionException: Failure executing the initialize function: ptolemy.kernel.util.IllegalActionException: No such port: /dev/tty.NOT_A_PORT
    [junit]   in .SerialHelloWorld.JavaScript
    [junit] Because:
    [junit] gnu.io.NoSuchPortException
    [junit]   in .SerialHelloWorld.JavaScript
    [junit] Because:
    [junit] ptolemy.kernel.util.IllegalActionException: No such port: /dev/tty.NOT_A_PORT
    [junit]   in .SerialHelloWorld.JavaScript
    [junit] Because:
    [junit] gnu.io.NoSuchPortException
    [junit] 	at ptolemy.actor.lib.jjs.JavaScript._invokeMethodInContext(JavaScript.java:2315)
    [junit] 	at ptolemy.actor.lib.jjs.JavaScript.initialize(JavaScript.java:1479)
    [junit] 	at ptolemy.actor.Director.initialize(Director.java:938)
    [junit] 	at ptolemy.actor.Director.initialize(Director.java:907)
    [junit] 	at ptolemy.domains.de.kernel.DEDirector.initialize(DEDirector.java:944)
    [junit] 	at ptolemy.actor.CompositeActor.initialize(CompositeActor.java:935)
    [junit] 	at ptolemy.actor.Manager.initialize(Manager.java:724)
    [junit] 	at ptolemy.actor.Manager.execute(Manager.java:356)
    [junit] 	at ptolemy.actor.Manager.run(Manager.java:1263)
    [junit] 	at ptolemy.actor.Manager$PtolemyRunThread.run(Manager.java:1915)
    [junit] Caused by: java.lang.RuntimeException: ptolemy.kernel.util.IllegalActionException: No such port: /dev/tty.NOT_A_PORT
    [junit]   in .SerialHelloWorld.JavaScript
    [junit] Because:
    [junit] gnu.io.NoSuchPortException
    [junit] 	at jdk.nashorn.internal.runtime.ScriptRuntime.apply(ScriptRuntime.java:397)
    [junit] 	at jdk.nashorn.api.scripting.ScriptObjectMirror.callMember(ScriptObjectMirror.java:199)
    [junit] 	at jdk.nashorn.api.scripting.NashornScriptEngine.invokeImpl(NashornScriptEngine.java:386)
    [junit] 	at jdk.nashorn.api.scripting.NashornScriptEngine.invokeMethod(NashornScriptEngine.java:199)
    [junit] 	at ptolemy.actor.lib.jjs.JavaScript._invokeMethodInContext(JavaScript.java:2281)
    [junit] 	... 9 more
    [junit] Caused by: ptolemy.kernel.util.IllegalActionException: No such port: /dev/tty.NOT_A_PORT
    [junit]   in .SerialHelloWorld.JavaScript
    [junit] Because:
    [junit] gnu.io.NoSuchPortException
    [junit] 	at ptolemy.actor.lib.jjs.modules.serial.SerialHelper.open(SerialHelper.java:317)
    [junit] 	at jdk.nashorn.internal.scripts.Script$Recompilation$594$4288$require.L:1#open(/home/travis/build/icyphy/ptII/ptolemy/actor/lib/jjs/external/require.js#409:30<eval>:115)
    [junit] 	at jdk.nashorn.internal.scripts.Script$Recompilation$587$655$\^function\_.L:1#initialize(<function>:37)
    [junit] 	at jdk.nashorn.internal.scripts.Script$Recompilation$584$28781$require.L:1#Accessor#initialize(/home/travis/build/icyphy/ptII/ptolemy/actor/lib/jjs/external/require.js#409:30<eval>:631)
    [junit] 	at jdk.nashorn.internal.runtime.ScriptFunctionData.invoke(ScriptFunctionData.java:637)
    [junit] 	at jdk.nashorn.internal.runtime.ScriptFunction.invoke(ScriptFunction.java:494)
    [junit] 	at jdk.nashorn.internal.runtime.ScriptRuntime.apply(ScriptRuntime.java:393)
    [junit] 	... 13 more
    [junit] Caused by: gnu.io.NoSuchPortException
    [junit] 	at gnu.io.CommPortIdentifier.getPortIdentifier(CommPortIdentifier.java:273)
    [junit] 	at ptolemy.actor.lib.jjs.modules.serial.SerialHelper.open(SerialHelper.java:224)
    [junit] 	... 19 more
    [junit] java.lang.reflect.InvocationTargetException
    [junit] 	at sun.reflect.NativeConstructorAccessorImpl.newInstance0(Native Method)
    [junit] 	at sun.reflect.NativeConstructorAccessorImpl.newInstance(NativeConstructorAccessorImpl.java:62)
    [junit] 	at sun.reflect.DelegatingConstructorAccessorImpl.newInstance(DelegatingConstructorAccessorImpl.java:45)
    [junit] 	at java.lang.reflect.Constructor.newInstance(Constructor.java:423)
    [junit] 	at ptolemy.util.test.junit.AutoKnownFailedTests.RunModel(AutoKnownFailedTests.java:105)
    [junit] 	at sun.reflect.NativeMethodAccessorImpl.invoke0(Native Method)
    [junit] 	at sun.reflect.NativeMethodAccessorImpl.invoke(NativeMethodAccessorImpl.java:62)
    [junit] 	at sun.reflect.DelegatingMethodAccessorImpl.invoke(DelegatingMethodAccessorImpl.java:43)
    [junit] 	at java.lang.reflect.Method.invoke(Method.java:498)
    [junit] 	at org.junit.runners.model.FrameworkMethod$1.runReflectiveCall(FrameworkMethod.java:44)
    [junit] 	at org.junit.internal.runners.model.ReflectiveCallable.run(ReflectiveCallable.java:15)
    [junit] 	at org.junit.runners.model.FrameworkMethod.invokeExplosively(FrameworkMethod.java:41)
    [junit] 	at junitparams.internal.InvokeParameterisedMethod.evaluate(InvokeParameterisedMethod.java:102)
    [junit] 	at org.junit.internal.runners.statements.FailOnTimeout$1.run(FailOnTimeout.java:28)
    [junit] Caused by: ptolemy.kernel.util.IllegalActionException: Failure executing the initialize function: ptolemy.kernel.util.IllegalActionException: No such port: /dev/tty.NOT_A_PORT
    [junit]   in .SerialHelloWorld.JavaScript
    [junit] Because:
    [junit] gnu.io.NoSuchPortException
    [junit]   in .SerialHelloWorld.JavaScript
    [junit] Because:
    [junit] ptolemy.kernel.util.IllegalActionException: No such port: /dev/tty.NOT_A_PORT
    [junit]   in .SerialHelloWorld.JavaScript
    [junit] Because:
    [junit] gnu.io.NoSuchPortException
    [junit] 	at ptolemy.actor.lib.jjs.JavaScript._invokeMethodInContext(JavaScript.java:2315)
    [junit] 	at ptolemy.actor.lib.jjs.JavaScript.initialize(JavaScript.java:1479)
    [junit] 	at ptolemy.actor.Director.initialize(Director.java:938)
    [junit] 	at ptolemy.actor.Director.initialize(Director.java:907)
    [junit] 	at ptolemy.domains.de.kernel.DEDirector.initialize(DEDirector.java:944)
    [junit] 	at ptolemy.actor.CompositeActor.initialize(CompositeActor.java:935)
    [junit] 	at ptolemy.actor.Manager.initialize(Manager.java:724)
    [junit] 	at ptolemy.actor.Manager.execute(Manager.java:356)
    [junit] 	at ptolemy.actor.Manager.run(Manager.java:1263)
    [junit] 	at ptolemy.actor.Manager$PtolemyRunThread.run(Manager.java:1915)
    [junit] Caused by: java.lang.RuntimeException: ptolemy.kernel.util.IllegalActionException: No such port: /dev/tty.NOT_A_PORT
    [junit]   in .SerialHelloWorld.JavaScript
    [junit] Because:
    [junit] gnu.io.NoSuchPortException
    [junit] 	at jdk.nashorn.internal.runtime.ScriptRuntime.apply(ScriptRuntime.java:397)
    [junit] 	at jdk.nashorn.api.scripting.ScriptObjectMirror.callMember(ScriptObjectMirror.java:199)
    [junit] 	at jdk.nashorn.api.scripting.NashornScriptEngine.invokeImpl(NashornScriptEngine.java:386)
    [junit] 	at jdk.nashorn.api.scripting.NashornScriptEngine.invokeMethod(NashornScriptEngine.java:199)
    [junit] 	at ptolemy.actor.lib.jjs.JavaScript._invokeMethodInContext(JavaScript.java:2281)
    [junit] 	... 9 more
    [junit] Caused by: ptolemy.kernel.util.IllegalActionException: No such port: /dev/tty.NOT_A_PORT
    [junit]   in .SerialHelloWorld.JavaScript
    [junit] Because:
    [junit] gnu.io.NoSuchPortException
    [junit] 	at ptolemy.actor.lib.jjs.modules.serial.SerialHelper.open(SerialHelper.java:317)
    [junit] 	at jdk.nashorn.internal.scripts.Script$Recompilation$594$4288$require.L:1#open(/home/travis/build/icyphy/ptII/ptolemy/actor/lib/jjs/external/require.js#409:30<eval>:115)
    [junit] 	at jdk.nashorn.internal.scripts.Script$Recompilation$587$655$\^function\_.L:1#initialize(<function>:37)
    [junit] 	at jdk.nashorn.internal.scripts.Script$Recompilation$584$28781$require.L:1#Accessor#initialize(/home/travis/build/icyphy/ptII/ptolemy/actor/lib/jjs/external/require.js#409:30<eval>:631)
    [junit] 	at jdk.nashorn.internal.runtime.ScriptFunctionData.invoke(ScriptFunctionData.java:637)
    [junit] 	at jdk.nashorn.internal.runtime.ScriptFunction.invoke(ScriptFunction.java:494)
    [junit] 	at jdk.nashorn.internal.runtime.ScriptRuntime.apply(ScriptRuntime.java:393)
    [junit] 	... 13 more
    [junit] Caused by: gnu.io.NoSuchPortException
    [junit] 	at gnu.io.CommPortIdentifier.getPortIdentifier(CommPortIdentifier.java:273)
    [junit] 	at ptolemy.actor.lib.jjs.modules.serial.SerialHelper.open(SerialHelper.java:224)
    [junit] 	... 19 more
    [junit] WARNING: TestSpontaneous: Model stopped before executing actions (e.g. producing outputs) scheduled for execution at times [5.6000000000000005]
    [junit] WARNING: TestSpontaneous: Model stopped before executing actions (e.g. producing outputs) scheduled for execution at times [4.6000000000000005]
    [junit] WARNING: TestSpontaneous: Model stopped before executing actions (e.g. producing outputs) scheduled for execution at times [5.6000000000000005]
    [junit] WARNING: TestSpontaneous: Model stopped before executing actions (e.g. producing outputs) scheduled for execution at times [5.6000000000000005]
    [junit] WARNING: TestSpontaneous: Model stopped before executing actions (e.g. producing outputs) scheduled for execution at times [5.6000000000000005]
    [junit] WARNING: TestSpontaneous: Model stopped before executing actions (e.g. producing outputs) scheduled for execution at times [5.6000000000000005]
    [junit] WARNING: TestSpontaneous: Model stopped before executing actions (e.g. producing outputs) scheduled for execution at times [5.6000000000000005]
    [junit] 
    [junit] javachdir: directory = ptolemy/actor/lib/jjs/modules/shell/test
    [junit] javachdir: pwd: /home/travis/build/icyphy/ptII/ptolemy/actor/lib/jjs/modules/shell/test  Invoking with -Djava.net.preferIPv4Stack=true
    [junit] Running ptolemy.actor.lib.jjs.modules.shell.test.junit.JUnitTclTest
    [junit] No tcl tests in /home/travis/build/icyphy/ptII/ptolemy/actor/lib/jjs/modules/shell/test
    [junit] No auto/knownFailedTests/*.xml tests in /home/travis/build/icyphy/ptII/ptolemy/actor/lib/jjs/modules/shell/test
    [junit] No auto/linux-amd64/*.xml tests in /home/travis/build/icyphy/ptII/ptolemy/actor/lib/jjs/modules/shell/test
    [junit] AutoTests.java: About to close Vertx.
    [junit] AutoTests.java: Vertx closed.
    [junit] 
    [junit] ===========================================================================================
    [junit] ----------------- testing Wed Feb 20 03:22:26 UTC 2019 /home/travis/build/icyphy/ptII/ptolemy/actor/lib/jjs/modules/shell/test/auto/PassthroughTest.xml
    [junit] ----------------- Wed Feb 20 03:22:26 UTC 2019 About to sleep for 5.0 seconds before running or rerunning.  Test is: /home/travis/build/icyphy/ptII/ptolemy/actor/lib/jjs/modules/shell/test/auto/PassthroughTest.xml
    [junit] Done sleeping
    [junit] ----------------- Instantiating /home/travis/build/icyphy/ptII/ptolemy/actor/lib/jjs/modules/shell/test/auto/PassthroughTest.xml
    [junit] JSAccessor: PT_NO_NET environment variable is set, so git pull and ptdoc are not being run.
    [junit] 3540 ms. Memory: 206848K Free: 116317K (56%)
    [junit] ----------------- Invoking toplevel() on ptolemy.moml.MoMLSimpleApplication@1706393c
    [junit] ----------------- Done invoking toplevel() on ptolemy.moml.MoMLSimpleApplication@1706393c
    [junit] reloadAllAccessors: .PassthroughTest
    [junit] This is the first time that the reloadAllAccessors method has been invoked in this JVM, so the the accessors repo will be checked out or updated and JSDoc invoked. Note that running the tests may end up invoking a new JVM for each directory, so the repo may be checked out or updated and JSDoc invoked more than once when the tests are run.
    [junit] -------------- Reloaded accessors, but skipping rerun for now. Wed Feb 20 03:22:38 UTC 2019 /home/travis/build/icyphy/ptII/ptolemy/actor/lib/jjs/modules/shell/test/auto/PassthroughTest.xml
    [junit] AutoTests.java: About to close Vertx.
    [junit] AutoTests.java: Vertx closed.
    [junit] Tests run: 4, Failures: 0, Errors: 0, Skipped: 0, Time elapsed: 13.481 sec
    [junit] Output:
    [junit] No tcl tests in /home/travis/build/icyphy/ptII/ptolemy/actor/lib/jjs/modules/shell/test
    [junit] No auto/knownFailedTests/*.xml tests in /home/travis/build/icyphy/ptII/ptolemy/actor/lib/jjs/modules/shell/test
    [junit] No auto/linux-amd64/*.xml tests in /home/travis/build/icyphy/ptII/ptolemy/actor/lib/jjs/modules/shell/test
    [junit] AutoTests.java: About to close Vertx.
    [junit] AutoTests.java: Vertx closed.
    [junit] 
    [junit] ===========================================================================================
    [junit] ----------------- testing Wed Feb 20 03:22:26 UTC 2019 /home/travis/build/icyphy/ptII/ptolemy/actor/lib/jjs/modules/shell/test/auto/PassthroughTest.xml
    [junit] ----------------- Wed Feb 20 03:22:26 UTC 2019 About to sleep for 5.0 seconds before running or rerunning.  Test is: /home/travis/build/icyphy/ptII/ptolemy/actor/lib/jjs/modules/shell/test/auto/PassthroughTest.xml
    [junit] Done sleeping
    [junit] ----------------- Instantiating /home/travis/build/icyphy/ptII/ptolemy/actor/lib/jjs/modules/shell/test/auto/PassthroughTest.xml
    [junit] JSAccessor: PT_NO_NET environment variable is set, so git pull and ptdoc are not being run.
    [junit] 3540 ms. Memory: 206848K Free: 116317K (56%)
    [junit] ----------------- Invoking toplevel() on ptolemy.moml.MoMLSimpleApplication@1706393c
    [junit] ----------------- Done invoking toplevel() on ptolemy.moml.MoMLSimpleApplication@1706393c
    [junit] reloadAllAccessors: .PassthroughTest
    [junit] This is the first time that the reloadAllAccessors method has been invoked in this JVM, so the the accessors repo will be checked out or updated and JSDoc invoked. Note that running the tests may end up invoking a new JVM for each directory, so the repo may be checked out or updated and JSDoc invoked more than once when the tests are run.
    [junit] -------------- Reloaded accessors, but skipping rerun for now. Wed Feb 20 03:22:38 UTC 2019 /home/travis/build/icyphy/ptII/ptolemy/actor/lib/jjs/modules/shell/test/auto/PassthroughTest.xml
    [junit] AutoTests.java: About to close Vertx.
    [junit] AutoTests.java: Vertx closed.
    [junit] 
    [junit] javachdir: directory = ptolemy/actor/lib/jjs/modules/socket/test
    [junit] javachdir: pwd: /home/travis/build/icyphy/ptII/ptolemy/actor/lib/jjs/modules/socket/test  Invoking with -Djava.net.preferIPv4Stack=true
    [junit] Running ptolemy.actor.lib.jjs.modules.socket.test.junit.JUnitTclTest
    [junit] No tcl tests in /home/travis/build/icyphy/ptII/ptolemy/actor/lib/jjs/modules/socket/test
    [junit] ----------------- testing (KnownFailure) /home/travis/build/icyphy/ptII/ptolemy/actor/lib/jjs/modules/socket/test/auto/knownFailedTests/SocketLong.xml
    [junit] 6799 ms. Memory: 378368K Free: 313095K (83%)
    [junit] Known Failure: java.lang.reflect.InvocationTargetException
    [junit] java.lang.RuntimeException: Execution failed
    [junit] ----------------- testing (KnownFailure) /home/travis/build/icyphy/ptII/ptolemy/actor/lib/jjs/modules/socket/test/auto/knownFailedTests/SocketUnsignedInt.xml
    [junit] 	at ptolemy.moml.MoMLSimpleApplication$UnloadThread.run(MoMLSimpleApplication.java:402)
    [junit] Caused by: ptolemy.kernel.util.IllegalActionException: Exceptions occurred during wrapup:
    [junit] ptolemy.kernel.util.IllegalActionException: The fire() method of this actor was never called. Usually, this is an error indicating that starvation is occurring.
    [junit]   in .SocketLong.Test
    [junit] ptolemy.kernel.util.IllegalActionException: The fire() method of this actor was never called. Usually, this is an error indicating that starvation is occurring.
    [junit]   in .SocketLong.Test2
    [junit] ptolemy.kernel.util.IllegalActionException: The fire() method of this actor was never called. Usually, this is an error indicating that starvation is occurring.
    [junit]   in .SocketLong.Test3
    [junit] 
    [junit]   in .SocketLong.DE Director
    [junit] Because:
    [junit] The fire() method of this actor was never called. Usually, this is an error indicating that starvation is occurring.
    [junit]   in .SocketLong.Test
    [junit] 	at ptolemy.actor.Director.wrapup(Director.java:1736)
    [junit] 	at ptolemy.domains.de.kernel.DEDirector.wrapup(DEDirector.java:1527)
    [junit] 	at ptolemy.actor.CompositeActor.wrapup(CompositeActor.java:2755)
    [junit] 	at ptolemy.actor.Manager.wrapup(Manager.java:1512)
    [junit] 	at ptolemy.actor.Manager.execute(Manager.java:407)
    [junit] 	at ptolemy.actor.Manager.run(Manager.java:1263)
    [junit] 	at ptolemy.actor.Manager$PtolemyRunThread.run(Manager.java:1915)
    [junit] Caused by: ptolemy.kernel.util.IllegalActionException: The fire() method of this actor was never called. Usually, this is an error indicating that starvation is occurring.
    [junit]   in .SocketLong.Test
    [junit] 	at ptolemy.actor.lib.NonStrictTest.wrapup(NonStrictTest.java:394)
    [junit] 	at ptolemy.actor.Director.wrapup(Director.java:1722)
    [junit] 	... 6 more
    [junit] 
    [junit] Exception: java.lang.RuntimeException thrown from the UncaughtExceptionHandler in thread "Thread-4"
    [junit] java.lang.reflect.InvocationTargetException
    [junit] 	at sun.reflect.NativeConstructorAccessorImpl.newInstance0(Native Method)
    [junit] 	at sun.reflect.NativeConstructorAccessorImpl.newInstance(NativeConstructorAccessorImpl.java:62)
    [junit] 	at sun.reflect.DelegatingConstructorAccessorImpl.newInstance(DelegatingConstructorAccessorImpl.java:45)
    [junit] 	at java.lang.reflect.Constructor.newInstance(Constructor.java:423)
    [junit] 	at ptolemy.util.test.junit.AutoKnownFailedTests.RunModel(AutoKnownFailedTests.java:105)
    [junit] 	at sun.reflect.NativeMethodAccessorImpl.invoke0(Native Method)
    [junit] 	at sun.reflect.NativeMethodAccessorImpl.invoke(NativeMethodAccessorImpl.java:62)
    [junit] 	at sun.reflect.DelegatingMethodAccessorImpl.invoke(DelegatingMethodAccessorImpl.java:43)
    [junit] 	at java.lang.reflect.Method.invoke(Method.java:498)
    [junit] 	at org.junit.runners.model.FrameworkMethod$1.runReflectiveCall(FrameworkMethod.java:44)
    [junit] 	at org.junit.internal.runners.model.ReflectiveCallable.run(ReflectiveCallable.java:15)
    [junit] 	at org.junit.runners.model.FrameworkMethod.invokeExplosively(FrameworkMethod.java:41)
    [junit] 	at junitparams.internal.InvokeParameterisedMethod.evaluate(InvokeParameterisedMethod.java:102)
    [junit] 	at org.junit.internal.runners.statements.FailOnTimeout$1.run(FailOnTimeout.java:28)
    [junit] Caused by: ptolemy.kernel.util.IllegalActionException: Exceptions occurred during wrapup:
    [junit] ptolemy.kernel.util.IllegalActionException: The fire() method of this actor was never called. Usually, this is an error indicating that starvation is occurring.
    [junit]   in .SocketLong.Test
    [junit] ptolemy.kernel.util.IllegalActionException: The fire() method of this actor was never called. Usually, this is an error indicating that starvation is occurring.
    [junit]   in .SocketLong.Test2
    [junit] ptolemy.kernel.util.IllegalActionException: The fire() method of this actor was never called. Usually, this is an error indicating that starvation is occurring.
    [junit]   in .SocketLong.Test3
    [junit] 
    [junit]   in .SocketLong.DE Director
    [junit] Because:
    [junit] The fire() method of this actor was never called. Usually, this is an error indicating that starvation is occurring.
    [junit]   in .SocketLong.Test
    [junit] 	at ptolemy.actor.Director.wrapup(Director.java:1736)
    [junit] 	at ptolemy.domains.de.kernel.DEDirector.wrapup(DEDirector.java:1527)
    [junit] 	at ptolemy.actor.CompositeActor.wrapup(CompositeActor.java:2755)
    [junit] 	at ptolemy.actor.Manager.wrapup(Manager.java:1512)
    [junit] 	at ptolemy.actor.Manager.execute(Manager.java:407)
    [junit] 	at ptolemy.actor.Manager.run(Manager.java:1263)
    [junit] 	at ptolemy.actor.Manager$PtolemyRunThread.run(Manager.java:1915)
    [junit] Caused by: ptolemy.kernel.util.IllegalActionException: The fire() method of this actor was never called. Usually, this is an error indicating that starvation is occurring.
    [junit]   in .SocketLong.Test
    [junit] 	at ptolemy.actor.lib.NonStrictTest.wrapup(NonStrictTest.java:394)
    [junit] 	at ptolemy.actor.Director.wrapup(Director.java:1722)
    [junit] 	... 6 more
    [junit] java.lang.RuntimeException: Execution failed
    [junit] 	at ptolemy.moml.MoMLSimpleApplication$UnloadThread.run(MoMLSimpleApplication.java:402)
    [junit] Caused by: ptolemy.kernel.util.IllegalActionException: Exceptions occurred during wrapup:
    [junit] ptolemy.kernel.util.IllegalActionException: The fire() method of this actor was never called. Usually, this is an error indicating that starvation is occurring.
    [junit]   in .SocketUnsignedInt.Test
    [junit] ptolemy.kernel.util.IllegalActionException: The fire() method of this actor was never called. Usually, this is an error indicating that starvation is occurring.
    [junit]   in .SocketUnsignedInt.Test2
    [junit] ptolemy.kernel.util.IllegalActionException: The fire() method of this actor was never called. Usually, this is an error indicating that starvation is occurring.
    [junit]   in .SocketUnsignedInt.Test3
    [junit] 
    [junit]   in .SocketUnsignedInt.DE Director
    [junit] Because:
    [junit] The fire() method of this actor was never called. Usually, this is an error indicating that starvation is occurring.
    [junit]   in .SocketUnsignedInt.Test
    [junit] 	at ptolemy.actor.Director.wrapup(Director.java:1736)
    [junit] 	at ptolemy.domains.de.kernel.DEDirector.wrapup(DEDirector.java:1527)
    [junit] 	at ptolemy.actor.CompositeActor.wrapup(CompositeActor.java:2755)
    [junit] 	at ptolemy.actor.Manager.wrapup(Manager.java:1512)
    [junit] 	at ptolemy.actor.Manager.execute(Manager.java:407)
    [junit] 	at ptolemy.actor.Manager.run(Manager.java:1263)
    [junit] 	at ptolemy.actor.Manager$PtolemyRunThread.run(Manager.java:1915)
    [junit] Caused by: ptolemy.kernel.util.IllegalActionException: The fire() method of this actor was never called. Usually, this is an error indicating that starvation is occurring.
    [junit]   in .SocketUnsignedInt.Test
    [junit] 	at ptolemy.actor.lib.NonStrictTest.wrapup(NonStrictTest.java:394)
    [junit] 	at ptolemy.actor.Director.wrapup(Director.java:1722)
    [junit] 	... 6 more
    [junit] 
    [junit] Exception: java.lang.RuntimeException thrown from the UncaughtExceptionHandler in thread "Thread-7"
    [junit] java.lang.reflect.InvocationTargetException
    [junit] 	at sun.reflect.NativeConstructorAccessorImpl.newInstance0(Native Method)
    [junit] 	at sun.reflect.NativeConstructorAccessorImpl.newInstance(NativeConstructorAccessorImpl.java:62)
    [junit] 	at sun.reflect.DelegatingConstructorAccessorImpl.newInstance(DelegatingConstructorAccessorImpl.java:45)
    [junit] 	at java.lang.reflect.Constructor.newInstance(Constructor.java:423)
    [junit] 	at ptolemy.util.test.junit.AutoKnownFailedTests.RunModel(AutoKnownFailedTests.java:105)
    [junit] 	at sun.reflect.NativeMethodAccessorImpl.invoke0(Native Method)
    [junit] 	at sun.reflect.NativeMethodAccessorImpl.invoke(NativeMethodAccessorImpl.java:62)
    [junit] 	at sun.reflect.DelegatingMethodAccessorImpl.invoke(DelegatingMethodAccessorImpl.java:43)
    [junit] 	at java.lang.reflect.Method.invoke(Method.java:498)
    [junit] 	at org.junit.runners.model.FrameworkMethod$1.runReflectiveCall(FrameworkMethod.java:44)
    [junit] 	at org.junit.internal.runners.model.ReflectiveCallable.run(ReflectiveCallable.java:15)
    [junit] 	at org.junit.runners.model.FrameworkMethod.invokeExplosively(FrameworkMethod.java:41)
    [junit] 	at junitparams.internal.InvokeParameterisedMethod.evaluate(InvokeParameterisedMethod.java:102)
    [junit] 	at org.junit.internal.runners.statements.FailOnTimeout$1.run(FailOnTimeout.java:28)
    [junit] Caused by: ptolemy.kernel.util.IllegalActionException: Exceptions occurred during wrapup:
    [junit] ptolemy.kernel.util.IllegalActionException: The fire() method of this actor was never called. Usually, this is an error indicating that starvation is occurring.
    [junit]   in .SocketUnsignedInt.Test
    [junit] ptolemy.kernel.util.IllegalActionException: The fire() method of this actor was never called. Usually, this is an error indicating that starvation is occurring.
    [junit]   in .SocketUnsignedInt.Test2
    [junit] ptolemy.kernel.util.IllegalActionException: The fire() method of this actor was never called. Usually, this is an error indicating that starvation is occurring.
    [junit]   in .SocketUnsignedInt.Test3
    [junit] 
    [junit]   in .SocketUnsignedInt.DE Director
    [junit] Because:
    [junit] The fire() method of this actor was never called. Usually, this is an error indicating that starvation is occurring.
    [junit]   in .SocketUnsignedInt.Test
    [junit] 	at ptolemy.actor.Director.wrapup(Director.java:1736)
    [junit] 	at ptolemy.domains.de.kernel.DEDirector.wrapup(DEDirector.java:1527)
    [junit] 	at ptolemy.actor.CompositeActor.wrapup(CompositeActor.java:2755)
    [junit] 	at ptolemy.actor.Manager.wrapup(Manager.java:1512)
    [junit] 	at ptolemy.actor.Manager.execute(Manager.java:407)
    [junit] 	at ptolemy.actor.Manager.run(Manager.java:1263)
    [junit] 	at ptolemy.actor.Manager$PtolemyRunThread.run(Manager.java:1915)
    [junit] Caused by: ptolemy.kernel.util.IllegalActionException: The fire() method of this actor was never called. Usually, this is an error indicating that starvation is occurring.
    [junit]   in .SocketUnsignedInt.Test
    [junit] 	at ptolemy.actor.lib.NonStrictTest.wrapup(NonStrictTest.java:394)
    [junit] 	at ptolemy.actor.Director.wrapup(Director.java:1722)
    [junit] 	... 6 more
    [junit] 5750 ms. Memory: 648192K Free: 471093K (73%)
    [junit] Known Failure: java.lang.reflect.InvocationTargetException
    [junit] No auto/linux-amd64/*.xml tests in /home/travis/build/icyphy/ptII/ptolemy/actor/lib/jjs/modules/socket/test
    [junit] AutoTests.java: About to close Vertx.
    [junit] AutoTests.java: Vertx closed.
    [junit] 
    [junit] ===========================================================================================
    [junit] ----------------- testing Wed Feb 20 03:23:00 UTC 2019 /home/travis/build/icyphy/ptII/ptolemy/actor/lib/jjs/modules/socket/test/auto/Message1.xml
    [junit] ----------------- Wed Feb 20 03:23:00 UTC 2019 About to sleep for 5.0 seconds before running or rerunning.  Test is: /home/travis/build/icyphy/ptII/ptolemy/actor/lib/jjs/modules/socket/test/auto/Message1.xml
    [junit] Done sleeping
    [junit] ----------------- Instantiating /home/travis/build/icyphy/ptII/ptolemy/actor/lib/jjs/modules/socket/test/auto/Message1.xml
    [junit] Client: Sending data: -1,0,1,128,256 (Thread[Message1,1,main])
    [junit] 4209 ms. Memory: 650240K Free: 164462K (25%)
    [junit] ----------------- Invoking toplevel() on ptolemy.moml.MoMLSimpleApplication@1788c3d0
    [junit] ----------------- Done invoking toplevel() on ptolemy.moml.MoMLSimpleApplication@1788c3d0
    [junit] reloadAllAccessors: .Message1
    [junit] 
    [junit] ===========================================================================================
    [junit] ----------------- *** Skipping testing of /home/travis/build/icyphy/ptII/ptolemy/actor/lib/jjs/modules/socket/test/auto/Message2.xml because it does fails under Travis.  To updated this list, edit ptolemy/util/test/junit/AutoTests.java
    [junit] 
    [junit] ===========================================================================================
    [junit] ----------------- *** Skipping testing of /home/travis/build/icyphy/ptII/ptolemy/actor/lib/jjs/modules/socket/test/auto/Message3.xml because it does fails under Travis.  To updated this list, edit ptolemy/util/test/junit/AutoTests.java
    [junit] 
    [junit] ===========================================================================================
    [junit] ----------------- *** Skipping testing of /home/travis/build/icyphy/ptII/ptolemy/actor/lib/jjs/modules/socket/test/auto/Message4.xml because it does fails under Travis.  To updated this list, edit ptolemy/util/test/junit/AutoTests.java
    [junit] 
    [junit] ===========================================================================================
    [junit] ----------------- *** Skipping testing of /home/travis/build/icyphy/ptII/ptolemy/actor/lib/jjs/modules/socket/test/auto/Socket1.xml because it does fails under Travis.  To updated this list, edit ptolemy/util/test/junit/AutoTests.java
    [junit] 
    [junit] ===========================================================================================
    [junit] ----------------- *** Skipping testing of /home/travis/build/icyphy/ptII/ptolemy/actor/lib/jjs/modules/socket/test/auto/Socket2.xml because it does fails under Travis.  To updated this list, edit ptolemy/util/test/junit/AutoTests.java
    [junit] 
    [junit] ===========================================================================================
    [junit] ----------------- *** Skipping testing of /home/travis/build/icyphy/ptII/ptolemy/actor/lib/jjs/modules/socket/test/auto/Socket3.xml because it does fails under Travis.  To updated this list, edit ptolemy/util/test/junit/AutoTests.java
    [junit] 
    [junit] ===========================================================================================
    [junit] ----------------- *** Skipping testing of /home/travis/build/icyphy/ptII/ptolemy/actor/lib/jjs/modules/socket/test/auto/SocketByte.xml because it does fails under Travis.  To updated this list, edit ptolemy/util/test/junit/AutoTests.java
    [junit] 
    [junit] ===========================================================================================
    [junit] ----------------- *** Skipping testing of /home/travis/build/icyphy/ptII/ptolemy/actor/lib/jjs/modules/socket/test/auto/SocketDouble.xml because it does fails under Travis.  To updated this list, edit ptolemy/util/test/junit/AutoTests.java
    [junit] 
    [junit] ===========================================================================================
    [junit] ----------------- *** Skipping testing of /home/travis/build/icyphy/ptII/ptolemy/actor/lib/jjs/modules/socket/test/auto/SocketDoubleArray.xml because it does fails under Travis.  To updated this list, edit ptolemy/util/test/junit/AutoTests.java
    [junit] 
    [junit] ===========================================================================================
    [junit] ----------------- *** Skipping testing of /home/travis/build/icyphy/ptII/ptolemy/actor/lib/jjs/modules/socket/test/auto/SocketDoubleArrayBatched.xml because it does fails under Travis.  To updated this list, edit ptolemy/util/test/junit/AutoTests.java
    [junit] 
    [junit] ===========================================================================================
    [junit] ----------------- *** Skipping testing of /home/travis/build/icyphy/ptII/ptolemy/actor/lib/jjs/modules/socket/test/auto/SocketFloat.xml because it does fails under Travis.  To updated this list, edit ptolemy/util/test/junit/AutoTests.java
    [junit] 
    [junit] ===========================================================================================
    [junit] ----------------- *** Skipping testing of /home/travis/build/icyphy/ptII/ptolemy/actor/lib/jjs/modules/socket/test/auto/SocketImage.xml because it does fails under Travis.  To updated this list, edit ptolemy/util/test/junit/AutoTests.java
    [junit] 
    [junit] ===========================================================================================
    [junit] ----------------- *** Skipping testing of /home/travis/build/icyphy/ptII/ptolemy/actor/lib/jjs/modules/socket/test/auto/SocketImagePNG.xml because it does fails under Travis.  To updated this list, edit ptolemy/util/test/junit/AutoTests.java
    [junit] 
    [junit] ===========================================================================================
    [junit] ----------------- *** Skipping testing of /home/travis/build/icyphy/ptII/ptolemy/actor/lib/jjs/modules/socket/test/auto/SocketImageRaw.xml because it does fails under Travis.  To updated this list, edit ptolemy/util/test/junit/AutoTests.java
    [junit] 
    [junit] ===========================================================================================
    [junit] ----------------- *** Skipping testing of /home/travis/build/icyphy/ptII/ptolemy/actor/lib/jjs/modules/socket/test/auto/SocketInt.xml because it does fails under Travis.  To updated this list, edit ptolemy/util/test/junit/AutoTests.java
    [junit] 
    [junit] ===========================================================================================
    [junit] ----------------- *** Skipping testing of /home/travis/build/icyphy/ptII/ptolemy/actor/lib/jjs/modules/socket/test/auto/SocketShort.xml because it does fails under Travis.  To updated this list, edit ptolemy/util/test/junit/AutoTests.java
    [junit] 
    [junit] ===========================================================================================
    [junit] ----------------- *** Skipping testing of /home/travis/build/icyphy/ptII/ptolemy/actor/lib/jjs/modules/socket/test/auto/SocketStringArray.xml because it does fails under Travis.  To updated this list, edit ptolemy/util/test/junit/AutoTests.java
    [junit] 
    [junit] ===========================================================================================
    [junit] ----------------- *** Skipping testing of /home/travis/build/icyphy/ptII/ptolemy/actor/lib/jjs/modules/socket/test/auto/SocketTypicalUsage.xml because it does fails under Travis.  To updated this list, edit ptolemy/util/test/junit/AutoTests.java
    [junit] 
    [junit] ===========================================================================================
    [junit] ----------------- *** Skipping testing of /home/travis/build/icyphy/ptII/ptolemy/actor/lib/jjs/modules/socket/test/auto/SocketUnsignedByte.xml because it does fails under Travis.  To updated this list, edit ptolemy/util/test/junit/AutoTests.java
    [junit] 
    [junit] ===========================================================================================
    [junit] ----------------- *** Skipping testing of /home/travis/build/icyphy/ptII/ptolemy/actor/lib/jjs/modules/socket/test/auto/SocketUnsignedShort.xml because it does fails under Travis.  To updated this list, edit ptolemy/util/test/junit/AutoTests.java
    [junit] 
    [junit] ===========================================================================================
    [junit] ----------------- *** Skipping testing of /home/travis/build/icyphy/ptII/ptolemy/actor/lib/jjs/modules/socket/test/auto/TCPSocketDoubleArrayBatched.xml because it does fails under Travis.  To updated this list, edit ptolemy/util/test/junit/AutoTests.java
    [junit] 
    [junit] ===========================================================================================
    [junit] ----------------- *** Skipping testing of /home/travis/build/icyphy/ptII/ptolemy/actor/lib/jjs/modules/socket/test/auto/TCPSocketSecureServerClient.xml because it does fails under Travis.  To updated this list, edit ptolemy/util/test/junit/AutoTests.java
    [junit] 
    [junit] ===========================================================================================
    [junit] ----------------- *** Skipping testing of /home/travis/build/icyphy/ptII/ptolemy/actor/lib/jjs/modules/socket/test/auto/TCPSocketTwoClients.xml because it does fails under Travis.  To updated this list, edit ptolemy/util/test/junit/AutoTests.java
    [junit] 
    [junit] ===========================================================================================
    [junit] ----------------- *** Skipping testing of /home/travis/build/icyphy/ptII/ptolemy/actor/lib/jjs/modules/socket/test/auto/TCPSocketUnsignedShort.xml because it does fails under Travis.  To updated this list, edit ptolemy/util/test/junit/AutoTests.java
    [junit] 
    [junit] ===========================================================================================
    [junit] ----------------- *** Skipping testing of /home/travis/build/icyphy/ptII/ptolemy/actor/lib/jjs/modules/socket/test/auto/TCPSocketUnsignedShortSimple.xml because it does fails under Travis.  To updated this list, edit ptolemy/util/test/junit/AutoTests.java
    [junit] AutoTests.java: About to close Vertx.
    [junit] AutoTests.java: Vertx closed.
    [junit] Tests run: 30, Failures: 0, Errors: 0, Skipped: 0, Time elapsed: 31.801 sec
    [junit] Output:
    [junit] No tcl tests in /home/travis/build/icyphy/ptII/ptolemy/actor/lib/jjs/modules/socket/test
    [junit] ----------------- testing (KnownFailure) /home/travis/build/icyphy/ptII/ptolemy/actor/lib/jjs/modules/socket/test/auto/knownFailedTests/SocketLong.xml
    [junit] 6799 ms. Memory: 378368K Free: 313095K (83%)
    [junit] Known Failure: java.lang.reflect.InvocationTargetException
    [junit] ----------------- testing (KnownFailure) /home/travis/build/icyphy/ptII/ptolemy/actor/lib/jjs/modules/socket/test/auto/knownFailedTests/SocketUnsignedInt.xml
    [junit] 5750 ms. Memory: 648192K Free: 471093K (73%)
    [junit] Known Failure: java.lang.reflect.InvocationTargetException
    [junit] No auto/linux-amd64/*.xml tests in /home/travis/build/icyphy/ptII/ptolemy/actor/lib/jjs/modules/socket/test
    [junit] AutoTests.java: About to close Vertx.
    [junit] AutoTests.java: Vertx closed.
    [junit] 
    [junit] ===========================================================================================
    [junit] ----------------- testing Wed Feb 20 03:23:00 UTC 2019 /home/travis/build/icyphy/ptII/ptolemy/actor/lib/jjs/modules/socket/test/auto/Message1.xml
    [junit] ----------------- Wed Feb 20 03:23:00 UTC 2019 About to sleep for 5.0 seconds before running or rerunning.  Test is: /home/travis/build/icyphy/ptII/ptolemy/actor/lib/jjs/modules/socket/test/auto/Message1.xml
    [junit] Done sleeping
    [junit] ----------------- Instantiating /home/travis/build/icyphy/ptII/ptolemy/actor/lib/jjs/modules/socket/test/auto/Message1.xml
    [junit] Client: Sending data: -1,0,1,128,256 (Thread[Message1,1,main])
    [junit] 4209 ms. Memory: 650240K Free: 164462K (25%)
    [junit] ----------------- Invoking toplevel() on ptolemy.moml.MoMLSimpleApplication@1788c3d0
    [junit] ----------------- Done invoking toplevel() on ptolemy.moml.MoMLSimpleApplication@1788c3d0
    [junit] reloadAllAccessors: .Message1
    [junit] 
    [junit] ===========================================================================================
    [junit] ----------------- *** Skipping testing of /home/travis/build/icyphy/ptII/ptolemy/actor/lib/jjs/modules/socket/test/auto/Message2.xml because it does fails under Travis.  To updated this list, edit ptolemy/util/test/junit/AutoTests.java
    [junit] 
    [junit] ===========================================================================================
    [junit] ----------------- *** Skipping testing of /home/travis/build/icyphy/ptII/ptolemy/actor/lib/jjs/modules/socket/test/auto/Message3.xml because it does fails under Travis.  To updated this list, edit ptolemy/util/test/junit/AutoTests.java
    [junit] 
    [junit] ===========================================================================================
    [junit] ----------------- *** Skipping testing of /home/travis/build/icyphy/ptII/ptolemy/actor/lib/jjs/modules/socket/test/auto/Message4.xml because it does fails under Travis.  To updated this list, edit ptolemy/util/test/junit/AutoTests.java
    [junit] 
    [junit] ===========================================================================================
    [junit] ----------------- *** Skipping testing of /home/travis/build/icyphy/ptII/ptolemy/actor/lib/jjs/modules/socket/test/auto/Socket1.xml because it does fails under Travis.  To updated this list, edit ptolemy/util/test/junit/AutoTests.java
    [junit] 
    [junit] ===========================================================================================
    [junit] ----------------- *** Skipping testing of /home/travis/build/icyphy/ptII/ptolemy/actor/lib/jjs/modules/socket/test/auto/Socket2.xml because it does fails under Travis.  To updated this list, edit ptolemy/util/test/junit/AutoTests.java
    [junit] 
    [junit] ===========================================================================================
    [junit] ----------------- *** Skipping testing of /home/travis/build/icyphy/ptII/ptolemy/actor/lib/jjs/modules/socket/test/auto/Socket3.xml because it does fails under Travis.  To updated this list, edit ptolemy/util/test/junit/AutoTests.java
    [junit] 
    [junit] ===========================================================================================
    [junit] ----------------- *** Skipping testing of /home/travis/build/icyphy/ptII/ptolemy/actor/lib/jjs/modules/socket/test/auto/SocketByte.xml because it does fails under Travis.  To updated this list, edit ptolemy/util/test/junit/AutoTests.java
    [junit] 
    [junit] ===========================================================================================
    [junit] ----------------- *** Skipping testing of /home/travis/build/icyphy/ptII/ptolemy/actor/lib/jjs/modules/socket/test/auto/SocketDouble.xml because it does fails under Travis.  To updated this list, edit ptolemy/util/test/junit/AutoTests.java
    [junit] 
    [junit] ===========================================================================================
    [junit] ----------------- *** Skipping testing of /home/travis/build/icyphy/ptII/ptolemy/actor/lib/jjs/modules/socket/test/auto/SocketDoubleArray.xml because it does fails under Travis.  To updated this list, edit ptolemy/util/test/junit/AutoTests.java
    [junit] 
    [junit] ===========================================================================================
    [junit] ----------------- *** Skipping testing of /home/travis/build/icyphy/ptII/ptolemy/actor/lib/jjs/modules/socket/test/auto/SocketDoubleArrayBatched.xml because it does fails under Travis.  To updated this list, edit ptolemy/util/test/junit/AutoTests.java
    [junit] 
    [junit] ===========================================================================================
    [junit] ----------------- *** Skipping testing of /home/travis/build/icyphy/ptII/ptolemy/actor/lib/jjs/modules/socket/test/auto/SocketFloat.xml because it does fails under Travis.  To updated this list, edit ptolemy/util/test/junit/AutoTests.java
    [junit] 
    [junit] ===========================================================================================
    [junit] ----------------- *** Skipping testing of /home/travis/build/icyphy/ptII/ptolemy/actor/lib/jjs/modules/socket/test/auto/SocketImage.xml because it does fails under Travis.  To updated this list, edit ptolemy/util/test/junit/AutoTests.java
    [junit] 
    [junit] ===========================================================================================
    [junit] ----------------- *** Skipping testing of /home/travis/build/icyphy/ptII/ptolemy/actor/lib/jjs/modules/socket/test/auto/SocketImagePNG.xml because it does fails under Travis.  To updated this list, edit ptolemy/util/test/junit/AutoTests.java
    [junit] 
    [junit] ===========================================================================================
    [junit] ----------------- *** Skipping testing of /home/travis/build/icyphy/ptII/ptolemy/actor/lib/jjs/modules/socket/test/auto/SocketImageRaw.xml because it does fails under Travis.  To updated this list, edit ptolemy/util/test/junit/AutoTests.java
    [junit] 
    [junit] ===========================================================================================
    [junit] ----------------- *** Skipping testing of /home/travis/build/icyphy/ptII/ptolemy/actor/lib/jjs/modules/socket/test/auto/SocketInt.xml because it does fails under Travis.  To updated this list, edit ptolemy/util/test/junit/AutoTests.java
    [junit] 
    [junit] ===========================================================================================
    [junit] ----------------- *** Skipping testing of /home/travis/build/icyphy/ptII/ptolemy/actor/lib/jjs/modules/socket/test/auto/SocketShort.xml because it does fails under Travis.  To updated this list, edit ptolemy/util/test/junit/AutoTests.java
    [junit] 
    [junit] ===========================================================================================
    [junit] ----------------- *** Skipping testing of /home/travis/build/icyphy/ptII/ptolemy/actor/lib/jjs/modules/socket/test/auto/SocketStringArray.xml because it does fails under Travis.  To updated this list, edit ptolemy/util/test/junit/AutoTests.java
    [junit] 
    [junit] ===========================================================================================
    [junit] ----------------- *** Skipping testing of /home/travis/build/icyphy/ptII/ptolemy/actor/lib/jjs/modules/socket/test/auto/SocketTypicalUsage.xml because it does fails under Travis.  To updated this list, edit ptolemy/util/test/junit/AutoTests.java
    [junit] 
    [junit] ===========================================================================================
    [junit] ----------------- *** Skipping testing of /home/travis/build/icyphy/ptII/ptolemy/actor/lib/jjs/modules/socket/test/auto/SocketUnsignedByte.xml because it does fails under Travis.  To updated this list, edit ptolemy/util/test/junit/AutoTests.java
    [junit] 
    [junit] ===========================================================================================
    [junit] ----------------- *** Skipping testing of /home/travis/build/icyphy/ptII/ptolemy/actor/lib/jjs/modules/socket/test/auto/SocketUnsignedShort.xml because it does fails under Travis.  To updated this list, edit ptolemy/util/test/junit/AutoTests.java
    [junit] 
    [junit] ===========================================================================================
    [junit] ----------------- *** Skipping testing of /home/travis/build/icyphy/ptII/ptolemy/actor/lib/jjs/modules/socket/test/auto/TCPSocketDoubleArrayBatched.xml because it does fails under Travis.  To updated this list, edit ptolemy/util/test/junit/AutoTests.java
    [junit] 
    [junit] ===========================================================================================
    [junit] ----------------- *** Skipping testing of /home/travis/build/icyphy/ptII/ptolemy/actor/lib/jjs/modules/socket/test/auto/TCPSocketSecureServerClient.xml because it does fails under Travis.  To updated this list, edit ptolemy/util/test/junit/AutoTests.java
    [junit] 
    [junit] ===========================================================================================
    [junit] ----------------- *** Skipping testing of /home/travis/build/icyphy/ptII/ptolemy/actor/lib/jjs/modules/socket/test/auto/TCPSocketTwoClients.xml because it does fails under Travis.  To updated this list, edit ptolemy/util/test/junit/AutoTests.java
    [junit] 
    [junit] ===========================================================================================
    [junit] ----------------- *** Skipping testing of /home/travis/build/icyphy/ptII/ptolemy/actor/lib/jjs/modules/socket/test/auto/TCPSocketUnsignedShort.xml because it does fails under Travis.  To updated this list, edit ptolemy/util/test/junit/AutoTests.java
    [junit] 
    [junit] ===========================================================================================
    [junit] ----------------- *** Skipping testing of /home/travis/build/icyphy/ptII/ptolemy/actor/lib/jjs/modules/socket/test/auto/TCPSocketUnsignedShortSimple.xml because it does fails under Travis.  To updated this list, edit ptolemy/util/test/junit/AutoTests.java
    [junit] AutoTests.java: About to close Vertx.
    [junit] AutoTests.java: Vertx closed.
    [junit] 
    [junit] Error: 
    [junit] java.lang.RuntimeException: Execution failed
    [junit] 	at ptolemy.moml.MoMLSimpleApplication$UnloadThread.run(MoMLSimpleApplication.java:402)
    [junit] Caused by: ptolemy.kernel.util.IllegalActionException: Exceptions occurred during wrapup:
    [junit] ptolemy.kernel.util.IllegalActionException: The fire() method of this actor was never called. Usually, this is an error indicating that starvation is occurring.
    [junit]   in .SocketLong.Test
    [junit] ptolemy.kernel.util.IllegalActionException: The fire() method of this actor was never called. Usually, this is an error indicating that starvation is occurring.
    [junit]   in .SocketLong.Test2
    [junit] ptolemy.kernel.util.IllegalActionException: The fire() method of this actor was never called. Usually, this is an error indicating that starvation is occurring.
    [junit]   in .SocketLong.Test3
    [junit] 
    [junit]   in .SocketLong.DE Director
    [junit] Because:
    [junit] The fire() method of this actor was never called. Usually, this is an error indicating that starvation is occurring.
    [junit]   in .SocketLong.Test
    [junit] 	at ptolemy.actor.Director.wrapup(Director.java:1736)
    [junit] 	at ptolemy.domains.de.kernel.DEDirector.wrapup(DEDirector.java:1527)
    [junit] 	at ptolemy.actor.CompositeActor.wrapup(CompositeActor.java:2755)
    [junit] 	at ptolemy.actor.Manager.wrapup(Manager.java:1512)
    [junit] 	at ptolemy.actor.Manager.execute(Manager.java:407)
    [junit] 	at ptolemy.actor.Manager.run(Manager.java:1263)
    [junit] 	at ptolemy.actor.Manager$PtolemyRunThread.run(Manager.java:1915)
    [junit] Caused by: ptolemy.kernel.util.IllegalActionException: The fire() method of this actor was never called. Usually, this is an error indicating that starvation is occurring.
    [junit]   in .SocketLong.Test
    [junit] 	at ptolemy.actor.lib.NonStrictTest.wrapup(NonStrictTest.java:394)
    [junit] 	at ptolemy.actor.Director.wrapup(Director.java:1722)
    [junit] 	... 6 more
    [junit] java.lang.reflect.InvocationTargetException
    [junit] 	at sun.reflect.NativeConstructorAccessorImpl.newInstance0(Native Method)
    [junit] 	at sun.reflect.NativeConstructorAccessorImpl.newInstance(NativeConstructorAccessorImpl.java:62)
    [junit] 	at sun.reflect.DelegatingConstructorAccessorImpl.newInstance(DelegatingConstructorAccessorImpl.java:45)
    [junit] 	at java.lang.reflect.Constructor.newInstance(Constructor.java:423)
    [junit] 	at ptolemy.util.test.junit.AutoKnownFailedTests.RunModel(AutoKnownFailedTests.java:105)
    [junit] 	at sun.reflect.NativeMethodAccessorImpl.invoke0(Native Method)
    [junit] 	at sun.reflect.NativeMethodAccessorImpl.invoke(NativeMethodAccessorImpl.java:62)
    [junit] 	at sun.reflect.DelegatingMethodAccessorImpl.invoke(DelegatingMethodAccessorImpl.java:43)
    [junit] 	at java.lang.reflect.Method.invoke(Method.java:498)
    [junit] 	at org.junit.runners.model.FrameworkMethod$1.runReflectiveCall(FrameworkMethod.java:44)
    [junit] 	at org.junit.internal.runners.model.ReflectiveCallable.run(ReflectiveCallable.java:15)
    [junit] 	at org.junit.runners.model.FrameworkMethod.invokeExplosively(FrameworkMethod.java:41)
    [junit] 	at junitparams.internal.InvokeParameterisedMethod.evaluate(InvokeParameterisedMethod.java:102)
    [junit] 	at org.junit.internal.runners.statements.FailOnTimeout$1.run(FailOnTimeout.java:28)
    [junit] Caused by: ptolemy.kernel.util.IllegalActionException: Exceptions occurred during wrapup:
    [junit] ptolemy.kernel.util.IllegalActionException: The fire() method of this actor was never called. Usually, this is an error indicating that starvation is occurring.
    [junit]   in .SocketLong.Test
    [junit] ptolemy.kernel.util.IllegalActionException: The fire() method of this actor was never called. Usually, this is an error indicating that starvation is occurring.
    [junit]   in .SocketLong.Test2
    [junit] ptolemy.kernel.util.IllegalActionException: The fire() method of this actor was never called. Usually, this is an error indicating that starvation is occurring.
    [junit]   in .SocketLong.Test3
    [junit] 
    [junit]   in .SocketLong.DE Director
    [junit] Because:
    [junit] The fire() method of this actor was never called. Usually, this is an error indicating that starvation is occurring.
    [junit]   in .SocketLong.Test
    [junit] 	at ptolemy.actor.Director.wrapup(Director.java:1736)
    [junit] 	at ptolemy.domains.de.kernel.DEDirector.wrapup(DEDirector.java:1527)
    [junit] 	at ptolemy.actor.CompositeActor.wrapup(CompositeActor.java:2755)
    [junit] 	at ptolemy.actor.Manager.wrapup(Manager.java:1512)
    [junit] 	at ptolemy.actor.Manager.execute(Manager.java:407)
    [junit] 	at ptolemy.actor.Manager.run(Manager.java:1263)
    [junit] 	at ptolemy.actor.Manager$PtolemyRunThread.run(Manager.java:1915)
    [junit] Caused by: ptolemy.kernel.util.IllegalActionException: The fire() method of this actor was never called. Usually, this is an error indicating that starvation is occurring.
    [junit]   in .SocketLong.Test
    [junit] 	at ptolemy.actor.lib.NonStrictTest.wrapup(NonStrictTest.java:394)
    [junit] 	at ptolemy.actor.Director.wrapup(Director.java:1722)
    [junit] 	... 6 more
    [junit] java.lang.RuntimeException: Execution failed
    [junit] 	at ptolemy.moml.MoMLSimpleApplication$UnloadThread.run(MoMLSimpleApplication.java:402)
    [junit] Caused by: ptolemy.kernel.util.IllegalActionException: Exceptions occurred during wrapup:
    [junit] ptolemy.kernel.util.IllegalActionException: The fire() method of this actor was never called. Usually, this is an error indicating that starvation is occurring.
    [junit]   in .SocketUnsignedInt.Test
    [junit] ptolemy.kernel.util.IllegalActionException: The fire() method of this actor was never called. Usually, this is an error indicating that starvation is occurring.
    [junit]   in .SocketUnsignedInt.Test2
    [junit] ptolemy.kernel.util.IllegalActionException: The fire() method of this actor was never called. Usually, this is an error indicating that starvation is occurring.
    [junit]   in .SocketUnsignedInt.Test3
    [junit] 
    [junit]   in .SocketUnsignedInt.DE Director
    [junit] Because:
    [junit] The fire() method of this actor was never called. Usually, this is an error indicating that starvation is occurring.
    [junit]   in .SocketUnsignedInt.Test
    [junit] 	at ptolemy.actor.Director.wrapup(Director.java:1736)
    [junit] 	at ptolemy.domains.de.kernel.DEDirector.wrapup(DEDirector.java:1527)
    [junit] 	at ptolemy.actor.CompositeActor.wrapup(CompositeActor.java:2755)
    [junit] 	at ptolemy.actor.Manager.wrapup(Manager.java:1512)
    [junit] 	at ptolemy.actor.Manager.execute(Manager.java:407)
    [junit] 	at ptolemy.actor.Manager.run(Manager.java:1263)
    [junit] 	at ptolemy.actor.Manager$PtolemyRunThread.run(Manager.java:1915)
    [junit] Caused by: ptolemy.kernel.util.IllegalActionException: The fire() method of this actor was never called. Usually, this is an error indicating that starvation is occurring.
    [junit]   in .SocketUnsignedInt.Test
    [junit] 	at ptolemy.actor.lib.NonStrictTest.wrapup(NonStrictTest.java:394)
    [junit] 	at ptolemy.actor.Director.wrapup(Director.java:1722)
    [junit] 	... 6 more
    [junit] java.lang.reflect.InvocationTargetException
    [junit] 	at sun.reflect.NativeConstructorAccessorImpl.newInstance0(Native Method)
    [junit] 	at sun.reflect.NativeConstructorAccessorImpl.newInstance(NativeConstructorAccessorImpl.java:62)
    [junit] 	at sun.reflect.DelegatingConstructorAccessorImpl.newInstance(DelegatingConstructorAccessorImpl.java:45)
    [junit] 	at java.lang.reflect.Constructor.newInstance(Constructor.java:423)
    [junit] 	at ptolemy.util.test.junit.AutoKnownFailedTests.RunModel(AutoKnownFailedTests.java:105)
    [junit] 	at sun.reflect.NativeMethodAccessorImpl.invoke0(Native Method)
    [junit] 	at sun.reflect.NativeMethodAccessorImpl.invoke(NativeMethodAccessorImpl.java:62)
    [junit] 	at sun.reflect.DelegatingMethodAccessorImpl.invoke(DelegatingMethodAccessorImpl.java:43)
    [junit] 	at java.lang.reflect.Method.invoke(Method.java:498)
    [junit] 	at org.junit.runners.model.FrameworkMethod$1.runReflectiveCall(FrameworkMethod.java:44)
    [junit] 	at org.junit.internal.runners.model.ReflectiveCallable.run(ReflectiveCallable.java:15)
    [junit] 	at org.junit.runners.model.FrameworkMethod.invokeExplosively(FrameworkMethod.java:41)
    [junit] 	at junitparams.internal.InvokeParameterisedMethod.evaluate(InvokeParameterisedMethod.java:102)
    [junit] 	at org.junit.internal.runners.statements.FailOnTimeout$1.run(FailOnTimeout.java:28)
    [junit] Caused by: ptolemy.kernel.util.IllegalActionException: Exceptions occurred during wrapup:
    [junit] ptolemy.kernel.util.IllegalActionException: The fire() method of this actor was never called. Usually, this is an error indicating that starvation is occurring.
    [junit]   in .SocketUnsignedInt.Test
    [junit] ptolemy.kernel.util.IllegalActionException: The fire() method of this actor was never called. Usually, this is an error indicating that starvation is occurring.
    [junit]   in .SocketUnsignedInt.Test2
    [junit] ptolemy.kernel.util.IllegalActionException: The fire() method of this actor was never called. Usually, this is an error indicating that starvation is occurring.
    [junit]   in .SocketUnsignedInt.Test3
    [junit] 
    [junit]   in .SocketUnsignedInt.DE Director
    [junit] Because:
    [junit] The fire() method of this actor was never called. Usually, this is an error indicating that starvation is occurring.
    [junit]   in .SocketUnsignedInt.Test
    [junit] 	at ptolemy.actor.Director.wrapup(Director.java:1736)
    [junit] 	at ptolemy.domains.de.kernel.DEDirector.wrapup(DEDirector.java:1527)
    [junit] 	at ptolemy.actor.CompositeActor.wrapup(CompositeActor.java:2755)
    [junit] 	at ptolemy.actor.Manager.wrapup(Manager.java:1512)
    [junit] 	at ptolemy.actor.Manager.execute(Manager.java:407)
    [junit] 	at ptolemy.actor.Manager.run(Manager.java:1263)
    [junit] 	at ptolemy.actor.Manager$PtolemyRunThread.run(Manager.java:1915)
    [junit] Caused by: ptolemy.kernel.util.IllegalActionException: The fire() method of this actor was never called. Usually, this is an error indicating that starvation is occurring.
    [junit]   in .SocketUnsignedInt.Test
    [junit] 	at ptolemy.actor.lib.NonStrictTest.wrapup(NonStrictTest.java:394)
    [junit] 	at ptolemy.actor.Director.wrapup(Director.java:1722)
    [junit] 	... 6 more
    [junit] 
    [junit] javachdir: directory = ptolemy/actor/lib/jjs/modules/testing/test
    [junit] javachdir: pwd: /home/travis/build/icyphy/ptII/ptolemy/actor/lib/jjs/modules/testing/test  Invoking with -Djava.net.preferIPv4Stack=true
    [junit] Running ptolemy.actor.lib.jjs.modules.testing.test.junit.JUnitTclTest
    [junit] No tcl tests in /home/travis/build/icyphy/ptII/ptolemy/actor/lib/jjs/modules/testing/test
    [junit] No auto/knownFailedTests/*.xml tests in /home/travis/build/icyphy/ptII/ptolemy/actor/lib/jjs/modules/testing/test
    [junit] No auto/linux-amd64/*.xml tests in /home/travis/build/icyphy/ptII/ptolemy/actor/lib/jjs/modules/testing/test
    [junit] AutoTests.java: About to close Vertx.
    [junit] AutoTests.java: Vertx closed.
    [junit] 
    [junit] ===========================================================================================
    [junit] ----------------- testing Wed Feb 20 03:23:12 UTC 2019 /home/travis/build/icyphy/ptII/ptolemy/actor/lib/jjs/modules/testing/test/auto/TestNestedSuites.xml
    [junit] ----------------- Wed Feb 20 03:23:12 UTC 2019 About to sleep for 5.0 seconds before running or rerunning.  Test is: /home/travis/build/icyphy/ptII/ptolemy/actor/lib/jjs/modules/testing/test/auto/TestNestedSuites.xml
    [junit] Done sleeping
    [junit] ----------------- Instantiating /home/travis/build/icyphy/ptII/ptolemy/actor/lib/jjs/modules/testing/test/auto/TestNestedSuites.xml
    [junit] JSAccessor: PT_NO_NET environment variable is set, so git pull and ptdoc are not being run.
    [junit] MochaTest: <?xml version="1.0" encoding="UTF-8"?>
    [junit]  <testsuites>
    [junit]  <testsuite name="Root Suite" tests="0">
    [junit]  <testsuite name="Outer suite" tests="2">
    [junit]  <testcase name="Passing outer" > </testcase>
    [junit]  <testcase name="Failing outer" > <failure message="AssertionError: expected 0 to equal 1"/> </testcase>
    [junit]  <testsuite name="Inner suite 1" tests="2">
    [junit]  <testcase name="Passing inner 1" > </testcase>
    [junit]  <testcase name="Failing inner 1" > <failure message="AssertionError: expected 0 to equal 1"/> </testcase>
    [junit]  <testsuite name="Inner suite 1.1" tests="2">
    [junit]  <testcase name="Passing inner 1.1" > </testcase>
    [junit]  <testcase name="Failing inner 1.1" > <failure message="AssertionError: expected 0 to equal 1"/> </testcase>
    [junit]  </testsuite>
    [junit]  <testsuite name="Inner suite 1.2" tests="2">
    [junit]  <testcase name="Passing inner 1.2" > </testcase>
    [junit]  <testcase name="Failing inner 1.2" > <failure message="AssertionError: expected 0 to equal 1"/> </testcase>
    [junit]  <testsuite name="Inner suite 1.2.1" tests="2">
    [junit]  <testcase name="Passing inner 1.2.1" > </testcase>
    [junit]  <testcase name="Failing inner 1.2.1" > <failure message="AssertionError: expected 0 to equal 1"/> </testcase>
    [junit]  </testsuite>
    [junit]  </testsuite>
    [junit]  </testsuite>
    [junit]  <testsuite name="Inner suite 2" tests="2">
    [junit]  <testcase name="Passing inner 2" > </testcase>
    [junit]  <testcase name="Failing inner 2" > <failure message="AssertionError: expected 0 to equal 1"/> </testcase>
    [junit]  </testsuite>
    [junit]  </testsuite>
    [junit]  </testsuite>
    [junit]  </testsuites>
    [junit]  (Thread[TestNestedSuites,1,main])
    [junit] 4831 ms. Memory: 444928K Free: 397104K (89%)
    [junit] ----------------- Invoking toplevel() on ptolemy.moml.MoMLSimpleApplication@221d4556
    [junit] ----------------- Done invoking toplevel() on ptolemy.moml.MoMLSimpleApplication@221d4556
    [junit] reloadAllAccessors: .TestNestedSuites
    [junit] This is the first time that the reloadAllAccessors method has been invoked in this JVM, so the the accessors repo will be checked out or updated and JSDoc invoked. Note that running the tests may end up invoking a new JVM for each directory, so the repo may be checked out or updated and JSDoc invoked more than once when the tests are run.
    [junit] -------------- Reloaded accessors, but skipping rerun for now. Wed Feb 20 03:23:28 UTC 2019 /home/travis/build/icyphy/ptII/ptolemy/actor/lib/jjs/modules/testing/test/auto/TestNestedSuites.xml
    [junit] 
    [junit] ===========================================================================================
    [junit] ----------------- testing Wed Feb 20 03:23:28 UTC 2019 /home/travis/build/icyphy/ptII/ptolemy/actor/lib/jjs/modules/testing/test/auto/Testing.xml
    [junit] ----------------- Wed Feb 20 03:23:28 UTC 2019 About to sleep for 5.0 seconds before running or rerunning.  Test is: /home/travis/build/icyphy/ptII/ptolemy/actor/lib/jjs/modules/testing/test/auto/Testing.xml
    [junit] Done sleeping
    [junit] ----------------- Instantiating /home/travis/build/icyphy/ptII/ptolemy/actor/lib/jjs/modules/testing/test/auto/Testing.xml
    [junit] MochaTest: Start of Common host: Basic (Thread[Testing,1,main])
    [junit] MochaTest: End of Common host: Basic (Thread[Testing,1,main])
    [junit] MochaTest: Start of Common host: Composite accessors (Thread[Testing,1,main])
    [junit] MochaTest: Start of Common host: Spontaneous accessors (Thread[Testing,1,main])
    [junit] MochaTest: Start of Common host: Spontaneous accessors (Thread[Testing,1,main])
    [junit] MochaTest: Before Spontaneous accessor produces correct outputs after 1 and 2 seconds. (Thread[Testing,1,main])
    [junit] MochaTest: After Spontaneous accessor produces correct outputs after 1 and 2 seconds. (Thread[Testing,1,main])
    [junit] MochaTest: End of Common host: Spontaneous accessors (Thread[Testing,1,main])
    [junit] MochaTest: Start of Common host: Inheritance (Thread[Testing,1,main])
    [junit] MochaTest: End of Common host: Inheritance (Thread[Testing,1,main])
    [junit] MochaTest: Instance of TestAccessor: [Circular]
    [junit] Tests: (Thread[Testing,1,main])
    [junit] MochaTest: TestAccessor.fire() invoked. (Thread[Testing,1,main])
    [junit] MochaTest: TestAdder: fire(): inputLeft: 10 inputRight: 40 (Thread[Testing,1,main])
    [junit] MochaTest: TestAdder: fire(): inputLeft: 5 inputRight: 20 (Thread[Testing,1,main])
    [junit] MochaTest: TestAdder: fire(): inputLeft: 5 inputRight: 20 (Thread[Testing,1,main])
    [junit] MochaTest: TestAccessor.fire() invoked. (Thread[Testing,1,main])
    [junit] MochaTest: <?xml version="1.0" encoding="UTF-8"?>
    [junit]  <testsuites>
    [junit]  <testsuite name="Root Suite" tests="0">
    [junit]  <testsuite name="Common host: Basic" tests="7">
    [junit]  <testcase name="this.getParameter() returns default value." > </testcase>
    [junit]  <testcase name="this.getParameter() returns value set by this.setParameter()." > </testcase>
    [junit]  <testcase name="this.get() returns default value." > </testcase>
    [junit]  <testcase name="this.get() returns null if no input yet provided." > </testcase>
    [junit]  <testcase name="this.get() returns null if no input yet provided but type being boolean." > </testcase>
    [junit]  <testcase name="this.get() returns value provided by provideInput()." > </testcase>
    [junit]  <testcase name="latestOutput contains value provided by inputHandlers and send()." > </testcase>
    [junit]  </testsuite>
    [junit]  <testsuite name="Common host: Composite accessors" tests="2">
    [junit]  <testcase name="Composite accessor produces correct output when manually scheduled." > </testcase>
    [junit]  <testcase name="Composite accessor produces correct output when automatically scheduled." > </testcase>
    [junit]  </testsuite>
    [junit]  <testsuite name="Common host: Spontaneous accessors" tests="2">
    [junit]  <testcase name="Spontaneous accessor produces correct outputs after 1 and 2 seconds." > </testcase>
    [junit]  <testcase name="Composite spontaneous accessor produces correct outputs after 1 and 2 seconds." > </testcase>
    [junit]  </testsuite>
    [junit]  <testsuite name="Common host: Inheritance" tests="4">
    [junit]  <testcase name="Inheritance, function overriding, and variable visiility should work properly." > </testcase>
    [junit]  <testcase name="Implementing an interface should work properly." > </testcase>
    [junit]  <testcase name="Exported fields of base classes can be accessed and initialize() is properly scoped." > </testcase>
    [junit]  <testcase name="Two-level inheritance should work properly." > </testcase>
    [junit]  </testsuite>
    [junit]  </testsuite>
    [junit]  </testsuites>
    [junit]  (Thread[Testing,1,main])
    [junit] 16021 ms. Memory: 659456K Free: 267453K (41%)
    [junit] ----------------- Invoking toplevel() on ptolemy.moml.MoMLSimpleApplication@3c10a6dc
    [junit] ----------------- Done invoking toplevel() on ptolemy.moml.MoMLSimpleApplication@3c10a6dc
    [junit] reloadAllAccessors: .Testing
    [junit] -------------- Reloaded accessors, but skipping rerun for now. Wed Feb 20 03:23:51 UTC 2019 /home/travis/build/icyphy/ptII/ptolemy/actor/lib/jjs/modules/testing/test/auto/Testing.xml
    [junit] AutoTests.java: About to close Vertx.
    [junit] AutoTests.java: Vertx closed.
    [junit] Tests run: 5, Failures: 0, Errors: 0, Skipped: 0, Time elapsed: 39.784 sec
    [junit] Output:
    [junit] No tcl tests in /home/travis/build/icyphy/ptII/ptolemy/actor/lib/jjs/modules/testing/test
    [junit] No auto/knownFailedTests/*.xml tests in /home/travis/build/icyphy/ptII/ptolemy/actor/lib/jjs/modules/testing/test
    [junit] No auto/linux-amd64/*.xml tests in /home/travis/build/icyphy/ptII/ptolemy/actor/lib/jjs/modules/testing/test
    [junit] AutoTests.java: About to close Vertx.
    [junit] AutoTests.java: Vertx closed.
    [junit] 
    [junit] ===========================================================================================
    [junit] ----------------- testing Wed Feb 20 03:23:12 UTC 2019 /home/travis/build/icyphy/ptII/ptolemy/actor/lib/jjs/modules/testing/test/auto/TestNestedSuites.xml
    [junit] ----------------- Wed Feb 20 03:23:12 UTC 2019 About to sleep for 5.0 seconds before running or rerunning.  Test is: /home/travis/build/icyphy/ptII/ptolemy/actor/lib/jjs/modules/testing/test/auto/TestNestedSuites.xml
    [junit] Done sleeping
    [junit] ----------------- Instantiating /home/travis/build/icyphy/ptII/ptolemy/actor/lib/jjs/modules/testing/test/auto/TestNestedSuites.xml
    [junit] JSAccessor: PT_NO_NET environment variable is set, so git pull and ptdoc are not being run.
    [junit] MochaTest: <?xml version="1.0" encoding="UTF-8"?>
    [junit]  <testsuites>
    [junit]  <testsuite name="Root Suite" tests="0">
    [junit]  <testsuite name="Outer suite" tests="2">
    [junit]  <testcase name="Passing outer" > </testcase>
    [junit]  <testcase name="Failing outer" > <failure message="AssertionError: expected 0 to equal 1"/> </testcase>
    [junit]  <testsuite name="Inner suite 1" tests="2">
    [junit]  <testcase name="Passing inner 1" > </testcase>
    [junit]  <testcase name="Failing inner 1" > <failure message="AssertionError: expected 0 to equal 1"/> </testcase>
    [junit]  <testsuite name="Inner suite 1.1" tests="2">
    [junit]  <testcase name="Passing inner 1.1" > </testcase>
    [junit]  <testcase name="Failing inner 1.1" > <failure message="AssertionError: expected 0 to equal 1"/> </testcase>
    [junit]  </testsuite>
    [junit]  <testsuite name="Inner suite 1.2" tests="2">
    [junit]  <testcase name="Passing inner 1.2" > </testcase>
    [junit]  <testcase name="Failing inner 1.2" > <failure message="AssertionError: expected 0 to equal 1"/> </testcase>
    [junit]  <testsuite name="Inner suite 1.2.1" tests="2">
    [junit]  <testcase name="Passing inner 1.2.1" > </testcase>
    [junit]  <testcase name="Failing inner 1.2.1" > <failure message="AssertionError: expected 0 to equal 1"/> </testcase>
    [junit]  </testsuite>
    [junit]  </testsuite>
    [junit]  </testsuite>
    [junit]  <testsuite name="Inner suite 2" tests="2">
    [junit]  <testcase name="Passing inner 2" > </testcase>
    [junit]  <testcase name="Failing inner 2" > <failure message="AssertionError: expected 0 to equal 1"/> </testcase>
    [junit]  </testsuite>
    [junit]  </testsuite>
    [junit]  </testsuite>
    [junit]  </testsuites>
    [junit]  (Thread[TestNestedSuites,1,main])
    [junit] 4831 ms. Memory: 444928K Free: 397104K (89%)
    [junit] ----------------- Invoking toplevel() on ptolemy.moml.MoMLSimpleApplication@221d4556
    [junit] ----------------- Done invoking toplevel() on ptolemy.moml.MoMLSimpleApplication@221d4556
    [junit] reloadAllAccessors: .TestNestedSuites
    [junit] This is the first time that the reloadAllAccessors method has been invoked in this JVM, so the the accessors repo will be checked out or updated and JSDoc invoked. Note that running the tests may end up invoking a new JVM for each directory, so the repo may be checked out or updated and JSDoc invoked more than once when the tests are run.
    [junit] -------------- Reloaded accessors, but skipping rerun for now. Wed Feb 20 03:23:28 UTC 2019 /home/travis/build/icyphy/ptII/ptolemy/actor/lib/jjs/modules/testing/test/auto/TestNestedSuites.xml
    [junit] 
    [junit] ===========================================================================================
    [junit] ----------------- testing Wed Feb 20 03:23:28 UTC 2019 /home/travis/build/icyphy/ptII/ptolemy/actor/lib/jjs/modules/testing/test/auto/Testing.xml
    [junit] ----------------- Wed Feb 20 03:23:28 UTC 2019 About to sleep for 5.0 seconds before running or rerunning.  Test is: /home/travis/build/icyphy/ptII/ptolemy/actor/lib/jjs/modules/testing/test/auto/Testing.xml
    [junit] Done sleeping
    [junit] ----------------- Instantiating /home/travis/build/icyphy/ptII/ptolemy/actor/lib/jjs/modules/testing/test/auto/Testing.xml
    [junit] MochaTest: Start of Common host: Basic (Thread[Testing,1,main])
    [junit] MochaTest: End of Common host: Basic (Thread[Testing,1,main])
    [junit] MochaTest: Start of Common host: Composite accessors (Thread[Testing,1,main])
    [junit] MochaTest: Start of Common host: Spontaneous accessors (Thread[Testing,1,main])
    [junit] MochaTest: Start of Common host: Spontaneous accessors (Thread[Testing,1,main])
    [junit] MochaTest: Before Spontaneous accessor produces correct outputs after 1 and 2 seconds. (Thread[Testing,1,main])
    [junit] MochaTest: After Spontaneous accessor produces correct outputs after 1 and 2 seconds. (Thread[Testing,1,main])
    [junit] MochaTest: End of Common host: Spontaneous accessors (Thread[Testing,1,main])
    [junit] MochaTest: Start of Common host: Inheritance (Thread[Testing,1,main])
    [junit] MochaTest: End of Common host: Inheritance (Thread[Testing,1,main])
    [junit] MochaTest: Instance of TestAccessor: [Circular]
    [junit] Tests: (Thread[Testing,1,main])
    [junit] MochaTest: TestAccessor.fire() invoked. (Thread[Testing,1,main])
    [junit] MochaTest: TestAdder: fire(): inputLeft: 10 inputRight: 40 (Thread[Testing,1,main])
    [junit] MochaTest: TestAdder: fire(): inputLeft: 5 inputRight: 20 (Thread[Testing,1,main])
    [junit] MochaTest: TestAdder: fire(): inputLeft: 5 inputRight: 20 (Thread[Testing,1,main])
    [junit] MochaTest: TestAccessor.fire() invoked. (Thread[Testing,1,main])
    [junit] MochaTest: <?xml version="1.0" encoding="UTF-8"?>
    [junit]  <testsuites>
    [junit]  <testsuite name="Root Suite" tests="0">
    [junit]  <testsuite name="Common host: Basic" tests="7">
    [junit]  <testcase name="this.getParameter() returns default value." > </testcase>
    [junit]  <testcase name="this.getParameter() returns value set by this.setParameter()." > </testcase>
    [junit]  <testcase name="this.get() returns default value." > </testcase>
    [junit]  <testcase name="this.get() returns null if no input yet provided." > </testcase>
    [junit]  <testcase name="this.get() returns null if no input yet provided but type being boolean." > </testcase>
    [junit]  <testcase name="this.get() returns value provided by provideInput()." > </testcase>
    [junit]  <testcase name="latestOutput contains value provided by inputHandlers and send()." > </testcase>
    [junit]  </testsuite>
    [junit]  <testsuite name="Common host: Composite accessors" tests="2">
    [junit]  <testcase name="Composite accessor produces correct output when manually scheduled." > </testcase>
    [junit]  <testcase name="Composite accessor produces correct output when automatically scheduled." > </testcase>
    [junit]  </testsuite>
    [junit]  <testsuite name="Common host: Spontaneous accessors" tests="2">
    [junit]  <testcase name="Spontaneous accessor produces correct outputs after 1 and 2 seconds." > </testcase>
    [junit]  <testcase name="Composite spontaneous accessor produces correct outputs after 1 and 2 seconds." > </testcase>
    [junit]  </testsuite>
    [junit]  <testsuite name="Common host: Inheritance" tests="4">
    [junit]  <testcase name="Inheritance, function overriding, and variable visiility should work properly." > </testcase>
    [junit]  <testcase name="Implementing an interface should work properly." > </testcase>
    [junit]  <testcase name="Exported fields of base classes can be accessed and initialize() is properly scoped." > </testcase>
    [junit]  <testcase name="Two-level inheritance should work properly." > </testcase>
    [junit]  </testsuite>
    [junit]  </testsuite>
    [junit]  </testsuites>
    [junit]  (Thread[Testing,1,main])
    [junit] 16021 ms. Memory: 659456K Free: 267453K (41%)
    [junit] ----------------- Invoking toplevel() on ptolemy.moml.MoMLSimpleApplication@3c10a6dc
    [junit] ----------------- Done invoking toplevel() on ptolemy.moml.MoMLSimpleApplication@3c10a6dc
    [junit] reloadAllAccessors: .Testing
    [junit] -------------- Reloaded accessors, but skipping rerun for now. Wed Feb 20 03:23:51 UTC 2019 /home/travis/build/icyphy/ptII/ptolemy/actor/lib/jjs/modules/testing/test/auto/Testing.xml
    [junit] AutoTests.java: About to close Vertx.
    [junit] AutoTests.java: Vertx closed.
    [junit] 
    [junit] javachdir: directory = ptolemy/actor/lib/jjs/modules/udpSocket/test
    [junit] javachdir: pwd: /home/travis/build/icyphy/ptII/ptolemy/actor/lib/jjs/modules/udpSocket/test  Invoking with -Djava.net.preferIPv4Stack=true
    [junit] Running ptolemy.actor.lib.jjs.modules.udpSocket.test.junit.JUnitTclTest
    [junit] No tcl tests in /home/travis/build/icyphy/ptII/ptolemy/actor/lib/jjs/modules/udpSocket/test
    [junit] No auto/knownFailedTests/*.xml tests in /home/travis/build/icyphy/ptII/ptolemy/actor/lib/jjs/modules/udpSocket/test
    [junit] No auto/linux-amd64/*.xml tests in /home/travis/build/icyphy/ptII/ptolemy/actor/lib/jjs/modules/udpSocket/test
    [junit] AutoTests.java: About to close Vertx.
    [junit] AutoTests.java: Vertx closed.
    [junit] 
    [junit] ===========================================================================================
    [junit] ----------------- *** Skipping testing of /home/travis/build/icyphy/ptII/ptolemy/actor/lib/jjs/modules/udpSocket/test/auto/UDPSocketInt.xml because it does fails under Travis.  To updated this list, edit ptolemy/util/test/junit/AutoTests.java
    [junit] 
    [junit] ===========================================================================================
    [junit] ----------------- *** Skipping testing of /home/travis/build/icyphy/ptII/ptolemy/actor/lib/jjs/modules/udpSocket/test/auto/UDPSocketSelf.xml because it does fails under Travis.  To updated this list, edit ptolemy/util/test/junit/AutoTests.java
    [junit] 
    [junit] ===========================================================================================
    [junit] ----------------- *** Skipping testing of /home/travis/build/icyphy/ptII/ptolemy/actor/lib/jjs/modules/udpSocket/test/auto/UDPSocketString.xml because it does fails under Travis.  To updated this list, edit ptolemy/util/test/junit/AutoTests.java
    [junit] AutoTests.java: About to close Vertx.
    [junit] AutoTests.java: Vertx closed.
    [junit] Tests run: 6, Failures: 0, Errors: 0, Skipped: 0, Time elapsed: 0.575 sec
    [junit] Output:
    [junit] No tcl tests in /home/travis/build/icyphy/ptII/ptolemy/actor/lib/jjs/modules/udpSocket/test
    [junit] No auto/knownFailedTests/*.xml tests in /home/travis/build/icyphy/ptII/ptolemy/actor/lib/jjs/modules/udpSocket/test
    [junit] No auto/linux-amd64/*.xml tests in /home/travis/build/icyphy/ptII/ptolemy/actor/lib/jjs/modules/udpSocket/test
    [junit] AutoTests.java: About to close Vertx.
    [junit] AutoTests.java: Vertx closed.
    [junit] 
    [junit] ===========================================================================================
    [junit] ----------------- *** Skipping testing of /home/travis/build/icyphy/ptII/ptolemy/actor/lib/jjs/modules/udpSocket/test/auto/UDPSocketInt.xml because it does fails under Travis.  To updated this list, edit ptolemy/util/test/junit/AutoTests.java
    [junit] 
    [junit] ===========================================================================================
    [junit] ----------------- *** Skipping testing of /home/travis/build/icyphy/ptII/ptolemy/actor/lib/jjs/modules/udpSocket/test/auto/UDPSocketSelf.xml because it does fails under Travis.  To updated this list, edit ptolemy/util/test/junit/AutoTests.java
    [junit] 
    [junit] ===========================================================================================
    [junit] ----------------- *** Skipping testing of /home/travis/build/icyphy/ptII/ptolemy/actor/lib/jjs/modules/udpSocket/test/auto/UDPSocketString.xml because it does fails under Travis.  To updated this list, edit ptolemy/util/test/junit/AutoTests.java
    [junit] AutoTests.java: About to close Vertx.
    [junit] AutoTests.java: Vertx closed.
    [junit] 
    [junit] javachdir: directory = ptolemy/actor/lib/jjs/modules/xbee/test
    [junit] javachdir: pwd: /home/travis/build/icyphy/ptII/ptolemy/actor/lib/jjs/modules/xbee/test  Invoking with -Djava.net.preferIPv4Stack=true
    [junit] Running ptolemy.actor.lib.jjs.modules.xbee.test.junit.JUnitTclTest
    [junit] No tcl tests in /home/travis/build/icyphy/ptII/ptolemy/actor/lib/jjs/modules/xbee/test
    [junit] No auto/knownFailedTests/*.xml tests in /home/travis/build/icyphy/ptII/ptolemy/actor/lib/jjs/modules/xbee/test
    [junit] No auto/linux-amd64/*.xml tests in /home/travis/build/icyphy/ptII/ptolemy/actor/lib/jjs/modules/xbee/test
    [junit] AutoTests.java: About to close Vertx.
    [junit] AutoTests.java: Vertx closed.
    [junit] No auto/*.xml tests in /home/travis/build/icyphy/ptII/ptolemy/actor/lib/jjs/modules/xbee/test
    [junit] AutoTests.java: About to close Vertx.
    [junit] AutoTests.java: Vertx closed.
    [junit] Tests run: 4, Failures: 0, Errors: 0, Skipped: 0, Time elapsed: 0.447 sec
    [junit] Output:
    [junit] No tcl tests in /home/travis/build/icyphy/ptII/ptolemy/actor/lib/jjs/modules/xbee/test
    [junit] No auto/knownFailedTests/*.xml tests in /home/travis/build/icyphy/ptII/ptolemy/actor/lib/jjs/modules/xbee/test
    [junit] No auto/linux-amd64/*.xml tests in /home/travis/build/icyphy/ptII/ptolemy/actor/lib/jjs/modules/xbee/test
    [junit] AutoTests.java: About to close Vertx.
    [junit] AutoTests.java: Vertx closed.
    [junit] No auto/*.xml tests in /home/travis/build/icyphy/ptII/ptolemy/actor/lib/jjs/modules/xbee/test
    [junit] AutoTests.java: About to close Vertx.
    [junit] AutoTests.java: Vertx closed.
    [junit] 

BUILD SUCCESSFUL
Total time: 5 minutes 32 seconds
