<?xml version="1.0" encoding="UTF-8" ?>
<testsuite errors="0" failures="0" hostname="travis-job-d5deb633-0389-4b48-9390-45b77be9238d" name="ptolemy.domains.modal.test.junit.JUnitTclTest" skipped="0" tests="148" time="10.18" timestamp="2019-04-09T04:01:24">
  <properties>
[...]
</properties>
  <testcase classname="ptolemy.util.test.junit.TclTests" name="[0] /home/travis/build/icyphy/ptII/ptolemy/domains/modal/test/SystemLevelType.tcl (RunTclFile)" time="1.761" />
  <testcase classname="ptolemy.util.test.junit.AutoKnownFailedTests" name="[0] /home/travis/build/icyphy/ptII/ptolemy/domains/modal/test/auto/knownFailedTests/CannotAnalysisWithPreemption.xml (RunModel)" time="0.193" />
  <testcase classname="ptolemy.util.test.junit.AutoNameArchTests" name="[0] ThereAreNoAutoArchTests (RunModel)" time="0.005" />
  <testcase classname="ptolemy.util.test.junit.AutoTests" name="[0] /home/travis/build/icyphy/ptII/ptolemy/domains/modal/test/auto/ABPTest.xml (RunModel)" time="0.697" />
  <testcase classname="ptolemy.util.test.junit.AutoTests" name="[1] /home/travis/build/icyphy/ptII/ptolemy/domains/modal/test/auto/ABROFlat.xml (RunModel)" time="0.094" />
  <testcase classname="ptolemy.util.test.junit.AutoTests" name="[2] /home/travis/build/icyphy/ptII/ptolemy/domains/modal/test/auto/ABROFlat2.xml (RunModel)" time="0.054" />
  <testcase classname="ptolemy.util.test.junit.AutoTests" name="[3] /home/travis/build/icyphy/ptII/ptolemy/domains/modal/test/auto/ABRO_present_hmm.xml (RunModel)" time="0.17" />
  <testcase classname="ptolemy.util.test.junit.AutoTests" name="[4] /home/travis/build/icyphy/ptII/ptolemy/domains/modal/test/auto/AMICoderExample.xml (RunModel)" time="0.061" />
  <testcase classname="ptolemy.util.test.junit.AutoTests" name="[5] /home/travis/build/icyphy/ptII/ptolemy/domains/modal/test/auto/AbsentToPresent.xml (RunModel)" time="0.024" />
  <testcase classname="ptolemy.util.test.junit.AutoTests" name="[6] /home/travis/build/icyphy/ptII/ptolemy/domains/modal/test/auto/Blending.xml (RunModel)" time="0.29" />
  <testcase classname="ptolemy.util.test.junit.AutoTests" name="[7] /home/travis/build/icyphy/ptII/ptolemy/domains/modal/test/auto/Broadcast.xml (RunModel)" time="0.057" />
  <testcase classname="ptolemy.util.test.junit.AutoTests" name="[8] /home/travis/build/icyphy/ptII/ptolemy/domains/modal/test/auto/BroadcastHierarchy.xml (RunModel)" time="0.07" />
  <testcase classname="ptolemy.util.test.junit.AutoTests" name="[9] /home/travis/build/icyphy/ptII/ptolemy/domains/modal/test/auto/BroadcastHierarchy2.xml (RunModel)" time="0.105" />
  <testcase classname="ptolemy.util.test.junit.AutoTests" name="[10] /home/travis/build/icyphy/ptII/ptolemy/domains/modal/test/auto/BroadcastHierarchy3.xml (RunModel)" time="0.103" />
  <testcase classname="ptolemy.util.test.junit.AutoTests" name="[11] /home/travis/build/icyphy/ptII/ptolemy/domains/modal/test/auto/BroadcastHierarchy4.xml (RunModel)" time="0.133" />
  <testcase classname="ptolemy.util.test.junit.AutoTests" name="[12] /home/travis/build/icyphy/ptII/ptolemy/domains/modal/test/auto/CannotAnalysisWithPreemption2.xml (RunModel)" time="0.04" />
  <testcase classname="ptolemy.util.test.junit.AutoTests" name="[13] /home/travis/build/icyphy/ptII/ptolemy/domains/modal/test/auto/CannotAnalysisWithPreemption3.xml (RunModel)" time="0.042" />
  <testcase classname="ptolemy.util.test.junit.AutoTests" name="[14] /home/travis/build/icyphy/ptII/ptolemy/domains/modal/test/auto/CannotProduce.xml (RunModel)" time="0.034" />
  <testcase classname="ptolemy.util.test.junit.AutoTests" name="[15] /home/travis/build/icyphy/ptII/ptolemy/domains/modal/test/auto/CannotProduceModal.xml (RunModel)" time="0.039" />
  <testcase classname="ptolemy.util.test.junit.AutoTests" name="[16] /home/travis/build/icyphy/ptII/ptolemy/domains/modal/test/auto/Case.xml (RunModel)" time="0.066" />
  <testcase classname="ptolemy.util.test.junit.AutoTests" name="[17] /home/travis/build/icyphy/ptII/ptolemy/domains/modal/test/auto/Case1.xml (RunModel)" time="0.035" />
  <testcase classname="ptolemy.util.test.junit.AutoTests" name="[18] /home/travis/build/icyphy/ptII/ptolemy/domains/modal/test/auto/Case2.xml (RunModel)" time="0.054" />
  <testcase classname="ptolemy.util.test.junit.AutoTests" name="[19] /home/travis/build/icyphy/ptII/ptolemy/domains/modal/test/auto/CausalityInterface1.xml (RunModel)" time="0.029" />
  <testcase classname="ptolemy.util.test.junit.AutoTests" name="[20] /home/travis/build/icyphy/ptII/ptolemy/domains/modal/test/auto/CausalityInterface10.xml (RunModel)" time="0.041" />
  <testcase classname="ptolemy.util.test.junit.AutoTests" name="[21] /home/travis/build/icyphy/ptII/ptolemy/domains/modal/test/auto/CausalityInterface11.xml (RunModel)" time="0.07" />
  <testcase classname="ptolemy.util.test.junit.AutoTests" name="[22] /home/travis/build/icyphy/ptII/ptolemy/domains/modal/test/auto/CausalityInterface12.xml (RunModel)" time="0.05" />
  <testcase classname="ptolemy.util.test.junit.AutoTests" name="[23] /home/travis/build/icyphy/ptII/ptolemy/domains/modal/test/auto/CausalityInterface13.xml (RunModel)" time="0.054" />
  <testcase classname="ptolemy.util.test.junit.AutoTests" name="[24] /home/travis/build/icyphy/ptII/ptolemy/domains/modal/test/auto/CausalityInterface14.xml (RunModel)" time="0.058" />
  <testcase classname="ptolemy.util.test.junit.AutoTests" name="[25] /home/travis/build/icyphy/ptII/ptolemy/domains/modal/test/auto/CausalityInterface2.xml (RunModel)" time="0.032" />
  <testcase classname="ptolemy.util.test.junit.AutoTests" name="[26] /home/travis/build/icyphy/ptII/ptolemy/domains/modal/test/auto/CausalityInterface3.xml (RunModel)" time="0.025" />
  <testcase classname="ptolemy.util.test.junit.AutoTests" name="[27] /home/travis/build/icyphy/ptII/ptolemy/domains/modal/test/auto/CausalityInterface4.xml (RunModel)" time="0.023" />
  <testcase classname="ptolemy.util.test.junit.AutoTests" name="[28] /home/travis/build/icyphy/ptII/ptolemy/domains/modal/test/auto/CausalityInterface5.xml (RunModel)" time="0.04" />
  <testcase classname="ptolemy.util.test.junit.AutoTests" name="[29] /home/travis/build/icyphy/ptII/ptolemy/domains/modal/test/auto/CausalityInterface6.xml (RunModel)" time="0.035" />
  <testcase classname="ptolemy.util.test.junit.AutoTests" name="[30] /home/travis/build/icyphy/ptII/ptolemy/domains/modal/test/auto/CausalityInterface7.xml (RunModel)" time="0.066" />
  <testcase classname="ptolemy.util.test.junit.AutoTests" name="[31] /home/travis/build/icyphy/ptII/ptolemy/domains/modal/test/auto/CausalityInterface8.xml (RunModel)" time="0.027" />
  <testcase classname="ptolemy.util.test.junit.AutoTests" name="[32] /home/travis/build/icyphy/ptII/ptolemy/domains/modal/test/auto/CausalityInterface9.xml (RunModel)" time="0.033" />
  <testcase classname="ptolemy.util.test.junit.AutoTests" name="[33] /home/travis/build/icyphy/ptII/ptolemy/domains/modal/test/auto/ChainedTransitions.xml (RunModel)" time="0.159" />
  <testcase classname="ptolemy.util.test.junit.AutoTests" name="[34] /home/travis/build/icyphy/ptII/ptolemy/domains/modal/test/auto/CycleOfImmediateTransitionsFSM.xml (RunModel)" time="0.02" />
  <testcase classname="ptolemy.util.test.junit.AutoTests" name="[35] /home/travis/build/icyphy/ptII/ptolemy/domains/modal/test/auto/CycleOfImmediateTransitionsModal.xml (RunModel)" time="0.017" />
  <testcase classname="ptolemy.util.test.junit.AutoTests" name="[36] /home/travis/build/icyphy/ptII/ptolemy/domains/modal/test/auto/CycleOfImmediateTransitionsModal2.xml (RunModel)" time="0.026" />
  <testcase classname="ptolemy.util.test.junit.AutoTests" name="[37] /home/travis/build/icyphy/ptII/ptolemy/domains/modal/test/auto/CycleOfImmediateTransitionsModal3.xml (RunModel)" time="0.094" />
  <testcase classname="ptolemy.util.test.junit.AutoTests" name="[38] /home/travis/build/icyphy/ptII/ptolemy/domains/modal/test/auto/DeepModal1.xml (RunModel)" time="0.041" />
  <testcase classname="ptolemy.util.test.junit.AutoTests" name="[39] /home/travis/build/icyphy/ptII/ptolemy/domains/modal/test/auto/DeepModal2.xml (RunModel)" time="0.052" />
  <testcase classname="ptolemy.util.test.junit.AutoTests" name="[40] /home/travis/build/icyphy/ptII/ptolemy/domains/modal/test/auto/DeepModal3.xml (RunModel)" time="0.071" />
  <testcase classname="ptolemy.util.test.junit.AutoTests" name="[41] /home/travis/build/icyphy/ptII/ptolemy/domains/modal/test/auto/DeepModal4.xml (RunModel)" time="0.081" />
  <testcase classname="ptolemy.util.test.junit.AutoTests" name="[42] /home/travis/build/icyphy/ptII/ptolemy/domains/modal/test/auto/Default1.xml (RunModel)" time="0.025" />
  <testcase classname="ptolemy.util.test.junit.AutoTests" name="[43] /home/travis/build/icyphy/ptII/ptolemy/domains/modal/test/auto/Default2.xml (RunModel)" time="0.015" />
  <testcase classname="ptolemy.util.test.junit.AutoTests" name="[44] /home/travis/build/icyphy/ptII/ptolemy/domains/modal/test/auto/Default3.xml (RunModel)" time="0.017" />
  <testcase classname="ptolemy.util.test.junit.AutoTests" name="[45] /home/travis/build/icyphy/ptII/ptolemy/domains/modal/test/auto/Default4.xml (RunModel)" time="0.021" />
  <testcase classname="ptolemy.util.test.junit.AutoTests" name="[46] /home/travis/build/icyphy/ptII/ptolemy/domains/modal/test/auto/Default5.xml (RunModel)" time="0.029" />
  <testcase classname="ptolemy.util.test.junit.AutoTests" name="[47] /home/travis/build/icyphy/ptII/ptolemy/domains/modal/test/auto/EmptyGuard.xml (RunModel)" time="0.04" />
  <testcase classname="ptolemy.util.test.junit.AutoTests" name="[48] /home/travis/build/icyphy/ptII/ptolemy/domains/modal/test/auto/ErrorTransition1.xml (RunModel)" time="0.03" />
  <testcase classname="ptolemy.util.test.junit.AutoTests" name="[49] /home/travis/build/icyphy/ptII/ptolemy/domains/modal/test/auto/ErrorTransition10.xml (RunModel)" time="0.039" />
  <testcase classname="ptolemy.util.test.junit.AutoTests" name="[50] /home/travis/build/icyphy/ptII/ptolemy/domains/modal/test/auto/ErrorTransition11.xml (RunModel)" time="0.034" />
  <testcase classname="ptolemy.util.test.junit.AutoTests" name="[51] /home/travis/build/icyphy/ptII/ptolemy/domains/modal/test/auto/ErrorTransition2.xml (RunModel)" time="0.026" />
  <testcase classname="ptolemy.util.test.junit.AutoTests" name="[52] /home/travis/build/icyphy/ptII/ptolemy/domains/modal/test/auto/ErrorTransition3.xml (RunModel)" time="0.03" />
  <testcase classname="ptolemy.util.test.junit.AutoTests" name="[53] /home/travis/build/icyphy/ptII/ptolemy/domains/modal/test/auto/ErrorTransition4.xml (RunModel)" time="0.031" />
  <testcase classname="ptolemy.util.test.junit.AutoTests" name="[54] /home/travis/build/icyphy/ptII/ptolemy/domains/modal/test/auto/ErrorTransition5.xml (RunModel)" time="0.026" />
  <testcase classname="ptolemy.util.test.junit.AutoTests" name="[55] /home/travis/build/icyphy/ptII/ptolemy/domains/modal/test/auto/ErrorTransition6.xml (RunModel)" time="0.032" />
  <testcase classname="ptolemy.util.test.junit.AutoTests" name="[56] /home/travis/build/icyphy/ptII/ptolemy/domains/modal/test/auto/ErrorTransition7.xml (RunModel)" time="0.04" />
  <testcase classname="ptolemy.util.test.junit.AutoTests" name="[57] /home/travis/build/icyphy/ptII/ptolemy/domains/modal/test/auto/ErrorTransition8.xml (RunModel)" time="0.066" />
  <testcase classname="ptolemy.util.test.junit.AutoTests" name="[58] /home/travis/build/icyphy/ptII/ptolemy/domains/modal/test/auto/ErrorTransition9.xml (RunModel)" time="0.04" />
  <testcase classname="ptolemy.util.test.junit.AutoTests" name="[59] /home/travis/build/icyphy/ptII/ptolemy/domains/modal/test/auto/ExtendedFSM.xml (RunModel)" time="0.022" />
  <testcase classname="ptolemy.util.test.junit.AutoTests" name="[60] /home/travis/build/icyphy/ptII/ptolemy/domains/modal/test/auto/FinalStates.xml (RunModel)" time="0.021" />
  <testcase classname="ptolemy.util.test.junit.AutoTests" name="[61] /home/travis/build/icyphy/ptII/ptolemy/domains/modal/test/auto/FixedPointFSM.xml (RunModel)" time="0.041" />
  <testcase classname="ptolemy.util.test.junit.AutoTests" name="[62] /home/travis/build/icyphy/ptII/ptolemy/domains/modal/test/auto/FixedPointIterationFSMActor.xml (RunModel)" time="0.03" />
  <testcase classname="ptolemy.util.test.junit.AutoTests" name="[63] /home/travis/build/icyphy/ptII/ptolemy/domains/modal/test/auto/FixedPointIterationFSMActor2.xml (RunModel)" time="0.055" />
  <testcase classname="ptolemy.util.test.junit.AutoTests" name="[64] /home/travis/build/icyphy/ptII/ptolemy/domains/modal/test/auto/ForbiddenInstantanousLoop.xml (RunModel)" time="0.027" />
  <testcase classname="ptolemy.util.test.junit.AutoTests" name="[65] /home/travis/build/icyphy/ptII/ptolemy/domains/modal/test/auto/FunctionDependencyOfFSMActorTest.xml (RunModel)" time="0.029" />
  <testcase classname="ptolemy.util.test.junit.AutoTests" name="[66] /home/travis/build/icyphy/ptII/ptolemy/domains/modal/test/auto/GuardExpression.xml (RunModel)" time="0.019" />
  <testcase classname="ptolemy.util.test.junit.AutoTests" name="[67] /home/travis/build/icyphy/ptII/ptolemy/domains/modal/test/auto/GuardNotEvaluated.xml (RunModel)" time="0.026" />
  <testcase classname="ptolemy.util.test.junit.AutoTests" name="[68] /home/travis/build/icyphy/ptII/ptolemy/domains/modal/test/auto/GuardNotEvaluated2.xml (RunModel)" time="0.027" />
  <testcase classname="ptolemy.util.test.junit.AutoTests" name="[69] /home/travis/build/icyphy/ptII/ptolemy/domains/modal/test/auto/GuardOnAbsent.xml (RunModel)" time="0.024" />
  <testcase classname="ptolemy.util.test.junit.AutoTests" name="[70] /home/travis/build/icyphy/ptII/ptolemy/domains/modal/test/auto/HierarchicalFSMTypeInference.xml (RunModel)" time="0.026" />
  <testcase classname="ptolemy.util.test.junit.AutoTests" name="[71] /home/travis/build/icyphy/ptII/ptolemy/domains/modal/test/auto/Hysteresis.xml (RunModel)" time="0.04" />
  <testcase classname="ptolemy.util.test.junit.AutoTests" name="[72] /home/travis/build/icyphy/ptII/ptolemy/domains/modal/test/auto/HysteresisWithDefault.xml (RunModel)" time="0.061" />
  <testcase classname="ptolemy.util.test.junit.AutoTests" name="[73] /home/travis/build/icyphy/ptII/ptolemy/domains/modal/test/auto/HysteresisWithDefault2.xml (RunModel)" time="0.063" />
  <testcase classname="ptolemy.util.test.junit.AutoTests" name="[74] /home/travis/build/icyphy/ptII/ptolemy/domains/modal/test/auto/ImmediateNonConstructiveness.xml (RunModel)" time="0.018" />
  <testcase classname="ptolemy.util.test.junit.AutoTests" name="[75] /home/travis/build/icyphy/ptII/ptolemy/domains/modal/test/auto/ImmediateNonConstructiveness2.xml (RunModel)" time="0.015" />
  <testcase classname="ptolemy.util.test.junit.AutoTests" name="[76] /home/travis/build/icyphy/ptII/ptolemy/domains/modal/test/auto/ImmediateTransitionReset.xml (RunModel)" time="0.041" />
  <testcase classname="ptolemy.util.test.junit.AutoTests" name="[77] /home/travis/build/icyphy/ptII/ptolemy/domains/modal/test/auto/ImmediateTransitions1.xml (RunModel)" time="0.014" />
  <testcase classname="ptolemy.util.test.junit.AutoTests" name="[78] /home/travis/build/icyphy/ptII/ptolemy/domains/modal/test/auto/ImmediateTransitionsInstantaneousCommunication.xml (RunModel)" time="0.034" />
  <testcase classname="ptolemy.util.test.junit.AutoTests" name="[79] /home/travis/build/icyphy/ptII/ptolemy/domains/modal/test/auto/InitialImmediateTransition.xml (RunModel)" time="0.017" />
  <testcase classname="ptolemy.util.test.junit.AutoTests" name="[80] /home/travis/build/icyphy/ptII/ptolemy/domains/modal/test/auto/InitialOutputs.xml (RunModel)" time="0.016" />
  <testcase classname="ptolemy.util.test.junit.AutoTests" name="[81] /home/travis/build/icyphy/ptII/ptolemy/domains/modal/test/auto/InitialStateTransition1.xml (RunModel)" time="0.018" />
  <testcase classname="ptolemy.util.test.junit.AutoTests" name="[82] /home/travis/build/icyphy/ptII/ptolemy/domains/modal/test/auto/InitialStateTransition2.xml (RunModel)" time="0.018" />
  <testcase classname="ptolemy.util.test.junit.AutoTests" name="[83] /home/travis/build/icyphy/ptII/ptolemy/domains/modal/test/auto/InitialStateTransition3.xml (RunModel)" time="0.047" />
  <testcase classname="ptolemy.util.test.junit.AutoTests" name="[84] /home/travis/build/icyphy/ptII/ptolemy/domains/modal/test/auto/InitialStateTransition4.xml (RunModel)" time="0.07" />
  <testcase classname="ptolemy.util.test.junit.AutoTests" name="[85] /home/travis/build/icyphy/ptII/ptolemy/domains/modal/test/auto/MalformedGuardExpressionNotCaught.xml (RunModel)" time="0.042" />
  <testcase classname="ptolemy.util.test.junit.AutoTests" name="[86] /home/travis/build/icyphy/ptII/ptolemy/domains/modal/test/auto/ModalBSC.xml (RunModel)" time="0.077" />
  <testcase classname="ptolemy.util.test.junit.AutoTests" name="[87] /home/travis/build/icyphy/ptII/ptolemy/domains/modal/test/auto/ModalClocks.xml (RunModel)" time="0.088" />
  <testcase classname="ptolemy.util.test.junit.AutoTests" name="[88] /home/travis/build/icyphy/ptII/ptolemy/domains/modal/test/auto/ModalDelay.xml (RunModel)" time="0.043" />
  <testcase classname="ptolemy.util.test.junit.AutoTests" name="[89] /home/travis/build/icyphy/ptII/ptolemy/domains/modal/test/auto/ModalDelay2.xml (RunModel)" time="0.047" />
  <testcase classname="ptolemy.util.test.junit.AutoTests" name="[90] /home/travis/build/icyphy/ptII/ptolemy/domains/modal/test/auto/ModalModelFromMemo.xml (RunModel)" time="0.06" />
  <testcase classname="ptolemy.util.test.junit.AutoTests" name="[91] /home/travis/build/icyphy/ptII/ptolemy/domains/modal/test/auto/ModalModelWithMultirateTransient.xml (RunModel)" time="0.049" />
  <testcase classname="ptolemy.util.test.junit.AutoTests" name="[92] /home/travis/build/icyphy/ptII/ptolemy/domains/modal/test/auto/ModalModelWithReset.xml (RunModel)" time="0.05" />
  <testcase classname="ptolemy.util.test.junit.AutoTests" name="[93] /home/travis/build/icyphy/ptII/ptolemy/domains/modal/test/auto/MouseClickFSM.xml (RunModel)" time="0.042" />
  <testcase classname="ptolemy.util.test.junit.AutoTests" name="[94] /home/travis/build/icyphy/ptII/ptolemy/domains/modal/test/auto/MouseClickFSMModal.xml (RunModel)" time="0.039" />
  <testcase classname="ptolemy.util.test.junit.AutoTests" name="[95] /home/travis/build/icyphy/ptII/ptolemy/domains/modal/test/auto/NonStrictFSM_FeedbackLoop.xml (RunModel)" time="0.065" />
  <testcase classname="ptolemy.util.test.junit.AutoTests" name="[96] /home/travis/build/icyphy/ptII/ptolemy/domains/modal/test/auto/NonStrictFSM_FeedbackLoop_Refinement.xml (RunModel)" time="0.066" />
  <testcase classname="ptolemy.util.test.junit.AutoTests" name="[97] /home/travis/build/icyphy/ptII/ptolemy/domains/modal/test/auto/NonStrictFSM_FeedbackLoop_preemptive.xml (RunModel)" time="0.044" />
  <testcase classname="ptolemy.util.test.junit.AutoTests" name="[98] /home/travis/build/icyphy/ptII/ptolemy/domains/modal/test/auto/NormalTermination.xml (RunModel)" time="0.051" />
  <testcase classname="ptolemy.util.test.junit.AutoTests" name="[99] /home/travis/build/icyphy/ptII/ptolemy/domains/modal/test/auto/Pong.xml (RunModel)" time="0.073" />
  <testcase classname="ptolemy.util.test.junit.AutoTests" name="[100] /home/travis/build/icyphy/ptII/ptolemy/domains/modal/test/auto/Pong_test.xml (RunModel)" time="0.115" />
  <testcase classname="ptolemy.util.test.junit.AutoTests" name="[101] /home/travis/build/icyphy/ptII/ptolemy/domains/modal/test/auto/PreemptionHierarchy.xml (RunModel)" time="0.026" />
  <testcase classname="ptolemy.util.test.junit.AutoTests" name="[102] /home/travis/build/icyphy/ptII/ptolemy/domains/modal/test/auto/PreemptionHierarchy2.xml (RunModel)" time="0.028" />
  <testcase classname="ptolemy.util.test.junit.AutoTests" name="[103] /home/travis/build/icyphy/ptII/ptolemy/domains/modal/test/auto/PreemptiveTransition.xml (RunModel)" time="0.039" />
  <testcase classname="ptolemy.util.test.junit.AutoTests" name="[104] /home/travis/build/icyphy/ptII/ptolemy/domains/modal/test/auto/Priorities.xml (RunModel)" time="0.084" />
  <testcase classname="ptolemy.util.test.junit.AutoTests" name="[105] /home/travis/build/icyphy/ptII/ptolemy/domains/modal/test/auto/ResetFinal.xml (RunModel)" time="0.047" />
  <testcase classname="ptolemy.util.test.junit.AutoTests" name="[106] /home/travis/build/icyphy/ptII/ptolemy/domains/modal/test/auto/ResetFinal2.xml (RunModel)" time="0.026" />
  <testcase classname="ptolemy.util.test.junit.AutoTests" name="[107] /home/travis/build/icyphy/ptII/ptolemy/domains/modal/test/auto/ResetTransitionWithStartTime.xml (RunModel)" time="0.031" />
  <testcase classname="ptolemy.util.test.junit.AutoTests" name="[108] /home/travis/build/icyphy/ptII/ptolemy/domains/modal/test/auto/SDF-FSMComposite.xml (RunModel)" time="0.018" />
  <testcase classname="ptolemy.util.test.junit.AutoTests" name="[109] /home/travis/build/icyphy/ptII/ptolemy/domains/modal/test/auto/SeeminglyNondeterminate.xml (RunModel)" time="0.064" />
  <testcase classname="ptolemy.util.test.junit.AutoTests" name="[110] /home/travis/build/icyphy/ptII/ptolemy/domains/modal/test/auto/SeeminglyNondeterminate2.xml (RunModel)" time="0.064" />
  <testcase classname="ptolemy.util.test.junit.AutoTests" name="[111] /home/travis/build/icyphy/ptII/ptolemy/domains/modal/test/auto/SpontaneousFSM.xml (RunModel)" time="0.05" />
  <testcase classname="ptolemy.util.test.junit.AutoTests" name="[112] /home/travis/build/icyphy/ptII/ptolemy/domains/modal/test/auto/SpontaneousFSM2.xml (RunModel)" time="0.029" />
  <testcase classname="ptolemy.util.test.junit.AutoTests" name="[113] /home/travis/build/icyphy/ptII/ptolemy/domains/modal/test/auto/SpontaneousFSM3.xml (RunModel)" time="0.042" />
  <testcase classname="ptolemy.util.test.junit.AutoTests" name="[114] /home/travis/build/icyphy/ptII/ptolemy/domains/modal/test/auto/SpontaneousFSM4.xml (RunModel)" time="0.042" />
  <testcase classname="ptolemy.util.test.junit.AutoTests" name="[115] /home/travis/build/icyphy/ptII/ptolemy/domains/modal/test/auto/StateTrackerTest.xml (RunModel)" time="0.058" />
  <testcase classname="ptolemy.util.test.junit.AutoTests" name="[116] /home/travis/build/icyphy/ptII/ptolemy/domains/modal/test/auto/StrongImmediateTransition.xml (RunModel)" time="0.028" />
  <testcase classname="ptolemy.util.test.junit.AutoTests" name="[117] /home/travis/build/icyphy/ptII/ptolemy/domains/modal/test/auto/SustainHierarchy.xml (RunModel)" time="0.032" />
  <testcase classname="ptolemy.util.test.junit.AutoTests" name="[118] /home/travis/build/icyphy/ptII/ptolemy/domains/modal/test/auto/TerminationTransition1.xml (RunModel)" time="0.024" />
  <testcase classname="ptolemy.util.test.junit.AutoTests" name="[119] /home/travis/build/icyphy/ptII/ptolemy/domains/modal/test/auto/TerminationTransition2.xml (RunModel)" time="0.028" />
  <testcase classname="ptolemy.util.test.junit.AutoTests" name="[120] /home/travis/build/icyphy/ptII/ptolemy/domains/modal/test/auto/TerminationTransition3.xml (RunModel)" time="0.026" />
  <testcase classname="ptolemy.util.test.junit.AutoTests" name="[121] /home/travis/build/icyphy/ptII/ptolemy/domains/modal/test/auto/TerminationTransition4.xml (RunModel)" time="0.038" />
  <testcase classname="ptolemy.util.test.junit.AutoTests" name="[122] /home/travis/build/icyphy/ptII/ptolemy/domains/modal/test/auto/TerminationTransition5.xml (RunModel)" time="0.032" />
  <testcase classname="ptolemy.util.test.junit.AutoTests" name="[123] /home/travis/build/icyphy/ptII/ptolemy/domains/modal/test/auto/TerminationTransition6.xml (RunModel)" time="0.023" />
  <testcase classname="ptolemy.util.test.junit.AutoTests" name="[124] /home/travis/build/icyphy/ptII/ptolemy/domains/modal/test/auto/TerminationTransition7.xml (RunModel)" time="0.024" />
  <testcase classname="ptolemy.util.test.junit.AutoTests" name="[125] /home/travis/build/icyphy/ptII/ptolemy/domains/modal/test/auto/TerminationTransition8.xml (RunModel)" time="0.024" />
  <testcase classname="ptolemy.util.test.junit.AutoTests" name="[126] /home/travis/build/icyphy/ptII/ptolemy/domains/modal/test/auto/Thermostat_NoHysteresis.xml (RunModel)" time="0.062" />
  <testcase classname="ptolemy.util.test.junit.AutoTests" name="[127] /home/travis/build/icyphy/ptII/ptolemy/domains/modal/test/auto/TimedFSM.xml (RunModel)" time="0.035" />
  <testcase classname="ptolemy.util.test.junit.AutoTests" name="[128] /home/travis/build/icyphy/ptII/ptolemy/domains/modal/test/auto/Timeout1.xml (RunModel)" time="0.017" />
  <testcase classname="ptolemy.util.test.junit.AutoTests" name="[129] /home/travis/build/icyphy/ptII/ptolemy/domains/modal/test/auto/Timeout2.xml (RunModel)" time="0.019" />
  <testcase classname="ptolemy.util.test.junit.AutoTests" name="[130] /home/travis/build/icyphy/ptII/ptolemy/domains/modal/test/auto/Timeout3.xml (RunModel)" time="0.011" />
  <testcase classname="ptolemy.util.test.junit.AutoTests" name="[131] /home/travis/build/icyphy/ptII/ptolemy/domains/modal/test/auto/Timeout4.xml (RunModel)" time="0.015" />
  <testcase classname="ptolemy.util.test.junit.AutoTests" name="[132] /home/travis/build/icyphy/ptII/ptolemy/domains/modal/test/auto/TransientstateModelAdvanced.xml (RunModel)" time="0.03" />
  <testcase classname="ptolemy.util.test.junit.AutoTests" name="[133] /home/travis/build/icyphy/ptII/ptolemy/domains/modal/test/auto/TransientstateModelAdvanced2.xml (RunModel)" time="0.043" />
  <testcase classname="ptolemy.util.test.junit.AutoTests" name="[134] /home/travis/build/icyphy/ptII/ptolemy/domains/modal/test/auto/TransitionRefinements.xml (RunModel)" time="0.021" />
  <testcase classname="ptolemy.util.test.junit.AutoTests" name="[135] /home/travis/build/icyphy/ptII/ptolemy/domains/modal/test/auto/TwoRefinements1.xml (RunModel)" time="0.023" />
  <testcase classname="ptolemy.util.test.junit.AutoTests" name="[136] /home/travis/build/icyphy/ptII/ptolemy/domains/modal/test/auto/TwoRefinements2.xml (RunModel)" time="0.023" />
  <testcase classname="ptolemy.util.test.junit.AutoTests" name="[137] /home/travis/build/icyphy/ptII/ptolemy/domains/modal/test/auto/WeakImmediateTransition.xml (RunModel)" time="0.02" />
  <testcase classname="ptolemy.util.test.junit.AutoTests" name="[138] /home/travis/build/icyphy/ptII/ptolemy/domains/modal/test/auto/booleanSelect.xml (RunModel)" time="0.062" />
  <testcase classname="ptolemy.util.test.junit.AutoTests" name="[139] /home/travis/build/icyphy/ptII/ptolemy/domains/modal/test/auto/modalChangingParams.xml (RunModel)" time="0.239" />
  <testcase classname="ptolemy.util.test.junit.AutoTests" name="[140] /home/travis/build/icyphy/ptII/ptolemy/domains/modal/test/auto/modalModel.xml (RunModel)" time="0.021" />
  <testcase classname="ptolemy.util.test.junit.AutoTests" name="[141] /home/travis/build/icyphy/ptII/ptolemy/domains/modal/test/auto/modalModel2.xml (RunModel)" time="0.023" />
  <testcase classname="ptolemy.util.test.junit.AutoTests" name="[142] /home/travis/build/icyphy/ptII/ptolemy/domains/modal/test/auto/modalModel3.xml (RunModel)" time="0.032" />
  <testcase classname="ptolemy.util.test.junit.AutoTests" name="[143] /home/travis/build/icyphy/ptII/ptolemy/domains/modal/test/auto/model1.xml (RunModel)" time="0.019" />
  <testcase classname="ptolemy.util.test.junit.AutoTests" name="[144] /home/travis/build/icyphy/ptII/ptolemy/domains/modal/test/auto/test-direct-in-out.xml (RunModel)" time="0.017" />
  <system-out><![CDATA[/home/travis/build/icyphy/ptII/ptolemy/domains/modal/test/SystemLevelType.tcl
testDefs.tcl: setting time out to 9000 seconds at Tue Apr 09 04:01:24 UTC 2019
04/09/19 04:01:25
Failed: 0  Total Tests: 1  ((Passed: 1, Newly Passed: 0)  Known Failed: 0) /home/travis/build/icyphy/ptII/ptolemy/domains/modal/test
----------------- testing (KnownFailure) /home/travis/build/icyphy/ptII/ptolemy/domains/modal/test/auto/knownFailedTests/CannotAnalysisWithPreemption.xml
92 ms. Memory: 208384K Free: 199925K (96%)
Known Failure: java.lang.reflect.InvocationTargetException
No auto/linux-amd64/*.xml tests in /home/travis/build/icyphy/ptII/ptolemy/domains/modal/test
AutoTests.java: About to close Vertx.
AutoTests.java: Vertx closed.

===========================================================================================
----------------- testing Tue Apr 09 04:01:26 UTC 2019 /home/travis/build/icyphy/ptII/ptolemy/domains/modal/test/auto/ABPTest.xml
----------------- Instantiating /home/travis/build/icyphy/ptII/ptolemy/domains/modal/test/auto/ABPTest.xml
296 ms. Memory: 332288K Free: 312130K (94%)
----------------- Invoking toplevel() on ptolemy.moml.MoMLSimpleApplication@70b3bc0d
----------------- Done invoking toplevel() on ptolemy.moml.MoMLSimpleApplication@70b3bc0d
reloadAllAccessors: .ABPTest

===========================================================================================
----------------- testing Tue Apr 09 04:01:27 UTC 2019 /home/travis/build/icyphy/ptII/ptolemy/domains/modal/test/auto/ABROFlat.xml
----------------- Instantiating /home/travis/build/icyphy/ptII/ptolemy/domains/modal/test/auto/ABROFlat.xml
35 ms. Memory: 332288K Free: 290936K (88%)
----------------- Invoking toplevel() on ptolemy.moml.MoMLSimpleApplication@4c37b964
----------------- Done invoking toplevel() on ptolemy.moml.MoMLSimpleApplication@4c37b964
reloadAllAccessors: .ABROFlat

===========================================================================================
----------------- testing Tue Apr 09 04:01:27 UTC 2019 /home/travis/build/icyphy/ptII/ptolemy/domains/modal/test/auto/ABROFlat2.xml
----------------- Instantiating /home/travis/build/icyphy/ptII/ptolemy/domains/modal/test/auto/ABROFlat2.xml
15 ms. Memory: 332288K Free: 272523K (82%)
----------------- Invoking toplevel() on ptolemy.moml.MoMLSimpleApplication@72ee081e
----------------- Done invoking toplevel() on ptolemy.moml.MoMLSimpleApplication@72ee081e
reloadAllAccessors: .ABROFlat2

===========================================================================================
----------------- testing Tue Apr 09 04:01:27 UTC 2019 /home/travis/build/icyphy/ptII/ptolemy/domains/modal/test/auto/ABRO_present_hmm.xml
----------------- Instantiating /home/travis/build/icyphy/ptII/ptolemy/domains/modal/test/auto/ABRO_present_hmm.xml
41 ms. Memory: 332288K Free: 236981K (71%)
----------------- Invoking toplevel() on ptolemy.moml.MoMLSimpleApplication@61708d70
----------------- Done invoking toplevel() on ptolemy.moml.MoMLSimpleApplication@61708d70
reloadAllAccessors: .ABRO_present_hmm

===========================================================================================
----------------- testing Tue Apr 09 04:01:27 UTC 2019 /home/travis/build/icyphy/ptII/ptolemy/domains/modal/test/auto/AMICoderExample.xml
----------------- Instantiating /home/travis/build/icyphy/ptII/ptolemy/domains/modal/test/auto/AMICoderExample.xml
30 ms. Memory: 332288K Free: 227148K (68%)
----------------- Invoking toplevel() on ptolemy.moml.MoMLSimpleApplication@4bbc5201
----------------- Done invoking toplevel() on ptolemy.moml.MoMLSimpleApplication@4bbc5201
reloadAllAccessors: .AMICoderExample

===========================================================================================
----------------- testing Tue Apr 09 04:01:27 UTC 2019 /home/travis/build/icyphy/ptII/ptolemy/domains/modal/test/auto/AbsentToPresent.xml
----------------- Instantiating /home/travis/build/icyphy/ptII/ptolemy/domains/modal/test/auto/AbsentToPresent.xml
7 ms. Memory: 332288K Free: 218969K (66%)
----------------- Invoking toplevel() on ptolemy.moml.MoMLSimpleApplication@522f95bf
----------------- Done invoking toplevel() on ptolemy.moml.MoMLSimpleApplication@522f95bf
reloadAllAccessors: .AbsentToPresent

===========================================================================================
----------------- testing Tue Apr 09 04:01:27 UTC 2019 /home/travis/build/icyphy/ptII/ptolemy/domains/modal/test/auto/Blending.xml
----------------- Instantiating /home/travis/build/icyphy/ptII/ptolemy/domains/modal/test/auto/Blending.xml
173 ms. Memory: 332288K Free: 169769K (51%)
----------------- Invoking toplevel() on ptolemy.moml.MoMLSimpleApplication@41d433e5
----------------- Done invoking toplevel() on ptolemy.moml.MoMLSimpleApplication@41d433e5
reloadAllAccessors: .Blending

===========================================================================================
----------------- testing Tue Apr 09 04:01:27 UTC 2019 /home/travis/build/icyphy/ptII/ptolemy/domains/modal/test/auto/Broadcast.xml
----------------- Instantiating /home/travis/build/icyphy/ptII/ptolemy/domains/modal/test/auto/Broadcast.xml
15 ms. Memory: 332288K Free: 158730K (48%)
----------------- Invoking toplevel() on ptolemy.moml.MoMLSimpleApplication@1d8e659d
----------------- Done invoking toplevel() on ptolemy.moml.MoMLSimpleApplication@1d8e659d
reloadAllAccessors: .Broadcast

===========================================================================================
----------------- testing Tue Apr 09 04:01:27 UTC 2019 /home/travis/build/icyphy/ptII/ptolemy/domains/modal/test/auto/BroadcastHierarchy.xml
----------------- Instantiating /home/travis/build/icyphy/ptII/ptolemy/domains/modal/test/auto/BroadcastHierarchy.xml
17 ms. Memory: 332288K Free: 141562K (43%)
----------------- Invoking toplevel() on ptolemy.moml.MoMLSimpleApplication@4e46ca30
----------------- Done invoking toplevel() on ptolemy.moml.MoMLSimpleApplication@4e46ca30
reloadAllAccessors: .BroadcastHierarchy

===========================================================================================
----------------- testing Tue Apr 09 04:01:28 UTC 2019 /home/travis/build/icyphy/ptII/ptolemy/domains/modal/test/auto/BroadcastHierarchy2.xml
----------------- Instantiating /home/travis/build/icyphy/ptII/ptolemy/domains/modal/test/auto/BroadcastHierarchy2.xml
14 ms. Memory: 332288K Free: 108430K (33%)
----------------- Invoking toplevel() on ptolemy.moml.MoMLSimpleApplication@53f3069
----------------- Done invoking toplevel() on ptolemy.moml.MoMLSimpleApplication@53f3069
reloadAllAccessors: .BroadcastHierarchy2

===========================================================================================
----------------- testing Tue Apr 09 04:01:28 UTC 2019 /home/travis/build/icyphy/ptII/ptolemy/domains/modal/test/auto/BroadcastHierarchy3.xml
----------------- Instantiating /home/travis/build/icyphy/ptII/ptolemy/domains/modal/test/auto/BroadcastHierarchy3.xml
21 ms. Memory: 332288K Free: 79359K (24%)
----------------- Invoking toplevel() on ptolemy.moml.MoMLSimpleApplication@3e2bebdb
----------------- Done invoking toplevel() on ptolemy.moml.MoMLSimpleApplication@3e2bebdb
reloadAllAccessors: .BroadcastHierarchy3

===========================================================================================
----------------- testing Tue Apr 09 04:01:28 UTC 2019 /home/travis/build/icyphy/ptII/ptolemy/domains/modal/test/auto/BroadcastHierarchy4.xml
----------------- Instantiating /home/travis/build/icyphy/ptII/ptolemy/domains/modal/test/auto/BroadcastHierarchy4.xml
16 ms. Memory: 333824K Free: 297127K (89%)
----------------- Invoking toplevel() on ptolemy.moml.MoMLSimpleApplication@7f9a9890
----------------- Done invoking toplevel() on ptolemy.moml.MoMLSimpleApplication@7f9a9890
reloadAllAccessors: .BroadcastHierarchy4

===========================================================================================
----------------- testing Tue Apr 09 04:01:28 UTC 2019 /home/travis/build/icyphy/ptII/ptolemy/domains/modal/test/auto/CannotAnalysisWithPreemption2.xml
----------------- Instantiating /home/travis/build/icyphy/ptII/ptolemy/domains/modal/test/auto/CannotAnalysisWithPreemption2.xml
5 ms. Memory: 333824K Free: 286354K (86%)
----------------- Invoking toplevel() on ptolemy.moml.MoMLSimpleApplication@26705163
----------------- Done invoking toplevel() on ptolemy.moml.MoMLSimpleApplication@26705163
reloadAllAccessors: .CannotAnalysisWithPreemption2

===========================================================================================
----------------- testing Tue Apr 09 04:01:28 UTC 2019 /home/travis/build/icyphy/ptII/ptolemy/domains/modal/test/auto/CannotAnalysisWithPreemption3.xml
----------------- Instantiating /home/travis/build/icyphy/ptII/ptolemy/domains/modal/test/auto/CannotAnalysisWithPreemption3.xml
6 ms. Memory: 333824K Free: 274094K (82%)
----------------- Invoking toplevel() on ptolemy.moml.MoMLSimpleApplication@7bc75408
----------------- Done invoking toplevel() on ptolemy.moml.MoMLSimpleApplication@7bc75408
reloadAllAccessors: .CannotAnalysisWithPreemption3

===========================================================================================
----------------- testing Tue Apr 09 04:01:28 UTC 2019 /home/travis/build/icyphy/ptII/ptolemy/domains/modal/test/auto/CannotProduce.xml
----------------- Instantiating /home/travis/build/icyphy/ptII/ptolemy/domains/modal/test/auto/CannotProduce.xml
10 ms. Memory: 333824K Free: 266719K (80%)
----------------- Invoking toplevel() on ptolemy.moml.MoMLSimpleApplication@5bd0f0d3
----------------- Done invoking toplevel() on ptolemy.moml.MoMLSimpleApplication@5bd0f0d3
reloadAllAccessors: .CannotProduce

===========================================================================================
----------------- testing Tue Apr 09 04:01:28 UTC 2019 /home/travis/build/icyphy/ptII/ptolemy/domains/modal/test/auto/CannotProduceModal.xml
----------------- Instantiating /home/travis/build/icyphy/ptII/ptolemy/domains/modal/test/auto/CannotProduceModal.xml
15 ms. Memory: 333824K Free: 255946K (77%)
----------------- Invoking toplevel() on ptolemy.moml.MoMLSimpleApplication@67cdb679
----------------- Done invoking toplevel() on ptolemy.moml.MoMLSimpleApplication@67cdb679
reloadAllAccessors: .CannotProduceModal

===========================================================================================
----------------- testing Tue Apr 09 04:01:28 UTC 2019 /home/travis/build/icyphy/ptII/ptolemy/domains/modal/test/auto/Case.xml
----------------- Instantiating /home/travis/build/icyphy/ptII/ptolemy/domains/modal/test/auto/Case.xml
33 ms. Memory: 333824K Free: 243678K (73%)
----------------- Invoking toplevel() on ptolemy.moml.MoMLSimpleApplication@6e2c8d05
----------------- Done invoking toplevel() on ptolemy.moml.MoMLSimpleApplication@6e2c8d05
reloadAllAccessors: .Case

===========================================================================================
----------------- testing Tue Apr 09 04:01:28 UTC 2019 /home/travis/build/icyphy/ptII/ptolemy/domains/modal/test/auto/Case1.xml
----------------- Instantiating /home/travis/build/icyphy/ptII/ptolemy/domains/modal/test/auto/Case1.xml
5 ms. Memory: 333824K Free: 235106K (70%)
----------------- Invoking toplevel() on ptolemy.moml.MoMLSimpleApplication@2984515b
----------------- Done invoking toplevel() on ptolemy.moml.MoMLSimpleApplication@2984515b
reloadAllAccessors: .Case1

===========================================================================================
----------------- testing Tue Apr 09 04:01:28 UTC 2019 /home/travis/build/icyphy/ptII/ptolemy/domains/modal/test/auto/Case2.xml
----------------- Instantiating /home/travis/build/icyphy/ptII/ptolemy/domains/modal/test/auto/Case2.xml
25 ms. Memory: 333824K Free: 220588K (66%)
----------------- Invoking toplevel() on ptolemy.moml.MoMLSimpleApplication@7ab55c62
----------------- Done invoking toplevel() on ptolemy.moml.MoMLSimpleApplication@7ab55c62
reloadAllAccessors: .Case2

===========================================================================================
----------------- testing Tue Apr 09 04:01:28 UTC 2019 /home/travis/build/icyphy/ptII/ptolemy/domains/modal/test/auto/CausalityInterface1.xml
----------------- Instantiating /home/travis/build/icyphy/ptII/ptolemy/domains/modal/test/auto/CausalityInterface1.xml
2 ms. Memory: 333824K Free: 214466K (64%)
----------------- Invoking toplevel() on ptolemy.moml.MoMLSimpleApplication@35f0e915
----------------- Done invoking toplevel() on ptolemy.moml.MoMLSimpleApplication@35f0e915
reloadAllAccessors: .CausalityInterface1

===========================================================================================
----------------- testing Tue Apr 09 04:01:28 UTC 2019 /home/travis/build/icyphy/ptII/ptolemy/domains/modal/test/auto/CausalityInterface10.xml
----------------- Instantiating /home/travis/build/icyphy/ptII/ptolemy/domains/modal/test/auto/CausalityInterface10.xml
6 ms. Memory: 333824K Free: 198447K (59%)
----------------- Invoking toplevel() on ptolemy.moml.MoMLSimpleApplication@73c9800b
----------------- Done invoking toplevel() on ptolemy.moml.MoMLSimpleApplication@73c9800b
reloadAllAccessors: .CausalityInterface10

===========================================================================================
----------------- testing Tue Apr 09 04:01:28 UTC 2019 /home/travis/build/icyphy/ptII/ptolemy/domains/modal/test/auto/CausalityInterface11.xml
----------------- Instantiating /home/travis/build/icyphy/ptII/ptolemy/domains/modal/test/auto/CausalityInterface11.xml
10 ms. Memory: 333824K Free: 181540K (54%)
----------------- Invoking toplevel() on ptolemy.moml.MoMLSimpleApplication@21dee985
----------------- Done invoking toplevel() on ptolemy.moml.MoMLSimpleApplication@21dee985
reloadAllAccessors: .CausalityInterface11

===========================================================================================
----------------- testing Tue Apr 09 04:01:28 UTC 2019 /home/travis/build/icyphy/ptII/ptolemy/domains/modal/test/auto/CausalityInterface12.xml
----------------- Instantiating /home/travis/build/icyphy/ptII/ptolemy/domains/modal/test/auto/CausalityInterface12.xml
10 ms. Memory: 333824K Free: 166815K (50%)
----------------- Invoking toplevel() on ptolemy.moml.MoMLSimpleApplication@1393ed4f
----------------- Done invoking toplevel() on ptolemy.moml.MoMLSimpleApplication@1393ed4f
reloadAllAccessors: .CausalityInterface12

===========================================================================================
----------------- testing Tue Apr 09 04:01:28 UTC 2019 /home/travis/build/icyphy/ptII/ptolemy/domains/modal/test/auto/CausalityInterface13.xml
----------------- Instantiating /home/travis/build/icyphy/ptII/ptolemy/domains/modal/test/auto/CausalityInterface13.xml
13 ms. Memory: 333824K Free: 150851K (45%)
----------------- Invoking toplevel() on ptolemy.moml.MoMLSimpleApplication@48e83a7a
----------------- Done invoking toplevel() on ptolemy.moml.MoMLSimpleApplication@48e83a7a
reloadAllAccessors: .CausalityInterface13

===========================================================================================
----------------- testing Tue Apr 09 04:01:28 UTC 2019 /home/travis/build/icyphy/ptII/ptolemy/domains/modal/test/auto/CausalityInterface14.xml
----------------- Instantiating /home/travis/build/icyphy/ptII/ptolemy/domains/modal/test/auto/CausalityInterface14.xml
16 ms. Memory: 333824K Free: 132719K (40%)
----------------- Invoking toplevel() on ptolemy.moml.MoMLSimpleApplication@7922806b
----------------- Done invoking toplevel() on ptolemy.moml.MoMLSimpleApplication@7922806b
reloadAllAccessors: .CausalityInterface14

===========================================================================================
----------------- testing Tue Apr 09 04:01:29 UTC 2019 /home/travis/build/icyphy/ptII/ptolemy/domains/modal/test/auto/CausalityInterface2.xml
----------------- Instantiating /home/travis/build/icyphy/ptII/ptolemy/domains/modal/test/auto/CausalityInterface2.xml
9 ms. Memory: 333824K Free: 125368K (38%)
----------------- Invoking toplevel() on ptolemy.moml.MoMLSimpleApplication@541689ed
----------------- Done invoking toplevel() on ptolemy.moml.MoMLSimpleApplication@541689ed
reloadAllAccessors: .CausalityInterface2

===========================================================================================
----------------- testing Tue Apr 09 04:01:29 UTC 2019 /home/travis/build/icyphy/ptII/ptolemy/domains/modal/test/auto/CausalityInterface3.xml
----------------- Instantiating /home/travis/build/icyphy/ptII/ptolemy/domains/modal/test/auto/CausalityInterface3.xml
2 ms. Memory: 333824K Free: 118017K (35%)
----------------- Invoking toplevel() on ptolemy.moml.MoMLSimpleApplication@4c9a5fd0
----------------- Done invoking toplevel() on ptolemy.moml.MoMLSimpleApplication@4c9a5fd0
reloadAllAccessors: .CausalityInterface3

===========================================================================================
----------------- testing Tue Apr 09 04:01:29 UTC 2019 /home/travis/build/icyphy/ptII/ptolemy/domains/modal/test/auto/CausalityInterface4.xml
----------------- Instantiating /home/travis/build/icyphy/ptII/ptolemy/domains/modal/test/auto/CausalityInterface4.xml
3 ms. Memory: 333824K Free: 108473K (32%)
----------------- Invoking toplevel() on ptolemy.moml.MoMLSimpleApplication@3028c930
----------------- Done invoking toplevel() on ptolemy.moml.MoMLSimpleApplication@3028c930
reloadAllAccessors: .CausalityInterface4

===========================================================================================
----------------- testing Tue Apr 09 04:01:29 UTC 2019 /home/travis/build/icyphy/ptII/ptolemy/domains/modal/test/auto/CausalityInterface5.xml
----------------- Instantiating /home/travis/build/icyphy/ptII/ptolemy/domains/modal/test/auto/CausalityInterface5.xml
7 ms. Memory: 333824K Free: 98648K (30%)
----------------- Invoking toplevel() on ptolemy.moml.MoMLSimpleApplication@5ccc8456
----------------- Done invoking toplevel() on ptolemy.moml.MoMLSimpleApplication@5ccc8456
reloadAllAccessors: .CausalityInterface5

===========================================================================================
----------------- testing Tue Apr 09 04:01:29 UTC 2019 /home/travis/build/icyphy/ptII/ptolemy/domains/modal/test/auto/CausalityInterface6.xml
----------------- Instantiating /home/travis/build/icyphy/ptII/ptolemy/domains/modal/test/auto/CausalityInterface6.xml
7 ms. Memory: 333824K Free: 88837K (27%)
----------------- Invoking toplevel() on ptolemy.moml.MoMLSimpleApplication@1fad509e
----------------- Done invoking toplevel() on ptolemy.moml.MoMLSimpleApplication@1fad509e
reloadAllAccessors: .CausalityInterface6

===========================================================================================
----------------- testing Tue Apr 09 04:01:29 UTC 2019 /home/travis/build/icyphy/ptII/ptolemy/domains/modal/test/auto/CausalityInterface7.xml
----------------- Instantiating /home/travis/build/icyphy/ptII/ptolemy/domains/modal/test/auto/CausalityInterface7.xml
13 ms. Memory: 578560K Free: 564616K (98%)
----------------- Invoking toplevel() on ptolemy.moml.MoMLSimpleApplication@419edd51
----------------- Done invoking toplevel() on ptolemy.moml.MoMLSimpleApplication@419edd51
reloadAllAccessors: .CausalityInterface7

===========================================================================================
----------------- testing Tue Apr 09 04:01:29 UTC 2019 /home/travis/build/icyphy/ptII/ptolemy/domains/modal/test/auto/CausalityInterface8.xml
----------------- Instantiating /home/travis/build/icyphy/ptII/ptolemy/domains/modal/test/auto/CausalityInterface8.xml
6 ms. Memory: 578560K Free: 549332K (95%)
----------------- Invoking toplevel() on ptolemy.moml.MoMLSimpleApplication@503516b3
----------------- Done invoking toplevel() on ptolemy.moml.MoMLSimpleApplication@503516b3
reloadAllAccessors: .CausalityInterface8

===========================================================================================
----------------- testing Tue Apr 09 04:01:29 UTC 2019 /home/travis/build/icyphy/ptII/ptolemy/domains/modal/test/auto/CausalityInterface9.xml
----------------- Instantiating /home/travis/build/icyphy/ptII/ptolemy/domains/modal/test/auto/CausalityInterface9.xml
8 ms. Memory: 578560K Free: 536857K (93%)
----------------- Invoking toplevel() on ptolemy.moml.MoMLSimpleApplication@3de55d0b
----------------- Done invoking toplevel() on ptolemy.moml.MoMLSimpleApplication@3de55d0b
reloadAllAccessors: .CausalityInterface9

===========================================================================================
----------------- testing Tue Apr 09 04:01:29 UTC 2019 /home/travis/build/icyphy/ptII/ptolemy/domains/modal/test/auto/ChainedTransitions.xml
----------------- Instantiating /home/travis/build/icyphy/ptII/ptolemy/domains/modal/test/auto/ChainedTransitions.xml
103 ms. Memory: 578560K Free: 507462K (88%)
----------------- Invoking toplevel() on ptolemy.moml.MoMLSimpleApplication@101c10e5
----------------- Done invoking toplevel() on ptolemy.moml.MoMLSimpleApplication@101c10e5
reloadAllAccessors: .ChainedTransitions

===========================================================================================
----------------- testing Tue Apr 09 04:01:29 UTC 2019 /home/travis/build/icyphy/ptII/ptolemy/domains/modal/test/auto/CycleOfImmediateTransitionsFSM.xml
----------------- Instantiating /home/travis/build/icyphy/ptII/ptolemy/domains/modal/test/auto/CycleOfImmediateTransitionsFSM.xml
4 ms. Memory: 578560K Free: 497661K (86%)
----------------- Invoking toplevel() on ptolemy.moml.MoMLSimpleApplication@6426f85d
----------------- Done invoking toplevel() on ptolemy.moml.MoMLSimpleApplication@6426f85d
reloadAllAccessors: .CycleOfImmediateTransitionsFSM

===========================================================================================
----------------- testing Tue Apr 09 04:01:29 UTC 2019 /home/travis/build/icyphy/ptII/ptolemy/domains/modal/test/auto/CycleOfImmediateTransitionsModal.xml
----------------- Instantiating /home/travis/build/icyphy/ptII/ptolemy/domains/modal/test/auto/CycleOfImmediateTransitionsModal.xml
2 ms. Memory: 578560K Free: 484819K (84%)
----------------- Invoking toplevel() on ptolemy.moml.MoMLSimpleApplication@59788eb7
----------------- Done invoking toplevel() on ptolemy.moml.MoMLSimpleApplication@59788eb7
reloadAllAccessors: .CycleOfImmediateTransitionsModal

===========================================================================================
----------------- testing Tue Apr 09 04:01:29 UTC 2019 /home/travis/build/icyphy/ptII/ptolemy/domains/modal/test/auto/CycleOfImmediateTransitionsModal2.xml
----------------- Instantiating /home/travis/build/icyphy/ptII/ptolemy/domains/modal/test/auto/CycleOfImmediateTransitionsModal2.xml
5 ms. Memory: 578560K Free: 475018K (82%)
----------------- Invoking toplevel() on ptolemy.moml.MoMLSimpleApplication@10c1629e
----------------- Done invoking toplevel() on ptolemy.moml.MoMLSimpleApplication@10c1629e
reloadAllAccessors: .CycleOfImmediateTransitionsModal2

===========================================================================================
----------------- testing Tue Apr 09 04:01:29 UTC 2019 /home/travis/build/icyphy/ptII/ptolemy/domains/modal/test/auto/CycleOfImmediateTransitionsModal3.xml
----------------- Instantiating /home/travis/build/icyphy/ptII/ptolemy/domains/modal/test/auto/CycleOfImmediateTransitionsModal3.xml
5 ms. Memory: 578560K Free: 448088K (77%)
----------------- Invoking toplevel() on ptolemy.moml.MoMLSimpleApplication@71d399e5
----------------- Done invoking toplevel() on ptolemy.moml.MoMLSimpleApplication@71d399e5
reloadAllAccessors: .CycleOfImmediateTransitionsModal3

===========================================================================================
----------------- testing Tue Apr 09 04:01:29 UTC 2019 /home/travis/build/icyphy/ptII/ptolemy/domains/modal/test/auto/DeepModal1.xml
----------------- Instantiating /home/travis/build/icyphy/ptII/ptolemy/domains/modal/test/auto/DeepModal1.xml
15 ms. Memory: 578560K Free: 433403K (75%)
----------------- Invoking toplevel() on ptolemy.moml.MoMLSimpleApplication@649c2b
----------------- Done invoking toplevel() on ptolemy.moml.MoMLSimpleApplication@649c2b
reloadAllAccessors: .DeepModal1

===========================================================================================
----------------- testing Tue Apr 09 04:01:29 UTC 2019 /home/travis/build/icyphy/ptII/ptolemy/domains/modal/test/auto/DeepModal2.xml
----------------- Instantiating /home/travis/build/icyphy/ptII/ptolemy/domains/modal/test/auto/DeepModal2.xml
15 ms. Memory: 578560K Free: 408317K (71%)
----------------- Invoking toplevel() on ptolemy.moml.MoMLSimpleApplication@55005d75
----------------- Done invoking toplevel() on ptolemy.moml.MoMLSimpleApplication@55005d75
reloadAllAccessors: .DeepModal2

===========================================================================================
----------------- testing Tue Apr 09 04:01:29 UTC 2019 /home/travis/build/icyphy/ptII/ptolemy/domains/modal/test/auto/DeepModal3.xml
----------------- Instantiating /home/travis/build/icyphy/ptII/ptolemy/domains/modal/test/auto/DeepModal3.xml
25 ms. Memory: 578560K Free: 386289K (67%)
----------------- Invoking toplevel() on ptolemy.moml.MoMLSimpleApplication@21566707
----------------- Done invoking toplevel() on ptolemy.moml.MoMLSimpleApplication@21566707
reloadAllAccessors: .DeepModal3

===========================================================================================
----------------- testing Tue Apr 09 04:01:29 UTC 2019 /home/travis/build/icyphy/ptII/ptolemy/domains/modal/test/auto/DeepModal4.xml
----------------- Instantiating /home/travis/build/icyphy/ptII/ptolemy/domains/modal/test/auto/DeepModal4.xml
31 ms. Memory: 578560K Free: 364237K (63%)
----------------- Invoking toplevel() on ptolemy.moml.MoMLSimpleApplication@402804c8
----------------- Done invoking toplevel() on ptolemy.moml.MoMLSimpleApplication@402804c8
reloadAllAccessors: .DeepModal4

===========================================================================================
----------------- testing Tue Apr 09 04:01:29 UTC 2019 /home/travis/build/icyphy/ptII/ptolemy/domains/modal/test/auto/Default1.xml
----------------- Instantiating /home/travis/build/icyphy/ptII/ptolemy/domains/modal/test/auto/Default1.xml
3 ms. Memory: 578560K Free: 354436K (61%)
----------------- Invoking toplevel() on ptolemy.moml.MoMLSimpleApplication@6f4507b5
----------------- Done invoking toplevel() on ptolemy.moml.MoMLSimpleApplication@6f4507b5
reloadAllAccessors: .Default1

===========================================================================================
----------------- testing Tue Apr 09 04:01:29 UTC 2019 /home/travis/build/icyphy/ptII/ptolemy/domains/modal/test/auto/Default2.xml
----------------- Instantiating /home/travis/build/icyphy/ptII/ptolemy/domains/modal/test/auto/Default2.xml
2 ms. Memory: 578560K Free: 344052K (59%)
----------------- Invoking toplevel() on ptolemy.moml.MoMLSimpleApplication@4e29b871
----------------- Done invoking toplevel() on ptolemy.moml.MoMLSimpleApplication@4e29b871
reloadAllAccessors: .Default2

===========================================================================================
----------------- testing Tue Apr 09 04:01:29 UTC 2019 /home/travis/build/icyphy/ptII/ptolemy/domains/modal/test/auto/Default3.xml
----------------- Instantiating /home/travis/build/icyphy/ptII/ptolemy/domains/modal/test/auto/Default3.xml
4 ms. Memory: 578560K Free: 334251K (58%)
----------------- Invoking toplevel() on ptolemy.moml.MoMLSimpleApplication@2e6fa077
----------------- Done invoking toplevel() on ptolemy.moml.MoMLSimpleApplication@2e6fa077
reloadAllAccessors: .Default3

===========================================================================================
----------------- testing Tue Apr 09 04:01:29 UTC 2019 /home/travis/build/icyphy/ptII/ptolemy/domains/modal/test/auto/Default4.xml
----------------- Instantiating /home/travis/build/icyphy/ptII/ptolemy/domains/modal/test/auto/Default4.xml
3 ms. Memory: 578560K Free: 324450K (56%)
----------------- Invoking toplevel() on ptolemy.moml.MoMLSimpleApplication@7a5774dc
----------------- Done invoking toplevel() on ptolemy.moml.MoMLSimpleApplication@7a5774dc
reloadAllAccessors: .Default4

===========================================================================================
----------------- testing Tue Apr 09 04:01:29 UTC 2019 /home/travis/build/icyphy/ptII/ptolemy/domains/modal/test/auto/Default5.xml
----------------- Instantiating /home/travis/build/icyphy/ptII/ptolemy/domains/modal/test/auto/Default5.xml
6 ms. Memory: 578560K Free: 314665K (54%)
----------------- Invoking toplevel() on ptolemy.moml.MoMLSimpleApplication@54799511
----------------- Done invoking toplevel() on ptolemy.moml.MoMLSimpleApplication@54799511
reloadAllAccessors: .Default5

===========================================================================================
----------------- testing Tue Apr 09 04:01:30 UTC 2019 /home/travis/build/icyphy/ptII/ptolemy/domains/modal/test/auto/EmptyGuard.xml
----------------- Instantiating /home/travis/build/icyphy/ptII/ptolemy/domains/modal/test/auto/EmptyGuard.xml
16 ms. Memory: 578560K Free: 301855K (52%)
----------------- Invoking toplevel() on ptolemy.moml.MoMLSimpleApplication@19e19911
----------------- Done invoking toplevel() on ptolemy.moml.MoMLSimpleApplication@19e19911
reloadAllAccessors: .EmptyGuard

===========================================================================================
----------------- testing Tue Apr 09 04:01:30 UTC 2019 /home/travis/build/icyphy/ptII/ptolemy/domains/modal/test/auto/ErrorTransition1.xml
----------------- Instantiating /home/travis/build/icyphy/ptII/ptolemy/domains/modal/test/auto/ErrorTransition1.xml
5 ms. Memory: 578560K Free: 292070K (50%)
----------------- Invoking toplevel() on ptolemy.moml.MoMLSimpleApplication@4360fc89
----------------- Done invoking toplevel() on ptolemy.moml.MoMLSimpleApplication@4360fc89
reloadAllAccessors: .ErrorTransition1

===========================================================================================
----------------- testing Tue Apr 09 04:01:30 UTC 2019 /home/travis/build/icyphy/ptII/ptolemy/domains/modal/test/auto/ErrorTransition10.xml
----------------- Instantiating /home/travis/build/icyphy/ptII/ptolemy/domains/modal/test/auto/ErrorTransition10.xml
12 ms. Memory: 578560K Free: 274958K (48%)
----------------- Invoking toplevel() on ptolemy.moml.MoMLSimpleApplication@2a2d56a1
----------------- Done invoking toplevel() on ptolemy.moml.MoMLSimpleApplication@2a2d56a1
reloadAllAccessors: .ErrorTransition10

===========================================================================================
----------------- testing Tue Apr 09 04:01:30 UTC 2019 /home/travis/build/icyphy/ptII/ptolemy/domains/modal/test/auto/ErrorTransition11.xml
----------------- Instantiating /home/travis/build/icyphy/ptII/ptolemy/domains/modal/test/auto/ErrorTransition11.xml
3 ms. Memory: 578560K Free: 260257K (45%)
----------------- Invoking toplevel() on ptolemy.moml.MoMLSimpleApplication@6425edeb
----------------- Done invoking toplevel() on ptolemy.moml.MoMLSimpleApplication@6425edeb
reloadAllAccessors: .ErrorTransition11

===========================================================================================
----------------- testing Tue Apr 09 04:01:30 UTC 2019 /home/travis/build/icyphy/ptII/ptolemy/domains/modal/test/auto/ErrorTransition2.xml
----------------- Instantiating /home/travis/build/icyphy/ptII/ptolemy/domains/modal/test/auto/ErrorTransition2.xml
8 ms. Memory: 578560K Free: 247431K (43%)
----------------- Invoking toplevel() on ptolemy.moml.MoMLSimpleApplication@6e8baf83
----------------- Done invoking toplevel() on ptolemy.moml.MoMLSimpleApplication@6e8baf83
reloadAllAccessors: .ErrorTransition2

===========================================================================================
----------------- testing Tue Apr 09 04:01:30 UTC 2019 /home/travis/build/icyphy/ptII/ptolemy/domains/modal/test/auto/ErrorTransition3.xml
----------------- Instantiating /home/travis/build/icyphy/ptII/ptolemy/domains/modal/test/auto/ErrorTransition3.xml
9 ms. Memory: 578560K Free: 237646K (41%)
----------------- Invoking toplevel() on ptolemy.moml.MoMLSimpleApplication@683699b
----------------- Done invoking toplevel() on ptolemy.moml.MoMLSimpleApplication@683699b
reloadAllAccessors: .ErrorTransition3

===========================================================================================
----------------- testing Tue Apr 09 04:01:30 UTC 2019 /home/travis/build/icyphy/ptII/ptolemy/domains/modal/test/auto/ErrorTransition4.xml
----------------- Instantiating /home/travis/build/icyphy/ptII/ptolemy/domains/modal/test/auto/ErrorTransition4.xml
11 ms. Memory: 578560K Free: 225403K (39%)
----------------- Invoking toplevel() on ptolemy.moml.MoMLSimpleApplication@30788fc5
----------------- Done invoking toplevel() on ptolemy.moml.MoMLSimpleApplication@30788fc5
reloadAllAccessors: .ErrorTransition4

===========================================================================================
----------------- testing Tue Apr 09 04:01:30 UTC 2019 /home/travis/build/icyphy/ptII/ptolemy/domains/modal/test/auto/ErrorTransition5.xml
----------------- Instantiating /home/travis/build/icyphy/ptII/ptolemy/domains/modal/test/auto/ErrorTransition5.xml
4 ms. Memory: 578560K Free: 213175K (37%)
----------------- Invoking toplevel() on ptolemy.moml.MoMLSimpleApplication@504e3f7a
----------------- Done invoking toplevel() on ptolemy.moml.MoMLSimpleApplication@504e3f7a
reloadAllAccessors: .ErrorTransition5

===========================================================================================
----------------- testing Tue Apr 09 04:01:30 UTC 2019 /home/travis/build/icyphy/ptII/ptolemy/domains/modal/test/auto/ErrorTransition6.xml
----------------- Instantiating /home/travis/build/icyphy/ptII/ptolemy/domains/modal/test/auto/ErrorTransition6.xml
8 ms. Memory: 578560K Free: 197891K (34%)
----------------- Invoking toplevel() on ptolemy.moml.MoMLSimpleApplication@7e5bf871
----------------- Done invoking toplevel() on ptolemy.moml.MoMLSimpleApplication@7e5bf871
reloadAllAccessors: .ErrorTransition6

===========================================================================================
----------------- testing Tue Apr 09 04:01:30 UTC 2019 /home/travis/build/icyphy/ptII/ptolemy/domains/modal/test/auto/ErrorTransition7.xml
----------------- Instantiating /home/travis/build/icyphy/ptII/ptolemy/domains/modal/test/auto/ErrorTransition7.xml
12 ms. Memory: 578560K Free: 180731K (31%)
----------------- Invoking toplevel() on ptolemy.moml.MoMLSimpleApplication@6d8ee2c3
----------------- Done invoking toplevel() on ptolemy.moml.MoMLSimpleApplication@6d8ee2c3
reloadAllAccessors: .ErrorTransition7

===========================================================================================
----------------- testing Tue Apr 09 04:01:30 UTC 2019 /home/travis/build/icyphy/ptII/ptolemy/domains/modal/test/auto/ErrorTransition8.xml
----------------- Instantiating /home/travis/build/icyphy/ptII/ptolemy/domains/modal/test/auto/ErrorTransition8.xml
37 ms. Memory: 578560K Free: 163595K (28%)
----------------- Invoking toplevel() on ptolemy.moml.MoMLSimpleApplication@39ffee16
----------------- Done invoking toplevel() on ptolemy.moml.MoMLSimpleApplication@39ffee16
reloadAllAccessors: .ErrorTransition8

===========================================================================================
----------------- testing Tue Apr 09 04:01:30 UTC 2019 /home/travis/build/icyphy/ptII/ptolemy/domains/modal/test/auto/ErrorTransition9.xml
----------------- Instantiating /home/travis/build/icyphy/ptII/ptolemy/domains/modal/test/auto/ErrorTransition9.xml
13 ms. Memory: 578560K Free: 146451K (25%)
----------------- Invoking toplevel() on ptolemy.moml.MoMLSimpleApplication@27ac0079
----------------- Done invoking toplevel() on ptolemy.moml.MoMLSimpleApplication@27ac0079
reloadAllAccessors: .ErrorTransition9

===========================================================================================
----------------- testing Tue Apr 09 04:01:30 UTC 2019 /home/travis/build/icyphy/ptII/ptolemy/domains/modal/test/auto/ExtendedFSM.xml
----------------- Instantiating /home/travis/build/icyphy/ptII/ptolemy/domains/modal/test/auto/ExtendedFSM.xml
5 ms. Memory: 578560K Free: 133625K (23%)
----------------- Invoking toplevel() on ptolemy.moml.MoMLSimpleApplication@101e7b58
----------------- Done invoking toplevel() on ptolemy.moml.MoMLSimpleApplication@101e7b58
reloadAllAccessors: .ExtendedFSM

===========================================================================================
----------------- testing Tue Apr 09 04:01:30 UTC 2019 /home/travis/build/icyphy/ptII/ptolemy/domains/modal/test/auto/FinalStates.xml
----------------- Instantiating /home/travis/build/icyphy/ptII/ptolemy/domains/modal/test/auto/FinalStates.xml
5 ms. Memory: 578560K Free: 123840K (21%)
----------------- Invoking toplevel() on ptolemy.moml.MoMLSimpleApplication@75b433c3
----------------- Done invoking toplevel() on ptolemy.moml.MoMLSimpleApplication@75b433c3
reloadAllAccessors: .FinalStates

===========================================================================================
----------------- testing Tue Apr 09 04:01:30 UTC 2019 /home/travis/build/icyphy/ptII/ptolemy/domains/modal/test/auto/FixedPointFSM.xml
----------------- Instantiating /home/travis/build/icyphy/ptII/ptolemy/domains/modal/test/auto/FixedPointFSM.xml
17 ms. Memory: 578560K Free: 106688K (18%)
----------------- Invoking toplevel() on ptolemy.moml.MoMLSimpleApplication@35beb8d
----------------- Done invoking toplevel() on ptolemy.moml.MoMLSimpleApplication@35beb8d
reloadAllAccessors: .FixedPointFSM

===========================================================================================
----------------- testing Tue Apr 09 04:01:30 UTC 2019 /home/travis/build/icyphy/ptII/ptolemy/domains/modal/test/auto/FixedPointIterationFSMActor.xml
----------------- Instantiating /home/travis/build/icyphy/ptII/ptolemy/domains/modal/test/auto/FixedPointIterationFSMActor.xml
6 ms. Memory: 578560K Free: 91420K (16%)
----------------- Invoking toplevel() on ptolemy.moml.MoMLSimpleApplication@1f1a358b
----------------- Done invoking toplevel() on ptolemy.moml.MoMLSimpleApplication@1f1a358b
reloadAllAccessors: .FixedPointIterationFSMActor

===========================================================================================
----------------- testing Tue Apr 09 04:01:30 UTC 2019 /home/travis/build/icyphy/ptII/ptolemy/domains/modal/test/auto/FixedPointIterationFSMActor2.xml
----------------- Instantiating /home/travis/build/icyphy/ptII/ptolemy/domains/modal/test/auto/FixedPointIterationFSMActor2.xml
27 ms. Memory: 578560K Free: 565427K (98%)
----------------- Invoking toplevel() on ptolemy.moml.MoMLSimpleApplication@7794a6aa
----------------- Done invoking toplevel() on ptolemy.moml.MoMLSimpleApplication@7794a6aa
reloadAllAccessors: .FixedPointIterationFSMActor2

===========================================================================================
----------------- testing Tue Apr 09 04:01:30 UTC 2019 /home/travis/build/icyphy/ptII/ptolemy/domains/modal/test/auto/ForbiddenInstantanousLoop.xml
----------------- Instantiating /home/travis/build/icyphy/ptII/ptolemy/domains/modal/test/auto/ForbiddenInstantanousLoop.xml
4 ms. Memory: 578560K Free: 547131K (95%)
----------------- Invoking toplevel() on ptolemy.moml.MoMLSimpleApplication@78e4867f
----------------- Done invoking toplevel() on ptolemy.moml.MoMLSimpleApplication@78e4867f
reloadAllAccessors: .ForbiddenInstantanousLoop

===========================================================================================
----------------- testing Tue Apr 09 04:01:30 UTC 2019 /home/travis/build/icyphy/ptII/ptolemy/domains/modal/test/auto/FunctionDependencyOfFSMActorTest.xml
----------------- Instantiating /home/travis/build/icyphy/ptII/ptolemy/domains/modal/test/auto/FunctionDependencyOfFSMActorTest.xml
16 ms. Memory: 578560K Free: 539789K (93%)
----------------- Invoking toplevel() on ptolemy.moml.MoMLSimpleApplication@a17b111
----------------- Done invoking toplevel() on ptolemy.moml.MoMLSimpleApplication@a17b111
reloadAllAccessors: .FunctionDependencyOfFSMActorTest

===========================================================================================
----------------- testing Tue Apr 09 04:01:30 UTC 2019 /home/travis/build/icyphy/ptII/ptolemy/domains/modal/test/auto/GuardExpression.xml
----------------- Instantiating /home/travis/build/icyphy/ptII/ptolemy/domains/modal/test/auto/GuardExpression.xml
6 ms. Memory: 578560K Free: 530294K (92%)
----------------- Invoking toplevel() on ptolemy.moml.MoMLSimpleApplication@5b686026
----------------- Done invoking toplevel() on ptolemy.moml.MoMLSimpleApplication@5b686026
reloadAllAccessors: .GuardExpression

===========================================================================================
----------------- testing Tue Apr 09 04:01:30 UTC 2019 /home/travis/build/icyphy/ptII/ptolemy/domains/modal/test/auto/GuardNotEvaluated.xml
----------------- Instantiating /home/travis/build/icyphy/ptII/ptolemy/domains/modal/test/auto/GuardNotEvaluated.xml
6 ms. Memory: 578560K Free: 520517K (90%)
----------------- Invoking toplevel() on ptolemy.moml.MoMLSimpleApplication@28dbec54
----------------- Done invoking toplevel() on ptolemy.moml.MoMLSimpleApplication@28dbec54
reloadAllAccessors: .GuardNotEvaluated

===========================================================================================
----------------- testing Tue Apr 09 04:01:30 UTC 2019 /home/travis/build/icyphy/ptII/ptolemy/domains/modal/test/auto/GuardNotEvaluated2.xml
----------------- Instantiating /home/travis/build/icyphy/ptII/ptolemy/domains/modal/test/auto/GuardNotEvaluated2.xml
12 ms. Memory: 578560K Free: 510732K (88%)
----------------- Invoking toplevel() on ptolemy.moml.MoMLSimpleApplication@5ef80d93
----------------- Done invoking toplevel() on ptolemy.moml.MoMLSimpleApplication@5ef80d93
reloadAllAccessors: .GuardNotEvaluated2

===========================================================================================
----------------- testing Tue Apr 09 04:01:30 UTC 2019 /home/travis/build/icyphy/ptII/ptolemy/domains/modal/test/auto/GuardOnAbsent.xml
----------------- Instantiating /home/travis/build/icyphy/ptII/ptolemy/domains/modal/test/auto/GuardOnAbsent.xml
9 ms. Memory: 578560K Free: 498795K (86%)
----------------- Invoking toplevel() on ptolemy.moml.MoMLSimpleApplication@13498fe9
----------------- Done invoking toplevel() on ptolemy.moml.MoMLSimpleApplication@13498fe9
reloadAllAccessors: .GuardOnAbsent

===========================================================================================
----------------- testing Tue Apr 09 04:01:30 UTC 2019 /home/travis/build/icyphy/ptII/ptolemy/domains/modal/test/auto/HierarchicalFSMTypeInference.xml
----------------- Instantiating /home/travis/build/icyphy/ptII/ptolemy/domains/modal/test/auto/HierarchicalFSMTypeInference.xml
5 ms. Memory: 578560K Free: 484110K (84%)
----------------- Invoking toplevel() on ptolemy.moml.MoMLSimpleApplication@4ade1efa
----------------- Done invoking toplevel() on ptolemy.moml.MoMLSimpleApplication@4ade1efa
reloadAllAccessors: .HierarchicalFSMTypeInference

===========================================================================================
----------------- testing Tue Apr 09 04:01:30 UTC 2019 /home/travis/build/icyphy/ptII/ptolemy/domains/modal/test/auto/Hysteresis.xml
----------------- Instantiating /home/travis/build/icyphy/ptII/ptolemy/domains/modal/test/auto/Hysteresis.xml
13 ms. Memory: 578560K Free: 466990K (81%)
----------------- Invoking toplevel() on ptolemy.moml.MoMLSimpleApplication@d30f016
----------------- Done invoking toplevel() on ptolemy.moml.MoMLSimpleApplication@d30f016
reloadAllAccessors: .Hysteresis

===========================================================================================
----------------- testing Tue Apr 09 04:01:30 UTC 2019 /home/travis/build/icyphy/ptII/ptolemy/domains/modal/test/auto/HysteresisWithDefault.xml
----------------- Instantiating /home/travis/build/icyphy/ptII/ptolemy/domains/modal/test/auto/HysteresisWithDefault.xml
33 ms. Memory: 578560K Free: 437901K (76%)
----------------- Invoking toplevel() on ptolemy.moml.MoMLSimpleApplication@51f233da
----------------- Done invoking toplevel() on ptolemy.moml.MoMLSimpleApplication@51f233da
reloadAllAccessors: .HysteresisWithDefault

===========================================================================================
----------------- testing Tue Apr 09 04:01:30 UTC 2019 /home/travis/build/icyphy/ptII/ptolemy/domains/modal/test/auto/HysteresisWithDefault2.xml
----------------- Instantiating /home/travis/build/icyphy/ptII/ptolemy/domains/modal/test/auto/HysteresisWithDefault2.xml
37 ms. Memory: 578560K Free: 406024K (70%)
----------------- Invoking toplevel() on ptolemy.moml.MoMLSimpleApplication@72e61512
----------------- Done invoking toplevel() on ptolemy.moml.MoMLSimpleApplication@72e61512
reloadAllAccessors: .HysteresisWithDefault2

===========================================================================================
----------------- testing Tue Apr 09 04:01:31 UTC 2019 /home/travis/build/icyphy/ptII/ptolemy/domains/modal/test/auto/ImmediateNonConstructiveness.xml
----------------- Instantiating /home/travis/build/icyphy/ptII/ptolemy/domains/modal/test/auto/ImmediateNonConstructiveness.xml
3 ms. Memory: 578560K Free: 394071K (68%)
----------------- Invoking toplevel() on ptolemy.moml.MoMLSimpleApplication@7bd67f9c
----------------- Done invoking toplevel() on ptolemy.moml.MoMLSimpleApplication@7bd67f9c
reloadAllAccessors: .ImmediateNonConstructiveness

===========================================================================================
----------------- testing Tue Apr 09 04:01:31 UTC 2019 /home/travis/build/icyphy/ptII/ptolemy/domains/modal/test/auto/ImmediateNonConstructiveness2.xml
----------------- Instantiating /home/travis/build/icyphy/ptII/ptolemy/domains/modal/test/auto/ImmediateNonConstructiveness2.xml
2 ms. Memory: 578560K Free: 384285K (66%)
----------------- Invoking toplevel() on ptolemy.moml.MoMLSimpleApplication@3c38c5b0
----------------- Done invoking toplevel() on ptolemy.moml.MoMLSimpleApplication@3c38c5b0
reloadAllAccessors: .ImmediateNonConstructiveness2

===========================================================================================
----------------- testing Tue Apr 09 04:01:31 UTC 2019 /home/travis/build/icyphy/ptII/ptolemy/domains/modal/test/auto/ImmediateTransitionReset.xml
----------------- Instantiating /home/travis/build/icyphy/ptII/ptolemy/domains/modal/test/auto/ImmediateTransitionReset.xml
10 ms. Memory: 578560K Free: 369631K (64%)
----------------- Invoking toplevel() on ptolemy.moml.MoMLSimpleApplication@127427aa
----------------- Done invoking toplevel() on ptolemy.moml.MoMLSimpleApplication@127427aa
reloadAllAccessors: .ImmediateTransitionReset

===========================================================================================
----------------- testing Tue Apr 09 04:01:31 UTC 2019 /home/travis/build/icyphy/ptII/ptolemy/domains/modal/test/auto/ImmediateTransitions1.xml
----------------- Instantiating /home/travis/build/icyphy/ptII/ptolemy/domains/modal/test/auto/ImmediateTransitions1.xml
1 ms. Memory: 578560K Free: 360152K (62%)
----------------- Invoking toplevel() on ptolemy.moml.MoMLSimpleApplication@79f1bd9d
----------------- Done invoking toplevel() on ptolemy.moml.MoMLSimpleApplication@79f1bd9d
reloadAllAccessors: .ImmediateTransitions1

===========================================================================================
----------------- testing Tue Apr 09 04:01:31 UTC 2019 /home/travis/build/icyphy/ptII/ptolemy/domains/modal/test/auto/ImmediateTransitionsInstantaneousCommunication.xml
----------------- Instantiating /home/travis/build/icyphy/ptII/ptolemy/domains/modal/test/auto/ImmediateTransitionsInstantaneousCommunication.xml
4 ms. Memory: 578560K Free: 345482K (60%)
----------------- Invoking toplevel() on ptolemy.moml.MoMLSimpleApplication@67f0267
----------------- Done invoking toplevel() on ptolemy.moml.MoMLSimpleApplication@67f0267
reloadAllAccessors: .ImmediateTransitionsInstantaneousCommunication

===========================================================================================
----------------- testing Tue Apr 09 04:01:31 UTC 2019 /home/travis/build/icyphy/ptII/ptolemy/domains/modal/test/auto/InitialImmediateTransition.xml
----------------- Instantiating /home/travis/build/icyphy/ptII/ptolemy/domains/modal/test/auto/InitialImmediateTransition.xml
3 ms. Memory: 578560K Free: 335697K (58%)
----------------- Invoking toplevel() on ptolemy.moml.MoMLSimpleApplication@36ec819
----------------- Done invoking toplevel() on ptolemy.moml.MoMLSimpleApplication@36ec819
reloadAllAccessors: .InitialImmediateTransition

===========================================================================================
----------------- testing Tue Apr 09 04:01:31 UTC 2019 /home/travis/build/icyphy/ptII/ptolemy/domains/modal/test/auto/InitialOutputs.xml
----------------- Instantiating /home/travis/build/icyphy/ptII/ptolemy/domains/modal/test/auto/InitialOutputs.xml
3 ms. Memory: 578560K Free: 323761K (56%)
----------------- Invoking toplevel() on ptolemy.moml.MoMLSimpleApplication@35304871
----------------- Done invoking toplevel() on ptolemy.moml.MoMLSimpleApplication@35304871
reloadAllAccessors: .InitialOutputs

===========================================================================================
----------------- testing Tue Apr 09 04:01:31 UTC 2019 /home/travis/build/icyphy/ptII/ptolemy/domains/modal/test/auto/InitialStateTransition1.xml
----------------- Instantiating /home/travis/build/icyphy/ptII/ptolemy/domains/modal/test/auto/InitialStateTransition1.xml
2 ms. Memory: 578560K Free: 313991K (54%)
----------------- Invoking toplevel() on ptolemy.moml.MoMLSimpleApplication@23ba92c
----------------- Done invoking toplevel() on ptolemy.moml.MoMLSimpleApplication@23ba92c
reloadAllAccessors: .InitialStateTransition1

===========================================================================================
----------------- testing Tue Apr 09 04:01:31 UTC 2019 /home/travis/build/icyphy/ptII/ptolemy/domains/modal/test/auto/InitialStateTransition2.xml
----------------- Instantiating /home/travis/build/icyphy/ptII/ptolemy/domains/modal/test/auto/InitialStateTransition2.xml
.InitialStateTransition2.TestExceptionAttributeNonConstructive: initialize() was not invoked, but wrapup() was.  This is unusual, but not always a problem.  For example, exporting JNLP will do this.
1 ms. Memory: 578560K Free: 302055K (52%)
----------------- Invoking toplevel() on ptolemy.moml.MoMLSimpleApplication@2f1cb01c
----------------- Done invoking toplevel() on ptolemy.moml.MoMLSimpleApplication@2f1cb01c
reloadAllAccessors: .InitialStateTransition2

===========================================================================================
----------------- testing Tue Apr 09 04:01:31 UTC 2019 /home/travis/build/icyphy/ptII/ptolemy/domains/modal/test/auto/InitialStateTransition3.xml
----------------- Instantiating /home/travis/build/icyphy/ptII/ptolemy/domains/modal/test/auto/InitialStateTransition3.xml
6 ms. Memory: 578560K Free: 289811K (50%)
----------------- Invoking toplevel() on ptolemy.moml.MoMLSimpleApplication@11ec7f2f
----------------- Done invoking toplevel() on ptolemy.moml.MoMLSimpleApplication@11ec7f2f
reloadAllAccessors: .InitialStateTransition3

===========================================================================================
----------------- testing Tue Apr 09 04:01:31 UTC 2019 /home/travis/build/icyphy/ptII/ptolemy/domains/modal/test/auto/InitialStateTransition4.xml
----------------- Instantiating /home/travis/build/icyphy/ptII/ptolemy/domains/modal/test/auto/InitialStateTransition4.xml
11 ms. Memory: 578560K Free: 277568K (48%)
----------------- Invoking toplevel() on ptolemy.moml.MoMLSimpleApplication@7bbe84ab
----------------- Done invoking toplevel() on ptolemy.moml.MoMLSimpleApplication@7bbe84ab
[...]
----------------- Done invoking toplevel() on ptolemy.moml.MoMLSimpleApplication@70f47c23
reloadAllAccessors: .TerminationTransition3

===========================================================================================
----------------- testing Tue Apr 09 04:01:33 UTC 2019 /home/travis/build/icyphy/ptII/ptolemy/domains/modal/test/auto/TerminationTransition4.xml
----------------- Instantiating /home/travis/build/icyphy/ptII/ptolemy/domains/modal/test/auto/TerminationTransition4.xml
6 ms. Memory: 871424K Free: 266488K (31%)
----------------- Invoking toplevel() on ptolemy.moml.MoMLSimpleApplication@a835b24
----------------- Done invoking toplevel() on ptolemy.moml.MoMLSimpleApplication@a835b24
reloadAllAccessors: .TerminationTransition4

===========================================================================================
----------------- testing Tue Apr 09 04:01:33 UTC 2019 /home/travis/build/icyphy/ptII/ptolemy/domains/modal/test/auto/TerminationTransition5.xml
----------------- Instantiating /home/travis/build/icyphy/ptII/ptolemy/domains/modal/test/auto/TerminationTransition5.xml
3 ms. Memory: 871424K Free: 244428K (28%)
----------------- Invoking toplevel() on ptolemy.moml.MoMLSimpleApplication@58777148
----------------- Done invoking toplevel() on ptolemy.moml.MoMLSimpleApplication@58777148
reloadAllAccessors: .TerminationTransition5

===========================================================================================
----------------- testing Tue Apr 09 04:01:33 UTC 2019 /home/travis/build/icyphy/ptII/ptolemy/domains/modal/test/auto/TerminationTransition6.xml
----------------- Instantiating /home/travis/build/icyphy/ptII/ptolemy/domains/modal/test/auto/TerminationTransition6.xml
2 ms. Memory: 871424K Free: 228785K (26%)
----------------- Invoking toplevel() on ptolemy.moml.MoMLSimpleApplication@18f35072
----------------- Done invoking toplevel() on ptolemy.moml.MoMLSimpleApplication@18f35072
reloadAllAccessors: .TerminationTransition6

===========================================================================================
----------------- testing Tue Apr 09 04:01:33 UTC 2019 /home/travis/build/icyphy/ptII/ptolemy/domains/modal/test/auto/TerminationTransition7.xml
----------------- Instantiating /home/travis/build/icyphy/ptII/ptolemy/domains/modal/test/auto/TerminationTransition7.xml
3 ms. Memory: 871424K Free: 213127K (24%)
----------------- Invoking toplevel() on ptolemy.moml.MoMLSimpleApplication@1fb04dc
----------------- Done invoking toplevel() on ptolemy.moml.MoMLSimpleApplication@1fb04dc
reloadAllAccessors: .TerminationTransition7

===========================================================================================
----------------- testing Tue Apr 09 04:01:33 UTC 2019 /home/travis/build/icyphy/ptII/ptolemy/domains/modal/test/auto/TerminationTransition8.xml
----------------- Instantiating /home/travis/build/icyphy/ptII/ptolemy/domains/modal/test/auto/TerminationTransition8.xml
2 ms. Memory: 871424K Free: 194957K (22%)
----------------- Invoking toplevel() on ptolemy.moml.MoMLSimpleApplication@6cead55c
----------------- Done invoking toplevel() on ptolemy.moml.MoMLSimpleApplication@6cead55c
reloadAllAccessors: .TerminationTransition8

===========================================================================================
----------------- testing Tue Apr 09 04:01:33 UTC 2019 /home/travis/build/icyphy/ptII/ptolemy/domains/modal/test/auto/Thermostat_NoHysteresis.xml
----------------- Instantiating /home/travis/build/icyphy/ptII/ptolemy/domains/modal/test/auto/Thermostat_NoHysteresis.xml
24 ms. Memory: 871424K Free: 163657K (19%)
----------------- Invoking toplevel() on ptolemy.moml.MoMLSimpleApplication@49663605
----------------- Done invoking toplevel() on ptolemy.moml.MoMLSimpleApplication@49663605
reloadAllAccessors: .Thermostat_NoHysteresis

===========================================================================================
----------------- testing Tue Apr 09 04:01:33 UTC 2019 /home/travis/build/icyphy/ptII/ptolemy/domains/modal/test/auto/TimedFSM.xml
----------------- Instantiating /home/travis/build/icyphy/ptII/ptolemy/domains/modal/test/auto/TimedFSM.xml
8 ms. Memory: 871424K Free: 148014K (17%)
----------------- Invoking toplevel() on ptolemy.moml.MoMLSimpleApplication@621e5917
----------------- Done invoking toplevel() on ptolemy.moml.MoMLSimpleApplication@621e5917
reloadAllAccessors: .TimedFSM

===========================================================================================
----------------- testing Tue Apr 09 04:01:33 UTC 2019 /home/travis/build/icyphy/ptII/ptolemy/domains/modal/test/auto/Timeout1.xml
----------------- Instantiating /home/travis/build/icyphy/ptII/ptolemy/domains/modal/test/auto/Timeout1.xml
3 ms. Memory: 871424K Free: 137690K (16%)
----------------- Invoking toplevel() on ptolemy.moml.MoMLSimpleApplication@2e458944
----------------- Done invoking toplevel() on ptolemy.moml.MoMLSimpleApplication@2e458944
reloadAllAccessors: .Timeout1

===========================================================================================
----------------- testing Tue Apr 09 04:01:33 UTC 2019 /home/travis/build/icyphy/ptII/ptolemy/domains/modal/test/auto/Timeout2.xml
----------------- Instantiating /home/travis/build/icyphy/ptII/ptolemy/domains/modal/test/auto/Timeout2.xml
6 ms. Memory: 871424K Free: 125962K (14%)
----------------- Invoking toplevel() on ptolemy.moml.MoMLSimpleApplication@6df3db22
----------------- Done invoking toplevel() on ptolemy.moml.MoMLSimpleApplication@6df3db22
reloadAllAccessors: .Timeout2

===========================================================================================
----------------- testing Tue Apr 09 04:01:33 UTC 2019 /home/travis/build/icyphy/ptII/ptolemy/domains/modal/test/auto/Timeout3.xml
----------------- Instantiating /home/travis/build/icyphy/ptII/ptolemy/domains/modal/test/auto/Timeout3.xml
2 ms. Memory: 871424K Free: 118149K (14%)
----------------- Invoking toplevel() on ptolemy.moml.MoMLSimpleApplication@13b84df8
----------------- Done invoking toplevel() on ptolemy.moml.MoMLSimpleApplication@13b84df8
reloadAllAccessors: .Timeout3

===========================================================================================
----------------- testing Tue Apr 09 04:01:33 UTC 2019 /home/travis/build/icyphy/ptII/ptolemy/domains/modal/test/auto/Timeout4.xml
----------------- Instantiating /home/travis/build/icyphy/ptII/ptolemy/domains/modal/test/auto/Timeout4.xml
1 ms. Memory: 871424K Free: 107824K (12%)
----------------- Invoking toplevel() on ptolemy.moml.MoMLSimpleApplication@7933c0c5
----------------- Done invoking toplevel() on ptolemy.moml.MoMLSimpleApplication@7933c0c5
reloadAllAccessors: .Timeout4

===========================================================================================
----------------- testing Tue Apr 09 04:01:33 UTC 2019 /home/travis/build/icyphy/ptII/ptolemy/domains/modal/test/auto/TransientstateModelAdvanced.xml
----------------- Instantiating /home/travis/build/icyphy/ptII/ptolemy/domains/modal/test/auto/TransientstateModelAdvanced.xml
4 ms. Memory: 871424K Free: 92198K (11%)
----------------- Invoking toplevel() on ptolemy.moml.MoMLSimpleApplication@49f9a9df
----------------- Done invoking toplevel() on ptolemy.moml.MoMLSimpleApplication@49f9a9df
reloadAllAccessors: .TransientstateModelAdvanced

===========================================================================================
----------------- testing Tue Apr 09 04:01:33 UTC 2019 /home/travis/build/icyphy/ptII/ptolemy/domains/modal/test/auto/TransientstateModelAdvanced2.xml
----------------- Instantiating /home/travis/build/icyphy/ptII/ptolemy/domains/modal/test/auto/TransientstateModelAdvanced2.xml
3 ms. Memory: 871936K Free: 853062K (98%)
----------------- Invoking toplevel() on ptolemy.moml.MoMLSimpleApplication@53554ec
----------------- Done invoking toplevel() on ptolemy.moml.MoMLSimpleApplication@53554ec
reloadAllAccessors: .transientstatemodelAdvanced

===========================================================================================
----------------- testing Tue Apr 09 04:01:33 UTC 2019 /home/travis/build/icyphy/ptII/ptolemy/domains/modal/test/auto/TransitionRefinements.xml
----------------- Instantiating /home/travis/build/icyphy/ptII/ptolemy/domains/modal/test/auto/TransitionRefinements.xml
5 ms. Memory: 871936K Free: 835455K (96%)
----------------- Invoking toplevel() on ptolemy.moml.MoMLSimpleApplication@119583d3
----------------- Done invoking toplevel() on ptolemy.moml.MoMLSimpleApplication@119583d3
reloadAllAccessors: .TransitionRefinements

===========================================================================================
----------------- testing Tue Apr 09 04:01:33 UTC 2019 /home/travis/build/icyphy/ptII/ptolemy/domains/modal/test/auto/TwoRefinements1.xml
----------------- Instantiating /home/travis/build/icyphy/ptII/ptolemy/domains/modal/test/auto/TwoRefinements1.xml
2 ms. Memory: 871936K Free: 819813K (94%)
----------------- Invoking toplevel() on ptolemy.moml.MoMLSimpleApplication@3285000d
----------------- Done invoking toplevel() on ptolemy.moml.MoMLSimpleApplication@3285000d
reloadAllAccessors: .TwoRefinements1

===========================================================================================
----------------- testing Tue Apr 09 04:01:33 UTC 2019 /home/travis/build/icyphy/ptII/ptolemy/domains/modal/test/auto/TwoRefinements2.xml
----------------- Instantiating /home/travis/build/icyphy/ptII/ptolemy/domains/modal/test/auto/TwoRefinements2.xml
3 ms. Memory: 871936K Free: 802312K (92%)
----------------- Invoking toplevel() on ptolemy.moml.MoMLSimpleApplication@6fbaab3f
----------------- Done invoking toplevel() on ptolemy.moml.MoMLSimpleApplication@6fbaab3f
reloadAllAccessors: .TwoRefinements2

===========================================================================================
----------------- testing Tue Apr 09 04:01:33 UTC 2019 /home/travis/build/icyphy/ptII/ptolemy/domains/modal/test/auto/WeakImmediateTransition.xml
----------------- Instantiating /home/travis/build/icyphy/ptII/ptolemy/domains/modal/test/auto/WeakImmediateTransition.xml
3 ms. Memory: 871936K Free: 786670K (90%)
----------------- Invoking toplevel() on ptolemy.moml.MoMLSimpleApplication@3544dc6e
----------------- Done invoking toplevel() on ptolemy.moml.MoMLSimpleApplication@3544dc6e
reloadAllAccessors: .WeakImmediateTransition

===========================================================================================
----------------- testing Tue Apr 09 04:01:33 UTC 2019 /home/travis/build/icyphy/ptII/ptolemy/domains/modal/test/auto/booleanSelect.xml
----------------- Instantiating /home/travis/build/icyphy/ptII/ptolemy/domains/modal/test/auto/booleanSelect.xml
37 ms. Memory: 871936K Free: 758720K (87%)
----------------- Invoking toplevel() on ptolemy.moml.MoMLSimpleApplication@39b9c92a
----------------- Done invoking toplevel() on ptolemy.moml.MoMLSimpleApplication@39b9c92a
reloadAllAccessors: .booleanSelect

===========================================================================================
----------------- testing Tue Apr 09 04:01:33 UTC 2019 /home/travis/build/icyphy/ptII/ptolemy/domains/modal/test/auto/modalChangingParams.xml
----------------- Instantiating /home/travis/build/icyphy/ptII/ptolemy/domains/modal/test/auto/modalChangingParams.xml
0
1
0
2
4
6
8
7
0
2
4
6
8
13
0
2
4
6
8
19
0
2
4
6
8
25
0
2
4
6
8
31
0
2
4
6
8
37
0
2
4
6
8
43
0
2
4
6
8
49
0
2
4
6
8
55
0
2
4
6
8
61
0
2
4
6
8
67
0
2
4
6
8
73
0
2
4
6
8
79
0
2
4
6
8
85
0
2
4
6
8
91
0
2
4
6
8
97
0
2
4
6
8
103
0
2
4
6
8
109
0
2
4
6
8
115
0
2
4
6
8
121
0
2
4
6
8
127
0
2
4
6
8
133
0
2
4
6
8
139
0
2
4
6
8
145
0
2
4
6
8
151
0
2
4
6
8
157
0
2
4
6
8
163
0
2
4
6
8
169
0
2
4
6
8
175
0
2
4
6
8
181
0
2
4
6
8
187
0
2
4
6
8
193
0
2
4
6
8
199
0
2
4
6
8
205
0
2
4
6
8
211
0
2
4
6
8
217
0
2
4
6
8
223
0
2
4
6
8
229
0
2
4
6
8
235
0
2
4
6
8
241
0
2
4
6
8
247
0
2
4
6
8
253
0
2
4
6
8
259
0
2
4
6
8
265
0
2
4
6
8
271
0
2
4
6
8
277
0
2
4
6
8
283
0
2
4
6
8
289
0
2
4
6
8
295
0
2
4
6
8
301
0
2
4
6
8
307
0
2
4
6
8
313
0
2
4
6
8
319
0
2
4
6
8
325
0
2
4
6
8
331
0
2
4
6
8
337
0
2
4
6
8
343
0
2
4
6
8
349
0
2
4
6
8
355
0
2
4
6
8
361
0
2
4
6
8
367
0
2
4
6
8
373
0
2
4
6
8
379
0
2
4
6
8
385
0
2
4
6
8
391
0
2
4
6
8
397
0
2
4
6
8
403
0
2
4
6
8
409
0
2
4
6
8
415
0
2
4
6
8
421
0
2
4
6
8
427
0
2
4
6
8
433
0
2
4
6
8
439
0
2
4
6
8
445
0
2
4
6
8
451
0
2
4
6
8
457
0
2
4
6
8
463
0
2
4
6
8
469
0
2
4
6
8
475
0
2
4
6
8
481
0
2
4
6
8
487
0
2
4
6
8
493
0
2
4
6
8
499
0
2
4
6
8
505
0
2
4
6
8
511
0
2
4
6
8
517
0
2
4
6
8
523
0
2
4
6
8
529
0
2
4
6
8
535
0
2
4
6
8
541
0
2
4
6
8
547
0
2
4
6
8
553
0
2
4
6
8
559
0
2
4
6
8
565
0
2
4
6
8
571
0
2
4
6
8
577
0
2
4
6
8
583
0
2
4
6
8
589
0
2
4
6
8
595
0
2
4
6
8
601
0
2
4
6
8
607
0
2
4
6
8
613
0
2
4
6
8
619
0
2
4
6
8
625
0
2
4
6
8
631
0
2
4
6
8
637
0
2
4
6
8
643
0
2
4
6
8
649
0
2
4
6
8
655
0
2
4
6
8
661
0
2
4
6
8
667
0
2
4
6
8
673
0
2
4
6
8
679
0
2
4
6
8
685
0
2
4
6
8
691
0
2
4
6
8
697
0
2
4
6
8
703
0
2
4
6
8
709
0
2
4
6
8
715
0
2
4
6
8
721
0
2
4
6
8
727
0
2
4
6
8
733
0
2
4
6
8
739
0
2
4
6
8
745
0
2
4
6
8
751
0
2
4
6
8
757
0
2
4
6
8
763
0
2
4
6
8
769
0
2
4
6
8
775
0
2
4
6
8
781
0
2
4
6
8
787
0
2
4
6
8
793
0
2
4
6
8
799
0
2
4
6
8
805
0
2
4
6
8
811
0
2
4
6
8
817
0
2
4
6
8
823
0
2
4
6
8
829
0
2
4
6
8
835
0
2
4
6
8
841
0
2
4
6
8
847
0
2
4
6
8
853
0
2
4
6
8
859
0
2
4
6
8
865
0
2
4
6
8
871
0
2
4
6
8
877
0
2
4
6
8
883
0
2
4
6
8
889
0
2
4
6
8
895
0
2
4
6
8
901
0
2
4
6
8
907
0
2
4
6
8
913
0
2
4
6
8
919
0
2
4
6
8
925
0
2
4
6
8
931
0
2
4
6
8
937
0
2
4
6
8
943
0
2
4
6
8
949
0
2
4
6
8
955
0
2
4
6
8
961
0
2
4
6
8
967
0
2
4
6
8
973
0
2
4
6
8
979
0
2
4
6
8
985
0
2
4
6
8
991
0
2
4
6
8
997
0
2
210 ms. Memory: 871936K Free: 638781K (73%)
----------------- Invoking toplevel() on ptolemy.moml.MoMLSimpleApplication@1a37df49
----------------- Done invoking toplevel() on ptolemy.moml.MoMLSimpleApplication@1a37df49
reloadAllAccessors: .modalChangingParams

===========================================================================================
----------------- testing Tue Apr 09 04:01:34 UTC 2019 /home/travis/build/icyphy/ptII/ptolemy/domains/modal/test/auto/modalModel.xml
----------------- Instantiating /home/travis/build/icyphy/ptII/ptolemy/domains/modal/test/auto/modalModel.xml
5 ms. Memory: 871936K Free: 621280K (71%)
----------------- Invoking toplevel() on ptolemy.moml.MoMLSimpleApplication@20eef0f0
----------------- Done invoking toplevel() on ptolemy.moml.MoMLSimpleApplication@20eef0f0
reloadAllAccessors: .modalModel

===========================================================================================
----------------- testing Tue Apr 09 04:01:34 UTC 2019 /home/travis/build/icyphy/ptII/ptolemy/domains/modal/test/auto/modalModel2.xml
----------------- Instantiating /home/travis/build/icyphy/ptII/ptolemy/domains/modal/test/auto/modalModel2.xml
6 ms. Memory: 871936K Free: 605638K (69%)
----------------- Invoking toplevel() on ptolemy.moml.MoMLSimpleApplication@5fbb92c7
----------------- Done invoking toplevel() on ptolemy.moml.MoMLSimpleApplication@5fbb92c7
reloadAllAccessors: .modalModel2

===========================================================================================
----------------- testing Tue Apr 09 04:01:34 UTC 2019 /home/travis/build/icyphy/ptII/ptolemy/domains/modal/test/auto/modalModel3.xml
----------------- Instantiating /home/travis/build/icyphy/ptII/ptolemy/domains/modal/test/auto/modalModel3.xml
0	0	0
1	0	1
4	2	2
7	4	3
10	6	4
5	0	5
8	2	6
11	4	7
14	6	8
9	0	9
12	2	10
15	4	11
18	6	12
13	0	13
16	2	14
11 ms. Memory: 871936K Free: 588153K (67%)
----------------- Invoking toplevel() on ptolemy.moml.MoMLSimpleApplication@1a93ff60
----------------- Done invoking toplevel() on ptolemy.moml.MoMLSimpleApplication@1a93ff60
reloadAllAccessors: .modalModel3

===========================================================================================
----------------- testing Tue Apr 09 04:01:34 UTC 2019 /home/travis/build/icyphy/ptII/ptolemy/domains/modal/test/auto/model1.xml
----------------- Instantiating /home/travis/build/icyphy/ptII/ptolemy/domains/modal/test/auto/model1.xml
10 ms. Memory: 871936K Free: 577735K (66%)
----------------- Invoking toplevel() on ptolemy.moml.MoMLSimpleApplication@610f31ca
----------------- Done invoking toplevel() on ptolemy.moml.MoMLSimpleApplication@610f31ca
reloadAllAccessors: .model1

===========================================================================================
----------------- testing Tue Apr 09 04:01:34 UTC 2019 /home/travis/build/icyphy/ptII/ptolemy/domains/modal/test/auto/test-direct-in-out.xml
----------------- Instantiating /home/travis/build/icyphy/ptII/ptolemy/domains/modal/test/auto/test-direct-in-out.xml
4 ms. Memory: 871936K Free: 560235K (64%)
----------------- Invoking toplevel() on ptolemy.moml.MoMLSimpleApplication@275c383d
----------------- Done invoking toplevel() on ptolemy.moml.MoMLSimpleApplication@275c383d
reloadAllAccessors: .test-direct-in-out
AutoTests.java: About to close Vertx.
AutoTests.java: Vertx closed.
]]></system-out>
  <system-err><![CDATA[java.lang.RuntimeException: Execution failed
	at ptolemy.moml.MoMLSimpleApplication$UnloadThread.run(MoMLSimpleApplication.java:402)
Caused by: ptolemy.kernel.util.IllegalActionException: Unknown inputs remain. Possible causality loop:
L_model_1893289564i

  in .CannotAnalysisWithPreemption.model_1893289564_region_1 and .CannotAnalysisWithPreemption.model_1893289564_region_1.L_model_1893289564i
	at ptolemy.actor.sched.FixedPointDirector.postfire(FixedPointDirector.java:515)
	at ptolemy.domains.sr.kernel.SRDirector.postfire(SRDirector.java:417)
	at ptolemy.actor.CompositeActor.postfire(CompositeActor.java:1668)
	at ptolemy.actor.Manager.iterate(Manager.java:852)
	at ptolemy.actor.Manager.execute(Manager.java:369)
	at ptolemy.actor.Manager.run(Manager.java:1263)
	at ptolemy.actor.Manager$PtolemyRunThread.run(Manager.java:1915)
java.lang.reflect.InvocationTargetException
	at sun.reflect.NativeConstructorAccessorImpl.newInstance0(Native Method)
	at sun.reflect.NativeConstructorAccessorImpl.newInstance(NativeConstructorAccessorImpl.java:62)
	at sun.reflect.DelegatingConstructorAccessorImpl.newInstance(DelegatingConstructorAccessorImpl.java:45)
	at java.lang.reflect.Constructor.newInstance(Constructor.java:423)
	at ptolemy.util.test.junit.AutoKnownFailedTests.RunModel(AutoKnownFailedTests.java:105)
	at sun.reflect.NativeMethodAccessorImpl.invoke0(Native Method)
	at sun.reflect.NativeMethodAccessorImpl.invoke(NativeMethodAccessorImpl.java:62)
	at sun.reflect.DelegatingMethodAccessorImpl.invoke(DelegatingMethodAccessorImpl.java:43)
	at java.lang.reflect.Method.invoke(Method.java:498)
	at org.junit.runners.model.FrameworkMethod$1.runReflectiveCall(FrameworkMethod.java:44)
	at org.junit.internal.runners.model.ReflectiveCallable.run(ReflectiveCallable.java:15)
	at org.junit.runners.model.FrameworkMethod.invokeExplosively(FrameworkMethod.java:41)
	at junitparams.internal.InvokeParameterisedMethod.evaluate(InvokeParameterisedMethod.java:102)
	at org.junit.internal.runners.statements.FailOnTimeout$1.run(FailOnTimeout.java:28)
Caused by: ptolemy.kernel.util.IllegalActionException: Unknown inputs remain. Possible causality loop:
L_model_1893289564i

  in .CannotAnalysisWithPreemption.model_1893289564_region_1 and .CannotAnalysisWithPreemption.model_1893289564_region_1.L_model_1893289564i
	at ptolemy.actor.sched.FixedPointDirector.postfire(FixedPointDirector.java:515)
	at ptolemy.domains.sr.kernel.SRDirector.postfire(SRDirector.java:417)
	at ptolemy.actor.CompositeActor.postfire(CompositeActor.java:1668)
	at ptolemy.actor.Manager.iterate(Manager.java:852)
	at ptolemy.actor.Manager.execute(Manager.java:369)
	at ptolemy.actor.Manager.run(Manager.java:1263)
	at ptolemy.actor.Manager$PtolemyRunThread.run(Manager.java:1915)
]]></system-err>
</testsuite>
