<?xml version="1.0" encoding="UTF-8" ?>
<testsuite errors="0" failures="0" hostname="travis-job-d058260d-a1e4-4929-96c5-e8b3f8f498aa" name="ptolemy.domains.de.test.junit.JUnitTclTest" skipped="0" tests="101" time="122.254" timestamp="2020-02-18T01:10:43">
  <properties>
[...]
</properties>
  <testcase classname="ptolemy.util.test.junit.TclTests" name="[0] /home/travis/build/icyphy/ptII/ptolemy/domains/de/test/DependencyLoop.tcl (RunTclFile)" time="0.924" />
  <testcase classname="ptolemy.util.test.junit.TclTests" name="[1] /home/travis/build/icyphy/ptII/ptolemy/domains/de/test/RunDETestsAsQSS.tcl (RunTclFile)" time="83.412" />
  <testcase classname="ptolemy.util.test.junit.AutoKnownFailedTests" name="[0] /home/travis/build/icyphy/ptII/ptolemy/domains/de/test/auto/knownFailedTests/DESDFClockTest.xml (RunModel)" time="2.068" />
  <testcase classname="ptolemy.util.test.junit.AutoKnownFailedTests" name="[1] /home/travis/build/icyphy/ptII/ptolemy/domains/de/test/auto/knownFailedTests/DirectFeedback.xml (RunModel)" time="0.014" />
  <testcase classname="ptolemy.util.test.junit.AutoKnownFailedTests" name="[2] /home/travis/build/icyphy/ptII/ptolemy/domains/de/test/auto/knownFailedTests/FSMSource.xml (RunModel)" time="0.022" />
  <testcase classname="ptolemy.util.test.junit.AutoKnownFailedTests" name="[3] /home/travis/build/icyphy/ptII/ptolemy/domains/de/test/auto/knownFailedTests/HierarchicalModel.xml (RunModel)" time="0.05" />
  <testcase classname="ptolemy.util.test.junit.AutoKnownFailedTests" name="[4] /home/travis/build/icyphy/ptII/ptolemy/domains/de/test/auto/knownFailedTests/dependencyLoop.xml (RunModel)" time="0.041" />
  <testcase classname="ptolemy.util.test.junit.AutoKnownFailedTests" name="[5] /home/travis/build/icyphy/ptII/ptolemy/domains/de/test/auto/knownFailedTests/dependencyLoop2.xml (RunModel)" time="0.043" />
  <testcase classname="ptolemy.util.test.junit.AutoNameArchTests" name="[0] ThereAreNoAutoArchTests (RunModel)" time="0.001" />
  <testcase classname="ptolemy.util.test.junit.AutoTests" name="[0] /home/travis/build/icyphy/ptII/ptolemy/domains/de/test/auto/ActorDepthCalculation_actorWithoutPorts.xml (RunModel)" time="0.023" />
  <testcase classname="ptolemy.util.test.junit.AutoTests" name="[1] /home/travis/build/icyphy/ptII/ptolemy/domains/de/test/auto/AssemblyLine.xml (RunModel)" time="0.021" />
  <testcase classname="ptolemy.util.test.junit.AutoTests" name="[2] /home/travis/build/icyphy/ptII/ptolemy/domains/de/test/auto/CQBug1.xml (RunModel)" time="0.014" />
  <testcase classname="ptolemy.util.test.junit.AutoTests" name="[3] /home/travis/build/icyphy/ptII/ptolemy/domains/de/test/auto/CancelFireAt.xml (RunModel)" time="0.017" />
  <testcase classname="ptolemy.util.test.junit.AutoTests" name="[4] /home/travis/build/icyphy/ptII/ptolemy/domains/de/test/auto/CausalityAndComposabilityAnalysis.xml (RunModel)" time="0.022" />
  <testcase classname="ptolemy.util.test.junit.AutoTests" name="[5] /home/travis/build/icyphy/ptII/ptolemy/domains/de/test/auto/CausalityInterface1.xml (RunModel)" time="0.014" />
  <testcase classname="ptolemy.util.test.junit.AutoTests" name="[6] /home/travis/build/icyphy/ptII/ptolemy/domains/de/test/auto/CausalityInterface15.xml (RunModel)" time="0.014" />
  <testcase classname="ptolemy.util.test.junit.AutoTests" name="[7] /home/travis/build/icyphy/ptII/ptolemy/domains/de/test/auto/CausalityInterface2.xml (RunModel)" time="0.014" />
  <testcase classname="ptolemy.util.test.junit.AutoTests" name="[8] /home/travis/build/icyphy/ptII/ptolemy/domains/de/test/auto/CausalityInterface3.xml (RunModel)" time="0.014" />
  <testcase classname="ptolemy.util.test.junit.AutoTests" name="[9] /home/travis/build/icyphy/ptII/ptolemy/domains/de/test/auto/ClockDrift.xml (RunModel)" time="0.037" />
  <testcase classname="ptolemy.util.test.junit.AutoTests" name="[10] /home/travis/build/icyphy/ptII/ptolemy/domains/de/test/auto/ClockDriftAndValueChange.xml (RunModel)" time="0.028" />
  <testcase classname="ptolemy.util.test.junit.AutoTests" name="[11] /home/travis/build/icyphy/ptII/ptolemy/domains/de/test/auto/ClockDriftChange.xml (RunModel)" time="0.035" />
  <testcase classname="ptolemy.util.test.junit.AutoTests" name="[12] /home/travis/build/icyphy/ptII/ptolemy/domains/de/test/auto/ComposableCausalityAnalysis.xml (RunModel)" time="0.016" />
  <testcase classname="ptolemy.util.test.junit.AutoTests" name="[13] /home/travis/build/icyphy/ptII/ptolemy/domains/de/test/auto/DEFixedPointLimitation.xml (RunModel)" time="0.008" />
  <testcase classname="ptolemy.util.test.junit.AutoTests" name="[14] /home/travis/build/icyphy/ptII/ptolemy/domains/de/test/auto/DEScheduleTest.xml (RunModel)" time="0.013" />
  <testcase classname="ptolemy.util.test.junit.AutoTests" name="[15] /home/travis/build/icyphy/ptII/ptolemy/domains/de/test/auto/DEinDEwithStartTimes.xml (RunModel)" time="0.02" />
  <testcase classname="ptolemy.util.test.junit.AutoTests" name="[16] /home/travis/build/icyphy/ptII/ptolemy/domains/de/test/auto/DEinDEwithStartTimes2.xml (RunModel)" time="0.012" />
  <testcase classname="ptolemy.util.test.junit.AutoTests" name="[17] /home/travis/build/icyphy/ptII/ptolemy/domains/de/test/auto/DateDemo.xml (RunModel)" time="0.034" />
  <testcase classname="ptolemy.util.test.junit.AutoTests" name="[18] /home/travis/build/icyphy/ptII/ptolemy/domains/de/test/auto/DateToEvent.xml (RunModel)" time="2.052" />
  <testcase classname="ptolemy.util.test.junit.AutoTests" name="[19] /home/travis/build/icyphy/ptII/ptolemy/domains/de/test/auto/DepthTest1.xml (RunModel)" time="0.007" />
  <testcase classname="ptolemy.util.test.junit.AutoTests" name="[20] /home/travis/build/icyphy/ptII/ptolemy/domains/de/test/auto/DepthTest2.xml (RunModel)" time="0.019" />
  <testcase classname="ptolemy.util.test.junit.AutoTests" name="[21] /home/travis/build/icyphy/ptII/ptolemy/domains/de/test/auto/DepthTest3.xml (RunModel)" time="0.012" />
  <testcase classname="ptolemy.util.test.junit.AutoTests" name="[22] /home/travis/build/icyphy/ptII/ptolemy/domains/de/test/auto/DepthTest4.xml (RunModel)" time="0.022" />
  <testcase classname="ptolemy.util.test.junit.AutoTests" name="[23] /home/travis/build/icyphy/ptII/ptolemy/domains/de/test/auto/DepthTest5.xml (RunModel)" time="0.019" />
  <testcase classname="ptolemy.util.test.junit.AutoTests" name="[24] /home/travis/build/icyphy/ptII/ptolemy/domains/de/test/auto/DepthTest6.xml (RunModel)" time="0.009" />
  <testcase classname="ptolemy.util.test.junit.AutoTests" name="[25] /home/travis/build/icyphy/ptII/ptolemy/domains/de/test/auto/DepthTest7.xml (RunModel)" time="0.009" />
  <testcase classname="ptolemy.util.test.junit.AutoTests" name="[26] /home/travis/build/icyphy/ptII/ptolemy/domains/de/test/auto/EventToDate.xml (RunModel)" time="3.027" />
  <testcase classname="ptolemy.util.test.junit.AutoTests" name="[27] /home/travis/build/icyphy/ptII/ptolemy/domains/de/test/auto/FSM1.xml (RunModel)" time="0.047" />
  <testcase classname="ptolemy.util.test.junit.AutoTests" name="[28] /home/travis/build/icyphy/ptII/ptolemy/domains/de/test/auto/FSM7.xml (RunModel)" time="0.038" />
  <testcase classname="ptolemy.util.test.junit.AutoTests" name="[29] /home/travis/build/icyphy/ptII/ptolemy/domains/de/test/auto/Inspection.xml (RunModel)" time="0.044" />
  <testcase classname="ptolemy.util.test.junit.AutoTests" name="[30] /home/travis/build/icyphy/ptII/ptolemy/domains/de/test/auto/Iteration.xml (RunModel)" time="0.024" />
  <testcase classname="ptolemy.util.test.junit.AutoTests" name="[31] /home/travis/build/icyphy/ptII/ptolemy/domains/de/test/auto/LineFault.xml (RunModel)" time="0.528" />
  <testcase classname="ptolemy.util.test.junit.AutoTests" name="[32] /home/travis/build/icyphy/ptII/ptolemy/domains/de/test/auto/MergeModel1Add.xml (RunModel)" time="0.042" />
  <testcase classname="ptolemy.util.test.junit.AutoTests" name="[33] /home/travis/build/icyphy/ptII/ptolemy/domains/de/test/auto/MergeModel2Add.xml (RunModel)" time="0.041" />
  <testcase classname="ptolemy.util.test.junit.AutoTests" name="[34] /home/travis/build/icyphy/ptII/ptolemy/domains/de/test/auto/MergeModel3Add.xml (RunModel)" time="0.042" />
  <testcase classname="ptolemy.util.test.junit.AutoTests" name="[35] /home/travis/build/icyphy/ptII/ptolemy/domains/de/test/auto/MergeWithoutDiscard.xml (RunModel)" time="0.014" />
  <testcase classname="ptolemy.util.test.junit.AutoTests" name="[36] /home/travis/build/icyphy/ptII/ptolemy/domains/de/test/auto/Modal1.xml (RunModel)" time="0.024" />
  <testcase classname="ptolemy.util.test.junit.AutoTests" name="[37] /home/travis/build/icyphy/ptII/ptolemy/domains/de/test/auto/Modal2.xml (RunModel)" time="0.022" />
  <testcase classname="ptolemy.util.test.junit.AutoTests" name="[38] /home/travis/build/icyphy/ptII/ptolemy/domains/de/test/auto/Modal3.xml (RunModel)" time="0.029" />
  <testcase classname="ptolemy.util.test.junit.AutoTests" name="[39] /home/travis/build/icyphy/ptII/ptolemy/domains/de/test/auto/Modal4.xml (RunModel)" time="0.028" />
  <testcase classname="ptolemy.util.test.junit.AutoTests" name="[40] /home/travis/build/icyphy/ptII/ptolemy/domains/de/test/auto/Modal5.xml (RunModel)" time="0.03" />
  <testcase classname="ptolemy.util.test.junit.AutoTests" name="[41] /home/travis/build/icyphy/ptII/ptolemy/domains/de/test/auto/Modal6.xml (RunModel)" time="0.024" />
  <testcase classname="ptolemy.util.test.junit.AutoTests" name="[42] /home/travis/build/icyphy/ptII/ptolemy/domains/de/test/auto/Modal7.xml (RunModel)" time="0.028" />
  <testcase classname="ptolemy.util.test.junit.AutoTests" name="[43] /home/travis/build/icyphy/ptII/ptolemy/domains/de/test/auto/ModalModel.xml (RunModel)" time="0.164" />
  <testcase classname="ptolemy.util.test.junit.AutoTests" name="[44] /home/travis/build/icyphy/ptII/ptolemy/domains/de/test/auto/ModalSource.xml (RunModel)" time="0.015" />
  <testcase classname="ptolemy.util.test.junit.AutoTests" name="[45] /home/travis/build/icyphy/ptII/ptolemy/domains/de/test/auto/NonInterruptibleTimerZeroDelay.xml (RunModel)" time="0.008" />
  <testcase classname="ptolemy.util.test.junit.AutoTests" name="[46] /home/travis/build/icyphy/ptII/ptolemy/domains/de/test/auto/OpenQueueingNetwork.xml (RunModel)" time="2.304" />
  <testcase classname="ptolemy.util.test.junit.AutoTests" name="[47] /home/travis/build/icyphy/ptII/ptolemy/domains/de/test/auto/OpenQueuingNetwork.xml (RunModel)" time="0.277" />
  <testcase classname="ptolemy.util.test.junit.AutoTests" name="[48] /home/travis/build/icyphy/ptII/ptolemy/domains/de/test/auto/PeriodicSampler.xml (RunModel)" time="0.009" />
  <testcase classname="ptolemy.util.test.junit.AutoTests" name="[49] /home/travis/build/icyphy/ptII/ptolemy/domains/de/test/auto/PersistentIO.xml (RunModel)" time="0.018" />
  <testcase classname="ptolemy.util.test.junit.AutoTests" name="[50] /home/travis/build/icyphy/ptII/ptolemy/domains/de/test/auto/PortParameterResetOnInitialize.xml (RunModel)" time="0.008" />
  <testcase classname="ptolemy.util.test.junit.AutoTests" name="[51] /home/travis/build/icyphy/ptII/ptolemy/domains/de/test/auto/PortParameterUpdates.xml (RunModel)" time="0.012" />
  <testcase classname="ptolemy.util.test.junit.AutoTests" name="[52] /home/travis/build/icyphy/ptII/ptolemy/domains/de/test/auto/QueueAndServer.xml (RunModel)" time="0.018" />
  <testcase classname="ptolemy.util.test.junit.AutoTests" name="[53] /home/travis/build/icyphy/ptII/ptolemy/domains/de/test/auto/Records.xml (RunModel)" time="0.019" />
  <testcase classname="ptolemy.util.test.junit.AutoTests" name="[54] /home/travis/build/icyphy/ptII/ptolemy/domains/de/test/auto/ResetTransitionWithStartTime1.xml (RunModel)" time="0.017" />
  <testcase classname="ptolemy.util.test.junit.AutoTests" name="[55] /home/travis/build/icyphy/ptII/ptolemy/domains/de/test/auto/ResetTransitionWithStartTime2.xml (RunModel)" time="0.021" />
  <testcase classname="ptolemy.util.test.junit.AutoTests" name="[56] /home/travis/build/icyphy/ptII/ptolemy/domains/de/test/auto/ResetTransitionWithStartTime3.xml (RunModel)" time="0.024" />
  <testcase classname="ptolemy.util.test.junit.AutoTests" name="[57] /home/travis/build/icyphy/ptII/ptolemy/domains/de/test/auto/ResetTransitionWithStartTime4.xml (RunModel)" time="0.019" />
  <testcase classname="ptolemy.util.test.junit.AutoTests" name="[58] /home/travis/build/icyphy/ptII/ptolemy/domains/de/test/auto/ResettableTimer1.xml (RunModel)" time="0.01" />
  <testcase classname="ptolemy.util.test.junit.AutoTests" name="[59] /home/travis/build/icyphy/ptII/ptolemy/domains/de/test/auto/ResettableTimer2.xml (RunModel)" time="0.008" />
  <testcase classname="ptolemy.util.test.junit.AutoTests" name="[60] /home/travis/build/icyphy/ptII/ptolemy/domains/de/test/auto/ResettableTimer3.xml (RunModel)" time="0.008" />
  <testcase classname="ptolemy.util.test.junit.AutoTests" name="[61] /home/travis/build/icyphy/ptII/ptolemy/domains/de/test/auto/ResettableTimer4.xml (RunModel)" time="0.009" />
  <testcase classname="ptolemy.util.test.junit.AutoTests" name="[62] /home/travis/build/icyphy/ptII/ptolemy/domains/de/test/auto/ResettableTimer5.xml (RunModel)" time="0.008" />
  <testcase classname="ptolemy.util.test.junit.AutoTests" name="[63] /home/travis/build/icyphy/ptII/ptolemy/domains/de/test/auto/ResettableTimer6.xml (RunModel)" time="0.015" />
  <testcase classname="ptolemy.util.test.junit.AutoTests" name="[64] /home/travis/build/icyphy/ptII/ptolemy/domains/de/test/auto/ServerZeroDelay.xml (RunModel)" time="0.009" />
  <testcase classname="ptolemy.util.test.junit.AutoTests" name="[65] /home/travis/build/icyphy/ptII/ptolemy/domains/de/test/auto/SmartSender.xml (RunModel)" time="3.009" />
  <testcase classname="ptolemy.util.test.junit.AutoTests" name="[66] /home/travis/build/icyphy/ptII/ptolemy/domains/de/test/auto/ThreadedComposite.xml (RunModel)" time="0.117" />
  <testcase classname="ptolemy.util.test.junit.AutoTests" name="[67] /home/travis/build/icyphy/ptII/ptolemy/domains/de/test/auto/Time.xml (RunModel)" time="0.352" />
  <testcase classname="ptolemy.util.test.junit.AutoTests" name="[68] /home/travis/build/icyphy/ptII/ptolemy/domains/de/test/auto/TimeDelayZeroDelay.xml (RunModel)" time="0.01" />
  <testcase classname="ptolemy.util.test.junit.AutoTests" name="[69] /home/travis/build/icyphy/ptII/ptolemy/domains/de/test/auto/TimerZeroDelay.xml (RunModel)" time="0.01" />
  <testcase classname="ptolemy.util.test.junit.AutoTests" name="[70] /home/travis/build/icyphy/ptII/ptolemy/domains/de/test/auto/TimingParadox.xml (RunModel)" time="0.314" />
  <testcase classname="ptolemy.util.test.junit.AutoTests" name="[71] /home/travis/build/icyphy/ptII/ptolemy/domains/de/test/auto/TransferInputs.xml (RunModel)" time="0.014" />
  <testcase classname="ptolemy.util.test.junit.AutoTests" name="[72] /home/travis/build/icyphy/ptII/ptolemy/domains/de/test/auto/TransferOutputs2.xml (RunModel)" time="0.016" />
  <testcase classname="ptolemy.util.test.junit.AutoTests" name="[73] /home/travis/build/icyphy/ptII/ptolemy/domains/de/test/auto/Trilateration.xml (RunModel)" time="10.193" />
  <testcase classname="ptolemy.util.test.junit.AutoTests" name="[74] /home/travis/build/icyphy/ptII/ptolemy/domains/de/test/auto/TwoSigmaDelta.xml (RunModel)" time="1.556" />
  <testcase classname="ptolemy.util.test.junit.AutoTests" name="[75] /home/travis/build/icyphy/ptII/ptolemy/domains/de/test/auto/VariableDelay.xml (RunModel)" time="0.019" />
  <testcase classname="ptolemy.util.test.junit.AutoTests" name="[76] /home/travis/build/icyphy/ptII/ptolemy/domains/de/test/auto/VariableDelay2.xml (RunModel)" time="0.008" />
  <testcase classname="ptolemy.util.test.junit.AutoTests" name="[77] /home/travis/build/icyphy/ptII/ptolemy/domains/de/test/auto/VariableDelayZeroDelay.xml (RunModel)" time="0.008" />
  <testcase classname="ptolemy.util.test.junit.AutoTests" name="[78] /home/travis/build/icyphy/ptII/ptolemy/domains/de/test/auto/VariableDelayZeroDelay2.xml (RunModel)" time="0.009" />
  <testcase classname="ptolemy.util.test.junit.AutoTests" name="[79] /home/travis/build/icyphy/ptII/ptolemy/domains/de/test/auto/deInCt.xml (RunModel)" time="0.011" />
  <testcase classname="ptolemy.util.test.junit.AutoTests" name="[80] /home/travis/build/icyphy/ptII/ptolemy/domains/de/test/auto/deInCt2.xml (RunModel)" time="0.012" />
  <testcase classname="ptolemy.util.test.junit.AutoTests" name="[81] /home/travis/build/icyphy/ptII/ptolemy/domains/de/test/auto/dynamicCausalityInterface1.xml (RunModel)" time="0.015" />
  <testcase classname="ptolemy.util.test.junit.AutoTests" name="[82] /home/travis/build/icyphy/ptII/ptolemy/domains/de/test/auto/fsm_de_test.xml (RunModel)" time="0.019" />
  <testcase classname="ptolemy.util.test.junit.AutoTests" name="[83] /home/travis/build/icyphy/ptII/ptolemy/domains/de/test/auto/functionDependencyReconstruction.xml (RunModel)" time="0.025" />
  <testcase classname="ptolemy.util.test.junit.AutoTests" name="[84] /home/travis/build/icyphy/ptII/ptolemy/domains/de/test/auto/multirate.xml (RunModel)" time="0.012" />
  <testcase classname="ptolemy.util.test.junit.AutoTests" name="[85] /home/travis/build/icyphy/ptII/ptolemy/domains/de/test/auto/multirate2.xml (RunModel)" time="0.016" />
  <testcase classname="ptolemy.util.test.junit.AutoTests" name="[86] /home/travis/build/icyphy/ptII/ptolemy/domains/de/test/auto/realtime.xml (RunModel)" time="10.009" />
  <testcase classname="ptolemy.util.test.junit.AutoTests" name="[87] /home/travis/build/icyphy/ptII/ptolemy/domains/de/test/auto/relationGroup.xml (RunModel)" time="0.01" />
  <testcase classname="ptolemy.util.test.junit.AutoTests" name="[88] /home/travis/build/icyphy/ptII/ptolemy/domains/de/test/auto/relationGroup2.xml (RunModel)" time="0.011" />
  <testcase classname="ptolemy.util.test.junit.AutoTests" name="[89] /home/travis/build/icyphy/ptII/ptolemy/domains/de/test/auto/sortWithOpaquePorts.xml (RunModel)" time="0.008" />
  <testcase classname="ptolemy.util.test.junit.AutoTests" name="[90] /home/travis/build/icyphy/ptII/ptolemy/domains/de/test/auto/transferInputsandOutputs.xml (RunModel)" time="0.013" />
  <testcase classname="ptolemy.util.test.junit.AutoTests" name="[91] /home/travis/build/icyphy/ptII/ptolemy/domains/de/test/auto/triggerType.xml (RunModel)" time="0.007" />
  <system-out><![CDATA[/home/travis/build/icyphy/ptII/ptolemy/domains/de/test/DependencyLoop.tcl
testDefs.tcl: setting time out to 9000 seconds at Tue Feb 18 01:10:43 UTC 2020
67 ms. Memory: 129024K Free: 78792K (61%)
23 ms. Memory: 129024K Free: 61384K (48%)
/home/travis/build/icyphy/ptII/ptolemy/domains/de/test/RunDETestsAsQSS.tcl
Run the DE tests using ptolemy.domains.qss.test.QSSDirectorTest, which extends QSSDirector and prints a message in the constructors.
------------------ testing $PTII/ptolemy/domains/de/test/auto/knownFailedTests/DirectFeedback.xml (Known Failure) 
66 ms. Memory: 129024K Free: 56264K (44%)


==== $PTIIhome/travis/build/icyphy/ptII/ptolemy/domains/de/test/../../../../: Auto Automatic test in file $PTII/ptolemy/domains/de/test/auto/knownFailedTests/DirectFeedback.xml
==== Contents of test case:

	    # FIXME: we should use $relativeFilename here, but it
	    # might have backslashes under Windows, which causes no end
	    # of trouble.
	    createAndExecute $file
	    list {}
	
.... Test generated KNOWN error:
    while executing
ptolemy.kernel.util.IllegalActionException: Test fails in iteration 1.
Value was: 1.0. Should have been: 2.0
  in .DirectFeedback.Test
	at ptolemy.actor.lib.Test.fire(Test.java:268)
	at ptolemy.domains.de.kernel.DEDirector._fire(DEDirector.java:1949)
	at ptolemy.domains.de.kernel.DEDirector.fire(DEDirector.java:502)
	at ptolemy.actor.CompositeActor.fire(CompositeActor.java:455)
	at ptolemy.actor.Manager.iterate(Manager.java:851)
	at ptolemy.actor.Manager.execute(Manager.java:369)
	at ptolemy.actor.Manager.run(Manager.java:1263)
	at ptolemy.actor.Manager$PtolemyRunThread.run(Manager.java:1933)

    while executing
ptolemy.kernel.util.IllegalActionException: Test fails in iteration 1.
Value was: 1.0. Should have been: 2.0
  in .DirectFeedback.Test
    while executing
"java::new ptolemy.moml.MoMLSimpleApplication $file
"
    (procedure "createAndExecute" line 2)
    invoked from within
"createAndExecute $file"
    ("uplevel" body line 5)
    invoked from within
"uplevel $contents_of_test"
------------------ testing $PTII/ptolemy/domains/de/test/auto/knownFailedTests/dependencyLoop.xml (Known Failure) 
11 ms. Memory: 129024K Free: 53192K (41%)


==== $PTIIhome/travis/build/icyphy/ptII/ptolemy/domains/de/test/../../../../: Auto Automatic test in file $PTII/ptolemy/domains/de/test/auto/knownFailedTests/dependencyLoop.xml
==== Contents of test case:

	    # FIXME: we should use $relativeFilename here, but it
	    # might have backslashes under Windows, which causes no end
	    # of trouble.
	    createAndExecute $file
	    list {}
	
.... Test generated KNOWN error:
    while executing
ptolemy.kernel.util.IllegalActionException: Found a zero delay loop containing .dependencyLoop.original
  in .dependencyLoop and .dependencyLoop.original
	at ptolemy.actor.util.CausalityInterfaceForComposites._computeOutputPortDepth(CausalityInterfaceForComposites.java:759)
	at ptolemy.actor.util.CausalityInterfaceForComposites._computeInputDepth(CausalityInterfaceForComposites.java:696)
	at ptolemy.actor.util.CausalityInterfaceForComposites._computeOutputPortDepth(CausalityInterfaceForComposites.java:765)
	at ptolemy.actor.util.CausalityInterfaceForComposites._computeInputDepth(CausalityInterfaceForComposites.java:696)
	at ptolemy.actor.util.CausalityInterfaceForComposites._computeOutputPortDepth(CausalityInterfaceForComposites.java:765)
	at ptolemy.actor.util.CausalityInterfaceForComposites._computeInputDepth(CausalityInterfaceForComposites.java:696)
	at ptolemy.actor.util.CausalityInterfaceForComposites._computeActorDepth(CausalityInterfaceForComposites.java:532)
	at ptolemy.actor.util.CausalityInterfaceForComposites.checkForCycles(CausalityInterfaceForComposites.java:96)
	at ptolemy.domains.de.kernel.DEDirector.preinitialize(DEDirector.java:1338)
	at ptolemy.actor.CompositeActor.preinitialize(CompositeActor.java:1828)
	at ptolemy.actor.Manager.preinitializeAndResolveTypes(Manager.java:1040)
	at ptolemy.actor.Manager.initialize(Manager.java:710)
	at ptolemy.actor.Manager.execute(Manager.java:356)
	at ptolemy.actor.Manager.run(Manager.java:1263)
	at ptolemy.actor.Manager$PtolemyRunThread.run(Manager.java:1933)

    while executing
ptolemy.kernel.util.IllegalActionException: Found a zero delay loop containing .dependencyLoop.original
  in .dependencyLoop and .dependencyLoop.original
    while executing
"java::new ptolemy.moml.MoMLSimpleApplication $file
"
    (procedure "createAndExecute" line 2)
    invoked from within
"createAndExecute $file"
    ("uplevel" body line 5)
    invoked from within
"uplevel $contents_of_test"
------------------ testing $PTII/ptolemy/domains/de/test/auto/knownFailedTests/FSMSource.xml (Known Failure) 
46 ms. Memory: 129024K Free: 111940K (87%)
!!!! Auto was marked as failing, but now passes
------------------ testing $PTII/ptolemy/domains/de/test/auto/knownFailedTests/HierarchicalModel.xml (Known Failure) 
16 ms. Memory: 129024K Free: 94554K (73%)


==== $PTIIhome/travis/build/icyphy/ptII/ptolemy/domains/de/test/../../../../: Auto Automatic test in file $PTII/ptolemy/domains/de/test/auto/knownFailedTests/HierarchicalModel.xml
==== Contents of test case:

	    # FIXME: we should use $relativeFilename here, but it
	    # might have backslashes under Windows, which causes no end
	    # of trouble.
	    createAndExecute $file
	    list {}
	
.... Test generated KNOWN error:
    while executing
ptolemy.kernel.util.IllegalActionException: Found a zero delay loop containing .HierarchicalModel.A
  in .HierarchicalModel and .HierarchicalModel.A
	at ptolemy.actor.util.CausalityInterfaceForComposites._computeOutputPortDepth(CausalityInterfaceForComposites.java:759)
	at ptolemy.actor.util.CausalityInterfaceForComposites._computeInputDepth(CausalityInterfaceForComposites.java:696)
	at ptolemy.actor.util.CausalityInterfaceForComposites._computeOutputPortDepth(CausalityInterfaceForComposites.java:765)
	at ptolemy.actor.util.CausalityInterfaceForComposites._computeInputDepth(CausalityInterfaceForComposites.java:696)
	at ptolemy.actor.util.CausalityInterfaceForComposites._computeOutputPortDepth(CausalityInterfaceForComposites.java:765)
	at ptolemy.actor.util.CausalityInterfaceForComposites._computeInputDepth(CausalityInterfaceForComposites.java:696)
	at ptolemy.actor.util.CausalityInterfaceForComposites._computeActorDepth(CausalityInterfaceForComposites.java:532)
	at ptolemy.actor.util.CausalityInterfaceForComposites.checkForCycles(CausalityInterfaceForComposites.java:96)
	at ptolemy.domains.de.kernel.DEDirector.preinitialize(DEDirector.java:1338)
	at ptolemy.actor.CompositeActor.preinitialize(CompositeActor.java:1828)
	at ptolemy.actor.Manager.preinitializeAndResolveTypes(Manager.java:1040)
	at ptolemy.actor.Manager.initialize(Manager.java:710)
	at ptolemy.actor.Manager.execute(Manager.java:356)
	at ptolemy.actor.Manager.run(Manager.java:1263)
	at ptolemy.actor.Manager$PtolemyRunThread.run(Manager.java:1933)

    while executing
ptolemy.kernel.util.IllegalActionException: Found a zero delay loop containing .HierarchicalModel.A
  in .HierarchicalModel and .HierarchicalModel.A
    while executing
"java::new ptolemy.moml.MoMLSimpleApplication $file
"
    (procedure "createAndExecute" line 2)
    invoked from within
"createAndExecute $file"
    ("uplevel" body line 5)
    invoked from within
"uplevel $contents_of_test"
------------------ testing $PTII/ptolemy/domains/de/test/auto/knownFailedTests/dependencyLoop2.xml (Known Failure) 
16 ms. Memory: 129024K Free: 78447K (61%)


==== $PTIIhome/travis/build/icyphy/ptII/ptolemy/domains/de/test/../../../../: Auto Automatic test in file $PTII/ptolemy/domains/de/test/auto/knownFailedTests/dependencyLoop2.xml
==== Contents of test case:

	    # FIXME: we should use $relativeFilename here, but it
	    # might have backslashes under Windows, which causes no end
	    # of trouble.
	    createAndExecute $file
	    list {}
	
.... Test generated KNOWN error:
    while executing
ptolemy.kernel.util.IllegalActionException: Found a zero delay loop containing .dependencyLoop2.original
  in .dependencyLoop2 and .dependencyLoop2.original
	at ptolemy.actor.util.CausalityInterfaceForComposites._computeOutputPortDepth(CausalityInterfaceForComposites.java:759)
	at ptolemy.actor.util.CausalityInterfaceForComposites._computeInputDepth(CausalityInterfaceForComposites.java:696)
	at ptolemy.actor.util.CausalityInterfaceForComposites._computeOutputPortDepth(CausalityInterfaceForComposites.java:765)
	at ptolemy.actor.util.CausalityInterfaceForComposites._computeInputDepth(CausalityInterfaceForComposites.java:696)
	at ptolemy.actor.util.CausalityInterfaceForComposites._computeOutputPortDepth(CausalityInterfaceForComposites.java:765)
	at ptolemy.actor.util.CausalityInterfaceForComposites._computeInputDepth(CausalityInterfaceForComposites.java:696)
	at ptolemy.actor.util.CausalityInterfaceForComposites._computeActorDepth(CausalityInterfaceForComposites.java:532)
	at ptolemy.actor.util.CausalityInterfaceForComposites.checkForCycles(CausalityInterfaceForComposites.java:96)
	at ptolemy.domains.de.kernel.DEDirector.preinitialize(DEDirector.java:1338)
	at ptolemy.actor.CompositeActor.preinitialize(CompositeActor.java:1828)
	at ptolemy.actor.Manager.preinitializeAndResolveTypes(Manager.java:1040)
	at ptolemy.actor.Manager.initialize(Manager.java:710)
	at ptolemy.actor.Manager.execute(Manager.java:356)
	at ptolemy.actor.Manager.run(Manager.java:1263)
	at ptolemy.actor.Manager$PtolemyRunThread.run(Manager.java:1933)

    while executing
ptolemy.kernel.util.IllegalActionException: Found a zero delay loop containing .dependencyLoop2.original
  in .dependencyLoop2 and .dependencyLoop2.original
    while executing
"java::new ptolemy.moml.MoMLSimpleApplication $file
"
    (procedure "createAndExecute" line 2)
    invoked from within
"createAndExecute $file"
    ("uplevel" body line 5)
    invoked from within
"uplevel $contents_of_test"
------------------ testing $PTII/ptolemy/domains/de/test/auto/knownFailedTests/DESDFClockTest.xml (Known Failure) 
2053 ms. Memory: 129024K Free: 107507K (83%)


==== $PTIIhome/travis/build/icyphy/ptII/ptolemy/domains/de/test/../../../../: Auto Automatic test in file $PTII/ptolemy/domains/de/test/auto/knownFailedTests/DESDFClockTest.xml
==== Contents of test case:

	    # FIXME: we should use $relativeFilename here, but it
	    # might have backslashes under Windows, which causes no end
	    # of trouble.
	    createAndExecute $file
	    list {}
	
.... Test generated KNOWN error:
    while executing
ptolemy.kernel.util.IllegalActionException: Actor is not ready to fire.  Perhaps UpSample.prefire() returned false? Try debugging the actor by selecting "Listen to Actor".  Also, for SDF check moml for tokenConsumptionRate on input.
  in .DESDFClockTest.Play Bell.Copy1:SDF Director and .DESDFClockTest.Play Bell.UpSample
	at ptolemy.actor.sched.StaticSchedulingDirector.fire(StaticSchedulingDirector.java:227)
	at ptolemy.domains.sdf.kernel.SDFDirector.fire(SDFDirector.java:500)
	at ptolemy.actor.CompositeActor.fire(CompositeActor.java:455)
	at ptolemy.domains.de.kernel.DEDirector._fire(DEDirector.java:1949)
	at ptolemy.domains.de.kernel.DEDirector.fire(DEDirector.java:502)
	at ptolemy.actor.CompositeActor.fire(CompositeActor.java:455)
	at ptolemy.actor.Manager.iterate(Manager.java:851)
	at ptolemy.actor.Manager.execute(Manager.java:369)
	at ptolemy.actor.Manager.run(Manager.java:1263)
	at ptolemy.actor.Manager$PtolemyRunThread.run(Manager.java:1933)

    while executing
ptolemy.kernel.util.IllegalActionException: Actor is not ready to fire.  Perhaps UpSample.prefire() returned false? Try debugging the actor by selecting "Listen to Actor".  Also, for SDF check moml for tokenConsumptionRate on input.
  in .DESDFClockTest.Play Bell.Copy1:SDF Director and .DESDFClockTest.Play Bell.UpSample
    while executing
"java::new ptolemy.moml.MoMLSimpleApplication $file
"
    (procedure "createAndExecute" line 2)
    invoked from within
"createAndExecute $file"
    ("uplevel" body line 5)
    invoked from within
"uplevel $contents_of_test"
------------------ testing $PTII/ptolemy/domains/de/test/auto/ActorDepthCalculation_actorWithoutPorts.xml
auto.tcl: Setting watchdog for 200 seconds at Tue Feb 18 01:10:47 UTC 2020
11 ms. Memory: 129024K Free: 100326K (78%)
ptolemy.util.test.WatchDog.cancel(): canceling Tue Feb 18 01:10:47 UTC 2020
auto.tcl: Setting watchdog for 200 seconds at Tue Feb 18 01:10:47 UTC 2020
4 ms. Memory: 129024K Free: 98806K (77%)
ptolemy.util.test.WatchDog.cancel(): canceling Tue Feb 18 01:10:47 UTC 2020
------------------ testing $PTII/ptolemy/domains/de/test/auto/AssemblyLine.xml
auto.tcl: Setting watchdog for 200 seconds at Tue Feb 18 01:10:47 UTC 2020
36 ms. Memory: 51200K Free: 27491K (54%)
ptolemy.util.test.WatchDog.cancel(): canceling Tue Feb 18 01:10:47 UTC 2020
auto.tcl: Setting watchdog for 200 seconds at Tue Feb 18 01:10:47 UTC 2020
6 ms. Memory: 51200K Free: 27008K (53%)
ptolemy.util.test.WatchDog.cancel(): canceling Tue Feb 18 01:10:48 UTC 2020
------------------ testing $PTII/ptolemy/domains/de/test/auto/CQBug1.xml
auto.tcl: Setting watchdog for 200 seconds at Tue Feb 18 01:10:48 UTC 2020
2 ms. Memory: 51200K Free: 33280K (65%)
ptolemy.util.test.WatchDog.cancel(): canceling Tue Feb 18 01:10:48 UTC 2020
auto.tcl: Setting watchdog for 200 seconds at Tue Feb 18 01:10:48 UTC 2020
2 ms. Memory: 51200K Free: 32830K (64%)
ptolemy.util.test.WatchDog.cancel(): canceling Tue Feb 18 01:10:48 UTC 2020
------------------ testing $PTII/ptolemy/domains/de/test/auto/CancelFireAt.xml
auto.tcl: Setting watchdog for 200 seconds at Tue Feb 18 01:10:48 UTC 2020
3 ms. Memory: 51200K Free: 34497K (67%)
ptolemy.util.test.WatchDog.cancel(): canceling Tue Feb 18 01:10:48 UTC 2020
auto.tcl: Setting watchdog for 200 seconds at Tue Feb 18 01:10:48 UTC 2020
2 ms. Memory: 51200K Free: 34038K (66%)
ptolemy.util.test.WatchDog.cancel(): canceling Tue Feb 18 01:10:48 UTC 2020
------------------ testing $PTII/ptolemy/domains/de/test/auto/CausalityAndComposabilityAnalysis.xml
auto.tcl: Setting watchdog for 200 seconds at Tue Feb 18 01:10:48 UTC 2020
6 ms. Memory: 51200K Free: 32418K (63%)
ptolemy.util.test.WatchDog.cancel(): canceling Tue Feb 18 01:10:48 UTC 2020
auto.tcl: Setting watchdog for 200 seconds at Tue Feb 18 01:10:48 UTC 2020
5 ms. Memory: 51200K Free: 31954K (62%)
ptolemy.util.test.WatchDog.cancel(): canceling Tue Feb 18 01:10:48 UTC 2020
------------------ testing $PTII/ptolemy/domains/de/test/auto/CausalityInterface1.xml
auto.tcl: Setting watchdog for 200 seconds at Tue Feb 18 01:10:48 UTC 2020
18 ms. Memory: 51200K Free: 31378K (61%)
ptolemy.util.test.WatchDog.cancel(): canceling Tue Feb 18 01:10:48 UTC 2020
auto.tcl: Setting watchdog for 200 seconds at Tue Feb 18 01:10:48 UTC 2020
4 ms. Memory: 51200K Free: 30402K (59%)
ptolemy.util.test.WatchDog.cancel(): canceling Tue Feb 18 01:10:48 UTC 2020
------------------ testing $PTII/ptolemy/domains/de/test/auto/CausalityInterface15.xml
auto.tcl: Setting watchdog for 200 seconds at Tue Feb 18 01:10:48 UTC 2020
8 ms. Memory: 51200K Free: 30938K (60%)
ptolemy.util.test.WatchDog.cancel(): canceling Tue Feb 18 01:10:48 UTC 2020
auto.tcl: Setting watchdog for 200 seconds at Tue Feb 18 01:10:48 UTC 2020
5 ms. Memory: 51200K Free: 30352K (59%)
ptolemy.util.test.WatchDog.cancel(): canceling Tue Feb 18 01:10:48 UTC 2020
------------------ testing $PTII/ptolemy/domains/de/test/auto/CausalityInterface2.xml
auto.tcl: Setting watchdog for 200 seconds at Tue Feb 18 01:10:48 UTC 2020
10 ms. Memory: 51200K Free: 32073K (63%)
ptolemy.util.test.WatchDog.cancel(): canceling Tue Feb 18 01:10:48 UTC 2020
auto.tcl: Setting watchdog for 200 seconds at Tue Feb 18 01:10:48 UTC 2020
4 ms. Memory: 51200K Free: 30931K (60%)
ptolemy.util.test.WatchDog.cancel(): canceling Tue Feb 18 01:10:48 UTC 2020
------------------ testing $PTII/ptolemy/domains/de/test/auto/CausalityInterface3.xml
auto.tcl: Setting watchdog for 200 seconds at Tue Feb 18 01:10:48 UTC 2020
7 ms. Memory: 51200K Free: 31576K (62%)
ptolemy.util.test.WatchDog.cancel(): canceling Tue Feb 18 01:10:48 UTC 2020
auto.tcl: Setting watchdog for 200 seconds at Tue Feb 18 01:10:48 UTC 2020
5 ms. Memory: 51200K Free: 30814K (60%)
ptolemy.util.test.WatchDog.cancel(): canceling Tue Feb 18 01:10:48 UTC 2020
------------------ testing $PTII/ptolemy/domains/de/test/auto/ClockDrift.xml
auto.tcl: Setting watchdog for 200 seconds at Tue Feb 18 01:10:48 UTC 2020
74 ms. Memory: 51200K Free: 23888K (47%)
ptolemy.util.test.WatchDog.cancel(): canceling Tue Feb 18 01:10:48 UTC 2020
auto.tcl: Setting watchdog for 200 seconds at Tue Feb 18 01:10:48 UTC 2020
37 ms. Memory: 51200K Free: 20683K (40%)
ptolemy.util.test.WatchDog.cancel(): canceling Tue Feb 18 01:10:48 UTC 2020
------------------ testing $PTII/ptolemy/domains/de/test/auto/ClockDriftAndValueChange.xml
auto.tcl: Setting watchdog for 200 seconds at Tue Feb 18 01:10:48 UTC 2020
26 ms. Memory: 51200K Free: 24248K (47%)
ptolemy.util.test.WatchDog.cancel(): canceling Tue Feb 18 01:10:48 UTC 2020
auto.tcl: Setting watchdog for 200 seconds at Tue Feb 18 01:10:48 UTC 2020
24 ms. Memory: 51200K Free: 21434K (42%)
ptolemy.util.test.WatchDog.cancel(): canceling Tue Feb 18 01:10:48 UTC 2020
------------------ testing $PTII/ptolemy/domains/de/test/auto/ClockDriftChange.xml
auto.tcl: Setting watchdog for 200 seconds at Tue Feb 18 01:10:48 UTC 2020
24 ms. Memory: 51200K Free: 26059K (51%)
ptolemy.util.test.WatchDog.cancel(): canceling Tue Feb 18 01:10:49 UTC 2020
auto.tcl: Setting watchdog for 200 seconds at Tue Feb 18 01:10:49 UTC 2020
26 ms. Memory: 51200K Free: 23480K (46%)
ptolemy.util.test.WatchDog.cancel(): canceling Tue Feb 18 01:10:49 UTC 2020
------------------ testing $PTII/ptolemy/domains/de/test/auto/ComposableCausalityAnalysis.xml
auto.tcl: Setting watchdog for 200 seconds at Tue Feb 18 01:10:49 UTC 2020
2 ms. Memory: 51200K Free: 30874K (60%)
ptolemy.util.test.WatchDog.cancel(): canceling Tue Feb 18 01:10:49 UTC 2020
auto.tcl: Setting watchdog for 200 seconds at Tue Feb 18 01:10:49 UTC 2020
2 ms. Memory: 51200K Free: 29884K (58%)
ptolemy.util.test.WatchDog.cancel(): canceling Tue Feb 18 01:10:49 UTC 2020
------------------ testing $PTII/ptolemy/domains/de/test/auto/DEFixedPointLimitation.xml
auto.tcl: Setting watchdog for 200 seconds at Tue Feb 18 01:10:49 UTC 2020
2 ms. Memory: 51200K Free: 32002K (63%)
ptolemy.util.test.WatchDog.cancel(): canceling Tue Feb 18 01:10:49 UTC 2020
auto.tcl: Setting watchdog for 200 seconds at Tue Feb 18 01:10:49 UTC 2020
1 ms. Memory: 51200K Free: 31178K (61%)
ptolemy.util.test.WatchDog.cancel(): canceling Tue Feb 18 01:10:49 UTC 2020
------------------ testing $PTII/ptolemy/domains/de/test/auto/DEScheduleTest.xml
auto.tcl: Setting watchdog for 200 seconds at Tue Feb 18 01:10:49 UTC 2020
4 ms. Memory: 51200K Free: 32400K (63%)
ptolemy.util.test.WatchDog.cancel(): canceling Tue Feb 18 01:10:49 UTC 2020
auto.tcl: Setting watchdog for 200 seconds at Tue Feb 18 01:10:49 UTC 2020
3 ms. Memory: 51200K Free: 31624K (62%)
ptolemy.util.test.WatchDog.cancel(): canceling Tue Feb 18 01:10:49 UTC 2020
------------------ testing $PTII/ptolemy/domains/de/test/auto/DEinDEwithStartTimes.xml
auto.tcl: Setting watchdog for 200 seconds at Tue Feb 18 01:10:49 UTC 2020
5 ms. Memory: 51200K Free: 30551K (60%)
ptolemy.util.test.WatchDog.cancel(): canceling Tue Feb 18 01:10:49 UTC 2020
auto.tcl: Setting watchdog for 200 seconds at Tue Feb 18 01:10:49 UTC 2020
3 ms. Memory: 51200K Free: 29527K (58%)
ptolemy.util.test.WatchDog.cancel(): canceling Tue Feb 18 01:10:49 UTC 2020
------------------ testing $PTII/ptolemy/domains/de/test/auto/DEinDEwithStartTimes2.xml
auto.tcl: Setting watchdog for 200 seconds at Tue Feb 18 01:10:49 UTC 2020
4 ms. Memory: 51200K Free: 29707K (58%)
ptolemy.util.test.WatchDog.cancel(): canceling Tue Feb 18 01:10:49 UTC 2020
auto.tcl: Setting watchdog for 200 seconds at Tue Feb 18 01:10:49 UTC 2020
3 ms. Memory: 51200K Free: 28481K (56%)
ptolemy.util.test.WatchDog.cancel(): canceling Tue Feb 18 01:10:49 UTC 2020
------------------ testing $PTII/ptolemy/domains/de/test/auto/DateDemo.xml
auto.tcl: Setting watchdog for 200 seconds at Tue Feb 18 01:10:49 UTC 2020
21 ms. Memory: 51200K Free: 24102K (47%)
ptolemy.util.test.WatchDog.cancel(): canceling Tue Feb 18 01:10:49 UTC 2020
auto.tcl: Setting watchdog for 200 seconds at Tue Feb 18 01:10:49 UTC 2020
7 ms. Memory: 51200K Free: 22479K (44%)
ptolemy.util.test.WatchDog.cancel(): canceling Tue Feb 18 01:10:49 UTC 2020
------------------ testing $PTII/ptolemy/domains/de/test/auto/DateToEvent.xml
auto.tcl: Setting watchdog for 200 seconds at Tue Feb 18 01:10:49 UTC 2020
2012 ms. Memory: 51200K Free: 20043K (39%)
ptolemy.util.test.WatchDog.cancel(): canceling Tue Feb 18 01:10:51 UTC 2020
auto.tcl: Setting watchdog for 200 seconds at Tue Feb 18 01:10:51 UTC 2020
2004 ms. Memory: 51200K Free: 19210K (38%)
ptolemy.util.test.WatchDog.cancel(): canceling Tue Feb 18 01:10:53 UTC 2020
------------------ testing $PTII/ptolemy/domains/de/test/auto/DepthTest1.xml
auto.tcl: Setting watchdog for 200 seconds at Tue Feb 18 01:10:53 UTC 2020
6 ms. Memory: 51200K Free: 33243K (65%)
ptolemy.util.test.WatchDog.cancel(): canceling Tue Feb 18 01:10:53 UTC 2020
auto.tcl: Setting watchdog for 200 seconds at Tue Feb 18 01:10:53 UTC 2020
2 ms. Memory: 51200K Free: 32747K (64%)
ptolemy.util.test.WatchDog.cancel(): canceling Tue Feb 18 01:10:53 UTC 2020
------------------ testing $PTII/ptolemy/domains/de/test/auto/DepthTest2.xml
auto.tcl: Setting watchdog for 200 seconds at Tue Feb 18 01:10:53 UTC 2020
8 ms. Memory: 51200K Free: 30010K (59%)
ptolemy.util.test.WatchDog.cancel(): canceling Tue Feb 18 01:10:53 UTC 2020
auto.tcl: Setting watchdog for 200 seconds at Tue Feb 18 01:10:53 UTC 2020
2 ms. Memory: 51200K Free: 29583K (58%)
ptolemy.util.test.WatchDog.cancel(): canceling Tue Feb 18 01:10:53 UTC 2020
------------------ testing $PTII/ptolemy/domains/de/test/auto/DepthTest3.xml
auto.tcl: Setting watchdog for 200 seconds at Tue Feb 18 01:10:53 UTC 2020
3 ms. Memory: 51200K Free: 33585K (66%)
ptolemy.util.test.WatchDog.cancel(): canceling Tue Feb 18 01:10:53 UTC 2020
auto.tcl: Setting watchdog for 200 seconds at Tue Feb 18 01:10:53 UTC 2020
2 ms. Memory: 51200K Free: 33093K (65%)
ptolemy.util.test.WatchDog.cancel(): canceling Tue Feb 18 01:10:53 UTC 2020
------------------ testing $PTII/ptolemy/domains/de/test/auto/DepthTest4.xml
auto.tcl: Setting watchdog for 200 seconds at Tue Feb 18 01:10:53 UTC 2020
3 ms. Memory: 51200K Free: 31283K (61%)
ptolemy.util.test.WatchDog.cancel(): canceling Tue Feb 18 01:10:53 UTC 2020
auto.tcl: Setting watchdog for 200 seconds at Tue Feb 18 01:10:53 UTC 2020
2 ms. Memory: 51200K Free: 30854K (60%)
ptolemy.util.test.WatchDog.cancel(): canceling Tue Feb 18 01:10:53 UTC 2020
------------------ testing $PTII/ptolemy/domains/de/test/auto/DepthTest5.xml
auto.tcl: Setting watchdog for 200 seconds at Tue Feb 18 01:10:53 UTC 2020
3 ms. Memory: 51200K Free: 30958K (60%)
ptolemy.util.test.WatchDog.cancel(): canceling Tue Feb 18 01:10:53 UTC 2020
auto.tcl: Setting watchdog for 200 seconds at Tue Feb 18 01:10:53 UTC 2020
2 ms. Memory: 51200K Free: 30531K (60%)
ptolemy.util.test.WatchDog.cancel(): canceling Tue Feb 18 01:10:53 UTC 2020
------------------ testing $PTII/ptolemy/domains/de/test/auto/DepthTest6.xml
auto.tcl: Setting watchdog for 200 seconds at Tue Feb 18 01:10:54 UTC 2020
3 ms. Memory: 51200K Free: 30936K (60%)
ptolemy.util.test.WatchDog.cancel(): canceling Tue Feb 18 01:10:54 UTC 2020
auto.tcl: Setting watchdog for 200 seconds at Tue Feb 18 01:10:54 UTC 2020
2 ms. Memory: 51200K Free: 30524K (60%)
ptolemy.util.test.WatchDog.cancel(): canceling Tue Feb 18 01:10:54 UTC 2020
------------------ testing $PTII/ptolemy/domains/de/test/auto/DepthTest7.xml
auto.tcl: Setting watchdog for 200 seconds at Tue Feb 18 01:10:54 UTC 2020
3 ms. Memory: 51200K Free: 31717K (62%)
ptolemy.util.test.WatchDog.cancel(): canceling Tue Feb 18 01:10:54 UTC 2020
auto.tcl: Setting watchdog for 200 seconds at Tue Feb 18 01:10:54 UTC 2020
2 ms. Memory: 51200K Free: 31029K (61%)
ptolemy.util.test.WatchDog.cancel(): canceling Tue Feb 18 01:10:54 UTC 2020
------------------ testing $PTII/ptolemy/domains/de/test/auto/EventToDate.xml
auto.tcl: Setting watchdog for 200 seconds at Tue Feb 18 01:10:54 UTC 2020
3005 ms. Memory: 51200K Free: 22515K (44%)
ptolemy.util.test.WatchDog.cancel(): canceling Tue Feb 18 01:10:57 UTC 2020
auto.tcl: Setting watchdog for 200 seconds at Tue Feb 18 01:10:57 UTC 2020
3004 ms. Memory: 51200K Free: 21871K (43%)
ptolemy.util.test.WatchDog.cancel(): canceling Tue Feb 18 01:11:00 UTC 2020
------------------ testing $PTII/ptolemy/domains/de/test/auto/FSM1.xml
auto.tcl: Setting watchdog for 200 seconds at Tue Feb 18 01:11:00 UTC 2020
26 ms. Memory: 51200K Free: 23777K (46%)
ptolemy.util.test.WatchDog.cancel(): canceling Tue Feb 18 01:11:00 UTC 2020
auto.tcl: Setting watchdog for 200 seconds at Tue Feb 18 01:11:00 UTC 2020
19 ms. Memory: 51200K Free: 20514K (40%)
ptolemy.util.test.WatchDog.cancel(): canceling Tue Feb 18 01:11:00 UTC 2020
------------------ testing $PTII/ptolemy/domains/de/test/auto/FSM7.xml
auto.tcl: Setting watchdog for 200 seconds at Tue Feb 18 01:11:00 UTC 2020
13 ms. Memory: 51200K Free: 23457K (46%)
ptolemy.util.test.WatchDog.cancel(): canceling Tue Feb 18 01:11:00 UTC 2020
auto.tcl: Setting watchdog for 200 seconds at Tue Feb 18 01:11:00 UTC 2020
14 ms. Memory: 51200K Free: 20301K (40%)
ptolemy.util.test.WatchDog.cancel(): canceling Tue Feb 18 01:11:00 UTC 2020
------------------ testing $PTII/ptolemy/domains/de/test/auto/Inspection.xml
auto.tcl: Setting watchdog for 200 seconds at Tue Feb 18 01:11:00 UTC 2020
19 ms. Memory: 51200K Free: 23474K (46%)
ptolemy.util.test.WatchDog.cancel(): canceling Tue Feb 18 01:11:00 UTC 2020
auto.tcl: Setting watchdog for 200 seconds at Tue Feb 18 01:11:00 UTC 2020
25 ms. Memory: 51200K Free: 21764K (43%)
ptolemy.util.test.WatchDog.cancel(): canceling Tue Feb 18 01:11:00 UTC 2020
------------------ testing $PTII/ptolemy/domains/de/test/auto/Iteration.xml
auto.tcl: Setting watchdog for 200 seconds at Tue Feb 18 01:11:00 UTC 2020
7 ms. Memory: 51200K Free: 29248K (57%)
ptolemy.util.test.WatchDog.cancel(): canceling Tue Feb 18 01:11:00 UTC 2020
auto.tcl: Setting watchdog for 200 seconds at Tue Feb 18 01:11:00 UTC 2020
6 ms. Memory: 51200K Free: 27819K (54%)
ptolemy.util.test.WatchDog.cancel(): canceling Tue Feb 18 01:11:00 UTC 2020
------------------ testing $PTII/ptolemy/domains/de/test/auto/LineFault.xml
auto.tcl: Setting watchdog for 200 seconds at Tue Feb 18 01:11:00 UTC 2020
591 ms. Memory: 63488K Free: 30412K (48%)
ptolemy.util.test.WatchDog.cancel(): canceling Tue Feb 18 01:11:01 UTC 2020
auto.tcl: Setting watchdog for 200 seconds at Tue Feb 18 01:11:01 UTC 2020
518 ms. Memory: 63488K Free: 34694K (55%)
ptolemy.util.test.WatchDog.cancel(): canceling Tue Feb 18 01:11:01 UTC 2020
------------------ testing $PTII/ptolemy/domains/de/test/auto/MergeModel1Add.xml
auto.tcl: Setting watchdog for 200 seconds at Tue Feb 18 01:11:02 UTC 2020
19 ms. Memory: 58368K Free: 22363K (38%)
ptolemy.util.test.WatchDog.cancel(): canceling Tue Feb 18 01:11:02 UTC 2020
auto.tcl: Setting watchdog for 200 seconds at Tue Feb 18 01:11:02 UTC 2020
11 ms. Memory: 58368K Free: 20708K (35%)
ptolemy.util.test.WatchDog.cancel(): canceling Tue Feb 18 01:11:02 UTC 2020
------------------ testing $PTII/ptolemy/domains/de/test/auto/MergeModel2Add.xml
auto.tcl: Setting watchdog for 200 seconds at Tue Feb 18 01:11:02 UTC 2020
8 ms. Memory: 51200K Free: 16964K (33%)
ptolemy.util.test.WatchDog.cancel(): canceling Tue Feb 18 01:11:02 UTC 2020
auto.tcl: Setting watchdog for 200 seconds at Tue Feb 18 01:11:02 UTC 2020
8 ms. Memory: 51200K Free: 15302K (30%)
ptolemy.util.test.WatchDog.cancel(): canceling Tue Feb 18 01:11:02 UTC 2020
------------------ testing $PTII/ptolemy/domains/de/test/auto/MergeModel3Add.xml
auto.tcl: Setting watchdog for 200 seconds at Tue Feb 18 01:11:02 UTC 2020
7 ms. Memory: 51200K Free: 17286K (34%)
ptolemy.util.test.WatchDog.cancel(): canceling Tue Feb 18 01:11:02 UTC 2020
auto.tcl: Setting watchdog for 200 seconds at Tue Feb 18 01:11:02 UTC 2020
8 ms. Memory: 51200K Free: 15875K (31%)
ptolemy.util.test.WatchDog.cancel(): canceling Tue Feb 18 01:11:02 UTC 2020
------------------ testing $PTII/ptolemy/domains/de/test/auto/MergeWithoutDiscard.xml
auto.tcl: Setting watchdog for 200 seconds at Tue Feb 18 01:11:02 UTC 2020
2 ms. Memory: 51200K Free: 32157K (63%)
ptolemy.util.test.WatchDog.cancel(): canceling Tue Feb 18 01:11:02 UTC 2020
auto.tcl: Setting watchdog for 200 seconds at Tue Feb 18 01:11:02 UTC 2020
1 ms. Memory: 51200K Free: 31238K (61%)
ptolemy.util.test.WatchDog.cancel(): canceling Tue Feb 18 01:11:02 UTC 2020
------------------ testing $PTII/ptolemy/domains/de/test/auto/Modal1.xml
auto.tcl: Setting watchdog for 200 seconds at Tue Feb 18 01:11:02 UTC 2020
18 ms. Memory: 51200K Free: 23964K (47%)
ptolemy.util.test.WatchDog.cancel(): canceling Tue Feb 18 01:11:02 UTC 2020
auto.tcl: Setting watchdog for 200 seconds at Tue Feb 18 01:11:02 UTC 2020
12 ms. Memory: 51200K Free: 20693K (40%)
ptolemy.util.test.WatchDog.cancel(): canceling Tue Feb 18 01:11:02 UTC 2020
------------------ testing $PTII/ptolemy/domains/de/test/auto/Modal2.xml
auto.tcl: Setting watchdog for 200 seconds at Tue Feb 18 01:11:02 UTC 2020
14 ms. Memory: 51200K Free: 24150K (47%)
ptolemy.util.test.WatchDog.cancel(): canceling Tue Feb 18 01:11:02 UTC 2020
auto.tcl: Setting watchdog for 200 seconds at Tue Feb 18 01:11:02 UTC 2020
18 ms. Memory: 51200K Free: 20636K (40%)
ptolemy.util.test.WatchDog.cancel(): canceling Tue Feb 18 01:11:02 UTC 2020
------------------ testing $PTII/ptolemy/domains/de/test/auto/Modal3.xml
auto.tcl: Setting watchdog for 200 seconds at Tue Feb 18 01:11:02 UTC 2020
10 ms. Memory: 51200K Free: 23552K (46%)
ptolemy.util.test.WatchDog.cancel(): canceling Tue Feb 18 01:11:02 UTC 2020
auto.tcl: Setting watchdog for 200 seconds at Tue Feb 18 01:11:02 UTC 2020
14 ms. Memory: 51200K Free: 20650K (40%)
ptolemy.util.test.WatchDog.cancel(): canceling Tue Feb 18 01:11:02 UTC 2020
------------------ testing $PTII/ptolemy/domains/de/test/auto/Modal4.xml
auto.tcl: Setting watchdog for 200 seconds at Tue Feb 18 01:11:02 UTC 2020
22 ms. Memory: 51200K Free: 22829K (45%)
ptolemy.util.test.WatchDog.cancel(): canceling Tue Feb 18 01:11:02 UTC 2020
auto.tcl: Setting watchdog for 200 seconds at Tue Feb 18 01:11:02 UTC 2020
21 ms. Memory: 51200K Free: 19125K (37%)
ptolemy.util.test.WatchDog.cancel(): canceling Tue Feb 18 01:11:02 UTC 2020
------------------ testing $PTII/ptolemy/domains/de/test/auto/Modal5.xml
auto.tcl: Setting watchdog for 200 seconds at Tue Feb 18 01:11:02 UTC 2020
15 ms. Memory: 51200K Free: 22791K (45%)
ptolemy.util.test.WatchDog.cancel(): canceling Tue Feb 18 01:11:02 UTC 2020
auto.tcl: Setting watchdog for 200 seconds at Tue Feb 18 01:11:02 UTC 2020
13 ms. Memory: 51200K Free: 19011K (37%)
ptolemy.util.test.WatchDog.cancel(): canceling Tue Feb 18 01:11:02 UTC 2020
------------------ testing $PTII/ptolemy/domains/de/test/auto/Modal6.xml
auto.tcl: Setting watchdog for 200 seconds at Tue Feb 18 01:11:02 UTC 2020
16 ms. Memory: 51200K Free: 23542K (46%)
ptolemy.util.test.WatchDog.cancel(): canceling Tue Feb 18 01:11:03 UTC 2020
auto.tcl: Setting watchdog for 200 seconds at Tue Feb 18 01:11:03 UTC 2020
17 ms. Memory: 51200K Free: 19598K (38%)
ptolemy.util.test.WatchDog.cancel(): canceling Tue Feb 18 01:11:03 UTC 2020
------------------ testing $PTII/ptolemy/domains/de/test/auto/Modal7.xml
auto.tcl: Setting watchdog for 200 seconds at Tue Feb 18 01:11:03 UTC 2020
10 ms. Memory: 51200K Free: 22505K (44%)
ptolemy.util.test.WatchDog.cancel(): canceling Tue Feb 18 01:11:03 UTC 2020
auto.tcl: Setting watchdog for 200 seconds at Tue Feb 18 01:11:03 UTC 2020
10 ms. Memory: 51200K Free: 19011K (37%)
ptolemy.util.test.WatchDog.cancel(): canceling Tue Feb 18 01:11:03 UTC 2020
------------------ testing $PTII/ptolemy/domains/de/test/auto/ModalModel.xml
auto.tcl: Setting watchdog for 200 seconds at Tue Feb 18 01:11:03 UTC 2020
213 ms. Memory: 51200K Free: 18135K (35%)
ptolemy.util.test.WatchDog.cancel(): canceling Tue Feb 18 01:11:03 UTC 2020
auto.tcl: Setting watchdog for 200 seconds at Tue Feb 18 01:11:03 UTC 2020
193 ms. Memory: 61440K Free: 21740K (35%)
ptolemy.util.test.WatchDog.cancel(): canceling Tue Feb 18 01:11:03 UTC 2020
------------------ testing $PTII/ptolemy/domains/de/test/auto/ModalSource.xml
auto.tcl: Setting watchdog for 200 seconds at Tue Feb 18 01:11:03 UTC 2020
8 ms. Memory: 51200K Free: 27685K (54%)
ptolemy.util.test.WatchDog.cancel(): canceling Tue Feb 18 01:11:03 UTC 2020
auto.tcl: Setting watchdog for 200 seconds at Tue Feb 18 01:11:03 UTC 2020
6 ms. Memory: 51200K Free: 25637K (50%)
ptolemy.util.test.WatchDog.cancel(): canceling Tue Feb 18 01:11:03 UTC 2020
------------------ testing $PTII/ptolemy/domains/de/test/auto/NonInterruptibleTimerZeroDelay.xml
auto.tcl: Setting watchdog for 200 seconds at Tue Feb 18 01:11:03 UTC 2020
3 ms. Memory: 51200K Free: 32629K (64%)
ptolemy.util.test.WatchDog.cancel(): canceling Tue Feb 18 01:11:03 UTC 2020
auto.tcl: Setting watchdog for 200 seconds at Tue Feb 18 01:11:03 UTC 2020
2 ms. Memory: 51200K Free: 31985K (62%)
ptolemy.util.test.WatchDog.cancel(): canceling Tue Feb 18 01:11:03 UTC 2020
------------------ testing $PTII/ptolemy/domains/de/test/auto/OpenQueueingNetwork.xml
auto.tcl: Setting watchdog for 200 seconds at Tue Feb 18 01:11:03 UTC 2020
2924 ms. Memory: 124928K Free: 78175K (63%)
ptolemy.util.test.WatchDog.cancel(): canceling Tue Feb 18 01:11:06 UTC 2020
auto.tcl: Setting watchdog for 200 seconds at Tue Feb 18 01:11:06 UTC 2020
2484 ms. Memory: 150528K Free: 87556K (58%)
ptolemy.util.test.WatchDog.cancel(): canceling Tue Feb 18 01:11:09 UTC 2020
------------------ testing $PTII/ptolemy/domains/de/test/auto/OpenQueuingNetwork.xml
auto.tcl: Setting watchdog for 200 seconds at Tue Feb 18 01:11:09 UTC 2020
231 ms. Memory: 55296K Free: 24083K (44%)
ptolemy.util.test.WatchDog.cancel(): canceling Tue Feb 18 01:11:09 UTC 2020
auto.tcl: Setting watchdog for 200 seconds at Tue Feb 18 01:11:09 UTC 2020
226 ms. Memory: 55296K Free: 32248K (58%)
ptolemy.util.test.WatchDog.cancel(): canceling Tue Feb 18 01:11:09 UTC 2020
------------------ testing $PTII/ptolemy/domains/de/test/auto/PeriodicSampler.xml
auto.tcl: Setting watchdog for 200 seconds at Tue Feb 18 01:11:09 UTC 2020
3 ms. Memory: 51200K Free: 31823K (62%)
ptolemy.util.test.WatchDog.cancel(): canceling Tue Feb 18 01:11:09 UTC 2020
auto.tcl: Setting watchdog for 200 seconds at Tue Feb 18 01:11:09 UTC 2020
2 ms. Memory: 51200K Free: 31333K (61%)
ptolemy.util.test.WatchDog.cancel(): canceling Tue Feb 18 01:11:09 UTC 2020
------------------ testing $PTII/ptolemy/domains/de/test/auto/PersistentIO.xml
auto.tcl: Setting watchdog for 200 seconds at Tue Feb 18 01:11:10 UTC 2020
6 ms. Memory: 51200K Free: 26732K (52%)
ptolemy.util.test.WatchDog.cancel(): canceling Tue Feb 18 01:11:10 UTC 2020
auto.tcl: Setting watchdog for 200 seconds at Tue Feb 18 01:11:10 UTC 2020
4 ms. Memory: 51200K Free: 25259K (49%)
ptolemy.util.test.WatchDog.cancel(): canceling Tue Feb 18 01:11:10 UTC 2020
------------------ testing $PTII/ptolemy/domains/de/test/auto/PortParameterResetOnInitialize.xml
auto.tcl: Setting watchdog for 200 seconds at Tue Feb 18 01:11:10 UTC 2020
2 ms. Memory: 51200K Free: 31724K (62%)
ptolemy.util.test.WatchDog.cancel(): canceling Tue Feb 18 01:11:10 UTC 2020
auto.tcl: Setting watchdog for 200 seconds at Tue Feb 18 01:11:10 UTC 2020
2 ms. Memory: 51200K Free: 31236K (61%)
ptolemy.util.test.WatchDog.cancel(): canceling Tue Feb 18 01:11:10 UTC 2020
------------------ testing $PTII/ptolemy/domains/de/test/auto/PortParameterUpdates.xml
auto.tcl: Setting watchdog for 200 seconds at Tue Feb 18 01:11:10 UTC 2020
3 ms. Memory: 51200K Free: 29830K (58%)
ptolemy.util.test.WatchDog.cancel(): canceling Tue Feb 18 01:11:10 UTC 2020
auto.tcl: Setting watchdog for 200 seconds at Tue Feb 18 01:11:10 UTC 2020
3 ms. Memory: 51200K Free: 28816K (56%)
ptolemy.util.test.WatchDog.cancel(): canceling Tue Feb 18 01:11:10 UTC 2020
------------------ testing $PTII/ptolemy/domains/de/test/auto/QueueAndServer.xml
auto.tcl: Setting watchdog for 200 seconds at Tue Feb 18 01:11:10 UTC 2020
6 ms. Memory: 51200K Free: 28770K (56%)
ptolemy.util.test.WatchDog.cancel(): canceling Tue Feb 18 01:11:10 UTC 2020
auto.tcl: Setting watchdog for 200 seconds at Tue Feb 18 01:11:10 UTC 2020
5 ms. Memory: 51200K Free: 27283K (53%)
ptolemy.util.test.WatchDog.cancel(): canceling Tue Feb 18 01:11:10 UTC 2020
------------------ testing $PTII/ptolemy/domains/de/test/auto/Records.xml
auto.tcl: Setting watchdog for 200 seconds at Tue Feb 18 01:11:10 UTC 2020
3 ms. Memory: 51200K Free: 30987K (61%)
ptolemy.util.test.WatchDog.cancel(): canceling Tue Feb 18 01:11:10 UTC 2020
auto.tcl: Setting watchdog for 200 seconds at Tue Feb 18 01:11:10 UTC 2020
2 ms. Memory: 51200K Free: 30497K (60%)
ptolemy.util.test.WatchDog.cancel(): canceling Tue Feb 18 01:11:10 UTC 2020
------------------ testing $PTII/ptolemy/domains/de/test/auto/ResetTransitionWithStartTime1.xml
auto.tcl: Setting watchdog for 200 seconds at Tue Feb 18 01:11:10 UTC 2020
11 ms. Memory: 51200K Free: 28232K (55%)
ptolemy.util.test.WatchDog.cancel(): canceling Tue Feb 18 01:11:10 UTC 2020
auto.tcl: Setting watchdog for 200 seconds at Tue Feb 18 01:11:10 UTC 2020
7 ms. Memory: 51200K Free: 26168K (51%)
ptolemy.util.test.WatchDog.cancel(): canceling Tue Feb 18 01:11:10 UTC 2020
------------------ testing $PTII/ptolemy/domains/de/test/auto/ResetTransitionWithStartTime2.xml
auto.tcl: Setting watchdog for 200 seconds at Tue Feb 18 01:11:10 UTC 2020
4 ms. Memory: 51200K Free: 28187K (55%)
ptolemy.util.test.WatchDog.cancel(): canceling Tue Feb 18 01:11:10 UTC 2020
auto.tcl: Setting watchdog for 200 seconds at Tue Feb 18 01:11:10 UTC 2020
7 ms. Memory: 51200K Free: 25619K (50%)
ptolemy.util.test.WatchDog.cancel(): canceling Tue Feb 18 01:11:10 UTC 2020
------------------ testing $PTII/ptolemy/domains/de/test/auto/ResetTransitionWithStartTime3.xml
auto.tcl: Setting watchdog for 200 seconds at Tue Feb 18 01:11:10 UTC 2020
7 ms. Memory: 51200K Free: 28186K (55%)
ptolemy.util.test.WatchDog.cancel(): canceling Tue Feb 18 01:11:10 UTC 2020
auto.tcl: Setting watchdog for 200 seconds at Tue Feb 18 01:11:10 UTC 2020
5 ms. Memory: 51200K Free: 26138K (51%)
ptolemy.util.test.WatchDog.cancel(): canceling Tue Feb 18 01:11:10 UTC 2020
------------------ testing $PTII/ptolemy/domains/de/test/auto/ResetTransitionWithStartTime4.xml
auto.tcl: Setting watchdog for 200 seconds at Tue Feb 18 01:11:10 UTC 2020
11 ms. Memory: 51200K Free: 28595K (56%)
ptolemy.util.test.WatchDog.cancel(): canceling Tue Feb 18 01:11:10 UTC 2020
auto.tcl: Setting watchdog for 200 seconds at Tue Feb 18 01:11:10 UTC 2020
4 ms. Memory: 51200K Free: 27178K (53%)
ptolemy.util.test.WatchDog.cancel(): canceling Tue Feb 18 01:11:10 UTC 2020
------------------ testing $PTII/ptolemy/domains/de/test/auto/ResettableTimer1.xml
auto.tcl: Setting watchdog for 200 seconds at Tue Feb 18 01:11:10 UTC 2020
3 ms. Memory: 51200K Free: 32263K (63%)
ptolemy.util.test.WatchDog.cancel(): canceling Tue Feb 18 01:11:10 UTC 2020
auto.tcl: Setting watchdog for 200 seconds at Tue Feb 18 01:11:10 UTC 2020
2 ms. Memory: 51200K Free: 31254K (61%)
ptolemy.util.test.WatchDog.cancel(): canceling Tue Feb 18 01:11:10 UTC 2020
------------------ testing $PTII/ptolemy/domains/de/test/auto/ResettableTimer2.xml
auto.tcl: Setting watchdog for 200 seconds at Tue Feb 18 01:11:10 UTC 2020
3 ms. Memory: 51200K Free: 32419K (63%)
ptolemy.util.test.WatchDog.cancel(): canceling Tue Feb 18 01:11:10 UTC 2020
auto.tcl: Setting watchdog for 200 seconds at Tue Feb 18 01:11:10 UTC 2020
2 ms. Memory: 51200K Free: 31342K (61%)
ptolemy.util.test.WatchDog.cancel(): canceling Tue Feb 18 01:11:10 UTC 2020
------------------ testing $PTII/ptolemy/domains/de/test/auto/ResettableTimer3.xml
auto.tcl: Setting watchdog for 200 seconds at Tue Feb 18 01:11:10 UTC 2020
1 ms. Memory: 51200K Free: 32318K (63%)
ptolemy.util.test.WatchDog.cancel(): canceling Tue Feb 18 01:11:10 UTC 2020
auto.tcl: Setting watchdog for 200 seconds at Tue Feb 18 01:11:10 UTC 2020
1 ms. Memory: 51200K Free: 32318K (63%)
ptolemy.util.test.WatchDog.cancel(): canceling Tue Feb 18 01:11:10 UTC 2020
------------------ testing $PTII/ptolemy/domains/de/test/auto/ResettableTimer4.xml
auto.tcl: Setting watchdog for 200 seconds at Tue Feb 18 01:11:10 UTC 2020
1 ms. Memory: 51200K Free: 32332K (63%)
ptolemy.util.test.WatchDog.cancel(): canceling Tue Feb 18 01:11:10 UTC 2020
auto.tcl: Setting watchdog for 200 seconds at Tue Feb 18 01:11:10 UTC 2020
1 ms. Memory: 51200K Free: 31842K (62%)
ptolemy.util.test.WatchDog.cancel(): canceling Tue Feb 18 01:11:10 UTC 2020
------------------ testing $PTII/ptolemy/domains/de/test/auto/ResettableTimer5.xml
auto.tcl: Setting watchdog for 200 seconds at Tue Feb 18 01:11:10 UTC 2020
1 ms. Memory: 51200K Free: 31802K (62%)
ptolemy.util.test.WatchDog.cancel(): canceling Tue Feb 18 01:11:10 UTC 2020
auto.tcl: Setting watchdog for 200 seconds at Tue Feb 18 01:11:10 UTC 2020
2 ms. Memory: 51200K Free: 31315K (61%)
ptolemy.util.test.WatchDog.cancel(): canceling Tue Feb 18 01:11:10 UTC 2020
------------------ testing $PTII/ptolemy/domains/de/test/auto/ResettableTimer6.xml
auto.tcl: Setting watchdog for 200 seconds at Tue Feb 18 01:11:10 UTC 2020
1 ms. Memory: 51200K Free: 31801K (62%)
ptolemy.util.test.WatchDog.cancel(): canceling Tue Feb 18 01:11:10 UTC 2020
auto.tcl: Setting watchdog for 200 seconds at Tue Feb 18 01:11:10 UTC 2020
2 ms. Memory: 51200K Free: 31297K (61%)
ptolemy.util.test.WatchDog.cancel(): canceling Tue Feb 18 01:11:10 UTC 2020
------------------ testing $PTII/ptolemy/domains/de/test/auto/ServerZeroDelay.xml
auto.tcl: Setting watchdog for 200 seconds at Tue Feb 18 01:11:10 UTC 2020
3 ms. Memory: 51200K Free: 32312K (63%)
ptolemy.util.test.WatchDog.cancel(): canceling Tue Feb 18 01:11:10 UTC 2020
auto.tcl: Setting watchdog for 200 seconds at Tue Feb 18 01:11:10 UTC 2020
2 ms. Memory: 51200K Free: 31303K (61%)
ptolemy.util.test.WatchDog.cancel(): canceling Tue Feb 18 01:11:10 UTC 2020
------------------ testing $PTII/ptolemy/domains/de/test/auto/SmartSender.xml
auto.tcl: Setting watchdog for 200 seconds at Tue Feb 18 01:11:10 UTC 2020
3002 ms. Memory: 51200K Free: 32307K (63%)
ptolemy.util.test.WatchDog.cancel(): canceling Tue Feb 18 01:11:14 UTC 2020
auto.tcl: Setting watchdog for 200 seconds at Tue Feb 18 01:11:14 UTC 2020
3001 ms. Memory: 51200K Free: 31803K (62%)
ptolemy.util.test.WatchDog.cancel(): canceling Tue Feb 18 01:11:17 UTC 2020
------------------ testing $PTII/ptolemy/domains/de/test/auto/ThreadedComposite.xml
auto.tcl: Setting watchdog for 200 seconds at Tue Feb 18 01:11:17 UTC 2020
186 ms. Memory: 51200K Free: 13375K (26%)
ptolemy.util.test.WatchDog.cancel(): canceling Tue Feb 18 01:11:17 UTC 2020
auto.tcl: Setting watchdog for 200 seconds at Tue Feb 18 01:11:17 UTC 2020
175 ms. Memory: 51200K Free: 27897K (54%)
ptolemy.util.test.WatchDog.cancel(): canceling Tue Feb 18 01:11:17 UTC 2020
------------------ testing $PTII/ptolemy/domains/de/test/auto/Time.xml
auto.tcl: Setting watchdog for 200 seconds at Tue Feb 18 01:11:17 UTC 2020
415 ms. Memory: 51200K Free: 35113K (69%)
ptolemy.util.test.WatchDog.cancel(): canceling Tue Feb 18 01:11:17 UTC 2020
auto.tcl: Setting watchdog for 200 seconds at Tue Feb 18 01:11:17 UTC 2020
420 ms. Memory: 66560K Free: 25262K (38%)
ptolemy.util.test.WatchDog.cancel(): canceling Tue Feb 18 01:11:18 UTC 2020
------------------ testing $PTII/ptolemy/domains/de/test/auto/TimeDelayZeroDelay.xml
auto.tcl: Setting watchdog for 200 seconds at Tue Feb 18 01:11:18 UTC 2020
3 ms. Memory: 51200K Free: 32236K (63%)
ptolemy.util.test.WatchDog.cancel(): canceling Tue Feb 18 01:11:18 UTC 2020
auto.tcl: Setting watchdog for 200 seconds at Tue Feb 18 01:11:18 UTC 2020
2 ms. Memory: 51200K Free: 31768K (62%)
ptolemy.util.test.WatchDog.cancel(): canceling Tue Feb 18 01:11:18 UTC 2020
------------------ testing $PTII/ptolemy/domains/de/test/auto/TimerZeroDelay.xml
auto.tcl: Setting watchdog for 200 seconds at Tue Feb 18 01:11:18 UTC 2020
2 ms. Memory: 51200K Free: 32689K (64%)
ptolemy.util.test.WatchDog.cancel(): canceling Tue Feb 18 01:11:18 UTC 2020
auto.tcl: Setting watchdog for 200 seconds at Tue Feb 18 01:11:18 UTC 2020
2 ms. Memory: 51200K Free: 31833K (62%)
ptolemy.util.test.WatchDog.cancel(): canceling Tue Feb 18 01:11:18 UTC 2020
------------------ testing $PTII/ptolemy/domains/de/test/auto/TimingParadox.xml
auto.tcl: Setting watchdog for 200 seconds at Tue Feb 18 01:11:18 UTC 2020
307 ms. Memory: 51200K Free: 18899K (37%)
ptolemy.util.test.WatchDog.cancel(): canceling Tue Feb 18 01:11:18 UTC 2020
auto.tcl: Setting watchdog for 200 seconds at Tue Feb 18 01:11:18 UTC 2020
289 ms. Memory: 51200K Free: 8523K (17%)
ptolemy.util.test.WatchDog.cancel(): canceling Tue Feb 18 01:11:19 UTC 2020
------------------ testing $PTII/ptolemy/domains/de/test/auto/TransferInputs.xml
auto.tcl: Setting watchdog for 200 seconds at Tue Feb 18 01:11:19 UTC 2020
1 ms. Memory: 51200K Free: 30747K (60%)
ptolemy.util.test.WatchDog.cancel(): canceling Tue Feb 18 01:11:19 UTC 2020
auto.tcl: Setting watchdog for 200 seconds at Tue Feb 18 01:11:19 UTC 2020
2 ms. Memory: 51200K Free: 29832K (58%)
ptolemy.util.test.WatchDog.cancel(): canceling Tue Feb 18 01:11:19 UTC 2020
------------------ testing $PTII/ptolemy/domains/de/test/auto/TransferOutputs2.xml
auto.tcl: Setting watchdog for 200 seconds at Tue Feb 18 01:11:19 UTC 2020
16 ms. Memory: 51200K Free: 28189K (55%)
ptolemy.util.test.WatchDog.cancel(): canceling Tue Feb 18 01:11:19 UTC 2020
auto.tcl: Setting watchdog for 200 seconds at Tue Feb 18 01:11:19 UTC 2020
2 ms. Memory: 51200K Free: 26761K (52%)
ptolemy.util.test.WatchDog.cancel(): canceling Tue Feb 18 01:11:19 UTC 2020
------------------ testing $PTII/ptolemy/domains/de/test/auto/Trilateration.xml
auto.tcl: Setting watchdog for 200 seconds at Tue Feb 18 01:11:19 UTC 2020
13282 ms. Memory: 595968K Free: 284433K (48%)
ptolemy.util.test.WatchDog.cancel(): canceling Tue Feb 18 01:11:33 UTC 2020
auto.tcl: Setting watchdog for 200 seconds at Tue Feb 18 01:11:33 UTC 2020
8668 ms. Memory: 595968K Free: 478425K (80%)
ptolemy.util.test.WatchDog.cancel(): canceling Tue Feb 18 01:11:42 UTC 2020
------------------ testing $PTII/ptolemy/domains/de/test/auto/TwoSigmaDelta.xml
auto.tcl: Setting watchdog for 200 seconds at Tue Feb 18 01:11:42 UTC 2020
2291 ms. Memory: 89088K Free: 12478K (14%)
ptolemy.util.test.WatchDog.cancel(): canceling Tue Feb 18 01:11:44 UTC 2020
auto.tcl: Setting watchdog for 200 seconds at Tue Feb 18 01:11:44 UTC 2020
1884 ms. Memory: 89088K Free: 58074K (65%)
ptolemy.util.test.WatchDog.cancel(): canceling Tue Feb 18 01:11:46 UTC 2020
------------------ testing $PTII/ptolemy/domains/de/test/auto/VariableDelay.xml
auto.tcl: Setting watchdog for 200 seconds at Tue Feb 18 01:11:46 UTC 2020
4 ms. Memory: 55296K Free: 35318K (64%)
ptolemy.util.test.WatchDog.cancel(): canceling Tue Feb 18 01:11:46 UTC 2020
auto.tcl: Setting watchdog for 200 seconds at Tue Feb 18 01:11:46 UTC 2020
1 ms. Memory: 55296K Free: 34324K (62%)
ptolemy.util.test.WatchDog.cancel(): canceling Tue Feb 18 01:11:46 UTC 2020
------------------ testing $PTII/ptolemy/domains/de/test/auto/VariableDelay2.xml
auto.tcl: Setting watchdog for 200 seconds at Tue Feb 18 01:11:46 UTC 2020
3 ms. Memory: 55296K Free: 35716K (65%)
ptolemy.util.test.WatchDog.cancel(): canceling Tue Feb 18 01:11:46 UTC 2020
auto.tcl: Setting watchdog for 200 seconds at Tue Feb 18 01:11:46 UTC 2020
1 ms. Memory: 55296K Free: 35234K (64%)
ptolemy.util.test.WatchDog.cancel(): canceling Tue Feb 18 01:11:46 UTC 2020
------------------ testing $PTII/ptolemy/domains/de/test/auto/VariableDelayZeroDelay.xml
auto.tcl: Setting watchdog for 200 seconds at Tue Feb 18 01:11:47 UTC 2020
2 ms. Memory: 55296K Free: 36259K (66%)
ptolemy.util.test.WatchDog.cancel(): canceling Tue Feb 18 01:11:47 UTC 2020
auto.tcl: Setting watchdog for 200 seconds at Tue Feb 18 01:11:47 UTC 2020
1 ms. Memory: 55296K Free: 35715K (65%)
ptolemy.util.test.WatchDog.cancel(): canceling Tue Feb 18 01:11:47 UTC 2020
------------------ testing $PTII/ptolemy/domains/de/test/auto/VariableDelayZeroDelay2.xml
auto.tcl: Setting watchdog for 200 seconds at Tue Feb 18 01:11:47 UTC 2020
2 ms. Memory: 51200K Free: 32161K (63%)
ptolemy.util.test.WatchDog.cancel(): canceling Tue Feb 18 01:11:47 UTC 2020
auto.tcl: Setting watchdog for 200 seconds at Tue Feb 18 01:11:47 UTC 2020
1 ms. Memory: 51200K Free: 31137K (61%)
ptolemy.util.test.WatchDog.cancel(): canceling Tue Feb 18 01:11:47 UTC 2020
------------------ testing $PTII/ptolemy/domains/de/test/auto/deInCt.xml
auto.tcl: Setting watchdog for 200 seconds at Tue Feb 18 01:11:47 UTC 2020
0
1
1
0
0
0
0
1
1
1
0
0
0
0
0
1
1
1
0
0
0
0
1
1
1
1
0
0
0
0
1
1
1
0
0
0
1
1
1
1
20 ms. Memory: 51200K Free: 31134K (61%)
ptolemy.util.test.WatchDog.cancel(): canceling Tue Feb 18 01:11:47 UTC 2020
auto.tcl: Setting watchdog for 200 seconds at Tue Feb 18 01:11:47 UTC 2020
0
1
1
1
1
0
0
0
1
1
1
1
0
0
0
0
1
1
1
0
0
1
1
1
1
0
0
1
1
1
0
0
0
1
1
1
1
0
0
0
0
0
8 ms. Memory: 51200K Free: 29597K (58%)
ptolemy.util.test.WatchDog.cancel(): canceling Tue Feb 18 01:11:47 UTC 2020
------------------ testing $PTII/ptolemy/domains/de/test/auto/deInCt2.xml
auto.tcl: Setting watchdog for 200 seconds at Tue Feb 18 01:11:47 UTC 2020
0
1
1
1
0
0
1
1
1
0
0
1
1
1
0
0
1
1
1
0
0
1
1
1
0
0
1
1
1
0
0
1
1
1
0
0
1
1
1
0
0
0
9 ms. Memory: 51200K Free: 31135K (61%)
ptolemy.util.test.WatchDog.cancel(): canceling Tue Feb 18 01:11:47 UTC 2020
auto.tcl: Setting watchdog for 200 seconds at Tue Feb 18 01:11:47 UTC 2020
0
1
1
1
0
0
1
1
1
0
0
1
1
1
0
0
1
1
1
0
0
1
1
1
0
0
1
1
1
0
0
1
1
1
0
0
1
1
1
0
0
0
6 ms. Memory: 51200K Free: 29593K (58%)
ptolemy.util.test.WatchDog.cancel(): canceling Tue Feb 18 01:11:47 UTC 2020
------------------ testing $PTII/ptolemy/domains/de/test/auto/dynamicCausalityInterface1.xml
auto.tcl: Setting watchdog for 200 seconds at Tue Feb 18 01:11:47 UTC 2020
1 ms. Memory: 51200K Free: 26420K (52%)
ptolemy.util.test.WatchDog.cancel(): canceling Tue Feb 18 01:11:47 UTC 2020
auto.tcl: Setting watchdog for 200 seconds at Tue Feb 18 01:11:47 UTC 2020
1 ms. Memory: 51200K Free: 26420K (52%)
ptolemy.util.test.WatchDog.cancel(): canceling Tue Feb 18 01:11:47 UTC 2020
------------------ testing $PTII/ptolemy/domains/de/test/auto/fsm_de_test.xml
auto.tcl: Setting watchdog for 200 seconds at Tue Feb 18 01:11:47 UTC 2020
9 ms. Memory: 51200K Free: 26932K (53%)
ptolemy.util.test.WatchDog.cancel(): canceling Tue Feb 18 01:11:47 UTC 2020
auto.tcl: Setting watchdog for 200 seconds at Tue Feb 18 01:11:47 UTC 2020
7 ms. Memory: 51200K Free: 24884K (49%)
ptolemy.util.test.WatchDog.cancel(): canceling Tue Feb 18 01:11:47 UTC 2020
------------------ testing $PTII/ptolemy/domains/de/test/auto/functionDependencyReconstruction.xml
auto.tcl: Setting watchdog for 200 seconds at Tue Feb 18 01:11:47 UTC 2020
3 ms. Memory: 51200K Free: 20900K (41%)
ptolemy.util.test.WatchDog.cancel(): canceling Tue Feb 18 01:11:47 UTC 2020
auto.tcl: Setting watchdog for 200 seconds at Tue Feb 18 01:11:47 UTC 2020
2 ms. Memory: 51200K Free: 18729K (37%)
ptolemy.util.test.WatchDog.cancel(): canceling Tue Feb 18 01:11:47 UTC 2020
------------------ testing $PTII/ptolemy/domains/de/test/auto/multirate.xml
auto.tcl: Setting watchdog for 200 seconds at Tue Feb 18 01:11:47 UTC 2020
5 ms. Memory: 51200K Free: 28976K (57%)
ptolemy.util.test.WatchDog.cancel(): canceling Tue Feb 18 01:11:47 UTC 2020
auto.tcl: Setting watchdog for 200 seconds at Tue Feb 18 01:11:47 UTC 2020
4 ms. Memory: 51200K Free: 27828K (54%)
ptolemy.util.test.WatchDog.cancel(): canceling Tue Feb 18 01:11:47 UTC 2020
------------------ testing $PTII/ptolemy/domains/de/test/auto/multirate2.xml
auto.tcl: Setting watchdog for 200 seconds at Tue Feb 18 01:11:47 UTC 2020
5 ms. Memory: 51200K Free: 29529K (58%)
ptolemy.util.test.WatchDog.cancel(): canceling Tue Feb 18 01:11:47 UTC 2020
auto.tcl: Setting watchdog for 200 seconds at Tue Feb 18 01:11:47 UTC 2020
4 ms. Memory: 51200K Free: 28021K (55%)
ptolemy.util.test.WatchDog.cancel(): canceling Tue Feb 18 01:11:47 UTC 2020
------------------ testing $PTII/ptolemy/domains/de/test/auto/realtime.xml
auto.tcl: Setting watchdog for 200 seconds at Tue Feb 18 01:11:47 UTC 2020
10003 ms. Memory: 51200K Free: 31804K (62%)
ptolemy.util.test.WatchDog.cancel(): canceling Tue Feb 18 01:11:57 UTC 2020
auto.tcl: Setting watchdog for 200 seconds at Tue Feb 18 01:11:57 UTC 2020
10002 ms. Memory: 51200K Free: 31079K (61%)
ptolemy.util.test.WatchDog.cancel(): canceling Tue Feb 18 01:12:07 UTC 2020
------------------ testing $PTII/ptolemy/domains/de/test/auto/relationGroup.xml
auto.tcl: Setting watchdog for 200 seconds at Tue Feb 18 01:12:07 UTC 2020
9 ms. Memory: 51200K Free: 32892K (64%)
ptolemy.util.test.WatchDog.cancel(): canceling Tue Feb 18 01:12:07 UTC 2020
auto.tcl: Setting watchdog for 200 seconds at Tue Feb 18 01:12:07 UTC 2020
2 ms. Memory: 51200K Free: 32382K (63%)
ptolemy.util.test.WatchDog.cancel(): canceling Tue Feb 18 01:12:07 UTC 2020
------------------ testing $PTII/ptolemy/domains/de/test/auto/relationGroup2.xml
auto.tcl: Setting watchdog for 200 seconds at Tue Feb 18 01:12:07 UTC 2020
2 ms. Memory: 51200K Free: 32908K (64%)
ptolemy.util.test.WatchDog.cancel(): canceling Tue Feb 18 01:12:07 UTC 2020
auto.tcl: Setting watchdog for 200 seconds at Tue Feb 18 01:12:07 UTC 2020
1 ms. Memory: 51200K Free: 32396K (63%)
ptolemy.util.test.WatchDog.cancel(): canceling Tue Feb 18 01:12:07 UTC 2020
------------------ testing $PTII/ptolemy/domains/de/test/auto/sortWithOpaquePorts.xml
auto.tcl: Setting watchdog for 200 seconds at Tue Feb 18 01:12:07 UTC 2020
1 ms. Memory: 51200K Free: 31658K (62%)
ptolemy.util.test.WatchDog.cancel(): canceling Tue Feb 18 01:12:07 UTC 2020
auto.tcl: Setting watchdog for 200 seconds at Tue Feb 18 01:12:07 UTC 2020
2 ms. Memory: 51200K Free: 30650K (60%)
ptolemy.util.test.WatchDog.cancel(): canceling Tue Feb 18 01:12:07 UTC 2020
------------------ testing $PTII/ptolemy/domains/de/test/auto/transferInputsandOutputs.xml
auto.tcl: Setting watchdog for 200 seconds at Tue Feb 18 01:12:07 UTC 2020
3 ms. Memory: 51200K Free: 29100K (57%)
ptolemy.util.test.WatchDog.cancel(): canceling Tue Feb 18 01:12:07 UTC 2020
auto.tcl: Setting watchdog for 200 seconds at Tue Feb 18 01:12:07 UTC 2020
2 ms. Memory: 51200K Free: 28076K (55%)
ptolemy.util.test.WatchDog.cancel(): canceling Tue Feb 18 01:12:07 UTC 2020
------------------ testing $PTII/ptolemy/domains/de/test/auto/triggerType.xml
auto.tcl: Setting watchdog for 200 seconds at Tue Feb 18 01:12:08 UTC 2020
1 ms. Memory: 51200K Free: 32124K (63%)
ptolemy.util.test.WatchDog.cancel(): canceling Tue Feb 18 01:12:08 UTC 2020
auto.tcl: Setting watchdog for 200 seconds at Tue Feb 18 01:12:08 UTC 2020
1 ms. Memory: 51200K Free: 31100K (61%)
ptolemy.util.test.WatchDog.cancel(): canceling Tue Feb 18 01:12:08 UTC 2020
02/18/20 01:12:08
Failed: 0  Total Tests: 192  ((Passed: 187, Newly Passed: 1)  Known Failed: 5) /home/travis/build/icyphy/ptII/ptolemy/domains/de/test
02/18/20 01:12:08
Failed: 0  Total Tests: 192  ((Passed: 187, Newly Passed: 1)  Known Failed: 5) /home/travis/build/icyphy/ptII/ptolemy/domains/de/test
----------------- testing (KnownFailure) /home/travis/build/icyphy/ptII/ptolemy/domains/de/test/auto/knownFailedTests/DESDFClockTest.xml
2010 ms. Memory: 51200K Free: 25519K (50%)
Known Failure: java.lang.reflect.InvocationTargetException
----------------- testing (KnownFailure) /home/travis/build/icyphy/ptII/ptolemy/domains/de/test/auto/knownFailedTests/DirectFeedback.xml
2 ms. Memory: 51200K Free: 21423K (42%)
Known Failure: java.lang.reflect.InvocationTargetException
----------------- testing (KnownFailure) /home/travis/build/icyphy/ptII/ptolemy/domains/de/test/auto/knownFailedTests/FSMSource.xml
9 ms. Memory: 51200K Free: 13217K (26%)
----------------- testing (KnownFailure) /home/travis/build/icyphy/ptII/ptolemy/domains/de/test/auto/knownFailedTests/HierarchicalModel.xml
6 ms. Memory: 51200K Free: 25569K (50%)
Known Failure: java.lang.reflect.InvocationTargetException
----------------- testing (KnownFailure) /home/travis/build/icyphy/ptII/ptolemy/domains/de/test/auto/knownFailedTests/dependencyLoop.xml
2 ms. Memory: 51200K Free: 9695K (19%)
Known Failure: java.lang.reflect.InvocationTargetException
----------------- testing (KnownFailure) /home/travis/build/icyphy/ptII/ptolemy/domains/de/test/auto/knownFailedTests/dependencyLoop2.xml
6 ms. Memory: 51200K Free: 22117K (43%)
Known Failure: java.lang.reflect.InvocationTargetException
No auto/linux-amd64/*.xml tests in /home/travis/build/icyphy/ptII/ptolemy/domains/de/test
AutoTests.java: About to close Vertx.
AutoTests.java: Vertx closed.

===========================================================================================
----------------- testing Tue Feb 18 01:12:10 UTC 2020 /home/travis/build/icyphy/ptII/ptolemy/domains/de/test/auto/ActorDepthCalculation_actorWithoutPorts.xml
----------------- Instantiating /home/travis/build/icyphy/ptII/ptolemy/domains/de/test/auto/ActorDepthCalculation_actorWithoutPorts.xml
3 ms. Memory: 51200K Free: 15234K (30%)
----------------- Invoking toplevel() on ptolemy.moml.MoMLSimpleApplication@22b681e3
----------------- Done invoking toplevel() on ptolemy.moml.MoMLSimpleApplication@22b681e3
reloadAllAccessors: .ActorDepthCalculation_actorWithoutPorts

===========================================================================================
----------------- testing Tue Feb 18 01:12:10 UTC 2020 /home/travis/build/icyphy/ptII/ptolemy/domains/de/test/auto/AssemblyLine.xml
----------------- Instantiating /home/travis/build/icyphy/ptII/ptolemy/domains/de/test/auto/AssemblyLine.xml
2 ms. Memory: 51200K Free: 8366K (16%)
----------------- Invoking toplevel() on ptolemy.moml.MoMLSimpleApplication@50580193
----------------- Done invoking toplevel() on ptolemy.moml.MoMLSimpleApplication@50580193
reloadAllAccessors: .AssemblyLine

===========================================================================================
----------------- testing Tue Feb 18 01:12:10 UTC 2020 /home/travis/build/icyphy/ptII/ptolemy/domains/de/test/auto/CQBug1.xml
----------------- Instantiating /home/travis/build/icyphy/ptII/ptolemy/domains/de/test/auto/CQBug1.xml
1 ms. Memory: 51200K Free: 33162K (65%)
----------------- Invoking toplevel() on ptolemy.moml.MoMLSimpleApplication@39db7ec1
----------------- Done invoking toplevel() on ptolemy.moml.MoMLSimpleApplication@39db7ec1
reloadAllAccessors: .CQBug1

===========================================================================================
----------------- testing Tue Feb 18 01:12:10 UTC 2020 /home/travis/build/icyphy/ptII/ptolemy/domains/de/test/auto/CancelFireAt.xml
----------------- Instantiating /home/travis/build/icyphy/ptII/ptolemy/domains/de/test/auto/CancelFireAt.xml
8 ms. Memory: 51200K Free: 30707K (60%)
----------------- Invoking toplevel() on ptolemy.moml.MoMLSimpleApplication@203b481
----------------- Done invoking toplevel() on ptolemy.moml.MoMLSimpleApplication@203b481
reloadAllAccessors: .CancelFireAt

===========================================================================================
----------------- testing Tue Feb 18 01:12:10 UTC 2020 /home/travis/build/icyphy/ptII/ptolemy/domains/de/test/auto/CausalityAndComposabilityAnalysis.xml
----------------- Instantiating /home/travis/build/icyphy/ptII/ptolemy/domains/de/test/auto/CausalityAndComposabilityAnalysis.xml
2 ms. Memory: 51200K Free: 26334K (51%)
----------------- Invoking toplevel() on ptolemy.moml.MoMLSimpleApplication@14ee566c
----------------- Done invoking toplevel() on ptolemy.moml.MoMLSimpleApplication@14ee566c
reloadAllAccessors: .CausalityAndComposabilityAnalysis

===========================================================================================
----------------- testing Tue Feb 18 01:12:10 UTC 2020 /home/travis/build/icyphy/ptII/ptolemy/domains/de/test/auto/CausalityInterface1.xml
----------------- Instantiating /home/travis/build/icyphy/ptII/ptolemy/domains/de/test/auto/CausalityInterface1.xml
7 ms. Memory: 51200K Free: 21246K (41%)
----------------- Invoking toplevel() on ptolemy.moml.MoMLSimpleApplication@3ae16089
----------------- Done invoking toplevel() on ptolemy.moml.MoMLSimpleApplication@3ae16089
reloadAllAccessors: .CausalityInterface1

===========================================================================================
----------------- testing Tue Feb 18 01:12:10 UTC 2020 /home/travis/build/icyphy/ptII/ptolemy/domains/de/test/auto/CausalityInterface15.xml
----------------- Instantiating /home/travis/build/icyphy/ptII/ptolemy/domains/de/test/auto/CausalityInterface15.xml
1 ms. Memory: 51200K Free: 15818K (31%)
----------------- Invoking toplevel() on ptolemy.moml.MoMLSimpleApplication@570d6383
----------------- Done invoking toplevel() on ptolemy.moml.MoMLSimpleApplication@570d6383
reloadAllAccessors: .CausalityInterface15

===========================================================================================
----------------- testing Tue Feb 18 01:12:10 UTC 2020 /home/travis/build/icyphy/ptII/ptolemy/domains/de/test/auto/CausalityInterface2.xml
----------------- Instantiating /home/travis/build/icyphy/ptII/ptolemy/domains/de/test/auto/CausalityInterface2.xml
1 ms. Memory: 51200K Free: 10998K (21%)
[...]
	at ptolemy.actor.Manager.run(Manager.java:1263)
	at ptolemy.actor.Manager$PtolemyRunThread.run(Manager.java:1933)
java.lang.RuntimeException: Execution failed
	at ptolemy.moml.MoMLSimpleApplication$UnloadThread.run(MoMLSimpleApplication.java:402)
Caused by: ptolemy.kernel.util.IllegalActionException: Actor is not ready to fire.  Perhaps UpSample.prefire() returned false? Try debugging the actor by selecting "Listen to Actor".  Also, for SDF check moml for tokenConsumptionRate on input.
  in .DESDFClockTest.Play Bell.Copy1:SDF Director and .DESDFClockTest.Play Bell.UpSample
	at ptolemy.actor.sched.StaticSchedulingDirector.fire(StaticSchedulingDirector.java:227)
	at ptolemy.domains.sdf.kernel.SDFDirector.fire(SDFDirector.java:500)
	at ptolemy.actor.CompositeActor.fire(CompositeActor.java:455)
	at ptolemy.domains.de.kernel.DEDirector._fire(DEDirector.java:1949)
	at ptolemy.domains.de.kernel.DEDirector.fire(DEDirector.java:502)
	at ptolemy.actor.CompositeActor.fire(CompositeActor.java:455)
	at ptolemy.actor.Manager.iterate(Manager.java:851)
	at ptolemy.actor.Manager.execute(Manager.java:369)
	at ptolemy.actor.Manager.run(Manager.java:1263)
	at ptolemy.actor.Manager$PtolemyRunThread.run(Manager.java:1933)
java.lang.reflect.InvocationTargetException
	at java.base/jdk.internal.reflect.NativeConstructorAccessorImpl.newInstance0(Native Method)
	at java.base/jdk.internal.reflect.NativeConstructorAccessorImpl.newInstance(NativeConstructorAccessorImpl.java:62)
	at java.base/jdk.internal.reflect.DelegatingConstructorAccessorImpl.newInstance(DelegatingConstructorAccessorImpl.java:45)
	at java.base/java.lang.reflect.Constructor.newInstance(Constructor.java:490)
	at ptolemy.util.test.junit.AutoKnownFailedTests.RunModel(AutoKnownFailedTests.java:105)
	at java.base/jdk.internal.reflect.NativeMethodAccessorImpl.invoke0(Native Method)
	at java.base/jdk.internal.reflect.NativeMethodAccessorImpl.invoke(NativeMethodAccessorImpl.java:62)
	at java.base/jdk.internal.reflect.DelegatingMethodAccessorImpl.invoke(DelegatingMethodAccessorImpl.java:43)
	at java.base/java.lang.reflect.Method.invoke(Method.java:566)
	at org.junit.runners.model.FrameworkMethod$1.runReflectiveCall(FrameworkMethod.java:44)
	at org.junit.internal.runners.model.ReflectiveCallable.run(ReflectiveCallable.java:15)
	at org.junit.runners.model.FrameworkMethod.invokeExplosively(FrameworkMethod.java:41)
	at junitparams.internal.InvokeParameterisedMethod.evaluate(InvokeParameterisedMethod.java:102)
	at org.junit.internal.runners.statements.FailOnTimeout$1.run(FailOnTimeout.java:28)
Caused by: ptolemy.kernel.util.IllegalActionException: Actor is not ready to fire.  Perhaps UpSample.prefire() returned false? Try debugging the actor by selecting "Listen to Actor".  Also, for SDF check moml for tokenConsumptionRate on input.
  in .DESDFClockTest.Play Bell.Copy1:SDF Director and .DESDFClockTest.Play Bell.UpSample
	at ptolemy.actor.sched.StaticSchedulingDirector.fire(StaticSchedulingDirector.java:227)
	at ptolemy.domains.sdf.kernel.SDFDirector.fire(SDFDirector.java:500)
	at ptolemy.actor.CompositeActor.fire(CompositeActor.java:455)
	at ptolemy.domains.de.kernel.DEDirector._fire(DEDirector.java:1949)
	at ptolemy.domains.de.kernel.DEDirector.fire(DEDirector.java:502)
	at ptolemy.actor.CompositeActor.fire(CompositeActor.java:455)
	at ptolemy.actor.Manager.iterate(Manager.java:851)
	at ptolemy.actor.Manager.execute(Manager.java:369)
	at ptolemy.actor.Manager.run(Manager.java:1263)
	at ptolemy.actor.Manager$PtolemyRunThread.run(Manager.java:1933)
java.lang.RuntimeException: Execution failed
	at ptolemy.moml.MoMLSimpleApplication$UnloadThread.run(MoMLSimpleApplication.java:402)
Caused by: ptolemy.kernel.util.IllegalActionException: Test fails in iteration 1.
Value was: 1.0. Should have been: 2.0
  in .DirectFeedback.Test
	at ptolemy.actor.lib.Test.fire(Test.java:268)
	at ptolemy.domains.de.kernel.DEDirector._fire(DEDirector.java:1949)
	at ptolemy.domains.de.kernel.DEDirector.fire(DEDirector.java:502)
	at ptolemy.actor.CompositeActor.fire(CompositeActor.java:455)
	at ptolemy.actor.Manager.iterate(Manager.java:851)
	at ptolemy.actor.Manager.execute(Manager.java:369)
	at ptolemy.actor.Manager.run(Manager.java:1263)
	at ptolemy.actor.Manager$PtolemyRunThread.run(Manager.java:1933)
java.lang.reflect.InvocationTargetException
	at java.base/jdk.internal.reflect.NativeConstructorAccessorImpl.newInstance0(Native Method)
	at java.base/jdk.internal.reflect.NativeConstructorAccessorImpl.newInstance(NativeConstructorAccessorImpl.java:62)
	at java.base/jdk.internal.reflect.DelegatingConstructorAccessorImpl.newInstance(DelegatingConstructorAccessorImpl.java:45)
	at java.base/java.lang.reflect.Constructor.newInstance(Constructor.java:490)
	at ptolemy.util.test.junit.AutoKnownFailedTests.RunModel(AutoKnownFailedTests.java:105)
	at java.base/jdk.internal.reflect.NativeMethodAccessorImpl.invoke0(Native Method)
	at java.base/jdk.internal.reflect.NativeMethodAccessorImpl.invoke(NativeMethodAccessorImpl.java:62)
	at java.base/jdk.internal.reflect.DelegatingMethodAccessorImpl.invoke(DelegatingMethodAccessorImpl.java:43)
	at java.base/java.lang.reflect.Method.invoke(Method.java:566)
	at org.junit.runners.model.FrameworkMethod$1.runReflectiveCall(FrameworkMethod.java:44)
	at org.junit.internal.runners.model.ReflectiveCallable.run(ReflectiveCallable.java:15)
	at org.junit.runners.model.FrameworkMethod.invokeExplosively(FrameworkMethod.java:41)
	at junitparams.internal.InvokeParameterisedMethod.evaluate(InvokeParameterisedMethod.java:102)
	at org.junit.internal.runners.statements.FailOnTimeout$1.run(FailOnTimeout.java:28)
Caused by: ptolemy.kernel.util.IllegalActionException: Test fails in iteration 1.
Value was: 1.0. Should have been: 2.0
  in .DirectFeedback.Test
	at ptolemy.actor.lib.Test.fire(Test.java:268)
	at ptolemy.domains.de.kernel.DEDirector._fire(DEDirector.java:1949)
	at ptolemy.domains.de.kernel.DEDirector.fire(DEDirector.java:502)
	at ptolemy.actor.CompositeActor.fire(CompositeActor.java:455)
	at ptolemy.actor.Manager.iterate(Manager.java:851)
	at ptolemy.actor.Manager.execute(Manager.java:369)
	at ptolemy.actor.Manager.run(Manager.java:1263)
	at ptolemy.actor.Manager$PtolemyRunThread.run(Manager.java:1933)
java.lang.RuntimeException: Execution failed
	at ptolemy.moml.MoMLSimpleApplication$UnloadThread.run(MoMLSimpleApplication.java:402)
Caused by: ptolemy.kernel.util.IllegalActionException: Found a zero delay loop containing .HierarchicalModel.A
  in .HierarchicalModel and .HierarchicalModel.A
	at ptolemy.actor.util.CausalityInterfaceForComposites._computeOutputPortDepth(CausalityInterfaceForComposites.java:759)
	at ptolemy.actor.util.CausalityInterfaceForComposites._computeInputDepth(CausalityInterfaceForComposites.java:696)
	at ptolemy.actor.util.CausalityInterfaceForComposites._computeOutputPortDepth(CausalityInterfaceForComposites.java:765)
	at ptolemy.actor.util.CausalityInterfaceForComposites._computeInputDepth(CausalityInterfaceForComposites.java:696)
	at ptolemy.actor.util.CausalityInterfaceForComposites._computeOutputPortDepth(CausalityInterfaceForComposites.java:765)
	at ptolemy.actor.util.CausalityInterfaceForComposites._computeInputDepth(CausalityInterfaceForComposites.java:696)
	at ptolemy.actor.util.CausalityInterfaceForComposites._computeActorDepth(CausalityInterfaceForComposites.java:532)
	at ptolemy.actor.util.CausalityInterfaceForComposites.checkForCycles(CausalityInterfaceForComposites.java:96)
	at ptolemy.domains.de.kernel.DEDirector.preinitialize(DEDirector.java:1338)
	at ptolemy.actor.CompositeActor.preinitialize(CompositeActor.java:1828)
	at ptolemy.actor.Manager.preinitializeAndResolveTypes(Manager.java:1040)
	at ptolemy.actor.Manager.initialize(Manager.java:710)
	at ptolemy.actor.Manager.execute(Manager.java:356)
	at ptolemy.actor.Manager.run(Manager.java:1263)
	at ptolemy.actor.Manager$PtolemyRunThread.run(Manager.java:1933)
java.lang.reflect.InvocationTargetException
	at java.base/jdk.internal.reflect.NativeConstructorAccessorImpl.newInstance0(Native Method)
	at java.base/jdk.internal.reflect.NativeConstructorAccessorImpl.newInstance(NativeConstructorAccessorImpl.java:62)
	at java.base/jdk.internal.reflect.DelegatingConstructorAccessorImpl.newInstance(DelegatingConstructorAccessorImpl.java:45)
	at java.base/java.lang.reflect.Constructor.newInstance(Constructor.java:490)
	at ptolemy.util.test.junit.AutoKnownFailedTests.RunModel(AutoKnownFailedTests.java:105)
	at java.base/jdk.internal.reflect.NativeMethodAccessorImpl.invoke0(Native Method)
	at java.base/jdk.internal.reflect.NativeMethodAccessorImpl.invoke(NativeMethodAccessorImpl.java:62)
	at java.base/jdk.internal.reflect.DelegatingMethodAccessorImpl.invoke(DelegatingMethodAccessorImpl.java:43)
	at java.base/java.lang.reflect.Method.invoke(Method.java:566)
	at org.junit.runners.model.FrameworkMethod$1.runReflectiveCall(FrameworkMethod.java:44)
	at org.junit.internal.runners.model.ReflectiveCallable.run(ReflectiveCallable.java:15)
	at org.junit.runners.model.FrameworkMethod.invokeExplosively(FrameworkMethod.java:41)
	at junitparams.internal.InvokeParameterisedMethod.evaluate(InvokeParameterisedMethod.java:102)
	at org.junit.internal.runners.statements.FailOnTimeout$1.run(FailOnTimeout.java:28)
Caused by: ptolemy.kernel.util.IllegalActionException: Found a zero delay loop containing .HierarchicalModel.A
  in .HierarchicalModel and .HierarchicalModel.A
	at ptolemy.actor.util.CausalityInterfaceForComposites._computeOutputPortDepth(CausalityInterfaceForComposites.java:759)
	at ptolemy.actor.util.CausalityInterfaceForComposites._computeInputDepth(CausalityInterfaceForComposites.java:696)
	at ptolemy.actor.util.CausalityInterfaceForComposites._computeOutputPortDepth(CausalityInterfaceForComposites.java:765)
	at ptolemy.actor.util.CausalityInterfaceForComposites._computeInputDepth(CausalityInterfaceForComposites.java:696)
	at ptolemy.actor.util.CausalityInterfaceForComposites._computeOutputPortDepth(CausalityInterfaceForComposites.java:765)
	at ptolemy.actor.util.CausalityInterfaceForComposites._computeInputDepth(CausalityInterfaceForComposites.java:696)
	at ptolemy.actor.util.CausalityInterfaceForComposites._computeActorDepth(CausalityInterfaceForComposites.java:532)
	at ptolemy.actor.util.CausalityInterfaceForComposites.checkForCycles(CausalityInterfaceForComposites.java:96)
	at ptolemy.domains.de.kernel.DEDirector.preinitialize(DEDirector.java:1338)
	at ptolemy.actor.CompositeActor.preinitialize(CompositeActor.java:1828)
	at ptolemy.actor.Manager.preinitializeAndResolveTypes(Manager.java:1040)
	at ptolemy.actor.Manager.initialize(Manager.java:710)
	at ptolemy.actor.Manager.execute(Manager.java:356)
	at ptolemy.actor.Manager.run(Manager.java:1263)
	at ptolemy.actor.Manager$PtolemyRunThread.run(Manager.java:1933)
java.lang.RuntimeException: Execution failed
	at ptolemy.moml.MoMLSimpleApplication$UnloadThread.run(MoMLSimpleApplication.java:402)
Caused by: ptolemy.kernel.util.IllegalActionException: Found a zero delay loop containing .dependencyLoop.original
  in .dependencyLoop and .dependencyLoop.original
	at ptolemy.actor.util.CausalityInterfaceForComposites._computeOutputPortDepth(CausalityInterfaceForComposites.java:759)
	at ptolemy.actor.util.CausalityInterfaceForComposites._computeInputDepth(CausalityInterfaceForComposites.java:696)
	at ptolemy.actor.util.CausalityInterfaceForComposites._computeOutputPortDepth(CausalityInterfaceForComposites.java:765)
	at ptolemy.actor.util.CausalityInterfaceForComposites._computeInputDepth(CausalityInterfaceForComposites.java:696)
	at ptolemy.actor.util.CausalityInterfaceForComposites._computeOutputPortDepth(CausalityInterfaceForComposites.java:765)
	at ptolemy.actor.util.CausalityInterfaceForComposites._computeInputDepth(CausalityInterfaceForComposites.java:696)
	at ptolemy.actor.util.CausalityInterfaceForComposites._computeActorDepth(CausalityInterfaceForComposites.java:532)
	at ptolemy.actor.util.CausalityInterfaceForComposites.checkForCycles(CausalityInterfaceForComposites.java:96)
	at ptolemy.domains.de.kernel.DEDirector.preinitialize(DEDirector.java:1338)
	at ptolemy.actor.CompositeActor.preinitialize(CompositeActor.java:1828)
	at ptolemy.actor.Manager.preinitializeAndResolveTypes(Manager.java:1040)
	at ptolemy.actor.Manager.initialize(Manager.java:710)
	at ptolemy.actor.Manager.execute(Manager.java:356)
	at ptolemy.actor.Manager.run(Manager.java:1263)
	at ptolemy.actor.Manager$PtolemyRunThread.run(Manager.java:1933)
java.lang.reflect.InvocationTargetException
	at java.base/jdk.internal.reflect.NativeConstructorAccessorImpl.newInstance0(Native Method)
	at java.base/jdk.internal.reflect.NativeConstructorAccessorImpl.newInstance(NativeConstructorAccessorImpl.java:62)
	at java.base/jdk.internal.reflect.DelegatingConstructorAccessorImpl.newInstance(DelegatingConstructorAccessorImpl.java:45)
	at java.base/java.lang.reflect.Constructor.newInstance(Constructor.java:490)
	at ptolemy.util.test.junit.AutoKnownFailedTests.RunModel(AutoKnownFailedTests.java:105)
	at java.base/jdk.internal.reflect.NativeMethodAccessorImpl.invoke0(Native Method)
	at java.base/jdk.internal.reflect.NativeMethodAccessorImpl.invoke(NativeMethodAccessorImpl.java:62)
	at java.base/jdk.internal.reflect.DelegatingMethodAccessorImpl.invoke(DelegatingMethodAccessorImpl.java:43)
	at java.base/java.lang.reflect.Method.invoke(Method.java:566)
	at org.junit.runners.model.FrameworkMethod$1.runReflectiveCall(FrameworkMethod.java:44)
	at org.junit.internal.runners.model.ReflectiveCallable.run(ReflectiveCallable.java:15)
	at org.junit.runners.model.FrameworkMethod.invokeExplosively(FrameworkMethod.java:41)
	at junitparams.internal.InvokeParameterisedMethod.evaluate(InvokeParameterisedMethod.java:102)
	at org.junit.internal.runners.statements.FailOnTimeout$1.run(FailOnTimeout.java:28)
Caused by: ptolemy.kernel.util.IllegalActionException: Found a zero delay loop containing .dependencyLoop.original
  in .dependencyLoop and .dependencyLoop.original
	at ptolemy.actor.util.CausalityInterfaceForComposites._computeOutputPortDepth(CausalityInterfaceForComposites.java:759)
	at ptolemy.actor.util.CausalityInterfaceForComposites._computeInputDepth(CausalityInterfaceForComposites.java:696)
	at ptolemy.actor.util.CausalityInterfaceForComposites._computeOutputPortDepth(CausalityInterfaceForComposites.java:765)
	at ptolemy.actor.util.CausalityInterfaceForComposites._computeInputDepth(CausalityInterfaceForComposites.java:696)
	at ptolemy.actor.util.CausalityInterfaceForComposites._computeOutputPortDepth(CausalityInterfaceForComposites.java:765)
	at ptolemy.actor.util.CausalityInterfaceForComposites._computeInputDepth(CausalityInterfaceForComposites.java:696)
	at ptolemy.actor.util.CausalityInterfaceForComposites._computeActorDepth(CausalityInterfaceForComposites.java:532)
	at ptolemy.actor.util.CausalityInterfaceForComposites.checkForCycles(CausalityInterfaceForComposites.java:96)
	at ptolemy.domains.de.kernel.DEDirector.preinitialize(DEDirector.java:1338)
	at ptolemy.actor.CompositeActor.preinitialize(CompositeActor.java:1828)
	at ptolemy.actor.Manager.preinitializeAndResolveTypes(Manager.java:1040)
	at ptolemy.actor.Manager.initialize(Manager.java:710)
	at ptolemy.actor.Manager.execute(Manager.java:356)
	at ptolemy.actor.Manager.run(Manager.java:1263)
	at ptolemy.actor.Manager$PtolemyRunThread.run(Manager.java:1933)
java.lang.RuntimeException: Execution failed
	at ptolemy.moml.MoMLSimpleApplication$UnloadThread.run(MoMLSimpleApplication.java:402)
Caused by: ptolemy.kernel.util.IllegalActionException: Found a zero delay loop containing .dependencyLoop2.original
  in .dependencyLoop2 and .dependencyLoop2.original
	at ptolemy.actor.util.CausalityInterfaceForComposites._computeOutputPortDepth(CausalityInterfaceForComposites.java:759)
	at ptolemy.actor.util.CausalityInterfaceForComposites._computeInputDepth(CausalityInterfaceForComposites.java:696)
	at ptolemy.actor.util.CausalityInterfaceForComposites._computeOutputPortDepth(CausalityInterfaceForComposites.java:765)
	at ptolemy.actor.util.CausalityInterfaceForComposites._computeInputDepth(CausalityInterfaceForComposites.java:696)
	at ptolemy.actor.util.CausalityInterfaceForComposites._computeOutputPortDepth(CausalityInterfaceForComposites.java:765)
	at ptolemy.actor.util.CausalityInterfaceForComposites._computeInputDepth(CausalityInterfaceForComposites.java:696)
	at ptolemy.actor.util.CausalityInterfaceForComposites._computeActorDepth(CausalityInterfaceForComposites.java:532)
	at ptolemy.actor.util.CausalityInterfaceForComposites.checkForCycles(CausalityInterfaceForComposites.java:96)
	at ptolemy.domains.de.kernel.DEDirector.preinitialize(DEDirector.java:1338)
	at ptolemy.actor.CompositeActor.preinitialize(CompositeActor.java:1828)
	at ptolemy.actor.Manager.preinitializeAndResolveTypes(Manager.java:1040)
	at ptolemy.actor.Manager.initialize(Manager.java:710)
	at ptolemy.actor.Manager.execute(Manager.java:356)
	at ptolemy.actor.Manager.run(Manager.java:1263)
	at ptolemy.actor.Manager$PtolemyRunThread.run(Manager.java:1933)
java.lang.reflect.InvocationTargetException
	at java.base/jdk.internal.reflect.NativeConstructorAccessorImpl.newInstance0(Native Method)
	at java.base/jdk.internal.reflect.NativeConstructorAccessorImpl.newInstance(NativeConstructorAccessorImpl.java:62)
	at java.base/jdk.internal.reflect.DelegatingConstructorAccessorImpl.newInstance(DelegatingConstructorAccessorImpl.java:45)
	at java.base/java.lang.reflect.Constructor.newInstance(Constructor.java:490)
	at ptolemy.util.test.junit.AutoKnownFailedTests.RunModel(AutoKnownFailedTests.java:105)
	at java.base/jdk.internal.reflect.NativeMethodAccessorImpl.invoke0(Native Method)
	at java.base/jdk.internal.reflect.NativeMethodAccessorImpl.invoke(NativeMethodAccessorImpl.java:62)
	at java.base/jdk.internal.reflect.DelegatingMethodAccessorImpl.invoke(DelegatingMethodAccessorImpl.java:43)
	at java.base/java.lang.reflect.Method.invoke(Method.java:566)
	at org.junit.runners.model.FrameworkMethod$1.runReflectiveCall(FrameworkMethod.java:44)
	at org.junit.internal.runners.model.ReflectiveCallable.run(ReflectiveCallable.java:15)
	at org.junit.runners.model.FrameworkMethod.invokeExplosively(FrameworkMethod.java:41)
	at junitparams.internal.InvokeParameterisedMethod.evaluate(InvokeParameterisedMethod.java:102)
	at org.junit.internal.runners.statements.FailOnTimeout$1.run(FailOnTimeout.java:28)
Caused by: ptolemy.kernel.util.IllegalActionException: Found a zero delay loop containing .dependencyLoop2.original
  in .dependencyLoop2 and .dependencyLoop2.original
	at ptolemy.actor.util.CausalityInterfaceForComposites._computeOutputPortDepth(CausalityInterfaceForComposites.java:759)
	at ptolemy.actor.util.CausalityInterfaceForComposites._computeInputDepth(CausalityInterfaceForComposites.java:696)
	at ptolemy.actor.util.CausalityInterfaceForComposites._computeOutputPortDepth(CausalityInterfaceForComposites.java:765)
	at ptolemy.actor.util.CausalityInterfaceForComposites._computeInputDepth(CausalityInterfaceForComposites.java:696)
	at ptolemy.actor.util.CausalityInterfaceForComposites._computeOutputPortDepth(CausalityInterfaceForComposites.java:765)
	at ptolemy.actor.util.CausalityInterfaceForComposites._computeInputDepth(CausalityInterfaceForComposites.java:696)
	at ptolemy.actor.util.CausalityInterfaceForComposites._computeActorDepth(CausalityInterfaceForComposites.java:532)
	at ptolemy.actor.util.CausalityInterfaceForComposites.checkForCycles(CausalityInterfaceForComposites.java:96)
	at ptolemy.domains.de.kernel.DEDirector.preinitialize(DEDirector.java:1338)
	at ptolemy.actor.CompositeActor.preinitialize(CompositeActor.java:1828)
	at ptolemy.actor.Manager.preinitializeAndResolveTypes(Manager.java:1040)
	at ptolemy.actor.Manager.initialize(Manager.java:710)
	at ptolemy.actor.Manager.execute(Manager.java:356)
	at ptolemy.actor.Manager.run(Manager.java:1263)
	at ptolemy.actor.Manager$PtolemyRunThread.run(Manager.java:1933)
]]></system-err>
</testsuite>
