<?xml version="1.0" encoding="UTF-8" ?>
<testsuite errors="0" failures="0" hostname="travis-job-de5b7e55-5302-4865-8ae8-fb9ae3e1a8b6" name="ptolemy.domains.continuous.test.junit.JUnitTclTest" skipped="0" tests="155" time="72.483" timestamp="2018-07-01T01:33:18">
  <properties>
[...]
</properties>
  <testcase classname="ptolemy.util.test.junit.TclTests" name="[0] ThereAreNoTclTests (RunTclFile)" time="0.001" />
  <testcase classname="ptolemy.util.test.junit.AutoKnownFailedTests" name="[0] ThereAreNoKnowFailedTests (RunModel)" time="0.005" />
  <testcase classname="ptolemy.util.test.junit.AutoNameArchTests" name="[0] ThereAreNoAutoArchTests (RunModel)" time="0.001" />
  <testcase classname="ptolemy.util.test.junit.AutoTests" name="[0] /home/travis/build/icyphy/ptII/ptolemy/domains/continuous/test/auto/BouncingBall.xml (RunModel)" time="2.829" />
  <testcase classname="ptolemy.util.test.junit.AutoTests" name="[1] /home/travis/build/icyphy/ptII/ptolemy/domains/continuous/test/auto/BouncingBallWithoutGR.xml (RunModel)" time="0.942" />
  <testcase classname="ptolemy.util.test.junit.AutoTests" name="[2] /home/travis/build/icyphy/ptII/ptolemy/domains/continuous/test/auto/Brownian.xml (RunModel)" time="0.096" />
  <testcase classname="ptolemy.util.test.junit.AutoTests" name="[3] /home/travis/build/icyphy/ptII/ptolemy/domains/continuous/test/auto/CarTracking.xml (RunModel)" time="3.672" />
  <testcase classname="ptolemy.util.test.junit.AutoTests" name="[4] /home/travis/build/icyphy/ptII/ptolemy/domains/continuous/test/auto/CartPendulum.xml (RunModel)" time="0.535" />
  <testcase classname="ptolemy.util.test.junit.AutoTests" name="[5] /home/travis/build/icyphy/ptII/ptolemy/domains/continuous/test/auto/CausalityInterface10.xml (RunModel)" time="0.069" />
  <testcase classname="ptolemy.util.test.junit.AutoTests" name="[6] /home/travis/build/icyphy/ptII/ptolemy/domains/continuous/test/auto/CausalityInterface11.xml (RunModel)" time="0.037" />
  <testcase classname="ptolemy.util.test.junit.AutoTests" name="[7] /home/travis/build/icyphy/ptII/ptolemy/domains/continuous/test/auto/CausalityInterface12.xml (RunModel)" time="0.05" />
  <testcase classname="ptolemy.util.test.junit.AutoTests" name="[8] /home/travis/build/icyphy/ptII/ptolemy/domains/continuous/test/auto/CausalityInterface13.xml (RunModel)" time="0.044" />
  <testcase classname="ptolemy.util.test.junit.AutoTests" name="[9] /home/travis/build/icyphy/ptII/ptolemy/domains/continuous/test/auto/CausalityInterface14.xml (RunModel)" time="0.028" />
  <testcase classname="ptolemy.util.test.junit.AutoTests" name="[10] /home/travis/build/icyphy/ptII/ptolemy/domains/continuous/test/auto/CausalityInterface4.xml (RunModel)" time="0.032" />
  <testcase classname="ptolemy.util.test.junit.AutoTests" name="[11] /home/travis/build/icyphy/ptII/ptolemy/domains/continuous/test/auto/CausalityInterface5.xml (RunModel)" time="0.035" />
  <testcase classname="ptolemy.util.test.junit.AutoTests" name="[12] /home/travis/build/icyphy/ptII/ptolemy/domains/continuous/test/auto/CausalityInterface6.xml (RunModel)" time="0.025" />
  <testcase classname="ptolemy.util.test.junit.AutoTests" name="[13] /home/travis/build/icyphy/ptII/ptolemy/domains/continuous/test/auto/CausalityInterface7.xml (RunModel)" time="0.041" />
  <testcase classname="ptolemy.util.test.junit.AutoTests" name="[14] /home/travis/build/icyphy/ptII/ptolemy/domains/continuous/test/auto/CausalityInterface8.xml (RunModel)" time="0.035" />
  <testcase classname="ptolemy.util.test.junit.AutoTests" name="[15] /home/travis/build/icyphy/ptII/ptolemy/domains/continuous/test/auto/CausalityInterface9.xml (RunModel)" time="0.055" />
  <testcase classname="ptolemy.util.test.junit.AutoTests" name="[16] /home/travis/build/icyphy/ptII/ptolemy/domains/continuous/test/auto/CausalityInterfaceFeedback1.xml (RunModel)" time="0.025" />
  <testcase classname="ptolemy.util.test.junit.AutoTests" name="[17] /home/travis/build/icyphy/ptII/ptolemy/domains/continuous/test/auto/CausalityInterfaceFeedback2.xml (RunModel)" time="0.034" />
  <testcase classname="ptolemy.util.test.junit.AutoTests" name="[18] /home/travis/build/icyphy/ptII/ptolemy/domains/continuous/test/auto/CompareWithCurrentTime.xml (RunModel)" time="0.018" />
  <testcase classname="ptolemy.util.test.junit.AutoTests" name="[19] /home/travis/build/icyphy/ptII/ptolemy/domains/continuous/test/auto/ComparedClocks.xml (RunModel)" time="0.057" />
  <testcase classname="ptolemy.util.test.junit.AutoTests" name="[20] /home/travis/build/icyphy/ptII/ptolemy/domains/continuous/test/auto/ContinuousAOCClone.xml (RunModel)" time="2.673" />
  <testcase classname="ptolemy.util.test.junit.AutoTests" name="[21] /home/travis/build/icyphy/ptII/ptolemy/domains/continuous/test/auto/ContinuousClock.xml (RunModel)" time="0.116" />
  <testcase classname="ptolemy.util.test.junit.AutoTests" name="[22] /home/travis/build/icyphy/ptII/ptolemy/domains/continuous/test/auto/ContinuousInContinuous.xml (RunModel)" time="0.095" />
  <testcase classname="ptolemy.util.test.junit.AutoTests" name="[23] /home/travis/build/icyphy/ptII/ptolemy/domains/continuous/test/auto/ContinuousInContinuousInContinuous.xml (RunModel)" time="0.031" />
  <testcase classname="ptolemy.util.test.junit.AutoTests" name="[24] /home/travis/build/icyphy/ptII/ptolemy/domains/continuous/test/auto/ContinuousInDE.xml (RunModel)" time="0.14" />
  <testcase classname="ptolemy.util.test.junit.AutoTests" name="[25] /home/travis/build/icyphy/ptII/ptolemy/domains/continuous/test/auto/ContinuousInDE2.xml (RunModel)" time="0.063" />
  <testcase classname="ptolemy.util.test.junit.AutoTests" name="[26] /home/travis/build/icyphy/ptII/ptolemy/domains/continuous/test/auto/ContinuousInDE3.xml (RunModel)" time="0.066" />
  <testcase classname="ptolemy.util.test.junit.AutoTests" name="[27] /home/travis/build/icyphy/ptII/ptolemy/domains/continuous/test/auto/ContinuousInDE4.xml (RunModel)" time="0.044" />
  <testcase classname="ptolemy.util.test.junit.AutoTests" name="[28] /home/travis/build/icyphy/ptII/ptolemy/domains/continuous/test/auto/ContinuousInDEDifferentRefinements.xml (RunModel)" time="0.096" />
  <testcase classname="ptolemy.util.test.junit.AutoTests" name="[29] /home/travis/build/icyphy/ptII/ptolemy/domains/continuous/test/auto/ContinuousInDEDifferentRefinementsPreemptive.xml (RunModel)" time="0.089" />
  <testcase classname="ptolemy.util.test.junit.AutoTests" name="[30] /home/travis/build/icyphy/ptII/ptolemy/domains/continuous/test/auto/ContinuousInDEInContinuous2.xml (RunModel)" time="0.055" />
  <testcase classname="ptolemy.util.test.junit.AutoTests" name="[31] /home/travis/build/icyphy/ptII/ptolemy/domains/continuous/test/auto/ContinuousInDEInContinuous3.xml (RunModel)" time="0.075" />
  <testcase classname="ptolemy.util.test.junit.AutoTests" name="[32] /home/travis/build/icyphy/ptII/ptolemy/domains/continuous/test/auto/ContinuousInDEInput.xml (RunModel)" time="0.041" />
  <testcase classname="ptolemy.util.test.junit.AutoTests" name="[33] /home/travis/build/icyphy/ptII/ptolemy/domains/continuous/test/auto/ContinuousInDEInput2.xml (RunModel)" time="0.046" />
  <testcase classname="ptolemy.util.test.junit.AutoTests" name="[34] /home/travis/build/icyphy/ptII/ptolemy/domains/continuous/test/auto/ContinuousInDEInput3.xml (RunModel)" time="0.038" />
  <testcase classname="ptolemy.util.test.junit.AutoTests" name="[35] /home/travis/build/icyphy/ptII/ptolemy/domains/continuous/test/auto/ContinuousInDESharingRefinement.xml (RunModel)" time="0.198" />
  <testcase classname="ptolemy.util.test.junit.AutoTests" name="[36] /home/travis/build/icyphy/ptII/ptolemy/domains/continuous/test/auto/ContinuousInDEwithNoPorts.xml (RunModel)" time="0.024" />
  <testcase classname="ptolemy.util.test.junit.AutoTests" name="[37] /home/travis/build/icyphy/ptII/ptolemy/domains/continuous/test/auto/ContinuousInsideDE.xml (RunModel)" time="0.087" />
  <testcase classname="ptolemy.util.test.junit.AutoTests" name="[38] /home/travis/build/icyphy/ptII/ptolemy/domains/continuous/test/auto/ContinuousMerge1.xml (RunModel)" time="0.019" />
  <testcase classname="ptolemy.util.test.junit.AutoTests" name="[39] /home/travis/build/icyphy/ptII/ptolemy/domains/continuous/test/auto/ContinuousMerge2.xml (RunModel)" time="0.063" />
  <testcase classname="ptolemy.util.test.junit.AutoTests" name="[40] /home/travis/build/icyphy/ptII/ptolemy/domains/continuous/test/auto/ContinuousMerge3.xml (RunModel)" time="0.063" />
  <testcase classname="ptolemy.util.test.junit.AutoTests" name="[41] /home/travis/build/icyphy/ptII/ptolemy/domains/continuous/test/auto/ContinuousWithinContinuous.xml (RunModel)" time="0.063" />
  <testcase classname="ptolemy.util.test.junit.AutoTests" name="[42] /home/travis/build/icyphy/ptII/ptolemy/domains/continuous/test/auto/ContinuousWithinContinuous2.xml (RunModel)" time="0.082" />
  <testcase classname="ptolemy.util.test.junit.AutoTests" name="[43] /home/travis/build/icyphy/ptII/ptolemy/domains/continuous/test/auto/ContinuousWithinContinuous3.xml (RunModel)" time="0.035" />
  <testcase classname="ptolemy.util.test.junit.AutoTests" name="[44] /home/travis/build/icyphy/ptII/ptolemy/domains/continuous/test/auto/ContinuousWithinContinuous4.xml (RunModel)" time="0.078" />
  <testcase classname="ptolemy.util.test.junit.AutoTests" name="[45] /home/travis/build/icyphy/ptII/ptolemy/domains/continuous/test/auto/ContinuousWithinContinuous5.xml (RunModel)" time="0.034" />
  <testcase classname="ptolemy.util.test.junit.AutoTests" name="[46] /home/travis/build/icyphy/ptII/ptolemy/domains/continuous/test/auto/ContinuousWithinContinuous6.xml (RunModel)" time="0.029" />
  <testcase classname="ptolemy.util.test.junit.AutoTests" name="[47] /home/travis/build/icyphy/ptII/ptolemy/domains/continuous/test/auto/ContinuousWithinContinuous7.xml (RunModel)" time="0.062" />
  <testcase classname="ptolemy.util.test.junit.AutoTests" name="[48] /home/travis/build/icyphy/ptII/ptolemy/domains/continuous/test/auto/DCMotor.xml (RunModel)" time="13.113" />
  <testcase classname="ptolemy.util.test.junit.AutoTests" name="[49] /home/travis/build/icyphy/ptII/ptolemy/domains/continuous/test/auto/DEInContinuous.xml (RunModel)" time="0.037" />
  <testcase classname="ptolemy.util.test.junit.AutoTests" name="[50] /home/travis/build/icyphy/ptII/ptolemy/domains/continuous/test/auto/DEinContinuous2.xml (RunModel)" time="0.037" />
  <testcase classname="ptolemy.util.test.junit.AutoTests" name="[51] /home/travis/build/icyphy/ptII/ptolemy/domains/continuous/test/auto/Derivative.xml (RunModel)" time="0.219" />
  <testcase classname="ptolemy.util.test.junit.AutoTests" name="[52] /home/travis/build/icyphy/ptII/ptolemy/domains/continuous/test/auto/Derivative1.xml (RunModel)" time="0.056" />
  <testcase classname="ptolemy.util.test.junit.AutoTests" name="[53] /home/travis/build/icyphy/ptII/ptolemy/domains/continuous/test/auto/DiscreteClock.xml (RunModel)" time="0.013" />
  <testcase classname="ptolemy.util.test.junit.AutoTests" name="[54] /home/travis/build/icyphy/ptII/ptolemy/domains/continuous/test/auto/EfficiencyCurve.xml (RunModel)" time="0.1" />
  <testcase classname="ptolemy.util.test.junit.AutoTests" name="[55] /home/travis/build/icyphy/ptII/ptolemy/domains/continuous/test/auto/ExponentialResponse.xml (RunModel)" time="0.118" />
  <testcase classname="ptolemy.util.test.junit.AutoTests" name="[56] /home/travis/build/icyphy/ptII/ptolemy/domains/continuous/test/auto/ExponentialResponseRK45.xml (RunModel)" time="0.037" />
  <testcase classname="ptolemy.util.test.junit.AutoTests" name="[57] /home/travis/build/icyphy/ptII/ptolemy/domains/continuous/test/auto/Friction.xml (RunModel)" time="1.41" />
  <testcase classname="ptolemy.util.test.junit.AutoTests" name="[58] /home/travis/build/icyphy/ptII/ptolemy/domains/continuous/test/auto/FurutaPendulum.xml (RunModel)" time="3.361" />
  <testcase classname="ptolemy.util.test.junit.AutoTests" name="[59] /home/travis/build/icyphy/ptII/ptolemy/domains/continuous/test/auto/HierarchicalExecution.xml (RunModel)" time="2.168" />
  <testcase classname="ptolemy.util.test.junit.AutoTests" name="[60] /home/travis/build/icyphy/ptII/ptolemy/domains/continuous/test/auto/HybridPlant.xml (RunModel)" time="0.579" />
  <testcase classname="ptolemy.util.test.junit.AutoTests" name="[61] /home/travis/build/icyphy/ptII/ptolemy/domains/continuous/test/auto/Hysteresis.xml (RunModel)" time="0.166" />
  <testcase classname="ptolemy.util.test.junit.AutoTests" name="[62] /home/travis/build/icyphy/ptII/ptolemy/domains/continuous/test/auto/HysteresisWithRandomDelay.xml (RunModel)" time="0.202" />
  <testcase classname="ptolemy.util.test.junit.AutoTests" name="[63] /home/travis/build/icyphy/ptII/ptolemy/domains/continuous/test/auto/HysteresisWithRandomLosses.xml (RunModel)" time="2.242" />
  <testcase classname="ptolemy.util.test.junit.AutoTests" name="[64] /home/travis/build/icyphy/ptII/ptolemy/domains/continuous/test/auto/ImmediateTransitions.xml (RunModel)" time="0.034" />
  <testcase classname="ptolemy.util.test.junit.AutoTests" name="[65] /home/travis/build/icyphy/ptII/ptolemy/domains/continuous/test/auto/ImpulseFeedback.xml (RunModel)" time="0.019" />
  <testcase classname="ptolemy.util.test.junit.AutoTests" name="[66] /home/travis/build/icyphy/ptII/ptolemy/domains/continuous/test/auto/ImpulseFeedback2.xml (RunModel)" time="0.019" />
  <testcase classname="ptolemy.util.test.junit.AutoTests" name="[67] /home/travis/build/icyphy/ptII/ptolemy/domains/continuous/test/auto/IncreasingRatePoisson.xml (RunModel)" time="0.723" />
  <testcase classname="ptolemy.util.test.junit.AutoTests" name="[68] /home/travis/build/icyphy/ptII/ptolemy/domains/continuous/test/auto/InitialStateFeedback.xml (RunModel)" time="0.02" />
  <testcase classname="ptolemy.util.test.junit.AutoTests" name="[69] /home/travis/build/icyphy/ptII/ptolemy/domains/continuous/test/auto/Integration.xml (RunModel)" time="0.009" />
  <testcase classname="ptolemy.util.test.junit.AutoTests" name="[70] /home/travis/build/icyphy/ptII/ptolemy/domains/continuous/test/auto/Integration2.xml (RunModel)" time="0.109" />
  <testcase classname="ptolemy.util.test.junit.AutoTests" name="[71] /home/travis/build/icyphy/ptII/ptolemy/domains/continuous/test/auto/Integration3.xml (RunModel)" time="0.013" />
  <testcase classname="ptolemy.util.test.junit.AutoTests" name="[72] /home/travis/build/icyphy/ptII/ptolemy/domains/continuous/test/auto/Integration5.xml (RunModel)" time="0.033" />
  <testcase classname="ptolemy.util.test.junit.AutoTests" name="[73] /home/travis/build/icyphy/ptII/ptolemy/domains/continuous/test/auto/IntegratorImpulse.xml (RunModel)" time="0.016" />
  <testcase classname="ptolemy.util.test.junit.AutoTests" name="[74] /home/travis/build/icyphy/ptII/ptolemy/domains/continuous/test/auto/IntegratorImpulse2.xml (RunModel)" time="0.012" />
  <testcase classname="ptolemy.util.test.junit.AutoTests" name="[75] /home/travis/build/icyphy/ptII/ptolemy/domains/continuous/test/auto/LevelCrossing1.xml (RunModel)" time="0.012" />
  <testcase classname="ptolemy.util.test.junit.AutoTests" name="[76] /home/travis/build/icyphy/ptII/ptolemy/domains/continuous/test/auto/LevelCrossing2.xml (RunModel)" time="0.014" />
  <testcase classname="ptolemy.util.test.junit.AutoTests" name="[77] /home/travis/build/icyphy/ptII/ptolemy/domains/continuous/test/auto/LevelCrossing3.xml (RunModel)" time="0.032" />
  <testcase classname="ptolemy.util.test.junit.AutoTests" name="[78] /home/travis/build/icyphy/ptII/ptolemy/domains/continuous/test/auto/LevelCrossing4.xml (RunModel)" time="0.017" />
  <testcase classname="ptolemy.util.test.junit.AutoTests" name="[79] /home/travis/build/icyphy/ptII/ptolemy/domains/continuous/test/auto/LevelCrossing5.xml (RunModel)" time="0.013" />
  <testcase classname="ptolemy.util.test.junit.AutoTests" name="[80] /home/travis/build/icyphy/ptII/ptolemy/domains/continuous/test/auto/LevelCrossing6.xml (RunModel)" time="0.014" />
  <testcase classname="ptolemy.util.test.junit.AutoTests" name="[81] /home/travis/build/icyphy/ptII/ptolemy/domains/continuous/test/auto/LevelCrossingDetector.xml (RunModel)" time="0.047" />
  <testcase classname="ptolemy.util.test.junit.AutoTests" name="[82] /home/travis/build/icyphy/ptII/ptolemy/domains/continuous/test/auto/LevelCrossingDetectorDetectingDirections.xml (RunModel)" time="0.09" />
  <testcase classname="ptolemy.util.test.junit.AutoTests" name="[83] /home/travis/build/icyphy/ptII/ptolemy/domains/continuous/test/auto/LevelCrossingDetectorDetectsGlitches.xml (RunModel)" time="0.063" />
  <testcase classname="ptolemy.util.test.junit.AutoTests" name="[84] /home/travis/build/icyphy/ptII/ptolemy/domains/continuous/test/auto/LevelCrossingNoInitialOuput.xml (RunModel)" time="0.015" />
  <testcase classname="ptolemy.util.test.junit.AutoTests" name="[85] /home/travis/build/icyphy/ptII/ptolemy/domains/continuous/test/auto/LinearStateSpaceExample.xml (RunModel)" time="0.049" />
  <testcase classname="ptolemy.util.test.junit.AutoTests" name="[86] /home/travis/build/icyphy/ptII/ptolemy/domains/continuous/test/auto/Lorenz.xml (RunModel)" time="4.102" />
  <testcase classname="ptolemy.util.test.junit.AutoTests" name="[87] /home/travis/build/icyphy/ptII/ptolemy/domains/continuous/test/auto/LorenzDifferentialSystem.xml (RunModel)" time="1.115" />
  <testcase classname="ptolemy.util.test.junit.AutoTests" name="[88] /home/travis/build/icyphy/ptII/ptolemy/domains/continuous/test/auto/LorenzDifferentialSystemWithInput.xml (RunModel)" time="1.451" />
  <testcase classname="ptolemy.util.test.junit.AutoTests" name="[89] /home/travis/build/icyphy/ptII/ptolemy/domains/continuous/test/auto/LorenzDifferentialSystemWithTime.xml (RunModel)" time="0.708" />
  <testcase classname="ptolemy.util.test.junit.AutoTests" name="[90] /home/travis/build/icyphy/ptII/ptolemy/domains/continuous/test/auto/Microsteps.xml (RunModel)" time="0.038" />
  <testcase classname="ptolemy.util.test.junit.AutoTests" name="[91] /home/travis/build/icyphy/ptII/ptolemy/domains/continuous/test/auto/Modal1.xml (RunModel)" time="0.055" />
  <testcase classname="ptolemy.util.test.junit.AutoTests" name="[92] /home/travis/build/icyphy/ptII/ptolemy/domains/continuous/test/auto/Modal2.xml (RunModel)" time="0.057" />
  <testcase classname="ptolemy.util.test.junit.AutoTests" name="[93] /home/travis/build/icyphy/ptII/ptolemy/domains/continuous/test/auto/ModalTransitionGuardWithReset.xml (RunModel)" time="0.042" />
  <testcase classname="ptolemy.util.test.junit.AutoTests" name="[94] /home/travis/build/icyphy/ptII/ptolemy/domains/continuous/test/auto/ModalTransitionGuardWithResetUsingPreemptiveTransition.xml (RunModel)" time="0.04" />
  <testcase classname="ptolemy.util.test.junit.AutoTests" name="[95] /home/travis/build/icyphy/ptII/ptolemy/domains/continuous/test/auto/ModalTransitionGuardWithResetUsingPreemptiveTransition2.xml (RunModel)" time="0.027" />
  <testcase classname="ptolemy.util.test.junit.AutoTests" name="[96] /home/travis/build/icyphy/ptII/ptolemy/domains/continuous/test/auto/ModalTransitionGuardWithResetUsingPreemptiveTransition3.xml (RunModel)" time="0.039" />
  <testcase classname="ptolemy.util.test.junit.AutoTests" name="[97] /home/travis/build/icyphy/ptII/ptolemy/domains/continuous/test/auto/NewtonsCradle.xml (RunModel)" time="0.763" />
  <testcase classname="ptolemy.util.test.junit.AutoTests" name="[98] /home/travis/build/icyphy/ptII/ptolemy/domains/continuous/test/auto/NewtonsCradleAnimated.xml (RunModel)" time="1.29" />
  <testcase classname="ptolemy.util.test.junit.AutoTests" name="[99] /home/travis/build/icyphy/ptII/ptolemy/domains/continuous/test/auto/NewtonsCradleComplicated.xml (RunModel)" time="0.965" />
  <testcase classname="ptolemy.util.test.junit.AutoTests" name="[100] /home/travis/build/icyphy/ptII/ptolemy/domains/continuous/test/auto/NewtonsCradleNondeterministic.xml (RunModel)" time="0.621" />
  <testcase classname="ptolemy.util.test.junit.AutoTests" name="[101] /home/travis/build/icyphy/ptII/ptolemy/domains/continuous/test/auto/NewtonsCradlePerfectlyInelastic1.xml (RunModel)" time="1.273" />
  <testcase classname="ptolemy.util.test.junit.AutoTests" name="[102] /home/travis/build/icyphy/ptII/ptolemy/domains/continuous/test/auto/Noise.xml (RunModel)" time="0.163" />
  <testcase classname="ptolemy.util.test.junit.AutoTests" name="[103] /home/travis/build/icyphy/ptII/ptolemy/domains/continuous/test/auto/NoiseSpectrum.xml (RunModel)" time="0.761" />
  <testcase classname="ptolemy.util.test.junit.AutoTests" name="[104] /home/travis/build/icyphy/ptII/ptolemy/domains/continuous/test/auto/ParameterizedNewtonsCradleAnimated.xml (RunModel)" time="0.346" />
  <testcase classname="ptolemy.util.test.junit.AutoTests" name="[105] /home/travis/build/icyphy/ptII/ptolemy/domains/continuous/test/auto/ParameterizedNewtonsCradleAnimatedNondeterministic.xml (RunModel)" time="1.1" />
  <testcase classname="ptolemy.util.test.junit.AutoTests" name="[106] /home/travis/build/icyphy/ptII/ptolemy/domains/continuous/test/auto/Pendulum3D.xml (RunModel)" time="0.195" />
  <testcase classname="ptolemy.util.test.junit.AutoTests" name="[107] /home/travis/build/icyphy/ptII/ptolemy/domains/continuous/test/auto/PeriodicSampler.xml (RunModel)" time="0.014" />
  <testcase classname="ptolemy.util.test.junit.AutoTests" name="[108] /home/travis/build/icyphy/ptII/ptolemy/domains/continuous/test/auto/PeriodicSampler1.xml (RunModel)" time="0.043" />
  <testcase classname="ptolemy.util.test.junit.AutoTests" name="[109] /home/travis/build/icyphy/ptII/ptolemy/domains/continuous/test/auto/PeriodicSampler2.xml (RunModel)" time="0.075" />
  <testcase classname="ptolemy.util.test.junit.AutoTests" name="[110] /home/travis/build/icyphy/ptII/ptolemy/domains/continuous/test/auto/Poisson.xml (RunModel)" time="0.486" />
  <testcase classname="ptolemy.util.test.junit.AutoTests" name="[111] /home/travis/build/icyphy/ptII/ptolemy/domains/continuous/test/auto/PoissonClock.xml (RunModel)" time="0.013" />
  <testcase classname="ptolemy.util.test.junit.AutoTests" name="[112] /home/travis/build/icyphy/ptII/ptolemy/domains/continuous/test/auto/PoissonClock2.xml (RunModel)" time="0.015" />
  <testcase classname="ptolemy.util.test.junit.AutoTests" name="[113] /home/travis/build/icyphy/ptII/ptolemy/domains/continuous/test/auto/PortParameterHierarchy.xml (RunModel)" time="0.019" />
  <testcase classname="ptolemy.util.test.junit.AutoTests" name="[114] /home/travis/build/icyphy/ptII/ptolemy/domains/continuous/test/auto/RandomHybridPlant.xml (RunModel)" time="0.546" />
  <testcase classname="ptolemy.util.test.junit.AutoTests" name="[115] /home/travis/build/icyphy/ptII/ptolemy/domains/continuous/test/auto/ResetTransitionWithStartTime1.xml (RunModel)" time="0.03" />
  <testcase classname="ptolemy.util.test.junit.AutoTests" name="[116] /home/travis/build/icyphy/ptII/ptolemy/domains/continuous/test/auto/ResetTransitionWithStartTime2.xml (RunModel)" time="0.034" />
  <testcase classname="ptolemy.util.test.junit.AutoTests" name="[117] /home/travis/build/icyphy/ptII/ptolemy/domains/continuous/test/auto/ResetTransitionWithStartTime3.xml (RunModel)" time="0.04" />
  <testcase classname="ptolemy.util.test.junit.AutoTests" name="[118] /home/travis/build/icyphy/ptII/ptolemy/domains/continuous/test/auto/ResetTransitionWithStartTime4.xml (RunModel)" time="0.024" />
  <testcase classname="ptolemy.util.test.junit.AutoTests" name="[119] /home/travis/build/icyphy/ptII/ptolemy/domains/continuous/test/auto/ResetTransitionWithStartTime5.xml (RunModel)" time="0.047" />
  <testcase classname="ptolemy.util.test.junit.AutoTests" name="[120] /home/travis/build/icyphy/ptII/ptolemy/domains/continuous/test/auto/ResetTransitionWithStartTime6.xml (RunModel)" time="0.026" />
  <testcase classname="ptolemy.util.test.junit.AutoTests" name="[121] /home/travis/build/icyphy/ptII/ptolemy/domains/continuous/test/auto/SRinContinuous.xml (RunModel)" time="0.031" />
  <testcase classname="ptolemy.util.test.junit.AutoTests" name="[122] /home/travis/build/icyphy/ptII/ptolemy/domains/continuous/test/auto/SampledClocks.xml (RunModel)" time="0.043" />
  <testcase classname="ptolemy.util.test.junit.AutoTests" name="[123] /home/travis/build/icyphy/ptII/ptolemy/domains/continuous/test/auto/Satellite.xml (RunModel)" time="0.864" />
  <testcase classname="ptolemy.util.test.junit.AutoTests" name="[124] /home/travis/build/icyphy/ptII/ptolemy/domains/continuous/test/auto/SigmaDelta.xml (RunModel)" time="2.357" />
  <testcase classname="ptolemy.util.test.junit.AutoTests" name="[125] /home/travis/build/icyphy/ptII/ptolemy/domains/continuous/test/auto/SinuBouncingBall.xml (RunModel)" time="0.769" />
  <testcase classname="ptolemy.util.test.junit.AutoTests" name="[126] /home/travis/build/icyphy/ptII/ptolemy/domains/continuous/test/auto/Sinusoid.xml (RunModel)" time="0.012" />
  <testcase classname="ptolemy.util.test.junit.AutoTests" name="[127] /home/travis/build/icyphy/ptII/ptolemy/domains/continuous/test/auto/SinusoidInNoise.xml (RunModel)" time="0.896" />
  <testcase classname="ptolemy.util.test.junit.AutoTests" name="[128] /home/travis/build/icyphy/ptII/ptolemy/domains/continuous/test/auto/SinusoidRK45.xml (RunModel)" time="0.009" />
  <testcase classname="ptolemy.util.test.junit.AutoTests" name="[129] /home/travis/build/icyphy/ptII/ptolemy/domains/continuous/test/auto/SinusoidWithMultipleImpulses.xml (RunModel)" time="0.016" />
  <testcase classname="ptolemy.util.test.junit.AutoTests" name="[130] /home/travis/build/icyphy/ptII/ptolemy/domains/continuous/test/auto/SquareWave.xml (RunModel)" time="0.249" />
  <testcase classname="ptolemy.util.test.junit.AutoTests" name="[131] /home/travis/build/icyphy/ptII/ptolemy/domains/continuous/test/auto/Starmac.xml (RunModel)" time="3.386" />
  <testcase classname="ptolemy.util.test.junit.AutoTests" name="[132] /home/travis/build/icyphy/ptII/ptolemy/domains/continuous/test/auto/StaticUnits.xml (RunModel)" time="2.557" />
  <testcase classname="ptolemy.util.test.junit.AutoTests" name="[133] /home/travis/build/icyphy/ptII/ptolemy/domains/continuous/test/auto/StickyMasses.xml (RunModel)" time="0.191" />
  <testcase classname="ptolemy.util.test.junit.AutoTests" name="[134] /home/travis/build/icyphy/ptII/ptolemy/domains/continuous/test/auto/StopTime.xml (RunModel)" time="0.057" />
  <testcase classname="ptolemy.util.test.junit.AutoTests" name="[135] /home/travis/build/icyphy/ptII/ptolemy/domains/continuous/test/auto/StopTime2.xml (RunModel)" time="0.062" />
  <testcase classname="ptolemy.util.test.junit.AutoTests" name="[136] /home/travis/build/icyphy/ptII/ptolemy/domains/continuous/test/auto/Switch.xml (RunModel)" time="0.07" />
  <testcase classname="ptolemy.util.test.junit.AutoTests" name="[137] /home/travis/build/icyphy/ptII/ptolemy/domains/continuous/test/auto/Thermostat.xml (RunModel)" time="0.199" />
  <testcase classname="ptolemy.util.test.junit.AutoTests" name="[138] /home/travis/build/icyphy/ptII/ptolemy/domains/continuous/test/auto/TimeDelay.xml (RunModel)" time="0.014" />
  <testcase classname="ptolemy.util.test.junit.AutoTests" name="[139] /home/travis/build/icyphy/ptII/ptolemy/domains/continuous/test/auto/TimeDelay2.xml (RunModel)" time="0.021" />
  <testcase classname="ptolemy.util.test.junit.AutoTests" name="[140] /home/travis/build/icyphy/ptII/ptolemy/domains/continuous/test/auto/TimeDelay3.xml (RunModel)" time="0.014" />
  <testcase classname="ptolemy.util.test.junit.AutoTests" name="[141] /home/travis/build/icyphy/ptII/ptolemy/domains/continuous/test/auto/TransferAbsentToInside.xml (RunModel)" time="0.112" />
  <testcase classname="ptolemy.util.test.junit.AutoTests" name="[142] /home/travis/build/icyphy/ptII/ptolemy/domains/continuous/test/auto/Transmission.xml (RunModel)" time="0.778" />
  <testcase classname="ptolemy.util.test.junit.AutoTests" name="[143] /home/travis/build/icyphy/ptII/ptolemy/domains/continuous/test/auto/TriggeredContinuousClock.xml (RunModel)" time="0.068" />
  <testcase classname="ptolemy.util.test.junit.AutoTests" name="[144] /home/travis/build/icyphy/ptII/ptolemy/domains/continuous/test/auto/TwoMachineInfiniteBusControl.xml (RunModel)" time="2.919" />
  <testcase classname="ptolemy.util.test.junit.AutoTests" name="[145] /home/travis/build/icyphy/ptII/ptolemy/domains/continuous/test/auto/V2V.xml (RunModel)" time="0.657" />
  <testcase classname="ptolemy.util.test.junit.AutoTests" name="[146] /home/travis/build/icyphy/ptII/ptolemy/domains/continuous/test/auto/hierarchicalModalModel.xml (RunModel)" time="0.033" />
  <testcase classname="ptolemy.util.test.junit.AutoTests" name="[147] /home/travis/build/icyphy/ptII/ptolemy/domains/continuous/test/auto/hierarchicalModalModel1.xml (RunModel)" time="0.041" />
  <testcase classname="ptolemy.util.test.junit.AutoTests" name="[148] /home/travis/build/icyphy/ptII/ptolemy/domains/continuous/test/auto/hierarchicalModalModel2.xml (RunModel)" time="0.03" />
  <testcase classname="ptolemy.util.test.junit.AutoTests" name="[149] /home/travis/build/icyphy/ptII/ptolemy/domains/continuous/test/auto/hierarchicalModalModel3.xml (RunModel)" time="0.025" />
  <testcase classname="ptolemy.util.test.junit.AutoTests" name="[150] /home/travis/build/icyphy/ptII/ptolemy/domains/continuous/test/auto/hierarchicalModalModel4.xml (RunModel)" time="0.028" />
  <testcase classname="ptolemy.util.test.junit.AutoTests" name="[151] /home/travis/build/icyphy/ptII/ptolemy/domains/continuous/test/auto/junk.xml (RunModel)" time="0.151" />
  <system-out><![CDATA[No tcl tests in /home/travis/build/icyphy/ptII/ptolemy/domains/continuous/test
No auto/knownFailedTests/*.xml tests in /home/travis/build/icyphy/ptII/ptolemy/domains/continuous/test
No auto/linux-amd64/*.xml tests in /home/travis/build/icyphy/ptII/ptolemy/domains/continuous/test
AutoTests.java: About to close Vertx.
AutoTests.java: Vertx closed.

===========================================================================================
----------------- testing Sun Jul 01 01:33:19 UTC 2018 /home/travis/build/icyphy/ptII/ptolemy/domains/continuous/test/auto/BouncingBall.xml
----------------- Instantiating /home/travis/build/icyphy/ptII/ptolemy/domains/continuous/test/auto/BouncingBall.xml
2357 ms. Memory: 331776K Free: 263759K (79%)
----------------- Invoking toplevel() on ptolemy.moml.MoMLSimpleApplication@46806df4
----------------- Done invoking toplevel() on ptolemy.moml.MoMLSimpleApplication@46806df4
reloadAllAccessors: .BouncingBall

===========================================================================================
----------------- testing Sun Jul 01 01:33:21 UTC 2018 /home/travis/build/icyphy/ptII/ptolemy/domains/continuous/test/auto/BouncingBallWithoutGR.xml
----------------- Instantiating /home/travis/build/icyphy/ptII/ptolemy/domains/continuous/test/auto/BouncingBallWithoutGR.xml
808 ms. Memory: 331776K Free: 323777K (98%)
----------------- Invoking toplevel() on ptolemy.moml.MoMLSimpleApplication@1db98a60
----------------- Done invoking toplevel() on ptolemy.moml.MoMLSimpleApplication@1db98a60
reloadAllAccessors: .BouncingBallWithoutGR

===========================================================================================
----------------- testing Sun Jul 01 01:33:22 UTC 2018 /home/travis/build/icyphy/ptII/ptolemy/domains/continuous/test/auto/Brownian.xml
----------------- Instantiating /home/travis/build/icyphy/ptII/ptolemy/domains/continuous/test/auto/Brownian.xml
32 ms. Memory: 331776K Free: 309835K (93%)
----------------- Invoking toplevel() on ptolemy.moml.MoMLSimpleApplication@2a3005c7
----------------- Done invoking toplevel() on ptolemy.moml.MoMLSimpleApplication@2a3005c7
reloadAllAccessors: .Brownian

===========================================================================================
----------------- testing Sun Jul 01 01:33:22 UTC 2018 /home/travis/build/icyphy/ptII/ptolemy/domains/continuous/test/auto/CarTracking.xml
----------------- Instantiating /home/travis/build/icyphy/ptII/ptolemy/domains/continuous/test/auto/CarTracking.xml
3292 ms. Memory: 578048K Free: 483837K (84%)
----------------- Invoking toplevel() on ptolemy.moml.MoMLSimpleApplication@6255d086
----------------- Done invoking toplevel() on ptolemy.moml.MoMLSimpleApplication@6255d086
reloadAllAccessors: .CarTracking

===========================================================================================
----------------- testing Sun Jul 01 01:33:26 UTC 2018 /home/travis/build/icyphy/ptII/ptolemy/domains/continuous/test/auto/CartPendulum.xml
----------------- Instantiating /home/travis/build/icyphy/ptII/ptolemy/domains/continuous/test/auto/CartPendulum.xml
411 ms. Memory: 578048K Free: 379418K (66%)
----------------- Invoking toplevel() on ptolemy.moml.MoMLSimpleApplication@655a58d
----------------- Done invoking toplevel() on ptolemy.moml.MoMLSimpleApplication@655a58d
reloadAllAccessors: .CartPendulum

===========================================================================================
----------------- testing Sun Jul 01 01:33:27 UTC 2018 /home/travis/build/icyphy/ptII/ptolemy/domains/continuous/test/auto/CausalityInterface10.xml
----------------- Instantiating /home/travis/build/icyphy/ptII/ptolemy/domains/continuous/test/auto/CausalityInterface10.xml
7 ms. Memory: 578048K Free: 366053K (63%)
----------------- Invoking toplevel() on ptolemy.moml.MoMLSimpleApplication@2cc6a07a
----------------- Done invoking toplevel() on ptolemy.moml.MoMLSimpleApplication@2cc6a07a
reloadAllAccessors: .CausalityInterface10

===========================================================================================
----------------- testing Sun Jul 01 01:33:27 UTC 2018 /home/travis/build/icyphy/ptII/ptolemy/domains/continuous/test/auto/CausalityInterface11.xml
----------------- Instantiating /home/travis/build/icyphy/ptII/ptolemy/domains/continuous/test/auto/CausalityInterface11.xml
11 ms. Memory: 578048K Free: 356207K (62%)
----------------- Invoking toplevel() on ptolemy.moml.MoMLSimpleApplication@2aac340
----------------- Done invoking toplevel() on ptolemy.moml.MoMLSimpleApplication@2aac340
reloadAllAccessors: .CausalityInterface11

===========================================================================================
----------------- testing Sun Jul 01 01:33:27 UTC 2018 /home/travis/build/icyphy/ptII/ptolemy/domains/continuous/test/auto/CausalityInterface12.xml
----------------- Instantiating /home/travis/build/icyphy/ptII/ptolemy/domains/continuous/test/auto/CausalityInterface12.xml
15 ms. Memory: 578048K Free: 346360K (60%)
----------------- Invoking toplevel() on ptolemy.moml.MoMLSimpleApplication@60d08d4d
----------------- Done invoking toplevel() on ptolemy.moml.MoMLSimpleApplication@60d08d4d
reloadAllAccessors: .CausalityInterface12

===========================================================================================
----------------- testing Sun Jul 01 01:33:27 UTC 2018 /home/travis/build/icyphy/ptII/ptolemy/domains/continuous/test/auto/CausalityInterface13.xml
----------------- Instantiating /home/travis/build/icyphy/ptII/ptolemy/domains/continuous/test/auto/CausalityInterface13.xml
7 ms. Memory: 578048K Free: 333357K (58%)
----------------- Invoking toplevel() on ptolemy.moml.MoMLSimpleApplication@ce0c5d8
----------------- Done invoking toplevel() on ptolemy.moml.MoMLSimpleApplication@ce0c5d8
reloadAllAccessors: .CausalityInterface13

===========================================================================================
----------------- testing Sun Jul 01 01:33:27 UTC 2018 /home/travis/build/icyphy/ptII/ptolemy/domains/continuous/test/auto/CausalityInterface14.xml
----------------- Instantiating /home/travis/build/icyphy/ptII/ptolemy/domains/continuous/test/auto/CausalityInterface14.xml
4 ms. Memory: 578048K Free: 323511K (56%)
----------------- Invoking toplevel() on ptolemy.moml.MoMLSimpleApplication@54426a0b
----------------- Done invoking toplevel() on ptolemy.moml.MoMLSimpleApplication@54426a0b
reloadAllAccessors: .CausalityInterface14

===========================================================================================
----------------- testing Sun Jul 01 01:33:27 UTC 2018 /home/travis/build/icyphy/ptII/ptolemy/domains/continuous/test/auto/CausalityInterface4.xml
----------------- Instantiating /home/travis/build/icyphy/ptII/ptolemy/domains/continuous/test/auto/CausalityInterface4.xml
5 ms. Memory: 578048K Free: 313665K (54%)
----------------- Invoking toplevel() on ptolemy.moml.MoMLSimpleApplication@1f890717
----------------- Done invoking toplevel() on ptolemy.moml.MoMLSimpleApplication@1f890717
reloadAllAccessors: .CausalityInterface4

===========================================================================================
----------------- testing Sun Jul 01 01:33:27 UTC 2018 /home/travis/build/icyphy/ptII/ptolemy/domains/continuous/test/auto/CausalityInterface5.xml
----------------- Instantiating /home/travis/build/icyphy/ptII/ptolemy/domains/continuous/test/auto/CausalityInterface5.xml
4 ms. Memory: 578048K Free: 300541K (52%)
----------------- Invoking toplevel() on ptolemy.moml.MoMLSimpleApplication@46ce51a1
----------------- Done invoking toplevel() on ptolemy.moml.MoMLSimpleApplication@46ce51a1
reloadAllAccessors: .CausalityInterface5

===========================================================================================
----------------- testing Sun Jul 01 01:33:27 UTC 2018 /home/travis/build/icyphy/ptII/ptolemy/domains/continuous/test/auto/CausalityInterface6.xml
----------------- Instantiating /home/travis/build/icyphy/ptII/ptolemy/domains/continuous/test/auto/CausalityInterface6.xml
2 ms. Memory: 578048K Free: 277700K (48%)
----------------- Invoking toplevel() on ptolemy.moml.MoMLSimpleApplication@66478ebe
----------------- Done invoking toplevel() on ptolemy.moml.MoMLSimpleApplication@66478ebe
reloadAllAccessors: .CausalityInterface6

===========================================================================================
----------------- testing Sun Jul 01 01:33:27 UTC 2018 /home/travis/build/icyphy/ptII/ptolemy/domains/continuous/test/auto/CausalityInterface7.xml
----------------- Instantiating /home/travis/build/icyphy/ptII/ptolemy/domains/continuous/test/auto/CausalityInterface7.xml
7 ms. Memory: 578048K Free: 264593K (46%)
----------------- Invoking toplevel() on ptolemy.moml.MoMLSimpleApplication@4ae9375c
----------------- Done invoking toplevel() on ptolemy.moml.MoMLSimpleApplication@4ae9375c
reloadAllAccessors: .CausalityInterface7

===========================================================================================
----------------- testing Sun Jul 01 01:33:27 UTC 2018 /home/travis/build/icyphy/ptII/ptolemy/domains/continuous/test/auto/CausalityInterface8.xml
----------------- Instantiating /home/travis/build/icyphy/ptII/ptolemy/domains/continuous/test/auto/CausalityInterface8.xml
4 ms. Memory: 578048K Free: 251470K (44%)
----------------- Invoking toplevel() on ptolemy.moml.MoMLSimpleApplication@edb8f9d
----------------- Done invoking toplevel() on ptolemy.moml.MoMLSimpleApplication@edb8f9d
reloadAllAccessors: .CausalityInterface8

===========================================================================================
----------------- testing Sun Jul 01 01:33:27 UTC 2018 /home/travis/build/icyphy/ptII/ptolemy/domains/continuous/test/auto/CausalityInterface9.xml
----------------- Instantiating /home/travis/build/icyphy/ptII/ptolemy/domains/continuous/test/auto/CausalityInterface9.xml
10 ms. Memory: 578048K Free: 235069K (41%)
----------------- Invoking toplevel() on ptolemy.moml.MoMLSimpleApplication@1b77e697
----------------- Done invoking toplevel() on ptolemy.moml.MoMLSimpleApplication@1b77e697
reloadAllAccessors: .CausalityInterface9

===========================================================================================
----------------- testing Sun Jul 01 01:33:27 UTC 2018 /home/travis/build/icyphy/ptII/ptolemy/domains/continuous/test/auto/CausalityInterfaceFeedback1.xml
----------------- Instantiating /home/travis/build/icyphy/ptII/ptolemy/domains/continuous/test/auto/CausalityInterfaceFeedback1.xml
3 ms. Memory: 578048K Free: 222074K (38%)
----------------- Invoking toplevel() on ptolemy.moml.MoMLSimpleApplication@54b2eb47
----------------- Done invoking toplevel() on ptolemy.moml.MoMLSimpleApplication@54b2eb47
reloadAllAccessors: .CausalityInterfaceFeedback1

===========================================================================================
----------------- testing Sun Jul 01 01:33:27 UTC 2018 /home/travis/build/icyphy/ptII/ptolemy/domains/continuous/test/auto/CausalityInterfaceFeedback2.xml
----------------- Instantiating /home/travis/build/icyphy/ptII/ptolemy/domains/continuous/test/auto/CausalityInterfaceFeedback2.xml
3 ms. Memory: 578048K Free: 212236K (37%)
----------------- Invoking toplevel() on ptolemy.moml.MoMLSimpleApplication@1c48f993
----------------- Done invoking toplevel() on ptolemy.moml.MoMLSimpleApplication@1c48f993
reloadAllAccessors: .CausalityInterfaceFeedback2

===========================================================================================
----------------- testing Sun Jul 01 01:33:27 UTC 2018 /home/travis/build/icyphy/ptII/ptolemy/domains/continuous/test/auto/CompareWithCurrentTime.xml
----------------- Instantiating /home/travis/build/icyphy/ptII/ptolemy/domains/continuous/test/auto/CompareWithCurrentTime.xml
3 ms. Memory: 578048K Free: 205682K (36%)
----------------- Invoking toplevel() on ptolemy.moml.MoMLSimpleApplication@1575f693
----------------- Done invoking toplevel() on ptolemy.moml.MoMLSimpleApplication@1575f693
reloadAllAccessors: .CompareWithCurrentTime

===========================================================================================
----------------- testing Sun Jul 01 01:33:27 UTC 2018 /home/travis/build/icyphy/ptII/ptolemy/domains/continuous/test/auto/ComparedClocks.xml
----------------- Instantiating /home/travis/build/icyphy/ptII/ptolemy/domains/continuous/test/auto/ComparedClocks.xml
5 ms. Memory: 578048K Free: 185989K (32%)
----------------- Invoking toplevel() on ptolemy.moml.MoMLSimpleApplication@49553562
----------------- Done invoking toplevel() on ptolemy.moml.MoMLSimpleApplication@49553562
reloadAllAccessors: .ComparedClocks

===========================================================================================
----------------- testing Sun Jul 01 01:33:27 UTC 2018 /home/travis/build/icyphy/ptII/ptolemy/domains/continuous/test/auto/ContinuousAOCClone.xml
----------------- Instantiating /home/travis/build/icyphy/ptII/ptolemy/domains/continuous/test/auto/ContinuousAOCClone.xml
2459 ms. Memory: 871424K Free: 442974K (51%)
----------------- Invoking toplevel() on ptolemy.moml.MoMLSimpleApplication@2af0757
----------------- Done invoking toplevel() on ptolemy.moml.MoMLSimpleApplication@2af0757
reloadAllAccessors: .ContinuousAOCClone

===========================================================================================
----------------- testing Sun Jul 01 01:33:30 UTC 2018 /home/travis/build/icyphy/ptII/ptolemy/domains/continuous/test/auto/ContinuousClock.xml
----------------- Instantiating /home/travis/build/icyphy/ptII/ptolemy/domains/continuous/test/auto/ContinuousClock.xml
36 ms. Memory: 871424K Free: 408469K (47%)
----------------- Invoking toplevel() on ptolemy.moml.MoMLSimpleApplication@3fc61bf5
----------------- Done invoking toplevel() on ptolemy.moml.MoMLSimpleApplication@3fc61bf5
reloadAllAccessors: .ContinuousClock

===========================================================================================
----------------- testing Sun Jul 01 01:33:30 UTC 2018 /home/travis/build/icyphy/ptII/ptolemy/domains/continuous/test/auto/ContinuousInContinuous.xml
----------------- Instantiating /home/travis/build/icyphy/ptII/ptolemy/domains/continuous/test/auto/ContinuousInContinuous.xml
48 ms. Memory: 871424K Free: 380942K (44%)
----------------- Invoking toplevel() on ptolemy.moml.MoMLSimpleApplication@d867202
----------------- Done invoking toplevel() on ptolemy.moml.MoMLSimpleApplication@d867202
reloadAllAccessors: .ContinuousInContinuous

===========================================================================================
----------------- testing Sun Jul 01 01:33:30 UTC 2018 /home/travis/build/icyphy/ptII/ptolemy/domains/continuous/test/auto/ContinuousInContinuousInContinuous.xml
----------------- Instantiating /home/travis/build/icyphy/ptII/ptolemy/domains/continuous/test/auto/ContinuousInContinuousInContinuous.xml
9 ms. Memory: 871424K Free: 369152K (42%)
----------------- Invoking toplevel() on ptolemy.moml.MoMLSimpleApplication@14925000
----------------- Done invoking toplevel() on ptolemy.moml.MoMLSimpleApplication@14925000
reloadAllAccessors: .ContinuousInContinuousInContinuous

===========================================================================================
----------------- testing Sun Jul 01 01:33:30 UTC 2018 /home/travis/build/icyphy/ptII/ptolemy/domains/continuous/test/auto/ContinuousInDE.xml
----------------- Instantiating /home/travis/build/icyphy/ptII/ptolemy/domains/continuous/test/auto/ContinuousInDE.xml
111 ms. Memory: 871424K Free: 353454K (41%)
----------------- Invoking toplevel() on ptolemy.moml.MoMLSimpleApplication@523f5858
----------------- Done invoking toplevel() on ptolemy.moml.MoMLSimpleApplication@523f5858
reloadAllAccessors: .ContinuousInDE

===========================================================================================
----------------- testing Sun Jul 01 01:33:30 UTC 2018 /home/travis/build/icyphy/ptII/ptolemy/domains/continuous/test/auto/ContinuousInDE2.xml
----------------- Instantiating /home/travis/build/icyphy/ptII/ptolemy/domains/continuous/test/auto/ContinuousInDE2.xml
41 ms. Memory: 871424K Free: 334314K (38%)
----------------- Invoking toplevel() on ptolemy.moml.MoMLSimpleApplication@7b07323d
----------------- Done invoking toplevel() on ptolemy.moml.MoMLSimpleApplication@7b07323d
reloadAllAccessors: .ContinuousInDE2

===========================================================================================
----------------- testing Sun Jul 01 01:33:30 UTC 2018 /home/travis/build/icyphy/ptII/ptolemy/domains/continuous/test/auto/ContinuousInDE3.xml
----------------- Instantiating /home/travis/build/icyphy/ptII/ptolemy/domains/continuous/test/auto/ContinuousInDE3.xml
42 ms. Memory: 871424K Free: 318600K (37%)
----------------- Invoking toplevel() on ptolemy.moml.MoMLSimpleApplication@7e1a31f0
----------------- Done invoking toplevel() on ptolemy.moml.MoMLSimpleApplication@7e1a31f0
reloadAllAccessors: .ContinuousInDE3

===========================================================================================
----------------- testing Sun Jul 01 01:33:30 UTC 2018 /home/travis/build/icyphy/ptII/ptolemy/domains/continuous/test/auto/ContinuousInDE4.xml
----------------- Instantiating /home/travis/build/icyphy/ptII/ptolemy/domains/continuous/test/auto/ContinuousInDE4.xml
20 ms. Memory: 871424K Free: 306811K (35%)
----------------- Invoking toplevel() on ptolemy.moml.MoMLSimpleApplication@1b4dc0b5
----------------- Done invoking toplevel() on ptolemy.moml.MoMLSimpleApplication@1b4dc0b5
reloadAllAccessors: .ContinuousInDE4

===========================================================================================
----------------- testing Sun Jul 01 01:33:31 UTC 2018 /home/travis/build/icyphy/ptII/ptolemy/domains/continuous/test/auto/ContinuousInDEDifferentRefinements.xml
----------------- Instantiating /home/travis/build/icyphy/ptII/ptolemy/domains/continuous/test/auto/ContinuousInDEDifferentRefinements.xml
47 ms. Memory: 871424K Free: 271410K (31%)
----------------- Invoking toplevel() on ptolemy.moml.MoMLSimpleApplication@3e8eae73
----------------- Done invoking toplevel() on ptolemy.moml.MoMLSimpleApplication@3e8eae73
reloadAllAccessors: .ContinuousInDEDifferentRefinements

===========================================================================================
----------------- testing Sun Jul 01 01:33:31 UTC 2018 /home/travis/build/icyphy/ptII/ptolemy/domains/continuous/test/auto/ContinuousInDEDifferentRefinementsPreemptive.xml
----------------- Instantiating /home/travis/build/icyphy/ptII/ptolemy/domains/continuous/test/auto/ContinuousInDEDifferentRefinementsPreemptive.xml
45 ms. Memory: 871424K Free: 232583K (27%)
----------------- Invoking toplevel() on ptolemy.moml.MoMLSimpleApplication@25637ebe
----------------- Done invoking toplevel() on ptolemy.moml.MoMLSimpleApplication@25637ebe
reloadAllAccessors: .ContinuousInDEDifferentRefinementsPreemptive

===========================================================================================
----------------- testing Sun Jul 01 01:33:31 UTC 2018 /home/travis/build/icyphy/ptII/ptolemy/domains/continuous/test/auto/ContinuousInDEInContinuous2.xml
----------------- Instantiating /home/travis/build/icyphy/ptII/ptolemy/domains/continuous/test/auto/ContinuousInDEInContinuous2.xml
31 ms. Memory: 871424K Free: 212945K (24%)
----------------- Invoking toplevel() on ptolemy.moml.MoMLSimpleApplication@37a5e1ba
----------------- Done invoking toplevel() on ptolemy.moml.MoMLSimpleApplication@37a5e1ba
reloadAllAccessors: .ContinuousInDEInContinuous2

===========================================================================================
----------------- testing Sun Jul 01 01:33:31 UTC 2018 /home/travis/build/icyphy/ptII/ptolemy/domains/continuous/test/auto/ContinuousInDEInContinuous3.xml
----------------- Instantiating /home/travis/build/icyphy/ptII/ptolemy/domains/continuous/test/auto/ContinuousInDEInContinuous3.xml
48 ms. Memory: 871424K Free: 193290K (22%)
----------------- Invoking toplevel() on ptolemy.moml.MoMLSimpleApplication@5ea8233f
----------------- Done invoking toplevel() on ptolemy.moml.MoMLSimpleApplication@5ea8233f
reloadAllAccessors: .ContinuousInDEInContinuous3

===========================================================================================
----------------- testing Sun Jul 01 01:33:31 UTC 2018 /home/travis/build/icyphy/ptII/ptolemy/domains/continuous/test/auto/ContinuousInDEInput.xml
----------------- Instantiating /home/travis/build/icyphy/ptII/ptolemy/domains/continuous/test/auto/ContinuousInDEInput.xml
18 ms. Memory: 871424K Free: 181501K (21%)
----------------- Invoking toplevel() on ptolemy.moml.MoMLSimpleApplication@34bfb017
----------------- Done invoking toplevel() on ptolemy.moml.MoMLSimpleApplication@34bfb017
reloadAllAccessors: .ContinuousInDEInput

===========================================================================================
----------------- testing Sun Jul 01 01:33:31 UTC 2018 /home/travis/build/icyphy/ptII/ptolemy/domains/continuous/test/auto/ContinuousInDEInput2.xml
----------------- Instantiating /home/travis/build/icyphy/ptII/ptolemy/domains/continuous/test/auto/ContinuousInDEInput2.xml
24 ms. Memory: 871424K Free: 166286K (19%)
----------------- Invoking toplevel() on ptolemy.moml.MoMLSimpleApplication@106f0086
----------------- Done invoking toplevel() on ptolemy.moml.MoMLSimpleApplication@106f0086
reloadAllAccessors: .ContinuousInDEInput2

===========================================================================================
----------------- testing Sun Jul 01 01:33:31 UTC 2018 /home/travis/build/icyphy/ptII/ptolemy/domains/continuous/test/auto/ContinuousInDEInput3.xml
----------------- Instantiating /home/travis/build/icyphy/ptII/ptolemy/domains/continuous/test/auto/ContinuousInDEInput3.xml
18 ms. Memory: 871424K Free: 154512K (18%)
----------------- Invoking toplevel() on ptolemy.moml.MoMLSimpleApplication@449e7d34
----------------- Done invoking toplevel() on ptolemy.moml.MoMLSimpleApplication@449e7d34
reloadAllAccessors: .ContinuousInDEInput3

===========================================================================================
----------------- testing Sun Jul 01 01:33:31 UTC 2018 /home/travis/build/icyphy/ptII/ptolemy/domains/continuous/test/auto/ContinuousInDESharingRefinement.xml
----------------- Instantiating /home/travis/build/icyphy/ptII/ptolemy/domains/continuous/test/auto/ContinuousInDESharingRefinement.xml
166 ms. Memory: 872960K Free: 841656K (96%)
----------------- Invoking toplevel() on ptolemy.moml.MoMLSimpleApplication@5eb0ee91
----------------- Done invoking toplevel() on ptolemy.moml.MoMLSimpleApplication@5eb0ee91
reloadAllAccessors: .ContinuousInDESharingRefinement

===========================================================================================
----------------- testing Sun Jul 01 01:33:31 UTC 2018 /home/travis/build/icyphy/ptII/ptolemy/domains/continuous/test/auto/ContinuousInDEwithNoPorts.xml
----------------- Instantiating /home/travis/build/icyphy/ptII/ptolemy/domains/continuous/test/auto/ContinuousInDEwithNoPorts.xml
6 ms. Memory: 872960K Free: 829465K (95%)
----------------- Invoking toplevel() on ptolemy.moml.MoMLSimpleApplication@32e7f0fb
----------------- Done invoking toplevel() on ptolemy.moml.MoMLSimpleApplication@32e7f0fb
reloadAllAccessors: .ContinuousInDEwithNoPorts

===========================================================================================
----------------- testing Sun Jul 01 01:33:31 UTC 2018 /home/travis/build/icyphy/ptII/ptolemy/domains/continuous/test/auto/ContinuousInsideDE.xml
----------------- Instantiating /home/travis/build/icyphy/ptII/ptolemy/domains/continuous/test/auto/ContinuousInsideDE.xml
47 ms. Memory: 872960K Free: 809842K (93%)
----------------- Invoking toplevel() on ptolemy.moml.MoMLSimpleApplication@514ba4ed
----------------- Done invoking toplevel() on ptolemy.moml.MoMLSimpleApplication@514ba4ed
reloadAllAccessors: .ContinuousInsideDE

===========================================================================================
----------------- testing Sun Jul 01 01:33:31 UTC 2018 /home/travis/build/icyphy/ptII/ptolemy/domains/continuous/test/auto/ContinuousMerge1.xml
----------------- Instantiating /home/travis/build/icyphy/ptII/ptolemy/domains/continuous/test/auto/ContinuousMerge1.xml
2 ms. Memory: 872960K Free: 799691K (92%)
----------------- Invoking toplevel() on ptolemy.moml.MoMLSimpleApplication@3de996f3
----------------- Done invoking toplevel() on ptolemy.moml.MoMLSimpleApplication@3de996f3
reloadAllAccessors: .ContinuousMerge1

===========================================================================================
----------------- testing Sun Jul 01 01:33:31 UTC 2018 /home/travis/build/icyphy/ptII/ptolemy/domains/continuous/test/auto/ContinuousMerge2.xml
----------------- Instantiating /home/travis/build/icyphy/ptII/ptolemy/domains/continuous/test/auto/ContinuousMerge2.xml
19 ms. Memory: 872960K Free: 783806K (90%)
----------------- Invoking toplevel() on ptolemy.moml.MoMLSimpleApplication@21f2516f
----------------- Done invoking toplevel() on ptolemy.moml.MoMLSimpleApplication@21f2516f
reloadAllAccessors: .ContinuousMerge2

===========================================================================================
----------------- testing Sun Jul 01 01:33:31 UTC 2018 /home/travis/build/icyphy/ptII/ptolemy/domains/continuous/test/auto/ContinuousMerge3.xml
----------------- Instantiating /home/travis/build/icyphy/ptII/ptolemy/domains/continuous/test/auto/ContinuousMerge3.xml
36 ms. Memory: 872960K Free: 768092K (88%)
----------------- Invoking toplevel() on ptolemy.moml.MoMLSimpleApplication@1ad57935
----------------- Done invoking toplevel() on ptolemy.moml.MoMLSimpleApplication@1ad57935
reloadAllAccessors: .ContinuousMerge3

===========================================================================================
----------------- testing Sun Jul 01 01:33:31 UTC 2018 /home/travis/build/icyphy/ptII/ptolemy/domains/continuous/test/auto/ContinuousWithinContinuous.xml
----------------- Instantiating /home/travis/build/icyphy/ptII/ptolemy/domains/continuous/test/auto/ContinuousWithinContinuous.xml
38 ms. Memory: 872960K Free: 750076K (86%)
----------------- Invoking toplevel() on ptolemy.moml.MoMLSimpleApplication@77c7484
----------------- Done invoking toplevel() on ptolemy.moml.MoMLSimpleApplication@77c7484
reloadAllAccessors: .ContinuousWithinContinuous

===========================================================================================
----------------- testing Sun Jul 01 01:33:32 UTC 2018 /home/travis/build/icyphy/ptII/ptolemy/domains/continuous/test/auto/ContinuousWithinContinuous2.xml
----------------- Instantiating /home/travis/build/icyphy/ptII/ptolemy/domains/continuous/test/auto/ContinuousWithinContinuous2.xml
65 ms. Memory: 872960K Free: 738302K (85%)
----------------- Invoking toplevel() on ptolemy.moml.MoMLSimpleApplication@36f9aba4
----------------- Done invoking toplevel() on ptolemy.moml.MoMLSimpleApplication@36f9aba4
reloadAllAccessors: .ContinuousWithinContinuous2

===========================================================================================
----------------- testing Sun Jul 01 01:33:32 UTC 2018 /home/travis/build/icyphy/ptII/ptolemy/domains/continuous/test/auto/ContinuousWithinContinuous3.xml
----------------- Instantiating /home/travis/build/icyphy/ptII/ptolemy/domains/continuous/test/auto/ContinuousWithinContinuous3.xml
18 ms. Memory: 872960K Free: 726513K (83%)
----------------- Invoking toplevel() on ptolemy.moml.MoMLSimpleApplication@29ede8ff
----------------- Done invoking toplevel() on ptolemy.moml.MoMLSimpleApplication@29ede8ff
reloadAllAccessors: .ContinuousWithinContinuous3

===========================================================================================
----------------- testing Sun Jul 01 01:33:32 UTC 2018 /home/travis/build/icyphy/ptII/ptolemy/domains/continuous/test/auto/ContinuousWithinContinuous4.xml
----------------- Instantiating /home/travis/build/icyphy/ptII/ptolemy/domains/continuous/test/auto/ContinuousWithinContinuous4.xml
63 ms. Memory: 872960K Free: 704572K (81%)
----------------- Invoking toplevel() on ptolemy.moml.MoMLSimpleApplication@4861cc2c
----------------- Done invoking toplevel() on ptolemy.moml.MoMLSimpleApplication@4861cc2c
reloadAllAccessors: .ContinuousWithinContinuous4

===========================================================================================
----------------- testing Sun Jul 01 01:33:32 UTC 2018 /home/travis/build/icyphy/ptII/ptolemy/domains/continuous/test/auto/ContinuousWithinContinuous5.xml
----------------- Instantiating /home/travis/build/icyphy/ptII/ptolemy/domains/continuous/test/auto/ContinuousWithinContinuous5.xml
12 ms. Memory: 872960K Free: 692799K (79%)
----------------- Invoking toplevel() on ptolemy.moml.MoMLSimpleApplication@26ba826a
----------------- Done invoking toplevel() on ptolemy.moml.MoMLSimpleApplication@26ba826a
reloadAllAccessors: .ContinuousWithinContinuous5

===========================================================================================
----------------- testing Sun Jul 01 01:33:32 UTC 2018 /home/travis/build/icyphy/ptII/ptolemy/domains/continuous/test/auto/ContinuousWithinContinuous6.xml
----------------- Instantiating /home/travis/build/icyphy/ptII/ptolemy/domains/continuous/test/auto/ContinuousWithinContinuous6.xml
11 ms. Memory: 872960K Free: 681017K (78%)
----------------- Invoking toplevel() on ptolemy.moml.MoMLSimpleApplication@4eab460d
----------------- Done invoking toplevel() on ptolemy.moml.MoMLSimpleApplication@4eab460d
reloadAllAccessors: .ContinuousWithinContinuous6

===========================================================================================
----------------- testing Sun Jul 01 01:33:32 UTC 2018 /home/travis/build/icyphy/ptII/ptolemy/domains/continuous/test/auto/ContinuousWithinContinuous7.xml
----------------- Instantiating /home/travis/build/icyphy/ptII/ptolemy/domains/continuous/test/auto/ContinuousWithinContinuous7.xml
48 ms. Memory: 872960K Free: 666942K (76%)
----------------- Invoking toplevel() on ptolemy.moml.MoMLSimpleApplication@1d65ae45
----------------- Done invoking toplevel() on ptolemy.moml.MoMLSimpleApplication@1d65ae45
reloadAllAccessors: .ContinuousWithinContinuous7

===========================================================================================
----------------- testing Sun Jul 01 01:33:32 UTC 2018 /home/travis/build/icyphy/ptII/ptolemy/domains/continuous/test/auto/DCMotor.xml
----------------- Instantiating /home/travis/build/icyphy/ptII/ptolemy/domains/continuous/test/auto/DCMotor.xml
13041 ms. Memory: 734208K Free: 156182K (21%)
----------------- Invoking toplevel() on ptolemy.moml.MoMLSimpleApplication@75750490
----------------- Done invoking toplevel() on ptolemy.moml.MoMLSimpleApplication@75750490
reloadAllAccessors: .DCMotor

===========================================================================================
----------------- testing Sun Jul 01 01:33:45 UTC 2018 /home/travis/build/icyphy/ptII/ptolemy/domains/continuous/test/auto/DEInContinuous.xml
----------------- Instantiating /home/travis/build/icyphy/ptII/ptolemy/domains/continuous/test/auto/DEInContinuous.xml
12 ms. Memory: 734208K Free: 140104K (19%)
----------------- Invoking toplevel() on ptolemy.moml.MoMLSimpleApplication@4e82551c
----------------- Done invoking toplevel() on ptolemy.moml.MoMLSimpleApplication@4e82551c
reloadAllAccessors: .DEInContinuous

===========================================================================================
----------------- testing Sun Jul 01 01:33:45 UTC 2018 /home/travis/build/icyphy/ptII/ptolemy/domains/continuous/test/auto/DEinContinuous2.xml
----------------- Instantiating /home/travis/build/icyphy/ptII/ptolemy/domains/continuous/test/auto/DEinContinuous2.xml
7 ms. Memory: 734208K Free: 125898K (17%)
----------------- Invoking toplevel() on ptolemy.moml.MoMLSimpleApplication@22c5af83
----------------- Done invoking toplevel() on ptolemy.moml.MoMLSimpleApplication@22c5af83
reloadAllAccessors: .DEinContinuous2

===========================================================================================
----------------- testing Sun Jul 01 01:33:45 UTC 2018 /home/travis/build/icyphy/ptII/ptolemy/domains/continuous/test/auto/Derivative.xml
----------------- Instantiating /home/travis/build/icyphy/ptII/ptolemy/domains/continuous/test/auto/Derivative.xml
158 ms. Memory: 734208K Free: 87103K (12%)
----------------- Invoking toplevel() on ptolemy.moml.MoMLSimpleApplication@789f407b
----------------- Done invoking toplevel() on ptolemy.moml.MoMLSimpleApplication@789f407b
reloadAllAccessors: .Derivative2

===========================================================================================
----------------- testing Sun Jul 01 01:33:45 UTC 2018 /home/travis/build/icyphy/ptII/ptolemy/domains/continuous/test/auto/Derivative1.xml
----------------- Instantiating /home/travis/build/icyphy/ptII/ptolemy/domains/continuous/test/auto/Derivative1.xml
26 ms. Memory: 696320K Free: 676320K (97%)
----------------- Invoking toplevel() on ptolemy.moml.MoMLSimpleApplication@385e3c63
----------------- Done invoking toplevel() on ptolemy.moml.MoMLSimpleApplication@385e3c63
reloadAllAccessors: .Derivative1

===========================================================================================
----------------- testing Sun Jul 01 01:33:45 UTC 2018 /home/travis/build/icyphy/ptII/ptolemy/domains/continuous/test/auto/DiscreteClock.xml
----------------- Instantiating /home/travis/build/icyphy/ptII/ptolemy/domains/continuous/test/auto/DiscreteClock.xml
4 ms. Memory: 696320K Free: 663350K (95%)
----------------- Invoking toplevel() on ptolemy.moml.MoMLSimpleApplication@3fffb191
----------------- Done invoking toplevel() on ptolemy.moml.MoMLSimpleApplication@3fffb191
reloadAllAccessors: .DiscreteClock

===========================================================================================
----------------- testing Sun Jul 01 01:33:45 UTC 2018 /home/travis/build/icyphy/ptII/ptolemy/domains/continuous/test/auto/EfficiencyCurve.xml
----------------- Instantiating /home/travis/build/icyphy/ptII/ptolemy/domains/continuous/test/auto/EfficiencyCurve.xml
71 ms. Memory: 696320K Free: 646083K (93%)
----------------- Invoking toplevel() on ptolemy.moml.MoMLSimpleApplication@3e3c4eee
----------------- Done invoking toplevel() on ptolemy.moml.MoMLSimpleApplication@3e3c4eee
reloadAllAccessors: .EfficiencyCurve

===========================================================================================
----------------- testing Sun Jul 01 01:33:45 UTC 2018 /home/travis/build/icyphy/ptII/ptolemy/domains/continuous/test/auto/ExponentialResponse.xml
----------------- Instantiating /home/travis/build/icyphy/ptII/ptolemy/domains/continuous/test/auto/ExponentialResponse.xml
100 ms. Memory: 696320K Free: 624768K (90%)
----------------- Invoking toplevel() on ptolemy.moml.MoMLSimpleApplication@75cb737d
----------------- Done invoking toplevel() on ptolemy.moml.MoMLSimpleApplication@75cb737d
reloadAllAccessors: .ExponentialResponse

===========================================================================================
----------------- testing Sun Jul 01 01:33:46 UTC 2018 /home/travis/build/icyphy/ptII/ptolemy/domains/continuous/test/auto/ExponentialResponseRK45.xml
----------------- Instantiating /home/travis/build/icyphy/ptII/ptolemy/domains/continuous/test/auto/ExponentialResponseRK45.xml
26 ms. Memory: 696320K Free: 615752K (88%)
----------------- Invoking toplevel() on ptolemy.moml.MoMLSimpleApplication@4eee9a42
----------------- Done invoking toplevel() on ptolemy.moml.MoMLSimpleApplication@4eee9a42
reloadAllAccessors: .ExponentialResponseRK45

===========================================================================================
----------------- testing Sun Jul 01 01:33:46 UTC 2018 /home/travis/build/icyphy/ptII/ptolemy/domains/continuous/test/auto/Friction.xml
----------------- Instantiating /home/travis/build/icyphy/ptII/ptolemy/domains/continuous/test/auto/Friction.xml
1289 ms. Memory: 696320K Free: 161081K (23%)
----------------- Invoking toplevel() on ptolemy.moml.MoMLSimpleApplication@5477acc2
----------------- Done invoking toplevel() on ptolemy.moml.MoMLSimpleApplication@5477acc2
reloadAllAccessors: .Friction

===========================================================================================
----------------- testing Sun Jul 01 01:33:47 UTC 2018 /home/travis/build/icyphy/ptII/ptolemy/domains/continuous/test/auto/FurutaPendulum.xml
----------------- Instantiating /home/travis/build/icyphy/ptII/ptolemy/domains/continuous/test/auto/FurutaPendulum.xml
3200 ms. Memory: 674304K Free: 247295K (37%)
----------------- Invoking toplevel() on ptolemy.moml.MoMLSimpleApplication@2f0bec09
----------------- Done invoking toplevel() on ptolemy.moml.MoMLSimpleApplication@2f0bec09
reloadAllAccessors: .FurutaPendulum

===========================================================================================
----------------- testing Sun Jul 01 01:33:50 UTC 2018 /home/travis/build/icyphy/ptII/ptolemy/domains/continuous/test/auto/HierarchicalExecution.xml
----------------- Instantiating /home/travis/build/icyphy/ptII/ptolemy/domains/continuous/test/auto/HierarchicalExecution.xml
1881 ms. Memory: 646656K Free: 493903K (76%)
----------------- Invoking toplevel() on ptolemy.moml.MoMLSimpleApplication@65366726
----------------- Done invoking toplevel() on ptolemy.moml.MoMLSimpleApplication@65366726
reloadAllAccessors: .HierarchicalExecution

===========================================================================================
----------------- testing Sun Jul 01 01:33:53 UTC 2018 /home/travis/build/icyphy/ptII/ptolemy/domains/continuous/test/auto/HybridPlant.xml
----------------- Instantiating /home/travis/build/icyphy/ptII/ptolemy/domains/continuous/test/auto/HybridPlant.xml
501 ms. Memory: 646656K Free: 216093K (33%)
----------------- Invoking toplevel() on ptolemy.moml.MoMLSimpleApplication@6cd0adcb
----------------- Done invoking toplevel() on ptolemy.moml.MoMLSimpleApplication@6cd0adcb
reloadAllAccessors: .HybridPlant

===========================================================================================
----------------- testing Sun Jul 01 01:33:53 UTC 2018 /home/travis/build/icyphy/ptII/ptolemy/domains/continuous/test/auto/Hysteresis.xml
----------------- Instantiating /home/travis/build/icyphy/ptII/ptolemy/domains/continuous/test/auto/Hysteresis.xml
120 ms. Memory: 646656K Free: 148233K (23%)
----------------- Invoking toplevel() on ptolemy.moml.MoMLSimpleApplication@566c8adf
----------------- Done invoking toplevel() on ptolemy.moml.MoMLSimpleApplication@566c8adf
reloadAllAccessors: .Hysteresis

===========================================================================================
----------------- testing Sun Jul 01 01:33:53 UTC 2018 /home/travis/build/icyphy/ptII/ptolemy/domains/continuous/test/auto/HysteresisWithRandomDelay.xml
----------------- Instantiating /home/travis/build/icyphy/ptII/ptolemy/domains/continuous/test/auto/HysteresisWithRandomDelay.xml
153 ms. Memory: 646656K Free: 68862K (11%)
----------------- Invoking toplevel() on ptolemy.moml.MoMLSimpleApplication@44450776
----------------- Done invoking toplevel() on ptolemy.moml.MoMLSimpleApplication@44450776
reloadAllAccessors: .HysteresisWithRandomDelay

===========================================================================================
----------------- testing Sun Jul 01 01:33:54 UTC 2018 /home/travis/build/icyphy/ptII/ptolemy/domains/continuous/test/auto/HysteresisWithRandomLosses.xml
----------------- Instantiating /home/travis/build/icyphy/ptII/ptolemy/domains/continuous/test/auto/HysteresisWithRandomLosses.xml
2144 ms. Memory: 590336K Free: 336120K (57%)
----------------- Invoking toplevel() on ptolemy.moml.MoMLSimpleApplication@4ee129b3
----------------- Done invoking toplevel() on ptolemy.moml.MoMLSimpleApplication@4ee129b3
reloadAllAccessors: .HysteresisWithRandomLosses

===========================================================================================
----------------- testing Sun Jul 01 01:33:56 UTC 2018 /home/travis/build/icyphy/ptII/ptolemy/domains/continuous/test/auto/ImmediateTransitions.xml
----------------- Instantiating /home/travis/build/icyphy/ptII/ptolemy/domains/continuous/test/auto/ImmediateTransitions.xml
9 ms. Memory: 590336K Free: 320675K (54%)
----------------- Invoking toplevel() on ptolemy.moml.MoMLSimpleApplication@62f465b6
----------------- Done invoking toplevel() on ptolemy.moml.MoMLSimpleApplication@62f465b6
reloadAllAccessors: .ImmediateTransitions

===========================================================================================
----------------- testing Sun Jul 01 01:33:56 UTC 2018 /home/travis/build/icyphy/ptII/ptolemy/domains/continuous/test/auto/ImpulseFeedback.xml
----------------- Instantiating /home/travis/build/icyphy/ptII/ptolemy/domains/continuous/test/auto/ImpulseFeedback.xml
8 ms. Memory: 590336K Free: 309622K (52%)
----------------- Invoking toplevel() on ptolemy.moml.MoMLSimpleApplication@bf3471d
----------------- Done invoking toplevel() on ptolemy.moml.MoMLSimpleApplication@bf3471d
reloadAllAccessors: .ImpulseFeedback

===========================================================================================
----------------- testing Sun Jul 01 01:33:56 UTC 2018 /home/travis/build/icyphy/ptII/ptolemy/domains/continuous/test/auto/ImpulseFeedback2.xml
----------------- Instantiating /home/travis/build/icyphy/ptII/ptolemy/domains/continuous/test/auto/ImpulseFeedback2.xml
6 ms. Memory: 590336K Free: 298585K (51%)
----------------- Invoking toplevel() on ptolemy.moml.MoMLSimpleApplication@baf2455
----------------- Done invoking toplevel() on ptolemy.moml.MoMLSimpleApplication@baf2455
reloadAllAccessors: .ImpulseFeedback2

===========================================================================================
----------------- testing Sun Jul 01 01:33:56 UTC 2018 /home/travis/build/icyphy/ptII/ptolemy/domains/continuous/test/auto/IncreasingRatePoisson.xml
----------------- Instantiating /home/travis/build/icyphy/ptII/ptolemy/domains/continuous/test/auto/IncreasingRatePoisson.xml
689 ms. Memory: 564736K Free: 452502K (80%)
----------------- Invoking toplevel() on ptolemy.moml.MoMLSimpleApplication@3016ad9b
----------------- Done invoking toplevel() on ptolemy.moml.MoMLSimpleApplication@3016ad9b
reloadAllAccessors: .IncreasingRatePoisson

===========================================================================================
----------------- testing Sun Jul 01 01:33:57 UTC 2018 /home/travis/build/icyphy/ptII/ptolemy/domains/continuous/test/auto/InitialStateFeedback.xml
----------------- Instantiating /home/travis/build/icyphy/ptII/ptolemy/domains/continuous/test/auto/InitialStateFeedback.xml
8 ms. Memory: 564736K Free: 443419K (79%)
----------------- Invoking toplevel() on ptolemy.moml.MoMLSimpleApplication@429ced66
----------------- Done invoking toplevel() on ptolemy.moml.MoMLSimpleApplication@429ced66
reloadAllAccessors: .InitialStateFeedback

===========================================================================================
----------------- testing Sun Jul 01 01:33:57 UTC 2018 /home/travis/build/icyphy/ptII/ptolemy/domains/continuous/test/auto/Integration.xml
----------------- Instantiating /home/travis/build/icyphy/ptII/ptolemy/domains/continuous/test/auto/Integration.xml
2 ms. Memory: 564736K Free: 436172K (77%)
----------------- Invoking toplevel() on ptolemy.moml.MoMLSimpleApplication@5962f6d7
----------------- Done invoking toplevel() on ptolemy.moml.MoMLSimpleApplication@5962f6d7
reloadAllAccessors: .Integration

===========================================================================================
----------------- testing Sun Jul 01 01:33:57 UTC 2018 /home/travis/build/icyphy/ptII/ptolemy/domains/continuous/test/auto/Integration2.xml
----------------- Instantiating /home/travis/build/icyphy/ptII/ptolemy/domains/continuous/test/auto/Integration2.xml
80 ms. Memory: 564736K Free: 416028K (74%)
----------------- Invoking toplevel() on ptolemy.moml.MoMLSimpleApplication@14332dda
----------------- Done invoking toplevel() on ptolemy.moml.MoMLSimpleApplication@14332dda
reloadAllAccessors: .Integration2

===========================================================================================
----------------- testing Sun Jul 01 01:33:57 UTC 2018 /home/travis/build/icyphy/ptII/ptolemy/domains/continuous/test/auto/Integration3.xml
----------------- Instantiating /home/travis/build/icyphy/ptII/ptolemy/domains/continuous/test/auto/Integration3.xml
2 ms. Memory: 564736K Free: 408622K (72%)
----------------- Invoking toplevel() on ptolemy.moml.MoMLSimpleApplication@59fdfff7
----------------- Done invoking toplevel() on ptolemy.moml.MoMLSimpleApplication@59fdfff7
reloadAllAccessors: .Integration3

===========================================================================================
----------------- testing Sun Jul 01 01:33:57 UTC 2018 /home/travis/build/icyphy/ptII/ptolemy/domains/continuous/test/auto/Integration5.xml
----------------- Instantiating /home/travis/build/icyphy/ptII/ptolemy/domains/continuous/test/auto/Integration5.xml
2 ms. Memory: 564736K Free: 401375K (71%)
----------------- Invoking toplevel() on ptolemy.moml.MoMLSimpleApplication@4d08853b
----------------- Done invoking toplevel() on ptolemy.moml.MoMLSimpleApplication@4d08853b
reloadAllAccessors: .Integration5

===========================================================================================
----------------- testing Sun Jul 01 01:33:57 UTC 2018 /home/travis/build/icyphy/ptII/ptolemy/domains/continuous/test/auto/IntegratorImpulse.xml
----------------- Instantiating /home/travis/build/icyphy/ptII/ptolemy/domains/continuous/test/auto/IntegratorImpulse.xml
3 ms. Memory: 564736K Free: 394128K (70%)
----------------- Invoking toplevel() on ptolemy.moml.MoMLSimpleApplication@38cf6769
----------------- Done invoking toplevel() on ptolemy.moml.MoMLSimpleApplication@38cf6769
reloadAllAccessors: .IntegratorImpulse

===========================================================================================
----------------- testing Sun Jul 01 01:33:57 UTC 2018 /home/travis/build/icyphy/ptII/ptolemy/domains/continuous/test/auto/IntegratorImpulse2.xml
----------------- Instantiating /home/travis/build/icyphy/ptII/ptolemy/domains/continuous/test/auto/IntegratorImpulse2.xml
3 ms. Memory: 564736K Free: 386721K (68%)
----------------- Invoking toplevel() on ptolemy.moml.MoMLSimpleApplication@5ea553b9
----------------- Done invoking toplevel() on ptolemy.moml.MoMLSimpleApplication@5ea553b9
reloadAllAccessors: .IntegratorImpulse2

===========================================================================================
----------------- testing Sun Jul 01 01:33:57 UTC 2018 /home/travis/build/icyphy/ptII/ptolemy/domains/continuous/test/auto/LevelCrossing1.xml
----------------- Instantiating /home/travis/build/icyphy/ptII/ptolemy/domains/continuous/test/auto/LevelCrossing1.xml
2 ms. Memory: 564736K Free: 376237K (67%)
----------------- Invoking toplevel() on ptolemy.moml.MoMLSimpleApplication@59c03cfd
----------------- Done invoking toplevel() on ptolemy.moml.MoMLSimpleApplication@59c03cfd
reloadAllAccessors: .LevelCrossing1

===========================================================================================
----------------- testing Sun Jul 01 01:33:57 UTC 2018 /home/travis/build/icyphy/ptII/ptolemy/domains/continuous/test/auto/LevelCrossing2.xml
----------------- Instantiating /home/travis/build/icyphy/ptII/ptolemy/domains/continuous/test/auto/LevelCrossing2.xml
3 ms. Memory: 564736K Free: 365752K (65%)
----------------- Invoking toplevel() on ptolemy.moml.MoMLSimpleApplication@3d2e83ee
----------------- Done invoking toplevel() on ptolemy.moml.MoMLSimpleApplication@3d2e83ee
reloadAllAccessors: .LevelCrossing2

===========================================================================================
----------------- testing Sun Jul 01 01:33:57 UTC 2018 /home/travis/build/icyphy/ptII/ptolemy/domains/continuous/test/auto/LevelCrossing3.xml
----------------- Instantiating /home/travis/build/icyphy/ptII/ptolemy/domains/continuous/test/auto/LevelCrossing3.xml
7 ms. Memory: 564736K Free: 355122K (63%)
----------------- Invoking toplevel() on ptolemy.moml.MoMLSimpleApplication@2f29b216
----------------- Done invoking toplevel() on ptolemy.moml.MoMLSimpleApplication@2f29b216
reloadAllAccessors: .LevelCrossing3

===========================================================================================
----------------- testing Sun Jul 01 01:33:57 UTC 2018 /home/travis/build/icyphy/ptII/ptolemy/domains/continuous/test/auto/LevelCrossing4.xml
----------------- Instantiating /home/travis/build/icyphy/ptII/ptolemy/domains/continuous/test/auto/LevelCrossing4.xml
6 ms. Memory: 564736K Free: 344638K (61%)
----------------- Invoking toplevel() on ptolemy.moml.MoMLSimpleApplication@4c826767
----------------- Done invoking toplevel() on ptolemy.moml.MoMLSimpleApplication@4c826767
reloadAllAccessors: .LevelCrossing4

===========================================================================================
----------------- testing Sun Jul 01 01:33:57 UTC 2018 /home/travis/build/icyphy/ptII/ptolemy/domains/continuous/test/auto/LevelCrossing5.xml
----------------- Instantiating /home/travis/build/icyphy/ptII/ptolemy/domains/continuous/test/auto/LevelCrossing5.xml
3 ms. Memory: 564736K Free: 334153K (59%)
----------------- Invoking toplevel() on ptolemy.moml.MoMLSimpleApplication@52412f78
----------------- Done invoking toplevel() on ptolemy.moml.MoMLSimpleApplication@52412f78
reloadAllAccessors: .LevelCrossing5

===========================================================================================
----------------- testing Sun Jul 01 01:33:57 UTC 2018 /home/travis/build/icyphy/ptII/ptolemy/domains/continuous/test/auto/LevelCrossing6.xml
----------------- Instantiating /home/travis/build/icyphy/ptII/ptolemy/domains/continuous/test/auto/LevelCrossing6.xml
[...]
----------------- Instantiating /home/travis/build/icyphy/ptII/ptolemy/domains/continuous/test/auto/ResetTransitionWithStartTime6.xml
10 ms. Memory: 370688K Free: 205261K (55%)
----------------- Invoking toplevel() on ptolemy.moml.MoMLSimpleApplication@7183eb87
----------------- Done invoking toplevel() on ptolemy.moml.MoMLSimpleApplication@7183eb87
reloadAllAccessors: .ResetTransitionWithStartTime6

===========================================================================================
----------------- testing Sun Jul 01 01:34:14 UTC 2018 /home/travis/build/icyphy/ptII/ptolemy/domains/continuous/test/auto/SRinContinuous.xml
----------------- Instantiating /home/travis/build/icyphy/ptII/ptolemy/domains/continuous/test/auto/SRinContinuous.xml
4 ms. Memory: 370688K Free: 195671K (53%)
----------------- Invoking toplevel() on ptolemy.moml.MoMLSimpleApplication@436030f0
----------------- Done invoking toplevel() on ptolemy.moml.MoMLSimpleApplication@436030f0
reloadAllAccessors: .SRinContinuous

===========================================================================================
----------------- testing Sun Jul 01 01:34:14 UTC 2018 /home/travis/build/icyphy/ptII/ptolemy/domains/continuous/test/auto/SampledClocks.xml
----------------- Instantiating /home/travis/build/icyphy/ptII/ptolemy/domains/continuous/test/auto/SampledClocks.xml
8 ms. Memory: 370688K Free: 180345K (49%)
----------------- Invoking toplevel() on ptolemy.moml.MoMLSimpleApplication@4c1049d3
----------------- Done invoking toplevel() on ptolemy.moml.MoMLSimpleApplication@4c1049d3
reloadAllAccessors: .SampledClocks

===========================================================================================
----------------- testing Sun Jul 01 01:34:14 UTC 2018 /home/travis/build/icyphy/ptII/ptolemy/domains/continuous/test/auto/Satellite.xml
----------------- Instantiating /home/travis/build/icyphy/ptII/ptolemy/domains/continuous/test/auto/Satellite.xml
842 ms. Memory: 357888K Free: 273273K (76%)
----------------- Invoking toplevel() on ptolemy.moml.MoMLSimpleApplication@785dc85c
----------------- Done invoking toplevel() on ptolemy.moml.MoMLSimpleApplication@785dc85c
reloadAllAccessors: .Satellite

===========================================================================================
----------------- testing Sun Jul 01 01:34:15 UTC 2018 /home/travis/build/icyphy/ptII/ptolemy/domains/continuous/test/auto/SigmaDelta.xml
----------------- Instantiating /home/travis/build/icyphy/ptII/ptolemy/domains/continuous/test/auto/SigmaDelta.xml
2230 ms. Memory: 351232K Free: 156767K (45%)
----------------- Invoking toplevel() on ptolemy.moml.MoMLSimpleApplication@14f656c6
----------------- Done invoking toplevel() on ptolemy.moml.MoMLSimpleApplication@14f656c6
reloadAllAccessors: .SigmaDelta

===========================================================================================
----------------- testing Sun Jul 01 01:34:17 UTC 2018 /home/travis/build/icyphy/ptII/ptolemy/domains/continuous/test/auto/SinuBouncingBall.xml
----------------- Instantiating /home/travis/build/icyphy/ptII/ptolemy/domains/continuous/test/auto/SinuBouncingBall.xml
693 ms. Memory: 412672K Free: 257941K (63%)
----------------- Invoking toplevel() on ptolemy.moml.MoMLSimpleApplication@4b3154e7
----------------- Done invoking toplevel() on ptolemy.moml.MoMLSimpleApplication@4b3154e7
reloadAllAccessors: .SinuBouncingBall

===========================================================================================
----------------- testing Sun Jul 01 01:34:18 UTC 2018 /home/travis/build/icyphy/ptII/ptolemy/domains/continuous/test/auto/Sinusoid.xml
----------------- Instantiating /home/travis/build/icyphy/ptII/ptolemy/domains/continuous/test/auto/Sinusoid.xml
4 ms. Memory: 412672K Free: 248885K (60%)
----------------- Invoking toplevel() on ptolemy.moml.MoMLSimpleApplication@38b2be3a
----------------- Done invoking toplevel() on ptolemy.moml.MoMLSimpleApplication@38b2be3a
reloadAllAccessors: .Sinusoid

===========================================================================================
----------------- testing Sun Jul 01 01:34:18 UTC 2018 /home/travis/build/icyphy/ptII/ptolemy/domains/continuous/test/auto/SinusoidInNoise.xml
----------------- Instantiating /home/travis/build/icyphy/ptII/ptolemy/domains/continuous/test/auto/SinusoidInNoise.xml
867 ms. Memory: 412672K Free: 45672K (11%)
----------------- Invoking toplevel() on ptolemy.moml.MoMLSimpleApplication@44ad09dd
----------------- Done invoking toplevel() on ptolemy.moml.MoMLSimpleApplication@44ad09dd
reloadAllAccessors: .SinusoidInNoise

===========================================================================================
----------------- testing Sun Jul 01 01:34:19 UTC 2018 /home/travis/build/icyphy/ptII/ptolemy/domains/continuous/test/auto/SinusoidRK45.xml
----------------- Instantiating /home/travis/build/icyphy/ptII/ptolemy/domains/continuous/test/auto/SinusoidRK45.xml
2 ms. Memory: 412672K Free: 38212K (9%)
----------------- Invoking toplevel() on ptolemy.moml.MoMLSimpleApplication@3b6f05ba
----------------- Done invoking toplevel() on ptolemy.moml.MoMLSimpleApplication@3b6f05ba
reloadAllAccessors: .SinusoidRK45

===========================================================================================
----------------- testing Sun Jul 01 01:34:19 UTC 2018 /home/travis/build/icyphy/ptII/ptolemy/domains/continuous/test/auto/SinusoidWithMultipleImpulses.xml
----------------- Instantiating /home/travis/build/icyphy/ptII/ptolemy/domains/continuous/test/auto/SinusoidWithMultipleImpulses.xml
3 ms. Memory: 412672K Free: 30696K (7%)
----------------- Invoking toplevel() on ptolemy.moml.MoMLSimpleApplication@2bf4d4e9
----------------- Done invoking toplevel() on ptolemy.moml.MoMLSimpleApplication@2bf4d4e9
reloadAllAccessors: .SinusoidWithMultipleImpulses

===========================================================================================
----------------- testing Sun Jul 01 01:34:19 UTC 2018 /home/travis/build/icyphy/ptII/ptolemy/domains/continuous/test/auto/SquareWave.xml
----------------- Instantiating /home/travis/build/icyphy/ptII/ptolemy/domains/continuous/test/auto/SquareWave.xml
167 ms. Memory: 396800K Free: 311430K (78%)
----------------- Invoking toplevel() on ptolemy.moml.MoMLSimpleApplication@237b6dd7
----------------- Done invoking toplevel() on ptolemy.moml.MoMLSimpleApplication@237b6dd7
reloadAllAccessors: .SquareWave

===========================================================================================
----------------- testing Sun Jul 01 01:34:19 UTC 2018 /home/travis/build/icyphy/ptII/ptolemy/domains/continuous/test/auto/Starmac.xml
----------------- Instantiating /home/travis/build/icyphy/ptII/ptolemy/domains/continuous/test/auto/Starmac.xml
3072 ms. Memory: 387072K Free: 240445K (62%)
----------------- Invoking toplevel() on ptolemy.moml.MoMLSimpleApplication@1975f57
----------------- Done invoking toplevel() on ptolemy.moml.MoMLSimpleApplication@1975f57
reloadAllAccessors: .Starmac

===========================================================================================
----------------- testing Sun Jul 01 01:34:22 UTC 2018 /home/travis/build/icyphy/ptII/ptolemy/domains/continuous/test/auto/StaticUnits.xml
----------------- Instantiating /home/travis/build/icyphy/ptII/ptolemy/domains/continuous/test/auto/StaticUnits.xml
2177 ms. Memory: 373248K Free: 51526K (14%)
----------------- Invoking toplevel() on ptolemy.moml.MoMLSimpleApplication@52005daa
----------------- Done invoking toplevel() on ptolemy.moml.MoMLSimpleApplication@52005daa
reloadAllAccessors: .StaticUnits

===========================================================================================
----------------- testing Sun Jul 01 01:34:25 UTC 2018 /home/travis/build/icyphy/ptII/ptolemy/domains/continuous/test/auto/StickyMasses.xml
----------------- Instantiating /home/travis/build/icyphy/ptII/ptolemy/domains/continuous/test/auto/StickyMasses.xml
136 ms. Memory: 356352K Free: 264314K (74%)
----------------- Invoking toplevel() on ptolemy.moml.MoMLSimpleApplication@2ff344bd
----------------- Done invoking toplevel() on ptolemy.moml.MoMLSimpleApplication@2ff344bd
reloadAllAccessors: .StickyMasses

===========================================================================================
----------------- testing Sun Jul 01 01:34:25 UTC 2018 /home/travis/build/icyphy/ptII/ptolemy/domains/continuous/test/auto/StopTime.xml
----------------- Instantiating /home/travis/build/icyphy/ptII/ptolemy/domains/continuous/test/auto/StopTime.xml
35 ms. Memory: 356352K Free: 234742K (66%)
----------------- Invoking toplevel() on ptolemy.moml.MoMLSimpleApplication@7a1228ea
----------------- Done invoking toplevel() on ptolemy.moml.MoMLSimpleApplication@7a1228ea
reloadAllAccessors: .StopTime

===========================================================================================
----------------- testing Sun Jul 01 01:34:25 UTC 2018 /home/travis/build/icyphy/ptII/ptolemy/domains/continuous/test/auto/StopTime2.xml
----------------- Instantiating /home/travis/build/icyphy/ptII/ptolemy/domains/continuous/test/auto/StopTime2.xml
34 ms. Memory: 356352K Free: 209939K (59%)
----------------- Invoking toplevel() on ptolemy.moml.MoMLSimpleApplication@54ec7120
----------------- Done invoking toplevel() on ptolemy.moml.MoMLSimpleApplication@54ec7120
reloadAllAccessors: .StopTime2

===========================================================================================
----------------- testing Sun Jul 01 01:34:25 UTC 2018 /home/travis/build/icyphy/ptII/ptolemy/domains/continuous/test/auto/Switch.xml
----------------- Instantiating /home/travis/build/icyphy/ptII/ptolemy/domains/continuous/test/auto/Switch.xml
47 ms. Memory: 356352K Free: 181514K (51%)
----------------- Invoking toplevel() on ptolemy.moml.MoMLSimpleApplication@df080ad
----------------- Done invoking toplevel() on ptolemy.moml.MoMLSimpleApplication@df080ad
reloadAllAccessors: .Switch

===========================================================================================
----------------- testing Sun Jul 01 01:34:25 UTC 2018 /home/travis/build/icyphy/ptII/ptolemy/domains/continuous/test/auto/Thermostat.xml
----------------- Instantiating /home/travis/build/icyphy/ptII/ptolemy/domains/continuous/test/auto/Thermostat.xml
172 ms. Memory: 356352K Free: 105245K (30%)
----------------- Invoking toplevel() on ptolemy.moml.MoMLSimpleApplication@255f44d2
----------------- Done invoking toplevel() on ptolemy.moml.MoMLSimpleApplication@255f44d2
reloadAllAccessors: .Thermostat

===========================================================================================
----------------- testing Sun Jul 01 01:34:26 UTC 2018 /home/travis/build/icyphy/ptII/ptolemy/domains/continuous/test/auto/TimeDelay.xml
----------------- Instantiating /home/travis/build/icyphy/ptII/ptolemy/domains/continuous/test/auto/TimeDelay.xml
5 ms. Memory: 356352K Free: 98818K (28%)
----------------- Invoking toplevel() on ptolemy.moml.MoMLSimpleApplication@3f448410
----------------- Done invoking toplevel() on ptolemy.moml.MoMLSimpleApplication@3f448410
reloadAllAccessors: .TimeDelay

===========================================================================================
----------------- testing Sun Jul 01 01:34:26 UTC 2018 /home/travis/build/icyphy/ptII/ptolemy/domains/continuous/test/auto/TimeDelay2.xml
----------------- Instantiating /home/travis/build/icyphy/ptII/ptolemy/domains/continuous/test/auto/TimeDelay2.xml
10 ms. Memory: 356352K Free: 88750K (25%)
----------------- Invoking toplevel() on ptolemy.moml.MoMLSimpleApplication@1dc95b33
----------------- Done invoking toplevel() on ptolemy.moml.MoMLSimpleApplication@1dc95b33
reloadAllAccessors: .TimeDelay2

===========================================================================================
----------------- testing Sun Jul 01 01:34:26 UTC 2018 /home/travis/build/icyphy/ptII/ptolemy/domains/continuous/test/auto/TimeDelay3.xml
----------------- Instantiating /home/travis/build/icyphy/ptII/ptolemy/domains/continuous/test/auto/TimeDelay3.xml
6 ms. Memory: 356352K Free: 82321K (23%)
----------------- Invoking toplevel() on ptolemy.moml.MoMLSimpleApplication@205c6513
----------------- Done invoking toplevel() on ptolemy.moml.MoMLSimpleApplication@205c6513
reloadAllAccessors: .TimeDelay3

===========================================================================================
----------------- testing Sun Jul 01 01:34:26 UTC 2018 /home/travis/build/icyphy/ptII/ptolemy/domains/continuous/test/auto/TransferAbsentToInside.xml
----------------- Instantiating /home/travis/build/icyphy/ptII/ptolemy/domains/continuous/test/auto/TransferAbsentToInside.xml
26 ms. Memory: 356352K Free: 24394K (7%)
----------------- Invoking toplevel() on ptolemy.moml.MoMLSimpleApplication@59693607
----------------- Done invoking toplevel() on ptolemy.moml.MoMLSimpleApplication@59693607
reloadAllAccessors: .TransferAbsentToInside

===========================================================================================
----------------- testing Sun Jul 01 01:34:26 UTC 2018 /home/travis/build/icyphy/ptII/ptolemy/domains/continuous/test/auto/Transmission.xml
----------------- Instantiating /home/travis/build/icyphy/ptII/ptolemy/domains/continuous/test/auto/Transmission.xml
712 ms. Memory: 344064K Free: 46093K (13%)
----------------- Invoking toplevel() on ptolemy.moml.MoMLSimpleApplication@29c0be9d
----------------- Done invoking toplevel() on ptolemy.moml.MoMLSimpleApplication@29c0be9d
reloadAllAccessors: .Transmission

===========================================================================================
----------------- testing Sun Jul 01 01:34:27 UTC 2018 /home/travis/build/icyphy/ptII/ptolemy/domains/continuous/test/auto/TriggeredContinuousClock.xml
----------------- Instantiating /home/travis/build/icyphy/ptII/ptolemy/domains/continuous/test/auto/TriggeredContinuousClock.xml
35 ms. Memory: 344064K Free: 11784K (3%)
----------------- Invoking toplevel() on ptolemy.moml.MoMLSimpleApplication@4ecfb454
----------------- Done invoking toplevel() on ptolemy.moml.MoMLSimpleApplication@4ecfb454
reloadAllAccessors: .TriggeredContinuousClock

===========================================================================================
----------------- testing Sun Jul 01 01:34:27 UTC 2018 /home/travis/build/icyphy/ptII/ptolemy/domains/continuous/test/auto/TwoMachineInfiniteBusControl.xml
----------------- Instantiating /home/travis/build/icyphy/ptII/ptolemy/domains/continuous/test/auto/TwoMachineInfiniteBusControl.xml
2757 ms. Memory: 311296K Free: 176161K (57%)
----------------- Invoking toplevel() on ptolemy.moml.MoMLSimpleApplication@70f13df2
----------------- Done invoking toplevel() on ptolemy.moml.MoMLSimpleApplication@70f13df2
reloadAllAccessors: .TwoMachineInfiniteBusControl

===========================================================================================
----------------- testing Sun Jul 01 01:34:30 UTC 2018 /home/travis/build/icyphy/ptII/ptolemy/domains/continuous/test/auto/V2V.xml
----------------- Instantiating /home/travis/build/icyphy/ptII/ptolemy/domains/continuous/test/auto/V2V.xml
573 ms. Memory: 302080K Free: 200260K (66%)
----------------- Invoking toplevel() on ptolemy.moml.MoMLSimpleApplication@79192199
----------------- Done invoking toplevel() on ptolemy.moml.MoMLSimpleApplication@79192199
reloadAllAccessors: .V2V

===========================================================================================
----------------- testing Sun Jul 01 01:34:30 UTC 2018 /home/travis/build/icyphy/ptII/ptolemy/domains/continuous/test/auto/hierarchicalModalModel.xml
----------------- Instantiating /home/travis/build/icyphy/ptII/ptolemy/domains/continuous/test/auto/hierarchicalModalModel.xml
7 ms. Memory: 302080K Free: 180616K (60%)
----------------- Invoking toplevel() on ptolemy.moml.MoMLSimpleApplication@162e338c
----------------- Done invoking toplevel() on ptolemy.moml.MoMLSimpleApplication@162e338c
reloadAllAccessors: .hierarchicalModalModel

===========================================================================================
----------------- testing Sun Jul 01 01:34:30 UTC 2018 /home/travis/build/icyphy/ptII/ptolemy/domains/continuous/test/auto/hierarchicalModalModel1.xml
----------------- Instantiating /home/travis/build/icyphy/ptII/ptolemy/domains/continuous/test/auto/hierarchicalModalModel1.xml
9 ms. Memory: 302080K Free: 163456K (54%)
----------------- Invoking toplevel() on ptolemy.moml.MoMLSimpleApplication@ae8624a
----------------- Done invoking toplevel() on ptolemy.moml.MoMLSimpleApplication@ae8624a
reloadAllAccessors: .hierarchicalModalModel1

===========================================================================================
----------------- testing Sun Jul 01 01:34:30 UTC 2018 /home/travis/build/icyphy/ptII/ptolemy/domains/continuous/test/auto/hierarchicalModalModel2.xml
----------------- Instantiating /home/travis/build/icyphy/ptII/ptolemy/domains/continuous/test/auto/hierarchicalModalModel2.xml
7 ms. Memory: 302080K Free: 147788K (49%)
----------------- Invoking toplevel() on ptolemy.moml.MoMLSimpleApplication@71a88009
----------------- Done invoking toplevel() on ptolemy.moml.MoMLSimpleApplication@71a88009
reloadAllAccessors: .hierarchicalModalModel2

===========================================================================================
----------------- testing Sun Jul 01 01:34:30 UTC 2018 /home/travis/build/icyphy/ptII/ptolemy/domains/continuous/test/auto/hierarchicalModalModel3.xml
----------------- Instantiating /home/travis/build/icyphy/ptII/ptolemy/domains/continuous/test/auto/hierarchicalModalModel3.xml
5 ms. Memory: 302080K Free: 135058K (45%)
----------------- Invoking toplevel() on ptolemy.moml.MoMLSimpleApplication@21298d59
----------------- Done invoking toplevel() on ptolemy.moml.MoMLSimpleApplication@21298d59
reloadAllAccessors: .hierarchicalModalModel3

===========================================================================================
----------------- testing Sun Jul 01 01:34:30 UTC 2018 /home/travis/build/icyphy/ptII/ptolemy/domains/continuous/test/auto/hierarchicalModalModel4.xml
----------------- Instantiating /home/travis/build/icyphy/ptII/ptolemy/domains/continuous/test/auto/hierarchicalModalModel4.xml
5 ms. Memory: 302080K Free: 119407K (40%)
----------------- Invoking toplevel() on ptolemy.moml.MoMLSimpleApplication@444e91b6
----------------- Done invoking toplevel() on ptolemy.moml.MoMLSimpleApplication@444e91b6
reloadAllAccessors: .hierarchicalModalModel4

===========================================================================================
----------------- testing Sun Jul 01 01:34:30 UTC 2018 /home/travis/build/icyphy/ptII/ptolemy/domains/continuous/test/auto/junk.xml
----------------- Instantiating /home/travis/build/icyphy/ptII/ptolemy/domains/continuous/test/auto/junk.xml
134 ms. Memory: 302080K Free: 87650K (29%)
----------------- Invoking toplevel() on ptolemy.moml.MoMLSimpleApplication@5467ae54
----------------- Done invoking toplevel() on ptolemy.moml.MoMLSimpleApplication@5467ae54
reloadAllAccessors: .junk
AutoTests.java: About to close Vertx.
AutoTests.java: Vertx closed.
]]></system-out>
  <system-err><![CDATA[Warning: '.HysteresisWithRandomDelay.NonStrictTest' The test produced only 221 tokens, yet the correctValues parameter was expecting 222 tokens.
Warning: '.HysteresisWithRandomDelay.NonStrictTest2' The test produced only 220 tokens, yet the correctValues parameter was expecting 221 tokens.
Warning: '.IncreasingRatePoisson.NonStrictTest' The test produced only 401 tokens, yet the correctValues parameter was expecting 402 tokens.
Warning: '.Poisson.NonStrictTest' The test produced only 398 tokens, yet the correctValues parameter was expecting 430 tokens.
]]></system-err>
</testsuite>
