<?xml version="1.0" encoding="UTF-8" ?>
<testsuite errors="0" failures="0" hostname="travis-job-b532b185-08d1-4ed2-bd2b-fa94dfc1435e" name="ptolemy.domains.sdf.test.junit.JUnitTclTest" skipped="0" tests="66" time="21.766" timestamp="2019-11-06T06:49:29">
  <properties>
[...]
</properties>
  <testcase classname="ptolemy.util.test.junit.TclTests" name="[0] /home/travis/build/icyphy/ptII/ptolemy/domains/sdf/test/SDFSchedulerErrors.tcl (RunTclFile)" time="1.024" />
  <testcase classname="ptolemy.util.test.junit.TclTests" name="[1] /home/travis/build/icyphy/ptII/ptolemy/domains/sdf/test/composition.tcl (RunTclFile)" time="0.183" />
  <testcase classname="ptolemy.util.test.junit.TclTests" name="[2] /home/travis/build/icyphy/ptII/ptolemy/domains/sdf/test/cycle.tcl (RunTclFile)" time="0.09" />
  <testcase classname="ptolemy.util.test.junit.AutoKnownFailedTests" name="[0] ThereAreNoKnowFailedTests (RunModel)" time="0.002" />
  <testcase classname="ptolemy.util.test.junit.AutoNameArchTests" name="[0] ThereAreNoAutoArchTests (RunModel)" time="0.001" />
  <testcase classname="ptolemy.util.test.junit.AutoTests" name="[0] /home/travis/build/icyphy/ptII/ptolemy/domains/sdf/test/auto/Array.xml (RunModel)" time="0.303" />
  <testcase classname="ptolemy.util.test.junit.AutoTests" name="[1] /home/travis/build/icyphy/ptII/ptolemy/domains/sdf/test/auto/Butterfly.xml (RunModel)" time="0.197" />
  <testcase classname="ptolemy.util.test.junit.AutoTests" name="[2] /home/travis/build/icyphy/ptII/ptolemy/domains/sdf/test/auto/Expression.xml (RunModel)" time="0.146" />
  <testcase classname="ptolemy.util.test.junit.AutoTests" name="[3] /home/travis/build/icyphy/ptII/ptolemy/domains/sdf/test/auto/Eye.xml (RunModel)" time="0.329" />
  <testcase classname="ptolemy.util.test.junit.AutoTests" name="[4] /home/travis/build/icyphy/ptII/ptolemy/domains/sdf/test/auto/FixFIR.xml (RunModel)" time="0.457" />
  <testcase classname="ptolemy.util.test.junit.AutoTests" name="[5] /home/travis/build/icyphy/ptII/ptolemy/domains/sdf/test/auto/FixPoint.xml (RunModel)" time="0.042" />
  <testcase classname="ptolemy.util.test.junit.AutoTests" name="[6] /home/travis/build/icyphy/ptII/ptolemy/domains/sdf/test/auto/Gravitation.xml (RunModel)" time="3.309" />
  <testcase classname="ptolemy.util.test.junit.AutoTests" name="[7] /home/travis/build/icyphy/ptII/ptolemy/domains/sdf/test/auto/GravitationWithCollisionDetection.xml (RunModel)" time="6.873" />
  <testcase classname="ptolemy.util.test.junit.AutoTests" name="[8] /home/travis/build/icyphy/ptII/ptolemy/domains/sdf/test/auto/HDF.xml (RunModel)" time="0.129" />
  <testcase classname="ptolemy.util.test.junit.AutoTests" name="[9] /home/travis/build/icyphy/ptII/ptolemy/domains/sdf/test/auto/HDFwithTransientStates.xml (RunModel)" time="0.074" />
  <testcase classname="ptolemy.util.test.junit.AutoTests" name="[10] /home/travis/build/icyphy/ptII/ptolemy/domains/sdf/test/auto/HTVQ.xml (RunModel)" time="1.011" />
  <testcase classname="ptolemy.util.test.junit.AutoTests" name="[11] /home/travis/build/icyphy/ptII/ptolemy/domains/sdf/test/auto/InferInitProduction.xml (RunModel)" time="0.045" />
  <testcase classname="ptolemy.util.test.junit.AutoTests" name="[12] /home/travis/build/icyphy/ptII/ptolemy/domains/sdf/test/auto/InferInitProductionDeeper.xml (RunModel)" time="0.025" />
  <testcase classname="ptolemy.util.test.junit.AutoTests" name="[13] /home/travis/build/icyphy/ptII/ptolemy/domains/sdf/test/auto/LMSAdaptive.xml (RunModel)" time="0.086" />
  <testcase classname="ptolemy.util.test.junit.AutoTests" name="[14] /home/travis/build/icyphy/ptII/ptolemy/domains/sdf/test/auto/LogisticMap.xml (RunModel)" time="0.477" />
  <testcase classname="ptolemy.util.test.junit.AutoTests" name="[15] /home/travis/build/icyphy/ptII/ptolemy/domains/sdf/test/auto/MaximumEntropySpectrum.xml (RunModel)" time="0.277" />
  <testcase classname="ptolemy.util.test.junit.AutoTests" name="[16] /home/travis/build/icyphy/ptII/ptolemy/domains/sdf/test/auto/MultirateSDF.xml (RunModel)" time="0.081" />
  <testcase classname="ptolemy.util.test.junit.AutoTests" name="[17] /home/travis/build/icyphy/ptII/ptolemy/domains/sdf/test/auto/MultirateSDFwithTransientStates.xml (RunModel)" time="0.07" />
  <testcase classname="ptolemy.util.test.junit.AutoTests" name="[18] /home/travis/build/icyphy/ptII/ptolemy/domains/sdf/test/auto/NoisySinewave.xml (RunModel)" time="0.077" />
  <testcase classname="ptolemy.util.test.junit.AutoTests" name="[19] /home/travis/build/icyphy/ptII/ptolemy/domains/sdf/test/auto/Objects.xml (RunModel)" time="0.038" />
  <testcase classname="ptolemy.util.test.junit.AutoTests" name="[20] /home/travis/build/icyphy/ptII/ptolemy/domains/sdf/test/auto/OrthogonalCom.xml (RunModel)" time="0.042" />
  <testcase classname="ptolemy.util.test.junit.AutoTests" name="[21] /home/travis/build/icyphy/ptII/ptolemy/domains/sdf/test/auto/RijndaelEncryption.xml (RunModel)" time="0.669" />
  <testcase classname="ptolemy.util.test.junit.AutoTests" name="[22] /home/travis/build/icyphy/ptII/ptolemy/domains/sdf/test/auto/SDFEmptyIterations.xml (RunModel)" time="0.025" />
  <testcase classname="ptolemy.util.test.junit.AutoTests" name="[23] /home/travis/build/icyphy/ptII/ptolemy/domains/sdf/test/auto/Spectrum.xml (RunModel)" time="0.115" />
  <testcase classname="ptolemy.util.test.junit.AutoTests" name="[24] /home/travis/build/icyphy/ptII/ptolemy/domains/sdf/test/auto/de_inside_sdf.xml (RunModel)" time="0.03" />
  <testcase classname="ptolemy.util.test.junit.AutoTests" name="[25] /home/travis/build/icyphy/ptII/ptolemy/domains/sdf/test/auto/disconnectedHierarchicalSDF.xml (RunModel)" time="0.027" />
  <testcase classname="ptolemy.util.test.junit.AutoTests" name="[26] /home/travis/build/icyphy/ptII/ptolemy/domains/sdf/test/auto/disconnectedSDF.xml (RunModel)" time="0.019" />
  <testcase classname="ptolemy.util.test.junit.AutoTests" name="[27] /home/travis/build/icyphy/ptII/ptolemy/domains/sdf/test/auto/emptyRefinement.xml (RunModel)" time="0.02" />
  <testcase classname="ptolemy.util.test.junit.AutoTests" name="[28] /home/travis/build/icyphy/ptII/ptolemy/domains/sdf/test/auto/filePortParameter.xml (RunModel)" time="0.049" />
  <testcase classname="ptolemy.util.test.junit.AutoTests" name="[29] /home/travis/build/icyphy/ptII/ptolemy/domains/sdf/test/auto/inferRelationWidth1.xml (RunModel)" time="0.021" />
  <testcase classname="ptolemy.util.test.junit.AutoTests" name="[30] /home/travis/build/icyphy/ptII/ptolemy/domains/sdf/test/auto/initProductionInference.xml (RunModel)" time="0.031" />
  <testcase classname="ptolemy.util.test.junit.AutoTests" name="[31] /home/travis/build/icyphy/ptII/ptolemy/domains/sdf/test/auto/relationGroup.xml (RunModel)" time="0.025" />
  <testcase classname="ptolemy.util.test.junit.AutoTests" name="[32] /home/travis/build/icyphy/ptII/ptolemy/domains/sdf/test/auto/relationGroup10.xml (RunModel)" time="0.017" />
  <testcase classname="ptolemy.util.test.junit.AutoTests" name="[33] /home/travis/build/icyphy/ptII/ptolemy/domains/sdf/test/auto/relationGroup11.xml (RunModel)" time="0.019" />
  <testcase classname="ptolemy.util.test.junit.AutoTests" name="[34] /home/travis/build/icyphy/ptII/ptolemy/domains/sdf/test/auto/relationGroup12.xml (RunModel)" time="0.016" />
  <testcase classname="ptolemy.util.test.junit.AutoTests" name="[35] /home/travis/build/icyphy/ptII/ptolemy/domains/sdf/test/auto/relationGroup13.xml (RunModel)" time="0.022" />
  <testcase classname="ptolemy.util.test.junit.AutoTests" name="[36] /home/travis/build/icyphy/ptII/ptolemy/domains/sdf/test/auto/relationGroup14.xml (RunModel)" time="0.018" />
  <testcase classname="ptolemy.util.test.junit.AutoTests" name="[37] /home/travis/build/icyphy/ptII/ptolemy/domains/sdf/test/auto/relationGroup15.xml (RunModel)" time="0.013" />
  <testcase classname="ptolemy.util.test.junit.AutoTests" name="[38] /home/travis/build/icyphy/ptII/ptolemy/domains/sdf/test/auto/relationGroup2.xml (RunModel)" time="0.021" />
  <testcase classname="ptolemy.util.test.junit.AutoTests" name="[39] /home/travis/build/icyphy/ptII/ptolemy/domains/sdf/test/auto/relationGroup3.xml (RunModel)" time="0.01" />
  <testcase classname="ptolemy.util.test.junit.AutoTests" name="[40] /home/travis/build/icyphy/ptII/ptolemy/domains/sdf/test/auto/relationGroup4.xml (RunModel)" time="0.018" />
  <testcase classname="ptolemy.util.test.junit.AutoTests" name="[41] /home/travis/build/icyphy/ptII/ptolemy/domains/sdf/test/auto/relationGroup5.xml (RunModel)" time="0.016" />
  <testcase classname="ptolemy.util.test.junit.AutoTests" name="[42] /home/travis/build/icyphy/ptII/ptolemy/domains/sdf/test/auto/relationGroup6.xml (RunModel)" time="0.012" />
  <testcase classname="ptolemy.util.test.junit.AutoTests" name="[43] /home/travis/build/icyphy/ptII/ptolemy/domains/sdf/test/auto/relationGroup7.xml (RunModel)" time="0.011" />
  <testcase classname="ptolemy.util.test.junit.AutoTests" name="[44] /home/travis/build/icyphy/ptII/ptolemy/domains/sdf/test/auto/relationGroup8.xml (RunModel)" time="0.018" />
  <testcase classname="ptolemy.util.test.junit.AutoTests" name="[45] /home/travis/build/icyphy/ptII/ptolemy/domains/sdf/test/auto/relationGroup9.xml (RunModel)" time="0.016" />
  <testcase classname="ptolemy.util.test.junit.AutoTests" name="[46] /home/travis/build/icyphy/ptII/ptolemy/domains/sdf/test/auto/sdf_inside_de.xml (RunModel)" time="0.039" />
  <testcase classname="ptolemy.util.test.junit.AutoTests" name="[47] /home/travis/build/icyphy/ptII/ptolemy/domains/sdf/test/auto/sdf_inside_pn.xml (RunModel)" time="0.056" />
  <testcase classname="ptolemy.util.test.junit.AutoTests" name="[48] /home/travis/build/icyphy/ptII/ptolemy/domains/sdf/test/auto/sdf_sdf1.xml (RunModel)" time="0.018" />
  <testcase classname="ptolemy.util.test.junit.AutoTests" name="[49] /home/travis/build/icyphy/ptII/ptolemy/domains/sdf/test/auto/test1.xml (RunModel)" time="0.015" />
  <testcase classname="ptolemy.util.test.junit.AutoTests" name="[50] /home/travis/build/icyphy/ptII/ptolemy/domains/sdf/test/auto/time1.xml (RunModel)" time="0.012" />
  <testcase classname="ptolemy.util.test.junit.AutoTests" name="[51] /home/travis/build/icyphy/ptII/ptolemy/domains/sdf/test/auto/time2.xml (RunModel)" time="0.011" />
  <testcase classname="ptolemy.util.test.junit.AutoTests" name="[52] /home/travis/build/icyphy/ptII/ptolemy/domains/sdf/test/auto/time3.xml (RunModel)" time="0.025" />
  <testcase classname="ptolemy.util.test.junit.AutoTests" name="[53] /home/travis/build/icyphy/ptII/ptolemy/domains/sdf/test/auto/time4.xml (RunModel)" time="0.019" />
  <testcase classname="ptolemy.util.test.junit.AutoTests" name="[54] /home/travis/build/icyphy/ptII/ptolemy/domains/sdf/test/auto/time5.xml (RunModel)" time="4.011" />
  <testcase classname="ptolemy.util.test.junit.AutoTests" name="[55] /home/travis/build/icyphy/ptII/ptolemy/domains/sdf/test/auto/typeSystem_Const_Integer_smallest_Type.xml (RunModel)" time="0.032" />
  <testcase classname="ptolemy.util.test.junit.AutoTests" name="[56] /home/travis/build/icyphy/ptII/ptolemy/domains/sdf/test/auto/typeSystem_declared_Inports_OutportTypeException.xml (RunModel)" time="0.022" />
  <testcase classname="ptolemy.util.test.junit.AutoTests" name="[57] /home/travis/build/icyphy/ptII/ptolemy/domains/sdf/test/auto/typeSystem_oneDeclaredInportType_wrongTypeOutport.xml (RunModel)" time="0.02" />
  <testcase classname="ptolemy.util.test.junit.AutoTests" name="[58] /home/travis/build/icyphy/ptII/ptolemy/domains/sdf/test/auto/width.xml (RunModel)" time="0.013" />
  <testcase classname="ptolemy.util.test.junit.AutoTests" name="[59] /home/travis/build/icyphy/ptII/ptolemy/domains/sdf/test/auto/width2.xml (RunModel)" time="0.039" />
  <testcase classname="ptolemy.util.test.junit.AutoTests" name="[60] /home/travis/build/icyphy/ptII/ptolemy/domains/sdf/test/auto/width3.xml (RunModel)" time="0.041" />
  <system-out><![CDATA[/home/travis/build/icyphy/ptII/ptolemy/domains/sdf/test/SDFSchedulerErrors.tcl
testDefs.tcl: setting time out to 9000 seconds at Wed Nov 06 06:49:30 UTC 2019
73 ms. Memory: 120832K Free: 82369K (68%)
9 ms. Memory: 120832K Free: 74691K (62%)
7 ms. Memory: 120832K Free: 68027K (56%)
11 ms. Memory: 120832K Free: 64961K (54%)
/home/travis/build/icyphy/ptII/ptolemy/domains/sdf/test/composition.tcl
41 ms. Memory: 120832K Free: 61379K (51%)
16 ms. Memory: 120832K Free: 59331K (49%)
/home/travis/build/icyphy/ptII/ptolemy/domains/sdf/test/cycle.tcl
.Toplevel.Director Preinitializing ...
Invoking preinitialize():  .Toplevel.Actor1
Invoking preinitialize():  .Toplevel.Actor2
Invoking preinitialize():  .Toplevel.Delay
.Toplevel.Director Finished preinitialize().
### Schedule:
Execute Schedule{
Fire Actor ptolemy.domains.sdf.kernel.test.SDFTestDelay {.Toplevel.Actor1}
Fire Actor ptolemy.domains.sdf.kernel.test.SDFTestDelay {.Toplevel.Actor2}
Fire Actor ptolemy.domains.sdf.lib.SampleDelay {.Toplevel.Delay}
}
### End schedule
Called initialize().
Invoking initialize():  .Toplevel.Actor1
Initializing actor: .Toplevel.Actor1.
Invoking initialize():  .Toplevel.Actor2
Initializing actor: .Toplevel.Actor2.
Invoking initialize():  .Toplevel.Delay
Initializing actor: .Toplevel.Delay.
Director: Called prefire().
-- Setting current time to 0.0
Director prefire returns true.
The actor .Toplevel.Actor1 will be iterated.
The actor .Toplevel.Actor1 was iterated.
The actor .Toplevel.Actor2 will be iterated.
The actor .Toplevel.Actor2 was iterated.
The actor .Toplevel.Delay will be iterated.
The actor .Toplevel.Delay was iterated.
Director: Called postfire().
Postfire returns: true
Director: Called prefire().
-- Setting current time to 0.0
Director prefire returns true.
The actor .Toplevel.Actor1 will be iterated.
The actor .Toplevel.Actor1 was iterated.
The actor .Toplevel.Actor2 will be iterated.
The actor .Toplevel.Actor2 was iterated.
The actor .Toplevel.Delay will be iterated.
The actor .Toplevel.Delay was iterated.
Director: Called postfire().
Postfire returns: true
Director: Called prefire().
-- Setting current time to 0.0
Director prefire returns true.
The actor .Toplevel.Actor1 will be iterated.
The actor .Toplevel.Actor1 was iterated.
The actor .Toplevel.Actor2 will be iterated.
The actor .Toplevel.Actor2 was iterated.
The actor .Toplevel.Delay will be iterated.
The actor .Toplevel.Delay was iterated.
Director: Called postfire().
Postfire returns: true
Director: Called prefire().
-- Setting current time to 0.0
Director prefire returns true.
The actor .Toplevel.Actor1 will be iterated.
The actor .Toplevel.Actor1 was iterated.
The actor .Toplevel.Actor2 will be iterated.
The actor .Toplevel.Actor2 was iterated.
The actor .Toplevel.Delay will be iterated.
The actor .Toplevel.Delay was iterated.
Director: Called postfire().
Postfire returns: true
Director: Called prefire().
-- Setting current time to 0.0
Director prefire returns true.
The actor .Toplevel.Actor1 will be iterated.
The actor .Toplevel.Actor1 was iterated.
The actor .Toplevel.Actor2 will be iterated.
The actor .Toplevel.Actor2 was iterated.
The actor .Toplevel.Delay will be iterated.
The actor .Toplevel.Delay was iterated.
Director: Called postfire().
Postfire returns: true
Director: Called prefire().
-- Setting current time to 0.0
Director prefire returns true.
The actor .Toplevel.Actor1 will be iterated.
The actor .Toplevel.Actor1 was iterated.
The actor .Toplevel.Actor2 will be iterated.
The actor .Toplevel.Actor2 was iterated.
The actor .Toplevel.Delay will be iterated.
The actor .Toplevel.Delay was iterated.
Reached specified number of iterations: 6
Director: Called wrapup().
47 ms. Memory: 120832K Free: 56259K (47%)
11/06/19 06:49:31
Failed: 0  Total Tests: 8  ((Passed: 8, Newly Passed: 0)  Known Failed: 0) /home/travis/build/icyphy/ptII/ptolemy/domains/sdf/test
No auto/knownFailedTests/*.xml tests in /home/travis/build/icyphy/ptII/ptolemy/domains/sdf/test
No auto/linux-amd64/*.xml tests in /home/travis/build/icyphy/ptII/ptolemy/domains/sdf/test
AutoTests.java: About to close Vertx.
AutoTests.java: Vertx closed.

===========================================================================================
----------------- testing Wed Nov 06 06:49:31 UTC 2019 /home/travis/build/icyphy/ptII/ptolemy/domains/sdf/test/auto/Array.xml
----------------- Instantiating /home/travis/build/icyphy/ptII/ptolemy/domains/sdf/test/auto/Array.xml
63 ms. Memory: 120832K Free: 102850K (85%)
----------------- Invoking toplevel() on ptolemy.moml.MoMLSimpleApplication@4dc6cd7f
----------------- Done invoking toplevel() on ptolemy.moml.MoMLSimpleApplication@4dc6cd7f
reloadAllAccessors: .Array

===========================================================================================
----------------- testing Wed Nov 06 06:49:32 UTC 2019 /home/travis/build/icyphy/ptII/ptolemy/domains/sdf/test/auto/Butterfly.xml
----------------- Instantiating /home/travis/build/icyphy/ptII/ptolemy/domains/sdf/test/auto/Butterfly.xml
121 ms. Memory: 120832K Free: 96851K (80%)
----------------- Invoking toplevel() on ptolemy.moml.MoMLSimpleApplication@55e995be
----------------- Done invoking toplevel() on ptolemy.moml.MoMLSimpleApplication@55e995be
reloadAllAccessors: .Butterfly

===========================================================================================
----------------- testing Wed Nov 06 06:49:32 UTC 2019 /home/travis/build/icyphy/ptII/ptolemy/domains/sdf/test/auto/Expression.xml
----------------- Instantiating /home/travis/build/icyphy/ptII/ptolemy/domains/sdf/test/auto/Expression.xml
77 ms. Memory: 120832K Free: 92224K (76%)
----------------- Invoking toplevel() on ptolemy.moml.MoMLSimpleApplication@6d83c5a
----------------- Done invoking toplevel() on ptolemy.moml.MoMLSimpleApplication@6d83c5a
reloadAllAccessors: .Expression

===========================================================================================
----------------- testing Wed Nov 06 06:49:32 UTC 2019 /home/travis/build/icyphy/ptII/ptolemy/domains/sdf/test/auto/Eye.xml
----------------- Instantiating /home/travis/build/icyphy/ptII/ptolemy/domains/sdf/test/auto/Eye.xml
181 ms. Memory: 120832K Free: 94482K (78%)
----------------- Invoking toplevel() on ptolemy.moml.MoMLSimpleApplication@6d58a909
----------------- Done invoking toplevel() on ptolemy.moml.MoMLSimpleApplication@6d58a909
reloadAllAccessors: .Eye

===========================================================================================
----------------- testing Wed Nov 06 06:49:32 UTC 2019 /home/travis/build/icyphy/ptII/ptolemy/domains/sdf/test/auto/FixFIR.xml
----------------- Instantiating /home/travis/build/icyphy/ptII/ptolemy/domains/sdf/test/auto/FixFIR.xml
210 ms. Memory: 120832K Free: 99242K (82%)
----------------- Invoking toplevel() on ptolemy.moml.MoMLSimpleApplication@6d8b73ed
----------------- Done invoking toplevel() on ptolemy.moml.MoMLSimpleApplication@6d8b73ed
reloadAllAccessors: .FixFIR

===========================================================================================
----------------- testing Wed Nov 06 06:49:33 UTC 2019 /home/travis/build/icyphy/ptII/ptolemy/domains/sdf/test/auto/FixPoint.xml
----------------- Instantiating /home/travis/build/icyphy/ptII/ptolemy/domains/sdf/test/auto/FixPoint.xml
17 ms. Memory: 120832K Free: 94805K (78%)
----------------- Invoking toplevel() on ptolemy.moml.MoMLSimpleApplication@4a711f7a
----------------- Done invoking toplevel() on ptolemy.moml.MoMLSimpleApplication@4a711f7a
reloadAllAccessors: .FixPoint

===========================================================================================
----------------- testing Wed Nov 06 06:49:33 UTC 2019 /home/travis/build/icyphy/ptII/ptolemy/domains/sdf/test/auto/Gravitation.xml
----------------- Instantiating /home/travis/build/icyphy/ptII/ptolemy/domains/sdf/test/auto/Gravitation.xml
3172 ms. Memory: 157696K Free: 132398K (84%)
----------------- Invoking toplevel() on ptolemy.moml.MoMLSimpleApplication@6518a9e4
----------------- Done invoking toplevel() on ptolemy.moml.MoMLSimpleApplication@6518a9e4
reloadAllAccessors: .Gravitation

===========================================================================================
----------------- testing Wed Nov 06 06:49:36 UTC 2019 /home/travis/build/icyphy/ptII/ptolemy/domains/sdf/test/auto/GravitationWithCollisionDetection.xml
----------------- Instantiating /home/travis/build/icyphy/ptII/ptolemy/domains/sdf/test/auto/GravitationWithCollisionDetection.xml
6699 ms. Memory: 283648K Free: 209195K (74%)
----------------- Invoking toplevel() on ptolemy.moml.MoMLSimpleApplication@5f62cdfa
----------------- Done invoking toplevel() on ptolemy.moml.MoMLSimpleApplication@5f62cdfa
reloadAllAccessors: .GravitationWithCollisionDetection

===========================================================================================
----------------- testing Wed Nov 06 06:49:43 UTC 2019 /home/travis/build/icyphy/ptII/ptolemy/domains/sdf/test/auto/HDF.xml
----------------- Instantiating /home/travis/build/icyphy/ptII/ptolemy/domains/sdf/test/auto/HDF.xml
58 ms. Memory: 283648K Free: 193321K (68%)
----------------- Invoking toplevel() on ptolemy.moml.MoMLSimpleApplication@621be0ff
----------------- Done invoking toplevel() on ptolemy.moml.MoMLSimpleApplication@621be0ff
reloadAllAccessors: .HDF

===========================================================================================
----------------- testing Wed Nov 06 06:49:43 UTC 2019 /home/travis/build/icyphy/ptII/ptolemy/domains/sdf/test/auto/HDFwithTransientStates.xml
----------------- Instantiating /home/travis/build/icyphy/ptII/ptolemy/domains/sdf/test/auto/HDFwithTransientStates.xml
22 ms. Memory: 283648K Free: 174379K (61%)
----------------- Invoking toplevel() on ptolemy.moml.MoMLSimpleApplication@66f859ee
----------------- Done invoking toplevel() on ptolemy.moml.MoMLSimpleApplication@66f859ee
reloadAllAccessors: .HDFwithTransientStates

===========================================================================================
----------------- testing Wed Nov 06 06:49:43 UTC 2019 /home/travis/build/icyphy/ptII/ptolemy/domains/sdf/test/auto/HTVQ.xml
----------------- Instantiating /home/travis/build/icyphy/ptII/ptolemy/domains/sdf/test/auto/HTVQ.xml
971 ms. Memory: 343040K Free: 235234K (69%)
----------------- Invoking toplevel() on ptolemy.moml.MoMLSimpleApplication@18aadb5e
----------------- Done invoking toplevel() on ptolemy.moml.MoMLSimpleApplication@18aadb5e
reloadAllAccessors: .HTVQ

===========================================================================================
----------------- testing Wed Nov 06 06:49:44 UTC 2019 /home/travis/build/icyphy/ptII/ptolemy/domains/sdf/test/auto/InferInitProduction.xml
----------------- Instantiating /home/travis/build/icyphy/ptII/ptolemy/domains/sdf/test/auto/InferInitProduction.xml
15 ms. Memory: 343040K Free: 229701K (67%)
----------------- Invoking toplevel() on ptolemy.moml.MoMLSimpleApplication@276aa093
----------------- Done invoking toplevel() on ptolemy.moml.MoMLSimpleApplication@276aa093
reloadAllAccessors: .InferInitProduction

===========================================================================================
----------------- testing Wed Nov 06 06:49:44 UTC 2019 /home/travis/build/icyphy/ptII/ptolemy/domains/sdf/test/auto/InferInitProductionDeeper.xml
----------------- Instantiating /home/travis/build/icyphy/ptII/ptolemy/domains/sdf/test/auto/InferInitProductionDeeper.xml
3 ms. Memory: 343040K Free: 224037K (65%)
----------------- Invoking toplevel() on ptolemy.moml.MoMLSimpleApplication@20b2fef1
----------------- Done invoking toplevel() on ptolemy.moml.MoMLSimpleApplication@20b2fef1
reloadAllAccessors: .InferInitProductionDeeper

===========================================================================================
----------------- testing Wed Nov 06 06:49:44 UTC 2019 /home/travis/build/icyphy/ptII/ptolemy/domains/sdf/test/auto/LMSAdaptive.xml
----------------- Instantiating /home/travis/build/icyphy/ptII/ptolemy/domains/sdf/test/auto/LMSAdaptive.xml
15 ms. Memory: 343040K Free: 213827K (62%)
----------------- Invoking toplevel() on ptolemy.moml.MoMLSimpleApplication@16995efe
----------------- Done invoking toplevel() on ptolemy.moml.MoMLSimpleApplication@16995efe
reloadAllAccessors: .LMSAdaptive

===========================================================================================
----------------- testing Wed Nov 06 06:49:44 UTC 2019 /home/travis/build/icyphy/ptII/ptolemy/domains/sdf/test/auto/LogisticMap.xml
----------------- Instantiating /home/travis/build/icyphy/ptII/ptolemy/domains/sdf/test/auto/LogisticMap.xml
440 ms. Memory: 343040K Free: 208197K (61%)
----------------- Invoking toplevel() on ptolemy.moml.MoMLSimpleApplication@4171cd74
----------------- Done invoking toplevel() on ptolemy.moml.MoMLSimpleApplication@4171cd74
reloadAllAccessors: .LogisticMap

===========================================================================================
----------------- testing Wed Nov 06 06:49:45 UTC 2019 /home/travis/build/icyphy/ptII/ptolemy/domains/sdf/test/auto/MaximumEntropySpectrum.xml
----------------- Instantiating /home/travis/build/icyphy/ptII/ptolemy/domains/sdf/test/auto/MaximumEntropySpectrum.xml
67 ms. Memory: 343040K Free: 147267K (43%)
----------------- Invoking toplevel() on ptolemy.moml.MoMLSimpleApplication@503bb330
----------------- Done invoking toplevel() on ptolemy.moml.MoMLSimpleApplication@503bb330
reloadAllAccessors: .MaximumEntropySpectrum

===========================================================================================
----------------- testing Wed Nov 06 06:49:45 UTC 2019 /home/travis/build/icyphy/ptII/ptolemy/domains/sdf/test/auto/MultirateSDF.xml
----------------- Instantiating /home/travis/build/icyphy/ptII/ptolemy/domains/sdf/test/auto/MultirateSDF.xml
16 ms. Memory: 343040K Free: 131901K (38%)
----------------- Invoking toplevel() on ptolemy.moml.MoMLSimpleApplication@21fdc0f5
----------------- Done invoking toplevel() on ptolemy.moml.MoMLSimpleApplication@21fdc0f5
reloadAllAccessors: .MultirateSDF

===========================================================================================
----------------- testing Wed Nov 06 06:49:45 UTC 2019 /home/travis/build/icyphy/ptII/ptolemy/domains/sdf/test/auto/MultirateSDFwithTransientStates.xml
----------------- Instantiating /home/travis/build/icyphy/ptII/ptolemy/domains/sdf/test/auto/MultirateSDFwithTransientStates.xml
20 ms. Memory: 343040K Free: 318087K (93%)
----------------- Invoking toplevel() on ptolemy.moml.MoMLSimpleApplication@4ee7079b
----------------- Done invoking toplevel() on ptolemy.moml.MoMLSimpleApplication@4ee7079b
reloadAllAccessors: .MultirateSDFwithTransientStates

===========================================================================================
----------------- testing Wed Nov 06 06:49:45 UTC 2019 /home/travis/build/icyphy/ptII/ptolemy/domains/sdf/test/auto/NoisySinewave.xml
----------------- Instantiating /home/travis/build/icyphy/ptII/ptolemy/domains/sdf/test/auto/NoisySinewave.xml
17 ms. Memory: 343040K Free: 298642K (87%)
----------------- Invoking toplevel() on ptolemy.moml.MoMLSimpleApplication@550b698b
----------------- Done invoking toplevel() on ptolemy.moml.MoMLSimpleApplication@550b698b
reloadAllAccessors: .NoisySinewave

===========================================================================================
----------------- testing Wed Nov 06 06:49:45 UTC 2019 /home/travis/build/icyphy/ptII/ptolemy/domains/sdf/test/auto/Objects.xml
----------------- Instantiating /home/travis/build/icyphy/ptII/ptolemy/domains/sdf/test/auto/Objects.xml
3 ms. Memory: 343040K Free: 290450K (85%)
----------------- Invoking toplevel() on ptolemy.moml.MoMLSimpleApplication@16542fb
----------------- Done invoking toplevel() on ptolemy.moml.MoMLSimpleApplication@16542fb
reloadAllAccessors: .Objects

===========================================================================================
----------------- testing Wed Nov 06 06:49:45 UTC 2019 /home/travis/build/icyphy/ptII/ptolemy/domains/sdf/test/auto/OrthogonalCom.xml
----------------- Instantiating /home/travis/build/icyphy/ptII/ptolemy/domains/sdf/test/auto/OrthogonalCom.xml
7 ms. Memory: 343040K Free: 282772K (82%)
----------------- Invoking toplevel() on ptolemy.moml.MoMLSimpleApplication@31a2c4fb
----------------- Done invoking toplevel() on ptolemy.moml.MoMLSimpleApplication@31a2c4fb
reloadAllAccessors: .OrthogonalCom

===========================================================================================
----------------- testing Wed Nov 06 06:49:45 UTC 2019 /home/travis/build/icyphy/ptII/ptolemy/domains/sdf/test/auto/RijndaelEncryption.xml
----------------- Instantiating /home/travis/build/icyphy/ptII/ptolemy/domains/sdf/test/auto/RijndaelEncryption.xml
367 ms. Memory: 343040K Free: 138388K (40%)
----------------- Invoking toplevel() on ptolemy.moml.MoMLSimpleApplication@5d5be2c0
----------------- Done invoking toplevel() on ptolemy.moml.MoMLSimpleApplication@5d5be2c0
reloadAllAccessors: .RijndaelEncryption

===========================================================================================
----------------- testing Wed Nov 06 06:49:46 UTC 2019 /home/travis/build/icyphy/ptII/ptolemy/domains/sdf/test/auto/SDFEmptyIterations.xml
----------------- Instantiating /home/travis/build/icyphy/ptII/ptolemy/domains/sdf/test/auto/SDFEmptyIterations.xml
7 ms. Memory: 343040K Free: 133764K (39%)
----------------- Invoking toplevel() on ptolemy.moml.MoMLSimpleApplication@4f55c8a9
----------------- Done invoking toplevel() on ptolemy.moml.MoMLSimpleApplication@4f55c8a9
reloadAllAccessors: .SDFEmptyIterations

===========================================================================================
----------------- testing Wed Nov 06 06:49:46 UTC 2019 /home/travis/build/icyphy/ptII/ptolemy/domains/sdf/test/auto/Spectrum.xml
----------------- Instantiating /home/travis/build/icyphy/ptII/ptolemy/domains/sdf/test/auto/Spectrum.xml
37 ms. Memory: 343040K Free: 316025K (92%)
----------------- Invoking toplevel() on ptolemy.moml.MoMLSimpleApplication@189465ed
----------------- Done invoking toplevel() on ptolemy.moml.MoMLSimpleApplication@189465ed
reloadAllAccessors: .Spectrum

===========================================================================================
----------------- testing Wed Nov 06 06:49:46 UTC 2019 /home/travis/build/icyphy/ptII/ptolemy/domains/sdf/test/auto/de_inside_sdf.xml
----------------- Instantiating /home/travis/build/icyphy/ptII/ptolemy/domains/sdf/test/auto/de_inside_sdf.xml
9 ms. Memory: 343040K Free: 310874K (91%)
----------------- Invoking toplevel() on ptolemy.moml.MoMLSimpleApplication@4b5bfc25
----------------- Done invoking toplevel() on ptolemy.moml.MoMLSimpleApplication@4b5bfc25
reloadAllAccessors: .de_inside_sdf

===========================================================================================
----------------- testing Wed Nov 06 06:49:46 UTC 2019 /home/travis/build/icyphy/ptII/ptolemy/domains/sdf/test/auto/disconnectedHierarchicalSDF.xml
----------------- Instantiating /home/travis/build/icyphy/ptII/ptolemy/domains/sdf/test/auto/disconnectedHierarchicalSDF.xml
5 ms. Memory: 343040K Free: 304746K (89%)
----------------- Invoking toplevel() on ptolemy.moml.MoMLSimpleApplication@2cb687c
----------------- Done invoking toplevel() on ptolemy.moml.MoMLSimpleApplication@2cb687c
reloadAllAccessors: .disconnectedHierarchicalSDF

===========================================================================================
----------------- testing Wed Nov 06 06:49:46 UTC 2019 /home/travis/build/icyphy/ptII/ptolemy/domains/sdf/test/auto/disconnectedSDF.xml
----------------- Instantiating /home/travis/build/icyphy/ptII/ptolemy/domains/sdf/test/auto/disconnectedSDF.xml
3 ms. Memory: 343040K Free: 300665K (88%)
----------------- Invoking toplevel() on ptolemy.moml.MoMLSimpleApplication@16484d0b
----------------- Done invoking toplevel() on ptolemy.moml.MoMLSimpleApplication@16484d0b
reloadAllAccessors: .disconnectedSDF

===========================================================================================
----------------- testing Wed Nov 06 06:49:46 UTC 2019 /home/travis/build/icyphy/ptII/ptolemy/domains/sdf/test/auto/emptyRefinement.xml
----------------- Instantiating /home/travis/build/icyphy/ptII/ptolemy/domains/sdf/test/auto/emptyRefinement.xml
3 ms. Memory: 343040K Free: 296059K (86%)
----------------- Invoking toplevel() on ptolemy.moml.MoMLSimpleApplication@2515fda2
----------------- Done invoking toplevel() on ptolemy.moml.MoMLSimpleApplication@2515fda2
reloadAllAccessors: .emptyRefinement

===========================================================================================
----------------- testing Wed Nov 06 06:49:46 UTC 2019 /home/travis/build/icyphy/ptII/ptolemy/domains/sdf/test/auto/filePortParameter.xml
----------------- Instantiating /home/travis/build/icyphy/ptII/ptolemy/domains/sdf/test/auto/filePortParameter.xml
17 ms. Memory: 343040K Free: 288891K (84%)
----------------- Invoking toplevel() on ptolemy.moml.MoMLSimpleApplication@4eecf2fe
----------------- Done invoking toplevel() on ptolemy.moml.MoMLSimpleApplication@4eecf2fe
reloadAllAccessors: .filePortParameter

===========================================================================================
----------------- testing Wed Nov 06 06:49:46 UTC 2019 /home/travis/build/icyphy/ptII/ptolemy/domains/sdf/test/auto/inferRelationWidth1.xml
----------------- Instantiating /home/travis/build/icyphy/ptII/ptolemy/domains/sdf/test/auto/inferRelationWidth1.xml
4 ms. Memory: 343040K Free: 285305K (83%)
----------------- Invoking toplevel() on ptolemy.moml.MoMLSimpleApplication@a33ec0c
----------------- Done invoking toplevel() on ptolemy.moml.MoMLSimpleApplication@a33ec0c
reloadAllAccessors: .inferRelationWidth1

===========================================================================================
----------------- testing Wed Nov 06 06:49:46 UTC 2019 /home/travis/build/icyphy/ptII/ptolemy/domains/sdf/test/auto/initProductionInference.xml
----------------- Instantiating /home/travis/build/icyphy/ptII/ptolemy/domains/sdf/test/auto/initProductionInference.xml
13 ms. Memory: 343040K Free: 281194K (82%)
----------------- Invoking toplevel() on ptolemy.moml.MoMLSimpleApplication@11a25f1c
----------------- Done invoking toplevel() on ptolemy.moml.MoMLSimpleApplication@11a25f1c
reloadAllAccessors: .initProductionInference

===========================================================================================
----------------- testing Wed Nov 06 06:49:46 UTC 2019 /home/travis/build/icyphy/ptII/ptolemy/domains/sdf/test/auto/relationGroup.xml
----------------- Instantiating /home/travis/build/icyphy/ptII/ptolemy/domains/sdf/test/auto/relationGroup.xml
3 ms. Memory: 343040K Free: 278137K (81%)
----------------- Invoking toplevel() on ptolemy.moml.MoMLSimpleApplication@c39b6b2
----------------- Done invoking toplevel() on ptolemy.moml.MoMLSimpleApplication@c39b6b2
reloadAllAccessors: .relationGroup

===========================================================================================
----------------- testing Wed Nov 06 06:49:47 UTC 2019 /home/travis/build/icyphy/ptII/ptolemy/domains/sdf/test/auto/relationGroup10.xml
----------------- Instantiating /home/travis/build/icyphy/ptII/ptolemy/domains/sdf/test/auto/relationGroup10.xml
4 ms. Memory: 343040K Free: 274555K (80%)
----------------- Invoking toplevel() on ptolemy.moml.MoMLSimpleApplication@22347d1c
----------------- Done invoking toplevel() on ptolemy.moml.MoMLSimpleApplication@22347d1c
reloadAllAccessors: .relationGroup10

===========================================================================================
----------------- testing Wed Nov 06 06:49:47 UTC 2019 /home/travis/build/icyphy/ptII/ptolemy/domains/sdf/test/auto/relationGroup11.xml
----------------- Instantiating /home/travis/build/icyphy/ptII/ptolemy/domains/sdf/test/auto/relationGroup11.xml
4 ms. Memory: 343040K Free: 270969K (79%)
----------------- Invoking toplevel() on ptolemy.moml.MoMLSimpleApplication@588fcb26
----------------- Done invoking toplevel() on ptolemy.moml.MoMLSimpleApplication@588fcb26
reloadAllAccessors: .relationGroup11

===========================================================================================
----------------- testing Wed Nov 06 06:49:47 UTC 2019 /home/travis/build/icyphy/ptII/ptolemy/domains/sdf/test/auto/relationGroup12.xml
----------------- Instantiating /home/travis/build/icyphy/ptII/ptolemy/domains/sdf/test/auto/relationGroup12.xml
2 ms. Memory: 343040K Free: 267387K (78%)
----------------- Invoking toplevel() on ptolemy.moml.MoMLSimpleApplication@25b4bcfd
----------------- Done invoking toplevel() on ptolemy.moml.MoMLSimpleApplication@25b4bcfd
reloadAllAccessors: .relationGroup12

===========================================================================================
----------------- testing Wed Nov 06 06:49:47 UTC 2019 /home/travis/build/icyphy/ptII/ptolemy/domains/sdf/test/auto/relationGroup13.xml
----------------- Instantiating /home/travis/build/icyphy/ptII/ptolemy/domains/sdf/test/auto/relationGroup13.xml
12 ms. Memory: 343040K Free: 262777K (77%)
----------------- Invoking toplevel() on ptolemy.moml.MoMLSimpleApplication@4678a81
----------------- Done invoking toplevel() on ptolemy.moml.MoMLSimpleApplication@4678a81
reloadAllAccessors: .relationGroup13

===========================================================================================
----------------- testing Wed Nov 06 06:49:47 UTC 2019 /home/travis/build/icyphy/ptII/ptolemy/domains/sdf/test/auto/relationGroup14.xml
----------------- Instantiating /home/travis/build/icyphy/ptII/ptolemy/domains/sdf/test/auto/relationGroup14.xml
4 ms. Memory: 343040K Free: 258171K (75%)
----------------- Invoking toplevel() on ptolemy.moml.MoMLSimpleApplication@4287c8ea
----------------- Done invoking toplevel() on ptolemy.moml.MoMLSimpleApplication@4287c8ea
reloadAllAccessors: .relationGroup14

===========================================================================================
----------------- testing Wed Nov 06 06:49:47 UTC 2019 /home/travis/build/icyphy/ptII/ptolemy/domains/sdf/test/auto/relationGroup15.xml
----------------- Instantiating /home/travis/build/icyphy/ptII/ptolemy/domains/sdf/test/auto/relationGroup15.xml
2 ms. Memory: 343040K Free: 254585K (74%)
----------------- Invoking toplevel() on ptolemy.moml.MoMLSimpleApplication@670cc6df
----------------- Done invoking toplevel() on ptolemy.moml.MoMLSimpleApplication@670cc6df
reloadAllAccessors: .relationGroup15

===========================================================================================
----------------- testing Wed Nov 06 06:49:47 UTC 2019 /home/travis/build/icyphy/ptII/ptolemy/domains/sdf/test/auto/relationGroup2.xml
----------------- Instantiating /home/travis/build/icyphy/ptII/ptolemy/domains/sdf/test/auto/relationGroup2.xml
3 ms. Memory: 343040K Free: 251513K (73%)
----------------- Invoking toplevel() on ptolemy.moml.MoMLSimpleApplication@4750c174
----------------- Done invoking toplevel() on ptolemy.moml.MoMLSimpleApplication@4750c174
reloadAllAccessors: .relationGroup2

===========================================================================================
----------------- testing Wed Nov 06 06:49:47 UTC 2019 /home/travis/build/icyphy/ptII/ptolemy/domains/sdf/test/auto/relationGroup3.xml
----------------- Instantiating /home/travis/build/icyphy/ptII/ptolemy/domains/sdf/test/auto/relationGroup3.xml
1 ms. Memory: 343040K Free: 248441K (72%)
----------------- Invoking toplevel() on ptolemy.moml.MoMLSimpleApplication@4fa91523
----------------- Done invoking toplevel() on ptolemy.moml.MoMLSimpleApplication@4fa91523
reloadAllAccessors: .relationGroup3

===========================================================================================
----------------- testing Wed Nov 06 06:49:47 UTC 2019 /home/travis/build/icyphy/ptII/ptolemy/domains/sdf/test/auto/relationGroup4.xml
----------------- Instantiating /home/travis/build/icyphy/ptII/ptolemy/domains/sdf/test/auto/relationGroup4.xml
7 ms. Memory: 343040K Free: 244314K (71%)
----------------- Invoking toplevel() on ptolemy.moml.MoMLSimpleApplication@2b969b49
----------------- Done invoking toplevel() on ptolemy.moml.MoMLSimpleApplication@2b969b49
reloadAllAccessors: .relationGroup4

===========================================================================================
----------------- testing Wed Nov 06 06:49:47 UTC 2019 /home/travis/build/icyphy/ptII/ptolemy/domains/sdf/test/auto/relationGroup5.xml
----------------- Instantiating /home/travis/build/icyphy/ptII/ptolemy/domains/sdf/test/auto/relationGroup5.xml
3 ms. Memory: 343040K Free: 240218K (70%)
----------------- Invoking toplevel() on ptolemy.moml.MoMLSimpleApplication@3a7b8a57
----------------- Done invoking toplevel() on ptolemy.moml.MoMLSimpleApplication@3a7b8a57
reloadAllAccessors: .relationGroup5

===========================================================================================
----------------- testing Wed Nov 06 06:49:47 UTC 2019 /home/travis/build/icyphy/ptII/ptolemy/domains/sdf/test/auto/relationGroup6.xml
----------------- Instantiating /home/travis/build/icyphy/ptII/ptolemy/domains/sdf/test/auto/relationGroup6.xml
5 ms. Memory: 343040K Free: 235643K (69%)
----------------- Invoking toplevel() on ptolemy.moml.MoMLSimpleApplication@5b299de8
----------------- Done invoking toplevel() on ptolemy.moml.MoMLSimpleApplication@5b299de8
reloadAllAccessors: .relationGroup6

===========================================================================================
----------------- testing Wed Nov 06 06:49:47 UTC 2019 /home/travis/build/icyphy/ptII/ptolemy/domains/sdf/test/auto/relationGroup7.xml
----------------- Instantiating /home/travis/build/icyphy/ptII/ptolemy/domains/sdf/test/auto/relationGroup7.xml
2 ms. Memory: 343040K Free: 232571K (68%)
----------------- Invoking toplevel() on ptolemy.moml.MoMLSimpleApplication@57391b43
----------------- Done invoking toplevel() on ptolemy.moml.MoMLSimpleApplication@57391b43
reloadAllAccessors: .relationGroup7

===========================================================================================
----------------- testing Wed Nov 06 06:49:47 UTC 2019 /home/travis/build/icyphy/ptII/ptolemy/domains/sdf/test/auto/relationGroup8.xml
----------------- Instantiating /home/travis/build/icyphy/ptII/ptolemy/domains/sdf/test/auto/relationGroup8.xml
1 ms. Memory: 343040K Free: 229499K (67%)
----------------- Invoking toplevel() on ptolemy.moml.MoMLSimpleApplication@38a40a4c
----------------- Done invoking toplevel() on ptolemy.moml.MoMLSimpleApplication@38a40a4c
reloadAllAccessors: .relationGroup8

===========================================================================================
----------------- testing Wed Nov 06 06:49:47 UTC 2019 /home/travis/build/icyphy/ptII/ptolemy/domains/sdf/test/auto/relationGroup9.xml
----------------- Instantiating /home/travis/build/icyphy/ptII/ptolemy/domains/sdf/test/auto/relationGroup9.xml
5 ms. Memory: 343040K Free: 224889K (66%)
----------------- Invoking toplevel() on ptolemy.moml.MoMLSimpleApplication@676f6632
----------------- Done invoking toplevel() on ptolemy.moml.MoMLSimpleApplication@676f6632
reloadAllAccessors: .relationGroup9

===========================================================================================
----------------- testing Wed Nov 06 06:49:47 UTC 2019 /home/travis/build/icyphy/ptII/ptolemy/domains/sdf/test/auto/sdf_inside_de.xml
----------------- Instantiating /home/travis/build/icyphy/ptII/ptolemy/domains/sdf/test/auto/sdf_inside_de.xml
10 ms. Memory: 343040K Free: 216187K (63%)
----------------- Invoking toplevel() on ptolemy.moml.MoMLSimpleApplication@743ea96b
----------------- Done invoking toplevel() on ptolemy.moml.MoMLSimpleApplication@743ea96b
reloadAllAccessors: .sdf_inside_de

===========================================================================================
----------------- testing Wed Nov 06 06:49:47 UTC 2019 /home/travis/build/icyphy/ptII/ptolemy/domains/sdf/test/auto/sdf_inside_pn.xml
----------------- Instantiating /home/travis/build/icyphy/ptII/ptolemy/domains/sdf/test/auto/sdf_inside_pn.xml
32 ms. Memory: 343040K Free: 207481K (60%)
----------------- Invoking toplevel() on ptolemy.moml.MoMLSimpleApplication@335ede39
----------------- Done invoking toplevel() on ptolemy.moml.MoMLSimpleApplication@335ede39
reloadAllAccessors: .sdf_inside_pn

===========================================================================================
----------------- testing Wed Nov 06 06:49:47 UTC 2019 /home/travis/build/icyphy/ptII/ptolemy/domains/sdf/test/auto/sdf_sdf1.xml
----------------- Instantiating /home/travis/build/icyphy/ptII/ptolemy/domains/sdf/test/auto/sdf_sdf1.xml
4 ms. Memory: 343040K Free: 202346K (59%)
----------------- Invoking toplevel() on ptolemy.moml.MoMLSimpleApplication@15eb8b5d
----------------- Done invoking toplevel() on ptolemy.moml.MoMLSimpleApplication@15eb8b5d
reloadAllAccessors: .sdf_sdf1

===========================================================================================
----------------- testing Wed Nov 06 06:49:47 UTC 2019 /home/travis/build/icyphy/ptII/ptolemy/domains/sdf/test/auto/test1.xml
----------------- Instantiating /home/travis/build/icyphy/ptII/ptolemy/domains/sdf/test/auto/test1.xml
4 ms. Memory: 343040K Free: 197241K (57%)
----------------- Invoking toplevel() on ptolemy.moml.MoMLSimpleApplication@16fd705c
----------------- Done invoking toplevel() on ptolemy.moml.MoMLSimpleApplication@16fd705c
reloadAllAccessors: .test1

===========================================================================================
----------------- testing Wed Nov 06 06:49:47 UTC 2019 /home/travis/build/icyphy/ptII/ptolemy/domains/sdf/test/auto/time1.xml
----------------- Instantiating /home/travis/build/icyphy/ptII/ptolemy/domains/sdf/test/auto/time1.xml
2 ms. Memory: 343040K Free: 193659K (56%)
----------------- Invoking toplevel() on ptolemy.moml.MoMLSimpleApplication@1410cab7
----------------- Done invoking toplevel() on ptolemy.moml.MoMLSimpleApplication@1410cab7
reloadAllAccessors: .time1

===========================================================================================
----------------- testing Wed Nov 06 06:49:47 UTC 2019 /home/travis/build/icyphy/ptII/ptolemy/domains/sdf/test/auto/time2.xml
----------------- Instantiating /home/travis/build/icyphy/ptII/ptolemy/domains/sdf/test/auto/time2.xml
2 ms. Memory: 343040K Free: 190073K (55%)
----------------- Invoking toplevel() on ptolemy.moml.MoMLSimpleApplication@2a1ac6e1
----------------- Done invoking toplevel() on ptolemy.moml.MoMLSimpleApplication@2a1ac6e1
reloadAllAccessors: .time2

===========================================================================================
----------------- testing Wed Nov 06 06:49:47 UTC 2019 /home/travis/build/icyphy/ptII/ptolemy/domains/sdf/test/auto/time3.xml
----------------- Instantiating /home/travis/build/icyphy/ptII/ptolemy/domains/sdf/test/auto/time3.xml
6 ms. Memory: 343040K Free: 184443K (54%)
----------------- Invoking toplevel() on ptolemy.moml.MoMLSimpleApplication@50fd831a
----------------- Done invoking toplevel() on ptolemy.moml.MoMLSimpleApplication@50fd831a
reloadAllAccessors: .time3

===========================================================================================
----------------- testing Wed Nov 06 06:49:47 UTC 2019 /home/travis/build/icyphy/ptII/ptolemy/domains/sdf/test/auto/time4.xml
----------------- Instantiating /home/travis/build/icyphy/ptII/ptolemy/domains/sdf/test/auto/time4.xml
7 ms. Memory: 343040K Free: 178809K (52%)
----------------- Invoking toplevel() on ptolemy.moml.MoMLSimpleApplication@9293ab5
----------------- Done invoking toplevel() on ptolemy.moml.MoMLSimpleApplication@9293ab5
reloadAllAccessors: .time4

===========================================================================================
----------------- testing Wed Nov 06 06:49:47 UTC 2019 /home/travis/build/icyphy/ptII/ptolemy/domains/sdf/test/auto/time5.xml
----------------- Instantiating /home/travis/build/icyphy/ptII/ptolemy/domains/sdf/test/auto/time5.xml
4003 ms. Memory: 343040K Free: 175227K (51%)
----------------- Invoking toplevel() on ptolemy.moml.MoMLSimpleApplication@67141306
----------------- Done invoking toplevel() on ptolemy.moml.MoMLSimpleApplication@67141306
reloadAllAccessors: .time5

===========================================================================================
----------------- testing Wed Nov 06 06:49:51 UTC 2019 /home/travis/build/icyphy/ptII/ptolemy/domains/sdf/test/auto/typeSystem_Const_Integer_smallest_Type.xml
----------------- Instantiating /home/travis/build/icyphy/ptII/ptolemy/domains/sdf/test/auto/typeSystem_Const_Integer_smallest_Type.xml
8 ms. Memory: 343040K Free: 170617K (50%)
----------------- Invoking toplevel() on ptolemy.moml.MoMLSimpleApplication@4806f3bf
----------------- Done invoking toplevel() on ptolemy.moml.MoMLSimpleApplication@4806f3bf
reloadAllAccessors: .typeSystem_Const_Integer_smallest_Type

===========================================================================================
----------------- testing Wed Nov 06 06:49:51 UTC 2019 /home/travis/build/icyphy/ptII/ptolemy/domains/sdf/test/auto/typeSystem_declared_Inports_OutportTypeException.xml
----------------- Instantiating /home/travis/build/icyphy/ptII/ptolemy/domains/sdf/test/auto/typeSystem_declared_Inports_OutportTypeException.xml
.typeSystem_declared_Inports_OutportTypeException.TestExceptionAttribute: initialize() was not invoked, but wrapup() was.  This is unusual, but not always a problem.  For example, exporting JNLP will do this.
7 ms. Memory: 343040K Free: 166521K (49%)
----------------- Invoking toplevel() on ptolemy.moml.MoMLSimpleApplication@63248224
----------------- Done invoking toplevel() on ptolemy.moml.MoMLSimpleApplication@63248224
reloadAllAccessors: .typeSystem_declared_Inports_OutportTypeException

===========================================================================================
----------------- testing Wed Nov 06 06:49:51 UTC 2019 /home/travis/build/icyphy/ptII/ptolemy/domains/sdf/test/auto/typeSystem_oneDeclaredInportType_wrongTypeOutport.xml
----------------- Instantiating /home/travis/build/icyphy/ptII/ptolemy/domains/sdf/test/auto/typeSystem_oneDeclaredInportType_wrongTypeOutport.xml
4 ms. Memory: 343040K Free: 161915K (47%)
----------------- Invoking toplevel() on ptolemy.moml.MoMLSimpleApplication@40c9474f
----------------- Done invoking toplevel() on ptolemy.moml.MoMLSimpleApplication@40c9474f
reloadAllAccessors: .typeSystem_oneDeclaredInportType_wrongTypeOutport

===========================================================================================
----------------- testing Wed Nov 06 06:49:51 UTC 2019 /home/travis/build/icyphy/ptII/ptolemy/domains/sdf/test/auto/width.xml
----------------- Instantiating /home/travis/build/icyphy/ptII/ptolemy/domains/sdf/test/auto/width.xml
2 ms. Memory: 343040K Free: 158329K (46%)
----------------- Invoking toplevel() on ptolemy.moml.MoMLSimpleApplication@7c7179b2
----------------- Done invoking toplevel() on ptolemy.moml.MoMLSimpleApplication@7c7179b2
reloadAllAccessors: .width

===========================================================================================
----------------- testing Wed Nov 06 06:49:51 UTC 2019 /home/travis/build/icyphy/ptII/ptolemy/domains/sdf/test/auto/width2.xml
----------------- Instantiating /home/travis/build/icyphy/ptII/ptolemy/domains/sdf/test/auto/width2.xml
31 ms. Memory: 343040K Free: 152185K (44%)
----------------- Invoking toplevel() on ptolemy.moml.MoMLSimpleApplication@520e099f
----------------- Done invoking toplevel() on ptolemy.moml.MoMLSimpleApplication@520e099f
reloadAllAccessors: .width2

===========================================================================================
----------------- testing Wed Nov 06 06:49:51 UTC 2019 /home/travis/build/icyphy/ptII/ptolemy/domains/sdf/test/auto/width3.xml
----------------- Instantiating /home/travis/build/icyphy/ptII/ptolemy/domains/sdf/test/auto/width3.xml
30 ms. Memory: 343040K Free: 146041K (43%)
----------------- Invoking toplevel() on ptolemy.moml.MoMLSimpleApplication@3ed9fd1a
----------------- Done invoking toplevel() on ptolemy.moml.MoMLSimpleApplication@3ed9fd1a
reloadAllAccessors: .width3
AutoTests.java: About to close Vertx.
AutoTests.java: Vertx closed.
]]></system-out>
  <system-err><![CDATA[java.lang.RuntimeException: Execution failed
	at ptolemy.moml.MoMLSimpleApplication$UnloadThread.run(MoMLSimpleApplication.java:402)
Caused by: ptolemy.actor.sched.NotSchedulableException: No solution exists for the balance equations.
Graph is not consistent under the SDF domain detected on external port .rateConsistency.actor.port2
  in .rateConsistency.SDF Director.Scheduler
	at ptolemy.domains.sdf.kernel.SDFScheduler._propagatePort(SDFScheduler.java:1425)
	at ptolemy.domains.sdf.kernel.SDFScheduler._solveBalanceEquations(SDFScheduler.java:710)
	at ptolemy.domains.sdf.kernel.SDFScheduler._getSchedule(SDFScheduler.java:566)
	at ptolemy.actor.sched.Scheduler.getSchedule(Scheduler.java:189)
	at ptolemy.domains.sdf.kernel.SDFDirector.createSchedule(SDFDirector.java:408)
	at ptolemy.domains.sdf.kernel.SDFDirector.preinitialize(SDFDirector.java:764)
	at ptolemy.actor.CompositeActor.preinitialize(CompositeActor.java:1828)
	at ptolemy.actor.Manager.preinitializeAndResolveTypes(Manager.java:1040)
	at ptolemy.actor.Manager.initialize(Manager.java:710)
	at ptolemy.actor.Manager.execute(Manager.java:356)
	at ptolemy.actor.Manager.run(Manager.java:1263)
	at ptolemy.actor.Manager$PtolemyRunThread.run(Manager.java:1933)
java.lang.RuntimeException: Execution failed
	at ptolemy.moml.MoMLSimpleApplication$UnloadThread.run(MoMLSimpleApplication.java:402)
Caused by: ptolemy.kernel.util.IllegalActionException: Failed to compute schedule:
  in .badRateChanges.typed composite actor.SDF Director
Because:
The SDF rate parameter may change. This is not allowed in SDF models that will be run through the code generator.  If you don't care about code generation, then you might consider setting the allowRateChanges parameter of the SDF director to false.
  in .badRateChanges.typed composite actor.Repeat.output.tokenProductionRate
	at ptolemy.domains.sdf.kernel.SDFDirector.createSchedule(SDFDirector.java:418)
	at ptolemy.domains.sdf.kernel.SDFDirector.preinitialize(SDFDirector.java:764)
	at ptolemy.actor.CompositeActor.preinitialize(CompositeActor.java:1828)
	at ptolemy.actor.Director.preinitialize(Director.java:1302)
	at ptolemy.actor.Director.preinitialize(Director.java:1257)
	at ptolemy.domains.sdf.kernel.SDFDirector.preinitialize(SDFDirector.java:763)
	at ptolemy.actor.CompositeActor.preinitialize(CompositeActor.java:1828)
	at ptolemy.actor.Manager.preinitializeAndResolveTypes(Manager.java:1040)
	at ptolemy.actor.Manager.initialize(Manager.java:710)
	at ptolemy.actor.Manager.execute(Manager.java:356)
	at ptolemy.actor.Manager.run(Manager.java:1263)
	at ptolemy.actor.Manager$PtolemyRunThread.run(Manager.java:1933)
Caused by: ptolemy.kernel.util.IllegalActionException: The SDF rate parameter may change. This is not allowed in SDF models that will be run through the code generator.  If you don't care about code generation, then you might consider setting the allowRateChanges parameter of the SDF director to false.
  in .badRateChanges.typed composite actor.Repeat.output.tokenProductionRate
	at ptolemy.domains.sdf.kernel.SDFScheduler._assertDynamicRateVariable(SDFScheduler.java:931)
	at ptolemy.domains.sdf.kernel.SDFScheduler._checkDynamicRateVariables(SDFScheduler.java:339)
	at ptolemy.domains.sdf.kernel.SDFScheduler._getSchedule(SDFScheduler.java:527)
	at ptolemy.actor.sched.Scheduler.getSchedule(Scheduler.java:189)
	at ptolemy.domains.sdf.kernel.SDFDirector.createSchedule(SDFDirector.java:408)
	... 11 more
java.lang.RuntimeException: Execution failed
	at ptolemy.moml.MoMLSimpleApplication$UnloadThread.run(MoMLSimpleApplication.java:402)
Caused by: ptolemy.kernel.util.IllegalActionException: Failed to compute schedule:
  in .badRateChanges2.typed composite actor.SDF Director
Because:
The SDF rate parameter may change. This is not allowed in SDF models that will be run through the code generator.  If you don't care about code generation, then you might consider setting the allowRateChanges parameter of the SDF director to false.
  in .badRateChanges2.typed composite actor.Repeat.output.tokenProductionRate
	at ptolemy.domains.sdf.kernel.SDFDirector.createSchedule(SDFDirector.java:418)
	at ptolemy.domains.sdf.kernel.SDFDirector.preinitialize(SDFDirector.java:764)
	at ptolemy.actor.CompositeActor.preinitialize(CompositeActor.java:1828)
	at ptolemy.actor.Director.preinitialize(Director.java:1302)
	at ptolemy.actor.Director.preinitialize(Director.java:1257)
	at ptolemy.domains.sdf.kernel.SDFDirector.preinitialize(SDFDirector.java:763)
	at ptolemy.actor.CompositeActor.preinitialize(CompositeActor.java:1828)
	at ptolemy.actor.Manager.preinitializeAndResolveTypes(Manager.java:1040)
	at ptolemy.actor.Manager.initialize(Manager.java:710)
	at ptolemy.actor.Manager.execute(Manager.java:356)
	at ptolemy.actor.Manager.run(Manager.java:1263)
	at ptolemy.actor.Manager$PtolemyRunThread.run(Manager.java:1933)
Caused by: ptolemy.kernel.util.IllegalActionException: The SDF rate parameter may change. This is not allowed in SDF models that will be run through the code generator.  If you don't care about code generation, then you might consider setting the allowRateChanges parameter of the SDF director to false.
  in .badRateChanges2.typed composite actor.Repeat.output.tokenProductionRate
	at ptolemy.domains.sdf.kernel.SDFScheduler._assertDynamicRateVariable(SDFScheduler.java:931)
	at ptolemy.domains.sdf.kernel.SDFScheduler._checkDynamicRateVariables(SDFScheduler.java:339)
	at ptolemy.domains.sdf.kernel.SDFScheduler._getSchedule(SDFScheduler.java:527)
	at ptolemy.actor.sched.Scheduler.getSchedule(Scheduler.java:189)
	at ptolemy.domains.sdf.kernel.SDFDirector.createSchedule(SDFDirector.java:408)
	... 11 more
java.lang.RuntimeException: Execution failed
	at ptolemy.moml.MoMLSimpleApplication$UnloadThread.run(MoMLSimpleApplication.java:402)
Caused by: ptolemy.actor.sched.NotSchedulableException: Actors remain that cannot be scheduled!

There are several possible reasons:
* SDF Graphs with feedback loops should have an actor with a delay in the loop, such as a SampleDelay.
* The SDF director has an "allowDisconnectedGraphs"parameter, which, when true, permits disconnected SDF graphs.
* The token consumption rate and production rates might be mismatched.
Usually, actors produce one token or consume one token on a port.  To produce or consume multiple tokens per firing, add a "tokenConsumptionRate" or "tokenProductionRate" parameter to the appropriate port.
Unscheduled actors:
.partiallyConnected.Const2 
Scheduled actors:
.partiallyConnected.Const 
  in .partiallyConnected.SDF Director.Scheduler
	at ptolemy.domains.sdf.kernel.SDFScheduler._scheduleConnectedActors(SDFScheduler.java:1828)
	at ptolemy.domains.sdf.kernel.SDFScheduler._getSchedule(SDFScheduler.java:587)
	at ptolemy.actor.sched.Scheduler.getSchedule(Scheduler.java:189)
	at ptolemy.domains.sdf.kernel.SDFDirector.createSchedule(SDFDirector.java:408)
	at ptolemy.domains.sdf.kernel.SDFDirector.preinitialize(SDFDirector.java:764)
	at ptolemy.actor.CompositeActor.preinitialize(CompositeActor.java:1828)
	at ptolemy.actor.Manager.preinitializeAndResolveTypes(Manager.java:1040)
	at ptolemy.actor.Manager.initialize(Manager.java:710)
	at ptolemy.actor.Manager.execute(Manager.java:356)
	at ptolemy.actor.Manager.run(Manager.java:1263)
	at ptolemy.actor.Manager$PtolemyRunThread.run(Manager.java:1933)
]]></system-err>
</testsuite>
