<?xml version="1.0" encoding="UTF-8" ?>
<testsuite errors="0" failures="0" hostname="travis-job-c046f8a4-ffc0-4286-a53d-72f00a2fdebb" name="ptolemy.domains.continuous.test.junit.JUnitTclTest" skipped="0" tests="156" time="80.251" timestamp="2019-06-25T04:37:26">
  <properties>
[...]
</properties>
  <testcase classname="ptolemy.util.test.junit.TclTests" name="[0] ThereAreNoTclTests (RunTclFile)" time="0.021" />
  <testcase classname="ptolemy.util.test.junit.AutoKnownFailedTests" name="[0] ThereAreNoKnowFailedTests (RunModel)" time="0.004" />
  <testcase classname="ptolemy.util.test.junit.AutoNameArchTests" name="[0] ThereAreNoAutoArchTests (RunModel)" time="0.036" />
  <testcase classname="ptolemy.util.test.junit.AutoTests" name="[0] /home/travis/build/icyphy/ptII/ptolemy/domains/continuous/test/auto/BouncingBall.xml (RunModel)" time="3.326" />
  <testcase classname="ptolemy.util.test.junit.AutoTests" name="[1] /home/travis/build/icyphy/ptII/ptolemy/domains/continuous/test/auto/BouncingBallWithoutGR.xml (RunModel)" time="1.018" />
  <testcase classname="ptolemy.util.test.junit.AutoTests" name="[2] /home/travis/build/icyphy/ptII/ptolemy/domains/continuous/test/auto/Brownian.xml (RunModel)" time="0.076" />
  <testcase classname="ptolemy.util.test.junit.AutoTests" name="[3] /home/travis/build/icyphy/ptII/ptolemy/domains/continuous/test/auto/CarTracking.xml (RunModel)" time="4.459" />
  <testcase classname="ptolemy.util.test.junit.AutoTests" name="[4] /home/travis/build/icyphy/ptII/ptolemy/domains/continuous/test/auto/CartPendulum.xml (RunModel)" time="0.519" />
  <testcase classname="ptolemy.util.test.junit.AutoTests" name="[5] /home/travis/build/icyphy/ptII/ptolemy/domains/continuous/test/auto/CausalityInterface10.xml (RunModel)" time="0.056" />
  <testcase classname="ptolemy.util.test.junit.AutoTests" name="[6] /home/travis/build/icyphy/ptII/ptolemy/domains/continuous/test/auto/CausalityInterface11.xml (RunModel)" time="0.032" />
  <testcase classname="ptolemy.util.test.junit.AutoTests" name="[7] /home/travis/build/icyphy/ptII/ptolemy/domains/continuous/test/auto/CausalityInterface12.xml (RunModel)" time="0.04" />
  <testcase classname="ptolemy.util.test.junit.AutoTests" name="[8] /home/travis/build/icyphy/ptII/ptolemy/domains/continuous/test/auto/CausalityInterface13.xml (RunModel)" time="0.039" />
  <testcase classname="ptolemy.util.test.junit.AutoTests" name="[9] /home/travis/build/icyphy/ptII/ptolemy/domains/continuous/test/auto/CausalityInterface14.xml (RunModel)" time="0.028" />
  <testcase classname="ptolemy.util.test.junit.AutoTests" name="[10] /home/travis/build/icyphy/ptII/ptolemy/domains/continuous/test/auto/CausalityInterface4.xml (RunModel)" time="0.028" />
  <testcase classname="ptolemy.util.test.junit.AutoTests" name="[11] /home/travis/build/icyphy/ptII/ptolemy/domains/continuous/test/auto/CausalityInterface5.xml (RunModel)" time="0.037" />
  <testcase classname="ptolemy.util.test.junit.AutoTests" name="[12] /home/travis/build/icyphy/ptII/ptolemy/domains/continuous/test/auto/CausalityInterface6.xml (RunModel)" time="0.027" />
  <testcase classname="ptolemy.util.test.junit.AutoTests" name="[13] /home/travis/build/icyphy/ptII/ptolemy/domains/continuous/test/auto/CausalityInterface7.xml (RunModel)" time="0.094" />
  <testcase classname="ptolemy.util.test.junit.AutoTests" name="[14] /home/travis/build/icyphy/ptII/ptolemy/domains/continuous/test/auto/CausalityInterface8.xml (RunModel)" time="0.082" />
  <testcase classname="ptolemy.util.test.junit.AutoTests" name="[15] /home/travis/build/icyphy/ptII/ptolemy/domains/continuous/test/auto/CausalityInterface9.xml (RunModel)" time="0.096" />
  <testcase classname="ptolemy.util.test.junit.AutoTests" name="[16] /home/travis/build/icyphy/ptII/ptolemy/domains/continuous/test/auto/CausalityInterfaceFeedback1.xml (RunModel)" time="0.061" />
  <testcase classname="ptolemy.util.test.junit.AutoTests" name="[17] /home/travis/build/icyphy/ptII/ptolemy/domains/continuous/test/auto/CausalityInterfaceFeedback2.xml (RunModel)" time="0.059" />
  <testcase classname="ptolemy.util.test.junit.AutoTests" name="[18] /home/travis/build/icyphy/ptII/ptolemy/domains/continuous/test/auto/CompareWithCurrentTime.xml (RunModel)" time="0.017" />
  <testcase classname="ptolemy.util.test.junit.AutoTests" name="[19] /home/travis/build/icyphy/ptII/ptolemy/domains/continuous/test/auto/ComparedClocks.xml (RunModel)" time="0.089" />
  <testcase classname="ptolemy.util.test.junit.AutoTests" name="[20] /home/travis/build/icyphy/ptII/ptolemy/domains/continuous/test/auto/ContinuousAOCClone.xml (RunModel)" time="2.797" />
  <testcase classname="ptolemy.util.test.junit.AutoTests" name="[21] /home/travis/build/icyphy/ptII/ptolemy/domains/continuous/test/auto/ContinuousClock.xml (RunModel)" time="0.066" />
  <testcase classname="ptolemy.util.test.junit.AutoTests" name="[22] /home/travis/build/icyphy/ptII/ptolemy/domains/continuous/test/auto/ContinuousInContinuous.xml (RunModel)" time="0.073" />
  <testcase classname="ptolemy.util.test.junit.AutoTests" name="[23] /home/travis/build/icyphy/ptII/ptolemy/domains/continuous/test/auto/ContinuousInContinuousInContinuous.xml (RunModel)" time="0.02" />
  <testcase classname="ptolemy.util.test.junit.AutoTests" name="[24] /home/travis/build/icyphy/ptII/ptolemy/domains/continuous/test/auto/ContinuousInDE.xml (RunModel)" time="0.089" />
  <testcase classname="ptolemy.util.test.junit.AutoTests" name="[25] /home/travis/build/icyphy/ptII/ptolemy/domains/continuous/test/auto/ContinuousInDE2.xml (RunModel)" time="0.059" />
  <testcase classname="ptolemy.util.test.junit.AutoTests" name="[26] /home/travis/build/icyphy/ptII/ptolemy/domains/continuous/test/auto/ContinuousInDE3.xml (RunModel)" time="0.051" />
  <testcase classname="ptolemy.util.test.junit.AutoTests" name="[27] /home/travis/build/icyphy/ptII/ptolemy/domains/continuous/test/auto/ContinuousInDE4.xml (RunModel)" time="0.031" />
  <testcase classname="ptolemy.util.test.junit.AutoTests" name="[28] /home/travis/build/icyphy/ptII/ptolemy/domains/continuous/test/auto/ContinuousInDEDifferentRefinements.xml (RunModel)" time="0.094" />
  <testcase classname="ptolemy.util.test.junit.AutoTests" name="[29] /home/travis/build/icyphy/ptII/ptolemy/domains/continuous/test/auto/ContinuousInDEDifferentRefinementsPreemptive.xml (RunModel)" time="0.079" />
  <testcase classname="ptolemy.util.test.junit.AutoTests" name="[30] /home/travis/build/icyphy/ptII/ptolemy/domains/continuous/test/auto/ContinuousInDEInContinuous2.xml (RunModel)" time="0.056" />
  <testcase classname="ptolemy.util.test.junit.AutoTests" name="[31] /home/travis/build/icyphy/ptII/ptolemy/domains/continuous/test/auto/ContinuousInDEInContinuous3.xml (RunModel)" time="0.068" />
  <testcase classname="ptolemy.util.test.junit.AutoTests" name="[32] /home/travis/build/icyphy/ptII/ptolemy/domains/continuous/test/auto/ContinuousInDEInput.xml (RunModel)" time="0.036" />
  <testcase classname="ptolemy.util.test.junit.AutoTests" name="[33] /home/travis/build/icyphy/ptII/ptolemy/domains/continuous/test/auto/ContinuousInDEInput2.xml (RunModel)" time="0.037" />
  <testcase classname="ptolemy.util.test.junit.AutoTests" name="[34] /home/travis/build/icyphy/ptII/ptolemy/domains/continuous/test/auto/ContinuousInDEInput3.xml (RunModel)" time="0.034" />
  <testcase classname="ptolemy.util.test.junit.AutoTests" name="[35] /home/travis/build/icyphy/ptII/ptolemy/domains/continuous/test/auto/ContinuousInDESharingRefinement.xml (RunModel)" time="0.18" />
  <testcase classname="ptolemy.util.test.junit.AutoTests" name="[36] /home/travis/build/icyphy/ptII/ptolemy/domains/continuous/test/auto/ContinuousInDEwithNoPorts.xml (RunModel)" time="0.024" />
  <testcase classname="ptolemy.util.test.junit.AutoTests" name="[37] /home/travis/build/icyphy/ptII/ptolemy/domains/continuous/test/auto/ContinuousInsideDE.xml (RunModel)" time="0.095" />
  <testcase classname="ptolemy.util.test.junit.AutoTests" name="[38] /home/travis/build/icyphy/ptII/ptolemy/domains/continuous/test/auto/ContinuousMerge1.xml (RunModel)" time="0.026" />
  <testcase classname="ptolemy.util.test.junit.AutoTests" name="[39] /home/travis/build/icyphy/ptII/ptolemy/domains/continuous/test/auto/ContinuousMerge2.xml (RunModel)" time="0.044" />
  <testcase classname="ptolemy.util.test.junit.AutoTests" name="[40] /home/travis/build/icyphy/ptII/ptolemy/domains/continuous/test/auto/ContinuousMerge3.xml (RunModel)" time="0.079" />
  <testcase classname="ptolemy.util.test.junit.AutoTests" name="[41] /home/travis/build/icyphy/ptII/ptolemy/domains/continuous/test/auto/ContinuousWithinContinuous.xml (RunModel)" time="0.054" />
  <testcase classname="ptolemy.util.test.junit.AutoTests" name="[42] /home/travis/build/icyphy/ptII/ptolemy/domains/continuous/test/auto/ContinuousWithinContinuous2.xml (RunModel)" time="0.092" />
  <testcase classname="ptolemy.util.test.junit.AutoTests" name="[43] /home/travis/build/icyphy/ptII/ptolemy/domains/continuous/test/auto/ContinuousWithinContinuous3.xml (RunModel)" time="0.031" />
  <testcase classname="ptolemy.util.test.junit.AutoTests" name="[44] /home/travis/build/icyphy/ptII/ptolemy/domains/continuous/test/auto/ContinuousWithinContinuous4.xml (RunModel)" time="0.096" />
  <testcase classname="ptolemy.util.test.junit.AutoTests" name="[45] /home/travis/build/icyphy/ptII/ptolemy/domains/continuous/test/auto/ContinuousWithinContinuous5.xml (RunModel)" time="0.04" />
  <testcase classname="ptolemy.util.test.junit.AutoTests" name="[46] /home/travis/build/icyphy/ptII/ptolemy/domains/continuous/test/auto/ContinuousWithinContinuous6.xml (RunModel)" time="0.026" />
  <testcase classname="ptolemy.util.test.junit.AutoTests" name="[47] /home/travis/build/icyphy/ptII/ptolemy/domains/continuous/test/auto/ContinuousWithinContinuous7.xml (RunModel)" time="0.07" />
  <testcase classname="ptolemy.util.test.junit.AutoTests" name="[48] /home/travis/build/icyphy/ptII/ptolemy/domains/continuous/test/auto/DCMotor.xml (RunModel)" time="14.411" />
  <testcase classname="ptolemy.util.test.junit.AutoTests" name="[49] /home/travis/build/icyphy/ptII/ptolemy/domains/continuous/test/auto/DEInContinuous.xml (RunModel)" time="0.041" />
  <testcase classname="ptolemy.util.test.junit.AutoTests" name="[50] /home/travis/build/icyphy/ptII/ptolemy/domains/continuous/test/auto/DEinContinuous2.xml (RunModel)" time="0.034" />
  <testcase classname="ptolemy.util.test.junit.AutoTests" name="[51] /home/travis/build/icyphy/ptII/ptolemy/domains/continuous/test/auto/Derivative.xml (RunModel)" time="0.238" />
  <testcase classname="ptolemy.util.test.junit.AutoTests" name="[52] /home/travis/build/icyphy/ptII/ptolemy/domains/continuous/test/auto/Derivative1.xml (RunModel)" time="0.061" />
  <testcase classname="ptolemy.util.test.junit.AutoTests" name="[53] /home/travis/build/icyphy/ptII/ptolemy/domains/continuous/test/auto/DiscreteClock.xml (RunModel)" time="0.013" />
  <testcase classname="ptolemy.util.test.junit.AutoTests" name="[54] /home/travis/build/icyphy/ptII/ptolemy/domains/continuous/test/auto/EfficiencyCurve.xml (RunModel)" time="0.112" />
  <testcase classname="ptolemy.util.test.junit.AutoTests" name="[55] /home/travis/build/icyphy/ptII/ptolemy/domains/continuous/test/auto/ExponentialResponse.xml (RunModel)" time="0.126" />
  <testcase classname="ptolemy.util.test.junit.AutoTests" name="[56] /home/travis/build/icyphy/ptII/ptolemy/domains/continuous/test/auto/ExponentialResponseRK45.xml (RunModel)" time="0.039" />
  <testcase classname="ptolemy.util.test.junit.AutoTests" name="[57] /home/travis/build/icyphy/ptII/ptolemy/domains/continuous/test/auto/Friction.xml (RunModel)" time="1.694" />
  <testcase classname="ptolemy.util.test.junit.AutoTests" name="[58] /home/travis/build/icyphy/ptII/ptolemy/domains/continuous/test/auto/FurutaPendulum.xml (RunModel)" time="3.806" />
  <testcase classname="ptolemy.util.test.junit.AutoTests" name="[59] /home/travis/build/icyphy/ptII/ptolemy/domains/continuous/test/auto/HierarchicalExecution.xml (RunModel)" time="2.502" />
  <testcase classname="ptolemy.util.test.junit.AutoTests" name="[60] /home/travis/build/icyphy/ptII/ptolemy/domains/continuous/test/auto/HybridPlant.xml (RunModel)" time="0.619" />
  <testcase classname="ptolemy.util.test.junit.AutoTests" name="[61] /home/travis/build/icyphy/ptII/ptolemy/domains/continuous/test/auto/Hysteresis.xml (RunModel)" time="0.18" />
  <testcase classname="ptolemy.util.test.junit.AutoTests" name="[62] /home/travis/build/icyphy/ptII/ptolemy/domains/continuous/test/auto/HysteresisWithRandomDelay.xml (RunModel)" time="0.252" />
  <testcase classname="ptolemy.util.test.junit.AutoTests" name="[63] /home/travis/build/icyphy/ptII/ptolemy/domains/continuous/test/auto/HysteresisWithRandomLosses.xml (RunModel)" time="2.589" />
  <testcase classname="ptolemy.util.test.junit.AutoTests" name="[64] /home/travis/build/icyphy/ptII/ptolemy/domains/continuous/test/auto/ImmediateTransitions.xml (RunModel)" time="0.036" />
  <testcase classname="ptolemy.util.test.junit.AutoTests" name="[65] /home/travis/build/icyphy/ptII/ptolemy/domains/continuous/test/auto/ImpulseFeedback.xml (RunModel)" time="0.025" />
  <testcase classname="ptolemy.util.test.junit.AutoTests" name="[66] /home/travis/build/icyphy/ptII/ptolemy/domains/continuous/test/auto/ImpulseFeedback2.xml (RunModel)" time="0.018" />
  <testcase classname="ptolemy.util.test.junit.AutoTests" name="[67] /home/travis/build/icyphy/ptII/ptolemy/domains/continuous/test/auto/IncreasingRatePoisson.xml (RunModel)" time="0.837" />
  <testcase classname="ptolemy.util.test.junit.AutoTests" name="[68] /home/travis/build/icyphy/ptII/ptolemy/domains/continuous/test/auto/InitialStateFeedback.xml (RunModel)" time="0.017" />
  <testcase classname="ptolemy.util.test.junit.AutoTests" name="[69] /home/travis/build/icyphy/ptII/ptolemy/domains/continuous/test/auto/Integration.xml (RunModel)" time="0.009" />
  <testcase classname="ptolemy.util.test.junit.AutoTests" name="[70] /home/travis/build/icyphy/ptII/ptolemy/domains/continuous/test/auto/Integration2.xml (RunModel)" time="0.104" />
  <testcase classname="ptolemy.util.test.junit.AutoTests" name="[71] /home/travis/build/icyphy/ptII/ptolemy/domains/continuous/test/auto/Integration3.xml (RunModel)" time="0.017" />
  <testcase classname="ptolemy.util.test.junit.AutoTests" name="[72] /home/travis/build/icyphy/ptII/ptolemy/domains/continuous/test/auto/Integration5.xml (RunModel)" time="0.015" />
  <testcase classname="ptolemy.util.test.junit.AutoTests" name="[73] /home/travis/build/icyphy/ptII/ptolemy/domains/continuous/test/auto/IntegratorImpulse.xml (RunModel)" time="0.025" />
  <testcase classname="ptolemy.util.test.junit.AutoTests" name="[74] /home/travis/build/icyphy/ptII/ptolemy/domains/continuous/test/auto/IntegratorImpulse2.xml (RunModel)" time="0.012" />
  <testcase classname="ptolemy.util.test.junit.AutoTests" name="[75] /home/travis/build/icyphy/ptII/ptolemy/domains/continuous/test/auto/LevelCrossing1.xml (RunModel)" time="0.018" />
  <testcase classname="ptolemy.util.test.junit.AutoTests" name="[76] /home/travis/build/icyphy/ptII/ptolemy/domains/continuous/test/auto/LevelCrossing2.xml (RunModel)" time="0.015" />
  <testcase classname="ptolemy.util.test.junit.AutoTests" name="[77] /home/travis/build/icyphy/ptII/ptolemy/domains/continuous/test/auto/LevelCrossing3.xml (RunModel)" time="0.02" />
  <testcase classname="ptolemy.util.test.junit.AutoTests" name="[78] /home/travis/build/icyphy/ptII/ptolemy/domains/continuous/test/auto/LevelCrossing4.xml (RunModel)" time="0.015" />
  <testcase classname="ptolemy.util.test.junit.AutoTests" name="[79] /home/travis/build/icyphy/ptII/ptolemy/domains/continuous/test/auto/LevelCrossing5.xml (RunModel)" time="0.015" />
  <testcase classname="ptolemy.util.test.junit.AutoTests" name="[80] /home/travis/build/icyphy/ptII/ptolemy/domains/continuous/test/auto/LevelCrossing6.xml (RunModel)" time="0.014" />
  <testcase classname="ptolemy.util.test.junit.AutoTests" name="[81] /home/travis/build/icyphy/ptII/ptolemy/domains/continuous/test/auto/LevelCrossingDetector.xml (RunModel)" time="0.038" />
  <testcase classname="ptolemy.util.test.junit.AutoTests" name="[82] /home/travis/build/icyphy/ptII/ptolemy/domains/continuous/test/auto/LevelCrossingDetectorDetectingDirections.xml (RunModel)" time="0.089" />
  <testcase classname="ptolemy.util.test.junit.AutoTests" name="[83] /home/travis/build/icyphy/ptII/ptolemy/domains/continuous/test/auto/LevelCrossingDetectorDetectsGlitches.xml (RunModel)" time="0.066" />
  <testcase classname="ptolemy.util.test.junit.AutoTests" name="[84] /home/travis/build/icyphy/ptII/ptolemy/domains/continuous/test/auto/LevelCrossingNoInitialOuput.xml (RunModel)" time="0.015" />
  <testcase classname="ptolemy.util.test.junit.AutoTests" name="[85] /home/travis/build/icyphy/ptII/ptolemy/domains/continuous/test/auto/LinearStateSpaceExample.xml (RunModel)" time="0.057" />
  <testcase classname="ptolemy.util.test.junit.AutoTests" name="[86] /home/travis/build/icyphy/ptII/ptolemy/domains/continuous/test/auto/Lorenz.xml (RunModel)" time="4.132" />
  <testcase classname="ptolemy.util.test.junit.AutoTests" name="[87] /home/travis/build/icyphy/ptII/ptolemy/domains/continuous/test/auto/LorenzDifferentialSystem.xml (RunModel)" time="1.166" />
  <testcase classname="ptolemy.util.test.junit.AutoTests" name="[88] /home/travis/build/icyphy/ptII/ptolemy/domains/continuous/test/auto/LorenzDifferentialSystemWithInput.xml (RunModel)" time="1.539" />
  <testcase classname="ptolemy.util.test.junit.AutoTests" name="[89] /home/travis/build/icyphy/ptII/ptolemy/domains/continuous/test/auto/LorenzDifferentialSystemWithTime.xml (RunModel)" time="0.814" />
  <testcase classname="ptolemy.util.test.junit.AutoTests" name="[90] /home/travis/build/icyphy/ptII/ptolemy/domains/continuous/test/auto/Microsteps.xml (RunModel)" time="0.022" />
  <testcase classname="ptolemy.util.test.junit.AutoTests" name="[91] /home/travis/build/icyphy/ptII/ptolemy/domains/continuous/test/auto/Modal1.xml (RunModel)" time="0.039" />
  <testcase classname="ptolemy.util.test.junit.AutoTests" name="[92] /home/travis/build/icyphy/ptII/ptolemy/domains/continuous/test/auto/Modal2.xml (RunModel)" time="0.054" />
  <testcase classname="ptolemy.util.test.junit.AutoTests" name="[93] /home/travis/build/icyphy/ptII/ptolemy/domains/continuous/test/auto/ModalTransitionGuardWithReset.xml (RunModel)" time="0.034" />
  <testcase classname="ptolemy.util.test.junit.AutoTests" name="[94] /home/travis/build/icyphy/ptII/ptolemy/domains/continuous/test/auto/ModalTransitionGuardWithResetUsingPreemptiveTransition.xml (RunModel)" time="0.03" />
  <testcase classname="ptolemy.util.test.junit.AutoTests" name="[95] /home/travis/build/icyphy/ptII/ptolemy/domains/continuous/test/auto/ModalTransitionGuardWithResetUsingPreemptiveTransition2.xml (RunModel)" time="0.033" />
  <testcase classname="ptolemy.util.test.junit.AutoTests" name="[96] /home/travis/build/icyphy/ptII/ptolemy/domains/continuous/test/auto/ModalTransitionGuardWithResetUsingPreemptiveTransition3.xml (RunModel)" time="0.028" />
  <testcase classname="ptolemy.util.test.junit.AutoTests" name="[97] /home/travis/build/icyphy/ptII/ptolemy/domains/continuous/test/auto/NewtonsCradle.xml (RunModel)" time="0.865" />
  <testcase classname="ptolemy.util.test.junit.AutoTests" name="[98] /home/travis/build/icyphy/ptII/ptolemy/domains/continuous/test/auto/NewtonsCradleAnimated.xml (RunModel)" time="1.366" />
  <testcase classname="ptolemy.util.test.junit.AutoTests" name="[99] /home/travis/build/icyphy/ptII/ptolemy/domains/continuous/test/auto/NewtonsCradleComplicated.xml (RunModel)" time="1.116" />
  <testcase classname="ptolemy.util.test.junit.AutoTests" name="[100] /home/travis/build/icyphy/ptII/ptolemy/domains/continuous/test/auto/NewtonsCradleNondeterministic.xml (RunModel)" time="0.726" />
  <testcase classname="ptolemy.util.test.junit.AutoTests" name="[101] /home/travis/build/icyphy/ptII/ptolemy/domains/continuous/test/auto/NewtonsCradlePerfectlyInelastic1.xml (RunModel)" time="1.388" />
  <testcase classname="ptolemy.util.test.junit.AutoTests" name="[102] /home/travis/build/icyphy/ptII/ptolemy/domains/continuous/test/auto/Noise.xml (RunModel)" time="0.196" />
  <testcase classname="ptolemy.util.test.junit.AutoTests" name="[103] /home/travis/build/icyphy/ptII/ptolemy/domains/continuous/test/auto/NoiseSpectrum.xml (RunModel)" time="0.749" />
  <testcase classname="ptolemy.util.test.junit.AutoTests" name="[104] /home/travis/build/icyphy/ptII/ptolemy/domains/continuous/test/auto/ParameterizedNewtonsCradleAnimated.xml (RunModel)" time="0.4" />
  <testcase classname="ptolemy.util.test.junit.AutoTests" name="[105] /home/travis/build/icyphy/ptII/ptolemy/domains/continuous/test/auto/ParameterizedNewtonsCradleAnimatedNondeterministic.xml (RunModel)" time="1.251" />
  <testcase classname="ptolemy.util.test.junit.AutoTests" name="[106] /home/travis/build/icyphy/ptII/ptolemy/domains/continuous/test/auto/Pendulum3D.xml (RunModel)" time="0.183" />
  <testcase classname="ptolemy.util.test.junit.AutoTests" name="[107] /home/travis/build/icyphy/ptII/ptolemy/domains/continuous/test/auto/PeriodicSampler.xml (RunModel)" time="0.012" />
  <testcase classname="ptolemy.util.test.junit.AutoTests" name="[108] /home/travis/build/icyphy/ptII/ptolemy/domains/continuous/test/auto/PeriodicSampler1.xml (RunModel)" time="0.044" />
  <testcase classname="ptolemy.util.test.junit.AutoTests" name="[109] /home/travis/build/icyphy/ptII/ptolemy/domains/continuous/test/auto/PeriodicSampler2.xml (RunModel)" time="0.08" />
  <testcase classname="ptolemy.util.test.junit.AutoTests" name="[110] /home/travis/build/icyphy/ptII/ptolemy/domains/continuous/test/auto/Poisson.xml (RunModel)" time="0.481" />
  <testcase classname="ptolemy.util.test.junit.AutoTests" name="[111] /home/travis/build/icyphy/ptII/ptolemy/domains/continuous/test/auto/PoissonClock.xml (RunModel)" time="0.014" />
  <testcase classname="ptolemy.util.test.junit.AutoTests" name="[112] /home/travis/build/icyphy/ptII/ptolemy/domains/continuous/test/auto/PoissonClock2.xml (RunModel)" time="0.014" />
  <testcase classname="ptolemy.util.test.junit.AutoTests" name="[113] /home/travis/build/icyphy/ptII/ptolemy/domains/continuous/test/auto/PortParameterHierarchy.xml (RunModel)" time="0.029" />
  <testcase classname="ptolemy.util.test.junit.AutoTests" name="[114] /home/travis/build/icyphy/ptII/ptolemy/domains/continuous/test/auto/RandomHybridPlant.xml (RunModel)" time="0.557" />
  <testcase classname="ptolemy.util.test.junit.AutoTests" name="[115] /home/travis/build/icyphy/ptII/ptolemy/domains/continuous/test/auto/ResetTransitionWithStartTime1.xml (RunModel)" time="0.034" />
  <testcase classname="ptolemy.util.test.junit.AutoTests" name="[116] /home/travis/build/icyphy/ptII/ptolemy/domains/continuous/test/auto/ResetTransitionWithStartTime2.xml (RunModel)" time="0.04" />
  <testcase classname="ptolemy.util.test.junit.AutoTests" name="[117] /home/travis/build/icyphy/ptII/ptolemy/domains/continuous/test/auto/ResetTransitionWithStartTime3.xml (RunModel)" time="0.047" />
  <testcase classname="ptolemy.util.test.junit.AutoTests" name="[118] /home/travis/build/icyphy/ptII/ptolemy/domains/continuous/test/auto/ResetTransitionWithStartTime4.xml (RunModel)" time="0.029" />
  <testcase classname="ptolemy.util.test.junit.AutoTests" name="[119] /home/travis/build/icyphy/ptII/ptolemy/domains/continuous/test/auto/ResetTransitionWithStartTime5.xml (RunModel)" time="0.037" />
  <testcase classname="ptolemy.util.test.junit.AutoTests" name="[120] /home/travis/build/icyphy/ptII/ptolemy/domains/continuous/test/auto/ResetTransitionWithStartTime6.xml (RunModel)" time="0.03" />
  <testcase classname="ptolemy.util.test.junit.AutoTests" name="[121] /home/travis/build/icyphy/ptII/ptolemy/domains/continuous/test/auto/SRinContinuous.xml (RunModel)" time="0.025" />
  <testcase classname="ptolemy.util.test.junit.AutoTests" name="[122] /home/travis/build/icyphy/ptII/ptolemy/domains/continuous/test/auto/SampledClocks.xml (RunModel)" time="0.038" />
  <testcase classname="ptolemy.util.test.junit.AutoTests" name="[123] /home/travis/build/icyphy/ptII/ptolemy/domains/continuous/test/auto/Satellite.xml (RunModel)" time="1.014" />
  <testcase classname="ptolemy.util.test.junit.AutoTests" name="[124] /home/travis/build/icyphy/ptII/ptolemy/domains/continuous/test/auto/SigmaDelta.xml (RunModel)" time="2.581" />
  <testcase classname="ptolemy.util.test.junit.AutoTests" name="[125] /home/travis/build/icyphy/ptII/ptolemy/domains/continuous/test/auto/SingleRefinement.xml (RunModel)" time="0.462" />
  <testcase classname="ptolemy.util.test.junit.AutoTests" name="[126] /home/travis/build/icyphy/ptII/ptolemy/domains/continuous/test/auto/SinuBouncingBall.xml (RunModel)" time="0.882" />
  <testcase classname="ptolemy.util.test.junit.AutoTests" name="[127] /home/travis/build/icyphy/ptII/ptolemy/domains/continuous/test/auto/Sinusoid.xml (RunModel)" time="0.016" />
  <testcase classname="ptolemy.util.test.junit.AutoTests" name="[128] /home/travis/build/icyphy/ptII/ptolemy/domains/continuous/test/auto/SinusoidInNoise.xml (RunModel)" time="1.098" />
  <testcase classname="ptolemy.util.test.junit.AutoTests" name="[129] /home/travis/build/icyphy/ptII/ptolemy/domains/continuous/test/auto/SinusoidRK45.xml (RunModel)" time="0.01" />
  <testcase classname="ptolemy.util.test.junit.AutoTests" name="[130] /home/travis/build/icyphy/ptII/ptolemy/domains/continuous/test/auto/SinusoidWithMultipleImpulses.xml (RunModel)" time="0.018" />
  <testcase classname="ptolemy.util.test.junit.AutoTests" name="[131] /home/travis/build/icyphy/ptII/ptolemy/domains/continuous/test/auto/SquareWave.xml (RunModel)" time="0.207" />
  <testcase classname="ptolemy.util.test.junit.AutoTests" name="[132] /home/travis/build/icyphy/ptII/ptolemy/domains/continuous/test/auto/Starmac.xml (RunModel)" time="3.43" />
  <testcase classname="ptolemy.util.test.junit.AutoTests" name="[133] /home/travis/build/icyphy/ptII/ptolemy/domains/continuous/test/auto/StaticUnits.xml (RunModel)" time="2.888" />
  <testcase classname="ptolemy.util.test.junit.AutoTests" name="[134] /home/travis/build/icyphy/ptII/ptolemy/domains/continuous/test/auto/StickyMasses.xml (RunModel)" time="0.206" />
  <testcase classname="ptolemy.util.test.junit.AutoTests" name="[135] /home/travis/build/icyphy/ptII/ptolemy/domains/continuous/test/auto/StopTime.xml (RunModel)" time="0.067" />
  <testcase classname="ptolemy.util.test.junit.AutoTests" name="[136] /home/travis/build/icyphy/ptII/ptolemy/domains/continuous/test/auto/StopTime2.xml (RunModel)" time="0.071" />
  <testcase classname="ptolemy.util.test.junit.AutoTests" name="[137] /home/travis/build/icyphy/ptII/ptolemy/domains/continuous/test/auto/Switch.xml (RunModel)" time="0.064" />
  <testcase classname="ptolemy.util.test.junit.AutoTests" name="[138] /home/travis/build/icyphy/ptII/ptolemy/domains/continuous/test/auto/Thermostat.xml (RunModel)" time="0.214" />
  <testcase classname="ptolemy.util.test.junit.AutoTests" name="[139] /home/travis/build/icyphy/ptII/ptolemy/domains/continuous/test/auto/TimeDelay.xml (RunModel)" time="0.014" />
  <testcase classname="ptolemy.util.test.junit.AutoTests" name="[140] /home/travis/build/icyphy/ptII/ptolemy/domains/continuous/test/auto/TimeDelay2.xml (RunModel)" time="0.029" />
  <testcase classname="ptolemy.util.test.junit.AutoTests" name="[141] /home/travis/build/icyphy/ptII/ptolemy/domains/continuous/test/auto/TimeDelay3.xml (RunModel)" time="0.013" />
  <testcase classname="ptolemy.util.test.junit.AutoTests" name="[142] /home/travis/build/icyphy/ptII/ptolemy/domains/continuous/test/auto/TransferAbsentToInside.xml (RunModel)" time="0.109" />
  <testcase classname="ptolemy.util.test.junit.AutoTests" name="[143] /home/travis/build/icyphy/ptII/ptolemy/domains/continuous/test/auto/Transmission.xml (RunModel)" time="0.805" />
  <testcase classname="ptolemy.util.test.junit.AutoTests" name="[144] /home/travis/build/icyphy/ptII/ptolemy/domains/continuous/test/auto/TriggeredContinuousClock.xml (RunModel)" time="0.074" />
  <testcase classname="ptolemy.util.test.junit.AutoTests" name="[145] /home/travis/build/icyphy/ptII/ptolemy/domains/continuous/test/auto/TwoMachineInfiniteBusControl.xml (RunModel)" time="3.045" />
  <testcase classname="ptolemy.util.test.junit.AutoTests" name="[146] /home/travis/build/icyphy/ptII/ptolemy/domains/continuous/test/auto/V2V.xml (RunModel)" time="0.97" />
  <testcase classname="ptolemy.util.test.junit.AutoTests" name="[147] /home/travis/build/icyphy/ptII/ptolemy/domains/continuous/test/auto/hierarchicalModalModel.xml (RunModel)" time="0.034" />
  <testcase classname="ptolemy.util.test.junit.AutoTests" name="[148] /home/travis/build/icyphy/ptII/ptolemy/domains/continuous/test/auto/hierarchicalModalModel1.xml (RunModel)" time="0.03" />
  <testcase classname="ptolemy.util.test.junit.AutoTests" name="[149] /home/travis/build/icyphy/ptII/ptolemy/domains/continuous/test/auto/hierarchicalModalModel2.xml (RunModel)" time="0.028" />
  <testcase classname="ptolemy.util.test.junit.AutoTests" name="[150] /home/travis/build/icyphy/ptII/ptolemy/domains/continuous/test/auto/hierarchicalModalModel3.xml (RunModel)" time="0.023" />
  <testcase classname="ptolemy.util.test.junit.AutoTests" name="[151] /home/travis/build/icyphy/ptII/ptolemy/domains/continuous/test/auto/hierarchicalModalModel4.xml (RunModel)" time="0.029" />
  <testcase classname="ptolemy.util.test.junit.AutoTests" name="[152] /home/travis/build/icyphy/ptII/ptolemy/domains/continuous/test/auto/junk.xml (RunModel)" time="0.156" />
  <system-out><![CDATA[No tcl tests in /home/travis/build/icyphy/ptII/ptolemy/domains/continuous/test
No auto/knownFailedTests/*.xml tests in /home/travis/build/icyphy/ptII/ptolemy/domains/continuous/test
No auto/linux-amd64/*.xml tests in /home/travis/build/icyphy/ptII/ptolemy/domains/continuous/test
AutoTests.java: About to close Vertx.
AutoTests.java: Vertx closed.

===========================================================================================
----------------- testing Tue Jun 25 04:37:27 UTC 2019 /home/travis/build/icyphy/ptII/ptolemy/domains/continuous/test/auto/BouncingBall.xml
----------------- Instantiating /home/travis/build/icyphy/ptII/ptolemy/domains/continuous/test/auto/BouncingBall.xml
2598 ms. Memory: 189440K Free: 146103K (77%)
----------------- Invoking toplevel() on ptolemy.moml.MoMLSimpleApplication@79470777
----------------- Done invoking toplevel() on ptolemy.moml.MoMLSimpleApplication@79470777
reloadAllAccessors: .BouncingBall

===========================================================================================
----------------- testing Tue Jun 25 04:37:30 UTC 2019 /home/travis/build/icyphy/ptII/ptolemy/domains/continuous/test/auto/BouncingBallWithoutGR.xml
----------------- Instantiating /home/travis/build/icyphy/ptII/ptolemy/domains/continuous/test/auto/BouncingBallWithoutGR.xml
826 ms. Memory: 189440K Free: 74143K (39%)
----------------- Invoking toplevel() on ptolemy.moml.MoMLSimpleApplication@4c0355d2
----------------- Done invoking toplevel() on ptolemy.moml.MoMLSimpleApplication@4c0355d2
reloadAllAccessors: .BouncingBallWithoutGR

===========================================================================================
----------------- testing Tue Jun 25 04:37:31 UTC 2019 /home/travis/build/icyphy/ptII/ptolemy/domains/continuous/test/auto/Brownian.xml
----------------- Instantiating /home/travis/build/icyphy/ptII/ptolemy/domains/continuous/test/auto/Brownian.xml
34 ms. Memory: 227328K Free: 214132K (94%)
----------------- Invoking toplevel() on ptolemy.moml.MoMLSimpleApplication@4c500095
----------------- Done invoking toplevel() on ptolemy.moml.MoMLSimpleApplication@4c500095
reloadAllAccessors: .Brownian

===========================================================================================
----------------- testing Tue Jun 25 04:37:31 UTC 2019 /home/travis/build/icyphy/ptII/ptolemy/domains/continuous/test/auto/CarTracking.xml
----------------- Instantiating /home/travis/build/icyphy/ptII/ptolemy/domains/continuous/test/auto/CarTracking.xml
3892 ms. Memory: 273408K Free: 219992K (80%)
----------------- Invoking toplevel() on ptolemy.moml.MoMLSimpleApplication@2e943174
----------------- Done invoking toplevel() on ptolemy.moml.MoMLSimpleApplication@2e943174
reloadAllAccessors: .CarTracking

===========================================================================================
----------------- testing Tue Jun 25 04:37:35 UTC 2019 /home/travis/build/icyphy/ptII/ptolemy/domains/continuous/test/auto/CartPendulum.xml
----------------- Instantiating /home/travis/build/icyphy/ptII/ptolemy/domains/continuous/test/auto/CartPendulum.xml
414 ms. Memory: 273408K Free: 126832K (46%)
----------------- Invoking toplevel() on ptolemy.moml.MoMLSimpleApplication@45782753
----------------- Done invoking toplevel() on ptolemy.moml.MoMLSimpleApplication@45782753
reloadAllAccessors: .CartPendulum

===========================================================================================
----------------- testing Tue Jun 25 04:37:36 UTC 2019 /home/travis/build/icyphy/ptII/ptolemy/domains/continuous/test/auto/CausalityInterface10.xml
----------------- Instantiating /home/travis/build/icyphy/ptII/ptolemy/domains/continuous/test/auto/CausalityInterface10.xml
17 ms. Memory: 273408K Free: 116598K (43%)
----------------- Invoking toplevel() on ptolemy.moml.MoMLSimpleApplication@dc82058
----------------- Done invoking toplevel() on ptolemy.moml.MoMLSimpleApplication@dc82058
reloadAllAccessors: .CausalityInterface10

===========================================================================================
----------------- testing Tue Jun 25 04:37:36 UTC 2019 /home/travis/build/icyphy/ptII/ptolemy/domains/continuous/test/auto/CausalityInterface11.xml
----------------- Instantiating /home/travis/build/icyphy/ptII/ptolemy/domains/continuous/test/auto/CausalityInterface11.xml
7 ms. Memory: 273408K Free: 110440K (40%)
----------------- Invoking toplevel() on ptolemy.moml.MoMLSimpleApplication@4fd382e2
----------------- Done invoking toplevel() on ptolemy.moml.MoMLSimpleApplication@4fd382e2
reloadAllAccessors: .CausalityInterface11

===========================================================================================
----------------- testing Tue Jun 25 04:37:36 UTC 2019 /home/travis/build/icyphy/ptII/ptolemy/domains/continuous/test/auto/CausalityInterface12.xml
----------------- Instantiating /home/travis/build/icyphy/ptII/ptolemy/domains/continuous/test/auto/CausalityInterface12.xml
10 ms. Memory: 273408K Free: 104296K (38%)
----------------- Invoking toplevel() on ptolemy.moml.MoMLSimpleApplication@190031e0
----------------- Done invoking toplevel() on ptolemy.moml.MoMLSimpleApplication@190031e0
reloadAllAccessors: .CausalityInterface12

===========================================================================================
----------------- testing Tue Jun 25 04:37:36 UTC 2019 /home/travis/build/icyphy/ptII/ptolemy/domains/continuous/test/auto/CausalityInterface13.xml
----------------- Instantiating /home/travis/build/icyphy/ptII/ptolemy/domains/continuous/test/auto/CausalityInterface13.xml
5 ms. Memory: 273408K Free: 258854K (95%)
----------------- Invoking toplevel() on ptolemy.moml.MoMLSimpleApplication@299e6be6
----------------- Done invoking toplevel() on ptolemy.moml.MoMLSimpleApplication@299e6be6
reloadAllAccessors: .CausalityInterface13

===========================================================================================
----------------- testing Tue Jun 25 04:37:36 UTC 2019 /home/travis/build/icyphy/ptII/ptolemy/domains/continuous/test/auto/CausalityInterface14.xml
----------------- Instantiating /home/travis/build/icyphy/ptII/ptolemy/domains/continuous/test/auto/CausalityInterface14.xml
8 ms. Memory: 273408K Free: 253224K (93%)
----------------- Invoking toplevel() on ptolemy.moml.MoMLSimpleApplication@6462070
----------------- Done invoking toplevel() on ptolemy.moml.MoMLSimpleApplication@6462070
reloadAllAccessors: .CausalityInterface14

===========================================================================================
----------------- testing Tue Jun 25 04:37:36 UTC 2019 /home/travis/build/icyphy/ptII/ptolemy/domains/continuous/test/auto/CausalityInterface4.xml
----------------- Instantiating /home/travis/build/icyphy/ptII/ptolemy/domains/continuous/test/auto/CausalityInterface4.xml
4 ms. Memory: 273408K Free: 246552K (90%)
----------------- Invoking toplevel() on ptolemy.moml.MoMLSimpleApplication@56a16e9b
----------------- Done invoking toplevel() on ptolemy.moml.MoMLSimpleApplication@56a16e9b
reloadAllAccessors: .CausalityInterface4

===========================================================================================
----------------- testing Tue Jun 25 04:37:36 UTC 2019 /home/travis/build/icyphy/ptII/ptolemy/domains/continuous/test/auto/CausalityInterface5.xml
----------------- Instantiating /home/travis/build/icyphy/ptII/ptolemy/domains/continuous/test/auto/CausalityInterface5.xml
6 ms. Memory: 273408K Free: 238374K (87%)
----------------- Invoking toplevel() on ptolemy.moml.MoMLSimpleApplication@338d11d4
----------------- Done invoking toplevel() on ptolemy.moml.MoMLSimpleApplication@338d11d4
reloadAllAccessors: .CausalityInterface5

===========================================================================================
----------------- testing Tue Jun 25 04:37:36 UTC 2019 /home/travis/build/icyphy/ptII/ptolemy/domains/continuous/test/auto/CausalityInterface6.xml
----------------- Instantiating /home/travis/build/icyphy/ptII/ptolemy/domains/continuous/test/auto/CausalityInterface6.xml
7 ms. Memory: 273408K Free: 232744K (85%)
----------------- Invoking toplevel() on ptolemy.moml.MoMLSimpleApplication@13f0c5ba
----------------- Done invoking toplevel() on ptolemy.moml.MoMLSimpleApplication@13f0c5ba
reloadAllAccessors: .CausalityInterface6

===========================================================================================
----------------- testing Tue Jun 25 04:37:36 UTC 2019 /home/travis/build/icyphy/ptII/ptolemy/domains/continuous/test/auto/CausalityInterface7.xml
----------------- Instantiating /home/travis/build/icyphy/ptII/ptolemy/domains/continuous/test/auto/CausalityInterface7.xml
10 ms. Memory: 273408K Free: 224038K (82%)
----------------- Invoking toplevel() on ptolemy.moml.MoMLSimpleApplication@6e59f771
----------------- Done invoking toplevel() on ptolemy.moml.MoMLSimpleApplication@6e59f771
reloadAllAccessors: .CausalityInterface7

===========================================================================================
----------------- testing Tue Jun 25 04:37:36 UTC 2019 /home/travis/build/icyphy/ptII/ptolemy/domains/continuous/test/auto/CausalityInterface8.xml
----------------- Instantiating /home/travis/build/icyphy/ptII/ptolemy/domains/continuous/test/auto/CausalityInterface8.xml
5 ms. Memory: 273408K Free: 214822K (79%)
----------------- Invoking toplevel() on ptolemy.moml.MoMLSimpleApplication@693c3612
----------------- Done invoking toplevel() on ptolemy.moml.MoMLSimpleApplication@693c3612
reloadAllAccessors: .CausalityInterface8

===========================================================================================
----------------- testing Tue Jun 25 04:37:36 UTC 2019 /home/travis/build/icyphy/ptII/ptolemy/domains/continuous/test/auto/CausalityInterface9.xml
----------------- Instantiating /home/travis/build/icyphy/ptII/ptolemy/domains/continuous/test/auto/CausalityInterface9.xml
5 ms. Memory: 273408K Free: 204072K (75%)
----------------- Invoking toplevel() on ptolemy.moml.MoMLSimpleApplication@7aabacc
----------------- Done invoking toplevel() on ptolemy.moml.MoMLSimpleApplication@7aabacc
reloadAllAccessors: .CausalityInterface9

===========================================================================================
----------------- testing Tue Jun 25 04:37:36 UTC 2019 /home/travis/build/icyphy/ptII/ptolemy/domains/continuous/test/auto/CausalityInterfaceFeedback1.xml
----------------- Instantiating /home/travis/build/icyphy/ptII/ptolemy/domains/continuous/test/auto/CausalityInterfaceFeedback1.xml
4 ms. Memory: 273408K Free: 197400K (72%)
----------------- Invoking toplevel() on ptolemy.moml.MoMLSimpleApplication@6978b3e7
----------------- Done invoking toplevel() on ptolemy.moml.MoMLSimpleApplication@6978b3e7
reloadAllAccessors: .CausalityInterfaceFeedback1

===========================================================================================
----------------- testing Tue Jun 25 04:37:37 UTC 2019 /home/travis/build/icyphy/ptII/ptolemy/domains/continuous/test/auto/CausalityInterfaceFeedback2.xml
----------------- Instantiating /home/travis/build/icyphy/ptII/ptolemy/domains/continuous/test/auto/CausalityInterfaceFeedback2.xml
6 ms. Memory: 273408K Free: 191256K (70%)
----------------- Invoking toplevel() on ptolemy.moml.MoMLSimpleApplication@517358d9
----------------- Done invoking toplevel() on ptolemy.moml.MoMLSimpleApplication@517358d9
reloadAllAccessors: .CausalityInterfaceFeedback2

===========================================================================================
----------------- testing Tue Jun 25 04:37:37 UTC 2019 /home/travis/build/icyphy/ptII/ptolemy/domains/continuous/test/auto/CompareWithCurrentTime.xml
----------------- Instantiating /home/travis/build/icyphy/ptII/ptolemy/domains/continuous/test/auto/CompareWithCurrentTime.xml
3 ms. Memory: 273408K Free: 187174K (68%)
----------------- Invoking toplevel() on ptolemy.moml.MoMLSimpleApplication@21c57b7a
----------------- Done invoking toplevel() on ptolemy.moml.MoMLSimpleApplication@21c57b7a
reloadAllAccessors: .CompareWithCurrentTime

===========================================================================================
----------------- testing Tue Jun 25 04:37:37 UTC 2019 /home/travis/build/icyphy/ptII/ptolemy/domains/continuous/test/auto/ComparedClocks.xml
----------------- Instantiating /home/travis/build/icyphy/ptII/ptolemy/domains/continuous/test/auto/ComparedClocks.xml
14 ms. Memory: 273408K Free: 171800K (63%)
----------------- Invoking toplevel() on ptolemy.moml.MoMLSimpleApplication@100820fc
----------------- Done invoking toplevel() on ptolemy.moml.MoMLSimpleApplication@100820fc
reloadAllAccessors: .ComparedClocks

===========================================================================================
----------------- testing Tue Jun 25 04:37:37 UTC 2019 /home/travis/build/icyphy/ptII/ptolemy/domains/continuous/test/auto/ContinuousAOCClone.xml
----------------- Instantiating /home/travis/build/icyphy/ptII/ptolemy/domains/continuous/test/auto/ContinuousAOCClone.xml
2468 ms. Memory: 328704K Free: 226379K (69%)
----------------- Invoking toplevel() on ptolemy.moml.MoMLSimpleApplication@4179ebc5
----------------- Done invoking toplevel() on ptolemy.moml.MoMLSimpleApplication@4179ebc5
reloadAllAccessors: .ContinuousAOCClone

===========================================================================================
----------------- testing Tue Jun 25 04:37:39 UTC 2019 /home/travis/build/icyphy/ptII/ptolemy/domains/continuous/test/auto/ContinuousClock.xml
----------------- Instantiating /home/travis/build/icyphy/ptII/ptolemy/domains/continuous/test/auto/ContinuousClock.xml
29 ms. Memory: 328704K Free: 204372K (62%)
----------------- Invoking toplevel() on ptolemy.moml.MoMLSimpleApplication@55f5d04f
----------------- Done invoking toplevel() on ptolemy.moml.MoMLSimpleApplication@55f5d04f
reloadAllAccessors: .ContinuousClock

===========================================================================================
----------------- testing Tue Jun 25 04:37:40 UTC 2019 /home/travis/build/icyphy/ptII/ptolemy/domains/continuous/test/auto/ContinuousInContinuous.xml
----------------- Instantiating /home/travis/build/icyphy/ptII/ptolemy/domains/continuous/test/auto/ContinuousInContinuous.xml
36 ms. Memory: 328704K Free: 180820K (55%)
----------------- Invoking toplevel() on ptolemy.moml.MoMLSimpleApplication@3212b3e0
----------------- Done invoking toplevel() on ptolemy.moml.MoMLSimpleApplication@3212b3e0
reloadAllAccessors: .ContinuousInContinuous

===========================================================================================
----------------- testing Tue Jun 25 04:37:40 UTC 2019 /home/travis/build/icyphy/ptII/ptolemy/domains/continuous/test/auto/ContinuousInContinuousInContinuous.xml
----------------- Instantiating /home/travis/build/icyphy/ptII/ptolemy/domains/continuous/test/auto/ContinuousInContinuousInContinuous.xml
6 ms. Memory: 328704K Free: 173138K (53%)
----------------- Invoking toplevel() on ptolemy.moml.MoMLSimpleApplication@4d2de298
----------------- Done invoking toplevel() on ptolemy.moml.MoMLSimpleApplication@4d2de298
reloadAllAccessors: .ContinuousInContinuousInContinuous

===========================================================================================
----------------- testing Tue Jun 25 04:37:40 UTC 2019 /home/travis/build/icyphy/ptII/ptolemy/domains/continuous/test/auto/ContinuousInDE.xml
----------------- Instantiating /home/travis/build/icyphy/ptII/ptolemy/domains/continuous/test/auto/ContinuousInDE.xml
63 ms. Memory: 328704K Free: 162388K (49%)
----------------- Invoking toplevel() on ptolemy.moml.MoMLSimpleApplication@6718d2af
----------------- Done invoking toplevel() on ptolemy.moml.MoMLSimpleApplication@6718d2af
reloadAllAccessors: .ContinuousInDE

===========================================================================================
----------------- testing Tue Jun 25 04:37:40 UTC 2019 /home/travis/build/icyphy/ptII/ptolemy/domains/continuous/test/auto/ContinuousInDE2.xml
----------------- Instantiating /home/travis/build/icyphy/ptII/ptolemy/domains/continuous/test/auto/ContinuousInDE2.xml
44 ms. Memory: 328704K Free: 152658K (46%)
----------------- Invoking toplevel() on ptolemy.moml.MoMLSimpleApplication@645e390b
----------------- Done invoking toplevel() on ptolemy.moml.MoMLSimpleApplication@645e390b
reloadAllAccessors: .ContinuousInDE2

===========================================================================================
----------------- testing Tue Jun 25 04:37:40 UTC 2019 /home/travis/build/icyphy/ptII/ptolemy/domains/continuous/test/auto/ContinuousInDE3.xml
----------------- Instantiating /home/travis/build/icyphy/ptII/ptolemy/domains/continuous/test/auto/ContinuousInDE3.xml
37 ms. Memory: 328704K Free: 142932K (43%)
----------------- Invoking toplevel() on ptolemy.moml.MoMLSimpleApplication@344a630c
----------------- Done invoking toplevel() on ptolemy.moml.MoMLSimpleApplication@344a630c
reloadAllAccessors: .ContinuousInDE3

===========================================================================================
----------------- testing Tue Jun 25 04:37:40 UTC 2019 /home/travis/build/icyphy/ptII/ptolemy/domains/continuous/test/auto/ContinuousInDE4.xml
----------------- Instantiating /home/travis/build/icyphy/ptII/ptolemy/domains/continuous/test/auto/ContinuousInDE4.xml
16 ms. Memory: 328704K Free: 136788K (42%)
----------------- Invoking toplevel() on ptolemy.moml.MoMLSimpleApplication@62dab212
----------------- Done invoking toplevel() on ptolemy.moml.MoMLSimpleApplication@62dab212
reloadAllAccessors: .ContinuousInDE4

===========================================================================================
----------------- testing Tue Jun 25 04:37:40 UTC 2019 /home/travis/build/icyphy/ptII/ptolemy/domains/continuous/test/auto/ContinuousInDEDifferentRefinements.xml
----------------- Instantiating /home/travis/build/icyphy/ptII/ptolemy/domains/continuous/test/auto/ContinuousInDEDifferentRefinements.xml
49 ms. Memory: 328704K Free: 300793K (92%)
----------------- Invoking toplevel() on ptolemy.moml.MoMLSimpleApplication@5f9aea6
----------------- Done invoking toplevel() on ptolemy.moml.MoMLSimpleApplication@5f9aea6
reloadAllAccessors: .ContinuousInDEDifferentRefinements

===========================================================================================
----------------- testing Tue Jun 25 04:37:40 UTC 2019 /home/travis/build/icyphy/ptII/ptolemy/domains/continuous/test/auto/ContinuousInDEDifferentRefinementsPreemptive.xml
----------------- Instantiating /home/travis/build/icyphy/ptII/ptolemy/domains/continuous/test/auto/ContinuousInDEDifferentRefinementsPreemptive.xml
42 ms. Memory: 328704K Free: 269893K (82%)
----------------- Invoking toplevel() on ptolemy.moml.MoMLSimpleApplication@3319fb62
----------------- Done invoking toplevel() on ptolemy.moml.MoMLSimpleApplication@3319fb62
reloadAllAccessors: .ContinuousInDEDifferentRefinementsPreemptive

===========================================================================================
----------------- testing Tue Jun 25 04:37:40 UTC 2019 /home/travis/build/icyphy/ptII/ptolemy/domains/continuous/test/auto/ContinuousInDEInContinuous2.xml
----------------- Instantiating /home/travis/build/icyphy/ptII/ptolemy/domains/continuous/test/auto/ContinuousInDEInContinuous2.xml
34 ms. Memory: 328704K Free: 258629K (79%)
----------------- Invoking toplevel() on ptolemy.moml.MoMLSimpleApplication@7ddbe6e1
----------------- Done invoking toplevel() on ptolemy.moml.MoMLSimpleApplication@7ddbe6e1
reloadAllAccessors: .ContinuousInDEInContinuous2

===========================================================================================
----------------- testing Tue Jun 25 04:37:40 UTC 2019 /home/travis/build/icyphy/ptII/ptolemy/domains/continuous/test/auto/ContinuousInDEInContinuous3.xml
----------------- Instantiating /home/travis/build/icyphy/ptII/ptolemy/domains/continuous/test/auto/ContinuousInDEInContinuous3.xml
48 ms. Memory: 328704K Free: 246855K (75%)
----------------- Invoking toplevel() on ptolemy.moml.MoMLSimpleApplication@2a9fa06b
----------------- Done invoking toplevel() on ptolemy.moml.MoMLSimpleApplication@2a9fa06b
reloadAllAccessors: .ContinuousInDEInContinuous3

===========================================================================================
----------------- testing Tue Jun 25 04:37:40 UTC 2019 /home/travis/build/icyphy/ptII/ptolemy/domains/continuous/test/auto/ContinuousInDEInput.xml
----------------- Instantiating /home/travis/build/icyphy/ptII/ptolemy/domains/continuous/test/auto/ContinuousInDEInput.xml
18 ms. Memory: 328704K Free: 239687K (73%)
----------------- Invoking toplevel() on ptolemy.moml.MoMLSimpleApplication@235fdd5c
----------------- Done invoking toplevel() on ptolemy.moml.MoMLSimpleApplication@235fdd5c
reloadAllAccessors: .ContinuousInDEInput

===========================================================================================
----------------- testing Tue Jun 25 04:37:40 UTC 2019 /home/travis/build/icyphy/ptII/ptolemy/domains/continuous/test/auto/ContinuousInDEInput2.xml
----------------- Instantiating /home/travis/build/icyphy/ptII/ptolemy/domains/continuous/test/auto/ContinuousInDEInput2.xml
18 ms. Memory: 328704K Free: 232519K (71%)
----------------- Invoking toplevel() on ptolemy.moml.MoMLSimpleApplication@44b7bc8
----------------- Done invoking toplevel() on ptolemy.moml.MoMLSimpleApplication@44b7bc8
reloadAllAccessors: .ContinuousInDEInput2

===========================================================================================
----------------- testing Tue Jun 25 04:37:40 UTC 2019 /home/travis/build/icyphy/ptII/ptolemy/domains/continuous/test/auto/ContinuousInDEInput3.xml
----------------- Instantiating /home/travis/build/icyphy/ptII/ptolemy/domains/continuous/test/auto/ContinuousInDEInput3.xml
14 ms. Memory: 328704K Free: 224837K (68%)
----------------- Invoking toplevel() on ptolemy.moml.MoMLSimpleApplication@2d229c22
----------------- Done invoking toplevel() on ptolemy.moml.MoMLSimpleApplication@2d229c22
reloadAllAccessors: .ContinuousInDEInput3

===========================================================================================
----------------- testing Tue Jun 25 04:37:40 UTC 2019 /home/travis/build/icyphy/ptII/ptolemy/domains/continuous/test/auto/ContinuousInDESharingRefinement.xml
----------------- Instantiating /home/travis/build/icyphy/ptII/ptolemy/domains/continuous/test/auto/ContinuousInDESharingRefinement.xml
145 ms. Memory: 328704K Free: 130119K (40%)
----------------- Invoking toplevel() on ptolemy.moml.MoMLSimpleApplication@66dde82e
----------------- Done invoking toplevel() on ptolemy.moml.MoMLSimpleApplication@66dde82e
reloadAllAccessors: .ContinuousInDESharingRefinement

===========================================================================================
----------------- testing Tue Jun 25 04:37:40 UTC 2019 /home/travis/build/icyphy/ptII/ptolemy/domains/continuous/test/auto/ContinuousInDEwithNoPorts.xml
----------------- Instantiating /home/travis/build/icyphy/ptII/ptolemy/domains/continuous/test/auto/ContinuousInDEwithNoPorts.xml
6 ms. Memory: 328704K Free: 126023K (38%)
----------------- Invoking toplevel() on ptolemy.moml.MoMLSimpleApplication@276498cc
----------------- Done invoking toplevel() on ptolemy.moml.MoMLSimpleApplication@276498cc
reloadAllAccessors: .ContinuousInDEwithNoPorts

===========================================================================================
----------------- testing Tue Jun 25 04:37:41 UTC 2019 /home/travis/build/icyphy/ptII/ptolemy/domains/continuous/test/auto/ContinuousInsideDE.xml
----------------- Instantiating /home/travis/build/icyphy/ptII/ptolemy/domains/continuous/test/auto/ContinuousInsideDE.xml
38 ms. Memory: 328704K Free: 310131K (94%)
----------------- Invoking toplevel() on ptolemy.moml.MoMLSimpleApplication@32dd0a7e
----------------- Done invoking toplevel() on ptolemy.moml.MoMLSimpleApplication@32dd0a7e
reloadAllAccessors: .ContinuousInsideDE

===========================================================================================
----------------- testing Tue Jun 25 04:37:41 UTC 2019 /home/travis/build/icyphy/ptII/ptolemy/domains/continuous/test/auto/ContinuousMerge1.xml
----------------- Instantiating /home/travis/build/icyphy/ptII/ptolemy/domains/continuous/test/auto/ContinuousMerge1.xml
3 ms. Memory: 328704K Free: 305491K (93%)
----------------- Invoking toplevel() on ptolemy.moml.MoMLSimpleApplication@35e62252
----------------- Done invoking toplevel() on ptolemy.moml.MoMLSimpleApplication@35e62252
reloadAllAccessors: .ContinuousMerge1

===========================================================================================
----------------- testing Tue Jun 25 04:37:41 UTC 2019 /home/travis/build/icyphy/ptII/ptolemy/domains/continuous/test/auto/ContinuousMerge2.xml
----------------- Instantiating /home/travis/build/icyphy/ptII/ptolemy/domains/continuous/test/auto/ContinuousMerge2.xml
12 ms. Memory: 328704K Free: 295281K (90%)
----------------- Invoking toplevel() on ptolemy.moml.MoMLSimpleApplication@5a0defb2
----------------- Done invoking toplevel() on ptolemy.moml.MoMLSimpleApplication@5a0defb2
reloadAllAccessors: .ContinuousMerge2

===========================================================================================
----------------- testing Tue Jun 25 04:37:41 UTC 2019 /home/travis/build/icyphy/ptII/ptolemy/domains/continuous/test/auto/ContinuousMerge3.xml
----------------- Instantiating /home/travis/build/icyphy/ptII/ptolemy/domains/continuous/test/auto/ContinuousMerge3.xml
55 ms. Memory: 328704K Free: 284531K (87%)
----------------- Invoking toplevel() on ptolemy.moml.MoMLSimpleApplication@531e73da
----------------- Done invoking toplevel() on ptolemy.moml.MoMLSimpleApplication@531e73da
reloadAllAccessors: .ContinuousMerge3

===========================================================================================
----------------- testing Tue Jun 25 04:37:41 UTC 2019 /home/travis/build/icyphy/ptII/ptolemy/domains/continuous/test/auto/ContinuousWithinContinuous.xml
----------------- Instantiating /home/travis/build/icyphy/ptII/ptolemy/domains/continuous/test/auto/ContinuousWithinContinuous.xml
38 ms. Memory: 328704K Free: 275315K (84%)
----------------- Invoking toplevel() on ptolemy.moml.MoMLSimpleApplication@1b10d552
----------------- Done invoking toplevel() on ptolemy.moml.MoMLSimpleApplication@1b10d552
reloadAllAccessors: .ContinuousWithinContinuous

===========================================================================================
----------------- testing Tue Jun 25 04:37:41 UTC 2019 /home/travis/build/icyphy/ptII/ptolemy/domains/continuous/test/auto/ContinuousWithinContinuous2.xml
----------------- Instantiating /home/travis/build/icyphy/ptII/ptolemy/domains/continuous/test/auto/ContinuousWithinContinuous2.xml
73 ms. Memory: 328704K Free: 264051K (80%)
----------------- Invoking toplevel() on ptolemy.moml.MoMLSimpleApplication@556ceb02
----------------- Done invoking toplevel() on ptolemy.moml.MoMLSimpleApplication@556ceb02
reloadAllAccessors: .ContinuousWithinContinuous2

===========================================================================================
----------------- testing Tue Jun 25 04:37:41 UTC 2019 /home/travis/build/icyphy/ptII/ptolemy/domains/continuous/test/auto/ContinuousWithinContinuous3.xml
----------------- Instantiating /home/travis/build/icyphy/ptII/ptolemy/domains/continuous/test/auto/ContinuousWithinContinuous3.xml
13 ms. Memory: 328704K Free: 257393K (78%)
----------------- Invoking toplevel() on ptolemy.moml.MoMLSimpleApplication@c32a22f
----------------- Done invoking toplevel() on ptolemy.moml.MoMLSimpleApplication@c32a22f
reloadAllAccessors: .ContinuousWithinContinuous3

===========================================================================================
----------------- testing Tue Jun 25 04:37:41 UTC 2019 /home/travis/build/icyphy/ptII/ptolemy/domains/continuous/test/auto/ContinuousWithinContinuous4.xml
----------------- Instantiating /home/travis/build/icyphy/ptII/ptolemy/domains/continuous/test/auto/ContinuousWithinContinuous4.xml
75 ms. Memory: 328704K Free: 245105K (75%)
----------------- Invoking toplevel() on ptolemy.moml.MoMLSimpleApplication@6f82d800
----------------- Done invoking toplevel() on ptolemy.moml.MoMLSimpleApplication@6f82d800
reloadAllAccessors: .ContinuousWithinContinuous4

===========================================================================================
----------------- testing Tue Jun 25 04:37:41 UTC 2019 /home/travis/build/icyphy/ptII/ptolemy/domains/continuous/test/auto/ContinuousWithinContinuous5.xml
----------------- Instantiating /home/travis/build/icyphy/ptII/ptolemy/domains/continuous/test/auto/ContinuousWithinContinuous5.xml
13 ms. Memory: 328704K Free: 237937K (72%)
----------------- Invoking toplevel() on ptolemy.moml.MoMLSimpleApplication@ba8eef
----------------- Done invoking toplevel() on ptolemy.moml.MoMLSimpleApplication@ba8eef
reloadAllAccessors: .ContinuousWithinContinuous5

===========================================================================================
----------------- testing Tue Jun 25 04:37:41 UTC 2019 /home/travis/build/icyphy/ptII/ptolemy/domains/continuous/test/auto/ContinuousWithinContinuous6.xml
----------------- Instantiating /home/travis/build/icyphy/ptII/ptolemy/domains/continuous/test/auto/ContinuousWithinContinuous6.xml
11 ms. Memory: 328704K Free: 230769K (70%)
----------------- Invoking toplevel() on ptolemy.moml.MoMLSimpleApplication@20f86418
----------------- Done invoking toplevel() on ptolemy.moml.MoMLSimpleApplication@20f86418
reloadAllAccessors: .ContinuousWithinContinuous6

===========================================================================================
----------------- testing Tue Jun 25 04:37:41 UTC 2019 /home/travis/build/icyphy/ptII/ptolemy/domains/continuous/test/auto/ContinuousWithinContinuous7.xml
----------------- Instantiating /home/travis/build/icyphy/ptII/ptolemy/domains/continuous/test/auto/ContinuousWithinContinuous7.xml
58 ms. Memory: 328704K Free: 219505K (67%)
----------------- Invoking toplevel() on ptolemy.moml.MoMLSimpleApplication@4d8b3624
----------------- Done invoking toplevel() on ptolemy.moml.MoMLSimpleApplication@4d8b3624
reloadAllAccessors: .ContinuousWithinContinuous7

===========================================================================================
----------------- testing Tue Jun 25 04:37:41 UTC 2019 /home/travis/build/icyphy/ptII/ptolemy/domains/continuous/test/auto/DCMotor.xml
----------------- Instantiating /home/travis/build/icyphy/ptII/ptolemy/domains/continuous/test/auto/DCMotor.xml
14326 ms. Memory: 328704K Free: 275165K (84%)
----------------- Invoking toplevel() on ptolemy.moml.MoMLSimpleApplication@63de11e6
----------------- Done invoking toplevel() on ptolemy.moml.MoMLSimpleApplication@63de11e6
reloadAllAccessors: .DCMotor

===========================================================================================
----------------- testing Tue Jun 25 04:37:56 UTC 2019 /home/travis/build/icyphy/ptII/ptolemy/domains/continuous/test/auto/DEInContinuous.xml
----------------- Instantiating /home/travis/build/icyphy/ptII/ptolemy/domains/continuous/test/auto/DEInContinuous.xml
19 ms. Memory: 328704K Free: 269021K (82%)
----------------- Invoking toplevel() on ptolemy.moml.MoMLSimpleApplication@16790755
----------------- Done invoking toplevel() on ptolemy.moml.MoMLSimpleApplication@16790755
reloadAllAccessors: .DEInContinuous

===========================================================================================
----------------- testing Tue Jun 25 04:37:56 UTC 2019 /home/travis/build/icyphy/ptII/ptolemy/domains/continuous/test/auto/DEinContinuous2.xml
----------------- Instantiating /home/travis/build/icyphy/ptII/ptolemy/domains/continuous/test/auto/DEinContinuous2.xml
11 ms. Memory: 328704K Free: 261325K (80%)
----------------- Invoking toplevel() on ptolemy.moml.MoMLSimpleApplication@2b5aca9b
----------------- Done invoking toplevel() on ptolemy.moml.MoMLSimpleApplication@2b5aca9b
reloadAllAccessors: .DEinContinuous2

===========================================================================================
----------------- testing Tue Jun 25 04:37:56 UTC 2019 /home/travis/build/icyphy/ptII/ptolemy/domains/continuous/test/auto/Derivative.xml
----------------- Instantiating /home/travis/build/icyphy/ptII/ptolemy/domains/continuous/test/auto/Derivative.xml
183 ms. Memory: 328704K Free: 231643K (70%)
----------------- Invoking toplevel() on ptolemy.moml.MoMLSimpleApplication@53d79a88
----------------- Done invoking toplevel() on ptolemy.moml.MoMLSimpleApplication@53d79a88
reloadAllAccessors: .Derivative2

===========================================================================================
----------------- testing Tue Jun 25 04:37:56 UTC 2019 /home/travis/build/icyphy/ptII/ptolemy/domains/continuous/test/auto/Derivative1.xml
----------------- Instantiating /home/travis/build/icyphy/ptII/ptolemy/domains/continuous/test/auto/Derivative1.xml
28 ms. Memory: 328704K Free: 217821K (66%)
----------------- Invoking toplevel() on ptolemy.moml.MoMLSimpleApplication@21163813
----------------- Done invoking toplevel() on ptolemy.moml.MoMLSimpleApplication@21163813
reloadAllAccessors: .Derivative1

===========================================================================================
----------------- testing Tue Jun 25 04:37:56 UTC 2019 /home/travis/build/icyphy/ptII/ptolemy/domains/continuous/test/auto/DiscreteClock.xml
----------------- Instantiating /home/travis/build/icyphy/ptII/ptolemy/domains/continuous/test/auto/DiscreteClock.xml
4 ms. Memory: 328704K Free: 212187K (65%)
----------------- Invoking toplevel() on ptolemy.moml.MoMLSimpleApplication@4d6bbbdd
----------------- Done invoking toplevel() on ptolemy.moml.MoMLSimpleApplication@4d6bbbdd
reloadAllAccessors: .DiscreteClock

===========================================================================================
----------------- testing Tue Jun 25 04:37:56 UTC 2019 /home/travis/build/icyphy/ptII/ptolemy/domains/continuous/test/auto/EfficiencyCurve.xml
----------------- Instantiating /home/travis/build/icyphy/ptII/ptolemy/domains/continuous/test/auto/EfficiencyCurve.xml
84 ms. Memory: 328704K Free: 202971K (62%)
----------------- Invoking toplevel() on ptolemy.moml.MoMLSimpleApplication@4b9f76df
----------------- Done invoking toplevel() on ptolemy.moml.MoMLSimpleApplication@4b9f76df
reloadAllAccessors: .EfficiencyCurve

===========================================================================================
----------------- testing Tue Jun 25 04:37:56 UTC 2019 /home/travis/build/icyphy/ptII/ptolemy/domains/continuous/test/auto/ExponentialResponse.xml
----------------- Instantiating /home/travis/build/icyphy/ptII/ptolemy/domains/continuous/test/auto/ExponentialResponse.xml
115 ms. Memory: 328704K Free: 187101K (57%)
----------------- Invoking toplevel() on ptolemy.moml.MoMLSimpleApplication@33fcb961
----------------- Done invoking toplevel() on ptolemy.moml.MoMLSimpleApplication@33fcb961
reloadAllAccessors: .ExponentialResponse

===========================================================================================
----------------- testing Tue Jun 25 04:37:56 UTC 2019 /home/travis/build/icyphy/ptII/ptolemy/domains/continuous/test/auto/ExponentialResponseRK45.xml
----------------- Instantiating /home/travis/build/icyphy/ptII/ptolemy/domains/continuous/test/auto/ExponentialResponseRK45.xml
28 ms. Memory: 328704K Free: 180443K (55%)
----------------- Invoking toplevel() on ptolemy.moml.MoMLSimpleApplication@1a857d7
----------------- Done invoking toplevel() on ptolemy.moml.MoMLSimpleApplication@1a857d7
reloadAllAccessors: .ExponentialResponseRK45

===========================================================================================
----------------- testing Tue Jun 25 04:37:56 UTC 2019 /home/travis/build/icyphy/ptII/ptolemy/domains/continuous/test/auto/Friction.xml
----------------- Instantiating /home/travis/build/icyphy/ptII/ptolemy/domains/continuous/test/auto/Friction.xml
1549 ms. Memory: 328704K Free: 141371K (43%)
----------------- Invoking toplevel() on ptolemy.moml.MoMLSimpleApplication@25c2be57
----------------- Done invoking toplevel() on ptolemy.moml.MoMLSimpleApplication@25c2be57
reloadAllAccessors: .Friction

===========================================================================================
----------------- testing Tue Jun 25 04:37:58 UTC 2019 /home/travis/build/icyphy/ptII/ptolemy/domains/continuous/test/auto/FurutaPendulum.xml
----------------- Instantiating /home/travis/build/icyphy/ptII/ptolemy/domains/continuous/test/auto/FurutaPendulum.xml
3657 ms. Memory: 328704K Free: 223699K (68%)
----------------- Invoking toplevel() on ptolemy.moml.MoMLSimpleApplication@66c0eb5f
----------------- Done invoking toplevel() on ptolemy.moml.MoMLSimpleApplication@66c0eb5f
reloadAllAccessors: .FurutaPendulum

===========================================================================================
----------------- testing Tue Jun 25 04:38:02 UTC 2019 /home/travis/build/icyphy/ptII/ptolemy/domains/continuous/test/auto/HierarchicalExecution.xml
----------------- Instantiating /home/travis/build/icyphy/ptII/ptolemy/domains/continuous/test/auto/HierarchicalExecution.xml
2025 ms. Memory: 328704K Free: 133701K (41%)
----------------- Invoking toplevel() on ptolemy.moml.MoMLSimpleApplication@3d45a45e
----------------- Done invoking toplevel() on ptolemy.moml.MoMLSimpleApplication@3d45a45e
reloadAllAccessors: .HierarchicalExecution

===========================================================================================
----------------- testing Tue Jun 25 04:38:04 UTC 2019 /home/travis/build/icyphy/ptII/ptolemy/domains/continuous/test/auto/HybridPlant.xml
----------------- Instantiating /home/travis/build/icyphy/ptII/ptolemy/domains/continuous/test/auto/HybridPlant.xml
551 ms. Memory: 328704K Free: 259298K (79%)
----------------- Invoking toplevel() on ptolemy.moml.MoMLSimpleApplication@27f792c1
----------------- Done invoking toplevel() on ptolemy.moml.MoMLSimpleApplication@27f792c1
reloadAllAccessors: .HybridPlant

===========================================================================================
----------------- testing Tue Jun 25 04:38:05 UTC 2019 /home/travis/build/icyphy/ptII/ptolemy/domains/continuous/test/auto/Hysteresis.xml
----------------- Instantiating /home/travis/build/icyphy/ptII/ptolemy/domains/continuous/test/auto/Hysteresis.xml
140 ms. Memory: 328704K Free: 197348K (60%)
----------------- Invoking toplevel() on ptolemy.moml.MoMLSimpleApplication@195fb751
----------------- Done invoking toplevel() on ptolemy.moml.MoMLSimpleApplication@195fb751
reloadAllAccessors: .Hysteresis

===========================================================================================
----------------- testing Tue Jun 25 04:38:05 UTC 2019 /home/travis/build/icyphy/ptII/ptolemy/domains/continuous/test/auto/HysteresisWithRandomDelay.xml
----------------- Instantiating /home/travis/build/icyphy/ptII/ptolemy/domains/continuous/test/auto/HysteresisWithRandomDelay.xml
186 ms. Memory: 328704K Free: 125668K (38%)
----------------- Invoking toplevel() on ptolemy.moml.MoMLSimpleApplication@586d0989
----------------- Done invoking toplevel() on ptolemy.moml.MoMLSimpleApplication@586d0989
reloadAllAccessors: .HysteresisWithRandomDelay

===========================================================================================
----------------- testing Tue Jun 25 04:38:05 UTC 2019 /home/travis/build/icyphy/ptII/ptolemy/domains/continuous/test/auto/HysteresisWithRandomLosses.xml
----------------- Instantiating /home/travis/build/icyphy/ptII/ptolemy/domains/continuous/test/auto/HysteresisWithRandomLosses.xml
2499 ms. Memory: 395264K Free: 274568K (69%)
----------------- Invoking toplevel() on ptolemy.moml.MoMLSimpleApplication@4d5f124d
----------------- Done invoking toplevel() on ptolemy.moml.MoMLSimpleApplication@4d5f124d
reloadAllAccessors: .HysteresisWithRandomLosses

===========================================================================================
----------------- testing Tue Jun 25 04:38:08 UTC 2019 /home/travis/build/icyphy/ptII/ptolemy/domains/continuous/test/auto/ImmediateTransitions.xml
----------------- Instantiating /home/travis/build/icyphy/ptII/ptolemy/domains/continuous/test/auto/ImmediateTransitions.xml
10 ms. Memory: 395264K Free: 263784K (67%)
----------------- Invoking toplevel() on ptolemy.moml.MoMLSimpleApplication@5bfbc797
----------------- Done invoking toplevel() on ptolemy.moml.MoMLSimpleApplication@5bfbc797
reloadAllAccessors: .ImmediateTransitions

===========================================================================================
----------------- testing Tue Jun 25 04:38:08 UTC 2019 /home/travis/build/icyphy/ptII/ptolemy/domains/continuous/test/auto/ImpulseFeedback.xml
----------------- Instantiating /home/travis/build/icyphy/ptII/ptolemy/domains/continuous/test/auto/ImpulseFeedback.xml
9 ms. Memory: 395264K Free: 257670K (65%)
----------------- Invoking toplevel() on ptolemy.moml.MoMLSimpleApplication@14d945b5
----------------- Done invoking toplevel() on ptolemy.moml.MoMLSimpleApplication@14d945b5
reloadAllAccessors: .ImpulseFeedback

===========================================================================================
----------------- testing Tue Jun 25 04:38:08 UTC 2019 /home/travis/build/icyphy/ptII/ptolemy/domains/continuous/test/auto/ImpulseFeedback2.xml
----------------- Instantiating /home/travis/build/icyphy/ptII/ptolemy/domains/continuous/test/auto/ImpulseFeedback2.xml
6 ms. Memory: 395264K Free: 252040K (64%)
----------------- Invoking toplevel() on ptolemy.moml.MoMLSimpleApplication@3a97bc6
----------------- Done invoking toplevel() on ptolemy.moml.MoMLSimpleApplication@3a97bc6
reloadAllAccessors: .ImpulseFeedback2

===========================================================================================
----------------- testing Tue Jun 25 04:38:08 UTC 2019 /home/travis/build/icyphy/ptII/ptolemy/domains/continuous/test/auto/IncreasingRatePoisson.xml
----------------- Instantiating /home/travis/build/icyphy/ptII/ptolemy/domains/continuous/test/auto/IncreasingRatePoisson.xml
812 ms. Memory: 395264K Free: 165683K (42%)
----------------- Invoking toplevel() on ptolemy.moml.MoMLSimpleApplication@3a0daf83
----------------- Done invoking toplevel() on ptolemy.moml.MoMLSimpleApplication@3a0daf83
reloadAllAccessors: .IncreasingRatePoisson

===========================================================================================
----------------- testing Tue Jun 25 04:38:09 UTC 2019 /home/travis/build/icyphy/ptII/ptolemy/domains/continuous/test/auto/InitialStateFeedback.xml
----------------- Instantiating /home/travis/build/icyphy/ptII/ptolemy/domains/continuous/test/auto/InitialStateFeedback.xml
5 ms. Memory: 395264K Free: 161073K (41%)
----------------- Invoking toplevel() on ptolemy.moml.MoMLSimpleApplication@61ff317
----------------- Done invoking toplevel() on ptolemy.moml.MoMLSimpleApplication@61ff317
reloadAllAccessors: .InitialStateFeedback

===========================================================================================
----------------- testing Tue Jun 25 04:38:09 UTC 2019 /home/travis/build/icyphy/ptII/ptolemy/domains/continuous/test/auto/Integration.xml
----------------- Instantiating /home/travis/build/icyphy/ptII/ptolemy/domains/continuous/test/auto/Integration.xml
1 ms. Memory: 395264K Free: 156977K (40%)
----------------- Invoking toplevel() on ptolemy.moml.MoMLSimpleApplication@5fca4a25
----------------- Done invoking toplevel() on ptolemy.moml.MoMLSimpleApplication@5fca4a25
reloadAllAccessors: .Integration

===========================================================================================
----------------- testing Tue Jun 25 04:38:09 UTC 2019 /home/travis/build/icyphy/ptII/ptolemy/domains/continuous/test/auto/Integration2.xml
----------------- Instantiating /home/travis/build/icyphy/ptII/ptolemy/domains/continuous/test/auto/Integration2.xml
91 ms. Memory: 395264K Free: 378360K (96%)
----------------- Invoking toplevel() on ptolemy.moml.MoMLSimpleApplication@72172c13
----------------- Done invoking toplevel() on ptolemy.moml.MoMLSimpleApplication@72172c13
reloadAllAccessors: .Integration2

===========================================================================================
----------------- testing Tue Jun 25 04:38:09 UTC 2019 /home/travis/build/icyphy/ptII/ptolemy/domains/continuous/test/auto/Integration3.xml
----------------- Instantiating /home/travis/build/icyphy/ptII/ptolemy/domains/continuous/test/auto/Integration3.xml
2 ms. Memory: 395264K Free: 373404K (94%)
----------------- Invoking toplevel() on ptolemy.moml.MoMLSimpleApplication@411001fe
----------------- Done invoking toplevel() on ptolemy.moml.MoMLSimpleApplication@411001fe
reloadAllAccessors: .Integration3

===========================================================================================
----------------- testing Tue Jun 25 04:38:09 UTC 2019 /home/travis/build/icyphy/ptII/ptolemy/domains/continuous/test/auto/Integration5.xml
----------------- Instantiating /home/travis/build/icyphy/ptII/ptolemy/domains/continuous/test/auto/Integration5.xml
3 ms. Memory: 395264K Free: 369308K (93%)
----------------- Invoking toplevel() on ptolemy.moml.MoMLSimpleApplication@5db770d1
----------------- Done invoking toplevel() on ptolemy.moml.MoMLSimpleApplication@5db770d1
reloadAllAccessors: .Integration5

===========================================================================================
----------------- testing Tue Jun 25 04:38:09 UTC 2019 /home/travis/build/icyphy/ptII/ptolemy/domains/continuous/test/auto/IntegratorImpulse.xml
----------------- Instantiating /home/travis/build/icyphy/ptII/ptolemy/domains/continuous/test/auto/IntegratorImpulse.xml
3 ms. Memory: 395264K Free: 365198K (92%)
----------------- Invoking toplevel() on ptolemy.moml.MoMLSimpleApplication@5657aae7
----------------- Done invoking toplevel() on ptolemy.moml.MoMLSimpleApplication@5657aae7
reloadAllAccessors: .IntegratorImpulse

===========================================================================================
----------------- testing Tue Jun 25 04:38:09 UTC 2019 /home/travis/build/icyphy/ptII/ptolemy/domains/continuous/test/auto/IntegratorImpulse2.xml
----------------- Instantiating /home/travis/build/icyphy/ptII/ptolemy/domains/continuous/test/auto/IntegratorImpulse2.xml
4 ms. Memory: 395264K Free: 360606K (91%)
----------------- Invoking toplevel() on ptolemy.moml.MoMLSimpleApplication@3907c36a
----------------- Done invoking toplevel() on ptolemy.moml.MoMLSimpleApplication@3907c36a
reloadAllAccessors: .IntegratorImpulse2

===========================================================================================
----------------- testing Tue Jun 25 04:38:09 UTC 2019 /home/travis/build/icyphy/ptII/ptolemy/domains/continuous/test/auto/LevelCrossing1.xml
----------------- Instantiating /home/travis/build/icyphy/ptII/ptolemy/domains/continuous/test/auto/LevelCrossing1.xml
3 ms. Memory: 395264K Free: 355486K (90%)
----------------- Invoking toplevel() on ptolemy.moml.MoMLSimpleApplication@e938a45
----------------- Done invoking toplevel() on ptolemy.moml.MoMLSimpleApplication@e938a45
reloadAllAccessors: .LevelCrossing1

===========================================================================================
----------------- testing Tue Jun 25 04:38:09 UTC 2019 /home/travis/build/icyphy/ptII/ptolemy/domains/continuous/test/auto/LevelCrossing2.xml
----------------- Instantiating /home/travis/build/icyphy/ptII/ptolemy/domains/continuous/test/auto/LevelCrossing2.xml
3 ms. Memory: 395264K Free: 350366K (89%)
----------------- Invoking toplevel() on ptolemy.moml.MoMLSimpleApplication@2b920047
----------------- Done invoking toplevel() on ptolemy.moml.MoMLSimpleApplication@2b920047
reloadAllAccessors: .LevelCrossing2

===========================================================================================
----------------- testing Tue Jun 25 04:38:09 UTC 2019 /home/travis/build/icyphy/ptII/ptolemy/domains/continuous/test/auto/LevelCrossing3.xml
----------------- Instantiating /home/travis/build/icyphy/ptII/ptolemy/domains/continuous/test/auto/LevelCrossing3.xml
5 ms. Memory: 395264K Free: 345246K (87%)
----------------- Invoking toplevel() on ptolemy.moml.MoMLSimpleApplication@2afeefa2
----------------- Done invoking toplevel() on ptolemy.moml.MoMLSimpleApplication@2afeefa2
reloadAllAccessors: .LevelCrossing3

===========================================================================================
----------------- testing Tue Jun 25 04:38:09 UTC 2019 /home/travis/build/icyphy/ptII/ptolemy/domains/continuous/test/auto/LevelCrossing4.xml
----------------- Instantiating /home/travis/build/icyphy/ptII/ptolemy/domains/continuous/test/auto/LevelCrossing4.xml
4 ms. Memory: 395264K Free: 340126K (86%)
----------------- Invoking toplevel() on ptolemy.moml.MoMLSimpleApplication@3db45711
----------------- Done invoking toplevel() on ptolemy.moml.MoMLSimpleApplication@3db45711
reloadAllAccessors: .LevelCrossing4

===========================================================================================
----------------- testing Tue Jun 25 04:38:09 UTC 2019 /home/travis/build/icyphy/ptII/ptolemy/domains/continuous/test/auto/LevelCrossing5.xml
----------------- Instantiating /home/travis/build/icyphy/ptII/ptolemy/domains/continuous/test/auto/LevelCrossing5.xml
3 ms. Memory: 395264K Free: 335006K (85%)
----------------- Invoking toplevel() on ptolemy.moml.MoMLSimpleApplication@566114bf
----------------- Done invoking toplevel() on ptolemy.moml.MoMLSimpleApplication@566114bf
reloadAllAccessors: .LevelCrossing5

===========================================================================================
[...]
reloadAllAccessors: .ResetTransitionWithStartTime6

===========================================================================================
----------------- testing Tue Jun 25 04:38:27 UTC 2019 /home/travis/build/icyphy/ptII/ptolemy/domains/continuous/test/auto/SRinContinuous.xml
----------------- Instantiating /home/travis/build/icyphy/ptII/ptolemy/domains/continuous/test/auto/SRinContinuous.xml
6 ms. Memory: 395264K Free: 196337K (50%)
----------------- Invoking toplevel() on ptolemy.moml.MoMLSimpleApplication@4c5bfed9
----------------- Done invoking toplevel() on ptolemy.moml.MoMLSimpleApplication@4c5bfed9
reloadAllAccessors: .SRinContinuous

===========================================================================================
----------------- testing Tue Jun 25 04:38:27 UTC 2019 /home/travis/build/icyphy/ptII/ptolemy/domains/continuous/test/auto/SampledClocks.xml
----------------- Instantiating /home/travis/build/icyphy/ptII/ptolemy/domains/continuous/test/auto/SampledClocks.xml
9 ms. Memory: 395264K Free: 183539K (46%)
----------------- Invoking toplevel() on ptolemy.moml.MoMLSimpleApplication@6fadda18
----------------- Done invoking toplevel() on ptolemy.moml.MoMLSimpleApplication@6fadda18
reloadAllAccessors: .SampledClocks

===========================================================================================
----------------- testing Tue Jun 25 04:38:27 UTC 2019 /home/travis/build/icyphy/ptII/ptolemy/domains/continuous/test/auto/Satellite.xml
----------------- Instantiating /home/travis/build/icyphy/ptII/ptolemy/domains/continuous/test/auto/Satellite.xml
994 ms. Memory: 395264K Free: 224107K (57%)
----------------- Invoking toplevel() on ptolemy.moml.MoMLSimpleApplication@31ca050b
----------------- Done invoking toplevel() on ptolemy.moml.MoMLSimpleApplication@31ca050b
reloadAllAccessors: .Satellite

===========================================================================================
----------------- testing Tue Jun 25 04:38:28 UTC 2019 /home/travis/build/icyphy/ptII/ptolemy/domains/continuous/test/auto/SigmaDelta.xml
----------------- Instantiating /home/travis/build/icyphy/ptII/ptolemy/domains/continuous/test/auto/SigmaDelta.xml
2414 ms. Memory: 395264K Free: 190445K (48%)
----------------- Invoking toplevel() on ptolemy.moml.MoMLSimpleApplication@177664ea
----------------- Done invoking toplevel() on ptolemy.moml.MoMLSimpleApplication@177664ea
reloadAllAccessors: .SigmaDelta

===========================================================================================
----------------- testing Tue Jun 25 04:38:31 UTC 2019 /home/travis/build/icyphy/ptII/ptolemy/domains/continuous/test/auto/SingleRefinement.xml
----------------- Instantiating /home/travis/build/icyphy/ptII/ptolemy/domains/continuous/test/auto/SingleRefinement.xml
318 ms. Memory: 395264K Free: 241263K (61%)
----------------- Invoking toplevel() on ptolemy.moml.MoMLSimpleApplication@381bca51
----------------- Done invoking toplevel() on ptolemy.moml.MoMLSimpleApplication@381bca51
reloadAllAccessors: .SingleRefinement

===========================================================================================
----------------- testing Tue Jun 25 04:38:31 UTC 2019 /home/travis/build/icyphy/ptII/ptolemy/domains/continuous/test/auto/SinuBouncingBall.xml
----------------- Instantiating /home/travis/build/icyphy/ptII/ptolemy/domains/continuous/test/auto/SinuBouncingBall.xml
810 ms. Memory: 395264K Free: 257978K (65%)
----------------- Invoking toplevel() on ptolemy.moml.MoMLSimpleApplication@376dfa1c
----------------- Done invoking toplevel() on ptolemy.moml.MoMLSimpleApplication@376dfa1c
reloadAllAccessors: .SinuBouncingBall

===========================================================================================
----------------- testing Tue Jun 25 04:38:32 UTC 2019 /home/travis/build/icyphy/ptII/ptolemy/domains/continuous/test/auto/Sinusoid.xml
----------------- Instantiating /home/travis/build/icyphy/ptII/ptolemy/domains/continuous/test/auto/Sinusoid.xml
4 ms. Memory: 395264K Free: 253372K (64%)
----------------- Invoking toplevel() on ptolemy.moml.MoMLSimpleApplication@70fc782c
----------------- Done invoking toplevel() on ptolemy.moml.MoMLSimpleApplication@70fc782c
reloadAllAccessors: .Sinusoid

===========================================================================================
----------------- testing Tue Jun 25 04:38:32 UTC 2019 /home/travis/build/icyphy/ptII/ptolemy/domains/continuous/test/auto/SinusoidInNoise.xml
----------------- Instantiating /home/travis/build/icyphy/ptII/ptolemy/domains/continuous/test/auto/SinusoidInNoise.xml
1060 ms. Memory: 395264K Free: 351132K (89%)
----------------- Invoking toplevel() on ptolemy.moml.MoMLSimpleApplication@26f6499e
----------------- Done invoking toplevel() on ptolemy.moml.MoMLSimpleApplication@26f6499e
reloadAllAccessors: .SinusoidInNoise

===========================================================================================
----------------- testing Tue Jun 25 04:38:33 UTC 2019 /home/travis/build/icyphy/ptII/ptolemy/domains/continuous/test/auto/SinusoidRK45.xml
----------------- Instantiating /home/travis/build/icyphy/ptII/ptolemy/domains/continuous/test/auto/SinusoidRK45.xml
2 ms. Memory: 395264K Free: 346492K (88%)
----------------- Invoking toplevel() on ptolemy.moml.MoMLSimpleApplication@375cc970
----------------- Done invoking toplevel() on ptolemy.moml.MoMLSimpleApplication@375cc970
reloadAllAccessors: .SinusoidRK45

===========================================================================================
----------------- testing Tue Jun 25 04:38:33 UTC 2019 /home/travis/build/icyphy/ptII/ptolemy/domains/continuous/test/auto/SinusoidWithMultipleImpulses.xml
----------------- Instantiating /home/travis/build/icyphy/ptII/ptolemy/domains/continuous/test/auto/SinusoidWithMultipleImpulses.xml
3 ms. Memory: 395264K Free: 341916K (87%)
----------------- Invoking toplevel() on ptolemy.moml.MoMLSimpleApplication@391f91b8
----------------- Done invoking toplevel() on ptolemy.moml.MoMLSimpleApplication@391f91b8
reloadAllAccessors: .SinusoidWithMultipleImpulses

===========================================================================================
----------------- testing Tue Jun 25 04:38:33 UTC 2019 /home/travis/build/icyphy/ptII/ptolemy/domains/continuous/test/auto/SquareWave.xml
----------------- Instantiating /home/travis/build/icyphy/ptII/ptolemy/domains/continuous/test/auto/SquareWave.xml
174 ms. Memory: 395264K Free: 314268K (80%)
----------------- Invoking toplevel() on ptolemy.moml.MoMLSimpleApplication@7bb9c85
----------------- Done invoking toplevel() on ptolemy.moml.MoMLSimpleApplication@7bb9c85
reloadAllAccessors: .SquareWave

===========================================================================================
----------------- testing Tue Jun 25 04:38:34 UTC 2019 /home/travis/build/icyphy/ptII/ptolemy/domains/continuous/test/auto/Starmac.xml
----------------- Instantiating /home/travis/build/icyphy/ptII/ptolemy/domains/continuous/test/auto/Starmac.xml
3092 ms. Memory: 395264K Free: 233136K (59%)
----------------- Invoking toplevel() on ptolemy.moml.MoMLSimpleApplication@701c9b72
----------------- Done invoking toplevel() on ptolemy.moml.MoMLSimpleApplication@701c9b72
reloadAllAccessors: .Starmac

===========================================================================================
----------------- testing Tue Jun 25 04:38:37 UTC 2019 /home/travis/build/icyphy/ptII/ptolemy/domains/continuous/test/auto/StaticUnits.xml
----------------- Instantiating /home/travis/build/icyphy/ptII/ptolemy/domains/continuous/test/auto/StaticUnits.xml
2174 ms. Memory: 395264K Free: 237636K (60%)
----------------- Invoking toplevel() on ptolemy.moml.MoMLSimpleApplication@45f09eff
----------------- Done invoking toplevel() on ptolemy.moml.MoMLSimpleApplication@45f09eff
reloadAllAccessors: .StaticUnits

===========================================================================================
----------------- testing Tue Jun 25 04:38:40 UTC 2019 /home/travis/build/icyphy/ptII/ptolemy/domains/continuous/test/auto/StickyMasses.xml
----------------- Instantiating /home/travis/build/icyphy/ptII/ptolemy/domains/continuous/test/auto/StickyMasses.xml
140 ms. Memory: 395264K Free: 187460K (47%)
----------------- Invoking toplevel() on ptolemy.moml.MoMLSimpleApplication@31f6fe34
----------------- Done invoking toplevel() on ptolemy.moml.MoMLSimpleApplication@31f6fe34
reloadAllAccessors: .StickyMasses

===========================================================================================
----------------- testing Tue Jun 25 04:38:40 UTC 2019 /home/travis/build/icyphy/ptII/ptolemy/domains/continuous/test/auto/StopTime.xml
----------------- Instantiating /home/travis/build/icyphy/ptII/ptolemy/domains/continuous/test/auto/StopTime.xml
44 ms. Memory: 395264K Free: 162374K (41%)
----------------- Invoking toplevel() on ptolemy.moml.MoMLSimpleApplication@3e2aac2e
----------------- Done invoking toplevel() on ptolemy.moml.MoMLSimpleApplication@3e2aac2e
reloadAllAccessors: .StopTime

===========================================================================================
----------------- testing Tue Jun 25 04:38:40 UTC 2019 /home/travis/build/icyphy/ptII/ptolemy/domains/continuous/test/auto/StopTime2.xml
----------------- Instantiating /home/travis/build/icyphy/ptII/ptolemy/domains/continuous/test/auto/StopTime2.xml
49 ms. Memory: 395264K Free: 371399K (94%)
----------------- Invoking toplevel() on ptolemy.moml.MoMLSimpleApplication@6a0f3c90
----------------- Done invoking toplevel() on ptolemy.moml.MoMLSimpleApplication@6a0f3c90
reloadAllAccessors: .StopTime2

===========================================================================================
----------------- testing Tue Jun 25 04:38:40 UTC 2019 /home/travis/build/icyphy/ptII/ptolemy/domains/continuous/test/auto/Switch.xml
----------------- Instantiating /home/travis/build/icyphy/ptII/ptolemy/domains/continuous/test/auto/Switch.xml
42 ms. Memory: 395264K Free: 346175K (88%)
----------------- Invoking toplevel() on ptolemy.moml.MoMLSimpleApplication@189b67d7
----------------- Done invoking toplevel() on ptolemy.moml.MoMLSimpleApplication@189b67d7
reloadAllAccessors: .Switch

===========================================================================================
----------------- testing Tue Jun 25 04:38:40 UTC 2019 /home/travis/build/icyphy/ptII/ptolemy/domains/continuous/test/auto/Thermostat.xml
----------------- Instantiating /home/travis/build/icyphy/ptII/ptolemy/domains/continuous/test/auto/Thermostat.xml
178 ms. Memory: 395264K Free: 273981K (69%)
----------------- Invoking toplevel() on ptolemy.moml.MoMLSimpleApplication@6296ed8a
----------------- Done invoking toplevel() on ptolemy.moml.MoMLSimpleApplication@6296ed8a
reloadAllAccessors: .Thermostat

===========================================================================================
----------------- testing Tue Jun 25 04:38:40 UTC 2019 /home/travis/build/icyphy/ptII/ptolemy/domains/continuous/test/auto/TimeDelay.xml
----------------- Instantiating /home/travis/build/icyphy/ptII/ptolemy/domains/continuous/test/auto/TimeDelay.xml
5 ms. Memory: 395264K Free: 268831K (68%)
----------------- Invoking toplevel() on ptolemy.moml.MoMLSimpleApplication@6cfe7dd
----------------- Done invoking toplevel() on ptolemy.moml.MoMLSimpleApplication@6cfe7dd
reloadAllAccessors: .TimeDelay

===========================================================================================
----------------- testing Tue Jun 25 04:38:41 UTC 2019 /home/travis/build/icyphy/ptII/ptolemy/domains/continuous/test/auto/TimeDelay2.xml
----------------- Instantiating /home/travis/build/icyphy/ptII/ptolemy/domains/continuous/test/auto/TimeDelay2.xml
11 ms. Memory: 395264K Free: 258621K (65%)
----------------- Invoking toplevel() on ptolemy.moml.MoMLSimpleApplication@1bc5bf95
----------------- Done invoking toplevel() on ptolemy.moml.MoMLSimpleApplication@1bc5bf95
reloadAllAccessors: .TimeDelay2

===========================================================================================
----------------- testing Tue Jun 25 04:38:41 UTC 2019 /home/travis/build/icyphy/ptII/ptolemy/domains/continuous/test/auto/TimeDelay3.xml
----------------- Instantiating /home/travis/build/icyphy/ptII/ptolemy/domains/continuous/test/auto/TimeDelay3.xml
5 ms. Memory: 395264K Free: 254013K (64%)
----------------- Invoking toplevel() on ptolemy.moml.MoMLSimpleApplication@7191ce3b
----------------- Done invoking toplevel() on ptolemy.moml.MoMLSimpleApplication@7191ce3b
reloadAllAccessors: .TimeDelay3

===========================================================================================
----------------- testing Tue Jun 25 04:38:41 UTC 2019 /home/travis/build/icyphy/ptII/ptolemy/domains/continuous/test/auto/TransferAbsentToInside.xml
----------------- Instantiating /home/travis/build/icyphy/ptII/ptolemy/domains/continuous/test/auto/TransferAbsentToInside.xml
29 ms. Memory: 395264K Free: 200767K (51%)
----------------- Invoking toplevel() on ptolemy.moml.MoMLSimpleApplication@297f05c2
----------------- Done invoking toplevel() on ptolemy.moml.MoMLSimpleApplication@297f05c2
reloadAllAccessors: .TransferAbsentToInside

===========================================================================================
----------------- testing Tue Jun 25 04:38:41 UTC 2019 /home/travis/build/icyphy/ptII/ptolemy/domains/continuous/test/auto/Transmission.xml
----------------- Instantiating /home/travis/build/icyphy/ptII/ptolemy/domains/continuous/test/auto/Transmission.xml
774 ms. Memory: 395264K Free: 199741K (51%)
----------------- Invoking toplevel() on ptolemy.moml.MoMLSimpleApplication@4403fb8a
----------------- Done invoking toplevel() on ptolemy.moml.MoMLSimpleApplication@4403fb8a
reloadAllAccessors: .Transmission

===========================================================================================
----------------- testing Tue Jun 25 04:38:41 UTC 2019 /home/travis/build/icyphy/ptII/ptolemy/domains/continuous/test/auto/TriggeredContinuousClock.xml
----------------- Instantiating /home/travis/build/icyphy/ptII/ptolemy/domains/continuous/test/auto/TriggeredContinuousClock.xml
41 ms. Memory: 395264K Free: 170045K (43%)
----------------- Invoking toplevel() on ptolemy.moml.MoMLSimpleApplication@6936e41b
----------------- Done invoking toplevel() on ptolemy.moml.MoMLSimpleApplication@6936e41b
reloadAllAccessors: .TriggeredContinuousClock

===========================================================================================
----------------- testing Tue Jun 25 04:38:42 UTC 2019 /home/travis/build/icyphy/ptII/ptolemy/domains/continuous/test/auto/TwoMachineInfiniteBusControl.xml
----------------- Instantiating /home/travis/build/icyphy/ptII/ptolemy/domains/continuous/test/auto/TwoMachineInfiniteBusControl.xml
2895 ms. Memory: 395264K Free: 291802K (74%)
----------------- Invoking toplevel() on ptolemy.moml.MoMLSimpleApplication@63cc3fd8
----------------- Done invoking toplevel() on ptolemy.moml.MoMLSimpleApplication@63cc3fd8
reloadAllAccessors: .TwoMachineInfiniteBusControl

===========================================================================================
----------------- testing Tue Jun 25 04:38:45 UTC 2019 /home/travis/build/icyphy/ptII/ptolemy/domains/continuous/test/auto/V2V.xml
----------------- Instantiating /home/travis/build/icyphy/ptII/ptolemy/domains/continuous/test/auto/V2V.xml
871 ms. Memory: 395264K Free: 334800K (85%)
----------------- Invoking toplevel() on ptolemy.moml.MoMLSimpleApplication@2d350491
----------------- Done invoking toplevel() on ptolemy.moml.MoMLSimpleApplication@2d350491
reloadAllAccessors: .V2V

===========================================================================================
----------------- testing Tue Jun 25 04:38:46 UTC 2019 /home/travis/build/icyphy/ptII/ptolemy/domains/continuous/test/auto/hierarchicalModalModel.xml
----------------- Instantiating /home/travis/build/icyphy/ptII/ptolemy/domains/continuous/test/auto/hierarchicalModalModel.xml
8 ms. Memory: 395264K Free: 319919K (81%)
----------------- Invoking toplevel() on ptolemy.moml.MoMLSimpleApplication@38604a8e
----------------- Done invoking toplevel() on ptolemy.moml.MoMLSimpleApplication@38604a8e
reloadAllAccessors: .hierarchicalModalModel

===========================================================================================
----------------- testing Tue Jun 25 04:38:46 UTC 2019 /home/travis/build/icyphy/ptII/ptolemy/domains/continuous/test/auto/hierarchicalModalModel1.xml
----------------- Instantiating /home/travis/build/icyphy/ptII/ptolemy/domains/continuous/test/auto/hierarchicalModalModel1.xml
8 ms. Memory: 395264K Free: 305614K (77%)
----------------- Invoking toplevel() on ptolemy.moml.MoMLSimpleApplication@33b14955
----------------- Done invoking toplevel() on ptolemy.moml.MoMLSimpleApplication@33b14955
reloadAllAccessors: .hierarchicalModalModel1

===========================================================================================
----------------- testing Tue Jun 25 04:38:46 UTC 2019 /home/travis/build/icyphy/ptII/ptolemy/domains/continuous/test/auto/hierarchicalModalModel2.xml
----------------- Instantiating /home/travis/build/icyphy/ptII/ptolemy/domains/continuous/test/auto/hierarchicalModalModel2.xml
6 ms. Memory: 395264K Free: 293311K (74%)
----------------- Invoking toplevel() on ptolemy.moml.MoMLSimpleApplication@7e75b080
----------------- Done invoking toplevel() on ptolemy.moml.MoMLSimpleApplication@7e75b080
reloadAllAccessors: .hierarchicalModalModel2

===========================================================================================
----------------- testing Tue Jun 25 04:38:46 UTC 2019 /home/travis/build/icyphy/ptII/ptolemy/domains/continuous/test/auto/hierarchicalModalModel3.xml
----------------- Instantiating /home/travis/build/icyphy/ptII/ptolemy/domains/continuous/test/auto/hierarchicalModalModel3.xml
5 ms. Memory: 395264K Free: 282576K (71%)
----------------- Invoking toplevel() on ptolemy.moml.MoMLSimpleApplication@7e476c32
----------------- Done invoking toplevel() on ptolemy.moml.MoMLSimpleApplication@7e476c32
reloadAllAccessors: .hierarchicalModalModel3

===========================================================================================
----------------- testing Tue Jun 25 04:38:46 UTC 2019 /home/travis/build/icyphy/ptII/ptolemy/domains/continuous/test/auto/hierarchicalModalModel4.xml
----------------- Instantiating /home/travis/build/icyphy/ptII/ptolemy/domains/continuous/test/auto/hierarchicalModalModel4.xml
9 ms. Memory: 395264K Free: 270798K (69%)
----------------- Invoking toplevel() on ptolemy.moml.MoMLSimpleApplication@2a419869
----------------- Done invoking toplevel() on ptolemy.moml.MoMLSimpleApplication@2a419869
reloadAllAccessors: .hierarchicalModalModel4

===========================================================================================
----------------- testing Tue Jun 25 04:38:46 UTC 2019 /home/travis/build/icyphy/ptII/ptolemy/domains/continuous/test/auto/junk.xml
----------------- Instantiating /home/travis/build/icyphy/ptII/ptolemy/domains/continuous/test/auto/junk.xml
139 ms. Memory: 395264K Free: 245712K (62%)
----------------- Invoking toplevel() on ptolemy.moml.MoMLSimpleApplication@4418f95
----------------- Done invoking toplevel() on ptolemy.moml.MoMLSimpleApplication@4418f95
reloadAllAccessors: .junk
AutoTests.java: About to close Vertx.
AutoTests.java: Vertx closed.
]]></system-out>
  <system-err><![CDATA[Warning: '.HysteresisWithRandomDelay.NonStrictTest3' The test produced only 20 tokens, yet the correctValues parameter was expecting 30 tokens.
Warning: '.Poisson.NonStrictTest' The test produced only 399 tokens, yet the correctValues parameter was expecting 430 tokens.
]]></system-err>
</testsuite>
