<?xml version="1.0" encoding="UTF-8" ?>
<testsuite errors="0" failures="0" hostname="travis-job-c03591fb-fd09-499f-a5d4-07cda1c6361b" name="ptolemy.actor.lib.hoc.test.junit.JUnitTclTest" skipped="0" tests="58" time="32.72" timestamp="2019-06-24T04:41:31">
  <properties>
[...]
</properties>
  <testcase classname="ptolemy.util.test.junit.TclTests" name="[0] /home/travis/build/icyphy/ptII/ptolemy/actor/lib/hoc/test/IterateOverArray.tcl (RunTclFile)" time="0.291" />
  <testcase classname="ptolemy.util.test.junit.AutoKnownFailedTests" name="[0] /home/travis/build/icyphy/ptII/ptolemy/actor/lib/hoc/test/auto/knownFailedTests/PreinitializeMustBeInvokedRunComposite.xml (RunModel)" time="0.459" />
  <testcase classname="ptolemy.util.test.junit.AutoNameArchTests" name="[0] ThereAreNoAutoArchTests (RunModel)" time="0.002" />
  <testcase classname="ptolemy.util.test.junit.AutoTests" name="[0] /home/travis/build/icyphy/ptII/ptolemy/actor/lib/hoc/test/auto/AllToAllMultiInstanceComposite.xml (RunModel)" time="0.382" />
  <testcase classname="ptolemy.util.test.junit.AutoTests" name="[1] /home/travis/build/icyphy/ptII/ptolemy/actor/lib/hoc/test/auto/ApplyFFTTest.xml (RunModel)" time="0.456" />
  <testcase classname="ptolemy.util.test.junit.AutoTests" name="[2] /home/travis/build/icyphy/ptII/ptolemy/actor/lib/hoc/test/auto/ApplyFunction.xml (RunModel)" time="0.061" />
  <testcase classname="ptolemy.util.test.junit.AutoTests" name="[3] /home/travis/build/icyphy/ptII/ptolemy/actor/lib/hoc/test/auto/BackgroundExecution.xml (RunModel)" time="0.706" />
  <testcase classname="ptolemy.util.test.junit.AutoTests" name="[4] /home/travis/build/icyphy/ptII/ptolemy/actor/lib/hoc/test/auto/Case.xml (RunModel)" time="0.063" />
  <testcase classname="ptolemy.util.test.junit.AutoTests" name="[5] /home/travis/build/icyphy/ptII/ptolemy/actor/lib/hoc/test/auto/Case1.xml (RunModel)" time="0.049" />
  <testcase classname="ptolemy.util.test.junit.AutoTests" name="[6] /home/travis/build/icyphy/ptII/ptolemy/actor/lib/hoc/test/auto/Case2.xml (RunModel)" time="0.131" />
  <testcase classname="ptolemy.util.test.junit.AutoTests" name="[7] /home/travis/build/icyphy/ptII/ptolemy/actor/lib/hoc/test/auto/Case3.xml (RunModel)" time="0.04" />
  <testcase classname="ptolemy.util.test.junit.AutoTests" name="[8] /home/travis/build/icyphy/ptII/ptolemy/actor/lib/hoc/test/auto/Case4.xml (RunModel)" time="0.062" />
  <testcase classname="ptolemy.util.test.junit.AutoTests" name="[9] /home/travis/build/icyphy/ptII/ptolemy/actor/lib/hoc/test/auto/Case5.xml (RunModel)" time="0.066" />
  <testcase classname="ptolemy.util.test.junit.AutoTests" name="[10] /home/travis/build/icyphy/ptII/ptolemy/actor/lib/hoc/test/auto/Case6.xml (RunModel)" time="0.082" />
  <testcase classname="ptolemy.util.test.junit.AutoTests" name="[11] /home/travis/build/icyphy/ptII/ptolemy/actor/lib/hoc/test/auto/CaseString2.xml (RunModel)" time="0.073" />
  <testcase classname="ptolemy.util.test.junit.AutoTests" name="[12] /home/travis/build/icyphy/ptII/ptolemy/actor/lib/hoc/test/auto/CatchUpComposite1.xml (RunModel)" time="0.096" />
  <testcase classname="ptolemy.util.test.junit.AutoTests" name="[13] /home/travis/build/icyphy/ptII/ptolemy/actor/lib/hoc/test/auto/CatchUpComposite2.xml (RunModel)" time="0.069" />
  <testcase classname="ptolemy.util.test.junit.AutoTests" name="[14] /home/travis/build/icyphy/ptII/ptolemy/actor/lib/hoc/test/auto/CatchUpComposite3.xml (RunModel)" time="0.066" />
  <testcase classname="ptolemy.util.test.junit.AutoTests" name="[15] /home/travis/build/icyphy/ptII/ptolemy/actor/lib/hoc/test/auto/CatchUpComposite4.xml (RunModel)" time="0.065" />
  <testcase classname="ptolemy.util.test.junit.AutoTests" name="[16] /home/travis/build/icyphy/ptII/ptolemy/actor/lib/hoc/test/auto/CatchUpComposite5.xml (RunModel)" time="0.053" />
  <testcase classname="ptolemy.util.test.junit.AutoTests" name="[17] /home/travis/build/icyphy/ptII/ptolemy/actor/lib/hoc/test/auto/CatchUpComposite6.xml (RunModel)" time="0.162" />
  <testcase classname="ptolemy.util.test.junit.AutoTests" name="[18] /home/travis/build/icyphy/ptII/ptolemy/actor/lib/hoc/test/auto/CatchUpComposite7.xml (RunModel)" time="0.096" />
  <testcase classname="ptolemy.util.test.junit.AutoTests" name="[19] /home/travis/build/icyphy/ptII/ptolemy/actor/lib/hoc/test/auto/ConcurrentExecutionTimeSDF.xml (RunModel)" time="1.714" />
  <testcase classname="ptolemy.util.test.junit.AutoTests" name="[20] /home/travis/build/icyphy/ptII/ptolemy/actor/lib/hoc/test/auto/ConcurrentSleep.xml (RunModel)" time="0.759" />
  <testcase classname="ptolemy.util.test.junit.AutoTests" name="[21] /home/travis/build/icyphy/ptII/ptolemy/actor/lib/hoc/test/auto/DEInPNInRunCompositeActor.xml (RunModel)" time="0.046" />
  <testcase classname="ptolemy.util.test.junit.AutoTests" name="[22] /home/travis/build/icyphy/ptII/ptolemy/actor/lib/hoc/test/auto/DFTSubSetTest.xml (RunModel)" time="0.345" />
  <testcase classname="ptolemy.util.test.junit.AutoTests" name="[23] /home/travis/build/icyphy/ptII/ptolemy/actor/lib/hoc/test/auto/HocDE.xml (RunModel)" time="0.201" />
  <testcase classname="ptolemy.util.test.junit.AutoTests" name="[24] /home/travis/build/icyphy/ptII/ptolemy/actor/lib/hoc/test/auto/IterateOverArray.xml (RunModel)" time="0.038" />
  <testcase classname="ptolemy.util.test.junit.AutoTests" name="[25] /home/travis/build/icyphy/ptII/ptolemy/actor/lib/hoc/test/auto/IterateOverArray10.xml (RunModel)" time="0.017" />
  <testcase classname="ptolemy.util.test.junit.AutoTests" name="[26] /home/travis/build/icyphy/ptII/ptolemy/actor/lib/hoc/test/auto/IterateOverArray11.xml (RunModel)" time="0.02" />
  <testcase classname="ptolemy.util.test.junit.AutoTests" name="[27] /home/travis/build/icyphy/ptII/ptolemy/actor/lib/hoc/test/auto/IterateOverArray12.xml (RunModel)" time="0.045" />
  <testcase classname="ptolemy.util.test.junit.AutoTests" name="[28] /home/travis/build/icyphy/ptII/ptolemy/actor/lib/hoc/test/auto/IterateOverArray13.xml (RunModel)" time="0.136" />
  <testcase classname="ptolemy.util.test.junit.AutoTests" name="[29] /home/travis/build/icyphy/ptII/ptolemy/actor/lib/hoc/test/auto/IterateOverArray14.xml (RunModel)" time="0.149" />
  <testcase classname="ptolemy.util.test.junit.AutoTests" name="[30] /home/travis/build/icyphy/ptII/ptolemy/actor/lib/hoc/test/auto/IterateOverArray2.xml (RunModel)" time="0.032" />
  <testcase classname="ptolemy.util.test.junit.AutoTests" name="[31] /home/travis/build/icyphy/ptII/ptolemy/actor/lib/hoc/test/auto/IterateOverArray3.xml (RunModel)" time="0.04" />
  <testcase classname="ptolemy.util.test.junit.AutoTests" name="[32] /home/travis/build/icyphy/ptII/ptolemy/actor/lib/hoc/test/auto/IterateOverArray4.xml (RunModel)" time="0.033" />
  <testcase classname="ptolemy.util.test.junit.AutoTests" name="[33] /home/travis/build/icyphy/ptII/ptolemy/actor/lib/hoc/test/auto/IterateOverArray5.xml (RunModel)" time="0.023" />
  <testcase classname="ptolemy.util.test.junit.AutoTests" name="[34] /home/travis/build/icyphy/ptII/ptolemy/actor/lib/hoc/test/auto/IterateOverArray6.xml (RunModel)" time="0.016" />
  <testcase classname="ptolemy.util.test.junit.AutoTests" name="[35] /home/travis/build/icyphy/ptII/ptolemy/actor/lib/hoc/test/auto/IterateOverArray7.xml (RunModel)" time="0.025" />
  <testcase classname="ptolemy.util.test.junit.AutoTests" name="[36] /home/travis/build/icyphy/ptII/ptolemy/actor/lib/hoc/test/auto/IterateOverArray8.xml (RunModel)" time="0.026" />
  <testcase classname="ptolemy.util.test.junit.AutoTests" name="[37] /home/travis/build/icyphy/ptII/ptolemy/actor/lib/hoc/test/auto/IterateOverArray9.xml (RunModel)" time="0.019" />
  <testcase classname="ptolemy.util.test.junit.AutoTests" name="[38] /home/travis/build/icyphy/ptII/ptolemy/actor/lib/hoc/test/auto/IterateOverArrayCoercedOutputType.xml (RunModel)" time="0.024" />
  <testcase classname="ptolemy.util.test.junit.AutoTests" name="[39] /home/travis/build/icyphy/ptII/ptolemy/actor/lib/hoc/test/auto/IterateOverArrayInferredOutputType.xml (RunModel)" time="0.025" />
  <testcase classname="ptolemy.util.test.junit.AutoTests" name="[40] /home/travis/build/icyphy/ptII/ptolemy/actor/lib/hoc/test/auto/MobileFunctionTest.xml (RunModel)" time="0.02" />
  <testcase classname="ptolemy.util.test.junit.AutoTests" name="[41] /home/travis/build/icyphy/ptII/ptolemy/actor/lib/hoc/test/auto/MobileModelTest.xml (RunModel)" time="0.178" />
  <testcase classname="ptolemy.util.test.junit.AutoTests" name="[42] /home/travis/build/icyphy/ptII/ptolemy/actor/lib/hoc/test/auto/ModelReference.xml (RunModel)" time="0.071" />
  <testcase classname="ptolemy.util.test.junit.AutoTests" name="[43] /home/travis/build/icyphy/ptII/ptolemy/actor/lib/hoc/test/auto/ModelReference3.xml (RunModel)" time="0.072" />
  <testcase classname="ptolemy.util.test.junit.AutoTests" name="[44] /home/travis/build/icyphy/ptII/ptolemy/actor/lib/hoc/test/auto/ModelReference4.xml (RunModel)" time="10.031" />
  <testcase classname="ptolemy.util.test.junit.AutoTests" name="[45] /home/travis/build/icyphy/ptII/ptolemy/actor/lib/hoc/test/auto/MultiInstanceComposite.xml (RunModel)" time="0.056" />
  <testcase classname="ptolemy.util.test.junit.AutoTests" name="[46] /home/travis/build/icyphy/ptII/ptolemy/actor/lib/hoc/test/auto/MultiInstanceComposite2.xml (RunModel)" time="0.044" />
  <testcase classname="ptolemy.util.test.junit.AutoTests" name="[47] /home/travis/build/icyphy/ptII/ptolemy/actor/lib/hoc/test/auto/MulticoreExecution.xml (RunModel)" time="1.092" />
  <testcase classname="ptolemy.util.test.junit.AutoTests" name="[48] /home/travis/build/icyphy/ptII/ptolemy/actor/lib/hoc/test/auto/ParallelExecution.xml (RunModel)" time="0.932" />
  <testcase classname="ptolemy.util.test.junit.AutoTests" name="[49] /home/travis/build/icyphy/ptII/ptolemy/actor/lib/hoc/test/auto/RunCompositeActor.xml (RunModel)" time="0.021" />
  <testcase classname="ptolemy.util.test.junit.AutoTests" name="[50] /home/travis/build/icyphy/ptII/ptolemy/actor/lib/hoc/test/auto/RunCompositeActor2.xml (RunModel)" time="0.024" />
  <testcase classname="ptolemy.util.test.junit.AutoTests" name="[51] /home/travis/build/icyphy/ptII/ptolemy/actor/lib/hoc/test/auto/RunCompositeActor3.xml (RunModel)" time="0.018" />
  <testcase classname="ptolemy.util.test.junit.AutoTests" name="[52] /home/travis/build/icyphy/ptII/ptolemy/actor/lib/hoc/test/auto/RunCompositeActor4.xml (RunModel)" time="0.023" />
  <testcase classname="ptolemy.util.test.junit.AutoTests" name="[53] /home/travis/build/icyphy/ptII/ptolemy/actor/lib/hoc/test/auto/RunCompositeIterateOverArray.xml (RunModel)" time="0.027" />
  <testcase classname="ptolemy.util.test.junit.AutoTests" name="[54] /home/travis/build/icyphy/ptII/ptolemy/actor/lib/hoc/test/auto/ThreadedJS.xml (RunModel)" time="12.104" />
  <system-out><![CDATA[/home/travis/build/icyphy/ptII/ptolemy/actor/lib/hoc/test/IterateOverArray.tcl
testDefs.tcl: setting time out to 9000 seconds at Mon Jun 24 04:41:31 UTC 2019
06/24/19 04:41:31
Failed: 0  Total Tests: 2  ((Passed: 2, Newly Passed: 0)  Known Failed: 0) /home/travis/build/icyphy/ptII/ptolemy/actor/lib/hoc/test
----------------- testing (KnownFailure) /home/travis/build/icyphy/ptII/ptolemy/actor/lib/hoc/test/auto/knownFailedTests/PreinitializeMustBeInvokedRunComposite.xml
137 ms. Memory: 120832K Free: 109042K (90%)
Known Failure: java.lang.reflect.InvocationTargetException
No auto/linux-amd64/*.xml tests in /home/travis/build/icyphy/ptII/ptolemy/actor/lib/hoc/test
AutoTests.java: About to close Vertx.
AutoTests.java: Vertx closed.

===========================================================================================
----------------- testing Mon Jun 24 04:41:32 UTC 2019 /home/travis/build/icyphy/ptII/ptolemy/actor/lib/hoc/test/auto/AllToAllMultiInstanceComposite.xml
----------------- Instantiating /home/travis/build/icyphy/ptII/ptolemy/actor/lib/hoc/test/auto/AllToAllMultiInstanceComposite.xml
165 ms. Memory: 159744K Free: 123816K (78%)
----------------- Invoking toplevel() on ptolemy.moml.MoMLSimpleApplication@5a8c629
----------------- Done invoking toplevel() on ptolemy.moml.MoMLSimpleApplication@5a8c629
reloadAllAccessors: .AllToAllMultiInstanceComposite

===========================================================================================
----------------- testing Mon Jun 24 04:41:32 UTC 2019 /home/travis/build/icyphy/ptII/ptolemy/actor/lib/hoc/test/auto/ApplyFFTTest.xml
----------------- Instantiating /home/travis/build/icyphy/ptII/ptolemy/actor/lib/hoc/test/auto/ApplyFFTTest.xml
174 ms. Memory: 159744K Free: 130003K (81%)
----------------- Invoking toplevel() on ptolemy.moml.MoMLSimpleApplication@30edbfa9
----------------- Done invoking toplevel() on ptolemy.moml.MoMLSimpleApplication@30edbfa9
reloadAllAccessors: .ApplyFFTTest

===========================================================================================
----------------- testing Mon Jun 24 04:41:33 UTC 2019 /home/travis/build/icyphy/ptII/ptolemy/actor/lib/hoc/test/auto/ApplyFunction.xml
----------------- Instantiating /home/travis/build/icyphy/ptII/ptolemy/actor/lib/hoc/test/auto/ApplyFunction.xml
7 ms. Memory: 159744K Free: 126636K (79%)
----------------- Invoking toplevel() on ptolemy.moml.MoMLSimpleApplication@4c081a5b
----------------- Done invoking toplevel() on ptolemy.moml.MoMLSimpleApplication@4c081a5b
reloadAllAccessors: .ApplyFunction

===========================================================================================
----------------- testing Mon Jun 24 04:41:33 UTC 2019 /home/travis/build/icyphy/ptII/ptolemy/actor/lib/hoc/test/auto/BackgroundExecution.xml
----------------- Instantiating /home/travis/build/icyphy/ptII/ptolemy/actor/lib/hoc/test/auto/BackgroundExecution.xml
633 ms. Memory: 159744K Free: 119462K (75%)
----------------- Invoking toplevel() on ptolemy.moml.MoMLSimpleApplication@d4faf73
----------------- Done invoking toplevel() on ptolemy.moml.MoMLSimpleApplication@d4faf73
reloadAllAccessors: .BackgroundExecution

===========================================================================================
----------------- testing Mon Jun 24 04:41:34 UTC 2019 /home/travis/build/icyphy/ptII/ptolemy/actor/lib/hoc/test/auto/Case.xml
----------------- Instantiating /home/travis/build/icyphy/ptII/ptolemy/actor/lib/hoc/test/auto/Case.xml
20 ms. Memory: 159744K Free: 112455K (70%)
----------------- Invoking toplevel() on ptolemy.moml.MoMLSimpleApplication@62228f26
----------------- Done invoking toplevel() on ptolemy.moml.MoMLSimpleApplication@62228f26
reloadAllAccessors: .Case

===========================================================================================
----------------- testing Mon Jun 24 04:41:34 UTC 2019 /home/travis/build/icyphy/ptII/ptolemy/actor/lib/hoc/test/auto/Case1.xml
----------------- Instantiating /home/travis/build/icyphy/ptII/ptolemy/actor/lib/hoc/test/auto/Case1.xml
23 ms. Memory: 159744K Free: 146439K (92%)
----------------- Invoking toplevel() on ptolemy.moml.MoMLSimpleApplication@2ad4d6e4
----------------- Done invoking toplevel() on ptolemy.moml.MoMLSimpleApplication@2ad4d6e4
reloadAllAccessors: .Case1

===========================================================================================
----------------- testing Mon Jun 24 04:41:34 UTC 2019 /home/travis/build/icyphy/ptII/ptolemy/actor/lib/hoc/test/auto/Case2.xml
----------------- Instantiating /home/travis/build/icyphy/ptII/ptolemy/actor/lib/hoc/test/auto/Case2.xml
55 ms. Memory: 159744K Free: 135813K (85%)
----------------- Invoking toplevel() on ptolemy.moml.MoMLSimpleApplication@5319421b
----------------- Done invoking toplevel() on ptolemy.moml.MoMLSimpleApplication@5319421b
reloadAllAccessors: .Case2

===========================================================================================
----------------- testing Mon Jun 24 04:41:34 UTC 2019 /home/travis/build/icyphy/ptII/ptolemy/actor/lib/hoc/test/auto/Case3.xml
----------------- Instantiating /home/travis/build/icyphy/ptII/ptolemy/actor/lib/hoc/test/auto/Case3.xml
7 ms. Memory: 159744K Free: 129997K (81%)
----------------- Invoking toplevel() on ptolemy.moml.MoMLSimpleApplication@7419ee39
----------------- Done invoking toplevel() on ptolemy.moml.MoMLSimpleApplication@7419ee39
reloadAllAccessors: .Case3

===========================================================================================
----------------- testing Mon Jun 24 04:41:34 UTC 2019 /home/travis/build/icyphy/ptII/ptolemy/actor/lib/hoc/test/auto/Case4.xml
----------------- Instantiating /home/travis/build/icyphy/ptII/ptolemy/actor/lib/hoc/test/auto/Case4.xml
15 ms. Memory: 159744K Free: 122196K (76%)
----------------- Invoking toplevel() on ptolemy.moml.MoMLSimpleApplication@7450c35d
----------------- Done invoking toplevel() on ptolemy.moml.MoMLSimpleApplication@7450c35d
reloadAllAccessors: .Case4

===========================================================================================
----------------- testing Mon Jun 24 04:41:34 UTC 2019 /home/travis/build/icyphy/ptII/ptolemy/actor/lib/hoc/test/auto/Case5.xml
----------------- Instantiating /home/travis/build/icyphy/ptII/ptolemy/actor/lib/hoc/test/auto/Case5.xml
42 ms. Memory: 159744K Free: 116052K (73%)
----------------- Invoking toplevel() on ptolemy.moml.MoMLSimpleApplication@5aa91d4b
----------------- Done invoking toplevel() on ptolemy.moml.MoMLSimpleApplication@5aa91d4b
reloadAllAccessors: .junk

===========================================================================================
----------------- testing Mon Jun 24 04:41:34 UTC 2019 /home/travis/build/icyphy/ptII/ptolemy/actor/lib/hoc/test/auto/Case6.xml
----------------- Instantiating /home/travis/build/icyphy/ptII/ptolemy/actor/lib/hoc/test/auto/Case6.xml
38 ms. Memory: 159744K Free: 104788K (66%)
----------------- Invoking toplevel() on ptolemy.moml.MoMLSimpleApplication@3caddab9
----------------- Done invoking toplevel() on ptolemy.moml.MoMLSimpleApplication@3caddab9
reloadAllAccessors: .Case6

===========================================================================================
----------------- testing Mon Jun 24 04:41:34 UTC 2019 /home/travis/build/icyphy/ptII/ptolemy/actor/lib/hoc/test/auto/CaseString2.xml
----------------- Instantiating /home/travis/build/icyphy/ptII/ptolemy/actor/lib/hoc/test/auto/CaseString2.xml
31 ms. Memory: 159744K Free: 96893K (61%)
----------------- Invoking toplevel() on ptolemy.moml.MoMLSimpleApplication@72e22201
----------------- Done invoking toplevel() on ptolemy.moml.MoMLSimpleApplication@72e22201
reloadAllAccessors: .CaseString2

===========================================================================================
----------------- testing Mon Jun 24 04:41:34 UTC 2019 /home/travis/build/icyphy/ptII/ptolemy/actor/lib/hoc/test/auto/CatchUpComposite1.xml
----------------- Instantiating /home/travis/build/icyphy/ptII/ptolemy/actor/lib/hoc/test/auto/CatchUpComposite1.xml
36 ms. Memory: 159744K Free: 88043K (55%)
----------------- Invoking toplevel() on ptolemy.moml.MoMLSimpleApplication@2bea1113
----------------- Done invoking toplevel() on ptolemy.moml.MoMLSimpleApplication@2bea1113
reloadAllAccessors: .CatchUpComposite1

===========================================================================================
----------------- testing Mon Jun 24 04:41:34 UTC 2019 /home/travis/build/icyphy/ptII/ptolemy/actor/lib/hoc/test/auto/CatchUpComposite2.xml
----------------- Instantiating /home/travis/build/icyphy/ptII/ptolemy/actor/lib/hoc/test/auto/CatchUpComposite2.xml
12 ms. Memory: 159744K Free: 79477K (50%)
----------------- Invoking toplevel() on ptolemy.moml.MoMLSimpleApplication@38c47a1f
----------------- Done invoking toplevel() on ptolemy.moml.MoMLSimpleApplication@38c47a1f
reloadAllAccessors: .CatchUpComposite2

===========================================================================================
----------------- testing Mon Jun 24 04:41:34 UTC 2019 /home/travis/build/icyphy/ptII/ptolemy/actor/lib/hoc/test/auto/CatchUpComposite3.xml
----------------- Instantiating /home/travis/build/icyphy/ptII/ptolemy/actor/lib/hoc/test/auto/CatchUpComposite3.xml
16 ms. Memory: 159744K Free: 142520K (89%)
----------------- Invoking toplevel() on ptolemy.moml.MoMLSimpleApplication@7960137a
----------------- Done invoking toplevel() on ptolemy.moml.MoMLSimpleApplication@7960137a
reloadAllAccessors: .CatchUpComposite3

===========================================================================================
----------------- testing Mon Jun 24 04:41:34 UTC 2019 /home/travis/build/icyphy/ptII/ptolemy/actor/lib/hoc/test/auto/CatchUpComposite4.xml
----------------- Instantiating /home/travis/build/icyphy/ptII/ptolemy/actor/lib/hoc/test/auto/CatchUpComposite4.xml
27 ms. Memory: 159744K Free: 134298K (84%)
----------------- Invoking toplevel() on ptolemy.moml.MoMLSimpleApplication@4f3be1c4
----------------- Done invoking toplevel() on ptolemy.moml.MoMLSimpleApplication@4f3be1c4
reloadAllAccessors: .CatchUpComposite4

===========================================================================================
----------------- testing Mon Jun 24 04:41:34 UTC 2019 /home/travis/build/icyphy/ptII/ptolemy/actor/lib/hoc/test/auto/CatchUpComposite5.xml
----------------- Instantiating /home/travis/build/icyphy/ptII/ptolemy/actor/lib/hoc/test/auto/CatchUpComposite5.xml
11 ms. Memory: 159744K Free: 126581K (79%)
----------------- Invoking toplevel() on ptolemy.moml.MoMLSimpleApplication@23bfd2c1
----------------- Done invoking toplevel() on ptolemy.moml.MoMLSimpleApplication@23bfd2c1
reloadAllAccessors: .CatchUpComposite5

===========================================================================================
----------------- testing Mon Jun 24 04:41:35 UTC 2019 /home/travis/build/icyphy/ptII/ptolemy/actor/lib/hoc/test/auto/CatchUpComposite6.xml
----------------- Instantiating /home/travis/build/icyphy/ptII/ptolemy/actor/lib/hoc/test/auto/CatchUpComposite6.xml
WARNING: The execution aspects in this model can influence the timing of actors by delaying the 
execution, potentially changing the behavior. There is no guarantee that actors fire at the 
time they request to be fired. 
Use Ptides for deterministic DE behavior that is not influenced by execution aspects. 

90 ms. Memory: 159744K Free: 111800K (70%)
----------------- Invoking toplevel() on ptolemy.moml.MoMLSimpleApplication@7196c37d
----------------- Done invoking toplevel() on ptolemy.moml.MoMLSimpleApplication@7196c37d
reloadAllAccessors: .CatchUpComposite6

===========================================================================================
----------------- testing Mon Jun 24 04:41:35 UTC 2019 /home/travis/build/icyphy/ptII/ptolemy/actor/lib/hoc/test/auto/CatchUpComposite7.xml
----------------- Instantiating /home/travis/build/icyphy/ptII/ptolemy/actor/lib/hoc/test/auto/CatchUpComposite7.xml
WARNING: The execution aspects in this model can influence the timing of actors by delaying the 
execution, potentially changing the behavior. There is no guarantee that actors fire at the 
time they request to be fired. 
Use Ptides for deterministic DE behavior that is not influenced by execution aspects. 

39 ms. Memory: 159744K Free: 97909K (61%)
----------------- Invoking toplevel() on ptolemy.moml.MoMLSimpleApplication@7e3a9253
----------------- Done invoking toplevel() on ptolemy.moml.MoMLSimpleApplication@7e3a9253
reloadAllAccessors: .CatchUpComposite7

===========================================================================================
----------------- testing Mon Jun 24 04:41:35 UTC 2019 /home/travis/build/icyphy/ptII/ptolemy/actor/lib/hoc/test/auto/ConcurrentExecutionTimeSDF.xml
----------------- Instantiating /home/travis/build/icyphy/ptII/ptolemy/actor/lib/hoc/test/auto/ConcurrentExecutionTimeSDF.xml
Fired ExecutionTime: 40400000
Fired ExecutionTime: 40400000
Fired ExecutionTime: 40400000
Fired ExecutionTime: 40400000
Fired ExecutionTime: 40400000
Fired ExecutionTime: 40400000
Fired ExecutionTime: 40400000
Fired ExecutionTime: 40400000
Fired ExecutionTime: 40400000
Fired ExecutionTime: 40400000
Fired ExecutionTime: 40400000
Fired ExecutionTime: 40400000
Fired ExecutionTime: 40400000
Fired ExecutionTime: 40400000
Fired ExecutionTime: 40400000
Fired ExecutionTime: 40400000
Fired ExecutionTime: 40400000
Fired ExecutionTime: 40400000
Fired ExecutionTime: 40400000
Fired ExecutionTime: 40400000
1690 ms. Memory: 159744K Free: 91189K (57%)
----------------- Invoking toplevel() on ptolemy.moml.MoMLSimpleApplication@7f2ba1f6
----------------- Done invoking toplevel() on ptolemy.moml.MoMLSimpleApplication@7f2ba1f6
reloadAllAccessors: .ConcurrentExecutionTimeSDF

===========================================================================================
----------------- testing Mon Jun 24 04:41:37 UTC 2019 /home/travis/build/icyphy/ptII/ptolemy/actor/lib/hoc/test/auto/ConcurrentSleep.xml
----------------- Instantiating /home/travis/build/icyphy/ptII/ptolemy/actor/lib/hoc/test/auto/ConcurrentSleep.xml
728 ms. Memory: 159744K Free: 80949K (51%)
----------------- Invoking toplevel() on ptolemy.moml.MoMLSimpleApplication@6da19f6b
----------------- Done invoking toplevel() on ptolemy.moml.MoMLSimpleApplication@6da19f6b
reloadAllAccessors: .ConcurrentSleep

===========================================================================================
----------------- testing Mon Jun 24 04:41:37 UTC 2019 /home/travis/build/icyphy/ptII/ptolemy/actor/lib/hoc/test/auto/DEInPNInRunCompositeActor.xml
----------------- Instantiating /home/travis/build/icyphy/ptII/ptolemy/actor/lib/hoc/test/auto/DEInPNInRunCompositeActor.xml
17 ms. Memory: 159744K Free: 74922K (47%)
----------------- Invoking toplevel() on ptolemy.moml.MoMLSimpleApplication@2d3d00ae
----------------- Done invoking toplevel() on ptolemy.moml.MoMLSimpleApplication@2d3d00ae
reloadAllAccessors: .DEInPNInRunCompositeActor

===========================================================================================
----------------- testing Mon Jun 24 04:41:37 UTC 2019 /home/travis/build/icyphy/ptII/ptolemy/actor/lib/hoc/test/auto/DFTSubSetTest.xml
----------------- Instantiating /home/travis/build/icyphy/ptII/ptolemy/actor/lib/hoc/test/auto/DFTSubSetTest.xml
229 ms. Memory: 193536K Free: 154183K (80%)
----------------- Invoking toplevel() on ptolemy.moml.MoMLSimpleApplication@1a9440f3
----------------- Done invoking toplevel() on ptolemy.moml.MoMLSimpleApplication@1a9440f3
reloadAllAccessors: .DFTSubSetTest

===========================================================================================
----------------- testing Mon Jun 24 04:41:38 UTC 2019 /home/travis/build/icyphy/ptII/ptolemy/actor/lib/hoc/test/auto/HocDE.xml
----------------- Instantiating /home/travis/build/icyphy/ptII/ptolemy/actor/lib/hoc/test/auto/HocDE.xml
153 ms. Memory: 193536K Free: 129007K (67%)
----------------- Invoking toplevel() on ptolemy.moml.MoMLSimpleApplication@650a0578
----------------- Done invoking toplevel() on ptolemy.moml.MoMLSimpleApplication@650a0578
reloadAllAccessors: .HocDE

===========================================================================================
----------------- testing Mon Jun 24 04:41:38 UTC 2019 /home/travis/build/icyphy/ptII/ptolemy/actor/lib/hoc/test/auto/IterateOverArray.xml
----------------- Instantiating /home/travis/build/icyphy/ptII/ptolemy/actor/lib/hoc/test/auto/IterateOverArray.xml
6 ms. Memory: 193536K Free: 124401K (64%)
----------------- Invoking toplevel() on ptolemy.moml.MoMLSimpleApplication@609a4926
----------------- Done invoking toplevel() on ptolemy.moml.MoMLSimpleApplication@609a4926
reloadAllAccessors: .IterateOverArray

===========================================================================================
----------------- testing Mon Jun 24 04:41:38 UTC 2019 /home/travis/build/icyphy/ptII/ptolemy/actor/lib/hoc/test/auto/IterateOverArray10.xml
----------------- Instantiating /home/travis/build/icyphy/ptII/ptolemy/actor/lib/hoc/test/auto/IterateOverArray10.xml
4 ms. Memory: 193536K Free: 121329K (63%)
----------------- Invoking toplevel() on ptolemy.moml.MoMLSimpleApplication@49610f67
----------------- Done invoking toplevel() on ptolemy.moml.MoMLSimpleApplication@49610f67
reloadAllAccessors: .IterateOverArray10

===========================================================================================
----------------- testing Mon Jun 24 04:41:38 UTC 2019 /home/travis/build/icyphy/ptII/ptolemy/actor/lib/hoc/test/auto/IterateOverArray11.xml
----------------- Instantiating /home/travis/build/icyphy/ptII/ptolemy/actor/lib/hoc/test/auto/IterateOverArray11.xml
5 ms. Memory: 193536K Free: 117233K (61%)
----------------- Invoking toplevel() on ptolemy.moml.MoMLSimpleApplication@e984000
----------------- Done invoking toplevel() on ptolemy.moml.MoMLSimpleApplication@e984000
reloadAllAccessors: .IterateOverArray11

===========================================================================================
----------------- testing Mon Jun 24 04:41:38 UTC 2019 /home/travis/build/icyphy/ptII/ptolemy/actor/lib/hoc/test/auto/IterateOverArray12.xml
----------------- Instantiating /home/travis/build/icyphy/ptII/ptolemy/actor/lib/hoc/test/auto/IterateOverArray12.xml
24 ms. Memory: 193536K Free: 111599K (58%)
----------------- Invoking toplevel() on ptolemy.moml.MoMLSimpleApplication@5d220685
----------------- Done invoking toplevel() on ptolemy.moml.MoMLSimpleApplication@5d220685
reloadAllAccessors: .IterateOverArray12

===========================================================================================
----------------- testing Mon Jun 24 04:41:38 UTC 2019 /home/travis/build/icyphy/ptII/ptolemy/actor/lib/hoc/test/auto/IterateOverArray13.xml
----------------- Instantiating /home/travis/build/icyphy/ptII/ptolemy/actor/lib/hoc/test/auto/IterateOverArray13.xml
64 ms. Memory: 193536K Free: 85489K (44%)
----------------- Invoking toplevel() on ptolemy.moml.MoMLSimpleApplication@53d0d468
----------------- Done invoking toplevel() on ptolemy.moml.MoMLSimpleApplication@53d0d468
reloadAllAccessors: .IterateOverArray13

===========================================================================================
----------------- testing Mon Jun 24 04:41:38 UTC 2019 /home/travis/build/icyphy/ptII/ptolemy/actor/lib/hoc/test/auto/IterateOverArray14.xml
----------------- Instantiating /home/travis/build/icyphy/ptII/ptolemy/actor/lib/hoc/test/auto/IterateOverArray14.xml
67 ms. Memory: 193536K Free: 157802K (82%)
----------------- Invoking toplevel() on ptolemy.moml.MoMLSimpleApplication@220df7e7
----------------- Done invoking toplevel() on ptolemy.moml.MoMLSimpleApplication@220df7e7
reloadAllAccessors: .IterateOverArray14

===========================================================================================
----------------- testing Mon Jun 24 04:41:38 UTC 2019 /home/travis/build/icyphy/ptII/ptolemy/actor/lib/hoc/test/auto/IterateOverArray2.xml
----------------- Instantiating /home/travis/build/icyphy/ptII/ptolemy/actor/lib/hoc/test/auto/IterateOverArray2.xml
9 ms. Memory: 193536K Free: 153192K (79%)
----------------- Invoking toplevel() on ptolemy.moml.MoMLSimpleApplication@50ebabb4
----------------- Done invoking toplevel() on ptolemy.moml.MoMLSimpleApplication@50ebabb4
reloadAllAccessors: .IterateOverArray2

===========================================================================================
----------------- testing Mon Jun 24 04:41:38 UTC 2019 /home/travis/build/icyphy/ptII/ptolemy/actor/lib/hoc/test/auto/IterateOverArray3.xml
----------------- Instantiating /home/travis/build/icyphy/ptII/ptolemy/actor/lib/hoc/test/auto/IterateOverArray3.xml
18 ms. Memory: 193536K Free: 147560K (76%)
----------------- Invoking toplevel() on ptolemy.moml.MoMLSimpleApplication@408603
----------------- Done invoking toplevel() on ptolemy.moml.MoMLSimpleApplication@408603
reloadAllAccessors: .IterateOverArray3

===========================================================================================
----------------- testing Mon Jun 24 04:41:38 UTC 2019 /home/travis/build/icyphy/ptII/ptolemy/actor/lib/hoc/test/auto/IterateOverArray4.xml
----------------- Instantiating /home/travis/build/icyphy/ptII/ptolemy/actor/lib/hoc/test/auto/IterateOverArray4.xml
5 ms. Memory: 193536K Free: 143466K (74%)
----------------- Invoking toplevel() on ptolemy.moml.MoMLSimpleApplication@57e5e463
----------------- Done invoking toplevel() on ptolemy.moml.MoMLSimpleApplication@57e5e463
reloadAllAccessors: .IterateOverArray4

===========================================================================================
----------------- testing Mon Jun 24 04:41:38 UTC 2019 /home/travis/build/icyphy/ptII/ptolemy/actor/lib/hoc/test/auto/IterateOverArray5.xml
----------------- Instantiating /home/travis/build/icyphy/ptII/ptolemy/actor/lib/hoc/test/auto/IterateOverArray5.xml
4 ms. Memory: 193536K Free: 139370K (72%)
----------------- Invoking toplevel() on ptolemy.moml.MoMLSimpleApplication@71792bbf
----------------- Done invoking toplevel() on ptolemy.moml.MoMLSimpleApplication@71792bbf
reloadAllAccessors: .IterateOverArray5

===========================================================================================
----------------- testing Mon Jun 24 04:41:38 UTC 2019 /home/travis/build/icyphy/ptII/ptolemy/actor/lib/hoc/test/auto/IterateOverArray6.xml
----------------- Instantiating /home/travis/build/icyphy/ptII/ptolemy/actor/lib/hoc/test/auto/IterateOverArray6.xml
3 ms. Memory: 193536K Free: 135784K (70%)
----------------- Invoking toplevel() on ptolemy.moml.MoMLSimpleApplication@19129563
----------------- Done invoking toplevel() on ptolemy.moml.MoMLSimpleApplication@19129563
reloadAllAccessors: .IterateOverArray6

===========================================================================================
----------------- testing Mon Jun 24 04:41:38 UTC 2019 /home/travis/build/icyphy/ptII/ptolemy/actor/lib/hoc/test/auto/IterateOverArray7.xml
----------------- Instantiating /home/travis/build/icyphy/ptII/ptolemy/actor/lib/hoc/test/auto/IterateOverArray7.xml
4 ms. Memory: 193536K Free: 131178K (68%)
----------------- Invoking toplevel() on ptolemy.moml.MoMLSimpleApplication@157365b3
----------------- Done invoking toplevel() on ptolemy.moml.MoMLSimpleApplication@157365b3
reloadAllAccessors: .IterateOverArray7

===========================================================================================
----------------- testing Mon Jun 24 04:41:38 UTC 2019 /home/travis/build/icyphy/ptII/ptolemy/actor/lib/hoc/test/auto/IterateOverArray8.xml
----------------- Instantiating /home/travis/build/icyphy/ptII/ptolemy/actor/lib/hoc/test/auto/IterateOverArray8.xml
9 ms. Memory: 193536K Free: 127082K (66%)
----------------- Invoking toplevel() on ptolemy.moml.MoMLSimpleApplication@505c9d3b
----------------- Done invoking toplevel() on ptolemy.moml.MoMLSimpleApplication@505c9d3b
reloadAllAccessors: .IterateOverArray8

===========================================================================================
----------------- testing Mon Jun 24 04:41:38 UTC 2019 /home/travis/build/icyphy/ptII/ptolemy/actor/lib/hoc/test/auto/IterateOverArray9.xml
----------------- Instantiating /home/travis/build/icyphy/ptII/ptolemy/actor/lib/hoc/test/auto/IterateOverArray9.xml
5 ms. Memory: 193536K Free: 122986K (64%)
----------------- Invoking toplevel() on ptolemy.moml.MoMLSimpleApplication@7b166410
----------------- Done invoking toplevel() on ptolemy.moml.MoMLSimpleApplication@7b166410
reloadAllAccessors: .IterateOverArray9

===========================================================================================
----------------- testing Mon Jun 24 04:41:39 UTC 2019 /home/travis/build/icyphy/ptII/ptolemy/actor/lib/hoc/test/auto/IterateOverArrayCoercedOutputType.xml
----------------- Instantiating /home/travis/build/icyphy/ptII/ptolemy/actor/lib/hoc/test/auto/IterateOverArrayCoercedOutputType.xml
6 ms. Memory: 193536K Free: 117866K (61%)
----------------- Invoking toplevel() on ptolemy.moml.MoMLSimpleApplication@658786b8
----------------- Done invoking toplevel() on ptolemy.moml.MoMLSimpleApplication@658786b8
reloadAllAccessors: .IterateOverArrayCoercedOutputType

===========================================================================================
----------------- testing Mon Jun 24 04:41:39 UTC 2019 /home/travis/build/icyphy/ptII/ptolemy/actor/lib/hoc/test/auto/IterateOverArrayInferredOutputType.xml
----------------- Instantiating /home/travis/build/icyphy/ptII/ptolemy/actor/lib/hoc/test/auto/IterateOverArrayInferredOutputType.xml
7 ms. Memory: 193536K Free: 113256K (59%)
----------------- Invoking toplevel() on ptolemy.moml.MoMLSimpleApplication@a5a6168
----------------- Done invoking toplevel() on ptolemy.moml.MoMLSimpleApplication@a5a6168
reloadAllAccessors: .IterateOverArrayInferredOutputType

===========================================================================================
----------------- testing Mon Jun 24 04:41:39 UTC 2019 /home/travis/build/icyphy/ptII/ptolemy/actor/lib/hoc/test/auto/MobileFunctionTest.xml
----------------- Instantiating /home/travis/build/icyphy/ptII/ptolemy/actor/lib/hoc/test/auto/MobileFunctionTest.xml
4 ms. Memory: 193536K Free: 109130K (56%)
----------------- Invoking toplevel() on ptolemy.moml.MoMLSimpleApplication@33b51903
----------------- Done invoking toplevel() on ptolemy.moml.MoMLSimpleApplication@33b51903
reloadAllAccessors: .MobileFunctionTest

===========================================================================================
----------------- testing Mon Jun 24 04:41:39 UTC 2019 /home/travis/build/icyphy/ptII/ptolemy/actor/lib/hoc/test/auto/MobileModelTest.xml
----------------- Instantiating /home/travis/build/icyphy/ptII/ptolemy/actor/lib/hoc/test/auto/MobileModelTest.xml
146 ms. Memory: 193536K Free: 88170K (46%)
----------------- Invoking toplevel() on ptolemy.moml.MoMLSimpleApplication@46d84bb0
----------------- Done invoking toplevel() on ptolemy.moml.MoMLSimpleApplication@46d84bb0
reloadAllAccessors: .MobileModelTest

===========================================================================================
----------------- testing Mon Jun 24 04:41:39 UTC 2019 /home/travis/build/icyphy/ptII/ptolemy/actor/lib/hoc/test/auto/ModelReference.xml
----------------- Instantiating /home/travis/build/icyphy/ptII/ptolemy/actor/lib/hoc/test/auto/ModelReference.xml
4 ms. Memory: 193536K Free: 81512K (42%)
2 ms. Memory: 193536K Free: 81002K (42%)
1 ms. Memory: 193536K Free: 79978K (41%)
2 ms. Memory: 193536K Free: 79434K (41%)
1 ms. Memory: 193536K Free: 78426K (41%)
2 ms. Memory: 193536K Free: 77416K (40%)
2 ms. Memory: 193536K Free: 76906K (40%)
2 ms. Memory: 193536K Free: 75882K (39%)
1 ms. Memory: 193536K Free: 74858K (39%)
2 ms. Memory: 193536K Free: 74344K (38%)
27 ms. Memory: 193536K Free: 74344K (38%)
----------------- Invoking toplevel() on ptolemy.moml.MoMLSimpleApplication@1e5f01c4
----------------- Done invoking toplevel() on ptolemy.moml.MoMLSimpleApplication@1e5f01c4
reloadAllAccessors: .ModelReference

===========================================================================================
----------------- testing Mon Jun 24 04:41:39 UTC 2019 /home/travis/build/icyphy/ptII/ptolemy/actor/lib/hoc/test/auto/ModelReference3.xml
----------------- Instantiating /home/travis/build/icyphy/ptII/ptolemy/actor/lib/hoc/test/auto/ModelReference3.xml
2 ms. Memory: 193536K Free: 69210K (36%)
4 ms. Memory: 193536K Free: 68714K (36%)
1 ms. Memory: 193536K Free: 67690K (35%)
13 ms. Memory: 193536K Free: 179161K (93%)
3 ms. Memory: 193536K Free: 178468K (92%)
2 ms. Memory: 193536K Free: 177444K (92%)
3 ms. Memory: 193536K Free: 176783K (91%)
2 ms. Memory: 193536K Free: 175762K (91%)
2 ms. Memory: 193536K Free: 175048K (90%)
2 ms. Memory: 193536K Free: 174350K (90%)
39 ms. Memory: 193536K Free: 174350K (90%)
----------------- Invoking toplevel() on ptolemy.moml.MoMLSimpleApplication@7db270d8
----------------- Done invoking toplevel() on ptolemy.moml.MoMLSimpleApplication@7db270d8
reloadAllAccessors: .ModelReference3

===========================================================================================
----------------- testing Mon Jun 24 04:41:39 UTC 2019 /home/travis/build/icyphy/ptII/ptolemy/actor/lib/hoc/test/auto/ModelReference4.xml
----------------- Instantiating /home/travis/build/icyphy/ptII/ptolemy/actor/lib/hoc/test/auto/ModelReference4.xml
2 ms. Memory: 193536K Free: 169020K (87%)
1 ms. Memory: 193536K Free: 167500K (87%)
2 ms. Memory: 193536K Free: 166476K (86%)
1 ms. Memory: 193536K Free: 164932K (85%)
2 ms. Memory: 193536K Free: 163900K (85%)
8 ms. Memory: 193536K Free: 162884K (84%)
2 ms. Memory: 193536K Free: 161356K (83%)
2 ms. Memory: 193536K Free: 160332K (83%)
2 ms. Memory: 193536K Free: 158788K (82%)
2 ms. Memory: 193536K Free: 157756K (82%)
10016 ms. Memory: 193536K Free: 157756K (82%)
----------------- Invoking toplevel() on ptolemy.moml.MoMLSimpleApplication@2a906dbf
----------------- Done invoking toplevel() on ptolemy.moml.MoMLSimpleApplication@2a906dbf
reloadAllAccessors: .ModelReference4

===========================================================================================
----------------- testing Mon Jun 24 04:41:49 UTC 2019 /home/travis/build/icyphy/ptII/ptolemy/actor/lib/hoc/test/auto/MultiInstanceComposite.xml
----------------- Instantiating /home/travis/build/icyphy/ptII/ptolemy/actor/lib/hoc/test/auto/MultiInstanceComposite.xml
27 ms. Memory: 193536K Free: 138828K (72%)
----------------- Invoking toplevel() on ptolemy.moml.MoMLSimpleApplication@5c202945
----------------- Done invoking toplevel() on ptolemy.moml.MoMLSimpleApplication@5c202945
reloadAllAccessors: .MultiInstanceComposite

===========================================================================================
----------------- testing Mon Jun 24 04:41:49 UTC 2019 /home/travis/build/icyphy/ptII/ptolemy/actor/lib/hoc/test/auto/MultiInstanceComposite2.xml
----------------- Instantiating /home/travis/build/icyphy/ptII/ptolemy/actor/lib/hoc/test/auto/MultiInstanceComposite2.xml
24 ms. Memory: 193536K Free: 127564K (66%)
----------------- Invoking toplevel() on ptolemy.moml.MoMLSimpleApplication@26439b3d
----------------- Done invoking toplevel() on ptolemy.moml.MoMLSimpleApplication@26439b3d
reloadAllAccessors: .MultiInstanceComposite2

===========================================================================================
----------------- testing Mon Jun 24 04:41:49 UTC 2019 /home/travis/build/icyphy/ptII/ptolemy/actor/lib/hoc/test/auto/MulticoreExecution.xml
----------------- Instantiating /home/travis/build/icyphy/ptII/ptolemy/actor/lib/hoc/test/auto/MulticoreExecution.xml
Fired ExecutionTime: 2400000
Fired ExecutionTime: 2800000
Fired ExecutionTime: 4000000
Fired ExecutionTime: 2000000
Fired ExecutionTime: 87600000
Fired ExecutionTime: 56800000
Fired ExecutionTime: 86400000
Fired ExecutionTime: 91200000
Fired ExecutionTime: 82400000
Fired ExecutionTime: 84800000
Fired ExecutionTime: 89600000
Fired ExecutionTime: 89600000
Fired ExecutionTime: 89600000
Fired ExecutionTime: 88000000
Fired ExecutionTime: 86800000
Fired ExecutionTime: 90000000
Fired ExecutionTime: 88000000
Fired ExecutionTime: 88800000
Fired ExecutionTime: 86800000
Fired ExecutionTime: 86400000
1069 ms. Memory: 193536K Free: 118348K (61%)
----------------- Invoking toplevel() on ptolemy.moml.MoMLSimpleApplication@53f9bc1b
----------------- Done invoking toplevel() on ptolemy.moml.MoMLSimpleApplication@53f9bc1b
reloadAllAccessors: .MulticoreExecution

===========================================================================================
----------------- testing Mon Jun 24 04:41:50 UTC 2019 /home/travis/build/icyphy/ptII/ptolemy/actor/lib/hoc/test/auto/ParallelExecution.xml
----------------- Instantiating /home/travis/build/icyphy/ptII/ptolemy/actor/lib/hoc/test/auto/ParallelExecution.xml
916 ms. Memory: 193536K Free: 110666K (57%)
----------------- Invoking toplevel() on ptolemy.moml.MoMLSimpleApplication@7b5e1b42
----------------- Done invoking toplevel() on ptolemy.moml.MoMLSimpleApplication@7b5e1b42
reloadAllAccessors: .ParallelExecution

===========================================================================================
----------------- testing Mon Jun 24 04:41:51 UTC 2019 /home/travis/build/icyphy/ptII/ptolemy/actor/lib/hoc/test/auto/RunCompositeActor.xml
----------------- Instantiating /home/travis/build/icyphy/ptII/ptolemy/actor/lib/hoc/test/auto/RunCompositeActor.xml
8 ms. Memory: 193536K Free: 103498K (53%)
----------------- Invoking toplevel() on ptolemy.moml.MoMLSimpleApplication@13685090
----------------- Done invoking toplevel() on ptolemy.moml.MoMLSimpleApplication@13685090
reloadAllAccessors: .RunCompositeActor

===========================================================================================
----------------- testing Mon Jun 24 04:41:51 UTC 2019 /home/travis/build/icyphy/ptII/ptolemy/actor/lib/hoc/test/auto/RunCompositeActor2.xml
----------------- Instantiating /home/travis/build/icyphy/ptII/ptolemy/actor/lib/hoc/test/auto/RunCompositeActor2.xml
8 ms. Memory: 193536K Free: 97340K (50%)
----------------- Invoking toplevel() on ptolemy.moml.MoMLSimpleApplication@9934f7b
----------------- Done invoking toplevel() on ptolemy.moml.MoMLSimpleApplication@9934f7b
reloadAllAccessors: .RunCompositeActor2

===========================================================================================
----------------- testing Mon Jun 24 04:41:51 UTC 2019 /home/travis/build/icyphy/ptII/ptolemy/actor/lib/hoc/test/auto/RunCompositeActor3.xml
----------------- Instantiating /home/travis/build/icyphy/ptII/ptolemy/actor/lib/hoc/test/auto/RunCompositeActor3.xml
3 ms. Memory: 193536K Free: 92220K (48%)
----------------- Invoking toplevel() on ptolemy.moml.MoMLSimpleApplication@46921f35
----------------- Done invoking toplevel() on ptolemy.moml.MoMLSimpleApplication@46921f35
reloadAllAccessors: .RunCompositeActor3

===========================================================================================
----------------- testing Mon Jun 24 04:41:51 UTC 2019 /home/travis/build/icyphy/ptII/ptolemy/actor/lib/hoc/test/auto/RunCompositeActor4.xml
----------------- Instantiating /home/travis/build/icyphy/ptII/ptolemy/actor/lib/hoc/test/auto/RunCompositeActor4.xml
10 ms. Memory: 193536K Free: 84028K (43%)
----------------- Invoking toplevel() on ptolemy.moml.MoMLSimpleApplication@7e39f35
----------------- Done invoking toplevel() on ptolemy.moml.MoMLSimpleApplication@7e39f35
reloadAllAccessors: .RunCompositeActor4

===========================================================================================
----------------- testing Mon Jun 24 04:41:51 UTC 2019 /home/travis/build/icyphy/ptII/ptolemy/actor/lib/hoc/test/auto/RunCompositeIterateOverArray.xml
----------------- Instantiating /home/travis/build/icyphy/ptII/ptolemy/actor/lib/hoc/test/auto/RunCompositeIterateOverArray.xml
10 ms. Memory: 193536K Free: 77898K (40%)
----------------- Invoking toplevel() on ptolemy.moml.MoMLSimpleApplication@5e0d63ea
----------------- Done invoking toplevel() on ptolemy.moml.MoMLSimpleApplication@5e0d63ea
reloadAllAccessors: .RunCompositeIterateOverArray

===========================================================================================
----------------- testing Mon Jun 24 04:41:51 UTC 2019 /home/travis/build/icyphy/ptII/ptolemy/actor/lib/hoc/test/auto/ThreadedJS.xml
----------------- Instantiating /home/travis/build/icyphy/ptII/ptolemy/actor/lib/hoc/test/auto/ThreadedJS.xml
5336 ms. Memory: 279552K Free: 79360K (28%)
----------------- Invoking toplevel() on ptolemy.moml.MoMLSimpleApplication@26874a5c
----------------- Done invoking toplevel() on ptolemy.moml.MoMLSimpleApplication@26874a5c
reloadAllAccessors: .ThreadedJS
AutoTests.java: About to close Vertx.
AutoTests.java: Vertx closed.
]]></system-out>
  <system-err><![CDATA[java.lang.RuntimeException: Execution failed
	at ptolemy.moml.MoMLSimpleApplication$UnloadThread.run(MoMLSimpleApplication.java:402)
Caused by: ptolemy.kernel.util.IllegalActionException: initialize() was called after wrapup() was called but preinitialize() was not called after wrapup().
	at ptolemy.actor.lib.hoc.test.PreinitializeMustBeInvoked.initialize(PreinitializeMustBeInvoked.java:78)
	at ptolemy.actor.Director.initialize(Director.java:938)
	at ptolemy.actor.Director.initialize(Director.java:907)
	at ptolemy.actor.sched.StaticSchedulingDirector.initialize(StaticSchedulingDirector.java:159)
	at ptolemy.domains.sdf.kernel.SDFDirector.initialize(SDFDirector.java:544)
	at ptolemy.actor.CompositeActor.initialize(CompositeActor.java:935)
	at ptolemy.actor.lib.hoc.LifeCycleManager._executeInsideModel(LifeCycleManager.java:339)
	at ptolemy.actor.lib.hoc.RunCompositeActor.fire(RunCompositeActor.java:205)
	at ptolemy.actor.CompositeActor.iterate(CompositeActor.java:1146)
	at ptolemy.actor.sched.StaticSchedulingDirector.fire(StaticSchedulingDirector.java:216)
	at ptolemy.domains.sdf.kernel.SDFDirector.fire(SDFDirector.java:500)
	at ptolemy.actor.CompositeActor.fire(CompositeActor.java:455)
	at ptolemy.actor.Manager.iterate(Manager.java:851)
	at ptolemy.actor.Manager.execute(Manager.java:369)
	at ptolemy.actor.Manager.run(Manager.java:1263)
	at ptolemy.actor.Manager$PtolemyRunThread.run(Manager.java:1915)
java.lang.reflect.InvocationTargetException
	at java.base/jdk.internal.reflect.NativeConstructorAccessorImpl.newInstance0(Native Method)
	at java.base/jdk.internal.reflect.NativeConstructorAccessorImpl.newInstance(NativeConstructorAccessorImpl.java:62)
	at java.base/jdk.internal.reflect.DelegatingConstructorAccessorImpl.newInstance(DelegatingConstructorAccessorImpl.java:45)
	at java.base/java.lang.reflect.Constructor.newInstance(Constructor.java:490)
	at ptolemy.util.test.junit.AutoKnownFailedTests.RunModel(AutoKnownFailedTests.java:105)
	at java.base/jdk.internal.reflect.NativeMethodAccessorImpl.invoke0(Native Method)
	at java.base/jdk.internal.reflect.NativeMethodAccessorImpl.invoke(NativeMethodAccessorImpl.java:62)
	at java.base/jdk.internal.reflect.DelegatingMethodAccessorImpl.invoke(DelegatingMethodAccessorImpl.java:43)
	at java.base/java.lang.reflect.Method.invoke(Method.java:566)
	at org.junit.runners.model.FrameworkMethod$1.runReflectiveCall(FrameworkMethod.java:44)
	at org.junit.internal.runners.model.ReflectiveCallable.run(ReflectiveCallable.java:15)
	at org.junit.runners.model.FrameworkMethod.invokeExplosively(FrameworkMethod.java:41)
	at junitparams.internal.InvokeParameterisedMethod.evaluate(InvokeParameterisedMethod.java:102)
	at org.junit.internal.runners.statements.FailOnTimeout$1.run(FailOnTimeout.java:28)
Caused by: ptolemy.kernel.util.IllegalActionException: initialize() was called after wrapup() was called but preinitialize() was not called after wrapup().
	at ptolemy.actor.lib.hoc.test.PreinitializeMustBeInvoked.initialize(PreinitializeMustBeInvoked.java:78)
	at ptolemy.actor.Director.initialize(Director.java:938)
	at ptolemy.actor.Director.initialize(Director.java:907)
	at ptolemy.actor.sched.StaticSchedulingDirector.initialize(StaticSchedulingDirector.java:159)
	at ptolemy.domains.sdf.kernel.SDFDirector.initialize(SDFDirector.java:544)
	at ptolemy.actor.CompositeActor.initialize(CompositeActor.java:935)
	at ptolemy.actor.lib.hoc.LifeCycleManager._executeInsideModel(LifeCycleManager.java:339)
	at ptolemy.actor.lib.hoc.RunCompositeActor.fire(RunCompositeActor.java:205)
	at ptolemy.actor.CompositeActor.iterate(CompositeActor.java:1146)
	at ptolemy.actor.sched.StaticSchedulingDirector.fire(StaticSchedulingDirector.java:216)
	at ptolemy.domains.sdf.kernel.SDFDirector.fire(SDFDirector.java:500)
	at ptolemy.actor.CompositeActor.fire(CompositeActor.java:455)
	at ptolemy.actor.Manager.iterate(Manager.java:851)
	at ptolemy.actor.Manager.execute(Manager.java:369)
	at ptolemy.actor.Manager.run(Manager.java:1263)
	at ptolemy.actor.Manager$PtolemyRunThread.run(Manager.java:1915)
Warning: Nashorn engine is planned to be removed from a future JDK release
Warning: Nashorn engine is planned to be removed from a future JDK release
Warning: Nashorn engine is planned to be removed from a future JDK release
Warning: Nashorn engine is planned to be removed from a future JDK release
Warning: Nashorn engine is planned to be removed from a future JDK release
Warning: Nashorn engine is planned to be removed from a future JDK release
Warning: Nashorn engine is planned to be removed from a future JDK release
Warning: Nashorn engine is planned to be removed from a future JDK release
]]></system-err>
</testsuite>
