<?xml version="1.0" encoding="UTF-8" ?>
<testsuite errors="0" failures="0" hostname="travis-job-632705a7-3dac-4c13-a198-8db324e9126f" name="ptolemy.actor.lib.hoc.test.junit.JUnitTclTest" skipped="0" tests="58" time="33.385" timestamp="2019-11-08T06:16:55">
  <properties>
[...]
</properties>
  <testcase classname="ptolemy.util.test.junit.TclTests" name="[0] /home/travis/build/icyphy/ptII/ptolemy/actor/lib/hoc/test/IterateOverArray.tcl (RunTclFile)" time="0.289" />
  <testcase classname="ptolemy.util.test.junit.AutoKnownFailedTests" name="[0] /home/travis/build/icyphy/ptII/ptolemy/actor/lib/hoc/test/auto/knownFailedTests/PreinitializeMustBeInvokedRunComposite.xml (RunModel)" time="0.412" />
  <testcase classname="ptolemy.util.test.junit.AutoNameArchTests" name="[0] ThereAreNoAutoArchTests (RunModel)" time="0.007" />
  <testcase classname="ptolemy.util.test.junit.AutoTests" name="[0] /home/travis/build/icyphy/ptII/ptolemy/actor/lib/hoc/test/auto/AllToAllMultiInstanceComposite.xml (RunModel)" time="0.503" />
  <testcase classname="ptolemy.util.test.junit.AutoTests" name="[1] /home/travis/build/icyphy/ptII/ptolemy/actor/lib/hoc/test/auto/ApplyFFTTest.xml (RunModel)" time="0.44" />
  <testcase classname="ptolemy.util.test.junit.AutoTests" name="[2] /home/travis/build/icyphy/ptII/ptolemy/actor/lib/hoc/test/auto/ApplyFunction.xml (RunModel)" time="0.044" />
  <testcase classname="ptolemy.util.test.junit.AutoTests" name="[3] /home/travis/build/icyphy/ptII/ptolemy/actor/lib/hoc/test/auto/BackgroundExecution.xml (RunModel)" time="0.687" />
  <testcase classname="ptolemy.util.test.junit.AutoTests" name="[4] /home/travis/build/icyphy/ptII/ptolemy/actor/lib/hoc/test/auto/Case.xml (RunModel)" time="0.064" />
  <testcase classname="ptolemy.util.test.junit.AutoTests" name="[5] /home/travis/build/icyphy/ptII/ptolemy/actor/lib/hoc/test/auto/Case1.xml (RunModel)" time="0.039" />
  <testcase classname="ptolemy.util.test.junit.AutoTests" name="[6] /home/travis/build/icyphy/ptII/ptolemy/actor/lib/hoc/test/auto/Case2.xml (RunModel)" time="0.11" />
  <testcase classname="ptolemy.util.test.junit.AutoTests" name="[7] /home/travis/build/icyphy/ptII/ptolemy/actor/lib/hoc/test/auto/Case3.xml (RunModel)" time="0.061" />
  <testcase classname="ptolemy.util.test.junit.AutoTests" name="[8] /home/travis/build/icyphy/ptII/ptolemy/actor/lib/hoc/test/auto/Case4.xml (RunModel)" time="0.067" />
  <testcase classname="ptolemy.util.test.junit.AutoTests" name="[9] /home/travis/build/icyphy/ptII/ptolemy/actor/lib/hoc/test/auto/Case5.xml (RunModel)" time="0.102" />
  <testcase classname="ptolemy.util.test.junit.AutoTests" name="[10] /home/travis/build/icyphy/ptII/ptolemy/actor/lib/hoc/test/auto/Case6.xml (RunModel)" time="0.117" />
  <testcase classname="ptolemy.util.test.junit.AutoTests" name="[11] /home/travis/build/icyphy/ptII/ptolemy/actor/lib/hoc/test/auto/CaseString2.xml (RunModel)" time="0.038" />
  <testcase classname="ptolemy.util.test.junit.AutoTests" name="[12] /home/travis/build/icyphy/ptII/ptolemy/actor/lib/hoc/test/auto/CatchUpComposite1.xml (RunModel)" time="0.084" />
  <testcase classname="ptolemy.util.test.junit.AutoTests" name="[13] /home/travis/build/icyphy/ptII/ptolemy/actor/lib/hoc/test/auto/CatchUpComposite2.xml (RunModel)" time="0.049" />
  <testcase classname="ptolemy.util.test.junit.AutoTests" name="[14] /home/travis/build/icyphy/ptII/ptolemy/actor/lib/hoc/test/auto/CatchUpComposite3.xml (RunModel)" time="0.076" />
  <testcase classname="ptolemy.util.test.junit.AutoTests" name="[15] /home/travis/build/icyphy/ptII/ptolemy/actor/lib/hoc/test/auto/CatchUpComposite4.xml (RunModel)" time="0.088" />
  <testcase classname="ptolemy.util.test.junit.AutoTests" name="[16] /home/travis/build/icyphy/ptII/ptolemy/actor/lib/hoc/test/auto/CatchUpComposite5.xml (RunModel)" time="0.059" />
  <testcase classname="ptolemy.util.test.junit.AutoTests" name="[17] /home/travis/build/icyphy/ptII/ptolemy/actor/lib/hoc/test/auto/CatchUpComposite6.xml (RunModel)" time="0.191" />
  <testcase classname="ptolemy.util.test.junit.AutoTests" name="[18] /home/travis/build/icyphy/ptII/ptolemy/actor/lib/hoc/test/auto/CatchUpComposite7.xml (RunModel)" time="0.103" />
  <testcase classname="ptolemy.util.test.junit.AutoTests" name="[19] /home/travis/build/icyphy/ptII/ptolemy/actor/lib/hoc/test/auto/ConcurrentExecutionTimeSDF.xml (RunModel)" time="1.038" />
  <testcase classname="ptolemy.util.test.junit.AutoTests" name="[20] /home/travis/build/icyphy/ptII/ptolemy/actor/lib/hoc/test/auto/ConcurrentSleep.xml (RunModel)" time="0.765" />
  <testcase classname="ptolemy.util.test.junit.AutoTests" name="[21] /home/travis/build/icyphy/ptII/ptolemy/actor/lib/hoc/test/auto/DEInPNInRunCompositeActor.xml (RunModel)" time="0.056" />
  <testcase classname="ptolemy.util.test.junit.AutoTests" name="[22] /home/travis/build/icyphy/ptII/ptolemy/actor/lib/hoc/test/auto/DFTSubSetTest.xml (RunModel)" time="0.354" />
  <testcase classname="ptolemy.util.test.junit.AutoTests" name="[23] /home/travis/build/icyphy/ptII/ptolemy/actor/lib/hoc/test/auto/HocDE.xml (RunModel)" time="0.235" />
  <testcase classname="ptolemy.util.test.junit.AutoTests" name="[24] /home/travis/build/icyphy/ptII/ptolemy/actor/lib/hoc/test/auto/IterateOverArray.xml (RunModel)" time="0.038" />
  <testcase classname="ptolemy.util.test.junit.AutoTests" name="[25] /home/travis/build/icyphy/ptII/ptolemy/actor/lib/hoc/test/auto/IterateOverArray10.xml (RunModel)" time="0.02" />
  <testcase classname="ptolemy.util.test.junit.AutoTests" name="[26] /home/travis/build/icyphy/ptII/ptolemy/actor/lib/hoc/test/auto/IterateOverArray11.xml (RunModel)" time="0.023" />
  <testcase classname="ptolemy.util.test.junit.AutoTests" name="[27] /home/travis/build/icyphy/ptII/ptolemy/actor/lib/hoc/test/auto/IterateOverArray12.xml (RunModel)" time="0.036" />
  <testcase classname="ptolemy.util.test.junit.AutoTests" name="[28] /home/travis/build/icyphy/ptII/ptolemy/actor/lib/hoc/test/auto/IterateOverArray13.xml (RunModel)" time="0.161" />
  <testcase classname="ptolemy.util.test.junit.AutoTests" name="[29] /home/travis/build/icyphy/ptII/ptolemy/actor/lib/hoc/test/auto/IterateOverArray14.xml (RunModel)" time="0.166" />
  <testcase classname="ptolemy.util.test.junit.AutoTests" name="[30] /home/travis/build/icyphy/ptII/ptolemy/actor/lib/hoc/test/auto/IterateOverArray2.xml (RunModel)" time="0.028" />
  <testcase classname="ptolemy.util.test.junit.AutoTests" name="[31] /home/travis/build/icyphy/ptII/ptolemy/actor/lib/hoc/test/auto/IterateOverArray3.xml (RunModel)" time="0.05" />
  <testcase classname="ptolemy.util.test.junit.AutoTests" name="[32] /home/travis/build/icyphy/ptII/ptolemy/actor/lib/hoc/test/auto/IterateOverArray4.xml (RunModel)" time="0.02" />
  <testcase classname="ptolemy.util.test.junit.AutoTests" name="[33] /home/travis/build/icyphy/ptII/ptolemy/actor/lib/hoc/test/auto/IterateOverArray5.xml (RunModel)" time="0.032" />
  <testcase classname="ptolemy.util.test.junit.AutoTests" name="[34] /home/travis/build/icyphy/ptII/ptolemy/actor/lib/hoc/test/auto/IterateOverArray6.xml (RunModel)" time="0.017" />
  <testcase classname="ptolemy.util.test.junit.AutoTests" name="[35] /home/travis/build/icyphy/ptII/ptolemy/actor/lib/hoc/test/auto/IterateOverArray7.xml (RunModel)" time="0.018" />
  <testcase classname="ptolemy.util.test.junit.AutoTests" name="[36] /home/travis/build/icyphy/ptII/ptolemy/actor/lib/hoc/test/auto/IterateOverArray8.xml (RunModel)" time="0.017" />
  <testcase classname="ptolemy.util.test.junit.AutoTests" name="[37] /home/travis/build/icyphy/ptII/ptolemy/actor/lib/hoc/test/auto/IterateOverArray9.xml (RunModel)" time="0.024" />
  <testcase classname="ptolemy.util.test.junit.AutoTests" name="[38] /home/travis/build/icyphy/ptII/ptolemy/actor/lib/hoc/test/auto/IterateOverArrayCoercedOutputType.xml (RunModel)" time="0.035" />
  <testcase classname="ptolemy.util.test.junit.AutoTests" name="[39] /home/travis/build/icyphy/ptII/ptolemy/actor/lib/hoc/test/auto/IterateOverArrayInferredOutputType.xml (RunModel)" time="0.035" />
  <testcase classname="ptolemy.util.test.junit.AutoTests" name="[40] /home/travis/build/icyphy/ptII/ptolemy/actor/lib/hoc/test/auto/MobileFunctionTest.xml (RunModel)" time="0.031" />
  <testcase classname="ptolemy.util.test.junit.AutoTests" name="[41] /home/travis/build/icyphy/ptII/ptolemy/actor/lib/hoc/test/auto/MobileModelTest.xml (RunModel)" time="0.181" />
  <testcase classname="ptolemy.util.test.junit.AutoTests" name="[42] /home/travis/build/icyphy/ptII/ptolemy/actor/lib/hoc/test/auto/ModelReference.xml (RunModel)" time="0.067" />
  <testcase classname="ptolemy.util.test.junit.AutoTests" name="[43] /home/travis/build/icyphy/ptII/ptolemy/actor/lib/hoc/test/auto/ModelReference3.xml (RunModel)" time="0.042" />
  <testcase classname="ptolemy.util.test.junit.AutoTests" name="[44] /home/travis/build/icyphy/ptII/ptolemy/actor/lib/hoc/test/auto/ModelReference4.xml (RunModel)" time="10.027" />
  <testcase classname="ptolemy.util.test.junit.AutoTests" name="[45] /home/travis/build/icyphy/ptII/ptolemy/actor/lib/hoc/test/auto/MultiInstanceComposite.xml (RunModel)" time="0.064" />
  <testcase classname="ptolemy.util.test.junit.AutoTests" name="[46] /home/travis/build/icyphy/ptII/ptolemy/actor/lib/hoc/test/auto/MultiInstanceComposite2.xml (RunModel)" time="0.045" />
  <testcase classname="ptolemy.util.test.junit.AutoTests" name="[47] /home/travis/build/icyphy/ptII/ptolemy/actor/lib/hoc/test/auto/MulticoreExecution.xml (RunModel)" time="1.068" />
  <testcase classname="ptolemy.util.test.junit.AutoTests" name="[48] /home/travis/build/icyphy/ptII/ptolemy/actor/lib/hoc/test/auto/ParallelExecution.xml (RunModel)" time="0.947" />
  <testcase classname="ptolemy.util.test.junit.AutoTests" name="[49] /home/travis/build/icyphy/ptII/ptolemy/actor/lib/hoc/test/auto/RunCompositeActor.xml (RunModel)" time="0.031" />
  <testcase classname="ptolemy.util.test.junit.AutoTests" name="[50] /home/travis/build/icyphy/ptII/ptolemy/actor/lib/hoc/test/auto/RunCompositeActor2.xml (RunModel)" time="0.025" />
  <testcase classname="ptolemy.util.test.junit.AutoTests" name="[51] /home/travis/build/icyphy/ptII/ptolemy/actor/lib/hoc/test/auto/RunCompositeActor3.xml (RunModel)" time="0.021" />
  <testcase classname="ptolemy.util.test.junit.AutoTests" name="[52] /home/travis/build/icyphy/ptII/ptolemy/actor/lib/hoc/test/auto/RunCompositeActor4.xml (RunModel)" time="0.026" />
  <testcase classname="ptolemy.util.test.junit.AutoTests" name="[53] /home/travis/build/icyphy/ptII/ptolemy/actor/lib/hoc/test/auto/RunCompositeIterateOverArray.xml (RunModel)" time="0.041" />
  <testcase classname="ptolemy.util.test.junit.AutoTests" name="[54] /home/travis/build/icyphy/ptII/ptolemy/actor/lib/hoc/test/auto/ThreadedJS.xml (RunModel)" time="13.243" />
  <system-out><![CDATA[/home/travis/build/icyphy/ptII/ptolemy/actor/lib/hoc/test/IterateOverArray.tcl
testDefs.tcl: setting time out to 9000 seconds at Fri Nov 08 06:16:56 UTC 2019
11/08/19 06:16:56
Failed: 0  Total Tests: 2  ((Passed: 2, Newly Passed: 0)  Known Failed: 0) /home/travis/build/icyphy/ptII/ptolemy/actor/lib/hoc/test
----------------- testing (KnownFailure) /home/travis/build/icyphy/ptII/ptolemy/actor/lib/hoc/test/auto/knownFailedTests/PreinitializeMustBeInvokedRunComposite.xml
78 ms. Memory: 120832K Free: 80326K (66%)
Known Failure: java.lang.reflect.InvocationTargetException
No auto/linux-amd64/*.xml tests in /home/travis/build/icyphy/ptII/ptolemy/actor/lib/hoc/test
AutoTests.java: About to close Vertx.
AutoTests.java: Vertx closed.

===========================================================================================
----------------- testing Fri Nov 08 06:16:57 UTC 2019 /home/travis/build/icyphy/ptII/ptolemy/actor/lib/hoc/test/auto/AllToAllMultiInstanceComposite.xml
----------------- Instantiating /home/travis/build/icyphy/ptII/ptolemy/actor/lib/hoc/test/auto/AllToAllMultiInstanceComposite.xml
217 ms. Memory: 120832K Free: 95633K (79%)
----------------- Invoking toplevel() on ptolemy.moml.MoMLSimpleApplication@6c0caff8
----------------- Done invoking toplevel() on ptolemy.moml.MoMLSimpleApplication@6c0caff8
reloadAllAccessors: .AllToAllMultiInstanceComposite

===========================================================================================
----------------- testing Fri Nov 08 06:16:57 UTC 2019 /home/travis/build/icyphy/ptII/ptolemy/actor/lib/hoc/test/auto/ApplyFFTTest.xml
----------------- Instantiating /home/travis/build/icyphy/ptII/ptolemy/actor/lib/hoc/test/auto/ApplyFFTTest.xml
152 ms. Memory: 120832K Free: 104093K (86%)
----------------- Invoking toplevel() on ptolemy.moml.MoMLSimpleApplication@24bf9c3e
----------------- Done invoking toplevel() on ptolemy.moml.MoMLSimpleApplication@24bf9c3e
reloadAllAccessors: .ApplyFFTTest

===========================================================================================
----------------- testing Fri Nov 08 06:16:58 UTC 2019 /home/travis/build/icyphy/ptII/ptolemy/actor/lib/hoc/test/auto/ApplyFunction.xml
----------------- Instantiating /home/travis/build/icyphy/ptII/ptolemy/actor/lib/hoc/test/auto/ApplyFunction.xml
12 ms. Memory: 120832K Free: 100404K (83%)
----------------- Invoking toplevel() on ptolemy.moml.MoMLSimpleApplication@8b87e02
----------------- Done invoking toplevel() on ptolemy.moml.MoMLSimpleApplication@8b87e02
reloadAllAccessors: .ApplyFunction

===========================================================================================
----------------- testing Fri Nov 08 06:16:58 UTC 2019 /home/travis/build/icyphy/ptII/ptolemy/actor/lib/hoc/test/auto/BackgroundExecution.xml
----------------- Instantiating /home/travis/build/icyphy/ptII/ptolemy/actor/lib/hoc/test/auto/BackgroundExecution.xml
625 ms. Memory: 120832K Free: 93522K (77%)
----------------- Invoking toplevel() on ptolemy.moml.MoMLSimpleApplication@1f46001f
----------------- Done invoking toplevel() on ptolemy.moml.MoMLSimpleApplication@1f46001f
reloadAllAccessors: .BackgroundExecution

===========================================================================================
----------------- testing Fri Nov 08 06:16:58 UTC 2019 /home/travis/build/icyphy/ptII/ptolemy/actor/lib/hoc/test/auto/Case.xml
----------------- Instantiating /home/travis/build/icyphy/ptII/ptolemy/actor/lib/hoc/test/auto/Case.xml
24 ms. Memory: 120832K Free: 86621K (72%)
----------------- Invoking toplevel() on ptolemy.moml.MoMLSimpleApplication@4cfed594
----------------- Done invoking toplevel() on ptolemy.moml.MoMLSimpleApplication@4cfed594
reloadAllAccessors: .Case

===========================================================================================
----------------- testing Fri Nov 08 06:16:58 UTC 2019 /home/travis/build/icyphy/ptII/ptolemy/actor/lib/hoc/test/auto/Case1.xml
----------------- Instantiating /home/travis/build/icyphy/ptII/ptolemy/actor/lib/hoc/test/auto/Case1.xml
9 ms. Memory: 120832K Free: 79924K (66%)
----------------- Invoking toplevel() on ptolemy.moml.MoMLSimpleApplication@7b951260
----------------- Done invoking toplevel() on ptolemy.moml.MoMLSimpleApplication@7b951260
reloadAllAccessors: .Case1

===========================================================================================
----------------- testing Fri Nov 08 06:16:58 UTC 2019 /home/travis/build/icyphy/ptII/ptolemy/actor/lib/hoc/test/auto/Case2.xml
----------------- Instantiating /home/travis/build/icyphy/ptII/ptolemy/actor/lib/hoc/test/auto/Case2.xml
37 ms. Memory: 120832K Free: 105929K (88%)
----------------- Invoking toplevel() on ptolemy.moml.MoMLSimpleApplication@289b6f79
----------------- Done invoking toplevel() on ptolemy.moml.MoMLSimpleApplication@289b6f79
reloadAllAccessors: .Case2

===========================================================================================
----------------- testing Fri Nov 08 06:16:59 UTC 2019 /home/travis/build/icyphy/ptII/ptolemy/actor/lib/hoc/test/auto/Case3.xml
----------------- Instantiating /home/travis/build/icyphy/ptII/ptolemy/actor/lib/hoc/test/auto/Case3.xml
16 ms. Memory: 120832K Free: 99350K (82%)
----------------- Invoking toplevel() on ptolemy.moml.MoMLSimpleApplication@5a72ede4
----------------- Done invoking toplevel() on ptolemy.moml.MoMLSimpleApplication@5a72ede4
reloadAllAccessors: .Case3

===========================================================================================
----------------- testing Fri Nov 08 06:16:59 UTC 2019 /home/travis/build/icyphy/ptII/ptolemy/actor/lib/hoc/test/auto/Case4.xml
----------------- Instantiating /home/travis/build/icyphy/ptII/ptolemy/actor/lib/hoc/test/auto/Case4.xml
13 ms. Memory: 120832K Free: 91647K (76%)
----------------- Invoking toplevel() on ptolemy.moml.MoMLSimpleApplication@6516d698
----------------- Done invoking toplevel() on ptolemy.moml.MoMLSimpleApplication@6516d698
reloadAllAccessors: .Case4

===========================================================================================
----------------- testing Fri Nov 08 06:16:59 UTC 2019 /home/travis/build/icyphy/ptII/ptolemy/actor/lib/hoc/test/auto/Case5.xml
----------------- Instantiating /home/travis/build/icyphy/ptII/ptolemy/actor/lib/hoc/test/auto/Case5.xml
59 ms. Memory: 120832K Free: 85278K (71%)
----------------- Invoking toplevel() on ptolemy.moml.MoMLSimpleApplication@52f8d1c
----------------- Done invoking toplevel() on ptolemy.moml.MoMLSimpleApplication@52f8d1c
reloadAllAccessors: .junk

===========================================================================================
----------------- testing Fri Nov 08 06:16:59 UTC 2019 /home/travis/build/icyphy/ptII/ptolemy/actor/lib/hoc/test/auto/Case6.xml
----------------- Instantiating /home/travis/build/icyphy/ptII/ptolemy/actor/lib/hoc/test/auto/Case6.xml
63 ms. Memory: 120832K Free: 73750K (61%)
----------------- Invoking toplevel() on ptolemy.moml.MoMLSimpleApplication@28d63d10
----------------- Done invoking toplevel() on ptolemy.moml.MoMLSimpleApplication@28d63d10
reloadAllAccessors: .Case6

===========================================================================================
----------------- testing Fri Nov 08 06:16:59 UTC 2019 /home/travis/build/icyphy/ptII/ptolemy/actor/lib/hoc/test/auto/CaseString2.xml
----------------- Instantiating /home/travis/build/icyphy/ptII/ptolemy/actor/lib/hoc/test/auto/CaseString2.xml
10 ms. Memory: 120832K Free: 66342K (55%)
----------------- Invoking toplevel() on ptolemy.moml.MoMLSimpleApplication@58da15eb
----------------- Done invoking toplevel() on ptolemy.moml.MoMLSimpleApplication@58da15eb
reloadAllAccessors: .CaseString2

===========================================================================================
----------------- testing Fri Nov 08 06:16:59 UTC 2019 /home/travis/build/icyphy/ptII/ptolemy/actor/lib/hoc/test/auto/CatchUpComposite1.xml
----------------- Instantiating /home/travis/build/icyphy/ptII/ptolemy/actor/lib/hoc/test/auto/CatchUpComposite1.xml
52 ms. Memory: 147456K Free: 132237K (90%)
----------------- Invoking toplevel() on ptolemy.moml.MoMLSimpleApplication@23e46fb9
----------------- Done invoking toplevel() on ptolemy.moml.MoMLSimpleApplication@23e46fb9
reloadAllAccessors: .CatchUpComposite1

===========================================================================================
----------------- testing Fri Nov 08 06:16:59 UTC 2019 /home/travis/build/icyphy/ptII/ptolemy/actor/lib/hoc/test/auto/CatchUpComposite2.xml
----------------- Instantiating /home/travis/build/icyphy/ptII/ptolemy/actor/lib/hoc/test/auto/CatchUpComposite2.xml
16 ms. Memory: 147456K Free: 123619K (84%)
----------------- Invoking toplevel() on ptolemy.moml.MoMLSimpleApplication@608220df
----------------- Done invoking toplevel() on ptolemy.moml.MoMLSimpleApplication@608220df
reloadAllAccessors: .CatchUpComposite2

===========================================================================================
----------------- testing Fri Nov 08 06:16:59 UTC 2019 /home/travis/build/icyphy/ptII/ptolemy/actor/lib/hoc/test/auto/CatchUpComposite3.xml
----------------- Instantiating /home/travis/build/icyphy/ptII/ptolemy/actor/lib/hoc/test/auto/CatchUpComposite3.xml
23 ms. Memory: 147456K Free: 115120K (78%)
----------------- Invoking toplevel() on ptolemy.moml.MoMLSimpleApplication@6ab773f3
----------------- Done invoking toplevel() on ptolemy.moml.MoMLSimpleApplication@6ab773f3
reloadAllAccessors: .CatchUpComposite3

===========================================================================================
----------------- testing Fri Nov 08 06:16:59 UTC 2019 /home/travis/build/icyphy/ptII/ptolemy/actor/lib/hoc/test/auto/CatchUpComposite4.xml
----------------- Instantiating /home/travis/build/icyphy/ptII/ptolemy/actor/lib/hoc/test/auto/CatchUpComposite4.xml
25 ms. Memory: 147456K Free: 107527K (73%)
----------------- Invoking toplevel() on ptolemy.moml.MoMLSimpleApplication@3dfccb4
----------------- Done invoking toplevel() on ptolemy.moml.MoMLSimpleApplication@3dfccb4
reloadAllAccessors: .CatchUpComposite4

===========================================================================================
----------------- testing Fri Nov 08 06:16:59 UTC 2019 /home/travis/build/icyphy/ptII/ptolemy/actor/lib/hoc/test/auto/CatchUpComposite5.xml
----------------- Instantiating /home/travis/build/icyphy/ptII/ptolemy/actor/lib/hoc/test/auto/CatchUpComposite5.xml
17 ms. Memory: 147456K Free: 100027K (68%)
----------------- Invoking toplevel() on ptolemy.moml.MoMLSimpleApplication@4ab5a674
----------------- Done invoking toplevel() on ptolemy.moml.MoMLSimpleApplication@4ab5a674
reloadAllAccessors: .CatchUpComposite5

===========================================================================================
----------------- testing Fri Nov 08 06:16:59 UTC 2019 /home/travis/build/icyphy/ptII/ptolemy/actor/lib/hoc/test/auto/CatchUpComposite6.xml
----------------- Instantiating /home/travis/build/icyphy/ptII/ptolemy/actor/lib/hoc/test/auto/CatchUpComposite6.xml
WARNING: The execution aspects in this model can influence the timing of actors by delaying the 
execution, potentially changing the behavior. There is no guarantee that actors fire at the 
time they request to be fired. 
Use Ptides for deterministic DE behavior that is not influenced by execution aspects. 

105 ms. Memory: 147456K Free: 85455K (58%)
----------------- Invoking toplevel() on ptolemy.moml.MoMLSimpleApplication@2ebe77a9
----------------- Done invoking toplevel() on ptolemy.moml.MoMLSimpleApplication@2ebe77a9
reloadAllAccessors: .CatchUpComposite6

===========================================================================================
----------------- testing Fri Nov 08 06:17:00 UTC 2019 /home/travis/build/icyphy/ptII/ptolemy/actor/lib/hoc/test/auto/CatchUpComposite7.xml
----------------- Instantiating /home/travis/build/icyphy/ptII/ptolemy/actor/lib/hoc/test/auto/CatchUpComposite7.xml
WARNING: The execution aspects in this model can influence the timing of actors by delaying the 
execution, potentially changing the behavior. There is no guarantee that actors fire at the 
time they request to be fired. 
Use Ptides for deterministic DE behavior that is not influenced by execution aspects. 

39 ms. Memory: 147456K Free: 128646K (87%)
----------------- Invoking toplevel() on ptolemy.moml.MoMLSimpleApplication@102b2835
----------------- Done invoking toplevel() on ptolemy.moml.MoMLSimpleApplication@102b2835
reloadAllAccessors: .CatchUpComposite7

===========================================================================================
----------------- testing Fri Nov 08 06:17:00 UTC 2019 /home/travis/build/icyphy/ptII/ptolemy/actor/lib/hoc/test/auto/ConcurrentExecutionTimeSDF.xml
----------------- Instantiating /home/travis/build/icyphy/ptII/ptolemy/actor/lib/hoc/test/auto/ConcurrentExecutionTimeSDF.xml
Fired ExecutionTime: 40400000
Fired ExecutionTime: 40400000
Fired ExecutionTime: 40400000
Fired ExecutionTime: 40400000
Fired ExecutionTime: 40400000
Fired ExecutionTime: 40400000
Fired ExecutionTime: 40400000
Fired ExecutionTime: 40400000
Fired ExecutionTime: 40400000
Fired ExecutionTime: 40400000
Fired ExecutionTime: 40400000
Fired ExecutionTime: 40400000
Fired ExecutionTime: 40400000
Fired ExecutionTime: 40400000
Fired ExecutionTime: 40400000
Fired ExecutionTime: 40400000
Fired ExecutionTime: 40400000
Fired ExecutionTime: 40400000
Fired ExecutionTime: 40400000
Fired ExecutionTime: 40400000
1009 ms. Memory: 147456K Free: 122164K (83%)
----------------- Invoking toplevel() on ptolemy.moml.MoMLSimpleApplication@5b234a60
----------------- Done invoking toplevel() on ptolemy.moml.MoMLSimpleApplication@5b234a60
reloadAllAccessors: .ConcurrentExecutionTimeSDF

===========================================================================================
----------------- testing Fri Nov 08 06:17:01 UTC 2019 /home/travis/build/icyphy/ptII/ptolemy/actor/lib/hoc/test/auto/ConcurrentSleep.xml
----------------- Instantiating /home/travis/build/icyphy/ptII/ptolemy/actor/lib/hoc/test/auto/ConcurrentSleep.xml
726 ms. Memory: 147456K Free: 111586K (76%)
----------------- Invoking toplevel() on ptolemy.moml.MoMLSimpleApplication@3cfa912f
----------------- Done invoking toplevel() on ptolemy.moml.MoMLSimpleApplication@3cfa912f
reloadAllAccessors: .ConcurrentSleep

===========================================================================================
----------------- testing Fri Nov 08 06:17:01 UTC 2019 /home/travis/build/icyphy/ptII/ptolemy/actor/lib/hoc/test/auto/DEInPNInRunCompositeActor.xml
----------------- Instantiating /home/travis/build/icyphy/ptII/ptolemy/actor/lib/hoc/test/auto/DEInPNInRunCompositeActor.xml
10 ms. Memory: 147456K Free: 106118K (72%)
----------------- Invoking toplevel() on ptolemy.moml.MoMLSimpleApplication@665da87c
----------------- Done invoking toplevel() on ptolemy.moml.MoMLSimpleApplication@665da87c
reloadAllAccessors: .DEInPNInRunCompositeActor

===========================================================================================
----------------- testing Fri Nov 08 06:17:01 UTC 2019 /home/travis/build/icyphy/ptII/ptolemy/actor/lib/hoc/test/auto/DFTSubSetTest.xml
----------------- Instantiating /home/travis/build/icyphy/ptII/ptolemy/actor/lib/hoc/test/auto/DFTSubSetTest.xml
233 ms. Memory: 147456K Free: 129990K (88%)
----------------- Invoking toplevel() on ptolemy.moml.MoMLSimpleApplication@6358e23b
----------------- Done invoking toplevel() on ptolemy.moml.MoMLSimpleApplication@6358e23b
reloadAllAccessors: .DFTSubSetTest

===========================================================================================
----------------- testing Fri Nov 08 06:17:02 UTC 2019 /home/travis/build/icyphy/ptII/ptolemy/actor/lib/hoc/test/auto/HocDE.xml
----------------- Instantiating /home/travis/build/icyphy/ptII/ptolemy/actor/lib/hoc/test/auto/HocDE.xml
150 ms. Memory: 147456K Free: 104990K (71%)
----------------- Invoking toplevel() on ptolemy.moml.MoMLSimpleApplication@64ac843d
----------------- Done invoking toplevel() on ptolemy.moml.MoMLSimpleApplication@64ac843d
reloadAllAccessors: .HocDE

===========================================================================================
----------------- testing Fri Nov 08 06:17:02 UTC 2019 /home/travis/build/icyphy/ptII/ptolemy/actor/lib/hoc/test/auto/IterateOverArray.xml
----------------- Instantiating /home/travis/build/icyphy/ptII/ptolemy/actor/lib/hoc/test/auto/IterateOverArray.xml
6 ms. Memory: 147456K Free: 100894K (68%)
----------------- Invoking toplevel() on ptolemy.moml.MoMLSimpleApplication@6d3ecb81
----------------- Done invoking toplevel() on ptolemy.moml.MoMLSimpleApplication@6d3ecb81
reloadAllAccessors: .IterateOverArray

===========================================================================================
----------------- testing Fri Nov 08 06:17:02 UTC 2019 /home/travis/build/icyphy/ptII/ptolemy/actor/lib/hoc/test/auto/IterateOverArray10.xml
----------------- Instantiating /home/travis/build/icyphy/ptII/ptolemy/actor/lib/hoc/test/auto/IterateOverArray10.xml
3 ms. Memory: 147456K Free: 97449K (66%)
----------------- Invoking toplevel() on ptolemy.moml.MoMLSimpleApplication@2452e5d1
----------------- Done invoking toplevel() on ptolemy.moml.MoMLSimpleApplication@2452e5d1
reloadAllAccessors: .IterateOverArray10

===========================================================================================
----------------- testing Fri Nov 08 06:17:02 UTC 2019 /home/travis/build/icyphy/ptII/ptolemy/actor/lib/hoc/test/auto/IterateOverArray11.xml
----------------- Instantiating /home/travis/build/icyphy/ptII/ptolemy/actor/lib/hoc/test/auto/IterateOverArray11.xml
6 ms. Memory: 147456K Free: 93696K (64%)
----------------- Invoking toplevel() on ptolemy.moml.MoMLSimpleApplication@1c7dce00
----------------- Done invoking toplevel() on ptolemy.moml.MoMLSimpleApplication@1c7dce00
reloadAllAccessors: .IterateOverArray11

===========================================================================================
----------------- testing Fri Nov 08 06:17:02 UTC 2019 /home/travis/build/icyphy/ptII/ptolemy/actor/lib/hoc/test/auto/IterateOverArray12.xml
----------------- Instantiating /home/travis/build/icyphy/ptII/ptolemy/actor/lib/hoc/test/auto/IterateOverArray12.xml
19 ms. Memory: 147456K Free: 87582K (59%)
----------------- Invoking toplevel() on ptolemy.moml.MoMLSimpleApplication@94bdfaa
----------------- Done invoking toplevel() on ptolemy.moml.MoMLSimpleApplication@94bdfaa
reloadAllAccessors: .IterateOverArray12

===========================================================================================
----------------- testing Fri Nov 08 06:17:02 UTC 2019 /home/travis/build/icyphy/ptII/ptolemy/actor/lib/hoc/test/auto/IterateOverArray13.xml
----------------- Instantiating /home/travis/build/icyphy/ptII/ptolemy/actor/lib/hoc/test/auto/IterateOverArray13.xml
88 ms. Memory: 147456K Free: 62358K (42%)
----------------- Invoking toplevel() on ptolemy.moml.MoMLSimpleApplication@1d0c9342
----------------- Done invoking toplevel() on ptolemy.moml.MoMLSimpleApplication@1d0c9342
reloadAllAccessors: .IterateOverArray13

===========================================================================================
----------------- testing Fri Nov 08 06:17:02 UTC 2019 /home/travis/build/icyphy/ptII/ptolemy/actor/lib/hoc/test/auto/IterateOverArray14.xml
----------------- Instantiating /home/travis/build/icyphy/ptII/ptolemy/actor/lib/hoc/test/auto/IterateOverArray14.xml
74 ms. Memory: 147456K Free: 104028K (71%)
----------------- Invoking toplevel() on ptolemy.moml.MoMLSimpleApplication@3c1ad707
----------------- Done invoking toplevel() on ptolemy.moml.MoMLSimpleApplication@3c1ad707
reloadAllAccessors: .IterateOverArray14

===========================================================================================
----------------- testing Fri Nov 08 06:17:03 UTC 2019 /home/travis/build/icyphy/ptII/ptolemy/actor/lib/hoc/test/auto/IterateOverArray2.xml
----------------- Instantiating /home/travis/build/icyphy/ptII/ptolemy/actor/lib/hoc/test/auto/IterateOverArray2.xml
9 ms. Memory: 147456K Free: 99422K (67%)
----------------- Invoking toplevel() on ptolemy.moml.MoMLSimpleApplication@5c2cf679
----------------- Done invoking toplevel() on ptolemy.moml.MoMLSimpleApplication@5c2cf679
reloadAllAccessors: .IterateOverArray2

===========================================================================================
----------------- testing Fri Nov 08 06:17:03 UTC 2019 /home/travis/build/icyphy/ptII/ptolemy/actor/lib/hoc/test/auto/IterateOverArray3.xml
----------------- Instantiating /home/travis/build/icyphy/ptII/ptolemy/actor/lib/hoc/test/auto/IterateOverArray3.xml
25 ms. Memory: 147456K Free: 93278K (63%)
----------------- Invoking toplevel() on ptolemy.moml.MoMLSimpleApplication@43be553c
----------------- Done invoking toplevel() on ptolemy.moml.MoMLSimpleApplication@43be553c
reloadAllAccessors: .IterateOverArray3

===========================================================================================
----------------- testing Fri Nov 08 06:17:03 UTC 2019 /home/travis/build/icyphy/ptII/ptolemy/actor/lib/hoc/test/auto/IterateOverArray4.xml
----------------- Instantiating /home/travis/build/icyphy/ptII/ptolemy/actor/lib/hoc/test/auto/IterateOverArray4.xml
5 ms. Memory: 147456K Free: 89182K (60%)
----------------- Invoking toplevel() on ptolemy.moml.MoMLSimpleApplication@2edc2a27
----------------- Done invoking toplevel() on ptolemy.moml.MoMLSimpleApplication@2edc2a27
reloadAllAccessors: .IterateOverArray4

===========================================================================================
----------------- testing Fri Nov 08 06:17:03 UTC 2019 /home/travis/build/icyphy/ptII/ptolemy/actor/lib/hoc/test/auto/IterateOverArray5.xml
----------------- Instantiating /home/travis/build/icyphy/ptII/ptolemy/actor/lib/hoc/test/auto/IterateOverArray5.xml
9 ms. Memory: 147456K Free: 85086K (58%)
----------------- Invoking toplevel() on ptolemy.moml.MoMLSimpleApplication@7d39828b
----------------- Done invoking toplevel() on ptolemy.moml.MoMLSimpleApplication@7d39828b
reloadAllAccessors: .IterateOverArray5

===========================================================================================
----------------- testing Fri Nov 08 06:17:03 UTC 2019 /home/travis/build/icyphy/ptII/ptolemy/actor/lib/hoc/test/auto/IterateOverArray6.xml
----------------- Instantiating /home/travis/build/icyphy/ptII/ptolemy/actor/lib/hoc/test/auto/IterateOverArray6.xml
3 ms. Memory: 147456K Free: 81500K (55%)
----------------- Invoking toplevel() on ptolemy.moml.MoMLSimpleApplication@31329e14
----------------- Done invoking toplevel() on ptolemy.moml.MoMLSimpleApplication@31329e14
reloadAllAccessors: .IterateOverArray6

===========================================================================================
----------------- testing Fri Nov 08 06:17:03 UTC 2019 /home/travis/build/icyphy/ptII/ptolemy/actor/lib/hoc/test/auto/IterateOverArray7.xml
----------------- Instantiating /home/travis/build/icyphy/ptII/ptolemy/actor/lib/hoc/test/auto/IterateOverArray7.xml
4 ms. Memory: 147456K Free: 76894K (52%)
----------------- Invoking toplevel() on ptolemy.moml.MoMLSimpleApplication@a0b932a
----------------- Done invoking toplevel() on ptolemy.moml.MoMLSimpleApplication@a0b932a
reloadAllAccessors: .IterateOverArray7

===========================================================================================
----------------- testing Fri Nov 08 06:17:03 UTC 2019 /home/travis/build/icyphy/ptII/ptolemy/actor/lib/hoc/test/auto/IterateOverArray8.xml
----------------- Instantiating /home/travis/build/icyphy/ptII/ptolemy/actor/lib/hoc/test/auto/IterateOverArray8.xml
3 ms. Memory: 147456K Free: 72798K (49%)
----------------- Invoking toplevel() on ptolemy.moml.MoMLSimpleApplication@179c6703
----------------- Done invoking toplevel() on ptolemy.moml.MoMLSimpleApplication@179c6703
reloadAllAccessors: .IterateOverArray8

===========================================================================================
----------------- testing Fri Nov 08 06:17:03 UTC 2019 /home/travis/build/icyphy/ptII/ptolemy/actor/lib/hoc/test/auto/IterateOverArray9.xml
----------------- Instantiating /home/travis/build/icyphy/ptII/ptolemy/actor/lib/hoc/test/auto/IterateOverArray9.xml
6 ms. Memory: 147456K Free: 68702K (47%)
----------------- Invoking toplevel() on ptolemy.moml.MoMLSimpleApplication@74eff088
----------------- Done invoking toplevel() on ptolemy.moml.MoMLSimpleApplication@74eff088
reloadAllAccessors: .IterateOverArray9

===========================================================================================
----------------- testing Fri Nov 08 06:17:03 UTC 2019 /home/travis/build/icyphy/ptII/ptolemy/actor/lib/hoc/test/auto/IterateOverArrayCoercedOutputType.xml
----------------- Instantiating /home/travis/build/icyphy/ptII/ptolemy/actor/lib/hoc/test/auto/IterateOverArrayCoercedOutputType.xml
4 ms. Memory: 147456K Free: 63582K (43%)
----------------- Invoking toplevel() on ptolemy.moml.MoMLSimpleApplication@4f3c3da9
----------------- Done invoking toplevel() on ptolemy.moml.MoMLSimpleApplication@4f3c3da9
reloadAllAccessors: .IterateOverArrayCoercedOutputType

===========================================================================================
----------------- testing Fri Nov 08 06:17:03 UTC 2019 /home/travis/build/icyphy/ptII/ptolemy/actor/lib/hoc/test/auto/IterateOverArrayInferredOutputType.xml
----------------- Instantiating /home/travis/build/icyphy/ptII/ptolemy/actor/lib/hoc/test/auto/IterateOverArrayInferredOutputType.xml
9 ms. Memory: 147456K Free: 58972K (40%)
----------------- Invoking toplevel() on ptolemy.moml.MoMLSimpleApplication@7d9a2a6e
----------------- Done invoking toplevel() on ptolemy.moml.MoMLSimpleApplication@7d9a2a6e
reloadAllAccessors: .IterateOverArrayInferredOutputType

===========================================================================================
----------------- testing Fri Nov 08 06:17:03 UTC 2019 /home/travis/build/icyphy/ptII/ptolemy/actor/lib/hoc/test/auto/MobileFunctionTest.xml
----------------- Instantiating /home/travis/build/icyphy/ptII/ptolemy/actor/lib/hoc/test/auto/MobileFunctionTest.xml
3 ms. Memory: 147456K Free: 54862K (37%)
----------------- Invoking toplevel() on ptolemy.moml.MoMLSimpleApplication@15ff47f6
----------------- Done invoking toplevel() on ptolemy.moml.MoMLSimpleApplication@15ff47f6
reloadAllAccessors: .MobileFunctionTest

===========================================================================================
----------------- testing Fri Nov 08 06:17:03 UTC 2019 /home/travis/build/icyphy/ptII/ptolemy/actor/lib/hoc/test/auto/MobileModelTest.xml
----------------- Instantiating /home/travis/build/icyphy/ptII/ptolemy/actor/lib/hoc/test/auto/MobileModelTest.xml
141 ms. Memory: 147456K Free: 116622K (79%)
----------------- Invoking toplevel() on ptolemy.moml.MoMLSimpleApplication@525839d7
----------------- Done invoking toplevel() on ptolemy.moml.MoMLSimpleApplication@525839d7
reloadAllAccessors: .MobileModelTest

===========================================================================================
----------------- testing Fri Nov 08 06:17:03 UTC 2019 /home/travis/build/icyphy/ptII/ptolemy/actor/lib/hoc/test/auto/ModelReference.xml
----------------- Instantiating /home/travis/build/icyphy/ptII/ptolemy/actor/lib/hoc/test/auto/ModelReference.xml
2 ms. Memory: 147456K Free: 109964K (75%)
4 ms. Memory: 147456K Free: 109454K (74%)
2 ms. Memory: 147456K Free: 108430K (74%)
2 ms. Memory: 147456K Free: 107406K (73%)
2 ms. Memory: 147456K Free: 106878K (72%)
1 ms. Memory: 147456K Free: 105868K (72%)
3 ms. Memory: 147456K Free: 105358K (71%)
1 ms. Memory: 147456K Free: 104334K (71%)
3 ms. Memory: 147456K Free: 103310K (70%)
4 ms. Memory: 147456K Free: 102782K (70%)
34 ms. Memory: 147456K Free: 102782K (70%)
----------------- Invoking toplevel() on ptolemy.moml.MoMLSimpleApplication@355313cd
----------------- Done invoking toplevel() on ptolemy.moml.MoMLSimpleApplication@355313cd
reloadAllAccessors: .ModelReference

===========================================================================================
----------------- testing Fri Nov 08 06:17:03 UTC 2019 /home/travis/build/icyphy/ptII/ptolemy/actor/lib/hoc/test/auto/ModelReference3.xml
----------------- Instantiating /home/travis/build/icyphy/ptII/ptolemy/actor/lib/hoc/test/auto/ModelReference3.xml
2 ms. Memory: 147456K Free: 98190K (67%)
3 ms. Memory: 147456K Free: 97646K (66%)
1 ms. Memory: 147456K Free: 96652K (66%)
3 ms. Memory: 147456K Free: 96142K (65%)
1 ms. Memory: 147456K Free: 95118K (65%)
2 ms. Memory: 147456K Free: 94094K (64%)
2 ms. Memory: 147456K Free: 93566K (63%)
5 ms. Memory: 147456K Free: 92556K (63%)
2 ms. Memory: 147456K Free: 92046K (62%)
1 ms. Memory: 147456K Free: 91022K (62%)
29 ms. Memory: 147456K Free: 91022K (62%)
----------------- Invoking toplevel() on ptolemy.moml.MoMLSimpleApplication@75388856
----------------- Done invoking toplevel() on ptolemy.moml.MoMLSimpleApplication@75388856
reloadAllAccessors: .ModelReference3

===========================================================================================
----------------- testing Fri Nov 08 06:17:03 UTC 2019 /home/travis/build/icyphy/ptII/ptolemy/actor/lib/hoc/test/auto/ModelReference4.xml
----------------- Instantiating /home/travis/build/icyphy/ptII/ptolemy/actor/lib/hoc/test/auto/ModelReference4.xml
2 ms. Memory: 147456K Free: 86398K (59%)
3 ms. Memory: 147456K Free: 84878K (58%)
2 ms. Memory: 147456K Free: 83854K (57%)
3 ms. Memory: 147456K Free: 82310K (56%)
2 ms. Memory: 147456K Free: 81278K (55%)
6 ms. Memory: 147456K Free: 80262K (54%)
8 ms. Memory: 147456K Free: 78214K (53%)
4 ms. Memory: 147456K Free: 77182K (52%)
2 ms. Memory: 147456K Free: 75662K (51%)
4 ms. Memory: 147456K Free: 74638K (51%)
10016 ms. Memory: 147456K Free: 74638K (51%)
----------------- Invoking toplevel() on ptolemy.moml.MoMLSimpleApplication@24ce6d0c
----------------- Done invoking toplevel() on ptolemy.moml.MoMLSimpleApplication@24ce6d0c
reloadAllAccessors: .ModelReference4

===========================================================================================
----------------- testing Fri Nov 08 06:17:13 UTC 2019 /home/travis/build/icyphy/ptII/ptolemy/actor/lib/hoc/test/auto/MultiInstanceComposite.xml
----------------- Instantiating /home/travis/build/icyphy/ptII/ptolemy/actor/lib/hoc/test/auto/MultiInstanceComposite.xml
33 ms. Memory: 147456K Free: 55692K (38%)
----------------- Invoking toplevel() on ptolemy.moml.MoMLSimpleApplication@7269b759
----------------- Done invoking toplevel() on ptolemy.moml.MoMLSimpleApplication@7269b759
reloadAllAccessors: .MultiInstanceComposite

===========================================================================================
----------------- testing Fri Nov 08 06:17:13 UTC 2019 /home/travis/build/icyphy/ptII/ptolemy/actor/lib/hoc/test/auto/MultiInstanceComposite2.xml
----------------- Instantiating /home/travis/build/icyphy/ptII/ptolemy/actor/lib/hoc/test/auto/MultiInstanceComposite2.xml
25 ms. Memory: 147456K Free: 130421K (88%)
----------------- Invoking toplevel() on ptolemy.moml.MoMLSimpleApplication@35d6d0de
----------------- Done invoking toplevel() on ptolemy.moml.MoMLSimpleApplication@35d6d0de
reloadAllAccessors: .MultiInstanceComposite2

===========================================================================================
----------------- testing Fri Nov 08 06:17:13 UTC 2019 /home/travis/build/icyphy/ptII/ptolemy/actor/lib/hoc/test/auto/MulticoreExecution.xml
----------------- Instantiating /home/travis/build/icyphy/ptII/ptolemy/actor/lib/hoc/test/auto/MulticoreExecution.xml
Fired ExecutionTime: 13200000
Fired ExecutionTime: 18400000
Fired ExecutionTime: 91600000
Fired ExecutionTime: 89600000
Fired ExecutionTime: 88800000
Fired ExecutionTime: 88800000
Fired ExecutionTime: 89600000
Fired ExecutionTime: 87200000
Fired ExecutionTime: 85200000
Fired ExecutionTime: 90000000
Fired ExecutionTime: 86800000
Fired ExecutionTime: 89600000
Fired ExecutionTime: 90000000
Fired ExecutionTime: 86800000
Fired ExecutionTime: 88800000
Fired ExecutionTime: 89200000
Fired ExecutionTime: 80800000
Fired ExecutionTime: 86000000
Fired ExecutionTime: 88000000
Fired ExecutionTime: 87600000
1044 ms. Memory: 147456K Free: 121491K (82%)
----------------- Invoking toplevel() on ptolemy.moml.MoMLSimpleApplication@1e76aaf7
----------------- Done invoking toplevel() on ptolemy.moml.MoMLSimpleApplication@1e76aaf7
reloadAllAccessors: .MulticoreExecution

===========================================================================================
----------------- testing Fri Nov 08 06:17:14 UTC 2019 /home/travis/build/icyphy/ptII/ptolemy/actor/lib/hoc/test/auto/ParallelExecution.xml
----------------- Instantiating /home/travis/build/icyphy/ptII/ptolemy/actor/lib/hoc/test/auto/ParallelExecution.xml
916 ms. Memory: 147456K Free: 114323K (78%)
----------------- Invoking toplevel() on ptolemy.moml.MoMLSimpleApplication@385cf33d
----------------- Done invoking toplevel() on ptolemy.moml.MoMLSimpleApplication@385cf33d
reloadAllAccessors: .ParallelExecution

===========================================================================================
----------------- testing Fri Nov 08 06:17:15 UTC 2019 /home/travis/build/icyphy/ptII/ptolemy/actor/lib/hoc/test/auto/RunCompositeActor.xml
----------------- Instantiating /home/travis/build/icyphy/ptII/ptolemy/actor/lib/hoc/test/auto/RunCompositeActor.xml
11 ms. Memory: 147456K Free: 107313K (73%)
----------------- Invoking toplevel() on ptolemy.moml.MoMLSimpleApplication@7db87881
----------------- Done invoking toplevel() on ptolemy.moml.MoMLSimpleApplication@7db87881
reloadAllAccessors: .RunCompositeActor

===========================================================================================
----------------- testing Fri Nov 08 06:17:15 UTC 2019 /home/travis/build/icyphy/ptII/ptolemy/actor/lib/hoc/test/auto/RunCompositeActor2.xml
----------------- Instantiating /home/travis/build/icyphy/ptII/ptolemy/actor/lib/hoc/test/auto/RunCompositeActor2.xml
11 ms. Memory: 147456K Free: 101129K (69%)
----------------- Invoking toplevel() on ptolemy.moml.MoMLSimpleApplication@473d99f3
----------------- Done invoking toplevel() on ptolemy.moml.MoMLSimpleApplication@473d99f3
reloadAllAccessors: .RunCompositeActor2

===========================================================================================
----------------- testing Fri Nov 08 06:17:15 UTC 2019 /home/travis/build/icyphy/ptII/ptolemy/actor/lib/hoc/test/auto/RunCompositeActor3.xml
----------------- Instantiating /home/travis/build/icyphy/ptII/ptolemy/actor/lib/hoc/test/auto/RunCompositeActor3.xml
3 ms. Memory: 147456K Free: 96047K (65%)
----------------- Invoking toplevel() on ptolemy.moml.MoMLSimpleApplication@74a5b6b0
----------------- Done invoking toplevel() on ptolemy.moml.MoMLSimpleApplication@74a5b6b0
reloadAllAccessors: .RunCompositeActor3

===========================================================================================
----------------- testing Fri Nov 08 06:17:15 UTC 2019 /home/travis/build/icyphy/ptII/ptolemy/actor/lib/hoc/test/auto/RunCompositeActor4.xml
----------------- Instantiating /home/travis/build/icyphy/ptII/ptolemy/actor/lib/hoc/test/auto/RunCompositeActor4.xml
11 ms. Memory: 147456K Free: 88296K (60%)
----------------- Invoking toplevel() on ptolemy.moml.MoMLSimpleApplication@207394a4
----------------- Done invoking toplevel() on ptolemy.moml.MoMLSimpleApplication@207394a4
reloadAllAccessors: .RunCompositeActor4

===========================================================================================
----------------- testing Fri Nov 08 06:17:15 UTC 2019 /home/travis/build/icyphy/ptII/ptolemy/actor/lib/hoc/test/auto/RunCompositeIterateOverArray.xml
----------------- Instantiating /home/travis/build/icyphy/ptII/ptolemy/actor/lib/hoc/test/auto/RunCompositeIterateOverArray.xml
5 ms. Memory: 147456K Free: 82579K (56%)
----------------- Invoking toplevel() on ptolemy.moml.MoMLSimpleApplication@9089dc3
----------------- Done invoking toplevel() on ptolemy.moml.MoMLSimpleApplication@9089dc3
reloadAllAccessors: .RunCompositeIterateOverArray

===========================================================================================
----------------- testing Fri Nov 08 06:17:15 UTC 2019 /home/travis/build/icyphy/ptII/ptolemy/actor/lib/hoc/test/auto/ThreadedJS.xml
----------------- Instantiating /home/travis/build/icyphy/ptII/ptolemy/actor/lib/hoc/test/auto/ThreadedJS.xml
5936 ms. Memory: 212992K Free: 133632K (63%)
----------------- Invoking toplevel() on ptolemy.moml.MoMLSimpleApplication@147bec83
----------------- Done invoking toplevel() on ptolemy.moml.MoMLSimpleApplication@147bec83
reloadAllAccessors: .ThreadedJS
AutoTests.java: About to close Vertx.
AutoTests.java: Vertx closed.
]]></system-out>
  <system-err><![CDATA[java.lang.RuntimeException: Execution failed
	at ptolemy.moml.MoMLSimpleApplication$UnloadThread.run(MoMLSimpleApplication.java:402)
Caused by: ptolemy.kernel.util.IllegalActionException: initialize() was called after wrapup() was called but preinitialize() was not called after wrapup().
	at ptolemy.actor.lib.hoc.test.PreinitializeMustBeInvoked.initialize(PreinitializeMustBeInvoked.java:78)
	at ptolemy.actor.Director.initialize(Director.java:938)
	at ptolemy.actor.Director.initialize(Director.java:907)
	at ptolemy.actor.sched.StaticSchedulingDirector.initialize(StaticSchedulingDirector.java:159)
	at ptolemy.domains.sdf.kernel.SDFDirector.initialize(SDFDirector.java:544)
	at ptolemy.actor.CompositeActor.initialize(CompositeActor.java:935)
	at ptolemy.actor.lib.hoc.LifeCycleManager._executeInsideModel(LifeCycleManager.java:339)
	at ptolemy.actor.lib.hoc.RunCompositeActor.fire(RunCompositeActor.java:205)
	at ptolemy.actor.CompositeActor.iterate(CompositeActor.java:1146)
	at ptolemy.actor.sched.StaticSchedulingDirector.fire(StaticSchedulingDirector.java:216)
	at ptolemy.domains.sdf.kernel.SDFDirector.fire(SDFDirector.java:500)
	at ptolemy.actor.CompositeActor.fire(CompositeActor.java:455)
	at ptolemy.actor.Manager.iterate(Manager.java:851)
	at ptolemy.actor.Manager.execute(Manager.java:369)
	at ptolemy.actor.Manager.run(Manager.java:1263)
	at ptolemy.actor.Manager$PtolemyRunThread.run(Manager.java:1933)
java.lang.reflect.InvocationTargetException
	at java.base/jdk.internal.reflect.NativeConstructorAccessorImpl.newInstance0(Native Method)
	at java.base/jdk.internal.reflect.NativeConstructorAccessorImpl.newInstance(NativeConstructorAccessorImpl.java:62)
	at java.base/jdk.internal.reflect.DelegatingConstructorAccessorImpl.newInstance(DelegatingConstructorAccessorImpl.java:45)
	at java.base/java.lang.reflect.Constructor.newInstance(Constructor.java:490)
	at ptolemy.util.test.junit.AutoKnownFailedTests.RunModel(AutoKnownFailedTests.java:105)
	at java.base/jdk.internal.reflect.NativeMethodAccessorImpl.invoke0(Native Method)
	at java.base/jdk.internal.reflect.NativeMethodAccessorImpl.invoke(NativeMethodAccessorImpl.java:62)
	at java.base/jdk.internal.reflect.DelegatingMethodAccessorImpl.invoke(DelegatingMethodAccessorImpl.java:43)
	at java.base/java.lang.reflect.Method.invoke(Method.java:566)
	at org.junit.runners.model.FrameworkMethod$1.runReflectiveCall(FrameworkMethod.java:44)
	at org.junit.internal.runners.model.ReflectiveCallable.run(ReflectiveCallable.java:15)
	at org.junit.runners.model.FrameworkMethod.invokeExplosively(FrameworkMethod.java:41)
	at junitparams.internal.InvokeParameterisedMethod.evaluate(InvokeParameterisedMethod.java:102)
	at org.junit.internal.runners.statements.FailOnTimeout$1.run(FailOnTimeout.java:28)
Caused by: ptolemy.kernel.util.IllegalActionException: initialize() was called after wrapup() was called but preinitialize() was not called after wrapup().
	at ptolemy.actor.lib.hoc.test.PreinitializeMustBeInvoked.initialize(PreinitializeMustBeInvoked.java:78)
	at ptolemy.actor.Director.initialize(Director.java:938)
	at ptolemy.actor.Director.initialize(Director.java:907)
	at ptolemy.actor.sched.StaticSchedulingDirector.initialize(StaticSchedulingDirector.java:159)
	at ptolemy.domains.sdf.kernel.SDFDirector.initialize(SDFDirector.java:544)
	at ptolemy.actor.CompositeActor.initialize(CompositeActor.java:935)
	at ptolemy.actor.lib.hoc.LifeCycleManager._executeInsideModel(LifeCycleManager.java:339)
	at ptolemy.actor.lib.hoc.RunCompositeActor.fire(RunCompositeActor.java:205)
	at ptolemy.actor.CompositeActor.iterate(CompositeActor.java:1146)
	at ptolemy.actor.sched.StaticSchedulingDirector.fire(StaticSchedulingDirector.java:216)
	at ptolemy.domains.sdf.kernel.SDFDirector.fire(SDFDirector.java:500)
	at ptolemy.actor.CompositeActor.fire(CompositeActor.java:455)
	at ptolemy.actor.Manager.iterate(Manager.java:851)
	at ptolemy.actor.Manager.execute(Manager.java:369)
	at ptolemy.actor.Manager.run(Manager.java:1263)
	at ptolemy.actor.Manager$PtolemyRunThread.run(Manager.java:1933)
Warning: Nashorn engine is planned to be removed from a future JDK release
Warning: Nashorn engine is planned to be removed from a future JDK release
Warning: Nashorn engine is planned to be removed from a future JDK release
Warning: Nashorn engine is planned to be removed from a future JDK release
Warning: Nashorn engine is planned to be removed from a future JDK release
Warning: Nashorn engine is planned to be removed from a future JDK release
Warning: Nashorn engine is planned to be removed from a future JDK release
Warning: Nashorn engine is planned to be removed from a future JDK release
]]></system-err>
</testsuite>
