<?xml version="1.0" encoding="UTF-8" ?>
<testsuite errors="0" failures="0" hostname="travis-job-1f4a967b-9359-4524-8cb1-8d3b0b6054a9" name="ptolemy.domains.de.test.junit.JUnitTclTest" skipped="0" tests="101" time="129.517" timestamp="2019-05-04T01:24:07">
  <properties>
[...]
</properties>
  <testcase classname="ptolemy.util.test.junit.TclTests" name="[0] /home/travis/build/icyphy/ptII/ptolemy/domains/de/test/DependencyLoop.tcl (RunTclFile)" time="0.787" />
  <testcase classname="ptolemy.util.test.junit.TclTests" name="[1] /home/travis/build/icyphy/ptII/ptolemy/domains/de/test/RunDETestsAsQSS.tcl (RunTclFile)" time="88.65" />
  <testcase classname="ptolemy.util.test.junit.AutoKnownFailedTests" name="[0] /home/travis/build/icyphy/ptII/ptolemy/domains/de/test/auto/knownFailedTests/DESDFClockTest.xml (RunModel)" time="2.031" />
  <testcase classname="ptolemy.util.test.junit.AutoKnownFailedTests" name="[1] /home/travis/build/icyphy/ptII/ptolemy/domains/de/test/auto/knownFailedTests/DirectFeedback.xml (RunModel)" time="0.014" />
  <testcase classname="ptolemy.util.test.junit.AutoKnownFailedTests" name="[2] /home/travis/build/icyphy/ptII/ptolemy/domains/de/test/auto/knownFailedTests/FSMSource.xml (RunModel)" time="0.039" />
  <testcase classname="ptolemy.util.test.junit.AutoKnownFailedTests" name="[3] /home/travis/build/icyphy/ptII/ptolemy/domains/de/test/auto/knownFailedTests/HierarchicalModel.xml (RunModel)" time="0.043" />
  <testcase classname="ptolemy.util.test.junit.AutoKnownFailedTests" name="[4] /home/travis/build/icyphy/ptII/ptolemy/domains/de/test/auto/knownFailedTests/dependencyLoop.xml (RunModel)" time="0.036" />
  <testcase classname="ptolemy.util.test.junit.AutoKnownFailedTests" name="[5] /home/travis/build/icyphy/ptII/ptolemy/domains/de/test/auto/knownFailedTests/dependencyLoop2.xml (RunModel)" time="0.032" />
  <testcase classname="ptolemy.util.test.junit.AutoNameArchTests" name="[0] ThereAreNoAutoArchTests (RunModel)" time="0.0" />
  <testcase classname="ptolemy.util.test.junit.AutoTests" name="[0] /home/travis/build/icyphy/ptII/ptolemy/domains/de/test/auto/ActorDepthCalculation_actorWithoutPorts.xml (RunModel)" time="0.014" />
  <testcase classname="ptolemy.util.test.junit.AutoTests" name="[1] /home/travis/build/icyphy/ptII/ptolemy/domains/de/test/auto/AssemblyLine.xml (RunModel)" time="0.017" />
  <testcase classname="ptolemy.util.test.junit.AutoTests" name="[2] /home/travis/build/icyphy/ptII/ptolemy/domains/de/test/auto/CQBug1.xml (RunModel)" time="0.007" />
  <testcase classname="ptolemy.util.test.junit.AutoTests" name="[3] /home/travis/build/icyphy/ptII/ptolemy/domains/de/test/auto/CancelFireAt.xml (RunModel)" time="0.006" />
  <testcase classname="ptolemy.util.test.junit.AutoTests" name="[4] /home/travis/build/icyphy/ptII/ptolemy/domains/de/test/auto/CausalityAndComposabilityAnalysis.xml (RunModel)" time="0.011" />
  <testcase classname="ptolemy.util.test.junit.AutoTests" name="[5] /home/travis/build/icyphy/ptII/ptolemy/domains/de/test/auto/CausalityInterface1.xml (RunModel)" time="0.012" />
  <testcase classname="ptolemy.util.test.junit.AutoTests" name="[6] /home/travis/build/icyphy/ptII/ptolemy/domains/de/test/auto/CausalityInterface15.xml (RunModel)" time="0.013" />
  <testcase classname="ptolemy.util.test.junit.AutoTests" name="[7] /home/travis/build/icyphy/ptII/ptolemy/domains/de/test/auto/CausalityInterface2.xml (RunModel)" time="0.01" />
  <testcase classname="ptolemy.util.test.junit.AutoTests" name="[8] /home/travis/build/icyphy/ptII/ptolemy/domains/de/test/auto/CausalityInterface3.xml (RunModel)" time="0.018" />
  <testcase classname="ptolemy.util.test.junit.AutoTests" name="[9] /home/travis/build/icyphy/ptII/ptolemy/domains/de/test/auto/ClockDrift.xml (RunModel)" time="0.033" />
  <testcase classname="ptolemy.util.test.junit.AutoTests" name="[10] /home/travis/build/icyphy/ptII/ptolemy/domains/de/test/auto/ClockDriftAndValueChange.xml (RunModel)" time="0.032" />
  <testcase classname="ptolemy.util.test.junit.AutoTests" name="[11] /home/travis/build/icyphy/ptII/ptolemy/domains/de/test/auto/ClockDriftChange.xml (RunModel)" time="0.026" />
  <testcase classname="ptolemy.util.test.junit.AutoTests" name="[12] /home/travis/build/icyphy/ptII/ptolemy/domains/de/test/auto/ComposableCausalityAnalysis.xml (RunModel)" time="0.016" />
  <testcase classname="ptolemy.util.test.junit.AutoTests" name="[13] /home/travis/build/icyphy/ptII/ptolemy/domains/de/test/auto/DEFixedPointLimitation.xml (RunModel)" time="0.009" />
  <testcase classname="ptolemy.util.test.junit.AutoTests" name="[14] /home/travis/build/icyphy/ptII/ptolemy/domains/de/test/auto/DEScheduleTest.xml (RunModel)" time="0.011" />
  <testcase classname="ptolemy.util.test.junit.AutoTests" name="[15] /home/travis/build/icyphy/ptII/ptolemy/domains/de/test/auto/DEinDEwithStartTimes.xml (RunModel)" time="0.013" />
  <testcase classname="ptolemy.util.test.junit.AutoTests" name="[16] /home/travis/build/icyphy/ptII/ptolemy/domains/de/test/auto/DEinDEwithStartTimes2.xml (RunModel)" time="0.013" />
  <testcase classname="ptolemy.util.test.junit.AutoTests" name="[17] /home/travis/build/icyphy/ptII/ptolemy/domains/de/test/auto/DateDemo.xml (RunModel)" time="0.027" />
  <testcase classname="ptolemy.util.test.junit.AutoTests" name="[18] /home/travis/build/icyphy/ptII/ptolemy/domains/de/test/auto/DateToEvent.xml (RunModel)" time="2.041" />
  <testcase classname="ptolemy.util.test.junit.AutoTests" name="[19] /home/travis/build/icyphy/ptII/ptolemy/domains/de/test/auto/DepthTest1.xml (RunModel)" time="0.007" />
  <testcase classname="ptolemy.util.test.junit.AutoTests" name="[20] /home/travis/build/icyphy/ptII/ptolemy/domains/de/test/auto/DepthTest2.xml (RunModel)" time="0.018" />
  <testcase classname="ptolemy.util.test.junit.AutoTests" name="[21] /home/travis/build/icyphy/ptII/ptolemy/domains/de/test/auto/DepthTest3.xml (RunModel)" time="0.007" />
  <testcase classname="ptolemy.util.test.junit.AutoTests" name="[22] /home/travis/build/icyphy/ptII/ptolemy/domains/de/test/auto/DepthTest4.xml (RunModel)" time="0.012" />
  <testcase classname="ptolemy.util.test.junit.AutoTests" name="[23] /home/travis/build/icyphy/ptII/ptolemy/domains/de/test/auto/DepthTest5.xml (RunModel)" time="0.014" />
  <testcase classname="ptolemy.util.test.junit.AutoTests" name="[24] /home/travis/build/icyphy/ptII/ptolemy/domains/de/test/auto/DepthTest6.xml (RunModel)" time="0.013" />
  <testcase classname="ptolemy.util.test.junit.AutoTests" name="[25] /home/travis/build/icyphy/ptII/ptolemy/domains/de/test/auto/DepthTest7.xml (RunModel)" time="0.011" />
  <testcase classname="ptolemy.util.test.junit.AutoTests" name="[26] /home/travis/build/icyphy/ptII/ptolemy/domains/de/test/auto/EventToDate.xml (RunModel)" time="3.033" />
  <testcase classname="ptolemy.util.test.junit.AutoTests" name="[27] /home/travis/build/icyphy/ptII/ptolemy/domains/de/test/auto/FSM1.xml (RunModel)" time="0.031" />
  <testcase classname="ptolemy.util.test.junit.AutoTests" name="[28] /home/travis/build/icyphy/ptII/ptolemy/domains/de/test/auto/FSM7.xml (RunModel)" time="0.029" />
  <testcase classname="ptolemy.util.test.junit.AutoTests" name="[29] /home/travis/build/icyphy/ptII/ptolemy/domains/de/test/auto/Inspection.xml (RunModel)" time="0.058" />
  <testcase classname="ptolemy.util.test.junit.AutoTests" name="[30] /home/travis/build/icyphy/ptII/ptolemy/domains/de/test/auto/Iteration.xml (RunModel)" time="0.032" />
  <testcase classname="ptolemy.util.test.junit.AutoTests" name="[31] /home/travis/build/icyphy/ptII/ptolemy/domains/de/test/auto/LineFault.xml (RunModel)" time="0.541" />
  <testcase classname="ptolemy.util.test.junit.AutoTests" name="[32] /home/travis/build/icyphy/ptII/ptolemy/domains/de/test/auto/MergeModel1Add.xml (RunModel)" time="0.039" />
  <testcase classname="ptolemy.util.test.junit.AutoTests" name="[33] /home/travis/build/icyphy/ptII/ptolemy/domains/de/test/auto/MergeModel2Add.xml (RunModel)" time="0.035" />
  <testcase classname="ptolemy.util.test.junit.AutoTests" name="[34] /home/travis/build/icyphy/ptII/ptolemy/domains/de/test/auto/MergeModel3Add.xml (RunModel)" time="0.039" />
  <testcase classname="ptolemy.util.test.junit.AutoTests" name="[35] /home/travis/build/icyphy/ptII/ptolemy/domains/de/test/auto/MergeWithoutDiscard.xml (RunModel)" time="0.01" />
  <testcase classname="ptolemy.util.test.junit.AutoTests" name="[36] /home/travis/build/icyphy/ptII/ptolemy/domains/de/test/auto/Modal1.xml (RunModel)" time="0.031" />
  <testcase classname="ptolemy.util.test.junit.AutoTests" name="[37] /home/travis/build/icyphy/ptII/ptolemy/domains/de/test/auto/Modal2.xml (RunModel)" time="0.03" />
  <testcase classname="ptolemy.util.test.junit.AutoTests" name="[38] /home/travis/build/icyphy/ptII/ptolemy/domains/de/test/auto/Modal3.xml (RunModel)" time="0.033" />
  <testcase classname="ptolemy.util.test.junit.AutoTests" name="[39] /home/travis/build/icyphy/ptII/ptolemy/domains/de/test/auto/Modal4.xml (RunModel)" time="0.028" />
  <testcase classname="ptolemy.util.test.junit.AutoTests" name="[40] /home/travis/build/icyphy/ptII/ptolemy/domains/de/test/auto/Modal5.xml (RunModel)" time="0.029" />
  <testcase classname="ptolemy.util.test.junit.AutoTests" name="[41] /home/travis/build/icyphy/ptII/ptolemy/domains/de/test/auto/Modal6.xml (RunModel)" time="0.027" />
  <testcase classname="ptolemy.util.test.junit.AutoTests" name="[42] /home/travis/build/icyphy/ptII/ptolemy/domains/de/test/auto/Modal7.xml (RunModel)" time="0.027" />
  <testcase classname="ptolemy.util.test.junit.AutoTests" name="[43] /home/travis/build/icyphy/ptII/ptolemy/domains/de/test/auto/ModalModel.xml (RunModel)" time="0.146" />
  <testcase classname="ptolemy.util.test.junit.AutoTests" name="[44] /home/travis/build/icyphy/ptII/ptolemy/domains/de/test/auto/ModalSource.xml (RunModel)" time="0.017" />
  <testcase classname="ptolemy.util.test.junit.AutoTests" name="[45] /home/travis/build/icyphy/ptII/ptolemy/domains/de/test/auto/NonInterruptibleTimerZeroDelay.xml (RunModel)" time="0.011" />
  <testcase classname="ptolemy.util.test.junit.AutoTests" name="[46] /home/travis/build/icyphy/ptII/ptolemy/domains/de/test/auto/OpenQueueingNetwork.xml (RunModel)" time="2.136" />
  <testcase classname="ptolemy.util.test.junit.AutoTests" name="[47] /home/travis/build/icyphy/ptII/ptolemy/domains/de/test/auto/OpenQueuingNetwork.xml (RunModel)" time="0.265" />
  <testcase classname="ptolemy.util.test.junit.AutoTests" name="[48] /home/travis/build/icyphy/ptII/ptolemy/domains/de/test/auto/PeriodicSampler.xml (RunModel)" time="0.008" />
  <testcase classname="ptolemy.util.test.junit.AutoTests" name="[49] /home/travis/build/icyphy/ptII/ptolemy/domains/de/test/auto/PersistentIO.xml (RunModel)" time="0.017" />
  <testcase classname="ptolemy.util.test.junit.AutoTests" name="[50] /home/travis/build/icyphy/ptII/ptolemy/domains/de/test/auto/PortParameterResetOnInitialize.xml (RunModel)" time="0.01" />
  <testcase classname="ptolemy.util.test.junit.AutoTests" name="[51] /home/travis/build/icyphy/ptII/ptolemy/domains/de/test/auto/PortParameterUpdates.xml (RunModel)" time="0.014" />
  <testcase classname="ptolemy.util.test.junit.AutoTests" name="[52] /home/travis/build/icyphy/ptII/ptolemy/domains/de/test/auto/QueueAndServer.xml (RunModel)" time="0.022" />
  <testcase classname="ptolemy.util.test.junit.AutoTests" name="[53] /home/travis/build/icyphy/ptII/ptolemy/domains/de/test/auto/Records.xml (RunModel)" time="0.018" />
  <testcase classname="ptolemy.util.test.junit.AutoTests" name="[54] /home/travis/build/icyphy/ptII/ptolemy/domains/de/test/auto/ResetTransitionWithStartTime1.xml (RunModel)" time="0.016" />
  <testcase classname="ptolemy.util.test.junit.AutoTests" name="[55] /home/travis/build/icyphy/ptII/ptolemy/domains/de/test/auto/ResetTransitionWithStartTime2.xml (RunModel)" time="0.019" />
  <testcase classname="ptolemy.util.test.junit.AutoTests" name="[56] /home/travis/build/icyphy/ptII/ptolemy/domains/de/test/auto/ResetTransitionWithStartTime3.xml (RunModel)" time="0.018" />
  <testcase classname="ptolemy.util.test.junit.AutoTests" name="[57] /home/travis/build/icyphy/ptII/ptolemy/domains/de/test/auto/ResetTransitionWithStartTime4.xml (RunModel)" time="0.017" />
  <testcase classname="ptolemy.util.test.junit.AutoTests" name="[58] /home/travis/build/icyphy/ptII/ptolemy/domains/de/test/auto/ResettableTimer1.xml (RunModel)" time="0.01" />
  <testcase classname="ptolemy.util.test.junit.AutoTests" name="[59] /home/travis/build/icyphy/ptII/ptolemy/domains/de/test/auto/ResettableTimer2.xml (RunModel)" time="0.009" />
  <testcase classname="ptolemy.util.test.junit.AutoTests" name="[60] /home/travis/build/icyphy/ptII/ptolemy/domains/de/test/auto/ResettableTimer3.xml (RunModel)" time="0.008" />
  <testcase classname="ptolemy.util.test.junit.AutoTests" name="[61] /home/travis/build/icyphy/ptII/ptolemy/domains/de/test/auto/ResettableTimer4.xml (RunModel)" time="0.011" />
  <testcase classname="ptolemy.util.test.junit.AutoTests" name="[62] /home/travis/build/icyphy/ptII/ptolemy/domains/de/test/auto/ResettableTimer5.xml (RunModel)" time="0.011" />
  <testcase classname="ptolemy.util.test.junit.AutoTests" name="[63] /home/travis/build/icyphy/ptII/ptolemy/domains/de/test/auto/ResettableTimer6.xml (RunModel)" time="0.021" />
  <testcase classname="ptolemy.util.test.junit.AutoTests" name="[64] /home/travis/build/icyphy/ptII/ptolemy/domains/de/test/auto/ServerZeroDelay.xml (RunModel)" time="0.01" />
  <testcase classname="ptolemy.util.test.junit.AutoTests" name="[65] /home/travis/build/icyphy/ptII/ptolemy/domains/de/test/auto/SmartSender.xml (RunModel)" time="3.009" />
  <testcase classname="ptolemy.util.test.junit.AutoTests" name="[66] /home/travis/build/icyphy/ptII/ptolemy/domains/de/test/auto/ThreadedComposite.xml (RunModel)" time="0.132" />
  <testcase classname="ptolemy.util.test.junit.AutoTests" name="[67] /home/travis/build/icyphy/ptII/ptolemy/domains/de/test/auto/Time.xml (RunModel)" time="0.422" />
  <testcase classname="ptolemy.util.test.junit.AutoTests" name="[68] /home/travis/build/icyphy/ptII/ptolemy/domains/de/test/auto/TimeDelayZeroDelay.xml (RunModel)" time="0.011" />
  <testcase classname="ptolemy.util.test.junit.AutoTests" name="[69] /home/travis/build/icyphy/ptII/ptolemy/domains/de/test/auto/TimerZeroDelay.xml (RunModel)" time="0.011" />
  <testcase classname="ptolemy.util.test.junit.AutoTests" name="[70] /home/travis/build/icyphy/ptII/ptolemy/domains/de/test/auto/TimingParadox.xml (RunModel)" time="0.356" />
  <testcase classname="ptolemy.util.test.junit.AutoTests" name="[71] /home/travis/build/icyphy/ptII/ptolemy/domains/de/test/auto/TransferInputs.xml (RunModel)" time="0.009" />
  <testcase classname="ptolemy.util.test.junit.AutoTests" name="[72] /home/travis/build/icyphy/ptII/ptolemy/domains/de/test/auto/TransferOutputs2.xml (RunModel)" time="0.014" />
  <testcase classname="ptolemy.util.test.junit.AutoTests" name="[73] /home/travis/build/icyphy/ptII/ptolemy/domains/de/test/auto/Trilateration.xml (RunModel)" time="11.992" />
  <testcase classname="ptolemy.util.test.junit.AutoTests" name="[74] /home/travis/build/icyphy/ptII/ptolemy/domains/de/test/auto/TwoSigmaDelta.xml (RunModel)" time="2.15" />
  <testcase classname="ptolemy.util.test.junit.AutoTests" name="[75] /home/travis/build/icyphy/ptII/ptolemy/domains/de/test/auto/VariableDelay.xml (RunModel)" time="0.014" />
  <testcase classname="ptolemy.util.test.junit.AutoTests" name="[76] /home/travis/build/icyphy/ptII/ptolemy/domains/de/test/auto/VariableDelay2.xml (RunModel)" time="0.009" />
  <testcase classname="ptolemy.util.test.junit.AutoTests" name="[77] /home/travis/build/icyphy/ptII/ptolemy/domains/de/test/auto/VariableDelayZeroDelay.xml (RunModel)" time="0.009" />
  <testcase classname="ptolemy.util.test.junit.AutoTests" name="[78] /home/travis/build/icyphy/ptII/ptolemy/domains/de/test/auto/VariableDelayZeroDelay2.xml (RunModel)" time="0.008" />
  <testcase classname="ptolemy.util.test.junit.AutoTests" name="[79] /home/travis/build/icyphy/ptII/ptolemy/domains/de/test/auto/deInCt.xml (RunModel)" time="0.012" />
  <testcase classname="ptolemy.util.test.junit.AutoTests" name="[80] /home/travis/build/icyphy/ptII/ptolemy/domains/de/test/auto/deInCt2.xml (RunModel)" time="0.013" />
  <testcase classname="ptolemy.util.test.junit.AutoTests" name="[81] /home/travis/build/icyphy/ptII/ptolemy/domains/de/test/auto/dynamicCausalityInterface1.xml (RunModel)" time="0.019" />
  <testcase classname="ptolemy.util.test.junit.AutoTests" name="[82] /home/travis/build/icyphy/ptII/ptolemy/domains/de/test/auto/fsm_de_test.xml (RunModel)" time="0.02" />
  <testcase classname="ptolemy.util.test.junit.AutoTests" name="[83] /home/travis/build/icyphy/ptII/ptolemy/domains/de/test/auto/functionDependencyReconstruction.xml (RunModel)" time="0.029" />
  <testcase classname="ptolemy.util.test.junit.AutoTests" name="[84] /home/travis/build/icyphy/ptII/ptolemy/domains/de/test/auto/multirate.xml (RunModel)" time="0.014" />
  <testcase classname="ptolemy.util.test.junit.AutoTests" name="[85] /home/travis/build/icyphy/ptII/ptolemy/domains/de/test/auto/multirate2.xml (RunModel)" time="0.014" />
  <testcase classname="ptolemy.util.test.junit.AutoTests" name="[86] /home/travis/build/icyphy/ptII/ptolemy/domains/de/test/auto/realtime.xml (RunModel)" time="10.01" />
  <testcase classname="ptolemy.util.test.junit.AutoTests" name="[87] /home/travis/build/icyphy/ptII/ptolemy/domains/de/test/auto/relationGroup.xml (RunModel)" time="0.013" />
  <testcase classname="ptolemy.util.test.junit.AutoTests" name="[88] /home/travis/build/icyphy/ptII/ptolemy/domains/de/test/auto/relationGroup2.xml (RunModel)" time="0.007" />
  <testcase classname="ptolemy.util.test.junit.AutoTests" name="[89] /home/travis/build/icyphy/ptII/ptolemy/domains/de/test/auto/sortWithOpaquePorts.xml (RunModel)" time="0.008" />
  <testcase classname="ptolemy.util.test.junit.AutoTests" name="[90] /home/travis/build/icyphy/ptII/ptolemy/domains/de/test/auto/transferInputsandOutputs.xml (RunModel)" time="0.014" />
  <testcase classname="ptolemy.util.test.junit.AutoTests" name="[91] /home/travis/build/icyphy/ptII/ptolemy/domains/de/test/auto/triggerType.xml (RunModel)" time="0.008" />
  <system-out><![CDATA[/home/travis/build/icyphy/ptII/ptolemy/domains/de/test/DependencyLoop.tcl
testDefs.tcl: setting time out to 9000 seconds at Sat May 04 01:24:07 UTC 2019
45 ms. Memory: 116224K Free: 97522K (84%)
16 ms. Memory: 146944K Free: 141126K (96%)
/home/travis/build/icyphy/ptII/ptolemy/domains/de/test/RunDETestsAsQSS.tcl
Run the DE tests using ptolemy.domains.qss.test.QSSDirectorTest, which extends QSSDirector and prints a message in the constructors.
------------------ testing $PTII/ptolemy/domains/de/test/auto/knownFailedTests/dependencyLoop.xml (Known Failure) 
11 ms. Memory: 146944K Free: 136880K (93%)


==== $PTIIhome/travis/build/icyphy/ptII/ptolemy/domains/de/test/../../../../: Auto Automatic test in file $PTII/ptolemy/domains/de/test/auto/knownFailedTests/dependencyLoop.xml
==== Contents of test case:

	    # FIXME: we should use $relativeFilename here, but it
	    # might have backslashes under Windows, which causes no end
	    # of trouble.
	    createAndExecute $file
	    list {}
	
.... Test generated KNOWN error:
    while executing
ptolemy.kernel.util.IllegalActionException: Found a zero delay loop containing .dependencyLoop.original
  in .dependencyLoop and .dependencyLoop.original
	at ptolemy.actor.util.CausalityInterfaceForComposites._computeOutputPortDepth(CausalityInterfaceForComposites.java:759)
	at ptolemy.actor.util.CausalityInterfaceForComposites._computeInputDepth(CausalityInterfaceForComposites.java:696)
	at ptolemy.actor.util.CausalityInterfaceForComposites._computeOutputPortDepth(CausalityInterfaceForComposites.java:765)
	at ptolemy.actor.util.CausalityInterfaceForComposites._computeInputDepth(CausalityInterfaceForComposites.java:696)
	at ptolemy.actor.util.CausalityInterfaceForComposites._computeOutputPortDepth(CausalityInterfaceForComposites.java:765)
	at ptolemy.actor.util.CausalityInterfaceForComposites._computeInputDepth(CausalityInterfaceForComposites.java:696)
	at ptolemy.actor.util.CausalityInterfaceForComposites._computeActorDepth(CausalityInterfaceForComposites.java:532)
	at ptolemy.actor.util.CausalityInterfaceForComposites.checkForCycles(CausalityInterfaceForComposites.java:96)
	at ptolemy.domains.de.kernel.DEDirector.preinitialize(DEDirector.java:1338)
	at ptolemy.actor.CompositeActor.preinitialize(CompositeActor.java:1828)
	at ptolemy.actor.Manager.preinitializeAndResolveTypes(Manager.java:1040)
	at ptolemy.actor.Manager.initialize(Manager.java:710)
	at ptolemy.actor.Manager.execute(Manager.java:356)
	at ptolemy.actor.Manager.run(Manager.java:1263)
	at ptolemy.actor.Manager$PtolemyRunThread.run(Manager.java:1915)

    while executing
ptolemy.kernel.util.IllegalActionException: Found a zero delay loop containing .dependencyLoop.original
  in .dependencyLoop and .dependencyLoop.original
    while executing
"java::new ptolemy.moml.MoMLSimpleApplication $file
"
    (procedure "createAndExecute" line 2)
    invoked from within
"createAndExecute $file"
    ("uplevel" body line 5)
    invoked from within
"uplevel $contents_of_test"
------------------ testing $PTII/ptolemy/domains/de/test/auto/knownFailedTests/DESDFClockTest.xml (Known Failure) 
2053 ms. Memory: 146944K Free: 121326K (83%)


==== $PTIIhome/travis/build/icyphy/ptII/ptolemy/domains/de/test/../../../../: Auto Automatic test in file $PTII/ptolemy/domains/de/test/auto/knownFailedTests/DESDFClockTest.xml
==== Contents of test case:

	    # FIXME: we should use $relativeFilename here, but it
	    # might have backslashes under Windows, which causes no end
	    # of trouble.
	    createAndExecute $file
	    list {}
	
.... Test generated KNOWN error:
    while executing
ptolemy.kernel.util.IllegalActionException: Actor is not ready to fire.  Perhaps UpSample.prefire() returned false? Try debugging the actor by selecting "Listen to Actor".  Also, for SDF check moml for tokenConsumptionRate on input.
  in .DESDFClockTest.Play Bell.Copy1:SDF Director and .DESDFClockTest.Play Bell.UpSample
	at ptolemy.actor.sched.StaticSchedulingDirector.fire(StaticSchedulingDirector.java:227)
	at ptolemy.domains.sdf.kernel.SDFDirector.fire(SDFDirector.java:500)
	at ptolemy.actor.CompositeActor.fire(CompositeActor.java:455)
	at ptolemy.domains.de.kernel.DEDirector._fire(DEDirector.java:1949)
	at ptolemy.domains.de.kernel.DEDirector.fire(DEDirector.java:502)
	at ptolemy.actor.CompositeActor.fire(CompositeActor.java:455)
	at ptolemy.actor.Manager.iterate(Manager.java:851)
	at ptolemy.actor.Manager.execute(Manager.java:369)
	at ptolemy.actor.Manager.run(Manager.java:1263)
	at ptolemy.actor.Manager$PtolemyRunThread.run(Manager.java:1915)

    while executing
ptolemy.kernel.util.IllegalActionException: Actor is not ready to fire.  Perhaps UpSample.prefire() returned false? Try debugging the actor by selecting "Listen to Actor".  Also, for SDF check moml for tokenConsumptionRate on input.
  in .DESDFClockTest.Play Bell.Copy1:SDF Director and .DESDFClockTest.Play Bell.UpSample
    while executing
"java::new ptolemy.moml.MoMLSimpleApplication $file
"
    (procedure "createAndExecute" line 2)
    invoked from within
"createAndExecute $file"
    ("uplevel" body line 5)
    invoked from within
"uplevel $contents_of_test"
------------------ testing $PTII/ptolemy/domains/de/test/auto/knownFailedTests/FSMSource.xml (Known Failure) 
20 ms. Memory: 146944K Free: 112491K (77%)
!!!! Auto was marked as failing, but now passes
------------------ testing $PTII/ptolemy/domains/de/test/auto/knownFailedTests/dependencyLoop2.xml (Known Failure) 
6 ms. Memory: 146944K Free: 110608K (75%)


==== $PTIIhome/travis/build/icyphy/ptII/ptolemy/domains/de/test/../../../../: Auto Automatic test in file $PTII/ptolemy/domains/de/test/auto/knownFailedTests/dependencyLoop2.xml
==== Contents of test case:

	    # FIXME: we should use $relativeFilename here, but it
	    # might have backslashes under Windows, which causes no end
	    # of trouble.
	    createAndExecute $file
	    list {}
	
.... Test generated KNOWN error:
    while executing
ptolemy.kernel.util.IllegalActionException: Found a zero delay loop containing .dependencyLoop2.original
  in .dependencyLoop2 and .dependencyLoop2.original
	at ptolemy.actor.util.CausalityInterfaceForComposites._computeOutputPortDepth(CausalityInterfaceForComposites.java:759)
	at ptolemy.actor.util.CausalityInterfaceForComposites._computeInputDepth(CausalityInterfaceForComposites.java:696)
	at ptolemy.actor.util.CausalityInterfaceForComposites._computeOutputPortDepth(CausalityInterfaceForComposites.java:765)
	at ptolemy.actor.util.CausalityInterfaceForComposites._computeInputDepth(CausalityInterfaceForComposites.java:696)
	at ptolemy.actor.util.CausalityInterfaceForComposites._computeOutputPortDepth(CausalityInterfaceForComposites.java:765)
	at ptolemy.actor.util.CausalityInterfaceForComposites._computeInputDepth(CausalityInterfaceForComposites.java:696)
	at ptolemy.actor.util.CausalityInterfaceForComposites._computeActorDepth(CausalityInterfaceForComposites.java:532)
	at ptolemy.actor.util.CausalityInterfaceForComposites.checkForCycles(CausalityInterfaceForComposites.java:96)
	at ptolemy.domains.de.kernel.DEDirector.preinitialize(DEDirector.java:1338)
	at ptolemy.actor.CompositeActor.preinitialize(CompositeActor.java:1828)
	at ptolemy.actor.Manager.preinitializeAndResolveTypes(Manager.java:1040)
	at ptolemy.actor.Manager.initialize(Manager.java:710)
	at ptolemy.actor.Manager.execute(Manager.java:356)
	at ptolemy.actor.Manager.run(Manager.java:1263)
	at ptolemy.actor.Manager$PtolemyRunThread.run(Manager.java:1915)

    while executing
ptolemy.kernel.util.IllegalActionException: Found a zero delay loop containing .dependencyLoop2.original
  in .dependencyLoop2 and .dependencyLoop2.original
    while executing
"java::new ptolemy.moml.MoMLSimpleApplication $file
"
    (procedure "createAndExecute" line 2)
    invoked from within
"createAndExecute $file"
    ("uplevel" body line 5)
    invoked from within
"uplevel $contents_of_test"
------------------ testing $PTII/ptolemy/domains/de/test/auto/knownFailedTests/HierarchicalModel.xml (Known Failure) 
6 ms. Memory: 146944K Free: 90472K (62%)


==== $PTIIhome/travis/build/icyphy/ptII/ptolemy/domains/de/test/../../../../: Auto Automatic test in file $PTII/ptolemy/domains/de/test/auto/knownFailedTests/HierarchicalModel.xml
==== Contents of test case:

	    # FIXME: we should use $relativeFilename here, but it
	    # might have backslashes under Windows, which causes no end
	    # of trouble.
	    createAndExecute $file
	    list {}
	
.... Test generated KNOWN error:
    while executing
ptolemy.kernel.util.IllegalActionException: Found a zero delay loop containing .HierarchicalModel.A
  in .HierarchicalModel and .HierarchicalModel.A
	at ptolemy.actor.util.CausalityInterfaceForComposites._computeOutputPortDepth(CausalityInterfaceForComposites.java:759)
	at ptolemy.actor.util.CausalityInterfaceForComposites._computeInputDepth(CausalityInterfaceForComposites.java:696)
	at ptolemy.actor.util.CausalityInterfaceForComposites._computeOutputPortDepth(CausalityInterfaceForComposites.java:765)
	at ptolemy.actor.util.CausalityInterfaceForComposites._computeInputDepth(CausalityInterfaceForComposites.java:696)
	at ptolemy.actor.util.CausalityInterfaceForComposites._computeOutputPortDepth(CausalityInterfaceForComposites.java:765)
	at ptolemy.actor.util.CausalityInterfaceForComposites._computeInputDepth(CausalityInterfaceForComposites.java:696)
	at ptolemy.actor.util.CausalityInterfaceForComposites._computeActorDepth(CausalityInterfaceForComposites.java:532)
	at ptolemy.actor.util.CausalityInterfaceForComposites.checkForCycles(CausalityInterfaceForComposites.java:96)
	at ptolemy.domains.de.kernel.DEDirector.preinitialize(DEDirector.java:1338)
	at ptolemy.actor.CompositeActor.preinitialize(CompositeActor.java:1828)
	at ptolemy.actor.Manager.preinitializeAndResolveTypes(Manager.java:1040)
	at ptolemy.actor.Manager.initialize(Manager.java:710)
	at ptolemy.actor.Manager.execute(Manager.java:356)
	at ptolemy.actor.Manager.run(Manager.java:1263)
	at ptolemy.actor.Manager$PtolemyRunThread.run(Manager.java:1915)

    while executing
ptolemy.kernel.util.IllegalActionException: Found a zero delay loop containing .HierarchicalModel.A
  in .HierarchicalModel and .HierarchicalModel.A
    while executing
"java::new ptolemy.moml.MoMLSimpleApplication $file
"
    (procedure "createAndExecute" line 2)
    invoked from within
"createAndExecute $file"
    ("uplevel" body line 5)
    invoked from within
"uplevel $contents_of_test"
------------------ testing $PTII/ptolemy/domains/de/test/auto/knownFailedTests/DirectFeedback.xml (Known Failure) 
5 ms. Memory: 146944K Free: 86361K (59%)


==== $PTIIhome/travis/build/icyphy/ptII/ptolemy/domains/de/test/../../../../: Auto Automatic test in file $PTII/ptolemy/domains/de/test/auto/knownFailedTests/DirectFeedback.xml
==== Contents of test case:

	    # FIXME: we should use $relativeFilename here, but it
	    # might have backslashes under Windows, which causes no end
	    # of trouble.
	    createAndExecute $file
	    list {}
	
.... Test generated KNOWN error:
    while executing
ptolemy.kernel.util.IllegalActionException: Test fails in iteration 1.
Value was: 1.0. Should have been: 2.0
  in .DirectFeedback.Test
	at ptolemy.actor.lib.Test.fire(Test.java:268)
	at ptolemy.domains.de.kernel.DEDirector._fire(DEDirector.java:1949)
	at ptolemy.domains.de.kernel.DEDirector.fire(DEDirector.java:502)
	at ptolemy.actor.CompositeActor.fire(CompositeActor.java:455)
	at ptolemy.actor.Manager.iterate(Manager.java:851)
	at ptolemy.actor.Manager.execute(Manager.java:369)
	at ptolemy.actor.Manager.run(Manager.java:1263)
	at ptolemy.actor.Manager$PtolemyRunThread.run(Manager.java:1915)

    while executing
ptolemy.kernel.util.IllegalActionException: Test fails in iteration 1.
Value was: 1.0. Should have been: 2.0
  in .DirectFeedback.Test
    while executing
"java::new ptolemy.moml.MoMLSimpleApplication $file
"
    (procedure "createAndExecute" line 2)
    invoked from within
"createAndExecute $file"
    ("uplevel" body line 5)
    invoked from within
"uplevel $contents_of_test"
------------------ testing $PTII/ptolemy/domains/de/test/auto/ActorDepthCalculation_actorWithoutPorts.xml
auto.tcl: Setting watchdog for 200 seconds at Sat May 04 01:24:11 UTC 2019
4 ms. Memory: 146944K Free: 138692K (94%)
ptolemy.util.test.WatchDog.cancel(): canceling Sat May 04 01:24:11 UTC 2019
auto.tcl: Setting watchdog for 200 seconds at Sat May 04 01:24:11 UTC 2019
4 ms. Memory: 146944K Free: 137672K (94%)
ptolemy.util.test.WatchDog.cancel(): canceling Sat May 04 01:24:11 UTC 2019
------------------ testing $PTII/ptolemy/domains/de/test/auto/AssemblyLine.xml
auto.tcl: Setting watchdog for 200 seconds at Sat May 04 01:24:11 UTC 2019
18 ms. Memory: 208384K Free: 183400K (88%)
ptolemy.util.test.WatchDog.cancel(): canceling Sat May 04 01:24:11 UTC 2019
auto.tcl: Setting watchdog for 200 seconds at Sat May 04 01:24:11 UTC 2019
10 ms. Memory: 208384K Free: 183400K (88%)
ptolemy.util.test.WatchDog.cancel(): canceling Sat May 04 01:24:11 UTC 2019
------------------ testing $PTII/ptolemy/domains/de/test/auto/CQBug1.xml
auto.tcl: Setting watchdog for 200 seconds at Sat May 04 01:24:11 UTC 2019
7 ms. Memory: 208384K Free: 197905K (95%)
ptolemy.util.test.WatchDog.cancel(): canceling Sat May 04 01:24:11 UTC 2019
auto.tcl: Setting watchdog for 200 seconds at Sat May 04 01:24:11 UTC 2019
2 ms. Memory: 208384K Free: 197905K (95%)
ptolemy.util.test.WatchDog.cancel(): canceling Sat May 04 01:24:11 UTC 2019
------------------ testing $PTII/ptolemy/domains/de/test/auto/CancelFireAt.xml
auto.tcl: Setting watchdog for 200 seconds at Sat May 04 01:24:11 UTC 2019
4 ms. Memory: 208384K Free: 201567K (97%)
ptolemy.util.test.WatchDog.cancel(): canceling Sat May 04 01:24:11 UTC 2019
auto.tcl: Setting watchdog for 200 seconds at Sat May 04 01:24:11 UTC 2019
2 ms. Memory: 208384K Free: 199526K (96%)
ptolemy.util.test.WatchDog.cancel(): canceling Sat May 04 01:24:11 UTC 2019
------------------ testing $PTII/ptolemy/domains/de/test/auto/CausalityAndComposabilityAnalysis.xml
auto.tcl: Setting watchdog for 200 seconds at Sat May 04 01:24:12 UTC 2019
22 ms. Memory: 208384K Free: 198604K (95%)
ptolemy.util.test.WatchDog.cancel(): canceling Sat May 04 01:24:12 UTC 2019
auto.tcl: Setting watchdog for 200 seconds at Sat May 04 01:24:12 UTC 2019
8 ms. Memory: 208384K Free: 196563K (94%)
ptolemy.util.test.WatchDog.cancel(): canceling Sat May 04 01:24:12 UTC 2019
------------------ testing $PTII/ptolemy/domains/de/test/auto/CausalityInterface1.xml
auto.tcl: Setting watchdog for 200 seconds at Sat May 04 01:24:12 UTC 2019
9 ms. Memory: 208384K Free: 196499K (94%)
ptolemy.util.test.WatchDog.cancel(): canceling Sat May 04 01:24:12 UTC 2019
auto.tcl: Setting watchdog for 200 seconds at Sat May 04 01:24:12 UTC 2019
9 ms. Memory: 208384K Free: 196499K (94%)
ptolemy.util.test.WatchDog.cancel(): canceling Sat May 04 01:24:12 UTC 2019
------------------ testing $PTII/ptolemy/domains/de/test/auto/CausalityInterface15.xml
auto.tcl: Setting watchdog for 200 seconds at Sat May 04 01:24:12 UTC 2019
5 ms. Memory: 208384K Free: 196459K (94%)
ptolemy.util.test.WatchDog.cancel(): canceling Sat May 04 01:24:12 UTC 2019
auto.tcl: Setting watchdog for 200 seconds at Sat May 04 01:24:12 UTC 2019
4 ms. Memory: 208384K Free: 196459K (94%)
ptolemy.util.test.WatchDog.cancel(): canceling Sat May 04 01:24:12 UTC 2019
------------------ testing $PTII/ptolemy/domains/de/test/auto/CausalityInterface2.xml
auto.tcl: Setting watchdog for 200 seconds at Sat May 04 01:24:12 UTC 2019
7 ms. Memory: 208384K Free: 196474K (94%)
ptolemy.util.test.WatchDog.cancel(): canceling Sat May 04 01:24:12 UTC 2019
auto.tcl: Setting watchdog for 200 seconds at Sat May 04 01:24:12 UTC 2019
2 ms. Memory: 208384K Free: 196474K (94%)
ptolemy.util.test.WatchDog.cancel(): canceling Sat May 04 01:24:12 UTC 2019
------------------ testing $PTII/ptolemy/domains/de/test/auto/CausalityInterface3.xml
auto.tcl: Setting watchdog for 200 seconds at Sat May 04 01:24:12 UTC 2019
5 ms. Memory: 208384K Free: 196486K (94%)
ptolemy.util.test.WatchDog.cancel(): canceling Sat May 04 01:24:12 UTC 2019
auto.tcl: Setting watchdog for 200 seconds at Sat May 04 01:24:12 UTC 2019
7 ms. Memory: 208384K Free: 196486K (94%)
ptolemy.util.test.WatchDog.cancel(): canceling Sat May 04 01:24:12 UTC 2019
------------------ testing $PTII/ptolemy/domains/de/test/auto/ClockDrift.xml
auto.tcl: Setting watchdog for 200 seconds at Sat May 04 01:24:12 UTC 2019
66 ms. Memory: 208384K Free: 187895K (90%)
ptolemy.util.test.WatchDog.cancel(): canceling Sat May 04 01:24:12 UTC 2019
auto.tcl: Setting watchdog for 200 seconds at Sat May 04 01:24:12 UTC 2019
61 ms. Memory: 208384K Free: 185853K (89%)
ptolemy.util.test.WatchDog.cancel(): canceling Sat May 04 01:24:12 UTC 2019
------------------ testing $PTII/ptolemy/domains/de/test/auto/ClockDriftAndValueChange.xml
auto.tcl: Setting watchdog for 200 seconds at Sat May 04 01:24:12 UTC 2019
55 ms. Memory: 208384K Free: 189772K (91%)
ptolemy.util.test.WatchDog.cancel(): canceling Sat May 04 01:24:12 UTC 2019
auto.tcl: Setting watchdog for 200 seconds at Sat May 04 01:24:12 UTC 2019
35 ms. Memory: 208384K Free: 185689K (89%)
ptolemy.util.test.WatchDog.cancel(): canceling Sat May 04 01:24:12 UTC 2019
------------------ testing $PTII/ptolemy/domains/de/test/auto/ClockDriftChange.xml
auto.tcl: Setting watchdog for 200 seconds at Sat May 04 01:24:12 UTC 2019
34 ms. Memory: 208384K Free: 190993K (92%)
ptolemy.util.test.WatchDog.cancel(): canceling Sat May 04 01:24:13 UTC 2019
auto.tcl: Setting watchdog for 200 seconds at Sat May 04 01:24:13 UTC 2019
32 ms. Memory: 208384K Free: 188952K (91%)
ptolemy.util.test.WatchDog.cancel(): canceling Sat May 04 01:24:13 UTC 2019
------------------ testing $PTII/ptolemy/domains/de/test/auto/ComposableCausalityAnalysis.xml
auto.tcl: Setting watchdog for 200 seconds at Sat May 04 01:24:13 UTC 2019
2 ms. Memory: 208384K Free: 196341K (94%)
ptolemy.util.test.WatchDog.cancel(): canceling Sat May 04 01:24:13 UTC 2019
auto.tcl: Setting watchdog for 200 seconds at Sat May 04 01:24:13 UTC 2019
2 ms. Memory: 208384K Free: 194300K (93%)
ptolemy.util.test.WatchDog.cancel(): canceling Sat May 04 01:24:13 UTC 2019
------------------ testing $PTII/ptolemy/domains/de/test/auto/DEFixedPointLimitation.xml
auto.tcl: Setting watchdog for 200 seconds at Sat May 04 01:24:13 UTC 2019
2 ms. Memory: 208384K Free: 198261K (95%)
ptolemy.util.test.WatchDog.cancel(): canceling Sat May 04 01:24:13 UTC 2019
auto.tcl: Setting watchdog for 200 seconds at Sat May 04 01:24:13 UTC 2019
1 ms. Memory: 208384K Free: 196219K (94%)
ptolemy.util.test.WatchDog.cancel(): canceling Sat May 04 01:24:13 UTC 2019
------------------ testing $PTII/ptolemy/domains/de/test/auto/DEScheduleTest.xml
auto.tcl: Setting watchdog for 200 seconds at Sat May 04 01:24:13 UTC 2019
3 ms. Memory: 208384K Free: 198815K (95%)
ptolemy.util.test.WatchDog.cancel(): canceling Sat May 04 01:24:13 UTC 2019
auto.tcl: Setting watchdog for 200 seconds at Sat May 04 01:24:13 UTC 2019
6 ms. Memory: 208384K Free: 196254K (94%)
ptolemy.util.test.WatchDog.cancel(): canceling Sat May 04 01:24:13 UTC 2019
------------------ testing $PTII/ptolemy/domains/de/test/auto/DEinDEwithStartTimes.xml
auto.tcl: Setting watchdog for 200 seconds at Sat May 04 01:24:13 UTC 2019
4 ms. Memory: 208384K Free: 196224K (94%)
ptolemy.util.test.WatchDog.cancel(): canceling Sat May 04 01:24:13 UTC 2019
auto.tcl: Setting watchdog for 200 seconds at Sat May 04 01:24:13 UTC 2019
3 ms. Memory: 208384K Free: 196224K (94%)
ptolemy.util.test.WatchDog.cancel(): canceling Sat May 04 01:24:13 UTC 2019
------------------ testing $PTII/ptolemy/domains/de/test/auto/DEinDEwithStartTimes2.xml
auto.tcl: Setting watchdog for 200 seconds at Sat May 04 01:24:13 UTC 2019
4 ms. Memory: 208384K Free: 196203K (94%)
ptolemy.util.test.WatchDog.cancel(): canceling Sat May 04 01:24:13 UTC 2019
auto.tcl: Setting watchdog for 200 seconds at Sat May 04 01:24:13 UTC 2019
3 ms. Memory: 208384K Free: 194162K (93%)
ptolemy.util.test.WatchDog.cancel(): canceling Sat May 04 01:24:13 UTC 2019
------------------ testing $PTII/ptolemy/domains/de/test/auto/DateDemo.xml
auto.tcl: Setting watchdog for 200 seconds at Sat May 04 01:24:13 UTC 2019
8 ms. Memory: 208384K Free: 188827K (91%)
ptolemy.util.test.WatchDog.cancel(): canceling Sat May 04 01:24:13 UTC 2019
auto.tcl: Setting watchdog for 200 seconds at Sat May 04 01:24:13 UTC 2019
6 ms. Memory: 208384K Free: 186785K (90%)
ptolemy.util.test.WatchDog.cancel(): canceling Sat May 04 01:24:13 UTC 2019
------------------ testing $PTII/ptolemy/domains/de/test/auto/DateToEvent.xml
auto.tcl: Setting watchdog for 200 seconds at Sat May 04 01:24:13 UTC 2019
2018 ms. Memory: 208384K Free: 183694K (88%)
ptolemy.util.test.WatchDog.cancel(): canceling Sat May 04 01:24:15 UTC 2019
auto.tcl: Setting watchdog for 200 seconds at Sat May 04 01:24:15 UTC 2019
2007 ms. Memory: 208384K Free: 183694K (88%)
ptolemy.util.test.WatchDog.cancel(): canceling Sat May 04 01:24:17 UTC 2019
------------------ testing $PTII/ptolemy/domains/de/test/auto/DepthTest1.xml
auto.tcl: Setting watchdog for 200 seconds at Sat May 04 01:24:17 UTC 2019
4 ms. Memory: 208384K Free: 198344K (95%)
ptolemy.util.test.WatchDog.cancel(): canceling Sat May 04 01:24:17 UTC 2019
auto.tcl: Setting watchdog for 200 seconds at Sat May 04 01:24:17 UTC 2019
4 ms. Memory: 208384K Free: 198344K (95%)
ptolemy.util.test.WatchDog.cancel(): canceling Sat May 04 01:24:17 UTC 2019
------------------ testing $PTII/ptolemy/domains/de/test/auto/DepthTest2.xml
auto.tcl: Setting watchdog for 200 seconds at Sat May 04 01:24:17 UTC 2019
4 ms. Memory: 208384K Free: 194695K (93%)
ptolemy.util.test.WatchDog.cancel(): canceling Sat May 04 01:24:17 UTC 2019
auto.tcl: Setting watchdog for 200 seconds at Sat May 04 01:24:17 UTC 2019
6 ms. Memory: 208384K Free: 194695K (93%)
ptolemy.util.test.WatchDog.cancel(): canceling Sat May 04 01:24:17 UTC 2019
------------------ testing $PTII/ptolemy/domains/de/test/auto/DepthTest3.xml
auto.tcl: Setting watchdog for 200 seconds at Sat May 04 01:24:17 UTC 2019
4 ms. Memory: 208384K Free: 196931K (95%)
ptolemy.util.test.WatchDog.cancel(): canceling Sat May 04 01:24:18 UTC 2019
auto.tcl: Setting watchdog for 200 seconds at Sat May 04 01:24:18 UTC 2019
2 ms. Memory: 208384K Free: 196931K (95%)
ptolemy.util.test.WatchDog.cancel(): canceling Sat May 04 01:24:18 UTC 2019
------------------ testing $PTII/ptolemy/domains/de/test/auto/DepthTest4.xml
auto.tcl: Setting watchdog for 200 seconds at Sat May 04 01:24:18 UTC 2019
10 ms. Memory: 208384K Free: 196206K (94%)
ptolemy.util.test.WatchDog.cancel(): canceling Sat May 04 01:24:18 UTC 2019
auto.tcl: Setting watchdog for 200 seconds at Sat May 04 01:24:18 UTC 2019
3 ms. Memory: 208384K Free: 196206K (94%)
ptolemy.util.test.WatchDog.cancel(): canceling Sat May 04 01:24:18 UTC 2019
------------------ testing $PTII/ptolemy/domains/de/test/auto/DepthTest5.xml
auto.tcl: Setting watchdog for 200 seconds at Sat May 04 01:24:18 UTC 2019
4 ms. Memory: 208384K Free: 196153K (94%)
ptolemy.util.test.WatchDog.cancel(): canceling Sat May 04 01:24:18 UTC 2019
auto.tcl: Setting watchdog for 200 seconds at Sat May 04 01:24:18 UTC 2019
3 ms. Memory: 208384K Free: 196153K (94%)
ptolemy.util.test.WatchDog.cancel(): canceling Sat May 04 01:24:18 UTC 2019
------------------ testing $PTII/ptolemy/domains/de/test/auto/DepthTest6.xml
auto.tcl: Setting watchdog for 200 seconds at Sat May 04 01:24:18 UTC 2019
6 ms. Memory: 208384K Free: 196648K (94%)
ptolemy.util.test.WatchDog.cancel(): canceling Sat May 04 01:24:18 UTC 2019
auto.tcl: Setting watchdog for 200 seconds at Sat May 04 01:24:18 UTC 2019
2 ms. Memory: 208384K Free: 196648K (94%)
ptolemy.util.test.WatchDog.cancel(): canceling Sat May 04 01:24:18 UTC 2019
------------------ testing $PTII/ptolemy/domains/de/test/auto/DepthTest7.xml
auto.tcl: Setting watchdog for 200 seconds at Sat May 04 01:24:18 UTC 2019
3 ms. Memory: 208384K Free: 196110K (94%)
ptolemy.util.test.WatchDog.cancel(): canceling Sat May 04 01:24:18 UTC 2019
auto.tcl: Setting watchdog for 200 seconds at Sat May 04 01:24:18 UTC 2019
2 ms. Memory: 208384K Free: 196110K (94%)
ptolemy.util.test.WatchDog.cancel(): canceling Sat May 04 01:24:18 UTC 2019
------------------ testing $PTII/ptolemy/domains/de/test/auto/EventToDate.xml
auto.tcl: Setting watchdog for 200 seconds at Sat May 04 01:24:18 UTC 2019
3007 ms. Memory: 208384K Free: 187959K (90%)
ptolemy.util.test.WatchDog.cancel(): canceling Sat May 04 01:24:21 UTC 2019
auto.tcl: Setting watchdog for 200 seconds at Sat May 04 01:24:21 UTC 2019
3005 ms. Memory: 208384K Free: 185918K (89%)
ptolemy.util.test.WatchDog.cancel(): canceling Sat May 04 01:24:24 UTC 2019
------------------ testing $PTII/ptolemy/domains/de/test/auto/FSM1.xml
auto.tcl: Setting watchdog for 200 seconds at Sat May 04 01:24:24 UTC 2019
25 ms. Memory: 208384K Free: 189280K (91%)
ptolemy.util.test.WatchDog.cancel(): canceling Sat May 04 01:24:24 UTC 2019
auto.tcl: Setting watchdog for 200 seconds at Sat May 04 01:24:24 UTC 2019
22 ms. Memory: 208384K Free: 185198K (89%)
ptolemy.util.test.WatchDog.cancel(): canceling Sat May 04 01:24:24 UTC 2019
------------------ testing $PTII/ptolemy/domains/de/test/auto/FSM7.xml
auto.tcl: Setting watchdog for 200 seconds at Sat May 04 01:24:24 UTC 2019
31 ms. Memory: 208384K Free: 189482K (91%)
ptolemy.util.test.WatchDog.cancel(): canceling Sat May 04 01:24:24 UTC 2019
auto.tcl: Setting watchdog for 200 seconds at Sat May 04 01:24:24 UTC 2019
23 ms. Memory: 208384K Free: 185399K (89%)
ptolemy.util.test.WatchDog.cancel(): canceling Sat May 04 01:24:24 UTC 2019
------------------ testing $PTII/ptolemy/domains/de/test/auto/Inspection.xml
auto.tcl: Setting watchdog for 200 seconds at Sat May 04 01:24:24 UTC 2019
34 ms. Memory: 208384K Free: 188646K (91%)
ptolemy.util.test.WatchDog.cancel(): canceling Sat May 04 01:24:24 UTC 2019
auto.tcl: Setting watchdog for 200 seconds at Sat May 04 01:24:24 UTC 2019
34 ms. Memory: 208384K Free: 186605K (90%)
ptolemy.util.test.WatchDog.cancel(): canceling Sat May 04 01:24:24 UTC 2019
------------------ testing $PTII/ptolemy/domains/de/test/auto/Iteration.xml
auto.tcl: Setting watchdog for 200 seconds at Sat May 04 01:24:24 UTC 2019
13 ms. Memory: 208384K Free: 195914K (94%)
ptolemy.util.test.WatchDog.cancel(): canceling Sat May 04 01:24:24 UTC 2019
auto.tcl: Setting watchdog for 200 seconds at Sat May 04 01:24:24 UTC 2019
7 ms. Memory: 208384K Free: 193873K (93%)
ptolemy.util.test.WatchDog.cancel(): canceling Sat May 04 01:24:24 UTC 2019
------------------ testing $PTII/ptolemy/domains/de/test/auto/LineFault.xml
auto.tcl: Setting watchdog for 200 seconds at Sat May 04 01:24:25 UTC 2019
786 ms. Memory: 208384K Free: 199635K (96%)
ptolemy.util.test.WatchDog.cancel(): canceling Sat May 04 01:24:26 UTC 2019
auto.tcl: Setting watchdog for 200 seconds at Sat May 04 01:24:26 UTC 2019
677 ms. Memory: 208384K Free: 142232K (68%)
ptolemy.util.test.WatchDog.cancel(): canceling Sat May 04 01:24:26 UTC 2019
------------------ testing $PTII/ptolemy/domains/de/test/auto/MergeModel1Add.xml
auto.tcl: Setting watchdog for 200 seconds at Sat May 04 01:24:26 UTC 2019
30 ms. Memory: 331264K Free: 300596K (91%)
ptolemy.util.test.WatchDog.cancel(): canceling Sat May 04 01:24:26 UTC 2019
auto.tcl: Setting watchdog for 200 seconds at Sat May 04 01:24:26 UTC 2019
18 ms. Memory: 331264K Free: 300596K (91%)
ptolemy.util.test.WatchDog.cancel(): canceling Sat May 04 01:24:26 UTC 2019
------------------ testing $PTII/ptolemy/domains/de/test/auto/MergeModel2Add.xml
auto.tcl: Setting watchdog for 200 seconds at Sat May 04 01:24:27 UTC 2019
15 ms. Memory: 331264K Free: 305534K (92%)
ptolemy.util.test.WatchDog.cancel(): canceling Sat May 04 01:24:27 UTC 2019
auto.tcl: Setting watchdog for 200 seconds at Sat May 04 01:24:27 UTC 2019
10 ms. Memory: 331264K Free: 301967K (91%)
ptolemy.util.test.WatchDog.cancel(): canceling Sat May 04 01:24:27 UTC 2019
------------------ testing $PTII/ptolemy/domains/de/test/auto/MergeModel3Add.xml
auto.tcl: Setting watchdog for 200 seconds at Sat May 04 01:24:27 UTC 2019
10 ms. Memory: 331264K Free: 305544K (92%)
ptolemy.util.test.WatchDog.cancel(): canceling Sat May 04 01:24:27 UTC 2019
auto.tcl: Setting watchdog for 200 seconds at Sat May 04 01:24:27 UTC 2019
8 ms. Memory: 331264K Free: 301977K (91%)
ptolemy.util.test.WatchDog.cancel(): canceling Sat May 04 01:24:27 UTC 2019
------------------ testing $PTII/ptolemy/domains/de/test/auto/MergeWithoutDiscard.xml
auto.tcl: Setting watchdog for 200 seconds at Sat May 04 01:24:27 UTC 2019
3 ms. Memory: 331264K Free: 316916K (96%)
ptolemy.util.test.WatchDog.cancel(): canceling Sat May 04 01:24:27 UTC 2019
auto.tcl: Setting watchdog for 200 seconds at Sat May 04 01:24:27 UTC 2019
2 ms. Memory: 331264K Free: 316241K (95%)
ptolemy.util.test.WatchDog.cancel(): canceling Sat May 04 01:24:27 UTC 2019
------------------ testing $PTII/ptolemy/domains/de/test/auto/Modal1.xml
auto.tcl: Setting watchdog for 200 seconds at Sat May 04 01:24:27 UTC 2019
22 ms. Memory: 331264K Free: 310499K (94%)
ptolemy.util.test.WatchDog.cancel(): canceling Sat May 04 01:24:27 UTC 2019
auto.tcl: Setting watchdog for 200 seconds at Sat May 04 01:24:27 UTC 2019
26 ms. Memory: 331264K Free: 306932K (93%)
ptolemy.util.test.WatchDog.cancel(): canceling Sat May 04 01:24:27 UTC 2019
------------------ testing $PTII/ptolemy/domains/de/test/auto/Modal2.xml
auto.tcl: Setting watchdog for 200 seconds at Sat May 04 01:24:27 UTC 2019
17 ms. Memory: 331264K Free: 310372K (94%)
ptolemy.util.test.WatchDog.cancel(): canceling Sat May 04 01:24:27 UTC 2019
auto.tcl: Setting watchdog for 200 seconds at Sat May 04 01:24:27 UTC 2019
12 ms. Memory: 331264K Free: 306805K (93%)
ptolemy.util.test.WatchDog.cancel(): canceling Sat May 04 01:24:27 UTC 2019
------------------ testing $PTII/ptolemy/domains/de/test/auto/Modal3.xml
auto.tcl: Setting watchdog for 200 seconds at Sat May 04 01:24:27 UTC 2019
17 ms. Memory: 331264K Free: 310371K (94%)
ptolemy.util.test.WatchDog.cancel(): canceling Sat May 04 01:24:27 UTC 2019
auto.tcl: Setting watchdog for 200 seconds at Sat May 04 01:24:27 UTC 2019
16 ms. Memory: 331264K Free: 306804K (93%)
ptolemy.util.test.WatchDog.cancel(): canceling Sat May 04 01:24:27 UTC 2019
------------------ testing $PTII/ptolemy/domains/de/test/auto/Modal4.xml
auto.tcl: Setting watchdog for 200 seconds at Sat May 04 01:24:27 UTC 2019
29 ms. Memory: 331264K Free: 310400K (94%)
ptolemy.util.test.WatchDog.cancel(): canceling Sat May 04 01:24:27 UTC 2019
auto.tcl: Setting watchdog for 200 seconds at Sat May 04 01:24:27 UTC 2019
15 ms. Memory: 331264K Free: 306833K (93%)
ptolemy.util.test.WatchDog.cancel(): canceling Sat May 04 01:24:27 UTC 2019
------------------ testing $PTII/ptolemy/domains/de/test/auto/Modal5.xml
auto.tcl: Setting watchdog for 200 seconds at Sat May 04 01:24:27 UTC 2019
23 ms. Memory: 331264K Free: 310387K (94%)
ptolemy.util.test.WatchDog.cancel(): canceling Sat May 04 01:24:27 UTC 2019
auto.tcl: Setting watchdog for 200 seconds at Sat May 04 01:24:27 UTC 2019
14 ms. Memory: 331264K Free: 306821K (93%)
ptolemy.util.test.WatchDog.cancel(): canceling Sat May 04 01:24:27 UTC 2019
------------------ testing $PTII/ptolemy/domains/de/test/auto/Modal6.xml
auto.tcl: Setting watchdog for 200 seconds at Sat May 04 01:24:27 UTC 2019
15 ms. Memory: 331264K Free: 310385K (94%)
ptolemy.util.test.WatchDog.cancel(): canceling Sat May 04 01:24:28 UTC 2019
auto.tcl: Setting watchdog for 200 seconds at Sat May 04 01:24:28 UTC 2019
18 ms. Memory: 331264K Free: 306818K (93%)
ptolemy.util.test.WatchDog.cancel(): canceling Sat May 04 01:24:28 UTC 2019
------------------ testing $PTII/ptolemy/domains/de/test/auto/Modal7.xml
auto.tcl: Setting watchdog for 200 seconds at Sat May 04 01:24:28 UTC 2019
18 ms. Memory: 331264K Free: 306818K (93%)
ptolemy.util.test.WatchDog.cancel(): canceling Sat May 04 01:24:28 UTC 2019
auto.tcl: Setting watchdog for 200 seconds at Sat May 04 01:24:28 UTC 2019
11 ms. Memory: 331264K Free: 303251K (92%)
ptolemy.util.test.WatchDog.cancel(): canceling Sat May 04 01:24:28 UTC 2019
------------------ testing $PTII/ptolemy/domains/de/test/auto/ModalModel.xml
auto.tcl: Setting watchdog for 200 seconds at Sat May 04 01:24:28 UTC 2019
210 ms. Memory: 331264K Free: 248043K (75%)
ptolemy.util.test.WatchDog.cancel(): canceling Sat May 04 01:24:28 UTC 2019
auto.tcl: Setting watchdog for 200 seconds at Sat May 04 01:24:28 UTC 2019
188 ms. Memory: 331264K Free: 190977K (58%)
ptolemy.util.test.WatchDog.cancel(): canceling Sat May 04 01:24:28 UTC 2019
------------------ testing $PTII/ptolemy/domains/de/test/auto/ModalSource.xml
auto.tcl: Setting watchdog for 200 seconds at Sat May 04 01:24:28 UTC 2019
6 ms. Memory: 331264K Free: 316663K (96%)
ptolemy.util.test.WatchDog.cancel(): canceling Sat May 04 01:24:28 UTC 2019
auto.tcl: Setting watchdog for 200 seconds at Sat May 04 01:24:28 UTC 2019
6 ms. Memory: 331264K Free: 313396K (95%)
ptolemy.util.test.WatchDog.cancel(): canceling Sat May 04 01:24:28 UTC 2019
------------------ testing $PTII/ptolemy/domains/de/test/auto/NonInterruptibleTimerZeroDelay.xml
auto.tcl: Setting watchdog for 200 seconds at Sat May 04 01:24:28 UTC 2019
4 ms. Memory: 331264K Free: 321020K (97%)
ptolemy.util.test.WatchDog.cancel(): canceling Sat May 04 01:24:28 UTC 2019
auto.tcl: Setting watchdog for 200 seconds at Sat May 04 01:24:28 UTC 2019
2 ms. Memory: 331264K Free: 317754K (96%)
ptolemy.util.test.WatchDog.cancel(): canceling Sat May 04 01:24:28 UTC 2019
------------------ testing $PTII/ptolemy/domains/de/test/auto/OpenQueueingNetwork.xml
auto.tcl: Setting watchdog for 200 seconds at Sat May 04 01:24:28 UTC 2019
2962 ms. Memory: 317952K Free: 161112K (51%)
ptolemy.util.test.WatchDog.cancel(): canceling Sat May 04 01:24:31 UTC 2019
auto.tcl: Setting watchdog for 200 seconds at Sat May 04 01:24:31 UTC 2019
2668 ms. Memory: 287232K Free: 208462K (73%)
ptolemy.util.test.WatchDog.cancel(): canceling Sat May 04 01:24:34 UTC 2019
------------------ testing $PTII/ptolemy/domains/de/test/auto/OpenQueuingNetwork.xml
auto.tcl: Setting watchdog for 200 seconds at Sat May 04 01:24:34 UTC 2019
234 ms. Memory: 287232K Free: 183369K (64%)
ptolemy.util.test.WatchDog.cancel(): canceling Sat May 04 01:24:35 UTC 2019
auto.tcl: Setting watchdog for 200 seconds at Sat May 04 01:24:35 UTC 2019
228 ms. Memory: 287232K Free: 123565K (43%)
ptolemy.util.test.WatchDog.cancel(): canceling Sat May 04 01:24:35 UTC 2019
------------------ testing $PTII/ptolemy/domains/de/test/auto/PeriodicSampler.xml
auto.tcl: Setting watchdog for 200 seconds at Sat May 04 01:24:35 UTC 2019
3 ms. Memory: 289792K Free: 279752K (97%)
ptolemy.util.test.WatchDog.cancel(): canceling Sat May 04 01:24:35 UTC 2019
auto.tcl: Setting watchdog for 200 seconds at Sat May 04 01:24:35 UTC 2019
2 ms. Memory: 289792K Free: 276899K (96%)
ptolemy.util.test.WatchDog.cancel(): canceling Sat May 04 01:24:35 UTC 2019
------------------ testing $PTII/ptolemy/domains/de/test/auto/PersistentIO.xml
auto.tcl: Setting watchdog for 200 seconds at Sat May 04 01:24:35 UTC 2019
10 ms. Memory: 287232K Free: 272070K (95%)
ptolemy.util.test.WatchDog.cancel(): canceling Sat May 04 01:24:35 UTC 2019
auto.tcl: Setting watchdog for 200 seconds at Sat May 04 01:24:35 UTC 2019
4 ms. Memory: 287232K Free: 269210K (94%)
ptolemy.util.test.WatchDog.cancel(): canceling Sat May 04 01:24:35 UTC 2019
------------------ testing $PTII/ptolemy/domains/de/test/auto/PortParameterResetOnInitialize.xml
auto.tcl: Setting watchdog for 200 seconds at Sat May 04 01:24:35 UTC 2019
3 ms. Memory: 289280K Free: 276693K (96%)
ptolemy.util.test.WatchDog.cancel(): canceling Sat May 04 01:24:35 UTC 2019
auto.tcl: Setting watchdog for 200 seconds at Sat May 04 01:24:35 UTC 2019
2 ms. Memory: 289280K Free: 276693K (96%)
ptolemy.util.test.WatchDog.cancel(): canceling Sat May 04 01:24:35 UTC 2019
------------------ testing $PTII/ptolemy/domains/de/test/auto/PortParameterUpdates.xml
auto.tcl: Setting watchdog for 200 seconds at Sat May 04 01:24:35 UTC 2019
3 ms. Memory: 287232K Free: 274762K (96%)
ptolemy.util.test.WatchDog.cancel(): canceling Sat May 04 01:24:35 UTC 2019
auto.tcl: Setting watchdog for 200 seconds at Sat May 04 01:24:35 UTC 2019
3 ms. Memory: 287232K Free: 271894K (95%)
ptolemy.util.test.WatchDog.cancel(): canceling Sat May 04 01:24:35 UTC 2019
------------------ testing $PTII/ptolemy/domains/de/test/auto/QueueAndServer.xml
auto.tcl: Setting watchdog for 200 seconds at Sat May 04 01:24:35 UTC 2019
20 ms. Memory: 289280K Free: 273921K (95%)
ptolemy.util.test.WatchDog.cancel(): canceling Sat May 04 01:24:35 UTC 2019
auto.tcl: Setting watchdog for 200 seconds at Sat May 04 01:24:35 UTC 2019
7 ms. Memory: 289280K Free: 273921K (95%)
ptolemy.util.test.WatchDog.cancel(): canceling Sat May 04 01:24:35 UTC 2019
------------------ testing $PTII/ptolemy/domains/de/test/auto/Records.xml
auto.tcl: Setting watchdog for 200 seconds at Sat May 04 01:24:35 UTC 2019
11 ms. Memory: 287232K Free: 274667K (96%)
ptolemy.util.test.WatchDog.cancel(): canceling Sat May 04 01:24:35 UTC 2019
auto.tcl: Setting watchdog for 200 seconds at Sat May 04 01:24:35 UTC 2019
1 ms. Memory: 287232K Free: 274667K (96%)
ptolemy.util.test.WatchDog.cancel(): canceling Sat May 04 01:24:35 UTC 2019
------------------ testing $PTII/ptolemy/domains/de/test/auto/ResetTransitionWithStartTime1.xml
auto.tcl: Setting watchdog for 200 seconds at Sat May 04 01:24:35 UTC 2019
17 ms. Memory: 288768K Free: 273359K (95%)
ptolemy.util.test.WatchDog.cancel(): canceling Sat May 04 01:24:35 UTC 2019
auto.tcl: Setting watchdog for 200 seconds at Sat May 04 01:24:35 UTC 2019
6 ms. Memory: 288768K Free: 270507K (94%)
ptolemy.util.test.WatchDog.cancel(): canceling Sat May 04 01:24:35 UTC 2019
------------------ testing $PTII/ptolemy/domains/de/test/auto/ResetTransitionWithStartTime2.xml
auto.tcl: Setting watchdog for 200 seconds at Sat May 04 01:24:35 UTC 2019
9 ms. Memory: 287232K Free: 271970K (95%)
ptolemy.util.test.WatchDog.cancel(): canceling Sat May 04 01:24:35 UTC 2019
auto.tcl: Setting watchdog for 200 seconds at Sat May 04 01:24:35 UTC 2019
7 ms. Memory: 287232K Free: 269109K (94%)
ptolemy.util.test.WatchDog.cancel(): canceling Sat May 04 01:24:35 UTC 2019
------------------ testing $PTII/ptolemy/domains/de/test/auto/ResetTransitionWithStartTime3.xml
auto.tcl: Setting watchdog for 200 seconds at Sat May 04 01:24:35 UTC 2019
6 ms. Memory: 288768K Free: 273349K (95%)
ptolemy.util.test.WatchDog.cancel(): canceling Sat May 04 01:24:35 UTC 2019
auto.tcl: Setting watchdog for 200 seconds at Sat May 04 01:24:35 UTC 2019
7 ms. Memory: 288768K Free: 270481K (94%)
ptolemy.util.test.WatchDog.cancel(): canceling Sat May 04 01:24:35 UTC 2019
------------------ testing $PTII/ptolemy/domains/de/test/auto/ResetTransitionWithStartTime4.xml
auto.tcl: Setting watchdog for 200 seconds at Sat May 04 01:24:36 UTC 2019
5 ms. Memory: 287232K Free: 271812K (95%)
ptolemy.util.test.WatchDog.cancel(): canceling Sat May 04 01:24:36 UTC 2019
auto.tcl: Setting watchdog for 200 seconds at Sat May 04 01:24:36 UTC 2019
4 ms. Memory: 287232K Free: 271812K (95%)
ptolemy.util.test.WatchDog.cancel(): canceling Sat May 04 01:24:36 UTC 2019
------------------ testing $PTII/ptolemy/domains/de/test/auto/ResettableTimer1.xml
auto.tcl: Setting watchdog for 200 seconds at Sat May 04 01:24:36 UTC 2019
2 ms. Memory: 288768K Free: 276228K (96%)
ptolemy.util.test.WatchDog.cancel(): canceling Sat May 04 01:24:36 UTC 2019
auto.tcl: Setting watchdog for 200 seconds at Sat May 04 01:24:36 UTC 2019
2 ms. Memory: 288768K Free: 276228K (96%)
ptolemy.util.test.WatchDog.cancel(): canceling Sat May 04 01:24:36 UTC 2019
------------------ testing $PTII/ptolemy/domains/de/test/auto/ResettableTimer2.xml
auto.tcl: Setting watchdog for 200 seconds at Sat May 04 01:24:36 UTC 2019
2 ms. Memory: 287232K Free: 274890K (96%)
ptolemy.util.test.WatchDog.cancel(): canceling Sat May 04 01:24:36 UTC 2019
auto.tcl: Setting watchdog for 200 seconds at Sat May 04 01:24:36 UTC 2019
2 ms. Memory: 287232K Free: 274890K (96%)
ptolemy.util.test.WatchDog.cancel(): canceling Sat May 04 01:24:36 UTC 2019
------------------ testing $PTII/ptolemy/domains/de/test/auto/ResettableTimer3.xml
auto.tcl: Setting watchdog for 200 seconds at Sat May 04 01:24:36 UTC 2019
2 ms. Memory: 288256K Free: 275766K (96%)
ptolemy.util.test.WatchDog.cancel(): canceling Sat May 04 01:24:36 UTC 2019
auto.tcl: Setting watchdog for 200 seconds at Sat May 04 01:24:36 UTC 2019
1 ms. Memory: 288256K Free: 275766K (96%)
ptolemy.util.test.WatchDog.cancel(): canceling Sat May 04 01:24:36 UTC 2019
------------------ testing $PTII/ptolemy/domains/de/test/auto/ResettableTimer4.xml
auto.tcl: Setting watchdog for 200 seconds at Sat May 04 01:24:36 UTC 2019
1 ms. Memory: 287232K Free: 274909K (96%)
ptolemy.util.test.WatchDog.cancel(): canceling Sat May 04 01:24:36 UTC 2019
auto.tcl: Setting watchdog for 200 seconds at Sat May 04 01:24:36 UTC 2019
1 ms. Memory: 287232K Free: 274909K (96%)
ptolemy.util.test.WatchDog.cancel(): canceling Sat May 04 01:24:36 UTC 2019
------------------ testing $PTII/ptolemy/domains/de/test/auto/ResettableTimer5.xml
auto.tcl: Setting watchdog for 200 seconds at Sat May 04 01:24:36 UTC 2019
1 ms. Memory: 288256K Free: 273873K (95%)
ptolemy.util.test.WatchDog.cancel(): canceling Sat May 04 01:24:36 UTC 2019
auto.tcl: Setting watchdog for 200 seconds at Sat May 04 01:24:36 UTC 2019
2 ms. Memory: 288256K Free: 273873K (95%)
ptolemy.util.test.WatchDog.cancel(): canceling Sat May 04 01:24:36 UTC 2019
------------------ testing $PTII/ptolemy/domains/de/test/auto/ResettableTimer6.xml
auto.tcl: Setting watchdog for 200 seconds at Sat May 04 01:24:36 UTC 2019
2 ms. Memory: 287232K Free: 272635K (95%)
ptolemy.util.test.WatchDog.cancel(): canceling Sat May 04 01:24:36 UTC 2019
auto.tcl: Setting watchdog for 200 seconds at Sat May 04 01:24:36 UTC 2019
2 ms. Memory: 287232K Free: 272635K (95%)
ptolemy.util.test.WatchDog.cancel(): canceling Sat May 04 01:24:36 UTC 2019
------------------ testing $PTII/ptolemy/domains/de/test/auto/ServerZeroDelay.xml
auto.tcl: Setting watchdog for 200 seconds at Sat May 04 01:24:36 UTC 2019
2 ms. Memory: 288256K Free: 275864K (96%)
ptolemy.util.test.WatchDog.cancel(): canceling Sat May 04 01:24:36 UTC 2019
auto.tcl: Setting watchdog for 200 seconds at Sat May 04 01:24:36 UTC 2019
2 ms. Memory: 288256K Free: 275864K (96%)
ptolemy.util.test.WatchDog.cancel(): canceling Sat May 04 01:24:36 UTC 2019
------------------ testing $PTII/ptolemy/domains/de/test/auto/SmartSender.xml
auto.tcl: Setting watchdog for 200 seconds at Sat May 04 01:24:36 UTC 2019
3000 ms. Memory: 287232K Free: 270719K (94%)
ptolemy.util.test.WatchDog.cancel(): canceling Sat May 04 01:24:39 UTC 2019
auto.tcl: Setting watchdog for 200 seconds at Sat May 04 01:24:39 UTC 2019
3001 ms. Memory: 287232K Free: 270719K (94%)
ptolemy.util.test.WatchDog.cancel(): canceling Sat May 04 01:24:42 UTC 2019
------------------ testing $PTII/ptolemy/domains/de/test/auto/ThreadedComposite.xml
auto.tcl: Setting watchdog for 200 seconds at Sat May 04 01:24:42 UTC 2019
238 ms. Memory: 288256K Free: 254794K (88%)
ptolemy.util.test.WatchDog.cancel(): canceling Sat May 04 01:24:42 UTC 2019
auto.tcl: Setting watchdog for 200 seconds at Sat May 04 01:24:42 UTC 2019
137 ms. Memory: 288256K Free: 238797K (83%)
ptolemy.util.test.WatchDog.cancel(): canceling Sat May 04 01:24:43 UTC 2019
------------------ testing $PTII/ptolemy/domains/de/test/auto/Time.xml
auto.tcl: Setting watchdog for 200 seconds at Sat May 04 01:24:43 UTC 2019
524 ms. Memory: 287232K Free: 222946K (78%)
ptolemy.util.test.WatchDog.cancel(): canceling Sat May 04 01:24:43 UTC 2019
auto.tcl: Setting watchdog for 200 seconds at Sat May 04 01:24:43 UTC 2019
505 ms. Memory: 287232K Free: 168748K (59%)
ptolemy.util.test.WatchDog.cancel(): canceling Sat May 04 01:24:44 UTC 2019
------------------ testing $PTII/ptolemy/domains/de/test/auto/TimeDelayZeroDelay.xml
auto.tcl: Setting watchdog for 200 seconds at Sat May 04 01:24:44 UTC 2019
2 ms. Memory: 287744K Free: 275716K (96%)
ptolemy.util.test.WatchDog.cancel(): canceling Sat May 04 01:24:44 UTC 2019
auto.tcl: Setting watchdog for 200 seconds at Sat May 04 01:24:44 UTC 2019
2 ms. Memory: 287744K Free: 275716K (96%)
ptolemy.util.test.WatchDog.cancel(): canceling Sat May 04 01:24:44 UTC 2019
------------------ testing $PTII/ptolemy/domains/de/test/auto/TimerZeroDelay.xml
auto.tcl: Setting watchdog for 200 seconds at Sat May 04 01:24:44 UTC 2019
3 ms. Memory: 287232K Free: 275357K (96%)
ptolemy.util.test.WatchDog.cancel(): canceling Sat May 04 01:24:44 UTC 2019
auto.tcl: Setting watchdog for 200 seconds at Sat May 04 01:24:44 UTC 2019
1 ms. Memory: 287232K Free: 275357K (96%)
ptolemy.util.test.WatchDog.cancel(): canceling Sat May 04 01:24:44 UTC 2019
------------------ testing $PTII/ptolemy/domains/de/test/auto/TimingParadox.xml
auto.tcl: Setting watchdog for 200 seconds at Sat May 04 01:24:44 UTC 2019
361 ms. Memory: 287744K Free: 209773K (73%)
ptolemy.util.test.WatchDog.cancel(): canceling Sat May 04 01:24:44 UTC 2019
auto.tcl: Setting watchdog for 200 seconds at Sat May 04 01:24:44 UTC 2019
349 ms. Memory: 287744K Free: 173682K (60%)
ptolemy.util.test.WatchDog.cancel(): canceling Sat May 04 01:24:45 UTC 2019
------------------ testing $PTII/ptolemy/domains/de/test/auto/TransferInputs.xml
auto.tcl: Setting watchdog for 200 seconds at Sat May 04 01:24:45 UTC 2019
2 ms. Memory: 287744K Free: 274800K (96%)
ptolemy.util.test.WatchDog.cancel(): canceling Sat May 04 01:24:45 UTC 2019
auto.tcl: Setting watchdog for 200 seconds at Sat May 04 01:24:45 UTC 2019
6 ms. Memory: 287744K Free: 274800K (96%)
ptolemy.util.test.WatchDog.cancel(): canceling Sat May 04 01:24:45 UTC 2019
------------------ testing $PTII/ptolemy/domains/de/test/auto/TransferOutputs2.xml
auto.tcl: Setting watchdog for 200 seconds at Sat May 04 01:24:45 UTC 2019
2 ms. Memory: 287232K Free: 272789K (95%)
ptolemy.util.test.WatchDog.cancel(): canceling Sat May 04 01:24:45 UTC 2019
auto.tcl: Setting watchdog for 200 seconds at Sat May 04 01:24:45 UTC 2019
3 ms. Memory: 287232K Free: 270196K (94%)
ptolemy.util.test.WatchDog.cancel(): canceling Sat May 04 01:24:45 UTC 2019
------------------ testing $PTII/ptolemy/domains/de/test/auto/Trilateration.xml
auto.tcl: Setting watchdog for 200 seconds at Sat May 04 01:24:45 UTC 2019
13840 ms. Memory: 473088K Free: 259218K (55%)
ptolemy.util.test.WatchDog.cancel(): canceling Sat May 04 01:25:00 UTC 2019
auto.tcl: Setting watchdog for 200 seconds at Sat May 04 01:25:00 UTC 2019
10839 ms. Memory: 352256K Free: 197898K (56%)
ptolemy.util.test.WatchDog.cancel(): canceling Sat May 04 01:25:11 UTC 2019
------------------ testing $PTII/ptolemy/domains/de/test/auto/TwoSigmaDelta.xml
auto.tcl: Setting watchdog for 200 seconds at Sat May 04 01:25:11 UTC 2019
2732 ms. Memory: 339968K Free: 317821K (93%)
ptolemy.util.test.WatchDog.cancel(): canceling Sat May 04 01:25:13 UTC 2019
auto.tcl: Setting watchdog for 200 seconds at Sat May 04 01:25:13 UTC 2019
2107 ms. Memory: 339968K Free: 87025K (26%)
ptolemy.util.test.WatchDog.cancel(): canceling Sat May 04 01:25:16 UTC 2019
------------------ testing $PTII/ptolemy/domains/de/test/auto/VariableDelay.xml
auto.tcl: Setting watchdog for 200 seconds at Sat May 04 01:25:16 UTC 2019
2 ms. Memory: 337408K Free: 325773K (97%)
ptolemy.util.test.WatchDog.cancel(): canceling Sat May 04 01:25:16 UTC 2019
auto.tcl: Setting watchdog for 200 seconds at Sat May 04 01:25:16 UTC 2019
1 ms. Memory: 337408K Free: 321826K (95%)
ptolemy.util.test.WatchDog.cancel(): canceling Sat May 04 01:25:16 UTC 2019
------------------ testing $PTII/ptolemy/domains/de/test/auto/VariableDelay2.xml
auto.tcl: Setting watchdog for 200 seconds at Sat May 04 01:25:16 UTC 2019
1 ms. Memory: 339456K Free: 328234K (97%)
ptolemy.util.test.WatchDog.cancel(): canceling Sat May 04 01:25:16 UTC 2019
auto.tcl: Setting watchdog for 200 seconds at Sat May 04 01:25:16 UTC 2019
2 ms. Memory: 339456K Free: 324294K (96%)
ptolemy.util.test.WatchDog.cancel(): canceling Sat May 04 01:25:16 UTC 2019
------------------ testing $PTII/ptolemy/domains/de/test/auto/VariableDelayZeroDelay.xml
auto.tcl: Setting watchdog for 200 seconds at Sat May 04 01:25:16 UTC 2019
2 ms. Memory: 337408K Free: 323624K (96%)
ptolemy.util.test.WatchDog.cancel(): canceling Sat May 04 01:25:16 UTC 2019
auto.tcl: Setting watchdog for 200 seconds at Sat May 04 01:25:16 UTC 2019
2 ms. Memory: 337408K Free: 323624K (96%)
ptolemy.util.test.WatchDog.cancel(): canceling Sat May 04 01:25:16 UTC 2019
------------------ testing $PTII/ptolemy/domains/de/test/auto/VariableDelayZeroDelay2.xml
auto.tcl: Setting watchdog for 200 seconds at Sat May 04 01:25:16 UTC 2019
2 ms. Memory: 339456K Free: 325670K (96%)
ptolemy.util.test.WatchDog.cancel(): canceling Sat May 04 01:25:16 UTC 2019
auto.tcl: Setting watchdog for 200 seconds at Sat May 04 01:25:16 UTC 2019
2 ms. Memory: 339456K Free: 321723K (95%)
ptolemy.util.test.WatchDog.cancel(): canceling Sat May 04 01:25:16 UTC 2019
------------------ testing $PTII/ptolemy/domains/de/test/auto/deInCt.xml
auto.tcl: Setting watchdog for 200 seconds at Sat May 04 01:25:16 UTC 2019
0
1
1
1
1
1
1
1
0
0
0
0
1
1
1
0
0
0
0
1
1
1
0
0
0
0
1
1
1
1
7 ms. Memory: 337408K Free: 323613K (96%)
ptolemy.util.test.WatchDog.cancel(): canceling Sat May 04 01:25:16 UTC 2019
auto.tcl: Setting watchdog for 200 seconds at Sat May 04 01:25:16 UTC 2019
0
1
1
1
0
0
0
0
1
1
1
0
0
0
0
0
1
1
1
1
0
0
0
1
1
1
0
0
1
1
1
0
0
1
1
1
0
0
0
0
6 ms. Memory: 337408K Free: 319674K (95%)
ptolemy.util.test.WatchDog.cancel(): canceling Sat May 04 01:25:16 UTC 2019
------------------ testing $PTII/ptolemy/domains/de/test/auto/deInCt2.xml
auto.tcl: Setting watchdog for 200 seconds at Sat May 04 01:25:16 UTC 2019
0
1
1
1
0
0
1
1
1
0
0
1
1
1
0
0
1
1
1
0
0
1
1
1
0
0
1
1
1
0
0
1
1
1
0
0
1
1
1
0
0
0
8 ms. Memory: 338944K Free: 325148K (96%)
ptolemy.util.test.WatchDog.cancel(): canceling Sat May 04 01:25:16 UTC 2019
auto.tcl: Setting watchdog for 200 seconds at Sat May 04 01:25:16 UTC 2019
0
1
1
1
0
0
1
1
1
0
0
1
1
1
0
0
1
1
1
0
0
1
1
1
0
0
1
1
1
0
0
1
1
1
0
0
1
1
1
0
0
0
7 ms. Memory: 338944K Free: 321193K (95%)
ptolemy.util.test.WatchDog.cancel(): canceling Sat May 04 01:25:16 UTC 2019
------------------ testing $PTII/ptolemy/domains/de/test/auto/dynamicCausalityInterface1.xml
auto.tcl: Setting watchdog for 200 seconds at Sat May 04 01:25:16 UTC 2019
1 ms. Memory: 337408K Free: 318263K (94%)
ptolemy.util.test.WatchDog.cancel(): canceling Sat May 04 01:25:16 UTC 2019
auto.tcl: Setting watchdog for 200 seconds at Sat May 04 01:25:16 UTC 2019
1 ms. Memory: 337408K Free: 318263K (94%)
ptolemy.util.test.WatchDog.cancel(): canceling Sat May 04 01:25:16 UTC 2019
------------------ testing $PTII/ptolemy/domains/de/test/auto/fsm_de_test.xml
auto.tcl: Setting watchdog for 200 seconds at Sat May 04 01:25:16 UTC 2019
9 ms. Memory: 338944K Free: 321090K (95%)
ptolemy.util.test.WatchDog.cancel(): canceling Sat May 04 01:25:16 UTC 2019
auto.tcl: Setting watchdog for 200 seconds at Sat May 04 01:25:16 UTC 2019
4 ms. Memory: 338944K Free: 317134K (94%)
ptolemy.util.test.WatchDog.cancel(): canceling Sat May 04 01:25:16 UTC 2019
------------------ testing $PTII/ptolemy/domains/de/test/auto/functionDependencyReconstruction.xml
auto.tcl: Setting watchdog for 200 seconds at Sat May 04 01:25:16 UTC 2019
3 ms. Memory: 337408K Free: 311650K (92%)
ptolemy.util.test.WatchDog.cancel(): canceling Sat May 04 01:25:16 UTC 2019
auto.tcl: Setting watchdog for 200 seconds at Sat May 04 01:25:16 UTC 2019
3 ms. Memory: 337408K Free: 307694K (91%)
ptolemy.util.test.WatchDog.cancel(): canceling Sat May 04 01:25:16 UTC 2019
------------------ testing $PTII/ptolemy/domains/de/test/auto/multirate.xml
auto.tcl: Setting watchdog for 200 seconds at Sat May 04 01:25:16 UTC 2019
6 ms. Memory: 338432K Free: 320452K (95%)
ptolemy.util.test.WatchDog.cancel(): canceling Sat May 04 01:25:16 UTC 2019
auto.tcl: Setting watchdog for 200 seconds at Sat May 04 01:25:16 UTC 2019
3 ms. Memory: 338432K Free: 320446K (95%)
ptolemy.util.test.WatchDog.cancel(): canceling Sat May 04 01:25:16 UTC 2019
------------------ testing $PTII/ptolemy/domains/de/test/auto/multirate2.xml
auto.tcl: Setting watchdog for 200 seconds at Sat May 04 01:25:16 UTC 2019
2 ms. Memory: 337408K Free: 319608K (95%)
ptolemy.util.test.WatchDog.cancel(): canceling Sat May 04 01:25:16 UTC 2019
auto.tcl: Setting watchdog for 200 seconds at Sat May 04 01:25:16 UTC 2019
3 ms. Memory: 337408K Free: 319608K (95%)
ptolemy.util.test.WatchDog.cancel(): canceling Sat May 04 01:25:16 UTC 2019
------------------ testing $PTII/ptolemy/domains/de/test/auto/realtime.xml
auto.tcl: Setting watchdog for 200 seconds at Sat May 04 01:25:16 UTC 2019
10003 ms. Memory: 338432K Free: 324580K (96%)
ptolemy.util.test.WatchDog.cancel(): canceling Sat May 04 01:25:26 UTC 2019
auto.tcl: Setting watchdog for 200 seconds at Sat May 04 01:25:26 UTC 2019
10001 ms. Memory: 338432K Free: 320624K (95%)
ptolemy.util.test.WatchDog.cancel(): canceling Sat May 04 01:25:36 UTC 2019
------------------ testing $PTII/ptolemy/domains/de/test/auto/relationGroup.xml
auto.tcl: Setting watchdog for 200 seconds at Sat May 04 01:25:36 UTC 2019
9 ms. Memory: 337408K Free: 326147K (97%)
ptolemy.util.test.WatchDog.cancel(): canceling Sat May 04 01:25:36 UTC 2019
auto.tcl: Setting watchdog for 200 seconds at Sat May 04 01:25:36 UTC 2019
2 ms. Memory: 337408K Free: 326147K (97%)
ptolemy.util.test.WatchDog.cancel(): canceling Sat May 04 01:25:36 UTC 2019
------------------ testing $PTII/ptolemy/domains/de/test/auto/relationGroup2.xml
auto.tcl: Setting watchdog for 200 seconds at Sat May 04 01:25:36 UTC 2019
1 ms. Memory: 338432K Free: 324638K (96%)
ptolemy.util.test.WatchDog.cancel(): canceling Sat May 04 01:25:36 UTC 2019
auto.tcl: Setting watchdog for 200 seconds at Sat May 04 01:25:36 UTC 2019
1 ms. Memory: 338432K Free: 324638K (96%)
ptolemy.util.test.WatchDog.cancel(): canceling Sat May 04 01:25:36 UTC 2019
------------------ testing $PTII/ptolemy/domains/de/test/auto/sortWithOpaquePorts.xml
auto.tcl: Setting watchdog for 200 seconds at Sat May 04 01:25:37 UTC 2019
2 ms. Memory: 337408K Free: 323615K (96%)
ptolemy.util.test.WatchDog.cancel(): canceling Sat May 04 01:25:37 UTC 2019
auto.tcl: Setting watchdog for 200 seconds at Sat May 04 01:25:37 UTC 2019
2 ms. Memory: 337408K Free: 319659K (95%)
ptolemy.util.test.WatchDog.cancel(): canceling Sat May 04 01:25:37 UTC 2019
------------------ testing $PTII/ptolemy/domains/de/test/auto/transferInputsandOutputs.xml
auto.tcl: Setting watchdog for 200 seconds at Sat May 04 01:25:37 UTC 2019
2 ms. Memory: 337920K Free: 320167K (95%)
ptolemy.util.test.WatchDog.cancel(): canceling Sat May 04 01:25:37 UTC 2019
auto.tcl: Setting watchdog for 200 seconds at Sat May 04 01:25:37 UTC 2019
3 ms. Memory: 337920K Free: 320167K (95%)
ptolemy.util.test.WatchDog.cancel(): canceling Sat May 04 01:25:37 UTC 2019
------------------ testing $PTII/ptolemy/domains/de/test/auto/triggerType.xml
auto.tcl: Setting watchdog for 200 seconds at Sat May 04 01:25:37 UTC 2019
2 ms. Memory: 337408K Free: 323553K (96%)
ptolemy.util.test.WatchDog.cancel(): canceling Sat May 04 01:25:37 UTC 2019
auto.tcl: Setting watchdog for 200 seconds at Sat May 04 01:25:37 UTC 2019
1 ms. Memory: 337408K Free: 319605K (95%)
ptolemy.util.test.WatchDog.cancel(): canceling Sat May 04 01:25:37 UTC 2019
05/04/19 01:25:37
Failed: 0  Total Tests: 192  ((Passed: 187, Newly Passed: 1)  Known Failed: 5) /home/travis/build/icyphy/ptII/ptolemy/domains/de/test
05/04/19 01:25:37
Failed: 0  Total Tests: 192  ((Passed: 187, Newly Passed: 1)  Known Failed: 5) /home/travis/build/icyphy/ptII/ptolemy/domains/de/test
----------------- testing (KnownFailure) /home/travis/build/icyphy/ptII/ptolemy/domains/de/test/auto/knownFailedTests/DESDFClockTest.xml
2010 ms. Memory: 337920K Free: 313856K (93%)
Known Failure: java.lang.reflect.InvocationTargetException
----------------- testing (KnownFailure) /home/travis/build/icyphy/ptII/ptolemy/domains/de/test/auto/knownFailedTests/DirectFeedback.xml
1 ms. Memory: 337920K Free: 293376K (87%)
Known Failure: java.lang.reflect.InvocationTargetException
----------------- testing (KnownFailure) /home/travis/build/icyphy/ptII/ptolemy/domains/de/test/auto/knownFailedTests/FSMSource.xml
17 ms. Memory: 337920K Free: 272895K (81%)
----------------- testing (KnownFailure) /home/travis/build/icyphy/ptII/ptolemy/domains/de/test/auto/knownFailedTests/HierarchicalModel.xml
1 ms. Memory: 337920K Free: 247279K (73%)
Known Failure: java.lang.reflect.InvocationTargetException
----------------- testing (KnownFailure) /home/travis/build/icyphy/ptII/ptolemy/domains/de/test/auto/knownFailedTests/dependencyLoop.xml
2 ms. Memory: 337920K Free: 216559K (64%)
Known Failure: java.lang.reflect.InvocationTargetException
----------------- testing (KnownFailure) /home/travis/build/icyphy/ptII/ptolemy/domains/de/test/auto/knownFailedTests/dependencyLoop2.xml
2 ms. Memory: 337920K Free: 185838K (55%)
Known Failure: java.lang.reflect.InvocationTargetException
No auto/linux-amd64/*.xml tests in /home/travis/build/icyphy/ptII/ptolemy/domains/de/test
AutoTests.java: About to close Vertx.
AutoTests.java: Vertx closed.

===========================================================================================
----------------- testing Sat May 04 01:25:39 UTC 2019 /home/travis/build/icyphy/ptII/ptolemy/domains/de/test/auto/ActorDepthCalculation_actorWithoutPorts.xml
----------------- Instantiating /home/travis/build/icyphy/ptII/ptolemy/domains/de/test/auto/ActorDepthCalculation_actorWithoutPorts.xml
1 ms. Memory: 337920K Free: 160238K (47%)
----------------- Invoking toplevel() on ptolemy.moml.MoMLSimpleApplication@fbb3ea4
----------------- Done invoking toplevel() on ptolemy.moml.MoMLSimpleApplication@fbb3ea4
reloadAllAccessors: .ActorDepthCalculation_actorWithoutPorts

===========================================================================================
----------------- testing Sat May 04 01:25:39 UTC 2019 /home/travis/build/icyphy/ptII/ptolemy/domains/de/test/auto/AssemblyLine.xml
----------------- Instantiating /home/travis/build/icyphy/ptII/ptolemy/domains/de/test/auto/AssemblyLine.xml
1 ms. Memory: 337920K Free: 144870K (43%)
----------------- Invoking toplevel() on ptolemy.moml.MoMLSimpleApplication@3e5483d7
----------------- Done invoking toplevel() on ptolemy.moml.MoMLSimpleApplication@3e5483d7
reloadAllAccessors: .AssemblyLine

===========================================================================================
----------------- testing Sat May 04 01:25:39 UTC 2019 /home/travis/build/icyphy/ptII/ptolemy/domains/de/test/auto/CQBug1.xml
----------------- Instantiating /home/travis/build/icyphy/ptII/ptolemy/domains/de/test/auto/CQBug1.xml
1 ms. Memory: 337920K Free: 134630K (40%)
----------------- Invoking toplevel() on ptolemy.moml.MoMLSimpleApplication@3f395c57
----------------- Done invoking toplevel() on ptolemy.moml.MoMLSimpleApplication@3f395c57
reloadAllAccessors: .CQBug1

===========================================================================================
----------------- testing Sat May 04 01:25:39 UTC 2019 /home/travis/build/icyphy/ptII/ptolemy/domains/de/test/auto/CancelFireAt.xml
----------------- Instantiating /home/travis/build/icyphy/ptII/ptolemy/domains/de/test/auto/CancelFireAt.xml
1 ms. Memory: 337920K Free: 124390K (37%)
----------------- Invoking toplevel() on ptolemy.moml.MoMLSimpleApplication@1c0dfca5
----------------- Done invoking toplevel() on ptolemy.moml.MoMLSimpleApplication@1c0dfca5
reloadAllAccessors: .CancelFireAt

===========================================================================================
----------------- testing Sat May 04 01:25:39 UTC 2019 /home/travis/build/icyphy/ptII/ptolemy/domains/de/test/auto/CausalityAndComposabilityAnalysis.xml
----------------- Instantiating /home/travis/build/icyphy/ptII/ptolemy/domains/de/test/auto/CausalityAndComposabilityAnalysis.xml
2 ms. Memory: 337920K Free: 114150K (34%)
----------------- Invoking toplevel() on ptolemy.moml.MoMLSimpleApplication@188beded
----------------- Done invoking toplevel() on ptolemy.moml.MoMLSimpleApplication@188beded
reloadAllAccessors: .CausalityAndComposabilityAnalysis

===========================================================================================
----------------- testing Sat May 04 01:25:39 UTC 2019 /home/travis/build/icyphy/ptII/ptolemy/domains/de/test/auto/CausalityInterface1.xml
----------------- Instantiating /home/travis/build/icyphy/ptII/ptolemy/domains/de/test/auto/CausalityInterface1.xml
3 ms. Memory: 337920K Free: 103910K (31%)
----------------- Invoking toplevel() on ptolemy.moml.MoMLSimpleApplication@668c885
----------------- Done invoking toplevel() on ptolemy.moml.MoMLSimpleApplication@668c885
reloadAllAccessors: .CausalityInterface1

===========================================================================================
----------------- testing Sat May 04 01:25:39 UTC 2019 /home/travis/build/icyphy/ptII/ptolemy/domains/de/test/auto/CausalityInterface15.xml
----------------- Instantiating /home/travis/build/icyphy/ptII/ptolemy/domains/de/test/auto/CausalityInterface15.xml
1 ms. Memory: 337920K Free: 89730K (27%)
----------------- Invoking toplevel() on ptolemy.moml.MoMLSimpleApplication@4a04409b
----------------- Done invoking toplevel() on ptolemy.moml.MoMLSimpleApplication@4a04409b
reloadAllAccessors: .CausalityInterface15

[...]
java.lang.RuntimeException: Execution failed
	at ptolemy.moml.MoMLSimpleApplication$UnloadThread.run(MoMLSimpleApplication.java:402)
Caused by: ptolemy.kernel.util.IllegalActionException: Test fails in iteration 1.
Value was: 1.0. Should have been: 2.0
  in .DirectFeedback.Test
	at ptolemy.actor.lib.Test.fire(Test.java:268)
	at ptolemy.domains.de.kernel.DEDirector._fire(DEDirector.java:1949)
	at ptolemy.domains.de.kernel.DEDirector.fire(DEDirector.java:502)
	at ptolemy.actor.CompositeActor.fire(CompositeActor.java:455)
	at ptolemy.actor.Manager.iterate(Manager.java:851)
	at ptolemy.actor.Manager.execute(Manager.java:369)
	at ptolemy.actor.Manager.run(Manager.java:1263)
	at ptolemy.actor.Manager$PtolemyRunThread.run(Manager.java:1915)
java.lang.RuntimeException: Execution failed
	at ptolemy.moml.MoMLSimpleApplication$UnloadThread.run(MoMLSimpleApplication.java:402)
Caused by: ptolemy.kernel.util.IllegalActionException: Actor is not ready to fire.  Perhaps UpSample.prefire() returned false? Try debugging the actor by selecting "Listen to Actor".  Also, for SDF check moml for tokenConsumptionRate on input.
  in .DESDFClockTest.Play Bell.Copy1:SDF Director and .DESDFClockTest.Play Bell.UpSample
	at ptolemy.actor.sched.StaticSchedulingDirector.fire(StaticSchedulingDirector.java:227)
	at ptolemy.domains.sdf.kernel.SDFDirector.fire(SDFDirector.java:500)
	at ptolemy.actor.CompositeActor.fire(CompositeActor.java:455)
	at ptolemy.domains.de.kernel.DEDirector._fire(DEDirector.java:1949)
	at ptolemy.domains.de.kernel.DEDirector.fire(DEDirector.java:502)
	at ptolemy.actor.CompositeActor.fire(CompositeActor.java:455)
	at ptolemy.actor.Manager.iterate(Manager.java:851)
	at ptolemy.actor.Manager.execute(Manager.java:369)
	at ptolemy.actor.Manager.run(Manager.java:1263)
	at ptolemy.actor.Manager$PtolemyRunThread.run(Manager.java:1915)
java.lang.reflect.InvocationTargetException
	at sun.reflect.NativeConstructorAccessorImpl.newInstance0(Native Method)
	at sun.reflect.NativeConstructorAccessorImpl.newInstance(NativeConstructorAccessorImpl.java:62)
	at sun.reflect.DelegatingConstructorAccessorImpl.newInstance(DelegatingConstructorAccessorImpl.java:45)
	at java.lang.reflect.Constructor.newInstance(Constructor.java:423)
	at ptolemy.util.test.junit.AutoKnownFailedTests.RunModel(AutoKnownFailedTests.java:105)
	at sun.reflect.NativeMethodAccessorImpl.invoke0(Native Method)
	at sun.reflect.NativeMethodAccessorImpl.invoke(NativeMethodAccessorImpl.java:62)
	at sun.reflect.DelegatingMethodAccessorImpl.invoke(DelegatingMethodAccessorImpl.java:43)
	at java.lang.reflect.Method.invoke(Method.java:498)
	at org.junit.runners.model.FrameworkMethod$1.runReflectiveCall(FrameworkMethod.java:44)
	at org.junit.internal.runners.model.ReflectiveCallable.run(ReflectiveCallable.java:15)
	at org.junit.runners.model.FrameworkMethod.invokeExplosively(FrameworkMethod.java:41)
	at junitparams.internal.InvokeParameterisedMethod.evaluate(InvokeParameterisedMethod.java:102)
	at org.junit.internal.runners.statements.FailOnTimeout$1.run(FailOnTimeout.java:28)
Caused by: ptolemy.kernel.util.IllegalActionException: Actor is not ready to fire.  Perhaps UpSample.prefire() returned false? Try debugging the actor by selecting "Listen to Actor".  Also, for SDF check moml for tokenConsumptionRate on input.
  in .DESDFClockTest.Play Bell.Copy1:SDF Director and .DESDFClockTest.Play Bell.UpSample
	at ptolemy.actor.sched.StaticSchedulingDirector.fire(StaticSchedulingDirector.java:227)
	at ptolemy.domains.sdf.kernel.SDFDirector.fire(SDFDirector.java:500)
	at ptolemy.actor.CompositeActor.fire(CompositeActor.java:455)
	at ptolemy.domains.de.kernel.DEDirector._fire(DEDirector.java:1949)
	at ptolemy.domains.de.kernel.DEDirector.fire(DEDirector.java:502)
	at ptolemy.actor.CompositeActor.fire(CompositeActor.java:455)
	at ptolemy.actor.Manager.iterate(Manager.java:851)
	at ptolemy.actor.Manager.execute(Manager.java:369)
	at ptolemy.actor.Manager.run(Manager.java:1263)
	at ptolemy.actor.Manager$PtolemyRunThread.run(Manager.java:1915)
java.lang.RuntimeException: Execution failed
	at ptolemy.moml.MoMLSimpleApplication$UnloadThread.run(MoMLSimpleApplication.java:402)
Caused by: ptolemy.kernel.util.IllegalActionException: Test fails in iteration 1.
Value was: 1.0. Should have been: 2.0
  in .DirectFeedback.Test
	at ptolemy.actor.lib.Test.fire(Test.java:268)
	at ptolemy.domains.de.kernel.DEDirector._fire(DEDirector.java:1949)
	at ptolemy.domains.de.kernel.DEDirector.fire(DEDirector.java:502)
	at ptolemy.actor.CompositeActor.fire(CompositeActor.java:455)
	at ptolemy.actor.Manager.iterate(Manager.java:851)
	at ptolemy.actor.Manager.execute(Manager.java:369)
	at ptolemy.actor.Manager.run(Manager.java:1263)
	at ptolemy.actor.Manager$PtolemyRunThread.run(Manager.java:1915)
java.lang.reflect.InvocationTargetException
	at sun.reflect.NativeConstructorAccessorImpl.newInstance0(Native Method)
	at sun.reflect.NativeConstructorAccessorImpl.newInstance(NativeConstructorAccessorImpl.java:62)
	at sun.reflect.DelegatingConstructorAccessorImpl.newInstance(DelegatingConstructorAccessorImpl.java:45)
	at java.lang.reflect.Constructor.newInstance(Constructor.java:423)
	at ptolemy.util.test.junit.AutoKnownFailedTests.RunModel(AutoKnownFailedTests.java:105)
	at sun.reflect.NativeMethodAccessorImpl.invoke0(Native Method)
	at sun.reflect.NativeMethodAccessorImpl.invoke(NativeMethodAccessorImpl.java:62)
	at sun.reflect.DelegatingMethodAccessorImpl.invoke(DelegatingMethodAccessorImpl.java:43)
	at java.lang.reflect.Method.invoke(Method.java:498)
	at org.junit.runners.model.FrameworkMethod$1.runReflectiveCall(FrameworkMethod.java:44)
	at org.junit.internal.runners.model.ReflectiveCallable.run(ReflectiveCallable.java:15)
	at org.junit.runners.model.FrameworkMethod.invokeExplosively(FrameworkMethod.java:41)
	at junitparams.internal.InvokeParameterisedMethod.evaluate(InvokeParameterisedMethod.java:102)
	at org.junit.internal.runners.statements.FailOnTimeout$1.run(FailOnTimeout.java:28)
Caused by: ptolemy.kernel.util.IllegalActionException: Test fails in iteration 1.
Value was: 1.0. Should have been: 2.0
  in .DirectFeedback.Test
	at ptolemy.actor.lib.Test.fire(Test.java:268)
	at ptolemy.domains.de.kernel.DEDirector._fire(DEDirector.java:1949)
	at ptolemy.domains.de.kernel.DEDirector.fire(DEDirector.java:502)
	at ptolemy.actor.CompositeActor.fire(CompositeActor.java:455)
	at ptolemy.actor.Manager.iterate(Manager.java:851)
	at ptolemy.actor.Manager.execute(Manager.java:369)
	at ptolemy.actor.Manager.run(Manager.java:1263)
	at ptolemy.actor.Manager$PtolemyRunThread.run(Manager.java:1915)
java.lang.RuntimeException: Execution failed
	at ptolemy.moml.MoMLSimpleApplication$UnloadThread.run(MoMLSimpleApplication.java:402)
Caused by: ptolemy.kernel.util.IllegalActionException: Found a zero delay loop containing .HierarchicalModel.A
  in .HierarchicalModel and .HierarchicalModel.A
	at ptolemy.actor.util.CausalityInterfaceForComposites._computeOutputPortDepth(CausalityInterfaceForComposites.java:759)
	at ptolemy.actor.util.CausalityInterfaceForComposites._computeInputDepth(CausalityInterfaceForComposites.java:696)
	at ptolemy.actor.util.CausalityInterfaceForComposites._computeOutputPortDepth(CausalityInterfaceForComposites.java:765)
	at ptolemy.actor.util.CausalityInterfaceForComposites._computeInputDepth(CausalityInterfaceForComposites.java:696)
	at ptolemy.actor.util.CausalityInterfaceForComposites._computeOutputPortDepth(CausalityInterfaceForComposites.java:765)
	at ptolemy.actor.util.CausalityInterfaceForComposites._computeInputDepth(CausalityInterfaceForComposites.java:696)
	at ptolemy.actor.util.CausalityInterfaceForComposites._computeActorDepth(CausalityInterfaceForComposites.java:532)
	at ptolemy.actor.util.CausalityInterfaceForComposites.checkForCycles(CausalityInterfaceForComposites.java:96)
	at ptolemy.domains.de.kernel.DEDirector.preinitialize(DEDirector.java:1338)
	at ptolemy.actor.CompositeActor.preinitialize(CompositeActor.java:1828)
	at ptolemy.actor.Manager.preinitializeAndResolveTypes(Manager.java:1040)
	at ptolemy.actor.Manager.initialize(Manager.java:710)
	at ptolemy.actor.Manager.execute(Manager.java:356)
	at ptolemy.actor.Manager.run(Manager.java:1263)
	at ptolemy.actor.Manager$PtolemyRunThread.run(Manager.java:1915)
java.lang.reflect.InvocationTargetException
	at sun.reflect.NativeConstructorAccessorImpl.newInstance0(Native Method)
	at sun.reflect.NativeConstructorAccessorImpl.newInstance(NativeConstructorAccessorImpl.java:62)
	at sun.reflect.DelegatingConstructorAccessorImpl.newInstance(DelegatingConstructorAccessorImpl.java:45)
	at java.lang.reflect.Constructor.newInstance(Constructor.java:423)
	at ptolemy.util.test.junit.AutoKnownFailedTests.RunModel(AutoKnownFailedTests.java:105)
	at sun.reflect.NativeMethodAccessorImpl.invoke0(Native Method)
	at sun.reflect.NativeMethodAccessorImpl.invoke(NativeMethodAccessorImpl.java:62)
	at sun.reflect.DelegatingMethodAccessorImpl.invoke(DelegatingMethodAccessorImpl.java:43)
	at java.lang.reflect.Method.invoke(Method.java:498)
	at org.junit.runners.model.FrameworkMethod$1.runReflectiveCall(FrameworkMethod.java:44)
	at org.junit.internal.runners.model.ReflectiveCallable.run(ReflectiveCallable.java:15)
	at org.junit.runners.model.FrameworkMethod.invokeExplosively(FrameworkMethod.java:41)
	at junitparams.internal.InvokeParameterisedMethod.evaluate(InvokeParameterisedMethod.java:102)
	at org.junit.internal.runners.statements.FailOnTimeout$1.run(FailOnTimeout.java:28)
Caused by: ptolemy.kernel.util.IllegalActionException: Found a zero delay loop containing .HierarchicalModel.A
  in .HierarchicalModel and .HierarchicalModel.A
	at ptolemy.actor.util.CausalityInterfaceForComposites._computeOutputPortDepth(CausalityInterfaceForComposites.java:759)
	at ptolemy.actor.util.CausalityInterfaceForComposites._computeInputDepth(CausalityInterfaceForComposites.java:696)
	at ptolemy.actor.util.CausalityInterfaceForComposites._computeOutputPortDepth(CausalityInterfaceForComposites.java:765)
	at ptolemy.actor.util.CausalityInterfaceForComposites._computeInputDepth(CausalityInterfaceForComposites.java:696)
	at ptolemy.actor.util.CausalityInterfaceForComposites._computeOutputPortDepth(CausalityInterfaceForComposites.java:765)
	at ptolemy.actor.util.CausalityInterfaceForComposites._computeInputDepth(CausalityInterfaceForComposites.java:696)
	at ptolemy.actor.util.CausalityInterfaceForComposites._computeActorDepth(CausalityInterfaceForComposites.java:532)
	at ptolemy.actor.util.CausalityInterfaceForComposites.checkForCycles(CausalityInterfaceForComposites.java:96)
	at ptolemy.domains.de.kernel.DEDirector.preinitialize(DEDirector.java:1338)
	at ptolemy.actor.CompositeActor.preinitialize(CompositeActor.java:1828)
	at ptolemy.actor.Manager.preinitializeAndResolveTypes(Manager.java:1040)
	at ptolemy.actor.Manager.initialize(Manager.java:710)
	at ptolemy.actor.Manager.execute(Manager.java:356)
	at ptolemy.actor.Manager.run(Manager.java:1263)
	at ptolemy.actor.Manager$PtolemyRunThread.run(Manager.java:1915)
java.lang.RuntimeException: Execution failed
	at ptolemy.moml.MoMLSimpleApplication$UnloadThread.run(MoMLSimpleApplication.java:402)
Caused by: ptolemy.kernel.util.IllegalActionException: Found a zero delay loop containing .dependencyLoop.original
  in .dependencyLoop and .dependencyLoop.original
	at ptolemy.actor.util.CausalityInterfaceForComposites._computeOutputPortDepth(CausalityInterfaceForComposites.java:759)
	at ptolemy.actor.util.CausalityInterfaceForComposites._computeInputDepth(CausalityInterfaceForComposites.java:696)
	at ptolemy.actor.util.CausalityInterfaceForComposites._computeOutputPortDepth(CausalityInterfaceForComposites.java:765)
	at ptolemy.actor.util.CausalityInterfaceForComposites._computeInputDepth(CausalityInterfaceForComposites.java:696)
	at ptolemy.actor.util.CausalityInterfaceForComposites._computeOutputPortDepth(CausalityInterfaceForComposites.java:765)
	at ptolemy.actor.util.CausalityInterfaceForComposites._computeInputDepth(CausalityInterfaceForComposites.java:696)
	at ptolemy.actor.util.CausalityInterfaceForComposites._computeActorDepth(CausalityInterfaceForComposites.java:532)
	at ptolemy.actor.util.CausalityInterfaceForComposites.checkForCycles(CausalityInterfaceForComposites.java:96)
	at ptolemy.domains.de.kernel.DEDirector.preinitialize(DEDirector.java:1338)
	at ptolemy.actor.CompositeActor.preinitialize(CompositeActor.java:1828)
	at ptolemy.actor.Manager.preinitializeAndResolveTypes(Manager.java:1040)
	at ptolemy.actor.Manager.initialize(Manager.java:710)
	at ptolemy.actor.Manager.execute(Manager.java:356)
	at ptolemy.actor.Manager.run(Manager.java:1263)
	at ptolemy.actor.Manager$PtolemyRunThread.run(Manager.java:1915)
java.lang.reflect.InvocationTargetException
	at sun.reflect.NativeConstructorAccessorImpl.newInstance0(Native Method)
	at sun.reflect.NativeConstructorAccessorImpl.newInstance(NativeConstructorAccessorImpl.java:62)
	at sun.reflect.DelegatingConstructorAccessorImpl.newInstance(DelegatingConstructorAccessorImpl.java:45)
	at java.lang.reflect.Constructor.newInstance(Constructor.java:423)
	at ptolemy.util.test.junit.AutoKnownFailedTests.RunModel(AutoKnownFailedTests.java:105)
	at sun.reflect.NativeMethodAccessorImpl.invoke0(Native Method)
	at sun.reflect.NativeMethodAccessorImpl.invoke(NativeMethodAccessorImpl.java:62)
	at sun.reflect.DelegatingMethodAccessorImpl.invoke(DelegatingMethodAccessorImpl.java:43)
	at java.lang.reflect.Method.invoke(Method.java:498)
	at org.junit.runners.model.FrameworkMethod$1.runReflectiveCall(FrameworkMethod.java:44)
	at org.junit.internal.runners.model.ReflectiveCallable.run(ReflectiveCallable.java:15)
	at org.junit.runners.model.FrameworkMethod.invokeExplosively(FrameworkMethod.java:41)
	at junitparams.internal.InvokeParameterisedMethod.evaluate(InvokeParameterisedMethod.java:102)
	at org.junit.internal.runners.statements.FailOnTimeout$1.run(FailOnTimeout.java:28)
Caused by: ptolemy.kernel.util.IllegalActionException: Found a zero delay loop containing .dependencyLoop.original
  in .dependencyLoop and .dependencyLoop.original
	at ptolemy.actor.util.CausalityInterfaceForComposites._computeOutputPortDepth(CausalityInterfaceForComposites.java:759)
	at ptolemy.actor.util.CausalityInterfaceForComposites._computeInputDepth(CausalityInterfaceForComposites.java:696)
	at ptolemy.actor.util.CausalityInterfaceForComposites._computeOutputPortDepth(CausalityInterfaceForComposites.java:765)
	at ptolemy.actor.util.CausalityInterfaceForComposites._computeInputDepth(CausalityInterfaceForComposites.java:696)
	at ptolemy.actor.util.CausalityInterfaceForComposites._computeOutputPortDepth(CausalityInterfaceForComposites.java:765)
	at ptolemy.actor.util.CausalityInterfaceForComposites._computeInputDepth(CausalityInterfaceForComposites.java:696)
	at ptolemy.actor.util.CausalityInterfaceForComposites._computeActorDepth(CausalityInterfaceForComposites.java:532)
	at ptolemy.actor.util.CausalityInterfaceForComposites.checkForCycles(CausalityInterfaceForComposites.java:96)
	at ptolemy.domains.de.kernel.DEDirector.preinitialize(DEDirector.java:1338)
	at ptolemy.actor.CompositeActor.preinitialize(CompositeActor.java:1828)
	at ptolemy.actor.Manager.preinitializeAndResolveTypes(Manager.java:1040)
	at ptolemy.actor.Manager.initialize(Manager.java:710)
	at ptolemy.actor.Manager.execute(Manager.java:356)
	at ptolemy.actor.Manager.run(Manager.java:1263)
	at ptolemy.actor.Manager$PtolemyRunThread.run(Manager.java:1915)
java.lang.RuntimeException: Execution failed
	at ptolemy.moml.MoMLSimpleApplication$UnloadThread.run(MoMLSimpleApplication.java:402)
Caused by: ptolemy.kernel.util.IllegalActionException: Found a zero delay loop containing .dependencyLoop2.original
  in .dependencyLoop2 and .dependencyLoop2.original
	at ptolemy.actor.util.CausalityInterfaceForComposites._computeOutputPortDepth(CausalityInterfaceForComposites.java:759)
	at ptolemy.actor.util.CausalityInterfaceForComposites._computeInputDepth(CausalityInterfaceForComposites.java:696)
	at ptolemy.actor.util.CausalityInterfaceForComposites._computeOutputPortDepth(CausalityInterfaceForComposites.java:765)
	at ptolemy.actor.util.CausalityInterfaceForComposites._computeInputDepth(CausalityInterfaceForComposites.java:696)
	at ptolemy.actor.util.CausalityInterfaceForComposites._computeOutputPortDepth(CausalityInterfaceForComposites.java:765)
	at ptolemy.actor.util.CausalityInterfaceForComposites._computeInputDepth(CausalityInterfaceForComposites.java:696)
	at ptolemy.actor.util.CausalityInterfaceForComposites._computeActorDepth(CausalityInterfaceForComposites.java:532)
	at ptolemy.actor.util.CausalityInterfaceForComposites.checkForCycles(CausalityInterfaceForComposites.java:96)
	at ptolemy.domains.de.kernel.DEDirector.preinitialize(DEDirector.java:1338)
	at ptolemy.actor.CompositeActor.preinitialize(CompositeActor.java:1828)
	at ptolemy.actor.Manager.preinitializeAndResolveTypes(Manager.java:1040)
	at ptolemy.actor.Manager.initialize(Manager.java:710)
	at ptolemy.actor.Manager.execute(Manager.java:356)
	at ptolemy.actor.Manager.run(Manager.java:1263)
	at ptolemy.actor.Manager$PtolemyRunThread.run(Manager.java:1915)
java.lang.reflect.InvocationTargetException
	at sun.reflect.NativeConstructorAccessorImpl.newInstance0(Native Method)
	at sun.reflect.NativeConstructorAccessorImpl.newInstance(NativeConstructorAccessorImpl.java:62)
	at sun.reflect.DelegatingConstructorAccessorImpl.newInstance(DelegatingConstructorAccessorImpl.java:45)
	at java.lang.reflect.Constructor.newInstance(Constructor.java:423)
	at ptolemy.util.test.junit.AutoKnownFailedTests.RunModel(AutoKnownFailedTests.java:105)
	at sun.reflect.NativeMethodAccessorImpl.invoke0(Native Method)
	at sun.reflect.NativeMethodAccessorImpl.invoke(NativeMethodAccessorImpl.java:62)
	at sun.reflect.DelegatingMethodAccessorImpl.invoke(DelegatingMethodAccessorImpl.java:43)
	at java.lang.reflect.Method.invoke(Method.java:498)
	at org.junit.runners.model.FrameworkMethod$1.runReflectiveCall(FrameworkMethod.java:44)
	at org.junit.internal.runners.model.ReflectiveCallable.run(ReflectiveCallable.java:15)
	at org.junit.runners.model.FrameworkMethod.invokeExplosively(FrameworkMethod.java:41)
	at junitparams.internal.InvokeParameterisedMethod.evaluate(InvokeParameterisedMethod.java:102)
	at org.junit.internal.runners.statements.FailOnTimeout$1.run(FailOnTimeout.java:28)
Caused by: ptolemy.kernel.util.IllegalActionException: Found a zero delay loop containing .dependencyLoop2.original
  in .dependencyLoop2 and .dependencyLoop2.original
	at ptolemy.actor.util.CausalityInterfaceForComposites._computeOutputPortDepth(CausalityInterfaceForComposites.java:759)
	at ptolemy.actor.util.CausalityInterfaceForComposites._computeInputDepth(CausalityInterfaceForComposites.java:696)
	at ptolemy.actor.util.CausalityInterfaceForComposites._computeOutputPortDepth(CausalityInterfaceForComposites.java:765)
	at ptolemy.actor.util.CausalityInterfaceForComposites._computeInputDepth(CausalityInterfaceForComposites.java:696)
	at ptolemy.actor.util.CausalityInterfaceForComposites._computeOutputPortDepth(CausalityInterfaceForComposites.java:765)
	at ptolemy.actor.util.CausalityInterfaceForComposites._computeInputDepth(CausalityInterfaceForComposites.java:696)
	at ptolemy.actor.util.CausalityInterfaceForComposites._computeActorDepth(CausalityInterfaceForComposites.java:532)
	at ptolemy.actor.util.CausalityInterfaceForComposites.checkForCycles(CausalityInterfaceForComposites.java:96)
	at ptolemy.domains.de.kernel.DEDirector.preinitialize(DEDirector.java:1338)
	at ptolemy.actor.CompositeActor.preinitialize(CompositeActor.java:1828)
	at ptolemy.actor.Manager.preinitializeAndResolveTypes(Manager.java:1040)
	at ptolemy.actor.Manager.initialize(Manager.java:710)
	at ptolemy.actor.Manager.execute(Manager.java:356)
	at ptolemy.actor.Manager.run(Manager.java:1263)
	at ptolemy.actor.Manager$PtolemyRunThread.run(Manager.java:1915)
]]></system-err>
</testsuite>
