<?xml version="1.0" encoding="UTF-8" ?>
<testsuite errors="0" failures="0" hostname="travis-job-e042a50d-4145-41b6-997c-54b764d29da7" name="ptolemy.domains.modal.test.junit.JUnitTclTest" skipped="0" tests="148" time="10.658" timestamp="2020-02-28T07:08:54">
  <properties>
[...]
</properties>
  <testcase classname="ptolemy.util.test.junit.TclTests" name="[0] /home/travis/build/icyphy/ptII/ptolemy/domains/modal/test/SystemLevelType.tcl (RunTclFile)" time="1.783" />
  <testcase classname="ptolemy.util.test.junit.AutoKnownFailedTests" name="[0] /home/travis/build/icyphy/ptII/ptolemy/domains/modal/test/auto/knownFailedTests/CannotAnalysisWithPreemption.xml (RunModel)" time="0.321" />
  <testcase classname="ptolemy.util.test.junit.AutoNameArchTests" name="[0] ThereAreNoAutoArchTests (RunModel)" time="0.007" />
  <testcase classname="ptolemy.util.test.junit.AutoTests" name="[0] /home/travis/build/icyphy/ptII/ptolemy/domains/modal/test/auto/ABPTest.xml (RunModel)" time="0.898" />
  <testcase classname="ptolemy.util.test.junit.AutoTests" name="[1] /home/travis/build/icyphy/ptII/ptolemy/domains/modal/test/auto/ABROFlat.xml (RunModel)" time="0.061" />
  <testcase classname="ptolemy.util.test.junit.AutoTests" name="[2] /home/travis/build/icyphy/ptII/ptolemy/domains/modal/test/auto/ABROFlat2.xml (RunModel)" time="0.05" />
  <testcase classname="ptolemy.util.test.junit.AutoTests" name="[3] /home/travis/build/icyphy/ptII/ptolemy/domains/modal/test/auto/ABRO_present_hmm.xml (RunModel)" time="0.164" />
  <testcase classname="ptolemy.util.test.junit.AutoTests" name="[4] /home/travis/build/icyphy/ptII/ptolemy/domains/modal/test/auto/AMICoderExample.xml (RunModel)" time="0.101" />
  <testcase classname="ptolemy.util.test.junit.AutoTests" name="[5] /home/travis/build/icyphy/ptII/ptolemy/domains/modal/test/auto/AbsentToPresent.xml (RunModel)" time="0.035" />
  <testcase classname="ptolemy.util.test.junit.AutoTests" name="[6] /home/travis/build/icyphy/ptII/ptolemy/domains/modal/test/auto/Blending.xml (RunModel)" time="0.274" />
  <testcase classname="ptolemy.util.test.junit.AutoTests" name="[7] /home/travis/build/icyphy/ptII/ptolemy/domains/modal/test/auto/Broadcast.xml (RunModel)" time="0.043" />
  <testcase classname="ptolemy.util.test.junit.AutoTests" name="[8] /home/travis/build/icyphy/ptII/ptolemy/domains/modal/test/auto/BroadcastHierarchy.xml (RunModel)" time="0.068" />
  <testcase classname="ptolemy.util.test.junit.AutoTests" name="[9] /home/travis/build/icyphy/ptII/ptolemy/domains/modal/test/auto/BroadcastHierarchy2.xml (RunModel)" time="0.111" />
  <testcase classname="ptolemy.util.test.junit.AutoTests" name="[10] /home/travis/build/icyphy/ptII/ptolemy/domains/modal/test/auto/BroadcastHierarchy3.xml (RunModel)" time="0.084" />
  <testcase classname="ptolemy.util.test.junit.AutoTests" name="[11] /home/travis/build/icyphy/ptII/ptolemy/domains/modal/test/auto/BroadcastHierarchy4.xml (RunModel)" time="0.092" />
  <testcase classname="ptolemy.util.test.junit.AutoTests" name="[12] /home/travis/build/icyphy/ptII/ptolemy/domains/modal/test/auto/CannotAnalysisWithPreemption2.xml (RunModel)" time="0.038" />
  <testcase classname="ptolemy.util.test.junit.AutoTests" name="[13] /home/travis/build/icyphy/ptII/ptolemy/domains/modal/test/auto/CannotAnalysisWithPreemption3.xml (RunModel)" time="0.043" />
  <testcase classname="ptolemy.util.test.junit.AutoTests" name="[14] /home/travis/build/icyphy/ptII/ptolemy/domains/modal/test/auto/CannotProduce.xml (RunModel)" time="0.037" />
  <testcase classname="ptolemy.util.test.junit.AutoTests" name="[15] /home/travis/build/icyphy/ptII/ptolemy/domains/modal/test/auto/CannotProduceModal.xml (RunModel)" time="0.05" />
  <testcase classname="ptolemy.util.test.junit.AutoTests" name="[16] /home/travis/build/icyphy/ptII/ptolemy/domains/modal/test/auto/Case.xml (RunModel)" time="0.088" />
  <testcase classname="ptolemy.util.test.junit.AutoTests" name="[17] /home/travis/build/icyphy/ptII/ptolemy/domains/modal/test/auto/Case1.xml (RunModel)" time="0.031" />
  <testcase classname="ptolemy.util.test.junit.AutoTests" name="[18] /home/travis/build/icyphy/ptII/ptolemy/domains/modal/test/auto/Case2.xml (RunModel)" time="0.076" />
  <testcase classname="ptolemy.util.test.junit.AutoTests" name="[19] /home/travis/build/icyphy/ptII/ptolemy/domains/modal/test/auto/CausalityInterface1.xml (RunModel)" time="0.037" />
  <testcase classname="ptolemy.util.test.junit.AutoTests" name="[20] /home/travis/build/icyphy/ptII/ptolemy/domains/modal/test/auto/CausalityInterface10.xml (RunModel)" time="0.055" />
  <testcase classname="ptolemy.util.test.junit.AutoTests" name="[21] /home/travis/build/icyphy/ptII/ptolemy/domains/modal/test/auto/CausalityInterface11.xml (RunModel)" time="0.051" />
  <testcase classname="ptolemy.util.test.junit.AutoTests" name="[22] /home/travis/build/icyphy/ptII/ptolemy/domains/modal/test/auto/CausalityInterface12.xml (RunModel)" time="0.044" />
  <testcase classname="ptolemy.util.test.junit.AutoTests" name="[23] /home/travis/build/icyphy/ptII/ptolemy/domains/modal/test/auto/CausalityInterface13.xml (RunModel)" time="0.059" />
  <testcase classname="ptolemy.util.test.junit.AutoTests" name="[24] /home/travis/build/icyphy/ptII/ptolemy/domains/modal/test/auto/CausalityInterface14.xml (RunModel)" time="0.051" />
  <testcase classname="ptolemy.util.test.junit.AutoTests" name="[25] /home/travis/build/icyphy/ptII/ptolemy/domains/modal/test/auto/CausalityInterface2.xml (RunModel)" time="0.054" />
  <testcase classname="ptolemy.util.test.junit.AutoTests" name="[26] /home/travis/build/icyphy/ptII/ptolemy/domains/modal/test/auto/CausalityInterface3.xml (RunModel)" time="0.024" />
  <testcase classname="ptolemy.util.test.junit.AutoTests" name="[27] /home/travis/build/icyphy/ptII/ptolemy/domains/modal/test/auto/CausalityInterface4.xml (RunModel)" time="0.028" />
  <testcase classname="ptolemy.util.test.junit.AutoTests" name="[28] /home/travis/build/icyphy/ptII/ptolemy/domains/modal/test/auto/CausalityInterface5.xml (RunModel)" time="0.025" />
  <testcase classname="ptolemy.util.test.junit.AutoTests" name="[29] /home/travis/build/icyphy/ptII/ptolemy/domains/modal/test/auto/CausalityInterface6.xml (RunModel)" time="0.041" />
  <testcase classname="ptolemy.util.test.junit.AutoTests" name="[30] /home/travis/build/icyphy/ptII/ptolemy/domains/modal/test/auto/CausalityInterface7.xml (RunModel)" time="0.032" />
  <testcase classname="ptolemy.util.test.junit.AutoTests" name="[31] /home/travis/build/icyphy/ptII/ptolemy/domains/modal/test/auto/CausalityInterface8.xml (RunModel)" time="0.042" />
  <testcase classname="ptolemy.util.test.junit.AutoTests" name="[32] /home/travis/build/icyphy/ptII/ptolemy/domains/modal/test/auto/CausalityInterface9.xml (RunModel)" time="0.029" />
  <testcase classname="ptolemy.util.test.junit.AutoTests" name="[33] /home/travis/build/icyphy/ptII/ptolemy/domains/modal/test/auto/ChainedTransitions.xml (RunModel)" time="0.171" />
  <testcase classname="ptolemy.util.test.junit.AutoTests" name="[34] /home/travis/build/icyphy/ptII/ptolemy/domains/modal/test/auto/CycleOfImmediateTransitionsFSM.xml (RunModel)" time="0.018" />
  <testcase classname="ptolemy.util.test.junit.AutoTests" name="[35] /home/travis/build/icyphy/ptII/ptolemy/domains/modal/test/auto/CycleOfImmediateTransitionsModal.xml (RunModel)" time="0.023" />
  <testcase classname="ptolemy.util.test.junit.AutoTests" name="[36] /home/travis/build/icyphy/ptII/ptolemy/domains/modal/test/auto/CycleOfImmediateTransitionsModal2.xml (RunModel)" time="0.034" />
  <testcase classname="ptolemy.util.test.junit.AutoTests" name="[37] /home/travis/build/icyphy/ptII/ptolemy/domains/modal/test/auto/CycleOfImmediateTransitionsModal3.xml (RunModel)" time="0.091" />
  <testcase classname="ptolemy.util.test.junit.AutoTests" name="[38] /home/travis/build/icyphy/ptII/ptolemy/domains/modal/test/auto/DeepModal1.xml (RunModel)" time="0.057" />
  <testcase classname="ptolemy.util.test.junit.AutoTests" name="[39] /home/travis/build/icyphy/ptII/ptolemy/domains/modal/test/auto/DeepModal2.xml (RunModel)" time="0.056" />
  <testcase classname="ptolemy.util.test.junit.AutoTests" name="[40] /home/travis/build/icyphy/ptII/ptolemy/domains/modal/test/auto/DeepModal3.xml (RunModel)" time="0.072" />
  <testcase classname="ptolemy.util.test.junit.AutoTests" name="[41] /home/travis/build/icyphy/ptII/ptolemy/domains/modal/test/auto/DeepModal4.xml (RunModel)" time="0.072" />
  <testcase classname="ptolemy.util.test.junit.AutoTests" name="[42] /home/travis/build/icyphy/ptII/ptolemy/domains/modal/test/auto/Default1.xml (RunModel)" time="0.016" />
  <testcase classname="ptolemy.util.test.junit.AutoTests" name="[43] /home/travis/build/icyphy/ptII/ptolemy/domains/modal/test/auto/Default2.xml (RunModel)" time="0.02" />
  <testcase classname="ptolemy.util.test.junit.AutoTests" name="[44] /home/travis/build/icyphy/ptII/ptolemy/domains/modal/test/auto/Default3.xml (RunModel)" time="0.037" />
  <testcase classname="ptolemy.util.test.junit.AutoTests" name="[45] /home/travis/build/icyphy/ptII/ptolemy/domains/modal/test/auto/Default4.xml (RunModel)" time="0.025" />
  <testcase classname="ptolemy.util.test.junit.AutoTests" name="[46] /home/travis/build/icyphy/ptII/ptolemy/domains/modal/test/auto/Default5.xml (RunModel)" time="0.031" />
  <testcase classname="ptolemy.util.test.junit.AutoTests" name="[47] /home/travis/build/icyphy/ptII/ptolemy/domains/modal/test/auto/EmptyGuard.xml (RunModel)" time="0.038" />
  <testcase classname="ptolemy.util.test.junit.AutoTests" name="[48] /home/travis/build/icyphy/ptII/ptolemy/domains/modal/test/auto/ErrorTransition1.xml (RunModel)" time="0.032" />
  <testcase classname="ptolemy.util.test.junit.AutoTests" name="[49] /home/travis/build/icyphy/ptII/ptolemy/domains/modal/test/auto/ErrorTransition10.xml (RunModel)" time="0.046" />
  <testcase classname="ptolemy.util.test.junit.AutoTests" name="[50] /home/travis/build/icyphy/ptII/ptolemy/domains/modal/test/auto/ErrorTransition11.xml (RunModel)" time="0.035" />
  <testcase classname="ptolemy.util.test.junit.AutoTests" name="[51] /home/travis/build/icyphy/ptII/ptolemy/domains/modal/test/auto/ErrorTransition2.xml (RunModel)" time="0.027" />
  <testcase classname="ptolemy.util.test.junit.AutoTests" name="[52] /home/travis/build/icyphy/ptII/ptolemy/domains/modal/test/auto/ErrorTransition3.xml (RunModel)" time="0.042" />
  <testcase classname="ptolemy.util.test.junit.AutoTests" name="[53] /home/travis/build/icyphy/ptII/ptolemy/domains/modal/test/auto/ErrorTransition4.xml (RunModel)" time="0.036" />
  <testcase classname="ptolemy.util.test.junit.AutoTests" name="[54] /home/travis/build/icyphy/ptII/ptolemy/domains/modal/test/auto/ErrorTransition5.xml (RunModel)" time="0.032" />
  <testcase classname="ptolemy.util.test.junit.AutoTests" name="[55] /home/travis/build/icyphy/ptII/ptolemy/domains/modal/test/auto/ErrorTransition6.xml (RunModel)" time="0.048" />
  <testcase classname="ptolemy.util.test.junit.AutoTests" name="[56] /home/travis/build/icyphy/ptII/ptolemy/domains/modal/test/auto/ErrorTransition7.xml (RunModel)" time="0.052" />
  <testcase classname="ptolemy.util.test.junit.AutoTests" name="[57] /home/travis/build/icyphy/ptII/ptolemy/domains/modal/test/auto/ErrorTransition8.xml (RunModel)" time="0.063" />
  <testcase classname="ptolemy.util.test.junit.AutoTests" name="[58] /home/travis/build/icyphy/ptII/ptolemy/domains/modal/test/auto/ErrorTransition9.xml (RunModel)" time="0.057" />
  <testcase classname="ptolemy.util.test.junit.AutoTests" name="[59] /home/travis/build/icyphy/ptII/ptolemy/domains/modal/test/auto/ExtendedFSM.xml (RunModel)" time="0.03" />
  <testcase classname="ptolemy.util.test.junit.AutoTests" name="[60] /home/travis/build/icyphy/ptII/ptolemy/domains/modal/test/auto/FinalStates.xml (RunModel)" time="0.025" />
  <testcase classname="ptolemy.util.test.junit.AutoTests" name="[61] /home/travis/build/icyphy/ptII/ptolemy/domains/modal/test/auto/FixedPointFSM.xml (RunModel)" time="0.047" />
  <testcase classname="ptolemy.util.test.junit.AutoTests" name="[62] /home/travis/build/icyphy/ptII/ptolemy/domains/modal/test/auto/FixedPointIterationFSMActor.xml (RunModel)" time="0.03" />
  <testcase classname="ptolemy.util.test.junit.AutoTests" name="[63] /home/travis/build/icyphy/ptII/ptolemy/domains/modal/test/auto/FixedPointIterationFSMActor2.xml (RunModel)" time="0.033" />
  <testcase classname="ptolemy.util.test.junit.AutoTests" name="[64] /home/travis/build/icyphy/ptII/ptolemy/domains/modal/test/auto/ForbiddenInstantanousLoop.xml (RunModel)" time="0.033" />
  <testcase classname="ptolemy.util.test.junit.AutoTests" name="[65] /home/travis/build/icyphy/ptII/ptolemy/domains/modal/test/auto/FunctionDependencyOfFSMActorTest.xml (RunModel)" time="0.032" />
  <testcase classname="ptolemy.util.test.junit.AutoTests" name="[66] /home/travis/build/icyphy/ptII/ptolemy/domains/modal/test/auto/GuardExpression.xml (RunModel)" time="0.016" />
  <testcase classname="ptolemy.util.test.junit.AutoTests" name="[67] /home/travis/build/icyphy/ptII/ptolemy/domains/modal/test/auto/GuardNotEvaluated.xml (RunModel)" time="0.031" />
  <testcase classname="ptolemy.util.test.junit.AutoTests" name="[68] /home/travis/build/icyphy/ptII/ptolemy/domains/modal/test/auto/GuardNotEvaluated2.xml (RunModel)" time="0.05" />
  <testcase classname="ptolemy.util.test.junit.AutoTests" name="[69] /home/travis/build/icyphy/ptII/ptolemy/domains/modal/test/auto/GuardOnAbsent.xml (RunModel)" time="0.028" />
  <testcase classname="ptolemy.util.test.junit.AutoTests" name="[70] /home/travis/build/icyphy/ptII/ptolemy/domains/modal/test/auto/HierarchicalFSMTypeInference.xml (RunModel)" time="0.027" />
  <testcase classname="ptolemy.util.test.junit.AutoTests" name="[71] /home/travis/build/icyphy/ptII/ptolemy/domains/modal/test/auto/Hysteresis.xml (RunModel)" time="0.044" />
  <testcase classname="ptolemy.util.test.junit.AutoTests" name="[72] /home/travis/build/icyphy/ptII/ptolemy/domains/modal/test/auto/HysteresisWithDefault.xml (RunModel)" time="0.064" />
  <testcase classname="ptolemy.util.test.junit.AutoTests" name="[73] /home/travis/build/icyphy/ptII/ptolemy/domains/modal/test/auto/HysteresisWithDefault2.xml (RunModel)" time="0.068" />
  <testcase classname="ptolemy.util.test.junit.AutoTests" name="[74] /home/travis/build/icyphy/ptII/ptolemy/domains/modal/test/auto/ImmediateNonConstructiveness.xml (RunModel)" time="0.015" />
  <testcase classname="ptolemy.util.test.junit.AutoTests" name="[75] /home/travis/build/icyphy/ptII/ptolemy/domains/modal/test/auto/ImmediateNonConstructiveness2.xml (RunModel)" time="0.017" />
  <testcase classname="ptolemy.util.test.junit.AutoTests" name="[76] /home/travis/build/icyphy/ptII/ptolemy/domains/modal/test/auto/ImmediateTransitionReset.xml (RunModel)" time="0.037" />
  <testcase classname="ptolemy.util.test.junit.AutoTests" name="[77] /home/travis/build/icyphy/ptII/ptolemy/domains/modal/test/auto/ImmediateTransitions1.xml (RunModel)" time="0.014" />
  <testcase classname="ptolemy.util.test.junit.AutoTests" name="[78] /home/travis/build/icyphy/ptII/ptolemy/domains/modal/test/auto/ImmediateTransitionsInstantaneousCommunication.xml (RunModel)" time="0.038" />
  <testcase classname="ptolemy.util.test.junit.AutoTests" name="[79] /home/travis/build/icyphy/ptII/ptolemy/domains/modal/test/auto/InitialImmediateTransition.xml (RunModel)" time="0.016" />
  <testcase classname="ptolemy.util.test.junit.AutoTests" name="[80] /home/travis/build/icyphy/ptII/ptolemy/domains/modal/test/auto/InitialOutputs.xml (RunModel)" time="0.031" />
  <testcase classname="ptolemy.util.test.junit.AutoTests" name="[81] /home/travis/build/icyphy/ptII/ptolemy/domains/modal/test/auto/InitialStateTransition1.xml (RunModel)" time="0.021" />
  <testcase classname="ptolemy.util.test.junit.AutoTests" name="[82] /home/travis/build/icyphy/ptII/ptolemy/domains/modal/test/auto/InitialStateTransition2.xml (RunModel)" time="0.023" />
  <testcase classname="ptolemy.util.test.junit.AutoTests" name="[83] /home/travis/build/icyphy/ptII/ptolemy/domains/modal/test/auto/InitialStateTransition3.xml (RunModel)" time="0.022" />
  <testcase classname="ptolemy.util.test.junit.AutoTests" name="[84] /home/travis/build/icyphy/ptII/ptolemy/domains/modal/test/auto/InitialStateTransition4.xml (RunModel)" time="0.024" />
  <testcase classname="ptolemy.util.test.junit.AutoTests" name="[85] /home/travis/build/icyphy/ptII/ptolemy/domains/modal/test/auto/MalformedGuardExpressionNotCaught.xml (RunModel)" time="0.025" />
  <testcase classname="ptolemy.util.test.junit.AutoTests" name="[86] /home/travis/build/icyphy/ptII/ptolemy/domains/modal/test/auto/ModalBSC.xml (RunModel)" time="0.086" />
  <testcase classname="ptolemy.util.test.junit.AutoTests" name="[87] /home/travis/build/icyphy/ptII/ptolemy/domains/modal/test/auto/ModalClocks.xml (RunModel)" time="0.081" />
  <testcase classname="ptolemy.util.test.junit.AutoTests" name="[88] /home/travis/build/icyphy/ptII/ptolemy/domains/modal/test/auto/ModalDelay.xml (RunModel)" time="0.043" />
  <testcase classname="ptolemy.util.test.junit.AutoTests" name="[89] /home/travis/build/icyphy/ptII/ptolemy/domains/modal/test/auto/ModalDelay2.xml (RunModel)" time="0.044" />
  <testcase classname="ptolemy.util.test.junit.AutoTests" name="[90] /home/travis/build/icyphy/ptII/ptolemy/domains/modal/test/auto/ModalModelFromMemo.xml (RunModel)" time="0.072" />
  <testcase classname="ptolemy.util.test.junit.AutoTests" name="[91] /home/travis/build/icyphy/ptII/ptolemy/domains/modal/test/auto/ModalModelWithMultirateTransient.xml (RunModel)" time="0.052" />
  <testcase classname="ptolemy.util.test.junit.AutoTests" name="[92] /home/travis/build/icyphy/ptII/ptolemy/domains/modal/test/auto/ModalModelWithReset.xml (RunModel)" time="0.056" />
  <testcase classname="ptolemy.util.test.junit.AutoTests" name="[93] /home/travis/build/icyphy/ptII/ptolemy/domains/modal/test/auto/MouseClickFSM.xml (RunModel)" time="0.038" />
  <testcase classname="ptolemy.util.test.junit.AutoTests" name="[94] /home/travis/build/icyphy/ptII/ptolemy/domains/modal/test/auto/MouseClickFSMModal.xml (RunModel)" time="0.028" />
  <testcase classname="ptolemy.util.test.junit.AutoTests" name="[95] /home/travis/build/icyphy/ptII/ptolemy/domains/modal/test/auto/NonStrictFSM_FeedbackLoop.xml (RunModel)" time="0.052" />
  <testcase classname="ptolemy.util.test.junit.AutoTests" name="[96] /home/travis/build/icyphy/ptII/ptolemy/domains/modal/test/auto/NonStrictFSM_FeedbackLoop_Refinement.xml (RunModel)" time="0.08" />
  <testcase classname="ptolemy.util.test.junit.AutoTests" name="[97] /home/travis/build/icyphy/ptII/ptolemy/domains/modal/test/auto/NonStrictFSM_FeedbackLoop_preemptive.xml (RunModel)" time="0.046" />
  <testcase classname="ptolemy.util.test.junit.AutoTests" name="[98] /home/travis/build/icyphy/ptII/ptolemy/domains/modal/test/auto/NormalTermination.xml (RunModel)" time="0.039" />
  <testcase classname="ptolemy.util.test.junit.AutoTests" name="[99] /home/travis/build/icyphy/ptII/ptolemy/domains/modal/test/auto/Pong.xml (RunModel)" time="0.072" />
  <testcase classname="ptolemy.util.test.junit.AutoTests" name="[100] /home/travis/build/icyphy/ptII/ptolemy/domains/modal/test/auto/Pong_test.xml (RunModel)" time="0.096" />
  <testcase classname="ptolemy.util.test.junit.AutoTests" name="[101] /home/travis/build/icyphy/ptII/ptolemy/domains/modal/test/auto/PreemptionHierarchy.xml (RunModel)" time="0.028" />
  <testcase classname="ptolemy.util.test.junit.AutoTests" name="[102] /home/travis/build/icyphy/ptII/ptolemy/domains/modal/test/auto/PreemptionHierarchy2.xml (RunModel)" time="0.034" />
  <testcase classname="ptolemy.util.test.junit.AutoTests" name="[103] /home/travis/build/icyphy/ptII/ptolemy/domains/modal/test/auto/PreemptiveTransition.xml (RunModel)" time="0.025" />
  <testcase classname="ptolemy.util.test.junit.AutoTests" name="[104] /home/travis/build/icyphy/ptII/ptolemy/domains/modal/test/auto/Priorities.xml (RunModel)" time="0.087" />
  <testcase classname="ptolemy.util.test.junit.AutoTests" name="[105] /home/travis/build/icyphy/ptII/ptolemy/domains/modal/test/auto/ResetFinal.xml (RunModel)" time="0.036" />
  <testcase classname="ptolemy.util.test.junit.AutoTests" name="[106] /home/travis/build/icyphy/ptII/ptolemy/domains/modal/test/auto/ResetFinal2.xml (RunModel)" time="0.027" />
  <testcase classname="ptolemy.util.test.junit.AutoTests" name="[107] /home/travis/build/icyphy/ptII/ptolemy/domains/modal/test/auto/ResetTransitionWithStartTime.xml (RunModel)" time="0.028" />
  <testcase classname="ptolemy.util.test.junit.AutoTests" name="[108] /home/travis/build/icyphy/ptII/ptolemy/domains/modal/test/auto/SDF-FSMComposite.xml (RunModel)" time="0.021" />
  <testcase classname="ptolemy.util.test.junit.AutoTests" name="[109] /home/travis/build/icyphy/ptII/ptolemy/domains/modal/test/auto/SeeminglyNondeterminate.xml (RunModel)" time="0.077" />
  <testcase classname="ptolemy.util.test.junit.AutoTests" name="[110] /home/travis/build/icyphy/ptII/ptolemy/domains/modal/test/auto/SeeminglyNondeterminate2.xml (RunModel)" time="0.074" />
  <testcase classname="ptolemy.util.test.junit.AutoTests" name="[111] /home/travis/build/icyphy/ptII/ptolemy/domains/modal/test/auto/SpontaneousFSM.xml (RunModel)" time="0.052" />
  <testcase classname="ptolemy.util.test.junit.AutoTests" name="[112] /home/travis/build/icyphy/ptII/ptolemy/domains/modal/test/auto/SpontaneousFSM2.xml (RunModel)" time="0.028" />
  <testcase classname="ptolemy.util.test.junit.AutoTests" name="[113] /home/travis/build/icyphy/ptII/ptolemy/domains/modal/test/auto/SpontaneousFSM3.xml (RunModel)" time="0.041" />
  <testcase classname="ptolemy.util.test.junit.AutoTests" name="[114] /home/travis/build/icyphy/ptII/ptolemy/domains/modal/test/auto/SpontaneousFSM4.xml (RunModel)" time="0.042" />
  <testcase classname="ptolemy.util.test.junit.AutoTests" name="[115] /home/travis/build/icyphy/ptII/ptolemy/domains/modal/test/auto/StateTrackerTest.xml (RunModel)" time="0.068" />
  <testcase classname="ptolemy.util.test.junit.AutoTests" name="[116] /home/travis/build/icyphy/ptII/ptolemy/domains/modal/test/auto/StrongImmediateTransition.xml (RunModel)" time="0.028" />
  <testcase classname="ptolemy.util.test.junit.AutoTests" name="[117] /home/travis/build/icyphy/ptII/ptolemy/domains/modal/test/auto/SustainHierarchy.xml (RunModel)" time="0.031" />
  <testcase classname="ptolemy.util.test.junit.AutoTests" name="[118] /home/travis/build/icyphy/ptII/ptolemy/domains/modal/test/auto/TerminationTransition1.xml (RunModel)" time="0.018" />
  <testcase classname="ptolemy.util.test.junit.AutoTests" name="[119] /home/travis/build/icyphy/ptII/ptolemy/domains/modal/test/auto/TerminationTransition2.xml (RunModel)" time="0.026" />
  <testcase classname="ptolemy.util.test.junit.AutoTests" name="[120] /home/travis/build/icyphy/ptII/ptolemy/domains/modal/test/auto/TerminationTransition3.xml (RunModel)" time="0.023" />
  <testcase classname="ptolemy.util.test.junit.AutoTests" name="[121] /home/travis/build/icyphy/ptII/ptolemy/domains/modal/test/auto/TerminationTransition4.xml (RunModel)" time="0.035" />
  <testcase classname="ptolemy.util.test.junit.AutoTests" name="[122] /home/travis/build/icyphy/ptII/ptolemy/domains/modal/test/auto/TerminationTransition5.xml (RunModel)" time="0.041" />
  <testcase classname="ptolemy.util.test.junit.AutoTests" name="[123] /home/travis/build/icyphy/ptII/ptolemy/domains/modal/test/auto/TerminationTransition6.xml (RunModel)" time="0.021" />
  <testcase classname="ptolemy.util.test.junit.AutoTests" name="[124] /home/travis/build/icyphy/ptII/ptolemy/domains/modal/test/auto/TerminationTransition7.xml (RunModel)" time="0.022" />
  <testcase classname="ptolemy.util.test.junit.AutoTests" name="[125] /home/travis/build/icyphy/ptII/ptolemy/domains/modal/test/auto/TerminationTransition8.xml (RunModel)" time="0.025" />
  <testcase classname="ptolemy.util.test.junit.AutoTests" name="[126] /home/travis/build/icyphy/ptII/ptolemy/domains/modal/test/auto/Thermostat_NoHysteresis.xml (RunModel)" time="0.051" />
  <testcase classname="ptolemy.util.test.junit.AutoTests" name="[127] /home/travis/build/icyphy/ptII/ptolemy/domains/modal/test/auto/TimedFSM.xml (RunModel)" time="0.032" />
  <testcase classname="ptolemy.util.test.junit.AutoTests" name="[128] /home/travis/build/icyphy/ptII/ptolemy/domains/modal/test/auto/Timeout1.xml (RunModel)" time="0.014" />
  <testcase classname="ptolemy.util.test.junit.AutoTests" name="[129] /home/travis/build/icyphy/ptII/ptolemy/domains/modal/test/auto/Timeout2.xml (RunModel)" time="0.02" />
  <testcase classname="ptolemy.util.test.junit.AutoTests" name="[130] /home/travis/build/icyphy/ptII/ptolemy/domains/modal/test/auto/Timeout3.xml (RunModel)" time="0.011" />
  <testcase classname="ptolemy.util.test.junit.AutoTests" name="[131] /home/travis/build/icyphy/ptII/ptolemy/domains/modal/test/auto/Timeout4.xml (RunModel)" time="0.013" />
  <testcase classname="ptolemy.util.test.junit.AutoTests" name="[132] /home/travis/build/icyphy/ptII/ptolemy/domains/modal/test/auto/TransientstateModelAdvanced.xml (RunModel)" time="0.025" />
  <testcase classname="ptolemy.util.test.junit.AutoTests" name="[133] /home/travis/build/icyphy/ptII/ptolemy/domains/modal/test/auto/TransientstateModelAdvanced2.xml (RunModel)" time="0.03" />
  <testcase classname="ptolemy.util.test.junit.AutoTests" name="[134] /home/travis/build/icyphy/ptII/ptolemy/domains/modal/test/auto/TransitionRefinements.xml (RunModel)" time="0.025" />
  <testcase classname="ptolemy.util.test.junit.AutoTests" name="[135] /home/travis/build/icyphy/ptII/ptolemy/domains/modal/test/auto/TwoRefinements1.xml (RunModel)" time="0.031" />
  <testcase classname="ptolemy.util.test.junit.AutoTests" name="[136] /home/travis/build/icyphy/ptII/ptolemy/domains/modal/test/auto/TwoRefinements2.xml (RunModel)" time="0.022" />
  <testcase classname="ptolemy.util.test.junit.AutoTests" name="[137] /home/travis/build/icyphy/ptII/ptolemy/domains/modal/test/auto/WeakImmediateTransition.xml (RunModel)" time="0.023" />
  <testcase classname="ptolemy.util.test.junit.AutoTests" name="[138] /home/travis/build/icyphy/ptII/ptolemy/domains/modal/test/auto/booleanSelect.xml (RunModel)" time="0.074" />
  <testcase classname="ptolemy.util.test.junit.AutoTests" name="[139] /home/travis/build/icyphy/ptII/ptolemy/domains/modal/test/auto/modalChangingParams.xml (RunModel)" time="0.291" />
  <testcase classname="ptolemy.util.test.junit.AutoTests" name="[140] /home/travis/build/icyphy/ptII/ptolemy/domains/modal/test/auto/modalModel.xml (RunModel)" time="0.024" />
  <testcase classname="ptolemy.util.test.junit.AutoTests" name="[141] /home/travis/build/icyphy/ptII/ptolemy/domains/modal/test/auto/modalModel2.xml (RunModel)" time="0.028" />
  <testcase classname="ptolemy.util.test.junit.AutoTests" name="[142] /home/travis/build/icyphy/ptII/ptolemy/domains/modal/test/auto/modalModel3.xml (RunModel)" time="0.037" />
  <testcase classname="ptolemy.util.test.junit.AutoTests" name="[143] /home/travis/build/icyphy/ptII/ptolemy/domains/modal/test/auto/model1.xml (RunModel)" time="0.019" />
  <testcase classname="ptolemy.util.test.junit.AutoTests" name="[144] /home/travis/build/icyphy/ptII/ptolemy/domains/modal/test/auto/test-direct-in-out.xml (RunModel)" time="0.021" />
  <system-out><![CDATA[/home/travis/build/icyphy/ptII/ptolemy/domains/modal/test/SystemLevelType.tcl
testDefs.tcl: setting time out to 9000 seconds at Fri Feb 28 07:08:54 UTC 2020
02/28/20 07:08:55
Failed: 0  Total Tests: 1  ((Passed: 1, Newly Passed: 0)  Known Failed: 0) /home/travis/build/icyphy/ptII/ptolemy/domains/modal/test
----------------- testing (KnownFailure) /home/travis/build/icyphy/ptII/ptolemy/domains/modal/test/auto/knownFailedTests/CannotAnalysisWithPreemption.xml
155 ms. Memory: 129024K Free: 85936K (67%)
Known Failure: java.lang.reflect.InvocationTargetException
No auto/linux-amd64/*.xml tests in /home/travis/build/icyphy/ptII/ptolemy/domains/modal/test
AutoTests.java: About to close Vertx.
AutoTests.java: Vertx closed.

===========================================================================================
----------------- testing Fri Feb 28 07:08:56 UTC 2020 /home/travis/build/icyphy/ptII/ptolemy/domains/modal/test/auto/ABPTest.xml
----------------- Instantiating /home/travis/build/icyphy/ptII/ptolemy/domains/modal/test/auto/ABPTest.xml
454 ms. Memory: 155648K Free: 117475K (75%)
----------------- Invoking toplevel() on ptolemy.moml.MoMLSimpleApplication@e8918f3
----------------- Done invoking toplevel() on ptolemy.moml.MoMLSimpleApplication@e8918f3
reloadAllAccessors: .ABPTest

===========================================================================================
----------------- testing Fri Feb 28 07:08:57 UTC 2020 /home/travis/build/icyphy/ptII/ptolemy/domains/modal/test/auto/ABROFlat.xml
----------------- Instantiating /home/travis/build/icyphy/ptII/ptolemy/domains/modal/test/auto/ABROFlat.xml
15 ms. Memory: 155648K Free: 101518K (65%)
----------------- Invoking toplevel() on ptolemy.moml.MoMLSimpleApplication@6bc7ee18
----------------- Done invoking toplevel() on ptolemy.moml.MoMLSimpleApplication@6bc7ee18
reloadAllAccessors: .ABROFlat

===========================================================================================
----------------- testing Fri Feb 28 07:08:57 UTC 2020 /home/travis/build/icyphy/ptII/ptolemy/domains/modal/test/auto/ABROFlat2.xml
----------------- Instantiating /home/travis/build/icyphy/ptII/ptolemy/domains/modal/test/auto/ABROFlat2.xml
12 ms. Memory: 155648K Free: 84624K (54%)
----------------- Invoking toplevel() on ptolemy.moml.MoMLSimpleApplication@27c7a60f
----------------- Done invoking toplevel() on ptolemy.moml.MoMLSimpleApplication@27c7a60f
reloadAllAccessors: .ABROFlat2

===========================================================================================
----------------- testing Fri Feb 28 07:08:57 UTC 2020 /home/travis/build/icyphy/ptII/ptolemy/domains/modal/test/auto/ABRO_present_hmm.xml
----------------- Instantiating /home/travis/build/icyphy/ptII/ptolemy/domains/modal/test/auto/ABRO_present_hmm.xml
38 ms. Memory: 155648K Free: 58000K (37%)
----------------- Invoking toplevel() on ptolemy.moml.MoMLSimpleApplication@363e3acb
----------------- Done invoking toplevel() on ptolemy.moml.MoMLSimpleApplication@363e3acb
reloadAllAccessors: .ABRO_present_hmm

===========================================================================================
----------------- testing Fri Feb 28 07:08:57 UTC 2020 /home/travis/build/icyphy/ptII/ptolemy/domains/modal/test/auto/AMICoderExample.xml
----------------- Instantiating /home/travis/build/icyphy/ptII/ptolemy/domains/modal/test/auto/AMICoderExample.xml
61 ms. Memory: 155648K Free: 134844K (87%)
----------------- Invoking toplevel() on ptolemy.moml.MoMLSimpleApplication@5f6af3dc
----------------- Done invoking toplevel() on ptolemy.moml.MoMLSimpleApplication@5f6af3dc
reloadAllAccessors: .AMICoderExample

===========================================================================================
----------------- testing Fri Feb 28 07:08:57 UTC 2020 /home/travis/build/icyphy/ptII/ptolemy/domains/modal/test/auto/AbsentToPresent.xml
----------------- Instantiating /home/travis/build/icyphy/ptII/ptolemy/domains/modal/test/auto/AbsentToPresent.xml
8 ms. Memory: 155648K Free: 130145K (84%)
----------------- Invoking toplevel() on ptolemy.moml.MoMLSimpleApplication@733297d
----------------- Done invoking toplevel() on ptolemy.moml.MoMLSimpleApplication@733297d
reloadAllAccessors: .AbsentToPresent

===========================================================================================
----------------- testing Fri Feb 28 07:08:57 UTC 2020 /home/travis/build/icyphy/ptII/ptolemy/domains/modal/test/auto/Blending.xml
----------------- Instantiating /home/travis/build/icyphy/ptII/ptolemy/domains/modal/test/auto/Blending.xml
172 ms. Memory: 155648K Free: 85089K (55%)
----------------- Invoking toplevel() on ptolemy.moml.MoMLSimpleApplication@3317070f
----------------- Done invoking toplevel() on ptolemy.moml.MoMLSimpleApplication@3317070f
reloadAllAccessors: .Blending

===========================================================================================
----------------- testing Fri Feb 28 07:08:58 UTC 2020 /home/travis/build/icyphy/ptII/ptolemy/domains/modal/test/auto/Broadcast.xml
----------------- Instantiating /home/travis/build/icyphy/ptII/ptolemy/domains/modal/test/auto/Broadcast.xml
12 ms. Memory: 155648K Free: 74871K (48%)
----------------- Invoking toplevel() on ptolemy.moml.MoMLSimpleApplication@5d99a39f
----------------- Done invoking toplevel() on ptolemy.moml.MoMLSimpleApplication@5d99a39f
reloadAllAccessors: .Broadcast

===========================================================================================
----------------- testing Fri Feb 28 07:08:58 UTC 2020 /home/travis/build/icyphy/ptII/ptolemy/domains/modal/test/auto/BroadcastHierarchy.xml
----------------- Instantiating /home/travis/build/icyphy/ptII/ptolemy/domains/modal/test/auto/BroadcastHierarchy.xml
14 ms. Memory: 155648K Free: 61086K (39%)
----------------- Invoking toplevel() on ptolemy.moml.MoMLSimpleApplication@214b94ef
----------------- Done invoking toplevel() on ptolemy.moml.MoMLSimpleApplication@214b94ef
reloadAllAccessors: .BroadcastHierarchy

===========================================================================================
----------------- testing Fri Feb 28 07:08:58 UTC 2020 /home/travis/build/icyphy/ptII/ptolemy/domains/modal/test/auto/BroadcastHierarchy2.xml
----------------- Instantiating /home/travis/build/icyphy/ptII/ptolemy/domains/modal/test/auto/BroadcastHierarchy2.xml
29 ms. Memory: 155648K Free: 121463K (78%)
----------------- Invoking toplevel() on ptolemy.moml.MoMLSimpleApplication@77f6d062
----------------- Done invoking toplevel() on ptolemy.moml.MoMLSimpleApplication@77f6d062
reloadAllAccessors: .BroadcastHierarchy2

===========================================================================================
----------------- testing Fri Feb 28 07:08:58 UTC 2020 /home/travis/build/icyphy/ptII/ptolemy/domains/modal/test/auto/BroadcastHierarchy3.xml
----------------- Instantiating /home/travis/build/icyphy/ptII/ptolemy/domains/modal/test/auto/BroadcastHierarchy3.xml
24 ms. Memory: 155648K Free: 100969K (65%)
----------------- Invoking toplevel() on ptolemy.moml.MoMLSimpleApplication@6aeb637e
----------------- Done invoking toplevel() on ptolemy.moml.MoMLSimpleApplication@6aeb637e
reloadAllAccessors: .BroadcastHierarchy3

===========================================================================================
----------------- testing Fri Feb 28 07:08:58 UTC 2020 /home/travis/build/icyphy/ptII/ptolemy/domains/modal/test/auto/BroadcastHierarchy4.xml
----------------- Instantiating /home/travis/build/icyphy/ptII/ptolemy/domains/modal/test/auto/BroadcastHierarchy4.xml
26 ms. Memory: 155648K Free: 76964K (49%)
----------------- Invoking toplevel() on ptolemy.moml.MoMLSimpleApplication@400cb106
----------------- Done invoking toplevel() on ptolemy.moml.MoMLSimpleApplication@400cb106
reloadAllAccessors: .BroadcastHierarchy4

===========================================================================================
----------------- testing Fri Feb 28 07:08:58 UTC 2020 /home/travis/build/icyphy/ptII/ptolemy/domains/modal/test/auto/CannotAnalysisWithPreemption2.xml
----------------- Instantiating /home/travis/build/icyphy/ptII/ptolemy/domains/modal/test/auto/CannotAnalysisWithPreemption2.xml
9 ms. Memory: 155648K Free: 70241K (45%)
----------------- Invoking toplevel() on ptolemy.moml.MoMLSimpleApplication@4d28ae5
----------------- Done invoking toplevel() on ptolemy.moml.MoMLSimpleApplication@4d28ae5
reloadAllAccessors: .CannotAnalysisWithPreemption2

===========================================================================================
----------------- testing Fri Feb 28 07:08:58 UTC 2020 /home/travis/build/icyphy/ptII/ptolemy/domains/modal/test/auto/CannotAnalysisWithPreemption3.xml
----------------- Instantiating /home/travis/build/icyphy/ptII/ptolemy/domains/modal/test/auto/CannotAnalysisWithPreemption3.xml
7 ms. Memory: 155648K Free: 60023K (39%)
----------------- Invoking toplevel() on ptolemy.moml.MoMLSimpleApplication@2b4e412e
----------------- Done invoking toplevel() on ptolemy.moml.MoMLSimpleApplication@2b4e412e
reloadAllAccessors: .CannotAnalysisWithPreemption3

===========================================================================================
----------------- testing Fri Feb 28 07:08:58 UTC 2020 /home/travis/build/icyphy/ptII/ptolemy/domains/modal/test/auto/CannotProduce.xml
----------------- Instantiating /home/travis/build/icyphy/ptII/ptolemy/domains/modal/test/auto/CannotProduce.xml
14 ms. Memory: 155648K Free: 53825K (35%)
----------------- Invoking toplevel() on ptolemy.moml.MoMLSimpleApplication@7fcc273c
----------------- Done invoking toplevel() on ptolemy.moml.MoMLSimpleApplication@7fcc273c
reloadAllAccessors: .CannotProduce

===========================================================================================
----------------- testing Fri Feb 28 07:08:58 UTC 2020 /home/travis/build/icyphy/ptII/ptolemy/domains/modal/test/auto/CannotProduceModal.xml
----------------- Instantiating /home/travis/build/icyphy/ptII/ptolemy/domains/modal/test/auto/CannotProduceModal.xml
8 ms. Memory: 187392K Free: 165419K (88%)
----------------- Invoking toplevel() on ptolemy.moml.MoMLSimpleApplication@15e9820f
----------------- Done invoking toplevel() on ptolemy.moml.MoMLSimpleApplication@15e9820f
reloadAllAccessors: .CannotProduceModal

===========================================================================================
----------------- testing Fri Feb 28 07:08:58 UTC 2020 /home/travis/build/icyphy/ptII/ptolemy/domains/modal/test/auto/Case.xml
----------------- Instantiating /home/travis/build/icyphy/ptII/ptolemy/domains/modal/test/auto/Case.xml
41 ms. Memory: 187392K Free: 154155K (82%)
----------------- Invoking toplevel() on ptolemy.moml.MoMLSimpleApplication@6194e76d
----------------- Done invoking toplevel() on ptolemy.moml.MoMLSimpleApplication@6194e76d
reloadAllAccessors: .Case

===========================================================================================
----------------- testing Fri Feb 28 07:08:58 UTC 2020 /home/travis/build/icyphy/ptII/ptolemy/domains/modal/test/auto/Case1.xml
----------------- Instantiating /home/travis/build/icyphy/ptII/ptolemy/domains/modal/test/auto/Case1.xml
7 ms. Memory: 187392K Free: 146987K (78%)
----------------- Invoking toplevel() on ptolemy.moml.MoMLSimpleApplication@449bba45
----------------- Done invoking toplevel() on ptolemy.moml.MoMLSimpleApplication@449bba45
reloadAllAccessors: .Case1

===========================================================================================
----------------- testing Fri Feb 28 07:08:58 UTC 2020 /home/travis/build/icyphy/ptII/ptolemy/domains/modal/test/auto/Case2.xml
----------------- Instantiating /home/travis/build/icyphy/ptII/ptolemy/domains/modal/test/auto/Case2.xml
27 ms. Memory: 187392K Free: 136237K (73%)
----------------- Invoking toplevel() on ptolemy.moml.MoMLSimpleApplication@41d8eb0e
----------------- Done invoking toplevel() on ptolemy.moml.MoMLSimpleApplication@41d8eb0e
reloadAllAccessors: .Case2

===========================================================================================
----------------- testing Fri Feb 28 07:08:59 UTC 2020 /home/travis/build/icyphy/ptII/ptolemy/domains/modal/test/auto/CausalityInterface1.xml
----------------- Instantiating /home/travis/build/icyphy/ptII/ptolemy/domains/modal/test/auto/CausalityInterface1.xml
5 ms. Memory: 187392K Free: 131117K (70%)
----------------- Invoking toplevel() on ptolemy.moml.MoMLSimpleApplication@43097153
----------------- Done invoking toplevel() on ptolemy.moml.MoMLSimpleApplication@43097153
reloadAllAccessors: .CausalityInterface1

===========================================================================================
----------------- testing Fri Feb 28 07:08:59 UTC 2020 /home/travis/build/icyphy/ptII/ptolemy/domains/modal/test/auto/CausalityInterface10.xml
----------------- Instantiating /home/travis/build/icyphy/ptII/ptolemy/domains/modal/test/auto/CausalityInterface10.xml
14 ms. Memory: 187392K Free: 117805K (63%)
----------------- Invoking toplevel() on ptolemy.moml.MoMLSimpleApplication@26da7c34
----------------- Done invoking toplevel() on ptolemy.moml.MoMLSimpleApplication@26da7c34
reloadAllAccessors: .CausalityInterface10

===========================================================================================
----------------- testing Fri Feb 28 07:08:59 UTC 2020 /home/travis/build/icyphy/ptII/ptolemy/domains/modal/test/auto/CausalityInterface11.xml
----------------- Instantiating /home/travis/build/icyphy/ptII/ptolemy/domains/modal/test/auto/CausalityInterface11.xml
8 ms. Memory: 187392K Free: 104493K (56%)
----------------- Invoking toplevel() on ptolemy.moml.MoMLSimpleApplication@179c1505
----------------- Done invoking toplevel() on ptolemy.moml.MoMLSimpleApplication@179c1505
reloadAllAccessors: .CausalityInterface11

===========================================================================================
----------------- testing Fri Feb 28 07:08:59 UTC 2020 /home/travis/build/icyphy/ptII/ptolemy/domains/modal/test/auto/CausalityInterface12.xml
----------------- Instantiating /home/travis/build/icyphy/ptII/ptolemy/domains/modal/test/auto/CausalityInterface12.xml
7 ms. Memory: 187392K Free: 91181K (49%)
----------------- Invoking toplevel() on ptolemy.moml.MoMLSimpleApplication@36fcb68b
----------------- Done invoking toplevel() on ptolemy.moml.MoMLSimpleApplication@36fcb68b
reloadAllAccessors: .CausalityInterface12

===========================================================================================
----------------- testing Fri Feb 28 07:08:59 UTC 2020 /home/travis/build/icyphy/ptII/ptolemy/domains/modal/test/auto/CausalityInterface13.xml
----------------- Instantiating /home/travis/build/icyphy/ptII/ptolemy/domains/modal/test/auto/CausalityInterface13.xml
12 ms. Memory: 187392K Free: 77340K (41%)
----------------- Invoking toplevel() on ptolemy.moml.MoMLSimpleApplication@6736a600
----------------- Done invoking toplevel() on ptolemy.moml.MoMLSimpleApplication@6736a600
reloadAllAccessors: .CausalityInterface13

===========================================================================================
----------------- testing Fri Feb 28 07:08:59 UTC 2020 /home/travis/build/icyphy/ptII/ptolemy/domains/modal/test/auto/CausalityInterface14.xml
----------------- Instantiating /home/travis/build/icyphy/ptII/ptolemy/domains/modal/test/auto/CausalityInterface14.xml
12 ms. Memory: 187392K Free: 63533K (34%)
----------------- Invoking toplevel() on ptolemy.moml.MoMLSimpleApplication@3647bb11
----------------- Done invoking toplevel() on ptolemy.moml.MoMLSimpleApplication@3647bb11
reloadAllAccessors: .CausalityInterface14

===========================================================================================
----------------- testing Fri Feb 28 07:08:59 UTC 2020 /home/travis/build/icyphy/ptII/ptolemy/domains/modal/test/auto/CausalityInterface2.xml
----------------- Instantiating /home/travis/build/icyphy/ptII/ptolemy/domains/modal/test/auto/CausalityInterface2.xml
10 ms. Memory: 187392K Free: 163373K (87%)
----------------- Invoking toplevel() on ptolemy.moml.MoMLSimpleApplication@16120e85
----------------- Done invoking toplevel() on ptolemy.moml.MoMLSimpleApplication@16120e85
reloadAllAccessors: .CausalityInterface2

===========================================================================================
----------------- testing Fri Feb 28 07:08:59 UTC 2020 /home/travis/build/icyphy/ptII/ptolemy/domains/modal/test/auto/CausalityInterface3.xml
----------------- Instantiating /home/travis/build/icyphy/ptII/ptolemy/domains/modal/test/auto/CausalityInterface3.xml
4 ms. Memory: 187392K Free: 156708K (84%)
----------------- Invoking toplevel() on ptolemy.moml.MoMLSimpleApplication@10f47d38
----------------- Done invoking toplevel() on ptolemy.moml.MoMLSimpleApplication@10f47d38
reloadAllAccessors: .CausalityInterface3

===========================================================================================
----------------- testing Fri Feb 28 07:08:59 UTC 2020 /home/travis/build/icyphy/ptII/ptolemy/domains/modal/test/auto/CausalityInterface4.xml
----------------- Instantiating /home/travis/build/icyphy/ptII/ptolemy/domains/modal/test/auto/CausalityInterface4.xml
6 ms. Memory: 187392K Free: 150564K (80%)
----------------- Invoking toplevel() on ptolemy.moml.MoMLSimpleApplication@3b28bf12
----------------- Done invoking toplevel() on ptolemy.moml.MoMLSimpleApplication@3b28bf12
reloadAllAccessors: .CausalityInterface4

===========================================================================================
----------------- testing Fri Feb 28 07:08:59 UTC 2020 /home/travis/build/icyphy/ptII/ptolemy/domains/modal/test/auto/CausalityInterface5.xml
----------------- Instantiating /home/travis/build/icyphy/ptII/ptolemy/domains/modal/test/auto/CausalityInterface5.xml
3 ms. Memory: 187392K Free: 142364K (76%)
----------------- Invoking toplevel() on ptolemy.moml.MoMLSimpleApplication@16d4da13
----------------- Done invoking toplevel() on ptolemy.moml.MoMLSimpleApplication@16d4da13
reloadAllAccessors: .CausalityInterface5

===========================================================================================
----------------- testing Fri Feb 28 07:08:59 UTC 2020 /home/travis/build/icyphy/ptII/ptolemy/domains/modal/test/auto/CausalityInterface6.xml
----------------- Instantiating /home/travis/build/icyphy/ptII/ptolemy/domains/modal/test/auto/CausalityInterface6.xml
8 ms. Memory: 187392K Free: 134172K (72%)
----------------- Invoking toplevel() on ptolemy.moml.MoMLSimpleApplication@47578a3f
----------------- Done invoking toplevel() on ptolemy.moml.MoMLSimpleApplication@47578a3f
reloadAllAccessors: .CausalityInterface6

===========================================================================================
----------------- testing Fri Feb 28 07:08:59 UTC 2020 /home/travis/build/icyphy/ptII/ptolemy/domains/modal/test/auto/CausalityInterface7.xml
----------------- Instantiating /home/travis/build/icyphy/ptII/ptolemy/domains/modal/test/auto/CausalityInterface7.xml
6 ms. Memory: 187392K Free: 125980K (67%)
----------------- Invoking toplevel() on ptolemy.moml.MoMLSimpleApplication@6c151447
----------------- Done invoking toplevel() on ptolemy.moml.MoMLSimpleApplication@6c151447
reloadAllAccessors: .CausalityInterface7

===========================================================================================
----------------- testing Fri Feb 28 07:08:59 UTC 2020 /home/travis/build/icyphy/ptII/ptolemy/domains/modal/test/auto/CausalityInterface8.xml
----------------- Instantiating /home/travis/build/icyphy/ptII/ptolemy/domains/modal/test/auto/CausalityInterface8.xml
6 ms. Memory: 187392K Free: 117293K (63%)
----------------- Invoking toplevel() on ptolemy.moml.MoMLSimpleApplication@3a33688b
----------------- Done invoking toplevel() on ptolemy.moml.MoMLSimpleApplication@3a33688b
reloadAllAccessors: .CausalityInterface8

===========================================================================================
----------------- testing Fri Feb 28 07:08:59 UTC 2020 /home/travis/build/icyphy/ptII/ptolemy/domains/modal/test/auto/CausalityInterface9.xml
----------------- Instantiating /home/travis/build/icyphy/ptII/ptolemy/domains/modal/test/auto/CausalityInterface9.xml
5 ms. Memory: 187392K Free: 108077K (58%)
----------------- Invoking toplevel() on ptolemy.moml.MoMLSimpleApplication@c9e105
----------------- Done invoking toplevel() on ptolemy.moml.MoMLSimpleApplication@c9e105
reloadAllAccessors: .CausalityInterface9

===========================================================================================
----------------- testing Fri Feb 28 07:08:59 UTC 2020 /home/travis/build/icyphy/ptII/ptolemy/domains/modal/test/auto/ChainedTransitions.xml
----------------- Instantiating /home/travis/build/icyphy/ptII/ptolemy/domains/modal/test/auto/ChainedTransitions.xml
103 ms. Memory: 187392K Free: 83501K (45%)
----------------- Invoking toplevel() on ptolemy.moml.MoMLSimpleApplication@709ad277
----------------- Done invoking toplevel() on ptolemy.moml.MoMLSimpleApplication@709ad277
reloadAllAccessors: .ChainedTransitions

===========================================================================================
----------------- testing Fri Feb 28 07:08:59 UTC 2020 /home/travis/build/icyphy/ptII/ptolemy/domains/modal/test/auto/CycleOfImmediateTransitionsFSM.xml
----------------- Instantiating /home/travis/build/icyphy/ptII/ptolemy/domains/modal/test/auto/CycleOfImmediateTransitionsFSM.xml
4 ms. Memory: 187392K Free: 77357K (41%)
----------------- Invoking toplevel() on ptolemy.moml.MoMLSimpleApplication@4f1c1869
----------------- Done invoking toplevel() on ptolemy.moml.MoMLSimpleApplication@4f1c1869
reloadAllAccessors: .CycleOfImmediateTransitionsFSM

===========================================================================================
----------------- testing Fri Feb 28 07:08:59 UTC 2020 /home/travis/build/icyphy/ptII/ptolemy/domains/modal/test/auto/CycleOfImmediateTransitionsModal.xml
----------------- Instantiating /home/travis/build/icyphy/ptII/ptolemy/domains/modal/test/auto/CycleOfImmediateTransitionsModal.xml
3 ms. Memory: 187392K Free: 71213K (38%)
----------------- Invoking toplevel() on ptolemy.moml.MoMLSimpleApplication@bf6df03
----------------- Done invoking toplevel() on ptolemy.moml.MoMLSimpleApplication@bf6df03
reloadAllAccessors: .CycleOfImmediateTransitionsModal

===========================================================================================
----------------- testing Fri Feb 28 07:08:59 UTC 2020 /home/travis/build/icyphy/ptII/ptolemy/domains/modal/test/auto/CycleOfImmediateTransitionsModal2.xml
----------------- Instantiating /home/travis/build/icyphy/ptII/ptolemy/domains/modal/test/auto/CycleOfImmediateTransitionsModal2.xml
8 ms. Memory: 187392K Free: 65069K (35%)
----------------- Invoking toplevel() on ptolemy.moml.MoMLSimpleApplication@d6ea851
----------------- Done invoking toplevel() on ptolemy.moml.MoMLSimpleApplication@d6ea851
reloadAllAccessors: .CycleOfImmediateTransitionsModal2

===========================================================================================
----------------- testing Fri Feb 28 07:08:59 UTC 2020 /home/travis/build/icyphy/ptII/ptolemy/domains/modal/test/auto/CycleOfImmediateTransitionsModal3.xml
----------------- Instantiating /home/travis/build/icyphy/ptII/ptolemy/domains/modal/test/auto/CycleOfImmediateTransitionsModal3.xml
7 ms. Memory: 187392K Free: 147501K (79%)
----------------- Invoking toplevel() on ptolemy.moml.MoMLSimpleApplication@10718fa6
----------------- Done invoking toplevel() on ptolemy.moml.MoMLSimpleApplication@10718fa6
reloadAllAccessors: .CycleOfImmediateTransitionsModal3

===========================================================================================
----------------- testing Fri Feb 28 07:08:59 UTC 2020 /home/travis/build/icyphy/ptII/ptolemy/domains/modal/test/auto/DeepModal1.xml
----------------- Instantiating /home/travis/build/icyphy/ptII/ptolemy/domains/modal/test/auto/DeepModal1.xml
36 ms. Memory: 187392K Free: 133644K (71%)
----------------- Invoking toplevel() on ptolemy.moml.MoMLSimpleApplication@45695ba3
----------------- Done invoking toplevel() on ptolemy.moml.MoMLSimpleApplication@45695ba3
reloadAllAccessors: .DeepModal1

===========================================================================================
----------------- testing Fri Feb 28 07:09:00 UTC 2020 /home/travis/build/icyphy/ptII/ptolemy/domains/modal/test/auto/DeepModal2.xml
----------------- Instantiating /home/travis/build/icyphy/ptII/ptolemy/domains/modal/test/auto/DeepModal2.xml
24 ms. Memory: 187392K Free: 115243K (61%)
----------------- Invoking toplevel() on ptolemy.moml.MoMLSimpleApplication@7a019b5f
----------------- Done invoking toplevel() on ptolemy.moml.MoMLSimpleApplication@7a019b5f
reloadAllAccessors: .DeepModal2

===========================================================================================
----------------- testing Fri Feb 28 07:09:00 UTC 2020 /home/travis/build/icyphy/ptII/ptolemy/domains/modal/test/auto/DeepModal3.xml
----------------- Instantiating /home/travis/build/icyphy/ptII/ptolemy/domains/modal/test/auto/DeepModal3.xml
33 ms. Memory: 187392K Free: 95787K (51%)
----------------- Invoking toplevel() on ptolemy.moml.MoMLSimpleApplication@52d9be5
----------------- Done invoking toplevel() on ptolemy.moml.MoMLSimpleApplication@52d9be5
reloadAllAccessors: .DeepModal3

===========================================================================================
----------------- testing Fri Feb 28 07:09:00 UTC 2020 /home/travis/build/icyphy/ptII/ptolemy/domains/modal/test/auto/DeepModal4.xml
----------------- Instantiating /home/travis/build/icyphy/ptII/ptolemy/domains/modal/test/auto/DeepModal4.xml
28 ms. Memory: 187392K Free: 76316K (41%)
----------------- Invoking toplevel() on ptolemy.moml.MoMLSimpleApplication@455074ab
----------------- Done invoking toplevel() on ptolemy.moml.MoMLSimpleApplication@455074ab
reloadAllAccessors: .DeepModal4

===========================================================================================
----------------- testing Fri Feb 28 07:09:00 UTC 2020 /home/travis/build/icyphy/ptII/ptolemy/domains/modal/test/auto/Default1.xml
----------------- Instantiating /home/travis/build/icyphy/ptII/ptolemy/domains/modal/test/auto/Default1.xml
2 ms. Memory: 187392K Free: 70187K (37%)
----------------- Invoking toplevel() on ptolemy.moml.MoMLSimpleApplication@2ffbdf51
----------------- Done invoking toplevel() on ptolemy.moml.MoMLSimpleApplication@2ffbdf51
reloadAllAccessors: .Default1

===========================================================================================
----------------- testing Fri Feb 28 07:09:00 UTC 2020 /home/travis/build/icyphy/ptII/ptolemy/domains/modal/test/auto/Default2.xml
----------------- Instantiating /home/travis/build/icyphy/ptII/ptolemy/domains/modal/test/auto/Default2.xml
8 ms. Memory: 187392K Free: 64557K (34%)
----------------- Invoking toplevel() on ptolemy.moml.MoMLSimpleApplication@10ee66e5
----------------- Done invoking toplevel() on ptolemy.moml.MoMLSimpleApplication@10ee66e5
reloadAllAccessors: .Default2

===========================================================================================
----------------- testing Fri Feb 28 07:09:00 UTC 2020 /home/travis/build/icyphy/ptII/ptolemy/domains/modal/test/auto/Default3.xml
----------------- Instantiating /home/travis/build/icyphy/ptII/ptolemy/domains/modal/test/auto/Default3.xml
5 ms. Memory: 187392K Free: 164618K (88%)
----------------- Invoking toplevel() on ptolemy.moml.MoMLSimpleApplication@20fca7c5
----------------- Done invoking toplevel() on ptolemy.moml.MoMLSimpleApplication@20fca7c5
reloadAllAccessors: .Default3

===========================================================================================
----------------- testing Fri Feb 28 07:09:00 UTC 2020 /home/travis/build/icyphy/ptII/ptolemy/domains/modal/test/auto/Default4.xml
----------------- Instantiating /home/travis/build/icyphy/ptII/ptolemy/domains/modal/test/auto/Default4.xml
7 ms. Memory: 187392K Free: 158253K (84%)
----------------- Invoking toplevel() on ptolemy.moml.MoMLSimpleApplication@1dd2a656
----------------- Done invoking toplevel() on ptolemy.moml.MoMLSimpleApplication@1dd2a656
reloadAllAccessors: .Default4

===========================================================================================
----------------- testing Fri Feb 28 07:09:00 UTC 2020 /home/travis/build/icyphy/ptII/ptolemy/domains/modal/test/auto/Default5.xml
----------------- Instantiating /home/travis/build/icyphy/ptII/ptolemy/domains/modal/test/auto/Default5.xml
8 ms. Memory: 187392K Free: 150571K (80%)
----------------- Invoking toplevel() on ptolemy.moml.MoMLSimpleApplication@6ff7c051
----------------- Done invoking toplevel() on ptolemy.moml.MoMLSimpleApplication@6ff7c051
reloadAllAccessors: .Default5

===========================================================================================
----------------- testing Fri Feb 28 07:09:00 UTC 2020 /home/travis/build/icyphy/ptII/ptolemy/domains/modal/test/auto/EmptyGuard.xml
----------------- Instantiating /home/travis/build/icyphy/ptII/ptolemy/domains/modal/test/auto/EmptyGuard.xml
14 ms. Memory: 187392K Free: 142893K (76%)
----------------- Invoking toplevel() on ptolemy.moml.MoMLSimpleApplication@7f9f9e3
----------------- Done invoking toplevel() on ptolemy.moml.MoMLSimpleApplication@7f9f9e3
reloadAllAccessors: .EmptyGuard

===========================================================================================
----------------- testing Fri Feb 28 07:09:00 UTC 2020 /home/travis/build/icyphy/ptII/ptolemy/domains/modal/test/auto/ErrorTransition1.xml
----------------- Instantiating /home/travis/build/icyphy/ptII/ptolemy/domains/modal/test/auto/ErrorTransition1.xml
8 ms. Memory: 187392K Free: 134187K (72%)
----------------- Invoking toplevel() on ptolemy.moml.MoMLSimpleApplication@436d3e1e
----------------- Done invoking toplevel() on ptolemy.moml.MoMLSimpleApplication@436d3e1e
reloadAllAccessors: .ErrorTransition1

===========================================================================================
----------------- testing Fri Feb 28 07:09:00 UTC 2020 /home/travis/build/icyphy/ptII/ptolemy/domains/modal/test/auto/ErrorTransition10.xml
----------------- Instantiating /home/travis/build/icyphy/ptII/ptolemy/domains/modal/test/auto/ErrorTransition10.xml
17 ms. Memory: 187392K Free: 120860K (64%)
----------------- Invoking toplevel() on ptolemy.moml.MoMLSimpleApplication@23b70490
----------------- Done invoking toplevel() on ptolemy.moml.MoMLSimpleApplication@23b70490
reloadAllAccessors: .ErrorTransition10

===========================================================================================
----------------- testing Fri Feb 28 07:09:00 UTC 2020 /home/travis/build/icyphy/ptII/ptolemy/domains/modal/test/auto/ErrorTransition11.xml
----------------- Instantiating /home/travis/build/icyphy/ptII/ptolemy/domains/modal/test/auto/ErrorTransition11.xml
4 ms. Memory: 187392K Free: 109611K (58%)
----------------- Invoking toplevel() on ptolemy.moml.MoMLSimpleApplication@bc18790
----------------- Done invoking toplevel() on ptolemy.moml.MoMLSimpleApplication@bc18790
reloadAllAccessors: .ErrorTransition11

===========================================================================================
----------------- testing Fri Feb 28 07:09:00 UTC 2020 /home/travis/build/icyphy/ptII/ptolemy/domains/modal/test/auto/ErrorTransition2.xml
----------------- Instantiating /home/travis/build/icyphy/ptII/ptolemy/domains/modal/test/auto/ErrorTransition2.xml
9 ms. Memory: 187392K Free: 100395K (54%)
----------------- Invoking toplevel() on ptolemy.moml.MoMLSimpleApplication@1e49fed1
----------------- Done invoking toplevel() on ptolemy.moml.MoMLSimpleApplication@1e49fed1
reloadAllAccessors: .ErrorTransition2

===========================================================================================
----------------- testing Fri Feb 28 07:09:00 UTC 2020 /home/travis/build/icyphy/ptII/ptolemy/domains/modal/test/auto/ErrorTransition3.xml
----------------- Instantiating /home/travis/build/icyphy/ptII/ptolemy/domains/modal/test/auto/ErrorTransition3.xml
21 ms. Memory: 187392K Free: 90669K (48%)
----------------- Invoking toplevel() on ptolemy.moml.MoMLSimpleApplication@2b4aa0bb
----------------- Done invoking toplevel() on ptolemy.moml.MoMLSimpleApplication@2b4aa0bb
reloadAllAccessors: .ErrorTransition3

===========================================================================================
----------------- testing Fri Feb 28 07:09:00 UTC 2020 /home/travis/build/icyphy/ptII/ptolemy/domains/modal/test/auto/ErrorTransition4.xml
----------------- Instantiating /home/travis/build/icyphy/ptII/ptolemy/domains/modal/test/auto/ErrorTransition4.xml
13 ms. Memory: 187392K Free: 79405K (42%)
----------------- Invoking toplevel() on ptolemy.moml.MoMLSimpleApplication@43e2bbd7
----------------- Done invoking toplevel() on ptolemy.moml.MoMLSimpleApplication@43e2bbd7
reloadAllAccessors: .ErrorTransition4

===========================================================================================
----------------- testing Fri Feb 28 07:09:00 UTC 2020 /home/travis/build/icyphy/ptII/ptolemy/domains/modal/test/auto/ErrorTransition5.xml
----------------- Instantiating /home/travis/build/icyphy/ptII/ptolemy/domains/modal/test/auto/ErrorTransition5.xml
8 ms. Memory: 187392K Free: 69644K (37%)
----------------- Invoking toplevel() on ptolemy.moml.MoMLSimpleApplication@681ad7ee
----------------- Done invoking toplevel() on ptolemy.moml.MoMLSimpleApplication@681ad7ee
reloadAllAccessors: .ErrorTransition5

===========================================================================================
----------------- testing Fri Feb 28 07:09:00 UTC 2020 /home/travis/build/icyphy/ptII/ptolemy/domains/modal/test/auto/ErrorTransition6.xml
----------------- Instantiating /home/travis/build/icyphy/ptII/ptolemy/domains/modal/test/auto/ErrorTransition6.xml
16 ms. Memory: 239616K Free: 216109K (90%)
----------------- Invoking toplevel() on ptolemy.moml.MoMLSimpleApplication@54f67150
----------------- Done invoking toplevel() on ptolemy.moml.MoMLSimpleApplication@54f67150
reloadAllAccessors: .ErrorTransition6

===========================================================================================
----------------- testing Fri Feb 28 07:09:00 UTC 2020 /home/travis/build/icyphy/ptII/ptolemy/domains/modal/test/auto/ErrorTransition7.xml
----------------- Instantiating /home/travis/build/icyphy/ptII/ptolemy/domains/modal/test/auto/ErrorTransition7.xml
16 ms. Memory: 239616K Free: 203300K (85%)
----------------- Invoking toplevel() on ptolemy.moml.MoMLSimpleApplication@5193c390
----------------- Done invoking toplevel() on ptolemy.moml.MoMLSimpleApplication@5193c390
reloadAllAccessors: .ErrorTransition7

===========================================================================================
----------------- testing Fri Feb 28 07:09:00 UTC 2020 /home/travis/build/icyphy/ptII/ptolemy/domains/modal/test/auto/ErrorTransition8.xml
----------------- Instantiating /home/travis/build/icyphy/ptII/ptolemy/domains/modal/test/auto/ErrorTransition8.xml
28 ms. Memory: 239616K Free: 190509K (80%)
----------------- Invoking toplevel() on ptolemy.moml.MoMLSimpleApplication@47f2dac4
----------------- Done invoking toplevel() on ptolemy.moml.MoMLSimpleApplication@47f2dac4
reloadAllAccessors: .ErrorTransition8

===========================================================================================
----------------- testing Fri Feb 28 07:09:00 UTC 2020 /home/travis/build/icyphy/ptII/ptolemy/domains/modal/test/auto/ErrorTransition9.xml
----------------- Instantiating /home/travis/build/icyphy/ptII/ptolemy/domains/modal/test/auto/ErrorTransition9.xml
17 ms. Memory: 239616K Free: 177197K (74%)
----------------- Invoking toplevel() on ptolemy.moml.MoMLSimpleApplication@77f524e
----------------- Done invoking toplevel() on ptolemy.moml.MoMLSimpleApplication@77f524e
reloadAllAccessors: .ErrorTransition9

===========================================================================================
----------------- testing Fri Feb 28 07:09:00 UTC 2020 /home/travis/build/icyphy/ptII/ptolemy/domains/modal/test/auto/ExtendedFSM.xml
----------------- Instantiating /home/travis/build/icyphy/ptII/ptolemy/domains/modal/test/auto/ExtendedFSM.xml
8 ms. Memory: 239616K Free: 169005K (71%)
----------------- Invoking toplevel() on ptolemy.moml.MoMLSimpleApplication@302cbfb2
----------------- Done invoking toplevel() on ptolemy.moml.MoMLSimpleApplication@302cbfb2
reloadAllAccessors: .ExtendedFSM

===========================================================================================
----------------- testing Fri Feb 28 07:09:00 UTC 2020 /home/travis/build/icyphy/ptII/ptolemy/domains/modal/test/auto/FinalStates.xml
----------------- Instantiating /home/travis/build/icyphy/ptII/ptolemy/domains/modal/test/auto/FinalStates.xml
8 ms. Memory: 239616K Free: 160813K (67%)
----------------- Invoking toplevel() on ptolemy.moml.MoMLSimpleApplication@4d8728d
----------------- Done invoking toplevel() on ptolemy.moml.MoMLSimpleApplication@4d8728d
reloadAllAccessors: .FinalStates

===========================================================================================
----------------- testing Fri Feb 28 07:09:00 UTC 2020 /home/travis/build/icyphy/ptII/ptolemy/domains/modal/test/auto/FixedPointFSM.xml
----------------- Instantiating /home/travis/build/icyphy/ptII/ptolemy/domains/modal/test/auto/FixedPointFSM.xml
22 ms. Memory: 239616K Free: 145956K (61%)
----------------- Invoking toplevel() on ptolemy.moml.MoMLSimpleApplication@4f58a64b
----------------- Done invoking toplevel() on ptolemy.moml.MoMLSimpleApplication@4f58a64b
reloadAllAccessors: .FixedPointFSM

===========================================================================================
----------------- testing Fri Feb 28 07:09:01 UTC 2020 /home/travis/build/icyphy/ptII/ptolemy/domains/modal/test/auto/FixedPointIterationFSMActor.xml
----------------- Instantiating /home/travis/build/icyphy/ptII/ptolemy/domains/modal/test/auto/FixedPointIterationFSMActor.xml
8 ms. Memory: 239616K Free: 135708K (57%)
----------------- Invoking toplevel() on ptolemy.moml.MoMLSimpleApplication@651ab1e5
----------------- Done invoking toplevel() on ptolemy.moml.MoMLSimpleApplication@651ab1e5
reloadAllAccessors: .FixedPointIterationFSMActor

===========================================================================================
----------------- testing Fri Feb 28 07:09:01 UTC 2020 /home/travis/build/icyphy/ptII/ptolemy/domains/modal/test/auto/FixedPointIterationFSMActor2.xml
----------------- Instantiating /home/travis/build/icyphy/ptII/ptolemy/domains/modal/test/auto/FixedPointIterationFSMActor2.xml
11 ms. Memory: 239616K Free: 123949K (52%)
----------------- Invoking toplevel() on ptolemy.moml.MoMLSimpleApplication@199d18d7
----------------- Done invoking toplevel() on ptolemy.moml.MoMLSimpleApplication@199d18d7
reloadAllAccessors: .FixedPointIterationFSMActor2

===========================================================================================
----------------- testing Fri Feb 28 07:09:01 UTC 2020 /home/travis/build/icyphy/ptII/ptolemy/domains/modal/test/auto/ForbiddenInstantanousLoop.xml
----------------- Instantiating /home/travis/build/icyphy/ptII/ptolemy/domains/modal/test/auto/ForbiddenInstantanousLoop.xml
6 ms. Memory: 239616K Free: 111661K (47%)
----------------- Invoking toplevel() on ptolemy.moml.MoMLSimpleApplication@698aacc0
----------------- Done invoking toplevel() on ptolemy.moml.MoMLSimpleApplication@698aacc0
reloadAllAccessors: .ForbiddenInstantanousLoop

===========================================================================================
----------------- testing Fri Feb 28 07:09:01 UTC 2020 /home/travis/build/icyphy/ptII/ptolemy/domains/modal/test/auto/FunctionDependencyOfFSMActorTest.xml
----------------- Instantiating /home/travis/build/icyphy/ptII/ptolemy/domains/modal/test/auto/FunctionDependencyOfFSMActorTest.xml
14 ms. Memory: 239616K Free: 104493K (44%)
----------------- Invoking toplevel() on ptolemy.moml.MoMLSimpleApplication@2761963c
----------------- Done invoking toplevel() on ptolemy.moml.MoMLSimpleApplication@2761963c
reloadAllAccessors: .FunctionDependencyOfFSMActorTest

===========================================================================================
----------------- testing Fri Feb 28 07:09:01 UTC 2020 /home/travis/build/icyphy/ptII/ptolemy/domains/modal/test/auto/GuardExpression.xml
----------------- Instantiating /home/travis/build/icyphy/ptII/ptolemy/domains/modal/test/auto/GuardExpression.xml
2 ms. Memory: 239616K Free: 99373K (41%)
----------------- Invoking toplevel() on ptolemy.moml.MoMLSimpleApplication@2c81ceec
----------------- Done invoking toplevel() on ptolemy.moml.MoMLSimpleApplication@2c81ceec
reloadAllAccessors: .GuardExpression

===========================================================================================
----------------- testing Fri Feb 28 07:09:01 UTC 2020 /home/travis/build/icyphy/ptII/ptolemy/domains/modal/test/auto/GuardNotEvaluated.xml
----------------- Instantiating /home/travis/build/icyphy/ptII/ptolemy/domains/modal/test/auto/GuardNotEvaluated.xml
7 ms. Memory: 239616K Free: 90652K (38%)
----------------- Invoking toplevel() on ptolemy.moml.MoMLSimpleApplication@234a3804
----------------- Done invoking toplevel() on ptolemy.moml.MoMLSimpleApplication@234a3804
reloadAllAccessors: .GuardNotEvaluated

===========================================================================================
----------------- testing Fri Feb 28 07:09:01 UTC 2020 /home/travis/build/icyphy/ptII/ptolemy/domains/modal/test/auto/GuardNotEvaluated2.xml
----------------- Instantiating /home/travis/build/icyphy/ptII/ptolemy/domains/modal/test/auto/GuardNotEvaluated2.xml
33 ms. Memory: 239616K Free: 218579K (91%)
----------------- Invoking toplevel() on ptolemy.moml.MoMLSimpleApplication@4fea44f3
----------------- Done invoking toplevel() on ptolemy.moml.MoMLSimpleApplication@4fea44f3
reloadAllAccessors: .GuardNotEvaluated2

===========================================================================================
----------------- testing Fri Feb 28 07:09:01 UTC 2020 /home/travis/build/icyphy/ptII/ptolemy/domains/modal/test/auto/GuardOnAbsent.xml
----------------- Instantiating /home/travis/build/icyphy/ptII/ptolemy/domains/modal/test/auto/GuardOnAbsent.xml
9 ms. Memory: 239616K Free: 210469K (88%)
----------------- Invoking toplevel() on ptolemy.moml.MoMLSimpleApplication@44e6daef
----------------- Done invoking toplevel() on ptolemy.moml.MoMLSimpleApplication@44e6daef
reloadAllAccessors: .GuardOnAbsent

===========================================================================================
----------------- testing Fri Feb 28 07:09:01 UTC 2020 /home/travis/build/icyphy/ptII/ptolemy/domains/modal/test/auto/HierarchicalFSMTypeInference.xml
----------------- Instantiating /home/travis/build/icyphy/ptII/ptolemy/domains/modal/test/auto/HierarchicalFSMTypeInference.xml
4 ms. Memory: 239616K Free: 199725K (83%)
----------------- Invoking toplevel() on ptolemy.moml.MoMLSimpleApplication@2f321934
----------------- Done invoking toplevel() on ptolemy.moml.MoMLSimpleApplication@2f321934
reloadAllAccessors: .HierarchicalFSMTypeInference

===========================================================================================
----------------- testing Fri Feb 28 07:09:01 UTC 2020 /home/travis/build/icyphy/ptII/ptolemy/domains/modal/test/auto/Hysteresis.xml
----------------- Instantiating /home/travis/build/icyphy/ptII/ptolemy/domains/modal/test/auto/Hysteresis.xml
14 ms. Memory: 239616K Free: 186413K (78%)
----------------- Invoking toplevel() on ptolemy.moml.MoMLSimpleApplication@77f235dc
----------------- Done invoking toplevel() on ptolemy.moml.MoMLSimpleApplication@77f235dc
reloadAllAccessors: .Hysteresis

===========================================================================================
----------------- testing Fri Feb 28 07:09:01 UTC 2020 /home/travis/build/icyphy/ptII/ptolemy/domains/modal/test/auto/HysteresisWithDefault.xml
----------------- Instantiating /home/travis/build/icyphy/ptII/ptolemy/domains/modal/test/auto/HysteresisWithDefault.xml
37 ms. Memory: 239616K Free: 163371K (68%)
----------------- Invoking toplevel() on ptolemy.moml.MoMLSimpleApplication@7cd2cf01
----------------- Done invoking toplevel() on ptolemy.moml.MoMLSimpleApplication@7cd2cf01
reloadAllAccessors: .HysteresisWithDefault

===========================================================================================
----------------- testing Fri Feb 28 07:09:01 UTC 2020 /home/travis/build/icyphy/ptII/ptolemy/domains/modal/test/auto/HysteresisWithDefault2.xml
----------------- Instantiating /home/travis/build/icyphy/ptII/ptolemy/domains/modal/test/auto/HysteresisWithDefault2.xml
42 ms. Memory: 239616K Free: 134189K (56%)
----------------- Invoking toplevel() on ptolemy.moml.MoMLSimpleApplication@3fa41aff
----------------- Done invoking toplevel() on ptolemy.moml.MoMLSimpleApplication@3fa41aff
reloadAllAccessors: .HysteresisWithDefault2

===========================================================================================
----------------- testing Fri Feb 28 07:09:01 UTC 2020 /home/travis/build/icyphy/ptII/ptolemy/domains/modal/test/auto/ImmediateNonConstructiveness.xml
----------------- Instantiating /home/travis/build/icyphy/ptII/ptolemy/domains/modal/test/auto/ImmediateNonConstructiveness.xml
2 ms. Memory: 239616K Free: 127021K (53%)
----------------- Invoking toplevel() on ptolemy.moml.MoMLSimpleApplication@12d58ce3
----------------- Done invoking toplevel() on ptolemy.moml.MoMLSimpleApplication@12d58ce3
reloadAllAccessors: .ImmediateNonConstructiveness

===========================================================================================
----------------- testing Fri Feb 28 07:09:01 UTC 2020 /home/travis/build/icyphy/ptII/ptolemy/domains/modal/test/auto/ImmediateNonConstructiveness2.xml
----------------- Instantiating /home/travis/build/icyphy/ptII/ptolemy/domains/modal/test/auto/ImmediateNonConstructiveness2.xml
3 ms. Memory: 239616K Free: 120363K (50%)
----------------- Invoking toplevel() on ptolemy.moml.MoMLSimpleApplication@6edc3f00
----------------- Done invoking toplevel() on ptolemy.moml.MoMLSimpleApplication@6edc3f00
reloadAllAccessors: .ImmediateNonConstructiveness2

===========================================================================================
----------------- testing Fri Feb 28 07:09:01 UTC 2020 /home/travis/build/icyphy/ptII/ptolemy/domains/modal/test/auto/ImmediateTransitionReset.xml
----------------- Instantiating /home/travis/build/icyphy/ptII/ptolemy/domains/modal/test/auto/ImmediateTransitionReset.xml
7 ms. Memory: 239616K Free: 108589K (45%)
----------------- Invoking toplevel() on ptolemy.moml.MoMLSimpleApplication@71c7df83
----------------- Done invoking toplevel() on ptolemy.moml.MoMLSimpleApplication@71c7df83
reloadAllAccessors: .ImmediateTransitionReset

===========================================================================================
----------------- testing Fri Feb 28 07:09:01 UTC 2020 /home/travis/build/icyphy/ptII/ptolemy/domains/modal/test/auto/ImmediateTransitions1.xml
----------------- Instantiating /home/travis/build/icyphy/ptII/ptolemy/domains/modal/test/auto/ImmediateTransitions1.xml
1 ms. Memory: 239616K Free: 103469K (43%)
----------------- Invoking toplevel() on ptolemy.moml.MoMLSimpleApplication@4c3ac15d
----------------- Done invoking toplevel() on ptolemy.moml.MoMLSimpleApplication@4c3ac15d
reloadAllAccessors: .ImmediateTransitions1

===========================================================================================
----------------- testing Fri Feb 28 07:09:01 UTC 2020 /home/travis/build/icyphy/ptII/ptolemy/domains/modal/test/auto/ImmediateTransitionsInstantaneousCommunication.xml
----------------- Instantiating /home/travis/build/icyphy/ptII/ptolemy/domains/modal/test/auto/ImmediateTransitionsInstantaneousCommunication.xml
5 ms. Memory: 239616K Free: 91181K (38%)
----------------- Invoking toplevel() on ptolemy.moml.MoMLSimpleApplication@752f5526
----------------- Done invoking toplevel() on ptolemy.moml.MoMLSimpleApplication@752f5526
reloadAllAccessors: .ImmediateTransitionsInstantaneousCommunication

===========================================================================================
----------------- testing Fri Feb 28 07:09:01 UTC 2020 /home/travis/build/icyphy/ptII/ptolemy/domains/modal/test/auto/InitialImmediateTransition.xml
----------------- Instantiating /home/travis/build/icyphy/ptII/ptolemy/domains/modal/test/auto/InitialImmediateTransition.xml
3 ms. Memory: 239616K Free: 84013K (35%)
----------------- Invoking toplevel() on ptolemy.moml.MoMLSimpleApplication@2e269a8f
----------------- Done invoking toplevel() on ptolemy.moml.MoMLSimpleApplication@2e269a8f
reloadAllAccessors: .InitialImmediateTransition

===========================================================================================
----------------- testing Fri Feb 28 07:09:01 UTC 2020 /home/travis/build/icyphy/ptII/ptolemy/domains/modal/test/auto/InitialOutputs.xml
----------------- Instantiating /home/travis/build/icyphy/ptII/ptolemy/domains/modal/test/auto/InitialOutputs.xml
3 ms. Memory: 239616K Free: 214571K (90%)
----------------- Invoking toplevel() on ptolemy.moml.MoMLSimpleApplication@359f514b
----------------- Done invoking toplevel() on ptolemy.moml.MoMLSimpleApplication@359f514b
reloadAllAccessors: .InitialOutputs

===========================================================================================
----------------- testing Fri Feb 28 07:09:01 UTC 2020 /home/travis/build/icyphy/ptII/ptolemy/domains/modal/test/auto/InitialStateTransition1.xml
----------------- Instantiating /home/travis/build/icyphy/ptII/ptolemy/domains/modal/test/auto/InitialStateTransition1.xml
2 ms. Memory: 239616K Free: 207403K (87%)
----------------- Invoking toplevel() on ptolemy.moml.MoMLSimpleApplication@5a743117
----------------- Done invoking toplevel() on ptolemy.moml.MoMLSimpleApplication@5a743117
reloadAllAccessors: .InitialStateTransition1

===========================================================================================
----------------- testing Fri Feb 28 07:09:01 UTC 2020 /home/travis/build/icyphy/ptII/ptolemy/domains/modal/test/auto/InitialStateTransition2.xml
----------------- Instantiating /home/travis/build/icyphy/ptII/ptolemy/domains/modal/test/auto/InitialStateTransition2.xml
.InitialStateTransition2.TestExceptionAttributeNonConstructive: initialize() was not invoked, but wrapup() was.  This is unusual, but not always a problem.  For example, exporting JNLP will do this.
3 ms. Memory: 239616K Free: 200235K (84%)
----------------- Invoking toplevel() on ptolemy.moml.MoMLSimpleApplication@490029ad
----------------- Done invoking toplevel() on ptolemy.moml.MoMLSimpleApplication@490029ad
reloadAllAccessors: .InitialStateTransition2

===========================================================================================
----------------- testing Fri Feb 28 07:09:01 UTC 2020 /home/travis/build/icyphy/ptII/ptolemy/domains/modal/test/auto/InitialStateTransition3.xml
----------------- Instantiating /home/travis/build/icyphy/ptII/ptolemy/domains/modal/test/auto/InitialStateTransition3.xml
3 ms. Memory: 239616K Free: 192043K (80%)
----------------- Invoking toplevel() on ptolemy.moml.MoMLSimpleApplication@219426d0
----------------- Done invoking toplevel() on ptolemy.moml.MoMLSimpleApplication@219426d0
reloadAllAccessors: .InitialStateTransition3

===========================================================================================
----------------- testing Fri Feb 28 07:09:01 UTC 2020 /home/travis/build/icyphy/ptII/ptolemy/domains/modal/test/auto/InitialStateTransition4.xml
----------------- Instantiating /home/travis/build/icyphy/ptII/ptolemy/domains/modal/test/auto/InitialStateTransition4.xml
3 ms. Memory: 239616K Free: 182317K (76%)
----------------- Invoking toplevel() on ptolemy.moml.MoMLSimpleApplication@1b286d9e
----------------- Done invoking toplevel() on ptolemy.moml.MoMLSimpleApplication@1b286d9e
[...]
reloadAllAccessors: .TerminationTransition3

===========================================================================================
----------------- testing Fri Feb 28 07:09:03 UTC 2020 /home/travis/build/icyphy/ptII/ptolemy/domains/modal/test/auto/TerminationTransition4.xml
----------------- Instantiating /home/travis/build/icyphy/ptII/ptolemy/domains/modal/test/auto/TerminationTransition4.xml
6 ms. Memory: 312320K Free: 122823K (39%)
----------------- Invoking toplevel() on ptolemy.moml.MoMLSimpleApplication@79eb3eb8
----------------- Done invoking toplevel() on ptolemy.moml.MoMLSimpleApplication@79eb3eb8
reloadAllAccessors: .TerminationTransition4

===========================================================================================
----------------- testing Fri Feb 28 07:09:03 UTC 2020 /home/travis/build/icyphy/ptII/ptolemy/domains/modal/test/auto/TerminationTransition5.xml
----------------- Instantiating /home/travis/build/icyphy/ptII/ptolemy/domains/modal/test/auto/TerminationTransition5.xml
13 ms. Memory: 312320K Free: 291908K (93%)
----------------- Invoking toplevel() on ptolemy.moml.MoMLSimpleApplication@83b9c91
----------------- Done invoking toplevel() on ptolemy.moml.MoMLSimpleApplication@83b9c91
reloadAllAccessors: .TerminationTransition5

===========================================================================================
----------------- testing Fri Feb 28 07:09:03 UTC 2020 /home/travis/build/icyphy/ptII/ptolemy/domains/modal/test/auto/TerminationTransition6.xml
----------------- Instantiating /home/travis/build/icyphy/ptII/ptolemy/domains/modal/test/auto/TerminationTransition6.xml
1 ms. Memory: 312320K Free: 283206K (91%)
----------------- Invoking toplevel() on ptolemy.moml.MoMLSimpleApplication@1bac9e76
----------------- Done invoking toplevel() on ptolemy.moml.MoMLSimpleApplication@1bac9e76
reloadAllAccessors: .TerminationTransition6

===========================================================================================
----------------- testing Fri Feb 28 07:09:03 UTC 2020 /home/travis/build/icyphy/ptII/ptolemy/domains/modal/test/auto/TerminationTransition7.xml
----------------- Instantiating /home/travis/build/icyphy/ptII/ptolemy/domains/modal/test/auto/TerminationTransition7.xml
3 ms. Memory: 312320K Free: 273476K (88%)
----------------- Invoking toplevel() on ptolemy.moml.MoMLSimpleApplication@72afe40f
----------------- Done invoking toplevel() on ptolemy.moml.MoMLSimpleApplication@72afe40f
reloadAllAccessors: .TerminationTransition7

===========================================================================================
----------------- testing Fri Feb 28 07:09:03 UTC 2020 /home/travis/build/icyphy/ptII/ptolemy/domains/modal/test/auto/TerminationTransition8.xml
----------------- Instantiating /home/travis/build/icyphy/ptII/ptolemy/domains/modal/test/auto/TerminationTransition8.xml
2 ms. Memory: 312320K Free: 264260K (85%)
----------------- Invoking toplevel() on ptolemy.moml.MoMLSimpleApplication@41ad9619
----------------- Done invoking toplevel() on ptolemy.moml.MoMLSimpleApplication@41ad9619
reloadAllAccessors: .TerminationTransition8

===========================================================================================
----------------- testing Fri Feb 28 07:09:03 UTC 2020 /home/travis/build/icyphy/ptII/ptolemy/domains/modal/test/auto/Thermostat_NoHysteresis.xml
----------------- Instantiating /home/travis/build/icyphy/ptII/ptolemy/domains/modal/test/auto/Thermostat_NoHysteresis.xml
23 ms. Memory: 312320K Free: 239678K (77%)
----------------- Invoking toplevel() on ptolemy.moml.MoMLSimpleApplication@51a0d523
----------------- Done invoking toplevel() on ptolemy.moml.MoMLSimpleApplication@51a0d523
reloadAllAccessors: .Thermostat_NoHysteresis

===========================================================================================
----------------- testing Fri Feb 28 07:09:03 UTC 2020 /home/travis/build/icyphy/ptII/ptolemy/domains/modal/test/auto/TimedFSM.xml
----------------- Instantiating /home/travis/build/icyphy/ptII/ptolemy/domains/modal/test/auto/TimedFSM.xml
9 ms. Memory: 312320K Free: 227910K (73%)
----------------- Invoking toplevel() on ptolemy.moml.MoMLSimpleApplication@248289f5
----------------- Done invoking toplevel() on ptolemy.moml.MoMLSimpleApplication@248289f5
reloadAllAccessors: .TimedFSM

===========================================================================================
----------------- testing Fri Feb 28 07:09:03 UTC 2020 /home/travis/build/icyphy/ptII/ptolemy/domains/modal/test/auto/Timeout1.xml
----------------- Instantiating /home/travis/build/icyphy/ptII/ptolemy/domains/modal/test/auto/Timeout1.xml
4 ms. Memory: 312320K Free: 222262K (71%)
----------------- Invoking toplevel() on ptolemy.moml.MoMLSimpleApplication@6f224835
----------------- Done invoking toplevel() on ptolemy.moml.MoMLSimpleApplication@6f224835
reloadAllAccessors: .Timeout1

===========================================================================================
----------------- testing Fri Feb 28 07:09:03 UTC 2020 /home/travis/build/icyphy/ptII/ptolemy/domains/modal/test/auto/Timeout2.xml
----------------- Instantiating /home/travis/build/icyphy/ptII/ptolemy/domains/modal/test/auto/Timeout2.xml
7 ms. Memory: 312320K Free: 213574K (68%)
----------------- Invoking toplevel() on ptolemy.moml.MoMLSimpleApplication@430e31c1
----------------- Done invoking toplevel() on ptolemy.moml.MoMLSimpleApplication@430e31c1
reloadAllAccessors: .Timeout2

===========================================================================================
----------------- testing Fri Feb 28 07:09:03 UTC 2020 /home/travis/build/icyphy/ptII/ptolemy/domains/modal/test/auto/Timeout3.xml
----------------- Instantiating /home/travis/build/icyphy/ptII/ptolemy/domains/modal/test/auto/Timeout3.xml
2 ms. Memory: 312320K Free: 208454K (67%)
----------------- Invoking toplevel() on ptolemy.moml.MoMLSimpleApplication@3f23c9eb
----------------- Done invoking toplevel() on ptolemy.moml.MoMLSimpleApplication@3f23c9eb
reloadAllAccessors: .Timeout3

===========================================================================================
----------------- testing Fri Feb 28 07:09:03 UTC 2020 /home/travis/build/icyphy/ptII/ptolemy/domains/modal/test/auto/Timeout4.xml
----------------- Instantiating /home/travis/build/icyphy/ptII/ptolemy/domains/modal/test/auto/Timeout4.xml
2 ms. Memory: 312320K Free: 203334K (65%)
----------------- Invoking toplevel() on ptolemy.moml.MoMLSimpleApplication@162f8b05
----------------- Done invoking toplevel() on ptolemy.moml.MoMLSimpleApplication@162f8b05
reloadAllAccessors: .Timeout4

===========================================================================================
----------------- testing Fri Feb 28 07:09:03 UTC 2020 /home/travis/build/icyphy/ptII/ptolemy/domains/modal/test/auto/TransientstateModelAdvanced.xml
----------------- Instantiating /home/travis/build/icyphy/ptII/ptolemy/domains/modal/test/auto/TransientstateModelAdvanced.xml
3 ms. Memory: 312320K Free: 191046K (61%)
----------------- Invoking toplevel() on ptolemy.moml.MoMLSimpleApplication@79c1f2a2
----------------- Done invoking toplevel() on ptolemy.moml.MoMLSimpleApplication@79c1f2a2
reloadAllAccessors: .TransientstateModelAdvanced

===========================================================================================
----------------- testing Fri Feb 28 07:09:03 UTC 2020 /home/travis/build/icyphy/ptII/ptolemy/domains/modal/test/auto/TransientstateModelAdvanced2.xml
----------------- Instantiating /home/travis/build/icyphy/ptII/ptolemy/domains/modal/test/auto/TransientstateModelAdvanced2.xml
2 ms. Memory: 312320K Free: 176710K (57%)
----------------- Invoking toplevel() on ptolemy.moml.MoMLSimpleApplication@246f6044
----------------- Done invoking toplevel() on ptolemy.moml.MoMLSimpleApplication@246f6044
reloadAllAccessors: .transientstatemodelAdvanced

===========================================================================================
----------------- testing Fri Feb 28 07:09:03 UTC 2020 /home/travis/build/icyphy/ptII/ptolemy/domains/modal/test/auto/TransitionRefinements.xml
----------------- Instantiating /home/travis/build/icyphy/ptII/ptolemy/domains/modal/test/auto/TransitionRefinements.xml
8 ms. Memory: 312320K Free: 166966K (53%)
----------------- Invoking toplevel() on ptolemy.moml.MoMLSimpleApplication@19a2e9f7
----------------- Done invoking toplevel() on ptolemy.moml.MoMLSimpleApplication@19a2e9f7
reloadAllAccessors: .TransitionRefinements

===========================================================================================
----------------- testing Fri Feb 28 07:09:03 UTC 2020 /home/travis/build/icyphy/ptII/ptolemy/domains/modal/test/auto/TwoRefinements1.xml
----------------- Instantiating /home/travis/build/icyphy/ptII/ptolemy/domains/modal/test/auto/TwoRefinements1.xml
3 ms. Memory: 312320K Free: 156740K (50%)
----------------- Invoking toplevel() on ptolemy.moml.MoMLSimpleApplication@2f4f571c
----------------- Done invoking toplevel() on ptolemy.moml.MoMLSimpleApplication@2f4f571c
reloadAllAccessors: .TwoRefinements1

===========================================================================================
----------------- testing Fri Feb 28 07:09:04 UTC 2020 /home/travis/build/icyphy/ptII/ptolemy/domains/modal/test/auto/TwoRefinements2.xml
----------------- Instantiating /home/travis/build/icyphy/ptII/ptolemy/domains/modal/test/auto/TwoRefinements2.xml
2 ms. Memory: 312320K Free: 147014K (47%)
----------------- Invoking toplevel() on ptolemy.moml.MoMLSimpleApplication@420818f6
----------------- Done invoking toplevel() on ptolemy.moml.MoMLSimpleApplication@420818f6
reloadAllAccessors: .TwoRefinements2

===========================================================================================
----------------- testing Fri Feb 28 07:09:04 UTC 2020 /home/travis/build/icyphy/ptII/ptolemy/domains/modal/test/auto/WeakImmediateTransition.xml
----------------- Instantiating /home/travis/build/icyphy/ptII/ptolemy/domains/modal/test/auto/WeakImmediateTransition.xml
3 ms. Memory: 312320K Free: 138308K (44%)
----------------- Invoking toplevel() on ptolemy.moml.MoMLSimpleApplication@4c9e9d5e
----------------- Done invoking toplevel() on ptolemy.moml.MoMLSimpleApplication@4c9e9d5e
reloadAllAccessors: .WeakImmediateTransition

===========================================================================================
----------------- testing Fri Feb 28 07:09:04 UTC 2020 /home/travis/build/icyphy/ptII/ptolemy/domains/modal/test/auto/booleanSelect.xml
----------------- Instantiating /home/travis/build/icyphy/ptII/ptolemy/domains/modal/test/auto/booleanSelect.xml
38 ms. Memory: 312320K Free: 119870K (38%)
----------------- Invoking toplevel() on ptolemy.moml.MoMLSimpleApplication@6894c57e
----------------- Done invoking toplevel() on ptolemy.moml.MoMLSimpleApplication@6894c57e
reloadAllAccessors: .booleanSelect

===========================================================================================
----------------- testing Fri Feb 28 07:09:04 UTC 2020 /home/travis/build/icyphy/ptII/ptolemy/domains/modal/test/auto/modalChangingParams.xml
----------------- Instantiating /home/travis/build/icyphy/ptII/ptolemy/domains/modal/test/auto/modalChangingParams.xml
0
1
0
2
4
6
8
7
0
2
4
6
8
13
0
2
4
6
8
19
0
2
4
6
8
25
0
2
4
6
8
31
0
2
4
6
8
37
0
2
4
6
8
43
0
2
4
6
8
49
0
2
4
6
8
55
0
2
4
6
8
61
0
2
4
6
8
67
0
2
4
6
8
73
0
2
4
6
8
79
0
2
4
6
8
85
0
2
4
6
8
91
0
2
4
6
8
97
0
2
4
6
8
103
0
2
4
6
8
109
0
2
4
6
8
115
0
2
4
6
8
121
0
2
4
6
8
127
0
2
4
6
8
133
0
2
4
6
8
139
0
2
4
6
8
145
0
2
4
6
8
151
0
2
4
6
8
157
0
2
4
6
8
163
0
2
4
6
8
169
0
2
4
6
8
175
0
2
4
6
8
181
0
2
4
6
8
187
0
2
4
6
8
193
0
2
4
6
8
199
0
2
4
6
8
205
0
2
4
6
8
211
0
2
4
6
8
217
0
2
4
6
8
223
0
2
4
6
8
229
0
2
4
6
8
235
0
2
4
6
8
241
0
2
4
6
8
247
0
2
4
6
8
253
0
2
4
6
8
259
0
2
4
6
8
265
0
2
4
6
8
271
0
2
4
6
8
277
0
2
4
6
8
283
0
2
4
6
8
289
0
2
4
6
8
295
0
2
4
6
8
301
0
2
4
6
8
307
0
2
4
6
8
313
0
2
4
6
8
319
0
2
4
6
8
325
0
2
4
6
8
331
0
2
4
6
8
337
0
2
4
6
8
343
0
2
4
6
8
349
0
2
4
6
8
355
0
2
4
6
8
361
0
2
4
6
8
367
0
2
4
6
8
373
0
2
4
6
8
379
0
2
4
6
8
385
0
2
4
6
8
391
0
2
4
6
8
397
0
2
4
6
8
403
0
2
4
6
8
409
0
2
4
6
8
415
0
2
4
6
8
421
0
2
4
6
8
427
0
2
4
6
8
433
0
2
4
6
8
439
0
2
4
6
8
445
0
2
4
6
8
451
0
2
4
6
8
457
0
2
4
6
8
463
0
2
4
6
8
469
0
2
4
6
8
475
0
2
4
6
8
481
0
2
4
6
8
487
0
2
4
6
8
493
0
2
4
6
8
499
0
2
4
6
8
505
0
2
4
6
8
511
0
2
4
6
8
517
0
2
4
6
8
523
0
2
4
6
8
529
0
2
4
6
8
535
0
2
4
6
8
541
0
2
4
6
8
547
0
2
4
6
8
553
0
2
4
6
8
559
0
2
4
6
8
565
0
2
4
6
8
571
0
2
4
6
8
577
0
2
4
6
8
583
0
2
4
6
8
589
0
2
4
6
8
595
0
2
4
6
8
601
0
2
4
6
8
607
0
2
4
6
8
613
0
2
4
6
8
619
0
2
4
6
8
625
0
2
4
6
8
631
0
2
4
6
8
637
0
2
4
6
8
643
0
2
4
6
8
649
0
2
4
6
8
655
0
2
4
6
8
661
0
2
4
6
8
667
0
2
4
6
8
673
0
2
4
6
8
679
0
2
4
6
8
685
0
2
4
6
8
691
0
2
4
6
8
697
0
2
4
6
8
703
0
2
4
6
8
709
0
2
4
6
8
715
0
2
4
6
8
721
0
2
4
6
8
727
0
2
4
6
8
733
0
2
4
6
8
739
0
2
4
6
8
745
0
2
4
6
8
751
0
2
4
6
8
757
0
2
4
6
8
763
0
2
4
6
8
769
0
2
4
6
8
775
0
2
4
6
8
781
0
2
4
6
8
787
0
2
4
6
8
793
0
2
4
6
8
799
0
2
4
6
8
805
0
2
4
6
8
811
0
2
4
6
8
817
0
2
4
6
8
823
0
2
4
6
8
829
0
2
4
6
8
835
0
2
4
6
8
841
0
2
4
6
8
847
0
2
4
6
8
853
0
2
4
6
8
859
0
2
4
6
8
865
0
2
4
6
8
871
0
2
4
6
8
877
0
2
4
6
8
883
0
2
4
6
8
889
0
2
4
6
8
895
0
2
4
6
8
901
0
2
4
6
8
907
0
2
4
6
8
913
0
2
4
6
8
919
0
2
4
6
8
925
0
2
4
6
8
931
0
2
4
6
8
937
0
2
4
6
8
943
0
2
4
6
8
949
0
2
4
6
8
955
0
2
4
6
8
961
0
2
4
6
8
967
0
2
4
6
8
973
0
2
4
6
8
979
0
2
4
6
8
985
0
2
4
6
8
991
0
2
4
6
8
997
0
2
266 ms. Memory: 312320K Free: 189693K (61%)
----------------- Invoking toplevel() on ptolemy.moml.MoMLSimpleApplication@46de7b84
----------------- Done invoking toplevel() on ptolemy.moml.MoMLSimpleApplication@46de7b84
reloadAllAccessors: .modalChangingParams

===========================================================================================
----------------- testing Fri Feb 28 07:09:04 UTC 2020 /home/travis/build/icyphy/ptII/ptolemy/domains/modal/test/auto/modalModel.xml
----------------- Instantiating /home/travis/build/icyphy/ptII/ptolemy/domains/modal/test/auto/modalModel.xml
6 ms. Memory: 312320K Free: 180880K (58%)
----------------- Invoking toplevel() on ptolemy.moml.MoMLSimpleApplication@4130b29
----------------- Done invoking toplevel() on ptolemy.moml.MoMLSimpleApplication@4130b29
reloadAllAccessors: .modalModel

===========================================================================================
----------------- testing Fri Feb 28 07:09:04 UTC 2020 /home/travis/build/icyphy/ptII/ptolemy/domains/modal/test/auto/modalModel2.xml
----------------- Instantiating /home/travis/build/icyphy/ptII/ptolemy/domains/modal/test/auto/modalModel2.xml
11 ms. Memory: 312320K Free: 170130K (54%)
----------------- Invoking toplevel() on ptolemy.moml.MoMLSimpleApplication@406ad2aa
----------------- Done invoking toplevel() on ptolemy.moml.MoMLSimpleApplication@406ad2aa
reloadAllAccessors: .modalModel2

===========================================================================================
----------------- testing Fri Feb 28 07:09:04 UTC 2020 /home/travis/build/icyphy/ptII/ptolemy/domains/modal/test/auto/modalModel3.xml
----------------- Instantiating /home/travis/build/icyphy/ptII/ptolemy/domains/modal/test/auto/modalModel3.xml
0	0	0
1	0	1
4	2	2
7	4	3
10	6	4
5	0	5
8	2	6
11	4	7
14	6	8
9	0	9
12	2	10
15	4	11
18	6	12
13	0	13
16	2	14
16 ms. Memory: 312320K Free: 155280K (50%)
----------------- Invoking toplevel() on ptolemy.moml.MoMLSimpleApplication@195cfca1
----------------- Done invoking toplevel() on ptolemy.moml.MoMLSimpleApplication@195cfca1
reloadAllAccessors: .modalModel3

===========================================================================================
----------------- testing Fri Feb 28 07:09:04 UTC 2020 /home/travis/build/icyphy/ptII/ptolemy/domains/modal/test/auto/model1.xml
----------------- Instantiating /home/travis/build/icyphy/ptII/ptolemy/domains/modal/test/auto/model1.xml
10 ms. Memory: 312320K Free: 149650K (48%)
----------------- Invoking toplevel() on ptolemy.moml.MoMLSimpleApplication@739460ae
----------------- Done invoking toplevel() on ptolemy.moml.MoMLSimpleApplication@739460ae
reloadAllAccessors: .model1

===========================================================================================
----------------- testing Fri Feb 28 07:09:04 UTC 2020 /home/travis/build/icyphy/ptII/ptolemy/domains/modal/test/auto/test-direct-in-out.xml
----------------- Instantiating /home/travis/build/icyphy/ptII/ptolemy/domains/modal/test/auto/test-direct-in-out.xml
5 ms. Memory: 312320K Free: 141962K (45%)
----------------- Invoking toplevel() on ptolemy.moml.MoMLSimpleApplication@43171c48
----------------- Done invoking toplevel() on ptolemy.moml.MoMLSimpleApplication@43171c48
reloadAllAccessors: .test-direct-in-out
AutoTests.java: About to close Vertx.
AutoTests.java: Vertx closed.
]]></system-out>
  <system-err><![CDATA[java.lang.RuntimeException: Execution failed
	at ptolemy.moml.MoMLSimpleApplication$UnloadThread.run(MoMLSimpleApplication.java:402)
Caused by: ptolemy.kernel.util.IllegalActionException: Unknown inputs remain. Possible causality loop:
L_model_1893289564i

  in .CannotAnalysisWithPreemption.model_1893289564_region_1 and .CannotAnalysisWithPreemption.model_1893289564_region_1.L_model_1893289564i
	at ptolemy.actor.sched.FixedPointDirector.postfire(FixedPointDirector.java:515)
	at ptolemy.domains.sr.kernel.SRDirector.postfire(SRDirector.java:417)
	at ptolemy.actor.CompositeActor.postfire(CompositeActor.java:1668)
	at ptolemy.actor.Manager.iterate(Manager.java:852)
	at ptolemy.actor.Manager.execute(Manager.java:369)
	at ptolemy.actor.Manager.run(Manager.java:1263)
	at ptolemy.actor.Manager$PtolemyRunThread.run(Manager.java:1933)
java.lang.reflect.InvocationTargetException
	at java.base/jdk.internal.reflect.NativeConstructorAccessorImpl.newInstance0(Native Method)
	at java.base/jdk.internal.reflect.NativeConstructorAccessorImpl.newInstance(NativeConstructorAccessorImpl.java:62)
	at java.base/jdk.internal.reflect.DelegatingConstructorAccessorImpl.newInstance(DelegatingConstructorAccessorImpl.java:45)
	at java.base/java.lang.reflect.Constructor.newInstance(Constructor.java:490)
	at ptolemy.util.test.junit.AutoKnownFailedTests.RunModel(AutoKnownFailedTests.java:105)
	at java.base/jdk.internal.reflect.NativeMethodAccessorImpl.invoke0(Native Method)
	at java.base/jdk.internal.reflect.NativeMethodAccessorImpl.invoke(NativeMethodAccessorImpl.java:62)
	at java.base/jdk.internal.reflect.DelegatingMethodAccessorImpl.invoke(DelegatingMethodAccessorImpl.java:43)
	at java.base/java.lang.reflect.Method.invoke(Method.java:566)
	at org.junit.runners.model.FrameworkMethod$1.runReflectiveCall(FrameworkMethod.java:44)
	at org.junit.internal.runners.model.ReflectiveCallable.run(ReflectiveCallable.java:15)
	at org.junit.runners.model.FrameworkMethod.invokeExplosively(FrameworkMethod.java:41)
	at junitparams.internal.InvokeParameterisedMethod.evaluate(InvokeParameterisedMethod.java:102)
	at org.junit.internal.runners.statements.FailOnTimeout$1.run(FailOnTimeout.java:28)
Caused by: ptolemy.kernel.util.IllegalActionException: Unknown inputs remain. Possible causality loop:
L_model_1893289564i

  in .CannotAnalysisWithPreemption.model_1893289564_region_1 and .CannotAnalysisWithPreemption.model_1893289564_region_1.L_model_1893289564i
	at ptolemy.actor.sched.FixedPointDirector.postfire(FixedPointDirector.java:515)
	at ptolemy.domains.sr.kernel.SRDirector.postfire(SRDirector.java:417)
	at ptolemy.actor.CompositeActor.postfire(CompositeActor.java:1668)
	at ptolemy.actor.Manager.iterate(Manager.java:852)
	at ptolemy.actor.Manager.execute(Manager.java:369)
	at ptolemy.actor.Manager.run(Manager.java:1263)
	at ptolemy.actor.Manager$PtolemyRunThread.run(Manager.java:1933)
]]></system-err>
</testsuite>
