<?xml version="1.0" encoding="UTF-8" ?>
<testsuite errors="1" failures="0" hostname="travis-job-19102335-2aae-4d28-87be-e6963195a3de" name="ptolemy.domains.continuous.test.junit.JUnitTclTest" skipped="0" tests="156" time="69.059" timestamp="2019-12-19T06:26:19">
  <properties>
[...]
</properties>
  <testcase classname="ptolemy.util.test.junit.TclTests" name="[0] ThereAreNoTclTests (RunTclFile)" time="0.016" />
  <testcase classname="ptolemy.util.test.junit.AutoKnownFailedTests" name="[0] ThereAreNoKnowFailedTests (RunModel)" time="0.004" />
  <testcase classname="ptolemy.util.test.junit.AutoNameArchTests" name="[0] ThereAreNoAutoArchTests (RunModel)" time="0.011" />
  <testcase classname="ptolemy.util.test.junit.AutoTests" name="[0] /home/travis/build/icyphy/ptII/ptolemy/domains/continuous/test/auto/BouncingBall.xml (RunModel)" time="2.957" />
  <testcase classname="ptolemy.util.test.junit.AutoTests" name="[1] /home/travis/build/icyphy/ptII/ptolemy/domains/continuous/test/auto/BouncingBallWithoutGR.xml (RunModel)" time="0.953" />
  <testcase classname="ptolemy.util.test.junit.AutoTests" name="[2] /home/travis/build/icyphy/ptII/ptolemy/domains/continuous/test/auto/Brownian.xml (RunModel)" time="0.089" />
  <testcase classname="ptolemy.util.test.junit.AutoTests" name="[3] /home/travis/build/icyphy/ptII/ptolemy/domains/continuous/test/auto/CarTracking.xml (RunModel)" time="4.232" />
  <testcase classname="ptolemy.util.test.junit.AutoTests" name="[4] /home/travis/build/icyphy/ptII/ptolemy/domains/continuous/test/auto/CartPendulum.xml (RunModel)" time="0.505" />
  <testcase classname="ptolemy.util.test.junit.AutoTests" name="[5] /home/travis/build/icyphy/ptII/ptolemy/domains/continuous/test/auto/CausalityInterface10.xml (RunModel)" time="0.056" />
  <testcase classname="ptolemy.util.test.junit.AutoTests" name="[6] /home/travis/build/icyphy/ptII/ptolemy/domains/continuous/test/auto/CausalityInterface11.xml (RunModel)" time="0.034" />
  <testcase classname="ptolemy.util.test.junit.AutoTests" name="[7] /home/travis/build/icyphy/ptII/ptolemy/domains/continuous/test/auto/CausalityInterface12.xml (RunModel)" time="0.039" />
  <testcase classname="ptolemy.util.test.junit.AutoTests" name="[8] /home/travis/build/icyphy/ptII/ptolemy/domains/continuous/test/auto/CausalityInterface13.xml (RunModel)" time="0.036" />
  <testcase classname="ptolemy.util.test.junit.AutoTests" name="[9] /home/travis/build/icyphy/ptII/ptolemy/domains/continuous/test/auto/CausalityInterface14.xml (RunModel)" time="0.023" />
  <testcase classname="ptolemy.util.test.junit.AutoTests" name="[10] /home/travis/build/icyphy/ptII/ptolemy/domains/continuous/test/auto/CausalityInterface4.xml (RunModel)" time="0.039" />
  <testcase classname="ptolemy.util.test.junit.AutoTests" name="[11] /home/travis/build/icyphy/ptII/ptolemy/domains/continuous/test/auto/CausalityInterface5.xml (RunModel)" time="0.068" />
  <testcase classname="ptolemy.util.test.junit.AutoTests" name="[12] /home/travis/build/icyphy/ptII/ptolemy/domains/continuous/test/auto/CausalityInterface6.xml (RunModel)" time="0.021" />
  <testcase classname="ptolemy.util.test.junit.AutoTests" name="[13] /home/travis/build/icyphy/ptII/ptolemy/domains/continuous/test/auto/CausalityInterface7.xml (RunModel)" time="0.039" />
  <testcase classname="ptolemy.util.test.junit.AutoTests" name="[14] /home/travis/build/icyphy/ptII/ptolemy/domains/continuous/test/auto/CausalityInterface8.xml (RunModel)" time="0.043" />
  <testcase classname="ptolemy.util.test.junit.AutoTests" name="[15] /home/travis/build/icyphy/ptII/ptolemy/domains/continuous/test/auto/CausalityInterface9.xml (RunModel)" time="0.043" />
  <testcase classname="ptolemy.util.test.junit.AutoTests" name="[16] /home/travis/build/icyphy/ptII/ptolemy/domains/continuous/test/auto/CausalityInterfaceFeedback1.xml (RunModel)" time="0.025" />
  <testcase classname="ptolemy.util.test.junit.AutoTests" name="[17] /home/travis/build/icyphy/ptII/ptolemy/domains/continuous/test/auto/CausalityInterfaceFeedback2.xml (RunModel)" time="0.036" />
  <testcase classname="ptolemy.util.test.junit.AutoTests" name="[18] /home/travis/build/icyphy/ptII/ptolemy/domains/continuous/test/auto/CompareWithCurrentTime.xml (RunModel)" time="0.021" />
  <testcase classname="ptolemy.util.test.junit.AutoTests" name="[19] /home/travis/build/icyphy/ptII/ptolemy/domains/continuous/test/auto/ComparedClocks.xml (RunModel)" time="0.071" />
  <testcase classname="ptolemy.util.test.junit.AutoTests" name="[20] /home/travis/build/icyphy/ptII/ptolemy/domains/continuous/test/auto/ContinuousAOCClone.xml (RunModel)" time="2.608" />
  <testcase classname="ptolemy.util.test.junit.AutoTests" name="[21] /home/travis/build/icyphy/ptII/ptolemy/domains/continuous/test/auto/ContinuousClock.xml (RunModel)" time="0.089" />
  <testcase classname="ptolemy.util.test.junit.AutoTests" name="[22] /home/travis/build/icyphy/ptII/ptolemy/domains/continuous/test/auto/ContinuousInContinuous.xml (RunModel)" time="0.098" />
  <testcase classname="ptolemy.util.test.junit.AutoTests" name="[23] /home/travis/build/icyphy/ptII/ptolemy/domains/continuous/test/auto/ContinuousInContinuousInContinuous.xml (RunModel)" time="0.029" />
  <testcase classname="ptolemy.util.test.junit.AutoTests" name="[24] /home/travis/build/icyphy/ptII/ptolemy/domains/continuous/test/auto/ContinuousInDE.xml (RunModel)" time="0.081" />
  <testcase classname="ptolemy.util.test.junit.AutoTests" name="[25] /home/travis/build/icyphy/ptII/ptolemy/domains/continuous/test/auto/ContinuousInDE2.xml (RunModel)" time="0.05" />
  <testcase classname="ptolemy.util.test.junit.AutoTests" name="[26] /home/travis/build/icyphy/ptII/ptolemy/domains/continuous/test/auto/ContinuousInDE3.xml (RunModel)" time="0.053" />
  <testcase classname="ptolemy.util.test.junit.AutoTests" name="[27] /home/travis/build/icyphy/ptII/ptolemy/domains/continuous/test/auto/ContinuousInDE4.xml (RunModel)" time="0.027" />
  <testcase classname="ptolemy.util.test.junit.AutoTests" name="[28] /home/travis/build/icyphy/ptII/ptolemy/domains/continuous/test/auto/ContinuousInDEDifferentRefinements.xml (RunModel)" time="0.085" />
  <testcase classname="ptolemy.util.test.junit.AutoTests" name="[29] /home/travis/build/icyphy/ptII/ptolemy/domains/continuous/test/auto/ContinuousInDEDifferentRefinementsPreemptive.xml (RunModel)" time="0.089" />
  <testcase classname="ptolemy.util.test.junit.AutoTests" name="[30] /home/travis/build/icyphy/ptII/ptolemy/domains/continuous/test/auto/ContinuousInDEInContinuous2.xml (RunModel)" time="0.057" />
  <testcase classname="ptolemy.util.test.junit.AutoTests" name="[31] /home/travis/build/icyphy/ptII/ptolemy/domains/continuous/test/auto/ContinuousInDEInContinuous3.xml (RunModel)" time="0.058" />
  <testcase classname="ptolemy.util.test.junit.AutoTests" name="[32] /home/travis/build/icyphy/ptII/ptolemy/domains/continuous/test/auto/ContinuousInDEInput.xml (RunModel)" time="0.034" />
  <testcase classname="ptolemy.util.test.junit.AutoTests" name="[33] /home/travis/build/icyphy/ptII/ptolemy/domains/continuous/test/auto/ContinuousInDEInput2.xml (RunModel)" time="0.028" />
  <testcase classname="ptolemy.util.test.junit.AutoTests" name="[34] /home/travis/build/icyphy/ptII/ptolemy/domains/continuous/test/auto/ContinuousInDEInput3.xml (RunModel)" time="0.033" />
  <testcase classname="ptolemy.util.test.junit.AutoTests" name="[35] /home/travis/build/icyphy/ptII/ptolemy/domains/continuous/test/auto/ContinuousInDESharingRefinement.xml (RunModel)" time="0.178" />
  <testcase classname="ptolemy.util.test.junit.AutoTests" name="[36] /home/travis/build/icyphy/ptII/ptolemy/domains/continuous/test/auto/ContinuousInDEwithNoPorts.xml (RunModel)" time="0.018" />
  <testcase classname="ptolemy.util.test.junit.AutoTests" name="[37] /home/travis/build/icyphy/ptII/ptolemy/domains/continuous/test/auto/ContinuousInsideDE.xml (RunModel)" time="0.074" />
  <testcase classname="ptolemy.util.test.junit.AutoTests" name="[38] /home/travis/build/icyphy/ptII/ptolemy/domains/continuous/test/auto/ContinuousMerge1.xml (RunModel)" time="0.024" />
  <testcase classname="ptolemy.util.test.junit.AutoTests" name="[39] /home/travis/build/icyphy/ptII/ptolemy/domains/continuous/test/auto/ContinuousMerge2.xml (RunModel)" time="0.048" />
  <testcase classname="ptolemy.util.test.junit.AutoTests" name="[40] /home/travis/build/icyphy/ptII/ptolemy/domains/continuous/test/auto/ContinuousMerge3.xml (RunModel)" time="0.063" />
  <testcase classname="ptolemy.util.test.junit.AutoTests" name="[41] /home/travis/build/icyphy/ptII/ptolemy/domains/continuous/test/auto/ContinuousWithinContinuous.xml (RunModel)" time="0.043" />
  <testcase classname="ptolemy.util.test.junit.AutoTests" name="[42] /home/travis/build/icyphy/ptII/ptolemy/domains/continuous/test/auto/ContinuousWithinContinuous2.xml (RunModel)" time="0.066" />
  <testcase classname="ptolemy.util.test.junit.AutoTests" name="[43] /home/travis/build/icyphy/ptII/ptolemy/domains/continuous/test/auto/ContinuousWithinContinuous3.xml (RunModel)" time="0.028" />
  <testcase classname="ptolemy.util.test.junit.AutoTests" name="[44] /home/travis/build/icyphy/ptII/ptolemy/domains/continuous/test/auto/ContinuousWithinContinuous4.xml (RunModel)" time="0.068" />
  <testcase classname="ptolemy.util.test.junit.AutoTests" name="[45] /home/travis/build/icyphy/ptII/ptolemy/domains/continuous/test/auto/ContinuousWithinContinuous5.xml (RunModel)" time="0.026" />
  <testcase classname="ptolemy.util.test.junit.AutoTests" name="[46] /home/travis/build/icyphy/ptII/ptolemy/domains/continuous/test/auto/ContinuousWithinContinuous6.xml (RunModel)" time="0.029" />
  <testcase classname="ptolemy.util.test.junit.AutoTests" name="[47] /home/travis/build/icyphy/ptII/ptolemy/domains/continuous/test/auto/ContinuousWithinContinuous7.xml (RunModel)" time="0.069" />
  <testcase classname="ptolemy.util.test.junit.AutoTests" name="[48] /home/travis/build/icyphy/ptII/ptolemy/domains/continuous/test/auto/DCMotor.xml (RunModel)" time="12.329" />
  <testcase classname="ptolemy.util.test.junit.AutoTests" name="[49] /home/travis/build/icyphy/ptII/ptolemy/domains/continuous/test/auto/DEInContinuous.xml (RunModel)" time="0.035" />
  <testcase classname="ptolemy.util.test.junit.AutoTests" name="[50] /home/travis/build/icyphy/ptII/ptolemy/domains/continuous/test/auto/DEinContinuous2.xml (RunModel)" time="0.023" />
  <testcase classname="ptolemy.util.test.junit.AutoTests" name="[51] /home/travis/build/icyphy/ptII/ptolemy/domains/continuous/test/auto/Derivative.xml (RunModel)" time="0.183" />
  <testcase classname="ptolemy.util.test.junit.AutoTests" name="[52] /home/travis/build/icyphy/ptII/ptolemy/domains/continuous/test/auto/Derivative1.xml (RunModel)" time="0.047" />
  <testcase classname="ptolemy.util.test.junit.AutoTests" name="[53] /home/travis/build/icyphy/ptII/ptolemy/domains/continuous/test/auto/DiscreteClock.xml (RunModel)" time="0.015" />
  <testcase classname="ptolemy.util.test.junit.AutoTests" name="[54] /home/travis/build/icyphy/ptII/ptolemy/domains/continuous/test/auto/EfficiencyCurve.xml (RunModel)" time="0.08" />
  <testcase classname="ptolemy.util.test.junit.AutoTests" name="[55] /home/travis/build/icyphy/ptII/ptolemy/domains/continuous/test/auto/ExponentialResponse.xml (RunModel)" time="0.123" />
  <testcase classname="ptolemy.util.test.junit.AutoTests" name="[56] /home/travis/build/icyphy/ptII/ptolemy/domains/continuous/test/auto/ExponentialResponseRK45.xml (RunModel)" time="0.031" />
  <testcase classname="ptolemy.util.test.junit.AutoTests" name="[57] /home/travis/build/icyphy/ptII/ptolemy/domains/continuous/test/auto/Friction.xml (RunModel)" time="1.466" />
  <testcase classname="ptolemy.util.test.junit.AutoTests" name="[58] /home/travis/build/icyphy/ptII/ptolemy/domains/continuous/test/auto/FurutaPendulum.xml (RunModel)" time="2.935" />
  <testcase classname="ptolemy.util.test.junit.AutoTests" name="[59] /home/travis/build/icyphy/ptII/ptolemy/domains/continuous/test/auto/HierarchicalExecution.xml (RunModel)" time="1.827" />
  <testcase classname="ptolemy.util.test.junit.AutoTests" name="[60] /home/travis/build/icyphy/ptII/ptolemy/domains/continuous/test/auto/HybridPlant.xml (RunModel)" time="0.551" />
  <testcase classname="ptolemy.util.test.junit.AutoTests" name="[61] /home/travis/build/icyphy/ptII/ptolemy/domains/continuous/test/auto/Hysteresis.xml (RunModel)" time="0.182" />
  <testcase classname="ptolemy.util.test.junit.AutoTests" name="[62] /home/travis/build/icyphy/ptII/ptolemy/domains/continuous/test/auto/HysteresisWithRandomDelay.xml (RunModel)" time="0.232" />
  <testcase classname="ptolemy.util.test.junit.AutoTests" name="[63] /home/travis/build/icyphy/ptII/ptolemy/domains/continuous/test/auto/HysteresisWithRandomLosses.xml (RunModel)" time="2.376" />
  <testcase classname="ptolemy.util.test.junit.AutoTests" name="[64] /home/travis/build/icyphy/ptII/ptolemy/domains/continuous/test/auto/ImmediateTransitions.xml (RunModel)" time="0.034" />
  <testcase classname="ptolemy.util.test.junit.AutoTests" name="[65] /home/travis/build/icyphy/ptII/ptolemy/domains/continuous/test/auto/ImpulseFeedback.xml (RunModel)" time="0.021" />
  <testcase classname="ptolemy.util.test.junit.AutoTests" name="[66] /home/travis/build/icyphy/ptII/ptolemy/domains/continuous/test/auto/ImpulseFeedback2.xml (RunModel)" time="0.017" />
  <testcase classname="ptolemy.util.test.junit.AutoTests" name="[67] /home/travis/build/icyphy/ptII/ptolemy/domains/continuous/test/auto/IncreasingRatePoisson.xml (RunModel)" time="0.703" />
  <testcase classname="ptolemy.util.test.junit.AutoTests" name="[68] /home/travis/build/icyphy/ptII/ptolemy/domains/continuous/test/auto/InitialStateFeedback.xml (RunModel)" time="0.014" />
  <testcase classname="ptolemy.util.test.junit.AutoTests" name="[69] /home/travis/build/icyphy/ptII/ptolemy/domains/continuous/test/auto/Integration.xml (RunModel)" time="0.011" />
  <testcase classname="ptolemy.util.test.junit.AutoTests" name="[70] /home/travis/build/icyphy/ptII/ptolemy/domains/continuous/test/auto/Integration2.xml (RunModel)" time="0.08" />
  <testcase classname="ptolemy.util.test.junit.AutoTests" name="[71] /home/travis/build/icyphy/ptII/ptolemy/domains/continuous/test/auto/Integration3.xml (RunModel)" time="0.012" />
  <testcase classname="ptolemy.util.test.junit.AutoTests" name="[72] /home/travis/build/icyphy/ptII/ptolemy/domains/continuous/test/auto/Integration5.xml (RunModel)" time="0.016" />
  <testcase classname="ptolemy.util.test.junit.AutoTests" name="[73] /home/travis/build/icyphy/ptII/ptolemy/domains/continuous/test/auto/IntegratorImpulse.xml (RunModel)" time="0.008" />
  <testcase classname="ptolemy.util.test.junit.AutoTests" name="[74] /home/travis/build/icyphy/ptII/ptolemy/domains/continuous/test/auto/IntegratorImpulse2.xml (RunModel)" time="0.01" />
  <testcase classname="ptolemy.util.test.junit.AutoTests" name="[75] /home/travis/build/icyphy/ptII/ptolemy/domains/continuous/test/auto/LevelCrossing1.xml (RunModel)" time="0.013" />
  <testcase classname="ptolemy.util.test.junit.AutoTests" name="[76] /home/travis/build/icyphy/ptII/ptolemy/domains/continuous/test/auto/LevelCrossing2.xml (RunModel)" time="0.012" />
  <testcase classname="ptolemy.util.test.junit.AutoTests" name="[77] /home/travis/build/icyphy/ptII/ptolemy/domains/continuous/test/auto/LevelCrossing3.xml (RunModel)" time="0.01" />
  <testcase classname="ptolemy.util.test.junit.AutoTests" name="[78] /home/travis/build/icyphy/ptII/ptolemy/domains/continuous/test/auto/LevelCrossing4.xml (RunModel)" time="0.013" />
  <testcase classname="ptolemy.util.test.junit.AutoTests" name="[79] /home/travis/build/icyphy/ptII/ptolemy/domains/continuous/test/auto/LevelCrossing5.xml (RunModel)" time="0.012" />
  <testcase classname="ptolemy.util.test.junit.AutoTests" name="[80] /home/travis/build/icyphy/ptII/ptolemy/domains/continuous/test/auto/LevelCrossing6.xml (RunModel)" time="0.022" />
  <testcase classname="ptolemy.util.test.junit.AutoTests" name="[81] /home/travis/build/icyphy/ptII/ptolemy/domains/continuous/test/auto/LevelCrossingDetector.xml (RunModel)" time="0.034" />
  <testcase classname="ptolemy.util.test.junit.AutoTests" name="[82] /home/travis/build/icyphy/ptII/ptolemy/domains/continuous/test/auto/LevelCrossingDetectorDetectingDirections.xml (RunModel)" time="0.078" />
  <testcase classname="ptolemy.util.test.junit.AutoTests" name="[83] /home/travis/build/icyphy/ptII/ptolemy/domains/continuous/test/auto/LevelCrossingDetectorDetectsGlitches.xml (RunModel)" time="0.055" />
  <testcase classname="ptolemy.util.test.junit.AutoTests" name="[84] /home/travis/build/icyphy/ptII/ptolemy/domains/continuous/test/auto/LevelCrossingNoInitialOuput.xml (RunModel)" time="0.012" />
  <testcase classname="ptolemy.util.test.junit.AutoTests" name="[85] /home/travis/build/icyphy/ptII/ptolemy/domains/continuous/test/auto/LinearStateSpaceExample.xml (RunModel)" time="0.047" />
  <testcase classname="ptolemy.util.test.junit.AutoTests" name="[86] /home/travis/build/icyphy/ptII/ptolemy/domains/continuous/test/auto/Lorenz.xml (RunModel)" time="3.328" />
  <testcase classname="ptolemy.util.test.junit.AutoTests" name="[87] /home/travis/build/icyphy/ptII/ptolemy/domains/continuous/test/auto/LorenzDifferentialSystem.xml (RunModel)" time="0.975" />
  <testcase classname="ptolemy.util.test.junit.AutoTests" name="[88] /home/travis/build/icyphy/ptII/ptolemy/domains/continuous/test/auto/LorenzDifferentialSystemWithInput.xml (RunModel)" time="1.311" />
  <testcase classname="ptolemy.util.test.junit.AutoTests" name="[89] /home/travis/build/icyphy/ptII/ptolemy/domains/continuous/test/auto/LorenzDifferentialSystemWithTime.xml (RunModel)" time="0.691" />
  <testcase classname="ptolemy.util.test.junit.AutoTests" name="[90] /home/travis/build/icyphy/ptII/ptolemy/domains/continuous/test/auto/Microsteps.xml (RunModel)" time="0.025" />
  <testcase classname="ptolemy.util.test.junit.AutoTests" name="[91] /home/travis/build/icyphy/ptII/ptolemy/domains/continuous/test/auto/Modal1.xml (RunModel)" time="0.043" />
  <testcase classname="ptolemy.util.test.junit.AutoTests" name="[92] /home/travis/build/icyphy/ptII/ptolemy/domains/continuous/test/auto/Modal2.xml (RunModel)" time="0.042" />
  <testcase classname="ptolemy.util.test.junit.AutoTests" name="[93] /home/travis/build/icyphy/ptII/ptolemy/domains/continuous/test/auto/ModalTransitionGuardWithReset.xml (RunModel)" time="0.02" />
  <testcase classname="ptolemy.util.test.junit.AutoTests" name="[94] /home/travis/build/icyphy/ptII/ptolemy/domains/continuous/test/auto/ModalTransitionGuardWithResetUsingPreemptiveTransition.xml (RunModel)" time="0.024" />
  <testcase classname="ptolemy.util.test.junit.AutoTests" name="[95] /home/travis/build/icyphy/ptII/ptolemy/domains/continuous/test/auto/ModalTransitionGuardWithResetUsingPreemptiveTransition2.xml (RunModel)" time="0.024" />
  <testcase classname="ptolemy.util.test.junit.AutoTests" name="[96] /home/travis/build/icyphy/ptII/ptolemy/domains/continuous/test/auto/ModalTransitionGuardWithResetUsingPreemptiveTransition3.xml (RunModel)" time="0.026" />
  <testcase classname="ptolemy.util.test.junit.AutoTests" name="[97] /home/travis/build/icyphy/ptII/ptolemy/domains/continuous/test/auto/NewtonsCradle.xml (RunModel)" time="0.776" />
  <testcase classname="ptolemy.util.test.junit.AutoTests" name="[98] /home/travis/build/icyphy/ptII/ptolemy/domains/continuous/test/auto/NewtonsCradleAnimated.xml (RunModel)" time="1.219" />
  <testcase classname="ptolemy.util.test.junit.AutoTests" name="[99] /home/travis/build/icyphy/ptII/ptolemy/domains/continuous/test/auto/NewtonsCradleComplicated.xml (RunModel)" time="0.864" />
  <testcase classname="ptolemy.util.test.junit.AutoTests" name="[100] /home/travis/build/icyphy/ptII/ptolemy/domains/continuous/test/auto/NewtonsCradleNondeterministic.xml (RunModel)" time="0.667" />
  <testcase classname="ptolemy.util.test.junit.AutoTests" name="[101] /home/travis/build/icyphy/ptII/ptolemy/domains/continuous/test/auto/NewtonsCradlePerfectlyInelastic1.xml (RunModel)" time="1.363" />
  <testcase classname="ptolemy.util.test.junit.AutoTests" name="[102] /home/travis/build/icyphy/ptII/ptolemy/domains/continuous/test/auto/Noise.xml (RunModel)" time="0.193" />
  <testcase classname="ptolemy.util.test.junit.AutoTests" name="[103] /home/travis/build/icyphy/ptII/ptolemy/domains/continuous/test/auto/NoiseSpectrum.xml (RunModel)" time="0.692" />
  <testcase classname="ptolemy.util.test.junit.AutoTests" name="[104] /home/travis/build/icyphy/ptII/ptolemy/domains/continuous/test/auto/ParameterizedNewtonsCradleAnimated.xml (RunModel)" time="0.317" />
  <testcase classname="ptolemy.util.test.junit.AutoTests" name="[105] /home/travis/build/icyphy/ptII/ptolemy/domains/continuous/test/auto/ParameterizedNewtonsCradleAnimatedNondeterministic.xml (RunModel)" time="1.059" />
  <testcase classname="ptolemy.util.test.junit.AutoTests" name="[106] /home/travis/build/icyphy/ptII/ptolemy/domains/continuous/test/auto/Pendulum3D.xml (RunModel)" time="0.157" />
  <testcase classname="ptolemy.util.test.junit.AutoTests" name="[107] /home/travis/build/icyphy/ptII/ptolemy/domains/continuous/test/auto/PeriodicSampler.xml (RunModel)" time="0.012" />
  <testcase classname="ptolemy.util.test.junit.AutoTests" name="[108] /home/travis/build/icyphy/ptII/ptolemy/domains/continuous/test/auto/PeriodicSampler1.xml (RunModel)" time="0.04" />
  <testcase classname="ptolemy.util.test.junit.AutoTests" name="[109] /home/travis/build/icyphy/ptII/ptolemy/domains/continuous/test/auto/PeriodicSampler2.xml (RunModel)" time="0.075" />
  <testcase classname="ptolemy.util.test.junit.AutoTests" name="[110] /home/travis/build/icyphy/ptII/ptolemy/domains/continuous/test/auto/Poisson.xml (RunModel)" time="0.398">
    <error type="java.lang.reflect.InvocationTargetException">java.lang.reflect.InvocationTargetException
	at jdk.internal.reflect.GeneratedConstructorAccessor22.newInstance(Unknown Source)
	at java.base/jdk.internal.reflect.DelegatingConstructorAccessorImpl.newInstance(DelegatingConstructorAccessorImpl.java:45)
	at java.base/java.lang.reflect.Constructor.newInstance(Constructor.java:490)
	at ptolemy.util.test.junit.AutoTests.RunModel(AutoTests.java:193)
	at jdk.internal.reflect.GeneratedMethodAccessor4.invoke(Unknown Source)
	at java.base/jdk.internal.reflect.DelegatingMethodAccessorImpl.invoke(DelegatingMethodAccessorImpl.java:43)
	at junitparams.internal.InvokeParameterisedMethod.evaluate(InvokeParameterisedMethod.java:102)
Caused by: ptolemy.kernel.util.IllegalActionException: Test fails in iteration 1436.
Value was: 10.7147765126978. Should have been: 0.2560499764235
  in .Poisson.NonStrictTest
	at ptolemy.actor.lib.NonStrictTest.postfire(NonStrictTest.java:328)
	at ptolemy.actor.sched.FixedPointDirector._postfireActor(FixedPointDirector.java:1027)
	at ptolemy.actor.sched.FixedPointDirector.postfire(FixedPointDirector.java:520)
	at ptolemy.domains.continuous.kernel.ContinuousDirector._commit(ContinuousDirector.java:1426)
	at ptolemy.domains.continuous.kernel.ContinuousDirector._postfireAtTopLevel(ContinuousDirector.java:1585)
	at ptolemy.domains.continuous.kernel.ContinuousDirector.postfire(ContinuousDirector.java:839)
	at ptolemy.actor.CompositeActor.postfire(CompositeActor.java:1668)
	at ptolemy.actor.Manager.iterate(Manager.java:852)
	at ptolemy.actor.Manager.execute(Manager.java:369)
	at ptolemy.actor.Manager.run(Manager.java:1263)
	at ptolemy.actor.Manager$PtolemyRunThread.run(Manager.java:1933)
</error>
  </testcase>
  <testcase classname="ptolemy.util.test.junit.AutoTests" name="[111] /home/travis/build/icyphy/ptII/ptolemy/domains/continuous/test/auto/PoissonClock.xml (RunModel)" time="0.013" />
  <testcase classname="ptolemy.util.test.junit.AutoTests" name="[112] /home/travis/build/icyphy/ptII/ptolemy/domains/continuous/test/auto/PoissonClock2.xml (RunModel)" time="0.012" />
  <testcase classname="ptolemy.util.test.junit.AutoTests" name="[113] /home/travis/build/icyphy/ptII/ptolemy/domains/continuous/test/auto/PortParameterHierarchy.xml (RunModel)" time="0.023" />
  <testcase classname="ptolemy.util.test.junit.AutoTests" name="[114] /home/travis/build/icyphy/ptII/ptolemy/domains/continuous/test/auto/RandomHybridPlant.xml (RunModel)" time="0.548" />
  <testcase classname="ptolemy.util.test.junit.AutoTests" name="[115] /home/travis/build/icyphy/ptII/ptolemy/domains/continuous/test/auto/ResetTransitionWithStartTime1.xml (RunModel)" time="0.034" />
  <testcase classname="ptolemy.util.test.junit.AutoTests" name="[116] /home/travis/build/icyphy/ptII/ptolemy/domains/continuous/test/auto/ResetTransitionWithStartTime2.xml (RunModel)" time="0.036" />
  <testcase classname="ptolemy.util.test.junit.AutoTests" name="[117] /home/travis/build/icyphy/ptII/ptolemy/domains/continuous/test/auto/ResetTransitionWithStartTime3.xml (RunModel)" time="0.038" />
  <testcase classname="ptolemy.util.test.junit.AutoTests" name="[118] /home/travis/build/icyphy/ptII/ptolemy/domains/continuous/test/auto/ResetTransitionWithStartTime4.xml (RunModel)" time="0.025" />
  <testcase classname="ptolemy.util.test.junit.AutoTests" name="[119] /home/travis/build/icyphy/ptII/ptolemy/domains/continuous/test/auto/ResetTransitionWithStartTime5.xml (RunModel)" time="0.03" />
  <testcase classname="ptolemy.util.test.junit.AutoTests" name="[120] /home/travis/build/icyphy/ptII/ptolemy/domains/continuous/test/auto/ResetTransitionWithStartTime6.xml (RunModel)" time="0.027" />
  <testcase classname="ptolemy.util.test.junit.AutoTests" name="[121] /home/travis/build/icyphy/ptII/ptolemy/domains/continuous/test/auto/SRinContinuous.xml (RunModel)" time="0.018" />
  <testcase classname="ptolemy.util.test.junit.AutoTests" name="[122] /home/travis/build/icyphy/ptII/ptolemy/domains/continuous/test/auto/SampledClocks.xml (RunModel)" time="0.028" />
  <testcase classname="ptolemy.util.test.junit.AutoTests" name="[123] /home/travis/build/icyphy/ptII/ptolemy/domains/continuous/test/auto/Satellite.xml (RunModel)" time="0.657" />
  <testcase classname="ptolemy.util.test.junit.AutoTests" name="[124] /home/travis/build/icyphy/ptII/ptolemy/domains/continuous/test/auto/SigmaDelta.xml (RunModel)" time="1.873" />
  <testcase classname="ptolemy.util.test.junit.AutoTests" name="[125] /home/travis/build/icyphy/ptII/ptolemy/domains/continuous/test/auto/SingleRefinement.xml (RunModel)" time="0.446" />
  <testcase classname="ptolemy.util.test.junit.AutoTests" name="[126] /home/travis/build/icyphy/ptII/ptolemy/domains/continuous/test/auto/SinuBouncingBall.xml (RunModel)" time="0.863" />
  <testcase classname="ptolemy.util.test.junit.AutoTests" name="[127] /home/travis/build/icyphy/ptII/ptolemy/domains/continuous/test/auto/Sinusoid.xml (RunModel)" time="0.014" />
  <testcase classname="ptolemy.util.test.junit.AutoTests" name="[128] /home/travis/build/icyphy/ptII/ptolemy/domains/continuous/test/auto/SinusoidInNoise.xml (RunModel)" time="0.789" />
  <testcase classname="ptolemy.util.test.junit.AutoTests" name="[129] /home/travis/build/icyphy/ptII/ptolemy/domains/continuous/test/auto/SinusoidRK45.xml (RunModel)" time="0.011" />
  <testcase classname="ptolemy.util.test.junit.AutoTests" name="[130] /home/travis/build/icyphy/ptII/ptolemy/domains/continuous/test/auto/SinusoidWithMultipleImpulses.xml (RunModel)" time="0.01" />
  <testcase classname="ptolemy.util.test.junit.AutoTests" name="[131] /home/travis/build/icyphy/ptII/ptolemy/domains/continuous/test/auto/SquareWave.xml (RunModel)" time="0.165" />
  <testcase classname="ptolemy.util.test.junit.AutoTests" name="[132] /home/travis/build/icyphy/ptII/ptolemy/domains/continuous/test/auto/Starmac.xml (RunModel)" time="3.345" />
  <testcase classname="ptolemy.util.test.junit.AutoTests" name="[133] /home/travis/build/icyphy/ptII/ptolemy/domains/continuous/test/auto/StaticUnits.xml (RunModel)" time="2.099" />
  <testcase classname="ptolemy.util.test.junit.AutoTests" name="[134] /home/travis/build/icyphy/ptII/ptolemy/domains/continuous/test/auto/StickyMasses.xml (RunModel)" time="0.17" />
  <testcase classname="ptolemy.util.test.junit.AutoTests" name="[135] /home/travis/build/icyphy/ptII/ptolemy/domains/continuous/test/auto/StopTime.xml (RunModel)" time="0.056" />
  <testcase classname="ptolemy.util.test.junit.AutoTests" name="[136] /home/travis/build/icyphy/ptII/ptolemy/domains/continuous/test/auto/StopTime2.xml (RunModel)" time="0.053" />
  <testcase classname="ptolemy.util.test.junit.AutoTests" name="[137] /home/travis/build/icyphy/ptII/ptolemy/domains/continuous/test/auto/Switch.xml (RunModel)" time="0.055" />
  <testcase classname="ptolemy.util.test.junit.AutoTests" name="[138] /home/travis/build/icyphy/ptII/ptolemy/domains/continuous/test/auto/Thermostat.xml (RunModel)" time="0.206" />
  <testcase classname="ptolemy.util.test.junit.AutoTests" name="[139] /home/travis/build/icyphy/ptII/ptolemy/domains/continuous/test/auto/TimeDelay.xml (RunModel)" time="0.013" />
  <testcase classname="ptolemy.util.test.junit.AutoTests" name="[140] /home/travis/build/icyphy/ptII/ptolemy/domains/continuous/test/auto/TimeDelay2.xml (RunModel)" time="0.022" />
  <testcase classname="ptolemy.util.test.junit.AutoTests" name="[141] /home/travis/build/icyphy/ptII/ptolemy/domains/continuous/test/auto/TimeDelay3.xml (RunModel)" time="0.01" />
  <testcase classname="ptolemy.util.test.junit.AutoTests" name="[142] /home/travis/build/icyphy/ptII/ptolemy/domains/continuous/test/auto/TransferAbsentToInside.xml (RunModel)" time="0.091" />
  <testcase classname="ptolemy.util.test.junit.AutoTests" name="[143] /home/travis/build/icyphy/ptII/ptolemy/domains/continuous/test/auto/Transmission.xml (RunModel)" time="0.748" />
  <testcase classname="ptolemy.util.test.junit.AutoTests" name="[144] /home/travis/build/icyphy/ptII/ptolemy/domains/continuous/test/auto/TriggeredContinuousClock.xml (RunModel)" time="0.058" />
  <testcase classname="ptolemy.util.test.junit.AutoTests" name="[145] /home/travis/build/icyphy/ptII/ptolemy/domains/continuous/test/auto/TwoMachineInfiniteBusControl.xml (RunModel)" time="2.694" />
  <testcase classname="ptolemy.util.test.junit.AutoTests" name="[146] /home/travis/build/icyphy/ptII/ptolemy/domains/continuous/test/auto/V2V.xml (RunModel)" time="0.786" />
  <testcase classname="ptolemy.util.test.junit.AutoTests" name="[147] /home/travis/build/icyphy/ptII/ptolemy/domains/continuous/test/auto/hierarchicalModalModel.xml (RunModel)" time="0.029" />
  <testcase classname="ptolemy.util.test.junit.AutoTests" name="[148] /home/travis/build/icyphy/ptII/ptolemy/domains/continuous/test/auto/hierarchicalModalModel1.xml (RunModel)" time="0.031" />
  <testcase classname="ptolemy.util.test.junit.AutoTests" name="[149] /home/travis/build/icyphy/ptII/ptolemy/domains/continuous/test/auto/hierarchicalModalModel2.xml (RunModel)" time="0.029" />
  <testcase classname="ptolemy.util.test.junit.AutoTests" name="[150] /home/travis/build/icyphy/ptII/ptolemy/domains/continuous/test/auto/hierarchicalModalModel3.xml (RunModel)" time="0.022" />
  <testcase classname="ptolemy.util.test.junit.AutoTests" name="[151] /home/travis/build/icyphy/ptII/ptolemy/domains/continuous/test/auto/hierarchicalModalModel4.xml (RunModel)" time="0.026" />
  <testcase classname="ptolemy.util.test.junit.AutoTests" name="[152] /home/travis/build/icyphy/ptII/ptolemy/domains/continuous/test/auto/junk.xml (RunModel)" time="0.139" />
  <system-out><![CDATA[No tcl tests in /home/travis/build/icyphy/ptII/ptolemy/domains/continuous/test
No auto/knownFailedTests/*.xml tests in /home/travis/build/icyphy/ptII/ptolemy/domains/continuous/test
No auto/linux-amd64/*.xml tests in /home/travis/build/icyphy/ptII/ptolemy/domains/continuous/test
AutoTests.java: About to close Vertx.
AutoTests.java: Vertx closed.

===========================================================================================
----------------- testing Thu Dec 19 06:26:20 UTC 2019 /home/travis/build/icyphy/ptII/ptolemy/domains/continuous/test/auto/BouncingBall.xml
----------------- Instantiating /home/travis/build/icyphy/ptII/ptolemy/domains/continuous/test/auto/BouncingBall.xml
2344 ms. Memory: 160768K Free: 112085K (70%)
----------------- Invoking toplevel() on ptolemy.moml.MoMLSimpleApplication@6b1104
----------------- Done invoking toplevel() on ptolemy.moml.MoMLSimpleApplication@6b1104
reloadAllAccessors: .BouncingBall

===========================================================================================
----------------- testing Thu Dec 19 06:26:22 UTC 2019 /home/travis/build/icyphy/ptII/ptolemy/domains/continuous/test/auto/BouncingBallWithoutGR.xml
----------------- Instantiating /home/travis/build/icyphy/ptII/ptolemy/domains/continuous/test/auto/BouncingBallWithoutGR.xml
832 ms. Memory: 160768K Free: 116162K (72%)
----------------- Invoking toplevel() on ptolemy.moml.MoMLSimpleApplication@68e14595
----------------- Done invoking toplevel() on ptolemy.moml.MoMLSimpleApplication@68e14595
reloadAllAccessors: .BouncingBallWithoutGR

===========================================================================================
----------------- testing Thu Dec 19 06:26:23 UTC 2019 /home/travis/build/icyphy/ptII/ptolemy/domains/continuous/test/auto/Brownian.xml
----------------- Instantiating /home/travis/build/icyphy/ptII/ptolemy/domains/continuous/test/auto/Brownian.xml
33 ms. Memory: 160768K Free: 106946K (67%)
----------------- Invoking toplevel() on ptolemy.moml.MoMLSimpleApplication@52b61e1c
----------------- Done invoking toplevel() on ptolemy.moml.MoMLSimpleApplication@52b61e1c
reloadAllAccessors: .Brownian

===========================================================================================
----------------- testing Thu Dec 19 06:26:23 UTC 2019 /home/travis/build/icyphy/ptII/ptolemy/domains/continuous/test/auto/CarTracking.xml
----------------- Instantiating /home/travis/build/icyphy/ptII/ptolemy/domains/continuous/test/auto/CarTracking.xml
3809 ms. Memory: 193536K Free: 120277K (62%)
----------------- Invoking toplevel() on ptolemy.moml.MoMLSimpleApplication@350b4ce5
----------------- Done invoking toplevel() on ptolemy.moml.MoMLSimpleApplication@350b4ce5
reloadAllAccessors: .CarTracking

===========================================================================================
----------------- testing Thu Dec 19 06:26:28 UTC 2019 /home/travis/build/icyphy/ptII/ptolemy/domains/continuous/test/auto/CartPendulum.xml
----------------- Instantiating /home/travis/build/icyphy/ptII/ptolemy/domains/continuous/test/auto/CartPendulum.xml
403 ms. Memory: 235520K Free: 185107K (79%)
----------------- Invoking toplevel() on ptolemy.moml.MoMLSimpleApplication@3a3b46fc
----------------- Done invoking toplevel() on ptolemy.moml.MoMLSimpleApplication@3a3b46fc
reloadAllAccessors: .CartPendulum

===========================================================================================
----------------- testing Thu Dec 19 06:26:28 UTC 2019 /home/travis/build/icyphy/ptII/ptolemy/domains/continuous/test/auto/CausalityInterface10.xml
----------------- Instantiating /home/travis/build/icyphy/ptII/ptolemy/domains/continuous/test/auto/CausalityInterface10.xml
10 ms. Memory: 235520K Free: 174357K (74%)
----------------- Invoking toplevel() on ptolemy.moml.MoMLSimpleApplication@5bc9003d
----------------- Done invoking toplevel() on ptolemy.moml.MoMLSimpleApplication@5bc9003d
reloadAllAccessors: .CausalityInterface10

===========================================================================================
----------------- testing Thu Dec 19 06:26:28 UTC 2019 /home/travis/build/icyphy/ptII/ptolemy/domains/continuous/test/auto/CausalityInterface11.xml
----------------- Instantiating /home/travis/build/icyphy/ptII/ptolemy/domains/continuous/test/auto/CausalityInterface11.xml
9 ms. Memory: 235520K Free: 168213K (71%)
----------------- Invoking toplevel() on ptolemy.moml.MoMLSimpleApplication@472ddaab
----------------- Done invoking toplevel() on ptolemy.moml.MoMLSimpleApplication@472ddaab
reloadAllAccessors: .CausalityInterface11

===========================================================================================
----------------- testing Thu Dec 19 06:26:29 UTC 2019 /home/travis/build/icyphy/ptII/ptolemy/domains/continuous/test/auto/CausalityInterface12.xml
----------------- Instantiating /home/travis/build/icyphy/ptII/ptolemy/domains/continuous/test/auto/CausalityInterface12.xml
10 ms. Memory: 235520K Free: 162069K (69%)
----------------- Invoking toplevel() on ptolemy.moml.MoMLSimpleApplication@4fd880a9
----------------- Done invoking toplevel() on ptolemy.moml.MoMLSimpleApplication@4fd880a9
reloadAllAccessors: .CausalityInterface12

===========================================================================================
----------------- testing Thu Dec 19 06:26:29 UTC 2019 /home/travis/build/icyphy/ptII/ptolemy/domains/continuous/test/auto/CausalityInterface13.xml
----------------- Instantiating /home/travis/build/icyphy/ptII/ptolemy/domains/continuous/test/auto/CausalityInterface13.xml
6 ms. Memory: 235520K Free: 155925K (66%)
----------------- Invoking toplevel() on ptolemy.moml.MoMLSimpleApplication@4ae329fd
----------------- Done invoking toplevel() on ptolemy.moml.MoMLSimpleApplication@4ae329fd
reloadAllAccessors: .CausalityInterface13

===========================================================================================
----------------- testing Thu Dec 19 06:26:29 UTC 2019 /home/travis/build/icyphy/ptII/ptolemy/domains/continuous/test/auto/CausalityInterface14.xml
----------------- Instantiating /home/travis/build/icyphy/ptII/ptolemy/domains/continuous/test/auto/CausalityInterface14.xml
4 ms. Memory: 235520K Free: 150277K (64%)
----------------- Invoking toplevel() on ptolemy.moml.MoMLSimpleApplication@55792fd2
----------------- Done invoking toplevel() on ptolemy.moml.MoMLSimpleApplication@55792fd2
reloadAllAccessors: .CausalityInterface14

===========================================================================================
----------------- testing Thu Dec 19 06:26:29 UTC 2019 /home/travis/build/icyphy/ptII/ptolemy/domains/continuous/test/auto/CausalityInterface4.xml
----------------- Instantiating /home/travis/build/icyphy/ptII/ptolemy/domains/continuous/test/auto/CausalityInterface4.xml
6 ms. Memory: 235520K Free: 143637K (61%)
----------------- Invoking toplevel() on ptolemy.moml.MoMLSimpleApplication@53f99d2e
----------------- Done invoking toplevel() on ptolemy.moml.MoMLSimpleApplication@53f99d2e
reloadAllAccessors: .CausalityInterface4

===========================================================================================
----------------- testing Thu Dec 19 06:26:29 UTC 2019 /home/travis/build/icyphy/ptII/ptolemy/domains/continuous/test/auto/CausalityInterface5.xml
----------------- Instantiating /home/travis/build/icyphy/ptII/ptolemy/domains/continuous/test/auto/CausalityInterface5.xml
4 ms. Memory: 235520K Free: 135445K (58%)
----------------- Invoking toplevel() on ptolemy.moml.MoMLSimpleApplication@3b63d3ce
----------------- Done invoking toplevel() on ptolemy.moml.MoMLSimpleApplication@3b63d3ce
reloadAllAccessors: .CausalityInterface5

===========================================================================================
----------------- testing Thu Dec 19 06:26:29 UTC 2019 /home/travis/build/icyphy/ptII/ptolemy/domains/continuous/test/auto/CausalityInterface6.xml
----------------- Instantiating /home/travis/build/icyphy/ptII/ptolemy/domains/continuous/test/auto/CausalityInterface6.xml
5 ms. Memory: 235520K Free: 130325K (55%)
----------------- Invoking toplevel() on ptolemy.moml.MoMLSimpleApplication@3bcf09fb
----------------- Done invoking toplevel() on ptolemy.moml.MoMLSimpleApplication@3bcf09fb
reloadAllAccessors: .CausalityInterface6

===========================================================================================
----------------- testing Thu Dec 19 06:26:29 UTC 2019 /home/travis/build/icyphy/ptII/ptolemy/domains/continuous/test/auto/CausalityInterface7.xml
----------------- Instantiating /home/travis/build/icyphy/ptII/ptolemy/domains/continuous/test/auto/CausalityInterface7.xml
9 ms. Memory: 235520K Free: 121619K (52%)
----------------- Invoking toplevel() on ptolemy.moml.MoMLSimpleApplication@48b62bf8
----------------- Done invoking toplevel() on ptolemy.moml.MoMLSimpleApplication@48b62bf8
reloadAllAccessors: .CausalityInterface7

===========================================================================================
----------------- testing Thu Dec 19 06:26:29 UTC 2019 /home/travis/build/icyphy/ptII/ptolemy/domains/continuous/test/auto/CausalityInterface8.xml
----------------- Instantiating /home/travis/build/icyphy/ptII/ptolemy/domains/continuous/test/auto/CausalityInterface8.xml
6 ms. Memory: 235520K Free: 112403K (48%)
----------------- Invoking toplevel() on ptolemy.moml.MoMLSimpleApplication@5a0d92ff
----------------- Done invoking toplevel() on ptolemy.moml.MoMLSimpleApplication@5a0d92ff
reloadAllAccessors: .CausalityInterface8

===========================================================================================
----------------- testing Thu Dec 19 06:26:29 UTC 2019 /home/travis/build/icyphy/ptII/ptolemy/domains/continuous/test/auto/CausalityInterface9.xml
----------------- Instantiating /home/travis/build/icyphy/ptII/ptolemy/domains/continuous/test/auto/CausalityInterface9.xml
8 ms. Memory: 235520K Free: 101653K (43%)
----------------- Invoking toplevel() on ptolemy.moml.MoMLSimpleApplication@2b684f10
----------------- Done invoking toplevel() on ptolemy.moml.MoMLSimpleApplication@2b684f10
reloadAllAccessors: .CausalityInterface9

===========================================================================================
----------------- testing Thu Dec 19 06:26:29 UTC 2019 /home/travis/build/icyphy/ptII/ptolemy/domains/continuous/test/auto/CausalityInterfaceFeedback1.xml
----------------- Instantiating /home/travis/build/icyphy/ptII/ptolemy/domains/continuous/test/auto/CausalityInterfaceFeedback1.xml
5 ms. Memory: 235520K Free: 94981K (40%)
----------------- Invoking toplevel() on ptolemy.moml.MoMLSimpleApplication@4b214013
----------------- Done invoking toplevel() on ptolemy.moml.MoMLSimpleApplication@4b214013
reloadAllAccessors: .CausalityInterfaceFeedback1

===========================================================================================
----------------- testing Thu Dec 19 06:26:29 UTC 2019 /home/travis/build/icyphy/ptII/ptolemy/domains/continuous/test/auto/CausalityInterfaceFeedback2.xml
----------------- Instantiating /home/travis/build/icyphy/ptII/ptolemy/domains/continuous/test/auto/CausalityInterfaceFeedback2.xml
6 ms. Memory: 235520K Free: 88341K (38%)
----------------- Invoking toplevel() on ptolemy.moml.MoMLSimpleApplication@6f08eb0a
----------------- Done invoking toplevel() on ptolemy.moml.MoMLSimpleApplication@6f08eb0a
reloadAllAccessors: .CausalityInterfaceFeedback2

===========================================================================================
----------------- testing Thu Dec 19 06:26:29 UTC 2019 /home/travis/build/icyphy/ptII/ptolemy/domains/continuous/test/auto/CompareWithCurrentTime.xml
----------------- Instantiating /home/travis/build/icyphy/ptII/ptolemy/domains/continuous/test/auto/CompareWithCurrentTime.xml
4 ms. Memory: 235520K Free: 84245K (36%)
----------------- Invoking toplevel() on ptolemy.moml.MoMLSimpleApplication@54c95512
----------------- Done invoking toplevel() on ptolemy.moml.MoMLSimpleApplication@54c95512
reloadAllAccessors: .CompareWithCurrentTime

===========================================================================================
----------------- testing Thu Dec 19 06:26:29 UTC 2019 /home/travis/build/icyphy/ptII/ptolemy/domains/continuous/test/auto/ComparedClocks.xml
----------------- Instantiating /home/travis/build/icyphy/ptII/ptolemy/domains/continuous/test/auto/ComparedClocks.xml
7 ms. Memory: 235520K Free: 208432K (88%)
----------------- Invoking toplevel() on ptolemy.moml.MoMLSimpleApplication@142a2c03
----------------- Done invoking toplevel() on ptolemy.moml.MoMLSimpleApplication@142a2c03
reloadAllAccessors: .ComparedClocks

===========================================================================================
----------------- testing Thu Dec 19 06:26:29 UTC 2019 /home/travis/build/icyphy/ptII/ptolemy/domains/continuous/test/auto/ContinuousAOCClone.xml
----------------- Instantiating /home/travis/build/icyphy/ptII/ptolemy/domains/continuous/test/auto/ContinuousAOCClone.xml
2415 ms. Memory: 235520K Free: 103894K (44%)
----------------- Invoking toplevel() on ptolemy.moml.MoMLSimpleApplication@5dd3b415
----------------- Done invoking toplevel() on ptolemy.moml.MoMLSimpleApplication@5dd3b415
reloadAllAccessors: .ContinuousAOCClone

===========================================================================================
----------------- testing Thu Dec 19 06:26:32 UTC 2019 /home/travis/build/icyphy/ptII/ptolemy/domains/continuous/test/auto/ContinuousClock.xml
----------------- Instantiating /home/travis/build/icyphy/ptII/ptolemy/domains/continuous/test/auto/ContinuousClock.xml
31 ms. Memory: 235520K Free: 81880K (35%)
----------------- Invoking toplevel() on ptolemy.moml.MoMLSimpleApplication@4125ea1
----------------- Done invoking toplevel() on ptolemy.moml.MoMLSimpleApplication@4125ea1
reloadAllAccessors: .ContinuousClock

===========================================================================================
----------------- testing Thu Dec 19 06:26:32 UTC 2019 /home/travis/build/icyphy/ptII/ptolemy/domains/continuous/test/auto/ContinuousInContinuous.xml
----------------- Instantiating /home/travis/build/icyphy/ptII/ptolemy/domains/continuous/test/auto/ContinuousInContinuous.xml
56 ms. Memory: 282624K Free: 245707K (87%)
----------------- Invoking toplevel() on ptolemy.moml.MoMLSimpleApplication@354863d8
----------------- Done invoking toplevel() on ptolemy.moml.MoMLSimpleApplication@354863d8
reloadAllAccessors: .ContinuousInContinuous

===========================================================================================
----------------- testing Thu Dec 19 06:26:32 UTC 2019 /home/travis/build/icyphy/ptII/ptolemy/domains/continuous/test/auto/ContinuousInContinuousInContinuous.xml
----------------- Instantiating /home/travis/build/icyphy/ptII/ptolemy/domains/continuous/test/auto/ContinuousInContinuousInContinuous.xml
7 ms. Memory: 282624K Free: 238025K (84%)
----------------- Invoking toplevel() on ptolemy.moml.MoMLSimpleApplication@42804eda
----------------- Done invoking toplevel() on ptolemy.moml.MoMLSimpleApplication@42804eda
reloadAllAccessors: .ContinuousInContinuousInContinuous

===========================================================================================
----------------- testing Thu Dec 19 06:26:32 UTC 2019 /home/travis/build/icyphy/ptII/ptolemy/domains/continuous/test/auto/ContinuousInDE.xml
----------------- Instantiating /home/travis/build/icyphy/ptII/ptolemy/domains/continuous/test/auto/ContinuousInDE.xml
60 ms. Memory: 282624K Free: 227275K (80%)
----------------- Invoking toplevel() on ptolemy.moml.MoMLSimpleApplication@6c492111
----------------- Done invoking toplevel() on ptolemy.moml.MoMLSimpleApplication@6c492111
reloadAllAccessors: .ContinuousInDE

===========================================================================================
----------------- testing Thu Dec 19 06:26:32 UTC 2019 /home/travis/build/icyphy/ptII/ptolemy/domains/continuous/test/auto/ContinuousInDE2.xml
----------------- Instantiating /home/travis/build/icyphy/ptII/ptolemy/domains/continuous/test/auto/ContinuousInDE2.xml
37 ms. Memory: 282624K Free: 217545K (77%)
----------------- Invoking toplevel() on ptolemy.moml.MoMLSimpleApplication@8ee6d3c
----------------- Done invoking toplevel() on ptolemy.moml.MoMLSimpleApplication@8ee6d3c
reloadAllAccessors: .ContinuousInDE2

===========================================================================================
----------------- testing Thu Dec 19 06:26:32 UTC 2019 /home/travis/build/icyphy/ptII/ptolemy/domains/continuous/test/auto/ContinuousInDE3.xml
----------------- Instantiating /home/travis/build/icyphy/ptII/ptolemy/domains/continuous/test/auto/ContinuousInDE3.xml
39 ms. Memory: 282624K Free: 207819K (74%)
----------------- Invoking toplevel() on ptolemy.moml.MoMLSimpleApplication@67bba7c9
----------------- Done invoking toplevel() on ptolemy.moml.MoMLSimpleApplication@67bba7c9
reloadAllAccessors: .ContinuousInDE3

===========================================================================================
----------------- testing Thu Dec 19 06:26:32 UTC 2019 /home/travis/build/icyphy/ptII/ptolemy/domains/continuous/test/auto/ContinuousInDE4.xml
----------------- Instantiating /home/travis/build/icyphy/ptII/ptolemy/domains/continuous/test/auto/ContinuousInDE4.xml
13 ms. Memory: 282624K Free: 201675K (71%)
----------------- Invoking toplevel() on ptolemy.moml.MoMLSimpleApplication@7d9e5ab2
----------------- Done invoking toplevel() on ptolemy.moml.MoMLSimpleApplication@7d9e5ab2
reloadAllAccessors: .ContinuousInDE4

===========================================================================================
----------------- testing Thu Dec 19 06:26:32 UTC 2019 /home/travis/build/icyphy/ptII/ptolemy/domains/continuous/test/auto/ContinuousInDEDifferentRefinements.xml
----------------- Instantiating /home/travis/build/icyphy/ptII/ptolemy/domains/continuous/test/auto/ContinuousInDEDifferentRefinements.xml
46 ms. Memory: 282624K Free: 170955K (60%)
----------------- Invoking toplevel() on ptolemy.moml.MoMLSimpleApplication@329ce2ef
----------------- Done invoking toplevel() on ptolemy.moml.MoMLSimpleApplication@329ce2ef
reloadAllAccessors: .ContinuousInDEDifferentRefinements

===========================================================================================
----------------- testing Thu Dec 19 06:26:32 UTC 2019 /home/travis/build/icyphy/ptII/ptolemy/domains/continuous/test/auto/ContinuousInDEDifferentRefinementsPreemptive.xml
----------------- Instantiating /home/travis/build/icyphy/ptII/ptolemy/domains/continuous/test/auto/ContinuousInDEDifferentRefinementsPreemptive.xml
48 ms. Memory: 282624K Free: 140235K (50%)
----------------- Invoking toplevel() on ptolemy.moml.MoMLSimpleApplication@36854535
----------------- Done invoking toplevel() on ptolemy.moml.MoMLSimpleApplication@36854535
reloadAllAccessors: .ContinuousInDEDifferentRefinementsPreemptive

===========================================================================================
----------------- testing Thu Dec 19 06:26:32 UTC 2019 /home/travis/build/icyphy/ptII/ptolemy/domains/continuous/test/auto/ContinuousInDEInContinuous2.xml
----------------- Instantiating /home/travis/build/icyphy/ptII/ptolemy/domains/continuous/test/auto/ContinuousInDEInContinuous2.xml
37 ms. Memory: 282624K Free: 128971K (46%)
----------------- Invoking toplevel() on ptolemy.moml.MoMLSimpleApplication@7f447dc2
----------------- Done invoking toplevel() on ptolemy.moml.MoMLSimpleApplication@7f447dc2
reloadAllAccessors: .ContinuousInDEInContinuous2

===========================================================================================
----------------- testing Thu Dec 19 06:26:32 UTC 2019 /home/travis/build/icyphy/ptII/ptolemy/domains/continuous/test/auto/ContinuousInDEInContinuous3.xml
----------------- Instantiating /home/travis/build/icyphy/ptII/ptolemy/domains/continuous/test/auto/ContinuousInDEInContinuous3.xml
33 ms. Memory: 282624K Free: 117193K (41%)
----------------- Invoking toplevel() on ptolemy.moml.MoMLSimpleApplication@15fae797
----------------- Done invoking toplevel() on ptolemy.moml.MoMLSimpleApplication@15fae797
reloadAllAccessors: .ContinuousInDEInContinuous3

===========================================================================================
----------------- testing Thu Dec 19 06:26:32 UTC 2019 /home/travis/build/icyphy/ptII/ptolemy/domains/continuous/test/auto/ContinuousInDEInput.xml
----------------- Instantiating /home/travis/build/icyphy/ptII/ptolemy/domains/continuous/test/auto/ContinuousInDEInput.xml
16 ms. Memory: 282624K Free: 110025K (39%)
----------------- Invoking toplevel() on ptolemy.moml.MoMLSimpleApplication@2651e990
----------------- Done invoking toplevel() on ptolemy.moml.MoMLSimpleApplication@2651e990
reloadAllAccessors: .ContinuousInDEInput

===========================================================================================
----------------- testing Thu Dec 19 06:26:33 UTC 2019 /home/travis/build/icyphy/ptII/ptolemy/domains/continuous/test/auto/ContinuousInDEInput2.xml
----------------- Instantiating /home/travis/build/icyphy/ptII/ptolemy/domains/continuous/test/auto/ContinuousInDEInput2.xml
13 ms. Memory: 282624K Free: 102857K (36%)
----------------- Invoking toplevel() on ptolemy.moml.MoMLSimpleApplication@7790b7ec
----------------- Done invoking toplevel() on ptolemy.moml.MoMLSimpleApplication@7790b7ec
reloadAllAccessors: .ContinuousInDEInput2

===========================================================================================
----------------- testing Thu Dec 19 06:26:33 UTC 2019 /home/travis/build/icyphy/ptII/ptolemy/domains/continuous/test/auto/ContinuousInDEInput3.xml
----------------- Instantiating /home/travis/build/icyphy/ptII/ptolemy/domains/continuous/test/auto/ContinuousInDEInput3.xml
11 ms. Memory: 282624K Free: 263385K (93%)
----------------- Invoking toplevel() on ptolemy.moml.MoMLSimpleApplication@10a5375a
----------------- Done invoking toplevel() on ptolemy.moml.MoMLSimpleApplication@10a5375a
reloadAllAccessors: .ContinuousInDEInput3

===========================================================================================
----------------- testing Thu Dec 19 06:26:33 UTC 2019 /home/travis/build/icyphy/ptII/ptolemy/domains/continuous/test/auto/ContinuousInDESharingRefinement.xml
----------------- Instantiating /home/travis/build/icyphy/ptII/ptolemy/domains/continuous/test/auto/ContinuousInDESharingRefinement.xml
157 ms. Memory: 282624K Free: 168667K (60%)
----------------- Invoking toplevel() on ptolemy.moml.MoMLSimpleApplication@422f8f28
----------------- Done invoking toplevel() on ptolemy.moml.MoMLSimpleApplication@422f8f28
reloadAllAccessors: .ContinuousInDESharingRefinement

===========================================================================================
----------------- testing Thu Dec 19 06:26:33 UTC 2019 /home/travis/build/icyphy/ptII/ptolemy/domains/continuous/test/auto/ContinuousInDEwithNoPorts.xml
----------------- Instantiating /home/travis/build/icyphy/ptII/ptolemy/domains/continuous/test/auto/ContinuousInDEwithNoPorts.xml
5 ms. Memory: 282624K Free: 164571K (58%)
----------------- Invoking toplevel() on ptolemy.moml.MoMLSimpleApplication@661bfe6
----------------- Done invoking toplevel() on ptolemy.moml.MoMLSimpleApplication@661bfe6
reloadAllAccessors: .ContinuousInDEwithNoPorts

===========================================================================================
----------------- testing Thu Dec 19 06:26:33 UTC 2019 /home/travis/build/icyphy/ptII/ptolemy/domains/continuous/test/auto/ContinuousInsideDE.xml
----------------- Instantiating /home/travis/build/icyphy/ptII/ptolemy/domains/continuous/test/auto/ContinuousInsideDE.xml
28 ms. Memory: 282624K Free: 153307K (54%)
----------------- Invoking toplevel() on ptolemy.moml.MoMLSimpleApplication@23734536
----------------- Done invoking toplevel() on ptolemy.moml.MoMLSimpleApplication@23734536
reloadAllAccessors: .ContinuousInsideDE

===========================================================================================
----------------- testing Thu Dec 19 06:26:33 UTC 2019 /home/travis/build/icyphy/ptII/ptolemy/domains/continuous/test/auto/ContinuousMerge1.xml
----------------- Instantiating /home/travis/build/icyphy/ptII/ptolemy/domains/continuous/test/auto/ContinuousMerge1.xml
2 ms. Memory: 282624K Free: 149211K (53%)
----------------- Invoking toplevel() on ptolemy.moml.MoMLSimpleApplication@53d419f
----------------- Done invoking toplevel() on ptolemy.moml.MoMLSimpleApplication@53d419f
reloadAllAccessors: .ContinuousMerge1

===========================================================================================
----------------- testing Thu Dec 19 06:26:33 UTC 2019 /home/travis/build/icyphy/ptII/ptolemy/domains/continuous/test/auto/ContinuousMerge2.xml
----------------- Instantiating /home/travis/build/icyphy/ptII/ptolemy/domains/continuous/test/auto/ContinuousMerge2.xml
12 ms. Memory: 282624K Free: 138971K (49%)
----------------- Invoking toplevel() on ptolemy.moml.MoMLSimpleApplication@3999e21a
----------------- Done invoking toplevel() on ptolemy.moml.MoMLSimpleApplication@3999e21a
reloadAllAccessors: .ContinuousMerge2

===========================================================================================
----------------- testing Thu Dec 19 06:26:33 UTC 2019 /home/travis/build/icyphy/ptII/ptolemy/domains/continuous/test/auto/ContinuousMerge3.xml
----------------- Instantiating /home/travis/build/icyphy/ptII/ptolemy/domains/continuous/test/auto/ContinuousMerge3.xml
38 ms. Memory: 282624K Free: 128217K (45%)
----------------- Invoking toplevel() on ptolemy.moml.MoMLSimpleApplication@6a719cf0
----------------- Done invoking toplevel() on ptolemy.moml.MoMLSimpleApplication@6a719cf0
reloadAllAccessors: .ContinuousMerge3

===========================================================================================
----------------- testing Thu Dec 19 06:26:33 UTC 2019 /home/travis/build/icyphy/ptII/ptolemy/domains/continuous/test/auto/ContinuousWithinContinuous.xml
----------------- Instantiating /home/travis/build/icyphy/ptII/ptolemy/domains/continuous/test/auto/ContinuousWithinContinuous.xml
26 ms. Memory: 282624K Free: 119001K (42%)
----------------- Invoking toplevel() on ptolemy.moml.MoMLSimpleApplication@641a219f
----------------- Done invoking toplevel() on ptolemy.moml.MoMLSimpleApplication@641a219f
reloadAllAccessors: .ContinuousWithinContinuous

===========================================================================================
----------------- testing Thu Dec 19 06:26:33 UTC 2019 /home/travis/build/icyphy/ptII/ptolemy/domains/continuous/test/auto/ContinuousWithinContinuous2.xml
----------------- Instantiating /home/travis/build/icyphy/ptII/ptolemy/domains/continuous/test/auto/ContinuousWithinContinuous2.xml
51 ms. Memory: 282624K Free: 107737K (38%)
----------------- Invoking toplevel() on ptolemy.moml.MoMLSimpleApplication@7d64cc6b
----------------- Done invoking toplevel() on ptolemy.moml.MoMLSimpleApplication@7d64cc6b
reloadAllAccessors: .ContinuousWithinContinuous2

===========================================================================================
----------------- testing Thu Dec 19 06:26:33 UTC 2019 /home/travis/build/icyphy/ptII/ptolemy/domains/continuous/test/auto/ContinuousWithinContinuous3.xml
----------------- Instantiating /home/travis/build/icyphy/ptII/ptolemy/domains/continuous/test/auto/ContinuousWithinContinuous3.xml
11 ms. Memory: 282624K Free: 101083K (36%)
----------------- Invoking toplevel() on ptolemy.moml.MoMLSimpleApplication@43780bc2
----------------- Done invoking toplevel() on ptolemy.moml.MoMLSimpleApplication@43780bc2
reloadAllAccessors: .ContinuousWithinContinuous3

===========================================================================================
----------------- testing Thu Dec 19 06:26:33 UTC 2019 /home/travis/build/icyphy/ptII/ptolemy/domains/continuous/test/auto/ContinuousWithinContinuous4.xml
----------------- Instantiating /home/travis/build/icyphy/ptII/ptolemy/domains/continuous/test/auto/ContinuousWithinContinuous4.xml
50 ms. Memory: 282624K Free: 256830K (91%)
----------------- Invoking toplevel() on ptolemy.moml.MoMLSimpleApplication@5b4472c1
----------------- Done invoking toplevel() on ptolemy.moml.MoMLSimpleApplication@5b4472c1
reloadAllAccessors: .ContinuousWithinContinuous4

===========================================================================================
----------------- testing Thu Dec 19 06:26:33 UTC 2019 /home/travis/build/icyphy/ptII/ptolemy/domains/continuous/test/auto/ContinuousWithinContinuous5.xml
----------------- Instantiating /home/travis/build/icyphy/ptII/ptolemy/domains/continuous/test/auto/ContinuousWithinContinuous5.xml
11 ms. Memory: 282624K Free: 249662K (88%)
----------------- Invoking toplevel() on ptolemy.moml.MoMLSimpleApplication@289e527
----------------- Done invoking toplevel() on ptolemy.moml.MoMLSimpleApplication@289e527
reloadAllAccessors: .ContinuousWithinContinuous5

===========================================================================================
----------------- testing Thu Dec 19 06:26:33 UTC 2019 /home/travis/build/icyphy/ptII/ptolemy/domains/continuous/test/auto/ContinuousWithinContinuous6.xml
----------------- Instantiating /home/travis/build/icyphy/ptII/ptolemy/domains/continuous/test/auto/ContinuousWithinContinuous6.xml
11 ms. Memory: 282624K Free: 242494K (86%)
----------------- Invoking toplevel() on ptolemy.moml.MoMLSimpleApplication@19a871e9
----------------- Done invoking toplevel() on ptolemy.moml.MoMLSimpleApplication@19a871e9
reloadAllAccessors: .ContinuousWithinContinuous6

===========================================================================================
----------------- testing Thu Dec 19 06:26:33 UTC 2019 /home/travis/build/icyphy/ptII/ptolemy/domains/continuous/test/auto/ContinuousWithinContinuous7.xml
----------------- Instantiating /home/travis/build/icyphy/ptII/ptolemy/domains/continuous/test/auto/ContinuousWithinContinuous7.xml
54 ms. Memory: 282624K Free: 231230K (82%)
----------------- Invoking toplevel() on ptolemy.moml.MoMLSimpleApplication@354b94fc
----------------- Done invoking toplevel() on ptolemy.moml.MoMLSimpleApplication@354b94fc
reloadAllAccessors: .ContinuousWithinContinuous7

===========================================================================================
----------------- testing Thu Dec 19 06:26:33 UTC 2019 /home/travis/build/icyphy/ptII/ptolemy/domains/continuous/test/auto/DCMotor.xml
----------------- Instantiating /home/travis/build/icyphy/ptII/ptolemy/domains/continuous/test/auto/DCMotor.xml
12246 ms. Memory: 282624K Free: 186483K (66%)
----------------- Invoking toplevel() on ptolemy.moml.MoMLSimpleApplication@48cae98a
----------------- Done invoking toplevel() on ptolemy.moml.MoMLSimpleApplication@48cae98a
reloadAllAccessors: .DCMotor

===========================================================================================
----------------- testing Thu Dec 19 06:26:46 UTC 2019 /home/travis/build/icyphy/ptII/ptolemy/domains/continuous/test/auto/DEInContinuous.xml
----------------- Instantiating /home/travis/build/icyphy/ptII/ptolemy/domains/continuous/test/auto/DEInContinuous.xml
17 ms. Memory: 282624K Free: 180339K (64%)
----------------- Invoking toplevel() on ptolemy.moml.MoMLSimpleApplication@5fe55dae
----------------- Done invoking toplevel() on ptolemy.moml.MoMLSimpleApplication@5fe55dae
reloadAllAccessors: .DEInContinuous

===========================================================================================
----------------- testing Thu Dec 19 06:26:46 UTC 2019 /home/travis/build/icyphy/ptII/ptolemy/domains/continuous/test/auto/DEinContinuous2.xml
----------------- Instantiating /home/travis/build/icyphy/ptII/ptolemy/domains/continuous/test/auto/DEinContinuous2.xml
5 ms. Memory: 282624K Free: 172643K (61%)
----------------- Invoking toplevel() on ptolemy.moml.MoMLSimpleApplication@15f95ad9
----------------- Done invoking toplevel() on ptolemy.moml.MoMLSimpleApplication@15f95ad9
reloadAllAccessors: .DEinContinuous2

===========================================================================================
----------------- testing Thu Dec 19 06:26:46 UTC 2019 /home/travis/build/icyphy/ptII/ptolemy/domains/continuous/test/auto/Derivative.xml
----------------- Instantiating /home/travis/build/icyphy/ptII/ptolemy/domains/continuous/test/auto/Derivative.xml
139 ms. Memory: 282624K Free: 143475K (51%)
----------------- Invoking toplevel() on ptolemy.moml.MoMLSimpleApplication@6ef21013
----------------- Done invoking toplevel() on ptolemy.moml.MoMLSimpleApplication@6ef21013
reloadAllAccessors: .Derivative2

===========================================================================================
----------------- testing Thu Dec 19 06:26:46 UTC 2019 /home/travis/build/icyphy/ptII/ptolemy/domains/continuous/test/auto/Derivative1.xml
----------------- Instantiating /home/travis/build/icyphy/ptII/ptolemy/domains/continuous/test/auto/Derivative1.xml
24 ms. Memory: 282624K Free: 129139K (46%)
----------------- Invoking toplevel() on ptolemy.moml.MoMLSimpleApplication@1a7538e2
----------------- Done invoking toplevel() on ptolemy.moml.MoMLSimpleApplication@1a7538e2
reloadAllAccessors: .Derivative1

===========================================================================================
----------------- testing Thu Dec 19 06:26:46 UTC 2019 /home/travis/build/icyphy/ptII/ptolemy/domains/continuous/test/auto/DiscreteClock.xml
----------------- Instantiating /home/travis/build/icyphy/ptII/ptolemy/domains/continuous/test/auto/DiscreteClock.xml
4 ms. Memory: 282624K Free: 124019K (44%)
----------------- Invoking toplevel() on ptolemy.moml.MoMLSimpleApplication@721d40d
----------------- Done invoking toplevel() on ptolemy.moml.MoMLSimpleApplication@721d40d
reloadAllAccessors: .DiscreteClock

===========================================================================================
----------------- testing Thu Dec 19 06:26:46 UTC 2019 /home/travis/build/icyphy/ptII/ptolemy/domains/continuous/test/auto/EfficiencyCurve.xml
----------------- Instantiating /home/travis/build/icyphy/ptII/ptolemy/domains/continuous/test/auto/EfficiencyCurve.xml
56 ms. Memory: 282624K Free: 114803K (41%)
----------------- Invoking toplevel() on ptolemy.moml.MoMLSimpleApplication@24e7da16
----------------- Done invoking toplevel() on ptolemy.moml.MoMLSimpleApplication@24e7da16
reloadAllAccessors: .EfficiencyCurve

===========================================================================================
----------------- testing Thu Dec 19 06:26:46 UTC 2019 /home/travis/build/icyphy/ptII/ptolemy/domains/continuous/test/auto/ExponentialResponse.xml
----------------- Instantiating /home/travis/build/icyphy/ptII/ptolemy/domains/continuous/test/auto/ExponentialResponse.xml
105 ms. Memory: 282624K Free: 266827K (94%)
----------------- Invoking toplevel() on ptolemy.moml.MoMLSimpleApplication@5fe0dfcb
----------------- Done invoking toplevel() on ptolemy.moml.MoMLSimpleApplication@5fe0dfcb
reloadAllAccessors: .ExponentialResponse

===========================================================================================
----------------- testing Thu Dec 19 06:26:46 UTC 2019 /home/travis/build/icyphy/ptII/ptolemy/domains/continuous/test/auto/ExponentialResponseRK45.xml
----------------- Instantiating /home/travis/build/icyphy/ptII/ptolemy/domains/continuous/test/auto/ExponentialResponseRK45.xml
21 ms. Memory: 282624K Free: 260030K (92%)
----------------- Invoking toplevel() on ptolemy.moml.MoMLSimpleApplication@af5c07
----------------- Done invoking toplevel() on ptolemy.moml.MoMLSimpleApplication@af5c07
reloadAllAccessors: .ExponentialResponseRK45

===========================================================================================
----------------- testing Thu Dec 19 06:26:46 UTC 2019 /home/travis/build/icyphy/ptII/ptolemy/domains/continuous/test/auto/Friction.xml
----------------- Instantiating /home/travis/build/icyphy/ptII/ptolemy/domains/continuous/test/auto/Friction.xml
1343 ms. Memory: 282624K Free: 166757K (59%)
----------------- Invoking toplevel() on ptolemy.moml.MoMLSimpleApplication@1362339d
----------------- Done invoking toplevel() on ptolemy.moml.MoMLSimpleApplication@1362339d
reloadAllAccessors: .Friction

===========================================================================================
----------------- testing Thu Dec 19 06:26:48 UTC 2019 /home/travis/build/icyphy/ptII/ptolemy/domains/continuous/test/auto/FurutaPendulum.xml
----------------- Instantiating /home/travis/build/icyphy/ptII/ptolemy/domains/continuous/test/auto/FurutaPendulum.xml
2775 ms. Memory: 282624K Free: 179188K (63%)
----------------- Invoking toplevel() on ptolemy.moml.MoMLSimpleApplication@469a215
----------------- Done invoking toplevel() on ptolemy.moml.MoMLSimpleApplication@469a215
reloadAllAccessors: .FurutaPendulum

===========================================================================================
----------------- testing Thu Dec 19 06:26:51 UTC 2019 /home/travis/build/icyphy/ptII/ptolemy/domains/continuous/test/auto/HierarchicalExecution.xml
----------------- Instantiating /home/travis/build/icyphy/ptII/ptolemy/domains/continuous/test/auto/HierarchicalExecution.xml
1538 ms. Memory: 282624K Free: 216683K (77%)
----------------- Invoking toplevel() on ptolemy.moml.MoMLSimpleApplication@6d1e77b9
----------------- Done invoking toplevel() on ptolemy.moml.MoMLSimpleApplication@6d1e77b9
reloadAllAccessors: .HierarchicalExecution

===========================================================================================
----------------- testing Thu Dec 19 06:26:52 UTC 2019 /home/travis/build/icyphy/ptII/ptolemy/domains/continuous/test/auto/HybridPlant.xml
----------------- Instantiating /home/travis/build/icyphy/ptII/ptolemy/domains/continuous/test/auto/HybridPlant.xml
495 ms. Memory: 282624K Free: 120938K (43%)
----------------- Invoking toplevel() on ptolemy.moml.MoMLSimpleApplication@2cf814e8
----------------- Done invoking toplevel() on ptolemy.moml.MoMLSimpleApplication@2cf814e8
reloadAllAccessors: .HybridPlant

===========================================================================================
----------------- testing Thu Dec 19 06:26:53 UTC 2019 /home/travis/build/icyphy/ptII/ptolemy/domains/continuous/test/auto/Hysteresis.xml
----------------- Instantiating /home/travis/build/icyphy/ptII/ptolemy/domains/continuous/test/auto/Hysteresis.xml
140 ms. Memory: 282624K Free: 226614K (80%)
----------------- Invoking toplevel() on ptolemy.moml.MoMLSimpleApplication@5057d22b
----------------- Done invoking toplevel() on ptolemy.moml.MoMLSimpleApplication@5057d22b
reloadAllAccessors: .Hysteresis

===========================================================================================
----------------- testing Thu Dec 19 06:26:53 UTC 2019 /home/travis/build/icyphy/ptII/ptolemy/domains/continuous/test/auto/HysteresisWithRandomDelay.xml
----------------- Instantiating /home/travis/build/icyphy/ptII/ptolemy/domains/continuous/test/auto/HysteresisWithRandomDelay.xml
186 ms. Memory: 282624K Free: 155381K (55%)
----------------- Invoking toplevel() on ptolemy.moml.MoMLSimpleApplication@39b50d9a
----------------- Done invoking toplevel() on ptolemy.moml.MoMLSimpleApplication@39b50d9a
reloadAllAccessors: .HysteresisWithRandomDelay

===========================================================================================
----------------- testing Thu Dec 19 06:26:53 UTC 2019 /home/travis/build/icyphy/ptII/ptolemy/domains/continuous/test/auto/HysteresisWithRandomLosses.xml
----------------- Instantiating /home/travis/build/icyphy/ptII/ptolemy/domains/continuous/test/auto/HysteresisWithRandomLosses.xml
2304 ms. Memory: 282624K Free: 235294K (83%)
----------------- Invoking toplevel() on ptolemy.moml.MoMLSimpleApplication@1e2be88a
----------------- Done invoking toplevel() on ptolemy.moml.MoMLSimpleApplication@1e2be88a
reloadAllAccessors: .HysteresisWithRandomLosses

===========================================================================================
----------------- testing Thu Dec 19 06:26:56 UTC 2019 /home/travis/build/icyphy/ptII/ptolemy/domains/continuous/test/auto/ImmediateTransitions.xml
----------------- Instantiating /home/travis/build/icyphy/ptII/ptolemy/domains/continuous/test/auto/ImmediateTransitions.xml
8 ms. Memory: 282624K Free: 224534K (79%)
----------------- Invoking toplevel() on ptolemy.moml.MoMLSimpleApplication@37e78029
----------------- Done invoking toplevel() on ptolemy.moml.MoMLSimpleApplication@37e78029
reloadAllAccessors: .ImmediateTransitions

===========================================================================================
----------------- testing Thu Dec 19 06:26:56 UTC 2019 /home/travis/build/icyphy/ptII/ptolemy/domains/continuous/test/auto/ImpulseFeedback.xml
----------------- Instantiating /home/travis/build/icyphy/ptII/ptolemy/domains/continuous/test/auto/ImpulseFeedback.xml
6 ms. Memory: 282624K Free: 218910K (77%)
----------------- Invoking toplevel() on ptolemy.moml.MoMLSimpleApplication@11880e86
----------------- Done invoking toplevel() on ptolemy.moml.MoMLSimpleApplication@11880e86
reloadAllAccessors: .ImpulseFeedback

===========================================================================================
----------------- testing Thu Dec 19 06:26:56 UTC 2019 /home/travis/build/icyphy/ptII/ptolemy/domains/continuous/test/auto/ImpulseFeedback2.xml
----------------- Instantiating /home/travis/build/icyphy/ptII/ptolemy/domains/continuous/test/auto/ImpulseFeedback2.xml
5 ms. Memory: 282624K Free: 213276K (75%)
----------------- Invoking toplevel() on ptolemy.moml.MoMLSimpleApplication@1664b35c
----------------- Done invoking toplevel() on ptolemy.moml.MoMLSimpleApplication@1664b35c
reloadAllAccessors: .ImpulseFeedback2

===========================================================================================
----------------- testing Thu Dec 19 06:26:56 UTC 2019 /home/travis/build/icyphy/ptII/ptolemy/domains/continuous/test/auto/IncreasingRatePoisson.xml
----------------- Instantiating /home/travis/build/icyphy/ptII/ptolemy/domains/continuous/test/auto/IncreasingRatePoisson.xml
680 ms. Memory: 282624K Free: 244056K (86%)
----------------- Invoking toplevel() on ptolemy.moml.MoMLSimpleApplication@3e3e8765
----------------- Done invoking toplevel() on ptolemy.moml.MoMLSimpleApplication@3e3e8765
reloadAllAccessors: .IncreasingRatePoisson

===========================================================================================
----------------- testing Thu Dec 19 06:26:57 UTC 2019 /home/travis/build/icyphy/ptII/ptolemy/domains/continuous/test/auto/InitialStateFeedback.xml
----------------- Instantiating /home/travis/build/icyphy/ptII/ptolemy/domains/continuous/test/auto/InitialStateFeedback.xml
2 ms. Memory: 282624K Free: 239446K (85%)
----------------- Invoking toplevel() on ptolemy.moml.MoMLSimpleApplication@6ab4f6be
----------------- Done invoking toplevel() on ptolemy.moml.MoMLSimpleApplication@6ab4f6be
reloadAllAccessors: .InitialStateFeedback

===========================================================================================
----------------- testing Thu Dec 19 06:26:57 UTC 2019 /home/travis/build/icyphy/ptII/ptolemy/domains/continuous/test/auto/Integration.xml
----------------- Instantiating /home/travis/build/icyphy/ptII/ptolemy/domains/continuous/test/auto/Integration.xml
3 ms. Memory: 282624K Free: 235350K (83%)
----------------- Invoking toplevel() on ptolemy.moml.MoMLSimpleApplication@76ecc26d
----------------- Done invoking toplevel() on ptolemy.moml.MoMLSimpleApplication@76ecc26d
reloadAllAccessors: .Integration

===========================================================================================
----------------- testing Thu Dec 19 06:26:57 UTC 2019 /home/travis/build/icyphy/ptII/ptolemy/domains/continuous/test/auto/Integration2.xml
----------------- Instantiating /home/travis/build/icyphy/ptII/ptolemy/domains/continuous/test/auto/Integration2.xml
71 ms. Memory: 282624K Free: 221014K (78%)
----------------- Invoking toplevel() on ptolemy.moml.MoMLSimpleApplication@49a92ff4
----------------- Done invoking toplevel() on ptolemy.moml.MoMLSimpleApplication@49a92ff4
reloadAllAccessors: .Integration2

===========================================================================================
----------------- testing Thu Dec 19 06:26:57 UTC 2019 /home/travis/build/icyphy/ptII/ptolemy/domains/continuous/test/auto/Integration3.xml
----------------- Instantiating /home/travis/build/icyphy/ptII/ptolemy/domains/continuous/test/auto/Integration3.xml
2 ms. Memory: 282624K Free: 216912K (77%)
----------------- Invoking toplevel() on ptolemy.moml.MoMLSimpleApplication@78e2318f
----------------- Done invoking toplevel() on ptolemy.moml.MoMLSimpleApplication@78e2318f
reloadAllAccessors: .Integration3

===========================================================================================
----------------- testing Thu Dec 19 06:26:57 UTC 2019 /home/travis/build/icyphy/ptII/ptolemy/domains/continuous/test/auto/Integration5.xml
----------------- Instantiating /home/travis/build/icyphy/ptII/ptolemy/domains/continuous/test/auto/Integration5.xml
1 ms. Memory: 282624K Free: 212312K (75%)
----------------- Invoking toplevel() on ptolemy.moml.MoMLSimpleApplication@1d9320a9
----------------- Done invoking toplevel() on ptolemy.moml.MoMLSimpleApplication@1d9320a9
reloadAllAccessors: .Integration5

===========================================================================================
----------------- testing Thu Dec 19 06:26:57 UTC 2019 /home/travis/build/icyphy/ptII/ptolemy/domains/continuous/test/auto/IntegratorImpulse.xml
----------------- Instantiating /home/travis/build/icyphy/ptII/ptolemy/domains/continuous/test/auto/IntegratorImpulse.xml
2 ms. Memory: 282624K Free: 208216K (74%)
----------------- Invoking toplevel() on ptolemy.moml.MoMLSimpleApplication@446372f4
----------------- Done invoking toplevel() on ptolemy.moml.MoMLSimpleApplication@446372f4
reloadAllAccessors: .IntegratorImpulse

===========================================================================================
----------------- testing Thu Dec 19 06:26:57 UTC 2019 /home/travis/build/icyphy/ptII/ptolemy/domains/continuous/test/auto/IntegratorImpulse2.xml
----------------- Instantiating /home/travis/build/icyphy/ptII/ptolemy/domains/continuous/test/auto/IntegratorImpulse2.xml
3 ms. Memory: 282624K Free: 203606K (72%)
----------------- Invoking toplevel() on ptolemy.moml.MoMLSimpleApplication@794846e
----------------- Done invoking toplevel() on ptolemy.moml.MoMLSimpleApplication@794846e
reloadAllAccessors: .IntegratorImpulse2

===========================================================================================
----------------- testing Thu Dec 19 06:26:57 UTC 2019 /home/travis/build/icyphy/ptII/ptolemy/domains/continuous/test/auto/LevelCrossing1.xml
----------------- Instantiating /home/travis/build/icyphy/ptII/ptolemy/domains/continuous/test/auto/LevelCrossing1.xml
3 ms. Memory: 282624K Free: 198486K (70%)
----------------- Invoking toplevel() on ptolemy.moml.MoMLSimpleApplication@594bdd70
----------------- Done invoking toplevel() on ptolemy.moml.MoMLSimpleApplication@594bdd70
reloadAllAccessors: .LevelCrossing1

===========================================================================================
----------------- testing Thu Dec 19 06:26:57 UTC 2019 /home/travis/build/icyphy/ptII/ptolemy/domains/continuous/test/auto/LevelCrossing2.xml
----------------- Instantiating /home/travis/build/icyphy/ptII/ptolemy/domains/continuous/test/auto/LevelCrossing2.xml
2 ms. Memory: 282624K Free: 193360K (68%)
----------------- Invoking toplevel() on ptolemy.moml.MoMLSimpleApplication@4f94abaf
----------------- Done invoking toplevel() on ptolemy.moml.MoMLSimpleApplication@4f94abaf
reloadAllAccessors: .LevelCrossing2

===========================================================================================
----------------- testing Thu Dec 19 06:26:57 UTC 2019 /home/travis/build/icyphy/ptII/ptolemy/domains/continuous/test/auto/LevelCrossing3.xml
[...]
----------------- Instantiating /home/travis/build/icyphy/ptII/ptolemy/domains/continuous/test/auto/Satellite.xml
640 ms. Memory: 282624K Free: 140222K (50%)
----------------- Invoking toplevel() on ptolemy.moml.MoMLSimpleApplication@3898f10d
----------------- Done invoking toplevel() on ptolemy.moml.MoMLSimpleApplication@3898f10d
reloadAllAccessors: .Satellite

===========================================================================================
----------------- testing Thu Dec 19 06:27:13 UTC 2019 /home/travis/build/icyphy/ptII/ptolemy/domains/continuous/test/auto/SigmaDelta.xml
----------------- Instantiating /home/travis/build/icyphy/ptII/ptolemy/domains/continuous/test/auto/SigmaDelta.xml
1733 ms. Memory: 282624K Free: 202681K (72%)
----------------- Invoking toplevel() on ptolemy.moml.MoMLSimpleApplication@238d31ce
----------------- Done invoking toplevel() on ptolemy.moml.MoMLSimpleApplication@238d31ce
reloadAllAccessors: .SigmaDelta

===========================================================================================
----------------- testing Thu Dec 19 06:27:15 UTC 2019 /home/travis/build/icyphy/ptII/ptolemy/domains/continuous/test/auto/SingleRefinement.xml
----------------- Instantiating /home/travis/build/icyphy/ptII/ptolemy/domains/continuous/test/auto/SingleRefinement.xml
333 ms. Memory: 339968K Free: 245171K (72%)
----------------- Invoking toplevel() on ptolemy.moml.MoMLSimpleApplication@5227f84
----------------- Done invoking toplevel() on ptolemy.moml.MoMLSimpleApplication@5227f84
reloadAllAccessors: .SingleRefinement

===========================================================================================
----------------- testing Thu Dec 19 06:27:15 UTC 2019 /home/travis/build/icyphy/ptII/ptolemy/domains/continuous/test/auto/SinuBouncingBall.xml
----------------- Instantiating /home/travis/build/icyphy/ptII/ptolemy/domains/continuous/test/auto/SinuBouncingBall.xml
788 ms. Memory: 339968K Free: 233604K (69%)
----------------- Invoking toplevel() on ptolemy.moml.MoMLSimpleApplication@50be51df
----------------- Done invoking toplevel() on ptolemy.moml.MoMLSimpleApplication@50be51df
reloadAllAccessors: .SinuBouncingBall

===========================================================================================
----------------- testing Thu Dec 19 06:27:16 UTC 2019 /home/travis/build/icyphy/ptII/ptolemy/domains/continuous/test/auto/Sinusoid.xml
----------------- Instantiating /home/travis/build/icyphy/ptII/ptolemy/domains/continuous/test/auto/Sinusoid.xml
3 ms. Memory: 339968K Free: 228980K (67%)
----------------- Invoking toplevel() on ptolemy.moml.MoMLSimpleApplication@70e3ebdb
----------------- Done invoking toplevel() on ptolemy.moml.MoMLSimpleApplication@70e3ebdb
reloadAllAccessors: .Sinusoid

===========================================================================================
----------------- testing Thu Dec 19 06:27:16 UTC 2019 /home/travis/build/icyphy/ptII/ptolemy/domains/continuous/test/auto/SinusoidInNoise.xml
----------------- Instantiating /home/travis/build/icyphy/ptII/ptolemy/domains/continuous/test/auto/SinusoidInNoise.xml
749 ms. Memory: 339968K Free: 291376K (86%)
----------------- Invoking toplevel() on ptolemy.moml.MoMLSimpleApplication@517a6f23
----------------- Done invoking toplevel() on ptolemy.moml.MoMLSimpleApplication@517a6f23
reloadAllAccessors: .SinusoidInNoise

===========================================================================================
----------------- testing Thu Dec 19 06:27:17 UTC 2019 /home/travis/build/icyphy/ptII/ptolemy/domains/continuous/test/auto/SinusoidRK45.xml
----------------- Instantiating /home/travis/build/icyphy/ptII/ptolemy/domains/continuous/test/auto/SinusoidRK45.xml
3 ms. Memory: 339968K Free: 286770K (84%)
----------------- Invoking toplevel() on ptolemy.moml.MoMLSimpleApplication@539ccfac
----------------- Done invoking toplevel() on ptolemy.moml.MoMLSimpleApplication@539ccfac
reloadAllAccessors: .SinusoidRK45

===========================================================================================
----------------- testing Thu Dec 19 06:27:17 UTC 2019 /home/travis/build/icyphy/ptII/ptolemy/domains/continuous/test/auto/SinusoidWithMultipleImpulses.xml
----------------- Instantiating /home/travis/build/icyphy/ptII/ptolemy/domains/continuous/test/auto/SinusoidWithMultipleImpulses.xml
2 ms. Memory: 339968K Free: 282160K (83%)
----------------- Invoking toplevel() on ptolemy.moml.MoMLSimpleApplication@4606867c
----------------- Done invoking toplevel() on ptolemy.moml.MoMLSimpleApplication@4606867c
reloadAllAccessors: .SinusoidWithMultipleImpulses

===========================================================================================
----------------- testing Thu Dec 19 06:27:17 UTC 2019 /home/travis/build/icyphy/ptII/ptolemy/domains/continuous/test/auto/SquareWave.xml
----------------- Instantiating /home/travis/build/icyphy/ptII/ptolemy/domains/continuous/test/auto/SquareWave.xml
138 ms. Memory: 339968K Free: 255026K (75%)
----------------- Invoking toplevel() on ptolemy.moml.MoMLSimpleApplication@71dfe884
----------------- Done invoking toplevel() on ptolemy.moml.MoMLSimpleApplication@71dfe884
reloadAllAccessors: .SquareWave

===========================================================================================
----------------- testing Thu Dec 19 06:27:17 UTC 2019 /home/travis/build/icyphy/ptII/ptolemy/domains/continuous/test/auto/Starmac.xml
----------------- Instantiating /home/travis/build/icyphy/ptII/ptolemy/domains/continuous/test/auto/Starmac.xml
3075 ms. Memory: 339968K Free: 140962K (41%)
----------------- Invoking toplevel() on ptolemy.moml.MoMLSimpleApplication@23352710
----------------- Done invoking toplevel() on ptolemy.moml.MoMLSimpleApplication@23352710
reloadAllAccessors: .Starmac

===========================================================================================
----------------- testing Thu Dec 19 06:27:21 UTC 2019 /home/travis/build/icyphy/ptII/ptolemy/domains/continuous/test/auto/StaticUnits.xml
----------------- Instantiating /home/travis/build/icyphy/ptII/ptolemy/domains/continuous/test/auto/StaticUnits.xml
1646 ms. Memory: 339968K Free: 278698K (82%)
----------------- Invoking toplevel() on ptolemy.moml.MoMLSimpleApplication@44e1bfaa
----------------- Done invoking toplevel() on ptolemy.moml.MoMLSimpleApplication@44e1bfaa
reloadAllAccessors: .StaticUnits

===========================================================================================
----------------- testing Thu Dec 19 06:27:23 UTC 2019 /home/travis/build/icyphy/ptII/ptolemy/domains/continuous/test/auto/StickyMasses.xml
----------------- Instantiating /home/travis/build/icyphy/ptII/ptolemy/domains/continuous/test/auto/StickyMasses.xml
124 ms. Memory: 339968K Free: 229036K (67%)
----------------- Invoking toplevel() on ptolemy.moml.MoMLSimpleApplication@4edc1550
----------------- Done invoking toplevel() on ptolemy.moml.MoMLSimpleApplication@4edc1550
reloadAllAccessors: .StickyMasses

===========================================================================================
----------------- testing Thu Dec 19 06:27:23 UTC 2019 /home/travis/build/icyphy/ptII/ptolemy/domains/continuous/test/auto/StopTime.xml
----------------- Instantiating /home/travis/build/icyphy/ptII/ptolemy/domains/continuous/test/auto/StopTime.xml
37 ms. Memory: 339968K Free: 203932K (60%)
----------------- Invoking toplevel() on ptolemy.moml.MoMLSimpleApplication@15fcfb7c
----------------- Done invoking toplevel() on ptolemy.moml.MoMLSimpleApplication@15fcfb7c
reloadAllAccessors: .StopTime

===========================================================================================
----------------- testing Thu Dec 19 06:27:23 UTC 2019 /home/travis/build/icyphy/ptII/ptolemy/domains/continuous/test/auto/StopTime2.xml
----------------- Instantiating /home/travis/build/icyphy/ptII/ptolemy/domains/continuous/test/auto/StopTime2.xml
33 ms. Memory: 339968K Free: 181932K (54%)
----------------- Invoking toplevel() on ptolemy.moml.MoMLSimpleApplication@e6d3a9f
----------------- Done invoking toplevel() on ptolemy.moml.MoMLSimpleApplication@e6d3a9f
reloadAllAccessors: .StopTime2

===========================================================================================
----------------- testing Thu Dec 19 06:27:23 UTC 2019 /home/travis/build/icyphy/ptII/ptolemy/domains/continuous/test/auto/Switch.xml
----------------- Instantiating /home/travis/build/icyphy/ptII/ptolemy/domains/continuous/test/auto/Switch.xml
35 ms. Memory: 339968K Free: 156828K (46%)
----------------- Invoking toplevel() on ptolemy.moml.MoMLSimpleApplication@622ff8ef
----------------- Done invoking toplevel() on ptolemy.moml.MoMLSimpleApplication@622ff8ef
reloadAllAccessors: .Switch

===========================================================================================
----------------- testing Thu Dec 19 06:27:23 UTC 2019 /home/travis/build/icyphy/ptII/ptolemy/domains/continuous/test/auto/Thermostat.xml
----------------- Instantiating /home/travis/build/icyphy/ptII/ptolemy/domains/continuous/test/auto/Thermostat.xml
185 ms. Memory: 339968K Free: 282424K (83%)
----------------- Invoking toplevel() on ptolemy.moml.MoMLSimpleApplication@76d95658
----------------- Done invoking toplevel() on ptolemy.moml.MoMLSimpleApplication@76d95658
reloadAllAccessors: .Thermostat

===========================================================================================
----------------- testing Thu Dec 19 06:27:23 UTC 2019 /home/travis/build/icyphy/ptII/ptolemy/domains/continuous/test/auto/TimeDelay.xml
----------------- Instantiating /home/travis/build/icyphy/ptII/ptolemy/domains/continuous/test/auto/TimeDelay.xml
5 ms. Memory: 339968K Free: 277319K (82%)
----------------- Invoking toplevel() on ptolemy.moml.MoMLSimpleApplication@10a6509
----------------- Done invoking toplevel() on ptolemy.moml.MoMLSimpleApplication@10a6509
reloadAllAccessors: .TimeDelay

===========================================================================================
----------------- testing Thu Dec 19 06:27:23 UTC 2019 /home/travis/build/icyphy/ptII/ptolemy/domains/continuous/test/auto/TimeDelay2.xml
----------------- Instantiating /home/travis/build/icyphy/ptII/ptolemy/domains/continuous/test/auto/TimeDelay2.xml
6 ms. Memory: 339968K Free: 267079K (79%)
----------------- Invoking toplevel() on ptolemy.moml.MoMLSimpleApplication@6b0b1bde
----------------- Done invoking toplevel() on ptolemy.moml.MoMLSimpleApplication@6b0b1bde
reloadAllAccessors: .TimeDelay2

===========================================================================================
----------------- testing Thu Dec 19 06:27:23 UTC 2019 /home/travis/build/icyphy/ptII/ptolemy/domains/continuous/test/auto/TimeDelay3.xml
----------------- Instantiating /home/travis/build/icyphy/ptII/ptolemy/domains/continuous/test/auto/TimeDelay3.xml
5 ms. Memory: 339968K Free: 262471K (77%)
----------------- Invoking toplevel() on ptolemy.moml.MoMLSimpleApplication@3698279e
----------------- Done invoking toplevel() on ptolemy.moml.MoMLSimpleApplication@3698279e
reloadAllAccessors: .TimeDelay3

===========================================================================================
----------------- testing Thu Dec 19 06:27:23 UTC 2019 /home/travis/build/icyphy/ptII/ptolemy/domains/continuous/test/auto/TransferAbsentToInside.xml
----------------- Instantiating /home/travis/build/icyphy/ptII/ptolemy/domains/continuous/test/auto/TransferAbsentToInside.xml
25 ms. Memory: 339968K Free: 209720K (62%)
----------------- Invoking toplevel() on ptolemy.moml.MoMLSimpleApplication@57a228a9
----------------- Done invoking toplevel() on ptolemy.moml.MoMLSimpleApplication@57a228a9
reloadAllAccessors: .TransferAbsentToInside

===========================================================================================
----------------- testing Thu Dec 19 06:27:23 UTC 2019 /home/travis/build/icyphy/ptII/ptolemy/domains/continuous/test/auto/Transmission.xml
----------------- Instantiating /home/travis/build/icyphy/ptII/ptolemy/domains/continuous/test/auto/Transmission.xml
721 ms. Memory: 339968K Free: 173368K (51%)
----------------- Invoking toplevel() on ptolemy.moml.MoMLSimpleApplication@1112765e
----------------- Done invoking toplevel() on ptolemy.moml.MoMLSimpleApplication@1112765e
reloadAllAccessors: .Transmission

===========================================================================================
----------------- testing Thu Dec 19 06:27:24 UTC 2019 /home/travis/build/icyphy/ptII/ptolemy/domains/continuous/test/auto/TriggeredContinuousClock.xml
----------------- Instantiating /home/travis/build/icyphy/ptII/ptolemy/domains/continuous/test/auto/TriggeredContinuousClock.xml
31 ms. Memory: 339968K Free: 143672K (42%)
----------------- Invoking toplevel() on ptolemy.moml.MoMLSimpleApplication@6b09af4e
----------------- Done invoking toplevel() on ptolemy.moml.MoMLSimpleApplication@6b09af4e
reloadAllAccessors: .TriggeredContinuousClock

===========================================================================================
----------------- testing Thu Dec 19 06:27:24 UTC 2019 /home/travis/build/icyphy/ptII/ptolemy/domains/continuous/test/auto/TwoMachineInfiniteBusControl.xml
----------------- Instantiating /home/travis/build/icyphy/ptII/ptolemy/domains/continuous/test/auto/TwoMachineInfiniteBusControl.xml
2574 ms. Memory: 339968K Free: 139702K (41%)
----------------- Invoking toplevel() on ptolemy.moml.MoMLSimpleApplication@2e7737f
----------------- Done invoking toplevel() on ptolemy.moml.MoMLSimpleApplication@2e7737f
reloadAllAccessors: .TwoMachineInfiniteBusControl

===========================================================================================
----------------- testing Thu Dec 19 06:27:27 UTC 2019 /home/travis/build/icyphy/ptII/ptolemy/domains/continuous/test/auto/V2V.xml
----------------- Instantiating /home/travis/build/icyphy/ptII/ptolemy/domains/continuous/test/auto/V2V.xml
697 ms. Memory: 339968K Free: 148901K (44%)
----------------- Invoking toplevel() on ptolemy.moml.MoMLSimpleApplication@2e45e067
----------------- Done invoking toplevel() on ptolemy.moml.MoMLSimpleApplication@2e45e067
reloadAllAccessors: .V2V

===========================================================================================
----------------- testing Thu Dec 19 06:27:28 UTC 2019 /home/travis/build/icyphy/ptII/ptolemy/domains/continuous/test/auto/hierarchicalModalModel.xml
----------------- Instantiating /home/travis/build/icyphy/ptII/ptolemy/domains/continuous/test/auto/hierarchicalModalModel.xml
8 ms. Memory: 339968K Free: 135079K (40%)
----------------- Invoking toplevel() on ptolemy.moml.MoMLSimpleApplication@1a5933ef
----------------- Done invoking toplevel() on ptolemy.moml.MoMLSimpleApplication@1a5933ef
reloadAllAccessors: .hierarchicalModalModel

===========================================================================================
----------------- testing Thu Dec 19 06:27:28 UTC 2019 /home/travis/build/icyphy/ptII/ptolemy/domains/continuous/test/auto/hierarchicalModalModel1.xml
----------------- Instantiating /home/travis/build/icyphy/ptII/ptolemy/domains/continuous/test/auto/hierarchicalModalModel1.xml
9 ms. Memory: 339968K Free: 120743K (36%)
----------------- Invoking toplevel() on ptolemy.moml.MoMLSimpleApplication@60340fb2
----------------- Done invoking toplevel() on ptolemy.moml.MoMLSimpleApplication@60340fb2
reloadAllAccessors: .hierarchicalModalModel1

===========================================================================================
----------------- testing Thu Dec 19 06:27:28 UTC 2019 /home/travis/build/icyphy/ptII/ptolemy/domains/continuous/test/auto/hierarchicalModalModel2.xml
----------------- Instantiating /home/travis/build/icyphy/ptII/ptolemy/domains/continuous/test/auto/hierarchicalModalModel2.xml
7 ms. Memory: 339968K Free: 306436K (90%)
----------------- Invoking toplevel() on ptolemy.moml.MoMLSimpleApplication@1b1f33a0
----------------- Done invoking toplevel() on ptolemy.moml.MoMLSimpleApplication@1b1f33a0
reloadAllAccessors: .hierarchicalModalModel2

===========================================================================================
----------------- testing Thu Dec 19 06:27:28 UTC 2019 /home/travis/build/icyphy/ptII/ptolemy/domains/continuous/test/auto/hierarchicalModalModel3.xml
----------------- Instantiating /home/travis/build/icyphy/ptII/ptolemy/domains/continuous/test/auto/hierarchicalModalModel3.xml
5 ms. Memory: 339968K Free: 295682K (87%)
----------------- Invoking toplevel() on ptolemy.moml.MoMLSimpleApplication@12cee98e
----------------- Done invoking toplevel() on ptolemy.moml.MoMLSimpleApplication@12cee98e
reloadAllAccessors: .hierarchicalModalModel3

===========================================================================================
----------------- testing Thu Dec 19 06:27:28 UTC 2019 /home/travis/build/icyphy/ptII/ptolemy/domains/continuous/test/auto/hierarchicalModalModel4.xml
----------------- Instantiating /home/travis/build/icyphy/ptII/ptolemy/domains/continuous/test/auto/hierarchicalModalModel4.xml
5 ms. Memory: 339968K Free: 283908K (84%)
----------------- Invoking toplevel() on ptolemy.moml.MoMLSimpleApplication@75735f52
----------------- Done invoking toplevel() on ptolemy.moml.MoMLSimpleApplication@75735f52
reloadAllAccessors: .hierarchicalModalModel4

===========================================================================================
----------------- testing Thu Dec 19 06:27:28 UTC 2019 /home/travis/build/icyphy/ptII/ptolemy/domains/continuous/test/auto/junk.xml
----------------- Instantiating /home/travis/build/icyphy/ptII/ptolemy/domains/continuous/test/auto/junk.xml
115 ms. Memory: 339968K Free: 255236K (75%)
----------------- Invoking toplevel() on ptolemy.moml.MoMLSimpleApplication@3deafbc6
----------------- Done invoking toplevel() on ptolemy.moml.MoMLSimpleApplication@3deafbc6
reloadAllAccessors: .junk
AutoTests.java: About to close Vertx.
AutoTests.java: Vertx closed.
]]></system-out>
  <system-err><![CDATA[Warning: '.HysteresisWithRandomDelay.NonStrictTest' The test produced only 221 tokens, yet the correctValues parameter was expecting 222 tokens.
Warning: '.HysteresisWithRandomDelay.NonStrictTest2' The test produced only 220 tokens, yet the correctValues parameter was expecting 221 tokens.
Warning: '.HysteresisWithRandomDelay.NonStrictTest3' The test produced only 22 tokens, yet the correctValues parameter was expecting 30 tokens.
Warning: '.IncreasingRatePoisson.NonStrictTest' The test produced only 388 tokens, yet the correctValues parameter was expecting 402 tokens.
Warning: '.Poisson.NonStrictTest' The test produced only 323 tokens, yet the correctValues parameter was expecting 430 tokens.
java.lang.RuntimeException: Execution failed
	at ptolemy.moml.MoMLSimpleApplication$UnloadThread.run(MoMLSimpleApplication.java:402)
Caused by: ptolemy.kernel.util.IllegalActionException: Test fails in iteration 1436.
Value was: 10.7147765126978. Should have been: 0.2560499764235
  in .Poisson.NonStrictTest
	at ptolemy.actor.lib.NonStrictTest.postfire(NonStrictTest.java:328)
	at ptolemy.actor.sched.FixedPointDirector._postfireActor(FixedPointDirector.java:1027)
	at ptolemy.actor.sched.FixedPointDirector.postfire(FixedPointDirector.java:520)
	at ptolemy.domains.continuous.kernel.ContinuousDirector._commit(ContinuousDirector.java:1426)
	at ptolemy.domains.continuous.kernel.ContinuousDirector._postfireAtTopLevel(ContinuousDirector.java:1585)
	at ptolemy.domains.continuous.kernel.ContinuousDirector.postfire(ContinuousDirector.java:839)
	at ptolemy.actor.CompositeActor.postfire(CompositeActor.java:1668)
	at ptolemy.actor.Manager.iterate(Manager.java:852)
	at ptolemy.actor.Manager.execute(Manager.java:369)
	at ptolemy.actor.Manager.run(Manager.java:1263)
	at ptolemy.actor.Manager$PtolemyRunThread.run(Manager.java:1933)
]]></system-err>
</testsuite>
