<?xml version="1.0" encoding="UTF-8" ?>
<testsuite errors="0" failures="0" hostname="travis-job-c6caa71c-58cc-4a67-b387-238c878b35a5" name="ptolemy.domains.continuous.test.junit.JUnitTclTest" skipped="0" tests="156" time="77.18" timestamp="2019-02-05T03:25:51">
  <properties>
[...]
</properties>
  <testcase classname="ptolemy.util.test.junit.TclTests" name="[0] ThereAreNoTclTests (RunTclFile)" time="0.001" />
  <testcase classname="ptolemy.util.test.junit.AutoKnownFailedTests" name="[0] ThereAreNoKnowFailedTests (RunModel)" time="0.002" />
  <testcase classname="ptolemy.util.test.junit.AutoNameArchTests" name="[0] ThereAreNoAutoArchTests (RunModel)" time="0.001" />
  <testcase classname="ptolemy.util.test.junit.AutoTests" name="[0] /home/travis/build/icyphy/ptII/ptolemy/domains/continuous/test/auto/BouncingBall.xml (RunModel)" time="2.939" />
  <testcase classname="ptolemy.util.test.junit.AutoTests" name="[1] /home/travis/build/icyphy/ptII/ptolemy/domains/continuous/test/auto/BouncingBallWithoutGR.xml (RunModel)" time="0.789" />
  <testcase classname="ptolemy.util.test.junit.AutoTests" name="[2] /home/travis/build/icyphy/ptII/ptolemy/domains/continuous/test/auto/Brownian.xml (RunModel)" time="0.146" />
  <testcase classname="ptolemy.util.test.junit.AutoTests" name="[3] /home/travis/build/icyphy/ptII/ptolemy/domains/continuous/test/auto/CarTracking.xml (RunModel)" time="3.888" />
  <testcase classname="ptolemy.util.test.junit.AutoTests" name="[4] /home/travis/build/icyphy/ptII/ptolemy/domains/continuous/test/auto/CartPendulum.xml (RunModel)" time="0.566" />
  <testcase classname="ptolemy.util.test.junit.AutoTests" name="[5] /home/travis/build/icyphy/ptII/ptolemy/domains/continuous/test/auto/CausalityInterface10.xml (RunModel)" time="0.065" />
  <testcase classname="ptolemy.util.test.junit.AutoTests" name="[6] /home/travis/build/icyphy/ptII/ptolemy/domains/continuous/test/auto/CausalityInterface11.xml (RunModel)" time="0.058" />
  <testcase classname="ptolemy.util.test.junit.AutoTests" name="[7] /home/travis/build/icyphy/ptII/ptolemy/domains/continuous/test/auto/CausalityInterface12.xml (RunModel)" time="0.052" />
  <testcase classname="ptolemy.util.test.junit.AutoTests" name="[8] /home/travis/build/icyphy/ptII/ptolemy/domains/continuous/test/auto/CausalityInterface13.xml (RunModel)" time="0.038" />
  <testcase classname="ptolemy.util.test.junit.AutoTests" name="[9] /home/travis/build/icyphy/ptII/ptolemy/domains/continuous/test/auto/CausalityInterface14.xml (RunModel)" time="0.034" />
  <testcase classname="ptolemy.util.test.junit.AutoTests" name="[10] /home/travis/build/icyphy/ptII/ptolemy/domains/continuous/test/auto/CausalityInterface4.xml (RunModel)" time="0.046" />
  <testcase classname="ptolemy.util.test.junit.AutoTests" name="[11] /home/travis/build/icyphy/ptII/ptolemy/domains/continuous/test/auto/CausalityInterface5.xml (RunModel)" time="0.052" />
  <testcase classname="ptolemy.util.test.junit.AutoTests" name="[12] /home/travis/build/icyphy/ptII/ptolemy/domains/continuous/test/auto/CausalityInterface6.xml (RunModel)" time="0.031" />
  <testcase classname="ptolemy.util.test.junit.AutoTests" name="[13] /home/travis/build/icyphy/ptII/ptolemy/domains/continuous/test/auto/CausalityInterface7.xml (RunModel)" time="0.046" />
  <testcase classname="ptolemy.util.test.junit.AutoTests" name="[14] /home/travis/build/icyphy/ptII/ptolemy/domains/continuous/test/auto/CausalityInterface8.xml (RunModel)" time="0.039" />
  <testcase classname="ptolemy.util.test.junit.AutoTests" name="[15] /home/travis/build/icyphy/ptII/ptolemy/domains/continuous/test/auto/CausalityInterface9.xml (RunModel)" time="0.052" />
  <testcase classname="ptolemy.util.test.junit.AutoTests" name="[16] /home/travis/build/icyphy/ptII/ptolemy/domains/continuous/test/auto/CausalityInterfaceFeedback1.xml (RunModel)" time="0.036" />
  <testcase classname="ptolemy.util.test.junit.AutoTests" name="[17] /home/travis/build/icyphy/ptII/ptolemy/domains/continuous/test/auto/CausalityInterfaceFeedback2.xml (RunModel)" time="0.033" />
  <testcase classname="ptolemy.util.test.junit.AutoTests" name="[18] /home/travis/build/icyphy/ptII/ptolemy/domains/continuous/test/auto/CompareWithCurrentTime.xml (RunModel)" time="0.025" />
  <testcase classname="ptolemy.util.test.junit.AutoTests" name="[19] /home/travis/build/icyphy/ptII/ptolemy/domains/continuous/test/auto/ComparedClocks.xml (RunModel)" time="0.071" />
  <testcase classname="ptolemy.util.test.junit.AutoTests" name="[20] /home/travis/build/icyphy/ptII/ptolemy/domains/continuous/test/auto/ContinuousAOCClone.xml (RunModel)" time="2.796" />
  <testcase classname="ptolemy.util.test.junit.AutoTests" name="[21] /home/travis/build/icyphy/ptII/ptolemy/domains/continuous/test/auto/ContinuousClock.xml (RunModel)" time="0.108" />
  <testcase classname="ptolemy.util.test.junit.AutoTests" name="[22] /home/travis/build/icyphy/ptII/ptolemy/domains/continuous/test/auto/ContinuousInContinuous.xml (RunModel)" time="0.088" />
  <testcase classname="ptolemy.util.test.junit.AutoTests" name="[23] /home/travis/build/icyphy/ptII/ptolemy/domains/continuous/test/auto/ContinuousInContinuousInContinuous.xml (RunModel)" time="0.03" />
  <testcase classname="ptolemy.util.test.junit.AutoTests" name="[24] /home/travis/build/icyphy/ptII/ptolemy/domains/continuous/test/auto/ContinuousInDE.xml (RunModel)" time="0.102" />
  <testcase classname="ptolemy.util.test.junit.AutoTests" name="[25] /home/travis/build/icyphy/ptII/ptolemy/domains/continuous/test/auto/ContinuousInDE2.xml (RunModel)" time="0.069" />
  <testcase classname="ptolemy.util.test.junit.AutoTests" name="[26] /home/travis/build/icyphy/ptII/ptolemy/domains/continuous/test/auto/ContinuousInDE3.xml (RunModel)" time="0.065" />
  <testcase classname="ptolemy.util.test.junit.AutoTests" name="[27] /home/travis/build/icyphy/ptII/ptolemy/domains/continuous/test/auto/ContinuousInDE4.xml (RunModel)" time="0.039" />
  <testcase classname="ptolemy.util.test.junit.AutoTests" name="[28] /home/travis/build/icyphy/ptII/ptolemy/domains/continuous/test/auto/ContinuousInDEDifferentRefinements.xml (RunModel)" time="0.122" />
  <testcase classname="ptolemy.util.test.junit.AutoTests" name="[29] /home/travis/build/icyphy/ptII/ptolemy/domains/continuous/test/auto/ContinuousInDEDifferentRefinementsPreemptive.xml (RunModel)" time="0.1" />
  <testcase classname="ptolemy.util.test.junit.AutoTests" name="[30] /home/travis/build/icyphy/ptII/ptolemy/domains/continuous/test/auto/ContinuousInDEInContinuous2.xml (RunModel)" time="0.058" />
  <testcase classname="ptolemy.util.test.junit.AutoTests" name="[31] /home/travis/build/icyphy/ptII/ptolemy/domains/continuous/test/auto/ContinuousInDEInContinuous3.xml (RunModel)" time="0.056" />
  <testcase classname="ptolemy.util.test.junit.AutoTests" name="[32] /home/travis/build/icyphy/ptII/ptolemy/domains/continuous/test/auto/ContinuousInDEInput.xml (RunModel)" time="0.039" />
  <testcase classname="ptolemy.util.test.junit.AutoTests" name="[33] /home/travis/build/icyphy/ptII/ptolemy/domains/continuous/test/auto/ContinuousInDEInput2.xml (RunModel)" time="0.035" />
  <testcase classname="ptolemy.util.test.junit.AutoTests" name="[34] /home/travis/build/icyphy/ptII/ptolemy/domains/continuous/test/auto/ContinuousInDEInput3.xml (RunModel)" time="0.039" />
  <testcase classname="ptolemy.util.test.junit.AutoTests" name="[35] /home/travis/build/icyphy/ptII/ptolemy/domains/continuous/test/auto/ContinuousInDESharingRefinement.xml (RunModel)" time="0.202" />
  <testcase classname="ptolemy.util.test.junit.AutoTests" name="[36] /home/travis/build/icyphy/ptII/ptolemy/domains/continuous/test/auto/ContinuousInDEwithNoPorts.xml (RunModel)" time="0.021" />
  <testcase classname="ptolemy.util.test.junit.AutoTests" name="[37] /home/travis/build/icyphy/ptII/ptolemy/domains/continuous/test/auto/ContinuousInsideDE.xml (RunModel)" time="0.082" />
  <testcase classname="ptolemy.util.test.junit.AutoTests" name="[38] /home/travis/build/icyphy/ptII/ptolemy/domains/continuous/test/auto/ContinuousMerge1.xml (RunModel)" time="0.018" />
  <testcase classname="ptolemy.util.test.junit.AutoTests" name="[39] /home/travis/build/icyphy/ptII/ptolemy/domains/continuous/test/auto/ContinuousMerge2.xml (RunModel)" time="0.042" />
  <testcase classname="ptolemy.util.test.junit.AutoTests" name="[40] /home/travis/build/icyphy/ptII/ptolemy/domains/continuous/test/auto/ContinuousMerge3.xml (RunModel)" time="0.071" />
  <testcase classname="ptolemy.util.test.junit.AutoTests" name="[41] /home/travis/build/icyphy/ptII/ptolemy/domains/continuous/test/auto/ContinuousWithinContinuous.xml (RunModel)" time="0.062" />
  <testcase classname="ptolemy.util.test.junit.AutoTests" name="[42] /home/travis/build/icyphy/ptII/ptolemy/domains/continuous/test/auto/ContinuousWithinContinuous2.xml (RunModel)" time="0.086" />
  <testcase classname="ptolemy.util.test.junit.AutoTests" name="[43] /home/travis/build/icyphy/ptII/ptolemy/domains/continuous/test/auto/ContinuousWithinContinuous3.xml (RunModel)" time="0.036" />
  <testcase classname="ptolemy.util.test.junit.AutoTests" name="[44] /home/travis/build/icyphy/ptII/ptolemy/domains/continuous/test/auto/ContinuousWithinContinuous4.xml (RunModel)" time="0.081" />
  <testcase classname="ptolemy.util.test.junit.AutoTests" name="[45] /home/travis/build/icyphy/ptII/ptolemy/domains/continuous/test/auto/ContinuousWithinContinuous5.xml (RunModel)" time="0.028" />
  <testcase classname="ptolemy.util.test.junit.AutoTests" name="[46] /home/travis/build/icyphy/ptII/ptolemy/domains/continuous/test/auto/ContinuousWithinContinuous6.xml (RunModel)" time="0.029" />
  <testcase classname="ptolemy.util.test.junit.AutoTests" name="[47] /home/travis/build/icyphy/ptII/ptolemy/domains/continuous/test/auto/ContinuousWithinContinuous7.xml (RunModel)" time="0.074" />
  <testcase classname="ptolemy.util.test.junit.AutoTests" name="[48] /home/travis/build/icyphy/ptII/ptolemy/domains/continuous/test/auto/DCMotor.xml (RunModel)" time="14.947" />
  <testcase classname="ptolemy.util.test.junit.AutoTests" name="[49] /home/travis/build/icyphy/ptII/ptolemy/domains/continuous/test/auto/DEInContinuous.xml (RunModel)" time="0.017" />
  <testcase classname="ptolemy.util.test.junit.AutoTests" name="[50] /home/travis/build/icyphy/ptII/ptolemy/domains/continuous/test/auto/DEinContinuous2.xml (RunModel)" time="0.022" />
  <testcase classname="ptolemy.util.test.junit.AutoTests" name="[51] /home/travis/build/icyphy/ptII/ptolemy/domains/continuous/test/auto/Derivative.xml (RunModel)" time="0.189" />
  <testcase classname="ptolemy.util.test.junit.AutoTests" name="[52] /home/travis/build/icyphy/ptII/ptolemy/domains/continuous/test/auto/Derivative1.xml (RunModel)" time="0.037" />
  <testcase classname="ptolemy.util.test.junit.AutoTests" name="[53] /home/travis/build/icyphy/ptII/ptolemy/domains/continuous/test/auto/DiscreteClock.xml (RunModel)" time="0.015" />
  <testcase classname="ptolemy.util.test.junit.AutoTests" name="[54] /home/travis/build/icyphy/ptII/ptolemy/domains/continuous/test/auto/EfficiencyCurve.xml (RunModel)" time="0.073" />
  <testcase classname="ptolemy.util.test.junit.AutoTests" name="[55] /home/travis/build/icyphy/ptII/ptolemy/domains/continuous/test/auto/ExponentialResponse.xml (RunModel)" time="0.147" />
  <testcase classname="ptolemy.util.test.junit.AutoTests" name="[56] /home/travis/build/icyphy/ptII/ptolemy/domains/continuous/test/auto/ExponentialResponseRK45.xml (RunModel)" time="0.04" />
  <testcase classname="ptolemy.util.test.junit.AutoTests" name="[57] /home/travis/build/icyphy/ptII/ptolemy/domains/continuous/test/auto/Friction.xml (RunModel)" time="1.563" />
  <testcase classname="ptolemy.util.test.junit.AutoTests" name="[58] /home/travis/build/icyphy/ptII/ptolemy/domains/continuous/test/auto/FurutaPendulum.xml (RunModel)" time="3.856" />
  <testcase classname="ptolemy.util.test.junit.AutoTests" name="[59] /home/travis/build/icyphy/ptII/ptolemy/domains/continuous/test/auto/HierarchicalExecution.xml (RunModel)" time="2.518" />
  <testcase classname="ptolemy.util.test.junit.AutoTests" name="[60] /home/travis/build/icyphy/ptII/ptolemy/domains/continuous/test/auto/HybridPlant.xml (RunModel)" time="0.576" />
  <testcase classname="ptolemy.util.test.junit.AutoTests" name="[61] /home/travis/build/icyphy/ptII/ptolemy/domains/continuous/test/auto/Hysteresis.xml (RunModel)" time="0.163" />
  <testcase classname="ptolemy.util.test.junit.AutoTests" name="[62] /home/travis/build/icyphy/ptII/ptolemy/domains/continuous/test/auto/HysteresisWithRandomDelay.xml (RunModel)" time="0.215" />
  <testcase classname="ptolemy.util.test.junit.AutoTests" name="[63] /home/travis/build/icyphy/ptII/ptolemy/domains/continuous/test/auto/HysteresisWithRandomLosses.xml (RunModel)" time="2.427" />
  <testcase classname="ptolemy.util.test.junit.AutoTests" name="[64] /home/travis/build/icyphy/ptII/ptolemy/domains/continuous/test/auto/ImmediateTransitions.xml (RunModel)" time="0.025" />
  <testcase classname="ptolemy.util.test.junit.AutoTests" name="[65] /home/travis/build/icyphy/ptII/ptolemy/domains/continuous/test/auto/ImpulseFeedback.xml (RunModel)" time="0.023" />
  <testcase classname="ptolemy.util.test.junit.AutoTests" name="[66] /home/travis/build/icyphy/ptII/ptolemy/domains/continuous/test/auto/ImpulseFeedback2.xml (RunModel)" time="0.019" />
  <testcase classname="ptolemy.util.test.junit.AutoTests" name="[67] /home/travis/build/icyphy/ptII/ptolemy/domains/continuous/test/auto/IncreasingRatePoisson.xml (RunModel)" time="0.725" />
  <testcase classname="ptolemy.util.test.junit.AutoTests" name="[68] /home/travis/build/icyphy/ptII/ptolemy/domains/continuous/test/auto/InitialStateFeedback.xml (RunModel)" time="0.012" />
  <testcase classname="ptolemy.util.test.junit.AutoTests" name="[69] /home/travis/build/icyphy/ptII/ptolemy/domains/continuous/test/auto/Integration.xml (RunModel)" time="0.008" />
  <testcase classname="ptolemy.util.test.junit.AutoTests" name="[70] /home/travis/build/icyphy/ptII/ptolemy/domains/continuous/test/auto/Integration2.xml (RunModel)" time="0.093" />
  <testcase classname="ptolemy.util.test.junit.AutoTests" name="[71] /home/travis/build/icyphy/ptII/ptolemy/domains/continuous/test/auto/Integration3.xml (RunModel)" time="0.014" />
  <testcase classname="ptolemy.util.test.junit.AutoTests" name="[72] /home/travis/build/icyphy/ptII/ptolemy/domains/continuous/test/auto/Integration5.xml (RunModel)" time="0.026" />
  <testcase classname="ptolemy.util.test.junit.AutoTests" name="[73] /home/travis/build/icyphy/ptII/ptolemy/domains/continuous/test/auto/IntegratorImpulse.xml (RunModel)" time="0.013" />
  <testcase classname="ptolemy.util.test.junit.AutoTests" name="[74] /home/travis/build/icyphy/ptII/ptolemy/domains/continuous/test/auto/IntegratorImpulse2.xml (RunModel)" time="0.011" />
  <testcase classname="ptolemy.util.test.junit.AutoTests" name="[75] /home/travis/build/icyphy/ptII/ptolemy/domains/continuous/test/auto/LevelCrossing1.xml (RunModel)" time="0.01" />
  <testcase classname="ptolemy.util.test.junit.AutoTests" name="[76] /home/travis/build/icyphy/ptII/ptolemy/domains/continuous/test/auto/LevelCrossing2.xml (RunModel)" time="0.016" />
  <testcase classname="ptolemy.util.test.junit.AutoTests" name="[77] /home/travis/build/icyphy/ptII/ptolemy/domains/continuous/test/auto/LevelCrossing3.xml (RunModel)" time="0.011" />
  <testcase classname="ptolemy.util.test.junit.AutoTests" name="[78] /home/travis/build/icyphy/ptII/ptolemy/domains/continuous/test/auto/LevelCrossing4.xml (RunModel)" time="0.016" />
  <testcase classname="ptolemy.util.test.junit.AutoTests" name="[79] /home/travis/build/icyphy/ptII/ptolemy/domains/continuous/test/auto/LevelCrossing5.xml (RunModel)" time="0.012" />
  <testcase classname="ptolemy.util.test.junit.AutoTests" name="[80] /home/travis/build/icyphy/ptII/ptolemy/domains/continuous/test/auto/LevelCrossing6.xml (RunModel)" time="0.013" />
  <testcase classname="ptolemy.util.test.junit.AutoTests" name="[81] /home/travis/build/icyphy/ptII/ptolemy/domains/continuous/test/auto/LevelCrossingDetector.xml (RunModel)" time="0.044" />
  <testcase classname="ptolemy.util.test.junit.AutoTests" name="[82] /home/travis/build/icyphy/ptII/ptolemy/domains/continuous/test/auto/LevelCrossingDetectorDetectingDirections.xml (RunModel)" time="0.08" />
  <testcase classname="ptolemy.util.test.junit.AutoTests" name="[83] /home/travis/build/icyphy/ptII/ptolemy/domains/continuous/test/auto/LevelCrossingDetectorDetectsGlitches.xml (RunModel)" time="0.066" />
  <testcase classname="ptolemy.util.test.junit.AutoTests" name="[84] /home/travis/build/icyphy/ptII/ptolemy/domains/continuous/test/auto/LevelCrossingNoInitialOuput.xml (RunModel)" time="0.012" />
  <testcase classname="ptolemy.util.test.junit.AutoTests" name="[85] /home/travis/build/icyphy/ptII/ptolemy/domains/continuous/test/auto/LinearStateSpaceExample.xml (RunModel)" time="0.04" />
  <testcase classname="ptolemy.util.test.junit.AutoTests" name="[86] /home/travis/build/icyphy/ptII/ptolemy/domains/continuous/test/auto/Lorenz.xml (RunModel)" time="4.915" />
  <testcase classname="ptolemy.util.test.junit.AutoTests" name="[87] /home/travis/build/icyphy/ptII/ptolemy/domains/continuous/test/auto/LorenzDifferentialSystem.xml (RunModel)" time="1.176" />
  <testcase classname="ptolemy.util.test.junit.AutoTests" name="[88] /home/travis/build/icyphy/ptII/ptolemy/domains/continuous/test/auto/LorenzDifferentialSystemWithInput.xml (RunModel)" time="1.524" />
  <testcase classname="ptolemy.util.test.junit.AutoTests" name="[89] /home/travis/build/icyphy/ptII/ptolemy/domains/continuous/test/auto/LorenzDifferentialSystemWithTime.xml (RunModel)" time="0.863" />
  <testcase classname="ptolemy.util.test.junit.AutoTests" name="[90] /home/travis/build/icyphy/ptII/ptolemy/domains/continuous/test/auto/Microsteps.xml (RunModel)" time="0.024" />
  <testcase classname="ptolemy.util.test.junit.AutoTests" name="[91] /home/travis/build/icyphy/ptII/ptolemy/domains/continuous/test/auto/Modal1.xml (RunModel)" time="0.039" />
  <testcase classname="ptolemy.util.test.junit.AutoTests" name="[92] /home/travis/build/icyphy/ptII/ptolemy/domains/continuous/test/auto/Modal2.xml (RunModel)" time="0.046" />
  <testcase classname="ptolemy.util.test.junit.AutoTests" name="[93] /home/travis/build/icyphy/ptII/ptolemy/domains/continuous/test/auto/ModalTransitionGuardWithReset.xml (RunModel)" time="0.023" />
  <testcase classname="ptolemy.util.test.junit.AutoTests" name="[94] /home/travis/build/icyphy/ptII/ptolemy/domains/continuous/test/auto/ModalTransitionGuardWithResetUsingPreemptiveTransition.xml (RunModel)" time="0.037" />
  <testcase classname="ptolemy.util.test.junit.AutoTests" name="[95] /home/travis/build/icyphy/ptII/ptolemy/domains/continuous/test/auto/ModalTransitionGuardWithResetUsingPreemptiveTransition2.xml (RunModel)" time="0.026" />
  <testcase classname="ptolemy.util.test.junit.AutoTests" name="[96] /home/travis/build/icyphy/ptII/ptolemy/domains/continuous/test/auto/ModalTransitionGuardWithResetUsingPreemptiveTransition3.xml (RunModel)" time="0.032" />
  <testcase classname="ptolemy.util.test.junit.AutoTests" name="[97] /home/travis/build/icyphy/ptII/ptolemy/domains/continuous/test/auto/NewtonsCradle.xml (RunModel)" time="0.793" />
  <testcase classname="ptolemy.util.test.junit.AutoTests" name="[98] /home/travis/build/icyphy/ptII/ptolemy/domains/continuous/test/auto/NewtonsCradleAnimated.xml (RunModel)" time="1.323" />
  <testcase classname="ptolemy.util.test.junit.AutoTests" name="[99] /home/travis/build/icyphy/ptII/ptolemy/domains/continuous/test/auto/NewtonsCradleComplicated.xml (RunModel)" time="0.971" />
  <testcase classname="ptolemy.util.test.junit.AutoTests" name="[100] /home/travis/build/icyphy/ptII/ptolemy/domains/continuous/test/auto/NewtonsCradleNondeterministic.xml (RunModel)" time="0.674" />
  <testcase classname="ptolemy.util.test.junit.AutoTests" name="[101] /home/travis/build/icyphy/ptII/ptolemy/domains/continuous/test/auto/NewtonsCradlePerfectlyInelastic1.xml (RunModel)" time="1.265" />
  <testcase classname="ptolemy.util.test.junit.AutoTests" name="[102] /home/travis/build/icyphy/ptII/ptolemy/domains/continuous/test/auto/Noise.xml (RunModel)" time="0.208" />
  <testcase classname="ptolemy.util.test.junit.AutoTests" name="[103] /home/travis/build/icyphy/ptII/ptolemy/domains/continuous/test/auto/NoiseSpectrum.xml (RunModel)" time="0.771" />
  <testcase classname="ptolemy.util.test.junit.AutoTests" name="[104] /home/travis/build/icyphy/ptII/ptolemy/domains/continuous/test/auto/ParameterizedNewtonsCradleAnimated.xml (RunModel)" time="0.362" />
  <testcase classname="ptolemy.util.test.junit.AutoTests" name="[105] /home/travis/build/icyphy/ptII/ptolemy/domains/continuous/test/auto/ParameterizedNewtonsCradleAnimatedNondeterministic.xml (RunModel)" time="1.133" />
  <testcase classname="ptolemy.util.test.junit.AutoTests" name="[106] /home/travis/build/icyphy/ptII/ptolemy/domains/continuous/test/auto/Pendulum3D.xml (RunModel)" time="0.158" />
  <testcase classname="ptolemy.util.test.junit.AutoTests" name="[107] /home/travis/build/icyphy/ptII/ptolemy/domains/continuous/test/auto/PeriodicSampler.xml (RunModel)" time="0.01" />
  <testcase classname="ptolemy.util.test.junit.AutoTests" name="[108] /home/travis/build/icyphy/ptII/ptolemy/domains/continuous/test/auto/PeriodicSampler1.xml (RunModel)" time="0.045" />
  <testcase classname="ptolemy.util.test.junit.AutoTests" name="[109] /home/travis/build/icyphy/ptII/ptolemy/domains/continuous/test/auto/PeriodicSampler2.xml (RunModel)" time="0.071" />
  <testcase classname="ptolemy.util.test.junit.AutoTests" name="[110] /home/travis/build/icyphy/ptII/ptolemy/domains/continuous/test/auto/Poisson.xml (RunModel)" time="0.441" />
  <testcase classname="ptolemy.util.test.junit.AutoTests" name="[111] /home/travis/build/icyphy/ptII/ptolemy/domains/continuous/test/auto/PoissonClock.xml (RunModel)" time="0.01" />
  <testcase classname="ptolemy.util.test.junit.AutoTests" name="[112] /home/travis/build/icyphy/ptII/ptolemy/domains/continuous/test/auto/PoissonClock2.xml (RunModel)" time="0.013" />
  <testcase classname="ptolemy.util.test.junit.AutoTests" name="[113] /home/travis/build/icyphy/ptII/ptolemy/domains/continuous/test/auto/PortParameterHierarchy.xml (RunModel)" time="0.026" />
  <testcase classname="ptolemy.util.test.junit.AutoTests" name="[114] /home/travis/build/icyphy/ptII/ptolemy/domains/continuous/test/auto/RandomHybridPlant.xml (RunModel)" time="0.503" />
  <testcase classname="ptolemy.util.test.junit.AutoTests" name="[115] /home/travis/build/icyphy/ptII/ptolemy/domains/continuous/test/auto/ResetTransitionWithStartTime1.xml (RunModel)" time="0.037" />
  <testcase classname="ptolemy.util.test.junit.AutoTests" name="[116] /home/travis/build/icyphy/ptII/ptolemy/domains/continuous/test/auto/ResetTransitionWithStartTime2.xml (RunModel)" time="0.034" />
  <testcase classname="ptolemy.util.test.junit.AutoTests" name="[117] /home/travis/build/icyphy/ptII/ptolemy/domains/continuous/test/auto/ResetTransitionWithStartTime3.xml (RunModel)" time="0.044" />
  <testcase classname="ptolemy.util.test.junit.AutoTests" name="[118] /home/travis/build/icyphy/ptII/ptolemy/domains/continuous/test/auto/ResetTransitionWithStartTime4.xml (RunModel)" time="0.025" />
  <testcase classname="ptolemy.util.test.junit.AutoTests" name="[119] /home/travis/build/icyphy/ptII/ptolemy/domains/continuous/test/auto/ResetTransitionWithStartTime5.xml (RunModel)" time="0.03" />
  <testcase classname="ptolemy.util.test.junit.AutoTests" name="[120] /home/travis/build/icyphy/ptII/ptolemy/domains/continuous/test/auto/ResetTransitionWithStartTime6.xml (RunModel)" time="0.022" />
  <testcase classname="ptolemy.util.test.junit.AutoTests" name="[121] /home/travis/build/icyphy/ptII/ptolemy/domains/continuous/test/auto/SRinContinuous.xml (RunModel)" time="0.03" />
  <testcase classname="ptolemy.util.test.junit.AutoTests" name="[122] /home/travis/build/icyphy/ptII/ptolemy/domains/continuous/test/auto/SampledClocks.xml (RunModel)" time="0.026" />
  <testcase classname="ptolemy.util.test.junit.AutoTests" name="[123] /home/travis/build/icyphy/ptII/ptolemy/domains/continuous/test/auto/Satellite.xml (RunModel)" time="0.778" />
  <testcase classname="ptolemy.util.test.junit.AutoTests" name="[124] /home/travis/build/icyphy/ptII/ptolemy/domains/continuous/test/auto/SigmaDelta.xml (RunModel)" time="2.423" />
  <testcase classname="ptolemy.util.test.junit.AutoTests" name="[125] /home/travis/build/icyphy/ptII/ptolemy/domains/continuous/test/auto/SingleRefinement.xml (RunModel)" time="0.397" />
  <testcase classname="ptolemy.util.test.junit.AutoTests" name="[126] /home/travis/build/icyphy/ptII/ptolemy/domains/continuous/test/auto/SinuBouncingBall.xml (RunModel)" time="0.703" />
  <testcase classname="ptolemy.util.test.junit.AutoTests" name="[127] /home/travis/build/icyphy/ptII/ptolemy/domains/continuous/test/auto/Sinusoid.xml (RunModel)" time="0.011" />
  <testcase classname="ptolemy.util.test.junit.AutoTests" name="[128] /home/travis/build/icyphy/ptII/ptolemy/domains/continuous/test/auto/SinusoidInNoise.xml (RunModel)" time="0.994" />
  <testcase classname="ptolemy.util.test.junit.AutoTests" name="[129] /home/travis/build/icyphy/ptII/ptolemy/domains/continuous/test/auto/SinusoidRK45.xml (RunModel)" time="0.009" />
  <testcase classname="ptolemy.util.test.junit.AutoTests" name="[130] /home/travis/build/icyphy/ptII/ptolemy/domains/continuous/test/auto/SinusoidWithMultipleImpulses.xml (RunModel)" time="0.011" />
  <testcase classname="ptolemy.util.test.junit.AutoTests" name="[131] /home/travis/build/icyphy/ptII/ptolemy/domains/continuous/test/auto/SquareWave.xml (RunModel)" time="0.187" />
  <testcase classname="ptolemy.util.test.junit.AutoTests" name="[132] /home/travis/build/icyphy/ptII/ptolemy/domains/continuous/test/auto/Starmac.xml (RunModel)" time="3.317" />
  <testcase classname="ptolemy.util.test.junit.AutoTests" name="[133] /home/travis/build/icyphy/ptII/ptolemy/domains/continuous/test/auto/StaticUnits.xml (RunModel)" time="2.466" />
  <testcase classname="ptolemy.util.test.junit.AutoTests" name="[134] /home/travis/build/icyphy/ptII/ptolemy/domains/continuous/test/auto/StickyMasses.xml (RunModel)" time="0.183" />
  <testcase classname="ptolemy.util.test.junit.AutoTests" name="[135] /home/travis/build/icyphy/ptII/ptolemy/domains/continuous/test/auto/StopTime.xml (RunModel)" time="0.074" />
  <testcase classname="ptolemy.util.test.junit.AutoTests" name="[136] /home/travis/build/icyphy/ptII/ptolemy/domains/continuous/test/auto/StopTime2.xml (RunModel)" time="0.059" />
  <testcase classname="ptolemy.util.test.junit.AutoTests" name="[137] /home/travis/build/icyphy/ptII/ptolemy/domains/continuous/test/auto/Switch.xml (RunModel)" time="0.061" />
  <testcase classname="ptolemy.util.test.junit.AutoTests" name="[138] /home/travis/build/icyphy/ptII/ptolemy/domains/continuous/test/auto/Thermostat.xml (RunModel)" time="0.186" />
  <testcase classname="ptolemy.util.test.junit.AutoTests" name="[139] /home/travis/build/icyphy/ptII/ptolemy/domains/continuous/test/auto/TimeDelay.xml (RunModel)" time="0.013" />
  <testcase classname="ptolemy.util.test.junit.AutoTests" name="[140] /home/travis/build/icyphy/ptII/ptolemy/domains/continuous/test/auto/TimeDelay2.xml (RunModel)" time="0.023" />
  <testcase classname="ptolemy.util.test.junit.AutoTests" name="[141] /home/travis/build/icyphy/ptII/ptolemy/domains/continuous/test/auto/TimeDelay3.xml (RunModel)" time="0.025" />
  <testcase classname="ptolemy.util.test.junit.AutoTests" name="[142] /home/travis/build/icyphy/ptII/ptolemy/domains/continuous/test/auto/TransferAbsentToInside.xml (RunModel)" time="0.11" />
  <testcase classname="ptolemy.util.test.junit.AutoTests" name="[143] /home/travis/build/icyphy/ptII/ptolemy/domains/continuous/test/auto/Transmission.xml (RunModel)" time="0.773" />
  <testcase classname="ptolemy.util.test.junit.AutoTests" name="[144] /home/travis/build/icyphy/ptII/ptolemy/domains/continuous/test/auto/TriggeredContinuousClock.xml (RunModel)" time="0.075" />
  <testcase classname="ptolemy.util.test.junit.AutoTests" name="[145] /home/travis/build/icyphy/ptII/ptolemy/domains/continuous/test/auto/TwoMachineInfiniteBusControl.xml (RunModel)" time="2.863" />
  <testcase classname="ptolemy.util.test.junit.AutoTests" name="[146] /home/travis/build/icyphy/ptII/ptolemy/domains/continuous/test/auto/V2V.xml (RunModel)" time="0.824" />
  <testcase classname="ptolemy.util.test.junit.AutoTests" name="[147] /home/travis/build/icyphy/ptII/ptolemy/domains/continuous/test/auto/hierarchicalModalModel.xml (RunModel)" time="0.043" />
  <testcase classname="ptolemy.util.test.junit.AutoTests" name="[148] /home/travis/build/icyphy/ptII/ptolemy/domains/continuous/test/auto/hierarchicalModalModel1.xml (RunModel)" time="0.044" />
  <testcase classname="ptolemy.util.test.junit.AutoTests" name="[149] /home/travis/build/icyphy/ptII/ptolemy/domains/continuous/test/auto/hierarchicalModalModel2.xml (RunModel)" time="0.028" />
  <testcase classname="ptolemy.util.test.junit.AutoTests" name="[150] /home/travis/build/icyphy/ptII/ptolemy/domains/continuous/test/auto/hierarchicalModalModel3.xml (RunModel)" time="0.025" />
  <testcase classname="ptolemy.util.test.junit.AutoTests" name="[151] /home/travis/build/icyphy/ptII/ptolemy/domains/continuous/test/auto/hierarchicalModalModel4.xml (RunModel)" time="0.027" />
  <testcase classname="ptolemy.util.test.junit.AutoTests" name="[152] /home/travis/build/icyphy/ptII/ptolemy/domains/continuous/test/auto/junk.xml (RunModel)" time="0.167" />
  <system-out><![CDATA[No tcl tests in /home/travis/build/icyphy/ptII/ptolemy/domains/continuous/test
No auto/knownFailedTests/*.xml tests in /home/travis/build/icyphy/ptII/ptolemy/domains/continuous/test
No auto/linux-amd64/*.xml tests in /home/travis/build/icyphy/ptII/ptolemy/domains/continuous/test
AutoTests.java: About to close Vertx.
AutoTests.java: Vertx closed.

===========================================================================================
----------------- testing Tue Feb 05 03:25:52 UTC 2019 /home/travis/build/icyphy/ptII/ptolemy/domains/continuous/test/auto/BouncingBall.xml
----------------- Instantiating /home/travis/build/icyphy/ptII/ptolemy/domains/continuous/test/auto/BouncingBall.xml
2482 ms. Memory: 332288K Free: 272108K (82%)
----------------- Invoking toplevel() on ptolemy.moml.MoMLSimpleApplication@29e3f418
----------------- Done invoking toplevel() on ptolemy.moml.MoMLSimpleApplication@29e3f418
reloadAllAccessors: .BouncingBall

===========================================================================================
----------------- testing Tue Feb 05 03:25:55 UTC 2019 /home/travis/build/icyphy/ptII/ptolemy/domains/continuous/test/auto/BouncingBallWithoutGR.xml
----------------- Instantiating /home/travis/build/icyphy/ptII/ptolemy/domains/continuous/test/auto/BouncingBallWithoutGR.xml
703 ms. Memory: 332288K Free: 84373K (25%)
----------------- Invoking toplevel() on ptolemy.moml.MoMLSimpleApplication@22500d19
----------------- Done invoking toplevel() on ptolemy.moml.MoMLSimpleApplication@22500d19
reloadAllAccessors: .BouncingBallWithoutGR

===========================================================================================
----------------- testing Tue Feb 05 03:25:56 UTC 2019 /home/travis/build/icyphy/ptII/ptolemy/domains/continuous/test/auto/Brownian.xml
----------------- Instantiating /home/travis/build/icyphy/ptII/ptolemy/domains/continuous/test/auto/Brownian.xml
39 ms. Memory: 332288K Free: 317826K (96%)
----------------- Invoking toplevel() on ptolemy.moml.MoMLSimpleApplication@68a164ce
----------------- Done invoking toplevel() on ptolemy.moml.MoMLSimpleApplication@68a164ce
reloadAllAccessors: .Brownian

===========================================================================================
----------------- testing Tue Feb 05 03:25:56 UTC 2019 /home/travis/build/icyphy/ptII/ptolemy/domains/continuous/test/auto/CarTracking.xml
----------------- Instantiating /home/travis/build/icyphy/ptII/ptolemy/domains/continuous/test/auto/CarTracking.xml
3539 ms. Memory: 578560K Free: 462540K (80%)
----------------- Invoking toplevel() on ptolemy.moml.MoMLSimpleApplication@6f24428b
----------------- Done invoking toplevel() on ptolemy.moml.MoMLSimpleApplication@6f24428b
reloadAllAccessors: .CarTracking

===========================================================================================
----------------- testing Tue Feb 05 03:26:00 UTC 2019 /home/travis/build/icyphy/ptII/ptolemy/domains/continuous/test/auto/CartPendulum.xml
----------------- Instantiating /home/travis/build/icyphy/ptII/ptolemy/domains/continuous/test/auto/CartPendulum.xml
397 ms. Memory: 578560K Free: 357433K (62%)
----------------- Invoking toplevel() on ptolemy.moml.MoMLSimpleApplication@78ac19f2
----------------- Done invoking toplevel() on ptolemy.moml.MoMLSimpleApplication@78ac19f2
reloadAllAccessors: .CartPendulum

===========================================================================================
----------------- testing Tue Feb 05 03:26:00 UTC 2019 /home/travis/build/icyphy/ptII/ptolemy/domains/continuous/test/auto/CausalityInterface10.xml
----------------- Instantiating /home/travis/build/icyphy/ptII/ptolemy/domains/continuous/test/auto/CausalityInterface10.xml
7 ms. Memory: 578560K Free: 344309K (60%)
----------------- Invoking toplevel() on ptolemy.moml.MoMLSimpleApplication@35c6b96d
----------------- Done invoking toplevel() on ptolemy.moml.MoMLSimpleApplication@35c6b96d
reloadAllAccessors: .CausalityInterface10

===========================================================================================
----------------- testing Tue Feb 05 03:26:00 UTC 2019 /home/travis/build/icyphy/ptII/ptolemy/domains/continuous/test/auto/CausalityInterface11.xml
----------------- Instantiating /home/travis/build/icyphy/ptII/ptolemy/domains/continuous/test/auto/CausalityInterface11.xml
3 ms. Memory: 578560K Free: 334463K (58%)
----------------- Invoking toplevel() on ptolemy.moml.MoMLSimpleApplication@5655e468
----------------- Done invoking toplevel() on ptolemy.moml.MoMLSimpleApplication@5655e468
reloadAllAccessors: .CausalityInterface11

===========================================================================================
----------------- testing Tue Feb 05 03:26:00 UTC 2019 /home/travis/build/icyphy/ptII/ptolemy/domains/continuous/test/auto/CausalityInterface12.xml
----------------- Instantiating /home/travis/build/icyphy/ptII/ptolemy/domains/continuous/test/auto/CausalityInterface12.xml
7 ms. Memory: 578560K Free: 321753K (56%)
----------------- Invoking toplevel() on ptolemy.moml.MoMLSimpleApplication@60d08d4d
----------------- Done invoking toplevel() on ptolemy.moml.MoMLSimpleApplication@60d08d4d
reloadAllAccessors: .CausalityInterface12

===========================================================================================
----------------- testing Tue Feb 05 03:26:00 UTC 2019 /home/travis/build/icyphy/ptII/ptolemy/domains/continuous/test/auto/CausalityInterface13.xml
----------------- Instantiating /home/travis/build/icyphy/ptII/ptolemy/domains/continuous/test/auto/CausalityInterface13.xml
10 ms. Memory: 578560K Free: 311922K (54%)
----------------- Invoking toplevel() on ptolemy.moml.MoMLSimpleApplication@2cd445dc
----------------- Done invoking toplevel() on ptolemy.moml.MoMLSimpleApplication@2cd445dc
reloadAllAccessors: .CausalityInterface13

===========================================================================================
----------------- testing Tue Feb 05 03:26:00 UTC 2019 /home/travis/build/icyphy/ptII/ptolemy/domains/continuous/test/auto/CausalityInterface14.xml
----------------- Instantiating /home/travis/build/icyphy/ptII/ptolemy/domains/continuous/test/auto/CausalityInterface14.xml
9 ms. Memory: 578560K Free: 302076K (52%)
----------------- Invoking toplevel() on ptolemy.moml.MoMLSimpleApplication@187ff1e2
----------------- Done invoking toplevel() on ptolemy.moml.MoMLSimpleApplication@187ff1e2
reloadAllAccessors: .CausalityInterface14

===========================================================================================
----------------- testing Tue Feb 05 03:26:00 UTC 2019 /home/travis/build/icyphy/ptII/ptolemy/domains/continuous/test/auto/CausalityInterface4.xml
----------------- Instantiating /home/travis/build/icyphy/ptII/ptolemy/domains/continuous/test/auto/CausalityInterface4.xml
4 ms. Memory: 578560K Free: 292230K (51%)
----------------- Invoking toplevel() on ptolemy.moml.MoMLSimpleApplication@3915d4e2
----------------- Done invoking toplevel() on ptolemy.moml.MoMLSimpleApplication@3915d4e2
reloadAllAccessors: .CausalityInterface4

===========================================================================================
----------------- testing Tue Feb 05 03:26:00 UTC 2019 /home/travis/build/icyphy/ptII/ptolemy/domains/continuous/test/auto/CausalityInterface5.xml
----------------- Instantiating /home/travis/build/icyphy/ptII/ptolemy/domains/continuous/test/auto/CausalityInterface5.xml
10 ms. Memory: 578560K Free: 276242K (48%)
----------------- Invoking toplevel() on ptolemy.moml.MoMLSimpleApplication@3dcb68a5
----------------- Done invoking toplevel() on ptolemy.moml.MoMLSimpleApplication@3dcb68a5
reloadAllAccessors: .CausalityInterface5

===========================================================================================
----------------- testing Tue Feb 05 03:26:01 UTC 2019 /home/travis/build/icyphy/ptII/ptolemy/domains/continuous/test/auto/CausalityInterface6.xml
----------------- Instantiating /home/travis/build/icyphy/ptII/ptolemy/domains/continuous/test/auto/CausalityInterface6.xml
5 ms. Memory: 578560K Free: 266412K (46%)
----------------- Invoking toplevel() on ptolemy.moml.MoMLSimpleApplication@5f860ea1
----------------- Done invoking toplevel() on ptolemy.moml.MoMLSimpleApplication@5f860ea1
reloadAllAccessors: .CausalityInterface6

===========================================================================================
----------------- testing Tue Feb 05 03:26:01 UTC 2019 /home/travis/build/icyphy/ptII/ptolemy/domains/continuous/test/auto/CausalityInterface7.xml
----------------- Instantiating /home/travis/build/icyphy/ptII/ptolemy/domains/continuous/test/auto/CausalityInterface7.xml
12 ms. Memory: 578560K Free: 253288K (44%)
----------------- Invoking toplevel() on ptolemy.moml.MoMLSimpleApplication@6f371646
----------------- Done invoking toplevel() on ptolemy.moml.MoMLSimpleApplication@6f371646
reloadAllAccessors: .CausalityInterface7

===========================================================================================
----------------- testing Tue Feb 05 03:26:01 UTC 2019 /home/travis/build/icyphy/ptII/ptolemy/domains/continuous/test/auto/CausalityInterface8.xml
----------------- Instantiating /home/travis/build/icyphy/ptII/ptolemy/domains/continuous/test/auto/CausalityInterface8.xml
6 ms. Memory: 578560K Free: 240181K (42%)
----------------- Invoking toplevel() on ptolemy.moml.MoMLSimpleApplication@4ae1d48f
----------------- Done invoking toplevel() on ptolemy.moml.MoMLSimpleApplication@4ae1d48f
reloadAllAccessors: .CausalityInterface8

===========================================================================================
----------------- testing Tue Feb 05 03:26:01 UTC 2019 /home/travis/build/icyphy/ptII/ptolemy/domains/continuous/test/auto/CausalityInterface9.xml
----------------- Instantiating /home/travis/build/icyphy/ptII/ptolemy/domains/continuous/test/auto/CausalityInterface9.xml
8 ms. Memory: 578560K Free: 220917K (38%)
----------------- Invoking toplevel() on ptolemy.moml.MoMLSimpleApplication@6469e79f
----------------- Done invoking toplevel() on ptolemy.moml.MoMLSimpleApplication@6469e79f
reloadAllAccessors: .CausalityInterface9

===========================================================================================
----------------- testing Tue Feb 05 03:26:01 UTC 2019 /home/travis/build/icyphy/ptII/ptolemy/domains/continuous/test/auto/CausalityInterfaceFeedback1.xml
----------------- Instantiating /home/travis/build/icyphy/ptII/ptolemy/domains/continuous/test/auto/CausalityInterfaceFeedback1.xml
7 ms. Memory: 578560K Free: 211071K (36%)
----------------- Invoking toplevel() on ptolemy.moml.MoMLSimpleApplication@6025714f
----------------- Done invoking toplevel() on ptolemy.moml.MoMLSimpleApplication@6025714f
reloadAllAccessors: .CausalityInterfaceFeedback1

===========================================================================================
----------------- testing Tue Feb 05 03:26:01 UTC 2019 /home/travis/build/icyphy/ptII/ptolemy/domains/continuous/test/auto/CausalityInterfaceFeedback2.xml
----------------- Instantiating /home/travis/build/icyphy/ptII/ptolemy/domains/continuous/test/auto/CausalityInterfaceFeedback2.xml
5 ms. Memory: 578560K Free: 201232K (35%)
----------------- Invoking toplevel() on ptolemy.moml.MoMLSimpleApplication@dc5e2f
----------------- Done invoking toplevel() on ptolemy.moml.MoMLSimpleApplication@dc5e2f
reloadAllAccessors: .CausalityInterfaceFeedback2

===========================================================================================
----------------- testing Tue Feb 05 03:26:01 UTC 2019 /home/travis/build/icyphy/ptII/ptolemy/domains/continuous/test/auto/CompareWithCurrentTime.xml
----------------- Instantiating /home/travis/build/icyphy/ptII/ptolemy/domains/continuous/test/auto/CompareWithCurrentTime.xml
5 ms. Memory: 578560K Free: 191815K (33%)
----------------- Invoking toplevel() on ptolemy.moml.MoMLSimpleApplication@35774d38
----------------- Done invoking toplevel() on ptolemy.moml.MoMLSimpleApplication@35774d38
reloadAllAccessors: .CompareWithCurrentTime

===========================================================================================
----------------- testing Tue Feb 05 03:26:01 UTC 2019 /home/travis/build/icyphy/ptII/ptolemy/domains/continuous/test/auto/ComparedClocks.xml
----------------- Instantiating /home/travis/build/icyphy/ptII/ptolemy/domains/continuous/test/auto/ComparedClocks.xml
8 ms. Memory: 578560K Free: 172130K (30%)
----------------- Invoking toplevel() on ptolemy.moml.MoMLSimpleApplication@8d73520
----------------- Done invoking toplevel() on ptolemy.moml.MoMLSimpleApplication@8d73520
reloadAllAccessors: .ComparedClocks

===========================================================================================
----------------- testing Tue Feb 05 03:26:01 UTC 2019 /home/travis/build/icyphy/ptII/ptolemy/domains/continuous/test/auto/ContinuousAOCClone.xml
----------------- Instantiating /home/travis/build/icyphy/ptII/ptolemy/domains/continuous/test/auto/ContinuousAOCClone.xml
2578 ms. Memory: 872960K Free: 412518K (47%)
----------------- Invoking toplevel() on ptolemy.moml.MoMLSimpleApplication@6e40c1b6
----------------- Done invoking toplevel() on ptolemy.moml.MoMLSimpleApplication@6e40c1b6
reloadAllAccessors: .ContinuousAOCClone

===========================================================================================
----------------- testing Tue Feb 05 03:26:04 UTC 2019 /home/travis/build/icyphy/ptII/ptolemy/domains/continuous/test/auto/ContinuousClock.xml
----------------- Instantiating /home/travis/build/icyphy/ptII/ptolemy/domains/continuous/test/auto/ContinuousClock.xml
31 ms. Memory: 872960K Free: 379620K (43%)
----------------- Invoking toplevel() on ptolemy.moml.MoMLSimpleApplication@77773190
----------------- Done invoking toplevel() on ptolemy.moml.MoMLSimpleApplication@77773190
reloadAllAccessors: .ContinuousClock

===========================================================================================
----------------- testing Tue Feb 05 03:26:04 UTC 2019 /home/travis/build/icyphy/ptII/ptolemy/domains/continuous/test/auto/ContinuousInContinuous.xml
----------------- Instantiating /home/travis/build/icyphy/ptII/ptolemy/domains/continuous/test/auto/ContinuousInContinuous.xml
41 ms. Memory: 872960K Free: 348127K (40%)
----------------- Invoking toplevel() on ptolemy.moml.MoMLSimpleApplication@680a0b
----------------- Done invoking toplevel() on ptolemy.moml.MoMLSimpleApplication@680a0b
reloadAllAccessors: .ContinuousInContinuous

===========================================================================================
----------------- testing Tue Feb 05 03:26:04 UTC 2019 /home/travis/build/icyphy/ptII/ptolemy/domains/continuous/test/auto/ContinuousInContinuousInContinuous.xml
----------------- Instantiating /home/travis/build/icyphy/ptII/ptolemy/domains/continuous/test/auto/ContinuousInContinuousInContinuous.xml
7 ms. Memory: 872960K Free: 332393K (38%)
----------------- Invoking toplevel() on ptolemy.moml.MoMLSimpleApplication@5f0f096b
----------------- Done invoking toplevel() on ptolemy.moml.MoMLSimpleApplication@5f0f096b
reloadAllAccessors: .ContinuousInContinuousInContinuous

===========================================================================================
----------------- testing Tue Feb 05 03:26:04 UTC 2019 /home/travis/build/icyphy/ptII/ptolemy/domains/continuous/test/auto/ContinuousInDE.xml
----------------- Instantiating /home/travis/build/icyphy/ptII/ptolemy/domains/continuous/test/auto/ContinuousInDE.xml
78 ms. Memory: 872960K Free: 313570K (36%)
----------------- Invoking toplevel() on ptolemy.moml.MoMLSimpleApplication@2902d93f
----------------- Done invoking toplevel() on ptolemy.moml.MoMLSimpleApplication@2902d93f
reloadAllAccessors: .ContinuousInDE

===========================================================================================
----------------- testing Tue Feb 05 03:26:04 UTC 2019 /home/travis/build/icyphy/ptII/ptolemy/domains/continuous/test/auto/ContinuousInDE2.xml
----------------- Instantiating /home/travis/build/icyphy/ptII/ptolemy/domains/continuous/test/auto/ContinuousInDE2.xml
42 ms. Memory: 872960K Free: 297851K (34%)
----------------- Invoking toplevel() on ptolemy.moml.MoMLSimpleApplication@2561dcf1
----------------- Done invoking toplevel() on ptolemy.moml.MoMLSimpleApplication@2561dcf1
reloadAllAccessors: .ContinuousInDE2

===========================================================================================
----------------- testing Tue Feb 05 03:26:04 UTC 2019 /home/travis/build/icyphy/ptII/ptolemy/domains/continuous/test/auto/ContinuousInDE3.xml
----------------- Instantiating /home/travis/build/icyphy/ptII/ptolemy/domains/continuous/test/auto/ContinuousInDE3.xml
41 ms. Memory: 872960K Free: 282133K (32%)
----------------- Invoking toplevel() on ptolemy.moml.MoMLSimpleApplication@70e083c
----------------- Done invoking toplevel() on ptolemy.moml.MoMLSimpleApplication@70e083c
reloadAllAccessors: .ContinuousInDE3

===========================================================================================
----------------- testing Tue Feb 05 03:26:04 UTC 2019 /home/travis/build/icyphy/ptII/ptolemy/domains/continuous/test/auto/ContinuousInDE4.xml
----------------- Instantiating /home/travis/build/icyphy/ptII/ptolemy/domains/continuous/test/auto/ContinuousInDE4.xml
19 ms. Memory: 872960K Free: 271654K (31%)
----------------- Invoking toplevel() on ptolemy.moml.MoMLSimpleApplication@148631d0
----------------- Done invoking toplevel() on ptolemy.moml.MoMLSimpleApplication@148631d0
reloadAllAccessors: .ContinuousInDE4

===========================================================================================
----------------- testing Tue Feb 05 03:26:04 UTC 2019 /home/travis/build/icyphy/ptII/ptolemy/domains/continuous/test/auto/ContinuousInDEDifferentRefinements.xml
----------------- Instantiating /home/travis/build/icyphy/ptII/ptolemy/domains/continuous/test/auto/ContinuousInDEDifferentRefinements.xml
68 ms. Memory: 872960K Free: 231832K (27%)
----------------- Invoking toplevel() on ptolemy.moml.MoMLSimpleApplication@eed5a28
----------------- Done invoking toplevel() on ptolemy.moml.MoMLSimpleApplication@eed5a28
reloadAllAccessors: .ContinuousInDEDifferentRefinements

===========================================================================================
----------------- testing Tue Feb 05 03:26:04 UTC 2019 /home/travis/build/icyphy/ptII/ptolemy/domains/continuous/test/auto/ContinuousInDEDifferentRefinementsPreemptive.xml
----------------- Instantiating /home/travis/build/icyphy/ptII/ptolemy/domains/continuous/test/auto/ContinuousInDEDifferentRefinementsPreemptive.xml
54 ms. Memory: 872960K Free: 195100K (22%)
----------------- Invoking toplevel() on ptolemy.moml.MoMLSimpleApplication@561beb89
----------------- Done invoking toplevel() on ptolemy.moml.MoMLSimpleApplication@561beb89
reloadAllAccessors: .ContinuousInDEDifferentRefinementsPreemptive

===========================================================================================
----------------- testing Tue Feb 05 03:26:04 UTC 2019 /home/travis/build/icyphy/ptII/ptolemy/domains/continuous/test/auto/ContinuousInDEInContinuous2.xml
----------------- Instantiating /home/travis/build/icyphy/ptII/ptolemy/domains/continuous/test/auto/ContinuousInDEInContinuous2.xml
36 ms. Memory: 872960K Free: 179366K (21%)
----------------- Invoking toplevel() on ptolemy.moml.MoMLSimpleApplication@7e77ce4c
----------------- Done invoking toplevel() on ptolemy.moml.MoMLSimpleApplication@7e77ce4c
reloadAllAccessors: .ContinuousInDEInContinuous2

===========================================================================================
----------------- testing Tue Feb 05 03:26:05 UTC 2019 /home/travis/build/icyphy/ptII/ptolemy/domains/continuous/test/auto/ContinuousInDEInContinuous3.xml
----------------- Instantiating /home/travis/build/icyphy/ptII/ptolemy/domains/continuous/test/auto/ContinuousInDEInContinuous3.xml
36 ms. Memory: 872960K Free: 158391K (18%)
----------------- Invoking toplevel() on ptolemy.moml.MoMLSimpleApplication@33b7c373
----------------- Done invoking toplevel() on ptolemy.moml.MoMLSimpleApplication@33b7c373
reloadAllAccessors: .ContinuousInDEInContinuous3

===========================================================================================
----------------- testing Tue Feb 05 03:26:05 UTC 2019 /home/travis/build/icyphy/ptII/ptolemy/domains/continuous/test/auto/ContinuousInDEInput.xml
----------------- Instantiating /home/travis/build/icyphy/ptII/ptolemy/domains/continuous/test/auto/ContinuousInDEInput.xml
16 ms. Memory: 872960K Free: 144808K (17%)
----------------- Invoking toplevel() on ptolemy.moml.MoMLSimpleApplication@4a160761
----------------- Done invoking toplevel() on ptolemy.moml.MoMLSimpleApplication@4a160761
reloadAllAccessors: .ContinuousInDEInput

===========================================================================================
----------------- testing Tue Feb 05 03:26:05 UTC 2019 /home/travis/build/icyphy/ptII/ptolemy/domains/continuous/test/auto/ContinuousInDEInput2.xml
----------------- Instantiating /home/travis/build/icyphy/ptII/ptolemy/domains/continuous/test/auto/ContinuousInDEInput2.xml
15 ms. Memory: 872960K Free: 134329K (15%)
----------------- Invoking toplevel() on ptolemy.moml.MoMLSimpleApplication@6645bb9f
----------------- Done invoking toplevel() on ptolemy.moml.MoMLSimpleApplication@6645bb9f
reloadAllAccessors: .ContinuousInDEInput2

===========================================================================================
----------------- testing Tue Feb 05 03:26:05 UTC 2019 /home/travis/build/icyphy/ptII/ptolemy/domains/continuous/test/auto/ContinuousInDEInput3.xml
----------------- Instantiating /home/travis/build/icyphy/ptII/ptolemy/domains/continuous/test/auto/ContinuousInDEInput3.xml
14 ms. Memory: 872960K Free: 123850K (14%)
----------------- Invoking toplevel() on ptolemy.moml.MoMLSimpleApplication@42a8f6ef
----------------- Done invoking toplevel() on ptolemy.moml.MoMLSimpleApplication@42a8f6ef
reloadAllAccessors: .ContinuousInDEInput3

===========================================================================================
----------------- testing Tue Feb 05 03:26:05 UTC 2019 /home/travis/build/icyphy/ptII/ptolemy/domains/continuous/test/auto/ContinuousInDESharingRefinement.xml
----------------- Instantiating /home/travis/build/icyphy/ptII/ptolemy/domains/continuous/test/auto/ContinuousInDESharingRefinement.xml
169 ms. Memory: 829952K Free: 767997K (93%)
----------------- Invoking toplevel() on ptolemy.moml.MoMLSimpleApplication@75d0366a
----------------- Done invoking toplevel() on ptolemy.moml.MoMLSimpleApplication@75d0366a
reloadAllAccessors: .ContinuousInDESharingRefinement

===========================================================================================
----------------- testing Tue Feb 05 03:26:05 UTC 2019 /home/travis/build/icyphy/ptII/ptolemy/domains/continuous/test/auto/ContinuousInDEwithNoPorts.xml
----------------- Instantiating /home/travis/build/icyphy/ptII/ptolemy/domains/continuous/test/auto/ContinuousInDEwithNoPorts.xml
5 ms. Memory: 829952K Free: 753476K (91%)
----------------- Invoking toplevel() on ptolemy.moml.MoMLSimpleApplication@3f4dc140
----------------- Done invoking toplevel() on ptolemy.moml.MoMLSimpleApplication@3f4dc140
reloadAllAccessors: .ContinuousInDEwithNoPorts

===========================================================================================
----------------- testing Tue Feb 05 03:26:05 UTC 2019 /home/travis/build/icyphy/ptII/ptolemy/domains/continuous/test/auto/ContinuousInsideDE.xml
----------------- Instantiating /home/travis/build/icyphy/ptII/ptolemy/domains/continuous/test/auto/ContinuousInsideDE.xml
45 ms. Memory: 829952K Free: 738489K (89%)
----------------- Invoking toplevel() on ptolemy.moml.MoMLSimpleApplication@1e457122
----------------- Done invoking toplevel() on ptolemy.moml.MoMLSimpleApplication@1e457122
reloadAllAccessors: .ContinuousInsideDE

===========================================================================================
----------------- testing Tue Feb 05 03:26:05 UTC 2019 /home/travis/build/icyphy/ptII/ptolemy/domains/continuous/test/auto/ContinuousMerge1.xml
----------------- Instantiating /home/travis/build/icyphy/ptII/ptolemy/domains/continuous/test/auto/ContinuousMerge1.xml
2 ms. Memory: 829952K Free: 726513K (88%)
----------------- Invoking toplevel() on ptolemy.moml.MoMLSimpleApplication@69a6867f
----------------- Done invoking toplevel() on ptolemy.moml.MoMLSimpleApplication@69a6867f
reloadAllAccessors: .ContinuousMerge1

===========================================================================================
----------------- testing Tue Feb 05 03:26:05 UTC 2019 /home/travis/build/icyphy/ptII/ptolemy/domains/continuous/test/auto/ContinuousMerge2.xml
----------------- Instantiating /home/travis/build/icyphy/ptII/ptolemy/domains/continuous/test/auto/ContinuousMerge2.xml
11 ms. Memory: 829952K Free: 711386K (86%)
----------------- Invoking toplevel() on ptolemy.moml.MoMLSimpleApplication@62e55716
----------------- Done invoking toplevel() on ptolemy.moml.MoMLSimpleApplication@62e55716
reloadAllAccessors: .ContinuousMerge2

===========================================================================================
----------------- testing Tue Feb 05 03:26:05 UTC 2019 /home/travis/build/icyphy/ptII/ptolemy/domains/continuous/test/auto/ContinuousMerge3.xml
----------------- Instantiating /home/travis/build/icyphy/ptII/ptolemy/domains/continuous/test/auto/ContinuousMerge3.xml
44 ms. Memory: 829952K Free: 689429K (83%)
----------------- Invoking toplevel() on ptolemy.moml.MoMLSimpleApplication@7659cee1
----------------- Done invoking toplevel() on ptolemy.moml.MoMLSimpleApplication@7659cee1
reloadAllAccessors: .ContinuousMerge3

===========================================================================================
----------------- testing Tue Feb 05 03:26:05 UTC 2019 /home/travis/build/icyphy/ptII/ptolemy/domains/continuous/test/auto/ContinuousWithinContinuous.xml
----------------- Instantiating /home/travis/build/icyphy/ptII/ptolemy/domains/continuous/test/auto/ContinuousWithinContinuous.xml
40 ms. Memory: 829952K Free: 679448K (82%)
----------------- Invoking toplevel() on ptolemy.moml.MoMLSimpleApplication@6193dc
----------------- Done invoking toplevel() on ptolemy.moml.MoMLSimpleApplication@6193dc
reloadAllAccessors: .ContinuousWithinContinuous

===========================================================================================
----------------- testing Tue Feb 05 03:26:05 UTC 2019 /home/travis/build/icyphy/ptII/ptolemy/domains/continuous/test/auto/ContinuousWithinContinuous2.xml
----------------- Instantiating /home/travis/build/icyphy/ptII/ptolemy/domains/continuous/test/auto/ContinuousWithinContinuous2.xml
72 ms. Memory: 829952K Free: 664477K (80%)
----------------- Invoking toplevel() on ptolemy.moml.MoMLSimpleApplication@4729c55
----------------- Done invoking toplevel() on ptolemy.moml.MoMLSimpleApplication@4729c55
reloadAllAccessors: .ContinuousWithinContinuous2

===========================================================================================
----------------- testing Tue Feb 05 03:26:05 UTC 2019 /home/travis/build/icyphy/ptII/ptolemy/domains/continuous/test/auto/ContinuousWithinContinuous3.xml
----------------- Instantiating /home/travis/build/icyphy/ptII/ptolemy/domains/continuous/test/auto/ContinuousWithinContinuous3.xml
16 ms. Memory: 829952K Free: 652501K (79%)
----------------- Invoking toplevel() on ptolemy.moml.MoMLSimpleApplication@39face2c
----------------- Done invoking toplevel() on ptolemy.moml.MoMLSimpleApplication@39face2c
reloadAllAccessors: .ContinuousWithinContinuous3

===========================================================================================
----------------- testing Tue Feb 05 03:26:05 UTC 2019 /home/travis/build/icyphy/ptII/ptolemy/domains/continuous/test/auto/ContinuousWithinContinuous4.xml
----------------- Instantiating /home/travis/build/icyphy/ptII/ptolemy/domains/continuous/test/auto/ContinuousWithinContinuous4.xml
64 ms. Memory: 829952K Free: 637530K (77%)
----------------- Invoking toplevel() on ptolemy.moml.MoMLSimpleApplication@290b9bdc
----------------- Done invoking toplevel() on ptolemy.moml.MoMLSimpleApplication@290b9bdc
reloadAllAccessors: .ContinuousWithinContinuous4

===========================================================================================
----------------- testing Tue Feb 05 03:26:05 UTC 2019 /home/travis/build/icyphy/ptII/ptolemy/domains/continuous/test/auto/ContinuousWithinContinuous5.xml
----------------- Instantiating /home/travis/build/icyphy/ptII/ptolemy/domains/continuous/test/auto/ContinuousWithinContinuous5.xml
12 ms. Memory: 829952K Free: 620555K (75%)
----------------- Invoking toplevel() on ptolemy.moml.MoMLSimpleApplication@1ac056e1
----------------- Done invoking toplevel() on ptolemy.moml.MoMLSimpleApplication@1ac056e1
reloadAllAccessors: .ContinuousWithinContinuous5

===========================================================================================
----------------- testing Tue Feb 05 03:26:05 UTC 2019 /home/travis/build/icyphy/ptII/ptolemy/domains/continuous/test/auto/ContinuousWithinContinuous6.xml
----------------- Instantiating /home/travis/build/icyphy/ptII/ptolemy/domains/continuous/test/auto/ContinuousWithinContinuous6.xml
12 ms. Memory: 829952K Free: 610574K (74%)
----------------- Invoking toplevel() on ptolemy.moml.MoMLSimpleApplication@49c516c9
----------------- Done invoking toplevel() on ptolemy.moml.MoMLSimpleApplication@49c516c9
reloadAllAccessors: .ContinuousWithinContinuous6

===========================================================================================
----------------- testing Tue Feb 05 03:26:05 UTC 2019 /home/travis/build/icyphy/ptII/ptolemy/domains/continuous/test/auto/ContinuousWithinContinuous7.xml
----------------- Instantiating /home/travis/build/icyphy/ptII/ptolemy/domains/continuous/test/auto/ContinuousWithinContinuous7.xml
61 ms. Memory: 829952K Free: 595603K (72%)
----------------- Invoking toplevel() on ptolemy.moml.MoMLSimpleApplication@3cac4771
----------------- Done invoking toplevel() on ptolemy.moml.MoMLSimpleApplication@3cac4771
reloadAllAccessors: .ContinuousWithinContinuous7

===========================================================================================
----------------- testing Tue Feb 05 03:26:06 UTC 2019 /home/travis/build/icyphy/ptII/ptolemy/domains/continuous/test/auto/DCMotor.xml
----------------- Instantiating /home/travis/build/icyphy/ptII/ptolemy/domains/continuous/test/auto/DCMotor.xml
14863 ms. Memory: 668160K Free: 504868K (76%)
----------------- Invoking toplevel() on ptolemy.moml.MoMLSimpleApplication@60d2a20b
----------------- Done invoking toplevel() on ptolemy.moml.MoMLSimpleApplication@60d2a20b
reloadAllAccessors: .DCMotor

===========================================================================================
----------------- testing Tue Feb 05 03:26:21 UTC 2019 /home/travis/build/icyphy/ptII/ptolemy/domains/continuous/test/auto/DEInContinuous.xml
----------------- Instantiating /home/travis/build/icyphy/ptII/ptolemy/domains/continuous/test/auto/DEInContinuous.xml
6 ms. Memory: 668160K Free: 489896K (73%)
----------------- Invoking toplevel() on ptolemy.moml.MoMLSimpleApplication@5b10e8d8
----------------- Done invoking toplevel() on ptolemy.moml.MoMLSimpleApplication@5b10e8d8
reloadAllAccessors: .DEInContinuous

===========================================================================================
----------------- testing Tue Feb 05 03:26:21 UTC 2019 /home/travis/build/icyphy/ptII/ptolemy/domains/continuous/test/auto/DEinContinuous2.xml
----------------- Instantiating /home/travis/build/icyphy/ptII/ptolemy/domains/continuous/test/auto/DEinContinuous2.xml
5 ms. Memory: 668160K Free: 471191K (71%)
----------------- Invoking toplevel() on ptolemy.moml.MoMLSimpleApplication@c33bb80
----------------- Done invoking toplevel() on ptolemy.moml.MoMLSimpleApplication@c33bb80
reloadAllAccessors: .DEinContinuous2

===========================================================================================
----------------- testing Tue Feb 05 03:26:21 UTC 2019 /home/travis/build/icyphy/ptII/ptolemy/domains/continuous/test/auto/Derivative.xml
----------------- Instantiating /home/travis/build/icyphy/ptII/ptolemy/domains/continuous/test/auto/Derivative.xml
146 ms. Memory: 668160K Free: 434848K (65%)
----------------- Invoking toplevel() on ptolemy.moml.MoMLSimpleApplication@2e3f28c9
----------------- Done invoking toplevel() on ptolemy.moml.MoMLSimpleApplication@2e3f28c9
reloadAllAccessors: .Derivative2

===========================================================================================
----------------- testing Tue Feb 05 03:26:21 UTC 2019 /home/travis/build/icyphy/ptII/ptolemy/domains/continuous/test/auto/Derivative1.xml
----------------- Instantiating /home/travis/build/icyphy/ptII/ptolemy/domains/continuous/test/auto/Derivative1.xml
14 ms. Memory: 668160K Free: 416159K (62%)
----------------- Invoking toplevel() on ptolemy.moml.MoMLSimpleApplication@3dd360c1
----------------- Done invoking toplevel() on ptolemy.moml.MoMLSimpleApplication@3dd360c1
reloadAllAccessors: .Derivative1

===========================================================================================
----------------- testing Tue Feb 05 03:26:21 UTC 2019 /home/travis/build/icyphy/ptII/ptolemy/domains/continuous/test/auto/DiscreteClock.xml
----------------- Instantiating /home/travis/build/icyphy/ptII/ptolemy/domains/continuous/test/auto/DiscreteClock.xml
4 ms. Memory: 668160K Free: 404424K (61%)
----------------- Invoking toplevel() on ptolemy.moml.MoMLSimpleApplication@12ec571a
----------------- Done invoking toplevel() on ptolemy.moml.MoMLSimpleApplication@12ec571a
reloadAllAccessors: .DiscreteClock

===========================================================================================
----------------- testing Tue Feb 05 03:26:21 UTC 2019 /home/travis/build/icyphy/ptII/ptolemy/domains/continuous/test/auto/EfficiencyCurve.xml
----------------- Instantiating /home/travis/build/icyphy/ptII/ptolemy/domains/continuous/test/auto/EfficiencyCurve.xml
48 ms. Memory: 668160K Free: 391603K (59%)
----------------- Invoking toplevel() on ptolemy.moml.MoMLSimpleApplication@fa28509
----------------- Done invoking toplevel() on ptolemy.moml.MoMLSimpleApplication@fa28509
reloadAllAccessors: .EfficiencyCurve

===========================================================================================
----------------- testing Tue Feb 05 03:26:21 UTC 2019 /home/travis/build/icyphy/ptII/ptolemy/domains/continuous/test/auto/ExponentialResponse.xml
----------------- Instantiating /home/travis/build/icyphy/ptII/ptolemy/domains/continuous/test/auto/ExponentialResponse.xml
125 ms. Memory: 668160K Free: 367046K (55%)
----------------- Invoking toplevel() on ptolemy.moml.MoMLSimpleApplication@71ab6deb
----------------- Done invoking toplevel() on ptolemy.moml.MoMLSimpleApplication@71ab6deb
reloadAllAccessors: .ExponentialResponse

===========================================================================================
----------------- testing Tue Feb 05 03:26:21 UTC 2019 /home/travis/build/icyphy/ptII/ptolemy/domains/continuous/test/auto/ExponentialResponseRK45.xml
----------------- Instantiating /home/travis/build/icyphy/ptII/ptolemy/domains/continuous/test/auto/ExponentialResponseRK45.xml
27 ms. Memory: 668160K Free: 354225K (53%)
----------------- Invoking toplevel() on ptolemy.moml.MoMLSimpleApplication@41d26be0
----------------- Done invoking toplevel() on ptolemy.moml.MoMLSimpleApplication@41d26be0
reloadAllAccessors: .ExponentialResponseRK45

===========================================================================================
----------------- testing Tue Feb 05 03:26:21 UTC 2019 /home/travis/build/icyphy/ptII/ptolemy/domains/continuous/test/auto/Friction.xml
----------------- Instantiating /home/travis/build/icyphy/ptII/ptolemy/domains/continuous/test/auto/Friction.xml
1462 ms. Memory: 647168K Free: 472086K (73%)
----------------- Invoking toplevel() on ptolemy.moml.MoMLSimpleApplication@4110ea6d
----------------- Done invoking toplevel() on ptolemy.moml.MoMLSimpleApplication@4110ea6d
reloadAllAccessors: .Friction

===========================================================================================
----------------- testing Tue Feb 05 03:26:23 UTC 2019 /home/travis/build/icyphy/ptII/ptolemy/domains/continuous/test/auto/FurutaPendulum.xml
----------------- Instantiating /home/travis/build/icyphy/ptII/ptolemy/domains/continuous/test/auto/FurutaPendulum.xml
3688 ms. Memory: 617472K Free: 499418K (81%)
----------------- Invoking toplevel() on ptolemy.moml.MoMLSimpleApplication@7143e436
----------------- Done invoking toplevel() on ptolemy.moml.MoMLSimpleApplication@7143e436
reloadAllAccessors: .FurutaPendulum

===========================================================================================
----------------- testing Tue Feb 05 03:26:26 UTC 2019 /home/travis/build/icyphy/ptII/ptolemy/domains/continuous/test/auto/HierarchicalExecution.xml
----------------- Instantiating /home/travis/build/icyphy/ptII/ptolemy/domains/continuous/test/auto/HierarchicalExecution.xml
2128 ms. Memory: 617472K Free: 178983K (29%)
----------------- Invoking toplevel() on ptolemy.moml.MoMLSimpleApplication@8dfeda1
----------------- Done invoking toplevel() on ptolemy.moml.MoMLSimpleApplication@8dfeda1
reloadAllAccessors: .HierarchicalExecution

===========================================================================================
----------------- testing Tue Feb 05 03:26:29 UTC 2019 /home/travis/build/icyphy/ptII/ptolemy/domains/continuous/test/auto/HybridPlant.xml
----------------- Instantiating /home/travis/build/icyphy/ptII/ptolemy/domains/continuous/test/auto/HybridPlant.xml
517 ms. Memory: 589824K Free: 407094K (69%)
----------------- Invoking toplevel() on ptolemy.moml.MoMLSimpleApplication@2e1b36e3
----------------- Done invoking toplevel() on ptolemy.moml.MoMLSimpleApplication@2e1b36e3
reloadAllAccessors: .HybridPlant

===========================================================================================
----------------- testing Tue Feb 05 03:26:30 UTC 2019 /home/travis/build/icyphy/ptII/ptolemy/domains/continuous/test/auto/Hysteresis.xml
----------------- Instantiating /home/travis/build/icyphy/ptII/ptolemy/domains/continuous/test/auto/Hysteresis.xml
135 ms. Memory: 589824K Free: 340999K (58%)
----------------- Invoking toplevel() on ptolemy.moml.MoMLSimpleApplication@489f53a4
----------------- Done invoking toplevel() on ptolemy.moml.MoMLSimpleApplication@489f53a4
reloadAllAccessors: .Hysteresis

===========================================================================================
----------------- testing Tue Feb 05 03:26:30 UTC 2019 /home/travis/build/icyphy/ptII/ptolemy/domains/continuous/test/auto/HysteresisWithRandomDelay.xml
----------------- Instantiating /home/travis/build/icyphy/ptII/ptolemy/domains/continuous/test/auto/HysteresisWithRandomDelay.xml
165 ms. Memory: 589824K Free: 263692K (45%)
----------------- Invoking toplevel() on ptolemy.moml.MoMLSimpleApplication@153e20c5
----------------- Done invoking toplevel() on ptolemy.moml.MoMLSimpleApplication@153e20c5
reloadAllAccessors: .HysteresisWithRandomDelay

===========================================================================================
----------------- testing Tue Feb 05 03:26:30 UTC 2019 /home/travis/build/icyphy/ptII/ptolemy/domains/continuous/test/auto/HysteresisWithRandomLosses.xml
----------------- Instantiating /home/travis/build/icyphy/ptII/ptolemy/domains/continuous/test/auto/HysteresisWithRandomLosses.xml
2356 ms. Memory: 543232K Free: 435946K (80%)
----------------- Invoking toplevel() on ptolemy.moml.MoMLSimpleApplication@17d21c3b
----------------- Done invoking toplevel() on ptolemy.moml.MoMLSimpleApplication@17d21c3b
reloadAllAccessors: .HysteresisWithRandomLosses

===========================================================================================
----------------- testing Tue Feb 05 03:26:32 UTC 2019 /home/travis/build/icyphy/ptII/ptolemy/domains/continuous/test/auto/ImmediateTransitions.xml
----------------- Instantiating /home/travis/build/icyphy/ptII/ptolemy/domains/continuous/test/auto/ImmediateTransitions.xml
8 ms. Memory: 543232K Free: 418195K (77%)
----------------- Invoking toplevel() on ptolemy.moml.MoMLSimpleApplication@579ddf1a
----------------- Done invoking toplevel() on ptolemy.moml.MoMLSimpleApplication@579ddf1a
reloadAllAccessors: .ImmediateTransitions

===========================================================================================
----------------- testing Tue Feb 05 03:26:32 UTC 2019 /home/travis/build/icyphy/ptII/ptolemy/domains/continuous/test/auto/ImpulseFeedback.xml
----------------- Instantiating /home/travis/build/icyphy/ptII/ptolemy/domains/continuous/test/auto/ImpulseFeedback.xml
8 ms. Memory: 543232K Free: 408178K (75%)
----------------- Invoking toplevel() on ptolemy.moml.MoMLSimpleApplication@732c5082
----------------- Done invoking toplevel() on ptolemy.moml.MoMLSimpleApplication@732c5082
reloadAllAccessors: .ImpulseFeedback

===========================================================================================
----------------- testing Tue Feb 05 03:26:32 UTC 2019 /home/travis/build/icyphy/ptII/ptolemy/domains/continuous/test/auto/ImpulseFeedback2.xml
----------------- Instantiating /home/travis/build/icyphy/ptII/ptolemy/domains/continuous/test/auto/ImpulseFeedback2.xml
6 ms. Memory: 543232K Free: 397978K (73%)
----------------- Invoking toplevel() on ptolemy.moml.MoMLSimpleApplication@4f98121
----------------- Done invoking toplevel() on ptolemy.moml.MoMLSimpleApplication@4f98121
reloadAllAccessors: .ImpulseFeedback2

===========================================================================================
----------------- testing Tue Feb 05 03:26:32 UTC 2019 /home/travis/build/icyphy/ptII/ptolemy/domains/continuous/test/auto/IncreasingRatePoisson.xml
----------------- Instantiating /home/travis/build/icyphy/ptII/ptolemy/domains/continuous/test/auto/IncreasingRatePoisson.xml
699 ms. Memory: 543232K Free: 94651K (17%)
----------------- Invoking toplevel() on ptolemy.moml.MoMLSimpleApplication@68b5c80d
----------------- Done invoking toplevel() on ptolemy.moml.MoMLSimpleApplication@68b5c80d
reloadAllAccessors: .IncreasingRatePoisson

===========================================================================================
----------------- testing Tue Feb 05 03:26:33 UTC 2019 /home/travis/build/icyphy/ptII/ptolemy/domains/continuous/test/auto/InitialStateFeedback.xml
----------------- Instantiating /home/travis/build/icyphy/ptII/ptolemy/domains/continuous/test/auto/InitialStateFeedback.xml
3 ms. Memory: 543232K Free: 87545K (16%)
----------------- Invoking toplevel() on ptolemy.moml.MoMLSimpleApplication@6092ad4d
----------------- Done invoking toplevel() on ptolemy.moml.MoMLSimpleApplication@6092ad4d
reloadAllAccessors: .InitialStateFeedback

===========================================================================================
----------------- testing Tue Feb 05 03:26:33 UTC 2019 /home/travis/build/icyphy/ptII/ptolemy/domains/continuous/test/auto/Integration.xml
----------------- Instantiating /home/travis/build/icyphy/ptII/ptolemy/domains/continuous/test/auto/Integration.xml
2 ms. Memory: 543232K Free: 80630K (15%)
----------------- Invoking toplevel() on ptolemy.moml.MoMLSimpleApplication@9611e10
----------------- Done invoking toplevel() on ptolemy.moml.MoMLSimpleApplication@9611e10
reloadAllAccessors: .Integration

===========================================================================================
----------------- testing Tue Feb 05 03:26:33 UTC 2019 /home/travis/build/icyphy/ptII/ptolemy/domains/continuous/test/auto/Integration2.xml
----------------- Instantiating /home/travis/build/icyphy/ptII/ptolemy/domains/continuous/test/auto/Integration2.xml
83 ms. Memory: 543232K Free: 61193K (11%)
----------------- Invoking toplevel() on ptolemy.moml.MoMLSimpleApplication@267c793
----------------- Done invoking toplevel() on ptolemy.moml.MoMLSimpleApplication@267c793
reloadAllAccessors: .Integration2

===========================================================================================
----------------- testing Tue Feb 05 03:26:33 UTC 2019 /home/travis/build/icyphy/ptII/ptolemy/domains/continuous/test/auto/Integration3.xml
----------------- Instantiating /home/travis/build/icyphy/ptII/ptolemy/domains/continuous/test/auto/Integration3.xml
2 ms. Memory: 521728K Free: 493608K (95%)
----------------- Invoking toplevel() on ptolemy.moml.MoMLSimpleApplication@60872de
----------------- Done invoking toplevel() on ptolemy.moml.MoMLSimpleApplication@60872de
reloadAllAccessors: .Integration3

===========================================================================================
----------------- testing Tue Feb 05 03:26:33 UTC 2019 /home/travis/build/icyphy/ptII/ptolemy/domains/continuous/test/auto/Integration5.xml
----------------- Instantiating /home/travis/build/icyphy/ptII/ptolemy/domains/continuous/test/auto/Integration5.xml
2 ms. Memory: 521728K Free: 486767K (93%)
----------------- Invoking toplevel() on ptolemy.moml.MoMLSimpleApplication@28242917
----------------- Done invoking toplevel() on ptolemy.moml.MoMLSimpleApplication@28242917
reloadAllAccessors: .Integration5

===========================================================================================
----------------- testing Tue Feb 05 03:26:33 UTC 2019 /home/travis/build/icyphy/ptII/ptolemy/domains/continuous/test/auto/IntegratorImpulse.xml
----------------- Instantiating /home/travis/build/icyphy/ptII/ptolemy/domains/continuous/test/auto/IntegratorImpulse.xml
2 ms. Memory: 521728K Free: 480083K (92%)
----------------- Invoking toplevel() on ptolemy.moml.MoMLSimpleApplication@cacb6a2
----------------- Done invoking toplevel() on ptolemy.moml.MoMLSimpleApplication@cacb6a2
reloadAllAccessors: .IntegratorImpulse

===========================================================================================
----------------- testing Tue Feb 05 03:26:33 UTC 2019 /home/travis/build/icyphy/ptII/ptolemy/domains/continuous/test/auto/IntegratorImpulse2.xml
----------------- Instantiating /home/travis/build/icyphy/ptII/ptolemy/domains/continuous/test/auto/IntegratorImpulse2.xml
3 ms. Memory: 521728K Free: 473403K (91%)
----------------- Invoking toplevel() on ptolemy.moml.MoMLSimpleApplication@3a7f1c18
----------------- Done invoking toplevel() on ptolemy.moml.MoMLSimpleApplication@3a7f1c18
reloadAllAccessors: .IntegratorImpulse2

===========================================================================================
----------------- testing Tue Feb 05 03:26:33 UTC 2019 /home/travis/build/icyphy/ptII/ptolemy/domains/continuous/test/auto/LevelCrossing1.xml
----------------- Instantiating /home/travis/build/icyphy/ptII/ptolemy/domains/continuous/test/auto/LevelCrossing1.xml
2 ms. Memory: 521728K Free: 463611K (89%)
----------------- Invoking toplevel() on ptolemy.moml.MoMLSimpleApplication@3db231d7
----------------- Done invoking toplevel() on ptolemy.moml.MoMLSimpleApplication@3db231d7
reloadAllAccessors: .LevelCrossing1

===========================================================================================
----------------- testing Tue Feb 05 03:26:33 UTC 2019 /home/travis/build/icyphy/ptII/ptolemy/domains/continuous/test/auto/LevelCrossing2.xml
----------------- Instantiating /home/travis/build/icyphy/ptII/ptolemy/domains/continuous/test/auto/LevelCrossing2.xml
3 ms. Memory: 521728K Free: 453980K (87%)
----------------- Invoking toplevel() on ptolemy.moml.MoMLSimpleApplication@63d33d3c
----------------- Done invoking toplevel() on ptolemy.moml.MoMLSimpleApplication@63d33d3c
reloadAllAccessors: .LevelCrossing2

===========================================================================================
----------------- testing Tue Feb 05 03:26:33 UTC 2019 /home/travis/build/icyphy/ptII/ptolemy/domains/continuous/test/auto/LevelCrossing3.xml
----------------- Instantiating /home/travis/build/icyphy/ptII/ptolemy/domains/continuous/test/auto/LevelCrossing3.xml
2 ms. Memory: 521728K Free: 444348K (85%)
----------------- Invoking toplevel() on ptolemy.moml.MoMLSimpleApplication@4429b552
----------------- Done invoking toplevel() on ptolemy.moml.MoMLSimpleApplication@4429b552
reloadAllAccessors: .LevelCrossing3

===========================================================================================
----------------- testing Tue Feb 05 03:26:33 UTC 2019 /home/travis/build/icyphy/ptII/ptolemy/domains/continuous/test/auto/LevelCrossing4.xml
----------------- Instantiating /home/travis/build/icyphy/ptII/ptolemy/domains/continuous/test/auto/LevelCrossing4.xml
3 ms. Memory: 521728K Free: 434555K (83%)
----------------- Invoking toplevel() on ptolemy.moml.MoMLSimpleApplication@2364fb82
----------------- Done invoking toplevel() on ptolemy.moml.MoMLSimpleApplication@2364fb82
reloadAllAccessors: .LevelCrossing4

===========================================================================================
----------------- testing Tue Feb 05 03:26:33 UTC 2019 /home/travis/build/icyphy/ptII/ptolemy/domains/continuous/test/auto/LevelCrossing5.xml
----------------- Instantiating /home/travis/build/icyphy/ptII/ptolemy/domains/continuous/test/auto/LevelCrossing5.xml
3 ms. Memory: 521728K Free: 424940K (81%)
----------------- Invoking toplevel() on ptolemy.moml.MoMLSimpleApplication@7070167f
----------------- Done invoking toplevel() on ptolemy.moml.MoMLSimpleApplication@7070167f
reloadAllAccessors: .LevelCrossing5

===========================================================================================
[...]
----------------- Done invoking toplevel() on ptolemy.moml.MoMLSimpleApplication@a3d62db
reloadAllAccessors: .ResetTransitionWithStartTime6

===========================================================================================
----------------- testing Tue Feb 05 03:26:52 UTC 2019 /home/travis/build/icyphy/ptII/ptolemy/domains/continuous/test/auto/SRinContinuous.xml
----------------- Instantiating /home/travis/build/icyphy/ptII/ptolemy/domains/continuous/test/auto/SRinContinuous.xml
4 ms. Memory: 334336K Free: 201908K (60%)
----------------- Invoking toplevel() on ptolemy.moml.MoMLSimpleApplication@3696c054
----------------- Done invoking toplevel() on ptolemy.moml.MoMLSimpleApplication@3696c054
reloadAllAccessors: .SRinContinuous

===========================================================================================
----------------- testing Tue Feb 05 03:26:52 UTC 2019 /home/travis/build/icyphy/ptII/ptolemy/domains/continuous/test/auto/SampledClocks.xml
----------------- Instantiating /home/travis/build/icyphy/ptII/ptolemy/domains/continuous/test/auto/SampledClocks.xml
7 ms. Memory: 334336K Free: 190859K (57%)
----------------- Invoking toplevel() on ptolemy.moml.MoMLSimpleApplication@4ace47a1
----------------- Done invoking toplevel() on ptolemy.moml.MoMLSimpleApplication@4ace47a1
reloadAllAccessors: .SampledClocks

===========================================================================================
----------------- testing Tue Feb 05 03:26:52 UTC 2019 /home/travis/build/icyphy/ptII/ptolemy/domains/continuous/test/auto/Satellite.xml
----------------- Instantiating /home/travis/build/icyphy/ptII/ptolemy/domains/continuous/test/auto/Satellite.xml
759 ms. Memory: 330752K Free: 258267K (78%)
----------------- Invoking toplevel() on ptolemy.moml.MoMLSimpleApplication@4ceb606a
----------------- Done invoking toplevel() on ptolemy.moml.MoMLSimpleApplication@4ceb606a
reloadAllAccessors: .Satellite

===========================================================================================
----------------- testing Tue Feb 05 03:26:52 UTC 2019 /home/travis/build/icyphy/ptII/ptolemy/domains/continuous/test/auto/SigmaDelta.xml
----------------- Instantiating /home/travis/build/icyphy/ptII/ptolemy/domains/continuous/test/auto/SigmaDelta.xml
2279 ms. Memory: 320000K Free: 106414K (33%)
----------------- Invoking toplevel() on ptolemy.moml.MoMLSimpleApplication@3d3adcda
----------------- Done invoking toplevel() on ptolemy.moml.MoMLSimpleApplication@3d3adcda
reloadAllAccessors: .SigmaDelta

===========================================================================================
----------------- testing Tue Feb 05 03:26:55 UTC 2019 /home/travis/build/icyphy/ptII/ptolemy/domains/continuous/test/auto/SingleRefinement.xml
----------------- Instantiating /home/travis/build/icyphy/ptII/ptolemy/domains/continuous/test/auto/SingleRefinement.xml
293 ms. Memory: 371712K Free: 203121K (55%)
----------------- Invoking toplevel() on ptolemy.moml.MoMLSimpleApplication@36487f37
----------------- Done invoking toplevel() on ptolemy.moml.MoMLSimpleApplication@36487f37
reloadAllAccessors: .SingleRefinement

===========================================================================================
----------------- testing Tue Feb 05 03:26:55 UTC 2019 /home/travis/build/icyphy/ptII/ptolemy/domains/continuous/test/auto/SinuBouncingBall.xml
----------------- Instantiating /home/travis/build/icyphy/ptII/ptolemy/domains/continuous/test/auto/SinuBouncingBall.xml
638 ms. Memory: 359424K Free: 257904K (72%)
----------------- Invoking toplevel() on ptolemy.moml.MoMLSimpleApplication@230607e6
----------------- Done invoking toplevel() on ptolemy.moml.MoMLSimpleApplication@230607e6
reloadAllAccessors: .SinuBouncingBall

===========================================================================================
----------------- testing Tue Feb 05 03:26:56 UTC 2019 /home/travis/build/icyphy/ptII/ptolemy/domains/continuous/test/auto/Sinusoid.xml
----------------- Instantiating /home/travis/build/icyphy/ptII/ptolemy/domains/continuous/test/auto/Sinusoid.xml
4 ms. Memory: 359424K Free: 250380K (70%)
----------------- Invoking toplevel() on ptolemy.moml.MoMLSimpleApplication@fe46d8
----------------- Done invoking toplevel() on ptolemy.moml.MoMLSimpleApplication@fe46d8
reloadAllAccessors: .Sinusoid

===========================================================================================
----------------- testing Tue Feb 05 03:26:56 UTC 2019 /home/travis/build/icyphy/ptII/ptolemy/domains/continuous/test/auto/SinusoidInNoise.xml
----------------- Instantiating /home/travis/build/icyphy/ptII/ptolemy/domains/continuous/test/auto/SinusoidInNoise.xml
962 ms. Memory: 359424K Free: 46526K (13%)
----------------- Invoking toplevel() on ptolemy.moml.MoMLSimpleApplication@41b373f6
----------------- Done invoking toplevel() on ptolemy.moml.MoMLSimpleApplication@41b373f6
reloadAllAccessors: .SinusoidInNoise

===========================================================================================
----------------- testing Tue Feb 05 03:26:57 UTC 2019 /home/travis/build/icyphy/ptII/ptolemy/domains/continuous/test/auto/SinusoidRK45.xml
----------------- Instantiating /home/travis/build/icyphy/ptII/ptolemy/domains/continuous/test/auto/SinusoidRK45.xml
1 ms. Memory: 359424K Free: 40060K (11%)
----------------- Invoking toplevel() on ptolemy.moml.MoMLSimpleApplication@6f01038
----------------- Done invoking toplevel() on ptolemy.moml.MoMLSimpleApplication@6f01038
reloadAllAccessors: .SinusoidRK45

===========================================================================================
----------------- testing Tue Feb 05 03:26:57 UTC 2019 /home/travis/build/icyphy/ptII/ptolemy/domains/continuous/test/auto/SinusoidWithMultipleImpulses.xml
----------------- Instantiating /home/travis/build/icyphy/ptII/ptolemy/domains/continuous/test/auto/SinusoidWithMultipleImpulses.xml
2 ms. Memory: 359424K Free: 33563K (9%)
----------------- Invoking toplevel() on ptolemy.moml.MoMLSimpleApplication@461e800
----------------- Done invoking toplevel() on ptolemy.moml.MoMLSimpleApplication@461e800
reloadAllAccessors: .SinusoidWithMultipleImpulses

===========================================================================================
----------------- testing Tue Feb 05 03:26:57 UTC 2019 /home/travis/build/icyphy/ptII/ptolemy/domains/continuous/test/auto/SquareWave.xml
----------------- Instantiating /home/travis/build/icyphy/ptII/ptolemy/domains/continuous/test/auto/SquareWave.xml
153 ms. Memory: 346112K Free: 269143K (78%)
----------------- Invoking toplevel() on ptolemy.moml.MoMLSimpleApplication@113293c1
----------------- Done invoking toplevel() on ptolemy.moml.MoMLSimpleApplication@113293c1
reloadAllAccessors: .SquareWave

===========================================================================================
----------------- testing Tue Feb 05 03:26:57 UTC 2019 /home/travis/build/icyphy/ptII/ptolemy/domains/continuous/test/auto/Starmac.xml
----------------- Instantiating /home/travis/build/icyphy/ptII/ptolemy/domains/continuous/test/auto/Starmac.xml
3041 ms. Memory: 338432K Free: 159234K (47%)
----------------- Invoking toplevel() on ptolemy.moml.MoMLSimpleApplication@3bfc55f9
----------------- Done invoking toplevel() on ptolemy.moml.MoMLSimpleApplication@3bfc55f9
reloadAllAccessors: .Starmac

===========================================================================================
----------------- testing Tue Feb 05 03:27:00 UTC 2019 /home/travis/build/icyphy/ptII/ptolemy/domains/continuous/test/auto/StaticUnits.xml
----------------- Instantiating /home/travis/build/icyphy/ptII/ptolemy/domains/continuous/test/auto/StaticUnits.xml
2097 ms. Memory: 312832K Free: 153996K (49%)
----------------- Invoking toplevel() on ptolemy.moml.MoMLSimpleApplication@2e723c6a
----------------- Done invoking toplevel() on ptolemy.moml.MoMLSimpleApplication@2e723c6a
reloadAllAccessors: .StaticUnits

===========================================================================================
----------------- testing Tue Feb 05 03:27:03 UTC 2019 /home/travis/build/icyphy/ptII/ptolemy/domains/continuous/test/auto/StickyMasses.xml
----------------- Instantiating /home/travis/build/icyphy/ptII/ptolemy/domains/continuous/test/auto/StickyMasses.xml
129 ms. Memory: 312832K Free: 99072K (32%)
----------------- Invoking toplevel() on ptolemy.moml.MoMLSimpleApplication@5e8dbf8e
----------------- Done invoking toplevel() on ptolemy.moml.MoMLSimpleApplication@5e8dbf8e
reloadAllAccessors: .StickyMasses

===========================================================================================
----------------- testing Tue Feb 05 03:27:03 UTC 2019 /home/travis/build/icyphy/ptII/ptolemy/domains/continuous/test/auto/StopTime.xml
----------------- Instantiating /home/travis/build/icyphy/ptII/ptolemy/domains/continuous/test/auto/StopTime.xml
44 ms. Memory: 312832K Free: 71816K (23%)
----------------- Invoking toplevel() on ptolemy.moml.MoMLSimpleApplication@3c44b8cf
----------------- Done invoking toplevel() on ptolemy.moml.MoMLSimpleApplication@3c44b8cf
reloadAllAccessors: .StopTime

===========================================================================================
----------------- testing Tue Feb 05 03:27:03 UTC 2019 /home/travis/build/icyphy/ptII/ptolemy/domains/continuous/test/auto/StopTime2.xml
----------------- Instantiating /home/travis/build/icyphy/ptII/ptolemy/domains/continuous/test/auto/StopTime2.xml
37 ms. Memory: 312832K Free: 46086K (15%)
----------------- Invoking toplevel() on ptolemy.moml.MoMLSimpleApplication@2f446d78
----------------- Done invoking toplevel() on ptolemy.moml.MoMLSimpleApplication@2f446d78
reloadAllAccessors: .StopTime2

===========================================================================================
----------------- testing Tue Feb 05 03:27:03 UTC 2019 /home/travis/build/icyphy/ptII/ptolemy/domains/continuous/test/auto/Switch.xml
----------------- Instantiating /home/travis/build/icyphy/ptII/ptolemy/domains/continuous/test/auto/Switch.xml
39 ms. Memory: 312832K Free: 18763K (6%)
----------------- Invoking toplevel() on ptolemy.moml.MoMLSimpleApplication@2acf606a
----------------- Done invoking toplevel() on ptolemy.moml.MoMLSimpleApplication@2acf606a
reloadAllAccessors: .Switch

===========================================================================================
----------------- testing Tue Feb 05 03:27:03 UTC 2019 /home/travis/build/icyphy/ptII/ptolemy/domains/continuous/test/auto/Thermostat.xml
----------------- Instantiating /home/travis/build/icyphy/ptII/ptolemy/domains/continuous/test/auto/Thermostat.xml
157 ms. Memory: 311296K Free: 173179K (56%)
----------------- Invoking toplevel() on ptolemy.moml.MoMLSimpleApplication@66271adb
----------------- Done invoking toplevel() on ptolemy.moml.MoMLSimpleApplication@66271adb
reloadAllAccessors: .Thermostat

===========================================================================================
----------------- testing Tue Feb 05 03:27:03 UTC 2019 /home/travis/build/icyphy/ptII/ptolemy/domains/continuous/test/auto/TimeDelay.xml
----------------- Instantiating /home/travis/build/icyphy/ptII/ptolemy/domains/continuous/test/auto/TimeDelay.xml
6 ms. Memory: 311296K Free: 166279K (53%)
----------------- Invoking toplevel() on ptolemy.moml.MoMLSimpleApplication@6940fa36
----------------- Done invoking toplevel() on ptolemy.moml.MoMLSimpleApplication@6940fa36
reloadAllAccessors: .TimeDelay

===========================================================================================
----------------- testing Tue Feb 05 03:27:03 UTC 2019 /home/travis/build/icyphy/ptII/ptolemy/domains/continuous/test/auto/TimeDelay2.xml
----------------- Instantiating /home/travis/build/icyphy/ptII/ptolemy/domains/continuous/test/auto/TimeDelay2.xml
12 ms. Memory: 311296K Free: 157926K (51%)
----------------- Invoking toplevel() on ptolemy.moml.MoMLSimpleApplication@291a625c
----------------- Done invoking toplevel() on ptolemy.moml.MoMLSimpleApplication@291a625c
reloadAllAccessors: .TimeDelay2

===========================================================================================
----------------- testing Tue Feb 05 03:27:04 UTC 2019 /home/travis/build/icyphy/ptII/ptolemy/domains/continuous/test/auto/TimeDelay3.xml
----------------- Instantiating /home/travis/build/icyphy/ptII/ptolemy/domains/continuous/test/auto/TimeDelay3.xml
12 ms. Memory: 311296K Free: 152520K (49%)
----------------- Invoking toplevel() on ptolemy.moml.MoMLSimpleApplication@48ca2766
----------------- Done invoking toplevel() on ptolemy.moml.MoMLSimpleApplication@48ca2766
reloadAllAccessors: .TimeDelay3

===========================================================================================
----------------- testing Tue Feb 05 03:27:04 UTC 2019 /home/travis/build/icyphy/ptII/ptolemy/domains/continuous/test/auto/TransferAbsentToInside.xml
----------------- Instantiating /home/travis/build/icyphy/ptII/ptolemy/domains/continuous/test/auto/TransferAbsentToInside.xml
29 ms. Memory: 311296K Free: 95151K (31%)
----------------- Invoking toplevel() on ptolemy.moml.MoMLSimpleApplication@2d2b0e1
----------------- Done invoking toplevel() on ptolemy.moml.MoMLSimpleApplication@2d2b0e1
reloadAllAccessors: .TransferAbsentToInside

===========================================================================================
----------------- testing Tue Feb 05 03:27:04 UTC 2019 /home/travis/build/icyphy/ptII/ptolemy/domains/continuous/test/auto/Transmission.xml
----------------- Instantiating /home/travis/build/icyphy/ptII/ptolemy/domains/continuous/test/auto/Transmission.xml
742 ms. Memory: 293888K Free: 60918K (21%)
----------------- Invoking toplevel() on ptolemy.moml.MoMLSimpleApplication@77a0e081
----------------- Done invoking toplevel() on ptolemy.moml.MoMLSimpleApplication@77a0e081
reloadAllAccessors: .Transmission

===========================================================================================
----------------- testing Tue Feb 05 03:27:04 UTC 2019 /home/travis/build/icyphy/ptII/ptolemy/domains/continuous/test/auto/TriggeredContinuousClock.xml
----------------- Instantiating /home/travis/build/icyphy/ptII/ptolemy/domains/continuous/test/auto/TriggeredContinuousClock.xml
35 ms. Memory: 293888K Free: 27938K (10%)
----------------- Invoking toplevel() on ptolemy.moml.MoMLSimpleApplication@50b8efb1
----------------- Done invoking toplevel() on ptolemy.moml.MoMLSimpleApplication@50b8efb1
reloadAllAccessors: .TriggeredContinuousClock

===========================================================================================
----------------- testing Tue Feb 05 03:27:04 UTC 2019 /home/travis/build/icyphy/ptII/ptolemy/domains/continuous/test/auto/TwoMachineInfiniteBusControl.xml
----------------- Instantiating /home/travis/build/icyphy/ptII/ptolemy/domains/continuous/test/auto/TwoMachineInfiniteBusControl.xml
2727 ms. Memory: 267264K Free: 56855K (21%)
----------------- Invoking toplevel() on ptolemy.moml.MoMLSimpleApplication@65382582
----------------- Done invoking toplevel() on ptolemy.moml.MoMLSimpleApplication@65382582
reloadAllAccessors: .TwoMachineInfiniteBusControl

===========================================================================================
----------------- testing Tue Feb 05 03:27:07 UTC 2019 /home/travis/build/icyphy/ptII/ptolemy/domains/continuous/test/auto/V2V.xml
----------------- Instantiating /home/travis/build/icyphy/ptII/ptolemy/domains/continuous/test/auto/V2V.xml
758 ms. Memory: 260096K Free: 41621K (16%)
----------------- Invoking toplevel() on ptolemy.moml.MoMLSimpleApplication@436a1259
----------------- Done invoking toplevel() on ptolemy.moml.MoMLSimpleApplication@436a1259
reloadAllAccessors: .V2V

===========================================================================================
----------------- testing Tue Feb 05 03:27:08 UTC 2019 /home/travis/build/icyphy/ptII/ptolemy/domains/continuous/test/auto/hierarchicalModalModel.xml
----------------- Instantiating /home/travis/build/icyphy/ptII/ptolemy/domains/continuous/test/auto/hierarchicalModalModel.xml
7 ms. Memory: 260096K Free: 24212K (9%)
----------------- Invoking toplevel() on ptolemy.moml.MoMLSimpleApplication@1a5a94ff
----------------- Done invoking toplevel() on ptolemy.moml.MoMLSimpleApplication@1a5a94ff
reloadAllAccessors: .hierarchicalModalModel

===========================================================================================
----------------- testing Tue Feb 05 03:27:08 UTC 2019 /home/travis/build/icyphy/ptII/ptolemy/domains/continuous/test/auto/hierarchicalModalModel1.xml
----------------- Instantiating /home/travis/build/icyphy/ptII/ptolemy/domains/continuous/test/auto/hierarchicalModalModel1.xml
14 ms. Memory: 252416K Free: 177894K (70%)
----------------- Invoking toplevel() on ptolemy.moml.MoMLSimpleApplication@528822f6
----------------- Done invoking toplevel() on ptolemy.moml.MoMLSimpleApplication@528822f6
reloadAllAccessors: .hierarchicalModalModel1

===========================================================================================
----------------- testing Tue Feb 05 03:27:08 UTC 2019 /home/travis/build/icyphy/ptII/ptolemy/domains/continuous/test/auto/hierarchicalModalModel2.xml
----------------- Instantiating /home/travis/build/icyphy/ptII/ptolemy/domains/continuous/test/auto/hierarchicalModalModel2.xml
6 ms. Memory: 252416K Free: 162534K (64%)
----------------- Invoking toplevel() on ptolemy.moml.MoMLSimpleApplication@39fd8131
----------------- Done invoking toplevel() on ptolemy.moml.MoMLSimpleApplication@39fd8131
reloadAllAccessors: .hierarchicalModalModel2

===========================================================================================
----------------- testing Tue Feb 05 03:27:08 UTC 2019 /home/travis/build/icyphy/ptII/ptolemy/domains/continuous/test/auto/hierarchicalModalModel3.xml
----------------- Instantiating /home/travis/build/icyphy/ptII/ptolemy/domains/continuous/test/auto/hierarchicalModalModel3.xml
8 ms. Memory: 252416K Free: 150126K (59%)
----------------- Invoking toplevel() on ptolemy.moml.MoMLSimpleApplication@15fb5c8b
----------------- Done invoking toplevel() on ptolemy.moml.MoMLSimpleApplication@15fb5c8b
reloadAllAccessors: .hierarchicalModalModel3

===========================================================================================
----------------- testing Tue Feb 05 03:27:08 UTC 2019 /home/travis/build/icyphy/ptII/ptolemy/domains/continuous/test/auto/hierarchicalModalModel4.xml
----------------- Instantiating /home/travis/build/icyphy/ptII/ptolemy/domains/continuous/test/auto/hierarchicalModalModel4.xml
4 ms. Memory: 252416K Free: 136538K (54%)
----------------- Invoking toplevel() on ptolemy.moml.MoMLSimpleApplication@5c2d8b83
----------------- Done invoking toplevel() on ptolemy.moml.MoMLSimpleApplication@5c2d8b83
reloadAllAccessors: .hierarchicalModalModel4

===========================================================================================
----------------- testing Tue Feb 05 03:27:08 UTC 2019 /home/travis/build/icyphy/ptII/ptolemy/domains/continuous/test/auto/junk.xml
----------------- Instantiating /home/travis/build/icyphy/ptII/ptolemy/domains/continuous/test/auto/junk.xml
148 ms. Memory: 252416K Free: 105886K (42%)
----------------- Invoking toplevel() on ptolemy.moml.MoMLSimpleApplication@8253667
----------------- Done invoking toplevel() on ptolemy.moml.MoMLSimpleApplication@8253667
reloadAllAccessors: .junk
AutoTests.java: About to close Vertx.
AutoTests.java: Vertx closed.
]]></system-out>
  <system-err><![CDATA[Warning: '.IncreasingRatePoisson.NonStrictTest' The test produced only 369 tokens, yet the correctValues parameter was expecting 402 tokens.
Warning: '.Poisson.NonStrictTest' The test produced only 420 tokens, yet the correctValues parameter was expecting 430 tokens.
]]></system-err>
</testsuite>
