<?xml version="1.0" encoding="UTF-8" ?>
<testsuite errors="0" failures="0" hostname="travis-job-e3bff8f9-abff-4b39-a70d-3f0d85180f10" name="ptolemy.domains.modal.test.junit.JUnitTclTest" skipped="0" tests="148" time="10.781" timestamp="2020-09-06T15:38:57">
  <properties>
[...]
</properties>
  <testcase classname="ptolemy.util.test.junit.TclTests" name="[0] /home/travis/build/icyphy/ptII/ptolemy/domains/modal/test/SystemLevelType.tcl (RunTclFile)" time="1.916" />
  <testcase classname="ptolemy.util.test.junit.AutoKnownFailedTests" name="[0] /home/travis/build/icyphy/ptII/ptolemy/domains/modal/test/auto/knownFailedTests/CannotAnalysisWithPreemption.xml (RunModel)" time="0.288" />
  <testcase classname="ptolemy.util.test.junit.AutoNameArchTests" name="[0] ThereAreNoAutoArchTests (RunModel)" time="0.003" />
  <testcase classname="ptolemy.util.test.junit.AutoTests" name="[0] /home/travis/build/icyphy/ptII/ptolemy/domains/modal/test/auto/ABPTest.xml (RunModel)" time="0.694" />
  <testcase classname="ptolemy.util.test.junit.AutoTests" name="[1] /home/travis/build/icyphy/ptII/ptolemy/domains/modal/test/auto/ABROFlat.xml (RunModel)" time="0.083" />
  <testcase classname="ptolemy.util.test.junit.AutoTests" name="[2] /home/travis/build/icyphy/ptII/ptolemy/domains/modal/test/auto/ABROFlat2.xml (RunModel)" time="0.076" />
  <testcase classname="ptolemy.util.test.junit.AutoTests" name="[3] /home/travis/build/icyphy/ptII/ptolemy/domains/modal/test/auto/ABRO_present_hmm.xml (RunModel)" time="0.112" />
  <testcase classname="ptolemy.util.test.junit.AutoTests" name="[4] /home/travis/build/icyphy/ptII/ptolemy/domains/modal/test/auto/AMICoderExample.xml (RunModel)" time="0.106" />
  <testcase classname="ptolemy.util.test.junit.AutoTests" name="[5] /home/travis/build/icyphy/ptII/ptolemy/domains/modal/test/auto/AbsentToPresent.xml (RunModel)" time="0.019" />
  <testcase classname="ptolemy.util.test.junit.AutoTests" name="[6] /home/travis/build/icyphy/ptII/ptolemy/domains/modal/test/auto/Blending.xml (RunModel)" time="0.207" />
  <testcase classname="ptolemy.util.test.junit.AutoTests" name="[7] /home/travis/build/icyphy/ptII/ptolemy/domains/modal/test/auto/Broadcast.xml (RunModel)" time="0.036" />
  <testcase classname="ptolemy.util.test.junit.AutoTests" name="[8] /home/travis/build/icyphy/ptII/ptolemy/domains/modal/test/auto/BroadcastHierarchy.xml (RunModel)" time="0.06" />
  <testcase classname="ptolemy.util.test.junit.AutoTests" name="[9] /home/travis/build/icyphy/ptII/ptolemy/domains/modal/test/auto/BroadcastHierarchy2.xml (RunModel)" time="0.114" />
  <testcase classname="ptolemy.util.test.junit.AutoTests" name="[10] /home/travis/build/icyphy/ptII/ptolemy/domains/modal/test/auto/BroadcastHierarchy3.xml (RunModel)" time="0.082" />
  <testcase classname="ptolemy.util.test.junit.AutoTests" name="[11] /home/travis/build/icyphy/ptII/ptolemy/domains/modal/test/auto/BroadcastHierarchy4.xml (RunModel)" time="0.105" />
  <testcase classname="ptolemy.util.test.junit.AutoTests" name="[12] /home/travis/build/icyphy/ptII/ptolemy/domains/modal/test/auto/CannotAnalysisWithPreemption2.xml (RunModel)" time="0.032" />
  <testcase classname="ptolemy.util.test.junit.AutoTests" name="[13] /home/travis/build/icyphy/ptII/ptolemy/domains/modal/test/auto/CannotAnalysisWithPreemption3.xml (RunModel)" time="0.039" />
  <testcase classname="ptolemy.util.test.junit.AutoTests" name="[14] /home/travis/build/icyphy/ptII/ptolemy/domains/modal/test/auto/CannotProduce.xml (RunModel)" time="0.038" />
  <testcase classname="ptolemy.util.test.junit.AutoTests" name="[15] /home/travis/build/icyphy/ptII/ptolemy/domains/modal/test/auto/CannotProduceModal.xml (RunModel)" time="0.056" />
  <testcase classname="ptolemy.util.test.junit.AutoTests" name="[16] /home/travis/build/icyphy/ptII/ptolemy/domains/modal/test/auto/Case.xml (RunModel)" time="0.091" />
  <testcase classname="ptolemy.util.test.junit.AutoTests" name="[17] /home/travis/build/icyphy/ptII/ptolemy/domains/modal/test/auto/Case1.xml (RunModel)" time="0.038" />
  <testcase classname="ptolemy.util.test.junit.AutoTests" name="[18] /home/travis/build/icyphy/ptII/ptolemy/domains/modal/test/auto/Case2.xml (RunModel)" time="0.061" />
  <testcase classname="ptolemy.util.test.junit.AutoTests" name="[19] /home/travis/build/icyphy/ptII/ptolemy/domains/modal/test/auto/CausalityInterface1.xml (RunModel)" time="0.041" />
  <testcase classname="ptolemy.util.test.junit.AutoTests" name="[20] /home/travis/build/icyphy/ptII/ptolemy/domains/modal/test/auto/CausalityInterface10.xml (RunModel)" time="0.071" />
  <testcase classname="ptolemy.util.test.junit.AutoTests" name="[21] /home/travis/build/icyphy/ptII/ptolemy/domains/modal/test/auto/CausalityInterface11.xml (RunModel)" time="0.048" />
  <testcase classname="ptolemy.util.test.junit.AutoTests" name="[22] /home/travis/build/icyphy/ptII/ptolemy/domains/modal/test/auto/CausalityInterface12.xml (RunModel)" time="0.045" />
  <testcase classname="ptolemy.util.test.junit.AutoTests" name="[23] /home/travis/build/icyphy/ptII/ptolemy/domains/modal/test/auto/CausalityInterface13.xml (RunModel)" time="0.066" />
  <testcase classname="ptolemy.util.test.junit.AutoTests" name="[24] /home/travis/build/icyphy/ptII/ptolemy/domains/modal/test/auto/CausalityInterface14.xml (RunModel)" time="0.064" />
  <testcase classname="ptolemy.util.test.junit.AutoTests" name="[25] /home/travis/build/icyphy/ptII/ptolemy/domains/modal/test/auto/CausalityInterface2.xml (RunModel)" time="0.034" />
  <testcase classname="ptolemy.util.test.junit.AutoTests" name="[26] /home/travis/build/icyphy/ptII/ptolemy/domains/modal/test/auto/CausalityInterface3.xml (RunModel)" time="0.032" />
  <testcase classname="ptolemy.util.test.junit.AutoTests" name="[27] /home/travis/build/icyphy/ptII/ptolemy/domains/modal/test/auto/CausalityInterface4.xml (RunModel)" time="0.026" />
  <testcase classname="ptolemy.util.test.junit.AutoTests" name="[28] /home/travis/build/icyphy/ptII/ptolemy/domains/modal/test/auto/CausalityInterface5.xml (RunModel)" time="0.029" />
  <testcase classname="ptolemy.util.test.junit.AutoTests" name="[29] /home/travis/build/icyphy/ptII/ptolemy/domains/modal/test/auto/CausalityInterface6.xml (RunModel)" time="0.039" />
  <testcase classname="ptolemy.util.test.junit.AutoTests" name="[30] /home/travis/build/icyphy/ptII/ptolemy/domains/modal/test/auto/CausalityInterface7.xml (RunModel)" time="0.035" />
  <testcase classname="ptolemy.util.test.junit.AutoTests" name="[31] /home/travis/build/icyphy/ptII/ptolemy/domains/modal/test/auto/CausalityInterface8.xml (RunModel)" time="0.037" />
  <testcase classname="ptolemy.util.test.junit.AutoTests" name="[32] /home/travis/build/icyphy/ptII/ptolemy/domains/modal/test/auto/CausalityInterface9.xml (RunModel)" time="0.043" />
  <testcase classname="ptolemy.util.test.junit.AutoTests" name="[33] /home/travis/build/icyphy/ptII/ptolemy/domains/modal/test/auto/ChainedTransitions.xml (RunModel)" time="0.162" />
  <testcase classname="ptolemy.util.test.junit.AutoTests" name="[34] /home/travis/build/icyphy/ptII/ptolemy/domains/modal/test/auto/CycleOfImmediateTransitionsFSM.xml (RunModel)" time="0.03" />
  <testcase classname="ptolemy.util.test.junit.AutoTests" name="[35] /home/travis/build/icyphy/ptII/ptolemy/domains/modal/test/auto/CycleOfImmediateTransitionsModal.xml (RunModel)" time="0.017" />
  <testcase classname="ptolemy.util.test.junit.AutoTests" name="[36] /home/travis/build/icyphy/ptII/ptolemy/domains/modal/test/auto/CycleOfImmediateTransitionsModal2.xml (RunModel)" time="0.05" />
  <testcase classname="ptolemy.util.test.junit.AutoTests" name="[37] /home/travis/build/icyphy/ptII/ptolemy/domains/modal/test/auto/CycleOfImmediateTransitionsModal3.xml (RunModel)" time="0.086" />
  <testcase classname="ptolemy.util.test.junit.AutoTests" name="[38] /home/travis/build/icyphy/ptII/ptolemy/domains/modal/test/auto/DeepModal1.xml (RunModel)" time="0.064" />
  <testcase classname="ptolemy.util.test.junit.AutoTests" name="[39] /home/travis/build/icyphy/ptII/ptolemy/domains/modal/test/auto/DeepModal2.xml (RunModel)" time="0.074" />
  <testcase classname="ptolemy.util.test.junit.AutoTests" name="[40] /home/travis/build/icyphy/ptII/ptolemy/domains/modal/test/auto/DeepModal3.xml (RunModel)" time="0.066" />
  <testcase classname="ptolemy.util.test.junit.AutoTests" name="[41] /home/travis/build/icyphy/ptII/ptolemy/domains/modal/test/auto/DeepModal4.xml (RunModel)" time="0.08" />
  <testcase classname="ptolemy.util.test.junit.AutoTests" name="[42] /home/travis/build/icyphy/ptII/ptolemy/domains/modal/test/auto/Default1.xml (RunModel)" time="0.02" />
  <testcase classname="ptolemy.util.test.junit.AutoTests" name="[43] /home/travis/build/icyphy/ptII/ptolemy/domains/modal/test/auto/Default2.xml (RunModel)" time="0.042" />
  <testcase classname="ptolemy.util.test.junit.AutoTests" name="[44] /home/travis/build/icyphy/ptII/ptolemy/domains/modal/test/auto/Default3.xml (RunModel)" time="0.02" />
  <testcase classname="ptolemy.util.test.junit.AutoTests" name="[45] /home/travis/build/icyphy/ptII/ptolemy/domains/modal/test/auto/Default4.xml (RunModel)" time="0.019" />
  <testcase classname="ptolemy.util.test.junit.AutoTests" name="[46] /home/travis/build/icyphy/ptII/ptolemy/domains/modal/test/auto/Default5.xml (RunModel)" time="0.025" />
  <testcase classname="ptolemy.util.test.junit.AutoTests" name="[47] /home/travis/build/icyphy/ptII/ptolemy/domains/modal/test/auto/EmptyGuard.xml (RunModel)" time="0.028" />
  <testcase classname="ptolemy.util.test.junit.AutoTests" name="[48] /home/travis/build/icyphy/ptII/ptolemy/domains/modal/test/auto/ErrorTransition1.xml (RunModel)" time="0.036" />
  <testcase classname="ptolemy.util.test.junit.AutoTests" name="[49] /home/travis/build/icyphy/ptII/ptolemy/domains/modal/test/auto/ErrorTransition10.xml (RunModel)" time="0.044" />
  <testcase classname="ptolemy.util.test.junit.AutoTests" name="[50] /home/travis/build/icyphy/ptII/ptolemy/domains/modal/test/auto/ErrorTransition11.xml (RunModel)" time="0.037" />
  <testcase classname="ptolemy.util.test.junit.AutoTests" name="[51] /home/travis/build/icyphy/ptII/ptolemy/domains/modal/test/auto/ErrorTransition2.xml (RunModel)" time="0.026" />
  <testcase classname="ptolemy.util.test.junit.AutoTests" name="[52] /home/travis/build/icyphy/ptII/ptolemy/domains/modal/test/auto/ErrorTransition3.xml (RunModel)" time="0.048" />
  <testcase classname="ptolemy.util.test.junit.AutoTests" name="[53] /home/travis/build/icyphy/ptII/ptolemy/domains/modal/test/auto/ErrorTransition4.xml (RunModel)" time="0.034" />
  <testcase classname="ptolemy.util.test.junit.AutoTests" name="[54] /home/travis/build/icyphy/ptII/ptolemy/domains/modal/test/auto/ErrorTransition5.xml (RunModel)" time="0.032" />
  <testcase classname="ptolemy.util.test.junit.AutoTests" name="[55] /home/travis/build/icyphy/ptII/ptolemy/domains/modal/test/auto/ErrorTransition6.xml (RunModel)" time="0.062" />
  <testcase classname="ptolemy.util.test.junit.AutoTests" name="[56] /home/travis/build/icyphy/ptII/ptolemy/domains/modal/test/auto/ErrorTransition7.xml (RunModel)" time="0.055" />
  <testcase classname="ptolemy.util.test.junit.AutoTests" name="[57] /home/travis/build/icyphy/ptII/ptolemy/domains/modal/test/auto/ErrorTransition8.xml (RunModel)" time="0.068" />
  <testcase classname="ptolemy.util.test.junit.AutoTests" name="[58] /home/travis/build/icyphy/ptII/ptolemy/domains/modal/test/auto/ErrorTransition9.xml (RunModel)" time="0.056" />
  <testcase classname="ptolemy.util.test.junit.AutoTests" name="[59] /home/travis/build/icyphy/ptII/ptolemy/domains/modal/test/auto/ExtendedFSM.xml (RunModel)" time="0.027" />
  <testcase classname="ptolemy.util.test.junit.AutoTests" name="[60] /home/travis/build/icyphy/ptII/ptolemy/domains/modal/test/auto/FinalStates.xml (RunModel)" time="0.023" />
  <testcase classname="ptolemy.util.test.junit.AutoTests" name="[61] /home/travis/build/icyphy/ptII/ptolemy/domains/modal/test/auto/FixedPointFSM.xml (RunModel)" time="0.044" />
  <testcase classname="ptolemy.util.test.junit.AutoTests" name="[62] /home/travis/build/icyphy/ptII/ptolemy/domains/modal/test/auto/FixedPointIterationFSMActor.xml (RunModel)" time="0.029" />
  <testcase classname="ptolemy.util.test.junit.AutoTests" name="[63] /home/travis/build/icyphy/ptII/ptolemy/domains/modal/test/auto/FixedPointIterationFSMActor2.xml (RunModel)" time="0.041" />
  <testcase classname="ptolemy.util.test.junit.AutoTests" name="[64] /home/travis/build/icyphy/ptII/ptolemy/domains/modal/test/auto/ForbiddenInstantanousLoop.xml (RunModel)" time="0.039" />
  <testcase classname="ptolemy.util.test.junit.AutoTests" name="[65] /home/travis/build/icyphy/ptII/ptolemy/domains/modal/test/auto/FunctionDependencyOfFSMActorTest.xml (RunModel)" time="0.04" />
  <testcase classname="ptolemy.util.test.junit.AutoTests" name="[66] /home/travis/build/icyphy/ptII/ptolemy/domains/modal/test/auto/GuardExpression.xml (RunModel)" time="0.018" />
  <testcase classname="ptolemy.util.test.junit.AutoTests" name="[67] /home/travis/build/icyphy/ptII/ptolemy/domains/modal/test/auto/GuardNotEvaluated.xml (RunModel)" time="0.03" />
  <testcase classname="ptolemy.util.test.junit.AutoTests" name="[68] /home/travis/build/icyphy/ptII/ptolemy/domains/modal/test/auto/GuardNotEvaluated2.xml (RunModel)" time="0.03" />
  <testcase classname="ptolemy.util.test.junit.AutoTests" name="[69] /home/travis/build/icyphy/ptII/ptolemy/domains/modal/test/auto/GuardOnAbsent.xml (RunModel)" time="0.025" />
  <testcase classname="ptolemy.util.test.junit.AutoTests" name="[70] /home/travis/build/icyphy/ptII/ptolemy/domains/modal/test/auto/HierarchicalFSMTypeInference.xml (RunModel)" time="0.032" />
  <testcase classname="ptolemy.util.test.junit.AutoTests" name="[71] /home/travis/build/icyphy/ptII/ptolemy/domains/modal/test/auto/Hysteresis.xml (RunModel)" time="0.049" />
  <testcase classname="ptolemy.util.test.junit.AutoTests" name="[72] /home/travis/build/icyphy/ptII/ptolemy/domains/modal/test/auto/HysteresisWithDefault.xml (RunModel)" time="0.074" />
  <testcase classname="ptolemy.util.test.junit.AutoTests" name="[73] /home/travis/build/icyphy/ptII/ptolemy/domains/modal/test/auto/HysteresisWithDefault2.xml (RunModel)" time="0.073" />
  <testcase classname="ptolemy.util.test.junit.AutoTests" name="[74] /home/travis/build/icyphy/ptII/ptolemy/domains/modal/test/auto/ImmediateNonConstructiveness.xml (RunModel)" time="0.017" />
  <testcase classname="ptolemy.util.test.junit.AutoTests" name="[75] /home/travis/build/icyphy/ptII/ptolemy/domains/modal/test/auto/ImmediateNonConstructiveness2.xml (RunModel)" time="0.018" />
  <testcase classname="ptolemy.util.test.junit.AutoTests" name="[76] /home/travis/build/icyphy/ptII/ptolemy/domains/modal/test/auto/ImmediateTransitionReset.xml (RunModel)" time="0.033" />
  <testcase classname="ptolemy.util.test.junit.AutoTests" name="[77] /home/travis/build/icyphy/ptII/ptolemy/domains/modal/test/auto/ImmediateTransitions1.xml (RunModel)" time="0.014" />
  <testcase classname="ptolemy.util.test.junit.AutoTests" name="[78] /home/travis/build/icyphy/ptII/ptolemy/domains/modal/test/auto/ImmediateTransitionsInstantaneousCommunication.xml (RunModel)" time="0.047" />
  <testcase classname="ptolemy.util.test.junit.AutoTests" name="[79] /home/travis/build/icyphy/ptII/ptolemy/domains/modal/test/auto/InitialImmediateTransition.xml (RunModel)" time="0.016" />
  <testcase classname="ptolemy.util.test.junit.AutoTests" name="[80] /home/travis/build/icyphy/ptII/ptolemy/domains/modal/test/auto/InitialOutputs.xml (RunModel)" time="0.015" />
  <testcase classname="ptolemy.util.test.junit.AutoTests" name="[81] /home/travis/build/icyphy/ptII/ptolemy/domains/modal/test/auto/InitialStateTransition1.xml (RunModel)" time="0.021" />
  <testcase classname="ptolemy.util.test.junit.AutoTests" name="[82] /home/travis/build/icyphy/ptII/ptolemy/domains/modal/test/auto/InitialStateTransition2.xml (RunModel)" time="0.024" />
  <testcase classname="ptolemy.util.test.junit.AutoTests" name="[83] /home/travis/build/icyphy/ptII/ptolemy/domains/modal/test/auto/InitialStateTransition3.xml (RunModel)" time="0.025" />
  <testcase classname="ptolemy.util.test.junit.AutoTests" name="[84] /home/travis/build/icyphy/ptII/ptolemy/domains/modal/test/auto/InitialStateTransition4.xml (RunModel)" time="0.026" />
  <testcase classname="ptolemy.util.test.junit.AutoTests" name="[85] /home/travis/build/icyphy/ptII/ptolemy/domains/modal/test/auto/MalformedGuardExpressionNotCaught.xml (RunModel)" time="0.027" />
  <testcase classname="ptolemy.util.test.junit.AutoTests" name="[86] /home/travis/build/icyphy/ptII/ptolemy/domains/modal/test/auto/ModalBSC.xml (RunModel)" time="0.1" />
  <testcase classname="ptolemy.util.test.junit.AutoTests" name="[87] /home/travis/build/icyphy/ptII/ptolemy/domains/modal/test/auto/ModalClocks.xml (RunModel)" time="0.079" />
  <testcase classname="ptolemy.util.test.junit.AutoTests" name="[88] /home/travis/build/icyphy/ptII/ptolemy/domains/modal/test/auto/ModalDelay.xml (RunModel)" time="0.044" />
  <testcase classname="ptolemy.util.test.junit.AutoTests" name="[89] /home/travis/build/icyphy/ptII/ptolemy/domains/modal/test/auto/ModalDelay2.xml (RunModel)" time="0.045" />
  <testcase classname="ptolemy.util.test.junit.AutoTests" name="[90] /home/travis/build/icyphy/ptII/ptolemy/domains/modal/test/auto/ModalModelFromMemo.xml (RunModel)" time="0.072" />
  <testcase classname="ptolemy.util.test.junit.AutoTests" name="[91] /home/travis/build/icyphy/ptII/ptolemy/domains/modal/test/auto/ModalModelWithMultirateTransient.xml (RunModel)" time="0.056" />
  <testcase classname="ptolemy.util.test.junit.AutoTests" name="[92] /home/travis/build/icyphy/ptII/ptolemy/domains/modal/test/auto/ModalModelWithReset.xml (RunModel)" time="0.054" />
  <testcase classname="ptolemy.util.test.junit.AutoTests" name="[93] /home/travis/build/icyphy/ptII/ptolemy/domains/modal/test/auto/MouseClickFSM.xml (RunModel)" time="0.043" />
  <testcase classname="ptolemy.util.test.junit.AutoTests" name="[94] /home/travis/build/icyphy/ptII/ptolemy/domains/modal/test/auto/MouseClickFSMModal.xml (RunModel)" time="0.031" />
  <testcase classname="ptolemy.util.test.junit.AutoTests" name="[95] /home/travis/build/icyphy/ptII/ptolemy/domains/modal/test/auto/NonStrictFSM_FeedbackLoop.xml (RunModel)" time="0.044" />
  <testcase classname="ptolemy.util.test.junit.AutoTests" name="[96] /home/travis/build/icyphy/ptII/ptolemy/domains/modal/test/auto/NonStrictFSM_FeedbackLoop_Refinement.xml (RunModel)" time="0.05" />
  <testcase classname="ptolemy.util.test.junit.AutoTests" name="[97] /home/travis/build/icyphy/ptII/ptolemy/domains/modal/test/auto/NonStrictFSM_FeedbackLoop_preemptive.xml (RunModel)" time="0.049" />
  <testcase classname="ptolemy.util.test.junit.AutoTests" name="[98] /home/travis/build/icyphy/ptII/ptolemy/domains/modal/test/auto/NormalTermination.xml (RunModel)" time="0.077" />
  <testcase classname="ptolemy.util.test.junit.AutoTests" name="[99] /home/travis/build/icyphy/ptII/ptolemy/domains/modal/test/auto/Pong.xml (RunModel)" time="0.096" />
  <testcase classname="ptolemy.util.test.junit.AutoTests" name="[100] /home/travis/build/icyphy/ptII/ptolemy/domains/modal/test/auto/Pong_test.xml (RunModel)" time="0.125" />
  <testcase classname="ptolemy.util.test.junit.AutoTests" name="[101] /home/travis/build/icyphy/ptII/ptolemy/domains/modal/test/auto/PreemptionHierarchy.xml (RunModel)" time="0.031" />
  <testcase classname="ptolemy.util.test.junit.AutoTests" name="[102] /home/travis/build/icyphy/ptII/ptolemy/domains/modal/test/auto/PreemptionHierarchy2.xml (RunModel)" time="0.03" />
  <testcase classname="ptolemy.util.test.junit.AutoTests" name="[103] /home/travis/build/icyphy/ptII/ptolemy/domains/modal/test/auto/PreemptiveTransition.xml (RunModel)" time="0.023" />
  <testcase classname="ptolemy.util.test.junit.AutoTests" name="[104] /home/travis/build/icyphy/ptII/ptolemy/domains/modal/test/auto/Priorities.xml (RunModel)" time="0.075" />
  <testcase classname="ptolemy.util.test.junit.AutoTests" name="[105] /home/travis/build/icyphy/ptII/ptolemy/domains/modal/test/auto/ResetFinal.xml (RunModel)" time="0.039" />
  <testcase classname="ptolemy.util.test.junit.AutoTests" name="[106] /home/travis/build/icyphy/ptII/ptolemy/domains/modal/test/auto/ResetFinal2.xml (RunModel)" time="0.029" />
  <testcase classname="ptolemy.util.test.junit.AutoTests" name="[107] /home/travis/build/icyphy/ptII/ptolemy/domains/modal/test/auto/ResetTransitionWithStartTime.xml (RunModel)" time="0.031" />
  <testcase classname="ptolemy.util.test.junit.AutoTests" name="[108] /home/travis/build/icyphy/ptII/ptolemy/domains/modal/test/auto/SDF-FSMComposite.xml (RunModel)" time="0.027" />
  <testcase classname="ptolemy.util.test.junit.AutoTests" name="[109] /home/travis/build/icyphy/ptII/ptolemy/domains/modal/test/auto/SeeminglyNondeterminate.xml (RunModel)" time="0.093" />
  <testcase classname="ptolemy.util.test.junit.AutoTests" name="[110] /home/travis/build/icyphy/ptII/ptolemy/domains/modal/test/auto/SeeminglyNondeterminate2.xml (RunModel)" time="0.075" />
  <testcase classname="ptolemy.util.test.junit.AutoTests" name="[111] /home/travis/build/icyphy/ptII/ptolemy/domains/modal/test/auto/SpontaneousFSM.xml (RunModel)" time="0.048" />
  <testcase classname="ptolemy.util.test.junit.AutoTests" name="[112] /home/travis/build/icyphy/ptII/ptolemy/domains/modal/test/auto/SpontaneousFSM2.xml (RunModel)" time="0.038" />
  <testcase classname="ptolemy.util.test.junit.AutoTests" name="[113] /home/travis/build/icyphy/ptII/ptolemy/domains/modal/test/auto/SpontaneousFSM3.xml (RunModel)" time="0.058" />
  <testcase classname="ptolemy.util.test.junit.AutoTests" name="[114] /home/travis/build/icyphy/ptII/ptolemy/domains/modal/test/auto/SpontaneousFSM4.xml (RunModel)" time="0.045" />
  <testcase classname="ptolemy.util.test.junit.AutoTests" name="[115] /home/travis/build/icyphy/ptII/ptolemy/domains/modal/test/auto/StateTrackerTest.xml (RunModel)" time="0.061" />
  <testcase classname="ptolemy.util.test.junit.AutoTests" name="[116] /home/travis/build/icyphy/ptII/ptolemy/domains/modal/test/auto/StrongImmediateTransition.xml (RunModel)" time="0.022" />
  <testcase classname="ptolemy.util.test.junit.AutoTests" name="[117] /home/travis/build/icyphy/ptII/ptolemy/domains/modal/test/auto/SustainHierarchy.xml (RunModel)" time="0.03" />
  <testcase classname="ptolemy.util.test.junit.AutoTests" name="[118] /home/travis/build/icyphy/ptII/ptolemy/domains/modal/test/auto/TerminationTransition1.xml (RunModel)" time="0.02" />
  <testcase classname="ptolemy.util.test.junit.AutoTests" name="[119] /home/travis/build/icyphy/ptII/ptolemy/domains/modal/test/auto/TerminationTransition2.xml (RunModel)" time="0.029" />
  <testcase classname="ptolemy.util.test.junit.AutoTests" name="[120] /home/travis/build/icyphy/ptII/ptolemy/domains/modal/test/auto/TerminationTransition3.xml (RunModel)" time="0.035" />
  <testcase classname="ptolemy.util.test.junit.AutoTests" name="[121] /home/travis/build/icyphy/ptII/ptolemy/domains/modal/test/auto/TerminationTransition4.xml (RunModel)" time="0.037" />
  <testcase classname="ptolemy.util.test.junit.AutoTests" name="[122] /home/travis/build/icyphy/ptII/ptolemy/domains/modal/test/auto/TerminationTransition5.xml (RunModel)" time="0.032" />
  <testcase classname="ptolemy.util.test.junit.AutoTests" name="[123] /home/travis/build/icyphy/ptII/ptolemy/domains/modal/test/auto/TerminationTransition6.xml (RunModel)" time="0.023" />
  <testcase classname="ptolemy.util.test.junit.AutoTests" name="[124] /home/travis/build/icyphy/ptII/ptolemy/domains/modal/test/auto/TerminationTransition7.xml (RunModel)" time="0.024" />
  <testcase classname="ptolemy.util.test.junit.AutoTests" name="[125] /home/travis/build/icyphy/ptII/ptolemy/domains/modal/test/auto/TerminationTransition8.xml (RunModel)" time="0.026" />
  <testcase classname="ptolemy.util.test.junit.AutoTests" name="[126] /home/travis/build/icyphy/ptII/ptolemy/domains/modal/test/auto/Thermostat_NoHysteresis.xml (RunModel)" time="0.061" />
  <testcase classname="ptolemy.util.test.junit.AutoTests" name="[127] /home/travis/build/icyphy/ptII/ptolemy/domains/modal/test/auto/TimedFSM.xml (RunModel)" time="0.032" />
  <testcase classname="ptolemy.util.test.junit.AutoTests" name="[128] /home/travis/build/icyphy/ptII/ptolemy/domains/modal/test/auto/Timeout1.xml (RunModel)" time="0.014" />
  <testcase classname="ptolemy.util.test.junit.AutoTests" name="[129] /home/travis/build/icyphy/ptII/ptolemy/domains/modal/test/auto/Timeout2.xml (RunModel)" time="0.022" />
  <testcase classname="ptolemy.util.test.junit.AutoTests" name="[130] /home/travis/build/icyphy/ptII/ptolemy/domains/modal/test/auto/Timeout3.xml (RunModel)" time="0.014" />
  <testcase classname="ptolemy.util.test.junit.AutoTests" name="[131] /home/travis/build/icyphy/ptII/ptolemy/domains/modal/test/auto/Timeout4.xml (RunModel)" time="0.013" />
  <testcase classname="ptolemy.util.test.junit.AutoTests" name="[132] /home/travis/build/icyphy/ptII/ptolemy/domains/modal/test/auto/TransientstateModelAdvanced.xml (RunModel)" time="0.029" />
  <testcase classname="ptolemy.util.test.junit.AutoTests" name="[133] /home/travis/build/icyphy/ptII/ptolemy/domains/modal/test/auto/TransientstateModelAdvanced2.xml (RunModel)" time="0.032" />
  <testcase classname="ptolemy.util.test.junit.AutoTests" name="[134] /home/travis/build/icyphy/ptII/ptolemy/domains/modal/test/auto/TransitionRefinements.xml (RunModel)" time="0.027" />
  <testcase classname="ptolemy.util.test.junit.AutoTests" name="[135] /home/travis/build/icyphy/ptII/ptolemy/domains/modal/test/auto/TwoRefinements1.xml (RunModel)" time="0.025" />
  <testcase classname="ptolemy.util.test.junit.AutoTests" name="[136] /home/travis/build/icyphy/ptII/ptolemy/domains/modal/test/auto/TwoRefinements2.xml (RunModel)" time="0.04" />
  <testcase classname="ptolemy.util.test.junit.AutoTests" name="[137] /home/travis/build/icyphy/ptII/ptolemy/domains/modal/test/auto/WeakImmediateTransition.xml (RunModel)" time="0.024" />
  <testcase classname="ptolemy.util.test.junit.AutoTests" name="[138] /home/travis/build/icyphy/ptII/ptolemy/domains/modal/test/auto/booleanSelect.xml (RunModel)" time="0.076" />
  <testcase classname="ptolemy.util.test.junit.AutoTests" name="[139] /home/travis/build/icyphy/ptII/ptolemy/domains/modal/test/auto/modalChangingParams.xml (RunModel)" time="0.296" />
  <testcase classname="ptolemy.util.test.junit.AutoTests" name="[140] /home/travis/build/icyphy/ptII/ptolemy/domains/modal/test/auto/modalModel.xml (RunModel)" time="0.026" />
  <testcase classname="ptolemy.util.test.junit.AutoTests" name="[141] /home/travis/build/icyphy/ptII/ptolemy/domains/modal/test/auto/modalModel2.xml (RunModel)" time="0.026" />
  <testcase classname="ptolemy.util.test.junit.AutoTests" name="[142] /home/travis/build/icyphy/ptII/ptolemy/domains/modal/test/auto/modalModel3.xml (RunModel)" time="0.059" />
  <testcase classname="ptolemy.util.test.junit.AutoTests" name="[143] /home/travis/build/icyphy/ptII/ptolemy/domains/modal/test/auto/model1.xml (RunModel)" time="0.026" />
  <testcase classname="ptolemy.util.test.junit.AutoTests" name="[144] /home/travis/build/icyphy/ptII/ptolemy/domains/modal/test/auto/test-direct-in-out.xml (RunModel)" time="0.031" />
  <system-out><![CDATA[/home/travis/build/icyphy/ptII/ptolemy/domains/modal/test/SystemLevelType.tcl
testDefs.tcl: setting time out to 9000 seconds at Sun Sep 06 15:38:57 UTC 2020
09/06/20 03:38:59
Failed: 0  Total Tests: 1  ((Passed: 1, Newly Passed: 0)  Known Failed: 0) /home/travis/build/icyphy/ptII/ptolemy/domains/modal/test
----------------- testing (KnownFailure) /home/travis/build/icyphy/ptII/ptolemy/domains/modal/test/auto/knownFailedTests/CannotAnalysisWithPreemption.xml
124 ms. Memory: 129024K Free: 80191K (62%)
Known Failure: java.lang.reflect.InvocationTargetException
No auto/linux-amd64/*.xml tests in /home/travis/build/icyphy/ptII/ptolemy/domains/modal/test
AutoTests.java: About to close Vertx.
AutoTests.java: Vertx closed.

===========================================================================================
----------------- testing Sun Sep 06 15:39:00 UTC 2020 /home/travis/build/icyphy/ptII/ptolemy/domains/modal/test/auto/ABPTest.xml
----------------- Instantiating /home/travis/build/icyphy/ptII/ptolemy/domains/modal/test/auto/ABPTest.xml
274 ms. Memory: 155648K Free: 116779K (75%)
----------------- Invoking toplevel() on ptolemy.moml.MoMLSimpleApplication@677e3284
----------------- Done invoking toplevel() on ptolemy.moml.MoMLSimpleApplication@677e3284
reloadAllAccessors: .ABPTest

===========================================================================================
----------------- testing Sun Sep 06 15:39:01 UTC 2020 /home/travis/build/icyphy/ptII/ptolemy/domains/modal/test/auto/ABROFlat.xml
----------------- Instantiating /home/travis/build/icyphy/ptII/ptolemy/domains/modal/test/auto/ABROFlat.xml
17 ms. Memory: 155648K Free: 100871K (65%)
----------------- Invoking toplevel() on ptolemy.moml.MoMLSimpleApplication@744a924a
----------------- Done invoking toplevel() on ptolemy.moml.MoMLSimpleApplication@744a924a
reloadAllAccessors: .ABROFlat

===========================================================================================
----------------- testing Sun Sep 06 15:39:01 UTC 2020 /home/travis/build/icyphy/ptII/ptolemy/domains/modal/test/auto/ABROFlat2.xml
----------------- Instantiating /home/travis/build/icyphy/ptII/ptolemy/domains/modal/test/auto/ABROFlat2.xml
18 ms. Memory: 155648K Free: 83463K (54%)
----------------- Invoking toplevel() on ptolemy.moml.MoMLSimpleApplication@5c1345b6
----------------- Done invoking toplevel() on ptolemy.moml.MoMLSimpleApplication@5c1345b6
reloadAllAccessors: .ABROFlat2

===========================================================================================
----------------- testing Sun Sep 06 15:39:01 UTC 2020 /home/travis/build/icyphy/ptII/ptolemy/domains/modal/test/auto/ABRO_present_hmm.xml
----------------- Instantiating /home/travis/build/icyphy/ptII/ptolemy/domains/modal/test/auto/ABRO_present_hmm.xml
22 ms. Memory: 155648K Free: 56311K (36%)
----------------- Invoking toplevel() on ptolemy.moml.MoMLSimpleApplication@2b9be921
----------------- Done invoking toplevel() on ptolemy.moml.MoMLSimpleApplication@2b9be921
reloadAllAccessors: .ABRO_present_hmm

===========================================================================================
----------------- testing Sun Sep 06 15:39:01 UTC 2020 /home/travis/build/icyphy/ptII/ptolemy/domains/modal/test/auto/AMICoderExample.xml
----------------- Instantiating /home/travis/build/icyphy/ptII/ptolemy/domains/modal/test/auto/AMICoderExample.xml
49 ms. Memory: 155648K Free: 133099K (86%)
----------------- Invoking toplevel() on ptolemy.moml.MoMLSimpleApplication@7fab3256
----------------- Done invoking toplevel() on ptolemy.moml.MoMLSimpleApplication@7fab3256
reloadAllAccessors: .AMICoderExample

===========================================================================================
----------------- testing Sun Sep 06 15:39:01 UTC 2020 /home/travis/build/icyphy/ptII/ptolemy/domains/modal/test/auto/AbsentToPresent.xml
----------------- Instantiating /home/travis/build/icyphy/ptII/ptolemy/domains/modal/test/auto/AbsentToPresent.xml
4 ms. Memory: 155648K Free: 128538K (83%)
----------------- Invoking toplevel() on ptolemy.moml.MoMLSimpleApplication@5c38265
----------------- Done invoking toplevel() on ptolemy.moml.MoMLSimpleApplication@5c38265
reloadAllAccessors: .AbsentToPresent

===========================================================================================
----------------- testing Sun Sep 06 15:39:01 UTC 2020 /home/travis/build/icyphy/ptII/ptolemy/domains/modal/test/auto/Blending.xml
----------------- Instantiating /home/travis/build/icyphy/ptII/ptolemy/domains/modal/test/auto/Blending.xml
120 ms. Memory: 155648K Free: 83511K (54%)
----------------- Invoking toplevel() on ptolemy.moml.MoMLSimpleApplication@545aecf5
----------------- Done invoking toplevel() on ptolemy.moml.MoMLSimpleApplication@545aecf5
reloadAllAccessors: .Blending

===========================================================================================
----------------- testing Sun Sep 06 15:39:01 UTC 2020 /home/travis/build/icyphy/ptII/ptolemy/domains/modal/test/auto/Broadcast.xml
----------------- Instantiating /home/travis/build/icyphy/ptII/ptolemy/domains/modal/test/auto/Broadcast.xml
6 ms. Memory: 155648K Free: 73685K (47%)
----------------- Invoking toplevel() on ptolemy.moml.MoMLSimpleApplication@716654b
----------------- Done invoking toplevel() on ptolemy.moml.MoMLSimpleApplication@716654b
reloadAllAccessors: .Broadcast

===========================================================================================
----------------- testing Sun Sep 06 15:39:01 UTC 2020 /home/travis/build/icyphy/ptII/ptolemy/domains/modal/test/auto/BroadcastHierarchy.xml
----------------- Instantiating /home/travis/build/icyphy/ptII/ptolemy/domains/modal/test/auto/BroadcastHierarchy.xml
8 ms. Memory: 155648K Free: 59922K (38%)
----------------- Invoking toplevel() on ptolemy.moml.MoMLSimpleApplication@649b631e
----------------- Done invoking toplevel() on ptolemy.moml.MoMLSimpleApplication@649b631e
reloadAllAccessors: .BroadcastHierarchy

===========================================================================================
----------------- testing Sun Sep 06 15:39:01 UTC 2020 /home/travis/build/icyphy/ptII/ptolemy/domains/modal/test/auto/BroadcastHierarchy2.xml
----------------- Instantiating /home/travis/build/icyphy/ptII/ptolemy/domains/modal/test/auto/BroadcastHierarchy2.xml
24 ms. Memory: 155648K Free: 119184K (77%)
----------------- Invoking toplevel() on ptolemy.moml.MoMLSimpleApplication@1b151c68
----------------- Done invoking toplevel() on ptolemy.moml.MoMLSimpleApplication@1b151c68
reloadAllAccessors: .BroadcastHierarchy2

===========================================================================================
----------------- testing Sun Sep 06 15:39:02 UTC 2020 /home/travis/build/icyphy/ptII/ptolemy/domains/modal/test/auto/BroadcastHierarchy3.xml
----------------- Instantiating /home/travis/build/icyphy/ptII/ptolemy/domains/modal/test/auto/BroadcastHierarchy3.xml
26 ms. Memory: 155648K Free: 98718K (63%)
----------------- Invoking toplevel() on ptolemy.moml.MoMLSimpleApplication@d261454
----------------- Done invoking toplevel() on ptolemy.moml.MoMLSimpleApplication@d261454
reloadAllAccessors: .BroadcastHierarchy3

===========================================================================================
----------------- testing Sun Sep 06 15:39:02 UTC 2020 /home/travis/build/icyphy/ptII/ptolemy/domains/modal/test/auto/BroadcastHierarchy4.xml
----------------- Instantiating /home/travis/build/icyphy/ptII/ptolemy/domains/modal/test/auto/BroadcastHierarchy4.xml
26 ms. Memory: 155648K Free: 74142K (48%)
----------------- Invoking toplevel() on ptolemy.moml.MoMLSimpleApplication@59cd6da2
----------------- Done invoking toplevel() on ptolemy.moml.MoMLSimpleApplication@59cd6da2
reloadAllAccessors: .BroadcastHierarchy4

===========================================================================================
----------------- testing Sun Sep 06 15:39:02 UTC 2020 /home/travis/build/icyphy/ptII/ptolemy/domains/modal/test/auto/CannotAnalysisWithPreemption2.xml
----------------- Instantiating /home/travis/build/icyphy/ptII/ptolemy/domains/modal/test/auto/CannotAnalysisWithPreemption2.xml
5 ms. Memory: 155648K Free: 66960K (43%)
----------------- Invoking toplevel() on ptolemy.moml.MoMLSimpleApplication@51dd6aa4
----------------- Done invoking toplevel() on ptolemy.moml.MoMLSimpleApplication@51dd6aa4
reloadAllAccessors: .CannotAnalysisWithPreemption2

===========================================================================================
----------------- testing Sun Sep 06 15:39:02 UTC 2020 /home/travis/build/icyphy/ptII/ptolemy/domains/modal/test/auto/CannotAnalysisWithPreemption3.xml
----------------- Instantiating /home/travis/build/icyphy/ptII/ptolemy/domains/modal/test/auto/CannotAnalysisWithPreemption3.xml
6 ms. Memory: 155648K Free: 56720K (36%)
----------------- Invoking toplevel() on ptolemy.moml.MoMLSimpleApplication@2b75cb0f
----------------- Done invoking toplevel() on ptolemy.moml.MoMLSimpleApplication@2b75cb0f
reloadAllAccessors: .CannotAnalysisWithPreemption3

===========================================================================================
----------------- testing Sun Sep 06 15:39:02 UTC 2020 /home/travis/build/icyphy/ptII/ptolemy/domains/modal/test/auto/CannotProduce.xml
----------------- Instantiating /home/travis/build/icyphy/ptII/ptolemy/domains/modal/test/auto/CannotProduce.xml
16 ms. Memory: 155648K Free: 50080K (32%)
----------------- Invoking toplevel() on ptolemy.moml.MoMLSimpleApplication@7d7e9442
----------------- Done invoking toplevel() on ptolemy.moml.MoMLSimpleApplication@7d7e9442
reloadAllAccessors: .CannotProduce

===========================================================================================
----------------- testing Sun Sep 06 15:39:02 UTC 2020 /home/travis/build/icyphy/ptII/ptolemy/domains/modal/test/auto/CannotProduceModal.xml
----------------- Instantiating /home/travis/build/icyphy/ptII/ptolemy/domains/modal/test/auto/CannotProduceModal.xml
13 ms. Memory: 187392K Free: 162712K (87%)
----------------- Invoking toplevel() on ptolemy.moml.MoMLSimpleApplication@3c525cf4
----------------- Done invoking toplevel() on ptolemy.moml.MoMLSimpleApplication@3c525cf4
reloadAllAccessors: .CannotProduceModal

===========================================================================================
----------------- testing Sun Sep 06 15:39:02 UTC 2020 /home/travis/build/icyphy/ptII/ptolemy/domains/modal/test/auto/Case.xml
----------------- Instantiating /home/travis/build/icyphy/ptII/ptolemy/domains/modal/test/auto/Case.xml
42 ms. Memory: 187392K Free: 151454K (81%)
----------------- Invoking toplevel() on ptolemy.moml.MoMLSimpleApplication@1ce36a93
----------------- Done invoking toplevel() on ptolemy.moml.MoMLSimpleApplication@1ce36a93
reloadAllAccessors: .Case

===========================================================================================
----------------- testing Sun Sep 06 15:39:02 UTC 2020 /home/travis/build/icyphy/ptII/ptolemy/domains/modal/test/auto/Case1.xml
----------------- Instantiating /home/travis/build/icyphy/ptII/ptolemy/domains/modal/test/auto/Case1.xml
11 ms. Memory: 187392K Free: 144286K (77%)
----------------- Invoking toplevel() on ptolemy.moml.MoMLSimpleApplication@310ba76d
----------------- Done invoking toplevel() on ptolemy.moml.MoMLSimpleApplication@310ba76d
reloadAllAccessors: .Case1

===========================================================================================
----------------- testing Sun Sep 06 15:39:02 UTC 2020 /home/travis/build/icyphy/ptII/ptolemy/domains/modal/test/auto/Case2.xml
----------------- Instantiating /home/travis/build/icyphy/ptII/ptolemy/domains/modal/test/auto/Case2.xml
23 ms. Memory: 187392K Free: 133536K (71%)
----------------- Invoking toplevel() on ptolemy.moml.MoMLSimpleApplication@371702ca
----------------- Done invoking toplevel() on ptolemy.moml.MoMLSimpleApplication@371702ca
reloadAllAccessors: .Case2

===========================================================================================
----------------- testing Sun Sep 06 15:39:02 UTC 2020 /home/travis/build/icyphy/ptII/ptolemy/domains/modal/test/auto/CausalityInterface1.xml
----------------- Instantiating /home/travis/build/icyphy/ptII/ptolemy/domains/modal/test/auto/CausalityInterface1.xml
5 ms. Memory: 187392K Free: 128416K (69%)
----------------- Invoking toplevel() on ptolemy.moml.MoMLSimpleApplication@16b1459e
----------------- Done invoking toplevel() on ptolemy.moml.MoMLSimpleApplication@16b1459e
reloadAllAccessors: .CausalityInterface1

===========================================================================================
----------------- testing Sun Sep 06 15:39:02 UTC 2020 /home/travis/build/icyphy/ptII/ptolemy/domains/modal/test/auto/CausalityInterface10.xml
----------------- Instantiating /home/travis/build/icyphy/ptII/ptolemy/domains/modal/test/auto/CausalityInterface10.xml
14 ms. Memory: 187392K Free: 115104K (61%)
----------------- Invoking toplevel() on ptolemy.moml.MoMLSimpleApplication@6ef7e24b
----------------- Done invoking toplevel() on ptolemy.moml.MoMLSimpleApplication@6ef7e24b
reloadAllAccessors: .CausalityInterface10

===========================================================================================
----------------- testing Sun Sep 06 15:39:02 UTC 2020 /home/travis/build/icyphy/ptII/ptolemy/domains/modal/test/auto/CausalityInterface11.xml
----------------- Instantiating /home/travis/build/icyphy/ptII/ptolemy/domains/modal/test/auto/CausalityInterface11.xml
6 ms. Memory: 187392K Free: 101248K (54%)
----------------- Invoking toplevel() on ptolemy.moml.MoMLSimpleApplication@6a6ee087
----------------- Done invoking toplevel() on ptolemy.moml.MoMLSimpleApplication@6a6ee087
reloadAllAccessors: .CausalityInterface11

===========================================================================================
----------------- testing Sun Sep 06 15:39:02 UTC 2020 /home/travis/build/icyphy/ptII/ptolemy/domains/modal/test/auto/CausalityInterface12.xml
----------------- Instantiating /home/travis/build/icyphy/ptII/ptolemy/domains/modal/test/auto/CausalityInterface12.xml
11 ms. Memory: 187392K Free: 87936K (47%)
----------------- Invoking toplevel() on ptolemy.moml.MoMLSimpleApplication@4037c164
----------------- Done invoking toplevel() on ptolemy.moml.MoMLSimpleApplication@4037c164
reloadAllAccessors: .CausalityInterface12

===========================================================================================
----------------- testing Sun Sep 06 15:39:02 UTC 2020 /home/travis/build/icyphy/ptII/ptolemy/domains/modal/test/auto/CausalityInterface13.xml
----------------- Instantiating /home/travis/build/icyphy/ptII/ptolemy/domains/modal/test/auto/CausalityInterface13.xml
14 ms. Memory: 187392K Free: 74144K (40%)
----------------- Invoking toplevel() on ptolemy.moml.MoMLSimpleApplication@2f7ee917
----------------- Done invoking toplevel() on ptolemy.moml.MoMLSimpleApplication@2f7ee917
reloadAllAccessors: .CausalityInterface13

===========================================================================================
----------------- testing Sun Sep 06 15:39:02 UTC 2020 /home/travis/build/icyphy/ptII/ptolemy/domains/modal/test/auto/CausalityInterface14.xml
----------------- Instantiating /home/travis/build/icyphy/ptII/ptolemy/domains/modal/test/auto/CausalityInterface14.xml
9 ms. Memory: 187392K Free: 165278K (88%)
----------------- Invoking toplevel() on ptolemy.moml.MoMLSimpleApplication@39b47535
----------------- Done invoking toplevel() on ptolemy.moml.MoMLSimpleApplication@39b47535
reloadAllAccessors: .CausalityInterface14

===========================================================================================
----------------- testing Sun Sep 06 15:39:02 UTC 2020 /home/travis/build/icyphy/ptII/ptolemy/domains/modal/test/auto/CausalityInterface2.xml
----------------- Instantiating /home/travis/build/icyphy/ptII/ptolemy/domains/modal/test/auto/CausalityInterface2.xml
11 ms. Memory: 187392K Free: 158624K (85%)
----------------- Invoking toplevel() on ptolemy.moml.MoMLSimpleApplication@141bac15
----------------- Done invoking toplevel() on ptolemy.moml.MoMLSimpleApplication@141bac15
reloadAllAccessors: .CausalityInterface2

===========================================================================================
----------------- testing Sun Sep 06 15:39:02 UTC 2020 /home/travis/build/icyphy/ptII/ptolemy/domains/modal/test/auto/CausalityInterface3.xml
----------------- Instantiating /home/travis/build/icyphy/ptII/ptolemy/domains/modal/test/auto/CausalityInterface3.xml
8 ms. Memory: 187392K Free: 151936K (81%)
----------------- Invoking toplevel() on ptolemy.moml.MoMLSimpleApplication@1a5266b1
----------------- Done invoking toplevel() on ptolemy.moml.MoMLSimpleApplication@1a5266b1
reloadAllAccessors: .CausalityInterface3

===========================================================================================
----------------- testing Sun Sep 06 15:39:03 UTC 2020 /home/travis/build/icyphy/ptII/ptolemy/domains/modal/test/auto/CausalityInterface4.xml
----------------- Instantiating /home/travis/build/icyphy/ptII/ptolemy/domains/modal/test/auto/CausalityInterface4.xml
6 ms. Memory: 187392K Free: 145816K (78%)
----------------- Invoking toplevel() on ptolemy.moml.MoMLSimpleApplication@6d5db03d
----------------- Done invoking toplevel() on ptolemy.moml.MoMLSimpleApplication@6d5db03d
reloadAllAccessors: .CausalityInterface4

===========================================================================================
----------------- testing Sun Sep 06 15:39:03 UTC 2020 /home/travis/build/icyphy/ptII/ptolemy/domains/modal/test/auto/CausalityInterface5.xml
----------------- Instantiating /home/travis/build/icyphy/ptII/ptolemy/domains/modal/test/auto/CausalityInterface5.xml
5 ms. Memory: 187392K Free: 137600K (73%)
----------------- Invoking toplevel() on ptolemy.moml.MoMLSimpleApplication@1f158331
----------------- Done invoking toplevel() on ptolemy.moml.MoMLSimpleApplication@1f158331
reloadAllAccessors: .CausalityInterface5

===========================================================================================
----------------- testing Sun Sep 06 15:39:03 UTC 2020 /home/travis/build/icyphy/ptII/ptolemy/domains/modal/test/auto/CausalityInterface6.xml
----------------- Instantiating /home/travis/build/icyphy/ptII/ptolemy/domains/modal/test/auto/CausalityInterface6.xml
6 ms. Memory: 187392K Free: 129408K (69%)
----------------- Invoking toplevel() on ptolemy.moml.MoMLSimpleApplication@526dc3d7
----------------- Done invoking toplevel() on ptolemy.moml.MoMLSimpleApplication@526dc3d7
reloadAllAccessors: .CausalityInterface6

===========================================================================================
----------------- testing Sun Sep 06 15:39:03 UTC 2020 /home/travis/build/icyphy/ptII/ptolemy/domains/modal/test/auto/CausalityInterface7.xml
----------------- Instantiating /home/travis/build/icyphy/ptII/ptolemy/domains/modal/test/auto/CausalityInterface7.xml
6 ms. Memory: 187392K Free: 121232K (65%)
----------------- Invoking toplevel() on ptolemy.moml.MoMLSimpleApplication@201ac161
----------------- Done invoking toplevel() on ptolemy.moml.MoMLSimpleApplication@201ac161
reloadAllAccessors: .CausalityInterface7

===========================================================================================
----------------- testing Sun Sep 06 15:39:03 UTC 2020 /home/travis/build/icyphy/ptII/ptolemy/domains/modal/test/auto/CausalityInterface8.xml
----------------- Instantiating /home/travis/build/icyphy/ptII/ptolemy/domains/modal/test/auto/CausalityInterface8.xml
5 ms. Memory: 187392K Free: 113054K (60%)
----------------- Invoking toplevel() on ptolemy.moml.MoMLSimpleApplication@6d576e07
----------------- Done invoking toplevel() on ptolemy.moml.MoMLSimpleApplication@6d576e07
reloadAllAccessors: .CausalityInterface8

===========================================================================================
----------------- testing Sun Sep 06 15:39:03 UTC 2020 /home/travis/build/icyphy/ptII/ptolemy/domains/modal/test/auto/CausalityInterface9.xml
----------------- Instantiating /home/travis/build/icyphy/ptII/ptolemy/domains/modal/test/auto/CausalityInterface9.xml
4 ms. Memory: 187392K Free: 103838K (55%)
----------------- Invoking toplevel() on ptolemy.moml.MoMLSimpleApplication@3f1321cf
----------------- Done invoking toplevel() on ptolemy.moml.MoMLSimpleApplication@3f1321cf
reloadAllAccessors: .CausalityInterface9

===========================================================================================
----------------- testing Sun Sep 06 15:39:03 UTC 2020 /home/travis/build/icyphy/ptII/ptolemy/domains/modal/test/auto/ChainedTransitions.xml
----------------- Instantiating /home/travis/build/icyphy/ptII/ptolemy/domains/modal/test/auto/ChainedTransitions.xml
101 ms. Memory: 187392K Free: 79262K (42%)
----------------- Invoking toplevel() on ptolemy.moml.MoMLSimpleApplication@39541773
----------------- Done invoking toplevel() on ptolemy.moml.MoMLSimpleApplication@39541773
reloadAllAccessors: .ChainedTransitions

===========================================================================================
----------------- testing Sun Sep 06 15:39:03 UTC 2020 /home/travis/build/icyphy/ptII/ptolemy/domains/modal/test/auto/CycleOfImmediateTransitionsFSM.xml
----------------- Instantiating /home/travis/build/icyphy/ptII/ptolemy/domains/modal/test/auto/CycleOfImmediateTransitionsFSM.xml
5 ms. Memory: 187392K Free: 73118K (39%)
----------------- Invoking toplevel() on ptolemy.moml.MoMLSimpleApplication@2e0c9db0
----------------- Done invoking toplevel() on ptolemy.moml.MoMLSimpleApplication@2e0c9db0
reloadAllAccessors: .CycleOfImmediateTransitionsFSM

===========================================================================================
----------------- testing Sun Sep 06 15:39:03 UTC 2020 /home/travis/build/icyphy/ptII/ptolemy/domains/modal/test/auto/CycleOfImmediateTransitionsModal.xml
----------------- Instantiating /home/travis/build/icyphy/ptII/ptolemy/domains/modal/test/auto/CycleOfImmediateTransitionsModal.xml
2 ms. Memory: 187392K Free: 66974K (36%)
----------------- Invoking toplevel() on ptolemy.moml.MoMLSimpleApplication@221ca229
----------------- Done invoking toplevel() on ptolemy.moml.MoMLSimpleApplication@221ca229
reloadAllAccessors: .CycleOfImmediateTransitionsModal

===========================================================================================
----------------- testing Sun Sep 06 15:39:03 UTC 2020 /home/travis/build/icyphy/ptII/ptolemy/domains/modal/test/auto/CycleOfImmediateTransitionsModal2.xml
----------------- Instantiating /home/travis/build/icyphy/ptII/ptolemy/domains/modal/test/auto/CycleOfImmediateTransitionsModal2.xml
7 ms. Memory: 187392K Free: 165975K (89%)
----------------- Invoking toplevel() on ptolemy.moml.MoMLSimpleApplication@41848187
----------------- Done invoking toplevel() on ptolemy.moml.MoMLSimpleApplication@41848187
reloadAllAccessors: .CycleOfImmediateTransitionsModal2

===========================================================================================
----------------- testing Sun Sep 06 15:39:03 UTC 2020 /home/travis/build/icyphy/ptII/ptolemy/domains/modal/test/auto/CycleOfImmediateTransitionsModal3.xml
----------------- Instantiating /home/travis/build/icyphy/ptII/ptolemy/domains/modal/test/auto/CycleOfImmediateTransitionsModal3.xml
19 ms. Memory: 187392K Free: 143264K (76%)
----------------- Invoking toplevel() on ptolemy.moml.MoMLSimpleApplication@4b391b21
----------------- Done invoking toplevel() on ptolemy.moml.MoMLSimpleApplication@4b391b21
reloadAllAccessors: .CycleOfImmediateTransitionsModal3

===========================================================================================
----------------- testing Sun Sep 06 15:39:03 UTC 2020 /home/travis/build/icyphy/ptII/ptolemy/domains/modal/test/auto/DeepModal1.xml
----------------- Instantiating /home/travis/build/icyphy/ptII/ptolemy/domains/modal/test/auto/DeepModal1.xml
28 ms. Memory: 187392K Free: 129408K (69%)
----------------- Invoking toplevel() on ptolemy.moml.MoMLSimpleApplication@5d5c6aca
----------------- Done invoking toplevel() on ptolemy.moml.MoMLSimpleApplication@5d5c6aca
reloadAllAccessors: .DeepModal1

===========================================================================================
----------------- testing Sun Sep 06 15:39:03 UTC 2020 /home/travis/build/icyphy/ptII/ptolemy/domains/modal/test/auto/DeepModal2.xml
----------------- Instantiating /home/travis/build/icyphy/ptII/ptolemy/domains/modal/test/auto/DeepModal2.xml
27 ms. Memory: 187392K Free: 111006K (59%)
----------------- Invoking toplevel() on ptolemy.moml.MoMLSimpleApplication@3c0456ef
----------------- Done invoking toplevel() on ptolemy.moml.MoMLSimpleApplication@3c0456ef
reloadAllAccessors: .DeepModal2

===========================================================================================
----------------- testing Sun Sep 06 15:39:03 UTC 2020 /home/travis/build/icyphy/ptII/ptolemy/domains/modal/test/auto/DeepModal3.xml
----------------- Instantiating /home/travis/build/icyphy/ptII/ptolemy/domains/modal/test/auto/DeepModal3.xml
29 ms. Memory: 187392K Free: 91550K (49%)
----------------- Invoking toplevel() on ptolemy.moml.MoMLSimpleApplication@15c2c582
----------------- Done invoking toplevel() on ptolemy.moml.MoMLSimpleApplication@15c2c582
reloadAllAccessors: .DeepModal3

===========================================================================================
----------------- testing Sun Sep 06 15:39:03 UTC 2020 /home/travis/build/icyphy/ptII/ptolemy/domains/modal/test/auto/DeepModal4.xml
----------------- Instantiating /home/travis/build/icyphy/ptII/ptolemy/domains/modal/test/auto/DeepModal4.xml
36 ms. Memory: 187392K Free: 72094K (38%)
----------------- Invoking toplevel() on ptolemy.moml.MoMLSimpleApplication@1acd2e0e
----------------- Done invoking toplevel() on ptolemy.moml.MoMLSimpleApplication@1acd2e0e
reloadAllAccessors: .DeepModal4

===========================================================================================
----------------- testing Sun Sep 06 15:39:03 UTC 2020 /home/travis/build/icyphy/ptII/ptolemy/domains/modal/test/auto/Default1.xml
----------------- Instantiating /home/travis/build/icyphy/ptII/ptolemy/domains/modal/test/auto/Default1.xml
2 ms. Memory: 187392K Free: 65950K (35%)
----------------- Invoking toplevel() on ptolemy.moml.MoMLSimpleApplication@2f442dd4
----------------- Done invoking toplevel() on ptolemy.moml.MoMLSimpleApplication@2f442dd4
reloadAllAccessors: .Default1

===========================================================================================
----------------- testing Sun Sep 06 15:39:03 UTC 2020 /home/travis/build/icyphy/ptII/ptolemy/domains/modal/test/auto/Default2.xml
----------------- Instantiating /home/travis/build/icyphy/ptII/ptolemy/domains/modal/test/auto/Default2.xml
8 ms. Memory: 187392K Free: 165987K (89%)
----------------- Invoking toplevel() on ptolemy.moml.MoMLSimpleApplication@528a1f06
----------------- Done invoking toplevel() on ptolemy.moml.MoMLSimpleApplication@528a1f06
reloadAllAccessors: .Default2

===========================================================================================
----------------- testing Sun Sep 06 15:39:03 UTC 2020 /home/travis/build/icyphy/ptII/ptolemy/domains/modal/test/auto/Default3.xml
----------------- Instantiating /home/travis/build/icyphy/ptII/ptolemy/domains/modal/test/auto/Default3.xml
5 ms. Memory: 187392K Free: 160158K (85%)
----------------- Invoking toplevel() on ptolemy.moml.MoMLSimpleApplication@7970424e
----------------- Done invoking toplevel() on ptolemy.moml.MoMLSimpleApplication@7970424e
reloadAllAccessors: .Default3

===========================================================================================
----------------- testing Sun Sep 06 15:39:03 UTC 2020 /home/travis/build/icyphy/ptII/ptolemy/domains/modal/test/auto/Default4.xml
----------------- Instantiating /home/travis/build/icyphy/ptII/ptolemy/domains/modal/test/auto/Default4.xml
4 ms. Memory: 187392K Free: 154014K (82%)
----------------- Invoking toplevel() on ptolemy.moml.MoMLSimpleApplication@2d86a4c
----------------- Done invoking toplevel() on ptolemy.moml.MoMLSimpleApplication@2d86a4c
reloadAllAccessors: .Default4

===========================================================================================
----------------- testing Sun Sep 06 15:39:04 UTC 2020 /home/travis/build/icyphy/ptII/ptolemy/domains/modal/test/auto/Default5.xml
----------------- Instantiating /home/travis/build/icyphy/ptII/ptolemy/domains/modal/test/auto/Default5.xml
7 ms. Memory: 187392K Free: 145816K (78%)
----------------- Invoking toplevel() on ptolemy.moml.MoMLSimpleApplication@6fba1239
----------------- Done invoking toplevel() on ptolemy.moml.MoMLSimpleApplication@6fba1239
reloadAllAccessors: .Default5

===========================================================================================
----------------- testing Sun Sep 06 15:39:04 UTC 2020 /home/travis/build/icyphy/ptII/ptolemy/domains/modal/test/auto/EmptyGuard.xml
----------------- Instantiating /home/travis/build/icyphy/ptII/ptolemy/domains/modal/test/auto/EmptyGuard.xml
10 ms. Memory: 187392K Free: 138144K (74%)
----------------- Invoking toplevel() on ptolemy.moml.MoMLSimpleApplication@359bcacf
----------------- Done invoking toplevel() on ptolemy.moml.MoMLSimpleApplication@359bcacf
reloadAllAccessors: .EmptyGuard

===========================================================================================
----------------- testing Sun Sep 06 15:39:04 UTC 2020 /home/travis/build/icyphy/ptII/ptolemy/domains/modal/test/auto/ErrorTransition1.xml
----------------- Instantiating /home/travis/build/icyphy/ptII/ptolemy/domains/modal/test/auto/ErrorTransition1.xml
11 ms. Memory: 187392K Free: 129438K (69%)
----------------- Invoking toplevel() on ptolemy.moml.MoMLSimpleApplication@3e28d1aa
----------------- Done invoking toplevel() on ptolemy.moml.MoMLSimpleApplication@3e28d1aa
reloadAllAccessors: .ErrorTransition1

===========================================================================================
----------------- testing Sun Sep 06 15:39:04 UTC 2020 /home/travis/build/icyphy/ptII/ptolemy/domains/modal/test/auto/ErrorTransition10.xml
----------------- Instantiating /home/travis/build/icyphy/ptII/ptolemy/domains/modal/test/auto/ErrorTransition10.xml
17 ms. Memory: 187392K Free: 116112K (62%)
----------------- Invoking toplevel() on ptolemy.moml.MoMLSimpleApplication@214077e3
----------------- Done invoking toplevel() on ptolemy.moml.MoMLSimpleApplication@214077e3
reloadAllAccessors: .ErrorTransition10

===========================================================================================
----------------- testing Sun Sep 06 15:39:04 UTC 2020 /home/travis/build/icyphy/ptII/ptolemy/domains/modal/test/auto/ErrorTransition11.xml
----------------- Instantiating /home/travis/build/icyphy/ptII/ptolemy/domains/modal/test/auto/ErrorTransition11.xml
5 ms. Memory: 187392K Free: 104862K (56%)
----------------- Invoking toplevel() on ptolemy.moml.MoMLSimpleApplication@4de1440
----------------- Done invoking toplevel() on ptolemy.moml.MoMLSimpleApplication@4de1440
reloadAllAccessors: .ErrorTransition11

===========================================================================================
----------------- testing Sun Sep 06 15:39:04 UTC 2020 /home/travis/build/icyphy/ptII/ptolemy/domains/modal/test/auto/ErrorTransition2.xml
----------------- Instantiating /home/travis/build/icyphy/ptII/ptolemy/domains/modal/test/auto/ErrorTransition2.xml
6 ms. Memory: 187392K Free: 95646K (51%)
----------------- Invoking toplevel() on ptolemy.moml.MoMLSimpleApplication@6830e0ef
----------------- Done invoking toplevel() on ptolemy.moml.MoMLSimpleApplication@6830e0ef
reloadAllAccessors: .ErrorTransition2

===========================================================================================
----------------- testing Sun Sep 06 15:39:04 UTC 2020 /home/travis/build/icyphy/ptII/ptolemy/domains/modal/test/auto/ErrorTransition3.xml
----------------- Instantiating /home/travis/build/icyphy/ptII/ptolemy/domains/modal/test/auto/ErrorTransition3.xml
28 ms. Memory: 187392K Free: 85920K (46%)
----------------- Invoking toplevel() on ptolemy.moml.MoMLSimpleApplication@78e8106c
----------------- Done invoking toplevel() on ptolemy.moml.MoMLSimpleApplication@78e8106c
reloadAllAccessors: .ErrorTransition3

===========================================================================================
----------------- testing Sun Sep 06 15:39:04 UTC 2020 /home/travis/build/icyphy/ptII/ptolemy/domains/modal/test/auto/ErrorTransition4.xml
----------------- Instantiating /home/travis/build/icyphy/ptII/ptolemy/domains/modal/test/auto/ErrorTransition4.xml
12 ms. Memory: 187392K Free: 74656K (40%)
----------------- Invoking toplevel() on ptolemy.moml.MoMLSimpleApplication@79f45292
----------------- Done invoking toplevel() on ptolemy.moml.MoMLSimpleApplication@79f45292
reloadAllAccessors: .ErrorTransition4

===========================================================================================
----------------- testing Sun Sep 06 15:39:04 UTC 2020 /home/travis/build/icyphy/ptII/ptolemy/domains/modal/test/auto/ErrorTransition5.xml
----------------- Instantiating /home/travis/build/icyphy/ptII/ptolemy/domains/modal/test/auto/ErrorTransition5.xml
5 ms. Memory: 187392K Free: 64416K (34%)
----------------- Invoking toplevel() on ptolemy.moml.MoMLSimpleApplication@6b51b5e3
----------------- Done invoking toplevel() on ptolemy.moml.MoMLSimpleApplication@6b51b5e3
reloadAllAccessors: .ErrorTransition5

===========================================================================================
----------------- testing Sun Sep 06 15:39:04 UTC 2020 /home/travis/build/icyphy/ptII/ptolemy/domains/modal/test/auto/ErrorTransition6.xml
----------------- Instantiating /home/travis/build/icyphy/ptII/ptolemy/domains/modal/test/auto/ErrorTransition6.xml
9 ms. Memory: 237568K Free: 209310K (88%)
----------------- Invoking toplevel() on ptolemy.moml.MoMLSimpleApplication@305037bf
----------------- Done invoking toplevel() on ptolemy.moml.MoMLSimpleApplication@305037bf
reloadAllAccessors: .ErrorTransition6

===========================================================================================
----------------- testing Sun Sep 06 15:39:04 UTC 2020 /home/travis/build/icyphy/ptII/ptolemy/domains/modal/test/auto/ErrorTransition7.xml
----------------- Instantiating /home/travis/build/icyphy/ptII/ptolemy/domains/modal/test/auto/ErrorTransition7.xml
15 ms. Memory: 237568K Free: 196512K (83%)
----------------- Invoking toplevel() on ptolemy.moml.MoMLSimpleApplication@5d14148d
----------------- Done invoking toplevel() on ptolemy.moml.MoMLSimpleApplication@5d14148d
reloadAllAccessors: .ErrorTransition7

===========================================================================================
----------------- testing Sun Sep 06 15:39:04 UTC 2020 /home/travis/build/icyphy/ptII/ptolemy/domains/modal/test/auto/ErrorTransition8.xml
----------------- Instantiating /home/travis/build/icyphy/ptII/ptolemy/domains/modal/test/auto/ErrorTransition8.xml
34 ms. Memory: 237568K Free: 183200K (77%)
----------------- Invoking toplevel() on ptolemy.moml.MoMLSimpleApplication@3ba87e60
----------------- Done invoking toplevel() on ptolemy.moml.MoMLSimpleApplication@3ba87e60
reloadAllAccessors: .ErrorTransition8

===========================================================================================
----------------- testing Sun Sep 06 15:39:04 UTC 2020 /home/travis/build/icyphy/ptII/ptolemy/domains/modal/test/auto/ErrorTransition9.xml
----------------- Instantiating /home/travis/build/icyphy/ptII/ptolemy/domains/modal/test/auto/ErrorTransition9.xml
18 ms. Memory: 237568K Free: 169888K (72%)
----------------- Invoking toplevel() on ptolemy.moml.MoMLSimpleApplication@23e98c7f
----------------- Done invoking toplevel() on ptolemy.moml.MoMLSimpleApplication@23e98c7f
reloadAllAccessors: .ErrorTransition9

===========================================================================================
----------------- testing Sun Sep 06 15:39:04 UTC 2020 /home/travis/build/icyphy/ptII/ptolemy/domains/modal/test/auto/ExtendedFSM.xml
----------------- Instantiating /home/travis/build/icyphy/ptII/ptolemy/domains/modal/test/auto/ExtendedFSM.xml
7 ms. Memory: 237568K Free: 161168K (68%)
----------------- Invoking toplevel() on ptolemy.moml.MoMLSimpleApplication@7cbcbd2a
----------------- Done invoking toplevel() on ptolemy.moml.MoMLSimpleApplication@7cbcbd2a
reloadAllAccessors: .ExtendedFSM

===========================================================================================
----------------- testing Sun Sep 06 15:39:04 UTC 2020 /home/travis/build/icyphy/ptII/ptolemy/domains/modal/test/auto/FinalStates.xml
----------------- Instantiating /home/travis/build/icyphy/ptII/ptolemy/domains/modal/test/auto/FinalStates.xml
6 ms. Memory: 237568K Free: 152976K (64%)
----------------- Invoking toplevel() on ptolemy.moml.MoMLSimpleApplication@6cab089f
----------------- Done invoking toplevel() on ptolemy.moml.MoMLSimpleApplication@6cab089f
reloadAllAccessors: .FinalStates

===========================================================================================
----------------- testing Sun Sep 06 15:39:04 UTC 2020 /home/travis/build/icyphy/ptII/ptolemy/domains/modal/test/auto/FixedPointFSM.xml
----------------- Instantiating /home/travis/build/icyphy/ptII/ptolemy/domains/modal/test/auto/FixedPointFSM.xml
20 ms. Memory: 237568K Free: 138144K (58%)
----------------- Invoking toplevel() on ptolemy.moml.MoMLSimpleApplication@45c63784
----------------- Done invoking toplevel() on ptolemy.moml.MoMLSimpleApplication@45c63784
reloadAllAccessors: .FixedPointFSM

===========================================================================================
----------------- testing Sun Sep 06 15:39:04 UTC 2020 /home/travis/build/icyphy/ptII/ptolemy/domains/modal/test/auto/FixedPointIterationFSMActor.xml
----------------- Instantiating /home/travis/build/icyphy/ptII/ptolemy/domains/modal/test/auto/FixedPointIterationFSMActor.xml
9 ms. Memory: 237568K Free: 127384K (54%)
----------------- Invoking toplevel() on ptolemy.moml.MoMLSimpleApplication@730d51e7
----------------- Done invoking toplevel() on ptolemy.moml.MoMLSimpleApplication@730d51e7
reloadAllAccessors: .FixedPointIterationFSMActor

===========================================================================================
----------------- testing Sun Sep 06 15:39:04 UTC 2020 /home/travis/build/icyphy/ptII/ptolemy/domains/modal/test/auto/FixedPointIterationFSMActor2.xml
----------------- Instantiating /home/travis/build/icyphy/ptII/ptolemy/domains/modal/test/auto/FixedPointIterationFSMActor2.xml
11 ms. Memory: 237568K Free: 115096K (48%)
----------------- Invoking toplevel() on ptolemy.moml.MoMLSimpleApplication@4980a514
----------------- Done invoking toplevel() on ptolemy.moml.MoMLSimpleApplication@4980a514
reloadAllAccessors: .FixedPointIterationFSMActor2

===========================================================================================
----------------- testing Sun Sep 06 15:39:04 UTC 2020 /home/travis/build/icyphy/ptII/ptolemy/domains/modal/test/auto/ForbiddenInstantanousLoop.xml
----------------- Instantiating /home/travis/build/icyphy/ptII/ptolemy/domains/modal/test/auto/ForbiddenInstantanousLoop.xml
8 ms. Memory: 237568K Free: 102800K (43%)
----------------- Invoking toplevel() on ptolemy.moml.MoMLSimpleApplication@4b534069
----------------- Done invoking toplevel() on ptolemy.moml.MoMLSimpleApplication@4b534069
reloadAllAccessors: .ForbiddenInstantanousLoop

===========================================================================================
----------------- testing Sun Sep 06 15:39:04 UTC 2020 /home/travis/build/icyphy/ptII/ptolemy/domains/modal/test/auto/FunctionDependencyOfFSMActorTest.xml
----------------- Instantiating /home/travis/build/icyphy/ptII/ptolemy/domains/modal/test/auto/FunctionDependencyOfFSMActorTest.xml
19 ms. Memory: 237568K Free: 95632K (40%)
----------------- Invoking toplevel() on ptolemy.moml.MoMLSimpleApplication@50ef71d8
----------------- Done invoking toplevel() on ptolemy.moml.MoMLSimpleApplication@50ef71d8
reloadAllAccessors: .FunctionDependencyOfFSMActorTest

===========================================================================================
----------------- testing Sun Sep 06 15:39:04 UTC 2020 /home/travis/build/icyphy/ptII/ptolemy/domains/modal/test/auto/GuardExpression.xml
----------------- Instantiating /home/travis/build/icyphy/ptII/ptolemy/domains/modal/test/auto/GuardExpression.xml
2 ms. Memory: 237568K Free: 90526K (38%)
----------------- Invoking toplevel() on ptolemy.moml.MoMLSimpleApplication@1a477671
----------------- Done invoking toplevel() on ptolemy.moml.MoMLSimpleApplication@1a477671
reloadAllAccessors: .GuardExpression

===========================================================================================
----------------- testing Sun Sep 06 15:39:04 UTC 2020 /home/travis/build/icyphy/ptII/ptolemy/domains/modal/test/auto/GuardNotEvaluated.xml
----------------- Instantiating /home/travis/build/icyphy/ptII/ptolemy/domains/modal/test/auto/GuardNotEvaluated.xml
7 ms. Memory: 237568K Free: 81824K (34%)
----------------- Invoking toplevel() on ptolemy.moml.MoMLSimpleApplication@2ac1bcb7
----------------- Done invoking toplevel() on ptolemy.moml.MoMLSimpleApplication@2ac1bcb7
reloadAllAccessors: .GuardNotEvaluated

===========================================================================================
----------------- testing Sun Sep 06 15:39:04 UTC 2020 /home/travis/build/icyphy/ptII/ptolemy/domains/modal/test/auto/GuardNotEvaluated2.xml
----------------- Instantiating /home/travis/build/icyphy/ptII/ptolemy/domains/modal/test/auto/GuardNotEvaluated2.xml
10 ms. Memory: 237568K Free: 207774K (87%)
----------------- Invoking toplevel() on ptolemy.moml.MoMLSimpleApplication@4e550a7a
----------------- Done invoking toplevel() on ptolemy.moml.MoMLSimpleApplication@4e550a7a
reloadAllAccessors: .GuardNotEvaluated2

===========================================================================================
----------------- testing Sun Sep 06 15:39:04 UTC 2020 /home/travis/build/icyphy/ptII/ptolemy/domains/modal/test/auto/GuardOnAbsent.xml
----------------- Instantiating /home/travis/build/icyphy/ptII/ptolemy/domains/modal/test/auto/GuardOnAbsent.xml
9 ms. Memory: 237568K Free: 200094K (84%)
----------------- Invoking toplevel() on ptolemy.moml.MoMLSimpleApplication@1057db91
----------------- Done invoking toplevel() on ptolemy.moml.MoMLSimpleApplication@1057db91
reloadAllAccessors: .GuardOnAbsent

===========================================================================================
----------------- testing Sun Sep 06 15:39:04 UTC 2020 /home/travis/build/icyphy/ptII/ptolemy/domains/modal/test/auto/HierarchicalFSMTypeInference.xml
----------------- Instantiating /home/travis/build/icyphy/ptII/ptolemy/domains/modal/test/auto/HierarchicalFSMTypeInference.xml
6 ms. Memory: 237568K Free: 189342K (80%)
----------------- Invoking toplevel() on ptolemy.moml.MoMLSimpleApplication@760ad464
----------------- Done invoking toplevel() on ptolemy.moml.MoMLSimpleApplication@760ad464
reloadAllAccessors: .HierarchicalFSMTypeInference

===========================================================================================
----------------- testing Sun Sep 06 15:39:05 UTC 2020 /home/travis/build/icyphy/ptII/ptolemy/domains/modal/test/auto/Hysteresis.xml
----------------- Instantiating /home/travis/build/icyphy/ptII/ptolemy/domains/modal/test/auto/Hysteresis.xml
14 ms. Memory: 237568K Free: 175520K (74%)
----------------- Invoking toplevel() on ptolemy.moml.MoMLSimpleApplication@7f9277c4
----------------- Done invoking toplevel() on ptolemy.moml.MoMLSimpleApplication@7f9277c4
reloadAllAccessors: .Hysteresis

===========================================================================================
----------------- testing Sun Sep 06 15:39:05 UTC 2020 /home/travis/build/icyphy/ptII/ptolemy/domains/modal/test/auto/HysteresisWithDefault.xml
----------------- Instantiating /home/travis/build/icyphy/ptII/ptolemy/domains/modal/test/auto/HysteresisWithDefault.xml
41 ms. Memory: 237568K Free: 152464K (64%)
----------------- Invoking toplevel() on ptolemy.moml.MoMLSimpleApplication@4ed34cd3
----------------- Done invoking toplevel() on ptolemy.moml.MoMLSimpleApplication@4ed34cd3
reloadAllAccessors: .HysteresisWithDefault

===========================================================================================
----------------- testing Sun Sep 06 15:39:05 UTC 2020 /home/travis/build/icyphy/ptII/ptolemy/domains/modal/test/auto/HysteresisWithDefault2.xml
----------------- Instantiating /home/travis/build/icyphy/ptII/ptolemy/domains/modal/test/auto/HysteresisWithDefault2.xml
44 ms. Memory: 237568K Free: 123296K (52%)
----------------- Invoking toplevel() on ptolemy.moml.MoMLSimpleApplication@73b1a819
----------------- Done invoking toplevel() on ptolemy.moml.MoMLSimpleApplication@73b1a819
reloadAllAccessors: .HysteresisWithDefault2

===========================================================================================
----------------- testing Sun Sep 06 15:39:05 UTC 2020 /home/travis/build/icyphy/ptII/ptolemy/domains/modal/test/auto/ImmediateNonConstructiveness.xml
----------------- Instantiating /home/travis/build/icyphy/ptII/ptolemy/domains/modal/test/auto/ImmediateNonConstructiveness.xml
3 ms. Memory: 237568K Free: 116128K (49%)
----------------- Invoking toplevel() on ptolemy.moml.MoMLSimpleApplication@7ddd3061
----------------- Done invoking toplevel() on ptolemy.moml.MoMLSimpleApplication@7ddd3061
reloadAllAccessors: .ImmediateNonConstructiveness

===========================================================================================
----------------- testing Sun Sep 06 15:39:05 UTC 2020 /home/travis/build/icyphy/ptII/ptolemy/domains/modal/test/auto/ImmediateNonConstructiveness2.xml
----------------- Instantiating /home/travis/build/icyphy/ptII/ptolemy/domains/modal/test/auto/ImmediateNonConstructiveness2.xml
2 ms. Memory: 237568K Free: 109470K (46%)
----------------- Invoking toplevel() on ptolemy.moml.MoMLSimpleApplication@5321c7e4
----------------- Done invoking toplevel() on ptolemy.moml.MoMLSimpleApplication@5321c7e4
reloadAllAccessors: .ImmediateNonConstructiveness2

===========================================================================================
----------------- testing Sun Sep 06 15:39:05 UTC 2020 /home/travis/build/icyphy/ptII/ptolemy/domains/modal/test/auto/ImmediateTransitionReset.xml
----------------- Instantiating /home/travis/build/icyphy/ptII/ptolemy/domains/modal/test/auto/ImmediateTransitionReset.xml
8 ms. Memory: 237568K Free: 97696K (41%)
----------------- Invoking toplevel() on ptolemy.moml.MoMLSimpleApplication@2f884664
----------------- Done invoking toplevel() on ptolemy.moml.MoMLSimpleApplication@2f884664
reloadAllAccessors: .ImmediateTransitionReset

===========================================================================================
----------------- testing Sun Sep 06 15:39:05 UTC 2020 /home/travis/build/icyphy/ptII/ptolemy/domains/modal/test/auto/ImmediateTransitions1.xml
----------------- Instantiating /home/travis/build/icyphy/ptII/ptolemy/domains/modal/test/auto/ImmediateTransitions1.xml
2 ms. Memory: 237568K Free: 92576K (39%)
----------------- Invoking toplevel() on ptolemy.moml.MoMLSimpleApplication@29be7ded
----------------- Done invoking toplevel() on ptolemy.moml.MoMLSimpleApplication@29be7ded
reloadAllAccessors: .ImmediateTransitions1

===========================================================================================
----------------- testing Sun Sep 06 15:39:05 UTC 2020 /home/travis/build/icyphy/ptII/ptolemy/domains/modal/test/auto/ImmediateTransitionsInstantaneousCommunication.xml
----------------- Instantiating /home/travis/build/icyphy/ptII/ptolemy/domains/modal/test/auto/ImmediateTransitionsInstantaneousCommunication.xml
4 ms. Memory: 237568K Free: 215456K (91%)
----------------- Invoking toplevel() on ptolemy.moml.MoMLSimpleApplication@3ce180e2
----------------- Done invoking toplevel() on ptolemy.moml.MoMLSimpleApplication@3ce180e2
reloadAllAccessors: .ImmediateTransitionsInstantaneousCommunication

===========================================================================================
----------------- testing Sun Sep 06 15:39:05 UTC 2020 /home/travis/build/icyphy/ptII/ptolemy/domains/modal/test/auto/InitialImmediateTransition.xml
----------------- Instantiating /home/travis/build/icyphy/ptII/ptolemy/domains/modal/test/auto/InitialImmediateTransition.xml
3 ms. Memory: 237568K Free: 208288K (88%)
----------------- Invoking toplevel() on ptolemy.moml.MoMLSimpleApplication@123411a6
----------------- Done invoking toplevel() on ptolemy.moml.MoMLSimpleApplication@123411a6
reloadAllAccessors: .InitialImmediateTransition

===========================================================================================
----------------- testing Sun Sep 06 15:39:05 UTC 2020 /home/travis/build/icyphy/ptII/ptolemy/domains/modal/test/auto/InitialOutputs.xml
----------------- Instantiating /home/travis/build/icyphy/ptII/ptolemy/domains/modal/test/auto/InitialOutputs.xml
3 ms. Memory: 237568K Free: 201624K (85%)
----------------- Invoking toplevel() on ptolemy.moml.MoMLSimpleApplication@410f5614
----------------- Done invoking toplevel() on ptolemy.moml.MoMLSimpleApplication@410f5614
reloadAllAccessors: .InitialOutputs

===========================================================================================
----------------- testing Sun Sep 06 15:39:05 UTC 2020 /home/travis/build/icyphy/ptII/ptolemy/domains/modal/test/auto/InitialStateTransition1.xml
----------------- Instantiating /home/travis/build/icyphy/ptII/ptolemy/domains/modal/test/auto/InitialStateTransition1.xml
3 ms. Memory: 237568K Free: 194459K (82%)
----------------- Invoking toplevel() on ptolemy.moml.MoMLSimpleApplication@51189be6
----------------- Done invoking toplevel() on ptolemy.moml.MoMLSimpleApplication@51189be6
reloadAllAccessors: .InitialStateTransition1

===========================================================================================
----------------- testing Sun Sep 06 15:39:05 UTC 2020 /home/travis/build/icyphy/ptII/ptolemy/domains/modal/test/auto/InitialStateTransition2.xml
----------------- Instantiating /home/travis/build/icyphy/ptII/ptolemy/domains/modal/test/auto/InitialStateTransition2.xml
.InitialStateTransition2.TestExceptionAttributeNonConstructive: initialize() was not invoked, but wrapup() was.  This is unusual, but not always a problem.  For example, exporting JNLP will do this.
2 ms. Memory: 237568K Free: 187294K (79%)
----------------- Invoking toplevel() on ptolemy.moml.MoMLSimpleApplication@888cd6d
----------------- Done invoking toplevel() on ptolemy.moml.MoMLSimpleApplication@888cd6d
reloadAllAccessors: .InitialStateTransition2

===========================================================================================
----------------- testing Sun Sep 06 15:39:05 UTC 2020 /home/travis/build/icyphy/ptII/ptolemy/domains/modal/test/auto/InitialStateTransition3.xml
----------------- Instantiating /home/travis/build/icyphy/ptII/ptolemy/domains/modal/test/auto/InitialStateTransition3.xml
4 ms. Memory: 237568K Free: 179102K (75%)
----------------- Invoking toplevel() on ptolemy.moml.MoMLSimpleApplication@2b3bd9fa
----------------- Done invoking toplevel() on ptolemy.moml.MoMLSimpleApplication@2b3bd9fa
reloadAllAccessors: .InitialStateTransition3

===========================================================================================
----------------- testing Sun Sep 06 15:39:05 UTC 2020 /home/travis/build/icyphy/ptII/ptolemy/domains/modal/test/auto/InitialStateTransition4.xml
----------------- Instantiating /home/travis/build/icyphy/ptII/ptolemy/domains/modal/test/auto/InitialStateTransition4.xml
3 ms. Memory: 237568K Free: 169376K (71%)
----------------- Invoking toplevel() on ptolemy.moml.MoMLSimpleApplication@1b789cf6
----------------- Done invoking toplevel() on ptolemy.moml.MoMLSimpleApplication@1b789cf6
[...]
reloadAllAccessors: .TerminationTransition3

===========================================================================================
----------------- testing Sun Sep 06 15:39:07 UTC 2020 /home/travis/build/icyphy/ptII/ptolemy/domains/modal/test/auto/TerminationTransition4.xml
----------------- Instantiating /home/travis/build/icyphy/ptII/ptolemy/domains/modal/test/auto/TerminationTransition4.xml
6 ms. Memory: 296960K Free: 259602K (87%)
----------------- Invoking toplevel() on ptolemy.moml.MoMLSimpleApplication@7a3bb644
----------------- Done invoking toplevel() on ptolemy.moml.MoMLSimpleApplication@7a3bb644
reloadAllAccessors: .TerminationTransition4

===========================================================================================
----------------- testing Sun Sep 06 15:39:07 UTC 2020 /home/travis/build/icyphy/ptII/ptolemy/domains/modal/test/auto/TerminationTransition5.xml
----------------- Instantiating /home/travis/build/icyphy/ptII/ptolemy/domains/modal/test/auto/TerminationTransition5.xml
3 ms. Memory: 296960K Free: 245780K (83%)
----------------- Invoking toplevel() on ptolemy.moml.MoMLSimpleApplication@2b111b45
----------------- Done invoking toplevel() on ptolemy.moml.MoMLSimpleApplication@2b111b45
reloadAllAccessors: .TerminationTransition5

===========================================================================================
----------------- testing Sun Sep 06 15:39:07 UTC 2020 /home/travis/build/icyphy/ptII/ptolemy/domains/modal/test/auto/TerminationTransition6.xml
----------------- Instantiating /home/travis/build/icyphy/ptII/ptolemy/domains/modal/test/auto/TerminationTransition6.xml
1 ms. Memory: 296960K Free: 237588K (80%)
----------------- Invoking toplevel() on ptolemy.moml.MoMLSimpleApplication@48c5f88f
----------------- Done invoking toplevel() on ptolemy.moml.MoMLSimpleApplication@48c5f88f
reloadAllAccessors: .TerminationTransition6

===========================================================================================
----------------- testing Sun Sep 06 15:39:07 UTC 2020 /home/travis/build/icyphy/ptII/ptolemy/domains/modal/test/auto/TerminationTransition7.xml
----------------- Instantiating /home/travis/build/icyphy/ptII/ptolemy/domains/modal/test/auto/TerminationTransition7.xml
3 ms. Memory: 296960K Free: 227858K (77%)
----------------- Invoking toplevel() on ptolemy.moml.MoMLSimpleApplication@bbdb6ae
----------------- Done invoking toplevel() on ptolemy.moml.MoMLSimpleApplication@bbdb6ae
reloadAllAccessors: .TerminationTransition7

===========================================================================================
----------------- testing Sun Sep 06 15:39:07 UTC 2020 /home/travis/build/icyphy/ptII/ptolemy/domains/modal/test/auto/TerminationTransition8.xml
----------------- Instantiating /home/travis/build/icyphy/ptII/ptolemy/domains/modal/test/auto/TerminationTransition8.xml
2 ms. Memory: 296960K Free: 218642K (74%)
----------------- Invoking toplevel() on ptolemy.moml.MoMLSimpleApplication@30590efc
----------------- Done invoking toplevel() on ptolemy.moml.MoMLSimpleApplication@30590efc
reloadAllAccessors: .TerminationTransition8

===========================================================================================
----------------- testing Sun Sep 06 15:39:07 UTC 2020 /home/travis/build/icyphy/ptII/ptolemy/domains/modal/test/auto/Thermostat_NoHysteresis.xml
----------------- Instantiating /home/travis/build/icyphy/ptII/ptolemy/domains/modal/test/auto/Thermostat_NoHysteresis.xml
27 ms. Memory: 296960K Free: 194066K (65%)
----------------- Invoking toplevel() on ptolemy.moml.MoMLSimpleApplication@1799228f
----------------- Done invoking toplevel() on ptolemy.moml.MoMLSimpleApplication@1799228f
reloadAllAccessors: .Thermostat_NoHysteresis

===========================================================================================
----------------- testing Sun Sep 06 15:39:07 UTC 2020 /home/travis/build/icyphy/ptII/ptolemy/domains/modal/test/auto/TimedFSM.xml
----------------- Instantiating /home/travis/build/icyphy/ptII/ptolemy/domains/modal/test/auto/TimedFSM.xml
8 ms. Memory: 296960K Free: 182802K (62%)
----------------- Invoking toplevel() on ptolemy.moml.MoMLSimpleApplication@6a077ef6
----------------- Done invoking toplevel() on ptolemy.moml.MoMLSimpleApplication@6a077ef6
reloadAllAccessors: .TimedFSM

===========================================================================================
----------------- testing Sun Sep 06 15:39:07 UTC 2020 /home/travis/build/icyphy/ptII/ptolemy/domains/modal/test/auto/Timeout1.xml
----------------- Instantiating /home/travis/build/icyphy/ptII/ptolemy/domains/modal/test/auto/Timeout1.xml
3 ms. Memory: 296960K Free: 176644K (59%)
----------------- Invoking toplevel() on ptolemy.moml.MoMLSimpleApplication@34e6678a
----------------- Done invoking toplevel() on ptolemy.moml.MoMLSimpleApplication@34e6678a
reloadAllAccessors: .Timeout1

===========================================================================================
----------------- testing Sun Sep 06 15:39:07 UTC 2020 /home/travis/build/icyphy/ptII/ptolemy/domains/modal/test/auto/Timeout2.xml
----------------- Instantiating /home/travis/build/icyphy/ptII/ptolemy/domains/modal/test/auto/Timeout2.xml
5 ms. Memory: 296960K Free: 167956K (57%)
----------------- Invoking toplevel() on ptolemy.moml.MoMLSimpleApplication@12d1bc99
----------------- Done invoking toplevel() on ptolemy.moml.MoMLSimpleApplication@12d1bc99
reloadAllAccessors: .Timeout2

===========================================================================================
----------------- testing Sun Sep 06 15:39:07 UTC 2020 /home/travis/build/icyphy/ptII/ptolemy/domains/modal/test/auto/Timeout3.xml
----------------- Instantiating /home/travis/build/icyphy/ptII/ptolemy/domains/modal/test/auto/Timeout3.xml
2 ms. Memory: 296960K Free: 162836K (55%)
----------------- Invoking toplevel() on ptolemy.moml.MoMLSimpleApplication@7a861acc
----------------- Done invoking toplevel() on ptolemy.moml.MoMLSimpleApplication@7a861acc
reloadAllAccessors: .Timeout3

===========================================================================================
----------------- testing Sun Sep 06 15:39:07 UTC 2020 /home/travis/build/icyphy/ptII/ptolemy/domains/modal/test/auto/Timeout4.xml
----------------- Instantiating /home/travis/build/icyphy/ptII/ptolemy/domains/modal/test/auto/Timeout4.xml
3 ms. Memory: 296960K Free: 157716K (53%)
----------------- Invoking toplevel() on ptolemy.moml.MoMLSimpleApplication@4f813eaf
----------------- Done invoking toplevel() on ptolemy.moml.MoMLSimpleApplication@4f813eaf
reloadAllAccessors: .Timeout4

===========================================================================================
----------------- testing Sun Sep 06 15:39:07 UTC 2020 /home/travis/build/icyphy/ptII/ptolemy/domains/modal/test/auto/TransientstateModelAdvanced.xml
----------------- Instantiating /home/travis/build/icyphy/ptII/ptolemy/domains/modal/test/auto/TransientstateModelAdvanced.xml
4 ms. Memory: 296960K Free: 145428K (49%)
----------------- Invoking toplevel() on ptolemy.moml.MoMLSimpleApplication@68c3012b
----------------- Done invoking toplevel() on ptolemy.moml.MoMLSimpleApplication@68c3012b
reloadAllAccessors: .TransientstateModelAdvanced

===========================================================================================
----------------- testing Sun Sep 06 15:39:07 UTC 2020 /home/travis/build/icyphy/ptII/ptolemy/domains/modal/test/auto/TransientstateModelAdvanced2.xml
----------------- Instantiating /home/travis/build/icyphy/ptII/ptolemy/domains/modal/test/auto/TransientstateModelAdvanced2.xml
3 ms. Memory: 296960K Free: 131092K (44%)
----------------- Invoking toplevel() on ptolemy.moml.MoMLSimpleApplication@6a4d151
----------------- Done invoking toplevel() on ptolemy.moml.MoMLSimpleApplication@6a4d151
reloadAllAccessors: .transientstatemodelAdvanced

===========================================================================================
----------------- testing Sun Sep 06 15:39:07 UTC 2020 /home/travis/build/icyphy/ptII/ptolemy/domains/modal/test/auto/TransitionRefinements.xml
----------------- Instantiating /home/travis/build/icyphy/ptII/ptolemy/domains/modal/test/auto/TransitionRefinements.xml
7 ms. Memory: 296960K Free: 121348K (41%)
----------------- Invoking toplevel() on ptolemy.moml.MoMLSimpleApplication@56fe57c0
----------------- Done invoking toplevel() on ptolemy.moml.MoMLSimpleApplication@56fe57c0
reloadAllAccessors: .TransitionRefinements

===========================================================================================
----------------- testing Sun Sep 06 15:39:07 UTC 2020 /home/travis/build/icyphy/ptII/ptolemy/domains/modal/test/auto/TwoRefinements1.xml
----------------- Instantiating /home/travis/build/icyphy/ptII/ptolemy/domains/modal/test/auto/TwoRefinements1.xml
3 ms. Memory: 296960K Free: 111122K (37%)
----------------- Invoking toplevel() on ptolemy.moml.MoMLSimpleApplication@44de0158
----------------- Done invoking toplevel() on ptolemy.moml.MoMLSimpleApplication@44de0158
reloadAllAccessors: .TwoRefinements1

===========================================================================================
----------------- testing Sun Sep 06 15:39:07 UTC 2020 /home/travis/build/icyphy/ptII/ptolemy/domains/modal/test/auto/TwoRefinements2.xml
----------------- Instantiating /home/travis/build/icyphy/ptII/ptolemy/domains/modal/test/auto/TwoRefinements2.xml
2 ms. Memory: 296960K Free: 274749K (93%)
----------------- Invoking toplevel() on ptolemy.moml.MoMLSimpleApplication@4541ee2
----------------- Done invoking toplevel() on ptolemy.moml.MoMLSimpleApplication@4541ee2
reloadAllAccessors: .TwoRefinements2

===========================================================================================
----------------- testing Sun Sep 06 15:39:07 UTC 2020 /home/travis/build/icyphy/ptII/ptolemy/domains/modal/test/auto/WeakImmediateTransition.xml
----------------- Instantiating /home/travis/build/icyphy/ptII/ptolemy/domains/modal/test/auto/WeakImmediateTransition.xml
3 ms. Memory: 296960K Free: 266047K (90%)
----------------- Invoking toplevel() on ptolemy.moml.MoMLSimpleApplication@29af3531
----------------- Done invoking toplevel() on ptolemy.moml.MoMLSimpleApplication@29af3531
reloadAllAccessors: .WeakImmediateTransition

===========================================================================================
----------------- testing Sun Sep 06 15:39:07 UTC 2020 /home/travis/build/icyphy/ptII/ptolemy/domains/modal/test/auto/booleanSelect.xml
----------------- Instantiating /home/travis/build/icyphy/ptII/ptolemy/domains/modal/test/auto/booleanSelect.xml
39 ms. Memory: 296960K Free: 247615K (83%)
----------------- Invoking toplevel() on ptolemy.moml.MoMLSimpleApplication@1e41f543
----------------- Done invoking toplevel() on ptolemy.moml.MoMLSimpleApplication@1e41f543
reloadAllAccessors: .booleanSelect

===========================================================================================
----------------- testing Sun Sep 06 15:39:08 UTC 2020 /home/travis/build/icyphy/ptII/ptolemy/domains/modal/test/auto/modalChangingParams.xml
----------------- Instantiating /home/travis/build/icyphy/ptII/ptolemy/domains/modal/test/auto/modalChangingParams.xml
0
1
0
2
4
6
8
7
0
2
4
6
8
13
0
2
4
6
8
19
0
2
4
6
8
25
0
2
4
6
8
31
0
2
4
6
8
37
0
2
4
6
8
43
0
2
4
6
8
49
0
2
4
6
8
55
0
2
4
6
8
61
0
2
4
6
8
67
0
2
4
6
8
73
0
2
4
6
8
79
0
2
4
6
8
85
0
2
4
6
8
91
0
2
4
6
8
97
0
2
4
6
8
103
0
2
4
6
8
109
0
2
4
6
8
115
0
2
4
6
8
121
0
2
4
6
8
127
0
2
4
6
8
133
0
2
4
6
8
139
0
2
4
6
8
145
0
2
4
6
8
151
0
2
4
6
8
157
0
2
4
6
8
163
0
2
4
6
8
169
0
2
4
6
8
175
0
2
4
6
8
181
0
2
4
6
8
187
0
2
4
6
8
193
0
2
4
6
8
199
0
2
4
6
8
205
0
2
4
6
8
211
0
2
4
6
8
217
0
2
4
6
8
223
0
2
4
6
8
229
0
2
4
6
8
235
0
2
4
6
8
241
0
2
4
6
8
247
0
2
4
6
8
253
0
2
4
6
8
259
0
2
4
6
8
265
0
2
4
6
8
271
0
2
4
6
8
277
0
2
4
6
8
283
0
2
4
6
8
289
0
2
4
6
8
295
0
2
4
6
8
301
0
2
4
6
8
307
0
2
4
6
8
313
0
2
4
6
8
319
0
2
4
6
8
325
0
2
4
6
8
331
0
2
4
6
8
337
0
2
4
6
8
343
0
2
4
6
8
349
0
2
4
6
8
355
0
2
4
6
8
361
0
2
4
6
8
367
0
2
4
6
8
373
0
2
4
6
8
379
0
2
4
6
8
385
0
2
4
6
8
391
0
2
4
6
8
397
0
2
4
6
8
403
0
2
4
6
8
409
0
2
4
6
8
415
0
2
4
6
8
421
0
2
4
6
8
427
0
2
4
6
8
433
0
2
4
6
8
439
0
2
4
6
8
445
0
2
4
6
8
451
0
2
4
6
8
457
0
2
4
6
8
463
0
2
4
6
8
469
0
2
4
6
8
475
0
2
4
6
8
481
0
2
4
6
8
487
0
2
4
6
8
493
0
2
4
6
8
499
0
2
4
6
8
505
0
2
4
6
8
511
0
2
4
6
8
517
0
2
4
6
8
523
0
2
4
6
8
529
0
2
4
6
8
535
0
2
4
6
8
541
0
2
4
6
8
547
0
2
4
6
8
553
0
2
4
6
8
559
0
2
4
6
8
565
0
2
4
6
8
571
0
2
4
6
8
577
0
2
4
6
8
583
0
2
4
6
8
589
0
2
4
6
8
595
0
2
4
6
8
601
0
2
4
6
8
607
0
2
4
6
8
613
0
2
4
6
8
619
0
2
4
6
8
625
0
2
4
6
8
631
0
2
4
6
8
637
0
2
4
6
8
643
0
2
4
6
8
649
0
2
4
6
8
655
0
2
4
6
8
661
0
2
4
6
8
667
0
2
4
6
8
673
0
2
4
6
8
679
0
2
4
6
8
685
0
2
4
6
8
691
0
2
4
6
8
697
0
2
4
6
8
703
0
2
4
6
8
709
0
2
4
6
8
715
0
2
4
6
8
721
0
2
4
6
8
727
0
2
4
6
8
733
0
2
4
6
8
739
0
2
4
6
8
745
0
2
4
6
8
751
0
2
4
6
8
757
0
2
4
6
8
763
0
2
4
6
8
769
0
2
4
6
8
775
0
2
4
6
8
781
0
2
4
6
8
787
0
2
4
6
8
793
0
2
4
6
8
799
0
2
4
6
8
805
0
2
4
6
8
811
0
2
4
6
8
817
0
2
4
6
8
823
0
2
4
6
8
829
0
2
4
6
8
835
0
2
4
6
8
841
0
2
4
6
8
847
0
2
4
6
8
853
0
2
4
6
8
859
0
2
4
6
8
865
0
2
4
6
8
871
0
2
4
6
8
877
0
2
4
6
8
883
0
2
4
6
8
889
0
2
4
6
8
895
0
2
4
6
8
901
0
2
4
6
8
907
0
2
4
6
8
913
0
2
4
6
8
919
0
2
4
6
8
925
0
2
4
6
8
931
0
2
4
6
8
937
0
2
4
6
8
943
0
2
4
6
8
949
0
2
4
6
8
955
0
2
4
6
8
961
0
2
4
6
8
967
0
2
4
6
8
973
0
2
4
6
8
979
0
2
4
6
8
985
0
2
4
6
8
991
0
2
4
6
8
997
0
2
262 ms. Memory: 296960K Free: 132927K (45%)
----------------- Invoking toplevel() on ptolemy.moml.MoMLSimpleApplication@79a4eeff
----------------- Done invoking toplevel() on ptolemy.moml.MoMLSimpleApplication@79a4eeff
reloadAllAccessors: .modalChangingParams

===========================================================================================
----------------- testing Sun Sep 06 15:39:08 UTC 2020 /home/travis/build/icyphy/ptII/ptolemy/domains/modal/test/auto/modalModel.xml
----------------- Instantiating /home/travis/build/icyphy/ptII/ptolemy/domains/modal/test/auto/modalModel.xml
5 ms. Memory: 296960K Free: 124191K (42%)
----------------- Invoking toplevel() on ptolemy.moml.MoMLSimpleApplication@7ebbe35a
----------------- Done invoking toplevel() on ptolemy.moml.MoMLSimpleApplication@7ebbe35a
reloadAllAccessors: .modalModel

===========================================================================================
----------------- testing Sun Sep 06 15:39:08 UTC 2020 /home/travis/build/icyphy/ptII/ptolemy/domains/modal/test/auto/modalModel2.xml
----------------- Instantiating /home/travis/build/icyphy/ptII/ptolemy/domains/modal/test/auto/modalModel2.xml
7 ms. Memory: 296960K Free: 113471K (38%)
----------------- Invoking toplevel() on ptolemy.moml.MoMLSimpleApplication@394d144
----------------- Done invoking toplevel() on ptolemy.moml.MoMLSimpleApplication@394d144
reloadAllAccessors: .modalModel2

===========================================================================================
----------------- testing Sun Sep 06 15:39:08 UTC 2020 /home/travis/build/icyphy/ptII/ptolemy/domains/modal/test/auto/modalModel3.xml
----------------- Instantiating /home/travis/build/icyphy/ptII/ptolemy/domains/modal/test/auto/modalModel3.xml
0	0	0
3	2	1
6	4	2
9	6	3
4	0	4
7	2	5
10	4	6
13	6	7
8	0	8
11	2	9
14	4	10
17	6	11
12	0	12
15	2	13
18	4	14
36 ms. Memory: 361472K Free: 338597K (94%)
----------------- Invoking toplevel() on ptolemy.moml.MoMLSimpleApplication@b9d9947
----------------- Done invoking toplevel() on ptolemy.moml.MoMLSimpleApplication@b9d9947
reloadAllAccessors: .modalModel3

===========================================================================================
----------------- testing Sun Sep 06 15:39:08 UTC 2020 /home/travis/build/icyphy/ptII/ptolemy/domains/modal/test/auto/model1.xml
----------------- Instantiating /home/travis/build/icyphy/ptII/ptolemy/domains/modal/test/auto/model1.xml
15 ms. Memory: 361472K Free: 332309K (92%)
----------------- Invoking toplevel() on ptolemy.moml.MoMLSimpleApplication@2ff8c652
----------------- Done invoking toplevel() on ptolemy.moml.MoMLSimpleApplication@2ff8c652
reloadAllAccessors: .model1

===========================================================================================
----------------- testing Sun Sep 06 15:39:08 UTC 2020 /home/travis/build/icyphy/ptII/ptolemy/domains/modal/test/auto/test-direct-in-out.xml
----------------- Instantiating /home/travis/build/icyphy/ptII/ptolemy/domains/modal/test/auto/test-direct-in-out.xml
6 ms. Memory: 361472K Free: 324637K (90%)
----------------- Invoking toplevel() on ptolemy.moml.MoMLSimpleApplication@601d6908
----------------- Done invoking toplevel() on ptolemy.moml.MoMLSimpleApplication@601d6908
reloadAllAccessors: .test-direct-in-out
AutoTests.java: About to close Vertx.
AutoTests.java: Vertx closed.
]]></system-out>
  <system-err><![CDATA[java.lang.RuntimeException: Execution failed
	at ptolemy.moml.MoMLSimpleApplication$UnloadThread.run(MoMLSimpleApplication.java:402)
Caused by: ptolemy.kernel.util.IllegalActionException: Unknown inputs remain. Possible causality loop:
L_model_1893289564i

  in .CannotAnalysisWithPreemption.model_1893289564_region_1 and .CannotAnalysisWithPreemption.model_1893289564_region_1.L_model_1893289564i
	at ptolemy.actor.sched.FixedPointDirector.postfire(FixedPointDirector.java:515)
	at ptolemy.domains.sr.kernel.SRDirector.postfire(SRDirector.java:417)
	at ptolemy.actor.CompositeActor.postfire(CompositeActor.java:1668)
	at ptolemy.actor.Manager.iterate(Manager.java:852)
	at ptolemy.actor.Manager.execute(Manager.java:369)
	at ptolemy.actor.Manager.run(Manager.java:1263)
	at ptolemy.actor.Manager$PtolemyRunThread.run(Manager.java:1933)
java.lang.reflect.InvocationTargetException
	at java.base/jdk.internal.reflect.NativeConstructorAccessorImpl.newInstance0(Native Method)
	at java.base/jdk.internal.reflect.NativeConstructorAccessorImpl.newInstance(NativeConstructorAccessorImpl.java:62)
	at java.base/jdk.internal.reflect.DelegatingConstructorAccessorImpl.newInstance(DelegatingConstructorAccessorImpl.java:45)
	at java.base/java.lang.reflect.Constructor.newInstance(Constructor.java:490)
	at ptolemy.util.test.junit.AutoKnownFailedTests.RunModel(AutoKnownFailedTests.java:105)
	at java.base/jdk.internal.reflect.NativeMethodAccessorImpl.invoke0(Native Method)
	at java.base/jdk.internal.reflect.NativeMethodAccessorImpl.invoke(NativeMethodAccessorImpl.java:62)
	at java.base/jdk.internal.reflect.DelegatingMethodAccessorImpl.invoke(DelegatingMethodAccessorImpl.java:43)
	at java.base/java.lang.reflect.Method.invoke(Method.java:566)
	at org.junit.runners.model.FrameworkMethod$1.runReflectiveCall(FrameworkMethod.java:44)
	at org.junit.internal.runners.model.ReflectiveCallable.run(ReflectiveCallable.java:15)
	at org.junit.runners.model.FrameworkMethod.invokeExplosively(FrameworkMethod.java:41)
	at junitparams.internal.InvokeParameterisedMethod.evaluate(InvokeParameterisedMethod.java:102)
	at org.junit.internal.runners.statements.FailOnTimeout$1.run(FailOnTimeout.java:28)
Caused by: ptolemy.kernel.util.IllegalActionException: Unknown inputs remain. Possible causality loop:
L_model_1893289564i

  in .CannotAnalysisWithPreemption.model_1893289564_region_1 and .CannotAnalysisWithPreemption.model_1893289564_region_1.L_model_1893289564i
	at ptolemy.actor.sched.FixedPointDirector.postfire(FixedPointDirector.java:515)
	at ptolemy.domains.sr.kernel.SRDirector.postfire(SRDirector.java:417)
	at ptolemy.actor.CompositeActor.postfire(CompositeActor.java:1668)
	at ptolemy.actor.Manager.iterate(Manager.java:852)
	at ptolemy.actor.Manager.execute(Manager.java:369)
	at ptolemy.actor.Manager.run(Manager.java:1263)
	at ptolemy.actor.Manager$PtolemyRunThread.run(Manager.java:1933)
]]></system-err>
</testsuite>
