<?xml version="1.0" encoding="UTF-8" ?>
<testsuite errors="0" failures="0" hostname="travis-job-195a7f7c-e117-4a0f-b4df-225b6c6a3063" name="ptolemy.domains.continuous.test.junit.JUnitTclTest" skipped="0" tests="156" time="72.745" timestamp="2020-06-22T14:44:00">
  <properties>
[...]
</properties>
  <testcase classname="ptolemy.util.test.junit.TclTests" name="[0] ThereAreNoTclTests (RunTclFile)" time="0.009" />
  <testcase classname="ptolemy.util.test.junit.AutoKnownFailedTests" name="[0] ThereAreNoKnowFailedTests (RunModel)" time="0.002" />
  <testcase classname="ptolemy.util.test.junit.AutoNameArchTests" name="[0] ThereAreNoAutoArchTests (RunModel)" time="0.031" />
  <testcase classname="ptolemy.util.test.junit.AutoTests" name="[0] /home/travis/build/icyphy/ptII/ptolemy/domains/continuous/test/auto/BouncingBall.xml (RunModel)" time="3.01" />
  <testcase classname="ptolemy.util.test.junit.AutoTests" name="[1] /home/travis/build/icyphy/ptII/ptolemy/domains/continuous/test/auto/BouncingBallWithoutGR.xml (RunModel)" time="1.023" />
  <testcase classname="ptolemy.util.test.junit.AutoTests" name="[2] /home/travis/build/icyphy/ptII/ptolemy/domains/continuous/test/auto/Brownian.xml (RunModel)" time="0.11" />
  <testcase classname="ptolemy.util.test.junit.AutoTests" name="[3] /home/travis/build/icyphy/ptII/ptolemy/domains/continuous/test/auto/CarTracking.xml (RunModel)" time="3.635" />
  <testcase classname="ptolemy.util.test.junit.AutoTests" name="[4] /home/travis/build/icyphy/ptII/ptolemy/domains/continuous/test/auto/CartPendulum.xml (RunModel)" time="0.491" />
  <testcase classname="ptolemy.util.test.junit.AutoTests" name="[5] /home/travis/build/icyphy/ptII/ptolemy/domains/continuous/test/auto/CausalityInterface10.xml (RunModel)" time="0.06" />
  <testcase classname="ptolemy.util.test.junit.AutoTests" name="[6] /home/travis/build/icyphy/ptII/ptolemy/domains/continuous/test/auto/CausalityInterface11.xml (RunModel)" time="0.033" />
  <testcase classname="ptolemy.util.test.junit.AutoTests" name="[7] /home/travis/build/icyphy/ptII/ptolemy/domains/continuous/test/auto/CausalityInterface12.xml (RunModel)" time="0.039" />
  <testcase classname="ptolemy.util.test.junit.AutoTests" name="[8] /home/travis/build/icyphy/ptII/ptolemy/domains/continuous/test/auto/CausalityInterface13.xml (RunModel)" time="0.03" />
  <testcase classname="ptolemy.util.test.junit.AutoTests" name="[9] /home/travis/build/icyphy/ptII/ptolemy/domains/continuous/test/auto/CausalityInterface14.xml (RunModel)" time="0.023" />
  <testcase classname="ptolemy.util.test.junit.AutoTests" name="[10] /home/travis/build/icyphy/ptII/ptolemy/domains/continuous/test/auto/CausalityInterface4.xml (RunModel)" time="0.034" />
  <testcase classname="ptolemy.util.test.junit.AutoTests" name="[11] /home/travis/build/icyphy/ptII/ptolemy/domains/continuous/test/auto/CausalityInterface5.xml (RunModel)" time="0.048" />
  <testcase classname="ptolemy.util.test.junit.AutoTests" name="[12] /home/travis/build/icyphy/ptII/ptolemy/domains/continuous/test/auto/CausalityInterface6.xml (RunModel)" time="0.019" />
  <testcase classname="ptolemy.util.test.junit.AutoTests" name="[13] /home/travis/build/icyphy/ptII/ptolemy/domains/continuous/test/auto/CausalityInterface7.xml (RunModel)" time="0.037" />
  <testcase classname="ptolemy.util.test.junit.AutoTests" name="[14] /home/travis/build/icyphy/ptII/ptolemy/domains/continuous/test/auto/CausalityInterface8.xml (RunModel)" time="0.038" />
  <testcase classname="ptolemy.util.test.junit.AutoTests" name="[15] /home/travis/build/icyphy/ptII/ptolemy/domains/continuous/test/auto/CausalityInterface9.xml (RunModel)" time="0.05" />
  <testcase classname="ptolemy.util.test.junit.AutoTests" name="[16] /home/travis/build/icyphy/ptII/ptolemy/domains/continuous/test/auto/CausalityInterfaceFeedback1.xml (RunModel)" time="0.04" />
  <testcase classname="ptolemy.util.test.junit.AutoTests" name="[17] /home/travis/build/icyphy/ptII/ptolemy/domains/continuous/test/auto/CausalityInterfaceFeedback2.xml (RunModel)" time="0.029" />
  <testcase classname="ptolemy.util.test.junit.AutoTests" name="[18] /home/travis/build/icyphy/ptII/ptolemy/domains/continuous/test/auto/CompareWithCurrentTime.xml (RunModel)" time="0.018" />
  <testcase classname="ptolemy.util.test.junit.AutoTests" name="[19] /home/travis/build/icyphy/ptII/ptolemy/domains/continuous/test/auto/ComparedClocks.xml (RunModel)" time="0.081" />
  <testcase classname="ptolemy.util.test.junit.AutoTests" name="[20] /home/travis/build/icyphy/ptII/ptolemy/domains/continuous/test/auto/ContinuousAOCClone.xml (RunModel)" time="2.445" />
  <testcase classname="ptolemy.util.test.junit.AutoTests" name="[21] /home/travis/build/icyphy/ptII/ptolemy/domains/continuous/test/auto/ContinuousClock.xml (RunModel)" time="0.084" />
  <testcase classname="ptolemy.util.test.junit.AutoTests" name="[22] /home/travis/build/icyphy/ptII/ptolemy/domains/continuous/test/auto/ContinuousInContinuous.xml (RunModel)" time="0.09" />
  <testcase classname="ptolemy.util.test.junit.AutoTests" name="[23] /home/travis/build/icyphy/ptII/ptolemy/domains/continuous/test/auto/ContinuousInContinuousInContinuous.xml (RunModel)" time="0.029" />
  <testcase classname="ptolemy.util.test.junit.AutoTests" name="[24] /home/travis/build/icyphy/ptII/ptolemy/domains/continuous/test/auto/ContinuousInDE.xml (RunModel)" time="0.122" />
  <testcase classname="ptolemy.util.test.junit.AutoTests" name="[25] /home/travis/build/icyphy/ptII/ptolemy/domains/continuous/test/auto/ContinuousInDE2.xml (RunModel)" time="0.048" />
  <testcase classname="ptolemy.util.test.junit.AutoTests" name="[26] /home/travis/build/icyphy/ptII/ptolemy/domains/continuous/test/auto/ContinuousInDE3.xml (RunModel)" time="0.036" />
  <testcase classname="ptolemy.util.test.junit.AutoTests" name="[27] /home/travis/build/icyphy/ptII/ptolemy/domains/continuous/test/auto/ContinuousInDE4.xml (RunModel)" time="0.022" />
  <testcase classname="ptolemy.util.test.junit.AutoTests" name="[28] /home/travis/build/icyphy/ptII/ptolemy/domains/continuous/test/auto/ContinuousInDEDifferentRefinements.xml (RunModel)" time="0.108" />
  <testcase classname="ptolemy.util.test.junit.AutoTests" name="[29] /home/travis/build/icyphy/ptII/ptolemy/domains/continuous/test/auto/ContinuousInDEDifferentRefinementsPreemptive.xml (RunModel)" time="0.096" />
  <testcase classname="ptolemy.util.test.junit.AutoTests" name="[30] /home/travis/build/icyphy/ptII/ptolemy/domains/continuous/test/auto/ContinuousInDEInContinuous2.xml (RunModel)" time="0.058" />
  <testcase classname="ptolemy.util.test.junit.AutoTests" name="[31] /home/travis/build/icyphy/ptII/ptolemy/domains/continuous/test/auto/ContinuousInDEInContinuous3.xml (RunModel)" time="0.059" />
  <testcase classname="ptolemy.util.test.junit.AutoTests" name="[32] /home/travis/build/icyphy/ptII/ptolemy/domains/continuous/test/auto/ContinuousInDEInput.xml (RunModel)" time="0.033" />
  <testcase classname="ptolemy.util.test.junit.AutoTests" name="[33] /home/travis/build/icyphy/ptII/ptolemy/domains/continuous/test/auto/ContinuousInDEInput2.xml (RunModel)" time="0.036" />
  <testcase classname="ptolemy.util.test.junit.AutoTests" name="[34] /home/travis/build/icyphy/ptII/ptolemy/domains/continuous/test/auto/ContinuousInDEInput3.xml (RunModel)" time="0.03" />
  <testcase classname="ptolemy.util.test.junit.AutoTests" name="[35] /home/travis/build/icyphy/ptII/ptolemy/domains/continuous/test/auto/ContinuousInDESharingRefinement.xml (RunModel)" time="0.173" />
  <testcase classname="ptolemy.util.test.junit.AutoTests" name="[36] /home/travis/build/icyphy/ptII/ptolemy/domains/continuous/test/auto/ContinuousInDEwithNoPorts.xml (RunModel)" time="0.021" />
  <testcase classname="ptolemy.util.test.junit.AutoTests" name="[37] /home/travis/build/icyphy/ptII/ptolemy/domains/continuous/test/auto/ContinuousInsideDE.xml (RunModel)" time="0.076" />
  <testcase classname="ptolemy.util.test.junit.AutoTests" name="[38] /home/travis/build/icyphy/ptII/ptolemy/domains/continuous/test/auto/ContinuousMerge1.xml (RunModel)" time="0.017" />
  <testcase classname="ptolemy.util.test.junit.AutoTests" name="[39] /home/travis/build/icyphy/ptII/ptolemy/domains/continuous/test/auto/ContinuousMerge2.xml (RunModel)" time="0.042" />
  <testcase classname="ptolemy.util.test.junit.AutoTests" name="[40] /home/travis/build/icyphy/ptII/ptolemy/domains/continuous/test/auto/ContinuousMerge3.xml (RunModel)" time="0.088" />
  <testcase classname="ptolemy.util.test.junit.AutoTests" name="[41] /home/travis/build/icyphy/ptII/ptolemy/domains/continuous/test/auto/ContinuousWithinContinuous.xml (RunModel)" time="0.046" />
  <testcase classname="ptolemy.util.test.junit.AutoTests" name="[42] /home/travis/build/icyphy/ptII/ptolemy/domains/continuous/test/auto/ContinuousWithinContinuous2.xml (RunModel)" time="0.066" />
  <testcase classname="ptolemy.util.test.junit.AutoTests" name="[43] /home/travis/build/icyphy/ptII/ptolemy/domains/continuous/test/auto/ContinuousWithinContinuous3.xml (RunModel)" time="0.027" />
  <testcase classname="ptolemy.util.test.junit.AutoTests" name="[44] /home/travis/build/icyphy/ptII/ptolemy/domains/continuous/test/auto/ContinuousWithinContinuous4.xml (RunModel)" time="0.07" />
  <testcase classname="ptolemy.util.test.junit.AutoTests" name="[45] /home/travis/build/icyphy/ptII/ptolemy/domains/continuous/test/auto/ContinuousWithinContinuous5.xml (RunModel)" time="0.03" />
  <testcase classname="ptolemy.util.test.junit.AutoTests" name="[46] /home/travis/build/icyphy/ptII/ptolemy/domains/continuous/test/auto/ContinuousWithinContinuous6.xml (RunModel)" time="0.04" />
  <testcase classname="ptolemy.util.test.junit.AutoTests" name="[47] /home/travis/build/icyphy/ptII/ptolemy/domains/continuous/test/auto/ContinuousWithinContinuous7.xml (RunModel)" time="0.068" />
  <testcase classname="ptolemy.util.test.junit.AutoTests" name="[48] /home/travis/build/icyphy/ptII/ptolemy/domains/continuous/test/auto/DCMotor.xml (RunModel)" time="14.236" />
  <testcase classname="ptolemy.util.test.junit.AutoTests" name="[49] /home/travis/build/icyphy/ptII/ptolemy/domains/continuous/test/auto/DEInContinuous.xml (RunModel)" time="0.058" />
  <testcase classname="ptolemy.util.test.junit.AutoTests" name="[50] /home/travis/build/icyphy/ptII/ptolemy/domains/continuous/test/auto/DEinContinuous2.xml (RunModel)" time="0.028" />
  <testcase classname="ptolemy.util.test.junit.AutoTests" name="[51] /home/travis/build/icyphy/ptII/ptolemy/domains/continuous/test/auto/Derivative.xml (RunModel)" time="0.205" />
  <testcase classname="ptolemy.util.test.junit.AutoTests" name="[52] /home/travis/build/icyphy/ptII/ptolemy/domains/continuous/test/auto/Derivative1.xml (RunModel)" time="0.056" />
  <testcase classname="ptolemy.util.test.junit.AutoTests" name="[53] /home/travis/build/icyphy/ptII/ptolemy/domains/continuous/test/auto/DiscreteClock.xml (RunModel)" time="0.019" />
  <testcase classname="ptolemy.util.test.junit.AutoTests" name="[54] /home/travis/build/icyphy/ptII/ptolemy/domains/continuous/test/auto/EfficiencyCurve.xml (RunModel)" time="0.088" />
  <testcase classname="ptolemy.util.test.junit.AutoTests" name="[55] /home/travis/build/icyphy/ptII/ptolemy/domains/continuous/test/auto/ExponentialResponse.xml (RunModel)" time="0.117" />
  <testcase classname="ptolemy.util.test.junit.AutoTests" name="[56] /home/travis/build/icyphy/ptII/ptolemy/domains/continuous/test/auto/ExponentialResponseRK45.xml (RunModel)" time="0.031" />
  <testcase classname="ptolemy.util.test.junit.AutoTests" name="[57] /home/travis/build/icyphy/ptII/ptolemy/domains/continuous/test/auto/Friction.xml (RunModel)" time="1.617" />
  <testcase classname="ptolemy.util.test.junit.AutoTests" name="[58] /home/travis/build/icyphy/ptII/ptolemy/domains/continuous/test/auto/FurutaPendulum.xml (RunModel)" time="3.157" />
  <testcase classname="ptolemy.util.test.junit.AutoTests" name="[59] /home/travis/build/icyphy/ptII/ptolemy/domains/continuous/test/auto/HierarchicalExecution.xml (RunModel)" time="2.005" />
  <testcase classname="ptolemy.util.test.junit.AutoTests" name="[60] /home/travis/build/icyphy/ptII/ptolemy/domains/continuous/test/auto/HybridPlant.xml (RunModel)" time="0.544" />
  <testcase classname="ptolemy.util.test.junit.AutoTests" name="[61] /home/travis/build/icyphy/ptII/ptolemy/domains/continuous/test/auto/Hysteresis.xml (RunModel)" time="0.186" />
  <testcase classname="ptolemy.util.test.junit.AutoTests" name="[62] /home/travis/build/icyphy/ptII/ptolemy/domains/continuous/test/auto/HysteresisWithRandomDelay.xml (RunModel)" time="0.232" />
  <testcase classname="ptolemy.util.test.junit.AutoTests" name="[63] /home/travis/build/icyphy/ptII/ptolemy/domains/continuous/test/auto/HysteresisWithRandomLosses.xml (RunModel)" time="2.326" />
  <testcase classname="ptolemy.util.test.junit.AutoTests" name="[64] /home/travis/build/icyphy/ptII/ptolemy/domains/continuous/test/auto/ImmediateTransitions.xml (RunModel)" time="0.034" />
  <testcase classname="ptolemy.util.test.junit.AutoTests" name="[65] /home/travis/build/icyphy/ptII/ptolemy/domains/continuous/test/auto/ImpulseFeedback.xml (RunModel)" time="0.024" />
  <testcase classname="ptolemy.util.test.junit.AutoTests" name="[66] /home/travis/build/icyphy/ptII/ptolemy/domains/continuous/test/auto/ImpulseFeedback2.xml (RunModel)" time="0.021" />
  <testcase classname="ptolemy.util.test.junit.AutoTests" name="[67] /home/travis/build/icyphy/ptII/ptolemy/domains/continuous/test/auto/IncreasingRatePoisson.xml (RunModel)" time="0.716" />
  <testcase classname="ptolemy.util.test.junit.AutoTests" name="[68] /home/travis/build/icyphy/ptII/ptolemy/domains/continuous/test/auto/InitialStateFeedback.xml (RunModel)" time="0.014" />
  <testcase classname="ptolemy.util.test.junit.AutoTests" name="[69] /home/travis/build/icyphy/ptII/ptolemy/domains/continuous/test/auto/Integration.xml (RunModel)" time="0.009" />
  <testcase classname="ptolemy.util.test.junit.AutoTests" name="[70] /home/travis/build/icyphy/ptII/ptolemy/domains/continuous/test/auto/Integration2.xml (RunModel)" time="0.079" />
  <testcase classname="ptolemy.util.test.junit.AutoTests" name="[71] /home/travis/build/icyphy/ptII/ptolemy/domains/continuous/test/auto/Integration3.xml (RunModel)" time="0.012" />
  <testcase classname="ptolemy.util.test.junit.AutoTests" name="[72] /home/travis/build/icyphy/ptII/ptolemy/domains/continuous/test/auto/Integration5.xml (RunModel)" time="0.025" />
  <testcase classname="ptolemy.util.test.junit.AutoTests" name="[73] /home/travis/build/icyphy/ptII/ptolemy/domains/continuous/test/auto/IntegratorImpulse.xml (RunModel)" time="0.009" />
  <testcase classname="ptolemy.util.test.junit.AutoTests" name="[74] /home/travis/build/icyphy/ptII/ptolemy/domains/continuous/test/auto/IntegratorImpulse2.xml (RunModel)" time="0.011" />
  <testcase classname="ptolemy.util.test.junit.AutoTests" name="[75] /home/travis/build/icyphy/ptII/ptolemy/domains/continuous/test/auto/LevelCrossing1.xml (RunModel)" time="0.013" />
  <testcase classname="ptolemy.util.test.junit.AutoTests" name="[76] /home/travis/build/icyphy/ptII/ptolemy/domains/continuous/test/auto/LevelCrossing2.xml (RunModel)" time="0.016" />
  <testcase classname="ptolemy.util.test.junit.AutoTests" name="[77] /home/travis/build/icyphy/ptII/ptolemy/domains/continuous/test/auto/LevelCrossing3.xml (RunModel)" time="0.022" />
  <testcase classname="ptolemy.util.test.junit.AutoTests" name="[78] /home/travis/build/icyphy/ptII/ptolemy/domains/continuous/test/auto/LevelCrossing4.xml (RunModel)" time="0.015" />
  <testcase classname="ptolemy.util.test.junit.AutoTests" name="[79] /home/travis/build/icyphy/ptII/ptolemy/domains/continuous/test/auto/LevelCrossing5.xml (RunModel)" time="0.014" />
  <testcase classname="ptolemy.util.test.junit.AutoTests" name="[80] /home/travis/build/icyphy/ptII/ptolemy/domains/continuous/test/auto/LevelCrossing6.xml (RunModel)" time="0.013" />
  <testcase classname="ptolemy.util.test.junit.AutoTests" name="[81] /home/travis/build/icyphy/ptII/ptolemy/domains/continuous/test/auto/LevelCrossingDetector.xml (RunModel)" time="0.041" />
  <testcase classname="ptolemy.util.test.junit.AutoTests" name="[82] /home/travis/build/icyphy/ptII/ptolemy/domains/continuous/test/auto/LevelCrossingDetectorDetectingDirections.xml (RunModel)" time="0.084" />
  <testcase classname="ptolemy.util.test.junit.AutoTests" name="[83] /home/travis/build/icyphy/ptII/ptolemy/domains/continuous/test/auto/LevelCrossingDetectorDetectsGlitches.xml (RunModel)" time="0.057" />
  <testcase classname="ptolemy.util.test.junit.AutoTests" name="[84] /home/travis/build/icyphy/ptII/ptolemy/domains/continuous/test/auto/LevelCrossingNoInitialOuput.xml (RunModel)" time="0.015" />
  <testcase classname="ptolemy.util.test.junit.AutoTests" name="[85] /home/travis/build/icyphy/ptII/ptolemy/domains/continuous/test/auto/LinearStateSpaceExample.xml (RunModel)" time="0.057" />
  <testcase classname="ptolemy.util.test.junit.AutoTests" name="[86] /home/travis/build/icyphy/ptII/ptolemy/domains/continuous/test/auto/Lorenz.xml (RunModel)" time="3.778" />
  <testcase classname="ptolemy.util.test.junit.AutoTests" name="[87] /home/travis/build/icyphy/ptII/ptolemy/domains/continuous/test/auto/LorenzDifferentialSystem.xml (RunModel)" time="0.88" />
  <testcase classname="ptolemy.util.test.junit.AutoTests" name="[88] /home/travis/build/icyphy/ptII/ptolemy/domains/continuous/test/auto/LorenzDifferentialSystemWithInput.xml (RunModel)" time="1.208" />
  <testcase classname="ptolemy.util.test.junit.AutoTests" name="[89] /home/travis/build/icyphy/ptII/ptolemy/domains/continuous/test/auto/LorenzDifferentialSystemWithTime.xml (RunModel)" time="0.782" />
  <testcase classname="ptolemy.util.test.junit.AutoTests" name="[90] /home/travis/build/icyphy/ptII/ptolemy/domains/continuous/test/auto/Microsteps.xml (RunModel)" time="0.02" />
  <testcase classname="ptolemy.util.test.junit.AutoTests" name="[91] /home/travis/build/icyphy/ptII/ptolemy/domains/continuous/test/auto/Modal1.xml (RunModel)" time="0.049" />
  <testcase classname="ptolemy.util.test.junit.AutoTests" name="[92] /home/travis/build/icyphy/ptII/ptolemy/domains/continuous/test/auto/Modal2.xml (RunModel)" time="0.058" />
  <testcase classname="ptolemy.util.test.junit.AutoTests" name="[93] /home/travis/build/icyphy/ptII/ptolemy/domains/continuous/test/auto/ModalTransitionGuardWithReset.xml (RunModel)" time="0.029" />
  <testcase classname="ptolemy.util.test.junit.AutoTests" name="[94] /home/travis/build/icyphy/ptII/ptolemy/domains/continuous/test/auto/ModalTransitionGuardWithResetUsingPreemptiveTransition.xml (RunModel)" time="0.026" />
  <testcase classname="ptolemy.util.test.junit.AutoTests" name="[95] /home/travis/build/icyphy/ptII/ptolemy/domains/continuous/test/auto/ModalTransitionGuardWithResetUsingPreemptiveTransition2.xml (RunModel)" time="0.031" />
  <testcase classname="ptolemy.util.test.junit.AutoTests" name="[96] /home/travis/build/icyphy/ptII/ptolemy/domains/continuous/test/auto/ModalTransitionGuardWithResetUsingPreemptiveTransition3.xml (RunModel)" time="0.025" />
  <testcase classname="ptolemy.util.test.junit.AutoTests" name="[97] /home/travis/build/icyphy/ptII/ptolemy/domains/continuous/test/auto/NewtonsCradle.xml (RunModel)" time="0.782" />
  <testcase classname="ptolemy.util.test.junit.AutoTests" name="[98] /home/travis/build/icyphy/ptII/ptolemy/domains/continuous/test/auto/NewtonsCradleAnimated.xml (RunModel)" time="1.242" />
  <testcase classname="ptolemy.util.test.junit.AutoTests" name="[99] /home/travis/build/icyphy/ptII/ptolemy/domains/continuous/test/auto/NewtonsCradleComplicated.xml (RunModel)" time="0.893" />
  <testcase classname="ptolemy.util.test.junit.AutoTests" name="[100] /home/travis/build/icyphy/ptII/ptolemy/domains/continuous/test/auto/NewtonsCradleNondeterministic.xml (RunModel)" time="0.703" />
  <testcase classname="ptolemy.util.test.junit.AutoTests" name="[101] /home/travis/build/icyphy/ptII/ptolemy/domains/continuous/test/auto/NewtonsCradlePerfectlyInelastic1.xml (RunModel)" time="1.225" />
  <testcase classname="ptolemy.util.test.junit.AutoTests" name="[102] /home/travis/build/icyphy/ptII/ptolemy/domains/continuous/test/auto/Noise.xml (RunModel)" time="0.202" />
  <testcase classname="ptolemy.util.test.junit.AutoTests" name="[103] /home/travis/build/icyphy/ptII/ptolemy/domains/continuous/test/auto/NoiseSpectrum.xml (RunModel)" time="0.707" />
  <testcase classname="ptolemy.util.test.junit.AutoTests" name="[104] /home/travis/build/icyphy/ptII/ptolemy/domains/continuous/test/auto/ParameterizedNewtonsCradleAnimated.xml (RunModel)" time="0.358" />
  <testcase classname="ptolemy.util.test.junit.AutoTests" name="[105] /home/travis/build/icyphy/ptII/ptolemy/domains/continuous/test/auto/ParameterizedNewtonsCradleAnimatedNondeterministic.xml (RunModel)" time="1.148" />
  <testcase classname="ptolemy.util.test.junit.AutoTests" name="[106] /home/travis/build/icyphy/ptII/ptolemy/domains/continuous/test/auto/Pendulum3D.xml (RunModel)" time="0.168" />
  <testcase classname="ptolemy.util.test.junit.AutoTests" name="[107] /home/travis/build/icyphy/ptII/ptolemy/domains/continuous/test/auto/PeriodicSampler.xml (RunModel)" time="0.016" />
  <testcase classname="ptolemy.util.test.junit.AutoTests" name="[108] /home/travis/build/icyphy/ptII/ptolemy/domains/continuous/test/auto/PeriodicSampler1.xml (RunModel)" time="0.044" />
  <testcase classname="ptolemy.util.test.junit.AutoTests" name="[109] /home/travis/build/icyphy/ptII/ptolemy/domains/continuous/test/auto/PeriodicSampler2.xml (RunModel)" time="0.077" />
  <testcase classname="ptolemy.util.test.junit.AutoTests" name="[110] /home/travis/build/icyphy/ptII/ptolemy/domains/continuous/test/auto/Poisson.xml (RunModel)" time="0.446" />
  <testcase classname="ptolemy.util.test.junit.AutoTests" name="[111] /home/travis/build/icyphy/ptII/ptolemy/domains/continuous/test/auto/PoissonClock.xml (RunModel)" time="0.011" />
  <testcase classname="ptolemy.util.test.junit.AutoTests" name="[112] /home/travis/build/icyphy/ptII/ptolemy/domains/continuous/test/auto/PoissonClock2.xml (RunModel)" time="0.012" />
  <testcase classname="ptolemy.util.test.junit.AutoTests" name="[113] /home/travis/build/icyphy/ptII/ptolemy/domains/continuous/test/auto/PortParameterHierarchy.xml (RunModel)" time="0.028" />
  <testcase classname="ptolemy.util.test.junit.AutoTests" name="[114] /home/travis/build/icyphy/ptII/ptolemy/domains/continuous/test/auto/RandomHybridPlant.xml (RunModel)" time="0.531" />
  <testcase classname="ptolemy.util.test.junit.AutoTests" name="[115] /home/travis/build/icyphy/ptII/ptolemy/domains/continuous/test/auto/ResetTransitionWithStartTime1.xml (RunModel)" time="0.032" />
  <testcase classname="ptolemy.util.test.junit.AutoTests" name="[116] /home/travis/build/icyphy/ptII/ptolemy/domains/continuous/test/auto/ResetTransitionWithStartTime2.xml (RunModel)" time="0.035" />
  <testcase classname="ptolemy.util.test.junit.AutoTests" name="[117] /home/travis/build/icyphy/ptII/ptolemy/domains/continuous/test/auto/ResetTransitionWithStartTime3.xml (RunModel)" time="0.038" />
  <testcase classname="ptolemy.util.test.junit.AutoTests" name="[118] /home/travis/build/icyphy/ptII/ptolemy/domains/continuous/test/auto/ResetTransitionWithStartTime4.xml (RunModel)" time="0.025" />
  <testcase classname="ptolemy.util.test.junit.AutoTests" name="[119] /home/travis/build/icyphy/ptII/ptolemy/domains/continuous/test/auto/ResetTransitionWithStartTime5.xml (RunModel)" time="0.033" />
  <testcase classname="ptolemy.util.test.junit.AutoTests" name="[120] /home/travis/build/icyphy/ptII/ptolemy/domains/continuous/test/auto/ResetTransitionWithStartTime6.xml (RunModel)" time="0.023" />
  <testcase classname="ptolemy.util.test.junit.AutoTests" name="[121] /home/travis/build/icyphy/ptII/ptolemy/domains/continuous/test/auto/SRinContinuous.xml (RunModel)" time="0.023" />
  <testcase classname="ptolemy.util.test.junit.AutoTests" name="[122] /home/travis/build/icyphy/ptII/ptolemy/domains/continuous/test/auto/SampledClocks.xml (RunModel)" time="0.035" />
  <testcase classname="ptolemy.util.test.junit.AutoTests" name="[123] /home/travis/build/icyphy/ptII/ptolemy/domains/continuous/test/auto/Satellite.xml (RunModel)" time="0.906" />
  <testcase classname="ptolemy.util.test.junit.AutoTests" name="[124] /home/travis/build/icyphy/ptII/ptolemy/domains/continuous/test/auto/SigmaDelta.xml (RunModel)" time="2.27" />
  <testcase classname="ptolemy.util.test.junit.AutoTests" name="[125] /home/travis/build/icyphy/ptII/ptolemy/domains/continuous/test/auto/SingleRefinement.xml (RunModel)" time="0.452" />
  <testcase classname="ptolemy.util.test.junit.AutoTests" name="[126] /home/travis/build/icyphy/ptII/ptolemy/domains/continuous/test/auto/SinuBouncingBall.xml (RunModel)" time="0.971" />
  <testcase classname="ptolemy.util.test.junit.AutoTests" name="[127] /home/travis/build/icyphy/ptII/ptolemy/domains/continuous/test/auto/Sinusoid.xml (RunModel)" time="0.02" />
  <testcase classname="ptolemy.util.test.junit.AutoTests" name="[128] /home/travis/build/icyphy/ptII/ptolemy/domains/continuous/test/auto/SinusoidInNoise.xml (RunModel)" time="0.938" />
  <testcase classname="ptolemy.util.test.junit.AutoTests" name="[129] /home/travis/build/icyphy/ptII/ptolemy/domains/continuous/test/auto/SinusoidRK45.xml (RunModel)" time="0.014" />
  <testcase classname="ptolemy.util.test.junit.AutoTests" name="[130] /home/travis/build/icyphy/ptII/ptolemy/domains/continuous/test/auto/SinusoidWithMultipleImpulses.xml (RunModel)" time="0.011" />
  <testcase classname="ptolemy.util.test.junit.AutoTests" name="[131] /home/travis/build/icyphy/ptII/ptolemy/domains/continuous/test/auto/SquareWave.xml (RunModel)" time="0.169" />
  <testcase classname="ptolemy.util.test.junit.AutoTests" name="[132] /home/travis/build/icyphy/ptII/ptolemy/domains/continuous/test/auto/Starmac.xml (RunModel)" time="3.369" />
  <testcase classname="ptolemy.util.test.junit.AutoTests" name="[133] /home/travis/build/icyphy/ptII/ptolemy/domains/continuous/test/auto/StaticUnits.xml (RunModel)" time="2.468" />
  <testcase classname="ptolemy.util.test.junit.AutoTests" name="[134] /home/travis/build/icyphy/ptII/ptolemy/domains/continuous/test/auto/StickyMasses.xml (RunModel)" time="0.177" />
  <testcase classname="ptolemy.util.test.junit.AutoTests" name="[135] /home/travis/build/icyphy/ptII/ptolemy/domains/continuous/test/auto/StopTime.xml (RunModel)" time="0.072" />
  <testcase classname="ptolemy.util.test.junit.AutoTests" name="[136] /home/travis/build/icyphy/ptII/ptolemy/domains/continuous/test/auto/StopTime2.xml (RunModel)" time="0.054" />
  <testcase classname="ptolemy.util.test.junit.AutoTests" name="[137] /home/travis/build/icyphy/ptII/ptolemy/domains/continuous/test/auto/Switch.xml (RunModel)" time="0.06" />
  <testcase classname="ptolemy.util.test.junit.AutoTests" name="[138] /home/travis/build/icyphy/ptII/ptolemy/domains/continuous/test/auto/Thermostat.xml (RunModel)" time="0.216" />
  <testcase classname="ptolemy.util.test.junit.AutoTests" name="[139] /home/travis/build/icyphy/ptII/ptolemy/domains/continuous/test/auto/TimeDelay.xml (RunModel)" time="0.014" />
  <testcase classname="ptolemy.util.test.junit.AutoTests" name="[140] /home/travis/build/icyphy/ptII/ptolemy/domains/continuous/test/auto/TimeDelay2.xml (RunModel)" time="0.023" />
  <testcase classname="ptolemy.util.test.junit.AutoTests" name="[141] /home/travis/build/icyphy/ptII/ptolemy/domains/continuous/test/auto/TimeDelay3.xml (RunModel)" time="0.013" />
  <testcase classname="ptolemy.util.test.junit.AutoTests" name="[142] /home/travis/build/icyphy/ptII/ptolemy/domains/continuous/test/auto/TransferAbsentToInside.xml (RunModel)" time="0.106" />
  <testcase classname="ptolemy.util.test.junit.AutoTests" name="[143] /home/travis/build/icyphy/ptII/ptolemy/domains/continuous/test/auto/Transmission.xml (RunModel)" time="0.838" />
  <testcase classname="ptolemy.util.test.junit.AutoTests" name="[144] /home/travis/build/icyphy/ptII/ptolemy/domains/continuous/test/auto/TriggeredContinuousClock.xml (RunModel)" time="0.062" />
  <testcase classname="ptolemy.util.test.junit.AutoTests" name="[145] /home/travis/build/icyphy/ptII/ptolemy/domains/continuous/test/auto/TwoMachineInfiniteBusControl.xml (RunModel)" time="2.647" />
  <testcase classname="ptolemy.util.test.junit.AutoTests" name="[146] /home/travis/build/icyphy/ptII/ptolemy/domains/continuous/test/auto/V2V.xml (RunModel)" time="0.875" />
  <testcase classname="ptolemy.util.test.junit.AutoTests" name="[147] /home/travis/build/icyphy/ptII/ptolemy/domains/continuous/test/auto/hierarchicalModalModel.xml (RunModel)" time="0.038" />
  <testcase classname="ptolemy.util.test.junit.AutoTests" name="[148] /home/travis/build/icyphy/ptII/ptolemy/domains/continuous/test/auto/hierarchicalModalModel1.xml (RunModel)" time="0.032" />
  <testcase classname="ptolemy.util.test.junit.AutoTests" name="[149] /home/travis/build/icyphy/ptII/ptolemy/domains/continuous/test/auto/hierarchicalModalModel2.xml (RunModel)" time="0.029" />
  <testcase classname="ptolemy.util.test.junit.AutoTests" name="[150] /home/travis/build/icyphy/ptII/ptolemy/domains/continuous/test/auto/hierarchicalModalModel3.xml (RunModel)" time="0.024" />
  <testcase classname="ptolemy.util.test.junit.AutoTests" name="[151] /home/travis/build/icyphy/ptII/ptolemy/domains/continuous/test/auto/hierarchicalModalModel4.xml (RunModel)" time="0.025" />
  <testcase classname="ptolemy.util.test.junit.AutoTests" name="[152] /home/travis/build/icyphy/ptII/ptolemy/domains/continuous/test/auto/junk.xml (RunModel)" time="0.127" />
  <system-out><![CDATA[No tcl tests in /home/travis/build/icyphy/ptII/ptolemy/domains/continuous/test
No auto/knownFailedTests/*.xml tests in /home/travis/build/icyphy/ptII/ptolemy/domains/continuous/test
No auto/linux-amd64/*.xml tests in /home/travis/build/icyphy/ptII/ptolemy/domains/continuous/test
AutoTests.java: About to close Vertx.
AutoTests.java: Vertx closed.

===========================================================================================
----------------- testing Mon Jun 22 14:44:01 UTC 2020 /home/travis/build/icyphy/ptII/ptolemy/domains/continuous/test/auto/BouncingBall.xml
----------------- Instantiating /home/travis/build/icyphy/ptII/ptolemy/domains/continuous/test/auto/BouncingBall.xml
2349 ms. Memory: 129024K Free: 57211K (44%)
----------------- Invoking toplevel() on ptolemy.moml.MoMLSimpleApplication@3f74f88a
----------------- Done invoking toplevel() on ptolemy.moml.MoMLSimpleApplication@3f74f88a
reloadAllAccessors: .BouncingBall

===========================================================================================
----------------- testing Mon Jun 22 14:44:04 UTC 2020 /home/travis/build/icyphy/ptII/ptolemy/domains/continuous/test/auto/BouncingBallWithoutGR.xml
----------------- Instantiating /home/travis/build/icyphy/ptII/ptolemy/domains/continuous/test/auto/BouncingBallWithoutGR.xml
867 ms. Memory: 159744K Free: 77562K (49%)
----------------- Invoking toplevel() on ptolemy.moml.MoMLSimpleApplication@27c27777
----------------- Done invoking toplevel() on ptolemy.moml.MoMLSimpleApplication@27c27777
reloadAllAccessors: .BouncingBallWithoutGR

===========================================================================================
----------------- testing Mon Jun 22 14:44:05 UTC 2020 /home/travis/build/icyphy/ptII/ptolemy/domains/continuous/test/auto/Brownian.xml
----------------- Instantiating /home/travis/build/icyphy/ptII/ptolemy/domains/continuous/test/auto/Brownian.xml
29 ms. Memory: 159744K Free: 68856K (43%)
----------------- Invoking toplevel() on ptolemy.moml.MoMLSimpleApplication@3c2cf2be
----------------- Done invoking toplevel() on ptolemy.moml.MoMLSimpleApplication@3c2cf2be
reloadAllAccessors: .Brownian

===========================================================================================
----------------- testing Mon Jun 22 14:44:05 UTC 2020 /home/travis/build/icyphy/ptII/ptolemy/domains/continuous/test/auto/CarTracking.xml
----------------- Instantiating /home/travis/build/icyphy/ptII/ptolemy/domains/continuous/test/auto/CarTracking.xml
3276 ms. Memory: 192512K Free: 78702K (41%)
----------------- Invoking toplevel() on ptolemy.moml.MoMLSimpleApplication@675cd1a1
----------------- Done invoking toplevel() on ptolemy.moml.MoMLSimpleApplication@675cd1a1
reloadAllAccessors: .CarTracking

===========================================================================================
----------------- testing Mon Jun 22 14:44:08 UTC 2020 /home/travis/build/icyphy/ptII/ptolemy/domains/continuous/test/auto/CartPendulum.xml
----------------- Instantiating /home/travis/build/icyphy/ptII/ptolemy/domains/continuous/test/auto/CartPendulum.xml
392 ms. Memory: 231424K Free: 138603K (60%)
----------------- Invoking toplevel() on ptolemy.moml.MoMLSimpleApplication@7e534e48
----------------- Done invoking toplevel() on ptolemy.moml.MoMLSimpleApplication@7e534e48
reloadAllAccessors: .CartPendulum

===========================================================================================
----------------- testing Mon Jun 22 14:44:09 UTC 2020 /home/travis/build/icyphy/ptII/ptolemy/domains/continuous/test/auto/CausalityInterface10.xml
----------------- Instantiating /home/travis/build/icyphy/ptII/ptolemy/domains/continuous/test/auto/CausalityInterface10.xml
12 ms. Memory: 231424K Free: 128363K (55%)
----------------- Invoking toplevel() on ptolemy.moml.MoMLSimpleApplication@37589e7a
----------------- Done invoking toplevel() on ptolemy.moml.MoMLSimpleApplication@37589e7a
reloadAllAccessors: .CausalityInterface10

===========================================================================================
----------------- testing Mon Jun 22 14:44:09 UTC 2020 /home/travis/build/icyphy/ptII/ptolemy/domains/continuous/test/auto/CausalityInterface11.xml
----------------- Instantiating /home/travis/build/icyphy/ptII/ptolemy/domains/continuous/test/auto/CausalityInterface11.xml
8 ms. Memory: 231424K Free: 122219K (53%)
----------------- Invoking toplevel() on ptolemy.moml.MoMLSimpleApplication@5a5038fd
----------------- Done invoking toplevel() on ptolemy.moml.MoMLSimpleApplication@5a5038fd
reloadAllAccessors: .CausalityInterface11

===========================================================================================
----------------- testing Mon Jun 22 14:44:09 UTC 2020 /home/travis/build/icyphy/ptII/ptolemy/domains/continuous/test/auto/CausalityInterface12.xml
----------------- Instantiating /home/travis/build/icyphy/ptII/ptolemy/domains/continuous/test/auto/CausalityInterface12.xml
13 ms. Memory: 231424K Free: 116075K (50%)
----------------- Invoking toplevel() on ptolemy.moml.MoMLSimpleApplication@77b78468
----------------- Done invoking toplevel() on ptolemy.moml.MoMLSimpleApplication@77b78468
reloadAllAccessors: .CausalityInterface12

===========================================================================================
----------------- testing Mon Jun 22 14:44:09 UTC 2020 /home/travis/build/icyphy/ptII/ptolemy/domains/continuous/test/auto/CausalityInterface13.xml
----------------- Instantiating /home/travis/build/icyphy/ptII/ptolemy/domains/continuous/test/auto/CausalityInterface13.xml
4 ms. Memory: 231424K Free: 109931K (48%)
----------------- Invoking toplevel() on ptolemy.moml.MoMLSimpleApplication@4ae329fd
----------------- Done invoking toplevel() on ptolemy.moml.MoMLSimpleApplication@4ae329fd
reloadAllAccessors: .CausalityInterface13

===========================================================================================
----------------- testing Mon Jun 22 14:44:09 UTC 2020 /home/travis/build/icyphy/ptII/ptolemy/domains/continuous/test/auto/CausalityInterface14.xml
----------------- Instantiating /home/travis/build/icyphy/ptII/ptolemy/domains/continuous/test/auto/CausalityInterface14.xml
6 ms. Memory: 231424K Free: 104283K (45%)
----------------- Invoking toplevel() on ptolemy.moml.MoMLSimpleApplication@54d476ca
----------------- Done invoking toplevel() on ptolemy.moml.MoMLSimpleApplication@54d476ca
reloadAllAccessors: .CausalityInterface14

===========================================================================================
----------------- testing Mon Jun 22 14:44:09 UTC 2020 /home/travis/build/icyphy/ptII/ptolemy/domains/continuous/test/auto/CausalityInterface4.xml
----------------- Instantiating /home/travis/build/icyphy/ptII/ptolemy/domains/continuous/test/auto/CausalityInterface4.xml
5 ms. Memory: 231424K Free: 97115K (42%)
----------------- Invoking toplevel() on ptolemy.moml.MoMLSimpleApplication@44286b76
----------------- Done invoking toplevel() on ptolemy.moml.MoMLSimpleApplication@44286b76
reloadAllAccessors: .CausalityInterface4

===========================================================================================
----------------- testing Mon Jun 22 14:44:09 UTC 2020 /home/travis/build/icyphy/ptII/ptolemy/domains/continuous/test/auto/CausalityInterface5.xml
----------------- Instantiating /home/travis/build/icyphy/ptII/ptolemy/domains/continuous/test/auto/CausalityInterface5.xml
4 ms. Memory: 231424K Free: 88937K (38%)
----------------- Invoking toplevel() on ptolemy.moml.MoMLSimpleApplication@1dfafa64
----------------- Done invoking toplevel() on ptolemy.moml.MoMLSimpleApplication@1dfafa64
reloadAllAccessors: .CausalityInterface5

===========================================================================================
----------------- testing Mon Jun 22 14:44:09 UTC 2020 /home/travis/build/icyphy/ptII/ptolemy/domains/continuous/test/auto/CausalityInterface6.xml
----------------- Instantiating /home/travis/build/icyphy/ptII/ptolemy/domains/continuous/test/auto/CausalityInterface6.xml
4 ms. Memory: 231424K Free: 83803K (36%)
----------------- Invoking toplevel() on ptolemy.moml.MoMLSimpleApplication@6aba0b09
----------------- Done invoking toplevel() on ptolemy.moml.MoMLSimpleApplication@6aba0b09
reloadAllAccessors: .CausalityInterface6

===========================================================================================
----------------- testing Mon Jun 22 14:44:09 UTC 2020 /home/travis/build/icyphy/ptII/ptolemy/domains/continuous/test/auto/CausalityInterface7.xml
----------------- Instantiating /home/travis/build/icyphy/ptII/ptolemy/domains/continuous/test/auto/CausalityInterface7.xml
9 ms. Memory: 231424K Free: 212620K (92%)
----------------- Invoking toplevel() on ptolemy.moml.MoMLSimpleApplication@7e61be93
----------------- Done invoking toplevel() on ptolemy.moml.MoMLSimpleApplication@7e61be93
reloadAllAccessors: .CausalityInterface7

===========================================================================================
----------------- testing Mon Jun 22 14:44:09 UTC 2020 /home/travis/build/icyphy/ptII/ptolemy/domains/continuous/test/auto/CausalityInterface8.xml
----------------- Instantiating /home/travis/build/icyphy/ptII/ptolemy/domains/continuous/test/auto/CausalityInterface8.xml
6 ms. Memory: 231424K Free: 203404K (88%)
----------------- Invoking toplevel() on ptolemy.moml.MoMLSimpleApplication@30cd3e79
----------------- Done invoking toplevel() on ptolemy.moml.MoMLSimpleApplication@30cd3e79
reloadAllAccessors: .CausalityInterface8

===========================================================================================
----------------- testing Mon Jun 22 14:44:09 UTC 2020 /home/travis/build/icyphy/ptII/ptolemy/domains/continuous/test/auto/CausalityInterface9.xml
----------------- Instantiating /home/travis/build/icyphy/ptII/ptolemy/domains/continuous/test/auto/CausalityInterface9.xml
8 ms. Memory: 231424K Free: 192650K (83%)
----------------- Invoking toplevel() on ptolemy.moml.MoMLSimpleApplication@64b0aed1
----------------- Done invoking toplevel() on ptolemy.moml.MoMLSimpleApplication@64b0aed1
reloadAllAccessors: .CausalityInterface9

===========================================================================================
----------------- testing Mon Jun 22 14:44:09 UTC 2020 /home/travis/build/icyphy/ptII/ptolemy/domains/continuous/test/auto/CausalityInterfaceFeedback1.xml
----------------- Instantiating /home/travis/build/icyphy/ptII/ptolemy/domains/continuous/test/auto/CausalityInterfaceFeedback1.xml
7 ms. Memory: 231424K Free: 185996K (80%)
----------------- Invoking toplevel() on ptolemy.moml.MoMLSimpleApplication@4c75cfb0
----------------- Done invoking toplevel() on ptolemy.moml.MoMLSimpleApplication@4c75cfb0
reloadAllAccessors: .CausalityInterfaceFeedback1

===========================================================================================
----------------- testing Mon Jun 22 14:44:09 UTC 2020 /home/travis/build/icyphy/ptII/ptolemy/domains/continuous/test/auto/CausalityInterfaceFeedback2.xml
----------------- Instantiating /home/travis/build/icyphy/ptII/ptolemy/domains/continuous/test/auto/CausalityInterfaceFeedback2.xml
4 ms. Memory: 231424K Free: 179338K (77%)
----------------- Invoking toplevel() on ptolemy.moml.MoMLSimpleApplication@5aabc107
----------------- Done invoking toplevel() on ptolemy.moml.MoMLSimpleApplication@5aabc107
reloadAllAccessors: .CausalityInterfaceFeedback2

===========================================================================================
----------------- testing Mon Jun 22 14:44:09 UTC 2020 /home/travis/build/icyphy/ptII/ptolemy/domains/continuous/test/auto/CompareWithCurrentTime.xml
----------------- Instantiating /home/travis/build/icyphy/ptII/ptolemy/domains/continuous/test/auto/CompareWithCurrentTime.xml
3 ms. Memory: 231424K Free: 175242K (76%)
----------------- Invoking toplevel() on ptolemy.moml.MoMLSimpleApplication@61243242
----------------- Done invoking toplevel() on ptolemy.moml.MoMLSimpleApplication@61243242
reloadAllAccessors: .CompareWithCurrentTime

===========================================================================================
----------------- testing Mon Jun 22 14:44:09 UTC 2020 /home/travis/build/icyphy/ptII/ptolemy/domains/continuous/test/auto/ComparedClocks.xml
----------------- Instantiating /home/travis/build/icyphy/ptII/ptolemy/domains/continuous/test/auto/ComparedClocks.xml
7 ms. Memory: 231424K Free: 159868K (69%)
----------------- Invoking toplevel() on ptolemy.moml.MoMLSimpleApplication@3690b88f
----------------- Done invoking toplevel() on ptolemy.moml.MoMLSimpleApplication@3690b88f
reloadAllAccessors: .ComparedClocks

===========================================================================================
----------------- testing Mon Jun 22 14:44:09 UTC 2020 /home/travis/build/icyphy/ptII/ptolemy/domains/continuous/test/auto/ContinuousAOCClone.xml
----------------- Instantiating /home/travis/build/icyphy/ptII/ptolemy/domains/continuous/test/auto/ContinuousAOCClone.xml
2245 ms. Memory: 231424K Free: 177930K (77%)
----------------- Invoking toplevel() on ptolemy.moml.MoMLSimpleApplication@3b0bb209
----------------- Done invoking toplevel() on ptolemy.moml.MoMLSimpleApplication@3b0bb209
reloadAllAccessors: .ContinuousAOCClone

===========================================================================================
----------------- testing Mon Jun 22 14:44:12 UTC 2020 /home/travis/build/icyphy/ptII/ptolemy/domains/continuous/test/auto/ContinuousClock.xml
----------------- Instantiating /home/travis/build/icyphy/ptII/ptolemy/domains/continuous/test/auto/ContinuousClock.xml
25 ms. Memory: 231424K Free: 155930K (67%)
----------------- Invoking toplevel() on ptolemy.moml.MoMLSimpleApplication@6fd815ad
----------------- Done invoking toplevel() on ptolemy.moml.MoMLSimpleApplication@6fd815ad
reloadAllAccessors: .ContinuousClock

===========================================================================================
----------------- testing Mon Jun 22 14:44:12 UTC 2020 /home/travis/build/icyphy/ptII/ptolemy/domains/continuous/test/auto/ContinuousInContinuous.xml
----------------- Instantiating /home/travis/build/icyphy/ptII/ptolemy/domains/continuous/test/auto/ContinuousInContinuous.xml
43 ms. Memory: 231424K Free: 132378K (57%)
----------------- Invoking toplevel() on ptolemy.moml.MoMLSimpleApplication@478747de
----------------- Done invoking toplevel() on ptolemy.moml.MoMLSimpleApplication@478747de
reloadAllAccessors: .ContinuousInContinuous

===========================================================================================
----------------- testing Mon Jun 22 14:44:12 UTC 2020 /home/travis/build/icyphy/ptII/ptolemy/domains/continuous/test/auto/ContinuousInContinuousInContinuous.xml
----------------- Instantiating /home/travis/build/icyphy/ptII/ptolemy/domains/continuous/test/auto/ContinuousInContinuousInContinuous.xml
8 ms. Memory: 231424K Free: 124696K (54%)
----------------- Invoking toplevel() on ptolemy.moml.MoMLSimpleApplication@4902c39c
----------------- Done invoking toplevel() on ptolemy.moml.MoMLSimpleApplication@4902c39c
reloadAllAccessors: .ContinuousInContinuousInContinuous

===========================================================================================
----------------- testing Mon Jun 22 14:44:12 UTC 2020 /home/travis/build/icyphy/ptII/ptolemy/domains/continuous/test/auto/ContinuousInDE.xml
----------------- Instantiating /home/travis/build/icyphy/ptII/ptolemy/domains/continuous/test/auto/ContinuousInDE.xml
95 ms. Memory: 231424K Free: 114456K (49%)
----------------- Invoking toplevel() on ptolemy.moml.MoMLSimpleApplication@7b5e8339
----------------- Done invoking toplevel() on ptolemy.moml.MoMLSimpleApplication@7b5e8339
reloadAllAccessors: .ContinuousInDE

===========================================================================================
----------------- testing Mon Jun 22 14:44:12 UTC 2020 /home/travis/build/icyphy/ptII/ptolemy/domains/continuous/test/auto/ContinuousInDE2.xml
----------------- Instantiating /home/travis/build/icyphy/ptII/ptolemy/domains/continuous/test/auto/ContinuousInDE2.xml
31 ms. Memory: 231424K Free: 104730K (45%)
----------------- Invoking toplevel() on ptolemy.moml.MoMLSimpleApplication@2bd7c829
----------------- Done invoking toplevel() on ptolemy.moml.MoMLSimpleApplication@2bd7c829
reloadAllAccessors: .ContinuousInDE2

===========================================================================================
----------------- testing Mon Jun 22 14:44:12 UTC 2020 /home/travis/build/icyphy/ptII/ptolemy/domains/continuous/test/auto/ContinuousInDE3.xml
----------------- Instantiating /home/travis/build/icyphy/ptII/ptolemy/domains/continuous/test/auto/ContinuousInDE3.xml
27 ms. Memory: 231424K Free: 95000K (41%)
----------------- Invoking toplevel() on ptolemy.moml.MoMLSimpleApplication@3aa52a64
----------------- Done invoking toplevel() on ptolemy.moml.MoMLSimpleApplication@3aa52a64
reloadAllAccessors: .ContinuousInDE3

===========================================================================================
----------------- testing Mon Jun 22 14:44:12 UTC 2020 /home/travis/build/icyphy/ptII/ptolemy/domains/continuous/test/auto/ContinuousInDE4.xml
----------------- Instantiating /home/travis/build/icyphy/ptII/ptolemy/domains/continuous/test/auto/ContinuousInDE4.xml
11 ms. Memory: 231424K Free: 88856K (38%)
----------------- Invoking toplevel() on ptolemy.moml.MoMLSimpleApplication@5694b23f
----------------- Done invoking toplevel() on ptolemy.moml.MoMLSimpleApplication@5694b23f
reloadAllAccessors: .ContinuousInDE4

===========================================================================================
----------------- testing Mon Jun 22 14:44:12 UTC 2020 /home/travis/build/icyphy/ptII/ptolemy/domains/continuous/test/auto/ContinuousInDEDifferentRefinements.xml
----------------- Instantiating /home/travis/build/icyphy/ptII/ptolemy/domains/continuous/test/auto/ContinuousInDEDifferentRefinements.xml
67 ms. Memory: 278528K Free: 241837K (87%)
----------------- Invoking toplevel() on ptolemy.moml.MoMLSimpleApplication@8e04c41
----------------- Done invoking toplevel() on ptolemy.moml.MoMLSimpleApplication@8e04c41
reloadAllAccessors: .ContinuousInDEDifferentRefinements

===========================================================================================
----------------- testing Mon Jun 22 14:44:12 UTC 2020 /home/travis/build/icyphy/ptII/ptolemy/domains/continuous/test/auto/ContinuousInDEDifferentRefinementsPreemptive.xml
----------------- Instantiating /home/travis/build/icyphy/ptII/ptolemy/domains/continuous/test/auto/ContinuousInDEDifferentRefinementsPreemptive.xml
49 ms. Memory: 278528K Free: 211093K (76%)
----------------- Invoking toplevel() on ptolemy.moml.MoMLSimpleApplication@3996993e
----------------- Done invoking toplevel() on ptolemy.moml.MoMLSimpleApplication@3996993e
reloadAllAccessors: .ContinuousInDEDifferentRefinementsPreemptive

===========================================================================================
----------------- testing Mon Jun 22 14:44:13 UTC 2020 /home/travis/build/icyphy/ptII/ptolemy/domains/continuous/test/auto/ContinuousInDEInContinuous2.xml
----------------- Instantiating /home/travis/build/icyphy/ptII/ptolemy/domains/continuous/test/auto/ContinuousInDEInContinuous2.xml
36 ms. Memory: 278528K Free: 199859K (72%)
----------------- Invoking toplevel() on ptolemy.moml.MoMLSimpleApplication@1b3bbf63
----------------- Done invoking toplevel() on ptolemy.moml.MoMLSimpleApplication@1b3bbf63
reloadAllAccessors: .ContinuousInDEInContinuous2

===========================================================================================
----------------- testing Mon Jun 22 14:44:13 UTC 2020 /home/travis/build/icyphy/ptII/ptolemy/domains/continuous/test/auto/ContinuousInDEInContinuous3.xml
----------------- Instantiating /home/travis/build/icyphy/ptII/ptolemy/domains/continuous/test/auto/ContinuousInDEInContinuous3.xml
34 ms. Memory: 278528K Free: 187571K (67%)
----------------- Invoking toplevel() on ptolemy.moml.MoMLSimpleApplication@272dbb36
----------------- Done invoking toplevel() on ptolemy.moml.MoMLSimpleApplication@272dbb36
reloadAllAccessors: .ContinuousInDEInContinuous3

===========================================================================================
----------------- testing Mon Jun 22 14:44:13 UTC 2020 /home/travis/build/icyphy/ptII/ptolemy/domains/continuous/test/auto/ContinuousInDEInput.xml
----------------- Instantiating /home/travis/build/icyphy/ptII/ptolemy/domains/continuous/test/auto/ContinuousInDEInput.xml
13 ms. Memory: 278528K Free: 180403K (65%)
----------------- Invoking toplevel() on ptolemy.moml.MoMLSimpleApplication@182aade3
----------------- Done invoking toplevel() on ptolemy.moml.MoMLSimpleApplication@182aade3
reloadAllAccessors: .ContinuousInDEInput

===========================================================================================
----------------- testing Mon Jun 22 14:44:13 UTC 2020 /home/travis/build/icyphy/ptII/ptolemy/domains/continuous/test/auto/ContinuousInDEInput2.xml
----------------- Instantiating /home/travis/build/icyphy/ptII/ptolemy/domains/continuous/test/auto/ContinuousInDEInput2.xml
14 ms. Memory: 278528K Free: 173235K (62%)
----------------- Invoking toplevel() on ptolemy.moml.MoMLSimpleApplication@4245559c
----------------- Done invoking toplevel() on ptolemy.moml.MoMLSimpleApplication@4245559c
reloadAllAccessors: .ContinuousInDEInput2

===========================================================================================
----------------- testing Mon Jun 22 14:44:13 UTC 2020 /home/travis/build/icyphy/ptII/ptolemy/domains/continuous/test/auto/ContinuousInDEInput3.xml
----------------- Instantiating /home/travis/build/icyphy/ptII/ptolemy/domains/continuous/test/auto/ContinuousInDEInput3.xml
10 ms. Memory: 278528K Free: 166067K (60%)
----------------- Invoking toplevel() on ptolemy.moml.MoMLSimpleApplication@6e8b4ea3
----------------- Done invoking toplevel() on ptolemy.moml.MoMLSimpleApplication@6e8b4ea3
reloadAllAccessors: .ContinuousInDEInput3

===========================================================================================
----------------- testing Mon Jun 22 14:44:13 UTC 2020 /home/travis/build/icyphy/ptII/ptolemy/domains/continuous/test/auto/ContinuousInDESharingRefinement.xml
----------------- Instantiating /home/travis/build/icyphy/ptII/ptolemy/domains/continuous/test/auto/ContinuousInDESharingRefinement.xml
145 ms. Memory: 278528K Free: 237428K (85%)
----------------- Invoking toplevel() on ptolemy.moml.MoMLSimpleApplication@151de35c
----------------- Done invoking toplevel() on ptolemy.moml.MoMLSimpleApplication@151de35c
reloadAllAccessors: .ContinuousInDESharingRefinement

===========================================================================================
----------------- testing Mon Jun 22 14:44:13 UTC 2020 /home/travis/build/icyphy/ptII/ptolemy/domains/continuous/test/auto/ContinuousInDEwithNoPorts.xml
----------------- Instantiating /home/travis/build/icyphy/ptII/ptolemy/domains/continuous/test/auto/ContinuousInDEwithNoPorts.xml
7 ms. Memory: 278528K Free: 232836K (84%)
----------------- Invoking toplevel() on ptolemy.moml.MoMLSimpleApplication@46239704
----------------- Done invoking toplevel() on ptolemy.moml.MoMLSimpleApplication@46239704
reloadAllAccessors: .ContinuousInDEwithNoPorts

===========================================================================================
----------------- testing Mon Jun 22 14:44:13 UTC 2020 /home/travis/build/icyphy/ptII/ptolemy/domains/continuous/test/auto/ContinuousInsideDE.xml
----------------- Instantiating /home/travis/build/icyphy/ptII/ptolemy/domains/continuous/test/auto/ContinuousInsideDE.xml
32 ms. Memory: 278528K Free: 221572K (80%)
----------------- Invoking toplevel() on ptolemy.moml.MoMLSimpleApplication@37effaec
----------------- Done invoking toplevel() on ptolemy.moml.MoMLSimpleApplication@37effaec
reloadAllAccessors: .ContinuousInsideDE

===========================================================================================
----------------- testing Mon Jun 22 14:44:13 UTC 2020 /home/travis/build/icyphy/ptII/ptolemy/domains/continuous/test/auto/ContinuousMerge1.xml
----------------- Instantiating /home/travis/build/icyphy/ptII/ptolemy/domains/continuous/test/auto/ContinuousMerge1.xml
2 ms. Memory: 278528K Free: 216962K (78%)
----------------- Invoking toplevel() on ptolemy.moml.MoMLSimpleApplication@49f08e41
----------------- Done invoking toplevel() on ptolemy.moml.MoMLSimpleApplication@49f08e41
reloadAllAccessors: .ContinuousMerge1

===========================================================================================
----------------- testing Mon Jun 22 14:44:13 UTC 2020 /home/travis/build/icyphy/ptII/ptolemy/domains/continuous/test/auto/ContinuousMerge2.xml
----------------- Instantiating /home/travis/build/icyphy/ptII/ptolemy/domains/continuous/test/auto/ContinuousMerge2.xml
11 ms. Memory: 278528K Free: 206722K (74%)
----------------- Invoking toplevel() on ptolemy.moml.MoMLSimpleApplication@6aecff46
----------------- Done invoking toplevel() on ptolemy.moml.MoMLSimpleApplication@6aecff46
reloadAllAccessors: .ContinuousMerge2

===========================================================================================
----------------- testing Mon Jun 22 14:44:13 UTC 2020 /home/travis/build/icyphy/ptII/ptolemy/domains/continuous/test/auto/ContinuousMerge3.xml
----------------- Instantiating /home/travis/build/icyphy/ptII/ptolemy/domains/continuous/test/auto/ContinuousMerge3.xml
45 ms. Memory: 278528K Free: 195972K (70%)
----------------- Invoking toplevel() on ptolemy.moml.MoMLSimpleApplication@494ea875
----------------- Done invoking toplevel() on ptolemy.moml.MoMLSimpleApplication@494ea875
reloadAllAccessors: .ContinuousMerge3

===========================================================================================
----------------- testing Mon Jun 22 14:44:13 UTC 2020 /home/travis/build/icyphy/ptII/ptolemy/domains/continuous/test/auto/ContinuousWithinContinuous.xml
----------------- Instantiating /home/travis/build/icyphy/ptII/ptolemy/domains/continuous/test/auto/ContinuousWithinContinuous.xml
28 ms. Memory: 278528K Free: 186756K (67%)
----------------- Invoking toplevel() on ptolemy.moml.MoMLSimpleApplication@4959a319
----------------- Done invoking toplevel() on ptolemy.moml.MoMLSimpleApplication@4959a319
reloadAllAccessors: .ContinuousWithinContinuous

===========================================================================================
----------------- testing Mon Jun 22 14:44:13 UTC 2020 /home/travis/build/icyphy/ptII/ptolemy/domains/continuous/test/auto/ContinuousWithinContinuous2.xml
----------------- Instantiating /home/travis/build/icyphy/ptII/ptolemy/domains/continuous/test/auto/ContinuousWithinContinuous2.xml
52 ms. Memory: 278528K Free: 175492K (63%)
----------------- Invoking toplevel() on ptolemy.moml.MoMLSimpleApplication@28ea75a9
----------------- Done invoking toplevel() on ptolemy.moml.MoMLSimpleApplication@28ea75a9
reloadAllAccessors: .ContinuousWithinContinuous2

===========================================================================================
----------------- testing Mon Jun 22 14:44:13 UTC 2020 /home/travis/build/icyphy/ptII/ptolemy/domains/continuous/test/auto/ContinuousWithinContinuous3.xml
----------------- Instantiating /home/travis/build/icyphy/ptII/ptolemy/domains/continuous/test/auto/ContinuousWithinContinuous3.xml
11 ms. Memory: 278528K Free: 168834K (61%)
----------------- Invoking toplevel() on ptolemy.moml.MoMLSimpleApplication@597599d7
----------------- Done invoking toplevel() on ptolemy.moml.MoMLSimpleApplication@597599d7
reloadAllAccessors: .ContinuousWithinContinuous3

===========================================================================================
----------------- testing Mon Jun 22 14:44:13 UTC 2020 /home/travis/build/icyphy/ptII/ptolemy/domains/continuous/test/auto/ContinuousWithinContinuous4.xml
----------------- Instantiating /home/travis/build/icyphy/ptII/ptolemy/domains/continuous/test/auto/ContinuousWithinContinuous4.xml
57 ms. Memory: 278528K Free: 156546K (56%)
----------------- Invoking toplevel() on ptolemy.moml.MoMLSimpleApplication@28c7a01c
----------------- Done invoking toplevel() on ptolemy.moml.MoMLSimpleApplication@28c7a01c
reloadAllAccessors: .ContinuousWithinContinuous4

===========================================================================================
----------------- testing Mon Jun 22 14:44:13 UTC 2020 /home/travis/build/icyphy/ptII/ptolemy/domains/continuous/test/auto/ContinuousWithinContinuous5.xml
----------------- Instantiating /home/travis/build/icyphy/ptII/ptolemy/domains/continuous/test/auto/ContinuousWithinContinuous5.xml
11 ms. Memory: 278528K Free: 149378K (54%)
----------------- Invoking toplevel() on ptolemy.moml.MoMLSimpleApplication@738af1aa
----------------- Done invoking toplevel() on ptolemy.moml.MoMLSimpleApplication@738af1aa
reloadAllAccessors: .ContinuousWithinContinuous5

===========================================================================================
----------------- testing Mon Jun 22 14:44:13 UTC 2020 /home/travis/build/icyphy/ptII/ptolemy/domains/continuous/test/auto/ContinuousWithinContinuous6.xml
----------------- Instantiating /home/travis/build/icyphy/ptII/ptolemy/domains/continuous/test/auto/ContinuousWithinContinuous6.xml
10 ms. Memory: 278528K Free: 142210K (51%)
----------------- Invoking toplevel() on ptolemy.moml.MoMLSimpleApplication@5f6d7ba5
----------------- Done invoking toplevel() on ptolemy.moml.MoMLSimpleApplication@5f6d7ba5
reloadAllAccessors: .ContinuousWithinContinuous6

===========================================================================================
----------------- testing Mon Jun 22 14:44:14 UTC 2020 /home/travis/build/icyphy/ptII/ptolemy/domains/continuous/test/auto/ContinuousWithinContinuous7.xml
----------------- Instantiating /home/travis/build/icyphy/ptII/ptolemy/domains/continuous/test/auto/ContinuousWithinContinuous7.xml
45 ms. Memory: 278528K Free: 130946K (47%)
----------------- Invoking toplevel() on ptolemy.moml.MoMLSimpleApplication@14a77d16
----------------- Done invoking toplevel() on ptolemy.moml.MoMLSimpleApplication@14a77d16
reloadAllAccessors: .ContinuousWithinContinuous7

===========================================================================================
----------------- testing Mon Jun 22 14:44:14 UTC 2020 /home/travis/build/icyphy/ptII/ptolemy/domains/continuous/test/auto/DCMotor.xml
----------------- Instantiating /home/travis/build/icyphy/ptII/ptolemy/domains/continuous/test/auto/DCMotor.xml
14131 ms. Memory: 278528K Free: 156547K (56%)
----------------- Invoking toplevel() on ptolemy.moml.MoMLSimpleApplication@151b505
----------------- Done invoking toplevel() on ptolemy.moml.MoMLSimpleApplication@151b505
reloadAllAccessors: .DCMotor

===========================================================================================
----------------- testing Mon Jun 22 14:44:28 UTC 2020 /home/travis/build/icyphy/ptII/ptolemy/domains/continuous/test/auto/DEInContinuous.xml
----------------- Instantiating /home/travis/build/icyphy/ptII/ptolemy/domains/continuous/test/auto/DEInContinuous.xml
24 ms. Memory: 278528K Free: 150403K (54%)
----------------- Invoking toplevel() on ptolemy.moml.MoMLSimpleApplication@2182a7fb
----------------- Done invoking toplevel() on ptolemy.moml.MoMLSimpleApplication@2182a7fb
reloadAllAccessors: .DEInContinuous

===========================================================================================
----------------- testing Mon Jun 22 14:44:28 UTC 2020 /home/travis/build/icyphy/ptII/ptolemy/domains/continuous/test/auto/DEinContinuous2.xml
----------------- Instantiating /home/travis/build/icyphy/ptII/ptolemy/domains/continuous/test/auto/DEinContinuous2.xml
8 ms. Memory: 278528K Free: 142211K (51%)
----------------- Invoking toplevel() on ptolemy.moml.MoMLSimpleApplication@5995b1f1
----------------- Done invoking toplevel() on ptolemy.moml.MoMLSimpleApplication@5995b1f1
reloadAllAccessors: .DEinContinuous2

===========================================================================================
----------------- testing Mon Jun 22 14:44:28 UTC 2020 /home/travis/build/icyphy/ptII/ptolemy/domains/continuous/test/auto/Derivative.xml
----------------- Instantiating /home/travis/build/icyphy/ptII/ptolemy/domains/continuous/test/auto/Derivative.xml
134 ms. Memory: 278528K Free: 113025K (41%)
----------------- Invoking toplevel() on ptolemy.moml.MoMLSimpleApplication@54ac95a3
----------------- Done invoking toplevel() on ptolemy.moml.MoMLSimpleApplication@54ac95a3
reloadAllAccessors: .Derivative2

===========================================================================================
----------------- testing Mon Jun 22 14:44:28 UTC 2020 /home/travis/build/icyphy/ptII/ptolemy/domains/continuous/test/auto/Derivative1.xml
----------------- Instantiating /home/travis/build/icyphy/ptII/ptolemy/domains/continuous/test/auto/Derivative1.xml
28 ms. Memory: 278528K Free: 98689K (35%)
----------------- Invoking toplevel() on ptolemy.moml.MoMLSimpleApplication@6a09b6b1
----------------- Done invoking toplevel() on ptolemy.moml.MoMLSimpleApplication@6a09b6b1
reloadAllAccessors: .Derivative1

===========================================================================================
----------------- testing Mon Jun 22 14:44:28 UTC 2020 /home/travis/build/icyphy/ptII/ptolemy/domains/continuous/test/auto/DiscreteClock.xml
----------------- Instantiating /home/travis/build/icyphy/ptII/ptolemy/domains/continuous/test/auto/DiscreteClock.xml
5 ms. Memory: 278528K Free: 258676K (93%)
----------------- Invoking toplevel() on ptolemy.moml.MoMLSimpleApplication@5f46e6e8
----------------- Done invoking toplevel() on ptolemy.moml.MoMLSimpleApplication@5f46e6e8
reloadAllAccessors: .DiscreteClock

===========================================================================================
----------------- testing Mon Jun 22 14:44:28 UTC 2020 /home/travis/build/icyphy/ptII/ptolemy/domains/continuous/test/auto/EfficiencyCurve.xml
----------------- Instantiating /home/travis/build/icyphy/ptII/ptolemy/domains/continuous/test/auto/EfficiencyCurve.xml
57 ms. Memory: 278528K Free: 249970K (90%)
----------------- Invoking toplevel() on ptolemy.moml.MoMLSimpleApplication@7030fe3a
----------------- Done invoking toplevel() on ptolemy.moml.MoMLSimpleApplication@7030fe3a
reloadAllAccessors: .EfficiencyCurve

===========================================================================================
----------------- testing Mon Jun 22 14:44:28 UTC 2020 /home/travis/build/icyphy/ptII/ptolemy/domains/continuous/test/auto/ExponentialResponse.xml
----------------- Instantiating /home/travis/build/icyphy/ptII/ptolemy/domains/continuous/test/auto/ExponentialResponse.xml
105 ms. Memory: 278528K Free: 233586K (84%)
----------------- Invoking toplevel() on ptolemy.moml.MoMLSimpleApplication@516345fd
----------------- Done invoking toplevel() on ptolemy.moml.MoMLSimpleApplication@516345fd
reloadAllAccessors: .ExponentialResponse

===========================================================================================
----------------- testing Mon Jun 22 14:44:28 UTC 2020 /home/travis/build/icyphy/ptII/ptolemy/domains/continuous/test/auto/ExponentialResponseRK45.xml
----------------- Instantiating /home/travis/build/icyphy/ptII/ptolemy/domains/continuous/test/auto/ExponentialResponseRK45.xml
22 ms. Memory: 278528K Free: 226932K (81%)
----------------- Invoking toplevel() on ptolemy.moml.MoMLSimpleApplication@1f6c0943
----------------- Done invoking toplevel() on ptolemy.moml.MoMLSimpleApplication@1f6c0943
reloadAllAccessors: .ExponentialResponseRK45

===========================================================================================
----------------- testing Mon Jun 22 14:44:28 UTC 2020 /home/travis/build/icyphy/ptII/ptolemy/domains/continuous/test/auto/Friction.xml
----------------- Instantiating /home/travis/build/icyphy/ptII/ptolemy/domains/continuous/test/auto/Friction.xml
1500 ms. Memory: 278528K Free: 127724K (46%)
----------------- Invoking toplevel() on ptolemy.moml.MoMLSimpleApplication@57b8c0cb
----------------- Done invoking toplevel() on ptolemy.moml.MoMLSimpleApplication@57b8c0cb
reloadAllAccessors: .Friction

===========================================================================================
----------------- testing Mon Jun 22 14:44:30 UTC 2020 /home/travis/build/icyphy/ptII/ptolemy/domains/continuous/test/auto/FurutaPendulum.xml
----------------- Instantiating /home/travis/build/icyphy/ptII/ptolemy/domains/continuous/test/auto/FurutaPendulum.xml
2978 ms. Memory: 278528K Free: 113499K (41%)
----------------- Invoking toplevel() on ptolemy.moml.MoMLSimpleApplication@681ed0f7
----------------- Done invoking toplevel() on ptolemy.moml.MoMLSimpleApplication@681ed0f7
reloadAllAccessors: .FurutaPendulum

===========================================================================================
----------------- testing Mon Jun 22 14:44:33 UTC 2020 /home/travis/build/icyphy/ptII/ptolemy/domains/continuous/test/auto/HierarchicalExecution.xml
----------------- Instantiating /home/travis/build/icyphy/ptII/ptolemy/domains/continuous/test/auto/HierarchicalExecution.xml
1608 ms. Memory: 278528K Free: 156908K (56%)
----------------- Invoking toplevel() on ptolemy.moml.MoMLSimpleApplication@684f0623
----------------- Done invoking toplevel() on ptolemy.moml.MoMLSimpleApplication@684f0623
reloadAllAccessors: .HierarchicalExecution

===========================================================================================
----------------- testing Mon Jun 22 14:44:35 UTC 2020 /home/travis/build/icyphy/ptII/ptolemy/domains/continuous/test/auto/HybridPlant.xml
----------------- Instantiating /home/travis/build/icyphy/ptII/ptolemy/domains/continuous/test/auto/HybridPlant.xml
492 ms. Memory: 278528K Free: 222575K (80%)
----------------- Invoking toplevel() on ptolemy.moml.MoMLSimpleApplication@750f61d3
----------------- Done invoking toplevel() on ptolemy.moml.MoMLSimpleApplication@750f61d3
reloadAllAccessors: .HybridPlant

===========================================================================================
----------------- testing Mon Jun 22 14:44:36 UTC 2020 /home/travis/build/icyphy/ptII/ptolemy/domains/continuous/test/auto/Hysteresis.xml
----------------- Instantiating /home/travis/build/icyphy/ptII/ptolemy/domains/continuous/test/auto/Hysteresis.xml
138 ms. Memory: 278528K Free: 159632K (57%)
----------------- Invoking toplevel() on ptolemy.moml.MoMLSimpleApplication@3c38fce
----------------- Done invoking toplevel() on ptolemy.moml.MoMLSimpleApplication@3c38fce
reloadAllAccessors: .Hysteresis

===========================================================================================
----------------- testing Mon Jun 22 14:44:36 UTC 2020 /home/travis/build/icyphy/ptII/ptolemy/domains/continuous/test/auto/HysteresisWithRandomDelay.xml
----------------- Instantiating /home/travis/build/icyphy/ptII/ptolemy/domains/continuous/test/auto/HysteresisWithRandomDelay.xml
182 ms. Memory: 278528K Free: 253487K (91%)
----------------- Invoking toplevel() on ptolemy.moml.MoMLSimpleApplication@2e73770
----------------- Done invoking toplevel() on ptolemy.moml.MoMLSimpleApplication@2e73770
reloadAllAccessors: .HysteresisWithRandomDelay

===========================================================================================
----------------- testing Mon Jun 22 14:44:36 UTC 2020 /home/travis/build/icyphy/ptII/ptolemy/domains/continuous/test/auto/HysteresisWithRandomLosses.xml
----------------- Instantiating /home/travis/build/icyphy/ptII/ptolemy/domains/continuous/test/auto/HysteresisWithRandomLosses.xml
2251 ms. Memory: 278528K Free: 159309K (57%)
----------------- Invoking toplevel() on ptolemy.moml.MoMLSimpleApplication@674e6bf0
----------------- Done invoking toplevel() on ptolemy.moml.MoMLSimpleApplication@674e6bf0
reloadAllAccessors: .HysteresisWithRandomLosses

===========================================================================================
----------------- testing Mon Jun 22 14:44:39 UTC 2020 /home/travis/build/icyphy/ptII/ptolemy/domains/continuous/test/auto/ImmediateTransitions.xml
----------------- Instantiating /home/travis/build/icyphy/ptII/ptolemy/domains/continuous/test/auto/ImmediateTransitions.xml
11 ms. Memory: 278528K Free: 148045K (53%)
----------------- Invoking toplevel() on ptolemy.moml.MoMLSimpleApplication@1e7bd469
----------------- Done invoking toplevel() on ptolemy.moml.MoMLSimpleApplication@1e7bd469
reloadAllAccessors: .ImmediateTransitions

===========================================================================================
----------------- testing Mon Jun 22 14:44:39 UTC 2020 /home/travis/build/icyphy/ptII/ptolemy/domains/continuous/test/auto/ImpulseFeedback.xml
----------------- Instantiating /home/travis/build/icyphy/ptII/ptolemy/domains/continuous/test/auto/ImpulseFeedback.xml
7 ms. Memory: 278528K Free: 142411K (51%)
----------------- Invoking toplevel() on ptolemy.moml.MoMLSimpleApplication@5ef5da0a
----------------- Done invoking toplevel() on ptolemy.moml.MoMLSimpleApplication@5ef5da0a
reloadAllAccessors: .ImpulseFeedback

===========================================================================================
----------------- testing Mon Jun 22 14:44:39 UTC 2020 /home/travis/build/icyphy/ptII/ptolemy/domains/continuous/test/auto/ImpulseFeedback2.xml
----------------- Instantiating /home/travis/build/icyphy/ptII/ptolemy/domains/continuous/test/auto/ImpulseFeedback2.xml
5 ms. Memory: 278528K Free: 136781K (49%)
----------------- Invoking toplevel() on ptolemy.moml.MoMLSimpleApplication@6bdccfe9
----------------- Done invoking toplevel() on ptolemy.moml.MoMLSimpleApplication@6bdccfe9
reloadAllAccessors: .ImpulseFeedback2

===========================================================================================
----------------- testing Mon Jun 22 14:44:39 UTC 2020 /home/travis/build/icyphy/ptII/ptolemy/domains/continuous/test/auto/IncreasingRatePoisson.xml
----------------- Instantiating /home/travis/build/icyphy/ptII/ptolemy/domains/continuous/test/auto/IncreasingRatePoisson.xml
688 ms. Memory: 278528K Free: 148721K (53%)
----------------- Invoking toplevel() on ptolemy.moml.MoMLSimpleApplication@6d0aa25b
----------------- Done invoking toplevel() on ptolemy.moml.MoMLSimpleApplication@6d0aa25b
reloadAllAccessors: .IncreasingRatePoisson

===========================================================================================
----------------- testing Mon Jun 22 14:44:39 UTC 2020 /home/travis/build/icyphy/ptII/ptolemy/domains/continuous/test/auto/InitialStateFeedback.xml
----------------- Instantiating /home/travis/build/icyphy/ptII/ptolemy/domains/continuous/test/auto/InitialStateFeedback.xml
5 ms. Memory: 278528K Free: 144111K (52%)
----------------- Invoking toplevel() on ptolemy.moml.MoMLSimpleApplication@7c7f5ca6
----------------- Done invoking toplevel() on ptolemy.moml.MoMLSimpleApplication@7c7f5ca6
reloadAllAccessors: .InitialStateFeedback

===========================================================================================
----------------- testing Mon Jun 22 14:44:39 UTC 2020 /home/travis/build/icyphy/ptII/ptolemy/domains/continuous/test/auto/Integration.xml
----------------- Instantiating /home/travis/build/icyphy/ptII/ptolemy/domains/continuous/test/auto/Integration.xml
3 ms. Memory: 278528K Free: 140015K (50%)
----------------- Invoking toplevel() on ptolemy.moml.MoMLSimpleApplication@42c6dd3a
----------------- Done invoking toplevel() on ptolemy.moml.MoMLSimpleApplication@42c6dd3a
reloadAllAccessors: .Integration

===========================================================================================
----------------- testing Mon Jun 22 14:44:39 UTC 2020 /home/travis/build/icyphy/ptII/ptolemy/domains/continuous/test/auto/Integration2.xml
----------------- Instantiating /home/travis/build/icyphy/ptII/ptolemy/domains/continuous/test/auto/Integration2.xml
69 ms. Memory: 278528K Free: 125679K (45%)
----------------- Invoking toplevel() on ptolemy.moml.MoMLSimpleApplication@3140c8cb
----------------- Done invoking toplevel() on ptolemy.moml.MoMLSimpleApplication@3140c8cb
reloadAllAccessors: .Integration2

===========================================================================================
----------------- testing Mon Jun 22 14:44:39 UTC 2020 /home/travis/build/icyphy/ptII/ptolemy/domains/continuous/test/auto/Integration3.xml
----------------- Instantiating /home/travis/build/icyphy/ptII/ptolemy/domains/continuous/test/auto/Integration3.xml
2 ms. Memory: 278528K Free: 121073K (43%)
----------------- Invoking toplevel() on ptolemy.moml.MoMLSimpleApplication@421d2255
----------------- Done invoking toplevel() on ptolemy.moml.MoMLSimpleApplication@421d2255
reloadAllAccessors: .Integration3

===========================================================================================
----------------- testing Mon Jun 22 14:44:39 UTC 2020 /home/travis/build/icyphy/ptII/ptolemy/domains/continuous/test/auto/Integration5.xml
----------------- Instantiating /home/travis/build/icyphy/ptII/ptolemy/domains/continuous/test/auto/Integration5.xml
2 ms. Memory: 278528K Free: 116463K (42%)
----------------- Invoking toplevel() on ptolemy.moml.MoMLSimpleApplication@615e7fea
----------------- Done invoking toplevel() on ptolemy.moml.MoMLSimpleApplication@615e7fea
reloadAllAccessors: .Integration5

===========================================================================================
----------------- testing Mon Jun 22 14:44:39 UTC 2020 /home/travis/build/icyphy/ptII/ptolemy/domains/continuous/test/auto/IntegratorImpulse.xml
----------------- Instantiating /home/travis/build/icyphy/ptII/ptolemy/domains/continuous/test/auto/IntegratorImpulse.xml
2 ms. Memory: 278528K Free: 112353K (40%)
----------------- Invoking toplevel() on ptolemy.moml.MoMLSimpleApplication@72f3bb79
----------------- Done invoking toplevel() on ptolemy.moml.MoMLSimpleApplication@72f3bb79
reloadAllAccessors: .IntegratorImpulse

===========================================================================================
----------------- testing Mon Jun 22 14:44:39 UTC 2020 /home/travis/build/icyphy/ptII/ptolemy/domains/continuous/test/auto/IntegratorImpulse2.xml
----------------- Instantiating /home/travis/build/icyphy/ptII/ptolemy/domains/continuous/test/auto/IntegratorImpulse2.xml
3 ms. Memory: 278528K Free: 107761K (39%)
----------------- Invoking toplevel() on ptolemy.moml.MoMLSimpleApplication@5bbbc9b1
----------------- Done invoking toplevel() on ptolemy.moml.MoMLSimpleApplication@5bbbc9b1
reloadAllAccessors: .IntegratorImpulse2

===========================================================================================
----------------- testing Mon Jun 22 14:44:39 UTC 2020 /home/travis/build/icyphy/ptII/ptolemy/domains/continuous/test/auto/LevelCrossing1.xml
----------------- Instantiating /home/travis/build/icyphy/ptII/ptolemy/domains/continuous/test/auto/LevelCrossing1.xml
2 ms. Memory: 278528K Free: 102641K (37%)
----------------- Invoking toplevel() on ptolemy.moml.MoMLSimpleApplication@2e5f7ae
----------------- Done invoking toplevel() on ptolemy.moml.MoMLSimpleApplication@2e5f7ae
reloadAllAccessors: .LevelCrossing1

===========================================================================================
----------------- testing Mon Jun 22 14:44:40 UTC 2020 /home/travis/build/icyphy/ptII/ptolemy/domains/continuous/test/auto/LevelCrossing2.xml
----------------- Instantiating /home/travis/build/icyphy/ptII/ptolemy/domains/continuous/test/auto/LevelCrossing2.xml
3 ms. Memory: 278528K Free: 97521K (35%)
----------------- Invoking toplevel() on ptolemy.moml.MoMLSimpleApplication@40185469
----------------- Done invoking toplevel() on ptolemy.moml.MoMLSimpleApplication@40185469
reloadAllAccessors: .LevelCrossing2

===========================================================================================
----------------- testing Mon Jun 22 14:44:40 UTC 2020 /home/travis/build/icyphy/ptII/ptolemy/domains/continuous/test/auto/LevelCrossing3.xml
----------------- Instantiating /home/travis/build/icyphy/ptII/ptolemy/domains/continuous/test/auto/LevelCrossing3.xml
3 ms. Memory: 278528K Free: 258329K (93%)
----------------- Invoking toplevel() on ptolemy.moml.MoMLSimpleApplication@393d8585
----------------- Done invoking toplevel() on ptolemy.moml.MoMLSimpleApplication@393d8585
reloadAllAccessors: .LevelCrossing3

===========================================================================================
----------------- testing Mon Jun 22 14:44:40 UTC 2020 /home/travis/build/icyphy/ptII/ptolemy/domains/continuous/test/auto/LevelCrossing4.xml
----------------- Instantiating /home/travis/build/icyphy/ptII/ptolemy/domains/continuous/test/auto/LevelCrossing4.xml
4 ms. Memory: 278528K Free: 253209K (91%)
----------------- Invoking toplevel() on ptolemy.moml.MoMLSimpleApplication@7b7c12e4
----------------- Done invoking toplevel() on ptolemy.moml.MoMLSimpleApplication@7b7c12e4
reloadAllAccessors: .LevelCrossing4

===========================================================================================
----------------- testing Mon Jun 22 14:44:40 UTC 2020 /home/travis/build/icyphy/ptII/ptolemy/domains/continuous/test/auto/LevelCrossing5.xml
----------------- Instantiating /home/travis/build/icyphy/ptII/ptolemy/domains/continuous/test/auto/LevelCrossing5.xml
3 ms. Memory: 278528K Free: 248089K (89%)
----------------- Invoking toplevel() on ptolemy.moml.MoMLSimpleApplication@51755b52
----------------- Done invoking toplevel() on ptolemy.moml.MoMLSimpleApplication@51755b52
reloadAllAccessors: .LevelCrossing5

===========================================================================================
[...]
----------------- Instantiating /home/travis/build/icyphy/ptII/ptolemy/domains/continuous/test/auto/SRinContinuous.xml
4 ms. Memory: 278528K Free: 107976K (39%)
----------------- Invoking toplevel() on ptolemy.moml.MoMLSimpleApplication@4d472e63
----------------- Done invoking toplevel() on ptolemy.moml.MoMLSimpleApplication@4d472e63
reloadAllAccessors: .SRinContinuous

===========================================================================================
----------------- testing Mon Jun 22 14:44:56 UTC 2020 /home/travis/build/icyphy/ptII/ptolemy/domains/continuous/test/auto/SampledClocks.xml
----------------- Instantiating /home/travis/build/icyphy/ptII/ptolemy/domains/continuous/test/auto/SampledClocks.xml
8 ms. Memory: 278528K Free: 261624K (94%)
----------------- Invoking toplevel() on ptolemy.moml.MoMLSimpleApplication@44e146fa
----------------- Done invoking toplevel() on ptolemy.moml.MoMLSimpleApplication@44e146fa
reloadAllAccessors: .SampledClocks

===========================================================================================
----------------- testing Mon Jun 22 14:44:56 UTC 2020 /home/travis/build/icyphy/ptII/ptolemy/domains/continuous/test/auto/Satellite.xml
----------------- Instantiating /home/travis/build/icyphy/ptII/ptolemy/domains/continuous/test/auto/Satellite.xml
886 ms. Memory: 278528K Free: 226941K (81%)
----------------- Invoking toplevel() on ptolemy.moml.MoMLSimpleApplication@6751f8af
----------------- Done invoking toplevel() on ptolemy.moml.MoMLSimpleApplication@6751f8af
reloadAllAccessors: .Satellite

===========================================================================================
----------------- testing Mon Jun 22 14:44:57 UTC 2020 /home/travis/build/icyphy/ptII/ptolemy/domains/continuous/test/auto/SigmaDelta.xml
----------------- Instantiating /home/travis/build/icyphy/ptII/ptolemy/domains/continuous/test/auto/SigmaDelta.xml
2091 ms. Memory: 278528K Free: 123519K (44%)
----------------- Invoking toplevel() on ptolemy.moml.MoMLSimpleApplication@70aabe3d
----------------- Done invoking toplevel() on ptolemy.moml.MoMLSimpleApplication@70aabe3d
reloadAllAccessors: .SigmaDelta

===========================================================================================
----------------- testing Mon Jun 22 14:44:59 UTC 2020 /home/travis/build/icyphy/ptII/ptolemy/domains/continuous/test/auto/SingleRefinement.xml
----------------- Instantiating /home/travis/build/icyphy/ptII/ptolemy/domains/continuous/test/auto/SingleRefinement.xml
332 ms. Memory: 278528K Free: 103157K (37%)
----------------- Invoking toplevel() on ptolemy.moml.MoMLSimpleApplication@36374d2c
----------------- Done invoking toplevel() on ptolemy.moml.MoMLSimpleApplication@36374d2c
reloadAllAccessors: .SingleRefinement

===========================================================================================
----------------- testing Mon Jun 22 14:44:59 UTC 2020 /home/travis/build/icyphy/ptII/ptolemy/domains/continuous/test/auto/SinuBouncingBall.xml
----------------- Instantiating /home/travis/build/icyphy/ptII/ptolemy/domains/continuous/test/auto/SinuBouncingBall.xml
892 ms. Memory: 278528K Free: 213452K (77%)
----------------- Invoking toplevel() on ptolemy.moml.MoMLSimpleApplication@795ab8d5
----------------- Done invoking toplevel() on ptolemy.moml.MoMLSimpleApplication@795ab8d5
reloadAllAccessors: .SinuBouncingBall

===========================================================================================
----------------- testing Mon Jun 22 14:45:00 UTC 2020 /home/travis/build/icyphy/ptII/ptolemy/domains/continuous/test/auto/Sinusoid.xml
----------------- Instantiating /home/travis/build/icyphy/ptII/ptolemy/domains/continuous/test/auto/Sinusoid.xml
5 ms. Memory: 278528K Free: 208812K (75%)
----------------- Invoking toplevel() on ptolemy.moml.MoMLSimpleApplication@110c1017
----------------- Done invoking toplevel() on ptolemy.moml.MoMLSimpleApplication@110c1017
reloadAllAccessors: .Sinusoid

===========================================================================================
----------------- testing Mon Jun 22 14:45:00 UTC 2020 /home/travis/build/icyphy/ptII/ptolemy/domains/continuous/test/auto/SinusoidInNoise.xml
----------------- Instantiating /home/travis/build/icyphy/ptII/ptolemy/domains/continuous/test/auto/SinusoidInNoise.xml
895 ms. Memory: 278528K Free: 232678K (84%)
----------------- Invoking toplevel() on ptolemy.moml.MoMLSimpleApplication@59d4843d
----------------- Done invoking toplevel() on ptolemy.moml.MoMLSimpleApplication@59d4843d
reloadAllAccessors: .SinusoidInNoise

===========================================================================================
----------------- testing Mon Jun 22 14:45:01 UTC 2020 /home/travis/build/icyphy/ptII/ptolemy/domains/continuous/test/auto/SinusoidRK45.xml
----------------- Instantiating /home/travis/build/icyphy/ptII/ptolemy/domains/continuous/test/auto/SinusoidRK45.xml
3 ms. Memory: 278528K Free: 228054K (82%)
----------------- Invoking toplevel() on ptolemy.moml.MoMLSimpleApplication@32f438b8
----------------- Done invoking toplevel() on ptolemy.moml.MoMLSimpleApplication@32f438b8
reloadAllAccessors: .SinusoidRK45

===========================================================================================
----------------- testing Mon Jun 22 14:45:01 UTC 2020 /home/travis/build/icyphy/ptII/ptolemy/domains/continuous/test/auto/SinusoidWithMultipleImpulses.xml
----------------- Instantiating /home/travis/build/icyphy/ptII/ptolemy/domains/continuous/test/auto/SinusoidWithMultipleImpulses.xml
3 ms. Memory: 278528K Free: 223462K (80%)
----------------- Invoking toplevel() on ptolemy.moml.MoMLSimpleApplication@3efdcc9c
----------------- Done invoking toplevel() on ptolemy.moml.MoMLSimpleApplication@3efdcc9c
reloadAllAccessors: .SinusoidWithMultipleImpulses

===========================================================================================
----------------- testing Mon Jun 22 14:45:01 UTC 2020 /home/travis/build/icyphy/ptII/ptolemy/domains/continuous/test/auto/SquareWave.xml
----------------- Instantiating /home/travis/build/icyphy/ptII/ptolemy/domains/continuous/test/auto/SquareWave.xml
139 ms. Memory: 278528K Free: 195814K (70%)
----------------- Invoking toplevel() on ptolemy.moml.MoMLSimpleApplication@3d3c5276
----------------- Done invoking toplevel() on ptolemy.moml.MoMLSimpleApplication@3d3c5276
reloadAllAccessors: .SquareWave

===========================================================================================
----------------- testing Mon Jun 22 14:45:01 UTC 2020 /home/travis/build/icyphy/ptII/ptolemy/domains/continuous/test/auto/Starmac.xml
----------------- Instantiating /home/travis/build/icyphy/ptII/ptolemy/domains/continuous/test/auto/Starmac.xml
3055 ms. Memory: 278528K Free: 208113K (75%)
----------------- Invoking toplevel() on ptolemy.moml.MoMLSimpleApplication@71c1bfa5
----------------- Done invoking toplevel() on ptolemy.moml.MoMLSimpleApplication@71c1bfa5
reloadAllAccessors: .Starmac

===========================================================================================
----------------- testing Mon Jun 22 14:45:05 UTC 2020 /home/travis/build/icyphy/ptII/ptolemy/domains/continuous/test/auto/StaticUnits.xml
----------------- Instantiating /home/travis/build/icyphy/ptII/ptolemy/domains/continuous/test/auto/StaticUnits.xml
1783 ms. Memory: 278528K Free: 229502K (82%)
----------------- Invoking toplevel() on ptolemy.moml.MoMLSimpleApplication@30264c5a
----------------- Done invoking toplevel() on ptolemy.moml.MoMLSimpleApplication@30264c5a
reloadAllAccessors: .StaticUnits

===========================================================================================
----------------- testing Mon Jun 22 14:45:07 UTC 2020 /home/travis/build/icyphy/ptII/ptolemy/domains/continuous/test/auto/StickyMasses.xml
----------------- Instantiating /home/travis/build/icyphy/ptII/ptolemy/domains/continuous/test/auto/StickyMasses.xml
130 ms. Memory: 278528K Free: 179326K (64%)
----------------- Invoking toplevel() on ptolemy.moml.MoMLSimpleApplication@2e80dce9
----------------- Done invoking toplevel() on ptolemy.moml.MoMLSimpleApplication@2e80dce9
reloadAllAccessors: .StickyMasses

===========================================================================================
----------------- testing Mon Jun 22 14:45:07 UTC 2020 /home/travis/build/icyphy/ptII/ptolemy/domains/continuous/test/auto/StopTime.xml
----------------- Instantiating /home/travis/build/icyphy/ptII/ptolemy/domains/continuous/test/auto/StopTime.xml
49 ms. Memory: 278528K Free: 154240K (55%)
----------------- Invoking toplevel() on ptolemy.moml.MoMLSimpleApplication@298c876a
----------------- Done invoking toplevel() on ptolemy.moml.MoMLSimpleApplication@298c876a
reloadAllAccessors: .StopTime

===========================================================================================
----------------- testing Mon Jun 22 14:45:08 UTC 2020 /home/travis/build/icyphy/ptII/ptolemy/domains/continuous/test/auto/StopTime2.xml
----------------- Instantiating /home/travis/build/icyphy/ptII/ptolemy/domains/continuous/test/auto/StopTime2.xml
34 ms. Memory: 278528K Free: 131712K (47%)
----------------- Invoking toplevel() on ptolemy.moml.MoMLSimpleApplication@2d2c47e2
----------------- Done invoking toplevel() on ptolemy.moml.MoMLSimpleApplication@2d2c47e2
reloadAllAccessors: .StopTime2

===========================================================================================
----------------- testing Mon Jun 22 14:45:08 UTC 2020 /home/travis/build/icyphy/ptII/ptolemy/domains/continuous/test/auto/Switch.xml
----------------- Instantiating /home/travis/build/icyphy/ptII/ptolemy/domains/continuous/test/auto/Switch.xml
38 ms. Memory: 278528K Free: 106608K (38%)
----------------- Invoking toplevel() on ptolemy.moml.MoMLSimpleApplication@321e0028
----------------- Done invoking toplevel() on ptolemy.moml.MoMLSimpleApplication@321e0028
reloadAllAccessors: .Switch

===========================================================================================
----------------- testing Mon Jun 22 14:45:08 UTC 2020 /home/travis/build/icyphy/ptII/ptolemy/domains/continuous/test/auto/Thermostat.xml
----------------- Instantiating /home/travis/build/icyphy/ptII/ptolemy/domains/continuous/test/auto/Thermostat.xml
192 ms. Memory: 278528K Free: 194859K (70%)
----------------- Invoking toplevel() on ptolemy.moml.MoMLSimpleApplication@1c381892
----------------- Done invoking toplevel() on ptolemy.moml.MoMLSimpleApplication@1c381892
reloadAllAccessors: .Thermostat

===========================================================================================
----------------- testing Mon Jun 22 14:45:08 UTC 2020 /home/travis/build/icyphy/ptII/ptolemy/domains/continuous/test/auto/TimeDelay.xml
----------------- Instantiating /home/travis/build/icyphy/ptII/ptolemy/domains/continuous/test/auto/TimeDelay.xml
5 ms. Memory: 278528K Free: 190041K (68%)
----------------- Invoking toplevel() on ptolemy.moml.MoMLSimpleApplication@60e91e12
----------------- Done invoking toplevel() on ptolemy.moml.MoMLSimpleApplication@60e91e12
reloadAllAccessors: .TimeDelay

===========================================================================================
----------------- testing Mon Jun 22 14:45:08 UTC 2020 /home/travis/build/icyphy/ptII/ptolemy/domains/continuous/test/auto/TimeDelay2.xml
----------------- Instantiating /home/travis/build/icyphy/ptII/ptolemy/domains/continuous/test/auto/TimeDelay2.xml
6 ms. Memory: 278528K Free: 179832K (65%)
----------------- Invoking toplevel() on ptolemy.moml.MoMLSimpleApplication@74d99833
----------------- Done invoking toplevel() on ptolemy.moml.MoMLSimpleApplication@74d99833
reloadAllAccessors: .TimeDelay2

===========================================================================================
----------------- testing Mon Jun 22 14:45:08 UTC 2020 /home/travis/build/icyphy/ptII/ptolemy/domains/continuous/test/auto/TimeDelay3.xml
----------------- Instantiating /home/travis/build/icyphy/ptII/ptolemy/domains/continuous/test/auto/TimeDelay3.xml
4 ms. Memory: 278528K Free: 175224K (63%)
----------------- Invoking toplevel() on ptolemy.moml.MoMLSimpleApplication@161cf1a8
----------------- Done invoking toplevel() on ptolemy.moml.MoMLSimpleApplication@161cf1a8
reloadAllAccessors: .TimeDelay3

===========================================================================================
----------------- testing Mon Jun 22 14:45:08 UTC 2020 /home/travis/build/icyphy/ptII/ptolemy/domains/continuous/test/auto/TransferAbsentToInside.xml
----------------- Instantiating /home/travis/build/icyphy/ptII/ptolemy/domains/continuous/test/auto/TransferAbsentToInside.xml
29 ms. Memory: 278528K Free: 121978K (44%)
----------------- Invoking toplevel() on ptolemy.moml.MoMLSimpleApplication@5894c546
----------------- Done invoking toplevel() on ptolemy.moml.MoMLSimpleApplication@5894c546
reloadAllAccessors: .TransferAbsentToInside

===========================================================================================
----------------- testing Mon Jun 22 14:45:08 UTC 2020 /home/travis/build/icyphy/ptII/ptolemy/domains/continuous/test/auto/Transmission.xml
----------------- Instantiating /home/travis/build/icyphy/ptII/ptolemy/domains/continuous/test/auto/Transmission.xml
807 ms. Memory: 334848K Free: 298449K (89%)
----------------- Invoking toplevel() on ptolemy.moml.MoMLSimpleApplication@6c0d604a
----------------- Done invoking toplevel() on ptolemy.moml.MoMLSimpleApplication@6c0d604a
reloadAllAccessors: .Transmission

===========================================================================================
----------------- testing Mon Jun 22 14:45:09 UTC 2020 /home/travis/build/icyphy/ptII/ptolemy/domains/continuous/test/auto/TriggeredContinuousClock.xml
----------------- Instantiating /home/travis/build/icyphy/ptII/ptolemy/domains/continuous/test/auto/TriggeredContinuousClock.xml
34 ms. Memory: 334848K Free: 268753K (80%)
----------------- Invoking toplevel() on ptolemy.moml.MoMLSimpleApplication@73a209a2
----------------- Done invoking toplevel() on ptolemy.moml.MoMLSimpleApplication@73a209a2
reloadAllAccessors: .TriggeredContinuousClock

===========================================================================================
----------------- testing Mon Jun 22 14:45:09 UTC 2020 /home/travis/build/icyphy/ptII/ptolemy/domains/continuous/test/auto/TwoMachineInfiniteBusControl.xml
----------------- Instantiating /home/travis/build/icyphy/ptII/ptolemy/domains/continuous/test/auto/TwoMachineInfiniteBusControl.xml
2527 ms. Memory: 402432K Free: 335391K (83%)
----------------- Invoking toplevel() on ptolemy.moml.MoMLSimpleApplication@722a7c2f
----------------- Done invoking toplevel() on ptolemy.moml.MoMLSimpleApplication@722a7c2f
reloadAllAccessors: .TwoMachineInfiniteBusControl

===========================================================================================
----------------- testing Mon Jun 22 14:45:12 UTC 2020 /home/travis/build/icyphy/ptII/ptolemy/domains/continuous/test/auto/V2V.xml
----------------- Instantiating /home/travis/build/icyphy/ptII/ptolemy/domains/continuous/test/auto/V2V.xml
769 ms. Memory: 402432K Free: 379447K (94%)
----------------- Invoking toplevel() on ptolemy.moml.MoMLSimpleApplication@7cda2e0d
----------------- Done invoking toplevel() on ptolemy.moml.MoMLSimpleApplication@7cda2e0d
reloadAllAccessors: .V2V

===========================================================================================
----------------- testing Mon Jun 22 14:45:12 UTC 2020 /home/travis/build/icyphy/ptII/ptolemy/domains/continuous/test/auto/hierarchicalModalModel.xml
----------------- Instantiating /home/travis/build/icyphy/ptII/ptolemy/domains/continuous/test/auto/hierarchicalModalModel.xml
9 ms. Memory: 402432K Free: 365111K (91%)
----------------- Invoking toplevel() on ptolemy.moml.MoMLSimpleApplication@4955d229
----------------- Done invoking toplevel() on ptolemy.moml.MoMLSimpleApplication@4955d229
reloadAllAccessors: .hierarchicalModalModel

===========================================================================================
----------------- testing Mon Jun 22 14:45:12 UTC 2020 /home/travis/build/icyphy/ptII/ptolemy/domains/continuous/test/auto/hierarchicalModalModel1.xml
----------------- Instantiating /home/travis/build/icyphy/ptII/ptolemy/domains/continuous/test/auto/hierarchicalModalModel1.xml
12 ms. Memory: 402432K Free: 350775K (87%)
----------------- Invoking toplevel() on ptolemy.moml.MoMLSimpleApplication@27d3ee8d
----------------- Done invoking toplevel() on ptolemy.moml.MoMLSimpleApplication@27d3ee8d
reloadAllAccessors: .hierarchicalModalModel1

===========================================================================================
----------------- testing Mon Jun 22 14:45:13 UTC 2020 /home/travis/build/icyphy/ptII/ptolemy/domains/continuous/test/auto/hierarchicalModalModel2.xml
----------------- Instantiating /home/travis/build/icyphy/ptII/ptolemy/domains/continuous/test/auto/hierarchicalModalModel2.xml
8 ms. Memory: 402432K Free: 338457K (84%)
----------------- Invoking toplevel() on ptolemy.moml.MoMLSimpleApplication@4b240f3d
----------------- Done invoking toplevel() on ptolemy.moml.MoMLSimpleApplication@4b240f3d
reloadAllAccessors: .hierarchicalModalModel2

===========================================================================================
----------------- testing Mon Jun 22 14:45:13 UTC 2020 /home/travis/build/icyphy/ptII/ptolemy/domains/continuous/test/auto/hierarchicalModalModel3.xml
----------------- Instantiating /home/travis/build/icyphy/ptII/ptolemy/domains/continuous/test/auto/hierarchicalModalModel3.xml
6 ms. Memory: 402432K Free: 327737K (81%)
----------------- Invoking toplevel() on ptolemy.moml.MoMLSimpleApplication@24c1ceb3
----------------- Done invoking toplevel() on ptolemy.moml.MoMLSimpleApplication@24c1ceb3
reloadAllAccessors: .hierarchicalModalModel3

===========================================================================================
----------------- testing Mon Jun 22 14:45:13 UTC 2020 /home/travis/build/icyphy/ptII/ptolemy/domains/continuous/test/auto/hierarchicalModalModel4.xml
----------------- Instantiating /home/travis/build/icyphy/ptII/ptolemy/domains/continuous/test/auto/hierarchicalModalModel4.xml
6 ms. Memory: 402432K Free: 315959K (79%)
----------------- Invoking toplevel() on ptolemy.moml.MoMLSimpleApplication@4f52c4ac
----------------- Done invoking toplevel() on ptolemy.moml.MoMLSimpleApplication@4f52c4ac
reloadAllAccessors: .hierarchicalModalModel4

===========================================================================================
----------------- testing Mon Jun 22 14:45:13 UTC 2020 /home/travis/build/icyphy/ptII/ptolemy/domains/continuous/test/auto/junk.xml
----------------- Instantiating /home/travis/build/icyphy/ptII/ptolemy/domains/continuous/test/auto/junk.xml
112 ms. Memory: 402432K Free: 289849K (72%)
----------------- Invoking toplevel() on ptolemy.moml.MoMLSimpleApplication@2d5379a1
----------------- Done invoking toplevel() on ptolemy.moml.MoMLSimpleApplication@2d5379a1
reloadAllAccessors: .junk
AutoTests.java: About to close Vertx.
AutoTests.java: Vertx closed.
]]></system-out>
  <system-err><![CDATA[Warning: '.HysteresisWithRandomDelay.NonStrictTest' The test produced only 221 tokens, yet the correctValues parameter was expecting 222 tokens.
Warning: '.HysteresisWithRandomDelay.NonStrictTest2' The test produced only 220 tokens, yet the correctValues parameter was expecting 221 tokens.
Warning: '.HysteresisWithRandomDelay.NonStrictTest3' The test produced only 29 tokens, yet the correctValues parameter was expecting 30 tokens.
Warning: '.Poisson.NonStrictTest' The test produced only 373 tokens, yet the correctValues parameter was expecting 430 tokens.
]]></system-err>
</testsuite>
