<?xml version="1.0" encoding="UTF-8" ?>
<testsuite errors="0" failures="0" hostname="travis-job-971a1748-cd36-443e-b673-b45475653e7e" name="ptolemy.domains.continuous.test.junit.JUnitTclTest" skipped="0" tests="156" time="76.569" timestamp="2018-12-20T03:04:55">
  <properties>
[...]
</properties>
  <testcase classname="ptolemy.util.test.junit.TclTests" name="[0] ThereAreNoTclTests (RunTclFile)" time="0.002" />
  <testcase classname="ptolemy.util.test.junit.AutoKnownFailedTests" name="[0] ThereAreNoKnowFailedTests (RunModel)" time="0.002" />
  <testcase classname="ptolemy.util.test.junit.AutoNameArchTests" name="[0] ThereAreNoAutoArchTests (RunModel)" time="0.001" />
  <testcase classname="ptolemy.util.test.junit.AutoTests" name="[0] /home/travis/build/icyphy/ptII/ptolemy/domains/continuous/test/auto/BouncingBall.xml (RunModel)" time="2.867" />
  <testcase classname="ptolemy.util.test.junit.AutoTests" name="[1] /home/travis/build/icyphy/ptII/ptolemy/domains/continuous/test/auto/BouncingBallWithoutGR.xml (RunModel)" time="0.943" />
  <testcase classname="ptolemy.util.test.junit.AutoTests" name="[2] /home/travis/build/icyphy/ptII/ptolemy/domains/continuous/test/auto/Brownian.xml (RunModel)" time="0.148" />
  <testcase classname="ptolemy.util.test.junit.AutoTests" name="[3] /home/travis/build/icyphy/ptII/ptolemy/domains/continuous/test/auto/CarTracking.xml (RunModel)" time="3.798" />
  <testcase classname="ptolemy.util.test.junit.AutoTests" name="[4] /home/travis/build/icyphy/ptII/ptolemy/domains/continuous/test/auto/CartPendulum.xml (RunModel)" time="0.607" />
  <testcase classname="ptolemy.util.test.junit.AutoTests" name="[5] /home/travis/build/icyphy/ptII/ptolemy/domains/continuous/test/auto/CausalityInterface10.xml (RunModel)" time="0.052" />
  <testcase classname="ptolemy.util.test.junit.AutoTests" name="[6] /home/travis/build/icyphy/ptII/ptolemy/domains/continuous/test/auto/CausalityInterface11.xml (RunModel)" time="0.035" />
  <testcase classname="ptolemy.util.test.junit.AutoTests" name="[7] /home/travis/build/icyphy/ptII/ptolemy/domains/continuous/test/auto/CausalityInterface12.xml (RunModel)" time="0.052" />
  <testcase classname="ptolemy.util.test.junit.AutoTests" name="[8] /home/travis/build/icyphy/ptII/ptolemy/domains/continuous/test/auto/CausalityInterface13.xml (RunModel)" time="0.031" />
  <testcase classname="ptolemy.util.test.junit.AutoTests" name="[9] /home/travis/build/icyphy/ptII/ptolemy/domains/continuous/test/auto/CausalityInterface14.xml (RunModel)" time="0.031" />
  <testcase classname="ptolemy.util.test.junit.AutoTests" name="[10] /home/travis/build/icyphy/ptII/ptolemy/domains/continuous/test/auto/CausalityInterface4.xml (RunModel)" time="0.033" />
  <testcase classname="ptolemy.util.test.junit.AutoTests" name="[11] /home/travis/build/icyphy/ptII/ptolemy/domains/continuous/test/auto/CausalityInterface5.xml (RunModel)" time="0.037" />
  <testcase classname="ptolemy.util.test.junit.AutoTests" name="[12] /home/travis/build/icyphy/ptII/ptolemy/domains/continuous/test/auto/CausalityInterface6.xml (RunModel)" time="0.025" />
  <testcase classname="ptolemy.util.test.junit.AutoTests" name="[13] /home/travis/build/icyphy/ptII/ptolemy/domains/continuous/test/auto/CausalityInterface7.xml (RunModel)" time="0.048" />
  <testcase classname="ptolemy.util.test.junit.AutoTests" name="[14] /home/travis/build/icyphy/ptII/ptolemy/domains/continuous/test/auto/CausalityInterface8.xml (RunModel)" time="0.037" />
  <testcase classname="ptolemy.util.test.junit.AutoTests" name="[15] /home/travis/build/icyphy/ptII/ptolemy/domains/continuous/test/auto/CausalityInterface9.xml (RunModel)" time="0.05" />
  <testcase classname="ptolemy.util.test.junit.AutoTests" name="[16] /home/travis/build/icyphy/ptII/ptolemy/domains/continuous/test/auto/CausalityInterfaceFeedback1.xml (RunModel)" time="0.032" />
  <testcase classname="ptolemy.util.test.junit.AutoTests" name="[17] /home/travis/build/icyphy/ptII/ptolemy/domains/continuous/test/auto/CausalityInterfaceFeedback2.xml (RunModel)" time="0.041" />
  <testcase classname="ptolemy.util.test.junit.AutoTests" name="[18] /home/travis/build/icyphy/ptII/ptolemy/domains/continuous/test/auto/CompareWithCurrentTime.xml (RunModel)" time="0.027" />
  <testcase classname="ptolemy.util.test.junit.AutoTests" name="[19] /home/travis/build/icyphy/ptII/ptolemy/domains/continuous/test/auto/ComparedClocks.xml (RunModel)" time="0.085" />
  <testcase classname="ptolemy.util.test.junit.AutoTests" name="[20] /home/travis/build/icyphy/ptII/ptolemy/domains/continuous/test/auto/ContinuousAOCClone.xml (RunModel)" time="2.683" />
  <testcase classname="ptolemy.util.test.junit.AutoTests" name="[21] /home/travis/build/icyphy/ptII/ptolemy/domains/continuous/test/auto/ContinuousClock.xml (RunModel)" time="0.114" />
  <testcase classname="ptolemy.util.test.junit.AutoTests" name="[22] /home/travis/build/icyphy/ptII/ptolemy/domains/continuous/test/auto/ContinuousInContinuous.xml (RunModel)" time="0.098" />
  <testcase classname="ptolemy.util.test.junit.AutoTests" name="[23] /home/travis/build/icyphy/ptII/ptolemy/domains/continuous/test/auto/ContinuousInContinuousInContinuous.xml (RunModel)" time="0.043" />
  <testcase classname="ptolemy.util.test.junit.AutoTests" name="[24] /home/travis/build/icyphy/ptII/ptolemy/domains/continuous/test/auto/ContinuousInDE.xml (RunModel)" time="0.093" />
  <testcase classname="ptolemy.util.test.junit.AutoTests" name="[25] /home/travis/build/icyphy/ptII/ptolemy/domains/continuous/test/auto/ContinuousInDE2.xml (RunModel)" time="0.079" />
  <testcase classname="ptolemy.util.test.junit.AutoTests" name="[26] /home/travis/build/icyphy/ptII/ptolemy/domains/continuous/test/auto/ContinuousInDE3.xml (RunModel)" time="0.059" />
  <testcase classname="ptolemy.util.test.junit.AutoTests" name="[27] /home/travis/build/icyphy/ptII/ptolemy/domains/continuous/test/auto/ContinuousInDE4.xml (RunModel)" time="0.047" />
  <testcase classname="ptolemy.util.test.junit.AutoTests" name="[28] /home/travis/build/icyphy/ptII/ptolemy/domains/continuous/test/auto/ContinuousInDEDifferentRefinements.xml (RunModel)" time="0.113" />
  <testcase classname="ptolemy.util.test.junit.AutoTests" name="[29] /home/travis/build/icyphy/ptII/ptolemy/domains/continuous/test/auto/ContinuousInDEDifferentRefinementsPreemptive.xml (RunModel)" time="0.098" />
  <testcase classname="ptolemy.util.test.junit.AutoTests" name="[30] /home/travis/build/icyphy/ptII/ptolemy/domains/continuous/test/auto/ContinuousInDEInContinuous2.xml (RunModel)" time="0.076" />
  <testcase classname="ptolemy.util.test.junit.AutoTests" name="[31] /home/travis/build/icyphy/ptII/ptolemy/domains/continuous/test/auto/ContinuousInDEInContinuous3.xml (RunModel)" time="0.067" />
  <testcase classname="ptolemy.util.test.junit.AutoTests" name="[32] /home/travis/build/icyphy/ptII/ptolemy/domains/continuous/test/auto/ContinuousInDEInput.xml (RunModel)" time="0.044" />
  <testcase classname="ptolemy.util.test.junit.AutoTests" name="[33] /home/travis/build/icyphy/ptII/ptolemy/domains/continuous/test/auto/ContinuousInDEInput2.xml (RunModel)" time="0.035" />
  <testcase classname="ptolemy.util.test.junit.AutoTests" name="[34] /home/travis/build/icyphy/ptII/ptolemy/domains/continuous/test/auto/ContinuousInDEInput3.xml (RunModel)" time="0.031" />
  <testcase classname="ptolemy.util.test.junit.AutoTests" name="[35] /home/travis/build/icyphy/ptII/ptolemy/domains/continuous/test/auto/ContinuousInDESharingRefinement.xml (RunModel)" time="0.202" />
  <testcase classname="ptolemy.util.test.junit.AutoTests" name="[36] /home/travis/build/icyphy/ptII/ptolemy/domains/continuous/test/auto/ContinuousInDEwithNoPorts.xml (RunModel)" time="0.021" />
  <testcase classname="ptolemy.util.test.junit.AutoTests" name="[37] /home/travis/build/icyphy/ptII/ptolemy/domains/continuous/test/auto/ContinuousInsideDE.xml (RunModel)" time="0.085" />
  <testcase classname="ptolemy.util.test.junit.AutoTests" name="[38] /home/travis/build/icyphy/ptII/ptolemy/domains/continuous/test/auto/ContinuousMerge1.xml (RunModel)" time="0.017" />
  <testcase classname="ptolemy.util.test.junit.AutoTests" name="[39] /home/travis/build/icyphy/ptII/ptolemy/domains/continuous/test/auto/ContinuousMerge2.xml (RunModel)" time="0.039" />
  <testcase classname="ptolemy.util.test.junit.AutoTests" name="[40] /home/travis/build/icyphy/ptII/ptolemy/domains/continuous/test/auto/ContinuousMerge3.xml (RunModel)" time="0.061" />
  <testcase classname="ptolemy.util.test.junit.AutoTests" name="[41] /home/travis/build/icyphy/ptII/ptolemy/domains/continuous/test/auto/ContinuousWithinContinuous.xml (RunModel)" time="0.061" />
  <testcase classname="ptolemy.util.test.junit.AutoTests" name="[42] /home/travis/build/icyphy/ptII/ptolemy/domains/continuous/test/auto/ContinuousWithinContinuous2.xml (RunModel)" time="0.093" />
  <testcase classname="ptolemy.util.test.junit.AutoTests" name="[43] /home/travis/build/icyphy/ptII/ptolemy/domains/continuous/test/auto/ContinuousWithinContinuous3.xml (RunModel)" time="0.032" />
  <testcase classname="ptolemy.util.test.junit.AutoTests" name="[44] /home/travis/build/icyphy/ptII/ptolemy/domains/continuous/test/auto/ContinuousWithinContinuous4.xml (RunModel)" time="0.09" />
  <testcase classname="ptolemy.util.test.junit.AutoTests" name="[45] /home/travis/build/icyphy/ptII/ptolemy/domains/continuous/test/auto/ContinuousWithinContinuous5.xml (RunModel)" time="0.03" />
  <testcase classname="ptolemy.util.test.junit.AutoTests" name="[46] /home/travis/build/icyphy/ptII/ptolemy/domains/continuous/test/auto/ContinuousWithinContinuous6.xml (RunModel)" time="0.03" />
  <testcase classname="ptolemy.util.test.junit.AutoTests" name="[47] /home/travis/build/icyphy/ptII/ptolemy/domains/continuous/test/auto/ContinuousWithinContinuous7.xml (RunModel)" time="0.079" />
  <testcase classname="ptolemy.util.test.junit.AutoTests" name="[48] /home/travis/build/icyphy/ptII/ptolemy/domains/continuous/test/auto/DCMotor.xml (RunModel)" time="13.611" />
  <testcase classname="ptolemy.util.test.junit.AutoTests" name="[49] /home/travis/build/icyphy/ptII/ptolemy/domains/continuous/test/auto/DEInContinuous.xml (RunModel)" time="0.027" />
  <testcase classname="ptolemy.util.test.junit.AutoTests" name="[50] /home/travis/build/icyphy/ptII/ptolemy/domains/continuous/test/auto/DEinContinuous2.xml (RunModel)" time="0.064" />
  <testcase classname="ptolemy.util.test.junit.AutoTests" name="[51] /home/travis/build/icyphy/ptII/ptolemy/domains/continuous/test/auto/Derivative.xml (RunModel)" time="0.188" />
  <testcase classname="ptolemy.util.test.junit.AutoTests" name="[52] /home/travis/build/icyphy/ptII/ptolemy/domains/continuous/test/auto/Derivative1.xml (RunModel)" time="0.058" />
  <testcase classname="ptolemy.util.test.junit.AutoTests" name="[53] /home/travis/build/icyphy/ptII/ptolemy/domains/continuous/test/auto/DiscreteClock.xml (RunModel)" time="0.023" />
  <testcase classname="ptolemy.util.test.junit.AutoTests" name="[54] /home/travis/build/icyphy/ptII/ptolemy/domains/continuous/test/auto/EfficiencyCurve.xml (RunModel)" time="0.12" />
  <testcase classname="ptolemy.util.test.junit.AutoTests" name="[55] /home/travis/build/icyphy/ptII/ptolemy/domains/continuous/test/auto/ExponentialResponse.xml (RunModel)" time="0.12" />
  <testcase classname="ptolemy.util.test.junit.AutoTests" name="[56] /home/travis/build/icyphy/ptII/ptolemy/domains/continuous/test/auto/ExponentialResponseRK45.xml (RunModel)" time="0.038" />
  <testcase classname="ptolemy.util.test.junit.AutoTests" name="[57] /home/travis/build/icyphy/ptII/ptolemy/domains/continuous/test/auto/Friction.xml (RunModel)" time="1.409" />
  <testcase classname="ptolemy.util.test.junit.AutoTests" name="[58] /home/travis/build/icyphy/ptII/ptolemy/domains/continuous/test/auto/FurutaPendulum.xml (RunModel)" time="3.544" />
  <testcase classname="ptolemy.util.test.junit.AutoTests" name="[59] /home/travis/build/icyphy/ptII/ptolemy/domains/continuous/test/auto/HierarchicalExecution.xml (RunModel)" time="2.2" />
  <testcase classname="ptolemy.util.test.junit.AutoTests" name="[60] /home/travis/build/icyphy/ptII/ptolemy/domains/continuous/test/auto/HybridPlant.xml (RunModel)" time="0.526" />
  <testcase classname="ptolemy.util.test.junit.AutoTests" name="[61] /home/travis/build/icyphy/ptII/ptolemy/domains/continuous/test/auto/Hysteresis.xml (RunModel)" time="0.173" />
  <testcase classname="ptolemy.util.test.junit.AutoTests" name="[62] /home/travis/build/icyphy/ptII/ptolemy/domains/continuous/test/auto/HysteresisWithRandomDelay.xml (RunModel)" time="0.215" />
  <testcase classname="ptolemy.util.test.junit.AutoTests" name="[63] /home/travis/build/icyphy/ptII/ptolemy/domains/continuous/test/auto/HysteresisWithRandomLosses.xml (RunModel)" time="2.3" />
  <testcase classname="ptolemy.util.test.junit.AutoTests" name="[64] /home/travis/build/icyphy/ptII/ptolemy/domains/continuous/test/auto/ImmediateTransitions.xml (RunModel)" time="0.029" />
  <testcase classname="ptolemy.util.test.junit.AutoTests" name="[65] /home/travis/build/icyphy/ptII/ptolemy/domains/continuous/test/auto/ImpulseFeedback.xml (RunModel)" time="0.032" />
  <testcase classname="ptolemy.util.test.junit.AutoTests" name="[66] /home/travis/build/icyphy/ptII/ptolemy/domains/continuous/test/auto/ImpulseFeedback2.xml (RunModel)" time="0.02" />
  <testcase classname="ptolemy.util.test.junit.AutoTests" name="[67] /home/travis/build/icyphy/ptII/ptolemy/domains/continuous/test/auto/IncreasingRatePoisson.xml (RunModel)" time="0.724" />
  <testcase classname="ptolemy.util.test.junit.AutoTests" name="[68] /home/travis/build/icyphy/ptII/ptolemy/domains/continuous/test/auto/InitialStateFeedback.xml (RunModel)" time="0.023" />
  <testcase classname="ptolemy.util.test.junit.AutoTests" name="[69] /home/travis/build/icyphy/ptII/ptolemy/domains/continuous/test/auto/Integration.xml (RunModel)" time="0.01" />
  <testcase classname="ptolemy.util.test.junit.AutoTests" name="[70] /home/travis/build/icyphy/ptII/ptolemy/domains/continuous/test/auto/Integration2.xml (RunModel)" time="0.093" />
  <testcase classname="ptolemy.util.test.junit.AutoTests" name="[71] /home/travis/build/icyphy/ptII/ptolemy/domains/continuous/test/auto/Integration3.xml (RunModel)" time="0.014" />
  <testcase classname="ptolemy.util.test.junit.AutoTests" name="[72] /home/travis/build/icyphy/ptII/ptolemy/domains/continuous/test/auto/Integration5.xml (RunModel)" time="0.026" />
  <testcase classname="ptolemy.util.test.junit.AutoTests" name="[73] /home/travis/build/icyphy/ptII/ptolemy/domains/continuous/test/auto/IntegratorImpulse.xml (RunModel)" time="0.011" />
  <testcase classname="ptolemy.util.test.junit.AutoTests" name="[74] /home/travis/build/icyphy/ptII/ptolemy/domains/continuous/test/auto/IntegratorImpulse2.xml (RunModel)" time="0.011" />
  <testcase classname="ptolemy.util.test.junit.AutoTests" name="[75] /home/travis/build/icyphy/ptII/ptolemy/domains/continuous/test/auto/LevelCrossing1.xml (RunModel)" time="0.012" />
  <testcase classname="ptolemy.util.test.junit.AutoTests" name="[76] /home/travis/build/icyphy/ptII/ptolemy/domains/continuous/test/auto/LevelCrossing2.xml (RunModel)" time="0.012" />
  <testcase classname="ptolemy.util.test.junit.AutoTests" name="[77] /home/travis/build/icyphy/ptII/ptolemy/domains/continuous/test/auto/LevelCrossing3.xml (RunModel)" time="0.012" />
  <testcase classname="ptolemy.util.test.junit.AutoTests" name="[78] /home/travis/build/icyphy/ptII/ptolemy/domains/continuous/test/auto/LevelCrossing4.xml (RunModel)" time="0.013" />
  <testcase classname="ptolemy.util.test.junit.AutoTests" name="[79] /home/travis/build/icyphy/ptII/ptolemy/domains/continuous/test/auto/LevelCrossing5.xml (RunModel)" time="0.013" />
  <testcase classname="ptolemy.util.test.junit.AutoTests" name="[80] /home/travis/build/icyphy/ptII/ptolemy/domains/continuous/test/auto/LevelCrossing6.xml (RunModel)" time="0.013" />
  <testcase classname="ptolemy.util.test.junit.AutoTests" name="[81] /home/travis/build/icyphy/ptII/ptolemy/domains/continuous/test/auto/LevelCrossingDetector.xml (RunModel)" time="0.066" />
  <testcase classname="ptolemy.util.test.junit.AutoTests" name="[82] /home/travis/build/icyphy/ptII/ptolemy/domains/continuous/test/auto/LevelCrossingDetectorDetectingDirections.xml (RunModel)" time="0.078" />
  <testcase classname="ptolemy.util.test.junit.AutoTests" name="[83] /home/travis/build/icyphy/ptII/ptolemy/domains/continuous/test/auto/LevelCrossingDetectorDetectsGlitches.xml (RunModel)" time="0.062" />
  <testcase classname="ptolemy.util.test.junit.AutoTests" name="[84] /home/travis/build/icyphy/ptII/ptolemy/domains/continuous/test/auto/LevelCrossingNoInitialOuput.xml (RunModel)" time="0.011" />
  <testcase classname="ptolemy.util.test.junit.AutoTests" name="[85] /home/travis/build/icyphy/ptII/ptolemy/domains/continuous/test/auto/LinearStateSpaceExample.xml (RunModel)" time="0.036" />
  <testcase classname="ptolemy.util.test.junit.AutoTests" name="[86] /home/travis/build/icyphy/ptII/ptolemy/domains/continuous/test/auto/Lorenz.xml (RunModel)" time="4.48" />
  <testcase classname="ptolemy.util.test.junit.AutoTests" name="[87] /home/travis/build/icyphy/ptII/ptolemy/domains/continuous/test/auto/LorenzDifferentialSystem.xml (RunModel)" time="1.205" />
  <testcase classname="ptolemy.util.test.junit.AutoTests" name="[88] /home/travis/build/icyphy/ptII/ptolemy/domains/continuous/test/auto/LorenzDifferentialSystemWithInput.xml (RunModel)" time="1.633" />
  <testcase classname="ptolemy.util.test.junit.AutoTests" name="[89] /home/travis/build/icyphy/ptII/ptolemy/domains/continuous/test/auto/LorenzDifferentialSystemWithTime.xml (RunModel)" time="0.748" />
  <testcase classname="ptolemy.util.test.junit.AutoTests" name="[90] /home/travis/build/icyphy/ptII/ptolemy/domains/continuous/test/auto/Microsteps.xml (RunModel)" time="0.026" />
  <testcase classname="ptolemy.util.test.junit.AutoTests" name="[91] /home/travis/build/icyphy/ptII/ptolemy/domains/continuous/test/auto/Modal1.xml (RunModel)" time="0.034" />
  <testcase classname="ptolemy.util.test.junit.AutoTests" name="[92] /home/travis/build/icyphy/ptII/ptolemy/domains/continuous/test/auto/Modal2.xml (RunModel)" time="0.037" />
  <testcase classname="ptolemy.util.test.junit.AutoTests" name="[93] /home/travis/build/icyphy/ptII/ptolemy/domains/continuous/test/auto/ModalTransitionGuardWithReset.xml (RunModel)" time="0.026" />
  <testcase classname="ptolemy.util.test.junit.AutoTests" name="[94] /home/travis/build/icyphy/ptII/ptolemy/domains/continuous/test/auto/ModalTransitionGuardWithResetUsingPreemptiveTransition.xml (RunModel)" time="0.029" />
  <testcase classname="ptolemy.util.test.junit.AutoTests" name="[95] /home/travis/build/icyphy/ptII/ptolemy/domains/continuous/test/auto/ModalTransitionGuardWithResetUsingPreemptiveTransition2.xml (RunModel)" time="0.03" />
  <testcase classname="ptolemy.util.test.junit.AutoTests" name="[96] /home/travis/build/icyphy/ptII/ptolemy/domains/continuous/test/auto/ModalTransitionGuardWithResetUsingPreemptiveTransition3.xml (RunModel)" time="0.028" />
  <testcase classname="ptolemy.util.test.junit.AutoTests" name="[97] /home/travis/build/icyphy/ptII/ptolemy/domains/continuous/test/auto/NewtonsCradle.xml (RunModel)" time="0.838" />
  <testcase classname="ptolemy.util.test.junit.AutoTests" name="[98] /home/travis/build/icyphy/ptII/ptolemy/domains/continuous/test/auto/NewtonsCradleAnimated.xml (RunModel)" time="1.355" />
  <testcase classname="ptolemy.util.test.junit.AutoTests" name="[99] /home/travis/build/icyphy/ptII/ptolemy/domains/continuous/test/auto/NewtonsCradleComplicated.xml (RunModel)" time="0.969" />
  <testcase classname="ptolemy.util.test.junit.AutoTests" name="[100] /home/travis/build/icyphy/ptII/ptolemy/domains/continuous/test/auto/NewtonsCradleNondeterministic.xml (RunModel)" time="0.761" />
  <testcase classname="ptolemy.util.test.junit.AutoTests" name="[101] /home/travis/build/icyphy/ptII/ptolemy/domains/continuous/test/auto/NewtonsCradlePerfectlyInelastic1.xml (RunModel)" time="1.215" />
  <testcase classname="ptolemy.util.test.junit.AutoTests" name="[102] /home/travis/build/icyphy/ptII/ptolemy/domains/continuous/test/auto/Noise.xml (RunModel)" time="0.196" />
  <testcase classname="ptolemy.util.test.junit.AutoTests" name="[103] /home/travis/build/icyphy/ptII/ptolemy/domains/continuous/test/auto/NoiseSpectrum.xml (RunModel)" time="0.675" />
  <testcase classname="ptolemy.util.test.junit.AutoTests" name="[104] /home/travis/build/icyphy/ptII/ptolemy/domains/continuous/test/auto/ParameterizedNewtonsCradleAnimated.xml (RunModel)" time="0.353" />
  <testcase classname="ptolemy.util.test.junit.AutoTests" name="[105] /home/travis/build/icyphy/ptII/ptolemy/domains/continuous/test/auto/ParameterizedNewtonsCradleAnimatedNondeterministic.xml (RunModel)" time="1.194" />
  <testcase classname="ptolemy.util.test.junit.AutoTests" name="[106] /home/travis/build/icyphy/ptII/ptolemy/domains/continuous/test/auto/Pendulum3D.xml (RunModel)" time="0.185" />
  <testcase classname="ptolemy.util.test.junit.AutoTests" name="[107] /home/travis/build/icyphy/ptII/ptolemy/domains/continuous/test/auto/PeriodicSampler.xml (RunModel)" time="0.01" />
  <testcase classname="ptolemy.util.test.junit.AutoTests" name="[108] /home/travis/build/icyphy/ptII/ptolemy/domains/continuous/test/auto/PeriodicSampler1.xml (RunModel)" time="0.047" />
  <testcase classname="ptolemy.util.test.junit.AutoTests" name="[109] /home/travis/build/icyphy/ptII/ptolemy/domains/continuous/test/auto/PeriodicSampler2.xml (RunModel)" time="0.075" />
  <testcase classname="ptolemy.util.test.junit.AutoTests" name="[110] /home/travis/build/icyphy/ptII/ptolemy/domains/continuous/test/auto/Poisson.xml (RunModel)" time="0.421" />
  <testcase classname="ptolemy.util.test.junit.AutoTests" name="[111] /home/travis/build/icyphy/ptII/ptolemy/domains/continuous/test/auto/PoissonClock.xml (RunModel)" time="0.01" />
  <testcase classname="ptolemy.util.test.junit.AutoTests" name="[112] /home/travis/build/icyphy/ptII/ptolemy/domains/continuous/test/auto/PoissonClock2.xml (RunModel)" time="0.021" />
  <testcase classname="ptolemy.util.test.junit.AutoTests" name="[113] /home/travis/build/icyphy/ptII/ptolemy/domains/continuous/test/auto/PortParameterHierarchy.xml (RunModel)" time="0.017" />
  <testcase classname="ptolemy.util.test.junit.AutoTests" name="[114] /home/travis/build/icyphy/ptII/ptolemy/domains/continuous/test/auto/RandomHybridPlant.xml (RunModel)" time="0.523" />
  <testcase classname="ptolemy.util.test.junit.AutoTests" name="[115] /home/travis/build/icyphy/ptII/ptolemy/domains/continuous/test/auto/ResetTransitionWithStartTime1.xml (RunModel)" time="0.031" />
  <testcase classname="ptolemy.util.test.junit.AutoTests" name="[116] /home/travis/build/icyphy/ptII/ptolemy/domains/continuous/test/auto/ResetTransitionWithStartTime2.xml (RunModel)" time="0.039" />
  <testcase classname="ptolemy.util.test.junit.AutoTests" name="[117] /home/travis/build/icyphy/ptII/ptolemy/domains/continuous/test/auto/ResetTransitionWithStartTime3.xml (RunModel)" time="0.031" />
  <testcase classname="ptolemy.util.test.junit.AutoTests" name="[118] /home/travis/build/icyphy/ptII/ptolemy/domains/continuous/test/auto/ResetTransitionWithStartTime4.xml (RunModel)" time="0.023" />
  <testcase classname="ptolemy.util.test.junit.AutoTests" name="[119] /home/travis/build/icyphy/ptII/ptolemy/domains/continuous/test/auto/ResetTransitionWithStartTime5.xml (RunModel)" time="0.033" />
  <testcase classname="ptolemy.util.test.junit.AutoTests" name="[120] /home/travis/build/icyphy/ptII/ptolemy/domains/continuous/test/auto/ResetTransitionWithStartTime6.xml (RunModel)" time="0.034" />
  <testcase classname="ptolemy.util.test.junit.AutoTests" name="[121] /home/travis/build/icyphy/ptII/ptolemy/domains/continuous/test/auto/SRinContinuous.xml (RunModel)" time="0.025" />
  <testcase classname="ptolemy.util.test.junit.AutoTests" name="[122] /home/travis/build/icyphy/ptII/ptolemy/domains/continuous/test/auto/SampledClocks.xml (RunModel)" time="0.028" />
  <testcase classname="ptolemy.util.test.junit.AutoTests" name="[123] /home/travis/build/icyphy/ptII/ptolemy/domains/continuous/test/auto/Satellite.xml (RunModel)" time="0.967" />
  <testcase classname="ptolemy.util.test.junit.AutoTests" name="[124] /home/travis/build/icyphy/ptII/ptolemy/domains/continuous/test/auto/SigmaDelta.xml (RunModel)" time="2.653" />
  <testcase classname="ptolemy.util.test.junit.AutoTests" name="[125] /home/travis/build/icyphy/ptII/ptolemy/domains/continuous/test/auto/SingleRefinement.xml (RunModel)" time="0.413" />
  <testcase classname="ptolemy.util.test.junit.AutoTests" name="[126] /home/travis/build/icyphy/ptII/ptolemy/domains/continuous/test/auto/SinuBouncingBall.xml (RunModel)" time="0.881" />
  <testcase classname="ptolemy.util.test.junit.AutoTests" name="[127] /home/travis/build/icyphy/ptII/ptolemy/domains/continuous/test/auto/Sinusoid.xml (RunModel)" time="0.014" />
  <testcase classname="ptolemy.util.test.junit.AutoTests" name="[128] /home/travis/build/icyphy/ptII/ptolemy/domains/continuous/test/auto/SinusoidInNoise.xml (RunModel)" time="1.083" />
  <testcase classname="ptolemy.util.test.junit.AutoTests" name="[129] /home/travis/build/icyphy/ptII/ptolemy/domains/continuous/test/auto/SinusoidRK45.xml (RunModel)" time="0.01" />
  <testcase classname="ptolemy.util.test.junit.AutoTests" name="[130] /home/travis/build/icyphy/ptII/ptolemy/domains/continuous/test/auto/SinusoidWithMultipleImpulses.xml (RunModel)" time="0.011" />
  <testcase classname="ptolemy.util.test.junit.AutoTests" name="[131] /home/travis/build/icyphy/ptII/ptolemy/domains/continuous/test/auto/SquareWave.xml (RunModel)" time="0.232" />
  <testcase classname="ptolemy.util.test.junit.AutoTests" name="[132] /home/travis/build/icyphy/ptII/ptolemy/domains/continuous/test/auto/Starmac.xml (RunModel)" time="3.375" />
  <testcase classname="ptolemy.util.test.junit.AutoTests" name="[133] /home/travis/build/icyphy/ptII/ptolemy/domains/continuous/test/auto/StaticUnits.xml (RunModel)" time="3.121" />
  <testcase classname="ptolemy.util.test.junit.AutoTests" name="[134] /home/travis/build/icyphy/ptII/ptolemy/domains/continuous/test/auto/StickyMasses.xml (RunModel)" time="0.175" />
  <testcase classname="ptolemy.util.test.junit.AutoTests" name="[135] /home/travis/build/icyphy/ptII/ptolemy/domains/continuous/test/auto/StopTime.xml (RunModel)" time="0.057" />
  <testcase classname="ptolemy.util.test.junit.AutoTests" name="[136] /home/travis/build/icyphy/ptII/ptolemy/domains/continuous/test/auto/StopTime2.xml (RunModel)" time="0.051" />
  <testcase classname="ptolemy.util.test.junit.AutoTests" name="[137] /home/travis/build/icyphy/ptII/ptolemy/domains/continuous/test/auto/Switch.xml (RunModel)" time="0.067" />
  <testcase classname="ptolemy.util.test.junit.AutoTests" name="[138] /home/travis/build/icyphy/ptII/ptolemy/domains/continuous/test/auto/Thermostat.xml (RunModel)" time="0.205" />
  <testcase classname="ptolemy.util.test.junit.AutoTests" name="[139] /home/travis/build/icyphy/ptII/ptolemy/domains/continuous/test/auto/TimeDelay.xml (RunModel)" time="0.016" />
  <testcase classname="ptolemy.util.test.junit.AutoTests" name="[140] /home/travis/build/icyphy/ptII/ptolemy/domains/continuous/test/auto/TimeDelay2.xml (RunModel)" time="0.02" />
  <testcase classname="ptolemy.util.test.junit.AutoTests" name="[141] /home/travis/build/icyphy/ptII/ptolemy/domains/continuous/test/auto/TimeDelay3.xml (RunModel)" time="0.013" />
  <testcase classname="ptolemy.util.test.junit.AutoTests" name="[142] /home/travis/build/icyphy/ptII/ptolemy/domains/continuous/test/auto/TransferAbsentToInside.xml (RunModel)" time="0.109" />
  <testcase classname="ptolemy.util.test.junit.AutoTests" name="[143] /home/travis/build/icyphy/ptII/ptolemy/domains/continuous/test/auto/Transmission.xml (RunModel)" time="0.702" />
  <testcase classname="ptolemy.util.test.junit.AutoTests" name="[144] /home/travis/build/icyphy/ptII/ptolemy/domains/continuous/test/auto/TriggeredContinuousClock.xml (RunModel)" time="0.057" />
  <testcase classname="ptolemy.util.test.junit.AutoTests" name="[145] /home/travis/build/icyphy/ptII/ptolemy/domains/continuous/test/auto/TwoMachineInfiniteBusControl.xml (RunModel)" time="3.482" />
  <testcase classname="ptolemy.util.test.junit.AutoTests" name="[146] /home/travis/build/icyphy/ptII/ptolemy/domains/continuous/test/auto/V2V.xml (RunModel)" time="0.878" />
  <testcase classname="ptolemy.util.test.junit.AutoTests" name="[147] /home/travis/build/icyphy/ptII/ptolemy/domains/continuous/test/auto/hierarchicalModalModel.xml (RunModel)" time="0.036" />
  <testcase classname="ptolemy.util.test.junit.AutoTests" name="[148] /home/travis/build/icyphy/ptII/ptolemy/domains/continuous/test/auto/hierarchicalModalModel1.xml (RunModel)" time="0.03" />
  <testcase classname="ptolemy.util.test.junit.AutoTests" name="[149] /home/travis/build/icyphy/ptII/ptolemy/domains/continuous/test/auto/hierarchicalModalModel2.xml (RunModel)" time="0.028" />
  <testcase classname="ptolemy.util.test.junit.AutoTests" name="[150] /home/travis/build/icyphy/ptII/ptolemy/domains/continuous/test/auto/hierarchicalModalModel3.xml (RunModel)" time="0.023" />
  <testcase classname="ptolemy.util.test.junit.AutoTests" name="[151] /home/travis/build/icyphy/ptII/ptolemy/domains/continuous/test/auto/hierarchicalModalModel4.xml (RunModel)" time="0.027" />
  <testcase classname="ptolemy.util.test.junit.AutoTests" name="[152] /home/travis/build/icyphy/ptII/ptolemy/domains/continuous/test/auto/junk.xml (RunModel)" time="0.172" />
  <system-out><![CDATA[No tcl tests in /home/travis/build/icyphy/ptII/ptolemy/domains/continuous/test
No auto/knownFailedTests/*.xml tests in /home/travis/build/icyphy/ptII/ptolemy/domains/continuous/test
No auto/linux-amd64/*.xml tests in /home/travis/build/icyphy/ptII/ptolemy/domains/continuous/test
AutoTests.java: About to close Vertx.
AutoTests.java: Vertx closed.

===========================================================================================
----------------- testing Thu Dec 20 03:04:55 UTC 2018 /home/travis/build/icyphy/ptII/ptolemy/domains/continuous/test/auto/BouncingBall.xml
----------------- Instantiating /home/travis/build/icyphy/ptII/ptolemy/domains/continuous/test/auto/BouncingBall.xml
2338 ms. Memory: 331776K Free: 255081K (77%)
----------------- Invoking toplevel() on ptolemy.moml.MoMLSimpleApplication@62b90dd0
----------------- Done invoking toplevel() on ptolemy.moml.MoMLSimpleApplication@62b90dd0
reloadAllAccessors: .BouncingBall

===========================================================================================
----------------- testing Thu Dec 20 03:04:58 UTC 2018 /home/travis/build/icyphy/ptII/ptolemy/domains/continuous/test/auto/BouncingBallWithoutGR.xml
----------------- Instantiating /home/travis/build/icyphy/ptII/ptolemy/domains/continuous/test/auto/BouncingBallWithoutGR.xml
779 ms. Memory: 331776K Free: 312697K (94%)
----------------- Invoking toplevel() on ptolemy.moml.MoMLSimpleApplication@14574b96
----------------- Done invoking toplevel() on ptolemy.moml.MoMLSimpleApplication@14574b96
reloadAllAccessors: .BouncingBallWithoutGR

===========================================================================================
----------------- testing Thu Dec 20 03:04:59 UTC 2018 /home/travis/build/icyphy/ptII/ptolemy/domains/continuous/test/auto/Brownian.xml
----------------- Instantiating /home/travis/build/icyphy/ptII/ptolemy/domains/continuous/test/auto/Brownian.xml
20 ms. Memory: 331776K Free: 298747K (90%)
----------------- Invoking toplevel() on ptolemy.moml.MoMLSimpleApplication@4025e4a0
----------------- Done invoking toplevel() on ptolemy.moml.MoMLSimpleApplication@4025e4a0
reloadAllAccessors: .Brownian

===========================================================================================
----------------- testing Thu Dec 20 03:04:59 UTC 2018 /home/travis/build/icyphy/ptII/ptolemy/domains/continuous/test/auto/CarTracking.xml
----------------- Instantiating /home/travis/build/icyphy/ptII/ptolemy/domains/continuous/test/auto/CarTracking.xml
3364 ms. Memory: 578048K Free: 454513K (79%)
----------------- Invoking toplevel() on ptolemy.moml.MoMLSimpleApplication@79c9c1ec
----------------- Done invoking toplevel() on ptolemy.moml.MoMLSimpleApplication@79c9c1ec
reloadAllAccessors: .CarTracking

===========================================================================================
----------------- testing Thu Dec 20 03:05:03 UTC 2018 /home/travis/build/icyphy/ptII/ptolemy/domains/continuous/test/auto/CartPendulum.xml
----------------- Instantiating /home/travis/build/icyphy/ptII/ptolemy/domains/continuous/test/auto/CartPendulum.xml
440 ms. Memory: 578048K Free: 353116K (61%)
----------------- Invoking toplevel() on ptolemy.moml.MoMLSimpleApplication@46bfbcd6
----------------- Done invoking toplevel() on ptolemy.moml.MoMLSimpleApplication@46bfbcd6
reloadAllAccessors: .CartPendulum

===========================================================================================
----------------- testing Thu Dec 20 03:05:04 UTC 2018 /home/travis/build/icyphy/ptII/ptolemy/domains/continuous/test/auto/CausalityInterface10.xml
----------------- Instantiating /home/travis/build/icyphy/ptII/ptolemy/domains/continuous/test/auto/CausalityInterface10.xml
11 ms. Memory: 578048K Free: 340001K (59%)
----------------- Invoking toplevel() on ptolemy.moml.MoMLSimpleApplication@7aac5c8a
----------------- Done invoking toplevel() on ptolemy.moml.MoMLSimpleApplication@7aac5c8a
reloadAllAccessors: .CausalityInterface10

===========================================================================================
----------------- testing Thu Dec 20 03:05:04 UTC 2018 /home/travis/build/icyphy/ptII/ptolemy/domains/continuous/test/auto/CausalityInterface11.xml
----------------- Instantiating /home/travis/build/icyphy/ptII/ptolemy/domains/continuous/test/auto/CausalityInterface11.xml
7 ms. Memory: 578048K Free: 330154K (57%)
----------------- Invoking toplevel() on ptolemy.moml.MoMLSimpleApplication@4c09bb1b
----------------- Done invoking toplevel() on ptolemy.moml.MoMLSimpleApplication@4c09bb1b
reloadAllAccessors: .CausalityInterface11

===========================================================================================
----------------- testing Thu Dec 20 03:05:04 UTC 2018 /home/travis/build/icyphy/ptII/ptolemy/domains/continuous/test/auto/CausalityInterface12.xml
----------------- Instantiating /home/travis/build/icyphy/ptII/ptolemy/domains/continuous/test/auto/CausalityInterface12.xml
11 ms. Memory: 578048K Free: 320324K (55%)
----------------- Invoking toplevel() on ptolemy.moml.MoMLSimpleApplication@5d8de8f1
----------------- Done invoking toplevel() on ptolemy.moml.MoMLSimpleApplication@5d8de8f1
reloadAllAccessors: .CausalityInterface12

===========================================================================================
----------------- testing Thu Dec 20 03:05:04 UTC 2018 /home/travis/build/icyphy/ptII/ptolemy/domains/continuous/test/auto/CausalityInterface13.xml
----------------- Instantiating /home/travis/build/icyphy/ptII/ptolemy/domains/continuous/test/auto/CausalityInterface13.xml
4 ms. Memory: 578048K Free: 307282K (53%)
----------------- Invoking toplevel() on ptolemy.moml.MoMLSimpleApplication@ce0c5d8
----------------- Done invoking toplevel() on ptolemy.moml.MoMLSimpleApplication@ce0c5d8
reloadAllAccessors: .CausalityInterface13

===========================================================================================
----------------- testing Thu Dec 20 03:05:04 UTC 2018 /home/travis/build/icyphy/ptII/ptolemy/domains/continuous/test/auto/CausalityInterface14.xml
----------------- Instantiating /home/travis/build/icyphy/ptII/ptolemy/domains/continuous/test/auto/CausalityInterface14.xml
2 ms. Memory: 578048K Free: 297436K (51%)
----------------- Invoking toplevel() on ptolemy.moml.MoMLSimpleApplication@505e1c94
----------------- Done invoking toplevel() on ptolemy.moml.MoMLSimpleApplication@505e1c94
reloadAllAccessors: .CausalityInterface14

===========================================================================================
----------------- testing Thu Dec 20 03:05:04 UTC 2018 /home/travis/build/icyphy/ptII/ptolemy/domains/continuous/test/auto/CausalityInterface4.xml
----------------- Instantiating /home/travis/build/icyphy/ptII/ptolemy/domains/continuous/test/auto/CausalityInterface4.xml
5 ms. Memory: 578048K Free: 287589K (50%)
----------------- Invoking toplevel() on ptolemy.moml.MoMLSimpleApplication@26f2243
----------------- Done invoking toplevel() on ptolemy.moml.MoMLSimpleApplication@26f2243
reloadAllAccessors: .CausalityInterface4

===========================================================================================
----------------- testing Thu Dec 20 03:05:04 UTC 2018 /home/travis/build/icyphy/ptII/ptolemy/domains/continuous/test/auto/CausalityInterface5.xml
----------------- Instantiating /home/travis/build/icyphy/ptII/ptolemy/domains/continuous/test/auto/CausalityInterface5.xml
7 ms. Memory: 578048K Free: 274466K (47%)
----------------- Invoking toplevel() on ptolemy.moml.MoMLSimpleApplication@5ac42b5f
----------------- Done invoking toplevel() on ptolemy.moml.MoMLSimpleApplication@5ac42b5f
reloadAllAccessors: .CausalityInterface5

===========================================================================================
----------------- testing Thu Dec 20 03:05:04 UTC 2018 /home/travis/build/icyphy/ptII/ptolemy/domains/continuous/test/auto/CausalityInterface6.xml
----------------- Instantiating /home/travis/build/icyphy/ptII/ptolemy/domains/continuous/test/auto/CausalityInterface6.xml
6 ms. Memory: 578048K Free: 261433K (45%)
----------------- Invoking toplevel() on ptolemy.moml.MoMLSimpleApplication@45521e10
----------------- Done invoking toplevel() on ptolemy.moml.MoMLSimpleApplication@45521e10
reloadAllAccessors: .CausalityInterface6

===========================================================================================
----------------- testing Thu Dec 20 03:05:04 UTC 2018 /home/travis/build/icyphy/ptII/ptolemy/domains/continuous/test/auto/CausalityInterface7.xml
----------------- Instantiating /home/travis/build/icyphy/ptII/ptolemy/domains/continuous/test/auto/CausalityInterface7.xml
13 ms. Memory: 578048K Free: 248317K (43%)
----------------- Invoking toplevel() on ptolemy.moml.MoMLSimpleApplication@4ae9375c
----------------- Done invoking toplevel() on ptolemy.moml.MoMLSimpleApplication@4ae9375c
reloadAllAccessors: .CausalityInterface7

===========================================================================================
----------------- testing Thu Dec 20 03:05:04 UTC 2018 /home/travis/build/icyphy/ptII/ptolemy/domains/continuous/test/auto/CausalityInterface8.xml
----------------- Instantiating /home/travis/build/icyphy/ptII/ptolemy/domains/continuous/test/auto/CausalityInterface8.xml
11 ms. Memory: 578048K Free: 230279K (40%)
----------------- Invoking toplevel() on ptolemy.moml.MoMLSimpleApplication@6228d2e0
----------------- Done invoking toplevel() on ptolemy.moml.MoMLSimpleApplication@6228d2e0
reloadAllAccessors: .CausalityInterface8

===========================================================================================
----------------- testing Thu Dec 20 03:05:04 UTC 2018 /home/travis/build/icyphy/ptII/ptolemy/domains/continuous/test/auto/CausalityInterface9.xml
----------------- Instantiating /home/travis/build/icyphy/ptII/ptolemy/domains/continuous/test/auto/CausalityInterface9.xml
7 ms. Memory: 578048K Free: 213862K (37%)
----------------- Invoking toplevel() on ptolemy.moml.MoMLSimpleApplication@5ab7ebbf
----------------- Done invoking toplevel() on ptolemy.moml.MoMLSimpleApplication@5ab7ebbf
reloadAllAccessors: .CausalityInterface9

===========================================================================================
----------------- testing Thu Dec 20 03:05:04 UTC 2018 /home/travis/build/icyphy/ptII/ptolemy/domains/continuous/test/auto/CausalityInterfaceFeedback1.xml
----------------- Instantiating /home/travis/build/icyphy/ptII/ptolemy/domains/continuous/test/auto/CausalityInterfaceFeedback1.xml
7 ms. Memory: 578048K Free: 200837K (35%)
----------------- Invoking toplevel() on ptolemy.moml.MoMLSimpleApplication@51138f25
----------------- Done invoking toplevel() on ptolemy.moml.MoMLSimpleApplication@51138f25
reloadAllAccessors: .CausalityInterfaceFeedback1

===========================================================================================
----------------- testing Thu Dec 20 03:05:04 UTC 2018 /home/travis/build/icyphy/ptII/ptolemy/domains/continuous/test/auto/CausalityInterfaceFeedback2.xml
----------------- Instantiating /home/travis/build/icyphy/ptII/ptolemy/domains/continuous/test/auto/CausalityInterfaceFeedback2.xml
6 ms. Memory: 578048K Free: 191006K (33%)
----------------- Invoking toplevel() on ptolemy.moml.MoMLSimpleApplication@4351872c
----------------- Done invoking toplevel() on ptolemy.moml.MoMLSimpleApplication@4351872c
reloadAllAccessors: .CausalityInterfaceFeedback2

===========================================================================================
----------------- testing Thu Dec 20 03:05:04 UTC 2018 /home/travis/build/icyphy/ptII/ptolemy/domains/continuous/test/auto/CompareWithCurrentTime.xml
----------------- Instantiating /home/travis/build/icyphy/ptII/ptolemy/domains/continuous/test/auto/CompareWithCurrentTime.xml
2 ms. Memory: 578048K Free: 184452K (32%)
----------------- Invoking toplevel() on ptolemy.moml.MoMLSimpleApplication@62dd1c3f
----------------- Done invoking toplevel() on ptolemy.moml.MoMLSimpleApplication@62dd1c3f
reloadAllAccessors: .CompareWithCurrentTime

===========================================================================================
----------------- testing Thu Dec 20 03:05:04 UTC 2018 /home/travis/build/icyphy/ptII/ptolemy/domains/continuous/test/auto/ComparedClocks.xml
----------------- Instantiating /home/travis/build/icyphy/ptII/ptolemy/domains/continuous/test/auto/ComparedClocks.xml
15 ms. Memory: 578048K Free: 164759K (29%)
----------------- Invoking toplevel() on ptolemy.moml.MoMLSimpleApplication@34b8a1a3
----------------- Done invoking toplevel() on ptolemy.moml.MoMLSimpleApplication@34b8a1a3
reloadAllAccessors: .ComparedClocks

===========================================================================================
----------------- testing Thu Dec 20 03:05:04 UTC 2018 /home/travis/build/icyphy/ptII/ptolemy/domains/continuous/test/auto/ContinuousAOCClone.xml
----------------- Instantiating /home/travis/build/icyphy/ptII/ptolemy/domains/continuous/test/auto/ContinuousAOCClone.xml
2469 ms. Memory: 872448K Free: 422121K (48%)
----------------- Invoking toplevel() on ptolemy.moml.MoMLSimpleApplication@2e244fa0
----------------- Done invoking toplevel() on ptolemy.moml.MoMLSimpleApplication@2e244fa0
reloadAllAccessors: .ContinuousAOCClone

===========================================================================================
----------------- testing Thu Dec 20 03:05:07 UTC 2018 /home/travis/build/icyphy/ptII/ptolemy/domains/continuous/test/auto/ContinuousClock.xml
----------------- Instantiating /home/travis/build/icyphy/ptII/ptolemy/domains/continuous/test/auto/ContinuousClock.xml
49 ms. Memory: 872448K Free: 387531K (44%)
----------------- Invoking toplevel() on ptolemy.moml.MoMLSimpleApplication@77773190
----------------- Done invoking toplevel() on ptolemy.moml.MoMLSimpleApplication@77773190
reloadAllAccessors: .ContinuousClock

===========================================================================================
----------------- testing Thu Dec 20 03:05:07 UTC 2018 /home/travis/build/icyphy/ptII/ptolemy/domains/continuous/test/auto/ContinuousInContinuous.xml
----------------- Instantiating /home/travis/build/icyphy/ptII/ptolemy/domains/continuous/test/auto/ContinuousInContinuous.xml
56 ms. Memory: 872448K Free: 359991K (41%)
----------------- Invoking toplevel() on ptolemy.moml.MoMLSimpleApplication@11bd6e63
----------------- Done invoking toplevel() on ptolemy.moml.MoMLSimpleApplication@11bd6e63
reloadAllAccessors: .ContinuousInContinuous

===========================================================================================
----------------- testing Thu Dec 20 03:05:07 UTC 2018 /home/travis/build/icyphy/ptII/ptolemy/domains/continuous/test/auto/ContinuousInContinuousInContinuous.xml
----------------- Instantiating /home/travis/build/icyphy/ptII/ptolemy/domains/continuous/test/auto/ContinuousInContinuousInContinuous.xml
8 ms. Memory: 872448K Free: 348194K (40%)
----------------- Invoking toplevel() on ptolemy.moml.MoMLSimpleApplication@37fdc040
----------------- Done invoking toplevel() on ptolemy.moml.MoMLSimpleApplication@37fdc040
reloadAllAccessors: .ContinuousInContinuousInContinuous

===========================================================================================
----------------- testing Thu Dec 20 03:05:07 UTC 2018 /home/travis/build/icyphy/ptII/ptolemy/domains/continuous/test/auto/ContinuousInDE.xml
----------------- Instantiating /home/travis/build/icyphy/ptII/ptolemy/domains/continuous/test/auto/ContinuousInDE.xml
67 ms. Memory: 872448K Free: 332476K (38%)
----------------- Invoking toplevel() on ptolemy.moml.MoMLSimpleApplication@412e09f7
----------------- Done invoking toplevel() on ptolemy.moml.MoMLSimpleApplication@412e09f7
reloadAllAccessors: .ContinuousInDE

===========================================================================================
----------------- testing Thu Dec 20 03:05:07 UTC 2018 /home/travis/build/icyphy/ptII/ptolemy/domains/continuous/test/auto/ContinuousInDE2.xml
----------------- Instantiating /home/travis/build/icyphy/ptII/ptolemy/domains/continuous/test/auto/ContinuousInDE2.xml
63 ms. Memory: 872448K Free: 313278K (36%)
----------------- Invoking toplevel() on ptolemy.moml.MoMLSimpleApplication@260cc646
----------------- Done invoking toplevel() on ptolemy.moml.MoMLSimpleApplication@260cc646
reloadAllAccessors: .ContinuousInDE2

===========================================================================================
----------------- testing Thu Dec 20 03:05:07 UTC 2018 /home/travis/build/icyphy/ptII/ptolemy/domains/continuous/test/auto/ContinuousInDE3.xml
----------------- Instantiating /home/travis/build/icyphy/ptII/ptolemy/domains/continuous/test/auto/ContinuousInDE3.xml
38 ms. Memory: 872448K Free: 297543K (34%)
----------------- Invoking toplevel() on ptolemy.moml.MoMLSimpleApplication@3add4de0
----------------- Done invoking toplevel() on ptolemy.moml.MoMLSimpleApplication@3add4de0
reloadAllAccessors: .ContinuousInDE3

===========================================================================================
----------------- testing Thu Dec 20 03:05:08 UTC 2018 /home/travis/build/icyphy/ptII/ptolemy/domains/continuous/test/auto/ContinuousInDE4.xml
----------------- Instantiating /home/travis/build/icyphy/ptII/ptolemy/domains/continuous/test/auto/ContinuousInDE4.xml
17 ms. Memory: 872448K Free: 285754K (33%)
----------------- Invoking toplevel() on ptolemy.moml.MoMLSimpleApplication@29fd40b0
----------------- Done invoking toplevel() on ptolemy.moml.MoMLSimpleApplication@29fd40b0
reloadAllAccessors: .ContinuousInDE4

===========================================================================================
----------------- testing Thu Dec 20 03:05:08 UTC 2018 /home/travis/build/icyphy/ptII/ptolemy/domains/continuous/test/auto/ContinuousInDEDifferentRefinements.xml
----------------- Instantiating /home/travis/build/icyphy/ptII/ptolemy/domains/continuous/test/auto/ContinuousInDEDifferentRefinements.xml
62 ms. Memory: 872448K Free: 250284K (29%)
----------------- Invoking toplevel() on ptolemy.moml.MoMLSimpleApplication@2422afa0
----------------- Done invoking toplevel() on ptolemy.moml.MoMLSimpleApplication@2422afa0
reloadAllAccessors: .ContinuousInDEDifferentRefinements

===========================================================================================
----------------- testing Thu Dec 20 03:05:08 UTC 2018 /home/travis/build/icyphy/ptII/ptolemy/domains/continuous/test/auto/ContinuousInDEDifferentRefinementsPreemptive.xml
----------------- Instantiating /home/travis/build/icyphy/ptII/ptolemy/domains/continuous/test/auto/ContinuousInDEDifferentRefinementsPreemptive.xml
48 ms. Memory: 872448K Free: 211365K (24%)
----------------- Invoking toplevel() on ptolemy.moml.MoMLSimpleApplication@1df8ab27
----------------- Done invoking toplevel() on ptolemy.moml.MoMLSimpleApplication@1df8ab27
reloadAllAccessors: .ContinuousInDEDifferentRefinementsPreemptive

===========================================================================================
----------------- testing Thu Dec 20 03:05:08 UTC 2018 /home/travis/build/icyphy/ptII/ptolemy/domains/continuous/test/auto/ContinuousInDEInContinuous2.xml
----------------- Instantiating /home/travis/build/icyphy/ptII/ptolemy/domains/continuous/test/auto/ContinuousInDEInContinuous2.xml
51 ms. Memory: 872448K Free: 191693K (22%)
----------------- Invoking toplevel() on ptolemy.moml.MoMLSimpleApplication@7a94450b
----------------- Done invoking toplevel() on ptolemy.moml.MoMLSimpleApplication@7a94450b
reloadAllAccessors: .ContinuousInDEInContinuous2

===========================================================================================
----------------- testing Thu Dec 20 03:05:08 UTC 2018 /home/travis/build/icyphy/ptII/ptolemy/domains/continuous/test/auto/ContinuousInDEInContinuous3.xml
----------------- Instantiating /home/travis/build/icyphy/ptII/ptolemy/domains/continuous/test/auto/ContinuousInDEInContinuous3.xml
37 ms. Memory: 872448K Free: 172029K (20%)
----------------- Invoking toplevel() on ptolemy.moml.MoMLSimpleApplication@3ad1a20b
----------------- Done invoking toplevel() on ptolemy.moml.MoMLSimpleApplication@3ad1a20b
reloadAllAccessors: .ContinuousInDEInContinuous3

===========================================================================================
----------------- testing Thu Dec 20 03:05:08 UTC 2018 /home/travis/build/icyphy/ptII/ptolemy/domains/continuous/test/auto/ContinuousInDEInput.xml
----------------- Instantiating /home/travis/build/icyphy/ptII/ptolemy/domains/continuous/test/auto/ContinuousInDEInput.xml
22 ms. Memory: 872448K Free: 160232K (18%)
----------------- Invoking toplevel() on ptolemy.moml.MoMLSimpleApplication@4c4b322c
----------------- Done invoking toplevel() on ptolemy.moml.MoMLSimpleApplication@4c4b322c
reloadAllAccessors: .ContinuousInDEInput

===========================================================================================
----------------- testing Thu Dec 20 03:05:08 UTC 2018 /home/travis/build/icyphy/ptII/ptolemy/domains/continuous/test/auto/ContinuousInDEInput2.xml
----------------- Instantiating /home/travis/build/icyphy/ptII/ptolemy/domains/continuous/test/auto/ContinuousInDEInput2.xml
16 ms. Memory: 872448K Free: 148443K (17%)
----------------- Invoking toplevel() on ptolemy.moml.MoMLSimpleApplication@7146b526
----------------- Done invoking toplevel() on ptolemy.moml.MoMLSimpleApplication@7146b526
reloadAllAccessors: .ContinuousInDEInput2

===========================================================================================
----------------- testing Thu Dec 20 03:05:08 UTC 2018 /home/travis/build/icyphy/ptII/ptolemy/domains/continuous/test/auto/ContinuousInDEInput3.xml
----------------- Instantiating /home/travis/build/icyphy/ptII/ptolemy/domains/continuous/test/auto/ContinuousInDEInput3.xml
14 ms. Memory: 872448K Free: 133191K (15%)
----------------- Invoking toplevel() on ptolemy.moml.MoMLSimpleApplication@34c72ebc
----------------- Done invoking toplevel() on ptolemy.moml.MoMLSimpleApplication@34c72ebc
reloadAllAccessors: .ContinuousInDEInput3

===========================================================================================
----------------- testing Thu Dec 20 03:05:08 UTC 2018 /home/travis/build/icyphy/ptII/ptolemy/domains/continuous/test/auto/ContinuousInDESharingRefinement.xml
----------------- Instantiating /home/travis/build/icyphy/ptII/ptolemy/domains/continuous/test/auto/ContinuousInDESharingRefinement.xml
180 ms. Memory: 829952K Free: 777520K (94%)
----------------- Invoking toplevel() on ptolemy.moml.MoMLSimpleApplication@69d5e7f8
----------------- Done invoking toplevel() on ptolemy.moml.MoMLSimpleApplication@69d5e7f8
reloadAllAccessors: .ContinuousInDESharingRefinement

===========================================================================================
----------------- testing Thu Dec 20 03:05:08 UTC 2018 /home/travis/build/icyphy/ptII/ptolemy/domains/continuous/test/auto/ContinuousInDEwithNoPorts.xml
----------------- Instantiating /home/travis/build/icyphy/ptII/ptolemy/domains/continuous/test/auto/ContinuousInDEwithNoPorts.xml
8 ms. Memory: 829952K Free: 765872K (92%)
----------------- Invoking toplevel() on ptolemy.moml.MoMLSimpleApplication@749e1df6
----------------- Done invoking toplevel() on ptolemy.moml.MoMLSimpleApplication@749e1df6
reloadAllAccessors: .ContinuousInDEwithNoPorts

===========================================================================================
----------------- testing Thu Dec 20 03:05:08 UTC 2018 /home/travis/build/icyphy/ptII/ptolemy/domains/continuous/test/auto/ContinuousInsideDE.xml
----------------- Instantiating /home/travis/build/icyphy/ptII/ptolemy/domains/continuous/test/auto/ContinuousInsideDE.xml
50 ms. Memory: 829952K Free: 747151K (90%)
----------------- Invoking toplevel() on ptolemy.moml.MoMLSimpleApplication@72bfd507
----------------- Done invoking toplevel() on ptolemy.moml.MoMLSimpleApplication@72bfd507
reloadAllAccessors: .ContinuousInsideDE

===========================================================================================
----------------- testing Thu Dec 20 03:05:08 UTC 2018 /home/travis/build/icyphy/ptII/ptolemy/domains/continuous/test/auto/ContinuousMerge1.xml
----------------- Instantiating /home/travis/build/icyphy/ptII/ptolemy/domains/continuous/test/auto/ContinuousMerge1.xml
3 ms. Memory: 829952K Free: 737293K (89%)
----------------- Invoking toplevel() on ptolemy.moml.MoMLSimpleApplication@17af0a27
----------------- Done invoking toplevel() on ptolemy.moml.MoMLSimpleApplication@17af0a27
reloadAllAccessors: .ContinuousMerge1

===========================================================================================
----------------- testing Thu Dec 20 03:05:08 UTC 2018 /home/travis/build/icyphy/ptII/ptolemy/domains/continuous/test/auto/ContinuousMerge2.xml
----------------- Instantiating /home/travis/build/icyphy/ptII/ptolemy/domains/continuous/test/auto/ContinuousMerge2.xml
11 ms. Memory: 829952K Free: 722298K (87%)
----------------- Invoking toplevel() on ptolemy.moml.MoMLSimpleApplication@10935789
----------------- Done invoking toplevel() on ptolemy.moml.MoMLSimpleApplication@10935789
reloadAllAccessors: .ContinuousMerge2

===========================================================================================
----------------- testing Thu Dec 20 03:05:08 UTC 2018 /home/travis/build/icyphy/ptII/ptolemy/domains/continuous/test/auto/ContinuousMerge3.xml
----------------- Instantiating /home/travis/build/icyphy/ptII/ptolemy/domains/continuous/test/auto/ContinuousMerge3.xml
43 ms. Memory: 829952K Free: 707311K (85%)
----------------- Invoking toplevel() on ptolemy.moml.MoMLSimpleApplication@2c59d78f
----------------- Done invoking toplevel() on ptolemy.moml.MoMLSimpleApplication@2c59d78f
reloadAllAccessors: .ContinuousMerge3

===========================================================================================
----------------- testing Thu Dec 20 03:05:09 UTC 2018 /home/travis/build/icyphy/ptII/ptolemy/domains/continuous/test/auto/ContinuousWithinContinuous.xml
----------------- Instantiating /home/travis/build/icyphy/ptII/ptolemy/domains/continuous/test/auto/ContinuousWithinContinuous.xml
36 ms. Memory: 829952K Free: 690124K (83%)
----------------- Invoking toplevel() on ptolemy.moml.MoMLSimpleApplication@5cae3b
----------------- Done invoking toplevel() on ptolemy.moml.MoMLSimpleApplication@5cae3b
reloadAllAccessors: .ContinuousWithinContinuous

===========================================================================================
----------------- testing Thu Dec 20 03:05:09 UTC 2018 /home/travis/build/icyphy/ptII/ptolemy/domains/continuous/test/auto/ContinuousWithinContinuous2.xml
----------------- Instantiating /home/travis/build/icyphy/ptII/ptolemy/domains/continuous/test/auto/ContinuousWithinContinuous2.xml
71 ms. Memory: 829952K Free: 675153K (81%)
----------------- Invoking toplevel() on ptolemy.moml.MoMLSimpleApplication@a126c0
----------------- Done invoking toplevel() on ptolemy.moml.MoMLSimpleApplication@a126c0
reloadAllAccessors: .ContinuousWithinContinuous2

===========================================================================================
----------------- testing Thu Dec 20 03:05:09 UTC 2018 /home/travis/build/icyphy/ptII/ptolemy/domains/continuous/test/auto/ContinuousWithinContinuous3.xml
----------------- Instantiating /home/travis/build/icyphy/ptII/ptolemy/domains/continuous/test/auto/ContinuousWithinContinuous3.xml
13 ms. Memory: 829952K Free: 663908K (80%)
----------------- Invoking toplevel() on ptolemy.moml.MoMLSimpleApplication@3feec30e
----------------- Done invoking toplevel() on ptolemy.moml.MoMLSimpleApplication@3feec30e
reloadAllAccessors: .ContinuousWithinContinuous3

===========================================================================================
----------------- testing Thu Dec 20 03:05:09 UTC 2018 /home/travis/build/icyphy/ptII/ptolemy/domains/continuous/test/auto/ContinuousWithinContinuous4.xml
----------------- Instantiating /home/travis/build/icyphy/ptII/ptolemy/domains/continuous/test/auto/ContinuousWithinContinuous4.xml
73 ms. Memory: 829952K Free: 642962K (77%)
----------------- Invoking toplevel() on ptolemy.moml.MoMLSimpleApplication@115ef4b7
----------------- Done invoking toplevel() on ptolemy.moml.MoMLSimpleApplication@115ef4b7
reloadAllAccessors: .ContinuousWithinContinuous4

===========================================================================================
----------------- testing Thu Dec 20 03:05:09 UTC 2018 /home/travis/build/icyphy/ptII/ptolemy/domains/continuous/test/auto/ContinuousWithinContinuous5.xml
----------------- Instantiating /home/travis/build/icyphy/ptII/ptolemy/domains/continuous/test/auto/ContinuousWithinContinuous5.xml
13 ms. Memory: 829952K Free: 631718K (76%)
----------------- Invoking toplevel() on ptolemy.moml.MoMLSimpleApplication@5c3277a9
----------------- Done invoking toplevel() on ptolemy.moml.MoMLSimpleApplication@5c3277a9
reloadAllAccessors: .ContinuousWithinContinuous5

===========================================================================================
----------------- testing Thu Dec 20 03:05:09 UTC 2018 /home/travis/build/icyphy/ptII/ptolemy/domains/continuous/test/auto/ContinuousWithinContinuous6.xml
----------------- Instantiating /home/travis/build/icyphy/ptII/ptolemy/domains/continuous/test/auto/ContinuousWithinContinuous6.xml
12 ms. Memory: 829952K Free: 618258K (74%)
----------------- Invoking toplevel() on ptolemy.moml.MoMLSimpleApplication@115a4f2a
----------------- Done invoking toplevel() on ptolemy.moml.MoMLSimpleApplication@115a4f2a
reloadAllAccessors: .ContinuousWithinContinuous6

===========================================================================================
----------------- testing Thu Dec 20 03:05:09 UTC 2018 /home/travis/build/icyphy/ptII/ptolemy/domains/continuous/test/auto/ContinuousWithinContinuous7.xml
----------------- Instantiating /home/travis/build/icyphy/ptII/ptolemy/domains/continuous/test/auto/ContinuousWithinContinuous7.xml
60 ms. Memory: 829952K Free: 603287K (73%)
----------------- Invoking toplevel() on ptolemy.moml.MoMLSimpleApplication@6a9e3c1a
----------------- Done invoking toplevel() on ptolemy.moml.MoMLSimpleApplication@6a9e3c1a
reloadAllAccessors: .ContinuousWithinContinuous7

===========================================================================================
----------------- testing Thu Dec 20 03:05:09 UTC 2018 /home/travis/build/icyphy/ptII/ptolemy/domains/continuous/test/auto/DCMotor.xml
----------------- Instantiating /home/travis/build/icyphy/ptII/ptolemy/domains/continuous/test/auto/DCMotor.xml
13524 ms. Memory: 668160K Free: 495497K (74%)
----------------- Invoking toplevel() on ptolemy.moml.MoMLSimpleApplication@28a74a2e
----------------- Done invoking toplevel() on ptolemy.moml.MoMLSimpleApplication@28a74a2e
reloadAllAccessors: .DCMotor

===========================================================================================
----------------- testing Thu Dec 20 03:05:23 UTC 2018 /home/travis/build/icyphy/ptII/ptolemy/domains/continuous/test/auto/DEInContinuous.xml
----------------- Instantiating /home/travis/build/icyphy/ptII/ptolemy/domains/continuous/test/auto/DEInContinuous.xml
10 ms. Memory: 668160K Free: 480874K (72%)
----------------- Invoking toplevel() on ptolemy.moml.MoMLSimpleApplication@6962ee6
----------------- Done invoking toplevel() on ptolemy.moml.MoMLSimpleApplication@6962ee6
reloadAllAccessors: .DEInContinuous

===========================================================================================
----------------- testing Thu Dec 20 03:05:23 UTC 2018 /home/travis/build/icyphy/ptII/ptolemy/domains/continuous/test/auto/DEinContinuous2.xml
----------------- Instantiating /home/travis/build/icyphy/ptII/ptolemy/domains/continuous/test/auto/DEinContinuous2.xml
8 ms. Memory: 668160K Free: 462068K (69%)
----------------- Invoking toplevel() on ptolemy.moml.MoMLSimpleApplication@441f97c4
----------------- Done invoking toplevel() on ptolemy.moml.MoMLSimpleApplication@441f97c4
reloadAllAccessors: .DEinContinuous2

===========================================================================================
----------------- testing Thu Dec 20 03:05:23 UTC 2018 /home/travis/build/icyphy/ptII/ptolemy/domains/continuous/test/auto/Derivative.xml
----------------- Instantiating /home/travis/build/icyphy/ptII/ptolemy/domains/continuous/test/auto/Derivative.xml
134 ms. Memory: 668160K Free: 419725K (63%)
----------------- Invoking toplevel() on ptolemy.moml.MoMLSimpleApplication@538c8e5c
----------------- Done invoking toplevel() on ptolemy.moml.MoMLSimpleApplication@538c8e5c
reloadAllAccessors: .Derivative2

===========================================================================================
----------------- testing Thu Dec 20 03:05:23 UTC 2018 /home/travis/build/icyphy/ptII/ptolemy/domains/continuous/test/auto/Derivative1.xml
----------------- Instantiating /home/travis/build/icyphy/ptII/ptolemy/domains/continuous/test/auto/Derivative1.xml
31 ms. Memory: 668160K Free: 402106K (60%)
----------------- Invoking toplevel() on ptolemy.moml.MoMLSimpleApplication@349db353
----------------- Done invoking toplevel() on ptolemy.moml.MoMLSimpleApplication@349db353
reloadAllAccessors: .Derivative1

===========================================================================================
----------------- testing Thu Dec 20 03:05:23 UTC 2018 /home/travis/build/icyphy/ptII/ptolemy/domains/continuous/test/auto/DiscreteClock.xml
----------------- Instantiating /home/travis/build/icyphy/ptII/ptolemy/domains/continuous/test/auto/DiscreteClock.xml
10 ms. Memory: 668160K Free: 389185K (58%)
----------------- Invoking toplevel() on ptolemy.moml.MoMLSimpleApplication@19cfa97b
----------------- Done invoking toplevel() on ptolemy.moml.MoMLSimpleApplication@19cfa97b
reloadAllAccessors: .DiscreteClock

===========================================================================================
----------------- testing Thu Dec 20 03:05:23 UTC 2018 /home/travis/build/icyphy/ptII/ptolemy/domains/continuous/test/auto/EfficiencyCurve.xml
----------------- Instantiating /home/travis/build/icyphy/ptII/ptolemy/domains/continuous/test/auto/EfficiencyCurve.xml
70 ms. Memory: 668160K Free: 376263K (56%)
----------------- Invoking toplevel() on ptolemy.moml.MoMLSimpleApplication@688f858b
----------------- Done invoking toplevel() on ptolemy.moml.MoMLSimpleApplication@688f858b
reloadAllAccessors: .EfficiencyCurve

===========================================================================================
----------------- testing Thu Dec 20 03:05:23 UTC 2018 /home/travis/build/icyphy/ptII/ptolemy/domains/continuous/test/auto/ExponentialResponse.xml
----------------- Instantiating /home/travis/build/icyphy/ptII/ptolemy/domains/continuous/test/auto/ExponentialResponse.xml
103 ms. Memory: 668160K Free: 352792K (53%)
----------------- Invoking toplevel() on ptolemy.moml.MoMLSimpleApplication@f13c1ea
----------------- Done invoking toplevel() on ptolemy.moml.MoMLSimpleApplication@f13c1ea
reloadAllAccessors: .ExponentialResponse

===========================================================================================
----------------- testing Thu Dec 20 03:05:23 UTC 2018 /home/travis/build/icyphy/ptII/ptolemy/domains/continuous/test/auto/ExponentialResponseRK45.xml
----------------- Instantiating /home/travis/build/icyphy/ptII/ptolemy/domains/continuous/test/auto/ExponentialResponseRK45.xml
28 ms. Memory: 668160K Free: 339870K (51%)
----------------- Invoking toplevel() on ptolemy.moml.MoMLSimpleApplication@51871c6c
----------------- Done invoking toplevel() on ptolemy.moml.MoMLSimpleApplication@51871c6c
reloadAllAccessors: .ExponentialResponseRK45

===========================================================================================
----------------- testing Thu Dec 20 03:05:23 UTC 2018 /home/travis/build/icyphy/ptII/ptolemy/domains/continuous/test/auto/Friction.xml
----------------- Instantiating /home/travis/build/icyphy/ptII/ptolemy/domains/continuous/test/auto/Friction.xml
1302 ms. Memory: 647168K Free: 442823K (68%)
----------------- Invoking toplevel() on ptolemy.moml.MoMLSimpleApplication@260645b6
----------------- Done invoking toplevel() on ptolemy.moml.MoMLSimpleApplication@260645b6
reloadAllAccessors: .Friction

===========================================================================================
----------------- testing Thu Dec 20 03:05:25 UTC 2018 /home/travis/build/icyphy/ptII/ptolemy/domains/continuous/test/auto/FurutaPendulum.xml
----------------- Instantiating /home/travis/build/icyphy/ptII/ptolemy/domains/continuous/test/auto/FurutaPendulum.xml
3357 ms. Memory: 617472K Free: 444967K (72%)
----------------- Invoking toplevel() on ptolemy.moml.MoMLSimpleApplication@6dbd30f5
----------------- Done invoking toplevel() on ptolemy.moml.MoMLSimpleApplication@6dbd30f5
reloadAllAccessors: .FurutaPendulum

===========================================================================================
----------------- testing Thu Dec 20 03:05:28 UTC 2018 /home/travis/build/icyphy/ptII/ptolemy/domains/continuous/test/auto/HierarchicalExecution.xml
----------------- Instantiating /home/travis/build/icyphy/ptII/ptolemy/domains/continuous/test/auto/HierarchicalExecution.xml
1943 ms. Memory: 617472K Free: 137000K (22%)
----------------- Invoking toplevel() on ptolemy.moml.MoMLSimpleApplication@379606d1
----------------- Done invoking toplevel() on ptolemy.moml.MoMLSimpleApplication@379606d1
reloadAllAccessors: .HierarchicalExecution

===========================================================================================
----------------- testing Thu Dec 20 03:05:30 UTC 2018 /home/travis/build/icyphy/ptII/ptolemy/domains/continuous/test/auto/HybridPlant.xml
----------------- Instantiating /home/travis/build/icyphy/ptII/ptolemy/domains/continuous/test/auto/HybridPlant.xml
462 ms. Memory: 589824K Free: 363269K (62%)
----------------- Invoking toplevel() on ptolemy.moml.MoMLSimpleApplication@39f776b1
----------------- Done invoking toplevel() on ptolemy.moml.MoMLSimpleApplication@39f776b1
reloadAllAccessors: .HybridPlant

===========================================================================================
----------------- testing Thu Dec 20 03:05:31 UTC 2018 /home/travis/build/icyphy/ptII/ptolemy/domains/continuous/test/auto/Hysteresis.xml
----------------- Instantiating /home/travis/build/icyphy/ptII/ptolemy/domains/continuous/test/auto/Hysteresis.xml
141 ms. Memory: 589824K Free: 296688K (50%)
----------------- Invoking toplevel() on ptolemy.moml.MoMLSimpleApplication@515ec0f6
----------------- Done invoking toplevel() on ptolemy.moml.MoMLSimpleApplication@515ec0f6
reloadAllAccessors: .Hysteresis

===========================================================================================
----------------- testing Thu Dec 20 03:05:31 UTC 2018 /home/travis/build/icyphy/ptII/ptolemy/domains/continuous/test/auto/HysteresisWithRandomDelay.xml
----------------- Instantiating /home/travis/build/icyphy/ptII/ptolemy/domains/continuous/test/auto/HysteresisWithRandomDelay.xml
160 ms. Memory: 589824K Free: 216763K (37%)
----------------- Invoking toplevel() on ptolemy.moml.MoMLSimpleApplication@f874b7
----------------- Done invoking toplevel() on ptolemy.moml.MoMLSimpleApplication@f874b7
reloadAllAccessors: .HysteresisWithRandomDelay

===========================================================================================
----------------- testing Thu Dec 20 03:05:31 UTC 2018 /home/travis/build/icyphy/ptII/ptolemy/domains/continuous/test/auto/HysteresisWithRandomLosses.xml
----------------- Instantiating /home/travis/build/icyphy/ptII/ptolemy/domains/continuous/test/auto/HysteresisWithRandomLosses.xml
2225 ms. Memory: 543232K Free: 389329K (72%)
----------------- Invoking toplevel() on ptolemy.moml.MoMLSimpleApplication@399a1e16
----------------- Done invoking toplevel() on ptolemy.moml.MoMLSimpleApplication@399a1e16
reloadAllAccessors: .HysteresisWithRandomLosses

===========================================================================================
----------------- testing Thu Dec 20 03:05:34 UTC 2018 /home/travis/build/icyphy/ptII/ptolemy/domains/continuous/test/auto/ImmediateTransitions.xml
----------------- Instantiating /home/travis/build/icyphy/ptII/ptolemy/domains/continuous/test/auto/ImmediateTransitions.xml
10 ms. Memory: 543232K Free: 371506K (68%)
----------------- Invoking toplevel() on ptolemy.moml.MoMLSimpleApplication@68530037
----------------- Done invoking toplevel() on ptolemy.moml.MoMLSimpleApplication@68530037
reloadAllAccessors: .ImmediateTransitions

===========================================================================================
----------------- testing Thu Dec 20 03:05:34 UTC 2018 /home/travis/build/icyphy/ptII/ptolemy/domains/continuous/test/auto/ImpulseFeedback.xml
----------------- Instantiating /home/travis/build/icyphy/ptII/ptolemy/domains/continuous/test/auto/ImpulseFeedback.xml
7 ms. Memory: 543232K Free: 361439K (67%)
----------------- Invoking toplevel() on ptolemy.moml.MoMLSimpleApplication@1a386108
----------------- Done invoking toplevel() on ptolemy.moml.MoMLSimpleApplication@1a386108
reloadAllAccessors: .ImpulseFeedback

===========================================================================================
----------------- testing Thu Dec 20 03:05:34 UTC 2018 /home/travis/build/icyphy/ptII/ptolemy/domains/continuous/test/auto/ImpulseFeedback2.xml
----------------- Instantiating /home/travis/build/icyphy/ptII/ptolemy/domains/continuous/test/auto/ImpulseFeedback2.xml
6 ms. Memory: 543232K Free: 351387K (65%)
----------------- Invoking toplevel() on ptolemy.moml.MoMLSimpleApplication@93f435f
----------------- Done invoking toplevel() on ptolemy.moml.MoMLSimpleApplication@93f435f
reloadAllAccessors: .ImpulseFeedback2

===========================================================================================
----------------- testing Thu Dec 20 03:05:34 UTC 2018 /home/travis/build/icyphy/ptII/ptolemy/domains/continuous/test/auto/IncreasingRatePoisson.xml
----------------- Instantiating /home/travis/build/icyphy/ptII/ptolemy/domains/continuous/test/auto/IncreasingRatePoisson.xml
696 ms. Memory: 521728K Free: 454369K (87%)
----------------- Invoking toplevel() on ptolemy.moml.MoMLSimpleApplication@3f005975
----------------- Done invoking toplevel() on ptolemy.moml.MoMLSimpleApplication@3f005975
reloadAllAccessors: .IncreasingRatePoisson

===========================================================================================
----------------- testing Thu Dec 20 03:05:34 UTC 2018 /home/travis/build/icyphy/ptII/ptolemy/domains/continuous/test/auto/InitialStateFeedback.xml
----------------- Instantiating /home/travis/build/icyphy/ptII/ptolemy/domains/continuous/test/auto/InitialStateFeedback.xml
7 ms. Memory: 521728K Free: 443106K (85%)
----------------- Invoking toplevel() on ptolemy.moml.MoMLSimpleApplication@5acf0fef
----------------- Done invoking toplevel() on ptolemy.moml.MoMLSimpleApplication@5acf0fef
reloadAllAccessors: .InitialStateFeedback

===========================================================================================
----------------- testing Thu Dec 20 03:05:34 UTC 2018 /home/travis/build/icyphy/ptII/ptolemy/domains/continuous/test/auto/Integration.xml
----------------- Instantiating /home/travis/build/icyphy/ptII/ptolemy/domains/continuous/test/auto/Integration.xml
1 ms. Memory: 521728K Free: 436345K (84%)
----------------- Invoking toplevel() on ptolemy.moml.MoMLSimpleApplication@a67dd1e
----------------- Done invoking toplevel() on ptolemy.moml.MoMLSimpleApplication@a67dd1e
reloadAllAccessors: .Integration

===========================================================================================
----------------- testing Thu Dec 20 03:05:34 UTC 2018 /home/travis/build/icyphy/ptII/ptolemy/domains/continuous/test/auto/Integration2.xml
----------------- Instantiating /home/travis/build/icyphy/ptII/ptolemy/domains/continuous/test/auto/Integration2.xml
80 ms. Memory: 521728K Free: 417827K (80%)
----------------- Invoking toplevel() on ptolemy.moml.MoMLSimpleApplication@609ab5d0
----------------- Done invoking toplevel() on ptolemy.moml.MoMLSimpleApplication@609ab5d0
reloadAllAccessors: .Integration2

===========================================================================================
----------------- testing Thu Dec 20 03:05:35 UTC 2018 /home/travis/build/icyphy/ptII/ptolemy/domains/continuous/test/auto/Integration3.xml
----------------- Instantiating /home/travis/build/icyphy/ptII/ptolemy/domains/continuous/test/auto/Integration3.xml
2 ms. Memory: 521728K Free: 408124K (78%)
----------------- Invoking toplevel() on ptolemy.moml.MoMLSimpleApplication@2afd6d41
----------------- Done invoking toplevel() on ptolemy.moml.MoMLSimpleApplication@2afd6d41
reloadAllAccessors: .Integration3

===========================================================================================
----------------- testing Thu Dec 20 03:05:35 UTC 2018 /home/travis/build/icyphy/ptII/ptolemy/domains/continuous/test/auto/Integration5.xml
----------------- Instantiating /home/travis/build/icyphy/ptII/ptolemy/domains/continuous/test/auto/Integration5.xml
7 ms. Memory: 521728K Free: 401512K (77%)
----------------- Invoking toplevel() on ptolemy.moml.MoMLSimpleApplication@5371e3a0
----------------- Done invoking toplevel() on ptolemy.moml.MoMLSimpleApplication@5371e3a0
reloadAllAccessors: .Integration5

===========================================================================================
----------------- testing Thu Dec 20 03:05:35 UTC 2018 /home/travis/build/icyphy/ptII/ptolemy/domains/continuous/test/auto/IntegratorImpulse.xml
----------------- Instantiating /home/travis/build/icyphy/ptII/ptolemy/domains/continuous/test/auto/IntegratorImpulse.xml
2 ms. Memory: 521728K Free: 394753K (76%)
----------------- Invoking toplevel() on ptolemy.moml.MoMLSimpleApplication@1aa61302
----------------- Done invoking toplevel() on ptolemy.moml.MoMLSimpleApplication@1aa61302
reloadAllAccessors: .IntegratorImpulse

===========================================================================================
----------------- testing Thu Dec 20 03:05:35 UTC 2018 /home/travis/build/icyphy/ptII/ptolemy/domains/continuous/test/auto/IntegratorImpulse2.xml
----------------- Instantiating /home/travis/build/icyphy/ptII/ptolemy/domains/continuous/test/auto/IntegratorImpulse2.xml
4 ms. Memory: 521728K Free: 385057K (74%)
----------------- Invoking toplevel() on ptolemy.moml.MoMLSimpleApplication@1ea0a096
----------------- Done invoking toplevel() on ptolemy.moml.MoMLSimpleApplication@1ea0a096
reloadAllAccessors: .IntegratorImpulse2

===========================================================================================
----------------- testing Thu Dec 20 03:05:35 UTC 2018 /home/travis/build/icyphy/ptII/ptolemy/domains/continuous/test/auto/LevelCrossing1.xml
----------------- Instantiating /home/travis/build/icyphy/ptII/ptolemy/domains/continuous/test/auto/LevelCrossing1.xml
2 ms. Memory: 521728K Free: 375346K (72%)
----------------- Invoking toplevel() on ptolemy.moml.MoMLSimpleApplication@6db7ac7a
----------------- Done invoking toplevel() on ptolemy.moml.MoMLSimpleApplication@6db7ac7a
reloadAllAccessors: .LevelCrossing1

===========================================================================================
----------------- testing Thu Dec 20 03:05:35 UTC 2018 /home/travis/build/icyphy/ptII/ptolemy/domains/continuous/test/auto/LevelCrossing2.xml
----------------- Instantiating /home/travis/build/icyphy/ptII/ptolemy/domains/continuous/test/auto/LevelCrossing2.xml
3 ms. Memory: 521728K Free: 365634K (70%)
----------------- Invoking toplevel() on ptolemy.moml.MoMLSimpleApplication@41e5c663
----------------- Done invoking toplevel() on ptolemy.moml.MoMLSimpleApplication@41e5c663
reloadAllAccessors: .LevelCrossing2

===========================================================================================
----------------- testing Thu Dec 20 03:05:35 UTC 2018 /home/travis/build/icyphy/ptII/ptolemy/domains/continuous/test/auto/LevelCrossing3.xml
----------------- Instantiating /home/travis/build/icyphy/ptII/ptolemy/domains/continuous/test/auto/LevelCrossing3.xml
3 ms. Memory: 521728K Free: 356087K (68%)
----------------- Invoking toplevel() on ptolemy.moml.MoMLSimpleApplication@667b80f7
----------------- Done invoking toplevel() on ptolemy.moml.MoMLSimpleApplication@667b80f7
reloadAllAccessors: .LevelCrossing3

===========================================================================================
----------------- testing Thu Dec 20 03:05:35 UTC 2018 /home/travis/build/icyphy/ptII/ptolemy/domains/continuous/test/auto/LevelCrossing4.xml
----------------- Instantiating /home/travis/build/icyphy/ptII/ptolemy/domains/continuous/test/auto/LevelCrossing4.xml
3 ms. Memory: 521728K Free: 346376K (66%)
----------------- Invoking toplevel() on ptolemy.moml.MoMLSimpleApplication@4a561f97
----------------- Done invoking toplevel() on ptolemy.moml.MoMLSimpleApplication@4a561f97
reloadAllAccessors: .LevelCrossing4

===========================================================================================
----------------- testing Thu Dec 20 03:05:35 UTC 2018 /home/travis/build/icyphy/ptII/ptolemy/domains/continuous/test/auto/LevelCrossing5.xml
----------------- Instantiating /home/travis/build/icyphy/ptII/ptolemy/domains/continuous/test/auto/LevelCrossing5.xml
3 ms. Memory: 521728K Free: 336665K (65%)
----------------- Invoking toplevel() on ptolemy.moml.MoMLSimpleApplication@6c44e0f0
----------------- Done invoking toplevel() on ptolemy.moml.MoMLSimpleApplication@6c44e0f0
reloadAllAccessors: .LevelCrossing5

===========================================================================================
[...]
----------------- Done invoking toplevel() on ptolemy.moml.MoMLSimpleApplication@67c6c35e
reloadAllAccessors: .ResetTransitionWithStartTime6

===========================================================================================
----------------- testing Thu Dec 20 03:05:52 UTC 2018 /home/travis/build/icyphy/ptII/ptolemy/domains/continuous/test/auto/SRinContinuous.xml
----------------- Instantiating /home/travis/build/icyphy/ptII/ptolemy/domains/continuous/test/auto/SRinContinuous.xml
6 ms. Memory: 334848K Free: 55289K (17%)
----------------- Invoking toplevel() on ptolemy.moml.MoMLSimpleApplication@1349f94
----------------- Done invoking toplevel() on ptolemy.moml.MoMLSimpleApplication@1349f94
reloadAllAccessors: .SRinContinuous

===========================================================================================
----------------- testing Thu Dec 20 03:05:52 UTC 2018 /home/travis/build/icyphy/ptII/ptolemy/domains/continuous/test/auto/SampledClocks.xml
----------------- Instantiating /home/travis/build/icyphy/ptII/ptolemy/domains/continuous/test/auto/SampledClocks.xml
8 ms. Memory: 334848K Free: 42946K (13%)
----------------- Invoking toplevel() on ptolemy.moml.MoMLSimpleApplication@1380db5d
----------------- Done invoking toplevel() on ptolemy.moml.MoMLSimpleApplication@1380db5d
reloadAllAccessors: .SampledClocks

===========================================================================================
----------------- testing Thu Dec 20 03:05:52 UTC 2018 /home/travis/build/icyphy/ptII/ptolemy/domains/continuous/test/auto/Satellite.xml
----------------- Instantiating /home/travis/build/icyphy/ptII/ptolemy/domains/continuous/test/auto/Satellite.xml
927 ms. Memory: 323584K Free: 96961K (30%)
----------------- Invoking toplevel() on ptolemy.moml.MoMLSimpleApplication@48e3320e
----------------- Done invoking toplevel() on ptolemy.moml.MoMLSimpleApplication@48e3320e
reloadAllAccessors: .Satellite

===========================================================================================
----------------- testing Thu Dec 20 03:05:53 UTC 2018 /home/travis/build/icyphy/ptII/ptolemy/domains/continuous/test/auto/SigmaDelta.xml
----------------- Instantiating /home/travis/build/icyphy/ptII/ptolemy/domains/continuous/test/auto/SigmaDelta.xml
2520 ms. Memory: 370176K Free: 303454K (82%)
----------------- Invoking toplevel() on ptolemy.moml.MoMLSimpleApplication@5d63bba3
----------------- Done invoking toplevel() on ptolemy.moml.MoMLSimpleApplication@5d63bba3
reloadAllAccessors: .SigmaDelta

===========================================================================================
----------------- testing Thu Dec 20 03:05:56 UTC 2018 /home/travis/build/icyphy/ptII/ptolemy/domains/continuous/test/auto/SingleRefinement.xml
----------------- Instantiating /home/travis/build/icyphy/ptII/ptolemy/domains/continuous/test/auto/SingleRefinement.xml
288 ms. Memory: 370176K Free: 113379K (31%)
----------------- Invoking toplevel() on ptolemy.moml.MoMLSimpleApplication@44ea1f2b
----------------- Done invoking toplevel() on ptolemy.moml.MoMLSimpleApplication@44ea1f2b
reloadAllAccessors: .SingleRefinement

===========================================================================================
----------------- testing Thu Dec 20 03:05:56 UTC 2018 /home/travis/build/icyphy/ptII/ptolemy/domains/continuous/test/auto/SinuBouncingBall.xml
----------------- Instantiating /home/travis/build/icyphy/ptII/ptolemy/domains/continuous/test/auto/SinuBouncingBall.xml
798 ms. Memory: 358912K Free: 158519K (44%)
----------------- Invoking toplevel() on ptolemy.moml.MoMLSimpleApplication@267c066d
----------------- Done invoking toplevel() on ptolemy.moml.MoMLSimpleApplication@267c066d
reloadAllAccessors: .SinuBouncingBall

===========================================================================================
----------------- testing Thu Dec 20 03:05:57 UTC 2018 /home/travis/build/icyphy/ptII/ptolemy/domains/continuous/test/auto/Sinusoid.xml
----------------- Instantiating /home/travis/build/icyphy/ptII/ptolemy/domains/continuous/test/auto/Sinusoid.xml
5 ms. Memory: 358912K Free: 150746K (42%)
----------------- Invoking toplevel() on ptolemy.moml.MoMLSimpleApplication@c64803e
----------------- Done invoking toplevel() on ptolemy.moml.MoMLSimpleApplication@c64803e
reloadAllAccessors: .Sinusoid

===========================================================================================
----------------- testing Thu Dec 20 03:05:57 UTC 2018 /home/travis/build/icyphy/ptII/ptolemy/domains/continuous/test/auto/SinusoidInNoise.xml
----------------- Instantiating /home/travis/build/icyphy/ptII/ptolemy/domains/continuous/test/auto/SinusoidInNoise.xml
1048 ms. Memory: 346624K Free: 206586K (60%)
----------------- Invoking toplevel() on ptolemy.moml.MoMLSimpleApplication@5cc39d25
----------------- Done invoking toplevel() on ptolemy.moml.MoMLSimpleApplication@5cc39d25
reloadAllAccessors: .SinusoidInNoise

===========================================================================================
----------------- testing Thu Dec 20 03:05:58 UTC 2018 /home/travis/build/icyphy/ptII/ptolemy/domains/continuous/test/auto/SinusoidRK45.xml
----------------- Instantiating /home/travis/build/icyphy/ptII/ptolemy/domains/continuous/test/auto/SinusoidRK45.xml
2 ms. Memory: 346624K Free: 199356K (58%)
----------------- Invoking toplevel() on ptolemy.moml.MoMLSimpleApplication@733fa6c7
----------------- Done invoking toplevel() on ptolemy.moml.MoMLSimpleApplication@733fa6c7
reloadAllAccessors: .SinusoidRK45

===========================================================================================
----------------- testing Thu Dec 20 03:05:58 UTC 2018 /home/travis/build/icyphy/ptII/ptolemy/domains/continuous/test/auto/SinusoidWithMultipleImpulses.xml
----------------- Instantiating /home/travis/build/icyphy/ptII/ptolemy/domains/continuous/test/auto/SinusoidWithMultipleImpulses.xml
3 ms. Memory: 346624K Free: 193121K (56%)
----------------- Invoking toplevel() on ptolemy.moml.MoMLSimpleApplication@1e5d1e43
----------------- Done invoking toplevel() on ptolemy.moml.MoMLSimpleApplication@1e5d1e43
reloadAllAccessors: .SinusoidWithMultipleImpulses

===========================================================================================
----------------- testing Thu Dec 20 03:05:58 UTC 2018 /home/travis/build/icyphy/ptII/ptolemy/domains/continuous/test/auto/SquareWave.xml
----------------- Instantiating /home/travis/build/icyphy/ptII/ptolemy/domains/continuous/test/auto/SquareWave.xml
206 ms. Memory: 346624K Free: 164033K (47%)
----------------- Invoking toplevel() on ptolemy.moml.MoMLSimpleApplication@6247626d
----------------- Done invoking toplevel() on ptolemy.moml.MoMLSimpleApplication@6247626d
reloadAllAccessors: .SquareWave

===========================================================================================
----------------- testing Thu Dec 20 03:05:59 UTC 2018 /home/travis/build/icyphy/ptII/ptolemy/domains/continuous/test/auto/Starmac.xml
----------------- Instantiating /home/travis/build/icyphy/ptII/ptolemy/domains/continuous/test/auto/Starmac.xml
3039 ms. Memory: 336384K Free: 33360K (10%)
----------------- Invoking toplevel() on ptolemy.moml.MoMLSimpleApplication@4b1bbe98
----------------- Done invoking toplevel() on ptolemy.moml.MoMLSimpleApplication@4b1bbe98
reloadAllAccessors: .Starmac

===========================================================================================
----------------- testing Thu Dec 20 03:06:02 UTC 2018 /home/travis/build/icyphy/ptII/ptolemy/domains/continuous/test/auto/StaticUnits.xml
----------------- Instantiating /home/travis/build/icyphy/ptII/ptolemy/domains/continuous/test/auto/StaticUnits.xml
2715 ms. Memory: 302592K Free: 221648K (73%)
----------------- Invoking toplevel() on ptolemy.moml.MoMLSimpleApplication@641b6a16
----------------- Done invoking toplevel() on ptolemy.moml.MoMLSimpleApplication@641b6a16
reloadAllAccessors: .StaticUnits

===========================================================================================
----------------- testing Thu Dec 20 03:06:05 UTC 2018 /home/travis/build/icyphy/ptII/ptolemy/domains/continuous/test/auto/StickyMasses.xml
----------------- Instantiating /home/travis/build/icyphy/ptII/ptolemy/domains/continuous/test/auto/StickyMasses.xml
123 ms. Memory: 302592K Free: 164282K (54%)
----------------- Invoking toplevel() on ptolemy.moml.MoMLSimpleApplication@2309be25
----------------- Done invoking toplevel() on ptolemy.moml.MoMLSimpleApplication@2309be25
reloadAllAccessors: .StickyMasses

===========================================================================================
----------------- testing Thu Dec 20 03:06:05 UTC 2018 /home/travis/build/icyphy/ptII/ptolemy/domains/continuous/test/auto/StopTime.xml
----------------- Instantiating /home/travis/build/icyphy/ptII/ptolemy/domains/continuous/test/auto/StopTime.xml
35 ms. Memory: 302592K Free: 136693K (45%)
----------------- Invoking toplevel() on ptolemy.moml.MoMLSimpleApplication@c8d95b
----------------- Done invoking toplevel() on ptolemy.moml.MoMLSimpleApplication@c8d95b
reloadAllAccessors: .StopTime

===========================================================================================
----------------- testing Thu Dec 20 03:06:05 UTC 2018 /home/travis/build/icyphy/ptII/ptolemy/domains/continuous/test/auto/StopTime2.xml
----------------- Instantiating /home/travis/build/icyphy/ptII/ptolemy/domains/continuous/test/auto/StopTime2.xml
28 ms. Memory: 302592K Free: 111351K (37%)
----------------- Invoking toplevel() on ptolemy.moml.MoMLSimpleApplication@af08262
----------------- Done invoking toplevel() on ptolemy.moml.MoMLSimpleApplication@af08262
reloadAllAccessors: .StopTime2

===========================================================================================
----------------- testing Thu Dec 20 03:06:06 UTC 2018 /home/travis/build/icyphy/ptII/ptolemy/domains/continuous/test/auto/Switch.xml
----------------- Instantiating /home/travis/build/icyphy/ptII/ptolemy/domains/continuous/test/auto/Switch.xml
46 ms. Memory: 302592K Free: 83789K (28%)
----------------- Invoking toplevel() on ptolemy.moml.MoMLSimpleApplication@789a352f
----------------- Done invoking toplevel() on ptolemy.moml.MoMLSimpleApplication@789a352f
reloadAllAccessors: .Switch

===========================================================================================
----------------- testing Thu Dec 20 03:06:06 UTC 2018 /home/travis/build/icyphy/ptII/ptolemy/domains/continuous/test/auto/Thermostat.xml
----------------- Instantiating /home/travis/build/icyphy/ptII/ptolemy/domains/continuous/test/auto/Thermostat.xml
175 ms. Memory: 293376K Free: 219266K (75%)
----------------- Invoking toplevel() on ptolemy.moml.MoMLSimpleApplication@177a8d62
----------------- Done invoking toplevel() on ptolemy.moml.MoMLSimpleApplication@177a8d62
reloadAllAccessors: .Thermostat

===========================================================================================
----------------- testing Thu Dec 20 03:06:06 UTC 2018 /home/travis/build/icyphy/ptII/ptolemy/domains/continuous/test/auto/TimeDelay.xml
----------------- Instantiating /home/travis/build/icyphy/ptII/ptolemy/domains/continuous/test/auto/TimeDelay.xml
5 ms. Memory: 293376K Free: 211432K (72%)
----------------- Invoking toplevel() on ptolemy.moml.MoMLSimpleApplication@2f763f43
----------------- Done invoking toplevel() on ptolemy.moml.MoMLSimpleApplication@2f763f43
reloadAllAccessors: .TimeDelay

===========================================================================================
----------------- testing Thu Dec 20 03:06:06 UTC 2018 /home/travis/build/icyphy/ptII/ptolemy/domains/continuous/test/auto/TimeDelay2.xml
----------------- Instantiating /home/travis/build/icyphy/ptII/ptolemy/domains/continuous/test/auto/TimeDelay2.xml
11 ms. Memory: 293376K Free: 201983K (69%)
----------------- Invoking toplevel() on ptolemy.moml.MoMLSimpleApplication@7da8f279
----------------- Done invoking toplevel() on ptolemy.moml.MoMLSimpleApplication@7da8f279
reloadAllAccessors: .TimeDelay2

===========================================================================================
----------------- testing Thu Dec 20 03:06:06 UTC 2018 /home/travis/build/icyphy/ptII/ptolemy/domains/continuous/test/auto/TimeDelay3.xml
----------------- Instantiating /home/travis/build/icyphy/ptII/ptolemy/domains/continuous/test/auto/TimeDelay3.xml
6 ms. Memory: 293376K Free: 195376K (67%)
----------------- Invoking toplevel() on ptolemy.moml.MoMLSimpleApplication@699a6aad
----------------- Done invoking toplevel() on ptolemy.moml.MoMLSimpleApplication@699a6aad
reloadAllAccessors: .TimeDelay3

===========================================================================================
----------------- testing Thu Dec 20 03:06:06 UTC 2018 /home/travis/build/icyphy/ptII/ptolemy/domains/continuous/test/auto/TransferAbsentToInside.xml
----------------- Instantiating /home/travis/build/icyphy/ptII/ptolemy/domains/continuous/test/auto/TransferAbsentToInside.xml
26 ms. Memory: 293376K Free: 137585K (47%)
----------------- Invoking toplevel() on ptolemy.moml.MoMLSimpleApplication@be3f3ef
----------------- Done invoking toplevel() on ptolemy.moml.MoMLSimpleApplication@be3f3ef
reloadAllAccessors: .TransferAbsentToInside

===========================================================================================
----------------- testing Thu Dec 20 03:06:06 UTC 2018 /home/travis/build/icyphy/ptII/ptolemy/domains/continuous/test/auto/Transmission.xml
----------------- Instantiating /home/travis/build/icyphy/ptII/ptolemy/domains/continuous/test/auto/Transmission.xml
672 ms. Memory: 290304K Free: 107821K (37%)
----------------- Invoking toplevel() on ptolemy.moml.MoMLSimpleApplication@57ac26f5
----------------- Done invoking toplevel() on ptolemy.moml.MoMLSimpleApplication@57ac26f5
reloadAllAccessors: .Transmission

===========================================================================================
----------------- testing Thu Dec 20 03:06:07 UTC 2018 /home/travis/build/icyphy/ptII/ptolemy/domains/continuous/test/auto/TriggeredContinuousClock.xml
----------------- Instantiating /home/travis/build/icyphy/ptII/ptolemy/domains/continuous/test/auto/TriggeredContinuousClock.xml
29 ms. Memory: 290304K Free: 73445K (25%)
----------------- Invoking toplevel() on ptolemy.moml.MoMLSimpleApplication@358d755
----------------- Done invoking toplevel() on ptolemy.moml.MoMLSimpleApplication@358d755
reloadAllAccessors: .TriggeredContinuousClock

===========================================================================================
----------------- testing Thu Dec 20 03:06:07 UTC 2018 /home/travis/build/icyphy/ptII/ptolemy/domains/continuous/test/auto/TwoMachineInfiniteBusControl.xml
----------------- Instantiating /home/travis/build/icyphy/ptII/ptolemy/domains/continuous/test/auto/TwoMachineInfiniteBusControl.xml
3352 ms. Memory: 308224K Free: 102043K (33%)
----------------- Invoking toplevel() on ptolemy.moml.MoMLSimpleApplication@1d6383ac
----------------- Done invoking toplevel() on ptolemy.moml.MoMLSimpleApplication@1d6383ac
reloadAllAccessors: .TwoMachineInfiniteBusControl

===========================================================================================
----------------- testing Thu Dec 20 03:06:10 UTC 2018 /home/travis/build/icyphy/ptII/ptolemy/domains/continuous/test/auto/V2V.xml
----------------- Instantiating /home/travis/build/icyphy/ptII/ptolemy/domains/continuous/test/auto/V2V.xml
796 ms. Memory: 303616K Free: 123565K (41%)
----------------- Invoking toplevel() on ptolemy.moml.MoMLSimpleApplication@53dcdd5
----------------- Done invoking toplevel() on ptolemy.moml.MoMLSimpleApplication@53dcdd5
reloadAllAccessors: .V2V

===========================================================================================
----------------- testing Thu Dec 20 03:06:11 UTC 2018 /home/travis/build/icyphy/ptII/ptolemy/domains/continuous/test/auto/hierarchicalModalModel.xml
----------------- Instantiating /home/travis/build/icyphy/ptII/ptolemy/domains/continuous/test/auto/hierarchicalModalModel.xml
7 ms. Memory: 303616K Free: 104141K (34%)
----------------- Invoking toplevel() on ptolemy.moml.MoMLSimpleApplication@44534ced
----------------- Done invoking toplevel() on ptolemy.moml.MoMLSimpleApplication@44534ced
reloadAllAccessors: .hierarchicalModalModel

===========================================================================================
----------------- testing Thu Dec 20 03:06:11 UTC 2018 /home/travis/build/icyphy/ptII/ptolemy/domains/continuous/test/auto/hierarchicalModalModel1.xml
----------------- Instantiating /home/travis/build/icyphy/ptII/ptolemy/domains/continuous/test/auto/hierarchicalModalModel1.xml
7 ms. Memory: 303616K Free: 87137K (29%)
----------------- Invoking toplevel() on ptolemy.moml.MoMLSimpleApplication@6536f2a2
----------------- Done invoking toplevel() on ptolemy.moml.MoMLSimpleApplication@6536f2a2
reloadAllAccessors: .hierarchicalModalModel1

===========================================================================================
----------------- testing Thu Dec 20 03:06:11 UTC 2018 /home/travis/build/icyphy/ptII/ptolemy/domains/continuous/test/auto/hierarchicalModalModel2.xml
----------------- Instantiating /home/travis/build/icyphy/ptII/ptolemy/domains/continuous/test/auto/hierarchicalModalModel2.xml
5 ms. Memory: 303616K Free: 71657K (24%)
----------------- Invoking toplevel() on ptolemy.moml.MoMLSimpleApplication@2ae5c9e4
----------------- Done invoking toplevel() on ptolemy.moml.MoMLSimpleApplication@2ae5c9e4
reloadAllAccessors: .hierarchicalModalModel2

===========================================================================================
----------------- testing Thu Dec 20 03:06:11 UTC 2018 /home/travis/build/icyphy/ptII/ptolemy/domains/continuous/test/auto/hierarchicalModalModel3.xml
----------------- Instantiating /home/travis/build/icyphy/ptII/ptolemy/domains/continuous/test/auto/hierarchicalModalModel3.xml
5 ms. Memory: 303616K Free: 59074K (19%)
----------------- Invoking toplevel() on ptolemy.moml.MoMLSimpleApplication@69bf4fb8
----------------- Done invoking toplevel() on ptolemy.moml.MoMLSimpleApplication@69bf4fb8
reloadAllAccessors: .hierarchicalModalModel3

===========================================================================================
----------------- testing Thu Dec 20 03:06:11 UTC 2018 /home/travis/build/icyphy/ptII/ptolemy/domains/continuous/test/auto/hierarchicalModalModel4.xml
----------------- Instantiating /home/travis/build/icyphy/ptII/ptolemy/domains/continuous/test/auto/hierarchicalModalModel4.xml
7 ms. Memory: 303616K Free: 43611K (14%)
----------------- Invoking toplevel() on ptolemy.moml.MoMLSimpleApplication@4327f3b7
----------------- Done invoking toplevel() on ptolemy.moml.MoMLSimpleApplication@4327f3b7
reloadAllAccessors: .hierarchicalModalModel4

===========================================================================================
----------------- testing Thu Dec 20 03:06:11 UTC 2018 /home/travis/build/icyphy/ptII/ptolemy/domains/continuous/test/auto/junk.xml
----------------- Instantiating /home/travis/build/icyphy/ptII/ptolemy/domains/continuous/test/auto/junk.xml
154 ms. Memory: 289792K Free: 214054K (74%)
----------------- Invoking toplevel() on ptolemy.moml.MoMLSimpleApplication@393f65b
----------------- Done invoking toplevel() on ptolemy.moml.MoMLSimpleApplication@393f65b
reloadAllAccessors: .junk
AutoTests.java: About to close Vertx.
AutoTests.java: Vertx closed.
]]></system-out>
  <system-err><![CDATA[Warning: '.HysteresisWithRandomDelay.NonStrictTest3' The test produced only 28 tokens, yet the correctValues parameter was expecting 30 tokens.
Warning: '.Poisson.NonStrictTest' The test produced only 399 tokens, yet the correctValues parameter was expecting 430 tokens.
]]></system-err>
</testsuite>
