<?xml version="1.0" encoding="UTF-8" ?>
<testsuite errors="0" failures="0" hostname="travis-job-0d4a2b1d-7075-4a38-bfad-a2ecb58ab5d4" name="ptolemy.domains.modal.test.junit.JUnitTclTest" skipped="0" tests="148" time="11.879" timestamp="2018-07-22T01:47:03">
  <properties>
[...]
</properties>
  <testcase classname="ptolemy.util.test.junit.TclTests" name="[0] /home/travis/build/icyphy/ptII/ptolemy/domains/modal/test/SystemLevelType.tcl (RunTclFile)" time="2.131" />
  <testcase classname="ptolemy.util.test.junit.AutoKnownFailedTests" name="[0] /home/travis/build/icyphy/ptII/ptolemy/domains/modal/test/auto/knownFailedTests/CannotAnalysisWithPreemption.xml (RunModel)" time="0.115" />
  <testcase classname="ptolemy.util.test.junit.AutoNameArchTests" name="[0] ThereAreNoAutoArchTests (RunModel)" time="0.0" />
  <testcase classname="ptolemy.util.test.junit.AutoTests" name="[0] /home/travis/build/icyphy/ptII/ptolemy/domains/modal/test/auto/ABPTest.xml (RunModel)" time="0.773" />
  <testcase classname="ptolemy.util.test.junit.AutoTests" name="[1] /home/travis/build/icyphy/ptII/ptolemy/domains/modal/test/auto/ABROFlat.xml (RunModel)" time="0.109" />
  <testcase classname="ptolemy.util.test.junit.AutoTests" name="[2] /home/travis/build/icyphy/ptII/ptolemy/domains/modal/test/auto/ABROFlat2.xml (RunModel)" time="0.133" />
  <testcase classname="ptolemy.util.test.junit.AutoTests" name="[3] /home/travis/build/icyphy/ptII/ptolemy/domains/modal/test/auto/ABRO_present_hmm.xml (RunModel)" time="0.212" />
  <testcase classname="ptolemy.util.test.junit.AutoTests" name="[4] /home/travis/build/icyphy/ptII/ptolemy/domains/modal/test/auto/AMICoderExample.xml (RunModel)" time="0.081" />
  <testcase classname="ptolemy.util.test.junit.AutoTests" name="[5] /home/travis/build/icyphy/ptII/ptolemy/domains/modal/test/auto/AbsentToPresent.xml (RunModel)" time="0.028" />
  <testcase classname="ptolemy.util.test.junit.AutoTests" name="[6] /home/travis/build/icyphy/ptII/ptolemy/domains/modal/test/auto/Blending.xml (RunModel)" time="0.366" />
  <testcase classname="ptolemy.util.test.junit.AutoTests" name="[7] /home/travis/build/icyphy/ptII/ptolemy/domains/modal/test/auto/Broadcast.xml (RunModel)" time="0.05" />
  <testcase classname="ptolemy.util.test.junit.AutoTests" name="[8] /home/travis/build/icyphy/ptII/ptolemy/domains/modal/test/auto/BroadcastHierarchy.xml (RunModel)" time="0.076" />
  <testcase classname="ptolemy.util.test.junit.AutoTests" name="[9] /home/travis/build/icyphy/ptII/ptolemy/domains/modal/test/auto/BroadcastHierarchy2.xml (RunModel)" time="0.177" />
  <testcase classname="ptolemy.util.test.junit.AutoTests" name="[10] /home/travis/build/icyphy/ptII/ptolemy/domains/modal/test/auto/BroadcastHierarchy3.xml (RunModel)" time="0.111" />
  <testcase classname="ptolemy.util.test.junit.AutoTests" name="[11] /home/travis/build/icyphy/ptII/ptolemy/domains/modal/test/auto/BroadcastHierarchy4.xml (RunModel)" time="0.122" />
  <testcase classname="ptolemy.util.test.junit.AutoTests" name="[12] /home/travis/build/icyphy/ptII/ptolemy/domains/modal/test/auto/CannotAnalysisWithPreemption2.xml (RunModel)" time="0.042" />
  <testcase classname="ptolemy.util.test.junit.AutoTests" name="[13] /home/travis/build/icyphy/ptII/ptolemy/domains/modal/test/auto/CannotAnalysisWithPreemption3.xml (RunModel)" time="0.064" />
  <testcase classname="ptolemy.util.test.junit.AutoTests" name="[14] /home/travis/build/icyphy/ptII/ptolemy/domains/modal/test/auto/CannotProduce.xml (RunModel)" time="0.05" />
  <testcase classname="ptolemy.util.test.junit.AutoTests" name="[15] /home/travis/build/icyphy/ptII/ptolemy/domains/modal/test/auto/CannotProduceModal.xml (RunModel)" time="0.035" />
  <testcase classname="ptolemy.util.test.junit.AutoTests" name="[16] /home/travis/build/icyphy/ptII/ptolemy/domains/modal/test/auto/Case.xml (RunModel)" time="0.076" />
  <testcase classname="ptolemy.util.test.junit.AutoTests" name="[17] /home/travis/build/icyphy/ptII/ptolemy/domains/modal/test/auto/Case1.xml (RunModel)" time="0.051" />
  <testcase classname="ptolemy.util.test.junit.AutoTests" name="[18] /home/travis/build/icyphy/ptII/ptolemy/domains/modal/test/auto/Case2.xml (RunModel)" time="0.063" />
  <testcase classname="ptolemy.util.test.junit.AutoTests" name="[19] /home/travis/build/icyphy/ptII/ptolemy/domains/modal/test/auto/CausalityInterface1.xml (RunModel)" time="0.031" />
  <testcase classname="ptolemy.util.test.junit.AutoTests" name="[20] /home/travis/build/icyphy/ptII/ptolemy/domains/modal/test/auto/CausalityInterface10.xml (RunModel)" time="0.068" />
  <testcase classname="ptolemy.util.test.junit.AutoTests" name="[21] /home/travis/build/icyphy/ptII/ptolemy/domains/modal/test/auto/CausalityInterface11.xml (RunModel)" time="0.075" />
  <testcase classname="ptolemy.util.test.junit.AutoTests" name="[22] /home/travis/build/icyphy/ptII/ptolemy/domains/modal/test/auto/CausalityInterface12.xml (RunModel)" time="0.056" />
  <testcase classname="ptolemy.util.test.junit.AutoTests" name="[23] /home/travis/build/icyphy/ptII/ptolemy/domains/modal/test/auto/CausalityInterface13.xml (RunModel)" time="0.065" />
  <testcase classname="ptolemy.util.test.junit.AutoTests" name="[24] /home/travis/build/icyphy/ptII/ptolemy/domains/modal/test/auto/CausalityInterface14.xml (RunModel)" time="0.06" />
  <testcase classname="ptolemy.util.test.junit.AutoTests" name="[25] /home/travis/build/icyphy/ptII/ptolemy/domains/modal/test/auto/CausalityInterface2.xml (RunModel)" time="0.039" />
  <testcase classname="ptolemy.util.test.junit.AutoTests" name="[26] /home/travis/build/icyphy/ptII/ptolemy/domains/modal/test/auto/CausalityInterface3.xml (RunModel)" time="0.028" />
  <testcase classname="ptolemy.util.test.junit.AutoTests" name="[27] /home/travis/build/icyphy/ptII/ptolemy/domains/modal/test/auto/CausalityInterface4.xml (RunModel)" time="0.026" />
  <testcase classname="ptolemy.util.test.junit.AutoTests" name="[28] /home/travis/build/icyphy/ptII/ptolemy/domains/modal/test/auto/CausalityInterface5.xml (RunModel)" time="0.033" />
  <testcase classname="ptolemy.util.test.junit.AutoTests" name="[29] /home/travis/build/icyphy/ptII/ptolemy/domains/modal/test/auto/CausalityInterface6.xml (RunModel)" time="0.03" />
  <testcase classname="ptolemy.util.test.junit.AutoTests" name="[30] /home/travis/build/icyphy/ptII/ptolemy/domains/modal/test/auto/CausalityInterface7.xml (RunModel)" time="0.051" />
  <testcase classname="ptolemy.util.test.junit.AutoTests" name="[31] /home/travis/build/icyphy/ptII/ptolemy/domains/modal/test/auto/CausalityInterface8.xml (RunModel)" time="0.038" />
  <testcase classname="ptolemy.util.test.junit.AutoTests" name="[32] /home/travis/build/icyphy/ptII/ptolemy/domains/modal/test/auto/CausalityInterface9.xml (RunModel)" time="0.043" />
  <testcase classname="ptolemy.util.test.junit.AutoTests" name="[33] /home/travis/build/icyphy/ptII/ptolemy/domains/modal/test/auto/ChainedTransitions.xml (RunModel)" time="0.18" />
  <testcase classname="ptolemy.util.test.junit.AutoTests" name="[34] /home/travis/build/icyphy/ptII/ptolemy/domains/modal/test/auto/CycleOfImmediateTransitionsFSM.xml (RunModel)" time="0.03" />
  <testcase classname="ptolemy.util.test.junit.AutoTests" name="[35] /home/travis/build/icyphy/ptII/ptolemy/domains/modal/test/auto/CycleOfImmediateTransitionsModal.xml (RunModel)" time="0.024" />
  <testcase classname="ptolemy.util.test.junit.AutoTests" name="[36] /home/travis/build/icyphy/ptII/ptolemy/domains/modal/test/auto/CycleOfImmediateTransitionsModal2.xml (RunModel)" time="0.025" />
  <testcase classname="ptolemy.util.test.junit.AutoTests" name="[37] /home/travis/build/icyphy/ptII/ptolemy/domains/modal/test/auto/CycleOfImmediateTransitionsModal3.xml (RunModel)" time="0.087" />
  <testcase classname="ptolemy.util.test.junit.AutoTests" name="[38] /home/travis/build/icyphy/ptII/ptolemy/domains/modal/test/auto/DeepModal1.xml (RunModel)" time="0.052" />
  <testcase classname="ptolemy.util.test.junit.AutoTests" name="[39] /home/travis/build/icyphy/ptII/ptolemy/domains/modal/test/auto/DeepModal2.xml (RunModel)" time="0.076" />
  <testcase classname="ptolemy.util.test.junit.AutoTests" name="[40] /home/travis/build/icyphy/ptII/ptolemy/domains/modal/test/auto/DeepModal3.xml (RunModel)" time="0.093" />
  <testcase classname="ptolemy.util.test.junit.AutoTests" name="[41] /home/travis/build/icyphy/ptII/ptolemy/domains/modal/test/auto/DeepModal4.xml (RunModel)" time="0.092" />
  <testcase classname="ptolemy.util.test.junit.AutoTests" name="[42] /home/travis/build/icyphy/ptII/ptolemy/domains/modal/test/auto/Default1.xml (RunModel)" time="0.026" />
  <testcase classname="ptolemy.util.test.junit.AutoTests" name="[43] /home/travis/build/icyphy/ptII/ptolemy/domains/modal/test/auto/Default2.xml (RunModel)" time="0.016" />
  <testcase classname="ptolemy.util.test.junit.AutoTests" name="[44] /home/travis/build/icyphy/ptII/ptolemy/domains/modal/test/auto/Default3.xml (RunModel)" time="0.018" />
  <testcase classname="ptolemy.util.test.junit.AutoTests" name="[45] /home/travis/build/icyphy/ptII/ptolemy/domains/modal/test/auto/Default4.xml (RunModel)" time="0.017" />
  <testcase classname="ptolemy.util.test.junit.AutoTests" name="[46] /home/travis/build/icyphy/ptII/ptolemy/domains/modal/test/auto/Default5.xml (RunModel)" time="0.033" />
  <testcase classname="ptolemy.util.test.junit.AutoTests" name="[47] /home/travis/build/icyphy/ptII/ptolemy/domains/modal/test/auto/EmptyGuard.xml (RunModel)" time="0.035" />
  <testcase classname="ptolemy.util.test.junit.AutoTests" name="[48] /home/travis/build/icyphy/ptII/ptolemy/domains/modal/test/auto/ErrorTransition1.xml (RunModel)" time="0.032" />
  <testcase classname="ptolemy.util.test.junit.AutoTests" name="[49] /home/travis/build/icyphy/ptII/ptolemy/domains/modal/test/auto/ErrorTransition10.xml (RunModel)" time="0.045" />
  <testcase classname="ptolemy.util.test.junit.AutoTests" name="[50] /home/travis/build/icyphy/ptII/ptolemy/domains/modal/test/auto/ErrorTransition11.xml (RunModel)" time="0.044" />
  <testcase classname="ptolemy.util.test.junit.AutoTests" name="[51] /home/travis/build/icyphy/ptII/ptolemy/domains/modal/test/auto/ErrorTransition2.xml (RunModel)" time="0.029" />
  <testcase classname="ptolemy.util.test.junit.AutoTests" name="[52] /home/travis/build/icyphy/ptII/ptolemy/domains/modal/test/auto/ErrorTransition3.xml (RunModel)" time="0.038" />
  <testcase classname="ptolemy.util.test.junit.AutoTests" name="[53] /home/travis/build/icyphy/ptII/ptolemy/domains/modal/test/auto/ErrorTransition4.xml (RunModel)" time="0.046" />
  <testcase classname="ptolemy.util.test.junit.AutoTests" name="[54] /home/travis/build/icyphy/ptII/ptolemy/domains/modal/test/auto/ErrorTransition5.xml (RunModel)" time="0.029" />
  <testcase classname="ptolemy.util.test.junit.AutoTests" name="[55] /home/travis/build/icyphy/ptII/ptolemy/domains/modal/test/auto/ErrorTransition6.xml (RunModel)" time="0.032" />
  <testcase classname="ptolemy.util.test.junit.AutoTests" name="[56] /home/travis/build/icyphy/ptII/ptolemy/domains/modal/test/auto/ErrorTransition7.xml (RunModel)" time="0.041" />
  <testcase classname="ptolemy.util.test.junit.AutoTests" name="[57] /home/travis/build/icyphy/ptII/ptolemy/domains/modal/test/auto/ErrorTransition8.xml (RunModel)" time="0.053" />
  <testcase classname="ptolemy.util.test.junit.AutoTests" name="[58] /home/travis/build/icyphy/ptII/ptolemy/domains/modal/test/auto/ErrorTransition9.xml (RunModel)" time="0.063" />
  <testcase classname="ptolemy.util.test.junit.AutoTests" name="[59] /home/travis/build/icyphy/ptII/ptolemy/domains/modal/test/auto/ExtendedFSM.xml (RunModel)" time="0.031" />
  <testcase classname="ptolemy.util.test.junit.AutoTests" name="[60] /home/travis/build/icyphy/ptII/ptolemy/domains/modal/test/auto/FinalStates.xml (RunModel)" time="0.026" />
  <testcase classname="ptolemy.util.test.junit.AutoTests" name="[61] /home/travis/build/icyphy/ptII/ptolemy/domains/modal/test/auto/FixedPointFSM.xml (RunModel)" time="0.057" />
  <testcase classname="ptolemy.util.test.junit.AutoTests" name="[62] /home/travis/build/icyphy/ptII/ptolemy/domains/modal/test/auto/FixedPointIterationFSMActor.xml (RunModel)" time="0.036" />
  <testcase classname="ptolemy.util.test.junit.AutoTests" name="[63] /home/travis/build/icyphy/ptII/ptolemy/domains/modal/test/auto/FixedPointIterationFSMActor2.xml (RunModel)" time="0.042" />
  <testcase classname="ptolemy.util.test.junit.AutoTests" name="[64] /home/travis/build/icyphy/ptII/ptolemy/domains/modal/test/auto/ForbiddenInstantanousLoop.xml (RunModel)" time="0.038" />
  <testcase classname="ptolemy.util.test.junit.AutoTests" name="[65] /home/travis/build/icyphy/ptII/ptolemy/domains/modal/test/auto/FunctionDependencyOfFSMActorTest.xml (RunModel)" time="0.035" />
  <testcase classname="ptolemy.util.test.junit.AutoTests" name="[66] /home/travis/build/icyphy/ptII/ptolemy/domains/modal/test/auto/GuardExpression.xml (RunModel)" time="0.023" />
  <testcase classname="ptolemy.util.test.junit.AutoTests" name="[67] /home/travis/build/icyphy/ptII/ptolemy/domains/modal/test/auto/GuardNotEvaluated.xml (RunModel)" time="0.033" />
  <testcase classname="ptolemy.util.test.junit.AutoTests" name="[68] /home/travis/build/icyphy/ptII/ptolemy/domains/modal/test/auto/GuardNotEvaluated2.xml (RunModel)" time="0.029" />
  <testcase classname="ptolemy.util.test.junit.AutoTests" name="[69] /home/travis/build/icyphy/ptII/ptolemy/domains/modal/test/auto/GuardOnAbsent.xml (RunModel)" time="0.03" />
  <testcase classname="ptolemy.util.test.junit.AutoTests" name="[70] /home/travis/build/icyphy/ptII/ptolemy/domains/modal/test/auto/HierarchicalFSMTypeInference.xml (RunModel)" time="0.035" />
  <testcase classname="ptolemy.util.test.junit.AutoTests" name="[71] /home/travis/build/icyphy/ptII/ptolemy/domains/modal/test/auto/Hysteresis.xml (RunModel)" time="0.044" />
  <testcase classname="ptolemy.util.test.junit.AutoTests" name="[72] /home/travis/build/icyphy/ptII/ptolemy/domains/modal/test/auto/HysteresisWithDefault.xml (RunModel)" time="0.09" />
  <testcase classname="ptolemy.util.test.junit.AutoTests" name="[73] /home/travis/build/icyphy/ptII/ptolemy/domains/modal/test/auto/HysteresisWithDefault2.xml (RunModel)" time="0.094" />
  <testcase classname="ptolemy.util.test.junit.AutoTests" name="[74] /home/travis/build/icyphy/ptII/ptolemy/domains/modal/test/auto/ImmediateNonConstructiveness.xml (RunModel)" time="0.021" />
  <testcase classname="ptolemy.util.test.junit.AutoTests" name="[75] /home/travis/build/icyphy/ptII/ptolemy/domains/modal/test/auto/ImmediateNonConstructiveness2.xml (RunModel)" time="0.017" />
  <testcase classname="ptolemy.util.test.junit.AutoTests" name="[76] /home/travis/build/icyphy/ptII/ptolemy/domains/modal/test/auto/ImmediateTransitionReset.xml (RunModel)" time="0.048" />
  <testcase classname="ptolemy.util.test.junit.AutoTests" name="[77] /home/travis/build/icyphy/ptII/ptolemy/domains/modal/test/auto/ImmediateTransitions1.xml (RunModel)" time="0.014" />
  <testcase classname="ptolemy.util.test.junit.AutoTests" name="[78] /home/travis/build/icyphy/ptII/ptolemy/domains/modal/test/auto/ImmediateTransitionsInstantaneousCommunication.xml (RunModel)" time="0.038" />
  <testcase classname="ptolemy.util.test.junit.AutoTests" name="[79] /home/travis/build/icyphy/ptII/ptolemy/domains/modal/test/auto/InitialImmediateTransition.xml (RunModel)" time="0.02" />
  <testcase classname="ptolemy.util.test.junit.AutoTests" name="[80] /home/travis/build/icyphy/ptII/ptolemy/domains/modal/test/auto/InitialOutputs.xml (RunModel)" time="0.017" />
  <testcase classname="ptolemy.util.test.junit.AutoTests" name="[81] /home/travis/build/icyphy/ptII/ptolemy/domains/modal/test/auto/InitialStateTransition1.xml (RunModel)" time="0.024" />
  <testcase classname="ptolemy.util.test.junit.AutoTests" name="[82] /home/travis/build/icyphy/ptII/ptolemy/domains/modal/test/auto/InitialStateTransition2.xml (RunModel)" time="0.024" />
  <testcase classname="ptolemy.util.test.junit.AutoTests" name="[83] /home/travis/build/icyphy/ptII/ptolemy/domains/modal/test/auto/InitialStateTransition3.xml (RunModel)" time="0.029" />
  <testcase classname="ptolemy.util.test.junit.AutoTests" name="[84] /home/travis/build/icyphy/ptII/ptolemy/domains/modal/test/auto/InitialStateTransition4.xml (RunModel)" time="0.03" />
  <testcase classname="ptolemy.util.test.junit.AutoTests" name="[85] /home/travis/build/icyphy/ptII/ptolemy/domains/modal/test/auto/MalformedGuardExpressionNotCaught.xml (RunModel)" time="0.027" />
  <testcase classname="ptolemy.util.test.junit.AutoTests" name="[86] /home/travis/build/icyphy/ptII/ptolemy/domains/modal/test/auto/ModalBSC.xml (RunModel)" time="0.107" />
  <testcase classname="ptolemy.util.test.junit.AutoTests" name="[87] /home/travis/build/icyphy/ptII/ptolemy/domains/modal/test/auto/ModalClocks.xml (RunModel)" time="0.11" />
  <testcase classname="ptolemy.util.test.junit.AutoTests" name="[88] /home/travis/build/icyphy/ptII/ptolemy/domains/modal/test/auto/ModalDelay.xml (RunModel)" time="0.057" />
  <testcase classname="ptolemy.util.test.junit.AutoTests" name="[89] /home/travis/build/icyphy/ptII/ptolemy/domains/modal/test/auto/ModalDelay2.xml (RunModel)" time="0.048" />
  <testcase classname="ptolemy.util.test.junit.AutoTests" name="[90] /home/travis/build/icyphy/ptII/ptolemy/domains/modal/test/auto/ModalModelFromMemo.xml (RunModel)" time="0.073" />
  <testcase classname="ptolemy.util.test.junit.AutoTests" name="[91] /home/travis/build/icyphy/ptII/ptolemy/domains/modal/test/auto/ModalModelWithMultirateTransient.xml (RunModel)" time="0.055" />
  <testcase classname="ptolemy.util.test.junit.AutoTests" name="[92] /home/travis/build/icyphy/ptII/ptolemy/domains/modal/test/auto/ModalModelWithReset.xml (RunModel)" time="0.059" />
  <testcase classname="ptolemy.util.test.junit.AutoTests" name="[93] /home/travis/build/icyphy/ptII/ptolemy/domains/modal/test/auto/MouseClickFSM.xml (RunModel)" time="0.054" />
  <testcase classname="ptolemy.util.test.junit.AutoTests" name="[94] /home/travis/build/icyphy/ptII/ptolemy/domains/modal/test/auto/MouseClickFSMModal.xml (RunModel)" time="0.042" />
  <testcase classname="ptolemy.util.test.junit.AutoTests" name="[95] /home/travis/build/icyphy/ptII/ptolemy/domains/modal/test/auto/NonStrictFSM_FeedbackLoop.xml (RunModel)" time="0.055" />
  <testcase classname="ptolemy.util.test.junit.AutoTests" name="[96] /home/travis/build/icyphy/ptII/ptolemy/domains/modal/test/auto/NonStrictFSM_FeedbackLoop_Refinement.xml (RunModel)" time="0.086" />
  <testcase classname="ptolemy.util.test.junit.AutoTests" name="[97] /home/travis/build/icyphy/ptII/ptolemy/domains/modal/test/auto/NonStrictFSM_FeedbackLoop_preemptive.xml (RunModel)" time="0.058" />
  <testcase classname="ptolemy.util.test.junit.AutoTests" name="[98] /home/travis/build/icyphy/ptII/ptolemy/domains/modal/test/auto/NormalTermination.xml (RunModel)" time="0.072" />
  <testcase classname="ptolemy.util.test.junit.AutoTests" name="[99] /home/travis/build/icyphy/ptII/ptolemy/domains/modal/test/auto/Pong.xml (RunModel)" time="0.09" />
  <testcase classname="ptolemy.util.test.junit.AutoTests" name="[100] /home/travis/build/icyphy/ptII/ptolemy/domains/modal/test/auto/Pong_test.xml (RunModel)" time="0.124" />
  <testcase classname="ptolemy.util.test.junit.AutoTests" name="[101] /home/travis/build/icyphy/ptII/ptolemy/domains/modal/test/auto/PreemptionHierarchy.xml (RunModel)" time="0.033" />
  <testcase classname="ptolemy.util.test.junit.AutoTests" name="[102] /home/travis/build/icyphy/ptII/ptolemy/domains/modal/test/auto/PreemptionHierarchy2.xml (RunModel)" time="0.043" />
  <testcase classname="ptolemy.util.test.junit.AutoTests" name="[103] /home/travis/build/icyphy/ptII/ptolemy/domains/modal/test/auto/PreemptiveTransition.xml (RunModel)" time="0.029" />
  <testcase classname="ptolemy.util.test.junit.AutoTests" name="[104] /home/travis/build/icyphy/ptII/ptolemy/domains/modal/test/auto/Priorities.xml (RunModel)" time="0.1" />
  <testcase classname="ptolemy.util.test.junit.AutoTests" name="[105] /home/travis/build/icyphy/ptII/ptolemy/domains/modal/test/auto/ResetFinal.xml (RunModel)" time="0.048" />
  <testcase classname="ptolemy.util.test.junit.AutoTests" name="[106] /home/travis/build/icyphy/ptII/ptolemy/domains/modal/test/auto/ResetFinal2.xml (RunModel)" time="0.038" />
  <testcase classname="ptolemy.util.test.junit.AutoTests" name="[107] /home/travis/build/icyphy/ptII/ptolemy/domains/modal/test/auto/ResetTransitionWithStartTime.xml (RunModel)" time="0.035" />
  <testcase classname="ptolemy.util.test.junit.AutoTests" name="[108] /home/travis/build/icyphy/ptII/ptolemy/domains/modal/test/auto/SDF-FSMComposite.xml (RunModel)" time="0.027" />
  <testcase classname="ptolemy.util.test.junit.AutoTests" name="[109] /home/travis/build/icyphy/ptII/ptolemy/domains/modal/test/auto/SeeminglyNondeterminate.xml (RunModel)" time="0.078" />
  <testcase classname="ptolemy.util.test.junit.AutoTests" name="[110] /home/travis/build/icyphy/ptII/ptolemy/domains/modal/test/auto/SeeminglyNondeterminate2.xml (RunModel)" time="0.09" />
  <testcase classname="ptolemy.util.test.junit.AutoTests" name="[111] /home/travis/build/icyphy/ptII/ptolemy/domains/modal/test/auto/SpontaneousFSM.xml (RunModel)" time="0.055" />
  <testcase classname="ptolemy.util.test.junit.AutoTests" name="[112] /home/travis/build/icyphy/ptII/ptolemy/domains/modal/test/auto/SpontaneousFSM2.xml (RunModel)" time="0.04" />
  <testcase classname="ptolemy.util.test.junit.AutoTests" name="[113] /home/travis/build/icyphy/ptII/ptolemy/domains/modal/test/auto/SpontaneousFSM3.xml (RunModel)" time="0.048" />
  <testcase classname="ptolemy.util.test.junit.AutoTests" name="[114] /home/travis/build/icyphy/ptII/ptolemy/domains/modal/test/auto/SpontaneousFSM4.xml (RunModel)" time="0.055" />
  <testcase classname="ptolemy.util.test.junit.AutoTests" name="[115] /home/travis/build/icyphy/ptII/ptolemy/domains/modal/test/auto/StateTrackerTest.xml (RunModel)" time="0.065" />
  <testcase classname="ptolemy.util.test.junit.AutoTests" name="[116] /home/travis/build/icyphy/ptII/ptolemy/domains/modal/test/auto/StrongImmediateTransition.xml (RunModel)" time="0.023" />
  <testcase classname="ptolemy.util.test.junit.AutoTests" name="[117] /home/travis/build/icyphy/ptII/ptolemy/domains/modal/test/auto/SustainHierarchy.xml (RunModel)" time="0.035" />
  <testcase classname="ptolemy.util.test.junit.AutoTests" name="[118] /home/travis/build/icyphy/ptII/ptolemy/domains/modal/test/auto/TerminationTransition1.xml (RunModel)" time="0.024" />
  <testcase classname="ptolemy.util.test.junit.AutoTests" name="[119] /home/travis/build/icyphy/ptII/ptolemy/domains/modal/test/auto/TerminationTransition2.xml (RunModel)" time="0.029" />
  <testcase classname="ptolemy.util.test.junit.AutoTests" name="[120] /home/travis/build/icyphy/ptII/ptolemy/domains/modal/test/auto/TerminationTransition3.xml (RunModel)" time="0.03" />
  <testcase classname="ptolemy.util.test.junit.AutoTests" name="[121] /home/travis/build/icyphy/ptII/ptolemy/domains/modal/test/auto/TerminationTransition4.xml (RunModel)" time="0.043" />
  <testcase classname="ptolemy.util.test.junit.AutoTests" name="[122] /home/travis/build/icyphy/ptII/ptolemy/domains/modal/test/auto/TerminationTransition5.xml (RunModel)" time="0.04" />
  <testcase classname="ptolemy.util.test.junit.AutoTests" name="[123] /home/travis/build/icyphy/ptII/ptolemy/domains/modal/test/auto/TerminationTransition6.xml (RunModel)" time="0.026" />
  <testcase classname="ptolemy.util.test.junit.AutoTests" name="[124] /home/travis/build/icyphy/ptII/ptolemy/domains/modal/test/auto/TerminationTransition7.xml (RunModel)" time="0.028" />
  <testcase classname="ptolemy.util.test.junit.AutoTests" name="[125] /home/travis/build/icyphy/ptII/ptolemy/domains/modal/test/auto/TerminationTransition8.xml (RunModel)" time="0.027" />
  <testcase classname="ptolemy.util.test.junit.AutoTests" name="[126] /home/travis/build/icyphy/ptII/ptolemy/domains/modal/test/auto/Thermostat_NoHysteresis.xml (RunModel)" time="0.085" />
  <testcase classname="ptolemy.util.test.junit.AutoTests" name="[127] /home/travis/build/icyphy/ptII/ptolemy/domains/modal/test/auto/TimedFSM.xml (RunModel)" time="0.039" />
  <testcase classname="ptolemy.util.test.junit.AutoTests" name="[128] /home/travis/build/icyphy/ptII/ptolemy/domains/modal/test/auto/Timeout1.xml (RunModel)" time="0.014" />
  <testcase classname="ptolemy.util.test.junit.AutoTests" name="[129] /home/travis/build/icyphy/ptII/ptolemy/domains/modal/test/auto/Timeout2.xml (RunModel)" time="0.023" />
  <testcase classname="ptolemy.util.test.junit.AutoTests" name="[130] /home/travis/build/icyphy/ptII/ptolemy/domains/modal/test/auto/Timeout3.xml (RunModel)" time="0.014" />
  <testcase classname="ptolemy.util.test.junit.AutoTests" name="[131] /home/travis/build/icyphy/ptII/ptolemy/domains/modal/test/auto/Timeout4.xml (RunModel)" time="0.015" />
  <testcase classname="ptolemy.util.test.junit.AutoTests" name="[132] /home/travis/build/icyphy/ptII/ptolemy/domains/modal/test/auto/TransientstateModelAdvanced.xml (RunModel)" time="0.031" />
  <testcase classname="ptolemy.util.test.junit.AutoTests" name="[133] /home/travis/build/icyphy/ptII/ptolemy/domains/modal/test/auto/TransientstateModelAdvanced2.xml (RunModel)" time="0.042" />
  <testcase classname="ptolemy.util.test.junit.AutoTests" name="[134] /home/travis/build/icyphy/ptII/ptolemy/domains/modal/test/auto/TransitionRefinements.xml (RunModel)" time="0.028" />
  <testcase classname="ptolemy.util.test.junit.AutoTests" name="[135] /home/travis/build/icyphy/ptII/ptolemy/domains/modal/test/auto/TwoRefinements1.xml (RunModel)" time="0.026" />
  <testcase classname="ptolemy.util.test.junit.AutoTests" name="[136] /home/travis/build/icyphy/ptII/ptolemy/domains/modal/test/auto/TwoRefinements2.xml (RunModel)" time="0.026" />
  <testcase classname="ptolemy.util.test.junit.AutoTests" name="[137] /home/travis/build/icyphy/ptII/ptolemy/domains/modal/test/auto/WeakImmediateTransition.xml (RunModel)" time="0.025" />
  <testcase classname="ptolemy.util.test.junit.AutoTests" name="[138] /home/travis/build/icyphy/ptII/ptolemy/domains/modal/test/auto/booleanSelect.xml (RunModel)" time="0.055" />
  <testcase classname="ptolemy.util.test.junit.AutoTests" name="[139] /home/travis/build/icyphy/ptII/ptolemy/domains/modal/test/auto/modalChangingParams.xml (RunModel)" time="0.356" />
  <testcase classname="ptolemy.util.test.junit.AutoTests" name="[140] /home/travis/build/icyphy/ptII/ptolemy/domains/modal/test/auto/modalModel.xml (RunModel)" time="0.043" />
  <testcase classname="ptolemy.util.test.junit.AutoTests" name="[141] /home/travis/build/icyphy/ptII/ptolemy/domains/modal/test/auto/modalModel2.xml (RunModel)" time="0.032" />
  <testcase classname="ptolemy.util.test.junit.AutoTests" name="[142] /home/travis/build/icyphy/ptII/ptolemy/domains/modal/test/auto/modalModel3.xml (RunModel)" time="0.042" />
  <testcase classname="ptolemy.util.test.junit.AutoTests" name="[143] /home/travis/build/icyphy/ptII/ptolemy/domains/modal/test/auto/model1.xml (RunModel)" time="0.024" />
  <testcase classname="ptolemy.util.test.junit.AutoTests" name="[144] /home/travis/build/icyphy/ptII/ptolemy/domains/modal/test/auto/test-direct-in-out.xml (RunModel)" time="0.029" />
  <system-out><![CDATA[/home/travis/build/icyphy/ptII/ptolemy/domains/modal/test/SystemLevelType.tcl
testDefs.tcl: setting time out to 9000 seconds at Sun Jul 22 01:47:03 UTC 2018
07/22/18 01:47:05
Failed: 0  Total Tests: 1  ((Passed: 1, Newly Passed: 0)  Known Failed: 0) /home/travis/build/icyphy/ptII/ptolemy/domains/modal/test
----------------- testing (KnownFailure) /home/travis/build/icyphy/ptII/ptolemy/domains/modal/test/auto/knownFailedTests/CannotAnalysisWithPreemption.xml
33 ms. Memory: 209408K Free: 127108K (61%)
Known Failure: java.lang.reflect.InvocationTargetException
No auto/linux-amd64/*.xml tests in /home/travis/build/icyphy/ptII/ptolemy/domains/modal/test
AutoTests.java: About to close Vertx.
AutoTests.java: Vertx closed.

===========================================================================================
----------------- testing Sun Jul 22 01:47:06 UTC 2018 /home/travis/build/icyphy/ptII/ptolemy/domains/modal/test/auto/ABPTest.xml
----------------- Instantiating /home/travis/build/icyphy/ptII/ptolemy/domains/modal/test/auto/ABPTest.xml
279 ms. Memory: 209920K Free: 109929K (52%)
----------------- Invoking toplevel() on ptolemy.moml.MoMLSimpleApplication@4a791824
----------------- Done invoking toplevel() on ptolemy.moml.MoMLSimpleApplication@4a791824
reloadAllAccessors: .ABPTest

===========================================================================================
----------------- testing Sun Jul 22 01:47:07 UTC 2018 /home/travis/build/icyphy/ptII/ptolemy/domains/modal/test/auto/ABROFlat.xml
----------------- Instantiating /home/travis/build/icyphy/ptII/ptolemy/domains/modal/test/auto/ABROFlat.xml
33 ms. Memory: 209920K Free: 92177K (44%)
----------------- Invoking toplevel() on ptolemy.moml.MoMLSimpleApplication@40b7cd5c
----------------- Done invoking toplevel() on ptolemy.moml.MoMLSimpleApplication@40b7cd5c
reloadAllAccessors: .ABROFlat

===========================================================================================
----------------- testing Sun Jul 22 01:47:07 UTC 2018 /home/travis/build/icyphy/ptII/ptolemy/domains/modal/test/auto/ABROFlat2.xml
----------------- Instantiating /home/travis/build/icyphy/ptII/ptolemy/domains/modal/test/auto/ABROFlat2.xml
37 ms. Memory: 332800K Free: 320660K (96%)
----------------- Invoking toplevel() on ptolemy.moml.MoMLSimpleApplication@511956aa
----------------- Done invoking toplevel() on ptolemy.moml.MoMLSimpleApplication@511956aa
reloadAllAccessors: .ABROFlat2

===========================================================================================
----------------- testing Sun Jul 22 01:47:07 UTC 2018 /home/travis/build/icyphy/ptII/ptolemy/domains/modal/test/auto/ABRO_present_hmm.xml
----------------- Instantiating /home/travis/build/icyphy/ptII/ptolemy/domains/modal/test/auto/ABRO_present_hmm.xml
46 ms. Memory: 332800K Free: 284826K (86%)
----------------- Invoking toplevel() on ptolemy.moml.MoMLSimpleApplication@5b4d71b3
----------------- Done invoking toplevel() on ptolemy.moml.MoMLSimpleApplication@5b4d71b3
reloadAllAccessors: .ABRO_present_hmm

===========================================================================================
----------------- testing Sun Jul 22 01:47:07 UTC 2018 /home/travis/build/icyphy/ptII/ptolemy/domains/modal/test/auto/AMICoderExample.xml
----------------- Instantiating /home/travis/build/icyphy/ptII/ptolemy/domains/modal/test/auto/AMICoderExample.xml
23 ms. Memory: 332800K Free: 274999K (83%)
----------------- Invoking toplevel() on ptolemy.moml.MoMLSimpleApplication@43535c4c
----------------- Done invoking toplevel() on ptolemy.moml.MoMLSimpleApplication@43535c4c
reloadAllAccessors: .AMICoderExample

===========================================================================================
----------------- testing Sun Jul 22 01:47:07 UTC 2018 /home/travis/build/icyphy/ptII/ptolemy/domains/modal/test/auto/AbsentToPresent.xml
----------------- Instantiating /home/travis/build/icyphy/ptII/ptolemy/domains/modal/test/auto/AbsentToPresent.xml
7 ms. Memory: 332800K Free: 270088K (81%)
----------------- Invoking toplevel() on ptolemy.moml.MoMLSimpleApplication@34228905
----------------- Done invoking toplevel() on ptolemy.moml.MoMLSimpleApplication@34228905
reloadAllAccessors: .AbsentToPresent

===========================================================================================
----------------- testing Sun Jul 22 01:47:07 UTC 2018 /home/travis/build/icyphy/ptII/ptolemy/domains/modal/test/auto/Blending.xml
----------------- Instantiating /home/travis/build/icyphy/ptII/ptolemy/domains/modal/test/auto/Blending.xml
199 ms. Memory: 332800K Free: 216842K (65%)
----------------- Invoking toplevel() on ptolemy.moml.MoMLSimpleApplication@64438e92
----------------- Done invoking toplevel() on ptolemy.moml.MoMLSimpleApplication@64438e92
reloadAllAccessors: .Blending

===========================================================================================
----------------- testing Sun Jul 22 01:47:08 UTC 2018 /home/travis/build/icyphy/ptII/ptolemy/domains/modal/test/auto/Broadcast.xml
----------------- Instantiating /home/travis/build/icyphy/ptII/ptolemy/domains/modal/test/auto/Broadcast.xml
9 ms. Memory: 332800K Free: 204539K (61%)
----------------- Invoking toplevel() on ptolemy.moml.MoMLSimpleApplication@15bd17
----------------- Done invoking toplevel() on ptolemy.moml.MoMLSimpleApplication@15bd17
reloadAllAccessors: .Broadcast

===========================================================================================
----------------- testing Sun Jul 22 01:47:08 UTC 2018 /home/travis/build/icyphy/ptII/ptolemy/domains/modal/test/auto/BroadcastHierarchy.xml
----------------- Instantiating /home/travis/build/icyphy/ptII/ptolemy/domains/modal/test/auto/BroadcastHierarchy.xml
15 ms. Memory: 332800K Free: 186119K (56%)
----------------- Invoking toplevel() on ptolemy.moml.MoMLSimpleApplication@5207b803
----------------- Done invoking toplevel() on ptolemy.moml.MoMLSimpleApplication@5207b803
reloadAllAccessors: .BroadcastHierarchy

===========================================================================================
----------------- testing Sun Jul 22 01:47:08 UTC 2018 /home/travis/build/icyphy/ptII/ptolemy/domains/modal/test/auto/BroadcastHierarchy2.xml
----------------- Instantiating /home/travis/build/icyphy/ptII/ptolemy/domains/modal/test/auto/BroadcastHierarchy2.xml
36 ms. Memory: 332800K Free: 150471K (45%)
----------------- Invoking toplevel() on ptolemy.moml.MoMLSimpleApplication@503409bc
----------------- Done invoking toplevel() on ptolemy.moml.MoMLSimpleApplication@503409bc
reloadAllAccessors: .BroadcastHierarchy2

===========================================================================================
----------------- testing Sun Jul 22 01:47:08 UTC 2018 /home/travis/build/icyphy/ptII/ptolemy/domains/modal/test/auto/BroadcastHierarchy3.xml
----------------- Instantiating /home/travis/build/icyphy/ptII/ptolemy/domains/modal/test/auto/BroadcastHierarchy3.xml
24 ms. Memory: 332800K Free: 120595K (36%)
----------------- Invoking toplevel() on ptolemy.moml.MoMLSimpleApplication@6091b4cb
----------------- Done invoking toplevel() on ptolemy.moml.MoMLSimpleApplication@6091b4cb
reloadAllAccessors: .BroadcastHierarchy3

===========================================================================================
----------------- testing Sun Jul 22 01:47:08 UTC 2018 /home/travis/build/icyphy/ptII/ptolemy/domains/modal/test/auto/BroadcastHierarchy4.xml
----------------- Instantiating /home/travis/build/icyphy/ptII/ptolemy/domains/modal/test/auto/BroadcastHierarchy4.xml
22 ms. Memory: 332800K Free: 88633K (27%)
----------------- Invoking toplevel() on ptolemy.moml.MoMLSimpleApplication@5e8cfe0b
----------------- Done invoking toplevel() on ptolemy.moml.MoMLSimpleApplication@5e8cfe0b
reloadAllAccessors: .BroadcastHierarchy4

===========================================================================================
----------------- testing Sun Jul 22 01:47:08 UTC 2018 /home/travis/build/icyphy/ptII/ptolemy/domains/modal/test/auto/CannotAnalysisWithPreemption2.xml
----------------- Instantiating /home/travis/build/icyphy/ptII/ptolemy/domains/modal/test/auto/CannotAnalysisWithPreemption2.xml
5 ms. Memory: 332800K Free: 80019K (24%)
----------------- Invoking toplevel() on ptolemy.moml.MoMLSimpleApplication@4b400bbc
----------------- Done invoking toplevel() on ptolemy.moml.MoMLSimpleApplication@4b400bbc
reloadAllAccessors: .CannotAnalysisWithPreemption2

===========================================================================================
----------------- testing Sun Jul 22 01:47:08 UTC 2018 /home/travis/build/icyphy/ptII/ptolemy/domains/modal/test/auto/CannotAnalysisWithPreemption3.xml
----------------- Instantiating /home/travis/build/icyphy/ptII/ptolemy/domains/modal/test/auto/CannotAnalysisWithPreemption3.xml
6 ms. Memory: 332800K Free: 312155K (94%)
----------------- Invoking toplevel() on ptolemy.moml.MoMLSimpleApplication@165d5b94
----------------- Done invoking toplevel() on ptolemy.moml.MoMLSimpleApplication@165d5b94
reloadAllAccessors: .CannotAnalysisWithPreemption3

===========================================================================================
----------------- testing Sun Jul 22 01:47:08 UTC 2018 /home/travis/build/icyphy/ptII/ptolemy/domains/modal/test/auto/CannotProduce.xml
----------------- Instantiating /home/travis/build/icyphy/ptII/ptolemy/domains/modal/test/auto/CannotProduce.xml
17 ms. Memory: 332800K Free: 302889K (91%)
----------------- Invoking toplevel() on ptolemy.moml.MoMLSimpleApplication@58733b2f
----------------- Done invoking toplevel() on ptolemy.moml.MoMLSimpleApplication@58733b2f
reloadAllAccessors: .CannotProduce

===========================================================================================
----------------- testing Sun Jul 22 01:47:08 UTC 2018 /home/travis/build/icyphy/ptII/ptolemy/domains/modal/test/auto/CannotProduceModal.xml
----------------- Instantiating /home/travis/build/icyphy/ptII/ptolemy/domains/modal/test/auto/CannotProduceModal.xml
10 ms. Memory: 332800K Free: 294259K (88%)
----------------- Invoking toplevel() on ptolemy.moml.MoMLSimpleApplication@326b7d5d
----------------- Done invoking toplevel() on ptolemy.moml.MoMLSimpleApplication@326b7d5d
reloadAllAccessors: .CannotProduceModal

===========================================================================================
----------------- testing Sun Jul 22 01:47:08 UTC 2018 /home/travis/build/icyphy/ptII/ptolemy/domains/modal/test/auto/Case.xml
----------------- Instantiating /home/travis/build/icyphy/ptII/ptolemy/domains/modal/test/auto/Case.xml
32 ms. Memory: 332800K Free: 278859K (84%)
----------------- Invoking toplevel() on ptolemy.moml.MoMLSimpleApplication@52c4cdeb
----------------- Done invoking toplevel() on ptolemy.moml.MoMLSimpleApplication@52c4cdeb
reloadAllAccessors: .Case

===========================================================================================
----------------- testing Sun Jul 22 01:47:08 UTC 2018 /home/travis/build/icyphy/ptII/ptolemy/domains/modal/test/auto/Case1.xml
----------------- Instantiating /home/travis/build/icyphy/ptII/ptolemy/domains/modal/test/auto/Case1.xml
16 ms. Memory: 332800K Free: 270261K (81%)
----------------- Invoking toplevel() on ptolemy.moml.MoMLSimpleApplication@666cbcc2
----------------- Done invoking toplevel() on ptolemy.moml.MoMLSimpleApplication@666cbcc2
reloadAllAccessors: .Case1

===========================================================================================
----------------- testing Sun Jul 22 01:47:08 UTC 2018 /home/travis/build/icyphy/ptII/ptolemy/domains/modal/test/auto/Case2.xml
----------------- Instantiating /home/travis/build/icyphy/ptII/ptolemy/domains/modal/test/auto/Case2.xml
30 ms. Memory: 332800K Free: 257936K (78%)
----------------- Invoking toplevel() on ptolemy.moml.MoMLSimpleApplication@5ad93863
----------------- Done invoking toplevel() on ptolemy.moml.MoMLSimpleApplication@5ad93863
reloadAllAccessors: .Case2

===========================================================================================
----------------- testing Sun Jul 22 01:47:08 UTC 2018 /home/travis/build/icyphy/ptII/ptolemy/domains/modal/test/auto/CausalityInterface1.xml
----------------- Instantiating /home/travis/build/icyphy/ptII/ptolemy/domains/modal/test/auto/CausalityInterface1.xml
4 ms. Memory: 332800K Free: 249942K (75%)
----------------- Invoking toplevel() on ptolemy.moml.MoMLSimpleApplication@7dbe7584
----------------- Done invoking toplevel() on ptolemy.moml.MoMLSimpleApplication@7dbe7584
reloadAllAccessors: .CausalityInterface1

===========================================================================================
----------------- testing Sun Jul 22 01:47:08 UTC 2018 /home/travis/build/icyphy/ptII/ptolemy/domains/modal/test/auto/CausalityInterface10.xml
----------------- Instantiating /home/travis/build/icyphy/ptII/ptolemy/domains/modal/test/auto/CausalityInterface10.xml
6 ms. Memory: 332800K Free: 232722K (70%)
----------------- Invoking toplevel() on ptolemy.moml.MoMLSimpleApplication@5af18583
----------------- Done invoking toplevel() on ptolemy.moml.MoMLSimpleApplication@5af18583
reloadAllAccessors: .CausalityInterface10

===========================================================================================
----------------- testing Sun Jul 22 01:47:09 UTC 2018 /home/travis/build/icyphy/ptII/ptolemy/domains/modal/test/auto/CausalityInterface11.xml
----------------- Instantiating /home/travis/build/icyphy/ptII/ptolemy/domains/modal/test/auto/CausalityInterface11.xml
13 ms. Memory: 332800K Free: 214890K (65%)
----------------- Invoking toplevel() on ptolemy.moml.MoMLSimpleApplication@1393ed4f
----------------- Done invoking toplevel() on ptolemy.moml.MoMLSimpleApplication@1393ed4f
reloadAllAccessors: .CausalityInterface11

===========================================================================================
----------------- testing Sun Jul 22 01:47:09 UTC 2018 /home/travis/build/icyphy/ptII/ptolemy/domains/modal/test/auto/CausalityInterface12.xml
----------------- Instantiating /home/travis/build/icyphy/ptII/ptolemy/domains/modal/test/auto/CausalityInterface12.xml
9 ms. Memory: 332800K Free: 198926K (60%)
----------------- Invoking toplevel() on ptolemy.moml.MoMLSimpleApplication@4154c0cd
----------------- Done invoking toplevel() on ptolemy.moml.MoMLSimpleApplication@4154c0cd
reloadAllAccessors: .CausalityInterface12

===========================================================================================
----------------- testing Sun Jul 22 01:47:09 UTC 2018 /home/travis/build/icyphy/ptII/ptolemy/domains/modal/test/auto/CausalityInterface13.xml
----------------- Instantiating /home/travis/build/icyphy/ptII/ptolemy/domains/modal/test/auto/CausalityInterface13.xml
14 ms. Memory: 332800K Free: 181697K (55%)
----------------- Invoking toplevel() on ptolemy.moml.MoMLSimpleApplication@6bc8579e
----------------- Done invoking toplevel() on ptolemy.moml.MoMLSimpleApplication@6bc8579e
reloadAllAccessors: .CausalityInterface13

===========================================================================================
----------------- testing Sun Jul 22 01:47:09 UTC 2018 /home/travis/build/icyphy/ptII/ptolemy/domains/modal/test/auto/CausalityInterface14.xml
----------------- Instantiating /home/travis/build/icyphy/ptII/ptolemy/domains/modal/test/auto/CausalityInterface14.xml
9 ms. Memory: 332800K Free: 162602K (49%)
----------------- Invoking toplevel() on ptolemy.moml.MoMLSimpleApplication@56aacdce
----------------- Done invoking toplevel() on ptolemy.moml.MoMLSimpleApplication@56aacdce
reloadAllAccessors: .CausalityInterface14

===========================================================================================
----------------- testing Sun Jul 22 01:47:09 UTC 2018 /home/travis/build/icyphy/ptII/ptolemy/domains/modal/test/auto/CausalityInterface2.xml
----------------- Instantiating /home/travis/build/icyphy/ptII/ptolemy/domains/modal/test/auto/CausalityInterface2.xml
10 ms. Memory: 332800K Free: 155228K (47%)
----------------- Invoking toplevel() on ptolemy.moml.MoMLSimpleApplication@76fb80d7
----------------- Done invoking toplevel() on ptolemy.moml.MoMLSimpleApplication@76fb80d7
reloadAllAccessors: .CausalityInterface2

===========================================================================================
----------------- testing Sun Jul 22 01:47:09 UTC 2018 /home/travis/build/icyphy/ptII/ptolemy/domains/modal/test/auto/CausalityInterface3.xml
----------------- Instantiating /home/travis/build/icyphy/ptII/ptolemy/domains/modal/test/auto/CausalityInterface3.xml
8 ms. Memory: 332800K Free: 145995K (44%)
----------------- Invoking toplevel() on ptolemy.moml.MoMLSimpleApplication@2b76b88b
----------------- Done invoking toplevel() on ptolemy.moml.MoMLSimpleApplication@2b76b88b
reloadAllAccessors: .CausalityInterface3

===========================================================================================
----------------- testing Sun Jul 22 01:47:09 UTC 2018 /home/travis/build/icyphy/ptII/ptolemy/domains/modal/test/auto/CausalityInterface4.xml
----------------- Instantiating /home/travis/build/icyphy/ptII/ptolemy/domains/modal/test/auto/CausalityInterface4.xml
3 ms. Memory: 332800K Free: 138628K (42%)
----------------- Invoking toplevel() on ptolemy.moml.MoMLSimpleApplication@366806f7
----------------- Done invoking toplevel() on ptolemy.moml.MoMLSimpleApplication@366806f7
reloadAllAccessors: .CausalityInterface4

===========================================================================================
----------------- testing Sun Jul 22 01:47:09 UTC 2018 /home/travis/build/icyphy/ptII/ptolemy/domains/modal/test/auto/CausalityInterface5.xml
----------------- Instantiating /home/travis/build/icyphy/ptII/ptolemy/domains/modal/test/auto/CausalityInterface5.xml
4 ms. Memory: 332800K Free: 128775K (39%)
----------------- Invoking toplevel() on ptolemy.moml.MoMLSimpleApplication@13db2be6
----------------- Done invoking toplevel() on ptolemy.moml.MoMLSimpleApplication@13db2be6
reloadAllAccessors: .CausalityInterface5

===========================================================================================
----------------- testing Sun Jul 22 01:47:09 UTC 2018 /home/travis/build/icyphy/ptII/ptolemy/domains/modal/test/auto/CausalityInterface6.xml
----------------- Instantiating /home/travis/build/icyphy/ptII/ptolemy/domains/modal/test/auto/CausalityInterface6.xml
5 ms. Memory: 332800K Free: 117046K (35%)
----------------- Invoking toplevel() on ptolemy.moml.MoMLSimpleApplication@c3ccf86
----------------- Done invoking toplevel() on ptolemy.moml.MoMLSimpleApplication@c3ccf86
reloadAllAccessors: .CausalityInterface6

===========================================================================================
----------------- testing Sun Jul 22 01:47:09 UTC 2018 /home/travis/build/icyphy/ptII/ptolemy/domains/modal/test/auto/CausalityInterface7.xml
----------------- Instantiating /home/travis/build/icyphy/ptII/ptolemy/domains/modal/test/auto/CausalityInterface7.xml
8 ms. Memory: 332800K Free: 107192K (32%)
----------------- Invoking toplevel() on ptolemy.moml.MoMLSimpleApplication@4ba6ec82
----------------- Done invoking toplevel() on ptolemy.moml.MoMLSimpleApplication@4ba6ec82
reloadAllAccessors: .CausalityInterface7

===========================================================================================
----------------- testing Sun Jul 22 01:47:09 UTC 2018 /home/travis/build/icyphy/ptII/ptolemy/domains/modal/test/auto/CausalityInterface8.xml
----------------- Instantiating /home/travis/build/icyphy/ptII/ptolemy/domains/modal/test/auto/CausalityInterface8.xml
5 ms. Memory: 332800K Free: 95480K (29%)
----------------- Invoking toplevel() on ptolemy.moml.MoMLSimpleApplication@3af2c98
----------------- Done invoking toplevel() on ptolemy.moml.MoMLSimpleApplication@3af2c98
reloadAllAccessors: .CausalityInterface8

===========================================================================================
----------------- testing Sun Jul 22 01:47:09 UTC 2018 /home/travis/build/icyphy/ptII/ptolemy/domains/modal/test/auto/CausalityInterface9.xml
----------------- Instantiating /home/travis/build/icyphy/ptII/ptolemy/domains/modal/test/auto/CausalityInterface9.xml
7 ms. Memory: 332800K Free: 84402K (25%)
----------------- Invoking toplevel() on ptolemy.moml.MoMLSimpleApplication@b6da6ed
----------------- Done invoking toplevel() on ptolemy.moml.MoMLSimpleApplication@b6da6ed
reloadAllAccessors: .CausalityInterface9

===========================================================================================
----------------- testing Sun Jul 22 01:47:09 UTC 2018 /home/travis/build/icyphy/ptII/ptolemy/domains/modal/test/auto/ChainedTransitions.xml
----------------- Instantiating /home/travis/build/icyphy/ptII/ptolemy/domains/modal/test/auto/ChainedTransitions.xml
107 ms. Memory: 479232K Free: 447640K (93%)
----------------- Invoking toplevel() on ptolemy.moml.MoMLSimpleApplication@42530771
----------------- Done invoking toplevel() on ptolemy.moml.MoMLSimpleApplication@42530771
reloadAllAccessors: .ChainedTransitions

===========================================================================================
----------------- testing Sun Jul 22 01:47:09 UTC 2018 /home/travis/build/icyphy/ptII/ptolemy/domains/modal/test/auto/CycleOfImmediateTransitionsFSM.xml
----------------- Instantiating /home/travis/build/icyphy/ptII/ptolemy/domains/modal/test/auto/CycleOfImmediateTransitionsFSM.xml
2 ms. Memory: 479232K Free: 437681K (91%)
----------------- Invoking toplevel() on ptolemy.moml.MoMLSimpleApplication@6426f85d
----------------- Done invoking toplevel() on ptolemy.moml.MoMLSimpleApplication@6426f85d
reloadAllAccessors: .CycleOfImmediateTransitionsFSM

===========================================================================================
----------------- testing Sun Jul 22 01:47:09 UTC 2018 /home/travis/build/icyphy/ptII/ptolemy/domains/modal/test/auto/CycleOfImmediateTransitionsModal.xml
----------------- Instantiating /home/travis/build/icyphy/ptII/ptolemy/domains/modal/test/auto/CycleOfImmediateTransitionsModal.xml
2 ms. Memory: 479232K Free: 424610K (89%)
----------------- Invoking toplevel() on ptolemy.moml.MoMLSimpleApplication@59788eb7
----------------- Done invoking toplevel() on ptolemy.moml.MoMLSimpleApplication@59788eb7
reloadAllAccessors: .CycleOfImmediateTransitionsModal

===========================================================================================
----------------- testing Sun Jul 22 01:47:09 UTC 2018 /home/travis/build/icyphy/ptII/ptolemy/domains/modal/test/auto/CycleOfImmediateTransitionsModal2.xml
----------------- Instantiating /home/travis/build/icyphy/ptII/ptolemy/domains/modal/test/auto/CycleOfImmediateTransitionsModal2.xml
2 ms. Memory: 479232K Free: 412044K (86%)
----------------- Invoking toplevel() on ptolemy.moml.MoMLSimpleApplication@8622a3
----------------- Done invoking toplevel() on ptolemy.moml.MoMLSimpleApplication@8622a3
reloadAllAccessors: .CycleOfImmediateTransitionsModal2

===========================================================================================
----------------- testing Sun Jul 22 01:47:09 UTC 2018 /home/travis/build/icyphy/ptII/ptolemy/domains/modal/test/auto/CycleOfImmediateTransitionsModal3.xml
----------------- Instantiating /home/travis/build/icyphy/ptII/ptolemy/domains/modal/test/auto/CycleOfImmediateTransitionsModal3.xml
11 ms. Memory: 479232K Free: 383309K (80%)
----------------- Invoking toplevel() on ptolemy.moml.MoMLSimpleApplication@2321e313
----------------- Done invoking toplevel() on ptolemy.moml.MoMLSimpleApplication@2321e313
reloadAllAccessors: .CycleOfImmediateTransitionsModal3

===========================================================================================
----------------- testing Sun Jul 22 01:47:10 UTC 2018 /home/travis/build/icyphy/ptII/ptolemy/domains/modal/test/auto/DeepModal1.xml
----------------- Instantiating /home/travis/build/icyphy/ptII/ptolemy/domains/modal/test/auto/DeepModal1.xml
19 ms. Memory: 479232K Free: 367630K (77%)
----------------- Invoking toplevel() on ptolemy.moml.MoMLSimpleApplication@649c2b
----------------- Done invoking toplevel() on ptolemy.moml.MoMLSimpleApplication@649c2b
reloadAllAccessors: .DeepModal1

===========================================================================================
----------------- testing Sun Jul 22 01:47:10 UTC 2018 /home/travis/build/icyphy/ptII/ptolemy/domains/modal/test/auto/DeepModal2.xml
----------------- Instantiating /home/travis/build/icyphy/ptII/ptolemy/domains/modal/test/auto/DeepModal2.xml
30 ms. Memory: 479232K Free: 341969K (71%)
----------------- Invoking toplevel() on ptolemy.moml.MoMLSimpleApplication@55005d75
----------------- Done invoking toplevel() on ptolemy.moml.MoMLSimpleApplication@55005d75
reloadAllAccessors: .DeepModal2

===========================================================================================
----------------- testing Sun Jul 22 01:47:10 UTC 2018 /home/travis/build/icyphy/ptII/ptolemy/domains/modal/test/auto/DeepModal3.xml
----------------- Instantiating /home/travis/build/icyphy/ptII/ptolemy/domains/modal/test/auto/DeepModal3.xml
35 ms. Memory: 479232K Free: 318442K (66%)
----------------- Invoking toplevel() on ptolemy.moml.MoMLSimpleApplication@1512a2cd
----------------- Done invoking toplevel() on ptolemy.moml.MoMLSimpleApplication@1512a2cd
reloadAllAccessors: .DeepModal3

===========================================================================================
----------------- testing Sun Jul 22 01:47:10 UTC 2018 /home/travis/build/icyphy/ptII/ptolemy/domains/modal/test/auto/DeepModal4.xml
----------------- Instantiating /home/travis/build/icyphy/ptII/ptolemy/domains/modal/test/auto/DeepModal4.xml
35 ms. Memory: 479232K Free: 294916K (62%)
----------------- Invoking toplevel() on ptolemy.moml.MoMLSimpleApplication@4b7dbe40
----------------- Done invoking toplevel() on ptolemy.moml.MoMLSimpleApplication@4b7dbe40
reloadAllAccessors: .DeepModal4

===========================================================================================
----------------- testing Sun Jul 22 01:47:10 UTC 2018 /home/travis/build/icyphy/ptII/ptolemy/domains/modal/test/auto/Default1.xml
----------------- Instantiating /home/travis/build/icyphy/ptII/ptolemy/domains/modal/test/auto/Default1.xml
2 ms. Memory: 479232K Free: 282350K (59%)
----------------- Invoking toplevel() on ptolemy.moml.MoMLSimpleApplication@6f4507b5
----------------- Done invoking toplevel() on ptolemy.moml.MoMLSimpleApplication@6f4507b5
reloadAllAccessors: .Default1

===========================================================================================
----------------- testing Sun Jul 22 01:47:10 UTC 2018 /home/travis/build/icyphy/ptII/ptolemy/domains/modal/test/auto/Default2.xml
----------------- Instantiating /home/travis/build/icyphy/ptII/ptolemy/domains/modal/test/auto/Default2.xml
3 ms. Memory: 479232K Free: 274518K (57%)
----------------- Invoking toplevel() on ptolemy.moml.MoMLSimpleApplication@1d67758d
----------------- Done invoking toplevel() on ptolemy.moml.MoMLSimpleApplication@1d67758d
reloadAllAccessors: .Default2

===========================================================================================
----------------- testing Sun Jul 22 01:47:10 UTC 2018 /home/travis/build/icyphy/ptII/ptolemy/domains/modal/test/auto/Default3.xml
----------------- Instantiating /home/travis/build/icyphy/ptII/ptolemy/domains/modal/test/auto/Default3.xml
3 ms. Memory: 479232K Free: 264055K (55%)
----------------- Invoking toplevel() on ptolemy.moml.MoMLSimpleApplication@27dc4958
----------------- Done invoking toplevel() on ptolemy.moml.MoMLSimpleApplication@27dc4958
reloadAllAccessors: .Default3

===========================================================================================
----------------- testing Sun Jul 22 01:47:10 UTC 2018 /home/travis/build/icyphy/ptII/ptolemy/domains/modal/test/auto/Default4.xml
----------------- Instantiating /home/travis/build/icyphy/ptII/ptolemy/domains/modal/test/auto/Default4.xml
2 ms. Memory: 479232K Free: 254113K (53%)
----------------- Invoking toplevel() on ptolemy.moml.MoMLSimpleApplication@67fbcffe
----------------- Done invoking toplevel() on ptolemy.moml.MoMLSimpleApplication@67fbcffe
reloadAllAccessors: .Default4

===========================================================================================
----------------- testing Sun Jul 22 01:47:10 UTC 2018 /home/travis/build/icyphy/ptII/ptolemy/domains/modal/test/auto/Default5.xml
----------------- Instantiating /home/travis/build/icyphy/ptII/ptolemy/domains/modal/test/auto/Default5.xml
7 ms. Memory: 479232K Free: 243665K (51%)
----------------- Invoking toplevel() on ptolemy.moml.MoMLSimpleApplication@5833284a
----------------- Done invoking toplevel() on ptolemy.moml.MoMLSimpleApplication@5833284a
reloadAllAccessors: .Default5

===========================================================================================
----------------- testing Sun Jul 22 01:47:10 UTC 2018 /home/travis/build/icyphy/ptII/ptolemy/domains/modal/test/auto/EmptyGuard.xml
----------------- Instantiating /home/travis/build/icyphy/ptII/ptolemy/domains/modal/test/auto/EmptyGuard.xml
14 ms. Memory: 479232K Free: 233218K (49%)
----------------- Invoking toplevel() on ptolemy.moml.MoMLSimpleApplication@fceacc9
----------------- Done invoking toplevel() on ptolemy.moml.MoMLSimpleApplication@fceacc9
reloadAllAccessors: .EmptyGuard

===========================================================================================
----------------- testing Sun Jul 22 01:47:10 UTC 2018 /home/travis/build/icyphy/ptII/ptolemy/domains/modal/test/auto/ErrorTransition1.xml
----------------- Instantiating /home/travis/build/icyphy/ptII/ptolemy/domains/modal/test/auto/ErrorTransition1.xml
6 ms. Memory: 479232K Free: 220652K (46%)
----------------- Invoking toplevel() on ptolemy.moml.MoMLSimpleApplication@2e8a43
----------------- Done invoking toplevel() on ptolemy.moml.MoMLSimpleApplication@2e8a43
reloadAllAccessors: .ErrorTransition1

===========================================================================================
----------------- testing Sun Jul 22 01:47:10 UTC 2018 /home/travis/build/icyphy/ptII/ptolemy/domains/modal/test/auto/ErrorTransition10.xml
----------------- Instantiating /home/travis/build/icyphy/ptII/ptolemy/domains/modal/test/auto/ErrorTransition10.xml
11 ms. Memory: 479232K Free: 202365K (42%)
----------------- Invoking toplevel() on ptolemy.moml.MoMLSimpleApplication@58310632
----------------- Done invoking toplevel() on ptolemy.moml.MoMLSimpleApplication@58310632
reloadAllAccessors: .ErrorTransition10

===========================================================================================
----------------- testing Sun Jul 22 01:47:10 UTC 2018 /home/travis/build/icyphy/ptII/ptolemy/domains/modal/test/auto/ErrorTransition11.xml
----------------- Instantiating /home/travis/build/icyphy/ptII/ptolemy/domains/modal/test/auto/ErrorTransition11.xml
4 ms. Memory: 479232K Free: 184567K (39%)
----------------- Invoking toplevel() on ptolemy.moml.MoMLSimpleApplication@440c987b
----------------- Done invoking toplevel() on ptolemy.moml.MoMLSimpleApplication@440c987b
reloadAllAccessors: .ErrorTransition11

===========================================================================================
----------------- testing Sun Jul 22 01:47:10 UTC 2018 /home/travis/build/icyphy/ptII/ptolemy/domains/modal/test/auto/ErrorTransition2.xml
----------------- Instantiating /home/travis/build/icyphy/ptII/ptolemy/domains/modal/test/auto/ErrorTransition2.xml
5 ms. Memory: 479232K Free: 174120K (36%)
----------------- Invoking toplevel() on ptolemy.moml.MoMLSimpleApplication@586bd482
----------------- Done invoking toplevel() on ptolemy.moml.MoMLSimpleApplication@586bd482
reloadAllAccessors: .ErrorTransition2

===========================================================================================
----------------- testing Sun Jul 22 01:47:10 UTC 2018 /home/travis/build/icyphy/ptII/ptolemy/domains/modal/test/auto/ErrorTransition3.xml
----------------- Instantiating /home/travis/build/icyphy/ptII/ptolemy/domains/modal/test/auto/ErrorTransition3.xml
12 ms. Memory: 479232K Free: 163680K (34%)
----------------- Invoking toplevel() on ptolemy.moml.MoMLSimpleApplication@2b880eae
----------------- Done invoking toplevel() on ptolemy.moml.MoMLSimpleApplication@2b880eae
reloadAllAccessors: .ErrorTransition3

===========================================================================================
----------------- testing Sun Jul 22 01:47:10 UTC 2018 /home/travis/build/icyphy/ptII/ptolemy/domains/modal/test/auto/ErrorTransition4.xml
----------------- Instantiating /home/travis/build/icyphy/ptII/ptolemy/domains/modal/test/auto/ErrorTransition4.xml
11 ms. Memory: 479232K Free: 148490K (31%)
----------------- Invoking toplevel() on ptolemy.moml.MoMLSimpleApplication@70dccb90
----------------- Done invoking toplevel() on ptolemy.moml.MoMLSimpleApplication@70dccb90
reloadAllAccessors: .ErrorTransition4

===========================================================================================
----------------- testing Sun Jul 22 01:47:10 UTC 2018 /home/travis/build/icyphy/ptII/ptolemy/domains/modal/test/auto/ErrorTransition5.xml
----------------- Instantiating /home/travis/build/icyphy/ptII/ptolemy/domains/modal/test/auto/ErrorTransition5.xml
5 ms. Memory: 479232K Free: 135451K (28%)
----------------- Invoking toplevel() on ptolemy.moml.MoMLSimpleApplication@647a12db
----------------- Done invoking toplevel() on ptolemy.moml.MoMLSimpleApplication@647a12db
reloadAllAccessors: .ErrorTransition5

===========================================================================================
----------------- testing Sun Jul 22 01:47:10 UTC 2018 /home/travis/build/icyphy/ptII/ptolemy/domains/modal/test/auto/ErrorTransition6.xml
----------------- Instantiating /home/travis/build/icyphy/ptII/ptolemy/domains/modal/test/auto/ErrorTransition6.xml
7 ms. Memory: 479232K Free: 122380K (26%)
----------------- Invoking toplevel() on ptolemy.moml.MoMLSimpleApplication@368db3c5
----------------- Done invoking toplevel() on ptolemy.moml.MoMLSimpleApplication@368db3c5
reloadAllAccessors: .ErrorTransition6

===========================================================================================
----------------- testing Sun Jul 22 01:47:10 UTC 2018 /home/travis/build/icyphy/ptII/ptolemy/domains/modal/test/auto/ErrorTransition7.xml
----------------- Instantiating /home/travis/build/icyphy/ptII/ptolemy/domains/modal/test/auto/ErrorTransition7.xml
10 ms. Memory: 479232K Free: 104582K (22%)
----------------- Invoking toplevel() on ptolemy.moml.MoMLSimpleApplication@1b77226d
----------------- Done invoking toplevel() on ptolemy.moml.MoMLSimpleApplication@1b77226d
reloadAllAccessors: .ErrorTransition7

===========================================================================================
----------------- testing Sun Jul 22 01:47:10 UTC 2018 /home/travis/build/icyphy/ptII/ptolemy/domains/modal/test/auto/ErrorTransition8.xml
----------------- Instantiating /home/travis/build/icyphy/ptII/ptolemy/domains/modal/test/auto/ErrorTransition8.xml
22 ms. Memory: 479232K Free: 86263K (18%)
----------------- Invoking toplevel() on ptolemy.moml.MoMLSimpleApplication@23fb13e
----------------- Done invoking toplevel() on ptolemy.moml.MoMLSimpleApplication@23fb13e
reloadAllAccessors: .ErrorTransition8

===========================================================================================
----------------- testing Sun Jul 22 01:47:10 UTC 2018 /home/travis/build/icyphy/ptII/ptolemy/domains/modal/test/auto/ErrorTransition9.xml
----------------- Instantiating /home/travis/build/icyphy/ptII/ptolemy/domains/modal/test/auto/ErrorTransition9.xml
12 ms. Memory: 479744K Free: 460532K (96%)
----------------- Invoking toplevel() on ptolemy.moml.MoMLSimpleApplication@f05b68a
----------------- Done invoking toplevel() on ptolemy.moml.MoMLSimpleApplication@f05b68a
reloadAllAccessors: .ErrorTransition9

===========================================================================================
----------------- testing Sun Jul 22 01:47:10 UTC 2018 /home/travis/build/icyphy/ptII/ptolemy/domains/modal/test/auto/ExtendedFSM.xml
----------------- Instantiating /home/travis/build/icyphy/ptII/ptolemy/domains/modal/test/auto/ExtendedFSM.xml
8 ms. Memory: 479744K Free: 448579K (94%)
----------------- Invoking toplevel() on ptolemy.moml.MoMLSimpleApplication@339be97a
----------------- Done invoking toplevel() on ptolemy.moml.MoMLSimpleApplication@339be97a
reloadAllAccessors: .ExtendedFSM

===========================================================================================
----------------- testing Sun Jul 22 01:47:11 UTC 2018 /home/travis/build/icyphy/ptII/ptolemy/domains/modal/test/auto/FinalStates.xml
----------------- Instantiating /home/travis/build/icyphy/ptII/ptolemy/domains/modal/test/auto/FinalStates.xml
5 ms. Memory: 479744K Free: 436632K (91%)
----------------- Invoking toplevel() on ptolemy.moml.MoMLSimpleApplication@6a7e1e30
----------------- Done invoking toplevel() on ptolemy.moml.MoMLSimpleApplication@6a7e1e30
reloadAllAccessors: .FinalStates

===========================================================================================
----------------- testing Sun Jul 22 01:47:11 UTC 2018 /home/travis/build/icyphy/ptII/ptolemy/domains/modal/test/auto/FixedPointFSM.xml
----------------- Instantiating /home/travis/build/icyphy/ptII/ptolemy/domains/modal/test/auto/FixedPointFSM.xml
24 ms. Memory: 479744K Free: 418269K (87%)
----------------- Invoking toplevel() on ptolemy.moml.MoMLSimpleApplication@6d3b812c
----------------- Done invoking toplevel() on ptolemy.moml.MoMLSimpleApplication@6d3b812c
reloadAllAccessors: .FixedPointFSM

===========================================================================================
----------------- testing Sun Jul 22 01:47:11 UTC 2018 /home/travis/build/icyphy/ptII/ptolemy/domains/modal/test/auto/FixedPointIterationFSMActor.xml
----------------- Instantiating /home/travis/build/icyphy/ptII/ptolemy/domains/modal/test/auto/FixedPointIterationFSMActor.xml
8 ms. Memory: 479744K Free: 403707K (84%)
----------------- Invoking toplevel() on ptolemy.moml.MoMLSimpleApplication@348df804
----------------- Done invoking toplevel() on ptolemy.moml.MoMLSimpleApplication@348df804
reloadAllAccessors: .FixedPointIterationFSMActor

===========================================================================================
----------------- testing Sun Jul 22 01:47:11 UTC 2018 /home/travis/build/icyphy/ptII/ptolemy/domains/modal/test/auto/FixedPointIterationFSMActor2.xml
----------------- Instantiating /home/travis/build/icyphy/ptII/ptolemy/domains/modal/test/auto/FixedPointIterationFSMActor2.xml
14 ms. Memory: 479744K Free: 388028K (81%)
----------------- Invoking toplevel() on ptolemy.moml.MoMLSimpleApplication@7c92aacc
----------------- Done invoking toplevel() on ptolemy.moml.MoMLSimpleApplication@7c92aacc
reloadAllAccessors: .FixedPointIterationFSMActor2

===========================================================================================
----------------- testing Sun Jul 22 01:47:11 UTC 2018 /home/travis/build/icyphy/ptII/ptolemy/domains/modal/test/auto/ForbiddenInstantanousLoop.xml
----------------- Instantiating /home/travis/build/icyphy/ptII/ptolemy/domains/modal/test/auto/ForbiddenInstantanousLoop.xml
5 ms. Memory: 479744K Free: 370827K (77%)
----------------- Invoking toplevel() on ptolemy.moml.MoMLSimpleApplication@6169d74f
----------------- Done invoking toplevel() on ptolemy.moml.MoMLSimpleApplication@6169d74f
reloadAllAccessors: .ForbiddenInstantanousLoop

===========================================================================================
----------------- testing Sun Jul 22 01:47:11 UTC 2018 /home/travis/build/icyphy/ptII/ptolemy/domains/modal/test/auto/FunctionDependencyOfFSMActorTest.xml
----------------- Instantiating /home/travis/build/icyphy/ptII/ptolemy/domains/modal/test/auto/FunctionDependencyOfFSMActorTest.xml
15 ms. Memory: 479744K Free: 362987K (76%)
----------------- Invoking toplevel() on ptolemy.moml.MoMLSimpleApplication@a320ae0
----------------- Done invoking toplevel() on ptolemy.moml.MoMLSimpleApplication@a320ae0
reloadAllAccessors: .FunctionDependencyOfFSMActorTest

===========================================================================================
----------------- testing Sun Jul 22 01:47:11 UTC 2018 /home/travis/build/icyphy/ptII/ptolemy/domains/modal/test/auto/GuardExpression.xml
----------------- Instantiating /home/travis/build/icyphy/ptII/ptolemy/domains/modal/test/auto/GuardExpression.xml
7 ms. Memory: 479744K Free: 353649K (74%)
----------------- Invoking toplevel() on ptolemy.moml.MoMLSimpleApplication@32a74a44
----------------- Done invoking toplevel() on ptolemy.moml.MoMLSimpleApplication@32a74a44
reloadAllAccessors: .GuardExpression

===========================================================================================
----------------- testing Sun Jul 22 01:47:11 UTC 2018 /home/travis/build/icyphy/ptII/ptolemy/domains/modal/test/auto/GuardNotEvaluated.xml
----------------- Instantiating /home/travis/build/icyphy/ptII/ptolemy/domains/modal/test/auto/GuardNotEvaluated.xml
6 ms. Memory: 479744K Free: 343202K (72%)
----------------- Invoking toplevel() on ptolemy.moml.MoMLSimpleApplication@ac87ce8
----------------- Done invoking toplevel() on ptolemy.moml.MoMLSimpleApplication@ac87ce8
reloadAllAccessors: .GuardNotEvaluated

===========================================================================================
----------------- testing Sun Jul 22 01:47:11 UTC 2018 /home/travis/build/icyphy/ptII/ptolemy/domains/modal/test/auto/GuardNotEvaluated2.xml
----------------- Instantiating /home/travis/build/icyphy/ptII/ptolemy/domains/modal/test/auto/GuardNotEvaluated2.xml
7 ms. Memory: 479744K Free: 331256K (69%)
----------------- Invoking toplevel() on ptolemy.moml.MoMLSimpleApplication@3b347b25
----------------- Done invoking toplevel() on ptolemy.moml.MoMLSimpleApplication@3b347b25
reloadAllAccessors: .GuardNotEvaluated2

===========================================================================================
----------------- testing Sun Jul 22 01:47:11 UTC 2018 /home/travis/build/icyphy/ptII/ptolemy/domains/modal/test/auto/GuardOnAbsent.xml
----------------- Instantiating /home/travis/build/icyphy/ptII/ptolemy/domains/modal/test/auto/GuardOnAbsent.xml
13 ms. Memory: 479744K Free: 320793K (67%)
----------------- Invoking toplevel() on ptolemy.moml.MoMLSimpleApplication@49158d7
----------------- Done invoking toplevel() on ptolemy.moml.MoMLSimpleApplication@49158d7
reloadAllAccessors: .GuardOnAbsent

===========================================================================================
----------------- testing Sun Jul 22 01:47:11 UTC 2018 /home/travis/build/icyphy/ptII/ptolemy/domains/modal/test/auto/HierarchicalFSMTypeInference.xml
----------------- Instantiating /home/travis/build/icyphy/ptII/ptolemy/domains/modal/test/auto/HierarchicalFSMTypeInference.xml
6 ms. Memory: 479744K Free: 303624K (63%)
----------------- Invoking toplevel() on ptolemy.moml.MoMLSimpleApplication@5875dca3
----------------- Done invoking toplevel() on ptolemy.moml.MoMLSimpleApplication@5875dca3
reloadAllAccessors: .HierarchicalFSMTypeInference

===========================================================================================
----------------- testing Sun Jul 22 01:47:11 UTC 2018 /home/travis/build/icyphy/ptII/ptolemy/domains/modal/test/auto/Hysteresis.xml
----------------- Instantiating /home/travis/build/icyphy/ptII/ptolemy/domains/modal/test/auto/Hysteresis.xml
10 ms. Memory: 479744K Free: 285329K (59%)
----------------- Invoking toplevel() on ptolemy.moml.MoMLSimpleApplication@16be704a
----------------- Done invoking toplevel() on ptolemy.moml.MoMLSimpleApplication@16be704a
reloadAllAccessors: .Hysteresis

===========================================================================================
----------------- testing Sun Jul 22 01:47:11 UTC 2018 /home/travis/build/icyphy/ptII/ptolemy/domains/modal/test/auto/HysteresisWithDefault.xml
----------------- Instantiating /home/travis/build/icyphy/ptII/ptolemy/domains/modal/test/auto/HysteresisWithDefault.xml
48 ms. Memory: 479744K Free: 257696K (54%)
----------------- Invoking toplevel() on ptolemy.moml.MoMLSimpleApplication@1f72a613
----------------- Done invoking toplevel() on ptolemy.moml.MoMLSimpleApplication@1f72a613
reloadAllAccessors: .HysteresisWithDefault

===========================================================================================
----------------- testing Sun Jul 22 01:47:11 UTC 2018 /home/travis/build/icyphy/ptII/ptolemy/domains/modal/test/auto/HysteresisWithDefault2.xml
----------------- Instantiating /home/travis/build/icyphy/ptII/ptolemy/domains/modal/test/auto/HysteresisWithDefault2.xml
57 ms. Memory: 479744K Free: 223714K (47%)
----------------- Invoking toplevel() on ptolemy.moml.MoMLSimpleApplication@166381a8
----------------- Done invoking toplevel() on ptolemy.moml.MoMLSimpleApplication@166381a8
reloadAllAccessors: .HysteresisWithDefault2

===========================================================================================
----------------- testing Sun Jul 22 01:47:11 UTC 2018 /home/travis/build/icyphy/ptII/ptolemy/domains/modal/test/auto/ImmediateNonConstructiveness.xml
----------------- Instantiating /home/travis/build/icyphy/ptII/ptolemy/domains/modal/test/auto/ImmediateNonConstructiveness.xml
4 ms. Memory: 479744K Free: 211760K (44%)
----------------- Invoking toplevel() on ptolemy.moml.MoMLSimpleApplication@41670db2
----------------- Done invoking toplevel() on ptolemy.moml.MoMLSimpleApplication@41670db2
reloadAllAccessors: .ImmediateNonConstructiveness

===========================================================================================
----------------- testing Sun Jul 22 01:47:11 UTC 2018 /home/travis/build/icyphy/ptII/ptolemy/domains/modal/test/auto/ImmediateNonConstructiveness2.xml
----------------- Instantiating /home/travis/build/icyphy/ptII/ptolemy/domains/modal/test/auto/ImmediateNonConstructiveness2.xml
2 ms. Memory: 479744K Free: 201297K (42%)
----------------- Invoking toplevel() on ptolemy.moml.MoMLSimpleApplication@244111eb
----------------- Done invoking toplevel() on ptolemy.moml.MoMLSimpleApplication@244111eb
reloadAllAccessors: .ImmediateNonConstructiveness2

===========================================================================================
----------------- testing Sun Jul 22 01:47:11 UTC 2018 /home/travis/build/icyphy/ptII/ptolemy/domains/modal/test/auto/ImmediateTransitionReset.xml
----------------- Instantiating /home/travis/build/icyphy/ptII/ptolemy/domains/modal/test/auto/ImmediateTransitionReset.xml
7 ms. Memory: 479744K Free: 184135K (38%)
----------------- Invoking toplevel() on ptolemy.moml.MoMLSimpleApplication@4eb94353
----------------- Done invoking toplevel() on ptolemy.moml.MoMLSimpleApplication@4eb94353
reloadAllAccessors: .ImmediateTransitionReset

===========================================================================================
----------------- testing Sun Jul 22 01:47:11 UTC 2018 /home/travis/build/icyphy/ptII/ptolemy/domains/modal/test/auto/ImmediateTransitions1.xml
----------------- Instantiating /home/travis/build/icyphy/ptII/ptolemy/domains/modal/test/auto/ImmediateTransitions1.xml
1 ms. Memory: 479744K Free: 176312K (37%)
----------------- Invoking toplevel() on ptolemy.moml.MoMLSimpleApplication@3b5b53b3
----------------- Done invoking toplevel() on ptolemy.moml.MoMLSimpleApplication@3b5b53b3
reloadAllAccessors: .ImmediateTransitions1

===========================================================================================
----------------- testing Sun Jul 22 01:47:11 UTC 2018 /home/travis/build/icyphy/ptII/ptolemy/domains/modal/test/auto/ImmediateTransitionsInstantaneousCommunication.xml
----------------- Instantiating /home/travis/build/icyphy/ptII/ptolemy/domains/modal/test/auto/ImmediateTransitionsInstantaneousCommunication.xml
4 ms. Memory: 479744K Free: 159127K (33%)
----------------- Invoking toplevel() on ptolemy.moml.MoMLSimpleApplication@70dae9fa
----------------- Done invoking toplevel() on ptolemy.moml.MoMLSimpleApplication@70dae9fa
reloadAllAccessors: .ImmediateTransitionsInstantaneousCommunication

===========================================================================================
----------------- testing Sun Jul 22 01:47:11 UTC 2018 /home/travis/build/icyphy/ptII/ptolemy/domains/modal/test/auto/InitialImmediateTransition.xml
----------------- Instantiating /home/travis/build/icyphy/ptII/ptolemy/domains/modal/test/auto/InitialImmediateTransition.xml
5 ms. Memory: 479744K Free: 147157K (31%)
----------------- Invoking toplevel() on ptolemy.moml.MoMLSimpleApplication@3a79b338
----------------- Done invoking toplevel() on ptolemy.moml.MoMLSimpleApplication@3a79b338
reloadAllAccessors: .InitialImmediateTransition

===========================================================================================
----------------- testing Sun Jul 22 01:47:11 UTC 2018 /home/travis/build/icyphy/ptII/ptolemy/domains/modal/test/auto/InitialOutputs.xml
----------------- Instantiating /home/travis/build/icyphy/ptII/ptolemy/domains/modal/test/auto/InitialOutputs.xml
3 ms. Memory: 479744K Free: 136702K (28%)
----------------- Invoking toplevel() on ptolemy.moml.MoMLSimpleApplication@4db32dcd
----------------- Done invoking toplevel() on ptolemy.moml.MoMLSimpleApplication@4db32dcd
reloadAllAccessors: .InitialOutputs

===========================================================================================
----------------- testing Sun Jul 22 01:47:11 UTC 2018 /home/travis/build/icyphy/ptII/ptolemy/domains/modal/test/auto/InitialStateTransition1.xml
----------------- Instantiating /home/travis/build/icyphy/ptII/ptolemy/domains/modal/test/auto/InitialStateTransition1.xml
3 ms. Memory: 479744K Free: 124748K (26%)
----------------- Invoking toplevel() on ptolemy.moml.MoMLSimpleApplication@426447a6
----------------- Done invoking toplevel() on ptolemy.moml.MoMLSimpleApplication@426447a6
reloadAllAccessors: .InitialStateTransition1

===========================================================================================
----------------- testing Sun Jul 22 01:47:11 UTC 2018 /home/travis/build/icyphy/ptII/ptolemy/domains/modal/test/auto/InitialStateTransition2.xml
----------------- Instantiating /home/travis/build/icyphy/ptII/ptolemy/domains/modal/test/auto/InitialStateTransition2.xml
.InitialStateTransition2.TestExceptionAttributeNonConstructive: initialize() was not invoked, but wrapup() was.  This is unusual, but not always a problem.  For example, exporting JNLP will do this.
2 ms. Memory: 479744K Free: 114301K (24%)
----------------- Invoking toplevel() on ptolemy.moml.MoMLSimpleApplication@4bc86ecb
----------------- Done invoking toplevel() on ptolemy.moml.MoMLSimpleApplication@4bc86ecb
reloadAllAccessors: .InitialStateTransition2

===========================================================================================
----------------- testing Sun Jul 22 01:47:11 UTC 2018 /home/travis/build/icyphy/ptII/ptolemy/domains/modal/test/auto/InitialStateTransition3.xml
----------------- Instantiating /home/travis/build/icyphy/ptII/ptolemy/domains/modal/test/auto/InitialStateTransition3.xml
3 ms. Memory: 479744K Free: 99723K (21%)
----------------- Invoking toplevel() on ptolemy.moml.MoMLSimpleApplication@7b0795a3
----------------- Done invoking toplevel() on ptolemy.moml.MoMLSimpleApplication@7b0795a3
reloadAllAccessors: .InitialStateTransition3

===========================================================================================
----------------- testing Sun Jul 22 01:47:11 UTC 2018 /home/travis/build/icyphy/ptII/ptolemy/domains/modal/test/auto/InitialStateTransition4.xml
----------------- Instantiating /home/travis/build/icyphy/ptII/ptolemy/domains/modal/test/auto/InitialStateTransition4.xml
3 ms. Memory: 479744K Free: 86676K (18%)
----------------- Invoking toplevel() on ptolemy.moml.MoMLSimpleApplication@395b8dcd
----------------- Done invoking toplevel() on ptolemy.moml.MoMLSimpleApplication@395b8dcd
[...]
----------------- Done invoking toplevel() on ptolemy.moml.MoMLSimpleApplication@2c343a50
reloadAllAccessors: .TerminationTransition3

===========================================================================================
----------------- testing Sun Jul 22 01:47:14 UTC 2018 /home/travis/build/icyphy/ptII/ptolemy/domains/modal/test/auto/TerminationTransition4.xml
----------------- Instantiating /home/travis/build/icyphy/ptII/ptolemy/domains/modal/test/auto/TerminationTransition4.xml
6 ms. Memory: 714752K Free: 488172K (68%)
----------------- Invoking toplevel() on ptolemy.moml.MoMLSimpleApplication@68c00a5f
----------------- Done invoking toplevel() on ptolemy.moml.MoMLSimpleApplication@68c00a5f
reloadAllAccessors: .TerminationTransition4

===========================================================================================
----------------- testing Sun Jul 22 01:47:14 UTC 2018 /home/travis/build/icyphy/ptII/ptolemy/domains/modal/test/auto/TerminationTransition5.xml
----------------- Instantiating /home/travis/build/icyphy/ptII/ptolemy/domains/modal/test/auto/TerminationTransition5.xml
3 ms. Memory: 714752K Free: 467285K (65%)
----------------- Invoking toplevel() on ptolemy.moml.MoMLSimpleApplication@f4b414
----------------- Done invoking toplevel() on ptolemy.moml.MoMLSimpleApplication@f4b414
reloadAllAccessors: .TerminationTransition5

===========================================================================================
----------------- testing Sun Jul 22 01:47:14 UTC 2018 /home/travis/build/icyphy/ptII/ptolemy/domains/modal/test/auto/TerminationTransition6.xml
----------------- Instantiating /home/travis/build/icyphy/ptII/ptolemy/domains/modal/test/auto/TerminationTransition6.xml
2 ms. Memory: 714752K Free: 453433K (63%)
----------------- Invoking toplevel() on ptolemy.moml.MoMLSimpleApplication@5adc3d8e
----------------- Done invoking toplevel() on ptolemy.moml.MoMLSimpleApplication@5adc3d8e
reloadAllAccessors: .TerminationTransition6

===========================================================================================
----------------- testing Sun Jul 22 01:47:14 UTC 2018 /home/travis/build/icyphy/ptII/ptolemy/domains/modal/test/auto/TerminationTransition7.xml
----------------- Instantiating /home/travis/build/icyphy/ptII/ptolemy/domains/modal/test/auto/TerminationTransition7.xml
4 ms. Memory: 714752K Free: 435402K (61%)
----------------- Invoking toplevel() on ptolemy.moml.MoMLSimpleApplication@4729c5a6
----------------- Done invoking toplevel() on ptolemy.moml.MoMLSimpleApplication@4729c5a6
reloadAllAccessors: .TerminationTransition7

===========================================================================================
----------------- testing Sun Jul 22 01:47:14 UTC 2018 /home/travis/build/icyphy/ptII/ptolemy/domains/modal/test/auto/TerminationTransition8.xml
----------------- Instantiating /home/travis/build/icyphy/ptII/ptolemy/domains/modal/test/auto/TerminationTransition8.xml
2 ms. Memory: 714752K Free: 418694K (59%)
----------------- Invoking toplevel() on ptolemy.moml.MoMLSimpleApplication@4f2aada2
----------------- Done invoking toplevel() on ptolemy.moml.MoMLSimpleApplication@4f2aada2
reloadAllAccessors: .TerminationTransition8

===========================================================================================
----------------- testing Sun Jul 22 01:47:14 UTC 2018 /home/travis/build/icyphy/ptII/ptolemy/domains/modal/test/auto/Thermostat_NoHysteresis.xml
----------------- Instantiating /home/travis/build/icyphy/ptII/ptolemy/domains/modal/test/auto/Thermostat_NoHysteresis.xml
36 ms. Memory: 714752K Free: 388142K (54%)
----------------- Invoking toplevel() on ptolemy.moml.MoMLSimpleApplication@754e6d7c
----------------- Done invoking toplevel() on ptolemy.moml.MoMLSimpleApplication@754e6d7c
reloadAllAccessors: .Thermostat_NoHysteresis

===========================================================================================
----------------- testing Sun Jul 22 01:47:14 UTC 2018 /home/travis/build/icyphy/ptII/ptolemy/domains/modal/test/auto/TimedFSM.xml
----------------- Instantiating /home/travis/build/icyphy/ptII/ptolemy/domains/modal/test/auto/TimedFSM.xml
9 ms. Memory: 714752K Free: 371441K (52%)
----------------- Invoking toplevel() on ptolemy.moml.MoMLSimpleApplication@2d0cb6c2
----------------- Done invoking toplevel() on ptolemy.moml.MoMLSimpleApplication@2d0cb6c2
reloadAllAccessors: .TimedFSM

===========================================================================================
----------------- testing Sun Jul 22 01:47:14 UTC 2018 /home/travis/build/icyphy/ptII/ptolemy/domains/modal/test/auto/Timeout1.xml
----------------- Instantiating /home/travis/build/icyphy/ptII/ptolemy/domains/modal/test/auto/Timeout1.xml
3 ms. Memory: 714752K Free: 361769K (51%)
----------------- Invoking toplevel() on ptolemy.moml.MoMLSimpleApplication@64ad6f56
----------------- Done invoking toplevel() on ptolemy.moml.MoMLSimpleApplication@64ad6f56
reloadAllAccessors: .Timeout1

===========================================================================================
----------------- testing Sun Jul 22 01:47:14 UTC 2018 /home/travis/build/icyphy/ptII/ptolemy/domains/modal/test/auto/Timeout2.xml
----------------- Instantiating /home/travis/build/icyphy/ptII/ptolemy/domains/modal/test/auto/Timeout2.xml
7 ms. Memory: 714752K Free: 347918K (49%)
----------------- Invoking toplevel() on ptolemy.moml.MoMLSimpleApplication@34bc2fec
----------------- Done invoking toplevel() on ptolemy.moml.MoMLSimpleApplication@34bc2fec
reloadAllAccessors: .Timeout2

===========================================================================================
----------------- testing Sun Jul 22 01:47:14 UTC 2018 /home/travis/build/icyphy/ptII/ptolemy/domains/modal/test/auto/Timeout3.xml
----------------- Instantiating /home/travis/build/icyphy/ptII/ptolemy/domains/modal/test/auto/Timeout3.xml
2 ms. Memory: 714752K Free: 339575K (48%)
----------------- Invoking toplevel() on ptolemy.moml.MoMLSimpleApplication@325f8658
----------------- Done invoking toplevel() on ptolemy.moml.MoMLSimpleApplication@325f8658
reloadAllAccessors: .Timeout3

===========================================================================================
----------------- testing Sun Jul 22 01:47:14 UTC 2018 /home/travis/build/icyphy/ptII/ptolemy/domains/modal/test/auto/Timeout4.xml
----------------- Instantiating /home/travis/build/icyphy/ptII/ptolemy/domains/modal/test/auto/Timeout4.xml
3 ms. Memory: 714752K Free: 329903K (46%)
----------------- Invoking toplevel() on ptolemy.moml.MoMLSimpleApplication@4e0331a3
----------------- Done invoking toplevel() on ptolemy.moml.MoMLSimpleApplication@4e0331a3
reloadAllAccessors: .Timeout4

===========================================================================================
----------------- testing Sun Jul 22 01:47:14 UTC 2018 /home/travis/build/icyphy/ptII/ptolemy/domains/modal/test/auto/TransientstateModelAdvanced.xml
----------------- Instantiating /home/travis/build/icyphy/ptII/ptolemy/domains/modal/test/auto/TransientstateModelAdvanced.xml
3 ms. Memory: 714752K Free: 311888K (44%)
----------------- Invoking toplevel() on ptolemy.moml.MoMLSimpleApplication@25e7b819
----------------- Done invoking toplevel() on ptolemy.moml.MoMLSimpleApplication@25e7b819
reloadAllAccessors: .TransientstateModelAdvanced

===========================================================================================
----------------- testing Sun Jul 22 01:47:14 UTC 2018 /home/travis/build/icyphy/ptII/ptolemy/domains/modal/test/auto/TransientstateModelAdvanced2.xml
----------------- Instantiating /home/travis/build/icyphy/ptII/ptolemy/domains/modal/test/auto/TransientstateModelAdvanced2.xml
4 ms. Memory: 714752K Free: 291009K (41%)
----------------- Invoking toplevel() on ptolemy.moml.MoMLSimpleApplication@6ff74c44
----------------- Done invoking toplevel() on ptolemy.moml.MoMLSimpleApplication@6ff74c44
reloadAllAccessors: .transientstatemodelAdvanced

===========================================================================================
----------------- testing Sun Jul 22 01:47:14 UTC 2018 /home/travis/build/icyphy/ptII/ptolemy/domains/modal/test/auto/TransitionRefinements.xml
----------------- Instantiating /home/travis/build/icyphy/ptII/ptolemy/domains/modal/test/auto/TransitionRefinements.xml
6 ms. Memory: 714752K Free: 277149K (39%)
----------------- Invoking toplevel() on ptolemy.moml.MoMLSimpleApplication@8b4f68a
----------------- Done invoking toplevel() on ptolemy.moml.MoMLSimpleApplication@8b4f68a
reloadAllAccessors: .TransitionRefinements

===========================================================================================
----------------- testing Sun Jul 22 01:47:14 UTC 2018 /home/travis/build/icyphy/ptII/ptolemy/domains/modal/test/auto/TwoRefinements1.xml
----------------- Instantiating /home/travis/build/icyphy/ptII/ptolemy/domains/modal/test/auto/TwoRefinements1.xml
3 ms. Memory: 714752K Free: 259134K (36%)
----------------- Invoking toplevel() on ptolemy.moml.MoMLSimpleApplication@13269c41
----------------- Done invoking toplevel() on ptolemy.moml.MoMLSimpleApplication@13269c41
reloadAllAccessors: .TwoRefinements1

===========================================================================================
----------------- testing Sun Jul 22 01:47:14 UTC 2018 /home/travis/build/icyphy/ptII/ptolemy/domains/modal/test/auto/TwoRefinements2.xml
----------------- Instantiating /home/travis/build/icyphy/ptII/ptolemy/domains/modal/test/auto/TwoRefinements2.xml
2 ms. Memory: 714752K Free: 242450K (34%)
----------------- Invoking toplevel() on ptolemy.moml.MoMLSimpleApplication@2a01716f
----------------- Done invoking toplevel() on ptolemy.moml.MoMLSimpleApplication@2a01716f
reloadAllAccessors: .TwoRefinements2

===========================================================================================
----------------- testing Sun Jul 22 01:47:14 UTC 2018 /home/travis/build/icyphy/ptII/ptolemy/domains/modal/test/auto/WeakImmediateTransition.xml
----------------- Instantiating /home/travis/build/icyphy/ptII/ptolemy/domains/modal/test/auto/WeakImmediateTransition.xml
2 ms. Memory: 714752K Free: 228590K (32%)
----------------- Invoking toplevel() on ptolemy.moml.MoMLSimpleApplication@6eafc61e
----------------- Done invoking toplevel() on ptolemy.moml.MoMLSimpleApplication@6eafc61e
reloadAllAccessors: .WeakImmediateTransition

===========================================================================================
----------------- testing Sun Jul 22 01:47:14 UTC 2018 /home/travis/build/icyphy/ptII/ptolemy/domains/modal/test/auto/booleanSelect.xml
----------------- Instantiating /home/travis/build/icyphy/ptII/ptolemy/domains/modal/test/auto/booleanSelect.xml
30 ms. Memory: 714752K Free: 206373K (29%)
----------------- Invoking toplevel() on ptolemy.moml.MoMLSimpleApplication@7d73535a
----------------- Done invoking toplevel() on ptolemy.moml.MoMLSimpleApplication@7d73535a
reloadAllAccessors: .booleanSelect

===========================================================================================
----------------- testing Sun Jul 22 01:47:14 UTC 2018 /home/travis/build/icyphy/ptII/ptolemy/domains/modal/test/auto/modalChangingParams.xml
----------------- Instantiating /home/travis/build/icyphy/ptII/ptolemy/domains/modal/test/auto/modalChangingParams.xml
0
1
0
2
4
6
8
7
0
2
4
6
8
13
0
2
4
6
8
19
0
2
4
6
8
25
0
2
4
6
8
31
0
2
4
6
8
37
0
2
4
6
8
43
0
2
4
6
8
49
0
2
4
6
8
55
0
2
4
6
8
61
0
2
4
6
8
67
0
2
4
6
8
73
0
2
4
6
8
79
0
2
4
6
8
85
0
2
4
6
8
91
0
2
4
6
8
97
0
2
4
6
8
103
0
2
4
6
8
109
0
2
4
6
8
115
0
2
4
6
8
121
0
2
4
6
8
127
0
2
4
6
8
133
0
2
4
6
8
139
0
2
4
6
8
145
0
2
4
6
8
151
0
2
4
6
8
157
0
2
4
6
8
163
0
2
4
6
8
169
0
2
4
6
8
175
0
2
4
6
8
181
0
2
4
6
8
187
0
2
4
6
8
193
0
2
4
6
8
199
0
2
4
6
8
205
0
2
4
6
8
211
0
2
4
6
8
217
0
2
4
6
8
223
0
2
4
6
8
229
0
2
4
6
8
235
0
2
4
6
8
241
0
2
4
6
8
247
0
2
4
6
8
253
0
2
4
6
8
259
0
2
4
6
8
265
0
2
4
6
8
271
0
2
4
6
8
277
0
2
4
6
8
283
0
2
4
6
8
289
0
2
4
6
8
295
0
2
4
6
8
301
0
2
4
6
8
307
0
2
4
6
8
313
0
2
4
6
8
319
0
2
4
6
8
325
0
2
4
6
8
331
0
2
4
6
8
337
0
2
4
6
8
343
0
2
4
6
8
349
0
2
4
6
8
355
0
2
4
6
8
361
0
2
4
6
8
367
0
2
4
6
8
373
0
2
4
6
8
379
0
2
4
6
8
385
0
2
4
6
8
391
0
2
4
6
8
397
0
2
4
6
8
403
0
2
4
6
8
409
0
2
4
6
8
415
0
2
4
6
8
421
0
2
4
6
8
427
0
2
4
6
8
433
0
2
4
6
8
439
0
2
4
6
8
445
0
2
4
6
8
451
0
2
4
6
8
457
0
2
4
6
8
463
0
2
4
6
8
469
0
2
4
6
8
475
0
2
4
6
8
481
0
2
4
6
8
487
0
2
4
6
8
493
0
2
4
6
8
499
0
2
4
6
8
505
0
2
4
6
8
511
0
2
4
6
8
517
0
2
4
6
8
523
0
2
4
6
8
529
0
2
4
6
8
535
0
2
4
6
8
541
0
2
4
6
8
547
0
2
4
6
8
553
0
2
4
6
8
559
0
2
4
6
8
565
0
2
4
6
8
571
0
2
4
6
8
577
0
2
4
6
8
583
0
2
4
6
8
589
0
2
4
6
8
595
0
2
4
6
8
601
0
2
4
6
8
607
0
2
4
6
8
613
0
2
4
6
8
619
0
2
4
6
8
625
0
2
4
6
8
631
0
2
4
6
8
637
0
2
4
6
8
643
0
2
4
6
8
649
0
2
4
6
8
655
0
2
4
6
8
661
0
2
4
6
8
667
0
2
4
6
8
673
0
2
4
6
8
679
0
2
4
6
8
685
0
2
4
6
8
691
0
2
4
6
8
697
0
2
4
6
8
703
0
2
4
6
8
709
0
2
4
6
8
715
0
2
4
6
8
721
0
2
4
6
8
727
0
2
4
6
8
733
0
2
4
6
8
739
0
2
4
6
8
745
0
2
4
6
8
751
0
2
4
6
8
757
0
2
4
6
8
763
0
2
4
6
8
769
0
2
4
6
8
775
0
2
4
6
8
781
0
2
4
6
8
787
0
2
4
6
8
793
0
2
4
6
8
799
0
2
4
6
8
805
0
2
4
6
8
811
0
2
4
6
8
817
0
2
4
6
8
823
0
2
4
6
8
829
0
2
4
6
8
835
0
2
4
6
8
841
0
2
4
6
8
847
0
2
4
6
8
853
0
2
4
6
8
859
0
2
4
6
8
865
0
2
4
6
8
871
0
2
4
6
8
877
0
2
4
6
8
883
0
2
4
6
8
889
0
2
4
6
8
895
0
2
4
6
8
901
0
2
4
6
8
907
0
2
4
6
8
913
0
2
4
6
8
919
0
2
4
6
8
925
0
2
4
6
8
931
0
2
4
6
8
937
0
2
4
6
8
943
0
2
4
6
8
949
0
2
4
6
8
955
0
2
4
6
8
961
0
2
4
6
8
967
0
2
4
6
8
973
0
2
4
6
8
979
0
2
4
6
8
985
0
2
4
6
8
991
0
2
4
6
8
997
0
2
327 ms. Memory: 714752K Free: 89310K (12%)
----------------- Invoking toplevel() on ptolemy.moml.MoMLSimpleApplication@4ee2574f
----------------- Done invoking toplevel() on ptolemy.moml.MoMLSimpleApplication@4ee2574f
reloadAllAccessors: .modalChangingParams

===========================================================================================
----------------- testing Sun Jul 22 01:47:15 UTC 2018 /home/travis/build/icyphy/ptII/ptolemy/domains/modal/test/auto/modalModel.xml
----------------- Instantiating /home/travis/build/icyphy/ptII/ptolemy/domains/modal/test/auto/modalModel.xml
23 ms. Memory: 677888K Free: 664304K (98%)
----------------- Invoking toplevel() on ptolemy.moml.MoMLSimpleApplication@471eccca
----------------- Done invoking toplevel() on ptolemy.moml.MoMLSimpleApplication@471eccca
reloadAllAccessors: .modalModel

===========================================================================================
----------------- testing Sun Jul 22 01:47:15 UTC 2018 /home/travis/build/icyphy/ptII/ptolemy/domains/modal/test/auto/modalModel2.xml
----------------- Instantiating /home/travis/build/icyphy/ptII/ptolemy/domains/modal/test/auto/modalModel2.xml
8 ms. Memory: 677888K Free: 649362K (96%)
----------------- Invoking toplevel() on ptolemy.moml.MoMLSimpleApplication@67bee26d
----------------- Done invoking toplevel() on ptolemy.moml.MoMLSimpleApplication@67bee26d
reloadAllAccessors: .modalModel2

===========================================================================================
----------------- testing Sun Jul 22 01:47:15 UTC 2018 /home/travis/build/icyphy/ptII/ptolemy/domains/modal/test/auto/modalModel3.xml
----------------- Instantiating /home/travis/build/icyphy/ptII/ptolemy/domains/modal/test/auto/modalModel3.xml
0	0	0
3	2	1
6	4	2
9	6	3
4	0	4
7	2	5
10	4	6
13	6	7
8	0	8
11	2	9
14	4	10
17	6	11
12	0	12
15	2	13
18	4	14
15 ms. Memory: 677888K Free: 630439K (93%)
----------------- Invoking toplevel() on ptolemy.moml.MoMLSimpleApplication@17a6eca3
----------------- Done invoking toplevel() on ptolemy.moml.MoMLSimpleApplication@17a6eca3
reloadAllAccessors: .modalModel3

===========================================================================================
----------------- testing Sun Jul 22 01:47:15 UTC 2018 /home/travis/build/icyphy/ptII/ptolemy/domains/modal/test/auto/model1.xml
----------------- Instantiating /home/travis/build/icyphy/ptII/ptolemy/domains/modal/test/auto/model1.xml
13 ms. Memory: 677888K Free: 620495K (92%)
----------------- Invoking toplevel() on ptolemy.moml.MoMLSimpleApplication@52c2564c
----------------- Done invoking toplevel() on ptolemy.moml.MoMLSimpleApplication@52c2564c
reloadAllAccessors: .model1

===========================================================================================
----------------- testing Sun Jul 22 01:47:15 UTC 2018 /home/travis/build/icyphy/ptII/ptolemy/domains/modal/test/auto/test-direct-in-out.xml
----------------- Instantiating /home/travis/build/icyphy/ptII/ptolemy/domains/modal/test/auto/test-direct-in-out.xml
9 ms. Memory: 677888K Free: 610543K (90%)
----------------- Invoking toplevel() on ptolemy.moml.MoMLSimpleApplication@491c008
----------------- Done invoking toplevel() on ptolemy.moml.MoMLSimpleApplication@491c008
reloadAllAccessors: .test-direct-in-out
AutoTests.java: About to close Vertx.
AutoTests.java: Vertx closed.
]]></system-out>
  <system-err><![CDATA[java.lang.RuntimeException: Execution failed
	at ptolemy.moml.MoMLSimpleApplication$UnloadThread.run(MoMLSimpleApplication.java:402)
Caused by: ptolemy.kernel.util.IllegalActionException: Unknown inputs remain. Possible causality loop:
L_model_1893289564i

  in .CannotAnalysisWithPreemption.model_1893289564_region_1 and .CannotAnalysisWithPreemption.model_1893289564_region_1.L_model_1893289564i
	at ptolemy.actor.sched.FixedPointDirector.postfire(FixedPointDirector.java:515)
	at ptolemy.domains.sr.kernel.SRDirector.postfire(SRDirector.java:417)
	at ptolemy.actor.CompositeActor.postfire(CompositeActor.java:1668)
	at ptolemy.actor.Manager.iterate(Manager.java:852)
	at ptolemy.actor.Manager.execute(Manager.java:369)
	at ptolemy.actor.Manager.run(Manager.java:1263)
	at ptolemy.actor.Manager$PtolemyRunThread.run(Manager.java:1915)
java.lang.reflect.InvocationTargetException
	at sun.reflect.NativeConstructorAccessorImpl.newInstance0(Native Method)
	at sun.reflect.NativeConstructorAccessorImpl.newInstance(NativeConstructorAccessorImpl.java:62)
	at sun.reflect.DelegatingConstructorAccessorImpl.newInstance(DelegatingConstructorAccessorImpl.java:45)
	at java.lang.reflect.Constructor.newInstance(Constructor.java:423)
	at ptolemy.util.test.junit.AutoKnownFailedTests.RunModel(AutoKnownFailedTests.java:107)
	at sun.reflect.NativeMethodAccessorImpl.invoke0(Native Method)
	at sun.reflect.NativeMethodAccessorImpl.invoke(NativeMethodAccessorImpl.java:62)
	at sun.reflect.DelegatingMethodAccessorImpl.invoke(DelegatingMethodAccessorImpl.java:43)
	at java.lang.reflect.Method.invoke(Method.java:498)
	at org.junit.runners.model.FrameworkMethod$1.runReflectiveCall(FrameworkMethod.java:44)
	at org.junit.internal.runners.model.ReflectiveCallable.run(ReflectiveCallable.java:15)
	at org.junit.runners.model.FrameworkMethod.invokeExplosively(FrameworkMethod.java:41)
	at junitparams.internal.InvokeParameterisedMethod.evaluate(InvokeParameterisedMethod.java:102)
	at org.junit.internal.runners.statements.FailOnTimeout$1.run(FailOnTimeout.java:28)
Caused by: ptolemy.kernel.util.IllegalActionException: Unknown inputs remain. Possible causality loop:
L_model_1893289564i

  in .CannotAnalysisWithPreemption.model_1893289564_region_1 and .CannotAnalysisWithPreemption.model_1893289564_region_1.L_model_1893289564i
	at ptolemy.actor.sched.FixedPointDirector.postfire(FixedPointDirector.java:515)
	at ptolemy.domains.sr.kernel.SRDirector.postfire(SRDirector.java:417)
	at ptolemy.actor.CompositeActor.postfire(CompositeActor.java:1668)
	at ptolemy.actor.Manager.iterate(Manager.java:852)
	at ptolemy.actor.Manager.execute(Manager.java:369)
	at ptolemy.actor.Manager.run(Manager.java:1263)
	at ptolemy.actor.Manager$PtolemyRunThread.run(Manager.java:1915)
]]></system-err>
</testsuite>
