<?xml version="1.0" encoding="UTF-8" ?>
<testsuite errors="0" failures="0" hostname="travis-job-6f39973e-0fec-4467-82d8-35100b61291d" name="ptolemy.actor.lib.hoc.test.junit.JUnitTclTest" skipped="0" tests="58" time="37.059" timestamp="2019-09-28T05:51:19">
  <properties>
[...]
</properties>
  <testcase classname="ptolemy.util.test.junit.TclTests" name="[0] /home/travis/build/icyphy/ptII/ptolemy/actor/lib/hoc/test/IterateOverArray.tcl (RunTclFile)" time="0.325" />
  <testcase classname="ptolemy.util.test.junit.AutoKnownFailedTests" name="[0] /home/travis/build/icyphy/ptII/ptolemy/actor/lib/hoc/test/auto/knownFailedTests/PreinitializeMustBeInvokedRunComposite.xml (RunModel)" time="0.578" />
  <testcase classname="ptolemy.util.test.junit.AutoNameArchTests" name="[0] ThereAreNoAutoArchTests (RunModel)" time="0.005" />
  <testcase classname="ptolemy.util.test.junit.AutoTests" name="[0] /home/travis/build/icyphy/ptII/ptolemy/actor/lib/hoc/test/auto/AllToAllMultiInstanceComposite.xml (RunModel)" time="0.434" />
  <testcase classname="ptolemy.util.test.junit.AutoTests" name="[1] /home/travis/build/icyphy/ptII/ptolemy/actor/lib/hoc/test/auto/ApplyFFTTest.xml (RunModel)" time="0.413" />
  <testcase classname="ptolemy.util.test.junit.AutoTests" name="[2] /home/travis/build/icyphy/ptII/ptolemy/actor/lib/hoc/test/auto/ApplyFunction.xml (RunModel)" time="0.052" />
  <testcase classname="ptolemy.util.test.junit.AutoTests" name="[3] /home/travis/build/icyphy/ptII/ptolemy/actor/lib/hoc/test/auto/BackgroundExecution.xml (RunModel)" time="0.79" />
  <testcase classname="ptolemy.util.test.junit.AutoTests" name="[4] /home/travis/build/icyphy/ptII/ptolemy/actor/lib/hoc/test/auto/Case.xml (RunModel)" time="0.107" />
  <testcase classname="ptolemy.util.test.junit.AutoTests" name="[5] /home/travis/build/icyphy/ptII/ptolemy/actor/lib/hoc/test/auto/Case1.xml (RunModel)" time="0.102" />
  <testcase classname="ptolemy.util.test.junit.AutoTests" name="[6] /home/travis/build/icyphy/ptII/ptolemy/actor/lib/hoc/test/auto/Case2.xml (RunModel)" time="0.141" />
  <testcase classname="ptolemy.util.test.junit.AutoTests" name="[7] /home/travis/build/icyphy/ptII/ptolemy/actor/lib/hoc/test/auto/Case3.xml (RunModel)" time="0.084" />
  <testcase classname="ptolemy.util.test.junit.AutoTests" name="[8] /home/travis/build/icyphy/ptII/ptolemy/actor/lib/hoc/test/auto/Case4.xml (RunModel)" time="0.098" />
  <testcase classname="ptolemy.util.test.junit.AutoTests" name="[9] /home/travis/build/icyphy/ptII/ptolemy/actor/lib/hoc/test/auto/Case5.xml (RunModel)" time="0.102" />
  <testcase classname="ptolemy.util.test.junit.AutoTests" name="[10] /home/travis/build/icyphy/ptII/ptolemy/actor/lib/hoc/test/auto/Case6.xml (RunModel)" time="0.161" />
  <testcase classname="ptolemy.util.test.junit.AutoTests" name="[11] /home/travis/build/icyphy/ptII/ptolemy/actor/lib/hoc/test/auto/CaseString2.xml (RunModel)" time="0.05" />
  <testcase classname="ptolemy.util.test.junit.AutoTests" name="[12] /home/travis/build/icyphy/ptII/ptolemy/actor/lib/hoc/test/auto/CatchUpComposite1.xml (RunModel)" time="0.11" />
  <testcase classname="ptolemy.util.test.junit.AutoTests" name="[13] /home/travis/build/icyphy/ptII/ptolemy/actor/lib/hoc/test/auto/CatchUpComposite2.xml (RunModel)" time="0.097" />
  <testcase classname="ptolemy.util.test.junit.AutoTests" name="[14] /home/travis/build/icyphy/ptII/ptolemy/actor/lib/hoc/test/auto/CatchUpComposite3.xml (RunModel)" time="0.099" />
  <testcase classname="ptolemy.util.test.junit.AutoTests" name="[15] /home/travis/build/icyphy/ptII/ptolemy/actor/lib/hoc/test/auto/CatchUpComposite4.xml (RunModel)" time="0.056" />
  <testcase classname="ptolemy.util.test.junit.AutoTests" name="[16] /home/travis/build/icyphy/ptII/ptolemy/actor/lib/hoc/test/auto/CatchUpComposite5.xml (RunModel)" time="0.055" />
  <testcase classname="ptolemy.util.test.junit.AutoTests" name="[17] /home/travis/build/icyphy/ptII/ptolemy/actor/lib/hoc/test/auto/CatchUpComposite6.xml (RunModel)" time="0.172" />
  <testcase classname="ptolemy.util.test.junit.AutoTests" name="[18] /home/travis/build/icyphy/ptII/ptolemy/actor/lib/hoc/test/auto/CatchUpComposite7.xml (RunModel)" time="0.078" />
  <testcase classname="ptolemy.util.test.junit.AutoTests" name="[19] /home/travis/build/icyphy/ptII/ptolemy/actor/lib/hoc/test/auto/ConcurrentExecutionTimeSDF.xml (RunModel)" time="1.495" />
  <testcase classname="ptolemy.util.test.junit.AutoTests" name="[20] /home/travis/build/icyphy/ptII/ptolemy/actor/lib/hoc/test/auto/ConcurrentSleep.xml (RunModel)" time="0.79" />
  <testcase classname="ptolemy.util.test.junit.AutoTests" name="[21] /home/travis/build/icyphy/ptII/ptolemy/actor/lib/hoc/test/auto/DEInPNInRunCompositeActor.xml (RunModel)" time="0.038" />
  <testcase classname="ptolemy.util.test.junit.AutoTests" name="[22] /home/travis/build/icyphy/ptII/ptolemy/actor/lib/hoc/test/auto/DFTSubSetTest.xml (RunModel)" time="0.351" />
  <testcase classname="ptolemy.util.test.junit.AutoTests" name="[23] /home/travis/build/icyphy/ptII/ptolemy/actor/lib/hoc/test/auto/HocDE.xml (RunModel)" time="0.247" />
  <testcase classname="ptolemy.util.test.junit.AutoTests" name="[24] /home/travis/build/icyphy/ptII/ptolemy/actor/lib/hoc/test/auto/IterateOverArray.xml (RunModel)" time="0.034" />
  <testcase classname="ptolemy.util.test.junit.AutoTests" name="[25] /home/travis/build/icyphy/ptII/ptolemy/actor/lib/hoc/test/auto/IterateOverArray10.xml (RunModel)" time="0.04" />
  <testcase classname="ptolemy.util.test.junit.AutoTests" name="[26] /home/travis/build/icyphy/ptII/ptolemy/actor/lib/hoc/test/auto/IterateOverArray11.xml (RunModel)" time="0.035" />
  <testcase classname="ptolemy.util.test.junit.AutoTests" name="[27] /home/travis/build/icyphy/ptII/ptolemy/actor/lib/hoc/test/auto/IterateOverArray12.xml (RunModel)" time="0.043" />
  <testcase classname="ptolemy.util.test.junit.AutoTests" name="[28] /home/travis/build/icyphy/ptII/ptolemy/actor/lib/hoc/test/auto/IterateOverArray13.xml (RunModel)" time="0.18" />
  <testcase classname="ptolemy.util.test.junit.AutoTests" name="[29] /home/travis/build/icyphy/ptII/ptolemy/actor/lib/hoc/test/auto/IterateOverArray14.xml (RunModel)" time="0.156" />
  <testcase classname="ptolemy.util.test.junit.AutoTests" name="[30] /home/travis/build/icyphy/ptII/ptolemy/actor/lib/hoc/test/auto/IterateOverArray2.xml (RunModel)" time="0.029" />
  <testcase classname="ptolemy.util.test.junit.AutoTests" name="[31] /home/travis/build/icyphy/ptII/ptolemy/actor/lib/hoc/test/auto/IterateOverArray3.xml (RunModel)" time="0.035" />
  <testcase classname="ptolemy.util.test.junit.AutoTests" name="[32] /home/travis/build/icyphy/ptII/ptolemy/actor/lib/hoc/test/auto/IterateOverArray4.xml (RunModel)" time="0.045" />
  <testcase classname="ptolemy.util.test.junit.AutoTests" name="[33] /home/travis/build/icyphy/ptII/ptolemy/actor/lib/hoc/test/auto/IterateOverArray5.xml (RunModel)" time="0.025" />
  <testcase classname="ptolemy.util.test.junit.AutoTests" name="[34] /home/travis/build/icyphy/ptII/ptolemy/actor/lib/hoc/test/auto/IterateOverArray6.xml (RunModel)" time="0.021" />
  <testcase classname="ptolemy.util.test.junit.AutoTests" name="[35] /home/travis/build/icyphy/ptII/ptolemy/actor/lib/hoc/test/auto/IterateOverArray7.xml (RunModel)" time="0.028" />
  <testcase classname="ptolemy.util.test.junit.AutoTests" name="[36] /home/travis/build/icyphy/ptII/ptolemy/actor/lib/hoc/test/auto/IterateOverArray8.xml (RunModel)" time="0.045" />
  <testcase classname="ptolemy.util.test.junit.AutoTests" name="[37] /home/travis/build/icyphy/ptII/ptolemy/actor/lib/hoc/test/auto/IterateOverArray9.xml (RunModel)" time="0.038" />
  <testcase classname="ptolemy.util.test.junit.AutoTests" name="[38] /home/travis/build/icyphy/ptII/ptolemy/actor/lib/hoc/test/auto/IterateOverArrayCoercedOutputType.xml (RunModel)" time="0.067" />
  <testcase classname="ptolemy.util.test.junit.AutoTests" name="[39] /home/travis/build/icyphy/ptII/ptolemy/actor/lib/hoc/test/auto/IterateOverArrayInferredOutputType.xml (RunModel)" time="0.034" />
  <testcase classname="ptolemy.util.test.junit.AutoTests" name="[40] /home/travis/build/icyphy/ptII/ptolemy/actor/lib/hoc/test/auto/MobileFunctionTest.xml (RunModel)" time="0.03" />
  <testcase classname="ptolemy.util.test.junit.AutoTests" name="[41] /home/travis/build/icyphy/ptII/ptolemy/actor/lib/hoc/test/auto/MobileModelTest.xml (RunModel)" time="0.212" />
  <testcase classname="ptolemy.util.test.junit.AutoTests" name="[42] /home/travis/build/icyphy/ptII/ptolemy/actor/lib/hoc/test/auto/ModelReference.xml (RunModel)" time="0.069" />
  <testcase classname="ptolemy.util.test.junit.AutoTests" name="[43] /home/travis/build/icyphy/ptII/ptolemy/actor/lib/hoc/test/auto/ModelReference3.xml (RunModel)" time="0.061" />
  <testcase classname="ptolemy.util.test.junit.AutoTests" name="[44] /home/travis/build/icyphy/ptII/ptolemy/actor/lib/hoc/test/auto/ModelReference4.xml (RunModel)" time="10.043" />
  <testcase classname="ptolemy.util.test.junit.AutoTests" name="[45] /home/travis/build/icyphy/ptII/ptolemy/actor/lib/hoc/test/auto/MultiInstanceComposite.xml (RunModel)" time="0.069" />
  <testcase classname="ptolemy.util.test.junit.AutoTests" name="[46] /home/travis/build/icyphy/ptII/ptolemy/actor/lib/hoc/test/auto/MultiInstanceComposite2.xml (RunModel)" time="0.045" />
  <testcase classname="ptolemy.util.test.junit.AutoTests" name="[47] /home/travis/build/icyphy/ptII/ptolemy/actor/lib/hoc/test/auto/MulticoreExecution.xml (RunModel)" time="1.097" />
  <testcase classname="ptolemy.util.test.junit.AutoTests" name="[48] /home/travis/build/icyphy/ptII/ptolemy/actor/lib/hoc/test/auto/ParallelExecution.xml (RunModel)" time="0.972" />
  <testcase classname="ptolemy.util.test.junit.AutoTests" name="[49] /home/travis/build/icyphy/ptII/ptolemy/actor/lib/hoc/test/auto/RunCompositeActor.xml (RunModel)" time="0.045" />
  <testcase classname="ptolemy.util.test.junit.AutoTests" name="[50] /home/travis/build/icyphy/ptII/ptolemy/actor/lib/hoc/test/auto/RunCompositeActor2.xml (RunModel)" time="0.024" />
  <testcase classname="ptolemy.util.test.junit.AutoTests" name="[51] /home/travis/build/icyphy/ptII/ptolemy/actor/lib/hoc/test/auto/RunCompositeActor3.xml (RunModel)" time="0.024" />
  <testcase classname="ptolemy.util.test.junit.AutoTests" name="[52] /home/travis/build/icyphy/ptII/ptolemy/actor/lib/hoc/test/auto/RunCompositeActor4.xml (RunModel)" time="0.029" />
  <testcase classname="ptolemy.util.test.junit.AutoTests" name="[53] /home/travis/build/icyphy/ptII/ptolemy/actor/lib/hoc/test/auto/RunCompositeIterateOverArray.xml (RunModel)" time="0.049" />
  <testcase classname="ptolemy.util.test.junit.AutoTests" name="[54] /home/travis/build/icyphy/ptII/ptolemy/actor/lib/hoc/test/auto/ThreadedJS.xml (RunModel)" time="15.567" />
  <system-out><![CDATA[/home/travis/build/icyphy/ptII/ptolemy/actor/lib/hoc/test/IterateOverArray.tcl
testDefs.tcl: setting time out to 9000 seconds at Sat Sep 28 05:51:19 UTC 2019
09/28/19 05:51:19
Failed: 0  Total Tests: 2  ((Passed: 2, Newly Passed: 0)  Known Failed: 0) /home/travis/build/icyphy/ptII/ptolemy/actor/lib/hoc/test
----------------- testing (KnownFailure) /home/travis/build/icyphy/ptII/ptolemy/actor/lib/hoc/test/auto/knownFailedTests/PreinitializeMustBeInvokedRunComposite.xml
147 ms. Memory: 120832K Free: 79298K (66%)
Known Failure: java.lang.reflect.InvocationTargetException
No auto/linux-amd64/*.xml tests in /home/travis/build/icyphy/ptII/ptolemy/actor/lib/hoc/test
AutoTests.java: About to close Vertx.
AutoTests.java: Vertx closed.

===========================================================================================
----------------- testing Sat Sep 28 05:51:20 UTC 2019 /home/travis/build/icyphy/ptII/ptolemy/actor/lib/hoc/test/auto/AllToAllMultiInstanceComposite.xml
----------------- Instantiating /home/travis/build/icyphy/ptII/ptolemy/actor/lib/hoc/test/auto/AllToAllMultiInstanceComposite.xml
195 ms. Memory: 120832K Free: 97713K (81%)
----------------- Invoking toplevel() on ptolemy.moml.MoMLSimpleApplication@10db3e0f
----------------- Done invoking toplevel() on ptolemy.moml.MoMLSimpleApplication@10db3e0f
reloadAllAccessors: .AllToAllMultiInstanceComposite

===========================================================================================
----------------- testing Sat Sep 28 05:51:21 UTC 2019 /home/travis/build/icyphy/ptII/ptolemy/actor/lib/hoc/test/auto/ApplyFFTTest.xml
----------------- Instantiating /home/travis/build/icyphy/ptII/ptolemy/actor/lib/hoc/test/auto/ApplyFFTTest.xml
163 ms. Memory: 120832K Free: 105331K (87%)
----------------- Invoking toplevel() on ptolemy.moml.MoMLSimpleApplication@33307bfe
----------------- Done invoking toplevel() on ptolemy.moml.MoMLSimpleApplication@33307bfe
reloadAllAccessors: .ApplyFFTTest

===========================================================================================
----------------- testing Sat Sep 28 05:51:21 UTC 2019 /home/travis/build/icyphy/ptII/ptolemy/actor/lib/hoc/test/auto/ApplyFunction.xml
----------------- Instantiating /home/travis/build/icyphy/ptII/ptolemy/actor/lib/hoc/test/auto/ApplyFunction.xml
7 ms. Memory: 120832K Free: 101928K (84%)
----------------- Invoking toplevel() on ptolemy.moml.MoMLSimpleApplication@27bf9af6
----------------- Done invoking toplevel() on ptolemy.moml.MoMLSimpleApplication@27bf9af6
reloadAllAccessors: .ApplyFunction

===========================================================================================
----------------- testing Sat Sep 28 05:51:21 UTC 2019 /home/travis/build/icyphy/ptII/ptolemy/actor/lib/hoc/test/auto/BackgroundExecution.xml
----------------- Instantiating /home/travis/build/icyphy/ptII/ptolemy/actor/lib/hoc/test/auto/BackgroundExecution.xml
646 ms. Memory: 120832K Free: 94977K (79%)
----------------- Invoking toplevel() on ptolemy.moml.MoMLSimpleApplication@56911a61
----------------- Done invoking toplevel() on ptolemy.moml.MoMLSimpleApplication@56911a61
reloadAllAccessors: .BackgroundExecution

===========================================================================================
----------------- testing Sat Sep 28 05:51:22 UTC 2019 /home/travis/build/icyphy/ptII/ptolemy/actor/lib/hoc/test/auto/Case.xml
----------------- Instantiating /home/travis/build/icyphy/ptII/ptolemy/actor/lib/hoc/test/auto/Case.xml
39 ms. Memory: 120832K Free: 87590K (72%)
----------------- Invoking toplevel() on ptolemy.moml.MoMLSimpleApplication@138ea85b
----------------- Done invoking toplevel() on ptolemy.moml.MoMLSimpleApplication@138ea85b
reloadAllAccessors: .Case

===========================================================================================
----------------- testing Sat Sep 28 05:51:22 UTC 2019 /home/travis/build/icyphy/ptII/ptolemy/actor/lib/hoc/test/auto/Case1.xml
----------------- Instantiating /home/travis/build/icyphy/ptII/ptolemy/actor/lib/hoc/test/auto/Case1.xml
20 ms. Memory: 120832K Free: 81243K (67%)
----------------- Invoking toplevel() on ptolemy.moml.MoMLSimpleApplication@1d3c0f6e
----------------- Done invoking toplevel() on ptolemy.moml.MoMLSimpleApplication@1d3c0f6e
reloadAllAccessors: .Case1

===========================================================================================
----------------- testing Sat Sep 28 05:51:22 UTC 2019 /home/travis/build/icyphy/ptII/ptolemy/actor/lib/hoc/test/auto/Case2.xml
----------------- Instantiating /home/travis/build/icyphy/ptII/ptolemy/actor/lib/hoc/test/auto/Case2.xml
74 ms. Memory: 160768K Free: 146888K (91%)
----------------- Invoking toplevel() on ptolemy.moml.MoMLSimpleApplication@2ae9118d
----------------- Done invoking toplevel() on ptolemy.moml.MoMLSimpleApplication@2ae9118d
reloadAllAccessors: .Case2

===========================================================================================
----------------- testing Sat Sep 28 05:51:22 UTC 2019 /home/travis/build/icyphy/ptII/ptolemy/actor/lib/hoc/test/auto/Case3.xml
----------------- Instantiating /home/travis/build/icyphy/ptII/ptolemy/actor/lib/hoc/test/auto/Case3.xml
21 ms. Memory: 160768K Free: 140176K (87%)
----------------- Invoking toplevel() on ptolemy.moml.MoMLSimpleApplication@28dbb57a
----------------- Done invoking toplevel() on ptolemy.moml.MoMLSimpleApplication@28dbb57a
reloadAllAccessors: .Case3

===========================================================================================
----------------- testing Sat Sep 28 05:51:22 UTC 2019 /home/travis/build/icyphy/ptII/ptolemy/actor/lib/hoc/test/auto/Case4.xml
----------------- Instantiating /home/travis/build/icyphy/ptII/ptolemy/actor/lib/hoc/test/auto/Case4.xml
42 ms. Memory: 160768K Free: 132746K (83%)
----------------- Invoking toplevel() on ptolemy.moml.MoMLSimpleApplication@2832a93b
----------------- Done invoking toplevel() on ptolemy.moml.MoMLSimpleApplication@2832a93b
reloadAllAccessors: .Case4

===========================================================================================
----------------- testing Sat Sep 28 05:51:23 UTC 2019 /home/travis/build/icyphy/ptII/ptolemy/actor/lib/hoc/test/auto/Case5.xml
----------------- Instantiating /home/travis/build/icyphy/ptII/ptolemy/actor/lib/hoc/test/auto/Case5.xml
54 ms. Memory: 160768K Free: 126343K (79%)
----------------- Invoking toplevel() on ptolemy.moml.MoMLSimpleApplication@7ada48c8
----------------- Done invoking toplevel() on ptolemy.moml.MoMLSimpleApplication@7ada48c8
reloadAllAccessors: .junk

===========================================================================================
----------------- testing Sat Sep 28 05:51:23 UTC 2019 /home/travis/build/icyphy/ptII/ptolemy/actor/lib/hoc/test/auto/Case6.xml
----------------- Instantiating /home/travis/build/icyphy/ptII/ptolemy/actor/lib/hoc/test/auto/Case6.xml
53 ms. Memory: 160768K Free: 115109K (72%)
----------------- Invoking toplevel() on ptolemy.moml.MoMLSimpleApplication@5d9f49a2
----------------- Done invoking toplevel() on ptolemy.moml.MoMLSimpleApplication@5d9f49a2
reloadAllAccessors: .Case6

===========================================================================================
----------------- testing Sat Sep 28 05:51:23 UTC 2019 /home/travis/build/icyphy/ptII/ptolemy/actor/lib/hoc/test/auto/CaseString2.xml
----------------- Instantiating /home/travis/build/icyphy/ptII/ptolemy/actor/lib/hoc/test/auto/CaseString2.xml
13 ms. Memory: 160768K Free: 107408K (67%)
----------------- Invoking toplevel() on ptolemy.moml.MoMLSimpleApplication@511c238f
----------------- Done invoking toplevel() on ptolemy.moml.MoMLSimpleApplication@511c238f
reloadAllAccessors: .CaseString2

===========================================================================================
----------------- testing Sat Sep 28 05:51:23 UTC 2019 /home/travis/build/icyphy/ptII/ptolemy/actor/lib/hoc/test/auto/CatchUpComposite1.xml
----------------- Instantiating /home/travis/build/icyphy/ptII/ptolemy/actor/lib/hoc/test/auto/CatchUpComposite1.xml
42 ms. Memory: 160768K Free: 98440K (61%)
----------------- Invoking toplevel() on ptolemy.moml.MoMLSimpleApplication@2163b259
----------------- Done invoking toplevel() on ptolemy.moml.MoMLSimpleApplication@2163b259
reloadAllAccessors: .CatchUpComposite1

===========================================================================================
----------------- testing Sat Sep 28 05:51:23 UTC 2019 /home/travis/build/icyphy/ptII/ptolemy/actor/lib/hoc/test/auto/CatchUpComposite2.xml
----------------- Instantiating /home/travis/build/icyphy/ptII/ptolemy/actor/lib/hoc/test/auto/CatchUpComposite2.xml
22 ms. Memory: 160768K Free: 139733K (87%)
----------------- Invoking toplevel() on ptolemy.moml.MoMLSimpleApplication@6de5ef6f
----------------- Done invoking toplevel() on ptolemy.moml.MoMLSimpleApplication@6de5ef6f
reloadAllAccessors: .CatchUpComposite2

===========================================================================================
----------------- testing Sat Sep 28 05:51:23 UTC 2019 /home/travis/build/icyphy/ptII/ptolemy/actor/lib/hoc/test/auto/CatchUpComposite3.xml
----------------- Instantiating /home/travis/build/icyphy/ptII/ptolemy/actor/lib/hoc/test/auto/CatchUpComposite3.xml
36 ms. Memory: 160768K Free: 130972K (81%)
----------------- Invoking toplevel() on ptolemy.moml.MoMLSimpleApplication@5fe0ed87
----------------- Done invoking toplevel() on ptolemy.moml.MoMLSimpleApplication@5fe0ed87
reloadAllAccessors: .CatchUpComposite3

===========================================================================================
----------------- testing Sat Sep 28 05:51:23 UTC 2019 /home/travis/build/icyphy/ptII/ptolemy/actor/lib/hoc/test/auto/CatchUpComposite4.xml
----------------- Instantiating /home/travis/build/icyphy/ptII/ptolemy/actor/lib/hoc/test/auto/CatchUpComposite4.xml
12 ms. Memory: 160768K Free: 122780K (76%)
----------------- Invoking toplevel() on ptolemy.moml.MoMLSimpleApplication@b067ec9
----------------- Done invoking toplevel() on ptolemy.moml.MoMLSimpleApplication@b067ec9
reloadAllAccessors: .CatchUpComposite4

===========================================================================================
----------------- testing Sat Sep 28 05:51:23 UTC 2019 /home/travis/build/icyphy/ptII/ptolemy/actor/lib/hoc/test/auto/CatchUpComposite5.xml
----------------- Instantiating /home/travis/build/icyphy/ptII/ptolemy/actor/lib/hoc/test/auto/CatchUpComposite5.xml
19 ms. Memory: 160768K Free: 115143K (72%)
----------------- Invoking toplevel() on ptolemy.moml.MoMLSimpleApplication@3016984b
----------------- Done invoking toplevel() on ptolemy.moml.MoMLSimpleApplication@3016984b
reloadAllAccessors: .CatchUpComposite5

===========================================================================================
----------------- testing Sat Sep 28 05:51:23 UTC 2019 /home/travis/build/icyphy/ptII/ptolemy/actor/lib/hoc/test/auto/CatchUpComposite6.xml
----------------- Instantiating /home/travis/build/icyphy/ptII/ptolemy/actor/lib/hoc/test/auto/CatchUpComposite6.xml
WARNING: The execution aspects in this model can influence the timing of actors by delaying the 
execution, potentially changing the behavior. There is no guarantee that actors fire at the 
time they request to be fired. 
Use Ptides for deterministic DE behavior that is not influenced by execution aspects. 

96 ms. Memory: 160768K Free: 100853K (63%)
----------------- Invoking toplevel() on ptolemy.moml.MoMLSimpleApplication@3630ad90
----------------- Done invoking toplevel() on ptolemy.moml.MoMLSimpleApplication@3630ad90
reloadAllAccessors: .CatchUpComposite6

===========================================================================================
----------------- testing Sat Sep 28 05:51:23 UTC 2019 /home/travis/build/icyphy/ptII/ptolemy/actor/lib/hoc/test/auto/CatchUpComposite7.xml
----------------- Instantiating /home/travis/build/icyphy/ptII/ptolemy/actor/lib/hoc/test/auto/CatchUpComposite7.xml
WARNING: The execution aspects in this model can influence the timing of actors by delaying the 
execution, potentially changing the behavior. There is no guarantee that actors fire at the 
time they request to be fired. 
Use Ptides for deterministic DE behavior that is not influenced by execution aspects. 

27 ms. Memory: 160768K Free: 86940K (54%)
----------------- Invoking toplevel() on ptolemy.moml.MoMLSimpleApplication@735e1e8
----------------- Done invoking toplevel() on ptolemy.moml.MoMLSimpleApplication@735e1e8
reloadAllAccessors: .CatchUpComposite7

===========================================================================================
----------------- testing Sat Sep 28 05:51:24 UTC 2019 /home/travis/build/icyphy/ptII/ptolemy/actor/lib/hoc/test/auto/ConcurrentExecutionTimeSDF.xml
----------------- Instantiating /home/travis/build/icyphy/ptII/ptolemy/actor/lib/hoc/test/auto/ConcurrentExecutionTimeSDF.xml
Fired ExecutionTime: 40400000
Fired ExecutionTime: 40400000
Fired ExecutionTime: 40400000
Fired ExecutionTime: 40400000
Fired ExecutionTime: 40400000
Fired ExecutionTime: 40400000
Fired ExecutionTime: 40400000
Fired ExecutionTime: 40400000
Fired ExecutionTime: 40400000
Fired ExecutionTime: 40400000
Fired ExecutionTime: 40400000
Fired ExecutionTime: 40400000
Fired ExecutionTime: 40400000
Fired ExecutionTime: 40400000
Fired ExecutionTime: 40400000
Fired ExecutionTime: 40400000
Fired ExecutionTime: 40400000
Fired ExecutionTime: 40400000
Fired ExecutionTime: 40400000
Fired ExecutionTime: 40400000
1460 ms. Memory: 160768K Free: 142826K (89%)
----------------- Invoking toplevel() on ptolemy.moml.MoMLSimpleApplication@20302a5e
----------------- Done invoking toplevel() on ptolemy.moml.MoMLSimpleApplication@20302a5e
reloadAllAccessors: .ConcurrentExecutionTimeSDF

===========================================================================================
----------------- testing Sat Sep 28 05:51:25 UTC 2019 /home/travis/build/icyphy/ptII/ptolemy/actor/lib/hoc/test/auto/ConcurrentSleep.xml
----------------- Instantiating /home/travis/build/icyphy/ptII/ptolemy/actor/lib/hoc/test/auto/ConcurrentSleep.xml
743 ms. Memory: 160768K Free: 131562K (82%)
----------------- Invoking toplevel() on ptolemy.moml.MoMLSimpleApplication@2410e3fd
----------------- Done invoking toplevel() on ptolemy.moml.MoMLSimpleApplication@2410e3fd
reloadAllAccessors: .ConcurrentSleep

===========================================================================================
----------------- testing Sat Sep 28 05:51:26 UTC 2019 /home/travis/build/icyphy/ptII/ptolemy/actor/lib/hoc/test/auto/DEInPNInRunCompositeActor.xml
----------------- Instantiating /home/travis/build/icyphy/ptII/ptolemy/actor/lib/hoc/test/auto/DEInPNInRunCompositeActor.xml
16 ms. Memory: 160768K Free: 124908K (78%)
----------------- Invoking toplevel() on ptolemy.moml.MoMLSimpleApplication@625f169
----------------- Done invoking toplevel() on ptolemy.moml.MoMLSimpleApplication@625f169
reloadAllAccessors: .DEInPNInRunCompositeActor

===========================================================================================
----------------- testing Sat Sep 28 05:51:26 UTC 2019 /home/travis/build/icyphy/ptII/ptolemy/actor/lib/hoc/test/auto/DFTSubSetTest.xml
----------------- Instantiating /home/travis/build/icyphy/ptII/ptolemy/actor/lib/hoc/test/auto/DFTSubSetTest.xml
241 ms. Memory: 160768K Free: 81900K (51%)
----------------- Invoking toplevel() on ptolemy.moml.MoMLSimpleApplication@2f31ff44
----------------- Done invoking toplevel() on ptolemy.moml.MoMLSimpleApplication@2f31ff44
reloadAllAccessors: .DFTSubSetTest

===========================================================================================
----------------- testing Sat Sep 28 05:51:26 UTC 2019 /home/travis/build/icyphy/ptII/ptolemy/actor/lib/hoc/test/auto/HocDE.xml
----------------- Instantiating /home/travis/build/icyphy/ptII/ptolemy/actor/lib/hoc/test/auto/HocDE.xml
188 ms. Memory: 160768K Free: 133066K (83%)
----------------- Invoking toplevel() on ptolemy.moml.MoMLSimpleApplication@1615bfca
----------------- Done invoking toplevel() on ptolemy.moml.MoMLSimpleApplication@1615bfca
reloadAllAccessors: .HocDE

===========================================================================================
----------------- testing Sat Sep 28 05:51:26 UTC 2019 /home/travis/build/icyphy/ptII/ptolemy/actor/lib/hoc/test/auto/IterateOverArray.xml
----------------- Instantiating /home/travis/build/icyphy/ptII/ptolemy/actor/lib/hoc/test/auto/IterateOverArray.xml
8 ms. Memory: 160768K Free: 128154K (80%)
----------------- Invoking toplevel() on ptolemy.moml.MoMLSimpleApplication@4c1951c7
----------------- Done invoking toplevel() on ptolemy.moml.MoMLSimpleApplication@4c1951c7
reloadAllAccessors: .IterateOverArray

===========================================================================================
----------------- testing Sat Sep 28 05:51:26 UTC 2019 /home/travis/build/icyphy/ptII/ptolemy/actor/lib/hoc/test/auto/IterateOverArray10.xml
----------------- Instantiating /home/travis/build/icyphy/ptII/ptolemy/actor/lib/hoc/test/auto/IterateOverArray10.xml
9 ms. Memory: 160768K Free: 125082K (78%)
----------------- Invoking toplevel() on ptolemy.moml.MoMLSimpleApplication@2d07bbe0
----------------- Done invoking toplevel() on ptolemy.moml.MoMLSimpleApplication@2d07bbe0
reloadAllAccessors: .IterateOverArray10

===========================================================================================
----------------- testing Sat Sep 28 05:51:27 UTC 2019 /home/travis/build/icyphy/ptII/ptolemy/actor/lib/hoc/test/auto/IterateOverArray11.xml
----------------- Instantiating /home/travis/build/icyphy/ptII/ptolemy/actor/lib/hoc/test/auto/IterateOverArray11.xml
8 ms. Memory: 160768K Free: 120986K (75%)
----------------- Invoking toplevel() on ptolemy.moml.MoMLSimpleApplication@141d8737
----------------- Done invoking toplevel() on ptolemy.moml.MoMLSimpleApplication@141d8737
reloadAllAccessors: .IterateOverArray11

===========================================================================================
----------------- testing Sat Sep 28 05:51:27 UTC 2019 /home/travis/build/icyphy/ptII/ptolemy/actor/lib/hoc/test/auto/IterateOverArray12.xml
----------------- Instantiating /home/travis/build/icyphy/ptII/ptolemy/actor/lib/hoc/test/auto/IterateOverArray12.xml
12 ms. Memory: 160768K Free: 114842K (71%)
----------------- Invoking toplevel() on ptolemy.moml.MoMLSimpleApplication@34871f48
----------------- Done invoking toplevel() on ptolemy.moml.MoMLSimpleApplication@34871f48
reloadAllAccessors: .IterateOverArray12

===========================================================================================
----------------- testing Sat Sep 28 05:51:27 UTC 2019 /home/travis/build/icyphy/ptII/ptolemy/actor/lib/hoc/test/auto/IterateOverArray13.xml
----------------- Instantiating /home/travis/build/icyphy/ptII/ptolemy/actor/lib/hoc/test/auto/IterateOverArray13.xml
89 ms. Memory: 160768K Free: 85660K (53%)
----------------- Invoking toplevel() on ptolemy.moml.MoMLSimpleApplication@1f1f7236
----------------- Done invoking toplevel() on ptolemy.moml.MoMLSimpleApplication@1f1f7236
reloadAllAccessors: .IterateOverArray13

===========================================================================================
----------------- testing Sat Sep 28 05:51:27 UTC 2019 /home/travis/build/icyphy/ptII/ptolemy/actor/lib/hoc/test/auto/IterateOverArray14.xml
----------------- Instantiating /home/travis/build/icyphy/ptII/ptolemy/actor/lib/hoc/test/auto/IterateOverArray14.xml
81 ms. Memory: 160768K Free: 144846K (90%)
----------------- Invoking toplevel() on ptolemy.moml.MoMLSimpleApplication@48f45743
----------------- Done invoking toplevel() on ptolemy.moml.MoMLSimpleApplication@48f45743
reloadAllAccessors: .IterateOverArray14

===========================================================================================
----------------- testing Sat Sep 28 05:51:27 UTC 2019 /home/travis/build/icyphy/ptII/ptolemy/actor/lib/hoc/test/auto/IterateOverArray2.xml
----------------- Instantiating /home/travis/build/icyphy/ptII/ptolemy/actor/lib/hoc/test/auto/IterateOverArray2.xml
7 ms. Memory: 160768K Free: 140273K (87%)
----------------- Invoking toplevel() on ptolemy.moml.MoMLSimpleApplication@4645f422
----------------- Done invoking toplevel() on ptolemy.moml.MoMLSimpleApplication@4645f422
reloadAllAccessors: .IterateOverArray2

===========================================================================================
----------------- testing Sat Sep 28 05:51:27 UTC 2019 /home/travis/build/icyphy/ptII/ptolemy/actor/lib/hoc/test/auto/IterateOverArray3.xml
----------------- Instantiating /home/travis/build/icyphy/ptII/ptolemy/actor/lib/hoc/test/auto/IterateOverArray3.xml
9 ms. Memory: 160768K Free: 134091K (83%)
----------------- Invoking toplevel() on ptolemy.moml.MoMLSimpleApplication@5ebf21db
----------------- Done invoking toplevel() on ptolemy.moml.MoMLSimpleApplication@5ebf21db
reloadAllAccessors: .IterateOverArray3

===========================================================================================
----------------- testing Sat Sep 28 05:51:27 UTC 2019 /home/travis/build/icyphy/ptII/ptolemy/actor/lib/hoc/test/auto/IterateOverArray4.xml
----------------- Instantiating /home/travis/build/icyphy/ptII/ptolemy/actor/lib/hoc/test/auto/IterateOverArray4.xml
5 ms. Memory: 160768K Free: 130033K (81%)
----------------- Invoking toplevel() on ptolemy.moml.MoMLSimpleApplication@635230ce
----------------- Done invoking toplevel() on ptolemy.moml.MoMLSimpleApplication@635230ce
reloadAllAccessors: .IterateOverArray4

===========================================================================================
----------------- testing Sat Sep 28 05:51:27 UTC 2019 /home/travis/build/icyphy/ptII/ptolemy/actor/lib/hoc/test/auto/IterateOverArray5.xml
----------------- Instantiating /home/travis/build/icyphy/ptII/ptolemy/actor/lib/hoc/test/auto/IterateOverArray5.xml
4 ms. Memory: 160768K Free: 125937K (78%)
----------------- Invoking toplevel() on ptolemy.moml.MoMLSimpleApplication@678690fb
----------------- Done invoking toplevel() on ptolemy.moml.MoMLSimpleApplication@678690fb
reloadAllAccessors: .IterateOverArray5

===========================================================================================
----------------- testing Sat Sep 28 05:51:27 UTC 2019 /home/travis/build/icyphy/ptII/ptolemy/actor/lib/hoc/test/auto/IterateOverArray6.xml
----------------- Instantiating /home/travis/build/icyphy/ptII/ptolemy/actor/lib/hoc/test/auto/IterateOverArray6.xml
4 ms. Memory: 160768K Free: 122309K (76%)
----------------- Invoking toplevel() on ptolemy.moml.MoMLSimpleApplication@7a07bed0
----------------- Done invoking toplevel() on ptolemy.moml.MoMLSimpleApplication@7a07bed0
reloadAllAccessors: .IterateOverArray6

===========================================================================================
----------------- testing Sat Sep 28 05:51:27 UTC 2019 /home/travis/build/icyphy/ptII/ptolemy/actor/lib/hoc/test/auto/IterateOverArray7.xml
----------------- Instantiating /home/travis/build/icyphy/ptII/ptolemy/actor/lib/hoc/test/auto/IterateOverArray7.xml
4 ms. Memory: 160768K Free: 117745K (73%)
----------------- Invoking toplevel() on ptolemy.moml.MoMLSimpleApplication@211903c3
----------------- Done invoking toplevel() on ptolemy.moml.MoMLSimpleApplication@211903c3
reloadAllAccessors: .IterateOverArray7

===========================================================================================
----------------- testing Sat Sep 28 05:51:27 UTC 2019 /home/travis/build/icyphy/ptII/ptolemy/actor/lib/hoc/test/auto/IterateOverArray8.xml
----------------- Instantiating /home/travis/build/icyphy/ptII/ptolemy/actor/lib/hoc/test/auto/IterateOverArray8.xml
10 ms. Memory: 160768K Free: 113649K (71%)
----------------- Invoking toplevel() on ptolemy.moml.MoMLSimpleApplication@4433ff46
----------------- Done invoking toplevel() on ptolemy.moml.MoMLSimpleApplication@4433ff46
reloadAllAccessors: .IterateOverArray8

===========================================================================================
----------------- testing Sat Sep 28 05:51:27 UTC 2019 /home/travis/build/icyphy/ptII/ptolemy/actor/lib/hoc/test/auto/IterateOverArray9.xml
----------------- Instantiating /home/travis/build/icyphy/ptII/ptolemy/actor/lib/hoc/test/auto/IterateOverArray9.xml
12 ms. Memory: 160768K Free: 109553K (68%)
----------------- Invoking toplevel() on ptolemy.moml.MoMLSimpleApplication@51c889ff
----------------- Done invoking toplevel() on ptolemy.moml.MoMLSimpleApplication@51c889ff
reloadAllAccessors: .IterateOverArray9

===========================================================================================
----------------- testing Sat Sep 28 05:51:27 UTC 2019 /home/travis/build/icyphy/ptII/ptolemy/actor/lib/hoc/test/auto/IterateOverArrayCoercedOutputType.xml
----------------- Instantiating /home/travis/build/icyphy/ptII/ptolemy/actor/lib/hoc/test/auto/IterateOverArrayCoercedOutputType.xml
5 ms. Memory: 160768K Free: 104433K (65%)
----------------- Invoking toplevel() on ptolemy.moml.MoMLSimpleApplication@44755978
----------------- Done invoking toplevel() on ptolemy.moml.MoMLSimpleApplication@44755978
reloadAllAccessors: .IterateOverArrayCoercedOutputType

===========================================================================================
----------------- testing Sat Sep 28 05:51:27 UTC 2019 /home/travis/build/icyphy/ptII/ptolemy/actor/lib/hoc/test/auto/IterateOverArrayInferredOutputType.xml
----------------- Instantiating /home/travis/build/icyphy/ptII/ptolemy/actor/lib/hoc/test/auto/IterateOverArrayInferredOutputType.xml
9 ms. Memory: 160768K Free: 99825K (62%)
----------------- Invoking toplevel() on ptolemy.moml.MoMLSimpleApplication@5eb218c
----------------- Done invoking toplevel() on ptolemy.moml.MoMLSimpleApplication@5eb218c
reloadAllAccessors: .IterateOverArrayInferredOutputType

===========================================================================================
----------------- testing Sat Sep 28 05:51:27 UTC 2019 /home/travis/build/icyphy/ptII/ptolemy/actor/lib/hoc/test/auto/MobileFunctionTest.xml
----------------- Instantiating /home/travis/build/icyphy/ptII/ptolemy/actor/lib/hoc/test/auto/MobileFunctionTest.xml
5 ms. Memory: 160768K Free: 95774K (60%)
----------------- Invoking toplevel() on ptolemy.moml.MoMLSimpleApplication@28bb12a4
----------------- Done invoking toplevel() on ptolemy.moml.MoMLSimpleApplication@28bb12a4
reloadAllAccessors: .MobileFunctionTest

===========================================================================================
----------------- testing Sat Sep 28 05:51:27 UTC 2019 /home/travis/build/icyphy/ptII/ptolemy/actor/lib/hoc/test/auto/MobileModelTest.xml
----------------- Instantiating /home/travis/build/icyphy/ptII/ptolemy/actor/lib/hoc/test/auto/MobileModelTest.xml
170 ms. Memory: 160768K Free: 74737K (46%)
----------------- Invoking toplevel() on ptolemy.moml.MoMLSimpleApplication@27efc1f4
----------------- Done invoking toplevel() on ptolemy.moml.MoMLSimpleApplication@27efc1f4
reloadAllAccessors: .MobileModelTest

===========================================================================================
----------------- testing Sat Sep 28 05:51:28 UTC 2019 /home/travis/build/icyphy/ptII/ptolemy/actor/lib/hoc/test/auto/ModelReference.xml
----------------- Instantiating /home/travis/build/icyphy/ptII/ptolemy/actor/lib/hoc/test/auto/ModelReference.xml
3 ms. Memory: 160768K Free: 68049K (42%)
3 ms. Memory: 160768K Free: 67551K (42%)
3 ms. Memory: 160768K Free: 66531K (41%)
2 ms. Memory: 160768K Free: 66001K (41%)
3 ms. Memory: 160768K Free: 64985K (40%)
2 ms. Memory: 160768K Free: 63969K (40%)
2 ms. Memory: 160768K Free: 63459K (39%)
2 ms. Memory: 160768K Free: 62435K (39%)
4 ms. Memory: 160768K Free: 61893K (38%)
2 ms. Memory: 160768K Free: 60929K (38%)
37 ms. Memory: 160768K Free: 60929K (38%)
----------------- Invoking toplevel() on ptolemy.moml.MoMLSimpleApplication@380e5276
----------------- Done invoking toplevel() on ptolemy.moml.MoMLSimpleApplication@380e5276
reloadAllAccessors: .ModelReference

===========================================================================================
----------------- testing Sat Sep 28 05:51:28 UTC 2019 /home/travis/build/icyphy/ptII/ptolemy/actor/lib/hoc/test/auto/ModelReference3.xml
----------------- Instantiating /home/travis/build/icyphy/ptII/ptolemy/actor/lib/hoc/test/auto/ModelReference3.xml
2 ms. Memory: 160768K Free: 55839K (35%)
4 ms. Memory: 160768K Free: 55259K (34%)
2 ms. Memory: 160768K Free: 54235K (34%)
4 ms. Memory: 160768K Free: 53753K (33%)
3 ms. Memory: 160768K Free: 52737K (33%)
10 ms. Memory: 193536K Free: 178848K (92%)
2 ms. Memory: 193536K Free: 178141K (92%)
3 ms. Memory: 193536K Free: 177117K (92%)
3 ms. Memory: 193536K Free: 176473K (91%)
2 ms. Memory: 193536K Free: 175706K (91%)
46 ms. Memory: 193536K Free: 175706K (91%)
----------------- Invoking toplevel() on ptolemy.moml.MoMLSimpleApplication@74d2911c
----------------- Done invoking toplevel() on ptolemy.moml.MoMLSimpleApplication@74d2911c
reloadAllAccessors: .ModelReference3

===========================================================================================
----------------- testing Sat Sep 28 05:51:28 UTC 2019 /home/travis/build/icyphy/ptII/ptolemy/actor/lib/hoc/test/auto/ModelReference4.xml
----------------- Instantiating /home/travis/build/icyphy/ptII/ptolemy/actor/lib/hoc/test/auto/ModelReference4.xml
3 ms. Memory: 193536K Free: 170825K (88%)
3 ms. Memory: 193536K Free: 169305K (87%)
3 ms. Memory: 193536K Free: 168281K (87%)
3 ms. Memory: 193536K Free: 166737K (86%)
3 ms. Memory: 193536K Free: 165705K (86%)
2 ms. Memory: 193536K Free: 164689K (85%)
3 ms. Memory: 193536K Free: 163161K (84%)
3 ms. Memory: 193536K Free: 162137K (84%)
3 ms. Memory: 193536K Free: 160593K (83%)
3 ms. Memory: 193536K Free: 159065K (82%)
10023 ms. Memory: 193536K Free: 159065K (82%)
----------------- Invoking toplevel() on ptolemy.moml.MoMLSimpleApplication@170dcc0b
----------------- Done invoking toplevel() on ptolemy.moml.MoMLSimpleApplication@170dcc0b
reloadAllAccessors: .ModelReference4

===========================================================================================
----------------- testing Sat Sep 28 05:51:38 UTC 2019 /home/travis/build/icyphy/ptII/ptolemy/actor/lib/hoc/test/auto/MultiInstanceComposite.xml
----------------- Instantiating /home/travis/build/icyphy/ptII/ptolemy/actor/lib/hoc/test/auto/MultiInstanceComposite.xml
29 ms. Memory: 193536K Free: 140119K (72%)
----------------- Invoking toplevel() on ptolemy.moml.MoMLSimpleApplication@1aa6b05e
----------------- Done invoking toplevel() on ptolemy.moml.MoMLSimpleApplication@1aa6b05e
reloadAllAccessors: .MultiInstanceComposite

===========================================================================================
----------------- testing Sat Sep 28 05:51:38 UTC 2019 /home/travis/build/icyphy/ptII/ptolemy/actor/lib/hoc/test/auto/MultiInstanceComposite2.xml
----------------- Instantiating /home/travis/build/icyphy/ptII/ptolemy/actor/lib/hoc/test/auto/MultiInstanceComposite2.xml
24 ms. Memory: 193536K Free: 128855K (67%)
----------------- Invoking toplevel() on ptolemy.moml.MoMLSimpleApplication@2c12a04
----------------- Done invoking toplevel() on ptolemy.moml.MoMLSimpleApplication@2c12a04
reloadAllAccessors: .MultiInstanceComposite2

===========================================================================================
----------------- testing Sat Sep 28 05:51:38 UTC 2019 /home/travis/build/icyphy/ptII/ptolemy/actor/lib/hoc/test/auto/MulticoreExecution.xml
----------------- Instantiating /home/travis/build/icyphy/ptII/ptolemy/actor/lib/hoc/test/auto/MulticoreExecution.xml
Fired ExecutionTime: 2400000
Fired ExecutionTime: 2800000
Fired ExecutionTime: 3200000
Fired ExecutionTime: 2400000
Fired ExecutionTime: 4000000
Fired ExecutionTime: 4000000
Fired ExecutionTime: 46400000
Fired ExecutionTime: 69200000
Fired ExecutionTime: 66400000
Fired ExecutionTime: 66400000
Fired ExecutionTime: 69200000
Fired ExecutionTime: 68800000
Fired ExecutionTime: 67200000
Fired ExecutionTime: 66400000
Fired ExecutionTime: 66800000
Fired ExecutionTime: 62800000
Fired ExecutionTime: 66400000
Fired ExecutionTime: 65200000
Fired ExecutionTime: 60000000
Fired ExecutionTime: 69200000
1077 ms. Memory: 193536K Free: 119639K (62%)
----------------- Invoking toplevel() on ptolemy.moml.MoMLSimpleApplication@a2baa6b
----------------- Done invoking toplevel() on ptolemy.moml.MoMLSimpleApplication@a2baa6b
reloadAllAccessors: .MulticoreExecution

===========================================================================================
----------------- testing Sat Sep 28 05:51:39 UTC 2019 /home/travis/build/icyphy/ptII/ptolemy/actor/lib/hoc/test/auto/ParallelExecution.xml
----------------- Instantiating /home/travis/build/icyphy/ptII/ptolemy/actor/lib/hoc/test/auto/ParallelExecution.xml
925 ms. Memory: 193536K Free: 111961K (58%)
----------------- Invoking toplevel() on ptolemy.moml.MoMLSimpleApplication@7bbbb66
----------------- Done invoking toplevel() on ptolemy.moml.MoMLSimpleApplication@7bbbb66
reloadAllAccessors: .ParallelExecution

===========================================================================================
----------------- testing Sat Sep 28 05:51:40 UTC 2019 /home/travis/build/icyphy/ptII/ptolemy/actor/lib/hoc/test/auto/RunCompositeActor.xml
----------------- Instantiating /home/travis/build/icyphy/ptII/ptolemy/actor/lib/hoc/test/auto/RunCompositeActor.xml
12 ms. Memory: 193536K Free: 104793K (54%)
----------------- Invoking toplevel() on ptolemy.moml.MoMLSimpleApplication@1959c1a9
----------------- Done invoking toplevel() on ptolemy.moml.MoMLSimpleApplication@1959c1a9
reloadAllAccessors: .RunCompositeActor

===========================================================================================
----------------- testing Sat Sep 28 05:51:40 UTC 2019 /home/travis/build/icyphy/ptII/ptolemy/actor/lib/hoc/test/auto/RunCompositeActor2.xml
----------------- Instantiating /home/travis/build/icyphy/ptII/ptolemy/actor/lib/hoc/test/auto/RunCompositeActor2.xml
5 ms. Memory: 193536K Free: 98649K (51%)
----------------- Invoking toplevel() on ptolemy.moml.MoMLSimpleApplication@3f64d92a
----------------- Done invoking toplevel() on ptolemy.moml.MoMLSimpleApplication@3f64d92a
reloadAllAccessors: .RunCompositeActor2

===========================================================================================
----------------- testing Sat Sep 28 05:51:40 UTC 2019 /home/travis/build/icyphy/ptII/ptolemy/actor/lib/hoc/test/auto/RunCompositeActor3.xml
----------------- Instantiating /home/travis/build/icyphy/ptII/ptolemy/actor/lib/hoc/test/auto/RunCompositeActor3.xml
4 ms. Memory: 193536K Free: 93529K (48%)
----------------- Invoking toplevel() on ptolemy.moml.MoMLSimpleApplication@aad4384
----------------- Done invoking toplevel() on ptolemy.moml.MoMLSimpleApplication@aad4384
reloadAllAccessors: .RunCompositeActor3

===========================================================================================
----------------- testing Sat Sep 28 05:51:40 UTC 2019 /home/travis/build/icyphy/ptII/ptolemy/actor/lib/hoc/test/auto/RunCompositeActor4.xml
----------------- Instantiating /home/travis/build/icyphy/ptII/ptolemy/actor/lib/hoc/test/auto/RunCompositeActor4.xml
11 ms. Memory: 193536K Free: 85337K (44%)
----------------- Invoking toplevel() on ptolemy.moml.MoMLSimpleApplication@49ad7585
----------------- Done invoking toplevel() on ptolemy.moml.MoMLSimpleApplication@49ad7585
reloadAllAccessors: .RunCompositeActor4

===========================================================================================
----------------- testing Sat Sep 28 05:51:40 UTC 2019 /home/travis/build/icyphy/ptII/ptolemy/actor/lib/hoc/test/auto/RunCompositeIterateOverArray.xml
----------------- Instantiating /home/travis/build/icyphy/ptII/ptolemy/actor/lib/hoc/test/auto/RunCompositeIterateOverArray.xml
5 ms. Memory: 193536K Free: 79193K (41%)
----------------- Invoking toplevel() on ptolemy.moml.MoMLSimpleApplication@5b3c6dc3
----------------- Done invoking toplevel() on ptolemy.moml.MoMLSimpleApplication@5b3c6dc3
reloadAllAccessors: .RunCompositeIterateOverArray

===========================================================================================
----------------- testing Sat Sep 28 05:51:40 UTC 2019 /home/travis/build/icyphy/ptII/ptolemy/actor/lib/hoc/test/auto/ThreadedJS.xml
----------------- Instantiating /home/travis/build/icyphy/ptII/ptolemy/actor/lib/hoc/test/auto/ThreadedJS.xml
6982 ms. Memory: 279552K Free: 177189K (63%)
----------------- Invoking toplevel() on ptolemy.moml.MoMLSimpleApplication@426f4135
----------------- Done invoking toplevel() on ptolemy.moml.MoMLSimpleApplication@426f4135
reloadAllAccessors: .ThreadedJS
AutoTests.java: About to close Vertx.
AutoTests.java: Vertx closed.
]]></system-out>
  <system-err><![CDATA[java.lang.RuntimeException: Execution failed
	at ptolemy.moml.MoMLSimpleApplication$UnloadThread.run(MoMLSimpleApplication.java:402)
Caused by: ptolemy.kernel.util.IllegalActionException: initialize() was called after wrapup() was called but preinitialize() was not called after wrapup().
	at ptolemy.actor.lib.hoc.test.PreinitializeMustBeInvoked.initialize(PreinitializeMustBeInvoked.java:78)
	at ptolemy.actor.Director.initialize(Director.java:938)
	at ptolemy.actor.Director.initialize(Director.java:907)
	at ptolemy.actor.sched.StaticSchedulingDirector.initialize(StaticSchedulingDirector.java:159)
	at ptolemy.domains.sdf.kernel.SDFDirector.initialize(SDFDirector.java:544)
	at ptolemy.actor.CompositeActor.initialize(CompositeActor.java:935)
	at ptolemy.actor.lib.hoc.LifeCycleManager._executeInsideModel(LifeCycleManager.java:339)
	at ptolemy.actor.lib.hoc.RunCompositeActor.fire(RunCompositeActor.java:205)
	at ptolemy.actor.CompositeActor.iterate(CompositeActor.java:1146)
	at ptolemy.actor.sched.StaticSchedulingDirector.fire(StaticSchedulingDirector.java:216)
	at ptolemy.domains.sdf.kernel.SDFDirector.fire(SDFDirector.java:500)
	at ptolemy.actor.CompositeActor.fire(CompositeActor.java:455)
	at ptolemy.actor.Manager.iterate(Manager.java:851)
	at ptolemy.actor.Manager.execute(Manager.java:369)
	at ptolemy.actor.Manager.run(Manager.java:1263)
	at ptolemy.actor.Manager$PtolemyRunThread.run(Manager.java:1933)
java.lang.reflect.InvocationTargetException
	at java.base/jdk.internal.reflect.NativeConstructorAccessorImpl.newInstance0(Native Method)
	at java.base/jdk.internal.reflect.NativeConstructorAccessorImpl.newInstance(NativeConstructorAccessorImpl.java:62)
	at java.base/jdk.internal.reflect.DelegatingConstructorAccessorImpl.newInstance(DelegatingConstructorAccessorImpl.java:45)
	at java.base/java.lang.reflect.Constructor.newInstance(Constructor.java:490)
	at ptolemy.util.test.junit.AutoKnownFailedTests.RunModel(AutoKnownFailedTests.java:105)
	at java.base/jdk.internal.reflect.NativeMethodAccessorImpl.invoke0(Native Method)
	at java.base/jdk.internal.reflect.NativeMethodAccessorImpl.invoke(NativeMethodAccessorImpl.java:62)
	at java.base/jdk.internal.reflect.DelegatingMethodAccessorImpl.invoke(DelegatingMethodAccessorImpl.java:43)
	at java.base/java.lang.reflect.Method.invoke(Method.java:566)
	at org.junit.runners.model.FrameworkMethod$1.runReflectiveCall(FrameworkMethod.java:44)
	at org.junit.internal.runners.model.ReflectiveCallable.run(ReflectiveCallable.java:15)
	at org.junit.runners.model.FrameworkMethod.invokeExplosively(FrameworkMethod.java:41)
	at junitparams.internal.InvokeParameterisedMethod.evaluate(InvokeParameterisedMethod.java:102)
	at org.junit.internal.runners.statements.FailOnTimeout$1.run(FailOnTimeout.java:28)
Caused by: ptolemy.kernel.util.IllegalActionException: initialize() was called after wrapup() was called but preinitialize() was not called after wrapup().
	at ptolemy.actor.lib.hoc.test.PreinitializeMustBeInvoked.initialize(PreinitializeMustBeInvoked.java:78)
	at ptolemy.actor.Director.initialize(Director.java:938)
	at ptolemy.actor.Director.initialize(Director.java:907)
	at ptolemy.actor.sched.StaticSchedulingDirector.initialize(StaticSchedulingDirector.java:159)
	at ptolemy.domains.sdf.kernel.SDFDirector.initialize(SDFDirector.java:544)
	at ptolemy.actor.CompositeActor.initialize(CompositeActor.java:935)
	at ptolemy.actor.lib.hoc.LifeCycleManager._executeInsideModel(LifeCycleManager.java:339)
	at ptolemy.actor.lib.hoc.RunCompositeActor.fire(RunCompositeActor.java:205)
	at ptolemy.actor.CompositeActor.iterate(CompositeActor.java:1146)
	at ptolemy.actor.sched.StaticSchedulingDirector.fire(StaticSchedulingDirector.java:216)
	at ptolemy.domains.sdf.kernel.SDFDirector.fire(SDFDirector.java:500)
	at ptolemy.actor.CompositeActor.fire(CompositeActor.java:455)
	at ptolemy.actor.Manager.iterate(Manager.java:851)
	at ptolemy.actor.Manager.execute(Manager.java:369)
	at ptolemy.actor.Manager.run(Manager.java:1263)
	at ptolemy.actor.Manager$PtolemyRunThread.run(Manager.java:1933)
Warning: Nashorn engine is planned to be removed from a future JDK release
Warning: Nashorn engine is planned to be removed from a future JDK release
Warning: Nashorn engine is planned to be removed from a future JDK release
Warning: Nashorn engine is planned to be removed from a future JDK release
Warning: Nashorn engine is planned to be removed from a future JDK release
Warning: Nashorn engine is planned to be removed from a future JDK release
Warning: Nashorn engine is planned to be removed from a future JDK release
Warning: Nashorn engine is planned to be removed from a future JDK release
]]></system-err>
</testsuite>
