<?xml version="1.0" encoding="UTF-8" ?>
<testsuite errors="0" failures="0" hostname="travis-job-b1624eba-91ff-44a4-89a4-b01b9fbf85f6" name="ptolemy.cg.kernel.generic.accessor.test.junit.JUnitTclTest" skipped="0" tests="9" time="118.732" timestamp="2021-11-17T06:04:35">
  <properties>
[...]
</properties>
  <testcase classname="ptolemy.util.test.junit.TclTests" name="[0] /home/travis/build/icyphy/ptII/ptolemy/cg/kernel/generic/accessor/test/AccessorSSHCodeGenerator.tcl (RunTclFile)" time="44.496" />
  <testcase classname="ptolemy.util.test.junit.AutoKnownFailedTests" name="[0] ThereAreNoKnowFailedTests (RunModel)" time="0.002" />
  <testcase classname="ptolemy.util.test.junit.AutoNameArchTests" name="[0] ThereAreNoAutoArchTests (RunModel)" time="0.001" />
  <testcase classname="ptolemy.util.test.junit.AutoTests" name="[0] /home/travis/build/icyphy/ptII/ptolemy/cg/kernel/generic/accessor/test/auto/AccessorStatusTest.xml (RunModel)" time="25.494" />
  <testcase classname="ptolemy.util.test.junit.AutoTests" name="[1] /home/travis/build/icyphy/ptII/ptolemy/cg/kernel/generic/accessor/test/auto/RampJSDisplay.xml (RunModel)" time="10.179" />
  <testcase classname="ptolemy.util.test.junit.AutoTests" name="[2] /home/travis/build/icyphy/ptII/ptolemy/cg/kernel/generic/accessor/test/auto/RampJSInspect.xml (RunModel)" time="12.04" />
  <testcase classname="ptolemy.util.test.junit.AutoTests" name="[3] /home/travis/build/icyphy/ptII/ptolemy/cg/kernel/generic/accessor/test/auto/RampJSTest.xml (RunModel)" time="11.156" />
  <testcase classname="ptolemy.util.test.junit.AutoTests" name="[4] /home/travis/build/icyphy/ptII/ptolemy/cg/kernel/generic/accessor/test/auto/RampJSTextDisplay.xml (RunModel)" time="11.964" />
  <testcase classname="ptolemy.util.test.junit.AutoTests" name="[5] /home/travis/build/icyphy/ptII/ptolemy/cg/kernel/generic/accessor/test/auto/TestComposite.xml (RunModel)" time="2.915" />
  <system-out><![CDATA[/home/travis/build/icyphy/ptII/ptolemy/cg/kernel/generic/accessor/test/AccessorSSHCodeGenerator.tcl
testDefs.tcl: setting time out to 9000 seconds at Wed Nov 17 06:04:35 UTC 2021
JSAccessor: found node
RunnableCodeGenerator: run command: (cd /home/travis/build/icyphy/ptII/org/terraswarm/accessor/accessors/web/cg; /home/travis/build/icyphy/ptII/ptolemy/cg/kernel/generic/accessor/accessorInvokeSSH localhost /home/travis/build/icyphy/ptII/org/terraswarm/accessor/accessors/web/cg/top.js   npmInstall  )
In "/home/travis/build/icyphy/ptII/org/terraswarm/accessor/accessors/web/cg", about to execute:
    /home/travis/build/icyphy/ptII/ptolemy/cg/kernel/generic/accessor/accessorInvok
eSSH localhost
/home/travis/build/icyphy/ptII/org/terraswarm/accessor/accessors/web/cg/top.js
npmInstall
/home/travis/build/icyphy/ptII/ptolemy/cg/kernel/generic/accessor/accessorInvokeSSH: Note that the timeout defaults to 15000
### accessorInvokeSSH: Creating cg/node_modules and cg/top on localhost
### accessorInvokeSSH: Running npm install @terraswarm/accessors pm2 
### accessorInvokeSSH:   Ignore messages like: 'npm WARN enoent ENOENT: no such file or directory, open cg/top/package.json'
/home/travis/pthla/certi-tools/share/scripts:/home/travis/.rvm/gems/ruby-2.6.5/bin:/home/travis/.rvm/gems/ruby-2.6.5@global/bin:/home/travis/.rvm/rubies/ruby-2.6.5/bin:/home/travis/.rvm/bin:./node_modules/.bin:/home/travis/build/icyphy/ptII/bin:/home/travis/pthla/certi-tools/bin:/home/travis/bin:/home/travis/.local/bin:/usr/local/lib/jvm/openjdk11/bin:/opt/pyenv/shims:/home/travis/.phpenv/shims:/home/travis/perl5/perlbrew/bin:/home/travis/.nvm/versions/node/v7.10.1/bin:/home/travis/.kiex/elixirs/elixir-1.7.4/bin:/home/travis/.kiex/bin:/home/travis/gopath/bin:/home/travis/.gimme/versions/go1.11.1.linux.amd64/bin:/usr/local/maven-3.6.3/bin:/usr/local/cmake-3.12.4/bin:/usr/local/clang-7.0.0/bin:/usr/local/sbin:/usr/local/bin:/usr/sbin:/usr/bin:/sbin:/bin:/snap/bin:/home/travis/.phpenv/bin:/opt/pyenv/bin:/home/travis/.yarn/bin
/home/travis/build/icyphy/ptII/bin/npm
/home/travis/build/icyphy/ptII/bin/npm: Running /home/travis/.nvm/versions/node/v7.10.1/bin/npm install @terraswarm/accessors pm2
/home/travis/build/icyphy/ptII/bin/node: Running /home/travis/.nvm/versions/node/v7.10.1/bin/node /home/travis/.nvm/versions/node/v7.10.1/bin/npm install @terraswarm/accessors pm2
npm WARN deprecated uuid@3.4.0: Please upgrade  to version 7 or higher.  Older versions may use Math.random() in certain circumstances, which is known to be problematic.  See https://v8.dev/blog/math-random for details.
npm WARN lifecycle The node binary used for scripts is /home/travis/build/icyphy/ptII/bin/node but npm is using /home/travis/.nvm/versions/node/v7.10.1/bin/node itself. Use the `--scripts-prepend-node-path` option to include the path for the node binary npm was executed with.
/home/travis/cg
├─┬ @terraswarm/accessors@0.0.27 
│ ├── @accessors-hosts/common@0.1.0 
│ ├── @accessors-modules/local-storage@0.1.1 
│ ├─┬ express@4.17.1 
│ │ ├─┬ accepts@1.3.7 
│ │ │ ├─┬ mime-types@2.1.34 
│ │ │ │ └── mime-db@1.51.0 
│ │ │ └── negotiator@0.6.2 
│ │ ├── array-flatten@1.1.1 
│ │ ├─┬ body-parser@1.19.0 
│ │ │ ├── bytes@3.1.0 
│ │ │ ├─┬ http-errors@1.7.2 
│ │ │ │ └── toidentifier@1.0.0 
│ │ │ └── raw-body@2.4.0 
│ │ ├── content-disposition@0.5.3 
│ │ ├── content-type@1.0.4 
│ │ ├── cookie@0.4.0 
│ │ ├── cookie-signature@1.0.6 
│ │ ├─┬ debug@2.6.9 
│ │ │ └── ms@2.0.0 
│ │ ├── depd@1.1.2 
│ │ ├── encodeurl@1.0.2 
│ │ ├── escape-html@1.0.3 
│ │ ├── etag@1.8.1 
│ │ ├─┬ finalhandler@1.1.2 
│ │ │ └── unpipe@1.0.0 
│ │ ├── fresh@0.5.2 
│ │ ├── merge-descriptors@1.0.1 
│ │ ├── methods@1.1.2 
│ │ ├─┬ on-finished@2.3.0 
│ │ │ └── ee-first@1.1.1 
│ │ ├── parseurl@1.3.3 
│ │ ├── path-to-regexp@0.1.7 
│ │ ├─┬ proxy-addr@2.0.7 
│ │ │ ├── forwarded@0.2.0 
│ │ │ └── ipaddr.js@1.9.1 
│ │ ├── qs@6.7.0 
│ │ ├── range-parser@1.2.1 
│ │ ├── safe-buffer@5.1.2 
│ │ ├─┬ send@0.17.1 
│ │ │ ├── destroy@1.0.4 
│ │ │ ├── mime@1.6.0 
│ │ │ └── ms@2.1.1 
│ │ ├── serve-static@1.14.1 
│ │ ├── setprototypeof@1.1.1 
│ │ ├── statuses@1.5.0 
│ │ ├─┬ type-is@1.6.18 
│ │ │ └── media-typer@0.3.0 
│ │ ├── utils-merge@1.0.1 
│ │ └── vary@1.1.2 
│ ├─┬ helmet@3.23.3 
│ │ ├── depd@2.0.0 
│ │ ├── dont-sniff-mimetype@1.1.0 
│ │ ├── feature-policy@0.3.0 
│ │ ├── helmet-crossdomain@0.4.0 
│ │ ├─┬ helmet-csp@2.10.0 
│ │ │ ├── bowser@2.9.0 
│ │ │ ├── camelize@1.0.0 
│ │ │ ├── content-security-policy-builder@2.1.0 
│ │ │ └── dasherize@2.0.0 
│ │ ├── hide-powered-by@1.1.0 
│ │ ├── hpkp@2.0.0 
│ │ ├─┬ hsts@2.2.0 
│ │ │ └── depd@2.0.0 
│ │ ├── nocache@2.1.0 
│ │ ├── referrer-policy@1.2.0 
│ │ └── x-xss-protection@1.3.0 
│ ├─┬ node-localstorage@1.3.1 
│ │ └─┬ write-file-atomic@1.3.4 
│ │   ├── graceful-fs@4.2.8 
│ │   ├── imurmurhash@0.1.4 
│ │   └── slide@1.1.6 
│ └─┬ portscanner@2.2.0 
│   └─┬ is-number-like@1.0.8 
│     └── lodash.isfinite@3.3.2 
└─┬ pm2@5.1.2 
  ├─┬ @pm2/agent@2.0.1 
  │ ├── async@3.2.2 
  │ ├── UNMET PEER DEPENDENCY bufferutil@^4.0.1
  │ ├─┬ debug@4.3.2 
  │ │ └── ms@2.1.2 
  │ ├── fast-json-patch@3.1.0 
  │ ├─┬ nssocket@0.6.0 
  │ │ ├── eventemitter2@0.4.14 
  │ │ └── lazy@1.0.11 
  │ ├─┬ proxy-agent@5.0.0 
  │ │ ├─┬ agent-base@6.0.2 
  │ │ │ └─┬ debug@4.3.2 
  │ │ │   └── ms@2.1.2 
  │ │ ├─┬ debug@4.3.2 
  │ │ │ └── ms@2.1.2 
  │ │ ├─┬ http-proxy-agent@4.0.1 
  │ │ │ ├── @tootallnate/once@1.1.2 
  │ │ │ └─┬ debug@4.3.2 
  │ │ │   └── ms@2.1.2 
  │ │ ├─┬ https-proxy-agent@5.0.0 
  │ │ │ └─┬ debug@4.3.2 
  │ │ │   └── ms@2.1.2 
  │ │ ├─┬ lru-cache@5.1.1 
  │ │ │ └── yallist@3.1.1 
  │ │ ├─┬ pac-proxy-agent@5.0.0 
  │ │ │ ├─┬ debug@4.3.2 
  │ │ │ │ └── ms@2.1.2 
  │ │ │ ├─┬ get-uri@3.0.2 
  │ │ │ │ ├── data-uri-to-buffer@3.0.1 
  │ │ │ │ ├─┬ debug@4.3.2 
  │ │ │ │ │ └── ms@2.1.2 
  │ │ │ │ ├── file-uri-to-path@2.0.0 
  │ │ │ │ ├─┬ fs-extra@8.1.0 
  │ │ │ │ │ ├── jsonfile@4.0.0 
  │ │ │ │ │ └── universalify@0.1.2 
  │ │ │ │ └─┬ ftp@0.3.10 
  │ │ │ │   ├─┬ readable-stream@1.1.14 
  │ │ │ │   │ ├── core-util-is@1.0.3 
  │ │ │ │   │ ├── isarray@0.0.1 
  │ │ │ │   │ └── string_decoder@0.10.31 
  │ │ │ │   └── xregexp@2.0.0 
  │ │ │ └─┬ pac-resolver@5.0.0 
  │ │ │   ├─┬ degenerator@3.0.1 
  │ │ │   │ ├─┬ ast-types@0.13.4 
  │ │ │   │ │ └── tslib@2.3.1 
  │ │ │   │ ├─┬ escodegen@1.14.3 
  │ │ │   │ │ ├── estraverse@4.3.0 
  │ │ │   │ │ ├── esutils@2.0.3 
  │ │ │   │ │ └─┬ optionator@0.8.3 
  │ │ │   │ │   ├── deep-is@0.1.4 
  │ │ │   │ │   ├── fast-levenshtein@2.0.6 
  │ │ │   │ │   ├── levn@0.3.0 
  │ │ │   │ │   ├── prelude-ls@1.1.2 
  │ │ │   │ │   ├── type-check@0.3.2 
  │ │ │   │ │   └── word-wrap@1.2.3 
  │ │ │   │ ├── esprima@4.0.1 
  │ │ │   │ └── vm2@3.9.5 
  │ │ │   ├── ip@1.1.5 
  │ │ │   └── netmask@2.0.2 
  │ │ ├── proxy-from-env@1.1.0 
  │ │ └─┬ socks-proxy-agent@5.0.1 
  │ │   ├─┬ debug@4.3.2 
  │ │   │ └── ms@2.1.2 
  │ │   └─┬ socks@2.6.1 
  │ │     └── smart-buffer@4.2.0 
  │ ├── semver@7.2.3 
  │ ├── UNMET PEER DEPENDENCY utf-8-validate@^5.0.2
  │ └── ws@7.4.6 
  ├─┬ @pm2/io@5.0.0 
  │ ├─┬ @opencensus/core@0.0.9 
  │ │ ├─┬ continuation-local-storage@3.2.1 
  │ │ │ ├─┬ async-listener@0.6.10 
  │ │ │ │ └── semver@5.7.1 
  │ │ │ └── emitter-listener@1.1.2 
npm WARN optional SKIPPING OPTIONAL DEPENDENCY: fsevents@~2.3.2 (node_modules/chokidar/node_modules/fsevents):
npm WARN notsup SKIPPING OPTIONAL DEPENDENCY: Unsupported platform for fsevents@2.3.2: wanted {"os":"darwin","arch":"any"} (current: {"os":"linux","arch":"x64"})
npm WARN enoent ENOENT: no such file or directory, open '/home/travis/cg/package.json'
  │ │ ├── log-driver@1.2.7 
  │ │ ├── semver@5.7.1 
  │ │ └── uuid@3.4.0 
  │ ├─┬ @opencensus/propagation-b3@0.0.8 
  │ │ └─┬ @opencensus/core@0.0.8 
  │ │   └── semver@5.7.1 
  │ ├─┬ async@2.6.3 
  │ │ └── lodash@4.17.21 
  │ ├─┬ debug@4.3.2 
  │ │ └── ms@2.1.2 
  │ ├── eventemitter2@6.4.5 
  │ ├─┬ require-in-the-middle@5.1.0 
  │ │ ├─┬ debug@4.3.2 
  │ │ │ └── ms@2.1.2 
  │ │ ├── module-details-from-path@1.0.3 
  │ │ └─┬ resolve@1.20.0 
  │ │   ├─┬ is-core-module@2.8.0 
  │ │   │ └─┬ has@1.0.3 
  │ │   │   └── function-bind@1.1.1 
  │ │   └── path-parse@1.0.7 
  │ ├── semver@6.3.0 
  │ ├── shimmer@1.2.1 
  │ ├── signal-exit@3.0.5 
  │ └── tslib@1.9.3 
  ├─┬ @pm2/js-api@0.6.7 
  │ ├─┬ axios@0.21.4 
  │ │ └── follow-redirects@1.14.5 
  │ ├── UNMET PEER DEPENDENCY bufferutil@^4.0.1
  │ ├─┬ debug@4.3.2 
  │ │ └── ms@2.1.2 
  │ ├── eventemitter2@6.4.5 
  │ └── UNMET PEER DEPENDENCY utf-8-validate@^5.0.2
  ├─┬ @pm2/pm2-version-check@1.0.4 
  │ └─┬ debug@4.3.2 
  │   └── ms@2.1.2 
npm WARN ws@7.4.6 requires a peer of bufferutil@^4.0.1 but none was installed.
  ├── async@3.2.2 
  ├── blessed@0.1.81 
  ├─┬ chalk@3.0.0 
  │ ├─┬ ansi-styles@4.3.0 
  │ │ └─┬ color-convert@2.0.1 
  │ │   └── color-name@1.1.4 
  │ └─┬ supports-color@7.2.0 
  │   └── has-flag@4.0.0 
  ├─┬ chokidar@3.5.2 
  │ ├─┬ anymatch@3.1.2 
  │ │ └── picomatch@2.3.0 
  │ ├─┬ braces@3.0.2 
  │ │ └─┬ fill-range@7.0.1 
  │ │   └─┬ to-regex-range@5.0.1 
  │ │     └── is-number@7.0.0 
  │ ├── glob-parent@5.1.2 
  │ ├─┬ is-binary-path@2.1.0 
  │ │ └── binary-extensions@2.2.0 
  │ ├─┬ is-glob@4.0.3 
  │ │ └── is-extglob@2.1.1 
  │ ├── normalize-path@3.0.0 
  │ └── readdirp@3.6.0 
  ├── cli-tableau@2.0.1 
  ├── commander@2.15.1 
  ├─┬ cron@1.8.2 
  │ └─┬ moment-timezone@0.5.34 
  │   └── moment@2.29.1 
  ├── dayjs@1.8.36 
  ├─┬ debug@4.3.2 
  │ └── ms@2.1.2 
  ├─┬ enquirer@2.3.6 
  │ └── ansi-colors@4.1.1 
  ├── eventemitter2@5.0.1 
  ├── fclone@1.0.11 
  ├── mkdirp@1.0.4 
npm WARN ws@7.4.6 requires a peer of utf-8-validate@^5.0.2 but none was installed.
  ├─┬ needle@2.4.0 
  │ ├─┬ debug@3.2.7 
  │ │ └── ms@2.1.3 
  │ ├─┬ iconv-lite@0.4.24 
  │ │ └── safer-buffer@2.1.2 
  │ └── sax@1.2.4 
  ├─┬ pidusage@2.0.21 
  │ └── safe-buffer@5.2.1 
  ├─┬ pm2-axon@4.0.1 
  │ ├── amp@0.3.1 
  │ ├── amp-message@0.1.2 
  │ ├─┬ debug@4.3.2 
  │ │ └── ms@2.1.2 
  │ └── escape-string-regexp@4.0.0 
  ├─┬ pm2-axon-rpc@0.7.1 
  │ └─┬ debug@4.3.2 
  │   └── ms@2.1.2 
  ├─┬ pm2-deploy@1.0.2 
  │ ├── run-series@1.1.9 
  │ └── tv4@1.3.0 
  ├─┬ pm2-multimeter@0.1.2 
  │ └── charm@0.1.2 
  ├─┬ pm2-sysmonit@1.2.8 
  │ ├── async@3.2.2 
  │ ├─┬ debug@4.3.2 
  │ │ └── ms@2.1.2 
  │ ├── systeminformation@5.9.13 
  │ └─┬ tx2@1.0.4 
  │   └── json-stringify-safe@5.0.1 
  ├─┬ promptly@2.2.0 
  │ └─┬ read@1.0.7 
  │   └── mute-stream@0.0.8 
  ├─┬ semver@7.3.5 
  │ └─┬ lru-cache@6.0.0 
  │   └── yallist@4.0.0 
  ├─┬ source-map-support@0.5.19 
  │ ├── buffer-from@1.1.2 
  │ └── source-map@0.6.1 
  ├── sprintf-js@1.1.2 
  ├─┬ vizion@2.2.1 
  │ ├── git-node-fs@1.0.0 
  │ ├── ini@1.3.8 
  │ └─┬ js-git@0.7.8 
  │   ├── bodec@0.1.0 
  │   ├── culvert@0.1.2 
  │   ├── git-sha1@0.1.2 
  │   └── pako@0.2.9 
  └─┬ yamljs@0.3.0 
    ├─┬ argparse@1.0.10 
    │ └── sprintf-js@1.0.3 
    └─┬ glob@7.2.0 
      ├── fs.realpath@1.0.0 
      ├─┬ inflight@1.0.6 
      │ └── wrappy@1.0.2 
      ├── inherits@2.0.3 
      ├─┬ minimatch@3.0.4 
      │ └─┬ brace-expansion@1.1.11 
      │   ├── balanced-match@1.0.2 
      │   └── concat-map@0.0.1 
      ├── once@1.4.0 
      └── path-is-absolute@1.0.1 

npm WARN cg No description
npm WARN cg No repository field.
npm WARN cg No README data
npm WARN cg No license field.
### accessorInvokeSSH: Running npm update @terraswarm/accessors pm2 
/home/travis/build/icyphy/ptII/bin/npm: Running /home/travis/.nvm/versions/node/v7.10.1/bin/npm update @terraswarm/accessors pm2
/home/travis/build/icyphy/ptII/bin/node: Running /home/travis/.nvm/versions/node/v7.10.1/bin/node /home/travis/.nvm/versions/node/v7.10.1/bin/npm update @terraswarm/accessors pm2
### accessorInvokeSSH: Creating cg/top/invoke.js
### accessorInvokeSSH: Copying the accessor to cg/top
### accessorInvokeSSH: Creating the runit.sh command in cg/top
### accessorInvokeSSH: Invoking cg/top/runit.sh   on localhost
Running top.js *once* for 15000 ms.
/home/travis/build/icyphy/ptII/bin/node: Running /home/travis/.nvm/versions/node/v7.10.1/bin/node /home/travis/cg/top/invoke.js -timeout 15000 /home/travis/cg/top/top.js
commonHost.js: processCommandLineArguments(): Setting timeout to stop after 15000 ms.
commonHost.js: processCommandLineArguments(): Maximum time reached. Calling stopAllAccessors().
commonHost.js: invoking wrapup() for accessor: top
All initialized accessors have wrapped up. Terminating.
### accessorInvokeSSH: ssh cg/top/runit.sh returned.
All Done
11/17/21 06:05:19
Failed: 0  Total Tests: 2  ((Passed: 2, Newly Passed: 0)  Known Failed: 0) /home/travis/build/icyphy/ptII/ptolemy/cg/kernel/generic/accessor/test
No auto/knownFailedTests/*.xml tests in /home/travis/build/icyphy/ptII/ptolemy/cg/kernel/generic/accessor/test
No auto/linux-amd64/*.xml tests in /home/travis/build/icyphy/ptII/ptolemy/cg/kernel/generic/accessor/test
AutoTests.java: About to close Vertx.
AutoTests.java: Vertx closed.

===========================================================================================
----------------- testing Wed Nov 17 06:05:20 UTC 2021 /home/travis/build/icyphy/ptII/ptolemy/cg/kernel/generic/accessor/test/auto/AccessorStatusTest.xml
----------------- Instantiating /home/travis/build/icyphy/ptII/ptolemy/cg/kernel/generic/accessor/test/auto/AccessorStatusTest.xml
JSAccessor: PT_NO_NET environment variable is set, so git pull and ptdoc are not being run.
TextDisplayHelper: [ { utilization: 0,
    startMonitoringTime: 1637129137757,
    initialize: { count: 0, utilization: 0, latestStart: 0, latestEnd: 0 },
    react: { count: 0, utilization: 0, latestStart: 0, latestEnd: 0 },
    wrapup: { count: 0, utilization: 0, latestStart: 0, latestEnd: 0 },
    accessorName: 'monitor',
    currentMonitoringTime: 1637129138771,
    containedAccessors: [] },
  { utilization: 0.00099601593625498,
    startMonitoringTime: 1637129137771,
    initialize: { count: 0, utilization: 0, latestStart: 0, latestEnd: 0 },
    react: 
     { count: 1,
       utilization: 0.00099601593625498,
       latestStart: 1637129138742,
       latestEnd: 1637129138743 },
    wrapup: { count: 0, utilization: 0, latestStart: 0, latestEnd: 0 },
    accessorName: 'TestSpontaneous2',
    currentMonitoringTime: 1637129138775,
    containedAccessors: [] },
  { utilization: 0,
    startMonitoringTime: 1637129137785,
    initialize: { count: 0, utilization: 0, latestStart: 0, latestEnd: 0 },
    react: { count: 0, utilization: 0, latestStart: 0, latestEnd: 0 },
    wrapup: { count: 0, utilization: 0, latestStart: 0, latestEnd: 0 },
    accessorName: 'TextDisplay',
    currentMonitoringTime: 1637129138780,
    containedAccessors: [] },
  { utilization: 0.0010121457489878543,
    startMonitoringTime: 1637129137797,
    initialize: { count: 0, utilization: 0, latestStart: 0, latestEnd: 0 },
    react: 
     { count: 1,
       utilization: 0.0010121457489878543,
       latestStart: 1637129138761,
       latestEnd: 1637129138762 },
    wrapup: { count: 0, utilization: 0, latestStart: 0, latestEnd: 0 },
    accessorName: 'TestSpontaneous',
    currentMonitoringTime: 1637129138785,
    containedAccessors: [] },
  { utilization: 0,
    startMonitoringTime: 1637129137807,
    initialize: { count: 0, utilization: 0, latestStart: 0, latestEnd: 0 },
    react: { count: 0, utilization: 0, latestStart: 0, latestEnd: 0 },
    wrapup: { count: 0, utilization: 0, latestStart: 0, latestEnd: 0 },
    accessorName: 'JavaScriptRamp',
    currentMonitoringTime: 1637129138790,
    containedAccessors: [] },
  { utilization: 0.003080082135523614,
    startMonitoringTime: 1637129137821,
    initialize: { count: 0, utilization: 0, latestStart: 0, latestEnd: 0 },
    react: 
     { count: 1,
       utilization: 0.003080082135523614,
       latestStart: 1637129137846,
       latestEnd: 1637129137849 },
    wrapup: { count: 0, utilization: 0, latestStart: 0, latestEnd: 0 },
    accessorName: 'AccessorStatus',
    currentMonitoringTime: 1637129138795,
    containedAccessors: [] },
  { utilization: 0,
    startMonitoringTime: 1637129137832,
    initialize: { count: 0, utilization: 0, latestStart: 0, latestEnd: 0 },
    react: { count: 0, utilization: 0, latestStart: 0, latestEnd: 0 },
    wrapup: { count: 0, utilization: 0, latestStart: 0, latestEnd: 0 },
    accessorName: 'status',
    currentMonitoringTime: 1637129138800,
    containedAccessors: [] } ]
TextDisplayHelper: [ { accessorClass: 'https://accessors.org/utilities/TextDisplay.js',
    accessorName: 'monitor',
    initialized: true },
  { accessorClass: 'https://accessors.org/test/TestSpontaneous.js',
    accessorName: 'TestSpontaneous2',
    initialized: true },
  { accessorClass: 'https://accessors.org/utilities/TextDisplay.js',
    accessorName: 'TextDisplay',
    initialized: true },
  { accessorClass: 'https://accessors.org/test/TestSpontaneous.js',
    accessorName: 'TestSpontaneous',
    initialized: true },
  { accessorClass: 'JavaScript',
    accessorName: 'JavaScriptRamp',
    initialized: true },
  { accessorClass: 'https://accessors.org/trusted/AccessorStatus.js',
    accessorName: 'AccessorStatus',
    initialized: true },
  { accessorClass: 'https://accessors.org/utilities/TextDisplay.js',
    accessorName: 'status',
    initialized: true } ]
TextDisplayHelper: 1
TextDisplayHelper: [ { utilization: 0.0844354018311292,
    startMonitoringTime: 1637129137757,
    initialize: { count: 0, utilization: 0, latestStart: 0, latestEnd: 0 },
    react: 
     { count: 1,
       utilization: 0.0844354018311292,
       latestStart: 1637129138891,
       latestEnd: 1637129139057 },
    wrapup: { count: 0, utilization: 0, latestStart: 0, latestEnd: 0 },
    accessorName: 'monitor',
    currentMonitoringTime: 1637129139723,
    containedAccessors: [] },
  { utilization: 0.0010036346201121064,
    startMonitoringTime: 1637129137771,
    initialize: { count: 0, utilization: 0, latestStart: 0, latestEnd: 0 },
    react: 
     { count: 2,
       utilization: 0.0010036346201121064,
       latestStart: 1637129139719,
       latestEnd: 1637129139720 },
    wrapup: { count: 0, utilization: 0, latestStart: 0, latestEnd: 0 },
    accessorName: 'TestSpontaneous2',
    currentMonitoringTime: 1637129139732,
    containedAccessors: [] },
  { utilization: 0.017967145790554414,
    startMonitoringTime: 1637129137785,
    initialize: { count: 0, utilization: 0, latestStart: 0, latestEnd: 0 },
    react: 
     { count: 1,
       utilization: 0.017967145790554414,
       latestStart: 1637129139189,
       latestEnd: 1637129139224 },
    wrapup: { count: 0, utilization: 0, latestStart: 0, latestEnd: 0 },
    accessorName: 'TextDisplay',
    currentMonitoringTime: 1637129139733,
    containedAccessors: [] },
  { utilization: 0.0010189281689552986,
    startMonitoringTime: 1637129137797,
    initialize: { count: 0, utilization: 0, latestStart: 0, latestEnd: 0 },
    react: 
     { count: 2,
       utilization: 0.0010189281689552986,
       latestStart: 1637129139721,
       latestEnd: 1637129139722 },
    wrapup: { count: 0, utilization: 0, latestStart: 0, latestEnd: 0 },
    accessorName: 'TestSpontaneous',
    currentMonitoringTime: 1637129139737,
    containedAccessors: [] },
  { utilization: 0.005696530295183843,
    startMonitoringTime: 1637129137807,
    initialize: { count: 0, utilization: 0, latestStart: 0, latestEnd: 0 },
    react: 
     { count: 1,
       utilization: 0.005696530295183843,
       latestStart: 1637129138869,
       latestEnd: 1637129138880 },
    wrapup: { count: 0, utilization: 0, latestStart: 0, latestEnd: 0 },
    accessorName: 'JavaScriptRamp',
    currentMonitoringTime: 1637129139738,
    containedAccessors: [] },
  { utilization: 0.01672901058383455,
    startMonitoringTime: 1637129137821,
    initialize: { count: 0, utilization: 0, latestStart: 0, latestEnd: 0 },
    react: 
     { count: 2,
       utilization: 0.01672901058383455,
       latestStart: 1637129138826,
       latestEnd: 1637129138858 },
    wrapup: { count: 0, utilization: 0, latestStart: 0, latestEnd: 0 },
    accessorName: 'AccessorStatus',
    currentMonitoringTime: 1637129139739,
    containedAccessors: [] },
  { utilization: 0.04350104821802935,
    startMonitoringTime: 1637129137832,
    initialize: { count: 0, utilization: 0, latestStart: 0, latestEnd: 0 },
    react: 
     { count: 1,
       utilization: 0.04350104821802935,
       latestStart: 1637129139092,
       latestEnd: 1637129139175 },
    wrapup: { count: 0, utilization: 0, latestStart: 0, latestEnd: 0 },
    accessorName: 'status',
    currentMonitoringTime: 1637129139740,
    containedAccessors: [] } ]
TextDisplayHelper: [ { accessorClass: 'https://accessors.org/utilities/TextDisplay.js',
    accessorName: 'monitor',
    initialized: true },
  { accessorClass: 'https://accessors.org/test/TestSpontaneous.js',
    accessorName: 'TestSpontaneous2',
    initialized: true },
  { accessorClass: 'https://accessors.org/utilities/TextDisplay.js',
    accessorName: 'TextDisplay',
    initialized: true },
  { accessorClass: 'https://accessors.org/test/TestSpontaneous.js',
    accessorName: 'TestSpontaneous',
    initialized: true },
  { accessorClass: 'JavaScript',
    accessorName: 'JavaScriptRamp',
    initialized: true },
  { accessorClass: 'https://accessors.org/trusted/AccessorStatus.js',
    accessorName: 'AccessorStatus',
    initialized: true },
  { accessorClass: 'https://accessors.org/utilities/TextDisplay.js',
    accessorName: 'status',
    initialized: true } ]
TextDisplayHelper: 2
TextDisplayHelper: [ { utilization: 0.05594533323674248,
    startMonitoringTime: 1637129137757,
    initialize: { count: 0, utilization: 0, latestStart: 0, latestEnd: 0 },
    react: 
     { count: 2,
       utilization: 0.05594533323674248,
       latestStart: 1637129139777,
       latestEnd: 1637129139833 },
    wrapup: { count: 0, utilization: 0, latestStart: 0, latestEnd: 0 },
    accessorName: 'monitor',
    currentMonitoringTime: 1637129140720,
    containedAccessors: [] },
  { utilization: 0.0006637542838814033,
    startMonitoringTime: 1637129137771,
    initialize: { count: 0, utilization: 0, latestStart: 0, latestEnd: 0 },
    react: 
     { count: 3,
       utilization: 0.0006637542838814033,
       latestStart: 1637129140718,
       latestEnd: 1637129140718 },
    wrapup: { count: 0, utilization: 0, latestStart: 0, latestEnd: 0 },
    accessorName: 'TestSpontaneous2',
    currentMonitoringTime: 1637129140721,
    containedAccessors: [] },
  { utilization: 0.009487303403476772,
    startMonitoringTime: 1637129137785,
    initialize: { count: 0, utilization: 0, latestStart: 0, latestEnd: 0 },
    react: 
     { count: 2,
       utilization: 0.009487303403476772,
       latestStart: 1637129139860,
       latestEnd: 1637129139862 },
    wrapup: { count: 0, utilization: 0, latestStart: 0, latestEnd: 0 },
    accessorName: 'TextDisplay',
    currentMonitoringTime: 1637129140721,
    containedAccessors: [] },
  { utilization: 0.0006710354858840062,
    startMonitoringTime: 1637129137797,
    initialize: { count: 0, utilization: 0, latestStart: 0, latestEnd: 0 },
    react: 
     { count: 3,
       utilization: 0.0006710354858840062,
       latestStart: 1637129140720,
       latestEnd: 1637129140720 },
    wrapup: { count: 0, utilization: 0, latestStart: 0, latestEnd: 0 },
    accessorName: 'TestSpontaneous',
    currentMonitoringTime: 1637129140721,
    containedAccessors: [] },
  { utilization: 0.002440760812193639,
    startMonitoringTime: 1637129137807,
    initialize: { count: 0, utilization: 0, latestStart: 0, latestEnd: 0 },
    react: 
     { count: 2,
       utilization: 0.002440760812193639,
       latestStart: 1637129139775,
       latestEnd: 1637129139776 },
    wrapup: { count: 0, utilization: 0, latestStart: 0, latestEnd: 0 },
    accessorName: 'JavaScriptRamp',
    currentMonitoringTime: 1637129140721,
    containedAccessors: [] },
  { utilization: 0.007361373784633251,
    startMonitoringTime: 1637129137821,
    initialize: { count: 0, utilization: 0, latestStart: 0, latestEnd: 0 },
    react: 
     { count: 3,
       utilization: 0.007361373784633251,
       latestStart: 1637129139768,
       latestEnd: 1637129139772 },
    wrapup: { count: 0, utilization: 0, latestStart: 0, latestEnd: 0 },
    accessorName: 'AccessorStatus',
    currentMonitoringTime: 1637129140721,
    containedAccessors: [] },
  { utilization: 0.02817367050408769,
    startMonitoringTime: 1637129137832,
    initialize: { count: 0, utilization: 0, latestStart: 0, latestEnd: 0 },
    react: 
     { count: 2,
       utilization: 0.02817367050408769,
       latestStart: 1637129139836,
       latestEnd: 1637129139859 },
    wrapup: { count: 0, utilization: 0, latestStart: 0, latestEnd: 0 },
    accessorName: 'status',
    currentMonitoringTime: 1637129140722,
    containedAccessors: [] } ]
TextDisplayHelper: [ { accessorClass: 'https://accessors.org/utilities/TextDisplay.js',
    accessorName: 'monitor',
    initialized: true },
  { accessorClass: 'https://accessors.org/test/TestSpontaneous.js',
    accessorName: 'TestSpontaneous2',
    initialized: true },
  { accessorClass: 'https://accessors.org/utilities/TextDisplay.js',
    accessorName: 'TextDisplay',
    initialized: true },
  { accessorClass: 'https://accessors.org/test/TestSpontaneous.js',
    accessorName: 'TestSpontaneous',
    initialized: true },
  { accessorClass: 'JavaScript',
    accessorName: 'JavaScriptRamp',
    initialized: true },
  { accessorClass: 'https://accessors.org/trusted/AccessorStatus.js',
    accessorName: 'AccessorStatus',
    initialized: true },
  { accessorClass: 'https://accessors.org/utilities/TextDisplay.js',
    accessorName: 'status',
    initialized: true } ]
TextDisplayHelper: 3
TextDisplayHelper: [ { utilization: 0.04318509003267156,
    startMonitoringTime: 1637129137757,
    initialize: { count: 0, utilization: 0, latestStart: 0, latestEnd: 0 },
    react: 
     { count: 3,
       utilization: 0.04318509003267156,
       latestStart: 1637129140744,
       latestEnd: 1637129140799 },
    wrapup: { count: 0, utilization: 0, latestStart: 0, latestEnd: 0 },
    accessorName: 'monitor',
    currentMonitoringTime: 1637129141720,
    containedAccessors: [] },
  { utilization: 0.0004955875030652384,
    startMonitoringTime: 1637129137771,
    initialize: { count: 0, utilization: 0, latestStart: 0, latestEnd: 0 },
    react: 
     { count: 4,
       utilization: 0.0004955875030652384,
       latestStart: 1637129141718,
       latestEnd: 1637129141718 },
    wrapup: { count: 0, utilization: 0, latestStart: 0, latestEnd: 0 },
    accessorName: 'TestSpontaneous2',
    currentMonitoringTime: 1637129141720,
    containedAccessors: [] },
  { utilization: 0.005261786319954576,
    startMonitoringTime: 1637129137785,
    initialize: { count: 0, utilization: 0, latestStart: 0, latestEnd: 0 },
    react: 
     { count: 3,
       utilization: 0.005261786319954576,
       latestStart: 1637129140818,
       latestEnd: 1637129140819 },
    wrapup: { count: 0, utilization: 0, latestStart: 0, latestEnd: 0 },
    accessorName: 'TextDisplay',
    currentMonitoringTime: 1637129141720,
    containedAccessors: [] },
  { utilization: 0.0005001113526871367,
    startMonitoringTime: 1637129137797,
    initialize: { count: 0, utilization: 0, latestStart: 0, latestEnd: 0 },
    react: 
     { count: 4,
       utilization: 0.0005001113526871367,
       latestStart: 1637129141719,
       latestEnd: 1637129141719 },
    wrapup: { count: 0, utilization: 0, latestStart: 0, latestEnd: 0 },
    accessorName: 'TestSpontaneous',
    currentMonitoringTime: 1637129141720,
    containedAccessors: [] },
  { utilization: 0.0014829777877929183,
    startMonitoringTime: 1637129137807,
    initialize: { count: 0, utilization: 0, latestStart: 0, latestEnd: 0 },
    react: 
     { count: 3,
       utilization: 0.0014829777877929183,
       latestStart: 1637129140742,
       latestEnd: 1637129140743 },
    wrapup: { count: 0, utilization: 0, latestStart: 0, latestEnd: 0 },
    accessorName: 'JavaScriptRamp',
    currentMonitoringTime: 1637129141722,
    containedAccessors: [] },
  { utilization: 0.00624507568670071,
    startMonitoringTime: 1637129137821,
    initialize: { count: 0, utilization: 0, latestStart: 0, latestEnd: 0 },
    react: 
     { count: 4,
       utilization: 0.00624507568670071,
       latestStart: 1637129140731,
       latestEnd: 1637129140741 },
    wrapup: { count: 0, utilization: 0, latestStart: 0, latestEnd: 0 },
    accessorName: 'AccessorStatus',
    currentMonitoringTime: 1637129141722,
    containedAccessors: [] },
  { utilization: 0.01879383807500919,
    startMonitoringTime: 1637129137832,
    initialize: { count: 0, utilization: 0, latestStart: 0, latestEnd: 0 },
    react: 
     { count: 3,
       utilization: 0.01879383807500919,
       latestStart: 1637129140801,
       latestEnd: 1637129140817 },
    wrapup: { count: 0, utilization: 0, latestStart: 0, latestEnd: 0 },
    accessorName: 'status',
    currentMonitoringTime: 1637129141722,
    containedAccessors: [] } ]
TextDisplayHelper: [ { accessorClass: 'https://accessors.org/utilities/TextDisplay.js',
    accessorName: 'monitor',
    initialized: true },
  { accessorClass: 'https://accessors.org/test/TestSpontaneous.js',
    accessorName: 'TestSpontaneous2',
    initialized: true },
  { accessorClass: 'https://accessors.org/utilities/TextDisplay.js',
    accessorName: 'TextDisplay',
    initialized: true },
  { accessorClass: 'https://accessors.org/test/TestSpontaneous.js',
    accessorName: 'TestSpontaneous',
    initialized: true },
  { accessorClass: 'JavaScript',
    accessorName: 'JavaScriptRamp',
    initialized: true },
  { accessorClass: 'https://accessors.org/trusted/AccessorStatus.js',
    accessorName: 'AccessorStatus',
    initialized: true },
  { accessorClass: 'https://accessors.org/utilities/TextDisplay.js',
    accessorName: 'status',
    initialized: true } ]
TextDisplayHelper: 4
TextDisplayHelper: [ { utilization: 0.033521870618453936,
    startMonitoringTime: 1637129137757,
    initialize: { count: 0, utilization: 0, latestStart: 0, latestEnd: 0 },
    react: 
     { count: 4,
       utilization: 0.033521870618453936,
       latestStart: 1637129141736,
       latestEnd: 1637129141771 },
    wrapup: { count: 0, utilization: 0, latestStart: 0, latestEnd: 0 },
    accessorName: 'monitor',
    currentMonitoringTime: 1637129142720,
    containedAccessors: [] },
  { utilization: 0.0003954081007880525,
    startMonitoringTime: 1637129137771,
    initialize: { count: 0, utilization: 0, latestStart: 0, latestEnd: 0 },
    react: 
     { count: 5,
       utilization: 0.0003954081007880525,
       latestStart: 1637129142718,
       latestEnd: 1637129142718 },
    wrapup: { count: 0, utilization: 0, latestStart: 0, latestEnd: 0 },
    accessorName: 'TestSpontaneous2',
    currentMonitoringTime: 1637129142720,
    containedAccessors: [] },
  { utilization: 0.0036401742035951736,
    startMonitoringTime: 1637129137785,
    initialize: { count: 0, utilization: 0, latestStart: 0, latestEnd: 0 },
    react: 
     { count: 4,
       utilization: 0.0036401742035951736,
       latestStart: 1637129141784,
       latestEnd: 1637129141786 },
    wrapup: { count: 0, utilization: 0, latestStart: 0, latestEnd: 0 },
    accessorName: 'TextDisplay',
    currentMonitoringTime: 1637129142720,
    containedAccessors: [] },
  { utilization: 0.0006014290668641246,
    startMonitoringTime: 1637129137797,
    initialize: { count: 0, utilization: 0, latestStart: 0, latestEnd: 0 },
    react: 
     { count: 5,
       utilization: 0.0006014290668641246,
       latestStart: 1637129142719,
       latestEnd: 1637129142720 },
    wrapup: { count: 0, utilization: 0, latestStart: 0, latestEnd: 0 },
    accessorName: 'TestSpontaneous',
    currentMonitoringTime: 1637129142721,
    containedAccessors: [] },
  { utilization: 0.0010895447262840878,
    startMonitoringTime: 1637129137807,
    initialize: { count: 0, utilization: 0, latestStart: 0, latestEnd: 0 },
    react: 
     { count: 4,
       utilization: 0.0010895447262840878,
       latestStart: 1637129141735,
       latestEnd: 1637129141736 },
    wrapup: { count: 0, utilization: 0, latestStart: 0, latestEnd: 0 },
    accessorName: 'JavaScriptRamp',
    currentMonitoringTime: 1637129142721,
    containedAccessors: [] },
  { utilization: 0.004333800205135933,
    startMonitoringTime: 1637129137821,
    initialize: { count: 0, utilization: 0, latestStart: 0, latestEnd: 0 },
    react: 
     { count: 5,
       utilization: 0.004333800205135933,
       latestStart: 1637129141731,
       latestEnd: 1637129141734 },
    wrapup: { count: 0, utilization: 0, latestStart: 0, latestEnd: 0 },
    accessorName: 'AccessorStatus',
    currentMonitoringTime: 1637129142721,
    containedAccessors: [] },
  { utilization: 0.013724607619943228,
    startMonitoringTime: 1637129137832,
    initialize: { count: 0, utilization: 0, latestStart: 0, latestEnd: 0 },
    react: 
     { count: 4,
       utilization: 0.013724607619943228,
       latestStart: 1637129141772,
       latestEnd: 1637129141783 },
    wrapup: { count: 0, utilization: 0, latestStart: 0, latestEnd: 0 },
    accessorName: 'status',
    currentMonitoringTime: 1637129142721,
    containedAccessors: [] } ]
TextDisplayHelper: [ { accessorClass: 'https://accessors.org/utilities/TextDisplay.js',
    accessorName: 'monitor',
    initialized: true },
  { accessorClass: 'https://accessors.org/test/TestSpontaneous.js',
    accessorName: 'TestSpontaneous2',
    initialized: true },
  { accessorClass: 'https://accessors.org/utilities/TextDisplay.js',
    accessorName: 'TextDisplay',
    initialized: true },
  { accessorClass: 'https://accessors.org/test/TestSpontaneous.js',
    accessorName: 'TestSpontaneous',
    initialized: true },
  { accessorClass: 'JavaScript',
    accessorName: 'JavaScriptRamp',
    initialized: true },
  { accessorClass: 'https://accessors.org/trusted/AccessorStatus.js',
    accessorName: 'AccessorStatus',
    initialized: true },
  { accessorClass: 'https://accessors.org/utilities/TextDisplay.js',
    accessorName: 'status',
    initialized: true } ]
TextDisplayHelper: 5
AccessorStatus: *** Final monitoring information: (Thread[AccessorStatusTest,1,main])
AccessorStatus: { utilization: 0.037796055017872844,
  startMonitoringTime: 1637129137757,
  initialize: { count: 0, utilization: 0, latestStart: 0, latestEnd: 0 },
  react: 
   { count: 5,
     utilization: 0.03721623283001046,
     latestStart: 1637129142729,
     latestEnd: 1637129142787 },
  wrapup: 
   { count: 2,
     utilization: 0.000579822187862389,
     latestStart: 1637129142807,
     latestEnd: 1637129142810 },
  accessorName: 'monitor',
  currentMonitoringTime: 1637129142931,
  containedAccessors: [] } (Thread[AccessorStatusTest,1,main])
AccessorStatus: { utilization: 0.004021362299261335,
  startMonitoringTime: 1637129137771,
  initialize: { count: 0, utilization: 0, latestStart: 0, latestEnd: 0 },
  react: 
   { count: 5,
     utilization: 0.0003954081007880525,
     latestStart: 1637129142718,
     latestEnd: 1637129142718 },
  wrapup: 
   { count: 2,
     utilization: 0.0036259541984732823,
     latestStart: 1637129142817,
     latestEnd: 1637129142836 },
  accessorName: 'TestSpontaneous2',
  currentMonitoringTime: 1637129143011,
  containedAccessors: [] } (Thread[AccessorStatusTest,1,main])
AccessorStatus: { utilization: 0.003727960554227189,
  startMonitoringTime: 1637129137785,
  initialize: { count: 0, utilization: 0, latestStart: 0, latestEnd: 0 },
  react: 
   { count: 5,
     utilization: 0.0031563142127637744,
     latestStart: 1637129142802,
     latestEnd: 1637129142804 },
  wrapup: 
   { count: 2,
     utilization: 0.0005716463414634146,
     latestStart: 1637129142852,
     latestEnd: 1637129142855 },
  accessorName: 'TextDisplay',
  currentMonitoringTime: 1637129143033,
  containedAccessors: [] } (Thread[AccessorStatusTest,1,main])
AccessorStatus: { utilization: 0.0034139584292286803,
  startMonitoringTime: 1637129137797,
  initialize: { count: 0, utilization: 0, latestStart: 0, latestEnd: 0 },
  react: 
   { count: 5,
     utilization: 0.0005627894499471745,
     latestStart: 1637129142719,
     latestEnd: 1637129142720 },
  wrapup: 
   { count: 2,
     utilization: 0.0028511689792815056,
     latestStart: 1637129142869,
     latestEnd: 1637129142884 },
  accessorName: 'TestSpontaneous',
  currentMonitoringTime: 1637129143058,
  containedAccessors: [] } (Thread[AccessorStatusTest,1,main])
AccessorStatus: { utilization: 0.0021401671845134094,
  startMonitoringTime: 1637129137807,
  initialize: { count: 0, utilization: 0, latestStart: 0, latestEnd: 0 },
  react: 
   { count: 5,
     utilization: 0.0010018632573648607,
     latestStart: 1637129142728,
     latestEnd: 1637129142729 },
  wrapup: 
   { count: 2,
     utilization: 0.0011383039271485487,
     latestStart: 1637129142890,
     latestEnd: 1637129142896 },
  accessorName: 'JavaScriptRamp',
  currentMonitoringTime: 1637129143078,
  containedAccessors: [] } (Thread[AccessorStatusTest,1,main])
AccessorStatus: { utilization: 0.03996933690843064,
  startMonitoringTime: 1637129137821,
  initialize: { count: 0, utilization: 0, latestStart: 0, latestEnd: 0 },
  react: 
   { count: 6,
     utilization: 0.003781386927377208,
     latestStart: 1637129142725,
     latestEnd: 1637129142728 },
  wrapup: 
   { count: 1,
     utilization: 0.03618794998105343,
     latestStart: 1637129142908,
     latestEnd: 0 },
  accessorName: 'AccessorStatus',
  currentMonitoringTime: 1637129143099,
  containedAccessors: [] } (Thread[AccessorStatusTest,1,main])
AccessorStatus: { utilization: 0.012720137125145825,
  startMonitoringTime: 1637129137832,
  initialize: { count: 0, utilization: 0, latestStart: 0, latestEnd: 0 },
  react: 
   { count: 5,
     utilization: 0.012720137125145825,
     latestStart: 1637129142788,
     latestEnd: 1637129142801 },
  wrapup: { count: 0, utilization: 0, latestStart: 0, latestEnd: 0 },
  accessorName: 'status',
  currentMonitoringTime: 1637129143117,
  containedAccessors: [] } (Thread[AccessorStatusTest,1,main])
14484 ms. Memory: 708608K Free: 228544K (32%)
----------------- Invoking toplevel() on ptolemy.moml.MoMLSimpleApplication@271af297
----------------- Done invoking toplevel() on ptolemy.moml.MoMLSimpleApplication@271af297
reloadAllAccessors: .AccessorStatusTest
This is the first time that the reloadAllAccessors method has been invoked in this JVM, so the the accessors repo will be checked out or updated and JSDoc invoked. Note that running the tests may end up invoking a new JVM for each directory, so the repo may be checked out or updated and JSDoc invoked more than once when the tests are run.
-------------- Reloaded accessors, but skipping rerun for now. Wed Nov 17 06:05:45 UTC 2021 /home/travis/build/icyphy/ptII/ptolemy/cg/kernel/generic/accessor/test/auto/AccessorStatusTest.xml

===========================================================================================
----------------- testing Wed Nov 17 06:05:45 UTC 2021 /home/travis/build/icyphy/ptII/ptolemy/cg/kernel/generic/accessor/test/auto/RampJSDisplay.xml
----------------- Instantiating /home/travis/build/icyphy/ptII/ptolemy/cg/kernel/generic/accessor/test/auto/RampJSDisplay.xml
TextDisplayHelper: 1
TextDisplayHelper: 2
TextDisplayHelper: 3
TextDisplayHelper: 4
TextDisplayHelper: 5
7758 ms. Memory: 708608K Free: 300032K (42%)
----------------- Invoking toplevel() on ptolemy.moml.MoMLSimpleApplication@22bb4187
----------------- Done invoking toplevel() on ptolemy.moml.MoMLSimpleApplication@22bb4187
reloadAllAccessors: .RampJSDisplay
-------------- Reloaded accessors, but skipping rerun for now. Wed Nov 17 06:05:55 UTC 2021 /home/travis/build/icyphy/ptII/ptolemy/cg/kernel/generic/accessor/test/auto/RampJSDisplay.xml

===========================================================================================
----------------- testing Wed Nov 17 06:05:55 UTC 2021 /home/travis/build/icyphy/ptII/ptolemy/cg/kernel/generic/accessor/test/auto/RampJSInspect.xml
----------------- Instantiating /home/travis/build/icyphy/ptII/ptolemy/cg/kernel/generic/accessor/test/auto/RampJSInspect.xml
8282 ms. Memory: 812032K Free: 420350K (52%)
----------------- Invoking toplevel() on ptolemy.moml.MoMLSimpleApplication@30503815
----------------- Done invoking toplevel() on ptolemy.moml.MoMLSimpleApplication@30503815
reloadAllAccessors: .RampJSInspect
-------------- Reloaded accessors, but skipping rerun for now. Wed Nov 17 06:06:07 UTC 2021 /home/travis/build/icyphy/ptII/ptolemy/cg/kernel/generic/accessor/test/auto/RampJSInspect.xml

===========================================================================================
----------------- testing Wed Nov 17 06:06:07 UTC 2021 /home/travis/build/icyphy/ptII/ptolemy/cg/kernel/generic/accessor/test/auto/RampJSTest.xml
----------------- Instantiating /home/travis/build/icyphy/ptII/ptolemy/cg/kernel/generic/accessor/test/auto/RampJSTest.xml
7400 ms. Memory: 812032K Free: 354583K (44%)
----------------- Invoking toplevel() on ptolemy.moml.MoMLSimpleApplication@13df83ee
----------------- Done invoking toplevel() on ptolemy.moml.MoMLSimpleApplication@13df83ee
reloadAllAccessors: .RampJSTest
-------------- Reloaded accessors, but skipping rerun for now. Wed Nov 17 06:06:18 UTC 2021 /home/travis/build/icyphy/ptII/ptolemy/cg/kernel/generic/accessor/test/auto/RampJSTest.xml

===========================================================================================
----------------- testing Wed Nov 17 06:06:18 UTC 2021 /home/travis/build/icyphy/ptII/ptolemy/cg/kernel/generic/accessor/test/auto/RampJSTextDisplay.xml
----------------- Instantiating /home/travis/build/icyphy/ptII/ptolemy/cg/kernel/generic/accessor/test/auto/RampJSTextDisplay.xml
TextDisplayHelper: 1
TextDisplayHelper: 2
TextDisplayHelper: 3
TextDisplayHelper: 4
TextDisplayHelper: 5
8935 ms. Memory: 812032K Free: 489470K (60%)
----------------- Invoking toplevel() on ptolemy.moml.MoMLSimpleApplication@65633951
----------------- Done invoking toplevel() on ptolemy.moml.MoMLSimpleApplication@65633951
reloadAllAccessors: .RampJSTextDisplay
-------------- Reloaded accessors, but skipping rerun for now. Wed Nov 17 06:06:30 UTC 2021 /home/travis/build/icyphy/ptII/ptolemy/cg/kernel/generic/accessor/test/auto/RampJSTextDisplay.xml

===========================================================================================
----------------- testing Wed Nov 17 06:06:30 UTC 2021 /home/travis/build/icyphy/ptII/ptolemy/cg/kernel/generic/accessor/test/auto/TestComposite.xml
----------------- Instantiating /home/travis/build/icyphy/ptII/ptolemy/cg/kernel/generic/accessor/test/auto/TestComposite.xml
1472 ms. Memory: 812032K Free: 233979K (29%)
----------------- Invoking toplevel() on ptolemy.moml.MoMLSimpleApplication@6567dc3
----------------- Done invoking toplevel() on ptolemy.moml.MoMLSimpleApplication@6567dc3
reloadAllAccessors: .TestComposite
-------------- Reloaded accessors, but skipping rerun for now. Wed Nov 17 06:06:33 UTC 2021 /home/travis/build/icyphy/ptII/ptolemy/cg/kernel/generic/accessor/test/auto/TestComposite.xml
AutoTests.java: About to close Vertx.
AutoTests.java: Vertx closed.
]]></system-out>
  <system-err><![CDATA[WARNING: TestSpontaneous2: Model stopped before executing actions (e.g. producing outputs) scheduled for execution at times [6.0]
WARNING: TestSpontaneous: Model stopped before executing actions (e.g. producing outputs) scheduled for execution at times [6.0]
WARNING: AccessorStatus: Model stopped before executing actions (e.g. producing outputs) scheduled for execution at times [6.0]
WARNING: TestSpontaneous: Model stopped before executing actions (e.g. producing outputs) scheduled for execution at times [6.0]
WARNING: TestSpontaneous: Model stopped before executing actions (e.g. producing outputs) scheduled for execution at times [5.0]
WARNING: TestSpontaneous: Model stopped before executing actions (e.g. producing outputs) scheduled for execution at times [5.0]
WARNING: TestSpontaneous: Model stopped before executing actions (e.g. producing outputs) scheduled for execution at times [6.0]
]]></system-err>
</testsuite>
