<?xml version="1.0" encoding="UTF-8" ?>
<testsuite errors="0" failures="0" hostname="travis-job-8ae61884-4755-4e5d-a57b-22ac2229c067" name="ptolemy.domains.continuous.test.junit.JUnitTclTest" skipped="0" tests="156" time="73.816" timestamp="2020-01-31T06:49:17">
  <properties>
[...]
</properties>
  <testcase classname="ptolemy.util.test.junit.TclTests" name="[0] ThereAreNoTclTests (RunTclFile)" time="0.008" />
  <testcase classname="ptolemy.util.test.junit.AutoKnownFailedTests" name="[0] ThereAreNoKnowFailedTests (RunModel)" time="0.001" />
  <testcase classname="ptolemy.util.test.junit.AutoNameArchTests" name="[0] ThereAreNoAutoArchTests (RunModel)" time="0.016" />
  <testcase classname="ptolemy.util.test.junit.AutoTests" name="[0] /home/travis/build/icyphy/ptII/ptolemy/domains/continuous/test/auto/BouncingBall.xml (RunModel)" time="3.205" />
  <testcase classname="ptolemy.util.test.junit.AutoTests" name="[1] /home/travis/build/icyphy/ptII/ptolemy/domains/continuous/test/auto/BouncingBallWithoutGR.xml (RunModel)" time="0.903" />
  <testcase classname="ptolemy.util.test.junit.AutoTests" name="[2] /home/travis/build/icyphy/ptII/ptolemy/domains/continuous/test/auto/Brownian.xml (RunModel)" time="0.129" />
  <testcase classname="ptolemy.util.test.junit.AutoTests" name="[3] /home/travis/build/icyphy/ptII/ptolemy/domains/continuous/test/auto/CarTracking.xml (RunModel)" time="4.264" />
  <testcase classname="ptolemy.util.test.junit.AutoTests" name="[4] /home/travis/build/icyphy/ptII/ptolemy/domains/continuous/test/auto/CartPendulum.xml (RunModel)" time="0.519" />
  <testcase classname="ptolemy.util.test.junit.AutoTests" name="[5] /home/travis/build/icyphy/ptII/ptolemy/domains/continuous/test/auto/CausalityInterface10.xml (RunModel)" time="0.053" />
  <testcase classname="ptolemy.util.test.junit.AutoTests" name="[6] /home/travis/build/icyphy/ptII/ptolemy/domains/continuous/test/auto/CausalityInterface11.xml (RunModel)" time="0.043" />
  <testcase classname="ptolemy.util.test.junit.AutoTests" name="[7] /home/travis/build/icyphy/ptII/ptolemy/domains/continuous/test/auto/CausalityInterface12.xml (RunModel)" time="0.059" />
  <testcase classname="ptolemy.util.test.junit.AutoTests" name="[8] /home/travis/build/icyphy/ptII/ptolemy/domains/continuous/test/auto/CausalityInterface13.xml (RunModel)" time="0.038" />
  <testcase classname="ptolemy.util.test.junit.AutoTests" name="[9] /home/travis/build/icyphy/ptII/ptolemy/domains/continuous/test/auto/CausalityInterface14.xml (RunModel)" time="0.027" />
  <testcase classname="ptolemy.util.test.junit.AutoTests" name="[10] /home/travis/build/icyphy/ptII/ptolemy/domains/continuous/test/auto/CausalityInterface4.xml (RunModel)" time="0.042" />
  <testcase classname="ptolemy.util.test.junit.AutoTests" name="[11] /home/travis/build/icyphy/ptII/ptolemy/domains/continuous/test/auto/CausalityInterface5.xml (RunModel)" time="0.062" />
  <testcase classname="ptolemy.util.test.junit.AutoTests" name="[12] /home/travis/build/icyphy/ptII/ptolemy/domains/continuous/test/auto/CausalityInterface6.xml (RunModel)" time="0.031" />
  <testcase classname="ptolemy.util.test.junit.AutoTests" name="[13] /home/travis/build/icyphy/ptII/ptolemy/domains/continuous/test/auto/CausalityInterface7.xml (RunModel)" time="0.046" />
  <testcase classname="ptolemy.util.test.junit.AutoTests" name="[14] /home/travis/build/icyphy/ptII/ptolemy/domains/continuous/test/auto/CausalityInterface8.xml (RunModel)" time="0.04" />
  <testcase classname="ptolemy.util.test.junit.AutoTests" name="[15] /home/travis/build/icyphy/ptII/ptolemy/domains/continuous/test/auto/CausalityInterface9.xml (RunModel)" time="0.045" />
  <testcase classname="ptolemy.util.test.junit.AutoTests" name="[16] /home/travis/build/icyphy/ptII/ptolemy/domains/continuous/test/auto/CausalityInterfaceFeedback1.xml (RunModel)" time="0.021" />
  <testcase classname="ptolemy.util.test.junit.AutoTests" name="[17] /home/travis/build/icyphy/ptII/ptolemy/domains/continuous/test/auto/CausalityInterfaceFeedback2.xml (RunModel)" time="0.025" />
  <testcase classname="ptolemy.util.test.junit.AutoTests" name="[18] /home/travis/build/icyphy/ptII/ptolemy/domains/continuous/test/auto/CompareWithCurrentTime.xml (RunModel)" time="0.015" />
  <testcase classname="ptolemy.util.test.junit.AutoTests" name="[19] /home/travis/build/icyphy/ptII/ptolemy/domains/continuous/test/auto/ComparedClocks.xml (RunModel)" time="0.056" />
  <testcase classname="ptolemy.util.test.junit.AutoTests" name="[20] /home/travis/build/icyphy/ptII/ptolemy/domains/continuous/test/auto/ContinuousAOCClone.xml (RunModel)" time="2.699" />
  <testcase classname="ptolemy.util.test.junit.AutoTests" name="[21] /home/travis/build/icyphy/ptII/ptolemy/domains/continuous/test/auto/ContinuousClock.xml (RunModel)" time="0.114" />
  <testcase classname="ptolemy.util.test.junit.AutoTests" name="[22] /home/travis/build/icyphy/ptII/ptolemy/domains/continuous/test/auto/ContinuousInContinuous.xml (RunModel)" time="0.094" />
  <testcase classname="ptolemy.util.test.junit.AutoTests" name="[23] /home/travis/build/icyphy/ptII/ptolemy/domains/continuous/test/auto/ContinuousInContinuousInContinuous.xml (RunModel)" time="0.023" />
  <testcase classname="ptolemy.util.test.junit.AutoTests" name="[24] /home/travis/build/icyphy/ptII/ptolemy/domains/continuous/test/auto/ContinuousInDE.xml (RunModel)" time="0.119" />
  <testcase classname="ptolemy.util.test.junit.AutoTests" name="[25] /home/travis/build/icyphy/ptII/ptolemy/domains/continuous/test/auto/ContinuousInDE2.xml (RunModel)" time="0.061" />
  <testcase classname="ptolemy.util.test.junit.AutoTests" name="[26] /home/travis/build/icyphy/ptII/ptolemy/domains/continuous/test/auto/ContinuousInDE3.xml (RunModel)" time="0.058" />
  <testcase classname="ptolemy.util.test.junit.AutoTests" name="[27] /home/travis/build/icyphy/ptII/ptolemy/domains/continuous/test/auto/ContinuousInDE4.xml (RunModel)" time="0.049" />
  <testcase classname="ptolemy.util.test.junit.AutoTests" name="[28] /home/travis/build/icyphy/ptII/ptolemy/domains/continuous/test/auto/ContinuousInDEDifferentRefinements.xml (RunModel)" time="0.103" />
  <testcase classname="ptolemy.util.test.junit.AutoTests" name="[29] /home/travis/build/icyphy/ptII/ptolemy/domains/continuous/test/auto/ContinuousInDEDifferentRefinementsPreemptive.xml (RunModel)" time="0.095" />
  <testcase classname="ptolemy.util.test.junit.AutoTests" name="[30] /home/travis/build/icyphy/ptII/ptolemy/domains/continuous/test/auto/ContinuousInDEInContinuous2.xml (RunModel)" time="0.067" />
  <testcase classname="ptolemy.util.test.junit.AutoTests" name="[31] /home/travis/build/icyphy/ptII/ptolemy/domains/continuous/test/auto/ContinuousInDEInContinuous3.xml (RunModel)" time="0.069" />
  <testcase classname="ptolemy.util.test.junit.AutoTests" name="[32] /home/travis/build/icyphy/ptII/ptolemy/domains/continuous/test/auto/ContinuousInDEInput.xml (RunModel)" time="0.036" />
  <testcase classname="ptolemy.util.test.junit.AutoTests" name="[33] /home/travis/build/icyphy/ptII/ptolemy/domains/continuous/test/auto/ContinuousInDEInput2.xml (RunModel)" time="0.035" />
  <testcase classname="ptolemy.util.test.junit.AutoTests" name="[34] /home/travis/build/icyphy/ptII/ptolemy/domains/continuous/test/auto/ContinuousInDEInput3.xml (RunModel)" time="0.034" />
  <testcase classname="ptolemy.util.test.junit.AutoTests" name="[35] /home/travis/build/icyphy/ptII/ptolemy/domains/continuous/test/auto/ContinuousInDESharingRefinement.xml (RunModel)" time="0.179" />
  <testcase classname="ptolemy.util.test.junit.AutoTests" name="[36] /home/travis/build/icyphy/ptII/ptolemy/domains/continuous/test/auto/ContinuousInDEwithNoPorts.xml (RunModel)" time="0.02" />
  <testcase classname="ptolemy.util.test.junit.AutoTests" name="[37] /home/travis/build/icyphy/ptII/ptolemy/domains/continuous/test/auto/ContinuousInsideDE.xml (RunModel)" time="0.091" />
  <testcase classname="ptolemy.util.test.junit.AutoTests" name="[38] /home/travis/build/icyphy/ptII/ptolemy/domains/continuous/test/auto/ContinuousMerge1.xml (RunModel)" time="0.014" />
  <testcase classname="ptolemy.util.test.junit.AutoTests" name="[39] /home/travis/build/icyphy/ptII/ptolemy/domains/continuous/test/auto/ContinuousMerge2.xml (RunModel)" time="0.049" />
  <testcase classname="ptolemy.util.test.junit.AutoTests" name="[40] /home/travis/build/icyphy/ptII/ptolemy/domains/continuous/test/auto/ContinuousMerge3.xml (RunModel)" time="0.065" />
  <testcase classname="ptolemy.util.test.junit.AutoTests" name="[41] /home/travis/build/icyphy/ptII/ptolemy/domains/continuous/test/auto/ContinuousWithinContinuous.xml (RunModel)" time="0.054" />
  <testcase classname="ptolemy.util.test.junit.AutoTests" name="[42] /home/travis/build/icyphy/ptII/ptolemy/domains/continuous/test/auto/ContinuousWithinContinuous2.xml (RunModel)" time="0.078" />
  <testcase classname="ptolemy.util.test.junit.AutoTests" name="[43] /home/travis/build/icyphy/ptII/ptolemy/domains/continuous/test/auto/ContinuousWithinContinuous3.xml (RunModel)" time="0.03" />
  <testcase classname="ptolemy.util.test.junit.AutoTests" name="[44] /home/travis/build/icyphy/ptII/ptolemy/domains/continuous/test/auto/ContinuousWithinContinuous4.xml (RunModel)" time="0.08" />
  <testcase classname="ptolemy.util.test.junit.AutoTests" name="[45] /home/travis/build/icyphy/ptII/ptolemy/domains/continuous/test/auto/ContinuousWithinContinuous5.xml (RunModel)" time="0.028" />
  <testcase classname="ptolemy.util.test.junit.AutoTests" name="[46] /home/travis/build/icyphy/ptII/ptolemy/domains/continuous/test/auto/ContinuousWithinContinuous6.xml (RunModel)" time="0.027" />
  <testcase classname="ptolemy.util.test.junit.AutoTests" name="[47] /home/travis/build/icyphy/ptII/ptolemy/domains/continuous/test/auto/ContinuousWithinContinuous7.xml (RunModel)" time="0.072" />
  <testcase classname="ptolemy.util.test.junit.AutoTests" name="[48] /home/travis/build/icyphy/ptII/ptolemy/domains/continuous/test/auto/DCMotor.xml (RunModel)" time="13.365" />
  <testcase classname="ptolemy.util.test.junit.AutoTests" name="[49] /home/travis/build/icyphy/ptII/ptolemy/domains/continuous/test/auto/DEInContinuous.xml (RunModel)" time="0.039" />
  <testcase classname="ptolemy.util.test.junit.AutoTests" name="[50] /home/travis/build/icyphy/ptII/ptolemy/domains/continuous/test/auto/DEinContinuous2.xml (RunModel)" time="0.034" />
  <testcase classname="ptolemy.util.test.junit.AutoTests" name="[51] /home/travis/build/icyphy/ptII/ptolemy/domains/continuous/test/auto/Derivative.xml (RunModel)" time="0.195" />
  <testcase classname="ptolemy.util.test.junit.AutoTests" name="[52] /home/travis/build/icyphy/ptII/ptolemy/domains/continuous/test/auto/Derivative1.xml (RunModel)" time="0.066" />
  <testcase classname="ptolemy.util.test.junit.AutoTests" name="[53] /home/travis/build/icyphy/ptII/ptolemy/domains/continuous/test/auto/DiscreteClock.xml (RunModel)" time="0.013" />
  <testcase classname="ptolemy.util.test.junit.AutoTests" name="[54] /home/travis/build/icyphy/ptII/ptolemy/domains/continuous/test/auto/EfficiencyCurve.xml (RunModel)" time="0.129" />
  <testcase classname="ptolemy.util.test.junit.AutoTests" name="[55] /home/travis/build/icyphy/ptII/ptolemy/domains/continuous/test/auto/ExponentialResponse.xml (RunModel)" time="0.121" />
  <testcase classname="ptolemy.util.test.junit.AutoTests" name="[56] /home/travis/build/icyphy/ptII/ptolemy/domains/continuous/test/auto/ExponentialResponseRK45.xml (RunModel)" time="0.034" />
  <testcase classname="ptolemy.util.test.junit.AutoTests" name="[57] /home/travis/build/icyphy/ptII/ptolemy/domains/continuous/test/auto/Friction.xml (RunModel)" time="1.82" />
  <testcase classname="ptolemy.util.test.junit.AutoTests" name="[58] /home/travis/build/icyphy/ptII/ptolemy/domains/continuous/test/auto/FurutaPendulum.xml (RunModel)" time="3.412" />
  <testcase classname="ptolemy.util.test.junit.AutoTests" name="[59] /home/travis/build/icyphy/ptII/ptolemy/domains/continuous/test/auto/HierarchicalExecution.xml (RunModel)" time="2.239" />
  <testcase classname="ptolemy.util.test.junit.AutoTests" name="[60] /home/travis/build/icyphy/ptII/ptolemy/domains/continuous/test/auto/HybridPlant.xml (RunModel)" time="0.59" />
  <testcase classname="ptolemy.util.test.junit.AutoTests" name="[61] /home/travis/build/icyphy/ptII/ptolemy/domains/continuous/test/auto/Hysteresis.xml (RunModel)" time="0.218" />
  <testcase classname="ptolemy.util.test.junit.AutoTests" name="[62] /home/travis/build/icyphy/ptII/ptolemy/domains/continuous/test/auto/HysteresisWithRandomDelay.xml (RunModel)" time="0.226" />
  <testcase classname="ptolemy.util.test.junit.AutoTests" name="[63] /home/travis/build/icyphy/ptII/ptolemy/domains/continuous/test/auto/HysteresisWithRandomLosses.xml (RunModel)" time="2.504" />
  <testcase classname="ptolemy.util.test.junit.AutoTests" name="[64] /home/travis/build/icyphy/ptII/ptolemy/domains/continuous/test/auto/ImmediateTransitions.xml (RunModel)" time="0.046" />
  <testcase classname="ptolemy.util.test.junit.AutoTests" name="[65] /home/travis/build/icyphy/ptII/ptolemy/domains/continuous/test/auto/ImpulseFeedback.xml (RunModel)" time="0.021" />
  <testcase classname="ptolemy.util.test.junit.AutoTests" name="[66] /home/travis/build/icyphy/ptII/ptolemy/domains/continuous/test/auto/ImpulseFeedback2.xml (RunModel)" time="0.018" />
  <testcase classname="ptolemy.util.test.junit.AutoTests" name="[67] /home/travis/build/icyphy/ptII/ptolemy/domains/continuous/test/auto/IncreasingRatePoisson.xml (RunModel)" time="0.736" />
  <testcase classname="ptolemy.util.test.junit.AutoTests" name="[68] /home/travis/build/icyphy/ptII/ptolemy/domains/continuous/test/auto/InitialStateFeedback.xml (RunModel)" time="0.019" />
  <testcase classname="ptolemy.util.test.junit.AutoTests" name="[69] /home/travis/build/icyphy/ptII/ptolemy/domains/continuous/test/auto/Integration.xml (RunModel)" time="0.009" />
  <testcase classname="ptolemy.util.test.junit.AutoTests" name="[70] /home/travis/build/icyphy/ptII/ptolemy/domains/continuous/test/auto/Integration2.xml (RunModel)" time="0.077" />
  <testcase classname="ptolemy.util.test.junit.AutoTests" name="[71] /home/travis/build/icyphy/ptII/ptolemy/domains/continuous/test/auto/Integration3.xml (RunModel)" time="0.016" />
  <testcase classname="ptolemy.util.test.junit.AutoTests" name="[72] /home/travis/build/icyphy/ptII/ptolemy/domains/continuous/test/auto/Integration5.xml (RunModel)" time="0.011" />
  <testcase classname="ptolemy.util.test.junit.AutoTests" name="[73] /home/travis/build/icyphy/ptII/ptolemy/domains/continuous/test/auto/IntegratorImpulse.xml (RunModel)" time="0.012" />
  <testcase classname="ptolemy.util.test.junit.AutoTests" name="[74] /home/travis/build/icyphy/ptII/ptolemy/domains/continuous/test/auto/IntegratorImpulse2.xml (RunModel)" time="0.024" />
  <testcase classname="ptolemy.util.test.junit.AutoTests" name="[75] /home/travis/build/icyphy/ptII/ptolemy/domains/continuous/test/auto/LevelCrossing1.xml (RunModel)" time="0.016" />
  <testcase classname="ptolemy.util.test.junit.AutoTests" name="[76] /home/travis/build/icyphy/ptII/ptolemy/domains/continuous/test/auto/LevelCrossing2.xml (RunModel)" time="0.013" />
  <testcase classname="ptolemy.util.test.junit.AutoTests" name="[77] /home/travis/build/icyphy/ptII/ptolemy/domains/continuous/test/auto/LevelCrossing3.xml (RunModel)" time="0.012" />
  <testcase classname="ptolemy.util.test.junit.AutoTests" name="[78] /home/travis/build/icyphy/ptII/ptolemy/domains/continuous/test/auto/LevelCrossing4.xml (RunModel)" time="0.013" />
  <testcase classname="ptolemy.util.test.junit.AutoTests" name="[79] /home/travis/build/icyphy/ptII/ptolemy/domains/continuous/test/auto/LevelCrossing5.xml (RunModel)" time="0.018" />
  <testcase classname="ptolemy.util.test.junit.AutoTests" name="[80] /home/travis/build/icyphy/ptII/ptolemy/domains/continuous/test/auto/LevelCrossing6.xml (RunModel)" time="0.015" />
  <testcase classname="ptolemy.util.test.junit.AutoTests" name="[81] /home/travis/build/icyphy/ptII/ptolemy/domains/continuous/test/auto/LevelCrossingDetector.xml (RunModel)" time="0.038" />
  <testcase classname="ptolemy.util.test.junit.AutoTests" name="[82] /home/travis/build/icyphy/ptII/ptolemy/domains/continuous/test/auto/LevelCrossingDetectorDetectingDirections.xml (RunModel)" time="0.09" />
  <testcase classname="ptolemy.util.test.junit.AutoTests" name="[83] /home/travis/build/icyphy/ptII/ptolemy/domains/continuous/test/auto/LevelCrossingDetectorDetectsGlitches.xml (RunModel)" time="0.074" />
  <testcase classname="ptolemy.util.test.junit.AutoTests" name="[84] /home/travis/build/icyphy/ptII/ptolemy/domains/continuous/test/auto/LevelCrossingNoInitialOuput.xml (RunModel)" time="0.021" />
  <testcase classname="ptolemy.util.test.junit.AutoTests" name="[85] /home/travis/build/icyphy/ptII/ptolemy/domains/continuous/test/auto/LinearStateSpaceExample.xml (RunModel)" time="0.079" />
  <testcase classname="ptolemy.util.test.junit.AutoTests" name="[86] /home/travis/build/icyphy/ptII/ptolemy/domains/continuous/test/auto/Lorenz.xml (RunModel)" time="3.673" />
  <testcase classname="ptolemy.util.test.junit.AutoTests" name="[87] /home/travis/build/icyphy/ptII/ptolemy/domains/continuous/test/auto/LorenzDifferentialSystem.xml (RunModel)" time="0.867" />
  <testcase classname="ptolemy.util.test.junit.AutoTests" name="[88] /home/travis/build/icyphy/ptII/ptolemy/domains/continuous/test/auto/LorenzDifferentialSystemWithInput.xml (RunModel)" time="1.16" />
  <testcase classname="ptolemy.util.test.junit.AutoTests" name="[89] /home/travis/build/icyphy/ptII/ptolemy/domains/continuous/test/auto/LorenzDifferentialSystemWithTime.xml (RunModel)" time="0.662" />
  <testcase classname="ptolemy.util.test.junit.AutoTests" name="[90] /home/travis/build/icyphy/ptII/ptolemy/domains/continuous/test/auto/Microsteps.xml (RunModel)" time="0.023" />
  <testcase classname="ptolemy.util.test.junit.AutoTests" name="[91] /home/travis/build/icyphy/ptII/ptolemy/domains/continuous/test/auto/Modal1.xml (RunModel)" time="0.043" />
  <testcase classname="ptolemy.util.test.junit.AutoTests" name="[92] /home/travis/build/icyphy/ptII/ptolemy/domains/continuous/test/auto/Modal2.xml (RunModel)" time="0.053" />
  <testcase classname="ptolemy.util.test.junit.AutoTests" name="[93] /home/travis/build/icyphy/ptII/ptolemy/domains/continuous/test/auto/ModalTransitionGuardWithReset.xml (RunModel)" time="0.043" />
  <testcase classname="ptolemy.util.test.junit.AutoTests" name="[94] /home/travis/build/icyphy/ptII/ptolemy/domains/continuous/test/auto/ModalTransitionGuardWithResetUsingPreemptiveTransition.xml (RunModel)" time="0.026" />
  <testcase classname="ptolemy.util.test.junit.AutoTests" name="[95] /home/travis/build/icyphy/ptII/ptolemy/domains/continuous/test/auto/ModalTransitionGuardWithResetUsingPreemptiveTransition2.xml (RunModel)" time="0.027" />
  <testcase classname="ptolemy.util.test.junit.AutoTests" name="[96] /home/travis/build/icyphy/ptII/ptolemy/domains/continuous/test/auto/ModalTransitionGuardWithResetUsingPreemptiveTransition3.xml (RunModel)" time="0.029" />
  <testcase classname="ptolemy.util.test.junit.AutoTests" name="[97] /home/travis/build/icyphy/ptII/ptolemy/domains/continuous/test/auto/NewtonsCradle.xml (RunModel)" time="0.794" />
  <testcase classname="ptolemy.util.test.junit.AutoTests" name="[98] /home/travis/build/icyphy/ptII/ptolemy/domains/continuous/test/auto/NewtonsCradleAnimated.xml (RunModel)" time="1.271" />
  <testcase classname="ptolemy.util.test.junit.AutoTests" name="[99] /home/travis/build/icyphy/ptII/ptolemy/domains/continuous/test/auto/NewtonsCradleComplicated.xml (RunModel)" time="0.972" />
  <testcase classname="ptolemy.util.test.junit.AutoTests" name="[100] /home/travis/build/icyphy/ptII/ptolemy/domains/continuous/test/auto/NewtonsCradleNondeterministic.xml (RunModel)" time="0.731" />
  <testcase classname="ptolemy.util.test.junit.AutoTests" name="[101] /home/travis/build/icyphy/ptII/ptolemy/domains/continuous/test/auto/NewtonsCradlePerfectlyInelastic1.xml (RunModel)" time="1.376" />
  <testcase classname="ptolemy.util.test.junit.AutoTests" name="[102] /home/travis/build/icyphy/ptII/ptolemy/domains/continuous/test/auto/Noise.xml (RunModel)" time="0.182" />
  <testcase classname="ptolemy.util.test.junit.AutoTests" name="[103] /home/travis/build/icyphy/ptII/ptolemy/domains/continuous/test/auto/NoiseSpectrum.xml (RunModel)" time="0.663" />
  <testcase classname="ptolemy.util.test.junit.AutoTests" name="[104] /home/travis/build/icyphy/ptII/ptolemy/domains/continuous/test/auto/ParameterizedNewtonsCradleAnimated.xml (RunModel)" time="0.361" />
  <testcase classname="ptolemy.util.test.junit.AutoTests" name="[105] /home/travis/build/icyphy/ptII/ptolemy/domains/continuous/test/auto/ParameterizedNewtonsCradleAnimatedNondeterministic.xml (RunModel)" time="1.168" />
  <testcase classname="ptolemy.util.test.junit.AutoTests" name="[106] /home/travis/build/icyphy/ptII/ptolemy/domains/continuous/test/auto/Pendulum3D.xml (RunModel)" time="0.166" />
  <testcase classname="ptolemy.util.test.junit.AutoTests" name="[107] /home/travis/build/icyphy/ptII/ptolemy/domains/continuous/test/auto/PeriodicSampler.xml (RunModel)" time="0.011" />
  <testcase classname="ptolemy.util.test.junit.AutoTests" name="[108] /home/travis/build/icyphy/ptII/ptolemy/domains/continuous/test/auto/PeriodicSampler1.xml (RunModel)" time="0.046" />
  <testcase classname="ptolemy.util.test.junit.AutoTests" name="[109] /home/travis/build/icyphy/ptII/ptolemy/domains/continuous/test/auto/PeriodicSampler2.xml (RunModel)" time="0.086" />
  <testcase classname="ptolemy.util.test.junit.AutoTests" name="[110] /home/travis/build/icyphy/ptII/ptolemy/domains/continuous/test/auto/Poisson.xml (RunModel)" time="0.439" />
  <testcase classname="ptolemy.util.test.junit.AutoTests" name="[111] /home/travis/build/icyphy/ptII/ptolemy/domains/continuous/test/auto/PoissonClock.xml (RunModel)" time="0.012" />
  <testcase classname="ptolemy.util.test.junit.AutoTests" name="[112] /home/travis/build/icyphy/ptII/ptolemy/domains/continuous/test/auto/PoissonClock2.xml (RunModel)" time="0.013" />
  <testcase classname="ptolemy.util.test.junit.AutoTests" name="[113] /home/travis/build/icyphy/ptII/ptolemy/domains/continuous/test/auto/PortParameterHierarchy.xml (RunModel)" time="0.032" />
  <testcase classname="ptolemy.util.test.junit.AutoTests" name="[114] /home/travis/build/icyphy/ptII/ptolemy/domains/continuous/test/auto/RandomHybridPlant.xml (RunModel)" time="0.576" />
  <testcase classname="ptolemy.util.test.junit.AutoTests" name="[115] /home/travis/build/icyphy/ptII/ptolemy/domains/continuous/test/auto/ResetTransitionWithStartTime1.xml (RunModel)" time="0.029" />
  <testcase classname="ptolemy.util.test.junit.AutoTests" name="[116] /home/travis/build/icyphy/ptII/ptolemy/domains/continuous/test/auto/ResetTransitionWithStartTime2.xml (RunModel)" time="0.034" />
  <testcase classname="ptolemy.util.test.junit.AutoTests" name="[117] /home/travis/build/icyphy/ptII/ptolemy/domains/continuous/test/auto/ResetTransitionWithStartTime3.xml (RunModel)" time="0.042" />
  <testcase classname="ptolemy.util.test.junit.AutoTests" name="[118] /home/travis/build/icyphy/ptII/ptolemy/domains/continuous/test/auto/ResetTransitionWithStartTime4.xml (RunModel)" time="0.029" />
  <testcase classname="ptolemy.util.test.junit.AutoTests" name="[119] /home/travis/build/icyphy/ptII/ptolemy/domains/continuous/test/auto/ResetTransitionWithStartTime5.xml (RunModel)" time="0.039" />
  <testcase classname="ptolemy.util.test.junit.AutoTests" name="[120] /home/travis/build/icyphy/ptII/ptolemy/domains/continuous/test/auto/ResetTransitionWithStartTime6.xml (RunModel)" time="0.026" />
  <testcase classname="ptolemy.util.test.junit.AutoTests" name="[121] /home/travis/build/icyphy/ptII/ptolemy/domains/continuous/test/auto/SRinContinuous.xml (RunModel)" time="0.023" />
  <testcase classname="ptolemy.util.test.junit.AutoTests" name="[122] /home/travis/build/icyphy/ptII/ptolemy/domains/continuous/test/auto/SampledClocks.xml (RunModel)" time="0.043" />
  <testcase classname="ptolemy.util.test.junit.AutoTests" name="[123] /home/travis/build/icyphy/ptII/ptolemy/domains/continuous/test/auto/Satellite.xml (RunModel)" time="0.668" />
  <testcase classname="ptolemy.util.test.junit.AutoTests" name="[124] /home/travis/build/icyphy/ptII/ptolemy/domains/continuous/test/auto/SigmaDelta.xml (RunModel)" time="2.27" />
  <testcase classname="ptolemy.util.test.junit.AutoTests" name="[125] /home/travis/build/icyphy/ptII/ptolemy/domains/continuous/test/auto/SingleRefinement.xml (RunModel)" time="0.468" />
  <testcase classname="ptolemy.util.test.junit.AutoTests" name="[126] /home/travis/build/icyphy/ptII/ptolemy/domains/continuous/test/auto/SinuBouncingBall.xml (RunModel)" time="0.88" />
  <testcase classname="ptolemy.util.test.junit.AutoTests" name="[127] /home/travis/build/icyphy/ptII/ptolemy/domains/continuous/test/auto/Sinusoid.xml (RunModel)" time="0.02" />
  <testcase classname="ptolemy.util.test.junit.AutoTests" name="[128] /home/travis/build/icyphy/ptII/ptolemy/domains/continuous/test/auto/SinusoidInNoise.xml (RunModel)" time="0.872" />
  <testcase classname="ptolemy.util.test.junit.AutoTests" name="[129] /home/travis/build/icyphy/ptII/ptolemy/domains/continuous/test/auto/SinusoidRK45.xml (RunModel)" time="0.011" />
  <testcase classname="ptolemy.util.test.junit.AutoTests" name="[130] /home/travis/build/icyphy/ptII/ptolemy/domains/continuous/test/auto/SinusoidWithMultipleImpulses.xml (RunModel)" time="0.011" />
  <testcase classname="ptolemy.util.test.junit.AutoTests" name="[131] /home/travis/build/icyphy/ptII/ptolemy/domains/continuous/test/auto/SquareWave.xml (RunModel)" time="0.15" />
  <testcase classname="ptolemy.util.test.junit.AutoTests" name="[132] /home/travis/build/icyphy/ptII/ptolemy/domains/continuous/test/auto/Starmac.xml (RunModel)" time="3.418" />
  <testcase classname="ptolemy.util.test.junit.AutoTests" name="[133] /home/travis/build/icyphy/ptII/ptolemy/domains/continuous/test/auto/StaticUnits.xml (RunModel)" time="2.272" />
  <testcase classname="ptolemy.util.test.junit.AutoTests" name="[134] /home/travis/build/icyphy/ptII/ptolemy/domains/continuous/test/auto/StickyMasses.xml (RunModel)" time="0.191" />
  <testcase classname="ptolemy.util.test.junit.AutoTests" name="[135] /home/travis/build/icyphy/ptII/ptolemy/domains/continuous/test/auto/StopTime.xml (RunModel)" time="0.059" />
  <testcase classname="ptolemy.util.test.junit.AutoTests" name="[136] /home/travis/build/icyphy/ptII/ptolemy/domains/continuous/test/auto/StopTime2.xml (RunModel)" time="0.061" />
  <testcase classname="ptolemy.util.test.junit.AutoTests" name="[137] /home/travis/build/icyphy/ptII/ptolemy/domains/continuous/test/auto/Switch.xml (RunModel)" time="0.055" />
  <testcase classname="ptolemy.util.test.junit.AutoTests" name="[138] /home/travis/build/icyphy/ptII/ptolemy/domains/continuous/test/auto/Thermostat.xml (RunModel)" time="0.207" />
  <testcase classname="ptolemy.util.test.junit.AutoTests" name="[139] /home/travis/build/icyphy/ptII/ptolemy/domains/continuous/test/auto/TimeDelay.xml (RunModel)" time="0.014" />
  <testcase classname="ptolemy.util.test.junit.AutoTests" name="[140] /home/travis/build/icyphy/ptII/ptolemy/domains/continuous/test/auto/TimeDelay2.xml (RunModel)" time="0.031" />
  <testcase classname="ptolemy.util.test.junit.AutoTests" name="[141] /home/travis/build/icyphy/ptII/ptolemy/domains/continuous/test/auto/TimeDelay3.xml (RunModel)" time="0.013" />
  <testcase classname="ptolemy.util.test.junit.AutoTests" name="[142] /home/travis/build/icyphy/ptII/ptolemy/domains/continuous/test/auto/TransferAbsentToInside.xml (RunModel)" time="0.107" />
  <testcase classname="ptolemy.util.test.junit.AutoTests" name="[143] /home/travis/build/icyphy/ptII/ptolemy/domains/continuous/test/auto/Transmission.xml (RunModel)" time="0.814" />
  <testcase classname="ptolemy.util.test.junit.AutoTests" name="[144] /home/travis/build/icyphy/ptII/ptolemy/domains/continuous/test/auto/TriggeredContinuousClock.xml (RunModel)" time="0.073" />
  <testcase classname="ptolemy.util.test.junit.AutoTests" name="[145] /home/travis/build/icyphy/ptII/ptolemy/domains/continuous/test/auto/TwoMachineInfiniteBusControl.xml (RunModel)" time="2.736" />
  <testcase classname="ptolemy.util.test.junit.AutoTests" name="[146] /home/travis/build/icyphy/ptII/ptolemy/domains/continuous/test/auto/V2V.xml (RunModel)" time="0.829" />
  <testcase classname="ptolemy.util.test.junit.AutoTests" name="[147] /home/travis/build/icyphy/ptII/ptolemy/domains/continuous/test/auto/hierarchicalModalModel.xml (RunModel)" time="0.038" />
  <testcase classname="ptolemy.util.test.junit.AutoTests" name="[148] /home/travis/build/icyphy/ptII/ptolemy/domains/continuous/test/auto/hierarchicalModalModel1.xml (RunModel)" time="0.03" />
  <testcase classname="ptolemy.util.test.junit.AutoTests" name="[149] /home/travis/build/icyphy/ptII/ptolemy/domains/continuous/test/auto/hierarchicalModalModel2.xml (RunModel)" time="0.029" />
  <testcase classname="ptolemy.util.test.junit.AutoTests" name="[150] /home/travis/build/icyphy/ptII/ptolemy/domains/continuous/test/auto/hierarchicalModalModel3.xml (RunModel)" time="0.026" />
  <testcase classname="ptolemy.util.test.junit.AutoTests" name="[151] /home/travis/build/icyphy/ptII/ptolemy/domains/continuous/test/auto/hierarchicalModalModel4.xml (RunModel)" time="0.035" />
  <testcase classname="ptolemy.util.test.junit.AutoTests" name="[152] /home/travis/build/icyphy/ptII/ptolemy/domains/continuous/test/auto/junk.xml (RunModel)" time="0.144" />
  <system-out><![CDATA[No tcl tests in /home/travis/build/icyphy/ptII/ptolemy/domains/continuous/test
No auto/knownFailedTests/*.xml tests in /home/travis/build/icyphy/ptII/ptolemy/domains/continuous/test
No auto/linux-amd64/*.xml tests in /home/travis/build/icyphy/ptII/ptolemy/domains/continuous/test
AutoTests.java: About to close Vertx.
AutoTests.java: Vertx closed.

===========================================================================================
----------------- testing Fri Jan 31 06:49:18 UTC 2020 /home/travis/build/icyphy/ptII/ptolemy/domains/continuous/test/auto/BouncingBall.xml
----------------- Instantiating /home/travis/build/icyphy/ptII/ptolemy/domains/continuous/test/auto/BouncingBall.xml
2545 ms. Memory: 163840K Free: 54556K (33%)
----------------- Invoking toplevel() on ptolemy.moml.MoMLSimpleApplication@4244b7f
----------------- Done invoking toplevel() on ptolemy.moml.MoMLSimpleApplication@4244b7f
reloadAllAccessors: .BouncingBall

===========================================================================================
----------------- testing Fri Jan 31 06:49:21 UTC 2020 /home/travis/build/icyphy/ptII/ptolemy/domains/continuous/test/auto/BouncingBallWithoutGR.xml
----------------- Instantiating /home/travis/build/icyphy/ptII/ptolemy/domains/continuous/test/auto/BouncingBallWithoutGR.xml
752 ms. Memory: 163840K Free: 64311K (39%)
----------------- Invoking toplevel() on ptolemy.moml.MoMLSimpleApplication@bfbf79d
----------------- Done invoking toplevel() on ptolemy.moml.MoMLSimpleApplication@bfbf79d
reloadAllAccessors: .BouncingBallWithoutGR

===========================================================================================
----------------- testing Fri Jan 31 06:49:22 UTC 2020 /home/travis/build/icyphy/ptII/ptolemy/domains/continuous/test/auto/Brownian.xml
----------------- Instantiating /home/travis/build/icyphy/ptII/ptolemy/domains/continuous/test/auto/Brownian.xml
27 ms. Memory: 163840K Free: 55605K (34%)
----------------- Invoking toplevel() on ptolemy.moml.MoMLSimpleApplication@5b72b50c
----------------- Done invoking toplevel() on ptolemy.moml.MoMLSimpleApplication@5b72b50c
reloadAllAccessors: .Brownian

===========================================================================================
----------------- testing Fri Jan 31 06:49:22 UTC 2020 /home/travis/build/icyphy/ptII/ptolemy/domains/continuous/test/auto/CarTracking.xml
----------------- Instantiating /home/travis/build/icyphy/ptII/ptolemy/domains/continuous/test/auto/CarTracking.xml
3728 ms. Memory: 196608K Free: 177530K (90%)
----------------- Invoking toplevel() on ptolemy.moml.MoMLSimpleApplication@5518b44a
----------------- Done invoking toplevel() on ptolemy.moml.MoMLSimpleApplication@5518b44a
reloadAllAccessors: .CarTracking

===========================================================================================
----------------- testing Fri Jan 31 06:49:26 UTC 2020 /home/travis/build/icyphy/ptII/ptolemy/domains/continuous/test/auto/CartPendulum.xml
----------------- Instantiating /home/travis/build/icyphy/ptII/ptolemy/domains/continuous/test/auto/CartPendulum.xml
418 ms. Memory: 196608K Free: 83322K (42%)
----------------- Invoking toplevel() on ptolemy.moml.MoMLSimpleApplication@3bc0f007
----------------- Done invoking toplevel() on ptolemy.moml.MoMLSimpleApplication@3bc0f007
reloadAllAccessors: .CartPendulum

===========================================================================================
----------------- testing Fri Jan 31 06:49:27 UTC 2020 /home/travis/build/icyphy/ptII/ptolemy/domains/continuous/test/auto/CausalityInterface10.xml
----------------- Instantiating /home/travis/build/icyphy/ptII/ptolemy/domains/continuous/test/auto/CausalityInterface10.xml
10 ms. Memory: 196608K Free: 73082K (37%)
----------------- Invoking toplevel() on ptolemy.moml.MoMLSimpleApplication@34bd9e76
----------------- Done invoking toplevel() on ptolemy.moml.MoMLSimpleApplication@34bd9e76
reloadAllAccessors: .CausalityInterface10

===========================================================================================
----------------- testing Fri Jan 31 06:49:27 UTC 2020 /home/travis/build/icyphy/ptII/ptolemy/domains/continuous/test/auto/CausalityInterface11.xml
----------------- Instantiating /home/travis/build/icyphy/ptII/ptolemy/domains/continuous/test/auto/CausalityInterface11.xml
10 ms. Memory: 196608K Free: 66924K (34%)
----------------- Invoking toplevel() on ptolemy.moml.MoMLSimpleApplication@4a7ffa06
----------------- Done invoking toplevel() on ptolemy.moml.MoMLSimpleApplication@4a7ffa06
reloadAllAccessors: .CausalityInterface11

===========================================================================================
----------------- testing Fri Jan 31 06:49:27 UTC 2020 /home/travis/build/icyphy/ptII/ptolemy/domains/continuous/test/auto/CausalityInterface12.xml
----------------- Instantiating /home/travis/build/icyphy/ptII/ptolemy/domains/continuous/test/auto/CausalityInterface12.xml
12 ms. Memory: 236544K Free: 217134K (92%)
----------------- Invoking toplevel() on ptolemy.moml.MoMLSimpleApplication@34113414
----------------- Done invoking toplevel() on ptolemy.moml.MoMLSimpleApplication@34113414
reloadAllAccessors: .CausalityInterface12

===========================================================================================
----------------- testing Fri Jan 31 06:49:27 UTC 2020 /home/travis/build/icyphy/ptII/ptolemy/domains/continuous/test/auto/CausalityInterface13.xml
----------------- Instantiating /home/travis/build/icyphy/ptII/ptolemy/domains/continuous/test/auto/CausalityInterface13.xml
7 ms. Memory: 236544K Free: 210990K (89%)
----------------- Invoking toplevel() on ptolemy.moml.MoMLSimpleApplication@75b2d355
----------------- Done invoking toplevel() on ptolemy.moml.MoMLSimpleApplication@75b2d355
reloadAllAccessors: .CausalityInterface13

===========================================================================================
----------------- testing Fri Jan 31 06:49:27 UTC 2020 /home/travis/build/icyphy/ptII/ptolemy/domains/continuous/test/auto/CausalityInterface14.xml
----------------- Instantiating /home/travis/build/icyphy/ptII/ptolemy/domains/continuous/test/auto/CausalityInterface14.xml
5 ms. Memory: 236544K Free: 205360K (87%)
----------------- Invoking toplevel() on ptolemy.moml.MoMLSimpleApplication@4c1613ab
----------------- Done invoking toplevel() on ptolemy.moml.MoMLSimpleApplication@4c1613ab
reloadAllAccessors: .CausalityInterface14

===========================================================================================
----------------- testing Fri Jan 31 06:49:27 UTC 2020 /home/travis/build/icyphy/ptII/ptolemy/domains/continuous/test/auto/CausalityInterface4.xml
----------------- Instantiating /home/travis/build/icyphy/ptII/ptolemy/domains/continuous/test/auto/CausalityInterface4.xml
6 ms. Memory: 236544K Free: 198702K (84%)
----------------- Invoking toplevel() on ptolemy.moml.MoMLSimpleApplication@3fc17b22
----------------- Done invoking toplevel() on ptolemy.moml.MoMLSimpleApplication@3fc17b22
reloadAllAccessors: .CausalityInterface4

===========================================================================================
----------------- testing Fri Jan 31 06:49:27 UTC 2020 /home/travis/build/icyphy/ptII/ptolemy/domains/continuous/test/auto/CausalityInterface5.xml
----------------- Instantiating /home/travis/build/icyphy/ptII/ptolemy/domains/continuous/test/auto/CausalityInterface5.xml
10 ms. Memory: 236544K Free: 190510K (81%)
----------------- Invoking toplevel() on ptolemy.moml.MoMLSimpleApplication@1695e635
----------------- Done invoking toplevel() on ptolemy.moml.MoMLSimpleApplication@1695e635
reloadAllAccessors: .CausalityInterface5

===========================================================================================
----------------- testing Fri Jan 31 06:49:27 UTC 2020 /home/travis/build/icyphy/ptII/ptolemy/domains/continuous/test/auto/CausalityInterface6.xml
----------------- Instantiating /home/travis/build/icyphy/ptII/ptolemy/domains/continuous/test/auto/CausalityInterface6.xml
7 ms. Memory: 236544K Free: 184880K (78%)
----------------- Invoking toplevel() on ptolemy.moml.MoMLSimpleApplication@5bf160c8
----------------- Done invoking toplevel() on ptolemy.moml.MoMLSimpleApplication@5bf160c8
reloadAllAccessors: .CausalityInterface6

===========================================================================================
----------------- testing Fri Jan 31 06:49:27 UTC 2020 /home/travis/build/icyphy/ptII/ptolemy/domains/continuous/test/auto/CausalityInterface7.xml
----------------- Instantiating /home/travis/build/icyphy/ptII/ptolemy/domains/continuous/test/auto/CausalityInterface7.xml
10 ms. Memory: 236544K Free: 176174K (74%)
----------------- Invoking toplevel() on ptolemy.moml.MoMLSimpleApplication@5999ca24
----------------- Done invoking toplevel() on ptolemy.moml.MoMLSimpleApplication@5999ca24
reloadAllAccessors: .CausalityInterface7

===========================================================================================
----------------- testing Fri Jan 31 06:49:27 UTC 2020 /home/travis/build/icyphy/ptII/ptolemy/domains/continuous/test/auto/CausalityInterface8.xml
----------------- Instantiating /home/travis/build/icyphy/ptII/ptolemy/domains/continuous/test/auto/CausalityInterface8.xml
6 ms. Memory: 236544K Free: 166958K (71%)
----------------- Invoking toplevel() on ptolemy.moml.MoMLSimpleApplication@3f25c31c
----------------- Done invoking toplevel() on ptolemy.moml.MoMLSimpleApplication@3f25c31c
reloadAllAccessors: .CausalityInterface8

===========================================================================================
----------------- testing Fri Jan 31 06:49:27 UTC 2020 /home/travis/build/icyphy/ptII/ptolemy/domains/continuous/test/auto/CausalityInterface9.xml
----------------- Instantiating /home/travis/build/icyphy/ptII/ptolemy/domains/continuous/test/auto/CausalityInterface9.xml
5 ms. Memory: 236544K Free: 156208K (66%)
----------------- Invoking toplevel() on ptolemy.moml.MoMLSimpleApplication@74ef429d
----------------- Done invoking toplevel() on ptolemy.moml.MoMLSimpleApplication@74ef429d
reloadAllAccessors: .CausalityInterface9

===========================================================================================
----------------- testing Fri Jan 31 06:49:27 UTC 2020 /home/travis/build/icyphy/ptII/ptolemy/domains/continuous/test/auto/CausalityInterfaceFeedback1.xml
----------------- Instantiating /home/travis/build/icyphy/ptII/ptolemy/domains/continuous/test/auto/CausalityInterfaceFeedback1.xml
3 ms. Memory: 236544K Free: 150064K (63%)
----------------- Invoking toplevel() on ptolemy.moml.MoMLSimpleApplication@7f7bf705
----------------- Done invoking toplevel() on ptolemy.moml.MoMLSimpleApplication@7f7bf705
reloadAllAccessors: .CausalityInterfaceFeedback1

===========================================================================================
----------------- testing Fri Jan 31 06:49:27 UTC 2020 /home/travis/build/icyphy/ptII/ptolemy/domains/continuous/test/auto/CausalityInterfaceFeedback2.xml
----------------- Instantiating /home/travis/build/icyphy/ptII/ptolemy/domains/continuous/test/auto/CausalityInterfaceFeedback2.xml
3 ms. Memory: 236544K Free: 143392K (61%)
----------------- Invoking toplevel() on ptolemy.moml.MoMLSimpleApplication@6d59239b
----------------- Done invoking toplevel() on ptolemy.moml.MoMLSimpleApplication@6d59239b
reloadAllAccessors: .CausalityInterfaceFeedback2

===========================================================================================
----------------- testing Fri Jan 31 06:49:27 UTC 2020 /home/travis/build/icyphy/ptII/ptolemy/domains/continuous/test/auto/CompareWithCurrentTime.xml
----------------- Instantiating /home/travis/build/icyphy/ptII/ptolemy/domains/continuous/test/auto/CompareWithCurrentTime.xml
3 ms. Memory: 236544K Free: 139310K (59%)
----------------- Invoking toplevel() on ptolemy.moml.MoMLSimpleApplication@6b89bd48
----------------- Done invoking toplevel() on ptolemy.moml.MoMLSimpleApplication@6b89bd48
reloadAllAccessors: .CompareWithCurrentTime

===========================================================================================
----------------- testing Fri Jan 31 06:49:27 UTC 2020 /home/travis/build/icyphy/ptII/ptolemy/domains/continuous/test/auto/ComparedClocks.xml
----------------- Instantiating /home/travis/build/icyphy/ptII/ptolemy/domains/continuous/test/auto/ComparedClocks.xml
6 ms. Memory: 236544K Free: 123936K (52%)
----------------- Invoking toplevel() on ptolemy.moml.MoMLSimpleApplication@97db45
----------------- Done invoking toplevel() on ptolemy.moml.MoMLSimpleApplication@97db45
reloadAllAccessors: .ComparedClocks

===========================================================================================
----------------- testing Fri Jan 31 06:49:27 UTC 2020 /home/travis/build/icyphy/ptII/ptolemy/domains/continuous/test/auto/ContinuousAOCClone.xml
----------------- Instantiating /home/travis/build/icyphy/ptII/ptolemy/domains/continuous/test/auto/ContinuousAOCClone.xml
2482 ms. Memory: 284672K Free: 189188K (66%)
----------------- Invoking toplevel() on ptolemy.moml.MoMLSimpleApplication@7a6e0230
----------------- Done invoking toplevel() on ptolemy.moml.MoMLSimpleApplication@7a6e0230
reloadAllAccessors: .ContinuousAOCClone

===========================================================================================
----------------- testing Fri Jan 31 06:49:30 UTC 2020 /home/travis/build/icyphy/ptII/ptolemy/domains/continuous/test/auto/ContinuousClock.xml
----------------- Instantiating /home/travis/build/icyphy/ptII/ptolemy/domains/continuous/test/auto/ContinuousClock.xml
37 ms. Memory: 284672K Free: 167170K (59%)
----------------- Invoking toplevel() on ptolemy.moml.MoMLSimpleApplication@872e48f
----------------- Done invoking toplevel() on ptolemy.moml.MoMLSimpleApplication@872e48f
reloadAllAccessors: .ContinuousClock

===========================================================================================
----------------- testing Fri Jan 31 06:49:30 UTC 2020 /home/travis/build/icyphy/ptII/ptolemy/domains/continuous/test/auto/ContinuousInContinuous.xml
----------------- Instantiating /home/travis/build/icyphy/ptII/ptolemy/domains/continuous/test/auto/ContinuousInContinuous.xml
44 ms. Memory: 284672K Free: 143603K (50%)
----------------- Invoking toplevel() on ptolemy.moml.MoMLSimpleApplication@547dc9a
----------------- Done invoking toplevel() on ptolemy.moml.MoMLSimpleApplication@547dc9a
reloadAllAccessors: .ContinuousInContinuous

===========================================================================================
----------------- testing Fri Jan 31 06:49:30 UTC 2020 /home/travis/build/icyphy/ptII/ptolemy/domains/continuous/test/auto/ContinuousInContinuousInContinuous.xml
----------------- Instantiating /home/travis/build/icyphy/ptII/ptolemy/domains/continuous/test/auto/ContinuousInContinuousInContinuous.xml
6 ms. Memory: 284672K Free: 135426K (48%)
----------------- Invoking toplevel() on ptolemy.moml.MoMLSimpleApplication@7d0633bc
----------------- Done invoking toplevel() on ptolemy.moml.MoMLSimpleApplication@7d0633bc
reloadAllAccessors: .ContinuousInContinuousInContinuous

===========================================================================================
----------------- testing Fri Jan 31 06:49:30 UTC 2020 /home/travis/build/icyphy/ptII/ptolemy/domains/continuous/test/auto/ContinuousInDE.xml
----------------- Instantiating /home/travis/build/icyphy/ptII/ptolemy/domains/continuous/test/auto/ContinuousInDE.xml
94 ms. Memory: 284672K Free: 124676K (44%)
----------------- Invoking toplevel() on ptolemy.moml.MoMLSimpleApplication@1d5c3161
----------------- Done invoking toplevel() on ptolemy.moml.MoMLSimpleApplication@1d5c3161
reloadAllAccessors: .ContinuousInDE

===========================================================================================
----------------- testing Fri Jan 31 06:49:30 UTC 2020 /home/travis/build/icyphy/ptII/ptolemy/domains/continuous/test/auto/ContinuousInDE2.xml
----------------- Instantiating /home/travis/build/icyphy/ptII/ptolemy/domains/continuous/test/auto/ContinuousInDE2.xml
46 ms. Memory: 284672K Free: 114946K (40%)
----------------- Invoking toplevel() on ptolemy.moml.MoMLSimpleApplication@4d9c74a3
----------------- Done invoking toplevel() on ptolemy.moml.MoMLSimpleApplication@4d9c74a3
reloadAllAccessors: .ContinuousInDE2

===========================================================================================
----------------- testing Fri Jan 31 06:49:30 UTC 2020 /home/travis/build/icyphy/ptII/ptolemy/domains/continuous/test/auto/ContinuousInDE3.xml
----------------- Instantiating /home/travis/build/icyphy/ptII/ptolemy/domains/continuous/test/auto/ContinuousInDE3.xml
39 ms. Memory: 284672K Free: 105220K (37%)
----------------- Invoking toplevel() on ptolemy.moml.MoMLSimpleApplication@6980e3c1
----------------- Done invoking toplevel() on ptolemy.moml.MoMLSimpleApplication@6980e3c1
reloadAllAccessors: .ContinuousInDE3

===========================================================================================
----------------- testing Fri Jan 31 06:49:31 UTC 2020 /home/travis/build/icyphy/ptII/ptolemy/domains/continuous/test/auto/ContinuousInDE4.xml
----------------- Instantiating /home/travis/build/icyphy/ptII/ptolemy/domains/continuous/test/auto/ContinuousInDE4.xml
22 ms. Memory: 284672K Free: 267433K (94%)
----------------- Invoking toplevel() on ptolemy.moml.MoMLSimpleApplication@4c6b44b6
----------------- Done invoking toplevel() on ptolemy.moml.MoMLSimpleApplication@4c6b44b6
reloadAllAccessors: .ContinuousInDE4

===========================================================================================
----------------- testing Fri Jan 31 06:49:31 UTC 2020 /home/travis/build/icyphy/ptII/ptolemy/domains/continuous/test/auto/ContinuousInDEDifferentRefinements.xml
----------------- Instantiating /home/travis/build/icyphy/ptII/ptolemy/domains/continuous/test/auto/ContinuousInDEDifferentRefinements.xml
59 ms. Memory: 284672K Free: 235691K (83%)
----------------- Invoking toplevel() on ptolemy.moml.MoMLSimpleApplication@31dbf0a3
----------------- Done invoking toplevel() on ptolemy.moml.MoMLSimpleApplication@31dbf0a3
reloadAllAccessors: .ContinuousInDEDifferentRefinements

===========================================================================================
----------------- testing Fri Jan 31 06:49:31 UTC 2020 /home/travis/build/icyphy/ptII/ptolemy/domains/continuous/test/auto/ContinuousInDEDifferentRefinementsPreemptive.xml
----------------- Instantiating /home/travis/build/icyphy/ptII/ptolemy/domains/continuous/test/auto/ContinuousInDEDifferentRefinementsPreemptive.xml
48 ms. Memory: 284672K Free: 204971K (72%)
----------------- Invoking toplevel() on ptolemy.moml.MoMLSimpleApplication@2863cfeb
----------------- Done invoking toplevel() on ptolemy.moml.MoMLSimpleApplication@2863cfeb
reloadAllAccessors: .ContinuousInDEDifferentRefinementsPreemptive

===========================================================================================
----------------- testing Fri Jan 31 06:49:31 UTC 2020 /home/travis/build/icyphy/ptII/ptolemy/domains/continuous/test/auto/ContinuousInDEInContinuous2.xml
----------------- Instantiating /home/travis/build/icyphy/ptII/ptolemy/domains/continuous/test/auto/ContinuousInDEInContinuous2.xml
44 ms. Memory: 284672K Free: 193707K (68%)
----------------- Invoking toplevel() on ptolemy.moml.MoMLSimpleApplication@4b001757
----------------- Done invoking toplevel() on ptolemy.moml.MoMLSimpleApplication@4b001757
reloadAllAccessors: .ContinuousInDEInContinuous2

===========================================================================================
----------------- testing Fri Jan 31 06:49:31 UTC 2020 /home/travis/build/icyphy/ptII/ptolemy/domains/continuous/test/auto/ContinuousInDEInContinuous3.xml
----------------- Instantiating /home/travis/build/icyphy/ptII/ptolemy/domains/continuous/test/auto/ContinuousInDEInContinuous3.xml
42 ms. Memory: 284672K Free: 181929K (64%)
----------------- Invoking toplevel() on ptolemy.moml.MoMLSimpleApplication@6c8041fb
----------------- Done invoking toplevel() on ptolemy.moml.MoMLSimpleApplication@6c8041fb
reloadAllAccessors: .ContinuousInDEInContinuous3

===========================================================================================
----------------- testing Fri Jan 31 06:49:31 UTC 2020 /home/travis/build/icyphy/ptII/ptolemy/domains/continuous/test/auto/ContinuousInDEInput.xml
----------------- Instantiating /home/travis/build/icyphy/ptII/ptolemy/domains/continuous/test/auto/ContinuousInDEInput.xml
14 ms. Memory: 284672K Free: 174761K (61%)
----------------- Invoking toplevel() on ptolemy.moml.MoMLSimpleApplication@2246a4a4
----------------- Done invoking toplevel() on ptolemy.moml.MoMLSimpleApplication@2246a4a4
reloadAllAccessors: .ContinuousInDEInput

===========================================================================================
----------------- testing Fri Jan 31 06:49:31 UTC 2020 /home/travis/build/icyphy/ptII/ptolemy/domains/continuous/test/auto/ContinuousInDEInput2.xml
----------------- Instantiating /home/travis/build/icyphy/ptII/ptolemy/domains/continuous/test/auto/ContinuousInDEInput2.xml
12 ms. Memory: 284672K Free: 167593K (59%)
----------------- Invoking toplevel() on ptolemy.moml.MoMLSimpleApplication@6370a4f8
----------------- Done invoking toplevel() on ptolemy.moml.MoMLSimpleApplication@6370a4f8
reloadAllAccessors: .ContinuousInDEInput2

===========================================================================================
----------------- testing Fri Jan 31 06:49:31 UTC 2020 /home/travis/build/icyphy/ptII/ptolemy/domains/continuous/test/auto/ContinuousInDEInput3.xml
----------------- Instantiating /home/travis/build/icyphy/ptII/ptolemy/domains/continuous/test/auto/ContinuousInDEInput3.xml
13 ms. Memory: 284672K Free: 160425K (56%)
----------------- Invoking toplevel() on ptolemy.moml.MoMLSimpleApplication@64f5faf
----------------- Done invoking toplevel() on ptolemy.moml.MoMLSimpleApplication@64f5faf
reloadAllAccessors: .ContinuousInDEInput3

===========================================================================================
----------------- testing Fri Jan 31 06:49:31 UTC 2020 /home/travis/build/icyphy/ptII/ptolemy/domains/continuous/test/auto/ContinuousInDESharingRefinement.xml
----------------- Instantiating /home/travis/build/icyphy/ptII/ptolemy/domains/continuous/test/auto/ContinuousInDESharingRefinement.xml
152 ms. Memory: 284672K Free: 235318K (83%)
----------------- Invoking toplevel() on ptolemy.moml.MoMLSimpleApplication@68767b6f
----------------- Done invoking toplevel() on ptolemy.moml.MoMLSimpleApplication@68767b6f
reloadAllAccessors: .ContinuousInDESharingRefinement

===========================================================================================
----------------- testing Fri Jan 31 06:49:31 UTC 2020 /home/travis/build/icyphy/ptII/ptolemy/domains/continuous/test/auto/ContinuousInDEwithNoPorts.xml
----------------- Instantiating /home/travis/build/icyphy/ptII/ptolemy/domains/continuous/test/auto/ContinuousInDEwithNoPorts.xml
5 ms. Memory: 284672K Free: 230726K (81%)
----------------- Invoking toplevel() on ptolemy.moml.MoMLSimpleApplication@3a4bc415
----------------- Done invoking toplevel() on ptolemy.moml.MoMLSimpleApplication@3a4bc415
reloadAllAccessors: .ContinuousInDEwithNoPorts

===========================================================================================
----------------- testing Fri Jan 31 06:49:31 UTC 2020 /home/travis/build/icyphy/ptII/ptolemy/domains/continuous/test/auto/ContinuousInsideDE.xml
----------------- Instantiating /home/travis/build/icyphy/ptII/ptolemy/domains/continuous/test/auto/ContinuousInsideDE.xml
36 ms. Memory: 284672K Free: 219462K (77%)
----------------- Invoking toplevel() on ptolemy.moml.MoMLSimpleApplication@4001622f
----------------- Done invoking toplevel() on ptolemy.moml.MoMLSimpleApplication@4001622f
reloadAllAccessors: .ContinuousInsideDE

===========================================================================================
----------------- testing Fri Jan 31 06:49:31 UTC 2020 /home/travis/build/icyphy/ptII/ptolemy/domains/continuous/test/auto/ContinuousMerge1.xml
----------------- Instantiating /home/travis/build/icyphy/ptII/ptolemy/domains/continuous/test/auto/ContinuousMerge1.xml
3 ms. Memory: 284672K Free: 214852K (75%)
----------------- Invoking toplevel() on ptolemy.moml.MoMLSimpleApplication@13542f3e
----------------- Done invoking toplevel() on ptolemy.moml.MoMLSimpleApplication@13542f3e
reloadAllAccessors: .ContinuousMerge1

===========================================================================================
----------------- testing Fri Jan 31 06:49:31 UTC 2020 /home/travis/build/icyphy/ptII/ptolemy/domains/continuous/test/auto/ContinuousMerge2.xml
----------------- Instantiating /home/travis/build/icyphy/ptII/ptolemy/domains/continuous/test/auto/ContinuousMerge2.xml
16 ms. Memory: 284672K Free: 204612K (72%)
----------------- Invoking toplevel() on ptolemy.moml.MoMLSimpleApplication@2d97e7df
----------------- Done invoking toplevel() on ptolemy.moml.MoMLSimpleApplication@2d97e7df
reloadAllAccessors: .ContinuousMerge2

===========================================================================================
----------------- testing Fri Jan 31 06:49:31 UTC 2020 /home/travis/build/icyphy/ptII/ptolemy/domains/continuous/test/auto/ContinuousMerge3.xml
----------------- Instantiating /home/travis/build/icyphy/ptII/ptolemy/domains/continuous/test/auto/ContinuousMerge3.xml
44 ms. Memory: 284672K Free: 193862K (68%)
----------------- Invoking toplevel() on ptolemy.moml.MoMLSimpleApplication@13b52db6
----------------- Done invoking toplevel() on ptolemy.moml.MoMLSimpleApplication@13b52db6
reloadAllAccessors: .ContinuousMerge3

===========================================================================================
----------------- testing Fri Jan 31 06:49:31 UTC 2020 /home/travis/build/icyphy/ptII/ptolemy/domains/continuous/test/auto/ContinuousWithinContinuous.xml
----------------- Instantiating /home/travis/build/icyphy/ptII/ptolemy/domains/continuous/test/auto/ContinuousWithinContinuous.xml
37 ms. Memory: 284672K Free: 184132K (65%)
----------------- Invoking toplevel() on ptolemy.moml.MoMLSimpleApplication@6d22bc1a
----------------- Done invoking toplevel() on ptolemy.moml.MoMLSimpleApplication@6d22bc1a
reloadAllAccessors: .ContinuousWithinContinuous

===========================================================================================
----------------- testing Fri Jan 31 06:49:32 UTC 2020 /home/travis/build/icyphy/ptII/ptolemy/domains/continuous/test/auto/ContinuousWithinContinuous2.xml
----------------- Instantiating /home/travis/build/icyphy/ptII/ptolemy/domains/continuous/test/auto/ContinuousWithinContinuous2.xml
66 ms. Memory: 284672K Free: 172868K (61%)
----------------- Invoking toplevel() on ptolemy.moml.MoMLSimpleApplication@1614f122
----------------- Done invoking toplevel() on ptolemy.moml.MoMLSimpleApplication@1614f122
reloadAllAccessors: .ContinuousWithinContinuous2

===========================================================================================
----------------- testing Fri Jan 31 06:49:32 UTC 2020 /home/travis/build/icyphy/ptII/ptolemy/domains/continuous/test/auto/ContinuousWithinContinuous3.xml
----------------- Instantiating /home/travis/build/icyphy/ptII/ptolemy/domains/continuous/test/auto/ContinuousWithinContinuous3.xml
12 ms. Memory: 284672K Free: 166214K (58%)
----------------- Invoking toplevel() on ptolemy.moml.MoMLSimpleApplication@36f200e6
----------------- Done invoking toplevel() on ptolemy.moml.MoMLSimpleApplication@36f200e6
reloadAllAccessors: .ContinuousWithinContinuous3

===========================================================================================
----------------- testing Fri Jan 31 06:49:32 UTC 2020 /home/travis/build/icyphy/ptII/ptolemy/domains/continuous/test/auto/ContinuousWithinContinuous4.xml
----------------- Instantiating /home/travis/build/icyphy/ptII/ptolemy/domains/continuous/test/auto/ContinuousWithinContinuous4.xml
62 ms. Memory: 284672K Free: 153412K (54%)
----------------- Invoking toplevel() on ptolemy.moml.MoMLSimpleApplication@452da7fd
----------------- Done invoking toplevel() on ptolemy.moml.MoMLSimpleApplication@452da7fd
reloadAllAccessors: .ContinuousWithinContinuous4

===========================================================================================
----------------- testing Fri Jan 31 06:49:32 UTC 2020 /home/travis/build/icyphy/ptII/ptolemy/domains/continuous/test/auto/ContinuousWithinContinuous5.xml
----------------- Instantiating /home/travis/build/icyphy/ptII/ptolemy/domains/continuous/test/auto/ContinuousWithinContinuous5.xml
11 ms. Memory: 284672K Free: 146244K (51%)
----------------- Invoking toplevel() on ptolemy.moml.MoMLSimpleApplication@7039fd11
----------------- Done invoking toplevel() on ptolemy.moml.MoMLSimpleApplication@7039fd11
reloadAllAccessors: .ContinuousWithinContinuous5

===========================================================================================
----------------- testing Fri Jan 31 06:49:32 UTC 2020 /home/travis/build/icyphy/ptII/ptolemy/domains/continuous/test/auto/ContinuousWithinContinuous6.xml
----------------- Instantiating /home/travis/build/icyphy/ptII/ptolemy/domains/continuous/test/auto/ContinuousWithinContinuous6.xml
12 ms. Memory: 284672K Free: 139076K (49%)
----------------- Invoking toplevel() on ptolemy.moml.MoMLSimpleApplication@227430cb
----------------- Done invoking toplevel() on ptolemy.moml.MoMLSimpleApplication@227430cb
reloadAllAccessors: .ContinuousWithinContinuous6

===========================================================================================
----------------- testing Fri Jan 31 06:49:32 UTC 2020 /home/travis/build/icyphy/ptII/ptolemy/domains/continuous/test/auto/ContinuousWithinContinuous7.xml
----------------- Instantiating /home/travis/build/icyphy/ptII/ptolemy/domains/continuous/test/auto/ContinuousWithinContinuous7.xml
57 ms. Memory: 284672K Free: 128326K (45%)
----------------- Invoking toplevel() on ptolemy.moml.MoMLSimpleApplication@4a112e51
----------------- Done invoking toplevel() on ptolemy.moml.MoMLSimpleApplication@4a112e51
reloadAllAccessors: .ContinuousWithinContinuous7

===========================================================================================
----------------- testing Fri Jan 31 06:49:32 UTC 2020 /home/travis/build/icyphy/ptII/ptolemy/domains/continuous/test/auto/DCMotor.xml
----------------- Instantiating /home/travis/build/icyphy/ptII/ptolemy/domains/continuous/test/auto/DCMotor.xml
13260 ms. Memory: 284672K Free: 225173K (79%)
----------------- Invoking toplevel() on ptolemy.moml.MoMLSimpleApplication@4aa569a6
----------------- Done invoking toplevel() on ptolemy.moml.MoMLSimpleApplication@4aa569a6
reloadAllAccessors: .DCMotor

===========================================================================================
----------------- testing Fri Jan 31 06:49:45 UTC 2020 /home/travis/build/icyphy/ptII/ptolemy/domains/continuous/test/auto/DEInContinuous.xml
----------------- Instantiating /home/travis/build/icyphy/ptII/ptolemy/domains/continuous/test/auto/DEInContinuous.xml
16 ms. Memory: 284672K Free: 219029K (77%)
----------------- Invoking toplevel() on ptolemy.moml.MoMLSimpleApplication@7855dc5c
----------------- Done invoking toplevel() on ptolemy.moml.MoMLSimpleApplication@7855dc5c
reloadAllAccessors: .DEInContinuous

===========================================================================================
----------------- testing Fri Jan 31 06:49:45 UTC 2020 /home/travis/build/icyphy/ptII/ptolemy/domains/continuous/test/auto/DEinContinuous2.xml
----------------- Instantiating /home/travis/build/icyphy/ptII/ptolemy/domains/continuous/test/auto/DEinContinuous2.xml
7 ms. Memory: 284672K Free: 211333K (74%)
----------------- Invoking toplevel() on ptolemy.moml.MoMLSimpleApplication@5bda599f
----------------- Done invoking toplevel() on ptolemy.moml.MoMLSimpleApplication@5bda599f
reloadAllAccessors: .DEinContinuous2

===========================================================================================
----------------- testing Fri Jan 31 06:49:45 UTC 2020 /home/travis/build/icyphy/ptII/ptolemy/domains/continuous/test/auto/Derivative.xml
----------------- Instantiating /home/travis/build/icyphy/ptII/ptolemy/domains/continuous/test/auto/Derivative.xml
145 ms. Memory: 284672K Free: 181651K (64%)
----------------- Invoking toplevel() on ptolemy.moml.MoMLSimpleApplication@116cef4d
----------------- Done invoking toplevel() on ptolemy.moml.MoMLSimpleApplication@116cef4d
reloadAllAccessors: .Derivative2

===========================================================================================
----------------- testing Fri Jan 31 06:49:46 UTC 2020 /home/travis/build/icyphy/ptII/ptolemy/domains/continuous/test/auto/Derivative1.xml
----------------- Instantiating /home/travis/build/icyphy/ptII/ptolemy/domains/continuous/test/auto/Derivative1.xml
29 ms. Memory: 284672K Free: 167315K (59%)
----------------- Invoking toplevel() on ptolemy.moml.MoMLSimpleApplication@3505618
----------------- Done invoking toplevel() on ptolemy.moml.MoMLSimpleApplication@3505618
reloadAllAccessors: .Derivative1

===========================================================================================
----------------- testing Fri Jan 31 06:49:46 UTC 2020 /home/travis/build/icyphy/ptII/ptolemy/domains/continuous/test/auto/DiscreteClock.xml
----------------- Instantiating /home/travis/build/icyphy/ptII/ptolemy/domains/continuous/test/auto/DiscreteClock.xml
4 ms. Memory: 284672K Free: 162195K (57%)
----------------- Invoking toplevel() on ptolemy.moml.MoMLSimpleApplication@40e9506c
----------------- Done invoking toplevel() on ptolemy.moml.MoMLSimpleApplication@40e9506c
reloadAllAccessors: .DiscreteClock

===========================================================================================
----------------- testing Fri Jan 31 06:49:46 UTC 2020 /home/travis/build/icyphy/ptII/ptolemy/domains/continuous/test/auto/EfficiencyCurve.xml
----------------- Instantiating /home/travis/build/icyphy/ptII/ptolemy/domains/continuous/test/auto/EfficiencyCurve.xml
77 ms. Memory: 284672K Free: 152979K (54%)
----------------- Invoking toplevel() on ptolemy.moml.MoMLSimpleApplication@7a573813
----------------- Done invoking toplevel() on ptolemy.moml.MoMLSimpleApplication@7a573813
reloadAllAccessors: .EfficiencyCurve

===========================================================================================
----------------- testing Fri Jan 31 06:49:46 UTC 2020 /home/travis/build/icyphy/ptII/ptolemy/domains/continuous/test/auto/ExponentialResponse.xml
----------------- Instantiating /home/travis/build/icyphy/ptII/ptolemy/domains/continuous/test/auto/ExponentialResponse.xml
105 ms. Memory: 284672K Free: 136595K (48%)
----------------- Invoking toplevel() on ptolemy.moml.MoMLSimpleApplication@2153067c
----------------- Done invoking toplevel() on ptolemy.moml.MoMLSimpleApplication@2153067c
reloadAllAccessors: .ExponentialResponse

===========================================================================================
----------------- testing Fri Jan 31 06:49:46 UTC 2020 /home/travis/build/icyphy/ptII/ptolemy/domains/continuous/test/auto/ExponentialResponseRK45.xml
----------------- Instantiating /home/travis/build/icyphy/ptII/ptolemy/domains/continuous/test/auto/ExponentialResponseRK45.xml
23 ms. Memory: 284672K Free: 129941K (46%)
----------------- Invoking toplevel() on ptolemy.moml.MoMLSimpleApplication@6f049690
----------------- Done invoking toplevel() on ptolemy.moml.MoMLSimpleApplication@6f049690
reloadAllAccessors: .ExponentialResponseRK45

===========================================================================================
----------------- testing Fri Jan 31 06:49:46 UTC 2020 /home/travis/build/icyphy/ptII/ptolemy/domains/continuous/test/auto/Friction.xml
----------------- Instantiating /home/travis/build/icyphy/ptII/ptolemy/domains/continuous/test/auto/Friction.xml
1675 ms. Memory: 284672K Free: 201416K (71%)
----------------- Invoking toplevel() on ptolemy.moml.MoMLSimpleApplication@4ece5623
----------------- Done invoking toplevel() on ptolemy.moml.MoMLSimpleApplication@4ece5623
reloadAllAccessors: .Friction

===========================================================================================
----------------- testing Fri Jan 31 06:49:48 UTC 2020 /home/travis/build/icyphy/ptII/ptolemy/domains/continuous/test/auto/FurutaPendulum.xml
----------------- Instantiating /home/travis/build/icyphy/ptII/ptolemy/domains/continuous/test/auto/FurutaPendulum.xml
3257 ms. Memory: 284672K Free: 167702K (59%)
----------------- Invoking toplevel() on ptolemy.moml.MoMLSimpleApplication@f37df2d
----------------- Done invoking toplevel() on ptolemy.moml.MoMLSimpleApplication@f37df2d
reloadAllAccessors: .FurutaPendulum

===========================================================================================
----------------- testing Fri Jan 31 06:49:51 UTC 2020 /home/travis/build/icyphy/ptII/ptolemy/domains/continuous/test/auto/HierarchicalExecution.xml
----------------- Instantiating /home/travis/build/icyphy/ptII/ptolemy/domains/continuous/test/auto/HierarchicalExecution.xml
1794 ms. Memory: 284672K Free: 201619K (71%)
----------------- Invoking toplevel() on ptolemy.moml.MoMLSimpleApplication@54060085
----------------- Done invoking toplevel() on ptolemy.moml.MoMLSimpleApplication@54060085
reloadAllAccessors: .HierarchicalExecution

===========================================================================================
----------------- testing Fri Jan 31 06:49:53 UTC 2020 /home/travis/build/icyphy/ptII/ptolemy/domains/continuous/test/auto/HybridPlant.xml
----------------- Instantiating /home/travis/build/icyphy/ptII/ptolemy/domains/continuous/test/auto/HybridPlant.xml
531 ms. Memory: 284672K Free: 104334K (37%)
----------------- Invoking toplevel() on ptolemy.moml.MoMLSimpleApplication@3a7339f2
----------------- Done invoking toplevel() on ptolemy.moml.MoMLSimpleApplication@3a7339f2
reloadAllAccessors: .HybridPlant

===========================================================================================
----------------- testing Fri Jan 31 06:49:54 UTC 2020 /home/travis/build/icyphy/ptII/ptolemy/domains/continuous/test/auto/Hysteresis.xml
----------------- Instantiating /home/travis/build/icyphy/ptII/ptolemy/domains/continuous/test/auto/Hysteresis.xml
161 ms. Memory: 284672K Free: 209454K (74%)
----------------- Invoking toplevel() on ptolemy.moml.MoMLSimpleApplication@4381d323
----------------- Done invoking toplevel() on ptolemy.moml.MoMLSimpleApplication@4381d323
reloadAllAccessors: .Hysteresis

===========================================================================================
----------------- testing Fri Jan 31 06:49:54 UTC 2020 /home/travis/build/icyphy/ptII/ptolemy/domains/continuous/test/auto/HysteresisWithRandomDelay.xml
----------------- Instantiating /home/travis/build/icyphy/ptII/ptolemy/domains/continuous/test/auto/HysteresisWithRandomDelay.xml
175 ms. Memory: 284672K Free: 137278K (48%)
----------------- Invoking toplevel() on ptolemy.moml.MoMLSimpleApplication@1998b5bf
----------------- Done invoking toplevel() on ptolemy.moml.MoMLSimpleApplication@1998b5bf
reloadAllAccessors: .HysteresisWithRandomDelay

===========================================================================================
----------------- testing Fri Jan 31 06:49:54 UTC 2020 /home/travis/build/icyphy/ptII/ptolemy/domains/continuous/test/auto/HysteresisWithRandomLosses.xml
----------------- Instantiating /home/travis/build/icyphy/ptII/ptolemy/domains/continuous/test/auto/HysteresisWithRandomLosses.xml
2425 ms. Memory: 342016K Free: 274713K (80%)
----------------- Invoking toplevel() on ptolemy.moml.MoMLSimpleApplication@2edde1ed
----------------- Done invoking toplevel() on ptolemy.moml.MoMLSimpleApplication@2edde1ed
reloadAllAccessors: .HysteresisWithRandomLosses

===========================================================================================
----------------- testing Fri Jan 31 06:49:57 UTC 2020 /home/travis/build/icyphy/ptII/ptolemy/domains/continuous/test/auto/ImmediateTransitions.xml
----------------- Instantiating /home/travis/build/icyphy/ptII/ptolemy/domains/continuous/test/auto/ImmediateTransitions.xml
11 ms. Memory: 342016K Free: 263449K (77%)
----------------- Invoking toplevel() on ptolemy.moml.MoMLSimpleApplication@4c1e75df
----------------- Done invoking toplevel() on ptolemy.moml.MoMLSimpleApplication@4c1e75df
reloadAllAccessors: .ImmediateTransitions

===========================================================================================
----------------- testing Fri Jan 31 06:49:57 UTC 2020 /home/travis/build/icyphy/ptII/ptolemy/domains/continuous/test/auto/ImpulseFeedback.xml
----------------- Instantiating /home/travis/build/icyphy/ptII/ptolemy/domains/continuous/test/auto/ImpulseFeedback.xml
8 ms. Memory: 342016K Free: 257815K (75%)
----------------- Invoking toplevel() on ptolemy.moml.MoMLSimpleApplication@72db4e26
----------------- Done invoking toplevel() on ptolemy.moml.MoMLSimpleApplication@72db4e26
reloadAllAccessors: .ImpulseFeedback

===========================================================================================
----------------- testing Fri Jan 31 06:49:57 UTC 2020 /home/travis/build/icyphy/ptII/ptolemy/domains/continuous/test/auto/ImpulseFeedback2.xml
----------------- Instantiating /home/travis/build/icyphy/ptII/ptolemy/domains/continuous/test/auto/ImpulseFeedback2.xml
6 ms. Memory: 342016K Free: 252185K (74%)
----------------- Invoking toplevel() on ptolemy.moml.MoMLSimpleApplication@16253923
----------------- Done invoking toplevel() on ptolemy.moml.MoMLSimpleApplication@16253923
reloadAllAccessors: .ImpulseFeedback2

===========================================================================================
----------------- testing Fri Jan 31 06:49:57 UTC 2020 /home/travis/build/icyphy/ptII/ptolemy/domains/continuous/test/auto/IncreasingRatePoisson.xml
----------------- Instantiating /home/travis/build/icyphy/ptII/ptolemy/domains/continuous/test/auto/IncreasingRatePoisson.xml
712 ms. Memory: 342016K Free: 156774K (46%)
----------------- Invoking toplevel() on ptolemy.moml.MoMLSimpleApplication@406ce58a
----------------- Done invoking toplevel() on ptolemy.moml.MoMLSimpleApplication@406ce58a
reloadAllAccessors: .IncreasingRatePoisson

===========================================================================================
----------------- testing Fri Jan 31 06:49:58 UTC 2020 /home/travis/build/icyphy/ptII/ptolemy/domains/continuous/test/auto/InitialStateFeedback.xml
----------------- Instantiating /home/travis/build/icyphy/ptII/ptolemy/domains/continuous/test/auto/InitialStateFeedback.xml
7 ms. Memory: 342016K Free: 152164K (44%)
----------------- Invoking toplevel() on ptolemy.moml.MoMLSimpleApplication@28c6d0ae
----------------- Done invoking toplevel() on ptolemy.moml.MoMLSimpleApplication@28c6d0ae
reloadAllAccessors: .InitialStateFeedback

===========================================================================================
----------------- testing Fri Jan 31 06:49:58 UTC 2020 /home/travis/build/icyphy/ptII/ptolemy/domains/continuous/test/auto/Integration.xml
----------------- Instantiating /home/travis/build/icyphy/ptII/ptolemy/domains/continuous/test/auto/Integration.xml
2 ms. Memory: 342016K Free: 148068K (43%)
----------------- Invoking toplevel() on ptolemy.moml.MoMLSimpleApplication@3f14cb20
----------------- Done invoking toplevel() on ptolemy.moml.MoMLSimpleApplication@3f14cb20
reloadAllAccessors: .Integration

===========================================================================================
----------------- testing Fri Jan 31 06:49:58 UTC 2020 /home/travis/build/icyphy/ptII/ptolemy/domains/continuous/test/auto/Integration2.xml
----------------- Instantiating /home/travis/build/icyphy/ptII/ptolemy/domains/continuous/test/auto/Integration2.xml
68 ms. Memory: 342016K Free: 133222K (39%)
----------------- Invoking toplevel() on ptolemy.moml.MoMLSimpleApplication@407b0a84
----------------- Done invoking toplevel() on ptolemy.moml.MoMLSimpleApplication@407b0a84
reloadAllAccessors: .Integration2

===========================================================================================
----------------- testing Fri Jan 31 06:49:58 UTC 2020 /home/travis/build/icyphy/ptII/ptolemy/domains/continuous/test/auto/Integration3.xml
----------------- Instantiating /home/travis/build/icyphy/ptII/ptolemy/domains/continuous/test/auto/Integration3.xml
2 ms. Memory: 342016K Free: 128598K (38%)
----------------- Invoking toplevel() on ptolemy.moml.MoMLSimpleApplication@17067736
----------------- Done invoking toplevel() on ptolemy.moml.MoMLSimpleApplication@17067736
reloadAllAccessors: .Integration3

===========================================================================================
----------------- testing Fri Jan 31 06:49:58 UTC 2020 /home/travis/build/icyphy/ptII/ptolemy/domains/continuous/test/auto/Integration5.xml
----------------- Instantiating /home/travis/build/icyphy/ptII/ptolemy/domains/continuous/test/auto/Integration5.xml
2 ms. Memory: 342016K Free: 124516K (36%)
----------------- Invoking toplevel() on ptolemy.moml.MoMLSimpleApplication@66fe1c26
----------------- Done invoking toplevel() on ptolemy.moml.MoMLSimpleApplication@66fe1c26
reloadAllAccessors: .Integration5

===========================================================================================
----------------- testing Fri Jan 31 06:49:58 UTC 2020 /home/travis/build/icyphy/ptII/ptolemy/domains/continuous/test/auto/IntegratorImpulse.xml
----------------- Instantiating /home/travis/build/icyphy/ptII/ptolemy/domains/continuous/test/auto/IntegratorImpulse.xml
2 ms. Memory: 342016K Free: 324404K (95%)
----------------- Invoking toplevel() on ptolemy.moml.MoMLSimpleApplication@12a14007
----------------- Done invoking toplevel() on ptolemy.moml.MoMLSimpleApplication@12a14007
reloadAllAccessors: .IntegratorImpulse

===========================================================================================
----------------- testing Fri Jan 31 06:49:58 UTC 2020 /home/travis/build/icyphy/ptII/ptolemy/domains/continuous/test/auto/IntegratorImpulse2.xml
----------------- Instantiating /home/travis/build/icyphy/ptII/ptolemy/domains/continuous/test/auto/IntegratorImpulse2.xml
5 ms. Memory: 342016K Free: 319812K (94%)
----------------- Invoking toplevel() on ptolemy.moml.MoMLSimpleApplication@92a7469
----------------- Done invoking toplevel() on ptolemy.moml.MoMLSimpleApplication@92a7469
reloadAllAccessors: .IntegratorImpulse2

===========================================================================================
----------------- testing Fri Jan 31 06:49:58 UTC 2020 /home/travis/build/icyphy/ptII/ptolemy/domains/continuous/test/auto/LevelCrossing1.xml
----------------- Instantiating /home/travis/build/icyphy/ptII/ptolemy/domains/continuous/test/auto/LevelCrossing1.xml
6 ms. Memory: 342016K Free: 314692K (92%)
----------------- Invoking toplevel() on ptolemy.moml.MoMLSimpleApplication@61f8a2cc
----------------- Done invoking toplevel() on ptolemy.moml.MoMLSimpleApplication@61f8a2cc
reloadAllAccessors: .LevelCrossing1

===========================================================================================
----------------- testing Fri Jan 31 06:49:58 UTC 2020 /home/travis/build/icyphy/ptII/ptolemy/domains/continuous/test/auto/LevelCrossing2.xml
----------------- Instantiating /home/travis/build/icyphy/ptII/ptolemy/domains/continuous/test/auto/LevelCrossing2.xml
3 ms. Memory: 342016K Free: 309572K (91%)
----------------- Invoking toplevel() on ptolemy.moml.MoMLSimpleApplication@6f25537b
----------------- Done invoking toplevel() on ptolemy.moml.MoMLSimpleApplication@6f25537b
reloadAllAccessors: .LevelCrossing2

===========================================================================================
----------------- testing Fri Jan 31 06:49:58 UTC 2020 /home/travis/build/icyphy/ptII/ptolemy/domains/continuous/test/auto/LevelCrossing3.xml
----------------- Instantiating /home/travis/build/icyphy/ptII/ptolemy/domains/continuous/test/auto/LevelCrossing3.xml
2 ms. Memory: 342016K Free: 304452K (89%)
----------------- Invoking toplevel() on ptolemy.moml.MoMLSimpleApplication@2a69504d
----------------- Done invoking toplevel() on ptolemy.moml.MoMLSimpleApplication@2a69504d
reloadAllAccessors: .LevelCrossing3

===========================================================================================
----------------- testing Fri Jan 31 06:49:58 UTC 2020 /home/travis/build/icyphy/ptII/ptolemy/domains/continuous/test/auto/LevelCrossing4.xml
----------------- Instantiating /home/travis/build/icyphy/ptII/ptolemy/domains/continuous/test/auto/LevelCrossing4.xml
3 ms. Memory: 342016K Free: 299332K (88%)
----------------- Invoking toplevel() on ptolemy.moml.MoMLSimpleApplication@36f48b4d
----------------- Done invoking toplevel() on ptolemy.moml.MoMLSimpleApplication@36f48b4d
reloadAllAccessors: .LevelCrossing4

===========================================================================================
----------------- testing Fri Jan 31 06:49:58 UTC 2020 /home/travis/build/icyphy/ptII/ptolemy/domains/continuous/test/auto/LevelCrossing5.xml
----------------- Instantiating /home/travis/build/icyphy/ptII/ptolemy/domains/continuous/test/auto/LevelCrossing5.xml
3 ms. Memory: 342016K Free: 294212K (86%)
----------------- Invoking toplevel() on ptolemy.moml.MoMLSimpleApplication@348be618
----------------- Done invoking toplevel() on ptolemy.moml.MoMLSimpleApplication@348be618
reloadAllAccessors: .LevelCrossing5

===========================================================================================
[...]
----------------- Done invoking toplevel() on ptolemy.moml.MoMLSimpleApplication@de18364
reloadAllAccessors: .ResetTransitionWithStartTime6

===========================================================================================
----------------- testing Fri Jan 31 06:50:14 UTC 2020 /home/travis/build/icyphy/ptII/ptolemy/domains/continuous/test/auto/SRinContinuous.xml
----------------- Instantiating /home/travis/build/icyphy/ptII/ptolemy/domains/continuous/test/auto/SRinContinuous.xml
5 ms. Memory: 342016K Free: 131049K (38%)
----------------- Invoking toplevel() on ptolemy.moml.MoMLSimpleApplication@9584281
----------------- Done invoking toplevel() on ptolemy.moml.MoMLSimpleApplication@9584281
reloadAllAccessors: .SRinContinuous

===========================================================================================
----------------- testing Fri Jan 31 06:50:14 UTC 2020 /home/travis/build/icyphy/ptII/ptolemy/domains/continuous/test/auto/SampledClocks.xml
----------------- Instantiating /home/travis/build/icyphy/ptII/ptolemy/domains/continuous/test/auto/SampledClocks.xml
8 ms. Memory: 342016K Free: 322177K (94%)
----------------- Invoking toplevel() on ptolemy.moml.MoMLSimpleApplication@1a51c29f
----------------- Done invoking toplevel() on ptolemy.moml.MoMLSimpleApplication@1a51c29f
reloadAllAccessors: .SampledClocks

===========================================================================================
----------------- testing Fri Jan 31 06:50:14 UTC 2020 /home/travis/build/icyphy/ptII/ptolemy/domains/continuous/test/auto/Satellite.xml
----------------- Instantiating /home/travis/build/icyphy/ptII/ptolemy/domains/continuous/test/auto/Satellite.xml
651 ms. Memory: 342016K Free: 320070K (94%)
----------------- Invoking toplevel() on ptolemy.moml.MoMLSimpleApplication@c5905f3
----------------- Done invoking toplevel() on ptolemy.moml.MoMLSimpleApplication@c5905f3
reloadAllAccessors: .Satellite

===========================================================================================
----------------- testing Fri Jan 31 06:50:15 UTC 2020 /home/travis/build/icyphy/ptII/ptolemy/domains/continuous/test/auto/SigmaDelta.xml
----------------- Instantiating /home/travis/build/icyphy/ptII/ptolemy/domains/continuous/test/auto/SigmaDelta.xml
2151 ms. Memory: 342016K Free: 256184K (75%)
----------------- Invoking toplevel() on ptolemy.moml.MoMLSimpleApplication@4879ae77
----------------- Done invoking toplevel() on ptolemy.moml.MoMLSimpleApplication@4879ae77
reloadAllAccessors: .SigmaDelta

===========================================================================================
----------------- testing Fri Jan 31 06:50:17 UTC 2020 /home/travis/build/icyphy/ptII/ptolemy/domains/continuous/test/auto/SingleRefinement.xml
----------------- Instantiating /home/travis/build/icyphy/ptII/ptolemy/domains/continuous/test/auto/SingleRefinement.xml
311 ms. Memory: 342016K Free: 273134K (80%)
----------------- Invoking toplevel() on ptolemy.moml.MoMLSimpleApplication@4462db3
----------------- Done invoking toplevel() on ptolemy.moml.MoMLSimpleApplication@4462db3
reloadAllAccessors: .SingleRefinement

===========================================================================================
----------------- testing Fri Jan 31 06:50:18 UTC 2020 /home/travis/build/icyphy/ptII/ptolemy/domains/continuous/test/auto/SinuBouncingBall.xml
----------------- Instantiating /home/travis/build/icyphy/ptII/ptolemy/domains/continuous/test/auto/SinuBouncingBall.xml
805 ms. Memory: 342016K Free: 252758K (74%)
----------------- Invoking toplevel() on ptolemy.moml.MoMLSimpleApplication@7fdb6d14
----------------- Done invoking toplevel() on ptolemy.moml.MoMLSimpleApplication@7fdb6d14
reloadAllAccessors: .SinuBouncingBall

===========================================================================================
----------------- testing Fri Jan 31 06:50:18 UTC 2020 /home/travis/build/icyphy/ptII/ptolemy/domains/continuous/test/auto/Sinusoid.xml
----------------- Instantiating /home/travis/build/icyphy/ptII/ptolemy/domains/continuous/test/auto/Sinusoid.xml
4 ms. Memory: 342016K Free: 248166K (73%)
----------------- Invoking toplevel() on ptolemy.moml.MoMLSimpleApplication@4b70cf3e
----------------- Done invoking toplevel() on ptolemy.moml.MoMLSimpleApplication@4b70cf3e
reloadAllAccessors: .Sinusoid

===========================================================================================
----------------- testing Fri Jan 31 06:50:19 UTC 2020 /home/travis/build/icyphy/ptII/ptolemy/domains/continuous/test/auto/SinusoidInNoise.xml
----------------- Instantiating /home/travis/build/icyphy/ptII/ptolemy/domains/continuous/test/auto/SinusoidInNoise.xml
830 ms. Memory: 342016K Free: 312038K (91%)
----------------- Invoking toplevel() on ptolemy.moml.MoMLSimpleApplication@1e351d7c
----------------- Done invoking toplevel() on ptolemy.moml.MoMLSimpleApplication@1e351d7c
reloadAllAccessors: .SinusoidInNoise

===========================================================================================
----------------- testing Fri Jan 31 06:50:19 UTC 2020 /home/travis/build/icyphy/ptII/ptolemy/domains/continuous/test/auto/SinusoidRK45.xml
----------------- Instantiating /home/travis/build/icyphy/ptII/ptolemy/domains/continuous/test/auto/SinusoidRK45.xml
2 ms. Memory: 342016K Free: 307432K (90%)
----------------- Invoking toplevel() on ptolemy.moml.MoMLSimpleApplication@4a86c095
----------------- Done invoking toplevel() on ptolemy.moml.MoMLSimpleApplication@4a86c095
reloadAllAccessors: .SinusoidRK45

===========================================================================================
----------------- testing Fri Jan 31 06:50:19 UTC 2020 /home/travis/build/icyphy/ptII/ptolemy/domains/continuous/test/auto/SinusoidWithMultipleImpulses.xml
----------------- Instantiating /home/travis/build/icyphy/ptII/ptolemy/domains/continuous/test/auto/SinusoidWithMultipleImpulses.xml
3 ms. Memory: 342016K Free: 302822K (89%)
----------------- Invoking toplevel() on ptolemy.moml.MoMLSimpleApplication@60e9496a
----------------- Done invoking toplevel() on ptolemy.moml.MoMLSimpleApplication@60e9496a
reloadAllAccessors: .SinusoidWithMultipleImpulses

===========================================================================================
----------------- testing Fri Jan 31 06:50:19 UTC 2020 /home/travis/build/icyphy/ptII/ptolemy/domains/continuous/test/auto/SquareWave.xml
----------------- Instantiating /home/travis/build/icyphy/ptII/ptolemy/domains/continuous/test/auto/SquareWave.xml
120 ms. Memory: 342016K Free: 275174K (80%)
----------------- Invoking toplevel() on ptolemy.moml.MoMLSimpleApplication@4323e29c
----------------- Done invoking toplevel() on ptolemy.moml.MoMLSimpleApplication@4323e29c
reloadAllAccessors: .SquareWave

===========================================================================================
----------------- testing Fri Jan 31 06:50:20 UTC 2020 /home/travis/build/icyphy/ptII/ptolemy/domains/continuous/test/auto/Starmac.xml
----------------- Instantiating /home/travis/build/icyphy/ptII/ptolemy/domains/continuous/test/auto/Starmac.xml
3061 ms. Memory: 342016K Free: 157946K (46%)
----------------- Invoking toplevel() on ptolemy.moml.MoMLSimpleApplication@1ab7cd54
----------------- Done invoking toplevel() on ptolemy.moml.MoMLSimpleApplication@1ab7cd54
reloadAllAccessors: .Starmac

===========================================================================================
----------------- testing Fri Jan 31 06:50:23 UTC 2020 /home/travis/build/icyphy/ptII/ptolemy/domains/continuous/test/auto/StaticUnits.xml
----------------- Instantiating /home/travis/build/icyphy/ptII/ptolemy/domains/continuous/test/auto/StaticUnits.xml
1724 ms. Memory: 342016K Free: 286908K (84%)
----------------- Invoking toplevel() on ptolemy.moml.MoMLSimpleApplication@6e5c4870
----------------- Done invoking toplevel() on ptolemy.moml.MoMLSimpleApplication@6e5c4870
reloadAllAccessors: .StaticUnits

===========================================================================================
----------------- testing Fri Jan 31 06:50:25 UTC 2020 /home/travis/build/icyphy/ptII/ptolemy/domains/continuous/test/auto/StickyMasses.xml
----------------- Instantiating /home/travis/build/icyphy/ptII/ptolemy/domains/continuous/test/auto/StickyMasses.xml
127 ms. Memory: 342016K Free: 236725K (69%)
----------------- Invoking toplevel() on ptolemy.moml.MoMLSimpleApplication@7638a02
----------------- Done invoking toplevel() on ptolemy.moml.MoMLSimpleApplication@7638a02
reloadAllAccessors: .StickyMasses

===========================================================================================
----------------- testing Fri Jan 31 06:50:25 UTC 2020 /home/travis/build/icyphy/ptII/ptolemy/domains/continuous/test/auto/StopTime.xml
----------------- Instantiating /home/travis/build/icyphy/ptII/ptolemy/domains/continuous/test/auto/StopTime.xml
40 ms. Memory: 342016K Free: 211132K (62%)
----------------- Invoking toplevel() on ptolemy.moml.MoMLSimpleApplication@2391c980
----------------- Done invoking toplevel() on ptolemy.moml.MoMLSimpleApplication@2391c980
reloadAllAccessors: .StopTime

===========================================================================================
----------------- testing Fri Jan 31 06:50:26 UTC 2020 /home/travis/build/icyphy/ptII/ptolemy/domains/continuous/test/auto/StopTime2.xml
----------------- Instantiating /home/travis/build/icyphy/ptII/ptolemy/domains/continuous/test/auto/StopTime2.xml
39 ms. Memory: 342016K Free: 189118K (55%)
----------------- Invoking toplevel() on ptolemy.moml.MoMLSimpleApplication@6c9fdb49
----------------- Done invoking toplevel() on ptolemy.moml.MoMLSimpleApplication@6c9fdb49
reloadAllAccessors: .StopTime2

===========================================================================================
----------------- testing Fri Jan 31 06:50:26 UTC 2020 /home/travis/build/icyphy/ptII/ptolemy/domains/continuous/test/auto/Switch.xml
----------------- Instantiating /home/travis/build/icyphy/ptII/ptolemy/domains/continuous/test/auto/Switch.xml
35 ms. Memory: 342016K Free: 163518K (48%)
----------------- Invoking toplevel() on ptolemy.moml.MoMLSimpleApplication@56a1a594
----------------- Done invoking toplevel() on ptolemy.moml.MoMLSimpleApplication@56a1a594
reloadAllAccessors: .Switch

===========================================================================================
----------------- testing Fri Jan 31 06:50:26 UTC 2020 /home/travis/build/icyphy/ptII/ptolemy/domains/continuous/test/auto/Thermostat.xml
----------------- Instantiating /home/travis/build/icyphy/ptII/ptolemy/domains/continuous/test/auto/Thermostat.xml
183 ms. Memory: 342016K Free: 289907K (85%)
----------------- Invoking toplevel() on ptolemy.moml.MoMLSimpleApplication@25f0a45f
----------------- Done invoking toplevel() on ptolemy.moml.MoMLSimpleApplication@25f0a45f
reloadAllAccessors: .Thermostat

===========================================================================================
----------------- testing Fri Jan 31 06:50:26 UTC 2020 /home/travis/build/icyphy/ptII/ptolemy/domains/continuous/test/auto/TimeDelay.xml
----------------- Instantiating /home/travis/build/icyphy/ptII/ptolemy/domains/continuous/test/auto/TimeDelay.xml
6 ms. Memory: 342016K Free: 284795K (83%)
----------------- Invoking toplevel() on ptolemy.moml.MoMLSimpleApplication@9f33790
----------------- Done invoking toplevel() on ptolemy.moml.MoMLSimpleApplication@9f33790
reloadAllAccessors: .TimeDelay

===========================================================================================
----------------- testing Fri Jan 31 06:50:26 UTC 2020 /home/travis/build/icyphy/ptII/ptolemy/domains/continuous/test/auto/TimeDelay2.xml
----------------- Instantiating /home/travis/build/icyphy/ptII/ptolemy/domains/continuous/test/auto/TimeDelay2.xml
12 ms. Memory: 342016K Free: 275076K (80%)
----------------- Invoking toplevel() on ptolemy.moml.MoMLSimpleApplication@64984886
----------------- Done invoking toplevel() on ptolemy.moml.MoMLSimpleApplication@64984886
reloadAllAccessors: .TimeDelay2

===========================================================================================
----------------- testing Fri Jan 31 06:50:26 UTC 2020 /home/travis/build/icyphy/ptII/ptolemy/domains/continuous/test/auto/TimeDelay3.xml
----------------- Instantiating /home/travis/build/icyphy/ptII/ptolemy/domains/continuous/test/auto/TimeDelay3.xml
5 ms. Memory: 342016K Free: 270433K (79%)
----------------- Invoking toplevel() on ptolemy.moml.MoMLSimpleApplication@396794db
----------------- Done invoking toplevel() on ptolemy.moml.MoMLSimpleApplication@396794db
reloadAllAccessors: .TimeDelay3

===========================================================================================
----------------- testing Fri Jan 31 06:50:26 UTC 2020 /home/travis/build/icyphy/ptII/ptolemy/domains/continuous/test/auto/TransferAbsentToInside.xml
----------------- Instantiating /home/travis/build/icyphy/ptII/ptolemy/domains/continuous/test/auto/TransferAbsentToInside.xml
27 ms. Memory: 342016K Free: 218242K (64%)
----------------- Invoking toplevel() on ptolemy.moml.MoMLSimpleApplication@6e9129ad
----------------- Done invoking toplevel() on ptolemy.moml.MoMLSimpleApplication@6e9129ad
reloadAllAccessors: .TransferAbsentToInside

===========================================================================================
----------------- testing Fri Jan 31 06:50:26 UTC 2020 /home/travis/build/icyphy/ptII/ptolemy/domains/continuous/test/auto/Transmission.xml
----------------- Instantiating /home/travis/build/icyphy/ptII/ptolemy/domains/continuous/test/auto/Transmission.xml
786 ms. Memory: 342016K Free: 181889K (53%)
----------------- Invoking toplevel() on ptolemy.moml.MoMLSimpleApplication@12fab194
----------------- Done invoking toplevel() on ptolemy.moml.MoMLSimpleApplication@12fab194
reloadAllAccessors: .Transmission

===========================================================================================
----------------- testing Fri Jan 31 06:50:27 UTC 2020 /home/travis/build/icyphy/ptII/ptolemy/domains/continuous/test/auto/TriggeredContinuousClock.xml
----------------- Instantiating /home/travis/build/icyphy/ptII/ptolemy/domains/continuous/test/auto/TriggeredContinuousClock.xml
42 ms. Memory: 342016K Free: 152193K (44%)
----------------- Invoking toplevel() on ptolemy.moml.MoMLSimpleApplication@59afbe3f
----------------- Done invoking toplevel() on ptolemy.moml.MoMLSimpleApplication@59afbe3f
reloadAllAccessors: .TriggeredContinuousClock

===========================================================================================
----------------- testing Fri Jan 31 06:50:27 UTC 2020 /home/travis/build/icyphy/ptII/ptolemy/domains/continuous/test/auto/TwoMachineInfiniteBusControl.xml
----------------- Instantiating /home/travis/build/icyphy/ptII/ptolemy/domains/continuous/test/auto/TwoMachineInfiniteBusControl.xml
2584 ms. Memory: 342016K Free: 134240K (39%)
----------------- Invoking toplevel() on ptolemy.moml.MoMLSimpleApplication@2aeb3b2a
----------------- Done invoking toplevel() on ptolemy.moml.MoMLSimpleApplication@2aeb3b2a
reloadAllAccessors: .TwoMachineInfiniteBusControl

===========================================================================================
----------------- testing Fri Jan 31 06:50:30 UTC 2020 /home/travis/build/icyphy/ptII/ptolemy/domains/continuous/test/auto/V2V.xml
----------------- Instantiating /home/travis/build/icyphy/ptII/ptolemy/domains/continuous/test/auto/V2V.xml
732 ms. Memory: 410624K Free: 209985K (51%)
----------------- Invoking toplevel() on ptolemy.moml.MoMLSimpleApplication@1f36273
----------------- Done invoking toplevel() on ptolemy.moml.MoMLSimpleApplication@1f36273
reloadAllAccessors: .V2V

===========================================================================================
----------------- testing Fri Jan 31 06:50:30 UTC 2020 /home/travis/build/icyphy/ptII/ptolemy/domains/continuous/test/auto/hierarchicalModalModel.xml
----------------- Instantiating /home/travis/build/icyphy/ptII/ptolemy/domains/continuous/test/auto/hierarchicalModalModel.xml
8 ms. Memory: 410624K Free: 196145K (48%)
----------------- Invoking toplevel() on ptolemy.moml.MoMLSimpleApplication@57537615
----------------- Done invoking toplevel() on ptolemy.moml.MoMLSimpleApplication@57537615
reloadAllAccessors: .hierarchicalModalModel

===========================================================================================
----------------- testing Fri Jan 31 06:50:31 UTC 2020 /home/travis/build/icyphy/ptII/ptolemy/domains/continuous/test/auto/hierarchicalModalModel1.xml
----------------- Instantiating /home/travis/build/icyphy/ptII/ptolemy/domains/continuous/test/auto/hierarchicalModalModel1.xml
8 ms. Memory: 410624K Free: 181823K (44%)
----------------- Invoking toplevel() on ptolemy.moml.MoMLSimpleApplication@37b2405c
----------------- Done invoking toplevel() on ptolemy.moml.MoMLSimpleApplication@37b2405c
reloadAllAccessors: .hierarchicalModalModel1

===========================================================================================
----------------- testing Fri Jan 31 06:50:31 UTC 2020 /home/travis/build/icyphy/ptII/ptolemy/domains/continuous/test/auto/hierarchicalModalModel2.xml
----------------- Instantiating /home/travis/build/icyphy/ptII/ptolemy/domains/continuous/test/auto/hierarchicalModalModel2.xml
9 ms. Memory: 410624K Free: 169521K (41%)
----------------- Invoking toplevel() on ptolemy.moml.MoMLSimpleApplication@6139f23
----------------- Done invoking toplevel() on ptolemy.moml.MoMLSimpleApplication@6139f23
reloadAllAccessors: .hierarchicalModalModel2

===========================================================================================
----------------- testing Fri Jan 31 06:50:31 UTC 2020 /home/travis/build/icyphy/ptII/ptolemy/domains/continuous/test/auto/hierarchicalModalModel3.xml
----------------- Instantiating /home/travis/build/icyphy/ptII/ptolemy/domains/continuous/test/auto/hierarchicalModalModel3.xml
8 ms. Memory: 410624K Free: 158785K (39%)
----------------- Invoking toplevel() on ptolemy.moml.MoMLSimpleApplication@26fde126
----------------- Done invoking toplevel() on ptolemy.moml.MoMLSimpleApplication@26fde126
reloadAllAccessors: .hierarchicalModalModel3

===========================================================================================
----------------- testing Fri Jan 31 06:50:31 UTC 2020 /home/travis/build/icyphy/ptII/ptolemy/domains/continuous/test/auto/hierarchicalModalModel4.xml
----------------- Instantiating /home/travis/build/icyphy/ptII/ptolemy/domains/continuous/test/auto/hierarchicalModalModel4.xml
15 ms. Memory: 410624K Free: 387128K (94%)
----------------- Invoking toplevel() on ptolemy.moml.MoMLSimpleApplication@29f88cc9
----------------- Done invoking toplevel() on ptolemy.moml.MoMLSimpleApplication@29f88cc9
reloadAllAccessors: .hierarchicalModalModel4

===========================================================================================
----------------- testing Fri Jan 31 06:50:31 UTC 2020 /home/travis/build/icyphy/ptII/ptolemy/domains/continuous/test/auto/junk.xml
----------------- Instantiating /home/travis/build/icyphy/ptII/ptolemy/domains/continuous/test/auto/junk.xml
118 ms. Memory: 410624K Free: 357946K (87%)
----------------- Invoking toplevel() on ptolemy.moml.MoMLSimpleApplication@1a5f391
----------------- Done invoking toplevel() on ptolemy.moml.MoMLSimpleApplication@1a5f391
reloadAllAccessors: .junk
AutoTests.java: About to close Vertx.
AutoTests.java: Vertx closed.
]]></system-out>
  <system-err><![CDATA[Warning: '.IncreasingRatePoisson.NonStrictTest' The test produced only 382 tokens, yet the correctValues parameter was expecting 402 tokens.
Warning: '.Poisson.NonStrictTest' The test produced only 368 tokens, yet the correctValues parameter was expecting 430 tokens.
]]></system-err>
</testsuite>
