<?xml version="1.0" encoding="UTF-8" ?>
<testsuite errors="0" failures="0" hostname="travis-job-5b037297-957b-49b2-971f-10a795903a98" name="ptolemy.domains.sdf.test.junit.JUnitTclTest" skipped="0" tests="66" time="21.064" timestamp="2019-11-14T06:51:34">
  <properties>
[...]
</properties>
  <testcase classname="ptolemy.util.test.junit.TclTests" name="[0] /home/travis/build/icyphy/ptII/ptolemy/domains/sdf/test/SDFSchedulerErrors.tcl (RunTclFile)" time="1.0" />
  <testcase classname="ptolemy.util.test.junit.TclTests" name="[1] /home/travis/build/icyphy/ptII/ptolemy/domains/sdf/test/composition.tcl (RunTclFile)" time="0.193" />
  <testcase classname="ptolemy.util.test.junit.TclTests" name="[2] /home/travis/build/icyphy/ptII/ptolemy/domains/sdf/test/cycle.tcl (RunTclFile)" time="0.08" />
  <testcase classname="ptolemy.util.test.junit.AutoKnownFailedTests" name="[0] ThereAreNoKnowFailedTests (RunModel)" time="0.006" />
  <testcase classname="ptolemy.util.test.junit.AutoNameArchTests" name="[0] ThereAreNoAutoArchTests (RunModel)" time="0.002" />
  <testcase classname="ptolemy.util.test.junit.AutoTests" name="[0] /home/travis/build/icyphy/ptII/ptolemy/domains/sdf/test/auto/Array.xml (RunModel)" time="0.345" />
  <testcase classname="ptolemy.util.test.junit.AutoTests" name="[1] /home/travis/build/icyphy/ptII/ptolemy/domains/sdf/test/auto/Butterfly.xml (RunModel)" time="0.137" />
  <testcase classname="ptolemy.util.test.junit.AutoTests" name="[2] /home/travis/build/icyphy/ptII/ptolemy/domains/sdf/test/auto/Expression.xml (RunModel)" time="0.122" />
  <testcase classname="ptolemy.util.test.junit.AutoTests" name="[3] /home/travis/build/icyphy/ptII/ptolemy/domains/sdf/test/auto/Eye.xml (RunModel)" time="0.237" />
  <testcase classname="ptolemy.util.test.junit.AutoTests" name="[4] /home/travis/build/icyphy/ptII/ptolemy/domains/sdf/test/auto/FixFIR.xml (RunModel)" time="0.421" />
  <testcase classname="ptolemy.util.test.junit.AutoTests" name="[5] /home/travis/build/icyphy/ptII/ptolemy/domains/sdf/test/auto/FixPoint.xml (RunModel)" time="0.033" />
  <testcase classname="ptolemy.util.test.junit.AutoTests" name="[6] /home/travis/build/icyphy/ptII/ptolemy/domains/sdf/test/auto/Gravitation.xml (RunModel)" time="3.254" />
  <testcase classname="ptolemy.util.test.junit.AutoTests" name="[7] /home/travis/build/icyphy/ptII/ptolemy/domains/sdf/test/auto/GravitationWithCollisionDetection.xml (RunModel)" time="6.607" />
  <testcase classname="ptolemy.util.test.junit.AutoTests" name="[8] /home/travis/build/icyphy/ptII/ptolemy/domains/sdf/test/auto/HDF.xml (RunModel)" time="0.147" />
  <testcase classname="ptolemy.util.test.junit.AutoTests" name="[9] /home/travis/build/icyphy/ptII/ptolemy/domains/sdf/test/auto/HDFwithTransientStates.xml (RunModel)" time="0.075" />
  <testcase classname="ptolemy.util.test.junit.AutoTests" name="[10] /home/travis/build/icyphy/ptII/ptolemy/domains/sdf/test/auto/HTVQ.xml (RunModel)" time="0.989" />
  <testcase classname="ptolemy.util.test.junit.AutoTests" name="[11] /home/travis/build/icyphy/ptII/ptolemy/domains/sdf/test/auto/InferInitProduction.xml (RunModel)" time="0.035" />
  <testcase classname="ptolemy.util.test.junit.AutoTests" name="[12] /home/travis/build/icyphy/ptII/ptolemy/domains/sdf/test/auto/InferInitProductionDeeper.xml (RunModel)" time="0.03" />
  <testcase classname="ptolemy.util.test.junit.AutoTests" name="[13] /home/travis/build/icyphy/ptII/ptolemy/domains/sdf/test/auto/LMSAdaptive.xml (RunModel)" time="0.106" />
  <testcase classname="ptolemy.util.test.junit.AutoTests" name="[14] /home/travis/build/icyphy/ptII/ptolemy/domains/sdf/test/auto/LogisticMap.xml (RunModel)" time="0.492" />
  <testcase classname="ptolemy.util.test.junit.AutoTests" name="[15] /home/travis/build/icyphy/ptII/ptolemy/domains/sdf/test/auto/MaximumEntropySpectrum.xml (RunModel)" time="0.249" />
  <testcase classname="ptolemy.util.test.junit.AutoTests" name="[16] /home/travis/build/icyphy/ptII/ptolemy/domains/sdf/test/auto/MultirateSDF.xml (RunModel)" time="0.066" />
  <testcase classname="ptolemy.util.test.junit.AutoTests" name="[17] /home/travis/build/icyphy/ptII/ptolemy/domains/sdf/test/auto/MultirateSDFwithTransientStates.xml (RunModel)" time="0.095" />
  <testcase classname="ptolemy.util.test.junit.AutoTests" name="[18] /home/travis/build/icyphy/ptII/ptolemy/domains/sdf/test/auto/NoisySinewave.xml (RunModel)" time="0.06" />
  <testcase classname="ptolemy.util.test.junit.AutoTests" name="[19] /home/travis/build/icyphy/ptII/ptolemy/domains/sdf/test/auto/Objects.xml (RunModel)" time="0.058" />
  <testcase classname="ptolemy.util.test.junit.AutoTests" name="[20] /home/travis/build/icyphy/ptII/ptolemy/domains/sdf/test/auto/OrthogonalCom.xml (RunModel)" time="0.064" />
  <testcase classname="ptolemy.util.test.junit.AutoTests" name="[21] /home/travis/build/icyphy/ptII/ptolemy/domains/sdf/test/auto/RijndaelEncryption.xml (RunModel)" time="0.528" />
  <testcase classname="ptolemy.util.test.junit.AutoTests" name="[22] /home/travis/build/icyphy/ptII/ptolemy/domains/sdf/test/auto/SDFEmptyIterations.xml (RunModel)" time="0.031" />
  <testcase classname="ptolemy.util.test.junit.AutoTests" name="[23] /home/travis/build/icyphy/ptII/ptolemy/domains/sdf/test/auto/Spectrum.xml (RunModel)" time="0.109" />
  <testcase classname="ptolemy.util.test.junit.AutoTests" name="[24] /home/travis/build/icyphy/ptII/ptolemy/domains/sdf/test/auto/de_inside_sdf.xml (RunModel)" time="0.022" />
  <testcase classname="ptolemy.util.test.junit.AutoTests" name="[25] /home/travis/build/icyphy/ptII/ptolemy/domains/sdf/test/auto/disconnectedHierarchicalSDF.xml (RunModel)" time="0.026" />
  <testcase classname="ptolemy.util.test.junit.AutoTests" name="[26] /home/travis/build/icyphy/ptII/ptolemy/domains/sdf/test/auto/disconnectedSDF.xml (RunModel)" time="0.02" />
  <testcase classname="ptolemy.util.test.junit.AutoTests" name="[27] /home/travis/build/icyphy/ptII/ptolemy/domains/sdf/test/auto/emptyRefinement.xml (RunModel)" time="0.023" />
  <testcase classname="ptolemy.util.test.junit.AutoTests" name="[28] /home/travis/build/icyphy/ptII/ptolemy/domains/sdf/test/auto/filePortParameter.xml (RunModel)" time="0.055" />
  <testcase classname="ptolemy.util.test.junit.AutoTests" name="[29] /home/travis/build/icyphy/ptII/ptolemy/domains/sdf/test/auto/inferRelationWidth1.xml (RunModel)" time="0.018" />
  <testcase classname="ptolemy.util.test.junit.AutoTests" name="[30] /home/travis/build/icyphy/ptII/ptolemy/domains/sdf/test/auto/initProductionInference.xml (RunModel)" time="0.023" />
  <testcase classname="ptolemy.util.test.junit.AutoTests" name="[31] /home/travis/build/icyphy/ptII/ptolemy/domains/sdf/test/auto/relationGroup.xml (RunModel)" time="0.022" />
  <testcase classname="ptolemy.util.test.junit.AutoTests" name="[32] /home/travis/build/icyphy/ptII/ptolemy/domains/sdf/test/auto/relationGroup10.xml (RunModel)" time="0.015" />
  <testcase classname="ptolemy.util.test.junit.AutoTests" name="[33] /home/travis/build/icyphy/ptII/ptolemy/domains/sdf/test/auto/relationGroup11.xml (RunModel)" time="0.015" />
  <testcase classname="ptolemy.util.test.junit.AutoTests" name="[34] /home/travis/build/icyphy/ptII/ptolemy/domains/sdf/test/auto/relationGroup12.xml (RunModel)" time="0.013" />
  <testcase classname="ptolemy.util.test.junit.AutoTests" name="[35] /home/travis/build/icyphy/ptII/ptolemy/domains/sdf/test/auto/relationGroup13.xml (RunModel)" time="0.022" />
  <testcase classname="ptolemy.util.test.junit.AutoTests" name="[36] /home/travis/build/icyphy/ptII/ptolemy/domains/sdf/test/auto/relationGroup14.xml (RunModel)" time="0.016" />
  <testcase classname="ptolemy.util.test.junit.AutoTests" name="[37] /home/travis/build/icyphy/ptII/ptolemy/domains/sdf/test/auto/relationGroup15.xml (RunModel)" time="0.015" />
  <testcase classname="ptolemy.util.test.junit.AutoTests" name="[38] /home/travis/build/icyphy/ptII/ptolemy/domains/sdf/test/auto/relationGroup2.xml (RunModel)" time="0.025" />
  <testcase classname="ptolemy.util.test.junit.AutoTests" name="[39] /home/travis/build/icyphy/ptII/ptolemy/domains/sdf/test/auto/relationGroup3.xml (RunModel)" time="0.007" />
  <testcase classname="ptolemy.util.test.junit.AutoTests" name="[40] /home/travis/build/icyphy/ptII/ptolemy/domains/sdf/test/auto/relationGroup4.xml (RunModel)" time="0.014" />
  <testcase classname="ptolemy.util.test.junit.AutoTests" name="[41] /home/travis/build/icyphy/ptII/ptolemy/domains/sdf/test/auto/relationGroup5.xml (RunModel)" time="0.014" />
  <testcase classname="ptolemy.util.test.junit.AutoTests" name="[42] /home/travis/build/icyphy/ptII/ptolemy/domains/sdf/test/auto/relationGroup6.xml (RunModel)" time="0.013" />
  <testcase classname="ptolemy.util.test.junit.AutoTests" name="[43] /home/travis/build/icyphy/ptII/ptolemy/domains/sdf/test/auto/relationGroup7.xml (RunModel)" time="0.009" />
  <testcase classname="ptolemy.util.test.junit.AutoTests" name="[44] /home/travis/build/icyphy/ptII/ptolemy/domains/sdf/test/auto/relationGroup8.xml (RunModel)" time="0.009" />
  <testcase classname="ptolemy.util.test.junit.AutoTests" name="[45] /home/travis/build/icyphy/ptII/ptolemy/domains/sdf/test/auto/relationGroup9.xml (RunModel)" time="0.011" />
  <testcase classname="ptolemy.util.test.junit.AutoTests" name="[46] /home/travis/build/icyphy/ptII/ptolemy/domains/sdf/test/auto/sdf_inside_de.xml (RunModel)" time="0.04" />
  <testcase classname="ptolemy.util.test.junit.AutoTests" name="[47] /home/travis/build/icyphy/ptII/ptolemy/domains/sdf/test/auto/sdf_inside_pn.xml (RunModel)" time="0.041" />
  <testcase classname="ptolemy.util.test.junit.AutoTests" name="[48] /home/travis/build/icyphy/ptII/ptolemy/domains/sdf/test/auto/sdf_sdf1.xml (RunModel)" time="0.029" />
  <testcase classname="ptolemy.util.test.junit.AutoTests" name="[49] /home/travis/build/icyphy/ptII/ptolemy/domains/sdf/test/auto/test1.xml (RunModel)" time="0.015" />
  <testcase classname="ptolemy.util.test.junit.AutoTests" name="[50] /home/travis/build/icyphy/ptII/ptolemy/domains/sdf/test/auto/time1.xml (RunModel)" time="0.008" />
  <testcase classname="ptolemy.util.test.junit.AutoTests" name="[51] /home/travis/build/icyphy/ptII/ptolemy/domains/sdf/test/auto/time2.xml (RunModel)" time="0.009" />
  <testcase classname="ptolemy.util.test.junit.AutoTests" name="[52] /home/travis/build/icyphy/ptII/ptolemy/domains/sdf/test/auto/time3.xml (RunModel)" time="0.021" />
  <testcase classname="ptolemy.util.test.junit.AutoTests" name="[53] /home/travis/build/icyphy/ptII/ptolemy/domains/sdf/test/auto/time4.xml (RunModel)" time="0.017" />
  <testcase classname="ptolemy.util.test.junit.AutoTests" name="[54] /home/travis/build/icyphy/ptII/ptolemy/domains/sdf/test/auto/time5.xml (RunModel)" time="4.009" />
  <testcase classname="ptolemy.util.test.junit.AutoTests" name="[55] /home/travis/build/icyphy/ptII/ptolemy/domains/sdf/test/auto/typeSystem_Const_Integer_smallest_Type.xml (RunModel)" time="0.027" />
  <testcase classname="ptolemy.util.test.junit.AutoTests" name="[56] /home/travis/build/icyphy/ptII/ptolemy/domains/sdf/test/auto/typeSystem_declared_Inports_OutportTypeException.xml (RunModel)" time="0.02" />
  <testcase classname="ptolemy.util.test.junit.AutoTests" name="[57] /home/travis/build/icyphy/ptII/ptolemy/domains/sdf/test/auto/typeSystem_oneDeclaredInportType_wrongTypeOutport.xml (RunModel)" time="0.017" />
  <testcase classname="ptolemy.util.test.junit.AutoTests" name="[58] /home/travis/build/icyphy/ptII/ptolemy/domains/sdf/test/auto/width.xml (RunModel)" time="0.015" />
  <testcase classname="ptolemy.util.test.junit.AutoTests" name="[59] /home/travis/build/icyphy/ptII/ptolemy/domains/sdf/test/auto/width2.xml (RunModel)" time="0.037" />
  <testcase classname="ptolemy.util.test.junit.AutoTests" name="[60] /home/travis/build/icyphy/ptII/ptolemy/domains/sdf/test/auto/width3.xml (RunModel)" time="0.046" />
  <system-out><![CDATA[/home/travis/build/icyphy/ptII/ptolemy/domains/sdf/test/SDFSchedulerErrors.tcl
testDefs.tcl: setting time out to 9000 seconds at Thu Nov 14 06:51:34 UTC 2019
102 ms. Memory: 120832K Free: 82374K (68%)
8 ms. Memory: 120832K Free: 74696K (62%)
9 ms. Memory: 120832K Free: 68023K (56%)
6 ms. Memory: 120832K Free: 65480K (54%)
/home/travis/build/icyphy/ptII/ptolemy/domains/sdf/test/composition.tcl
43 ms. Memory: 120832K Free: 61384K (51%)
16 ms. Memory: 120832K Free: 59336K (49%)
/home/travis/build/icyphy/ptII/ptolemy/domains/sdf/test/cycle.tcl
.Toplevel.Director Preinitializing ...
Invoking preinitialize():  .Toplevel.Actor1
Invoking preinitialize():  .Toplevel.Actor2
Invoking preinitialize():  .Toplevel.Delay
.Toplevel.Director Finished preinitialize().
### Schedule:
Execute Schedule{
Fire Actor ptolemy.domains.sdf.kernel.test.SDFTestDelay {.Toplevel.Actor1}
Fire Actor ptolemy.domains.sdf.kernel.test.SDFTestDelay {.Toplevel.Actor2}
Fire Actor ptolemy.domains.sdf.lib.SampleDelay {.Toplevel.Delay}
}
### End schedule
Called initialize().
Invoking initialize():  .Toplevel.Actor1
Initializing actor: .Toplevel.Actor1.
Invoking initialize():  .Toplevel.Actor2
Initializing actor: .Toplevel.Actor2.
Invoking initialize():  .Toplevel.Delay
Initializing actor: .Toplevel.Delay.
Director: Called prefire().
-- Setting current time to 0.0
Director prefire returns true.
The actor .Toplevel.Actor1 will be iterated.
The actor .Toplevel.Actor1 was iterated.
The actor .Toplevel.Actor2 will be iterated.
The actor .Toplevel.Actor2 was iterated.
The actor .Toplevel.Delay will be iterated.
The actor .Toplevel.Delay was iterated.
Director: Called postfire().
Postfire returns: true
Director: Called prefire().
-- Setting current time to 0.0
Director prefire returns true.
The actor .Toplevel.Actor1 will be iterated.
The actor .Toplevel.Actor1 was iterated.
The actor .Toplevel.Actor2 will be iterated.
The actor .Toplevel.Actor2 was iterated.
The actor .Toplevel.Delay will be iterated.
The actor .Toplevel.Delay was iterated.
Director: Called postfire().
Postfire returns: true
Director: Called prefire().
-- Setting current time to 0.0
Director prefire returns true.
The actor .Toplevel.Actor1 will be iterated.
The actor .Toplevel.Actor1 was iterated.
The actor .Toplevel.Actor2 will be iterated.
The actor .Toplevel.Actor2 was iterated.
The actor .Toplevel.Delay will be iterated.
The actor .Toplevel.Delay was iterated.
Director: Called postfire().
Postfire returns: true
Director: Called prefire().
-- Setting current time to 0.0
Director prefire returns true.
The actor .Toplevel.Actor1 will be iterated.
The actor .Toplevel.Actor1 was iterated.
The actor .Toplevel.Actor2 will be iterated.
The actor .Toplevel.Actor2 was iterated.
The actor .Toplevel.Delay will be iterated.
The actor .Toplevel.Delay was iterated.
Director: Called postfire().
Postfire returns: true
Director: Called prefire().
-- Setting current time to 0.0
Director prefire returns true.
The actor .Toplevel.Actor1 will be iterated.
The actor .Toplevel.Actor1 was iterated.
The actor .Toplevel.Actor2 will be iterated.
The actor .Toplevel.Actor2 was iterated.
The actor .Toplevel.Delay will be iterated.
The actor .Toplevel.Delay was iterated.
Director: Called postfire().
Postfire returns: true
Director: Called prefire().
-- Setting current time to 0.0
Director prefire returns true.
The actor .Toplevel.Actor1 will be iterated.
The actor .Toplevel.Actor1 was iterated.
The actor .Toplevel.Actor2 will be iterated.
The actor .Toplevel.Actor2 was iterated.
The actor .Toplevel.Delay will be iterated.
The actor .Toplevel.Delay was iterated.
Reached specified number of iterations: 6
Director: Called wrapup().
37 ms. Memory: 120832K Free: 56264K (47%)
11/14/19 06:51:35
Failed: 0  Total Tests: 8  ((Passed: 8, Newly Passed: 0)  Known Failed: 0) /home/travis/build/icyphy/ptII/ptolemy/domains/sdf/test
No auto/knownFailedTests/*.xml tests in /home/travis/build/icyphy/ptII/ptolemy/domains/sdf/test
No auto/linux-amd64/*.xml tests in /home/travis/build/icyphy/ptII/ptolemy/domains/sdf/test
AutoTests.java: About to close Vertx.
AutoTests.java: Vertx closed.

===========================================================================================
----------------- testing Thu Nov 14 06:51:36 UTC 2019 /home/travis/build/icyphy/ptII/ptolemy/domains/sdf/test/auto/Array.xml
----------------- Instantiating /home/travis/build/icyphy/ptII/ptolemy/domains/sdf/test/auto/Array.xml
50 ms. Memory: 120832K Free: 102916K (85%)
----------------- Invoking toplevel() on ptolemy.moml.MoMLSimpleApplication@23328b2f
----------------- Done invoking toplevel() on ptolemy.moml.MoMLSimpleApplication@23328b2f
reloadAllAccessors: .Array

===========================================================================================
----------------- testing Thu Nov 14 06:51:36 UTC 2019 /home/travis/build/icyphy/ptII/ptolemy/domains/sdf/test/auto/Butterfly.xml
----------------- Instantiating /home/travis/build/icyphy/ptII/ptolemy/domains/sdf/test/auto/Butterfly.xml
95 ms. Memory: 120832K Free: 97083K (80%)
----------------- Invoking toplevel() on ptolemy.moml.MoMLSimpleApplication@6c0f7cc1
----------------- Done invoking toplevel() on ptolemy.moml.MoMLSimpleApplication@6c0f7cc1
reloadAllAccessors: .Butterfly

===========================================================================================
----------------- testing Thu Nov 14 06:51:36 UTC 2019 /home/travis/build/icyphy/ptII/ptolemy/domains/sdf/test/auto/Expression.xml
----------------- Instantiating /home/travis/build/icyphy/ptII/ptolemy/domains/sdf/test/auto/Expression.xml
60 ms. Memory: 120832K Free: 92475K (77%)
----------------- Invoking toplevel() on ptolemy.moml.MoMLSimpleApplication@2d5a77be
----------------- Done invoking toplevel() on ptolemy.moml.MoMLSimpleApplication@2d5a77be
reloadAllAccessors: .Expression

===========================================================================================
----------------- testing Thu Nov 14 06:51:36 UTC 2019 /home/travis/build/icyphy/ptII/ptolemy/domains/sdf/test/auto/Eye.xml
----------------- Instantiating /home/travis/build/icyphy/ptII/ptolemy/domains/sdf/test/auto/Eye.xml
121 ms. Memory: 120832K Free: 93037K (77%)
----------------- Invoking toplevel() on ptolemy.moml.MoMLSimpleApplication@6ed404a9
----------------- Done invoking toplevel() on ptolemy.moml.MoMLSimpleApplication@6ed404a9
reloadAllAccessors: .Eye

===========================================================================================
----------------- testing Thu Nov 14 06:51:37 UTC 2019 /home/travis/build/icyphy/ptII/ptolemy/domains/sdf/test/auto/FixFIR.xml
----------------- Instantiating /home/travis/build/icyphy/ptII/ptolemy/domains/sdf/test/auto/FixFIR.xml
211 ms. Memory: 120832K Free: 102165K (85%)
----------------- Invoking toplevel() on ptolemy.moml.MoMLSimpleApplication@64b520fe
----------------- Done invoking toplevel() on ptolemy.moml.MoMLSimpleApplication@64b520fe
reloadAllAccessors: .FixFIR

===========================================================================================
----------------- testing Thu Nov 14 06:51:37 UTC 2019 /home/travis/build/icyphy/ptII/ptolemy/domains/sdf/test/auto/FixPoint.xml
----------------- Instantiating /home/travis/build/icyphy/ptII/ptolemy/domains/sdf/test/auto/FixPoint.xml
12 ms. Memory: 120832K Free: 97214K (80%)
----------------- Invoking toplevel() on ptolemy.moml.MoMLSimpleApplication@2c6068dc
----------------- Done invoking toplevel() on ptolemy.moml.MoMLSimpleApplication@2c6068dc
reloadAllAccessors: .FixPoint

===========================================================================================
----------------- testing Thu Nov 14 06:51:37 UTC 2019 /home/travis/build/icyphy/ptII/ptolemy/domains/sdf/test/auto/Gravitation.xml
----------------- Instantiating /home/travis/build/icyphy/ptII/ptolemy/domains/sdf/test/auto/Gravitation.xml
3147 ms. Memory: 149504K Free: 70514K (47%)
----------------- Invoking toplevel() on ptolemy.moml.MoMLSimpleApplication@79373285
----------------- Done invoking toplevel() on ptolemy.moml.MoMLSimpleApplication@79373285
reloadAllAccessors: .Gravitation

===========================================================================================
----------------- testing Thu Nov 14 06:51:40 UTC 2019 /home/travis/build/icyphy/ptII/ptolemy/domains/sdf/test/auto/GravitationWithCollisionDetection.xml
----------------- Instantiating /home/travis/build/icyphy/ptII/ptolemy/domains/sdf/test/auto/GravitationWithCollisionDetection.xml
6382 ms. Memory: 282624K Free: 248763K (88%)
----------------- Invoking toplevel() on ptolemy.moml.MoMLSimpleApplication@6f43fe04
----------------- Done invoking toplevel() on ptolemy.moml.MoMLSimpleApplication@6f43fe04
reloadAllAccessors: .GravitationWithCollisionDetection

===========================================================================================
----------------- testing Thu Nov 14 06:51:47 UTC 2019 /home/travis/build/icyphy/ptII/ptolemy/domains/sdf/test/auto/HDF.xml
----------------- Instantiating /home/travis/build/icyphy/ptII/ptolemy/domains/sdf/test/auto/HDF.xml
46 ms. Memory: 282624K Free: 232907K (82%)
----------------- Invoking toplevel() on ptolemy.moml.MoMLSimpleApplication@43c4d16d
----------------- Done invoking toplevel() on ptolemy.moml.MoMLSimpleApplication@43c4d16d
reloadAllAccessors: .HDF

===========================================================================================
----------------- testing Thu Nov 14 06:51:47 UTC 2019 /home/travis/build/icyphy/ptII/ptolemy/domains/sdf/test/auto/HDFwithTransientStates.xml
----------------- Instantiating /home/travis/build/icyphy/ptII/ptolemy/domains/sdf/test/auto/HDFwithTransientStates.xml
20 ms. Memory: 282624K Free: 213955K (76%)
----------------- Invoking toplevel() on ptolemy.moml.MoMLSimpleApplication@6d4ea75a
----------------- Done invoking toplevel() on ptolemy.moml.MoMLSimpleApplication@6d4ea75a
reloadAllAccessors: .HDFwithTransientStates

===========================================================================================
----------------- testing Thu Nov 14 06:51:47 UTC 2019 /home/travis/build/icyphy/ptII/ptolemy/domains/sdf/test/auto/HTVQ.xml
----------------- Instantiating /home/travis/build/icyphy/ptII/ptolemy/domains/sdf/test/auto/HTVQ.xml
931 ms. Memory: 342016K Free: 270714K (79%)
----------------- Invoking toplevel() on ptolemy.moml.MoMLSimpleApplication@5555e449
----------------- Done invoking toplevel() on ptolemy.moml.MoMLSimpleApplication@5555e449
reloadAllAccessors: .HTVQ

===========================================================================================
----------------- testing Thu Nov 14 06:51:48 UTC 2019 /home/travis/build/icyphy/ptII/ptolemy/domains/sdf/test/auto/InferInitProduction.xml
----------------- Instantiating /home/travis/build/icyphy/ptII/ptolemy/domains/sdf/test/auto/InferInitProduction.xml
8 ms. Memory: 342016K Free: 265181K (78%)
----------------- Invoking toplevel() on ptolemy.moml.MoMLSimpleApplication@446b62c1
----------------- Done invoking toplevel() on ptolemy.moml.MoMLSimpleApplication@446b62c1
reloadAllAccessors: .InferInitProduction

===========================================================================================
----------------- testing Thu Nov 14 06:51:48 UTC 2019 /home/travis/build/icyphy/ptII/ptolemy/domains/sdf/test/auto/InferInitProductionDeeper.xml
----------------- Instantiating /home/travis/build/icyphy/ptII/ptolemy/domains/sdf/test/auto/InferInitProductionDeeper.xml
5 ms. Memory: 342016K Free: 259037K (76%)
----------------- Invoking toplevel() on ptolemy.moml.MoMLSimpleApplication@328d1c14
----------------- Done invoking toplevel() on ptolemy.moml.MoMLSimpleApplication@328d1c14
reloadAllAccessors: .InferInitProductionDeeper

===========================================================================================
----------------- testing Thu Nov 14 06:51:48 UTC 2019 /home/travis/build/icyphy/ptII/ptolemy/domains/sdf/test/auto/LMSAdaptive.xml
----------------- Instantiating /home/travis/build/icyphy/ptII/ptolemy/domains/sdf/test/auto/LMSAdaptive.xml
13 ms. Memory: 342016K Free: 249307K (73%)
----------------- Invoking toplevel() on ptolemy.moml.MoMLSimpleApplication@4f061afd
----------------- Done invoking toplevel() on ptolemy.moml.MoMLSimpleApplication@4f061afd
reloadAllAccessors: .LMSAdaptive

===========================================================================================
----------------- testing Thu Nov 14 06:51:48 UTC 2019 /home/travis/build/icyphy/ptII/ptolemy/domains/sdf/test/auto/LogisticMap.xml
----------------- Instantiating /home/travis/build/icyphy/ptII/ptolemy/domains/sdf/test/auto/LogisticMap.xml
449 ms. Memory: 342016K Free: 243163K (71%)
----------------- Invoking toplevel() on ptolemy.moml.MoMLSimpleApplication@5f0d0483
----------------- Done invoking toplevel() on ptolemy.moml.MoMLSimpleApplication@5f0d0483
reloadAllAccessors: .LogisticMap

===========================================================================================
----------------- testing Thu Nov 14 06:51:49 UTC 2019 /home/travis/build/icyphy/ptII/ptolemy/domains/sdf/test/auto/MaximumEntropySpectrum.xml
----------------- Instantiating /home/travis/build/icyphy/ptII/ptolemy/domains/sdf/test/auto/MaximumEntropySpectrum.xml
83 ms. Memory: 342016K Free: 181723K (53%)
----------------- Invoking toplevel() on ptolemy.moml.MoMLSimpleApplication@530a6e41
----------------- Done invoking toplevel() on ptolemy.moml.MoMLSimpleApplication@530a6e41
reloadAllAccessors: .MaximumEntropySpectrum

===========================================================================================
----------------- testing Thu Nov 14 06:51:49 UTC 2019 /home/travis/build/icyphy/ptII/ptolemy/domains/sdf/test/auto/MultirateSDF.xml
----------------- Instantiating /home/travis/build/icyphy/ptII/ptolemy/domains/sdf/test/auto/MultirateSDF.xml
24 ms. Memory: 342016K Free: 166877K (49%)
----------------- Invoking toplevel() on ptolemy.moml.MoMLSimpleApplication@49a76fa8
----------------- Done invoking toplevel() on ptolemy.moml.MoMLSimpleApplication@49a76fa8
reloadAllAccessors: .MultirateSDF

===========================================================================================
----------------- testing Thu Nov 14 06:51:49 UTC 2019 /home/travis/build/icyphy/ptII/ptolemy/domains/sdf/test/auto/MultirateSDFwithTransientStates.xml
----------------- Instantiating /home/travis/build/icyphy/ptII/ptolemy/domains/sdf/test/auto/MultirateSDFwithTransientStates.xml
29 ms. Memory: 342016K Free: 148445K (43%)
----------------- Invoking toplevel() on ptolemy.moml.MoMLSimpleApplication@513bc9e4
----------------- Done invoking toplevel() on ptolemy.moml.MoMLSimpleApplication@513bc9e4
reloadAllAccessors: .MultirateSDFwithTransientStates

===========================================================================================
----------------- testing Thu Nov 14 06:51:49 UTC 2019 /home/travis/build/icyphy/ptII/ptolemy/domains/sdf/test/auto/NoisySinewave.xml
----------------- Instantiating /home/travis/build/icyphy/ptII/ptolemy/domains/sdf/test/auto/NoisySinewave.xml
12 ms. Memory: 342016K Free: 132061K (39%)
----------------- Invoking toplevel() on ptolemy.moml.MoMLSimpleApplication@1574db8e
----------------- Done invoking toplevel() on ptolemy.moml.MoMLSimpleApplication@1574db8e
reloadAllAccessors: .NoisySinewave

===========================================================================================
----------------- testing Thu Nov 14 06:51:49 UTC 2019 /home/travis/build/icyphy/ptII/ptolemy/domains/sdf/test/auto/Objects.xml
----------------- Instantiating /home/travis/build/icyphy/ptII/ptolemy/domains/sdf/test/auto/Objects.xml
5 ms. Memory: 342016K Free: 123869K (36%)
----------------- Invoking toplevel() on ptolemy.moml.MoMLSimpleApplication@20525313
----------------- Done invoking toplevel() on ptolemy.moml.MoMLSimpleApplication@20525313
reloadAllAccessors: .Objects

===========================================================================================
----------------- testing Thu Nov 14 06:51:49 UTC 2019 /home/travis/build/icyphy/ptII/ptolemy/domains/sdf/test/auto/OrthogonalCom.xml
----------------- Instantiating /home/travis/build/icyphy/ptII/ptolemy/domains/sdf/test/auto/OrthogonalCom.xml
7 ms. Memory: 342016K Free: 318344K (93%)
----------------- Invoking toplevel() on ptolemy.moml.MoMLSimpleApplication@2d295126
----------------- Done invoking toplevel() on ptolemy.moml.MoMLSimpleApplication@2d295126
reloadAllAccessors: .OrthogonalCom

===========================================================================================
----------------- testing Thu Nov 14 06:51:49 UTC 2019 /home/travis/build/icyphy/ptII/ptolemy/domains/sdf/test/auto/RijndaelEncryption.xml
----------------- Instantiating /home/travis/build/icyphy/ptII/ptolemy/domains/sdf/test/auto/RijndaelEncryption.xml
253 ms. Memory: 342016K Free: 172426K (50%)
----------------- Invoking toplevel() on ptolemy.moml.MoMLSimpleApplication@2b20d073
----------------- Done invoking toplevel() on ptolemy.moml.MoMLSimpleApplication@2b20d073
reloadAllAccessors: .RijndaelEncryption

===========================================================================================
----------------- testing Thu Nov 14 06:51:50 UTC 2019 /home/travis/build/icyphy/ptII/ptolemy/domains/sdf/test/auto/SDFEmptyIterations.xml
----------------- Instantiating /home/travis/build/icyphy/ptII/ptolemy/domains/sdf/test/auto/SDFEmptyIterations.xml
8 ms. Memory: 342016K Free: 167802K (49%)
----------------- Invoking toplevel() on ptolemy.moml.MoMLSimpleApplication@3fbf63a6
----------------- Done invoking toplevel() on ptolemy.moml.MoMLSimpleApplication@3fbf63a6
reloadAllAccessors: .SDFEmptyIterations

===========================================================================================
----------------- testing Thu Nov 14 06:51:50 UTC 2019 /home/travis/build/icyphy/ptII/ptolemy/domains/sdf/test/auto/Spectrum.xml
----------------- Instantiating /home/travis/build/icyphy/ptII/ptolemy/domains/sdf/test/auto/Spectrum.xml
32 ms. Memory: 342016K Free: 142730K (42%)
----------------- Invoking toplevel() on ptolemy.moml.MoMLSimpleApplication@1d7ddf83
----------------- Done invoking toplevel() on ptolemy.moml.MoMLSimpleApplication@1d7ddf83
reloadAllAccessors: .Spectrum

===========================================================================================
----------------- testing Thu Nov 14 06:51:50 UTC 2019 /home/travis/build/icyphy/ptII/ptolemy/domains/sdf/test/auto/de_inside_sdf.xml
----------------- Instantiating /home/travis/build/icyphy/ptII/ptolemy/domains/sdf/test/auto/de_inside_sdf.xml
5 ms. Memory: 342016K Free: 137610K (40%)
----------------- Invoking toplevel() on ptolemy.moml.MoMLSimpleApplication@581b3751
----------------- Done invoking toplevel() on ptolemy.moml.MoMLSimpleApplication@581b3751
reloadAllAccessors: .de_inside_sdf

===========================================================================================
----------------- testing Thu Nov 14 06:51:50 UTC 2019 /home/travis/build/icyphy/ptII/ptolemy/domains/sdf/test/auto/disconnectedHierarchicalSDF.xml
----------------- Instantiating /home/travis/build/icyphy/ptII/ptolemy/domains/sdf/test/auto/disconnectedHierarchicalSDF.xml
5 ms. Memory: 342016K Free: 131466K (38%)
----------------- Invoking toplevel() on ptolemy.moml.MoMLSimpleApplication@62678cea
----------------- Done invoking toplevel() on ptolemy.moml.MoMLSimpleApplication@62678cea
reloadAllAccessors: .disconnectedHierarchicalSDF

===========================================================================================
----------------- testing Thu Nov 14 06:51:50 UTC 2019 /home/travis/build/icyphy/ptII/ptolemy/domains/sdf/test/auto/disconnectedSDF.xml
----------------- Instantiating /home/travis/build/icyphy/ptII/ptolemy/domains/sdf/test/auto/disconnectedSDF.xml
5 ms. Memory: 342016K Free: 127880K (37%)
----------------- Invoking toplevel() on ptolemy.moml.MoMLSimpleApplication@6f9f4b7f
----------------- Done invoking toplevel() on ptolemy.moml.MoMLSimpleApplication@6f9f4b7f
reloadAllAccessors: .disconnectedSDF

===========================================================================================
----------------- testing Thu Nov 14 06:51:50 UTC 2019 /home/travis/build/icyphy/ptII/ptolemy/domains/sdf/test/auto/emptyRefinement.xml
----------------- Instantiating /home/travis/build/icyphy/ptII/ptolemy/domains/sdf/test/auto/emptyRefinement.xml
3 ms. Memory: 342016K Free: 123274K (36%)
----------------- Invoking toplevel() on ptolemy.moml.MoMLSimpleApplication@4b2346f9
----------------- Done invoking toplevel() on ptolemy.moml.MoMLSimpleApplication@4b2346f9
reloadAllAccessors: .emptyRefinement

===========================================================================================
----------------- testing Thu Nov 14 06:51:50 UTC 2019 /home/travis/build/icyphy/ptII/ptolemy/domains/sdf/test/auto/filePortParameter.xml
----------------- Instantiating /home/travis/build/icyphy/ptII/ptolemy/domains/sdf/test/auto/filePortParameter.xml
17 ms. Memory: 342016K Free: 318602K (93%)
----------------- Invoking toplevel() on ptolemy.moml.MoMLSimpleApplication@36e251e8
----------------- Done invoking toplevel() on ptolemy.moml.MoMLSimpleApplication@36e251e8
reloadAllAccessors: .filePortParameter

===========================================================================================
----------------- testing Thu Nov 14 06:51:50 UTC 2019 /home/travis/build/icyphy/ptII/ptolemy/domains/sdf/test/auto/inferRelationWidth1.xml
----------------- Instantiating /home/travis/build/icyphy/ptII/ptolemy/domains/sdf/test/auto/inferRelationWidth1.xml
3 ms. Memory: 342016K Free: 315530K (92%)
----------------- Invoking toplevel() on ptolemy.moml.MoMLSimpleApplication@30232199
----------------- Done invoking toplevel() on ptolemy.moml.MoMLSimpleApplication@30232199
reloadAllAccessors: .inferRelationWidth1

===========================================================================================
----------------- testing Thu Nov 14 06:51:50 UTC 2019 /home/travis/build/icyphy/ptII/ptolemy/domains/sdf/test/auto/initProductionInference.xml
----------------- Instantiating /home/travis/build/icyphy/ptII/ptolemy/domains/sdf/test/auto/initProductionInference.xml
6 ms. Memory: 342016K Free: 311434K (91%)
----------------- Invoking toplevel() on ptolemy.moml.MoMLSimpleApplication@6cc7bcbd
----------------- Done invoking toplevel() on ptolemy.moml.MoMLSimpleApplication@6cc7bcbd
reloadAllAccessors: .initProductionInference

===========================================================================================
----------------- testing Thu Nov 14 06:51:50 UTC 2019 /home/travis/build/icyphy/ptII/ptolemy/domains/sdf/test/auto/relationGroup.xml
----------------- Instantiating /home/travis/build/icyphy/ptII/ptolemy/domains/sdf/test/auto/relationGroup.xml
4 ms. Memory: 342016K Free: 307848K (90%)
----------------- Invoking toplevel() on ptolemy.moml.MoMLSimpleApplication@7dfc0755
----------------- Done invoking toplevel() on ptolemy.moml.MoMLSimpleApplication@7dfc0755
reloadAllAccessors: .relationGroup

===========================================================================================
----------------- testing Thu Nov 14 06:51:50 UTC 2019 /home/travis/build/icyphy/ptII/ptolemy/domains/sdf/test/auto/relationGroup10.xml
----------------- Instantiating /home/travis/build/icyphy/ptII/ptolemy/domains/sdf/test/auto/relationGroup10.xml
3 ms. Memory: 342016K Free: 304266K (89%)
----------------- Invoking toplevel() on ptolemy.moml.MoMLSimpleApplication@5315c968
----------------- Done invoking toplevel() on ptolemy.moml.MoMLSimpleApplication@5315c968
reloadAllAccessors: .relationGroup10

===========================================================================================
----------------- testing Thu Nov 14 06:51:50 UTC 2019 /home/travis/build/icyphy/ptII/ptolemy/domains/sdf/test/auto/relationGroup11.xml
----------------- Instantiating /home/travis/build/icyphy/ptII/ptolemy/domains/sdf/test/auto/relationGroup11.xml
2 ms. Memory: 342016K Free: 300680K (88%)
----------------- Invoking toplevel() on ptolemy.moml.MoMLSimpleApplication@74029379
----------------- Done invoking toplevel() on ptolemy.moml.MoMLSimpleApplication@74029379
reloadAllAccessors: .relationGroup11

===========================================================================================
----------------- testing Thu Nov 14 06:51:50 UTC 2019 /home/travis/build/icyphy/ptII/ptolemy/domains/sdf/test/auto/relationGroup12.xml
----------------- Instantiating /home/travis/build/icyphy/ptII/ptolemy/domains/sdf/test/auto/relationGroup12.xml
2 ms. Memory: 342016K Free: 297098K (87%)
----------------- Invoking toplevel() on ptolemy.moml.MoMLSimpleApplication@5840a354
----------------- Done invoking toplevel() on ptolemy.moml.MoMLSimpleApplication@5840a354
reloadAllAccessors: .relationGroup12

===========================================================================================
----------------- testing Thu Nov 14 06:51:50 UTC 2019 /home/travis/build/icyphy/ptII/ptolemy/domains/sdf/test/auto/relationGroup13.xml
----------------- Instantiating /home/travis/build/icyphy/ptII/ptolemy/domains/sdf/test/auto/relationGroup13.xml
12 ms. Memory: 342016K Free: 292488K (86%)
----------------- Invoking toplevel() on ptolemy.moml.MoMLSimpleApplication@25de064d
----------------- Done invoking toplevel() on ptolemy.moml.MoMLSimpleApplication@25de064d
reloadAllAccessors: .relationGroup13

===========================================================================================
----------------- testing Thu Nov 14 06:51:50 UTC 2019 /home/travis/build/icyphy/ptII/ptolemy/domains/sdf/test/auto/relationGroup14.xml
----------------- Instantiating /home/travis/build/icyphy/ptII/ptolemy/domains/sdf/test/auto/relationGroup14.xml
5 ms. Memory: 342016K Free: 287882K (84%)
----------------- Invoking toplevel() on ptolemy.moml.MoMLSimpleApplication@4c570d9b
----------------- Done invoking toplevel() on ptolemy.moml.MoMLSimpleApplication@4c570d9b
reloadAllAccessors: .relationGroup14

===========================================================================================
----------------- testing Thu Nov 14 06:51:50 UTC 2019 /home/travis/build/icyphy/ptII/ptolemy/domains/sdf/test/auto/relationGroup15.xml
----------------- Instantiating /home/travis/build/icyphy/ptII/ptolemy/domains/sdf/test/auto/relationGroup15.xml
2 ms. Memory: 342016K Free: 284296K (83%)
----------------- Invoking toplevel() on ptolemy.moml.MoMLSimpleApplication@596ec81b
----------------- Done invoking toplevel() on ptolemy.moml.MoMLSimpleApplication@596ec81b
reloadAllAccessors: .relationGroup15

===========================================================================================
----------------- testing Thu Nov 14 06:51:50 UTC 2019 /home/travis/build/icyphy/ptII/ptolemy/domains/sdf/test/auto/relationGroup2.xml
----------------- Instantiating /home/travis/build/icyphy/ptII/ptolemy/domains/sdf/test/auto/relationGroup2.xml
3 ms. Memory: 342016K Free: 281224K (82%)
----------------- Invoking toplevel() on ptolemy.moml.MoMLSimpleApplication@3494179a
----------------- Done invoking toplevel() on ptolemy.moml.MoMLSimpleApplication@3494179a
reloadAllAccessors: .relationGroup2

===========================================================================================
----------------- testing Thu Nov 14 06:51:50 UTC 2019 /home/travis/build/icyphy/ptII/ptolemy/domains/sdf/test/auto/relationGroup3.xml
----------------- Instantiating /home/travis/build/icyphy/ptII/ptolemy/domains/sdf/test/auto/relationGroup3.xml
2 ms. Memory: 342016K Free: 278152K (81%)
----------------- Invoking toplevel() on ptolemy.moml.MoMLSimpleApplication@8a2348a
----------------- Done invoking toplevel() on ptolemy.moml.MoMLSimpleApplication@8a2348a
reloadAllAccessors: .relationGroup3

===========================================================================================
----------------- testing Thu Nov 14 06:51:50 UTC 2019 /home/travis/build/icyphy/ptII/ptolemy/domains/sdf/test/auto/relationGroup4.xml
----------------- Instantiating /home/travis/build/icyphy/ptII/ptolemy/domains/sdf/test/auto/relationGroup4.xml
5 ms. Memory: 342016K Free: 274026K (80%)
----------------- Invoking toplevel() on ptolemy.moml.MoMLSimpleApplication@35d78e4
----------------- Done invoking toplevel() on ptolemy.moml.MoMLSimpleApplication@35d78e4
reloadAllAccessors: .relationGroup4

===========================================================================================
----------------- testing Thu Nov 14 06:51:50 UTC 2019 /home/travis/build/icyphy/ptII/ptolemy/domains/sdf/test/auto/relationGroup5.xml
----------------- Instantiating /home/travis/build/icyphy/ptII/ptolemy/domains/sdf/test/auto/relationGroup5.xml
2 ms. Memory: 342016K Free: 269930K (79%)
----------------- Invoking toplevel() on ptolemy.moml.MoMLSimpleApplication@65a4dc83
----------------- Done invoking toplevel() on ptolemy.moml.MoMLSimpleApplication@65a4dc83
reloadAllAccessors: .relationGroup5

===========================================================================================
----------------- testing Thu Nov 14 06:51:50 UTC 2019 /home/travis/build/icyphy/ptII/ptolemy/domains/sdf/test/auto/relationGroup6.xml
----------------- Instantiating /home/travis/build/icyphy/ptII/ptolemy/domains/sdf/test/auto/relationGroup6.xml
5 ms. Memory: 342016K Free: 265354K (78%)
----------------- Invoking toplevel() on ptolemy.moml.MoMLSimpleApplication@52575124
----------------- Done invoking toplevel() on ptolemy.moml.MoMLSimpleApplication@52575124
reloadAllAccessors: .relationGroup6

===========================================================================================
----------------- testing Thu Nov 14 06:51:50 UTC 2019 /home/travis/build/icyphy/ptII/ptolemy/domains/sdf/test/auto/relationGroup7.xml
----------------- Instantiating /home/travis/build/icyphy/ptII/ptolemy/domains/sdf/test/auto/relationGroup7.xml
2 ms. Memory: 342016K Free: 261768K (77%)
----------------- Invoking toplevel() on ptolemy.moml.MoMLSimpleApplication@59240be3
----------------- Done invoking toplevel() on ptolemy.moml.MoMLSimpleApplication@59240be3
reloadAllAccessors: .relationGroup7

===========================================================================================
----------------- testing Thu Nov 14 06:51:50 UTC 2019 /home/travis/build/icyphy/ptII/ptolemy/domains/sdf/test/auto/relationGroup8.xml
----------------- Instantiating /home/travis/build/icyphy/ptII/ptolemy/domains/sdf/test/auto/relationGroup8.xml
1 ms. Memory: 342016K Free: 258696K (76%)
----------------- Invoking toplevel() on ptolemy.moml.MoMLSimpleApplication@1b7acb11
----------------- Done invoking toplevel() on ptolemy.moml.MoMLSimpleApplication@1b7acb11
reloadAllAccessors: .relationGroup8

===========================================================================================
----------------- testing Thu Nov 14 06:51:50 UTC 2019 /home/travis/build/icyphy/ptII/ptolemy/domains/sdf/test/auto/relationGroup9.xml
----------------- Instantiating /home/travis/build/icyphy/ptII/ptolemy/domains/sdf/test/auto/relationGroup9.xml
3 ms. Memory: 342016K Free: 254090K (74%)
----------------- Invoking toplevel() on ptolemy.moml.MoMLSimpleApplication@24cf90f2
----------------- Done invoking toplevel() on ptolemy.moml.MoMLSimpleApplication@24cf90f2
reloadAllAccessors: .relationGroup9

===========================================================================================
----------------- testing Thu Nov 14 06:51:51 UTC 2019 /home/travis/build/icyphy/ptII/ptolemy/domains/sdf/test/auto/sdf_inside_de.xml
----------------- Instantiating /home/travis/build/icyphy/ptII/ptolemy/domains/sdf/test/auto/sdf_inside_de.xml
11 ms. Memory: 342016K Free: 245384K (72%)
----------------- Invoking toplevel() on ptolemy.moml.MoMLSimpleApplication@f5e4b27
----------------- Done invoking toplevel() on ptolemy.moml.MoMLSimpleApplication@f5e4b27
reloadAllAccessors: .sdf_inside_de

===========================================================================================
----------------- testing Thu Nov 14 06:51:51 UTC 2019 /home/travis/build/icyphy/ptII/ptolemy/domains/sdf/test/auto/sdf_inside_pn.xml
----------------- Instantiating /home/travis/build/icyphy/ptII/ptolemy/domains/sdf/test/auto/sdf_inside_pn.xml
19 ms. Memory: 342016K Free: 236168K (69%)
----------------- Invoking toplevel() on ptolemy.moml.MoMLSimpleApplication@2c277501
----------------- Done invoking toplevel() on ptolemy.moml.MoMLSimpleApplication@2c277501
reloadAllAccessors: .sdf_inside_pn

===========================================================================================
----------------- testing Thu Nov 14 06:51:51 UTC 2019 /home/travis/build/icyphy/ptII/ptolemy/domains/sdf/test/auto/sdf_sdf1.xml
----------------- Instantiating /home/travis/build/icyphy/ptII/ptolemy/domains/sdf/test/auto/sdf_sdf1.xml
5 ms. Memory: 342016K Free: 230538K (67%)
----------------- Invoking toplevel() on ptolemy.moml.MoMLSimpleApplication@46be9db3
----------------- Done invoking toplevel() on ptolemy.moml.MoMLSimpleApplication@46be9db3
reloadAllAccessors: .sdf_sdf1

===========================================================================================
----------------- testing Thu Nov 14 06:51:51 UTC 2019 /home/travis/build/icyphy/ptII/ptolemy/domains/sdf/test/auto/test1.xml
----------------- Instantiating /home/travis/build/icyphy/ptII/ptolemy/domains/sdf/test/auto/test1.xml
3 ms. Memory: 342016K Free: 225418K (66%)
----------------- Invoking toplevel() on ptolemy.moml.MoMLSimpleApplication@252a0f6e
----------------- Done invoking toplevel() on ptolemy.moml.MoMLSimpleApplication@252a0f6e
reloadAllAccessors: .test1

===========================================================================================
----------------- testing Thu Nov 14 06:51:51 UTC 2019 /home/travis/build/icyphy/ptII/ptolemy/domains/sdf/test/auto/time1.xml
----------------- Instantiating /home/travis/build/icyphy/ptII/ptolemy/domains/sdf/test/auto/time1.xml
1 ms. Memory: 342016K Free: 221832K (65%)
----------------- Invoking toplevel() on ptolemy.moml.MoMLSimpleApplication@6d7dd243
----------------- Done invoking toplevel() on ptolemy.moml.MoMLSimpleApplication@6d7dd243
reloadAllAccessors: .time1

===========================================================================================
----------------- testing Thu Nov 14 06:51:51 UTC 2019 /home/travis/build/icyphy/ptII/ptolemy/domains/sdf/test/auto/time2.xml
----------------- Instantiating /home/travis/build/icyphy/ptII/ptolemy/domains/sdf/test/auto/time2.xml
2 ms. Memory: 342016K Free: 218250K (64%)
----------------- Invoking toplevel() on ptolemy.moml.MoMLSimpleApplication@4299a579
----------------- Done invoking toplevel() on ptolemy.moml.MoMLSimpleApplication@4299a579
reloadAllAccessors: .time2

===========================================================================================
----------------- testing Thu Nov 14 06:51:51 UTC 2019 /home/travis/build/icyphy/ptII/ptolemy/domains/sdf/test/auto/time3.xml
----------------- Instantiating /home/travis/build/icyphy/ptII/ptolemy/domains/sdf/test/auto/time3.xml
6 ms. Memory: 342016K Free: 213130K (62%)
----------------- Invoking toplevel() on ptolemy.moml.MoMLSimpleApplication@c8a6976
----------------- Done invoking toplevel() on ptolemy.moml.MoMLSimpleApplication@c8a6976
reloadAllAccessors: .time3

===========================================================================================
----------------- testing Thu Nov 14 06:51:51 UTC 2019 /home/travis/build/icyphy/ptII/ptolemy/domains/sdf/test/auto/time4.xml
----------------- Instantiating /home/travis/build/icyphy/ptII/ptolemy/domains/sdf/test/auto/time4.xml
7 ms. Memory: 342016K Free: 207482K (61%)
----------------- Invoking toplevel() on ptolemy.moml.MoMLSimpleApplication@42519a61
----------------- Done invoking toplevel() on ptolemy.moml.MoMLSimpleApplication@42519a61
reloadAllAccessors: .time4

===========================================================================================
----------------- testing Thu Nov 14 06:51:51 UTC 2019 /home/travis/build/icyphy/ptII/ptolemy/domains/sdf/test/auto/time5.xml
----------------- Instantiating /home/travis/build/icyphy/ptII/ptolemy/domains/sdf/test/auto/time5.xml
4003 ms. Memory: 342016K Free: 203914K (60%)
----------------- Invoking toplevel() on ptolemy.moml.MoMLSimpleApplication@7cf23ace
----------------- Done invoking toplevel() on ptolemy.moml.MoMLSimpleApplication@7cf23ace
reloadAllAccessors: .time5

===========================================================================================
----------------- testing Thu Nov 14 06:51:55 UTC 2019 /home/travis/build/icyphy/ptII/ptolemy/domains/sdf/test/auto/typeSystem_Const_Integer_smallest_Type.xml
----------------- Instantiating /home/travis/build/icyphy/ptII/ptolemy/domains/sdf/test/auto/typeSystem_Const_Integer_smallest_Type.xml
6 ms. Memory: 342016K Free: 199304K (58%)
----------------- Invoking toplevel() on ptolemy.moml.MoMLSimpleApplication@49acfef9
----------------- Done invoking toplevel() on ptolemy.moml.MoMLSimpleApplication@49acfef9
reloadAllAccessors: .typeSystem_Const_Integer_smallest_Type

===========================================================================================
----------------- testing Thu Nov 14 06:51:55 UTC 2019 /home/travis/build/icyphy/ptII/ptolemy/domains/sdf/test/auto/typeSystem_declared_Inports_OutportTypeException.xml
----------------- Instantiating /home/travis/build/icyphy/ptII/ptolemy/domains/sdf/test/auto/typeSystem_declared_Inports_OutportTypeException.xml
.typeSystem_declared_Inports_OutportTypeException.TestExceptionAttribute: initialize() was not invoked, but wrapup() was.  This is unusual, but not always a problem.  For example, exporting JNLP will do this.
6 ms. Memory: 342016K Free: 195208K (57%)
----------------- Invoking toplevel() on ptolemy.moml.MoMLSimpleApplication@51acb83a
----------------- Done invoking toplevel() on ptolemy.moml.MoMLSimpleApplication@51acb83a
reloadAllAccessors: .typeSystem_declared_Inports_OutportTypeException

===========================================================================================
----------------- testing Thu Nov 14 06:51:55 UTC 2019 /home/travis/build/icyphy/ptII/ptolemy/domains/sdf/test/auto/typeSystem_oneDeclaredInportType_wrongTypeOutport.xml
----------------- Instantiating /home/travis/build/icyphy/ptII/ptolemy/domains/sdf/test/auto/typeSystem_oneDeclaredInportType_wrongTypeOutport.xml
4 ms. Memory: 342016K Free: 191112K (56%)
----------------- Invoking toplevel() on ptolemy.moml.MoMLSimpleApplication@5d80b180
----------------- Done invoking toplevel() on ptolemy.moml.MoMLSimpleApplication@5d80b180
reloadAllAccessors: .typeSystem_oneDeclaredInportType_wrongTypeOutport

===========================================================================================
----------------- testing Thu Nov 14 06:51:55 UTC 2019 /home/travis/build/icyphy/ptII/ptolemy/domains/sdf/test/auto/width.xml
----------------- Instantiating /home/travis/build/icyphy/ptII/ptolemy/domains/sdf/test/auto/width.xml
2 ms. Memory: 342016K Free: 187530K (55%)
----------------- Invoking toplevel() on ptolemy.moml.MoMLSimpleApplication@2beef707
----------------- Done invoking toplevel() on ptolemy.moml.MoMLSimpleApplication@2beef707
reloadAllAccessors: .width

===========================================================================================
----------------- testing Thu Nov 14 06:51:55 UTC 2019 /home/travis/build/icyphy/ptII/ptolemy/domains/sdf/test/auto/width2.xml
----------------- Instantiating /home/travis/build/icyphy/ptII/ptolemy/domains/sdf/test/auto/width2.xml
28 ms. Memory: 342016K Free: 182410K (53%)
----------------- Invoking toplevel() on ptolemy.moml.MoMLSimpleApplication@6ac43994
----------------- Done invoking toplevel() on ptolemy.moml.MoMLSimpleApplication@6ac43994
reloadAllAccessors: .width2

===========================================================================================
----------------- testing Thu Nov 14 06:51:55 UTC 2019 /home/travis/build/icyphy/ptII/ptolemy/domains/sdf/test/auto/width3.xml
----------------- Instantiating /home/travis/build/icyphy/ptII/ptolemy/domains/sdf/test/auto/width3.xml
35 ms. Memory: 342016K Free: 177290K (52%)
----------------- Invoking toplevel() on ptolemy.moml.MoMLSimpleApplication@257e8058
----------------- Done invoking toplevel() on ptolemy.moml.MoMLSimpleApplication@257e8058
reloadAllAccessors: .width3
AutoTests.java: About to close Vertx.
AutoTests.java: Vertx closed.
]]></system-out>
  <system-err><![CDATA[java.lang.RuntimeException: Execution failed
	at ptolemy.moml.MoMLSimpleApplication$UnloadThread.run(MoMLSimpleApplication.java:402)
Caused by: ptolemy.actor.sched.NotSchedulableException: No solution exists for the balance equations.
Graph is not consistent under the SDF domain detected on external port .rateConsistency.actor.port2
  in .rateConsistency.SDF Director.Scheduler
	at ptolemy.domains.sdf.kernel.SDFScheduler._propagatePort(SDFScheduler.java:1425)
	at ptolemy.domains.sdf.kernel.SDFScheduler._solveBalanceEquations(SDFScheduler.java:710)
	at ptolemy.domains.sdf.kernel.SDFScheduler._getSchedule(SDFScheduler.java:566)
	at ptolemy.actor.sched.Scheduler.getSchedule(Scheduler.java:189)
	at ptolemy.domains.sdf.kernel.SDFDirector.createSchedule(SDFDirector.java:408)
	at ptolemy.domains.sdf.kernel.SDFDirector.preinitialize(SDFDirector.java:764)
	at ptolemy.actor.CompositeActor.preinitialize(CompositeActor.java:1828)
	at ptolemy.actor.Manager.preinitializeAndResolveTypes(Manager.java:1040)
	at ptolemy.actor.Manager.initialize(Manager.java:710)
	at ptolemy.actor.Manager.execute(Manager.java:356)
	at ptolemy.actor.Manager.run(Manager.java:1263)
	at ptolemy.actor.Manager$PtolemyRunThread.run(Manager.java:1933)
java.lang.RuntimeException: Execution failed
	at ptolemy.moml.MoMLSimpleApplication$UnloadThread.run(MoMLSimpleApplication.java:402)
Caused by: ptolemy.kernel.util.IllegalActionException: Failed to compute schedule:
  in .badRateChanges.typed composite actor.SDF Director
Because:
The SDF rate parameter may change. This is not allowed in SDF models that will be run through the code generator.  If you don't care about code generation, then you might consider setting the allowRateChanges parameter of the SDF director to false.
  in .badRateChanges.typed composite actor.Repeat.output.tokenProductionRate
	at ptolemy.domains.sdf.kernel.SDFDirector.createSchedule(SDFDirector.java:418)
	at ptolemy.domains.sdf.kernel.SDFDirector.preinitialize(SDFDirector.java:764)
	at ptolemy.actor.CompositeActor.preinitialize(CompositeActor.java:1828)
	at ptolemy.actor.Director.preinitialize(Director.java:1302)
	at ptolemy.actor.Director.preinitialize(Director.java:1257)
	at ptolemy.domains.sdf.kernel.SDFDirector.preinitialize(SDFDirector.java:763)
	at ptolemy.actor.CompositeActor.preinitialize(CompositeActor.java:1828)
	at ptolemy.actor.Manager.preinitializeAndResolveTypes(Manager.java:1040)
	at ptolemy.actor.Manager.initialize(Manager.java:710)
	at ptolemy.actor.Manager.execute(Manager.java:356)
	at ptolemy.actor.Manager.run(Manager.java:1263)
	at ptolemy.actor.Manager$PtolemyRunThread.run(Manager.java:1933)
Caused by: ptolemy.kernel.util.IllegalActionException: The SDF rate parameter may change. This is not allowed in SDF models that will be run through the code generator.  If you don't care about code generation, then you might consider setting the allowRateChanges parameter of the SDF director to false.
  in .badRateChanges.typed composite actor.Repeat.output.tokenProductionRate
	at ptolemy.domains.sdf.kernel.SDFScheduler._assertDynamicRateVariable(SDFScheduler.java:931)
	at ptolemy.domains.sdf.kernel.SDFScheduler._checkDynamicRateVariables(SDFScheduler.java:339)
	at ptolemy.domains.sdf.kernel.SDFScheduler._getSchedule(SDFScheduler.java:527)
	at ptolemy.actor.sched.Scheduler.getSchedule(Scheduler.java:189)
	at ptolemy.domains.sdf.kernel.SDFDirector.createSchedule(SDFDirector.java:408)
	... 11 more
java.lang.RuntimeException: Execution failed
	at ptolemy.moml.MoMLSimpleApplication$UnloadThread.run(MoMLSimpleApplication.java:402)
Caused by: ptolemy.kernel.util.IllegalActionException: Failed to compute schedule:
  in .badRateChanges2.typed composite actor.SDF Director
Because:
The SDF rate parameter may change. This is not allowed in SDF models that will be run through the code generator.  If you don't care about code generation, then you might consider setting the allowRateChanges parameter of the SDF director to false.
  in .badRateChanges2.typed composite actor.Repeat.output.tokenProductionRate
	at ptolemy.domains.sdf.kernel.SDFDirector.createSchedule(SDFDirector.java:418)
	at ptolemy.domains.sdf.kernel.SDFDirector.preinitialize(SDFDirector.java:764)
	at ptolemy.actor.CompositeActor.preinitialize(CompositeActor.java:1828)
	at ptolemy.actor.Director.preinitialize(Director.java:1302)
	at ptolemy.actor.Director.preinitialize(Director.java:1257)
	at ptolemy.domains.sdf.kernel.SDFDirector.preinitialize(SDFDirector.java:763)
	at ptolemy.actor.CompositeActor.preinitialize(CompositeActor.java:1828)
	at ptolemy.actor.Manager.preinitializeAndResolveTypes(Manager.java:1040)
	at ptolemy.actor.Manager.initialize(Manager.java:710)
	at ptolemy.actor.Manager.execute(Manager.java:356)
	at ptolemy.actor.Manager.run(Manager.java:1263)
	at ptolemy.actor.Manager$PtolemyRunThread.run(Manager.java:1933)
Caused by: ptolemy.kernel.util.IllegalActionException: The SDF rate parameter may change. This is not allowed in SDF models that will be run through the code generator.  If you don't care about code generation, then you might consider setting the allowRateChanges parameter of the SDF director to false.
  in .badRateChanges2.typed composite actor.Repeat.output.tokenProductionRate
	at ptolemy.domains.sdf.kernel.SDFScheduler._assertDynamicRateVariable(SDFScheduler.java:931)
	at ptolemy.domains.sdf.kernel.SDFScheduler._checkDynamicRateVariables(SDFScheduler.java:339)
	at ptolemy.domains.sdf.kernel.SDFScheduler._getSchedule(SDFScheduler.java:527)
	at ptolemy.actor.sched.Scheduler.getSchedule(Scheduler.java:189)
	at ptolemy.domains.sdf.kernel.SDFDirector.createSchedule(SDFDirector.java:408)
	... 11 more
java.lang.RuntimeException: Execution failed
	at ptolemy.moml.MoMLSimpleApplication$UnloadThread.run(MoMLSimpleApplication.java:402)
Caused by: ptolemy.actor.sched.NotSchedulableException: Actors remain that cannot be scheduled!

There are several possible reasons:
* SDF Graphs with feedback loops should have an actor with a delay in the loop, such as a SampleDelay.
* The SDF director has an "allowDisconnectedGraphs"parameter, which, when true, permits disconnected SDF graphs.
* The token consumption rate and production rates might be mismatched.
Usually, actors produce one token or consume one token on a port.  To produce or consume multiple tokens per firing, add a "tokenConsumptionRate" or "tokenProductionRate" parameter to the appropriate port.
Unscheduled actors:
.partiallyConnected.Const2 
Scheduled actors:
.partiallyConnected.Const 
  in .partiallyConnected.SDF Director.Scheduler
	at ptolemy.domains.sdf.kernel.SDFScheduler._scheduleConnectedActors(SDFScheduler.java:1828)
	at ptolemy.domains.sdf.kernel.SDFScheduler._getSchedule(SDFScheduler.java:587)
	at ptolemy.actor.sched.Scheduler.getSchedule(Scheduler.java:189)
	at ptolemy.domains.sdf.kernel.SDFDirector.createSchedule(SDFDirector.java:408)
	at ptolemy.domains.sdf.kernel.SDFDirector.preinitialize(SDFDirector.java:764)
	at ptolemy.actor.CompositeActor.preinitialize(CompositeActor.java:1828)
	at ptolemy.actor.Manager.preinitializeAndResolveTypes(Manager.java:1040)
	at ptolemy.actor.Manager.initialize(Manager.java:710)
	at ptolemy.actor.Manager.execute(Manager.java:356)
	at ptolemy.actor.Manager.run(Manager.java:1263)
	at ptolemy.actor.Manager$PtolemyRunThread.run(Manager.java:1933)
]]></system-err>
</testsuite>
