<?xml version="1.0" encoding="UTF-8" ?>
<testsuite errors="0" failures="0" hostname="travis-job-6e1c7745-6aa4-4171-9266-91755708c770" name="ptolemy.domains.continuous.test.junit.JUnitTclTest" skipped="0" tests="156" time="71.316" timestamp="2020-01-03T00:35:29">
  <properties>
[...]
</properties>
  <testcase classname="ptolemy.util.test.junit.TclTests" name="[0] ThereAreNoTclTests (RunTclFile)" time="0.019" />
  <testcase classname="ptolemy.util.test.junit.AutoKnownFailedTests" name="[0] ThereAreNoKnowFailedTests (RunModel)" time="0.002" />
  <testcase classname="ptolemy.util.test.junit.AutoNameArchTests" name="[0] ThereAreNoAutoArchTests (RunModel)" time="0.02" />
  <testcase classname="ptolemy.util.test.junit.AutoTests" name="[0] /home/travis/build/icyphy/ptII/ptolemy/domains/continuous/test/auto/BouncingBall.xml (RunModel)" time="2.866" />
  <testcase classname="ptolemy.util.test.junit.AutoTests" name="[1] /home/travis/build/icyphy/ptII/ptolemy/domains/continuous/test/auto/BouncingBallWithoutGR.xml (RunModel)" time="0.775" />
  <testcase classname="ptolemy.util.test.junit.AutoTests" name="[2] /home/travis/build/icyphy/ptII/ptolemy/domains/continuous/test/auto/Brownian.xml (RunModel)" time="0.097" />
  <testcase classname="ptolemy.util.test.junit.AutoTests" name="[3] /home/travis/build/icyphy/ptII/ptolemy/domains/continuous/test/auto/CarTracking.xml (RunModel)" time="4.578" />
  <testcase classname="ptolemy.util.test.junit.AutoTests" name="[4] /home/travis/build/icyphy/ptII/ptolemy/domains/continuous/test/auto/CartPendulum.xml (RunModel)" time="0.529" />
  <testcase classname="ptolemy.util.test.junit.AutoTests" name="[5] /home/travis/build/icyphy/ptII/ptolemy/domains/continuous/test/auto/CausalityInterface10.xml (RunModel)" time="0.068" />
  <testcase classname="ptolemy.util.test.junit.AutoTests" name="[6] /home/travis/build/icyphy/ptII/ptolemy/domains/continuous/test/auto/CausalityInterface11.xml (RunModel)" time="0.033" />
  <testcase classname="ptolemy.util.test.junit.AutoTests" name="[7] /home/travis/build/icyphy/ptII/ptolemy/domains/continuous/test/auto/CausalityInterface12.xml (RunModel)" time="0.039" />
  <testcase classname="ptolemy.util.test.junit.AutoTests" name="[8] /home/travis/build/icyphy/ptII/ptolemy/domains/continuous/test/auto/CausalityInterface13.xml (RunModel)" time="0.035" />
  <testcase classname="ptolemy.util.test.junit.AutoTests" name="[9] /home/travis/build/icyphy/ptII/ptolemy/domains/continuous/test/auto/CausalityInterface14.xml (RunModel)" time="0.021" />
  <testcase classname="ptolemy.util.test.junit.AutoTests" name="[10] /home/travis/build/icyphy/ptII/ptolemy/domains/continuous/test/auto/CausalityInterface4.xml (RunModel)" time="0.034" />
  <testcase classname="ptolemy.util.test.junit.AutoTests" name="[11] /home/travis/build/icyphy/ptII/ptolemy/domains/continuous/test/auto/CausalityInterface5.xml (RunModel)" time="0.049" />
  <testcase classname="ptolemy.util.test.junit.AutoTests" name="[12] /home/travis/build/icyphy/ptII/ptolemy/domains/continuous/test/auto/CausalityInterface6.xml (RunModel)" time="0.023" />
  <testcase classname="ptolemy.util.test.junit.AutoTests" name="[13] /home/travis/build/icyphy/ptII/ptolemy/domains/continuous/test/auto/CausalityInterface7.xml (RunModel)" time="0.038" />
  <testcase classname="ptolemy.util.test.junit.AutoTests" name="[14] /home/travis/build/icyphy/ptII/ptolemy/domains/continuous/test/auto/CausalityInterface8.xml (RunModel)" time="0.032" />
  <testcase classname="ptolemy.util.test.junit.AutoTests" name="[15] /home/travis/build/icyphy/ptII/ptolemy/domains/continuous/test/auto/CausalityInterface9.xml (RunModel)" time="0.047" />
  <testcase classname="ptolemy.util.test.junit.AutoTests" name="[16] /home/travis/build/icyphy/ptII/ptolemy/domains/continuous/test/auto/CausalityInterfaceFeedback1.xml (RunModel)" time="0.029" />
  <testcase classname="ptolemy.util.test.junit.AutoTests" name="[17] /home/travis/build/icyphy/ptII/ptolemy/domains/continuous/test/auto/CausalityInterfaceFeedback2.xml (RunModel)" time="0.038" />
  <testcase classname="ptolemy.util.test.junit.AutoTests" name="[18] /home/travis/build/icyphy/ptII/ptolemy/domains/continuous/test/auto/CompareWithCurrentTime.xml (RunModel)" time="0.019" />
  <testcase classname="ptolemy.util.test.junit.AutoTests" name="[19] /home/travis/build/icyphy/ptII/ptolemy/domains/continuous/test/auto/ComparedClocks.xml (RunModel)" time="0.061" />
  <testcase classname="ptolemy.util.test.junit.AutoTests" name="[20] /home/travis/build/icyphy/ptII/ptolemy/domains/continuous/test/auto/ContinuousAOCClone.xml (RunModel)" time="2.596" />
  <testcase classname="ptolemy.util.test.junit.AutoTests" name="[21] /home/travis/build/icyphy/ptII/ptolemy/domains/continuous/test/auto/ContinuousClock.xml (RunModel)" time="0.11" />
  <testcase classname="ptolemy.util.test.junit.AutoTests" name="[22] /home/travis/build/icyphy/ptII/ptolemy/domains/continuous/test/auto/ContinuousInContinuous.xml (RunModel)" time="0.083" />
  <testcase classname="ptolemy.util.test.junit.AutoTests" name="[23] /home/travis/build/icyphy/ptII/ptolemy/domains/continuous/test/auto/ContinuousInContinuousInContinuous.xml (RunModel)" time="0.025" />
  <testcase classname="ptolemy.util.test.junit.AutoTests" name="[24] /home/travis/build/icyphy/ptII/ptolemy/domains/continuous/test/auto/ContinuousInDE.xml (RunModel)" time="0.112" />
  <testcase classname="ptolemy.util.test.junit.AutoTests" name="[25] /home/travis/build/icyphy/ptII/ptolemy/domains/continuous/test/auto/ContinuousInDE2.xml (RunModel)" time="0.055" />
  <testcase classname="ptolemy.util.test.junit.AutoTests" name="[26] /home/travis/build/icyphy/ptII/ptolemy/domains/continuous/test/auto/ContinuousInDE3.xml (RunModel)" time="0.049" />
  <testcase classname="ptolemy.util.test.junit.AutoTests" name="[27] /home/travis/build/icyphy/ptII/ptolemy/domains/continuous/test/auto/ContinuousInDE4.xml (RunModel)" time="0.028" />
  <testcase classname="ptolemy.util.test.junit.AutoTests" name="[28] /home/travis/build/icyphy/ptII/ptolemy/domains/continuous/test/auto/ContinuousInDEDifferentRefinements.xml (RunModel)" time="0.095" />
  <testcase classname="ptolemy.util.test.junit.AutoTests" name="[29] /home/travis/build/icyphy/ptII/ptolemy/domains/continuous/test/auto/ContinuousInDEDifferentRefinementsPreemptive.xml (RunModel)" time="0.096" />
  <testcase classname="ptolemy.util.test.junit.AutoTests" name="[30] /home/travis/build/icyphy/ptII/ptolemy/domains/continuous/test/auto/ContinuousInDEInContinuous2.xml (RunModel)" time="0.057" />
  <testcase classname="ptolemy.util.test.junit.AutoTests" name="[31] /home/travis/build/icyphy/ptII/ptolemy/domains/continuous/test/auto/ContinuousInDEInContinuous3.xml (RunModel)" time="0.058" />
  <testcase classname="ptolemy.util.test.junit.AutoTests" name="[32] /home/travis/build/icyphy/ptII/ptolemy/domains/continuous/test/auto/ContinuousInDEInput.xml (RunModel)" time="0.031" />
  <testcase classname="ptolemy.util.test.junit.AutoTests" name="[33] /home/travis/build/icyphy/ptII/ptolemy/domains/continuous/test/auto/ContinuousInDEInput2.xml (RunModel)" time="0.031" />
  <testcase classname="ptolemy.util.test.junit.AutoTests" name="[34] /home/travis/build/icyphy/ptII/ptolemy/domains/continuous/test/auto/ContinuousInDEInput3.xml (RunModel)" time="0.032" />
  <testcase classname="ptolemy.util.test.junit.AutoTests" name="[35] /home/travis/build/icyphy/ptII/ptolemy/domains/continuous/test/auto/ContinuousInDESharingRefinement.xml (RunModel)" time="0.229" />
  <testcase classname="ptolemy.util.test.junit.AutoTests" name="[36] /home/travis/build/icyphy/ptII/ptolemy/domains/continuous/test/auto/ContinuousInDEwithNoPorts.xml (RunModel)" time="0.017" />
  <testcase classname="ptolemy.util.test.junit.AutoTests" name="[37] /home/travis/build/icyphy/ptII/ptolemy/domains/continuous/test/auto/ContinuousInsideDE.xml (RunModel)" time="0.076" />
  <testcase classname="ptolemy.util.test.junit.AutoTests" name="[38] /home/travis/build/icyphy/ptII/ptolemy/domains/continuous/test/auto/ContinuousMerge1.xml (RunModel)" time="0.015" />
  <testcase classname="ptolemy.util.test.junit.AutoTests" name="[39] /home/travis/build/icyphy/ptII/ptolemy/domains/continuous/test/auto/ContinuousMerge2.xml (RunModel)" time="0.035" />
  <testcase classname="ptolemy.util.test.junit.AutoTests" name="[40] /home/travis/build/icyphy/ptII/ptolemy/domains/continuous/test/auto/ContinuousMerge3.xml (RunModel)" time="0.052" />
  <testcase classname="ptolemy.util.test.junit.AutoTests" name="[41] /home/travis/build/icyphy/ptII/ptolemy/domains/continuous/test/auto/ContinuousWithinContinuous.xml (RunModel)" time="0.043" />
  <testcase classname="ptolemy.util.test.junit.AutoTests" name="[42] /home/travis/build/icyphy/ptII/ptolemy/domains/continuous/test/auto/ContinuousWithinContinuous2.xml (RunModel)" time="0.06" />
  <testcase classname="ptolemy.util.test.junit.AutoTests" name="[43] /home/travis/build/icyphy/ptII/ptolemy/domains/continuous/test/auto/ContinuousWithinContinuous3.xml (RunModel)" time="0.021" />
  <testcase classname="ptolemy.util.test.junit.AutoTests" name="[44] /home/travis/build/icyphy/ptII/ptolemy/domains/continuous/test/auto/ContinuousWithinContinuous4.xml (RunModel)" time="0.078" />
  <testcase classname="ptolemy.util.test.junit.AutoTests" name="[45] /home/travis/build/icyphy/ptII/ptolemy/domains/continuous/test/auto/ContinuousWithinContinuous5.xml (RunModel)" time="0.027" />
  <testcase classname="ptolemy.util.test.junit.AutoTests" name="[46] /home/travis/build/icyphy/ptII/ptolemy/domains/continuous/test/auto/ContinuousWithinContinuous6.xml (RunModel)" time="0.025" />
  <testcase classname="ptolemy.util.test.junit.AutoTests" name="[47] /home/travis/build/icyphy/ptII/ptolemy/domains/continuous/test/auto/ContinuousWithinContinuous7.xml (RunModel)" time="0.069" />
  <testcase classname="ptolemy.util.test.junit.AutoTests" name="[48] /home/travis/build/icyphy/ptII/ptolemy/domains/continuous/test/auto/DCMotor.xml (RunModel)" time="13.129" />
  <testcase classname="ptolemy.util.test.junit.AutoTests" name="[49] /home/travis/build/icyphy/ptII/ptolemy/domains/continuous/test/auto/DEInContinuous.xml (RunModel)" time="0.033" />
  <testcase classname="ptolemy.util.test.junit.AutoTests" name="[50] /home/travis/build/icyphy/ptII/ptolemy/domains/continuous/test/auto/DEinContinuous2.xml (RunModel)" time="0.032" />
  <testcase classname="ptolemy.util.test.junit.AutoTests" name="[51] /home/travis/build/icyphy/ptII/ptolemy/domains/continuous/test/auto/Derivative.xml (RunModel)" time="0.179" />
  <testcase classname="ptolemy.util.test.junit.AutoTests" name="[52] /home/travis/build/icyphy/ptII/ptolemy/domains/continuous/test/auto/Derivative1.xml (RunModel)" time="0.049" />
  <testcase classname="ptolemy.util.test.junit.AutoTests" name="[53] /home/travis/build/icyphy/ptII/ptolemy/domains/continuous/test/auto/DiscreteClock.xml (RunModel)" time="0.018" />
  <testcase classname="ptolemy.util.test.junit.AutoTests" name="[54] /home/travis/build/icyphy/ptII/ptolemy/domains/continuous/test/auto/EfficiencyCurve.xml (RunModel)" time="0.112" />
  <testcase classname="ptolemy.util.test.junit.AutoTests" name="[55] /home/travis/build/icyphy/ptII/ptolemy/domains/continuous/test/auto/ExponentialResponse.xml (RunModel)" time="0.115" />
  <testcase classname="ptolemy.util.test.junit.AutoTests" name="[56] /home/travis/build/icyphy/ptII/ptolemy/domains/continuous/test/auto/ExponentialResponseRK45.xml (RunModel)" time="0.037" />
  <testcase classname="ptolemy.util.test.junit.AutoTests" name="[57] /home/travis/build/icyphy/ptII/ptolemy/domains/continuous/test/auto/Friction.xml (RunModel)" time="1.548" />
  <testcase classname="ptolemy.util.test.junit.AutoTests" name="[58] /home/travis/build/icyphy/ptII/ptolemy/domains/continuous/test/auto/FurutaPendulum.xml (RunModel)" time="3.136" />
  <testcase classname="ptolemy.util.test.junit.AutoTests" name="[59] /home/travis/build/icyphy/ptII/ptolemy/domains/continuous/test/auto/HierarchicalExecution.xml (RunModel)" time="2.071" />
  <testcase classname="ptolemy.util.test.junit.AutoTests" name="[60] /home/travis/build/icyphy/ptII/ptolemy/domains/continuous/test/auto/HybridPlant.xml (RunModel)" time="0.627" />
  <testcase classname="ptolemy.util.test.junit.AutoTests" name="[61] /home/travis/build/icyphy/ptII/ptolemy/domains/continuous/test/auto/Hysteresis.xml (RunModel)" time="0.218" />
  <testcase classname="ptolemy.util.test.junit.AutoTests" name="[62] /home/travis/build/icyphy/ptII/ptolemy/domains/continuous/test/auto/HysteresisWithRandomDelay.xml (RunModel)" time="0.226" />
  <testcase classname="ptolemy.util.test.junit.AutoTests" name="[63] /home/travis/build/icyphy/ptII/ptolemy/domains/continuous/test/auto/HysteresisWithRandomLosses.xml (RunModel)" time="2.46" />
  <testcase classname="ptolemy.util.test.junit.AutoTests" name="[64] /home/travis/build/icyphy/ptII/ptolemy/domains/continuous/test/auto/ImmediateTransitions.xml (RunModel)" time="0.035" />
  <testcase classname="ptolemy.util.test.junit.AutoTests" name="[65] /home/travis/build/icyphy/ptII/ptolemy/domains/continuous/test/auto/ImpulseFeedback.xml (RunModel)" time="0.018" />
  <testcase classname="ptolemy.util.test.junit.AutoTests" name="[66] /home/travis/build/icyphy/ptII/ptolemy/domains/continuous/test/auto/ImpulseFeedback2.xml (RunModel)" time="0.015" />
  <testcase classname="ptolemy.util.test.junit.AutoTests" name="[67] /home/travis/build/icyphy/ptII/ptolemy/domains/continuous/test/auto/IncreasingRatePoisson.xml (RunModel)" time="0.766" />
  <testcase classname="ptolemy.util.test.junit.AutoTests" name="[68] /home/travis/build/icyphy/ptII/ptolemy/domains/continuous/test/auto/InitialStateFeedback.xml (RunModel)" time="0.021" />
  <testcase classname="ptolemy.util.test.junit.AutoTests" name="[69] /home/travis/build/icyphy/ptII/ptolemy/domains/continuous/test/auto/Integration.xml (RunModel)" time="0.008" />
  <testcase classname="ptolemy.util.test.junit.AutoTests" name="[70] /home/travis/build/icyphy/ptII/ptolemy/domains/continuous/test/auto/Integration2.xml (RunModel)" time="0.095" />
  <testcase classname="ptolemy.util.test.junit.AutoTests" name="[71] /home/travis/build/icyphy/ptII/ptolemy/domains/continuous/test/auto/Integration3.xml (RunModel)" time="0.021" />
  <testcase classname="ptolemy.util.test.junit.AutoTests" name="[72] /home/travis/build/icyphy/ptII/ptolemy/domains/continuous/test/auto/Integration5.xml (RunModel)" time="0.009" />
  <testcase classname="ptolemy.util.test.junit.AutoTests" name="[73] /home/travis/build/icyphy/ptII/ptolemy/domains/continuous/test/auto/IntegratorImpulse.xml (RunModel)" time="0.008" />
  <testcase classname="ptolemy.util.test.junit.AutoTests" name="[74] /home/travis/build/icyphy/ptII/ptolemy/domains/continuous/test/auto/IntegratorImpulse2.xml (RunModel)" time="0.014" />
  <testcase classname="ptolemy.util.test.junit.AutoTests" name="[75] /home/travis/build/icyphy/ptII/ptolemy/domains/continuous/test/auto/LevelCrossing1.xml (RunModel)" time="0.01" />
  <testcase classname="ptolemy.util.test.junit.AutoTests" name="[76] /home/travis/build/icyphy/ptII/ptolemy/domains/continuous/test/auto/LevelCrossing2.xml (RunModel)" time="0.011" />
  <testcase classname="ptolemy.util.test.junit.AutoTests" name="[77] /home/travis/build/icyphy/ptII/ptolemy/domains/continuous/test/auto/LevelCrossing3.xml (RunModel)" time="0.01" />
  <testcase classname="ptolemy.util.test.junit.AutoTests" name="[78] /home/travis/build/icyphy/ptII/ptolemy/domains/continuous/test/auto/LevelCrossing4.xml (RunModel)" time="0.011" />
  <testcase classname="ptolemy.util.test.junit.AutoTests" name="[79] /home/travis/build/icyphy/ptII/ptolemy/domains/continuous/test/auto/LevelCrossing5.xml (RunModel)" time="0.016" />
  <testcase classname="ptolemy.util.test.junit.AutoTests" name="[80] /home/travis/build/icyphy/ptII/ptolemy/domains/continuous/test/auto/LevelCrossing6.xml (RunModel)" time="0.012" />
  <testcase classname="ptolemy.util.test.junit.AutoTests" name="[81] /home/travis/build/icyphy/ptII/ptolemy/domains/continuous/test/auto/LevelCrossingDetector.xml (RunModel)" time="0.038" />
  <testcase classname="ptolemy.util.test.junit.AutoTests" name="[82] /home/travis/build/icyphy/ptII/ptolemy/domains/continuous/test/auto/LevelCrossingDetectorDetectingDirections.xml (RunModel)" time="0.091" />
  <testcase classname="ptolemy.util.test.junit.AutoTests" name="[83] /home/travis/build/icyphy/ptII/ptolemy/domains/continuous/test/auto/LevelCrossingDetectorDetectsGlitches.xml (RunModel)" time="0.065" />
  <testcase classname="ptolemy.util.test.junit.AutoTests" name="[84] /home/travis/build/icyphy/ptII/ptolemy/domains/continuous/test/auto/LevelCrossingNoInitialOuput.xml (RunModel)" time="0.012" />
  <testcase classname="ptolemy.util.test.junit.AutoTests" name="[85] /home/travis/build/icyphy/ptII/ptolemy/domains/continuous/test/auto/LinearStateSpaceExample.xml (RunModel)" time="0.061" />
  <testcase classname="ptolemy.util.test.junit.AutoTests" name="[86] /home/travis/build/icyphy/ptII/ptolemy/domains/continuous/test/auto/Lorenz.xml (RunModel)" time="3.513" />
  <testcase classname="ptolemy.util.test.junit.AutoTests" name="[87] /home/travis/build/icyphy/ptII/ptolemy/domains/continuous/test/auto/LorenzDifferentialSystem.xml (RunModel)" time="1.024" />
  <testcase classname="ptolemy.util.test.junit.AutoTests" name="[88] /home/travis/build/icyphy/ptII/ptolemy/domains/continuous/test/auto/LorenzDifferentialSystemWithInput.xml (RunModel)" time="1.127" />
  <testcase classname="ptolemy.util.test.junit.AutoTests" name="[89] /home/travis/build/icyphy/ptII/ptolemy/domains/continuous/test/auto/LorenzDifferentialSystemWithTime.xml (RunModel)" time="0.662" />
  <testcase classname="ptolemy.util.test.junit.AutoTests" name="[90] /home/travis/build/icyphy/ptII/ptolemy/domains/continuous/test/auto/Microsteps.xml (RunModel)" time="0.024" />
  <testcase classname="ptolemy.util.test.junit.AutoTests" name="[91] /home/travis/build/icyphy/ptII/ptolemy/domains/continuous/test/auto/Modal1.xml (RunModel)" time="0.036" />
  <testcase classname="ptolemy.util.test.junit.AutoTests" name="[92] /home/travis/build/icyphy/ptII/ptolemy/domains/continuous/test/auto/Modal2.xml (RunModel)" time="0.047" />
  <testcase classname="ptolemy.util.test.junit.AutoTests" name="[93] /home/travis/build/icyphy/ptII/ptolemy/domains/continuous/test/auto/ModalTransitionGuardWithReset.xml (RunModel)" time="0.029" />
  <testcase classname="ptolemy.util.test.junit.AutoTests" name="[94] /home/travis/build/icyphy/ptII/ptolemy/domains/continuous/test/auto/ModalTransitionGuardWithResetUsingPreemptiveTransition.xml (RunModel)" time="0.023" />
  <testcase classname="ptolemy.util.test.junit.AutoTests" name="[95] /home/travis/build/icyphy/ptII/ptolemy/domains/continuous/test/auto/ModalTransitionGuardWithResetUsingPreemptiveTransition2.xml (RunModel)" time="0.021" />
  <testcase classname="ptolemy.util.test.junit.AutoTests" name="[96] /home/travis/build/icyphy/ptII/ptolemy/domains/continuous/test/auto/ModalTransitionGuardWithResetUsingPreemptiveTransition3.xml (RunModel)" time="0.025" />
  <testcase classname="ptolemy.util.test.junit.AutoTests" name="[97] /home/travis/build/icyphy/ptII/ptolemy/domains/continuous/test/auto/NewtonsCradle.xml (RunModel)" time="0.798" />
  <testcase classname="ptolemy.util.test.junit.AutoTests" name="[98] /home/travis/build/icyphy/ptII/ptolemy/domains/continuous/test/auto/NewtonsCradleAnimated.xml (RunModel)" time="1.351" />
  <testcase classname="ptolemy.util.test.junit.AutoTests" name="[99] /home/travis/build/icyphy/ptII/ptolemy/domains/continuous/test/auto/NewtonsCradleComplicated.xml (RunModel)" time="0.902" />
  <testcase classname="ptolemy.util.test.junit.AutoTests" name="[100] /home/travis/build/icyphy/ptII/ptolemy/domains/continuous/test/auto/NewtonsCradleNondeterministic.xml (RunModel)" time="0.75" />
  <testcase classname="ptolemy.util.test.junit.AutoTests" name="[101] /home/travis/build/icyphy/ptII/ptolemy/domains/continuous/test/auto/NewtonsCradlePerfectlyInelastic1.xml (RunModel)" time="1.229" />
  <testcase classname="ptolemy.util.test.junit.AutoTests" name="[102] /home/travis/build/icyphy/ptII/ptolemy/domains/continuous/test/auto/Noise.xml (RunModel)" time="0.206" />
  <testcase classname="ptolemy.util.test.junit.AutoTests" name="[103] /home/travis/build/icyphy/ptII/ptolemy/domains/continuous/test/auto/NoiseSpectrum.xml (RunModel)" time="0.755" />
  <testcase classname="ptolemy.util.test.junit.AutoTests" name="[104] /home/travis/build/icyphy/ptII/ptolemy/domains/continuous/test/auto/ParameterizedNewtonsCradleAnimated.xml (RunModel)" time="0.345" />
  <testcase classname="ptolemy.util.test.junit.AutoTests" name="[105] /home/travis/build/icyphy/ptII/ptolemy/domains/continuous/test/auto/ParameterizedNewtonsCradleAnimatedNondeterministic.xml (RunModel)" time="1.101" />
  <testcase classname="ptolemy.util.test.junit.AutoTests" name="[106] /home/travis/build/icyphy/ptII/ptolemy/domains/continuous/test/auto/Pendulum3D.xml (RunModel)" time="0.158" />
  <testcase classname="ptolemy.util.test.junit.AutoTests" name="[107] /home/travis/build/icyphy/ptII/ptolemy/domains/continuous/test/auto/PeriodicSampler.xml (RunModel)" time="0.009" />
  <testcase classname="ptolemy.util.test.junit.AutoTests" name="[108] /home/travis/build/icyphy/ptII/ptolemy/domains/continuous/test/auto/PeriodicSampler1.xml (RunModel)" time="0.037" />
  <testcase classname="ptolemy.util.test.junit.AutoTests" name="[109] /home/travis/build/icyphy/ptII/ptolemy/domains/continuous/test/auto/PeriodicSampler2.xml (RunModel)" time="0.07" />
  <testcase classname="ptolemy.util.test.junit.AutoTests" name="[110] /home/travis/build/icyphy/ptII/ptolemy/domains/continuous/test/auto/Poisson.xml (RunModel)" time="0.442" />
  <testcase classname="ptolemy.util.test.junit.AutoTests" name="[111] /home/travis/build/icyphy/ptII/ptolemy/domains/continuous/test/auto/PoissonClock.xml (RunModel)" time="0.014" />
  <testcase classname="ptolemy.util.test.junit.AutoTests" name="[112] /home/travis/build/icyphy/ptII/ptolemy/domains/continuous/test/auto/PoissonClock2.xml (RunModel)" time="0.012" />
  <testcase classname="ptolemy.util.test.junit.AutoTests" name="[113] /home/travis/build/icyphy/ptII/ptolemy/domains/continuous/test/auto/PortParameterHierarchy.xml (RunModel)" time="0.033" />
  <testcase classname="ptolemy.util.test.junit.AutoTests" name="[114] /home/travis/build/icyphy/ptII/ptolemy/domains/continuous/test/auto/RandomHybridPlant.xml (RunModel)" time="0.555" />
  <testcase classname="ptolemy.util.test.junit.AutoTests" name="[115] /home/travis/build/icyphy/ptII/ptolemy/domains/continuous/test/auto/ResetTransitionWithStartTime1.xml (RunModel)" time="0.031" />
  <testcase classname="ptolemy.util.test.junit.AutoTests" name="[116] /home/travis/build/icyphy/ptII/ptolemy/domains/continuous/test/auto/ResetTransitionWithStartTime2.xml (RunModel)" time="0.037" />
  <testcase classname="ptolemy.util.test.junit.AutoTests" name="[117] /home/travis/build/icyphy/ptII/ptolemy/domains/continuous/test/auto/ResetTransitionWithStartTime3.xml (RunModel)" time="0.033" />
  <testcase classname="ptolemy.util.test.junit.AutoTests" name="[118] /home/travis/build/icyphy/ptII/ptolemy/domains/continuous/test/auto/ResetTransitionWithStartTime4.xml (RunModel)" time="0.021" />
  <testcase classname="ptolemy.util.test.junit.AutoTests" name="[119] /home/travis/build/icyphy/ptII/ptolemy/domains/continuous/test/auto/ResetTransitionWithStartTime5.xml (RunModel)" time="0.028" />
  <testcase classname="ptolemy.util.test.junit.AutoTests" name="[120] /home/travis/build/icyphy/ptII/ptolemy/domains/continuous/test/auto/ResetTransitionWithStartTime6.xml (RunModel)" time="0.031" />
  <testcase classname="ptolemy.util.test.junit.AutoTests" name="[121] /home/travis/build/icyphy/ptII/ptolemy/domains/continuous/test/auto/SRinContinuous.xml (RunModel)" time="0.021" />
  <testcase classname="ptolemy.util.test.junit.AutoTests" name="[122] /home/travis/build/icyphy/ptII/ptolemy/domains/continuous/test/auto/SampledClocks.xml (RunModel)" time="0.026" />
  <testcase classname="ptolemy.util.test.junit.AutoTests" name="[123] /home/travis/build/icyphy/ptII/ptolemy/domains/continuous/test/auto/Satellite.xml (RunModel)" time="0.71" />
  <testcase classname="ptolemy.util.test.junit.AutoTests" name="[124] /home/travis/build/icyphy/ptII/ptolemy/domains/continuous/test/auto/SigmaDelta.xml (RunModel)" time="2.027" />
  <testcase classname="ptolemy.util.test.junit.AutoTests" name="[125] /home/travis/build/icyphy/ptII/ptolemy/domains/continuous/test/auto/SingleRefinement.xml (RunModel)" time="0.398" />
  <testcase classname="ptolemy.util.test.junit.AutoTests" name="[126] /home/travis/build/icyphy/ptII/ptolemy/domains/continuous/test/auto/SinuBouncingBall.xml (RunModel)" time="0.807" />
  <testcase classname="ptolemy.util.test.junit.AutoTests" name="[127] /home/travis/build/icyphy/ptII/ptolemy/domains/continuous/test/auto/Sinusoid.xml (RunModel)" time="0.019" />
  <testcase classname="ptolemy.util.test.junit.AutoTests" name="[128] /home/travis/build/icyphy/ptII/ptolemy/domains/continuous/test/auto/SinusoidInNoise.xml (RunModel)" time="0.745" />
  <testcase classname="ptolemy.util.test.junit.AutoTests" name="[129] /home/travis/build/icyphy/ptII/ptolemy/domains/continuous/test/auto/SinusoidRK45.xml (RunModel)" time="0.016" />
  <testcase classname="ptolemy.util.test.junit.AutoTests" name="[130] /home/travis/build/icyphy/ptII/ptolemy/domains/continuous/test/auto/SinusoidWithMultipleImpulses.xml (RunModel)" time="0.014" />
  <testcase classname="ptolemy.util.test.junit.AutoTests" name="[131] /home/travis/build/icyphy/ptII/ptolemy/domains/continuous/test/auto/SquareWave.xml (RunModel)" time="0.143" />
  <testcase classname="ptolemy.util.test.junit.AutoTests" name="[132] /home/travis/build/icyphy/ptII/ptolemy/domains/continuous/test/auto/Starmac.xml (RunModel)" time="3.331" />
  <testcase classname="ptolemy.util.test.junit.AutoTests" name="[133] /home/travis/build/icyphy/ptII/ptolemy/domains/continuous/test/auto/StaticUnits.xml (RunModel)" time="2.327" />
  <testcase classname="ptolemy.util.test.junit.AutoTests" name="[134] /home/travis/build/icyphy/ptII/ptolemy/domains/continuous/test/auto/StickyMasses.xml (RunModel)" time="0.19" />
  <testcase classname="ptolemy.util.test.junit.AutoTests" name="[135] /home/travis/build/icyphy/ptII/ptolemy/domains/continuous/test/auto/StopTime.xml (RunModel)" time="0.07" />
  <testcase classname="ptolemy.util.test.junit.AutoTests" name="[136] /home/travis/build/icyphy/ptII/ptolemy/domains/continuous/test/auto/StopTime2.xml (RunModel)" time="0.052" />
  <testcase classname="ptolemy.util.test.junit.AutoTests" name="[137] /home/travis/build/icyphy/ptII/ptolemy/domains/continuous/test/auto/Switch.xml (RunModel)" time="0.062" />
  <testcase classname="ptolemy.util.test.junit.AutoTests" name="[138] /home/travis/build/icyphy/ptII/ptolemy/domains/continuous/test/auto/Thermostat.xml (RunModel)" time="0.185" />
  <testcase classname="ptolemy.util.test.junit.AutoTests" name="[139] /home/travis/build/icyphy/ptII/ptolemy/domains/continuous/test/auto/TimeDelay.xml (RunModel)" time="0.011" />
  <testcase classname="ptolemy.util.test.junit.AutoTests" name="[140] /home/travis/build/icyphy/ptII/ptolemy/domains/continuous/test/auto/TimeDelay2.xml (RunModel)" time="0.021" />
  <testcase classname="ptolemy.util.test.junit.AutoTests" name="[141] /home/travis/build/icyphy/ptII/ptolemy/domains/continuous/test/auto/TimeDelay3.xml (RunModel)" time="0.008" />
  <testcase classname="ptolemy.util.test.junit.AutoTests" name="[142] /home/travis/build/icyphy/ptII/ptolemy/domains/continuous/test/auto/TransferAbsentToInside.xml (RunModel)" time="0.106" />
  <testcase classname="ptolemy.util.test.junit.AutoTests" name="[143] /home/travis/build/icyphy/ptII/ptolemy/domains/continuous/test/auto/Transmission.xml (RunModel)" time="0.817" />
  <testcase classname="ptolemy.util.test.junit.AutoTests" name="[144] /home/travis/build/icyphy/ptII/ptolemy/domains/continuous/test/auto/TriggeredContinuousClock.xml (RunModel)" time="0.07" />
  <testcase classname="ptolemy.util.test.junit.AutoTests" name="[145] /home/travis/build/icyphy/ptII/ptolemy/domains/continuous/test/auto/TwoMachineInfiniteBusControl.xml (RunModel)" time="2.698" />
  <testcase classname="ptolemy.util.test.junit.AutoTests" name="[146] /home/travis/build/icyphy/ptII/ptolemy/domains/continuous/test/auto/V2V.xml (RunModel)" time="0.814" />
  <testcase classname="ptolemy.util.test.junit.AutoTests" name="[147] /home/travis/build/icyphy/ptII/ptolemy/domains/continuous/test/auto/hierarchicalModalModel.xml (RunModel)" time="0.029" />
  <testcase classname="ptolemy.util.test.junit.AutoTests" name="[148] /home/travis/build/icyphy/ptII/ptolemy/domains/continuous/test/auto/hierarchicalModalModel1.xml (RunModel)" time="0.028" />
  <testcase classname="ptolemy.util.test.junit.AutoTests" name="[149] /home/travis/build/icyphy/ptII/ptolemy/domains/continuous/test/auto/hierarchicalModalModel2.xml (RunModel)" time="0.026" />
  <testcase classname="ptolemy.util.test.junit.AutoTests" name="[150] /home/travis/build/icyphy/ptII/ptolemy/domains/continuous/test/auto/hierarchicalModalModel3.xml (RunModel)" time="0.019" />
  <testcase classname="ptolemy.util.test.junit.AutoTests" name="[151] /home/travis/build/icyphy/ptII/ptolemy/domains/continuous/test/auto/hierarchicalModalModel4.xml (RunModel)" time="0.02" />
  <testcase classname="ptolemy.util.test.junit.AutoTests" name="[152] /home/travis/build/icyphy/ptII/ptolemy/domains/continuous/test/auto/junk.xml (RunModel)" time="0.131" />
  <system-out><![CDATA[No tcl tests in /home/travis/build/icyphy/ptII/ptolemy/domains/continuous/test
No auto/knownFailedTests/*.xml tests in /home/travis/build/icyphy/ptII/ptolemy/domains/continuous/test
No auto/linux-amd64/*.xml tests in /home/travis/build/icyphy/ptII/ptolemy/domains/continuous/test
AutoTests.java: About to close Vertx.
AutoTests.java: Vertx closed.

===========================================================================================
----------------- testing Fri Jan 03 00:35:30 UTC 2020 /home/travis/build/icyphy/ptII/ptolemy/domains/continuous/test/auto/BouncingBall.xml
----------------- Instantiating /home/travis/build/icyphy/ptII/ptolemy/domains/continuous/test/auto/BouncingBall.xml
2377 ms. Memory: 159744K Free: 77533K (49%)
----------------- Invoking toplevel() on ptolemy.moml.MoMLSimpleApplication@3becbc9d
----------------- Done invoking toplevel() on ptolemy.moml.MoMLSimpleApplication@3becbc9d
reloadAllAccessors: .BouncingBall

===========================================================================================
----------------- testing Fri Jan 03 00:35:33 UTC 2020 /home/travis/build/icyphy/ptII/ptolemy/domains/continuous/test/auto/BouncingBallWithoutGR.xml
----------------- Instantiating /home/travis/build/icyphy/ptII/ptolemy/domains/continuous/test/auto/BouncingBallWithoutGR.xml
677 ms. Memory: 159744K Free: 79963K (50%)
----------------- Invoking toplevel() on ptolemy.moml.MoMLSimpleApplication@5d52c1be
----------------- Done invoking toplevel() on ptolemy.moml.MoMLSimpleApplication@5d52c1be
reloadAllAccessors: .BouncingBallWithoutGR

===========================================================================================
----------------- testing Fri Jan 03 00:35:33 UTC 2020 /home/travis/build/icyphy/ptII/ptolemy/domains/continuous/test/auto/Brownian.xml
----------------- Instantiating /home/travis/build/icyphy/ptII/ptolemy/domains/continuous/test/auto/Brownian.xml
27 ms. Memory: 159744K Free: 70747K (44%)
----------------- Invoking toplevel() on ptolemy.moml.MoMLSimpleApplication@52b985b8
----------------- Done invoking toplevel() on ptolemy.moml.MoMLSimpleApplication@52b985b8
reloadAllAccessors: .Brownian

===========================================================================================
----------------- testing Fri Jan 03 00:35:33 UTC 2020 /home/travis/build/icyphy/ptII/ptolemy/domains/continuous/test/auto/CarTracking.xml
----------------- Instantiating /home/travis/build/icyphy/ptII/ptolemy/domains/continuous/test/auto/CarTracking.xml
4073 ms. Memory: 231424K Free: 133826K (58%)
----------------- Invoking toplevel() on ptolemy.moml.MoMLSimpleApplication@5c4f99d1
----------------- Done invoking toplevel() on ptolemy.moml.MoMLSimpleApplication@5c4f99d1
reloadAllAccessors: .CarTracking

===========================================================================================
----------------- testing Fri Jan 03 00:35:38 UTC 2020 /home/travis/build/icyphy/ptII/ptolemy/domains/continuous/test/auto/CartPendulum.xml
----------------- Instantiating /home/travis/build/icyphy/ptII/ptolemy/domains/continuous/test/auto/CartPendulum.xml
413 ms. Memory: 231424K Free: 175361K (76%)
----------------- Invoking toplevel() on ptolemy.moml.MoMLSimpleApplication@135cca3f
----------------- Done invoking toplevel() on ptolemy.moml.MoMLSimpleApplication@135cca3f
reloadAllAccessors: .CartPendulum

===========================================================================================
----------------- testing Fri Jan 03 00:35:39 UTC 2020 /home/travis/build/icyphy/ptII/ptolemy/domains/continuous/test/auto/CausalityInterface10.xml
----------------- Instantiating /home/travis/build/icyphy/ptII/ptolemy/domains/continuous/test/auto/CausalityInterface10.xml
11 ms. Memory: 231424K Free: 164607K (71%)
----------------- Invoking toplevel() on ptolemy.moml.MoMLSimpleApplication@b4909ce
----------------- Done invoking toplevel() on ptolemy.moml.MoMLSimpleApplication@b4909ce
reloadAllAccessors: .CausalityInterface10

===========================================================================================
----------------- testing Fri Jan 03 00:35:39 UTC 2020 /home/travis/build/icyphy/ptII/ptolemy/domains/continuous/test/auto/CausalityInterface11.xml
----------------- Instantiating /home/travis/build/icyphy/ptII/ptolemy/domains/continuous/test/auto/CausalityInterface11.xml
9 ms. Memory: 231424K Free: 158463K (68%)
----------------- Invoking toplevel() on ptolemy.moml.MoMLSimpleApplication@b1482c0
----------------- Done invoking toplevel() on ptolemy.moml.MoMLSimpleApplication@b1482c0
reloadAllAccessors: .CausalityInterface11

===========================================================================================
----------------- testing Fri Jan 03 00:35:39 UTC 2020 /home/travis/build/icyphy/ptII/ptolemy/domains/continuous/test/auto/CausalityInterface12.xml
----------------- Instantiating /home/travis/build/icyphy/ptII/ptolemy/domains/continuous/test/auto/CausalityInterface12.xml
8 ms. Memory: 231424K Free: 152288K (66%)
----------------- Invoking toplevel() on ptolemy.moml.MoMLSimpleApplication@2a50bb8d
----------------- Done invoking toplevel() on ptolemy.moml.MoMLSimpleApplication@2a50bb8d
reloadAllAccessors: .CausalityInterface12

===========================================================================================
----------------- testing Fri Jan 03 00:35:39 UTC 2020 /home/travis/build/icyphy/ptII/ptolemy/domains/continuous/test/auto/CausalityInterface13.xml
----------------- Instantiating /home/travis/build/icyphy/ptII/ptolemy/domains/continuous/test/auto/CausalityInterface13.xml
8 ms. Memory: 231424K Free: 146175K (63%)
----------------- Invoking toplevel() on ptolemy.moml.MoMLSimpleApplication@39753d93
----------------- Done invoking toplevel() on ptolemy.moml.MoMLSimpleApplication@39753d93
reloadAllAccessors: .CausalityInterface13

===========================================================================================
----------------- testing Fri Jan 03 00:35:39 UTC 2020 /home/travis/build/icyphy/ptII/ptolemy/domains/continuous/test/auto/CausalityInterface14.xml
----------------- Instantiating /home/travis/build/icyphy/ptII/ptolemy/domains/continuous/test/auto/CausalityInterface14.xml
3 ms. Memory: 231424K Free: 140545K (61%)
----------------- Invoking toplevel() on ptolemy.moml.MoMLSimpleApplication@4fdbcdba
----------------- Done invoking toplevel() on ptolemy.moml.MoMLSimpleApplication@4fdbcdba
reloadAllAccessors: .CausalityInterface14

===========================================================================================
----------------- testing Fri Jan 03 00:35:39 UTC 2020 /home/travis/build/icyphy/ptII/ptolemy/domains/continuous/test/auto/CausalityInterface4.xml
----------------- Instantiating /home/travis/build/icyphy/ptII/ptolemy/domains/continuous/test/auto/CausalityInterface4.xml
4 ms. Memory: 231424K Free: 133887K (58%)
----------------- Invoking toplevel() on ptolemy.moml.MoMLSimpleApplication@10ae40c5
----------------- Done invoking toplevel() on ptolemy.moml.MoMLSimpleApplication@10ae40c5
reloadAllAccessors: .CausalityInterface4

===========================================================================================
----------------- testing Fri Jan 03 00:35:39 UTC 2020 /home/travis/build/icyphy/ptII/ptolemy/domains/continuous/test/auto/CausalityInterface5.xml
----------------- Instantiating /home/travis/build/icyphy/ptII/ptolemy/domains/continuous/test/auto/CausalityInterface5.xml
10 ms. Memory: 231424K Free: 125695K (54%)
----------------- Invoking toplevel() on ptolemy.moml.MoMLSimpleApplication@40298da2
----------------- Done invoking toplevel() on ptolemy.moml.MoMLSimpleApplication@40298da2
reloadAllAccessors: .CausalityInterface5

===========================================================================================
----------------- testing Fri Jan 03 00:35:39 UTC 2020 /home/travis/build/icyphy/ptII/ptolemy/domains/continuous/test/auto/CausalityInterface6.xml
----------------- Instantiating /home/travis/build/icyphy/ptII/ptolemy/domains/continuous/test/auto/CausalityInterface6.xml
4 ms. Memory: 231424K Free: 120560K (52%)
----------------- Invoking toplevel() on ptolemy.moml.MoMLSimpleApplication@335dff81
----------------- Done invoking toplevel() on ptolemy.moml.MoMLSimpleApplication@335dff81
reloadAllAccessors: .CausalityInterface6

===========================================================================================
----------------- testing Fri Jan 03 00:35:39 UTC 2020 /home/travis/build/icyphy/ptII/ptolemy/domains/continuous/test/auto/CausalityInterface7.xml
----------------- Instantiating /home/travis/build/icyphy/ptII/ptolemy/domains/continuous/test/auto/CausalityInterface7.xml
11 ms. Memory: 231424K Free: 111873K (48%)
----------------- Invoking toplevel() on ptolemy.moml.MoMLSimpleApplication@42e01ab7
----------------- Done invoking toplevel() on ptolemy.moml.MoMLSimpleApplication@42e01ab7
reloadAllAccessors: .CausalityInterface7

===========================================================================================
----------------- testing Fri Jan 03 00:35:39 UTC 2020 /home/travis/build/icyphy/ptII/ptolemy/domains/continuous/test/auto/CausalityInterface8.xml
----------------- Instantiating /home/travis/build/icyphy/ptII/ptolemy/domains/continuous/test/auto/CausalityInterface8.xml
6 ms. Memory: 231424K Free: 102657K (44%)
----------------- Invoking toplevel() on ptolemy.moml.MoMLSimpleApplication@18b024ec
----------------- Done invoking toplevel() on ptolemy.moml.MoMLSimpleApplication@18b024ec
reloadAllAccessors: .CausalityInterface8

===========================================================================================
----------------- testing Fri Jan 03 00:35:39 UTC 2020 /home/travis/build/icyphy/ptII/ptolemy/domains/continuous/test/auto/CausalityInterface9.xml
----------------- Instantiating /home/travis/build/icyphy/ptII/ptolemy/domains/continuous/test/auto/CausalityInterface9.xml
10 ms. Memory: 231424K Free: 91903K (40%)
----------------- Invoking toplevel() on ptolemy.moml.MoMLSimpleApplication@18b68119
----------------- Done invoking toplevel() on ptolemy.moml.MoMLSimpleApplication@18b68119
reloadAllAccessors: .CausalityInterface9

===========================================================================================
----------------- testing Fri Jan 03 00:35:39 UTC 2020 /home/travis/build/icyphy/ptII/ptolemy/domains/continuous/test/auto/CausalityInterfaceFeedback1.xml
----------------- Instantiating /home/travis/build/icyphy/ptII/ptolemy/domains/continuous/test/auto/CausalityInterfaceFeedback1.xml
5 ms. Memory: 231424K Free: 85249K (37%)
----------------- Invoking toplevel() on ptolemy.moml.MoMLSimpleApplication@7ea5ff45
----------------- Done invoking toplevel() on ptolemy.moml.MoMLSimpleApplication@7ea5ff45
reloadAllAccessors: .CausalityInterfaceFeedback1

===========================================================================================
----------------- testing Fri Jan 03 00:35:39 UTC 2020 /home/travis/build/icyphy/ptII/ptolemy/domains/continuous/test/auto/CausalityInterfaceFeedback2.xml
----------------- Instantiating /home/travis/build/icyphy/ptII/ptolemy/domains/continuous/test/auto/CausalityInterfaceFeedback2.xml
4 ms. Memory: 231424K Free: 216013K (93%)
----------------- Invoking toplevel() on ptolemy.moml.MoMLSimpleApplication@4395b04c
----------------- Done invoking toplevel() on ptolemy.moml.MoMLSimpleApplication@4395b04c
reloadAllAccessors: .CausalityInterfaceFeedback2

===========================================================================================
----------------- testing Fri Jan 03 00:35:39 UTC 2020 /home/travis/build/icyphy/ptII/ptolemy/domains/continuous/test/auto/CompareWithCurrentTime.xml
----------------- Instantiating /home/travis/build/icyphy/ptII/ptolemy/domains/continuous/test/auto/CompareWithCurrentTime.xml
4 ms. Memory: 231424K Free: 211931K (92%)
----------------- Invoking toplevel() on ptolemy.moml.MoMLSimpleApplication@11f34231
----------------- Done invoking toplevel() on ptolemy.moml.MoMLSimpleApplication@11f34231
reloadAllAccessors: .CompareWithCurrentTime

===========================================================================================
----------------- testing Fri Jan 03 00:35:39 UTC 2020 /home/travis/build/icyphy/ptII/ptolemy/domains/continuous/test/auto/ComparedClocks.xml
----------------- Instantiating /home/travis/build/icyphy/ptII/ptolemy/domains/continuous/test/auto/ComparedClocks.xml
7 ms. Memory: 231424K Free: 196557K (85%)
----------------- Invoking toplevel() on ptolemy.moml.MoMLSimpleApplication@a1c3dd4
----------------- Done invoking toplevel() on ptolemy.moml.MoMLSimpleApplication@a1c3dd4
reloadAllAccessors: .ComparedClocks

===========================================================================================
----------------- testing Fri Jan 03 00:35:39 UTC 2020 /home/travis/build/icyphy/ptII/ptolemy/domains/continuous/test/auto/ContinuousAOCClone.xml
----------------- Instantiating /home/travis/build/icyphy/ptII/ptolemy/domains/continuous/test/auto/ContinuousAOCClone.xml
2439 ms. Memory: 278528K Free: 247971K (89%)
----------------- Invoking toplevel() on ptolemy.moml.MoMLSimpleApplication@7b7aac58
----------------- Done invoking toplevel() on ptolemy.moml.MoMLSimpleApplication@7b7aac58
reloadAllAccessors: .ContinuousAOCClone

===========================================================================================
----------------- testing Fri Jan 03 00:35:42 UTC 2020 /home/travis/build/icyphy/ptII/ptolemy/domains/continuous/test/auto/ContinuousClock.xml
----------------- Instantiating /home/travis/build/icyphy/ptII/ptolemy/domains/continuous/test/auto/ContinuousClock.xml
41 ms. Memory: 278528K Free: 225957K (81%)
----------------- Invoking toplevel() on ptolemy.moml.MoMLSimpleApplication@8171347
----------------- Done invoking toplevel() on ptolemy.moml.MoMLSimpleApplication@8171347
reloadAllAccessors: .ContinuousClock

===========================================================================================
----------------- testing Fri Jan 03 00:35:42 UTC 2020 /home/travis/build/icyphy/ptII/ptolemy/domains/continuous/test/auto/ContinuousInContinuous.xml
----------------- Instantiating /home/travis/build/icyphy/ptII/ptolemy/domains/continuous/test/auto/ContinuousInContinuous.xml
39 ms. Memory: 278528K Free: 202405K (73%)
----------------- Invoking toplevel() on ptolemy.moml.MoMLSimpleApplication@23084fcd
----------------- Done invoking toplevel() on ptolemy.moml.MoMLSimpleApplication@23084fcd
reloadAllAccessors: .ContinuousInContinuous

===========================================================================================
----------------- testing Fri Jan 03 00:35:42 UTC 2020 /home/travis/build/icyphy/ptII/ptolemy/domains/continuous/test/auto/ContinuousInContinuousInContinuous.xml
----------------- Instantiating /home/travis/build/icyphy/ptII/ptolemy/domains/continuous/test/auto/ContinuousInContinuousInContinuous.xml
5 ms. Memory: 278528K Free: 194723K (70%)
----------------- Invoking toplevel() on ptolemy.moml.MoMLSimpleApplication@981a0a0
----------------- Done invoking toplevel() on ptolemy.moml.MoMLSimpleApplication@981a0a0
reloadAllAccessors: .ContinuousInContinuousInContinuous

===========================================================================================
----------------- testing Fri Jan 03 00:35:42 UTC 2020 /home/travis/build/icyphy/ptII/ptolemy/domains/continuous/test/auto/ContinuousInDE.xml
----------------- Instantiating /home/travis/build/icyphy/ptII/ptolemy/domains/continuous/test/auto/ContinuousInDE.xml
88 ms. Memory: 278528K Free: 184483K (66%)
----------------- Invoking toplevel() on ptolemy.moml.MoMLSimpleApplication@547cd19
----------------- Done invoking toplevel() on ptolemy.moml.MoMLSimpleApplication@547cd19
reloadAllAccessors: .ContinuousInDE

===========================================================================================
----------------- testing Fri Jan 03 00:35:42 UTC 2020 /home/travis/build/icyphy/ptII/ptolemy/domains/continuous/test/auto/ContinuousInDE2.xml
----------------- Instantiating /home/travis/build/icyphy/ptII/ptolemy/domains/continuous/test/auto/ContinuousInDE2.xml
41 ms. Memory: 278528K Free: 174757K (63%)
----------------- Invoking toplevel() on ptolemy.moml.MoMLSimpleApplication@23ffad0c
----------------- Done invoking toplevel() on ptolemy.moml.MoMLSimpleApplication@23ffad0c
reloadAllAccessors: .ContinuousInDE2

===========================================================================================
----------------- testing Fri Jan 03 00:35:42 UTC 2020 /home/travis/build/icyphy/ptII/ptolemy/domains/continuous/test/auto/ContinuousInDE3.xml
----------------- Instantiating /home/travis/build/icyphy/ptII/ptolemy/domains/continuous/test/auto/ContinuousInDE3.xml
34 ms. Memory: 278528K Free: 165027K (59%)
----------------- Invoking toplevel() on ptolemy.moml.MoMLSimpleApplication@4feb1beb
----------------- Done invoking toplevel() on ptolemy.moml.MoMLSimpleApplication@4feb1beb
reloadAllAccessors: .ContinuousInDE3

===========================================================================================
----------------- testing Fri Jan 03 00:35:42 UTC 2020 /home/travis/build/icyphy/ptII/ptolemy/domains/continuous/test/auto/ContinuousInDE4.xml
----------------- Instantiating /home/travis/build/icyphy/ptII/ptolemy/domains/continuous/test/auto/ContinuousInDE4.xml
13 ms. Memory: 278528K Free: 158883K (57%)
----------------- Invoking toplevel() on ptolemy.moml.MoMLSimpleApplication@3167d5b7
----------------- Done invoking toplevel() on ptolemy.moml.MoMLSimpleApplication@3167d5b7
reloadAllAccessors: .ContinuousInDE4

===========================================================================================
----------------- testing Fri Jan 03 00:35:42 UTC 2020 /home/travis/build/icyphy/ptII/ptolemy/domains/continuous/test/auto/ContinuousInDEDifferentRefinements.xml
----------------- Instantiating /home/travis/build/icyphy/ptII/ptolemy/domains/continuous/test/auto/ContinuousInDEDifferentRefinements.xml
52 ms. Memory: 278528K Free: 127653K (46%)
----------------- Invoking toplevel() on ptolemy.moml.MoMLSimpleApplication@70a2ed35
----------------- Done invoking toplevel() on ptolemy.moml.MoMLSimpleApplication@70a2ed35
reloadAllAccessors: .ContinuousInDEDifferentRefinements

===========================================================================================
----------------- testing Fri Jan 03 00:35:42 UTC 2020 /home/travis/build/icyphy/ptII/ptolemy/domains/continuous/test/auto/ContinuousInDEDifferentRefinementsPreemptive.xml
----------------- Instantiating /home/travis/build/icyphy/ptII/ptolemy/domains/continuous/test/auto/ContinuousInDEDifferentRefinementsPreemptive.xml
58 ms. Memory: 278528K Free: 261868K (94%)
----------------- Invoking toplevel() on ptolemy.moml.MoMLSimpleApplication@5d28b1b7
----------------- Done invoking toplevel() on ptolemy.moml.MoMLSimpleApplication@5d28b1b7
reloadAllAccessors: .ContinuousInDEDifferentRefinementsPreemptive

===========================================================================================
----------------- testing Fri Jan 03 00:35:42 UTC 2020 /home/travis/build/icyphy/ptII/ptolemy/domains/continuous/test/auto/ContinuousInDEInContinuous2.xml
----------------- Instantiating /home/travis/build/icyphy/ptII/ptolemy/domains/continuous/test/auto/ContinuousInDEInContinuous2.xml
37 ms. Memory: 278528K Free: 250434K (90%)
----------------- Invoking toplevel() on ptolemy.moml.MoMLSimpleApplication@745619e8
----------------- Done invoking toplevel() on ptolemy.moml.MoMLSimpleApplication@745619e8
reloadAllAccessors: .ContinuousInDEInContinuous2

===========================================================================================
----------------- testing Fri Jan 03 00:35:42 UTC 2020 /home/travis/build/icyphy/ptII/ptolemy/domains/continuous/test/auto/ContinuousInDEInContinuous3.xml
----------------- Instantiating /home/travis/build/icyphy/ptII/ptolemy/domains/continuous/test/auto/ContinuousInDEInContinuous3.xml
37 ms. Memory: 278528K Free: 238146K (86%)
----------------- Invoking toplevel() on ptolemy.moml.MoMLSimpleApplication@5aebc515
----------------- Done invoking toplevel() on ptolemy.moml.MoMLSimpleApplication@5aebc515
reloadAllAccessors: .ContinuousInDEInContinuous3

===========================================================================================
----------------- testing Fri Jan 03 00:35:43 UTC 2020 /home/travis/build/icyphy/ptII/ptolemy/domains/continuous/test/auto/ContinuousInDEInput.xml
----------------- Instantiating /home/travis/build/icyphy/ptII/ptolemy/domains/continuous/test/auto/ContinuousInDEInput.xml
14 ms. Memory: 278528K Free: 230978K (83%)
----------------- Invoking toplevel() on ptolemy.moml.MoMLSimpleApplication@f3681c1
----------------- Done invoking toplevel() on ptolemy.moml.MoMLSimpleApplication@f3681c1
reloadAllAccessors: .ContinuousInDEInput

===========================================================================================
----------------- testing Fri Jan 03 00:35:43 UTC 2020 /home/travis/build/icyphy/ptII/ptolemy/domains/continuous/test/auto/ContinuousInDEInput2.xml
----------------- Instantiating /home/travis/build/icyphy/ptII/ptolemy/domains/continuous/test/auto/ContinuousInDEInput2.xml
12 ms. Memory: 278528K Free: 223810K (80%)
----------------- Invoking toplevel() on ptolemy.moml.MoMLSimpleApplication@f98be9f
----------------- Done invoking toplevel() on ptolemy.moml.MoMLSimpleApplication@f98be9f
reloadAllAccessors: .ContinuousInDEInput2

===========================================================================================
----------------- testing Fri Jan 03 00:35:43 UTC 2020 /home/travis/build/icyphy/ptII/ptolemy/domains/continuous/test/auto/ContinuousInDEInput3.xml
----------------- Instantiating /home/travis/build/icyphy/ptII/ptolemy/domains/continuous/test/auto/ContinuousInDEInput3.xml
13 ms. Memory: 278528K Free: 216642K (78%)
----------------- Invoking toplevel() on ptolemy.moml.MoMLSimpleApplication@50920684
----------------- Done invoking toplevel() on ptolemy.moml.MoMLSimpleApplication@50920684
reloadAllAccessors: .ContinuousInDEInput3

===========================================================================================
----------------- testing Fri Jan 03 00:35:43 UTC 2020 /home/travis/build/icyphy/ptII/ptolemy/domains/continuous/test/auto/ContinuousInDESharingRefinement.xml
----------------- Instantiating /home/travis/build/icyphy/ptII/ptolemy/domains/continuous/test/auto/ContinuousInDESharingRefinement.xml
193 ms. Memory: 278528K Free: 122434K (44%)
----------------- Invoking toplevel() on ptolemy.moml.MoMLSimpleApplication@1e530d40
----------------- Done invoking toplevel() on ptolemy.moml.MoMLSimpleApplication@1e530d40
reloadAllAccessors: .ContinuousInDESharingRefinement

===========================================================================================
----------------- testing Fri Jan 03 00:35:43 UTC 2020 /home/travis/build/icyphy/ptII/ptolemy/domains/continuous/test/auto/ContinuousInDEwithNoPorts.xml
----------------- Instantiating /home/travis/build/icyphy/ptII/ptolemy/domains/continuous/test/auto/ContinuousInDEwithNoPorts.xml
5 ms. Memory: 278528K Free: 118338K (42%)
----------------- Invoking toplevel() on ptolemy.moml.MoMLSimpleApplication@179e3248
----------------- Done invoking toplevel() on ptolemy.moml.MoMLSimpleApplication@179e3248
reloadAllAccessors: .ContinuousInDEwithNoPorts

===========================================================================================
----------------- testing Fri Jan 03 00:35:43 UTC 2020 /home/travis/build/icyphy/ptII/ptolemy/domains/continuous/test/auto/ContinuousInsideDE.xml
----------------- Instantiating /home/travis/build/icyphy/ptII/ptolemy/domains/continuous/test/auto/ContinuousInsideDE.xml
33 ms. Memory: 278528K Free: 106560K (38%)
----------------- Invoking toplevel() on ptolemy.moml.MoMLSimpleApplication@4001622f
----------------- Done invoking toplevel() on ptolemy.moml.MoMLSimpleApplication@4001622f
reloadAllAccessors: .ContinuousInsideDE

===========================================================================================
----------------- testing Fri Jan 03 00:35:43 UTC 2020 /home/travis/build/icyphy/ptII/ptolemy/domains/continuous/test/auto/ContinuousMerge1.xml
----------------- Instantiating /home/travis/build/icyphy/ptII/ptolemy/domains/continuous/test/auto/ContinuousMerge1.xml
2 ms. Memory: 278528K Free: 102450K (37%)
----------------- Invoking toplevel() on ptolemy.moml.MoMLSimpleApplication@315edd1d
----------------- Done invoking toplevel() on ptolemy.moml.MoMLSimpleApplication@315edd1d
reloadAllAccessors: .ContinuousMerge1

===========================================================================================
----------------- testing Fri Jan 03 00:35:43 UTC 2020 /home/travis/build/icyphy/ptII/ptolemy/domains/continuous/test/auto/ContinuousMerge2.xml
----------------- Instantiating /home/travis/build/icyphy/ptII/ptolemy/domains/continuous/test/auto/ContinuousMerge2.xml
12 ms. Memory: 278528K Free: 257616K (92%)
----------------- Invoking toplevel() on ptolemy.moml.MoMLSimpleApplication@27ff337c
----------------- Done invoking toplevel() on ptolemy.moml.MoMLSimpleApplication@27ff337c
reloadAllAccessors: .ContinuousMerge2

===========================================================================================
----------------- testing Fri Jan 03 00:35:43 UTC 2020 /home/travis/build/icyphy/ptII/ptolemy/domains/continuous/test/auto/ContinuousMerge3.xml
----------------- Instantiating /home/travis/build/icyphy/ptII/ptolemy/domains/continuous/test/auto/ContinuousMerge3.xml
33 ms. Memory: 278528K Free: 246866K (89%)
----------------- Invoking toplevel() on ptolemy.moml.MoMLSimpleApplication@41cd7f3
----------------- Done invoking toplevel() on ptolemy.moml.MoMLSimpleApplication@41cd7f3
reloadAllAccessors: .ContinuousMerge3

===========================================================================================
----------------- testing Fri Jan 03 00:35:43 UTC 2020 /home/travis/build/icyphy/ptII/ptolemy/domains/continuous/test/auto/ContinuousWithinContinuous.xml
----------------- Instantiating /home/travis/build/icyphy/ptII/ptolemy/domains/continuous/test/auto/ContinuousWithinContinuous.xml
28 ms. Memory: 278528K Free: 237650K (85%)
----------------- Invoking toplevel() on ptolemy.moml.MoMLSimpleApplication@8f4224c
----------------- Done invoking toplevel() on ptolemy.moml.MoMLSimpleApplication@8f4224c
reloadAllAccessors: .ContinuousWithinContinuous

===========================================================================================
----------------- testing Fri Jan 03 00:35:43 UTC 2020 /home/travis/build/icyphy/ptII/ptolemy/domains/continuous/test/auto/ContinuousWithinContinuous2.xml
----------------- Instantiating /home/travis/build/icyphy/ptII/ptolemy/domains/continuous/test/auto/ContinuousWithinContinuous2.xml
50 ms. Memory: 278528K Free: 226896K (81%)
----------------- Invoking toplevel() on ptolemy.moml.MoMLSimpleApplication@56d6f443
----------------- Done invoking toplevel() on ptolemy.moml.MoMLSimpleApplication@56d6f443
reloadAllAccessors: .ContinuousWithinContinuous2

===========================================================================================
----------------- testing Fri Jan 03 00:35:43 UTC 2020 /home/travis/build/icyphy/ptII/ptolemy/domains/continuous/test/auto/ContinuousWithinContinuous3.xml
----------------- Instantiating /home/travis/build/icyphy/ptII/ptolemy/domains/continuous/test/auto/ContinuousWithinContinuous3.xml
9 ms. Memory: 278528K Free: 220242K (79%)
----------------- Invoking toplevel() on ptolemy.moml.MoMLSimpleApplication@3029589d
----------------- Done invoking toplevel() on ptolemy.moml.MoMLSimpleApplication@3029589d
reloadAllAccessors: .ContinuousWithinContinuous3

===========================================================================================
----------------- testing Fri Jan 03 00:35:43 UTC 2020 /home/travis/build/icyphy/ptII/ptolemy/domains/continuous/test/auto/ContinuousWithinContinuous4.xml
----------------- Instantiating /home/travis/build/icyphy/ptII/ptolemy/domains/continuous/test/auto/ContinuousWithinContinuous4.xml
68 ms. Memory: 278528K Free: 207954K (75%)
----------------- Invoking toplevel() on ptolemy.moml.MoMLSimpleApplication@635b5148
----------------- Done invoking toplevel() on ptolemy.moml.MoMLSimpleApplication@635b5148
reloadAllAccessors: .ContinuousWithinContinuous4

===========================================================================================
----------------- testing Fri Jan 03 00:35:43 UTC 2020 /home/travis/build/icyphy/ptII/ptolemy/domains/continuous/test/auto/ContinuousWithinContinuous5.xml
----------------- Instantiating /home/travis/build/icyphy/ptII/ptolemy/domains/continuous/test/auto/ContinuousWithinContinuous5.xml
12 ms. Memory: 278528K Free: 200272K (72%)
----------------- Invoking toplevel() on ptolemy.moml.MoMLSimpleApplication@6d27a4e3
----------------- Done invoking toplevel() on ptolemy.moml.MoMLSimpleApplication@6d27a4e3
reloadAllAccessors: .ContinuousWithinContinuous5

===========================================================================================
----------------- testing Fri Jan 03 00:35:43 UTC 2020 /home/travis/build/icyphy/ptII/ptolemy/domains/continuous/test/auto/ContinuousWithinContinuous6.xml
----------------- Instantiating /home/travis/build/icyphy/ptII/ptolemy/domains/continuous/test/auto/ContinuousWithinContinuous6.xml
11 ms. Memory: 278528K Free: 193104K (69%)
----------------- Invoking toplevel() on ptolemy.moml.MoMLSimpleApplication@324db9d9
----------------- Done invoking toplevel() on ptolemy.moml.MoMLSimpleApplication@324db9d9
reloadAllAccessors: .ContinuousWithinContinuous6

===========================================================================================
----------------- testing Fri Jan 03 00:35:43 UTC 2020 /home/travis/build/icyphy/ptII/ptolemy/domains/continuous/test/auto/ContinuousWithinContinuous7.xml
----------------- Instantiating /home/travis/build/icyphy/ptII/ptolemy/domains/continuous/test/auto/ContinuousWithinContinuous7.xml
60 ms. Memory: 278528K Free: 182354K (65%)
----------------- Invoking toplevel() on ptolemy.moml.MoMLSimpleApplication@68bb572b
----------------- Done invoking toplevel() on ptolemy.moml.MoMLSimpleApplication@68bb572b
reloadAllAccessors: .ContinuousWithinContinuous7

===========================================================================================
----------------- testing Fri Jan 03 00:35:43 UTC 2020 /home/travis/build/icyphy/ptII/ptolemy/domains/continuous/test/auto/DCMotor.xml
----------------- Instantiating /home/travis/build/icyphy/ptII/ptolemy/domains/continuous/test/auto/DCMotor.xml
13046 ms. Memory: 278528K Free: 229598K (82%)
----------------- Invoking toplevel() on ptolemy.moml.MoMLSimpleApplication@4d08195a
----------------- Done invoking toplevel() on ptolemy.moml.MoMLSimpleApplication@4d08195a
reloadAllAccessors: .DCMotor

===========================================================================================
----------------- testing Fri Jan 03 00:35:57 UTC 2020 /home/travis/build/icyphy/ptII/ptolemy/domains/continuous/test/auto/DEInContinuous.xml
----------------- Instantiating /home/travis/build/icyphy/ptII/ptolemy/domains/continuous/test/auto/DEInContinuous.xml
17 ms. Memory: 278528K Free: 223454K (80%)
----------------- Invoking toplevel() on ptolemy.moml.MoMLSimpleApplication@46357557
----------------- Done invoking toplevel() on ptolemy.moml.MoMLSimpleApplication@46357557
reloadAllAccessors: .DEInContinuous

===========================================================================================
----------------- testing Fri Jan 03 00:35:57 UTC 2020 /home/travis/build/icyphy/ptII/ptolemy/domains/continuous/test/auto/DEinContinuous2.xml
----------------- Instantiating /home/travis/build/icyphy/ptII/ptolemy/domains/continuous/test/auto/DEinContinuous2.xml
8 ms. Memory: 278528K Free: 215776K (77%)
----------------- Invoking toplevel() on ptolemy.moml.MoMLSimpleApplication@5c516938
----------------- Done invoking toplevel() on ptolemy.moml.MoMLSimpleApplication@5c516938
reloadAllAccessors: .DEinContinuous2

===========================================================================================
----------------- testing Fri Jan 03 00:35:57 UTC 2020 /home/travis/build/icyphy/ptII/ptolemy/domains/continuous/test/auto/Derivative.xml
----------------- Instantiating /home/travis/build/icyphy/ptII/ptolemy/domains/continuous/test/auto/Derivative.xml
136 ms. Memory: 278528K Free: 186080K (67%)
----------------- Invoking toplevel() on ptolemy.moml.MoMLSimpleApplication@83c3d78
----------------- Done invoking toplevel() on ptolemy.moml.MoMLSimpleApplication@83c3d78
reloadAllAccessors: .Derivative2

===========================================================================================
----------------- testing Fri Jan 03 00:35:57 UTC 2020 /home/travis/build/icyphy/ptII/ptolemy/domains/continuous/test/auto/Derivative1.xml
----------------- Instantiating /home/travis/build/icyphy/ptII/ptolemy/domains/continuous/test/auto/Derivative1.xml
18 ms. Memory: 278528K Free: 171744K (62%)
----------------- Invoking toplevel() on ptolemy.moml.MoMLSimpleApplication@21de8815
----------------- Done invoking toplevel() on ptolemy.moml.MoMLSimpleApplication@21de8815
reloadAllAccessors: .Derivative1

===========================================================================================
----------------- testing Fri Jan 03 00:35:57 UTC 2020 /home/travis/build/icyphy/ptII/ptolemy/domains/continuous/test/auto/DiscreteClock.xml
----------------- Instantiating /home/travis/build/icyphy/ptII/ptolemy/domains/continuous/test/auto/DiscreteClock.xml
4 ms. Memory: 278528K Free: 166624K (60%)
----------------- Invoking toplevel() on ptolemy.moml.MoMLSimpleApplication@173206b4
----------------- Done invoking toplevel() on ptolemy.moml.MoMLSimpleApplication@173206b4
reloadAllAccessors: .DiscreteClock

===========================================================================================
----------------- testing Fri Jan 03 00:35:57 UTC 2020 /home/travis/build/icyphy/ptII/ptolemy/domains/continuous/test/auto/EfficiencyCurve.xml
----------------- Instantiating /home/travis/build/icyphy/ptII/ptolemy/domains/continuous/test/auto/EfficiencyCurve.xml
65 ms. Memory: 278528K Free: 157918K (57%)
----------------- Invoking toplevel() on ptolemy.moml.MoMLSimpleApplication@29a889d2
----------------- Done invoking toplevel() on ptolemy.moml.MoMLSimpleApplication@29a889d2
reloadAllAccessors: .EfficiencyCurve

===========================================================================================
----------------- testing Fri Jan 03 00:35:57 UTC 2020 /home/travis/build/icyphy/ptII/ptolemy/domains/continuous/test/auto/ExponentialResponse.xml
----------------- Instantiating /home/travis/build/icyphy/ptII/ptolemy/domains/continuous/test/auto/ExponentialResponse.xml
103 ms. Memory: 278528K Free: 142558K (51%)
----------------- Invoking toplevel() on ptolemy.moml.MoMLSimpleApplication@6f049690
----------------- Done invoking toplevel() on ptolemy.moml.MoMLSimpleApplication@6f049690
reloadAllAccessors: .ExponentialResponse

===========================================================================================
----------------- testing Fri Jan 03 00:35:57 UTC 2020 /home/travis/build/icyphy/ptII/ptolemy/domains/continuous/test/auto/ExponentialResponseRK45.xml
----------------- Instantiating /home/travis/build/icyphy/ptII/ptolemy/domains/continuous/test/auto/ExponentialResponseRK45.xml
25 ms. Memory: 278528K Free: 135904K (49%)
----------------- Invoking toplevel() on ptolemy.moml.MoMLSimpleApplication@43613036
----------------- Done invoking toplevel() on ptolemy.moml.MoMLSimpleApplication@43613036
reloadAllAccessors: .ExponentialResponseRK45

===========================================================================================
----------------- testing Fri Jan 03 00:35:57 UTC 2020 /home/travis/build/icyphy/ptII/ptolemy/domains/continuous/test/auto/Friction.xml
----------------- Instantiating /home/travis/build/icyphy/ptII/ptolemy/domains/continuous/test/auto/Friction.xml
1437 ms. Memory: 278528K Free: 202271K (73%)
----------------- Invoking toplevel() on ptolemy.moml.MoMLSimpleApplication@20aa42e1
----------------- Done invoking toplevel() on ptolemy.moml.MoMLSimpleApplication@20aa42e1
reloadAllAccessors: .Friction

===========================================================================================
----------------- testing Fri Jan 03 00:35:59 UTC 2020 /home/travis/build/icyphy/ptII/ptolemy/domains/continuous/test/auto/FurutaPendulum.xml
----------------- Instantiating /home/travis/build/icyphy/ptII/ptolemy/domains/continuous/test/auto/FurutaPendulum.xml
2994 ms. Memory: 278528K Free: 161912K (58%)
----------------- Invoking toplevel() on ptolemy.moml.MoMLSimpleApplication@7e85f599
----------------- Done invoking toplevel() on ptolemy.moml.MoMLSimpleApplication@7e85f599
reloadAllAccessors: .FurutaPendulum

===========================================================================================
----------------- testing Fri Jan 03 00:36:02 UTC 2020 /home/travis/build/icyphy/ptII/ptolemy/domains/continuous/test/auto/HierarchicalExecution.xml
----------------- Instantiating /home/travis/build/icyphy/ptII/ptolemy/domains/continuous/test/auto/HierarchicalExecution.xml
1664 ms. Memory: 278528K Free: 195462K (70%)
----------------- Invoking toplevel() on ptolemy.moml.MoMLSimpleApplication@74525d20
----------------- Done invoking toplevel() on ptolemy.moml.MoMLSimpleApplication@74525d20
reloadAllAccessors: .HierarchicalExecution

===========================================================================================
----------------- testing Fri Jan 03 00:36:04 UTC 2020 /home/travis/build/icyphy/ptII/ptolemy/domains/continuous/test/auto/HybridPlant.xml
----------------- Instantiating /home/travis/build/icyphy/ptII/ptolemy/domains/continuous/test/auto/HybridPlant.xml
570 ms. Memory: 334848K Free: 152304K (45%)
----------------- Invoking toplevel() on ptolemy.moml.MoMLSimpleApplication@18845698
----------------- Done invoking toplevel() on ptolemy.moml.MoMLSimpleApplication@18845698
reloadAllAccessors: .HybridPlant

===========================================================================================
----------------- testing Fri Jan 03 00:36:05 UTC 2020 /home/travis/build/icyphy/ptII/ptolemy/domains/continuous/test/auto/Hysteresis.xml
----------------- Instantiating /home/travis/build/icyphy/ptII/ptolemy/domains/continuous/test/auto/Hysteresis.xml
160 ms. Memory: 334848K Free: 288105K (86%)
----------------- Invoking toplevel() on ptolemy.moml.MoMLSimpleApplication@2e79af66
----------------- Done invoking toplevel() on ptolemy.moml.MoMLSimpleApplication@2e79af66
reloadAllAccessors: .Hysteresis

===========================================================================================
----------------- testing Fri Jan 03 00:36:05 UTC 2020 /home/travis/build/icyphy/ptII/ptolemy/domains/continuous/test/auto/HysteresisWithRandomDelay.xml
----------------- Instantiating /home/travis/build/icyphy/ptII/ptolemy/domains/continuous/test/auto/HysteresisWithRandomDelay.xml
173 ms. Memory: 334848K Free: 215309K (64%)
----------------- Invoking toplevel() on ptolemy.moml.MoMLSimpleApplication@63c594e8
----------------- Done invoking toplevel() on ptolemy.moml.MoMLSimpleApplication@63c594e8
reloadAllAccessors: .HysteresisWithRandomDelay

===========================================================================================
----------------- testing Fri Jan 03 00:36:05 UTC 2020 /home/travis/build/icyphy/ptII/ptolemy/domains/continuous/test/auto/HysteresisWithRandomLosses.xml
----------------- Instantiating /home/travis/build/icyphy/ptII/ptolemy/domains/continuous/test/auto/HysteresisWithRandomLosses.xml
2392 ms. Memory: 334848K Free: 253359K (76%)
----------------- Invoking toplevel() on ptolemy.moml.MoMLSimpleApplication@39c9b84d
----------------- Done invoking toplevel() on ptolemy.moml.MoMLSimpleApplication@39c9b84d
reloadAllAccessors: .HysteresisWithRandomLosses

===========================================================================================
----------------- testing Fri Jan 03 00:36:07 UTC 2020 /home/travis/build/icyphy/ptII/ptolemy/domains/continuous/test/auto/ImmediateTransitions.xml
----------------- Instantiating /home/travis/build/icyphy/ptII/ptolemy/domains/continuous/test/auto/ImmediateTransitions.xml
9 ms. Memory: 334848K Free: 242591K (72%)
----------------- Invoking toplevel() on ptolemy.moml.MoMLSimpleApplication@402e8dd
----------------- Done invoking toplevel() on ptolemy.moml.MoMLSimpleApplication@402e8dd
reloadAllAccessors: .ImmediateTransitions

===========================================================================================
----------------- testing Fri Jan 03 00:36:07 UTC 2020 /home/travis/build/icyphy/ptII/ptolemy/domains/continuous/test/auto/ImpulseFeedback.xml
----------------- Instantiating /home/travis/build/icyphy/ptII/ptolemy/domains/continuous/test/auto/ImpulseFeedback.xml
6 ms. Memory: 334848K Free: 236975K (71%)
----------------- Invoking toplevel() on ptolemy.moml.MoMLSimpleApplication@2afc7d4e
----------------- Done invoking toplevel() on ptolemy.moml.MoMLSimpleApplication@2afc7d4e
reloadAllAccessors: .ImpulseFeedback

===========================================================================================
----------------- testing Fri Jan 03 00:36:07 UTC 2020 /home/travis/build/icyphy/ptII/ptolemy/domains/continuous/test/auto/ImpulseFeedback2.xml
----------------- Instantiating /home/travis/build/icyphy/ptII/ptolemy/domains/continuous/test/auto/ImpulseFeedback2.xml
5 ms. Memory: 334848K Free: 231341K (69%)
----------------- Invoking toplevel() on ptolemy.moml.MoMLSimpleApplication@79f4de5
----------------- Done invoking toplevel() on ptolemy.moml.MoMLSimpleApplication@79f4de5
reloadAllAccessors: .ImpulseFeedback2

===========================================================================================
----------------- testing Fri Jan 03 00:36:08 UTC 2020 /home/travis/build/icyphy/ptII/ptolemy/domains/continuous/test/auto/IncreasingRatePoisson.xml
----------------- Instantiating /home/travis/build/icyphy/ptII/ptolemy/domains/continuous/test/auto/IncreasingRatePoisson.xml
745 ms. Memory: 334848K Free: 120400K (36%)
----------------- Invoking toplevel() on ptolemy.moml.MoMLSimpleApplication@2d3a8e61
----------------- Done invoking toplevel() on ptolemy.moml.MoMLSimpleApplication@2d3a8e61
reloadAllAccessors: .IncreasingRatePoisson

===========================================================================================
----------------- testing Fri Jan 03 00:36:08 UTC 2020 /home/travis/build/icyphy/ptII/ptolemy/domains/continuous/test/auto/InitialStateFeedback.xml
----------------- Instantiating /home/travis/build/icyphy/ptII/ptolemy/domains/continuous/test/auto/InitialStateFeedback.xml
6 ms. Memory: 334848K Free: 315469K (94%)
----------------- Invoking toplevel() on ptolemy.moml.MoMLSimpleApplication@500df684
----------------- Done invoking toplevel() on ptolemy.moml.MoMLSimpleApplication@500df684
reloadAllAccessors: .InitialStateFeedback

===========================================================================================
----------------- testing Fri Jan 03 00:36:08 UTC 2020 /home/travis/build/icyphy/ptII/ptolemy/domains/continuous/test/auto/Integration.xml
----------------- Instantiating /home/travis/build/icyphy/ptII/ptolemy/domains/continuous/test/auto/Integration.xml
1 ms. Memory: 334848K Free: 311373K (93%)
----------------- Invoking toplevel() on ptolemy.moml.MoMLSimpleApplication@23d38b97
----------------- Done invoking toplevel() on ptolemy.moml.MoMLSimpleApplication@23d38b97
reloadAllAccessors: .Integration

===========================================================================================
----------------- testing Fri Jan 03 00:36:08 UTC 2020 /home/travis/build/icyphy/ptII/ptolemy/domains/continuous/test/auto/Integration2.xml
----------------- Instantiating /home/travis/build/icyphy/ptII/ptolemy/domains/continuous/test/auto/Integration2.xml
82 ms. Memory: 334848K Free: 297037K (89%)
----------------- Invoking toplevel() on ptolemy.moml.MoMLSimpleApplication@280482db
----------------- Done invoking toplevel() on ptolemy.moml.MoMLSimpleApplication@280482db
reloadAllAccessors: .Integration2

===========================================================================================
----------------- testing Fri Jan 03 00:36:08 UTC 2020 /home/travis/build/icyphy/ptII/ptolemy/domains/continuous/test/auto/Integration3.xml
----------------- Instantiating /home/travis/build/icyphy/ptII/ptolemy/domains/continuous/test/auto/Integration3.xml
2 ms. Memory: 334848K Free: 292427K (87%)
----------------- Invoking toplevel() on ptolemy.moml.MoMLSimpleApplication@3cd05ed8
----------------- Done invoking toplevel() on ptolemy.moml.MoMLSimpleApplication@3cd05ed8
reloadAllAccessors: .Integration3

===========================================================================================
----------------- testing Fri Jan 03 00:36:08 UTC 2020 /home/travis/build/icyphy/ptII/ptolemy/domains/continuous/test/auto/Integration5.xml
----------------- Instantiating /home/travis/build/icyphy/ptII/ptolemy/domains/continuous/test/auto/Integration5.xml
2 ms. Memory: 334848K Free: 288331K (86%)
----------------- Invoking toplevel() on ptolemy.moml.MoMLSimpleApplication@34901e08
----------------- Done invoking toplevel() on ptolemy.moml.MoMLSimpleApplication@34901e08
reloadAllAccessors: .Integration5

===========================================================================================
----------------- testing Fri Jan 03 00:36:08 UTC 2020 /home/travis/build/icyphy/ptII/ptolemy/domains/continuous/test/auto/IntegratorImpulse.xml
----------------- Instantiating /home/travis/build/icyphy/ptII/ptolemy/domains/continuous/test/auto/IntegratorImpulse.xml
2 ms. Memory: 334848K Free: 284205K (85%)
----------------- Invoking toplevel() on ptolemy.moml.MoMLSimpleApplication@26f8f5fa
----------------- Done invoking toplevel() on ptolemy.moml.MoMLSimpleApplication@26f8f5fa
reloadAllAccessors: .IntegratorImpulse

===========================================================================================
----------------- testing Fri Jan 03 00:36:08 UTC 2020 /home/travis/build/icyphy/ptII/ptolemy/domains/continuous/test/auto/IntegratorImpulse2.xml
----------------- Instantiating /home/travis/build/icyphy/ptII/ptolemy/domains/continuous/test/auto/IntegratorImpulse2.xml
3 ms. Memory: 334848K Free: 279629K (84%)
----------------- Invoking toplevel() on ptolemy.moml.MoMLSimpleApplication@37290498
----------------- Done invoking toplevel() on ptolemy.moml.MoMLSimpleApplication@37290498
reloadAllAccessors: .IntegratorImpulse2

===========================================================================================
----------------- testing Fri Jan 03 00:36:08 UTC 2020 /home/travis/build/icyphy/ptII/ptolemy/domains/continuous/test/auto/LevelCrossing1.xml
----------------- Instantiating /home/travis/build/icyphy/ptII/ptolemy/domains/continuous/test/auto/LevelCrossing1.xml
1 ms. Memory: 334848K Free: 274509K (82%)
----------------- Invoking toplevel() on ptolemy.moml.MoMLSimpleApplication@2cb455a0
----------------- Done invoking toplevel() on ptolemy.moml.MoMLSimpleApplication@2cb455a0
reloadAllAccessors: .LevelCrossing1

===========================================================================================
----------------- testing Fri Jan 03 00:36:08 UTC 2020 /home/travis/build/icyphy/ptII/ptolemy/domains/continuous/test/auto/LevelCrossing2.xml
----------------- Instantiating /home/travis/build/icyphy/ptII/ptolemy/domains/continuous/test/auto/LevelCrossing2.xml
3 ms. Memory: 334848K Free: 269389K (80%)
----------------- Invoking toplevel() on ptolemy.moml.MoMLSimpleApplication@288045bc
----------------- Done invoking toplevel() on ptolemy.moml.MoMLSimpleApplication@288045bc
reloadAllAccessors: .LevelCrossing2

===========================================================================================
----------------- testing Fri Jan 03 00:36:09 UTC 2020 /home/travis/build/icyphy/ptII/ptolemy/domains/continuous/test/auto/LevelCrossing3.xml
----------------- Instantiating /home/travis/build/icyphy/ptII/ptolemy/domains/continuous/test/auto/LevelCrossing3.xml
2 ms. Memory: 334848K Free: 264269K (79%)
----------------- Invoking toplevel() on ptolemy.moml.MoMLSimpleApplication@348be618
----------------- Done invoking toplevel() on ptolemy.moml.MoMLSimpleApplication@348be618
reloadAllAccessors: .LevelCrossing3

===========================================================================================
----------------- testing Fri Jan 03 00:36:09 UTC 2020 /home/travis/build/icyphy/ptII/ptolemy/domains/continuous/test/auto/LevelCrossing4.xml
----------------- Instantiating /home/travis/build/icyphy/ptII/ptolemy/domains/continuous/test/auto/LevelCrossing4.xml
3 ms. Memory: 334848K Free: 259149K (77%)
----------------- Invoking toplevel() on ptolemy.moml.MoMLSimpleApplication@782473c6
----------------- Done invoking toplevel() on ptolemy.moml.MoMLSimpleApplication@782473c6
reloadAllAccessors: .LevelCrossing4

===========================================================================================
----------------- testing Fri Jan 03 00:36:09 UTC 2020 /home/travis/build/icyphy/ptII/ptolemy/domains/continuous/test/auto/LevelCrossing5.xml
----------------- Instantiating /home/travis/build/icyphy/ptII/ptolemy/domains/continuous/test/auto/LevelCrossing5.xml
3 ms. Memory: 334848K Free: 254029K (76%)
----------------- Invoking toplevel() on ptolemy.moml.MoMLSimpleApplication@2b83b0f7
----------------- Done invoking toplevel() on ptolemy.moml.MoMLSimpleApplication@2b83b0f7
reloadAllAccessors: .LevelCrossing5

===========================================================================================
[...]
----------------- testing Fri Jan 03 00:36:24 UTC 2020 /home/travis/build/icyphy/ptII/ptolemy/domains/continuous/test/auto/SRinContinuous.xml
----------------- Instantiating /home/travis/build/icyphy/ptII/ptolemy/domains/continuous/test/auto/SRinContinuous.xml
7 ms. Memory: 334848K Free: 212780K (64%)
----------------- Invoking toplevel() on ptolemy.moml.MoMLSimpleApplication@705a5e46
----------------- Done invoking toplevel() on ptolemy.moml.MoMLSimpleApplication@705a5e46
reloadAllAccessors: .SRinContinuous

===========================================================================================
----------------- testing Fri Jan 03 00:36:24 UTC 2020 /home/travis/build/icyphy/ptII/ptolemy/domains/continuous/test/auto/SampledClocks.xml
----------------- Instantiating /home/travis/build/icyphy/ptII/ptolemy/domains/continuous/test/auto/SampledClocks.xml
5 ms. Memory: 334848K Free: 199982K (60%)
----------------- Invoking toplevel() on ptolemy.moml.MoMLSimpleApplication@5132cbef
----------------- Done invoking toplevel() on ptolemy.moml.MoMLSimpleApplication@5132cbef
reloadAllAccessors: .SampledClocks

===========================================================================================
----------------- testing Fri Jan 03 00:36:24 UTC 2020 /home/travis/build/icyphy/ptII/ptolemy/domains/continuous/test/auto/Satellite.xml
----------------- Instantiating /home/travis/build/icyphy/ptII/ptolemy/domains/continuous/test/auto/Satellite.xml
694 ms. Memory: 334848K Free: 198106K (59%)
----------------- Invoking toplevel() on ptolemy.moml.MoMLSimpleApplication@6afaa97a
----------------- Done invoking toplevel() on ptolemy.moml.MoMLSimpleApplication@6afaa97a
reloadAllAccessors: .Satellite

===========================================================================================
----------------- testing Fri Jan 03 00:36:25 UTC 2020 /home/travis/build/icyphy/ptII/ptolemy/domains/continuous/test/auto/SigmaDelta.xml
----------------- Instantiating /home/travis/build/icyphy/ptII/ptolemy/domains/continuous/test/auto/SigmaDelta.xml
1892 ms. Memory: 334848K Free: 131102K (39%)
----------------- Invoking toplevel() on ptolemy.moml.MoMLSimpleApplication@380808f8
----------------- Done invoking toplevel() on ptolemy.moml.MoMLSimpleApplication@380808f8
reloadAllAccessors: .SigmaDelta

===========================================================================================
----------------- testing Fri Jan 03 00:36:27 UTC 2020 /home/travis/build/icyphy/ptII/ptolemy/domains/continuous/test/auto/SingleRefinement.xml
----------------- Instantiating /home/travis/build/icyphy/ptII/ptolemy/domains/continuous/test/auto/SingleRefinement.xml
291 ms. Memory: 334848K Free: 146017K (44%)
----------------- Invoking toplevel() on ptolemy.moml.MoMLSimpleApplication@481eeaee
----------------- Done invoking toplevel() on ptolemy.moml.MoMLSimpleApplication@481eeaee
reloadAllAccessors: .SingleRefinement

===========================================================================================
----------------- testing Fri Jan 03 00:36:28 UTC 2020 /home/travis/build/icyphy/ptII/ptolemy/domains/continuous/test/auto/SinuBouncingBall.xml
----------------- Instantiating /home/travis/build/icyphy/ptII/ptolemy/domains/continuous/test/auto/SinuBouncingBall.xml
734 ms. Memory: 334848K Free: 126482K (38%)
----------------- Invoking toplevel() on ptolemy.moml.MoMLSimpleApplication@d23674
----------------- Done invoking toplevel() on ptolemy.moml.MoMLSimpleApplication@d23674
reloadAllAccessors: .SinuBouncingBall

===========================================================================================
----------------- testing Fri Jan 03 00:36:28 UTC 2020 /home/travis/build/icyphy/ptII/ptolemy/domains/continuous/test/auto/Sinusoid.xml
----------------- Instantiating /home/travis/build/icyphy/ptII/ptolemy/domains/continuous/test/auto/Sinusoid.xml
4 ms. Memory: 334848K Free: 122386K (37%)
----------------- Invoking toplevel() on ptolemy.moml.MoMLSimpleApplication@582a5df4
----------------- Done invoking toplevel() on ptolemy.moml.MoMLSimpleApplication@582a5df4
reloadAllAccessors: .Sinusoid

===========================================================================================
----------------- testing Fri Jan 03 00:36:28 UTC 2020 /home/travis/build/icyphy/ptII/ptolemy/domains/continuous/test/auto/SinusoidInNoise.xml
----------------- Instantiating /home/travis/build/icyphy/ptII/ptolemy/domains/continuous/test/auto/SinusoidInNoise.xml
708 ms. Memory: 334848K Free: 183931K (55%)
----------------- Invoking toplevel() on ptolemy.moml.MoMLSimpleApplication@31218c68
----------------- Done invoking toplevel() on ptolemy.moml.MoMLSimpleApplication@31218c68
reloadAllAccessors: .SinusoidInNoise

===========================================================================================
----------------- testing Fri Jan 03 00:36:29 UTC 2020 /home/travis/build/icyphy/ptII/ptolemy/domains/continuous/test/auto/SinusoidRK45.xml
----------------- Instantiating /home/travis/build/icyphy/ptII/ptolemy/domains/continuous/test/auto/SinusoidRK45.xml
2 ms. Memory: 334848K Free: 179821K (54%)
----------------- Invoking toplevel() on ptolemy.moml.MoMLSimpleApplication@2449f380
----------------- Done invoking toplevel() on ptolemy.moml.MoMLSimpleApplication@2449f380
reloadAllAccessors: .SinusoidRK45

===========================================================================================
----------------- testing Fri Jan 03 00:36:29 UTC 2020 /home/travis/build/icyphy/ptII/ptolemy/domains/continuous/test/auto/SinusoidWithMultipleImpulses.xml
----------------- Instantiating /home/travis/build/icyphy/ptII/ptolemy/domains/continuous/test/auto/SinusoidWithMultipleImpulses.xml
2 ms. Memory: 334848K Free: 175229K (52%)
----------------- Invoking toplevel() on ptolemy.moml.MoMLSimpleApplication@649f480d
----------------- Done invoking toplevel() on ptolemy.moml.MoMLSimpleApplication@649f480d
reloadAllAccessors: .SinusoidWithMultipleImpulses

===========================================================================================
----------------- testing Fri Jan 03 00:36:29 UTC 2020 /home/travis/build/icyphy/ptII/ptolemy/domains/continuous/test/auto/SquareWave.xml
----------------- Instantiating /home/travis/build/icyphy/ptII/ptolemy/domains/continuous/test/auto/SquareWave.xml
108 ms. Memory: 334848K Free: 147581K (44%)
----------------- Invoking toplevel() on ptolemy.moml.MoMLSimpleApplication@57eebba1
----------------- Done invoking toplevel() on ptolemy.moml.MoMLSimpleApplication@57eebba1
reloadAllAccessors: .SquareWave

===========================================================================================
----------------- testing Fri Jan 03 00:36:29 UTC 2020 /home/travis/build/icyphy/ptII/ptolemy/domains/continuous/test/auto/Starmac.xml
----------------- Instantiating /home/travis/build/icyphy/ptII/ptolemy/domains/continuous/test/auto/Starmac.xml
3061 ms. Memory: 334848K Free: 233544K (70%)
----------------- Invoking toplevel() on ptolemy.moml.MoMLSimpleApplication@46b9c7b2
----------------- Done invoking toplevel() on ptolemy.moml.MoMLSimpleApplication@46b9c7b2
reloadAllAccessors: .Starmac

===========================================================================================
----------------- testing Fri Jan 03 00:36:33 UTC 2020 /home/travis/build/icyphy/ptII/ptolemy/domains/continuous/test/auto/StaticUnits.xml
----------------- Instantiating /home/travis/build/icyphy/ptII/ptolemy/domains/continuous/test/auto/StaticUnits.xml
1666 ms. Memory: 334848K Free: 173623K (52%)
----------------- Invoking toplevel() on ptolemy.moml.MoMLSimpleApplication@72c565b5
----------------- Done invoking toplevel() on ptolemy.moml.MoMLSimpleApplication@72c565b5
reloadAllAccessors: .StaticUnits

===========================================================================================
----------------- testing Fri Jan 03 00:36:35 UTC 2020 /home/travis/build/icyphy/ptII/ptolemy/domains/continuous/test/auto/StickyMasses.xml
----------------- Instantiating /home/travis/build/icyphy/ptII/ptolemy/domains/continuous/test/auto/StickyMasses.xml
133 ms. Memory: 334848K Free: 123447K (37%)
----------------- Invoking toplevel() on ptolemy.moml.MoMLSimpleApplication@948240e
----------------- Done invoking toplevel() on ptolemy.moml.MoMLSimpleApplication@948240e
reloadAllAccessors: .StickyMasses

===========================================================================================
----------------- testing Fri Jan 03 00:36:35 UTC 2020 /home/travis/build/icyphy/ptII/ptolemy/domains/continuous/test/auto/StopTime.xml
----------------- Instantiating /home/travis/build/icyphy/ptII/ptolemy/domains/continuous/test/auto/StopTime.xml
43 ms. Memory: 334848K Free: 293339K (88%)
----------------- Invoking toplevel() on ptolemy.moml.MoMLSimpleApplication@6ac61270
----------------- Done invoking toplevel() on ptolemy.moml.MoMLSimpleApplication@6ac61270
reloadAllAccessors: .StopTime

===========================================================================================
----------------- testing Fri Jan 03 00:36:35 UTC 2020 /home/travis/build/icyphy/ptII/ptolemy/domains/continuous/test/auto/StopTime2.xml
----------------- Instantiating /home/travis/build/icyphy/ptII/ptolemy/domains/continuous/test/auto/StopTime2.xml
34 ms. Memory: 334848K Free: 271331K (81%)
----------------- Invoking toplevel() on ptolemy.moml.MoMLSimpleApplication@1c0d271c
----------------- Done invoking toplevel() on ptolemy.moml.MoMLSimpleApplication@1c0d271c
reloadAllAccessors: .StopTime2

===========================================================================================
----------------- testing Fri Jan 03 00:36:35 UTC 2020 /home/travis/build/icyphy/ptII/ptolemy/domains/continuous/test/auto/Switch.xml
----------------- Instantiating /home/travis/build/icyphy/ptII/ptolemy/domains/continuous/test/auto/Switch.xml
43 ms. Memory: 334848K Free: 246227K (74%)
----------------- Invoking toplevel() on ptolemy.moml.MoMLSimpleApplication@3b8f1d77
----------------- Done invoking toplevel() on ptolemy.moml.MoMLSimpleApplication@3b8f1d77
reloadAllAccessors: .Switch

===========================================================================================
----------------- testing Fri Jan 03 00:36:35 UTC 2020 /home/travis/build/icyphy/ptII/ptolemy/domains/continuous/test/auto/Thermostat.xml
----------------- Instantiating /home/travis/build/icyphy/ptII/ptolemy/domains/continuous/test/auto/Thermostat.xml
165 ms. Memory: 334848K Free: 173523K (52%)
----------------- Invoking toplevel() on ptolemy.moml.MoMLSimpleApplication@6185738d
----------------- Done invoking toplevel() on ptolemy.moml.MoMLSimpleApplication@6185738d
reloadAllAccessors: .Thermostat

===========================================================================================
----------------- testing Fri Jan 03 00:36:36 UTC 2020 /home/travis/build/icyphy/ptII/ptolemy/domains/continuous/test/auto/TimeDelay.xml
----------------- Instantiating /home/travis/build/icyphy/ptII/ptolemy/domains/continuous/test/auto/TimeDelay.xml
4 ms. Memory: 334848K Free: 168931K (50%)
----------------- Invoking toplevel() on ptolemy.moml.MoMLSimpleApplication@4080adb0
----------------- Done invoking toplevel() on ptolemy.moml.MoMLSimpleApplication@4080adb0
reloadAllAccessors: .TimeDelay

===========================================================================================
----------------- testing Fri Jan 03 00:36:36 UTC 2020 /home/travis/build/icyphy/ptII/ptolemy/domains/continuous/test/auto/TimeDelay2.xml
----------------- Instantiating /home/travis/build/icyphy/ptII/ptolemy/domains/continuous/test/auto/TimeDelay2.xml
6 ms. Memory: 334848K Free: 159201K (48%)
----------------- Invoking toplevel() on ptolemy.moml.MoMLSimpleApplication@1a76641c
----------------- Done invoking toplevel() on ptolemy.moml.MoMLSimpleApplication@1a76641c
reloadAllAccessors: .TimeDelay2

===========================================================================================
----------------- testing Fri Jan 03 00:36:36 UTC 2020 /home/travis/build/icyphy/ptII/ptolemy/domains/continuous/test/auto/TimeDelay3.xml
----------------- Instantiating /home/travis/build/icyphy/ptII/ptolemy/domains/continuous/test/auto/TimeDelay3.xml
2 ms. Memory: 334848K Free: 154595K (46%)
----------------- Invoking toplevel() on ptolemy.moml.MoMLSimpleApplication@5d89b589
----------------- Done invoking toplevel() on ptolemy.moml.MoMLSimpleApplication@5d89b589
reloadAllAccessors: .TimeDelay3

===========================================================================================
----------------- testing Fri Jan 03 00:36:36 UTC 2020 /home/travis/build/icyphy/ptII/ptolemy/domains/continuous/test/auto/TransferAbsentToInside.xml
----------------- Instantiating /home/travis/build/icyphy/ptII/ptolemy/domains/continuous/test/auto/TransferAbsentToInside.xml
26 ms. Memory: 334848K Free: 295899K (88%)
----------------- Invoking toplevel() on ptolemy.moml.MoMLSimpleApplication@55779778
----------------- Done invoking toplevel() on ptolemy.moml.MoMLSimpleApplication@55779778
reloadAllAccessors: .TransferAbsentToInside

===========================================================================================
----------------- testing Fri Jan 03 00:36:36 UTC 2020 /home/travis/build/icyphy/ptII/ptolemy/domains/continuous/test/auto/Transmission.xml
----------------- Instantiating /home/travis/build/icyphy/ptII/ptolemy/domains/continuous/test/auto/Transmission.xml
787 ms. Memory: 334848K Free: 256985K (77%)
----------------- Invoking toplevel() on ptolemy.moml.MoMLSimpleApplication@7a2ff733
----------------- Done invoking toplevel() on ptolemy.moml.MoMLSimpleApplication@7a2ff733
reloadAllAccessors: .Transmission

===========================================================================================
----------------- testing Fri Jan 03 00:36:37 UTC 2020 /home/travis/build/icyphy/ptII/ptolemy/domains/continuous/test/auto/TriggeredContinuousClock.xml
----------------- Instantiating /home/travis/build/icyphy/ptII/ptolemy/domains/continuous/test/auto/TriggeredContinuousClock.xml
41 ms. Memory: 334848K Free: 227289K (68%)
----------------- Invoking toplevel() on ptolemy.moml.MoMLSimpleApplication@203fb22e
----------------- Done invoking toplevel() on ptolemy.moml.MoMLSimpleApplication@203fb22e
reloadAllAccessors: .TriggeredContinuousClock

===========================================================================================
----------------- testing Fri Jan 03 00:36:37 UTC 2020 /home/travis/build/icyphy/ptII/ptolemy/domains/continuous/test/auto/TwoMachineInfiniteBusControl.xml
----------------- Instantiating /home/travis/build/icyphy/ptII/ptolemy/domains/continuous/test/auto/TwoMachineInfiniteBusControl.xml
2570 ms. Memory: 334848K Free: 195513K (58%)
----------------- Invoking toplevel() on ptolemy.moml.MoMLSimpleApplication@54e95157
----------------- Done invoking toplevel() on ptolemy.moml.MoMLSimpleApplication@54e95157
reloadAllAccessors: .TwoMachineInfiniteBusControl

===========================================================================================
----------------- testing Fri Jan 03 00:36:39 UTC 2020 /home/travis/build/icyphy/ptII/ptolemy/domains/continuous/test/auto/V2V.xml
----------------- Instantiating /home/travis/build/icyphy/ptII/ptolemy/domains/continuous/test/auto/V2V.xml
724 ms. Memory: 334848K Free: 199061K (59%)
----------------- Invoking toplevel() on ptolemy.moml.MoMLSimpleApplication@55bc8ea5
----------------- Done invoking toplevel() on ptolemy.moml.MoMLSimpleApplication@55bc8ea5
reloadAllAccessors: .V2V

===========================================================================================
----------------- testing Fri Jan 03 00:36:40 UTC 2020 /home/travis/build/icyphy/ptII/ptolemy/domains/continuous/test/auto/hierarchicalModalModel.xml
----------------- Instantiating /home/travis/build/icyphy/ptII/ptolemy/domains/continuous/test/auto/hierarchicalModalModel.xml
7 ms. Memory: 334848K Free: 184694K (55%)
----------------- Invoking toplevel() on ptolemy.moml.MoMLSimpleApplication@73595222
----------------- Done invoking toplevel() on ptolemy.moml.MoMLSimpleApplication@73595222
reloadAllAccessors: .hierarchicalModalModel

===========================================================================================
----------------- testing Fri Jan 03 00:36:40 UTC 2020 /home/travis/build/icyphy/ptII/ptolemy/domains/continuous/test/auto/hierarchicalModalModel1.xml
----------------- Instantiating /home/travis/build/icyphy/ptII/ptolemy/domains/continuous/test/auto/hierarchicalModalModel1.xml
6 ms. Memory: 334848K Free: 170389K (51%)
----------------- Invoking toplevel() on ptolemy.moml.MoMLSimpleApplication@5ef5a009
----------------- Done invoking toplevel() on ptolemy.moml.MoMLSimpleApplication@5ef5a009
reloadAllAccessors: .hierarchicalModalModel1

===========================================================================================
----------------- testing Fri Jan 03 00:36:40 UTC 2020 /home/travis/build/icyphy/ptII/ptolemy/domains/continuous/test/auto/hierarchicalModalModel2.xml
----------------- Instantiating /home/travis/build/icyphy/ptII/ptolemy/domains/continuous/test/auto/hierarchicalModalModel2.xml
6 ms. Memory: 334848K Free: 158070K (47%)
----------------- Invoking toplevel() on ptolemy.moml.MoMLSimpleApplication@a5c18d7
----------------- Done invoking toplevel() on ptolemy.moml.MoMLSimpleApplication@a5c18d7
reloadAllAccessors: .hierarchicalModalModel2

===========================================================================================
----------------- testing Fri Jan 03 00:36:40 UTC 2020 /home/travis/build/icyphy/ptII/ptolemy/domains/continuous/test/auto/hierarchicalModalModel3.xml
----------------- Instantiating /home/travis/build/icyphy/ptII/ptolemy/domains/continuous/test/auto/hierarchicalModalModel3.xml
5 ms. Memory: 334848K Free: 147351K (44%)
----------------- Invoking toplevel() on ptolemy.moml.MoMLSimpleApplication@6e834fd0
----------------- Done invoking toplevel() on ptolemy.moml.MoMLSimpleApplication@6e834fd0
reloadAllAccessors: .hierarchicalModalModel3

===========================================================================================
----------------- testing Fri Jan 03 00:36:40 UTC 2020 /home/travis/build/icyphy/ptII/ptolemy/domains/continuous/test/auto/hierarchicalModalModel4.xml
----------------- Instantiating /home/travis/build/icyphy/ptII/ptolemy/domains/continuous/test/auto/hierarchicalModalModel4.xml
4 ms. Memory: 334848K Free: 135558K (40%)
----------------- Invoking toplevel() on ptolemy.moml.MoMLSimpleApplication@54df561
----------------- Done invoking toplevel() on ptolemy.moml.MoMLSimpleApplication@54df561
reloadAllAccessors: .hierarchicalModalModel4

===========================================================================================
----------------- testing Fri Jan 03 00:36:40 UTC 2020 /home/travis/build/icyphy/ptII/ptolemy/domains/continuous/test/auto/junk.xml
----------------- Instantiating /home/travis/build/icyphy/ptII/ptolemy/domains/continuous/test/auto/junk.xml
118 ms. Memory: 334848K Free: 303823K (91%)
----------------- Invoking toplevel() on ptolemy.moml.MoMLSimpleApplication@32eb880f
----------------- Done invoking toplevel() on ptolemy.moml.MoMLSimpleApplication@32eb880f
reloadAllAccessors: .junk
AutoTests.java: About to close Vertx.
AutoTests.java: Vertx closed.
]]></system-out>
  <system-err><![CDATA[Warning: '.HysteresisWithRandomDelay.NonStrictTest3' The test produced only 14 tokens, yet the correctValues parameter was expecting 30 tokens.
Warning: '.IncreasingRatePoisson.NonStrictTest' The test produced only 395 tokens, yet the correctValues parameter was expecting 402 tokens.
Warning: '.Poisson.NonStrictTest' The test produced only 421 tokens, yet the correctValues parameter was expecting 430 tokens.
]]></system-err>
</testsuite>
