<?xml version="1.0" encoding="UTF-8" ?>
<testsuite errors="0" failures="0" hostname="travis-job-2478d34a-7a5e-4e2e-8b4d-edd095ebdcc5" name="ptolemy.domains.de.test.junit.JUnitTclTest" skipped="0" tests="101" time="127.999" timestamp="2018-11-25T02:50:54">
  <properties>
[...]
</properties>
  <testcase classname="ptolemy.util.test.junit.TclTests" name="[0] /home/travis/build/icyphy/ptII/ptolemy/domains/de/test/DependencyLoop.tcl (RunTclFile)" time="0.698" />
  <testcase classname="ptolemy.util.test.junit.TclTests" name="[1] /home/travis/build/icyphy/ptII/ptolemy/domains/de/test/RunDETestsAsQSS.tcl (RunTclFile)" time="88.976" />
  <testcase classname="ptolemy.util.test.junit.AutoKnownFailedTests" name="[0] /home/travis/build/icyphy/ptII/ptolemy/domains/de/test/auto/knownFailedTests/DESDFClockTest.xml (RunModel)" time="2.041" />
  <testcase classname="ptolemy.util.test.junit.AutoKnownFailedTests" name="[1] /home/travis/build/icyphy/ptII/ptolemy/domains/de/test/auto/knownFailedTests/DirectFeedback.xml (RunModel)" time="0.02" />
  <testcase classname="ptolemy.util.test.junit.AutoKnownFailedTests" name="[2] /home/travis/build/icyphy/ptII/ptolemy/domains/de/test/auto/knownFailedTests/FSMSource.xml (RunModel)" time="0.012" />
  <testcase classname="ptolemy.util.test.junit.AutoKnownFailedTests" name="[3] /home/travis/build/icyphy/ptII/ptolemy/domains/de/test/auto/knownFailedTests/HierarchicalModel.xml (RunModel)" time="0.025" />
  <testcase classname="ptolemy.util.test.junit.AutoKnownFailedTests" name="[4] /home/travis/build/icyphy/ptII/ptolemy/domains/de/test/auto/knownFailedTests/dependencyLoop.xml (RunModel)" time="0.023" />
  <testcase classname="ptolemy.util.test.junit.AutoKnownFailedTests" name="[5] /home/travis/build/icyphy/ptII/ptolemy/domains/de/test/auto/knownFailedTests/dependencyLoop2.xml (RunModel)" time="0.034" />
  <testcase classname="ptolemy.util.test.junit.AutoNameArchTests" name="[0] ThereAreNoAutoArchTests (RunModel)" time="0.0" />
  <testcase classname="ptolemy.util.test.junit.AutoTests" name="[0] /home/travis/build/icyphy/ptII/ptolemy/domains/de/test/auto/ActorDepthCalculation_actorWithoutPorts.xml (RunModel)" time="0.013" />
  <testcase classname="ptolemy.util.test.junit.AutoTests" name="[1] /home/travis/build/icyphy/ptII/ptolemy/domains/de/test/auto/AssemblyLine.xml (RunModel)" time="0.019" />
  <testcase classname="ptolemy.util.test.junit.AutoTests" name="[2] /home/travis/build/icyphy/ptII/ptolemy/domains/de/test/auto/CQBug1.xml (RunModel)" time="0.008" />
  <testcase classname="ptolemy.util.test.junit.AutoTests" name="[3] /home/travis/build/icyphy/ptII/ptolemy/domains/de/test/auto/CancelFireAt.xml (RunModel)" time="0.005" />
  <testcase classname="ptolemy.util.test.junit.AutoTests" name="[4] /home/travis/build/icyphy/ptII/ptolemy/domains/de/test/auto/CausalityAndComposabilityAnalysis.xml (RunModel)" time="0.008" />
  <testcase classname="ptolemy.util.test.junit.AutoTests" name="[5] /home/travis/build/icyphy/ptII/ptolemy/domains/de/test/auto/CausalityInterface1.xml (RunModel)" time="0.008" />
  <testcase classname="ptolemy.util.test.junit.AutoTests" name="[6] /home/travis/build/icyphy/ptII/ptolemy/domains/de/test/auto/CausalityInterface15.xml (RunModel)" time="0.015" />
  <testcase classname="ptolemy.util.test.junit.AutoTests" name="[7] /home/travis/build/icyphy/ptII/ptolemy/domains/de/test/auto/CausalityInterface2.xml (RunModel)" time="0.01" />
  <testcase classname="ptolemy.util.test.junit.AutoTests" name="[8] /home/travis/build/icyphy/ptII/ptolemy/domains/de/test/auto/CausalityInterface3.xml (RunModel)" time="0.008" />
  <testcase classname="ptolemy.util.test.junit.AutoTests" name="[9] /home/travis/build/icyphy/ptII/ptolemy/domains/de/test/auto/ClockDrift.xml (RunModel)" time="0.028" />
  <testcase classname="ptolemy.util.test.junit.AutoTests" name="[10] /home/travis/build/icyphy/ptII/ptolemy/domains/de/test/auto/ClockDriftAndValueChange.xml (RunModel)" time="0.023" />
  <testcase classname="ptolemy.util.test.junit.AutoTests" name="[11] /home/travis/build/icyphy/ptII/ptolemy/domains/de/test/auto/ClockDriftChange.xml (RunModel)" time="0.022" />
  <testcase classname="ptolemy.util.test.junit.AutoTests" name="[12] /home/travis/build/icyphy/ptII/ptolemy/domains/de/test/auto/ComposableCausalityAnalysis.xml (RunModel)" time="0.016" />
  <testcase classname="ptolemy.util.test.junit.AutoTests" name="[13] /home/travis/build/icyphy/ptII/ptolemy/domains/de/test/auto/DEFixedPointLimitation.xml (RunModel)" time="0.008" />
  <testcase classname="ptolemy.util.test.junit.AutoTests" name="[14] /home/travis/build/icyphy/ptII/ptolemy/domains/de/test/auto/DEScheduleTest.xml (RunModel)" time="0.009" />
  <testcase classname="ptolemy.util.test.junit.AutoTests" name="[15] /home/travis/build/icyphy/ptII/ptolemy/domains/de/test/auto/DEinDEwithStartTimes.xml (RunModel)" time="0.011" />
  <testcase classname="ptolemy.util.test.junit.AutoTests" name="[16] /home/travis/build/icyphy/ptII/ptolemy/domains/de/test/auto/DEinDEwithStartTimes2.xml (RunModel)" time="0.014" />
  <testcase classname="ptolemy.util.test.junit.AutoTests" name="[17] /home/travis/build/icyphy/ptII/ptolemy/domains/de/test/auto/DateDemo.xml (RunModel)" time="0.021" />
  <testcase classname="ptolemy.util.test.junit.AutoTests" name="[18] /home/travis/build/icyphy/ptII/ptolemy/domains/de/test/auto/DateToEvent.xml (RunModel)" time="2.029" />
  <testcase classname="ptolemy.util.test.junit.AutoTests" name="[19] /home/travis/build/icyphy/ptII/ptolemy/domains/de/test/auto/DepthTest1.xml (RunModel)" time="0.006" />
  <testcase classname="ptolemy.util.test.junit.AutoTests" name="[20] /home/travis/build/icyphy/ptII/ptolemy/domains/de/test/auto/DepthTest2.xml (RunModel)" time="0.012" />
  <testcase classname="ptolemy.util.test.junit.AutoTests" name="[21] /home/travis/build/icyphy/ptII/ptolemy/domains/de/test/auto/DepthTest3.xml (RunModel)" time="0.006" />
  <testcase classname="ptolemy.util.test.junit.AutoTests" name="[22] /home/travis/build/icyphy/ptII/ptolemy/domains/de/test/auto/DepthTest4.xml (RunModel)" time="0.01" />
  <testcase classname="ptolemy.util.test.junit.AutoTests" name="[23] /home/travis/build/icyphy/ptII/ptolemy/domains/de/test/auto/DepthTest5.xml (RunModel)" time="0.014" />
  <testcase classname="ptolemy.util.test.junit.AutoTests" name="[24] /home/travis/build/icyphy/ptII/ptolemy/domains/de/test/auto/DepthTest6.xml (RunModel)" time="0.009" />
  <testcase classname="ptolemy.util.test.junit.AutoTests" name="[25] /home/travis/build/icyphy/ptII/ptolemy/domains/de/test/auto/DepthTest7.xml (RunModel)" time="0.008" />
  <testcase classname="ptolemy.util.test.junit.AutoTests" name="[26] /home/travis/build/icyphy/ptII/ptolemy/domains/de/test/auto/EventToDate.xml (RunModel)" time="3.026" />
  <testcase classname="ptolemy.util.test.junit.AutoTests" name="[27] /home/travis/build/icyphy/ptII/ptolemy/domains/de/test/auto/FSM1.xml (RunModel)" time="0.027" />
  <testcase classname="ptolemy.util.test.junit.AutoTests" name="[28] /home/travis/build/icyphy/ptII/ptolemy/domains/de/test/auto/FSM7.xml (RunModel)" time="0.019" />
  <testcase classname="ptolemy.util.test.junit.AutoTests" name="[29] /home/travis/build/icyphy/ptII/ptolemy/domains/de/test/auto/Inspection.xml (RunModel)" time="0.024" />
  <testcase classname="ptolemy.util.test.junit.AutoTests" name="[30] /home/travis/build/icyphy/ptII/ptolemy/domains/de/test/auto/Iteration.xml (RunModel)" time="0.012" />
  <testcase classname="ptolemy.util.test.junit.AutoTests" name="[31] /home/travis/build/icyphy/ptII/ptolemy/domains/de/test/auto/LineFault.xml (RunModel)" time="0.371" />
  <testcase classname="ptolemy.util.test.junit.AutoTests" name="[32] /home/travis/build/icyphy/ptII/ptolemy/domains/de/test/auto/MergeModel1Add.xml (RunModel)" time="0.027" />
  <testcase classname="ptolemy.util.test.junit.AutoTests" name="[33] /home/travis/build/icyphy/ptII/ptolemy/domains/de/test/auto/MergeModel2Add.xml (RunModel)" time="0.028" />
  <testcase classname="ptolemy.util.test.junit.AutoTests" name="[34] /home/travis/build/icyphy/ptII/ptolemy/domains/de/test/auto/MergeModel3Add.xml (RunModel)" time="0.024" />
  <testcase classname="ptolemy.util.test.junit.AutoTests" name="[35] /home/travis/build/icyphy/ptII/ptolemy/domains/de/test/auto/MergeWithoutDiscard.xml (RunModel)" time="0.006" />
  <testcase classname="ptolemy.util.test.junit.AutoTests" name="[36] /home/travis/build/icyphy/ptII/ptolemy/domains/de/test/auto/Modal1.xml (RunModel)" time="0.019" />
  <testcase classname="ptolemy.util.test.junit.AutoTests" name="[37] /home/travis/build/icyphy/ptII/ptolemy/domains/de/test/auto/Modal2.xml (RunModel)" time="0.022" />
  <testcase classname="ptolemy.util.test.junit.AutoTests" name="[38] /home/travis/build/icyphy/ptII/ptolemy/domains/de/test/auto/Modal3.xml (RunModel)" time="0.018" />
  <testcase classname="ptolemy.util.test.junit.AutoTests" name="[39] /home/travis/build/icyphy/ptII/ptolemy/domains/de/test/auto/Modal4.xml (RunModel)" time="0.019" />
  <testcase classname="ptolemy.util.test.junit.AutoTests" name="[40] /home/travis/build/icyphy/ptII/ptolemy/domains/de/test/auto/Modal5.xml (RunModel)" time="0.019" />
  <testcase classname="ptolemy.util.test.junit.AutoTests" name="[41] /home/travis/build/icyphy/ptII/ptolemy/domains/de/test/auto/Modal6.xml (RunModel)" time="0.019" />
  <testcase classname="ptolemy.util.test.junit.AutoTests" name="[42] /home/travis/build/icyphy/ptII/ptolemy/domains/de/test/auto/Modal7.xml (RunModel)" time="0.019" />
  <testcase classname="ptolemy.util.test.junit.AutoTests" name="[43] /home/travis/build/icyphy/ptII/ptolemy/domains/de/test/auto/ModalModel.xml (RunModel)" time="0.105" />
  <testcase classname="ptolemy.util.test.junit.AutoTests" name="[44] /home/travis/build/icyphy/ptII/ptolemy/domains/de/test/auto/ModalSource.xml (RunModel)" time="0.012" />
  <testcase classname="ptolemy.util.test.junit.AutoTests" name="[45] /home/travis/build/icyphy/ptII/ptolemy/domains/de/test/auto/NonInterruptibleTimerZeroDelay.xml (RunModel)" time="0.007" />
  <testcase classname="ptolemy.util.test.junit.AutoTests" name="[46] /home/travis/build/icyphy/ptII/ptolemy/domains/de/test/auto/OpenQueueingNetwork.xml (RunModel)" time="1.635" />
  <testcase classname="ptolemy.util.test.junit.AutoTests" name="[47] /home/travis/build/icyphy/ptII/ptolemy/domains/de/test/auto/OpenQueuingNetwork.xml (RunModel)" time="0.251" />
  <testcase classname="ptolemy.util.test.junit.AutoTests" name="[48] /home/travis/build/icyphy/ptII/ptolemy/domains/de/test/auto/PeriodicSampler.xml (RunModel)" time="0.008" />
  <testcase classname="ptolemy.util.test.junit.AutoTests" name="[49] /home/travis/build/icyphy/ptII/ptolemy/domains/de/test/auto/PersistentIO.xml (RunModel)" time="0.022" />
  <testcase classname="ptolemy.util.test.junit.AutoTests" name="[50] /home/travis/build/icyphy/ptII/ptolemy/domains/de/test/auto/PortParameterResetOnInitialize.xml (RunModel)" time="0.014" />
  <testcase classname="ptolemy.util.test.junit.AutoTests" name="[51] /home/travis/build/icyphy/ptII/ptolemy/domains/de/test/auto/PortParameterUpdates.xml (RunModel)" time="0.013" />
  <testcase classname="ptolemy.util.test.junit.AutoTests" name="[52] /home/travis/build/icyphy/ptII/ptolemy/domains/de/test/auto/QueueAndServer.xml (RunModel)" time="0.021" />
  <testcase classname="ptolemy.util.test.junit.AutoTests" name="[53] /home/travis/build/icyphy/ptII/ptolemy/domains/de/test/auto/Records.xml (RunModel)" time="0.018" />
  <testcase classname="ptolemy.util.test.junit.AutoTests" name="[54] /home/travis/build/icyphy/ptII/ptolemy/domains/de/test/auto/ResetTransitionWithStartTime1.xml (RunModel)" time="0.019" />
  <testcase classname="ptolemy.util.test.junit.AutoTests" name="[55] /home/travis/build/icyphy/ptII/ptolemy/domains/de/test/auto/ResetTransitionWithStartTime2.xml (RunModel)" time="0.019" />
  <testcase classname="ptolemy.util.test.junit.AutoTests" name="[56] /home/travis/build/icyphy/ptII/ptolemy/domains/de/test/auto/ResetTransitionWithStartTime3.xml (RunModel)" time="0.017" />
  <testcase classname="ptolemy.util.test.junit.AutoTests" name="[57] /home/travis/build/icyphy/ptII/ptolemy/domains/de/test/auto/ResetTransitionWithStartTime4.xml (RunModel)" time="0.019" />
  <testcase classname="ptolemy.util.test.junit.AutoTests" name="[58] /home/travis/build/icyphy/ptII/ptolemy/domains/de/test/auto/ResettableTimer1.xml (RunModel)" time="0.01" />
  <testcase classname="ptolemy.util.test.junit.AutoTests" name="[59] /home/travis/build/icyphy/ptII/ptolemy/domains/de/test/auto/ResettableTimer2.xml (RunModel)" time="0.009" />
  <testcase classname="ptolemy.util.test.junit.AutoTests" name="[60] /home/travis/build/icyphy/ptII/ptolemy/domains/de/test/auto/ResettableTimer3.xml (RunModel)" time="0.009" />
  <testcase classname="ptolemy.util.test.junit.AutoTests" name="[61] /home/travis/build/icyphy/ptII/ptolemy/domains/de/test/auto/ResettableTimer4.xml (RunModel)" time="0.009" />
  <testcase classname="ptolemy.util.test.junit.AutoTests" name="[62] /home/travis/build/icyphy/ptII/ptolemy/domains/de/test/auto/ResettableTimer5.xml (RunModel)" time="0.009" />
  <testcase classname="ptolemy.util.test.junit.AutoTests" name="[63] /home/travis/build/icyphy/ptII/ptolemy/domains/de/test/auto/ResettableTimer6.xml (RunModel)" time="0.02" />
  <testcase classname="ptolemy.util.test.junit.AutoTests" name="[64] /home/travis/build/icyphy/ptII/ptolemy/domains/de/test/auto/ServerZeroDelay.xml (RunModel)" time="0.011" />
  <testcase classname="ptolemy.util.test.junit.AutoTests" name="[65] /home/travis/build/icyphy/ptII/ptolemy/domains/de/test/auto/SmartSender.xml (RunModel)" time="3.009" />
  <testcase classname="ptolemy.util.test.junit.AutoTests" name="[66] /home/travis/build/icyphy/ptII/ptolemy/domains/de/test/auto/ThreadedComposite.xml (RunModel)" time="0.109" />
  <testcase classname="ptolemy.util.test.junit.AutoTests" name="[67] /home/travis/build/icyphy/ptII/ptolemy/domains/de/test/auto/Time.xml (RunModel)" time="0.41" />
  <testcase classname="ptolemy.util.test.junit.AutoTests" name="[68] /home/travis/build/icyphy/ptII/ptolemy/domains/de/test/auto/TimeDelayZeroDelay.xml (RunModel)" time="0.011" />
  <testcase classname="ptolemy.util.test.junit.AutoTests" name="[69] /home/travis/build/icyphy/ptII/ptolemy/domains/de/test/auto/TimerZeroDelay.xml (RunModel)" time="0.009" />
  <testcase classname="ptolemy.util.test.junit.AutoTests" name="[70] /home/travis/build/icyphy/ptII/ptolemy/domains/de/test/auto/TimingParadox.xml (RunModel)" time="0.343" />
  <testcase classname="ptolemy.util.test.junit.AutoTests" name="[71] /home/travis/build/icyphy/ptII/ptolemy/domains/de/test/auto/TransferInputs.xml (RunModel)" time="0.017" />
  <testcase classname="ptolemy.util.test.junit.AutoTests" name="[72] /home/travis/build/icyphy/ptII/ptolemy/domains/de/test/auto/TransferOutputs2.xml (RunModel)" time="0.015" />
  <testcase classname="ptolemy.util.test.junit.AutoTests" name="[73] /home/travis/build/icyphy/ptII/ptolemy/domains/de/test/auto/Trilateration.xml (RunModel)" time="11.454" />
  <testcase classname="ptolemy.util.test.junit.AutoTests" name="[74] /home/travis/build/icyphy/ptII/ptolemy/domains/de/test/auto/TwoSigmaDelta.xml (RunModel)" time="2.053" />
  <testcase classname="ptolemy.util.test.junit.AutoTests" name="[75] /home/travis/build/icyphy/ptII/ptolemy/domains/de/test/auto/VariableDelay.xml (RunModel)" time="0.013" />
  <testcase classname="ptolemy.util.test.junit.AutoTests" name="[76] /home/travis/build/icyphy/ptII/ptolemy/domains/de/test/auto/VariableDelay2.xml (RunModel)" time="0.009" />
  <testcase classname="ptolemy.util.test.junit.AutoTests" name="[77] /home/travis/build/icyphy/ptII/ptolemy/domains/de/test/auto/VariableDelayZeroDelay.xml (RunModel)" time="0.01" />
  <testcase classname="ptolemy.util.test.junit.AutoTests" name="[78] /home/travis/build/icyphy/ptII/ptolemy/domains/de/test/auto/VariableDelayZeroDelay2.xml (RunModel)" time="0.009" />
  <testcase classname="ptolemy.util.test.junit.AutoTests" name="[79] /home/travis/build/icyphy/ptII/ptolemy/domains/de/test/auto/deInCt.xml (RunModel)" time="0.014" />
  <testcase classname="ptolemy.util.test.junit.AutoTests" name="[80] /home/travis/build/icyphy/ptII/ptolemy/domains/de/test/auto/deInCt2.xml (RunModel)" time="0.012" />
  <testcase classname="ptolemy.util.test.junit.AutoTests" name="[81] /home/travis/build/icyphy/ptII/ptolemy/domains/de/test/auto/dynamicCausalityInterface1.xml (RunModel)" time="0.015" />
  <testcase classname="ptolemy.util.test.junit.AutoTests" name="[82] /home/travis/build/icyphy/ptII/ptolemy/domains/de/test/auto/fsm_de_test.xml (RunModel)" time="0.019" />
  <testcase classname="ptolemy.util.test.junit.AutoTests" name="[83] /home/travis/build/icyphy/ptII/ptolemy/domains/de/test/auto/functionDependencyReconstruction.xml (RunModel)" time="0.029" />
  <testcase classname="ptolemy.util.test.junit.AutoTests" name="[84] /home/travis/build/icyphy/ptII/ptolemy/domains/de/test/auto/multirate.xml (RunModel)" time="0.013" />
  <testcase classname="ptolemy.util.test.junit.AutoTests" name="[85] /home/travis/build/icyphy/ptII/ptolemy/domains/de/test/auto/multirate2.xml (RunModel)" time="0.014" />
  <testcase classname="ptolemy.util.test.junit.AutoTests" name="[86] /home/travis/build/icyphy/ptII/ptolemy/domains/de/test/auto/realtime.xml (RunModel)" time="10.01" />
  <testcase classname="ptolemy.util.test.junit.AutoTests" name="[87] /home/travis/build/icyphy/ptII/ptolemy/domains/de/test/auto/relationGroup.xml (RunModel)" time="0.007" />
  <testcase classname="ptolemy.util.test.junit.AutoTests" name="[88] /home/travis/build/icyphy/ptII/ptolemy/domains/de/test/auto/relationGroup2.xml (RunModel)" time="0.006" />
  <testcase classname="ptolemy.util.test.junit.AutoTests" name="[89] /home/travis/build/icyphy/ptII/ptolemy/domains/de/test/auto/sortWithOpaquePorts.xml (RunModel)" time="0.008" />
  <testcase classname="ptolemy.util.test.junit.AutoTests" name="[90] /home/travis/build/icyphy/ptII/ptolemy/domains/de/test/auto/transferInputsandOutputs.xml (RunModel)" time="0.014" />
  <testcase classname="ptolemy.util.test.junit.AutoTests" name="[91] /home/travis/build/icyphy/ptII/ptolemy/domains/de/test/auto/triggerType.xml (RunModel)" time="0.009" />
  <system-out><![CDATA[/home/travis/build/icyphy/ptII/ptolemy/domains/de/test/DependencyLoop.tcl
testDefs.tcl: setting time out to 9000 seconds at Sun Nov 25 02:50:54 UTC 2018
16 ms. Memory: 116224K Free: 93951K (81%)
6 ms. Memory: 146944K Free: 135467K (92%)
/home/travis/build/icyphy/ptII/ptolemy/domains/de/test/RunDETestsAsQSS.tcl
Run the DE tests using ptolemy.domains.qss.test.QSSDirectorTest, which extends QSSDirector and prints a message in the constructors.
------------------ testing $PTII/ptolemy/domains/de/test/auto/knownFailedTests/dependencyLoop.xml (Known Failure) 
13 ms. Memory: 146944K Free: 131956K (90%)


==== $PTIIhome/travis/build/icyphy/ptII/ptolemy/domains/de/test/../../../../: Auto Automatic test in file $PTII/ptolemy/domains/de/test/auto/knownFailedTests/dependencyLoop.xml
==== Contents of test case:

	    # FIXME: we should use $relativeFilename here, but it
	    # might have backslashes under Windows, which causes no end
	    # of trouble.
	    createAndExecute $file
	    list {}
	
.... Test generated KNOWN error:
    while executing
ptolemy.kernel.util.IllegalActionException: Found a zero delay loop containing .dependencyLoop.original
  in .dependencyLoop and .dependencyLoop.original
	at ptolemy.actor.util.CausalityInterfaceForComposites._computeOutputPortDepth(CausalityInterfaceForComposites.java:759)
	at ptolemy.actor.util.CausalityInterfaceForComposites._computeInputDepth(CausalityInterfaceForComposites.java:696)
	at ptolemy.actor.util.CausalityInterfaceForComposites._computeOutputPortDepth(CausalityInterfaceForComposites.java:765)
	at ptolemy.actor.util.CausalityInterfaceForComposites._computeInputDepth(CausalityInterfaceForComposites.java:696)
	at ptolemy.actor.util.CausalityInterfaceForComposites._computeOutputPortDepth(CausalityInterfaceForComposites.java:765)
	at ptolemy.actor.util.CausalityInterfaceForComposites._computeInputDepth(CausalityInterfaceForComposites.java:696)
	at ptolemy.actor.util.CausalityInterfaceForComposites._computeActorDepth(CausalityInterfaceForComposites.java:532)
	at ptolemy.actor.util.CausalityInterfaceForComposites.checkForCycles(CausalityInterfaceForComposites.java:96)
	at ptolemy.domains.de.kernel.DEDirector.preinitialize(DEDirector.java:1338)
	at ptolemy.actor.CompositeActor.preinitialize(CompositeActor.java:1828)
	at ptolemy.actor.Manager.preinitializeAndResolveTypes(Manager.java:1040)
	at ptolemy.actor.Manager.initialize(Manager.java:710)
	at ptolemy.actor.Manager.execute(Manager.java:356)
	at ptolemy.actor.Manager.run(Manager.java:1263)
	at ptolemy.actor.Manager$PtolemyRunThread.run(Manager.java:1915)

    while executing
ptolemy.kernel.util.IllegalActionException: Found a zero delay loop containing .dependencyLoop.original
  in .dependencyLoop and .dependencyLoop.original
    while executing
"java::new ptolemy.moml.MoMLSimpleApplication $file
"
    (procedure "createAndExecute" line 2)
    invoked from within
"createAndExecute $file"
    ("uplevel" body line 5)
    invoked from within
"uplevel $contents_of_test"
------------------ testing $PTII/ptolemy/domains/de/test/auto/knownFailedTests/DESDFClockTest.xml (Known Failure) 
2058 ms. Memory: 146944K Free: 116491K (79%)


==== $PTIIhome/travis/build/icyphy/ptII/ptolemy/domains/de/test/../../../../: Auto Automatic test in file $PTII/ptolemy/domains/de/test/auto/knownFailedTests/DESDFClockTest.xml
==== Contents of test case:

	    # FIXME: we should use $relativeFilename here, but it
	    # might have backslashes under Windows, which causes no end
	    # of trouble.
	    createAndExecute $file
	    list {}
	
.... Test generated KNOWN error:
    while executing
ptolemy.kernel.util.IllegalActionException: Actor is not ready to fire.  Perhaps UpSample.prefire() returned false? Try debugging the actor by selecting "Listen to Actor".  Also, for SDF check moml for tokenConsumptionRate on input.
  in .DESDFClockTest.Play Bell.Copy1:SDF Director and .DESDFClockTest.Play Bell.UpSample
	at ptolemy.actor.sched.StaticSchedulingDirector.fire(StaticSchedulingDirector.java:227)
	at ptolemy.domains.sdf.kernel.SDFDirector.fire(SDFDirector.java:500)
	at ptolemy.actor.CompositeActor.fire(CompositeActor.java:455)
	at ptolemy.domains.de.kernel.DEDirector._fire(DEDirector.java:1949)
	at ptolemy.domains.de.kernel.DEDirector.fire(DEDirector.java:502)
	at ptolemy.actor.CompositeActor.fire(CompositeActor.java:455)
	at ptolemy.actor.Manager.iterate(Manager.java:851)
	at ptolemy.actor.Manager.execute(Manager.java:369)
	at ptolemy.actor.Manager.run(Manager.java:1263)
	at ptolemy.actor.Manager$PtolemyRunThread.run(Manager.java:1915)

    while executing
ptolemy.kernel.util.IllegalActionException: Actor is not ready to fire.  Perhaps UpSample.prefire() returned false? Try debugging the actor by selecting "Listen to Actor".  Also, for SDF check moml for tokenConsumptionRate on input.
  in .DESDFClockTest.Play Bell.Copy1:SDF Director and .DESDFClockTest.Play Bell.UpSample
    while executing
"java::new ptolemy.moml.MoMLSimpleApplication $file
"
    (procedure "createAndExecute" line 2)
    invoked from within
"createAndExecute $file"
    ("uplevel" body line 5)
    invoked from within
"uplevel $contents_of_test"
------------------ testing $PTII/ptolemy/domains/de/test/auto/knownFailedTests/FSMSource.xml (Known Failure) 
21 ms. Memory: 146944K Free: 107454K (73%)
!!!! Auto was marked as failing, but now passes
------------------ testing $PTII/ptolemy/domains/de/test/auto/knownFailedTests/dependencyLoop2.xml (Known Failure) 
5 ms. Memory: 146944K Free: 105571K (72%)


==== $PTIIhome/travis/build/icyphy/ptII/ptolemy/domains/de/test/../../../../: Auto Automatic test in file $PTII/ptolemy/domains/de/test/auto/knownFailedTests/dependencyLoop2.xml
==== Contents of test case:

	    # FIXME: we should use $relativeFilename here, but it
	    # might have backslashes under Windows, which causes no end
	    # of trouble.
	    createAndExecute $file
	    list {}
	
.... Test generated KNOWN error:
    while executing
ptolemy.kernel.util.IllegalActionException: Found a zero delay loop containing .dependencyLoop2.original
  in .dependencyLoop2 and .dependencyLoop2.original
	at ptolemy.actor.util.CausalityInterfaceForComposites._computeOutputPortDepth(CausalityInterfaceForComposites.java:759)
	at ptolemy.actor.util.CausalityInterfaceForComposites._computeInputDepth(CausalityInterfaceForComposites.java:696)
	at ptolemy.actor.util.CausalityInterfaceForComposites._computeOutputPortDepth(CausalityInterfaceForComposites.java:765)
	at ptolemy.actor.util.CausalityInterfaceForComposites._computeInputDepth(CausalityInterfaceForComposites.java:696)
	at ptolemy.actor.util.CausalityInterfaceForComposites._computeOutputPortDepth(CausalityInterfaceForComposites.java:765)
	at ptolemy.actor.util.CausalityInterfaceForComposites._computeInputDepth(CausalityInterfaceForComposites.java:696)
	at ptolemy.actor.util.CausalityInterfaceForComposites._computeActorDepth(CausalityInterfaceForComposites.java:532)
	at ptolemy.actor.util.CausalityInterfaceForComposites.checkForCycles(CausalityInterfaceForComposites.java:96)
	at ptolemy.domains.de.kernel.DEDirector.preinitialize(DEDirector.java:1338)
	at ptolemy.actor.CompositeActor.preinitialize(CompositeActor.java:1828)
	at ptolemy.actor.Manager.preinitializeAndResolveTypes(Manager.java:1040)
	at ptolemy.actor.Manager.initialize(Manager.java:710)
	at ptolemy.actor.Manager.execute(Manager.java:356)
	at ptolemy.actor.Manager.run(Manager.java:1263)
	at ptolemy.actor.Manager$PtolemyRunThread.run(Manager.java:1915)

    while executing
ptolemy.kernel.util.IllegalActionException: Found a zero delay loop containing .dependencyLoop2.original
  in .dependencyLoop2 and .dependencyLoop2.original
    while executing
"java::new ptolemy.moml.MoMLSimpleApplication $file
"
    (procedure "createAndExecute" line 2)
    invoked from within
"createAndExecute $file"
    ("uplevel" body line 5)
    invoked from within
"uplevel $contents_of_test"
------------------ testing $PTII/ptolemy/domains/de/test/auto/knownFailedTests/HierarchicalModel.xml (Known Failure) 
5 ms. Memory: 146944K Free: 85019K (58%)


==== $PTIIhome/travis/build/icyphy/ptII/ptolemy/domains/de/test/../../../../: Auto Automatic test in file $PTII/ptolemy/domains/de/test/auto/knownFailedTests/HierarchicalModel.xml
==== Contents of test case:

	    # FIXME: we should use $relativeFilename here, but it
	    # might have backslashes under Windows, which causes no end
	    # of trouble.
	    createAndExecute $file
	    list {}
	
.... Test generated KNOWN error:
    while executing
ptolemy.kernel.util.IllegalActionException: Found a zero delay loop containing .HierarchicalModel.A
  in .HierarchicalModel and .HierarchicalModel.A
	at ptolemy.actor.util.CausalityInterfaceForComposites._computeOutputPortDepth(CausalityInterfaceForComposites.java:759)
	at ptolemy.actor.util.CausalityInterfaceForComposites._computeInputDepth(CausalityInterfaceForComposites.java:696)
	at ptolemy.actor.util.CausalityInterfaceForComposites._computeOutputPortDepth(CausalityInterfaceForComposites.java:765)
	at ptolemy.actor.util.CausalityInterfaceForComposites._computeInputDepth(CausalityInterfaceForComposites.java:696)
	at ptolemy.actor.util.CausalityInterfaceForComposites._computeOutputPortDepth(CausalityInterfaceForComposites.java:765)
	at ptolemy.actor.util.CausalityInterfaceForComposites._computeInputDepth(CausalityInterfaceForComposites.java:696)
	at ptolemy.actor.util.CausalityInterfaceForComposites._computeActorDepth(CausalityInterfaceForComposites.java:532)
	at ptolemy.actor.util.CausalityInterfaceForComposites.checkForCycles(CausalityInterfaceForComposites.java:96)
	at ptolemy.domains.de.kernel.DEDirector.preinitialize(DEDirector.java:1338)
	at ptolemy.actor.CompositeActor.preinitialize(CompositeActor.java:1828)
	at ptolemy.actor.Manager.preinitializeAndResolveTypes(Manager.java:1040)
	at ptolemy.actor.Manager.initialize(Manager.java:710)
	at ptolemy.actor.Manager.execute(Manager.java:356)
	at ptolemy.actor.Manager.run(Manager.java:1263)
	at ptolemy.actor.Manager$PtolemyRunThread.run(Manager.java:1915)

    while executing
ptolemy.kernel.util.IllegalActionException: Found a zero delay loop containing .HierarchicalModel.A
  in .HierarchicalModel and .HierarchicalModel.A
    while executing
"java::new ptolemy.moml.MoMLSimpleApplication $file
"
    (procedure "createAndExecute" line 2)
    invoked from within
"createAndExecute $file"
    ("uplevel" body line 5)
    invoked from within
"uplevel $contents_of_test"
------------------ testing $PTII/ptolemy/domains/de/test/auto/knownFailedTests/DirectFeedback.xml (Known Failure) 
10 ms. Memory: 146944K Free: 141095K (96%)


==== $PTIIhome/travis/build/icyphy/ptII/ptolemy/domains/de/test/../../../../: Auto Automatic test in file $PTII/ptolemy/domains/de/test/auto/knownFailedTests/DirectFeedback.xml
==== Contents of test case:

	    # FIXME: we should use $relativeFilename here, but it
	    # might have backslashes under Windows, which causes no end
	    # of trouble.
	    createAndExecute $file
	    list {}
	
.... Test generated KNOWN error:
    while executing
ptolemy.kernel.util.IllegalActionException: Test fails in iteration 1.
Value was: 1.0. Should have been: 2.0
  in .DirectFeedback.Test
	at ptolemy.actor.lib.Test.fire(Test.java:268)
	at ptolemy.domains.de.kernel.DEDirector._fire(DEDirector.java:1949)
	at ptolemy.domains.de.kernel.DEDirector.fire(DEDirector.java:502)
	at ptolemy.actor.CompositeActor.fire(CompositeActor.java:455)
	at ptolemy.actor.Manager.iterate(Manager.java:851)
	at ptolemy.actor.Manager.execute(Manager.java:369)
	at ptolemy.actor.Manager.run(Manager.java:1263)
	at ptolemy.actor.Manager$PtolemyRunThread.run(Manager.java:1915)

    while executing
ptolemy.kernel.util.IllegalActionException: Test fails in iteration 1.
Value was: 1.0. Should have been: 2.0
  in .DirectFeedback.Test
    while executing
"java::new ptolemy.moml.MoMLSimpleApplication $file
"
    (procedure "createAndExecute" line 2)
    invoked from within
"createAndExecute $file"
    ("uplevel" body line 5)
    invoked from within
"uplevel $contents_of_test"
------------------ testing $PTII/ptolemy/domains/de/test/auto/ActorDepthCalculation_actorWithoutPorts.xml
auto.tcl: Setting watchdog for 200 seconds at Sun Nov 25 02:50:57 UTC 2018
8 ms. Memory: 146944K Free: 133379K (91%)
ptolemy.util.test.WatchDog.cancel(): canceling Sun Nov 25 02:50:57 UTC 2018
auto.tcl: Setting watchdog for 200 seconds at Sun Nov 25 02:50:57 UTC 2018
4 ms. Memory: 146944K Free: 131276K (89%)
ptolemy.util.test.WatchDog.cancel(): canceling Sun Nov 25 02:50:57 UTC 2018
------------------ testing $PTII/ptolemy/domains/de/test/auto/AssemblyLine.xml
auto.tcl: Setting watchdog for 200 seconds at Sun Nov 25 02:50:58 UTC 2018
12 ms. Memory: 208384K Free: 182764K (88%)
ptolemy.util.test.WatchDog.cancel(): canceling Sun Nov 25 02:50:58 UTC 2018
auto.tcl: Setting watchdog for 200 seconds at Sun Nov 25 02:50:58 UTC 2018
10 ms. Memory: 208384K Free: 182764K (88%)
ptolemy.util.test.WatchDog.cancel(): canceling Sun Nov 25 02:50:58 UTC 2018
------------------ testing $PTII/ptolemy/domains/de/test/auto/CQBug1.xml
auto.tcl: Setting watchdog for 200 seconds at Sun Nov 25 02:50:58 UTC 2018
12 ms. Memory: 208384K Free: 197667K (95%)
ptolemy.util.test.WatchDog.cancel(): canceling Sun Nov 25 02:50:58 UTC 2018
auto.tcl: Setting watchdog for 200 seconds at Sun Nov 25 02:50:58 UTC 2018
1 ms. Memory: 208384K Free: 197667K (95%)
ptolemy.util.test.WatchDog.cancel(): canceling Sun Nov 25 02:50:58 UTC 2018
------------------ testing $PTII/ptolemy/domains/de/test/auto/CancelFireAt.xml
auto.tcl: Setting watchdog for 200 seconds at Sun Nov 25 02:50:58 UTC 2018
8 ms. Memory: 208384K Free: 201402K (97%)
ptolemy.util.test.WatchDog.cancel(): canceling Sun Nov 25 02:50:58 UTC 2018
auto.tcl: Setting watchdog for 200 seconds at Sun Nov 25 02:50:58 UTC 2018
2 ms. Memory: 208384K Free: 199287K (96%)
ptolemy.util.test.WatchDog.cancel(): canceling Sun Nov 25 02:50:58 UTC 2018
------------------ testing $PTII/ptolemy/domains/de/test/auto/CausalityAndComposabilityAnalysis.xml
auto.tcl: Setting watchdog for 200 seconds at Sun Nov 25 02:50:58 UTC 2018
15 ms. Memory: 208384K Free: 196771K (94%)
ptolemy.util.test.WatchDog.cancel(): canceling Sun Nov 25 02:50:58 UTC 2018
auto.tcl: Setting watchdog for 200 seconds at Sun Nov 25 02:50:58 UTC 2018
8 ms. Memory: 208384K Free: 196771K (94%)
ptolemy.util.test.WatchDog.cancel(): canceling Sun Nov 25 02:50:58 UTC 2018
------------------ testing $PTII/ptolemy/domains/de/test/auto/CausalityInterface1.xml
auto.tcl: Setting watchdog for 200 seconds at Sun Nov 25 02:50:58 UTC 2018
14 ms. Memory: 208384K Free: 196371K (94%)
ptolemy.util.test.WatchDog.cancel(): canceling Sun Nov 25 02:50:58 UTC 2018
auto.tcl: Setting watchdog for 200 seconds at Sun Nov 25 02:50:58 UTC 2018
3 ms. Memory: 208384K Free: 196371K (94%)
ptolemy.util.test.WatchDog.cancel(): canceling Sun Nov 25 02:50:58 UTC 2018
------------------ testing $PTII/ptolemy/domains/de/test/auto/CausalityInterface15.xml
auto.tcl: Setting watchdog for 200 seconds at Sun Nov 25 02:50:59 UTC 2018
12 ms. Memory: 208384K Free: 196363K (94%)
ptolemy.util.test.WatchDog.cancel(): canceling Sun Nov 25 02:50:59 UTC 2018
auto.tcl: Setting watchdog for 200 seconds at Sun Nov 25 02:50:59 UTC 2018
9 ms. Memory: 208384K Free: 196363K (94%)
ptolemy.util.test.WatchDog.cancel(): canceling Sun Nov 25 02:50:59 UTC 2018
------------------ testing $PTII/ptolemy/domains/de/test/auto/CausalityInterface2.xml
auto.tcl: Setting watchdog for 200 seconds at Sun Nov 25 02:50:59 UTC 2018
7 ms. Memory: 208384K Free: 196346K (94%)
ptolemy.util.test.WatchDog.cancel(): canceling Sun Nov 25 02:50:59 UTC 2018
auto.tcl: Setting watchdog for 200 seconds at Sun Nov 25 02:50:59 UTC 2018
3 ms. Memory: 208384K Free: 196346K (94%)
ptolemy.util.test.WatchDog.cancel(): canceling Sun Nov 25 02:50:59 UTC 2018
------------------ testing $PTII/ptolemy/domains/de/test/auto/CausalityInterface3.xml
auto.tcl: Setting watchdog for 200 seconds at Sun Nov 25 02:50:59 UTC 2018
4 ms. Memory: 208384K Free: 196244K (94%)
ptolemy.util.test.WatchDog.cancel(): canceling Sun Nov 25 02:50:59 UTC 2018
auto.tcl: Setting watchdog for 200 seconds at Sun Nov 25 02:50:59 UTC 2018
6 ms. Memory: 208384K Free: 196244K (94%)
ptolemy.util.test.WatchDog.cancel(): canceling Sun Nov 25 02:50:59 UTC 2018
------------------ testing $PTII/ptolemy/domains/de/test/auto/ClockDrift.xml
auto.tcl: Setting watchdog for 200 seconds at Sun Nov 25 02:50:59 UTC 2018
95 ms. Memory: 208384K Free: 187431K (90%)
ptolemy.util.test.WatchDog.cancel(): canceling Sun Nov 25 02:50:59 UTC 2018
auto.tcl: Setting watchdog for 200 seconds at Sun Nov 25 02:50:59 UTC 2018
33 ms. Memory: 208384K Free: 185316K (89%)
ptolemy.util.test.WatchDog.cancel(): canceling Sun Nov 25 02:50:59 UTC 2018
------------------ testing $PTII/ptolemy/domains/de/test/auto/ClockDriftAndValueChange.xml
auto.tcl: Setting watchdog for 200 seconds at Sun Nov 25 02:50:59 UTC 2018
45 ms. Memory: 208384K Free: 187266K (90%)
ptolemy.util.test.WatchDog.cancel(): canceling Sun Nov 25 02:50:59 UTC 2018
auto.tcl: Setting watchdog for 200 seconds at Sun Nov 25 02:50:59 UTC 2018
40 ms. Memory: 208384K Free: 185151K (89%)
ptolemy.util.test.WatchDog.cancel(): canceling Sun Nov 25 02:50:59 UTC 2018
------------------ testing $PTII/ptolemy/domains/de/test/auto/ClockDriftChange.xml
auto.tcl: Setting watchdog for 200 seconds at Sun Nov 25 02:50:59 UTC 2018
40 ms. Memory: 208384K Free: 190603K (91%)
ptolemy.util.test.WatchDog.cancel(): canceling Sun Nov 25 02:50:59 UTC 2018
auto.tcl: Setting watchdog for 200 seconds at Sun Nov 25 02:50:59 UTC 2018
24 ms. Memory: 208384K Free: 188488K (90%)
ptolemy.util.test.WatchDog.cancel(): canceling Sun Nov 25 02:50:59 UTC 2018
------------------ testing $PTII/ptolemy/domains/de/test/auto/ComposableCausalityAnalysis.xml
auto.tcl: Setting watchdog for 200 seconds at Sun Nov 25 02:50:59 UTC 2018
2 ms. Memory: 208384K Free: 196097K (94%)
ptolemy.util.test.WatchDog.cancel(): canceling Sun Nov 25 02:50:59 UTC 2018
auto.tcl: Setting watchdog for 200 seconds at Sun Nov 25 02:50:59 UTC 2018
2 ms. Memory: 208384K Free: 193983K (93%)
ptolemy.util.test.WatchDog.cancel(): canceling Sun Nov 25 02:50:59 UTC 2018
------------------ testing $PTII/ptolemy/domains/de/test/auto/DEFixedPointLimitation.xml
auto.tcl: Setting watchdog for 200 seconds at Sun Nov 25 02:51:00 UTC 2018
2 ms. Memory: 208384K Free: 195976K (94%)
ptolemy.util.test.WatchDog.cancel(): canceling Sun Nov 25 02:51:00 UTC 2018
auto.tcl: Setting watchdog for 200 seconds at Sun Nov 25 02:51:00 UTC 2018
2 ms. Memory: 208384K Free: 195976K (94%)
ptolemy.util.test.WatchDog.cancel(): canceling Sun Nov 25 02:51:00 UTC 2018
------------------ testing $PTII/ptolemy/domains/de/test/auto/DEScheduleTest.xml
auto.tcl: Setting watchdog for 200 seconds at Sun Nov 25 02:51:00 UTC 2018
3 ms. Memory: 208384K Free: 198125K (95%)
ptolemy.util.test.WatchDog.cancel(): canceling Sun Nov 25 02:51:00 UTC 2018
auto.tcl: Setting watchdog for 200 seconds at Sun Nov 25 02:51:00 UTC 2018
7 ms. Memory: 208384K Free: 196010K (94%)
ptolemy.util.test.WatchDog.cancel(): canceling Sun Nov 25 02:51:00 UTC 2018
------------------ testing $PTII/ptolemy/domains/de/test/auto/DEinDEwithStartTimes.xml
auto.tcl: Setting watchdog for 200 seconds at Sun Nov 25 02:51:00 UTC 2018
6 ms. Memory: 208384K Free: 195980K (94%)
ptolemy.util.test.WatchDog.cancel(): canceling Sun Nov 25 02:51:00 UTC 2018
auto.tcl: Setting watchdog for 200 seconds at Sun Nov 25 02:51:00 UTC 2018
4 ms. Memory: 208384K Free: 193865K (93%)
ptolemy.util.test.WatchDog.cancel(): canceling Sun Nov 25 02:51:00 UTC 2018
------------------ testing $PTII/ptolemy/domains/de/test/auto/DEinDEwithStartTimes2.xml
auto.tcl: Setting watchdog for 200 seconds at Sun Nov 25 02:51:00 UTC 2018
4 ms. Memory: 208384K Free: 196297K (94%)
ptolemy.util.test.WatchDog.cancel(): canceling Sun Nov 25 02:51:00 UTC 2018
auto.tcl: Setting watchdog for 200 seconds at Sun Nov 25 02:51:00 UTC 2018
4 ms. Memory: 208384K Free: 193844K (93%)
ptolemy.util.test.WatchDog.cancel(): canceling Sun Nov 25 02:51:00 UTC 2018
------------------ testing $PTII/ptolemy/domains/de/test/auto/DateDemo.xml
auto.tcl: Setting watchdog for 200 seconds at Sun Nov 25 02:51:00 UTC 2018
19 ms. Memory: 208384K Free: 188345K (90%)
ptolemy.util.test.WatchDog.cancel(): canceling Sun Nov 25 02:51:00 UTC 2018
auto.tcl: Setting watchdog for 200 seconds at Sun Nov 25 02:51:00 UTC 2018
9 ms. Memory: 208384K Free: 186230K (89%)
ptolemy.util.test.WatchDog.cancel(): canceling Sun Nov 25 02:51:00 UTC 2018
------------------ testing $PTII/ptolemy/domains/de/test/auto/DateToEvent.xml
auto.tcl: Setting watchdog for 200 seconds at Sun Nov 25 02:51:00 UTC 2018
2014 ms. Memory: 208384K Free: 183007K (88%)
ptolemy.util.test.WatchDog.cancel(): canceling Sun Nov 25 02:51:02 UTC 2018
auto.tcl: Setting watchdog for 200 seconds at Sun Nov 25 02:51:02 UTC 2018
2005 ms. Memory: 208384K Free: 183007K (88%)
ptolemy.util.test.WatchDog.cancel(): canceling Sun Nov 25 02:51:04 UTC 2018
------------------ testing $PTII/ptolemy/domains/de/test/auto/DepthTest1.xml
auto.tcl: Setting watchdog for 200 seconds at Sun Nov 25 02:51:04 UTC 2018
2 ms. Memory: 208384K Free: 197654K (95%)
ptolemy.util.test.WatchDog.cancel(): canceling Sun Nov 25 02:51:04 UTC 2018
auto.tcl: Setting watchdog for 200 seconds at Sun Nov 25 02:51:04 UTC 2018
5 ms. Memory: 208384K Free: 197654K (95%)
ptolemy.util.test.WatchDog.cancel(): canceling Sun Nov 25 02:51:04 UTC 2018
------------------ testing $PTII/ptolemy/domains/de/test/auto/DepthTest2.xml
auto.tcl: Setting watchdog for 200 seconds at Sun Nov 25 02:51:04 UTC 2018
4 ms. Memory: 208384K Free: 193826K (93%)
ptolemy.util.test.WatchDog.cancel(): canceling Sun Nov 25 02:51:04 UTC 2018
auto.tcl: Setting watchdog for 200 seconds at Sun Nov 25 02:51:04 UTC 2018
5 ms. Memory: 208384K Free: 193826K (93%)
ptolemy.util.test.WatchDog.cancel(): canceling Sun Nov 25 02:51:04 UTC 2018
------------------ testing $PTII/ptolemy/domains/de/test/auto/DepthTest3.xml
auto.tcl: Setting watchdog for 200 seconds at Sun Nov 25 02:51:04 UTC 2018
1 ms. Memory: 208384K Free: 197989K (95%)
ptolemy.util.test.WatchDog.cancel(): canceling Sun Nov 25 02:51:04 UTC 2018
auto.tcl: Setting watchdog for 200 seconds at Sun Nov 25 02:51:04 UTC 2018
2 ms. Memory: 208384K Free: 197989K (95%)
ptolemy.util.test.WatchDog.cancel(): canceling Sun Nov 25 02:51:04 UTC 2018
------------------ testing $PTII/ptolemy/domains/de/test/auto/DepthTest4.xml
auto.tcl: Setting watchdog for 200 seconds at Sun Nov 25 02:51:04 UTC 2018
3 ms. Memory: 208384K Free: 195961K (94%)
ptolemy.util.test.WatchDog.cancel(): canceling Sun Nov 25 02:51:04 UTC 2018
auto.tcl: Setting watchdog for 200 seconds at Sun Nov 25 02:51:04 UTC 2018
2 ms. Memory: 208384K Free: 195961K (94%)
ptolemy.util.test.WatchDog.cancel(): canceling Sun Nov 25 02:51:04 UTC 2018
------------------ testing $PTII/ptolemy/domains/de/test/auto/DepthTest5.xml
auto.tcl: Setting watchdog for 200 seconds at Sun Nov 25 02:51:04 UTC 2018
7 ms. Memory: 208384K Free: 195909K (94%)
ptolemy.util.test.WatchDog.cancel(): canceling Sun Nov 25 02:51:04 UTC 2018
auto.tcl: Setting watchdog for 200 seconds at Sun Nov 25 02:51:04 UTC 2018
2 ms. Memory: 208384K Free: 195909K (94%)
ptolemy.util.test.WatchDog.cancel(): canceling Sun Nov 25 02:51:04 UTC 2018
------------------ testing $PTII/ptolemy/domains/de/test/auto/DepthTest6.xml
auto.tcl: Setting watchdog for 200 seconds at Sun Nov 25 02:51:04 UTC 2018
6 ms. Memory: 208384K Free: 196205K (94%)
ptolemy.util.test.WatchDog.cancel(): canceling Sun Nov 25 02:51:04 UTC 2018
auto.tcl: Setting watchdog for 200 seconds at Sun Nov 25 02:51:04 UTC 2018
2 ms. Memory: 208384K Free: 196205K (94%)
ptolemy.util.test.WatchDog.cancel(): canceling Sun Nov 25 02:51:04 UTC 2018
------------------ testing $PTII/ptolemy/domains/de/test/auto/DepthTest7.xml
auto.tcl: Setting watchdog for 200 seconds at Sun Nov 25 02:51:05 UTC 2018
3 ms. Memory: 208384K Free: 195866K (94%)
ptolemy.util.test.WatchDog.cancel(): canceling Sun Nov 25 02:51:05 UTC 2018
auto.tcl: Setting watchdog for 200 seconds at Sun Nov 25 02:51:05 UTC 2018
2 ms. Memory: 208384K Free: 195866K (94%)
ptolemy.util.test.WatchDog.cancel(): canceling Sun Nov 25 02:51:05 UTC 2018
------------------ testing $PTII/ptolemy/domains/de/test/auto/EventToDate.xml
auto.tcl: Setting watchdog for 200 seconds at Sun Nov 25 02:51:05 UTC 2018
3005 ms. Memory: 208384K Free: 185314K (89%)
ptolemy.util.test.WatchDog.cancel(): canceling Sun Nov 25 02:51:08 UTC 2018
auto.tcl: Setting watchdog for 200 seconds at Sun Nov 25 02:51:08 UTC 2018
3003 ms. Memory: 208384K Free: 185314K (89%)
ptolemy.util.test.WatchDog.cancel(): canceling Sun Nov 25 02:51:11 UTC 2018
------------------ testing $PTII/ptolemy/domains/de/test/auto/FSM1.xml
auto.tcl: Setting watchdog for 200 seconds at Sun Nov 25 02:51:11 UTC 2018
21 ms. Memory: 208384K Free: 186431K (89%)
ptolemy.util.test.WatchDog.cancel(): canceling Sun Nov 25 02:51:11 UTC 2018
auto.tcl: Setting watchdog for 200 seconds at Sun Nov 25 02:51:11 UTC 2018
16 ms. Memory: 208384K Free: 182202K (87%)
ptolemy.util.test.WatchDog.cancel(): canceling Sun Nov 25 02:51:11 UTC 2018
------------------ testing $PTII/ptolemy/domains/de/test/auto/FSM7.xml
auto.tcl: Setting watchdog for 200 seconds at Sun Nov 25 02:51:11 UTC 2018
23 ms. Memory: 208384K Free: 186977K (90%)
ptolemy.util.test.WatchDog.cancel(): canceling Sun Nov 25 02:51:11 UTC 2018
auto.tcl: Setting watchdog for 200 seconds at Sun Nov 25 02:51:11 UTC 2018
14 ms. Memory: 208384K Free: 184863K (89%)
ptolemy.util.test.WatchDog.cancel(): canceling Sun Nov 25 02:51:11 UTC 2018
------------------ testing $PTII/ptolemy/domains/de/test/auto/Inspection.xml
auto.tcl: Setting watchdog for 200 seconds at Sun Nov 25 02:51:11 UTC 2018
26 ms. Memory: 208384K Free: 188528K (90%)
ptolemy.util.test.WatchDog.cancel(): canceling Sun Nov 25 02:51:11 UTC 2018
auto.tcl: Setting watchdog for 200 seconds at Sun Nov 25 02:51:11 UTC 2018
24 ms. Memory: 208384K Free: 186413K (89%)
ptolemy.util.test.WatchDog.cancel(): canceling Sun Nov 25 02:51:11 UTC 2018
------------------ testing $PTII/ptolemy/domains/de/test/auto/Iteration.xml
auto.tcl: Setting watchdog for 200 seconds at Sun Nov 25 02:51:11 UTC 2018
14 ms. Memory: 208384K Free: 196010K (94%)
ptolemy.util.test.WatchDog.cancel(): canceling Sun Nov 25 02:51:11 UTC 2018
auto.tcl: Setting watchdog for 200 seconds at Sun Nov 25 02:51:11 UTC 2018
6 ms. Memory: 208384K Free: 193557K (93%)
ptolemy.util.test.WatchDog.cancel(): canceling Sun Nov 25 02:51:11 UTC 2018
------------------ testing $PTII/ptolemy/domains/de/test/auto/LineFault.xml
auto.tcl: Setting watchdog for 200 seconds at Sun Nov 25 02:51:11 UTC 2018
695 ms. Memory: 208384K Free: 194776K (93%)
ptolemy.util.test.WatchDog.cancel(): canceling Sun Nov 25 02:51:12 UTC 2018
auto.tcl: Setting watchdog for 200 seconds at Sun Nov 25 02:51:12 UTC 2018
545 ms. Memory: 208384K Free: 138907K (67%)
ptolemy.util.test.WatchDog.cancel(): canceling Sun Nov 25 02:51:13 UTC 2018
------------------ testing $PTII/ptolemy/domains/de/test/auto/MergeModel1Add.xml
auto.tcl: Setting watchdog for 200 seconds at Sun Nov 25 02:51:13 UTC 2018
17 ms. Memory: 331264K Free: 298658K (90%)
ptolemy.util.test.WatchDog.cancel(): canceling Sun Nov 25 02:51:13 UTC 2018
auto.tcl: Setting watchdog for 200 seconds at Sun Nov 25 02:51:13 UTC 2018
12 ms. Memory: 331264K Free: 298658K (90%)
ptolemy.util.test.WatchDog.cancel(): canceling Sun Nov 25 02:51:13 UTC 2018
------------------ testing $PTII/ptolemy/domains/de/test/auto/MergeModel2Add.xml
auto.tcl: Setting watchdog for 200 seconds at Sun Nov 25 02:51:13 UTC 2018
11 ms. Memory: 331264K Free: 303923K (92%)
ptolemy.util.test.WatchDog.cancel(): canceling Sun Nov 25 02:51:13 UTC 2018
auto.tcl: Setting watchdog for 200 seconds at Sun Nov 25 02:51:13 UTC 2018
10 ms. Memory: 331264K Free: 299997K (91%)
ptolemy.util.test.WatchDog.cancel(): canceling Sun Nov 25 02:51:13 UTC 2018
------------------ testing $PTII/ptolemy/domains/de/test/auto/MergeModel3Add.xml
auto.tcl: Setting watchdog for 200 seconds at Sun Nov 25 02:51:13 UTC 2018
13 ms. Memory: 331264K Free: 303933K (92%)
ptolemy.util.test.WatchDog.cancel(): canceling Sun Nov 25 02:51:13 UTC 2018
auto.tcl: Setting watchdog for 200 seconds at Sun Nov 25 02:51:13 UTC 2018
10 ms. Memory: 331264K Free: 300007K (91%)
ptolemy.util.test.WatchDog.cancel(): canceling Sun Nov 25 02:51:13 UTC 2018
------------------ testing $PTII/ptolemy/domains/de/test/auto/MergeWithoutDiscard.xml
auto.tcl: Setting watchdog for 200 seconds at Sun Nov 25 02:51:13 UTC 2018
6 ms. Memory: 331264K Free: 319635K (96%)
ptolemy.util.test.WatchDog.cancel(): canceling Sun Nov 25 02:51:13 UTC 2018
auto.tcl: Setting watchdog for 200 seconds at Sun Nov 25 02:51:13 UTC 2018
1 ms. Memory: 331264K Free: 315709K (95%)
ptolemy.util.test.WatchDog.cancel(): canceling Sun Nov 25 02:51:13 UTC 2018
------------------ testing $PTII/ptolemy/domains/de/test/auto/Modal1.xml
auto.tcl: Setting watchdog for 200 seconds at Sun Nov 25 02:51:13 UTC 2018
18 ms. Memory: 331264K Free: 309631K (93%)
ptolemy.util.test.WatchDog.cancel(): canceling Sun Nov 25 02:51:13 UTC 2018
auto.tcl: Setting watchdog for 200 seconds at Sun Nov 25 02:51:13 UTC 2018
24 ms. Memory: 331264K Free: 305705K (92%)
ptolemy.util.test.WatchDog.cancel(): canceling Sun Nov 25 02:51:13 UTC 2018
------------------ testing $PTII/ptolemy/domains/de/test/auto/Modal2.xml
auto.tcl: Setting watchdog for 200 seconds at Sun Nov 25 02:51:13 UTC 2018
20 ms. Memory: 331264K Free: 309496K (93%)
ptolemy.util.test.WatchDog.cancel(): canceling Sun Nov 25 02:51:13 UTC 2018
auto.tcl: Setting watchdog for 200 seconds at Sun Nov 25 02:51:13 UTC 2018
21 ms. Memory: 331264K Free: 305570K (92%)
ptolemy.util.test.WatchDog.cancel(): canceling Sun Nov 25 02:51:13 UTC 2018
------------------ testing $PTII/ptolemy/domains/de/test/auto/Modal3.xml
auto.tcl: Setting watchdog for 200 seconds at Sun Nov 25 02:51:13 UTC 2018
11 ms. Memory: 331264K Free: 309788K (94%)
ptolemy.util.test.WatchDog.cancel(): canceling Sun Nov 25 02:51:14 UTC 2018
auto.tcl: Setting watchdog for 200 seconds at Sun Nov 25 02:51:14 UTC 2018
10 ms. Memory: 331264K Free: 305577K (92%)
ptolemy.util.test.WatchDog.cancel(): canceling Sun Nov 25 02:51:14 UTC 2018
------------------ testing $PTII/ptolemy/domains/de/test/auto/Modal4.xml
auto.tcl: Setting watchdog for 200 seconds at Sun Nov 25 02:51:14 UTC 2018
21 ms. Memory: 331264K Free: 309508K (93%)
ptolemy.util.test.WatchDog.cancel(): canceling Sun Nov 25 02:51:14 UTC 2018
auto.tcl: Setting watchdog for 200 seconds at Sun Nov 25 02:51:14 UTC 2018
15 ms. Memory: 331264K Free: 305582K (92%)
ptolemy.util.test.WatchDog.cancel(): canceling Sun Nov 25 02:51:14 UTC 2018
------------------ testing $PTII/ptolemy/domains/de/test/auto/Modal5.xml
auto.tcl: Setting watchdog for 200 seconds at Sun Nov 25 02:51:14 UTC 2018
11 ms. Memory: 331264K Free: 309496K (93%)
ptolemy.util.test.WatchDog.cancel(): canceling Sun Nov 25 02:51:14 UTC 2018
auto.tcl: Setting watchdog for 200 seconds at Sun Nov 25 02:51:14 UTC 2018
13 ms. Memory: 331264K Free: 305569K (92%)
ptolemy.util.test.WatchDog.cancel(): canceling Sun Nov 25 02:51:14 UTC 2018
------------------ testing $PTII/ptolemy/domains/de/test/auto/Modal6.xml
auto.tcl: Setting watchdog for 200 seconds at Sun Nov 25 02:51:14 UTC 2018
11 ms. Memory: 331264K Free: 309492K (93%)
ptolemy.util.test.WatchDog.cancel(): canceling Sun Nov 25 02:51:14 UTC 2018
auto.tcl: Setting watchdog for 200 seconds at Sun Nov 25 02:51:14 UTC 2018
12 ms. Memory: 331264K Free: 305566K (92%)
ptolemy.util.test.WatchDog.cancel(): canceling Sun Nov 25 02:51:14 UTC 2018
------------------ testing $PTII/ptolemy/domains/de/test/auto/Modal7.xml
auto.tcl: Setting watchdog for 200 seconds at Sun Nov 25 02:51:14 UTC 2018
19 ms. Memory: 331264K Free: 309492K (93%)
ptolemy.util.test.WatchDog.cancel(): canceling Sun Nov 25 02:51:14 UTC 2018
auto.tcl: Setting watchdog for 200 seconds at Sun Nov 25 02:51:14 UTC 2018
10 ms. Memory: 331264K Free: 305566K (92%)
ptolemy.util.test.WatchDog.cancel(): canceling Sun Nov 25 02:51:14 UTC 2018
------------------ testing $PTII/ptolemy/domains/de/test/auto/ModalModel.xml
auto.tcl: Setting watchdog for 200 seconds at Sun Nov 25 02:51:14 UTC 2018
199 ms. Memory: 331264K Free: 246072K (74%)
ptolemy.util.test.WatchDog.cancel(): canceling Sun Nov 25 02:51:14 UTC 2018
auto.tcl: Setting watchdog for 200 seconds at Sun Nov 25 02:51:14 UTC 2018
168 ms. Memory: 331264K Free: 191103K (58%)
ptolemy.util.test.WatchDog.cancel(): canceling Sun Nov 25 02:51:15 UTC 2018
------------------ testing $PTII/ptolemy/domains/de/test/auto/ModalSource.xml
auto.tcl: Setting watchdog for 200 seconds at Sun Nov 25 02:51:15 UTC 2018
6 ms. Memory: 331264K Free: 316247K (95%)
ptolemy.util.test.WatchDog.cancel(): canceling Sun Nov 25 02:51:15 UTC 2018
auto.tcl: Setting watchdog for 200 seconds at Sun Nov 25 02:51:15 UTC 2018
6 ms. Memory: 331264K Free: 312748K (94%)
ptolemy.util.test.WatchDog.cancel(): canceling Sun Nov 25 02:51:15 UTC 2018
------------------ testing $PTII/ptolemy/domains/de/test/auto/NonInterruptibleTimerZeroDelay.xml
auto.tcl: Setting watchdog for 200 seconds at Sun Nov 25 02:51:15 UTC 2018
4 ms. Memory: 331264K Free: 320585K (97%)
ptolemy.util.test.WatchDog.cancel(): canceling Sun Nov 25 02:51:15 UTC 2018
auto.tcl: Setting watchdog for 200 seconds at Sun Nov 25 02:51:15 UTC 2018
2 ms. Memory: 331264K Free: 317085K (96%)
ptolemy.util.test.WatchDog.cancel(): canceling Sun Nov 25 02:51:15 UTC 2018
------------------ testing $PTII/ptolemy/domains/de/test/auto/OpenQueueingNetwork.xml
auto.tcl: Setting watchdog for 200 seconds at Sun Nov 25 02:51:15 UTC 2018
2572 ms. Memory: 573952K Free: 413876K (72%)
ptolemy.util.test.WatchDog.cancel(): canceling Sun Nov 25 02:51:17 UTC 2018
auto.tcl: Setting watchdog for 200 seconds at Sun Nov 25 02:51:17 UTC 2018
2349 ms. Memory: 550912K Free: 295866K (54%)
ptolemy.util.test.WatchDog.cancel(): canceling Sun Nov 25 02:51:20 UTC 2018
------------------ testing $PTII/ptolemy/domains/de/test/auto/OpenQueuingNetwork.xml
auto.tcl: Setting watchdog for 200 seconds at Sun Nov 25 02:51:20 UTC 2018
240 ms. Memory: 549888K Free: 444383K (81%)
ptolemy.util.test.WatchDog.cancel(): canceling Sun Nov 25 02:51:20 UTC 2018
auto.tcl: Setting watchdog for 200 seconds at Sun Nov 25 02:51:20 UTC 2018
316 ms. Memory: 549888K Free: 383945K (70%)
ptolemy.util.test.WatchDog.cancel(): canceling Sun Nov 25 02:51:20 UTC 2018
------------------ testing $PTII/ptolemy/domains/de/test/auto/PeriodicSampler.xml
auto.tcl: Setting watchdog for 200 seconds at Sun Nov 25 02:51:21 UTC 2018
3 ms. Memory: 551936K Free: 530300K (96%)
ptolemy.util.test.WatchDog.cancel(): canceling Sun Nov 25 02:51:21 UTC 2018
auto.tcl: Setting watchdog for 200 seconds at Sun Nov 25 02:51:21 UTC 2018
2 ms. Memory: 551936K Free: 530300K (96%)
ptolemy.util.test.WatchDog.cancel(): canceling Sun Nov 25 02:51:21 UTC 2018
------------------ testing $PTII/ptolemy/domains/de/test/auto/PersistentIO.xml
auto.tcl: Setting watchdog for 200 seconds at Sun Nov 25 02:51:21 UTC 2018
18 ms. Memory: 549376K Free: 521837K (95%)
ptolemy.util.test.WatchDog.cancel(): canceling Sun Nov 25 02:51:21 UTC 2018
auto.tcl: Setting watchdog for 200 seconds at Sun Nov 25 02:51:21 UTC 2018
5 ms. Memory: 549376K Free: 521837K (95%)
ptolemy.util.test.WatchDog.cancel(): canceling Sun Nov 25 02:51:21 UTC 2018
------------------ testing $PTII/ptolemy/domains/de/test/auto/PortParameterResetOnInitialize.xml
auto.tcl: Setting watchdog for 200 seconds at Sun Nov 25 02:51:21 UTC 2018
2 ms. Memory: 551424K Free: 530248K (96%)
ptolemy.util.test.WatchDog.cancel(): canceling Sun Nov 25 02:51:21 UTC 2018
auto.tcl: Setting watchdog for 200 seconds at Sun Nov 25 02:51:21 UTC 2018
2 ms. Memory: 551424K Free: 530248K (96%)
ptolemy.util.test.WatchDog.cancel(): canceling Sun Nov 25 02:51:21 UTC 2018
------------------ testing $PTII/ptolemy/domains/de/test/auto/PortParameterUpdates.xml
auto.tcl: Setting watchdog for 200 seconds at Sun Nov 25 02:51:21 UTC 2018
3 ms. Memory: 549376K Free: 533242K (97%)
ptolemy.util.test.WatchDog.cancel(): canceling Sun Nov 25 02:51:21 UTC 2018
auto.tcl: Setting watchdog for 200 seconds at Sun Nov 25 02:51:21 UTC 2018
4 ms. Memory: 549376K Free: 526527K (96%)
ptolemy.util.test.WatchDog.cancel(): canceling Sun Nov 25 02:51:21 UTC 2018
------------------ testing $PTII/ptolemy/domains/de/test/auto/QueueAndServer.xml
auto.tcl: Setting watchdog for 200 seconds at Sun Nov 25 02:51:21 UTC 2018
8 ms. Memory: 551424K Free: 535025K (97%)
ptolemy.util.test.WatchDog.cancel(): canceling Sun Nov 25 02:51:21 UTC 2018
auto.tcl: Setting watchdog for 200 seconds at Sun Nov 25 02:51:21 UTC 2018
6 ms. Memory: 551424K Free: 528293K (96%)
ptolemy.util.test.WatchDog.cancel(): canceling Sun Nov 25 02:51:21 UTC 2018
------------------ testing $PTII/ptolemy/domains/de/test/auto/Records.xml
auto.tcl: Setting watchdog for 200 seconds at Sun Nov 25 02:51:21 UTC 2018
5 ms. Memory: 549376K Free: 532919K (97%)
ptolemy.util.test.WatchDog.cancel(): canceling Sun Nov 25 02:51:21 UTC 2018
auto.tcl: Setting watchdog for 200 seconds at Sun Nov 25 02:51:21 UTC 2018
2 ms. Memory: 549376K Free: 532919K (97%)
ptolemy.util.test.WatchDog.cancel(): canceling Sun Nov 25 02:51:21 UTC 2018
------------------ testing $PTII/ptolemy/domains/de/test/auto/ResetTransitionWithStartTime1.xml
auto.tcl: Setting watchdog for 200 seconds at Sun Nov 25 02:51:21 UTC 2018
13 ms. Memory: 551424K Free: 528269K (96%)
ptolemy.util.test.WatchDog.cancel(): canceling Sun Nov 25 02:51:21 UTC 2018
auto.tcl: Setting watchdog for 200 seconds at Sun Nov 25 02:51:21 UTC 2018
7 ms. Memory: 551424K Free: 528269K (96%)
ptolemy.util.test.WatchDog.cancel(): canceling Sun Nov 25 02:51:21 UTC 2018
------------------ testing $PTII/ptolemy/domains/de/test/auto/ResetTransitionWithStartTime2.xml
auto.tcl: Setting watchdog for 200 seconds at Sun Nov 25 02:51:21 UTC 2018
6 ms. Memory: 549376K Free: 526450K (96%)
ptolemy.util.test.WatchDog.cancel(): canceling Sun Nov 25 02:51:21 UTC 2018
auto.tcl: Setting watchdog for 200 seconds at Sun Nov 25 02:51:21 UTC 2018
8 ms. Memory: 549376K Free: 526450K (96%)
ptolemy.util.test.WatchDog.cancel(): canceling Sun Nov 25 02:51:21 UTC 2018
------------------ testing $PTII/ptolemy/domains/de/test/auto/ResetTransitionWithStartTime3.xml
auto.tcl: Setting watchdog for 200 seconds at Sun Nov 25 02:51:21 UTC 2018
7 ms. Memory: 550912K Free: 527755K (96%)
ptolemy.util.test.WatchDog.cancel(): canceling Sun Nov 25 02:51:21 UTC 2018
auto.tcl: Setting watchdog for 200 seconds at Sun Nov 25 02:51:21 UTC 2018
8 ms. Memory: 550912K Free: 527755K (96%)
ptolemy.util.test.WatchDog.cancel(): canceling Sun Nov 25 02:51:21 UTC 2018
------------------ testing $PTII/ptolemy/domains/de/test/auto/ResetTransitionWithStartTime4.xml
auto.tcl: Setting watchdog for 200 seconds at Sun Nov 25 02:51:21 UTC 2018
4 ms. Memory: 549376K Free: 526209K (96%)
ptolemy.util.test.WatchDog.cancel(): canceling Sun Nov 25 02:51:21 UTC 2018
auto.tcl: Setting watchdog for 200 seconds at Sun Nov 25 02:51:21 UTC 2018
4 ms. Memory: 549376K Free: 526209K (96%)
ptolemy.util.test.WatchDog.cancel(): canceling Sun Nov 25 02:51:21 UTC 2018
------------------ testing $PTII/ptolemy/domains/de/test/auto/ResettableTimer1.xml
auto.tcl: Setting watchdog for 200 seconds at Sun Nov 25 02:51:21 UTC 2018
3 ms. Memory: 550912K Free: 534463K (97%)
ptolemy.util.test.WatchDog.cancel(): canceling Sun Nov 25 02:51:21 UTC 2018
auto.tcl: Setting watchdog for 200 seconds at Sun Nov 25 02:51:21 UTC 2018
2 ms. Memory: 550912K Free: 534463K (97%)
ptolemy.util.test.WatchDog.cancel(): canceling Sun Nov 25 02:51:21 UTC 2018
------------------ testing $PTII/ptolemy/domains/de/test/auto/ResettableTimer2.xml
auto.tcl: Setting watchdog for 200 seconds at Sun Nov 25 02:51:21 UTC 2018
2 ms. Memory: 549376K Free: 533214K (97%)
ptolemy.util.test.WatchDog.cancel(): canceling Sun Nov 25 02:51:21 UTC 2018
auto.tcl: Setting watchdog for 200 seconds at Sun Nov 25 02:51:21 UTC 2018
2 ms. Memory: 549376K Free: 533214K (97%)
ptolemy.util.test.WatchDog.cancel(): canceling Sun Nov 25 02:51:21 UTC 2018
------------------ testing $PTII/ptolemy/domains/de/test/auto/ResettableTimer3.xml
auto.tcl: Setting watchdog for 200 seconds at Sun Nov 25 02:51:21 UTC 2018
2 ms. Memory: 550912K Free: 534520K (97%)
ptolemy.util.test.WatchDog.cancel(): canceling Sun Nov 25 02:51:21 UTC 2018
auto.tcl: Setting watchdog for 200 seconds at Sun Nov 25 02:51:21 UTC 2018
1 ms. Memory: 550912K Free: 534520K (97%)
ptolemy.util.test.WatchDog.cancel(): canceling Sun Nov 25 02:51:21 UTC 2018
------------------ testing $PTII/ptolemy/domains/de/test/auto/ResettableTimer4.xml
auto.tcl: Setting watchdog for 200 seconds at Sun Nov 25 02:51:21 UTC 2018
2 ms. Memory: 549376K Free: 533227K (97%)
ptolemy.util.test.WatchDog.cancel(): canceling Sun Nov 25 02:51:21 UTC 2018
auto.tcl: Setting watchdog for 200 seconds at Sun Nov 25 02:51:21 UTC 2018
1 ms. Memory: 549376K Free: 533227K (97%)
ptolemy.util.test.WatchDog.cancel(): canceling Sun Nov 25 02:51:21 UTC 2018
------------------ testing $PTII/ptolemy/domains/de/test/auto/ResettableTimer5.xml
auto.tcl: Setting watchdog for 200 seconds at Sun Nov 25 02:51:22 UTC 2018
1 ms. Memory: 550400K Free: 529340K (96%)
ptolemy.util.test.WatchDog.cancel(): canceling Sun Nov 25 02:51:22 UTC 2018
auto.tcl: Setting watchdog for 200 seconds at Sun Nov 25 02:51:22 UTC 2018
1 ms. Memory: 550400K Free: 529340K (96%)
ptolemy.util.test.WatchDog.cancel(): canceling Sun Nov 25 02:51:22 UTC 2018
------------------ testing $PTII/ptolemy/domains/de/test/auto/ResettableTimer6.xml
auto.tcl: Setting watchdog for 200 seconds at Sun Nov 25 02:51:22 UTC 2018
1 ms. Memory: 549376K Free: 532945K (97%)
ptolemy.util.test.WatchDog.cancel(): canceling Sun Nov 25 02:51:22 UTC 2018
auto.tcl: Setting watchdog for 200 seconds at Sun Nov 25 02:51:22 UTC 2018
2 ms. Memory: 549376K Free: 532945K (97%)
ptolemy.util.test.WatchDog.cancel(): canceling Sun Nov 25 02:51:22 UTC 2018
------------------ testing $PTII/ptolemy/domains/de/test/auto/ServerZeroDelay.xml
auto.tcl: Setting watchdog for 200 seconds at Sun Nov 25 02:51:22 UTC 2018
3 ms. Memory: 550400K Free: 534190K (97%)
ptolemy.util.test.WatchDog.cancel(): canceling Sun Nov 25 02:51:22 UTC 2018
auto.tcl: Setting watchdog for 200 seconds at Sun Nov 25 02:51:22 UTC 2018
2 ms. Memory: 550400K Free: 534190K (97%)
ptolemy.util.test.WatchDog.cancel(): canceling Sun Nov 25 02:51:22 UTC 2018
------------------ testing $PTII/ptolemy/domains/de/test/auto/SmartSender.xml
auto.tcl: Setting watchdog for 200 seconds at Sun Nov 25 02:51:22 UTC 2018
3001 ms. Memory: 549376K Free: 523801K (95%)
ptolemy.util.test.WatchDog.cancel(): canceling Sun Nov 25 02:51:25 UTC 2018
auto.tcl: Setting watchdog for 200 seconds at Sun Nov 25 02:51:25 UTC 2018
3001 ms. Memory: 549376K Free: 523801K (95%)
ptolemy.util.test.WatchDog.cancel(): canceling Sun Nov 25 02:51:28 UTC 2018
------------------ testing $PTII/ptolemy/domains/de/test/auto/ThreadedComposite.xml
auto.tcl: Setting watchdog for 200 seconds at Sun Nov 25 02:51:28 UTC 2018
211 ms. Memory: 550400K Free: 513214K (93%)
ptolemy.util.test.WatchDog.cancel(): canceling Sun Nov 25 02:51:28 UTC 2018
auto.tcl: Setting watchdog for 200 seconds at Sun Nov 25 02:51:28 UTC 2018
107 ms. Memory: 550400K Free: 497139K (90%)
ptolemy.util.test.WatchDog.cancel(): canceling Sun Nov 25 02:51:28 UTC 2018
------------------ testing $PTII/ptolemy/domains/de/test/auto/Time.xml
auto.tcl: Setting watchdog for 200 seconds at Sun Nov 25 02:51:28 UTC 2018
517 ms. Memory: 549376K Free: 476499K (87%)
ptolemy.util.test.WatchDog.cancel(): canceling Sun Nov 25 02:51:29 UTC 2018
auto.tcl: Setting watchdog for 200 seconds at Sun Nov 25 02:51:29 UTC 2018
457 ms. Memory: 549376K Free: 422776K (77%)
ptolemy.util.test.WatchDog.cancel(): canceling Sun Nov 25 02:51:29 UTC 2018
------------------ testing $PTII/ptolemy/domains/de/test/auto/TimeDelayZeroDelay.xml
auto.tcl: Setting watchdog for 200 seconds at Sun Nov 25 02:51:29 UTC 2018
5 ms. Memory: 550400K Free: 533875K (97%)
ptolemy.util.test.WatchDog.cancel(): canceling Sun Nov 25 02:51:29 UTC 2018
auto.tcl: Setting watchdog for 200 seconds at Sun Nov 25 02:51:29 UTC 2018
2 ms. Memory: 550400K Free: 533875K (97%)
ptolemy.util.test.WatchDog.cancel(): canceling Sun Nov 25 02:51:29 UTC 2018
------------------ testing $PTII/ptolemy/domains/de/test/auto/TimerZeroDelay.xml
auto.tcl: Setting watchdog for 200 seconds at Sun Nov 25 02:51:29 UTC 2018
3 ms. Memory: 549376K Free: 533124K (97%)
ptolemy.util.test.WatchDog.cancel(): canceling Sun Nov 25 02:51:29 UTC 2018
auto.tcl: Setting watchdog for 200 seconds at Sun Nov 25 02:51:29 UTC 2018
3 ms. Memory: 549376K Free: 533124K (97%)
ptolemy.util.test.WatchDog.cancel(): canceling Sun Nov 25 02:51:29 UTC 2018
------------------ testing $PTII/ptolemy/domains/de/test/auto/TimingParadox.xml
auto.tcl: Setting watchdog for 200 seconds at Sun Nov 25 02:51:29 UTC 2018
326 ms. Memory: 549888K Free: 467024K (85%)
ptolemy.util.test.WatchDog.cancel(): canceling Sun Nov 25 02:51:30 UTC 2018
auto.tcl: Setting watchdog for 200 seconds at Sun Nov 25 02:51:30 UTC 2018
291 ms. Memory: 549888K Free: 433447K (79%)
ptolemy.util.test.WatchDog.cancel(): canceling Sun Nov 25 02:51:30 UTC 2018
------------------ testing $PTII/ptolemy/domains/de/test/auto/TransferInputs.xml
auto.tcl: Setting watchdog for 200 seconds at Sun Nov 25 02:51:30 UTC 2018
1 ms. Memory: 549888K Free: 532540K (97%)
ptolemy.util.test.WatchDog.cancel(): canceling Sun Nov 25 02:51:30 UTC 2018
auto.tcl: Setting watchdog for 200 seconds at Sun Nov 25 02:51:30 UTC 2018
1 ms. Memory: 549888K Free: 532540K (97%)
ptolemy.util.test.WatchDog.cancel(): canceling Sun Nov 25 02:51:30 UTC 2018
------------------ testing $PTII/ptolemy/domains/de/test/auto/TransferOutputs2.xml
auto.tcl: Setting watchdog for 200 seconds at Sun Nov 25 02:51:30 UTC 2018
5 ms. Memory: 549376K Free: 526415K (96%)
ptolemy.util.test.WatchDog.cancel(): canceling Sun Nov 25 02:51:30 UTC 2018
auto.tcl: Setting watchdog for 200 seconds at Sun Nov 25 02:51:30 UTC 2018
2 ms. Memory: 549376K Free: 526415K (96%)
ptolemy.util.test.WatchDog.cancel(): canceling Sun Nov 25 02:51:30 UTC 2018
------------------ testing $PTII/ptolemy/domains/de/test/auto/Trilateration.xml
auto.tcl: Setting watchdog for 200 seconds at Sun Nov 25 02:51:30 UTC 2018
14170 ms. Memory: 453632K Free: 96449K (21%)
ptolemy.util.test.WatchDog.cancel(): canceling Sun Nov 25 02:51:45 UTC 2018
auto.tcl: Setting watchdog for 200 seconds at Sun Nov 25 02:51:45 UTC 2018
11886 ms. Memory: 331264K Free: 167544K (51%)
ptolemy.util.test.WatchDog.cancel(): canceling Sun Nov 25 02:51:57 UTC 2018
------------------ testing $PTII/ptolemy/domains/de/test/auto/TwoSigmaDelta.xml
auto.tcl: Setting watchdog for 200 seconds at Sun Nov 25 02:51:57 UTC 2018
2808 ms. Memory: 320000K Free: 257486K (80%)
ptolemy.util.test.WatchDog.cancel(): canceling Sun Nov 25 02:52:00 UTC 2018
auto.tcl: Setting watchdog for 200 seconds at Sun Nov 25 02:52:00 UTC 2018
2213 ms. Memory: 307712K Free: 238289K (77%)
ptolemy.util.test.WatchDog.cancel(): canceling Sun Nov 25 02:52:03 UTC 2018
------------------ testing $PTII/ptolemy/domains/de/test/auto/VariableDelay.xml
auto.tcl: Setting watchdog for 200 seconds at Sun Nov 25 02:52:03 UTC 2018
2 ms. Memory: 309760K Free: 293336K (95%)
ptolemy.util.test.WatchDog.cancel(): canceling Sun Nov 25 02:52:03 UTC 2018
auto.tcl: Setting watchdog for 200 seconds at Sun Nov 25 02:52:03 UTC 2018
2 ms. Memory: 309760K Free: 293336K (95%)
ptolemy.util.test.WatchDog.cancel(): canceling Sun Nov 25 02:52:03 UTC 2018
------------------ testing $PTII/ptolemy/domains/de/test/auto/VariableDelay2.xml
auto.tcl: Setting watchdog for 200 seconds at Sun Nov 25 02:52:03 UTC 2018
2 ms. Memory: 307712K Free: 293954K (96%)
ptolemy.util.test.WatchDog.cancel(): canceling Sun Nov 25 02:52:03 UTC 2018
auto.tcl: Setting watchdog for 200 seconds at Sun Nov 25 02:52:03 UTC 2018
1 ms. Memory: 307712K Free: 293954K (96%)
ptolemy.util.test.WatchDog.cancel(): canceling Sun Nov 25 02:52:03 UTC 2018
------------------ testing $PTII/ptolemy/domains/de/test/auto/VariableDelayZeroDelay.xml
auto.tcl: Setting watchdog for 200 seconds at Sun Nov 25 02:52:03 UTC 2018
2 ms. Memory: 309248K Free: 296488K (96%)
ptolemy.util.test.WatchDog.cancel(): canceling Sun Nov 25 02:52:03 UTC 2018
auto.tcl: Setting watchdog for 200 seconds at Sun Nov 25 02:52:03 UTC 2018
2 ms. Memory: 309248K Free: 293242K (95%)
ptolemy.util.test.WatchDog.cancel(): canceling Sun Nov 25 02:52:03 UTC 2018
------------------ testing $PTII/ptolemy/domains/de/test/auto/VariableDelayZeroDelay2.xml
auto.tcl: Setting watchdog for 200 seconds at Sun Nov 25 02:52:03 UTC 2018
2 ms. Memory: 307712K Free: 291688K (95%)
ptolemy.util.test.WatchDog.cancel(): canceling Sun Nov 25 02:52:03 UTC 2018
auto.tcl: Setting watchdog for 200 seconds at Sun Nov 25 02:52:03 UTC 2018
2 ms. Memory: 307712K Free: 291688K (95%)
ptolemy.util.test.WatchDog.cancel(): canceling Sun Nov 25 02:52:03 UTC 2018
------------------ testing $PTII/ptolemy/domains/de/test/auto/deInCt.xml
auto.tcl: Setting watchdog for 200 seconds at Sun Nov 25 02:52:03 UTC 2018
0
1
1
1
1
0
0
0
1
1
1
1
1
1
0
0
0
0
1
1
1
0
0
0
0
1
1
1
0
0
0
1
1
1
15 ms. Memory: 309248K Free: 293222K (95%)
ptolemy.util.test.WatchDog.cancel(): canceling Sun Nov 25 02:52:03 UTC 2018
auto.tcl: Setting watchdog for 200 seconds at Sun Nov 25 02:52:03 UTC 2018
0
1
1
1
0
0
1
1
1
1
1
1
0
0
0
1
1
1
0
0
0
1
1
1
0
0
0
1
1
1
0
0
0
1
1
1
0
0
1
1
1
1
0
0
0
0
0
5 ms. Memory: 309248K Free: 293222K (95%)
ptolemy.util.test.WatchDog.cancel(): canceling Sun Nov 25 02:52:03 UTC 2018
------------------ testing $PTII/ptolemy/domains/de/test/auto/deInCt2.xml
auto.tcl: Setting watchdog for 200 seconds at Sun Nov 25 02:52:03 UTC 2018
0
1
1
1
0
0
1
1
1
0
0
1
1
1
0
0
1
1
1
0
0
1
1
1
0
0
1
1
1
0
0
1
1
1
0
0
1
1
1
0
0
0
14 ms. Memory: 307712K Free: 291689K (95%)
ptolemy.util.test.WatchDog.cancel(): canceling Sun Nov 25 02:52:03 UTC 2018
auto.tcl: Setting watchdog for 200 seconds at Sun Nov 25 02:52:03 UTC 2018
0
1
1
1
0
0
1
1
1
0
0
1
1
1
0
0
1
1
1
0
0
1
1
1
0
0
1
1
1
0
0
1
1
1
0
0
1
1
1
0
0
0
7 ms. Memory: 307712K Free: 291689K (95%)
ptolemy.util.test.WatchDog.cancel(): canceling Sun Nov 25 02:52:03 UTC 2018
------------------ testing $PTII/ptolemy/domains/de/test/auto/dynamicCausalityInterface1.xml
auto.tcl: Setting watchdog for 200 seconds at Sun Nov 25 02:52:03 UTC 2018
3 ms. Memory: 308736K Free: 289459K (94%)
ptolemy.util.test.WatchDog.cancel(): canceling Sun Nov 25 02:52:03 UTC 2018
auto.tcl: Setting watchdog for 200 seconds at Sun Nov 25 02:52:03 UTC 2018
1 ms. Memory: 308736K Free: 286197K (93%)
ptolemy.util.test.WatchDog.cancel(): canceling Sun Nov 25 02:52:03 UTC 2018
------------------ testing $PTII/ptolemy/domains/de/test/auto/fsm_de_test.xml
auto.tcl: Setting watchdog for 200 seconds at Sun Nov 25 02:52:03 UTC 2018
11 ms. Memory: 307712K Free: 288330K (94%)
ptolemy.util.test.WatchDog.cancel(): canceling Sun Nov 25 02:52:03 UTC 2018
auto.tcl: Setting watchdog for 200 seconds at Sun Nov 25 02:52:03 UTC 2018
4 ms. Memory: 307712K Free: 285083K (93%)
ptolemy.util.test.WatchDog.cancel(): canceling Sun Nov 25 02:52:03 UTC 2018
------------------ testing $PTII/ptolemy/domains/de/test/auto/functionDependencyReconstruction.xml
auto.tcl: Setting watchdog for 200 seconds at Sun Nov 25 02:52:03 UTC 2018
2 ms. Memory: 308736K Free: 282844K (92%)
ptolemy.util.test.WatchDog.cancel(): canceling Sun Nov 25 02:52:03 UTC 2018
auto.tcl: Setting watchdog for 200 seconds at Sun Nov 25 02:52:03 UTC 2018
2 ms. Memory: 308736K Free: 279582K (91%)
ptolemy.util.test.WatchDog.cancel(): canceling Sun Nov 25 02:52:03 UTC 2018
------------------ testing $PTII/ptolemy/domains/de/test/auto/multirate.xml
auto.tcl: Setting watchdog for 200 seconds at Sun Nov 25 02:52:03 UTC 2018
9 ms. Memory: 307712K Free: 291451K (95%)
ptolemy.util.test.WatchDog.cancel(): canceling Sun Nov 25 02:52:03 UTC 2018
auto.tcl: Setting watchdog for 200 seconds at Sun Nov 25 02:52:03 UTC 2018
3 ms. Memory: 307712K Free: 288205K (94%)
ptolemy.util.test.WatchDog.cancel(): canceling Sun Nov 25 02:52:03 UTC 2018
------------------ testing $PTII/ptolemy/domains/de/test/auto/multirate2.xml
auto.tcl: Setting watchdog for 200 seconds at Sun Nov 25 02:52:03 UTC 2018
2 ms. Memory: 308736K Free: 292655K (95%)
ptolemy.util.test.WatchDog.cancel(): canceling Sun Nov 25 02:52:03 UTC 2018
auto.tcl: Setting watchdog for 200 seconds at Sun Nov 25 02:52:03 UTC 2018
3 ms. Memory: 308736K Free: 289409K (94%)
ptolemy.util.test.WatchDog.cancel(): canceling Sun Nov 25 02:52:03 UTC 2018
------------------ testing $PTII/ptolemy/domains/de/test/auto/realtime.xml
auto.tcl: Setting watchdog for 200 seconds at Sun Nov 25 02:52:03 UTC 2018
10002 ms. Memory: 307712K Free: 291617K (95%)
ptolemy.util.test.WatchDog.cancel(): canceling Sun Nov 25 02:52:13 UTC 2018
auto.tcl: Setting watchdog for 200 seconds at Sun Nov 25 02:52:13 UTC 2018
10001 ms. Memory: 307712K Free: 291617K (95%)
ptolemy.util.test.WatchDog.cancel(): canceling Sun Nov 25 02:52:23 UTC 2018
------------------ testing $PTII/ptolemy/domains/de/test/auto/relationGroup.xml
auto.tcl: Setting watchdog for 200 seconds at Sun Nov 25 02:52:24 UTC 2018
2 ms. Memory: 308224K Free: 295430K (96%)
ptolemy.util.test.WatchDog.cancel(): canceling Sun Nov 25 02:52:24 UTC 2018
auto.tcl: Setting watchdog for 200 seconds at Sun Nov 25 02:52:24 UTC 2018
1 ms. Memory: 308224K Free: 292184K (95%)
ptolemy.util.test.WatchDog.cancel(): canceling Sun Nov 25 02:52:24 UTC 2018
------------------ testing $PTII/ptolemy/domains/de/test/auto/relationGroup2.xml
auto.tcl: Setting watchdog for 200 seconds at Sun Nov 25 02:52:24 UTC 2018
2 ms. Memory: 307712K Free: 294945K (96%)
ptolemy.util.test.WatchDog.cancel(): canceling Sun Nov 25 02:52:24 UTC 2018
auto.tcl: Setting watchdog for 200 seconds at Sun Nov 25 02:52:24 UTC 2018
1 ms. Memory: 307712K Free: 294945K (96%)
ptolemy.util.test.WatchDog.cancel(): canceling Sun Nov 25 02:52:24 UTC 2018
------------------ testing $PTII/ptolemy/domains/de/test/auto/sortWithOpaquePorts.xml
auto.tcl: Setting watchdog for 200 seconds at Sun Nov 25 02:52:24 UTC 2018
1 ms. Memory: 308224K Free: 292196K (95%)
ptolemy.util.test.WatchDog.cancel(): canceling Sun Nov 25 02:52:24 UTC 2018
auto.tcl: Setting watchdog for 200 seconds at Sun Nov 25 02:52:24 UTC 2018
1 ms. Memory: 308224K Free: 292196K (95%)
ptolemy.util.test.WatchDog.cancel(): canceling Sun Nov 25 02:52:24 UTC 2018
------------------ testing $PTII/ptolemy/domains/de/test/auto/transferInputsandOutputs.xml
auto.tcl: Setting watchdog for 200 seconds at Sun Nov 25 02:52:24 UTC 2018
1 ms. Memory: 307712K Free: 291677K (95%)
ptolemy.util.test.WatchDog.cancel(): canceling Sun Nov 25 02:52:24 UTC 2018
auto.tcl: Setting watchdog for 200 seconds at Sun Nov 25 02:52:24 UTC 2018
2 ms. Memory: 307712K Free: 288415K (94%)
ptolemy.util.test.WatchDog.cancel(): canceling Sun Nov 25 02:52:24 UTC 2018
------------------ testing $PTII/ptolemy/domains/de/test/auto/triggerType.xml
auto.tcl: Setting watchdog for 200 seconds at Sun Nov 25 02:52:24 UTC 2018
1 ms. Memory: 308224K Free: 292149K (95%)
ptolemy.util.test.WatchDog.cancel(): canceling Sun Nov 25 02:52:24 UTC 2018
auto.tcl: Setting watchdog for 200 seconds at Sun Nov 25 02:52:24 UTC 2018
2 ms. Memory: 308224K Free: 292149K (95%)
ptolemy.util.test.WatchDog.cancel(): canceling Sun Nov 25 02:52:24 UTC 2018
11/25/18 02:52:24
Failed: 0  Total Tests: 192  ((Passed: 187, Newly Passed: 1)  Known Failed: 5) /home/travis/build/icyphy/ptII/ptolemy/domains/de/test
11/25/18 02:52:24
Failed: 0  Total Tests: 192  ((Passed: 187, Newly Passed: 1)  Known Failed: 5) /home/travis/build/icyphy/ptII/ptolemy/domains/de/test
----------------- testing (KnownFailure) /home/travis/build/icyphy/ptII/ptolemy/domains/de/test/auto/knownFailedTests/DESDFClockTest.xml
2013 ms. Memory: 307712K Free: 285855K (93%)
Known Failure: java.lang.reflect.InvocationTargetException
----------------- testing (KnownFailure) /home/travis/build/icyphy/ptII/ptolemy/domains/de/test/auto/knownFailedTests/DirectFeedback.xml
2 ms. Memory: 307712K Free: 267750K (87%)
Known Failure: java.lang.reflect.InvocationTargetException
----------------- testing (KnownFailure) /home/travis/build/icyphy/ptII/ptolemy/domains/de/test/auto/knownFailedTests/FSMSource.xml
3 ms. Memory: 307712K Free: 245104K (80%)
----------------- testing (KnownFailure) /home/travis/build/icyphy/ptII/ptolemy/domains/de/test/auto/knownFailedTests/HierarchicalModel.xml
2 ms. Memory: 307712K Free: 222441K (72%)
Known Failure: java.lang.reflect.InvocationTargetException
----------------- testing (KnownFailure) /home/travis/build/icyphy/ptII/ptolemy/domains/de/test/auto/knownFailedTests/dependencyLoop.xml
1 ms. Memory: 307712K Free: 190726K (62%)
Known Failure: java.lang.reflect.InvocationTargetException
----------------- testing (KnownFailure) /home/travis/build/icyphy/ptII/ptolemy/domains/de/test/auto/knownFailedTests/dependencyLoop2.xml
3 ms. Memory: 307712K Free: 159011K (52%)
Known Failure: java.lang.reflect.InvocationTargetException
No auto/linux-amd64/*.xml tests in /home/travis/build/icyphy/ptII/ptolemy/domains/de/test
AutoTests.java: About to close Vertx.
AutoTests.java: Vertx closed.

===========================================================================================
----------------- testing Sun Nov 25 02:52:26 UTC 2018 /home/travis/build/icyphy/ptII/ptolemy/domains/de/test/auto/ActorDepthCalculation_actorWithoutPorts.xml
----------------- Instantiating /home/travis/build/icyphy/ptII/ptolemy/domains/de/test/auto/ActorDepthCalculation_actorWithoutPorts.xml
1 ms. Memory: 307712K Free: 131838K (43%)
----------------- Invoking toplevel() on ptolemy.moml.MoMLSimpleApplication@2ab12d59
----------------- Done invoking toplevel() on ptolemy.moml.MoMLSimpleApplication@2ab12d59
reloadAllAccessors: .ActorDepthCalculation_actorWithoutPorts

===========================================================================================
----------------- testing Sun Nov 25 02:52:26 UTC 2018 /home/travis/build/icyphy/ptII/ptolemy/domains/de/test/auto/AssemblyLine.xml
----------------- Instantiating /home/travis/build/icyphy/ptII/ptolemy/domains/de/test/auto/AssemblyLine.xml
5 ms. Memory: 307712K Free: 118244K (38%)
----------------- Invoking toplevel() on ptolemy.moml.MoMLSimpleApplication@5922a0f6
----------------- Done invoking toplevel() on ptolemy.moml.MoMLSimpleApplication@5922a0f6
reloadAllAccessors: .AssemblyLine

===========================================================================================
----------------- testing Sun Nov 25 02:52:26 UTC 2018 /home/travis/build/icyphy/ptII/ptolemy/domains/de/test/auto/CQBug1.xml
----------------- Instantiating /home/travis/build/icyphy/ptII/ptolemy/domains/de/test/auto/CQBug1.xml
0 ms. Memory: 307712K Free: 109192K (35%)
----------------- Invoking toplevel() on ptolemy.moml.MoMLSimpleApplication@4a175b61
----------------- Done invoking toplevel() on ptolemy.moml.MoMLSimpleApplication@4a175b61
reloadAllAccessors: .CQBug1

===========================================================================================
----------------- testing Sun Nov 25 02:52:26 UTC 2018 /home/travis/build/icyphy/ptII/ptolemy/domains/de/test/auto/CancelFireAt.xml
----------------- Instantiating /home/travis/build/icyphy/ptII/ptolemy/domains/de/test/auto/CancelFireAt.xml
0 ms. Memory: 307712K Free: 100140K (33%)
----------------- Invoking toplevel() on ptolemy.moml.MoMLSimpleApplication@613b7af7
----------------- Done invoking toplevel() on ptolemy.moml.MoMLSimpleApplication@613b7af7
reloadAllAccessors: .CancelFireAt

===========================================================================================
----------------- testing Sun Nov 25 02:52:26 UTC 2018 /home/travis/build/icyphy/ptII/ptolemy/domains/de/test/auto/CausalityAndComposabilityAnalysis.xml
----------------- Instantiating /home/travis/build/icyphy/ptII/ptolemy/domains/de/test/auto/CausalityAndComposabilityAnalysis.xml
1 ms. Memory: 307712K Free: 91087K (30%)
----------------- Invoking toplevel() on ptolemy.moml.MoMLSimpleApplication@16bc04f4
----------------- Done invoking toplevel() on ptolemy.moml.MoMLSimpleApplication@16bc04f4
reloadAllAccessors: .CausalityAndComposabilityAnalysis

===========================================================================================
----------------- testing Sun Nov 25 02:52:26 UTC 2018 /home/travis/build/icyphy/ptII/ptolemy/domains/de/test/auto/CausalityInterface1.xml
----------------- Instantiating /home/travis/build/icyphy/ptII/ptolemy/domains/de/test/auto/CausalityInterface1.xml
3 ms. Memory: 307712K Free: 78789K (26%)
----------------- Invoking toplevel() on ptolemy.moml.MoMLSimpleApplication@11150b12
----------------- Done invoking toplevel() on ptolemy.moml.MoMLSimpleApplication@11150b12
reloadAllAccessors: .CausalityInterface1

===========================================================================================
----------------- testing Sun Nov 25 02:52:26 UTC 2018 /home/travis/build/icyphy/ptII/ptolemy/domains/de/test/auto/CausalityInterface15.xml
----------------- Instantiating /home/travis/build/icyphy/ptII/ptolemy/domains/de/test/auto/CausalityInterface15.xml
1 ms. Memory: 298496K Free: 286436K (96%)
----------------- Invoking toplevel() on ptolemy.moml.MoMLSimpleApplication@2ebb5751
----------------- Done invoking toplevel() on ptolemy.moml.MoMLSimpleApplication@2ebb5751
reloadAllAccessors: .CausalityInterface15

[...]
java.lang.RuntimeException: Execution failed
	at ptolemy.moml.MoMLSimpleApplication$UnloadThread.run(MoMLSimpleApplication.java:402)
Caused by: ptolemy.kernel.util.IllegalActionException: Test fails in iteration 1.
Value was: 1.0. Should have been: 2.0
  in .DirectFeedback.Test
	at ptolemy.actor.lib.Test.fire(Test.java:268)
	at ptolemy.domains.de.kernel.DEDirector._fire(DEDirector.java:1949)
	at ptolemy.domains.de.kernel.DEDirector.fire(DEDirector.java:502)
	at ptolemy.actor.CompositeActor.fire(CompositeActor.java:455)
	at ptolemy.actor.Manager.iterate(Manager.java:851)
	at ptolemy.actor.Manager.execute(Manager.java:369)
	at ptolemy.actor.Manager.run(Manager.java:1263)
	at ptolemy.actor.Manager$PtolemyRunThread.run(Manager.java:1915)
java.lang.RuntimeException: Execution failed
	at ptolemy.moml.MoMLSimpleApplication$UnloadThread.run(MoMLSimpleApplication.java:402)
Caused by: ptolemy.kernel.util.IllegalActionException: Actor is not ready to fire.  Perhaps UpSample.prefire() returned false? Try debugging the actor by selecting "Listen to Actor".  Also, for SDF check moml for tokenConsumptionRate on input.
  in .DESDFClockTest.Play Bell.Copy1:SDF Director and .DESDFClockTest.Play Bell.UpSample
	at ptolemy.actor.sched.StaticSchedulingDirector.fire(StaticSchedulingDirector.java:227)
	at ptolemy.domains.sdf.kernel.SDFDirector.fire(SDFDirector.java:500)
	at ptolemy.actor.CompositeActor.fire(CompositeActor.java:455)
	at ptolemy.domains.de.kernel.DEDirector._fire(DEDirector.java:1949)
	at ptolemy.domains.de.kernel.DEDirector.fire(DEDirector.java:502)
	at ptolemy.actor.CompositeActor.fire(CompositeActor.java:455)
	at ptolemy.actor.Manager.iterate(Manager.java:851)
	at ptolemy.actor.Manager.execute(Manager.java:369)
	at ptolemy.actor.Manager.run(Manager.java:1263)
	at ptolemy.actor.Manager$PtolemyRunThread.run(Manager.java:1915)
java.lang.reflect.InvocationTargetException
	at sun.reflect.NativeConstructorAccessorImpl.newInstance0(Native Method)
	at sun.reflect.NativeConstructorAccessorImpl.newInstance(NativeConstructorAccessorImpl.java:62)
	at sun.reflect.DelegatingConstructorAccessorImpl.newInstance(DelegatingConstructorAccessorImpl.java:45)
	at java.lang.reflect.Constructor.newInstance(Constructor.java:423)
	at ptolemy.util.test.junit.AutoKnownFailedTests.RunModel(AutoKnownFailedTests.java:105)
	at sun.reflect.NativeMethodAccessorImpl.invoke0(Native Method)
	at sun.reflect.NativeMethodAccessorImpl.invoke(NativeMethodAccessorImpl.java:62)
	at sun.reflect.DelegatingMethodAccessorImpl.invoke(DelegatingMethodAccessorImpl.java:43)
	at java.lang.reflect.Method.invoke(Method.java:498)
	at org.junit.runners.model.FrameworkMethod$1.runReflectiveCall(FrameworkMethod.java:44)
	at org.junit.internal.runners.model.ReflectiveCallable.run(ReflectiveCallable.java:15)
	at org.junit.runners.model.FrameworkMethod.invokeExplosively(FrameworkMethod.java:41)
	at junitparams.internal.InvokeParameterisedMethod.evaluate(InvokeParameterisedMethod.java:102)
	at org.junit.internal.runners.statements.FailOnTimeout$1.run(FailOnTimeout.java:28)
Caused by: ptolemy.kernel.util.IllegalActionException: Actor is not ready to fire.  Perhaps UpSample.prefire() returned false? Try debugging the actor by selecting "Listen to Actor".  Also, for SDF check moml for tokenConsumptionRate on input.
  in .DESDFClockTest.Play Bell.Copy1:SDF Director and .DESDFClockTest.Play Bell.UpSample
	at ptolemy.actor.sched.StaticSchedulingDirector.fire(StaticSchedulingDirector.java:227)
	at ptolemy.domains.sdf.kernel.SDFDirector.fire(SDFDirector.java:500)
	at ptolemy.actor.CompositeActor.fire(CompositeActor.java:455)
	at ptolemy.domains.de.kernel.DEDirector._fire(DEDirector.java:1949)
	at ptolemy.domains.de.kernel.DEDirector.fire(DEDirector.java:502)
	at ptolemy.actor.CompositeActor.fire(CompositeActor.java:455)
	at ptolemy.actor.Manager.iterate(Manager.java:851)
	at ptolemy.actor.Manager.execute(Manager.java:369)
	at ptolemy.actor.Manager.run(Manager.java:1263)
	at ptolemy.actor.Manager$PtolemyRunThread.run(Manager.java:1915)
java.lang.RuntimeException: Execution failed
	at ptolemy.moml.MoMLSimpleApplication$UnloadThread.run(MoMLSimpleApplication.java:402)
Caused by: ptolemy.kernel.util.IllegalActionException: Test fails in iteration 1.
Value was: 1.0. Should have been: 2.0
  in .DirectFeedback.Test
	at ptolemy.actor.lib.Test.fire(Test.java:268)
	at ptolemy.domains.de.kernel.DEDirector._fire(DEDirector.java:1949)
	at ptolemy.domains.de.kernel.DEDirector.fire(DEDirector.java:502)
	at ptolemy.actor.CompositeActor.fire(CompositeActor.java:455)
	at ptolemy.actor.Manager.iterate(Manager.java:851)
	at ptolemy.actor.Manager.execute(Manager.java:369)
	at ptolemy.actor.Manager.run(Manager.java:1263)
	at ptolemy.actor.Manager$PtolemyRunThread.run(Manager.java:1915)
java.lang.reflect.InvocationTargetException
	at sun.reflect.NativeConstructorAccessorImpl.newInstance0(Native Method)
	at sun.reflect.NativeConstructorAccessorImpl.newInstance(NativeConstructorAccessorImpl.java:62)
	at sun.reflect.DelegatingConstructorAccessorImpl.newInstance(DelegatingConstructorAccessorImpl.java:45)
	at java.lang.reflect.Constructor.newInstance(Constructor.java:423)
	at ptolemy.util.test.junit.AutoKnownFailedTests.RunModel(AutoKnownFailedTests.java:105)
	at sun.reflect.NativeMethodAccessorImpl.invoke0(Native Method)
	at sun.reflect.NativeMethodAccessorImpl.invoke(NativeMethodAccessorImpl.java:62)
	at sun.reflect.DelegatingMethodAccessorImpl.invoke(DelegatingMethodAccessorImpl.java:43)
	at java.lang.reflect.Method.invoke(Method.java:498)
	at org.junit.runners.model.FrameworkMethod$1.runReflectiveCall(FrameworkMethod.java:44)
	at org.junit.internal.runners.model.ReflectiveCallable.run(ReflectiveCallable.java:15)
	at org.junit.runners.model.FrameworkMethod.invokeExplosively(FrameworkMethod.java:41)
	at junitparams.internal.InvokeParameterisedMethod.evaluate(InvokeParameterisedMethod.java:102)
	at org.junit.internal.runners.statements.FailOnTimeout$1.run(FailOnTimeout.java:28)
Caused by: ptolemy.kernel.util.IllegalActionException: Test fails in iteration 1.
Value was: 1.0. Should have been: 2.0
  in .DirectFeedback.Test
	at ptolemy.actor.lib.Test.fire(Test.java:268)
	at ptolemy.domains.de.kernel.DEDirector._fire(DEDirector.java:1949)
	at ptolemy.domains.de.kernel.DEDirector.fire(DEDirector.java:502)
	at ptolemy.actor.CompositeActor.fire(CompositeActor.java:455)
	at ptolemy.actor.Manager.iterate(Manager.java:851)
	at ptolemy.actor.Manager.execute(Manager.java:369)
	at ptolemy.actor.Manager.run(Manager.java:1263)
	at ptolemy.actor.Manager$PtolemyRunThread.run(Manager.java:1915)
java.lang.RuntimeException: Execution failed
	at ptolemy.moml.MoMLSimpleApplication$UnloadThread.run(MoMLSimpleApplication.java:402)
Caused by: ptolemy.kernel.util.IllegalActionException: Found a zero delay loop containing .HierarchicalModel.A
  in .HierarchicalModel and .HierarchicalModel.A
	at ptolemy.actor.util.CausalityInterfaceForComposites._computeOutputPortDepth(CausalityInterfaceForComposites.java:759)
	at ptolemy.actor.util.CausalityInterfaceForComposites._computeInputDepth(CausalityInterfaceForComposites.java:696)
	at ptolemy.actor.util.CausalityInterfaceForComposites._computeOutputPortDepth(CausalityInterfaceForComposites.java:765)
	at ptolemy.actor.util.CausalityInterfaceForComposites._computeInputDepth(CausalityInterfaceForComposites.java:696)
	at ptolemy.actor.util.CausalityInterfaceForComposites._computeOutputPortDepth(CausalityInterfaceForComposites.java:765)
	at ptolemy.actor.util.CausalityInterfaceForComposites._computeInputDepth(CausalityInterfaceForComposites.java:696)
	at ptolemy.actor.util.CausalityInterfaceForComposites._computeActorDepth(CausalityInterfaceForComposites.java:532)
	at ptolemy.actor.util.CausalityInterfaceForComposites.checkForCycles(CausalityInterfaceForComposites.java:96)
	at ptolemy.domains.de.kernel.DEDirector.preinitialize(DEDirector.java:1338)
	at ptolemy.actor.CompositeActor.preinitialize(CompositeActor.java:1828)
	at ptolemy.actor.Manager.preinitializeAndResolveTypes(Manager.java:1040)
	at ptolemy.actor.Manager.initialize(Manager.java:710)
	at ptolemy.actor.Manager.execute(Manager.java:356)
	at ptolemy.actor.Manager.run(Manager.java:1263)
	at ptolemy.actor.Manager$PtolemyRunThread.run(Manager.java:1915)
java.lang.reflect.InvocationTargetException
	at sun.reflect.NativeConstructorAccessorImpl.newInstance0(Native Method)
	at sun.reflect.NativeConstructorAccessorImpl.newInstance(NativeConstructorAccessorImpl.java:62)
	at sun.reflect.DelegatingConstructorAccessorImpl.newInstance(DelegatingConstructorAccessorImpl.java:45)
	at java.lang.reflect.Constructor.newInstance(Constructor.java:423)
	at ptolemy.util.test.junit.AutoKnownFailedTests.RunModel(AutoKnownFailedTests.java:105)
	at sun.reflect.NativeMethodAccessorImpl.invoke0(Native Method)
	at sun.reflect.NativeMethodAccessorImpl.invoke(NativeMethodAccessorImpl.java:62)
	at sun.reflect.DelegatingMethodAccessorImpl.invoke(DelegatingMethodAccessorImpl.java:43)
	at java.lang.reflect.Method.invoke(Method.java:498)
	at org.junit.runners.model.FrameworkMethod$1.runReflectiveCall(FrameworkMethod.java:44)
	at org.junit.internal.runners.model.ReflectiveCallable.run(ReflectiveCallable.java:15)
	at org.junit.runners.model.FrameworkMethod.invokeExplosively(FrameworkMethod.java:41)
	at junitparams.internal.InvokeParameterisedMethod.evaluate(InvokeParameterisedMethod.java:102)
	at org.junit.internal.runners.statements.FailOnTimeout$1.run(FailOnTimeout.java:28)
Caused by: ptolemy.kernel.util.IllegalActionException: Found a zero delay loop containing .HierarchicalModel.A
  in .HierarchicalModel and .HierarchicalModel.A
	at ptolemy.actor.util.CausalityInterfaceForComposites._computeOutputPortDepth(CausalityInterfaceForComposites.java:759)
	at ptolemy.actor.util.CausalityInterfaceForComposites._computeInputDepth(CausalityInterfaceForComposites.java:696)
	at ptolemy.actor.util.CausalityInterfaceForComposites._computeOutputPortDepth(CausalityInterfaceForComposites.java:765)
	at ptolemy.actor.util.CausalityInterfaceForComposites._computeInputDepth(CausalityInterfaceForComposites.java:696)
	at ptolemy.actor.util.CausalityInterfaceForComposites._computeOutputPortDepth(CausalityInterfaceForComposites.java:765)
	at ptolemy.actor.util.CausalityInterfaceForComposites._computeInputDepth(CausalityInterfaceForComposites.java:696)
	at ptolemy.actor.util.CausalityInterfaceForComposites._computeActorDepth(CausalityInterfaceForComposites.java:532)
	at ptolemy.actor.util.CausalityInterfaceForComposites.checkForCycles(CausalityInterfaceForComposites.java:96)
	at ptolemy.domains.de.kernel.DEDirector.preinitialize(DEDirector.java:1338)
	at ptolemy.actor.CompositeActor.preinitialize(CompositeActor.java:1828)
	at ptolemy.actor.Manager.preinitializeAndResolveTypes(Manager.java:1040)
	at ptolemy.actor.Manager.initialize(Manager.java:710)
	at ptolemy.actor.Manager.execute(Manager.java:356)
	at ptolemy.actor.Manager.run(Manager.java:1263)
	at ptolemy.actor.Manager$PtolemyRunThread.run(Manager.java:1915)
java.lang.RuntimeException: Execution failed
	at ptolemy.moml.MoMLSimpleApplication$UnloadThread.run(MoMLSimpleApplication.java:402)
Caused by: ptolemy.kernel.util.IllegalActionException: Found a zero delay loop containing .dependencyLoop.original
  in .dependencyLoop and .dependencyLoop.original
	at ptolemy.actor.util.CausalityInterfaceForComposites._computeOutputPortDepth(CausalityInterfaceForComposites.java:759)
	at ptolemy.actor.util.CausalityInterfaceForComposites._computeInputDepth(CausalityInterfaceForComposites.java:696)
	at ptolemy.actor.util.CausalityInterfaceForComposites._computeOutputPortDepth(CausalityInterfaceForComposites.java:765)
	at ptolemy.actor.util.CausalityInterfaceForComposites._computeInputDepth(CausalityInterfaceForComposites.java:696)
	at ptolemy.actor.util.CausalityInterfaceForComposites._computeOutputPortDepth(CausalityInterfaceForComposites.java:765)
	at ptolemy.actor.util.CausalityInterfaceForComposites._computeInputDepth(CausalityInterfaceForComposites.java:696)
	at ptolemy.actor.util.CausalityInterfaceForComposites._computeActorDepth(CausalityInterfaceForComposites.java:532)
	at ptolemy.actor.util.CausalityInterfaceForComposites.checkForCycles(CausalityInterfaceForComposites.java:96)
	at ptolemy.domains.de.kernel.DEDirector.preinitialize(DEDirector.java:1338)
	at ptolemy.actor.CompositeActor.preinitialize(CompositeActor.java:1828)
	at ptolemy.actor.Manager.preinitializeAndResolveTypes(Manager.java:1040)
	at ptolemy.actor.Manager.initialize(Manager.java:710)
	at ptolemy.actor.Manager.execute(Manager.java:356)
	at ptolemy.actor.Manager.run(Manager.java:1263)
	at ptolemy.actor.Manager$PtolemyRunThread.run(Manager.java:1915)
java.lang.reflect.InvocationTargetException
	at sun.reflect.NativeConstructorAccessorImpl.newInstance0(Native Method)
	at sun.reflect.NativeConstructorAccessorImpl.newInstance(NativeConstructorAccessorImpl.java:62)
	at sun.reflect.DelegatingConstructorAccessorImpl.newInstance(DelegatingConstructorAccessorImpl.java:45)
	at java.lang.reflect.Constructor.newInstance(Constructor.java:423)
	at ptolemy.util.test.junit.AutoKnownFailedTests.RunModel(AutoKnownFailedTests.java:105)
	at sun.reflect.NativeMethodAccessorImpl.invoke0(Native Method)
	at sun.reflect.NativeMethodAccessorImpl.invoke(NativeMethodAccessorImpl.java:62)
	at sun.reflect.DelegatingMethodAccessorImpl.invoke(DelegatingMethodAccessorImpl.java:43)
	at java.lang.reflect.Method.invoke(Method.java:498)
	at org.junit.runners.model.FrameworkMethod$1.runReflectiveCall(FrameworkMethod.java:44)
	at org.junit.internal.runners.model.ReflectiveCallable.run(ReflectiveCallable.java:15)
	at org.junit.runners.model.FrameworkMethod.invokeExplosively(FrameworkMethod.java:41)
	at junitparams.internal.InvokeParameterisedMethod.evaluate(InvokeParameterisedMethod.java:102)
	at org.junit.internal.runners.statements.FailOnTimeout$1.run(FailOnTimeout.java:28)
Caused by: ptolemy.kernel.util.IllegalActionException: Found a zero delay loop containing .dependencyLoop.original
  in .dependencyLoop and .dependencyLoop.original
	at ptolemy.actor.util.CausalityInterfaceForComposites._computeOutputPortDepth(CausalityInterfaceForComposites.java:759)
	at ptolemy.actor.util.CausalityInterfaceForComposites._computeInputDepth(CausalityInterfaceForComposites.java:696)
	at ptolemy.actor.util.CausalityInterfaceForComposites._computeOutputPortDepth(CausalityInterfaceForComposites.java:765)
	at ptolemy.actor.util.CausalityInterfaceForComposites._computeInputDepth(CausalityInterfaceForComposites.java:696)
	at ptolemy.actor.util.CausalityInterfaceForComposites._computeOutputPortDepth(CausalityInterfaceForComposites.java:765)
	at ptolemy.actor.util.CausalityInterfaceForComposites._computeInputDepth(CausalityInterfaceForComposites.java:696)
	at ptolemy.actor.util.CausalityInterfaceForComposites._computeActorDepth(CausalityInterfaceForComposites.java:532)
	at ptolemy.actor.util.CausalityInterfaceForComposites.checkForCycles(CausalityInterfaceForComposites.java:96)
	at ptolemy.domains.de.kernel.DEDirector.preinitialize(DEDirector.java:1338)
	at ptolemy.actor.CompositeActor.preinitialize(CompositeActor.java:1828)
	at ptolemy.actor.Manager.preinitializeAndResolveTypes(Manager.java:1040)
	at ptolemy.actor.Manager.initialize(Manager.java:710)
	at ptolemy.actor.Manager.execute(Manager.java:356)
	at ptolemy.actor.Manager.run(Manager.java:1263)
	at ptolemy.actor.Manager$PtolemyRunThread.run(Manager.java:1915)
java.lang.RuntimeException: Execution failed
	at ptolemy.moml.MoMLSimpleApplication$UnloadThread.run(MoMLSimpleApplication.java:402)
Caused by: ptolemy.kernel.util.IllegalActionException: Found a zero delay loop containing .dependencyLoop2.original
  in .dependencyLoop2 and .dependencyLoop2.original
	at ptolemy.actor.util.CausalityInterfaceForComposites._computeOutputPortDepth(CausalityInterfaceForComposites.java:759)
	at ptolemy.actor.util.CausalityInterfaceForComposites._computeInputDepth(CausalityInterfaceForComposites.java:696)
	at ptolemy.actor.util.CausalityInterfaceForComposites._computeOutputPortDepth(CausalityInterfaceForComposites.java:765)
	at ptolemy.actor.util.CausalityInterfaceForComposites._computeInputDepth(CausalityInterfaceForComposites.java:696)
	at ptolemy.actor.util.CausalityInterfaceForComposites._computeOutputPortDepth(CausalityInterfaceForComposites.java:765)
	at ptolemy.actor.util.CausalityInterfaceForComposites._computeInputDepth(CausalityInterfaceForComposites.java:696)
	at ptolemy.actor.util.CausalityInterfaceForComposites._computeActorDepth(CausalityInterfaceForComposites.java:532)
	at ptolemy.actor.util.CausalityInterfaceForComposites.checkForCycles(CausalityInterfaceForComposites.java:96)
	at ptolemy.domains.de.kernel.DEDirector.preinitialize(DEDirector.java:1338)
	at ptolemy.actor.CompositeActor.preinitialize(CompositeActor.java:1828)
	at ptolemy.actor.Manager.preinitializeAndResolveTypes(Manager.java:1040)
	at ptolemy.actor.Manager.initialize(Manager.java:710)
	at ptolemy.actor.Manager.execute(Manager.java:356)
	at ptolemy.actor.Manager.run(Manager.java:1263)
	at ptolemy.actor.Manager$PtolemyRunThread.run(Manager.java:1915)
java.lang.reflect.InvocationTargetException
	at sun.reflect.NativeConstructorAccessorImpl.newInstance0(Native Method)
	at sun.reflect.NativeConstructorAccessorImpl.newInstance(NativeConstructorAccessorImpl.java:62)
	at sun.reflect.DelegatingConstructorAccessorImpl.newInstance(DelegatingConstructorAccessorImpl.java:45)
	at java.lang.reflect.Constructor.newInstance(Constructor.java:423)
	at ptolemy.util.test.junit.AutoKnownFailedTests.RunModel(AutoKnownFailedTests.java:105)
	at sun.reflect.NativeMethodAccessorImpl.invoke0(Native Method)
	at sun.reflect.NativeMethodAccessorImpl.invoke(NativeMethodAccessorImpl.java:62)
	at sun.reflect.DelegatingMethodAccessorImpl.invoke(DelegatingMethodAccessorImpl.java:43)
	at java.lang.reflect.Method.invoke(Method.java:498)
	at org.junit.runners.model.FrameworkMethod$1.runReflectiveCall(FrameworkMethod.java:44)
	at org.junit.internal.runners.model.ReflectiveCallable.run(ReflectiveCallable.java:15)
	at org.junit.runners.model.FrameworkMethod.invokeExplosively(FrameworkMethod.java:41)
	at junitparams.internal.InvokeParameterisedMethod.evaluate(InvokeParameterisedMethod.java:102)
	at org.junit.internal.runners.statements.FailOnTimeout$1.run(FailOnTimeout.java:28)
Caused by: ptolemy.kernel.util.IllegalActionException: Found a zero delay loop containing .dependencyLoop2.original
  in .dependencyLoop2 and .dependencyLoop2.original
	at ptolemy.actor.util.CausalityInterfaceForComposites._computeOutputPortDepth(CausalityInterfaceForComposites.java:759)
	at ptolemy.actor.util.CausalityInterfaceForComposites._computeInputDepth(CausalityInterfaceForComposites.java:696)
	at ptolemy.actor.util.CausalityInterfaceForComposites._computeOutputPortDepth(CausalityInterfaceForComposites.java:765)
	at ptolemy.actor.util.CausalityInterfaceForComposites._computeInputDepth(CausalityInterfaceForComposites.java:696)
	at ptolemy.actor.util.CausalityInterfaceForComposites._computeOutputPortDepth(CausalityInterfaceForComposites.java:765)
	at ptolemy.actor.util.CausalityInterfaceForComposites._computeInputDepth(CausalityInterfaceForComposites.java:696)
	at ptolemy.actor.util.CausalityInterfaceForComposites._computeActorDepth(CausalityInterfaceForComposites.java:532)
	at ptolemy.actor.util.CausalityInterfaceForComposites.checkForCycles(CausalityInterfaceForComposites.java:96)
	at ptolemy.domains.de.kernel.DEDirector.preinitialize(DEDirector.java:1338)
	at ptolemy.actor.CompositeActor.preinitialize(CompositeActor.java:1828)
	at ptolemy.actor.Manager.preinitializeAndResolveTypes(Manager.java:1040)
	at ptolemy.actor.Manager.initialize(Manager.java:710)
	at ptolemy.actor.Manager.execute(Manager.java:356)
	at ptolemy.actor.Manager.run(Manager.java:1263)
	at ptolemy.actor.Manager$PtolemyRunThread.run(Manager.java:1915)
]]></system-err>
</testsuite>
