<?xml version="1.0" encoding="UTF-8" ?>
<testsuite errors="0" failures="0" hostname="travis-job-64826b51-8c0a-4f94-99dd-0ca46c9c9421" name="ptolemy.domains.continuous.test.junit.JUnitTclTest" skipped="0" tests="156" time="75.875" timestamp="2019-07-10T19:26:38">
  <properties>
[...]
</properties>
  <testcase classname="ptolemy.util.test.junit.TclTests" name="[0] ThereAreNoTclTests (RunTclFile)" time="0.008" />
  <testcase classname="ptolemy.util.test.junit.AutoKnownFailedTests" name="[0] ThereAreNoKnowFailedTests (RunModel)" time="0.001" />
  <testcase classname="ptolemy.util.test.junit.AutoNameArchTests" name="[0] ThereAreNoAutoArchTests (RunModel)" time="0.023" />
  <testcase classname="ptolemy.util.test.junit.AutoTests" name="[0] /home/travis/build/icyphy/ptII/ptolemy/domains/continuous/test/auto/BouncingBall.xml (RunModel)" time="3.087" />
  <testcase classname="ptolemy.util.test.junit.AutoTests" name="[1] /home/travis/build/icyphy/ptII/ptolemy/domains/continuous/test/auto/BouncingBallWithoutGR.xml (RunModel)" time="0.799" />
  <testcase classname="ptolemy.util.test.junit.AutoTests" name="[2] /home/travis/build/icyphy/ptII/ptolemy/domains/continuous/test/auto/Brownian.xml (RunModel)" time="0.099" />
  <testcase classname="ptolemy.util.test.junit.AutoTests" name="[3] /home/travis/build/icyphy/ptII/ptolemy/domains/continuous/test/auto/CarTracking.xml (RunModel)" time="3.696" />
  <testcase classname="ptolemy.util.test.junit.AutoTests" name="[4] /home/travis/build/icyphy/ptII/ptolemy/domains/continuous/test/auto/CartPendulum.xml (RunModel)" time="0.626" />
  <testcase classname="ptolemy.util.test.junit.AutoTests" name="[5] /home/travis/build/icyphy/ptII/ptolemy/domains/continuous/test/auto/CausalityInterface10.xml (RunModel)" time="0.096" />
  <testcase classname="ptolemy.util.test.junit.AutoTests" name="[6] /home/travis/build/icyphy/ptII/ptolemy/domains/continuous/test/auto/CausalityInterface11.xml (RunModel)" time="0.036" />
  <testcase classname="ptolemy.util.test.junit.AutoTests" name="[7] /home/travis/build/icyphy/ptII/ptolemy/domains/continuous/test/auto/CausalityInterface12.xml (RunModel)" time="0.029" />
  <testcase classname="ptolemy.util.test.junit.AutoTests" name="[8] /home/travis/build/icyphy/ptII/ptolemy/domains/continuous/test/auto/CausalityInterface13.xml (RunModel)" time="0.034" />
  <testcase classname="ptolemy.util.test.junit.AutoTests" name="[9] /home/travis/build/icyphy/ptII/ptolemy/domains/continuous/test/auto/CausalityInterface14.xml (RunModel)" time="0.03" />
  <testcase classname="ptolemy.util.test.junit.AutoTests" name="[10] /home/travis/build/icyphy/ptII/ptolemy/domains/continuous/test/auto/CausalityInterface4.xml (RunModel)" time="0.03" />
  <testcase classname="ptolemy.util.test.junit.AutoTests" name="[11] /home/travis/build/icyphy/ptII/ptolemy/domains/continuous/test/auto/CausalityInterface5.xml (RunModel)" time="0.049" />
  <testcase classname="ptolemy.util.test.junit.AutoTests" name="[12] /home/travis/build/icyphy/ptII/ptolemy/domains/continuous/test/auto/CausalityInterface6.xml (RunModel)" time="0.041" />
  <testcase classname="ptolemy.util.test.junit.AutoTests" name="[13] /home/travis/build/icyphy/ptII/ptolemy/domains/continuous/test/auto/CausalityInterface7.xml (RunModel)" time="0.042" />
  <testcase classname="ptolemy.util.test.junit.AutoTests" name="[14] /home/travis/build/icyphy/ptII/ptolemy/domains/continuous/test/auto/CausalityInterface8.xml (RunModel)" time="0.038" />
  <testcase classname="ptolemy.util.test.junit.AutoTests" name="[15] /home/travis/build/icyphy/ptII/ptolemy/domains/continuous/test/auto/CausalityInterface9.xml (RunModel)" time="0.052" />
  <testcase classname="ptolemy.util.test.junit.AutoTests" name="[16] /home/travis/build/icyphy/ptII/ptolemy/domains/continuous/test/auto/CausalityInterfaceFeedback1.xml (RunModel)" time="0.035" />
  <testcase classname="ptolemy.util.test.junit.AutoTests" name="[17] /home/travis/build/icyphy/ptII/ptolemy/domains/continuous/test/auto/CausalityInterfaceFeedback2.xml (RunModel)" time="0.034" />
  <testcase classname="ptolemy.util.test.junit.AutoTests" name="[18] /home/travis/build/icyphy/ptII/ptolemy/domains/continuous/test/auto/CompareWithCurrentTime.xml (RunModel)" time="0.025" />
  <testcase classname="ptolemy.util.test.junit.AutoTests" name="[19] /home/travis/build/icyphy/ptII/ptolemy/domains/continuous/test/auto/ComparedClocks.xml (RunModel)" time="0.078" />
  <testcase classname="ptolemy.util.test.junit.AutoTests" name="[20] /home/travis/build/icyphy/ptII/ptolemy/domains/continuous/test/auto/ContinuousAOCClone.xml (RunModel)" time="3.059" />
  <testcase classname="ptolemy.util.test.junit.AutoTests" name="[21] /home/travis/build/icyphy/ptII/ptolemy/domains/continuous/test/auto/ContinuousClock.xml (RunModel)" time="0.087" />
  <testcase classname="ptolemy.util.test.junit.AutoTests" name="[22] /home/travis/build/icyphy/ptII/ptolemy/domains/continuous/test/auto/ContinuousInContinuous.xml (RunModel)" time="0.086" />
  <testcase classname="ptolemy.util.test.junit.AutoTests" name="[23] /home/travis/build/icyphy/ptII/ptolemy/domains/continuous/test/auto/ContinuousInContinuousInContinuous.xml (RunModel)" time="0.029" />
  <testcase classname="ptolemy.util.test.junit.AutoTests" name="[24] /home/travis/build/icyphy/ptII/ptolemy/domains/continuous/test/auto/ContinuousInDE.xml (RunModel)" time="0.132" />
  <testcase classname="ptolemy.util.test.junit.AutoTests" name="[25] /home/travis/build/icyphy/ptII/ptolemy/domains/continuous/test/auto/ContinuousInDE2.xml (RunModel)" time="0.047" />
  <testcase classname="ptolemy.util.test.junit.AutoTests" name="[26] /home/travis/build/icyphy/ptII/ptolemy/domains/continuous/test/auto/ContinuousInDE3.xml (RunModel)" time="0.051" />
  <testcase classname="ptolemy.util.test.junit.AutoTests" name="[27] /home/travis/build/icyphy/ptII/ptolemy/domains/continuous/test/auto/ContinuousInDE4.xml (RunModel)" time="0.033" />
  <testcase classname="ptolemy.util.test.junit.AutoTests" name="[28] /home/travis/build/icyphy/ptII/ptolemy/domains/continuous/test/auto/ContinuousInDEDifferentRefinements.xml (RunModel)" time="0.097" />
  <testcase classname="ptolemy.util.test.junit.AutoTests" name="[29] /home/travis/build/icyphy/ptII/ptolemy/domains/continuous/test/auto/ContinuousInDEDifferentRefinementsPreemptive.xml (RunModel)" time="0.101" />
  <testcase classname="ptolemy.util.test.junit.AutoTests" name="[30] /home/travis/build/icyphy/ptII/ptolemy/domains/continuous/test/auto/ContinuousInDEInContinuous2.xml (RunModel)" time="0.059" />
  <testcase classname="ptolemy.util.test.junit.AutoTests" name="[31] /home/travis/build/icyphy/ptII/ptolemy/domains/continuous/test/auto/ContinuousInDEInContinuous3.xml (RunModel)" time="0.062" />
  <testcase classname="ptolemy.util.test.junit.AutoTests" name="[32] /home/travis/build/icyphy/ptII/ptolemy/domains/continuous/test/auto/ContinuousInDEInput.xml (RunModel)" time="0.039" />
  <testcase classname="ptolemy.util.test.junit.AutoTests" name="[33] /home/travis/build/icyphy/ptII/ptolemy/domains/continuous/test/auto/ContinuousInDEInput2.xml (RunModel)" time="0.036" />
  <testcase classname="ptolemy.util.test.junit.AutoTests" name="[34] /home/travis/build/icyphy/ptII/ptolemy/domains/continuous/test/auto/ContinuousInDEInput3.xml (RunModel)" time="0.037" />
  <testcase classname="ptolemy.util.test.junit.AutoTests" name="[35] /home/travis/build/icyphy/ptII/ptolemy/domains/continuous/test/auto/ContinuousInDESharingRefinement.xml (RunModel)" time="0.154" />
  <testcase classname="ptolemy.util.test.junit.AutoTests" name="[36] /home/travis/build/icyphy/ptII/ptolemy/domains/continuous/test/auto/ContinuousInDEwithNoPorts.xml (RunModel)" time="0.017" />
  <testcase classname="ptolemy.util.test.junit.AutoTests" name="[37] /home/travis/build/icyphy/ptII/ptolemy/domains/continuous/test/auto/ContinuousInsideDE.xml (RunModel)" time="0.083" />
  <testcase classname="ptolemy.util.test.junit.AutoTests" name="[38] /home/travis/build/icyphy/ptII/ptolemy/domains/continuous/test/auto/ContinuousMerge1.xml (RunModel)" time="0.016" />
  <testcase classname="ptolemy.util.test.junit.AutoTests" name="[39] /home/travis/build/icyphy/ptII/ptolemy/domains/continuous/test/auto/ContinuousMerge2.xml (RunModel)" time="0.042" />
  <testcase classname="ptolemy.util.test.junit.AutoTests" name="[40] /home/travis/build/icyphy/ptII/ptolemy/domains/continuous/test/auto/ContinuousMerge3.xml (RunModel)" time="0.067" />
  <testcase classname="ptolemy.util.test.junit.AutoTests" name="[41] /home/travis/build/icyphy/ptII/ptolemy/domains/continuous/test/auto/ContinuousWithinContinuous.xml (RunModel)" time="0.051" />
  <testcase classname="ptolemy.util.test.junit.AutoTests" name="[42] /home/travis/build/icyphy/ptII/ptolemy/domains/continuous/test/auto/ContinuousWithinContinuous2.xml (RunModel)" time="0.081" />
  <testcase classname="ptolemy.util.test.junit.AutoTests" name="[43] /home/travis/build/icyphy/ptII/ptolemy/domains/continuous/test/auto/ContinuousWithinContinuous3.xml (RunModel)" time="0.027" />
  <testcase classname="ptolemy.util.test.junit.AutoTests" name="[44] /home/travis/build/icyphy/ptII/ptolemy/domains/continuous/test/auto/ContinuousWithinContinuous4.xml (RunModel)" time="0.086" />
  <testcase classname="ptolemy.util.test.junit.AutoTests" name="[45] /home/travis/build/icyphy/ptII/ptolemy/domains/continuous/test/auto/ContinuousWithinContinuous5.xml (RunModel)" time="0.027" />
  <testcase classname="ptolemy.util.test.junit.AutoTests" name="[46] /home/travis/build/icyphy/ptII/ptolemy/domains/continuous/test/auto/ContinuousWithinContinuous6.xml (RunModel)" time="0.024" />
  <testcase classname="ptolemy.util.test.junit.AutoTests" name="[47] /home/travis/build/icyphy/ptII/ptolemy/domains/continuous/test/auto/ContinuousWithinContinuous7.xml (RunModel)" time="0.069" />
  <testcase classname="ptolemy.util.test.junit.AutoTests" name="[48] /home/travis/build/icyphy/ptII/ptolemy/domains/continuous/test/auto/DCMotor.xml (RunModel)" time="14.201" />
  <testcase classname="ptolemy.util.test.junit.AutoTests" name="[49] /home/travis/build/icyphy/ptII/ptolemy/domains/continuous/test/auto/DEInContinuous.xml (RunModel)" time="0.043" />
  <testcase classname="ptolemy.util.test.junit.AutoTests" name="[50] /home/travis/build/icyphy/ptII/ptolemy/domains/continuous/test/auto/DEinContinuous2.xml (RunModel)" time="0.042" />
  <testcase classname="ptolemy.util.test.junit.AutoTests" name="[51] /home/travis/build/icyphy/ptII/ptolemy/domains/continuous/test/auto/Derivative.xml (RunModel)" time="0.206" />
  <testcase classname="ptolemy.util.test.junit.AutoTests" name="[52] /home/travis/build/icyphy/ptII/ptolemy/domains/continuous/test/auto/Derivative1.xml (RunModel)" time="0.06" />
  <testcase classname="ptolemy.util.test.junit.AutoTests" name="[53] /home/travis/build/icyphy/ptII/ptolemy/domains/continuous/test/auto/DiscreteClock.xml (RunModel)" time="0.021" />
  <testcase classname="ptolemy.util.test.junit.AutoTests" name="[54] /home/travis/build/icyphy/ptII/ptolemy/domains/continuous/test/auto/EfficiencyCurve.xml (RunModel)" time="0.072" />
  <testcase classname="ptolemy.util.test.junit.AutoTests" name="[55] /home/travis/build/icyphy/ptII/ptolemy/domains/continuous/test/auto/ExponentialResponse.xml (RunModel)" time="0.14" />
  <testcase classname="ptolemy.util.test.junit.AutoTests" name="[56] /home/travis/build/icyphy/ptII/ptolemy/domains/continuous/test/auto/ExponentialResponseRK45.xml (RunModel)" time="0.049" />
  <testcase classname="ptolemy.util.test.junit.AutoTests" name="[57] /home/travis/build/icyphy/ptII/ptolemy/domains/continuous/test/auto/Friction.xml (RunModel)" time="1.645" />
  <testcase classname="ptolemy.util.test.junit.AutoTests" name="[58] /home/travis/build/icyphy/ptII/ptolemy/domains/continuous/test/auto/FurutaPendulum.xml (RunModel)" time="3.559" />
  <testcase classname="ptolemy.util.test.junit.AutoTests" name="[59] /home/travis/build/icyphy/ptII/ptolemy/domains/continuous/test/auto/HierarchicalExecution.xml (RunModel)" time="2.201" />
  <testcase classname="ptolemy.util.test.junit.AutoTests" name="[60] /home/travis/build/icyphy/ptII/ptolemy/domains/continuous/test/auto/HybridPlant.xml (RunModel)" time="0.61" />
  <testcase classname="ptolemy.util.test.junit.AutoTests" name="[61] /home/travis/build/icyphy/ptII/ptolemy/domains/continuous/test/auto/Hysteresis.xml (RunModel)" time="0.189" />
  <testcase classname="ptolemy.util.test.junit.AutoTests" name="[62] /home/travis/build/icyphy/ptII/ptolemy/domains/continuous/test/auto/HysteresisWithRandomDelay.xml (RunModel)" time="0.218" />
  <testcase classname="ptolemy.util.test.junit.AutoTests" name="[63] /home/travis/build/icyphy/ptII/ptolemy/domains/continuous/test/auto/HysteresisWithRandomLosses.xml (RunModel)" time="2.473" />
  <testcase classname="ptolemy.util.test.junit.AutoTests" name="[64] /home/travis/build/icyphy/ptII/ptolemy/domains/continuous/test/auto/ImmediateTransitions.xml (RunModel)" time="0.04" />
  <testcase classname="ptolemy.util.test.junit.AutoTests" name="[65] /home/travis/build/icyphy/ptII/ptolemy/domains/continuous/test/auto/ImpulseFeedback.xml (RunModel)" time="0.017" />
  <testcase classname="ptolemy.util.test.junit.AutoTests" name="[66] /home/travis/build/icyphy/ptII/ptolemy/domains/continuous/test/auto/ImpulseFeedback2.xml (RunModel)" time="0.017" />
  <testcase classname="ptolemy.util.test.junit.AutoTests" name="[67] /home/travis/build/icyphy/ptII/ptolemy/domains/continuous/test/auto/IncreasingRatePoisson.xml (RunModel)" time="0.762" />
  <testcase classname="ptolemy.util.test.junit.AutoTests" name="[68] /home/travis/build/icyphy/ptII/ptolemy/domains/continuous/test/auto/InitialStateFeedback.xml (RunModel)" time="0.017" />
  <testcase classname="ptolemy.util.test.junit.AutoTests" name="[69] /home/travis/build/icyphy/ptII/ptolemy/domains/continuous/test/auto/Integration.xml (RunModel)" time="0.008" />
  <testcase classname="ptolemy.util.test.junit.AutoTests" name="[70] /home/travis/build/icyphy/ptII/ptolemy/domains/continuous/test/auto/Integration2.xml (RunModel)" time="0.098" />
  <testcase classname="ptolemy.util.test.junit.AutoTests" name="[71] /home/travis/build/icyphy/ptII/ptolemy/domains/continuous/test/auto/Integration3.xml (RunModel)" time="0.011" />
  <testcase classname="ptolemy.util.test.junit.AutoTests" name="[72] /home/travis/build/icyphy/ptII/ptolemy/domains/continuous/test/auto/Integration5.xml (RunModel)" time="0.009" />
  <testcase classname="ptolemy.util.test.junit.AutoTests" name="[73] /home/travis/build/icyphy/ptII/ptolemy/domains/continuous/test/auto/IntegratorImpulse.xml (RunModel)" time="0.008" />
  <testcase classname="ptolemy.util.test.junit.AutoTests" name="[74] /home/travis/build/icyphy/ptII/ptolemy/domains/continuous/test/auto/IntegratorImpulse2.xml (RunModel)" time="0.01" />
  <testcase classname="ptolemy.util.test.junit.AutoTests" name="[75] /home/travis/build/icyphy/ptII/ptolemy/domains/continuous/test/auto/LevelCrossing1.xml (RunModel)" time="0.013" />
  <testcase classname="ptolemy.util.test.junit.AutoTests" name="[76] /home/travis/build/icyphy/ptII/ptolemy/domains/continuous/test/auto/LevelCrossing2.xml (RunModel)" time="0.012" />
  <testcase classname="ptolemy.util.test.junit.AutoTests" name="[77] /home/travis/build/icyphy/ptII/ptolemy/domains/continuous/test/auto/LevelCrossing3.xml (RunModel)" time="0.012" />
  <testcase classname="ptolemy.util.test.junit.AutoTests" name="[78] /home/travis/build/icyphy/ptII/ptolemy/domains/continuous/test/auto/LevelCrossing4.xml (RunModel)" time="0.011" />
  <testcase classname="ptolemy.util.test.junit.AutoTests" name="[79] /home/travis/build/icyphy/ptII/ptolemy/domains/continuous/test/auto/LevelCrossing5.xml (RunModel)" time="0.012" />
  <testcase classname="ptolemy.util.test.junit.AutoTests" name="[80] /home/travis/build/icyphy/ptII/ptolemy/domains/continuous/test/auto/LevelCrossing6.xml (RunModel)" time="0.012" />
  <testcase classname="ptolemy.util.test.junit.AutoTests" name="[81] /home/travis/build/icyphy/ptII/ptolemy/domains/continuous/test/auto/LevelCrossingDetector.xml (RunModel)" time="0.036" />
  <testcase classname="ptolemy.util.test.junit.AutoTests" name="[82] /home/travis/build/icyphy/ptII/ptolemy/domains/continuous/test/auto/LevelCrossingDetectorDetectingDirections.xml (RunModel)" time="0.085" />
  <testcase classname="ptolemy.util.test.junit.AutoTests" name="[83] /home/travis/build/icyphy/ptII/ptolemy/domains/continuous/test/auto/LevelCrossingDetectorDetectsGlitches.xml (RunModel)" time="0.072" />
  <testcase classname="ptolemy.util.test.junit.AutoTests" name="[84] /home/travis/build/icyphy/ptII/ptolemy/domains/continuous/test/auto/LevelCrossingNoInitialOuput.xml (RunModel)" time="0.021" />
  <testcase classname="ptolemy.util.test.junit.AutoTests" name="[85] /home/travis/build/icyphy/ptII/ptolemy/domains/continuous/test/auto/LinearStateSpaceExample.xml (RunModel)" time="0.045" />
  <testcase classname="ptolemy.util.test.junit.AutoTests" name="[86] /home/travis/build/icyphy/ptII/ptolemy/domains/continuous/test/auto/Lorenz.xml (RunModel)" time="4.057" />
  <testcase classname="ptolemy.util.test.junit.AutoTests" name="[87] /home/travis/build/icyphy/ptII/ptolemy/domains/continuous/test/auto/LorenzDifferentialSystem.xml (RunModel)" time="1.084" />
  <testcase classname="ptolemy.util.test.junit.AutoTests" name="[88] /home/travis/build/icyphy/ptII/ptolemy/domains/continuous/test/auto/LorenzDifferentialSystemWithInput.xml (RunModel)" time="1.372" />
  <testcase classname="ptolemy.util.test.junit.AutoTests" name="[89] /home/travis/build/icyphy/ptII/ptolemy/domains/continuous/test/auto/LorenzDifferentialSystemWithTime.xml (RunModel)" time="0.759" />
  <testcase classname="ptolemy.util.test.junit.AutoTests" name="[90] /home/travis/build/icyphy/ptII/ptolemy/domains/continuous/test/auto/Microsteps.xml (RunModel)" time="0.03" />
  <testcase classname="ptolemy.util.test.junit.AutoTests" name="[91] /home/travis/build/icyphy/ptII/ptolemy/domains/continuous/test/auto/Modal1.xml (RunModel)" time="0.048" />
  <testcase classname="ptolemy.util.test.junit.AutoTests" name="[92] /home/travis/build/icyphy/ptII/ptolemy/domains/continuous/test/auto/Modal2.xml (RunModel)" time="0.035" />
  <testcase classname="ptolemy.util.test.junit.AutoTests" name="[93] /home/travis/build/icyphy/ptII/ptolemy/domains/continuous/test/auto/ModalTransitionGuardWithReset.xml (RunModel)" time="0.022" />
  <testcase classname="ptolemy.util.test.junit.AutoTests" name="[94] /home/travis/build/icyphy/ptII/ptolemy/domains/continuous/test/auto/ModalTransitionGuardWithResetUsingPreemptiveTransition.xml (RunModel)" time="0.027" />
  <testcase classname="ptolemy.util.test.junit.AutoTests" name="[95] /home/travis/build/icyphy/ptII/ptolemy/domains/continuous/test/auto/ModalTransitionGuardWithResetUsingPreemptiveTransition2.xml (RunModel)" time="0.032" />
  <testcase classname="ptolemy.util.test.junit.AutoTests" name="[96] /home/travis/build/icyphy/ptII/ptolemy/domains/continuous/test/auto/ModalTransitionGuardWithResetUsingPreemptiveTransition3.xml (RunModel)" time="0.037" />
  <testcase classname="ptolemy.util.test.junit.AutoTests" name="[97] /home/travis/build/icyphy/ptII/ptolemy/domains/continuous/test/auto/NewtonsCradle.xml (RunModel)" time="0.835" />
  <testcase classname="ptolemy.util.test.junit.AutoTests" name="[98] /home/travis/build/icyphy/ptII/ptolemy/domains/continuous/test/auto/NewtonsCradleAnimated.xml (RunModel)" time="1.244" />
  <testcase classname="ptolemy.util.test.junit.AutoTests" name="[99] /home/travis/build/icyphy/ptII/ptolemy/domains/continuous/test/auto/NewtonsCradleComplicated.xml (RunModel)" time="0.928" />
  <testcase classname="ptolemy.util.test.junit.AutoTests" name="[100] /home/travis/build/icyphy/ptII/ptolemy/domains/continuous/test/auto/NewtonsCradleNondeterministic.xml (RunModel)" time="0.714" />
  <testcase classname="ptolemy.util.test.junit.AutoTests" name="[101] /home/travis/build/icyphy/ptII/ptolemy/domains/continuous/test/auto/NewtonsCradlePerfectlyInelastic1.xml (RunModel)" time="1.207" />
  <testcase classname="ptolemy.util.test.junit.AutoTests" name="[102] /home/travis/build/icyphy/ptII/ptolemy/domains/continuous/test/auto/Noise.xml (RunModel)" time="0.204" />
  <testcase classname="ptolemy.util.test.junit.AutoTests" name="[103] /home/travis/build/icyphy/ptII/ptolemy/domains/continuous/test/auto/NoiseSpectrum.xml (RunModel)" time="0.783" />
  <testcase classname="ptolemy.util.test.junit.AutoTests" name="[104] /home/travis/build/icyphy/ptII/ptolemy/domains/continuous/test/auto/ParameterizedNewtonsCradleAnimated.xml (RunModel)" time="0.369" />
  <testcase classname="ptolemy.util.test.junit.AutoTests" name="[105] /home/travis/build/icyphy/ptII/ptolemy/domains/continuous/test/auto/ParameterizedNewtonsCradleAnimatedNondeterministic.xml (RunModel)" time="1.214" />
  <testcase classname="ptolemy.util.test.junit.AutoTests" name="[106] /home/travis/build/icyphy/ptII/ptolemy/domains/continuous/test/auto/Pendulum3D.xml (RunModel)" time="0.168" />
  <testcase classname="ptolemy.util.test.junit.AutoTests" name="[107] /home/travis/build/icyphy/ptII/ptolemy/domains/continuous/test/auto/PeriodicSampler.xml (RunModel)" time="0.013" />
  <testcase classname="ptolemy.util.test.junit.AutoTests" name="[108] /home/travis/build/icyphy/ptII/ptolemy/domains/continuous/test/auto/PeriodicSampler1.xml (RunModel)" time="0.046" />
  <testcase classname="ptolemy.util.test.junit.AutoTests" name="[109] /home/travis/build/icyphy/ptII/ptolemy/domains/continuous/test/auto/PeriodicSampler2.xml (RunModel)" time="0.082" />
  <testcase classname="ptolemy.util.test.junit.AutoTests" name="[110] /home/travis/build/icyphy/ptII/ptolemy/domains/continuous/test/auto/Poisson.xml (RunModel)" time="0.534" />
  <testcase classname="ptolemy.util.test.junit.AutoTests" name="[111] /home/travis/build/icyphy/ptII/ptolemy/domains/continuous/test/auto/PoissonClock.xml (RunModel)" time="0.014" />
  <testcase classname="ptolemy.util.test.junit.AutoTests" name="[112] /home/travis/build/icyphy/ptII/ptolemy/domains/continuous/test/auto/PoissonClock2.xml (RunModel)" time="0.011" />
  <testcase classname="ptolemy.util.test.junit.AutoTests" name="[113] /home/travis/build/icyphy/ptII/ptolemy/domains/continuous/test/auto/PortParameterHierarchy.xml (RunModel)" time="0.03" />
  <testcase classname="ptolemy.util.test.junit.AutoTests" name="[114] /home/travis/build/icyphy/ptII/ptolemy/domains/continuous/test/auto/RandomHybridPlant.xml (RunModel)" time="0.55" />
  <testcase classname="ptolemy.util.test.junit.AutoTests" name="[115] /home/travis/build/icyphy/ptII/ptolemy/domains/continuous/test/auto/ResetTransitionWithStartTime1.xml (RunModel)" time="0.037" />
  <testcase classname="ptolemy.util.test.junit.AutoTests" name="[116] /home/travis/build/icyphy/ptII/ptolemy/domains/continuous/test/auto/ResetTransitionWithStartTime2.xml (RunModel)" time="0.039" />
  <testcase classname="ptolemy.util.test.junit.AutoTests" name="[117] /home/travis/build/icyphy/ptII/ptolemy/domains/continuous/test/auto/ResetTransitionWithStartTime3.xml (RunModel)" time="0.037" />
  <testcase classname="ptolemy.util.test.junit.AutoTests" name="[118] /home/travis/build/icyphy/ptII/ptolemy/domains/continuous/test/auto/ResetTransitionWithStartTime4.xml (RunModel)" time="0.029" />
  <testcase classname="ptolemy.util.test.junit.AutoTests" name="[119] /home/travis/build/icyphy/ptII/ptolemy/domains/continuous/test/auto/ResetTransitionWithStartTime5.xml (RunModel)" time="0.038" />
  <testcase classname="ptolemy.util.test.junit.AutoTests" name="[120] /home/travis/build/icyphy/ptII/ptolemy/domains/continuous/test/auto/ResetTransitionWithStartTime6.xml (RunModel)" time="0.026" />
  <testcase classname="ptolemy.util.test.junit.AutoTests" name="[121] /home/travis/build/icyphy/ptII/ptolemy/domains/continuous/test/auto/SRinContinuous.xml (RunModel)" time="0.02" />
  <testcase classname="ptolemy.util.test.junit.AutoTests" name="[122] /home/travis/build/icyphy/ptII/ptolemy/domains/continuous/test/auto/SampledClocks.xml (RunModel)" time="0.033" />
  <testcase classname="ptolemy.util.test.junit.AutoTests" name="[123] /home/travis/build/icyphy/ptII/ptolemy/domains/continuous/test/auto/Satellite.xml (RunModel)" time="1.007" />
  <testcase classname="ptolemy.util.test.junit.AutoTests" name="[124] /home/travis/build/icyphy/ptII/ptolemy/domains/continuous/test/auto/SigmaDelta.xml (RunModel)" time="2.383" />
  <testcase classname="ptolemy.util.test.junit.AutoTests" name="[125] /home/travis/build/icyphy/ptII/ptolemy/domains/continuous/test/auto/SingleRefinement.xml (RunModel)" time="0.407" />
  <testcase classname="ptolemy.util.test.junit.AutoTests" name="[126] /home/travis/build/icyphy/ptII/ptolemy/domains/continuous/test/auto/SinuBouncingBall.xml (RunModel)" time="0.891" />
  <testcase classname="ptolemy.util.test.junit.AutoTests" name="[127] /home/travis/build/icyphy/ptII/ptolemy/domains/continuous/test/auto/Sinusoid.xml (RunModel)" time="0.015" />
  <testcase classname="ptolemy.util.test.junit.AutoTests" name="[128] /home/travis/build/icyphy/ptII/ptolemy/domains/continuous/test/auto/SinusoidInNoise.xml (RunModel)" time="1.066" />
  <testcase classname="ptolemy.util.test.junit.AutoTests" name="[129] /home/travis/build/icyphy/ptII/ptolemy/domains/continuous/test/auto/SinusoidRK45.xml (RunModel)" time="0.012" />
  <testcase classname="ptolemy.util.test.junit.AutoTests" name="[130] /home/travis/build/icyphy/ptII/ptolemy/domains/continuous/test/auto/SinusoidWithMultipleImpulses.xml (RunModel)" time="0.01" />
  <testcase classname="ptolemy.util.test.junit.AutoTests" name="[131] /home/travis/build/icyphy/ptII/ptolemy/domains/continuous/test/auto/SquareWave.xml (RunModel)" time="0.2" />
  <testcase classname="ptolemy.util.test.junit.AutoTests" name="[132] /home/travis/build/icyphy/ptII/ptolemy/domains/continuous/test/auto/Starmac.xml (RunModel)" time="3.363" />
  <testcase classname="ptolemy.util.test.junit.AutoTests" name="[133] /home/travis/build/icyphy/ptII/ptolemy/domains/continuous/test/auto/StaticUnits.xml (RunModel)" time="2.679" />
  <testcase classname="ptolemy.util.test.junit.AutoTests" name="[134] /home/travis/build/icyphy/ptII/ptolemy/domains/continuous/test/auto/StickyMasses.xml (RunModel)" time="0.242" />
  <testcase classname="ptolemy.util.test.junit.AutoTests" name="[135] /home/travis/build/icyphy/ptII/ptolemy/domains/continuous/test/auto/StopTime.xml (RunModel)" time="0.115" />
  <testcase classname="ptolemy.util.test.junit.AutoTests" name="[136] /home/travis/build/icyphy/ptII/ptolemy/domains/continuous/test/auto/StopTime2.xml (RunModel)" time="0.064" />
  <testcase classname="ptolemy.util.test.junit.AutoTests" name="[137] /home/travis/build/icyphy/ptII/ptolemy/domains/continuous/test/auto/Switch.xml (RunModel)" time="0.063" />
  <testcase classname="ptolemy.util.test.junit.AutoTests" name="[138] /home/travis/build/icyphy/ptII/ptolemy/domains/continuous/test/auto/Thermostat.xml (RunModel)" time="0.207" />
  <testcase classname="ptolemy.util.test.junit.AutoTests" name="[139] /home/travis/build/icyphy/ptII/ptolemy/domains/continuous/test/auto/TimeDelay.xml (RunModel)" time="0.013" />
  <testcase classname="ptolemy.util.test.junit.AutoTests" name="[140] /home/travis/build/icyphy/ptII/ptolemy/domains/continuous/test/auto/TimeDelay2.xml (RunModel)" time="0.027" />
  <testcase classname="ptolemy.util.test.junit.AutoTests" name="[141] /home/travis/build/icyphy/ptII/ptolemy/domains/continuous/test/auto/TimeDelay3.xml (RunModel)" time="0.011" />
  <testcase classname="ptolemy.util.test.junit.AutoTests" name="[142] /home/travis/build/icyphy/ptII/ptolemy/domains/continuous/test/auto/TransferAbsentToInside.xml (RunModel)" time="0.116" />
  <testcase classname="ptolemy.util.test.junit.AutoTests" name="[143] /home/travis/build/icyphy/ptII/ptolemy/domains/continuous/test/auto/Transmission.xml (RunModel)" time="0.831" />
  <testcase classname="ptolemy.util.test.junit.AutoTests" name="[144] /home/travis/build/icyphy/ptII/ptolemy/domains/continuous/test/auto/TriggeredContinuousClock.xml (RunModel)" time="0.066" />
  <testcase classname="ptolemy.util.test.junit.AutoTests" name="[145] /home/travis/build/icyphy/ptII/ptolemy/domains/continuous/test/auto/TwoMachineInfiniteBusControl.xml (RunModel)" time="2.693" />
  <testcase classname="ptolemy.util.test.junit.AutoTests" name="[146] /home/travis/build/icyphy/ptII/ptolemy/domains/continuous/test/auto/V2V.xml (RunModel)" time="0.705" />
  <testcase classname="ptolemy.util.test.junit.AutoTests" name="[147] /home/travis/build/icyphy/ptII/ptolemy/domains/continuous/test/auto/hierarchicalModalModel.xml (RunModel)" time="0.036" />
  <testcase classname="ptolemy.util.test.junit.AutoTests" name="[148] /home/travis/build/icyphy/ptII/ptolemy/domains/continuous/test/auto/hierarchicalModalModel1.xml (RunModel)" time="0.029" />
  <testcase classname="ptolemy.util.test.junit.AutoTests" name="[149] /home/travis/build/icyphy/ptII/ptolemy/domains/continuous/test/auto/hierarchicalModalModel2.xml (RunModel)" time="0.029" />
  <testcase classname="ptolemy.util.test.junit.AutoTests" name="[150] /home/travis/build/icyphy/ptII/ptolemy/domains/continuous/test/auto/hierarchicalModalModel3.xml (RunModel)" time="0.022" />
  <testcase classname="ptolemy.util.test.junit.AutoTests" name="[151] /home/travis/build/icyphy/ptII/ptolemy/domains/continuous/test/auto/hierarchicalModalModel4.xml (RunModel)" time="0.024" />
  <testcase classname="ptolemy.util.test.junit.AutoTests" name="[152] /home/travis/build/icyphy/ptII/ptolemy/domains/continuous/test/auto/junk.xml (RunModel)" time="0.169" />
  <system-out><![CDATA[No tcl tests in /home/travis/build/icyphy/ptII/ptolemy/domains/continuous/test
No auto/knownFailedTests/*.xml tests in /home/travis/build/icyphy/ptII/ptolemy/domains/continuous/test
No auto/linux-amd64/*.xml tests in /home/travis/build/icyphy/ptII/ptolemy/domains/continuous/test
AutoTests.java: About to close Vertx.
AutoTests.java: Vertx closed.

===========================================================================================
----------------- testing Wed Jul 10 19:26:39 UTC 2019 /home/travis/build/icyphy/ptII/ptolemy/domains/continuous/test/auto/BouncingBall.xml
----------------- Instantiating /home/travis/build/icyphy/ptII/ptolemy/domains/continuous/test/auto/BouncingBall.xml
2400 ms. Memory: 234496K Free: 123772K (53%)
----------------- Invoking toplevel() on ptolemy.moml.MoMLSimpleApplication@540342ef
----------------- Done invoking toplevel() on ptolemy.moml.MoMLSimpleApplication@540342ef
reloadAllAccessors: .BouncingBall

===========================================================================================
----------------- testing Wed Jul 10 19:26:42 UTC 2019 /home/travis/build/icyphy/ptII/ptolemy/domains/continuous/test/auto/BouncingBallWithoutGR.xml
----------------- Instantiating /home/travis/build/icyphy/ptII/ptolemy/domains/continuous/test/auto/BouncingBallWithoutGR.xml
715 ms. Memory: 234496K Free: 216912K (93%)
----------------- Invoking toplevel() on ptolemy.moml.MoMLSimpleApplication@62db8bdf
----------------- Done invoking toplevel() on ptolemy.moml.MoMLSimpleApplication@62db8bdf
reloadAllAccessors: .BouncingBallWithoutGR

===========================================================================================
----------------- testing Wed Jul 10 19:26:43 UTC 2019 /home/travis/build/icyphy/ptII/ptolemy/domains/continuous/test/auto/Brownian.xml
----------------- Instantiating /home/travis/build/icyphy/ptII/ptolemy/domains/continuous/test/auto/Brownian.xml
31 ms. Memory: 234496K Free: 208206K (89%)
----------------- Invoking toplevel() on ptolemy.moml.MoMLSimpleApplication@319b56ac
----------------- Done invoking toplevel() on ptolemy.moml.MoMLSimpleApplication@319b56ac
reloadAllAccessors: .Brownian

===========================================================================================
----------------- testing Wed Jul 10 19:26:43 UTC 2019 /home/travis/build/icyphy/ptII/ptolemy/domains/continuous/test/auto/CarTracking.xml
----------------- Instantiating /home/travis/build/icyphy/ptII/ptolemy/domains/continuous/test/auto/CarTracking.xml
3361 ms. Memory: 281600K Free: 163963K (58%)
----------------- Invoking toplevel() on ptolemy.moml.MoMLSimpleApplication@2cef9380
----------------- Done invoking toplevel() on ptolemy.moml.MoMLSimpleApplication@2cef9380
reloadAllAccessors: .CarTracking

===========================================================================================
----------------- testing Wed Jul 10 19:26:47 UTC 2019 /home/travis/build/icyphy/ptII/ptolemy/domains/continuous/test/auto/CartPendulum.xml
----------------- Instantiating /home/travis/build/icyphy/ptII/ptolemy/domains/continuous/test/auto/CartPendulum.xml
463 ms. Memory: 337920K Free: 292811K (87%)
----------------- Invoking toplevel() on ptolemy.moml.MoMLSimpleApplication@1782a7fe
----------------- Done invoking toplevel() on ptolemy.moml.MoMLSimpleApplication@1782a7fe
reloadAllAccessors: .CartPendulum

===========================================================================================
----------------- testing Wed Jul 10 19:26:47 UTC 2019 /home/travis/build/icyphy/ptII/ptolemy/domains/continuous/test/auto/CausalityInterface10.xml
----------------- Instantiating /home/travis/build/icyphy/ptII/ptolemy/domains/continuous/test/auto/CausalityInterface10.xml
16 ms. Memory: 337920K Free: 282057K (83%)
----------------- Invoking toplevel() on ptolemy.moml.MoMLSimpleApplication@20158877
----------------- Done invoking toplevel() on ptolemy.moml.MoMLSimpleApplication@20158877
reloadAllAccessors: .CausalityInterface10

===========================================================================================
----------------- testing Wed Jul 10 19:26:47 UTC 2019 /home/travis/build/icyphy/ptII/ptolemy/domains/continuous/test/auto/CausalityInterface11.xml
----------------- Instantiating /home/travis/build/icyphy/ptII/ptolemy/domains/continuous/test/auto/CausalityInterface11.xml
10 ms. Memory: 337920K Free: 275913K (82%)
----------------- Invoking toplevel() on ptolemy.moml.MoMLSimpleApplication@4e83211c
----------------- Done invoking toplevel() on ptolemy.moml.MoMLSimpleApplication@4e83211c
reloadAllAccessors: .CausalityInterface11

===========================================================================================
----------------- testing Wed Jul 10 19:26:47 UTC 2019 /home/travis/build/icyphy/ptII/ptolemy/domains/continuous/test/auto/CausalityInterface12.xml
----------------- Instantiating /home/travis/build/icyphy/ptII/ptolemy/domains/continuous/test/auto/CausalityInterface12.xml
4 ms. Memory: 337920K Free: 269755K (80%)
----------------- Invoking toplevel() on ptolemy.moml.MoMLSimpleApplication@7b65b7bf
----------------- Done invoking toplevel() on ptolemy.moml.MoMLSimpleApplication@7b65b7bf
reloadAllAccessors: .CausalityInterface12

===========================================================================================
----------------- testing Wed Jul 10 19:26:48 UTC 2019 /home/travis/build/icyphy/ptII/ptolemy/domains/continuous/test/auto/CausalityInterface13.xml
----------------- Instantiating /home/travis/build/icyphy/ptII/ptolemy/domains/continuous/test/auto/CausalityInterface13.xml
8 ms. Memory: 337920K Free: 263625K (78%)
----------------- Invoking toplevel() on ptolemy.moml.MoMLSimpleApplication@3e973083
----------------- Done invoking toplevel() on ptolemy.moml.MoMLSimpleApplication@3e973083
reloadAllAccessors: .CausalityInterface13

===========================================================================================
----------------- testing Wed Jul 10 19:26:48 UTC 2019 /home/travis/build/icyphy/ptII/ptolemy/domains/continuous/test/auto/CausalityInterface14.xml
----------------- Instantiating /home/travis/build/icyphy/ptII/ptolemy/domains/continuous/test/auto/CausalityInterface14.xml
7 ms. Memory: 337920K Free: 257995K (76%)
----------------- Invoking toplevel() on ptolemy.moml.MoMLSimpleApplication@7b5e6715
----------------- Done invoking toplevel() on ptolemy.moml.MoMLSimpleApplication@7b5e6715
reloadAllAccessors: .CausalityInterface14

===========================================================================================
----------------- testing Wed Jul 10 19:26:48 UTC 2019 /home/travis/build/icyphy/ptII/ptolemy/domains/continuous/test/auto/CausalityInterface4.xml
----------------- Instantiating /home/travis/build/icyphy/ptII/ptolemy/domains/continuous/test/auto/CausalityInterface4.xml
4 ms. Memory: 337920K Free: 251337K (74%)
----------------- Invoking toplevel() on ptolemy.moml.MoMLSimpleApplication@5e733d54
----------------- Done invoking toplevel() on ptolemy.moml.MoMLSimpleApplication@5e733d54
reloadAllAccessors: .CausalityInterface4

===========================================================================================
----------------- testing Wed Jul 10 19:26:48 UTC 2019 /home/travis/build/icyphy/ptII/ptolemy/domains/continuous/test/auto/CausalityInterface5.xml
----------------- Instantiating /home/travis/build/icyphy/ptII/ptolemy/domains/continuous/test/auto/CausalityInterface5.xml
4 ms. Memory: 337920K Free: 243145K (72%)
----------------- Invoking toplevel() on ptolemy.moml.MoMLSimpleApplication@49ad3c6e
----------------- Done invoking toplevel() on ptolemy.moml.MoMLSimpleApplication@49ad3c6e
reloadAllAccessors: .CausalityInterface5

===========================================================================================
----------------- testing Wed Jul 10 19:26:48 UTC 2019 /home/travis/build/icyphy/ptII/ptolemy/domains/continuous/test/auto/CausalityInterface6.xml
----------------- Instantiating /home/travis/build/icyphy/ptII/ptolemy/domains/continuous/test/auto/CausalityInterface6.xml
17 ms. Memory: 337920K Free: 238011K (70%)
----------------- Invoking toplevel() on ptolemy.moml.MoMLSimpleApplication@547c377e
----------------- Done invoking toplevel() on ptolemy.moml.MoMLSimpleApplication@547c377e
reloadAllAccessors: .CausalityInterface6

===========================================================================================
----------------- testing Wed Jul 10 19:26:48 UTC 2019 /home/travis/build/icyphy/ptII/ptolemy/domains/continuous/test/auto/CausalityInterface7.xml
----------------- Instantiating /home/travis/build/icyphy/ptII/ptolemy/domains/continuous/test/auto/CausalityInterface7.xml
8 ms. Memory: 337920K Free: 229323K (68%)
----------------- Invoking toplevel() on ptolemy.moml.MoMLSimpleApplication@f9311cf
----------------- Done invoking toplevel() on ptolemy.moml.MoMLSimpleApplication@f9311cf
reloadAllAccessors: .CausalityInterface7

===========================================================================================
----------------- testing Wed Jul 10 19:26:48 UTC 2019 /home/travis/build/icyphy/ptII/ptolemy/domains/continuous/test/auto/CausalityInterface8.xml
----------------- Instantiating /home/travis/build/icyphy/ptII/ptolemy/domains/continuous/test/auto/CausalityInterface8.xml
5 ms. Memory: 337920K Free: 220107K (65%)
----------------- Invoking toplevel() on ptolemy.moml.MoMLSimpleApplication@4d0b9ff0
----------------- Done invoking toplevel() on ptolemy.moml.MoMLSimpleApplication@4d0b9ff0
reloadAllAccessors: .CausalityInterface8

===========================================================================================
----------------- testing Wed Jul 10 19:26:48 UTC 2019 /home/travis/build/icyphy/ptII/ptolemy/domains/continuous/test/auto/CausalityInterface9.xml
----------------- Instantiating /home/travis/build/icyphy/ptII/ptolemy/domains/continuous/test/auto/CausalityInterface9.xml
11 ms. Memory: 337920K Free: 209353K (62%)
----------------- Invoking toplevel() on ptolemy.moml.MoMLSimpleApplication@3004fabe
----------------- Done invoking toplevel() on ptolemy.moml.MoMLSimpleApplication@3004fabe
reloadAllAccessors: .CausalityInterface9

===========================================================================================
----------------- testing Wed Jul 10 19:26:48 UTC 2019 /home/travis/build/icyphy/ptII/ptolemy/domains/continuous/test/auto/CausalityInterfaceFeedback1.xml
----------------- Instantiating /home/travis/build/icyphy/ptII/ptolemy/domains/continuous/test/auto/CausalityInterfaceFeedback1.xml
5 ms. Memory: 337920K Free: 202699K (60%)
----------------- Invoking toplevel() on ptolemy.moml.MoMLSimpleApplication@3c78fd24
----------------- Done invoking toplevel() on ptolemy.moml.MoMLSimpleApplication@3c78fd24
reloadAllAccessors: .CausalityInterfaceFeedback1

===========================================================================================
----------------- testing Wed Jul 10 19:26:48 UTC 2019 /home/travis/build/icyphy/ptII/ptolemy/domains/continuous/test/auto/CausalityInterfaceFeedback2.xml
----------------- Instantiating /home/travis/build/icyphy/ptII/ptolemy/domains/continuous/test/auto/CausalityInterfaceFeedback2.xml
6 ms. Memory: 337920K Free: 196041K (58%)
----------------- Invoking toplevel() on ptolemy.moml.MoMLSimpleApplication@7e151107
----------------- Done invoking toplevel() on ptolemy.moml.MoMLSimpleApplication@7e151107
reloadAllAccessors: .CausalityInterfaceFeedback2

===========================================================================================
----------------- testing Wed Jul 10 19:26:48 UTC 2019 /home/travis/build/icyphy/ptII/ptolemy/domains/continuous/test/auto/CompareWithCurrentTime.xml
----------------- Instantiating /home/travis/build/icyphy/ptII/ptolemy/domains/continuous/test/auto/CompareWithCurrentTime.xml
7 ms. Memory: 337920K Free: 191945K (57%)
----------------- Invoking toplevel() on ptolemy.moml.MoMLSimpleApplication@1e1ee48a
----------------- Done invoking toplevel() on ptolemy.moml.MoMLSimpleApplication@1e1ee48a
reloadAllAccessors: .CompareWithCurrentTime

===========================================================================================
----------------- testing Wed Jul 10 19:26:48 UTC 2019 /home/travis/build/icyphy/ptII/ptolemy/domains/continuous/test/auto/ComparedClocks.xml
----------------- Instantiating /home/travis/build/icyphy/ptII/ptolemy/domains/continuous/test/auto/ComparedClocks.xml
7 ms. Memory: 337920K Free: 176571K (52%)
----------------- Invoking toplevel() on ptolemy.moml.MoMLSimpleApplication@56db3beb
----------------- Done invoking toplevel() on ptolemy.moml.MoMLSimpleApplication@56db3beb
reloadAllAccessors: .ComparedClocks

===========================================================================================
----------------- testing Wed Jul 10 19:26:48 UTC 2019 /home/travis/build/icyphy/ptII/ptolemy/domains/continuous/test/auto/ContinuousAOCClone.xml
----------------- Instantiating /home/travis/build/icyphy/ptII/ptolemy/domains/continuous/test/auto/ContinuousAOCClone.xml
2827 ms. Memory: 337920K Free: 248230K (73%)
----------------- Invoking toplevel() on ptolemy.moml.MoMLSimpleApplication@a9e8d43
----------------- Done invoking toplevel() on ptolemy.moml.MoMLSimpleApplication@a9e8d43
reloadAllAccessors: .ContinuousAOCClone

===========================================================================================
----------------- testing Wed Jul 10 19:26:51 UTC 2019 /home/travis/build/icyphy/ptII/ptolemy/domains/continuous/test/auto/ContinuousClock.xml
----------------- Instantiating /home/travis/build/icyphy/ptII/ptolemy/domains/continuous/test/auto/ContinuousClock.xml
28 ms. Memory: 337920K Free: 227236K (67%)
----------------- Invoking toplevel() on ptolemy.moml.MoMLSimpleApplication@71e467c9
----------------- Done invoking toplevel() on ptolemy.moml.MoMLSimpleApplication@71e467c9
reloadAllAccessors: .ContinuousClock

===========================================================================================
----------------- testing Wed Jul 10 19:26:51 UTC 2019 /home/travis/build/icyphy/ptII/ptolemy/domains/continuous/test/auto/ContinuousInContinuous.xml
----------------- Instantiating /home/travis/build/icyphy/ptII/ptolemy/domains/continuous/test/auto/ContinuousInContinuous.xml
50 ms. Memory: 337920K Free: 203677K (60%)
----------------- Invoking toplevel() on ptolemy.moml.MoMLSimpleApplication@2ad95380
----------------- Done invoking toplevel() on ptolemy.moml.MoMLSimpleApplication@2ad95380
reloadAllAccessors: .ContinuousInContinuous

===========================================================================================
----------------- testing Wed Jul 10 19:26:51 UTC 2019 /home/travis/build/icyphy/ptII/ptolemy/domains/continuous/test/auto/ContinuousInContinuousInContinuous.xml
----------------- Instantiating /home/travis/build/icyphy/ptII/ptolemy/domains/continuous/test/auto/ContinuousInContinuousInContinuous.xml
11 ms. Memory: 337920K Free: 196006K (58%)
----------------- Invoking toplevel() on ptolemy.moml.MoMLSimpleApplication@4a0d7a3f
----------------- Done invoking toplevel() on ptolemy.moml.MoMLSimpleApplication@4a0d7a3f
reloadAllAccessors: .ContinuousInContinuousInContinuous

===========================================================================================
----------------- testing Wed Jul 10 19:26:51 UTC 2019 /home/travis/build/icyphy/ptII/ptolemy/domains/continuous/test/auto/ContinuousInDE.xml
----------------- Instantiating /home/travis/build/icyphy/ptII/ptolemy/domains/continuous/test/auto/ContinuousInDE.xml
111 ms. Memory: 337920K Free: 185252K (55%)
----------------- Invoking toplevel() on ptolemy.moml.MoMLSimpleApplication@77641dd0
----------------- Done invoking toplevel() on ptolemy.moml.MoMLSimpleApplication@77641dd0
reloadAllAccessors: .ContinuousInDE

===========================================================================================
----------------- testing Wed Jul 10 19:26:51 UTC 2019 /home/travis/build/icyphy/ptII/ptolemy/domains/continuous/test/auto/ContinuousInDE2.xml
----------------- Instantiating /home/travis/build/icyphy/ptII/ptolemy/domains/continuous/test/auto/ContinuousInDE2.xml
33 ms. Memory: 337920K Free: 176036K (52%)
----------------- Invoking toplevel() on ptolemy.moml.MoMLSimpleApplication@620d5615
----------------- Done invoking toplevel() on ptolemy.moml.MoMLSimpleApplication@620d5615
reloadAllAccessors: .ContinuousInDE2

===========================================================================================
----------------- testing Wed Jul 10 19:26:51 UTC 2019 /home/travis/build/icyphy/ptII/ptolemy/domains/continuous/test/auto/ContinuousInDE3.xml
----------------- Instantiating /home/travis/build/icyphy/ptII/ptolemy/domains/continuous/test/auto/ContinuousInDE3.xml
37 ms. Memory: 337920K Free: 166310K (49%)
----------------- Invoking toplevel() on ptolemy.moml.MoMLSimpleApplication@7d71d182
----------------- Done invoking toplevel() on ptolemy.moml.MoMLSimpleApplication@7d71d182
reloadAllAccessors: .ContinuousInDE3

===========================================================================================
----------------- testing Wed Jul 10 19:26:52 UTC 2019 /home/travis/build/icyphy/ptII/ptolemy/domains/continuous/test/auto/ContinuousInDE4.xml
----------------- Instantiating /home/travis/build/icyphy/ptII/ptolemy/domains/continuous/test/auto/ContinuousInDE4.xml
17 ms. Memory: 337920K Free: 160166K (47%)
----------------- Invoking toplevel() on ptolemy.moml.MoMLSimpleApplication@4054cc7e
----------------- Done invoking toplevel() on ptolemy.moml.MoMLSimpleApplication@4054cc7e
reloadAllAccessors: .ContinuousInDE4

===========================================================================================
----------------- testing Wed Jul 10 19:26:52 UTC 2019 /home/travis/build/icyphy/ptII/ptolemy/domains/continuous/test/auto/ContinuousInDEDifferentRefinements.xml
----------------- Instantiating /home/travis/build/icyphy/ptII/ptolemy/domains/continuous/test/auto/ContinuousInDEDifferentRefinements.xml
52 ms. Memory: 337920K Free: 129446K (38%)
----------------- Invoking toplevel() on ptolemy.moml.MoMLSimpleApplication@7ceb926f
----------------- Done invoking toplevel() on ptolemy.moml.MoMLSimpleApplication@7ceb926f
reloadAllAccessors: .ContinuousInDEDifferentRefinements

===========================================================================================
----------------- testing Wed Jul 10 19:26:52 UTC 2019 /home/travis/build/icyphy/ptII/ptolemy/domains/continuous/test/auto/ContinuousInDEDifferentRefinementsPreemptive.xml
----------------- Instantiating /home/travis/build/icyphy/ptII/ptolemy/domains/continuous/test/auto/ContinuousInDEDifferentRefinementsPreemptive.xml
52 ms. Memory: 405504K Free: 367516K (91%)
----------------- Invoking toplevel() on ptolemy.moml.MoMLSimpleApplication@41000efb
----------------- Done invoking toplevel() on ptolemy.moml.MoMLSimpleApplication@41000efb
reloadAllAccessors: .ContinuousInDEDifferentRefinementsPreemptive

===========================================================================================
----------------- testing Wed Jul 10 19:26:52 UTC 2019 /home/travis/build/icyphy/ptII/ptolemy/domains/continuous/test/auto/ContinuousInDEInContinuous2.xml
----------------- Instantiating /home/travis/build/icyphy/ptII/ptolemy/domains/continuous/test/auto/ContinuousInDEInContinuous2.xml
36 ms. Memory: 405504K Free: 356282K (88%)
----------------- Invoking toplevel() on ptolemy.moml.MoMLSimpleApplication@3d384c2a
----------------- Done invoking toplevel() on ptolemy.moml.MoMLSimpleApplication@3d384c2a
reloadAllAccessors: .ContinuousInDEInContinuous2

===========================================================================================
----------------- testing Wed Jul 10 19:26:52 UTC 2019 /home/travis/build/icyphy/ptII/ptolemy/domains/continuous/test/auto/ContinuousInDEInContinuous3.xml
----------------- Instantiating /home/travis/build/icyphy/ptII/ptolemy/domains/continuous/test/auto/ContinuousInDEInContinuous3.xml
36 ms. Memory: 405504K Free: 343994K (85%)
----------------- Invoking toplevel() on ptolemy.moml.MoMLSimpleApplication@398ca12f
----------------- Done invoking toplevel() on ptolemy.moml.MoMLSimpleApplication@398ca12f
reloadAllAccessors: .ContinuousInDEInContinuous3

===========================================================================================
----------------- testing Wed Jul 10 19:26:52 UTC 2019 /home/travis/build/icyphy/ptII/ptolemy/domains/continuous/test/auto/ContinuousInDEInput.xml
----------------- Instantiating /home/travis/build/icyphy/ptII/ptolemy/domains/continuous/test/auto/ContinuousInDEInput.xml
18 ms. Memory: 405504K Free: 336826K (83%)
----------------- Invoking toplevel() on ptolemy.moml.MoMLSimpleApplication@4f32f9af
----------------- Done invoking toplevel() on ptolemy.moml.MoMLSimpleApplication@4f32f9af
reloadAllAccessors: .ContinuousInDEInput

===========================================================================================
----------------- testing Wed Jul 10 19:26:52 UTC 2019 /home/travis/build/icyphy/ptII/ptolemy/domains/continuous/test/auto/ContinuousInDEInput2.xml
----------------- Instantiating /home/travis/build/icyphy/ptII/ptolemy/domains/continuous/test/auto/ContinuousInDEInput2.xml
18 ms. Memory: 405504K Free: 329658K (81%)
----------------- Invoking toplevel() on ptolemy.moml.MoMLSimpleApplication@392b2173
----------------- Done invoking toplevel() on ptolemy.moml.MoMLSimpleApplication@392b2173
reloadAllAccessors: .ContinuousInDEInput2

===========================================================================================
----------------- testing Wed Jul 10 19:26:52 UTC 2019 /home/travis/build/icyphy/ptII/ptolemy/domains/continuous/test/auto/ContinuousInDEInput3.xml
----------------- Instantiating /home/travis/build/icyphy/ptII/ptolemy/domains/continuous/test/auto/ContinuousInDEInput3.xml
16 ms. Memory: 405504K Free: 322490K (80%)
----------------- Invoking toplevel() on ptolemy.moml.MoMLSimpleApplication@7de95852
----------------- Done invoking toplevel() on ptolemy.moml.MoMLSimpleApplication@7de95852
reloadAllAccessors: .ContinuousInDEInput3

===========================================================================================
----------------- testing Wed Jul 10 19:26:52 UTC 2019 /home/travis/build/icyphy/ptII/ptolemy/domains/continuous/test/auto/ContinuousInDESharingRefinement.xml
----------------- Instantiating /home/travis/build/icyphy/ptII/ptolemy/domains/continuous/test/auto/ContinuousInDESharingRefinement.xml
131 ms. Memory: 405504K Free: 228268K (56%)
----------------- Invoking toplevel() on ptolemy.moml.MoMLSimpleApplication@2f8d2950
----------------- Done invoking toplevel() on ptolemy.moml.MoMLSimpleApplication@2f8d2950
reloadAllAccessors: .ContinuousInDESharingRefinement

===========================================================================================
----------------- testing Wed Jul 10 19:26:52 UTC 2019 /home/travis/build/icyphy/ptII/ptolemy/domains/continuous/test/auto/ContinuousInDEwithNoPorts.xml
----------------- Instantiating /home/travis/build/icyphy/ptII/ptolemy/domains/continuous/test/auto/ContinuousInDEwithNoPorts.xml
4 ms. Memory: 405504K Free: 224156K (55%)
----------------- Invoking toplevel() on ptolemy.moml.MoMLSimpleApplication@5bf3b1ae
----------------- Done invoking toplevel() on ptolemy.moml.MoMLSimpleApplication@5bf3b1ae
reloadAllAccessors: .ContinuousInDEwithNoPorts

===========================================================================================
----------------- testing Wed Jul 10 19:26:52 UTC 2019 /home/travis/build/icyphy/ptII/ptolemy/domains/continuous/test/auto/ContinuousInsideDE.xml
----------------- Instantiating /home/travis/build/icyphy/ptII/ptolemy/domains/continuous/test/auto/ContinuousInsideDE.xml
42 ms. Memory: 405504K Free: 212922K (53%)
----------------- Invoking toplevel() on ptolemy.moml.MoMLSimpleApplication@98a69fc
----------------- Done invoking toplevel() on ptolemy.moml.MoMLSimpleApplication@98a69fc
reloadAllAccessors: .ContinuousInsideDE

===========================================================================================
----------------- testing Wed Jul 10 19:26:52 UTC 2019 /home/travis/build/icyphy/ptII/ptolemy/domains/continuous/test/auto/ContinuousMerge1.xml
----------------- Instantiating /home/travis/build/icyphy/ptII/ptolemy/domains/continuous/test/auto/ContinuousMerge1.xml
2 ms. Memory: 405504K Free: 208812K (51%)
----------------- Invoking toplevel() on ptolemy.moml.MoMLSimpleApplication@6e199941
----------------- Done invoking toplevel() on ptolemy.moml.MoMLSimpleApplication@6e199941
reloadAllAccessors: .ContinuousMerge1

===========================================================================================
----------------- testing Wed Jul 10 19:26:52 UTC 2019 /home/travis/build/icyphy/ptII/ptolemy/domains/continuous/test/auto/ContinuousMerge2.xml
----------------- Instantiating /home/travis/build/icyphy/ptII/ptolemy/domains/continuous/test/auto/ContinuousMerge2.xml
15 ms. Memory: 405504K Free: 198076K (49%)
----------------- Invoking toplevel() on ptolemy.moml.MoMLSimpleApplication@2979b7de
----------------- Done invoking toplevel() on ptolemy.moml.MoMLSimpleApplication@2979b7de
reloadAllAccessors: .ContinuousMerge2

===========================================================================================
----------------- testing Wed Jul 10 19:26:52 UTC 2019 /home/travis/build/icyphy/ptII/ptolemy/domains/continuous/test/auto/ContinuousMerge3.xml
----------------- Instantiating /home/travis/build/icyphy/ptII/ptolemy/domains/continuous/test/auto/ContinuousMerge3.xml
51 ms. Memory: 405504K Free: 187322K (46%)
----------------- Invoking toplevel() on ptolemy.moml.MoMLSimpleApplication@135846d9
----------------- Done invoking toplevel() on ptolemy.moml.MoMLSimpleApplication@135846d9
reloadAllAccessors: .ContinuousMerge3

===========================================================================================
----------------- testing Wed Jul 10 19:26:52 UTC 2019 /home/travis/build/icyphy/ptII/ptolemy/domains/continuous/test/auto/ContinuousWithinContinuous.xml
----------------- Instantiating /home/travis/build/icyphy/ptII/ptolemy/domains/continuous/test/auto/ContinuousWithinContinuous.xml
35 ms. Memory: 405504K Free: 178106K (44%)
----------------- Invoking toplevel() on ptolemy.moml.MoMLSimpleApplication@1b875e14
----------------- Done invoking toplevel() on ptolemy.moml.MoMLSimpleApplication@1b875e14
reloadAllAccessors: .ContinuousWithinContinuous

===========================================================================================
----------------- testing Wed Jul 10 19:26:52 UTC 2019 /home/travis/build/icyphy/ptII/ptolemy/domains/continuous/test/auto/ContinuousWithinContinuous2.xml
----------------- Instantiating /home/travis/build/icyphy/ptII/ptolemy/domains/continuous/test/auto/ContinuousWithinContinuous2.xml
67 ms. Memory: 405504K Free: 166842K (41%)
----------------- Invoking toplevel() on ptolemy.moml.MoMLSimpleApplication@28123bec
----------------- Done invoking toplevel() on ptolemy.moml.MoMLSimpleApplication@28123bec
reloadAllAccessors: .ContinuousWithinContinuous2

===========================================================================================
----------------- testing Wed Jul 10 19:26:53 UTC 2019 /home/travis/build/icyphy/ptII/ptolemy/domains/continuous/test/auto/ContinuousWithinContinuous3.xml
----------------- Instantiating /home/travis/build/icyphy/ptII/ptolemy/domains/continuous/test/auto/ContinuousWithinContinuous3.xml
11 ms. Memory: 405504K Free: 160188K (40%)
----------------- Invoking toplevel() on ptolemy.moml.MoMLSimpleApplication@76ec9e5f
----------------- Done invoking toplevel() on ptolemy.moml.MoMLSimpleApplication@76ec9e5f
reloadAllAccessors: .ContinuousWithinContinuous3

===========================================================================================
----------------- testing Wed Jul 10 19:26:53 UTC 2019 /home/travis/build/icyphy/ptII/ptolemy/domains/continuous/test/auto/ContinuousWithinContinuous4.xml
----------------- Instantiating /home/travis/build/icyphy/ptII/ptolemy/domains/continuous/test/auto/ContinuousWithinContinuous4.xml
73 ms. Memory: 405504K Free: 389578K (96%)
----------------- Invoking toplevel() on ptolemy.moml.MoMLSimpleApplication@4f4c6e6a
----------------- Done invoking toplevel() on ptolemy.moml.MoMLSimpleApplication@4f4c6e6a
reloadAllAccessors: .ContinuousWithinContinuous4

===========================================================================================
----------------- testing Wed Jul 10 19:26:53 UTC 2019 /home/travis/build/icyphy/ptII/ptolemy/domains/continuous/test/auto/ContinuousWithinContinuous5.xml
----------------- Instantiating /home/travis/build/icyphy/ptII/ptolemy/domains/continuous/test/auto/ContinuousWithinContinuous5.xml
12 ms. Memory: 405504K Free: 381857K (94%)
----------------- Invoking toplevel() on ptolemy.moml.MoMLSimpleApplication@5a309d88
----------------- Done invoking toplevel() on ptolemy.moml.MoMLSimpleApplication@5a309d88
reloadAllAccessors: .ContinuousWithinContinuous5

===========================================================================================
----------------- testing Wed Jul 10 19:26:53 UTC 2019 /home/travis/build/icyphy/ptII/ptolemy/domains/continuous/test/auto/ContinuousWithinContinuous6.xml
----------------- Instantiating /home/travis/build/icyphy/ptII/ptolemy/domains/continuous/test/auto/ContinuousWithinContinuous6.xml
11 ms. Memory: 405504K Free: 375203K (93%)
----------------- Invoking toplevel() on ptolemy.moml.MoMLSimpleApplication@77d964af
----------------- Done invoking toplevel() on ptolemy.moml.MoMLSimpleApplication@77d964af
reloadAllAccessors: .ContinuousWithinContinuous6

===========================================================================================
----------------- testing Wed Jul 10 19:26:53 UTC 2019 /home/travis/build/icyphy/ptII/ptolemy/domains/continuous/test/auto/ContinuousWithinContinuous7.xml
----------------- Instantiating /home/travis/build/icyphy/ptII/ptolemy/domains/continuous/test/auto/ContinuousWithinContinuous7.xml
55 ms. Memory: 405504K Free: 364449K (90%)
----------------- Invoking toplevel() on ptolemy.moml.MoMLSimpleApplication@205dcc62
----------------- Done invoking toplevel() on ptolemy.moml.MoMLSimpleApplication@205dcc62
reloadAllAccessors: .ContinuousWithinContinuous7

===========================================================================================
----------------- testing Wed Jul 10 19:26:53 UTC 2019 /home/travis/build/icyphy/ptII/ptolemy/domains/continuous/test/auto/DCMotor.xml
----------------- Instantiating /home/travis/build/icyphy/ptII/ptolemy/domains/continuous/test/auto/DCMotor.xml
14121 ms. Memory: 405504K Free: 243006K (60%)
----------------- Invoking toplevel() on ptolemy.moml.MoMLSimpleApplication@1110a5f3
----------------- Done invoking toplevel() on ptolemy.moml.MoMLSimpleApplication@1110a5f3
reloadAllAccessors: .DCMotor

===========================================================================================
----------------- testing Wed Jul 10 19:27:07 UTC 2019 /home/travis/build/icyphy/ptII/ptolemy/domains/continuous/test/auto/DEInContinuous.xml
----------------- Instantiating /home/travis/build/icyphy/ptII/ptolemy/domains/continuous/test/auto/DEInContinuous.xml
17 ms. Memory: 405504K Free: 236862K (58%)
----------------- Invoking toplevel() on ptolemy.moml.MoMLSimpleApplication@b9932dc
----------------- Done invoking toplevel() on ptolemy.moml.MoMLSimpleApplication@b9932dc
reloadAllAccessors: .DEInContinuous

===========================================================================================
----------------- testing Wed Jul 10 19:27:07 UTC 2019 /home/travis/build/icyphy/ptII/ptolemy/domains/continuous/test/auto/DEinContinuous2.xml
----------------- Instantiating /home/travis/build/icyphy/ptII/ptolemy/domains/continuous/test/auto/DEinContinuous2.xml
7 ms. Memory: 405504K Free: 229184K (57%)
----------------- Invoking toplevel() on ptolemy.moml.MoMLSimpleApplication@3f6a54c8
----------------- Done invoking toplevel() on ptolemy.moml.MoMLSimpleApplication@3f6a54c8
reloadAllAccessors: .DEinContinuous2

===========================================================================================
----------------- testing Wed Jul 10 19:27:07 UTC 2019 /home/travis/build/icyphy/ptII/ptolemy/domains/continuous/test/auto/Derivative.xml
----------------- Instantiating /home/travis/build/icyphy/ptII/ptolemy/domains/continuous/test/auto/Derivative.xml
162 ms. Memory: 405504K Free: 199998K (49%)
----------------- Invoking toplevel() on ptolemy.moml.MoMLSimpleApplication@700375cf
----------------- Done invoking toplevel() on ptolemy.moml.MoMLSimpleApplication@700375cf
reloadAllAccessors: .Derivative2

===========================================================================================
----------------- testing Wed Jul 10 19:27:07 UTC 2019 /home/travis/build/icyphy/ptII/ptolemy/domains/continuous/test/auto/Derivative1.xml
----------------- Instantiating /home/travis/build/icyphy/ptII/ptolemy/domains/continuous/test/auto/Derivative1.xml
25 ms. Memory: 405504K Free: 185662K (46%)
----------------- Invoking toplevel() on ptolemy.moml.MoMLSimpleApplication@388139ad
----------------- Done invoking toplevel() on ptolemy.moml.MoMLSimpleApplication@388139ad
reloadAllAccessors: .Derivative1

===========================================================================================
----------------- testing Wed Jul 10 19:27:07 UTC 2019 /home/travis/build/icyphy/ptII/ptolemy/domains/continuous/test/auto/DiscreteClock.xml
----------------- Instantiating /home/travis/build/icyphy/ptII/ptolemy/domains/continuous/test/auto/DiscreteClock.xml
4 ms. Memory: 405504K Free: 180542K (45%)
----------------- Invoking toplevel() on ptolemy.moml.MoMLSimpleApplication@42a6672e
----------------- Done invoking toplevel() on ptolemy.moml.MoMLSimpleApplication@42a6672e
reloadAllAccessors: .DiscreteClock

===========================================================================================
----------------- testing Wed Jul 10 19:27:07 UTC 2019 /home/travis/build/icyphy/ptII/ptolemy/domains/continuous/test/auto/EfficiencyCurve.xml
----------------- Instantiating /home/travis/build/icyphy/ptII/ptolemy/domains/continuous/test/auto/EfficiencyCurve.xml
49 ms. Memory: 405504K Free: 171840K (42%)
----------------- Invoking toplevel() on ptolemy.moml.MoMLSimpleApplication@4006275e
----------------- Done invoking toplevel() on ptolemy.moml.MoMLSimpleApplication@4006275e
reloadAllAccessors: .EfficiencyCurve

===========================================================================================
----------------- testing Wed Jul 10 19:27:07 UTC 2019 /home/travis/build/icyphy/ptII/ptolemy/domains/continuous/test/auto/ExponentialResponse.xml
----------------- Instantiating /home/travis/build/icyphy/ptII/ptolemy/domains/continuous/test/auto/ExponentialResponse.xml
113 ms. Memory: 405504K Free: 156480K (39%)
----------------- Invoking toplevel() on ptolemy.moml.MoMLSimpleApplication@349a3457
----------------- Done invoking toplevel() on ptolemy.moml.MoMLSimpleApplication@349a3457
reloadAllAccessors: .ExponentialResponse

===========================================================================================
----------------- testing Wed Jul 10 19:27:08 UTC 2019 /home/travis/build/icyphy/ptII/ptolemy/domains/continuous/test/auto/ExponentialResponseRK45.xml
----------------- Instantiating /home/travis/build/icyphy/ptII/ptolemy/domains/continuous/test/auto/ExponentialResponseRK45.xml
27 ms. Memory: 405504K Free: 149822K (37%)
----------------- Invoking toplevel() on ptolemy.moml.MoMLSimpleApplication@1301cd6c
----------------- Done invoking toplevel() on ptolemy.moml.MoMLSimpleApplication@1301cd6c
reloadAllAccessors: .ExponentialResponseRK45

===========================================================================================
----------------- testing Wed Jul 10 19:27:08 UTC 2019 /home/travis/build/icyphy/ptII/ptolemy/domains/continuous/test/auto/Friction.xml
----------------- Instantiating /home/travis/build/icyphy/ptII/ptolemy/domains/continuous/test/auto/Friction.xml
1509 ms. Memory: 405504K Free: 208784K (51%)
----------------- Invoking toplevel() on ptolemy.moml.MoMLSimpleApplication@449df1f6
----------------- Done invoking toplevel() on ptolemy.moml.MoMLSimpleApplication@449df1f6
reloadAllAccessors: .Friction

===========================================================================================
----------------- testing Wed Jul 10 19:27:09 UTC 2019 /home/travis/build/icyphy/ptII/ptolemy/domains/continuous/test/auto/FurutaPendulum.xml
----------------- Instantiating /home/travis/build/icyphy/ptII/ptolemy/domains/continuous/test/auto/FurutaPendulum.xml
3399 ms. Memory: 405504K Free: 195212K (48%)
----------------- Invoking toplevel() on ptolemy.moml.MoMLSimpleApplication@2fcc4607
----------------- Done invoking toplevel() on ptolemy.moml.MoMLSimpleApplication@2fcc4607
reloadAllAccessors: .FurutaPendulum

===========================================================================================
----------------- testing Wed Jul 10 19:27:13 UTC 2019 /home/travis/build/icyphy/ptII/ptolemy/domains/continuous/test/auto/HierarchicalExecution.xml
----------------- Instantiating /home/travis/build/icyphy/ptII/ptolemy/domains/continuous/test/auto/HierarchicalExecution.xml
1864 ms. Memory: 405504K Free: 161084K (40%)
----------------- Invoking toplevel() on ptolemy.moml.MoMLSimpleApplication@165fc3e9
----------------- Done invoking toplevel() on ptolemy.moml.MoMLSimpleApplication@165fc3e9
reloadAllAccessors: .HierarchicalExecution

===========================================================================================
----------------- testing Wed Jul 10 19:27:15 UTC 2019 /home/travis/build/icyphy/ptII/ptolemy/domains/continuous/test/auto/HybridPlant.xml
----------------- Instantiating /home/travis/build/icyphy/ptII/ptolemy/domains/continuous/test/auto/HybridPlant.xml
551 ms. Memory: 405504K Free: 382573K (94%)
----------------- Invoking toplevel() on ptolemy.moml.MoMLSimpleApplication@587240ef
----------------- Done invoking toplevel() on ptolemy.moml.MoMLSimpleApplication@587240ef
reloadAllAccessors: .HybridPlant

===========================================================================================
----------------- testing Wed Jul 10 19:27:16 UTC 2019 /home/travis/build/icyphy/ptII/ptolemy/domains/continuous/test/auto/Hysteresis.xml
----------------- Instantiating /home/travis/build/icyphy/ptII/ptolemy/domains/continuous/test/auto/Hysteresis.xml
145 ms. Memory: 405504K Free: 320619K (79%)
----------------- Invoking toplevel() on ptolemy.moml.MoMLSimpleApplication@4bfab42a
----------------- Done invoking toplevel() on ptolemy.moml.MoMLSimpleApplication@4bfab42a
reloadAllAccessors: .Hysteresis

===========================================================================================
----------------- testing Wed Jul 10 19:27:16 UTC 2019 /home/travis/build/icyphy/ptII/ptolemy/domains/continuous/test/auto/HysteresisWithRandomDelay.xml
----------------- Instantiating /home/travis/build/icyphy/ptII/ptolemy/domains/continuous/test/auto/HysteresisWithRandomDelay.xml
172 ms. Memory: 405504K Free: 249453K (62%)
----------------- Invoking toplevel() on ptolemy.moml.MoMLSimpleApplication@79e29dc1
----------------- Done invoking toplevel() on ptolemy.moml.MoMLSimpleApplication@79e29dc1
reloadAllAccessors: .HysteresisWithRandomDelay

===========================================================================================
----------------- testing Wed Jul 10 19:27:16 UTC 2019 /home/travis/build/icyphy/ptII/ptolemy/domains/continuous/test/auto/HysteresisWithRandomLosses.xml
----------------- Instantiating /home/travis/build/icyphy/ptII/ptolemy/domains/continuous/test/auto/HysteresisWithRandomLosses.xml
2399 ms. Memory: 405504K Free: 236851K (58%)
----------------- Invoking toplevel() on ptolemy.moml.MoMLSimpleApplication@5908cda0
----------------- Done invoking toplevel() on ptolemy.moml.MoMLSimpleApplication@5908cda0
reloadAllAccessors: .HysteresisWithRandomLosses

===========================================================================================
----------------- testing Wed Jul 10 19:27:19 UTC 2019 /home/travis/build/icyphy/ptII/ptolemy/domains/continuous/test/auto/ImmediateTransitions.xml
----------------- Instantiating /home/travis/build/icyphy/ptII/ptolemy/domains/continuous/test/auto/ImmediateTransitions.xml
16 ms. Memory: 405504K Free: 226083K (56%)
----------------- Invoking toplevel() on ptolemy.moml.MoMLSimpleApplication@8eca32
----------------- Done invoking toplevel() on ptolemy.moml.MoMLSimpleApplication@8eca32
reloadAllAccessors: .ImmediateTransitions

===========================================================================================
----------------- testing Wed Jul 10 19:27:19 UTC 2019 /home/travis/build/icyphy/ptII/ptolemy/domains/continuous/test/auto/ImpulseFeedback.xml
----------------- Instantiating /home/travis/build/icyphy/ptII/ptolemy/domains/continuous/test/auto/ImpulseFeedback.xml
7 ms. Memory: 405504K Free: 220467K (54%)
----------------- Invoking toplevel() on ptolemy.moml.MoMLSimpleApplication@2b0a4340
----------------- Done invoking toplevel() on ptolemy.moml.MoMLSimpleApplication@2b0a4340
reloadAllAccessors: .ImpulseFeedback

===========================================================================================
----------------- testing Wed Jul 10 19:27:19 UTC 2019 /home/travis/build/icyphy/ptII/ptolemy/domains/continuous/test/auto/ImpulseFeedback2.xml
----------------- Instantiating /home/travis/build/icyphy/ptII/ptolemy/domains/continuous/test/auto/ImpulseFeedback2.xml
5 ms. Memory: 405504K Free: 214833K (53%)
----------------- Invoking toplevel() on ptolemy.moml.MoMLSimpleApplication@32a314e7
----------------- Done invoking toplevel() on ptolemy.moml.MoMLSimpleApplication@32a314e7
reloadAllAccessors: .ImpulseFeedback2

===========================================================================================
----------------- testing Wed Jul 10 19:27:19 UTC 2019 /home/travis/build/icyphy/ptII/ptolemy/domains/continuous/test/auto/IncreasingRatePoisson.xml
----------------- Instantiating /home/travis/build/icyphy/ptII/ptolemy/domains/continuous/test/auto/IncreasingRatePoisson.xml
741 ms. Memory: 405504K Free: 383876K (95%)
----------------- Invoking toplevel() on ptolemy.moml.MoMLSimpleApplication@31bcbbc
----------------- Done invoking toplevel() on ptolemy.moml.MoMLSimpleApplication@31bcbbc
reloadAllAccessors: .IncreasingRatePoisson

===========================================================================================
----------------- testing Wed Jul 10 19:27:19 UTC 2019 /home/travis/build/icyphy/ptII/ptolemy/domains/continuous/test/auto/InitialStateFeedback.xml
----------------- Instantiating /home/travis/build/icyphy/ptII/ptolemy/domains/continuous/test/auto/InitialStateFeedback.xml
7 ms. Memory: 405504K Free: 379266K (94%)
----------------- Invoking toplevel() on ptolemy.moml.MoMLSimpleApplication@23101732
----------------- Done invoking toplevel() on ptolemy.moml.MoMLSimpleApplication@23101732
reloadAllAccessors: .InitialStateFeedback

===========================================================================================
----------------- testing Wed Jul 10 19:27:19 UTC 2019 /home/travis/build/icyphy/ptII/ptolemy/domains/continuous/test/auto/Integration.xml
----------------- Instantiating /home/travis/build/icyphy/ptII/ptolemy/domains/continuous/test/auto/Integration.xml
3 ms. Memory: 405504K Free: 375170K (93%)
----------------- Invoking toplevel() on ptolemy.moml.MoMLSimpleApplication@4c41c4d1
----------------- Done invoking toplevel() on ptolemy.moml.MoMLSimpleApplication@4c41c4d1
reloadAllAccessors: .Integration

===========================================================================================
----------------- testing Wed Jul 10 19:27:19 UTC 2019 /home/travis/build/icyphy/ptII/ptolemy/domains/continuous/test/auto/Integration2.xml
----------------- Instantiating /home/travis/build/icyphy/ptII/ptolemy/domains/continuous/test/auto/Integration2.xml
82 ms. Memory: 405504K Free: 361348K (89%)
----------------- Invoking toplevel() on ptolemy.moml.MoMLSimpleApplication@7311f080
----------------- Done invoking toplevel() on ptolemy.moml.MoMLSimpleApplication@7311f080
reloadAllAccessors: .Integration2

===========================================================================================
----------------- testing Wed Jul 10 19:27:20 UTC 2019 /home/travis/build/icyphy/ptII/ptolemy/domains/continuous/test/auto/Integration3.xml
----------------- Instantiating /home/travis/build/icyphy/ptII/ptolemy/domains/continuous/test/auto/Integration3.xml
2 ms. Memory: 405504K Free: 356738K (88%)
----------------- Invoking toplevel() on ptolemy.moml.MoMLSimpleApplication@55247d64
----------------- Done invoking toplevel() on ptolemy.moml.MoMLSimpleApplication@55247d64
reloadAllAccessors: .Integration3

===========================================================================================
----------------- testing Wed Jul 10 19:27:20 UTC 2019 /home/travis/build/icyphy/ptII/ptolemy/domains/continuous/test/auto/Integration5.xml
----------------- Instantiating /home/travis/build/icyphy/ptII/ptolemy/domains/continuous/test/auto/Integration5.xml
2 ms. Memory: 405504K Free: 352642K (87%)
----------------- Invoking toplevel() on ptolemy.moml.MoMLSimpleApplication@cf28f90
----------------- Done invoking toplevel() on ptolemy.moml.MoMLSimpleApplication@cf28f90
reloadAllAccessors: .Integration5

===========================================================================================
----------------- testing Wed Jul 10 19:27:20 UTC 2019 /home/travis/build/icyphy/ptII/ptolemy/domains/continuous/test/auto/IntegratorImpulse.xml
----------------- Instantiating /home/travis/build/icyphy/ptII/ptolemy/domains/continuous/test/auto/IntegratorImpulse.xml
2 ms. Memory: 405504K Free: 348532K (86%)
----------------- Invoking toplevel() on ptolemy.moml.MoMLSimpleApplication@38632821
----------------- Done invoking toplevel() on ptolemy.moml.MoMLSimpleApplication@38632821
reloadAllAccessors: .IntegratorImpulse

===========================================================================================
----------------- testing Wed Jul 10 19:27:20 UTC 2019 /home/travis/build/icyphy/ptII/ptolemy/domains/continuous/test/auto/IntegratorImpulse2.xml
----------------- Instantiating /home/travis/build/icyphy/ptII/ptolemy/domains/continuous/test/auto/IntegratorImpulse2.xml
4 ms. Memory: 405504K Free: 343940K (85%)
----------------- Invoking toplevel() on ptolemy.moml.MoMLSimpleApplication@406d6d62
----------------- Done invoking toplevel() on ptolemy.moml.MoMLSimpleApplication@406d6d62
reloadAllAccessors: .IntegratorImpulse2

===========================================================================================
----------------- testing Wed Jul 10 19:27:20 UTC 2019 /home/travis/build/icyphy/ptII/ptolemy/domains/continuous/test/auto/LevelCrossing1.xml
----------------- Instantiating /home/travis/build/icyphy/ptII/ptolemy/domains/continuous/test/auto/LevelCrossing1.xml
2 ms. Memory: 405504K Free: 338820K (84%)
----------------- Invoking toplevel() on ptolemy.moml.MoMLSimpleApplication@73e65bf8
----------------- Done invoking toplevel() on ptolemy.moml.MoMLSimpleApplication@73e65bf8
reloadAllAccessors: .LevelCrossing1

===========================================================================================
----------------- testing Wed Jul 10 19:27:20 UTC 2019 /home/travis/build/icyphy/ptII/ptolemy/domains/continuous/test/auto/LevelCrossing2.xml
----------------- Instantiating /home/travis/build/icyphy/ptII/ptolemy/domains/continuous/test/auto/LevelCrossing2.xml
3 ms. Memory: 405504K Free: 333700K (82%)
----------------- Invoking toplevel() on ptolemy.moml.MoMLSimpleApplication@af72a2d
----------------- Done invoking toplevel() on ptolemy.moml.MoMLSimpleApplication@af72a2d
reloadAllAccessors: .LevelCrossing2

===========================================================================================
----------------- testing Wed Jul 10 19:27:20 UTC 2019 /home/travis/build/icyphy/ptII/ptolemy/domains/continuous/test/auto/LevelCrossing3.xml
----------------- Instantiating /home/travis/build/icyphy/ptII/ptolemy/domains/continuous/test/auto/LevelCrossing3.xml
2 ms. Memory: 405504K Free: 328580K (81%)
----------------- Invoking toplevel() on ptolemy.moml.MoMLSimpleApplication@785ea24a
----------------- Done invoking toplevel() on ptolemy.moml.MoMLSimpleApplication@785ea24a
reloadAllAccessors: .LevelCrossing3

===========================================================================================
----------------- testing Wed Jul 10 19:27:20 UTC 2019 /home/travis/build/icyphy/ptII/ptolemy/domains/continuous/test/auto/LevelCrossing4.xml
----------------- Instantiating /home/travis/build/icyphy/ptII/ptolemy/domains/continuous/test/auto/LevelCrossing4.xml
3 ms. Memory: 405504K Free: 323460K (80%)
----------------- Invoking toplevel() on ptolemy.moml.MoMLSimpleApplication@5a12edd1
----------------- Done invoking toplevel() on ptolemy.moml.MoMLSimpleApplication@5a12edd1
reloadAllAccessors: .LevelCrossing4

===========================================================================================
----------------- testing Wed Jul 10 19:27:20 UTC 2019 /home/travis/build/icyphy/ptII/ptolemy/domains/continuous/test/auto/LevelCrossing5.xml
----------------- Instantiating /home/travis/build/icyphy/ptII/ptolemy/domains/continuous/test/auto/LevelCrossing5.xml
3 ms. Memory: 405504K Free: 318340K (79%)
----------------- Invoking toplevel() on ptolemy.moml.MoMLSimpleApplication@34c6104c
----------------- Done invoking toplevel() on ptolemy.moml.MoMLSimpleApplication@34c6104c
reloadAllAccessors: .LevelCrossing5

===========================================================================================
[...]
----------------- testing Wed Jul 10 19:27:37 UTC 2019 /home/travis/build/icyphy/ptII/ptolemy/domains/continuous/test/auto/SRinContinuous.xml
----------------- Instantiating /home/travis/build/icyphy/ptII/ptolemy/domains/continuous/test/auto/SRinContinuous.xml
4 ms. Memory: 405504K Free: 262273K (65%)
----------------- Invoking toplevel() on ptolemy.moml.MoMLSimpleApplication@4fcd39c
----------------- Done invoking toplevel() on ptolemy.moml.MoMLSimpleApplication@4fcd39c
reloadAllAccessors: .SRinContinuous

===========================================================================================
----------------- testing Wed Jul 10 19:27:37 UTC 2019 /home/travis/build/icyphy/ptII/ptolemy/domains/continuous/test/auto/SampledClocks.xml
----------------- Instantiating /home/travis/build/icyphy/ptII/ptolemy/domains/continuous/test/auto/SampledClocks.xml
6 ms. Memory: 405504K Free: 249985K (62%)
----------------- Invoking toplevel() on ptolemy.moml.MoMLSimpleApplication@3715e608
----------------- Done invoking toplevel() on ptolemy.moml.MoMLSimpleApplication@3715e608
reloadAllAccessors: .SampledClocks

===========================================================================================
----------------- testing Wed Jul 10 19:27:37 UTC 2019 /home/travis/build/icyphy/ptII/ptolemy/domains/continuous/test/auto/Satellite.xml
----------------- Instantiating /home/travis/build/icyphy/ptII/ptolemy/domains/continuous/test/auto/Satellite.xml
990 ms. Memory: 405504K Free: 301832K (74%)
----------------- Invoking toplevel() on ptolemy.moml.MoMLSimpleApplication@489a778b
----------------- Done invoking toplevel() on ptolemy.moml.MoMLSimpleApplication@489a778b
reloadAllAccessors: .Satellite

===========================================================================================
----------------- testing Wed Jul 10 19:27:38 UTC 2019 /home/travis/build/icyphy/ptII/ptolemy/domains/continuous/test/auto/SigmaDelta.xml
----------------- Instantiating /home/travis/build/icyphy/ptII/ptolemy/domains/continuous/test/auto/SigmaDelta.xml
2248 ms. Memory: 405504K Free: 281511K (69%)
----------------- Invoking toplevel() on ptolemy.moml.MoMLSimpleApplication@6ad3258d
----------------- Done invoking toplevel() on ptolemy.moml.MoMLSimpleApplication@6ad3258d
reloadAllAccessors: .SigmaDelta

===========================================================================================
----------------- testing Wed Jul 10 19:27:40 UTC 2019 /home/travis/build/icyphy/ptII/ptolemy/domains/continuous/test/auto/SingleRefinement.xml
----------------- Instantiating /home/travis/build/icyphy/ptII/ptolemy/domains/continuous/test/auto/SingleRefinement.xml
302 ms. Memory: 405504K Free: 338916K (84%)
----------------- Invoking toplevel() on ptolemy.moml.MoMLSimpleApplication@7ae1c3ac
----------------- Done invoking toplevel() on ptolemy.moml.MoMLSimpleApplication@7ae1c3ac
reloadAllAccessors: .SingleRefinement

===========================================================================================
----------------- testing Wed Jul 10 19:27:41 UTC 2019 /home/travis/build/icyphy/ptII/ptolemy/domains/continuous/test/auto/SinuBouncingBall.xml
----------------- Instantiating /home/travis/build/icyphy/ptII/ptolemy/domains/continuous/test/auto/SinuBouncingBall.xml
821 ms. Memory: 405504K Free: 364614K (90%)
----------------- Invoking toplevel() on ptolemy.moml.MoMLSimpleApplication@13a4489f
----------------- Done invoking toplevel() on ptolemy.moml.MoMLSimpleApplication@13a4489f
reloadAllAccessors: .SinuBouncingBall

===========================================================================================
----------------- testing Wed Jul 10 19:27:41 UTC 2019 /home/travis/build/icyphy/ptII/ptolemy/domains/continuous/test/auto/Sinusoid.xml
----------------- Instantiating /home/travis/build/icyphy/ptII/ptolemy/domains/continuous/test/auto/Sinusoid.xml
5 ms. Memory: 405504K Free: 360004K (89%)
----------------- Invoking toplevel() on ptolemy.moml.MoMLSimpleApplication@4655a1b0
----------------- Done invoking toplevel() on ptolemy.moml.MoMLSimpleApplication@4655a1b0
reloadAllAccessors: .Sinusoid

===========================================================================================
----------------- testing Wed Jul 10 19:27:41 UTC 2019 /home/travis/build/icyphy/ptII/ptolemy/domains/continuous/test/auto/SinusoidInNoise.xml
----------------- Instantiating /home/travis/build/icyphy/ptII/ptolemy/domains/continuous/test/auto/SinusoidInNoise.xml
1025 ms. Memory: 405504K Free: 225350K (56%)
----------------- Invoking toplevel() on ptolemy.moml.MoMLSimpleApplication@31559bd
----------------- Done invoking toplevel() on ptolemy.moml.MoMLSimpleApplication@31559bd
reloadAllAccessors: .SinusoidInNoise

===========================================================================================
----------------- testing Wed Jul 10 19:27:42 UTC 2019 /home/travis/build/icyphy/ptII/ptolemy/domains/continuous/test/auto/SinusoidRK45.xml
----------------- Instantiating /home/travis/build/icyphy/ptII/ptolemy/domains/continuous/test/auto/SinusoidRK45.xml
2 ms. Memory: 405504K Free: 221254K (55%)
----------------- Invoking toplevel() on ptolemy.moml.MoMLSimpleApplication@5528e1c2
----------------- Done invoking toplevel() on ptolemy.moml.MoMLSimpleApplication@5528e1c2
reloadAllAccessors: .SinusoidRK45

===========================================================================================
----------------- testing Wed Jul 10 19:27:42 UTC 2019 /home/travis/build/icyphy/ptII/ptolemy/domains/continuous/test/auto/SinusoidWithMultipleImpulses.xml
----------------- Instantiating /home/travis/build/icyphy/ptII/ptolemy/domains/continuous/test/auto/SinusoidWithMultipleImpulses.xml
3 ms. Memory: 405504K Free: 216644K (53%)
----------------- Invoking toplevel() on ptolemy.moml.MoMLSimpleApplication@59bcc2d8
----------------- Done invoking toplevel() on ptolemy.moml.MoMLSimpleApplication@59bcc2d8
reloadAllAccessors: .SinusoidWithMultipleImpulses

===========================================================================================
----------------- testing Wed Jul 10 19:27:43 UTC 2019 /home/travis/build/icyphy/ptII/ptolemy/domains/continuous/test/auto/SquareWave.xml
----------------- Instantiating /home/travis/build/icyphy/ptII/ptolemy/domains/continuous/test/auto/SquareWave.xml
174 ms. Memory: 405504K Free: 189510K (47%)
----------------- Invoking toplevel() on ptolemy.moml.MoMLSimpleApplication@2a54decb
----------------- Done invoking toplevel() on ptolemy.moml.MoMLSimpleApplication@2a54decb
reloadAllAccessors: .SquareWave

===========================================================================================
----------------- testing Wed Jul 10 19:27:43 UTC 2019 /home/travis/build/icyphy/ptII/ptolemy/domains/continuous/test/auto/Starmac.xml
----------------- Instantiating /home/travis/build/icyphy/ptII/ptolemy/domains/continuous/test/auto/Starmac.xml
3056 ms. Memory: 405504K Free: 364478K (90%)
----------------- Invoking toplevel() on ptolemy.moml.MoMLSimpleApplication@3cc1dd2a
----------------- Done invoking toplevel() on ptolemy.moml.MoMLSimpleApplication@3cc1dd2a
reloadAllAccessors: .Starmac

===========================================================================================
----------------- testing Wed Jul 10 19:27:46 UTC 2019 /home/travis/build/icyphy/ptII/ptolemy/domains/continuous/test/auto/StaticUnits.xml
----------------- Instantiating /home/travis/build/icyphy/ptII/ptolemy/domains/continuous/test/auto/StaticUnits.xml
2277 ms. Memory: 405504K Free: 166842K (41%)
----------------- Invoking toplevel() on ptolemy.moml.MoMLSimpleApplication@39850793
----------------- Done invoking toplevel() on ptolemy.moml.MoMLSimpleApplication@39850793
reloadAllAccessors: .StaticUnits

===========================================================================================
----------------- testing Wed Jul 10 19:27:49 UTC 2019 /home/travis/build/icyphy/ptII/ptolemy/domains/continuous/test/auto/StickyMasses.xml
----------------- Instantiating /home/travis/build/icyphy/ptII/ptolemy/domains/continuous/test/auto/StickyMasses.xml
165 ms. Memory: 405504K Free: 355249K (88%)
----------------- Invoking toplevel() on ptolemy.moml.MoMLSimpleApplication@6f69e799
----------------- Done invoking toplevel() on ptolemy.moml.MoMLSimpleApplication@6f69e799
reloadAllAccessors: .StickyMasses

===========================================================================================
----------------- testing Wed Jul 10 19:27:49 UTC 2019 /home/travis/build/icyphy/ptII/ptolemy/domains/continuous/test/auto/StopTime.xml
----------------- Instantiating /home/travis/build/icyphy/ptII/ptolemy/domains/continuous/test/auto/StopTime.xml
51 ms. Memory: 405504K Free: 330673K (82%)
----------------- Invoking toplevel() on ptolemy.moml.MoMLSimpleApplication@20836721
----------------- Done invoking toplevel() on ptolemy.moml.MoMLSimpleApplication@20836721
reloadAllAccessors: .StopTime

===========================================================================================
----------------- testing Wed Jul 10 19:27:49 UTC 2019 /home/travis/build/icyphy/ptII/ptolemy/domains/continuous/test/auto/StopTime2.xml
----------------- Instantiating /home/travis/build/icyphy/ptII/ptolemy/domains/continuous/test/auto/StopTime2.xml
34 ms. Memory: 405504K Free: 308641K (76%)
----------------- Invoking toplevel() on ptolemy.moml.MoMLSimpleApplication@713ee7ea
----------------- Done invoking toplevel() on ptolemy.moml.MoMLSimpleApplication@713ee7ea
reloadAllAccessors: .StopTime2

===========================================================================================
----------------- testing Wed Jul 10 19:27:49 UTC 2019 /home/travis/build/icyphy/ptII/ptolemy/domains/continuous/test/auto/Switch.xml
----------------- Instantiating /home/travis/build/icyphy/ptII/ptolemy/domains/continuous/test/auto/Switch.xml
43 ms. Memory: 405504K Free: 284065K (70%)
----------------- Invoking toplevel() on ptolemy.moml.MoMLSimpleApplication@9a0d694
----------------- Done invoking toplevel() on ptolemy.moml.MoMLSimpleApplication@9a0d694
reloadAllAccessors: .Switch

===========================================================================================
----------------- testing Wed Jul 10 19:27:49 UTC 2019 /home/travis/build/icyphy/ptII/ptolemy/domains/continuous/test/auto/Thermostat.xml
----------------- Instantiating /home/travis/build/icyphy/ptII/ptolemy/domains/continuous/test/auto/Thermostat.xml
183 ms. Memory: 405504K Free: 211889K (52%)
----------------- Invoking toplevel() on ptolemy.moml.MoMLSimpleApplication@18e2c2a8
----------------- Done invoking toplevel() on ptolemy.moml.MoMLSimpleApplication@18e2c2a8
reloadAllAccessors: .Thermostat

===========================================================================================
----------------- testing Wed Jul 10 19:27:49 UTC 2019 /home/travis/build/icyphy/ptII/ptolemy/domains/continuous/test/auto/TimeDelay.xml
----------------- Instantiating /home/travis/build/icyphy/ptII/ptolemy/domains/continuous/test/auto/TimeDelay.xml
5 ms. Memory: 405504K Free: 207279K (51%)
----------------- Invoking toplevel() on ptolemy.moml.MoMLSimpleApplication@4ed7d1e6
----------------- Done invoking toplevel() on ptolemy.moml.MoMLSimpleApplication@4ed7d1e6
reloadAllAccessors: .TimeDelay

===========================================================================================
----------------- testing Wed Jul 10 19:27:49 UTC 2019 /home/travis/build/icyphy/ptII/ptolemy/domains/continuous/test/auto/TimeDelay2.xml
----------------- Instantiating /home/travis/build/icyphy/ptII/ptolemy/domains/continuous/test/auto/TimeDelay2.xml
10 ms. Memory: 405504K Free: 197553K (49%)
----------------- Invoking toplevel() on ptolemy.moml.MoMLSimpleApplication@10563f7d
----------------- Done invoking toplevel() on ptolemy.moml.MoMLSimpleApplication@10563f7d
reloadAllAccessors: .TimeDelay2

===========================================================================================
----------------- testing Wed Jul 10 19:27:49 UTC 2019 /home/travis/build/icyphy/ptII/ptolemy/domains/continuous/test/auto/TimeDelay3.xml
----------------- Instantiating /home/travis/build/icyphy/ptII/ptolemy/domains/continuous/test/auto/TimeDelay3.xml
4 ms. Memory: 405504K Free: 192926K (48%)
----------------- Invoking toplevel() on ptolemy.moml.MoMLSimpleApplication@8f41c35
----------------- Done invoking toplevel() on ptolemy.moml.MoMLSimpleApplication@8f41c35
reloadAllAccessors: .TimeDelay3

===========================================================================================
----------------- testing Wed Jul 10 19:27:50 UTC 2019 /home/travis/build/icyphy/ptII/ptolemy/domains/continuous/test/auto/TransferAbsentToInside.xml
----------------- Instantiating /home/travis/build/icyphy/ptII/ptolemy/domains/continuous/test/auto/TransferAbsentToInside.xml
44 ms. Memory: 405504K Free: 376618K (93%)
----------------- Invoking toplevel() on ptolemy.moml.MoMLSimpleApplication@5604a390
----------------- Done invoking toplevel() on ptolemy.moml.MoMLSimpleApplication@5604a390
reloadAllAccessors: .TransferAbsentToInside

===========================================================================================
----------------- testing Wed Jul 10 19:27:50 UTC 2019 /home/travis/build/icyphy/ptII/ptolemy/domains/continuous/test/auto/Transmission.xml
----------------- Instantiating /home/travis/build/icyphy/ptII/ptolemy/domains/continuous/test/auto/Transmission.xml
798 ms. Memory: 405504K Free: 148391K (37%)
----------------- Invoking toplevel() on ptolemy.moml.MoMLSimpleApplication@792ce574
----------------- Done invoking toplevel() on ptolemy.moml.MoMLSimpleApplication@792ce574
reloadAllAccessors: .Transmission

===========================================================================================
----------------- testing Wed Jul 10 19:27:50 UTC 2019 /home/travis/build/icyphy/ptII/ptolemy/domains/continuous/test/auto/TriggeredContinuousClock.xml
----------------- Instantiating /home/travis/build/icyphy/ptII/ptolemy/domains/continuous/test/auto/TriggeredContinuousClock.xml
36 ms. Memory: 405504K Free: 355748K (88%)
----------------- Invoking toplevel() on ptolemy.moml.MoMLSimpleApplication@4c26c545
----------------- Done invoking toplevel() on ptolemy.moml.MoMLSimpleApplication@4c26c545
reloadAllAccessors: .TriggeredContinuousClock

===========================================================================================
----------------- testing Wed Jul 10 19:27:51 UTC 2019 /home/travis/build/icyphy/ptII/ptolemy/domains/continuous/test/auto/TwoMachineInfiniteBusControl.xml
----------------- Instantiating /home/travis/build/icyphy/ptII/ptolemy/domains/continuous/test/auto/TwoMachineInfiniteBusControl.xml
2556 ms. Memory: 405504K Free: 273228K (67%)
----------------- Invoking toplevel() on ptolemy.moml.MoMLSimpleApplication@31041f42
----------------- Done invoking toplevel() on ptolemy.moml.MoMLSimpleApplication@31041f42
reloadAllAccessors: .TwoMachineInfiniteBusControl

===========================================================================================
----------------- testing Wed Jul 10 19:27:53 UTC 2019 /home/travis/build/icyphy/ptII/ptolemy/domains/continuous/test/auto/V2V.xml
----------------- Instantiating /home/travis/build/icyphy/ptII/ptolemy/domains/continuous/test/auto/V2V.xml
629 ms. Memory: 405504K Free: 323388K (80%)
----------------- Invoking toplevel() on ptolemy.moml.MoMLSimpleApplication@63e1bee0
----------------- Done invoking toplevel() on ptolemy.moml.MoMLSimpleApplication@63e1bee0
reloadAllAccessors: .V2V

===========================================================================================
----------------- testing Wed Jul 10 19:27:54 UTC 2019 /home/travis/build/icyphy/ptII/ptolemy/domains/continuous/test/auto/hierarchicalModalModel.xml
----------------- Instantiating /home/travis/build/icyphy/ptII/ptolemy/domains/continuous/test/auto/hierarchicalModalModel.xml
9 ms. Memory: 405504K Free: 309052K (76%)
----------------- Invoking toplevel() on ptolemy.moml.MoMLSimpleApplication@5dcba532
----------------- Done invoking toplevel() on ptolemy.moml.MoMLSimpleApplication@5dcba532
reloadAllAccessors: .hierarchicalModalModel

===========================================================================================
----------------- testing Wed Jul 10 19:27:54 UTC 2019 /home/travis/build/icyphy/ptII/ptolemy/domains/continuous/test/auto/hierarchicalModalModel1.xml
----------------- Instantiating /home/travis/build/icyphy/ptII/ptolemy/domains/continuous/test/auto/hierarchicalModalModel1.xml
9 ms. Memory: 405504K Free: 294716K (73%)
----------------- Invoking toplevel() on ptolemy.moml.MoMLSimpleApplication@20329c01
----------------- Done invoking toplevel() on ptolemy.moml.MoMLSimpleApplication@20329c01
reloadAllAccessors: .hierarchicalModalModel1

===========================================================================================
----------------- testing Wed Jul 10 19:27:54 UTC 2019 /home/travis/build/icyphy/ptII/ptolemy/domains/continuous/test/auto/hierarchicalModalModel2.xml
----------------- Instantiating /home/travis/build/icyphy/ptII/ptolemy/domains/continuous/test/auto/hierarchicalModalModel2.xml
11 ms. Memory: 405504K Free: 282428K (70%)
----------------- Invoking toplevel() on ptolemy.moml.MoMLSimpleApplication@112d5180
----------------- Done invoking toplevel() on ptolemy.moml.MoMLSimpleApplication@112d5180
reloadAllAccessors: .hierarchicalModalModel2

===========================================================================================
----------------- testing Wed Jul 10 19:27:54 UTC 2019 /home/travis/build/icyphy/ptII/ptolemy/domains/continuous/test/auto/hierarchicalModalModel3.xml
----------------- Instantiating /home/travis/build/icyphy/ptII/ptolemy/domains/continuous/test/auto/hierarchicalModalModel3.xml
6 ms. Memory: 405504K Free: 271674K (67%)
----------------- Invoking toplevel() on ptolemy.moml.MoMLSimpleApplication@136c3782
----------------- Done invoking toplevel() on ptolemy.moml.MoMLSimpleApplication@136c3782
reloadAllAccessors: .hierarchicalModalModel3

===========================================================================================
----------------- testing Wed Jul 10 19:27:54 UTC 2019 /home/travis/build/icyphy/ptII/ptolemy/domains/continuous/test/auto/hierarchicalModalModel4.xml
----------------- Instantiating /home/travis/build/icyphy/ptII/ptolemy/domains/continuous/test/auto/hierarchicalModalModel4.xml
5 ms. Memory: 405504K Free: 259900K (64%)
----------------- Invoking toplevel() on ptolemy.moml.MoMLSimpleApplication@4806b5d5
----------------- Done invoking toplevel() on ptolemy.moml.MoMLSimpleApplication@4806b5d5
reloadAllAccessors: .hierarchicalModalModel4

===========================================================================================
----------------- testing Wed Jul 10 19:27:54 UTC 2019 /home/travis/build/icyphy/ptII/ptolemy/domains/continuous/test/auto/junk.xml
----------------- Instantiating /home/travis/build/icyphy/ptII/ptolemy/domains/continuous/test/auto/junk.xml
148 ms. Memory: 405504K Free: 234810K (58%)
----------------- Invoking toplevel() on ptolemy.moml.MoMLSimpleApplication@7658ec68
----------------- Done invoking toplevel() on ptolemy.moml.MoMLSimpleApplication@7658ec68
reloadAllAccessors: .junk
AutoTests.java: About to close Vertx.
AutoTests.java: Vertx closed.
]]></system-out>
  <system-err><![CDATA[Warning: '.HysteresisWithRandomDelay.NonStrictTest' The test produced only 221 tokens, yet the correctValues parameter was expecting 222 tokens.
Warning: '.HysteresisWithRandomDelay.NonStrictTest2' The test produced only 220 tokens, yet the correctValues parameter was expecting 221 tokens.
Warning: '.HysteresisWithRandomDelay.NonStrictTest3' The test produced only 28 tokens, yet the correctValues parameter was expecting 30 tokens.
]]></system-err>
</testsuite>
