<?xml version="1.0" encoding="UTF-8" ?>
<testsuite errors="0" failures="0" hostname="travis-job-2b40b097-6fc2-45e8-8205-f2987a36bf5c" name="ptolemy.domains.de.test.junit.JUnitTclTest" skipped="0" tests="101" time="126.269" timestamp="2020-02-29T07:05:35">
  <properties>
[...]
</properties>
  <testcase classname="ptolemy.util.test.junit.TclTests" name="[0] /home/travis/build/icyphy/ptII/ptolemy/domains/de/test/DependencyLoop.tcl (RunTclFile)" time="0.897" />
  <testcase classname="ptolemy.util.test.junit.TclTests" name="[1] /home/travis/build/icyphy/ptII/ptolemy/domains/de/test/RunDETestsAsQSS.tcl (RunTclFile)" time="85.529" />
  <testcase classname="ptolemy.util.test.junit.AutoKnownFailedTests" name="[0] /home/travis/build/icyphy/ptII/ptolemy/domains/de/test/auto/knownFailedTests/DESDFClockTest.xml (RunModel)" time="2.08" />
  <testcase classname="ptolemy.util.test.junit.AutoKnownFailedTests" name="[1] /home/travis/build/icyphy/ptII/ptolemy/domains/de/test/auto/knownFailedTests/DirectFeedback.xml (RunModel)" time="0.015" />
  <testcase classname="ptolemy.util.test.junit.AutoKnownFailedTests" name="[2] /home/travis/build/icyphy/ptII/ptolemy/domains/de/test/auto/knownFailedTests/FSMSource.xml (RunModel)" time="0.029" />
  <testcase classname="ptolemy.util.test.junit.AutoKnownFailedTests" name="[3] /home/travis/build/icyphy/ptII/ptolemy/domains/de/test/auto/knownFailedTests/HierarchicalModel.xml (RunModel)" time="0.048" />
  <testcase classname="ptolemy.util.test.junit.AutoKnownFailedTests" name="[4] /home/travis/build/icyphy/ptII/ptolemy/domains/de/test/auto/knownFailedTests/dependencyLoop.xml (RunModel)" time="0.037" />
  <testcase classname="ptolemy.util.test.junit.AutoKnownFailedTests" name="[5] /home/travis/build/icyphy/ptII/ptolemy/domains/de/test/auto/knownFailedTests/dependencyLoop2.xml (RunModel)" time="0.045" />
  <testcase classname="ptolemy.util.test.junit.AutoNameArchTests" name="[0] ThereAreNoAutoArchTests (RunModel)" time="0.002" />
  <testcase classname="ptolemy.util.test.junit.AutoTests" name="[0] /home/travis/build/icyphy/ptII/ptolemy/domains/de/test/auto/ActorDepthCalculation_actorWithoutPorts.xml (RunModel)" time="0.021" />
  <testcase classname="ptolemy.util.test.junit.AutoTests" name="[1] /home/travis/build/icyphy/ptII/ptolemy/domains/de/test/auto/AssemblyLine.xml (RunModel)" time="0.024" />
  <testcase classname="ptolemy.util.test.junit.AutoTests" name="[2] /home/travis/build/icyphy/ptII/ptolemy/domains/de/test/auto/CQBug1.xml (RunModel)" time="0.012" />
  <testcase classname="ptolemy.util.test.junit.AutoTests" name="[3] /home/travis/build/icyphy/ptII/ptolemy/domains/de/test/auto/CancelFireAt.xml (RunModel)" time="0.012" />
  <testcase classname="ptolemy.util.test.junit.AutoTests" name="[4] /home/travis/build/icyphy/ptII/ptolemy/domains/de/test/auto/CausalityAndComposabilityAnalysis.xml (RunModel)" time="0.016" />
  <testcase classname="ptolemy.util.test.junit.AutoTests" name="[5] /home/travis/build/icyphy/ptII/ptolemy/domains/de/test/auto/CausalityInterface1.xml (RunModel)" time="0.013" />
  <testcase classname="ptolemy.util.test.junit.AutoTests" name="[6] /home/travis/build/icyphy/ptII/ptolemy/domains/de/test/auto/CausalityInterface15.xml (RunModel)" time="0.011" />
  <testcase classname="ptolemy.util.test.junit.AutoTests" name="[7] /home/travis/build/icyphy/ptII/ptolemy/domains/de/test/auto/CausalityInterface2.xml (RunModel)" time="0.015" />
  <testcase classname="ptolemy.util.test.junit.AutoTests" name="[8] /home/travis/build/icyphy/ptII/ptolemy/domains/de/test/auto/CausalityInterface3.xml (RunModel)" time="0.014" />
  <testcase classname="ptolemy.util.test.junit.AutoTests" name="[9] /home/travis/build/icyphy/ptII/ptolemy/domains/de/test/auto/ClockDrift.xml (RunModel)" time="0.039" />
  <testcase classname="ptolemy.util.test.junit.AutoTests" name="[10] /home/travis/build/icyphy/ptII/ptolemy/domains/de/test/auto/ClockDriftAndValueChange.xml (RunModel)" time="0.035" />
  <testcase classname="ptolemy.util.test.junit.AutoTests" name="[11] /home/travis/build/icyphy/ptII/ptolemy/domains/de/test/auto/ClockDriftChange.xml (RunModel)" time="0.035" />
  <testcase classname="ptolemy.util.test.junit.AutoTests" name="[12] /home/travis/build/icyphy/ptII/ptolemy/domains/de/test/auto/ComposableCausalityAnalysis.xml (RunModel)" time="0.018" />
  <testcase classname="ptolemy.util.test.junit.AutoTests" name="[13] /home/travis/build/icyphy/ptII/ptolemy/domains/de/test/auto/DEFixedPointLimitation.xml (RunModel)" time="0.008" />
  <testcase classname="ptolemy.util.test.junit.AutoTests" name="[14] /home/travis/build/icyphy/ptII/ptolemy/domains/de/test/auto/DEScheduleTest.xml (RunModel)" time="0.013" />
  <testcase classname="ptolemy.util.test.junit.AutoTests" name="[15] /home/travis/build/icyphy/ptII/ptolemy/domains/de/test/auto/DEinDEwithStartTimes.xml (RunModel)" time="0.014" />
  <testcase classname="ptolemy.util.test.junit.AutoTests" name="[16] /home/travis/build/icyphy/ptII/ptolemy/domains/de/test/auto/DEinDEwithStartTimes2.xml (RunModel)" time="0.021" />
  <testcase classname="ptolemy.util.test.junit.AutoTests" name="[17] /home/travis/build/icyphy/ptII/ptolemy/domains/de/test/auto/DateDemo.xml (RunModel)" time="0.03" />
  <testcase classname="ptolemy.util.test.junit.AutoTests" name="[18] /home/travis/build/icyphy/ptII/ptolemy/domains/de/test/auto/DateToEvent.xml (RunModel)" time="2.041" />
  <testcase classname="ptolemy.util.test.junit.AutoTests" name="[19] /home/travis/build/icyphy/ptII/ptolemy/domains/de/test/auto/DepthTest1.xml (RunModel)" time="0.009" />
  <testcase classname="ptolemy.util.test.junit.AutoTests" name="[20] /home/travis/build/icyphy/ptII/ptolemy/domains/de/test/auto/DepthTest2.xml (RunModel)" time="0.021" />
  <testcase classname="ptolemy.util.test.junit.AutoTests" name="[21] /home/travis/build/icyphy/ptII/ptolemy/domains/de/test/auto/DepthTest3.xml (RunModel)" time="0.013" />
  <testcase classname="ptolemy.util.test.junit.AutoTests" name="[22] /home/travis/build/icyphy/ptII/ptolemy/domains/de/test/auto/DepthTest4.xml (RunModel)" time="0.02" />
  <testcase classname="ptolemy.util.test.junit.AutoTests" name="[23] /home/travis/build/icyphy/ptII/ptolemy/domains/de/test/auto/DepthTest5.xml (RunModel)" time="0.024" />
  <testcase classname="ptolemy.util.test.junit.AutoTests" name="[24] /home/travis/build/icyphy/ptII/ptolemy/domains/de/test/auto/DepthTest6.xml (RunModel)" time="0.012" />
  <testcase classname="ptolemy.util.test.junit.AutoTests" name="[25] /home/travis/build/icyphy/ptII/ptolemy/domains/de/test/auto/DepthTest7.xml (RunModel)" time="0.011" />
  <testcase classname="ptolemy.util.test.junit.AutoTests" name="[26] /home/travis/build/icyphy/ptII/ptolemy/domains/de/test/auto/EventToDate.xml (RunModel)" time="3.046" />
  <testcase classname="ptolemy.util.test.junit.AutoTests" name="[27] /home/travis/build/icyphy/ptII/ptolemy/domains/de/test/auto/FSM1.xml (RunModel)" time="0.046" />
  <testcase classname="ptolemy.util.test.junit.AutoTests" name="[28] /home/travis/build/icyphy/ptII/ptolemy/domains/de/test/auto/FSM7.xml (RunModel)" time="0.041" />
  <testcase classname="ptolemy.util.test.junit.AutoTests" name="[29] /home/travis/build/icyphy/ptII/ptolemy/domains/de/test/auto/Inspection.xml (RunModel)" time="0.053" />
  <testcase classname="ptolemy.util.test.junit.AutoTests" name="[30] /home/travis/build/icyphy/ptII/ptolemy/domains/de/test/auto/Iteration.xml (RunModel)" time="0.026" />
  <testcase classname="ptolemy.util.test.junit.AutoTests" name="[31] /home/travis/build/icyphy/ptII/ptolemy/domains/de/test/auto/LineFault.xml (RunModel)" time="0.623" />
  <testcase classname="ptolemy.util.test.junit.AutoTests" name="[32] /home/travis/build/icyphy/ptII/ptolemy/domains/de/test/auto/MergeModel1Add.xml (RunModel)" time="0.049" />
  <testcase classname="ptolemy.util.test.junit.AutoTests" name="[33] /home/travis/build/icyphy/ptII/ptolemy/domains/de/test/auto/MergeModel2Add.xml (RunModel)" time="0.042" />
  <testcase classname="ptolemy.util.test.junit.AutoTests" name="[34] /home/travis/build/icyphy/ptII/ptolemy/domains/de/test/auto/MergeModel3Add.xml (RunModel)" time="0.051" />
  <testcase classname="ptolemy.util.test.junit.AutoTests" name="[35] /home/travis/build/icyphy/ptII/ptolemy/domains/de/test/auto/MergeWithoutDiscard.xml (RunModel)" time="0.011" />
  <testcase classname="ptolemy.util.test.junit.AutoTests" name="[36] /home/travis/build/icyphy/ptII/ptolemy/domains/de/test/auto/Modal1.xml (RunModel)" time="0.029" />
  <testcase classname="ptolemy.util.test.junit.AutoTests" name="[37] /home/travis/build/icyphy/ptII/ptolemy/domains/de/test/auto/Modal2.xml (RunModel)" time="0.025" />
  <testcase classname="ptolemy.util.test.junit.AutoTests" name="[38] /home/travis/build/icyphy/ptII/ptolemy/domains/de/test/auto/Modal3.xml (RunModel)" time="0.03" />
  <testcase classname="ptolemy.util.test.junit.AutoTests" name="[39] /home/travis/build/icyphy/ptII/ptolemy/domains/de/test/auto/Modal4.xml (RunModel)" time="0.028" />
  <testcase classname="ptolemy.util.test.junit.AutoTests" name="[40] /home/travis/build/icyphy/ptII/ptolemy/domains/de/test/auto/Modal5.xml (RunModel)" time="0.033" />
  <testcase classname="ptolemy.util.test.junit.AutoTests" name="[41] /home/travis/build/icyphy/ptII/ptolemy/domains/de/test/auto/Modal6.xml (RunModel)" time="0.034" />
  <testcase classname="ptolemy.util.test.junit.AutoTests" name="[42] /home/travis/build/icyphy/ptII/ptolemy/domains/de/test/auto/Modal7.xml (RunModel)" time="0.03" />
  <testcase classname="ptolemy.util.test.junit.AutoTests" name="[43] /home/travis/build/icyphy/ptII/ptolemy/domains/de/test/auto/ModalModel.xml (RunModel)" time="0.173" />
  <testcase classname="ptolemy.util.test.junit.AutoTests" name="[44] /home/travis/build/icyphy/ptII/ptolemy/domains/de/test/auto/ModalSource.xml (RunModel)" time="0.025" />
  <testcase classname="ptolemy.util.test.junit.AutoTests" name="[45] /home/travis/build/icyphy/ptII/ptolemy/domains/de/test/auto/NonInterruptibleTimerZeroDelay.xml (RunModel)" time="0.011" />
  <testcase classname="ptolemy.util.test.junit.AutoTests" name="[46] /home/travis/build/icyphy/ptII/ptolemy/domains/de/test/auto/OpenQueueingNetwork.xml (RunModel)" time="2.774" />
  <testcase classname="ptolemy.util.test.junit.AutoTests" name="[47] /home/travis/build/icyphy/ptII/ptolemy/domains/de/test/auto/OpenQueuingNetwork.xml (RunModel)" time="0.298" />
  <testcase classname="ptolemy.util.test.junit.AutoTests" name="[48] /home/travis/build/icyphy/ptII/ptolemy/domains/de/test/auto/PeriodicSampler.xml (RunModel)" time="0.013" />
  <testcase classname="ptolemy.util.test.junit.AutoTests" name="[49] /home/travis/build/icyphy/ptII/ptolemy/domains/de/test/auto/PersistentIO.xml (RunModel)" time="0.026" />
  <testcase classname="ptolemy.util.test.junit.AutoTests" name="[50] /home/travis/build/icyphy/ptII/ptolemy/domains/de/test/auto/PortParameterResetOnInitialize.xml (RunModel)" time="0.015" />
  <testcase classname="ptolemy.util.test.junit.AutoTests" name="[51] /home/travis/build/icyphy/ptII/ptolemy/domains/de/test/auto/PortParameterUpdates.xml (RunModel)" time="0.014" />
  <testcase classname="ptolemy.util.test.junit.AutoTests" name="[52] /home/travis/build/icyphy/ptII/ptolemy/domains/de/test/auto/QueueAndServer.xml (RunModel)" time="0.025" />
  <testcase classname="ptolemy.util.test.junit.AutoTests" name="[53] /home/travis/build/icyphy/ptII/ptolemy/domains/de/test/auto/Records.xml (RunModel)" time="0.017" />
  <testcase classname="ptolemy.util.test.junit.AutoTests" name="[54] /home/travis/build/icyphy/ptII/ptolemy/domains/de/test/auto/ResetTransitionWithStartTime1.xml (RunModel)" time="0.019" />
  <testcase classname="ptolemy.util.test.junit.AutoTests" name="[55] /home/travis/build/icyphy/ptII/ptolemy/domains/de/test/auto/ResetTransitionWithStartTime2.xml (RunModel)" time="0.019" />
  <testcase classname="ptolemy.util.test.junit.AutoTests" name="[56] /home/travis/build/icyphy/ptII/ptolemy/domains/de/test/auto/ResetTransitionWithStartTime3.xml (RunModel)" time="0.019" />
  <testcase classname="ptolemy.util.test.junit.AutoTests" name="[57] /home/travis/build/icyphy/ptII/ptolemy/domains/de/test/auto/ResetTransitionWithStartTime4.xml (RunModel)" time="0.015" />
  <testcase classname="ptolemy.util.test.junit.AutoTests" name="[58] /home/travis/build/icyphy/ptII/ptolemy/domains/de/test/auto/ResettableTimer1.xml (RunModel)" time="0.012" />
  <testcase classname="ptolemy.util.test.junit.AutoTests" name="[59] /home/travis/build/icyphy/ptII/ptolemy/domains/de/test/auto/ResettableTimer2.xml (RunModel)" time="0.009" />
  <testcase classname="ptolemy.util.test.junit.AutoTests" name="[60] /home/travis/build/icyphy/ptII/ptolemy/domains/de/test/auto/ResettableTimer3.xml (RunModel)" time="0.009" />
  <testcase classname="ptolemy.util.test.junit.AutoTests" name="[61] /home/travis/build/icyphy/ptII/ptolemy/domains/de/test/auto/ResettableTimer4.xml (RunModel)" time="0.009" />
  <testcase classname="ptolemy.util.test.junit.AutoTests" name="[62] /home/travis/build/icyphy/ptII/ptolemy/domains/de/test/auto/ResettableTimer5.xml (RunModel)" time="0.01" />
  <testcase classname="ptolemy.util.test.junit.AutoTests" name="[63] /home/travis/build/icyphy/ptII/ptolemy/domains/de/test/auto/ResettableTimer6.xml (RunModel)" time="0.015" />
  <testcase classname="ptolemy.util.test.junit.AutoTests" name="[64] /home/travis/build/icyphy/ptII/ptolemy/domains/de/test/auto/ServerZeroDelay.xml (RunModel)" time="0.01" />
  <testcase classname="ptolemy.util.test.junit.AutoTests" name="[65] /home/travis/build/icyphy/ptII/ptolemy/domains/de/test/auto/SmartSender.xml (RunModel)" time="3.007" />
  <testcase classname="ptolemy.util.test.junit.AutoTests" name="[66] /home/travis/build/icyphy/ptII/ptolemy/domains/de/test/auto/ThreadedComposite.xml (RunModel)" time="0.104" />
  <testcase classname="ptolemy.util.test.junit.AutoTests" name="[67] /home/travis/build/icyphy/ptII/ptolemy/domains/de/test/auto/Time.xml (RunModel)" time="0.361" />
  <testcase classname="ptolemy.util.test.junit.AutoTests" name="[68] /home/travis/build/icyphy/ptII/ptolemy/domains/de/test/auto/TimeDelayZeroDelay.xml (RunModel)" time="0.009" />
  <testcase classname="ptolemy.util.test.junit.AutoTests" name="[69] /home/travis/build/icyphy/ptII/ptolemy/domains/de/test/auto/TimerZeroDelay.xml (RunModel)" time="0.007" />
  <testcase classname="ptolemy.util.test.junit.AutoTests" name="[70] /home/travis/build/icyphy/ptII/ptolemy/domains/de/test/auto/TimingParadox.xml (RunModel)" time="0.328" />
  <testcase classname="ptolemy.util.test.junit.AutoTests" name="[71] /home/travis/build/icyphy/ptII/ptolemy/domains/de/test/auto/TransferInputs.xml (RunModel)" time="0.014" />
  <testcase classname="ptolemy.util.test.junit.AutoTests" name="[72] /home/travis/build/icyphy/ptII/ptolemy/domains/de/test/auto/TransferOutputs2.xml (RunModel)" time="0.019" />
  <testcase classname="ptolemy.util.test.junit.AutoTests" name="[73] /home/travis/build/icyphy/ptII/ptolemy/domains/de/test/auto/Trilateration.xml (RunModel)" time="10.981" />
  <testcase classname="ptolemy.util.test.junit.AutoTests" name="[74] /home/travis/build/icyphy/ptII/ptolemy/domains/de/test/auto/TwoSigmaDelta.xml (RunModel)" time="1.966" />
  <testcase classname="ptolemy.util.test.junit.AutoTests" name="[75] /home/travis/build/icyphy/ptII/ptolemy/domains/de/test/auto/VariableDelay.xml (RunModel)" time="0.015" />
  <testcase classname="ptolemy.util.test.junit.AutoTests" name="[76] /home/travis/build/icyphy/ptII/ptolemy/domains/de/test/auto/VariableDelay2.xml (RunModel)" time="0.013" />
  <testcase classname="ptolemy.util.test.junit.AutoTests" name="[77] /home/travis/build/icyphy/ptII/ptolemy/domains/de/test/auto/VariableDelayZeroDelay.xml (RunModel)" time="0.016" />
  <testcase classname="ptolemy.util.test.junit.AutoTests" name="[78] /home/travis/build/icyphy/ptII/ptolemy/domains/de/test/auto/VariableDelayZeroDelay2.xml (RunModel)" time="0.009" />
  <testcase classname="ptolemy.util.test.junit.AutoTests" name="[79] /home/travis/build/icyphy/ptII/ptolemy/domains/de/test/auto/deInCt.xml (RunModel)" time="0.015" />
  <testcase classname="ptolemy.util.test.junit.AutoTests" name="[80] /home/travis/build/icyphy/ptII/ptolemy/domains/de/test/auto/deInCt2.xml (RunModel)" time="0.025" />
  <testcase classname="ptolemy.util.test.junit.AutoTests" name="[81] /home/travis/build/icyphy/ptII/ptolemy/domains/de/test/auto/dynamicCausalityInterface1.xml (RunModel)" time="0.015" />
  <testcase classname="ptolemy.util.test.junit.AutoTests" name="[82] /home/travis/build/icyphy/ptII/ptolemy/domains/de/test/auto/fsm_de_test.xml (RunModel)" time="0.02" />
  <testcase classname="ptolemy.util.test.junit.AutoTests" name="[83] /home/travis/build/icyphy/ptII/ptolemy/domains/de/test/auto/functionDependencyReconstruction.xml (RunModel)" time="0.033" />
  <testcase classname="ptolemy.util.test.junit.AutoTests" name="[84] /home/travis/build/icyphy/ptII/ptolemy/domains/de/test/auto/multirate.xml (RunModel)" time="0.017" />
  <testcase classname="ptolemy.util.test.junit.AutoTests" name="[85] /home/travis/build/icyphy/ptII/ptolemy/domains/de/test/auto/multirate2.xml (RunModel)" time="0.016" />
  <testcase classname="ptolemy.util.test.junit.AutoTests" name="[86] /home/travis/build/icyphy/ptII/ptolemy/domains/de/test/auto/realtime.xml (RunModel)" time="10.01" />
  <testcase classname="ptolemy.util.test.junit.AutoTests" name="[87] /home/travis/build/icyphy/ptII/ptolemy/domains/de/test/auto/relationGroup.xml (RunModel)" time="0.013" />
  <testcase classname="ptolemy.util.test.junit.AutoTests" name="[88] /home/travis/build/icyphy/ptII/ptolemy/domains/de/test/auto/relationGroup2.xml (RunModel)" time="0.005" />
  <testcase classname="ptolemy.util.test.junit.AutoTests" name="[89] /home/travis/build/icyphy/ptII/ptolemy/domains/de/test/auto/sortWithOpaquePorts.xml (RunModel)" time="0.006" />
  <testcase classname="ptolemy.util.test.junit.AutoTests" name="[90] /home/travis/build/icyphy/ptII/ptolemy/domains/de/test/auto/transferInputsandOutputs.xml (RunModel)" time="0.01" />
  <testcase classname="ptolemy.util.test.junit.AutoTests" name="[91] /home/travis/build/icyphy/ptII/ptolemy/domains/de/test/auto/triggerType.xml (RunModel)" time="0.006" />
  <system-out><![CDATA[/home/travis/build/icyphy/ptII/ptolemy/domains/de/test/DependencyLoop.tcl
testDefs.tcl: setting time out to 9000 seconds at Sat Feb 29 07:05:35 UTC 2020
60 ms. Memory: 129024K Free: 78792K (61%)
18 ms. Memory: 129024K Free: 61384K (48%)
/home/travis/build/icyphy/ptII/ptolemy/domains/de/test/RunDETestsAsQSS.tcl
Run the DE tests using ptolemy.domains.qss.test.QSSDirectorTest, which extends QSSDirector and prints a message in the constructors.
------------------ testing $PTII/ptolemy/domains/de/test/auto/knownFailedTests/DirectFeedback.xml (Known Failure) 
56 ms. Memory: 129024K Free: 55750K (43%)


==== $PTIIhome/travis/build/icyphy/ptII/ptolemy/domains/de/test/../../../../: Auto Automatic test in file $PTII/ptolemy/domains/de/test/auto/knownFailedTests/DirectFeedback.xml
==== Contents of test case:

	    # FIXME: we should use $relativeFilename here, but it
	    # might have backslashes under Windows, which causes no end
	    # of trouble.
	    createAndExecute $file
	    list {}
	
.... Test generated KNOWN error:
    while executing
ptolemy.kernel.util.IllegalActionException: Test fails in iteration 1.
Value was: 1.0. Should have been: 2.0
  in .DirectFeedback.Test
	at ptolemy.actor.lib.Test.fire(Test.java:268)
	at ptolemy.domains.de.kernel.DEDirector._fire(DEDirector.java:1949)
	at ptolemy.domains.de.kernel.DEDirector.fire(DEDirector.java:502)
	at ptolemy.actor.CompositeActor.fire(CompositeActor.java:455)
	at ptolemy.actor.Manager.iterate(Manager.java:851)
	at ptolemy.actor.Manager.execute(Manager.java:369)
	at ptolemy.actor.Manager.run(Manager.java:1263)
	at ptolemy.actor.Manager$PtolemyRunThread.run(Manager.java:1933)

    while executing
ptolemy.kernel.util.IllegalActionException: Test fails in iteration 1.
Value was: 1.0. Should have been: 2.0
  in .DirectFeedback.Test
    while executing
"java::new ptolemy.moml.MoMLSimpleApplication $file
"
    (procedure "createAndExecute" line 2)
    invoked from within
"createAndExecute $file"
    ("uplevel" body line 5)
    invoked from within
"uplevel $contents_of_test"
------------------ testing $PTII/ptolemy/domains/de/test/auto/knownFailedTests/dependencyLoop.xml (Known Failure) 
25 ms. Memory: 129024K Free: 52678K (41%)


==== $PTIIhome/travis/build/icyphy/ptII/ptolemy/domains/de/test/../../../../: Auto Automatic test in file $PTII/ptolemy/domains/de/test/auto/knownFailedTests/dependencyLoop.xml
==== Contents of test case:

	    # FIXME: we should use $relativeFilename here, but it
	    # might have backslashes under Windows, which causes no end
	    # of trouble.
	    createAndExecute $file
	    list {}
	
.... Test generated KNOWN error:
    while executing
ptolemy.kernel.util.IllegalActionException: Found a zero delay loop containing .dependencyLoop.original
  in .dependencyLoop and .dependencyLoop.original
	at ptolemy.actor.util.CausalityInterfaceForComposites._computeOutputPortDepth(CausalityInterfaceForComposites.java:759)
	at ptolemy.actor.util.CausalityInterfaceForComposites._computeInputDepth(CausalityInterfaceForComposites.java:696)
	at ptolemy.actor.util.CausalityInterfaceForComposites._computeOutputPortDepth(CausalityInterfaceForComposites.java:765)
	at ptolemy.actor.util.CausalityInterfaceForComposites._computeInputDepth(CausalityInterfaceForComposites.java:696)
	at ptolemy.actor.util.CausalityInterfaceForComposites._computeOutputPortDepth(CausalityInterfaceForComposites.java:765)
	at ptolemy.actor.util.CausalityInterfaceForComposites._computeInputDepth(CausalityInterfaceForComposites.java:696)
	at ptolemy.actor.util.CausalityInterfaceForComposites._computeActorDepth(CausalityInterfaceForComposites.java:532)
	at ptolemy.actor.util.CausalityInterfaceForComposites.checkForCycles(CausalityInterfaceForComposites.java:96)
	at ptolemy.domains.de.kernel.DEDirector.preinitialize(DEDirector.java:1338)
	at ptolemy.actor.CompositeActor.preinitialize(CompositeActor.java:1828)
	at ptolemy.actor.Manager.preinitializeAndResolveTypes(Manager.java:1040)
	at ptolemy.actor.Manager.initialize(Manager.java:710)
	at ptolemy.actor.Manager.execute(Manager.java:356)
	at ptolemy.actor.Manager.run(Manager.java:1263)
	at ptolemy.actor.Manager$PtolemyRunThread.run(Manager.java:1933)

    while executing
ptolemy.kernel.util.IllegalActionException: Found a zero delay loop containing .dependencyLoop.original
  in .dependencyLoop and .dependencyLoop.original
    while executing
"java::new ptolemy.moml.MoMLSimpleApplication $file
"
    (procedure "createAndExecute" line 2)
    invoked from within
"createAndExecute $file"
    ("uplevel" body line 5)
    invoked from within
"uplevel $contents_of_test"
------------------ testing $PTII/ptolemy/domains/de/test/auto/knownFailedTests/FSMSource.xml (Known Failure) 
53 ms. Memory: 129024K Free: 110272K (85%)
!!!! Auto was marked as failing, but now passes
------------------ testing $PTII/ptolemy/domains/de/test/auto/knownFailedTests/HierarchicalModel.xml (Known Failure) 
5 ms. Memory: 129024K Free: 92922K (72%)


==== $PTIIhome/travis/build/icyphy/ptII/ptolemy/domains/de/test/../../../../: Auto Automatic test in file $PTII/ptolemy/domains/de/test/auto/knownFailedTests/HierarchicalModel.xml
==== Contents of test case:

	    # FIXME: we should use $relativeFilename here, but it
	    # might have backslashes under Windows, which causes no end
	    # of trouble.
	    createAndExecute $file
	    list {}
	
.... Test generated KNOWN error:
    while executing
ptolemy.kernel.util.IllegalActionException: Found a zero delay loop containing .HierarchicalModel.A
  in .HierarchicalModel and .HierarchicalModel.A
	at ptolemy.actor.util.CausalityInterfaceForComposites._computeOutputPortDepth(CausalityInterfaceForComposites.java:759)
	at ptolemy.actor.util.CausalityInterfaceForComposites._computeInputDepth(CausalityInterfaceForComposites.java:696)
	at ptolemy.actor.util.CausalityInterfaceForComposites._computeOutputPortDepth(CausalityInterfaceForComposites.java:765)
	at ptolemy.actor.util.CausalityInterfaceForComposites._computeInputDepth(CausalityInterfaceForComposites.java:696)
	at ptolemy.actor.util.CausalityInterfaceForComposites._computeOutputPortDepth(CausalityInterfaceForComposites.java:765)
	at ptolemy.actor.util.CausalityInterfaceForComposites._computeInputDepth(CausalityInterfaceForComposites.java:696)
	at ptolemy.actor.util.CausalityInterfaceForComposites._computeActorDepth(CausalityInterfaceForComposites.java:532)
	at ptolemy.actor.util.CausalityInterfaceForComposites.checkForCycles(CausalityInterfaceForComposites.java:96)
	at ptolemy.domains.de.kernel.DEDirector.preinitialize(DEDirector.java:1338)
	at ptolemy.actor.CompositeActor.preinitialize(CompositeActor.java:1828)
	at ptolemy.actor.Manager.preinitializeAndResolveTypes(Manager.java:1040)
	at ptolemy.actor.Manager.initialize(Manager.java:710)
	at ptolemy.actor.Manager.execute(Manager.java:356)
	at ptolemy.actor.Manager.run(Manager.java:1263)
	at ptolemy.actor.Manager$PtolemyRunThread.run(Manager.java:1933)

    while executing
ptolemy.kernel.util.IllegalActionException: Found a zero delay loop containing .HierarchicalModel.A
  in .HierarchicalModel and .HierarchicalModel.A
    while executing
"java::new ptolemy.moml.MoMLSimpleApplication $file
"
    (procedure "createAndExecute" line 2)
    invoked from within
"createAndExecute $file"
    ("uplevel" body line 5)
    invoked from within
"uplevel $contents_of_test"
------------------ testing $PTII/ptolemy/domains/de/test/auto/knownFailedTests/dependencyLoop2.xml (Known Failure) 
9 ms. Memory: 129024K Free: 76522K (59%)


==== $PTIIhome/travis/build/icyphy/ptII/ptolemy/domains/de/test/../../../../: Auto Automatic test in file $PTII/ptolemy/domains/de/test/auto/knownFailedTests/dependencyLoop2.xml
==== Contents of test case:

	    # FIXME: we should use $relativeFilename here, but it
	    # might have backslashes under Windows, which causes no end
	    # of trouble.
	    createAndExecute $file
	    list {}
	
.... Test generated KNOWN error:
    while executing
ptolemy.kernel.util.IllegalActionException: Found a zero delay loop containing .dependencyLoop2.original
  in .dependencyLoop2 and .dependencyLoop2.original
	at ptolemy.actor.util.CausalityInterfaceForComposites._computeOutputPortDepth(CausalityInterfaceForComposites.java:759)
	at ptolemy.actor.util.CausalityInterfaceForComposites._computeInputDepth(CausalityInterfaceForComposites.java:696)
	at ptolemy.actor.util.CausalityInterfaceForComposites._computeOutputPortDepth(CausalityInterfaceForComposites.java:765)
	at ptolemy.actor.util.CausalityInterfaceForComposites._computeInputDepth(CausalityInterfaceForComposites.java:696)
	at ptolemy.actor.util.CausalityInterfaceForComposites._computeOutputPortDepth(CausalityInterfaceForComposites.java:765)
	at ptolemy.actor.util.CausalityInterfaceForComposites._computeInputDepth(CausalityInterfaceForComposites.java:696)
	at ptolemy.actor.util.CausalityInterfaceForComposites._computeActorDepth(CausalityInterfaceForComposites.java:532)
	at ptolemy.actor.util.CausalityInterfaceForComposites.checkForCycles(CausalityInterfaceForComposites.java:96)
	at ptolemy.domains.de.kernel.DEDirector.preinitialize(DEDirector.java:1338)
	at ptolemy.actor.CompositeActor.preinitialize(CompositeActor.java:1828)
	at ptolemy.actor.Manager.preinitializeAndResolveTypes(Manager.java:1040)
	at ptolemy.actor.Manager.initialize(Manager.java:710)
	at ptolemy.actor.Manager.execute(Manager.java:356)
	at ptolemy.actor.Manager.run(Manager.java:1263)
	at ptolemy.actor.Manager$PtolemyRunThread.run(Manager.java:1933)

    while executing
ptolemy.kernel.util.IllegalActionException: Found a zero delay loop containing .dependencyLoop2.original
  in .dependencyLoop2 and .dependencyLoop2.original
    while executing
"java::new ptolemy.moml.MoMLSimpleApplication $file
"
    (procedure "createAndExecute" line 2)
    invoked from within
"createAndExecute $file"
    ("uplevel" body line 5)
    invoked from within
"uplevel $contents_of_test"
------------------ testing $PTII/ptolemy/domains/de/test/auto/knownFailedTests/DESDFClockTest.xml (Known Failure) 
2050 ms. Memory: 129024K Free: 106771K (83%)


==== $PTIIhome/travis/build/icyphy/ptII/ptolemy/domains/de/test/../../../../: Auto Automatic test in file $PTII/ptolemy/domains/de/test/auto/knownFailedTests/DESDFClockTest.xml
==== Contents of test case:

	    # FIXME: we should use $relativeFilename here, but it
	    # might have backslashes under Windows, which causes no end
	    # of trouble.
	    createAndExecute $file
	    list {}
	
.... Test generated KNOWN error:
    while executing
ptolemy.kernel.util.IllegalActionException: Actor is not ready to fire.  Perhaps UpSample.prefire() returned false? Try debugging the actor by selecting "Listen to Actor".  Also, for SDF check moml for tokenConsumptionRate on input.
  in .DESDFClockTest.Play Bell.Copy1:SDF Director and .DESDFClockTest.Play Bell.UpSample
	at ptolemy.actor.sched.StaticSchedulingDirector.fire(StaticSchedulingDirector.java:227)
	at ptolemy.domains.sdf.kernel.SDFDirector.fire(SDFDirector.java:500)
	at ptolemy.actor.CompositeActor.fire(CompositeActor.java:455)
	at ptolemy.domains.de.kernel.DEDirector._fire(DEDirector.java:1949)
	at ptolemy.domains.de.kernel.DEDirector.fire(DEDirector.java:502)
	at ptolemy.actor.CompositeActor.fire(CompositeActor.java:455)
	at ptolemy.actor.Manager.iterate(Manager.java:851)
	at ptolemy.actor.Manager.execute(Manager.java:369)
	at ptolemy.actor.Manager.run(Manager.java:1263)
	at ptolemy.actor.Manager$PtolemyRunThread.run(Manager.java:1933)

    while executing
ptolemy.kernel.util.IllegalActionException: Actor is not ready to fire.  Perhaps UpSample.prefire() returned false? Try debugging the actor by selecting "Listen to Actor".  Also, for SDF check moml for tokenConsumptionRate on input.
  in .DESDFClockTest.Play Bell.Copy1:SDF Director and .DESDFClockTest.Play Bell.UpSample
    while executing
"java::new ptolemy.moml.MoMLSimpleApplication $file
"
    (procedure "createAndExecute" line 2)
    invoked from within
"createAndExecute $file"
    ("uplevel" body line 5)
    invoked from within
"uplevel $contents_of_test"
------------------ testing $PTII/ptolemy/domains/de/test/auto/ActorDepthCalculation_actorWithoutPorts.xml
auto.tcl: Setting watchdog for 200 seconds at Sat Feb 29 07:05:39 UTC 2020
6 ms. Memory: 129024K Free: 99093K (77%)
ptolemy.util.test.WatchDog.cancel(): canceling Sat Feb 29 07:05:39 UTC 2020
auto.tcl: Setting watchdog for 200 seconds at Sat Feb 29 07:05:39 UTC 2020
10 ms. Memory: 129024K Free: 98069K (76%)
ptolemy.util.test.WatchDog.cancel(): canceling Sat Feb 29 07:05:39 UTC 2020
------------------ testing $PTII/ptolemy/domains/de/test/auto/AssemblyLine.xml
auto.tcl: Setting watchdog for 200 seconds at Sat Feb 29 07:05:39 UTC 2020
15 ms. Memory: 51200K Free: 27482K (54%)
ptolemy.util.test.WatchDog.cancel(): canceling Sat Feb 29 07:05:39 UTC 2020
auto.tcl: Setting watchdog for 200 seconds at Sat Feb 29 07:05:39 UTC 2020
7 ms. Memory: 51200K Free: 26726K (52%)
ptolemy.util.test.WatchDog.cancel(): canceling Sat Feb 29 07:05:39 UTC 2020
------------------ testing $PTII/ptolemy/domains/de/test/auto/CQBug1.xml
auto.tcl: Setting watchdog for 200 seconds at Sat Feb 29 07:05:39 UTC 2020
9 ms. Memory: 51200K Free: 33246K (65%)
ptolemy.util.test.WatchDog.cancel(): canceling Sat Feb 29 07:05:40 UTC 2020
auto.tcl: Setting watchdog for 200 seconds at Sat Feb 29 07:05:40 UTC 2020
2 ms. Memory: 51200K Free: 33246K (65%)
ptolemy.util.test.WatchDog.cancel(): canceling Sat Feb 29 07:05:40 UTC 2020
------------------ testing $PTII/ptolemy/domains/de/test/auto/CancelFireAt.xml
auto.tcl: Setting watchdog for 200 seconds at Sat Feb 29 07:05:40 UTC 2020
3 ms. Memory: 48128K Free: 31416K (65%)
ptolemy.util.test.WatchDog.cancel(): canceling Sat Feb 29 07:05:40 UTC 2020
auto.tcl: Setting watchdog for 200 seconds at Sat Feb 29 07:05:40 UTC 2020
2 ms. Memory: 48128K Free: 30983K (64%)
ptolemy.util.test.WatchDog.cancel(): canceling Sat Feb 29 07:05:40 UTC 2020
------------------ testing $PTII/ptolemy/domains/de/test/auto/CausalityAndComposabilityAnalysis.xml
auto.tcl: Setting watchdog for 200 seconds at Sat Feb 29 07:05:40 UTC 2020
6 ms. Memory: 48128K Free: 29412K (61%)
ptolemy.util.test.WatchDog.cancel(): canceling Sat Feb 29 07:05:40 UTC 2020
auto.tcl: Setting watchdog for 200 seconds at Sat Feb 29 07:05:40 UTC 2020
7 ms. Memory: 48128K Free: 28981K (60%)
ptolemy.util.test.WatchDog.cancel(): canceling Sat Feb 29 07:05:40 UTC 2020
------------------ testing $PTII/ptolemy/domains/de/test/auto/CausalityInterface1.xml
auto.tcl: Setting watchdog for 200 seconds at Sat Feb 29 07:05:40 UTC 2020
35 ms. Memory: 48128K Free: 28347K (59%)
ptolemy.util.test.WatchDog.cancel(): canceling Sat Feb 29 07:05:40 UTC 2020
auto.tcl: Setting watchdog for 200 seconds at Sat Feb 29 07:05:40 UTC 2020
4 ms. Memory: 48128K Free: 27358K (57%)
ptolemy.util.test.WatchDog.cancel(): canceling Sat Feb 29 07:05:40 UTC 2020
------------------ testing $PTII/ptolemy/domains/de/test/auto/CausalityInterface15.xml
auto.tcl: Setting watchdog for 200 seconds at Sat Feb 29 07:05:40 UTC 2020
8 ms. Memory: 48128K Free: 28402K (59%)
ptolemy.util.test.WatchDog.cancel(): canceling Sat Feb 29 07:05:40 UTC 2020
auto.tcl: Setting watchdog for 200 seconds at Sat Feb 29 07:05:40 UTC 2020
4 ms. Memory: 48128K Free: 27329K (57%)
ptolemy.util.test.WatchDog.cancel(): canceling Sat Feb 29 07:05:40 UTC 2020
------------------ testing $PTII/ptolemy/domains/de/test/auto/CausalityInterface2.xml
auto.tcl: Setting watchdog for 200 seconds at Sat Feb 29 07:05:40 UTC 2020
4 ms. Memory: 48128K Free: 29000K (60%)
ptolemy.util.test.WatchDog.cancel(): canceling Sat Feb 29 07:05:40 UTC 2020
auto.tcl: Setting watchdog for 200 seconds at Sat Feb 29 07:05:40 UTC 2020
3 ms. Memory: 48128K Free: 27858K (58%)
ptolemy.util.test.WatchDog.cancel(): canceling Sat Feb 29 07:05:40 UTC 2020
------------------ testing $PTII/ptolemy/domains/de/test/auto/CausalityInterface3.xml
auto.tcl: Setting watchdog for 200 seconds at Sat Feb 29 07:05:40 UTC 2020
7 ms. Memory: 48128K Free: 28529K (59%)
ptolemy.util.test.WatchDog.cancel(): canceling Sat Feb 29 07:05:40 UTC 2020
auto.tcl: Setting watchdog for 200 seconds at Sat Feb 29 07:05:40 UTC 2020
3 ms. Memory: 48128K Free: 27743K (58%)
ptolemy.util.test.WatchDog.cancel(): canceling Sat Feb 29 07:05:40 UTC 2020
------------------ testing $PTII/ptolemy/domains/de/test/auto/ClockDrift.xml
auto.tcl: Setting watchdog for 200 seconds at Sat Feb 29 07:05:40 UTC 2020
72 ms. Memory: 48128K Free: 21090K (44%)
ptolemy.util.test.WatchDog.cancel(): canceling Sat Feb 29 07:05:40 UTC 2020
auto.tcl: Setting watchdog for 200 seconds at Sat Feb 29 07:05:40 UTC 2020
46 ms. Memory: 48128K Free: 17644K (37%)
ptolemy.util.test.WatchDog.cancel(): canceling Sat Feb 29 07:05:40 UTC 2020
------------------ testing $PTII/ptolemy/domains/de/test/auto/ClockDriftAndValueChange.xml
auto.tcl: Setting watchdog for 200 seconds at Sat Feb 29 07:05:40 UTC 2020
46 ms. Memory: 48128K Free: 21192K (44%)
ptolemy.util.test.WatchDog.cancel(): canceling Sat Feb 29 07:05:40 UTC 2020
auto.tcl: Setting watchdog for 200 seconds at Sat Feb 29 07:05:40 UTC 2020
18 ms. Memory: 48128K Free: 18358K (38%)
ptolemy.util.test.WatchDog.cancel(): canceling Sat Feb 29 07:05:40 UTC 2020
------------------ testing $PTII/ptolemy/domains/de/test/auto/ClockDriftChange.xml
auto.tcl: Setting watchdog for 200 seconds at Sat Feb 29 07:05:40 UTC 2020
20 ms. Memory: 48128K Free: 23241K (48%)
ptolemy.util.test.WatchDog.cancel(): canceling Sat Feb 29 07:05:41 UTC 2020
auto.tcl: Setting watchdog for 200 seconds at Sat Feb 29 07:05:41 UTC 2020
18 ms. Memory: 48128K Free: 20660K (43%)
ptolemy.util.test.WatchDog.cancel(): canceling Sat Feb 29 07:05:41 UTC 2020
------------------ testing $PTII/ptolemy/domains/de/test/auto/ComposableCausalityAnalysis.xml
auto.tcl: Setting watchdog for 200 seconds at Sat Feb 29 07:05:41 UTC 2020
2 ms. Memory: 48128K Free: 27874K (58%)
ptolemy.util.test.WatchDog.cancel(): canceling Sat Feb 29 07:05:41 UTC 2020
auto.tcl: Setting watchdog for 200 seconds at Sat Feb 29 07:05:41 UTC 2020
4 ms. Memory: 48128K Free: 26842K (56%)
ptolemy.util.test.WatchDog.cancel(): canceling Sat Feb 29 07:05:41 UTC 2020
------------------ testing $PTII/ptolemy/domains/de/test/auto/DEFixedPointLimitation.xml
auto.tcl: Setting watchdog for 200 seconds at Sat Feb 29 07:05:41 UTC 2020
3 ms. Memory: 48128K Free: 29229K (61%)
ptolemy.util.test.WatchDog.cancel(): canceling Sat Feb 29 07:05:41 UTC 2020
auto.tcl: Setting watchdog for 200 seconds at Sat Feb 29 07:05:41 UTC 2020
1 ms. Memory: 48128K Free: 28304K (59%)
ptolemy.util.test.WatchDog.cancel(): canceling Sat Feb 29 07:05:41 UTC 2020
------------------ testing $PTII/ptolemy/domains/de/test/auto/DEScheduleTest.xml
auto.tcl: Setting watchdog for 200 seconds at Sat Feb 29 07:05:41 UTC 2020
7 ms. Memory: 48128K Free: 29538K (61%)
ptolemy.util.test.WatchDog.cancel(): canceling Sat Feb 29 07:05:41 UTC 2020
auto.tcl: Setting watchdog for 200 seconds at Sat Feb 29 07:05:41 UTC 2020
3 ms. Memory: 48128K Free: 28769K (60%)
ptolemy.util.test.WatchDog.cancel(): canceling Sat Feb 29 07:05:41 UTC 2020
------------------ testing $PTII/ptolemy/domains/de/test/auto/DEinDEwithStartTimes.xml
auto.tcl: Setting watchdog for 200 seconds at Sat Feb 29 07:05:41 UTC 2020
5 ms. Memory: 48128K Free: 27678K (58%)
ptolemy.util.test.WatchDog.cancel(): canceling Sat Feb 29 07:05:41 UTC 2020
auto.tcl: Setting watchdog for 200 seconds at Sat Feb 29 07:05:41 UTC 2020
4 ms. Memory: 48128K Free: 26654K (55%)
ptolemy.util.test.WatchDog.cancel(): canceling Sat Feb 29 07:05:41 UTC 2020
------------------ testing $PTII/ptolemy/domains/de/test/auto/DEinDEwithStartTimes2.xml
auto.tcl: Setting watchdog for 200 seconds at Sat Feb 29 07:05:41 UTC 2020
3 ms. Memory: 48128K Free: 26918K (56%)
ptolemy.util.test.WatchDog.cancel(): canceling Sat Feb 29 07:05:41 UTC 2020
auto.tcl: Setting watchdog for 200 seconds at Sat Feb 29 07:05:41 UTC 2020
4 ms. Memory: 48128K Free: 25609K (53%)
ptolemy.util.test.WatchDog.cancel(): canceling Sat Feb 29 07:05:41 UTC 2020
------------------ testing $PTII/ptolemy/domains/de/test/auto/DateDemo.xml
auto.tcl: Setting watchdog for 200 seconds at Sat Feb 29 07:05:41 UTC 2020
14 ms. Memory: 48128K Free: 21550K (45%)
ptolemy.util.test.WatchDog.cancel(): canceling Sat Feb 29 07:05:41 UTC 2020
auto.tcl: Setting watchdog for 200 seconds at Sat Feb 29 07:05:41 UTC 2020
6 ms. Memory: 48128K Free: 19699K (41%)
ptolemy.util.test.WatchDog.cancel(): canceling Sat Feb 29 07:05:41 UTC 2020
------------------ testing $PTII/ptolemy/domains/de/test/auto/DateToEvent.xml
auto.tcl: Setting watchdog for 200 seconds at Sat Feb 29 07:05:41 UTC 2020
2011 ms. Memory: 48128K Free: 17171K (36%)
ptolemy.util.test.WatchDog.cancel(): canceling Sat Feb 29 07:05:43 UTC 2020
auto.tcl: Setting watchdog for 200 seconds at Sat Feb 29 07:05:43 UTC 2020
2004 ms. Memory: 48128K Free: 16387K (34%)
ptolemy.util.test.WatchDog.cancel(): canceling Sat Feb 29 07:05:45 UTC 2020
------------------ testing $PTII/ptolemy/domains/de/test/auto/DepthTest1.xml
auto.tcl: Setting watchdog for 200 seconds at Sat Feb 29 07:05:45 UTC 2020
2 ms. Memory: 48128K Free: 30318K (63%)
ptolemy.util.test.WatchDog.cancel(): canceling Sat Feb 29 07:05:45 UTC 2020
auto.tcl: Setting watchdog for 200 seconds at Sat Feb 29 07:05:45 UTC 2020
1 ms. Memory: 48128K Free: 29541K (61%)
ptolemy.util.test.WatchDog.cancel(): canceling Sat Feb 29 07:05:45 UTC 2020
------------------ testing $PTII/ptolemy/domains/de/test/auto/DepthTest2.xml
auto.tcl: Setting watchdog for 200 seconds at Sat Feb 29 07:05:45 UTC 2020
10 ms. Memory: 48128K Free: 27094K (56%)
ptolemy.util.test.WatchDog.cancel(): canceling Sat Feb 29 07:05:45 UTC 2020
auto.tcl: Setting watchdog for 200 seconds at Sat Feb 29 07:05:45 UTC 2020
6 ms. Memory: 48128K Free: 26673K (55%)
ptolemy.util.test.WatchDog.cancel(): canceling Sat Feb 29 07:05:45 UTC 2020
------------------ testing $PTII/ptolemy/domains/de/test/auto/DepthTest3.xml
auto.tcl: Setting watchdog for 200 seconds at Sat Feb 29 07:05:45 UTC 2020
2 ms. Memory: 48128K Free: 30647K (64%)
ptolemy.util.test.WatchDog.cancel(): canceling Sat Feb 29 07:05:45 UTC 2020
auto.tcl: Setting watchdog for 200 seconds at Sat Feb 29 07:05:45 UTC 2020
2 ms. Memory: 48128K Free: 30210K (63%)
ptolemy.util.test.WatchDog.cancel(): canceling Sat Feb 29 07:05:45 UTC 2020
------------------ testing $PTII/ptolemy/domains/de/test/auto/DepthTest4.xml
auto.tcl: Setting watchdog for 200 seconds at Sat Feb 29 07:05:45 UTC 2020
3 ms. Memory: 48128K Free: 28997K (60%)
ptolemy.util.test.WatchDog.cancel(): canceling Sat Feb 29 07:05:45 UTC 2020
auto.tcl: Setting watchdog for 200 seconds at Sat Feb 29 07:05:45 UTC 2020
2 ms. Memory: 48128K Free: 28275K (59%)
ptolemy.util.test.WatchDog.cancel(): canceling Sat Feb 29 07:05:45 UTC 2020
------------------ testing $PTII/ptolemy/domains/de/test/auto/DepthTest5.xml
auto.tcl: Setting watchdog for 200 seconds at Sat Feb 29 07:05:45 UTC 2020
4 ms. Memory: 48128K Free: 28104K (58%)
ptolemy.util.test.WatchDog.cancel(): canceling Sat Feb 29 07:05:46 UTC 2020
auto.tcl: Setting watchdog for 200 seconds at Sat Feb 29 07:05:46 UTC 2020
2 ms. Memory: 48128K Free: 27683K (58%)
ptolemy.util.test.WatchDog.cancel(): canceling Sat Feb 29 07:05:46 UTC 2020
------------------ testing $PTII/ptolemy/domains/de/test/auto/DepthTest6.xml
auto.tcl: Setting watchdog for 200 seconds at Sat Feb 29 07:05:46 UTC 2020
3 ms. Memory: 48128K Free: 28067K (58%)
ptolemy.util.test.WatchDog.cancel(): canceling Sat Feb 29 07:05:46 UTC 2020
auto.tcl: Setting watchdog for 200 seconds at Sat Feb 29 07:05:46 UTC 2020
2 ms. Memory: 48128K Free: 27622K (57%)
ptolemy.util.test.WatchDog.cancel(): canceling Sat Feb 29 07:05:46 UTC 2020
------------------ testing $PTII/ptolemy/domains/de/test/auto/DepthTest7.xml
auto.tcl: Setting watchdog for 200 seconds at Sat Feb 29 07:05:46 UTC 2020
3 ms. Memory: 48128K Free: 28607K (59%)
ptolemy.util.test.WatchDog.cancel(): canceling Sat Feb 29 07:05:46 UTC 2020
auto.tcl: Setting watchdog for 200 seconds at Sat Feb 29 07:05:46 UTC 2020
2 ms. Memory: 48128K Free: 28170K (59%)
ptolemy.util.test.WatchDog.cancel(): canceling Sat Feb 29 07:05:46 UTC 2020
------------------ testing $PTII/ptolemy/domains/de/test/auto/EventToDate.xml
auto.tcl: Setting watchdog for 200 seconds at Sat Feb 29 07:05:46 UTC 2020
3005 ms. Memory: 48128K Free: 19712K (41%)
ptolemy.util.test.WatchDog.cancel(): canceling Sat Feb 29 07:05:49 UTC 2020
auto.tcl: Setting watchdog for 200 seconds at Sat Feb 29 07:05:49 UTC 2020
3005 ms. Memory: 48128K Free: 19022K (40%)
ptolemy.util.test.WatchDog.cancel(): canceling Sat Feb 29 07:05:52 UTC 2020
------------------ testing $PTII/ptolemy/domains/de/test/auto/FSM1.xml
auto.tcl: Setting watchdog for 200 seconds at Sat Feb 29 07:05:52 UTC 2020
19 ms. Memory: 48128K Free: 20925K (43%)
ptolemy.util.test.WatchDog.cancel(): canceling Sat Feb 29 07:05:52 UTC 2020
auto.tcl: Setting watchdog for 200 seconds at Sat Feb 29 07:05:52 UTC 2020
15 ms. Memory: 48128K Free: 17655K (37%)
ptolemy.util.test.WatchDog.cancel(): canceling Sat Feb 29 07:05:52 UTC 2020
------------------ testing $PTII/ptolemy/domains/de/test/auto/FSM7.xml
auto.tcl: Setting watchdog for 200 seconds at Sat Feb 29 07:05:52 UTC 2020
28 ms. Memory: 48128K Free: 20614K (43%)
ptolemy.util.test.WatchDog.cancel(): canceling Sat Feb 29 07:05:52 UTC 2020
auto.tcl: Setting watchdog for 200 seconds at Sat Feb 29 07:05:52 UTC 2020
27 ms. Memory: 48128K Free: 17492K (36%)
ptolemy.util.test.WatchDog.cancel(): canceling Sat Feb 29 07:05:52 UTC 2020
------------------ testing $PTII/ptolemy/domains/de/test/auto/Inspection.xml
auto.tcl: Setting watchdog for 200 seconds at Sat Feb 29 07:05:52 UTC 2020
23 ms. Memory: 48128K Free: 20661K (43%)
ptolemy.util.test.WatchDog.cancel(): canceling Sat Feb 29 07:05:52 UTC 2020
auto.tcl: Setting watchdog for 200 seconds at Sat Feb 29 07:05:52 UTC 2020
18 ms. Memory: 48128K Free: 18922K (39%)
ptolemy.util.test.WatchDog.cancel(): canceling Sat Feb 29 07:05:52 UTC 2020
------------------ testing $PTII/ptolemy/domains/de/test/auto/Iteration.xml
auto.tcl: Setting watchdog for 200 seconds at Sat Feb 29 07:05:52 UTC 2020
8 ms. Memory: 48128K Free: 26392K (55%)
ptolemy.util.test.WatchDog.cancel(): canceling Sat Feb 29 07:05:52 UTC 2020
auto.tcl: Setting watchdog for 200 seconds at Sat Feb 29 07:05:52 UTC 2020
6 ms. Memory: 48128K Free: 25350K (53%)
ptolemy.util.test.WatchDog.cancel(): canceling Sat Feb 29 07:05:52 UTC 2020
------------------ testing $PTII/ptolemy/domains/de/test/auto/LineFault.xml
auto.tcl: Setting watchdog for 200 seconds at Sat Feb 29 07:05:52 UTC 2020
600 ms. Memory: 48128K Free: 18475K (38%)
ptolemy.util.test.WatchDog.cancel(): canceling Sat Feb 29 07:05:53 UTC 2020
auto.tcl: Setting watchdog for 200 seconds at Sat Feb 29 07:05:53 UTC 2020
530 ms. Memory: 59392K Free: 38052K (64%)
ptolemy.util.test.WatchDog.cancel(): canceling Sat Feb 29 07:05:54 UTC 2020
------------------ testing $PTII/ptolemy/domains/de/test/auto/MergeModel1Add.xml
auto.tcl: Setting watchdog for 200 seconds at Sat Feb 29 07:05:54 UTC 2020
25 ms. Memory: 55296K Free: 19220K (35%)
ptolemy.util.test.WatchDog.cancel(): canceling Sat Feb 29 07:05:54 UTC 2020
auto.tcl: Setting watchdog for 200 seconds at Sat Feb 29 07:05:54 UTC 2020
10 ms. Memory: 55296K Free: 17736K (32%)
ptolemy.util.test.WatchDog.cancel(): canceling Sat Feb 29 07:05:54 UTC 2020
------------------ testing $PTII/ptolemy/domains/de/test/auto/MergeModel2Add.xml
auto.tcl: Setting watchdog for 200 seconds at Sat Feb 29 07:05:54 UTC 2020
7 ms. Memory: 55296K Free: 21855K (40%)
ptolemy.util.test.WatchDog.cancel(): canceling Sat Feb 29 07:05:54 UTC 2020
auto.tcl: Setting watchdog for 200 seconds at Sat Feb 29 07:05:54 UTC 2020
9 ms. Memory: 55296K Free: 20212K (37%)
ptolemy.util.test.WatchDog.cancel(): canceling Sat Feb 29 07:05:54 UTC 2020
------------------ testing $PTII/ptolemy/domains/de/test/auto/MergeModel3Add.xml
auto.tcl: Setting watchdog for 200 seconds at Sat Feb 29 07:05:54 UTC 2020
7 ms. Memory: 55296K Free: 22387K (40%)
ptolemy.util.test.WatchDog.cancel(): canceling Sat Feb 29 07:05:54 UTC 2020
auto.tcl: Setting watchdog for 200 seconds at Sat Feb 29 07:05:54 UTC 2020
5 ms. Memory: 55296K Free: 20648K (37%)
ptolemy.util.test.WatchDog.cancel(): canceling Sat Feb 29 07:05:54 UTC 2020
------------------ testing $PTII/ptolemy/domains/de/test/auto/MergeWithoutDiscard.xml
auto.tcl: Setting watchdog for 200 seconds at Sat Feb 29 07:05:54 UTC 2020
2 ms. Memory: 55296K Free: 36127K (65%)
ptolemy.util.test.WatchDog.cancel(): canceling Sat Feb 29 07:05:54 UTC 2020
auto.tcl: Setting watchdog for 200 seconds at Sat Feb 29 07:05:54 UTC 2020
1 ms. Memory: 55296K Free: 35691K (65%)
ptolemy.util.test.WatchDog.cancel(): canceling Sat Feb 29 07:05:54 UTC 2020
------------------ testing $PTII/ptolemy/domains/de/test/auto/Modal1.xml
auto.tcl: Setting watchdog for 200 seconds at Sat Feb 29 07:05:54 UTC 2020
11 ms. Memory: 51200K Free: 23972K (47%)
ptolemy.util.test.WatchDog.cancel(): canceling Sat Feb 29 07:05:54 UTC 2020
auto.tcl: Setting watchdog for 200 seconds at Sat Feb 29 07:05:54 UTC 2020
21 ms. Memory: 51200K Free: 20543K (40%)
ptolemy.util.test.WatchDog.cancel(): canceling Sat Feb 29 07:05:54 UTC 2020
------------------ testing $PTII/ptolemy/domains/de/test/auto/Modal2.xml
auto.tcl: Setting watchdog for 200 seconds at Sat Feb 29 07:05:54 UTC 2020
16 ms. Memory: 51200K Free: 24107K (47%)
ptolemy.util.test.WatchDog.cancel(): canceling Sat Feb 29 07:05:54 UTC 2020
auto.tcl: Setting watchdog for 200 seconds at Sat Feb 29 07:05:54 UTC 2020
18 ms. Memory: 51200K Free: 20844K (41%)
ptolemy.util.test.WatchDog.cancel(): canceling Sat Feb 29 07:05:54 UTC 2020
------------------ testing $PTII/ptolemy/domains/de/test/auto/Modal3.xml
auto.tcl: Setting watchdog for 200 seconds at Sat Feb 29 07:05:54 UTC 2020
10 ms. Memory: 51200K Free: 23854K (47%)
ptolemy.util.test.WatchDog.cancel(): canceling Sat Feb 29 07:05:54 UTC 2020
auto.tcl: Setting watchdog for 200 seconds at Sat Feb 29 07:05:54 UTC 2020
11 ms. Memory: 51200K Free: 20870K (41%)
ptolemy.util.test.WatchDog.cancel(): canceling Sat Feb 29 07:05:54 UTC 2020
------------------ testing $PTII/ptolemy/domains/de/test/auto/Modal4.xml
auto.tcl: Setting watchdog for 200 seconds at Sat Feb 29 07:05:54 UTC 2020
22 ms. Memory: 51200K Free: 22842K (45%)
ptolemy.util.test.WatchDog.cancel(): canceling Sat Feb 29 07:05:54 UTC 2020
auto.tcl: Setting watchdog for 200 seconds at Sat Feb 29 07:05:54 UTC 2020
16 ms. Memory: 51200K Free: 18810K (37%)
ptolemy.util.test.WatchDog.cancel(): canceling Sat Feb 29 07:05:54 UTC 2020
------------------ testing $PTII/ptolemy/domains/de/test/auto/Modal5.xml
auto.tcl: Setting watchdog for 200 seconds at Sat Feb 29 07:05:54 UTC 2020
12 ms. Memory: 51200K Free: 23035K (45%)
ptolemy.util.test.WatchDog.cancel(): canceling Sat Feb 29 07:05:54 UTC 2020
auto.tcl: Setting watchdog for 200 seconds at Sat Feb 29 07:05:54 UTC 2020
13 ms. Memory: 51200K Free: 19206K (38%)
ptolemy.util.test.WatchDog.cancel(): canceling Sat Feb 29 07:05:54 UTC 2020
------------------ testing $PTII/ptolemy/domains/de/test/auto/Modal6.xml
auto.tcl: Setting watchdog for 200 seconds at Sat Feb 29 07:05:54 UTC 2020
11 ms. Memory: 51200K Free: 23851K (47%)
ptolemy.util.test.WatchDog.cancel(): canceling Sat Feb 29 07:05:54 UTC 2020
auto.tcl: Setting watchdog for 200 seconds at Sat Feb 29 07:05:54 UTC 2020
12 ms. Memory: 51200K Free: 19863K (39%)
ptolemy.util.test.WatchDog.cancel(): canceling Sat Feb 29 07:05:55 UTC 2020
------------------ testing $PTII/ptolemy/domains/de/test/auto/Modal7.xml
auto.tcl: Setting watchdog for 200 seconds at Sat Feb 29 07:05:55 UTC 2020
16 ms. Memory: 51200K Free: 22807K (45%)
ptolemy.util.test.WatchDog.cancel(): canceling Sat Feb 29 07:05:55 UTC 2020
auto.tcl: Setting watchdog for 200 seconds at Sat Feb 29 07:05:55 UTC 2020
11 ms. Memory: 51200K Free: 19206K (38%)
ptolemy.util.test.WatchDog.cancel(): canceling Sat Feb 29 07:05:55 UTC 2020
------------------ testing $PTII/ptolemy/domains/de/test/auto/ModalModel.xml
auto.tcl: Setting watchdog for 200 seconds at Sat Feb 29 07:05:55 UTC 2020
213 ms. Memory: 51200K Free: 12910K (25%)
ptolemy.util.test.WatchDog.cancel(): canceling Sat Feb 29 07:05:55 UTC 2020
auto.tcl: Setting watchdog for 200 seconds at Sat Feb 29 07:05:55 UTC 2020
210 ms. Memory: 67584K Free: 24671K (37%)
ptolemy.util.test.WatchDog.cancel(): canceling Sat Feb 29 07:05:55 UTC 2020
------------------ testing $PTII/ptolemy/domains/de/test/auto/ModalSource.xml
auto.tcl: Setting watchdog for 200 seconds at Sat Feb 29 07:05:55 UTC 2020
7 ms. Memory: 55296K Free: 31976K (58%)
ptolemy.util.test.WatchDog.cancel(): canceling Sat Feb 29 07:05:55 UTC 2020
auto.tcl: Setting watchdog for 200 seconds at Sat Feb 29 07:05:55 UTC 2020
6 ms. Memory: 55296K Free: 29928K (54%)
ptolemy.util.test.WatchDog.cancel(): canceling Sat Feb 29 07:05:55 UTC 2020
------------------ testing $PTII/ptolemy/domains/de/test/auto/NonInterruptibleTimerZeroDelay.xml
auto.tcl: Setting watchdog for 200 seconds at Sat Feb 29 07:05:55 UTC 2020
3 ms. Memory: 51200K Free: 33093K (65%)
ptolemy.util.test.WatchDog.cancel(): canceling Sat Feb 29 07:05:55 UTC 2020
auto.tcl: Setting watchdog for 200 seconds at Sat Feb 29 07:05:55 UTC 2020
3 ms. Memory: 51200K Free: 32207K (63%)
ptolemy.util.test.WatchDog.cancel(): canceling Sat Feb 29 07:05:55 UTC 2020
------------------ testing $PTII/ptolemy/domains/de/test/auto/OpenQueueingNetwork.xml
auto.tcl: Setting watchdog for 200 seconds at Sat Feb 29 07:05:55 UTC 2020
2878 ms. Memory: 103424K Free: 60141K (58%)
ptolemy.util.test.WatchDog.cancel(): canceling Sat Feb 29 07:05:58 UTC 2020
auto.tcl: Setting watchdog for 200 seconds at Sat Feb 29 07:05:58 UTC 2020
2591 ms. Memory: 124928K Free: 75976K (61%)
ptolemy.util.test.WatchDog.cancel(): canceling Sat Feb 29 07:06:01 UTC 2020
------------------ testing $PTII/ptolemy/domains/de/test/auto/OpenQueuingNetwork.xml
auto.tcl: Setting watchdog for 200 seconds at Sat Feb 29 07:06:01 UTC 2020
273 ms. Memory: 55296K Free: 22181K (40%)
ptolemy.util.test.WatchDog.cancel(): canceling Sat Feb 29 07:06:01 UTC 2020
auto.tcl: Setting watchdog for 200 seconds at Sat Feb 29 07:06:01 UTC 2020
276 ms. Memory: 55296K Free: 30329K (55%)
ptolemy.util.test.WatchDog.cancel(): canceling Sat Feb 29 07:06:02 UTC 2020
------------------ testing $PTII/ptolemy/domains/de/test/auto/PeriodicSampler.xml
auto.tcl: Setting watchdog for 200 seconds at Sat Feb 29 07:06:02 UTC 2020
2 ms. Memory: 55296K Free: 36111K (65%)
ptolemy.util.test.WatchDog.cancel(): canceling Sat Feb 29 07:06:02 UTC 2020
auto.tcl: Setting watchdog for 200 seconds at Sat Feb 29 07:06:02 UTC 2020
2 ms. Memory: 55296K Free: 35591K (64%)
ptolemy.util.test.WatchDog.cancel(): canceling Sat Feb 29 07:06:02 UTC 2020
------------------ testing $PTII/ptolemy/domains/de/test/auto/PersistentIO.xml
auto.tcl: Setting watchdog for 200 seconds at Sat Feb 29 07:06:02 UTC 2020
6 ms. Memory: 51200K Free: 26940K (53%)
ptolemy.util.test.WatchDog.cancel(): canceling Sat Feb 29 07:06:02 UTC 2020
auto.tcl: Setting watchdog for 200 seconds at Sat Feb 29 07:06:02 UTC 2020
3 ms. Memory: 51200K Free: 25441K (50%)
ptolemy.util.test.WatchDog.cancel(): canceling Sat Feb 29 07:06:02 UTC 2020
------------------ testing $PTII/ptolemy/domains/de/test/auto/PortParameterResetOnInitialize.xml
auto.tcl: Setting watchdog for 200 seconds at Sat Feb 29 07:06:02 UTC 2020
2 ms. Memory: 51200K Free: 31908K (62%)
ptolemy.util.test.WatchDog.cancel(): canceling Sat Feb 29 07:06:02 UTC 2020
auto.tcl: Setting watchdog for 200 seconds at Sat Feb 29 07:06:02 UTC 2020
2 ms. Memory: 51200K Free: 31428K (61%)
ptolemy.util.test.WatchDog.cancel(): canceling Sat Feb 29 07:06:02 UTC 2020
------------------ testing $PTII/ptolemy/domains/de/test/auto/PortParameterUpdates.xml
auto.tcl: Setting watchdog for 200 seconds at Sat Feb 29 07:06:02 UTC 2020
3 ms. Memory: 51200K Free: 30022K (59%)
ptolemy.util.test.WatchDog.cancel(): canceling Sat Feb 29 07:06:02 UTC 2020
auto.tcl: Setting watchdog for 200 seconds at Sat Feb 29 07:06:02 UTC 2020
3 ms. Memory: 51200K Free: 29011K (57%)
ptolemy.util.test.WatchDog.cancel(): canceling Sat Feb 29 07:06:02 UTC 2020
------------------ testing $PTII/ptolemy/domains/de/test/auto/QueueAndServer.xml
auto.tcl: Setting watchdog for 200 seconds at Sat Feb 29 07:06:02 UTC 2020
5 ms. Memory: 51200K Free: 28901K (56%)
ptolemy.util.test.WatchDog.cancel(): canceling Sat Feb 29 07:06:02 UTC 2020
auto.tcl: Setting watchdog for 200 seconds at Sat Feb 29 07:06:02 UTC 2020
6 ms. Memory: 51200K Free: 27480K (54%)
ptolemy.util.test.WatchDog.cancel(): canceling Sat Feb 29 07:06:02 UTC 2020
------------------ testing $PTII/ptolemy/domains/de/test/auto/Records.xml
auto.tcl: Setting watchdog for 200 seconds at Sat Feb 29 07:06:02 UTC 2020
3 ms. Memory: 51200K Free: 31464K (61%)
ptolemy.util.test.WatchDog.cancel(): canceling Sat Feb 29 07:06:02 UTC 2020
auto.tcl: Setting watchdog for 200 seconds at Sat Feb 29 07:06:02 UTC 2020
2 ms. Memory: 51200K Free: 30976K (61%)
ptolemy.util.test.WatchDog.cancel(): canceling Sat Feb 29 07:06:02 UTC 2020
------------------ testing $PTII/ptolemy/domains/de/test/auto/ResetTransitionWithStartTime1.xml
auto.tcl: Setting watchdog for 200 seconds at Sat Feb 29 07:06:02 UTC 2020
11 ms. Memory: 51200K Free: 28421K (56%)
ptolemy.util.test.WatchDog.cancel(): canceling Sat Feb 29 07:06:02 UTC 2020
auto.tcl: Setting watchdog for 200 seconds at Sat Feb 29 07:06:02 UTC 2020
6 ms. Memory: 51200K Free: 25856K (51%)
ptolemy.util.test.WatchDog.cancel(): canceling Sat Feb 29 07:06:02 UTC 2020
------------------ testing $PTII/ptolemy/domains/de/test/auto/ResetTransitionWithStartTime2.xml
auto.tcl: Setting watchdog for 200 seconds at Sat Feb 29 07:06:02 UTC 2020
6 ms. Memory: 51200K Free: 28460K (56%)
ptolemy.util.test.WatchDog.cancel(): canceling Sat Feb 29 07:06:02 UTC 2020
auto.tcl: Setting watchdog for 200 seconds at Sat Feb 29 07:06:02 UTC 2020
6 ms. Memory: 51200K Free: 26342K (51%)
ptolemy.util.test.WatchDog.cancel(): canceling Sat Feb 29 07:06:02 UTC 2020
------------------ testing $PTII/ptolemy/domains/de/test/auto/ResetTransitionWithStartTime3.xml
auto.tcl: Setting watchdog for 200 seconds at Sat Feb 29 07:06:02 UTC 2020
9 ms. Memory: 51200K Free: 28467K (56%)
ptolemy.util.test.WatchDog.cancel(): canceling Sat Feb 29 07:06:02 UTC 2020
auto.tcl: Setting watchdog for 200 seconds at Sat Feb 29 07:06:02 UTC 2020
7 ms. Memory: 51200K Free: 26341K (51%)
ptolemy.util.test.WatchDog.cancel(): canceling Sat Feb 29 07:06:02 UTC 2020
------------------ testing $PTII/ptolemy/domains/de/test/auto/ResetTransitionWithStartTime4.xml
auto.tcl: Setting watchdog for 200 seconds at Sat Feb 29 07:06:02 UTC 2020
8 ms. Memory: 51200K Free: 28820K (56%)
ptolemy.util.test.WatchDog.cancel(): canceling Sat Feb 29 07:06:02 UTC 2020
auto.tcl: Setting watchdog for 200 seconds at Sat Feb 29 07:06:02 UTC 2020
3 ms. Memory: 51200K Free: 27386K (53%)
ptolemy.util.test.WatchDog.cancel(): canceling Sat Feb 29 07:06:02 UTC 2020
------------------ testing $PTII/ptolemy/domains/de/test/auto/ResettableTimer1.xml
auto.tcl: Setting watchdog for 200 seconds at Sat Feb 29 07:06:02 UTC 2020
3 ms. Memory: 51200K Free: 32590K (64%)
ptolemy.util.test.WatchDog.cancel(): canceling Sat Feb 29 07:06:02 UTC 2020
auto.tcl: Setting watchdog for 200 seconds at Sat Feb 29 07:06:02 UTC 2020
2 ms. Memory: 51200K Free: 31935K (62%)
ptolemy.util.test.WatchDog.cancel(): canceling Sat Feb 29 07:06:02 UTC 2020
------------------ testing $PTII/ptolemy/domains/de/test/auto/ResettableTimer2.xml
auto.tcl: Setting watchdog for 200 seconds at Sat Feb 29 07:06:02 UTC 2020
2 ms. Memory: 51200K Free: 32632K (64%)
ptolemy.util.test.WatchDog.cancel(): canceling Sat Feb 29 07:06:02 UTC 2020
auto.tcl: Setting watchdog for 200 seconds at Sat Feb 29 07:06:02 UTC 2020
2 ms. Memory: 51200K Free: 31536K (62%)
ptolemy.util.test.WatchDog.cancel(): canceling Sat Feb 29 07:06:02 UTC 2020
------------------ testing $PTII/ptolemy/domains/de/test/auto/ResettableTimer3.xml
auto.tcl: Setting watchdog for 200 seconds at Sat Feb 29 07:06:02 UTC 2020
1 ms. Memory: 51200K Free: 32519K (64%)
ptolemy.util.test.WatchDog.cancel(): canceling Sat Feb 29 07:06:02 UTC 2020
auto.tcl: Setting watchdog for 200 seconds at Sat Feb 29 07:06:02 UTC 2020
1 ms. Memory: 51200K Free: 32519K (64%)
ptolemy.util.test.WatchDog.cancel(): canceling Sat Feb 29 07:06:02 UTC 2020
------------------ testing $PTII/ptolemy/domains/de/test/auto/ResettableTimer4.xml
auto.tcl: Setting watchdog for 200 seconds at Sat Feb 29 07:06:03 UTC 2020
1 ms. Memory: 51200K Free: 32521K (64%)
ptolemy.util.test.WatchDog.cancel(): canceling Sat Feb 29 07:06:03 UTC 2020
auto.tcl: Setting watchdog for 200 seconds at Sat Feb 29 07:06:03 UTC 2020
1 ms. Memory: 51200K Free: 32034K (63%)
ptolemy.util.test.WatchDog.cancel(): canceling Sat Feb 29 07:06:03 UTC 2020
------------------ testing $PTII/ptolemy/domains/de/test/auto/ResettableTimer5.xml
auto.tcl: Setting watchdog for 200 seconds at Sat Feb 29 07:06:03 UTC 2020
2 ms. Memory: 51200K Free: 32522K (64%)
ptolemy.util.test.WatchDog.cancel(): canceling Sat Feb 29 07:06:03 UTC 2020
auto.tcl: Setting watchdog for 200 seconds at Sat Feb 29 07:06:03 UTC 2020
1 ms. Memory: 51200K Free: 32032K (63%)
ptolemy.util.test.WatchDog.cancel(): canceling Sat Feb 29 07:06:03 UTC 2020
------------------ testing $PTII/ptolemy/domains/de/test/auto/ResettableTimer6.xml
auto.tcl: Setting watchdog for 200 seconds at Sat Feb 29 07:06:03 UTC 2020
1 ms. Memory: 51200K Free: 31996K (62%)
ptolemy.util.test.WatchDog.cancel(): canceling Sat Feb 29 07:06:03 UTC 2020
auto.tcl: Setting watchdog for 200 seconds at Sat Feb 29 07:06:03 UTC 2020
2 ms. Memory: 51200K Free: 31510K (62%)
ptolemy.util.test.WatchDog.cancel(): canceling Sat Feb 29 07:06:03 UTC 2020
------------------ testing $PTII/ptolemy/domains/de/test/auto/ServerZeroDelay.xml
auto.tcl: Setting watchdog for 200 seconds at Sat Feb 29 07:06:03 UTC 2020
2 ms. Memory: 51200K Free: 32501K (63%)
ptolemy.util.test.WatchDog.cancel(): canceling Sat Feb 29 07:06:03 UTC 2020
auto.tcl: Setting watchdog for 200 seconds at Sat Feb 29 07:06:03 UTC 2020
1 ms. Memory: 51200K Free: 31490K (62%)
ptolemy.util.test.WatchDog.cancel(): canceling Sat Feb 29 07:06:03 UTC 2020
------------------ testing $PTII/ptolemy/domains/de/test/auto/SmartSender.xml
auto.tcl: Setting watchdog for 200 seconds at Sat Feb 29 07:06:03 UTC 2020
3001 ms. Memory: 51200K Free: 32496K (63%)
ptolemy.util.test.WatchDog.cancel(): canceling Sat Feb 29 07:06:06 UTC 2020
auto.tcl: Setting watchdog for 200 seconds at Sat Feb 29 07:06:06 UTC 2020
3001 ms. Memory: 51200K Free: 31987K (62%)
ptolemy.util.test.WatchDog.cancel(): canceling Sat Feb 29 07:06:09 UTC 2020
------------------ testing $PTII/ptolemy/domains/de/test/auto/ThreadedComposite.xml
auto.tcl: Setting watchdog for 200 seconds at Sat Feb 29 07:06:09 UTC 2020
236 ms. Memory: 51200K Free: 13564K (26%)
ptolemy.util.test.WatchDog.cancel(): canceling Sat Feb 29 07:06:09 UTC 2020
auto.tcl: Setting watchdog for 200 seconds at Sat Feb 29 07:06:09 UTC 2020
196 ms. Memory: 51200K Free: 28686K (56%)
ptolemy.util.test.WatchDog.cancel(): canceling Sat Feb 29 07:06:09 UTC 2020
------------------ testing $PTII/ptolemy/domains/de/test/auto/Time.xml
auto.tcl: Setting watchdog for 200 seconds at Sat Feb 29 07:06:09 UTC 2020
603 ms. Memory: 72704K Free: 27459K (38%)
ptolemy.util.test.WatchDog.cancel(): canceling Sat Feb 29 07:06:10 UTC 2020
auto.tcl: Setting watchdog for 200 seconds at Sat Feb 29 07:06:10 UTC 2020
563 ms. Memory: 72704K Free: 51550K (71%)
ptolemy.util.test.WatchDog.cancel(): canceling Sat Feb 29 07:06:11 UTC 2020
------------------ testing $PTII/ptolemy/domains/de/test/auto/TimeDelayZeroDelay.xml
auto.tcl: Setting watchdog for 200 seconds at Sat Feb 29 07:06:11 UTC 2020
2 ms. Memory: 51200K Free: 32905K (64%)
ptolemy.util.test.WatchDog.cancel(): canceling Sat Feb 29 07:06:11 UTC 2020
auto.tcl: Setting watchdog for 200 seconds at Sat Feb 29 07:06:11 UTC 2020
2 ms. Memory: 51200K Free: 32048K (63%)
ptolemy.util.test.WatchDog.cancel(): canceling Sat Feb 29 07:06:11 UTC 2020
------------------ testing $PTII/ptolemy/domains/de/test/auto/TimerZeroDelay.xml
auto.tcl: Setting watchdog for 200 seconds at Sat Feb 29 07:06:11 UTC 2020
3 ms. Memory: 51200K Free: 32857K (64%)
ptolemy.util.test.WatchDog.cancel(): canceling Sat Feb 29 07:06:11 UTC 2020
auto.tcl: Setting watchdog for 200 seconds at Sat Feb 29 07:06:11 UTC 2020
2 ms. Memory: 51200K Free: 32076K (63%)
ptolemy.util.test.WatchDog.cancel(): canceling Sat Feb 29 07:06:11 UTC 2020
------------------ testing $PTII/ptolemy/domains/de/test/auto/TimingParadox.xml
auto.tcl: Setting watchdog for 200 seconds at Sat Feb 29 07:06:11 UTC 2020
331 ms. Memory: 51200K Free: 17085K (33%)
ptolemy.util.test.WatchDog.cancel(): canceling Sat Feb 29 07:06:11 UTC 2020
auto.tcl: Setting watchdog for 200 seconds at Sat Feb 29 07:06:11 UTC 2020
338 ms. Memory: 51200K Free: 31350K (61%)
ptolemy.util.test.WatchDog.cancel(): canceling Sat Feb 29 07:06:11 UTC 2020
------------------ testing $PTII/ptolemy/domains/de/test/auto/TransferInputs.xml
auto.tcl: Setting watchdog for 200 seconds at Sat Feb 29 07:06:12 UTC 2020
1 ms. Memory: 51200K Free: 30936K (60%)
ptolemy.util.test.WatchDog.cancel(): canceling Sat Feb 29 07:06:12 UTC 2020
auto.tcl: Setting watchdog for 200 seconds at Sat Feb 29 07:06:12 UTC 2020
1 ms. Memory: 51200K Free: 30075K (59%)
ptolemy.util.test.WatchDog.cancel(): canceling Sat Feb 29 07:06:12 UTC 2020
------------------ testing $PTII/ptolemy/domains/de/test/auto/TransferOutputs2.xml
auto.tcl: Setting watchdog for 200 seconds at Sat Feb 29 07:06:12 UTC 2020
3 ms. Memory: 51200K Free: 28378K (55%)
ptolemy.util.test.WatchDog.cancel(): canceling Sat Feb 29 07:06:12 UTC 2020
auto.tcl: Setting watchdog for 200 seconds at Sat Feb 29 07:06:12 UTC 2020
2 ms. Memory: 51200K Free: 26976K (53%)
ptolemy.util.test.WatchDog.cancel(): canceling Sat Feb 29 07:06:12 UTC 2020
------------------ testing $PTII/ptolemy/domains/de/test/auto/Trilateration.xml
auto.tcl: Setting watchdog for 200 seconds at Sat Feb 29 07:06:12 UTC 2020
13504 ms. Memory: 488448K Free: 369792K (76%)
ptolemy.util.test.WatchDog.cancel(): canceling Sat Feb 29 07:06:26 UTC 2020
auto.tcl: Setting watchdog for 200 seconds at Sat Feb 29 07:06:26 UTC 2020
9699 ms. Memory: 488448K Free: 346907K (71%)
ptolemy.util.test.WatchDog.cancel(): canceling Sat Feb 29 07:06:36 UTC 2020
------------------ testing $PTII/ptolemy/domains/de/test/auto/TwoSigmaDelta.xml
auto.tcl: Setting watchdog for 200 seconds at Sat Feb 29 07:06:36 UTC 2020
2367 ms. Memory: 89088K Free: 29612K (33%)
ptolemy.util.test.WatchDog.cancel(): canceling Sat Feb 29 07:06:39 UTC 2020
auto.tcl: Setting watchdog for 200 seconds at Sat Feb 29 07:06:39 UTC 2020
1766 ms. Memory: 89088K Free: 24978K (28%)
ptolemy.util.test.WatchDog.cancel(): canceling Sat Feb 29 07:06:40 UTC 2020
------------------ testing $PTII/ptolemy/domains/de/test/auto/VariableDelay.xml
auto.tcl: Setting watchdog for 200 seconds at Sat Feb 29 07:06:40 UTC 2020
3 ms. Memory: 55296K Free: 35519K (64%)
ptolemy.util.test.WatchDog.cancel(): canceling Sat Feb 29 07:06:40 UTC 2020
auto.tcl: Setting watchdog for 200 seconds at Sat Feb 29 07:06:40 UTC 2020
2 ms. Memory: 55296K Free: 34509K (62%)
ptolemy.util.test.WatchDog.cancel(): canceling Sat Feb 29 07:06:40 UTC 2020
------------------ testing $PTII/ptolemy/domains/de/test/auto/VariableDelay2.xml
auto.tcl: Setting watchdog for 200 seconds at Sat Feb 29 07:06:40 UTC 2020
5 ms. Memory: 55296K Free: 36103K (65%)
ptolemy.util.test.WatchDog.cancel(): canceling Sat Feb 29 07:06:40 UTC 2020
auto.tcl: Setting watchdog for 200 seconds at Sat Feb 29 07:06:40 UTC 2020
2 ms. Memory: 55296K Free: 35559K (64%)
ptolemy.util.test.WatchDog.cancel(): canceling Sat Feb 29 07:06:40 UTC 2020
------------------ testing $PTII/ptolemy/domains/de/test/auto/VariableDelayZeroDelay.xml
auto.tcl: Setting watchdog for 200 seconds at Sat Feb 29 07:06:40 UTC 2020
2 ms. Memory: 55296K Free: 36457K (66%)
ptolemy.util.test.WatchDog.cancel(): canceling Sat Feb 29 07:06:40 UTC 2020
auto.tcl: Setting watchdog for 200 seconds at Sat Feb 29 07:06:40 UTC 2020
2 ms. Memory: 55296K Free: 35930K (65%)
ptolemy.util.test.WatchDog.cancel(): canceling Sat Feb 29 07:06:40 UTC 2020
------------------ testing $PTII/ptolemy/domains/de/test/auto/VariableDelayZeroDelay2.xml
auto.tcl: Setting watchdog for 200 seconds at Sat Feb 29 07:06:40 UTC 2020
2 ms. Memory: 55296K Free: 36443K (66%)
ptolemy.util.test.WatchDog.cancel(): canceling Sat Feb 29 07:06:41 UTC 2020
auto.tcl: Setting watchdog for 200 seconds at Sat Feb 29 07:06:41 UTC 2020
2 ms. Memory: 55296K Free: 35419K (64%)
ptolemy.util.test.WatchDog.cancel(): canceling Sat Feb 29 07:06:41 UTC 2020
------------------ testing $PTII/ptolemy/domains/de/test/auto/deInCt.xml
auto.tcl: Setting watchdog for 200 seconds at Sat Feb 29 07:06:41 UTC 2020
0
1
1
0
0
0
1
1
1
0
0
0
1
1
1
1
0
0
0
0
1
1
1
0
0
0
1
1
1
0
0
0
0
0
1
1
1
1
1
10 ms. Memory: 51200K Free: 31320K (61%)
ptolemy.util.test.WatchDog.cancel(): canceling Sat Feb 29 07:06:41 UTC 2020
auto.tcl: Setting watchdog for 200 seconds at Sat Feb 29 07:06:41 UTC 2020
0
1
1
1
1
0
0
0
0
1
1
1
0
0
0
1
1
1
0
0
0
1
1
1
1
0
0
0
0
1
1
1
1
5 ms. Memory: 51200K Free: 29782K (58%)
ptolemy.util.test.WatchDog.cancel(): canceling Sat Feb 29 07:06:41 UTC 2020
------------------ testing $PTII/ptolemy/domains/de/test/auto/deInCt2.xml
auto.tcl: Setting watchdog for 200 seconds at Sat Feb 29 07:06:41 UTC 2020
0
1
1
1
0
0
1
1
1
0
0
1
1
1
0
0
1
1
1
0
0
1
1
1
0
0
1
1
1
0
0
1
1
1
0
0
1
1
1
0
0
0
11 ms. Memory: 51200K Free: 31343K (61%)
ptolemy.util.test.WatchDog.cancel(): canceling Sat Feb 29 07:06:41 UTC 2020
auto.tcl: Setting watchdog for 200 seconds at Sat Feb 29 07:06:41 UTC 2020
0
1
1
1
0
0
1
1
1
0
0
1
1
1
0
0
1
1
1
0
0
1
1
1
0
0
1
1
1
0
0
1
1
1
0
0
1
1
1
0
0
0
10 ms. Memory: 51200K Free: 29785K (58%)
ptolemy.util.test.WatchDog.cancel(): canceling Sat Feb 29 07:06:41 UTC 2020
------------------ testing $PTII/ptolemy/domains/de/test/auto/dynamicCausalityInterface1.xml
auto.tcl: Setting watchdog for 200 seconds at Sat Feb 29 07:06:41 UTC 2020
1 ms. Memory: 51200K Free: 26609K (52%)
ptolemy.util.test.WatchDog.cancel(): canceling Sat Feb 29 07:06:41 UTC 2020
auto.tcl: Setting watchdog for 200 seconds at Sat Feb 29 07:06:41 UTC 2020
0 ms. Memory: 51200K Free: 26197K (51%)
ptolemy.util.test.WatchDog.cancel(): canceling Sat Feb 29 07:06:41 UTC 2020
------------------ testing $PTII/ptolemy/domains/de/test/auto/fsm_de_test.xml
auto.tcl: Setting watchdog for 200 seconds at Sat Feb 29 07:06:41 UTC 2020
7 ms. Memory: 51200K Free: 27120K (53%)
ptolemy.util.test.WatchDog.cancel(): canceling Sat Feb 29 07:06:41 UTC 2020
auto.tcl: Setting watchdog for 200 seconds at Sat Feb 29 07:06:41 UTC 2020
9 ms. Memory: 51200K Free: 25072K (49%)
ptolemy.util.test.WatchDog.cancel(): canceling Sat Feb 29 07:06:41 UTC 2020
------------------ testing $PTII/ptolemy/domains/de/test/auto/functionDependencyReconstruction.xml
auto.tcl: Setting watchdog for 200 seconds at Sat Feb 29 07:06:41 UTC 2020
4 ms. Memory: 51200K Free: 20965K (41%)
ptolemy.util.test.WatchDog.cancel(): canceling Sat Feb 29 07:06:41 UTC 2020
auto.tcl: Setting watchdog for 200 seconds at Sat Feb 29 07:06:41 UTC 2020
3 ms. Memory: 51200K Free: 18917K (37%)
ptolemy.util.test.WatchDog.cancel(): canceling Sat Feb 29 07:06:41 UTC 2020
------------------ testing $PTII/ptolemy/domains/de/test/auto/multirate.xml
auto.tcl: Setting watchdog for 200 seconds at Sat Feb 29 07:06:41 UTC 2020
9 ms. Memory: 51200K Free: 29761K (58%)
ptolemy.util.test.WatchDog.cancel(): canceling Sat Feb 29 07:06:41 UTC 2020
auto.tcl: Setting watchdog for 200 seconds at Sat Feb 29 07:06:41 UTC 2020
3 ms. Memory: 51200K Free: 28031K (55%)
ptolemy.util.test.WatchDog.cancel(): canceling Sat Feb 29 07:06:41 UTC 2020
------------------ testing $PTII/ptolemy/domains/de/test/auto/multirate2.xml
auto.tcl: Setting watchdog for 200 seconds at Sat Feb 29 07:06:41 UTC 2020
3 ms. Memory: 51200K Free: 29716K (58%)
ptolemy.util.test.WatchDog.cancel(): canceling Sat Feb 29 07:06:41 UTC 2020
auto.tcl: Setting watchdog for 200 seconds at Sat Feb 29 07:06:41 UTC 2020
3 ms. Memory: 51200K Free: 28196K (55%)
ptolemy.util.test.WatchDog.cancel(): canceling Sat Feb 29 07:06:41 UTC 2020
------------------ testing $PTII/ptolemy/domains/de/test/auto/realtime.xml
auto.tcl: Setting watchdog for 200 seconds at Sat Feb 29 07:06:41 UTC 2020
10001 ms. Memory: 51200K Free: 31885K (62%)
ptolemy.util.test.WatchDog.cancel(): canceling Sat Feb 29 07:06:51 UTC 2020
auto.tcl: Setting watchdog for 200 seconds at Sat Feb 29 07:06:51 UTC 2020
10001 ms. Memory: 51200K Free: 31267K (61%)
ptolemy.util.test.WatchDog.cancel(): canceling Sat Feb 29 07:07:01 UTC 2020
------------------ testing $PTII/ptolemy/domains/de/test/auto/relationGroup.xml
auto.tcl: Setting watchdog for 200 seconds at Sat Feb 29 07:07:01 UTC 2020
2 ms. Memory: 51200K Free: 33082K (65%)
ptolemy.util.test.WatchDog.cancel(): canceling Sat Feb 29 07:07:01 UTC 2020
auto.tcl: Setting watchdog for 200 seconds at Sat Feb 29 07:07:01 UTC 2020
1 ms. Memory: 51200K Free: 32579K (64%)
ptolemy.util.test.WatchDog.cancel(): canceling Sat Feb 29 07:07:01 UTC 2020
------------------ testing $PTII/ptolemy/domains/de/test/auto/relationGroup2.xml
auto.tcl: Setting watchdog for 200 seconds at Sat Feb 29 07:07:01 UTC 2020
1 ms. Memory: 51200K Free: 33108K (65%)
ptolemy.util.test.WatchDog.cancel(): canceling Sat Feb 29 07:07:01 UTC 2020
auto.tcl: Setting watchdog for 200 seconds at Sat Feb 29 07:07:01 UTC 2020
1 ms. Memory: 51200K Free: 32373K (63%)
ptolemy.util.test.WatchDog.cancel(): canceling Sat Feb 29 07:07:01 UTC 2020
------------------ testing $PTII/ptolemy/domains/de/test/auto/sortWithOpaquePorts.xml
auto.tcl: Setting watchdog for 200 seconds at Sat Feb 29 07:07:01 UTC 2020
2 ms. Memory: 51200K Free: 31846K (62%)
ptolemy.util.test.WatchDog.cancel(): canceling Sat Feb 29 07:07:01 UTC 2020
auto.tcl: Setting watchdog for 200 seconds at Sat Feb 29 07:07:01 UTC 2020
3 ms. Memory: 51200K Free: 30844K (60%)
ptolemy.util.test.WatchDog.cancel(): canceling Sat Feb 29 07:07:01 UTC 2020
------------------ testing $PTII/ptolemy/domains/de/test/auto/transferInputsandOutputs.xml
auto.tcl: Setting watchdog for 200 seconds at Sat Feb 29 07:07:01 UTC 2020
2 ms. Memory: 51200K Free: 29289K (57%)
ptolemy.util.test.WatchDog.cancel(): canceling Sat Feb 29 07:07:01 UTC 2020
auto.tcl: Setting watchdog for 200 seconds at Sat Feb 29 07:07:01 UTC 2020
5 ms. Memory: 51200K Free: 28265K (55%)
ptolemy.util.test.WatchDog.cancel(): canceling Sat Feb 29 07:07:01 UTC 2020
------------------ testing $PTII/ptolemy/domains/de/test/auto/triggerType.xml
auto.tcl: Setting watchdog for 200 seconds at Sat Feb 29 07:07:01 UTC 2020
1 ms. Memory: 51200K Free: 32314K (63%)
ptolemy.util.test.WatchDog.cancel(): canceling Sat Feb 29 07:07:01 UTC 2020
auto.tcl: Setting watchdog for 200 seconds at Sat Feb 29 07:07:01 UTC 2020
2 ms. Memory: 51200K Free: 31290K (61%)
ptolemy.util.test.WatchDog.cancel(): canceling Sat Feb 29 07:07:01 UTC 2020
02/29/20 07:07:01
Failed: 0  Total Tests: 192  ((Passed: 187, Newly Passed: 1)  Known Failed: 5) /home/travis/build/icyphy/ptII/ptolemy/domains/de/test
02/29/20 07:07:01
Failed: 0  Total Tests: 192  ((Passed: 187, Newly Passed: 1)  Known Failed: 5) /home/travis/build/icyphy/ptII/ptolemy/domains/de/test
----------------- testing (KnownFailure) /home/travis/build/icyphy/ptII/ptolemy/domains/de/test/auto/knownFailedTests/DESDFClockTest.xml
2015 ms. Memory: 51200K Free: 25199K (49%)
Known Failure: java.lang.reflect.InvocationTargetException
----------------- testing (KnownFailure) /home/travis/build/icyphy/ptII/ptolemy/domains/de/test/auto/knownFailedTests/DirectFeedback.xml
2 ms. Memory: 51200K Free: 21613K (42%)
Known Failure: java.lang.reflect.InvocationTargetException
----------------- testing (KnownFailure) /home/travis/build/icyphy/ptII/ptolemy/domains/de/test/auto/knownFailedTests/FSMSource.xml
13 ms. Memory: 51200K Free: 13935K (27%)
----------------- testing (KnownFailure) /home/travis/build/icyphy/ptII/ptolemy/domains/de/test/auto/knownFailedTests/HierarchicalModel.xml
3 ms. Memory: 51200K Free: 26088K (51%)
Known Failure: java.lang.reflect.InvocationTargetException
----------------- testing (KnownFailure) /home/travis/build/icyphy/ptII/ptolemy/domains/de/test/auto/knownFailedTests/dependencyLoop.xml
2 ms. Memory: 51200K Free: 10483K (20%)
Known Failure: java.lang.reflect.InvocationTargetException
----------------- testing (KnownFailure) /home/travis/build/icyphy/ptII/ptolemy/domains/de/test/auto/knownFailedTests/dependencyLoop2.xml
7 ms. Memory: 51200K Free: 23360K (46%)
Known Failure: java.lang.reflect.InvocationTargetException
No auto/linux-amd64/*.xml tests in /home/travis/build/icyphy/ptII/ptolemy/domains/de/test
AutoTests.java: About to close Vertx.
AutoTests.java: Vertx closed.

===========================================================================================
----------------- testing Sat Feb 29 07:07:04 UTC 2020 /home/travis/build/icyphy/ptII/ptolemy/domains/de/test/auto/ActorDepthCalculation_actorWithoutPorts.xml
----------------- Instantiating /home/travis/build/icyphy/ptII/ptolemy/domains/de/test/auto/ActorDepthCalculation_actorWithoutPorts.xml
2 ms. Memory: 51200K Free: 16615K (32%)
----------------- Invoking toplevel() on ptolemy.moml.MoMLSimpleApplication@68a5bf67
----------------- Done invoking toplevel() on ptolemy.moml.MoMLSimpleApplication@68a5bf67
reloadAllAccessors: .ActorDepthCalculation_actorWithoutPorts

===========================================================================================
----------------- testing Sat Feb 29 07:07:04 UTC 2020 /home/travis/build/icyphy/ptII/ptolemy/domains/de/test/auto/AssemblyLine.xml
----------------- Instantiating /home/travis/build/icyphy/ptII/ptolemy/domains/de/test/auto/AssemblyLine.xml
3 ms. Memory: 51200K Free: 9316K (18%)
----------------- Invoking toplevel() on ptolemy.moml.MoMLSimpleApplication@11eed34e
----------------- Done invoking toplevel() on ptolemy.moml.MoMLSimpleApplication@11eed34e
reloadAllAccessors: .AssemblyLine

===========================================================================================
----------------- testing Sat Feb 29 07:07:04 UTC 2020 /home/travis/build/icyphy/ptII/ptolemy/domains/de/test/auto/CQBug1.xml
----------------- Instantiating /home/travis/build/icyphy/ptII/ptolemy/domains/de/test/auto/CQBug1.xml
1 ms. Memory: 51200K Free: 34250K (67%)
----------------- Invoking toplevel() on ptolemy.moml.MoMLSimpleApplication@36dcc539
----------------- Done invoking toplevel() on ptolemy.moml.MoMLSimpleApplication@36dcc539
reloadAllAccessors: .CQBug1

===========================================================================================
----------------- testing Sat Feb 29 07:07:04 UTC 2020 /home/travis/build/icyphy/ptII/ptolemy/domains/de/test/auto/CancelFireAt.xml
----------------- Instantiating /home/travis/build/icyphy/ptII/ptolemy/domains/de/test/auto/CancelFireAt.xml
1 ms. Memory: 51200K Free: 31789K (62%)
----------------- Invoking toplevel() on ptolemy.moml.MoMLSimpleApplication@59a1aa52
----------------- Done invoking toplevel() on ptolemy.moml.MoMLSimpleApplication@59a1aa52
reloadAllAccessors: .CancelFireAt

===========================================================================================
----------------- testing Sat Feb 29 07:07:04 UTC 2020 /home/travis/build/icyphy/ptII/ptolemy/domains/de/test/auto/CausalityAndComposabilityAnalysis.xml
----------------- Instantiating /home/travis/build/icyphy/ptII/ptolemy/domains/de/test/auto/CausalityAndComposabilityAnalysis.xml
8 ms. Memory: 51200K Free: 27382K (53%)
----------------- Invoking toplevel() on ptolemy.moml.MoMLSimpleApplication@7897509b
----------------- Done invoking toplevel() on ptolemy.moml.MoMLSimpleApplication@7897509b
reloadAllAccessors: .CausalityAndComposabilityAnalysis

===========================================================================================
----------------- testing Sat Feb 29 07:07:04 UTC 2020 /home/travis/build/icyphy/ptII/ptolemy/domains/de/test/auto/CausalityInterface1.xml
----------------- Instantiating /home/travis/build/icyphy/ptII/ptolemy/domains/de/test/auto/CausalityInterface1.xml
3 ms. Memory: 51200K Free: 22281K (44%)
----------------- Invoking toplevel() on ptolemy.moml.MoMLSimpleApplication@2842a0d1
----------------- Done invoking toplevel() on ptolemy.moml.MoMLSimpleApplication@2842a0d1
reloadAllAccessors: .CausalityInterface1

===========================================================================================
----------------- testing Sat Feb 29 07:07:04 UTC 2020 /home/travis/build/icyphy/ptII/ptolemy/domains/de/test/auto/CausalityInterface15.xml
----------------- Instantiating /home/travis/build/icyphy/ptII/ptolemy/domains/de/test/auto/CausalityInterface15.xml
2 ms. Memory: 51200K Free: 16868K (33%)
----------------- Invoking toplevel() on ptolemy.moml.MoMLSimpleApplication@743bc6e6
----------------- Done invoking toplevel() on ptolemy.moml.MoMLSimpleApplication@743bc6e6
reloadAllAccessors: .CausalityInterface15

===========================================================================================
----------------- testing Sat Feb 29 07:07:04 UTC 2020 /home/travis/build/icyphy/ptII/ptolemy/domains/de/test/auto/CausalityInterface2.xml
----------------- Instantiating /home/travis/build/icyphy/ptII/ptolemy/domains/de/test/auto/CausalityInterface2.xml
1 ms. Memory: 51200K Free: 12293K (24%)
[...]
	at ptolemy.actor.Manager.run(Manager.java:1263)
	at ptolemy.actor.Manager$PtolemyRunThread.run(Manager.java:1933)
java.lang.RuntimeException: Execution failed
	at ptolemy.moml.MoMLSimpleApplication$UnloadThread.run(MoMLSimpleApplication.java:402)
Caused by: ptolemy.kernel.util.IllegalActionException: Actor is not ready to fire.  Perhaps UpSample.prefire() returned false? Try debugging the actor by selecting "Listen to Actor".  Also, for SDF check moml for tokenConsumptionRate on input.
  in .DESDFClockTest.Play Bell.Copy1:SDF Director and .DESDFClockTest.Play Bell.UpSample
	at ptolemy.actor.sched.StaticSchedulingDirector.fire(StaticSchedulingDirector.java:227)
	at ptolemy.domains.sdf.kernel.SDFDirector.fire(SDFDirector.java:500)
	at ptolemy.actor.CompositeActor.fire(CompositeActor.java:455)
	at ptolemy.domains.de.kernel.DEDirector._fire(DEDirector.java:1949)
	at ptolemy.domains.de.kernel.DEDirector.fire(DEDirector.java:502)
	at ptolemy.actor.CompositeActor.fire(CompositeActor.java:455)
	at ptolemy.actor.Manager.iterate(Manager.java:851)
	at ptolemy.actor.Manager.execute(Manager.java:369)
	at ptolemy.actor.Manager.run(Manager.java:1263)
	at ptolemy.actor.Manager$PtolemyRunThread.run(Manager.java:1933)
java.lang.reflect.InvocationTargetException
	at java.base/jdk.internal.reflect.NativeConstructorAccessorImpl.newInstance0(Native Method)
	at java.base/jdk.internal.reflect.NativeConstructorAccessorImpl.newInstance(NativeConstructorAccessorImpl.java:62)
	at java.base/jdk.internal.reflect.DelegatingConstructorAccessorImpl.newInstance(DelegatingConstructorAccessorImpl.java:45)
	at java.base/java.lang.reflect.Constructor.newInstance(Constructor.java:490)
	at ptolemy.util.test.junit.AutoKnownFailedTests.RunModel(AutoKnownFailedTests.java:105)
	at java.base/jdk.internal.reflect.NativeMethodAccessorImpl.invoke0(Native Method)
	at java.base/jdk.internal.reflect.NativeMethodAccessorImpl.invoke(NativeMethodAccessorImpl.java:62)
	at java.base/jdk.internal.reflect.DelegatingMethodAccessorImpl.invoke(DelegatingMethodAccessorImpl.java:43)
	at java.base/java.lang.reflect.Method.invoke(Method.java:566)
	at org.junit.runners.model.FrameworkMethod$1.runReflectiveCall(FrameworkMethod.java:44)
	at org.junit.internal.runners.model.ReflectiveCallable.run(ReflectiveCallable.java:15)
	at org.junit.runners.model.FrameworkMethod.invokeExplosively(FrameworkMethod.java:41)
	at junitparams.internal.InvokeParameterisedMethod.evaluate(InvokeParameterisedMethod.java:102)
	at org.junit.internal.runners.statements.FailOnTimeout$1.run(FailOnTimeout.java:28)
Caused by: ptolemy.kernel.util.IllegalActionException: Actor is not ready to fire.  Perhaps UpSample.prefire() returned false? Try debugging the actor by selecting "Listen to Actor".  Also, for SDF check moml for tokenConsumptionRate on input.
  in .DESDFClockTest.Play Bell.Copy1:SDF Director and .DESDFClockTest.Play Bell.UpSample
	at ptolemy.actor.sched.StaticSchedulingDirector.fire(StaticSchedulingDirector.java:227)
	at ptolemy.domains.sdf.kernel.SDFDirector.fire(SDFDirector.java:500)
	at ptolemy.actor.CompositeActor.fire(CompositeActor.java:455)
	at ptolemy.domains.de.kernel.DEDirector._fire(DEDirector.java:1949)
	at ptolemy.domains.de.kernel.DEDirector.fire(DEDirector.java:502)
	at ptolemy.actor.CompositeActor.fire(CompositeActor.java:455)
	at ptolemy.actor.Manager.iterate(Manager.java:851)
	at ptolemy.actor.Manager.execute(Manager.java:369)
	at ptolemy.actor.Manager.run(Manager.java:1263)
	at ptolemy.actor.Manager$PtolemyRunThread.run(Manager.java:1933)
java.lang.RuntimeException: Execution failed
	at ptolemy.moml.MoMLSimpleApplication$UnloadThread.run(MoMLSimpleApplication.java:402)
Caused by: ptolemy.kernel.util.IllegalActionException: Test fails in iteration 1.
Value was: 1.0. Should have been: 2.0
  in .DirectFeedback.Test
	at ptolemy.actor.lib.Test.fire(Test.java:268)
	at ptolemy.domains.de.kernel.DEDirector._fire(DEDirector.java:1949)
	at ptolemy.domains.de.kernel.DEDirector.fire(DEDirector.java:502)
	at ptolemy.actor.CompositeActor.fire(CompositeActor.java:455)
	at ptolemy.actor.Manager.iterate(Manager.java:851)
	at ptolemy.actor.Manager.execute(Manager.java:369)
	at ptolemy.actor.Manager.run(Manager.java:1263)
	at ptolemy.actor.Manager$PtolemyRunThread.run(Manager.java:1933)
java.lang.reflect.InvocationTargetException
	at java.base/jdk.internal.reflect.NativeConstructorAccessorImpl.newInstance0(Native Method)
	at java.base/jdk.internal.reflect.NativeConstructorAccessorImpl.newInstance(NativeConstructorAccessorImpl.java:62)
	at java.base/jdk.internal.reflect.DelegatingConstructorAccessorImpl.newInstance(DelegatingConstructorAccessorImpl.java:45)
	at java.base/java.lang.reflect.Constructor.newInstance(Constructor.java:490)
	at ptolemy.util.test.junit.AutoKnownFailedTests.RunModel(AutoKnownFailedTests.java:105)
	at java.base/jdk.internal.reflect.NativeMethodAccessorImpl.invoke0(Native Method)
	at java.base/jdk.internal.reflect.NativeMethodAccessorImpl.invoke(NativeMethodAccessorImpl.java:62)
	at java.base/jdk.internal.reflect.DelegatingMethodAccessorImpl.invoke(DelegatingMethodAccessorImpl.java:43)
	at java.base/java.lang.reflect.Method.invoke(Method.java:566)
	at org.junit.runners.model.FrameworkMethod$1.runReflectiveCall(FrameworkMethod.java:44)
	at org.junit.internal.runners.model.ReflectiveCallable.run(ReflectiveCallable.java:15)
	at org.junit.runners.model.FrameworkMethod.invokeExplosively(FrameworkMethod.java:41)
	at junitparams.internal.InvokeParameterisedMethod.evaluate(InvokeParameterisedMethod.java:102)
	at org.junit.internal.runners.statements.FailOnTimeout$1.run(FailOnTimeout.java:28)
Caused by: ptolemy.kernel.util.IllegalActionException: Test fails in iteration 1.
Value was: 1.0. Should have been: 2.0
  in .DirectFeedback.Test
	at ptolemy.actor.lib.Test.fire(Test.java:268)
	at ptolemy.domains.de.kernel.DEDirector._fire(DEDirector.java:1949)
	at ptolemy.domains.de.kernel.DEDirector.fire(DEDirector.java:502)
	at ptolemy.actor.CompositeActor.fire(CompositeActor.java:455)
	at ptolemy.actor.Manager.iterate(Manager.java:851)
	at ptolemy.actor.Manager.execute(Manager.java:369)
	at ptolemy.actor.Manager.run(Manager.java:1263)
	at ptolemy.actor.Manager$PtolemyRunThread.run(Manager.java:1933)
java.lang.RuntimeException: Execution failed
	at ptolemy.moml.MoMLSimpleApplication$UnloadThread.run(MoMLSimpleApplication.java:402)
Caused by: ptolemy.kernel.util.IllegalActionException: Found a zero delay loop containing .HierarchicalModel.A
  in .HierarchicalModel and .HierarchicalModel.A
	at ptolemy.actor.util.CausalityInterfaceForComposites._computeOutputPortDepth(CausalityInterfaceForComposites.java:759)
	at ptolemy.actor.util.CausalityInterfaceForComposites._computeInputDepth(CausalityInterfaceForComposites.java:696)
	at ptolemy.actor.util.CausalityInterfaceForComposites._computeOutputPortDepth(CausalityInterfaceForComposites.java:765)
	at ptolemy.actor.util.CausalityInterfaceForComposites._computeInputDepth(CausalityInterfaceForComposites.java:696)
	at ptolemy.actor.util.CausalityInterfaceForComposites._computeOutputPortDepth(CausalityInterfaceForComposites.java:765)
	at ptolemy.actor.util.CausalityInterfaceForComposites._computeInputDepth(CausalityInterfaceForComposites.java:696)
	at ptolemy.actor.util.CausalityInterfaceForComposites._computeActorDepth(CausalityInterfaceForComposites.java:532)
	at ptolemy.actor.util.CausalityInterfaceForComposites.checkForCycles(CausalityInterfaceForComposites.java:96)
	at ptolemy.domains.de.kernel.DEDirector.preinitialize(DEDirector.java:1338)
	at ptolemy.actor.CompositeActor.preinitialize(CompositeActor.java:1828)
	at ptolemy.actor.Manager.preinitializeAndResolveTypes(Manager.java:1040)
	at ptolemy.actor.Manager.initialize(Manager.java:710)
	at ptolemy.actor.Manager.execute(Manager.java:356)
	at ptolemy.actor.Manager.run(Manager.java:1263)
	at ptolemy.actor.Manager$PtolemyRunThread.run(Manager.java:1933)
java.lang.reflect.InvocationTargetException
	at java.base/jdk.internal.reflect.NativeConstructorAccessorImpl.newInstance0(Native Method)
	at java.base/jdk.internal.reflect.NativeConstructorAccessorImpl.newInstance(NativeConstructorAccessorImpl.java:62)
	at java.base/jdk.internal.reflect.DelegatingConstructorAccessorImpl.newInstance(DelegatingConstructorAccessorImpl.java:45)
	at java.base/java.lang.reflect.Constructor.newInstance(Constructor.java:490)
	at ptolemy.util.test.junit.AutoKnownFailedTests.RunModel(AutoKnownFailedTests.java:105)
	at java.base/jdk.internal.reflect.NativeMethodAccessorImpl.invoke0(Native Method)
	at java.base/jdk.internal.reflect.NativeMethodAccessorImpl.invoke(NativeMethodAccessorImpl.java:62)
	at java.base/jdk.internal.reflect.DelegatingMethodAccessorImpl.invoke(DelegatingMethodAccessorImpl.java:43)
	at java.base/java.lang.reflect.Method.invoke(Method.java:566)
	at org.junit.runners.model.FrameworkMethod$1.runReflectiveCall(FrameworkMethod.java:44)
	at org.junit.internal.runners.model.ReflectiveCallable.run(ReflectiveCallable.java:15)
	at org.junit.runners.model.FrameworkMethod.invokeExplosively(FrameworkMethod.java:41)
	at junitparams.internal.InvokeParameterisedMethod.evaluate(InvokeParameterisedMethod.java:102)
	at org.junit.internal.runners.statements.FailOnTimeout$1.run(FailOnTimeout.java:28)
Caused by: ptolemy.kernel.util.IllegalActionException: Found a zero delay loop containing .HierarchicalModel.A
  in .HierarchicalModel and .HierarchicalModel.A
	at ptolemy.actor.util.CausalityInterfaceForComposites._computeOutputPortDepth(CausalityInterfaceForComposites.java:759)
	at ptolemy.actor.util.CausalityInterfaceForComposites._computeInputDepth(CausalityInterfaceForComposites.java:696)
	at ptolemy.actor.util.CausalityInterfaceForComposites._computeOutputPortDepth(CausalityInterfaceForComposites.java:765)
	at ptolemy.actor.util.CausalityInterfaceForComposites._computeInputDepth(CausalityInterfaceForComposites.java:696)
	at ptolemy.actor.util.CausalityInterfaceForComposites._computeOutputPortDepth(CausalityInterfaceForComposites.java:765)
	at ptolemy.actor.util.CausalityInterfaceForComposites._computeInputDepth(CausalityInterfaceForComposites.java:696)
	at ptolemy.actor.util.CausalityInterfaceForComposites._computeActorDepth(CausalityInterfaceForComposites.java:532)
	at ptolemy.actor.util.CausalityInterfaceForComposites.checkForCycles(CausalityInterfaceForComposites.java:96)
	at ptolemy.domains.de.kernel.DEDirector.preinitialize(DEDirector.java:1338)
	at ptolemy.actor.CompositeActor.preinitialize(CompositeActor.java:1828)
	at ptolemy.actor.Manager.preinitializeAndResolveTypes(Manager.java:1040)
	at ptolemy.actor.Manager.initialize(Manager.java:710)
	at ptolemy.actor.Manager.execute(Manager.java:356)
	at ptolemy.actor.Manager.run(Manager.java:1263)
	at ptolemy.actor.Manager$PtolemyRunThread.run(Manager.java:1933)
java.lang.RuntimeException: Execution failed
	at ptolemy.moml.MoMLSimpleApplication$UnloadThread.run(MoMLSimpleApplication.java:402)
Caused by: ptolemy.kernel.util.IllegalActionException: Found a zero delay loop containing .dependencyLoop.original
  in .dependencyLoop and .dependencyLoop.original
	at ptolemy.actor.util.CausalityInterfaceForComposites._computeOutputPortDepth(CausalityInterfaceForComposites.java:759)
	at ptolemy.actor.util.CausalityInterfaceForComposites._computeInputDepth(CausalityInterfaceForComposites.java:696)
	at ptolemy.actor.util.CausalityInterfaceForComposites._computeOutputPortDepth(CausalityInterfaceForComposites.java:765)
	at ptolemy.actor.util.CausalityInterfaceForComposites._computeInputDepth(CausalityInterfaceForComposites.java:696)
	at ptolemy.actor.util.CausalityInterfaceForComposites._computeOutputPortDepth(CausalityInterfaceForComposites.java:765)
	at ptolemy.actor.util.CausalityInterfaceForComposites._computeInputDepth(CausalityInterfaceForComposites.java:696)
	at ptolemy.actor.util.CausalityInterfaceForComposites._computeActorDepth(CausalityInterfaceForComposites.java:532)
	at ptolemy.actor.util.CausalityInterfaceForComposites.checkForCycles(CausalityInterfaceForComposites.java:96)
	at ptolemy.domains.de.kernel.DEDirector.preinitialize(DEDirector.java:1338)
	at ptolemy.actor.CompositeActor.preinitialize(CompositeActor.java:1828)
	at ptolemy.actor.Manager.preinitializeAndResolveTypes(Manager.java:1040)
	at ptolemy.actor.Manager.initialize(Manager.java:710)
	at ptolemy.actor.Manager.execute(Manager.java:356)
	at ptolemy.actor.Manager.run(Manager.java:1263)
	at ptolemy.actor.Manager$PtolemyRunThread.run(Manager.java:1933)
java.lang.reflect.InvocationTargetException
	at java.base/jdk.internal.reflect.NativeConstructorAccessorImpl.newInstance0(Native Method)
	at java.base/jdk.internal.reflect.NativeConstructorAccessorImpl.newInstance(NativeConstructorAccessorImpl.java:62)
	at java.base/jdk.internal.reflect.DelegatingConstructorAccessorImpl.newInstance(DelegatingConstructorAccessorImpl.java:45)
	at java.base/java.lang.reflect.Constructor.newInstance(Constructor.java:490)
	at ptolemy.util.test.junit.AutoKnownFailedTests.RunModel(AutoKnownFailedTests.java:105)
	at java.base/jdk.internal.reflect.NativeMethodAccessorImpl.invoke0(Native Method)
	at java.base/jdk.internal.reflect.NativeMethodAccessorImpl.invoke(NativeMethodAccessorImpl.java:62)
	at java.base/jdk.internal.reflect.DelegatingMethodAccessorImpl.invoke(DelegatingMethodAccessorImpl.java:43)
	at java.base/java.lang.reflect.Method.invoke(Method.java:566)
	at org.junit.runners.model.FrameworkMethod$1.runReflectiveCall(FrameworkMethod.java:44)
	at org.junit.internal.runners.model.ReflectiveCallable.run(ReflectiveCallable.java:15)
	at org.junit.runners.model.FrameworkMethod.invokeExplosively(FrameworkMethod.java:41)
	at junitparams.internal.InvokeParameterisedMethod.evaluate(InvokeParameterisedMethod.java:102)
	at org.junit.internal.runners.statements.FailOnTimeout$1.run(FailOnTimeout.java:28)
Caused by: ptolemy.kernel.util.IllegalActionException: Found a zero delay loop containing .dependencyLoop.original
  in .dependencyLoop and .dependencyLoop.original
	at ptolemy.actor.util.CausalityInterfaceForComposites._computeOutputPortDepth(CausalityInterfaceForComposites.java:759)
	at ptolemy.actor.util.CausalityInterfaceForComposites._computeInputDepth(CausalityInterfaceForComposites.java:696)
	at ptolemy.actor.util.CausalityInterfaceForComposites._computeOutputPortDepth(CausalityInterfaceForComposites.java:765)
	at ptolemy.actor.util.CausalityInterfaceForComposites._computeInputDepth(CausalityInterfaceForComposites.java:696)
	at ptolemy.actor.util.CausalityInterfaceForComposites._computeOutputPortDepth(CausalityInterfaceForComposites.java:765)
	at ptolemy.actor.util.CausalityInterfaceForComposites._computeInputDepth(CausalityInterfaceForComposites.java:696)
	at ptolemy.actor.util.CausalityInterfaceForComposites._computeActorDepth(CausalityInterfaceForComposites.java:532)
	at ptolemy.actor.util.CausalityInterfaceForComposites.checkForCycles(CausalityInterfaceForComposites.java:96)
	at ptolemy.domains.de.kernel.DEDirector.preinitialize(DEDirector.java:1338)
	at ptolemy.actor.CompositeActor.preinitialize(CompositeActor.java:1828)
	at ptolemy.actor.Manager.preinitializeAndResolveTypes(Manager.java:1040)
	at ptolemy.actor.Manager.initialize(Manager.java:710)
	at ptolemy.actor.Manager.execute(Manager.java:356)
	at ptolemy.actor.Manager.run(Manager.java:1263)
	at ptolemy.actor.Manager$PtolemyRunThread.run(Manager.java:1933)
java.lang.RuntimeException: Execution failed
	at ptolemy.moml.MoMLSimpleApplication$UnloadThread.run(MoMLSimpleApplication.java:402)
Caused by: ptolemy.kernel.util.IllegalActionException: Found a zero delay loop containing .dependencyLoop2.original
  in .dependencyLoop2 and .dependencyLoop2.original
	at ptolemy.actor.util.CausalityInterfaceForComposites._computeOutputPortDepth(CausalityInterfaceForComposites.java:759)
	at ptolemy.actor.util.CausalityInterfaceForComposites._computeInputDepth(CausalityInterfaceForComposites.java:696)
	at ptolemy.actor.util.CausalityInterfaceForComposites._computeOutputPortDepth(CausalityInterfaceForComposites.java:765)
	at ptolemy.actor.util.CausalityInterfaceForComposites._computeInputDepth(CausalityInterfaceForComposites.java:696)
	at ptolemy.actor.util.CausalityInterfaceForComposites._computeOutputPortDepth(CausalityInterfaceForComposites.java:765)
	at ptolemy.actor.util.CausalityInterfaceForComposites._computeInputDepth(CausalityInterfaceForComposites.java:696)
	at ptolemy.actor.util.CausalityInterfaceForComposites._computeActorDepth(CausalityInterfaceForComposites.java:532)
	at ptolemy.actor.util.CausalityInterfaceForComposites.checkForCycles(CausalityInterfaceForComposites.java:96)
	at ptolemy.domains.de.kernel.DEDirector.preinitialize(DEDirector.java:1338)
	at ptolemy.actor.CompositeActor.preinitialize(CompositeActor.java:1828)
	at ptolemy.actor.Manager.preinitializeAndResolveTypes(Manager.java:1040)
	at ptolemy.actor.Manager.initialize(Manager.java:710)
	at ptolemy.actor.Manager.execute(Manager.java:356)
	at ptolemy.actor.Manager.run(Manager.java:1263)
	at ptolemy.actor.Manager$PtolemyRunThread.run(Manager.java:1933)
java.lang.reflect.InvocationTargetException
	at java.base/jdk.internal.reflect.NativeConstructorAccessorImpl.newInstance0(Native Method)
	at java.base/jdk.internal.reflect.NativeConstructorAccessorImpl.newInstance(NativeConstructorAccessorImpl.java:62)
	at java.base/jdk.internal.reflect.DelegatingConstructorAccessorImpl.newInstance(DelegatingConstructorAccessorImpl.java:45)
	at java.base/java.lang.reflect.Constructor.newInstance(Constructor.java:490)
	at ptolemy.util.test.junit.AutoKnownFailedTests.RunModel(AutoKnownFailedTests.java:105)
	at java.base/jdk.internal.reflect.NativeMethodAccessorImpl.invoke0(Native Method)
	at java.base/jdk.internal.reflect.NativeMethodAccessorImpl.invoke(NativeMethodAccessorImpl.java:62)
	at java.base/jdk.internal.reflect.DelegatingMethodAccessorImpl.invoke(DelegatingMethodAccessorImpl.java:43)
	at java.base/java.lang.reflect.Method.invoke(Method.java:566)
	at org.junit.runners.model.FrameworkMethod$1.runReflectiveCall(FrameworkMethod.java:44)
	at org.junit.internal.runners.model.ReflectiveCallable.run(ReflectiveCallable.java:15)
	at org.junit.runners.model.FrameworkMethod.invokeExplosively(FrameworkMethod.java:41)
	at junitparams.internal.InvokeParameterisedMethod.evaluate(InvokeParameterisedMethod.java:102)
	at org.junit.internal.runners.statements.FailOnTimeout$1.run(FailOnTimeout.java:28)
Caused by: ptolemy.kernel.util.IllegalActionException: Found a zero delay loop containing .dependencyLoop2.original
  in .dependencyLoop2 and .dependencyLoop2.original
	at ptolemy.actor.util.CausalityInterfaceForComposites._computeOutputPortDepth(CausalityInterfaceForComposites.java:759)
	at ptolemy.actor.util.CausalityInterfaceForComposites._computeInputDepth(CausalityInterfaceForComposites.java:696)
	at ptolemy.actor.util.CausalityInterfaceForComposites._computeOutputPortDepth(CausalityInterfaceForComposites.java:765)
	at ptolemy.actor.util.CausalityInterfaceForComposites._computeInputDepth(CausalityInterfaceForComposites.java:696)
	at ptolemy.actor.util.CausalityInterfaceForComposites._computeOutputPortDepth(CausalityInterfaceForComposites.java:765)
	at ptolemy.actor.util.CausalityInterfaceForComposites._computeInputDepth(CausalityInterfaceForComposites.java:696)
	at ptolemy.actor.util.CausalityInterfaceForComposites._computeActorDepth(CausalityInterfaceForComposites.java:532)
	at ptolemy.actor.util.CausalityInterfaceForComposites.checkForCycles(CausalityInterfaceForComposites.java:96)
	at ptolemy.domains.de.kernel.DEDirector.preinitialize(DEDirector.java:1338)
	at ptolemy.actor.CompositeActor.preinitialize(CompositeActor.java:1828)
	at ptolemy.actor.Manager.preinitializeAndResolveTypes(Manager.java:1040)
	at ptolemy.actor.Manager.initialize(Manager.java:710)
	at ptolemy.actor.Manager.execute(Manager.java:356)
	at ptolemy.actor.Manager.run(Manager.java:1263)
	at ptolemy.actor.Manager$PtolemyRunThread.run(Manager.java:1933)
]]></system-err>
</testsuite>
