<?xml version="1.0" encoding="UTF-8" ?>
<testsuite errors="0" failures="0" hostname="travis-job-97fcb1bf-92d7-495b-b5d3-5f92e52ad79d" name="ptolemy.domains.continuous.test.junit.JUnitTclTest" skipped="0" tests="156" time="76.765" timestamp="2020-09-30T16:21:17">
  <properties>
[...]
</properties>
  <testcase classname="ptolemy.util.test.junit.TclTests" name="[0] ThereAreNoTclTests (RunTclFile)" time="0.011" />
  <testcase classname="ptolemy.util.test.junit.AutoKnownFailedTests" name="[0] ThereAreNoKnowFailedTests (RunModel)" time="0.003" />
  <testcase classname="ptolemy.util.test.junit.AutoNameArchTests" name="[0] ThereAreNoAutoArchTests (RunModel)" time="0.024" />
  <testcase classname="ptolemy.util.test.junit.AutoTests" name="[0] /home/travis/build/icyphy/ptII/ptolemy/domains/continuous/test/auto/BouncingBall.xml (RunModel)" time="3.367" />
  <testcase classname="ptolemy.util.test.junit.AutoTests" name="[1] /home/travis/build/icyphy/ptII/ptolemy/domains/continuous/test/auto/BouncingBallWithoutGR.xml (RunModel)" time="0.972" />
  <testcase classname="ptolemy.util.test.junit.AutoTests" name="[2] /home/travis/build/icyphy/ptII/ptolemy/domains/continuous/test/auto/Brownian.xml (RunModel)" time="0.064" />
  <testcase classname="ptolemy.util.test.junit.AutoTests" name="[3] /home/travis/build/icyphy/ptII/ptolemy/domains/continuous/test/auto/CarTracking.xml (RunModel)" time="4.043" />
  <testcase classname="ptolemy.util.test.junit.AutoTests" name="[4] /home/travis/build/icyphy/ptII/ptolemy/domains/continuous/test/auto/CartPendulum.xml (RunModel)" time="0.575" />
  <testcase classname="ptolemy.util.test.junit.AutoTests" name="[5] /home/travis/build/icyphy/ptII/ptolemy/domains/continuous/test/auto/CausalityInterface10.xml (RunModel)" time="0.065" />
  <testcase classname="ptolemy.util.test.junit.AutoTests" name="[6] /home/travis/build/icyphy/ptII/ptolemy/domains/continuous/test/auto/CausalityInterface11.xml (RunModel)" time="0.043" />
  <testcase classname="ptolemy.util.test.junit.AutoTests" name="[7] /home/travis/build/icyphy/ptII/ptolemy/domains/continuous/test/auto/CausalityInterface12.xml (RunModel)" time="0.058" />
  <testcase classname="ptolemy.util.test.junit.AutoTests" name="[8] /home/travis/build/icyphy/ptII/ptolemy/domains/continuous/test/auto/CausalityInterface13.xml (RunModel)" time="0.044" />
  <testcase classname="ptolemy.util.test.junit.AutoTests" name="[9] /home/travis/build/icyphy/ptII/ptolemy/domains/continuous/test/auto/CausalityInterface14.xml (RunModel)" time="0.029" />
  <testcase classname="ptolemy.util.test.junit.AutoTests" name="[10] /home/travis/build/icyphy/ptII/ptolemy/domains/continuous/test/auto/CausalityInterface4.xml (RunModel)" time="0.052" />
  <testcase classname="ptolemy.util.test.junit.AutoTests" name="[11] /home/travis/build/icyphy/ptII/ptolemy/domains/continuous/test/auto/CausalityInterface5.xml (RunModel)" time="0.044" />
  <testcase classname="ptolemy.util.test.junit.AutoTests" name="[12] /home/travis/build/icyphy/ptII/ptolemy/domains/continuous/test/auto/CausalityInterface6.xml (RunModel)" time="0.028" />
  <testcase classname="ptolemy.util.test.junit.AutoTests" name="[13] /home/travis/build/icyphy/ptII/ptolemy/domains/continuous/test/auto/CausalityInterface7.xml (RunModel)" time="0.059" />
  <testcase classname="ptolemy.util.test.junit.AutoTests" name="[14] /home/travis/build/icyphy/ptII/ptolemy/domains/continuous/test/auto/CausalityInterface8.xml (RunModel)" time="0.051" />
  <testcase classname="ptolemy.util.test.junit.AutoTests" name="[15] /home/travis/build/icyphy/ptII/ptolemy/domains/continuous/test/auto/CausalityInterface9.xml (RunModel)" time="0.038" />
  <testcase classname="ptolemy.util.test.junit.AutoTests" name="[16] /home/travis/build/icyphy/ptII/ptolemy/domains/continuous/test/auto/CausalityInterfaceFeedback1.xml (RunModel)" time="0.027" />
  <testcase classname="ptolemy.util.test.junit.AutoTests" name="[17] /home/travis/build/icyphy/ptII/ptolemy/domains/continuous/test/auto/CausalityInterfaceFeedback2.xml (RunModel)" time="0.026" />
  <testcase classname="ptolemy.util.test.junit.AutoTests" name="[18] /home/travis/build/icyphy/ptII/ptolemy/domains/continuous/test/auto/CompareWithCurrentTime.xml (RunModel)" time="0.018" />
  <testcase classname="ptolemy.util.test.junit.AutoTests" name="[19] /home/travis/build/icyphy/ptII/ptolemy/domains/continuous/test/auto/ComparedClocks.xml (RunModel)" time="0.057" />
  <testcase classname="ptolemy.util.test.junit.AutoTests" name="[20] /home/travis/build/icyphy/ptII/ptolemy/domains/continuous/test/auto/ContinuousAOCClone.xml (RunModel)" time="2.747" />
  <testcase classname="ptolemy.util.test.junit.AutoTests" name="[21] /home/travis/build/icyphy/ptII/ptolemy/domains/continuous/test/auto/ContinuousClock.xml (RunModel)" time="0.11" />
  <testcase classname="ptolemy.util.test.junit.AutoTests" name="[22] /home/travis/build/icyphy/ptII/ptolemy/domains/continuous/test/auto/ContinuousInContinuous.xml (RunModel)" time="0.081" />
  <testcase classname="ptolemy.util.test.junit.AutoTests" name="[23] /home/travis/build/icyphy/ptII/ptolemy/domains/continuous/test/auto/ContinuousInContinuousInContinuous.xml (RunModel)" time="0.028" />
  <testcase classname="ptolemy.util.test.junit.AutoTests" name="[24] /home/travis/build/icyphy/ptII/ptolemy/domains/continuous/test/auto/ContinuousInDE.xml (RunModel)" time="0.127" />
  <testcase classname="ptolemy.util.test.junit.AutoTests" name="[25] /home/travis/build/icyphy/ptII/ptolemy/domains/continuous/test/auto/ContinuousInDE2.xml (RunModel)" time="0.049" />
  <testcase classname="ptolemy.util.test.junit.AutoTests" name="[26] /home/travis/build/icyphy/ptII/ptolemy/domains/continuous/test/auto/ContinuousInDE3.xml (RunModel)" time="0.051" />
  <testcase classname="ptolemy.util.test.junit.AutoTests" name="[27] /home/travis/build/icyphy/ptII/ptolemy/domains/continuous/test/auto/ContinuousInDE4.xml (RunModel)" time="0.032" />
  <testcase classname="ptolemy.util.test.junit.AutoTests" name="[28] /home/travis/build/icyphy/ptII/ptolemy/domains/continuous/test/auto/ContinuousInDEDifferentRefinements.xml (RunModel)" time="0.092" />
  <testcase classname="ptolemy.util.test.junit.AutoTests" name="[29] /home/travis/build/icyphy/ptII/ptolemy/domains/continuous/test/auto/ContinuousInDEDifferentRefinementsPreemptive.xml (RunModel)" time="0.098" />
  <testcase classname="ptolemy.util.test.junit.AutoTests" name="[30] /home/travis/build/icyphy/ptII/ptolemy/domains/continuous/test/auto/ContinuousInDEInContinuous2.xml (RunModel)" time="0.063" />
  <testcase classname="ptolemy.util.test.junit.AutoTests" name="[31] /home/travis/build/icyphy/ptII/ptolemy/domains/continuous/test/auto/ContinuousInDEInContinuous3.xml (RunModel)" time="0.05" />
  <testcase classname="ptolemy.util.test.junit.AutoTests" name="[32] /home/travis/build/icyphy/ptII/ptolemy/domains/continuous/test/auto/ContinuousInDEInput.xml (RunModel)" time="0.028" />
  <testcase classname="ptolemy.util.test.junit.AutoTests" name="[33] /home/travis/build/icyphy/ptII/ptolemy/domains/continuous/test/auto/ContinuousInDEInput2.xml (RunModel)" time="0.031" />
  <testcase classname="ptolemy.util.test.junit.AutoTests" name="[34] /home/travis/build/icyphy/ptII/ptolemy/domains/continuous/test/auto/ContinuousInDEInput3.xml (RunModel)" time="0.026" />
  <testcase classname="ptolemy.util.test.junit.AutoTests" name="[35] /home/travis/build/icyphy/ptII/ptolemy/domains/continuous/test/auto/ContinuousInDESharingRefinement.xml (RunModel)" time="0.172" />
  <testcase classname="ptolemy.util.test.junit.AutoTests" name="[36] /home/travis/build/icyphy/ptII/ptolemy/domains/continuous/test/auto/ContinuousInDEwithNoPorts.xml (RunModel)" time="0.02" />
  <testcase classname="ptolemy.util.test.junit.AutoTests" name="[37] /home/travis/build/icyphy/ptII/ptolemy/domains/continuous/test/auto/ContinuousInsideDE.xml (RunModel)" time="0.089" />
  <testcase classname="ptolemy.util.test.junit.AutoTests" name="[38] /home/travis/build/icyphy/ptII/ptolemy/domains/continuous/test/auto/ContinuousMerge1.xml (RunModel)" time="0.023" />
  <testcase classname="ptolemy.util.test.junit.AutoTests" name="[39] /home/travis/build/icyphy/ptII/ptolemy/domains/continuous/test/auto/ContinuousMerge2.xml (RunModel)" time="0.053" />
  <testcase classname="ptolemy.util.test.junit.AutoTests" name="[40] /home/travis/build/icyphy/ptII/ptolemy/domains/continuous/test/auto/ContinuousMerge3.xml (RunModel)" time="0.084" />
  <testcase classname="ptolemy.util.test.junit.AutoTests" name="[41] /home/travis/build/icyphy/ptII/ptolemy/domains/continuous/test/auto/ContinuousWithinContinuous.xml (RunModel)" time="0.05" />
  <testcase classname="ptolemy.util.test.junit.AutoTests" name="[42] /home/travis/build/icyphy/ptII/ptolemy/domains/continuous/test/auto/ContinuousWithinContinuous2.xml (RunModel)" time="0.086" />
  <testcase classname="ptolemy.util.test.junit.AutoTests" name="[43] /home/travis/build/icyphy/ptII/ptolemy/domains/continuous/test/auto/ContinuousWithinContinuous3.xml (RunModel)" time="0.035" />
  <testcase classname="ptolemy.util.test.junit.AutoTests" name="[44] /home/travis/build/icyphy/ptII/ptolemy/domains/continuous/test/auto/ContinuousWithinContinuous4.xml (RunModel)" time="0.096" />
  <testcase classname="ptolemy.util.test.junit.AutoTests" name="[45] /home/travis/build/icyphy/ptII/ptolemy/domains/continuous/test/auto/ContinuousWithinContinuous5.xml (RunModel)" time="0.034" />
  <testcase classname="ptolemy.util.test.junit.AutoTests" name="[46] /home/travis/build/icyphy/ptII/ptolemy/domains/continuous/test/auto/ContinuousWithinContinuous6.xml (RunModel)" time="0.034" />
  <testcase classname="ptolemy.util.test.junit.AutoTests" name="[47] /home/travis/build/icyphy/ptII/ptolemy/domains/continuous/test/auto/ContinuousWithinContinuous7.xml (RunModel)" time="0.079" />
  <testcase classname="ptolemy.util.test.junit.AutoTests" name="[48] /home/travis/build/icyphy/ptII/ptolemy/domains/continuous/test/auto/DCMotor.xml (RunModel)" time="14.414" />
  <testcase classname="ptolemy.util.test.junit.AutoTests" name="[49] /home/travis/build/icyphy/ptII/ptolemy/domains/continuous/test/auto/DEInContinuous.xml (RunModel)" time="0.041" />
  <testcase classname="ptolemy.util.test.junit.AutoTests" name="[50] /home/travis/build/icyphy/ptII/ptolemy/domains/continuous/test/auto/DEinContinuous2.xml (RunModel)" time="0.04" />
  <testcase classname="ptolemy.util.test.junit.AutoTests" name="[51] /home/travis/build/icyphy/ptII/ptolemy/domains/continuous/test/auto/Derivative.xml (RunModel)" time="0.229" />
  <testcase classname="ptolemy.util.test.junit.AutoTests" name="[52] /home/travis/build/icyphy/ptII/ptolemy/domains/continuous/test/auto/Derivative1.xml (RunModel)" time="0.064" />
  <testcase classname="ptolemy.util.test.junit.AutoTests" name="[53] /home/travis/build/icyphy/ptII/ptolemy/domains/continuous/test/auto/DiscreteClock.xml (RunModel)" time="0.015" />
  <testcase classname="ptolemy.util.test.junit.AutoTests" name="[54] /home/travis/build/icyphy/ptII/ptolemy/domains/continuous/test/auto/EfficiencyCurve.xml (RunModel)" time="0.082" />
  <testcase classname="ptolemy.util.test.junit.AutoTests" name="[55] /home/travis/build/icyphy/ptII/ptolemy/domains/continuous/test/auto/ExponentialResponse.xml (RunModel)" time="0.144" />
  <testcase classname="ptolemy.util.test.junit.AutoTests" name="[56] /home/travis/build/icyphy/ptII/ptolemy/domains/continuous/test/auto/ExponentialResponseRK45.xml (RunModel)" time="0.048" />
  <testcase classname="ptolemy.util.test.junit.AutoTests" name="[57] /home/travis/build/icyphy/ptII/ptolemy/domains/continuous/test/auto/Friction.xml (RunModel)" time="1.933" />
  <testcase classname="ptolemy.util.test.junit.AutoTests" name="[58] /home/travis/build/icyphy/ptII/ptolemy/domains/continuous/test/auto/FurutaPendulum.xml (RunModel)" time="3.55" />
  <testcase classname="ptolemy.util.test.junit.AutoTests" name="[59] /home/travis/build/icyphy/ptII/ptolemy/domains/continuous/test/auto/HierarchicalExecution.xml (RunModel)" time="2.122" />
  <testcase classname="ptolemy.util.test.junit.AutoTests" name="[60] /home/travis/build/icyphy/ptII/ptolemy/domains/continuous/test/auto/HybridPlant.xml (RunModel)" time="0.606" />
  <testcase classname="ptolemy.util.test.junit.AutoTests" name="[61] /home/travis/build/icyphy/ptII/ptolemy/domains/continuous/test/auto/Hysteresis.xml (RunModel)" time="0.21" />
  <testcase classname="ptolemy.util.test.junit.AutoTests" name="[62] /home/travis/build/icyphy/ptII/ptolemy/domains/continuous/test/auto/HysteresisWithRandomDelay.xml (RunModel)" time="0.249" />
  <testcase classname="ptolemy.util.test.junit.AutoTests" name="[63] /home/travis/build/icyphy/ptII/ptolemy/domains/continuous/test/auto/HysteresisWithRandomLosses.xml (RunModel)" time="2.595" />
  <testcase classname="ptolemy.util.test.junit.AutoTests" name="[64] /home/travis/build/icyphy/ptII/ptolemy/domains/continuous/test/auto/ImmediateTransitions.xml (RunModel)" time="0.042" />
  <testcase classname="ptolemy.util.test.junit.AutoTests" name="[65] /home/travis/build/icyphy/ptII/ptolemy/domains/continuous/test/auto/ImpulseFeedback.xml (RunModel)" time="0.031" />
  <testcase classname="ptolemy.util.test.junit.AutoTests" name="[66] /home/travis/build/icyphy/ptII/ptolemy/domains/continuous/test/auto/ImpulseFeedback2.xml (RunModel)" time="0.017" />
  <testcase classname="ptolemy.util.test.junit.AutoTests" name="[67] /home/travis/build/icyphy/ptII/ptolemy/domains/continuous/test/auto/IncreasingRatePoisson.xml (RunModel)" time="0.857" />
  <testcase classname="ptolemy.util.test.junit.AutoTests" name="[68] /home/travis/build/icyphy/ptII/ptolemy/domains/continuous/test/auto/InitialStateFeedback.xml (RunModel)" time="0.019" />
  <testcase classname="ptolemy.util.test.junit.AutoTests" name="[69] /home/travis/build/icyphy/ptII/ptolemy/domains/continuous/test/auto/Integration.xml (RunModel)" time="0.009" />
  <testcase classname="ptolemy.util.test.junit.AutoTests" name="[70] /home/travis/build/icyphy/ptII/ptolemy/domains/continuous/test/auto/Integration2.xml (RunModel)" time="0.09" />
  <testcase classname="ptolemy.util.test.junit.AutoTests" name="[71] /home/travis/build/icyphy/ptII/ptolemy/domains/continuous/test/auto/Integration3.xml (RunModel)" time="0.019" />
  <testcase classname="ptolemy.util.test.junit.AutoTests" name="[72] /home/travis/build/icyphy/ptII/ptolemy/domains/continuous/test/auto/Integration5.xml (RunModel)" time="0.011" />
  <testcase classname="ptolemy.util.test.junit.AutoTests" name="[73] /home/travis/build/icyphy/ptII/ptolemy/domains/continuous/test/auto/IntegratorImpulse.xml (RunModel)" time="0.013" />
  <testcase classname="ptolemy.util.test.junit.AutoTests" name="[74] /home/travis/build/icyphy/ptII/ptolemy/domains/continuous/test/auto/IntegratorImpulse2.xml (RunModel)" time="0.012" />
  <testcase classname="ptolemy.util.test.junit.AutoTests" name="[75] /home/travis/build/icyphy/ptII/ptolemy/domains/continuous/test/auto/LevelCrossing1.xml (RunModel)" time="0.016" />
  <testcase classname="ptolemy.util.test.junit.AutoTests" name="[76] /home/travis/build/icyphy/ptII/ptolemy/domains/continuous/test/auto/LevelCrossing2.xml (RunModel)" time="0.017" />
  <testcase classname="ptolemy.util.test.junit.AutoTests" name="[77] /home/travis/build/icyphy/ptII/ptolemy/domains/continuous/test/auto/LevelCrossing3.xml (RunModel)" time="0.014" />
  <testcase classname="ptolemy.util.test.junit.AutoTests" name="[78] /home/travis/build/icyphy/ptII/ptolemy/domains/continuous/test/auto/LevelCrossing4.xml (RunModel)" time="0.014" />
  <testcase classname="ptolemy.util.test.junit.AutoTests" name="[79] /home/travis/build/icyphy/ptII/ptolemy/domains/continuous/test/auto/LevelCrossing5.xml (RunModel)" time="0.018" />
  <testcase classname="ptolemy.util.test.junit.AutoTests" name="[80] /home/travis/build/icyphy/ptII/ptolemy/domains/continuous/test/auto/LevelCrossing6.xml (RunModel)" time="0.014" />
  <testcase classname="ptolemy.util.test.junit.AutoTests" name="[81] /home/travis/build/icyphy/ptII/ptolemy/domains/continuous/test/auto/LevelCrossingDetector.xml (RunModel)" time="0.04" />
  <testcase classname="ptolemy.util.test.junit.AutoTests" name="[82] /home/travis/build/icyphy/ptII/ptolemy/domains/continuous/test/auto/LevelCrossingDetectorDetectingDirections.xml (RunModel)" time="0.092" />
  <testcase classname="ptolemy.util.test.junit.AutoTests" name="[83] /home/travis/build/icyphy/ptII/ptolemy/domains/continuous/test/auto/LevelCrossingDetectorDetectsGlitches.xml (RunModel)" time="0.07" />
  <testcase classname="ptolemy.util.test.junit.AutoTests" name="[84] /home/travis/build/icyphy/ptII/ptolemy/domains/continuous/test/auto/LevelCrossingNoInitialOuput.xml (RunModel)" time="0.017" />
  <testcase classname="ptolemy.util.test.junit.AutoTests" name="[85] /home/travis/build/icyphy/ptII/ptolemy/domains/continuous/test/auto/LinearStateSpaceExample.xml (RunModel)" time="0.058" />
  <testcase classname="ptolemy.util.test.junit.AutoTests" name="[86] /home/travis/build/icyphy/ptII/ptolemy/domains/continuous/test/auto/Lorenz.xml (RunModel)" time="3.565" />
  <testcase classname="ptolemy.util.test.junit.AutoTests" name="[87] /home/travis/build/icyphy/ptII/ptolemy/domains/continuous/test/auto/LorenzDifferentialSystem.xml (RunModel)" time="0.877" />
  <testcase classname="ptolemy.util.test.junit.AutoTests" name="[88] /home/travis/build/icyphy/ptII/ptolemy/domains/continuous/test/auto/LorenzDifferentialSystemWithInput.xml (RunModel)" time="1.237" />
  <testcase classname="ptolemy.util.test.junit.AutoTests" name="[89] /home/travis/build/icyphy/ptII/ptolemy/domains/continuous/test/auto/LorenzDifferentialSystemWithTime.xml (RunModel)" time="0.676" />
  <testcase classname="ptolemy.util.test.junit.AutoTests" name="[90] /home/travis/build/icyphy/ptII/ptolemy/domains/continuous/test/auto/Microsteps.xml (RunModel)" time="0.035" />
  <testcase classname="ptolemy.util.test.junit.AutoTests" name="[91] /home/travis/build/icyphy/ptII/ptolemy/domains/continuous/test/auto/Modal1.xml (RunModel)" time="0.044" />
  <testcase classname="ptolemy.util.test.junit.AutoTests" name="[92] /home/travis/build/icyphy/ptII/ptolemy/domains/continuous/test/auto/Modal2.xml (RunModel)" time="0.054" />
  <testcase classname="ptolemy.util.test.junit.AutoTests" name="[93] /home/travis/build/icyphy/ptII/ptolemy/domains/continuous/test/auto/ModalTransitionGuardWithReset.xml (RunModel)" time="0.027" />
  <testcase classname="ptolemy.util.test.junit.AutoTests" name="[94] /home/travis/build/icyphy/ptII/ptolemy/domains/continuous/test/auto/ModalTransitionGuardWithResetUsingPreemptiveTransition.xml (RunModel)" time="0.033" />
  <testcase classname="ptolemy.util.test.junit.AutoTests" name="[95] /home/travis/build/icyphy/ptII/ptolemy/domains/continuous/test/auto/ModalTransitionGuardWithResetUsingPreemptiveTransition2.xml (RunModel)" time="0.029" />
  <testcase classname="ptolemy.util.test.junit.AutoTests" name="[96] /home/travis/build/icyphy/ptII/ptolemy/domains/continuous/test/auto/ModalTransitionGuardWithResetUsingPreemptiveTransition3.xml (RunModel)" time="0.033" />
  <testcase classname="ptolemy.util.test.junit.AutoTests" name="[97] /home/travis/build/icyphy/ptII/ptolemy/domains/continuous/test/auto/NewtonsCradle.xml (RunModel)" time="0.848" />
  <testcase classname="ptolemy.util.test.junit.AutoTests" name="[98] /home/travis/build/icyphy/ptII/ptolemy/domains/continuous/test/auto/NewtonsCradleAnimated.xml (RunModel)" time="1.375" />
  <testcase classname="ptolemy.util.test.junit.AutoTests" name="[99] /home/travis/build/icyphy/ptII/ptolemy/domains/continuous/test/auto/NewtonsCradleComplicated.xml (RunModel)" time="0.979" />
  <testcase classname="ptolemy.util.test.junit.AutoTests" name="[100] /home/travis/build/icyphy/ptII/ptolemy/domains/continuous/test/auto/NewtonsCradleNondeterministic.xml (RunModel)" time="0.792" />
  <testcase classname="ptolemy.util.test.junit.AutoTests" name="[101] /home/travis/build/icyphy/ptII/ptolemy/domains/continuous/test/auto/NewtonsCradlePerfectlyInelastic1.xml (RunModel)" time="1.356" />
  <testcase classname="ptolemy.util.test.junit.AutoTests" name="[102] /home/travis/build/icyphy/ptII/ptolemy/domains/continuous/test/auto/Noise.xml (RunModel)" time="0.206" />
  <testcase classname="ptolemy.util.test.junit.AutoTests" name="[103] /home/travis/build/icyphy/ptII/ptolemy/domains/continuous/test/auto/NoiseSpectrum.xml (RunModel)" time="0.794" />
  <testcase classname="ptolemy.util.test.junit.AutoTests" name="[104] /home/travis/build/icyphy/ptII/ptolemy/domains/continuous/test/auto/ParameterizedNewtonsCradleAnimated.xml (RunModel)" time="0.397" />
  <testcase classname="ptolemy.util.test.junit.AutoTests" name="[105] /home/travis/build/icyphy/ptII/ptolemy/domains/continuous/test/auto/ParameterizedNewtonsCradleAnimatedNondeterministic.xml (RunModel)" time="1.318" />
  <testcase classname="ptolemy.util.test.junit.AutoTests" name="[106] /home/travis/build/icyphy/ptII/ptolemy/domains/continuous/test/auto/Pendulum3D.xml (RunModel)" time="0.172" />
  <testcase classname="ptolemy.util.test.junit.AutoTests" name="[107] /home/travis/build/icyphy/ptII/ptolemy/domains/continuous/test/auto/PeriodicSampler.xml (RunModel)" time="0.01" />
  <testcase classname="ptolemy.util.test.junit.AutoTests" name="[108] /home/travis/build/icyphy/ptII/ptolemy/domains/continuous/test/auto/PeriodicSampler1.xml (RunModel)" time="0.04" />
  <testcase classname="ptolemy.util.test.junit.AutoTests" name="[109] /home/travis/build/icyphy/ptII/ptolemy/domains/continuous/test/auto/PeriodicSampler2.xml (RunModel)" time="0.083" />
  <testcase classname="ptolemy.util.test.junit.AutoTests" name="[110] /home/travis/build/icyphy/ptII/ptolemy/domains/continuous/test/auto/Poisson.xml (RunModel)" time="0.441" />
  <testcase classname="ptolemy.util.test.junit.AutoTests" name="[111] /home/travis/build/icyphy/ptII/ptolemy/domains/continuous/test/auto/PoissonClock.xml (RunModel)" time="0.011" />
  <testcase classname="ptolemy.util.test.junit.AutoTests" name="[112] /home/travis/build/icyphy/ptII/ptolemy/domains/continuous/test/auto/PoissonClock2.xml (RunModel)" time="0.011" />
  <testcase classname="ptolemy.util.test.junit.AutoTests" name="[113] /home/travis/build/icyphy/ptII/ptolemy/domains/continuous/test/auto/PortParameterHierarchy.xml (RunModel)" time="0.026" />
  <testcase classname="ptolemy.util.test.junit.AutoTests" name="[114] /home/travis/build/icyphy/ptII/ptolemy/domains/continuous/test/auto/RandomHybridPlant.xml (RunModel)" time="0.594" />
  <testcase classname="ptolemy.util.test.junit.AutoTests" name="[115] /home/travis/build/icyphy/ptII/ptolemy/domains/continuous/test/auto/ResetTransitionWithStartTime1.xml (RunModel)" time="0.036" />
  <testcase classname="ptolemy.util.test.junit.AutoTests" name="[116] /home/travis/build/icyphy/ptII/ptolemy/domains/continuous/test/auto/ResetTransitionWithStartTime2.xml (RunModel)" time="0.038" />
  <testcase classname="ptolemy.util.test.junit.AutoTests" name="[117] /home/travis/build/icyphy/ptII/ptolemy/domains/continuous/test/auto/ResetTransitionWithStartTime3.xml (RunModel)" time="0.038" />
  <testcase classname="ptolemy.util.test.junit.AutoTests" name="[118] /home/travis/build/icyphy/ptII/ptolemy/domains/continuous/test/auto/ResetTransitionWithStartTime4.xml (RunModel)" time="0.026" />
  <testcase classname="ptolemy.util.test.junit.AutoTests" name="[119] /home/travis/build/icyphy/ptII/ptolemy/domains/continuous/test/auto/ResetTransitionWithStartTime5.xml (RunModel)" time="0.038" />
  <testcase classname="ptolemy.util.test.junit.AutoTests" name="[120] /home/travis/build/icyphy/ptII/ptolemy/domains/continuous/test/auto/ResetTransitionWithStartTime6.xml (RunModel)" time="0.026" />
  <testcase classname="ptolemy.util.test.junit.AutoTests" name="[121] /home/travis/build/icyphy/ptII/ptolemy/domains/continuous/test/auto/SRinContinuous.xml (RunModel)" time="0.021" />
  <testcase classname="ptolemy.util.test.junit.AutoTests" name="[122] /home/travis/build/icyphy/ptII/ptolemy/domains/continuous/test/auto/SampledClocks.xml (RunModel)" time="0.037" />
  <testcase classname="ptolemy.util.test.junit.AutoTests" name="[123] /home/travis/build/icyphy/ptII/ptolemy/domains/continuous/test/auto/Satellite.xml (RunModel)" time="0.739" />
  <testcase classname="ptolemy.util.test.junit.AutoTests" name="[124] /home/travis/build/icyphy/ptII/ptolemy/domains/continuous/test/auto/SigmaDelta.xml (RunModel)" time="2.307" />
  <testcase classname="ptolemy.util.test.junit.AutoTests" name="[125] /home/travis/build/icyphy/ptII/ptolemy/domains/continuous/test/auto/SingleRefinement.xml (RunModel)" time="0.445" />
  <testcase classname="ptolemy.util.test.junit.AutoTests" name="[126] /home/travis/build/icyphy/ptII/ptolemy/domains/continuous/test/auto/SinuBouncingBall.xml (RunModel)" time="0.875" />
  <testcase classname="ptolemy.util.test.junit.AutoTests" name="[127] /home/travis/build/icyphy/ptII/ptolemy/domains/continuous/test/auto/Sinusoid.xml (RunModel)" time="0.015" />
  <testcase classname="ptolemy.util.test.junit.AutoTests" name="[128] /home/travis/build/icyphy/ptII/ptolemy/domains/continuous/test/auto/SinusoidInNoise.xml (RunModel)" time="0.85" />
  <testcase classname="ptolemy.util.test.junit.AutoTests" name="[129] /home/travis/build/icyphy/ptII/ptolemy/domains/continuous/test/auto/SinusoidRK45.xml (RunModel)" time="0.018" />
  <testcase classname="ptolemy.util.test.junit.AutoTests" name="[130] /home/travis/build/icyphy/ptII/ptolemy/domains/continuous/test/auto/SinusoidWithMultipleImpulses.xml (RunModel)" time="0.013" />
  <testcase classname="ptolemy.util.test.junit.AutoTests" name="[131] /home/travis/build/icyphy/ptII/ptolemy/domains/continuous/test/auto/SquareWave.xml (RunModel)" time="0.186" />
  <testcase classname="ptolemy.util.test.junit.AutoTests" name="[132] /home/travis/build/icyphy/ptII/ptolemy/domains/continuous/test/auto/Starmac.xml (RunModel)" time="3.44" />
  <testcase classname="ptolemy.util.test.junit.AutoTests" name="[133] /home/travis/build/icyphy/ptII/ptolemy/domains/continuous/test/auto/StaticUnits.xml (RunModel)" time="2.694" />
  <testcase classname="ptolemy.util.test.junit.AutoTests" name="[134] /home/travis/build/icyphy/ptII/ptolemy/domains/continuous/test/auto/StickyMasses.xml (RunModel)" time="0.199" />
  <testcase classname="ptolemy.util.test.junit.AutoTests" name="[135] /home/travis/build/icyphy/ptII/ptolemy/domains/continuous/test/auto/StopTime.xml (RunModel)" time="0.081" />
  <testcase classname="ptolemy.util.test.junit.AutoTests" name="[136] /home/travis/build/icyphy/ptII/ptolemy/domains/continuous/test/auto/StopTime2.xml (RunModel)" time="0.105" />
  <testcase classname="ptolemy.util.test.junit.AutoTests" name="[137] /home/travis/build/icyphy/ptII/ptolemy/domains/continuous/test/auto/Switch.xml (RunModel)" time="0.076" />
  <testcase classname="ptolemy.util.test.junit.AutoTests" name="[138] /home/travis/build/icyphy/ptII/ptolemy/domains/continuous/test/auto/Thermostat.xml (RunModel)" time="0.376" />
  <testcase classname="ptolemy.util.test.junit.AutoTests" name="[139] /home/travis/build/icyphy/ptII/ptolemy/domains/continuous/test/auto/TimeDelay.xml (RunModel)" time="0.02" />
  <testcase classname="ptolemy.util.test.junit.AutoTests" name="[140] /home/travis/build/icyphy/ptII/ptolemy/domains/continuous/test/auto/TimeDelay2.xml (RunModel)" time="0.03" />
  <testcase classname="ptolemy.util.test.junit.AutoTests" name="[141] /home/travis/build/icyphy/ptII/ptolemy/domains/continuous/test/auto/TimeDelay3.xml (RunModel)" time="0.011" />
  <testcase classname="ptolemy.util.test.junit.AutoTests" name="[142] /home/travis/build/icyphy/ptII/ptolemy/domains/continuous/test/auto/TransferAbsentToInside.xml (RunModel)" time="0.115" />
  <testcase classname="ptolemy.util.test.junit.AutoTests" name="[143] /home/travis/build/icyphy/ptII/ptolemy/domains/continuous/test/auto/Transmission.xml (RunModel)" time="0.911" />
  <testcase classname="ptolemy.util.test.junit.AutoTests" name="[144] /home/travis/build/icyphy/ptII/ptolemy/domains/continuous/test/auto/TriggeredContinuousClock.xml (RunModel)" time="0.07" />
  <testcase classname="ptolemy.util.test.junit.AutoTests" name="[145] /home/travis/build/icyphy/ptII/ptolemy/domains/continuous/test/auto/TwoMachineInfiniteBusControl.xml (RunModel)" time="2.671" />
  <testcase classname="ptolemy.util.test.junit.AutoTests" name="[146] /home/travis/build/icyphy/ptII/ptolemy/domains/continuous/test/auto/V2V.xml (RunModel)" time="0.859" />
  <testcase classname="ptolemy.util.test.junit.AutoTests" name="[147] /home/travis/build/icyphy/ptII/ptolemy/domains/continuous/test/auto/hierarchicalModalModel.xml (RunModel)" time="0.033" />
  <testcase classname="ptolemy.util.test.junit.AutoTests" name="[148] /home/travis/build/icyphy/ptII/ptolemy/domains/continuous/test/auto/hierarchicalModalModel1.xml (RunModel)" time="0.033" />
  <testcase classname="ptolemy.util.test.junit.AutoTests" name="[149] /home/travis/build/icyphy/ptII/ptolemy/domains/continuous/test/auto/hierarchicalModalModel2.xml (RunModel)" time="0.035" />
  <testcase classname="ptolemy.util.test.junit.AutoTests" name="[150] /home/travis/build/icyphy/ptII/ptolemy/domains/continuous/test/auto/hierarchicalModalModel3.xml (RunModel)" time="0.032" />
  <testcase classname="ptolemy.util.test.junit.AutoTests" name="[151] /home/travis/build/icyphy/ptII/ptolemy/domains/continuous/test/auto/hierarchicalModalModel4.xml (RunModel)" time="0.024" />
  <testcase classname="ptolemy.util.test.junit.AutoTests" name="[152] /home/travis/build/icyphy/ptII/ptolemy/domains/continuous/test/auto/junk.xml (RunModel)" time="0.141" />
  <system-out><![CDATA[No tcl tests in /home/travis/build/icyphy/ptII/ptolemy/domains/continuous/test
No auto/knownFailedTests/*.xml tests in /home/travis/build/icyphy/ptII/ptolemy/domains/continuous/test
No auto/linux-amd64/*.xml tests in /home/travis/build/icyphy/ptII/ptolemy/domains/continuous/test
AutoTests.java: About to close Vertx.
AutoTests.java: Vertx closed.

===========================================================================================
----------------- testing Wed Sep 30 16:21:17 UTC 2020 /home/travis/build/icyphy/ptII/ptolemy/domains/continuous/test/auto/BouncingBall.xml
----------------- Instantiating /home/travis/build/icyphy/ptII/ptolemy/domains/continuous/test/auto/BouncingBall.xml
2607 ms. Memory: 129024K Free: 94762K (73%)
----------------- Invoking toplevel() on ptolemy.moml.MoMLSimpleApplication@4f065885
----------------- Done invoking toplevel() on ptolemy.moml.MoMLSimpleApplication@4f065885
reloadAllAccessors: .BouncingBall

===========================================================================================
----------------- testing Wed Sep 30 16:21:21 UTC 2020 /home/travis/build/icyphy/ptII/ptolemy/domains/continuous/test/auto/BouncingBallWithoutGR.xml
----------------- Instantiating /home/travis/build/icyphy/ptII/ptolemy/domains/continuous/test/auto/BouncingBallWithoutGR.xml
785 ms. Memory: 155648K Free: 93175K (60%)
----------------- Invoking toplevel() on ptolemy.moml.MoMLSimpleApplication@318bf699
----------------- Done invoking toplevel() on ptolemy.moml.MoMLSimpleApplication@318bf699
reloadAllAccessors: .BouncingBallWithoutGR

===========================================================================================
----------------- testing Wed Sep 30 16:21:22 UTC 2020 /home/travis/build/icyphy/ptII/ptolemy/domains/continuous/test/auto/Brownian.xml
----------------- Instantiating /home/travis/build/icyphy/ptII/ptolemy/domains/continuous/test/auto/Brownian.xml
23 ms. Memory: 155648K Free: 83989K (54%)
----------------- Invoking toplevel() on ptolemy.moml.MoMLSimpleApplication@2873a6f1
----------------- Done invoking toplevel() on ptolemy.moml.MoMLSimpleApplication@2873a6f1
reloadAllAccessors: .Brownian

===========================================================================================
----------------- testing Wed Sep 30 16:21:22 UTC 2020 /home/travis/build/icyphy/ptII/ptolemy/domains/continuous/test/auto/CarTracking.xml
----------------- Instantiating /home/travis/build/icyphy/ptII/ptolemy/domains/continuous/test/auto/CarTracking.xml
3552 ms. Memory: 187392K Free: 82070K (44%)
----------------- Invoking toplevel() on ptolemy.moml.MoMLSimpleApplication@7f463f80
----------------- Done invoking toplevel() on ptolemy.moml.MoMLSimpleApplication@7f463f80
reloadAllAccessors: .CarTracking

===========================================================================================
----------------- testing Wed Sep 30 16:21:26 UTC 2020 /home/travis/build/icyphy/ptII/ptolemy/domains/continuous/test/auto/CartPendulum.xml
----------------- Instantiating /home/travis/build/icyphy/ptII/ptolemy/domains/continuous/test/auto/CartPendulum.xml
396 ms. Memory: 225280K Free: 137901K (61%)
----------------- Invoking toplevel() on ptolemy.moml.MoMLSimpleApplication@7e534e48
----------------- Done invoking toplevel() on ptolemy.moml.MoMLSimpleApplication@7e534e48
reloadAllAccessors: .CartPendulum

===========================================================================================
----------------- testing Wed Sep 30 16:21:26 UTC 2020 /home/travis/build/icyphy/ptII/ptolemy/domains/continuous/test/auto/CausalityInterface10.xml
----------------- Instantiating /home/travis/build/icyphy/ptII/ptolemy/domains/continuous/test/auto/CausalityInterface10.xml
20 ms. Memory: 225280K Free: 127661K (57%)
----------------- Invoking toplevel() on ptolemy.moml.MoMLSimpleApplication@3249c3db
----------------- Done invoking toplevel() on ptolemy.moml.MoMLSimpleApplication@3249c3db
reloadAllAccessors: .CausalityInterface10

===========================================================================================
----------------- testing Wed Sep 30 16:21:26 UTC 2020 /home/travis/build/icyphy/ptII/ptolemy/domains/continuous/test/auto/CausalityInterface11.xml
----------------- Instantiating /home/travis/build/icyphy/ptII/ptolemy/domains/continuous/test/auto/CausalityInterface11.xml
15 ms. Memory: 225280K Free: 121487K (54%)
----------------- Invoking toplevel() on ptolemy.moml.MoMLSimpleApplication@53dcb3b8
----------------- Done invoking toplevel() on ptolemy.moml.MoMLSimpleApplication@53dcb3b8
reloadAllAccessors: .CausalityInterface11

===========================================================================================
----------------- testing Wed Sep 30 16:21:26 UTC 2020 /home/travis/build/icyphy/ptII/ptolemy/domains/continuous/test/auto/CausalityInterface12.xml
----------------- Instantiating /home/travis/build/icyphy/ptII/ptolemy/domains/continuous/test/auto/CausalityInterface12.xml
10 ms. Memory: 225280K Free: 115359K (51%)
----------------- Invoking toplevel() on ptolemy.moml.MoMLSimpleApplication@71b279bb
----------------- Done invoking toplevel() on ptolemy.moml.MoMLSimpleApplication@71b279bb
reloadAllAccessors: .CausalityInterface12

===========================================================================================
----------------- testing Wed Sep 30 16:21:26 UTC 2020 /home/travis/build/icyphy/ptII/ptolemy/domains/continuous/test/auto/CausalityInterface13.xml
----------------- Instantiating /home/travis/build/icyphy/ptII/ptolemy/domains/continuous/test/auto/CausalityInterface13.xml
7 ms. Memory: 225280K Free: 109215K (48%)
----------------- Invoking toplevel() on ptolemy.moml.MoMLSimpleApplication@7d7d29c4
----------------- Done invoking toplevel() on ptolemy.moml.MoMLSimpleApplication@7d7d29c4
reloadAllAccessors: .CausalityInterface13

===========================================================================================
----------------- testing Wed Sep 30 16:21:26 UTC 2020 /home/travis/build/icyphy/ptII/ptolemy/domains/continuous/test/auto/CausalityInterface14.xml
----------------- Instantiating /home/travis/build/icyphy/ptII/ptolemy/domains/continuous/test/auto/CausalityInterface14.xml
4 ms. Memory: 225280K Free: 103599K (46%)
----------------- Invoking toplevel() on ptolemy.moml.MoMLSimpleApplication@1280eb8b
----------------- Done invoking toplevel() on ptolemy.moml.MoMLSimpleApplication@1280eb8b
reloadAllAccessors: .CausalityInterface14

===========================================================================================
----------------- testing Wed Sep 30 16:21:26 UTC 2020 /home/travis/build/icyphy/ptII/ptolemy/domains/continuous/test/auto/CausalityInterface4.xml
----------------- Instantiating /home/travis/build/icyphy/ptII/ptolemy/domains/continuous/test/auto/CausalityInterface4.xml
9 ms. Memory: 225280K Free: 96941K (43%)
----------------- Invoking toplevel() on ptolemy.moml.MoMLSimpleApplication@69408ddd
----------------- Done invoking toplevel() on ptolemy.moml.MoMLSimpleApplication@69408ddd
reloadAllAccessors: .CausalityInterface4

===========================================================================================
----------------- testing Wed Sep 30 16:21:27 UTC 2020 /home/travis/build/icyphy/ptII/ptolemy/domains/continuous/test/auto/CausalityInterface5.xml
----------------- Instantiating /home/travis/build/icyphy/ptII/ptolemy/domains/continuous/test/auto/CausalityInterface5.xml
4 ms. Memory: 225280K Free: 88749K (39%)
----------------- Invoking toplevel() on ptolemy.moml.MoMLSimpleApplication@6f47c08c
----------------- Done invoking toplevel() on ptolemy.moml.MoMLSimpleApplication@6f47c08c
reloadAllAccessors: .CausalityInterface5

===========================================================================================
----------------- testing Wed Sep 30 16:21:27 UTC 2020 /home/travis/build/icyphy/ptII/ptolemy/domains/continuous/test/auto/CausalityInterface6.xml
----------------- Instantiating /home/travis/build/icyphy/ptII/ptolemy/domains/continuous/test/auto/CausalityInterface6.xml
6 ms. Memory: 225280K Free: 83119K (37%)
----------------- Invoking toplevel() on ptolemy.moml.MoMLSimpleApplication@3bcf09fb
----------------- Done invoking toplevel() on ptolemy.moml.MoMLSimpleApplication@3bcf09fb
reloadAllAccessors: .CausalityInterface6

===========================================================================================
----------------- testing Wed Sep 30 16:21:27 UTC 2020 /home/travis/build/icyphy/ptII/ptolemy/domains/continuous/test/auto/CausalityInterface7.xml
----------------- Instantiating /home/travis/build/icyphy/ptII/ptolemy/domains/continuous/test/auto/CausalityInterface7.xml
18 ms. Memory: 225280K Free: 208242K (92%)
----------------- Invoking toplevel() on ptolemy.moml.MoMLSimpleApplication@3e8e2958
----------------- Done invoking toplevel() on ptolemy.moml.MoMLSimpleApplication@3e8e2958
reloadAllAccessors: .CausalityInterface7

===========================================================================================
----------------- testing Wed Sep 30 16:21:27 UTC 2020 /home/travis/build/icyphy/ptII/ptolemy/domains/continuous/test/auto/CausalityInterface8.xml
----------------- Instantiating /home/travis/build/icyphy/ptII/ptolemy/domains/continuous/test/auto/CausalityInterface8.xml
11 ms. Memory: 225280K Free: 199026K (88%)
----------------- Invoking toplevel() on ptolemy.moml.MoMLSimpleApplication@5a0d92ff
----------------- Done invoking toplevel() on ptolemy.moml.MoMLSimpleApplication@5a0d92ff
reloadAllAccessors: .CausalityInterface8

===========================================================================================
----------------- testing Wed Sep 30 16:21:27 UTC 2020 /home/travis/build/icyphy/ptII/ptolemy/domains/continuous/test/auto/CausalityInterface9.xml
----------------- Instantiating /home/travis/build/icyphy/ptII/ptolemy/domains/continuous/test/auto/CausalityInterface9.xml
6 ms. Memory: 225280K Free: 187248K (83%)
----------------- Invoking toplevel() on ptolemy.moml.MoMLSimpleApplication@3c11aa77
----------------- Done invoking toplevel() on ptolemy.moml.MoMLSimpleApplication@3c11aa77
reloadAllAccessors: .CausalityInterface9

===========================================================================================
----------------- testing Wed Sep 30 16:21:27 UTC 2020 /home/travis/build/icyphy/ptII/ptolemy/domains/continuous/test/auto/CausalityInterfaceFeedback1.xml
----------------- Instantiating /home/travis/build/icyphy/ptII/ptolemy/domains/continuous/test/auto/CausalityInterfaceFeedback1.xml
4 ms. Memory: 225280K Free: 180594K (80%)
----------------- Invoking toplevel() on ptolemy.moml.MoMLSimpleApplication@3c26daac
----------------- Done invoking toplevel() on ptolemy.moml.MoMLSimpleApplication@3c26daac
reloadAllAccessors: .CausalityInterfaceFeedback1

===========================================================================================
----------------- testing Wed Sep 30 16:21:27 UTC 2020 /home/travis/build/icyphy/ptII/ptolemy/domains/continuous/test/auto/CausalityInterfaceFeedback2.xml
----------------- Instantiating /home/travis/build/icyphy/ptII/ptolemy/domains/continuous/test/auto/CausalityInterfaceFeedback2.xml
4 ms. Memory: 225280K Free: 173922K (77%)
----------------- Invoking toplevel() on ptolemy.moml.MoMLSimpleApplication@6f08eb0a
----------------- Done invoking toplevel() on ptolemy.moml.MoMLSimpleApplication@6f08eb0a
reloadAllAccessors: .CausalityInterfaceFeedback2

===========================================================================================
----------------- testing Wed Sep 30 16:21:27 UTC 2020 /home/travis/build/icyphy/ptII/ptolemy/domains/continuous/test/auto/CompareWithCurrentTime.xml
----------------- Instantiating /home/travis/build/icyphy/ptII/ptolemy/domains/continuous/test/auto/CompareWithCurrentTime.xml
4 ms. Memory: 225280K Free: 169840K (75%)
----------------- Invoking toplevel() on ptolemy.moml.MoMLSimpleApplication@6c2d9ece
----------------- Done invoking toplevel() on ptolemy.moml.MoMLSimpleApplication@6c2d9ece
reloadAllAccessors: .CompareWithCurrentTime

===========================================================================================
----------------- testing Wed Sep 30 16:21:27 UTC 2020 /home/travis/build/icyphy/ptII/ptolemy/domains/continuous/test/auto/ComparedClocks.xml
----------------- Instantiating /home/travis/build/icyphy/ptII/ptolemy/domains/continuous/test/auto/ComparedClocks.xml
5 ms. Memory: 225280K Free: 154466K (69%)
----------------- Invoking toplevel() on ptolemy.moml.MoMLSimpleApplication@3690b88f
----------------- Done invoking toplevel() on ptolemy.moml.MoMLSimpleApplication@3690b88f
reloadAllAccessors: .ComparedClocks

===========================================================================================
----------------- testing Wed Sep 30 16:21:27 UTC 2020 /home/travis/build/icyphy/ptII/ptolemy/domains/continuous/test/auto/ContinuousAOCClone.xml
----------------- Instantiating /home/travis/build/icyphy/ptII/ptolemy/domains/continuous/test/auto/ContinuousAOCClone.xml
2549 ms. Memory: 270336K Free: 215616K (80%)
----------------- Invoking toplevel() on ptolemy.moml.MoMLSimpleApplication@5649de0c
----------------- Done invoking toplevel() on ptolemy.moml.MoMLSimpleApplication@5649de0c
reloadAllAccessors: .ContinuousAOCClone

===========================================================================================
----------------- testing Wed Sep 30 16:21:30 UTC 2020 /home/travis/build/icyphy/ptII/ptolemy/domains/continuous/test/auto/ContinuousClock.xml
----------------- Instantiating /home/travis/build/icyphy/ptII/ptolemy/domains/continuous/test/auto/ContinuousClock.xml
35 ms. Memory: 270336K Free: 194096K (72%)
----------------- Invoking toplevel() on ptolemy.moml.MoMLSimpleApplication@6fd815ad
----------------- Done invoking toplevel() on ptolemy.moml.MoMLSimpleApplication@6fd815ad
reloadAllAccessors: .ContinuousClock

===========================================================================================
----------------- testing Wed Sep 30 16:21:30 UTC 2020 /home/travis/build/icyphy/ptII/ptolemy/domains/continuous/test/auto/ContinuousInContinuous.xml
----------------- Instantiating /home/travis/build/icyphy/ptII/ptolemy/domains/continuous/test/auto/ContinuousInContinuous.xml
43 ms. Memory: 270336K Free: 170568K (63%)
----------------- Invoking toplevel() on ptolemy.moml.MoMLSimpleApplication@1701a4eb
----------------- Done invoking toplevel() on ptolemy.moml.MoMLSimpleApplication@1701a4eb
reloadAllAccessors: .ContinuousInContinuous

===========================================================================================
----------------- testing Wed Sep 30 16:21:30 UTC 2020 /home/travis/build/icyphy/ptII/ptolemy/domains/continuous/test/auto/ContinuousInContinuousInContinuous.xml
----------------- Instantiating /home/travis/build/icyphy/ptII/ptolemy/domains/continuous/test/auto/ContinuousInContinuousInContinuous.xml
7 ms. Memory: 270336K Free: 162896K (60%)
----------------- Invoking toplevel() on ptolemy.moml.MoMLSimpleApplication@13d192ba
----------------- Done invoking toplevel() on ptolemy.moml.MoMLSimpleApplication@13d192ba
reloadAllAccessors: .ContinuousInContinuousInContinuous

===========================================================================================
----------------- testing Wed Sep 30 16:21:30 UTC 2020 /home/travis/build/icyphy/ptII/ptolemy/domains/continuous/test/auto/ContinuousInDE.xml
----------------- Instantiating /home/travis/build/icyphy/ptII/ptolemy/domains/continuous/test/auto/ContinuousInDE.xml
100 ms. Memory: 270336K Free: 152656K (56%)
----------------- Invoking toplevel() on ptolemy.moml.MoMLSimpleApplication@270c5f67
----------------- Done invoking toplevel() on ptolemy.moml.MoMLSimpleApplication@270c5f67
reloadAllAccessors: .ContinuousInDE

===========================================================================================
----------------- testing Wed Sep 30 16:21:30 UTC 2020 /home/travis/build/icyphy/ptII/ptolemy/domains/continuous/test/auto/ContinuousInDE2.xml
----------------- Instantiating /home/travis/build/icyphy/ptII/ptolemy/domains/continuous/test/auto/ContinuousInDE2.xml
33 ms. Memory: 270336K Free: 142926K (53%)
----------------- Invoking toplevel() on ptolemy.moml.MoMLSimpleApplication@6d57819e
----------------- Done invoking toplevel() on ptolemy.moml.MoMLSimpleApplication@6d57819e
reloadAllAccessors: .ContinuousInDE2

===========================================================================================
----------------- testing Wed Sep 30 16:21:30 UTC 2020 /home/travis/build/icyphy/ptII/ptolemy/domains/continuous/test/auto/ContinuousInDE3.xml
----------------- Instantiating /home/travis/build/icyphy/ptII/ptolemy/domains/continuous/test/auto/ContinuousInDE3.xml
36 ms. Memory: 270336K Free: 133200K (49%)
----------------- Invoking toplevel() on ptolemy.moml.MoMLSimpleApplication@608ea1a
----------------- Done invoking toplevel() on ptolemy.moml.MoMLSimpleApplication@608ea1a
reloadAllAccessors: .ContinuousInDE3

===========================================================================================
----------------- testing Wed Sep 30 16:21:30 UTC 2020 /home/travis/build/icyphy/ptII/ptolemy/domains/continuous/test/auto/ContinuousInDE4.xml
----------------- Instantiating /home/travis/build/icyphy/ptII/ptolemy/domains/continuous/test/auto/ContinuousInDE4.xml
12 ms. Memory: 270336K Free: 127056K (47%)
----------------- Invoking toplevel() on ptolemy.moml.MoMLSimpleApplication@1b204af9
----------------- Done invoking toplevel() on ptolemy.moml.MoMLSimpleApplication@1b204af9
reloadAllAccessors: .ContinuousInDE4

===========================================================================================
----------------- testing Wed Sep 30 16:21:30 UTC 2020 /home/travis/build/icyphy/ptII/ptolemy/domains/continuous/test/auto/ContinuousInDEDifferentRefinements.xml
----------------- Instantiating /home/travis/build/icyphy/ptII/ptolemy/domains/continuous/test/auto/ContinuousInDEDifferentRefinements.xml
52 ms. Memory: 270336K Free: 95808K (35%)
----------------- Invoking toplevel() on ptolemy.moml.MoMLSimpleApplication@62913ad3
----------------- Done invoking toplevel() on ptolemy.moml.MoMLSimpleApplication@62913ad3
reloadAllAccessors: .ContinuousInDEDifferentRefinements

===========================================================================================
----------------- testing Wed Sep 30 16:21:30 UTC 2020 /home/travis/build/icyphy/ptII/ptolemy/domains/continuous/test/auto/ContinuousInDEDifferentRefinementsPreemptive.xml
----------------- Instantiating /home/travis/build/icyphy/ptII/ptolemy/domains/continuous/test/auto/ContinuousInDEDifferentRefinementsPreemptive.xml
50 ms. Memory: 270336K Free: 226285K (84%)
----------------- Invoking toplevel() on ptolemy.moml.MoMLSimpleApplication@7af5d862
----------------- Done invoking toplevel() on ptolemy.moml.MoMLSimpleApplication@7af5d862
reloadAllAccessors: .ContinuousInDEDifferentRefinementsPreemptive

===========================================================================================
----------------- testing Wed Sep 30 16:21:30 UTC 2020 /home/travis/build/icyphy/ptII/ptolemy/domains/continuous/test/auto/ContinuousInDEInContinuous2.xml
----------------- Instantiating /home/travis/build/icyphy/ptII/ptolemy/domains/continuous/test/auto/ContinuousInDEInContinuous2.xml
41 ms. Memory: 270336K Free: 215021K (80%)
----------------- Invoking toplevel() on ptolemy.moml.MoMLSimpleApplication@5351c36e
----------------- Done invoking toplevel() on ptolemy.moml.MoMLSimpleApplication@5351c36e
reloadAllAccessors: .ContinuousInDEInContinuous2

===========================================================================================
----------------- testing Wed Sep 30 16:21:30 UTC 2020 /home/travis/build/icyphy/ptII/ptolemy/domains/continuous/test/auto/ContinuousInDEInContinuous3.xml
----------------- Instantiating /home/travis/build/icyphy/ptII/ptolemy/domains/continuous/test/auto/ContinuousInDEInContinuous3.xml
30 ms. Memory: 270336K Free: 202733K (75%)
----------------- Invoking toplevel() on ptolemy.moml.MoMLSimpleApplication@7e4c6b80
----------------- Done invoking toplevel() on ptolemy.moml.MoMLSimpleApplication@7e4c6b80
reloadAllAccessors: .ContinuousInDEInContinuous3

===========================================================================================
----------------- testing Wed Sep 30 16:21:30 UTC 2020 /home/travis/build/icyphy/ptII/ptolemy/domains/continuous/test/auto/ContinuousInDEInput.xml
----------------- Instantiating /home/travis/build/icyphy/ptII/ptolemy/domains/continuous/test/auto/ContinuousInDEInput.xml
13 ms. Memory: 270336K Free: 195565K (72%)
----------------- Invoking toplevel() on ptolemy.moml.MoMLSimpleApplication@4ca47b1b
----------------- Done invoking toplevel() on ptolemy.moml.MoMLSimpleApplication@4ca47b1b
reloadAllAccessors: .ContinuousInDEInput

===========================================================================================
----------------- testing Wed Sep 30 16:21:30 UTC 2020 /home/travis/build/icyphy/ptII/ptolemy/domains/continuous/test/auto/ContinuousInDEInput2.xml
----------------- Instantiating /home/travis/build/icyphy/ptII/ptolemy/domains/continuous/test/auto/ContinuousInDEInput2.xml
13 ms. Memory: 270336K Free: 188397K (70%)
----------------- Invoking toplevel() on ptolemy.moml.MoMLSimpleApplication@3d071c9c
----------------- Done invoking toplevel() on ptolemy.moml.MoMLSimpleApplication@3d071c9c
reloadAllAccessors: .ContinuousInDEInput2

===========================================================================================
----------------- testing Wed Sep 30 16:21:31 UTC 2020 /home/travis/build/icyphy/ptII/ptolemy/domains/continuous/test/auto/ContinuousInDEInput3.xml
----------------- Instantiating /home/travis/build/icyphy/ptII/ptolemy/domains/continuous/test/auto/ContinuousInDEInput3.xml
10 ms. Memory: 270336K Free: 181229K (67%)
----------------- Invoking toplevel() on ptolemy.moml.MoMLSimpleApplication@64860527
----------------- Done invoking toplevel() on ptolemy.moml.MoMLSimpleApplication@64860527
reloadAllAccessors: .ContinuousInDEInput3

===========================================================================================
----------------- testing Wed Sep 30 16:21:31 UTC 2020 /home/travis/build/icyphy/ptII/ptolemy/domains/continuous/test/auto/ContinuousInDESharingRefinement.xml
----------------- Instantiating /home/travis/build/icyphy/ptII/ptolemy/domains/continuous/test/auto/ContinuousInDESharingRefinement.xml
149 ms. Memory: 270336K Free: 247396K (92%)
----------------- Invoking toplevel() on ptolemy.moml.MoMLSimpleApplication@68b80e70
----------------- Done invoking toplevel() on ptolemy.moml.MoMLSimpleApplication@68b80e70
reloadAllAccessors: .ContinuousInDESharingRefinement

===========================================================================================
----------------- testing Wed Sep 30 16:21:31 UTC 2020 /home/travis/build/icyphy/ptII/ptolemy/domains/continuous/test/auto/ContinuousInDEwithNoPorts.xml
----------------- Instantiating /home/travis/build/icyphy/ptII/ptolemy/domains/continuous/test/auto/ContinuousInDEwithNoPorts.xml
5 ms. Memory: 270336K Free: 242790K (90%)
----------------- Invoking toplevel() on ptolemy.moml.MoMLSimpleApplication@7859f55b
----------------- Done invoking toplevel() on ptolemy.moml.MoMLSimpleApplication@7859f55b
reloadAllAccessors: .ContinuousInDEwithNoPorts

===========================================================================================
----------------- testing Wed Sep 30 16:21:31 UTC 2020 /home/travis/build/icyphy/ptII/ptolemy/domains/continuous/test/auto/ContinuousInsideDE.xml
----------------- Instantiating /home/travis/build/icyphy/ptII/ptolemy/domains/continuous/test/auto/ContinuousInsideDE.xml
38 ms. Memory: 270336K Free: 231012K (85%)
----------------- Invoking toplevel() on ptolemy.moml.MoMLSimpleApplication@60d2a231
----------------- Done invoking toplevel() on ptolemy.moml.MoMLSimpleApplication@60d2a231
reloadAllAccessors: .ContinuousInsideDE

===========================================================================================
----------------- testing Wed Sep 30 16:21:31 UTC 2020 /home/travis/build/icyphy/ptII/ptolemy/domains/continuous/test/auto/ContinuousMerge1.xml
----------------- Instantiating /home/travis/build/icyphy/ptII/ptolemy/domains/continuous/test/auto/ContinuousMerge1.xml
3 ms. Memory: 270336K Free: 226886K (84%)
----------------- Invoking toplevel() on ptolemy.moml.MoMLSimpleApplication@48683a1f
----------------- Done invoking toplevel() on ptolemy.moml.MoMLSimpleApplication@48683a1f
reloadAllAccessors: .ContinuousMerge1

===========================================================================================
----------------- testing Wed Sep 30 16:21:31 UTC 2020 /home/travis/build/icyphy/ptII/ptolemy/domains/continuous/test/auto/ContinuousMerge2.xml
----------------- Instantiating /home/travis/build/icyphy/ptII/ptolemy/domains/continuous/test/auto/ContinuousMerge2.xml
15 ms. Memory: 270336K Free: 216676K (80%)
----------------- Invoking toplevel() on ptolemy.moml.MoMLSimpleApplication@54b9af9c
----------------- Done invoking toplevel() on ptolemy.moml.MoMLSimpleApplication@54b9af9c
reloadAllAccessors: .ContinuousMerge2

===========================================================================================
----------------- testing Wed Sep 30 16:21:31 UTC 2020 /home/travis/build/icyphy/ptII/ptolemy/domains/continuous/test/auto/ContinuousMerge3.xml
----------------- Instantiating /home/travis/build/icyphy/ptII/ptolemy/domains/continuous/test/auto/ContinuousMerge3.xml
49 ms. Memory: 270336K Free: 205926K (76%)
----------------- Invoking toplevel() on ptolemy.moml.MoMLSimpleApplication@50bce694
----------------- Done invoking toplevel() on ptolemy.moml.MoMLSimpleApplication@50bce694
reloadAllAccessors: .ContinuousMerge3

===========================================================================================
----------------- testing Wed Sep 30 16:21:31 UTC 2020 /home/travis/build/icyphy/ptII/ptolemy/domains/continuous/test/auto/ContinuousWithinContinuous.xml
----------------- Instantiating /home/travis/build/icyphy/ptII/ptolemy/domains/continuous/test/auto/ContinuousWithinContinuous.xml
35 ms. Memory: 270336K Free: 196710K (73%)
----------------- Invoking toplevel() on ptolemy.moml.MoMLSimpleApplication@43780bc2
----------------- Done invoking toplevel() on ptolemy.moml.MoMLSimpleApplication@43780bc2
reloadAllAccessors: .ContinuousWithinContinuous

===========================================================================================
----------------- testing Wed Sep 30 16:21:31 UTC 2020 /home/travis/build/icyphy/ptII/ptolemy/domains/continuous/test/auto/ContinuousWithinContinuous2.xml
----------------- Instantiating /home/travis/build/icyphy/ptII/ptolemy/domains/continuous/test/auto/ContinuousWithinContinuous2.xml
71 ms. Memory: 270336K Free: 186470K (69%)
----------------- Invoking toplevel() on ptolemy.moml.MoMLSimpleApplication@3859e7bc
----------------- Done invoking toplevel() on ptolemy.moml.MoMLSimpleApplication@3859e7bc
reloadAllAccessors: .ContinuousWithinContinuous2

===========================================================================================
----------------- testing Wed Sep 30 16:21:31 UTC 2020 /home/travis/build/icyphy/ptII/ptolemy/domains/continuous/test/auto/ContinuousWithinContinuous3.xml
----------------- Instantiating /home/travis/build/icyphy/ptII/ptolemy/domains/continuous/test/auto/ContinuousWithinContinuous3.xml
16 ms. Memory: 270336K Free: 179812K (67%)
----------------- Invoking toplevel() on ptolemy.moml.MoMLSimpleApplication@1d73ca11
----------------- Done invoking toplevel() on ptolemy.moml.MoMLSimpleApplication@1d73ca11
reloadAllAccessors: .ContinuousWithinContinuous3

===========================================================================================
----------------- testing Wed Sep 30 16:21:31 UTC 2020 /home/travis/build/icyphy/ptII/ptolemy/domains/continuous/test/auto/ContinuousWithinContinuous4.xml
----------------- Instantiating /home/travis/build/icyphy/ptII/ptolemy/domains/continuous/test/auto/ContinuousWithinContinuous4.xml
81 ms. Memory: 270336K Free: 167524K (62%)
----------------- Invoking toplevel() on ptolemy.moml.MoMLSimpleApplication@63ca77f
----------------- Done invoking toplevel() on ptolemy.moml.MoMLSimpleApplication@63ca77f
reloadAllAccessors: .ContinuousWithinContinuous4

===========================================================================================
----------------- testing Wed Sep 30 16:21:31 UTC 2020 /home/travis/build/icyphy/ptII/ptolemy/domains/continuous/test/auto/ContinuousWithinContinuous5.xml
----------------- Instantiating /home/travis/build/icyphy/ptII/ptolemy/domains/continuous/test/auto/ContinuousWithinContinuous5.xml
16 ms. Memory: 270336K Free: 160356K (59%)
----------------- Invoking toplevel() on ptolemy.moml.MoMLSimpleApplication@7844dad9
----------------- Done invoking toplevel() on ptolemy.moml.MoMLSimpleApplication@7844dad9
reloadAllAccessors: .ContinuousWithinContinuous5

===========================================================================================
----------------- testing Wed Sep 30 16:21:31 UTC 2020 /home/travis/build/icyphy/ptII/ptolemy/domains/continuous/test/auto/ContinuousWithinContinuous6.xml
----------------- Instantiating /home/travis/build/icyphy/ptII/ptolemy/domains/continuous/test/auto/ContinuousWithinContinuous6.xml
15 ms. Memory: 270336K Free: 153188K (57%)
----------------- Invoking toplevel() on ptolemy.moml.MoMLSimpleApplication@5e0ec3ae
----------------- Done invoking toplevel() on ptolemy.moml.MoMLSimpleApplication@5e0ec3ae
reloadAllAccessors: .ContinuousWithinContinuous6

===========================================================================================
----------------- testing Wed Sep 30 16:21:31 UTC 2020 /home/travis/build/icyphy/ptII/ptolemy/domains/continuous/test/auto/ContinuousWithinContinuous7.xml
----------------- Instantiating /home/travis/build/icyphy/ptII/ptolemy/domains/continuous/test/auto/ContinuousWithinContinuous7.xml
62 ms. Memory: 270336K Free: 142438K (53%)
----------------- Invoking toplevel() on ptolemy.moml.MoMLSimpleApplication@429e0f1f
----------------- Done invoking toplevel() on ptolemy.moml.MoMLSimpleApplication@429e0f1f
reloadAllAccessors: .ContinuousWithinContinuous7

===========================================================================================
----------------- testing Wed Sep 30 16:21:31 UTC 2020 /home/travis/build/icyphy/ptII/ptolemy/domains/continuous/test/auto/DCMotor.xml
----------------- Instantiating /home/travis/build/icyphy/ptII/ptolemy/domains/continuous/test/auto/DCMotor.xml
14312 ms. Memory: 270336K Free: 123601K (46%)
----------------- Invoking toplevel() on ptolemy.moml.MoMLSimpleApplication@55877819
----------------- Done invoking toplevel() on ptolemy.moml.MoMLSimpleApplication@55877819
reloadAllAccessors: .DCMotor

===========================================================================================
----------------- testing Wed Sep 30 16:21:46 UTC 2020 /home/travis/build/icyphy/ptII/ptolemy/domains/continuous/test/auto/DEInContinuous.xml
----------------- Instantiating /home/travis/build/icyphy/ptII/ptolemy/domains/continuous/test/auto/DEInContinuous.xml
27 ms. Memory: 270336K Free: 117457K (43%)
----------------- Invoking toplevel() on ptolemy.moml.MoMLSimpleApplication@4f67d706
----------------- Done invoking toplevel() on ptolemy.moml.MoMLSimpleApplication@4f67d706
reloadAllAccessors: .DEInContinuous

===========================================================================================
----------------- testing Wed Sep 30 16:21:46 UTC 2020 /home/travis/build/icyphy/ptII/ptolemy/domains/continuous/test/auto/DEinContinuous2.xml
----------------- Instantiating /home/travis/build/icyphy/ptII/ptolemy/domains/continuous/test/auto/DEinContinuous2.xml
10 ms. Memory: 270336K Free: 109265K (40%)
----------------- Invoking toplevel() on ptolemy.moml.MoMLSimpleApplication@69da65b6
----------------- Done invoking toplevel() on ptolemy.moml.MoMLSimpleApplication@69da65b6
reloadAllAccessors: .DEinContinuous2

===========================================================================================
----------------- testing Wed Sep 30 16:21:46 UTC 2020 /home/travis/build/icyphy/ptII/ptolemy/domains/continuous/test/auto/Derivative.xml
----------------- Instantiating /home/travis/build/icyphy/ptII/ptolemy/domains/continuous/test/auto/Derivative.xml
171 ms. Memory: 270336K Free: 239765K (89%)
----------------- Invoking toplevel() on ptolemy.moml.MoMLSimpleApplication@3541e32b
----------------- Done invoking toplevel() on ptolemy.moml.MoMLSimpleApplication@3541e32b
reloadAllAccessors: .Derivative2

===========================================================================================
----------------- testing Wed Sep 30 16:21:46 UTC 2020 /home/travis/build/icyphy/ptII/ptolemy/domains/continuous/test/auto/Derivative1.xml
----------------- Instantiating /home/travis/build/icyphy/ptII/ptolemy/domains/continuous/test/auto/Derivative1.xml
31 ms. Memory: 270336K Free: 225429K (83%)
----------------- Invoking toplevel() on ptolemy.moml.MoMLSimpleApplication@3bd280f0
----------------- Done invoking toplevel() on ptolemy.moml.MoMLSimpleApplication@3bd280f0
reloadAllAccessors: .Derivative1

===========================================================================================
----------------- testing Wed Sep 30 16:21:46 UTC 2020 /home/travis/build/icyphy/ptII/ptolemy/domains/continuous/test/auto/DiscreteClock.xml
----------------- Instantiating /home/travis/build/icyphy/ptII/ptolemy/domains/continuous/test/auto/DiscreteClock.xml
3 ms. Memory: 270336K Free: 219795K (81%)
----------------- Invoking toplevel() on ptolemy.moml.MoMLSimpleApplication@2964704d
----------------- Done invoking toplevel() on ptolemy.moml.MoMLSimpleApplication@2964704d
reloadAllAccessors: .DiscreteClock

===========================================================================================
----------------- testing Wed Sep 30 16:21:46 UTC 2020 /home/travis/build/icyphy/ptII/ptolemy/domains/continuous/test/auto/EfficiencyCurve.xml
----------------- Instantiating /home/travis/build/icyphy/ptII/ptolemy/domains/continuous/test/auto/EfficiencyCurve.xml
60 ms. Memory: 270336K Free: 210579K (78%)
----------------- Invoking toplevel() on ptolemy.moml.MoMLSimpleApplication@2fdce27d
----------------- Done invoking toplevel() on ptolemy.moml.MoMLSimpleApplication@2fdce27d
reloadAllAccessors: .EfficiencyCurve

===========================================================================================
----------------- testing Wed Sep 30 16:21:46 UTC 2020 /home/travis/build/icyphy/ptII/ptolemy/domains/continuous/test/auto/ExponentialResponse.xml
----------------- Instantiating /home/travis/build/icyphy/ptII/ptolemy/domains/continuous/test/auto/ExponentialResponse.xml
133 ms. Memory: 270336K Free: 194709K (72%)
----------------- Invoking toplevel() on ptolemy.moml.MoMLSimpleApplication@10100f7
----------------- Done invoking toplevel() on ptolemy.moml.MoMLSimpleApplication@10100f7
reloadAllAccessors: .ExponentialResponse

===========================================================================================
----------------- testing Wed Sep 30 16:21:46 UTC 2020 /home/travis/build/icyphy/ptII/ptolemy/domains/continuous/test/auto/ExponentialResponseRK45.xml
----------------- Instantiating /home/travis/build/icyphy/ptII/ptolemy/domains/continuous/test/auto/ExponentialResponseRK45.xml
39 ms. Memory: 270336K Free: 188051K (70%)
----------------- Invoking toplevel() on ptolemy.moml.MoMLSimpleApplication@42090140
----------------- Done invoking toplevel() on ptolemy.moml.MoMLSimpleApplication@42090140
reloadAllAccessors: .ExponentialResponseRK45

===========================================================================================
----------------- testing Wed Sep 30 16:21:47 UTC 2020 /home/travis/build/icyphy/ptII/ptolemy/domains/continuous/test/auto/Friction.xml
----------------- Instantiating /home/travis/build/icyphy/ptII/ptolemy/domains/continuous/test/auto/Friction.xml
1794 ms. Memory: 270336K Free: 244332K (90%)
----------------- Invoking toplevel() on ptolemy.moml.MoMLSimpleApplication@68a8f887
----------------- Done invoking toplevel() on ptolemy.moml.MoMLSimpleApplication@68a8f887
reloadAllAccessors: .Friction

===========================================================================================
----------------- testing Wed Sep 30 16:21:48 UTC 2020 /home/travis/build/icyphy/ptII/ptolemy/domains/continuous/test/auto/FurutaPendulum.xml
----------------- Instantiating /home/travis/build/icyphy/ptII/ptolemy/domains/continuous/test/auto/FurutaPendulum.xml
3364 ms. Memory: 270336K Free: 232012K (86%)
----------------- Invoking toplevel() on ptolemy.moml.MoMLSimpleApplication@5785060a
----------------- Done invoking toplevel() on ptolemy.moml.MoMLSimpleApplication@5785060a
reloadAllAccessors: .FurutaPendulum

===========================================================================================
----------------- testing Wed Sep 30 16:21:52 UTC 2020 /home/travis/build/icyphy/ptII/ptolemy/domains/continuous/test/auto/HierarchicalExecution.xml
----------------- Instantiating /home/travis/build/icyphy/ptII/ptolemy/domains/continuous/test/auto/HierarchicalExecution.xml
1860 ms. Memory: 270336K Free: 109625K (41%)
----------------- Invoking toplevel() on ptolemy.moml.MoMLSimpleApplication@671da3fb
----------------- Done invoking toplevel() on ptolemy.moml.MoMLSimpleApplication@671da3fb
reloadAllAccessors: .HierarchicalExecution

===========================================================================================
----------------- testing Wed Sep 30 16:21:54 UTC 2020 /home/travis/build/icyphy/ptII/ptolemy/domains/continuous/test/auto/HybridPlant.xml
----------------- Instantiating /home/travis/build/icyphy/ptII/ptolemy/domains/continuous/test/auto/HybridPlant.xml
541 ms. Memory: 270336K Free: 165045K (61%)
----------------- Invoking toplevel() on ptolemy.moml.MoMLSimpleApplication@779e8567
----------------- Done invoking toplevel() on ptolemy.moml.MoMLSimpleApplication@779e8567
reloadAllAccessors: .HybridPlant

===========================================================================================
----------------- testing Wed Sep 30 16:21:55 UTC 2020 /home/travis/build/icyphy/ptII/ptolemy/domains/continuous/test/auto/Hysteresis.xml
----------------- Instantiating /home/travis/build/icyphy/ptII/ptolemy/domains/continuous/test/auto/Hysteresis.xml
153 ms. Memory: 270336K Free: 102596K (38%)
----------------- Invoking toplevel() on ptolemy.moml.MoMLSimpleApplication@538159f0
----------------- Done invoking toplevel() on ptolemy.moml.MoMLSimpleApplication@538159f0
reloadAllAccessors: .Hysteresis

===========================================================================================
----------------- testing Wed Sep 30 16:21:55 UTC 2020 /home/travis/build/icyphy/ptII/ptolemy/domains/continuous/test/auto/HysteresisWithRandomDelay.xml
----------------- Instantiating /home/travis/build/icyphy/ptII/ptolemy/domains/continuous/test/auto/HysteresisWithRandomDelay.xml
189 ms. Memory: 270336K Free: 191958K (71%)
----------------- Invoking toplevel() on ptolemy.moml.MoMLSimpleApplication@72912450
----------------- Done invoking toplevel() on ptolemy.moml.MoMLSimpleApplication@72912450
reloadAllAccessors: .HysteresisWithRandomDelay

===========================================================================================
----------------- testing Wed Sep 30 16:21:55 UTC 2020 /home/travis/build/icyphy/ptII/ptolemy/domains/continuous/test/auto/HysteresisWithRandomLosses.xml
----------------- Instantiating /home/travis/build/icyphy/ptII/ptolemy/domains/continuous/test/auto/HysteresisWithRandomLosses.xml
2519 ms. Memory: 270336K Free: 250710K (93%)
----------------- Invoking toplevel() on ptolemy.moml.MoMLSimpleApplication@5a4992cd
----------------- Done invoking toplevel() on ptolemy.moml.MoMLSimpleApplication@5a4992cd
reloadAllAccessors: .HysteresisWithRandomLosses

===========================================================================================
----------------- testing Wed Sep 30 16:21:58 UTC 2020 /home/travis/build/icyphy/ptII/ptolemy/domains/continuous/test/auto/ImmediateTransitions.xml
----------------- Instantiating /home/travis/build/icyphy/ptII/ptolemy/domains/continuous/test/auto/ImmediateTransitions.xml
12 ms. Memory: 270336K Free: 239429K (89%)
----------------- Invoking toplevel() on ptolemy.moml.MoMLSimpleApplication@68b9143a
----------------- Done invoking toplevel() on ptolemy.moml.MoMLSimpleApplication@68b9143a
reloadAllAccessors: .ImmediateTransitions

===========================================================================================
----------------- testing Wed Sep 30 16:21:58 UTC 2020 /home/travis/build/icyphy/ptII/ptolemy/domains/continuous/test/auto/ImpulseFeedback.xml
----------------- Instantiating /home/travis/build/icyphy/ptII/ptolemy/domains/continuous/test/auto/ImpulseFeedback.xml
10 ms. Memory: 270336K Free: 233830K (86%)
----------------- Invoking toplevel() on ptolemy.moml.MoMLSimpleApplication@660c50a3
----------------- Done invoking toplevel() on ptolemy.moml.MoMLSimpleApplication@660c50a3
reloadAllAccessors: .ImpulseFeedback

===========================================================================================
----------------- testing Wed Sep 30 16:21:58 UTC 2020 /home/travis/build/icyphy/ptII/ptolemy/domains/continuous/test/auto/ImpulseFeedback2.xml
----------------- Instantiating /home/travis/build/icyphy/ptII/ptolemy/domains/continuous/test/auto/ImpulseFeedback2.xml
5 ms. Memory: 270336K Free: 228196K (84%)
----------------- Invoking toplevel() on ptolemy.moml.MoMLSimpleApplication@109b87b
----------------- Done invoking toplevel() on ptolemy.moml.MoMLSimpleApplication@109b87b
reloadAllAccessors: .ImpulseFeedback2

===========================================================================================
----------------- testing Wed Sep 30 16:21:58 UTC 2020 /home/travis/build/icyphy/ptII/ptolemy/domains/continuous/test/auto/IncreasingRatePoisson.xml
----------------- Instantiating /home/travis/build/icyphy/ptII/ptolemy/domains/continuous/test/auto/IncreasingRatePoisson.xml
830 ms. Memory: 324608K Free: 140261K (43%)
----------------- Invoking toplevel() on ptolemy.moml.MoMLSimpleApplication@3e3738dc
----------------- Done invoking toplevel() on ptolemy.moml.MoMLSimpleApplication@3e3738dc
reloadAllAccessors: .IncreasingRatePoisson

===========================================================================================
----------------- testing Wed Sep 30 16:21:59 UTC 2020 /home/travis/build/icyphy/ptII/ptolemy/domains/continuous/test/auto/InitialStateFeedback.xml
----------------- Instantiating /home/travis/build/icyphy/ptII/ptolemy/domains/continuous/test/auto/InitialStateFeedback.xml
4 ms. Memory: 324608K Free: 135651K (42%)
----------------- Invoking toplevel() on ptolemy.moml.MoMLSimpleApplication@4c720560
----------------- Done invoking toplevel() on ptolemy.moml.MoMLSimpleApplication@4c720560
reloadAllAccessors: .InitialStateFeedback

===========================================================================================
----------------- testing Wed Sep 30 16:21:59 UTC 2020 /home/travis/build/icyphy/ptII/ptolemy/domains/continuous/test/auto/Integration.xml
----------------- Instantiating /home/travis/build/icyphy/ptII/ptolemy/domains/continuous/test/auto/Integration.xml
2 ms. Memory: 324608K Free: 131555K (41%)
----------------- Invoking toplevel() on ptolemy.moml.MoMLSimpleApplication@3214d3ad
----------------- Done invoking toplevel() on ptolemy.moml.MoMLSimpleApplication@3214d3ad
reloadAllAccessors: .Integration

===========================================================================================
----------------- testing Wed Sep 30 16:21:59 UTC 2020 /home/travis/build/icyphy/ptII/ptolemy/domains/continuous/test/auto/Integration2.xml
----------------- Instantiating /home/travis/build/icyphy/ptII/ptolemy/domains/continuous/test/auto/Integration2.xml
81 ms. Memory: 324608K Free: 117219K (36%)
----------------- Invoking toplevel() on ptolemy.moml.MoMLSimpleApplication@5ce92efc
----------------- Done invoking toplevel() on ptolemy.moml.MoMLSimpleApplication@5ce92efc
reloadAllAccessors: .Integration2

===========================================================================================
----------------- testing Wed Sep 30 16:21:59 UTC 2020 /home/travis/build/icyphy/ptII/ptolemy/domains/continuous/test/auto/Integration3.xml
----------------- Instantiating /home/travis/build/icyphy/ptII/ptolemy/domains/continuous/test/auto/Integration3.xml
3 ms. Memory: 324608K Free: 306735K (94%)
----------------- Invoking toplevel() on ptolemy.moml.MoMLSimpleApplication@4234c60f
----------------- Done invoking toplevel() on ptolemy.moml.MoMLSimpleApplication@4234c60f
reloadAllAccessors: .Integration3

===========================================================================================
----------------- testing Wed Sep 30 16:21:59 UTC 2020 /home/travis/build/icyphy/ptII/ptolemy/domains/continuous/test/auto/Integration5.xml
----------------- Instantiating /home/travis/build/icyphy/ptII/ptolemy/domains/continuous/test/auto/Integration5.xml
2 ms. Memory: 324608K Free: 302653K (93%)
----------------- Invoking toplevel() on ptolemy.moml.MoMLSimpleApplication@3be92c78
----------------- Done invoking toplevel() on ptolemy.moml.MoMLSimpleApplication@3be92c78
reloadAllAccessors: .Integration5

===========================================================================================
----------------- testing Wed Sep 30 16:21:59 UTC 2020 /home/travis/build/icyphy/ptII/ptolemy/domains/continuous/test/auto/IntegratorImpulse.xml
----------------- Instantiating /home/travis/build/icyphy/ptII/ptolemy/domains/continuous/test/auto/IntegratorImpulse.xml
2 ms. Memory: 324608K Free: 298551K (92%)
----------------- Invoking toplevel() on ptolemy.moml.MoMLSimpleApplication@73d457b9
----------------- Done invoking toplevel() on ptolemy.moml.MoMLSimpleApplication@73d457b9
reloadAllAccessors: .IntegratorImpulse

===========================================================================================
----------------- testing Wed Sep 30 16:21:59 UTC 2020 /home/travis/build/icyphy/ptII/ptolemy/domains/continuous/test/auto/IntegratorImpulse2.xml
----------------- Instantiating /home/travis/build/icyphy/ptII/ptolemy/domains/continuous/test/auto/IntegratorImpulse2.xml
3 ms. Memory: 324608K Free: 293951K (91%)
----------------- Invoking toplevel() on ptolemy.moml.MoMLSimpleApplication@49b3cd74
----------------- Done invoking toplevel() on ptolemy.moml.MoMLSimpleApplication@49b3cd74
reloadAllAccessors: .IntegratorImpulse2

===========================================================================================
----------------- testing Wed Sep 30 16:21:59 UTC 2020 /home/travis/build/icyphy/ptII/ptolemy/domains/continuous/test/auto/LevelCrossing1.xml
----------------- Instantiating /home/travis/build/icyphy/ptII/ptolemy/domains/continuous/test/auto/LevelCrossing1.xml
2 ms. Memory: 324608K Free: 288831K (89%)
----------------- Invoking toplevel() on ptolemy.moml.MoMLSimpleApplication@23d7ca4b
----------------- Done invoking toplevel() on ptolemy.moml.MoMLSimpleApplication@23d7ca4b
reloadAllAccessors: .LevelCrossing1

===========================================================================================
----------------- testing Wed Sep 30 16:21:59 UTC 2020 /home/travis/build/icyphy/ptII/ptolemy/domains/continuous/test/auto/LevelCrossing2.xml
----------------- Instantiating /home/travis/build/icyphy/ptII/ptolemy/domains/continuous/test/auto/LevelCrossing2.xml
5 ms. Memory: 324608K Free: 283711K (87%)
----------------- Invoking toplevel() on ptolemy.moml.MoMLSimpleApplication@2b60951e
----------------- Done invoking toplevel() on ptolemy.moml.MoMLSimpleApplication@2b60951e
reloadAllAccessors: .LevelCrossing2

===========================================================================================
----------------- testing Wed Sep 30 16:21:59 UTC 2020 /home/travis/build/icyphy/ptII/ptolemy/domains/continuous/test/auto/LevelCrossing3.xml
----------------- Instantiating /home/travis/build/icyphy/ptII/ptolemy/domains/continuous/test/auto/LevelCrossing3.xml
2 ms. Memory: 324608K Free: 278591K (86%)
----------------- Invoking toplevel() on ptolemy.moml.MoMLSimpleApplication@5460ca52
----------------- Done invoking toplevel() on ptolemy.moml.MoMLSimpleApplication@5460ca52
reloadAllAccessors: .LevelCrossing3

===========================================================================================
----------------- testing Wed Sep 30 16:21:59 UTC 2020 /home/travis/build/icyphy/ptII/ptolemy/domains/continuous/test/auto/LevelCrossing4.xml
----------------- Instantiating /home/travis/build/icyphy/ptII/ptolemy/domains/continuous/test/auto/LevelCrossing4.xml
3 ms. Memory: 324608K Free: 273471K (84%)
----------------- Invoking toplevel() on ptolemy.moml.MoMLSimpleApplication@27fd72b9
----------------- Done invoking toplevel() on ptolemy.moml.MoMLSimpleApplication@27fd72b9
reloadAllAccessors: .LevelCrossing4

===========================================================================================
----------------- testing Wed Sep 30 16:21:59 UTC 2020 /home/travis/build/icyphy/ptII/ptolemy/domains/continuous/test/auto/LevelCrossing5.xml
----------------- Instantiating /home/travis/build/icyphy/ptII/ptolemy/domains/continuous/test/auto/LevelCrossing5.xml
4 ms. Memory: 324608K Free: 268351K (83%)
----------------- Invoking toplevel() on ptolemy.moml.MoMLSimpleApplication@57e4f577
----------------- Done invoking toplevel() on ptolemy.moml.MoMLSimpleApplication@57e4f577
reloadAllAccessors: .LevelCrossing5

===========================================================================================
[...]
----------------- testing Wed Sep 30 16:22:16 UTC 2020 /home/travis/build/icyphy/ptII/ptolemy/domains/continuous/test/auto/SRinContinuous.xml
----------------- Instantiating /home/travis/build/icyphy/ptII/ptolemy/domains/continuous/test/auto/SRinContinuous.xml
4 ms. Memory: 324608K Free: 290456K (89%)
----------------- Invoking toplevel() on ptolemy.moml.MoMLSimpleApplication@1bafb5ea
----------------- Done invoking toplevel() on ptolemy.moml.MoMLSimpleApplication@1bafb5ea
reloadAllAccessors: .SRinContinuous

===========================================================================================
----------------- testing Wed Sep 30 16:22:16 UTC 2020 /home/travis/build/icyphy/ptII/ptolemy/domains/continuous/test/auto/SampledClocks.xml
----------------- Instantiating /home/travis/build/icyphy/ptII/ptolemy/domains/continuous/test/auto/SampledClocks.xml
11 ms. Memory: 324608K Free: 277654K (86%)
----------------- Invoking toplevel() on ptolemy.moml.MoMLSimpleApplication@2b0958bd
----------------- Done invoking toplevel() on ptolemy.moml.MoMLSimpleApplication@2b0958bd
reloadAllAccessors: .SampledClocks

===========================================================================================
----------------- testing Wed Sep 30 16:22:16 UTC 2020 /home/travis/build/icyphy/ptII/ptolemy/domains/continuous/test/auto/Satellite.xml
----------------- Instantiating /home/travis/build/icyphy/ptII/ptolemy/domains/continuous/test/auto/Satellite.xml
721 ms. Memory: 324608K Free: 275389K (85%)
----------------- Invoking toplevel() on ptolemy.moml.MoMLSimpleApplication@6ba0def9
----------------- Done invoking toplevel() on ptolemy.moml.MoMLSimpleApplication@6ba0def9
reloadAllAccessors: .Satellite

===========================================================================================
----------------- testing Wed Sep 30 16:22:17 UTC 2020 /home/travis/build/icyphy/ptII/ptolemy/domains/continuous/test/auto/SigmaDelta.xml
----------------- Instantiating /home/travis/build/icyphy/ptII/ptolemy/domains/continuous/test/auto/SigmaDelta.xml
2172 ms. Memory: 324608K Free: 205819K (63%)
----------------- Invoking toplevel() on ptolemy.moml.MoMLSimpleApplication@2a772ebe
----------------- Done invoking toplevel() on ptolemy.moml.MoMLSimpleApplication@2a772ebe
reloadAllAccessors: .SigmaDelta

===========================================================================================
----------------- testing Wed Sep 30 16:22:19 UTC 2020 /home/travis/build/icyphy/ptII/ptolemy/domains/continuous/test/auto/SingleRefinement.xml
----------------- Instantiating /home/travis/build/icyphy/ptII/ptolemy/domains/continuous/test/auto/SingleRefinement.xml
331 ms. Memory: 324608K Free: 215090K (66%)
----------------- Invoking toplevel() on ptolemy.moml.MoMLSimpleApplication@46075b21
----------------- Done invoking toplevel() on ptolemy.moml.MoMLSimpleApplication@46075b21
reloadAllAccessors: .SingleRefinement

===========================================================================================
----------------- testing Wed Sep 30 16:22:19 UTC 2020 /home/travis/build/icyphy/ptII/ptolemy/domains/continuous/test/auto/SinuBouncingBall.xml
----------------- Instantiating /home/travis/build/icyphy/ptII/ptolemy/domains/continuous/test/auto/SinuBouncingBall.xml
794 ms. Memory: 324608K Free: 191879K (59%)
----------------- Invoking toplevel() on ptolemy.moml.MoMLSimpleApplication@43f3cee8
----------------- Done invoking toplevel() on ptolemy.moml.MoMLSimpleApplication@43f3cee8
reloadAllAccessors: .SinuBouncingBall

===========================================================================================
----------------- testing Wed Sep 30 16:22:20 UTC 2020 /home/travis/build/icyphy/ptII/ptolemy/domains/continuous/test/auto/Sinusoid.xml
----------------- Instantiating /home/travis/build/icyphy/ptII/ptolemy/domains/continuous/test/auto/Sinusoid.xml
5 ms. Memory: 324608K Free: 187255K (58%)
----------------- Invoking toplevel() on ptolemy.moml.MoMLSimpleApplication@40f59a1e
----------------- Done invoking toplevel() on ptolemy.moml.MoMLSimpleApplication@40f59a1e
reloadAllAccessors: .Sinusoid

===========================================================================================
----------------- testing Wed Sep 30 16:22:20 UTC 2020 /home/travis/build/icyphy/ptII/ptolemy/domains/continuous/test/auto/SinusoidInNoise.xml
----------------- Instantiating /home/travis/build/icyphy/ptII/ptolemy/domains/continuous/test/auto/SinusoidInNoise.xml
809 ms. Memory: 324608K Free: 244601K (75%)
----------------- Invoking toplevel() on ptolemy.moml.MoMLSimpleApplication@df851c3
----------------- Done invoking toplevel() on ptolemy.moml.MoMLSimpleApplication@df851c3
reloadAllAccessors: .SinusoidInNoise

===========================================================================================
----------------- testing Wed Sep 30 16:22:21 UTC 2020 /home/travis/build/icyphy/ptII/ptolemy/domains/continuous/test/auto/SinusoidRK45.xml
----------------- Instantiating /home/travis/build/icyphy/ptII/ptolemy/domains/continuous/test/auto/SinusoidRK45.xml
2 ms. Memory: 324608K Free: 239961K (74%)
----------------- Invoking toplevel() on ptolemy.moml.MoMLSimpleApplication@5416308
----------------- Done invoking toplevel() on ptolemy.moml.MoMLSimpleApplication@5416308
reloadAllAccessors: .SinusoidRK45

===========================================================================================
----------------- testing Wed Sep 30 16:22:21 UTC 2020 /home/travis/build/icyphy/ptII/ptolemy/domains/continuous/test/auto/SinusoidWithMultipleImpulses.xml
----------------- Instantiating /home/travis/build/icyphy/ptII/ptolemy/domains/continuous/test/auto/SinusoidWithMultipleImpulses.xml
3 ms. Memory: 324608K Free: 235385K (73%)
----------------- Invoking toplevel() on ptolemy.moml.MoMLSimpleApplication@570f3a5c
----------------- Done invoking toplevel() on ptolemy.moml.MoMLSimpleApplication@570f3a5c
reloadAllAccessors: .SinusoidWithMultipleImpulses

===========================================================================================
----------------- testing Wed Sep 30 16:22:21 UTC 2020 /home/travis/build/icyphy/ptII/ptolemy/domains/continuous/test/auto/SquareWave.xml
----------------- Instantiating /home/travis/build/icyphy/ptII/ptolemy/domains/continuous/test/auto/SquareWave.xml
138 ms. Memory: 324608K Free: 207737K (64%)
----------------- Invoking toplevel() on ptolemy.moml.MoMLSimpleApplication@4db4a2fa
----------------- Done invoking toplevel() on ptolemy.moml.MoMLSimpleApplication@4db4a2fa
reloadAllAccessors: .SquareWave

===========================================================================================
----------------- testing Wed Sep 30 16:22:21 UTC 2020 /home/travis/build/icyphy/ptII/ptolemy/domains/continuous/test/auto/Starmac.xml
----------------- Instantiating /home/travis/build/icyphy/ptII/ptolemy/domains/continuous/test/auto/Starmac.xml
3077 ms. Memory: 324608K Free: 276001K (85%)
----------------- Invoking toplevel() on ptolemy.moml.MoMLSimpleApplication@391ca0f3
----------------- Done invoking toplevel() on ptolemy.moml.MoMLSimpleApplication@391ca0f3
reloadAllAccessors: .Starmac

===========================================================================================
----------------- testing Wed Sep 30 16:22:25 UTC 2020 /home/travis/build/icyphy/ptII/ptolemy/domains/continuous/test/auto/StaticUnits.xml
----------------- Instantiating /home/travis/build/icyphy/ptII/ptolemy/domains/continuous/test/auto/StaticUnits.xml
1987 ms. Memory: 324608K Free: 198662K (61%)
----------------- Invoking toplevel() on ptolemy.moml.MoMLSimpleApplication@2381b7fe
----------------- Done invoking toplevel() on ptolemy.moml.MoMLSimpleApplication@2381b7fe
reloadAllAccessors: .StaticUnits

===========================================================================================
----------------- testing Wed Sep 30 16:22:27 UTC 2020 /home/travis/build/icyphy/ptII/ptolemy/domains/continuous/test/auto/StickyMasses.xml
----------------- Instantiating /home/travis/build/icyphy/ptII/ptolemy/domains/continuous/test/auto/StickyMasses.xml
150 ms. Memory: 324608K Free: 149000K (46%)
----------------- Invoking toplevel() on ptolemy.moml.MoMLSimpleApplication@c0f49ac
----------------- Done invoking toplevel() on ptolemy.moml.MoMLSimpleApplication@c0f49ac
reloadAllAccessors: .StickyMasses

===========================================================================================
----------------- testing Wed Sep 30 16:22:28 UTC 2020 /home/travis/build/icyphy/ptII/ptolemy/domains/continuous/test/auto/StopTime.xml
----------------- Instantiating /home/travis/build/icyphy/ptII/ptolemy/domains/continuous/test/auto/StopTime.xml
47 ms. Memory: 324608K Free: 123400K (38%)
----------------- Invoking toplevel() on ptolemy.moml.MoMLSimpleApplication@566526e5
----------------- Done invoking toplevel() on ptolemy.moml.MoMLSimpleApplication@566526e5
reloadAllAccessors: .StopTime

===========================================================================================
----------------- testing Wed Sep 30 16:22:28 UTC 2020 /home/travis/build/icyphy/ptII/ptolemy/domains/continuous/test/auto/StopTime2.xml
----------------- Instantiating /home/travis/build/icyphy/ptII/ptolemy/domains/continuous/test/auto/StopTime2.xml
82 ms. Memory: 324608K Free: 290482K (89%)
----------------- Invoking toplevel() on ptolemy.moml.MoMLSimpleApplication@40662c5e
----------------- Done invoking toplevel() on ptolemy.moml.MoMLSimpleApplication@40662c5e
reloadAllAccessors: .StopTime2

===========================================================================================
----------------- testing Wed Sep 30 16:22:28 UTC 2020 /home/travis/build/icyphy/ptII/ptolemy/domains/continuous/test/auto/Switch.xml
----------------- Instantiating /home/travis/build/icyphy/ptII/ptolemy/domains/continuous/test/auto/Switch.xml
42 ms. Memory: 324608K Free: 265164K (82%)
----------------- Invoking toplevel() on ptolemy.moml.MoMLSimpleApplication@7e8b28a1
----------------- Done invoking toplevel() on ptolemy.moml.MoMLSimpleApplication@7e8b28a1
reloadAllAccessors: .Switch

===========================================================================================
----------------- testing Wed Sep 30 16:22:28 UTC 2020 /home/travis/build/icyphy/ptII/ptolemy/domains/continuous/test/auto/Thermostat.xml
----------------- Instantiating /home/travis/build/icyphy/ptII/ptolemy/domains/continuous/test/auto/Thermostat.xml
349 ms. Memory: 324608K Free: 192970K (59%)
----------------- Invoking toplevel() on ptolemy.moml.MoMLSimpleApplication@2fd9e67e
----------------- Done invoking toplevel() on ptolemy.moml.MoMLSimpleApplication@2fd9e67e
reloadAllAccessors: .Thermostat

===========================================================================================
----------------- testing Wed Sep 30 16:22:28 UTC 2020 /home/travis/build/icyphy/ptII/ptolemy/domains/continuous/test/auto/TimeDelay.xml
----------------- Instantiating /home/travis/build/icyphy/ptII/ptolemy/domains/continuous/test/auto/TimeDelay.xml
7 ms. Memory: 324608K Free: 188364K (58%)
----------------- Invoking toplevel() on ptolemy.moml.MoMLSimpleApplication@7db826fb
----------------- Done invoking toplevel() on ptolemy.moml.MoMLSimpleApplication@7db826fb
reloadAllAccessors: .TimeDelay

===========================================================================================
----------------- testing Wed Sep 30 16:22:28 UTC 2020 /home/travis/build/icyphy/ptII/ptolemy/domains/continuous/test/auto/TimeDelay2.xml
----------------- Instantiating /home/travis/build/icyphy/ptII/ptolemy/domains/continuous/test/auto/TimeDelay2.xml
7 ms. Memory: 324608K Free: 178634K (55%)
----------------- Invoking toplevel() on ptolemy.moml.MoMLSimpleApplication@4dc07789
----------------- Done invoking toplevel() on ptolemy.moml.MoMLSimpleApplication@4dc07789
reloadAllAccessors: .TimeDelay2

===========================================================================================
----------------- testing Wed Sep 30 16:22:28 UTC 2020 /home/travis/build/icyphy/ptII/ptolemy/domains/continuous/test/auto/TimeDelay3.xml
----------------- Instantiating /home/travis/build/icyphy/ptII/ptolemy/domains/continuous/test/auto/TimeDelay3.xml
3 ms. Memory: 324608K Free: 174028K (54%)
----------------- Invoking toplevel() on ptolemy.moml.MoMLSimpleApplication@ab7a524
----------------- Done invoking toplevel() on ptolemy.moml.MoMLSimpleApplication@ab7a524
reloadAllAccessors: .TimeDelay3

===========================================================================================
----------------- testing Wed Sep 30 16:22:28 UTC 2020 /home/travis/build/icyphy/ptII/ptolemy/domains/continuous/test/auto/TransferAbsentToInside.xml
----------------- Instantiating /home/travis/build/icyphy/ptII/ptolemy/domains/continuous/test/auto/TransferAbsentToInside.xml
32 ms. Memory: 324608K Free: 120780K (37%)
----------------- Invoking toplevel() on ptolemy.moml.MoMLSimpleApplication@569d79b4
----------------- Done invoking toplevel() on ptolemy.moml.MoMLSimpleApplication@569d79b4
reloadAllAccessors: .TransferAbsentToInside

===========================================================================================
----------------- testing Wed Sep 30 16:22:28 UTC 2020 /home/travis/build/icyphy/ptII/ptolemy/domains/continuous/test/auto/Transmission.xml
----------------- Instantiating /home/travis/build/icyphy/ptII/ptolemy/domains/continuous/test/auto/Transmission.xml
864 ms. Memory: 324608K Free: 266685K (82%)
----------------- Invoking toplevel() on ptolemy.moml.MoMLSimpleApplication@283105bc
----------------- Done invoking toplevel() on ptolemy.moml.MoMLSimpleApplication@283105bc
reloadAllAccessors: .Transmission

===========================================================================================
----------------- testing Wed Sep 30 16:22:29 UTC 2020 /home/travis/build/icyphy/ptII/ptolemy/domains/continuous/test/auto/TriggeredContinuousClock.xml
----------------- Instantiating /home/travis/build/icyphy/ptII/ptolemy/domains/continuous/test/auto/TriggeredContinuousClock.xml
39 ms. Memory: 324608K Free: 236989K (73%)
----------------- Invoking toplevel() on ptolemy.moml.MoMLSimpleApplication@1e2d07c0
----------------- Done invoking toplevel() on ptolemy.moml.MoMLSimpleApplication@1e2d07c0
reloadAllAccessors: .TriggeredContinuousClock

===========================================================================================
----------------- testing Wed Sep 30 16:22:29 UTC 2020 /home/travis/build/icyphy/ptII/ptolemy/domains/continuous/test/auto/TwoMachineInfiniteBusControl.xml
----------------- Instantiating /home/travis/build/icyphy/ptII/ptolemy/domains/continuous/test/auto/TwoMachineInfiniteBusControl.xml
2543 ms. Memory: 324608K Free: 239491K (74%)
----------------- Invoking toplevel() on ptolemy.moml.MoMLSimpleApplication@567d9850
----------------- Done invoking toplevel() on ptolemy.moml.MoMLSimpleApplication@567d9850
reloadAllAccessors: .TwoMachineInfiniteBusControl

===========================================================================================
----------------- testing Wed Sep 30 16:22:32 UTC 2020 /home/travis/build/icyphy/ptII/ptolemy/domains/continuous/test/auto/V2V.xml
----------------- Instantiating /home/travis/build/icyphy/ptII/ptolemy/domains/continuous/test/auto/V2V.xml
783 ms. Memory: 324608K Free: 239476K (74%)
----------------- Invoking toplevel() on ptolemy.moml.MoMLSimpleApplication@462496c2
----------------- Done invoking toplevel() on ptolemy.moml.MoMLSimpleApplication@462496c2
reloadAllAccessors: .V2V

===========================================================================================
----------------- testing Wed Sep 30 16:22:33 UTC 2020 /home/travis/build/icyphy/ptII/ptolemy/domains/continuous/test/auto/hierarchicalModalModel.xml
----------------- Instantiating /home/travis/build/icyphy/ptII/ptolemy/domains/continuous/test/auto/hierarchicalModalModel.xml
9 ms. Memory: 324608K Free: 225155K (69%)
----------------- Invoking toplevel() on ptolemy.moml.MoMLSimpleApplication@e5b4726
----------------- Done invoking toplevel() on ptolemy.moml.MoMLSimpleApplication@e5b4726
reloadAllAccessors: .hierarchicalModalModel

===========================================================================================
----------------- testing Wed Sep 30 16:22:33 UTC 2020 /home/travis/build/icyphy/ptII/ptolemy/domains/continuous/test/auto/hierarchicalModalModel1.xml
----------------- Instantiating /home/travis/build/icyphy/ptII/ptolemy/domains/continuous/test/auto/hierarchicalModalModel1.xml
9 ms. Memory: 324608K Free: 210819K (65%)
----------------- Invoking toplevel() on ptolemy.moml.MoMLSimpleApplication@5d05e056
----------------- Done invoking toplevel() on ptolemy.moml.MoMLSimpleApplication@5d05e056
reloadAllAccessors: .hierarchicalModalModel1

===========================================================================================
----------------- testing Wed Sep 30 16:22:33 UTC 2020 /home/travis/build/icyphy/ptII/ptolemy/domains/continuous/test/auto/hierarchicalModalModel2.xml
----------------- Instantiating /home/travis/build/icyphy/ptII/ptolemy/domains/continuous/test/auto/hierarchicalModalModel2.xml
12 ms. Memory: 324608K Free: 198516K (61%)
----------------- Invoking toplevel() on ptolemy.moml.MoMLSimpleApplication@eafa2cf
----------------- Done invoking toplevel() on ptolemy.moml.MoMLSimpleApplication@eafa2cf
reloadAllAccessors: .hierarchicalModalModel2

===========================================================================================
----------------- testing Wed Sep 30 16:22:33 UTC 2020 /home/travis/build/icyphy/ptII/ptolemy/domains/continuous/test/auto/hierarchicalModalModel3.xml
----------------- Instantiating /home/travis/build/icyphy/ptII/ptolemy/domains/continuous/test/auto/hierarchicalModalModel3.xml
7 ms. Memory: 324608K Free: 187781K (58%)
----------------- Invoking toplevel() on ptolemy.moml.MoMLSimpleApplication@73f1426
----------------- Done invoking toplevel() on ptolemy.moml.MoMLSimpleApplication@73f1426
reloadAllAccessors: .hierarchicalModalModel3

===========================================================================================
----------------- testing Wed Sep 30 16:22:33 UTC 2020 /home/travis/build/icyphy/ptII/ptolemy/domains/continuous/test/auto/hierarchicalModalModel4.xml
----------------- Instantiating /home/travis/build/icyphy/ptII/ptolemy/domains/continuous/test/auto/hierarchicalModalModel4.xml
4 ms. Memory: 324608K Free: 176003K (54%)
----------------- Invoking toplevel() on ptolemy.moml.MoMLSimpleApplication@6f029e05
----------------- Done invoking toplevel() on ptolemy.moml.MoMLSimpleApplication@6f029e05
reloadAllAccessors: .hierarchicalModalModel4

===========================================================================================
----------------- testing Wed Sep 30 16:22:33 UTC 2020 /home/travis/build/icyphy/ptII/ptolemy/domains/continuous/test/auto/junk.xml
----------------- Instantiating /home/travis/build/icyphy/ptII/ptolemy/domains/continuous/test/auto/junk.xml
127 ms. Memory: 324608K Free: 150403K (46%)
----------------- Invoking toplevel() on ptolemy.moml.MoMLSimpleApplication@2a556deb
----------------- Done invoking toplevel() on ptolemy.moml.MoMLSimpleApplication@2a556deb
reloadAllAccessors: .junk
AutoTests.java: About to close Vertx.
AutoTests.java: Vertx closed.
]]></system-out>
  <system-err><![CDATA[Warning: '.HysteresisWithRandomDelay.NonStrictTest3' The test produced only 20 tokens, yet the correctValues parameter was expecting 30 tokens.
Warning: '.IncreasingRatePoisson.NonStrictTest' The test produced only 391 tokens, yet the correctValues parameter was expecting 402 tokens.
Warning: '.Poisson.NonStrictTest' The test produced only 352 tokens, yet the correctValues parameter was expecting 430 tokens.
]]></system-err>
</testsuite>
