<?xml version="1.0" encoding="UTF-8" ?>
<testsuite errors="0" failures="0" hostname="travis-job-c0a8e28c-6374-4d99-a9c9-a1b8235c8bec" name="ptolemy.domains.modal.test.junit.JUnitTclTest" skipped="0" tests="148" time="11.38" timestamp="2019-06-23T05:15:33">
  <properties>
[...]
</properties>
  <testcase classname="ptolemy.util.test.junit.TclTests" name="[0] /home/travis/build/icyphy/ptII/ptolemy/domains/modal/test/SystemLevelType.tcl (RunTclFile)" time="2.022" />
  <testcase classname="ptolemy.util.test.junit.AutoKnownFailedTests" name="[0] /home/travis/build/icyphy/ptII/ptolemy/domains/modal/test/auto/knownFailedTests/CannotAnalysisWithPreemption.xml (RunModel)" time="0.208" />
  <testcase classname="ptolemy.util.test.junit.AutoNameArchTests" name="[0] ThereAreNoAutoArchTests (RunModel)" time="0.004" />
  <testcase classname="ptolemy.util.test.junit.AutoTests" name="[0] /home/travis/build/icyphy/ptII/ptolemy/domains/modal/test/auto/ABPTest.xml (RunModel)" time="0.891" />
  <testcase classname="ptolemy.util.test.junit.AutoTests" name="[1] /home/travis/build/icyphy/ptII/ptolemy/domains/modal/test/auto/ABROFlat.xml (RunModel)" time="0.098" />
  <testcase classname="ptolemy.util.test.junit.AutoTests" name="[2] /home/travis/build/icyphy/ptII/ptolemy/domains/modal/test/auto/ABROFlat2.xml (RunModel)" time="0.116" />
  <testcase classname="ptolemy.util.test.junit.AutoTests" name="[3] /home/travis/build/icyphy/ptII/ptolemy/domains/modal/test/auto/ABRO_present_hmm.xml (RunModel)" time="0.121" />
  <testcase classname="ptolemy.util.test.junit.AutoTests" name="[4] /home/travis/build/icyphy/ptII/ptolemy/domains/modal/test/auto/AMICoderExample.xml (RunModel)" time="0.099" />
  <testcase classname="ptolemy.util.test.junit.AutoTests" name="[5] /home/travis/build/icyphy/ptII/ptolemy/domains/modal/test/auto/AbsentToPresent.xml (RunModel)" time="0.026" />
  <testcase classname="ptolemy.util.test.junit.AutoTests" name="[6] /home/travis/build/icyphy/ptII/ptolemy/domains/modal/test/auto/Blending.xml (RunModel)" time="0.281" />
  <testcase classname="ptolemy.util.test.junit.AutoTests" name="[7] /home/travis/build/icyphy/ptII/ptolemy/domains/modal/test/auto/Broadcast.xml (RunModel)" time="0.044" />
  <testcase classname="ptolemy.util.test.junit.AutoTests" name="[8] /home/travis/build/icyphy/ptII/ptolemy/domains/modal/test/auto/BroadcastHierarchy.xml (RunModel)" time="0.066" />
  <testcase classname="ptolemy.util.test.junit.AutoTests" name="[9] /home/travis/build/icyphy/ptII/ptolemy/domains/modal/test/auto/BroadcastHierarchy2.xml (RunModel)" time="0.15" />
  <testcase classname="ptolemy.util.test.junit.AutoTests" name="[10] /home/travis/build/icyphy/ptII/ptolemy/domains/modal/test/auto/BroadcastHierarchy3.xml (RunModel)" time="0.098" />
  <testcase classname="ptolemy.util.test.junit.AutoTests" name="[11] /home/travis/build/icyphy/ptII/ptolemy/domains/modal/test/auto/BroadcastHierarchy4.xml (RunModel)" time="0.089" />
  <testcase classname="ptolemy.util.test.junit.AutoTests" name="[12] /home/travis/build/icyphy/ptII/ptolemy/domains/modal/test/auto/CannotAnalysisWithPreemption2.xml (RunModel)" time="0.033" />
  <testcase classname="ptolemy.util.test.junit.AutoTests" name="[13] /home/travis/build/icyphy/ptII/ptolemy/domains/modal/test/auto/CannotAnalysisWithPreemption3.xml (RunModel)" time="0.044" />
  <testcase classname="ptolemy.util.test.junit.AutoTests" name="[14] /home/travis/build/icyphy/ptII/ptolemy/domains/modal/test/auto/CannotProduce.xml (RunModel)" time="0.04" />
  <testcase classname="ptolemy.util.test.junit.AutoTests" name="[15] /home/travis/build/icyphy/ptII/ptolemy/domains/modal/test/auto/CannotProduceModal.xml (RunModel)" time="0.035" />
  <testcase classname="ptolemy.util.test.junit.AutoTests" name="[16] /home/travis/build/icyphy/ptII/ptolemy/domains/modal/test/auto/Case.xml (RunModel)" time="0.078" />
  <testcase classname="ptolemy.util.test.junit.AutoTests" name="[17] /home/travis/build/icyphy/ptII/ptolemy/domains/modal/test/auto/Case1.xml (RunModel)" time="0.039" />
  <testcase classname="ptolemy.util.test.junit.AutoTests" name="[18] /home/travis/build/icyphy/ptII/ptolemy/domains/modal/test/auto/Case2.xml (RunModel)" time="0.062" />
  <testcase classname="ptolemy.util.test.junit.AutoTests" name="[19] /home/travis/build/icyphy/ptII/ptolemy/domains/modal/test/auto/CausalityInterface1.xml (RunModel)" time="0.028" />
  <testcase classname="ptolemy.util.test.junit.AutoTests" name="[20] /home/travis/build/icyphy/ptII/ptolemy/domains/modal/test/auto/CausalityInterface10.xml (RunModel)" time="0.06" />
  <testcase classname="ptolemy.util.test.junit.AutoTests" name="[21] /home/travis/build/icyphy/ptII/ptolemy/domains/modal/test/auto/CausalityInterface11.xml (RunModel)" time="0.083" />
  <testcase classname="ptolemy.util.test.junit.AutoTests" name="[22] /home/travis/build/icyphy/ptII/ptolemy/domains/modal/test/auto/CausalityInterface12.xml (RunModel)" time="0.049" />
  <testcase classname="ptolemy.util.test.junit.AutoTests" name="[23] /home/travis/build/icyphy/ptII/ptolemy/domains/modal/test/auto/CausalityInterface13.xml (RunModel)" time="0.055" />
  <testcase classname="ptolemy.util.test.junit.AutoTests" name="[24] /home/travis/build/icyphy/ptII/ptolemy/domains/modal/test/auto/CausalityInterface14.xml (RunModel)" time="0.049" />
  <testcase classname="ptolemy.util.test.junit.AutoTests" name="[25] /home/travis/build/icyphy/ptII/ptolemy/domains/modal/test/auto/CausalityInterface2.xml (RunModel)" time="0.03" />
  <testcase classname="ptolemy.util.test.junit.AutoTests" name="[26] /home/travis/build/icyphy/ptII/ptolemy/domains/modal/test/auto/CausalityInterface3.xml (RunModel)" time="0.026" />
  <testcase classname="ptolemy.util.test.junit.AutoTests" name="[27] /home/travis/build/icyphy/ptII/ptolemy/domains/modal/test/auto/CausalityInterface4.xml (RunModel)" time="0.026" />
  <testcase classname="ptolemy.util.test.junit.AutoTests" name="[28] /home/travis/build/icyphy/ptII/ptolemy/domains/modal/test/auto/CausalityInterface5.xml (RunModel)" time="0.036" />
  <testcase classname="ptolemy.util.test.junit.AutoTests" name="[29] /home/travis/build/icyphy/ptII/ptolemy/domains/modal/test/auto/CausalityInterface6.xml (RunModel)" time="0.044" />
  <testcase classname="ptolemy.util.test.junit.AutoTests" name="[30] /home/travis/build/icyphy/ptII/ptolemy/domains/modal/test/auto/CausalityInterface7.xml (RunModel)" time="0.053" />
  <testcase classname="ptolemy.util.test.junit.AutoTests" name="[31] /home/travis/build/icyphy/ptII/ptolemy/domains/modal/test/auto/CausalityInterface8.xml (RunModel)" time="0.038" />
  <testcase classname="ptolemy.util.test.junit.AutoTests" name="[32] /home/travis/build/icyphy/ptII/ptolemy/domains/modal/test/auto/CausalityInterface9.xml (RunModel)" time="0.034" />
  <testcase classname="ptolemy.util.test.junit.AutoTests" name="[33] /home/travis/build/icyphy/ptII/ptolemy/domains/modal/test/auto/ChainedTransitions.xml (RunModel)" time="0.166" />
  <testcase classname="ptolemy.util.test.junit.AutoTests" name="[34] /home/travis/build/icyphy/ptII/ptolemy/domains/modal/test/auto/CycleOfImmediateTransitionsFSM.xml (RunModel)" time="0.049" />
  <testcase classname="ptolemy.util.test.junit.AutoTests" name="[35] /home/travis/build/icyphy/ptII/ptolemy/domains/modal/test/auto/CycleOfImmediateTransitionsModal.xml (RunModel)" time="0.028" />
  <testcase classname="ptolemy.util.test.junit.AutoTests" name="[36] /home/travis/build/icyphy/ptII/ptolemy/domains/modal/test/auto/CycleOfImmediateTransitionsModal2.xml (RunModel)" time="0.028" />
  <testcase classname="ptolemy.util.test.junit.AutoTests" name="[37] /home/travis/build/icyphy/ptII/ptolemy/domains/modal/test/auto/CycleOfImmediateTransitionsModal3.xml (RunModel)" time="0.094" />
  <testcase classname="ptolemy.util.test.junit.AutoTests" name="[38] /home/travis/build/icyphy/ptII/ptolemy/domains/modal/test/auto/DeepModal1.xml (RunModel)" time="0.061" />
  <testcase classname="ptolemy.util.test.junit.AutoTests" name="[39] /home/travis/build/icyphy/ptII/ptolemy/domains/modal/test/auto/DeepModal2.xml (RunModel)" time="0.076" />
  <testcase classname="ptolemy.util.test.junit.AutoTests" name="[40] /home/travis/build/icyphy/ptII/ptolemy/domains/modal/test/auto/DeepModal3.xml (RunModel)" time="0.09" />
  <testcase classname="ptolemy.util.test.junit.AutoTests" name="[41] /home/travis/build/icyphy/ptII/ptolemy/domains/modal/test/auto/DeepModal4.xml (RunModel)" time="0.086" />
  <testcase classname="ptolemy.util.test.junit.AutoTests" name="[42] /home/travis/build/icyphy/ptII/ptolemy/domains/modal/test/auto/Default1.xml (RunModel)" time="0.02" />
  <testcase classname="ptolemy.util.test.junit.AutoTests" name="[43] /home/travis/build/icyphy/ptII/ptolemy/domains/modal/test/auto/Default2.xml (RunModel)" time="0.02" />
  <testcase classname="ptolemy.util.test.junit.AutoTests" name="[44] /home/travis/build/icyphy/ptII/ptolemy/domains/modal/test/auto/Default3.xml (RunModel)" time="0.021" />
  <testcase classname="ptolemy.util.test.junit.AutoTests" name="[45] /home/travis/build/icyphy/ptII/ptolemy/domains/modal/test/auto/Default4.xml (RunModel)" time="0.019" />
  <testcase classname="ptolemy.util.test.junit.AutoTests" name="[46] /home/travis/build/icyphy/ptII/ptolemy/domains/modal/test/auto/Default5.xml (RunModel)" time="0.019" />
  <testcase classname="ptolemy.util.test.junit.AutoTests" name="[47] /home/travis/build/icyphy/ptII/ptolemy/domains/modal/test/auto/EmptyGuard.xml (RunModel)" time="0.03" />
  <testcase classname="ptolemy.util.test.junit.AutoTests" name="[48] /home/travis/build/icyphy/ptII/ptolemy/domains/modal/test/auto/ErrorTransition1.xml (RunModel)" time="0.036" />
  <testcase classname="ptolemy.util.test.junit.AutoTests" name="[49] /home/travis/build/icyphy/ptII/ptolemy/domains/modal/test/auto/ErrorTransition10.xml (RunModel)" time="0.044" />
  <testcase classname="ptolemy.util.test.junit.AutoTests" name="[50] /home/travis/build/icyphy/ptII/ptolemy/domains/modal/test/auto/ErrorTransition11.xml (RunModel)" time="0.035" />
  <testcase classname="ptolemy.util.test.junit.AutoTests" name="[51] /home/travis/build/icyphy/ptII/ptolemy/domains/modal/test/auto/ErrorTransition2.xml (RunModel)" time="0.028" />
  <testcase classname="ptolemy.util.test.junit.AutoTests" name="[52] /home/travis/build/icyphy/ptII/ptolemy/domains/modal/test/auto/ErrorTransition3.xml (RunModel)" time="0.042" />
  <testcase classname="ptolemy.util.test.junit.AutoTests" name="[53] /home/travis/build/icyphy/ptII/ptolemy/domains/modal/test/auto/ErrorTransition4.xml (RunModel)" time="0.045" />
  <testcase classname="ptolemy.util.test.junit.AutoTests" name="[54] /home/travis/build/icyphy/ptII/ptolemy/domains/modal/test/auto/ErrorTransition5.xml (RunModel)" time="0.057" />
  <testcase classname="ptolemy.util.test.junit.AutoTests" name="[55] /home/travis/build/icyphy/ptII/ptolemy/domains/modal/test/auto/ErrorTransition6.xml (RunModel)" time="0.035" />
  <testcase classname="ptolemy.util.test.junit.AutoTests" name="[56] /home/travis/build/icyphy/ptII/ptolemy/domains/modal/test/auto/ErrorTransition7.xml (RunModel)" time="0.057" />
  <testcase classname="ptolemy.util.test.junit.AutoTests" name="[57] /home/travis/build/icyphy/ptII/ptolemy/domains/modal/test/auto/ErrorTransition8.xml (RunModel)" time="0.061" />
  <testcase classname="ptolemy.util.test.junit.AutoTests" name="[58] /home/travis/build/icyphy/ptII/ptolemy/domains/modal/test/auto/ErrorTransition9.xml (RunModel)" time="0.051" />
  <testcase classname="ptolemy.util.test.junit.AutoTests" name="[59] /home/travis/build/icyphy/ptII/ptolemy/domains/modal/test/auto/ExtendedFSM.xml (RunModel)" time="0.023" />
  <testcase classname="ptolemy.util.test.junit.AutoTests" name="[60] /home/travis/build/icyphy/ptII/ptolemy/domains/modal/test/auto/FinalStates.xml (RunModel)" time="0.022" />
  <testcase classname="ptolemy.util.test.junit.AutoTests" name="[61] /home/travis/build/icyphy/ptII/ptolemy/domains/modal/test/auto/FixedPointFSM.xml (RunModel)" time="0.049" />
  <testcase classname="ptolemy.util.test.junit.AutoTests" name="[62] /home/travis/build/icyphy/ptII/ptolemy/domains/modal/test/auto/FixedPointIterationFSMActor.xml (RunModel)" time="0.028" />
  <testcase classname="ptolemy.util.test.junit.AutoTests" name="[63] /home/travis/build/icyphy/ptII/ptolemy/domains/modal/test/auto/FixedPointIterationFSMActor2.xml (RunModel)" time="0.04" />
  <testcase classname="ptolemy.util.test.junit.AutoTests" name="[64] /home/travis/build/icyphy/ptII/ptolemy/domains/modal/test/auto/ForbiddenInstantanousLoop.xml (RunModel)" time="0.032" />
  <testcase classname="ptolemy.util.test.junit.AutoTests" name="[65] /home/travis/build/icyphy/ptII/ptolemy/domains/modal/test/auto/FunctionDependencyOfFSMActorTest.xml (RunModel)" time="0.03" />
  <testcase classname="ptolemy.util.test.junit.AutoTests" name="[66] /home/travis/build/icyphy/ptII/ptolemy/domains/modal/test/auto/GuardExpression.xml (RunModel)" time="0.015" />
  <testcase classname="ptolemy.util.test.junit.AutoTests" name="[67] /home/travis/build/icyphy/ptII/ptolemy/domains/modal/test/auto/GuardNotEvaluated.xml (RunModel)" time="0.032" />
  <testcase classname="ptolemy.util.test.junit.AutoTests" name="[68] /home/travis/build/icyphy/ptII/ptolemy/domains/modal/test/auto/GuardNotEvaluated2.xml (RunModel)" time="0.028" />
  <testcase classname="ptolemy.util.test.junit.AutoTests" name="[69] /home/travis/build/icyphy/ptII/ptolemy/domains/modal/test/auto/GuardOnAbsent.xml (RunModel)" time="0.026" />
  <testcase classname="ptolemy.util.test.junit.AutoTests" name="[70] /home/travis/build/icyphy/ptII/ptolemy/domains/modal/test/auto/HierarchicalFSMTypeInference.xml (RunModel)" time="0.028" />
  <testcase classname="ptolemy.util.test.junit.AutoTests" name="[71] /home/travis/build/icyphy/ptII/ptolemy/domains/modal/test/auto/Hysteresis.xml (RunModel)" time="0.042" />
  <testcase classname="ptolemy.util.test.junit.AutoTests" name="[72] /home/travis/build/icyphy/ptII/ptolemy/domains/modal/test/auto/HysteresisWithDefault.xml (RunModel)" time="0.077" />
  <testcase classname="ptolemy.util.test.junit.AutoTests" name="[73] /home/travis/build/icyphy/ptII/ptolemy/domains/modal/test/auto/HysteresisWithDefault2.xml (RunModel)" time="0.104" />
  <testcase classname="ptolemy.util.test.junit.AutoTests" name="[74] /home/travis/build/icyphy/ptII/ptolemy/domains/modal/test/auto/ImmediateNonConstructiveness.xml (RunModel)" time="0.017" />
  <testcase classname="ptolemy.util.test.junit.AutoTests" name="[75] /home/travis/build/icyphy/ptII/ptolemy/domains/modal/test/auto/ImmediateNonConstructiveness2.xml (RunModel)" time="0.016" />
  <testcase classname="ptolemy.util.test.junit.AutoTests" name="[76] /home/travis/build/icyphy/ptII/ptolemy/domains/modal/test/auto/ImmediateTransitionReset.xml (RunModel)" time="0.035" />
  <testcase classname="ptolemy.util.test.junit.AutoTests" name="[77] /home/travis/build/icyphy/ptII/ptolemy/domains/modal/test/auto/ImmediateTransitions1.xml (RunModel)" time="0.013" />
  <testcase classname="ptolemy.util.test.junit.AutoTests" name="[78] /home/travis/build/icyphy/ptII/ptolemy/domains/modal/test/auto/ImmediateTransitionsInstantaneousCommunication.xml (RunModel)" time="0.03" />
  <testcase classname="ptolemy.util.test.junit.AutoTests" name="[79] /home/travis/build/icyphy/ptII/ptolemy/domains/modal/test/auto/InitialImmediateTransition.xml (RunModel)" time="0.018" />
  <testcase classname="ptolemy.util.test.junit.AutoTests" name="[80] /home/travis/build/icyphy/ptII/ptolemy/domains/modal/test/auto/InitialOutputs.xml (RunModel)" time="0.019" />
  <testcase classname="ptolemy.util.test.junit.AutoTests" name="[81] /home/travis/build/icyphy/ptII/ptolemy/domains/modal/test/auto/InitialStateTransition1.xml (RunModel)" time="0.038" />
  <testcase classname="ptolemy.util.test.junit.AutoTests" name="[82] /home/travis/build/icyphy/ptII/ptolemy/domains/modal/test/auto/InitialStateTransition2.xml (RunModel)" time="0.029" />
  <testcase classname="ptolemy.util.test.junit.AutoTests" name="[83] /home/travis/build/icyphy/ptII/ptolemy/domains/modal/test/auto/InitialStateTransition3.xml (RunModel)" time="0.024" />
  <testcase classname="ptolemy.util.test.junit.AutoTests" name="[84] /home/travis/build/icyphy/ptII/ptolemy/domains/modal/test/auto/InitialStateTransition4.xml (RunModel)" time="0.049" />
  <testcase classname="ptolemy.util.test.junit.AutoTests" name="[85] /home/travis/build/icyphy/ptII/ptolemy/domains/modal/test/auto/MalformedGuardExpressionNotCaught.xml (RunModel)" time="0.028" />
  <testcase classname="ptolemy.util.test.junit.AutoTests" name="[86] /home/travis/build/icyphy/ptII/ptolemy/domains/modal/test/auto/ModalBSC.xml (RunModel)" time="0.095" />
  <testcase classname="ptolemy.util.test.junit.AutoTests" name="[87] /home/travis/build/icyphy/ptII/ptolemy/domains/modal/test/auto/ModalClocks.xml (RunModel)" time="0.083" />
  <testcase classname="ptolemy.util.test.junit.AutoTests" name="[88] /home/travis/build/icyphy/ptII/ptolemy/domains/modal/test/auto/ModalDelay.xml (RunModel)" time="0.048" />
  <testcase classname="ptolemy.util.test.junit.AutoTests" name="[89] /home/travis/build/icyphy/ptII/ptolemy/domains/modal/test/auto/ModalDelay2.xml (RunModel)" time="0.042" />
  <testcase classname="ptolemy.util.test.junit.AutoTests" name="[90] /home/travis/build/icyphy/ptII/ptolemy/domains/modal/test/auto/ModalModelFromMemo.xml (RunModel)" time="0.056" />
  <testcase classname="ptolemy.util.test.junit.AutoTests" name="[91] /home/travis/build/icyphy/ptII/ptolemy/domains/modal/test/auto/ModalModelWithMultirateTransient.xml (RunModel)" time="0.068" />
  <testcase classname="ptolemy.util.test.junit.AutoTests" name="[92] /home/travis/build/icyphy/ptII/ptolemy/domains/modal/test/auto/ModalModelWithReset.xml (RunModel)" time="0.051" />
  <testcase classname="ptolemy.util.test.junit.AutoTests" name="[93] /home/travis/build/icyphy/ptII/ptolemy/domains/modal/test/auto/MouseClickFSM.xml (RunModel)" time="0.038" />
  <testcase classname="ptolemy.util.test.junit.AutoTests" name="[94] /home/travis/build/icyphy/ptII/ptolemy/domains/modal/test/auto/MouseClickFSMModal.xml (RunModel)" time="0.039" />
  <testcase classname="ptolemy.util.test.junit.AutoTests" name="[95] /home/travis/build/icyphy/ptII/ptolemy/domains/modal/test/auto/NonStrictFSM_FeedbackLoop.xml (RunModel)" time="0.043" />
  <testcase classname="ptolemy.util.test.junit.AutoTests" name="[96] /home/travis/build/icyphy/ptII/ptolemy/domains/modal/test/auto/NonStrictFSM_FeedbackLoop_Refinement.xml (RunModel)" time="0.088" />
  <testcase classname="ptolemy.util.test.junit.AutoTests" name="[97] /home/travis/build/icyphy/ptII/ptolemy/domains/modal/test/auto/NonStrictFSM_FeedbackLoop_preemptive.xml (RunModel)" time="0.047" />
  <testcase classname="ptolemy.util.test.junit.AutoTests" name="[98] /home/travis/build/icyphy/ptII/ptolemy/domains/modal/test/auto/NormalTermination.xml (RunModel)" time="0.046" />
  <testcase classname="ptolemy.util.test.junit.AutoTests" name="[99] /home/travis/build/icyphy/ptII/ptolemy/domains/modal/test/auto/Pong.xml (RunModel)" time="0.066" />
  <testcase classname="ptolemy.util.test.junit.AutoTests" name="[100] /home/travis/build/icyphy/ptII/ptolemy/domains/modal/test/auto/Pong_test.xml (RunModel)" time="0.101" />
  <testcase classname="ptolemy.util.test.junit.AutoTests" name="[101] /home/travis/build/icyphy/ptII/ptolemy/domains/modal/test/auto/PreemptionHierarchy.xml (RunModel)" time="0.026" />
  <testcase classname="ptolemy.util.test.junit.AutoTests" name="[102] /home/travis/build/icyphy/ptII/ptolemy/domains/modal/test/auto/PreemptionHierarchy2.xml (RunModel)" time="0.03" />
  <testcase classname="ptolemy.util.test.junit.AutoTests" name="[103] /home/travis/build/icyphy/ptII/ptolemy/domains/modal/test/auto/PreemptiveTransition.xml (RunModel)" time="0.023" />
  <testcase classname="ptolemy.util.test.junit.AutoTests" name="[104] /home/travis/build/icyphy/ptII/ptolemy/domains/modal/test/auto/Priorities.xml (RunModel)" time="0.123" />
  <testcase classname="ptolemy.util.test.junit.AutoTests" name="[105] /home/travis/build/icyphy/ptII/ptolemy/domains/modal/test/auto/ResetFinal.xml (RunModel)" time="0.053" />
  <testcase classname="ptolemy.util.test.junit.AutoTests" name="[106] /home/travis/build/icyphy/ptII/ptolemy/domains/modal/test/auto/ResetFinal2.xml (RunModel)" time="0.038" />
  <testcase classname="ptolemy.util.test.junit.AutoTests" name="[107] /home/travis/build/icyphy/ptII/ptolemy/domains/modal/test/auto/ResetTransitionWithStartTime.xml (RunModel)" time="0.04" />
  <testcase classname="ptolemy.util.test.junit.AutoTests" name="[108] /home/travis/build/icyphy/ptII/ptolemy/domains/modal/test/auto/SDF-FSMComposite.xml (RunModel)" time="0.028" />
  <testcase classname="ptolemy.util.test.junit.AutoTests" name="[109] /home/travis/build/icyphy/ptII/ptolemy/domains/modal/test/auto/SeeminglyNondeterminate.xml (RunModel)" time="0.092" />
  <testcase classname="ptolemy.util.test.junit.AutoTests" name="[110] /home/travis/build/icyphy/ptII/ptolemy/domains/modal/test/auto/SeeminglyNondeterminate2.xml (RunModel)" time="0.083" />
  <testcase classname="ptolemy.util.test.junit.AutoTests" name="[111] /home/travis/build/icyphy/ptII/ptolemy/domains/modal/test/auto/SpontaneousFSM.xml (RunModel)" time="0.052" />
  <testcase classname="ptolemy.util.test.junit.AutoTests" name="[112] /home/travis/build/icyphy/ptII/ptolemy/domains/modal/test/auto/SpontaneousFSM2.xml (RunModel)" time="0.037" />
  <testcase classname="ptolemy.util.test.junit.AutoTests" name="[113] /home/travis/build/icyphy/ptII/ptolemy/domains/modal/test/auto/SpontaneousFSM3.xml (RunModel)" time="0.048" />
  <testcase classname="ptolemy.util.test.junit.AutoTests" name="[114] /home/travis/build/icyphy/ptII/ptolemy/domains/modal/test/auto/SpontaneousFSM4.xml (RunModel)" time="0.046" />
  <testcase classname="ptolemy.util.test.junit.AutoTests" name="[115] /home/travis/build/icyphy/ptII/ptolemy/domains/modal/test/auto/StateTrackerTest.xml (RunModel)" time="0.064" />
  <testcase classname="ptolemy.util.test.junit.AutoTests" name="[116] /home/travis/build/icyphy/ptII/ptolemy/domains/modal/test/auto/StrongImmediateTransition.xml (RunModel)" time="0.023" />
  <testcase classname="ptolemy.util.test.junit.AutoTests" name="[117] /home/travis/build/icyphy/ptII/ptolemy/domains/modal/test/auto/SustainHierarchy.xml (RunModel)" time="0.029" />
  <testcase classname="ptolemy.util.test.junit.AutoTests" name="[118] /home/travis/build/icyphy/ptII/ptolemy/domains/modal/test/auto/TerminationTransition1.xml (RunModel)" time="0.019" />
  <testcase classname="ptolemy.util.test.junit.AutoTests" name="[119] /home/travis/build/icyphy/ptII/ptolemy/domains/modal/test/auto/TerminationTransition2.xml (RunModel)" time="0.027" />
  <testcase classname="ptolemy.util.test.junit.AutoTests" name="[120] /home/travis/build/icyphy/ptII/ptolemy/domains/modal/test/auto/TerminationTransition3.xml (RunModel)" time="0.023" />
  <testcase classname="ptolemy.util.test.junit.AutoTests" name="[121] /home/travis/build/icyphy/ptII/ptolemy/domains/modal/test/auto/TerminationTransition4.xml (RunModel)" time="0.035" />
  <testcase classname="ptolemy.util.test.junit.AutoTests" name="[122] /home/travis/build/icyphy/ptII/ptolemy/domains/modal/test/auto/TerminationTransition5.xml (RunModel)" time="0.032" />
  <testcase classname="ptolemy.util.test.junit.AutoTests" name="[123] /home/travis/build/icyphy/ptII/ptolemy/domains/modal/test/auto/TerminationTransition6.xml (RunModel)" time="0.043" />
  <testcase classname="ptolemy.util.test.junit.AutoTests" name="[124] /home/travis/build/icyphy/ptII/ptolemy/domains/modal/test/auto/TerminationTransition7.xml (RunModel)" time="0.025" />
  <testcase classname="ptolemy.util.test.junit.AutoTests" name="[125] /home/travis/build/icyphy/ptII/ptolemy/domains/modal/test/auto/TerminationTransition8.xml (RunModel)" time="0.025" />
  <testcase classname="ptolemy.util.test.junit.AutoTests" name="[126] /home/travis/build/icyphy/ptII/ptolemy/domains/modal/test/auto/Thermostat_NoHysteresis.xml (RunModel)" time="0.084" />
  <testcase classname="ptolemy.util.test.junit.AutoTests" name="[127] /home/travis/build/icyphy/ptII/ptolemy/domains/modal/test/auto/TimedFSM.xml (RunModel)" time="0.032" />
  <testcase classname="ptolemy.util.test.junit.AutoTests" name="[128] /home/travis/build/icyphy/ptII/ptolemy/domains/modal/test/auto/Timeout1.xml (RunModel)" time="0.015" />
  <testcase classname="ptolemy.util.test.junit.AutoTests" name="[129] /home/travis/build/icyphy/ptII/ptolemy/domains/modal/test/auto/Timeout2.xml (RunModel)" time="0.022" />
  <testcase classname="ptolemy.util.test.junit.AutoTests" name="[130] /home/travis/build/icyphy/ptII/ptolemy/domains/modal/test/auto/Timeout3.xml (RunModel)" time="0.012" />
  <testcase classname="ptolemy.util.test.junit.AutoTests" name="[131] /home/travis/build/icyphy/ptII/ptolemy/domains/modal/test/auto/Timeout4.xml (RunModel)" time="0.012" />
  <testcase classname="ptolemy.util.test.junit.AutoTests" name="[132] /home/travis/build/icyphy/ptII/ptolemy/domains/modal/test/auto/TransientstateModelAdvanced.xml (RunModel)" time="0.029" />
  <testcase classname="ptolemy.util.test.junit.AutoTests" name="[133] /home/travis/build/icyphy/ptII/ptolemy/domains/modal/test/auto/TransientstateModelAdvanced2.xml (RunModel)" time="0.033" />
  <testcase classname="ptolemy.util.test.junit.AutoTests" name="[134] /home/travis/build/icyphy/ptII/ptolemy/domains/modal/test/auto/TransitionRefinements.xml (RunModel)" time="0.025" />
  <testcase classname="ptolemy.util.test.junit.AutoTests" name="[135] /home/travis/build/icyphy/ptII/ptolemy/domains/modal/test/auto/TwoRefinements1.xml (RunModel)" time="0.027" />
  <testcase classname="ptolemy.util.test.junit.AutoTests" name="[136] /home/travis/build/icyphy/ptII/ptolemy/domains/modal/test/auto/TwoRefinements2.xml (RunModel)" time="0.025" />
  <testcase classname="ptolemy.util.test.junit.AutoTests" name="[137] /home/travis/build/icyphy/ptII/ptolemy/domains/modal/test/auto/WeakImmediateTransition.xml (RunModel)" time="0.027" />
  <testcase classname="ptolemy.util.test.junit.AutoTests" name="[138] /home/travis/build/icyphy/ptII/ptolemy/domains/modal/test/auto/booleanSelect.xml (RunModel)" time="0.097" />
  <testcase classname="ptolemy.util.test.junit.AutoTests" name="[139] /home/travis/build/icyphy/ptII/ptolemy/domains/modal/test/auto/modalChangingParams.xml (RunModel)" time="0.327" />
  <testcase classname="ptolemy.util.test.junit.AutoTests" name="[140] /home/travis/build/icyphy/ptII/ptolemy/domains/modal/test/auto/modalModel.xml (RunModel)" time="0.022" />
  <testcase classname="ptolemy.util.test.junit.AutoTests" name="[141] /home/travis/build/icyphy/ptII/ptolemy/domains/modal/test/auto/modalModel2.xml (RunModel)" time="0.025" />
  <testcase classname="ptolemy.util.test.junit.AutoTests" name="[142] /home/travis/build/icyphy/ptII/ptolemy/domains/modal/test/auto/modalModel3.xml (RunModel)" time="0.044" />
  <testcase classname="ptolemy.util.test.junit.AutoTests" name="[143] /home/travis/build/icyphy/ptII/ptolemy/domains/modal/test/auto/model1.xml (RunModel)" time="0.024" />
  <testcase classname="ptolemy.util.test.junit.AutoTests" name="[144] /home/travis/build/icyphy/ptII/ptolemy/domains/modal/test/auto/test-direct-in-out.xml (RunModel)" time="0.031" />
  <system-out><![CDATA[/home/travis/build/icyphy/ptII/ptolemy/domains/modal/test/SystemLevelType.tcl
testDefs.tcl: setting time out to 9000 seconds at Sun Jun 23 05:15:33 UTC 2019
06/23/19 05:15:35
Failed: 0  Total Tests: 1  ((Passed: 1, Newly Passed: 0)  Known Failed: 0) /home/travis/build/icyphy/ptII/ptolemy/domains/modal/test
----------------- testing (KnownFailure) /home/travis/build/icyphy/ptII/ptolemy/domains/modal/test/auto/knownFailedTests/CannotAnalysisWithPreemption.xml
85 ms. Memory: 165888K Free: 136748K (82%)
Known Failure: java.lang.reflect.InvocationTargetException
No auto/linux-amd64/*.xml tests in /home/travis/build/icyphy/ptII/ptolemy/domains/modal/test
AutoTests.java: About to close Vertx.
AutoTests.java: Vertx closed.

===========================================================================================
----------------- testing Sun Jun 23 05:15:36 UTC 2019 /home/travis/build/icyphy/ptII/ptolemy/domains/modal/test/auto/ABPTest.xml
----------------- Instantiating /home/travis/build/icyphy/ptII/ptolemy/domains/modal/test/auto/ABPTest.xml
384 ms. Memory: 244736K Free: 126339K (52%)
----------------- Invoking toplevel() on ptolemy.moml.MoMLSimpleApplication@14d73b98
----------------- Done invoking toplevel() on ptolemy.moml.MoMLSimpleApplication@14d73b98
reloadAllAccessors: .ABPTest

===========================================================================================
----------------- testing Sun Jun 23 05:15:37 UTC 2019 /home/travis/build/icyphy/ptII/ptolemy/domains/modal/test/auto/ABROFlat.xml
----------------- Instantiating /home/travis/build/icyphy/ptII/ptolemy/domains/modal/test/auto/ABROFlat.xml
29 ms. Memory: 244736K Free: 111443K (46%)
----------------- Invoking toplevel() on ptolemy.moml.MoMLSimpleApplication@6ee2821
----------------- Done invoking toplevel() on ptolemy.moml.MoMLSimpleApplication@6ee2821
reloadAllAccessors: .ABROFlat

===========================================================================================
----------------- testing Sun Jun 23 05:15:37 UTC 2019 /home/travis/build/icyphy/ptII/ptolemy/domains/modal/test/auto/ABROFlat2.xml
----------------- Instantiating /home/travis/build/icyphy/ptII/ptolemy/domains/modal/test/auto/ABROFlat2.xml
24 ms. Memory: 244736K Free: 213850K (87%)
----------------- Invoking toplevel() on ptolemy.moml.MoMLSimpleApplication@abc72e5
----------------- Done invoking toplevel() on ptolemy.moml.MoMLSimpleApplication@abc72e5
reloadAllAccessors: .ABROFlat2

===========================================================================================
----------------- testing Sun Jun 23 05:15:37 UTC 2019 /home/travis/build/icyphy/ptII/ptolemy/domains/modal/test/auto/ABRO_present_hmm.xml
----------------- Instantiating /home/travis/build/icyphy/ptII/ptolemy/domains/modal/test/auto/ABRO_present_hmm.xml
31 ms. Memory: 244736K Free: 187196K (76%)
----------------- Invoking toplevel() on ptolemy.moml.MoMLSimpleApplication@3e5ce4bf
----------------- Done invoking toplevel() on ptolemy.moml.MoMLSimpleApplication@3e5ce4bf
reloadAllAccessors: .ABRO_present_hmm

===========================================================================================
----------------- testing Sun Jun 23 05:15:37 UTC 2019 /home/travis/build/icyphy/ptII/ptolemy/domains/modal/test/auto/AMICoderExample.xml
----------------- Instantiating /home/travis/build/icyphy/ptII/ptolemy/domains/modal/test/auto/AMICoderExample.xml
53 ms. Memory: 244736K Free: 176986K (72%)
----------------- Invoking toplevel() on ptolemy.moml.MoMLSimpleApplication@5c932a67
----------------- Done invoking toplevel() on ptolemy.moml.MoMLSimpleApplication@5c932a67
reloadAllAccessors: .AMICoderExample

===========================================================================================
----------------- testing Sun Jun 23 05:15:37 UTC 2019 /home/travis/build/icyphy/ptII/ptolemy/domains/modal/test/auto/AbsentToPresent.xml
----------------- Instantiating /home/travis/build/icyphy/ptII/ptolemy/domains/modal/test/auto/AbsentToPresent.xml
6 ms. Memory: 244736K Free: 172380K (70%)
----------------- Invoking toplevel() on ptolemy.moml.MoMLSimpleApplication@7801a5e0
----------------- Done invoking toplevel() on ptolemy.moml.MoMLSimpleApplication@7801a5e0
reloadAllAccessors: .AbsentToPresent

===========================================================================================
----------------- testing Sun Jun 23 05:15:37 UTC 2019 /home/travis/build/icyphy/ptII/ptolemy/domains/modal/test/auto/Blending.xml
----------------- Instantiating /home/travis/build/icyphy/ptII/ptolemy/domains/modal/test/auto/Blending.xml
144 ms. Memory: 244736K Free: 127834K (52%)
----------------- Invoking toplevel() on ptolemy.moml.MoMLSimpleApplication@442b9f44
----------------- Done invoking toplevel() on ptolemy.moml.MoMLSimpleApplication@442b9f44
reloadAllAccessors: .Blending

===========================================================================================
----------------- testing Sun Jun 23 05:15:38 UTC 2019 /home/travis/build/icyphy/ptII/ptolemy/domains/modal/test/auto/Broadcast.xml
----------------- Instantiating /home/travis/build/icyphy/ptII/ptolemy/domains/modal/test/auto/Broadcast.xml
10 ms. Memory: 244736K Free: 117594K (48%)
----------------- Invoking toplevel() on ptolemy.moml.MoMLSimpleApplication@3cb5dda1
----------------- Done invoking toplevel() on ptolemy.moml.MoMLSimpleApplication@3cb5dda1
reloadAllAccessors: .Broadcast

===========================================================================================
----------------- testing Sun Jun 23 05:15:38 UTC 2019 /home/travis/build/icyphy/ptII/ptolemy/domains/modal/test/auto/BroadcastHierarchy.xml
----------------- Instantiating /home/travis/build/icyphy/ptII/ptolemy/domains/modal/test/auto/BroadcastHierarchy.xml
14 ms. Memory: 244736K Free: 104268K (43%)
----------------- Invoking toplevel() on ptolemy.moml.MoMLSimpleApplication@62b56f77
----------------- Done invoking toplevel() on ptolemy.moml.MoMLSimpleApplication@62b56f77
reloadAllAccessors: .BroadcastHierarchy

===========================================================================================
----------------- testing Sun Jun 23 05:15:38 UTC 2019 /home/travis/build/icyphy/ptII/ptolemy/domains/modal/test/auto/BroadcastHierarchy2.xml
----------------- Instantiating /home/travis/build/icyphy/ptII/ptolemy/domains/modal/test/auto/BroadcastHierarchy2.xml
36 ms. Memory: 244736K Free: 215898K (88%)
----------------- Invoking toplevel() on ptolemy.moml.MoMLSimpleApplication@4fdbef5c
----------------- Done invoking toplevel() on ptolemy.moml.MoMLSimpleApplication@4fdbef5c
reloadAllAccessors: .BroadcastHierarchy2

===========================================================================================
----------------- testing Sun Jun 23 05:15:38 UTC 2019 /home/travis/build/icyphy/ptII/ptolemy/domains/modal/test/auto/BroadcastHierarchy3.xml
----------------- Instantiating /home/travis/build/icyphy/ptII/ptolemy/domains/modal/test/auto/BroadcastHierarchy3.xml
24 ms. Memory: 244736K Free: 195932K (80%)
----------------- Invoking toplevel() on ptolemy.moml.MoMLSimpleApplication@d5c4bf9
----------------- Done invoking toplevel() on ptolemy.moml.MoMLSimpleApplication@d5c4bf9
reloadAllAccessors: .BroadcastHierarchy3

===========================================================================================
----------------- testing Sun Jun 23 05:15:38 UTC 2019 /home/travis/build/icyphy/ptII/ptolemy/domains/modal/test/auto/BroadcastHierarchy4.xml
----------------- Instantiating /home/travis/build/icyphy/ptII/ptolemy/domains/modal/test/auto/BroadcastHierarchy4.xml
19 ms. Memory: 244736K Free: 171866K (70%)
----------------- Invoking toplevel() on ptolemy.moml.MoMLSimpleApplication@60c47e99
----------------- Done invoking toplevel() on ptolemy.moml.MoMLSimpleApplication@60c47e99
reloadAllAccessors: .BroadcastHierarchy4

===========================================================================================
----------------- testing Sun Jun 23 05:15:38 UTC 2019 /home/travis/build/icyphy/ptII/ptolemy/domains/modal/test/auto/CannotAnalysisWithPreemption2.xml
----------------- Instantiating /home/travis/build/icyphy/ptII/ptolemy/domains/modal/test/auto/CannotAnalysisWithPreemption2.xml
3 ms. Memory: 244736K Free: 164684K (67%)
----------------- Invoking toplevel() on ptolemy.moml.MoMLSimpleApplication@5cbf7dfe
----------------- Done invoking toplevel() on ptolemy.moml.MoMLSimpleApplication@5cbf7dfe
reloadAllAccessors: .CannotAnalysisWithPreemption2

===========================================================================================
----------------- testing Sun Jun 23 05:15:38 UTC 2019 /home/travis/build/icyphy/ptII/ptolemy/domains/modal/test/auto/CannotAnalysisWithPreemption3.xml
----------------- Instantiating /home/travis/build/icyphy/ptII/ptolemy/domains/modal/test/auto/CannotAnalysisWithPreemption3.xml
5 ms. Memory: 244736K Free: 154444K (63%)
----------------- Invoking toplevel() on ptolemy.moml.MoMLSimpleApplication@111041ab
----------------- Done invoking toplevel() on ptolemy.moml.MoMLSimpleApplication@111041ab
reloadAllAccessors: .CannotAnalysisWithPreemption3

===========================================================================================
----------------- testing Sun Jun 23 05:15:38 UTC 2019 /home/travis/build/icyphy/ptII/ptolemy/domains/modal/test/auto/CannotProduce.xml
----------------- Instantiating /home/travis/build/icyphy/ptII/ptolemy/domains/modal/test/auto/CannotProduce.xml
15 ms. Memory: 244736K Free: 147804K (60%)
----------------- Invoking toplevel() on ptolemy.moml.MoMLSimpleApplication@6af9dcfb
----------------- Done invoking toplevel() on ptolemy.moml.MoMLSimpleApplication@6af9dcfb
reloadAllAccessors: .CannotProduce

===========================================================================================
----------------- testing Sun Jun 23 05:15:38 UTC 2019 /home/travis/build/icyphy/ptII/ptolemy/domains/modal/test/auto/CannotProduceModal.xml
----------------- Instantiating /home/travis/build/icyphy/ptII/ptolemy/domains/modal/test/auto/CannotProduceModal.xml
10 ms. Memory: 244736K Free: 141660K (58%)
----------------- Invoking toplevel() on ptolemy.moml.MoMLSimpleApplication@1c0c901b
----------------- Done invoking toplevel() on ptolemy.moml.MoMLSimpleApplication@1c0c901b
reloadAllAccessors: .CannotProduceModal

===========================================================================================
----------------- testing Sun Jun 23 05:15:38 UTC 2019 /home/travis/build/icyphy/ptII/ptolemy/domains/modal/test/auto/Case.xml
----------------- Instantiating /home/travis/build/icyphy/ptII/ptolemy/domains/modal/test/auto/Case.xml
37 ms. Memory: 244736K Free: 130396K (53%)
----------------- Invoking toplevel() on ptolemy.moml.MoMLSimpleApplication@2a2617a7
----------------- Done invoking toplevel() on ptolemy.moml.MoMLSimpleApplication@2a2617a7
reloadAllAccessors: .Case

===========================================================================================
----------------- testing Sun Jun 23 05:15:38 UTC 2019 /home/travis/build/icyphy/ptII/ptolemy/domains/modal/test/auto/Case1.xml
----------------- Instantiating /home/travis/build/icyphy/ptII/ptolemy/domains/modal/test/auto/Case1.xml
11 ms. Memory: 244736K Free: 122714K (50%)
----------------- Invoking toplevel() on ptolemy.moml.MoMLSimpleApplication@115c8642
----------------- Done invoking toplevel() on ptolemy.moml.MoMLSimpleApplication@115c8642
reloadAllAccessors: .Case1

===========================================================================================
----------------- testing Sun Jun 23 05:15:38 UTC 2019 /home/travis/build/icyphy/ptII/ptolemy/domains/modal/test/auto/Case2.xml
----------------- Instantiating /home/travis/build/icyphy/ptII/ptolemy/domains/modal/test/auto/Case2.xml
32 ms. Memory: 244736K Free: 111964K (46%)
----------------- Invoking toplevel() on ptolemy.moml.MoMLSimpleApplication@32ce0052
----------------- Done invoking toplevel() on ptolemy.moml.MoMLSimpleApplication@32ce0052
reloadAllAccessors: .Case2

===========================================================================================
----------------- testing Sun Jun 23 05:15:38 UTC 2019 /home/travis/build/icyphy/ptII/ptolemy/domains/modal/test/auto/CausalityInterface1.xml
----------------- Instantiating /home/travis/build/icyphy/ptII/ptolemy/domains/modal/test/auto/CausalityInterface1.xml
5 ms. Memory: 244736K Free: 106844K (44%)
----------------- Invoking toplevel() on ptolemy.moml.MoMLSimpleApplication@e77f9c1
----------------- Done invoking toplevel() on ptolemy.moml.MoMLSimpleApplication@e77f9c1
reloadAllAccessors: .CausalityInterface1

===========================================================================================
----------------- testing Sun Jun 23 05:15:38 UTC 2019 /home/travis/build/icyphy/ptII/ptolemy/domains/modal/test/auto/CausalityInterface10.xml
----------------- Instantiating /home/travis/build/icyphy/ptII/ptolemy/domains/modal/test/auto/CausalityInterface10.xml
13 ms. Memory: 244736K Free: 93532K (38%)
----------------- Invoking toplevel() on ptolemy.moml.MoMLSimpleApplication@634fba4c
----------------- Done invoking toplevel() on ptolemy.moml.MoMLSimpleApplication@634fba4c
reloadAllAccessors: .CausalityInterface10

===========================================================================================
----------------- testing Sun Jun 23 05:15:38 UTC 2019 /home/travis/build/icyphy/ptII/ptolemy/domains/modal/test/auto/CausalityInterface11.xml
----------------- Instantiating /home/travis/build/icyphy/ptII/ptolemy/domains/modal/test/auto/CausalityInterface11.xml
5 ms. Memory: 244736K Free: 218970K (89%)
----------------- Invoking toplevel() on ptolemy.moml.MoMLSimpleApplication@c8154f
----------------- Done invoking toplevel() on ptolemy.moml.MoMLSimpleApplication@c8154f
reloadAllAccessors: .CausalityInterface11

===========================================================================================
----------------- testing Sun Jun 23 05:15:39 UTC 2019 /home/travis/build/icyphy/ptII/ptolemy/domains/modal/test/auto/CausalityInterface12.xml
----------------- Instantiating /home/travis/build/icyphy/ptII/ptolemy/domains/modal/test/auto/CausalityInterface12.xml
7 ms. Memory: 244736K Free: 205628K (84%)
----------------- Invoking toplevel() on ptolemy.moml.MoMLSimpleApplication@5e58d09f
----------------- Done invoking toplevel() on ptolemy.moml.MoMLSimpleApplication@5e58d09f
reloadAllAccessors: .CausalityInterface12

===========================================================================================
----------------- testing Sun Jun 23 05:15:39 UTC 2019 /home/travis/build/icyphy/ptII/ptolemy/domains/modal/test/auto/CausalityInterface13.xml
----------------- Instantiating /home/travis/build/icyphy/ptII/ptolemy/domains/modal/test/auto/CausalityInterface13.xml
9 ms. Memory: 244736K Free: 191836K (78%)
----------------- Invoking toplevel() on ptolemy.moml.MoMLSimpleApplication@4bb1c383
----------------- Done invoking toplevel() on ptolemy.moml.MoMLSimpleApplication@4bb1c383
reloadAllAccessors: .CausalityInterface13

===========================================================================================
----------------- testing Sun Jun 23 05:15:39 UTC 2019 /home/travis/build/icyphy/ptII/ptolemy/domains/modal/test/auto/CausalityInterface14.xml
----------------- Instantiating /home/travis/build/icyphy/ptII/ptolemy/domains/modal/test/auto/CausalityInterface14.xml
8 ms. Memory: 244736K Free: 177980K (73%)
----------------- Invoking toplevel() on ptolemy.moml.MoMLSimpleApplication@69ed1057
----------------- Done invoking toplevel() on ptolemy.moml.MoMLSimpleApplication@69ed1057
reloadAllAccessors: .CausalityInterface14

===========================================================================================
----------------- testing Sun Jun 23 05:15:39 UTC 2019 /home/travis/build/icyphy/ptII/ptolemy/domains/modal/test/auto/CausalityInterface2.xml
----------------- Instantiating /home/travis/build/icyphy/ptII/ptolemy/domains/modal/test/auto/CausalityInterface2.xml
2 ms. Memory: 244736K Free: 171356K (70%)
----------------- Invoking toplevel() on ptolemy.moml.MoMLSimpleApplication@49e789ad
----------------- Done invoking toplevel() on ptolemy.moml.MoMLSimpleApplication@49e789ad
reloadAllAccessors: .CausalityInterface2

===========================================================================================
----------------- testing Sun Jun 23 05:15:39 UTC 2019 /home/travis/build/icyphy/ptII/ptolemy/domains/modal/test/auto/CausalityInterface3.xml
----------------- Instantiating /home/travis/build/icyphy/ptII/ptolemy/domains/modal/test/auto/CausalityInterface3.xml
3 ms. Memory: 244736K Free: 164692K (67%)
----------------- Invoking toplevel() on ptolemy.moml.MoMLSimpleApplication@418d8696
----------------- Done invoking toplevel() on ptolemy.moml.MoMLSimpleApplication@418d8696
reloadAllAccessors: .CausalityInterface3

===========================================================================================
----------------- testing Sun Jun 23 05:15:39 UTC 2019 /home/travis/build/icyphy/ptII/ptolemy/domains/modal/test/auto/CausalityInterface4.xml
----------------- Instantiating /home/travis/build/icyphy/ptII/ptolemy/domains/modal/test/auto/CausalityInterface4.xml
4 ms. Memory: 244736K Free: 158044K (65%)
----------------- Invoking toplevel() on ptolemy.moml.MoMLSimpleApplication@42e26f11
----------------- Done invoking toplevel() on ptolemy.moml.MoMLSimpleApplication@42e26f11
reloadAllAccessors: .CausalityInterface4

===========================================================================================
----------------- testing Sun Jun 23 05:15:39 UTC 2019 /home/travis/build/icyphy/ptII/ptolemy/domains/modal/test/auto/CausalityInterface5.xml
----------------- Instantiating /home/travis/build/icyphy/ptII/ptolemy/domains/modal/test/auto/CausalityInterface5.xml
8 ms. Memory: 244736K Free: 149852K (61%)
----------------- Invoking toplevel() on ptolemy.moml.MoMLSimpleApplication@525150c1
----------------- Done invoking toplevel() on ptolemy.moml.MoMLSimpleApplication@525150c1
reloadAllAccessors: .CausalityInterface5

===========================================================================================
----------------- testing Sun Jun 23 05:15:39 UTC 2019 /home/travis/build/icyphy/ptII/ptolemy/domains/modal/test/auto/CausalityInterface6.xml
----------------- Instantiating /home/travis/build/icyphy/ptII/ptolemy/domains/modal/test/auto/CausalityInterface6.xml
5 ms. Memory: 244736K Free: 142140K (58%)
----------------- Invoking toplevel() on ptolemy.moml.MoMLSimpleApplication@5f952870
----------------- Done invoking toplevel() on ptolemy.moml.MoMLSimpleApplication@5f952870
reloadAllAccessors: .CausalityInterface6

===========================================================================================
----------------- testing Sun Jun 23 05:15:39 UTC 2019 /home/travis/build/icyphy/ptII/ptolemy/domains/modal/test/auto/CausalityInterface7.xml
----------------- Instantiating /home/travis/build/icyphy/ptII/ptolemy/domains/modal/test/auto/CausalityInterface7.xml
3 ms. Memory: 244736K Free: 133948K (55%)
----------------- Invoking toplevel() on ptolemy.moml.MoMLSimpleApplication@bc2343e
----------------- Done invoking toplevel() on ptolemy.moml.MoMLSimpleApplication@bc2343e
reloadAllAccessors: .CausalityInterface7

===========================================================================================
----------------- testing Sun Jun 23 05:15:39 UTC 2019 /home/travis/build/icyphy/ptII/ptolemy/domains/modal/test/auto/CausalityInterface8.xml
----------------- Instantiating /home/travis/build/icyphy/ptII/ptolemy/domains/modal/test/auto/CausalityInterface8.xml
4 ms. Memory: 244736K Free: 125276K (51%)
----------------- Invoking toplevel() on ptolemy.moml.MoMLSimpleApplication@31ba4e83
----------------- Done invoking toplevel() on ptolemy.moml.MoMLSimpleApplication@31ba4e83
reloadAllAccessors: .CausalityInterface8

===========================================================================================
----------------- testing Sun Jun 23 05:15:39 UTC 2019 /home/travis/build/icyphy/ptII/ptolemy/domains/modal/test/auto/CausalityInterface9.xml
----------------- Instantiating /home/travis/build/icyphy/ptII/ptolemy/domains/modal/test/auto/CausalityInterface9.xml
7 ms. Memory: 244736K Free: 116060K (47%)
----------------- Invoking toplevel() on ptolemy.moml.MoMLSimpleApplication@2369b5b0
----------------- Done invoking toplevel() on ptolemy.moml.MoMLSimpleApplication@2369b5b0
reloadAllAccessors: .CausalityInterface9

===========================================================================================
----------------- testing Sun Jun 23 05:15:39 UTC 2019 /home/travis/build/icyphy/ptII/ptolemy/domains/modal/test/auto/ChainedTransitions.xml
----------------- Instantiating /home/travis/build/icyphy/ptII/ptolemy/domains/modal/test/auto/ChainedTransitions.xml
104 ms. Memory: 244736K Free: 91484K (37%)
----------------- Invoking toplevel() on ptolemy.moml.MoMLSimpleApplication@5d5dc9ec
----------------- Done invoking toplevel() on ptolemy.moml.MoMLSimpleApplication@5d5dc9ec
reloadAllAccessors: .ChainedTransitions

===========================================================================================
----------------- testing Sun Jun 23 05:15:39 UTC 2019 /home/travis/build/icyphy/ptII/ptolemy/domains/modal/test/auto/CycleOfImmediateTransitionsFSM.xml
----------------- Instantiating /home/travis/build/icyphy/ptII/ptolemy/domains/modal/test/auto/CycleOfImmediateTransitionsFSM.xml
5 ms. Memory: 374784K Free: 353659K (94%)
----------------- Invoking toplevel() on ptolemy.moml.MoMLSimpleApplication@7327d271
----------------- Done invoking toplevel() on ptolemy.moml.MoMLSimpleApplication@7327d271
reloadAllAccessors: .CycleOfImmediateTransitionsFSM

===========================================================================================
----------------- testing Sun Jun 23 05:15:39 UTC 2019 /home/travis/build/icyphy/ptII/ptolemy/domains/modal/test/auto/CycleOfImmediateTransitionsModal.xml
----------------- Instantiating /home/travis/build/icyphy/ptII/ptolemy/domains/modal/test/auto/CycleOfImmediateTransitionsModal.xml
7 ms. Memory: 374784K Free: 347484K (93%)
----------------- Invoking toplevel() on ptolemy.moml.MoMLSimpleApplication@32a58943
----------------- Done invoking toplevel() on ptolemy.moml.MoMLSimpleApplication@32a58943
reloadAllAccessors: .CycleOfImmediateTransitionsModal

===========================================================================================
----------------- testing Sun Jun 23 05:15:39 UTC 2019 /home/travis/build/icyphy/ptII/ptolemy/domains/modal/test/auto/CycleOfImmediateTransitionsModal2.xml
----------------- Instantiating /home/travis/build/icyphy/ptII/ptolemy/domains/modal/test/auto/CycleOfImmediateTransitionsModal2.xml
3 ms. Memory: 374784K Free: 340826K (91%)
----------------- Invoking toplevel() on ptolemy.moml.MoMLSimpleApplication@7d3887e2
----------------- Done invoking toplevel() on ptolemy.moml.MoMLSimpleApplication@7d3887e2
reloadAllAccessors: .CycleOfImmediateTransitionsModal2

===========================================================================================
----------------- testing Sun Jun 23 05:15:39 UTC 2019 /home/travis/build/icyphy/ptII/ptolemy/domains/modal/test/auto/CycleOfImmediateTransitionsModal3.xml
----------------- Instantiating /home/travis/build/icyphy/ptII/ptolemy/domains/modal/test/auto/CycleOfImmediateTransitionsModal3.xml
12 ms. Memory: 374784K Free: 318284K (85%)
----------------- Invoking toplevel() on ptolemy.moml.MoMLSimpleApplication@3a678da3
----------------- Done invoking toplevel() on ptolemy.moml.MoMLSimpleApplication@3a678da3
reloadAllAccessors: .CycleOfImmediateTransitionsModal3

===========================================================================================
----------------- testing Sun Jun 23 05:15:39 UTC 2019 /home/travis/build/icyphy/ptII/ptolemy/domains/modal/test/auto/DeepModal1.xml
----------------- Instantiating /home/travis/build/icyphy/ptII/ptolemy/domains/modal/test/auto/DeepModal1.xml
30 ms. Memory: 374784K Free: 304476K (81%)
----------------- Invoking toplevel() on ptolemy.moml.MoMLSimpleApplication@1dc3a816
----------------- Done invoking toplevel() on ptolemy.moml.MoMLSimpleApplication@1dc3a816
reloadAllAccessors: .DeepModal1

===========================================================================================
----------------- testing Sun Jun 23 05:15:39 UTC 2019 /home/travis/build/icyphy/ptII/ptolemy/domains/modal/test/auto/DeepModal2.xml
----------------- Instantiating /home/travis/build/icyphy/ptII/ptolemy/domains/modal/test/auto/DeepModal2.xml
30 ms. Memory: 374784K Free: 285530K (76%)
----------------- Invoking toplevel() on ptolemy.moml.MoMLSimpleApplication@44027c85
----------------- Done invoking toplevel() on ptolemy.moml.MoMLSimpleApplication@44027c85
reloadAllAccessors: .DeepModal2

===========================================================================================
----------------- testing Sun Jun 23 05:15:40 UTC 2019 /home/travis/build/icyphy/ptII/ptolemy/domains/modal/test/auto/DeepModal3.xml
----------------- Instantiating /home/travis/build/icyphy/ptII/ptolemy/domains/modal/test/auto/DeepModal3.xml
29 ms. Memory: 374784K Free: 266074K (71%)
----------------- Invoking toplevel() on ptolemy.moml.MoMLSimpleApplication@5c1413be
----------------- Done invoking toplevel() on ptolemy.moml.MoMLSimpleApplication@5c1413be
reloadAllAccessors: .DeepModal3

===========================================================================================
----------------- testing Sun Jun 23 05:15:40 UTC 2019 /home/travis/build/icyphy/ptII/ptolemy/domains/modal/test/auto/DeepModal4.xml
----------------- Instantiating /home/travis/build/icyphy/ptII/ptolemy/domains/modal/test/auto/DeepModal4.xml
37 ms. Memory: 374784K Free: 246604K (66%)
----------------- Invoking toplevel() on ptolemy.moml.MoMLSimpleApplication@3831137d
----------------- Done invoking toplevel() on ptolemy.moml.MoMLSimpleApplication@3831137d
reloadAllAccessors: .DeepModal4

===========================================================================================
----------------- testing Sun Jun 23 05:15:40 UTC 2019 /home/travis/build/icyphy/ptII/ptolemy/domains/modal/test/auto/Default1.xml
----------------- Instantiating /home/travis/build/icyphy/ptII/ptolemy/domains/modal/test/auto/Default1.xml
2 ms. Memory: 374784K Free: 240474K (64%)
----------------- Invoking toplevel() on ptolemy.moml.MoMLSimpleApplication@33a34685
----------------- Done invoking toplevel() on ptolemy.moml.MoMLSimpleApplication@33a34685
reloadAllAccessors: .Default1

===========================================================================================
----------------- testing Sun Jun 23 05:15:40 UTC 2019 /home/travis/build/icyphy/ptII/ptolemy/domains/modal/test/auto/Default2.xml
----------------- Instantiating /home/travis/build/icyphy/ptII/ptolemy/domains/modal/test/auto/Default2.xml
5 ms. Memory: 374784K Free: 235335K (63%)
----------------- Invoking toplevel() on ptolemy.moml.MoMLSimpleApplication@65b21074
----------------- Done invoking toplevel() on ptolemy.moml.MoMLSimpleApplication@65b21074
reloadAllAccessors: .Default2

===========================================================================================
----------------- testing Sun Jun 23 05:15:40 UTC 2019 /home/travis/build/icyphy/ptII/ptolemy/domains/modal/test/auto/Default3.xml
----------------- Instantiating /home/travis/build/icyphy/ptII/ptolemy/domains/modal/test/auto/Default3.xml
3 ms. Memory: 374784K Free: 229210K (61%)
----------------- Invoking toplevel() on ptolemy.moml.MoMLSimpleApplication@41346550
----------------- Done invoking toplevel() on ptolemy.moml.MoMLSimpleApplication@41346550
reloadAllAccessors: .Default3

===========================================================================================
----------------- testing Sun Jun 23 05:15:40 UTC 2019 /home/travis/build/icyphy/ptII/ptolemy/domains/modal/test/auto/Default4.xml
----------------- Instantiating /home/travis/build/icyphy/ptII/ptolemy/domains/modal/test/auto/Default4.xml
2 ms. Memory: 374784K Free: 223066K (60%)
----------------- Invoking toplevel() on ptolemy.moml.MoMLSimpleApplication@36ecf68
----------------- Done invoking toplevel() on ptolemy.moml.MoMLSimpleApplication@36ecf68
reloadAllAccessors: .Default4

===========================================================================================
----------------- testing Sun Jun 23 05:15:40 UTC 2019 /home/travis/build/icyphy/ptII/ptolemy/domains/modal/test/auto/Default5.xml
----------------- Instantiating /home/travis/build/icyphy/ptII/ptolemy/domains/modal/test/auto/Default5.xml
3 ms. Memory: 374784K Free: 214874K (57%)
----------------- Invoking toplevel() on ptolemy.moml.MoMLSimpleApplication@5149b780
----------------- Done invoking toplevel() on ptolemy.moml.MoMLSimpleApplication@5149b780
reloadAllAccessors: .Default5

===========================================================================================
----------------- testing Sun Jun 23 05:15:40 UTC 2019 /home/travis/build/icyphy/ptII/ptolemy/domains/modal/test/auto/EmptyGuard.xml
----------------- Instantiating /home/travis/build/icyphy/ptII/ptolemy/domains/modal/test/auto/EmptyGuard.xml
14 ms. Memory: 374784K Free: 207196K (55%)
----------------- Invoking toplevel() on ptolemy.moml.MoMLSimpleApplication@ce2d37d
----------------- Done invoking toplevel() on ptolemy.moml.MoMLSimpleApplication@ce2d37d
reloadAllAccessors: .EmptyGuard

===========================================================================================
----------------- testing Sun Jun 23 05:15:40 UTC 2019 /home/travis/build/icyphy/ptII/ptolemy/domains/modal/test/auto/ErrorTransition1.xml
----------------- Instantiating /home/travis/build/icyphy/ptII/ptolemy/domains/modal/test/auto/ErrorTransition1.xml
9 ms. Memory: 374784K Free: 198490K (53%)
----------------- Invoking toplevel() on ptolemy.moml.MoMLSimpleApplication@666569d8
----------------- Done invoking toplevel() on ptolemy.moml.MoMLSimpleApplication@666569d8
reloadAllAccessors: .ErrorTransition1

===========================================================================================
----------------- testing Sun Jun 23 05:15:40 UTC 2019 /home/travis/build/icyphy/ptII/ptolemy/domains/modal/test/auto/ErrorTransition10.xml
----------------- Instantiating /home/travis/build/icyphy/ptII/ptolemy/domains/modal/test/auto/ErrorTransition10.xml
15 ms. Memory: 374784K Free: 184668K (49%)
----------------- Invoking toplevel() on ptolemy.moml.MoMLSimpleApplication@55dd9f57
----------------- Done invoking toplevel() on ptolemy.moml.MoMLSimpleApplication@55dd9f57
reloadAllAccessors: .ErrorTransition10

===========================================================================================
----------------- testing Sun Jun 23 05:15:40 UTC 2019 /home/travis/build/icyphy/ptII/ptolemy/domains/modal/test/auto/ErrorTransition11.xml
----------------- Instantiating /home/travis/build/icyphy/ptII/ptolemy/domains/modal/test/auto/ErrorTransition11.xml
4 ms. Memory: 374784K Free: 173404K (46%)
----------------- Invoking toplevel() on ptolemy.moml.MoMLSimpleApplication@29454508
----------------- Done invoking toplevel() on ptolemy.moml.MoMLSimpleApplication@29454508
reloadAllAccessors: .ErrorTransition11

===========================================================================================
----------------- testing Sun Jun 23 05:15:40 UTC 2019 /home/travis/build/icyphy/ptII/ptolemy/domains/modal/test/auto/ErrorTransition2.xml
----------------- Instantiating /home/travis/build/icyphy/ptII/ptolemy/domains/modal/test/auto/ErrorTransition2.xml
9 ms. Memory: 374784K Free: 164698K (44%)
----------------- Invoking toplevel() on ptolemy.moml.MoMLSimpleApplication@4de5b7a0
----------------- Done invoking toplevel() on ptolemy.moml.MoMLSimpleApplication@4de5b7a0
reloadAllAccessors: .ErrorTransition2

===========================================================================================
----------------- testing Sun Jun 23 05:15:40 UTC 2019 /home/travis/build/icyphy/ptII/ptolemy/domains/modal/test/auto/ErrorTransition3.xml
----------------- Instantiating /home/travis/build/icyphy/ptII/ptolemy/domains/modal/test/auto/ErrorTransition3.xml
22 ms. Memory: 374784K Free: 154972K (41%)
----------------- Invoking toplevel() on ptolemy.moml.MoMLSimpleApplication@6ececf57
----------------- Done invoking toplevel() on ptolemy.moml.MoMLSimpleApplication@6ececf57
reloadAllAccessors: .ErrorTransition3

===========================================================================================
----------------- testing Sun Jun 23 05:15:40 UTC 2019 /home/travis/build/icyphy/ptII/ptolemy/domains/modal/test/auto/ErrorTransition4.xml
----------------- Instantiating /home/travis/build/icyphy/ptII/ptolemy/domains/modal/test/auto/ErrorTransition4.xml
14 ms. Memory: 374784K Free: 143708K (38%)
----------------- Invoking toplevel() on ptolemy.moml.MoMLSimpleApplication@5a09b466
----------------- Done invoking toplevel() on ptolemy.moml.MoMLSimpleApplication@5a09b466
reloadAllAccessors: .ErrorTransition4

===========================================================================================
----------------- testing Sun Jun 23 05:15:40 UTC 2019 /home/travis/build/icyphy/ptII/ptolemy/domains/modal/test/auto/ErrorTransition5.xml
----------------- Instantiating /home/travis/build/icyphy/ptII/ptolemy/domains/modal/test/auto/ErrorTransition5.xml
13 ms. Memory: 374784K Free: 349532K (93%)
----------------- Invoking toplevel() on ptolemy.moml.MoMLSimpleApplication@7f5109a9
----------------- Done invoking toplevel() on ptolemy.moml.MoMLSimpleApplication@7f5109a9
reloadAllAccessors: .ErrorTransition5

===========================================================================================
----------------- testing Sun Jun 23 05:15:40 UTC 2019 /home/travis/build/icyphy/ptII/ptolemy/domains/modal/test/auto/ErrorTransition6.xml
----------------- Instantiating /home/travis/build/icyphy/ptII/ptolemy/domains/modal/test/auto/ErrorTransition6.xml
12 ms. Memory: 374784K Free: 338778K (90%)
----------------- Invoking toplevel() on ptolemy.moml.MoMLSimpleApplication@26b792fd
----------------- Done invoking toplevel() on ptolemy.moml.MoMLSimpleApplication@26b792fd
reloadAllAccessors: .ErrorTransition6

===========================================================================================
----------------- testing Sun Jun 23 05:15:40 UTC 2019 /home/travis/build/icyphy/ptII/ptolemy/domains/modal/test/auto/ErrorTransition7.xml
----------------- Instantiating /home/travis/build/icyphy/ptII/ptolemy/domains/modal/test/auto/ErrorTransition7.xml
26 ms. Memory: 374784K Free: 325980K (87%)
----------------- Invoking toplevel() on ptolemy.moml.MoMLSimpleApplication@661aa969
----------------- Done invoking toplevel() on ptolemy.moml.MoMLSimpleApplication@661aa969
reloadAllAccessors: .ErrorTransition7

===========================================================================================
----------------- testing Sun Jun 23 05:15:40 UTC 2019 /home/travis/build/icyphy/ptII/ptolemy/domains/modal/test/auto/ErrorTransition8.xml
----------------- Instantiating /home/travis/build/icyphy/ptII/ptolemy/domains/modal/test/auto/ErrorTransition8.xml
32 ms. Memory: 374784K Free: 312668K (83%)
----------------- Invoking toplevel() on ptolemy.moml.MoMLSimpleApplication@5a873a4a
----------------- Done invoking toplevel() on ptolemy.moml.MoMLSimpleApplication@5a873a4a
reloadAllAccessors: .ErrorTransition8

===========================================================================================
----------------- testing Sun Jun 23 05:15:40 UTC 2019 /home/travis/build/icyphy/ptII/ptolemy/domains/modal/test/auto/ErrorTransition9.xml
----------------- Instantiating /home/travis/build/icyphy/ptII/ptolemy/domains/modal/test/auto/ErrorTransition9.xml
16 ms. Memory: 374784K Free: 299356K (80%)
----------------- Invoking toplevel() on ptolemy.moml.MoMLSimpleApplication@2d7836c2
----------------- Done invoking toplevel() on ptolemy.moml.MoMLSimpleApplication@2d7836c2
reloadAllAccessors: .ErrorTransition9

===========================================================================================
----------------- testing Sun Jun 23 05:15:40 UTC 2019 /home/travis/build/icyphy/ptII/ptolemy/domains/modal/test/auto/ExtendedFSM.xml
----------------- Instantiating /home/travis/build/icyphy/ptII/ptolemy/domains/modal/test/auto/ExtendedFSM.xml
8 ms. Memory: 374784K Free: 290636K (78%)
----------------- Invoking toplevel() on ptolemy.moml.MoMLSimpleApplication@76b0064
----------------- Done invoking toplevel() on ptolemy.moml.MoMLSimpleApplication@76b0064
reloadAllAccessors: .ExtendedFSM

===========================================================================================
----------------- testing Sun Jun 23 05:15:40 UTC 2019 /home/travis/build/icyphy/ptII/ptolemy/domains/modal/test/auto/FinalStates.xml
----------------- Instantiating /home/travis/build/icyphy/ptII/ptolemy/domains/modal/test/auto/FinalStates.xml
7 ms. Memory: 374784K Free: 282458K (75%)
----------------- Invoking toplevel() on ptolemy.moml.MoMLSimpleApplication@66d4402d
----------------- Done invoking toplevel() on ptolemy.moml.MoMLSimpleApplication@66d4402d
reloadAllAccessors: .FinalStates

===========================================================================================
----------------- testing Sun Jun 23 05:15:40 UTC 2019 /home/travis/build/icyphy/ptII/ptolemy/domains/modal/test/auto/FixedPointFSM.xml
----------------- Instantiating /home/travis/build/icyphy/ptII/ptolemy/domains/modal/test/auto/FixedPointFSM.xml
24 ms. Memory: 374784K Free: 267612K (71%)
----------------- Invoking toplevel() on ptolemy.moml.MoMLSimpleApplication@28884459
----------------- Done invoking toplevel() on ptolemy.moml.MoMLSimpleApplication@28884459
reloadAllAccessors: .FixedPointFSM

===========================================================================================
----------------- testing Sun Jun 23 05:15:40 UTC 2019 /home/travis/build/icyphy/ptII/ptolemy/domains/modal/test/auto/FixedPointIterationFSMActor.xml
----------------- Instantiating /home/travis/build/icyphy/ptII/ptolemy/domains/modal/test/auto/FixedPointIterationFSMActor.xml
7 ms. Memory: 374784K Free: 256852K (69%)
----------------- Invoking toplevel() on ptolemy.moml.MoMLSimpleApplication@340d9743
----------------- Done invoking toplevel() on ptolemy.moml.MoMLSimpleApplication@340d9743
reloadAllAccessors: .FixedPointIterationFSMActor

===========================================================================================
----------------- testing Sun Jun 23 05:15:41 UTC 2019 /home/travis/build/icyphy/ptII/ptolemy/domains/modal/test/auto/FixedPointIterationFSMActor2.xml
----------------- Instantiating /home/travis/build/icyphy/ptII/ptolemy/domains/modal/test/auto/FixedPointIterationFSMActor2.xml
12 ms. Memory: 374784K Free: 245084K (65%)
----------------- Invoking toplevel() on ptolemy.moml.MoMLSimpleApplication@643497ef
----------------- Done invoking toplevel() on ptolemy.moml.MoMLSimpleApplication@643497ef
reloadAllAccessors: .FixedPointIterationFSMActor2

===========================================================================================
----------------- testing Sun Jun 23 05:15:41 UTC 2019 /home/travis/build/icyphy/ptII/ptolemy/domains/modal/test/auto/ForbiddenInstantanousLoop.xml
----------------- Instantiating /home/travis/build/icyphy/ptII/ptolemy/domains/modal/test/auto/ForbiddenInstantanousLoop.xml
7 ms. Memory: 374784K Free: 232276K (62%)
----------------- Invoking toplevel() on ptolemy.moml.MoMLSimpleApplication@74ac895f
----------------- Done invoking toplevel() on ptolemy.moml.MoMLSimpleApplication@74ac895f
reloadAllAccessors: .ForbiddenInstantanousLoop

===========================================================================================
----------------- testing Sun Jun 23 05:15:41 UTC 2019 /home/travis/build/icyphy/ptII/ptolemy/domains/modal/test/auto/FunctionDependencyOfFSMActorTest.xml
----------------- Instantiating /home/travis/build/icyphy/ptII/ptolemy/domains/modal/test/auto/FunctionDependencyOfFSMActorTest.xml
15 ms. Memory: 374784K Free: 225100K (60%)
----------------- Invoking toplevel() on ptolemy.moml.MoMLSimpleApplication@72b8a374
----------------- Done invoking toplevel() on ptolemy.moml.MoMLSimpleApplication@72b8a374
reloadAllAccessors: .FunctionDependencyOfFSMActorTest

===========================================================================================
----------------- testing Sun Jun 23 05:15:41 UTC 2019 /home/travis/build/icyphy/ptII/ptolemy/domains/modal/test/auto/GuardExpression.xml
----------------- Instantiating /home/travis/build/icyphy/ptII/ptolemy/domains/modal/test/auto/GuardExpression.xml
2 ms. Memory: 374784K Free: 219994K (59%)
----------------- Invoking toplevel() on ptolemy.moml.MoMLSimpleApplication@4ee0c228
----------------- Done invoking toplevel() on ptolemy.moml.MoMLSimpleApplication@4ee0c228
reloadAllAccessors: .GuardExpression

===========================================================================================
----------------- testing Sun Jun 23 05:15:41 UTC 2019 /home/travis/build/icyphy/ptII/ptolemy/domains/modal/test/auto/GuardNotEvaluated.xml
----------------- Instantiating /home/travis/build/icyphy/ptII/ptolemy/domains/modal/test/auto/GuardNotEvaluated.xml
6 ms. Memory: 374784K Free: 210778K (56%)
----------------- Invoking toplevel() on ptolemy.moml.MoMLSimpleApplication@888f6a7
----------------- Done invoking toplevel() on ptolemy.moml.MoMLSimpleApplication@888f6a7
reloadAllAccessors: .GuardNotEvaluated

===========================================================================================
----------------- testing Sun Jun 23 05:15:41 UTC 2019 /home/travis/build/icyphy/ptII/ptolemy/domains/modal/test/auto/GuardNotEvaluated2.xml
----------------- Instantiating /home/travis/build/icyphy/ptII/ptolemy/domains/modal/test/auto/GuardNotEvaluated2.xml
9 ms. Memory: 374784K Free: 201052K (54%)
----------------- Invoking toplevel() on ptolemy.moml.MoMLSimpleApplication@60f7d1f6
----------------- Done invoking toplevel() on ptolemy.moml.MoMLSimpleApplication@60f7d1f6
reloadAllAccessors: .GuardNotEvaluated2

===========================================================================================
----------------- testing Sun Jun 23 05:15:41 UTC 2019 /home/travis/build/icyphy/ptII/ptolemy/domains/modal/test/auto/GuardOnAbsent.xml
----------------- Instantiating /home/travis/build/icyphy/ptII/ptolemy/domains/modal/test/auto/GuardOnAbsent.xml
9 ms. Memory: 374784K Free: 193364K (52%)
----------------- Invoking toplevel() on ptolemy.moml.MoMLSimpleApplication@4e1784b1
----------------- Done invoking toplevel() on ptolemy.moml.MoMLSimpleApplication@4e1784b1
reloadAllAccessors: .GuardOnAbsent

===========================================================================================
----------------- testing Sun Jun 23 05:15:41 UTC 2019 /home/travis/build/icyphy/ptII/ptolemy/domains/modal/test/auto/HierarchicalFSMTypeInference.xml
----------------- Instantiating /home/travis/build/icyphy/ptII/ptolemy/domains/modal/test/auto/HierarchicalFSMTypeInference.xml
5 ms. Memory: 374784K Free: 183130K (49%)
----------------- Invoking toplevel() on ptolemy.moml.MoMLSimpleApplication@499218c5
----------------- Done invoking toplevel() on ptolemy.moml.MoMLSimpleApplication@499218c5
reloadAllAccessors: .HierarchicalFSMTypeInference

===========================================================================================
----------------- testing Sun Jun 23 05:15:41 UTC 2019 /home/travis/build/icyphy/ptII/ptolemy/domains/modal/test/auto/Hysteresis.xml
----------------- Instantiating /home/travis/build/icyphy/ptII/ptolemy/domains/modal/test/auto/Hysteresis.xml
12 ms. Memory: 374784K Free: 169804K (45%)
----------------- Invoking toplevel() on ptolemy.moml.MoMLSimpleApplication@1d496a5c
----------------- Done invoking toplevel() on ptolemy.moml.MoMLSimpleApplication@1d496a5c
reloadAllAccessors: .Hysteresis

===========================================================================================
----------------- testing Sun Jun 23 05:15:41 UTC 2019 /home/travis/build/icyphy/ptII/ptolemy/domains/modal/test/auto/HysteresisWithDefault.xml
----------------- Instantiating /home/travis/build/icyphy/ptII/ptolemy/domains/modal/test/auto/HysteresisWithDefault.xml
40 ms. Memory: 374784K Free: 146780K (39%)
----------------- Invoking toplevel() on ptolemy.moml.MoMLSimpleApplication@12a91a56
----------------- Done invoking toplevel() on ptolemy.moml.MoMLSimpleApplication@12a91a56
reloadAllAccessors: .HysteresisWithDefault

===========================================================================================
----------------- testing Sun Jun 23 05:15:41 UTC 2019 /home/travis/build/icyphy/ptII/ptolemy/domains/modal/test/auto/HysteresisWithDefault2.xml
----------------- Instantiating /home/travis/build/icyphy/ptII/ptolemy/domains/modal/test/auto/HysteresisWithDefault2.xml
45 ms. Memory: 374784K Free: 333138K (89%)
----------------- Invoking toplevel() on ptolemy.moml.MoMLSimpleApplication@3702df85
----------------- Done invoking toplevel() on ptolemy.moml.MoMLSimpleApplication@3702df85
reloadAllAccessors: .HysteresisWithDefault2

===========================================================================================
----------------- testing Sun Jun 23 05:15:41 UTC 2019 /home/travis/build/icyphy/ptII/ptolemy/domains/modal/test/auto/ImmediateNonConstructiveness.xml
----------------- Instantiating /home/travis/build/icyphy/ptII/ptolemy/domains/modal/test/auto/ImmediateNonConstructiveness.xml
2 ms. Memory: 374784K Free: 325468K (87%)
----------------- Invoking toplevel() on ptolemy.moml.MoMLSimpleApplication@1513337f
----------------- Done invoking toplevel() on ptolemy.moml.MoMLSimpleApplication@1513337f
reloadAllAccessors: .ImmediateNonConstructiveness

===========================================================================================
----------------- testing Sun Jun 23 05:15:41 UTC 2019 /home/travis/build/icyphy/ptII/ptolemy/domains/modal/test/auto/ImmediateNonConstructiveness2.xml
----------------- Instantiating /home/travis/build/icyphy/ptII/ptolemy/domains/modal/test/auto/ImmediateNonConstructiveness2.xml
2 ms. Memory: 374784K Free: 318810K (85%)
----------------- Invoking toplevel() on ptolemy.moml.MoMLSimpleApplication@1e9b9cdb
----------------- Done invoking toplevel() on ptolemy.moml.MoMLSimpleApplication@1e9b9cdb
reloadAllAccessors: .ImmediateNonConstructiveness2

===========================================================================================
----------------- testing Sun Jun 23 05:15:41 UTC 2019 /home/travis/build/icyphy/ptII/ptolemy/domains/modal/test/auto/ImmediateTransitionReset.xml
----------------- Instantiating /home/travis/build/icyphy/ptII/ptolemy/domains/modal/test/auto/ImmediateTransitionReset.xml
8 ms. Memory: 374784K Free: 307036K (82%)
----------------- Invoking toplevel() on ptolemy.moml.MoMLSimpleApplication@5691c733
----------------- Done invoking toplevel() on ptolemy.moml.MoMLSimpleApplication@5691c733
reloadAllAccessors: .ImmediateTransitionReset

===========================================================================================
----------------- testing Sun Jun 23 05:15:41 UTC 2019 /home/travis/build/icyphy/ptII/ptolemy/domains/modal/test/auto/ImmediateTransitions1.xml
----------------- Instantiating /home/travis/build/icyphy/ptII/ptolemy/domains/modal/test/auto/ImmediateTransitions1.xml
2 ms. Memory: 374784K Free: 301916K (81%)
----------------- Invoking toplevel() on ptolemy.moml.MoMLSimpleApplication@7c4ccab7
----------------- Done invoking toplevel() on ptolemy.moml.MoMLSimpleApplication@7c4ccab7
reloadAllAccessors: .ImmediateTransitions1

===========================================================================================
----------------- testing Sun Jun 23 05:15:41 UTC 2019 /home/travis/build/icyphy/ptII/ptolemy/domains/modal/test/auto/ImmediateTransitionsInstantaneousCommunication.xml
----------------- Instantiating /home/travis/build/icyphy/ptII/ptolemy/domains/modal/test/auto/ImmediateTransitionsInstantaneousCommunication.xml
4 ms. Memory: 374784K Free: 289628K (77%)
----------------- Invoking toplevel() on ptolemy.moml.MoMLSimpleApplication@36a49f3f
----------------- Done invoking toplevel() on ptolemy.moml.MoMLSimpleApplication@36a49f3f
reloadAllAccessors: .ImmediateTransitionsInstantaneousCommunication

===========================================================================================
----------------- testing Sun Jun 23 05:15:41 UTC 2019 /home/travis/build/icyphy/ptII/ptolemy/domains/modal/test/auto/InitialImmediateTransition.xml
----------------- Instantiating /home/travis/build/icyphy/ptII/ptolemy/domains/modal/test/auto/InitialImmediateTransition.xml
3 ms. Memory: 374784K Free: 282460K (75%)
----------------- Invoking toplevel() on ptolemy.moml.MoMLSimpleApplication@167eb99b
----------------- Done invoking toplevel() on ptolemy.moml.MoMLSimpleApplication@167eb99b
reloadAllAccessors: .InitialImmediateTransition

===========================================================================================
----------------- testing Sun Jun 23 05:15:41 UTC 2019 /home/travis/build/icyphy/ptII/ptolemy/domains/modal/test/auto/InitialOutputs.xml
----------------- Instantiating /home/travis/build/icyphy/ptII/ptolemy/domains/modal/test/auto/InitialOutputs.xml
4 ms. Memory: 374784K Free: 276316K (74%)
----------------- Invoking toplevel() on ptolemy.moml.MoMLSimpleApplication@4dcf8c09
----------------- Done invoking toplevel() on ptolemy.moml.MoMLSimpleApplication@4dcf8c09
reloadAllAccessors: .InitialOutputs

===========================================================================================
----------------- testing Sun Jun 23 05:15:41 UTC 2019 /home/travis/build/icyphy/ptII/ptolemy/domains/modal/test/auto/InitialStateTransition1.xml
----------------- Instantiating /home/travis/build/icyphy/ptII/ptolemy/domains/modal/test/auto/InitialStateTransition1.xml
3 ms. Memory: 374784K Free: 269148K (72%)
----------------- Invoking toplevel() on ptolemy.moml.MoMLSimpleApplication@13d9c5b4
----------------- Done invoking toplevel() on ptolemy.moml.MoMLSimpleApplication@13d9c5b4
reloadAllAccessors: .InitialStateTransition1

===========================================================================================
----------------- testing Sun Jun 23 05:15:41 UTC 2019 /home/travis/build/icyphy/ptII/ptolemy/domains/modal/test/auto/InitialStateTransition2.xml
----------------- Instantiating /home/travis/build/icyphy/ptII/ptolemy/domains/modal/test/auto/InitialStateTransition2.xml
.InitialStateTransition2.TestExceptionAttributeNonConstructive: initialize() was not invoked, but wrapup() was.  This is unusual, but not always a problem.  For example, exporting JNLP will do this.
2 ms. Memory: 374784K Free: 261980K (70%)
----------------- Invoking toplevel() on ptolemy.moml.MoMLSimpleApplication@600602cd
----------------- Done invoking toplevel() on ptolemy.moml.MoMLSimpleApplication@600602cd
reloadAllAccessors: .InitialStateTransition2

===========================================================================================
----------------- testing Sun Jun 23 05:15:41 UTC 2019 /home/travis/build/icyphy/ptII/ptolemy/domains/modal/test/auto/InitialStateTransition3.xml
----------------- Instantiating /home/travis/build/icyphy/ptII/ptolemy/domains/modal/test/auto/InitialStateTransition3.xml
4 ms. Memory: 374784K Free: 253274K (68%)
----------------- Invoking toplevel() on ptolemy.moml.MoMLSimpleApplication@c4fd8a6
----------------- Done invoking toplevel() on ptolemy.moml.MoMLSimpleApplication@c4fd8a6
reloadAllAccessors: .InitialStateTransition3

===========================================================================================
----------------- testing Sun Jun 23 05:15:41 UTC 2019 /home/travis/build/icyphy/ptII/ptolemy/domains/modal/test/auto/InitialStateTransition4.xml
----------------- Instantiating /home/travis/build/icyphy/ptII/ptolemy/domains/modal/test/auto/InitialStateTransition4.xml
3 ms. Memory: 374784K Free: 244058K (65%)
----------------- Invoking toplevel() on ptolemy.moml.MoMLSimpleApplication@6f988600
----------------- Done invoking toplevel() on ptolemy.moml.MoMLSimpleApplication@6f988600
[...]
reloadAllAccessors: .TerminationTransition3

===========================================================================================
----------------- testing Sun Jun 23 05:15:43 UTC 2019 /home/travis/build/icyphy/ptII/ptolemy/domains/modal/test/auto/TerminationTransition4.xml
----------------- Instantiating /home/travis/build/icyphy/ptII/ptolemy/domains/modal/test/auto/TerminationTransition4.xml
6 ms. Memory: 478208K Free: 197466K (41%)
----------------- Invoking toplevel() on ptolemy.moml.MoMLSimpleApplication@71435c57
----------------- Done invoking toplevel() on ptolemy.moml.MoMLSimpleApplication@71435c57
reloadAllAccessors: .TerminationTransition4

===========================================================================================
----------------- testing Sun Jun 23 05:15:43 UTC 2019 /home/travis/build/icyphy/ptII/ptolemy/domains/modal/test/auto/TerminationTransition5.xml
----------------- Instantiating /home/travis/build/icyphy/ptII/ptolemy/domains/modal/test/auto/TerminationTransition5.xml
2 ms. Memory: 478208K Free: 184154K (39%)
----------------- Invoking toplevel() on ptolemy.moml.MoMLSimpleApplication@7478048a
----------------- Done invoking toplevel() on ptolemy.moml.MoMLSimpleApplication@7478048a
reloadAllAccessors: .TerminationTransition5

===========================================================================================
----------------- testing Sun Jun 23 05:15:43 UTC 2019 /home/travis/build/icyphy/ptII/ptolemy/domains/modal/test/auto/TerminationTransition6.xml
----------------- Instantiating /home/travis/build/icyphy/ptII/ptolemy/domains/modal/test/auto/TerminationTransition6.xml
1 ms. Memory: 478208K Free: 453452K (95%)
----------------- Invoking toplevel() on ptolemy.moml.MoMLSimpleApplication@14bc5a18
----------------- Done invoking toplevel() on ptolemy.moml.MoMLSimpleApplication@14bc5a18
reloadAllAccessors: .TerminationTransition6

===========================================================================================
----------------- testing Sun Jun 23 05:15:43 UTC 2019 /home/travis/build/icyphy/ptII/ptolemy/domains/modal/test/auto/TerminationTransition7.xml
----------------- Instantiating /home/travis/build/icyphy/ptII/ptolemy/domains/modal/test/auto/TerminationTransition7.xml
3 ms. Memory: 478208K Free: 443740K (93%)
----------------- Invoking toplevel() on ptolemy.moml.MoMLSimpleApplication@176692f7
----------------- Done invoking toplevel() on ptolemy.moml.MoMLSimpleApplication@176692f7
reloadAllAccessors: .TerminationTransition7

===========================================================================================
----------------- testing Sun Jun 23 05:15:43 UTC 2019 /home/travis/build/icyphy/ptII/ptolemy/domains/modal/test/auto/TerminationTransition8.xml
----------------- Instantiating /home/travis/build/icyphy/ptII/ptolemy/domains/modal/test/auto/TerminationTransition8.xml
2 ms. Memory: 478208K Free: 434010K (91%)
----------------- Invoking toplevel() on ptolemy.moml.MoMLSimpleApplication@35b86882
----------------- Done invoking toplevel() on ptolemy.moml.MoMLSimpleApplication@35b86882
reloadAllAccessors: .TerminationTransition8

===========================================================================================
----------------- testing Sun Jun 23 05:15:43 UTC 2019 /home/travis/build/icyphy/ptII/ptolemy/domains/modal/test/auto/Thermostat_NoHysteresis.xml
----------------- Instantiating /home/travis/build/icyphy/ptII/ptolemy/domains/modal/test/auto/Thermostat_NoHysteresis.xml
47 ms. Memory: 478208K Free: 409948K (86%)
----------------- Invoking toplevel() on ptolemy.moml.MoMLSimpleApplication@6cbb2ada
----------------- Done invoking toplevel() on ptolemy.moml.MoMLSimpleApplication@6cbb2ada
reloadAllAccessors: .Thermostat_NoHysteresis

===========================================================================================
----------------- testing Sun Jun 23 05:15:44 UTC 2019 /home/travis/build/icyphy/ptII/ptolemy/domains/modal/test/auto/TimedFSM.xml
----------------- Instantiating /home/travis/build/icyphy/ptII/ptolemy/domains/modal/test/auto/TimedFSM.xml
8 ms. Memory: 478208K Free: 398156K (83%)
----------------- Invoking toplevel() on ptolemy.moml.MoMLSimpleApplication@14a229c5
----------------- Done invoking toplevel() on ptolemy.moml.MoMLSimpleApplication@14a229c5
reloadAllAccessors: .TimedFSM

===========================================================================================
----------------- testing Sun Jun 23 05:15:44 UTC 2019 /home/travis/build/icyphy/ptII/ptolemy/domains/modal/test/auto/Timeout1.xml
----------------- Instantiating /home/travis/build/icyphy/ptII/ptolemy/domains/modal/test/auto/Timeout1.xml
2 ms. Memory: 478208K Free: 392540K (82%)
----------------- Invoking toplevel() on ptolemy.moml.MoMLSimpleApplication@569e58d1
----------------- Done invoking toplevel() on ptolemy.moml.MoMLSimpleApplication@569e58d1
reloadAllAccessors: .Timeout1

===========================================================================================
----------------- testing Sun Jun 23 05:15:44 UTC 2019 /home/travis/build/icyphy/ptII/ptolemy/domains/modal/test/auto/Timeout2.xml
----------------- Instantiating /home/travis/build/icyphy/ptII/ptolemy/domains/modal/test/auto/Timeout2.xml
8 ms. Memory: 478208K Free: 383820K (80%)
----------------- Invoking toplevel() on ptolemy.moml.MoMLSimpleApplication@7709e3fc
----------------- Done invoking toplevel() on ptolemy.moml.MoMLSimpleApplication@7709e3fc
reloadAllAccessors: .Timeout2

===========================================================================================
----------------- testing Sun Jun 23 05:15:44 UTC 2019 /home/travis/build/icyphy/ptII/ptolemy/domains/modal/test/auto/Timeout3.xml
----------------- Instantiating /home/travis/build/icyphy/ptII/ptolemy/domains/modal/test/auto/Timeout3.xml
3 ms. Memory: 478208K Free: 378700K (79%)
----------------- Invoking toplevel() on ptolemy.moml.MoMLSimpleApplication@7ceab5cf
----------------- Done invoking toplevel() on ptolemy.moml.MoMLSimpleApplication@7ceab5cf
reloadAllAccessors: .Timeout3

===========================================================================================
----------------- testing Sun Jun 23 05:15:44 UTC 2019 /home/travis/build/icyphy/ptII/ptolemy/domains/modal/test/auto/Timeout4.xml
----------------- Instantiating /home/travis/build/icyphy/ptII/ptolemy/domains/modal/test/auto/Timeout4.xml
2 ms. Memory: 478208K Free: 373084K (78%)
----------------- Invoking toplevel() on ptolemy.moml.MoMLSimpleApplication@2b72ee0d
----------------- Done invoking toplevel() on ptolemy.moml.MoMLSimpleApplication@2b72ee0d
reloadAllAccessors: .Timeout4

===========================================================================================
----------------- testing Sun Jun 23 05:15:44 UTC 2019 /home/travis/build/icyphy/ptII/ptolemy/domains/modal/test/auto/TransientstateModelAdvanced.xml
----------------- Instantiating /home/travis/build/icyphy/ptII/ptolemy/domains/modal/test/auto/TransientstateModelAdvanced.xml
3 ms. Memory: 478208K Free: 361276K (76%)
----------------- Invoking toplevel() on ptolemy.moml.MoMLSimpleApplication@26286f7d
----------------- Done invoking toplevel() on ptolemy.moml.MoMLSimpleApplication@26286f7d
reloadAllAccessors: .TransientstateModelAdvanced

===========================================================================================
----------------- testing Sun Jun 23 05:15:44 UTC 2019 /home/travis/build/icyphy/ptII/ptolemy/domains/modal/test/auto/TransientstateModelAdvanced2.xml
----------------- Instantiating /home/travis/build/icyphy/ptII/ptolemy/domains/modal/test/auto/TransientstateModelAdvanced2.xml
3 ms. Memory: 478208K Free: 346956K (73%)
----------------- Invoking toplevel() on ptolemy.moml.MoMLSimpleApplication@71eb3737
----------------- Done invoking toplevel() on ptolemy.moml.MoMLSimpleApplication@71eb3737
reloadAllAccessors: .transientstatemodelAdvanced

===========================================================================================
----------------- testing Sun Jun 23 05:15:44 UTC 2019 /home/travis/build/icyphy/ptII/ptolemy/domains/modal/test/auto/TransitionRefinements.xml
----------------- Instantiating /home/travis/build/icyphy/ptII/ptolemy/domains/modal/test/auto/TransitionRefinements.xml
7 ms. Memory: 478208K Free: 337244K (71%)
----------------- Invoking toplevel() on ptolemy.moml.MoMLSimpleApplication@161229
----------------- Done invoking toplevel() on ptolemy.moml.MoMLSimpleApplication@161229
reloadAllAccessors: .TransitionRefinements

===========================================================================================
----------------- testing Sun Jun 23 05:15:44 UTC 2019 /home/travis/build/icyphy/ptII/ptolemy/domains/modal/test/auto/TwoRefinements1.xml
----------------- Instantiating /home/travis/build/icyphy/ptII/ptolemy/domains/modal/test/auto/TwoRefinements1.xml
3 ms. Memory: 478208K Free: 327004K (68%)
----------------- Invoking toplevel() on ptolemy.moml.MoMLSimpleApplication@75d1c708
----------------- Done invoking toplevel() on ptolemy.moml.MoMLSimpleApplication@75d1c708
reloadAllAccessors: .TwoRefinements1

===========================================================================================
----------------- testing Sun Jun 23 05:15:44 UTC 2019 /home/travis/build/icyphy/ptII/ptolemy/domains/modal/test/auto/TwoRefinements2.xml
----------------- Instantiating /home/travis/build/icyphy/ptII/ptolemy/domains/modal/test/auto/TwoRefinements2.xml
3 ms. Memory: 478208K Free: 316764K (66%)
----------------- Invoking toplevel() on ptolemy.moml.MoMLSimpleApplication@151c8693
----------------- Done invoking toplevel() on ptolemy.moml.MoMLSimpleApplication@151c8693
reloadAllAccessors: .TwoRefinements2

===========================================================================================
----------------- testing Sun Jun 23 05:15:44 UTC 2019 /home/travis/build/icyphy/ptII/ptolemy/domains/modal/test/auto/WeakImmediateTransition.xml
----------------- Instantiating /home/travis/build/icyphy/ptII/ptolemy/domains/modal/test/auto/WeakImmediateTransition.xml
4 ms. Memory: 478208K Free: 308058K (64%)
----------------- Invoking toplevel() on ptolemy.moml.MoMLSimpleApplication@35fc361c
----------------- Done invoking toplevel() on ptolemy.moml.MoMLSimpleApplication@35fc361c
reloadAllAccessors: .WeakImmediateTransition

===========================================================================================
----------------- testing Sun Jun 23 05:15:44 UTC 2019 /home/travis/build/icyphy/ptII/ptolemy/domains/modal/test/auto/booleanSelect.xml
----------------- Instantiating /home/travis/build/icyphy/ptII/ptolemy/domains/modal/test/auto/booleanSelect.xml
44 ms. Memory: 478208K Free: 290140K (61%)
----------------- Invoking toplevel() on ptolemy.moml.MoMLSimpleApplication@5a9599b
----------------- Done invoking toplevel() on ptolemy.moml.MoMLSimpleApplication@5a9599b
reloadAllAccessors: .booleanSelect

===========================================================================================
----------------- testing Sun Jun 23 05:15:44 UTC 2019 /home/travis/build/icyphy/ptII/ptolemy/domains/modal/test/auto/modalChangingParams.xml
----------------- Instantiating /home/travis/build/icyphy/ptII/ptolemy/domains/modal/test/auto/modalChangingParams.xml
0
1
0
2
4
6
8
7
0
2
4
6
8
13
0
2
4
6
8
19
0
2
4
6
8
25
0
2
4
6
8
31
0
2
4
6
8
37
0
2
4
6
8
43
0
2
4
6
8
49
0
2
4
6
8
55
0
2
4
6
8
61
0
2
4
6
8
67
0
2
4
6
8
73
0
2
4
6
8
79
0
2
4
6
8
85
0
2
4
6
8
91
0
2
4
6
8
97
0
2
4
6
8
103
0
2
4
6
8
109
0
2
4
6
8
115
0
2
4
6
8
121
0
2
4
6
8
127
0
2
4
6
8
133
0
2
4
6
8
139
0
2
4
6
8
145
0
2
4
6
8
151
0
2
4
6
8
157
0
2
4
6
8
163
0
2
4
6
8
169
0
2
4
6
8
175
0
2
4
6
8
181
0
2
4
6
8
187
0
2
4
6
8
193
0
2
4
6
8
199
0
2
4
6
8
205
0
2
4
6
8
211
0
2
4
6
8
217
0
2
4
6
8
223
0
2
4
6
8
229
0
2
4
6
8
235
0
2
4
6
8
241
0
2
4
6
8
247
0
2
4
6
8
253
0
2
4
6
8
259
0
2
4
6
8
265
0
2
4
6
8
271
0
2
4
6
8
277
0
2
4
6
8
283
0
2
4
6
8
289
0
2
4
6
8
295
0
2
4
6
8
301
0
2
4
6
8
307
0
2
4
6
8
313
0
2
4
6
8
319
0
2
4
6
8
325
0
2
4
6
8
331
0
2
4
6
8
337
0
2
4
6
8
343
0
2
4
6
8
349
0
2
4
6
8
355
0
2
4
6
8
361
0
2
4
6
8
367
0
2
4
6
8
373
0
2
4
6
8
379
0
2
4
6
8
385
0
2
4
6
8
391
0
2
4
6
8
397
0
2
4
6
8
403
0
2
4
6
8
409
0
2
4
6
8
415
0
2
4
6
8
421
0
2
4
6
8
427
0
2
4
6
8
433
0
2
4
6
8
439
0
2
4
6
8
445
0
2
4
6
8
451
0
2
4
6
8
457
0
2
4
6
8
463
0
2
4
6
8
469
0
2
4
6
8
475
0
2
4
6
8
481
0
2
4
6
8
487
0
2
4
6
8
493
0
2
4
6
8
499
0
2
4
6
8
505
0
2
4
6
8
511
0
2
4
6
8
517
0
2
4
6
8
523
0
2
4
6
8
529
0
2
4
6
8
535
0
2
4
6
8
541
0
2
4
6
8
547
0
2
4
6
8
553
0
2
4
6
8
559
0
2
4
6
8
565
0
2
4
6
8
571
0
2
4
6
8
577
0
2
4
6
8
583
0
2
4
6
8
589
0
2
4
6
8
595
0
2
4
6
8
601
0
2
4
6
8
607
0
2
4
6
8
613
0
2
4
6
8
619
0
2
4
6
8
625
0
2
4
6
8
631
0
2
4
6
8
637
0
2
4
6
8
643
0
2
4
6
8
649
0
2
4
6
8
655
0
2
4
6
8
661
0
2
4
6
8
667
0
2
4
6
8
673
0
2
4
6
8
679
0
2
4
6
8
685
0
2
4
6
8
691
0
2
4
6
8
697
0
2
4
6
8
703
0
2
4
6
8
709
0
2
4
6
8
715
0
2
4
6
8
721
0
2
4
6
8
727
0
2
4
6
8
733
0
2
4
6
8
739
0
2
4
6
8
745
0
2
4
6
8
751
0
2
4
6
8
757
0
2
4
6
8
763
0
2
4
6
8
769
0
2
4
6
8
775
0
2
4
6
8
781
0
2
4
6
8
787
0
2
4
6
8
793
0
2
4
6
8
799
0
2
4
6
8
805
0
2
4
6
8
811
0
2
4
6
8
817
0
2
4
6
8
823
0
2
4
6
8
829
0
2
4
6
8
835
0
2
4
6
8
841
0
2
4
6
8
847
0
2
4
6
8
853
0
2
4
6
8
859
0
2
4
6
8
865
0
2
4
6
8
871
0
2
4
6
8
877
0
2
4
6
8
883
0
2
4
6
8
889
0
2
4
6
8
895
0
2
4
6
8
901
0
2
4
6
8
907
0
2
4
6
8
913
0
2
4
6
8
919
0
2
4
6
8
925
0
2
4
6
8
931
0
2
4
6
8
937
0
2
4
6
8
943
0
2
4
6
8
949
0
2
4
6
8
955
0
2
4
6
8
961
0
2
4
6
8
967
0
2
4
6
8
973
0
2
4
6
8
979
0
2
4
6
8
985
0
2
4
6
8
991
0
2
4
6
8
997
0
2
295 ms. Memory: 478208K Free: 452788K (95%)
----------------- Invoking toplevel() on ptolemy.moml.MoMLSimpleApplication@45cbd6f6
----------------- Done invoking toplevel() on ptolemy.moml.MoMLSimpleApplication@45cbd6f6
reloadAllAccessors: .modalChangingParams

===========================================================================================
----------------- testing Sun Jun 23 05:15:44 UTC 2019 /home/travis/build/icyphy/ptII/ptolemy/domains/modal/test/auto/modalModel.xml
----------------- Instantiating /home/travis/build/icyphy/ptII/ptolemy/domains/modal/test/auto/modalModel.xml
6 ms. Memory: 478208K Free: 443572K (93%)
----------------- Invoking toplevel() on ptolemy.moml.MoMLSimpleApplication@39c4ff46
----------------- Done invoking toplevel() on ptolemy.moml.MoMLSimpleApplication@39c4ff46
reloadAllAccessors: .modalModel

===========================================================================================
----------------- testing Sun Jun 23 05:15:44 UTC 2019 /home/travis/build/icyphy/ptII/ptolemy/domains/modal/test/auto/modalModel2.xml
----------------- Instantiating /home/travis/build/icyphy/ptII/ptolemy/domains/modal/test/auto/modalModel2.xml
7 ms. Memory: 478208K Free: 432803K (91%)
----------------- Invoking toplevel() on ptolemy.moml.MoMLSimpleApplication@3d03ff17
----------------- Done invoking toplevel() on ptolemy.moml.MoMLSimpleApplication@3d03ff17
reloadAllAccessors: .modalModel2

===========================================================================================
----------------- testing Sun Jun 23 05:15:44 UTC 2019 /home/travis/build/icyphy/ptII/ptolemy/domains/modal/test/auto/modalModel3.xml
----------------- Instantiating /home/travis/build/icyphy/ptII/ptolemy/domains/modal/test/auto/modalModel3.xml
0	0	0
3	2	1
6	4	2
9	6	3
4	0	4
7	2	5
10	4	6
13	6	7
8	0	8
11	2	9
14	4	10
17	6	11
12	0	12
15	2	13
18	4	14
21 ms. Memory: 478208K Free: 417972K (87%)
----------------- Invoking toplevel() on ptolemy.moml.MoMLSimpleApplication@207f5168
----------------- Done invoking toplevel() on ptolemy.moml.MoMLSimpleApplication@207f5168
reloadAllAccessors: .modalModel3

===========================================================================================
----------------- testing Sun Jun 23 05:15:44 UTC 2019 /home/travis/build/icyphy/ptII/ptolemy/domains/modal/test/auto/model1.xml
----------------- Instantiating /home/travis/build/icyphy/ptII/ptolemy/domains/modal/test/auto/model1.xml
13 ms. Memory: 478208K Free: 412338K (86%)
----------------- Invoking toplevel() on ptolemy.moml.MoMLSimpleApplication@545f3e48
----------------- Done invoking toplevel() on ptolemy.moml.MoMLSimpleApplication@545f3e48
reloadAllAccessors: .model1

===========================================================================================
----------------- testing Sun Jun 23 05:15:44 UTC 2019 /home/travis/build/icyphy/ptII/ptolemy/domains/modal/test/auto/test-direct-in-out.xml
----------------- Instantiating /home/travis/build/icyphy/ptII/ptolemy/domains/modal/test/auto/test-direct-in-out.xml
5 ms. Memory: 478208K Free: 404660K (85%)
----------------- Invoking toplevel() on ptolemy.moml.MoMLSimpleApplication@46dac77
----------------- Done invoking toplevel() on ptolemy.moml.MoMLSimpleApplication@46dac77
reloadAllAccessors: .test-direct-in-out
AutoTests.java: About to close Vertx.
AutoTests.java: Vertx closed.
]]></system-out>
  <system-err><![CDATA[java.lang.RuntimeException: Execution failed
	at ptolemy.moml.MoMLSimpleApplication$UnloadThread.run(MoMLSimpleApplication.java:402)
Caused by: ptolemy.kernel.util.IllegalActionException: Unknown inputs remain. Possible causality loop:
L_model_1893289564i

  in .CannotAnalysisWithPreemption.model_1893289564_region_1 and .CannotAnalysisWithPreemption.model_1893289564_region_1.L_model_1893289564i
	at ptolemy.actor.sched.FixedPointDirector.postfire(FixedPointDirector.java:515)
	at ptolemy.domains.sr.kernel.SRDirector.postfire(SRDirector.java:417)
	at ptolemy.actor.CompositeActor.postfire(CompositeActor.java:1668)
	at ptolemy.actor.Manager.iterate(Manager.java:852)
	at ptolemy.actor.Manager.execute(Manager.java:369)
	at ptolemy.actor.Manager.run(Manager.java:1263)
	at ptolemy.actor.Manager$PtolemyRunThread.run(Manager.java:1915)
java.lang.reflect.InvocationTargetException
	at java.base/jdk.internal.reflect.NativeConstructorAccessorImpl.newInstance0(Native Method)
	at java.base/jdk.internal.reflect.NativeConstructorAccessorImpl.newInstance(NativeConstructorAccessorImpl.java:62)
	at java.base/jdk.internal.reflect.DelegatingConstructorAccessorImpl.newInstance(DelegatingConstructorAccessorImpl.java:45)
	at java.base/java.lang.reflect.Constructor.newInstance(Constructor.java:490)
	at ptolemy.util.test.junit.AutoKnownFailedTests.RunModel(AutoKnownFailedTests.java:105)
	at java.base/jdk.internal.reflect.NativeMethodAccessorImpl.invoke0(Native Method)
	at java.base/jdk.internal.reflect.NativeMethodAccessorImpl.invoke(NativeMethodAccessorImpl.java:62)
	at java.base/jdk.internal.reflect.DelegatingMethodAccessorImpl.invoke(DelegatingMethodAccessorImpl.java:43)
	at java.base/java.lang.reflect.Method.invoke(Method.java:566)
	at org.junit.runners.model.FrameworkMethod$1.runReflectiveCall(FrameworkMethod.java:44)
	at org.junit.internal.runners.model.ReflectiveCallable.run(ReflectiveCallable.java:15)
	at org.junit.runners.model.FrameworkMethod.invokeExplosively(FrameworkMethod.java:41)
	at junitparams.internal.InvokeParameterisedMethod.evaluate(InvokeParameterisedMethod.java:102)
	at org.junit.internal.runners.statements.FailOnTimeout$1.run(FailOnTimeout.java:28)
Caused by: ptolemy.kernel.util.IllegalActionException: Unknown inputs remain. Possible causality loop:
L_model_1893289564i

  in .CannotAnalysisWithPreemption.model_1893289564_region_1 and .CannotAnalysisWithPreemption.model_1893289564_region_1.L_model_1893289564i
	at ptolemy.actor.sched.FixedPointDirector.postfire(FixedPointDirector.java:515)
	at ptolemy.domains.sr.kernel.SRDirector.postfire(SRDirector.java:417)
	at ptolemy.actor.CompositeActor.postfire(CompositeActor.java:1668)
	at ptolemy.actor.Manager.iterate(Manager.java:852)
	at ptolemy.actor.Manager.execute(Manager.java:369)
	at ptolemy.actor.Manager.run(Manager.java:1263)
	at ptolemy.actor.Manager$PtolemyRunThread.run(Manager.java:1915)
]]></system-err>
</testsuite>
