<?xml version="1.0" encoding="UTF-8" ?>
<testsuite errors="0" failures="0" hostname="travis-job-38c42452-b11d-4433-9b85-316fec0352e0" name="ptolemy.cg.kernel.generic.accessor.test.junit.JUnitTclTest" skipped="0" tests="9" time="258.405" timestamp="2019-12-10T07:00:00">
  <properties>
[...]
</properties>
  <testcase classname="ptolemy.util.test.junit.TclTests" name="[0] /home/travis/build/icyphy/ptII/ptolemy/cg/kernel/generic/accessor/test/AccessorSSHCodeGenerator.tcl (RunTclFile)" time="38.879" />
  <testcase classname="ptolemy.util.test.junit.AutoKnownFailedTests" name="[0] ThereAreNoKnowFailedTests (RunModel)" time="0.003" />
  <testcase classname="ptolemy.util.test.junit.AutoNameArchTests" name="[0] ThereAreNoAutoArchTests (RunModel)" time="0.011" />
  <testcase classname="ptolemy.util.test.junit.AutoTests" name="[0] /home/travis/build/icyphy/ptII/ptolemy/cg/kernel/generic/accessor/test/auto/AccessorStatusTest.xml (RunModel)" time="82.462" />
  <testcase classname="ptolemy.util.test.junit.AutoTests" name="[1] /home/travis/build/icyphy/ptII/ptolemy/cg/kernel/generic/accessor/test/auto/RampJSDisplay.xml (RunModel)" time="25.462" />
  <testcase classname="ptolemy.util.test.junit.AutoTests" name="[2] /home/travis/build/icyphy/ptII/ptolemy/cg/kernel/generic/accessor/test/auto/RampJSInspect.xml (RunModel)" time="35.015" />
  <testcase classname="ptolemy.util.test.junit.AutoTests" name="[3] /home/travis/build/icyphy/ptII/ptolemy/cg/kernel/generic/accessor/test/auto/RampJSTest.xml (RunModel)" time="27.079" />
  <testcase classname="ptolemy.util.test.junit.AutoTests" name="[4] /home/travis/build/icyphy/ptII/ptolemy/cg/kernel/generic/accessor/test/auto/RampJSTextDisplay.xml (RunModel)" time="37.396" />
  <testcase classname="ptolemy.util.test.junit.AutoTests" name="[5] /home/travis/build/icyphy/ptII/ptolemy/cg/kernel/generic/accessor/test/auto/TestComposite.xml (RunModel)" time="11.389" />
  <system-out><![CDATA[/home/travis/build/icyphy/ptII/ptolemy/cg/kernel/generic/accessor/test/AccessorSSHCodeGenerator.tcl
testDefs.tcl: setting time out to 9000 seconds at Tue Dec 10 07:00:00 UTC 2019
JSAccessor: found node
RunnableCodeGenerator: run command: (cd /home/travis/build/icyphy/ptII/org/terraswarm/accessor/accessors/web/cg; /home/travis/build/icyphy/ptII/ptolemy/cg/kernel/generic/accessor/accessorInvokeSSH localhost /home/travis/build/icyphy/ptII/org/terraswarm/accessor/accessors/web/cg/top.js   npmInstall  )
In "/home/travis/build/icyphy/ptII/org/terraswarm/accessor/accessors/web/cg", about to execute:
    /home/travis/build/icyphy/ptII/ptolemy/cg/kernel/generic/accessor/accessorInvok
eSSH localhost
/home/travis/build/icyphy/ptII/org/terraswarm/accessor/accessors/web/cg/top.js
npmInstall
/home/travis/build/icyphy/ptII/ptolemy/cg/kernel/generic/accessor/accessorInvokeSSH: Note that the timeout defaults to 15000
### accessorInvokeSSH: Creating cg/node_modules and cg/top on localhost
### accessorInvokeSSH: Running npm install @terraswarm/accessors pm2 
### accessorInvokeSSH:   Ignore messages like: 'npm WARN enoent ENOENT: no such file or directory, open cg/top/package.json'
/home/travis/pthla/certi-tools/share/scripts:/home/travis/.rvm/gems/ruby-2.5.3/bin:/home/travis/.rvm/gems/ruby-2.5.3@global/bin:/home/travis/.rvm/rubies/ruby-2.5.3/bin:/home/travis/.rvm/bin:/home/travis/.nvm/versions/node/v7.10.1/bin:./node_modules/.bin:/home/travis/build/icyphy/ptII/bin:/home/travis/pthla/certi-tools/bin:/home/travis/bin:/home/travis/.local/bin:/usr/local/lib/jvm/openjdk11/bin:/opt/pyenv/shims:/home/travis/.phpenv/shims:/home/travis/perl5/perlbrew/bin:/home/travis/gopath/bin:/home/travis/.gimme/versions/go1.11.1.linux.amd64/bin:/usr/local/maven-3.6.0/bin:/usr/local/cmake-3.12.4/bin:/usr/local/clang-7.0.0/bin:/usr/local/sbin:/usr/local/bin:/usr/sbin:/usr/bin:/sbin:/bin:/snap/bin:/home/travis/.phpenv/bin:/opt/pyenv/bin:/home/travis/.yarn/bin
/usr/local/bin/npm
/home/travis/cg
├─┬ @terraswarm/accessors@0.0.27 
│ ├── @accessors-hosts/common@0.1.0 
│ ├── @accessors-modules/local-storage@0.1.1 
│ ├─┬ express@4.17.1 
│ │ ├─┬ accepts@1.3.7 
│ │ │ ├─┬ mime-types@2.1.25 
│ │ │ │ └── mime-db@1.42.0 
│ │ │ └── negotiator@0.6.2 
│ │ ├── array-flatten@1.1.1 
│ │ ├─┬ body-parser@1.19.0 
│ │ │ ├── bytes@3.1.0 
│ │ │ ├─┬ http-errors@1.7.2 
│ │ │ │ └── toidentifier@1.0.0 
│ │ │ └── raw-body@2.4.0 
│ │ ├── content-disposition@0.5.3 
│ │ ├── content-type@1.0.4 
│ │ ├── cookie@0.4.0 
│ │ ├── cookie-signature@1.0.6 
│ │ ├── depd@1.1.2 
│ │ ├── encodeurl@1.0.2 
│ │ ├── escape-html@1.0.3 
│ │ ├── etag@1.8.1 
│ │ ├─┬ finalhandler@1.1.2 
│ │ │ └── unpipe@1.0.0 
│ │ ├── fresh@0.5.2 
│ │ ├── merge-descriptors@1.0.1 
│ │ ├── methods@1.1.2 
│ │ ├─┬ on-finished@2.3.0 
│ │ │ └── ee-first@1.1.1 
│ │ ├── parseurl@1.3.3 
│ │ ├── path-to-regexp@0.1.7 
│ │ ├─┬ proxy-addr@2.0.5 
│ │ │ ├── forwarded@0.1.2 
│ │ │ └── ipaddr.js@1.9.0 
│ │ ├── qs@6.7.0 
│ │ ├── range-parser@1.2.1 
│ │ ├─┬ send@0.17.1 
│ │ │ ├── destroy@1.0.4 
│ │ │ ├── mime@1.6.0 
│ │ │ └── ms@2.1.1 
│ │ ├── serve-static@1.14.1 
│ │ ├── setprototypeof@1.1.1 
│ │ ├── statuses@1.5.0 
│ │ ├─┬ type-is@1.6.18 
│ │ │ └── media-typer@0.3.0 
│ │ ├── utils-merge@1.0.1 
│ │ └── vary@1.1.2 
│ ├─┬ helmet@3.21.2 
│ │ ├── depd@2.0.0 
│ │ ├── dns-prefetch-control@0.2.0 
│ │ ├── dont-sniff-mimetype@1.1.0 
│ │ ├── expect-ct@0.2.0 
│ │ ├── feature-policy@0.3.0 
│ │ ├── frameguard@3.1.0 
│ │ ├── helmet-crossdomain@0.4.0 
│ │ ├─┬ helmet-csp@2.9.4 
│ │ │ ├── bowser@2.7.0 
│ │ │ ├── camelize@1.0.0 
│ │ │ ├── content-security-policy-builder@2.1.0 
│ │ │ └── dasherize@2.0.0 
│ │ ├── hide-powered-by@1.1.0 
│ │ ├── hpkp@2.0.0 
│ │ ├─┬ hsts@2.2.0 
│ │ │ └── depd@2.0.0 
│ │ ├── ienoopen@1.1.0 
│ │ ├── nocache@2.1.0 
│ │ ├── referrer-policy@1.2.0 
│ │ └── x-xss-protection@1.3.0 
│ ├─┬ node-localstorage@1.3.1 
│ │ └─┬ write-file-atomic@1.3.4 
│ │   ├── graceful-fs@4.2.3 
│ │   ├── imurmurhash@0.1.4 
│ │   └── slide@1.1.6 
│ └─┬ portscanner@2.2.0 
│   └─┬ is-number-like@1.0.8 
│     └── lodash.isfinite@3.3.2 
└─┬ pm2@4.2.0 
  ├─┬ @pm2/agent@0.5.26 
  │ ├─┬ async@2.6.3 
  │ │ └── lodash@4.17.15 
  │ ├─┬ nssocket@0.6.0 
  │ │ ├── eventemitter2@0.4.14 
  │ │ └── lazy@1.0.11 
  │ ├─┬ proxy-agent@3.1.1 
  │ │ ├─┬ agent-base@4.3.0 
  │ │ │ └─┬ es6-promisify@5.0.0 
  │ │ │   └── es6-promise@4.2.8 
  │ │ ├─┬ debug@4.1.1 
  │ │ │ └── ms@2.1.2 
  │ │ ├─┬ http-proxy-agent@2.1.0 
  │ │ │ └── debug@3.1.0 
  │ │ ├─┬ https-proxy-agent@3.0.1 
  │ │ │ └─┬ debug@3.2.6 
  │ │ │   └── ms@2.1.2 
  │ │ ├─┬ lru-cache@5.1.1 
  │ │ │ └── yallist@3.1.1 
  │ │ ├─┬ pac-proxy-agent@3.0.1 
  │ │ │ ├─┬ debug@4.1.1 
  │ │ │ │ └── ms@2.1.2 
  │ │ │ ├─┬ get-uri@2.0.4 
  │ │ │ │ ├── data-uri-to-buffer@1.2.0 
  │ │ │ │ ├── extend@3.0.2 
  │ │ │ │ ├── file-uri-to-path@1.0.0 
  │ │ │ │ ├─┬ ftp@0.3.10 
  │ │ │ │ │ ├─┬ readable-stream@1.1.14 
  │ │ │ │ │ │ ├── isarray@0.0.1 
  │ │ │ │ │ │ └── string_decoder@0.10.31 
  │ │ │ │ │ └── xregexp@2.0.0 
  │ │ │ │ └─┬ readable-stream@2.3.6 
  │ │ │ │   ├── core-util-is@1.0.2 
  │ │ │ │   ├── isarray@1.0.0 
  │ │ │ │   ├── process-nextick-args@2.0.1 
  │ │ │ │   ├── string_decoder@1.1.1 
  │ │ │ │   └── util-deprecate@1.0.2 
  │ │ │ └─┬ pac-resolver@3.0.0 
  │ │ │   ├── co@4.6.0 
  │ │ │   ├─┬ degenerator@1.0.4 
  │ │ │   │ ├── ast-types@0.13.2 
  │ │ │   │ ├─┬ escodegen@1.12.0 
  │ │ │   │ │ ├── estraverse@4.3.0 
  │ │ │   │ │ ├── esutils@2.0.3 
  │ │ │   │ │ └─┬ optionator@0.8.3 
  │ │ │   │ │   ├── deep-is@0.1.3 
  │ │ │   │ │   ├── fast-levenshtein@2.0.6 
  │ │ │   │ │   ├── levn@0.3.0 
  │ │ │   │ │   ├── prelude-ls@1.1.2 
  │ │ │   │ │   ├── type-check@0.3.2 
  │ │ │   │ │   └── word-wrap@1.2.3 
  │ │ │   │ └── esprima@3.1.3 
  │ │ │   ├── ip@1.1.5 
  │ │ │   ├── netmask@1.0.6 
  │ │ │   └── thunkify@2.1.2 
  │ │ ├── proxy-from-env@1.0.0 
  │ │ └─┬ socks-proxy-agent@4.0.2 
  │ │   ├── agent-base@4.2.1 
  │ │   └─┬ socks@2.3.3 
  │ │     └── smart-buffer@4.1.0 
  │ └─┬ ws@5.2.2 
  │   └── async-limiter@1.0.1 
  ├─┬ @pm2/io@4.3.3 
  │ ├─┬ @opencensus/core@0.0.9 
  │ │ ├─┬ continuation-local-storage@3.2.1 
  │ │ │ ├── async-listener@0.6.10 
  │ │ │ └── emitter-listener@1.1.2 
  │ │ ├── log-driver@1.2.7 
  │ │ └── uuid@3.3.3 
  │ ├─┬ @opencensus/propagation-b3@0.0.8 
  │ │ └── @opencensus/core@0.0.8 
  │ ├─┬ @pm2/agent-node@1.1.10 
  │ │ ├─┬ debug@3.2.6 
  │ │ │ └── ms@2.1.2 
  │ │ └── ws@6.2.1 
  │ ├─┬ debug@3.1.0 
  │ │ └── ms@2.0.0 
  │ ├─┬ require-in-the-middle@5.0.2 
  │ │ ├─┬ debug@4.1.1 
  │ │ │ └── ms@2.1.2 
  │ │ ├── module-details-from-path@1.0.3 
  │ │ └─┬ resolve@1.13.1 
  │ │   └── path-parse@1.0.6 
  │ ├── semver@5.5.0 
  │ ├── shimmer@1.2.1 
  │ ├── signal-exit@3.0.2 
  │ └── tslib@1.9.3 
  ├─┬ @pm2/js-api@0.5.60 
  │ ├─┬ axios@0.19.0 
  │ │ ├─┬ follow-redirects@1.5.10 
  │ │ │ └── debug@3.1.0 
  │ │ └── is-buffer@2.0.4 
  │ ├── debug@2.6.9 
  │ ├── eventemitter2@4.1.2 
  │ └─┬ ws@3.3.3 
  │   └── ultron@1.1.1 
  ├── async@3.1.0 
  ├── blessed@0.1.81 
  ├─┬ chalk@2.4.2 
  │ ├─┬ ansi-styles@3.2.1 
  │ │ └─┬ color-convert@1.9.3 
  │ │   └── color-name@1.1.3 
  │ ├── escape-string-regexp@1.0.5 
  │ └─┬ supports-color@5.5.0 
  │   └── has-flag@3.0.0 
  ├─┬ chokidar@3.3.0 
  │ ├─┬ anymatch@3.1.1 
  │ │ └── picomatch@2.1.1 
  │ ├─┬ braces@3.0.2 
  │ │ └─┬ fill-range@7.0.1 
  │ │   └─┬ to-regex-range@5.0.1 
  │ │     └── is-number@7.0.0 
  │ ├── glob-parent@5.1.0 
  │ ├─┬ is-binary-path@2.1.0 
  │ │ └── binary-extensions@2.0.0 
  │ ├─┬ is-glob@4.0.1 
  │ │ └── is-extglob@2.1.1 
  │ ├── normalize-path@3.0.0 
  │ └── readdirp@3.2.0 
  ├─┬ cli-table-redemption@1.0.1 
  │ └─┬ chalk@1.1.3 
  │   ├── ansi-styles@2.2.1 
  │   ├─┬ has-ansi@2.0.0 
  │   │ └── ansi-regex@2.1.1 
  │   ├── strip-ansi@3.0.1 
  │   └── supports-color@2.0.0 
  ├── commander@2.15.1 
  ├─┬ cron@1.7.1 
  │ └── moment-timezone@0.5.27 
  ├── date-fns@1.30.1 
  ├─┬ debug@4.1.1 
  │ └── ms@2.1.2 
  ├─┬ enquirer@2.3.2 
  │ └── ansi-colors@3.2.4 
  ├── eventemitter2@5.0.1 
  ├── fclone@1.0.11 
  ├── lodash@4.17.14 
  ├─┬ mkdirp@0.5.1 
  │ └── minimist@0.0.8 
  ├── moment@2.24.0 
  ├─┬ needle@2.4.0 
  │ ├─┬ debug@3.2.6 
  │ │ └── ms@2.1.2 
  │ ├─┬ iconv-lite@0.4.24 
  │ │ └── safer-buffer@2.1.2 
  │ └── sax@1.2.4 
  ├─┬ pidusage@2.0.17 
  │ └── safe-buffer@5.1.2 
  ├─┬ pm2-axon@3.3.0 
  │ ├── amp@0.3.1 
  │ ├── amp-message@0.1.2 
  │ ├─┬ debug@3.2.6 
  │ │ └── ms@2.1.2 
  │ └── escape-regexp@0.0.1 
  ├─┬ pm2-axon-rpc@0.5.1 
  │ └─┬ debug@3.2.6 
  │   └── ms@2.1.2 
  ├─┬ pm2-deploy@0.4.0 
  │ └── tv4@1.3.0 
  ├─┬ pm2-multimeter@0.1.2 
  │ └── charm@0.1.2 
  ├─┬ promptly@2.2.0 
  │ └─┬ read@1.0.7 
  │   └── mute-stream@0.0.8 
  ├── ps-list@6.3.0 
  ├── semver@5.7.1 
  ├─┬ shelljs@0.8.3 
  │ ├─┬ glob@7.1.6 
  │ │ ├── fs.realpath@1.0.0 
  │ │ ├─┬ inflight@1.0.6 
  │ │ │ └── wrappy@1.0.2 
  │ │ ├── inherits@2.0.3 
  │ │ ├─┬ minimatch@3.0.4 
  │ │ │ └─┬ brace-expansion@1.1.11 
  │ │ │   ├── balanced-match@1.0.0 
  │ │ │   └── concat-map@0.0.1 
  │ │ ├── once@1.4.0 
  │ │ └── path-is-absolute@1.0.1 
  │ ├── interpret@1.2.0 
  │ └── rechoir@0.6.2 
  ├─┬ source-map-support@0.5.12 
  │ ├── buffer-from@1.1.1 
  │ └── source-map@0.6.1 
  ├── sprintf-js@1.1.2 
  ├── systeminformation@4.16.0 
  ├─┬ vizion@2.0.2 
  │ ├── async@2.6.1 
  │ ├── git-node-fs@1.0.0 
  │ ├── ini@1.3.5 
  │ ├─┬ js-git@0.7.8 
  │ │ ├── bodec@0.1.0 
  │ │ ├── culvert@0.1.2 
  │ │ ├── git-sha1@0.1.2 
  │ │ └── pako@0.2.9 
  │ ├── lodash.findindex@4.6.0 
  │ ├── lodash.foreach@4.5.0 
  │ ├── lodash.get@4.4.2 
  │ └── lodash.last@3.0.0 
  └─┬ yamljs@0.3.0 
    └─┬ argparse@1.0.10 
      └── sprintf-js@1.0.3 

npm WARN optional SKIPPING OPTIONAL DEPENDENCY: fsevents@~2.1.1 (node_modules/chokidar/node_modules/fsevents):
npm WARN notsup SKIPPING OPTIONAL DEPENDENCY: Unsupported platform for fsevents@2.1.2: wanted {"os":"darwin","arch":"any"} (current: {"os":"linux","arch":"x64"})
npm WARN enoent ENOENT: no such file or directory, open '/home/travis/cg/package.json'
npm WARN cg No description
npm WARN cg No repository field.
npm WARN cg No README data
npm WARN cg No license field.
### accessorInvokeSSH: Running npm update @terraswarm/accessors pm2 
### accessorInvokeSSH: Creating cg/top/invoke.js
### accessorInvokeSSH: Copying the accessor to cg/top
### accessorInvokeSSH: Creating the runit.sh command in cg/top
### accessorInvokeSSH: Invoking cg/top/runit.sh   on localhost
Running top.js *once* for 15000 ms.
commonHost.js: processCommandLineArguments(): Setting timeout to stop after 15000 ms.
commonHost.js: processCommandLineArguments(): Maximum time reached. Calling stopAllAccessors().
commonHost.js: invoking wrapup() for accessor: top
All initialized accessors have wrapped up. Terminating.
### accessorInvokeSSH: ssh cg/top/runit.sh returned.
All Done
12/10/19 07:00:39
Failed: 0  Total Tests: 2  ((Passed: 2, Newly Passed: 0)  Known Failed: 0) /home/travis/build/icyphy/ptII/ptolemy/cg/kernel/generic/accessor/test
No auto/knownFailedTests/*.xml tests in /home/travis/build/icyphy/ptII/ptolemy/cg/kernel/generic/accessor/test
No auto/linux-amd64/*.xml tests in /home/travis/build/icyphy/ptII/ptolemy/cg/kernel/generic/accessor/test
AutoTests.java: About to close Vertx.
AutoTests.java: Vertx closed.

===========================================================================================
----------------- testing Tue Dec 10 07:00:40 UTC 2019 /home/travis/build/icyphy/ptII/ptolemy/cg/kernel/generic/accessor/test/auto/AccessorStatusTest.xml
----------------- Instantiating /home/travis/build/icyphy/ptII/ptolemy/cg/kernel/generic/accessor/test/auto/AccessorStatusTest.xml
JSAccessor: PT_NO_NET environment variable is set, so git pull and ptdoc are not being run.
preinitialize() finished: 22011 ms. Memory: 838656K Free: 391168K (47%)
Manager.initialize() finished: 35091 ms. Memory: 838656K Free: 443784K (53%)
TextDisplayHelper: [ { utilization: 0,
    startMonitoringTime: 1575961305191,
    initialize: { count: 0, utilization: 0, latestStart: 0, latestEnd: 0 },
    react: { count: 0, utilization: 0, latestStart: 0, latestEnd: 0 },
    wrapup: { count: 0, utilization: 0, latestStart: 0, latestEnd: 0 },
    accessorName: 'monitor',
    currentMonitoringTime: 1575961306354,
    containedAccessors: [] },
  { utilization: 0.01235657546337158,
    startMonitoringTime: 1575961305253,
    initialize: { count: 0, utilization: 0, latestStart: 0, latestEnd: 0 },
    react: 
     { count: 1,
       utilization: 0.01235657546337158,
       latestStart: 1575961306224,
       latestEnd: 1575961306238 },
    wrapup: { count: 0, utilization: 0, latestStart: 0, latestEnd: 0 },
    accessorName: 'TestSpontaneous2',
    currentMonitoringTime: 1575961306386,
    containedAccessors: [] },
  { utilization: 0,
    startMonitoringTime: 1575961305308,
    initialize: { count: 0, utilization: 0, latestStart: 0, latestEnd: 0 },
    react: { count: 0, utilization: 0, latestStart: 0, latestEnd: 0 },
    wrapup: { count: 0, utilization: 0, latestStart: 0, latestEnd: 0 },
    accessorName: 'TextDisplay',
    currentMonitoringTime: 1575961306423,
    containedAccessors: [] },
  { utilization: 0.011059907834101382,
    startMonitoringTime: 1575961305365,
    initialize: { count: 0, utilization: 0, latestStart: 0, latestEnd: 0 },
    react: 
     { count: 1,
       utilization: 0.011059907834101382,
       latestStart: 1575961306309,
       latestEnd: 1575961306321 },
    wrapup: { count: 0, utilization: 0, latestStart: 0, latestEnd: 0 },
    accessorName: 'TestSpontaneous',
    currentMonitoringTime: 1575961306450,
    containedAccessors: [] },
  { utilization: 0,
    startMonitoringTime: 1575961305428,
    initialize: { count: 0, utilization: 0, latestStart: 0, latestEnd: 0 },
    react: { count: 0, utilization: 0, latestStart: 0, latestEnd: 0 },
    wrapup: { count: 0, utilization: 0, latestStart: 0, latestEnd: 0 },
    accessorName: 'JavaScriptRamp',
    currentMonitoringTime: 1575961306482,
    containedAccessors: [] },
  { utilization: 0.03564356435643564,
    startMonitoringTime: 1575961305498,
    initialize: { count: 0, utilization: 0, latestStart: 0, latestEnd: 0 },
    react: 
     { count: 1,
       utilization: 0.03564356435643564,
       latestStart: 1575961305627,
       latestEnd: 1575961305663 },
    wrapup: { count: 0, utilization: 0, latestStart: 0, latestEnd: 0 },
    accessorName: 'AccessorStatus',
    currentMonitoringTime: 1575961306508,
    containedAccessors: [] },
  { utilization: 0,
    startMonitoringTime: 1575961305556,
    initialize: { count: 0, utilization: 0, latestStart: 0, latestEnd: 0 },
    react: { count: 0, utilization: 0, latestStart: 0, latestEnd: 0 },
    wrapup: { count: 0, utilization: 0, latestStart: 0, latestEnd: 0 },
    accessorName: 'status',
    currentMonitoringTime: 1575961306542,
    containedAccessors: [] } ]
TextDisplayHelper: [ { accessorClass: 'https://accessors.org/utilities/TextDisplay.js',
    accessorName: 'monitor',
    initialized: true },
  { accessorClass: 'https://accessors.org/test/TestSpontaneous.js',
    accessorName: 'TestSpontaneous2',
    initialized: true },
  { accessorClass: 'https://accessors.org/utilities/TextDisplay.js',
    accessorName: 'TextDisplay',
    initialized: true },
  { accessorClass: 'https://accessors.org/test/TestSpontaneous.js',
    accessorName: 'TestSpontaneous',
    initialized: true },
  { accessorClass: 'JavaScript',
    accessorName: 'JavaScriptRamp',
    initialized: true },
  { accessorClass: 'https://accessors.org/trusted/AccessorStatus.js',
    accessorName: 'AccessorStatus',
    initialized: true },
  { accessorClass: 'https://accessors.org/utilities/TextDisplay.js',
    accessorName: 'status',
    initialized: true } ]
TextDisplayHelper: 1
TextDisplayHelper: [ { utilization: 0.22266857962697273,
    startMonitoringTime: 1575961305191,
    initialize: { count: 0, utilization: 0, latestStart: 0, latestEnd: 0 },
    react: 
     { count: 1,
       utilization: 0.22266857962697273,
       latestStart: 1575961306963,
       latestEnd: 1575961307739 },
    wrapup: { count: 0, utilization: 0, latestStart: 0, latestEnd: 0 },
    accessorName: 'monitor',
    currentMonitoringTime: 1575961308676,
    containedAccessors: [] },
  { utilization: 0.0038366521501372,
    startMonitoringTime: 1575961305253,
    initialize: { count: 0, utilization: 0, latestStart: 0, latestEnd: 0 },
    react: 
     { count: 2,
       utilization: 0.0038366521501372,
       latestStart: 1575961308652,
       latestEnd: 1575961308653 },
    wrapup: { count: 0, utilization: 0, latestStart: 0, latestEnd: 0 },
    accessorName: 'TestSpontaneous2',
    currentMonitoringTime: 1575961308686,
    containedAccessors: [] },
  { utilization: 0.055013309671694766,
    startMonitoringTime: 1575961305308,
    initialize: { count: 0, utilization: 0, latestStart: 0, latestEnd: 0 },
    react: 
     { count: 1,
       utilization: 0.055013309671694766,
       latestStart: 1575961308445,
       latestEnd: 1575961308631 },
    wrapup: { count: 0, utilization: 0, latestStart: 0, latestEnd: 0 },
    accessorName: 'TextDisplay',
    currentMonitoringTime: 1575961308689,
    containedAccessors: [] },
  { utilization: 0.003772358802700546,
    startMonitoringTime: 1575961305365,
    initialize: { count: 0, utilization: 0, latestStart: 0, latestEnd: 0 },
    react: 
     { count: 2,
       utilization: 0.003772358802700546,
       latestStart: 1575961308665,
       latestEnd: 1575961308667 },
    wrapup: { count: 0, utilization: 0, latestStart: 0, latestEnd: 0 },
    accessorName: 'TestSpontaneous',
    currentMonitoringTime: 1575961308698,
    containedAccessors: [] },
  { utilization: 0.025022886786695148,
    startMonitoringTime: 1575961305428,
    initialize: { count: 0, utilization: 0, latestStart: 0, latestEnd: 0 },
    react: 
     { count: 1,
       utilization: 0.025022886786695148,
       latestStart: 1575961306833,
       latestEnd: 1575961306915 },
    wrapup: { count: 0, utilization: 0, latestStart: 0, latestEnd: 0 },
    accessorName: 'JavaScriptRamp',
    currentMonitoringTime: 1575961308705,
    containedAccessors: [] },
  { utilization: 0.054361575417722054,
    startMonitoringTime: 1575961305498,
    initialize: { count: 0, utilization: 0, latestStart: 0, latestEnd: 0 },
    react: 
     { count: 2,
       utilization: 0.054361575417722054,
       latestStart: 1575961306636,
       latestEnd: 1575961306805 },
    wrapup: { count: 0, utilization: 0, latestStart: 0, latestEnd: 0 },
    accessorName: 'AccessorStatus',
    currentMonitoringTime: 1575961308715,
    containedAccessors: [] },
  { utilization: 0.17273014868712433,
    startMonitoringTime: 1575961305556,
    initialize: { count: 0, utilization: 0, latestStart: 0, latestEnd: 0 },
    react: 
     { count: 1,
       utilization: 0.17273014868712433,
       latestStart: 1575961307863,
       latestEnd: 1575961308409 },
    wrapup: { count: 0, utilization: 0, latestStart: 0, latestEnd: 0 },
    accessorName: 'status',
    currentMonitoringTime: 1575961308717,
    containedAccessors: [] } ]
TextDisplayHelper: [ { accessorClass: 'https://accessors.org/utilities/TextDisplay.js',
    accessorName: 'monitor',
    initialized: true },
  { accessorClass: 'https://accessors.org/test/TestSpontaneous.js',
    accessorName: 'TestSpontaneous2',
    initialized: true },
  { accessorClass: 'https://accessors.org/utilities/TextDisplay.js',
    accessorName: 'TextDisplay',
    initialized: true },
  { accessorClass: 'https://accessors.org/test/TestSpontaneous.js',
    accessorName: 'TestSpontaneous',
    initialized: true },
  { accessorClass: 'JavaScript',
    accessorName: 'JavaScriptRamp',
    initialized: true },
  { accessorClass: 'https://accessors.org/trusted/AccessorStatus.js',
    accessorName: 'AccessorStatus',
    initialized: true },
  { accessorClass: 'https://accessors.org/utilities/TextDisplay.js',
    accessorName: 'status',
    initialized: true } ]
TextDisplayHelper: 2
TextDisplayHelper: [ { utilization: 0.1839662571288486,
    startMonitoringTime: 1575961305191,
    initialize: { count: 0, utilization: 0, latestStart: 0, latestEnd: 0 },
    react: 
     { count: 2,
       utilization: 0.1839662571288486,
       latestStart: 1575961308776,
       latestEnd: 1575961308909 },
    wrapup: { count: 0, utilization: 0, latestStart: 0, latestEnd: 0 },
    accessorName: 'monitor',
    currentMonitoringTime: 1575961308998,
    containedAccessors: [] },
  { utilization: 0.0037482298666844088,
    startMonitoringTime: 1575961305253,
    initialize: { count: 0, utilization: 0, latestStart: 0, latestEnd: 0 },
    react: 
     { count: 3,
       utilization: 0.0037482298666844088,
       latestStart: 1575961308991,
       latestEnd: 1575961308992 },
    wrapup: { count: 0, utilization: 0, latestStart: 0, latestEnd: 0 },
    accessorName: 'TestSpontaneous2',
    currentMonitoringTime: 1575961309000,
    containedAccessors: [] },
  { utilization: 0.052750941792321066,
    startMonitoringTime: 1575961305308,
    initialize: { count: 0, utilization: 0, latestStart: 0, latestEnd: 0 },
    react: 
     { count: 2,
       utilization: 0.052750941792321066,
       latestStart: 1575961308968,
       latestEnd: 1575961308980 },
    wrapup: { count: 0, utilization: 0, latestStart: 0, latestEnd: 0 },
    accessorName: 'TextDisplay',
    currentMonitoringTime: 1575961309001,
    containedAccessors: [] },
  { utilization: 0.003699842938278032,
    startMonitoringTime: 1575961305365,
    initialize: { count: 0, utilization: 0, latestStart: 0, latestEnd: 0 },
    react: 
     { count: 3,
       utilization: 0.003699842938278032,
       latestStart: 1575961308995,
       latestEnd: 1575961308996 },
    wrapup: { count: 0, utilization: 0, latestStart: 0, latestEnd: 0 },
    accessorName: 'TestSpontaneous',
    currentMonitoringTime: 1575961309002,
    containedAccessors: [] },
  { utilization: 0.011527002140368022,
    startMonitoringTime: 1575961305428,
    initialize: { count: 0, utilization: 0, latestStart: 0, latestEnd: 0 },
    react: 
     { count: 2,
       utilization: 0.011527002140368022,
       latestStart: 1575961308762,
       latestEnd: 1575961308766 },
    wrapup: { count: 0, utilization: 0, latestStart: 0, latestEnd: 0 },
    accessorName: 'JavaScriptRamp',
    currentMonitoringTime: 1575961309003,
    containedAccessors: [] },
  { utilization: 0.023959686166180938,
    startMonitoringTime: 1575961305498,
    initialize: { count: 0, utilization: 0, latestStart: 0, latestEnd: 0 },
    react: 
     { count: 3,
       utilization: 0.023959686166180938,
       latestStart: 1575961308745,
       latestEnd: 1575961308758 },
    wrapup: { count: 0, utilization: 0, latestStart: 0, latestEnd: 0 },
    accessorName: 'AccessorStatus',
    currentMonitoringTime: 1575961309006,
    containedAccessors: [] },
  { utilization: 0.15525908843939892,
    startMonitoringTime: 1575961305556,
    initialize: { count: 0, utilization: 0, latestStart: 0, latestEnd: 0 },
    react: 
     { count: 2,
       utilization: 0.15525908843939892,
       latestStart: 1575961308918,
       latestEnd: 1575961308961 },
    wrapup: { count: 0, utilization: 0, latestStart: 0, latestEnd: 0 },
    accessorName: 'status',
    currentMonitoringTime: 1575961309007,
    containedAccessors: [] } ]
TextDisplayHelper: [ { accessorClass: 'https://accessors.org/utilities/TextDisplay.js',
    accessorName: 'monitor',
    initialized: true },
  { accessorClass: 'https://accessors.org/test/TestSpontaneous.js',
    accessorName: 'TestSpontaneous2',
    initialized: true },
  { accessorClass: 'https://accessors.org/utilities/TextDisplay.js',
    accessorName: 'TextDisplay',
    initialized: true },
  { accessorClass: 'https://accessors.org/test/TestSpontaneous.js',
    accessorName: 'TestSpontaneous',
    initialized: true },
  { accessorClass: 'JavaScript',
    accessorName: 'JavaScriptRamp',
    initialized: true },
  { accessorClass: 'https://accessors.org/trusted/AccessorStatus.js',
    accessorName: 'AccessorStatus',
    initialized: true },
  { accessorClass: 'https://accessors.org/utilities/TextDisplay.js',
    accessorName: 'status',
    initialized: true } ]
TextDisplayHelper: 3
TextDisplayHelper: [ { utilization: 0.1918323426008162,
    startMonitoringTime: 1575961305191,
    initialize: { count: 0, utilization: 0, latestStart: 0, latestEnd: 0 },
    react: 
     { count: 3,
       utilization: 0.1918323426008162,
       latestStart: 1575961309045,
       latestEnd: 1575961309127 },
    wrapup: { count: 0, utilization: 0, latestStart: 0, latestEnd: 0 },
    accessorName: 'monitor',
    currentMonitoringTime: 1575961309184,
    containedAccessors: [] },
  { utilization: 0.003567879702528769,
    startMonitoringTime: 1575961305253,
    initialize: { count: 0, utilization: 0, latestStart: 0, latestEnd: 0 },
    react: 
     { count: 4,
       utilization: 0.003567879702528769,
       latestStart: 1575961309181,
       latestEnd: 1575961309181 },
    wrapup: { count: 0, utilization: 0, latestStart: 0, latestEnd: 0 },
    accessorName: 'TestSpontaneous2',
    currentMonitoringTime: 1575961309184,
    containedAccessors: [] },
  { utilization: 0.05044920704319132,
    startMonitoringTime: 1575961305308,
    initialize: { count: 0, utilization: 0, latestStart: 0, latestEnd: 0 },
    react: 
     { count: 3,
       utilization: 0.05044920704319132,
       latestStart: 1575961309176,
       latestEnd: 1575961309179 },
    wrapup: { count: 0, utilization: 0, latestStart: 0, latestEnd: 0 },
    accessorName: 'TextDisplay',
    currentMonitoringTime: 1575961309207,
    containedAccessors: [] },
  { utilization: 0.0035186300966180027,
    startMonitoringTime: 1575961305365,
    initialize: { count: 0, utilization: 0, latestStart: 0, latestEnd: 0 },
    react: 
     { count: 4,
       utilization: 0.0035186300966180027,
       latestStart: 1575961309183,
       latestEnd: 1575961309183 },
    wrapup: { count: 0, utilization: 0, latestStart: 0, latestEnd: 0 },
    accessorName: 'TestSpontaneous',
    currentMonitoringTime: 1575961309207,
    containedAccessors: [] },
  { utilization: 0.011222492244266436,
    startMonitoringTime: 1575961305428,
    initialize: { count: 0, utilization: 0, latestStart: 0, latestEnd: 0 },
    react: 
     { count: 3,
       utilization: 0.011222492244266436,
       latestStart: 1575961309038,
       latestEnd: 1575961309042 },
    wrapup: { count: 0, utilization: 0, latestStart: 0, latestEnd: 0 },
    accessorName: 'JavaScriptRamp',
    currentMonitoringTime: 1575961309213,
    containedAccessors: [] },
  { utilization: 0.023441490016617293,
    startMonitoringTime: 1575961305498,
    initialize: { count: 0, utilization: 0, latestStart: 0, latestEnd: 0 },
    react: 
     { count: 4,
       utilization: 0.023441490016617293,
       latestStart: 1575961309028,
       latestEnd: 1575961309037 },
    wrapup: { count: 0, utilization: 0, latestStart: 0, latestEnd: 0 },
    accessorName: 'AccessorStatus',
    currentMonitoringTime: 1575961309214,
    containedAccessors: [] },
  { utilization: 0.1568226342635739,
    startMonitoringTime: 1575961305556,
    initialize: { count: 0, utilization: 0, latestStart: 0, latestEnd: 0 },
    react: 
     { count: 3,
       utilization: 0.1568226342635739,
       latestStart: 1575961309129,
       latestEnd: 1575961309174 },
    wrapup: { count: 0, utilization: 0, latestStart: 0, latestEnd: 0 },
    accessorName: 'status',
    currentMonitoringTime: 1575961309214,
    containedAccessors: [] } ]
TextDisplayHelper: [ { accessorClass: 'https://accessors.org/utilities/TextDisplay.js',
    accessorName: 'monitor',
    initialized: true },
  { accessorClass: 'https://accessors.org/test/TestSpontaneous.js',
    accessorName: 'TestSpontaneous2',
    initialized: true },
  { accessorClass: 'https://accessors.org/utilities/TextDisplay.js',
    accessorName: 'TextDisplay',
    initialized: true },
  { accessorClass: 'https://accessors.org/test/TestSpontaneous.js',
    accessorName: 'TestSpontaneous',
    initialized: true },
  { accessorClass: 'JavaScript',
    accessorName: 'JavaScriptRamp',
    initialized: true },
  { accessorClass: 'https://accessors.org/trusted/AccessorStatus.js',
    accessorName: 'AccessorStatus',
    initialized: true },
  { accessorClass: 'https://accessors.org/utilities/TextDisplay.js',
    accessorName: 'status',
    initialized: true } ]
TextDisplayHelper: 4
TextDisplayHelper: [ { utilization: 0.15788399039353396,
    startMonitoringTime: 1575961305191,
    initialize: { count: 0, utilization: 0, latestStart: 0, latestEnd: 0 },
    react: 
     { count: 4,
       utilization: 0.15788399039353396,
       latestStart: 1575961309226,
       latestEnd: 1575961309252 },
    wrapup: { count: 0, utilization: 0, latestStart: 0, latestEnd: 0 },
    accessorName: 'monitor',
    currentMonitoringTime: 1575961310138,
    containedAccessors: [] },
  { utilization: 0.002870674205557764,
    startMonitoringTime: 1575961305253,
    initialize: { count: 0, utilization: 0, latestStart: 0, latestEnd: 0 },
    react: 
     { count: 5,
       utilization: 0.002870674205557764,
       latestStart: 1575961310135,
       latestEnd: 1575961310135 },
    wrapup: { count: 0, utilization: 0, latestStart: 0, latestEnd: 0 },
    accessorName: 'TestSpontaneous2',
    currentMonitoringTime: 1575961310139,
    containedAccessors: [] },
  { utilization: 0.04289918883778841,
    startMonitoringTime: 1575961305308,
    initialize: { count: 0, utilization: 0, latestStart: 0, latestEnd: 0 },
    react: 
     { count: 4,
       utilization: 0.04289918883778841,
       latestStart: 1575961309273,
       latestEnd: 1575961309285 },
    wrapup: { count: 0, utilization: 0, latestStart: 0, latestEnd: 0 },
    accessorName: 'TextDisplay',
    currentMonitoringTime: 1575961310140,
    containedAccessors: [] },
  { utilization: 0.002815199016950447,
    startMonitoringTime: 1575961305365,
    initialize: { count: 0, utilization: 0, latestStart: 0, latestEnd: 0 },
    react: 
     { count: 5,
       utilization: 0.002815199016950447,
       latestStart: 1575961310137,
       latestEnd: 1575961310137 },
    wrapup: { count: 0, utilization: 0, latestStart: 0, latestEnd: 0 },
    accessorName: 'TestSpontaneous',
    currentMonitoringTime: 1575961310141,
    containedAccessors: [] },
  { utilization: 0.008814016324661484,
    startMonitoringTime: 1575961305428,
    initialize: { count: 0, utilization: 0, latestStart: 0, latestEnd: 0 },
    react: 
     { count: 4,
       utilization: 0.008814016324661484,
       latestStart: 1575961309224,
       latestEnd: 1575961309225 },
    wrapup: { count: 0, utilization: 0, latestStart: 0, latestEnd: 0 },
    accessorName: 'JavaScriptRamp',
    currentMonitoringTime: 1575961310143,
    containedAccessors: [] },
  { utilization: 0.01850579831405998,
    startMonitoringTime: 1575961305498,
    initialize: { count: 0, utilization: 0, latestStart: 0, latestEnd: 0 },
    react: 
     { count: 5,
       utilization: 0.01850579831405998,
       latestStart: 1575961309220,
       latestEnd: 1575961309223 },
    wrapup: { count: 0, utilization: 0, latestStart: 0, latestEnd: 0 },
    accessorName: 'AccessorStatus',
    currentMonitoringTime: 1575961310143,
    containedAccessors: [] },
  { utilization: 0.12780825866730827,
    startMonitoringTime: 1575961305556,
    initialize: { count: 0, utilization: 0, latestStart: 0, latestEnd: 0 },
    react: 
     { count: 4,
       utilization: 0.12780825866730827,
       latestStart: 1575961309253,
       latestEnd: 1575961309272 },
    wrapup: { count: 0, utilization: 0, latestStart: 0, latestEnd: 0 },
    accessorName: 'status',
    currentMonitoringTime: 1575961310144,
    containedAccessors: [] } ]
TextDisplayHelper: [ { accessorClass: 'https://accessors.org/utilities/TextDisplay.js',
    accessorName: 'monitor',
    initialized: true },
  { accessorClass: 'https://accessors.org/test/TestSpontaneous.js',
    accessorName: 'TestSpontaneous2',
    initialized: true },
  { accessorClass: 'https://accessors.org/utilities/TextDisplay.js',
    accessorName: 'TextDisplay',
    initialized: true },
  { accessorClass: 'https://accessors.org/test/TestSpontaneous.js',
    accessorName: 'TestSpontaneous',
    initialized: true },
  { accessorClass: 'JavaScript',
    accessorName: 'JavaScriptRamp',
    initialized: true },
  { accessorClass: 'https://accessors.org/trusted/AccessorStatus.js',
    accessorName: 'AccessorStatus',
    initialized: true },
  { accessorClass: 'https://accessors.org/utilities/TextDisplay.js',
    accessorName: 'status',
    initialized: true } ]
TextDisplayHelper: 5
AccessorStatus: *** Final monitoring information: (Thread[AccessorStatusTest,1,main])
AccessorStatus: { utilization: 0.13430364037335987,
  startMonitoringTime: 1575961305191,
  initialize: { count: 0, utilization: 0, latestStart: 0, latestEnd: 0 },
  react: 
   { count: 5,
     utilization: 0.12923321783814862,
     latestStart: 1575961310165,
     latestEnd: 1575961310212 },
  wrapup: 
   { count: 2,
     utilization: 0.0050704225352112674,
     latestStart: 1575961310253,
     latestEnd: 1575961310280 },
  accessorName: 'monitor',
  currentMonitoringTime: 1575961310516,
  containedAccessors: [] } (Thread[AccessorStatusTest,1,main])
AccessorStatus: { utilization: 0.009404313619296065,
  startMonitoringTime: 1575961305253,
  initialize: { count: 0, utilization: 0, latestStart: 0, latestEnd: 0 },
  react: 
   { count: 5,
     utilization: 0.002870674205557764,
     latestStart: 1575961310135,
     latestEnd: 1575961310135 },
  wrapup: 
   { count: 2,
     utilization: 0.006533639413738301,
     latestStart: 1575961310291,
     latestEnd: 1575961310328 },
  accessorName: 'TestSpontaneous2',
  currentMonitoringTime: 1575961310916,
  containedAccessors: [] } (Thread[AccessorStatusTest,1,main])
AccessorStatus: { utilization: 0.03331744815542917,
  startMonitoringTime: 1575961305308,
  initialize: { count: 0, utilization: 0, latestStart: 0, latestEnd: 0 },
  react: 
   { count: 5,
     utilization: 0.03049109238789693,
     latestStart: 1575961310245,
     latestEnd: 1575961310247 },
  wrapup: 
   { count: 2,
     utilization: 0.0028263557675322383,
     latestStart: 1575961310358,
     latestEnd: 1575961310374 },
  accessorName: 'TextDisplay',
  currentMonitoringTime: 1575961310969,
  containedAccessors: [] } (Thread[AccessorStatusTest,1,main])
AccessorStatus: { utilization: 0.008120238804748856,
  startMonitoringTime: 1575961305365,
  initialize: { count: 0, utilization: 0, latestStart: 0, latestEnd: 0 },
  react: 
   { count: 5,
     utilization: 0.002815199016950447,
     latestStart: 1575961310137,
     latestEnd: 1575961310137 },
  wrapup: 
   { count: 2,
     utilization: 0.005305039787798408,
     latestStart: 1575961310401,
     latestEnd: 1575961310431 },
  accessorName: 'TestSpontaneous',
  currentMonitoringTime: 1575961311020,
  containedAccessors: [] } (Thread[AccessorStatusTest,1,main])
AccessorStatus: { utilization: 0.008951191909318847,
  startMonitoringTime: 1575961305428,
  initialize: { count: 0, utilization: 0, latestStart: 0, latestEnd: 0 },
  react: 
   { count: 5,
     utilization: 0.0062906739951648916,
     latestStart: 1575961310162,
     latestEnd: 1575961310164 },
  wrapup: 
   { count: 2,
     utilization: 0.0026605179141539555,
     latestStart: 1575961310450,
     latestEnd: 1575961310465 },
  accessorName: 'JavaScriptRamp',
  currentMonitoringTime: 1575961311066,
  containedAccessors: [] } (Thread[AccessorStatusTest,1,main])
AccessorStatus: { utilization: 0.12599075008374147,
  startMonitoringTime: 1575961305498,
  initialize: { count: 0, utilization: 0, latestStart: 0, latestEnd: 0 },
  react: 
   { count: 6,
     utilization: 0.012998413601830943,
     latestStart: 1575961310158,
     latestEnd: 1575961310162 },
  wrapup: 
   { count: 1,
     utilization: 0.11299233648191054,
     latestStart: 1575961310475,
     latestEnd: 0 },
  accessorName: 'AccessorStatus',
  currentMonitoringTime: 1575961311109,
  containedAccessors: [] } (Thread[AccessorStatusTest,1,main])
AccessorStatus: { utilization: 0.09004012977535461,
  startMonitoringTime: 1575961305556,
  initialize: { count: 0, utilization: 0, latestStart: 0, latestEnd: 0 },
  react: 
   { count: 5,
     utilization: 0.09004012977535461,
     latestStart: 1575961310213,
     latestEnd: 1575961310244 },
  wrapup: { count: 0, utilization: 0, latestStart: 0, latestEnd: 0 },
  accessorName: 'status',
  currentMonitoringTime: 1575961311175,
  containedAccessors: [] } (Thread[AccessorStatusTest,1,main])
41219 ms. Memory: 838656K Free: 413696K (49%)
----------------- Invoking toplevel() on ptolemy.moml.MoMLSimpleApplication@7779736
----------------- Done invoking toplevel() on ptolemy.moml.MoMLSimpleApplication@7779736
reloadAllAccessors: .AccessorStatusTest
This is the first time that the reloadAllAccessors method has been invoked in this JVM, so the the accessors repo will be checked out or updated and JSDoc invoked. Note that running the tests may end up invoking a new JVM for each directory, so the repo may be checked out or updated and JSDoc invoked more than once when the tests are run.
-------------- Reloaded accessors, but skipping rerun for now. Tue Dec 10 07:02:02 UTC 2019 /home/travis/build/icyphy/ptII/ptolemy/cg/kernel/generic/accessor/test/auto/AccessorStatusTest.xml

===========================================================================================
----------------- testing Tue Dec 10 07:02:02 UTC 2019 /home/travis/build/icyphy/ptII/ptolemy/cg/kernel/generic/accessor/test/auto/RampJSDisplay.xml
----------------- Instantiating /home/travis/build/icyphy/ptII/ptolemy/cg/kernel/generic/accessor/test/auto/RampJSDisplay.xml
Manager.initialize() finished: 10764 ms. Memory: 936960K Free: 508928K (54%)
TextDisplayHelper: 1
TextDisplayHelper: 2
TextDisplayHelper: 3
TextDisplayHelper: 4
TextDisplayHelper: 5
15803 ms. Memory: 936960K Free: 454656K (49%)
----------------- Invoking toplevel() on ptolemy.moml.MoMLSimpleApplication@3a71ed3a
----------------- Done invoking toplevel() on ptolemy.moml.MoMLSimpleApplication@3a71ed3a
reloadAllAccessors: .RampJSDisplay
-------------- Reloaded accessors, but skipping rerun for now. Tue Dec 10 07:02:28 UTC 2019 /home/travis/build/icyphy/ptII/ptolemy/cg/kernel/generic/accessor/test/auto/RampJSDisplay.xml

===========================================================================================
----------------- testing Tue Dec 10 07:02:28 UTC 2019 /home/travis/build/icyphy/ptII/ptolemy/cg/kernel/generic/accessor/test/auto/RampJSInspect.xml
----------------- Instantiating /home/travis/build/icyphy/ptII/ptolemy/cg/kernel/generic/accessor/test/auto/RampJSInspect.xml
Manager.initialize() finished: 17343 ms. Memory: 936960K Free: 503294K (54%)
21420 ms. Memory: 936960K Free: 413696K (44%)
----------------- Invoking toplevel() on ptolemy.moml.MoMLSimpleApplication@6d3a0f19
----------------- Done invoking toplevel() on ptolemy.moml.MoMLSimpleApplication@6d3a0f19
reloadAllAccessors: .RampJSInspect
-------------- Reloaded accessors, but skipping rerun for now. Tue Dec 10 07:03:03 UTC 2019 /home/travis/build/icyphy/ptII/ptolemy/cg/kernel/generic/accessor/test/auto/RampJSInspect.xml

===========================================================================================
----------------- testing Tue Dec 10 07:03:03 UTC 2019 /home/travis/build/icyphy/ptII/ptolemy/cg/kernel/generic/accessor/test/auto/RampJSTest.xml
----------------- Instantiating /home/travis/build/icyphy/ptII/ptolemy/cg/kernel/generic/accessor/test/auto/RampJSTest.xml
Manager.initialize() finished: 12110 ms. Memory: 1031168K Free: 530944K (51%)
16177 ms. Memory: 1031168K Free: 472062K (46%)
----------------- Invoking toplevel() on ptolemy.moml.MoMLSimpleApplication@3cc48917
----------------- Done invoking toplevel() on ptolemy.moml.MoMLSimpleApplication@3cc48917
reloadAllAccessors: .RampJSTest
-------------- Reloaded accessors, but skipping rerun for now. Tue Dec 10 07:03:30 UTC 2019 /home/travis/build/icyphy/ptII/ptolemy/cg/kernel/generic/accessor/test/auto/RampJSTest.xml

===========================================================================================
----------------- testing Tue Dec 10 07:03:30 UTC 2019 /home/travis/build/icyphy/ptII/ptolemy/cg/kernel/generic/accessor/test/auto/RampJSTextDisplay.xml
----------------- Instantiating /home/travis/build/icyphy/ptII/ptolemy/cg/kernel/generic/accessor/test/auto/RampJSTextDisplay.xml
Manager.initialize() finished: 17961 ms. Memory: 1031168K Free: 560126K (54%)
TextDisplayHelper: 1
TextDisplayHelper: 2
TextDisplayHelper: 3
TextDisplayHelper: 4
TextDisplayHelper: 5
23017 ms. Memory: 1031168K Free: 471552K (46%)
----------------- Invoking toplevel() on ptolemy.moml.MoMLSimpleApplication@19401c9c
----------------- Done invoking toplevel() on ptolemy.moml.MoMLSimpleApplication@19401c9c
reloadAllAccessors: .RampJSTextDisplay
-------------- Reloaded accessors, but skipping rerun for now. Tue Dec 10 07:04:07 UTC 2019 /home/travis/build/icyphy/ptII/ptolemy/cg/kernel/generic/accessor/test/auto/RampJSTextDisplay.xml

===========================================================================================
----------------- testing Tue Dec 10 07:04:07 UTC 2019 /home/travis/build/icyphy/ptII/ptolemy/cg/kernel/generic/accessor/test/auto/TestComposite.xml
----------------- Instantiating /home/travis/build/icyphy/ptII/ptolemy/cg/kernel/generic/accessor/test/auto/TestComposite.xml
5917 ms. Memory: 1031168K Free: 666112K (65%)
----------------- Invoking toplevel() on ptolemy.moml.MoMLSimpleApplication@1bfbfcce
----------------- Done invoking toplevel() on ptolemy.moml.MoMLSimpleApplication@1bfbfcce
reloadAllAccessors: .TestComposite
-------------- Reloaded accessors, but skipping rerun for now. Tue Dec 10 07:04:19 UTC 2019 /home/travis/build/icyphy/ptII/ptolemy/cg/kernel/generic/accessor/test/auto/TestComposite.xml
AutoTests.java: About to close Vertx.
AutoTests.java: Vertx closed.
]]></system-out>
  <system-err><![CDATA[Warning: Nashorn engine is planned to be removed from a future JDK release
Warning: Nashorn engine is planned to be removed from a future JDK release
Warning: Nashorn engine is planned to be removed from a future JDK release
Warning: Nashorn engine is planned to be removed from a future JDK release
Warning: Nashorn engine is planned to be removed from a future JDK release
Warning: Nashorn engine is planned to be removed from a future JDK release
Warning: Nashorn engine is planned to be removed from a future JDK release
Warning: Nashorn engine is planned to be removed from a future JDK release
Warning: Nashorn engine is planned to be removed from a future JDK release
Warning: Nashorn engine is planned to be removed from a future JDK release
Warning: Nashorn engine is planned to be removed from a future JDK release
Warning: Nashorn engine is planned to be removed from a future JDK release
Warning: Nashorn engine is planned to be removed from a future JDK release
Warning: Nashorn engine is planned to be removed from a future JDK release
Warning: Nashorn engine is planned to be removed from a future JDK release
Warning: Nashorn engine is planned to be removed from a future JDK release
Warning: Nashorn engine is planned to be removed from a future JDK release
Warning: Nashorn engine is planned to be removed from a future JDK release
Warning: Nashorn engine is planned to be removed from a future JDK release
Warning: Nashorn engine is planned to be removed from a future JDK release
Warning: Nashorn engine is planned to be removed from a future JDK release
Warning: Nashorn engine is planned to be removed from a future JDK release
Warning: Nashorn engine is planned to be removed from a future JDK release
Warning: Nashorn engine is planned to be removed from a future JDK release
Warning: Nashorn engine is planned to be removed from a future JDK release
Warning: Nashorn engine is planned to be removed from a future JDK release
Warning: Nashorn engine is planned to be removed from a future JDK release
Warning: Nashorn engine is planned to be removed from a future JDK release
Warning: Nashorn engine is planned to be removed from a future JDK release
Warning: Nashorn engine is planned to be removed from a future JDK release
Warning: Nashorn engine is planned to be removed from a future JDK release
Warning: Nashorn engine is planned to be removed from a future JDK release
Warning: Nashorn engine is planned to be removed from a future JDK release
Warning: Nashorn engine is planned to be removed from a future JDK release
Warning: Nashorn engine is planned to be removed from a future JDK release
Warning: Nashorn engine is planned to be removed from a future JDK release
Warning: Nashorn engine is planned to be removed from a future JDK release
Warning: Nashorn engine is planned to be removed from a future JDK release
Warning: Nashorn engine is planned to be removed from a future JDK release
Warning: Nashorn engine is planned to be removed from a future JDK release
Warning: Nashorn engine is planned to be removed from a future JDK release
Warning: Nashorn engine is planned to be removed from a future JDK release
Warning: Nashorn engine is planned to be removed from a future JDK release
Warning: Nashorn engine is planned to be removed from a future JDK release
Warning: Nashorn engine is planned to be removed from a future JDK release
Warning: Nashorn engine is planned to be removed from a future JDK release
Warning: Nashorn engine is planned to be removed from a future JDK release
Warning: Nashorn engine is planned to be removed from a future JDK release
Warning: Nashorn engine is planned to be removed from a future JDK release
Warning: Nashorn engine is planned to be removed from a future JDK release
Warning: Nashorn engine is planned to be removed from a future JDK release
Warning: Nashorn engine is planned to be removed from a future JDK release
Warning: Nashorn engine is planned to be removed from a future JDK release
Warning: Nashorn engine is planned to be removed from a future JDK release
Warning: Nashorn engine is planned to be removed from a future JDK release
Warning: Nashorn engine is planned to be removed from a future JDK release
WARNING: TestSpontaneous2: Model stopped before executing actions (e.g. producing outputs) scheduled for execution at times [6.0]
WARNING: TestSpontaneous: Model stopped before executing actions (e.g. producing outputs) scheduled for execution at times [6.0]
WARNING: AccessorStatus: Model stopped before executing actions (e.g. producing outputs) scheduled for execution at times [6.0]
Warning: Nashorn engine is planned to be removed from a future JDK release
Warning: Nashorn engine is planned to be removed from a future JDK release
Warning: Nashorn engine is planned to be removed from a future JDK release
Warning: Nashorn engine is planned to be removed from a future JDK release
Warning: Nashorn engine is planned to be removed from a future JDK release
Warning: Nashorn engine is planned to be removed from a future JDK release
Warning: Nashorn engine is planned to be removed from a future JDK release
Warning: Nashorn engine is planned to be removed from a future JDK release
Warning: Nashorn engine is planned to be removed from a future JDK release
Warning: Nashorn engine is planned to be removed from a future JDK release
Warning: Nashorn engine is planned to be removed from a future JDK release
Warning: Nashorn engine is planned to be removed from a future JDK release
Warning: Nashorn engine is planned to be removed from a future JDK release
Warning: Nashorn engine is planned to be removed from a future JDK release
Warning: Nashorn engine is planned to be removed from a future JDK release
Warning: Nashorn engine is planned to be removed from a future JDK release
Warning: Nashorn engine is planned to be removed from a future JDK release
Warning: Nashorn engine is planned to be removed from a future JDK release
Warning: Nashorn engine is planned to be removed from a future JDK release
Warning: Nashorn engine is planned to be removed from a future JDK release
Warning: Nashorn engine is planned to be removed from a future JDK release
Warning: Nashorn engine is planned to be removed from a future JDK release
Warning: Nashorn engine is planned to be removed from a future JDK release
Warning: Nashorn engine is planned to be removed from a future JDK release
Warning: Nashorn engine is planned to be removed from a future JDK release
Warning: Nashorn engine is planned to be removed from a future JDK release
Warning: Nashorn engine is planned to be removed from a future JDK release
Warning: Nashorn engine is planned to be removed from a future JDK release
Warning: Nashorn engine is planned to be removed from a future JDK release
Warning: Nashorn engine is planned to be removed from a future JDK release
Warning: Nashorn engine is planned to be removed from a future JDK release
Warning: Nashorn engine is planned to be removed from a future JDK release
Warning: Nashorn engine is planned to be removed from a future JDK release
Warning: Nashorn engine is planned to be removed from a future JDK release
Warning: Nashorn engine is planned to be removed from a future JDK release
Warning: Nashorn engine is planned to be removed from a future JDK release
WARNING: TestSpontaneous: Model stopped before executing actions (e.g. producing outputs) scheduled for execution at times [6.0]
Warning: Nashorn engine is planned to be removed from a future JDK release
Warning: Nashorn engine is planned to be removed from a future JDK release
Warning: Nashorn engine is planned to be removed from a future JDK release
Warning: Nashorn engine is planned to be removed from a future JDK release
Warning: Nashorn engine is planned to be removed from a future JDK release
Warning: Nashorn engine is planned to be removed from a future JDK release
Warning: Nashorn engine is planned to be removed from a future JDK release
Warning: Nashorn engine is planned to be removed from a future JDK release
Warning: Nashorn engine is planned to be removed from a future JDK release
Warning: Nashorn engine is planned to be removed from a future JDK release
Warning: Nashorn engine is planned to be removed from a future JDK release
Warning: Nashorn engine is planned to be removed from a future JDK release
Warning: Nashorn engine is planned to be removed from a future JDK release
Warning: Nashorn engine is planned to be removed from a future JDK release
Warning: Nashorn engine is planned to be removed from a future JDK release
Warning: Nashorn engine is planned to be removed from a future JDK release
Warning: Nashorn engine is planned to be removed from a future JDK release
Warning: Nashorn engine is planned to be removed from a future JDK release
Warning: Nashorn engine is planned to be removed from a future JDK release
Warning: Nashorn engine is planned to be removed from a future JDK release
Warning: Nashorn engine is planned to be removed from a future JDK release
Warning: Nashorn engine is planned to be removed from a future JDK release
Warning: Nashorn engine is planned to be removed from a future JDK release
Warning: Nashorn engine is planned to be removed from a future JDK release
Warning: Nashorn engine is planned to be removed from a future JDK release
Warning: Nashorn engine is planned to be removed from a future JDK release
Warning: Nashorn engine is planned to be removed from a future JDK release
Warning: Nashorn engine is planned to be removed from a future JDK release
Warning: Nashorn engine is planned to be removed from a future JDK release
Warning: Nashorn engine is planned to be removed from a future JDK release
Warning: Nashorn engine is planned to be removed from a future JDK release
Warning: Nashorn engine is planned to be removed from a future JDK release
Warning: Nashorn engine is planned to be removed from a future JDK release
Warning: Nashorn engine is planned to be removed from a future JDK release
Warning: Nashorn engine is planned to be removed from a future JDK release
Warning: Nashorn engine is planned to be removed from a future JDK release
Warning: Nashorn engine is planned to be removed from a future JDK release
Warning: Nashorn engine is planned to be removed from a future JDK release
Warning: Nashorn engine is planned to be removed from a future JDK release
Warning: Nashorn engine is planned to be removed from a future JDK release
Warning: Nashorn engine is planned to be removed from a future JDK release
Warning: Nashorn engine is planned to be removed from a future JDK release
Warning: Nashorn engine is planned to be removed from a future JDK release
Warning: Nashorn engine is planned to be removed from a future JDK release
WARNING: TestSpontaneous: Model stopped before executing actions (e.g. producing outputs) scheduled for execution at times [5.0]
Warning: Nashorn engine is planned to be removed from a future JDK release
Warning: Nashorn engine is planned to be removed from a future JDK release
Warning: Nashorn engine is planned to be removed from a future JDK release
Warning: Nashorn engine is planned to be removed from a future JDK release
Warning: Nashorn engine is planned to be removed from a future JDK release
Warning: Nashorn engine is planned to be removed from a future JDK release
Warning: Nashorn engine is planned to be removed from a future JDK release
Warning: Nashorn engine is planned to be removed from a future JDK release
Warning: Nashorn engine is planned to be removed from a future JDK release
Warning: Nashorn engine is planned to be removed from a future JDK release
Warning: Nashorn engine is planned to be removed from a future JDK release
Warning: Nashorn engine is planned to be removed from a future JDK release
Warning: Nashorn engine is planned to be removed from a future JDK release
Warning: Nashorn engine is planned to be removed from a future JDK release
Warning: Nashorn engine is planned to be removed from a future JDK release
Warning: Nashorn engine is planned to be removed from a future JDK release
Warning: Nashorn engine is planned to be removed from a future JDK release
Warning: Nashorn engine is planned to be removed from a future JDK release
Warning: Nashorn engine is planned to be removed from a future JDK release
Warning: Nashorn engine is planned to be removed from a future JDK release
Warning: Nashorn engine is planned to be removed from a future JDK release
Warning: Nashorn engine is planned to be removed from a future JDK release
Warning: Nashorn engine is planned to be removed from a future JDK release
Warning: Nashorn engine is planned to be removed from a future JDK release
Warning: Nashorn engine is planned to be removed from a future JDK release
Warning: Nashorn engine is planned to be removed from a future JDK release
Warning: Nashorn engine is planned to be removed from a future JDK release
Warning: Nashorn engine is planned to be removed from a future JDK release
Warning: Nashorn engine is planned to be removed from a future JDK release
Warning: Nashorn engine is planned to be removed from a future JDK release
Warning: Nashorn engine is planned to be removed from a future JDK release
Warning: Nashorn engine is planned to be removed from a future JDK release
Warning: Nashorn engine is planned to be removed from a future JDK release
Warning: Nashorn engine is planned to be removed from a future JDK release
Warning: Nashorn engine is planned to be removed from a future JDK release
Warning: Nashorn engine is planned to be removed from a future JDK release
Warning: Nashorn engine is planned to be removed from a future JDK release
Warning: Nashorn engine is planned to be removed from a future JDK release
WARNING: TestSpontaneous: Model stopped before executing actions (e.g. producing outputs) scheduled for execution at times [5.0]
Warning: Nashorn engine is planned to be removed from a future JDK release
Warning: Nashorn engine is planned to be removed from a future JDK release
Warning: Nashorn engine is planned to be removed from a future JDK release
Warning: Nashorn engine is planned to be removed from a future JDK release
Warning: Nashorn engine is planned to be removed from a future JDK release
Warning: Nashorn engine is planned to be removed from a future JDK release
Warning: Nashorn engine is planned to be removed from a future JDK release
Warning: Nashorn engine is planned to be removed from a future JDK release
Warning: Nashorn engine is planned to be removed from a future JDK release
Warning: Nashorn engine is planned to be removed from a future JDK release
Warning: Nashorn engine is planned to be removed from a future JDK release
Warning: Nashorn engine is planned to be removed from a future JDK release
Warning: Nashorn engine is planned to be removed from a future JDK release
Warning: Nashorn engine is planned to be removed from a future JDK release
Warning: Nashorn engine is planned to be removed from a future JDK release
Warning: Nashorn engine is planned to be removed from a future JDK release
Warning: Nashorn engine is planned to be removed from a future JDK release
Warning: Nashorn engine is planned to be removed from a future JDK release
Warning: Nashorn engine is planned to be removed from a future JDK release
Warning: Nashorn engine is planned to be removed from a future JDK release
Warning: Nashorn engine is planned to be removed from a future JDK release
Warning: Nashorn engine is planned to be removed from a future JDK release
Warning: Nashorn engine is planned to be removed from a future JDK release
Warning: Nashorn engine is planned to be removed from a future JDK release
Warning: Nashorn engine is planned to be removed from a future JDK release
Warning: Nashorn engine is planned to be removed from a future JDK release
Warning: Nashorn engine is planned to be removed from a future JDK release
Warning: Nashorn engine is planned to be removed from a future JDK release
Warning: Nashorn engine is planned to be removed from a future JDK release
Warning: Nashorn engine is planned to be removed from a future JDK release
Warning: Nashorn engine is planned to be removed from a future JDK release
Warning: Nashorn engine is planned to be removed from a future JDK release
Warning: Nashorn engine is planned to be removed from a future JDK release
Warning: Nashorn engine is planned to be removed from a future JDK release
Warning: Nashorn engine is planned to be removed from a future JDK release
Warning: Nashorn engine is planned to be removed from a future JDK release
Warning: Nashorn engine is planned to be removed from a future JDK release
Warning: Nashorn engine is planned to be removed from a future JDK release
Warning: Nashorn engine is planned to be removed from a future JDK release
Warning: Nashorn engine is planned to be removed from a future JDK release
Warning: Nashorn engine is planned to be removed from a future JDK release
Warning: Nashorn engine is planned to be removed from a future JDK release
Warning: Nashorn engine is planned to be removed from a future JDK release
Warning: Nashorn engine is planned to be removed from a future JDK release
Warning: Nashorn engine is planned to be removed from a future JDK release
Warning: Nashorn engine is planned to be removed from a future JDK release
WARNING: TestSpontaneous: Model stopped before executing actions (e.g. producing outputs) scheduled for execution at times [6.0]
Warning: Nashorn engine is planned to be removed from a future JDK release
Warning: Nashorn engine is planned to be removed from a future JDK release
Warning: Nashorn engine is planned to be removed from a future JDK release
Warning: Nashorn engine is planned to be removed from a future JDK release
Warning: Nashorn engine is planned to be removed from a future JDK release
Warning: Nashorn engine is planned to be removed from a future JDK release
Warning: Nashorn engine is planned to be removed from a future JDK release
Warning: Nashorn engine is planned to be removed from a future JDK release
Warning: Nashorn engine is planned to be removed from a future JDK release
Warning: Nashorn engine is planned to be removed from a future JDK release
Warning: Nashorn engine is planned to be removed from a future JDK release
Warning: Nashorn engine is planned to be removed from a future JDK release
Warning: Nashorn engine is planned to be removed from a future JDK release
Warning: Nashorn engine is planned to be removed from a future JDK release
Warning: Nashorn engine is planned to be removed from a future JDK release
Warning: Nashorn engine is planned to be removed from a future JDK release
Warning: Nashorn engine is planned to be removed from a future JDK release
Warning: Nashorn engine is planned to be removed from a future JDK release
Warning: Nashorn engine is planned to be removed from a future JDK release
Warning: Nashorn engine is planned to be removed from a future JDK release
Warning: Nashorn engine is planned to be removed from a future JDK release
Warning: Nashorn engine is planned to be removed from a future JDK release
Warning: Nashorn engine is planned to be removed from a future JDK release
Warning: Nashorn engine is planned to be removed from a future JDK release
Warning: Nashorn engine is planned to be removed from a future JDK release
Warning: Nashorn engine is planned to be removed from a future JDK release
Warning: Nashorn engine is planned to be removed from a future JDK release
Warning: Nashorn engine is planned to be removed from a future JDK release
]]></system-err>
</testsuite>
