<?xml version="1.0" encoding="UTF-8" ?>
<testsuite errors="0" failures="0" hostname="travis-job-3865a300-c4c2-4f3f-9bbf-0b72a8e79479" name="ptolemy.domains.de.test.junit.JUnitTclTest" skipped="0" tests="101" time="124.132" timestamp="2020-07-21T15:09:03">
  <properties>
[...]
</properties>
  <testcase classname="ptolemy.util.test.junit.TclTests" name="[0] /home/travis/build/icyphy/ptII/ptolemy/domains/de/test/DependencyLoop.tcl (RunTclFile)" time="0.953" />
  <testcase classname="ptolemy.util.test.junit.TclTests" name="[1] /home/travis/build/icyphy/ptII/ptolemy/domains/de/test/RunDETestsAsQSS.tcl (RunTclFile)" time="83.955" />
  <testcase classname="ptolemy.util.test.junit.AutoKnownFailedTests" name="[0] /home/travis/build/icyphy/ptII/ptolemy/domains/de/test/auto/knownFailedTests/DESDFClockTest.xml (RunModel)" time="2.046" />
  <testcase classname="ptolemy.util.test.junit.AutoKnownFailedTests" name="[1] /home/travis/build/icyphy/ptII/ptolemy/domains/de/test/auto/knownFailedTests/DirectFeedback.xml (RunModel)" time="0.023" />
  <testcase classname="ptolemy.util.test.junit.AutoKnownFailedTests" name="[2] /home/travis/build/icyphy/ptII/ptolemy/domains/de/test/auto/knownFailedTests/FSMSource.xml (RunModel)" time="0.031" />
  <testcase classname="ptolemy.util.test.junit.AutoKnownFailedTests" name="[3] /home/travis/build/icyphy/ptII/ptolemy/domains/de/test/auto/knownFailedTests/HierarchicalModel.xml (RunModel)" time="0.05" />
  <testcase classname="ptolemy.util.test.junit.AutoKnownFailedTests" name="[4] /home/travis/build/icyphy/ptII/ptolemy/domains/de/test/auto/knownFailedTests/dependencyLoop.xml (RunModel)" time="0.052" />
  <testcase classname="ptolemy.util.test.junit.AutoKnownFailedTests" name="[5] /home/travis/build/icyphy/ptII/ptolemy/domains/de/test/auto/knownFailedTests/dependencyLoop2.xml (RunModel)" time="0.042" />
  <testcase classname="ptolemy.util.test.junit.AutoNameArchTests" name="[0] ThereAreNoAutoArchTests (RunModel)" time="0.001" />
  <testcase classname="ptolemy.util.test.junit.AutoTests" name="[0] /home/travis/build/icyphy/ptII/ptolemy/domains/de/test/auto/ActorDepthCalculation_actorWithoutPorts.xml (RunModel)" time="0.024" />
  <testcase classname="ptolemy.util.test.junit.AutoTests" name="[1] /home/travis/build/icyphy/ptII/ptolemy/domains/de/test/auto/AssemblyLine.xml (RunModel)" time="0.02" />
  <testcase classname="ptolemy.util.test.junit.AutoTests" name="[2] /home/travis/build/icyphy/ptII/ptolemy/domains/de/test/auto/CQBug1.xml (RunModel)" time="0.012" />
  <testcase classname="ptolemy.util.test.junit.AutoTests" name="[3] /home/travis/build/icyphy/ptII/ptolemy/domains/de/test/auto/CancelFireAt.xml (RunModel)" time="0.019" />
  <testcase classname="ptolemy.util.test.junit.AutoTests" name="[4] /home/travis/build/icyphy/ptII/ptolemy/domains/de/test/auto/CausalityAndComposabilityAnalysis.xml (RunModel)" time="0.018" />
  <testcase classname="ptolemy.util.test.junit.AutoTests" name="[5] /home/travis/build/icyphy/ptII/ptolemy/domains/de/test/auto/CausalityInterface1.xml (RunModel)" time="0.023" />
  <testcase classname="ptolemy.util.test.junit.AutoTests" name="[6] /home/travis/build/icyphy/ptII/ptolemy/domains/de/test/auto/CausalityInterface15.xml (RunModel)" time="0.013" />
  <testcase classname="ptolemy.util.test.junit.AutoTests" name="[7] /home/travis/build/icyphy/ptII/ptolemy/domains/de/test/auto/CausalityInterface2.xml (RunModel)" time="0.011" />
  <testcase classname="ptolemy.util.test.junit.AutoTests" name="[8] /home/travis/build/icyphy/ptII/ptolemy/domains/de/test/auto/CausalityInterface3.xml (RunModel)" time="0.014" />
  <testcase classname="ptolemy.util.test.junit.AutoTests" name="[9] /home/travis/build/icyphy/ptII/ptolemy/domains/de/test/auto/ClockDrift.xml (RunModel)" time="0.035" />
  <testcase classname="ptolemy.util.test.junit.AutoTests" name="[10] /home/travis/build/icyphy/ptII/ptolemy/domains/de/test/auto/ClockDriftAndValueChange.xml (RunModel)" time="0.031" />
  <testcase classname="ptolemy.util.test.junit.AutoTests" name="[11] /home/travis/build/icyphy/ptII/ptolemy/domains/de/test/auto/ClockDriftChange.xml (RunModel)" time="0.036" />
  <testcase classname="ptolemy.util.test.junit.AutoTests" name="[12] /home/travis/build/icyphy/ptII/ptolemy/domains/de/test/auto/ComposableCausalityAnalysis.xml (RunModel)" time="0.013" />
  <testcase classname="ptolemy.util.test.junit.AutoTests" name="[13] /home/travis/build/icyphy/ptII/ptolemy/domains/de/test/auto/DEFixedPointLimitation.xml (RunModel)" time="0.009" />
  <testcase classname="ptolemy.util.test.junit.AutoTests" name="[14] /home/travis/build/icyphy/ptII/ptolemy/domains/de/test/auto/DEScheduleTest.xml (RunModel)" time="0.015" />
  <testcase classname="ptolemy.util.test.junit.AutoTests" name="[15] /home/travis/build/icyphy/ptII/ptolemy/domains/de/test/auto/DEinDEwithStartTimes.xml (RunModel)" time="0.015" />
  <testcase classname="ptolemy.util.test.junit.AutoTests" name="[16] /home/travis/build/icyphy/ptII/ptolemy/domains/de/test/auto/DEinDEwithStartTimes2.xml (RunModel)" time="0.018" />
  <testcase classname="ptolemy.util.test.junit.AutoTests" name="[17] /home/travis/build/icyphy/ptII/ptolemy/domains/de/test/auto/DateDemo.xml (RunModel)" time="0.029" />
  <testcase classname="ptolemy.util.test.junit.AutoTests" name="[18] /home/travis/build/icyphy/ptII/ptolemy/domains/de/test/auto/DateToEvent.xml (RunModel)" time="2.04" />
  <testcase classname="ptolemy.util.test.junit.AutoTests" name="[19] /home/travis/build/icyphy/ptII/ptolemy/domains/de/test/auto/DepthTest1.xml (RunModel)" time="0.009" />
  <testcase classname="ptolemy.util.test.junit.AutoTests" name="[20] /home/travis/build/icyphy/ptII/ptolemy/domains/de/test/auto/DepthTest2.xml (RunModel)" time="0.019" />
  <testcase classname="ptolemy.util.test.junit.AutoTests" name="[21] /home/travis/build/icyphy/ptII/ptolemy/domains/de/test/auto/DepthTest3.xml (RunModel)" time="0.008" />
  <testcase classname="ptolemy.util.test.junit.AutoTests" name="[22] /home/travis/build/icyphy/ptII/ptolemy/domains/de/test/auto/DepthTest4.xml (RunModel)" time="0.017" />
  <testcase classname="ptolemy.util.test.junit.AutoTests" name="[23] /home/travis/build/icyphy/ptII/ptolemy/domains/de/test/auto/DepthTest5.xml (RunModel)" time="0.016" />
  <testcase classname="ptolemy.util.test.junit.AutoTests" name="[24] /home/travis/build/icyphy/ptII/ptolemy/domains/de/test/auto/DepthTest6.xml (RunModel)" time="0.012" />
  <testcase classname="ptolemy.util.test.junit.AutoTests" name="[25] /home/travis/build/icyphy/ptII/ptolemy/domains/de/test/auto/DepthTest7.xml (RunModel)" time="0.013" />
  <testcase classname="ptolemy.util.test.junit.AutoTests" name="[26] /home/travis/build/icyphy/ptII/ptolemy/domains/de/test/auto/EventToDate.xml (RunModel)" time="3.035" />
  <testcase classname="ptolemy.util.test.junit.AutoTests" name="[27] /home/travis/build/icyphy/ptII/ptolemy/domains/de/test/auto/FSM1.xml (RunModel)" time="0.045" />
  <testcase classname="ptolemy.util.test.junit.AutoTests" name="[28] /home/travis/build/icyphy/ptII/ptolemy/domains/de/test/auto/FSM7.xml (RunModel)" time="0.035" />
  <testcase classname="ptolemy.util.test.junit.AutoTests" name="[29] /home/travis/build/icyphy/ptII/ptolemy/domains/de/test/auto/Inspection.xml (RunModel)" time="0.042" />
  <testcase classname="ptolemy.util.test.junit.AutoTests" name="[30] /home/travis/build/icyphy/ptII/ptolemy/domains/de/test/auto/Iteration.xml (RunModel)" time="0.025" />
  <testcase classname="ptolemy.util.test.junit.AutoTests" name="[31] /home/travis/build/icyphy/ptII/ptolemy/domains/de/test/auto/LineFault.xml (RunModel)" time="0.539" />
  <testcase classname="ptolemy.util.test.junit.AutoTests" name="[32] /home/travis/build/icyphy/ptII/ptolemy/domains/de/test/auto/MergeModel1Add.xml (RunModel)" time="0.036" />
  <testcase classname="ptolemy.util.test.junit.AutoTests" name="[33] /home/travis/build/icyphy/ptII/ptolemy/domains/de/test/auto/MergeModel2Add.xml (RunModel)" time="0.043" />
  <testcase classname="ptolemy.util.test.junit.AutoTests" name="[34] /home/travis/build/icyphy/ptII/ptolemy/domains/de/test/auto/MergeModel3Add.xml (RunModel)" time="0.041" />
  <testcase classname="ptolemy.util.test.junit.AutoTests" name="[35] /home/travis/build/icyphy/ptII/ptolemy/domains/de/test/auto/MergeWithoutDiscard.xml (RunModel)" time="0.017" />
  <testcase classname="ptolemy.util.test.junit.AutoTests" name="[36] /home/travis/build/icyphy/ptII/ptolemy/domains/de/test/auto/Modal1.xml (RunModel)" time="0.03" />
  <testcase classname="ptolemy.util.test.junit.AutoTests" name="[37] /home/travis/build/icyphy/ptII/ptolemy/domains/de/test/auto/Modal2.xml (RunModel)" time="0.035" />
  <testcase classname="ptolemy.util.test.junit.AutoTests" name="[38] /home/travis/build/icyphy/ptII/ptolemy/domains/de/test/auto/Modal3.xml (RunModel)" time="0.028" />
  <testcase classname="ptolemy.util.test.junit.AutoTests" name="[39] /home/travis/build/icyphy/ptII/ptolemy/domains/de/test/auto/Modal4.xml (RunModel)" time="0.035" />
  <testcase classname="ptolemy.util.test.junit.AutoTests" name="[40] /home/travis/build/icyphy/ptII/ptolemy/domains/de/test/auto/Modal5.xml (RunModel)" time="0.036" />
  <testcase classname="ptolemy.util.test.junit.AutoTests" name="[41] /home/travis/build/icyphy/ptII/ptolemy/domains/de/test/auto/Modal6.xml (RunModel)" time="0.028" />
  <testcase classname="ptolemy.util.test.junit.AutoTests" name="[42] /home/travis/build/icyphy/ptII/ptolemy/domains/de/test/auto/Modal7.xml (RunModel)" time="0.034" />
  <testcase classname="ptolemy.util.test.junit.AutoTests" name="[43] /home/travis/build/icyphy/ptII/ptolemy/domains/de/test/auto/ModalModel.xml (RunModel)" time="0.197" />
  <testcase classname="ptolemy.util.test.junit.AutoTests" name="[44] /home/travis/build/icyphy/ptII/ptolemy/domains/de/test/auto/ModalSource.xml (RunModel)" time="0.02" />
  <testcase classname="ptolemy.util.test.junit.AutoTests" name="[45] /home/travis/build/icyphy/ptII/ptolemy/domains/de/test/auto/NonInterruptibleTimerZeroDelay.xml (RunModel)" time="0.01" />
  <testcase classname="ptolemy.util.test.junit.AutoTests" name="[46] /home/travis/build/icyphy/ptII/ptolemy/domains/de/test/auto/OpenQueueingNetwork.xml (RunModel)" time="2.47" />
  <testcase classname="ptolemy.util.test.junit.AutoTests" name="[47] /home/travis/build/icyphy/ptII/ptolemy/domains/de/test/auto/OpenQueuingNetwork.xml (RunModel)" time="0.271" />
  <testcase classname="ptolemy.util.test.junit.AutoTests" name="[48] /home/travis/build/icyphy/ptII/ptolemy/domains/de/test/auto/PeriodicSampler.xml (RunModel)" time="0.015" />
  <testcase classname="ptolemy.util.test.junit.AutoTests" name="[49] /home/travis/build/icyphy/ptII/ptolemy/domains/de/test/auto/PersistentIO.xml (RunModel)" time="0.025" />
  <testcase classname="ptolemy.util.test.junit.AutoTests" name="[50] /home/travis/build/icyphy/ptII/ptolemy/domains/de/test/auto/PortParameterResetOnInitialize.xml (RunModel)" time="0.017" />
  <testcase classname="ptolemy.util.test.junit.AutoTests" name="[51] /home/travis/build/icyphy/ptII/ptolemy/domains/de/test/auto/PortParameterUpdates.xml (RunModel)" time="0.021" />
  <testcase classname="ptolemy.util.test.junit.AutoTests" name="[52] /home/travis/build/icyphy/ptII/ptolemy/domains/de/test/auto/QueueAndServer.xml (RunModel)" time="0.021" />
  <testcase classname="ptolemy.util.test.junit.AutoTests" name="[53] /home/travis/build/icyphy/ptII/ptolemy/domains/de/test/auto/Records.xml (RunModel)" time="0.02" />
  <testcase classname="ptolemy.util.test.junit.AutoTests" name="[54] /home/travis/build/icyphy/ptII/ptolemy/domains/de/test/auto/ResetTransitionWithStartTime1.xml (RunModel)" time="0.023" />
  <testcase classname="ptolemy.util.test.junit.AutoTests" name="[55] /home/travis/build/icyphy/ptII/ptolemy/domains/de/test/auto/ResetTransitionWithStartTime2.xml (RunModel)" time="0.018" />
  <testcase classname="ptolemy.util.test.junit.AutoTests" name="[56] /home/travis/build/icyphy/ptII/ptolemy/domains/de/test/auto/ResetTransitionWithStartTime3.xml (RunModel)" time="0.036" />
  <testcase classname="ptolemy.util.test.junit.AutoTests" name="[57] /home/travis/build/icyphy/ptII/ptolemy/domains/de/test/auto/ResetTransitionWithStartTime4.xml (RunModel)" time="0.019" />
  <testcase classname="ptolemy.util.test.junit.AutoTests" name="[58] /home/travis/build/icyphy/ptII/ptolemy/domains/de/test/auto/ResettableTimer1.xml (RunModel)" time="0.01" />
  <testcase classname="ptolemy.util.test.junit.AutoTests" name="[59] /home/travis/build/icyphy/ptII/ptolemy/domains/de/test/auto/ResettableTimer2.xml (RunModel)" time="0.01" />
  <testcase classname="ptolemy.util.test.junit.AutoTests" name="[60] /home/travis/build/icyphy/ptII/ptolemy/domains/de/test/auto/ResettableTimer3.xml (RunModel)" time="0.008" />
  <testcase classname="ptolemy.util.test.junit.AutoTests" name="[61] /home/travis/build/icyphy/ptII/ptolemy/domains/de/test/auto/ResettableTimer4.xml (RunModel)" time="0.008" />
  <testcase classname="ptolemy.util.test.junit.AutoTests" name="[62] /home/travis/build/icyphy/ptII/ptolemy/domains/de/test/auto/ResettableTimer5.xml (RunModel)" time="0.008" />
  <testcase classname="ptolemy.util.test.junit.AutoTests" name="[63] /home/travis/build/icyphy/ptII/ptolemy/domains/de/test/auto/ResettableTimer6.xml (RunModel)" time="0.014" />
  <testcase classname="ptolemy.util.test.junit.AutoTests" name="[64] /home/travis/build/icyphy/ptII/ptolemy/domains/de/test/auto/ServerZeroDelay.xml (RunModel)" time="0.01" />
  <testcase classname="ptolemy.util.test.junit.AutoTests" name="[65] /home/travis/build/icyphy/ptII/ptolemy/domains/de/test/auto/SmartSender.xml (RunModel)" time="3.007" />
  <testcase classname="ptolemy.util.test.junit.AutoTests" name="[66] /home/travis/build/icyphy/ptII/ptolemy/domains/de/test/auto/ThreadedComposite.xml (RunModel)" time="0.123" />
  <testcase classname="ptolemy.util.test.junit.AutoTests" name="[67] /home/travis/build/icyphy/ptII/ptolemy/domains/de/test/auto/Time.xml (RunModel)" time="0.39" />
  <testcase classname="ptolemy.util.test.junit.AutoTests" name="[68] /home/travis/build/icyphy/ptII/ptolemy/domains/de/test/auto/TimeDelayZeroDelay.xml (RunModel)" time="0.012" />
  <testcase classname="ptolemy.util.test.junit.AutoTests" name="[69] /home/travis/build/icyphy/ptII/ptolemy/domains/de/test/auto/TimerZeroDelay.xml (RunModel)" time="0.008" />
  <testcase classname="ptolemy.util.test.junit.AutoTests" name="[70] /home/travis/build/icyphy/ptII/ptolemy/domains/de/test/auto/TimingParadox.xml (RunModel)" time="0.3" />
  <testcase classname="ptolemy.util.test.junit.AutoTests" name="[71] /home/travis/build/icyphy/ptII/ptolemy/domains/de/test/auto/TransferInputs.xml (RunModel)" time="0.008" />
  <testcase classname="ptolemy.util.test.junit.AutoTests" name="[72] /home/travis/build/icyphy/ptII/ptolemy/domains/de/test/auto/TransferOutputs2.xml (RunModel)" time="0.013" />
  <testcase classname="ptolemy.util.test.junit.AutoTests" name="[73] /home/travis/build/icyphy/ptII/ptolemy/domains/de/test/auto/Trilateration.xml (RunModel)" time="10.922" />
  <testcase classname="ptolemy.util.test.junit.AutoTests" name="[74] /home/travis/build/icyphy/ptII/ptolemy/domains/de/test/auto/TwoSigmaDelta.xml (RunModel)" time="1.79" />
  <testcase classname="ptolemy.util.test.junit.AutoTests" name="[75] /home/travis/build/icyphy/ptII/ptolemy/domains/de/test/auto/VariableDelay.xml (RunModel)" time="0.009" />
  <testcase classname="ptolemy.util.test.junit.AutoTests" name="[76] /home/travis/build/icyphy/ptII/ptolemy/domains/de/test/auto/VariableDelay2.xml (RunModel)" time="0.01" />
  <testcase classname="ptolemy.util.test.junit.AutoTests" name="[77] /home/travis/build/icyphy/ptII/ptolemy/domains/de/test/auto/VariableDelayZeroDelay.xml (RunModel)" time="0.011" />
  <testcase classname="ptolemy.util.test.junit.AutoTests" name="[78] /home/travis/build/icyphy/ptII/ptolemy/domains/de/test/auto/VariableDelayZeroDelay2.xml (RunModel)" time="0.015" />
  <testcase classname="ptolemy.util.test.junit.AutoTests" name="[79] /home/travis/build/icyphy/ptII/ptolemy/domains/de/test/auto/deInCt.xml (RunModel)" time="0.02" />
  <testcase classname="ptolemy.util.test.junit.AutoTests" name="[80] /home/travis/build/icyphy/ptII/ptolemy/domains/de/test/auto/deInCt2.xml (RunModel)" time="0.011" />
  <testcase classname="ptolemy.util.test.junit.AutoTests" name="[81] /home/travis/build/icyphy/ptII/ptolemy/domains/de/test/auto/dynamicCausalityInterface1.xml (RunModel)" time="0.016" />
  <testcase classname="ptolemy.util.test.junit.AutoTests" name="[82] /home/travis/build/icyphy/ptII/ptolemy/domains/de/test/auto/fsm_de_test.xml (RunModel)" time="0.02" />
  <testcase classname="ptolemy.util.test.junit.AutoTests" name="[83] /home/travis/build/icyphy/ptII/ptolemy/domains/de/test/auto/functionDependencyReconstruction.xml (RunModel)" time="0.027" />
  <testcase classname="ptolemy.util.test.junit.AutoTests" name="[84] /home/travis/build/icyphy/ptII/ptolemy/domains/de/test/auto/multirate.xml (RunModel)" time="0.013" />
  <testcase classname="ptolemy.util.test.junit.AutoTests" name="[85] /home/travis/build/icyphy/ptII/ptolemy/domains/de/test/auto/multirate2.xml (RunModel)" time="0.013" />
  <testcase classname="ptolemy.util.test.junit.AutoTests" name="[86] /home/travis/build/icyphy/ptII/ptolemy/domains/de/test/auto/realtime.xml (RunModel)" time="10.01" />
  <testcase classname="ptolemy.util.test.junit.AutoTests" name="[87] /home/travis/build/icyphy/ptII/ptolemy/domains/de/test/auto/relationGroup.xml (RunModel)" time="0.006" />
  <testcase classname="ptolemy.util.test.junit.AutoTests" name="[88] /home/travis/build/icyphy/ptII/ptolemy/domains/de/test/auto/relationGroup2.xml (RunModel)" time="0.007" />
  <testcase classname="ptolemy.util.test.junit.AutoTests" name="[89] /home/travis/build/icyphy/ptII/ptolemy/domains/de/test/auto/sortWithOpaquePorts.xml (RunModel)" time="0.009" />
  <testcase classname="ptolemy.util.test.junit.AutoTests" name="[90] /home/travis/build/icyphy/ptII/ptolemy/domains/de/test/auto/transferInputsandOutputs.xml (RunModel)" time="0.016" />
  <testcase classname="ptolemy.util.test.junit.AutoTests" name="[91] /home/travis/build/icyphy/ptII/ptolemy/domains/de/test/auto/triggerType.xml (RunModel)" time="0.009" />
  <system-out><![CDATA[/home/travis/build/icyphy/ptII/ptolemy/domains/de/test/DependencyLoop.tcl
testDefs.tcl: setting time out to 9000 seconds at Tue Jul 21 15:09:03 UTC 2020
59 ms. Memory: 129024K Free: 78281K (61%)
12 ms. Memory: 129024K Free: 60859K (47%)
/home/travis/build/icyphy/ptII/ptolemy/domains/de/test/RunDETestsAsQSS.tcl
Run the DE tests using ptolemy.domains.qss.test.QSSDirectorTest, which extends QSSDirector and prints a message in the constructors.
------------------ testing $PTII/ptolemy/domains/de/test/auto/knownFailedTests/DirectFeedback.xml (Known Failure) 
43 ms. Memory: 129024K Free: 55243K (43%)


==== $PTIIhome/travis/build/icyphy/ptII/ptolemy/domains/de/test/../../../../: Auto Automatic test in file $PTII/ptolemy/domains/de/test/auto/knownFailedTests/DirectFeedback.xml
==== Contents of test case:

	    # FIXME: we should use $relativeFilename here, but it
	    # might have backslashes under Windows, which causes no end
	    # of trouble.
	    createAndExecute $file
	    list {}
	
.... Test generated KNOWN error:
    while executing
ptolemy.kernel.util.IllegalActionException: Test fails in iteration 1.
Value was: 1.0. Should have been: 2.0
  in .DirectFeedback.Test
	at ptolemy.actor.lib.Test.fire(Test.java:268)
	at ptolemy.domains.de.kernel.DEDirector._fire(DEDirector.java:1949)
	at ptolemy.domains.de.kernel.DEDirector.fire(DEDirector.java:502)
	at ptolemy.actor.CompositeActor.fire(CompositeActor.java:455)
	at ptolemy.actor.Manager.iterate(Manager.java:851)
	at ptolemy.actor.Manager.execute(Manager.java:369)
	at ptolemy.actor.Manager.run(Manager.java:1263)
	at ptolemy.actor.Manager$PtolemyRunThread.run(Manager.java:1933)

    while executing
ptolemy.kernel.util.IllegalActionException: Test fails in iteration 1.
Value was: 1.0. Should have been: 2.0
  in .DirectFeedback.Test
    while executing
"java::new ptolemy.moml.MoMLSimpleApplication $file
"
    (procedure "createAndExecute" line 2)
    invoked from within
"createAndExecute $file"
    ("uplevel" body line 5)
    invoked from within
"uplevel $contents_of_test"
------------------ testing $PTII/ptolemy/domains/de/test/auto/knownFailedTests/dependencyLoop.xml (Known Failure) 
18 ms. Memory: 129024K Free: 52171K (40%)


==== $PTIIhome/travis/build/icyphy/ptII/ptolemy/domains/de/test/../../../../: Auto Automatic test in file $PTII/ptolemy/domains/de/test/auto/knownFailedTests/dependencyLoop.xml
==== Contents of test case:

	    # FIXME: we should use $relativeFilename here, but it
	    # might have backslashes under Windows, which causes no end
	    # of trouble.
	    createAndExecute $file
	    list {}
	
.... Test generated KNOWN error:
    while executing
ptolemy.kernel.util.IllegalActionException: Found a zero delay loop containing .dependencyLoop.original
  in .dependencyLoop and .dependencyLoop.original
	at ptolemy.actor.util.CausalityInterfaceForComposites._computeOutputPortDepth(CausalityInterfaceForComposites.java:759)
	at ptolemy.actor.util.CausalityInterfaceForComposites._computeInputDepth(CausalityInterfaceForComposites.java:696)
	at ptolemy.actor.util.CausalityInterfaceForComposites._computeOutputPortDepth(CausalityInterfaceForComposites.java:765)
	at ptolemy.actor.util.CausalityInterfaceForComposites._computeInputDepth(CausalityInterfaceForComposites.java:696)
	at ptolemy.actor.util.CausalityInterfaceForComposites._computeOutputPortDepth(CausalityInterfaceForComposites.java:765)
	at ptolemy.actor.util.CausalityInterfaceForComposites._computeInputDepth(CausalityInterfaceForComposites.java:696)
	at ptolemy.actor.util.CausalityInterfaceForComposites._computeActorDepth(CausalityInterfaceForComposites.java:532)
	at ptolemy.actor.util.CausalityInterfaceForComposites.checkForCycles(CausalityInterfaceForComposites.java:96)
	at ptolemy.domains.de.kernel.DEDirector.preinitialize(DEDirector.java:1338)
	at ptolemy.actor.CompositeActor.preinitialize(CompositeActor.java:1828)
	at ptolemy.actor.Manager.preinitializeAndResolveTypes(Manager.java:1040)
	at ptolemy.actor.Manager.initialize(Manager.java:710)
	at ptolemy.actor.Manager.execute(Manager.java:356)
	at ptolemy.actor.Manager.run(Manager.java:1263)
	at ptolemy.actor.Manager$PtolemyRunThread.run(Manager.java:1933)

    while executing
ptolemy.kernel.util.IllegalActionException: Found a zero delay loop containing .dependencyLoop.original
  in .dependencyLoop and .dependencyLoop.original
    while executing
"java::new ptolemy.moml.MoMLSimpleApplication $file
"
    (procedure "createAndExecute" line 2)
    invoked from within
"createAndExecute $file"
    ("uplevel" body line 5)
    invoked from within
"uplevel $contents_of_test"
------------------ testing $PTII/ptolemy/domains/de/test/auto/knownFailedTests/FSMSource.xml (Known Failure) 
68 ms. Memory: 129024K Free: 110859K (86%)
!!!! Auto was marked as failing, but now passes
------------------ testing $PTII/ptolemy/domains/de/test/auto/knownFailedTests/HierarchicalModel.xml (Known Failure) 
9 ms. Memory: 129024K Free: 93389K (72%)


==== $PTIIhome/travis/build/icyphy/ptII/ptolemy/domains/de/test/../../../../: Auto Automatic test in file $PTII/ptolemy/domains/de/test/auto/knownFailedTests/HierarchicalModel.xml
==== Contents of test case:

	    # FIXME: we should use $relativeFilename here, but it
	    # might have backslashes under Windows, which causes no end
	    # of trouble.
	    createAndExecute $file
	    list {}
	
.... Test generated KNOWN error:
    while executing
ptolemy.kernel.util.IllegalActionException: Found a zero delay loop containing .HierarchicalModel.A
  in .HierarchicalModel and .HierarchicalModel.A
	at ptolemy.actor.util.CausalityInterfaceForComposites._computeOutputPortDepth(CausalityInterfaceForComposites.java:759)
	at ptolemy.actor.util.CausalityInterfaceForComposites._computeInputDepth(CausalityInterfaceForComposites.java:696)
	at ptolemy.actor.util.CausalityInterfaceForComposites._computeOutputPortDepth(CausalityInterfaceForComposites.java:765)
	at ptolemy.actor.util.CausalityInterfaceForComposites._computeInputDepth(CausalityInterfaceForComposites.java:696)
	at ptolemy.actor.util.CausalityInterfaceForComposites._computeOutputPortDepth(CausalityInterfaceForComposites.java:765)
	at ptolemy.actor.util.CausalityInterfaceForComposites._computeInputDepth(CausalityInterfaceForComposites.java:696)
	at ptolemy.actor.util.CausalityInterfaceForComposites._computeActorDepth(CausalityInterfaceForComposites.java:532)
	at ptolemy.actor.util.CausalityInterfaceForComposites.checkForCycles(CausalityInterfaceForComposites.java:96)
	at ptolemy.domains.de.kernel.DEDirector.preinitialize(DEDirector.java:1338)
	at ptolemy.actor.CompositeActor.preinitialize(CompositeActor.java:1828)
	at ptolemy.actor.Manager.preinitializeAndResolveTypes(Manager.java:1040)
	at ptolemy.actor.Manager.initialize(Manager.java:710)
	at ptolemy.actor.Manager.execute(Manager.java:356)
	at ptolemy.actor.Manager.run(Manager.java:1263)
	at ptolemy.actor.Manager$PtolemyRunThread.run(Manager.java:1933)

    while executing
ptolemy.kernel.util.IllegalActionException: Found a zero delay loop containing .HierarchicalModel.A
  in .HierarchicalModel and .HierarchicalModel.A
    while executing
"java::new ptolemy.moml.MoMLSimpleApplication $file
"
    (procedure "createAndExecute" line 2)
    invoked from within
"createAndExecute $file"
    ("uplevel" body line 5)
    invoked from within
"uplevel $contents_of_test"
------------------ testing $PTII/ptolemy/domains/de/test/auto/knownFailedTests/dependencyLoop2.xml (Known Failure) 
7 ms. Memory: 129024K Free: 77362K (60%)


==== $PTIIhome/travis/build/icyphy/ptII/ptolemy/domains/de/test/../../../../: Auto Automatic test in file $PTII/ptolemy/domains/de/test/auto/knownFailedTests/dependencyLoop2.xml
==== Contents of test case:

	    # FIXME: we should use $relativeFilename here, but it
	    # might have backslashes under Windows, which causes no end
	    # of trouble.
	    createAndExecute $file
	    list {}
	
.... Test generated KNOWN error:
    while executing
ptolemy.kernel.util.IllegalActionException: Found a zero delay loop containing .dependencyLoop2.original
  in .dependencyLoop2 and .dependencyLoop2.original
	at ptolemy.actor.util.CausalityInterfaceForComposites._computeOutputPortDepth(CausalityInterfaceForComposites.java:759)
	at ptolemy.actor.util.CausalityInterfaceForComposites._computeInputDepth(CausalityInterfaceForComposites.java:696)
	at ptolemy.actor.util.CausalityInterfaceForComposites._computeOutputPortDepth(CausalityInterfaceForComposites.java:765)
	at ptolemy.actor.util.CausalityInterfaceForComposites._computeInputDepth(CausalityInterfaceForComposites.java:696)
	at ptolemy.actor.util.CausalityInterfaceForComposites._computeOutputPortDepth(CausalityInterfaceForComposites.java:765)
	at ptolemy.actor.util.CausalityInterfaceForComposites._computeInputDepth(CausalityInterfaceForComposites.java:696)
	at ptolemy.actor.util.CausalityInterfaceForComposites._computeActorDepth(CausalityInterfaceForComposites.java:532)
	at ptolemy.actor.util.CausalityInterfaceForComposites.checkForCycles(CausalityInterfaceForComposites.java:96)
	at ptolemy.domains.de.kernel.DEDirector.preinitialize(DEDirector.java:1338)
	at ptolemy.actor.CompositeActor.preinitialize(CompositeActor.java:1828)
	at ptolemy.actor.Manager.preinitializeAndResolveTypes(Manager.java:1040)
	at ptolemy.actor.Manager.initialize(Manager.java:710)
	at ptolemy.actor.Manager.execute(Manager.java:356)
	at ptolemy.actor.Manager.run(Manager.java:1263)
	at ptolemy.actor.Manager$PtolemyRunThread.run(Manager.java:1933)

    while executing
ptolemy.kernel.util.IllegalActionException: Found a zero delay loop containing .dependencyLoop2.original
  in .dependencyLoop2 and .dependencyLoop2.original
    while executing
"java::new ptolemy.moml.MoMLSimpleApplication $file
"
    (procedure "createAndExecute" line 2)
    invoked from within
"createAndExecute $file"
    ("uplevel" body line 5)
    invoked from within
"uplevel $contents_of_test"
------------------ testing $PTII/ptolemy/domains/de/test/auto/knownFailedTests/DESDFClockTest.xml (Known Failure) 
2062 ms. Memory: 129024K Free: 107990K (84%)


==== $PTIIhome/travis/build/icyphy/ptII/ptolemy/domains/de/test/../../../../: Auto Automatic test in file $PTII/ptolemy/domains/de/test/auto/knownFailedTests/DESDFClockTest.xml
==== Contents of test case:

	    # FIXME: we should use $relativeFilename here, but it
	    # might have backslashes under Windows, which causes no end
	    # of trouble.
	    createAndExecute $file
	    list {}
	
.... Test generated KNOWN error:
    while executing
ptolemy.kernel.util.IllegalActionException: Actor is not ready to fire.  Perhaps UpSample.prefire() returned false? Try debugging the actor by selecting "Listen to Actor".  Also, for SDF check moml for tokenConsumptionRate on input.
  in .DESDFClockTest.Play Bell.Copy1:SDF Director and .DESDFClockTest.Play Bell.UpSample
	at ptolemy.actor.sched.StaticSchedulingDirector.fire(StaticSchedulingDirector.java:227)
	at ptolemy.domains.sdf.kernel.SDFDirector.fire(SDFDirector.java:500)
	at ptolemy.actor.CompositeActor.fire(CompositeActor.java:455)
	at ptolemy.domains.de.kernel.DEDirector._fire(DEDirector.java:1949)
	at ptolemy.domains.de.kernel.DEDirector.fire(DEDirector.java:502)
	at ptolemy.actor.CompositeActor.fire(CompositeActor.java:455)
	at ptolemy.actor.Manager.iterate(Manager.java:851)
	at ptolemy.actor.Manager.execute(Manager.java:369)
	at ptolemy.actor.Manager.run(Manager.java:1263)
	at ptolemy.actor.Manager$PtolemyRunThread.run(Manager.java:1933)

    while executing
ptolemy.kernel.util.IllegalActionException: Actor is not ready to fire.  Perhaps UpSample.prefire() returned false? Try debugging the actor by selecting "Listen to Actor".  Also, for SDF check moml for tokenConsumptionRate on input.
  in .DESDFClockTest.Play Bell.Copy1:SDF Director and .DESDFClockTest.Play Bell.UpSample
    while executing
"java::new ptolemy.moml.MoMLSimpleApplication $file
"
    (procedure "createAndExecute" line 2)
    invoked from within
"createAndExecute $file"
    ("uplevel" body line 5)
    invoked from within
"uplevel $contents_of_test"
------------------ testing $PTII/ptolemy/domains/de/test/auto/ActorDepthCalculation_actorWithoutPorts.xml
auto.tcl: Setting watchdog for 200 seconds at Tue Jul 21 15:09:07 UTC 2020
9 ms. Memory: 129024K Free: 100294K (78%)
ptolemy.util.test.WatchDog.cancel(): canceling Tue Jul 21 15:09:07 UTC 2020
auto.tcl: Setting watchdog for 200 seconds at Tue Jul 21 15:09:07 UTC 2020
5 ms. Memory: 129024K Free: 98774K (77%)
ptolemy.util.test.WatchDog.cancel(): canceling Tue Jul 21 15:09:07 UTC 2020
------------------ testing $PTII/ptolemy/domains/de/test/auto/AssemblyLine.xml
auto.tcl: Setting watchdog for 200 seconds at Tue Jul 21 15:09:08 UTC 2020
16 ms. Memory: 55296K Free: 31198K (56%)
ptolemy.util.test.WatchDog.cancel(): canceling Tue Jul 21 15:09:08 UTC 2020
auto.tcl: Setting watchdog for 200 seconds at Tue Jul 21 15:09:08 UTC 2020
9 ms. Memory: 55296K Free: 30290K (55%)
ptolemy.util.test.WatchDog.cancel(): canceling Tue Jul 21 15:09:08 UTC 2020
------------------ testing $PTII/ptolemy/domains/de/test/auto/CQBug1.xml
auto.tcl: Setting watchdog for 200 seconds at Tue Jul 21 15:09:08 UTC 2020
2 ms. Memory: 51200K Free: 33252K (65%)
ptolemy.util.test.WatchDog.cancel(): canceling Tue Jul 21 15:09:08 UTC 2020
auto.tcl: Setting watchdog for 200 seconds at Tue Jul 21 15:09:08 UTC 2020
3 ms. Memory: 51200K Free: 33252K (65%)
ptolemy.util.test.WatchDog.cancel(): canceling Tue Jul 21 15:09:08 UTC 2020
------------------ testing $PTII/ptolemy/domains/de/test/auto/CancelFireAt.xml
auto.tcl: Setting watchdog for 200 seconds at Tue Jul 21 15:09:08 UTC 2020
5 ms. Memory: 51200K Free: 34469K (67%)
ptolemy.util.test.WatchDog.cancel(): canceling Tue Jul 21 15:09:08 UTC 2020
auto.tcl: Setting watchdog for 200 seconds at Tue Jul 21 15:09:08 UTC 2020
2 ms. Memory: 51200K Free: 34001K (66%)
ptolemy.util.test.WatchDog.cancel(): canceling Tue Jul 21 15:09:08 UTC 2020
------------------ testing $PTII/ptolemy/domains/de/test/auto/CausalityAndComposabilityAnalysis.xml
auto.tcl: Setting watchdog for 200 seconds at Tue Jul 21 15:09:08 UTC 2020
11 ms. Memory: 48128K Free: 29380K (61%)
ptolemy.util.test.WatchDog.cancel(): canceling Tue Jul 21 15:09:08 UTC 2020
auto.tcl: Setting watchdog for 200 seconds at Tue Jul 21 15:09:08 UTC 2020
8 ms. Memory: 48128K Free: 28932K (60%)
ptolemy.util.test.WatchDog.cancel(): canceling Tue Jul 21 15:09:08 UTC 2020
------------------ testing $PTII/ptolemy/domains/de/test/auto/CausalityInterface1.xml
auto.tcl: Setting watchdog for 200 seconds at Tue Jul 21 15:09:08 UTC 2020
19 ms. Memory: 48128K Free: 28332K (59%)
ptolemy.util.test.WatchDog.cancel(): canceling Tue Jul 21 15:09:08 UTC 2020
auto.tcl: Setting watchdog for 200 seconds at Tue Jul 21 15:09:08 UTC 2020
4 ms. Memory: 48128K Free: 27353K (57%)
ptolemy.util.test.WatchDog.cancel(): canceling Tue Jul 21 15:09:08 UTC 2020
------------------ testing $PTII/ptolemy/domains/de/test/auto/CausalityInterface15.xml
auto.tcl: Setting watchdog for 200 seconds at Tue Jul 21 15:09:08 UTC 2020
10 ms. Memory: 48128K Free: 28518K (59%)
ptolemy.util.test.WatchDog.cancel(): canceling Tue Jul 21 15:09:08 UTC 2020
auto.tcl: Setting watchdog for 200 seconds at Tue Jul 21 15:09:08 UTC 2020
6 ms. Memory: 48128K Free: 27315K (57%)
ptolemy.util.test.WatchDog.cancel(): canceling Tue Jul 21 15:09:08 UTC 2020
------------------ testing $PTII/ptolemy/domains/de/test/auto/CausalityInterface2.xml
auto.tcl: Setting watchdog for 200 seconds at Tue Jul 21 15:09:08 UTC 2020
4 ms. Memory: 48128K Free: 29015K (60%)
ptolemy.util.test.WatchDog.cancel(): canceling Tue Jul 21 15:09:08 UTC 2020
auto.tcl: Setting watchdog for 200 seconds at Tue Jul 21 15:09:08 UTC 2020
3 ms. Memory: 48128K Free: 27872K (58%)
ptolemy.util.test.WatchDog.cancel(): canceling Tue Jul 21 15:09:08 UTC 2020
------------------ testing $PTII/ptolemy/domains/de/test/auto/CausalityInterface3.xml
auto.tcl: Setting watchdog for 200 seconds at Tue Jul 21 15:09:08 UTC 2020
5 ms. Memory: 48128K Free: 28503K (59%)
ptolemy.util.test.WatchDog.cancel(): canceling Tue Jul 21 15:09:08 UTC 2020
auto.tcl: Setting watchdog for 200 seconds at Tue Jul 21 15:09:08 UTC 2020
11 ms. Memory: 48128K Free: 27741K (58%)
ptolemy.util.test.WatchDog.cancel(): canceling Tue Jul 21 15:09:08 UTC 2020
------------------ testing $PTII/ptolemy/domains/de/test/auto/ClockDrift.xml
auto.tcl: Setting watchdog for 200 seconds at Tue Jul 21 15:09:08 UTC 2020
73 ms. Memory: 48128K Free: 20596K (43%)
ptolemy.util.test.WatchDog.cancel(): canceling Tue Jul 21 15:09:09 UTC 2020
auto.tcl: Setting watchdog for 200 seconds at Tue Jul 21 15:09:09 UTC 2020
60 ms. Memory: 48128K Free: 17641K (37%)
ptolemy.util.test.WatchDog.cancel(): canceling Tue Jul 21 15:09:09 UTC 2020
------------------ testing $PTII/ptolemy/domains/de/test/auto/ClockDriftAndValueChange.xml
auto.tcl: Setting watchdog for 200 seconds at Tue Jul 21 15:09:09 UTC 2020
43 ms. Memory: 48128K Free: 21189K (44%)
ptolemy.util.test.WatchDog.cancel(): canceling Tue Jul 21 15:09:09 UTC 2020
auto.tcl: Setting watchdog for 200 seconds at Tue Jul 21 15:09:09 UTC 2020
23 ms. Memory: 48128K Free: 18355K (38%)
ptolemy.util.test.WatchDog.cancel(): canceling Tue Jul 21 15:09:09 UTC 2020
------------------ testing $PTII/ptolemy/domains/de/test/auto/ClockDriftChange.xml
auto.tcl: Setting watchdog for 200 seconds at Tue Jul 21 15:09:09 UTC 2020
17 ms. Memory: 48128K Free: 22982K (48%)
ptolemy.util.test.WatchDog.cancel(): canceling Tue Jul 21 15:09:09 UTC 2020
auto.tcl: Setting watchdog for 200 seconds at Tue Jul 21 15:09:09 UTC 2020
14 ms. Memory: 48128K Free: 20404K (42%)
ptolemy.util.test.WatchDog.cancel(): canceling Tue Jul 21 15:09:09 UTC 2020
------------------ testing $PTII/ptolemy/domains/de/test/auto/ComposableCausalityAnalysis.xml
auto.tcl: Setting watchdog for 200 seconds at Tue Jul 21 15:09:09 UTC 2020
3 ms. Memory: 48128K Free: 27840K (58%)
ptolemy.util.test.WatchDog.cancel(): canceling Tue Jul 21 15:09:09 UTC 2020
auto.tcl: Setting watchdog for 200 seconds at Tue Jul 21 15:09:09 UTC 2020
5 ms. Memory: 48128K Free: 26587K (55%)
ptolemy.util.test.WatchDog.cancel(): canceling Tue Jul 21 15:09:09 UTC 2020
------------------ testing $PTII/ptolemy/domains/de/test/auto/DEFixedPointLimitation.xml
auto.tcl: Setting watchdog for 200 seconds at Tue Jul 21 15:09:09 UTC 2020
3 ms. Memory: 48128K Free: 29126K (61%)
ptolemy.util.test.WatchDog.cancel(): canceling Tue Jul 21 15:09:09 UTC 2020
auto.tcl: Setting watchdog for 200 seconds at Tue Jul 21 15:09:09 UTC 2020
1 ms. Memory: 48128K Free: 28302K (59%)
ptolemy.util.test.WatchDog.cancel(): canceling Tue Jul 21 15:09:09 UTC 2020
------------------ testing $PTII/ptolemy/domains/de/test/auto/DEScheduleTest.xml
auto.tcl: Setting watchdog for 200 seconds at Tue Jul 21 15:09:09 UTC 2020
6 ms. Memory: 48128K Free: 29525K (61%)
ptolemy.util.test.WatchDog.cancel(): canceling Tue Jul 21 15:09:09 UTC 2020
auto.tcl: Setting watchdog for 200 seconds at Tue Jul 21 15:09:09 UTC 2020
2 ms. Memory: 48128K Free: 28749K (60%)
ptolemy.util.test.WatchDog.cancel(): canceling Tue Jul 21 15:09:09 UTC 2020
------------------ testing $PTII/ptolemy/domains/de/test/auto/DEinDEwithStartTimes.xml
auto.tcl: Setting watchdog for 200 seconds at Tue Jul 21 15:09:09 UTC 2020
4 ms. Memory: 48128K Free: 27676K (58%)
ptolemy.util.test.WatchDog.cancel(): canceling Tue Jul 21 15:09:09 UTC 2020
auto.tcl: Setting watchdog for 200 seconds at Tue Jul 21 15:09:09 UTC 2020
3 ms. Memory: 48128K Free: 26652K (55%)
ptolemy.util.test.WatchDog.cancel(): canceling Tue Jul 21 15:09:09 UTC 2020
------------------ testing $PTII/ptolemy/domains/de/test/auto/DEinDEwithStartTimes2.xml
auto.tcl: Setting watchdog for 200 seconds at Tue Jul 21 15:09:09 UTC 2020
6 ms. Memory: 48128K Free: 26862K (56%)
ptolemy.util.test.WatchDog.cancel(): canceling Tue Jul 21 15:09:09 UTC 2020
auto.tcl: Setting watchdog for 200 seconds at Tue Jul 21 15:09:09 UTC 2020
5 ms. Memory: 48128K Free: 25607K (53%)
ptolemy.util.test.WatchDog.cancel(): canceling Tue Jul 21 15:09:09 UTC 2020
------------------ testing $PTII/ptolemy/domains/de/test/auto/DateDemo.xml
auto.tcl: Setting watchdog for 200 seconds at Tue Jul 21 15:09:09 UTC 2020
12 ms. Memory: 48128K Free: 21239K (44%)
ptolemy.util.test.WatchDog.cancel(): canceling Tue Jul 21 15:09:09 UTC 2020
auto.tcl: Setting watchdog for 200 seconds at Tue Jul 21 15:09:09 UTC 2020
6 ms. Memory: 48128K Free: 19655K (41%)
ptolemy.util.test.WatchDog.cancel(): canceling Tue Jul 21 15:09:09 UTC 2020
------------------ testing $PTII/ptolemy/domains/de/test/auto/DateToEvent.xml
auto.tcl: Setting watchdog for 200 seconds at Tue Jul 21 15:09:10 UTC 2020
2009 ms. Memory: 48128K Free: 17171K (36%)
ptolemy.util.test.WatchDog.cancel(): canceling Tue Jul 21 15:09:12 UTC 2020
auto.tcl: Setting watchdog for 200 seconds at Tue Jul 21 15:09:12 UTC 2020
2005 ms. Memory: 48128K Free: 16372K (34%)
ptolemy.util.test.WatchDog.cancel(): canceling Tue Jul 21 15:09:14 UTC 2020
------------------ testing $PTII/ptolemy/domains/de/test/auto/DepthTest1.xml
auto.tcl: Setting watchdog for 200 seconds at Tue Jul 21 15:09:14 UTC 2020
3 ms. Memory: 48128K Free: 30318K (63%)
ptolemy.util.test.WatchDog.cancel(): canceling Tue Jul 21 15:09:14 UTC 2020
auto.tcl: Setting watchdog for 200 seconds at Tue Jul 21 15:09:14 UTC 2020
2 ms. Memory: 48128K Free: 29888K (62%)
ptolemy.util.test.WatchDog.cancel(): canceling Tue Jul 21 15:09:14 UTC 2020
------------------ testing $PTII/ptolemy/domains/de/test/auto/DepthTest2.xml
auto.tcl: Setting watchdog for 200 seconds at Tue Jul 21 15:09:14 UTC 2020
7 ms. Memory: 48128K Free: 27107K (56%)
ptolemy.util.test.WatchDog.cancel(): canceling Tue Jul 21 15:09:14 UTC 2020
auto.tcl: Setting watchdog for 200 seconds at Tue Jul 21 15:09:14 UTC 2020
2 ms. Memory: 48128K Free: 26680K (55%)
ptolemy.util.test.WatchDog.cancel(): canceling Tue Jul 21 15:09:14 UTC 2020
------------------ testing $PTII/ptolemy/domains/de/test/auto/DepthTest3.xml
auto.tcl: Setting watchdog for 200 seconds at Tue Jul 21 15:09:14 UTC 2020
2 ms. Memory: 48128K Free: 30649K (64%)
ptolemy.util.test.WatchDog.cancel(): canceling Tue Jul 21 15:09:14 UTC 2020
auto.tcl: Setting watchdog for 200 seconds at Tue Jul 21 15:09:14 UTC 2020
1 ms. Memory: 48128K Free: 30221K (63%)
ptolemy.util.test.WatchDog.cancel(): canceling Tue Jul 21 15:09:14 UTC 2020
------------------ testing $PTII/ptolemy/domains/de/test/auto/DepthTest4.xml
auto.tcl: Setting watchdog for 200 seconds at Tue Jul 21 15:09:14 UTC 2020
6 ms. Memory: 48128K Free: 28999K (60%)
ptolemy.util.test.WatchDog.cancel(): canceling Tue Jul 21 15:09:14 UTC 2020
auto.tcl: Setting watchdog for 200 seconds at Tue Jul 21 15:09:14 UTC 2020
4 ms. Memory: 48128K Free: 28287K (59%)
ptolemy.util.test.WatchDog.cancel(): canceling Tue Jul 21 15:09:14 UTC 2020
------------------ testing $PTII/ptolemy/domains/de/test/auto/DepthTest5.xml
auto.tcl: Setting watchdog for 200 seconds at Tue Jul 21 15:09:14 UTC 2020
3 ms. Memory: 48128K Free: 28345K (59%)
ptolemy.util.test.WatchDog.cancel(): canceling Tue Jul 21 15:09:14 UTC 2020
auto.tcl: Setting watchdog for 200 seconds at Tue Jul 21 15:09:14 UTC 2020
3 ms. Memory: 48128K Free: 27611K (57%)
ptolemy.util.test.WatchDog.cancel(): canceling Tue Jul 21 15:09:14 UTC 2020
------------------ testing $PTII/ptolemy/domains/de/test/auto/DepthTest6.xml
auto.tcl: Setting watchdog for 200 seconds at Tue Jul 21 15:09:14 UTC 2020
4 ms. Memory: 48128K Free: 28088K (58%)
ptolemy.util.test.WatchDog.cancel(): canceling Tue Jul 21 15:09:14 UTC 2020
auto.tcl: Setting watchdog for 200 seconds at Tue Jul 21 15:09:14 UTC 2020
3 ms. Memory: 48128K Free: 27661K (57%)
ptolemy.util.test.WatchDog.cancel(): canceling Tue Jul 21 15:09:14 UTC 2020
------------------ testing $PTII/ptolemy/domains/de/test/auto/DepthTest7.xml
auto.tcl: Setting watchdog for 200 seconds at Tue Jul 21 15:09:14 UTC 2020
7 ms. Memory: 48128K Free: 28846K (60%)
ptolemy.util.test.WatchDog.cancel(): canceling Tue Jul 21 15:09:14 UTC 2020
auto.tcl: Setting watchdog for 200 seconds at Tue Jul 21 15:09:14 UTC 2020
2 ms. Memory: 48128K Free: 28166K (59%)
ptolemy.util.test.WatchDog.cancel(): canceling Tue Jul 21 15:09:14 UTC 2020
------------------ testing $PTII/ptolemy/domains/de/test/auto/EventToDate.xml
auto.tcl: Setting watchdog for 200 seconds at Tue Jul 21 15:09:14 UTC 2020
3008 ms. Memory: 48128K Free: 19661K (41%)
ptolemy.util.test.WatchDog.cancel(): canceling Tue Jul 21 15:09:17 UTC 2020
auto.tcl: Setting watchdog for 200 seconds at Tue Jul 21 15:09:17 UTC 2020
3006 ms. Memory: 48128K Free: 19000K (39%)
ptolemy.util.test.WatchDog.cancel(): canceling Tue Jul 21 15:09:20 UTC 2020
------------------ testing $PTII/ptolemy/domains/de/test/auto/FSM1.xml
auto.tcl: Setting watchdog for 200 seconds at Tue Jul 21 15:09:20 UTC 2020
48 ms. Memory: 48128K Free: 20916K (43%)
ptolemy.util.test.WatchDog.cancel(): canceling Tue Jul 21 15:09:20 UTC 2020
auto.tcl: Setting watchdog for 200 seconds at Tue Jul 21 15:09:20 UTC 2020
35 ms. Memory: 48128K Free: 17661K (37%)
ptolemy.util.test.WatchDog.cancel(): canceling Tue Jul 21 15:09:20 UTC 2020
------------------ testing $PTII/ptolemy/domains/de/test/auto/FSM7.xml
auto.tcl: Setting watchdog for 200 seconds at Tue Jul 21 15:09:20 UTC 2020
28 ms. Memory: 48128K Free: 20561K (43%)
ptolemy.util.test.WatchDog.cancel(): canceling Tue Jul 21 15:09:20 UTC 2020
auto.tcl: Setting watchdog for 200 seconds at Tue Jul 21 15:09:20 UTC 2020
28 ms. Memory: 48128K Free: 17438K (36%)
ptolemy.util.test.WatchDog.cancel(): canceling Tue Jul 21 15:09:20 UTC 2020
------------------ testing $PTII/ptolemy/domains/de/test/auto/Inspection.xml
auto.tcl: Setting watchdog for 200 seconds at Tue Jul 21 15:09:21 UTC 2020
26 ms. Memory: 48128K Free: 20630K (43%)
ptolemy.util.test.WatchDog.cancel(): canceling Tue Jul 21 15:09:21 UTC 2020
auto.tcl: Setting watchdog for 200 seconds at Tue Jul 21 15:09:21 UTC 2020
23 ms. Memory: 48128K Free: 18907K (39%)
ptolemy.util.test.WatchDog.cancel(): canceling Tue Jul 21 15:09:21 UTC 2020
------------------ testing $PTII/ptolemy/domains/de/test/auto/Iteration.xml
auto.tcl: Setting watchdog for 200 seconds at Tue Jul 21 15:09:21 UTC 2020
8 ms. Memory: 48128K Free: 26373K (55%)
ptolemy.util.test.WatchDog.cancel(): canceling Tue Jul 21 15:09:21 UTC 2020
auto.tcl: Setting watchdog for 200 seconds at Tue Jul 21 15:09:21 UTC 2020
6 ms. Memory: 48128K Free: 24962K (52%)
ptolemy.util.test.WatchDog.cancel(): canceling Tue Jul 21 15:09:21 UTC 2020
------------------ testing $PTII/ptolemy/domains/de/test/auto/LineFault.xml
auto.tcl: Setting watchdog for 200 seconds at Tue Jul 21 15:09:21 UTC 2020
596 ms. Memory: 48128K Free: 19613K (41%)
ptolemy.util.test.WatchDog.cancel(): canceling Tue Jul 21 15:09:22 UTC 2020
auto.tcl: Setting watchdog for 200 seconds at Tue Jul 21 15:09:22 UTC 2020
495 ms. Memory: 58368K Free: 38087K (65%)
ptolemy.util.test.WatchDog.cancel(): canceling Tue Jul 21 15:09:22 UTC 2020
------------------ testing $PTII/ptolemy/domains/de/test/auto/MergeModel1Add.xml
auto.tcl: Setting watchdog for 200 seconds at Tue Jul 21 15:09:22 UTC 2020
27 ms. Memory: 58368K Free: 22600K (39%)
ptolemy.util.test.WatchDog.cancel(): canceling Tue Jul 21 15:09:22 UTC 2020
auto.tcl: Setting watchdog for 200 seconds at Tue Jul 21 15:09:22 UTC 2020
11 ms. Memory: 58368K Free: 20937K (36%)
ptolemy.util.test.WatchDog.cancel(): canceling Tue Jul 21 15:09:22 UTC 2020
------------------ testing $PTII/ptolemy/domains/de/test/auto/MergeModel2Add.xml
auto.tcl: Setting watchdog for 200 seconds at Tue Jul 21 15:09:22 UTC 2020
9 ms. Memory: 51200K Free: 17268K (34%)
ptolemy.util.test.WatchDog.cancel(): canceling Tue Jul 21 15:09:22 UTC 2020
auto.tcl: Setting watchdog for 200 seconds at Tue Jul 21 15:09:22 UTC 2020
8 ms. Memory: 51200K Free: 15539K (30%)
ptolemy.util.test.WatchDog.cancel(): canceling Tue Jul 21 15:09:22 UTC 2020
------------------ testing $PTII/ptolemy/domains/de/test/auto/MergeModel3Add.xml
auto.tcl: Setting watchdog for 200 seconds at Tue Jul 21 15:09:22 UTC 2020
9 ms. Memory: 51200K Free: 17514K (34%)
ptolemy.util.test.WatchDog.cancel(): canceling Tue Jul 21 15:09:22 UTC 2020
auto.tcl: Setting watchdog for 200 seconds at Tue Jul 21 15:09:22 UTC 2020
8 ms. Memory: 51200K Free: 15969K (31%)
ptolemy.util.test.WatchDog.cancel(): canceling Tue Jul 21 15:09:22 UTC 2020
------------------ testing $PTII/ptolemy/domains/de/test/auto/MergeWithoutDiscard.xml
auto.tcl: Setting watchdog for 200 seconds at Tue Jul 21 15:09:23 UTC 2020
1 ms. Memory: 51200K Free: 31879K (62%)
ptolemy.util.test.WatchDog.cancel(): canceling Tue Jul 21 15:09:23 UTC 2020
auto.tcl: Setting watchdog for 200 seconds at Tue Jul 21 15:09:23 UTC 2020
1 ms. Memory: 51200K Free: 31446K (61%)
ptolemy.util.test.WatchDog.cancel(): canceling Tue Jul 21 15:09:23 UTC 2020
------------------ testing $PTII/ptolemy/domains/de/test/auto/Modal1.xml
auto.tcl: Setting watchdog for 200 seconds at Tue Jul 21 15:09:23 UTC 2020
16 ms. Memory: 51200K Free: 23982K (47%)
ptolemy.util.test.WatchDog.cancel(): canceling Tue Jul 21 15:09:23 UTC 2020
auto.tcl: Setting watchdog for 200 seconds at Tue Jul 21 15:09:23 UTC 2020
24 ms. Memory: 51200K Free: 20541K (40%)
ptolemy.util.test.WatchDog.cancel(): canceling Tue Jul 21 15:09:23 UTC 2020
------------------ testing $PTII/ptolemy/domains/de/test/auto/Modal2.xml
auto.tcl: Setting watchdog for 200 seconds at Tue Jul 21 15:09:23 UTC 2020
10 ms. Memory: 51200K Free: 24095K (47%)
ptolemy.util.test.WatchDog.cancel(): canceling Tue Jul 21 15:09:23 UTC 2020
auto.tcl: Setting watchdog for 200 seconds at Tue Jul 21 15:09:23 UTC 2020
11 ms. Memory: 51200K Free: 20877K (41%)
ptolemy.util.test.WatchDog.cancel(): canceling Tue Jul 21 15:09:23 UTC 2020
------------------ testing $PTII/ptolemy/domains/de/test/auto/Modal3.xml
auto.tcl: Setting watchdog for 200 seconds at Tue Jul 21 15:09:23 UTC 2020
16 ms. Memory: 51200K Free: 23636K (46%)
ptolemy.util.test.WatchDog.cancel(): canceling Tue Jul 21 15:09:23 UTC 2020
auto.tcl: Setting watchdog for 200 seconds at Tue Jul 21 15:09:23 UTC 2020
20 ms. Memory: 51200K Free: 20472K (40%)
ptolemy.util.test.WatchDog.cancel(): canceling Tue Jul 21 15:09:23 UTC 2020
------------------ testing $PTII/ptolemy/domains/de/test/auto/Modal4.xml
auto.tcl: Setting watchdog for 200 seconds at Tue Jul 21 15:09:23 UTC 2020
25 ms. Memory: 51200K Free: 23042K (45%)
ptolemy.util.test.WatchDog.cancel(): canceling Tue Jul 21 15:09:23 UTC 2020
auto.tcl: Setting watchdog for 200 seconds at Tue Jul 21 15:09:23 UTC 2020
24 ms. Memory: 51200K Free: 19222K (38%)
ptolemy.util.test.WatchDog.cancel(): canceling Tue Jul 21 15:09:23 UTC 2020
------------------ testing $PTII/ptolemy/domains/de/test/auto/Modal5.xml
auto.tcl: Setting watchdog for 200 seconds at Tue Jul 21 15:09:23 UTC 2020
14 ms. Memory: 51200K Free: 23029K (45%)
ptolemy.util.test.WatchDog.cancel(): canceling Tue Jul 21 15:09:23 UTC 2020
auto.tcl: Setting watchdog for 200 seconds at Tue Jul 21 15:09:23 UTC 2020
14 ms. Memory: 51200K Free: 19208K (38%)
ptolemy.util.test.WatchDog.cancel(): canceling Tue Jul 21 15:09:23 UTC 2020
------------------ testing $PTII/ptolemy/domains/de/test/auto/Modal6.xml
auto.tcl: Setting watchdog for 200 seconds at Tue Jul 21 15:09:23 UTC 2020
16 ms. Memory: 51200K Free: 23853K (47%)
ptolemy.util.test.WatchDog.cancel(): canceling Tue Jul 21 15:09:23 UTC 2020
auto.tcl: Setting watchdog for 200 seconds at Tue Jul 21 15:09:23 UTC 2020
15 ms. Memory: 51200K Free: 19839K (39%)
ptolemy.util.test.WatchDog.cancel(): canceling Tue Jul 21 15:09:23 UTC 2020
------------------ testing $PTII/ptolemy/domains/de/test/auto/Modal7.xml
auto.tcl: Setting watchdog for 200 seconds at Tue Jul 21 15:09:23 UTC 2020
15 ms. Memory: 51200K Free: 23020K (45%)
ptolemy.util.test.WatchDog.cancel(): canceling Tue Jul 21 15:09:23 UTC 2020
auto.tcl: Setting watchdog for 200 seconds at Tue Jul 21 15:09:23 UTC 2020
10 ms. Memory: 51200K Free: 19480K (38%)
ptolemy.util.test.WatchDog.cancel(): canceling Tue Jul 21 15:09:23 UTC 2020
------------------ testing $PTII/ptolemy/domains/de/test/auto/ModalModel.xml
auto.tcl: Setting watchdog for 200 seconds at Tue Jul 21 15:09:23 UTC 2020
182 ms. Memory: 51200K Free: 12866K (25%)
ptolemy.util.test.WatchDog.cancel(): canceling Tue Jul 21 15:09:24 UTC 2020
auto.tcl: Setting watchdog for 200 seconds at Tue Jul 21 15:09:24 UTC 2020
195 ms. Memory: 63488K Free: 47547K (75%)
ptolemy.util.test.WatchDog.cancel(): canceling Tue Jul 21 15:09:24 UTC 2020
------------------ testing $PTII/ptolemy/domains/de/test/auto/ModalSource.xml
auto.tcl: Setting watchdog for 200 seconds at Tue Jul 21 15:09:24 UTC 2020
6 ms. Memory: 55296K Free: 31977K (58%)
ptolemy.util.test.WatchDog.cancel(): canceling Tue Jul 21 15:09:24 UTC 2020
auto.tcl: Setting watchdog for 200 seconds at Tue Jul 21 15:09:24 UTC 2020
6 ms. Memory: 55296K Free: 29929K (54%)
ptolemy.util.test.WatchDog.cancel(): canceling Tue Jul 21 15:09:24 UTC 2020
------------------ testing $PTII/ptolemy/domains/de/test/auto/NonInterruptibleTimerZeroDelay.xml
auto.tcl: Setting watchdog for 200 seconds at Tue Jul 21 15:09:24 UTC 2020
2 ms. Memory: 51200K Free: 32824K (64%)
ptolemy.util.test.WatchDog.cancel(): canceling Tue Jul 21 15:09:24 UTC 2020
auto.tcl: Setting watchdog for 200 seconds at Tue Jul 21 15:09:24 UTC 2020
2 ms. Memory: 51200K Free: 32174K (63%)
ptolemy.util.test.WatchDog.cancel(): canceling Tue Jul 21 15:09:24 UTC 2020
------------------ testing $PTII/ptolemy/domains/de/test/auto/OpenQueueingNetwork.xml
auto.tcl: Setting watchdog for 200 seconds at Tue Jul 21 15:09:24 UTC 2020
2805 ms. Memory: 102400K Free: 55424K (54%)
ptolemy.util.test.WatchDog.cancel(): canceling Tue Jul 21 15:09:27 UTC 2020
auto.tcl: Setting watchdog for 200 seconds at Tue Jul 21 15:09:27 UTC 2020
2341 ms. Memory: 122880K Free: 79415K (65%)
ptolemy.util.test.WatchDog.cancel(): canceling Tue Jul 21 15:09:29 UTC 2020
------------------ testing $PTII/ptolemy/domains/de/test/auto/OpenQueuingNetwork.xml
auto.tcl: Setting watchdog for 200 seconds at Tue Jul 21 15:09:29 UTC 2020
226 ms. Memory: 58368K Free: 31987K (55%)
ptolemy.util.test.WatchDog.cancel(): canceling Tue Jul 21 15:09:30 UTC 2020
auto.tcl: Setting watchdog for 200 seconds at Tue Jul 21 15:09:30 UTC 2020
217 ms. Memory: 58368K Free: 13512K (23%)
ptolemy.util.test.WatchDog.cancel(): canceling Tue Jul 21 15:09:30 UTC 2020
------------------ testing $PTII/ptolemy/domains/de/test/auto/PeriodicSampler.xml
auto.tcl: Setting watchdog for 200 seconds at Tue Jul 21 15:09:30 UTC 2020
3 ms. Memory: 55296K Free: 36108K (65%)
ptolemy.util.test.WatchDog.cancel(): canceling Tue Jul 21 15:09:30 UTC 2020
auto.tcl: Setting watchdog for 200 seconds at Tue Jul 21 15:09:30 UTC 2020
1 ms. Memory: 55296K Free: 35588K (64%)
ptolemy.util.test.WatchDog.cancel(): canceling Tue Jul 21 15:09:30 UTC 2020
------------------ testing $PTII/ptolemy/domains/de/test/auto/PersistentIO.xml
auto.tcl: Setting watchdog for 200 seconds at Tue Jul 21 15:09:30 UTC 2020
11 ms. Memory: 55296K Free: 31033K (56%)
ptolemy.util.test.WatchDog.cancel(): canceling Tue Jul 21 15:09:30 UTC 2020
auto.tcl: Setting watchdog for 200 seconds at Tue Jul 21 15:09:30 UTC 2020
7 ms. Memory: 55296K Free: 29513K (53%)
ptolemy.util.test.WatchDog.cancel(): canceling Tue Jul 21 15:09:30 UTC 2020
------------------ testing $PTII/ptolemy/domains/de/test/auto/PortParameterResetOnInitialize.xml
auto.tcl: Setting watchdog for 200 seconds at Tue Jul 21 15:09:30 UTC 2020
2 ms. Memory: 55296K Free: 36235K (66%)
ptolemy.util.test.WatchDog.cancel(): canceling Tue Jul 21 15:09:30 UTC 2020
auto.tcl: Setting watchdog for 200 seconds at Tue Jul 21 15:09:30 UTC 2020
2 ms. Memory: 55296K Free: 35723K (65%)
ptolemy.util.test.WatchDog.cancel(): canceling Tue Jul 21 15:09:30 UTC 2020
------------------ testing $PTII/ptolemy/domains/de/test/auto/PortParameterUpdates.xml
auto.tcl: Setting watchdog for 200 seconds at Tue Jul 21 15:09:30 UTC 2020
3 ms. Memory: 55296K Free: 34282K (62%)
ptolemy.util.test.WatchDog.cancel(): canceling Tue Jul 21 15:09:30 UTC 2020
auto.tcl: Setting watchdog for 200 seconds at Tue Jul 21 15:09:30 UTC 2020
3 ms. Memory: 55296K Free: 33075K (60%)
ptolemy.util.test.WatchDog.cancel(): canceling Tue Jul 21 15:09:30 UTC 2020
------------------ testing $PTII/ptolemy/domains/de/test/auto/QueueAndServer.xml
auto.tcl: Setting watchdog for 200 seconds at Tue Jul 21 15:09:30 UTC 2020
5 ms. Memory: 51200K Free: 28877K (56%)
ptolemy.util.test.WatchDog.cancel(): canceling Tue Jul 21 15:09:30 UTC 2020
auto.tcl: Setting watchdog for 200 seconds at Tue Jul 21 15:09:30 UTC 2020
6 ms. Memory: 51200K Free: 27425K (54%)
ptolemy.util.test.WatchDog.cancel(): canceling Tue Jul 21 15:09:30 UTC 2020
------------------ testing $PTII/ptolemy/domains/de/test/auto/Records.xml
auto.tcl: Setting watchdog for 200 seconds at Tue Jul 21 15:09:30 UTC 2020
9 ms. Memory: 51200K Free: 31175K (61%)
ptolemy.util.test.WatchDog.cancel(): canceling Tue Jul 21 15:09:30 UTC 2020
auto.tcl: Setting watchdog for 200 seconds at Tue Jul 21 15:09:30 UTC 2020
2 ms. Memory: 51200K Free: 30656K (60%)
ptolemy.util.test.WatchDog.cancel(): canceling Tue Jul 21 15:09:30 UTC 2020
------------------ testing $PTII/ptolemy/domains/de/test/auto/ResetTransitionWithStartTime1.xml
auto.tcl: Setting watchdog for 200 seconds at Tue Jul 21 15:09:30 UTC 2020
12 ms. Memory: 51200K Free: 28421K (56%)
ptolemy.util.test.WatchDog.cancel(): canceling Tue Jul 21 15:09:30 UTC 2020
auto.tcl: Setting watchdog for 200 seconds at Tue Jul 21 15:09:30 UTC 2020
10 ms. Memory: 51200K Free: 26373K (52%)
ptolemy.util.test.WatchDog.cancel(): canceling Tue Jul 21 15:09:30 UTC 2020
------------------ testing $PTII/ptolemy/domains/de/test/auto/ResetTransitionWithStartTime2.xml
auto.tcl: Setting watchdog for 200 seconds at Tue Jul 21 15:09:30 UTC 2020
8 ms. Memory: 51200K Free: 28413K (55%)
ptolemy.util.test.WatchDog.cancel(): canceling Tue Jul 21 15:09:30 UTC 2020
auto.tcl: Setting watchdog for 200 seconds at Tue Jul 21 15:09:30 UTC 2020
8 ms. Memory: 51200K Free: 26328K (51%)
ptolemy.util.test.WatchDog.cancel(): canceling Tue Jul 21 15:09:30 UTC 2020
------------------ testing $PTII/ptolemy/domains/de/test/auto/ResetTransitionWithStartTime3.xml
auto.tcl: Setting watchdog for 200 seconds at Tue Jul 21 15:09:30 UTC 2020
5 ms. Memory: 51200K Free: 28375K (55%)
ptolemy.util.test.WatchDog.cancel(): canceling Tue Jul 21 15:09:30 UTC 2020
auto.tcl: Setting watchdog for 200 seconds at Tue Jul 21 15:09:30 UTC 2020
6 ms. Memory: 51200K Free: 26327K (51%)
ptolemy.util.test.WatchDog.cancel(): canceling Tue Jul 21 15:09:30 UTC 2020
------------------ testing $PTII/ptolemy/domains/de/test/auto/ResetTransitionWithStartTime4.xml
auto.tcl: Setting watchdog for 200 seconds at Tue Jul 21 15:09:31 UTC 2020
7 ms. Memory: 51200K Free: 28818K (56%)
ptolemy.util.test.WatchDog.cancel(): canceling Tue Jul 21 15:09:31 UTC 2020
auto.tcl: Setting watchdog for 200 seconds at Tue Jul 21 15:09:31 UTC 2020
2 ms. Memory: 51200K Free: 27356K (53%)
ptolemy.util.test.WatchDog.cancel(): canceling Tue Jul 21 15:09:31 UTC 2020
------------------ testing $PTII/ptolemy/domains/de/test/auto/ResettableTimer1.xml
auto.tcl: Setting watchdog for 200 seconds at Tue Jul 21 15:09:31 UTC 2020
3 ms. Memory: 51200K Free: 32590K (64%)
ptolemy.util.test.WatchDog.cancel(): canceling Tue Jul 21 15:09:31 UTC 2020
auto.tcl: Setting watchdog for 200 seconds at Tue Jul 21 15:09:31 UTC 2020
2 ms. Memory: 51200K Free: 31909K (62%)
ptolemy.util.test.WatchDog.cancel(): canceling Tue Jul 21 15:09:31 UTC 2020
------------------ testing $PTII/ptolemy/domains/de/test/auto/ResettableTimer2.xml
auto.tcl: Setting watchdog for 200 seconds at Tue Jul 21 15:09:31 UTC 2020
4 ms. Memory: 51200K Free: 32607K (64%)
ptolemy.util.test.WatchDog.cancel(): canceling Tue Jul 21 15:09:31 UTC 2020
auto.tcl: Setting watchdog for 200 seconds at Tue Jul 21 15:09:31 UTC 2020
3 ms. Memory: 51200K Free: 31988K (62%)
ptolemy.util.test.WatchDog.cancel(): canceling Tue Jul 21 15:09:31 UTC 2020
------------------ testing $PTII/ptolemy/domains/de/test/auto/ResettableTimer3.xml
auto.tcl: Setting watchdog for 200 seconds at Tue Jul 21 15:09:31 UTC 2020
1 ms. Memory: 51200K Free: 33003K (64%)
ptolemy.util.test.WatchDog.cancel(): canceling Tue Jul 21 15:09:31 UTC 2020
auto.tcl: Setting watchdog for 200 seconds at Tue Jul 21 15:09:31 UTC 2020
1 ms. Memory: 51200K Free: 32507K (63%)
ptolemy.util.test.WatchDog.cancel(): canceling Tue Jul 21 15:09:31 UTC 2020
------------------ testing $PTII/ptolemy/domains/de/test/auto/ResettableTimer4.xml
auto.tcl: Setting watchdog for 200 seconds at Tue Jul 21 15:09:31 UTC 2020
1 ms. Memory: 51200K Free: 32521K (64%)
ptolemy.util.test.WatchDog.cancel(): canceling Tue Jul 21 15:09:31 UTC 2020
auto.tcl: Setting watchdog for 200 seconds at Tue Jul 21 15:09:31 UTC 2020
1 ms. Memory: 51200K Free: 32007K (63%)
ptolemy.util.test.WatchDog.cancel(): canceling Tue Jul 21 15:09:31 UTC 2020
------------------ testing $PTII/ptolemy/domains/de/test/auto/ResettableTimer5.xml
auto.tcl: Setting watchdog for 200 seconds at Tue Jul 21 15:09:31 UTC 2020
3 ms. Memory: 51200K Free: 32005K (63%)
ptolemy.util.test.WatchDog.cancel(): canceling Tue Jul 21 15:09:31 UTC 2020
auto.tcl: Setting watchdog for 200 seconds at Tue Jul 21 15:09:31 UTC 2020
2 ms. Memory: 51200K Free: 31495K (62%)
ptolemy.util.test.WatchDog.cancel(): canceling Tue Jul 21 15:09:31 UTC 2020
------------------ testing $PTII/ptolemy/domains/de/test/auto/ResettableTimer6.xml
auto.tcl: Setting watchdog for 200 seconds at Tue Jul 21 15:09:31 UTC 2020
2 ms. Memory: 51200K Free: 31995K (62%)
ptolemy.util.test.WatchDog.cancel(): canceling Tue Jul 21 15:09:31 UTC 2020
auto.tcl: Setting watchdog for 200 seconds at Tue Jul 21 15:09:31 UTC 2020
2 ms. Memory: 51200K Free: 31485K (61%)
ptolemy.util.test.WatchDog.cancel(): canceling Tue Jul 21 15:09:31 UTC 2020
------------------ testing $PTII/ptolemy/domains/de/test/auto/ServerZeroDelay.xml
auto.tcl: Setting watchdog for 200 seconds at Tue Jul 21 15:09:31 UTC 2020
5 ms. Memory: 51200K Free: 32501K (63%)
ptolemy.util.test.WatchDog.cancel(): canceling Tue Jul 21 15:09:31 UTC 2020
auto.tcl: Setting watchdog for 200 seconds at Tue Jul 21 15:09:31 UTC 2020
2 ms. Memory: 51200K Free: 31477K (61%)
ptolemy.util.test.WatchDog.cancel(): canceling Tue Jul 21 15:09:31 UTC 2020
------------------ testing $PTII/ptolemy/domains/de/test/auto/SmartSender.xml
auto.tcl: Setting watchdog for 200 seconds at Tue Jul 21 15:09:31 UTC 2020
3002 ms. Memory: 51200K Free: 32496K (63%)
ptolemy.util.test.WatchDog.cancel(): canceling Tue Jul 21 15:09:34 UTC 2020
auto.tcl: Setting watchdog for 200 seconds at Tue Jul 21 15:09:34 UTC 2020
3001 ms. Memory: 51200K Free: 31976K (62%)
ptolemy.util.test.WatchDog.cancel(): canceling Tue Jul 21 15:09:37 UTC 2020
------------------ testing $PTII/ptolemy/domains/de/test/auto/ThreadedComposite.xml
auto.tcl: Setting watchdog for 200 seconds at Tue Jul 21 15:09:37 UTC 2020
215 ms. Memory: 51200K Free: 13563K (26%)
ptolemy.util.test.WatchDog.cancel(): canceling Tue Jul 21 15:09:37 UTC 2020
auto.tcl: Setting watchdog for 200 seconds at Tue Jul 21 15:09:37 UTC 2020
163 ms. Memory: 51200K Free: 25621K (50%)
ptolemy.util.test.WatchDog.cancel(): canceling Tue Jul 21 15:09:37 UTC 2020
------------------ testing $PTII/ptolemy/domains/de/test/auto/Time.xml
auto.tcl: Setting watchdog for 200 seconds at Tue Jul 21 15:09:38 UTC 2020
489 ms. Memory: 75776K Free: 32579K (43%)
ptolemy.util.test.WatchDog.cancel(): canceling Tue Jul 21 15:09:38 UTC 2020
auto.tcl: Setting watchdog for 200 seconds at Tue Jul 21 15:09:38 UTC 2020
433 ms. Memory: 75776K Free: 22429K (30%)
ptolemy.util.test.WatchDog.cancel(): canceling Tue Jul 21 15:09:38 UTC 2020
------------------ testing $PTII/ptolemy/domains/de/test/auto/TimeDelayZeroDelay.xml
auto.tcl: Setting watchdog for 200 seconds at Tue Jul 21 15:09:39 UTC 2020
2 ms. Memory: 55296K Free: 37018K (67%)
ptolemy.util.test.WatchDog.cancel(): canceling Tue Jul 21 15:09:39 UTC 2020
auto.tcl: Setting watchdog for 200 seconds at Tue Jul 21 15:09:39 UTC 2020
2 ms. Memory: 55296K Free: 36112K (65%)
ptolemy.util.test.WatchDog.cancel(): canceling Tue Jul 21 15:09:39 UTC 2020
------------------ testing $PTII/ptolemy/domains/de/test/auto/TimerZeroDelay.xml
auto.tcl: Setting watchdog for 200 seconds at Tue Jul 21 15:09:39 UTC 2020
3 ms. Memory: 55296K Free: 36866K (67%)
ptolemy.util.test.WatchDog.cancel(): canceling Tue Jul 21 15:09:39 UTC 2020
auto.tcl: Setting watchdog for 200 seconds at Tue Jul 21 15:09:39 UTC 2020
2 ms. Memory: 55296K Free: 36141K (65%)
ptolemy.util.test.WatchDog.cancel(): canceling Tue Jul 21 15:09:39 UTC 2020
------------------ testing $PTII/ptolemy/domains/de/test/auto/TimingParadox.xml
auto.tcl: Setting watchdog for 200 seconds at Tue Jul 21 15:09:39 UTC 2020
346 ms. Memory: 55296K Free: 29238K (53%)
ptolemy.util.test.WatchDog.cancel(): canceling Tue Jul 21 15:09:39 UTC 2020
auto.tcl: Setting watchdog for 200 seconds at Tue Jul 21 15:09:39 UTC 2020
329 ms. Memory: 55296K Free: 21697K (39%)
ptolemy.util.test.WatchDog.cancel(): canceling Tue Jul 21 15:09:39 UTC 2020
------------------ testing $PTII/ptolemy/domains/de/test/auto/TransferInputs.xml
auto.tcl: Setting watchdog for 200 seconds at Tue Jul 21 15:09:39 UTC 2020
8 ms. Memory: 55296K Free: 35033K (63%)
ptolemy.util.test.WatchDog.cancel(): canceling Tue Jul 21 15:09:39 UTC 2020
auto.tcl: Setting watchdog for 200 seconds at Tue Jul 21 15:09:39 UTC 2020
2 ms. Memory: 55296K Free: 34098K (62%)
ptolemy.util.test.WatchDog.cancel(): canceling Tue Jul 21 15:09:39 UTC 2020
------------------ testing $PTII/ptolemy/domains/de/test/auto/TransferOutputs2.xml
auto.tcl: Setting watchdog for 200 seconds at Tue Jul 21 15:09:39 UTC 2020
3 ms. Memory: 55296K Free: 32513K (59%)
ptolemy.util.test.WatchDog.cancel(): canceling Tue Jul 21 15:09:40 UTC 2020
auto.tcl: Setting watchdog for 200 seconds at Tue Jul 21 15:09:40 UTC 2020
3 ms. Memory: 55296K Free: 30998K (56%)
ptolemy.util.test.WatchDog.cancel(): canceling Tue Jul 21 15:09:40 UTC 2020
------------------ testing $PTII/ptolemy/domains/de/test/auto/Trilateration.xml
auto.tcl: Setting watchdog for 200 seconds at Tue Jul 21 15:09:40 UTC 2020
12924 ms. Memory: 384000K Free: 231796K (60%)
ptolemy.util.test.WatchDog.cancel(): canceling Tue Jul 21 15:09:54 UTC 2020
auto.tcl: Setting watchdog for 200 seconds at Tue Jul 21 15:09:54 UTC 2020
9306 ms. Memory: 384000K Free: 334655K (87%)
ptolemy.util.test.WatchDog.cancel(): canceling Tue Jul 21 15:10:03 UTC 2020
------------------ testing $PTII/ptolemy/domains/de/test/auto/TwoSigmaDelta.xml
auto.tcl: Setting watchdog for 200 seconds at Tue Jul 21 15:10:03 UTC 2020
2284 ms. Memory: 89088K Free: 15234K (17%)
ptolemy.util.test.WatchDog.cancel(): canceling Tue Jul 21 15:10:05 UTC 2020
auto.tcl: Setting watchdog for 200 seconds at Tue Jul 21 15:10:05 UTC 2020
1656 ms. Memory: 89088K Free: 14750K (17%)
ptolemy.util.test.WatchDog.cancel(): canceling Tue Jul 21 15:10:07 UTC 2020
------------------ testing $PTII/ptolemy/domains/de/test/auto/VariableDelay.xml
auto.tcl: Setting watchdog for 200 seconds at Tue Jul 21 15:10:07 UTC 2020
3 ms. Memory: 51200K Free: 31415K (61%)
ptolemy.util.test.WatchDog.cancel(): canceling Tue Jul 21 15:10:07 UTC 2020
auto.tcl: Setting watchdog for 200 seconds at Tue Jul 21 15:10:07 UTC 2020
2 ms. Memory: 51200K Free: 30421K (59%)
ptolemy.util.test.WatchDog.cancel(): canceling Tue Jul 21 15:10:07 UTC 2020
------------------ testing $PTII/ptolemy/domains/de/test/auto/VariableDelay2.xml
auto.tcl: Setting watchdog for 200 seconds at Tue Jul 21 15:10:07 UTC 2020
2 ms. Memory: 51200K Free: 31829K (62%)
ptolemy.util.test.WatchDog.cancel(): canceling Tue Jul 21 15:10:07 UTC 2020
auto.tcl: Setting watchdog for 200 seconds at Tue Jul 21 15:10:07 UTC 2020
2 ms. Memory: 51200K Free: 31331K (61%)
ptolemy.util.test.WatchDog.cancel(): canceling Tue Jul 21 15:10:07 UTC 2020
------------------ testing $PTII/ptolemy/domains/de/test/auto/VariableDelayZeroDelay.xml
auto.tcl: Setting watchdog for 200 seconds at Tue Jul 21 15:10:07 UTC 2020
2 ms. Memory: 51200K Free: 32357K (63%)
ptolemy.util.test.WatchDog.cancel(): canceling Tue Jul 21 15:10:07 UTC 2020
auto.tcl: Setting watchdog for 200 seconds at Tue Jul 21 15:10:07 UTC 2020
2 ms. Memory: 51200K Free: 31839K (62%)
ptolemy.util.test.WatchDog.cancel(): canceling Tue Jul 21 15:10:07 UTC 2020
------------------ testing $PTII/ptolemy/domains/de/test/auto/VariableDelayZeroDelay2.xml
auto.tcl: Setting watchdog for 200 seconds at Tue Jul 21 15:10:07 UTC 2020
4 ms. Memory: 51200K Free: 32356K (63%)
ptolemy.util.test.WatchDog.cancel(): canceling Tue Jul 21 15:10:07 UTC 2020
auto.tcl: Setting watchdog for 200 seconds at Tue Jul 21 15:10:07 UTC 2020
2 ms. Memory: 51200K Free: 31351K (61%)
ptolemy.util.test.WatchDog.cancel(): canceling Tue Jul 21 15:10:07 UTC 2020
------------------ testing $PTII/ptolemy/domains/de/test/auto/deInCt.xml
auto.tcl: Setting watchdog for 200 seconds at Tue Jul 21 15:10:07 UTC 2020
0
1
1
1
0
0
0
1
1
1
0
0
0
1
1
1
1
1
0
0
0
1
1
1
0
0
0
1
1
1
0
0
0
0
0
8 ms. Memory: 51200K Free: 31329K (61%)
ptolemy.util.test.WatchDog.cancel(): canceling Tue Jul 21 15:10:07 UTC 2020
auto.tcl: Setting watchdog for 200 seconds at Tue Jul 21 15:10:07 UTC 2020
0
1
1
1
0
0
0
1
1
1
1
0
0
0
0
1
1
0
0
0
1
1
1
0
0
1
1
0
0
0
1
1
1
1
1
1
0
0
0
0
0
5 ms. Memory: 51200K Free: 29809K (58%)
ptolemy.util.test.WatchDog.cancel(): canceling Tue Jul 21 15:10:07 UTC 2020
------------------ testing $PTII/ptolemy/domains/de/test/auto/deInCt2.xml
auto.tcl: Setting watchdog for 200 seconds at Tue Jul 21 15:10:08 UTC 2020
0
1
1
1
0
0
1
1
1
0
0
1
1
1
0
0
1
1
1
0
0
1
1
1
0
0
1
1
1
0
0
1
1
1
0
0
1
1
1
0
0
0
9 ms. Memory: 51200K Free: 31332K (61%)
ptolemy.util.test.WatchDog.cancel(): canceling Tue Jul 21 15:10:08 UTC 2020
auto.tcl: Setting watchdog for 200 seconds at Tue Jul 21 15:10:08 UTC 2020
0
1
1
1
0
0
1
1
1
0
0
1
1
1
0
0
1
1
1
0
0
1
1
1
0
0
1
1
1
0
0
1
1
1
0
0
1
1
1
0
0
0
8 ms. Memory: 51200K Free: 29790K (58%)
ptolemy.util.test.WatchDog.cancel(): canceling Tue Jul 21 15:10:08 UTC 2020
------------------ testing $PTII/ptolemy/domains/de/test/auto/dynamicCausalityInterface1.xml
auto.tcl: Setting watchdog for 200 seconds at Tue Jul 21 15:10:08 UTC 2020
2 ms. Memory: 51200K Free: 26630K (52%)
ptolemy.util.test.WatchDog.cancel(): canceling Tue Jul 21 15:10:08 UTC 2020
auto.tcl: Setting watchdog for 200 seconds at Tue Jul 21 15:10:08 UTC 2020
1 ms. Memory: 51200K Free: 26630K (52%)
ptolemy.util.test.WatchDog.cancel(): canceling Tue Jul 21 15:10:08 UTC 2020
------------------ testing $PTII/ptolemy/domains/de/test/auto/fsm_de_test.xml
auto.tcl: Setting watchdog for 200 seconds at Tue Jul 21 15:10:08 UTC 2020
9 ms. Memory: 51200K Free: 27128K (53%)
ptolemy.util.test.WatchDog.cancel(): canceling Tue Jul 21 15:10:08 UTC 2020
auto.tcl: Setting watchdog for 200 seconds at Tue Jul 21 15:10:08 UTC 2020
6 ms. Memory: 51200K Free: 25080K (49%)
ptolemy.util.test.WatchDog.cancel(): canceling Tue Jul 21 15:10:08 UTC 2020
------------------ testing $PTII/ptolemy/domains/de/test/auto/functionDependencyReconstruction.xml
auto.tcl: Setting watchdog for 200 seconds at Tue Jul 21 15:10:08 UTC 2020
3 ms. Memory: 51200K Free: 20974K (41%)
ptolemy.util.test.WatchDog.cancel(): canceling Tue Jul 21 15:10:08 UTC 2020
auto.tcl: Setting watchdog for 200 seconds at Tue Jul 21 15:10:08 UTC 2020
3 ms. Memory: 51200K Free: 18926K (37%)
ptolemy.util.test.WatchDog.cancel(): canceling Tue Jul 21 15:10:08 UTC 2020
------------------ testing $PTII/ptolemy/domains/de/test/auto/multirate.xml
auto.tcl: Setting watchdog for 200 seconds at Tue Jul 21 15:10:08 UTC 2020
5 ms. Memory: 51200K Free: 29703K (58%)
ptolemy.util.test.WatchDog.cancel(): canceling Tue Jul 21 15:10:08 UTC 2020
auto.tcl: Setting watchdog for 200 seconds at Tue Jul 21 15:10:08 UTC 2020
3 ms. Memory: 51200K Free: 28024K (55%)
ptolemy.util.test.WatchDog.cancel(): canceling Tue Jul 21 15:10:08 UTC 2020
------------------ testing $PTII/ptolemy/domains/de/test/auto/multirate2.xml
auto.tcl: Setting watchdog for 200 seconds at Tue Jul 21 15:10:08 UTC 2020
4 ms. Memory: 51200K Free: 29725K (58%)
ptolemy.util.test.WatchDog.cancel(): canceling Tue Jul 21 15:10:08 UTC 2020
auto.tcl: Setting watchdog for 200 seconds at Tue Jul 21 15:10:08 UTC 2020
2 ms. Memory: 51200K Free: 28205K (55%)
ptolemy.util.test.WatchDog.cancel(): canceling Tue Jul 21 15:10:08 UTC 2020
------------------ testing $PTII/ptolemy/domains/de/test/auto/realtime.xml
auto.tcl: Setting watchdog for 200 seconds at Tue Jul 21 15:10:08 UTC 2020
10001 ms. Memory: 51200K Free: 31989K (62%)
ptolemy.util.test.WatchDog.cancel(): canceling Tue Jul 21 15:10:18 UTC 2020
auto.tcl: Setting watchdog for 200 seconds at Tue Jul 21 15:10:18 UTC 2020
10001 ms. Memory: 51200K Free: 31276K (61%)
ptolemy.util.test.WatchDog.cancel(): canceling Tue Jul 21 15:10:28 UTC 2020
------------------ testing $PTII/ptolemy/domains/de/test/auto/relationGroup.xml
auto.tcl: Setting watchdog for 200 seconds at Tue Jul 21 15:10:28 UTC 2020
2 ms. Memory: 51200K Free: 33068K (65%)
ptolemy.util.test.WatchDog.cancel(): canceling Tue Jul 21 15:10:28 UTC 2020
auto.tcl: Setting watchdog for 200 seconds at Tue Jul 21 15:10:28 UTC 2020
2 ms. Memory: 51200K Free: 32355K (63%)
ptolemy.util.test.WatchDog.cancel(): canceling Tue Jul 21 15:10:28 UTC 2020
------------------ testing $PTII/ptolemy/domains/de/test/auto/relationGroup2.xml
auto.tcl: Setting watchdog for 200 seconds at Tue Jul 21 15:10:28 UTC 2020
1 ms. Memory: 51200K Free: 32890K (64%)
ptolemy.util.test.WatchDog.cancel(): canceling Tue Jul 21 15:10:28 UTC 2020
auto.tcl: Setting watchdog for 200 seconds at Tue Jul 21 15:10:28 UTC 2020
1 ms. Memory: 51200K Free: 32390K (63%)
ptolemy.util.test.WatchDog.cancel(): canceling Tue Jul 21 15:10:28 UTC 2020
------------------ testing $PTII/ptolemy/domains/de/test/auto/sortWithOpaquePorts.xml
auto.tcl: Setting watchdog for 200 seconds at Tue Jul 21 15:10:28 UTC 2020
2 ms. Memory: 51200K Free: 31867K (62%)
ptolemy.util.test.WatchDog.cancel(): canceling Tue Jul 21 15:10:28 UTC 2020
auto.tcl: Setting watchdog for 200 seconds at Tue Jul 21 15:10:28 UTC 2020
3 ms. Memory: 51200K Free: 30357K (59%)
ptolemy.util.test.WatchDog.cancel(): canceling Tue Jul 21 15:10:28 UTC 2020
------------------ testing $PTII/ptolemy/domains/de/test/auto/transferInputsandOutputs.xml
auto.tcl: Setting watchdog for 200 seconds at Tue Jul 21 15:10:28 UTC 2020
5 ms. Memory: 51200K Free: 29297K (57%)
ptolemy.util.test.WatchDog.cancel(): canceling Tue Jul 21 15:10:28 UTC 2020
auto.tcl: Setting watchdog for 200 seconds at Tue Jul 21 15:10:28 UTC 2020
3 ms. Memory: 51200K Free: 28280K (55%)
ptolemy.util.test.WatchDog.cancel(): canceling Tue Jul 21 15:10:28 UTC 2020
------------------ testing $PTII/ptolemy/domains/de/test/auto/triggerType.xml
auto.tcl: Setting watchdog for 200 seconds at Tue Jul 21 15:10:28 UTC 2020
3 ms. Memory: 51200K Free: 32321K (63%)
ptolemy.util.test.WatchDog.cancel(): canceling Tue Jul 21 15:10:28 UTC 2020
auto.tcl: Setting watchdog for 200 seconds at Tue Jul 21 15:10:28 UTC 2020
2 ms. Memory: 51200K Free: 31297K (61%)
ptolemy.util.test.WatchDog.cancel(): canceling Tue Jul 21 15:10:28 UTC 2020
07/21/20 03:10:28
Failed: 0  Total Tests: 192  ((Passed: 187, Newly Passed: 1)  Known Failed: 5) /home/travis/build/icyphy/ptII/ptolemy/domains/de/test
07/21/20 03:10:28
Failed: 0  Total Tests: 192  ((Passed: 187, Newly Passed: 1)  Known Failed: 5) /home/travis/build/icyphy/ptII/ptolemy/domains/de/test
----------------- testing (KnownFailure) /home/travis/build/icyphy/ptII/ptolemy/domains/de/test/auto/knownFailedTests/DESDFClockTest.xml
2012 ms. Memory: 51200K Free: 25716K (50%)
Known Failure: java.lang.reflect.InvocationTargetException
----------------- testing (KnownFailure) /home/travis/build/icyphy/ptII/ptolemy/domains/de/test/auto/knownFailedTests/DirectFeedback.xml
2 ms. Memory: 51200K Free: 21620K (42%)
Known Failure: java.lang.reflect.InvocationTargetException
----------------- testing (KnownFailure) /home/travis/build/icyphy/ptII/ptolemy/domains/de/test/auto/knownFailedTests/FSMSource.xml
14 ms. Memory: 51200K Free: 13942K (27%)
----------------- testing (KnownFailure) /home/travis/build/icyphy/ptII/ptolemy/domains/de/test/auto/knownFailedTests/HierarchicalModel.xml
3 ms. Memory: 51200K Free: 26149K (51%)
Known Failure: java.lang.reflect.InvocationTargetException
----------------- testing (KnownFailure) /home/travis/build/icyphy/ptII/ptolemy/domains/de/test/auto/knownFailedTests/dependencyLoop.xml
8 ms. Memory: 51200K Free: 10813K (21%)
Known Failure: java.lang.reflect.InvocationTargetException
----------------- testing (KnownFailure) /home/travis/build/icyphy/ptII/ptolemy/domains/de/test/auto/knownFailedTests/dependencyLoop2.xml
7 ms. Memory: 51200K Free: 23401K (46%)
Known Failure: java.lang.reflect.InvocationTargetException
No auto/linux-amd64/*.xml tests in /home/travis/build/icyphy/ptII/ptolemy/domains/de/test
AutoTests.java: About to close Vertx.
AutoTests.java: Vertx closed.

===========================================================================================
----------------- testing Tue Jul 21 15:10:31 UTC 2020 /home/travis/build/icyphy/ptII/ptolemy/domains/de/test/auto/ActorDepthCalculation_actorWithoutPorts.xml
----------------- Instantiating /home/travis/build/icyphy/ptII/ptolemy/domains/de/test/auto/ActorDepthCalculation_actorWithoutPorts.xml
1 ms. Memory: 51200K Free: 16664K (33%)
----------------- Invoking toplevel() on ptolemy.moml.MoMLSimpleApplication@57e33837
----------------- Done invoking toplevel() on ptolemy.moml.MoMLSimpleApplication@57e33837
reloadAllAccessors: .ActorDepthCalculation_actorWithoutPorts

===========================================================================================
----------------- testing Tue Jul 21 15:10:31 UTC 2020 /home/travis/build/icyphy/ptII/ptolemy/domains/de/test/auto/AssemblyLine.xml
----------------- Instantiating /home/travis/build/icyphy/ptII/ptolemy/domains/de/test/auto/AssemblyLine.xml
3 ms. Memory: 51200K Free: 9366K (18%)
----------------- Invoking toplevel() on ptolemy.moml.MoMLSimpleApplication@f335d6e
----------------- Done invoking toplevel() on ptolemy.moml.MoMLSimpleApplication@f335d6e
reloadAllAccessors: .AssemblyLine

===========================================================================================
----------------- testing Tue Jul 21 15:10:31 UTC 2020 /home/travis/build/icyphy/ptII/ptolemy/domains/de/test/auto/CQBug1.xml
----------------- Instantiating /home/travis/build/icyphy/ptII/ptolemy/domains/de/test/auto/CQBug1.xml
2 ms. Memory: 51200K Free: 34224K (67%)
----------------- Invoking toplevel() on ptolemy.moml.MoMLSimpleApplication@2e760fbf
----------------- Done invoking toplevel() on ptolemy.moml.MoMLSimpleApplication@2e760fbf
reloadAllAccessors: .CQBug1

===========================================================================================
----------------- testing Tue Jul 21 15:10:31 UTC 2020 /home/travis/build/icyphy/ptII/ptolemy/domains/de/test/auto/CancelFireAt.xml
----------------- Instantiating /home/travis/build/icyphy/ptII/ptolemy/domains/de/test/auto/CancelFireAt.xml
14 ms. Memory: 51200K Free: 31802K (62%)
----------------- Invoking toplevel() on ptolemy.moml.MoMLSimpleApplication@6dd55036
----------------- Done invoking toplevel() on ptolemy.moml.MoMLSimpleApplication@6dd55036
reloadAllAccessors: .CancelFireAt

===========================================================================================
----------------- testing Tue Jul 21 15:10:31 UTC 2020 /home/travis/build/icyphy/ptII/ptolemy/domains/de/test/auto/CausalityAndComposabilityAnalysis.xml
----------------- Instantiating /home/travis/build/icyphy/ptII/ptolemy/domains/de/test/auto/CausalityAndComposabilityAnalysis.xml
2 ms. Memory: 51200K Free: 27405K (54%)
----------------- Invoking toplevel() on ptolemy.moml.MoMLSimpleApplication@fe2a384
----------------- Done invoking toplevel() on ptolemy.moml.MoMLSimpleApplication@fe2a384
reloadAllAccessors: .CausalityAndComposabilityAnalysis

===========================================================================================
----------------- testing Tue Jul 21 15:10:31 UTC 2020 /home/travis/build/icyphy/ptII/ptolemy/domains/de/test/auto/CausalityInterface1.xml
----------------- Instantiating /home/travis/build/icyphy/ptII/ptolemy/domains/de/test/auto/CausalityInterface1.xml
5 ms. Memory: 51200K Free: 22600K (44%)
----------------- Invoking toplevel() on ptolemy.moml.MoMLSimpleApplication@45c88a7b
----------------- Done invoking toplevel() on ptolemy.moml.MoMLSimpleApplication@45c88a7b
reloadAllAccessors: .CausalityInterface1

===========================================================================================
----------------- testing Tue Jul 21 15:10:31 UTC 2020 /home/travis/build/icyphy/ptII/ptolemy/domains/de/test/auto/CausalityInterface15.xml
----------------- Instantiating /home/travis/build/icyphy/ptII/ptolemy/domains/de/test/auto/CausalityInterface15.xml
2 ms. Memory: 51200K Free: 17149K (33%)
----------------- Invoking toplevel() on ptolemy.moml.MoMLSimpleApplication@de3f23d
----------------- Done invoking toplevel() on ptolemy.moml.MoMLSimpleApplication@de3f23d
reloadAllAccessors: .CausalityInterface15

===========================================================================================
----------------- testing Tue Jul 21 15:10:31 UTC 2020 /home/travis/build/icyphy/ptII/ptolemy/domains/de/test/auto/CausalityInterface2.xml
----------------- Instantiating /home/travis/build/icyphy/ptII/ptolemy/domains/de/test/auto/CausalityInterface2.xml
2 ms. Memory: 51200K Free: 12638K (25%)
[...]
	at ptolemy.actor.Manager.run(Manager.java:1263)
	at ptolemy.actor.Manager$PtolemyRunThread.run(Manager.java:1933)
java.lang.RuntimeException: Execution failed
	at ptolemy.moml.MoMLSimpleApplication$UnloadThread.run(MoMLSimpleApplication.java:402)
Caused by: ptolemy.kernel.util.IllegalActionException: Actor is not ready to fire.  Perhaps UpSample.prefire() returned false? Try debugging the actor by selecting "Listen to Actor".  Also, for SDF check moml for tokenConsumptionRate on input.
  in .DESDFClockTest.Play Bell.Copy1:SDF Director and .DESDFClockTest.Play Bell.UpSample
	at ptolemy.actor.sched.StaticSchedulingDirector.fire(StaticSchedulingDirector.java:227)
	at ptolemy.domains.sdf.kernel.SDFDirector.fire(SDFDirector.java:500)
	at ptolemy.actor.CompositeActor.fire(CompositeActor.java:455)
	at ptolemy.domains.de.kernel.DEDirector._fire(DEDirector.java:1949)
	at ptolemy.domains.de.kernel.DEDirector.fire(DEDirector.java:502)
	at ptolemy.actor.CompositeActor.fire(CompositeActor.java:455)
	at ptolemy.actor.Manager.iterate(Manager.java:851)
	at ptolemy.actor.Manager.execute(Manager.java:369)
	at ptolemy.actor.Manager.run(Manager.java:1263)
	at ptolemy.actor.Manager$PtolemyRunThread.run(Manager.java:1933)
java.lang.reflect.InvocationTargetException
	at java.base/jdk.internal.reflect.NativeConstructorAccessorImpl.newInstance0(Native Method)
	at java.base/jdk.internal.reflect.NativeConstructorAccessorImpl.newInstance(NativeConstructorAccessorImpl.java:62)
	at java.base/jdk.internal.reflect.DelegatingConstructorAccessorImpl.newInstance(DelegatingConstructorAccessorImpl.java:45)
	at java.base/java.lang.reflect.Constructor.newInstance(Constructor.java:490)
	at ptolemy.util.test.junit.AutoKnownFailedTests.RunModel(AutoKnownFailedTests.java:105)
	at java.base/jdk.internal.reflect.NativeMethodAccessorImpl.invoke0(Native Method)
	at java.base/jdk.internal.reflect.NativeMethodAccessorImpl.invoke(NativeMethodAccessorImpl.java:62)
	at java.base/jdk.internal.reflect.DelegatingMethodAccessorImpl.invoke(DelegatingMethodAccessorImpl.java:43)
	at java.base/java.lang.reflect.Method.invoke(Method.java:566)
	at org.junit.runners.model.FrameworkMethod$1.runReflectiveCall(FrameworkMethod.java:44)
	at org.junit.internal.runners.model.ReflectiveCallable.run(ReflectiveCallable.java:15)
	at org.junit.runners.model.FrameworkMethod.invokeExplosively(FrameworkMethod.java:41)
	at junitparams.internal.InvokeParameterisedMethod.evaluate(InvokeParameterisedMethod.java:102)
	at org.junit.internal.runners.statements.FailOnTimeout$1.run(FailOnTimeout.java:28)
Caused by: ptolemy.kernel.util.IllegalActionException: Actor is not ready to fire.  Perhaps UpSample.prefire() returned false? Try debugging the actor by selecting "Listen to Actor".  Also, for SDF check moml for tokenConsumptionRate on input.
  in .DESDFClockTest.Play Bell.Copy1:SDF Director and .DESDFClockTest.Play Bell.UpSample
	at ptolemy.actor.sched.StaticSchedulingDirector.fire(StaticSchedulingDirector.java:227)
	at ptolemy.domains.sdf.kernel.SDFDirector.fire(SDFDirector.java:500)
	at ptolemy.actor.CompositeActor.fire(CompositeActor.java:455)
	at ptolemy.domains.de.kernel.DEDirector._fire(DEDirector.java:1949)
	at ptolemy.domains.de.kernel.DEDirector.fire(DEDirector.java:502)
	at ptolemy.actor.CompositeActor.fire(CompositeActor.java:455)
	at ptolemy.actor.Manager.iterate(Manager.java:851)
	at ptolemy.actor.Manager.execute(Manager.java:369)
	at ptolemy.actor.Manager.run(Manager.java:1263)
	at ptolemy.actor.Manager$PtolemyRunThread.run(Manager.java:1933)
java.lang.RuntimeException: Execution failed
	at ptolemy.moml.MoMLSimpleApplication$UnloadThread.run(MoMLSimpleApplication.java:402)
Caused by: ptolemy.kernel.util.IllegalActionException: Test fails in iteration 1.
Value was: 1.0. Should have been: 2.0
  in .DirectFeedback.Test
	at ptolemy.actor.lib.Test.fire(Test.java:268)
	at ptolemy.domains.de.kernel.DEDirector._fire(DEDirector.java:1949)
	at ptolemy.domains.de.kernel.DEDirector.fire(DEDirector.java:502)
	at ptolemy.actor.CompositeActor.fire(CompositeActor.java:455)
	at ptolemy.actor.Manager.iterate(Manager.java:851)
	at ptolemy.actor.Manager.execute(Manager.java:369)
	at ptolemy.actor.Manager.run(Manager.java:1263)
	at ptolemy.actor.Manager$PtolemyRunThread.run(Manager.java:1933)
java.lang.reflect.InvocationTargetException
	at java.base/jdk.internal.reflect.NativeConstructorAccessorImpl.newInstance0(Native Method)
	at java.base/jdk.internal.reflect.NativeConstructorAccessorImpl.newInstance(NativeConstructorAccessorImpl.java:62)
	at java.base/jdk.internal.reflect.DelegatingConstructorAccessorImpl.newInstance(DelegatingConstructorAccessorImpl.java:45)
	at java.base/java.lang.reflect.Constructor.newInstance(Constructor.java:490)
	at ptolemy.util.test.junit.AutoKnownFailedTests.RunModel(AutoKnownFailedTests.java:105)
	at java.base/jdk.internal.reflect.NativeMethodAccessorImpl.invoke0(Native Method)
	at java.base/jdk.internal.reflect.NativeMethodAccessorImpl.invoke(NativeMethodAccessorImpl.java:62)
	at java.base/jdk.internal.reflect.DelegatingMethodAccessorImpl.invoke(DelegatingMethodAccessorImpl.java:43)
	at java.base/java.lang.reflect.Method.invoke(Method.java:566)
	at org.junit.runners.model.FrameworkMethod$1.runReflectiveCall(FrameworkMethod.java:44)
	at org.junit.internal.runners.model.ReflectiveCallable.run(ReflectiveCallable.java:15)
	at org.junit.runners.model.FrameworkMethod.invokeExplosively(FrameworkMethod.java:41)
	at junitparams.internal.InvokeParameterisedMethod.evaluate(InvokeParameterisedMethod.java:102)
	at org.junit.internal.runners.statements.FailOnTimeout$1.run(FailOnTimeout.java:28)
Caused by: ptolemy.kernel.util.IllegalActionException: Test fails in iteration 1.
Value was: 1.0. Should have been: 2.0
  in .DirectFeedback.Test
	at ptolemy.actor.lib.Test.fire(Test.java:268)
	at ptolemy.domains.de.kernel.DEDirector._fire(DEDirector.java:1949)
	at ptolemy.domains.de.kernel.DEDirector.fire(DEDirector.java:502)
	at ptolemy.actor.CompositeActor.fire(CompositeActor.java:455)
	at ptolemy.actor.Manager.iterate(Manager.java:851)
	at ptolemy.actor.Manager.execute(Manager.java:369)
	at ptolemy.actor.Manager.run(Manager.java:1263)
	at ptolemy.actor.Manager$PtolemyRunThread.run(Manager.java:1933)
java.lang.RuntimeException: Execution failed
	at ptolemy.moml.MoMLSimpleApplication$UnloadThread.run(MoMLSimpleApplication.java:402)
Caused by: ptolemy.kernel.util.IllegalActionException: Found a zero delay loop containing .HierarchicalModel.A
  in .HierarchicalModel and .HierarchicalModel.A
	at ptolemy.actor.util.CausalityInterfaceForComposites._computeOutputPortDepth(CausalityInterfaceForComposites.java:759)
	at ptolemy.actor.util.CausalityInterfaceForComposites._computeInputDepth(CausalityInterfaceForComposites.java:696)
	at ptolemy.actor.util.CausalityInterfaceForComposites._computeOutputPortDepth(CausalityInterfaceForComposites.java:765)
	at ptolemy.actor.util.CausalityInterfaceForComposites._computeInputDepth(CausalityInterfaceForComposites.java:696)
	at ptolemy.actor.util.CausalityInterfaceForComposites._computeOutputPortDepth(CausalityInterfaceForComposites.java:765)
	at ptolemy.actor.util.CausalityInterfaceForComposites._computeInputDepth(CausalityInterfaceForComposites.java:696)
	at ptolemy.actor.util.CausalityInterfaceForComposites._computeActorDepth(CausalityInterfaceForComposites.java:532)
	at ptolemy.actor.util.CausalityInterfaceForComposites.checkForCycles(CausalityInterfaceForComposites.java:96)
	at ptolemy.domains.de.kernel.DEDirector.preinitialize(DEDirector.java:1338)
	at ptolemy.actor.CompositeActor.preinitialize(CompositeActor.java:1828)
	at ptolemy.actor.Manager.preinitializeAndResolveTypes(Manager.java:1040)
	at ptolemy.actor.Manager.initialize(Manager.java:710)
	at ptolemy.actor.Manager.execute(Manager.java:356)
	at ptolemy.actor.Manager.run(Manager.java:1263)
	at ptolemy.actor.Manager$PtolemyRunThread.run(Manager.java:1933)
java.lang.reflect.InvocationTargetException
	at java.base/jdk.internal.reflect.NativeConstructorAccessorImpl.newInstance0(Native Method)
	at java.base/jdk.internal.reflect.NativeConstructorAccessorImpl.newInstance(NativeConstructorAccessorImpl.java:62)
	at java.base/jdk.internal.reflect.DelegatingConstructorAccessorImpl.newInstance(DelegatingConstructorAccessorImpl.java:45)
	at java.base/java.lang.reflect.Constructor.newInstance(Constructor.java:490)
	at ptolemy.util.test.junit.AutoKnownFailedTests.RunModel(AutoKnownFailedTests.java:105)
	at java.base/jdk.internal.reflect.NativeMethodAccessorImpl.invoke0(Native Method)
	at java.base/jdk.internal.reflect.NativeMethodAccessorImpl.invoke(NativeMethodAccessorImpl.java:62)
	at java.base/jdk.internal.reflect.DelegatingMethodAccessorImpl.invoke(DelegatingMethodAccessorImpl.java:43)
	at java.base/java.lang.reflect.Method.invoke(Method.java:566)
	at org.junit.runners.model.FrameworkMethod$1.runReflectiveCall(FrameworkMethod.java:44)
	at org.junit.internal.runners.model.ReflectiveCallable.run(ReflectiveCallable.java:15)
	at org.junit.runners.model.FrameworkMethod.invokeExplosively(FrameworkMethod.java:41)
	at junitparams.internal.InvokeParameterisedMethod.evaluate(InvokeParameterisedMethod.java:102)
	at org.junit.internal.runners.statements.FailOnTimeout$1.run(FailOnTimeout.java:28)
Caused by: ptolemy.kernel.util.IllegalActionException: Found a zero delay loop containing .HierarchicalModel.A
  in .HierarchicalModel and .HierarchicalModel.A
	at ptolemy.actor.util.CausalityInterfaceForComposites._computeOutputPortDepth(CausalityInterfaceForComposites.java:759)
	at ptolemy.actor.util.CausalityInterfaceForComposites._computeInputDepth(CausalityInterfaceForComposites.java:696)
	at ptolemy.actor.util.CausalityInterfaceForComposites._computeOutputPortDepth(CausalityInterfaceForComposites.java:765)
	at ptolemy.actor.util.CausalityInterfaceForComposites._computeInputDepth(CausalityInterfaceForComposites.java:696)
	at ptolemy.actor.util.CausalityInterfaceForComposites._computeOutputPortDepth(CausalityInterfaceForComposites.java:765)
	at ptolemy.actor.util.CausalityInterfaceForComposites._computeInputDepth(CausalityInterfaceForComposites.java:696)
	at ptolemy.actor.util.CausalityInterfaceForComposites._computeActorDepth(CausalityInterfaceForComposites.java:532)
	at ptolemy.actor.util.CausalityInterfaceForComposites.checkForCycles(CausalityInterfaceForComposites.java:96)
	at ptolemy.domains.de.kernel.DEDirector.preinitialize(DEDirector.java:1338)
	at ptolemy.actor.CompositeActor.preinitialize(CompositeActor.java:1828)
	at ptolemy.actor.Manager.preinitializeAndResolveTypes(Manager.java:1040)
	at ptolemy.actor.Manager.initialize(Manager.java:710)
	at ptolemy.actor.Manager.execute(Manager.java:356)
	at ptolemy.actor.Manager.run(Manager.java:1263)
	at ptolemy.actor.Manager$PtolemyRunThread.run(Manager.java:1933)
java.lang.RuntimeException: Execution failed
	at ptolemy.moml.MoMLSimpleApplication$UnloadThread.run(MoMLSimpleApplication.java:402)
Caused by: ptolemy.kernel.util.IllegalActionException: Found a zero delay loop containing .dependencyLoop.original
  in .dependencyLoop and .dependencyLoop.original
	at ptolemy.actor.util.CausalityInterfaceForComposites._computeOutputPortDepth(CausalityInterfaceForComposites.java:759)
	at ptolemy.actor.util.CausalityInterfaceForComposites._computeInputDepth(CausalityInterfaceForComposites.java:696)
	at ptolemy.actor.util.CausalityInterfaceForComposites._computeOutputPortDepth(CausalityInterfaceForComposites.java:765)
	at ptolemy.actor.util.CausalityInterfaceForComposites._computeInputDepth(CausalityInterfaceForComposites.java:696)
	at ptolemy.actor.util.CausalityInterfaceForComposites._computeOutputPortDepth(CausalityInterfaceForComposites.java:765)
	at ptolemy.actor.util.CausalityInterfaceForComposites._computeInputDepth(CausalityInterfaceForComposites.java:696)
	at ptolemy.actor.util.CausalityInterfaceForComposites._computeActorDepth(CausalityInterfaceForComposites.java:532)
	at ptolemy.actor.util.CausalityInterfaceForComposites.checkForCycles(CausalityInterfaceForComposites.java:96)
	at ptolemy.domains.de.kernel.DEDirector.preinitialize(DEDirector.java:1338)
	at ptolemy.actor.CompositeActor.preinitialize(CompositeActor.java:1828)
	at ptolemy.actor.Manager.preinitializeAndResolveTypes(Manager.java:1040)
	at ptolemy.actor.Manager.initialize(Manager.java:710)
	at ptolemy.actor.Manager.execute(Manager.java:356)
	at ptolemy.actor.Manager.run(Manager.java:1263)
	at ptolemy.actor.Manager$PtolemyRunThread.run(Manager.java:1933)
java.lang.reflect.InvocationTargetException
	at java.base/jdk.internal.reflect.NativeConstructorAccessorImpl.newInstance0(Native Method)
	at java.base/jdk.internal.reflect.NativeConstructorAccessorImpl.newInstance(NativeConstructorAccessorImpl.java:62)
	at java.base/jdk.internal.reflect.DelegatingConstructorAccessorImpl.newInstance(DelegatingConstructorAccessorImpl.java:45)
	at java.base/java.lang.reflect.Constructor.newInstance(Constructor.java:490)
	at ptolemy.util.test.junit.AutoKnownFailedTests.RunModel(AutoKnownFailedTests.java:105)
	at java.base/jdk.internal.reflect.NativeMethodAccessorImpl.invoke0(Native Method)
	at java.base/jdk.internal.reflect.NativeMethodAccessorImpl.invoke(NativeMethodAccessorImpl.java:62)
	at java.base/jdk.internal.reflect.DelegatingMethodAccessorImpl.invoke(DelegatingMethodAccessorImpl.java:43)
	at java.base/java.lang.reflect.Method.invoke(Method.java:566)
	at org.junit.runners.model.FrameworkMethod$1.runReflectiveCall(FrameworkMethod.java:44)
	at org.junit.internal.runners.model.ReflectiveCallable.run(ReflectiveCallable.java:15)
	at org.junit.runners.model.FrameworkMethod.invokeExplosively(FrameworkMethod.java:41)
	at junitparams.internal.InvokeParameterisedMethod.evaluate(InvokeParameterisedMethod.java:102)
	at org.junit.internal.runners.statements.FailOnTimeout$1.run(FailOnTimeout.java:28)
Caused by: ptolemy.kernel.util.IllegalActionException: Found a zero delay loop containing .dependencyLoop.original
  in .dependencyLoop and .dependencyLoop.original
	at ptolemy.actor.util.CausalityInterfaceForComposites._computeOutputPortDepth(CausalityInterfaceForComposites.java:759)
	at ptolemy.actor.util.CausalityInterfaceForComposites._computeInputDepth(CausalityInterfaceForComposites.java:696)
	at ptolemy.actor.util.CausalityInterfaceForComposites._computeOutputPortDepth(CausalityInterfaceForComposites.java:765)
	at ptolemy.actor.util.CausalityInterfaceForComposites._computeInputDepth(CausalityInterfaceForComposites.java:696)
	at ptolemy.actor.util.CausalityInterfaceForComposites._computeOutputPortDepth(CausalityInterfaceForComposites.java:765)
	at ptolemy.actor.util.CausalityInterfaceForComposites._computeInputDepth(CausalityInterfaceForComposites.java:696)
	at ptolemy.actor.util.CausalityInterfaceForComposites._computeActorDepth(CausalityInterfaceForComposites.java:532)
	at ptolemy.actor.util.CausalityInterfaceForComposites.checkForCycles(CausalityInterfaceForComposites.java:96)
	at ptolemy.domains.de.kernel.DEDirector.preinitialize(DEDirector.java:1338)
	at ptolemy.actor.CompositeActor.preinitialize(CompositeActor.java:1828)
	at ptolemy.actor.Manager.preinitializeAndResolveTypes(Manager.java:1040)
	at ptolemy.actor.Manager.initialize(Manager.java:710)
	at ptolemy.actor.Manager.execute(Manager.java:356)
	at ptolemy.actor.Manager.run(Manager.java:1263)
	at ptolemy.actor.Manager$PtolemyRunThread.run(Manager.java:1933)
java.lang.RuntimeException: Execution failed
	at ptolemy.moml.MoMLSimpleApplication$UnloadThread.run(MoMLSimpleApplication.java:402)
Caused by: ptolemy.kernel.util.IllegalActionException: Found a zero delay loop containing .dependencyLoop2.original
  in .dependencyLoop2 and .dependencyLoop2.original
	at ptolemy.actor.util.CausalityInterfaceForComposites._computeOutputPortDepth(CausalityInterfaceForComposites.java:759)
	at ptolemy.actor.util.CausalityInterfaceForComposites._computeInputDepth(CausalityInterfaceForComposites.java:696)
	at ptolemy.actor.util.CausalityInterfaceForComposites._computeOutputPortDepth(CausalityInterfaceForComposites.java:765)
	at ptolemy.actor.util.CausalityInterfaceForComposites._computeInputDepth(CausalityInterfaceForComposites.java:696)
	at ptolemy.actor.util.CausalityInterfaceForComposites._computeOutputPortDepth(CausalityInterfaceForComposites.java:765)
	at ptolemy.actor.util.CausalityInterfaceForComposites._computeInputDepth(CausalityInterfaceForComposites.java:696)
	at ptolemy.actor.util.CausalityInterfaceForComposites._computeActorDepth(CausalityInterfaceForComposites.java:532)
	at ptolemy.actor.util.CausalityInterfaceForComposites.checkForCycles(CausalityInterfaceForComposites.java:96)
	at ptolemy.domains.de.kernel.DEDirector.preinitialize(DEDirector.java:1338)
	at ptolemy.actor.CompositeActor.preinitialize(CompositeActor.java:1828)
	at ptolemy.actor.Manager.preinitializeAndResolveTypes(Manager.java:1040)
	at ptolemy.actor.Manager.initialize(Manager.java:710)
	at ptolemy.actor.Manager.execute(Manager.java:356)
	at ptolemy.actor.Manager.run(Manager.java:1263)
	at ptolemy.actor.Manager$PtolemyRunThread.run(Manager.java:1933)
java.lang.reflect.InvocationTargetException
	at java.base/jdk.internal.reflect.NativeConstructorAccessorImpl.newInstance0(Native Method)
	at java.base/jdk.internal.reflect.NativeConstructorAccessorImpl.newInstance(NativeConstructorAccessorImpl.java:62)
	at java.base/jdk.internal.reflect.DelegatingConstructorAccessorImpl.newInstance(DelegatingConstructorAccessorImpl.java:45)
	at java.base/java.lang.reflect.Constructor.newInstance(Constructor.java:490)
	at ptolemy.util.test.junit.AutoKnownFailedTests.RunModel(AutoKnownFailedTests.java:105)
	at java.base/jdk.internal.reflect.NativeMethodAccessorImpl.invoke0(Native Method)
	at java.base/jdk.internal.reflect.NativeMethodAccessorImpl.invoke(NativeMethodAccessorImpl.java:62)
	at java.base/jdk.internal.reflect.DelegatingMethodAccessorImpl.invoke(DelegatingMethodAccessorImpl.java:43)
	at java.base/java.lang.reflect.Method.invoke(Method.java:566)
	at org.junit.runners.model.FrameworkMethod$1.runReflectiveCall(FrameworkMethod.java:44)
	at org.junit.internal.runners.model.ReflectiveCallable.run(ReflectiveCallable.java:15)
	at org.junit.runners.model.FrameworkMethod.invokeExplosively(FrameworkMethod.java:41)
	at junitparams.internal.InvokeParameterisedMethod.evaluate(InvokeParameterisedMethod.java:102)
	at org.junit.internal.runners.statements.FailOnTimeout$1.run(FailOnTimeout.java:28)
Caused by: ptolemy.kernel.util.IllegalActionException: Found a zero delay loop containing .dependencyLoop2.original
  in .dependencyLoop2 and .dependencyLoop2.original
	at ptolemy.actor.util.CausalityInterfaceForComposites._computeOutputPortDepth(CausalityInterfaceForComposites.java:759)
	at ptolemy.actor.util.CausalityInterfaceForComposites._computeInputDepth(CausalityInterfaceForComposites.java:696)
	at ptolemy.actor.util.CausalityInterfaceForComposites._computeOutputPortDepth(CausalityInterfaceForComposites.java:765)
	at ptolemy.actor.util.CausalityInterfaceForComposites._computeInputDepth(CausalityInterfaceForComposites.java:696)
	at ptolemy.actor.util.CausalityInterfaceForComposites._computeOutputPortDepth(CausalityInterfaceForComposites.java:765)
	at ptolemy.actor.util.CausalityInterfaceForComposites._computeInputDepth(CausalityInterfaceForComposites.java:696)
	at ptolemy.actor.util.CausalityInterfaceForComposites._computeActorDepth(CausalityInterfaceForComposites.java:532)
	at ptolemy.actor.util.CausalityInterfaceForComposites.checkForCycles(CausalityInterfaceForComposites.java:96)
	at ptolemy.domains.de.kernel.DEDirector.preinitialize(DEDirector.java:1338)
	at ptolemy.actor.CompositeActor.preinitialize(CompositeActor.java:1828)
	at ptolemy.actor.Manager.preinitializeAndResolveTypes(Manager.java:1040)
	at ptolemy.actor.Manager.initialize(Manager.java:710)
	at ptolemy.actor.Manager.execute(Manager.java:356)
	at ptolemy.actor.Manager.run(Manager.java:1263)
	at ptolemy.actor.Manager$PtolemyRunThread.run(Manager.java:1933)
]]></system-err>
</testsuite>
