<?xml version="1.0" encoding="UTF-8" ?>
<testsuite errors="0" failures="0" hostname="travis-job-a1e8633a-79d2-4f24-84e2-d3b0f9db5cde" name="ptolemy.domains.de.test.junit.JUnitTclTest" skipped="0" tests="101" time="119.351" timestamp="2020-01-15T06:43:07">
  <properties>
[...]
</properties>
  <testcase classname="ptolemy.util.test.junit.TclTests" name="[0] /home/travis/build/icyphy/ptII/ptolemy/domains/de/test/DependencyLoop.tcl (RunTclFile)" time="0.872" />
  <testcase classname="ptolemy.util.test.junit.TclTests" name="[1] /home/travis/build/icyphy/ptII/ptolemy/domains/de/test/RunDETestsAsQSS.tcl (RunTclFile)" time="80.947" />
  <testcase classname="ptolemy.util.test.junit.AutoKnownFailedTests" name="[0] /home/travis/build/icyphy/ptII/ptolemy/domains/de/test/auto/knownFailedTests/DESDFClockTest.xml (RunModel)" time="2.036" />
  <testcase classname="ptolemy.util.test.junit.AutoKnownFailedTests" name="[1] /home/travis/build/icyphy/ptII/ptolemy/domains/de/test/auto/knownFailedTests/DirectFeedback.xml (RunModel)" time="0.013" />
  <testcase classname="ptolemy.util.test.junit.AutoKnownFailedTests" name="[2] /home/travis/build/icyphy/ptII/ptolemy/domains/de/test/auto/knownFailedTests/FSMSource.xml (RunModel)" time="0.035" />
  <testcase classname="ptolemy.util.test.junit.AutoKnownFailedTests" name="[3] /home/travis/build/icyphy/ptII/ptolemy/domains/de/test/auto/knownFailedTests/HierarchicalModel.xml (RunModel)" time="0.045" />
  <testcase classname="ptolemy.util.test.junit.AutoKnownFailedTests" name="[4] /home/travis/build/icyphy/ptII/ptolemy/domains/de/test/auto/knownFailedTests/dependencyLoop.xml (RunModel)" time="0.039" />
  <testcase classname="ptolemy.util.test.junit.AutoKnownFailedTests" name="[5] /home/travis/build/icyphy/ptII/ptolemy/domains/de/test/auto/knownFailedTests/dependencyLoop2.xml (RunModel)" time="0.046" />
  <testcase classname="ptolemy.util.test.junit.AutoNameArchTests" name="[0] ThereAreNoAutoArchTests (RunModel)" time="0.001" />
  <testcase classname="ptolemy.util.test.junit.AutoTests" name="[0] /home/travis/build/icyphy/ptII/ptolemy/domains/de/test/auto/ActorDepthCalculation_actorWithoutPorts.xml (RunModel)" time="0.024" />
  <testcase classname="ptolemy.util.test.junit.AutoTests" name="[1] /home/travis/build/icyphy/ptII/ptolemy/domains/de/test/auto/AssemblyLine.xml (RunModel)" time="0.024" />
  <testcase classname="ptolemy.util.test.junit.AutoTests" name="[2] /home/travis/build/icyphy/ptII/ptolemy/domains/de/test/auto/CQBug1.xml (RunModel)" time="0.01" />
  <testcase classname="ptolemy.util.test.junit.AutoTests" name="[3] /home/travis/build/icyphy/ptII/ptolemy/domains/de/test/auto/CancelFireAt.xml (RunModel)" time="0.012" />
  <testcase classname="ptolemy.util.test.junit.AutoTests" name="[4] /home/travis/build/icyphy/ptII/ptolemy/domains/de/test/auto/CausalityAndComposabilityAnalysis.xml (RunModel)" time="0.012" />
  <testcase classname="ptolemy.util.test.junit.AutoTests" name="[5] /home/travis/build/icyphy/ptII/ptolemy/domains/de/test/auto/CausalityInterface1.xml (RunModel)" time="0.021" />
  <testcase classname="ptolemy.util.test.junit.AutoTests" name="[6] /home/travis/build/icyphy/ptII/ptolemy/domains/de/test/auto/CausalityInterface15.xml (RunModel)" time="0.016" />
  <testcase classname="ptolemy.util.test.junit.AutoTests" name="[7] /home/travis/build/icyphy/ptII/ptolemy/domains/de/test/auto/CausalityInterface2.xml (RunModel)" time="0.013" />
  <testcase classname="ptolemy.util.test.junit.AutoTests" name="[8] /home/travis/build/icyphy/ptII/ptolemy/domains/de/test/auto/CausalityInterface3.xml (RunModel)" time="0.017" />
  <testcase classname="ptolemy.util.test.junit.AutoTests" name="[9] /home/travis/build/icyphy/ptII/ptolemy/domains/de/test/auto/ClockDrift.xml (RunModel)" time="0.035" />
  <testcase classname="ptolemy.util.test.junit.AutoTests" name="[10] /home/travis/build/icyphy/ptII/ptolemy/domains/de/test/auto/ClockDriftAndValueChange.xml (RunModel)" time="0.029" />
  <testcase classname="ptolemy.util.test.junit.AutoTests" name="[11] /home/travis/build/icyphy/ptII/ptolemy/domains/de/test/auto/ClockDriftChange.xml (RunModel)" time="0.037" />
  <testcase classname="ptolemy.util.test.junit.AutoTests" name="[12] /home/travis/build/icyphy/ptII/ptolemy/domains/de/test/auto/ComposableCausalityAnalysis.xml (RunModel)" time="0.014" />
  <testcase classname="ptolemy.util.test.junit.AutoTests" name="[13] /home/travis/build/icyphy/ptII/ptolemy/domains/de/test/auto/DEFixedPointLimitation.xml (RunModel)" time="0.009" />
  <testcase classname="ptolemy.util.test.junit.AutoTests" name="[14] /home/travis/build/icyphy/ptII/ptolemy/domains/de/test/auto/DEScheduleTest.xml (RunModel)" time="0.013" />
  <testcase classname="ptolemy.util.test.junit.AutoTests" name="[15] /home/travis/build/icyphy/ptII/ptolemy/domains/de/test/auto/DEinDEwithStartTimes.xml (RunModel)" time="0.015" />
  <testcase classname="ptolemy.util.test.junit.AutoTests" name="[16] /home/travis/build/icyphy/ptII/ptolemy/domains/de/test/auto/DEinDEwithStartTimes2.xml (RunModel)" time="0.018" />
  <testcase classname="ptolemy.util.test.junit.AutoTests" name="[17] /home/travis/build/icyphy/ptII/ptolemy/domains/de/test/auto/DateDemo.xml (RunModel)" time="0.033" />
  <testcase classname="ptolemy.util.test.junit.AutoTests" name="[18] /home/travis/build/icyphy/ptII/ptolemy/domains/de/test/auto/DateToEvent.xml (RunModel)" time="2.042" />
  <testcase classname="ptolemy.util.test.junit.AutoTests" name="[19] /home/travis/build/icyphy/ptII/ptolemy/domains/de/test/auto/DepthTest1.xml (RunModel)" time="0.009" />
  <testcase classname="ptolemy.util.test.junit.AutoTests" name="[20] /home/travis/build/icyphy/ptII/ptolemy/domains/de/test/auto/DepthTest2.xml (RunModel)" time="0.019" />
  <testcase classname="ptolemy.util.test.junit.AutoTests" name="[21] /home/travis/build/icyphy/ptII/ptolemy/domains/de/test/auto/DepthTest3.xml (RunModel)" time="0.018" />
  <testcase classname="ptolemy.util.test.junit.AutoTests" name="[22] /home/travis/build/icyphy/ptII/ptolemy/domains/de/test/auto/DepthTest4.xml (RunModel)" time="0.012" />
  <testcase classname="ptolemy.util.test.junit.AutoTests" name="[23] /home/travis/build/icyphy/ptII/ptolemy/domains/de/test/auto/DepthTest5.xml (RunModel)" time="0.015" />
  <testcase classname="ptolemy.util.test.junit.AutoTests" name="[24] /home/travis/build/icyphy/ptII/ptolemy/domains/de/test/auto/DepthTest6.xml (RunModel)" time="0.014" />
  <testcase classname="ptolemy.util.test.junit.AutoTests" name="[25] /home/travis/build/icyphy/ptII/ptolemy/domains/de/test/auto/DepthTest7.xml (RunModel)" time="0.01" />
  <testcase classname="ptolemy.util.test.junit.AutoTests" name="[26] /home/travis/build/icyphy/ptII/ptolemy/domains/de/test/auto/EventToDate.xml (RunModel)" time="3.064" />
  <testcase classname="ptolemy.util.test.junit.AutoTests" name="[27] /home/travis/build/icyphy/ptII/ptolemy/domains/de/test/auto/FSM1.xml (RunModel)" time="0.037" />
  <testcase classname="ptolemy.util.test.junit.AutoTests" name="[28] /home/travis/build/icyphy/ptII/ptolemy/domains/de/test/auto/FSM7.xml (RunModel)" time="0.04" />
  <testcase classname="ptolemy.util.test.junit.AutoTests" name="[29] /home/travis/build/icyphy/ptII/ptolemy/domains/de/test/auto/Inspection.xml (RunModel)" time="0.043" />
  <testcase classname="ptolemy.util.test.junit.AutoTests" name="[30] /home/travis/build/icyphy/ptII/ptolemy/domains/de/test/auto/Iteration.xml (RunModel)" time="0.022" />
  <testcase classname="ptolemy.util.test.junit.AutoTests" name="[31] /home/travis/build/icyphy/ptII/ptolemy/domains/de/test/auto/LineFault.xml (RunModel)" time="0.533" />
  <testcase classname="ptolemy.util.test.junit.AutoTests" name="[32] /home/travis/build/icyphy/ptII/ptolemy/domains/de/test/auto/MergeModel1Add.xml (RunModel)" time="0.035" />
  <testcase classname="ptolemy.util.test.junit.AutoTests" name="[33] /home/travis/build/icyphy/ptII/ptolemy/domains/de/test/auto/MergeModel2Add.xml (RunModel)" time="0.038" />
  <testcase classname="ptolemy.util.test.junit.AutoTests" name="[34] /home/travis/build/icyphy/ptII/ptolemy/domains/de/test/auto/MergeModel3Add.xml (RunModel)" time="0.054" />
  <testcase classname="ptolemy.util.test.junit.AutoTests" name="[35] /home/travis/build/icyphy/ptII/ptolemy/domains/de/test/auto/MergeWithoutDiscard.xml (RunModel)" time="0.011" />
  <testcase classname="ptolemy.util.test.junit.AutoTests" name="[36] /home/travis/build/icyphy/ptII/ptolemy/domains/de/test/auto/Modal1.xml (RunModel)" time="0.035" />
  <testcase classname="ptolemy.util.test.junit.AutoTests" name="[37] /home/travis/build/icyphy/ptII/ptolemy/domains/de/test/auto/Modal2.xml (RunModel)" time="0.026" />
  <testcase classname="ptolemy.util.test.junit.AutoTests" name="[38] /home/travis/build/icyphy/ptII/ptolemy/domains/de/test/auto/Modal3.xml (RunModel)" time="0.026" />
  <testcase classname="ptolemy.util.test.junit.AutoTests" name="[39] /home/travis/build/icyphy/ptII/ptolemy/domains/de/test/auto/Modal4.xml (RunModel)" time="0.027" />
  <testcase classname="ptolemy.util.test.junit.AutoTests" name="[40] /home/travis/build/icyphy/ptII/ptolemy/domains/de/test/auto/Modal5.xml (RunModel)" time="0.033" />
  <testcase classname="ptolemy.util.test.junit.AutoTests" name="[41] /home/travis/build/icyphy/ptII/ptolemy/domains/de/test/auto/Modal6.xml (RunModel)" time="0.029" />
  <testcase classname="ptolemy.util.test.junit.AutoTests" name="[42] /home/travis/build/icyphy/ptII/ptolemy/domains/de/test/auto/Modal7.xml (RunModel)" time="0.025" />
  <testcase classname="ptolemy.util.test.junit.AutoTests" name="[43] /home/travis/build/icyphy/ptII/ptolemy/domains/de/test/auto/ModalModel.xml (RunModel)" time="0.166" />
  <testcase classname="ptolemy.util.test.junit.AutoTests" name="[44] /home/travis/build/icyphy/ptII/ptolemy/domains/de/test/auto/ModalSource.xml (RunModel)" time="0.019" />
  <testcase classname="ptolemy.util.test.junit.AutoTests" name="[45] /home/travis/build/icyphy/ptII/ptolemy/domains/de/test/auto/NonInterruptibleTimerZeroDelay.xml (RunModel)" time="0.013" />
  <testcase classname="ptolemy.util.test.junit.AutoTests" name="[46] /home/travis/build/icyphy/ptII/ptolemy/domains/de/test/auto/OpenQueueingNetwork.xml (RunModel)" time="2.307" />
  <testcase classname="ptolemy.util.test.junit.AutoTests" name="[47] /home/travis/build/icyphy/ptII/ptolemy/domains/de/test/auto/OpenQueuingNetwork.xml (RunModel)" time="0.256" />
  <testcase classname="ptolemy.util.test.junit.AutoTests" name="[48] /home/travis/build/icyphy/ptII/ptolemy/domains/de/test/auto/PeriodicSampler.xml (RunModel)" time="0.007" />
  <testcase classname="ptolemy.util.test.junit.AutoTests" name="[49] /home/travis/build/icyphy/ptII/ptolemy/domains/de/test/auto/PersistentIO.xml (RunModel)" time="0.025" />
  <testcase classname="ptolemy.util.test.junit.AutoTests" name="[50] /home/travis/build/icyphy/ptII/ptolemy/domains/de/test/auto/PortParameterResetOnInitialize.xml (RunModel)" time="0.012" />
  <testcase classname="ptolemy.util.test.junit.AutoTests" name="[51] /home/travis/build/icyphy/ptII/ptolemy/domains/de/test/auto/PortParameterUpdates.xml (RunModel)" time="0.014" />
  <testcase classname="ptolemy.util.test.junit.AutoTests" name="[52] /home/travis/build/icyphy/ptII/ptolemy/domains/de/test/auto/QueueAndServer.xml (RunModel)" time="0.019" />
  <testcase classname="ptolemy.util.test.junit.AutoTests" name="[53] /home/travis/build/icyphy/ptII/ptolemy/domains/de/test/auto/Records.xml (RunModel)" time="0.013" />
  <testcase classname="ptolemy.util.test.junit.AutoTests" name="[54] /home/travis/build/icyphy/ptII/ptolemy/domains/de/test/auto/ResetTransitionWithStartTime1.xml (RunModel)" time="0.018" />
  <testcase classname="ptolemy.util.test.junit.AutoTests" name="[55] /home/travis/build/icyphy/ptII/ptolemy/domains/de/test/auto/ResetTransitionWithStartTime2.xml (RunModel)" time="0.018" />
  <testcase classname="ptolemy.util.test.junit.AutoTests" name="[56] /home/travis/build/icyphy/ptII/ptolemy/domains/de/test/auto/ResetTransitionWithStartTime3.xml (RunModel)" time="0.015" />
  <testcase classname="ptolemy.util.test.junit.AutoTests" name="[57] /home/travis/build/icyphy/ptII/ptolemy/domains/de/test/auto/ResetTransitionWithStartTime4.xml (RunModel)" time="0.016" />
  <testcase classname="ptolemy.util.test.junit.AutoTests" name="[58] /home/travis/build/icyphy/ptII/ptolemy/domains/de/test/auto/ResettableTimer1.xml (RunModel)" time="0.009" />
  <testcase classname="ptolemy.util.test.junit.AutoTests" name="[59] /home/travis/build/icyphy/ptII/ptolemy/domains/de/test/auto/ResettableTimer2.xml (RunModel)" time="0.008" />
  <testcase classname="ptolemy.util.test.junit.AutoTests" name="[60] /home/travis/build/icyphy/ptII/ptolemy/domains/de/test/auto/ResettableTimer3.xml (RunModel)" time="0.008" />
  <testcase classname="ptolemy.util.test.junit.AutoTests" name="[61] /home/travis/build/icyphy/ptII/ptolemy/domains/de/test/auto/ResettableTimer4.xml (RunModel)" time="0.008" />
  <testcase classname="ptolemy.util.test.junit.AutoTests" name="[62] /home/travis/build/icyphy/ptII/ptolemy/domains/de/test/auto/ResettableTimer5.xml (RunModel)" time="0.008" />
  <testcase classname="ptolemy.util.test.junit.AutoTests" name="[63] /home/travis/build/icyphy/ptII/ptolemy/domains/de/test/auto/ResettableTimer6.xml (RunModel)" time="0.017" />
  <testcase classname="ptolemy.util.test.junit.AutoTests" name="[64] /home/travis/build/icyphy/ptII/ptolemy/domains/de/test/auto/ServerZeroDelay.xml (RunModel)" time="0.011" />
  <testcase classname="ptolemy.util.test.junit.AutoTests" name="[65] /home/travis/build/icyphy/ptII/ptolemy/domains/de/test/auto/SmartSender.xml (RunModel)" time="3.007" />
  <testcase classname="ptolemy.util.test.junit.AutoTests" name="[66] /home/travis/build/icyphy/ptII/ptolemy/domains/de/test/auto/ThreadedComposite.xml (RunModel)" time="0.113" />
  <testcase classname="ptolemy.util.test.junit.AutoTests" name="[67] /home/travis/build/icyphy/ptII/ptolemy/domains/de/test/auto/Time.xml (RunModel)" time="0.337" />
  <testcase classname="ptolemy.util.test.junit.AutoTests" name="[68] /home/travis/build/icyphy/ptII/ptolemy/domains/de/test/auto/TimeDelayZeroDelay.xml (RunModel)" time="0.018" />
  <testcase classname="ptolemy.util.test.junit.AutoTests" name="[69] /home/travis/build/icyphy/ptII/ptolemy/domains/de/test/auto/TimerZeroDelay.xml (RunModel)" time="0.01" />
  <testcase classname="ptolemy.util.test.junit.AutoTests" name="[70] /home/travis/build/icyphy/ptII/ptolemy/domains/de/test/auto/TimingParadox.xml (RunModel)" time="0.273" />
  <testcase classname="ptolemy.util.test.junit.AutoTests" name="[71] /home/travis/build/icyphy/ptII/ptolemy/domains/de/test/auto/TransferInputs.xml (RunModel)" time="0.008" />
  <testcase classname="ptolemy.util.test.junit.AutoTests" name="[72] /home/travis/build/icyphy/ptII/ptolemy/domains/de/test/auto/TransferOutputs2.xml (RunModel)" time="0.013" />
  <testcase classname="ptolemy.util.test.junit.AutoTests" name="[73] /home/travis/build/icyphy/ptII/ptolemy/domains/de/test/auto/Trilateration.xml (RunModel)" time="9.812" />
  <testcase classname="ptolemy.util.test.junit.AutoTests" name="[74] /home/travis/build/icyphy/ptII/ptolemy/domains/de/test/auto/TwoSigmaDelta.xml (RunModel)" time="1.605" />
  <testcase classname="ptolemy.util.test.junit.AutoTests" name="[75] /home/travis/build/icyphy/ptII/ptolemy/domains/de/test/auto/VariableDelay.xml (RunModel)" time="0.01" />
  <testcase classname="ptolemy.util.test.junit.AutoTests" name="[76] /home/travis/build/icyphy/ptII/ptolemy/domains/de/test/auto/VariableDelay2.xml (RunModel)" time="0.008" />
  <testcase classname="ptolemy.util.test.junit.AutoTests" name="[77] /home/travis/build/icyphy/ptII/ptolemy/domains/de/test/auto/VariableDelayZeroDelay.xml (RunModel)" time="0.01" />
  <testcase classname="ptolemy.util.test.junit.AutoTests" name="[78] /home/travis/build/icyphy/ptII/ptolemy/domains/de/test/auto/VariableDelayZeroDelay2.xml (RunModel)" time="0.017" />
  <testcase classname="ptolemy.util.test.junit.AutoTests" name="[79] /home/travis/build/icyphy/ptII/ptolemy/domains/de/test/auto/deInCt.xml (RunModel)" time="0.017" />
  <testcase classname="ptolemy.util.test.junit.AutoTests" name="[80] /home/travis/build/icyphy/ptII/ptolemy/domains/de/test/auto/deInCt2.xml (RunModel)" time="0.012" />
  <testcase classname="ptolemy.util.test.junit.AutoTests" name="[81] /home/travis/build/icyphy/ptII/ptolemy/domains/de/test/auto/dynamicCausalityInterface1.xml (RunModel)" time="0.014" />
  <testcase classname="ptolemy.util.test.junit.AutoTests" name="[82] /home/travis/build/icyphy/ptII/ptolemy/domains/de/test/auto/fsm_de_test.xml (RunModel)" time="0.02" />
  <testcase classname="ptolemy.util.test.junit.AutoTests" name="[83] /home/travis/build/icyphy/ptII/ptolemy/domains/de/test/auto/functionDependencyReconstruction.xml (RunModel)" time="0.037" />
  <testcase classname="ptolemy.util.test.junit.AutoTests" name="[84] /home/travis/build/icyphy/ptII/ptolemy/domains/de/test/auto/multirate.xml (RunModel)" time="0.014" />
  <testcase classname="ptolemy.util.test.junit.AutoTests" name="[85] /home/travis/build/icyphy/ptII/ptolemy/domains/de/test/auto/multirate2.xml (RunModel)" time="0.015" />
  <testcase classname="ptolemy.util.test.junit.AutoTests" name="[86] /home/travis/build/icyphy/ptII/ptolemy/domains/de/test/auto/realtime.xml (RunModel)" time="10.009" />
  <testcase classname="ptolemy.util.test.junit.AutoTests" name="[87] /home/travis/build/icyphy/ptII/ptolemy/domains/de/test/auto/relationGroup.xml (RunModel)" time="0.008" />
  <testcase classname="ptolemy.util.test.junit.AutoTests" name="[88] /home/travis/build/icyphy/ptII/ptolemy/domains/de/test/auto/relationGroup2.xml (RunModel)" time="0.006" />
  <testcase classname="ptolemy.util.test.junit.AutoTests" name="[89] /home/travis/build/icyphy/ptII/ptolemy/domains/de/test/auto/sortWithOpaquePorts.xml (RunModel)" time="0.007" />
  <testcase classname="ptolemy.util.test.junit.AutoTests" name="[90] /home/travis/build/icyphy/ptII/ptolemy/domains/de/test/auto/transferInputsandOutputs.xml (RunModel)" time="0.02" />
  <testcase classname="ptolemy.util.test.junit.AutoTests" name="[91] /home/travis/build/icyphy/ptII/ptolemy/domains/de/test/auto/triggerType.xml (RunModel)" time="0.009" />
  <system-out><![CDATA[/home/travis/build/icyphy/ptII/ptolemy/domains/de/test/DependencyLoop.tcl
testDefs.tcl: setting time out to 9000 seconds at Wed Jan 15 06:43:08 UTC 2020
77 ms. Memory: 129024K Free: 79302K (61%)
16 ms. Memory: 129024K Free: 61887K (48%)
/home/travis/build/icyphy/ptII/ptolemy/domains/de/test/RunDETestsAsQSS.tcl
Run the DE tests using ptolemy.domains.qss.test.QSSDirectorTest, which extends QSSDirector and prints a message in the constructors.
------------------ testing $PTII/ptolemy/domains/de/test/auto/knownFailedTests/DirectFeedback.xml (Known Failure) 
61 ms. Memory: 129024K Free: 55750K (43%)


==== $PTIIhome/travis/build/icyphy/ptII/ptolemy/domains/de/test/../../../../: Auto Automatic test in file $PTII/ptolemy/domains/de/test/auto/knownFailedTests/DirectFeedback.xml
==== Contents of test case:

	    # FIXME: we should use $relativeFilename here, but it
	    # might have backslashes under Windows, which causes no end
	    # of trouble.
	    createAndExecute $file
	    list {}
	
.... Test generated KNOWN error:
    while executing
ptolemy.kernel.util.IllegalActionException: Test fails in iteration 1.
Value was: 1.0. Should have been: 2.0
  in .DirectFeedback.Test
	at ptolemy.actor.lib.Test.fire(Test.java:268)
	at ptolemy.domains.de.kernel.DEDirector._fire(DEDirector.java:1949)
	at ptolemy.domains.de.kernel.DEDirector.fire(DEDirector.java:502)
	at ptolemy.actor.CompositeActor.fire(CompositeActor.java:455)
	at ptolemy.actor.Manager.iterate(Manager.java:851)
	at ptolemy.actor.Manager.execute(Manager.java:369)
	at ptolemy.actor.Manager.run(Manager.java:1263)
	at ptolemy.actor.Manager$PtolemyRunThread.run(Manager.java:1933)

    while executing
ptolemy.kernel.util.IllegalActionException: Test fails in iteration 1.
Value was: 1.0. Should have been: 2.0
  in .DirectFeedback.Test
    while executing
"java::new ptolemy.moml.MoMLSimpleApplication $file
"
    (procedure "createAndExecute" line 2)
    invoked from within
"createAndExecute $file"
    ("uplevel" body line 5)
    invoked from within
"uplevel $contents_of_test"
------------------ testing $PTII/ptolemy/domains/de/test/auto/knownFailedTests/dependencyLoop.xml (Known Failure) 
25 ms. Memory: 129024K Free: 52678K (41%)


==== $PTIIhome/travis/build/icyphy/ptII/ptolemy/domains/de/test/../../../../: Auto Automatic test in file $PTII/ptolemy/domains/de/test/auto/knownFailedTests/dependencyLoop.xml
==== Contents of test case:

	    # FIXME: we should use $relativeFilename here, but it
	    # might have backslashes under Windows, which causes no end
	    # of trouble.
	    createAndExecute $file
	    list {}
	
.... Test generated KNOWN error:
    while executing
ptolemy.kernel.util.IllegalActionException: Found a zero delay loop containing .dependencyLoop.original
  in .dependencyLoop and .dependencyLoop.original
	at ptolemy.actor.util.CausalityInterfaceForComposites._computeOutputPortDepth(CausalityInterfaceForComposites.java:759)
	at ptolemy.actor.util.CausalityInterfaceForComposites._computeInputDepth(CausalityInterfaceForComposites.java:696)
	at ptolemy.actor.util.CausalityInterfaceForComposites._computeOutputPortDepth(CausalityInterfaceForComposites.java:765)
	at ptolemy.actor.util.CausalityInterfaceForComposites._computeInputDepth(CausalityInterfaceForComposites.java:696)
	at ptolemy.actor.util.CausalityInterfaceForComposites._computeOutputPortDepth(CausalityInterfaceForComposites.java:765)
	at ptolemy.actor.util.CausalityInterfaceForComposites._computeInputDepth(CausalityInterfaceForComposites.java:696)
	at ptolemy.actor.util.CausalityInterfaceForComposites._computeActorDepth(CausalityInterfaceForComposites.java:532)
	at ptolemy.actor.util.CausalityInterfaceForComposites.checkForCycles(CausalityInterfaceForComposites.java:96)
	at ptolemy.domains.de.kernel.DEDirector.preinitialize(DEDirector.java:1338)
	at ptolemy.actor.CompositeActor.preinitialize(CompositeActor.java:1828)
	at ptolemy.actor.Manager.preinitializeAndResolveTypes(Manager.java:1040)
	at ptolemy.actor.Manager.initialize(Manager.java:710)
	at ptolemy.actor.Manager.execute(Manager.java:356)
	at ptolemy.actor.Manager.run(Manager.java:1263)
	at ptolemy.actor.Manager$PtolemyRunThread.run(Manager.java:1933)

    while executing
ptolemy.kernel.util.IllegalActionException: Found a zero delay loop containing .dependencyLoop.original
  in .dependencyLoop and .dependencyLoop.original
    while executing
"java::new ptolemy.moml.MoMLSimpleApplication $file
"
    (procedure "createAndExecute" line 2)
    invoked from within
"createAndExecute $file"
    ("uplevel" body line 5)
    invoked from within
"uplevel $contents_of_test"
------------------ testing $PTII/ptolemy/domains/de/test/auto/knownFailedTests/FSMSource.xml (Known Failure) 
64 ms. Memory: 129024K Free: 110834K (86%)
!!!! Auto was marked as failing, but now passes
------------------ testing $PTII/ptolemy/domains/de/test/auto/knownFailedTests/HierarchicalModel.xml (Known Failure) 
9 ms. Memory: 129024K Free: 92741K (72%)


==== $PTIIhome/travis/build/icyphy/ptII/ptolemy/domains/de/test/../../../../: Auto Automatic test in file $PTII/ptolemy/domains/de/test/auto/knownFailedTests/HierarchicalModel.xml
==== Contents of test case:

	    # FIXME: we should use $relativeFilename here, but it
	    # might have backslashes under Windows, which causes no end
	    # of trouble.
	    createAndExecute $file
	    list {}
	
.... Test generated KNOWN error:
    while executing
ptolemy.kernel.util.IllegalActionException: Found a zero delay loop containing .HierarchicalModel.A
  in .HierarchicalModel and .HierarchicalModel.A
	at ptolemy.actor.util.CausalityInterfaceForComposites._computeOutputPortDepth(CausalityInterfaceForComposites.java:759)
	at ptolemy.actor.util.CausalityInterfaceForComposites._computeInputDepth(CausalityInterfaceForComposites.java:696)
	at ptolemy.actor.util.CausalityInterfaceForComposites._computeOutputPortDepth(CausalityInterfaceForComposites.java:765)
	at ptolemy.actor.util.CausalityInterfaceForComposites._computeInputDepth(CausalityInterfaceForComposites.java:696)
	at ptolemy.actor.util.CausalityInterfaceForComposites._computeOutputPortDepth(CausalityInterfaceForComposites.java:765)
	at ptolemy.actor.util.CausalityInterfaceForComposites._computeInputDepth(CausalityInterfaceForComposites.java:696)
	at ptolemy.actor.util.CausalityInterfaceForComposites._computeActorDepth(CausalityInterfaceForComposites.java:532)
	at ptolemy.actor.util.CausalityInterfaceForComposites.checkForCycles(CausalityInterfaceForComposites.java:96)
	at ptolemy.domains.de.kernel.DEDirector.preinitialize(DEDirector.java:1338)
	at ptolemy.actor.CompositeActor.preinitialize(CompositeActor.java:1828)
	at ptolemy.actor.Manager.preinitializeAndResolveTypes(Manager.java:1040)
	at ptolemy.actor.Manager.initialize(Manager.java:710)
	at ptolemy.actor.Manager.execute(Manager.java:356)
	at ptolemy.actor.Manager.run(Manager.java:1263)
	at ptolemy.actor.Manager$PtolemyRunThread.run(Manager.java:1933)

    while executing
ptolemy.kernel.util.IllegalActionException: Found a zero delay loop containing .HierarchicalModel.A
  in .HierarchicalModel and .HierarchicalModel.A
    while executing
"java::new ptolemy.moml.MoMLSimpleApplication $file
"
    (procedure "createAndExecute" line 2)
    invoked from within
"createAndExecute $file"
    ("uplevel" body line 5)
    invoked from within
"uplevel $contents_of_test"
------------------ testing $PTII/ptolemy/domains/de/test/auto/knownFailedTests/dependencyLoop2.xml (Known Failure) 
8 ms. Memory: 129024K Free: 77027K (60%)


==== $PTIIhome/travis/build/icyphy/ptII/ptolemy/domains/de/test/../../../../: Auto Automatic test in file $PTII/ptolemy/domains/de/test/auto/knownFailedTests/dependencyLoop2.xml
==== Contents of test case:

	    # FIXME: we should use $relativeFilename here, but it
	    # might have backslashes under Windows, which causes no end
	    # of trouble.
	    createAndExecute $file
	    list {}
	
.... Test generated KNOWN error:
    while executing
ptolemy.kernel.util.IllegalActionException: Found a zero delay loop containing .dependencyLoop2.original
  in .dependencyLoop2 and .dependencyLoop2.original
	at ptolemy.actor.util.CausalityInterfaceForComposites._computeOutputPortDepth(CausalityInterfaceForComposites.java:759)
	at ptolemy.actor.util.CausalityInterfaceForComposites._computeInputDepth(CausalityInterfaceForComposites.java:696)
	at ptolemy.actor.util.CausalityInterfaceForComposites._computeOutputPortDepth(CausalityInterfaceForComposites.java:765)
	at ptolemy.actor.util.CausalityInterfaceForComposites._computeInputDepth(CausalityInterfaceForComposites.java:696)
	at ptolemy.actor.util.CausalityInterfaceForComposites._computeOutputPortDepth(CausalityInterfaceForComposites.java:765)
	at ptolemy.actor.util.CausalityInterfaceForComposites._computeInputDepth(CausalityInterfaceForComposites.java:696)
	at ptolemy.actor.util.CausalityInterfaceForComposites._computeActorDepth(CausalityInterfaceForComposites.java:532)
	at ptolemy.actor.util.CausalityInterfaceForComposites.checkForCycles(CausalityInterfaceForComposites.java:96)
	at ptolemy.domains.de.kernel.DEDirector.preinitialize(DEDirector.java:1338)
	at ptolemy.actor.CompositeActor.preinitialize(CompositeActor.java:1828)
	at ptolemy.actor.Manager.preinitializeAndResolveTypes(Manager.java:1040)
	at ptolemy.actor.Manager.initialize(Manager.java:710)
	at ptolemy.actor.Manager.execute(Manager.java:356)
	at ptolemy.actor.Manager.run(Manager.java:1263)
	at ptolemy.actor.Manager$PtolemyRunThread.run(Manager.java:1933)

    while executing
ptolemy.kernel.util.IllegalActionException: Found a zero delay loop containing .dependencyLoop2.original
  in .dependencyLoop2 and .dependencyLoop2.original
    while executing
"java::new ptolemy.moml.MoMLSimpleApplication $file
"
    (procedure "createAndExecute" line 2)
    invoked from within
"createAndExecute $file"
    ("uplevel" body line 5)
    invoked from within
"uplevel $contents_of_test"
------------------ testing $PTII/ptolemy/domains/de/test/auto/knownFailedTests/DESDFClockTest.xml (Known Failure) 
2040 ms. Memory: 129024K Free: 106063K (82%)


==== $PTIIhome/travis/build/icyphy/ptII/ptolemy/domains/de/test/../../../../: Auto Automatic test in file $PTII/ptolemy/domains/de/test/auto/knownFailedTests/DESDFClockTest.xml
==== Contents of test case:

	    # FIXME: we should use $relativeFilename here, but it
	    # might have backslashes under Windows, which causes no end
	    # of trouble.
	    createAndExecute $file
	    list {}
	
.... Test generated KNOWN error:
    while executing
ptolemy.kernel.util.IllegalActionException: Actor is not ready to fire.  Perhaps UpSample.prefire() returned false? Try debugging the actor by selecting "Listen to Actor".  Also, for SDF check moml for tokenConsumptionRate on input.
  in .DESDFClockTest.Play Bell.Copy1:SDF Director and .DESDFClockTest.Play Bell.UpSample
	at ptolemy.actor.sched.StaticSchedulingDirector.fire(StaticSchedulingDirector.java:227)
	at ptolemy.domains.sdf.kernel.SDFDirector.fire(SDFDirector.java:500)
	at ptolemy.actor.CompositeActor.fire(CompositeActor.java:455)
	at ptolemy.domains.de.kernel.DEDirector._fire(DEDirector.java:1949)
	at ptolemy.domains.de.kernel.DEDirector.fire(DEDirector.java:502)
	at ptolemy.actor.CompositeActor.fire(CompositeActor.java:455)
	at ptolemy.actor.Manager.iterate(Manager.java:851)
	at ptolemy.actor.Manager.execute(Manager.java:369)
	at ptolemy.actor.Manager.run(Manager.java:1263)
	at ptolemy.actor.Manager$PtolemyRunThread.run(Manager.java:1933)

    while executing
ptolemy.kernel.util.IllegalActionException: Actor is not ready to fire.  Perhaps UpSample.prefire() returned false? Try debugging the actor by selecting "Listen to Actor".  Also, for SDF check moml for tokenConsumptionRate on input.
  in .DESDFClockTest.Play Bell.Copy1:SDF Director and .DESDFClockTest.Play Bell.UpSample
    while executing
"java::new ptolemy.moml.MoMLSimpleApplication $file
"
    (procedure "createAndExecute" line 2)
    invoked from within
"createAndExecute $file"
    ("uplevel" body line 5)
    invoked from within
"uplevel $contents_of_test"
------------------ testing $PTII/ptolemy/domains/de/test/auto/ActorDepthCalculation_actorWithoutPorts.xml
auto.tcl: Setting watchdog for 200 seconds at Wed Jan 15 06:43:11 UTC 2020
8 ms. Memory: 129024K Free: 98367K (76%)
ptolemy.util.test.WatchDog.cancel(): canceling Wed Jan 15 06:43:11 UTC 2020
auto.tcl: Setting watchdog for 200 seconds at Wed Jan 15 06:43:11 UTC 2020
4 ms. Memory: 129024K Free: 96847K (75%)
ptolemy.util.test.WatchDog.cancel(): canceling Wed Jan 15 06:43:11 UTC 2020
------------------ testing $PTII/ptolemy/domains/de/test/auto/AssemblyLine.xml
auto.tcl: Setting watchdog for 200 seconds at Wed Jan 15 06:43:12 UTC 2020
13 ms. Memory: 51200K Free: 27511K (54%)
ptolemy.util.test.WatchDog.cancel(): canceling Wed Jan 15 06:43:12 UTC 2020
auto.tcl: Setting watchdog for 200 seconds at Wed Jan 15 06:43:12 UTC 2020
6 ms. Memory: 51200K Free: 27027K (53%)
ptolemy.util.test.WatchDog.cancel(): canceling Wed Jan 15 06:43:12 UTC 2020
------------------ testing $PTII/ptolemy/domains/de/test/auto/CQBug1.xml
auto.tcl: Setting watchdog for 200 seconds at Wed Jan 15 06:43:12 UTC 2020
2 ms. Memory: 51200K Free: 33277K (65%)
ptolemy.util.test.WatchDog.cancel(): canceling Wed Jan 15 06:43:12 UTC 2020
auto.tcl: Setting watchdog for 200 seconds at Wed Jan 15 06:43:12 UTC 2020
2 ms. Memory: 51200K Free: 33277K (65%)
ptolemy.util.test.WatchDog.cancel(): canceling Wed Jan 15 06:43:12 UTC 2020
------------------ testing $PTII/ptolemy/domains/de/test/auto/CancelFireAt.xml
auto.tcl: Setting watchdog for 200 seconds at Wed Jan 15 06:43:12 UTC 2020
13 ms. Memory: 51200K Free: 34494K (67%)
ptolemy.util.test.WatchDog.cancel(): canceling Wed Jan 15 06:43:12 UTC 2020
auto.tcl: Setting watchdog for 200 seconds at Wed Jan 15 06:43:12 UTC 2020
2 ms. Memory: 51200K Free: 34026K (66%)
ptolemy.util.test.WatchDog.cancel(): canceling Wed Jan 15 06:43:12 UTC 2020
------------------ testing $PTII/ptolemy/domains/de/test/auto/CausalityAndComposabilityAnalysis.xml
auto.tcl: Setting watchdog for 200 seconds at Wed Jan 15 06:43:12 UTC 2020
5 ms. Memory: 51200K Free: 32742K (64%)
ptolemy.util.test.WatchDog.cancel(): canceling Wed Jan 15 06:43:12 UTC 2020
auto.tcl: Setting watchdog for 200 seconds at Wed Jan 15 06:43:12 UTC 2020
8 ms. Memory: 51200K Free: 31986K (62%)
ptolemy.util.test.WatchDog.cancel(): canceling Wed Jan 15 06:43:12 UTC 2020
------------------ testing $PTII/ptolemy/domains/de/test/auto/CausalityInterface1.xml
auto.tcl: Setting watchdog for 200 seconds at Wed Jan 15 06:43:12 UTC 2020
33 ms. Memory: 51200K Free: 31390K (61%)
ptolemy.util.test.WatchDog.cancel(): canceling Wed Jan 15 06:43:12 UTC 2020
auto.tcl: Setting watchdog for 200 seconds at Wed Jan 15 06:43:12 UTC 2020
4 ms. Memory: 51200K Free: 30416K (59%)
ptolemy.util.test.WatchDog.cancel(): canceling Wed Jan 15 06:43:12 UTC 2020
------------------ testing $PTII/ptolemy/domains/de/test/auto/CausalityInterface15.xml
auto.tcl: Setting watchdog for 200 seconds at Wed Jan 15 06:43:12 UTC 2020
9 ms. Memory: 51200K Free: 31573K (62%)
ptolemy.util.test.WatchDog.cancel(): canceling Wed Jan 15 06:43:12 UTC 2020
auto.tcl: Setting watchdog for 200 seconds at Wed Jan 15 06:43:12 UTC 2020
6 ms. Memory: 51200K Free: 30365K (59%)
ptolemy.util.test.WatchDog.cancel(): canceling Wed Jan 15 06:43:12 UTC 2020
------------------ testing $PTII/ptolemy/domains/de/test/auto/CausalityInterface2.xml
auto.tcl: Setting watchdog for 200 seconds at Wed Jan 15 06:43:12 UTC 2020
4 ms. Memory: 51200K Free: 31923K (62%)
ptolemy.util.test.WatchDog.cancel(): canceling Wed Jan 15 06:43:12 UTC 2020
auto.tcl: Setting watchdog for 200 seconds at Wed Jan 15 06:43:12 UTC 2020
3 ms. Memory: 51200K Free: 31269K (61%)
ptolemy.util.test.WatchDog.cancel(): canceling Wed Jan 15 06:43:12 UTC 2020
------------------ testing $PTII/ptolemy/domains/de/test/auto/CausalityInterface3.xml
auto.tcl: Setting watchdog for 200 seconds at Wed Jan 15 06:43:13 UTC 2020
5 ms. Memory: 51200K Free: 31499K (62%)
ptolemy.util.test.WatchDog.cancel(): canceling Wed Jan 15 06:43:13 UTC 2020
auto.tcl: Setting watchdog for 200 seconds at Wed Jan 15 06:43:13 UTC 2020
2 ms. Memory: 51200K Free: 30748K (60%)
ptolemy.util.test.WatchDog.cancel(): canceling Wed Jan 15 06:43:13 UTC 2020
------------------ testing $PTII/ptolemy/domains/de/test/auto/ClockDrift.xml
auto.tcl: Setting watchdog for 200 seconds at Wed Jan 15 06:43:13 UTC 2020
78 ms. Memory: 51200K Free: 23567K (46%)
ptolemy.util.test.WatchDog.cancel(): canceling Wed Jan 15 06:43:13 UTC 2020
auto.tcl: Setting watchdog for 200 seconds at Wed Jan 15 06:43:13 UTC 2020
42 ms. Memory: 51200K Free: 20616K (40%)
ptolemy.util.test.WatchDog.cancel(): canceling Wed Jan 15 06:43:13 UTC 2020
------------------ testing $PTII/ptolemy/domains/de/test/auto/ClockDriftAndValueChange.xml
auto.tcl: Setting watchdog for 200 seconds at Wed Jan 15 06:43:13 UTC 2020
42 ms. Memory: 51200K Free: 23903K (47%)
ptolemy.util.test.WatchDog.cancel(): canceling Wed Jan 15 06:43:13 UTC 2020
auto.tcl: Setting watchdog for 200 seconds at Wed Jan 15 06:43:13 UTC 2020
28 ms. Memory: 51200K Free: 20918K (41%)
ptolemy.util.test.WatchDog.cancel(): canceling Wed Jan 15 06:43:13 UTC 2020
------------------ testing $PTII/ptolemy/domains/de/test/auto/ClockDriftChange.xml
auto.tcl: Setting watchdog for 200 seconds at Wed Jan 15 06:43:13 UTC 2020
21 ms. Memory: 51200K Free: 25966K (51%)
ptolemy.util.test.WatchDog.cancel(): canceling Wed Jan 15 06:43:13 UTC 2020
auto.tcl: Setting watchdog for 200 seconds at Wed Jan 15 06:43:13 UTC 2020
24 ms. Memory: 51200K Free: 23601K (46%)
ptolemy.util.test.WatchDog.cancel(): canceling Wed Jan 15 06:43:13 UTC 2020
------------------ testing $PTII/ptolemy/domains/de/test/auto/ComposableCausalityAnalysis.xml
auto.tcl: Setting watchdog for 200 seconds at Wed Jan 15 06:43:13 UTC 2020
2 ms. Memory: 51200K Free: 30810K (60%)
ptolemy.util.test.WatchDog.cancel(): canceling Wed Jan 15 06:43:13 UTC 2020
auto.tcl: Setting watchdog for 200 seconds at Wed Jan 15 06:43:13 UTC 2020
4 ms. Memory: 51200K Free: 29734K (58%)
ptolemy.util.test.WatchDog.cancel(): canceling Wed Jan 15 06:43:13 UTC 2020
------------------ testing $PTII/ptolemy/domains/de/test/auto/DEFixedPointLimitation.xml
auto.tcl: Setting watchdog for 200 seconds at Wed Jan 15 06:43:13 UTC 2020
4 ms. Memory: 51200K Free: 32141K (63%)
ptolemy.util.test.WatchDog.cancel(): canceling Wed Jan 15 06:43:13 UTC 2020
auto.tcl: Setting watchdog for 200 seconds at Wed Jan 15 06:43:13 UTC 2020
1 ms. Memory: 51200K Free: 31280K (61%)
ptolemy.util.test.WatchDog.cancel(): canceling Wed Jan 15 06:43:13 UTC 2020
------------------ testing $PTII/ptolemy/domains/de/test/auto/DEScheduleTest.xml
auto.tcl: Setting watchdog for 200 seconds at Wed Jan 15 06:43:13 UTC 2020
3 ms. Memory: 51200K Free: 32514K (64%)
ptolemy.util.test.WatchDog.cancel(): canceling Wed Jan 15 06:43:13 UTC 2020
auto.tcl: Setting watchdog for 200 seconds at Wed Jan 15 06:43:13 UTC 2020
3 ms. Memory: 51200K Free: 31748K (62%)
ptolemy.util.test.WatchDog.cancel(): canceling Wed Jan 15 06:43:13 UTC 2020
------------------ testing $PTII/ptolemy/domains/de/test/auto/DEinDEwithStartTimes.xml
auto.tcl: Setting watchdog for 200 seconds at Wed Jan 15 06:43:13 UTC 2020
4 ms. Memory: 51200K Free: 30675K (60%)
ptolemy.util.test.WatchDog.cancel(): canceling Wed Jan 15 06:43:13 UTC 2020
auto.tcl: Setting watchdog for 200 seconds at Wed Jan 15 06:43:13 UTC 2020
3 ms. Memory: 51200K Free: 29651K (58%)
ptolemy.util.test.WatchDog.cancel(): canceling Wed Jan 15 06:43:13 UTC 2020
------------------ testing $PTII/ptolemy/domains/de/test/auto/DEinDEwithStartTimes2.xml
auto.tcl: Setting watchdog for 200 seconds at Wed Jan 15 06:43:13 UTC 2020
4 ms. Memory: 51200K Free: 29812K (58%)
ptolemy.util.test.WatchDog.cancel(): canceling Wed Jan 15 06:43:13 UTC 2020
auto.tcl: Setting watchdog for 200 seconds at Wed Jan 15 06:43:13 UTC 2020
2 ms. Memory: 51200K Free: 28605K (56%)
ptolemy.util.test.WatchDog.cancel(): canceling Wed Jan 15 06:43:13 UTC 2020
------------------ testing $PTII/ptolemy/domains/de/test/auto/DateDemo.xml
auto.tcl: Setting watchdog for 200 seconds at Wed Jan 15 06:43:13 UTC 2020
21 ms. Memory: 51200K Free: 24226K (47%)
ptolemy.util.test.WatchDog.cancel(): canceling Wed Jan 15 06:43:14 UTC 2020
auto.tcl: Setting watchdog for 200 seconds at Wed Jan 15 06:43:14 UTC 2020
7 ms. Memory: 51200K Free: 22600K (44%)
ptolemy.util.test.WatchDog.cancel(): canceling Wed Jan 15 06:43:14 UTC 2020
------------------ testing $PTII/ptolemy/domains/de/test/auto/DateToEvent.xml
auto.tcl: Setting watchdog for 200 seconds at Wed Jan 15 06:43:14 UTC 2020
2013 ms. Memory: 51200K Free: 20169K (39%)
ptolemy.util.test.WatchDog.cancel(): canceling Wed Jan 15 06:43:16 UTC 2020
auto.tcl: Setting watchdog for 200 seconds at Wed Jan 15 06:43:16 UTC 2020
2006 ms. Memory: 51200K Free: 19145K (37%)
ptolemy.util.test.WatchDog.cancel(): canceling Wed Jan 15 06:43:18 UTC 2020
------------------ testing $PTII/ptolemy/domains/de/test/auto/DepthTest1.xml
auto.tcl: Setting watchdog for 200 seconds at Wed Jan 15 06:43:18 UTC 2020
3 ms. Memory: 51200K Free: 33339K (65%)
ptolemy.util.test.WatchDog.cancel(): canceling Wed Jan 15 06:43:18 UTC 2020
auto.tcl: Setting watchdog for 200 seconds at Wed Jan 15 06:43:18 UTC 2020
1 ms. Memory: 51200K Free: 32867K (64%)
ptolemy.util.test.WatchDog.cancel(): canceling Wed Jan 15 06:43:18 UTC 2020
------------------ testing $PTII/ptolemy/domains/de/test/auto/DepthTest2.xml
auto.tcl: Setting watchdog for 200 seconds at Wed Jan 15 06:43:18 UTC 2020
3 ms. Memory: 51200K Free: 30123K (59%)
ptolemy.util.test.WatchDog.cancel(): canceling Wed Jan 15 06:43:18 UTC 2020
auto.tcl: Setting watchdog for 200 seconds at Wed Jan 15 06:43:18 UTC 2020
2 ms. Memory: 51200K Free: 29668K (58%)
ptolemy.util.test.WatchDog.cancel(): canceling Wed Jan 15 06:43:18 UTC 2020
------------------ testing $PTII/ptolemy/domains/de/test/auto/DepthTest3.xml
auto.tcl: Setting watchdog for 200 seconds at Wed Jan 15 06:43:18 UTC 2020
2 ms. Memory: 51200K Free: 33656K (66%)
ptolemy.util.test.WatchDog.cancel(): canceling Wed Jan 15 06:43:18 UTC 2020
auto.tcl: Setting watchdog for 200 seconds at Wed Jan 15 06:43:18 UTC 2020
1 ms. Memory: 51200K Free: 33176K (65%)
ptolemy.util.test.WatchDog.cancel(): canceling Wed Jan 15 06:43:18 UTC 2020
------------------ testing $PTII/ptolemy/domains/de/test/auto/DepthTest4.xml
auto.tcl: Setting watchdog for 200 seconds at Wed Jan 15 06:43:18 UTC 2020
6 ms. Memory: 51200K Free: 31893K (62%)
ptolemy.util.test.WatchDog.cancel(): canceling Wed Jan 15 06:43:18 UTC 2020
auto.tcl: Setting watchdog for 200 seconds at Wed Jan 15 06:43:18 UTC 2020
2 ms. Memory: 51200K Free: 31217K (61%)
ptolemy.util.test.WatchDog.cancel(): canceling Wed Jan 15 06:43:18 UTC 2020
------------------ testing $PTII/ptolemy/domains/de/test/auto/DepthTest5.xml
auto.tcl: Setting watchdog for 200 seconds at Wed Jan 15 06:43:18 UTC 2020
3 ms. Memory: 51200K Free: 31364K (61%)
ptolemy.util.test.WatchDog.cancel(): canceling Wed Jan 15 06:43:18 UTC 2020
auto.tcl: Setting watchdog for 200 seconds at Wed Jan 15 06:43:18 UTC 2020
2 ms. Memory: 51200K Free: 30606K (60%)
ptolemy.util.test.WatchDog.cancel(): canceling Wed Jan 15 06:43:18 UTC 2020
------------------ testing $PTII/ptolemy/domains/de/test/auto/DepthTest6.xml
auto.tcl: Setting watchdog for 200 seconds at Wed Jan 15 06:43:18 UTC 2020
4 ms. Memory: 51200K Free: 31043K (61%)
ptolemy.util.test.WatchDog.cancel(): canceling Wed Jan 15 06:43:18 UTC 2020
auto.tcl: Setting watchdog for 200 seconds at Wed Jan 15 06:43:18 UTC 2020
2 ms. Memory: 51200K Free: 30587K (60%)
ptolemy.util.test.WatchDog.cancel(): canceling Wed Jan 15 06:43:18 UTC 2020
------------------ testing $PTII/ptolemy/domains/de/test/auto/DepthTest7.xml
auto.tcl: Setting watchdog for 200 seconds at Wed Jan 15 06:43:18 UTC 2020
3 ms. Memory: 51200K Free: 31811K (62%)
ptolemy.util.test.WatchDog.cancel(): canceling Wed Jan 15 06:43:18 UTC 2020
auto.tcl: Setting watchdog for 200 seconds at Wed Jan 15 06:43:18 UTC 2020
2 ms. Memory: 51200K Free: 31133K (61%)
ptolemy.util.test.WatchDog.cancel(): canceling Wed Jan 15 06:43:18 UTC 2020
------------------ testing $PTII/ptolemy/domains/de/test/auto/EventToDate.xml
auto.tcl: Setting watchdog for 200 seconds at Wed Jan 15 06:43:18 UTC 2020
3008 ms. Memory: 51200K Free: 22618K (44%)
ptolemy.util.test.WatchDog.cancel(): canceling Wed Jan 15 06:43:21 UTC 2020
auto.tcl: Setting watchdog for 200 seconds at Wed Jan 15 06:43:21 UTC 2020
3003 ms. Memory: 51200K Free: 21959K (43%)
ptolemy.util.test.WatchDog.cancel(): canceling Wed Jan 15 06:43:24 UTC 2020
------------------ testing $PTII/ptolemy/domains/de/test/auto/FSM1.xml
auto.tcl: Setting watchdog for 200 seconds at Wed Jan 15 06:43:24 UTC 2020
18 ms. Memory: 51200K Free: 23892K (47%)
ptolemy.util.test.WatchDog.cancel(): canceling Wed Jan 15 06:43:24 UTC 2020
auto.tcl: Setting watchdog for 200 seconds at Wed Jan 15 06:43:24 UTC 2020
17 ms. Memory: 51200K Free: 20612K (40%)
ptolemy.util.test.WatchDog.cancel(): canceling Wed Jan 15 06:43:24 UTC 2020
------------------ testing $PTII/ptolemy/domains/de/test/auto/FSM7.xml
auto.tcl: Setting watchdog for 200 seconds at Wed Jan 15 06:43:24 UTC 2020
26 ms. Memory: 51200K Free: 23511K (46%)
ptolemy.util.test.WatchDog.cancel(): canceling Wed Jan 15 06:43:24 UTC 2020
auto.tcl: Setting watchdog for 200 seconds at Wed Jan 15 06:43:25 UTC 2020
22 ms. Memory: 51200K Free: 20324K (40%)
ptolemy.util.test.WatchDog.cancel(): canceling Wed Jan 15 06:43:25 UTC 2020
------------------ testing $PTII/ptolemy/domains/de/test/auto/Inspection.xml
auto.tcl: Setting watchdog for 200 seconds at Wed Jan 15 06:43:25 UTC 2020
31 ms. Memory: 51200K Free: 23535K (46%)
ptolemy.util.test.WatchDog.cancel(): canceling Wed Jan 15 06:43:25 UTC 2020
auto.tcl: Setting watchdog for 200 seconds at Wed Jan 15 06:43:25 UTC 2020
28 ms. Memory: 51200K Free: 21859K (43%)
ptolemy.util.test.WatchDog.cancel(): canceling Wed Jan 15 06:43:25 UTC 2020
------------------ testing $PTII/ptolemy/domains/de/test/auto/Iteration.xml
auto.tcl: Setting watchdog for 200 seconds at Wed Jan 15 06:43:25 UTC 2020
12 ms. Memory: 51200K Free: 29113K (57%)
ptolemy.util.test.WatchDog.cancel(): canceling Wed Jan 15 06:43:25 UTC 2020
auto.tcl: Setting watchdog for 200 seconds at Wed Jan 15 06:43:25 UTC 2020
4 ms. Memory: 51200K Free: 27929K (55%)
ptolemy.util.test.WatchDog.cancel(): canceling Wed Jan 15 06:43:25 UTC 2020
------------------ testing $PTII/ptolemy/domains/de/test/auto/LineFault.xml
auto.tcl: Setting watchdog for 200 seconds at Wed Jan 15 06:43:25 UTC 2020
577 ms. Memory: 51200K Free: 13185K (26%)
ptolemy.util.test.WatchDog.cancel(): canceling Wed Jan 15 06:43:26 UTC 2020
auto.tcl: Setting watchdog for 200 seconds at Wed Jan 15 06:43:26 UTC 2020
572 ms. Memory: 66560K Free: 42026K (63%)
ptolemy.util.test.WatchDog.cancel(): canceling Wed Jan 15 06:43:26 UTC 2020
------------------ testing $PTII/ptolemy/domains/de/test/auto/MergeModel1Add.xml
auto.tcl: Setting watchdog for 200 seconds at Wed Jan 15 06:43:26 UTC 2020
30 ms. Memory: 58368K Free: 22516K (39%)
ptolemy.util.test.WatchDog.cancel(): canceling Wed Jan 15 06:43:26 UTC 2020
auto.tcl: Setting watchdog for 200 seconds at Wed Jan 15 06:43:26 UTC 2020
10 ms. Memory: 58368K Free: 20910K (36%)
ptolemy.util.test.WatchDog.cancel(): canceling Wed Jan 15 06:43:26 UTC 2020
------------------ testing $PTII/ptolemy/domains/de/test/auto/MergeModel2Add.xml
auto.tcl: Setting watchdog for 200 seconds at Wed Jan 15 06:43:26 UTC 2020
7 ms. Memory: 55296K Free: 21228K (38%)
ptolemy.util.test.WatchDog.cancel(): canceling Wed Jan 15 06:43:26 UTC 2020
auto.tcl: Setting watchdog for 200 seconds at Wed Jan 15 06:43:26 UTC 2020
10 ms. Memory: 55296K Free: 19550K (35%)
ptolemy.util.test.WatchDog.cancel(): canceling Wed Jan 15 06:43:26 UTC 2020
------------------ testing $PTII/ptolemy/domains/de/test/auto/MergeModel3Add.xml
auto.tcl: Setting watchdog for 200 seconds at Wed Jan 15 06:43:27 UTC 2020
8 ms. Memory: 55296K Free: 21503K (39%)
ptolemy.util.test.WatchDog.cancel(): canceling Wed Jan 15 06:43:27 UTC 2020
auto.tcl: Setting watchdog for 200 seconds at Wed Jan 15 06:43:27 UTC 2020
6 ms. Memory: 55296K Free: 19991K (36%)
ptolemy.util.test.WatchDog.cancel(): canceling Wed Jan 15 06:43:27 UTC 2020
------------------ testing $PTII/ptolemy/domains/de/test/auto/MergeWithoutDiscard.xml
auto.tcl: Setting watchdog for 200 seconds at Wed Jan 15 06:43:27 UTC 2020
1 ms. Memory: 51200K Free: 31784K (62%)
ptolemy.util.test.WatchDog.cancel(): canceling Wed Jan 15 06:43:27 UTC 2020
auto.tcl: Setting watchdog for 200 seconds at Wed Jan 15 06:43:27 UTC 2020
1 ms. Memory: 51200K Free: 31343K (61%)
ptolemy.util.test.WatchDog.cancel(): canceling Wed Jan 15 06:43:27 UTC 2020
------------------ testing $PTII/ptolemy/domains/de/test/auto/Modal1.xml
auto.tcl: Setting watchdog for 200 seconds at Wed Jan 15 06:43:27 UTC 2020
15 ms. Memory: 51200K Free: 23879K (47%)
ptolemy.util.test.WatchDog.cancel(): canceling Wed Jan 15 06:43:27 UTC 2020
auto.tcl: Setting watchdog for 200 seconds at Wed Jan 15 06:43:27 UTC 2020
22 ms. Memory: 51200K Free: 20441K (40%)
ptolemy.util.test.WatchDog.cancel(): canceling Wed Jan 15 06:43:27 UTC 2020
------------------ testing $PTII/ptolemy/domains/de/test/auto/Modal2.xml
auto.tcl: Setting watchdog for 200 seconds at Wed Jan 15 06:43:27 UTC 2020
11 ms. Memory: 51200K Free: 23994K (47%)
ptolemy.util.test.WatchDog.cancel(): canceling Wed Jan 15 06:43:27 UTC 2020
auto.tcl: Setting watchdog for 200 seconds at Wed Jan 15 06:43:27 UTC 2020
12 ms. Memory: 51200K Free: 20373K (40%)
ptolemy.util.test.WatchDog.cancel(): canceling Wed Jan 15 06:43:27 UTC 2020
------------------ testing $PTII/ptolemy/domains/de/test/auto/Modal3.xml
auto.tcl: Setting watchdog for 200 seconds at Wed Jan 15 06:43:27 UTC 2020
13 ms. Memory: 51200K Free: 23777K (46%)
ptolemy.util.test.WatchDog.cancel(): canceling Wed Jan 15 06:43:27 UTC 2020
auto.tcl: Setting watchdog for 200 seconds at Wed Jan 15 06:43:27 UTC 2020
16 ms. Memory: 51200K Free: 20763K (41%)
ptolemy.util.test.WatchDog.cancel(): canceling Wed Jan 15 06:43:27 UTC 2020
------------------ testing $PTII/ptolemy/domains/de/test/auto/Modal4.xml
auto.tcl: Setting watchdog for 200 seconds at Wed Jan 15 06:43:27 UTC 2020
22 ms. Memory: 51200K Free: 22996K (45%)
ptolemy.util.test.WatchDog.cancel(): canceling Wed Jan 15 06:43:27 UTC 2020
auto.tcl: Setting watchdog for 200 seconds at Wed Jan 15 06:43:27 UTC 2020
18 ms. Memory: 51200K Free: 19147K (37%)
ptolemy.util.test.WatchDog.cancel(): canceling Wed Jan 15 06:43:27 UTC 2020
------------------ testing $PTII/ptolemy/domains/de/test/auto/Modal5.xml
auto.tcl: Setting watchdog for 200 seconds at Wed Jan 15 06:43:27 UTC 2020
16 ms. Memory: 51200K Free: 22966K (45%)
ptolemy.util.test.WatchDog.cancel(): canceling Wed Jan 15 06:43:27 UTC 2020
auto.tcl: Setting watchdog for 200 seconds at Wed Jan 15 06:43:27 UTC 2020
13 ms. Memory: 51200K Free: 19134K (37%)
ptolemy.util.test.WatchDog.cancel(): canceling Wed Jan 15 06:43:27 UTC 2020
------------------ testing $PTII/ptolemy/domains/de/test/auto/Modal6.xml
auto.tcl: Setting watchdog for 200 seconds at Wed Jan 15 06:43:27 UTC 2020
16 ms. Memory: 51200K Free: 23745K (46%)
ptolemy.util.test.WatchDog.cancel(): canceling Wed Jan 15 06:43:27 UTC 2020
auto.tcl: Setting watchdog for 200 seconds at Wed Jan 15 06:43:27 UTC 2020
18 ms. Memory: 51200K Free: 19744K (39%)
ptolemy.util.test.WatchDog.cancel(): canceling Wed Jan 15 06:43:27 UTC 2020
------------------ testing $PTII/ptolemy/domains/de/test/auto/Modal7.xml
auto.tcl: Setting watchdog for 200 seconds at Wed Jan 15 06:43:27 UTC 2020
9 ms. Memory: 51200K Free: 22706K (44%)
ptolemy.util.test.WatchDog.cancel(): canceling Wed Jan 15 06:43:27 UTC 2020
auto.tcl: Setting watchdog for 200 seconds at Wed Jan 15 06:43:27 UTC 2020
11 ms. Memory: 51200K Free: 19133K (37%)
ptolemy.util.test.WatchDog.cancel(): canceling Wed Jan 15 06:43:27 UTC 2020
------------------ testing $PTII/ptolemy/domains/de/test/auto/ModalModel.xml
auto.tcl: Setting watchdog for 200 seconds at Wed Jan 15 06:43:27 UTC 2020
191 ms. Memory: 51200K Free: 15251K (30%)
ptolemy.util.test.WatchDog.cancel(): canceling Wed Jan 15 06:43:28 UTC 2020
auto.tcl: Setting watchdog for 200 seconds at Wed Jan 15 06:43:28 UTC 2020
213 ms. Memory: 67584K Free: 22962K (34%)
ptolemy.util.test.WatchDog.cancel(): canceling Wed Jan 15 06:43:28 UTC 2020
------------------ testing $PTII/ptolemy/domains/de/test/auto/ModalSource.xml
auto.tcl: Setting watchdog for 200 seconds at Wed Jan 15 06:43:28 UTC 2020
7 ms. Memory: 55296K Free: 31903K (58%)
ptolemy.util.test.WatchDog.cancel(): canceling Wed Jan 15 06:43:28 UTC 2020
auto.tcl: Setting watchdog for 200 seconds at Wed Jan 15 06:43:28 UTC 2020
6 ms. Memory: 55296K Free: 29855K (54%)
ptolemy.util.test.WatchDog.cancel(): canceling Wed Jan 15 06:43:28 UTC 2020
------------------ testing $PTII/ptolemy/domains/de/test/auto/NonInterruptibleTimerZeroDelay.xml
auto.tcl: Setting watchdog for 200 seconds at Wed Jan 15 06:43:28 UTC 2020
3 ms. Memory: 51200K Free: 32741K (64%)
ptolemy.util.test.WatchDog.cancel(): canceling Wed Jan 15 06:43:28 UTC 2020
auto.tcl: Setting watchdog for 200 seconds at Wed Jan 15 06:43:28 UTC 2020
2 ms. Memory: 51200K Free: 32100K (63%)
ptolemy.util.test.WatchDog.cancel(): canceling Wed Jan 15 06:43:28 UTC 2020
------------------ testing $PTII/ptolemy/domains/de/test/auto/OpenQueueingNetwork.xml
auto.tcl: Setting watchdog for 200 seconds at Wed Jan 15 06:43:28 UTC 2020
2658 ms. Memory: 137216K Free: 55872K (41%)
ptolemy.util.test.WatchDog.cancel(): canceling Wed Jan 15 06:43:31 UTC 2020
auto.tcl: Setting watchdog for 200 seconds at Wed Jan 15 06:43:31 UTC 2020
2481 ms. Memory: 164864K Free: 89140K (54%)
ptolemy.util.test.WatchDog.cancel(): canceling Wed Jan 15 06:43:33 UTC 2020
------------------ testing $PTII/ptolemy/domains/de/test/auto/OpenQueuingNetwork.xml
auto.tcl: Setting watchdog for 200 seconds at Wed Jan 15 06:43:33 UTC 2020
248 ms. Memory: 58368K Free: 31521K (54%)
ptolemy.util.test.WatchDog.cancel(): canceling Wed Jan 15 06:43:34 UTC 2020
auto.tcl: Setting watchdog for 200 seconds at Wed Jan 15 06:43:34 UTC 2020
241 ms. Memory: 58368K Free: 13435K (23%)
ptolemy.util.test.WatchDog.cancel(): canceling Wed Jan 15 06:43:34 UTC 2020
------------------ testing $PTII/ptolemy/domains/de/test/auto/PeriodicSampler.xml
auto.tcl: Setting watchdog for 200 seconds at Wed Jan 15 06:43:34 UTC 2020
3 ms. Memory: 55296K Free: 36038K (65%)
ptolemy.util.test.WatchDog.cancel(): canceling Wed Jan 15 06:43:34 UTC 2020
auto.tcl: Setting watchdog for 200 seconds at Wed Jan 15 06:43:34 UTC 2020
2 ms. Memory: 55296K Free: 35518K (64%)
ptolemy.util.test.WatchDog.cancel(): canceling Wed Jan 15 06:43:34 UTC 2020
------------------ testing $PTII/ptolemy/domains/de/test/auto/PersistentIO.xml
auto.tcl: Setting watchdog for 200 seconds at Wed Jan 15 06:43:34 UTC 2020
11 ms. Memory: 55296K Free: 30963K (56%)
ptolemy.util.test.WatchDog.cancel(): canceling Wed Jan 15 06:43:34 UTC 2020
auto.tcl: Setting watchdog for 200 seconds at Wed Jan 15 06:43:34 UTC 2020
4 ms. Memory: 55296K Free: 29443K (53%)
ptolemy.util.test.WatchDog.cancel(): canceling Wed Jan 15 06:43:34 UTC 2020
------------------ testing $PTII/ptolemy/domains/de/test/auto/PortParameterResetOnInitialize.xml
auto.tcl: Setting watchdog for 200 seconds at Wed Jan 15 06:43:34 UTC 2020
2 ms. Memory: 51200K Free: 31865K (62%)
ptolemy.util.test.WatchDog.cancel(): canceling Wed Jan 15 06:43:34 UTC 2020
auto.tcl: Setting watchdog for 200 seconds at Wed Jan 15 06:43:34 UTC 2020
1 ms. Memory: 51200K Free: 31355K (61%)
ptolemy.util.test.WatchDog.cancel(): canceling Wed Jan 15 06:43:34 UTC 2020
------------------ testing $PTII/ptolemy/domains/de/test/auto/PortParameterUpdates.xml
auto.tcl: Setting watchdog for 200 seconds at Wed Jan 15 06:43:34 UTC 2020
5 ms. Memory: 51200K Free: 29935K (58%)
ptolemy.util.test.WatchDog.cancel(): canceling Wed Jan 15 06:43:34 UTC 2020
auto.tcl: Setting watchdog for 200 seconds at Wed Jan 15 06:43:34 UTC 2020
4 ms. Memory: 51200K Free: 28911K (56%)
ptolemy.util.test.WatchDog.cancel(): canceling Wed Jan 15 06:43:34 UTC 2020
------------------ testing $PTII/ptolemy/domains/de/test/auto/QueueAndServer.xml
auto.tcl: Setting watchdog for 200 seconds at Wed Jan 15 06:43:34 UTC 2020
12 ms. Memory: 51200K Free: 28888K (56%)
ptolemy.util.test.WatchDog.cancel(): canceling Wed Jan 15 06:43:34 UTC 2020
auto.tcl: Setting watchdog for 200 seconds at Wed Jan 15 06:43:34 UTC 2020
7 ms. Memory: 51200K Free: 27354K (53%)
ptolemy.util.test.WatchDog.cancel(): canceling Wed Jan 15 06:43:34 UTC 2020
------------------ testing $PTII/ptolemy/domains/de/test/auto/Records.xml
auto.tcl: Setting watchdog for 200 seconds at Wed Jan 15 06:43:34 UTC 2020
4 ms. Memory: 51200K Free: 30879K (60%)
ptolemy.util.test.WatchDog.cancel(): canceling Wed Jan 15 06:43:35 UTC 2020
auto.tcl: Setting watchdog for 200 seconds at Wed Jan 15 06:43:35 UTC 2020
3 ms. Memory: 51200K Free: 30371K (59%)
ptolemy.util.test.WatchDog.cancel(): canceling Wed Jan 15 06:43:35 UTC 2020
------------------ testing $PTII/ptolemy/domains/de/test/auto/ResetTransitionWithStartTime1.xml
auto.tcl: Setting watchdog for 200 seconds at Wed Jan 15 06:43:35 UTC 2020
5 ms. Memory: 51200K Free: 28351K (55%)
ptolemy.util.test.WatchDog.cancel(): canceling Wed Jan 15 06:43:35 UTC 2020
auto.tcl: Setting watchdog for 200 seconds at Wed Jan 15 06:43:35 UTC 2020
5 ms. Memory: 51200K Free: 26303K (51%)
ptolemy.util.test.WatchDog.cancel(): canceling Wed Jan 15 06:43:35 UTC 2020
------------------ testing $PTII/ptolemy/domains/de/test/auto/ResetTransitionWithStartTime2.xml
auto.tcl: Setting watchdog for 200 seconds at Wed Jan 15 06:43:35 UTC 2020
6 ms. Memory: 51200K Free: 28307K (55%)
ptolemy.util.test.WatchDog.cancel(): canceling Wed Jan 15 06:43:35 UTC 2020
auto.tcl: Setting watchdog for 200 seconds at Wed Jan 15 06:43:35 UTC 2020
5 ms. Memory: 51200K Free: 25757K (50%)
ptolemy.util.test.WatchDog.cancel(): canceling Wed Jan 15 06:43:35 UTC 2020
------------------ testing $PTII/ptolemy/domains/de/test/auto/ResetTransitionWithStartTime3.xml
auto.tcl: Setting watchdog for 200 seconds at Wed Jan 15 06:43:35 UTC 2020
7 ms. Memory: 51200K Free: 28306K (55%)
ptolemy.util.test.WatchDog.cancel(): canceling Wed Jan 15 06:43:35 UTC 2020
auto.tcl: Setting watchdog for 200 seconds at Wed Jan 15 06:43:35 UTC 2020
7 ms. Memory: 51200K Free: 26273K (51%)
ptolemy.util.test.WatchDog.cancel(): canceling Wed Jan 15 06:43:35 UTC 2020
------------------ testing $PTII/ptolemy/domains/de/test/auto/ResetTransitionWithStartTime4.xml
auto.tcl: Setting watchdog for 200 seconds at Wed Jan 15 06:43:35 UTC 2020
10 ms. Memory: 51200K Free: 28752K (56%)
ptolemy.util.test.WatchDog.cancel(): canceling Wed Jan 15 06:43:35 UTC 2020
auto.tcl: Setting watchdog for 200 seconds at Wed Jan 15 06:43:35 UTC 2020
5 ms. Memory: 51200K Free: 27281K (53%)
ptolemy.util.test.WatchDog.cancel(): canceling Wed Jan 15 06:43:35 UTC 2020
------------------ testing $PTII/ptolemy/domains/de/test/auto/ResettableTimer1.xml
auto.tcl: Setting watchdog for 200 seconds at Wed Jan 15 06:43:35 UTC 2020
3 ms. Memory: 51200K Free: 32383K (63%)
ptolemy.util.test.WatchDog.cancel(): canceling Wed Jan 15 06:43:35 UTC 2020
auto.tcl: Setting watchdog for 200 seconds at Wed Jan 15 06:43:35 UTC 2020
2 ms. Memory: 51200K Free: 31359K (61%)
ptolemy.util.test.WatchDog.cancel(): canceling Wed Jan 15 06:43:35 UTC 2020
------------------ testing $PTII/ptolemy/domains/de/test/auto/ResettableTimer2.xml
auto.tcl: Setting watchdog for 200 seconds at Wed Jan 15 06:43:35 UTC 2020
2 ms. Memory: 51200K Free: 32440K (63%)
ptolemy.util.test.WatchDog.cancel(): canceling Wed Jan 15 06:43:35 UTC 2020
auto.tcl: Setting watchdog for 200 seconds at Wed Jan 15 06:43:35 UTC 2020
2 ms. Memory: 51200K Free: 31416K (61%)
ptolemy.util.test.WatchDog.cancel(): canceling Wed Jan 15 06:43:35 UTC 2020
------------------ testing $PTII/ptolemy/domains/de/test/auto/ResettableTimer3.xml
auto.tcl: Setting watchdog for 200 seconds at Wed Jan 15 06:43:35 UTC 2020
1 ms. Memory: 51200K Free: 32438K (63%)
ptolemy.util.test.WatchDog.cancel(): canceling Wed Jan 15 06:43:35 UTC 2020
auto.tcl: Setting watchdog for 200 seconds at Wed Jan 15 06:43:35 UTC 2020
1 ms. Memory: 51200K Free: 32438K (63%)
ptolemy.util.test.WatchDog.cancel(): canceling Wed Jan 15 06:43:35 UTC 2020
------------------ testing $PTII/ptolemy/domains/de/test/auto/ResettableTimer4.xml
auto.tcl: Setting watchdog for 200 seconds at Wed Jan 15 06:43:35 UTC 2020
1 ms. Memory: 51200K Free: 32452K (63%)
ptolemy.util.test.WatchDog.cancel(): canceling Wed Jan 15 06:43:35 UTC 2020
auto.tcl: Setting watchdog for 200 seconds at Wed Jan 15 06:43:35 UTC 2020
1 ms. Memory: 51200K Free: 31950K (62%)
ptolemy.util.test.WatchDog.cancel(): canceling Wed Jan 15 06:43:35 UTC 2020
------------------ testing $PTII/ptolemy/domains/de/test/auto/ResettableTimer5.xml
auto.tcl: Setting watchdog for 200 seconds at Wed Jan 15 06:43:35 UTC 2020
3 ms. Memory: 51200K Free: 31936K (62%)
ptolemy.util.test.WatchDog.cancel(): canceling Wed Jan 15 06:43:35 UTC 2020
auto.tcl: Setting watchdog for 200 seconds at Wed Jan 15 06:43:35 UTC 2020
1 ms. Memory: 51200K Free: 31437K (61%)
ptolemy.util.test.WatchDog.cancel(): canceling Wed Jan 15 06:43:35 UTC 2020
------------------ testing $PTII/ptolemy/domains/de/test/auto/ResettableTimer6.xml
auto.tcl: Setting watchdog for 200 seconds at Wed Jan 15 06:43:35 UTC 2020
1 ms. Memory: 51200K Free: 31927K (62%)
ptolemy.util.test.WatchDog.cancel(): canceling Wed Jan 15 06:43:35 UTC 2020
auto.tcl: Setting watchdog for 200 seconds at Wed Jan 15 06:43:35 UTC 2020
1 ms. Memory: 51200K Free: 31417K (61%)
ptolemy.util.test.WatchDog.cancel(): canceling Wed Jan 15 06:43:35 UTC 2020
------------------ testing $PTII/ptolemy/domains/de/test/auto/ServerZeroDelay.xml
auto.tcl: Setting watchdog for 200 seconds at Wed Jan 15 06:43:35 UTC 2020
4 ms. Memory: 51200K Free: 32432K (63%)
ptolemy.util.test.WatchDog.cancel(): canceling Wed Jan 15 06:43:35 UTC 2020
auto.tcl: Setting watchdog for 200 seconds at Wed Jan 15 06:43:35 UTC 2020
2 ms. Memory: 51200K Free: 31408K (61%)
ptolemy.util.test.WatchDog.cancel(): canceling Wed Jan 15 06:43:35 UTC 2020
------------------ testing $PTII/ptolemy/domains/de/test/auto/SmartSender.xml
auto.tcl: Setting watchdog for 200 seconds at Wed Jan 15 06:43:35 UTC 2020
3001 ms. Memory: 51200K Free: 31912K (62%)
ptolemy.util.test.WatchDog.cancel(): canceling Wed Jan 15 06:43:38 UTC 2020
auto.tcl: Setting watchdog for 200 seconds at Wed Jan 15 06:43:38 UTC 2020
3002 ms. Memory: 51200K Free: 31402K (61%)
ptolemy.util.test.WatchDog.cancel(): canceling Wed Jan 15 06:43:41 UTC 2020
------------------ testing $PTII/ptolemy/domains/de/test/auto/ThreadedComposite.xml
auto.tcl: Setting watchdog for 200 seconds at Wed Jan 15 06:43:41 UTC 2020
168 ms. Memory: 51200K Free: 14008K (27%)
ptolemy.util.test.WatchDog.cancel(): canceling Wed Jan 15 06:43:42 UTC 2020
auto.tcl: Setting watchdog for 200 seconds at Wed Jan 15 06:43:42 UTC 2020
99 ms. Memory: 51200K Free: 28967K (57%)
ptolemy.util.test.WatchDog.cancel(): canceling Wed Jan 15 06:43:42 UTC 2020
------------------ testing $PTII/ptolemy/domains/de/test/auto/Time.xml
auto.tcl: Setting watchdog for 200 seconds at Wed Jan 15 06:43:42 UTC 2020
417 ms. Memory: 51200K Free: 10101K (20%)
ptolemy.util.test.WatchDog.cancel(): canceling Wed Jan 15 06:43:42 UTC 2020
auto.tcl: Setting watchdog for 200 seconds at Wed Jan 15 06:43:42 UTC 2020
353 ms. Memory: 51200K Free: 15975K (31%)
ptolemy.util.test.WatchDog.cancel(): canceling Wed Jan 15 06:43:42 UTC 2020
------------------ testing $PTII/ptolemy/domains/de/test/auto/TimeDelayZeroDelay.xml
auto.tcl: Setting watchdog for 200 seconds at Wed Jan 15 06:43:43 UTC 2020
2 ms. Memory: 51200K Free: 32355K (63%)
ptolemy.util.test.WatchDog.cancel(): canceling Wed Jan 15 06:43:43 UTC 2020
auto.tcl: Setting watchdog for 200 seconds at Wed Jan 15 06:43:43 UTC 2020
1 ms. Memory: 51200K Free: 31472K (61%)
ptolemy.util.test.WatchDog.cancel(): canceling Wed Jan 15 06:43:43 UTC 2020
------------------ testing $PTII/ptolemy/domains/de/test/auto/TimerZeroDelay.xml
auto.tcl: Setting watchdog for 200 seconds at Wed Jan 15 06:43:43 UTC 2020
2 ms. Memory: 51200K Free: 32824K (64%)
ptolemy.util.test.WatchDog.cancel(): canceling Wed Jan 15 06:43:43 UTC 2020
auto.tcl: Setting watchdog for 200 seconds at Wed Jan 15 06:43:43 UTC 2020
2 ms. Memory: 51200K Free: 32398K (63%)
ptolemy.util.test.WatchDog.cancel(): canceling Wed Jan 15 06:43:43 UTC 2020
------------------ testing $PTII/ptolemy/domains/de/test/auto/TimingParadox.xml
auto.tcl: Setting watchdog for 200 seconds at Wed Jan 15 06:43:43 UTC 2020
267 ms. Memory: 64512K Free: 33189K (51%)
ptolemy.util.test.WatchDog.cancel(): canceling Wed Jan 15 06:43:43 UTC 2020
auto.tcl: Setting watchdog for 200 seconds at Wed Jan 15 06:43:43 UTC 2020
240 ms. Memory: 64512K Free: 32897K (51%)
ptolemy.util.test.WatchDog.cancel(): canceling Wed Jan 15 06:43:43 UTC 2020
------------------ testing $PTII/ptolemy/domains/de/test/auto/TransferInputs.xml
auto.tcl: Setting watchdog for 200 seconds at Wed Jan 15 06:43:43 UTC 2020
2 ms. Memory: 58368K Free: 38034K (65%)
ptolemy.util.test.WatchDog.cancel(): canceling Wed Jan 15 06:43:43 UTC 2020
auto.tcl: Setting watchdog for 200 seconds at Wed Jan 15 06:43:43 UTC 2020
1 ms. Memory: 58368K Free: 37120K (64%)
ptolemy.util.test.WatchDog.cancel(): canceling Wed Jan 15 06:43:43 UTC 2020
------------------ testing $PTII/ptolemy/domains/de/test/auto/TransferOutputs2.xml
auto.tcl: Setting watchdog for 200 seconds at Wed Jan 15 06:43:43 UTC 2020
2 ms. Memory: 51200K Free: 28308K (55%)
ptolemy.util.test.WatchDog.cancel(): canceling Wed Jan 15 06:43:43 UTC 2020
auto.tcl: Setting watchdog for 200 seconds at Wed Jan 15 06:43:43 UTC 2020
3 ms. Memory: 51200K Free: 26923K (53%)
ptolemy.util.test.WatchDog.cancel(): canceling Wed Jan 15 06:43:43 UTC 2020
------------------ testing $PTII/ptolemy/domains/de/test/auto/Trilateration.xml
auto.tcl: Setting watchdog for 200 seconds at Wed Jan 15 06:43:43 UTC 2020
10857 ms. Memory: 467968K Free: 168335K (36%)
ptolemy.util.test.WatchDog.cancel(): canceling Wed Jan 15 06:43:55 UTC 2020
auto.tcl: Setting watchdog for 200 seconds at Wed Jan 15 06:43:55 UTC 2020
8751 ms. Memory: 467968K Free: 315675K (67%)
ptolemy.util.test.WatchDog.cancel(): canceling Wed Jan 15 06:44:04 UTC 2020
------------------ testing $PTII/ptolemy/domains/de/test/auto/TwoSigmaDelta.xml
auto.tcl: Setting watchdog for 200 seconds at Wed Jan 15 06:44:04 UTC 2020
2283 ms. Memory: 92160K Free: 19255K (21%)
ptolemy.util.test.WatchDog.cancel(): canceling Wed Jan 15 06:44:06 UTC 2020
auto.tcl: Setting watchdog for 200 seconds at Wed Jan 15 06:44:06 UTC 2020
1790 ms. Memory: 92160K Free: 22357K (24%)
ptolemy.util.test.WatchDog.cancel(): canceling Wed Jan 15 06:44:08 UTC 2020
------------------ testing $PTII/ptolemy/domains/de/test/auto/VariableDelay.xml
auto.tcl: Setting watchdog for 200 seconds at Wed Jan 15 06:44:08 UTC 2020
7 ms. Memory: 58368K Free: 38510K (66%)
ptolemy.util.test.WatchDog.cancel(): canceling Wed Jan 15 06:44:08 UTC 2020
auto.tcl: Setting watchdog for 200 seconds at Wed Jan 15 06:44:08 UTC 2020
2 ms. Memory: 58368K Free: 37516K (64%)
ptolemy.util.test.WatchDog.cancel(): canceling Wed Jan 15 06:44:08 UTC 2020
------------------ testing $PTII/ptolemy/domains/de/test/auto/VariableDelay2.xml
auto.tcl: Setting watchdog for 200 seconds at Wed Jan 15 06:44:08 UTC 2020
2 ms. Memory: 55296K Free: 35854K (65%)
ptolemy.util.test.WatchDog.cancel(): canceling Wed Jan 15 06:44:08 UTC 2020
auto.tcl: Setting watchdog for 200 seconds at Wed Jan 15 06:44:08 UTC 2020
1 ms. Memory: 55296K Free: 35358K (64%)
ptolemy.util.test.WatchDog.cancel(): canceling Wed Jan 15 06:44:08 UTC 2020
------------------ testing $PTII/ptolemy/domains/de/test/auto/VariableDelayZeroDelay.xml
auto.tcl: Setting watchdog for 200 seconds at Wed Jan 15 06:44:08 UTC 2020
2 ms. Memory: 55296K Free: 36393K (66%)
ptolemy.util.test.WatchDog.cancel(): canceling Wed Jan 15 06:44:08 UTC 2020
auto.tcl: Setting watchdog for 200 seconds at Wed Jan 15 06:44:08 UTC 2020
1 ms. Memory: 55296K Free: 35836K (65%)
ptolemy.util.test.WatchDog.cancel(): canceling Wed Jan 15 06:44:08 UTC 2020
------------------ testing $PTII/ptolemy/domains/de/test/auto/VariableDelayZeroDelay2.xml
auto.tcl: Setting watchdog for 200 seconds at Wed Jan 15 06:44:08 UTC 2020
2 ms. Memory: 55296K Free: 36379K (66%)
ptolemy.util.test.WatchDog.cancel(): canceling Wed Jan 15 06:44:08 UTC 2020
auto.tcl: Setting watchdog for 200 seconds at Wed Jan 15 06:44:08 UTC 2020
2 ms. Memory: 55296K Free: 35355K (64%)
ptolemy.util.test.WatchDog.cancel(): canceling Wed Jan 15 06:44:09 UTC 2020
------------------ testing $PTII/ptolemy/domains/de/test/auto/deInCt.xml
auto.tcl: Setting watchdog for 200 seconds at Wed Jan 15 06:44:09 UTC 2020
0
1
1
1
1
0
0
0
1
1
1
0
0
0
1
1
1
1
0
0
0
1
1
0
0
0
1
1
1
1
1
0
0
0
1
1
1
0
0
0
0
13 ms. Memory: 55296K Free: 35352K (64%)
ptolemy.util.test.WatchDog.cancel(): canceling Wed Jan 15 06:44:09 UTC 2020
auto.tcl: Setting watchdog for 200 seconds at Wed Jan 15 06:44:09 UTC 2020
0
1
1
1
1
1
0
0
0
0
1
1
1
0
0
0
1
1
1
0
0
0
1
1
1
0
0
0
1
1
1
1
0
0
0
0
0
7 ms. Memory: 55296K Free: 33814K (61%)
ptolemy.util.test.WatchDog.cancel(): canceling Wed Jan 15 06:44:09 UTC 2020
------------------ testing $PTII/ptolemy/domains/de/test/auto/deInCt2.xml
auto.tcl: Setting watchdog for 200 seconds at Wed Jan 15 06:44:09 UTC 2020
0
1
1
1
0
0
1
1
1
0
0
1
1
1
0
0
1
1
1
0
0
1
1
1
0
0
1
1
1
0
0
1
1
1
0
0
1
1
1
0
0
0
7 ms. Memory: 55296K Free: 35361K (64%)
ptolemy.util.test.WatchDog.cancel(): canceling Wed Jan 15 06:44:09 UTC 2020
auto.tcl: Setting watchdog for 200 seconds at Wed Jan 15 06:44:09 UTC 2020
0
1
1
1
0
0
1
1
1
0
0
1
1
1
0
0
1
1
1
0
0
1
1
1
0
0
1
1
1
0
0
1
1
1
0
0
1
1
1
0
0
0
7 ms. Memory: 55296K Free: 33801K (61%)
ptolemy.util.test.WatchDog.cancel(): canceling Wed Jan 15 06:44:09 UTC 2020
------------------ testing $PTII/ptolemy/domains/de/test/auto/dynamicCausalityInterface1.xml
auto.tcl: Setting watchdog for 200 seconds at Wed Jan 15 06:44:09 UTC 2020
1 ms. Memory: 55296K Free: 31251K (57%)
ptolemy.util.test.WatchDog.cancel(): canceling Wed Jan 15 06:44:09 UTC 2020
auto.tcl: Setting watchdog for 200 seconds at Wed Jan 15 06:44:09 UTC 2020
1 ms. Memory: 55296K Free: 30737K (56%)
ptolemy.util.test.WatchDog.cancel(): canceling Wed Jan 15 06:44:09 UTC 2020
------------------ testing $PTII/ptolemy/domains/de/test/auto/fsm_de_test.xml
auto.tcl: Setting watchdog for 200 seconds at Wed Jan 15 06:44:09 UTC 2020
7 ms. Memory: 55296K Free: 31150K (56%)
ptolemy.util.test.WatchDog.cancel(): canceling Wed Jan 15 06:44:09 UTC 2020
auto.tcl: Setting watchdog for 200 seconds at Wed Jan 15 06:44:09 UTC 2020
5 ms. Memory: 55296K Free: 29102K (53%)
ptolemy.util.test.WatchDog.cancel(): canceling Wed Jan 15 06:44:09 UTC 2020
------------------ testing $PTII/ptolemy/domains/de/test/auto/functionDependencyReconstruction.xml
auto.tcl: Setting watchdog for 200 seconds at Wed Jan 15 06:44:09 UTC 2020
3 ms. Memory: 55296K Free: 24996K (45%)
ptolemy.util.test.WatchDog.cancel(): canceling Wed Jan 15 06:44:09 UTC 2020
auto.tcl: Setting watchdog for 200 seconds at Wed Jan 15 06:44:09 UTC 2020
3 ms. Memory: 55296K Free: 22948K (42%)
ptolemy.util.test.WatchDog.cancel(): canceling Wed Jan 15 06:44:09 UTC 2020
------------------ testing $PTII/ptolemy/domains/de/test/auto/multirate.xml
auto.tcl: Setting watchdog for 200 seconds at Wed Jan 15 06:44:09 UTC 2020
3 ms. Memory: 55296K Free: 33759K (61%)
ptolemy.util.test.WatchDog.cancel(): canceling Wed Jan 15 06:44:09 UTC 2020
auto.tcl: Setting watchdog for 200 seconds at Wed Jan 15 06:44:09 UTC 2020
2 ms. Memory: 55296K Free: 32044K (58%)
ptolemy.util.test.WatchDog.cancel(): canceling Wed Jan 15 06:44:09 UTC 2020
------------------ testing $PTII/ptolemy/domains/de/test/auto/multirate2.xml
auto.tcl: Setting watchdog for 200 seconds at Wed Jan 15 06:44:09 UTC 2020
2 ms. Memory: 55296K Free: 33745K (61%)
ptolemy.util.test.WatchDog.cancel(): canceling Wed Jan 15 06:44:09 UTC 2020
auto.tcl: Setting watchdog for 200 seconds at Wed Jan 15 06:44:09 UTC 2020
2 ms. Memory: 55296K Free: 32225K (58%)
ptolemy.util.test.WatchDog.cancel(): canceling Wed Jan 15 06:44:09 UTC 2020
------------------ testing $PTII/ptolemy/domains/de/test/auto/realtime.xml
auto.tcl: Setting watchdog for 200 seconds at Wed Jan 15 06:44:09 UTC 2020
10001 ms. Memory: 55296K Free: 35806K (65%)
ptolemy.util.test.WatchDog.cancel(): canceling Wed Jan 15 06:44:19 UTC 2020
auto.tcl: Setting watchdog for 200 seconds at Wed Jan 15 06:44:19 UTC 2020
10001 ms. Memory: 55296K Free: 34782K (63%)
ptolemy.util.test.WatchDog.cancel(): canceling Wed Jan 15 06:44:29 UTC 2020
------------------ testing $PTII/ptolemy/domains/de/test/auto/relationGroup.xml
auto.tcl: Setting watchdog for 200 seconds at Wed Jan 15 06:44:29 UTC 2020
2 ms. Memory: 55296K Free: 36856K (67%)
ptolemy.util.test.WatchDog.cancel(): canceling Wed Jan 15 06:44:29 UTC 2020
auto.tcl: Setting watchdog for 200 seconds at Wed Jan 15 06:44:29 UTC 2020
1 ms. Memory: 55296K Free: 36346K (66%)
ptolemy.util.test.WatchDog.cancel(): canceling Wed Jan 15 06:44:29 UTC 2020
------------------ testing $PTII/ptolemy/domains/de/test/auto/relationGroup2.xml
auto.tcl: Setting watchdog for 200 seconds at Wed Jan 15 06:44:29 UTC 2020
1 ms. Memory: 55296K Free: 36913K (67%)
ptolemy.util.test.WatchDog.cancel(): canceling Wed Jan 15 06:44:29 UTC 2020
auto.tcl: Setting watchdog for 200 seconds at Wed Jan 15 06:44:29 UTC 2020
1 ms. Memory: 55296K Free: 36403K (66%)
ptolemy.util.test.WatchDog.cancel(): canceling Wed Jan 15 06:44:29 UTC 2020
------------------ testing $PTII/ptolemy/domains/de/test/auto/sortWithOpaquePorts.xml
auto.tcl: Setting watchdog for 200 seconds at Wed Jan 15 06:44:29 UTC 2020
1 ms. Memory: 55296K Free: 35875K (65%)
ptolemy.util.test.WatchDog.cancel(): canceling Wed Jan 15 06:44:29 UTC 2020
auto.tcl: Setting watchdog for 200 seconds at Wed Jan 15 06:44:29 UTC 2020
1 ms. Memory: 55296K Free: 34851K (63%)
ptolemy.util.test.WatchDog.cancel(): canceling Wed Jan 15 06:44:29 UTC 2020
------------------ testing $PTII/ptolemy/domains/de/test/auto/transferInputsandOutputs.xml
auto.tcl: Setting watchdog for 200 seconds at Wed Jan 15 06:44:29 UTC 2020
4 ms. Memory: 55296K Free: 33319K (60%)
ptolemy.util.test.WatchDog.cancel(): canceling Wed Jan 15 06:44:29 UTC 2020
auto.tcl: Setting watchdog for 200 seconds at Wed Jan 15 06:44:29 UTC 2020
2 ms. Memory: 55296K Free: 32295K (58%)
ptolemy.util.test.WatchDog.cancel(): canceling Wed Jan 15 06:44:29 UTC 2020
------------------ testing $PTII/ptolemy/domains/de/test/auto/triggerType.xml
auto.tcl: Setting watchdog for 200 seconds at Wed Jan 15 06:44:29 UTC 2020
2 ms. Memory: 51200K Free: 32247K (63%)
ptolemy.util.test.WatchDog.cancel(): canceling Wed Jan 15 06:44:29 UTC 2020
auto.tcl: Setting watchdog for 200 seconds at Wed Jan 15 06:44:29 UTC 2020
2 ms. Memory: 51200K Free: 31223K (61%)
ptolemy.util.test.WatchDog.cancel(): canceling Wed Jan 15 06:44:29 UTC 2020
01/15/20 06:44:29
Failed: 0  Total Tests: 192  ((Passed: 187, Newly Passed: 1)  Known Failed: 5) /home/travis/build/icyphy/ptII/ptolemy/domains/de/test
01/15/20 06:44:29
Failed: 0  Total Tests: 192  ((Passed: 187, Newly Passed: 1)  Known Failed: 5) /home/travis/build/icyphy/ptII/ptolemy/domains/de/test
----------------- testing (KnownFailure) /home/travis/build/icyphy/ptII/ptolemy/domains/de/test/auto/knownFailedTests/DESDFClockTest.xml
2011 ms. Memory: 51200K Free: 25643K (50%)
Known Failure: java.lang.reflect.InvocationTargetException
----------------- testing (KnownFailure) /home/travis/build/icyphy/ptII/ptolemy/domains/de/test/auto/knownFailedTests/DirectFeedback.xml
2 ms. Memory: 51200K Free: 22061K (43%)
Known Failure: java.lang.reflect.InvocationTargetException
----------------- testing (KnownFailure) /home/travis/build/icyphy/ptII/ptolemy/domains/de/test/auto/knownFailedTests/FSMSource.xml
9 ms. Memory: 51200K Free: 14893K (29%)
----------------- testing (KnownFailure) /home/travis/build/icyphy/ptII/ptolemy/domains/de/test/auto/knownFailedTests/HierarchicalModel.xml
6 ms. Memory: 51200K Free: 26694K (52%)
Known Failure: java.lang.reflect.InvocationTargetException
----------------- testing (KnownFailure) /home/travis/build/icyphy/ptII/ptolemy/domains/de/test/auto/knownFailedTests/dependencyLoop.xml
2 ms. Memory: 51200K Free: 11334K (22%)
Known Failure: java.lang.reflect.InvocationTargetException
----------------- testing (KnownFailure) /home/travis/build/icyphy/ptII/ptolemy/domains/de/test/auto/knownFailedTests/dependencyLoop2.xml
5 ms. Memory: 51200K Free: 23949K (47%)
Known Failure: java.lang.reflect.InvocationTargetException
No auto/linux-amd64/*.xml tests in /home/travis/build/icyphy/ptII/ptolemy/domains/de/test
AutoTests.java: About to close Vertx.
AutoTests.java: Vertx closed.

===========================================================================================
----------------- testing Wed Jan 15 06:44:32 UTC 2020 /home/travis/build/icyphy/ptII/ptolemy/domains/de/test/auto/ActorDepthCalculation_actorWithoutPorts.xml
----------------- Instantiating /home/travis/build/icyphy/ptII/ptolemy/domains/de/test/auto/ActorDepthCalculation_actorWithoutPorts.xml
1 ms. Memory: 51200K Free: 17065K (33%)
----------------- Invoking toplevel() on ptolemy.moml.MoMLSimpleApplication@417caa54
----------------- Done invoking toplevel() on ptolemy.moml.MoMLSimpleApplication@417caa54
reloadAllAccessors: .ActorDepthCalculation_actorWithoutPorts

===========================================================================================
----------------- testing Wed Jan 15 06:44:32 UTC 2020 /home/travis/build/icyphy/ptII/ptolemy/domains/de/test/auto/AssemblyLine.xml
----------------- Instantiating /home/travis/build/icyphy/ptII/ptolemy/domains/de/test/auto/AssemblyLine.xml
3 ms. Memory: 51200K Free: 9927K (19%)
----------------- Invoking toplevel() on ptolemy.moml.MoMLSimpleApplication@6a382397
----------------- Done invoking toplevel() on ptolemy.moml.MoMLSimpleApplication@6a382397
reloadAllAccessors: .AssemblyLine

===========================================================================================
----------------- testing Wed Jan 15 06:44:32 UTC 2020 /home/travis/build/icyphy/ptII/ptolemy/domains/de/test/auto/CQBug1.xml
----------------- Instantiating /home/travis/build/icyphy/ptII/ptolemy/domains/de/test/auto/CQBug1.xml
2 ms. Memory: 51200K Free: 34785K (68%)
----------------- Invoking toplevel() on ptolemy.moml.MoMLSimpleApplication@4a10e3ba
----------------- Done invoking toplevel() on ptolemy.moml.MoMLSimpleApplication@4a10e3ba
reloadAllAccessors: .CQBug1

===========================================================================================
----------------- testing Wed Jan 15 06:44:32 UTC 2020 /home/travis/build/icyphy/ptII/ptolemy/domains/de/test/auto/CancelFireAt.xml
----------------- Instantiating /home/travis/build/icyphy/ptII/ptolemy/domains/de/test/auto/CancelFireAt.xml
1 ms. Memory: 51200K Free: 32154K (63%)
----------------- Invoking toplevel() on ptolemy.moml.MoMLSimpleApplication@55b178b3
----------------- Done invoking toplevel() on ptolemy.moml.MoMLSimpleApplication@55b178b3
reloadAllAccessors: .CancelFireAt

===========================================================================================
----------------- testing Wed Jan 15 06:44:32 UTC 2020 /home/travis/build/icyphy/ptII/ptolemy/domains/de/test/auto/CausalityAndComposabilityAnalysis.xml
----------------- Instantiating /home/travis/build/icyphy/ptII/ptolemy/domains/de/test/auto/CausalityAndComposabilityAnalysis.xml
3 ms. Memory: 51200K Free: 28008K (55%)
----------------- Invoking toplevel() on ptolemy.moml.MoMLSimpleApplication@56e26e94
----------------- Done invoking toplevel() on ptolemy.moml.MoMLSimpleApplication@56e26e94
reloadAllAccessors: .CausalityAndComposabilityAnalysis

===========================================================================================
----------------- testing Wed Jan 15 06:44:32 UTC 2020 /home/travis/build/icyphy/ptII/ptolemy/domains/de/test/auto/CausalityInterface1.xml
----------------- Instantiating /home/travis/build/icyphy/ptII/ptolemy/domains/de/test/auto/CausalityInterface1.xml
5 ms. Memory: 51200K Free: 22914K (45%)
----------------- Invoking toplevel() on ptolemy.moml.MoMLSimpleApplication@7793054c
----------------- Done invoking toplevel() on ptolemy.moml.MoMLSimpleApplication@7793054c
reloadAllAccessors: .CausalityInterface1

===========================================================================================
----------------- testing Wed Jan 15 06:44:32 UTC 2020 /home/travis/build/icyphy/ptII/ptolemy/domains/de/test/auto/CausalityInterface15.xml
----------------- Instantiating /home/travis/build/icyphy/ptII/ptolemy/domains/de/test/auto/CausalityInterface15.xml
1 ms. Memory: 51200K Free: 17355K (34%)
----------------- Invoking toplevel() on ptolemy.moml.MoMLSimpleApplication@4ee99d0c
----------------- Done invoking toplevel() on ptolemy.moml.MoMLSimpleApplication@4ee99d0c
reloadAllAccessors: .CausalityInterface15

===========================================================================================
----------------- testing Wed Jan 15 06:44:32 UTC 2020 /home/travis/build/icyphy/ptII/ptolemy/domains/de/test/auto/CausalityInterface2.xml
----------------- Instantiating /home/travis/build/icyphy/ptII/ptolemy/domains/de/test/auto/CausalityInterface2.xml
2 ms. Memory: 51200K Free: 12704K (25%)
[...]
	at ptolemy.actor.Manager.run(Manager.java:1263)
	at ptolemy.actor.Manager$PtolemyRunThread.run(Manager.java:1933)
java.lang.RuntimeException: Execution failed
	at ptolemy.moml.MoMLSimpleApplication$UnloadThread.run(MoMLSimpleApplication.java:402)
Caused by: ptolemy.kernel.util.IllegalActionException: Actor is not ready to fire.  Perhaps UpSample.prefire() returned false? Try debugging the actor by selecting "Listen to Actor".  Also, for SDF check moml for tokenConsumptionRate on input.
  in .DESDFClockTest.Play Bell.Copy1:SDF Director and .DESDFClockTest.Play Bell.UpSample
	at ptolemy.actor.sched.StaticSchedulingDirector.fire(StaticSchedulingDirector.java:227)
	at ptolemy.domains.sdf.kernel.SDFDirector.fire(SDFDirector.java:500)
	at ptolemy.actor.CompositeActor.fire(CompositeActor.java:455)
	at ptolemy.domains.de.kernel.DEDirector._fire(DEDirector.java:1949)
	at ptolemy.domains.de.kernel.DEDirector.fire(DEDirector.java:502)
	at ptolemy.actor.CompositeActor.fire(CompositeActor.java:455)
	at ptolemy.actor.Manager.iterate(Manager.java:851)
	at ptolemy.actor.Manager.execute(Manager.java:369)
	at ptolemy.actor.Manager.run(Manager.java:1263)
	at ptolemy.actor.Manager$PtolemyRunThread.run(Manager.java:1933)
java.lang.reflect.InvocationTargetException
	at java.base/jdk.internal.reflect.NativeConstructorAccessorImpl.newInstance0(Native Method)
	at java.base/jdk.internal.reflect.NativeConstructorAccessorImpl.newInstance(NativeConstructorAccessorImpl.java:62)
	at java.base/jdk.internal.reflect.DelegatingConstructorAccessorImpl.newInstance(DelegatingConstructorAccessorImpl.java:45)
	at java.base/java.lang.reflect.Constructor.newInstance(Constructor.java:490)
	at ptolemy.util.test.junit.AutoKnownFailedTests.RunModel(AutoKnownFailedTests.java:105)
	at java.base/jdk.internal.reflect.NativeMethodAccessorImpl.invoke0(Native Method)
	at java.base/jdk.internal.reflect.NativeMethodAccessorImpl.invoke(NativeMethodAccessorImpl.java:62)
	at java.base/jdk.internal.reflect.DelegatingMethodAccessorImpl.invoke(DelegatingMethodAccessorImpl.java:43)
	at java.base/java.lang.reflect.Method.invoke(Method.java:566)
	at org.junit.runners.model.FrameworkMethod$1.runReflectiveCall(FrameworkMethod.java:44)
	at org.junit.internal.runners.model.ReflectiveCallable.run(ReflectiveCallable.java:15)
	at org.junit.runners.model.FrameworkMethod.invokeExplosively(FrameworkMethod.java:41)
	at junitparams.internal.InvokeParameterisedMethod.evaluate(InvokeParameterisedMethod.java:102)
	at org.junit.internal.runners.statements.FailOnTimeout$1.run(FailOnTimeout.java:28)
Caused by: ptolemy.kernel.util.IllegalActionException: Actor is not ready to fire.  Perhaps UpSample.prefire() returned false? Try debugging the actor by selecting "Listen to Actor".  Also, for SDF check moml for tokenConsumptionRate on input.
  in .DESDFClockTest.Play Bell.Copy1:SDF Director and .DESDFClockTest.Play Bell.UpSample
	at ptolemy.actor.sched.StaticSchedulingDirector.fire(StaticSchedulingDirector.java:227)
	at ptolemy.domains.sdf.kernel.SDFDirector.fire(SDFDirector.java:500)
	at ptolemy.actor.CompositeActor.fire(CompositeActor.java:455)
	at ptolemy.domains.de.kernel.DEDirector._fire(DEDirector.java:1949)
	at ptolemy.domains.de.kernel.DEDirector.fire(DEDirector.java:502)
	at ptolemy.actor.CompositeActor.fire(CompositeActor.java:455)
	at ptolemy.actor.Manager.iterate(Manager.java:851)
	at ptolemy.actor.Manager.execute(Manager.java:369)
	at ptolemy.actor.Manager.run(Manager.java:1263)
	at ptolemy.actor.Manager$PtolemyRunThread.run(Manager.java:1933)
java.lang.RuntimeException: Execution failed
	at ptolemy.moml.MoMLSimpleApplication$UnloadThread.run(MoMLSimpleApplication.java:402)
Caused by: ptolemy.kernel.util.IllegalActionException: Test fails in iteration 1.
Value was: 1.0. Should have been: 2.0
  in .DirectFeedback.Test
	at ptolemy.actor.lib.Test.fire(Test.java:268)
	at ptolemy.domains.de.kernel.DEDirector._fire(DEDirector.java:1949)
	at ptolemy.domains.de.kernel.DEDirector.fire(DEDirector.java:502)
	at ptolemy.actor.CompositeActor.fire(CompositeActor.java:455)
	at ptolemy.actor.Manager.iterate(Manager.java:851)
	at ptolemy.actor.Manager.execute(Manager.java:369)
	at ptolemy.actor.Manager.run(Manager.java:1263)
	at ptolemy.actor.Manager$PtolemyRunThread.run(Manager.java:1933)
java.lang.reflect.InvocationTargetException
	at java.base/jdk.internal.reflect.NativeConstructorAccessorImpl.newInstance0(Native Method)
	at java.base/jdk.internal.reflect.NativeConstructorAccessorImpl.newInstance(NativeConstructorAccessorImpl.java:62)
	at java.base/jdk.internal.reflect.DelegatingConstructorAccessorImpl.newInstance(DelegatingConstructorAccessorImpl.java:45)
	at java.base/java.lang.reflect.Constructor.newInstance(Constructor.java:490)
	at ptolemy.util.test.junit.AutoKnownFailedTests.RunModel(AutoKnownFailedTests.java:105)
	at java.base/jdk.internal.reflect.NativeMethodAccessorImpl.invoke0(Native Method)
	at java.base/jdk.internal.reflect.NativeMethodAccessorImpl.invoke(NativeMethodAccessorImpl.java:62)
	at java.base/jdk.internal.reflect.DelegatingMethodAccessorImpl.invoke(DelegatingMethodAccessorImpl.java:43)
	at java.base/java.lang.reflect.Method.invoke(Method.java:566)
	at org.junit.runners.model.FrameworkMethod$1.runReflectiveCall(FrameworkMethod.java:44)
	at org.junit.internal.runners.model.ReflectiveCallable.run(ReflectiveCallable.java:15)
	at org.junit.runners.model.FrameworkMethod.invokeExplosively(FrameworkMethod.java:41)
	at junitparams.internal.InvokeParameterisedMethod.evaluate(InvokeParameterisedMethod.java:102)
	at org.junit.internal.runners.statements.FailOnTimeout$1.run(FailOnTimeout.java:28)
Caused by: ptolemy.kernel.util.IllegalActionException: Test fails in iteration 1.
Value was: 1.0. Should have been: 2.0
  in .DirectFeedback.Test
	at ptolemy.actor.lib.Test.fire(Test.java:268)
	at ptolemy.domains.de.kernel.DEDirector._fire(DEDirector.java:1949)
	at ptolemy.domains.de.kernel.DEDirector.fire(DEDirector.java:502)
	at ptolemy.actor.CompositeActor.fire(CompositeActor.java:455)
	at ptolemy.actor.Manager.iterate(Manager.java:851)
	at ptolemy.actor.Manager.execute(Manager.java:369)
	at ptolemy.actor.Manager.run(Manager.java:1263)
	at ptolemy.actor.Manager$PtolemyRunThread.run(Manager.java:1933)
java.lang.RuntimeException: Execution failed
	at ptolemy.moml.MoMLSimpleApplication$UnloadThread.run(MoMLSimpleApplication.java:402)
Caused by: ptolemy.kernel.util.IllegalActionException: Found a zero delay loop containing .HierarchicalModel.A
  in .HierarchicalModel and .HierarchicalModel.A
	at ptolemy.actor.util.CausalityInterfaceForComposites._computeOutputPortDepth(CausalityInterfaceForComposites.java:759)
	at ptolemy.actor.util.CausalityInterfaceForComposites._computeInputDepth(CausalityInterfaceForComposites.java:696)
	at ptolemy.actor.util.CausalityInterfaceForComposites._computeOutputPortDepth(CausalityInterfaceForComposites.java:765)
	at ptolemy.actor.util.CausalityInterfaceForComposites._computeInputDepth(CausalityInterfaceForComposites.java:696)
	at ptolemy.actor.util.CausalityInterfaceForComposites._computeOutputPortDepth(CausalityInterfaceForComposites.java:765)
	at ptolemy.actor.util.CausalityInterfaceForComposites._computeInputDepth(CausalityInterfaceForComposites.java:696)
	at ptolemy.actor.util.CausalityInterfaceForComposites._computeActorDepth(CausalityInterfaceForComposites.java:532)
	at ptolemy.actor.util.CausalityInterfaceForComposites.checkForCycles(CausalityInterfaceForComposites.java:96)
	at ptolemy.domains.de.kernel.DEDirector.preinitialize(DEDirector.java:1338)
	at ptolemy.actor.CompositeActor.preinitialize(CompositeActor.java:1828)
	at ptolemy.actor.Manager.preinitializeAndResolveTypes(Manager.java:1040)
	at ptolemy.actor.Manager.initialize(Manager.java:710)
	at ptolemy.actor.Manager.execute(Manager.java:356)
	at ptolemy.actor.Manager.run(Manager.java:1263)
	at ptolemy.actor.Manager$PtolemyRunThread.run(Manager.java:1933)
java.lang.reflect.InvocationTargetException
	at java.base/jdk.internal.reflect.NativeConstructorAccessorImpl.newInstance0(Native Method)
	at java.base/jdk.internal.reflect.NativeConstructorAccessorImpl.newInstance(NativeConstructorAccessorImpl.java:62)
	at java.base/jdk.internal.reflect.DelegatingConstructorAccessorImpl.newInstance(DelegatingConstructorAccessorImpl.java:45)
	at java.base/java.lang.reflect.Constructor.newInstance(Constructor.java:490)
	at ptolemy.util.test.junit.AutoKnownFailedTests.RunModel(AutoKnownFailedTests.java:105)
	at java.base/jdk.internal.reflect.NativeMethodAccessorImpl.invoke0(Native Method)
	at java.base/jdk.internal.reflect.NativeMethodAccessorImpl.invoke(NativeMethodAccessorImpl.java:62)
	at java.base/jdk.internal.reflect.DelegatingMethodAccessorImpl.invoke(DelegatingMethodAccessorImpl.java:43)
	at java.base/java.lang.reflect.Method.invoke(Method.java:566)
	at org.junit.runners.model.FrameworkMethod$1.runReflectiveCall(FrameworkMethod.java:44)
	at org.junit.internal.runners.model.ReflectiveCallable.run(ReflectiveCallable.java:15)
	at org.junit.runners.model.FrameworkMethod.invokeExplosively(FrameworkMethod.java:41)
	at junitparams.internal.InvokeParameterisedMethod.evaluate(InvokeParameterisedMethod.java:102)
	at org.junit.internal.runners.statements.FailOnTimeout$1.run(FailOnTimeout.java:28)
Caused by: ptolemy.kernel.util.IllegalActionException: Found a zero delay loop containing .HierarchicalModel.A
  in .HierarchicalModel and .HierarchicalModel.A
	at ptolemy.actor.util.CausalityInterfaceForComposites._computeOutputPortDepth(CausalityInterfaceForComposites.java:759)
	at ptolemy.actor.util.CausalityInterfaceForComposites._computeInputDepth(CausalityInterfaceForComposites.java:696)
	at ptolemy.actor.util.CausalityInterfaceForComposites._computeOutputPortDepth(CausalityInterfaceForComposites.java:765)
	at ptolemy.actor.util.CausalityInterfaceForComposites._computeInputDepth(CausalityInterfaceForComposites.java:696)
	at ptolemy.actor.util.CausalityInterfaceForComposites._computeOutputPortDepth(CausalityInterfaceForComposites.java:765)
	at ptolemy.actor.util.CausalityInterfaceForComposites._computeInputDepth(CausalityInterfaceForComposites.java:696)
	at ptolemy.actor.util.CausalityInterfaceForComposites._computeActorDepth(CausalityInterfaceForComposites.java:532)
	at ptolemy.actor.util.CausalityInterfaceForComposites.checkForCycles(CausalityInterfaceForComposites.java:96)
	at ptolemy.domains.de.kernel.DEDirector.preinitialize(DEDirector.java:1338)
	at ptolemy.actor.CompositeActor.preinitialize(CompositeActor.java:1828)
	at ptolemy.actor.Manager.preinitializeAndResolveTypes(Manager.java:1040)
	at ptolemy.actor.Manager.initialize(Manager.java:710)
	at ptolemy.actor.Manager.execute(Manager.java:356)
	at ptolemy.actor.Manager.run(Manager.java:1263)
	at ptolemy.actor.Manager$PtolemyRunThread.run(Manager.java:1933)
java.lang.RuntimeException: Execution failed
	at ptolemy.moml.MoMLSimpleApplication$UnloadThread.run(MoMLSimpleApplication.java:402)
Caused by: ptolemy.kernel.util.IllegalActionException: Found a zero delay loop containing .dependencyLoop.original
  in .dependencyLoop and .dependencyLoop.original
	at ptolemy.actor.util.CausalityInterfaceForComposites._computeOutputPortDepth(CausalityInterfaceForComposites.java:759)
	at ptolemy.actor.util.CausalityInterfaceForComposites._computeInputDepth(CausalityInterfaceForComposites.java:696)
	at ptolemy.actor.util.CausalityInterfaceForComposites._computeOutputPortDepth(CausalityInterfaceForComposites.java:765)
	at ptolemy.actor.util.CausalityInterfaceForComposites._computeInputDepth(CausalityInterfaceForComposites.java:696)
	at ptolemy.actor.util.CausalityInterfaceForComposites._computeOutputPortDepth(CausalityInterfaceForComposites.java:765)
	at ptolemy.actor.util.CausalityInterfaceForComposites._computeInputDepth(CausalityInterfaceForComposites.java:696)
	at ptolemy.actor.util.CausalityInterfaceForComposites._computeActorDepth(CausalityInterfaceForComposites.java:532)
	at ptolemy.actor.util.CausalityInterfaceForComposites.checkForCycles(CausalityInterfaceForComposites.java:96)
	at ptolemy.domains.de.kernel.DEDirector.preinitialize(DEDirector.java:1338)
	at ptolemy.actor.CompositeActor.preinitialize(CompositeActor.java:1828)
	at ptolemy.actor.Manager.preinitializeAndResolveTypes(Manager.java:1040)
	at ptolemy.actor.Manager.initialize(Manager.java:710)
	at ptolemy.actor.Manager.execute(Manager.java:356)
	at ptolemy.actor.Manager.run(Manager.java:1263)
	at ptolemy.actor.Manager$PtolemyRunThread.run(Manager.java:1933)
java.lang.reflect.InvocationTargetException
	at java.base/jdk.internal.reflect.NativeConstructorAccessorImpl.newInstance0(Native Method)
	at java.base/jdk.internal.reflect.NativeConstructorAccessorImpl.newInstance(NativeConstructorAccessorImpl.java:62)
	at java.base/jdk.internal.reflect.DelegatingConstructorAccessorImpl.newInstance(DelegatingConstructorAccessorImpl.java:45)
	at java.base/java.lang.reflect.Constructor.newInstance(Constructor.java:490)
	at ptolemy.util.test.junit.AutoKnownFailedTests.RunModel(AutoKnownFailedTests.java:105)
	at java.base/jdk.internal.reflect.NativeMethodAccessorImpl.invoke0(Native Method)
	at java.base/jdk.internal.reflect.NativeMethodAccessorImpl.invoke(NativeMethodAccessorImpl.java:62)
	at java.base/jdk.internal.reflect.DelegatingMethodAccessorImpl.invoke(DelegatingMethodAccessorImpl.java:43)
	at java.base/java.lang.reflect.Method.invoke(Method.java:566)
	at org.junit.runners.model.FrameworkMethod$1.runReflectiveCall(FrameworkMethod.java:44)
	at org.junit.internal.runners.model.ReflectiveCallable.run(ReflectiveCallable.java:15)
	at org.junit.runners.model.FrameworkMethod.invokeExplosively(FrameworkMethod.java:41)
	at junitparams.internal.InvokeParameterisedMethod.evaluate(InvokeParameterisedMethod.java:102)
	at org.junit.internal.runners.statements.FailOnTimeout$1.run(FailOnTimeout.java:28)
Caused by: ptolemy.kernel.util.IllegalActionException: Found a zero delay loop containing .dependencyLoop.original
  in .dependencyLoop and .dependencyLoop.original
	at ptolemy.actor.util.CausalityInterfaceForComposites._computeOutputPortDepth(CausalityInterfaceForComposites.java:759)
	at ptolemy.actor.util.CausalityInterfaceForComposites._computeInputDepth(CausalityInterfaceForComposites.java:696)
	at ptolemy.actor.util.CausalityInterfaceForComposites._computeOutputPortDepth(CausalityInterfaceForComposites.java:765)
	at ptolemy.actor.util.CausalityInterfaceForComposites._computeInputDepth(CausalityInterfaceForComposites.java:696)
	at ptolemy.actor.util.CausalityInterfaceForComposites._computeOutputPortDepth(CausalityInterfaceForComposites.java:765)
	at ptolemy.actor.util.CausalityInterfaceForComposites._computeInputDepth(CausalityInterfaceForComposites.java:696)
	at ptolemy.actor.util.CausalityInterfaceForComposites._computeActorDepth(CausalityInterfaceForComposites.java:532)
	at ptolemy.actor.util.CausalityInterfaceForComposites.checkForCycles(CausalityInterfaceForComposites.java:96)
	at ptolemy.domains.de.kernel.DEDirector.preinitialize(DEDirector.java:1338)
	at ptolemy.actor.CompositeActor.preinitialize(CompositeActor.java:1828)
	at ptolemy.actor.Manager.preinitializeAndResolveTypes(Manager.java:1040)
	at ptolemy.actor.Manager.initialize(Manager.java:710)
	at ptolemy.actor.Manager.execute(Manager.java:356)
	at ptolemy.actor.Manager.run(Manager.java:1263)
	at ptolemy.actor.Manager$PtolemyRunThread.run(Manager.java:1933)
java.lang.RuntimeException: Execution failed
	at ptolemy.moml.MoMLSimpleApplication$UnloadThread.run(MoMLSimpleApplication.java:402)
Caused by: ptolemy.kernel.util.IllegalActionException: Found a zero delay loop containing .dependencyLoop2.original
  in .dependencyLoop2 and .dependencyLoop2.original
	at ptolemy.actor.util.CausalityInterfaceForComposites._computeOutputPortDepth(CausalityInterfaceForComposites.java:759)
	at ptolemy.actor.util.CausalityInterfaceForComposites._computeInputDepth(CausalityInterfaceForComposites.java:696)
	at ptolemy.actor.util.CausalityInterfaceForComposites._computeOutputPortDepth(CausalityInterfaceForComposites.java:765)
	at ptolemy.actor.util.CausalityInterfaceForComposites._computeInputDepth(CausalityInterfaceForComposites.java:696)
	at ptolemy.actor.util.CausalityInterfaceForComposites._computeOutputPortDepth(CausalityInterfaceForComposites.java:765)
	at ptolemy.actor.util.CausalityInterfaceForComposites._computeInputDepth(CausalityInterfaceForComposites.java:696)
	at ptolemy.actor.util.CausalityInterfaceForComposites._computeActorDepth(CausalityInterfaceForComposites.java:532)
	at ptolemy.actor.util.CausalityInterfaceForComposites.checkForCycles(CausalityInterfaceForComposites.java:96)
	at ptolemy.domains.de.kernel.DEDirector.preinitialize(DEDirector.java:1338)
	at ptolemy.actor.CompositeActor.preinitialize(CompositeActor.java:1828)
	at ptolemy.actor.Manager.preinitializeAndResolveTypes(Manager.java:1040)
	at ptolemy.actor.Manager.initialize(Manager.java:710)
	at ptolemy.actor.Manager.execute(Manager.java:356)
	at ptolemy.actor.Manager.run(Manager.java:1263)
	at ptolemy.actor.Manager$PtolemyRunThread.run(Manager.java:1933)
java.lang.reflect.InvocationTargetException
	at java.base/jdk.internal.reflect.NativeConstructorAccessorImpl.newInstance0(Native Method)
	at java.base/jdk.internal.reflect.NativeConstructorAccessorImpl.newInstance(NativeConstructorAccessorImpl.java:62)
	at java.base/jdk.internal.reflect.DelegatingConstructorAccessorImpl.newInstance(DelegatingConstructorAccessorImpl.java:45)
	at java.base/java.lang.reflect.Constructor.newInstance(Constructor.java:490)
	at ptolemy.util.test.junit.AutoKnownFailedTests.RunModel(AutoKnownFailedTests.java:105)
	at java.base/jdk.internal.reflect.NativeMethodAccessorImpl.invoke0(Native Method)
	at java.base/jdk.internal.reflect.NativeMethodAccessorImpl.invoke(NativeMethodAccessorImpl.java:62)
	at java.base/jdk.internal.reflect.DelegatingMethodAccessorImpl.invoke(DelegatingMethodAccessorImpl.java:43)
	at java.base/java.lang.reflect.Method.invoke(Method.java:566)
	at org.junit.runners.model.FrameworkMethod$1.runReflectiveCall(FrameworkMethod.java:44)
	at org.junit.internal.runners.model.ReflectiveCallable.run(ReflectiveCallable.java:15)
	at org.junit.runners.model.FrameworkMethod.invokeExplosively(FrameworkMethod.java:41)
	at junitparams.internal.InvokeParameterisedMethod.evaluate(InvokeParameterisedMethod.java:102)
	at org.junit.internal.runners.statements.FailOnTimeout$1.run(FailOnTimeout.java:28)
Caused by: ptolemy.kernel.util.IllegalActionException: Found a zero delay loop containing .dependencyLoop2.original
  in .dependencyLoop2 and .dependencyLoop2.original
	at ptolemy.actor.util.CausalityInterfaceForComposites._computeOutputPortDepth(CausalityInterfaceForComposites.java:759)
	at ptolemy.actor.util.CausalityInterfaceForComposites._computeInputDepth(CausalityInterfaceForComposites.java:696)
	at ptolemy.actor.util.CausalityInterfaceForComposites._computeOutputPortDepth(CausalityInterfaceForComposites.java:765)
	at ptolemy.actor.util.CausalityInterfaceForComposites._computeInputDepth(CausalityInterfaceForComposites.java:696)
	at ptolemy.actor.util.CausalityInterfaceForComposites._computeOutputPortDepth(CausalityInterfaceForComposites.java:765)
	at ptolemy.actor.util.CausalityInterfaceForComposites._computeInputDepth(CausalityInterfaceForComposites.java:696)
	at ptolemy.actor.util.CausalityInterfaceForComposites._computeActorDepth(CausalityInterfaceForComposites.java:532)
	at ptolemy.actor.util.CausalityInterfaceForComposites.checkForCycles(CausalityInterfaceForComposites.java:96)
	at ptolemy.domains.de.kernel.DEDirector.preinitialize(DEDirector.java:1338)
	at ptolemy.actor.CompositeActor.preinitialize(CompositeActor.java:1828)
	at ptolemy.actor.Manager.preinitializeAndResolveTypes(Manager.java:1040)
	at ptolemy.actor.Manager.initialize(Manager.java:710)
	at ptolemy.actor.Manager.execute(Manager.java:356)
	at ptolemy.actor.Manager.run(Manager.java:1263)
	at ptolemy.actor.Manager$PtolemyRunThread.run(Manager.java:1933)
]]></system-err>
</testsuite>
