<?xml version="1.0" encoding="UTF-8" ?>
<testsuite errors="0" failures="0" hostname="travis-job-514c746d-309f-4046-ab5f-131c8f43930f" name="ptolemy.domains.sdf.test.junit.JUnitTclTest" skipped="0" tests="66" time="19.571" timestamp="2020-05-10T14:34:27">
  <properties>
[...]
</properties>
  <testcase classname="ptolemy.util.test.junit.TclTests" name="[0] /home/travis/build/icyphy/ptII/ptolemy/domains/sdf/test/SDFSchedulerErrors.tcl (RunTclFile)" time="0.89" />
  <testcase classname="ptolemy.util.test.junit.TclTests" name="[1] /home/travis/build/icyphy/ptII/ptolemy/domains/sdf/test/composition.tcl (RunTclFile)" time="0.208" />
  <testcase classname="ptolemy.util.test.junit.TclTests" name="[2] /home/travis/build/icyphy/ptII/ptolemy/domains/sdf/test/cycle.tcl (RunTclFile)" time="0.067" />
  <testcase classname="ptolemy.util.test.junit.AutoKnownFailedTests" name="[0] ThereAreNoKnowFailedTests (RunModel)" time="0.007" />
  <testcase classname="ptolemy.util.test.junit.AutoNameArchTests" name="[0] ThereAreNoAutoArchTests (RunModel)" time="0.007" />
  <testcase classname="ptolemy.util.test.junit.AutoTests" name="[0] /home/travis/build/icyphy/ptII/ptolemy/domains/sdf/test/auto/Array.xml (RunModel)" time="0.303" />
  <testcase classname="ptolemy.util.test.junit.AutoTests" name="[1] /home/travis/build/icyphy/ptII/ptolemy/domains/sdf/test/auto/Butterfly.xml (RunModel)" time="0.157" />
  <testcase classname="ptolemy.util.test.junit.AutoTests" name="[2] /home/travis/build/icyphy/ptII/ptolemy/domains/sdf/test/auto/Expression.xml (RunModel)" time="0.106" />
  <testcase classname="ptolemy.util.test.junit.AutoTests" name="[3] /home/travis/build/icyphy/ptII/ptolemy/domains/sdf/test/auto/Eye.xml (RunModel)" time="0.269" />
  <testcase classname="ptolemy.util.test.junit.AutoTests" name="[4] /home/travis/build/icyphy/ptII/ptolemy/domains/sdf/test/auto/FixFIR.xml (RunModel)" time="0.375" />
  <testcase classname="ptolemy.util.test.junit.AutoTests" name="[5] /home/travis/build/icyphy/ptII/ptolemy/domains/sdf/test/auto/FixPoint.xml (RunModel)" time="0.025" />
  <testcase classname="ptolemy.util.test.junit.AutoTests" name="[6] /home/travis/build/icyphy/ptII/ptolemy/domains/sdf/test/auto/Gravitation.xml (RunModel)" time="3.27" />
  <testcase classname="ptolemy.util.test.junit.AutoTests" name="[7] /home/travis/build/icyphy/ptII/ptolemy/domains/sdf/test/auto/GravitationWithCollisionDetection.xml (RunModel)" time="5.897" />
  <testcase classname="ptolemy.util.test.junit.AutoTests" name="[8] /home/travis/build/icyphy/ptII/ptolemy/domains/sdf/test/auto/HDF.xml (RunModel)" time="0.067" />
  <testcase classname="ptolemy.util.test.junit.AutoTests" name="[9] /home/travis/build/icyphy/ptII/ptolemy/domains/sdf/test/auto/HDFwithTransientStates.xml (RunModel)" time="0.085" />
  <testcase classname="ptolemy.util.test.junit.AutoTests" name="[10] /home/travis/build/icyphy/ptII/ptolemy/domains/sdf/test/auto/HTVQ.xml (RunModel)" time="0.816" />
  <testcase classname="ptolemy.util.test.junit.AutoTests" name="[11] /home/travis/build/icyphy/ptII/ptolemy/domains/sdf/test/auto/InferInitProduction.xml (RunModel)" time="0.035" />
  <testcase classname="ptolemy.util.test.junit.AutoTests" name="[12] /home/travis/build/icyphy/ptII/ptolemy/domains/sdf/test/auto/InferInitProductionDeeper.xml (RunModel)" time="0.018" />
  <testcase classname="ptolemy.util.test.junit.AutoTests" name="[13] /home/travis/build/icyphy/ptII/ptolemy/domains/sdf/test/auto/LMSAdaptive.xml (RunModel)" time="0.073" />
  <testcase classname="ptolemy.util.test.junit.AutoTests" name="[14] /home/travis/build/icyphy/ptII/ptolemy/domains/sdf/test/auto/LogisticMap.xml (RunModel)" time="0.46" />
  <testcase classname="ptolemy.util.test.junit.AutoTests" name="[15] /home/travis/build/icyphy/ptII/ptolemy/domains/sdf/test/auto/MaximumEntropySpectrum.xml (RunModel)" time="0.28" />
  <testcase classname="ptolemy.util.test.junit.AutoTests" name="[16] /home/travis/build/icyphy/ptII/ptolemy/domains/sdf/test/auto/MultirateSDF.xml (RunModel)" time="0.067" />
  <testcase classname="ptolemy.util.test.junit.AutoTests" name="[17] /home/travis/build/icyphy/ptII/ptolemy/domains/sdf/test/auto/MultirateSDFwithTransientStates.xml (RunModel)" time="0.07" />
  <testcase classname="ptolemy.util.test.junit.AutoTests" name="[18] /home/travis/build/icyphy/ptII/ptolemy/domains/sdf/test/auto/NoisySinewave.xml (RunModel)" time="0.054" />
  <testcase classname="ptolemy.util.test.junit.AutoTests" name="[19] /home/travis/build/icyphy/ptII/ptolemy/domains/sdf/test/auto/Objects.xml (RunModel)" time="0.034" />
  <testcase classname="ptolemy.util.test.junit.AutoTests" name="[20] /home/travis/build/icyphy/ptII/ptolemy/domains/sdf/test/auto/OrthogonalCom.xml (RunModel)" time="0.042" />
  <testcase classname="ptolemy.util.test.junit.AutoTests" name="[21] /home/travis/build/icyphy/ptII/ptolemy/domains/sdf/test/auto/RijndaelEncryption.xml (RunModel)" time="0.494" />
  <testcase classname="ptolemy.util.test.junit.AutoTests" name="[22] /home/travis/build/icyphy/ptII/ptolemy/domains/sdf/test/auto/SDFEmptyIterations.xml (RunModel)" time="0.014" />
  <testcase classname="ptolemy.util.test.junit.AutoTests" name="[23] /home/travis/build/icyphy/ptII/ptolemy/domains/sdf/test/auto/Spectrum.xml (RunModel)" time="0.099" />
  <testcase classname="ptolemy.util.test.junit.AutoTests" name="[24] /home/travis/build/icyphy/ptII/ptolemy/domains/sdf/test/auto/de_inside_sdf.xml (RunModel)" time="0.023" />
  <testcase classname="ptolemy.util.test.junit.AutoTests" name="[25] /home/travis/build/icyphy/ptII/ptolemy/domains/sdf/test/auto/disconnectedHierarchicalSDF.xml (RunModel)" time="0.024" />
  <testcase classname="ptolemy.util.test.junit.AutoTests" name="[26] /home/travis/build/icyphy/ptII/ptolemy/domains/sdf/test/auto/disconnectedSDF.xml (RunModel)" time="0.017" />
  <testcase classname="ptolemy.util.test.junit.AutoTests" name="[27] /home/travis/build/icyphy/ptII/ptolemy/domains/sdf/test/auto/emptyRefinement.xml (RunModel)" time="0.021" />
  <testcase classname="ptolemy.util.test.junit.AutoTests" name="[28] /home/travis/build/icyphy/ptII/ptolemy/domains/sdf/test/auto/filePortParameter.xml (RunModel)" time="0.046" />
  <testcase classname="ptolemy.util.test.junit.AutoTests" name="[29] /home/travis/build/icyphy/ptII/ptolemy/domains/sdf/test/auto/inferRelationWidth1.xml (RunModel)" time="0.012" />
  <testcase classname="ptolemy.util.test.junit.AutoTests" name="[30] /home/travis/build/icyphy/ptII/ptolemy/domains/sdf/test/auto/initProductionInference.xml (RunModel)" time="0.021" />
  <testcase classname="ptolemy.util.test.junit.AutoTests" name="[31] /home/travis/build/icyphy/ptII/ptolemy/domains/sdf/test/auto/relationGroup.xml (RunModel)" time="0.022" />
  <testcase classname="ptolemy.util.test.junit.AutoTests" name="[32] /home/travis/build/icyphy/ptII/ptolemy/domains/sdf/test/auto/relationGroup10.xml (RunModel)" time="0.011" />
  <testcase classname="ptolemy.util.test.junit.AutoTests" name="[33] /home/travis/build/icyphy/ptII/ptolemy/domains/sdf/test/auto/relationGroup11.xml (RunModel)" time="0.012" />
  <testcase classname="ptolemy.util.test.junit.AutoTests" name="[34] /home/travis/build/icyphy/ptII/ptolemy/domains/sdf/test/auto/relationGroup12.xml (RunModel)" time="0.013" />
  <testcase classname="ptolemy.util.test.junit.AutoTests" name="[35] /home/travis/build/icyphy/ptII/ptolemy/domains/sdf/test/auto/relationGroup13.xml (RunModel)" time="0.017" />
  <testcase classname="ptolemy.util.test.junit.AutoTests" name="[36] /home/travis/build/icyphy/ptII/ptolemy/domains/sdf/test/auto/relationGroup14.xml (RunModel)" time="0.022" />
  <testcase classname="ptolemy.util.test.junit.AutoTests" name="[37] /home/travis/build/icyphy/ptII/ptolemy/domains/sdf/test/auto/relationGroup15.xml (RunModel)" time="0.008" />
  <testcase classname="ptolemy.util.test.junit.AutoTests" name="[38] /home/travis/build/icyphy/ptII/ptolemy/domains/sdf/test/auto/relationGroup2.xml (RunModel)" time="0.015" />
  <testcase classname="ptolemy.util.test.junit.AutoTests" name="[39] /home/travis/build/icyphy/ptII/ptolemy/domains/sdf/test/auto/relationGroup3.xml (RunModel)" time="0.01" />
  <testcase classname="ptolemy.util.test.junit.AutoTests" name="[40] /home/travis/build/icyphy/ptII/ptolemy/domains/sdf/test/auto/relationGroup4.xml (RunModel)" time="0.014" />
  <testcase classname="ptolemy.util.test.junit.AutoTests" name="[41] /home/travis/build/icyphy/ptII/ptolemy/domains/sdf/test/auto/relationGroup5.xml (RunModel)" time="0.012" />
  <testcase classname="ptolemy.util.test.junit.AutoTests" name="[42] /home/travis/build/icyphy/ptII/ptolemy/domains/sdf/test/auto/relationGroup6.xml (RunModel)" time="0.011" />
  <testcase classname="ptolemy.util.test.junit.AutoTests" name="[43] /home/travis/build/icyphy/ptII/ptolemy/domains/sdf/test/auto/relationGroup7.xml (RunModel)" time="0.008" />
  <testcase classname="ptolemy.util.test.junit.AutoTests" name="[44] /home/travis/build/icyphy/ptII/ptolemy/domains/sdf/test/auto/relationGroup8.xml (RunModel)" time="0.013" />
  <testcase classname="ptolemy.util.test.junit.AutoTests" name="[45] /home/travis/build/icyphy/ptII/ptolemy/domains/sdf/test/auto/relationGroup9.xml (RunModel)" time="0.014" />
  <testcase classname="ptolemy.util.test.junit.AutoTests" name="[46] /home/travis/build/icyphy/ptII/ptolemy/domains/sdf/test/auto/sdf_inside_de.xml (RunModel)" time="0.033" />
  <testcase classname="ptolemy.util.test.junit.AutoTests" name="[47] /home/travis/build/icyphy/ptII/ptolemy/domains/sdf/test/auto/sdf_inside_pn.xml (RunModel)" time="0.06" />
  <testcase classname="ptolemy.util.test.junit.AutoTests" name="[48] /home/travis/build/icyphy/ptII/ptolemy/domains/sdf/test/auto/sdf_sdf1.xml (RunModel)" time="0.023" />
  <testcase classname="ptolemy.util.test.junit.AutoTests" name="[49] /home/travis/build/icyphy/ptII/ptolemy/domains/sdf/test/auto/test1.xml (RunModel)" time="0.014" />
  <testcase classname="ptolemy.util.test.junit.AutoTests" name="[50] /home/travis/build/icyphy/ptII/ptolemy/domains/sdf/test/auto/time1.xml (RunModel)" time="0.009" />
  <testcase classname="ptolemy.util.test.junit.AutoTests" name="[51] /home/travis/build/icyphy/ptII/ptolemy/domains/sdf/test/auto/time2.xml (RunModel)" time="0.008" />
  <testcase classname="ptolemy.util.test.junit.AutoTests" name="[52] /home/travis/build/icyphy/ptII/ptolemy/domains/sdf/test/auto/time3.xml (RunModel)" time="0.018" />
  <testcase classname="ptolemy.util.test.junit.AutoTests" name="[53] /home/travis/build/icyphy/ptII/ptolemy/domains/sdf/test/auto/time4.xml (RunModel)" time="0.016" />
  <testcase classname="ptolemy.util.test.junit.AutoTests" name="[54] /home/travis/build/icyphy/ptII/ptolemy/domains/sdf/test/auto/time5.xml (RunModel)" time="4.007" />
  <testcase classname="ptolemy.util.test.junit.AutoTests" name="[55] /home/travis/build/icyphy/ptII/ptolemy/domains/sdf/test/auto/typeSystem_Const_Integer_smallest_Type.xml (RunModel)" time="0.025" />
  <testcase classname="ptolemy.util.test.junit.AutoTests" name="[56] /home/travis/build/icyphy/ptII/ptolemy/domains/sdf/test/auto/typeSystem_declared_Inports_OutportTypeException.xml (RunModel)" time="0.019" />
  <testcase classname="ptolemy.util.test.junit.AutoTests" name="[57] /home/travis/build/icyphy/ptII/ptolemy/domains/sdf/test/auto/typeSystem_oneDeclaredInportType_wrongTypeOutport.xml (RunModel)" time="0.011" />
  <testcase classname="ptolemy.util.test.junit.AutoTests" name="[58] /home/travis/build/icyphy/ptII/ptolemy/domains/sdf/test/auto/width.xml (RunModel)" time="0.011" />
  <testcase classname="ptolemy.util.test.junit.AutoTests" name="[59] /home/travis/build/icyphy/ptII/ptolemy/domains/sdf/test/auto/width2.xml (RunModel)" time="0.034" />
  <testcase classname="ptolemy.util.test.junit.AutoTests" name="[60] /home/travis/build/icyphy/ptII/ptolemy/domains/sdf/test/auto/width3.xml (RunModel)" time="0.036" />
  <system-out><![CDATA[/home/travis/build/icyphy/ptII/ptolemy/domains/sdf/test/SDFSchedulerErrors.tcl
testDefs.tcl: setting time out to 9000 seconds at Sun May 10 14:34:27 UTC 2020
86 ms. Memory: 129024K Free: 88518K (69%)
21 ms. Memory: 129024K Free: 80840K (63%)
6 ms. Memory: 129024K Free: 74696K (58%)
8 ms. Memory: 129024K Free: 71624K (56%)
/home/travis/build/icyphy/ptII/ptolemy/domains/sdf/test/composition.tcl
49 ms. Memory: 129024K Free: 67528K (52%)
17 ms. Memory: 129024K Free: 65480K (51%)
/home/travis/build/icyphy/ptII/ptolemy/domains/sdf/test/cycle.tcl
.Toplevel.Director Preinitializing ...
Invoking preinitialize():  .Toplevel.Actor1
Invoking preinitialize():  .Toplevel.Actor2
Invoking preinitialize():  .Toplevel.Delay
.Toplevel.Director Finished preinitialize().
### Schedule:
Execute Schedule{
Fire Actor ptolemy.domains.sdf.kernel.test.SDFTestDelay {.Toplevel.Actor1}
Fire Actor ptolemy.domains.sdf.kernel.test.SDFTestDelay {.Toplevel.Actor2}
Fire Actor ptolemy.domains.sdf.lib.SampleDelay {.Toplevel.Delay}
}
### End schedule
Called initialize().
Invoking initialize():  .Toplevel.Actor1
Initializing actor: .Toplevel.Actor1.
Invoking initialize():  .Toplevel.Actor2
Initializing actor: .Toplevel.Actor2.
Invoking initialize():  .Toplevel.Delay
Initializing actor: .Toplevel.Delay.
Director: Called prefire().
-- Setting current time to 0.0
Director prefire returns true.
The actor .Toplevel.Actor1 will be iterated.
The actor .Toplevel.Actor1 was iterated.
The actor .Toplevel.Actor2 will be iterated.
The actor .Toplevel.Actor2 was iterated.
The actor .Toplevel.Delay will be iterated.
The actor .Toplevel.Delay was iterated.
Director: Called postfire().
Postfire returns: true
Director: Called prefire().
-- Setting current time to 0.0
Director prefire returns true.
The actor .Toplevel.Actor1 will be iterated.
The actor .Toplevel.Actor1 was iterated.
The actor .Toplevel.Actor2 will be iterated.
The actor .Toplevel.Actor2 was iterated.
The actor .Toplevel.Delay will be iterated.
The actor .Toplevel.Delay was iterated.
Director: Called postfire().
Postfire returns: true
Director: Called prefire().
-- Setting current time to 0.0
Director prefire returns true.
The actor .Toplevel.Actor1 will be iterated.
The actor .Toplevel.Actor1 was iterated.
The actor .Toplevel.Actor2 will be iterated.
The actor .Toplevel.Actor2 was iterated.
The actor .Toplevel.Delay will be iterated.
The actor .Toplevel.Delay was iterated.
Director: Called postfire().
Postfire returns: true
Director: Called prefire().
-- Setting current time to 0.0
Director prefire returns true.
The actor .Toplevel.Actor1 will be iterated.
The actor .Toplevel.Actor1 was iterated.
The actor .Toplevel.Actor2 will be iterated.
The actor .Toplevel.Actor2 was iterated.
The actor .Toplevel.Delay will be iterated.
The actor .Toplevel.Delay was iterated.
Director: Called postfire().
Postfire returns: true
Director: Called prefire().
-- Setting current time to 0.0
Director prefire returns true.
The actor .Toplevel.Actor1 will be iterated.
The actor .Toplevel.Actor1 was iterated.
The actor .Toplevel.Actor2 will be iterated.
The actor .Toplevel.Actor2 was iterated.
The actor .Toplevel.Delay will be iterated.
The actor .Toplevel.Delay was iterated.
Director: Called postfire().
Postfire returns: true
Director: Called prefire().
-- Setting current time to 0.0
Director prefire returns true.
The actor .Toplevel.Actor1 will be iterated.
The actor .Toplevel.Actor1 was iterated.
The actor .Toplevel.Actor2 will be iterated.
The actor .Toplevel.Actor2 was iterated.
The actor .Toplevel.Delay will be iterated.
The actor .Toplevel.Delay was iterated.
Reached specified number of iterations: 6
Director: Called wrapup().
29 ms. Memory: 129024K Free: 62918K (49%)
05/10/20 02:34:28
Failed: 0  Total Tests: 8  ((Passed: 8, Newly Passed: 0)  Known Failed: 0) /home/travis/build/icyphy/ptII/ptolemy/domains/sdf/test
No auto/knownFailedTests/*.xml tests in /home/travis/build/icyphy/ptII/ptolemy/domains/sdf/test
No auto/linux-amd64/*.xml tests in /home/travis/build/icyphy/ptII/ptolemy/domains/sdf/test
AutoTests.java: About to close Vertx.
AutoTests.java: Vertx closed.

===========================================================================================
----------------- testing Sun May 10 14:34:29 UTC 2020 /home/travis/build/icyphy/ptII/ptolemy/domains/sdf/test/auto/Array.xml
----------------- Instantiating /home/travis/build/icyphy/ptII/ptolemy/domains/sdf/test/auto/Array.xml
40 ms. Memory: 129024K Free: 106749K (83%)
----------------- Invoking toplevel() on ptolemy.moml.MoMLSimpleApplication@70959545
----------------- Done invoking toplevel() on ptolemy.moml.MoMLSimpleApplication@70959545
reloadAllAccessors: .Array

===========================================================================================
----------------- testing Sun May 10 14:34:29 UTC 2020 /home/travis/build/icyphy/ptII/ptolemy/domains/sdf/test/auto/Butterfly.xml
----------------- Instantiating /home/travis/build/icyphy/ptII/ptolemy/domains/sdf/test/auto/Butterfly.xml
96 ms. Memory: 129024K Free: 100949K (78%)
----------------- Invoking toplevel() on ptolemy.moml.MoMLSimpleApplication@4b721619
----------------- Done invoking toplevel() on ptolemy.moml.MoMLSimpleApplication@4b721619
reloadAllAccessors: .Butterfly

===========================================================================================
----------------- testing Sun May 10 14:34:29 UTC 2020 /home/travis/build/icyphy/ptII/ptolemy/domains/sdf/test/auto/Expression.xml
----------------- Instantiating /home/travis/build/icyphy/ptII/ptolemy/domains/sdf/test/auto/Expression.xml
47 ms. Memory: 129024K Free: 96287K (75%)
----------------- Invoking toplevel() on ptolemy.moml.MoMLSimpleApplication@5bb5f3a5
----------------- Done invoking toplevel() on ptolemy.moml.MoMLSimpleApplication@5bb5f3a5
reloadAllAccessors: .Expression

===========================================================================================
----------------- testing Sun May 10 14:34:29 UTC 2020 /home/travis/build/icyphy/ptII/ptolemy/domains/sdf/test/auto/Eye.xml
----------------- Instantiating /home/travis/build/icyphy/ptII/ptolemy/domains/sdf/test/auto/Eye.xml
178 ms. Memory: 129024K Free: 70980K (55%)
----------------- Invoking toplevel() on ptolemy.moml.MoMLSimpleApplication@370fbe0d
----------------- Done invoking toplevel() on ptolemy.moml.MoMLSimpleApplication@370fbe0d
reloadAllAccessors: .Eye

===========================================================================================
----------------- testing Sun May 10 14:34:30 UTC 2020 /home/travis/build/icyphy/ptII/ptolemy/domains/sdf/test/auto/FixFIR.xml
----------------- Instantiating /home/travis/build/icyphy/ptII/ptolemy/domains/sdf/test/auto/FixFIR.xml
171 ms. Memory: 129024K Free: 82548K (64%)
----------------- Invoking toplevel() on ptolemy.moml.MoMLSimpleApplication@66b79196
----------------- Done invoking toplevel() on ptolemy.moml.MoMLSimpleApplication@66b79196
reloadAllAccessors: .FixFIR

===========================================================================================
----------------- testing Sun May 10 14:34:30 UTC 2020 /home/travis/build/icyphy/ptII/ptolemy/domains/sdf/test/auto/FixPoint.xml
----------------- Instantiating /home/travis/build/icyphy/ptII/ptolemy/domains/sdf/test/auto/FixPoint.xml
10 ms. Memory: 129024K Free: 78034K (60%)
----------------- Invoking toplevel() on ptolemy.moml.MoMLSimpleApplication@11e8fc89
----------------- Done invoking toplevel() on ptolemy.moml.MoMLSimpleApplication@11e8fc89
reloadAllAccessors: .FixPoint

===========================================================================================
----------------- testing Sun May 10 14:34:30 UTC 2020 /home/travis/build/icyphy/ptII/ptolemy/domains/sdf/test/auto/Gravitation.xml
----------------- Instantiating /home/travis/build/icyphy/ptII/ptolemy/domains/sdf/test/auto/Gravitation.xml
3185 ms. Memory: 162816K Free: 143623K (88%)
----------------- Invoking toplevel() on ptolemy.moml.MoMLSimpleApplication@c50d210
----------------- Done invoking toplevel() on ptolemy.moml.MoMLSimpleApplication@c50d210
reloadAllAccessors: .Gravitation

===========================================================================================
----------------- testing Sun May 10 14:34:33 UTC 2020 /home/travis/build/icyphy/ptII/ptolemy/domains/sdf/test/auto/GravitationWithCollisionDetection.xml
----------------- Instantiating /home/travis/build/icyphy/ptII/ptolemy/domains/sdf/test/auto/GravitationWithCollisionDetection.xml
5731 ms. Memory: 310272K Free: 284901K (92%)
----------------- Invoking toplevel() on ptolemy.moml.MoMLSimpleApplication@4390331b
----------------- Done invoking toplevel() on ptolemy.moml.MoMLSimpleApplication@4390331b
reloadAllAccessors: .GravitationWithCollisionDetection

===========================================================================================
----------------- testing Sun May 10 14:34:39 UTC 2020 /home/travis/build/icyphy/ptII/ptolemy/domains/sdf/test/auto/HDF.xml
----------------- Instantiating /home/travis/build/icyphy/ptII/ptolemy/domains/sdf/test/auto/HDF.xml
21 ms. Memory: 310272K Free: 269027K (87%)
----------------- Invoking toplevel() on ptolemy.moml.MoMLSimpleApplication@12abb496
----------------- Done invoking toplevel() on ptolemy.moml.MoMLSimpleApplication@12abb496
reloadAllAccessors: .HDF

===========================================================================================
----------------- testing Sun May 10 14:34:39 UTC 2020 /home/travis/build/icyphy/ptII/ptolemy/domains/sdf/test/auto/HDFwithTransientStates.xml
----------------- Instantiating /home/travis/build/icyphy/ptII/ptolemy/domains/sdf/test/auto/HDFwithTransientStates.xml
34 ms. Memory: 310272K Free: 250085K (81%)
----------------- Invoking toplevel() on ptolemy.moml.MoMLSimpleApplication@3c2fec11
----------------- Done invoking toplevel() on ptolemy.moml.MoMLSimpleApplication@3c2fec11
reloadAllAccessors: .HDFwithTransientStates

===========================================================================================
----------------- testing Sun May 10 14:34:39 UTC 2020 /home/travis/build/icyphy/ptII/ptolemy/domains/sdf/test/auto/HTVQ.xml
----------------- Instantiating /home/travis/build/icyphy/ptII/ptolemy/domains/sdf/test/auto/HTVQ.xml
780 ms. Memory: 310272K Free: 263490K (85%)
----------------- Invoking toplevel() on ptolemy.moml.MoMLSimpleApplication@cebcafc
----------------- Done invoking toplevel() on ptolemy.moml.MoMLSimpleApplication@cebcafc
reloadAllAccessors: .HTVQ

===========================================================================================
----------------- testing Sun May 10 14:34:40 UTC 2020 /home/travis/build/icyphy/ptII/ptolemy/domains/sdf/test/auto/InferInitProduction.xml
----------------- Instantiating /home/travis/build/icyphy/ptII/ptolemy/domains/sdf/test/auto/InferInitProduction.xml
8 ms. Memory: 310272K Free: 257431K (83%)
----------------- Invoking toplevel() on ptolemy.moml.MoMLSimpleApplication@5be71d3a
----------------- Done invoking toplevel() on ptolemy.moml.MoMLSimpleApplication@5be71d3a
reloadAllAccessors: .InferInitProduction

===========================================================================================
----------------- testing Sun May 10 14:34:40 UTC 2020 /home/travis/build/icyphy/ptII/ptolemy/domains/sdf/test/auto/InferInitProductionDeeper.xml
----------------- Instantiating /home/travis/build/icyphy/ptII/ptolemy/domains/sdf/test/auto/InferInitProductionDeeper.xml
5 ms. Memory: 310272K Free: 251815K (81%)
----------------- Invoking toplevel() on ptolemy.moml.MoMLSimpleApplication@4a9ee178
----------------- Done invoking toplevel() on ptolemy.moml.MoMLSimpleApplication@4a9ee178
reloadAllAccessors: .InferInitProductionDeeper

===========================================================================================
----------------- testing Sun May 10 14:34:40 UTC 2020 /home/travis/build/icyphy/ptII/ptolemy/domains/sdf/test/auto/LMSAdaptive.xml
----------------- Instantiating /home/travis/build/icyphy/ptII/ptolemy/domains/sdf/test/auto/LMSAdaptive.xml
13 ms. Memory: 310272K Free: 242085K (78%)
----------------- Invoking toplevel() on ptolemy.moml.MoMLSimpleApplication@28970074
----------------- Done invoking toplevel() on ptolemy.moml.MoMLSimpleApplication@28970074
reloadAllAccessors: .LMSAdaptive

===========================================================================================
----------------- testing Sun May 10 14:34:40 UTC 2020 /home/travis/build/icyphy/ptII/ptolemy/domains/sdf/test/auto/LogisticMap.xml
----------------- Instantiating /home/travis/build/icyphy/ptII/ptolemy/domains/sdf/test/auto/LogisticMap.xml
433 ms. Memory: 310272K Free: 235941K (76%)
----------------- Invoking toplevel() on ptolemy.moml.MoMLSimpleApplication@3e82c1f
----------------- Done invoking toplevel() on ptolemy.moml.MoMLSimpleApplication@3e82c1f
reloadAllAccessors: .LogisticMap

===========================================================================================
----------------- testing Sun May 10 14:34:41 UTC 2020 /home/travis/build/icyphy/ptII/ptolemy/domains/sdf/test/auto/MaximumEntropySpectrum.xml
----------------- Instantiating /home/travis/build/icyphy/ptII/ptolemy/domains/sdf/test/auto/MaximumEntropySpectrum.xml
80 ms. Memory: 310272K Free: 174501K (56%)
----------------- Invoking toplevel() on ptolemy.moml.MoMLSimpleApplication@4187400d
----------------- Done invoking toplevel() on ptolemy.moml.MoMLSimpleApplication@4187400d
reloadAllAccessors: .MaximumEntropySpectrum

===========================================================================================
----------------- testing Sun May 10 14:34:41 UTC 2020 /home/travis/build/icyphy/ptII/ptolemy/domains/sdf/test/auto/MultirateSDF.xml
----------------- Instantiating /home/travis/build/icyphy/ptII/ptolemy/domains/sdf/test/auto/MultirateSDF.xml
19 ms. Memory: 310272K Free: 159655K (51%)
----------------- Invoking toplevel() on ptolemy.moml.MoMLSimpleApplication@7e84f816
----------------- Done invoking toplevel() on ptolemy.moml.MoMLSimpleApplication@7e84f816
reloadAllAccessors: .MultirateSDF

===========================================================================================
----------------- testing Sun May 10 14:34:41 UTC 2020 /home/travis/build/icyphy/ptII/ptolemy/domains/sdf/test/auto/MultirateSDFwithTransientStates.xml
----------------- Instantiating /home/travis/build/icyphy/ptII/ptolemy/domains/sdf/test/auto/MultirateSDFwithTransientStates.xml
19 ms. Memory: 310272K Free: 141727K (46%)
----------------- Invoking toplevel() on ptolemy.moml.MoMLSimpleApplication@58b861ac
----------------- Done invoking toplevel() on ptolemy.moml.MoMLSimpleApplication@58b861ac
reloadAllAccessors: .MultirateSDFwithTransientStates

===========================================================================================
----------------- testing Sun May 10 14:34:41 UTC 2020 /home/travis/build/icyphy/ptII/ptolemy/domains/sdf/test/auto/NoisySinewave.xml
----------------- Instantiating /home/travis/build/icyphy/ptII/ptolemy/domains/sdf/test/auto/NoisySinewave.xml
11 ms. Memory: 310272K Free: 125863K (41%)
----------------- Invoking toplevel() on ptolemy.moml.MoMLSimpleApplication@1f57ada1
----------------- Done invoking toplevel() on ptolemy.moml.MoMLSimpleApplication@1f57ada1
reloadAllAccessors: .NoisySinewave

===========================================================================================
----------------- testing Sun May 10 14:34:41 UTC 2020 /home/travis/build/icyphy/ptII/ptolemy/domains/sdf/test/auto/Objects.xml
----------------- Instantiating /home/travis/build/icyphy/ptII/ptolemy/domains/sdf/test/auto/Objects.xml
3 ms. Memory: 310272K Free: 117157K (38%)
----------------- Invoking toplevel() on ptolemy.moml.MoMLSimpleApplication@5a6cabc5
----------------- Done invoking toplevel() on ptolemy.moml.MoMLSimpleApplication@5a6cabc5
reloadAllAccessors: .Objects

===========================================================================================
----------------- testing Sun May 10 14:34:41 UTC 2020 /home/travis/build/icyphy/ptII/ptolemy/domains/sdf/test/auto/OrthogonalCom.xml
----------------- Instantiating /home/travis/build/icyphy/ptII/ptolemy/domains/sdf/test/auto/OrthogonalCom.xml
5 ms. Memory: 310272K Free: 109479K (35%)
----------------- Invoking toplevel() on ptolemy.moml.MoMLSimpleApplication@2c255899
----------------- Done invoking toplevel() on ptolemy.moml.MoMLSimpleApplication@2c255899
reloadAllAccessors: .OrthogonalCom

===========================================================================================
----------------- testing Sun May 10 14:34:41 UTC 2020 /home/travis/build/icyphy/ptII/ptolemy/domains/sdf/test/auto/RijndaelEncryption.xml
----------------- Instantiating /home/travis/build/icyphy/ptII/ptolemy/domains/sdf/test/auto/RijndaelEncryption.xml
203 ms. Memory: 386048K Free: 220647K (57%)
----------------- Invoking toplevel() on ptolemy.moml.MoMLSimpleApplication@1e20788
----------------- Done invoking toplevel() on ptolemy.moml.MoMLSimpleApplication@1e20788
reloadAllAccessors: .RijndaelEncryption

===========================================================================================
----------------- testing Sun May 10 14:34:42 UTC 2020 /home/travis/build/icyphy/ptII/ptolemy/domains/sdf/test/auto/SDFEmptyIterations.xml
----------------- Instantiating /home/travis/build/icyphy/ptII/ptolemy/domains/sdf/test/auto/SDFEmptyIterations.xml
5 ms. Memory: 386048K Free: 216551K (56%)
----------------- Invoking toplevel() on ptolemy.moml.MoMLSimpleApplication@38c7c555
----------------- Done invoking toplevel() on ptolemy.moml.MoMLSimpleApplication@38c7c555
reloadAllAccessors: .SDFEmptyIterations

===========================================================================================
----------------- testing Sun May 10 14:34:42 UTC 2020 /home/travis/build/icyphy/ptII/ptolemy/domains/sdf/test/auto/Spectrum.xml
----------------- Instantiating /home/travis/build/icyphy/ptII/ptolemy/domains/sdf/test/auto/Spectrum.xml
28 ms. Memory: 386048K Free: 191975K (50%)
----------------- Invoking toplevel() on ptolemy.moml.MoMLSimpleApplication@667c83bb
----------------- Done invoking toplevel() on ptolemy.moml.MoMLSimpleApplication@667c83bb
reloadAllAccessors: .Spectrum

===========================================================================================
----------------- testing Sun May 10 14:34:42 UTC 2020 /home/travis/build/icyphy/ptII/ptolemy/domains/sdf/test/auto/de_inside_sdf.xml
----------------- Instantiating /home/travis/build/icyphy/ptII/ptolemy/domains/sdf/test/auto/de_inside_sdf.xml
6 ms. Memory: 386048K Free: 186311K (48%)
----------------- Invoking toplevel() on ptolemy.moml.MoMLSimpleApplication@78e1c141
----------------- Done invoking toplevel() on ptolemy.moml.MoMLSimpleApplication@78e1c141
reloadAllAccessors: .de_inside_sdf

===========================================================================================
----------------- testing Sun May 10 14:34:42 UTC 2020 /home/travis/build/icyphy/ptII/ptolemy/domains/sdf/test/auto/disconnectedHierarchicalSDF.xml
----------------- Instantiating /home/travis/build/icyphy/ptII/ptolemy/domains/sdf/test/auto/disconnectedHierarchicalSDF.xml
5 ms. Memory: 386048K Free: 180197K (47%)
----------------- Invoking toplevel() on ptolemy.moml.MoMLSimpleApplication@4891e554
----------------- Done invoking toplevel() on ptolemy.moml.MoMLSimpleApplication@4891e554
reloadAllAccessors: .disconnectedHierarchicalSDF

===========================================================================================
----------------- testing Sun May 10 14:34:42 UTC 2020 /home/travis/build/icyphy/ptII/ptolemy/domains/sdf/test/auto/disconnectedSDF.xml
----------------- Instantiating /home/travis/build/icyphy/ptII/ptolemy/domains/sdf/test/auto/disconnectedSDF.xml
2 ms. Memory: 386048K Free: 176101K (46%)
----------------- Invoking toplevel() on ptolemy.moml.MoMLSimpleApplication@62a99534
----------------- Done invoking toplevel() on ptolemy.moml.MoMLSimpleApplication@62a99534
reloadAllAccessors: .disconnectedSDF

===========================================================================================
----------------- testing Sun May 10 14:34:42 UTC 2020 /home/travis/build/icyphy/ptII/ptolemy/domains/sdf/test/auto/emptyRefinement.xml
----------------- Instantiating /home/travis/build/icyphy/ptII/ptolemy/domains/sdf/test/auto/emptyRefinement.xml
4 ms. Memory: 386048K Free: 172005K (45%)
----------------- Invoking toplevel() on ptolemy.moml.MoMLSimpleApplication@2a9a0eb1
----------------- Done invoking toplevel() on ptolemy.moml.MoMLSimpleApplication@2a9a0eb1
reloadAllAccessors: .emptyRefinement

===========================================================================================
----------------- testing Sun May 10 14:34:42 UTC 2020 /home/travis/build/icyphy/ptII/ptolemy/domains/sdf/test/auto/filePortParameter.xml
----------------- Instantiating /home/travis/build/icyphy/ptII/ptolemy/domains/sdf/test/auto/filePortParameter.xml
15 ms. Memory: 386048K Free: 164327K (43%)
----------------- Invoking toplevel() on ptolemy.moml.MoMLSimpleApplication@68b005b6
----------------- Done invoking toplevel() on ptolemy.moml.MoMLSimpleApplication@68b005b6
reloadAllAccessors: .filePortParameter

===========================================================================================
----------------- testing Sun May 10 14:34:42 UTC 2020 /home/travis/build/icyphy/ptII/ptolemy/domains/sdf/test/auto/inferRelationWidth1.xml
----------------- Instantiating /home/travis/build/icyphy/ptII/ptolemy/domains/sdf/test/auto/inferRelationWidth1.xml
2 ms. Memory: 386048K Free: 161255K (42%)
----------------- Invoking toplevel() on ptolemy.moml.MoMLSimpleApplication@6e13c558
----------------- Done invoking toplevel() on ptolemy.moml.MoMLSimpleApplication@6e13c558
reloadAllAccessors: .inferRelationWidth1

===========================================================================================
----------------- testing Sun May 10 14:34:42 UTC 2020 /home/travis/build/icyphy/ptII/ptolemy/domains/sdf/test/auto/initProductionInference.xml
----------------- Instantiating /home/travis/build/icyphy/ptII/ptolemy/domains/sdf/test/auto/initProductionInference.xml
8 ms. Memory: 386048K Free: 157159K (41%)
----------------- Invoking toplevel() on ptolemy.moml.MoMLSimpleApplication@4fff6c38
----------------- Done invoking toplevel() on ptolemy.moml.MoMLSimpleApplication@4fff6c38
reloadAllAccessors: .initProductionInference

===========================================================================================
----------------- testing Sun May 10 14:34:42 UTC 2020 /home/travis/build/icyphy/ptII/ptolemy/domains/sdf/test/auto/relationGroup.xml
----------------- Instantiating /home/travis/build/icyphy/ptII/ptolemy/domains/sdf/test/auto/relationGroup.xml
5 ms. Memory: 386048K Free: 154087K (40%)
----------------- Invoking toplevel() on ptolemy.moml.MoMLSimpleApplication@16ff8d6
----------------- Done invoking toplevel() on ptolemy.moml.MoMLSimpleApplication@16ff8d6
reloadAllAccessors: .relationGroup

===========================================================================================
----------------- testing Sun May 10 14:34:42 UTC 2020 /home/travis/build/icyphy/ptII/ptolemy/domains/sdf/test/auto/relationGroup10.xml
----------------- Instantiating /home/travis/build/icyphy/ptII/ptolemy/domains/sdf/test/auto/relationGroup10.xml
2 ms. Memory: 386048K Free: 150501K (39%)
----------------- Invoking toplevel() on ptolemy.moml.MoMLSimpleApplication@158bda98
----------------- Done invoking toplevel() on ptolemy.moml.MoMLSimpleApplication@158bda98
reloadAllAccessors: .relationGroup10

===========================================================================================
----------------- testing Sun May 10 14:34:42 UTC 2020 /home/travis/build/icyphy/ptII/ptolemy/domains/sdf/test/auto/relationGroup11.xml
----------------- Instantiating /home/travis/build/icyphy/ptII/ptolemy/domains/sdf/test/auto/relationGroup11.xml
1 ms. Memory: 386048K Free: 146919K (38%)
----------------- Invoking toplevel() on ptolemy.moml.MoMLSimpleApplication@42476544
----------------- Done invoking toplevel() on ptolemy.moml.MoMLSimpleApplication@42476544
reloadAllAccessors: .relationGroup11

===========================================================================================
----------------- testing Sun May 10 14:34:42 UTC 2020 /home/travis/build/icyphy/ptII/ptolemy/domains/sdf/test/auto/relationGroup12.xml
----------------- Instantiating /home/travis/build/icyphy/ptII/ptolemy/domains/sdf/test/auto/relationGroup12.xml
2 ms. Memory: 386048K Free: 142823K (37%)
----------------- Invoking toplevel() on ptolemy.moml.MoMLSimpleApplication@44753d95
----------------- Done invoking toplevel() on ptolemy.moml.MoMLSimpleApplication@44753d95
reloadAllAccessors: .relationGroup12

===========================================================================================
----------------- testing Sun May 10 14:34:42 UTC 2020 /home/travis/build/icyphy/ptII/ptolemy/domains/sdf/test/auto/relationGroup13.xml
----------------- Instantiating /home/travis/build/icyphy/ptII/ptolemy/domains/sdf/test/auto/relationGroup13.xml
5 ms. Memory: 386048K Free: 138213K (36%)
----------------- Invoking toplevel() on ptolemy.moml.MoMLSimpleApplication@4cf8776a
----------------- Done invoking toplevel() on ptolemy.moml.MoMLSimpleApplication@4cf8776a
reloadAllAccessors: .relationGroup13

===========================================================================================
----------------- testing Sun May 10 14:34:42 UTC 2020 /home/travis/build/icyphy/ptII/ptolemy/domains/sdf/test/auto/relationGroup14.xml
----------------- Instantiating /home/travis/build/icyphy/ptII/ptolemy/domains/sdf/test/auto/relationGroup14.xml
3 ms. Memory: 386048K Free: 363138K (94%)
----------------- Invoking toplevel() on ptolemy.moml.MoMLSimpleApplication@1bfc8c41
----------------- Done invoking toplevel() on ptolemy.moml.MoMLSimpleApplication@1bfc8c41
reloadAllAccessors: .relationGroup14

===========================================================================================
----------------- testing Sun May 10 14:34:42 UTC 2020 /home/travis/build/icyphy/ptII/ptolemy/domains/sdf/test/auto/relationGroup15.xml
----------------- Instantiating /home/travis/build/icyphy/ptII/ptolemy/domains/sdf/test/auto/relationGroup15.xml
2 ms. Memory: 386048K Free: 359552K (93%)
----------------- Invoking toplevel() on ptolemy.moml.MoMLSimpleApplication@fff879d
----------------- Done invoking toplevel() on ptolemy.moml.MoMLSimpleApplication@fff879d
reloadAllAccessors: .relationGroup15

===========================================================================================
----------------- testing Sun May 10 14:34:42 UTC 2020 /home/travis/build/icyphy/ptII/ptolemy/domains/sdf/test/auto/relationGroup2.xml
----------------- Instantiating /home/travis/build/icyphy/ptII/ptolemy/domains/sdf/test/auto/relationGroup2.xml
2 ms. Memory: 386048K Free: 356480K (92%)
----------------- Invoking toplevel() on ptolemy.moml.MoMLSimpleApplication@4c7fe605
----------------- Done invoking toplevel() on ptolemy.moml.MoMLSimpleApplication@4c7fe605
reloadAllAccessors: .relationGroup2

===========================================================================================
----------------- testing Sun May 10 14:34:42 UTC 2020 /home/travis/build/icyphy/ptII/ptolemy/domains/sdf/test/auto/relationGroup3.xml
----------------- Instantiating /home/travis/build/icyphy/ptII/ptolemy/domains/sdf/test/auto/relationGroup3.xml
2 ms. Memory: 386048K Free: 353408K (92%)
----------------- Invoking toplevel() on ptolemy.moml.MoMLSimpleApplication@40ae2493
----------------- Done invoking toplevel() on ptolemy.moml.MoMLSimpleApplication@40ae2493
reloadAllAccessors: .relationGroup3

===========================================================================================
----------------- testing Sun May 10 14:34:42 UTC 2020 /home/travis/build/icyphy/ptII/ptolemy/domains/sdf/test/auto/relationGroup4.xml
----------------- Instantiating /home/travis/build/icyphy/ptII/ptolemy/domains/sdf/test/auto/relationGroup4.xml
6 ms. Memory: 386048K Free: 349312K (90%)
----------------- Invoking toplevel() on ptolemy.moml.MoMLSimpleApplication@552b2603
----------------- Done invoking toplevel() on ptolemy.moml.MoMLSimpleApplication@552b2603
reloadAllAccessors: .relationGroup4

===========================================================================================
----------------- testing Sun May 10 14:34:42 UTC 2020 /home/travis/build/icyphy/ptII/ptolemy/domains/sdf/test/auto/relationGroup5.xml
----------------- Instantiating /home/travis/build/icyphy/ptII/ptolemy/domains/sdf/test/auto/relationGroup5.xml
2 ms. Memory: 386048K Free: 344706K (89%)
----------------- Invoking toplevel() on ptolemy.moml.MoMLSimpleApplication@10e0e88b
----------------- Done invoking toplevel() on ptolemy.moml.MoMLSimpleApplication@10e0e88b
reloadAllAccessors: .relationGroup5

===========================================================================================
----------------- testing Sun May 10 14:34:42 UTC 2020 /home/travis/build/icyphy/ptII/ptolemy/domains/sdf/test/auto/relationGroup6.xml
----------------- Instantiating /home/travis/build/icyphy/ptII/ptolemy/domains/sdf/test/auto/relationGroup6.xml
3 ms. Memory: 386048K Free: 340096K (88%)
----------------- Invoking toplevel() on ptolemy.moml.MoMLSimpleApplication@31eb401a
----------------- Done invoking toplevel() on ptolemy.moml.MoMLSimpleApplication@31eb401a
reloadAllAccessors: .relationGroup6

===========================================================================================
----------------- testing Sun May 10 14:34:42 UTC 2020 /home/travis/build/icyphy/ptII/ptolemy/domains/sdf/test/auto/relationGroup7.xml
----------------- Instantiating /home/travis/build/icyphy/ptII/ptolemy/domains/sdf/test/auto/relationGroup7.xml
2 ms. Memory: 386048K Free: 336514K (87%)
----------------- Invoking toplevel() on ptolemy.moml.MoMLSimpleApplication@7f1d06be
----------------- Done invoking toplevel() on ptolemy.moml.MoMLSimpleApplication@7f1d06be
reloadAllAccessors: .relationGroup7

===========================================================================================
----------------- testing Sun May 10 14:34:42 UTC 2020 /home/travis/build/icyphy/ptII/ptolemy/domains/sdf/test/auto/relationGroup8.xml
----------------- Instantiating /home/travis/build/icyphy/ptII/ptolemy/domains/sdf/test/auto/relationGroup8.xml
1 ms. Memory: 386048K Free: 333442K (86%)
----------------- Invoking toplevel() on ptolemy.moml.MoMLSimpleApplication@32ac0b33
----------------- Done invoking toplevel() on ptolemy.moml.MoMLSimpleApplication@32ac0b33
reloadAllAccessors: .relationGroup8

===========================================================================================
----------------- testing Sun May 10 14:34:42 UTC 2020 /home/travis/build/icyphy/ptII/ptolemy/domains/sdf/test/auto/relationGroup9.xml
----------------- Instantiating /home/travis/build/icyphy/ptII/ptolemy/domains/sdf/test/auto/relationGroup9.xml
4 ms. Memory: 386048K Free: 328832K (85%)
----------------- Invoking toplevel() on ptolemy.moml.MoMLSimpleApplication@4d1dfa99
----------------- Done invoking toplevel() on ptolemy.moml.MoMLSimpleApplication@4d1dfa99
reloadAllAccessors: .relationGroup9

===========================================================================================
----------------- testing Sun May 10 14:34:42 UTC 2020 /home/travis/build/icyphy/ptII/ptolemy/domains/sdf/test/auto/sdf_inside_de.xml
----------------- Instantiating /home/travis/build/icyphy/ptII/ptolemy/domains/sdf/test/auto/sdf_inside_de.xml
9 ms. Memory: 386048K Free: 320130K (83%)
----------------- Invoking toplevel() on ptolemy.moml.MoMLSimpleApplication@4b7c91b
----------------- Done invoking toplevel() on ptolemy.moml.MoMLSimpleApplication@4b7c91b
reloadAllAccessors: .sdf_inside_de

===========================================================================================
----------------- testing Sun May 10 14:34:42 UTC 2020 /home/travis/build/icyphy/ptII/ptolemy/domains/sdf/test/auto/sdf_inside_pn.xml
----------------- Instantiating /home/travis/build/icyphy/ptII/ptolemy/domains/sdf/test/auto/sdf_inside_pn.xml
41 ms. Memory: 386048K Free: 311424K (81%)
----------------- Invoking toplevel() on ptolemy.moml.MoMLSimpleApplication@620377d8
----------------- Done invoking toplevel() on ptolemy.moml.MoMLSimpleApplication@620377d8
reloadAllAccessors: .sdf_inside_pn

===========================================================================================
----------------- testing Sun May 10 14:34:42 UTC 2020 /home/travis/build/icyphy/ptII/ptolemy/domains/sdf/test/auto/sdf_sdf1.xml
----------------- Instantiating /home/travis/build/icyphy/ptII/ptolemy/domains/sdf/test/auto/sdf_sdf1.xml
4 ms. Memory: 386048K Free: 305794K (79%)
----------------- Invoking toplevel() on ptolemy.moml.MoMLSimpleApplication@73ec5074
----------------- Done invoking toplevel() on ptolemy.moml.MoMLSimpleApplication@73ec5074
reloadAllAccessors: .sdf_sdf1

===========================================================================================
----------------- testing Sun May 10 14:34:43 UTC 2020 /home/travis/build/icyphy/ptII/ptolemy/domains/sdf/test/auto/test1.xml
----------------- Instantiating /home/travis/build/icyphy/ptII/ptolemy/domains/sdf/test/auto/test1.xml
2 ms. Memory: 386048K Free: 300674K (78%)
----------------- Invoking toplevel() on ptolemy.moml.MoMLSimpleApplication@2d04e085
----------------- Done invoking toplevel() on ptolemy.moml.MoMLSimpleApplication@2d04e085
reloadAllAccessors: .test1

===========================================================================================
----------------- testing Sun May 10 14:34:43 UTC 2020 /home/travis/build/icyphy/ptII/ptolemy/domains/sdf/test/auto/time1.xml
----------------- Instantiating /home/travis/build/icyphy/ptII/ptolemy/domains/sdf/test/auto/time1.xml
2 ms. Memory: 386048K Free: 297088K (77%)
----------------- Invoking toplevel() on ptolemy.moml.MoMLSimpleApplication@78beb623
----------------- Done invoking toplevel() on ptolemy.moml.MoMLSimpleApplication@78beb623
reloadAllAccessors: .time1

===========================================================================================
----------------- testing Sun May 10 14:34:43 UTC 2020 /home/travis/build/icyphy/ptII/ptolemy/domains/sdf/test/auto/time2.xml
----------------- Instantiating /home/travis/build/icyphy/ptII/ptolemy/domains/sdf/test/auto/time2.xml
2 ms. Memory: 386048K Free: 294016K (76%)
----------------- Invoking toplevel() on ptolemy.moml.MoMLSimpleApplication@4a5a3bff
----------------- Done invoking toplevel() on ptolemy.moml.MoMLSimpleApplication@4a5a3bff
reloadAllAccessors: .time2

===========================================================================================
----------------- testing Sun May 10 14:34:43 UTC 2020 /home/travis/build/icyphy/ptII/ptolemy/domains/sdf/test/auto/time3.xml
----------------- Instantiating /home/travis/build/icyphy/ptII/ptolemy/domains/sdf/test/auto/time3.xml
5 ms. Memory: 386048K Free: 288386K (75%)
----------------- Invoking toplevel() on ptolemy.moml.MoMLSimpleApplication@5ada3526
----------------- Done invoking toplevel() on ptolemy.moml.MoMLSimpleApplication@5ada3526
reloadAllAccessors: .time3

===========================================================================================
----------------- testing Sun May 10 14:34:43 UTC 2020 /home/travis/build/icyphy/ptII/ptolemy/domains/sdf/test/auto/time4.xml
----------------- Instantiating /home/travis/build/icyphy/ptII/ptolemy/domains/sdf/test/auto/time4.xml
5 ms. Memory: 386048K Free: 282738K (73%)
----------------- Invoking toplevel() on ptolemy.moml.MoMLSimpleApplication@162ae689
----------------- Done invoking toplevel() on ptolemy.moml.MoMLSimpleApplication@162ae689
reloadAllAccessors: .time4

===========================================================================================
----------------- testing Sun May 10 14:34:43 UTC 2020 /home/travis/build/icyphy/ptII/ptolemy/domains/sdf/test/auto/time5.xml
----------------- Instantiating /home/travis/build/icyphy/ptII/ptolemy/domains/sdf/test/auto/time5.xml
4002 ms. Memory: 386048K Free: 279170K (72%)
----------------- Invoking toplevel() on ptolemy.moml.MoMLSimpleApplication@40283dcb
----------------- Done invoking toplevel() on ptolemy.moml.MoMLSimpleApplication@40283dcb
reloadAllAccessors: .time5

===========================================================================================
----------------- testing Sun May 10 14:34:47 UTC 2020 /home/travis/build/icyphy/ptII/ptolemy/domains/sdf/test/auto/typeSystem_Const_Integer_smallest_Type.xml
----------------- Instantiating /home/travis/build/icyphy/ptII/ptolemy/domains/sdf/test/auto/typeSystem_Const_Integer_smallest_Type.xml
5 ms. Memory: 386048K Free: 274050K (71%)
----------------- Invoking toplevel() on ptolemy.moml.MoMLSimpleApplication@140f46ee
----------------- Done invoking toplevel() on ptolemy.moml.MoMLSimpleApplication@140f46ee
reloadAllAccessors: .typeSystem_Const_Integer_smallest_Type

===========================================================================================
----------------- testing Sun May 10 14:34:47 UTC 2020 /home/travis/build/icyphy/ptII/ptolemy/domains/sdf/test/auto/typeSystem_declared_Inports_OutportTypeException.xml
----------------- Instantiating /home/travis/build/icyphy/ptII/ptolemy/domains/sdf/test/auto/typeSystem_declared_Inports_OutportTypeException.xml
.typeSystem_declared_Inports_OutportTypeException.TestExceptionAttribute: initialize() was not invoked, but wrapup() was.  This is unusual, but not always a problem.  For example, exporting JNLP will do this.
5 ms. Memory: 386048K Free: 270464K (70%)
----------------- Invoking toplevel() on ptolemy.moml.MoMLSimpleApplication@2b1f09e5
----------------- Done invoking toplevel() on ptolemy.moml.MoMLSimpleApplication@2b1f09e5
reloadAllAccessors: .typeSystem_declared_Inports_OutportTypeException

===========================================================================================
----------------- testing Sun May 10 14:34:47 UTC 2020 /home/travis/build/icyphy/ptII/ptolemy/domains/sdf/test/auto/typeSystem_oneDeclaredInportType_wrongTypeOutport.xml
----------------- Instantiating /home/travis/build/icyphy/ptII/ptolemy/domains/sdf/test/auto/typeSystem_oneDeclaredInportType_wrongTypeOutport.xml
3 ms. Memory: 386048K Free: 266368K (69%)
----------------- Invoking toplevel() on ptolemy.moml.MoMLSimpleApplication@465f2253
----------------- Done invoking toplevel() on ptolemy.moml.MoMLSimpleApplication@465f2253
reloadAllAccessors: .typeSystem_oneDeclaredInportType_wrongTypeOutport

===========================================================================================
----------------- testing Sun May 10 14:34:47 UTC 2020 /home/travis/build/icyphy/ptII/ptolemy/domains/sdf/test/auto/width.xml
----------------- Instantiating /home/travis/build/icyphy/ptII/ptolemy/domains/sdf/test/auto/width.xml
1 ms. Memory: 386048K Free: 262786K (68%)
----------------- Invoking toplevel() on ptolemy.moml.MoMLSimpleApplication@141d891a
----------------- Done invoking toplevel() on ptolemy.moml.MoMLSimpleApplication@141d891a
reloadAllAccessors: .width

===========================================================================================
----------------- testing Sun May 10 14:34:47 UTC 2020 /home/travis/build/icyphy/ptII/ptolemy/domains/sdf/test/auto/width2.xml
----------------- Instantiating /home/travis/build/icyphy/ptII/ptolemy/domains/sdf/test/auto/width2.xml
26 ms. Memory: 386048K Free: 256642K (66%)
----------------- Invoking toplevel() on ptolemy.moml.MoMLSimpleApplication@68230ab7
----------------- Done invoking toplevel() on ptolemy.moml.MoMLSimpleApplication@68230ab7
reloadAllAccessors: .width2

===========================================================================================
----------------- testing Sun May 10 14:34:47 UTC 2020 /home/travis/build/icyphy/ptII/ptolemy/domains/sdf/test/auto/width3.xml
----------------- Instantiating /home/travis/build/icyphy/ptII/ptolemy/domains/sdf/test/auto/width3.xml
25 ms. Memory: 386048K Free: 250498K (65%)
----------------- Invoking toplevel() on ptolemy.moml.MoMLSimpleApplication@dee8a3
----------------- Done invoking toplevel() on ptolemy.moml.MoMLSimpleApplication@dee8a3
reloadAllAccessors: .width3
AutoTests.java: About to close Vertx.
AutoTests.java: Vertx closed.
]]></system-out>
  <system-err><![CDATA[java.lang.RuntimeException: Execution failed
	at ptolemy.moml.MoMLSimpleApplication$UnloadThread.run(MoMLSimpleApplication.java:402)
Caused by: ptolemy.actor.sched.NotSchedulableException: No solution exists for the balance equations.
Graph is not consistent under the SDF domain detected on external port .rateConsistency.actor.port2
  in .rateConsistency.SDF Director.Scheduler
	at ptolemy.domains.sdf.kernel.SDFScheduler._propagatePort(SDFScheduler.java:1425)
	at ptolemy.domains.sdf.kernel.SDFScheduler._solveBalanceEquations(SDFScheduler.java:710)
	at ptolemy.domains.sdf.kernel.SDFScheduler._getSchedule(SDFScheduler.java:566)
	at ptolemy.actor.sched.Scheduler.getSchedule(Scheduler.java:189)
	at ptolemy.domains.sdf.kernel.SDFDirector.createSchedule(SDFDirector.java:408)
	at ptolemy.domains.sdf.kernel.SDFDirector.preinitialize(SDFDirector.java:764)
	at ptolemy.actor.CompositeActor.preinitialize(CompositeActor.java:1828)
	at ptolemy.actor.Manager.preinitializeAndResolveTypes(Manager.java:1040)
	at ptolemy.actor.Manager.initialize(Manager.java:710)
	at ptolemy.actor.Manager.execute(Manager.java:356)
	at ptolemy.actor.Manager.run(Manager.java:1263)
	at ptolemy.actor.Manager$PtolemyRunThread.run(Manager.java:1933)
java.lang.RuntimeException: Execution failed
	at ptolemy.moml.MoMLSimpleApplication$UnloadThread.run(MoMLSimpleApplication.java:402)
Caused by: ptolemy.kernel.util.IllegalActionException: Failed to compute schedule:
  in .badRateChanges.typed composite actor.SDF Director
Because:
The SDF rate parameter may change. This is not allowed in SDF models that will be run through the code generator.  If you don't care about code generation, then you might consider setting the allowRateChanges parameter of the SDF director to false.
  in .badRateChanges.typed composite actor.Repeat.output.tokenProductionRate
	at ptolemy.domains.sdf.kernel.SDFDirector.createSchedule(SDFDirector.java:418)
	at ptolemy.domains.sdf.kernel.SDFDirector.preinitialize(SDFDirector.java:764)
	at ptolemy.actor.CompositeActor.preinitialize(CompositeActor.java:1828)
	at ptolemy.actor.Director.preinitialize(Director.java:1302)
	at ptolemy.actor.Director.preinitialize(Director.java:1257)
	at ptolemy.domains.sdf.kernel.SDFDirector.preinitialize(SDFDirector.java:763)
	at ptolemy.actor.CompositeActor.preinitialize(CompositeActor.java:1828)
	at ptolemy.actor.Manager.preinitializeAndResolveTypes(Manager.java:1040)
	at ptolemy.actor.Manager.initialize(Manager.java:710)
	at ptolemy.actor.Manager.execute(Manager.java:356)
	at ptolemy.actor.Manager.run(Manager.java:1263)
	at ptolemy.actor.Manager$PtolemyRunThread.run(Manager.java:1933)
Caused by: ptolemy.kernel.util.IllegalActionException: The SDF rate parameter may change. This is not allowed in SDF models that will be run through the code generator.  If you don't care about code generation, then you might consider setting the allowRateChanges parameter of the SDF director to false.
  in .badRateChanges.typed composite actor.Repeat.output.tokenProductionRate
	at ptolemy.domains.sdf.kernel.SDFScheduler._assertDynamicRateVariable(SDFScheduler.java:931)
	at ptolemy.domains.sdf.kernel.SDFScheduler._checkDynamicRateVariables(SDFScheduler.java:339)
	at ptolemy.domains.sdf.kernel.SDFScheduler._getSchedule(SDFScheduler.java:527)
	at ptolemy.actor.sched.Scheduler.getSchedule(Scheduler.java:189)
	at ptolemy.domains.sdf.kernel.SDFDirector.createSchedule(SDFDirector.java:408)
	... 11 more
java.lang.RuntimeException: Execution failed
	at ptolemy.moml.MoMLSimpleApplication$UnloadThread.run(MoMLSimpleApplication.java:402)
Caused by: ptolemy.kernel.util.IllegalActionException: Failed to compute schedule:
  in .badRateChanges2.typed composite actor.SDF Director
Because:
The SDF rate parameter may change. This is not allowed in SDF models that will be run through the code generator.  If you don't care about code generation, then you might consider setting the allowRateChanges parameter of the SDF director to false.
  in .badRateChanges2.typed composite actor.Repeat.output.tokenProductionRate
	at ptolemy.domains.sdf.kernel.SDFDirector.createSchedule(SDFDirector.java:418)
	at ptolemy.domains.sdf.kernel.SDFDirector.preinitialize(SDFDirector.java:764)
	at ptolemy.actor.CompositeActor.preinitialize(CompositeActor.java:1828)
	at ptolemy.actor.Director.preinitialize(Director.java:1302)
	at ptolemy.actor.Director.preinitialize(Director.java:1257)
	at ptolemy.domains.sdf.kernel.SDFDirector.preinitialize(SDFDirector.java:763)
	at ptolemy.actor.CompositeActor.preinitialize(CompositeActor.java:1828)
	at ptolemy.actor.Manager.preinitializeAndResolveTypes(Manager.java:1040)
	at ptolemy.actor.Manager.initialize(Manager.java:710)
	at ptolemy.actor.Manager.execute(Manager.java:356)
	at ptolemy.actor.Manager.run(Manager.java:1263)
	at ptolemy.actor.Manager$PtolemyRunThread.run(Manager.java:1933)
Caused by: ptolemy.kernel.util.IllegalActionException: The SDF rate parameter may change. This is not allowed in SDF models that will be run through the code generator.  If you don't care about code generation, then you might consider setting the allowRateChanges parameter of the SDF director to false.
  in .badRateChanges2.typed composite actor.Repeat.output.tokenProductionRate
	at ptolemy.domains.sdf.kernel.SDFScheduler._assertDynamicRateVariable(SDFScheduler.java:931)
	at ptolemy.domains.sdf.kernel.SDFScheduler._checkDynamicRateVariables(SDFScheduler.java:339)
	at ptolemy.domains.sdf.kernel.SDFScheduler._getSchedule(SDFScheduler.java:527)
	at ptolemy.actor.sched.Scheduler.getSchedule(Scheduler.java:189)
	at ptolemy.domains.sdf.kernel.SDFDirector.createSchedule(SDFDirector.java:408)
	... 11 more
java.lang.RuntimeException: Execution failed
	at ptolemy.moml.MoMLSimpleApplication$UnloadThread.run(MoMLSimpleApplication.java:402)
Caused by: ptolemy.actor.sched.NotSchedulableException: Actors remain that cannot be scheduled!

There are several possible reasons:
* SDF Graphs with feedback loops should have an actor with a delay in the loop, such as a SampleDelay.
* The SDF director has an "allowDisconnectedGraphs"parameter, which, when true, permits disconnected SDF graphs.
* The token consumption rate and production rates might be mismatched.
Usually, actors produce one token or consume one token on a port.  To produce or consume multiple tokens per firing, add a "tokenConsumptionRate" or "tokenProductionRate" parameter to the appropriate port.
Unscheduled actors:
.partiallyConnected.Const2 
Scheduled actors:
.partiallyConnected.Const 
  in .partiallyConnected.SDF Director.Scheduler
	at ptolemy.domains.sdf.kernel.SDFScheduler._scheduleConnectedActors(SDFScheduler.java:1828)
	at ptolemy.domains.sdf.kernel.SDFScheduler._getSchedule(SDFScheduler.java:587)
	at ptolemy.actor.sched.Scheduler.getSchedule(Scheduler.java:189)
	at ptolemy.domains.sdf.kernel.SDFDirector.createSchedule(SDFDirector.java:408)
	at ptolemy.domains.sdf.kernel.SDFDirector.preinitialize(SDFDirector.java:764)
	at ptolemy.actor.CompositeActor.preinitialize(CompositeActor.java:1828)
	at ptolemy.actor.Manager.preinitializeAndResolveTypes(Manager.java:1040)
	at ptolemy.actor.Manager.initialize(Manager.java:710)
	at ptolemy.actor.Manager.execute(Manager.java:356)
	at ptolemy.actor.Manager.run(Manager.java:1263)
	at ptolemy.actor.Manager$PtolemyRunThread.run(Manager.java:1933)
]]></system-err>
</testsuite>
