<?xml version="1.0" encoding="UTF-8" ?>
<testsuite errors="0" failures="0" hostname="travis-job-868d5e24-9f79-43f5-8aab-b00bce418351" name="ptolemy.domains.continuous.test.junit.JUnitTclTest" skipped="0" tests="156" time="70.447" timestamp="2019-12-31T06:32:12">
  <properties>
[...]
</properties>
  <testcase classname="ptolemy.util.test.junit.TclTests" name="[0] ThereAreNoTclTests (RunTclFile)" time="0.018" />
  <testcase classname="ptolemy.util.test.junit.AutoKnownFailedTests" name="[0] ThereAreNoKnowFailedTests (RunModel)" time="0.007" />
  <testcase classname="ptolemy.util.test.junit.AutoNameArchTests" name="[0] ThereAreNoAutoArchTests (RunModel)" time="0.028" />
  <testcase classname="ptolemy.util.test.junit.AutoTests" name="[0] /home/travis/build/icyphy/ptII/ptolemy/domains/continuous/test/auto/BouncingBall.xml (RunModel)" time="2.892" />
  <testcase classname="ptolemy.util.test.junit.AutoTests" name="[1] /home/travis/build/icyphy/ptII/ptolemy/domains/continuous/test/auto/BouncingBallWithoutGR.xml (RunModel)" time="0.79" />
  <testcase classname="ptolemy.util.test.junit.AutoTests" name="[2] /home/travis/build/icyphy/ptII/ptolemy/domains/continuous/test/auto/Brownian.xml (RunModel)" time="0.06" />
  <testcase classname="ptolemy.util.test.junit.AutoTests" name="[3] /home/travis/build/icyphy/ptII/ptolemy/domains/continuous/test/auto/CarTracking.xml (RunModel)" time="3.783" />
  <testcase classname="ptolemy.util.test.junit.AutoTests" name="[4] /home/travis/build/icyphy/ptII/ptolemy/domains/continuous/test/auto/CartPendulum.xml (RunModel)" time="0.473" />
  <testcase classname="ptolemy.util.test.junit.AutoTests" name="[5] /home/travis/build/icyphy/ptII/ptolemy/domains/continuous/test/auto/CausalityInterface10.xml (RunModel)" time="0.056" />
  <testcase classname="ptolemy.util.test.junit.AutoTests" name="[6] /home/travis/build/icyphy/ptII/ptolemy/domains/continuous/test/auto/CausalityInterface11.xml (RunModel)" time="0.032" />
  <testcase classname="ptolemy.util.test.junit.AutoTests" name="[7] /home/travis/build/icyphy/ptII/ptolemy/domains/continuous/test/auto/CausalityInterface12.xml (RunModel)" time="0.036" />
  <testcase classname="ptolemy.util.test.junit.AutoTests" name="[8] /home/travis/build/icyphy/ptII/ptolemy/domains/continuous/test/auto/CausalityInterface13.xml (RunModel)" time="0.038" />
  <testcase classname="ptolemy.util.test.junit.AutoTests" name="[9] /home/travis/build/icyphy/ptII/ptolemy/domains/continuous/test/auto/CausalityInterface14.xml (RunModel)" time="0.024" />
  <testcase classname="ptolemy.util.test.junit.AutoTests" name="[10] /home/travis/build/icyphy/ptII/ptolemy/domains/continuous/test/auto/CausalityInterface4.xml (RunModel)" time="0.029" />
  <testcase classname="ptolemy.util.test.junit.AutoTests" name="[11] /home/travis/build/icyphy/ptII/ptolemy/domains/continuous/test/auto/CausalityInterface5.xml (RunModel)" time="0.035" />
  <testcase classname="ptolemy.util.test.junit.AutoTests" name="[12] /home/travis/build/icyphy/ptII/ptolemy/domains/continuous/test/auto/CausalityInterface6.xml (RunModel)" time="0.02" />
  <testcase classname="ptolemy.util.test.junit.AutoTests" name="[13] /home/travis/build/icyphy/ptII/ptolemy/domains/continuous/test/auto/CausalityInterface7.xml (RunModel)" time="0.039" />
  <testcase classname="ptolemy.util.test.junit.AutoTests" name="[14] /home/travis/build/icyphy/ptII/ptolemy/domains/continuous/test/auto/CausalityInterface8.xml (RunModel)" time="0.031" />
  <testcase classname="ptolemy.util.test.junit.AutoTests" name="[15] /home/travis/build/icyphy/ptII/ptolemy/domains/continuous/test/auto/CausalityInterface9.xml (RunModel)" time="0.048" />
  <testcase classname="ptolemy.util.test.junit.AutoTests" name="[16] /home/travis/build/icyphy/ptII/ptolemy/domains/continuous/test/auto/CausalityInterfaceFeedback1.xml (RunModel)" time="0.029" />
  <testcase classname="ptolemy.util.test.junit.AutoTests" name="[17] /home/travis/build/icyphy/ptII/ptolemy/domains/continuous/test/auto/CausalityInterfaceFeedback2.xml (RunModel)" time="0.033" />
  <testcase classname="ptolemy.util.test.junit.AutoTests" name="[18] /home/travis/build/icyphy/ptII/ptolemy/domains/continuous/test/auto/CompareWithCurrentTime.xml (RunModel)" time="0.019" />
  <testcase classname="ptolemy.util.test.junit.AutoTests" name="[19] /home/travis/build/icyphy/ptII/ptolemy/domains/continuous/test/auto/ComparedClocks.xml (RunModel)" time="0.075" />
  <testcase classname="ptolemy.util.test.junit.AutoTests" name="[20] /home/travis/build/icyphy/ptII/ptolemy/domains/continuous/test/auto/ContinuousAOCClone.xml (RunModel)" time="2.547" />
  <testcase classname="ptolemy.util.test.junit.AutoTests" name="[21] /home/travis/build/icyphy/ptII/ptolemy/domains/continuous/test/auto/ContinuousClock.xml (RunModel)" time="0.083" />
  <testcase classname="ptolemy.util.test.junit.AutoTests" name="[22] /home/travis/build/icyphy/ptII/ptolemy/domains/continuous/test/auto/ContinuousInContinuous.xml (RunModel)" time="0.092" />
  <testcase classname="ptolemy.util.test.junit.AutoTests" name="[23] /home/travis/build/icyphy/ptII/ptolemy/domains/continuous/test/auto/ContinuousInContinuousInContinuous.xml (RunModel)" time="0.024" />
  <testcase classname="ptolemy.util.test.junit.AutoTests" name="[24] /home/travis/build/icyphy/ptII/ptolemy/domains/continuous/test/auto/ContinuousInDE.xml (RunModel)" time="0.11" />
  <testcase classname="ptolemy.util.test.junit.AutoTests" name="[25] /home/travis/build/icyphy/ptII/ptolemy/domains/continuous/test/auto/ContinuousInDE2.xml (RunModel)" time="0.049" />
  <testcase classname="ptolemy.util.test.junit.AutoTests" name="[26] /home/travis/build/icyphy/ptII/ptolemy/domains/continuous/test/auto/ContinuousInDE3.xml (RunModel)" time="0.052" />
  <testcase classname="ptolemy.util.test.junit.AutoTests" name="[27] /home/travis/build/icyphy/ptII/ptolemy/domains/continuous/test/auto/ContinuousInDE4.xml (RunModel)" time="0.031" />
  <testcase classname="ptolemy.util.test.junit.AutoTests" name="[28] /home/travis/build/icyphy/ptII/ptolemy/domains/continuous/test/auto/ContinuousInDEDifferentRefinements.xml (RunModel)" time="0.111" />
  <testcase classname="ptolemy.util.test.junit.AutoTests" name="[29] /home/travis/build/icyphy/ptII/ptolemy/domains/continuous/test/auto/ContinuousInDEDifferentRefinementsPreemptive.xml (RunModel)" time="0.082" />
  <testcase classname="ptolemy.util.test.junit.AutoTests" name="[30] /home/travis/build/icyphy/ptII/ptolemy/domains/continuous/test/auto/ContinuousInDEInContinuous2.xml (RunModel)" time="0.061" />
  <testcase classname="ptolemy.util.test.junit.AutoTests" name="[31] /home/travis/build/icyphy/ptII/ptolemy/domains/continuous/test/auto/ContinuousInDEInContinuous3.xml (RunModel)" time="0.058" />
  <testcase classname="ptolemy.util.test.junit.AutoTests" name="[32] /home/travis/build/icyphy/ptII/ptolemy/domains/continuous/test/auto/ContinuousInDEInput.xml (RunModel)" time="0.032" />
  <testcase classname="ptolemy.util.test.junit.AutoTests" name="[33] /home/travis/build/icyphy/ptII/ptolemy/domains/continuous/test/auto/ContinuousInDEInput2.xml (RunModel)" time="0.032" />
  <testcase classname="ptolemy.util.test.junit.AutoTests" name="[34] /home/travis/build/icyphy/ptII/ptolemy/domains/continuous/test/auto/ContinuousInDEInput3.xml (RunModel)" time="0.03" />
  <testcase classname="ptolemy.util.test.junit.AutoTests" name="[35] /home/travis/build/icyphy/ptII/ptolemy/domains/continuous/test/auto/ContinuousInDESharingRefinement.xml (RunModel)" time="0.153" />
  <testcase classname="ptolemy.util.test.junit.AutoTests" name="[36] /home/travis/build/icyphy/ptII/ptolemy/domains/continuous/test/auto/ContinuousInDEwithNoPorts.xml (RunModel)" time="0.016" />
  <testcase classname="ptolemy.util.test.junit.AutoTests" name="[37] /home/travis/build/icyphy/ptII/ptolemy/domains/continuous/test/auto/ContinuousInsideDE.xml (RunModel)" time="0.09" />
  <testcase classname="ptolemy.util.test.junit.AutoTests" name="[38] /home/travis/build/icyphy/ptII/ptolemy/domains/continuous/test/auto/ContinuousMerge1.xml (RunModel)" time="0.015" />
  <testcase classname="ptolemy.util.test.junit.AutoTests" name="[39] /home/travis/build/icyphy/ptII/ptolemy/domains/continuous/test/auto/ContinuousMerge2.xml (RunModel)" time="0.052" />
  <testcase classname="ptolemy.util.test.junit.AutoTests" name="[40] /home/travis/build/icyphy/ptII/ptolemy/domains/continuous/test/auto/ContinuousMerge3.xml (RunModel)" time="0.086" />
  <testcase classname="ptolemy.util.test.junit.AutoTests" name="[41] /home/travis/build/icyphy/ptII/ptolemy/domains/continuous/test/auto/ContinuousWithinContinuous.xml (RunModel)" time="0.056" />
  <testcase classname="ptolemy.util.test.junit.AutoTests" name="[42] /home/travis/build/icyphy/ptII/ptolemy/domains/continuous/test/auto/ContinuousWithinContinuous2.xml (RunModel)" time="0.076" />
  <testcase classname="ptolemy.util.test.junit.AutoTests" name="[43] /home/travis/build/icyphy/ptII/ptolemy/domains/continuous/test/auto/ContinuousWithinContinuous3.xml (RunModel)" time="0.029" />
  <testcase classname="ptolemy.util.test.junit.AutoTests" name="[44] /home/travis/build/icyphy/ptII/ptolemy/domains/continuous/test/auto/ContinuousWithinContinuous4.xml (RunModel)" time="0.087" />
  <testcase classname="ptolemy.util.test.junit.AutoTests" name="[45] /home/travis/build/icyphy/ptII/ptolemy/domains/continuous/test/auto/ContinuousWithinContinuous5.xml (RunModel)" time="0.027" />
  <testcase classname="ptolemy.util.test.junit.AutoTests" name="[46] /home/travis/build/icyphy/ptII/ptolemy/domains/continuous/test/auto/ContinuousWithinContinuous6.xml (RunModel)" time="0.029" />
  <testcase classname="ptolemy.util.test.junit.AutoTests" name="[47] /home/travis/build/icyphy/ptII/ptolemy/domains/continuous/test/auto/ContinuousWithinContinuous7.xml (RunModel)" time="0.063" />
  <testcase classname="ptolemy.util.test.junit.AutoTests" name="[48] /home/travis/build/icyphy/ptII/ptolemy/domains/continuous/test/auto/DCMotor.xml (RunModel)" time="13.042" />
  <testcase classname="ptolemy.util.test.junit.AutoTests" name="[49] /home/travis/build/icyphy/ptII/ptolemy/domains/continuous/test/auto/DEInContinuous.xml (RunModel)" time="0.045" />
  <testcase classname="ptolemy.util.test.junit.AutoTests" name="[50] /home/travis/build/icyphy/ptII/ptolemy/domains/continuous/test/auto/DEinContinuous2.xml (RunModel)" time="0.035" />
  <testcase classname="ptolemy.util.test.junit.AutoTests" name="[51] /home/travis/build/icyphy/ptII/ptolemy/domains/continuous/test/auto/Derivative.xml (RunModel)" time="0.187" />
  <testcase classname="ptolemy.util.test.junit.AutoTests" name="[52] /home/travis/build/icyphy/ptII/ptolemy/domains/continuous/test/auto/Derivative1.xml (RunModel)" time="0.066" />
  <testcase classname="ptolemy.util.test.junit.AutoTests" name="[53] /home/travis/build/icyphy/ptII/ptolemy/domains/continuous/test/auto/DiscreteClock.xml (RunModel)" time="0.016" />
  <testcase classname="ptolemy.util.test.junit.AutoTests" name="[54] /home/travis/build/icyphy/ptII/ptolemy/domains/continuous/test/auto/EfficiencyCurve.xml (RunModel)" time="0.102" />
  <testcase classname="ptolemy.util.test.junit.AutoTests" name="[55] /home/travis/build/icyphy/ptII/ptolemy/domains/continuous/test/auto/ExponentialResponse.xml (RunModel)" time="0.099" />
  <testcase classname="ptolemy.util.test.junit.AutoTests" name="[56] /home/travis/build/icyphy/ptII/ptolemy/domains/continuous/test/auto/ExponentialResponseRK45.xml (RunModel)" time="0.033" />
  <testcase classname="ptolemy.util.test.junit.AutoTests" name="[57] /home/travis/build/icyphy/ptII/ptolemy/domains/continuous/test/auto/Friction.xml (RunModel)" time="1.583" />
  <testcase classname="ptolemy.util.test.junit.AutoTests" name="[58] /home/travis/build/icyphy/ptII/ptolemy/domains/continuous/test/auto/FurutaPendulum.xml (RunModel)" time="3.1" />
  <testcase classname="ptolemy.util.test.junit.AutoTests" name="[59] /home/travis/build/icyphy/ptII/ptolemy/domains/continuous/test/auto/HierarchicalExecution.xml (RunModel)" time="2.117" />
  <testcase classname="ptolemy.util.test.junit.AutoTests" name="[60] /home/travis/build/icyphy/ptII/ptolemy/domains/continuous/test/auto/HybridPlant.xml (RunModel)" time="0.508" />
  <testcase classname="ptolemy.util.test.junit.AutoTests" name="[61] /home/travis/build/icyphy/ptII/ptolemy/domains/continuous/test/auto/Hysteresis.xml (RunModel)" time="0.177" />
  <testcase classname="ptolemy.util.test.junit.AutoTests" name="[62] /home/travis/build/icyphy/ptII/ptolemy/domains/continuous/test/auto/HysteresisWithRandomDelay.xml (RunModel)" time="0.222" />
  <testcase classname="ptolemy.util.test.junit.AutoTests" name="[63] /home/travis/build/icyphy/ptII/ptolemy/domains/continuous/test/auto/HysteresisWithRandomLosses.xml (RunModel)" time="2.529" />
  <testcase classname="ptolemy.util.test.junit.AutoTests" name="[64] /home/travis/build/icyphy/ptII/ptolemy/domains/continuous/test/auto/ImmediateTransitions.xml (RunModel)" time="0.041" />
  <testcase classname="ptolemy.util.test.junit.AutoTests" name="[65] /home/travis/build/icyphy/ptII/ptolemy/domains/continuous/test/auto/ImpulseFeedback.xml (RunModel)" time="0.024" />
  <testcase classname="ptolemy.util.test.junit.AutoTests" name="[66] /home/travis/build/icyphy/ptII/ptolemy/domains/continuous/test/auto/ImpulseFeedback2.xml (RunModel)" time="0.02" />
  <testcase classname="ptolemy.util.test.junit.AutoTests" name="[67] /home/travis/build/icyphy/ptII/ptolemy/domains/continuous/test/auto/IncreasingRatePoisson.xml (RunModel)" time="0.795" />
  <testcase classname="ptolemy.util.test.junit.AutoTests" name="[68] /home/travis/build/icyphy/ptII/ptolemy/domains/continuous/test/auto/InitialStateFeedback.xml (RunModel)" time="0.016" />
  <testcase classname="ptolemy.util.test.junit.AutoTests" name="[69] /home/travis/build/icyphy/ptII/ptolemy/domains/continuous/test/auto/Integration.xml (RunModel)" time="0.009" />
  <testcase classname="ptolemy.util.test.junit.AutoTests" name="[70] /home/travis/build/icyphy/ptII/ptolemy/domains/continuous/test/auto/Integration2.xml (RunModel)" time="0.085" />
  <testcase classname="ptolemy.util.test.junit.AutoTests" name="[71] /home/travis/build/icyphy/ptII/ptolemy/domains/continuous/test/auto/Integration3.xml (RunModel)" time="0.02" />
  <testcase classname="ptolemy.util.test.junit.AutoTests" name="[72] /home/travis/build/icyphy/ptII/ptolemy/domains/continuous/test/auto/Integration5.xml (RunModel)" time="0.012" />
  <testcase classname="ptolemy.util.test.junit.AutoTests" name="[73] /home/travis/build/icyphy/ptII/ptolemy/domains/continuous/test/auto/IntegratorImpulse.xml (RunModel)" time="0.009" />
  <testcase classname="ptolemy.util.test.junit.AutoTests" name="[74] /home/travis/build/icyphy/ptII/ptolemy/domains/continuous/test/auto/IntegratorImpulse2.xml (RunModel)" time="0.012" />
  <testcase classname="ptolemy.util.test.junit.AutoTests" name="[75] /home/travis/build/icyphy/ptII/ptolemy/domains/continuous/test/auto/LevelCrossing1.xml (RunModel)" time="0.011" />
  <testcase classname="ptolemy.util.test.junit.AutoTests" name="[76] /home/travis/build/icyphy/ptII/ptolemy/domains/continuous/test/auto/LevelCrossing2.xml (RunModel)" time="0.017" />
  <testcase classname="ptolemy.util.test.junit.AutoTests" name="[77] /home/travis/build/icyphy/ptII/ptolemy/domains/continuous/test/auto/LevelCrossing3.xml (RunModel)" time="0.014" />
  <testcase classname="ptolemy.util.test.junit.AutoTests" name="[78] /home/travis/build/icyphy/ptII/ptolemy/domains/continuous/test/auto/LevelCrossing4.xml (RunModel)" time="0.013" />
  <testcase classname="ptolemy.util.test.junit.AutoTests" name="[79] /home/travis/build/icyphy/ptII/ptolemy/domains/continuous/test/auto/LevelCrossing5.xml (RunModel)" time="0.015" />
  <testcase classname="ptolemy.util.test.junit.AutoTests" name="[80] /home/travis/build/icyphy/ptII/ptolemy/domains/continuous/test/auto/LevelCrossing6.xml (RunModel)" time="0.013" />
  <testcase classname="ptolemy.util.test.junit.AutoTests" name="[81] /home/travis/build/icyphy/ptII/ptolemy/domains/continuous/test/auto/LevelCrossingDetector.xml (RunModel)" time="0.035" />
  <testcase classname="ptolemy.util.test.junit.AutoTests" name="[82] /home/travis/build/icyphy/ptII/ptolemy/domains/continuous/test/auto/LevelCrossingDetectorDetectingDirections.xml (RunModel)" time="0.082" />
  <testcase classname="ptolemy.util.test.junit.AutoTests" name="[83] /home/travis/build/icyphy/ptII/ptolemy/domains/continuous/test/auto/LevelCrossingDetectorDetectsGlitches.xml (RunModel)" time="0.053" />
  <testcase classname="ptolemy.util.test.junit.AutoTests" name="[84] /home/travis/build/icyphy/ptII/ptolemy/domains/continuous/test/auto/LevelCrossingNoInitialOuput.xml (RunModel)" time="0.013" />
  <testcase classname="ptolemy.util.test.junit.AutoTests" name="[85] /home/travis/build/icyphy/ptII/ptolemy/domains/continuous/test/auto/LinearStateSpaceExample.xml (RunModel)" time="0.061" />
  <testcase classname="ptolemy.util.test.junit.AutoTests" name="[86] /home/travis/build/icyphy/ptII/ptolemy/domains/continuous/test/auto/Lorenz.xml (RunModel)" time="3.605" />
  <testcase classname="ptolemy.util.test.junit.AutoTests" name="[87] /home/travis/build/icyphy/ptII/ptolemy/domains/continuous/test/auto/LorenzDifferentialSystem.xml (RunModel)" time="0.833" />
  <testcase classname="ptolemy.util.test.junit.AutoTests" name="[88] /home/travis/build/icyphy/ptII/ptolemy/domains/continuous/test/auto/LorenzDifferentialSystemWithInput.xml (RunModel)" time="1.171" />
  <testcase classname="ptolemy.util.test.junit.AutoTests" name="[89] /home/travis/build/icyphy/ptII/ptolemy/domains/continuous/test/auto/LorenzDifferentialSystemWithTime.xml (RunModel)" time="0.651" />
  <testcase classname="ptolemy.util.test.junit.AutoTests" name="[90] /home/travis/build/icyphy/ptII/ptolemy/domains/continuous/test/auto/Microsteps.xml (RunModel)" time="0.034" />
  <testcase classname="ptolemy.util.test.junit.AutoTests" name="[91] /home/travis/build/icyphy/ptII/ptolemy/domains/continuous/test/auto/Modal1.xml (RunModel)" time="0.046" />
  <testcase classname="ptolemy.util.test.junit.AutoTests" name="[92] /home/travis/build/icyphy/ptII/ptolemy/domains/continuous/test/auto/Modal2.xml (RunModel)" time="0.055" />
  <testcase classname="ptolemy.util.test.junit.AutoTests" name="[93] /home/travis/build/icyphy/ptII/ptolemy/domains/continuous/test/auto/ModalTransitionGuardWithReset.xml (RunModel)" time="0.036" />
  <testcase classname="ptolemy.util.test.junit.AutoTests" name="[94] /home/travis/build/icyphy/ptII/ptolemy/domains/continuous/test/auto/ModalTransitionGuardWithResetUsingPreemptiveTransition.xml (RunModel)" time="0.027" />
  <testcase classname="ptolemy.util.test.junit.AutoTests" name="[95] /home/travis/build/icyphy/ptII/ptolemy/domains/continuous/test/auto/ModalTransitionGuardWithResetUsingPreemptiveTransition2.xml (RunModel)" time="0.031" />
  <testcase classname="ptolemy.util.test.junit.AutoTests" name="[96] /home/travis/build/icyphy/ptII/ptolemy/domains/continuous/test/auto/ModalTransitionGuardWithResetUsingPreemptiveTransition3.xml (RunModel)" time="0.026" />
  <testcase classname="ptolemy.util.test.junit.AutoTests" name="[97] /home/travis/build/icyphy/ptII/ptolemy/domains/continuous/test/auto/NewtonsCradle.xml (RunModel)" time="0.784" />
  <testcase classname="ptolemy.util.test.junit.AutoTests" name="[98] /home/travis/build/icyphy/ptII/ptolemy/domains/continuous/test/auto/NewtonsCradleAnimated.xml (RunModel)" time="1.332" />
  <testcase classname="ptolemy.util.test.junit.AutoTests" name="[99] /home/travis/build/icyphy/ptII/ptolemy/domains/continuous/test/auto/NewtonsCradleComplicated.xml (RunModel)" time="1.022" />
  <testcase classname="ptolemy.util.test.junit.AutoTests" name="[100] /home/travis/build/icyphy/ptII/ptolemy/domains/continuous/test/auto/NewtonsCradleNondeterministic.xml (RunModel)" time="0.69" />
  <testcase classname="ptolemy.util.test.junit.AutoTests" name="[101] /home/travis/build/icyphy/ptII/ptolemy/domains/continuous/test/auto/NewtonsCradlePerfectlyInelastic1.xml (RunModel)" time="1.179" />
  <testcase classname="ptolemy.util.test.junit.AutoTests" name="[102] /home/travis/build/icyphy/ptII/ptolemy/domains/continuous/test/auto/Noise.xml (RunModel)" time="0.175" />
  <testcase classname="ptolemy.util.test.junit.AutoTests" name="[103] /home/travis/build/icyphy/ptII/ptolemy/domains/continuous/test/auto/NoiseSpectrum.xml (RunModel)" time="0.623" />
  <testcase classname="ptolemy.util.test.junit.AutoTests" name="[104] /home/travis/build/icyphy/ptII/ptolemy/domains/continuous/test/auto/ParameterizedNewtonsCradleAnimated.xml (RunModel)" time="0.364" />
  <testcase classname="ptolemy.util.test.junit.AutoTests" name="[105] /home/travis/build/icyphy/ptII/ptolemy/domains/continuous/test/auto/ParameterizedNewtonsCradleAnimatedNondeterministic.xml (RunModel)" time="1.168" />
  <testcase classname="ptolemy.util.test.junit.AutoTests" name="[106] /home/travis/build/icyphy/ptII/ptolemy/domains/continuous/test/auto/Pendulum3D.xml (RunModel)" time="0.175" />
  <testcase classname="ptolemy.util.test.junit.AutoTests" name="[107] /home/travis/build/icyphy/ptII/ptolemy/domains/continuous/test/auto/PeriodicSampler.xml (RunModel)" time="0.01" />
  <testcase classname="ptolemy.util.test.junit.AutoTests" name="[108] /home/travis/build/icyphy/ptII/ptolemy/domains/continuous/test/auto/PeriodicSampler1.xml (RunModel)" time="0.049" />
  <testcase classname="ptolemy.util.test.junit.AutoTests" name="[109] /home/travis/build/icyphy/ptII/ptolemy/domains/continuous/test/auto/PeriodicSampler2.xml (RunModel)" time="0.09" />
  <testcase classname="ptolemy.util.test.junit.AutoTests" name="[110] /home/travis/build/icyphy/ptII/ptolemy/domains/continuous/test/auto/Poisson.xml (RunModel)" time="0.451" />
  <testcase classname="ptolemy.util.test.junit.AutoTests" name="[111] /home/travis/build/icyphy/ptII/ptolemy/domains/continuous/test/auto/PoissonClock.xml (RunModel)" time="0.011" />
  <testcase classname="ptolemy.util.test.junit.AutoTests" name="[112] /home/travis/build/icyphy/ptII/ptolemy/domains/continuous/test/auto/PoissonClock2.xml (RunModel)" time="0.012" />
  <testcase classname="ptolemy.util.test.junit.AutoTests" name="[113] /home/travis/build/icyphy/ptII/ptolemy/domains/continuous/test/auto/PortParameterHierarchy.xml (RunModel)" time="0.022" />
  <testcase classname="ptolemy.util.test.junit.AutoTests" name="[114] /home/travis/build/icyphy/ptII/ptolemy/domains/continuous/test/auto/RandomHybridPlant.xml (RunModel)" time="0.53" />
  <testcase classname="ptolemy.util.test.junit.AutoTests" name="[115] /home/travis/build/icyphy/ptII/ptolemy/domains/continuous/test/auto/ResetTransitionWithStartTime1.xml (RunModel)" time="0.028" />
  <testcase classname="ptolemy.util.test.junit.AutoTests" name="[116] /home/travis/build/icyphy/ptII/ptolemy/domains/continuous/test/auto/ResetTransitionWithStartTime2.xml (RunModel)" time="0.04" />
  <testcase classname="ptolemy.util.test.junit.AutoTests" name="[117] /home/travis/build/icyphy/ptII/ptolemy/domains/continuous/test/auto/ResetTransitionWithStartTime3.xml (RunModel)" time="0.036" />
  <testcase classname="ptolemy.util.test.junit.AutoTests" name="[118] /home/travis/build/icyphy/ptII/ptolemy/domains/continuous/test/auto/ResetTransitionWithStartTime4.xml (RunModel)" time="0.028" />
  <testcase classname="ptolemy.util.test.junit.AutoTests" name="[119] /home/travis/build/icyphy/ptII/ptolemy/domains/continuous/test/auto/ResetTransitionWithStartTime5.xml (RunModel)" time="0.036" />
  <testcase classname="ptolemy.util.test.junit.AutoTests" name="[120] /home/travis/build/icyphy/ptII/ptolemy/domains/continuous/test/auto/ResetTransitionWithStartTime6.xml (RunModel)" time="0.03" />
  <testcase classname="ptolemy.util.test.junit.AutoTests" name="[121] /home/travis/build/icyphy/ptII/ptolemy/domains/continuous/test/auto/SRinContinuous.xml (RunModel)" time="0.023" />
  <testcase classname="ptolemy.util.test.junit.AutoTests" name="[122] /home/travis/build/icyphy/ptII/ptolemy/domains/continuous/test/auto/SampledClocks.xml (RunModel)" time="0.032" />
  <testcase classname="ptolemy.util.test.junit.AutoTests" name="[123] /home/travis/build/icyphy/ptII/ptolemy/domains/continuous/test/auto/Satellite.xml (RunModel)" time="0.799" />
  <testcase classname="ptolemy.util.test.junit.AutoTests" name="[124] /home/travis/build/icyphy/ptII/ptolemy/domains/continuous/test/auto/SigmaDelta.xml (RunModel)" time="2.058" />
  <testcase classname="ptolemy.util.test.junit.AutoTests" name="[125] /home/travis/build/icyphy/ptII/ptolemy/domains/continuous/test/auto/SingleRefinement.xml (RunModel)" time="0.414" />
  <testcase classname="ptolemy.util.test.junit.AutoTests" name="[126] /home/travis/build/icyphy/ptII/ptolemy/domains/continuous/test/auto/SinuBouncingBall.xml (RunModel)" time="0.849" />
  <testcase classname="ptolemy.util.test.junit.AutoTests" name="[127] /home/travis/build/icyphy/ptII/ptolemy/domains/continuous/test/auto/Sinusoid.xml (RunModel)" time="0.018" />
  <testcase classname="ptolemy.util.test.junit.AutoTests" name="[128] /home/travis/build/icyphy/ptII/ptolemy/domains/continuous/test/auto/SinusoidInNoise.xml (RunModel)" time="0.78" />
  <testcase classname="ptolemy.util.test.junit.AutoTests" name="[129] /home/travis/build/icyphy/ptII/ptolemy/domains/continuous/test/auto/SinusoidRK45.xml (RunModel)" time="0.009" />
  <testcase classname="ptolemy.util.test.junit.AutoTests" name="[130] /home/travis/build/icyphy/ptII/ptolemy/domains/continuous/test/auto/SinusoidWithMultipleImpulses.xml (RunModel)" time="0.01" />
  <testcase classname="ptolemy.util.test.junit.AutoTests" name="[131] /home/travis/build/icyphy/ptII/ptolemy/domains/continuous/test/auto/SquareWave.xml (RunModel)" time="0.169" />
  <testcase classname="ptolemy.util.test.junit.AutoTests" name="[132] /home/travis/build/icyphy/ptII/ptolemy/domains/continuous/test/auto/Starmac.xml (RunModel)" time="3.362" />
  <testcase classname="ptolemy.util.test.junit.AutoTests" name="[133] /home/travis/build/icyphy/ptII/ptolemy/domains/continuous/test/auto/StaticUnits.xml (RunModel)" time="2.293" />
  <testcase classname="ptolemy.util.test.junit.AutoTests" name="[134] /home/travis/build/icyphy/ptII/ptolemy/domains/continuous/test/auto/StickyMasses.xml (RunModel)" time="0.186" />
  <testcase classname="ptolemy.util.test.junit.AutoTests" name="[135] /home/travis/build/icyphy/ptII/ptolemy/domains/continuous/test/auto/StopTime.xml (RunModel)" time="0.061" />
  <testcase classname="ptolemy.util.test.junit.AutoTests" name="[136] /home/travis/build/icyphy/ptII/ptolemy/domains/continuous/test/auto/StopTime2.xml (RunModel)" time="0.054" />
  <testcase classname="ptolemy.util.test.junit.AutoTests" name="[137] /home/travis/build/icyphy/ptII/ptolemy/domains/continuous/test/auto/Switch.xml (RunModel)" time="0.055" />
  <testcase classname="ptolemy.util.test.junit.AutoTests" name="[138] /home/travis/build/icyphy/ptII/ptolemy/domains/continuous/test/auto/Thermostat.xml (RunModel)" time="0.202" />
  <testcase classname="ptolemy.util.test.junit.AutoTests" name="[139] /home/travis/build/icyphy/ptII/ptolemy/domains/continuous/test/auto/TimeDelay.xml (RunModel)" time="0.013" />
  <testcase classname="ptolemy.util.test.junit.AutoTests" name="[140] /home/travis/build/icyphy/ptII/ptolemy/domains/continuous/test/auto/TimeDelay2.xml (RunModel)" time="0.027" />
  <testcase classname="ptolemy.util.test.junit.AutoTests" name="[141] /home/travis/build/icyphy/ptII/ptolemy/domains/continuous/test/auto/TimeDelay3.xml (RunModel)" time="0.015" />
  <testcase classname="ptolemy.util.test.junit.AutoTests" name="[142] /home/travis/build/icyphy/ptII/ptolemy/domains/continuous/test/auto/TransferAbsentToInside.xml (RunModel)" time="0.099" />
  <testcase classname="ptolemy.util.test.junit.AutoTests" name="[143] /home/travis/build/icyphy/ptII/ptolemy/domains/continuous/test/auto/Transmission.xml (RunModel)" time="0.773" />
  <testcase classname="ptolemy.util.test.junit.AutoTests" name="[144] /home/travis/build/icyphy/ptII/ptolemy/domains/continuous/test/auto/TriggeredContinuousClock.xml (RunModel)" time="0.072" />
  <testcase classname="ptolemy.util.test.junit.AutoTests" name="[145] /home/travis/build/icyphy/ptII/ptolemy/domains/continuous/test/auto/TwoMachineInfiniteBusControl.xml (RunModel)" time="2.527" />
  <testcase classname="ptolemy.util.test.junit.AutoTests" name="[146] /home/travis/build/icyphy/ptII/ptolemy/domains/continuous/test/auto/V2V.xml (RunModel)" time="0.915" />
  <testcase classname="ptolemy.util.test.junit.AutoTests" name="[147] /home/travis/build/icyphy/ptII/ptolemy/domains/continuous/test/auto/hierarchicalModalModel.xml (RunModel)" time="0.033" />
  <testcase classname="ptolemy.util.test.junit.AutoTests" name="[148] /home/travis/build/icyphy/ptII/ptolemy/domains/continuous/test/auto/hierarchicalModalModel1.xml (RunModel)" time="0.043" />
  <testcase classname="ptolemy.util.test.junit.AutoTests" name="[149] /home/travis/build/icyphy/ptII/ptolemy/domains/continuous/test/auto/hierarchicalModalModel2.xml (RunModel)" time="0.025" />
  <testcase classname="ptolemy.util.test.junit.AutoTests" name="[150] /home/travis/build/icyphy/ptII/ptolemy/domains/continuous/test/auto/hierarchicalModalModel3.xml (RunModel)" time="0.028" />
  <testcase classname="ptolemy.util.test.junit.AutoTests" name="[151] /home/travis/build/icyphy/ptII/ptolemy/domains/continuous/test/auto/hierarchicalModalModel4.xml (RunModel)" time="0.024" />
  <testcase classname="ptolemy.util.test.junit.AutoTests" name="[152] /home/travis/build/icyphy/ptII/ptolemy/domains/continuous/test/auto/junk.xml (RunModel)" time="0.128" />
  <system-out><![CDATA[No tcl tests in /home/travis/build/icyphy/ptII/ptolemy/domains/continuous/test
No auto/knownFailedTests/*.xml tests in /home/travis/build/icyphy/ptII/ptolemy/domains/continuous/test
No auto/linux-amd64/*.xml tests in /home/travis/build/icyphy/ptII/ptolemy/domains/continuous/test
AutoTests.java: About to close Vertx.
AutoTests.java: Vertx closed.

===========================================================================================
----------------- testing Tue Dec 31 06:32:13 UTC 2019 /home/travis/build/icyphy/ptII/ptolemy/domains/continuous/test/auto/BouncingBall.xml
----------------- Instantiating /home/travis/build/icyphy/ptII/ptolemy/domains/continuous/test/auto/BouncingBall.xml
2285 ms. Memory: 155648K Free: 103957K (67%)
----------------- Invoking toplevel() on ptolemy.moml.MoMLSimpleApplication@256df8c0
----------------- Done invoking toplevel() on ptolemy.moml.MoMLSimpleApplication@256df8c0
reloadAllAccessors: .BouncingBall

===========================================================================================
----------------- testing Tue Dec 31 06:32:15 UTC 2019 /home/travis/build/icyphy/ptII/ptolemy/domains/continuous/test/auto/BouncingBallWithoutGR.xml
----------------- Instantiating /home/travis/build/icyphy/ptII/ptolemy/domains/continuous/test/auto/BouncingBallWithoutGR.xml
702 ms. Memory: 155648K Free: 106487K (68%)
----------------- Invoking toplevel() on ptolemy.moml.MoMLSimpleApplication@42319efd
----------------- Done invoking toplevel() on ptolemy.moml.MoMLSimpleApplication@42319efd
reloadAllAccessors: .BouncingBallWithoutGR

===========================================================================================
----------------- testing Tue Dec 31 06:32:16 UTC 2019 /home/travis/build/icyphy/ptII/ptolemy/domains/continuous/test/auto/Brownian.xml
----------------- Instantiating /home/travis/build/icyphy/ptII/ptolemy/domains/continuous/test/auto/Brownian.xml
19 ms. Memory: 155648K Free: 97285K (63%)
----------------- Invoking toplevel() on ptolemy.moml.MoMLSimpleApplication@274b9e2d
----------------- Done invoking toplevel() on ptolemy.moml.MoMLSimpleApplication@274b9e2d
reloadAllAccessors: .Brownian

===========================================================================================
----------------- testing Tue Dec 31 06:32:16 UTC 2019 /home/travis/build/icyphy/ptII/ptolemy/domains/continuous/test/auto/CarTracking.xml
----------------- Instantiating /home/travis/build/icyphy/ptII/ptolemy/domains/continuous/test/auto/CarTracking.xml
3355 ms. Memory: 229376K Free: 147054K (64%)
----------------- Invoking toplevel() on ptolemy.moml.MoMLSimpleApplication@74502c2a
----------------- Done invoking toplevel() on ptolemy.moml.MoMLSimpleApplication@74502c2a
reloadAllAccessors: .CarTracking

===========================================================================================
----------------- testing Tue Dec 31 06:32:20 UTC 2019 /home/travis/build/icyphy/ptII/ptolemy/domains/continuous/test/auto/CartPendulum.xml
----------------- Instantiating /home/travis/build/icyphy/ptII/ptolemy/domains/continuous/test/auto/CartPendulum.xml
366 ms. Memory: 229376K Free: 189291K (83%)
----------------- Invoking toplevel() on ptolemy.moml.MoMLSimpleApplication@9ccb089
----------------- Done invoking toplevel() on ptolemy.moml.MoMLSimpleApplication@9ccb089
reloadAllAccessors: .CartPendulum

===========================================================================================
----------------- testing Tue Dec 31 06:32:21 UTC 2019 /home/travis/build/icyphy/ptII/ptolemy/domains/continuous/test/auto/CausalityInterface10.xml
----------------- Instantiating /home/travis/build/icyphy/ptII/ptolemy/domains/continuous/test/auto/CausalityInterface10.xml
13 ms. Memory: 229376K Free: 178537K (78%)
----------------- Invoking toplevel() on ptolemy.moml.MoMLSimpleApplication@4720ff94
----------------- Done invoking toplevel() on ptolemy.moml.MoMLSimpleApplication@4720ff94
reloadAllAccessors: .CausalityInterface10

===========================================================================================
----------------- testing Tue Dec 31 06:32:21 UTC 2019 /home/travis/build/icyphy/ptII/ptolemy/domains/continuous/test/auto/CausalityInterface11.xml
----------------- Instantiating /home/travis/build/icyphy/ptII/ptolemy/domains/continuous/test/auto/CausalityInterface11.xml
9 ms. Memory: 229376K Free: 172379K (75%)
----------------- Invoking toplevel() on ptolemy.moml.MoMLSimpleApplication@491bb1b4
----------------- Done invoking toplevel() on ptolemy.moml.MoMLSimpleApplication@491bb1b4
reloadAllAccessors: .CausalityInterface11

===========================================================================================
----------------- testing Tue Dec 31 06:32:21 UTC 2019 /home/travis/build/icyphy/ptII/ptolemy/domains/continuous/test/auto/CausalityInterface12.xml
----------------- Instantiating /home/travis/build/icyphy/ptII/ptolemy/domains/continuous/test/auto/CausalityInterface12.xml
5 ms. Memory: 229376K Free: 166249K (72%)
----------------- Invoking toplevel() on ptolemy.moml.MoMLSimpleApplication@485bb225
----------------- Done invoking toplevel() on ptolemy.moml.MoMLSimpleApplication@485bb225
reloadAllAccessors: .CausalityInterface12

===========================================================================================
----------------- testing Tue Dec 31 06:32:21 UTC 2019 /home/travis/build/icyphy/ptII/ptolemy/domains/continuous/test/auto/CausalityInterface13.xml
----------------- Instantiating /home/travis/build/icyphy/ptII/ptolemy/domains/continuous/test/auto/CausalityInterface13.xml
10 ms. Memory: 229376K Free: 160091K (70%)
----------------- Invoking toplevel() on ptolemy.moml.MoMLSimpleApplication@34113414
----------------- Done invoking toplevel() on ptolemy.moml.MoMLSimpleApplication@34113414
reloadAllAccessors: .CausalityInterface13

===========================================================================================
----------------- testing Tue Dec 31 06:32:21 UTC 2019 /home/travis/build/icyphy/ptII/ptolemy/domains/continuous/test/auto/CausalityInterface14.xml
----------------- Instantiating /home/travis/build/icyphy/ptII/ptolemy/domains/continuous/test/auto/CausalityInterface14.xml
5 ms. Memory: 229376K Free: 154475K (67%)
----------------- Invoking toplevel() on ptolemy.moml.MoMLSimpleApplication@6214a98a
----------------- Done invoking toplevel() on ptolemy.moml.MoMLSimpleApplication@6214a98a
reloadAllAccessors: .CausalityInterface14

===========================================================================================
----------------- testing Tue Dec 31 06:32:21 UTC 2019 /home/travis/build/icyphy/ptII/ptolemy/domains/continuous/test/auto/CausalityInterface4.xml
----------------- Instantiating /home/travis/build/icyphy/ptII/ptolemy/domains/continuous/test/auto/CausalityInterface4.xml
5 ms. Memory: 229376K Free: 147307K (64%)
----------------- Invoking toplevel() on ptolemy.moml.MoMLSimpleApplication@66561c2e
----------------- Done invoking toplevel() on ptolemy.moml.MoMLSimpleApplication@66561c2e
reloadAllAccessors: .CausalityInterface4

===========================================================================================
----------------- testing Tue Dec 31 06:32:21 UTC 2019 /home/travis/build/icyphy/ptII/ptolemy/domains/continuous/test/auto/CausalityInterface5.xml
----------------- Instantiating /home/travis/build/icyphy/ptII/ptolemy/domains/continuous/test/auto/CausalityInterface5.xml
9 ms. Memory: 229376K Free: 139115K (61%)
----------------- Invoking toplevel() on ptolemy.moml.MoMLSimpleApplication@295d4a28
----------------- Done invoking toplevel() on ptolemy.moml.MoMLSimpleApplication@295d4a28
reloadAllAccessors: .CausalityInterface5

===========================================================================================
----------------- testing Tue Dec 31 06:32:21 UTC 2019 /home/travis/build/icyphy/ptII/ptolemy/domains/continuous/test/auto/CausalityInterface6.xml
----------------- Instantiating /home/travis/build/icyphy/ptII/ptolemy/domains/continuous/test/auto/CausalityInterface6.xml
4 ms. Memory: 229376K Free: 133995K (58%)
----------------- Invoking toplevel() on ptolemy.moml.MoMLSimpleApplication@392f8060
----------------- Done invoking toplevel() on ptolemy.moml.MoMLSimpleApplication@392f8060
reloadAllAccessors: .CausalityInterface6

===========================================================================================
----------------- testing Tue Dec 31 06:32:21 UTC 2019 /home/travis/build/icyphy/ptII/ptolemy/domains/continuous/test/auto/CausalityInterface7.xml
----------------- Instantiating /home/travis/build/icyphy/ptII/ptolemy/domains/continuous/test/auto/CausalityInterface7.xml
9 ms. Memory: 229376K Free: 125289K (55%)
----------------- Invoking toplevel() on ptolemy.moml.MoMLSimpleApplication@2a1c5d5
----------------- Done invoking toplevel() on ptolemy.moml.MoMLSimpleApplication@2a1c5d5
reloadAllAccessors: .CausalityInterface7

===========================================================================================
----------------- testing Tue Dec 31 06:32:21 UTC 2019 /home/travis/build/icyphy/ptII/ptolemy/domains/continuous/test/auto/CausalityInterface8.xml
----------------- Instantiating /home/travis/build/icyphy/ptII/ptolemy/domains/continuous/test/auto/CausalityInterface8.xml
6 ms. Memory: 229376K Free: 116073K (51%)
----------------- Invoking toplevel() on ptolemy.moml.MoMLSimpleApplication@733a917c
----------------- Done invoking toplevel() on ptolemy.moml.MoMLSimpleApplication@733a917c
reloadAllAccessors: .CausalityInterface8

===========================================================================================
----------------- testing Tue Dec 31 06:32:21 UTC 2019 /home/travis/build/icyphy/ptII/ptolemy/domains/continuous/test/auto/CausalityInterface9.xml
----------------- Instantiating /home/travis/build/icyphy/ptII/ptolemy/domains/continuous/test/auto/CausalityInterface9.xml
11 ms. Memory: 229376K Free: 104809K (46%)
----------------- Invoking toplevel() on ptolemy.moml.MoMLSimpleApplication@7538d8f6
----------------- Done invoking toplevel() on ptolemy.moml.MoMLSimpleApplication@7538d8f6
reloadAllAccessors: .CausalityInterface9

===========================================================================================
----------------- testing Tue Dec 31 06:32:21 UTC 2019 /home/travis/build/icyphy/ptII/ptolemy/domains/continuous/test/auto/CausalityInterfaceFeedback1.xml
----------------- Instantiating /home/travis/build/icyphy/ptII/ptolemy/domains/continuous/test/auto/CausalityInterfaceFeedback1.xml
6 ms. Memory: 229376K Free: 98155K (43%)
----------------- Invoking toplevel() on ptolemy.moml.MoMLSimpleApplication@7c83303
----------------- Done invoking toplevel() on ptolemy.moml.MoMLSimpleApplication@7c83303
reloadAllAccessors: .CausalityInterfaceFeedback1

===========================================================================================
----------------- testing Tue Dec 31 06:32:21 UTC 2019 /home/travis/build/icyphy/ptII/ptolemy/domains/continuous/test/auto/CausalityInterfaceFeedback2.xml
----------------- Instantiating /home/travis/build/icyphy/ptII/ptolemy/domains/continuous/test/auto/CausalityInterfaceFeedback2.xml
6 ms. Memory: 229376K Free: 91483K (40%)
----------------- Invoking toplevel() on ptolemy.moml.MoMLSimpleApplication@4575d004
----------------- Done invoking toplevel() on ptolemy.moml.MoMLSimpleApplication@4575d004
reloadAllAccessors: .CausalityInterfaceFeedback2

===========================================================================================
----------------- testing Tue Dec 31 06:32:21 UTC 2019 /home/travis/build/icyphy/ptII/ptolemy/domains/continuous/test/auto/CompareWithCurrentTime.xml
----------------- Instantiating /home/travis/build/icyphy/ptII/ptolemy/domains/continuous/test/auto/CompareWithCurrentTime.xml
2 ms. Memory: 229376K Free: 87401K (38%)
----------------- Invoking toplevel() on ptolemy.moml.MoMLSimpleApplication@46201752
----------------- Done invoking toplevel() on ptolemy.moml.MoMLSimpleApplication@46201752
reloadAllAccessors: .CompareWithCurrentTime

===========================================================================================
----------------- testing Tue Dec 31 06:32:21 UTC 2019 /home/travis/build/icyphy/ptII/ptolemy/domains/continuous/test/auto/ComparedClocks.xml
----------------- Instantiating /home/travis/build/icyphy/ptII/ptolemy/domains/continuous/test/auto/ComparedClocks.xml
8 ms. Memory: 229376K Free: 207538K (90%)
----------------- Invoking toplevel() on ptolemy.moml.MoMLSimpleApplication@77189316
----------------- Done invoking toplevel() on ptolemy.moml.MoMLSimpleApplication@77189316
reloadAllAccessors: .ComparedClocks

===========================================================================================
----------------- testing Tue Dec 31 06:32:21 UTC 2019 /home/travis/build/icyphy/ptII/ptolemy/domains/continuous/test/auto/ContinuousAOCClone.xml
----------------- Instantiating /home/travis/build/icyphy/ptII/ptolemy/domains/continuous/test/auto/ContinuousAOCClone.xml
2298 ms. Memory: 275456K Free: 130606K (47%)
----------------- Invoking toplevel() on ptolemy.moml.MoMLSimpleApplication@3cf3d6b6
----------------- Done invoking toplevel() on ptolemy.moml.MoMLSimpleApplication@3cf3d6b6
reloadAllAccessors: .ContinuousAOCClone

===========================================================================================
----------------- testing Tue Dec 31 06:32:24 UTC 2019 /home/travis/build/icyphy/ptII/ptolemy/domains/continuous/test/auto/ContinuousClock.xml
----------------- Instantiating /home/travis/build/icyphy/ptII/ptolemy/domains/continuous/test/auto/ContinuousClock.xml
30 ms. Memory: 275456K Free: 108588K (39%)
----------------- Invoking toplevel() on ptolemy.moml.MoMLSimpleApplication@7d0cac2c
----------------- Done invoking toplevel() on ptolemy.moml.MoMLSimpleApplication@7d0cac2c
reloadAllAccessors: .ContinuousClock

===========================================================================================
----------------- testing Tue Dec 31 06:32:24 UTC 2019 /home/travis/build/icyphy/ptII/ptolemy/domains/continuous/test/auto/ContinuousInContinuous.xml
----------------- Instantiating /home/travis/build/icyphy/ptII/ptolemy/domains/continuous/test/auto/ContinuousInContinuous.xml
42 ms. Memory: 275456K Free: 247832K (90%)
----------------- Invoking toplevel() on ptolemy.moml.MoMLSimpleApplication@c6fc46a
----------------- Done invoking toplevel() on ptolemy.moml.MoMLSimpleApplication@c6fc46a
reloadAllAccessors: .ContinuousInContinuous

===========================================================================================
----------------- testing Tue Dec 31 06:32:24 UTC 2019 /home/travis/build/icyphy/ptII/ptolemy/domains/continuous/test/auto/ContinuousInContinuousInContinuous.xml
----------------- Instantiating /home/travis/build/icyphy/ptII/ptolemy/domains/continuous/test/auto/ContinuousInContinuousInContinuous.xml
6 ms. Memory: 275456K Free: 239646K (87%)
----------------- Invoking toplevel() on ptolemy.moml.MoMLSimpleApplication@22d4425b
----------------- Done invoking toplevel() on ptolemy.moml.MoMLSimpleApplication@22d4425b
reloadAllAccessors: .ContinuousInContinuousInContinuous

===========================================================================================
----------------- testing Tue Dec 31 06:32:24 UTC 2019 /home/travis/build/icyphy/ptII/ptolemy/domains/continuous/test/auto/ContinuousInDE.xml
----------------- Instantiating /home/travis/build/icyphy/ptII/ptolemy/domains/continuous/test/auto/ContinuousInDE.xml
88 ms. Memory: 275456K Free: 228896K (83%)
----------------- Invoking toplevel() on ptolemy.moml.MoMLSimpleApplication@29c946c0
----------------- Done invoking toplevel() on ptolemy.moml.MoMLSimpleApplication@29c946c0
reloadAllAccessors: .ContinuousInDE

===========================================================================================
----------------- testing Tue Dec 31 06:32:24 UTC 2019 /home/travis/build/icyphy/ptII/ptolemy/domains/continuous/test/auto/ContinuousInDE2.xml
----------------- Instantiating /home/travis/build/icyphy/ptII/ptolemy/domains/continuous/test/auto/ContinuousInDE2.xml
33 ms. Memory: 275456K Free: 219166K (80%)
----------------- Invoking toplevel() on ptolemy.moml.MoMLSimpleApplication@f0cf204
----------------- Done invoking toplevel() on ptolemy.moml.MoMLSimpleApplication@f0cf204
reloadAllAccessors: .ContinuousInDE2

===========================================================================================
----------------- testing Tue Dec 31 06:32:24 UTC 2019 /home/travis/build/icyphy/ptII/ptolemy/domains/continuous/test/auto/ContinuousInDE3.xml
----------------- Instantiating /home/travis/build/icyphy/ptII/ptolemy/domains/continuous/test/auto/ContinuousInDE3.xml
34 ms. Memory: 275456K Free: 209440K (76%)
----------------- Invoking toplevel() on ptolemy.moml.MoMLSimpleApplication@74fbcbb6
----------------- Done invoking toplevel() on ptolemy.moml.MoMLSimpleApplication@74fbcbb6
reloadAllAccessors: .ContinuousInDE3

===========================================================================================
----------------- testing Tue Dec 31 06:32:24 UTC 2019 /home/travis/build/icyphy/ptII/ptolemy/domains/continuous/test/auto/ContinuousInDE4.xml
----------------- Instantiating /home/travis/build/icyphy/ptII/ptolemy/domains/continuous/test/auto/ContinuousInDE4.xml
14 ms. Memory: 275456K Free: 203296K (74%)
----------------- Invoking toplevel() on ptolemy.moml.MoMLSimpleApplication@199e38c
----------------- Done invoking toplevel() on ptolemy.moml.MoMLSimpleApplication@199e38c
reloadAllAccessors: .ContinuousInDE4

===========================================================================================
----------------- testing Tue Dec 31 06:32:24 UTC 2019 /home/travis/build/icyphy/ptII/ptolemy/domains/continuous/test/auto/ContinuousInDEDifferentRefinements.xml
----------------- Instantiating /home/travis/build/icyphy/ptII/ptolemy/domains/continuous/test/auto/ContinuousInDEDifferentRefinements.xml
62 ms. Memory: 275456K Free: 172048K (62%)
----------------- Invoking toplevel() on ptolemy.moml.MoMLSimpleApplication@510cf8fb
----------------- Done invoking toplevel() on ptolemy.moml.MoMLSimpleApplication@510cf8fb
reloadAllAccessors: .ContinuousInDEDifferentRefinements

===========================================================================================
----------------- testing Tue Dec 31 06:32:24 UTC 2019 /home/travis/build/icyphy/ptII/ptolemy/domains/continuous/test/auto/ContinuousInDEDifferentRefinementsPreemptive.xml
----------------- Instantiating /home/travis/build/icyphy/ptII/ptolemy/domains/continuous/test/auto/ContinuousInDEDifferentRefinementsPreemptive.xml
44 ms. Memory: 275456K Free: 141856K (51%)
----------------- Invoking toplevel() on ptolemy.moml.MoMLSimpleApplication@6f81af4b
----------------- Done invoking toplevel() on ptolemy.moml.MoMLSimpleApplication@6f81af4b
reloadAllAccessors: .ContinuousInDEDifferentRefinementsPreemptive

===========================================================================================
----------------- testing Tue Dec 31 06:32:24 UTC 2019 /home/travis/build/icyphy/ptII/ptolemy/domains/continuous/test/auto/ContinuousInDEInContinuous2.xml
----------------- Instantiating /home/travis/build/icyphy/ptII/ptolemy/domains/continuous/test/auto/ContinuousInDEInContinuous2.xml
39 ms. Memory: 275456K Free: 130592K (47%)
----------------- Invoking toplevel() on ptolemy.moml.MoMLSimpleApplication@5861d6a
----------------- Done invoking toplevel() on ptolemy.moml.MoMLSimpleApplication@5861d6a
reloadAllAccessors: .ContinuousInDEInContinuous2

===========================================================================================
----------------- testing Tue Dec 31 06:32:24 UTC 2019 /home/travis/build/icyphy/ptII/ptolemy/domains/continuous/test/auto/ContinuousInDEInContinuous3.xml
----------------- Instantiating /home/travis/build/icyphy/ptII/ptolemy/domains/continuous/test/auto/ContinuousInDEInContinuous3.xml
35 ms. Memory: 275456K Free: 118304K (43%)
----------------- Invoking toplevel() on ptolemy.moml.MoMLSimpleApplication@5ea06cbb
----------------- Done invoking toplevel() on ptolemy.moml.MoMLSimpleApplication@5ea06cbb
reloadAllAccessors: .ContinuousInDEInContinuous3

===========================================================================================
----------------- testing Tue Dec 31 06:32:24 UTC 2019 /home/travis/build/icyphy/ptII/ptolemy/domains/continuous/test/auto/ContinuousInDEInput.xml
----------------- Instantiating /home/travis/build/icyphy/ptII/ptolemy/domains/continuous/test/auto/ContinuousInDEInput.xml
13 ms. Memory: 275456K Free: 111136K (40%)
----------------- Invoking toplevel() on ptolemy.moml.MoMLSimpleApplication@3b090371
----------------- Done invoking toplevel() on ptolemy.moml.MoMLSimpleApplication@3b090371
reloadAllAccessors: .ContinuousInDEInput

===========================================================================================
----------------- testing Tue Dec 31 06:32:25 UTC 2019 /home/travis/build/icyphy/ptII/ptolemy/domains/continuous/test/auto/ContinuousInDEInput2.xml
----------------- Instantiating /home/travis/build/icyphy/ptII/ptolemy/domains/continuous/test/auto/ContinuousInDEInput2.xml
14 ms. Memory: 275456K Free: 103968K (38%)
----------------- Invoking toplevel() on ptolemy.moml.MoMLSimpleApplication@7f1a223c
----------------- Done invoking toplevel() on ptolemy.moml.MoMLSimpleApplication@7f1a223c
reloadAllAccessors: .ContinuousInDEInput2

===========================================================================================
----------------- testing Tue Dec 31 06:32:25 UTC 2019 /home/travis/build/icyphy/ptII/ptolemy/domains/continuous/test/auto/ContinuousInDEInput3.xml
----------------- Instantiating /home/travis/build/icyphy/ptII/ptolemy/domains/continuous/test/auto/ContinuousInDEInput3.xml
15 ms. Memory: 275456K Free: 260487K (95%)
----------------- Invoking toplevel() on ptolemy.moml.MoMLSimpleApplication@3b5c2c45
----------------- Done invoking toplevel() on ptolemy.moml.MoMLSimpleApplication@3b5c2c45
reloadAllAccessors: .ContinuousInDEInput3

===========================================================================================
----------------- testing Tue Dec 31 06:32:25 UTC 2019 /home/travis/build/icyphy/ptII/ptolemy/domains/continuous/test/auto/ContinuousInDESharingRefinement.xml
----------------- Instantiating /home/travis/build/icyphy/ptII/ptolemy/domains/continuous/test/auto/ContinuousInDESharingRefinement.xml
130 ms. Memory: 275456K Free: 166061K (60%)
----------------- Invoking toplevel() on ptolemy.moml.MoMLSimpleApplication@6923c606
----------------- Done invoking toplevel() on ptolemy.moml.MoMLSimpleApplication@6923c606
reloadAllAccessors: .ContinuousInDESharingRefinement

===========================================================================================
----------------- testing Tue Dec 31 06:32:25 UTC 2019 /home/travis/build/icyphy/ptII/ptolemy/domains/continuous/test/auto/ContinuousInDEwithNoPorts.xml
----------------- Instantiating /home/travis/build/icyphy/ptII/ptolemy/domains/continuous/test/auto/ContinuousInDEwithNoPorts.xml
6 ms. Memory: 275456K Free: 161965K (59%)
----------------- Invoking toplevel() on ptolemy.moml.MoMLSimpleApplication@7399ecc8
----------------- Done invoking toplevel() on ptolemy.moml.MoMLSimpleApplication@7399ecc8
reloadAllAccessors: .ContinuousInDEwithNoPorts

===========================================================================================
----------------- testing Tue Dec 31 06:32:25 UTC 2019 /home/travis/build/icyphy/ptII/ptolemy/domains/continuous/test/auto/ContinuousInsideDE.xml
----------------- Instantiating /home/travis/build/icyphy/ptII/ptolemy/domains/continuous/test/auto/ContinuousInsideDE.xml
33 ms. Memory: 275456K Free: 150187K (55%)
----------------- Invoking toplevel() on ptolemy.moml.MoMLSimpleApplication@5f4477cc
----------------- Done invoking toplevel() on ptolemy.moml.MoMLSimpleApplication@5f4477cc
reloadAllAccessors: .ContinuousInsideDE

===========================================================================================
----------------- testing Tue Dec 31 06:32:25 UTC 2019 /home/travis/build/icyphy/ptII/ptolemy/domains/continuous/test/auto/ContinuousMerge1.xml
----------------- Instantiating /home/travis/build/icyphy/ptII/ptolemy/domains/continuous/test/auto/ContinuousMerge1.xml
3 ms. Memory: 275456K Free: 146061K (53%)
----------------- Invoking toplevel() on ptolemy.moml.MoMLSimpleApplication@3c1cd09e
----------------- Done invoking toplevel() on ptolemy.moml.MoMLSimpleApplication@3c1cd09e
reloadAllAccessors: .ContinuousMerge1

===========================================================================================
----------------- testing Tue Dec 31 06:32:25 UTC 2019 /home/travis/build/icyphy/ptII/ptolemy/domains/continuous/test/auto/ContinuousMerge2.xml
----------------- Instantiating /home/travis/build/icyphy/ptII/ptolemy/domains/continuous/test/auto/ContinuousMerge2.xml
16 ms. Memory: 275456K Free: 135851K (49%)
----------------- Invoking toplevel() on ptolemy.moml.MoMLSimpleApplication@78edc799
----------------- Done invoking toplevel() on ptolemy.moml.MoMLSimpleApplication@78edc799
reloadAllAccessors: .ContinuousMerge2

===========================================================================================
----------------- testing Tue Dec 31 06:32:25 UTC 2019 /home/travis/build/icyphy/ptII/ptolemy/domains/continuous/test/auto/ContinuousMerge3.xml
----------------- Instantiating /home/travis/build/icyphy/ptII/ptolemy/domains/continuous/test/auto/ContinuousMerge3.xml
42 ms. Memory: 275456K Free: 125101K (45%)
----------------- Invoking toplevel() on ptolemy.moml.MoMLSimpleApplication@2c40ea6
----------------- Done invoking toplevel() on ptolemy.moml.MoMLSimpleApplication@2c40ea6
reloadAllAccessors: .ContinuousMerge3

===========================================================================================
----------------- testing Tue Dec 31 06:32:25 UTC 2019 /home/travis/build/icyphy/ptII/ptolemy/domains/continuous/test/auto/ContinuousWithinContinuous.xml
----------------- Instantiating /home/travis/build/icyphy/ptII/ptolemy/domains/continuous/test/auto/ContinuousWithinContinuous.xml
42 ms. Memory: 275456K Free: 115371K (42%)
----------------- Invoking toplevel() on ptolemy.moml.MoMLSimpleApplication@491adbd7
----------------- Done invoking toplevel() on ptolemy.moml.MoMLSimpleApplication@491adbd7
reloadAllAccessors: .ContinuousWithinContinuous

===========================================================================================
----------------- testing Tue Dec 31 06:32:25 UTC 2019 /home/travis/build/icyphy/ptII/ptolemy/domains/continuous/test/auto/ContinuousWithinContinuous2.xml
----------------- Instantiating /home/travis/build/icyphy/ptII/ptolemy/domains/continuous/test/auto/ContinuousWithinContinuous2.xml
61 ms. Memory: 275456K Free: 104107K (38%)
----------------- Invoking toplevel() on ptolemy.moml.MoMLSimpleApplication@70cf9bbe
----------------- Done invoking toplevel() on ptolemy.moml.MoMLSimpleApplication@70cf9bbe
reloadAllAccessors: .ContinuousWithinContinuous2

===========================================================================================
----------------- testing Tue Dec 31 06:32:25 UTC 2019 /home/travis/build/icyphy/ptII/ptolemy/domains/continuous/test/auto/ContinuousWithinContinuous3.xml
----------------- Instantiating /home/travis/build/icyphy/ptII/ptolemy/domains/continuous/test/auto/ContinuousWithinContinuous3.xml
12 ms. Memory: 275456K Free: 97453K (35%)
----------------- Invoking toplevel() on ptolemy.moml.MoMLSimpleApplication@34bf0518
----------------- Done invoking toplevel() on ptolemy.moml.MoMLSimpleApplication@34bf0518
reloadAllAccessors: .ContinuousWithinContinuous3

===========================================================================================
----------------- testing Tue Dec 31 06:32:25 UTC 2019 /home/travis/build/icyphy/ptII/ptolemy/domains/continuous/test/auto/ContinuousWithinContinuous4.xml
----------------- Instantiating /home/travis/build/icyphy/ptII/ptolemy/domains/continuous/test/auto/ContinuousWithinContinuous4.xml
62 ms. Memory: 275456K Free: 249174K (90%)
----------------- Invoking toplevel() on ptolemy.moml.MoMLSimpleApplication@4b669a11
----------------- Done invoking toplevel() on ptolemy.moml.MoMLSimpleApplication@4b669a11
reloadAllAccessors: .ContinuousWithinContinuous4

===========================================================================================
----------------- testing Tue Dec 31 06:32:25 UTC 2019 /home/travis/build/icyphy/ptII/ptolemy/domains/continuous/test/auto/ContinuousWithinContinuous5.xml
----------------- Instantiating /home/travis/build/icyphy/ptII/ptolemy/domains/continuous/test/auto/ContinuousWithinContinuous5.xml
11 ms. Memory: 275456K Free: 242006K (88%)
----------------- Invoking toplevel() on ptolemy.moml.MoMLSimpleApplication@4ecf5823
----------------- Done invoking toplevel() on ptolemy.moml.MoMLSimpleApplication@4ecf5823
reloadAllAccessors: .ContinuousWithinContinuous5

===========================================================================================
----------------- testing Tue Dec 31 06:32:25 UTC 2019 /home/travis/build/icyphy/ptII/ptolemy/domains/continuous/test/auto/ContinuousWithinContinuous6.xml
----------------- Instantiating /home/travis/build/icyphy/ptII/ptolemy/domains/continuous/test/auto/ContinuousWithinContinuous6.xml
11 ms. Memory: 275456K Free: 234838K (85%)
----------------- Invoking toplevel() on ptolemy.moml.MoMLSimpleApplication@5444fa5e
----------------- Done invoking toplevel() on ptolemy.moml.MoMLSimpleApplication@5444fa5e
reloadAllAccessors: .ContinuousWithinContinuous6

===========================================================================================
----------------- testing Tue Dec 31 06:32:25 UTC 2019 /home/travis/build/icyphy/ptII/ptolemy/domains/continuous/test/auto/ContinuousWithinContinuous7.xml
----------------- Instantiating /home/travis/build/icyphy/ptII/ptolemy/domains/continuous/test/auto/ContinuousWithinContinuous7.xml
51 ms. Memory: 275456K Free: 224084K (81%)
----------------- Invoking toplevel() on ptolemy.moml.MoMLSimpleApplication@4fa04ad9
----------------- Done invoking toplevel() on ptolemy.moml.MoMLSimpleApplication@4fa04ad9
reloadAllAccessors: .ContinuousWithinContinuous7

===========================================================================================
----------------- testing Tue Dec 31 06:32:25 UTC 2019 /home/travis/build/icyphy/ptII/ptolemy/domains/continuous/test/auto/DCMotor.xml
----------------- Instantiating /home/travis/build/icyphy/ptII/ptolemy/domains/continuous/test/auto/DCMotor.xml
12961 ms. Memory: 275456K Free: 246932K (90%)
----------------- Invoking toplevel() on ptolemy.moml.MoMLSimpleApplication@ac3148e
----------------- Done invoking toplevel() on ptolemy.moml.MoMLSimpleApplication@ac3148e
reloadAllAccessors: .DCMotor

===========================================================================================
----------------- testing Tue Dec 31 06:32:38 UTC 2019 /home/travis/build/icyphy/ptII/ptolemy/domains/continuous/test/auto/DEInContinuous.xml
----------------- Instantiating /home/travis/build/icyphy/ptII/ptolemy/domains/continuous/test/auto/DEInContinuous.xml
20 ms. Memory: 275456K Free: 240788K (87%)
----------------- Invoking toplevel() on ptolemy.moml.MoMLSimpleApplication@38c27e9f
----------------- Done invoking toplevel() on ptolemy.moml.MoMLSimpleApplication@38c27e9f
reloadAllAccessors: .DEInContinuous

===========================================================================================
----------------- testing Tue Dec 31 06:32:38 UTC 2019 /home/travis/build/icyphy/ptII/ptolemy/domains/continuous/test/auto/DEinContinuous2.xml
----------------- Instantiating /home/travis/build/icyphy/ptII/ptolemy/domains/continuous/test/auto/DEinContinuous2.xml
10 ms. Memory: 275456K Free: 233110K (85%)
----------------- Invoking toplevel() on ptolemy.moml.MoMLSimpleApplication@226a7261
----------------- Done invoking toplevel() on ptolemy.moml.MoMLSimpleApplication@226a7261
reloadAllAccessors: .DEinContinuous2

===========================================================================================
----------------- testing Tue Dec 31 06:32:39 UTC 2019 /home/travis/build/icyphy/ptII/ptolemy/domains/continuous/test/auto/Derivative.xml
----------------- Instantiating /home/travis/build/icyphy/ptII/ptolemy/domains/continuous/test/auto/Derivative.xml
137 ms. Memory: 275456K Free: 203414K (74%)
----------------- Invoking toplevel() on ptolemy.moml.MoMLSimpleApplication@3d77136e
----------------- Done invoking toplevel() on ptolemy.moml.MoMLSimpleApplication@3d77136e
reloadAllAccessors: .Derivative2

===========================================================================================
----------------- testing Tue Dec 31 06:32:39 UTC 2019 /home/travis/build/icyphy/ptII/ptolemy/domains/continuous/test/auto/Derivative1.xml
----------------- Instantiating /home/travis/build/icyphy/ptII/ptolemy/domains/continuous/test/auto/Derivative1.xml
33 ms. Memory: 275456K Free: 189078K (69%)
----------------- Invoking toplevel() on ptolemy.moml.MoMLSimpleApplication@59bc4f23
----------------- Done invoking toplevel() on ptolemy.moml.MoMLSimpleApplication@59bc4f23
reloadAllAccessors: .Derivative1

===========================================================================================
----------------- testing Tue Dec 31 06:32:39 UTC 2019 /home/travis/build/icyphy/ptII/ptolemy/domains/continuous/test/auto/DiscreteClock.xml
----------------- Instantiating /home/travis/build/icyphy/ptII/ptolemy/domains/continuous/test/auto/DiscreteClock.xml
4 ms. Memory: 275456K Free: 183958K (67%)
----------------- Invoking toplevel() on ptolemy.moml.MoMLSimpleApplication@fa4e2ed
----------------- Done invoking toplevel() on ptolemy.moml.MoMLSimpleApplication@fa4e2ed
reloadAllAccessors: .DiscreteClock

===========================================================================================
----------------- testing Tue Dec 31 06:32:39 UTC 2019 /home/travis/build/icyphy/ptII/ptolemy/domains/continuous/test/auto/EfficiencyCurve.xml
----------------- Instantiating /home/travis/build/icyphy/ptII/ptolemy/domains/continuous/test/auto/EfficiencyCurve.xml
65 ms. Memory: 275456K Free: 174742K (63%)
----------------- Invoking toplevel() on ptolemy.moml.MoMLSimpleApplication@87bf4b7
----------------- Done invoking toplevel() on ptolemy.moml.MoMLSimpleApplication@87bf4b7
reloadAllAccessors: .EfficiencyCurve

===========================================================================================
----------------- testing Tue Dec 31 06:32:39 UTC 2019 /home/travis/build/icyphy/ptII/ptolemy/domains/continuous/test/auto/ExponentialResponse.xml
----------------- Instantiating /home/travis/build/icyphy/ptII/ptolemy/domains/continuous/test/auto/ExponentialResponse.xml
87 ms. Memory: 275456K Free: 158868K (58%)
----------------- Invoking toplevel() on ptolemy.moml.MoMLSimpleApplication@50a755ca
----------------- Done invoking toplevel() on ptolemy.moml.MoMLSimpleApplication@50a755ca
reloadAllAccessors: .ExponentialResponse

===========================================================================================
----------------- testing Tue Dec 31 06:32:39 UTC 2019 /home/travis/build/icyphy/ptII/ptolemy/domains/continuous/test/auto/ExponentialResponseRK45.xml
----------------- Instantiating /home/travis/build/icyphy/ptII/ptolemy/domains/continuous/test/auto/ExponentialResponseRK45.xml
21 ms. Memory: 275456K Free: 152214K (55%)
----------------- Invoking toplevel() on ptolemy.moml.MoMLSimpleApplication@7208786
----------------- Done invoking toplevel() on ptolemy.moml.MoMLSimpleApplication@7208786
reloadAllAccessors: .ExponentialResponseRK45

===========================================================================================
----------------- testing Tue Dec 31 06:32:39 UTC 2019 /home/travis/build/icyphy/ptII/ptolemy/domains/continuous/test/auto/Friction.xml
----------------- Instantiating /home/travis/build/icyphy/ptII/ptolemy/domains/continuous/test/auto/Friction.xml
1468 ms. Memory: 275456K Free: 215153K (78%)
----------------- Invoking toplevel() on ptolemy.moml.MoMLSimpleApplication@3c1da338
----------------- Done invoking toplevel() on ptolemy.moml.MoMLSimpleApplication@3c1da338
reloadAllAccessors: .Friction

===========================================================================================
----------------- testing Tue Dec 31 06:32:41 UTC 2019 /home/travis/build/icyphy/ptII/ptolemy/domains/continuous/test/auto/FurutaPendulum.xml
----------------- Instantiating /home/travis/build/icyphy/ptII/ptolemy/domains/continuous/test/auto/FurutaPendulum.xml
2945 ms. Memory: 275456K Free: 180594K (66%)
----------------- Invoking toplevel() on ptolemy.moml.MoMLSimpleApplication@73903f5f
----------------- Done invoking toplevel() on ptolemy.moml.MoMLSimpleApplication@73903f5f
reloadAllAccessors: .FurutaPendulum

===========================================================================================
----------------- testing Tue Dec 31 06:32:44 UTC 2019 /home/travis/build/icyphy/ptII/ptolemy/domains/continuous/test/auto/HierarchicalExecution.xml
----------------- Instantiating /home/travis/build/icyphy/ptII/ptolemy/domains/continuous/test/auto/HierarchicalExecution.xml
1719 ms. Memory: 275456K Free: 223028K (81%)
----------------- Invoking toplevel() on ptolemy.moml.MoMLSimpleApplication@6deed6f1
----------------- Done invoking toplevel() on ptolemy.moml.MoMLSimpleApplication@6deed6f1
reloadAllAccessors: .HierarchicalExecution

===========================================================================================
----------------- testing Tue Dec 31 06:32:46 UTC 2019 /home/travis/build/icyphy/ptII/ptolemy/domains/continuous/test/auto/HybridPlant.xml
----------------- Instantiating /home/travis/build/icyphy/ptII/ptolemy/domains/continuous/test/auto/HybridPlant.xml
458 ms. Memory: 275456K Free: 122024K (44%)
----------------- Invoking toplevel() on ptolemy.moml.MoMLSimpleApplication@eba2430
----------------- Done invoking toplevel() on ptolemy.moml.MoMLSimpleApplication@eba2430
reloadAllAccessors: .HybridPlant

===========================================================================================
----------------- testing Tue Dec 31 06:32:46 UTC 2019 /home/travis/build/icyphy/ptII/ptolemy/domains/continuous/test/auto/Hysteresis.xml
----------------- Instantiating /home/travis/build/icyphy/ptII/ptolemy/domains/continuous/test/auto/Hysteresis.xml
131 ms. Memory: 275456K Free: 222883K (81%)
----------------- Invoking toplevel() on ptolemy.moml.MoMLSimpleApplication@1c16f45
----------------- Done invoking toplevel() on ptolemy.moml.MoMLSimpleApplication@1c16f45
reloadAllAccessors: .Hysteresis

===========================================================================================
----------------- testing Tue Dec 31 06:32:47 UTC 2019 /home/travis/build/icyphy/ptII/ptolemy/domains/continuous/test/auto/HysteresisWithRandomDelay.xml
----------------- Instantiating /home/travis/build/icyphy/ptII/ptolemy/domains/continuous/test/auto/HysteresisWithRandomDelay.xml
173 ms. Memory: 275456K Free: 150689K (55%)
----------------- Invoking toplevel() on ptolemy.moml.MoMLSimpleApplication@27ed22c5
----------------- Done invoking toplevel() on ptolemy.moml.MoMLSimpleApplication@27ed22c5
reloadAllAccessors: .HysteresisWithRandomDelay

===========================================================================================
----------------- testing Tue Dec 31 06:32:47 UTC 2019 /home/travis/build/icyphy/ptII/ptolemy/domains/continuous/test/auto/HysteresisWithRandomLosses.xml
----------------- Instantiating /home/travis/build/icyphy/ptII/ptolemy/domains/continuous/test/auto/HysteresisWithRandomLosses.xml
2456 ms. Memory: 330752K Free: 285517K (86%)
----------------- Invoking toplevel() on ptolemy.moml.MoMLSimpleApplication@3be431d8
----------------- Done invoking toplevel() on ptolemy.moml.MoMLSimpleApplication@3be431d8
reloadAllAccessors: .HysteresisWithRandomLosses

===========================================================================================
----------------- testing Tue Dec 31 06:32:49 UTC 2019 /home/travis/build/icyphy/ptII/ptolemy/domains/continuous/test/auto/ImmediateTransitions.xml
----------------- Instantiating /home/travis/build/icyphy/ptII/ptolemy/domains/continuous/test/auto/ImmediateTransitions.xml
12 ms. Memory: 330752K Free: 274237K (83%)
----------------- Invoking toplevel() on ptolemy.moml.MoMLSimpleApplication@35056205
----------------- Done invoking toplevel() on ptolemy.moml.MoMLSimpleApplication@35056205
reloadAllAccessors: .ImmediateTransitions

===========================================================================================
----------------- testing Tue Dec 31 06:32:49 UTC 2019 /home/travis/build/icyphy/ptII/ptolemy/domains/continuous/test/auto/ImpulseFeedback.xml
----------------- Instantiating /home/travis/build/icyphy/ptII/ptolemy/domains/continuous/test/auto/ImpulseFeedback.xml
8 ms. Memory: 330752K Free: 268638K (81%)
----------------- Invoking toplevel() on ptolemy.moml.MoMLSimpleApplication@25a92d12
----------------- Done invoking toplevel() on ptolemy.moml.MoMLSimpleApplication@25a92d12
reloadAllAccessors: .ImpulseFeedback

===========================================================================================
----------------- testing Tue Dec 31 06:32:49 UTC 2019 /home/travis/build/icyphy/ptII/ptolemy/domains/continuous/test/auto/ImpulseFeedback2.xml
----------------- Instantiating /home/travis/build/icyphy/ptII/ptolemy/domains/continuous/test/auto/ImpulseFeedback2.xml
6 ms. Memory: 330752K Free: 263004K (80%)
----------------- Invoking toplevel() on ptolemy.moml.MoMLSimpleApplication@3cbeaedf
----------------- Done invoking toplevel() on ptolemy.moml.MoMLSimpleApplication@3cbeaedf
reloadAllAccessors: .ImpulseFeedback2

===========================================================================================
----------------- testing Tue Dec 31 06:32:49 UTC 2019 /home/travis/build/icyphy/ptII/ptolemy/domains/continuous/test/auto/IncreasingRatePoisson.xml
----------------- Instantiating /home/travis/build/icyphy/ptII/ptolemy/domains/continuous/test/auto/IncreasingRatePoisson.xml
771 ms. Memory: 330752K Free: 130486K (39%)
----------------- Invoking toplevel() on ptolemy.moml.MoMLSimpleApplication@1fa04a0b
----------------- Done invoking toplevel() on ptolemy.moml.MoMLSimpleApplication@1fa04a0b
reloadAllAccessors: .IncreasingRatePoisson

===========================================================================================
----------------- testing Tue Dec 31 06:32:50 UTC 2019 /home/travis/build/icyphy/ptII/ptolemy/domains/continuous/test/auto/InitialStateFeedback.xml
----------------- Instantiating /home/travis/build/icyphy/ptII/ptolemy/domains/continuous/test/auto/InitialStateFeedback.xml
4 ms. Memory: 330752K Free: 125894K (38%)
----------------- Invoking toplevel() on ptolemy.moml.MoMLSimpleApplication@114d8df6
----------------- Done invoking toplevel() on ptolemy.moml.MoMLSimpleApplication@114d8df6
reloadAllAccessors: .InitialStateFeedback

===========================================================================================
----------------- testing Tue Dec 31 06:32:50 UTC 2019 /home/travis/build/icyphy/ptII/ptolemy/domains/continuous/test/auto/Integration.xml
----------------- Instantiating /home/travis/build/icyphy/ptII/ptolemy/domains/continuous/test/auto/Integration.xml
1 ms. Memory: 330752K Free: 121798K (37%)
----------------- Invoking toplevel() on ptolemy.moml.MoMLSimpleApplication@102d40af
----------------- Done invoking toplevel() on ptolemy.moml.MoMLSimpleApplication@102d40af
reloadAllAccessors: .Integration

===========================================================================================
----------------- testing Tue Dec 31 06:32:50 UTC 2019 /home/travis/build/icyphy/ptII/ptolemy/domains/continuous/test/auto/Integration2.xml
----------------- Instantiating /home/travis/build/icyphy/ptII/ptolemy/domains/continuous/test/auto/Integration2.xml
69 ms. Memory: 330752K Free: 303560K (92%)
----------------- Invoking toplevel() on ptolemy.moml.MoMLSimpleApplication@2e34ff71
----------------- Done invoking toplevel() on ptolemy.moml.MoMLSimpleApplication@2e34ff71
reloadAllAccessors: .Integration2

===========================================================================================
----------------- testing Tue Dec 31 06:32:50 UTC 2019 /home/travis/build/icyphy/ptII/ptolemy/domains/continuous/test/auto/Integration3.xml
----------------- Instantiating /home/travis/build/icyphy/ptII/ptolemy/domains/continuous/test/auto/Integration3.xml
3 ms. Memory: 330752K Free: 298954K (90%)
----------------- Invoking toplevel() on ptolemy.moml.MoMLSimpleApplication@4f2b50b1
----------------- Done invoking toplevel() on ptolemy.moml.MoMLSimpleApplication@4f2b50b1
reloadAllAccessors: .Integration3

===========================================================================================
----------------- testing Tue Dec 31 06:32:50 UTC 2019 /home/travis/build/icyphy/ptII/ptolemy/domains/continuous/test/auto/Integration5.xml
----------------- Instantiating /home/travis/build/icyphy/ptII/ptolemy/domains/continuous/test/auto/Integration5.xml
4 ms. Memory: 330752K Free: 294858K (89%)
----------------- Invoking toplevel() on ptolemy.moml.MoMLSimpleApplication@1f37e87b
----------------- Done invoking toplevel() on ptolemy.moml.MoMLSimpleApplication@1f37e87b
reloadAllAccessors: .Integration5

===========================================================================================
----------------- testing Tue Dec 31 06:32:50 UTC 2019 /home/travis/build/icyphy/ptII/ptolemy/domains/continuous/test/auto/IntegratorImpulse.xml
----------------- Instantiating /home/travis/build/icyphy/ptII/ptolemy/domains/continuous/test/auto/IntegratorImpulse.xml
2 ms. Memory: 330752K Free: 290762K (88%)
----------------- Invoking toplevel() on ptolemy.moml.MoMLSimpleApplication@21b08b43
----------------- Done invoking toplevel() on ptolemy.moml.MoMLSimpleApplication@21b08b43
reloadAllAccessors: .IntegratorImpulse

===========================================================================================
----------------- testing Tue Dec 31 06:32:50 UTC 2019 /home/travis/build/icyphy/ptII/ptolemy/domains/continuous/test/auto/IntegratorImpulse2.xml
----------------- Instantiating /home/travis/build/icyphy/ptII/ptolemy/domains/continuous/test/auto/IntegratorImpulse2.xml
4 ms. Memory: 330752K Free: 286146K (87%)
----------------- Invoking toplevel() on ptolemy.moml.MoMLSimpleApplication@14b0dae9
----------------- Done invoking toplevel() on ptolemy.moml.MoMLSimpleApplication@14b0dae9
reloadAllAccessors: .IntegratorImpulse2

===========================================================================================
----------------- testing Tue Dec 31 06:32:50 UTC 2019 /home/travis/build/icyphy/ptII/ptolemy/domains/continuous/test/auto/LevelCrossing1.xml
----------------- Instantiating /home/travis/build/icyphy/ptII/ptolemy/domains/continuous/test/auto/LevelCrossing1.xml
2 ms. Memory: 330752K Free: 281018K (85%)
----------------- Invoking toplevel() on ptolemy.moml.MoMLSimpleApplication@7c9662a9
----------------- Done invoking toplevel() on ptolemy.moml.MoMLSimpleApplication@7c9662a9
reloadAllAccessors: .LevelCrossing1

===========================================================================================
----------------- testing Tue Dec 31 06:32:50 UTC 2019 /home/travis/build/icyphy/ptII/ptolemy/domains/continuous/test/auto/LevelCrossing2.xml
----------------- Instantiating /home/travis/build/icyphy/ptII/ptolemy/domains/continuous/test/auto/LevelCrossing2.xml
3 ms. Memory: 330752K Free: 275906K (83%)
----------------- Invoking toplevel() on ptolemy.moml.MoMLSimpleApplication@aa4bbaf
----------------- Done invoking toplevel() on ptolemy.moml.MoMLSimpleApplication@aa4bbaf
reloadAllAccessors: .LevelCrossing2

===========================================================================================
----------------- testing Tue Dec 31 06:32:50 UTC 2019 /home/travis/build/icyphy/ptII/ptolemy/domains/continuous/test/auto/LevelCrossing3.xml
----------------- Instantiating /home/travis/build/icyphy/ptII/ptolemy/domains/continuous/test/auto/LevelCrossing3.xml
3 ms. Memory: 330752K Free: 270778K (82%)
----------------- Invoking toplevel() on ptolemy.moml.MoMLSimpleApplication@42aea58f
----------------- Done invoking toplevel() on ptolemy.moml.MoMLSimpleApplication@42aea58f
reloadAllAccessors: .LevelCrossing3

===========================================================================================
----------------- testing Tue Dec 31 06:32:50 UTC 2019 /home/travis/build/icyphy/ptII/ptolemy/domains/continuous/test/auto/LevelCrossing4.xml
----------------- Instantiating /home/travis/build/icyphy/ptII/ptolemy/domains/continuous/test/auto/LevelCrossing4.xml
3 ms. Memory: 330752K Free: 265666K (80%)
----------------- Invoking toplevel() on ptolemy.moml.MoMLSimpleApplication@6f6f3388
----------------- Done invoking toplevel() on ptolemy.moml.MoMLSimpleApplication@6f6f3388
reloadAllAccessors: .LevelCrossing4

===========================================================================================
----------------- testing Tue Dec 31 06:32:50 UTC 2019 /home/travis/build/icyphy/ptII/ptolemy/domains/continuous/test/auto/LevelCrossing5.xml
----------------- Instantiating /home/travis/build/icyphy/ptII/ptolemy/domains/continuous/test/auto/LevelCrossing5.xml
3 ms. Memory: 330752K Free: 260538K (79%)
----------------- Invoking toplevel() on ptolemy.moml.MoMLSimpleApplication@6f25537b
----------------- Done invoking toplevel() on ptolemy.moml.MoMLSimpleApplication@6f25537b
reloadAllAccessors: .LevelCrossing5

===========================================================================================
[...]
reloadAllAccessors: .ResetTransitionWithStartTime6

===========================================================================================
----------------- testing Tue Dec 31 06:33:06 UTC 2019 /home/travis/build/icyphy/ptII/ptolemy/domains/continuous/test/auto/SRinContinuous.xml
----------------- Instantiating /home/travis/build/icyphy/ptII/ptolemy/domains/continuous/test/auto/SRinContinuous.xml
4 ms. Memory: 330752K Free: 206625K (62%)
----------------- Invoking toplevel() on ptolemy.moml.MoMLSimpleApplication@74ed61fa
----------------- Done invoking toplevel() on ptolemy.moml.MoMLSimpleApplication@74ed61fa
reloadAllAccessors: .SRinContinuous

===========================================================================================
----------------- testing Tue Dec 31 06:33:06 UTC 2019 /home/travis/build/icyphy/ptII/ptolemy/domains/continuous/test/auto/SampledClocks.xml
----------------- Instantiating /home/travis/build/icyphy/ptII/ptolemy/domains/continuous/test/auto/SampledClocks.xml
5 ms. Memory: 330752K Free: 193827K (59%)
----------------- Invoking toplevel() on ptolemy.moml.MoMLSimpleApplication@31633569
----------------- Done invoking toplevel() on ptolemy.moml.MoMLSimpleApplication@31633569
reloadAllAccessors: .SampledClocks

===========================================================================================
----------------- testing Tue Dec 31 06:33:06 UTC 2019 /home/travis/build/icyphy/ptII/ptolemy/domains/continuous/test/auto/Satellite.xml
----------------- Instantiating /home/travis/build/icyphy/ptII/ptolemy/domains/continuous/test/auto/Satellite.xml
780 ms. Memory: 330752K Free: 185149K (56%)
----------------- Invoking toplevel() on ptolemy.moml.MoMLSimpleApplication@657a7c4a
----------------- Done invoking toplevel() on ptolemy.moml.MoMLSimpleApplication@657a7c4a
reloadAllAccessors: .Satellite

===========================================================================================
----------------- testing Tue Dec 31 06:33:07 UTC 2019 /home/travis/build/icyphy/ptII/ptolemy/domains/continuous/test/auto/SigmaDelta.xml
----------------- Instantiating /home/travis/build/icyphy/ptII/ptolemy/domains/continuous/test/auto/SigmaDelta.xml
1935 ms. Memory: 330752K Free: 120983K (37%)
----------------- Invoking toplevel() on ptolemy.moml.MoMLSimpleApplication@5256b580
----------------- Done invoking toplevel() on ptolemy.moml.MoMLSimpleApplication@5256b580
reloadAllAccessors: .SigmaDelta

===========================================================================================
----------------- testing Tue Dec 31 06:33:09 UTC 2019 /home/travis/build/icyphy/ptII/ptolemy/domains/continuous/test/auto/SingleRefinement.xml
----------------- Instantiating /home/travis/build/icyphy/ptII/ptolemy/domains/continuous/test/auto/SingleRefinement.xml
295 ms. Memory: 330752K Free: 134155K (41%)
----------------- Invoking toplevel() on ptolemy.moml.MoMLSimpleApplication@1cf6feb2
----------------- Done invoking toplevel() on ptolemy.moml.MoMLSimpleApplication@1cf6feb2
reloadAllAccessors: .SingleRefinement

===========================================================================================
----------------- testing Tue Dec 31 06:33:09 UTC 2019 /home/travis/build/icyphy/ptII/ptolemy/domains/continuous/test/auto/SinuBouncingBall.xml
----------------- Instantiating /home/travis/build/icyphy/ptII/ptolemy/domains/continuous/test/auto/SinuBouncingBall.xml
773 ms. Memory: 330752K Free: 307108K (93%)
----------------- Invoking toplevel() on ptolemy.moml.MoMLSimpleApplication@64ba159f
----------------- Done invoking toplevel() on ptolemy.moml.MoMLSimpleApplication@64ba159f
reloadAllAccessors: .SinuBouncingBall

===========================================================================================
----------------- testing Tue Dec 31 06:33:10 UTC 2019 /home/travis/build/icyphy/ptII/ptolemy/domains/continuous/test/auto/Sinusoid.xml
----------------- Instantiating /home/travis/build/icyphy/ptII/ptolemy/domains/continuous/test/auto/Sinusoid.xml
4 ms. Memory: 330752K Free: 302502K (91%)
----------------- Invoking toplevel() on ptolemy.moml.MoMLSimpleApplication@467ad667
----------------- Done invoking toplevel() on ptolemy.moml.MoMLSimpleApplication@467ad667
reloadAllAccessors: .Sinusoid

===========================================================================================
----------------- testing Tue Dec 31 06:33:10 UTC 2019 /home/travis/build/icyphy/ptII/ptolemy/domains/continuous/test/auto/SinusoidInNoise.xml
----------------- Instantiating /home/travis/build/icyphy/ptII/ptolemy/domains/continuous/test/auto/SinusoidInNoise.xml
742 ms. Memory: 330752K Free: 170916K (52%)
----------------- Invoking toplevel() on ptolemy.moml.MoMLSimpleApplication@38dfdc2c
----------------- Done invoking toplevel() on ptolemy.moml.MoMLSimpleApplication@38dfdc2c
reloadAllAccessors: .SinusoidInNoise

===========================================================================================
----------------- testing Tue Dec 31 06:33:11 UTC 2019 /home/travis/build/icyphy/ptII/ptolemy/domains/continuous/test/auto/SinusoidRK45.xml
----------------- Instantiating /home/travis/build/icyphy/ptII/ptolemy/domains/continuous/test/auto/SinusoidRK45.xml
3 ms. Memory: 330752K Free: 166814K (50%)
----------------- Invoking toplevel() on ptolemy.moml.MoMLSimpleApplication@65578ec4
----------------- Done invoking toplevel() on ptolemy.moml.MoMLSimpleApplication@65578ec4
reloadAllAccessors: .SinusoidRK45

===========================================================================================
----------------- testing Tue Dec 31 06:33:11 UTC 2019 /home/travis/build/icyphy/ptII/ptolemy/domains/continuous/test/auto/SinusoidWithMultipleImpulses.xml
----------------- Instantiating /home/travis/build/icyphy/ptII/ptolemy/domains/continuous/test/auto/SinusoidWithMultipleImpulses.xml
3 ms. Memory: 330752K Free: 162214K (49%)
----------------- Invoking toplevel() on ptolemy.moml.MoMLSimpleApplication@13a6f661
----------------- Done invoking toplevel() on ptolemy.moml.MoMLSimpleApplication@13a6f661
reloadAllAccessors: .SinusoidWithMultipleImpulses

===========================================================================================
----------------- testing Tue Dec 31 06:33:11 UTC 2019 /home/travis/build/icyphy/ptII/ptolemy/domains/continuous/test/auto/SquareWave.xml
----------------- Instantiating /home/travis/build/icyphy/ptII/ptolemy/domains/continuous/test/auto/SquareWave.xml
142 ms. Memory: 330752K Free: 134566K (41%)
----------------- Invoking toplevel() on ptolemy.moml.MoMLSimpleApplication@2e0b2334
----------------- Done invoking toplevel() on ptolemy.moml.MoMLSimpleApplication@2e0b2334
reloadAllAccessors: .SquareWave

===========================================================================================
----------------- testing Tue Dec 31 06:33:11 UTC 2019 /home/travis/build/icyphy/ptII/ptolemy/domains/continuous/test/auto/Starmac.xml
----------------- Instantiating /home/travis/build/icyphy/ptII/ptolemy/domains/continuous/test/auto/Starmac.xml
3056 ms. Memory: 330752K Free: 202368K (61%)
----------------- Invoking toplevel() on ptolemy.moml.MoMLSimpleApplication@78e9ec37
----------------- Done invoking toplevel() on ptolemy.moml.MoMLSimpleApplication@78e9ec37
reloadAllAccessors: .Starmac

===========================================================================================
----------------- testing Tue Dec 31 06:33:15 UTC 2019 /home/travis/build/icyphy/ptII/ptolemy/domains/continuous/test/auto/StaticUnits.xml
----------------- Instantiating /home/travis/build/icyphy/ptII/ptolemy/domains/continuous/test/auto/StaticUnits.xml
1739 ms. Memory: 330752K Free: 291737K (88%)
----------------- Invoking toplevel() on ptolemy.moml.MoMLSimpleApplication@975ff8f
----------------- Done invoking toplevel() on ptolemy.moml.MoMLSimpleApplication@975ff8f
reloadAllAccessors: .StaticUnits

===========================================================================================
----------------- testing Tue Dec 31 06:33:17 UTC 2019 /home/travis/build/icyphy/ptII/ptolemy/domains/continuous/test/auto/StickyMasses.xml
----------------- Instantiating /home/travis/build/icyphy/ptII/ptolemy/domains/continuous/test/auto/StickyMasses.xml
138 ms. Memory: 330752K Free: 242075K (73%)
----------------- Invoking toplevel() on ptolemy.moml.MoMLSimpleApplication@7d9b05d7
----------------- Done invoking toplevel() on ptolemy.moml.MoMLSimpleApplication@7d9b05d7
reloadAllAccessors: .StickyMasses

===========================================================================================
----------------- testing Tue Dec 31 06:33:17 UTC 2019 /home/travis/build/icyphy/ptII/ptolemy/domains/continuous/test/auto/StopTime.xml
----------------- Instantiating /home/travis/build/icyphy/ptII/ptolemy/domains/continuous/test/auto/StopTime.xml
42 ms. Memory: 330752K Free: 217499K (66%)
----------------- Invoking toplevel() on ptolemy.moml.MoMLSimpleApplication@53bfce76
----------------- Done invoking toplevel() on ptolemy.moml.MoMLSimpleApplication@53bfce76
reloadAllAccessors: .StopTime

===========================================================================================
----------------- testing Tue Dec 31 06:33:17 UTC 2019 /home/travis/build/icyphy/ptII/ptolemy/domains/continuous/test/auto/StopTime2.xml
----------------- Instantiating /home/travis/build/icyphy/ptII/ptolemy/domains/continuous/test/auto/StopTime2.xml
34 ms. Memory: 330752K Free: 195481K (59%)
----------------- Invoking toplevel() on ptolemy.moml.MoMLSimpleApplication@7321d28d
----------------- Done invoking toplevel() on ptolemy.moml.MoMLSimpleApplication@7321d28d
reloadAllAccessors: .StopTime2

===========================================================================================
----------------- testing Tue Dec 31 06:33:17 UTC 2019 /home/travis/build/icyphy/ptII/ptolemy/domains/continuous/test/auto/Switch.xml
----------------- Instantiating /home/travis/build/icyphy/ptII/ptolemy/domains/continuous/test/auto/Switch.xml
36 ms. Memory: 330752K Free: 170905K (52%)
----------------- Invoking toplevel() on ptolemy.moml.MoMLSimpleApplication@51ea4d33
----------------- Done invoking toplevel() on ptolemy.moml.MoMLSimpleApplication@51ea4d33
reloadAllAccessors: .Switch

===========================================================================================
----------------- testing Tue Dec 31 06:33:17 UTC 2019 /home/travis/build/icyphy/ptII/ptolemy/domains/continuous/test/auto/Thermostat.xml
----------------- Instantiating /home/travis/build/icyphy/ptII/ptolemy/domains/continuous/test/auto/Thermostat.xml
177 ms. Memory: 330752K Free: 292246K (88%)
----------------- Invoking toplevel() on ptolemy.moml.MoMLSimpleApplication@4983f046
----------------- Done invoking toplevel() on ptolemy.moml.MoMLSimpleApplication@4983f046
reloadAllAccessors: .Thermostat

===========================================================================================
----------------- testing Tue Dec 31 06:33:18 UTC 2019 /home/travis/build/icyphy/ptII/ptolemy/domains/continuous/test/auto/TimeDelay.xml
----------------- Instantiating /home/travis/build/icyphy/ptII/ptolemy/domains/continuous/test/auto/TimeDelay.xml
5 ms. Memory: 330752K Free: 287126K (87%)
----------------- Invoking toplevel() on ptolemy.moml.MoMLSimpleApplication@7f259682
----------------- Done invoking toplevel() on ptolemy.moml.MoMLSimpleApplication@7f259682
reloadAllAccessors: .TimeDelay

===========================================================================================
----------------- testing Tue Dec 31 06:33:18 UTC 2019 /home/travis/build/icyphy/ptII/ptolemy/domains/continuous/test/auto/TimeDelay2.xml
----------------- Instantiating /home/travis/build/icyphy/ptII/ptolemy/domains/continuous/test/auto/TimeDelay2.xml
9 ms. Memory: 330752K Free: 277396K (84%)
----------------- Invoking toplevel() on ptolemy.moml.MoMLSimpleApplication@36e63166
----------------- Done invoking toplevel() on ptolemy.moml.MoMLSimpleApplication@36e63166
reloadAllAccessors: .TimeDelay2

===========================================================================================
----------------- testing Tue Dec 31 06:33:18 UTC 2019 /home/travis/build/icyphy/ptII/ptolemy/domains/continuous/test/auto/TimeDelay3.xml
----------------- Instantiating /home/travis/build/icyphy/ptII/ptolemy/domains/continuous/test/auto/TimeDelay3.xml
4 ms. Memory: 330752K Free: 272788K (82%)
----------------- Invoking toplevel() on ptolemy.moml.MoMLSimpleApplication@5dc59af5
----------------- Done invoking toplevel() on ptolemy.moml.MoMLSimpleApplication@5dc59af5
reloadAllAccessors: .TimeDelay3

===========================================================================================
----------------- testing Tue Dec 31 06:33:18 UTC 2019 /home/travis/build/icyphy/ptII/ptolemy/domains/continuous/test/auto/TransferAbsentToInside.xml
----------------- Instantiating /home/travis/build/icyphy/ptII/ptolemy/domains/continuous/test/auto/TransferAbsentToInside.xml
27 ms. Memory: 330752K Free: 220566K (67%)
----------------- Invoking toplevel() on ptolemy.moml.MoMLSimpleApplication@759c813f
----------------- Done invoking toplevel() on ptolemy.moml.MoMLSimpleApplication@759c813f
reloadAllAccessors: .TransferAbsentToInside

===========================================================================================
----------------- testing Tue Dec 31 06:33:18 UTC 2019 /home/travis/build/icyphy/ptII/ptolemy/domains/continuous/test/auto/Transmission.xml
----------------- Instantiating /home/travis/build/icyphy/ptII/ptolemy/domains/continuous/test/auto/Transmission.xml
742 ms. Memory: 330752K Free: 182673K (55%)
----------------- Invoking toplevel() on ptolemy.moml.MoMLSimpleApplication@4740355f
----------------- Done invoking toplevel() on ptolemy.moml.MoMLSimpleApplication@4740355f
reloadAllAccessors: .Transmission

===========================================================================================
----------------- testing Tue Dec 31 06:33:18 UTC 2019 /home/travis/build/icyphy/ptII/ptolemy/domains/continuous/test/auto/TriggeredContinuousClock.xml
----------------- Instantiating /home/travis/build/icyphy/ptII/ptolemy/domains/continuous/test/auto/TriggeredContinuousClock.xml
41 ms. Memory: 330752K Free: 153473K (46%)
----------------- Invoking toplevel() on ptolemy.moml.MoMLSimpleApplication@71a83e15
----------------- Done invoking toplevel() on ptolemy.moml.MoMLSimpleApplication@71a83e15
reloadAllAccessors: .TriggeredContinuousClock

===========================================================================================
----------------- testing Tue Dec 31 06:33:19 UTC 2019 /home/travis/build/icyphy/ptII/ptolemy/domains/continuous/test/auto/TwoMachineInfiniteBusControl.xml
----------------- Instantiating /home/travis/build/icyphy/ptII/ptolemy/domains/continuous/test/auto/TwoMachineInfiniteBusControl.xml
2392 ms. Memory: 330752K Free: 134004K (41%)
----------------- Invoking toplevel() on ptolemy.moml.MoMLSimpleApplication@48106ccc
----------------- Done invoking toplevel() on ptolemy.moml.MoMLSimpleApplication@48106ccc
reloadAllAccessors: .TwoMachineInfiniteBusControl

===========================================================================================
----------------- testing Tue Dec 31 06:33:21 UTC 2019 /home/travis/build/icyphy/ptII/ptolemy/domains/continuous/test/auto/V2V.xml
----------------- Instantiating /home/travis/build/icyphy/ptII/ptolemy/domains/continuous/test/auto/V2V.xml
813 ms. Memory: 330752K Free: 138580K (42%)
----------------- Invoking toplevel() on ptolemy.moml.MoMLSimpleApplication@42eed607
----------------- Done invoking toplevel() on ptolemy.moml.MoMLSimpleApplication@42eed607
reloadAllAccessors: .V2V

===========================================================================================
----------------- testing Tue Dec 31 06:33:22 UTC 2019 /home/travis/build/icyphy/ptII/ptolemy/domains/continuous/test/auto/hierarchicalModalModel.xml
----------------- Instantiating /home/travis/build/icyphy/ptII/ptolemy/domains/continuous/test/auto/hierarchicalModalModel.xml
7 ms. Memory: 330752K Free: 124739K (38%)
----------------- Invoking toplevel() on ptolemy.moml.MoMLSimpleApplication@70ba9d10
----------------- Done invoking toplevel() on ptolemy.moml.MoMLSimpleApplication@70ba9d10
reloadAllAccessors: .hierarchicalModalModel

===========================================================================================
----------------- testing Tue Dec 31 06:33:22 UTC 2019 /home/travis/build/icyphy/ptII/ptolemy/domains/continuous/test/auto/hierarchicalModalModel1.xml
----------------- Instantiating /home/travis/build/icyphy/ptII/ptolemy/domains/continuous/test/auto/hierarchicalModalModel1.xml
8 ms. Memory: 330752K Free: 301896K (91%)
----------------- Invoking toplevel() on ptolemy.moml.MoMLSimpleApplication@6594a912
----------------- Done invoking toplevel() on ptolemy.moml.MoMLSimpleApplication@6594a912
reloadAllAccessors: .hierarchicalModalModel1

===========================================================================================
----------------- testing Tue Dec 31 06:33:22 UTC 2019 /home/travis/build/icyphy/ptII/ptolemy/domains/continuous/test/auto/hierarchicalModalModel2.xml
----------------- Instantiating /home/travis/build/icyphy/ptII/ptolemy/domains/continuous/test/auto/hierarchicalModalModel2.xml
6 ms. Memory: 330752K Free: 289098K (87%)
----------------- Invoking toplevel() on ptolemy.moml.MoMLSimpleApplication@3139a157
----------------- Done invoking toplevel() on ptolemy.moml.MoMLSimpleApplication@3139a157
reloadAllAccessors: .hierarchicalModalModel2

===========================================================================================
----------------- testing Tue Dec 31 06:33:22 UTC 2019 /home/travis/build/icyphy/ptII/ptolemy/domains/continuous/test/auto/hierarchicalModalModel3.xml
----------------- Instantiating /home/travis/build/icyphy/ptII/ptolemy/domains/continuous/test/auto/hierarchicalModalModel3.xml
13 ms. Memory: 330752K Free: 278344K (84%)
----------------- Invoking toplevel() on ptolemy.moml.MoMLSimpleApplication@25015e63
----------------- Done invoking toplevel() on ptolemy.moml.MoMLSimpleApplication@25015e63
reloadAllAccessors: .hierarchicalModalModel3

===========================================================================================
----------------- testing Tue Dec 31 06:33:22 UTC 2019 /home/travis/build/icyphy/ptII/ptolemy/domains/continuous/test/auto/hierarchicalModalModel4.xml
----------------- Instantiating /home/travis/build/icyphy/ptII/ptolemy/domains/continuous/test/auto/hierarchicalModalModel4.xml
5 ms. Memory: 330752K Free: 266570K (81%)
----------------- Invoking toplevel() on ptolemy.moml.MoMLSimpleApplication@135595e3
----------------- Done invoking toplevel() on ptolemy.moml.MoMLSimpleApplication@135595e3
reloadAllAccessors: .hierarchicalModalModel4

===========================================================================================
----------------- testing Tue Dec 31 06:33:22 UTC 2019 /home/travis/build/icyphy/ptII/ptolemy/domains/continuous/test/auto/junk.xml
----------------- Instantiating /home/travis/build/icyphy/ptII/ptolemy/domains/continuous/test/auto/junk.xml
106 ms. Memory: 330752K Free: 238922K (72%)
----------------- Invoking toplevel() on ptolemy.moml.MoMLSimpleApplication@2908d1d1
----------------- Done invoking toplevel() on ptolemy.moml.MoMLSimpleApplication@2908d1d1
reloadAllAccessors: .junk
AutoTests.java: About to close Vertx.
AutoTests.java: Vertx closed.
]]></system-out>
  <system-err><![CDATA[Warning: '.HysteresisWithRandomDelay.NonStrictTest3' The test produced only 25 tokens, yet the correctValues parameter was expecting 30 tokens.
Warning: '.Poisson.NonStrictTest' The test produced only 415 tokens, yet the correctValues parameter was expecting 430 tokens.
]]></system-err>
</testsuite>
