<?xml version="1.0" encoding="UTF-8" ?>
<testsuite errors="0" failures="0" hostname="travis-job-9bc7ac42-000a-44c8-9409-f1a577c35a97" name="ptolemy.domains.modal.test.junit.JUnitTclTest" skipped="0" tests="148" time="10.328" timestamp="2018-07-09T01:39:27">
  <properties>
[...]
</properties>
  <testcase classname="ptolemy.util.test.junit.TclTests" name="[0] /home/travis/build/icyphy/ptII/ptolemy/domains/modal/test/SystemLevelType.tcl (RunTclFile)" time="1.88" />
  <testcase classname="ptolemy.util.test.junit.AutoKnownFailedTests" name="[0] /home/travis/build/icyphy/ptII/ptolemy/domains/modal/test/auto/knownFailedTests/CannotAnalysisWithPreemption.xml (RunModel)" time="0.169" />
  <testcase classname="ptolemy.util.test.junit.AutoNameArchTests" name="[0] ThereAreNoAutoArchTests (RunModel)" time="0.01" />
  <testcase classname="ptolemy.util.test.junit.AutoTests" name="[0] /home/travis/build/icyphy/ptII/ptolemy/domains/modal/test/auto/ABPTest.xml (RunModel)" time="0.798" />
  <testcase classname="ptolemy.util.test.junit.AutoTests" name="[1] /home/travis/build/icyphy/ptII/ptolemy/domains/modal/test/auto/ABROFlat.xml (RunModel)" time="0.083" />
  <testcase classname="ptolemy.util.test.junit.AutoTests" name="[2] /home/travis/build/icyphy/ptII/ptolemy/domains/modal/test/auto/ABROFlat2.xml (RunModel)" time="0.066" />
  <testcase classname="ptolemy.util.test.junit.AutoTests" name="[3] /home/travis/build/icyphy/ptII/ptolemy/domains/modal/test/auto/ABRO_present_hmm.xml (RunModel)" time="0.174" />
  <testcase classname="ptolemy.util.test.junit.AutoTests" name="[4] /home/travis/build/icyphy/ptII/ptolemy/domains/modal/test/auto/AMICoderExample.xml (RunModel)" time="0.067" />
  <testcase classname="ptolemy.util.test.junit.AutoTests" name="[5] /home/travis/build/icyphy/ptII/ptolemy/domains/modal/test/auto/AbsentToPresent.xml (RunModel)" time="0.031" />
  <testcase classname="ptolemy.util.test.junit.AutoTests" name="[6] /home/travis/build/icyphy/ptII/ptolemy/domains/modal/test/auto/Blending.xml (RunModel)" time="0.276" />
  <testcase classname="ptolemy.util.test.junit.AutoTests" name="[7] /home/travis/build/icyphy/ptII/ptolemy/domains/modal/test/auto/Broadcast.xml (RunModel)" time="0.054" />
  <testcase classname="ptolemy.util.test.junit.AutoTests" name="[8] /home/travis/build/icyphy/ptII/ptolemy/domains/modal/test/auto/BroadcastHierarchy.xml (RunModel)" time="0.088" />
  <testcase classname="ptolemy.util.test.junit.AutoTests" name="[9] /home/travis/build/icyphy/ptII/ptolemy/domains/modal/test/auto/BroadcastHierarchy2.xml (RunModel)" time="0.126" />
  <testcase classname="ptolemy.util.test.junit.AutoTests" name="[10] /home/travis/build/icyphy/ptII/ptolemy/domains/modal/test/auto/BroadcastHierarchy3.xml (RunModel)" time="0.124" />
  <testcase classname="ptolemy.util.test.junit.AutoTests" name="[11] /home/travis/build/icyphy/ptII/ptolemy/domains/modal/test/auto/BroadcastHierarchy4.xml (RunModel)" time="0.094" />
  <testcase classname="ptolemy.util.test.junit.AutoTests" name="[12] /home/travis/build/icyphy/ptII/ptolemy/domains/modal/test/auto/CannotAnalysisWithPreemption2.xml (RunModel)" time="0.036" />
  <testcase classname="ptolemy.util.test.junit.AutoTests" name="[13] /home/travis/build/icyphy/ptII/ptolemy/domains/modal/test/auto/CannotAnalysisWithPreemption3.xml (RunModel)" time="0.034" />
  <testcase classname="ptolemy.util.test.junit.AutoTests" name="[14] /home/travis/build/icyphy/ptII/ptolemy/domains/modal/test/auto/CannotProduce.xml (RunModel)" time="0.031" />
  <testcase classname="ptolemy.util.test.junit.AutoTests" name="[15] /home/travis/build/icyphy/ptII/ptolemy/domains/modal/test/auto/CannotProduceModal.xml (RunModel)" time="0.026" />
  <testcase classname="ptolemy.util.test.junit.AutoTests" name="[16] /home/travis/build/icyphy/ptII/ptolemy/domains/modal/test/auto/Case.xml (RunModel)" time="0.07" />
  <testcase classname="ptolemy.util.test.junit.AutoTests" name="[17] /home/travis/build/icyphy/ptII/ptolemy/domains/modal/test/auto/Case1.xml (RunModel)" time="0.037" />
  <testcase classname="ptolemy.util.test.junit.AutoTests" name="[18] /home/travis/build/icyphy/ptII/ptolemy/domains/modal/test/auto/Case2.xml (RunModel)" time="0.059" />
  <testcase classname="ptolemy.util.test.junit.AutoTests" name="[19] /home/travis/build/icyphy/ptII/ptolemy/domains/modal/test/auto/CausalityInterface1.xml (RunModel)" time="0.029" />
  <testcase classname="ptolemy.util.test.junit.AutoTests" name="[20] /home/travis/build/icyphy/ptII/ptolemy/domains/modal/test/auto/CausalityInterface10.xml (RunModel)" time="0.069" />
  <testcase classname="ptolemy.util.test.junit.AutoTests" name="[21] /home/travis/build/icyphy/ptII/ptolemy/domains/modal/test/auto/CausalityInterface11.xml (RunModel)" time="0.055" />
  <testcase classname="ptolemy.util.test.junit.AutoTests" name="[22] /home/travis/build/icyphy/ptII/ptolemy/domains/modal/test/auto/CausalityInterface12.xml (RunModel)" time="0.051" />
  <testcase classname="ptolemy.util.test.junit.AutoTests" name="[23] /home/travis/build/icyphy/ptII/ptolemy/domains/modal/test/auto/CausalityInterface13.xml (RunModel)" time="0.065" />
  <testcase classname="ptolemy.util.test.junit.AutoTests" name="[24] /home/travis/build/icyphy/ptII/ptolemy/domains/modal/test/auto/CausalityInterface14.xml (RunModel)" time="0.049" />
  <testcase classname="ptolemy.util.test.junit.AutoTests" name="[25] /home/travis/build/icyphy/ptII/ptolemy/domains/modal/test/auto/CausalityInterface2.xml (RunModel)" time="0.029" />
  <testcase classname="ptolemy.util.test.junit.AutoTests" name="[26] /home/travis/build/icyphy/ptII/ptolemy/domains/modal/test/auto/CausalityInterface3.xml (RunModel)" time="0.036" />
  <testcase classname="ptolemy.util.test.junit.AutoTests" name="[27] /home/travis/build/icyphy/ptII/ptolemy/domains/modal/test/auto/CausalityInterface4.xml (RunModel)" time="0.047" />
  <testcase classname="ptolemy.util.test.junit.AutoTests" name="[28] /home/travis/build/icyphy/ptII/ptolemy/domains/modal/test/auto/CausalityInterface5.xml (RunModel)" time="0.043" />
  <testcase classname="ptolemy.util.test.junit.AutoTests" name="[29] /home/travis/build/icyphy/ptII/ptolemy/domains/modal/test/auto/CausalityInterface6.xml (RunModel)" time="0.028" />
  <testcase classname="ptolemy.util.test.junit.AutoTests" name="[30] /home/travis/build/icyphy/ptII/ptolemy/domains/modal/test/auto/CausalityInterface7.xml (RunModel)" time="0.038" />
  <testcase classname="ptolemy.util.test.junit.AutoTests" name="[31] /home/travis/build/icyphy/ptII/ptolemy/domains/modal/test/auto/CausalityInterface8.xml (RunModel)" time="0.049" />
  <testcase classname="ptolemy.util.test.junit.AutoTests" name="[32] /home/travis/build/icyphy/ptII/ptolemy/domains/modal/test/auto/CausalityInterface9.xml (RunModel)" time="0.039" />
  <testcase classname="ptolemy.util.test.junit.AutoTests" name="[33] /home/travis/build/icyphy/ptII/ptolemy/domains/modal/test/auto/ChainedTransitions.xml (RunModel)" time="0.15" />
  <testcase classname="ptolemy.util.test.junit.AutoTests" name="[34] /home/travis/build/icyphy/ptII/ptolemy/domains/modal/test/auto/CycleOfImmediateTransitionsFSM.xml (RunModel)" time="0.023" />
  <testcase classname="ptolemy.util.test.junit.AutoTests" name="[35] /home/travis/build/icyphy/ptII/ptolemy/domains/modal/test/auto/CycleOfImmediateTransitionsModal.xml (RunModel)" time="0.026" />
  <testcase classname="ptolemy.util.test.junit.AutoTests" name="[36] /home/travis/build/icyphy/ptII/ptolemy/domains/modal/test/auto/CycleOfImmediateTransitionsModal2.xml (RunModel)" time="0.031" />
  <testcase classname="ptolemy.util.test.junit.AutoTests" name="[37] /home/travis/build/icyphy/ptII/ptolemy/domains/modal/test/auto/CycleOfImmediateTransitionsModal3.xml (RunModel)" time="0.081" />
  <testcase classname="ptolemy.util.test.junit.AutoTests" name="[38] /home/travis/build/icyphy/ptII/ptolemy/domains/modal/test/auto/DeepModal1.xml (RunModel)" time="0.053" />
  <testcase classname="ptolemy.util.test.junit.AutoTests" name="[39] /home/travis/build/icyphy/ptII/ptolemy/domains/modal/test/auto/DeepModal2.xml (RunModel)" time="0.08" />
  <testcase classname="ptolemy.util.test.junit.AutoTests" name="[40] /home/travis/build/icyphy/ptII/ptolemy/domains/modal/test/auto/DeepModal3.xml (RunModel)" time="0.078" />
  <testcase classname="ptolemy.util.test.junit.AutoTests" name="[41] /home/travis/build/icyphy/ptII/ptolemy/domains/modal/test/auto/DeepModal4.xml (RunModel)" time="0.072" />
  <testcase classname="ptolemy.util.test.junit.AutoTests" name="[42] /home/travis/build/icyphy/ptII/ptolemy/domains/modal/test/auto/Default1.xml (RunModel)" time="0.017" />
  <testcase classname="ptolemy.util.test.junit.AutoTests" name="[43] /home/travis/build/icyphy/ptII/ptolemy/domains/modal/test/auto/Default2.xml (RunModel)" time="0.023" />
  <testcase classname="ptolemy.util.test.junit.AutoTests" name="[44] /home/travis/build/icyphy/ptII/ptolemy/domains/modal/test/auto/Default3.xml (RunModel)" time="0.022" />
  <testcase classname="ptolemy.util.test.junit.AutoTests" name="[45] /home/travis/build/icyphy/ptII/ptolemy/domains/modal/test/auto/Default4.xml (RunModel)" time="0.017" />
  <testcase classname="ptolemy.util.test.junit.AutoTests" name="[46] /home/travis/build/icyphy/ptII/ptolemy/domains/modal/test/auto/Default5.xml (RunModel)" time="0.021" />
  <testcase classname="ptolemy.util.test.junit.AutoTests" name="[47] /home/travis/build/icyphy/ptII/ptolemy/domains/modal/test/auto/EmptyGuard.xml (RunModel)" time="0.042" />
  <testcase classname="ptolemy.util.test.junit.AutoTests" name="[48] /home/travis/build/icyphy/ptII/ptolemy/domains/modal/test/auto/ErrorTransition1.xml (RunModel)" time="0.029" />
  <testcase classname="ptolemy.util.test.junit.AutoTests" name="[49] /home/travis/build/icyphy/ptII/ptolemy/domains/modal/test/auto/ErrorTransition10.xml (RunModel)" time="0.038" />
  <testcase classname="ptolemy.util.test.junit.AutoTests" name="[50] /home/travis/build/icyphy/ptII/ptolemy/domains/modal/test/auto/ErrorTransition11.xml (RunModel)" time="0.037" />
  <testcase classname="ptolemy.util.test.junit.AutoTests" name="[51] /home/travis/build/icyphy/ptII/ptolemy/domains/modal/test/auto/ErrorTransition2.xml (RunModel)" time="0.025" />
  <testcase classname="ptolemy.util.test.junit.AutoTests" name="[52] /home/travis/build/icyphy/ptII/ptolemy/domains/modal/test/auto/ErrorTransition3.xml (RunModel)" time="0.032" />
  <testcase classname="ptolemy.util.test.junit.AutoTests" name="[53] /home/travis/build/icyphy/ptII/ptolemy/domains/modal/test/auto/ErrorTransition4.xml (RunModel)" time="0.038" />
  <testcase classname="ptolemy.util.test.junit.AutoTests" name="[54] /home/travis/build/icyphy/ptII/ptolemy/domains/modal/test/auto/ErrorTransition5.xml (RunModel)" time="0.033" />
  <testcase classname="ptolemy.util.test.junit.AutoTests" name="[55] /home/travis/build/icyphy/ptII/ptolemy/domains/modal/test/auto/ErrorTransition6.xml (RunModel)" time="0.035" />
  <testcase classname="ptolemy.util.test.junit.AutoTests" name="[56] /home/travis/build/icyphy/ptII/ptolemy/domains/modal/test/auto/ErrorTransition7.xml (RunModel)" time="0.041" />
  <testcase classname="ptolemy.util.test.junit.AutoTests" name="[57] /home/travis/build/icyphy/ptII/ptolemy/domains/modal/test/auto/ErrorTransition8.xml (RunModel)" time="0.061" />
  <testcase classname="ptolemy.util.test.junit.AutoTests" name="[58] /home/travis/build/icyphy/ptII/ptolemy/domains/modal/test/auto/ErrorTransition9.xml (RunModel)" time="0.04" />
  <testcase classname="ptolemy.util.test.junit.AutoTests" name="[59] /home/travis/build/icyphy/ptII/ptolemy/domains/modal/test/auto/ExtendedFSM.xml (RunModel)" time="0.035" />
  <testcase classname="ptolemy.util.test.junit.AutoTests" name="[60] /home/travis/build/icyphy/ptII/ptolemy/domains/modal/test/auto/FinalStates.xml (RunModel)" time="0.024" />
  <testcase classname="ptolemy.util.test.junit.AutoTests" name="[61] /home/travis/build/icyphy/ptII/ptolemy/domains/modal/test/auto/FixedPointFSM.xml (RunModel)" time="0.042" />
  <testcase classname="ptolemy.util.test.junit.AutoTests" name="[62] /home/travis/build/icyphy/ptII/ptolemy/domains/modal/test/auto/FixedPointIterationFSMActor.xml (RunModel)" time="0.031" />
  <testcase classname="ptolemy.util.test.junit.AutoTests" name="[63] /home/travis/build/icyphy/ptII/ptolemy/domains/modal/test/auto/FixedPointIterationFSMActor2.xml (RunModel)" time="0.036" />
  <testcase classname="ptolemy.util.test.junit.AutoTests" name="[64] /home/travis/build/icyphy/ptII/ptolemy/domains/modal/test/auto/ForbiddenInstantanousLoop.xml (RunModel)" time="0.033" />
  <testcase classname="ptolemy.util.test.junit.AutoTests" name="[65] /home/travis/build/icyphy/ptII/ptolemy/domains/modal/test/auto/FunctionDependencyOfFSMActorTest.xml (RunModel)" time="0.022" />
  <testcase classname="ptolemy.util.test.junit.AutoTests" name="[66] /home/travis/build/icyphy/ptII/ptolemy/domains/modal/test/auto/GuardExpression.xml (RunModel)" time="0.028" />
  <testcase classname="ptolemy.util.test.junit.AutoTests" name="[67] /home/travis/build/icyphy/ptII/ptolemy/domains/modal/test/auto/GuardNotEvaluated.xml (RunModel)" time="0.033" />
  <testcase classname="ptolemy.util.test.junit.AutoTests" name="[68] /home/travis/build/icyphy/ptII/ptolemy/domains/modal/test/auto/GuardNotEvaluated2.xml (RunModel)" time="0.025" />
  <testcase classname="ptolemy.util.test.junit.AutoTests" name="[69] /home/travis/build/icyphy/ptII/ptolemy/domains/modal/test/auto/GuardOnAbsent.xml (RunModel)" time="0.032" />
  <testcase classname="ptolemy.util.test.junit.AutoTests" name="[70] /home/travis/build/icyphy/ptII/ptolemy/domains/modal/test/auto/HierarchicalFSMTypeInference.xml (RunModel)" time="0.034" />
  <testcase classname="ptolemy.util.test.junit.AutoTests" name="[71] /home/travis/build/icyphy/ptII/ptolemy/domains/modal/test/auto/Hysteresis.xml (RunModel)" time="0.039" />
  <testcase classname="ptolemy.util.test.junit.AutoTests" name="[72] /home/travis/build/icyphy/ptII/ptolemy/domains/modal/test/auto/HysteresisWithDefault.xml (RunModel)" time="0.069" />
  <testcase classname="ptolemy.util.test.junit.AutoTests" name="[73] /home/travis/build/icyphy/ptII/ptolemy/domains/modal/test/auto/HysteresisWithDefault2.xml (RunModel)" time="0.069" />
  <testcase classname="ptolemy.util.test.junit.AutoTests" name="[74] /home/travis/build/icyphy/ptII/ptolemy/domains/modal/test/auto/ImmediateNonConstructiveness.xml (RunModel)" time="0.017" />
  <testcase classname="ptolemy.util.test.junit.AutoTests" name="[75] /home/travis/build/icyphy/ptII/ptolemy/domains/modal/test/auto/ImmediateNonConstructiveness2.xml (RunModel)" time="0.017" />
  <testcase classname="ptolemy.util.test.junit.AutoTests" name="[76] /home/travis/build/icyphy/ptII/ptolemy/domains/modal/test/auto/ImmediateTransitionReset.xml (RunModel)" time="0.039" />
  <testcase classname="ptolemy.util.test.junit.AutoTests" name="[77] /home/travis/build/icyphy/ptII/ptolemy/domains/modal/test/auto/ImmediateTransitions1.xml (RunModel)" time="0.013" />
  <testcase classname="ptolemy.util.test.junit.AutoTests" name="[78] /home/travis/build/icyphy/ptII/ptolemy/domains/modal/test/auto/ImmediateTransitionsInstantaneousCommunication.xml (RunModel)" time="0.037" />
  <testcase classname="ptolemy.util.test.junit.AutoTests" name="[79] /home/travis/build/icyphy/ptII/ptolemy/domains/modal/test/auto/InitialImmediateTransition.xml (RunModel)" time="0.016" />
  <testcase classname="ptolemy.util.test.junit.AutoTests" name="[80] /home/travis/build/icyphy/ptII/ptolemy/domains/modal/test/auto/InitialOutputs.xml (RunModel)" time="0.016" />
  <testcase classname="ptolemy.util.test.junit.AutoTests" name="[81] /home/travis/build/icyphy/ptII/ptolemy/domains/modal/test/auto/InitialStateTransition1.xml (RunModel)" time="0.022" />
  <testcase classname="ptolemy.util.test.junit.AutoTests" name="[82] /home/travis/build/icyphy/ptII/ptolemy/domains/modal/test/auto/InitialStateTransition2.xml (RunModel)" time="0.024" />
  <testcase classname="ptolemy.util.test.junit.AutoTests" name="[83] /home/travis/build/icyphy/ptII/ptolemy/domains/modal/test/auto/InitialStateTransition3.xml (RunModel)" time="0.024" />
  <testcase classname="ptolemy.util.test.junit.AutoTests" name="[84] /home/travis/build/icyphy/ptII/ptolemy/domains/modal/test/auto/InitialStateTransition4.xml (RunModel)" time="0.032" />
  <testcase classname="ptolemy.util.test.junit.AutoTests" name="[85] /home/travis/build/icyphy/ptII/ptolemy/domains/modal/test/auto/MalformedGuardExpressionNotCaught.xml (RunModel)" time="0.019" />
  <testcase classname="ptolemy.util.test.junit.AutoTests" name="[86] /home/travis/build/icyphy/ptII/ptolemy/domains/modal/test/auto/ModalBSC.xml (RunModel)" time="0.09" />
  <testcase classname="ptolemy.util.test.junit.AutoTests" name="[87] /home/travis/build/icyphy/ptII/ptolemy/domains/modal/test/auto/ModalClocks.xml (RunModel)" time="0.074" />
  <testcase classname="ptolemy.util.test.junit.AutoTests" name="[88] /home/travis/build/icyphy/ptII/ptolemy/domains/modal/test/auto/ModalDelay.xml (RunModel)" time="0.055" />
  <testcase classname="ptolemy.util.test.junit.AutoTests" name="[89] /home/travis/build/icyphy/ptII/ptolemy/domains/modal/test/auto/ModalDelay2.xml (RunModel)" time="0.054" />
  <testcase classname="ptolemy.util.test.junit.AutoTests" name="[90] /home/travis/build/icyphy/ptII/ptolemy/domains/modal/test/auto/ModalModelFromMemo.xml (RunModel)" time="0.054" />
  <testcase classname="ptolemy.util.test.junit.AutoTests" name="[91] /home/travis/build/icyphy/ptII/ptolemy/domains/modal/test/auto/ModalModelWithMultirateTransient.xml (RunModel)" time="0.044" />
  <testcase classname="ptolemy.util.test.junit.AutoTests" name="[92] /home/travis/build/icyphy/ptII/ptolemy/domains/modal/test/auto/ModalModelWithReset.xml (RunModel)" time="0.046" />
  <testcase classname="ptolemy.util.test.junit.AutoTests" name="[93] /home/travis/build/icyphy/ptII/ptolemy/domains/modal/test/auto/MouseClickFSM.xml (RunModel)" time="0.04" />
  <testcase classname="ptolemy.util.test.junit.AutoTests" name="[94] /home/travis/build/icyphy/ptII/ptolemy/domains/modal/test/auto/MouseClickFSMModal.xml (RunModel)" time="0.043" />
  <testcase classname="ptolemy.util.test.junit.AutoTests" name="[95] /home/travis/build/icyphy/ptII/ptolemy/domains/modal/test/auto/NonStrictFSM_FeedbackLoop.xml (RunModel)" time="0.043" />
  <testcase classname="ptolemy.util.test.junit.AutoTests" name="[96] /home/travis/build/icyphy/ptII/ptolemy/domains/modal/test/auto/NonStrictFSM_FeedbackLoop_Refinement.xml (RunModel)" time="0.053" />
  <testcase classname="ptolemy.util.test.junit.AutoTests" name="[97] /home/travis/build/icyphy/ptII/ptolemy/domains/modal/test/auto/NonStrictFSM_FeedbackLoop_preemptive.xml (RunModel)" time="0.045" />
  <testcase classname="ptolemy.util.test.junit.AutoTests" name="[98] /home/travis/build/icyphy/ptII/ptolemy/domains/modal/test/auto/NormalTermination.xml (RunModel)" time="0.052" />
  <testcase classname="ptolemy.util.test.junit.AutoTests" name="[99] /home/travis/build/icyphy/ptII/ptolemy/domains/modal/test/auto/Pong.xml (RunModel)" time="0.068" />
  <testcase classname="ptolemy.util.test.junit.AutoTests" name="[100] /home/travis/build/icyphy/ptII/ptolemy/domains/modal/test/auto/Pong_test.xml (RunModel)" time="0.099" />
  <testcase classname="ptolemy.util.test.junit.AutoTests" name="[101] /home/travis/build/icyphy/ptII/ptolemy/domains/modal/test/auto/PreemptionHierarchy.xml (RunModel)" time="0.023" />
  <testcase classname="ptolemy.util.test.junit.AutoTests" name="[102] /home/travis/build/icyphy/ptII/ptolemy/domains/modal/test/auto/PreemptionHierarchy2.xml (RunModel)" time="0.03" />
  <testcase classname="ptolemy.util.test.junit.AutoTests" name="[103] /home/travis/build/icyphy/ptII/ptolemy/domains/modal/test/auto/PreemptiveTransition.xml (RunModel)" time="0.021" />
  <testcase classname="ptolemy.util.test.junit.AutoTests" name="[104] /home/travis/build/icyphy/ptII/ptolemy/domains/modal/test/auto/Priorities.xml (RunModel)" time="0.086" />
  <testcase classname="ptolemy.util.test.junit.AutoTests" name="[105] /home/travis/build/icyphy/ptII/ptolemy/domains/modal/test/auto/ResetFinal.xml (RunModel)" time="0.035" />
  <testcase classname="ptolemy.util.test.junit.AutoTests" name="[106] /home/travis/build/icyphy/ptII/ptolemy/domains/modal/test/auto/ResetFinal2.xml (RunModel)" time="0.029" />
  <testcase classname="ptolemy.util.test.junit.AutoTests" name="[107] /home/travis/build/icyphy/ptII/ptolemy/domains/modal/test/auto/ResetTransitionWithStartTime.xml (RunModel)" time="0.025" />
  <testcase classname="ptolemy.util.test.junit.AutoTests" name="[108] /home/travis/build/icyphy/ptII/ptolemy/domains/modal/test/auto/SDF-FSMComposite.xml (RunModel)" time="0.021" />
  <testcase classname="ptolemy.util.test.junit.AutoTests" name="[109] /home/travis/build/icyphy/ptII/ptolemy/domains/modal/test/auto/SeeminglyNondeterminate.xml (RunModel)" time="0.065" />
  <testcase classname="ptolemy.util.test.junit.AutoTests" name="[110] /home/travis/build/icyphy/ptII/ptolemy/domains/modal/test/auto/SeeminglyNondeterminate2.xml (RunModel)" time="0.073" />
  <testcase classname="ptolemy.util.test.junit.AutoTests" name="[111] /home/travis/build/icyphy/ptII/ptolemy/domains/modal/test/auto/SpontaneousFSM.xml (RunModel)" time="0.047" />
  <testcase classname="ptolemy.util.test.junit.AutoTests" name="[112] /home/travis/build/icyphy/ptII/ptolemy/domains/modal/test/auto/SpontaneousFSM2.xml (RunModel)" time="0.03" />
  <testcase classname="ptolemy.util.test.junit.AutoTests" name="[113] /home/travis/build/icyphy/ptII/ptolemy/domains/modal/test/auto/SpontaneousFSM3.xml (RunModel)" time="0.045" />
  <testcase classname="ptolemy.util.test.junit.AutoTests" name="[114] /home/travis/build/icyphy/ptII/ptolemy/domains/modal/test/auto/SpontaneousFSM4.xml (RunModel)" time="0.051" />
  <testcase classname="ptolemy.util.test.junit.AutoTests" name="[115] /home/travis/build/icyphy/ptII/ptolemy/domains/modal/test/auto/StateTrackerTest.xml (RunModel)" time="0.055" />
  <testcase classname="ptolemy.util.test.junit.AutoTests" name="[116] /home/travis/build/icyphy/ptII/ptolemy/domains/modal/test/auto/StrongImmediateTransition.xml (RunModel)" time="0.023" />
  <testcase classname="ptolemy.util.test.junit.AutoTests" name="[117] /home/travis/build/icyphy/ptII/ptolemy/domains/modal/test/auto/SustainHierarchy.xml (RunModel)" time="0.03" />
  <testcase classname="ptolemy.util.test.junit.AutoTests" name="[118] /home/travis/build/icyphy/ptII/ptolemy/domains/modal/test/auto/TerminationTransition1.xml (RunModel)" time="0.028" />
  <testcase classname="ptolemy.util.test.junit.AutoTests" name="[119] /home/travis/build/icyphy/ptII/ptolemy/domains/modal/test/auto/TerminationTransition2.xml (RunModel)" time="0.024" />
  <testcase classname="ptolemy.util.test.junit.AutoTests" name="[120] /home/travis/build/icyphy/ptII/ptolemy/domains/modal/test/auto/TerminationTransition3.xml (RunModel)" time="0.023" />
  <testcase classname="ptolemy.util.test.junit.AutoTests" name="[121] /home/travis/build/icyphy/ptII/ptolemy/domains/modal/test/auto/TerminationTransition4.xml (RunModel)" time="0.032" />
  <testcase classname="ptolemy.util.test.junit.AutoTests" name="[122] /home/travis/build/icyphy/ptII/ptolemy/domains/modal/test/auto/TerminationTransition5.xml (RunModel)" time="0.04" />
  <testcase classname="ptolemy.util.test.junit.AutoTests" name="[123] /home/travis/build/icyphy/ptII/ptolemy/domains/modal/test/auto/TerminationTransition6.xml (RunModel)" time="0.018" />
  <testcase classname="ptolemy.util.test.junit.AutoTests" name="[124] /home/travis/build/icyphy/ptII/ptolemy/domains/modal/test/auto/TerminationTransition7.xml (RunModel)" time="0.021" />
  <testcase classname="ptolemy.util.test.junit.AutoTests" name="[125] /home/travis/build/icyphy/ptII/ptolemy/domains/modal/test/auto/TerminationTransition8.xml (RunModel)" time="0.02" />
  <testcase classname="ptolemy.util.test.junit.AutoTests" name="[126] /home/travis/build/icyphy/ptII/ptolemy/domains/modal/test/auto/Thermostat_NoHysteresis.xml (RunModel)" time="0.061" />
  <testcase classname="ptolemy.util.test.junit.AutoTests" name="[127] /home/travis/build/icyphy/ptII/ptolemy/domains/modal/test/auto/TimedFSM.xml (RunModel)" time="0.028" />
  <testcase classname="ptolemy.util.test.junit.AutoTests" name="[128] /home/travis/build/icyphy/ptII/ptolemy/domains/modal/test/auto/Timeout1.xml (RunModel)" time="0.013" />
  <testcase classname="ptolemy.util.test.junit.AutoTests" name="[129] /home/travis/build/icyphy/ptII/ptolemy/domains/modal/test/auto/Timeout2.xml (RunModel)" time="0.02" />
  <testcase classname="ptolemy.util.test.junit.AutoTests" name="[130] /home/travis/build/icyphy/ptII/ptolemy/domains/modal/test/auto/Timeout3.xml (RunModel)" time="0.011" />
  <testcase classname="ptolemy.util.test.junit.AutoTests" name="[131] /home/travis/build/icyphy/ptII/ptolemy/domains/modal/test/auto/Timeout4.xml (RunModel)" time="0.011" />
  <testcase classname="ptolemy.util.test.junit.AutoTests" name="[132] /home/travis/build/icyphy/ptII/ptolemy/domains/modal/test/auto/TransientstateModelAdvanced.xml (RunModel)" time="0.024" />
  <testcase classname="ptolemy.util.test.junit.AutoTests" name="[133] /home/travis/build/icyphy/ptII/ptolemy/domains/modal/test/auto/TransientstateModelAdvanced2.xml (RunModel)" time="0.031" />
  <testcase classname="ptolemy.util.test.junit.AutoTests" name="[134] /home/travis/build/icyphy/ptII/ptolemy/domains/modal/test/auto/TransitionRefinements.xml (RunModel)" time="0.023" />
  <testcase classname="ptolemy.util.test.junit.AutoTests" name="[135] /home/travis/build/icyphy/ptII/ptolemy/domains/modal/test/auto/TwoRefinements1.xml (RunModel)" time="0.028" />
  <testcase classname="ptolemy.util.test.junit.AutoTests" name="[136] /home/travis/build/icyphy/ptII/ptolemy/domains/modal/test/auto/TwoRefinements2.xml (RunModel)" time="0.025" />
  <testcase classname="ptolemy.util.test.junit.AutoTests" name="[137] /home/travis/build/icyphy/ptII/ptolemy/domains/modal/test/auto/WeakImmediateTransition.xml (RunModel)" time="0.034" />
  <testcase classname="ptolemy.util.test.junit.AutoTests" name="[138] /home/travis/build/icyphy/ptII/ptolemy/domains/modal/test/auto/booleanSelect.xml (RunModel)" time="0.074" />
  <testcase classname="ptolemy.util.test.junit.AutoTests" name="[139] /home/travis/build/icyphy/ptII/ptolemy/domains/modal/test/auto/modalChangingParams.xml (RunModel)" time="0.239" />
  <testcase classname="ptolemy.util.test.junit.AutoTests" name="[140] /home/travis/build/icyphy/ptII/ptolemy/domains/modal/test/auto/modalModel.xml (RunModel)" time="0.029" />
  <testcase classname="ptolemy.util.test.junit.AutoTests" name="[141] /home/travis/build/icyphy/ptII/ptolemy/domains/modal/test/auto/modalModel2.xml (RunModel)" time="0.04" />
  <testcase classname="ptolemy.util.test.junit.AutoTests" name="[142] /home/travis/build/icyphy/ptII/ptolemy/domains/modal/test/auto/modalModel3.xml (RunModel)" time="0.036" />
  <testcase classname="ptolemy.util.test.junit.AutoTests" name="[143] /home/travis/build/icyphy/ptII/ptolemy/domains/modal/test/auto/model1.xml (RunModel)" time="0.02" />
  <testcase classname="ptolemy.util.test.junit.AutoTests" name="[144] /home/travis/build/icyphy/ptII/ptolemy/domains/modal/test/auto/test-direct-in-out.xml (RunModel)" time="0.018" />
  <system-out><![CDATA[/home/travis/build/icyphy/ptII/ptolemy/domains/modal/test/SystemLevelType.tcl
testDefs.tcl: setting time out to 9000 seconds at Mon Jul 09 01:39:27 UTC 2018
07/09/18 01:39:28
Failed: 0  Total Tests: 1  ((Passed: 1, Newly Passed: 0)  Known Failed: 0) /home/travis/build/icyphy/ptII/ptolemy/domains/modal/test
----------------- testing (KnownFailure) /home/travis/build/icyphy/ptII/ptolemy/domains/modal/test/auto/knownFailedTests/CannotAnalysisWithPreemption.xml
59 ms. Memory: 208384K Free: 185647K (89%)
Known Failure: java.lang.reflect.InvocationTargetException
No auto/linux-amd64/*.xml tests in /home/travis/build/icyphy/ptII/ptolemy/domains/modal/test
AutoTests.java: About to close Vertx.
AutoTests.java: Vertx closed.

===========================================================================================
----------------- testing Mon Jul 09 01:39:29 UTC 2018 /home/travis/build/icyphy/ptII/ptolemy/domains/modal/test/auto/ABPTest.xml
----------------- Instantiating /home/travis/build/icyphy/ptII/ptolemy/domains/modal/test/auto/ABPTest.xml
417 ms. Memory: 331776K Free: 293300K (88%)
----------------- Invoking toplevel() on ptolemy.moml.MoMLSimpleApplication@4ffe97e0
----------------- Done invoking toplevel() on ptolemy.moml.MoMLSimpleApplication@4ffe97e0
reloadAllAccessors: .ABPTest

===========================================================================================
----------------- testing Mon Jul 09 01:39:30 UTC 2018 /home/travis/build/icyphy/ptII/ptolemy/domains/modal/test/auto/ABROFlat.xml
----------------- Instantiating /home/travis/build/icyphy/ptII/ptolemy/domains/modal/test/auto/ABROFlat.xml
27 ms. Memory: 331776K Free: 271174K (82%)
----------------- Invoking toplevel() on ptolemy.moml.MoMLSimpleApplication@27540f8f
----------------- Done invoking toplevel() on ptolemy.moml.MoMLSimpleApplication@27540f8f
reloadAllAccessors: .ABROFlat

===========================================================================================
----------------- testing Mon Jul 09 01:39:30 UTC 2018 /home/travis/build/icyphy/ptII/ptolemy/domains/modal/test/auto/ABROFlat2.xml
----------------- Instantiating /home/travis/build/icyphy/ptII/ptolemy/domains/modal/test/auto/ABROFlat2.xml
19 ms. Memory: 331776K Free: 253214K (76%)
----------------- Invoking toplevel() on ptolemy.moml.MoMLSimpleApplication@720aca86
----------------- Done invoking toplevel() on ptolemy.moml.MoMLSimpleApplication@720aca86
reloadAllAccessors: .ABROFlat2

===========================================================================================
----------------- testing Mon Jul 09 01:39:30 UTC 2018 /home/travis/build/icyphy/ptII/ptolemy/domains/modal/test/auto/ABRO_present_hmm.xml
----------------- Instantiating /home/travis/build/icyphy/ptII/ptolemy/domains/modal/test/auto/ABRO_present_hmm.xml
37 ms. Memory: 331776K Free: 220574K (66%)
----------------- Invoking toplevel() on ptolemy.moml.MoMLSimpleApplication@55c94aa6
----------------- Done invoking toplevel() on ptolemy.moml.MoMLSimpleApplication@55c94aa6
reloadAllAccessors: .ABRO_present_hmm

===========================================================================================
----------------- testing Mon Jul 09 01:39:30 UTC 2018 /home/travis/build/icyphy/ptII/ptolemy/domains/modal/test/auto/AMICoderExample.xml
----------------- Instantiating /home/travis/build/icyphy/ptII/ptolemy/domains/modal/test/auto/AMICoderExample.xml
25 ms. Memory: 331776K Free: 209176K (63%)
----------------- Invoking toplevel() on ptolemy.moml.MoMLSimpleApplication@6ed45ad8
----------------- Done invoking toplevel() on ptolemy.moml.MoMLSimpleApplication@6ed45ad8
reloadAllAccessors: .AMICoderExample

===========================================================================================
----------------- testing Mon Jul 09 01:39:30 UTC 2018 /home/travis/build/icyphy/ptII/ptolemy/domains/modal/test/auto/AbsentToPresent.xml
----------------- Instantiating /home/travis/build/icyphy/ptII/ptolemy/domains/modal/test/auto/AbsentToPresent.xml
9 ms. Memory: 331776K Free: 200855K (61%)
----------------- Invoking toplevel() on ptolemy.moml.MoMLSimpleApplication@9870708
----------------- Done invoking toplevel() on ptolemy.moml.MoMLSimpleApplication@9870708
reloadAllAccessors: .AbsentToPresent

===========================================================================================
----------------- testing Mon Jul 09 01:39:30 UTC 2018 /home/travis/build/icyphy/ptII/ptolemy/domains/modal/test/auto/Blending.xml
----------------- Instantiating /home/travis/build/icyphy/ptII/ptolemy/domains/modal/test/auto/Blending.xml
162 ms. Memory: 331776K Free: 145349K (44%)
----------------- Invoking toplevel() on ptolemy.moml.MoMLSimpleApplication@1daf3e40
----------------- Done invoking toplevel() on ptolemy.moml.MoMLSimpleApplication@1daf3e40
reloadAllAccessors: .Blending

===========================================================================================
----------------- testing Mon Jul 09 01:39:31 UTC 2018 /home/travis/build/icyphy/ptII/ptolemy/domains/modal/test/auto/Broadcast.xml
----------------- Instantiating /home/travis/build/icyphy/ptII/ptolemy/domains/modal/test/auto/Broadcast.xml
11 ms. Memory: 331776K Free: 132311K (40%)
----------------- Invoking toplevel() on ptolemy.moml.MoMLSimpleApplication@314cf032
----------------- Done invoking toplevel() on ptolemy.moml.MoMLSimpleApplication@314cf032
reloadAllAccessors: .Broadcast

===========================================================================================
----------------- testing Mon Jul 09 01:39:31 UTC 2018 /home/travis/build/icyphy/ptII/ptolemy/domains/modal/test/auto/BroadcastHierarchy.xml
----------------- Instantiating /home/travis/build/icyphy/ptII/ptolemy/domains/modal/test/auto/BroadcastHierarchy.xml
18 ms. Memory: 331776K Free: 114398K (34%)
----------------- Invoking toplevel() on ptolemy.moml.MoMLSimpleApplication@2717cc1b
----------------- Done invoking toplevel() on ptolemy.moml.MoMLSimpleApplication@2717cc1b
reloadAllAccessors: .BroadcastHierarchy

===========================================================================================
----------------- testing Mon Jul 09 01:39:31 UTC 2018 /home/travis/build/icyphy/ptII/ptolemy/domains/modal/test/auto/BroadcastHierarchy2.xml
----------------- Instantiating /home/travis/build/icyphy/ptII/ptolemy/domains/modal/test/auto/BroadcastHierarchy2.xml
25 ms. Memory: 331776K Free: 78516K (24%)
----------------- Invoking toplevel() on ptolemy.moml.MoMLSimpleApplication@61bdc121
----------------- Done invoking toplevel() on ptolemy.moml.MoMLSimpleApplication@61bdc121
reloadAllAccessors: .BroadcastHierarchy2

===========================================================================================
----------------- testing Mon Jul 09 01:39:31 UTC 2018 /home/travis/build/icyphy/ptII/ptolemy/domains/modal/test/auto/BroadcastHierarchy3.xml
----------------- Instantiating /home/travis/build/icyphy/ptII/ptolemy/domains/modal/test/auto/BroadcastHierarchy3.xml
27 ms. Memory: 333824K Free: 297522K (89%)
----------------- Invoking toplevel() on ptolemy.moml.MoMLSimpleApplication@590867dc
----------------- Done invoking toplevel() on ptolemy.moml.MoMLSimpleApplication@590867dc
reloadAllAccessors: .BroadcastHierarchy3

===========================================================================================
----------------- testing Mon Jul 09 01:39:31 UTC 2018 /home/travis/build/icyphy/ptII/ptolemy/domains/modal/test/auto/BroadcastHierarchy4.xml
----------------- Instantiating /home/travis/build/icyphy/ptII/ptolemy/domains/modal/test/auto/BroadcastHierarchy4.xml
15 ms. Memory: 333824K Free: 262607K (79%)
----------------- Invoking toplevel() on ptolemy.moml.MoMLSimpleApplication@7f9a9890
----------------- Done invoking toplevel() on ptolemy.moml.MoMLSimpleApplication@7f9a9890
reloadAllAccessors: .BroadcastHierarchy4

===========================================================================================
----------------- testing Mon Jul 09 01:39:31 UTC 2018 /home/travis/build/icyphy/ptII/ptolemy/domains/modal/test/auto/CannotAnalysisWithPreemption2.xml
----------------- Instantiating /home/travis/build/icyphy/ptII/ptolemy/domains/modal/test/auto/CannotAnalysisWithPreemption2.xml
4 ms. Memory: 333824K Free: 252843K (76%)
----------------- Invoking toplevel() on ptolemy.moml.MoMLSimpleApplication@656ebaa7
----------------- Done invoking toplevel() on ptolemy.moml.MoMLSimpleApplication@656ebaa7
reloadAllAccessors: .CannotAnalysisWithPreemption2

===========================================================================================
----------------- testing Mon Jul 09 01:39:31 UTC 2018 /home/travis/build/icyphy/ptII/ptolemy/domains/modal/test/auto/CannotAnalysisWithPreemption3.xml
----------------- Instantiating /home/travis/build/icyphy/ptII/ptolemy/domains/modal/test/auto/CannotAnalysisWithPreemption3.xml
3 ms. Memory: 333824K Free: 239813K (72%)
----------------- Invoking toplevel() on ptolemy.moml.MoMLSimpleApplication@1b1e302b
----------------- Done invoking toplevel() on ptolemy.moml.MoMLSimpleApplication@1b1e302b
reloadAllAccessors: .CannotAnalysisWithPreemption3

===========================================================================================
----------------- testing Mon Jul 09 01:39:31 UTC 2018 /home/travis/build/icyphy/ptII/ptolemy/domains/modal/test/auto/CannotProduce.xml
----------------- Instantiating /home/travis/build/icyphy/ptII/ptolemy/domains/modal/test/auto/CannotProduce.xml
12 ms. Memory: 333824K Free: 230974K (69%)
----------------- Invoking toplevel() on ptolemy.moml.MoMLSimpleApplication@303c6cec
----------------- Done invoking toplevel() on ptolemy.moml.MoMLSimpleApplication@303c6cec
reloadAllAccessors: .CannotProduce

===========================================================================================
----------------- testing Mon Jul 09 01:39:31 UTC 2018 /home/travis/build/icyphy/ptII/ptolemy/domains/modal/test/auto/CannotProduceModal.xml
----------------- Instantiating /home/travis/build/icyphy/ptII/ptolemy/domains/modal/test/auto/CannotProduceModal.xml
4 ms. Memory: 333824K Free: 222818K (67%)
----------------- Invoking toplevel() on ptolemy.moml.MoMLSimpleApplication@13665d8
----------------- Done invoking toplevel() on ptolemy.moml.MoMLSimpleApplication@13665d8
reloadAllAccessors: .CannotProduceModal

===========================================================================================
----------------- testing Mon Jul 09 01:39:31 UTC 2018 /home/travis/build/icyphy/ptII/ptolemy/domains/modal/test/auto/Case.xml
----------------- Instantiating /home/travis/build/icyphy/ptII/ptolemy/domains/modal/test/auto/Case.xml
30 ms. Memory: 333824K Free: 209748K (63%)
----------------- Invoking toplevel() on ptolemy.moml.MoMLSimpleApplication@42bb6606
----------------- Done invoking toplevel() on ptolemy.moml.MoMLSimpleApplication@42bb6606
reloadAllAccessors: .Case

===========================================================================================
----------------- testing Mon Jul 09 01:39:31 UTC 2018 /home/travis/build/icyphy/ptII/ptolemy/domains/modal/test/auto/Case1.xml
----------------- Instantiating /home/travis/build/icyphy/ptII/ptolemy/domains/modal/test/auto/Case1.xml
6 ms. Memory: 333824K Free: 199269K (60%)
----------------- Invoking toplevel() on ptolemy.moml.MoMLSimpleApplication@3e81a659
----------------- Done invoking toplevel() on ptolemy.moml.MoMLSimpleApplication@3e81a659
reloadAllAccessors: .Case1

===========================================================================================
----------------- testing Mon Jul 09 01:39:31 UTC 2018 /home/travis/build/icyphy/ptII/ptolemy/domains/modal/test/auto/Case2.xml
----------------- Instantiating /home/travis/build/icyphy/ptII/ptolemy/domains/modal/test/auto/Case2.xml
23 ms. Memory: 333824K Free: 187848K (56%)
----------------- Invoking toplevel() on ptolemy.moml.MoMLSimpleApplication@184491b2
----------------- Done invoking toplevel() on ptolemy.moml.MoMLSimpleApplication@184491b2
reloadAllAccessors: .Case2

===========================================================================================
----------------- testing Mon Jul 09 01:39:31 UTC 2018 /home/travis/build/icyphy/ptII/ptolemy/domains/modal/test/auto/CausalityInterface1.xml
----------------- Instantiating /home/travis/build/icyphy/ptII/ptolemy/domains/modal/test/auto/CausalityInterface1.xml
4 ms. Memory: 333824K Free: 181341K (54%)
----------------- Invoking toplevel() on ptolemy.moml.MoMLSimpleApplication@4b70cce0
----------------- Done invoking toplevel() on ptolemy.moml.MoMLSimpleApplication@4b70cce0
reloadAllAccessors: .CausalityInterface1

===========================================================================================
----------------- testing Mon Jul 09 01:39:31 UTC 2018 /home/travis/build/icyphy/ptII/ptolemy/domains/modal/test/auto/CausalityInterface10.xml
----------------- Instantiating /home/travis/build/icyphy/ptII/ptolemy/domains/modal/test/auto/CausalityInterface10.xml
18 ms. Memory: 333824K Free: 162746K (49%)
----------------- Invoking toplevel() on ptolemy.moml.MoMLSimpleApplication@555ec1d9
----------------- Done invoking toplevel() on ptolemy.moml.MoMLSimpleApplication@555ec1d9
reloadAllAccessors: .CausalityInterface10

===========================================================================================
----------------- testing Mon Jul 09 01:39:31 UTC 2018 /home/travis/build/icyphy/ptII/ptolemy/domains/modal/test/auto/CausalityInterface11.xml
----------------- Instantiating /home/travis/build/icyphy/ptII/ptolemy/domains/modal/test/auto/CausalityInterface11.xml
6 ms. Memory: 333824K Free: 146449K (44%)
----------------- Invoking toplevel() on ptolemy.moml.MoMLSimpleApplication@480ad11a
----------------- Done invoking toplevel() on ptolemy.moml.MoMLSimpleApplication@480ad11a
reloadAllAccessors: .CausalityInterface11

===========================================================================================
----------------- testing Mon Jul 09 01:39:31 UTC 2018 /home/travis/build/icyphy/ptII/ptolemy/domains/modal/test/auto/CausalityInterface12.xml
----------------- Instantiating /home/travis/build/icyphy/ptII/ptolemy/domains/modal/test/auto/CausalityInterface12.xml
10 ms. Memory: 333824K Free: 130130K (39%)
----------------- Invoking toplevel() on ptolemy.moml.MoMLSimpleApplication@39a37c61
----------------- Done invoking toplevel() on ptolemy.moml.MoMLSimpleApplication@39a37c61
reloadAllAccessors: .CausalityInterface12

===========================================================================================
----------------- testing Mon Jul 09 01:39:32 UTC 2018 /home/travis/build/icyphy/ptII/ptolemy/domains/modal/test/auto/CausalityInterface13.xml
----------------- Instantiating /home/travis/build/icyphy/ptII/ptolemy/domains/modal/test/auto/CausalityInterface13.xml
17 ms. Memory: 333824K Free: 111511K (33%)
----------------- Invoking toplevel() on ptolemy.moml.MoMLSimpleApplication@6931d6b4
----------------- Done invoking toplevel() on ptolemy.moml.MoMLSimpleApplication@6931d6b4
reloadAllAccessors: .CausalityInterface13

===========================================================================================
----------------- testing Mon Jul 09 01:39:32 UTC 2018 /home/travis/build/icyphy/ptII/ptolemy/domains/modal/test/auto/CausalityInterface14.xml
----------------- Instantiating /home/travis/build/icyphy/ptII/ptolemy/domains/modal/test/auto/CausalityInterface14.xml
5 ms. Memory: 333824K Free: 95215K (29%)
----------------- Invoking toplevel() on ptolemy.moml.MoMLSimpleApplication@1d1aad0
----------------- Done invoking toplevel() on ptolemy.moml.MoMLSimpleApplication@1d1aad0
reloadAllAccessors: .CausalityInterface14

===========================================================================================
----------------- testing Mon Jul 09 01:39:32 UTC 2018 /home/travis/build/icyphy/ptII/ptolemy/domains/modal/test/auto/CausalityInterface2.xml
----------------- Instantiating /home/travis/build/icyphy/ptII/ptolemy/domains/modal/test/auto/CausalityInterface2.xml
3 ms. Memory: 333824K Free: 87067K (26%)
----------------- Invoking toplevel() on ptolemy.moml.MoMLSimpleApplication@2f094b63
----------------- Done invoking toplevel() on ptolemy.moml.MoMLSimpleApplication@2f094b63
reloadAllAccessors: .CausalityInterface2

===========================================================================================
----------------- testing Mon Jul 09 01:39:32 UTC 2018 /home/travis/build/icyphy/ptII/ptolemy/domains/modal/test/auto/CausalityInterface3.xml
----------------- Instantiating /home/travis/build/icyphy/ptII/ptolemy/domains/modal/test/auto/CausalityInterface3.xml
13 ms. Memory: 577536K Free: 565545K (98%)
----------------- Invoking toplevel() on ptolemy.moml.MoMLSimpleApplication@4bcf4315
----------------- Done invoking toplevel() on ptolemy.moml.MoMLSimpleApplication@4bcf4315
reloadAllAccessors: .CausalityInterface3

===========================================================================================
----------------- testing Mon Jul 09 01:39:32 UTC 2018 /home/travis/build/icyphy/ptII/ptolemy/domains/modal/test/auto/CausalityInterface4.xml
----------------- Instantiating /home/travis/build/icyphy/ptII/ptolemy/domains/modal/test/auto/CausalityInterface4.xml
3 ms. Memory: 577536K Free: 550922K (95%)
----------------- Invoking toplevel() on ptolemy.moml.MoMLSimpleApplication@c81c3f
----------------- Done invoking toplevel() on ptolemy.moml.MoMLSimpleApplication@c81c3f
reloadAllAccessors: .CausalityInterface4

===========================================================================================
----------------- testing Mon Jul 09 01:39:32 UTC 2018 /home/travis/build/icyphy/ptII/ptolemy/domains/modal/test/auto/CausalityInterface5.xml
----------------- Instantiating /home/travis/build/icyphy/ptII/ptolemy/domains/modal/test/auto/CausalityInterface5.xml
5 ms. Memory: 577536K Free: 538720K (93%)
----------------- Invoking toplevel() on ptolemy.moml.MoMLSimpleApplication@5849da0f
----------------- Done invoking toplevel() on ptolemy.moml.MoMLSimpleApplication@5849da0f
reloadAllAccessors: .CausalityInterface5

===========================================================================================
----------------- testing Mon Jul 09 01:39:32 UTC 2018 /home/travis/build/icyphy/ptII/ptolemy/domains/modal/test/auto/CausalityInterface6.xml
----------------- Instantiating /home/travis/build/icyphy/ptII/ptolemy/domains/modal/test/auto/CausalityInterface6.xml
3 ms. Memory: 577536K Free: 526287K (91%)
----------------- Invoking toplevel() on ptolemy.moml.MoMLSimpleApplication@138aee6d
----------------- Done invoking toplevel() on ptolemy.moml.MoMLSimpleApplication@138aee6d
reloadAllAccessors: .CausalityInterface6

===========================================================================================
----------------- testing Mon Jul 09 01:39:32 UTC 2018 /home/travis/build/icyphy/ptII/ptolemy/domains/modal/test/auto/CausalityInterface7.xml
----------------- Instantiating /home/travis/build/icyphy/ptII/ptolemy/domains/modal/test/auto/CausalityInterface7.xml
6 ms. Memory: 577536K Free: 514069K (89%)
----------------- Invoking toplevel() on ptolemy.moml.MoMLSimpleApplication@2c7edb2a
----------------- Done invoking toplevel() on ptolemy.moml.MoMLSimpleApplication@2c7edb2a
reloadAllAccessors: .CausalityInterface7

===========================================================================================
----------------- testing Mon Jul 09 01:39:32 UTC 2018 /home/travis/build/icyphy/ptII/ptolemy/domains/modal/test/auto/CausalityInterface8.xml
----------------- Instantiating /home/travis/build/icyphy/ptII/ptolemy/domains/modal/test/auto/CausalityInterface8.xml
5 ms. Memory: 577536K Free: 498715K (86%)
----------------- Invoking toplevel() on ptolemy.moml.MoMLSimpleApplication@1289ea61
----------------- Done invoking toplevel() on ptolemy.moml.MoMLSimpleApplication@1289ea61
reloadAllAccessors: .CausalityInterface8

===========================================================================================
----------------- testing Mon Jul 09 01:39:32 UTC 2018 /home/travis/build/icyphy/ptII/ptolemy/domains/modal/test/auto/CausalityInterface9.xml
----------------- Instantiating /home/travis/build/icyphy/ptII/ptolemy/domains/modal/test/auto/CausalityInterface9.xml
7 ms. Memory: 577536K Free: 486497K (84%)
----------------- Invoking toplevel() on ptolemy.moml.MoMLSimpleApplication@322be19b
----------------- Done invoking toplevel() on ptolemy.moml.MoMLSimpleApplication@322be19b
reloadAllAccessors: .CausalityInterface9

===========================================================================================
----------------- testing Mon Jul 09 01:39:32 UTC 2018 /home/travis/build/icyphy/ptII/ptolemy/domains/modal/test/auto/ChainedTransitions.xml
----------------- Instantiating /home/travis/build/icyphy/ptII/ptolemy/domains/modal/test/auto/ChainedTransitions.xml
93 ms. Memory: 577536K Free: 457196K (79%)
----------------- Invoking toplevel() on ptolemy.moml.MoMLSimpleApplication@ab2082f
----------------- Done invoking toplevel() on ptolemy.moml.MoMLSimpleApplication@ab2082f
reloadAllAccessors: .ChainedTransitions

===========================================================================================
----------------- testing Mon Jul 09 01:39:32 UTC 2018 /home/travis/build/icyphy/ptII/ptolemy/domains/modal/test/auto/CycleOfImmediateTransitionsFSM.xml
----------------- Instantiating /home/travis/build/icyphy/ptII/ptolemy/domains/modal/test/auto/CycleOfImmediateTransitionsFSM.xml
4 ms. Memory: 577536K Free: 447431K (77%)
----------------- Invoking toplevel() on ptolemy.moml.MoMLSimpleApplication@52c6e1c2
----------------- Done invoking toplevel() on ptolemy.moml.MoMLSimpleApplication@52c6e1c2
reloadAllAccessors: .CycleOfImmediateTransitionsFSM

===========================================================================================
----------------- testing Mon Jul 09 01:39:32 UTC 2018 /home/travis/build/icyphy/ptII/ptolemy/domains/modal/test/auto/CycleOfImmediateTransitionsModal.xml
----------------- Instantiating /home/travis/build/icyphy/ptII/ptolemy/domains/modal/test/auto/CycleOfImmediateTransitionsModal.xml
4 ms. Memory: 577536K Free: 434515K (75%)
----------------- Invoking toplevel() on ptolemy.moml.MoMLSimpleApplication@2e834e20
----------------- Done invoking toplevel() on ptolemy.moml.MoMLSimpleApplication@2e834e20
reloadAllAccessors: .CycleOfImmediateTransitionsModal

===========================================================================================
----------------- testing Mon Jul 09 01:39:32 UTC 2018 /home/travis/build/icyphy/ptII/ptolemy/domains/modal/test/auto/CycleOfImmediateTransitionsModal2.xml
----------------- Instantiating /home/travis/build/icyphy/ptII/ptolemy/domains/modal/test/auto/CycleOfImmediateTransitionsModal2.xml
4 ms. Memory: 577536K Free: 424750K (74%)
----------------- Invoking toplevel() on ptolemy.moml.MoMLSimpleApplication@26f7edf2
----------------- Done invoking toplevel() on ptolemy.moml.MoMLSimpleApplication@26f7edf2
reloadAllAccessors: .CycleOfImmediateTransitionsModal2

===========================================================================================
----------------- testing Mon Jul 09 01:39:32 UTC 2018 /home/travis/build/icyphy/ptII/ptolemy/domains/modal/test/auto/CycleOfImmediateTransitionsModal3.xml
----------------- Instantiating /home/travis/build/icyphy/ptII/ptolemy/domains/modal/test/auto/CycleOfImmediateTransitionsModal3.xml
11 ms. Memory: 577536K Free: 395432K (68%)
----------------- Invoking toplevel() on ptolemy.moml.MoMLSimpleApplication@5912e358
----------------- Done invoking toplevel() on ptolemy.moml.MoMLSimpleApplication@5912e358
reloadAllAccessors: .CycleOfImmediateTransitionsModal3

===========================================================================================
----------------- testing Mon Jul 09 01:39:32 UTC 2018 /home/travis/build/icyphy/ptII/ptolemy/domains/modal/test/auto/DeepModal1.xml
----------------- Instantiating /home/travis/build/icyphy/ptII/ptolemy/domains/modal/test/auto/DeepModal1.xml
24 ms. Memory: 577536K Free: 378340K (66%)
----------------- Invoking toplevel() on ptolemy.moml.MoMLSimpleApplication@4d1b28ea
----------------- Done invoking toplevel() on ptolemy.moml.MoMLSimpleApplication@4d1b28ea
reloadAllAccessors: .DeepModal1

===========================================================================================
----------------- testing Mon Jul 09 01:39:32 UTC 2018 /home/travis/build/icyphy/ptII/ptolemy/domains/modal/test/auto/DeepModal2.xml
----------------- Instantiating /home/travis/build/icyphy/ptII/ptolemy/domains/modal/test/auto/DeepModal2.xml
21 ms. Memory: 577536K Free: 353206K (61%)
----------------- Invoking toplevel() on ptolemy.moml.MoMLSimpleApplication@cd3dc2d
----------------- Done invoking toplevel() on ptolemy.moml.MoMLSimpleApplication@cd3dc2d
reloadAllAccessors: .DeepModal2

===========================================================================================
----------------- testing Mon Jul 09 01:39:32 UTC 2018 /home/travis/build/icyphy/ptII/ptolemy/domains/modal/test/auto/DeepModal3.xml
----------------- Instantiating /home/travis/build/icyphy/ptII/ptolemy/domains/modal/test/auto/DeepModal3.xml
25 ms. Memory: 577536K Free: 331239K (57%)
----------------- Invoking toplevel() on ptolemy.moml.MoMLSimpleApplication@7d63bc5f
----------------- Done invoking toplevel() on ptolemy.moml.MoMLSimpleApplication@7d63bc5f
reloadAllAccessors: .DeepModal3

===========================================================================================
----------------- testing Mon Jul 09 01:39:33 UTC 2018 /home/travis/build/icyphy/ptII/ptolemy/domains/modal/test/auto/DeepModal4.xml
----------------- Instantiating /home/travis/build/icyphy/ptII/ptolemy/domains/modal/test/auto/DeepModal4.xml
16 ms. Memory: 577536K Free: 309256K (54%)
----------------- Invoking toplevel() on ptolemy.moml.MoMLSimpleApplication@2037100b
----------------- Done invoking toplevel() on ptolemy.moml.MoMLSimpleApplication@2037100b
reloadAllAccessors: .DeepModal4

===========================================================================================
----------------- testing Mon Jul 09 01:39:33 UTC 2018 /home/travis/build/icyphy/ptII/ptolemy/domains/modal/test/auto/Default1.xml
----------------- Instantiating /home/travis/build/icyphy/ptII/ptolemy/domains/modal/test/auto/Default1.xml
2 ms. Memory: 577536K Free: 299476K (52%)
----------------- Invoking toplevel() on ptolemy.moml.MoMLSimpleApplication@788827ff
----------------- Done invoking toplevel() on ptolemy.moml.MoMLSimpleApplication@788827ff
reloadAllAccessors: .Default1

===========================================================================================
----------------- testing Mon Jul 09 01:39:33 UTC 2018 /home/travis/build/icyphy/ptII/ptolemy/domains/modal/test/auto/Default2.xml
----------------- Instantiating /home/travis/build/icyphy/ptII/ptolemy/domains/modal/test/auto/Default2.xml
2 ms. Memory: 577536K Free: 286551K (50%)
----------------- Invoking toplevel() on ptolemy.moml.MoMLSimpleApplication@11e48a28
----------------- Done invoking toplevel() on ptolemy.moml.MoMLSimpleApplication@11e48a28
reloadAllAccessors: .Default2

===========================================================================================
----------------- testing Mon Jul 09 01:39:33 UTC 2018 /home/travis/build/icyphy/ptII/ptolemy/domains/modal/test/auto/Default3.xml
----------------- Instantiating /home/travis/build/icyphy/ptII/ptolemy/domains/modal/test/auto/Default3.xml
7 ms. Memory: 577536K Free: 276779K (48%)
----------------- Invoking toplevel() on ptolemy.moml.MoMLSimpleApplication@7037fe15
----------------- Done invoking toplevel() on ptolemy.moml.MoMLSimpleApplication@7037fe15
reloadAllAccessors: .Default3

===========================================================================================
----------------- testing Mon Jul 09 01:39:33 UTC 2018 /home/travis/build/icyphy/ptII/ptolemy/domains/modal/test/auto/Default4.xml
----------------- Instantiating /home/travis/build/icyphy/ptII/ptolemy/domains/modal/test/auto/Default4.xml
2 ms. Memory: 577536K Free: 266998K (46%)
----------------- Invoking toplevel() on ptolemy.moml.MoMLSimpleApplication@1a34e04d
----------------- Done invoking toplevel() on ptolemy.moml.MoMLSimpleApplication@1a34e04d
reloadAllAccessors: .Default4

===========================================================================================
----------------- testing Mon Jul 09 01:39:33 UTC 2018 /home/travis/build/icyphy/ptII/ptolemy/domains/modal/test/auto/Default5.xml
----------------- Instantiating /home/travis/build/icyphy/ptII/ptolemy/domains/modal/test/auto/Default5.xml
3 ms. Memory: 577536K Free: 257234K (45%)
----------------- Invoking toplevel() on ptolemy.moml.MoMLSimpleApplication@1927e383
----------------- Done invoking toplevel() on ptolemy.moml.MoMLSimpleApplication@1927e383
reloadAllAccessors: .Default5

===========================================================================================
----------------- testing Mon Jul 09 01:39:33 UTC 2018 /home/travis/build/icyphy/ptII/ptolemy/domains/modal/test/auto/EmptyGuard.xml
----------------- Instantiating /home/travis/build/icyphy/ptII/ptolemy/domains/modal/test/auto/EmptyGuard.xml
15 ms. Memory: 577536K Free: 247469K (43%)
----------------- Invoking toplevel() on ptolemy.moml.MoMLSimpleApplication@20f994f2
----------------- Done invoking toplevel() on ptolemy.moml.MoMLSimpleApplication@20f994f2
reloadAllAccessors: .EmptyGuard

===========================================================================================
----------------- testing Mon Jul 09 01:39:33 UTC 2018 /home/travis/build/icyphy/ptII/ptolemy/domains/modal/test/auto/ErrorTransition1.xml
----------------- Instantiating /home/travis/build/icyphy/ptII/ptolemy/domains/modal/test/auto/ErrorTransition1.xml
6 ms. Memory: 577536K Free: 232100K (40%)
----------------- Invoking toplevel() on ptolemy.moml.MoMLSimpleApplication@66c13041
----------------- Done invoking toplevel() on ptolemy.moml.MoMLSimpleApplication@66c13041
reloadAllAccessors: .ErrorTransition1

===========================================================================================
----------------- testing Mon Jul 09 01:39:33 UTC 2018 /home/travis/build/icyphy/ptII/ptolemy/domains/modal/test/auto/ErrorTransition10.xml
----------------- Instantiating /home/travis/build/icyphy/ptII/ptolemy/domains/modal/test/auto/ErrorTransition10.xml
9 ms. Memory: 577536K Free: 215032K (37%)
----------------- Invoking toplevel() on ptolemy.moml.MoMLSimpleApplication@607a847a
----------------- Done invoking toplevel() on ptolemy.moml.MoMLSimpleApplication@607a847a
reloadAllAccessors: .ErrorTransition10

===========================================================================================
----------------- testing Mon Jul 09 01:39:33 UTC 2018 /home/travis/build/icyphy/ptII/ptolemy/domains/modal/test/auto/ErrorTransition11.xml
----------------- Instantiating /home/travis/build/icyphy/ptII/ptolemy/domains/modal/test/auto/ErrorTransition11.xml
4 ms. Memory: 577536K Free: 200393K (35%)
----------------- Invoking toplevel() on ptolemy.moml.MoMLSimpleApplication@398b95cc
----------------- Done invoking toplevel() on ptolemy.moml.MoMLSimpleApplication@398b95cc
reloadAllAccessors: .ErrorTransition11

===========================================================================================
----------------- testing Mon Jul 09 01:39:33 UTC 2018 /home/travis/build/icyphy/ptII/ptolemy/domains/modal/test/auto/ErrorTransition2.xml
----------------- Instantiating /home/travis/build/icyphy/ptII/ptolemy/domains/modal/test/auto/ErrorTransition2.xml
6 ms. Memory: 577536K Free: 188190K (33%)
----------------- Invoking toplevel() on ptolemy.moml.MoMLSimpleApplication@247a1593
----------------- Done invoking toplevel() on ptolemy.moml.MoMLSimpleApplication@247a1593
reloadAllAccessors: .ErrorTransition2

===========================================================================================
----------------- testing Mon Jul 09 01:39:33 UTC 2018 /home/travis/build/icyphy/ptII/ptolemy/domains/modal/test/auto/ErrorTransition3.xml
----------------- Instantiating /home/travis/build/icyphy/ptII/ptolemy/domains/modal/test/auto/ErrorTransition3.xml
10 ms. Memory: 577536K Free: 172821K (30%)
----------------- Invoking toplevel() on ptolemy.moml.MoMLSimpleApplication@693c39ed
----------------- Done invoking toplevel() on ptolemy.moml.MoMLSimpleApplication@693c39ed
reloadAllAccessors: .ErrorTransition3

===========================================================================================
----------------- testing Mon Jul 09 01:39:33 UTC 2018 /home/travis/build/icyphy/ptII/ptolemy/domains/modal/test/auto/ErrorTransition4.xml
----------------- Instantiating /home/travis/build/icyphy/ptII/ptolemy/domains/modal/test/auto/ErrorTransition4.xml
7 ms. Memory: 577536K Free: 160603K (28%)
----------------- Invoking toplevel() on ptolemy.moml.MoMLSimpleApplication@1029a5a7
----------------- Done invoking toplevel() on ptolemy.moml.MoMLSimpleApplication@1029a5a7
reloadAllAccessors: .ErrorTransition4

===========================================================================================
----------------- testing Mon Jul 09 01:39:33 UTC 2018 /home/travis/build/icyphy/ptII/ptolemy/domains/modal/test/auto/ErrorTransition5.xml
----------------- Instantiating /home/travis/build/icyphy/ptII/ptolemy/domains/modal/test/auto/ErrorTransition5.xml
9 ms. Memory: 577536K Free: 148385K (26%)
----------------- Invoking toplevel() on ptolemy.moml.MoMLSimpleApplication@3dea999d
----------------- Done invoking toplevel() on ptolemy.moml.MoMLSimpleApplication@3dea999d
reloadAllAccessors: .ErrorTransition5

===========================================================================================
----------------- testing Mon Jul 09 01:39:33 UTC 2018 /home/travis/build/icyphy/ptII/ptolemy/domains/modal/test/auto/ErrorTransition6.xml
----------------- Instantiating /home/travis/build/icyphy/ptII/ptolemy/domains/modal/test/auto/ErrorTransition6.xml
8 ms. Memory: 577536K Free: 136167K (24%)
----------------- Invoking toplevel() on ptolemy.moml.MoMLSimpleApplication@22ac485e
----------------- Done invoking toplevel() on ptolemy.moml.MoMLSimpleApplication@22ac485e
reloadAllAccessors: .ErrorTransition6

===========================================================================================
----------------- testing Mon Jul 09 01:39:33 UTC 2018 /home/travis/build/icyphy/ptII/ptolemy/domains/modal/test/auto/ErrorTransition7.xml
----------------- Instantiating /home/travis/build/icyphy/ptII/ptolemy/domains/modal/test/auto/ErrorTransition7.xml
11 ms. Memory: 577536K Free: 115931K (20%)
----------------- Invoking toplevel() on ptolemy.moml.MoMLSimpleApplication@5b5c0f53
----------------- Done invoking toplevel() on ptolemy.moml.MoMLSimpleApplication@5b5c0f53
reloadAllAccessors: .ErrorTransition7

===========================================================================================
----------------- testing Mon Jul 09 01:39:33 UTC 2018 /home/travis/build/icyphy/ptII/ptolemy/domains/modal/test/auto/ErrorTransition8.xml
----------------- Instantiating /home/travis/build/icyphy/ptII/ptolemy/domains/modal/test/auto/ErrorTransition8.xml
30 ms. Memory: 577536K Free: 98855K (17%)
----------------- Invoking toplevel() on ptolemy.moml.MoMLSimpleApplication@3cb13e2d
----------------- Done invoking toplevel() on ptolemy.moml.MoMLSimpleApplication@3cb13e2d
reloadAllAccessors: .ErrorTransition8

===========================================================================================
----------------- testing Mon Jul 09 01:39:33 UTC 2018 /home/travis/build/icyphy/ptII/ptolemy/domains/modal/test/auto/ErrorTransition9.xml
----------------- Instantiating /home/travis/build/icyphy/ptII/ptolemy/domains/modal/test/auto/ErrorTransition9.xml
13 ms. Memory: 577536K Free: 81770K (14%)
----------------- Invoking toplevel() on ptolemy.moml.MoMLSimpleApplication@7335efe
----------------- Done invoking toplevel() on ptolemy.moml.MoMLSimpleApplication@7335efe
reloadAllAccessors: .ErrorTransition9

===========================================================================================
----------------- testing Mon Jul 09 01:39:33 UTC 2018 /home/travis/build/icyphy/ptII/ptolemy/domains/modal/test/auto/ExtendedFSM.xml
----------------- Instantiating /home/travis/build/icyphy/ptII/ptolemy/domains/modal/test/auto/ExtendedFSM.xml
7 ms. Memory: 577536K Free: 558145K (97%)
----------------- Invoking toplevel() on ptolemy.moml.MoMLSimpleApplication@6434a118
----------------- Done invoking toplevel() on ptolemy.moml.MoMLSimpleApplication@6434a118
reloadAllAccessors: .ExtendedFSM

===========================================================================================
----------------- testing Mon Jul 09 01:39:33 UTC 2018 /home/travis/build/icyphy/ptII/ptolemy/domains/modal/test/auto/FinalStates.xml
----------------- Instantiating /home/travis/build/icyphy/ptII/ptolemy/domains/modal/test/auto/FinalStates.xml
9 ms. Memory: 577536K Free: 546161K (95%)
----------------- Invoking toplevel() on ptolemy.moml.MoMLSimpleApplication@42a64c97
----------------- Done invoking toplevel() on ptolemy.moml.MoMLSimpleApplication@42a64c97
reloadAllAccessors: .FinalStates

===========================================================================================
----------------- testing Mon Jul 09 01:39:33 UTC 2018 /home/travis/build/icyphy/ptII/ptolemy/domains/modal/test/auto/FixedPointFSM.xml
----------------- Instantiating /home/travis/build/icyphy/ptII/ptolemy/domains/modal/test/auto/FixedPointFSM.xml
18 ms. Memory: 577536K Free: 526476K (91%)
----------------- Invoking toplevel() on ptolemy.moml.MoMLSimpleApplication@2267167c
----------------- Done invoking toplevel() on ptolemy.moml.MoMLSimpleApplication@2267167c
reloadAllAccessors: .FixedPointFSM

===========================================================================================
----------------- testing Mon Jul 09 01:39:33 UTC 2018 /home/travis/build/icyphy/ptII/ptolemy/domains/modal/test/auto/FixedPointIterationFSMActor.xml
----------------- Instantiating /home/travis/build/icyphy/ptII/ptolemy/domains/modal/test/auto/FixedPointIterationFSMActor.xml
6 ms. Memory: 577536K Free: 511251K (89%)
----------------- Invoking toplevel() on ptolemy.moml.MoMLSimpleApplication@26bb513b
----------------- Done invoking toplevel() on ptolemy.moml.MoMLSimpleApplication@26bb513b
reloadAllAccessors: .FixedPointIterationFSMActor

===========================================================================================
----------------- testing Mon Jul 09 01:39:33 UTC 2018 /home/travis/build/icyphy/ptII/ptolemy/domains/modal/test/auto/FixedPointIterationFSMActor2.xml
----------------- Instantiating /home/travis/build/icyphy/ptII/ptolemy/domains/modal/test/auto/FixedPointIterationFSMActor2.xml
12 ms. Memory: 577536K Free: 494995K (86%)
----------------- Invoking toplevel() on ptolemy.moml.MoMLSimpleApplication@49fc280a
----------------- Done invoking toplevel() on ptolemy.moml.MoMLSimpleApplication@49fc280a
reloadAllAccessors: .FixedPointIterationFSMActor2

===========================================================================================
----------------- testing Mon Jul 09 01:39:33 UTC 2018 /home/travis/build/icyphy/ptII/ptolemy/domains/modal/test/auto/ForbiddenInstantanousLoop.xml
----------------- Instantiating /home/travis/build/icyphy/ptII/ptolemy/domains/modal/test/auto/ForbiddenInstantanousLoop.xml
6 ms. Memory: 577536K Free: 478731K (83%)
----------------- Invoking toplevel() on ptolemy.moml.MoMLSimpleApplication@73544f1d
----------------- Done invoking toplevel() on ptolemy.moml.MoMLSimpleApplication@73544f1d
reloadAllAccessors: .ForbiddenInstantanousLoop

===========================================================================================
----------------- testing Mon Jul 09 01:39:33 UTC 2018 /home/travis/build/icyphy/ptII/ptolemy/domains/modal/test/auto/FunctionDependencyOfFSMActorTest.xml
----------------- Instantiating /home/travis/build/icyphy/ptII/ptolemy/domains/modal/test/auto/FunctionDependencyOfFSMActorTest.xml
5 ms. Memory: 577536K Free: 466747K (81%)
----------------- Invoking toplevel() on ptolemy.moml.MoMLSimpleApplication@1e9ad2ec
----------------- Done invoking toplevel() on ptolemy.moml.MoMLSimpleApplication@1e9ad2ec
reloadAllAccessors: .FunctionDependencyOfFSMActorTest

===========================================================================================
----------------- testing Mon Jul 09 01:39:34 UTC 2018 /home/travis/build/icyphy/ptII/ptolemy/domains/modal/test/auto/GuardExpression.xml
----------------- Instantiating /home/travis/build/icyphy/ptII/ptolemy/domains/modal/test/auto/GuardExpression.xml
2 ms. Memory: 577536K Free: 456983K (79%)
----------------- Invoking toplevel() on ptolemy.moml.MoMLSimpleApplication@5419190e
----------------- Done invoking toplevel() on ptolemy.moml.MoMLSimpleApplication@5419190e
reloadAllAccessors: .GuardExpression

===========================================================================================
----------------- testing Mon Jul 09 01:39:34 UTC 2018 /home/travis/build/icyphy/ptII/ptolemy/domains/modal/test/auto/GuardNotEvaluated.xml
----------------- Instantiating /home/travis/build/icyphy/ptII/ptolemy/domains/modal/test/auto/GuardNotEvaluated.xml
11 ms. Memory: 577536K Free: 443969K (77%)
----------------- Invoking toplevel() on ptolemy.moml.MoMLSimpleApplication@7e31d4e5
----------------- Done invoking toplevel() on ptolemy.moml.MoMLSimpleApplication@7e31d4e5
reloadAllAccessors: .GuardNotEvaluated

===========================================================================================
----------------- testing Mon Jul 09 01:39:34 UTC 2018 /home/travis/build/icyphy/ptII/ptolemy/domains/modal/test/auto/GuardNotEvaluated2.xml
----------------- Instantiating /home/travis/build/icyphy/ptII/ptolemy/domains/modal/test/auto/GuardNotEvaluated2.xml
7 ms. Memory: 577536K Free: 428751K (74%)
----------------- Invoking toplevel() on ptolemy.moml.MoMLSimpleApplication@146277bd
----------------- Done invoking toplevel() on ptolemy.moml.MoMLSimpleApplication@146277bd
reloadAllAccessors: .GuardNotEvaluated2

===========================================================================================
----------------- testing Mon Jul 09 01:39:34 UTC 2018 /home/travis/build/icyphy/ptII/ptolemy/domains/modal/test/auto/GuardOnAbsent.xml
----------------- Instantiating /home/travis/build/icyphy/ptII/ptolemy/domains/modal/test/auto/GuardOnAbsent.xml
12 ms. Memory: 577536K Free: 418986K (73%)
----------------- Invoking toplevel() on ptolemy.moml.MoMLSimpleApplication@254ef00a
----------------- Done invoking toplevel() on ptolemy.moml.MoMLSimpleApplication@254ef00a
reloadAllAccessors: .GuardOnAbsent

===========================================================================================
----------------- testing Mon Jul 09 01:39:34 UTC 2018 /home/travis/build/icyphy/ptII/ptolemy/domains/modal/test/auto/HierarchicalFSMTypeInference.xml
----------------- Instantiating /home/travis/build/icyphy/ptII/ptolemy/domains/modal/test/auto/HierarchicalFSMTypeInference.xml
7 ms. Memory: 577536K Free: 402730K (70%)
----------------- Invoking toplevel() on ptolemy.moml.MoMLSimpleApplication@12f34b81
----------------- Done invoking toplevel() on ptolemy.moml.MoMLSimpleApplication@12f34b81
reloadAllAccessors: .HierarchicalFSMTypeInference

===========================================================================================
----------------- testing Mon Jul 09 01:39:34 UTC 2018 /home/travis/build/icyphy/ptII/ptolemy/domains/modal/test/auto/Hysteresis.xml
----------------- Instantiating /home/travis/build/icyphy/ptII/ptolemy/domains/modal/test/auto/Hysteresis.xml
9 ms. Memory: 577536K Free: 380974K (66%)
----------------- Invoking toplevel() on ptolemy.moml.MoMLSimpleApplication@67a7c9d8
----------------- Done invoking toplevel() on ptolemy.moml.MoMLSimpleApplication@67a7c9d8
reloadAllAccessors: .Hysteresis

===========================================================================================
----------------- testing Mon Jul 09 01:39:34 UTC 2018 /home/travis/build/icyphy/ptII/ptolemy/domains/modal/test/auto/HysteresisWithDefault.xml
----------------- Instantiating /home/travis/build/icyphy/ptII/ptolemy/domains/modal/test/auto/HysteresisWithDefault.xml
32 ms. Memory: 577536K Free: 354929K (61%)
----------------- Invoking toplevel() on ptolemy.moml.MoMLSimpleApplication@51ee4f01
----------------- Done invoking toplevel() on ptolemy.moml.MoMLSimpleApplication@51ee4f01
reloadAllAccessors: .HysteresisWithDefault

===========================================================================================
----------------- testing Mon Jul 09 01:39:34 UTC 2018 /home/travis/build/icyphy/ptII/ptolemy/domains/modal/test/auto/HysteresisWithDefault2.xml
----------------- Instantiating /home/travis/build/icyphy/ptII/ptolemy/domains/modal/test/auto/HysteresisWithDefault2.xml
40 ms. Memory: 577536K Free: 322370K (56%)
----------------- Invoking toplevel() on ptolemy.moml.MoMLSimpleApplication@3b439d2c
----------------- Done invoking toplevel() on ptolemy.moml.MoMLSimpleApplication@3b439d2c
reloadAllAccessors: .HysteresisWithDefault2

===========================================================================================
----------------- testing Mon Jul 09 01:39:34 UTC 2018 /home/travis/build/icyphy/ptII/ptolemy/domains/modal/test/auto/ImmediateNonConstructiveness.xml
----------------- Instantiating /home/travis/build/icyphy/ptII/ptolemy/domains/modal/test/auto/ImmediateNonConstructiveness.xml
3 ms. Memory: 577536K Free: 310402K (54%)
----------------- Invoking toplevel() on ptolemy.moml.MoMLSimpleApplication@1f83d220
----------------- Done invoking toplevel() on ptolemy.moml.MoMLSimpleApplication@1f83d220
reloadAllAccessors: .ImmediateNonConstructiveness

===========================================================================================
----------------- testing Mon Jul 09 01:39:34 UTC 2018 /home/travis/build/icyphy/ptII/ptolemy/domains/modal/test/auto/ImmediateNonConstructiveness2.xml
----------------- Instantiating /home/travis/build/icyphy/ptII/ptolemy/domains/modal/test/auto/ImmediateNonConstructiveness2.xml
2 ms. Memory: 577536K Free: 300637K (52%)
----------------- Invoking toplevel() on ptolemy.moml.MoMLSimpleApplication@740a7b6f
----------------- Done invoking toplevel() on ptolemy.moml.MoMLSimpleApplication@740a7b6f
reloadAllAccessors: .ImmediateNonConstructiveness2

===========================================================================================
----------------- testing Mon Jul 09 01:39:34 UTC 2018 /home/travis/build/icyphy/ptII/ptolemy/domains/modal/test/auto/ImmediateTransitionReset.xml
----------------- Instantiating /home/travis/build/icyphy/ptII/ptolemy/domains/modal/test/auto/ImmediateTransitionReset.xml
6 ms. Memory: 577536K Free: 282154K (49%)
----------------- Invoking toplevel() on ptolemy.moml.MoMLSimpleApplication@7221363d
----------------- Done invoking toplevel() on ptolemy.moml.MoMLSimpleApplication@7221363d
reloadAllAccessors: .ImmediateTransitionReset

===========================================================================================
----------------- testing Mon Jul 09 01:39:34 UTC 2018 /home/travis/build/icyphy/ptII/ptolemy/domains/modal/test/auto/ImmediateTransitions1.xml
----------------- Instantiating /home/travis/build/icyphy/ptII/ptolemy/domains/modal/test/auto/ImmediateTransitions1.xml
1 ms. Memory: 577536K Free: 272389K (47%)
----------------- Invoking toplevel() on ptolemy.moml.MoMLSimpleApplication@1f19f6
----------------- Done invoking toplevel() on ptolemy.moml.MoMLSimpleApplication@1f19f6
reloadAllAccessors: .ImmediateTransitions1

===========================================================================================
----------------- testing Mon Jul 09 01:39:34 UTC 2018 /home/travis/build/icyphy/ptII/ptolemy/domains/modal/test/auto/ImmediateTransitionsInstantaneousCommunication.xml
----------------- Instantiating /home/travis/build/icyphy/ptII/ptolemy/domains/modal/test/auto/ImmediateTransitionsInstantaneousCommunication.xml
5 ms. Memory: 577536K Free: 256126K (44%)
----------------- Invoking toplevel() on ptolemy.moml.MoMLSimpleApplication@30af904c
----------------- Done invoking toplevel() on ptolemy.moml.MoMLSimpleApplication@30af904c
reloadAllAccessors: .ImmediateTransitionsInstantaneousCommunication

===========================================================================================
----------------- testing Mon Jul 09 01:39:34 UTC 2018 /home/travis/build/icyphy/ptII/ptolemy/domains/modal/test/auto/InitialImmediateTransition.xml
----------------- Instantiating /home/travis/build/icyphy/ptII/ptolemy/domains/modal/test/auto/InitialImmediateTransition.xml
3 ms. Memory: 577536K Free: 244142K (42%)
----------------- Invoking toplevel() on ptolemy.moml.MoMLSimpleApplication@5623ee92
----------------- Done invoking toplevel() on ptolemy.moml.MoMLSimpleApplication@5623ee92
reloadAllAccessors: .InitialImmediateTransition

===========================================================================================
----------------- testing Mon Jul 09 01:39:34 UTC 2018 /home/travis/build/icyphy/ptII/ptolemy/domains/modal/test/auto/InitialOutputs.xml
----------------- Instantiating /home/travis/build/icyphy/ptII/ptolemy/domains/modal/test/auto/InitialOutputs.xml
2 ms. Memory: 577536K Free: 234377K (41%)
----------------- Invoking toplevel() on ptolemy.moml.MoMLSimpleApplication@c61b2e7
----------------- Done invoking toplevel() on ptolemy.moml.MoMLSimpleApplication@c61b2e7
reloadAllAccessors: .InitialOutputs

===========================================================================================
----------------- testing Mon Jul 09 01:39:34 UTC 2018 /home/travis/build/icyphy/ptII/ptolemy/domains/modal/test/auto/InitialStateTransition1.xml
----------------- Instantiating /home/travis/build/icyphy/ptII/ptolemy/domains/modal/test/auto/InitialStateTransition1.xml
2 ms. Memory: 577536K Free: 221371K (38%)
----------------- Invoking toplevel() on ptolemy.moml.MoMLSimpleApplication@2b53a347
----------------- Done invoking toplevel() on ptolemy.moml.MoMLSimpleApplication@2b53a347
reloadAllAccessors: .InitialStateTransition1

===========================================================================================
----------------- testing Mon Jul 09 01:39:34 UTC 2018 /home/travis/build/icyphy/ptII/ptolemy/domains/modal/test/auto/InitialStateTransition2.xml
----------------- Instantiating /home/travis/build/icyphy/ptII/ptolemy/domains/modal/test/auto/InitialStateTransition2.xml
.InitialStateTransition2.TestExceptionAttributeNonConstructive: initialize() was not invoked, but wrapup() was.  This is unusual, but not always a problem.  For example, exporting JNLP will do this.
2 ms. Memory: 577536K Free: 206154K (36%)
----------------- Invoking toplevel() on ptolemy.moml.MoMLSimpleApplication@40c1ab0d
----------------- Done invoking toplevel() on ptolemy.moml.MoMLSimpleApplication@40c1ab0d
reloadAllAccessors: .InitialStateTransition2

===========================================================================================
----------------- testing Mon Jul 09 01:39:34 UTC 2018 /home/travis/build/icyphy/ptII/ptolemy/domains/modal/test/auto/InitialStateTransition3.xml
----------------- Instantiating /home/travis/build/icyphy/ptII/ptolemy/domains/modal/test/auto/InitialStateTransition3.xml
4 ms. Memory: 577536K Free: 193140K (33%)
----------------- Invoking toplevel() on ptolemy.moml.MoMLSimpleApplication@5dd34596
----------------- Done invoking toplevel() on ptolemy.moml.MoMLSimpleApplication@5dd34596
reloadAllAccessors: .InitialStateTransition3

===========================================================================================
----------------- testing Mon Jul 09 01:39:34 UTC 2018 /home/travis/build/icyphy/ptII/ptolemy/domains/modal/test/auto/InitialStateTransition4.xml
----------------- Instantiating /home/travis/build/icyphy/ptII/ptolemy/domains/modal/test/auto/InitialStateTransition4.xml
3 ms. Memory: 577536K Free: 180142K (31%)
----------------- Invoking toplevel() on ptolemy.moml.MoMLSimpleApplication@2f23676b
----------------- Done invoking toplevel() on ptolemy.moml.MoMLSimpleApplication@2f23676b
[...]
----------------- Done invoking toplevel() on ptolemy.moml.MoMLSimpleApplication@4b729e8e
reloadAllAccessors: .TerminationTransition3

===========================================================================================
----------------- testing Mon Jul 09 01:39:36 UTC 2018 /home/travis/build/icyphy/ptII/ptolemy/domains/modal/test/auto/TerminationTransition4.xml
----------------- Instantiating /home/travis/build/icyphy/ptII/ptolemy/domains/modal/test/auto/TerminationTransition4.xml
3 ms. Memory: 870400K Free: 78830K (9%)
----------------- Invoking toplevel() on ptolemy.moml.MoMLSimpleApplication@4ad511da
----------------- Done invoking toplevel() on ptolemy.moml.MoMLSimpleApplication@4ad511da
reloadAllAccessors: .TerminationTransition4

===========================================================================================
----------------- testing Mon Jul 09 01:39:36 UTC 2018 /home/travis/build/icyphy/ptII/ptolemy/domains/modal/test/auto/TerminationTransition5.xml
----------------- Instantiating /home/travis/build/icyphy/ptII/ptolemy/domains/modal/test/auto/TerminationTransition5.xml
2 ms. Memory: 870400K Free: 838068K (96%)
----------------- Invoking toplevel() on ptolemy.moml.MoMLSimpleApplication@2aa1f353
----------------- Done invoking toplevel() on ptolemy.moml.MoMLSimpleApplication@2aa1f353
reloadAllAccessors: .TerminationTransition5

===========================================================================================
----------------- testing Mon Jul 09 01:39:36 UTC 2018 /home/travis/build/icyphy/ptII/ptolemy/domains/modal/test/auto/TerminationTransition6.xml
----------------- Instantiating /home/travis/build/icyphy/ptII/ptolemy/domains/modal/test/auto/TerminationTransition6.xml
1 ms. Memory: 870400K Free: 820569K (94%)
----------------- Invoking toplevel() on ptolemy.moml.MoMLSimpleApplication@3b2deb42
----------------- Done invoking toplevel() on ptolemy.moml.MoMLSimpleApplication@3b2deb42
reloadAllAccessors: .TerminationTransition6

===========================================================================================
----------------- testing Mon Jul 09 01:39:36 UTC 2018 /home/travis/build/icyphy/ptII/ptolemy/domains/modal/test/auto/TerminationTransition7.xml
----------------- Instantiating /home/travis/build/icyphy/ptII/ptolemy/domains/modal/test/auto/TerminationTransition7.xml
3 ms. Memory: 870400K Free: 804841K (92%)
----------------- Invoking toplevel() on ptolemy.moml.MoMLSimpleApplication@274cc4e5
----------------- Done invoking toplevel() on ptolemy.moml.MoMLSimpleApplication@274cc4e5
reloadAllAccessors: .TerminationTransition7

===========================================================================================
----------------- testing Mon Jul 09 01:39:36 UTC 2018 /home/travis/build/icyphy/ptII/ptolemy/domains/modal/test/auto/TerminationTransition8.xml
----------------- Instantiating /home/travis/build/icyphy/ptII/ptolemy/domains/modal/test/auto/TerminationTransition8.xml
2 ms. Memory: 870400K Free: 787341K (90%)
----------------- Invoking toplevel() on ptolemy.moml.MoMLSimpleApplication@ef358e0
----------------- Done invoking toplevel() on ptolemy.moml.MoMLSimpleApplication@ef358e0
reloadAllAccessors: .TerminationTransition8

===========================================================================================
----------------- testing Mon Jul 09 01:39:36 UTC 2018 /home/travis/build/icyphy/ptII/ptolemy/domains/modal/test/auto/Thermostat_NoHysteresis.xml
----------------- Instantiating /home/travis/build/icyphy/ptII/ptolemy/domains/modal/test/auto/Thermostat_NoHysteresis.xml
25 ms. Memory: 870400K Free: 756114K (87%)
----------------- Invoking toplevel() on ptolemy.moml.MoMLSimpleApplication@46052377
----------------- Done invoking toplevel() on ptolemy.moml.MoMLSimpleApplication@46052377
reloadAllAccessors: .Thermostat_NoHysteresis

===========================================================================================
----------------- testing Mon Jul 09 01:39:36 UTC 2018 /home/travis/build/icyphy/ptII/ptolemy/domains/modal/test/auto/TimedFSM.xml
----------------- Instantiating /home/travis/build/icyphy/ptII/ptolemy/domains/modal/test/auto/TimedFSM.xml
7 ms. Memory: 870400K Free: 738630K (85%)
----------------- Invoking toplevel() on ptolemy.moml.MoMLSimpleApplication@992166f
----------------- Done invoking toplevel() on ptolemy.moml.MoMLSimpleApplication@992166f
reloadAllAccessors: .TimedFSM

===========================================================================================
----------------- testing Mon Jul 09 01:39:36 UTC 2018 /home/travis/build/icyphy/ptII/ptolemy/domains/modal/test/auto/Timeout1.xml
----------------- Instantiating /home/travis/build/icyphy/ptII/ptolemy/domains/modal/test/auto/Timeout1.xml
2 ms. Memory: 870400K Free: 728226K (84%)
----------------- Invoking toplevel() on ptolemy.moml.MoMLSimpleApplication@3aa1ec36
----------------- Done invoking toplevel() on ptolemy.moml.MoMLSimpleApplication@3aa1ec36
reloadAllAccessors: .Timeout1

===========================================================================================
----------------- testing Mon Jul 09 01:39:36 UTC 2018 /home/travis/build/icyphy/ptII/ptolemy/domains/modal/test/auto/Timeout2.xml
----------------- Instantiating /home/travis/build/icyphy/ptII/ptolemy/domains/modal/test/auto/Timeout2.xml
5 ms. Memory: 870400K Free: 710726K (82%)
----------------- Invoking toplevel() on ptolemy.moml.MoMLSimpleApplication@21b1dd2c
----------------- Done invoking toplevel() on ptolemy.moml.MoMLSimpleApplication@21b1dd2c
reloadAllAccessors: .Timeout2

===========================================================================================
----------------- testing Mon Jul 09 01:39:36 UTC 2018 /home/travis/build/icyphy/ptII/ptolemy/domains/modal/test/auto/Timeout3.xml
----------------- Instantiating /home/travis/build/icyphy/ptII/ptolemy/domains/modal/test/auto/Timeout3.xml
1 ms. Memory: 870400K Free: 700323K (80%)
----------------- Invoking toplevel() on ptolemy.moml.MoMLSimpleApplication@2373ff2
----------------- Done invoking toplevel() on ptolemy.moml.MoMLSimpleApplication@2373ff2
reloadAllAccessors: .Timeout3

===========================================================================================
----------------- testing Mon Jul 09 01:39:36 UTC 2018 /home/travis/build/icyphy/ptII/ptolemy/domains/modal/test/auto/Timeout4.xml
----------------- Instantiating /home/travis/build/icyphy/ptII/ptolemy/domains/modal/test/auto/Timeout4.xml
2 ms. Memory: 870400K Free: 688041K (79%)
----------------- Invoking toplevel() on ptolemy.moml.MoMLSimpleApplication@20c5c32f
----------------- Done invoking toplevel() on ptolemy.moml.MoMLSimpleApplication@20c5c32f
reloadAllAccessors: .Timeout4

===========================================================================================
----------------- testing Mon Jul 09 01:39:36 UTC 2018 /home/travis/build/icyphy/ptII/ptolemy/domains/modal/test/auto/TransientstateModelAdvanced.xml
----------------- Instantiating /home/travis/build/icyphy/ptII/ptolemy/domains/modal/test/auto/TransientstateModelAdvanced.xml
3 ms. Memory: 870400K Free: 667217K (77%)
----------------- Invoking toplevel() on ptolemy.moml.MoMLSimpleApplication@1cfa26cf
----------------- Done invoking toplevel() on ptolemy.moml.MoMLSimpleApplication@1cfa26cf
reloadAllAccessors: .TransientstateModelAdvanced

===========================================================================================
----------------- testing Mon Jul 09 01:39:36 UTC 2018 /home/travis/build/icyphy/ptII/ptolemy/domains/modal/test/auto/TransientstateModelAdvanced2.xml
----------------- Instantiating /home/travis/build/icyphy/ptII/ptolemy/domains/modal/test/auto/TransientstateModelAdvanced2.xml
3 ms. Memory: 870400K Free: 644531K (74%)
----------------- Invoking toplevel() on ptolemy.moml.MoMLSimpleApplication@26a46b5
----------------- Done invoking toplevel() on ptolemy.moml.MoMLSimpleApplication@26a46b5
reloadAllAccessors: .transientstatemodelAdvanced

===========================================================================================
----------------- testing Mon Jul 09 01:39:36 UTC 2018 /home/travis/build/icyphy/ptII/ptolemy/domains/modal/test/auto/TransitionRefinements.xml
----------------- Instantiating /home/travis/build/icyphy/ptII/ptolemy/domains/modal/test/auto/TransitionRefinements.xml
6 ms. Memory: 870400K Free: 628910K (72%)
----------------- Invoking toplevel() on ptolemy.moml.MoMLSimpleApplication@3a240504
----------------- Done invoking toplevel() on ptolemy.moml.MoMLSimpleApplication@3a240504
reloadAllAccessors: .TransitionRefinements

===========================================================================================
----------------- testing Mon Jul 09 01:39:36 UTC 2018 /home/travis/build/icyphy/ptII/ptolemy/domains/modal/test/auto/TwoRefinements1.xml
----------------- Instantiating /home/travis/build/icyphy/ptII/ptolemy/domains/modal/test/auto/TwoRefinements1.xml
3 ms. Memory: 870400K Free: 611426K (70%)
----------------- Invoking toplevel() on ptolemy.moml.MoMLSimpleApplication@5557177b
----------------- Done invoking toplevel() on ptolemy.moml.MoMLSimpleApplication@5557177b
reloadAllAccessors: .TwoRefinements1

===========================================================================================
----------------- testing Mon Jul 09 01:39:36 UTC 2018 /home/travis/build/icyphy/ptII/ptolemy/domains/modal/test/auto/TwoRefinements2.xml
----------------- Instantiating /home/travis/build/icyphy/ptII/ptolemy/domains/modal/test/auto/TwoRefinements2.xml
3 ms. Memory: 870400K Free: 595820K (68%)
----------------- Invoking toplevel() on ptolemy.moml.MoMLSimpleApplication@86a3a8
----------------- Done invoking toplevel() on ptolemy.moml.MoMLSimpleApplication@86a3a8
reloadAllAccessors: .TwoRefinements2

===========================================================================================
----------------- testing Mon Jul 09 01:39:36 UTC 2018 /home/travis/build/icyphy/ptII/ptolemy/domains/modal/test/auto/WeakImmediateTransition.xml
----------------- Instantiating /home/travis/build/icyphy/ptII/ptolemy/domains/modal/test/auto/WeakImmediateTransition.xml
5 ms. Memory: 870400K Free: 580198K (67%)
----------------- Invoking toplevel() on ptolemy.moml.MoMLSimpleApplication@44ab13b8
----------------- Done invoking toplevel() on ptolemy.moml.MoMLSimpleApplication@44ab13b8
reloadAllAccessors: .WeakImmediateTransition

===========================================================================================
----------------- testing Mon Jul 09 01:39:36 UTC 2018 /home/travis/build/icyphy/ptII/ptolemy/domains/modal/test/auto/booleanSelect.xml
----------------- Instantiating /home/travis/build/icyphy/ptII/ptolemy/domains/modal/test/auto/booleanSelect.xml
30 ms. Memory: 870400K Free: 552263K (63%)
----------------- Invoking toplevel() on ptolemy.moml.MoMLSimpleApplication@3efa3cfb
----------------- Done invoking toplevel() on ptolemy.moml.MoMLSimpleApplication@3efa3cfb
reloadAllAccessors: .booleanSelect

===========================================================================================
----------------- testing Mon Jul 09 01:39:36 UTC 2018 /home/travis/build/icyphy/ptII/ptolemy/domains/modal/test/auto/modalChangingParams.xml
----------------- Instantiating /home/travis/build/icyphy/ptII/ptolemy/domains/modal/test/auto/modalChangingParams.xml
0
1
0
2
4
6
8
7
0
2
4
6
8
13
0
2
4
6
8
19
0
2
4
6
8
25
0
2
4
6
8
31
0
2
4
6
8
37
0
2
4
6
8
43
0
2
4
6
8
49
0
2
4
6
8
55
0
2
4
6
8
61
0
2
4
6
8
67
0
2
4
6
8
73
0
2
4
6
8
79
0
2
4
6
8
85
0
2
4
6
8
91
0
2
4
6
8
97
0
2
4
6
8
103
0
2
4
6
8
109
0
2
4
6
8
115
0
2
4
6
8
121
0
2
4
6
8
127
0
2
4
6
8
133
0
2
4
6
8
139
0
2
4
6
8
145
0
2
4
6
8
151
0
2
4
6
8
157
0
2
4
6
8
163
0
2
4
6
8
169
0
2
4
6
8
175
0
2
4
6
8
181
0
2
4
6
8
187
0
2
4
6
8
193
0
2
4
6
8
199
0
2
4
6
8
205
0
2
4
6
8
211
0
2
4
6
8
217
0
2
4
6
8
223
0
2
4
6
8
229
0
2
4
6
8
235
0
2
4
6
8
241
0
2
4
6
8
247
0
2
4
6
8
253
0
2
4
6
8
259
0
2
4
6
8
265
0
2
4
6
8
271
0
2
4
6
8
277
0
2
4
6
8
283
0
2
4
6
8
289
0
2
4
6
8
295
0
2
4
6
8
301
0
2
4
6
8
307
0
2
4
6
8
313
0
2
4
6
8
319
0
2
4
6
8
325
0
2
4
6
8
331
0
2
4
6
8
337
0
2
4
6
8
343
0
2
4
6
8
349
0
2
4
6
8
355
0
2
4
6
8
361
0
2
4
6
8
367
0
2
4
6
8
373
0
2
4
6
8
379
0
2
4
6
8
385
0
2
4
6
8
391
0
2
4
6
8
397
0
2
4
6
8
403
0
2
4
6
8
409
0
2
4
6
8
415
0
2
4
6
8
421
0
2
4
6
8
427
0
2
4
6
8
433
0
2
4
6
8
439
0
2
4
6
8
445
0
2
4
6
8
451
0
2
4
6
8
457
0
2
4
6
8
463
0
2
4
6
8
469
0
2
4
6
8
475
0
2
4
6
8
481
0
2
4
6
8
487
0
2
4
6
8
493
0
2
4
6
8
499
0
2
4
6
8
505
0
2
4
6
8
511
0
2
4
6
8
517
0
2
4
6
8
523
0
2
4
6
8
529
0
2
4
6
8
535
0
2
4
6
8
541
0
2
4
6
8
547
0
2
4
6
8
553
0
2
4
6
8
559
0
2
4
6
8
565
0
2
4
6
8
571
0
2
4
6
8
577
0
2
4
6
8
583
0
2
4
6
8
589
0
2
4
6
8
595
0
2
4
6
8
601
0
2
4
6
8
607
0
2
4
6
8
613
0
2
4
6
8
619
0
2
4
6
8
625
0
2
4
6
8
631
0
2
4
6
8
637
0
2
4
6
8
643
0
2
4
6
8
649
0
2
4
6
8
655
0
2
4
6
8
661
0
2
4
6
8
667
0
2
4
6
8
673
0
2
4
6
8
679
0
2
4
6
8
685
0
2
4
6
8
691
0
2
4
6
8
697
0
2
4
6
8
703
0
2
4
6
8
709
0
2
4
6
8
715
0
2
4
6
8
721
0
2
4
6
8
727
0
2
4
6
8
733
0
2
4
6
8
739
0
2
4
6
8
745
0
2
4
6
8
751
0
2
4
6
8
757
0
2
4
6
8
763
0
2
4
6
8
769
0
2
4
6
8
775
0
2
4
6
8
781
0
2
4
6
8
787
0
2
4
6
8
793
0
2
4
6
8
799
0
2
4
6
8
805
0
2
4
6
8
811
0
2
4
6
8
817
0
2
4
6
8
823
0
2
4
6
8
829
0
2
4
6
8
835
0
2
4
6
8
841
0
2
4
6
8
847
0
2
4
6
8
853
0
2
4
6
8
859
0
2
4
6
8
865
0
2
4
6
8
871
0
2
4
6
8
877
0
2
4
6
8
883
0
2
4
6
8
889
0
2
4
6
8
895
0
2
4
6
8
901
0
2
4
6
8
907
0
2
4
6
8
913
0
2
4
6
8
919
0
2
4
6
8
925
0
2
4
6
8
931
0
2
4
6
8
937
0
2
4
6
8
943
0
2
4
6
8
949
0
2
4
6
8
955
0
2
4
6
8
961
0
2
4
6
8
967
0
2
4
6
8
973
0
2
4
6
8
979
0
2
4
6
8
985
0
2
4
6
8
991
0
2
4
6
8
997
0
2
213 ms. Memory: 870400K Free: 432441K (50%)
----------------- Invoking toplevel() on ptolemy.moml.MoMLSimpleApplication@b187d6d
----------------- Done invoking toplevel() on ptolemy.moml.MoMLSimpleApplication@b187d6d
reloadAllAccessors: .modalChangingParams

===========================================================================================
----------------- testing Mon Jul 09 01:39:37 UTC 2018 /home/travis/build/icyphy/ptII/ptolemy/domains/modal/test/auto/modalModel.xml
----------------- Instantiating /home/travis/build/icyphy/ptII/ptolemy/domains/modal/test/auto/modalModel.xml
12 ms. Memory: 870400K Free: 414942K (48%)
----------------- Invoking toplevel() on ptolemy.moml.MoMLSimpleApplication@105de783
----------------- Done invoking toplevel() on ptolemy.moml.MoMLSimpleApplication@105de783
reloadAllAccessors: .modalModel

===========================================================================================
----------------- testing Mon Jul 09 01:39:37 UTC 2018 /home/travis/build/icyphy/ptII/ptolemy/domains/modal/test/auto/modalModel2.xml
----------------- Instantiating /home/travis/build/icyphy/ptII/ptolemy/domains/modal/test/auto/modalModel2.xml
9 ms. Memory: 870400K Free: 399336K (46%)
----------------- Invoking toplevel() on ptolemy.moml.MoMLSimpleApplication@10123590
----------------- Done invoking toplevel() on ptolemy.moml.MoMLSimpleApplication@10123590
reloadAllAccessors: .modalModel2

===========================================================================================
----------------- testing Mon Jul 09 01:39:37 UTC 2018 /home/travis/build/icyphy/ptII/ptolemy/domains/modal/test/auto/modalModel3.xml
----------------- Instantiating /home/travis/build/icyphy/ptII/ptolemy/domains/modal/test/auto/modalModel3.xml
0	0	0
3	2	1
6	4	2
9	6	3
4	0	4
7	2	5
10	4	6
13	6	7
8	0	8
11	2	9
14	4	10
17	6	11
12	0	12
15	2	13
18	4	14
13 ms. Memory: 870400K Free: 376634K (43%)
----------------- Invoking toplevel() on ptolemy.moml.MoMLSimpleApplication@71ac9bbc
----------------- Done invoking toplevel() on ptolemy.moml.MoMLSimpleApplication@71ac9bbc
reloadAllAccessors: .modalModel3

===========================================================================================
----------------- testing Mon Jul 09 01:39:37 UTC 2018 /home/travis/build/icyphy/ptII/ptolemy/domains/modal/test/auto/model1.xml
----------------- Instantiating /home/travis/build/icyphy/ptII/ptolemy/domains/modal/test/auto/model1.xml
10 ms. Memory: 870400K Free: 366230K (42%)
----------------- Invoking toplevel() on ptolemy.moml.MoMLSimpleApplication@fb3e26b
----------------- Done invoking toplevel() on ptolemy.moml.MoMLSimpleApplication@fb3e26b
reloadAllAccessors: .model1

===========================================================================================
----------------- testing Mon Jul 09 01:39:37 UTC 2018 /home/travis/build/icyphy/ptII/ptolemy/domains/modal/test/auto/test-direct-in-out.xml
----------------- Instantiating /home/travis/build/icyphy/ptII/ptolemy/domains/modal/test/auto/test-direct-in-out.xml
5 ms. Memory: 870400K Free: 348731K (40%)
----------------- Invoking toplevel() on ptolemy.moml.MoMLSimpleApplication@28211225
----------------- Done invoking toplevel() on ptolemy.moml.MoMLSimpleApplication@28211225
reloadAllAccessors: .test-direct-in-out
AutoTests.java: About to close Vertx.
AutoTests.java: Vertx closed.
]]></system-out>
  <system-err><![CDATA[java.lang.RuntimeException: Execution failed
	at ptolemy.moml.MoMLSimpleApplication$UnloadThread.run(MoMLSimpleApplication.java:402)
Caused by: ptolemy.kernel.util.IllegalActionException: Unknown inputs remain. Possible causality loop:
L_model_1893289564i

  in .CannotAnalysisWithPreemption.model_1893289564_region_1 and .CannotAnalysisWithPreemption.model_1893289564_region_1.L_model_1893289564i
	at ptolemy.actor.sched.FixedPointDirector.postfire(FixedPointDirector.java:515)
	at ptolemy.domains.sr.kernel.SRDirector.postfire(SRDirector.java:417)
	at ptolemy.actor.CompositeActor.postfire(CompositeActor.java:1668)
	at ptolemy.actor.Manager.iterate(Manager.java:852)
	at ptolemy.actor.Manager.execute(Manager.java:369)
	at ptolemy.actor.Manager.run(Manager.java:1263)
	at ptolemy.actor.Manager$PtolemyRunThread.run(Manager.java:1915)
java.lang.reflect.InvocationTargetException
	at sun.reflect.NativeConstructorAccessorImpl.newInstance0(Native Method)
	at sun.reflect.NativeConstructorAccessorImpl.newInstance(NativeConstructorAccessorImpl.java:62)
	at sun.reflect.DelegatingConstructorAccessorImpl.newInstance(DelegatingConstructorAccessorImpl.java:45)
	at java.lang.reflect.Constructor.newInstance(Constructor.java:423)
	at ptolemy.util.test.junit.AutoKnownFailedTests.RunModel(AutoKnownFailedTests.java:107)
	at sun.reflect.NativeMethodAccessorImpl.invoke0(Native Method)
	at sun.reflect.NativeMethodAccessorImpl.invoke(NativeMethodAccessorImpl.java:62)
	at sun.reflect.DelegatingMethodAccessorImpl.invoke(DelegatingMethodAccessorImpl.java:43)
	at java.lang.reflect.Method.invoke(Method.java:498)
	at org.junit.runners.model.FrameworkMethod$1.runReflectiveCall(FrameworkMethod.java:44)
	at org.junit.internal.runners.model.ReflectiveCallable.run(ReflectiveCallable.java:15)
	at org.junit.runners.model.FrameworkMethod.invokeExplosively(FrameworkMethod.java:41)
	at junitparams.internal.InvokeParameterisedMethod.evaluate(InvokeParameterisedMethod.java:102)
	at org.junit.internal.runners.statements.FailOnTimeout$1.run(FailOnTimeout.java:28)
Caused by: ptolemy.kernel.util.IllegalActionException: Unknown inputs remain. Possible causality loop:
L_model_1893289564i

  in .CannotAnalysisWithPreemption.model_1893289564_region_1 and .CannotAnalysisWithPreemption.model_1893289564_region_1.L_model_1893289564i
	at ptolemy.actor.sched.FixedPointDirector.postfire(FixedPointDirector.java:515)
	at ptolemy.domains.sr.kernel.SRDirector.postfire(SRDirector.java:417)
	at ptolemy.actor.CompositeActor.postfire(CompositeActor.java:1668)
	at ptolemy.actor.Manager.iterate(Manager.java:852)
	at ptolemy.actor.Manager.execute(Manager.java:369)
	at ptolemy.actor.Manager.run(Manager.java:1263)
	at ptolemy.actor.Manager$PtolemyRunThread.run(Manager.java:1915)
]]></system-err>
</testsuite>
