<?xml version="1.0" encoding="UTF-8" ?>
<testsuite errors="0" failures="0" hostname="travis-job-302f1bc8-8b8e-4d70-91b3-342ca3c67202" name="ptolemy.domains.hdf.kernel.test.junit.JUnitTclTest" skipped="0" tests="39" time="6.532" timestamp="2019-07-10T17:48:17">
  <properties>
[...]
</properties>
  <testcase classname="ptolemy.util.test.junit.TclTests" name="[0] /home/travis/build/icyphy/ptII/ptolemy/domains/hdf/kernel/test/RateErrorChecking.tcl (RunTclFile)" time="0.194" />
  <testcase classname="ptolemy.util.test.junit.AutoKnownFailedTests" name="[0] /home/travis/build/icyphy/ptII/ptolemy/domains/hdf/kernel/test/auto/knownFailedTests/badFSMRateChanges.xml (RunModel)" time="0.765" />
  <testcase classname="ptolemy.util.test.junit.AutoNameArchTests" name="[0] ThereAreNoAutoArchTests (RunModel)" time="0.003" />
  <testcase classname="ptolemy.util.test.junit.AutoTests" name="[0] /home/travis/build/icyphy/ptII/ptolemy/domains/hdf/kernel/test/auto/ConstVariableRateTest.xml (RunModel)" time="0.246" />
  <testcase classname="ptolemy.util.test.junit.AutoTests" name="[1] /home/travis/build/icyphy/ptII/ptolemy/domains/hdf/kernel/test/auto/DifferentRefinedRates.xml (RunModel)" time="0.147" />
  <testcase classname="ptolemy.util.test.junit.AutoTests" name="[2] /home/travis/build/icyphy/ptII/ptolemy/domains/hdf/kernel/test/auto/DifferentRefinedRates2.xml (RunModel)" time="0.219" />
  <testcase classname="ptolemy.util.test.junit.AutoTests" name="[3] /home/travis/build/icyphy/ptII/ptolemy/domains/hdf/kernel/test/auto/DifferentRefinedRates3.xml (RunModel)" time="0.144" />
  <testcase classname="ptolemy.util.test.junit.AutoTests" name="[4] /home/travis/build/icyphy/ptII/ptolemy/domains/hdf/kernel/test/auto/DifferentRefinedRates4.xml (RunModel)" time="0.154" />
  <testcase classname="ptolemy.util.test.junit.AutoTests" name="[5] /home/travis/build/icyphy/ptII/ptolemy/domains/hdf/kernel/test/auto/DifferentRefinedRates5.xml (RunModel)" time="0.143" />
  <testcase classname="ptolemy.util.test.junit.AutoTests" name="[6] /home/travis/build/icyphy/ptII/ptolemy/domains/hdf/kernel/test/auto/DifferentRefinedRates6.xml (RunModel)" time="0.107" />
  <testcase classname="ptolemy.util.test.junit.AutoTests" name="[7] /home/travis/build/icyphy/ptII/ptolemy/domains/hdf/kernel/test/auto/DownSample_PowerOfTwo.xml (RunModel)" time="0.277" />
  <testcase classname="ptolemy.util.test.junit.AutoTests" name="[8] /home/travis/build/icyphy/ptII/ptolemy/domains/hdf/kernel/test/auto/FibonacciWithNullInitial.xml (RunModel)" time="0.226" />
  <testcase classname="ptolemy.util.test.junit.AutoTests" name="[9] /home/travis/build/icyphy/ptII/ptolemy/domains/hdf/kernel/test/auto/FibonacciWithNullInitial1.xml (RunModel)" time="0.229" />
  <testcase classname="ptolemy.util.test.junit.AutoTests" name="[10] /home/travis/build/icyphy/ptII/ptolemy/domains/hdf/kernel/test/auto/FibonacciWithTransientStates.xml (RunModel)" time="0.18" />
  <testcase classname="ptolemy.util.test.junit.AutoTests" name="[11] /home/travis/build/icyphy/ptII/ptolemy/domains/hdf/kernel/test/auto/FibonacciWithTransientStates2.xml (RunModel)" time="0.124" />
  <testcase classname="ptolemy.util.test.junit.AutoTests" name="[12] /home/travis/build/icyphy/ptII/ptolemy/domains/hdf/kernel/test/auto/FibonacciWithoutHistoryInitial.xml (RunModel)" time="0.14" />
  <testcase classname="ptolemy.util.test.junit.AutoTests" name="[13] /home/travis/build/icyphy/ptII/ptolemy/domains/hdf/kernel/test/auto/GuardUsingPastTokens.xml (RunModel)" time="0.073" />
  <testcase classname="ptolemy.util.test.junit.AutoTests" name="[14] /home/travis/build/icyphy/ptII/ptolemy/domains/hdf/kernel/test/auto/GuardWithResets.xml (RunModel)" time="0.11" />
  <testcase classname="ptolemy.util.test.junit.AutoTests" name="[15] /home/travis/build/icyphy/ptII/ptolemy/domains/hdf/kernel/test/auto/Hierarchy_2Level_Test1.xml (RunModel)" time="0.076" />
  <testcase classname="ptolemy.util.test.junit.AutoTests" name="[16] /home/travis/build/icyphy/ptII/ptolemy/domains/hdf/kernel/test/auto/Hierarchy_2Level_Test2.xml (RunModel)" time="0.081" />
  <testcase classname="ptolemy.util.test.junit.AutoTests" name="[17] /home/travis/build/icyphy/ptII/ptolemy/domains/hdf/kernel/test/auto/Hysteresis.xml (RunModel)" time="0.053" />
  <testcase classname="ptolemy.util.test.junit.AutoTests" name="[18] /home/travis/build/icyphy/ptII/ptolemy/domains/hdf/kernel/test/auto/InitTransient.xml (RunModel)" time="0.085" />
  <testcase classname="ptolemy.util.test.junit.AutoTests" name="[19] /home/travis/build/icyphy/ptII/ptolemy/domains/hdf/kernel/test/auto/Merge.xml (RunModel)" time="0.09" />
  <testcase classname="ptolemy.util.test.junit.AutoTests" name="[20] /home/travis/build/icyphy/ptII/ptolemy/domains/hdf/kernel/test/auto/ModalModelBooleanSwitch.xml (RunModel)" time="0.114" />
  <testcase classname="ptolemy.util.test.junit.AutoTests" name="[21] /home/travis/build/icyphy/ptII/ptolemy/domains/hdf/kernel/test/auto/SameRates.xml (RunModel)" time="0.08" />
  <testcase classname="ptolemy.util.test.junit.AutoTests" name="[22] /home/travis/build/icyphy/ptII/ptolemy/domains/hdf/kernel/test/auto/SameRefinedRates.xml (RunModel)" time="0.07" />
  <testcase classname="ptolemy.util.test.junit.AutoTests" name="[23] /home/travis/build/icyphy/ptII/ptolemy/domains/hdf/kernel/test/auto/SameRefinedRates2.xml (RunModel)" time="0.075" />
  <testcase classname="ptolemy.util.test.junit.AutoTests" name="[24] /home/travis/build/icyphy/ptII/ptolemy/domains/hdf/kernel/test/auto/TransientStates.xml (RunModel)" time="0.075" />
  <testcase classname="ptolemy.util.test.junit.AutoTests" name="[25] /home/travis/build/icyphy/ptII/ptolemy/domains/hdf/kernel/test/auto/TwoHammingCodec.xml (RunModel)" time="0.073" />
  <testcase classname="ptolemy.util.test.junit.AutoTests" name="[26] /home/travis/build/icyphy/ptII/ptolemy/domains/hdf/kernel/test/auto/TwoHammingCodec1.xml (RunModel)" time="0.085" />
  <testcase classname="ptolemy.util.test.junit.AutoTests" name="[27] /home/travis/build/icyphy/ptII/ptolemy/domains/hdf/kernel/test/auto/TwoLevelHierarchy.xml (RunModel)" time="0.203" />
  <testcase classname="ptolemy.util.test.junit.AutoTests" name="[28] /home/travis/build/icyphy/ptII/ptolemy/domains/hdf/kernel/test/auto/TwoLevelHierarchy1.xml (RunModel)" time="0.17" />
  <testcase classname="ptolemy.util.test.junit.AutoTests" name="[29] /home/travis/build/icyphy/ptII/ptolemy/domains/hdf/kernel/test/auto/TwoLevelHierarchy2.xml (RunModel)" time="0.148" />
  <testcase classname="ptolemy.util.test.junit.AutoTests" name="[30] /home/travis/build/icyphy/ptII/ptolemy/domains/hdf/kernel/test/auto/TwoLevelHierarchyNullStates.xml (RunModel)" time="0.187" />
  <testcase classname="ptolemy.util.test.junit.AutoTests" name="[31] /home/travis/build/icyphy/ptII/ptolemy/domains/hdf/kernel/test/auto/TwoLevelHierarchyWithResets.xml (RunModel)" time="0.179" />
  <testcase classname="ptolemy.util.test.junit.AutoTests" name="[32] /home/travis/build/icyphy/ptII/ptolemy/domains/hdf/kernel/test/auto/TwoLevelHierarchyWithResetsNullStates.xml (RunModel)" time="0.187" />
  <testcase classname="ptolemy.util.test.junit.AutoTests" name="[33] /home/travis/build/icyphy/ptII/ptolemy/domains/hdf/kernel/test/auto/WaterTank_HDF.xml (RunModel)" time="0.141" />
  <testcase classname="ptolemy.util.test.junit.AutoTests" name="[34] /home/travis/build/icyphy/ptII/ptolemy/domains/hdf/kernel/test/auto/WaterTank_HDF2.xml (RunModel)" time="0.124" />
  <testcase classname="ptolemy.util.test.junit.AutoTests" name="[35] /home/travis/build/icyphy/ptII/ptolemy/domains/hdf/kernel/test/auto/badFSMRateChanges.xml (RunModel)" time="0.052" />
  <system-out><![CDATA[/home/travis/build/icyphy/ptII/ptolemy/domains/hdf/kernel/test/RateErrorChecking.tcl
testDefs.tcl: setting time out to 9000 seconds at Wed Jul 10 17:48:17 UTC 2019


==== $PTII/ptolemy/domains/hdf/kernel/test/RateErrorChecking.tcl: RateErrorChecking-1.0 
==== Contents of test case:

    catch {createAndExecute "badFSMRateChanges.xml"} foo
    list $foo

==== Result was:
{java.io.FileNotFoundException: /home/travis/build/icyphy/ptII/ptolemy/domains/hdf/kernel/test/badFSMRateChanges.xml (No such file or directory)}
---- KNOWN Failure, Result should have been:
{ptolemy.kernel.util.IllegalActionException: Failed to compute schedule:
  in .badFSMRateChanges.SDF Director
Because:
The SDF rate parameter may change. This is not allowed in SDF models that will be run through the code generator.  If you don't care about code generation, then you might consider setting the allowRateChanges parameter of the SDF director to false.
    in .badFSMRateChanges.typed composite actor.output.tokenProductionRate}
---- RateErrorChecking-1.0 Failed, but this is a KNOWN failure
07/10/19 05:48:17
Failed: 0  Total Tests: 1  ((Passed: 0, Newly Passed: 0)  Known Failed: 1) /home/travis/build/icyphy/ptII/ptolemy/domains/hdf/kernel/test
----------------- testing (KnownFailure) /home/travis/build/icyphy/ptII/ptolemy/domains/hdf/kernel/test/auto/knownFailedTests/badFSMRateChanges.xml
244 ms. Memory: 120832K Free: 96723K (80%)
No auto/linux-amd64/*.xml tests in /home/travis/build/icyphy/ptII/ptolemy/domains/hdf/kernel/test
AutoTests.java: About to close Vertx.
AutoTests.java: Vertx closed.

===========================================================================================
----------------- testing Wed Jul 10 17:48:18 UTC 2019 /home/travis/build/icyphy/ptII/ptolemy/domains/hdf/kernel/test/auto/ConstVariableRateTest.xml
----------------- Instantiating /home/travis/build/icyphy/ptII/ptolemy/domains/hdf/kernel/test/auto/ConstVariableRateTest.xml
39 ms. Memory: 173056K Free: 135762K (78%)
----------------- Invoking toplevel() on ptolemy.moml.MoMLSimpleApplication@7eb42ab4
----------------- Done invoking toplevel() on ptolemy.moml.MoMLSimpleApplication@7eb42ab4
reloadAllAccessors: .ConstVariableRateTest

===========================================================================================
----------------- testing Wed Jul 10 17:48:18 UTC 2019 /home/travis/build/icyphy/ptII/ptolemy/domains/hdf/kernel/test/auto/DifferentRefinedRates.xml
----------------- Instantiating /home/travis/build/icyphy/ptII/ptolemy/domains/hdf/kernel/test/auto/DifferentRefinedRates.xml
75 ms. Memory: 173056K Free: 122450K (71%)
----------------- Invoking toplevel() on ptolemy.moml.MoMLSimpleApplication@3a2dfde8
----------------- Done invoking toplevel() on ptolemy.moml.MoMLSimpleApplication@3a2dfde8
reloadAllAccessors: .DifferentRefinedRates

===========================================================================================
----------------- testing Wed Jul 10 17:48:18 UTC 2019 /home/travis/build/icyphy/ptII/ptolemy/domains/hdf/kernel/test/auto/DifferentRefinedRates2.xml
----------------- Instantiating /home/travis/build/icyphy/ptII/ptolemy/domains/hdf/kernel/test/auto/DifferentRefinedRates2.xml
74 ms. Memory: 173056K Free: 108610K (63%)
----------------- Invoking toplevel() on ptolemy.moml.MoMLSimpleApplication@2992275f
----------------- Done invoking toplevel() on ptolemy.moml.MoMLSimpleApplication@2992275f
reloadAllAccessors: .DifferentRefinedRates2

===========================================================================================
----------------- testing Wed Jul 10 17:48:19 UTC 2019 /home/travis/build/icyphy/ptII/ptolemy/domains/hdf/kernel/test/auto/DifferentRefinedRates3.xml
----------------- Instantiating /home/travis/build/icyphy/ptII/ptolemy/domains/hdf/kernel/test/auto/DifferentRefinedRates3.xml
46 ms. Memory: 173056K Free: 97874K (57%)
----------------- Invoking toplevel() on ptolemy.moml.MoMLSimpleApplication@5dcde5ab
----------------- Done invoking toplevel() on ptolemy.moml.MoMLSimpleApplication@5dcde5ab
reloadAllAccessors: .DifferentRefinedRates3

===========================================================================================
----------------- testing Wed Jul 10 17:48:19 UTC 2019 /home/travis/build/icyphy/ptII/ptolemy/domains/hdf/kernel/test/auto/DifferentRefinedRates4.xml
----------------- Instantiating /home/travis/build/icyphy/ptII/ptolemy/domains/hdf/kernel/test/auto/DifferentRefinedRates4.xml
79 ms. Memory: 173056K Free: 150201K (87%)
----------------- Invoking toplevel() on ptolemy.moml.MoMLSimpleApplication@4b2aa05b
----------------- Done invoking toplevel() on ptolemy.moml.MoMLSimpleApplication@4b2aa05b
reloadAllAccessors: .NewHDFtest1

===========================================================================================
----------------- testing Wed Jul 10 17:48:19 UTC 2019 /home/travis/build/icyphy/ptII/ptolemy/domains/hdf/kernel/test/auto/DifferentRefinedRates5.xml
----------------- Instantiating /home/travis/build/icyphy/ptII/ptolemy/domains/hdf/kernel/test/auto/DifferentRefinedRates5.xml
28 ms. Memory: 173056K Free: 134331K (78%)
----------------- Invoking toplevel() on ptolemy.moml.MoMLSimpleApplication@435817a8
----------------- Done invoking toplevel() on ptolemy.moml.MoMLSimpleApplication@435817a8
reloadAllAccessors: .NewHDFtest2

===========================================================================================
----------------- testing Wed Jul 10 17:48:19 UTC 2019 /home/travis/build/icyphy/ptII/ptolemy/domains/hdf/kernel/test/auto/DifferentRefinedRates6.xml
----------------- Instantiating /home/travis/build/icyphy/ptII/ptolemy/domains/hdf/kernel/test/auto/DifferentRefinedRates6.xml
63 ms. Memory: 173056K Free: 121529K (70%)
----------------- Invoking toplevel() on ptolemy.moml.MoMLSimpleApplication@52037995
----------------- Done invoking toplevel() on ptolemy.moml.MoMLSimpleApplication@52037995
reloadAllAccessors: .DifferentRefinedRates6

===========================================================================================
----------------- testing Wed Jul 10 17:48:19 UTC 2019 /home/travis/build/icyphy/ptII/ptolemy/domains/hdf/kernel/test/auto/DownSample_PowerOfTwo.xml
----------------- Instantiating /home/travis/build/icyphy/ptII/ptolemy/domains/hdf/kernel/test/auto/DownSample_PowerOfTwo.xml
219 ms. Memory: 173056K Free: 97467K (56%)
----------------- Invoking toplevel() on ptolemy.moml.MoMLSimpleApplication@44ae9b18
----------------- Done invoking toplevel() on ptolemy.moml.MoMLSimpleApplication@44ae9b18
reloadAllAccessors: .SDFDownSample

===========================================================================================
----------------- testing Wed Jul 10 17:48:19 UTC 2019 /home/travis/build/icyphy/ptII/ptolemy/domains/hdf/kernel/test/auto/FibonacciWithNullInitial.xml
----------------- Instantiating /home/travis/build/icyphy/ptII/ptolemy/domains/hdf/kernel/test/auto/FibonacciWithNullInitial.xml
168 ms. Memory: 173056K Free: 74939K (43%)
----------------- Invoking toplevel() on ptolemy.moml.MoMLSimpleApplication@496115b4
----------------- Done invoking toplevel() on ptolemy.moml.MoMLSimpleApplication@496115b4
reloadAllAccessors: .FibonacciWithNullInitial

===========================================================================================
----------------- testing Wed Jul 10 17:48:20 UTC 2019 /home/travis/build/icyphy/ptII/ptolemy/domains/hdf/kernel/test/auto/FibonacciWithNullInitial1.xml
----------------- Instantiating /home/travis/build/icyphy/ptII/ptolemy/domains/hdf/kernel/test/auto/FibonacciWithNullInitial1.xml
176 ms. Memory: 173056K Free: 153593K (89%)
----------------- Invoking toplevel() on ptolemy.moml.MoMLSimpleApplication@4b162ad4
----------------- Done invoking toplevel() on ptolemy.moml.MoMLSimpleApplication@4b162ad4
reloadAllAccessors: .FibonacciWithNullInitial1

===========================================================================================
----------------- testing Wed Jul 10 17:48:20 UTC 2019 /home/travis/build/icyphy/ptII/ptolemy/domains/hdf/kernel/test/auto/FibonacciWithTransientStates.xml
----------------- Instantiating /home/travis/build/icyphy/ptII/ptolemy/domains/hdf/kernel/test/auto/FibonacciWithTransientStates.xml
130 ms. Memory: 173056K Free: 127800K (74%)
----------------- Invoking toplevel() on ptolemy.moml.MoMLSimpleApplication@6aafc423
----------------- Done invoking toplevel() on ptolemy.moml.MoMLSimpleApplication@6aafc423
reloadAllAccessors: .FibonacciWithTransientStates

===========================================================================================
----------------- testing Wed Jul 10 17:48:20 UTC 2019 /home/travis/build/icyphy/ptII/ptolemy/domains/hdf/kernel/test/auto/FibonacciWithTransientStates2.xml
----------------- Instantiating /home/travis/build/icyphy/ptII/ptolemy/domains/hdf/kernel/test/auto/FibonacciWithTransientStates2.xml
48 ms. Memory: 173056K Free: 106824K (62%)
----------------- Invoking toplevel() on ptolemy.moml.MoMLSimpleApplication@62c6d0a
----------------- Done invoking toplevel() on ptolemy.moml.MoMLSimpleApplication@62c6d0a
reloadAllAccessors: .FibonacciWithTransientStates2

===========================================================================================
----------------- testing Wed Jul 10 17:48:20 UTC 2019 /home/travis/build/icyphy/ptII/ptolemy/domains/hdf/kernel/test/auto/FibonacciWithoutHistoryInitial.xml
----------------- Instantiating /home/travis/build/icyphy/ptII/ptolemy/domains/hdf/kernel/test/auto/FibonacciWithoutHistoryInitial.xml
93 ms. Memory: 173056K Free: 86344K (50%)
----------------- Invoking toplevel() on ptolemy.moml.MoMLSimpleApplication@583e8107
----------------- Done invoking toplevel() on ptolemy.moml.MoMLSimpleApplication@583e8107
reloadAllAccessors: .FibonacciWithoutHistoryInitial

===========================================================================================
----------------- testing Wed Jul 10 17:48:20 UTC 2019 /home/travis/build/icyphy/ptII/ptolemy/domains/hdf/kernel/test/auto/GuardUsingPastTokens.xml
----------------- Instantiating /home/travis/build/icyphy/ptII/ptolemy/domains/hdf/kernel/test/auto/GuardUsingPastTokens.xml
34 ms. Memory: 173056K Free: 72008K (42%)
----------------- Invoking toplevel() on ptolemy.moml.MoMLSimpleApplication@2b318fb5
----------------- Done invoking toplevel() on ptolemy.moml.MoMLSimpleApplication@2b318fb5
reloadAllAccessors: .GuardUsingPastTokens

===========================================================================================
----------------- testing Wed Jul 10 17:48:20 UTC 2019 /home/travis/build/icyphy/ptII/ptolemy/domains/hdf/kernel/test/auto/GuardWithResets.xml
----------------- Instantiating /home/travis/build/icyphy/ptII/ptolemy/domains/hdf/kernel/test/auto/GuardWithResets.xml
46 ms. Memory: 173056K Free: 155456K (90%)
----------------- Invoking toplevel() on ptolemy.moml.MoMLSimpleApplication@2ad7410
----------------- Done invoking toplevel() on ptolemy.moml.MoMLSimpleApplication@2ad7410
reloadAllAccessors: .GuardWithResets

===========================================================================================
----------------- testing Wed Jul 10 17:48:21 UTC 2019 /home/travis/build/icyphy/ptII/ptolemy/domains/hdf/kernel/test/auto/Hierarchy_2Level_Test1.xml
----------------- Instantiating /home/travis/build/icyphy/ptII/ptolemy/domains/hdf/kernel/test/auto/Hierarchy_2Level_Test1.xml
31 ms. Memory: 173056K Free: 137307K (79%)
----------------- Invoking toplevel() on ptolemy.moml.MoMLSimpleApplication@33c99232
----------------- Done invoking toplevel() on ptolemy.moml.MoMLSimpleApplication@33c99232
reloadAllAccessors: .Hierarchy_2Level_Test1

===========================================================================================
----------------- testing Wed Jul 10 17:48:21 UTC 2019 /home/travis/build/icyphy/ptII/ptolemy/domains/hdf/kernel/test/auto/Hierarchy_2Level_Test2.xml
----------------- Instantiating /home/travis/build/icyphy/ptII/ptolemy/domains/hdf/kernel/test/auto/Hierarchy_2Level_Test2.xml
29 ms. Memory: 173056K Free: 119371K (69%)
----------------- Invoking toplevel() on ptolemy.moml.MoMLSimpleApplication@336dd517
----------------- Done invoking toplevel() on ptolemy.moml.MoMLSimpleApplication@336dd517
reloadAllAccessors: .Hierarchy_4Level_Test2

===========================================================================================
----------------- testing Wed Jul 10 17:48:21 UTC 2019 /home/travis/build/icyphy/ptII/ptolemy/domains/hdf/kernel/test/auto/Hysteresis.xml
----------------- Instantiating /home/travis/build/icyphy/ptII/ptolemy/domains/hdf/kernel/test/auto/Hysteresis.xml
20 ms. Memory: 173056K Free: 108117K (62%)
----------------- Invoking toplevel() on ptolemy.moml.MoMLSimpleApplication@526e2863
----------------- Done invoking toplevel() on ptolemy.moml.MoMLSimpleApplication@526e2863
reloadAllAccessors: .Hysteresis

===========================================================================================
----------------- testing Wed Jul 10 17:48:21 UTC 2019 /home/travis/build/icyphy/ptII/ptolemy/domains/hdf/kernel/test/auto/InitTransient.xml
----------------- Instantiating /home/travis/build/icyphy/ptII/ptolemy/domains/hdf/kernel/test/auto/InitTransient.xml
27 ms. Memory: 173056K Free: 89197K (52%)
----------------- Invoking toplevel() on ptolemy.moml.MoMLSimpleApplication@407206c
----------------- Done invoking toplevel() on ptolemy.moml.MoMLSimpleApplication@407206c
reloadAllAccessors: .InitTransient

===========================================================================================
----------------- testing Wed Jul 10 17:48:21 UTC 2019 /home/travis/build/icyphy/ptII/ptolemy/domains/hdf/kernel/test/auto/Merge.xml
----------------- Instantiating /home/travis/build/icyphy/ptII/ptolemy/domains/hdf/kernel/test/auto/Merge.xml
32 ms. Memory: 173056K Free: 71775K (41%)
----------------- Invoking toplevel() on ptolemy.moml.MoMLSimpleApplication@915c4d3
----------------- Done invoking toplevel() on ptolemy.moml.MoMLSimpleApplication@915c4d3
reloadAllAccessors: .Merge

===========================================================================================
----------------- testing Wed Jul 10 17:48:21 UTC 2019 /home/travis/build/icyphy/ptII/ptolemy/domains/hdf/kernel/test/auto/ModalModelBooleanSwitch.xml
----------------- Instantiating /home/travis/build/icyphy/ptII/ptolemy/domains/hdf/kernel/test/auto/ModalModelBooleanSwitch.xml
51 ms. Memory: 219136K Free: 199029K (91%)
----------------- Invoking toplevel() on ptolemy.moml.MoMLSimpleApplication@73a4fb38
----------------- Done invoking toplevel() on ptolemy.moml.MoMLSimpleApplication@73a4fb38
reloadAllAccessors: .BooleanSwitchWithModel

===========================================================================================
----------------- testing Wed Jul 10 17:48:21 UTC 2019 /home/travis/build/icyphy/ptII/ptolemy/domains/hdf/kernel/test/auto/SameRates.xml
----------------- Instantiating /home/travis/build/icyphy/ptII/ptolemy/domains/hdf/kernel/test/auto/SameRates.xml
19 ms. Memory: 219136K Free: 186426K (85%)
----------------- Invoking toplevel() on ptolemy.moml.MoMLSimpleApplication@128ca200
----------------- Done invoking toplevel() on ptolemy.moml.MoMLSimpleApplication@128ca200
reloadAllAccessors: .SameRates

===========================================================================================
----------------- testing Wed Jul 10 17:48:21 UTC 2019 /home/travis/build/icyphy/ptII/ptolemy/domains/hdf/kernel/test/auto/SameRefinedRates.xml
----------------- Instantiating /home/travis/build/icyphy/ptII/ptolemy/domains/hdf/kernel/test/auto/SameRefinedRates.xml
23 ms. Memory: 219136K Free: 173114K (79%)
----------------- Invoking toplevel() on ptolemy.moml.MoMLSimpleApplication@fe436d2
----------------- Done invoking toplevel() on ptolemy.moml.MoMLSimpleApplication@fe436d2
reloadAllAccessors: .SameRefinedRates

===========================================================================================
----------------- testing Wed Jul 10 17:48:21 UTC 2019 /home/travis/build/icyphy/ptII/ptolemy/domains/hdf/kernel/test/auto/SameRefinedRates2.xml
----------------- Instantiating /home/travis/build/icyphy/ptII/ptolemy/domains/hdf/kernel/test/auto/SameRefinedRates2.xml
26 ms. Memory: 219136K Free: 158778K (72%)
----------------- Invoking toplevel() on ptolemy.moml.MoMLSimpleApplication@7ce1ca9a
----------------- Done invoking toplevel() on ptolemy.moml.MoMLSimpleApplication@7ce1ca9a
reloadAllAccessors: .SameRefinedRates2

===========================================================================================
----------------- testing Wed Jul 10 17:48:21 UTC 2019 /home/travis/build/icyphy/ptII/ptolemy/domains/hdf/kernel/test/auto/TransientStates.xml
----------------- Instantiating /home/travis/build/icyphy/ptII/ptolemy/domains/hdf/kernel/test/auto/TransientStates.xml
23 ms. Memory: 219136K Free: 139832K (64%)
----------------- Invoking toplevel() on ptolemy.moml.MoMLSimpleApplication@7bffcd1a
----------------- Done invoking toplevel() on ptolemy.moml.MoMLSimpleApplication@7bffcd1a
reloadAllAccessors: .TransientStates

===========================================================================================
----------------- testing Wed Jul 10 17:48:21 UTC 2019 /home/travis/build/icyphy/ptII/ptolemy/domains/hdf/kernel/test/auto/TwoHammingCodec.xml
----------------- Instantiating /home/travis/build/icyphy/ptII/ptolemy/domains/hdf/kernel/test/auto/TwoHammingCodec.xml
25 ms. Memory: 219136K Free: 119352K (54%)
----------------- Invoking toplevel() on ptolemy.moml.MoMLSimpleApplication@5fa5e6cd
----------------- Done invoking toplevel() on ptolemy.moml.MoMLSimpleApplication@5fa5e6cd
reloadAllAccessors: .TwoHammingCodec

===========================================================================================
----------------- testing Wed Jul 10 17:48:21 UTC 2019 /home/travis/build/icyphy/ptII/ptolemy/domains/hdf/kernel/test/auto/TwoHammingCodec1.xml
----------------- Instantiating /home/travis/build/icyphy/ptII/ptolemy/domains/hdf/kernel/test/auto/TwoHammingCodec1.xml
40 ms. Memory: 219136K Free: 95786K (44%)
----------------- Invoking toplevel() on ptolemy.moml.MoMLSimpleApplication@4308e427
----------------- Done invoking toplevel() on ptolemy.moml.MoMLSimpleApplication@4308e427
reloadAllAccessors: .twoHammingCodec1

===========================================================================================
----------------- testing Wed Jul 10 17:48:22 UTC 2019 /home/travis/build/icyphy/ptII/ptolemy/domains/hdf/kernel/test/auto/TwoLevelHierarchy.xml
----------------- Instantiating /home/travis/build/icyphy/ptII/ptolemy/domains/hdf/kernel/test/auto/TwoLevelHierarchy.xml
77 ms. Memory: 219136K Free: 181260K (83%)
----------------- Invoking toplevel() on ptolemy.moml.MoMLSimpleApplication@20618f32
----------------- Done invoking toplevel() on ptolemy.moml.MoMLSimpleApplication@20618f32
reloadAllAccessors: .TwoLevelHierarchy

===========================================================================================
----------------- testing Wed Jul 10 17:48:22 UTC 2019 /home/travis/build/icyphy/ptII/ptolemy/domains/hdf/kernel/test/auto/TwoLevelHierarchy1.xml
----------------- Instantiating /home/travis/build/icyphy/ptII/ptolemy/domains/hdf/kernel/test/auto/TwoLevelHierarchy1.xml
69 ms. Memory: 219136K Free: 138236K (63%)
----------------- Invoking toplevel() on ptolemy.moml.MoMLSimpleApplication@27113146
----------------- Done invoking toplevel() on ptolemy.moml.MoMLSimpleApplication@27113146
reloadAllAccessors: .TwoLevelHierarchy1

===========================================================================================
----------------- testing Wed Jul 10 17:48:22 UTC 2019 /home/travis/build/icyphy/ptII/ptolemy/domains/hdf/kernel/test/auto/TwoLevelHierarchy2.xml
----------------- Instantiating /home/travis/build/icyphy/ptII/ptolemy/domains/hdf/kernel/test/auto/TwoLevelHierarchy2.xml
55 ms. Memory: 219136K Free: 103964K (47%)
----------------- Invoking toplevel() on ptolemy.moml.MoMLSimpleApplication@165795fa
----------------- Done invoking toplevel() on ptolemy.moml.MoMLSimpleApplication@165795fa
reloadAllAccessors: .TwoLevelHierarchy2

===========================================================================================
----------------- testing Wed Jul 10 17:48:22 UTC 2019 /home/travis/build/icyphy/ptII/ptolemy/domains/hdf/kernel/test/auto/TwoLevelHierarchyNullStates.xml
----------------- Instantiating /home/travis/build/icyphy/ptII/ptolemy/domains/hdf/kernel/test/auto/TwoLevelHierarchyNullStates.xml
55 ms. Memory: 219136K Free: 181242K (83%)
----------------- Invoking toplevel() on ptolemy.moml.MoMLSimpleApplication@33cb86bc
----------------- Done invoking toplevel() on ptolemy.moml.MoMLSimpleApplication@33cb86bc
reloadAllAccessors: .TwoLevelHierarchyNullStates

===========================================================================================
----------------- testing Wed Jul 10 17:48:22 UTC 2019 /home/travis/build/icyphy/ptII/ptolemy/domains/hdf/kernel/test/auto/TwoLevelHierarchyWithResets.xml
----------------- Instantiating /home/travis/build/icyphy/ptII/ptolemy/domains/hdf/kernel/test/auto/TwoLevelHierarchyWithResets.xml
69 ms. Memory: 219136K Free: 136700K (62%)
----------------- Invoking toplevel() on ptolemy.moml.MoMLSimpleApplication@7e60ff3d
----------------- Done invoking toplevel() on ptolemy.moml.MoMLSimpleApplication@7e60ff3d
reloadAllAccessors: .TwoLevelHierarchy1

===========================================================================================
----------------- testing Wed Jul 10 17:48:22 UTC 2019 /home/travis/build/icyphy/ptII/ptolemy/domains/hdf/kernel/test/auto/TwoLevelHierarchyWithResetsNullStates.xml
----------------- Instantiating /home/travis/build/icyphy/ptII/ptolemy/domains/hdf/kernel/test/auto/TwoLevelHierarchyWithResetsNullStates.xml
74 ms. Memory: 219136K Free: 77308K (35%)
----------------- Invoking toplevel() on ptolemy.moml.MoMLSimpleApplication@4a774858
----------------- Done invoking toplevel() on ptolemy.moml.MoMLSimpleApplication@4a774858
reloadAllAccessors: .TwoLevelHierarchyWithResetsNullStates

===========================================================================================
----------------- testing Wed Jul 10 17:48:23 UTC 2019 /home/travis/build/icyphy/ptII/ptolemy/domains/hdf/kernel/test/auto/WaterTank_HDF.xml
----------------- Instantiating /home/travis/build/icyphy/ptII/ptolemy/domains/hdf/kernel/test/auto/WaterTank_HDF.xml
83 ms. Memory: 219136K Free: 175795K (80%)
----------------- Invoking toplevel() on ptolemy.moml.MoMLSimpleApplication@6d565d1a
----------------- Done invoking toplevel() on ptolemy.moml.MoMLSimpleApplication@6d565d1a
reloadAllAccessors: .WaterTank_HDF

===========================================================================================
----------------- testing Wed Jul 10 17:48:23 UTC 2019 /home/travis/build/icyphy/ptII/ptolemy/domains/hdf/kernel/test/auto/WaterTank_HDF2.xml
----------------- Instantiating /home/travis/build/icyphy/ptII/ptolemy/domains/hdf/kernel/test/auto/WaterTank_HDF2.xml
43 ms. Memory: 219136K Free: 143555K (66%)
----------------- Invoking toplevel() on ptolemy.moml.MoMLSimpleApplication@6927c8f0
----------------- Done invoking toplevel() on ptolemy.moml.MoMLSimpleApplication@6927c8f0
reloadAllAccessors: .WaterTank_HDF2

===========================================================================================
----------------- testing Wed Jul 10 17:48:23 UTC 2019 /home/travis/build/icyphy/ptII/ptolemy/domains/hdf/kernel/test/auto/badFSMRateChanges.xml
----------------- Instantiating /home/travis/build/icyphy/ptII/ptolemy/domains/hdf/kernel/test/auto/badFSMRateChanges.xml
16 ms. Memory: 219136K Free: 129219K (59%)
----------------- Invoking toplevel() on ptolemy.moml.MoMLSimpleApplication@193212c4
----------------- Done invoking toplevel() on ptolemy.moml.MoMLSimpleApplication@193212c4
reloadAllAccessors: .badFSMRateChanges
AutoTests.java: About to close Vertx.
AutoTests.java: Vertx closed.
]]></system-out>
  <system-err><![CDATA[]]></system-err>
</testsuite>
