<?xml version="1.0" encoding="UTF-8" ?>
<testsuite errors="0" failures="0" hostname="travis-job-c49b52af-e3ce-45ae-b90f-285124ffdc3e" name="ptolemy.domains.de.test.junit.JUnitTclTest" skipped="0" tests="101" time="119.987" timestamp="2020-06-13T14:37:48">
  <properties>
[...]
</properties>
  <testcase classname="ptolemy.util.test.junit.TclTests" name="[0] /home/travis/build/icyphy/ptII/ptolemy/domains/de/test/DependencyLoop.tcl (RunTclFile)" time="0.933" />
  <testcase classname="ptolemy.util.test.junit.TclTests" name="[1] /home/travis/build/icyphy/ptII/ptolemy/domains/de/test/RunDETestsAsQSS.tcl (RunTclFile)" time="80.952" />
  <testcase classname="ptolemy.util.test.junit.AutoKnownFailedTests" name="[0] /home/travis/build/icyphy/ptII/ptolemy/domains/de/test/auto/knownFailedTests/DESDFClockTest.xml (RunModel)" time="2.047" />
  <testcase classname="ptolemy.util.test.junit.AutoKnownFailedTests" name="[1] /home/travis/build/icyphy/ptII/ptolemy/domains/de/test/auto/knownFailedTests/DirectFeedback.xml (RunModel)" time="0.013" />
  <testcase classname="ptolemy.util.test.junit.AutoKnownFailedTests" name="[2] /home/travis/build/icyphy/ptII/ptolemy/domains/de/test/auto/knownFailedTests/FSMSource.xml (RunModel)" time="0.04" />
  <testcase classname="ptolemy.util.test.junit.AutoKnownFailedTests" name="[3] /home/travis/build/icyphy/ptII/ptolemy/domains/de/test/auto/knownFailedTests/HierarchicalModel.xml (RunModel)" time="0.039" />
  <testcase classname="ptolemy.util.test.junit.AutoKnownFailedTests" name="[4] /home/travis/build/icyphy/ptII/ptolemy/domains/de/test/auto/knownFailedTests/dependencyLoop.xml (RunModel)" time="0.045" />
  <testcase classname="ptolemy.util.test.junit.AutoKnownFailedTests" name="[5] /home/travis/build/icyphy/ptII/ptolemy/domains/de/test/auto/knownFailedTests/dependencyLoop2.xml (RunModel)" time="0.039" />
  <testcase classname="ptolemy.util.test.junit.AutoNameArchTests" name="[0] ThereAreNoAutoArchTests (RunModel)" time="0.002" />
  <testcase classname="ptolemy.util.test.junit.AutoTests" name="[0] /home/travis/build/icyphy/ptII/ptolemy/domains/de/test/auto/ActorDepthCalculation_actorWithoutPorts.xml (RunModel)" time="0.026" />
  <testcase classname="ptolemy.util.test.junit.AutoTests" name="[1] /home/travis/build/icyphy/ptII/ptolemy/domains/de/test/auto/AssemblyLine.xml (RunModel)" time="0.026" />
  <testcase classname="ptolemy.util.test.junit.AutoTests" name="[2] /home/travis/build/icyphy/ptII/ptolemy/domains/de/test/auto/CQBug1.xml (RunModel)" time="0.01" />
  <testcase classname="ptolemy.util.test.junit.AutoTests" name="[3] /home/travis/build/icyphy/ptII/ptolemy/domains/de/test/auto/CancelFireAt.xml (RunModel)" time="0.024" />
  <testcase classname="ptolemy.util.test.junit.AutoTests" name="[4] /home/travis/build/icyphy/ptII/ptolemy/domains/de/test/auto/CausalityAndComposabilityAnalysis.xml (RunModel)" time="0.016" />
  <testcase classname="ptolemy.util.test.junit.AutoTests" name="[5] /home/travis/build/icyphy/ptII/ptolemy/domains/de/test/auto/CausalityInterface1.xml (RunModel)" time="0.019" />
  <testcase classname="ptolemy.util.test.junit.AutoTests" name="[6] /home/travis/build/icyphy/ptII/ptolemy/domains/de/test/auto/CausalityInterface15.xml (RunModel)" time="0.018" />
  <testcase classname="ptolemy.util.test.junit.AutoTests" name="[7] /home/travis/build/icyphy/ptII/ptolemy/domains/de/test/auto/CausalityInterface2.xml (RunModel)" time="0.012" />
  <testcase classname="ptolemy.util.test.junit.AutoTests" name="[8] /home/travis/build/icyphy/ptII/ptolemy/domains/de/test/auto/CausalityInterface3.xml (RunModel)" time="0.014" />
  <testcase classname="ptolemy.util.test.junit.AutoTests" name="[9] /home/travis/build/icyphy/ptII/ptolemy/domains/de/test/auto/ClockDrift.xml (RunModel)" time="0.036" />
  <testcase classname="ptolemy.util.test.junit.AutoTests" name="[10] /home/travis/build/icyphy/ptII/ptolemy/domains/de/test/auto/ClockDriftAndValueChange.xml (RunModel)" time="0.027" />
  <testcase classname="ptolemy.util.test.junit.AutoTests" name="[11] /home/travis/build/icyphy/ptII/ptolemy/domains/de/test/auto/ClockDriftChange.xml (RunModel)" time="0.037" />
  <testcase classname="ptolemy.util.test.junit.AutoTests" name="[12] /home/travis/build/icyphy/ptII/ptolemy/domains/de/test/auto/ComposableCausalityAnalysis.xml (RunModel)" time="0.015" />
  <testcase classname="ptolemy.util.test.junit.AutoTests" name="[13] /home/travis/build/icyphy/ptII/ptolemy/domains/de/test/auto/DEFixedPointLimitation.xml (RunModel)" time="0.018" />
  <testcase classname="ptolemy.util.test.junit.AutoTests" name="[14] /home/travis/build/icyphy/ptII/ptolemy/domains/de/test/auto/DEScheduleTest.xml (RunModel)" time="0.025" />
  <testcase classname="ptolemy.util.test.junit.AutoTests" name="[15] /home/travis/build/icyphy/ptII/ptolemy/domains/de/test/auto/DEinDEwithStartTimes.xml (RunModel)" time="0.014" />
  <testcase classname="ptolemy.util.test.junit.AutoTests" name="[16] /home/travis/build/icyphy/ptII/ptolemy/domains/de/test/auto/DEinDEwithStartTimes2.xml (RunModel)" time="0.016" />
  <testcase classname="ptolemy.util.test.junit.AutoTests" name="[17] /home/travis/build/icyphy/ptII/ptolemy/domains/de/test/auto/DateDemo.xml (RunModel)" time="0.036" />
  <testcase classname="ptolemy.util.test.junit.AutoTests" name="[18] /home/travis/build/icyphy/ptII/ptolemy/domains/de/test/auto/DateToEvent.xml (RunModel)" time="2.039" />
  <testcase classname="ptolemy.util.test.junit.AutoTests" name="[19] /home/travis/build/icyphy/ptII/ptolemy/domains/de/test/auto/DepthTest1.xml (RunModel)" time="0.01" />
  <testcase classname="ptolemy.util.test.junit.AutoTests" name="[20] /home/travis/build/icyphy/ptII/ptolemy/domains/de/test/auto/DepthTest2.xml (RunModel)" time="0.016" />
  <testcase classname="ptolemy.util.test.junit.AutoTests" name="[21] /home/travis/build/icyphy/ptII/ptolemy/domains/de/test/auto/DepthTest3.xml (RunModel)" time="0.006" />
  <testcase classname="ptolemy.util.test.junit.AutoTests" name="[22] /home/travis/build/icyphy/ptII/ptolemy/domains/de/test/auto/DepthTest4.xml (RunModel)" time="0.019" />
  <testcase classname="ptolemy.util.test.junit.AutoTests" name="[23] /home/travis/build/icyphy/ptII/ptolemy/domains/de/test/auto/DepthTest5.xml (RunModel)" time="0.013" />
  <testcase classname="ptolemy.util.test.junit.AutoTests" name="[24] /home/travis/build/icyphy/ptII/ptolemy/domains/de/test/auto/DepthTest6.xml (RunModel)" time="0.011" />
  <testcase classname="ptolemy.util.test.junit.AutoTests" name="[25] /home/travis/build/icyphy/ptII/ptolemy/domains/de/test/auto/DepthTest7.xml (RunModel)" time="0.009" />
  <testcase classname="ptolemy.util.test.junit.AutoTests" name="[26] /home/travis/build/icyphy/ptII/ptolemy/domains/de/test/auto/EventToDate.xml (RunModel)" time="3.035" />
  <testcase classname="ptolemy.util.test.junit.AutoTests" name="[27] /home/travis/build/icyphy/ptII/ptolemy/domains/de/test/auto/FSM1.xml (RunModel)" time="0.045" />
  <testcase classname="ptolemy.util.test.junit.AutoTests" name="[28] /home/travis/build/icyphy/ptII/ptolemy/domains/de/test/auto/FSM7.xml (RunModel)" time="0.038" />
  <testcase classname="ptolemy.util.test.junit.AutoTests" name="[29] /home/travis/build/icyphy/ptII/ptolemy/domains/de/test/auto/Inspection.xml (RunModel)" time="0.041" />
  <testcase classname="ptolemy.util.test.junit.AutoTests" name="[30] /home/travis/build/icyphy/ptII/ptolemy/domains/de/test/auto/Iteration.xml (RunModel)" time="0.02" />
  <testcase classname="ptolemy.util.test.junit.AutoTests" name="[31] /home/travis/build/icyphy/ptII/ptolemy/domains/de/test/auto/LineFault.xml (RunModel)" time="0.517" />
  <testcase classname="ptolemy.util.test.junit.AutoTests" name="[32] /home/travis/build/icyphy/ptII/ptolemy/domains/de/test/auto/MergeModel1Add.xml (RunModel)" time="0.044" />
  <testcase classname="ptolemy.util.test.junit.AutoTests" name="[33] /home/travis/build/icyphy/ptII/ptolemy/domains/de/test/auto/MergeModel2Add.xml (RunModel)" time="0.031" />
  <testcase classname="ptolemy.util.test.junit.AutoTests" name="[34] /home/travis/build/icyphy/ptII/ptolemy/domains/de/test/auto/MergeModel3Add.xml (RunModel)" time="0.043" />
  <testcase classname="ptolemy.util.test.junit.AutoTests" name="[35] /home/travis/build/icyphy/ptII/ptolemy/domains/de/test/auto/MergeWithoutDiscard.xml (RunModel)" time="0.009" />
  <testcase classname="ptolemy.util.test.junit.AutoTests" name="[36] /home/travis/build/icyphy/ptII/ptolemy/domains/de/test/auto/Modal1.xml (RunModel)" time="0.032" />
  <testcase classname="ptolemy.util.test.junit.AutoTests" name="[37] /home/travis/build/icyphy/ptII/ptolemy/domains/de/test/auto/Modal2.xml (RunModel)" time="0.031" />
  <testcase classname="ptolemy.util.test.junit.AutoTests" name="[38] /home/travis/build/icyphy/ptII/ptolemy/domains/de/test/auto/Modal3.xml (RunModel)" time="0.023" />
  <testcase classname="ptolemy.util.test.junit.AutoTests" name="[39] /home/travis/build/icyphy/ptII/ptolemy/domains/de/test/auto/Modal4.xml (RunModel)" time="0.028" />
  <testcase classname="ptolemy.util.test.junit.AutoTests" name="[40] /home/travis/build/icyphy/ptII/ptolemy/domains/de/test/auto/Modal5.xml (RunModel)" time="0.025" />
  <testcase classname="ptolemy.util.test.junit.AutoTests" name="[41] /home/travis/build/icyphy/ptII/ptolemy/domains/de/test/auto/Modal6.xml (RunModel)" time="0.026" />
  <testcase classname="ptolemy.util.test.junit.AutoTests" name="[42] /home/travis/build/icyphy/ptII/ptolemy/domains/de/test/auto/Modal7.xml (RunModel)" time="0.032" />
  <testcase classname="ptolemy.util.test.junit.AutoTests" name="[43] /home/travis/build/icyphy/ptII/ptolemy/domains/de/test/auto/ModalModel.xml (RunModel)" time="0.15" />
  <testcase classname="ptolemy.util.test.junit.AutoTests" name="[44] /home/travis/build/icyphy/ptII/ptolemy/domains/de/test/auto/ModalSource.xml (RunModel)" time="0.025" />
  <testcase classname="ptolemy.util.test.junit.AutoTests" name="[45] /home/travis/build/icyphy/ptII/ptolemy/domains/de/test/auto/NonInterruptibleTimerZeroDelay.xml (RunModel)" time="0.008" />
  <testcase classname="ptolemy.util.test.junit.AutoTests" name="[46] /home/travis/build/icyphy/ptII/ptolemy/domains/de/test/auto/OpenQueueingNetwork.xml (RunModel)" time="2.302" />
  <testcase classname="ptolemy.util.test.junit.AutoTests" name="[47] /home/travis/build/icyphy/ptII/ptolemy/domains/de/test/auto/OpenQueuingNetwork.xml (RunModel)" time="0.254" />
  <testcase classname="ptolemy.util.test.junit.AutoTests" name="[48] /home/travis/build/icyphy/ptII/ptolemy/domains/de/test/auto/PeriodicSampler.xml (RunModel)" time="0.009" />
  <testcase classname="ptolemy.util.test.junit.AutoTests" name="[49] /home/travis/build/icyphy/ptII/ptolemy/domains/de/test/auto/PersistentIO.xml (RunModel)" time="0.019" />
  <testcase classname="ptolemy.util.test.junit.AutoTests" name="[50] /home/travis/build/icyphy/ptII/ptolemy/domains/de/test/auto/PortParameterResetOnInitialize.xml (RunModel)" time="0.009" />
  <testcase classname="ptolemy.util.test.junit.AutoTests" name="[51] /home/travis/build/icyphy/ptII/ptolemy/domains/de/test/auto/PortParameterUpdates.xml (RunModel)" time="0.012" />
  <testcase classname="ptolemy.util.test.junit.AutoTests" name="[52] /home/travis/build/icyphy/ptII/ptolemy/domains/de/test/auto/QueueAndServer.xml (RunModel)" time="0.017" />
  <testcase classname="ptolemy.util.test.junit.AutoTests" name="[53] /home/travis/build/icyphy/ptII/ptolemy/domains/de/test/auto/Records.xml (RunModel)" time="0.012" />
  <testcase classname="ptolemy.util.test.junit.AutoTests" name="[54] /home/travis/build/icyphy/ptII/ptolemy/domains/de/test/auto/ResetTransitionWithStartTime1.xml (RunModel)" time="0.016" />
  <testcase classname="ptolemy.util.test.junit.AutoTests" name="[55] /home/travis/build/icyphy/ptII/ptolemy/domains/de/test/auto/ResetTransitionWithStartTime2.xml (RunModel)" time="0.017" />
  <testcase classname="ptolemy.util.test.junit.AutoTests" name="[56] /home/travis/build/icyphy/ptII/ptolemy/domains/de/test/auto/ResetTransitionWithStartTime3.xml (RunModel)" time="0.019" />
  <testcase classname="ptolemy.util.test.junit.AutoTests" name="[57] /home/travis/build/icyphy/ptII/ptolemy/domains/de/test/auto/ResetTransitionWithStartTime4.xml (RunModel)" time="0.019" />
  <testcase classname="ptolemy.util.test.junit.AutoTests" name="[58] /home/travis/build/icyphy/ptII/ptolemy/domains/de/test/auto/ResettableTimer1.xml (RunModel)" time="0.008" />
  <testcase classname="ptolemy.util.test.junit.AutoTests" name="[59] /home/travis/build/icyphy/ptII/ptolemy/domains/de/test/auto/ResettableTimer2.xml (RunModel)" time="0.008" />
  <testcase classname="ptolemy.util.test.junit.AutoTests" name="[60] /home/travis/build/icyphy/ptII/ptolemy/domains/de/test/auto/ResettableTimer3.xml (RunModel)" time="0.008" />
  <testcase classname="ptolemy.util.test.junit.AutoTests" name="[61] /home/travis/build/icyphy/ptII/ptolemy/domains/de/test/auto/ResettableTimer4.xml (RunModel)" time="0.009" />
  <testcase classname="ptolemy.util.test.junit.AutoTests" name="[62] /home/travis/build/icyphy/ptII/ptolemy/domains/de/test/auto/ResettableTimer5.xml (RunModel)" time="0.008" />
  <testcase classname="ptolemy.util.test.junit.AutoTests" name="[63] /home/travis/build/icyphy/ptII/ptolemy/domains/de/test/auto/ResettableTimer6.xml (RunModel)" time="0.017" />
  <testcase classname="ptolemy.util.test.junit.AutoTests" name="[64] /home/travis/build/icyphy/ptII/ptolemy/domains/de/test/auto/ServerZeroDelay.xml (RunModel)" time="0.008" />
  <testcase classname="ptolemy.util.test.junit.AutoTests" name="[65] /home/travis/build/icyphy/ptII/ptolemy/domains/de/test/auto/SmartSender.xml (RunModel)" time="3.006" />
  <testcase classname="ptolemy.util.test.junit.AutoTests" name="[66] /home/travis/build/icyphy/ptII/ptolemy/domains/de/test/auto/ThreadedComposite.xml (RunModel)" time="0.114" />
  <testcase classname="ptolemy.util.test.junit.AutoTests" name="[67] /home/travis/build/icyphy/ptII/ptolemy/domains/de/test/auto/Time.xml (RunModel)" time="0.348" />
  <testcase classname="ptolemy.util.test.junit.AutoTests" name="[68] /home/travis/build/icyphy/ptII/ptolemy/domains/de/test/auto/TimeDelayZeroDelay.xml (RunModel)" time="0.014" />
  <testcase classname="ptolemy.util.test.junit.AutoTests" name="[69] /home/travis/build/icyphy/ptII/ptolemy/domains/de/test/auto/TimerZeroDelay.xml (RunModel)" time="0.009" />
  <testcase classname="ptolemy.util.test.junit.AutoTests" name="[70] /home/travis/build/icyphy/ptII/ptolemy/domains/de/test/auto/TimingParadox.xml (RunModel)" time="0.301" />
  <testcase classname="ptolemy.util.test.junit.AutoTests" name="[71] /home/travis/build/icyphy/ptII/ptolemy/domains/de/test/auto/TransferInputs.xml (RunModel)" time="0.013" />
  <testcase classname="ptolemy.util.test.junit.AutoTests" name="[72] /home/travis/build/icyphy/ptII/ptolemy/domains/de/test/auto/TransferOutputs2.xml (RunModel)" time="0.014" />
  <testcase classname="ptolemy.util.test.junit.AutoTests" name="[73] /home/travis/build/icyphy/ptII/ptolemy/domains/de/test/auto/Trilateration.xml (RunModel)" time="10.193" />
  <testcase classname="ptolemy.util.test.junit.AutoTests" name="[74] /home/travis/build/icyphy/ptII/ptolemy/domains/de/test/auto/TwoSigmaDelta.xml (RunModel)" time="1.828" />
  <testcase classname="ptolemy.util.test.junit.AutoTests" name="[75] /home/travis/build/icyphy/ptII/ptolemy/domains/de/test/auto/VariableDelay.xml (RunModel)" time="0.018" />
  <testcase classname="ptolemy.util.test.junit.AutoTests" name="[76] /home/travis/build/icyphy/ptII/ptolemy/domains/de/test/auto/VariableDelay2.xml (RunModel)" time="0.011" />
  <testcase classname="ptolemy.util.test.junit.AutoTests" name="[77] /home/travis/build/icyphy/ptII/ptolemy/domains/de/test/auto/VariableDelayZeroDelay.xml (RunModel)" time="0.024" />
  <testcase classname="ptolemy.util.test.junit.AutoTests" name="[78] /home/travis/build/icyphy/ptII/ptolemy/domains/de/test/auto/VariableDelayZeroDelay2.xml (RunModel)" time="0.013" />
  <testcase classname="ptolemy.util.test.junit.AutoTests" name="[79] /home/travis/build/icyphy/ptII/ptolemy/domains/de/test/auto/deInCt.xml (RunModel)" time="0.016" />
  <testcase classname="ptolemy.util.test.junit.AutoTests" name="[80] /home/travis/build/icyphy/ptII/ptolemy/domains/de/test/auto/deInCt2.xml (RunModel)" time="0.012" />
  <testcase classname="ptolemy.util.test.junit.AutoTests" name="[81] /home/travis/build/icyphy/ptII/ptolemy/domains/de/test/auto/dynamicCausalityInterface1.xml (RunModel)" time="0.014" />
  <testcase classname="ptolemy.util.test.junit.AutoTests" name="[82] /home/travis/build/icyphy/ptII/ptolemy/domains/de/test/auto/fsm_de_test.xml (RunModel)" time="0.017" />
  <testcase classname="ptolemy.util.test.junit.AutoTests" name="[83] /home/travis/build/icyphy/ptII/ptolemy/domains/de/test/auto/functionDependencyReconstruction.xml (RunModel)" time="0.025" />
  <testcase classname="ptolemy.util.test.junit.AutoTests" name="[84] /home/travis/build/icyphy/ptII/ptolemy/domains/de/test/auto/multirate.xml (RunModel)" time="0.012" />
  <testcase classname="ptolemy.util.test.junit.AutoTests" name="[85] /home/travis/build/icyphy/ptII/ptolemy/domains/de/test/auto/multirate2.xml (RunModel)" time="0.012" />
  <testcase classname="ptolemy.util.test.junit.AutoTests" name="[86] /home/travis/build/icyphy/ptII/ptolemy/domains/de/test/auto/realtime.xml (RunModel)" time="10.008" />
  <testcase classname="ptolemy.util.test.junit.AutoTests" name="[87] /home/travis/build/icyphy/ptII/ptolemy/domains/de/test/auto/relationGroup.xml (RunModel)" time="0.012" />
  <testcase classname="ptolemy.util.test.junit.AutoTests" name="[88] /home/travis/build/icyphy/ptII/ptolemy/domains/de/test/auto/relationGroup2.xml (RunModel)" time="0.012" />
  <testcase classname="ptolemy.util.test.junit.AutoTests" name="[89] /home/travis/build/icyphy/ptII/ptolemy/domains/de/test/auto/sortWithOpaquePorts.xml (RunModel)" time="0.011" />
  <testcase classname="ptolemy.util.test.junit.AutoTests" name="[90] /home/travis/build/icyphy/ptII/ptolemy/domains/de/test/auto/transferInputsandOutputs.xml (RunModel)" time="0.013" />
  <testcase classname="ptolemy.util.test.junit.AutoTests" name="[91] /home/travis/build/icyphy/ptII/ptolemy/domains/de/test/auto/triggerType.xml (RunModel)" time="0.006" />
  <system-out><![CDATA[/home/travis/build/icyphy/ptII/ptolemy/domains/de/test/DependencyLoop.tcl
testDefs.tcl: setting time out to 9000 seconds at Sat Jun 13 14:37:49 UTC 2020
74 ms. Memory: 129024K Free: 78792K (61%)
27 ms. Memory: 129024K Free: 61384K (48%)
/home/travis/build/icyphy/ptII/ptolemy/domains/de/test/RunDETestsAsQSS.tcl
Run the DE tests using ptolemy.domains.qss.test.QSSDirectorTest, which extends QSSDirector and prints a message in the constructors.
------------------ testing $PTII/ptolemy/domains/de/test/auto/knownFailedTests/DirectFeedback.xml (Known Failure) 
31 ms. Memory: 129024K Free: 56264K (44%)


==== $PTIIhome/travis/build/icyphy/ptII/ptolemy/domains/de/test/../../../../: Auto Automatic test in file $PTII/ptolemy/domains/de/test/auto/knownFailedTests/DirectFeedback.xml
==== Contents of test case:

	    # FIXME: we should use $relativeFilename here, but it
	    # might have backslashes under Windows, which causes no end
	    # of trouble.
	    createAndExecute $file
	    list {}
	
.... Test generated KNOWN error:
    while executing
ptolemy.kernel.util.IllegalActionException: Test fails in iteration 1.
Value was: 1.0. Should have been: 2.0
  in .DirectFeedback.Test
	at ptolemy.actor.lib.Test.fire(Test.java:268)
	at ptolemy.domains.de.kernel.DEDirector._fire(DEDirector.java:1949)
	at ptolemy.domains.de.kernel.DEDirector.fire(DEDirector.java:502)
	at ptolemy.actor.CompositeActor.fire(CompositeActor.java:455)
	at ptolemy.actor.Manager.iterate(Manager.java:851)
	at ptolemy.actor.Manager.execute(Manager.java:369)
	at ptolemy.actor.Manager.run(Manager.java:1263)
	at ptolemy.actor.Manager$PtolemyRunThread.run(Manager.java:1933)

    while executing
ptolemy.kernel.util.IllegalActionException: Test fails in iteration 1.
Value was: 1.0. Should have been: 2.0
  in .DirectFeedback.Test
    while executing
"java::new ptolemy.moml.MoMLSimpleApplication $file
"
    (procedure "createAndExecute" line 2)
    invoked from within
"createAndExecute $file"
    ("uplevel" body line 5)
    invoked from within
"uplevel $contents_of_test"
------------------ testing $PTII/ptolemy/domains/de/test/auto/knownFailedTests/dependencyLoop.xml (Known Failure) 
9 ms. Memory: 129024K Free: 53192K (41%)


==== $PTIIhome/travis/build/icyphy/ptII/ptolemy/domains/de/test/../../../../: Auto Automatic test in file $PTII/ptolemy/domains/de/test/auto/knownFailedTests/dependencyLoop.xml
==== Contents of test case:

	    # FIXME: we should use $relativeFilename here, but it
	    # might have backslashes under Windows, which causes no end
	    # of trouble.
	    createAndExecute $file
	    list {}
	
.... Test generated KNOWN error:
    while executing
ptolemy.kernel.util.IllegalActionException: Found a zero delay loop containing .dependencyLoop.original
  in .dependencyLoop and .dependencyLoop.original
	at ptolemy.actor.util.CausalityInterfaceForComposites._computeOutputPortDepth(CausalityInterfaceForComposites.java:759)
	at ptolemy.actor.util.CausalityInterfaceForComposites._computeInputDepth(CausalityInterfaceForComposites.java:696)
	at ptolemy.actor.util.CausalityInterfaceForComposites._computeOutputPortDepth(CausalityInterfaceForComposites.java:765)
	at ptolemy.actor.util.CausalityInterfaceForComposites._computeInputDepth(CausalityInterfaceForComposites.java:696)
	at ptolemy.actor.util.CausalityInterfaceForComposites._computeOutputPortDepth(CausalityInterfaceForComposites.java:765)
	at ptolemy.actor.util.CausalityInterfaceForComposites._computeInputDepth(CausalityInterfaceForComposites.java:696)
	at ptolemy.actor.util.CausalityInterfaceForComposites._computeActorDepth(CausalityInterfaceForComposites.java:532)
	at ptolemy.actor.util.CausalityInterfaceForComposites.checkForCycles(CausalityInterfaceForComposites.java:96)
	at ptolemy.domains.de.kernel.DEDirector.preinitialize(DEDirector.java:1338)
	at ptolemy.actor.CompositeActor.preinitialize(CompositeActor.java:1828)
	at ptolemy.actor.Manager.preinitializeAndResolveTypes(Manager.java:1040)
	at ptolemy.actor.Manager.initialize(Manager.java:710)
	at ptolemy.actor.Manager.execute(Manager.java:356)
	at ptolemy.actor.Manager.run(Manager.java:1263)
	at ptolemy.actor.Manager$PtolemyRunThread.run(Manager.java:1933)

    while executing
ptolemy.kernel.util.IllegalActionException: Found a zero delay loop containing .dependencyLoop.original
  in .dependencyLoop and .dependencyLoop.original
    while executing
"java::new ptolemy.moml.MoMLSimpleApplication $file
"
    (procedure "createAndExecute" line 2)
    invoked from within
"createAndExecute $file"
    ("uplevel" body line 5)
    invoked from within
"uplevel $contents_of_test"
------------------ testing $PTII/ptolemy/domains/de/test/auto/knownFailedTests/FSMSource.xml (Known Failure) 
79 ms. Memory: 129024K Free: 111628K (87%)
!!!! Auto was marked as failing, but now passes
------------------ testing $PTII/ptolemy/domains/de/test/auto/knownFailedTests/HierarchicalModel.xml (Known Failure) 
15 ms. Memory: 129024K Free: 94228K (73%)


==== $PTIIhome/travis/build/icyphy/ptII/ptolemy/domains/de/test/../../../../: Auto Automatic test in file $PTII/ptolemy/domains/de/test/auto/knownFailedTests/HierarchicalModel.xml
==== Contents of test case:

	    # FIXME: we should use $relativeFilename here, but it
	    # might have backslashes under Windows, which causes no end
	    # of trouble.
	    createAndExecute $file
	    list {}
	
.... Test generated KNOWN error:
    while executing
ptolemy.kernel.util.IllegalActionException: Found a zero delay loop containing .HierarchicalModel.A
  in .HierarchicalModel and .HierarchicalModel.A
	at ptolemy.actor.util.CausalityInterfaceForComposites._computeOutputPortDepth(CausalityInterfaceForComposites.java:759)
	at ptolemy.actor.util.CausalityInterfaceForComposites._computeInputDepth(CausalityInterfaceForComposites.java:696)
	at ptolemy.actor.util.CausalityInterfaceForComposites._computeOutputPortDepth(CausalityInterfaceForComposites.java:765)
	at ptolemy.actor.util.CausalityInterfaceForComposites._computeInputDepth(CausalityInterfaceForComposites.java:696)
	at ptolemy.actor.util.CausalityInterfaceForComposites._computeOutputPortDepth(CausalityInterfaceForComposites.java:765)
	at ptolemy.actor.util.CausalityInterfaceForComposites._computeInputDepth(CausalityInterfaceForComposites.java:696)
	at ptolemy.actor.util.CausalityInterfaceForComposites._computeActorDepth(CausalityInterfaceForComposites.java:532)
	at ptolemy.actor.util.CausalityInterfaceForComposites.checkForCycles(CausalityInterfaceForComposites.java:96)
	at ptolemy.domains.de.kernel.DEDirector.preinitialize(DEDirector.java:1338)
	at ptolemy.actor.CompositeActor.preinitialize(CompositeActor.java:1828)
	at ptolemy.actor.Manager.preinitializeAndResolveTypes(Manager.java:1040)
	at ptolemy.actor.Manager.initialize(Manager.java:710)
	at ptolemy.actor.Manager.execute(Manager.java:356)
	at ptolemy.actor.Manager.run(Manager.java:1263)
	at ptolemy.actor.Manager$PtolemyRunThread.run(Manager.java:1933)

    while executing
ptolemy.kernel.util.IllegalActionException: Found a zero delay loop containing .HierarchicalModel.A
  in .HierarchicalModel and .HierarchicalModel.A
    while executing
"java::new ptolemy.moml.MoMLSimpleApplication $file
"
    (procedure "createAndExecute" line 2)
    invoked from within
"createAndExecute $file"
    ("uplevel" body line 5)
    invoked from within
"uplevel $contents_of_test"
------------------ testing $PTII/ptolemy/domains/de/test/auto/knownFailedTests/dependencyLoop2.xml (Known Failure) 
5 ms. Memory: 129024K Free: 77890K (60%)


==== $PTIIhome/travis/build/icyphy/ptII/ptolemy/domains/de/test/../../../../: Auto Automatic test in file $PTII/ptolemy/domains/de/test/auto/knownFailedTests/dependencyLoop2.xml
==== Contents of test case:

	    # FIXME: we should use $relativeFilename here, but it
	    # might have backslashes under Windows, which causes no end
	    # of trouble.
	    createAndExecute $file
	    list {}
	
.... Test generated KNOWN error:
    while executing
ptolemy.kernel.util.IllegalActionException: Found a zero delay loop containing .dependencyLoop2.original
  in .dependencyLoop2 and .dependencyLoop2.original
	at ptolemy.actor.util.CausalityInterfaceForComposites._computeOutputPortDepth(CausalityInterfaceForComposites.java:759)
	at ptolemy.actor.util.CausalityInterfaceForComposites._computeInputDepth(CausalityInterfaceForComposites.java:696)
	at ptolemy.actor.util.CausalityInterfaceForComposites._computeOutputPortDepth(CausalityInterfaceForComposites.java:765)
	at ptolemy.actor.util.CausalityInterfaceForComposites._computeInputDepth(CausalityInterfaceForComposites.java:696)
	at ptolemy.actor.util.CausalityInterfaceForComposites._computeOutputPortDepth(CausalityInterfaceForComposites.java:765)
	at ptolemy.actor.util.CausalityInterfaceForComposites._computeInputDepth(CausalityInterfaceForComposites.java:696)
	at ptolemy.actor.util.CausalityInterfaceForComposites._computeActorDepth(CausalityInterfaceForComposites.java:532)
	at ptolemy.actor.util.CausalityInterfaceForComposites.checkForCycles(CausalityInterfaceForComposites.java:96)
	at ptolemy.domains.de.kernel.DEDirector.preinitialize(DEDirector.java:1338)
	at ptolemy.actor.CompositeActor.preinitialize(CompositeActor.java:1828)
	at ptolemy.actor.Manager.preinitializeAndResolveTypes(Manager.java:1040)
	at ptolemy.actor.Manager.initialize(Manager.java:710)
	at ptolemy.actor.Manager.execute(Manager.java:356)
	at ptolemy.actor.Manager.run(Manager.java:1263)
	at ptolemy.actor.Manager$PtolemyRunThread.run(Manager.java:1933)

    while executing
ptolemy.kernel.util.IllegalActionException: Found a zero delay loop containing .dependencyLoop2.original
  in .dependencyLoop2 and .dependencyLoop2.original
    while executing
"java::new ptolemy.moml.MoMLSimpleApplication $file
"
    (procedure "createAndExecute" line 2)
    invoked from within
"createAndExecute $file"
    ("uplevel" body line 5)
    invoked from within
"uplevel $contents_of_test"
------------------ testing $PTII/ptolemy/domains/de/test/auto/knownFailedTests/DESDFClockTest.xml (Known Failure) 
2057 ms. Memory: 129024K Free: 109053K (85%)


==== $PTIIhome/travis/build/icyphy/ptII/ptolemy/domains/de/test/../../../../: Auto Automatic test in file $PTII/ptolemy/domains/de/test/auto/knownFailedTests/DESDFClockTest.xml
==== Contents of test case:

	    # FIXME: we should use $relativeFilename here, but it
	    # might have backslashes under Windows, which causes no end
	    # of trouble.
	    createAndExecute $file
	    list {}
	
.... Test generated KNOWN error:
    while executing
ptolemy.kernel.util.IllegalActionException: Actor is not ready to fire.  Perhaps UpSample.prefire() returned false? Try debugging the actor by selecting "Listen to Actor".  Also, for SDF check moml for tokenConsumptionRate on input.
  in .DESDFClockTest.Play Bell.Copy1:SDF Director and .DESDFClockTest.Play Bell.UpSample
	at ptolemy.actor.sched.StaticSchedulingDirector.fire(StaticSchedulingDirector.java:227)
	at ptolemy.domains.sdf.kernel.SDFDirector.fire(SDFDirector.java:500)
	at ptolemy.actor.CompositeActor.fire(CompositeActor.java:455)
	at ptolemy.domains.de.kernel.DEDirector._fire(DEDirector.java:1949)
	at ptolemy.domains.de.kernel.DEDirector.fire(DEDirector.java:502)
	at ptolemy.actor.CompositeActor.fire(CompositeActor.java:455)
	at ptolemy.actor.Manager.iterate(Manager.java:851)
	at ptolemy.actor.Manager.execute(Manager.java:369)
	at ptolemy.actor.Manager.run(Manager.java:1263)
	at ptolemy.actor.Manager$PtolemyRunThread.run(Manager.java:1933)

    while executing
ptolemy.kernel.util.IllegalActionException: Actor is not ready to fire.  Perhaps UpSample.prefire() returned false? Try debugging the actor by selecting "Listen to Actor".  Also, for SDF check moml for tokenConsumptionRate on input.
  in .DESDFClockTest.Play Bell.Copy1:SDF Director and .DESDFClockTest.Play Bell.UpSample
    while executing
"java::new ptolemy.moml.MoMLSimpleApplication $file
"
    (procedure "createAndExecute" line 2)
    invoked from within
"createAndExecute $file"
    ("uplevel" body line 5)
    invoked from within
"uplevel $contents_of_test"
------------------ testing $PTII/ptolemy/domains/de/test/auto/ActorDepthCalculation_actorWithoutPorts.xml
auto.tcl: Setting watchdog for 200 seconds at Sat Jun 13 14:37:52 UTC 2020
4 ms. Memory: 129024K Free: 101357K (79%)
ptolemy.util.test.WatchDog.cancel(): canceling Sat Jun 13 14:37:52 UTC 2020
auto.tcl: Setting watchdog for 200 seconds at Sat Jun 13 14:37:52 UTC 2020
5 ms. Memory: 129024K Free: 99837K (77%)
ptolemy.util.test.WatchDog.cancel(): canceling Sat Jun 13 14:37:52 UTC 2020
------------------ testing $PTII/ptolemy/domains/de/test/auto/AssemblyLine.xml
auto.tcl: Setting watchdog for 200 seconds at Sat Jun 13 14:37:53 UTC 2020
16 ms. Memory: 55296K Free: 31196K (56%)
ptolemy.util.test.WatchDog.cancel(): canceling Sat Jun 13 14:37:53 UTC 2020
auto.tcl: Setting watchdog for 200 seconds at Sat Jun 13 14:37:53 UTC 2020
6 ms. Memory: 55296K Free: 30311K (55%)
ptolemy.util.test.WatchDog.cancel(): canceling Sat Jun 13 14:37:53 UTC 2020
------------------ testing $PTII/ptolemy/domains/de/test/auto/CQBug1.xml
auto.tcl: Setting watchdog for 200 seconds at Sat Jun 13 14:37:53 UTC 2020
4 ms. Memory: 51200K Free: 33236K (65%)
ptolemy.util.test.WatchDog.cancel(): canceling Sat Jun 13 14:37:53 UTC 2020
auto.tcl: Setting watchdog for 200 seconds at Sat Jun 13 14:37:53 UTC 2020
3 ms. Memory: 51200K Free: 33236K (65%)
ptolemy.util.test.WatchDog.cancel(): canceling Sat Jun 13 14:37:53 UTC 2020
------------------ testing $PTII/ptolemy/domains/de/test/auto/CancelFireAt.xml
auto.tcl: Setting watchdog for 200 seconds at Sat Jun 13 14:37:53 UTC 2020
12 ms. Memory: 51200K Free: 34469K (67%)
ptolemy.util.test.WatchDog.cancel(): canceling Sat Jun 13 14:37:53 UTC 2020
auto.tcl: Setting watchdog for 200 seconds at Sat Jun 13 14:37:53 UTC 2020
2 ms. Memory: 51200K Free: 33993K (66%)
ptolemy.util.test.WatchDog.cancel(): canceling Sat Jun 13 14:37:53 UTC 2020
------------------ testing $PTII/ptolemy/domains/de/test/auto/CausalityAndComposabilityAnalysis.xml
auto.tcl: Setting watchdog for 200 seconds at Sat Jun 13 14:37:53 UTC 2020
13 ms. Memory: 51200K Free: 32708K (64%)
ptolemy.util.test.WatchDog.cancel(): canceling Sat Jun 13 14:37:53 UTC 2020
auto.tcl: Setting watchdog for 200 seconds at Sat Jun 13 14:37:53 UTC 2020
5 ms. Memory: 51200K Free: 31953K (62%)
ptolemy.util.test.WatchDog.cancel(): canceling Sat Jun 13 14:37:53 UTC 2020
------------------ testing $PTII/ptolemy/domains/de/test/auto/CausalityInterface1.xml
auto.tcl: Setting watchdog for 200 seconds at Sat Jun 13 14:37:53 UTC 2020
27 ms. Memory: 51200K Free: 31358K (61%)
ptolemy.util.test.WatchDog.cancel(): canceling Sat Jun 13 14:37:53 UTC 2020
auto.tcl: Setting watchdog for 200 seconds at Sat Jun 13 14:37:53 UTC 2020
3 ms. Memory: 51200K Free: 30383K (59%)
ptolemy.util.test.WatchDog.cancel(): canceling Sat Jun 13 14:37:53 UTC 2020
------------------ testing $PTII/ptolemy/domains/de/test/auto/CausalityInterface15.xml
auto.tcl: Setting watchdog for 200 seconds at Sat Jun 13 14:37:53 UTC 2020
9 ms. Memory: 51200K Free: 30937K (60%)
ptolemy.util.test.WatchDog.cancel(): canceling Sat Jun 13 14:37:53 UTC 2020
auto.tcl: Setting watchdog for 200 seconds at Sat Jun 13 14:37:53 UTC 2020
7 ms. Memory: 51200K Free: 30327K (59%)
ptolemy.util.test.WatchDog.cancel(): canceling Sat Jun 13 14:37:53 UTC 2020
------------------ testing $PTII/ptolemy/domains/de/test/auto/CausalityInterface2.xml
auto.tcl: Setting watchdog for 200 seconds at Sat Jun 13 14:37:53 UTC 2020
4 ms. Memory: 51200K Free: 31989K (62%)
ptolemy.util.test.WatchDog.cancel(): canceling Sat Jun 13 14:37:53 UTC 2020
auto.tcl: Setting watchdog for 200 seconds at Sat Jun 13 14:37:53 UTC 2020
3 ms. Memory: 51200K Free: 31335K (61%)
ptolemy.util.test.WatchDog.cancel(): canceling Sat Jun 13 14:37:53 UTC 2020
------------------ testing $PTII/ptolemy/domains/de/test/auto/CausalityInterface3.xml
auto.tcl: Setting watchdog for 200 seconds at Sat Jun 13 14:37:53 UTC 2020
6 ms. Memory: 51200K Free: 31427K (61%)
ptolemy.util.test.WatchDog.cancel(): canceling Sat Jun 13 14:37:53 UTC 2020
auto.tcl: Setting watchdog for 200 seconds at Sat Jun 13 14:37:53 UTC 2020
3 ms. Memory: 51200K Free: 30942K (60%)
ptolemy.util.test.WatchDog.cancel(): canceling Sat Jun 13 14:37:53 UTC 2020
------------------ testing $PTII/ptolemy/domains/de/test/auto/ClockDrift.xml
auto.tcl: Setting watchdog for 200 seconds at Sat Jun 13 14:37:54 UTC 2020
91 ms. Memory: 51200K Free: 24146K (47%)
ptolemy.util.test.WatchDog.cancel(): canceling Sat Jun 13 14:37:54 UTC 2020
auto.tcl: Setting watchdog for 200 seconds at Sat Jun 13 14:37:54 UTC 2020
33 ms. Memory: 51200K Free: 21135K (41%)
ptolemy.util.test.WatchDog.cancel(): canceling Sat Jun 13 14:37:54 UTC 2020
------------------ testing $PTII/ptolemy/domains/de/test/auto/ClockDriftAndValueChange.xml
auto.tcl: Setting watchdog for 200 seconds at Sat Jun 13 14:37:54 UTC 2020
50 ms. Memory: 51200K Free: 24246K (47%)
ptolemy.util.test.WatchDog.cancel(): canceling Sat Jun 13 14:37:54 UTC 2020
auto.tcl: Setting watchdog for 200 seconds at Sat Jun 13 14:37:54 UTC 2020
26 ms. Memory: 51200K Free: 21432K (42%)
ptolemy.util.test.WatchDog.cancel(): canceling Sat Jun 13 14:37:54 UTC 2020
------------------ testing $PTII/ptolemy/domains/de/test/auto/ClockDriftChange.xml
auto.tcl: Setting watchdog for 200 seconds at Sat Jun 13 14:37:54 UTC 2020
17 ms. Memory: 51200K Free: 26018K (51%)
ptolemy.util.test.WatchDog.cancel(): canceling Sat Jun 13 14:37:54 UTC 2020
auto.tcl: Setting watchdog for 200 seconds at Sat Jun 13 14:37:54 UTC 2020
29 ms. Memory: 51200K Free: 23639K (46%)
ptolemy.util.test.WatchDog.cancel(): canceling Sat Jun 13 14:37:54 UTC 2020
------------------ testing $PTII/ptolemy/domains/de/test/auto/ComposableCausalityAnalysis.xml
auto.tcl: Setting watchdog for 200 seconds at Sat Jun 13 14:37:54 UTC 2020
1 ms. Memory: 51200K Free: 30885K (60%)
ptolemy.util.test.WatchDog.cancel(): canceling Sat Jun 13 14:37:54 UTC 2020
auto.tcl: Setting watchdog for 200 seconds at Sat Jun 13 14:37:54 UTC 2020
4 ms. Memory: 51200K Free: 29817K (58%)
ptolemy.util.test.WatchDog.cancel(): canceling Sat Jun 13 14:37:54 UTC 2020
------------------ testing $PTII/ptolemy/domains/de/test/auto/DEFixedPointLimitation.xml
auto.tcl: Setting watchdog for 200 seconds at Sat Jun 13 14:37:54 UTC 2020
4 ms. Memory: 51200K Free: 32231K (63%)
ptolemy.util.test.WatchDog.cancel(): canceling Sat Jun 13 14:37:54 UTC 2020
auto.tcl: Setting watchdog for 200 seconds at Sat Jun 13 14:37:54 UTC 2020
1 ms. Memory: 51200K Free: 31365K (61%)
ptolemy.util.test.WatchDog.cancel(): canceling Sat Jun 13 14:37:54 UTC 2020
------------------ testing $PTII/ptolemy/domains/de/test/auto/DEScheduleTest.xml
auto.tcl: Setting watchdog for 200 seconds at Sat Jun 13 14:37:54 UTC 2020
3 ms. Memory: 51200K Free: 32582K (64%)
ptolemy.util.test.WatchDog.cancel(): canceling Sat Jun 13 14:37:54 UTC 2020
auto.tcl: Setting watchdog for 200 seconds at Sat Jun 13 14:37:54 UTC 2020
3 ms. Memory: 51200K Free: 31826K (62%)
ptolemy.util.test.WatchDog.cancel(): canceling Sat Jun 13 14:37:54 UTC 2020
------------------ testing $PTII/ptolemy/domains/de/test/auto/DEinDEwithStartTimes.xml
auto.tcl: Setting watchdog for 200 seconds at Sat Jun 13 14:37:54 UTC 2020
4 ms. Memory: 51200K Free: 30753K (60%)
ptolemy.util.test.WatchDog.cancel(): canceling Sat Jun 13 14:37:54 UTC 2020
auto.tcl: Setting watchdog for 200 seconds at Sat Jun 13 14:37:54 UTC 2020
3 ms. Memory: 51200K Free: 29729K (58%)
ptolemy.util.test.WatchDog.cancel(): canceling Sat Jun 13 14:37:54 UTC 2020
------------------ testing $PTII/ptolemy/domains/de/test/auto/DEinDEwithStartTimes2.xml
auto.tcl: Setting watchdog for 200 seconds at Sat Jun 13 14:37:54 UTC 2020
6 ms. Memory: 51200K Free: 29892K (58%)
ptolemy.util.test.WatchDog.cancel(): canceling Sat Jun 13 14:37:54 UTC 2020
auto.tcl: Setting watchdog for 200 seconds at Sat Jun 13 14:37:54 UTC 2020
3 ms. Memory: 51200K Free: 28684K (56%)
ptolemy.util.test.WatchDog.cancel(): canceling Sat Jun 13 14:37:54 UTC 2020
------------------ testing $PTII/ptolemy/domains/de/test/auto/DateDemo.xml
auto.tcl: Setting watchdog for 200 seconds at Sat Jun 13 14:37:54 UTC 2020
12 ms. Memory: 51200K Free: 24029K (47%)
ptolemy.util.test.WatchDog.cancel(): canceling Sat Jun 13 14:37:54 UTC 2020
auto.tcl: Setting watchdog for 200 seconds at Sat Jun 13 14:37:54 UTC 2020
7 ms. Memory: 51200K Free: 22627K (44%)
ptolemy.util.test.WatchDog.cancel(): canceling Sat Jun 13 14:37:54 UTC 2020
------------------ testing $PTII/ptolemy/domains/de/test/auto/DateToEvent.xml
auto.tcl: Setting watchdog for 200 seconds at Sat Jun 13 14:37:55 UTC 2020
2011 ms. Memory: 51200K Free: 20246K (40%)
ptolemy.util.test.WatchDog.cancel(): canceling Sat Jun 13 14:37:57 UTC 2020
auto.tcl: Setting watchdog for 200 seconds at Sat Jun 13 14:37:57 UTC 2020
2009 ms. Memory: 51200K Free: 19387K (38%)
ptolemy.util.test.WatchDog.cancel(): canceling Sat Jun 13 14:37:59 UTC 2020
------------------ testing $PTII/ptolemy/domains/de/test/auto/DepthTest1.xml
auto.tcl: Setting watchdog for 200 seconds at Sat Jun 13 14:37:59 UTC 2020
2 ms. Memory: 51200K Free: 33394K (65%)
ptolemy.util.test.WatchDog.cancel(): canceling Sat Jun 13 14:37:59 UTC 2020
auto.tcl: Setting watchdog for 200 seconds at Sat Jun 13 14:37:59 UTC 2020
1 ms. Memory: 51200K Free: 32940K (64%)
ptolemy.util.test.WatchDog.cancel(): canceling Sat Jun 13 14:37:59 UTC 2020
------------------ testing $PTII/ptolemy/domains/de/test/auto/DepthTest2.xml
auto.tcl: Setting watchdog for 200 seconds at Sat Jun 13 14:37:59 UTC 2020
11 ms. Memory: 51200K Free: 30195K (59%)
ptolemy.util.test.WatchDog.cancel(): canceling Sat Jun 13 14:37:59 UTC 2020
auto.tcl: Setting watchdog for 200 seconds at Sat Jun 13 14:37:59 UTC 2020
2 ms. Memory: 51200K Free: 29723K (58%)
ptolemy.util.test.WatchDog.cancel(): canceling Sat Jun 13 14:37:59 UTC 2020
------------------ testing $PTII/ptolemy/domains/de/test/auto/DepthTest3.xml
auto.tcl: Setting watchdog for 200 seconds at Sat Jun 13 14:37:59 UTC 2020
2 ms. Memory: 51200K Free: 33737K (66%)
ptolemy.util.test.WatchDog.cancel(): canceling Sat Jun 13 14:37:59 UTC 2020
auto.tcl: Setting watchdog for 200 seconds at Sat Jun 13 14:37:59 UTC 2020
2 ms. Memory: 51200K Free: 33273K (65%)
ptolemy.util.test.WatchDog.cancel(): canceling Sat Jun 13 14:37:59 UTC 2020
------------------ testing $PTII/ptolemy/domains/de/test/auto/DepthTest4.xml
auto.tcl: Setting watchdog for 200 seconds at Sat Jun 13 14:37:59 UTC 2020
3 ms. Memory: 51200K Free: 31972K (62%)
ptolemy.util.test.WatchDog.cancel(): canceling Sat Jun 13 14:37:59 UTC 2020
auto.tcl: Setting watchdog for 200 seconds at Sat Jun 13 14:37:59 UTC 2020
2 ms. Memory: 51200K Free: 30887K (60%)
ptolemy.util.test.WatchDog.cancel(): canceling Sat Jun 13 14:37:59 UTC 2020
------------------ testing $PTII/ptolemy/domains/de/test/auto/DepthTest5.xml
auto.tcl: Setting watchdog for 200 seconds at Sat Jun 13 14:37:59 UTC 2020
13 ms. Memory: 51200K Free: 31116K (61%)
ptolemy.util.test.WatchDog.cancel(): canceling Sat Jun 13 14:37:59 UTC 2020
auto.tcl: Setting watchdog for 200 seconds at Sat Jun 13 14:37:59 UTC 2020
3 ms. Memory: 51200K Free: 30689K (60%)
ptolemy.util.test.WatchDog.cancel(): canceling Sat Jun 13 14:37:59 UTC 2020
------------------ testing $PTII/ptolemy/domains/de/test/auto/DepthTest6.xml
auto.tcl: Setting watchdog for 200 seconds at Sat Jun 13 14:37:59 UTC 2020
3 ms. Memory: 51200K Free: 30870K (60%)
ptolemy.util.test.WatchDog.cancel(): canceling Sat Jun 13 14:37:59 UTC 2020
auto.tcl: Setting watchdog for 200 seconds at Sat Jun 13 14:37:59 UTC 2020
2 ms. Memory: 51200K Free: 30186K (59%)
ptolemy.util.test.WatchDog.cancel(): canceling Sat Jun 13 14:37:59 UTC 2020
------------------ testing $PTII/ptolemy/domains/de/test/auto/DepthTest7.xml
auto.tcl: Setting watchdog for 200 seconds at Sat Jun 13 14:37:59 UTC 2020
3 ms. Memory: 51200K Free: 31891K (62%)
ptolemy.util.test.WatchDog.cancel(): canceling Sat Jun 13 14:37:59 UTC 2020
auto.tcl: Setting watchdog for 200 seconds at Sat Jun 13 14:37:59 UTC 2020
2 ms. Memory: 51200K Free: 31224K (61%)
ptolemy.util.test.WatchDog.cancel(): canceling Sat Jun 13 14:37:59 UTC 2020
------------------ testing $PTII/ptolemy/domains/de/test/auto/EventToDate.xml
auto.tcl: Setting watchdog for 200 seconds at Sat Jun 13 14:37:59 UTC 2020
3005 ms. Memory: 51200K Free: 22488K (44%)
ptolemy.util.test.WatchDog.cancel(): canceling Sat Jun 13 14:38:02 UTC 2020
auto.tcl: Setting watchdog for 200 seconds at Sat Jun 13 14:38:02 UTC 2020
3003 ms. Memory: 51200K Free: 22042K (43%)
ptolemy.util.test.WatchDog.cancel(): canceling Sat Jun 13 14:38:05 UTC 2020
------------------ testing $PTII/ptolemy/domains/de/test/auto/FSM1.xml
auto.tcl: Setting watchdog for 200 seconds at Sat Jun 13 14:38:05 UTC 2020
19 ms. Memory: 51200K Free: 23660K (46%)
ptolemy.util.test.WatchDog.cancel(): canceling Sat Jun 13 14:38:05 UTC 2020
auto.tcl: Setting watchdog for 200 seconds at Sat Jun 13 14:38:05 UTC 2020
16 ms. Memory: 51200K Free: 20695K (40%)
ptolemy.util.test.WatchDog.cancel(): canceling Sat Jun 13 14:38:05 UTC 2020
------------------ testing $PTII/ptolemy/domains/de/test/auto/FSM7.xml
auto.tcl: Setting watchdog for 200 seconds at Sat Jun 13 14:38:05 UTC 2020
21 ms. Memory: 51200K Free: 23619K (46%)
ptolemy.util.test.WatchDog.cancel(): canceling Sat Jun 13 14:38:05 UTC 2020
auto.tcl: Setting watchdog for 200 seconds at Sat Jun 13 14:38:05 UTC 2020
21 ms. Memory: 51200K Free: 20465K (40%)
ptolemy.util.test.WatchDog.cancel(): canceling Sat Jun 13 14:38:05 UTC 2020
------------------ testing $PTII/ptolemy/domains/de/test/auto/Inspection.xml
auto.tcl: Setting watchdog for 200 seconds at Sat Jun 13 14:38:05 UTC 2020
30 ms. Memory: 51200K Free: 23645K (46%)
ptolemy.util.test.WatchDog.cancel(): canceling Sat Jun 13 14:38:06 UTC 2020
auto.tcl: Setting watchdog for 200 seconds at Sat Jun 13 14:38:06 UTC 2020
29 ms. Memory: 51200K Free: 21950K (43%)
ptolemy.util.test.WatchDog.cancel(): canceling Sat Jun 13 14:38:06 UTC 2020
------------------ testing $PTII/ptolemy/domains/de/test/auto/Iteration.xml
auto.tcl: Setting watchdog for 200 seconds at Sat Jun 13 14:38:06 UTC 2020
9 ms. Memory: 51200K Free: 29192K (57%)
ptolemy.util.test.WatchDog.cancel(): canceling Sat Jun 13 14:38:06 UTC 2020
auto.tcl: Setting watchdog for 200 seconds at Sat Jun 13 14:38:06 UTC 2020
6 ms. Memory: 51200K Free: 28010K (55%)
ptolemy.util.test.WatchDog.cancel(): canceling Sat Jun 13 14:38:06 UTC 2020
------------------ testing $PTII/ptolemy/domains/de/test/auto/LineFault.xml
auto.tcl: Setting watchdog for 200 seconds at Sat Jun 13 14:38:06 UTC 2020
645 ms. Memory: 65536K Free: 31808K (49%)
ptolemy.util.test.WatchDog.cancel(): canceling Sat Jun 13 14:38:07 UTC 2020
auto.tcl: Setting watchdog for 200 seconds at Sat Jun 13 14:38:07 UTC 2020
491 ms. Memory: 65536K Free: 35926K (55%)
ptolemy.util.test.WatchDog.cancel(): canceling Sat Jun 13 14:38:07 UTC 2020
------------------ testing $PTII/ptolemy/domains/de/test/auto/MergeModel1Add.xml
auto.tcl: Setting watchdog for 200 seconds at Sat Jun 13 14:38:07 UTC 2020
16 ms. Memory: 58368K Free: 22563K (39%)
ptolemy.util.test.WatchDog.cancel(): canceling Sat Jun 13 14:38:07 UTC 2020
auto.tcl: Setting watchdog for 200 seconds at Sat Jun 13 14:38:07 UTC 2020
13 ms. Memory: 58368K Free: 20943K (36%)
ptolemy.util.test.WatchDog.cancel(): canceling Sat Jun 13 14:38:07 UTC 2020
------------------ testing $PTII/ptolemy/domains/de/test/auto/MergeModel2Add.xml
auto.tcl: Setting watchdog for 200 seconds at Sat Jun 13 14:38:07 UTC 2020
10 ms. Memory: 51200K Free: 17195K (34%)
ptolemy.util.test.WatchDog.cancel(): canceling Sat Jun 13 14:38:07 UTC 2020
auto.tcl: Setting watchdog for 200 seconds at Sat Jun 13 14:38:07 UTC 2020
8 ms. Memory: 51200K Free: 15530K (30%)
ptolemy.util.test.WatchDog.cancel(): canceling Sat Jun 13 14:38:07 UTC 2020
------------------ testing $PTII/ptolemy/domains/de/test/auto/MergeModel3Add.xml
auto.tcl: Setting watchdog for 200 seconds at Sat Jun 13 14:38:07 UTC 2020
9 ms. Memory: 51200K Free: 17492K (34%)
ptolemy.util.test.WatchDog.cancel(): canceling Sat Jun 13 14:38:07 UTC 2020
auto.tcl: Setting watchdog for 200 seconds at Sat Jun 13 14:38:07 UTC 2020
9 ms. Memory: 51200K Free: 16082K (31%)
ptolemy.util.test.WatchDog.cancel(): canceling Sat Jun 13 14:38:07 UTC 2020
------------------ testing $PTII/ptolemy/domains/de/test/auto/MergeWithoutDiscard.xml
auto.tcl: Setting watchdog for 200 seconds at Sat Jun 13 14:38:07 UTC 2020
1 ms. Memory: 51200K Free: 32026K (63%)
ptolemy.util.test.WatchDog.cancel(): canceling Sat Jun 13 14:38:07 UTC 2020
auto.tcl: Setting watchdog for 200 seconds at Sat Jun 13 14:38:07 UTC 2020
1 ms. Memory: 51200K Free: 31591K (62%)
ptolemy.util.test.WatchDog.cancel(): canceling Sat Jun 13 14:38:07 UTC 2020
------------------ testing $PTII/ptolemy/domains/de/test/auto/Modal1.xml
auto.tcl: Setting watchdog for 200 seconds at Sat Jun 13 14:38:08 UTC 2020
11 ms. Memory: 51200K Free: 23959K (47%)
ptolemy.util.test.WatchDog.cancel(): canceling Sat Jun 13 14:38:08 UTC 2020
auto.tcl: Setting watchdog for 200 seconds at Sat Jun 13 14:38:08 UTC 2020
10 ms. Memory: 51200K Free: 20478K (40%)
ptolemy.util.test.WatchDog.cancel(): canceling Sat Jun 13 14:38:08 UTC 2020
------------------ testing $PTII/ptolemy/domains/de/test/auto/Modal2.xml
auto.tcl: Setting watchdog for 200 seconds at Sat Jun 13 14:38:08 UTC 2020
16 ms. Memory: 51200K Free: 24092K (47%)
ptolemy.util.test.WatchDog.cancel(): canceling Sat Jun 13 14:38:08 UTC 2020
auto.tcl: Setting watchdog for 200 seconds at Sat Jun 13 14:38:08 UTC 2020
17 ms. Memory: 51200K Free: 20843K (41%)
ptolemy.util.test.WatchDog.cancel(): canceling Sat Jun 13 14:38:08 UTC 2020
------------------ testing $PTII/ptolemy/domains/de/test/auto/Modal3.xml
auto.tcl: Setting watchdog for 200 seconds at Sat Jun 13 14:38:08 UTC 2020
10 ms. Memory: 51200K Free: 24061K (47%)
ptolemy.util.test.WatchDog.cancel(): canceling Sat Jun 13 14:38:08 UTC 2020
auto.tcl: Setting watchdog for 200 seconds at Sat Jun 13 14:38:08 UTC 2020
11 ms. Memory: 51200K Free: 20834K (41%)
ptolemy.util.test.WatchDog.cancel(): canceling Sat Jun 13 14:38:08 UTC 2020
------------------ testing $PTII/ptolemy/domains/de/test/auto/Modal4.xml
auto.tcl: Setting watchdog for 200 seconds at Sat Jun 13 14:38:08 UTC 2020
13 ms. Memory: 51200K Free: 23031K (45%)
ptolemy.util.test.WatchDog.cancel(): canceling Sat Jun 13 14:38:08 UTC 2020
auto.tcl: Setting watchdog for 200 seconds at Sat Jun 13 14:38:08 UTC 2020
14 ms. Memory: 51200K Free: 19225K (38%)
ptolemy.util.test.WatchDog.cancel(): canceling Sat Jun 13 14:38:08 UTC 2020
------------------ testing $PTII/ptolemy/domains/de/test/auto/Modal5.xml
auto.tcl: Setting watchdog for 200 seconds at Sat Jun 13 14:38:08 UTC 2020
12 ms. Memory: 51200K Free: 23010K (45%)
ptolemy.util.test.WatchDog.cancel(): canceling Sat Jun 13 14:38:08 UTC 2020
auto.tcl: Setting watchdog for 200 seconds at Sat Jun 13 14:38:08 UTC 2020
14 ms. Memory: 51200K Free: 19212K (38%)
ptolemy.util.test.WatchDog.cancel(): canceling Sat Jun 13 14:38:08 UTC 2020
------------------ testing $PTII/ptolemy/domains/de/test/auto/Modal6.xml
auto.tcl: Setting watchdog for 200 seconds at Sat Jun 13 14:38:08 UTC 2020
19 ms. Memory: 51200K Free: 23786K (46%)
ptolemy.util.test.WatchDog.cancel(): canceling Sat Jun 13 14:38:08 UTC 2020
auto.tcl: Setting watchdog for 200 seconds at Sat Jun 13 14:38:08 UTC 2020
15 ms. Memory: 51200K Free: 19845K (39%)
ptolemy.util.test.WatchDog.cancel(): canceling Sat Jun 13 14:38:08 UTC 2020
------------------ testing $PTII/ptolemy/domains/de/test/auto/Modal7.xml
auto.tcl: Setting watchdog for 200 seconds at Sat Jun 13 14:38:08 UTC 2020
22 ms. Memory: 51200K Free: 22793K (45%)
ptolemy.util.test.WatchDog.cancel(): canceling Sat Jun 13 14:38:08 UTC 2020
auto.tcl: Setting watchdog for 200 seconds at Sat Jun 13 14:38:08 UTC 2020
10 ms. Memory: 51200K Free: 19211K (38%)
ptolemy.util.test.WatchDog.cancel(): canceling Sat Jun 13 14:38:08 UTC 2020
------------------ testing $PTII/ptolemy/domains/de/test/auto/ModalModel.xml
auto.tcl: Setting watchdog for 200 seconds at Sat Jun 13 14:38:08 UTC 2020
206 ms. Memory: 51200K Free: 17237K (34%)
ptolemy.util.test.WatchDog.cancel(): canceling Sat Jun 13 14:38:09 UTC 2020
auto.tcl: Setting watchdog for 200 seconds at Sat Jun 13 14:38:09 UTC 2020
193 ms. Memory: 61440K Free: 24989K (41%)
ptolemy.util.test.WatchDog.cancel(): canceling Sat Jun 13 14:38:09 UTC 2020
------------------ testing $PTII/ptolemy/domains/de/test/auto/ModalSource.xml
auto.tcl: Setting watchdog for 200 seconds at Sat Jun 13 14:38:09 UTC 2020
6 ms. Memory: 55296K Free: 31965K (58%)
ptolemy.util.test.WatchDog.cancel(): canceling Sat Jun 13 14:38:09 UTC 2020
auto.tcl: Setting watchdog for 200 seconds at Sat Jun 13 14:38:09 UTC 2020
6 ms. Memory: 55296K Free: 30007K (54%)
ptolemy.util.test.WatchDog.cancel(): canceling Sat Jun 13 14:38:09 UTC 2020
------------------ testing $PTII/ptolemy/domains/de/test/auto/NonInterruptibleTimerZeroDelay.xml
auto.tcl: Setting watchdog for 200 seconds at Sat Jun 13 14:38:09 UTC 2020
3 ms. Memory: 55296K Free: 36870K (67%)
ptolemy.util.test.WatchDog.cancel(): canceling Sat Jun 13 14:38:09 UTC 2020
auto.tcl: Setting watchdog for 200 seconds at Sat Jun 13 14:38:09 UTC 2020
2 ms. Memory: 55296K Free: 36218K (65%)
ptolemy.util.test.WatchDog.cancel(): canceling Sat Jun 13 14:38:09 UTC 2020
------------------ testing $PTII/ptolemy/domains/de/test/auto/OpenQueueingNetwork.xml
auto.tcl: Setting watchdog for 200 seconds at Sat Jun 13 14:38:09 UTC 2020
2673 ms. Memory: 128000K Free: 80147K (63%)
ptolemy.util.test.WatchDog.cancel(): canceling Sat Jun 13 14:38:12 UTC 2020
auto.tcl: Setting watchdog for 200 seconds at Sat Jun 13 14:38:12 UTC 2020
2488 ms. Memory: 153600K Free: 105139K (68%)
ptolemy.util.test.WatchDog.cancel(): canceling Sat Jun 13 14:38:14 UTC 2020
------------------ testing $PTII/ptolemy/domains/de/test/auto/OpenQueuingNetwork.xml
auto.tcl: Setting watchdog for 200 seconds at Sat Jun 13 14:38:14 UTC 2020
231 ms. Memory: 58368K Free: 32027K (55%)
ptolemy.util.test.WatchDog.cancel(): canceling Sat Jun 13 14:38:15 UTC 2020
auto.tcl: Setting watchdog for 200 seconds at Sat Jun 13 14:38:15 UTC 2020
211 ms. Memory: 58368K Free: 12943K (22%)
ptolemy.util.test.WatchDog.cancel(): canceling Sat Jun 13 14:38:15 UTC 2020
------------------ testing $PTII/ptolemy/domains/de/test/auto/PeriodicSampler.xml
auto.tcl: Setting watchdog for 200 seconds at Sat Jun 13 14:38:15 UTC 2020
3 ms. Memory: 55296K Free: 36118K (65%)
ptolemy.util.test.WatchDog.cancel(): canceling Sat Jun 13 14:38:15 UTC 2020
auto.tcl: Setting watchdog for 200 seconds at Sat Jun 13 14:38:15 UTC 2020
2 ms. Memory: 55296K Free: 35598K (64%)
ptolemy.util.test.WatchDog.cancel(): canceling Sat Jun 13 14:38:15 UTC 2020
------------------ testing $PTII/ptolemy/domains/de/test/auto/PersistentIO.xml
auto.tcl: Setting watchdog for 200 seconds at Sat Jun 13 14:38:15 UTC 2020
13 ms. Memory: 55296K Free: 31026K (56%)
ptolemy.util.test.WatchDog.cancel(): canceling Sat Jun 13 14:38:15 UTC 2020
auto.tcl: Setting watchdog for 200 seconds at Sat Jun 13 14:38:15 UTC 2020
4 ms. Memory: 55296K Free: 29522K (53%)
ptolemy.util.test.WatchDog.cancel(): canceling Sat Jun 13 14:38:15 UTC 2020
------------------ testing $PTII/ptolemy/domains/de/test/auto/PortParameterResetOnInitialize.xml
auto.tcl: Setting watchdog for 200 seconds at Sat Jun 13 14:38:15 UTC 2020
2 ms. Memory: 55296K Free: 36040K (65%)
ptolemy.util.test.WatchDog.cancel(): canceling Sat Jun 13 14:38:15 UTC 2020
auto.tcl: Setting watchdog for 200 seconds at Sat Jun 13 14:38:15 UTC 2020
2 ms. Memory: 55296K Free: 35530K (64%)
ptolemy.util.test.WatchDog.cancel(): canceling Sat Jun 13 14:38:15 UTC 2020
------------------ testing $PTII/ptolemy/domains/de/test/auto/PortParameterUpdates.xml
auto.tcl: Setting watchdog for 200 seconds at Sat Jun 13 14:38:15 UTC 2020
3 ms. Memory: 51200K Free: 30230K (59%)
ptolemy.util.test.WatchDog.cancel(): canceling Sat Jun 13 14:38:15 UTC 2020
auto.tcl: Setting watchdog for 200 seconds at Sat Jun 13 14:38:15 UTC 2020
4 ms. Memory: 51200K Free: 29002K (57%)
ptolemy.util.test.WatchDog.cancel(): canceling Sat Jun 13 14:38:15 UTC 2020
------------------ testing $PTII/ptolemy/domains/de/test/auto/QueueAndServer.xml
auto.tcl: Setting watchdog for 200 seconds at Sat Jun 13 14:38:15 UTC 2020
11 ms. Memory: 51200K Free: 29184K (57%)
ptolemy.util.test.WatchDog.cancel(): canceling Sat Jun 13 14:38:15 UTC 2020
auto.tcl: Setting watchdog for 200 seconds at Sat Jun 13 14:38:15 UTC 2020
8 ms. Memory: 51200K Free: 27434K (54%)
ptolemy.util.test.WatchDog.cancel(): canceling Sat Jun 13 14:38:15 UTC 2020
------------------ testing $PTII/ptolemy/domains/de/test/auto/Records.xml
auto.tcl: Setting watchdog for 200 seconds at Sat Jun 13 14:38:15 UTC 2020
4 ms. Memory: 51200K Free: 31173K (61%)
ptolemy.util.test.WatchDog.cancel(): canceling Sat Jun 13 14:38:15 UTC 2020
auto.tcl: Setting watchdog for 200 seconds at Sat Jun 13 14:38:15 UTC 2020
2 ms. Memory: 51200K Free: 30629K (60%)
ptolemy.util.test.WatchDog.cancel(): canceling Sat Jun 13 14:38:15 UTC 2020
------------------ testing $PTII/ptolemy/domains/de/test/auto/ResetTransitionWithStartTime1.xml
auto.tcl: Setting watchdog for 200 seconds at Sat Jun 13 14:38:15 UTC 2020
12 ms. Memory: 51200K Free: 28430K (56%)
ptolemy.util.test.WatchDog.cancel(): canceling Sat Jun 13 14:38:15 UTC 2020
auto.tcl: Setting watchdog for 200 seconds at Sat Jun 13 14:38:15 UTC 2020
7 ms. Memory: 51200K Free: 26382K (52%)
ptolemy.util.test.WatchDog.cancel(): canceling Sat Jun 13 14:38:15 UTC 2020
------------------ testing $PTII/ptolemy/domains/de/test/auto/ResetTransitionWithStartTime2.xml
auto.tcl: Setting watchdog for 200 seconds at Sat Jun 13 14:38:15 UTC 2020
5 ms. Memory: 51200K Free: 28385K (55%)
ptolemy.util.test.WatchDog.cancel(): canceling Sat Jun 13 14:38:15 UTC 2020
auto.tcl: Setting watchdog for 200 seconds at Sat Jun 13 14:38:15 UTC 2020
5 ms. Memory: 51200K Free: 26342K (51%)
ptolemy.util.test.WatchDog.cancel(): canceling Sat Jun 13 14:38:15 UTC 2020
------------------ testing $PTII/ptolemy/domains/de/test/auto/ResetTransitionWithStartTime3.xml
auto.tcl: Setting watchdog for 200 seconds at Sat Jun 13 14:38:15 UTC 2020
5 ms. Memory: 51200K Free: 28385K (55%)
ptolemy.util.test.WatchDog.cancel(): canceling Sat Jun 13 14:38:15 UTC 2020
auto.tcl: Setting watchdog for 200 seconds at Sat Jun 13 14:38:15 UTC 2020
5 ms. Memory: 51200K Free: 26337K (51%)
ptolemy.util.test.WatchDog.cancel(): canceling Sat Jun 13 14:38:15 UTC 2020
------------------ testing $PTII/ptolemy/domains/de/test/auto/ResetTransitionWithStartTime4.xml
auto.tcl: Setting watchdog for 200 seconds at Sat Jun 13 14:38:15 UTC 2020
6 ms. Memory: 51200K Free: 28811K (56%)
ptolemy.util.test.WatchDog.cancel(): canceling Sat Jun 13 14:38:15 UTC 2020
auto.tcl: Setting watchdog for 200 seconds at Sat Jun 13 14:38:15 UTC 2020
2 ms. Memory: 51200K Free: 27359K (53%)
ptolemy.util.test.WatchDog.cancel(): canceling Sat Jun 13 14:38:15 UTC 2020
------------------ testing $PTII/ptolemy/domains/de/test/auto/ResettableTimer1.xml
auto.tcl: Setting watchdog for 200 seconds at Sat Jun 13 14:38:16 UTC 2020
3 ms. Memory: 51200K Free: 32591K (64%)
ptolemy.util.test.WatchDog.cancel(): canceling Sat Jun 13 14:38:16 UTC 2020
auto.tcl: Setting watchdog for 200 seconds at Sat Jun 13 14:38:16 UTC 2020
2 ms. Memory: 51200K Free: 31928K (62%)
ptolemy.util.test.WatchDog.cancel(): canceling Sat Jun 13 14:38:16 UTC 2020
------------------ testing $PTII/ptolemy/domains/de/test/auto/ResettableTimer2.xml
auto.tcl: Setting watchdog for 200 seconds at Sat Jun 13 14:38:16 UTC 2020
2 ms. Memory: 51200K Free: 32617K (64%)
ptolemy.util.test.WatchDog.cancel(): canceling Sat Jun 13 14:38:16 UTC 2020
auto.tcl: Setting watchdog for 200 seconds at Sat Jun 13 14:38:16 UTC 2020
2 ms. Memory: 51200K Free: 31998K (62%)
ptolemy.util.test.WatchDog.cancel(): canceling Sat Jun 13 14:38:16 UTC 2020
------------------ testing $PTII/ptolemy/domains/de/test/auto/ResettableTimer3.xml
auto.tcl: Setting watchdog for 200 seconds at Sat Jun 13 14:38:16 UTC 2020
3 ms. Memory: 51200K Free: 32517K (64%)
ptolemy.util.test.WatchDog.cancel(): canceling Sat Jun 13 14:38:16 UTC 2020
auto.tcl: Setting watchdog for 200 seconds at Sat Jun 13 14:38:16 UTC 2020
1 ms. Memory: 51200K Free: 32517K (64%)
ptolemy.util.test.WatchDog.cancel(): canceling Sat Jun 13 14:38:16 UTC 2020
------------------ testing $PTII/ptolemy/domains/de/test/auto/ResettableTimer4.xml
auto.tcl: Setting watchdog for 200 seconds at Sat Jun 13 14:38:16 UTC 2020
1 ms. Memory: 51200K Free: 32530K (64%)
ptolemy.util.test.WatchDog.cancel(): canceling Sat Jun 13 14:38:16 UTC 2020
auto.tcl: Setting watchdog for 200 seconds at Sat Jun 13 14:38:16 UTC 2020
1 ms. Memory: 51200K Free: 32027K (63%)
ptolemy.util.test.WatchDog.cancel(): canceling Sat Jun 13 14:38:16 UTC 2020
------------------ testing $PTII/ptolemy/domains/de/test/auto/ResettableTimer5.xml
auto.tcl: Setting watchdog for 200 seconds at Sat Jun 13 14:38:16 UTC 2020
1 ms. Memory: 51200K Free: 32014K (63%)
ptolemy.util.test.WatchDog.cancel(): canceling Sat Jun 13 14:38:16 UTC 2020
auto.tcl: Setting watchdog for 200 seconds at Sat Jun 13 14:38:16 UTC 2020
1 ms. Memory: 51200K Free: 31513K (62%)
ptolemy.util.test.WatchDog.cancel(): canceling Sat Jun 13 14:38:16 UTC 2020
------------------ testing $PTII/ptolemy/domains/de/test/auto/ResettableTimer6.xml
auto.tcl: Setting watchdog for 200 seconds at Sat Jun 13 14:38:16 UTC 2020
2 ms. Memory: 51200K Free: 32005K (63%)
ptolemy.util.test.WatchDog.cancel(): canceling Sat Jun 13 14:38:16 UTC 2020
auto.tcl: Setting watchdog for 200 seconds at Sat Jun 13 14:38:16 UTC 2020
1 ms. Memory: 51200K Free: 31495K (62%)
ptolemy.util.test.WatchDog.cancel(): canceling Sat Jun 13 14:38:16 UTC 2020
------------------ testing $PTII/ptolemy/domains/de/test/auto/ServerZeroDelay.xml
auto.tcl: Setting watchdog for 200 seconds at Sat Jun 13 14:38:16 UTC 2020
3 ms. Memory: 51200K Free: 32511K (63%)
ptolemy.util.test.WatchDog.cancel(): canceling Sat Jun 13 14:38:16 UTC 2020
auto.tcl: Setting watchdog for 200 seconds at Sat Jun 13 14:38:16 UTC 2020
2 ms. Memory: 51200K Free: 31487K (61%)
ptolemy.util.test.WatchDog.cancel(): canceling Sat Jun 13 14:38:16 UTC 2020
------------------ testing $PTII/ptolemy/domains/de/test/auto/SmartSender.xml
auto.tcl: Setting watchdog for 200 seconds at Sat Jun 13 14:38:16 UTC 2020
3001 ms. Memory: 51200K Free: 31989K (62%)
ptolemy.util.test.WatchDog.cancel(): canceling Sat Jun 13 14:38:19 UTC 2020
auto.tcl: Setting watchdog for 200 seconds at Sat Jun 13 14:38:19 UTC 2020
3002 ms. Memory: 51200K Free: 31479K (61%)
ptolemy.util.test.WatchDog.cancel(): canceling Sat Jun 13 14:38:22 UTC 2020
------------------ testing $PTII/ptolemy/domains/de/test/auto/ThreadedComposite.xml
auto.tcl: Setting watchdog for 200 seconds at Sat Jun 13 14:38:22 UTC 2020
161 ms. Memory: 51200K Free: 14086K (28%)
ptolemy.util.test.WatchDog.cancel(): canceling Sat Jun 13 14:38:22 UTC 2020
auto.tcl: Setting watchdog for 200 seconds at Sat Jun 13 14:38:22 UTC 2020
260 ms. Memory: 51200K Free: 16003K (31%)
ptolemy.util.test.WatchDog.cancel(): canceling Sat Jun 13 14:38:22 UTC 2020
------------------ testing $PTII/ptolemy/domains/de/test/auto/Time.xml
auto.tcl: Setting watchdog for 200 seconds at Sat Jun 13 14:38:22 UTC 2020
447 ms. Memory: 51200K Free: 9154K (18%)
ptolemy.util.test.WatchDog.cancel(): canceling Sat Jun 13 14:38:23 UTC 2020
auto.tcl: Setting watchdog for 200 seconds at Sat Jun 13 14:38:23 UTC 2020
390 ms. Memory: 51200K Free: 16091K (31%)
ptolemy.util.test.WatchDog.cancel(): canceling Sat Jun 13 14:38:23 UTC 2020
------------------ testing $PTII/ptolemy/domains/de/test/auto/TimeDelayZeroDelay.xml
auto.tcl: Setting watchdog for 200 seconds at Sat Jun 13 14:38:23 UTC 2020
2 ms. Memory: 51200K Free: 32927K (64%)
ptolemy.util.test.WatchDog.cancel(): canceling Sat Jun 13 14:38:23 UTC 2020
auto.tcl: Setting watchdog for 200 seconds at Sat Jun 13 14:38:23 UTC 2020
1 ms. Memory: 51200K Free: 32030K (63%)
ptolemy.util.test.WatchDog.cancel(): canceling Sat Jun 13 14:38:23 UTC 2020
------------------ testing $PTII/ptolemy/domains/de/test/auto/TimerZeroDelay.xml
auto.tcl: Setting watchdog for 200 seconds at Sat Jun 13 14:38:23 UTC 2020
2 ms. Memory: 51200K Free: 32880K (64%)
ptolemy.util.test.WatchDog.cancel(): canceling Sat Jun 13 14:38:23 UTC 2020
auto.tcl: Setting watchdog for 200 seconds at Sat Jun 13 14:38:23 UTC 2020
2 ms. Memory: 51200K Free: 32058K (63%)
ptolemy.util.test.WatchDog.cancel(): canceling Sat Jun 13 14:38:23 UTC 2020
------------------ testing $PTII/ptolemy/domains/de/test/auto/TimingParadox.xml
auto.tcl: Setting watchdog for 200 seconds at Sat Jun 13 14:38:24 UTC 2020
288 ms. Memory: 65536K Free: 44604K (68%)
ptolemy.util.test.WatchDog.cancel(): canceling Sat Jun 13 14:38:24 UTC 2020
auto.tcl: Setting watchdog for 200 seconds at Sat Jun 13 14:38:24 UTC 2020
282 ms. Memory: 65536K Free: 45617K (70%)
ptolemy.util.test.WatchDog.cancel(): canceling Sat Jun 13 14:38:24 UTC 2020
------------------ testing $PTII/ptolemy/domains/de/test/auto/TransferInputs.xml
auto.tcl: Setting watchdog for 200 seconds at Sat Jun 13 14:38:24 UTC 2020
2 ms. Memory: 58368K Free: 38124K (65%)
ptolemy.util.test.WatchDog.cancel(): canceling Sat Jun 13 14:38:24 UTC 2020
auto.tcl: Setting watchdog for 200 seconds at Sat Jun 13 14:38:24 UTC 2020
1 ms. Memory: 58368K Free: 37171K (64%)
ptolemy.util.test.WatchDog.cancel(): canceling Sat Jun 13 14:38:24 UTC 2020
------------------ testing $PTII/ptolemy/domains/de/test/auto/TransferOutputs2.xml
auto.tcl: Setting watchdog for 200 seconds at Sat Jun 13 14:38:24 UTC 2020
11 ms. Memory: 51200K Free: 28384K (55%)
ptolemy.util.test.WatchDog.cancel(): canceling Sat Jun 13 14:38:24 UTC 2020
auto.tcl: Setting watchdog for 200 seconds at Sat Jun 13 14:38:24 UTC 2020
3 ms. Memory: 51200K Free: 26973K (53%)
ptolemy.util.test.WatchDog.cancel(): canceling Sat Jun 13 14:38:24 UTC 2020
------------------ testing $PTII/ptolemy/domains/de/test/auto/Trilateration.xml
auto.tcl: Setting watchdog for 200 seconds at Sat Jun 13 14:38:24 UTC 2020
10908 ms. Memory: 473088K Free: 241673K (51%)
ptolemy.util.test.WatchDog.cancel(): canceling Sat Jun 13 14:38:36 UTC 2020
auto.tcl: Setting watchdog for 200 seconds at Sat Jun 13 14:38:36 UTC 2020
8730 ms. Memory: 473088K Free: 415875K (88%)
ptolemy.util.test.WatchDog.cancel(): canceling Sat Jun 13 14:38:45 UTC 2020
------------------ testing $PTII/ptolemy/domains/de/test/auto/TwoSigmaDelta.xml
auto.tcl: Setting watchdog for 200 seconds at Sat Jun 13 14:38:45 UTC 2020
2236 ms. Memory: 92160K Free: 28604K (31%)
ptolemy.util.test.WatchDog.cancel(): canceling Sat Jun 13 14:38:48 UTC 2020
auto.tcl: Setting watchdog for 200 seconds at Sat Jun 13 14:38:48 UTC 2020
1731 ms. Memory: 92160K Free: 29605K (32%)
ptolemy.util.test.WatchDog.cancel(): canceling Sat Jun 13 14:38:49 UTC 2020
------------------ testing $PTII/ptolemy/domains/de/test/auto/VariableDelay.xml
auto.tcl: Setting watchdog for 200 seconds at Sat Jun 13 14:38:49 UTC 2020
2 ms. Memory: 55296K Free: 35535K (64%)
ptolemy.util.test.WatchDog.cancel(): canceling Sat Jun 13 14:38:49 UTC 2020
auto.tcl: Setting watchdog for 200 seconds at Sat Jun 13 14:38:49 UTC 2020
1 ms. Memory: 55296K Free: 34519K (62%)
ptolemy.util.test.WatchDog.cancel(): canceling Sat Jun 13 14:38:49 UTC 2020
------------------ testing $PTII/ptolemy/domains/de/test/auto/VariableDelay2.xml
auto.tcl: Setting watchdog for 200 seconds at Sat Jun 13 14:38:49 UTC 2020
7 ms. Memory: 55296K Free: 35941K (65%)
ptolemy.util.test.WatchDog.cancel(): canceling Sat Jun 13 14:38:49 UTC 2020
auto.tcl: Setting watchdog for 200 seconds at Sat Jun 13 14:38:49 UTC 2020
2 ms. Memory: 55296K Free: 35437K (64%)
ptolemy.util.test.WatchDog.cancel(): canceling Sat Jun 13 14:38:49 UTC 2020
------------------ testing $PTII/ptolemy/domains/de/test/auto/VariableDelayZeroDelay.xml
auto.tcl: Setting watchdog for 200 seconds at Sat Jun 13 14:38:49 UTC 2020
1 ms. Memory: 55296K Free: 36460K (66%)
ptolemy.util.test.WatchDog.cancel(): canceling Sat Jun 13 14:38:49 UTC 2020
auto.tcl: Setting watchdog for 200 seconds at Sat Jun 13 14:38:49 UTC 2020
2 ms. Memory: 55296K Free: 35932K (65%)
ptolemy.util.test.WatchDog.cancel(): canceling Sat Jun 13 14:38:49 UTC 2020
------------------ testing $PTII/ptolemy/domains/de/test/auto/VariableDelayZeroDelay2.xml
auto.tcl: Setting watchdog for 200 seconds at Sat Jun 13 14:38:49 UTC 2020
1 ms. Memory: 55296K Free: 36459K (66%)
ptolemy.util.test.WatchDog.cancel(): canceling Sat Jun 13 14:38:49 UTC 2020
auto.tcl: Setting watchdog for 200 seconds at Sat Jun 13 14:38:49 UTC 2020
2 ms. Memory: 55296K Free: 35435K (64%)
ptolemy.util.test.WatchDog.cancel(): canceling Sat Jun 13 14:38:49 UTC 2020
------------------ testing $PTII/ptolemy/domains/de/test/auto/deInCt.xml
auto.tcl: Setting watchdog for 200 seconds at Sat Jun 13 14:38:50 UTC 2020
0
1
1
1
1
1
1
0
0
0
1
1
1
0
0
0
1
1
1
0
0
0
0
1
1
1
0
0
0
0
1
1
1
1
14 ms. Memory: 55296K Free: 35432K (64%)
ptolemy.util.test.WatchDog.cancel(): canceling Sat Jun 13 14:38:50 UTC 2020
auto.tcl: Setting watchdog for 200 seconds at Sat Jun 13 14:38:50 UTC 2020
0
1
1
1
0
0
0
0
0
1
1
1
0
0
0
1
1
1
1
1
1
1
0
0
0
1
1
1
0
0
0
1
1
1
1
7 ms. Memory: 55296K Free: 33894K (61%)
ptolemy.util.test.WatchDog.cancel(): canceling Sat Jun 13 14:38:50 UTC 2020
------------------ testing $PTII/ptolemy/domains/de/test/auto/deInCt2.xml
auto.tcl: Setting watchdog for 200 seconds at Sat Jun 13 14:38:50 UTC 2020
0
1
1
1
0
0
1
1
1
0
0
1
1
1
0
0
1
1
1
0
0
1
1
1
0
0
1
1
1
0
0
1
1
1
0
0
1
1
1
0
0
0
9 ms. Memory: 55296K Free: 35432K (64%)
ptolemy.util.test.WatchDog.cancel(): canceling Sat Jun 13 14:38:50 UTC 2020
auto.tcl: Setting watchdog for 200 seconds at Sat Jun 13 14:38:50 UTC 2020
0
1
1
1
0
0
1
1
1
0
0
1
1
1
0
0
1
1
1
0
0
1
1
1
0
0
1
1
1
0
0
1
1
1
0
0
1
1
1
0
0
0
5 ms. Memory: 55296K Free: 33880K (61%)
ptolemy.util.test.WatchDog.cancel(): canceling Sat Jun 13 14:38:50 UTC 2020
------------------ testing $PTII/ptolemy/domains/de/test/auto/dynamicCausalityInterface1.xml
auto.tcl: Setting watchdog for 200 seconds at Sat Jun 13 14:38:50 UTC 2020
2 ms. Memory: 55296K Free: 31259K (57%)
ptolemy.util.test.WatchDog.cancel(): canceling Sat Jun 13 14:38:50 UTC 2020
auto.tcl: Setting watchdog for 200 seconds at Sat Jun 13 14:38:50 UTC 2020
1 ms. Memory: 55296K Free: 30745K (56%)
ptolemy.util.test.WatchDog.cancel(): canceling Sat Jun 13 14:38:50 UTC 2020
------------------ testing $PTII/ptolemy/domains/de/test/auto/fsm_de_test.xml
auto.tcl: Setting watchdog for 200 seconds at Sat Jun 13 14:38:50 UTC 2020
9 ms. Memory: 55296K Free: 31157K (56%)
ptolemy.util.test.WatchDog.cancel(): canceling Sat Jun 13 14:38:50 UTC 2020
auto.tcl: Setting watchdog for 200 seconds at Sat Jun 13 14:38:50 UTC 2020
7 ms. Memory: 55296K Free: 29109K (53%)
ptolemy.util.test.WatchDog.cancel(): canceling Sat Jun 13 14:38:50 UTC 2020
------------------ testing $PTII/ptolemy/domains/de/test/auto/functionDependencyReconstruction.xml
auto.tcl: Setting watchdog for 200 seconds at Sat Jun 13 14:38:50 UTC 2020
2 ms. Memory: 55296K Free: 25003K (45%)
ptolemy.util.test.WatchDog.cancel(): canceling Sat Jun 13 14:38:50 UTC 2020
auto.tcl: Setting watchdog for 200 seconds at Sat Jun 13 14:38:50 UTC 2020
3 ms. Memory: 55296K Free: 22955K (42%)
ptolemy.util.test.WatchDog.cancel(): canceling Sat Jun 13 14:38:50 UTC 2020
------------------ testing $PTII/ptolemy/domains/de/test/auto/multirate.xml
auto.tcl: Setting watchdog for 200 seconds at Sat Jun 13 14:38:50 UTC 2020
3 ms. Memory: 55296K Free: 33767K (61%)
ptolemy.util.test.WatchDog.cancel(): canceling Sat Jun 13 14:38:50 UTC 2020
auto.tcl: Setting watchdog for 200 seconds at Sat Jun 13 14:38:50 UTC 2020
2 ms. Memory: 55296K Free: 32053K (58%)
ptolemy.util.test.WatchDog.cancel(): canceling Sat Jun 13 14:38:50 UTC 2020
------------------ testing $PTII/ptolemy/domains/de/test/auto/multirate2.xml
auto.tcl: Setting watchdog for 200 seconds at Sat Jun 13 14:38:50 UTC 2020
3 ms. Memory: 55296K Free: 33754K (61%)
ptolemy.util.test.WatchDog.cancel(): canceling Sat Jun 13 14:38:50 UTC 2020
auto.tcl: Setting watchdog for 200 seconds at Sat Jun 13 14:38:50 UTC 2020
2 ms. Memory: 55296K Free: 32234K (58%)
ptolemy.util.test.WatchDog.cancel(): canceling Sat Jun 13 14:38:50 UTC 2020
------------------ testing $PTII/ptolemy/domains/de/test/auto/realtime.xml
auto.tcl: Setting watchdog for 200 seconds at Sat Jun 13 14:38:50 UTC 2020
10001 ms. Memory: 55296K Free: 36001K (65%)
ptolemy.util.test.WatchDog.cancel(): canceling Sat Jun 13 14:39:00 UTC 2020
auto.tcl: Setting watchdog for 200 seconds at Sat Jun 13 14:39:00 UTC 2020
10001 ms. Memory: 55296K Free: 35456K (64%)
ptolemy.util.test.WatchDog.cancel(): canceling Sat Jun 13 14:39:10 UTC 2020
------------------ testing $PTII/ptolemy/domains/de/test/auto/relationGroup.xml
auto.tcl: Setting watchdog for 200 seconds at Sat Jun 13 14:39:10 UTC 2020
1 ms. Memory: 55296K Free: 37059K (67%)
ptolemy.util.test.WatchDog.cancel(): canceling Sat Jun 13 14:39:10 UTC 2020
auto.tcl: Setting watchdog for 200 seconds at Sat Jun 13 14:39:10 UTC 2020
2 ms. Memory: 55296K Free: 36531K (66%)
ptolemy.util.test.WatchDog.cancel(): canceling Sat Jun 13 14:39:10 UTC 2020
------------------ testing $PTII/ptolemy/domains/de/test/auto/relationGroup2.xml
auto.tcl: Setting watchdog for 200 seconds at Sat Jun 13 14:39:10 UTC 2020
1 ms. Memory: 55296K Free: 36921K (67%)
ptolemy.util.test.WatchDog.cancel(): canceling Sat Jun 13 14:39:10 UTC 2020
auto.tcl: Setting watchdog for 200 seconds at Sat Jun 13 14:39:10 UTC 2020
2 ms. Memory: 55296K Free: 36411K (66%)
ptolemy.util.test.WatchDog.cancel(): canceling Sat Jun 13 14:39:10 UTC 2020
------------------ testing $PTII/ptolemy/domains/de/test/auto/sortWithOpaquePorts.xml
auto.tcl: Setting watchdog for 200 seconds at Sat Jun 13 14:39:10 UTC 2020
2 ms. Memory: 55296K Free: 35883K (65%)
ptolemy.util.test.WatchDog.cancel(): canceling Sat Jun 13 14:39:10 UTC 2020
auto.tcl: Setting watchdog for 200 seconds at Sat Jun 13 14:39:10 UTC 2020
1 ms. Memory: 55296K Free: 34859K (63%)
ptolemy.util.test.WatchDog.cancel(): canceling Sat Jun 13 14:39:10 UTC 2020
------------------ testing $PTII/ptolemy/domains/de/test/auto/transferInputsandOutputs.xml
auto.tcl: Setting watchdog for 200 seconds at Sat Jun 13 14:39:10 UTC 2020
2 ms. Memory: 55296K Free: 33327K (60%)
ptolemy.util.test.WatchDog.cancel(): canceling Sat Jun 13 14:39:10 UTC 2020
auto.tcl: Setting watchdog for 200 seconds at Sat Jun 13 14:39:10 UTC 2020
2 ms. Memory: 55296K Free: 32303K (58%)
ptolemy.util.test.WatchDog.cancel(): canceling Sat Jun 13 14:39:10 UTC 2020
------------------ testing $PTII/ptolemy/domains/de/test/auto/triggerType.xml
auto.tcl: Setting watchdog for 200 seconds at Sat Jun 13 14:39:10 UTC 2020
1 ms. Memory: 55296K Free: 36351K (66%)
ptolemy.util.test.WatchDog.cancel(): canceling Sat Jun 13 14:39:10 UTC 2020
auto.tcl: Setting watchdog for 200 seconds at Sat Jun 13 14:39:10 UTC 2020
2 ms. Memory: 55296K Free: 35327K (64%)
ptolemy.util.test.WatchDog.cancel(): canceling Sat Jun 13 14:39:10 UTC 2020
06/13/20 02:39:10
Failed: 0  Total Tests: 192  ((Passed: 187, Newly Passed: 1)  Known Failed: 5) /home/travis/build/icyphy/ptII/ptolemy/domains/de/test
06/13/20 02:39:10
Failed: 0  Total Tests: 192  ((Passed: 187, Newly Passed: 1)  Known Failed: 5) /home/travis/build/icyphy/ptII/ptolemy/domains/de/test
----------------- testing (KnownFailure) /home/travis/build/icyphy/ptII/ptolemy/domains/de/test/auto/knownFailedTests/DESDFClockTest.xml
2016 ms. Memory: 55296K Free: 29747K (54%)
Known Failure: java.lang.reflect.InvocationTargetException
----------------- testing (KnownFailure) /home/travis/build/icyphy/ptII/ptolemy/domains/de/test/auto/knownFailedTests/DirectFeedback.xml
1 ms. Memory: 55296K Free: 25651K (46%)
Known Failure: java.lang.reflect.InvocationTargetException
----------------- testing (KnownFailure) /home/travis/build/icyphy/ptII/ptolemy/domains/de/test/auto/knownFailedTests/FSMSource.xml
16 ms. Memory: 55296K Free: 17973K (33%)
----------------- testing (KnownFailure) /home/travis/build/icyphy/ptII/ptolemy/domains/de/test/auto/knownFailedTests/HierarchicalModel.xml
2 ms. Memory: 55296K Free: 33167K (60%)
Known Failure: java.lang.reflect.InvocationTargetException
----------------- testing (KnownFailure) /home/travis/build/icyphy/ptII/ptolemy/domains/de/test/auto/knownFailedTests/dependencyLoop.xml
7 ms. Memory: 55296K Free: 17445K (32%)
Known Failure: java.lang.reflect.InvocationTargetException
----------------- testing (KnownFailure) /home/travis/build/icyphy/ptII/ptolemy/domains/de/test/auto/knownFailedTests/dependencyLoop2.xml
2 ms. Memory: 55296K Free: 33507K (61%)
Known Failure: java.lang.reflect.InvocationTargetException
No auto/linux-amd64/*.xml tests in /home/travis/build/icyphy/ptII/ptolemy/domains/de/test
AutoTests.java: About to close Vertx.
AutoTests.java: Vertx closed.

===========================================================================================
----------------- testing Sat Jun 13 14:39:13 UTC 2020 /home/travis/build/icyphy/ptII/ptolemy/domains/de/test/auto/ActorDepthCalculation_actorWithoutPorts.xml
----------------- Instantiating /home/travis/build/icyphy/ptII/ptolemy/domains/de/test/auto/ActorDepthCalculation_actorWithoutPorts.xml
1 ms. Memory: 55296K Free: 26749K (48%)
----------------- Invoking toplevel() on ptolemy.moml.MoMLSimpleApplication@7cef3b2d
----------------- Done invoking toplevel() on ptolemy.moml.MoMLSimpleApplication@7cef3b2d
reloadAllAccessors: .ActorDepthCalculation_actorWithoutPorts

===========================================================================================
----------------- testing Sat Jun 13 14:39:13 UTC 2020 /home/travis/build/icyphy/ptII/ptolemy/domains/de/test/auto/AssemblyLine.xml
----------------- Instantiating /home/travis/build/icyphy/ptII/ptolemy/domains/de/test/auto/AssemblyLine.xml
6 ms. Memory: 55296K Free: 19541K (35%)
----------------- Invoking toplevel() on ptolemy.moml.MoMLSimpleApplication@36487ad9
----------------- Done invoking toplevel() on ptolemy.moml.MoMLSimpleApplication@36487ad9
reloadAllAccessors: .AssemblyLine

===========================================================================================
----------------- testing Sat Jun 13 14:39:13 UTC 2020 /home/travis/build/icyphy/ptII/ptolemy/domains/de/test/auto/CQBug1.xml
----------------- Instantiating /home/travis/build/icyphy/ptII/ptolemy/domains/de/test/auto/CQBug1.xml
2 ms. Memory: 55296K Free: 16469K (30%)
----------------- Invoking toplevel() on ptolemy.moml.MoMLSimpleApplication@59071ebe
----------------- Done invoking toplevel() on ptolemy.moml.MoMLSimpleApplication@59071ebe
reloadAllAccessors: .CQBug1

===========================================================================================
----------------- testing Sat Jun 13 14:39:13 UTC 2020 /home/travis/build/icyphy/ptII/ptolemy/domains/de/test/auto/CancelFireAt.xml
----------------- Instantiating /home/travis/build/icyphy/ptII/ptolemy/domains/de/test/auto/CancelFireAt.xml
13 ms. Memory: 55296K Free: 14059K (25%)
----------------- Invoking toplevel() on ptolemy.moml.MoMLSimpleApplication@52ddadfa
----------------- Done invoking toplevel() on ptolemy.moml.MoMLSimpleApplication@52ddadfa
reloadAllAccessors: .CancelFireAt

===========================================================================================
----------------- testing Sat Jun 13 14:39:13 UTC 2020 /home/travis/build/icyphy/ptII/ptolemy/domains/de/test/auto/CausalityAndComposabilityAnalysis.xml
----------------- Instantiating /home/travis/build/icyphy/ptII/ptolemy/domains/de/test/auto/CausalityAndComposabilityAnalysis.xml
2 ms. Memory: 55296K Free: 9656K (17%)
----------------- Invoking toplevel() on ptolemy.moml.MoMLSimpleApplication@1d909c70
----------------- Done invoking toplevel() on ptolemy.moml.MoMLSimpleApplication@1d909c70
reloadAllAccessors: .CausalityAndComposabilityAnalysis

===========================================================================================
----------------- testing Sat Jun 13 14:39:13 UTC 2020 /home/travis/build/icyphy/ptII/ptolemy/domains/de/test/auto/CausalityInterface1.xml
----------------- Instantiating /home/travis/build/icyphy/ptII/ptolemy/domains/de/test/auto/CausalityInterface1.xml
4 ms. Memory: 55296K Free: 35832K (65%)
----------------- Invoking toplevel() on ptolemy.moml.MoMLSimpleApplication@224cba4d
----------------- Done invoking toplevel() on ptolemy.moml.MoMLSimpleApplication@224cba4d
reloadAllAccessors: .CausalityInterface1

===========================================================================================
----------------- testing Sat Jun 13 14:39:13 UTC 2020 /home/travis/build/icyphy/ptII/ptolemy/domains/de/test/auto/CausalityInterface15.xml
----------------- Instantiating /home/travis/build/icyphy/ptII/ptolemy/domains/de/test/auto/CausalityInterface15.xml
2 ms. Memory: 55296K Free: 30391K (55%)
----------------- Invoking toplevel() on ptolemy.moml.MoMLSimpleApplication@41056f4f
----------------- Done invoking toplevel() on ptolemy.moml.MoMLSimpleApplication@41056f4f
reloadAllAccessors: .CausalityInterface15

===========================================================================================
----------------- testing Sat Jun 13 14:39:13 UTC 2020 /home/travis/build/icyphy/ptII/ptolemy/domains/de/test/auto/CausalityInterface2.xml
----------------- Instantiating /home/travis/build/icyphy/ptII/ptolemy/domains/de/test/auto/CausalityInterface2.xml
2 ms. Memory: 55296K Free: 25901K (47%)
[...]
	at ptolemy.actor.Manager.run(Manager.java:1263)
	at ptolemy.actor.Manager$PtolemyRunThread.run(Manager.java:1933)
java.lang.RuntimeException: Execution failed
	at ptolemy.moml.MoMLSimpleApplication$UnloadThread.run(MoMLSimpleApplication.java:402)
Caused by: ptolemy.kernel.util.IllegalActionException: Actor is not ready to fire.  Perhaps UpSample.prefire() returned false? Try debugging the actor by selecting "Listen to Actor".  Also, for SDF check moml for tokenConsumptionRate on input.
  in .DESDFClockTest.Play Bell.Copy1:SDF Director and .DESDFClockTest.Play Bell.UpSample
	at ptolemy.actor.sched.StaticSchedulingDirector.fire(StaticSchedulingDirector.java:227)
	at ptolemy.domains.sdf.kernel.SDFDirector.fire(SDFDirector.java:500)
	at ptolemy.actor.CompositeActor.fire(CompositeActor.java:455)
	at ptolemy.domains.de.kernel.DEDirector._fire(DEDirector.java:1949)
	at ptolemy.domains.de.kernel.DEDirector.fire(DEDirector.java:502)
	at ptolemy.actor.CompositeActor.fire(CompositeActor.java:455)
	at ptolemy.actor.Manager.iterate(Manager.java:851)
	at ptolemy.actor.Manager.execute(Manager.java:369)
	at ptolemy.actor.Manager.run(Manager.java:1263)
	at ptolemy.actor.Manager$PtolemyRunThread.run(Manager.java:1933)
java.lang.reflect.InvocationTargetException
	at java.base/jdk.internal.reflect.NativeConstructorAccessorImpl.newInstance0(Native Method)
	at java.base/jdk.internal.reflect.NativeConstructorAccessorImpl.newInstance(NativeConstructorAccessorImpl.java:62)
	at java.base/jdk.internal.reflect.DelegatingConstructorAccessorImpl.newInstance(DelegatingConstructorAccessorImpl.java:45)
	at java.base/java.lang.reflect.Constructor.newInstance(Constructor.java:490)
	at ptolemy.util.test.junit.AutoKnownFailedTests.RunModel(AutoKnownFailedTests.java:105)
	at java.base/jdk.internal.reflect.NativeMethodAccessorImpl.invoke0(Native Method)
	at java.base/jdk.internal.reflect.NativeMethodAccessorImpl.invoke(NativeMethodAccessorImpl.java:62)
	at java.base/jdk.internal.reflect.DelegatingMethodAccessorImpl.invoke(DelegatingMethodAccessorImpl.java:43)
	at java.base/java.lang.reflect.Method.invoke(Method.java:566)
	at org.junit.runners.model.FrameworkMethod$1.runReflectiveCall(FrameworkMethod.java:44)
	at org.junit.internal.runners.model.ReflectiveCallable.run(ReflectiveCallable.java:15)
	at org.junit.runners.model.FrameworkMethod.invokeExplosively(FrameworkMethod.java:41)
	at junitparams.internal.InvokeParameterisedMethod.evaluate(InvokeParameterisedMethod.java:102)
	at org.junit.internal.runners.statements.FailOnTimeout$1.run(FailOnTimeout.java:28)
Caused by: ptolemy.kernel.util.IllegalActionException: Actor is not ready to fire.  Perhaps UpSample.prefire() returned false? Try debugging the actor by selecting "Listen to Actor".  Also, for SDF check moml for tokenConsumptionRate on input.
  in .DESDFClockTest.Play Bell.Copy1:SDF Director and .DESDFClockTest.Play Bell.UpSample
	at ptolemy.actor.sched.StaticSchedulingDirector.fire(StaticSchedulingDirector.java:227)
	at ptolemy.domains.sdf.kernel.SDFDirector.fire(SDFDirector.java:500)
	at ptolemy.actor.CompositeActor.fire(CompositeActor.java:455)
	at ptolemy.domains.de.kernel.DEDirector._fire(DEDirector.java:1949)
	at ptolemy.domains.de.kernel.DEDirector.fire(DEDirector.java:502)
	at ptolemy.actor.CompositeActor.fire(CompositeActor.java:455)
	at ptolemy.actor.Manager.iterate(Manager.java:851)
	at ptolemy.actor.Manager.execute(Manager.java:369)
	at ptolemy.actor.Manager.run(Manager.java:1263)
	at ptolemy.actor.Manager$PtolemyRunThread.run(Manager.java:1933)
java.lang.RuntimeException: Execution failed
	at ptolemy.moml.MoMLSimpleApplication$UnloadThread.run(MoMLSimpleApplication.java:402)
Caused by: ptolemy.kernel.util.IllegalActionException: Test fails in iteration 1.
Value was: 1.0. Should have been: 2.0
  in .DirectFeedback.Test
	at ptolemy.actor.lib.Test.fire(Test.java:268)
	at ptolemy.domains.de.kernel.DEDirector._fire(DEDirector.java:1949)
	at ptolemy.domains.de.kernel.DEDirector.fire(DEDirector.java:502)
	at ptolemy.actor.CompositeActor.fire(CompositeActor.java:455)
	at ptolemy.actor.Manager.iterate(Manager.java:851)
	at ptolemy.actor.Manager.execute(Manager.java:369)
	at ptolemy.actor.Manager.run(Manager.java:1263)
	at ptolemy.actor.Manager$PtolemyRunThread.run(Manager.java:1933)
java.lang.reflect.InvocationTargetException
	at java.base/jdk.internal.reflect.NativeConstructorAccessorImpl.newInstance0(Native Method)
	at java.base/jdk.internal.reflect.NativeConstructorAccessorImpl.newInstance(NativeConstructorAccessorImpl.java:62)
	at java.base/jdk.internal.reflect.DelegatingConstructorAccessorImpl.newInstance(DelegatingConstructorAccessorImpl.java:45)
	at java.base/java.lang.reflect.Constructor.newInstance(Constructor.java:490)
	at ptolemy.util.test.junit.AutoKnownFailedTests.RunModel(AutoKnownFailedTests.java:105)
	at java.base/jdk.internal.reflect.NativeMethodAccessorImpl.invoke0(Native Method)
	at java.base/jdk.internal.reflect.NativeMethodAccessorImpl.invoke(NativeMethodAccessorImpl.java:62)
	at java.base/jdk.internal.reflect.DelegatingMethodAccessorImpl.invoke(DelegatingMethodAccessorImpl.java:43)
	at java.base/java.lang.reflect.Method.invoke(Method.java:566)
	at org.junit.runners.model.FrameworkMethod$1.runReflectiveCall(FrameworkMethod.java:44)
	at org.junit.internal.runners.model.ReflectiveCallable.run(ReflectiveCallable.java:15)
	at org.junit.runners.model.FrameworkMethod.invokeExplosively(FrameworkMethod.java:41)
	at junitparams.internal.InvokeParameterisedMethod.evaluate(InvokeParameterisedMethod.java:102)
	at org.junit.internal.runners.statements.FailOnTimeout$1.run(FailOnTimeout.java:28)
Caused by: ptolemy.kernel.util.IllegalActionException: Test fails in iteration 1.
Value was: 1.0. Should have been: 2.0
  in .DirectFeedback.Test
	at ptolemy.actor.lib.Test.fire(Test.java:268)
	at ptolemy.domains.de.kernel.DEDirector._fire(DEDirector.java:1949)
	at ptolemy.domains.de.kernel.DEDirector.fire(DEDirector.java:502)
	at ptolemy.actor.CompositeActor.fire(CompositeActor.java:455)
	at ptolemy.actor.Manager.iterate(Manager.java:851)
	at ptolemy.actor.Manager.execute(Manager.java:369)
	at ptolemy.actor.Manager.run(Manager.java:1263)
	at ptolemy.actor.Manager$PtolemyRunThread.run(Manager.java:1933)
java.lang.RuntimeException: Execution failed
	at ptolemy.moml.MoMLSimpleApplication$UnloadThread.run(MoMLSimpleApplication.java:402)
Caused by: ptolemy.kernel.util.IllegalActionException: Found a zero delay loop containing .HierarchicalModel.A
  in .HierarchicalModel and .HierarchicalModel.A
	at ptolemy.actor.util.CausalityInterfaceForComposites._computeOutputPortDepth(CausalityInterfaceForComposites.java:759)
	at ptolemy.actor.util.CausalityInterfaceForComposites._computeInputDepth(CausalityInterfaceForComposites.java:696)
	at ptolemy.actor.util.CausalityInterfaceForComposites._computeOutputPortDepth(CausalityInterfaceForComposites.java:765)
	at ptolemy.actor.util.CausalityInterfaceForComposites._computeInputDepth(CausalityInterfaceForComposites.java:696)
	at ptolemy.actor.util.CausalityInterfaceForComposites._computeOutputPortDepth(CausalityInterfaceForComposites.java:765)
	at ptolemy.actor.util.CausalityInterfaceForComposites._computeInputDepth(CausalityInterfaceForComposites.java:696)
	at ptolemy.actor.util.CausalityInterfaceForComposites._computeActorDepth(CausalityInterfaceForComposites.java:532)
	at ptolemy.actor.util.CausalityInterfaceForComposites.checkForCycles(CausalityInterfaceForComposites.java:96)
	at ptolemy.domains.de.kernel.DEDirector.preinitialize(DEDirector.java:1338)
	at ptolemy.actor.CompositeActor.preinitialize(CompositeActor.java:1828)
	at ptolemy.actor.Manager.preinitializeAndResolveTypes(Manager.java:1040)
	at ptolemy.actor.Manager.initialize(Manager.java:710)
	at ptolemy.actor.Manager.execute(Manager.java:356)
	at ptolemy.actor.Manager.run(Manager.java:1263)
	at ptolemy.actor.Manager$PtolemyRunThread.run(Manager.java:1933)
java.lang.reflect.InvocationTargetException
	at java.base/jdk.internal.reflect.NativeConstructorAccessorImpl.newInstance0(Native Method)
	at java.base/jdk.internal.reflect.NativeConstructorAccessorImpl.newInstance(NativeConstructorAccessorImpl.java:62)
	at java.base/jdk.internal.reflect.DelegatingConstructorAccessorImpl.newInstance(DelegatingConstructorAccessorImpl.java:45)
	at java.base/java.lang.reflect.Constructor.newInstance(Constructor.java:490)
	at ptolemy.util.test.junit.AutoKnownFailedTests.RunModel(AutoKnownFailedTests.java:105)
	at java.base/jdk.internal.reflect.NativeMethodAccessorImpl.invoke0(Native Method)
	at java.base/jdk.internal.reflect.NativeMethodAccessorImpl.invoke(NativeMethodAccessorImpl.java:62)
	at java.base/jdk.internal.reflect.DelegatingMethodAccessorImpl.invoke(DelegatingMethodAccessorImpl.java:43)
	at java.base/java.lang.reflect.Method.invoke(Method.java:566)
	at org.junit.runners.model.FrameworkMethod$1.runReflectiveCall(FrameworkMethod.java:44)
	at org.junit.internal.runners.model.ReflectiveCallable.run(ReflectiveCallable.java:15)
	at org.junit.runners.model.FrameworkMethod.invokeExplosively(FrameworkMethod.java:41)
	at junitparams.internal.InvokeParameterisedMethod.evaluate(InvokeParameterisedMethod.java:102)
	at org.junit.internal.runners.statements.FailOnTimeout$1.run(FailOnTimeout.java:28)
Caused by: ptolemy.kernel.util.IllegalActionException: Found a zero delay loop containing .HierarchicalModel.A
  in .HierarchicalModel and .HierarchicalModel.A
	at ptolemy.actor.util.CausalityInterfaceForComposites._computeOutputPortDepth(CausalityInterfaceForComposites.java:759)
	at ptolemy.actor.util.CausalityInterfaceForComposites._computeInputDepth(CausalityInterfaceForComposites.java:696)
	at ptolemy.actor.util.CausalityInterfaceForComposites._computeOutputPortDepth(CausalityInterfaceForComposites.java:765)
	at ptolemy.actor.util.CausalityInterfaceForComposites._computeInputDepth(CausalityInterfaceForComposites.java:696)
	at ptolemy.actor.util.CausalityInterfaceForComposites._computeOutputPortDepth(CausalityInterfaceForComposites.java:765)
	at ptolemy.actor.util.CausalityInterfaceForComposites._computeInputDepth(CausalityInterfaceForComposites.java:696)
	at ptolemy.actor.util.CausalityInterfaceForComposites._computeActorDepth(CausalityInterfaceForComposites.java:532)
	at ptolemy.actor.util.CausalityInterfaceForComposites.checkForCycles(CausalityInterfaceForComposites.java:96)
	at ptolemy.domains.de.kernel.DEDirector.preinitialize(DEDirector.java:1338)
	at ptolemy.actor.CompositeActor.preinitialize(CompositeActor.java:1828)
	at ptolemy.actor.Manager.preinitializeAndResolveTypes(Manager.java:1040)
	at ptolemy.actor.Manager.initialize(Manager.java:710)
	at ptolemy.actor.Manager.execute(Manager.java:356)
	at ptolemy.actor.Manager.run(Manager.java:1263)
	at ptolemy.actor.Manager$PtolemyRunThread.run(Manager.java:1933)
java.lang.RuntimeException: Execution failed
	at ptolemy.moml.MoMLSimpleApplication$UnloadThread.run(MoMLSimpleApplication.java:402)
Caused by: ptolemy.kernel.util.IllegalActionException: Found a zero delay loop containing .dependencyLoop.original
  in .dependencyLoop and .dependencyLoop.original
	at ptolemy.actor.util.CausalityInterfaceForComposites._computeOutputPortDepth(CausalityInterfaceForComposites.java:759)
	at ptolemy.actor.util.CausalityInterfaceForComposites._computeInputDepth(CausalityInterfaceForComposites.java:696)
	at ptolemy.actor.util.CausalityInterfaceForComposites._computeOutputPortDepth(CausalityInterfaceForComposites.java:765)
	at ptolemy.actor.util.CausalityInterfaceForComposites._computeInputDepth(CausalityInterfaceForComposites.java:696)
	at ptolemy.actor.util.CausalityInterfaceForComposites._computeOutputPortDepth(CausalityInterfaceForComposites.java:765)
	at ptolemy.actor.util.CausalityInterfaceForComposites._computeInputDepth(CausalityInterfaceForComposites.java:696)
	at ptolemy.actor.util.CausalityInterfaceForComposites._computeActorDepth(CausalityInterfaceForComposites.java:532)
	at ptolemy.actor.util.CausalityInterfaceForComposites.checkForCycles(CausalityInterfaceForComposites.java:96)
	at ptolemy.domains.de.kernel.DEDirector.preinitialize(DEDirector.java:1338)
	at ptolemy.actor.CompositeActor.preinitialize(CompositeActor.java:1828)
	at ptolemy.actor.Manager.preinitializeAndResolveTypes(Manager.java:1040)
	at ptolemy.actor.Manager.initialize(Manager.java:710)
	at ptolemy.actor.Manager.execute(Manager.java:356)
	at ptolemy.actor.Manager.run(Manager.java:1263)
	at ptolemy.actor.Manager$PtolemyRunThread.run(Manager.java:1933)
java.lang.reflect.InvocationTargetException
	at java.base/jdk.internal.reflect.NativeConstructorAccessorImpl.newInstance0(Native Method)
	at java.base/jdk.internal.reflect.NativeConstructorAccessorImpl.newInstance(NativeConstructorAccessorImpl.java:62)
	at java.base/jdk.internal.reflect.DelegatingConstructorAccessorImpl.newInstance(DelegatingConstructorAccessorImpl.java:45)
	at java.base/java.lang.reflect.Constructor.newInstance(Constructor.java:490)
	at ptolemy.util.test.junit.AutoKnownFailedTests.RunModel(AutoKnownFailedTests.java:105)
	at java.base/jdk.internal.reflect.NativeMethodAccessorImpl.invoke0(Native Method)
	at java.base/jdk.internal.reflect.NativeMethodAccessorImpl.invoke(NativeMethodAccessorImpl.java:62)
	at java.base/jdk.internal.reflect.DelegatingMethodAccessorImpl.invoke(DelegatingMethodAccessorImpl.java:43)
	at java.base/java.lang.reflect.Method.invoke(Method.java:566)
	at org.junit.runners.model.FrameworkMethod$1.runReflectiveCall(FrameworkMethod.java:44)
	at org.junit.internal.runners.model.ReflectiveCallable.run(ReflectiveCallable.java:15)
	at org.junit.runners.model.FrameworkMethod.invokeExplosively(FrameworkMethod.java:41)
	at junitparams.internal.InvokeParameterisedMethod.evaluate(InvokeParameterisedMethod.java:102)
	at org.junit.internal.runners.statements.FailOnTimeout$1.run(FailOnTimeout.java:28)
Caused by: ptolemy.kernel.util.IllegalActionException: Found a zero delay loop containing .dependencyLoop.original
  in .dependencyLoop and .dependencyLoop.original
	at ptolemy.actor.util.CausalityInterfaceForComposites._computeOutputPortDepth(CausalityInterfaceForComposites.java:759)
	at ptolemy.actor.util.CausalityInterfaceForComposites._computeInputDepth(CausalityInterfaceForComposites.java:696)
	at ptolemy.actor.util.CausalityInterfaceForComposites._computeOutputPortDepth(CausalityInterfaceForComposites.java:765)
	at ptolemy.actor.util.CausalityInterfaceForComposites._computeInputDepth(CausalityInterfaceForComposites.java:696)
	at ptolemy.actor.util.CausalityInterfaceForComposites._computeOutputPortDepth(CausalityInterfaceForComposites.java:765)
	at ptolemy.actor.util.CausalityInterfaceForComposites._computeInputDepth(CausalityInterfaceForComposites.java:696)
	at ptolemy.actor.util.CausalityInterfaceForComposites._computeActorDepth(CausalityInterfaceForComposites.java:532)
	at ptolemy.actor.util.CausalityInterfaceForComposites.checkForCycles(CausalityInterfaceForComposites.java:96)
	at ptolemy.domains.de.kernel.DEDirector.preinitialize(DEDirector.java:1338)
	at ptolemy.actor.CompositeActor.preinitialize(CompositeActor.java:1828)
	at ptolemy.actor.Manager.preinitializeAndResolveTypes(Manager.java:1040)
	at ptolemy.actor.Manager.initialize(Manager.java:710)
	at ptolemy.actor.Manager.execute(Manager.java:356)
	at ptolemy.actor.Manager.run(Manager.java:1263)
	at ptolemy.actor.Manager$PtolemyRunThread.run(Manager.java:1933)
java.lang.RuntimeException: Execution failed
	at ptolemy.moml.MoMLSimpleApplication$UnloadThread.run(MoMLSimpleApplication.java:402)
Caused by: ptolemy.kernel.util.IllegalActionException: Found a zero delay loop containing .dependencyLoop2.original
  in .dependencyLoop2 and .dependencyLoop2.original
	at ptolemy.actor.util.CausalityInterfaceForComposites._computeOutputPortDepth(CausalityInterfaceForComposites.java:759)
	at ptolemy.actor.util.CausalityInterfaceForComposites._computeInputDepth(CausalityInterfaceForComposites.java:696)
	at ptolemy.actor.util.CausalityInterfaceForComposites._computeOutputPortDepth(CausalityInterfaceForComposites.java:765)
	at ptolemy.actor.util.CausalityInterfaceForComposites._computeInputDepth(CausalityInterfaceForComposites.java:696)
	at ptolemy.actor.util.CausalityInterfaceForComposites._computeOutputPortDepth(CausalityInterfaceForComposites.java:765)
	at ptolemy.actor.util.CausalityInterfaceForComposites._computeInputDepth(CausalityInterfaceForComposites.java:696)
	at ptolemy.actor.util.CausalityInterfaceForComposites._computeActorDepth(CausalityInterfaceForComposites.java:532)
	at ptolemy.actor.util.CausalityInterfaceForComposites.checkForCycles(CausalityInterfaceForComposites.java:96)
	at ptolemy.domains.de.kernel.DEDirector.preinitialize(DEDirector.java:1338)
	at ptolemy.actor.CompositeActor.preinitialize(CompositeActor.java:1828)
	at ptolemy.actor.Manager.preinitializeAndResolveTypes(Manager.java:1040)
	at ptolemy.actor.Manager.initialize(Manager.java:710)
	at ptolemy.actor.Manager.execute(Manager.java:356)
	at ptolemy.actor.Manager.run(Manager.java:1263)
	at ptolemy.actor.Manager$PtolemyRunThread.run(Manager.java:1933)
java.lang.reflect.InvocationTargetException
	at java.base/jdk.internal.reflect.NativeConstructorAccessorImpl.newInstance0(Native Method)
	at java.base/jdk.internal.reflect.NativeConstructorAccessorImpl.newInstance(NativeConstructorAccessorImpl.java:62)
	at java.base/jdk.internal.reflect.DelegatingConstructorAccessorImpl.newInstance(DelegatingConstructorAccessorImpl.java:45)
	at java.base/java.lang.reflect.Constructor.newInstance(Constructor.java:490)
	at ptolemy.util.test.junit.AutoKnownFailedTests.RunModel(AutoKnownFailedTests.java:105)
	at java.base/jdk.internal.reflect.NativeMethodAccessorImpl.invoke0(Native Method)
	at java.base/jdk.internal.reflect.NativeMethodAccessorImpl.invoke(NativeMethodAccessorImpl.java:62)
	at java.base/jdk.internal.reflect.DelegatingMethodAccessorImpl.invoke(DelegatingMethodAccessorImpl.java:43)
	at java.base/java.lang.reflect.Method.invoke(Method.java:566)
	at org.junit.runners.model.FrameworkMethod$1.runReflectiveCall(FrameworkMethod.java:44)
	at org.junit.internal.runners.model.ReflectiveCallable.run(ReflectiveCallable.java:15)
	at org.junit.runners.model.FrameworkMethod.invokeExplosively(FrameworkMethod.java:41)
	at junitparams.internal.InvokeParameterisedMethod.evaluate(InvokeParameterisedMethod.java:102)
	at org.junit.internal.runners.statements.FailOnTimeout$1.run(FailOnTimeout.java:28)
Caused by: ptolemy.kernel.util.IllegalActionException: Found a zero delay loop containing .dependencyLoop2.original
  in .dependencyLoop2 and .dependencyLoop2.original
	at ptolemy.actor.util.CausalityInterfaceForComposites._computeOutputPortDepth(CausalityInterfaceForComposites.java:759)
	at ptolemy.actor.util.CausalityInterfaceForComposites._computeInputDepth(CausalityInterfaceForComposites.java:696)
	at ptolemy.actor.util.CausalityInterfaceForComposites._computeOutputPortDepth(CausalityInterfaceForComposites.java:765)
	at ptolemy.actor.util.CausalityInterfaceForComposites._computeInputDepth(CausalityInterfaceForComposites.java:696)
	at ptolemy.actor.util.CausalityInterfaceForComposites._computeOutputPortDepth(CausalityInterfaceForComposites.java:765)
	at ptolemy.actor.util.CausalityInterfaceForComposites._computeInputDepth(CausalityInterfaceForComposites.java:696)
	at ptolemy.actor.util.CausalityInterfaceForComposites._computeActorDepth(CausalityInterfaceForComposites.java:532)
	at ptolemy.actor.util.CausalityInterfaceForComposites.checkForCycles(CausalityInterfaceForComposites.java:96)
	at ptolemy.domains.de.kernel.DEDirector.preinitialize(DEDirector.java:1338)
	at ptolemy.actor.CompositeActor.preinitialize(CompositeActor.java:1828)
	at ptolemy.actor.Manager.preinitializeAndResolveTypes(Manager.java:1040)
	at ptolemy.actor.Manager.initialize(Manager.java:710)
	at ptolemy.actor.Manager.execute(Manager.java:356)
	at ptolemy.actor.Manager.run(Manager.java:1263)
	at ptolemy.actor.Manager$PtolemyRunThread.run(Manager.java:1933)
]]></system-err>
</testsuite>
