<?xml version="1.0" encoding="UTF-8" ?>
<testsuite errors="0" failures="0" hostname="travis-job-0d208e58-a9be-408d-868c-4228c0b0a9ac" name="ptolemy.vergil.basic.export.test.junit.ExportModelJUnitTestBatch4" skipped="0" tests="85" time="675.915" timestamp="2020-10-29T16:30:07">
  <properties>
[...]
</properties>
  <testcase classname="ptolemy.vergil.basic.export.test.junit.ExportModelJUnitTestBatch4" name="[0] ptolemy/actor/ptalon/demo/GameOfLife/GameOfLife.xml (RunExportModel)" time="38.937" />
  <testcase classname="ptolemy.vergil.basic.export.test.junit.ExportModelJUnitTestBatch4" name="[1] ptolemy/actor/ptalon/demo/MapReduce/MapReduce.xml (RunExportModel)" time="6.795" />
  <testcase classname="ptolemy.vergil.basic.export.test.junit.ExportModelJUnitTestBatch4" name="[2] ptolemy/actor/ptalon/demo/ModelChange/ModelChange.xml (RunExportModel)" time="4.344" />
  <testcase classname="ptolemy.vergil.basic.export.test.junit.ExportModelJUnitTestBatch4" name="[3] ptolemy/actor/ptalon/demo/SmallWorld/ParameterSweepSmallWorldFSM.xml (RunExportModel)" time="36.02" />
  <testcase classname="ptolemy.vergil.basic.export.test.junit.ExportModelJUnitTestBatch4" name="[4] ptolemy/actor/ptalon/demo/SmallWorld/ParameterSweepSmallWorldSDF.xml (RunExportModel)" time="6.712" />
  <testcase classname="ptolemy.vergil.basic.export.test.junit.ExportModelJUnitTestBatch4" name="[5] ptolemy/actor/ptalon/demo/SmallWorld/SmallWorld.xml (RunExportModel)" time="5.736" />
  <testcase classname="ptolemy.vergil.basic.export.test.junit.ExportModelJUnitTestBatch4" name="[6] ptolemy/actor/ptalon/demo/SmallWorld/SmallWorldMultiInstanceComposite.xml (RunExportModel)" time="41.112" />
  <testcase classname="ptolemy.vergil.basic.export.test.junit.ExportModelJUnitTestBatch4" name="[7] ptolemy/actor/ptalon/demo/SmallWorld/SmallWorldPtalonActor.xml (RunExportModel)" time="5.78" />
  <testcase classname="ptolemy.vergil.basic.export.test.junit.ExportModelJUnitTestBatch4" name="[8] ptolemy/actor/ptalon/demo/Unicycle/Unicycle.xml (RunExportModel)" time="4.85" />
  <testcase classname="ptolemy.vergil.basic.export.test.junit.ExportModelJUnitTestBatch4" name="[9] ptolemy/actor/ptalon/gt/demo/Adder/Adder.xml (RunExportModel)" time="3.657" />
  <testcase classname="ptolemy.vergil.basic.export.test.junit.ExportModelJUnitTestBatch4" name="[10] ptolemy/caltrop/demo/FunctionClosures/FunctionClosures.xml (RunExportModel)" time="5.194" />
  <testcase classname="ptolemy.vergil.basic.export.test.junit.ExportModelJUnitTestBatch4" name="[11] ptolemy/caltrop/demo/FunctionDefinition/FunctionDefinition.xml (RunExportModel)" time="4.522" />
  <testcase classname="ptolemy.vergil.basic.export.test.junit.ExportModelJUnitTestBatch4" name="[12] ptolemy/caltrop/demo/Primes/Primes.xml (RunExportModel)" time="4.4" />
  <testcase classname="ptolemy.vergil.basic.export.test.junit.ExportModelJUnitTestBatch4" name="[13] ptolemy/caltrop/demo/SDFDDI/SDFDDI.xml (RunExportModel)" time="4.423" />
  <testcase classname="ptolemy.vergil.basic.export.test.junit.ExportModelJUnitTestBatch4" name="[14] ptolemy/cg/adapter/generic/html/demo/HierarchicalModel/HierarchicalModel.xml (RunExportModel)" time="34.41" />
  <testcase classname="ptolemy.vergil.basic.export.test.junit.ExportModelJUnitTestBatch4" name="[15] ptolemy/cg/adapter/generic/program/procedural/c/arduino/adapters/ptolemy/vergil/actor/lib/demo/Blink/Blink.xml (RunExportModel)" time="7.425" />
  <testcase classname="ptolemy.vergil.basic.export.test.junit.ExportModelJUnitTestBatch4" name="[16] ptolemy/cg/adapter/generic/program/procedural/c/arduino/adapters/ptolemy/vergil/actor/lib/demo/Life/Life.xml (RunExportModel)" time="9.48" />
  <testcase classname="ptolemy.vergil.basic.export.test.junit.ExportModelJUnitTestBatch4" name="[17] ptolemy/cg/adapter/generic/program/procedural/c/arduino/adapters/ptolemy/vergil/actor/lib/demo/Ultrasonic/Ultrasonic.xml (RunExportModel)" time="3.263" />
  <testcase classname="ptolemy.vergil.basic.export.test.junit.ExportModelJUnitTestBatch4" name="[18] ptolemy/cg/kernel/generic/accessor/demo/TestComposite/TestComposite.xml (RunExportModel)" time="22.541" />
  <testcase classname="ptolemy.vergil.basic.export.test.junit.ExportModelJUnitTestBatch4" name="[19] ptolemy/cg/lib/demo/CompiledCompositeActor/CompiledCompositeActor.xml (RunExportModel)" time="5.57" />
  <testcase classname="ptolemy.vergil.basic.export.test.junit.ExportModelJUnitTestBatch4" name="[20] ptolemy/cg/lib/demo/DECG/DECG.xml (RunExportModel)" time="3.182" />
  <testcase classname="ptolemy.vergil.basic.export.test.junit.ExportModelJUnitTestBatch4" name="[21] ptolemy/cg/lib/demo/DECG/DECGClockRamp.xml (RunExportModel)" time="4.215" />
  <testcase classname="ptolemy.vergil.basic.export.test.junit.ExportModelJUnitTestBatch4" name="[22] ptolemy/cg/lib/demo/DECG/DECGDelay.xml (RunExportModel)" time="4.271" />
  <testcase classname="ptolemy.vergil.basic.export.test.junit.ExportModelJUnitTestBatch4" name="[23] ptolemy/cg/lib/demo/DECG/DECGHelloWorld.xml (RunExportModel)" time="4.224" />
  <testcase classname="ptolemy.vergil.basic.export.test.junit.ExportModelJUnitTestBatch4" name="[24] ptolemy/cg/lib/demo/DECG/DECGHeterogeneous.xml (RunExportModel)" time="4.352" />
  <testcase classname="ptolemy.vergil.basic.export.test.junit.ExportModelJUnitTestBatch4" name="[25] ptolemy/cg/lib/demo/DECG/DECGHeterogeneousMk2.xml (RunExportModel)" time="4.742" />
  <testcase classname="ptolemy.vergil.basic.export.test.junit.ExportModelJUnitTestBatch4" name="[26] ptolemy/cg/lib/demo/DECG/DECGMath.xml (RunExportModel)" time="4.276" />
  <testcase classname="ptolemy.vergil.basic.export.test.junit.ExportModelJUnitTestBatch4" name="[27] ptolemy/cg/lib/demo/DECG/DECGPi.xml (RunExportModel)" time="4.335" />
  <testcase classname="ptolemy.vergil.basic.export.test.junit.ExportModelJUnitTestBatch4" name="[28] ptolemy/cg/lib/demo/DECG/DECGPiSquare.xml (RunExportModel)" time="4.368" />
  <testcase classname="ptolemy.vergil.basic.export.test.junit.ExportModelJUnitTestBatch4" name="[29] ptolemy/cg/lib/demo/DECG/DECGPoisson.xml (RunExportModel)" time="4.214" />
  <testcase classname="ptolemy.vergil.basic.export.test.junit.ExportModelJUnitTestBatch4" name="[30] ptolemy/cg/lib/demo/ModularCGPubSub/ModularCGPubSub.xml (RunExportModel)" time="12.974" />
  <testcase classname="ptolemy.vergil.basic.export.test.junit.ExportModelJUnitTestBatch4" name="[31] ptolemy/cg/lib/demo/Scale/Scale.xml (RunExportModel)" time="3.157" />
  <testcase classname="ptolemy.vergil.basic.export.test.junit.ExportModelJUnitTestBatch4" name="[32] ptolemy/cg/lib/demo/Scale/ScaleC.xml (RunExportModel)" time="3.206" />
  <testcase classname="ptolemy.vergil.basic.export.test.junit.ExportModelJUnitTestBatch4" name="[33] ptolemy/cg/lib/demo/Scale/ScaleCFlat.xml (RunExportModel)" time="4.236" />
  <testcase classname="ptolemy.vergil.basic.export.test.junit.ExportModelJUnitTestBatch4" name="[34] ptolemy/cg/lib/demo/Scale/ScaleJava.xml (RunExportModel)" time="5.205" />
  <testcase classname="ptolemy.vergil.basic.export.test.junit.ExportModelJUnitTestBatch4" name="[35] ptolemy/configs/doc/ClassesIllustrated.xml (RunExportModel)" time="4.396" />
  <testcase classname="ptolemy.vergil.basic.export.test.junit.ExportModelJUnitTestBatch4" name="[36] ptolemy/data/ontologies/demo/CarTracking/CarTracking.xml (RunExportModel)" time="9.274" />
  <testcase classname="ptolemy.vergil.basic.export.test.junit.ExportModelJUnitTestBatch4" name="[37] ptolemy/data/ontologies/demo/ConstAbstractInterpretation/ConstAbstractInterpretation.xml (RunExportModel)" time="4.645" />
  <testcase classname="ptolemy.vergil.basic.export.test.junit.ExportModelJUnitTestBatch4" name="[38] ptolemy/data/ontologies/demo/ConstAbstractInterpretationObservable/ConstAbstractInterpretationObservable.xml (RunExportModel)" time="3.161" />
  <testcase classname="ptolemy.vergil.basic.export.test.junit.ExportModelJUnitTestBatch4" name="[39] ptolemy/data/ontologies/demo/ConstAbstractInterpretationObservable/ConstComparatorEqualToDemo.xml (RunExportModel)" time="6.282" />
  <testcase classname="ptolemy.vergil.basic.export.test.junit.ExportModelJUnitTestBatch4" name="[40] ptolemy/data/ontologies/demo/ConstAbstractInterpretationObservable/ConstComparatorGreaterThanDemo.xml (RunExportModel)" time="6.091" />
  <testcase classname="ptolemy.vergil.basic.export.test.junit.ExportModelJUnitTestBatch4" name="[41] ptolemy/data/ontologies/demo/ConstAbstractInterpretationObservable/ConstComparatorGTEDemo.xml (RunExportModel)" time="6.053" />
  <testcase classname="ptolemy.vergil.basic.export.test.junit.ExportModelJUnitTestBatch4" name="[42] ptolemy/data/ontologies/demo/ConstAbstractInterpretationObservable/ConstComparatorLessThanDemo.xml (RunExportModel)" time="5.71" />
  <testcase classname="ptolemy.vergil.basic.export.test.junit.ExportModelJUnitTestBatch4" name="[43] ptolemy/data/ontologies/demo/ConstAbstractInterpretationObservable/ConstComparatorLTEDemo.xml (RunExportModel)" time="5.604" />
  <testcase classname="ptolemy.vergil.basic.export.test.junit.ExportModelJUnitTestBatch4" name="[44] ptolemy/data/ontologies/demo/ConstAbstractInterpretationObservable/ConstMultiplyDivideDemo.xml (RunExportModel)" time="6.373" />
  <testcase classname="ptolemy.vergil.basic.export.test.junit.ExportModelJUnitTestBatch4" name="[45] ptolemy/data/ontologies/demo/ConstAbstractInterpretationObservable/ConstScaleDemo.xml (RunExportModel)" time="5.312" />
  <testcase classname="ptolemy.vergil.basic.export.test.junit.ExportModelJUnitTestBatch4" name="[46] ptolemy/data/ontologies/demo/ConstNonconst/Const.xml (RunExportModel)" time="3.156" />
  <testcase classname="ptolemy.vergil.basic.export.test.junit.ExportModelJUnitTestBatch4" name="[47] ptolemy/data/ontologies/demo/ConstNonconst/ConstNonconst.xml (RunExportModel)" time="4.47" />
  <testcase classname="ptolemy.vergil.basic.export.test.junit.ExportModelJUnitTestBatch4" name="[48] ptolemy/data/ontologies/demo/ConstPropagation/BooleanSwitchDemoProductLattice.xml (RunExportModel)" time="5.849" />
  <testcase classname="ptolemy.vergil.basic.export.test.junit.ExportModelJUnitTestBatch4" name="[49] ptolemy/data/ontologies/demo/ConstPropagation/ConstComparatorEqualToDemo.xml (RunExportModel)" time="5.907" />
  <testcase classname="ptolemy.vergil.basic.export.test.junit.ExportModelJUnitTestBatch4" name="[50] ptolemy/data/ontologies/demo/ConstPropagation/ConstComparatorGreaterThanDemo.xml (RunExportModel)" time="6.151" />
  <testcase classname="ptolemy.vergil.basic.export.test.junit.ExportModelJUnitTestBatch4" name="[51] ptolemy/data/ontologies/demo/ConstPropagation/ConstMultiplyDivideDemo.xml (RunExportModel)" time="6.565" />
  <testcase classname="ptolemy.vergil.basic.export.test.junit.ExportModelJUnitTestBatch4" name="[52] ptolemy/data/ontologies/demo/ConstPropagation/ConstPropagation.xml (RunExportModel)" time="3.134" />
  <testcase classname="ptolemy.vergil.basic.export.test.junit.ExportModelJUnitTestBatch4" name="[53] ptolemy/data/ontologies/demo/ConstPropagation/ConstPropagationAbsIntObservableReachableProductSolverModel.xml (RunExportModel)" time="4.583" />
  <testcase classname="ptolemy.vergil.basic.export.test.junit.ExportModelJUnitTestBatch4" name="[54] ptolemy/data/ontologies/demo/ConstPropagation/ConstPropagationAbsIntScale.xml (RunExportModel)" time="4.194" />
  <testcase classname="ptolemy.vergil.basic.export.test.junit.ExportModelJUnitTestBatch4" name="[55] ptolemy/data/ontologies/demo/ConstPropagation/SimpleConstPropagationDemo.xml (RunExportModel)" time="4.564" />
  <testcase classname="ptolemy.vergil.basic.export.test.junit.ExportModelJUnitTestBatch4" name="[56] ptolemy/data/ontologies/demo/ConstPropagation/SimpleNonconstPropagationDemo.xml (RunExportModel)" time="4.42" />
  <testcase classname="ptolemy.vergil.basic.export.test.junit.ExportModelJUnitTestBatch4" name="[57] ptolemy/data/ontologies/demo/DimensionSystemExample/DimensionSystemExample.xml (RunExportModel)" time="3.143" />
  <testcase classname="ptolemy.vergil.basic.export.test.junit.ExportModelJUnitTestBatch4" name="[58] ptolemy/data/ontologies/demo/ExceptionAnalysis/ExceptionAnalysis.xml (RunExportModel)" time="4.159" />
  <testcase classname="ptolemy.vergil.basic.export.test.junit.ExportModelJUnitTestBatch4" name="[59] ptolemy/data/ontologies/demo/MonotonicityAnalysis/MonotonicityAnalysis.xml (RunExportModel)" time="4.295" />
  <testcase classname="ptolemy.vergil.basic.export.test.junit.ExportModelJUnitTestBatch4" name="[60] ptolemy/data/ontologies/demo/Observable/Observable.xml (RunExportModel)" time="4.311" />
  <testcase classname="ptolemy.vergil.basic.export.test.junit.ExportModelJUnitTestBatch4" name="[61] ptolemy/data/ontologies/demo/ProductLattices/BooleanSwitchDemoProductLattice.xml (RunExportModel)" time="6.401" />
  <testcase classname="ptolemy.vergil.basic.export.test.junit.ExportModelJUnitTestBatch4" name="[62] ptolemy/data/ontologies/demo/ProductLattices/ConstAbsIntObservableReachableProductSolverModel.xml (RunExportModel)" time="4.417" />
  <testcase classname="ptolemy.vergil.basic.export.test.junit.ExportModelJUnitTestBatch4" name="[63] ptolemy/data/ontologies/demo/ProductLattices/ConstMultiplyDivideDemoProductLattice.xml (RunExportModel)" time="5.525" />
  <testcase classname="ptolemy.vergil.basic.export.test.junit.ExportModelJUnitTestBatch4" name="[64] ptolemy/data/ontologies/demo/ProductLattices/ConstScaleDemoProductLattice.xml (RunExportModel)" time="4.95" />
  <testcase classname="ptolemy.vergil.basic.export.test.junit.ExportModelJUnitTestBatch4" name="[65] ptolemy/data/ontologies/demo/ProductLattices/ConstScaleZeroDemoProductLattice.xml (RunExportModel)" time="3.186" />
  <testcase classname="ptolemy.vergil.basic.export.test.junit.ExportModelJUnitTestBatch4" name="[66] ptolemy/data/ontologies/demo/ProductLattices/LatticeComposition.xml (RunExportModel)" time="3.19" />
  <testcase classname="ptolemy.vergil.basic.export.test.junit.ExportModelJUnitTestBatch4" name="[67] ptolemy/data/ontologies/demo/ProductLattices/LatticeCompositionSolverModel.xml (RunExportModel)" time="4.403" />
  <testcase classname="ptolemy.vergil.basic.export.test.junit.ExportModelJUnitTestBatch4" name="[68] ptolemy/data/ontologies/demo/ProductLattices/ProductLattices.xml (RunExportModel)" time="3.114" />
  <testcase classname="ptolemy.vergil.basic.export.test.junit.ExportModelJUnitTestBatch4" name="[69] ptolemy/data/ontologies/demo/ProductLattices/SimpleConstDemo.xml (RunExportModel)" time="4.203" />
  <testcase classname="ptolemy.vergil.basic.export.test.junit.ExportModelJUnitTestBatch4" name="[70] ptolemy/data/ontologies/demo/ProductLattices/SimpleNonconstDemo.xml (RunExportModel)" time="4.372" />
  <testcase classname="ptolemy.vergil.basic.export.test.junit.ExportModelJUnitTestBatch4" name="[71] ptolemy/data/ontologies/demo/UnitSystemExample/UnitSystemExample.xml (RunExportModel)" time="3.329" />
  <testcase classname="ptolemy.vergil.basic.export.test.junit.ExportModelJUnitTestBatch4" name="[72] ptolemy/data/type/demo/Objects/Objects.xml (RunExportModel)" time="4.163" />
  <testcase classname="ptolemy.vergil.basic.export.test.junit.ExportModelJUnitTestBatch4" name="[73] ptolemy/data/type/demo/Router/Router.xml (RunExportModel)" time="34.152" />
  <testcase classname="ptolemy.vergil.basic.export.test.junit.ExportModelJUnitTestBatch4" name="[74] ptolemy/data/unit/demo/StaticUnits/StaticUnits.xml (RunExportModel)" time="6.506" />
  <testcase classname="ptolemy.vergil.basic.export.test.junit.ExportModelJUnitTestBatch4" name="[75] ptolemy/data/unit/demo/Units/Units.xml (RunExportModel)" time="4.232" />
  <testcase classname="ptolemy.vergil.basic.export.test.junit.ExportModelJUnitTestBatch4" name="[76] ptolemy/demo/AirManagementSystem/AirManagementSystem.xml (RunExportModel)" time="4.082" />
  <testcase classname="ptolemy.vergil.basic.export.test.junit.ExportModelJUnitTestBatch4" name="[77] ptolemy/demo/AirManagementSystem/AirManagementSystemCausalityLoop.xml (RunExportModel)" time="3.522" />
  <testcase classname="ptolemy.vergil.basic.export.test.junit.ExportModelJUnitTestBatch4" name="[78] ptolemy/demo/AirManagementSystem/AMS_AMSSim.xml (RunExportModel)" time="3.356" />
  <testcase classname="ptolemy.vergil.basic.export.test.junit.ExportModelJUnitTestBatch4" name="[79] ptolemy/demo/AirManagementSystem/HeatExchangerTester.xml (RunExportModel)" time="5.588" />
  <testcase classname="ptolemy.vergil.basic.export.test.junit.ExportModelJUnitTestBatch4" name="[80] ptolemy/demo/AirManagementSystem/PhysicalPlantCausalityLoop.xml (RunExportModel)" time="3.391" />
  <testcase classname="ptolemy.vergil.basic.export.test.junit.ExportModelJUnitTestBatch4" name="[81] ptolemy/demo/BrakeByWire/BrakeByWire.xml (RunExportModel)" time="6.594" />
  <testcase classname="ptolemy.vergil.basic.export.test.junit.ExportModelJUnitTestBatch4" name="[82] ptolemy/demo/CapeCode/CapeCode.xml (RunExportModel)" time="3.122" />
  <testcase classname="ptolemy.vergil.basic.export.test.junit.ExportModelJUnitTestBatch4" name="[83] ptolemy/demo/CapeCode/CapeCode1.xml (RunExportModel)" time="47.648" />
  <testcase classname="ptolemy.vergil.basic.export.test.junit.ExportModelJUnitTestBatch4" name="[84] ptolemy/demo/CapeCode/CapeCode2.xml (RunExportModel)" time="44.192" />
  <system-out><![CDATA[ExportModeJUnitTestBatch: There are 744 demos. Exporting demos: 276 to 360.
####### 1 Thu Oct 29 16:30:07 UTC 2020 $PTII/bin/ptinvoke ptolemy.vergil.basic.export.ExportModel -force htm -run -openComposites -timeOut 30000 -whiteBackground ptolemy/actor/ptalon/demo/GameOfLife/GameOfLife.xml $PTII/ptolemy/actor/ptalon/demo/GameOfLife/GameOfLife
Running .GameOfLife
ExportHTMLTimer went off after 30000 ms., calling getDirector().finish and getDirector().stopFire()
30385 ms. Memory: 155648K Free: 117141K (75%)
Exported /home/travis/build/icyphy/ptII/ptolemy/actor/ptalon/demo/GameOfLife/GameOfLife/index.html
38858 ms. Memory: 155648K Free: 128268K (82%)
####### 2 Thu Oct 29 16:30:46 UTC 2020 $PTII/bin/ptinvoke ptolemy.vergil.basic.export.ExportModel -force htm -run -openComposites -timeOut 30000 -whiteBackground ptolemy/actor/ptalon/demo/MapReduce/MapReduce.xml $PTII/ptolemy/actor/ptalon/demo/MapReduce/MapReduce
Running .MapReduce
248 ms. Memory: 155648K Free: 130014K (84%)
Exported /home/travis/build/icyphy/ptII/ptolemy/actor/ptalon/demo/MapReduce/MapReduce/index.html
6794 ms. Memory: 155648K Free: 36496K (23%)
####### 3 Thu Oct 29 16:30:53 UTC 2020 $PTII/bin/ptinvoke ptolemy.vergil.basic.export.ExportModel -force htm -run -openComposites -timeOut 30000 -whiteBackground ptolemy/actor/ptalon/demo/ModelChange/ModelChange.xml $PTII/ptolemy/actor/ptalon/demo/ModelChange/ModelChange
Running .ModelChange
60 ms. Memory: 155648K Free: 55221K (35%)
Exported /home/travis/build/icyphy/ptII/ptolemy/actor/ptalon/demo/ModelChange/ModelChange/index.html
4341 ms. Memory: 155648K Free: 42583K (27%)
####### 4 Thu Oct 29 16:30:57 UTC 2020 $PTII/bin/ptinvoke ptolemy.vergil.basic.export.ExportModel -force htm -run -openComposites -timeOut 30000 -whiteBackground ptolemy/actor/ptalon/demo/SmallWorld/ParameterSweepSmallWorldFSM.xml $PTII/ptolemy/actor/ptalon/demo/SmallWorld/ParameterSweepSmallWorldFSM
Running .ParameterSweepSmallWorldFSM
345 ms. Memory: 225280K Free: 123014K (55%)
ExportHTMLTimer went off after 30000 ms., calling getDirector().finish and getDirector().stopFire()
29999 ms. Memory: 595968K Free: 364391K (61%)
Exported /home/travis/build/icyphy/ptII/ptolemy/actor/ptalon/demo/SmallWorld/ParameterSweepSmallWorldFSM/index.html
36016 ms. Memory: 595968K Free: 268598K (45%)
####### 5 Thu Oct 29 16:31:33 UTC 2020 $PTII/bin/ptinvoke ptolemy.vergil.basic.export.ExportModel -force htm -run -openComposites -timeOut 30000 -whiteBackground ptolemy/actor/ptalon/demo/SmallWorld/ParameterSweepSmallWorldSDF.xml $PTII/ptolemy/actor/ptalon/demo/SmallWorld/ParameterSweepSmallWorldSDF
Running .ParameterSweepSmallWorldSDF
196 ms. Memory: 595968K Free: 268139K (45%)
150 ms. Memory: 595968K Free: 482665K (81%)
152 ms. Memory: 595968K Free: 357227K (60%)
164 ms. Memory: 595968K Free: 233323K (39%)
1198 ms. Memory: 595968K Free: 233323K (39%)
Exported /home/travis/build/icyphy/ptII/ptolemy/actor/ptalon/demo/SmallWorld/ParameterSweepSmallWorldSDF/index.html
6711 ms. Memory: 595968K Free: 516935K (87%)
####### 6 Thu Oct 29 16:31:40 UTC 2020 $PTII/bin/ptinvoke ptolemy.vergil.basic.export.ExportModel -force htm -run -openComposites -timeOut 30000 -whiteBackground ptolemy/actor/ptalon/demo/SmallWorld/SmallWorld.xml $PTII/ptolemy/actor/ptalon/demo/SmallWorld/SmallWorld
Running .SmallWorld
1
1
1
1
1
1
1
1
1
2
2
2
2
2
2
2
2
3
3
3
3
3
3
3
3
3
3
3
3
3
3
4
4
4
4
4
4
4
4
4
5
5
5
5
5
5
6
6
192 ms. Memory: 703488K Free: 361849K (51%)
Exported /home/travis/build/icyphy/ptII/ptolemy/actor/ptalon/demo/SmallWorld/SmallWorld/index.html
5735 ms. Memory: 703488K Free: 585009K (83%)
####### 7 Thu Oct 29 16:31:46 UTC 2020 $PTII/bin/ptinvoke ptolemy.vergil.basic.export.ExportModel -force htm -run -openComposites -timeOut 30000 -whiteBackground ptolemy/actor/ptalon/demo/SmallWorld/SmallWorldMultiInstanceComposite.xml $PTII/ptolemy/actor/ptalon/demo/SmallWorld/SmallWorldMultiInstanceComposite
Running .SmallWorldMultiInstanceComposite
1
1
1
1
1
1
1
1
1
2
2
2
2
2
2
2
2
3
3
3
3
3
3
3
3
3
3
3
3
3
3
4
4
4
4
4
4
4
4
4
5
5
5
5
5
5
6
6
527 ms. Memory: 703488K Free: 569209K (81%)
Exported /home/travis/build/icyphy/ptII/ptolemy/actor/ptalon/demo/SmallWorld/SmallWorldMultiInstanceComposite/index.html
41112 ms. Memory: 906240K Free: 322155K (36%)
####### 8 Thu Oct 29 16:32:27 UTC 2020 $PTII/bin/ptinvoke ptolemy.vergil.basic.export.ExportModel -force htm -run -openComposites -timeOut 30000 -whiteBackground ptolemy/actor/ptalon/demo/SmallWorld/SmallWorldPtalonActor.xml $PTII/ptolemy/actor/ptalon/demo/SmallWorld/SmallWorldPtalonActor
Running .SmallWorldPtalonActor
1
1
1
1
1
1
1
1
1
2
2
2
2
2
2
2
2
3
3
3
3
3
3
3
3
3
3
3
3
3
3
4
4
4
4
4
4
4
4
4
5
5
5
5
5
5
6
6
157 ms. Memory: 906240K Free: 395417K (44%)
Exported /home/travis/build/icyphy/ptII/ptolemy/actor/ptalon/demo/SmallWorld/SmallWorldPtalonActor/index.html
5779 ms. Memory: 906240K Free: 691421K (76%)
####### 9 Thu Oct 29 16:32:33 UTC 2020 $PTII/bin/ptinvoke ptolemy.vergil.basic.export.ExportModel -force htm -run -openComposites -timeOut 30000 -whiteBackground ptolemy/actor/ptalon/demo/Unicycle/Unicycle.xml $PTII/ptolemy/actor/ptalon/demo/Unicycle/Unicycle
Running .Unicycle
473 ms. Memory: 906240K Free: 266484K (29%)
Exported /home/travis/build/icyphy/ptII/ptolemy/actor/ptalon/demo/Unicycle/Unicycle/index.html
4849 ms. Memory: 906240K Free: 673918K (74%)
####### 10 Thu Oct 29 16:32:37 UTC 2020 $PTII/bin/ptinvoke ptolemy.vergil.basic.export.ExportModel -force htm  -openComposites -timeOut 30000 -whiteBackground ptolemy/actor/ptalon/gt/demo/Adder/Adder.xml $PTII/ptolemy/actor/ptalon/gt/demo/Adder/Adder
Warning: not running ptolemy/actor/ptalon/gt/demo/Adder/Adder.xml. See ptolemy/vergil/basic/export/test/junit/ExportModelJUnitTest.java
Exported /home/travis/build/icyphy/ptII/ptolemy/actor/ptalon/gt/demo/Adder/Adder/index.html
3656 ms. Memory: 906240K Free: 709290K (78%)
####### 11 Thu Oct 29 16:32:41 UTC 2020 $PTII/bin/ptinvoke ptolemy.vergil.basic.export.ExportModel -force htm -run -openComposites -timeOut 30000 -whiteBackground ptolemy/caltrop/demo/FunctionClosures/FunctionClosures.xml $PTII/ptolemy/caltrop/demo/FunctionClosures/FunctionClosures
Running .FunctionClosures
33 ms. Memory: 906240K Free: 589476K (65%)
Exported /home/travis/build/icyphy/ptII/ptolemy/caltrop/demo/FunctionClosures/FunctionClosures/index.html
5193 ms. Memory: 906240K Free: 531602K (59%)
####### 12 Thu Oct 29 16:32:46 UTC 2020 $PTII/bin/ptinvoke ptolemy.vergil.basic.export.ExportModel -force htm -run -openComposites -timeOut 30000 -whiteBackground ptolemy/caltrop/demo/FunctionDefinition/FunctionDefinition.xml $PTII/ptolemy/caltrop/demo/FunctionDefinition/FunctionDefinition
Running .FunctionDefinition
34 ms. Memory: 906240K Free: 415906K (46%)
Exported /home/travis/build/icyphy/ptII/ptolemy/caltrop/demo/FunctionDefinition/FunctionDefinition/index.html
4519 ms. Memory: 906240K Free: 356012K (39%)
####### 13 Thu Oct 29 16:32:51 UTC 2020 $PTII/bin/ptinvoke ptolemy.vergil.basic.export.ExportModel -force htm -run -openComposites -timeOut 30000 -whiteBackground ptolemy/caltrop/demo/Primes/Primes.xml $PTII/ptolemy/caltrop/demo/Primes/Primes
Running .Primes
22 ms. Memory: 906240K Free: 246946K (27%)
Exported /home/travis/build/icyphy/ptII/ptolemy/caltrop/demo/Primes/Primes/index.html
4399 ms. Memory: 906240K Free: 712635K (79%)
####### 14 Thu Oct 29 16:32:55 UTC 2020 $PTII/bin/ptinvoke ptolemy.vergil.basic.export.ExportModel -force htm -run -openComposites -timeOut 30000 -whiteBackground ptolemy/caltrop/demo/SDFDDI/SDFDDI.xml $PTII/ptolemy/caltrop/demo/SDFDDI/SDFDDI
Running .SDFDDI
81 ms. Memory: 906240K Free: 593347K (65%)
Exported /home/travis/build/icyphy/ptII/ptolemy/caltrop/demo/SDFDDI/SDFDDI/index.html
4423 ms. Memory: 906240K Free: 550833K (61%)
####### 15 Thu Oct 29 16:33:00 UTC 2020 $PTII/bin/ptinvoke ptolemy.vergil.basic.export.ExportModel -force htm -run -openComposites -timeOut 30000 -whiteBackground ptolemy/cg/adapter/generic/html/demo/HierarchicalModel/HierarchicalModel.xml $PTII/ptolemy/cg/adapter/generic/html/demo/HierarchicalModel/HierarchicalModel
Running .HierarchicalModel
ExportHTMLTimer went off after 30000 ms., calling getDirector().finish and getDirector().stopFire()
30002 ms. Memory: 906240K Free: 234036K (26%)
Exported /home/travis/build/icyphy/ptII/ptolemy/cg/adapter/generic/html/demo/HierarchicalModel/HierarchicalModel/index.html
34409 ms. Memory: 906240K Free: 512297K (57%)
####### 16 Thu Oct 29 16:33:34 UTC 2020 $PTII/bin/ptinvoke ptolemy.vergil.basic.export.ExportModel -force htm -run -openComposites -timeOut 30000 -whiteBackground ptolemy/cg/adapter/generic/program/procedural/c/arduino/adapters/ptolemy/vergil/actor/lib/demo/Blink/Blink.xml $PTII/ptolemy/cg/adapter/generic/program/procedural/c/arduino/adapters/ptolemy/vergil/actor/lib/demo/Blink/Blink
Running .Blink
CompiledCompositeActor: Building shared object: The effigy ptolemy.actor.gui.PtolemyEffigy {.configuration.directory.effigy}(model : ptolemy.actor.TypedCompositeActor {.Blink}) says the model was modified and thus it does not matter if the shared object file is newer than the model file because the model file is out of date.
CompiledCompositeActor wrote file:/home/travis/cg/ Blink_EmbeddedCodeActor.java
In "/home/travis/cg", about to execute:
    javac -classpath . Blink_EmbeddedCodeActor.java
In "/home/travis/cg", about to execute:
    rm -f Blink_EmbeddedCodeActor.h
All Done
Not deleting /home/travis/cg/, there might be .class files that we just generated.
CCodeGenerator set the container? : actor.getContainer(): ptolemy.actor.TypedCompositeActor {.Blink} _isTopLevel: false generateEmbeddedCode: true
CCodeGenerator include the container .h? : container.getContainer(): ptolemy.actor.TypedCompositeActor {.Blink} _isTopLevel: false generateEmbeddedCode: true


CCodeGeneratorAdapter: appended to path /usr/local/lib/jvm/openjdk11/bin/client
Reading "ptolemy/cg/kernel/generic/program/procedural/c/jnimakefile.in",
    writing "/home/travis/cg/Blink_EmbeddedCodeActor.mk"
Using ptolemy/cg/kernel/generic/program/procedural/c/jnimakefile.in
In "/home/travis/cg", about to execute:
    make -f Blink_EmbeddedCodeActor.mk
gcc -DPTJNI -D__int64="long long" -Wall  -std=c99 -ggdb  -I /home/travis/cg//_EmbeddedCodeActor -I"/usr/local/lib/jvm/openjdk11/include" -I /home/travis/cg/commons/ -I"/usr/local/lib/jvm/openjdk11/include/linux" -fPIC -shared -o libBlink_EmbeddedCodeActor.so ./Blink_EmbeddedCodeActor_Main.c ./commons/pblhash.c ./commons/_AtomicActor.c ./commons/_IOPort.c ./commons/_Director.c ./commons/_Receiver.c ./commons/_SDFDirector.c ./commons/_LocalClock.c ./commons/pblIterator.c ./commons/pbl.c ./commons/_TypedIOPort.c ./commons/_CompositeActor.c ./commons/pblMap.c ./commons/pblPriorityQueue.c ./commons/_SDFReceiver.c ./commons/pblList.c ./commons/pblHeap.c ./commons/_Actor.c ./commons/_ptTypes.c ./commons/pblCollection.c ./commons/pblSet.c ./_EmbeddedCodeActor/Blink_EmbeddedCodeActor_SDFSchedule.c ./_EmbeddedCodeActor/Blink_EmbeddedCodeActor_EmbeddedActor.c ./_EmbeddedCodeActor/Blink_EmbeddedCodeActor.c -lm -L"" -ljvm
In file included from ./Blink_EmbeddedCodeActor_Main.c:21:0:
./Blink_EmbeddedCodeActor_Main.h:24:21: warning: ‘input’ defined but not used [-Wunused-variable]
 static jobjectArray input;
                     ^
All Done
3135 ms. Memory: 906240K Free: 256709K (28%)
Exported /home/travis/build/icyphy/ptII/ptolemy/cg/adapter/generic/program/procedural/c/arduino/adapters/ptolemy/vergil/actor/lib/demo/Blink/Blink/index.html
7424 ms. Memory: 906240K Free: 723045K (80%)
####### 17 Thu Oct 29 16:33:41 UTC 2020 $PTII/bin/ptinvoke ptolemy.vergil.basic.export.ExportModel -force htm -run -openComposites -timeOut 30000 -whiteBackground ptolemy/cg/adapter/generic/program/procedural/c/arduino/adapters/ptolemy/vergil/actor/lib/demo/Life/Life.xml $PTII/ptolemy/cg/adapter/generic/program/procedural/c/arduino/adapters/ptolemy/vergil/actor/lib/demo/Life/Life
Running .Life
4043 ms. Memory: 906240K Free: 511105K (56%)
Exported /home/travis/build/icyphy/ptII/ptolemy/cg/adapter/generic/program/procedural/c/arduino/adapters/ptolemy/vergil/actor/lib/demo/Life/Life/index.html
9479 ms. Memory: 906240K Free: 375852K (41%)
####### 18 Thu Oct 29 16:33:51 UTC 2020 $PTII/bin/ptinvoke ptolemy.vergil.basic.export.ExportModel -force htm  -openComposites -timeOut 30000 -whiteBackground ptolemy/cg/adapter/generic/program/procedural/c/arduino/adapters/ptolemy/vergil/actor/lib/demo/Ultrasonic/Ultrasonic.xml $PTII/ptolemy/cg/adapter/generic/program/procedural/c/arduino/adapters/ptolemy/vergil/actor/lib/demo/Ultrasonic/Ultrasonic
Warning: not running ptolemy/cg/adapter/generic/program/procedural/c/arduino/adapters/ptolemy/vergil/actor/lib/demo/Ultrasonic/Ultrasonic.xml. See ptolemy/vergil/basic/export/test/junit/ExportModelJUnitTest.java
Exported /home/travis/build/icyphy/ptII/ptolemy/cg/adapter/generic/program/procedural/c/arduino/adapters/ptolemy/vergil/actor/lib/demo/Ultrasonic/Ultrasonic/index.html
3263 ms. Memory: 906240K Free: 156787K (17%)
####### 19 Thu Oct 29 16:33:54 UTC 2020 $PTII/bin/ptinvoke ptolemy.vergil.basic.export.ExportModel -force htm -run -openComposites -timeOut 30000 -whiteBackground ptolemy/cg/kernel/generic/accessor/demo/TestComposite/TestComposite.xml $PTII/ptolemy/cg/kernel/generic/accessor/demo/TestComposite/TestComposite
JSAccessor: PT_NO_NET environment variable is set, so git pull and ptdoc are not being run.
Running .TestComposite
8742 ms. Memory: 906240K Free: 310622K (34%)
Exported /home/travis/build/icyphy/ptII/ptolemy/cg/kernel/generic/accessor/demo/TestComposite/TestComposite/index.html
22541 ms. Memory: 906240K Free: 264530K (29%)
####### 20 Thu Oct 29 16:34:17 UTC 2020 $PTII/bin/ptinvoke ptolemy.vergil.basic.export.ExportModel -force htm -run -openComposites -timeOut 30000 -whiteBackground ptolemy/cg/lib/demo/CompiledCompositeActor/CompiledCompositeActor.xml $PTII/ptolemy/cg/lib/demo/CompiledCompositeActor/CompiledCompositeActor
Running .CompiledCompositeActor
CompiledCompositeActor: Building shared object: The sharedObjectFile has a modification time that is earlier than the modelFile modification time.
Writing CompiledCompositeActor_CompiledCompositeActor.java in file:/home/travis/cg/ (13466 characters)
Reading "ptolemy/cg/kernel/generic/program/procedural/java/makefile.in",
    writing "/home/travis/cg/CompiledCompositeActor_CompiledCompositeActor.mk"
Using ptolemy/cg/kernel/generic/program/procedural/java/makefile.in
In "/home/travis/cg", about to execute:
    make -f CompiledCompositeActor_CompiledCompositeActor.mk
javac -classpath ".:."    CompiledCompositeActor_CompiledCompositeActor.java
All Done
1204 ms. Memory: 906240K Free: 659399K (73%)
Exported /home/travis/build/icyphy/ptII/ptolemy/cg/lib/demo/CompiledCompositeActor/CompiledCompositeActor/index.html
5569 ms. Memory: 906240K Free: 543653K (60%)
####### 21 Thu Oct 29 16:34:22 UTC 2020 $PTII/bin/ptinvoke ptolemy.vergil.basic.export.ExportModel -force htm  -openComposites -timeOut 30000 -whiteBackground ptolemy/cg/lib/demo/DECG/DECG.xml $PTII/ptolemy/cg/lib/demo/DECG/DECG
Warning: not running ptolemy/cg/lib/demo/DECG/DECG.xml. See ptolemy/vergil/basic/export/test/junit/ExportModelJUnitTest.java
Exported /home/travis/build/icyphy/ptII/ptolemy/cg/lib/demo/DECG/DECG/index.html
3182 ms. Memory: 906240K Free: 408508K (45%)
####### 22 Thu Oct 29 16:34:25 UTC 2020 $PTII/bin/ptinvoke ptolemy.vergil.basic.export.ExportModel -force htm -run -openComposites -timeOut 30000 -whiteBackground ptolemy/cg/lib/demo/DECG/DECGClockRamp.xml $PTII/ptolemy/cg/lib/demo/DECG/DECGClockRamp
Running .DECGClockRamp
23 ms. Memory: 906240K Free: 303540K (33%)
Exported /home/travis/build/icyphy/ptII/ptolemy/cg/lib/demo/DECG/DECGClockRamp/index.html
4215 ms. Memory: 906240K Free: 256948K (28%)
####### 23 Thu Oct 29 16:34:30 UTC 2020 $PTII/bin/ptinvoke ptolemy.vergil.basic.export.ExportModel -force htm -run -openComposites -timeOut 30000 -whiteBackground ptolemy/cg/lib/demo/DECG/DECGDelay.xml $PTII/ptolemy/cg/lib/demo/DECG/DECGDelay
Running .DECGDelay
20 ms. Memory: 906240K Free: 670647K (74%)
Exported /home/travis/build/icyphy/ptII/ptolemy/cg/lib/demo/DECG/DECGDelay/index.html
4270 ms. Memory: 906240K Free: 624562K (69%)
####### 24 Thu Oct 29 16:34:34 UTC 2020 $PTII/bin/ptinvoke ptolemy.vergil.basic.export.ExportModel -force htm -run -openComposites -timeOut 30000 -whiteBackground ptolemy/cg/lib/demo/DECG/DECGHelloWorld.xml $PTII/ptolemy/cg/lib/demo/DECG/DECGHelloWorld
Running .DECGHelloWorld
10 ms. Memory: 906240K Free: 519098K (57%)
Exported /home/travis/build/icyphy/ptII/ptolemy/cg/lib/demo/DECG/DECGHelloWorld/index.html
4224 ms. Memory: 906240K Free: 472500K (52%)
####### 25 Thu Oct 29 16:34:38 UTC 2020 $PTII/bin/ptinvoke ptolemy.vergil.basic.export.ExportModel -force htm -run -openComposites -timeOut 30000 -whiteBackground ptolemy/cg/lib/demo/DECG/DECGHeterogeneous.xml $PTII/ptolemy/cg/lib/demo/DECG/DECGHeterogeneous
Running .DECGHeterogeneous
85 ms. Memory: 906240K Free: 313242K (35%)
Exported /home/travis/build/icyphy/ptII/ptolemy/cg/lib/demo/DECG/DECGHeterogeneous/index.html
4352 ms. Memory: 906240K Free: 212898K (23%)
####### 26 Thu Oct 29 16:34:43 UTC 2020 $PTII/bin/ptinvoke ptolemy.vergil.basic.export.ExportModel -force htm -run -openComposites -timeOut 30000 -whiteBackground ptolemy/cg/lib/demo/DECG/DECGHeterogeneousMk2.xml $PTII/ptolemy/cg/lib/demo/DECG/DECGHeterogeneousMk2
Running .DECGHeterogeneousMk2
79 ms. Memory: 906240K Free: 604097K (67%)
Exported /home/travis/build/icyphy/ptII/ptolemy/cg/lib/demo/DECG/DECGHeterogeneousMk2/index.html
4740 ms. Memory: 906240K Free: 286595K (32%)
####### 27 Thu Oct 29 16:34:47 UTC 2020 $PTII/bin/ptinvoke ptolemy.vergil.basic.export.ExportModel -force htm -run -openComposites -timeOut 30000 -whiteBackground ptolemy/cg/lib/demo/DECG/DECGMath.xml $PTII/ptolemy/cg/lib/demo/DECG/DECGMath
Running .DECGMath
21 ms. Memory: 906240K Free: 719284K (79%)
Exported /home/travis/build/icyphy/ptII/ptolemy/cg/lib/demo/DECG/DECGMath/index.html
4275 ms. Memory: 906240K Free: 646583K (71%)
####### 28 Thu Oct 29 16:34:52 UTC 2020 $PTII/bin/ptinvoke ptolemy.vergil.basic.export.ExportModel -force htm -run -openComposites -timeOut 30000 -whiteBackground ptolemy/cg/lib/demo/DECG/DECGPi.xml $PTII/ptolemy/cg/lib/demo/DECG/DECGPi
Running .DECGPi
44 ms. Memory: 906240K Free: 490953K (54%)
Exported /home/travis/build/icyphy/ptII/ptolemy/cg/lib/demo/DECG/DECGPi/index.html
4335 ms. Memory: 906240K Free: 395700K (44%)
####### 29 Thu Oct 29 16:34:56 UTC 2020 $PTII/bin/ptinvoke ptolemy.vergil.basic.export.ExportModel -force htm -run -openComposites -timeOut 30000 -whiteBackground ptolemy/cg/lib/demo/DECG/DECGPiSquare.xml $PTII/ptolemy/cg/lib/demo/DECG/DECGPiSquare
Running .DECGPiSquare
138 ms. Memory: 906240K Free: 246727K (27%)
Exported /home/travis/build/icyphy/ptII/ptolemy/cg/lib/demo/DECG/DECGPiSquare/index.html
4367 ms. Memory: 906240K Free: 720810K (80%)
####### 30 Thu Oct 29 16:35:00 UTC 2020 $PTII/bin/ptinvoke ptolemy.vergil.basic.export.ExportModel -force htm -run -openComposites -timeOut 30000 -whiteBackground ptolemy/cg/lib/demo/DECG/DECGPoisson.xml $PTII/ptolemy/cg/lib/demo/DECG/DECGPoisson
Running .DECGPoisson
18 ms. Memory: 906240K Free: 617409K (68%)
Exported /home/travis/build/icyphy/ptII/ptolemy/cg/lib/demo/DECG/DECGPoisson/index.html
4214 ms. Memory: 906240K Free: 570802K (63%)
####### 31 Thu Oct 29 16:35:04 UTC 2020 $PTII/bin/ptinvoke ptolemy.vergil.basic.export.ExportModel -force htm -run -openComposites -timeOut 30000 -whiteBackground ptolemy/cg/lib/demo/ModularCGPubSub/ModularCGPubSub.xml $PTII/ptolemy/cg/lib/demo/ModularCGPubSub/ModularCGPubSub
Running .ModularCGPubSub
In "/home/travis/cg", about to execute:
    pwd
In "/home/travis/cg", about to execute:
    ls -l
In "/home/travis/cg", about to execute:
    javac -classpath
.:/home/travis/build/icyphy/ptII:/home/travis/build/icyphy/ptII/lib/bsh-2.0b4.j
ar:/home/travis/build/icyphy/ptII/lib/ptCal.jar:/home/travis/build/icyphy/ptII/
lib/java_cup.jar:/home/travis/build/icyphy/ptII/lib/saxon8.jar:/home/travis/bui
ld/icyphy/ptII/lib/saxon8-dom.jar:/home/travis/build/icyphy/ptII/lib/chic.jar:/
home/travis/build/icyphy/ptII/lib/ptcolt.jar:/home/travis/build/icyphy/ptII/ven
dors/misc/itext/iText.jar:/home/travis/build/icyphy/ptII/lib/g4ltl.jar:/home/tr
avis/build/icyphy/ptII/lib/StructuralCoder.jar:/home/travis/build/icyphy/ptII/l
ib/jcerti.jar:/home/travis/build/icyphy/ptII/lib/javax.mail.jar:/home/travis/bu
ild/icyphy/ptII/vendors/JMF-2.1.1e/lib/jmf.jar:/home/travis/build/icyphy/ptII/l
ib/jna-4.0.0-variadic.jar:/home/travis/build/icyphy/ptII/vendors/misc/joystick/
Joystick.jar:/home/travis/build/icyphy/ptII/lib/ptjacl.jar:/home/travis/build/i
cyphy/ptII/lib/jsoup-1.8.2.jar:/home/travis/build/icyphy/ptII/lib/junit-4.8.2.j
ar:/home/travis/build/icyphy/ptII/lib/JUnitParams-0.4.0.jar:/home/travis/build/
icyphy/ptII/ptolemy/actor/lib/excel/jxl.jar:/home/travis/build/icyphy/ptII/lib/
jython.jar:/home/travis/build/icyphy/ptII/lib/kieler.jar:/home/travis/build/icy
phy/ptII/vendors/opencv/share/OpenCV/java/opencv-341.jar:/home/travis/build/icy
phy/ptII/lib/oscP5.jar:/home/travis/build/icyphy/ptII/lib/nrjavaserial-3.11.0.d
evel.jar:/home/travis/build/icyphy/ptII/vendors/j3d/lib/Linux/j3dcore.jar:/home
/travis/build/icyphy/ptII/vendors/j3d/lib/Linux/j3dutils.jar:/home/travis/build
/icyphy/ptII/vendors/j3d/lib/Linux/vecmath.jar:/home/travis/build/icyphy/ptII/v
endors/jogl/lib/Linux/gluegen-rt-natives-linux-amd64.jar:/home/travis/build/icy
phy/ptII/vendors/jogl/lib/Linux/gluegen-rt.jar:/home/travis/build/icyphy/ptII/v
endors/jogl/lib/Linux/jogl-all-natives-linux-amd64.jar:/home/travis/build/icyph
y/ptII/vendors/jogl/lib/Linux/jogl-all.jar:/home/travis/build/icyphy/ptII/ptole
my/distributed/jini/jar/jini-core.jar:/home/travis/build/icyphy/ptII/ptolemy/di
stributed/jini/jar/jini-ext.jar:/home/travis/build/icyphy/ptII/ptolemy/distribu
ted/jini/jar/sun-util.jar:/home/travis/build/icyphy/ptII/lib/protobuf-java-2.4.
1.jar:/home/travis/build/icyphy/ptII/lib/org.eclipse.paho.client.mqttv3.jar:/ho
me/travis/build/icyphy/ptII/lib/mapss.jar:/home/travis/build/icyphy/ptII/ptolem
y/actor/ptalon/antlr/antlr.jar:/home/travis/build/icyphy/ptII/lib/JRI.jar:/home
/travis/build/icyphy/ptII/lib/commons-lang-2.6.jar:/home/travis/build/icyphy/pt
II/lib/commons-logging-1.1.1.jar:/home/travis/build/icyphy/ptII/lib/sootclasses
.jar:/home/travis/build/icyphy/ptII/ptolemy/actor/lib/database/mysql-connector-
java-5.1.6-bin.jar:/home/travis/build/icyphy/ptII/vendors/misc/sphinx4/sphinx4-
data-5prealpha.jar:/home/travis/build/icyphy/ptII/vendors/misc/sphinx4/sphinx4-
core-5prealpha.jar:/home/travis/build/icyphy/ptII/lib/PDFRenderer.jar:/home/tra
vis/build/icyphy/ptII/lib/svgSalamander.jar:/home/travis/build/icyphy/ptII/lib/
rsyntaxtextarea-2.6.0-SNAPSHOT.jar:/home/travis/build/icyphy/ptII/lib/hazelcast
-3.8.2.jar:/home/travis/build/icyphy/ptII/lib/jackson-annotations-2.9.0.jar:/ho
me/travis/build/icyphy/ptII/lib/jackson-core-2.9.3.jar:/home/travis/build/icyph
y/ptII/lib/jackson-databind-2.9.3.jar:/home/travis/build/icyphy/ptII/lib/netty-
buffer-4.1.19.Final.jar:/home/travis/build/icyphy/ptII/lib/netty-codec-4.1.19.F
inal.jar:/home/travis/build/icyphy/ptII/lib/netty-codec-dns-4.1.19.Final.jar:/h
ome/travis/build/icyphy/ptII/lib/netty-codec-http-4.1.19.Final.jar:/home/travis
/build/icyphy/ptII/lib/netty-codec-http2-4.1.19.Final.jar:/home/travis/build/ic
yphy/ptII/lib/netty-common-4.1.19.Final.jar:/home/travis/build/icyphy/ptII/lib/
netty-handler-4.1.19.Final.jar:/home/travis/build/icyphy/ptII/lib/netty-resolve
r-4.1.19.Final.jar:/home/travis/build/icyphy/ptII/lib/netty-resolver-dns-4.1.19
.Final.jar:/home/travis/build/icyphy/ptII/lib/netty-transport-4.1.19.Final.jar:
/home/travis/build/icyphy/ptII/lib/vertx-codegen-3.5.1.jar:/home/travis/build/i
cyphy/ptII/lib/vertx-core-3.5.2-SNAPSHOT.jar:/home/travis/build/icyphy/ptII/lib
/vertx-hazelcast-3.5.1.jar:/home/travis/build/icyphy/ptII/lib/vertx-lang-js-3.5
.1.jar:/home/travis/build/icyphy/ptII/lib/vertx-service-proxy-3.5.1.jar:/home/t
ravis/build/icyphy/ptII/lib/vertx-web-3.5.1.jar:/home/travis/build/icyphy/ptII/
lib/slf4j-api-1.7.13.jar:/home/travis/build/icyphy/ptII/lib/slf4j-simple-1.7.13
.jar:/home/travis/build/icyphy/ptII/lib/webcam-capture-0.3.12.jar:/home/travis/
build/icyphy/ptII/lib/bridj-0.7.0.jar:/home/travis/build/icyphy/ptII/lib/xbjlib
-1.1.0.nrjavaserial.jar:/home/travis/build/icyphy/ptII/ptolemy/moml/test:/home/
travis/build/icyphy/ptII/ant/lib/ant-launcher.jar:/home/travis/build/icyphy/ptI
I/ant/lib/ant.jar:/home/travis/build/icyphy/ptII/ant/lib/ant-junit.jar:/home/tr
avis/build/icyphy/ptII/ant/lib/ant-junit4.jar:/home/travis/build/icyphy/ptII
ModularCGPubSub_A1_A2_profile.java
/home/travis/cg
total 396
-rw-rw-r-- 1 travis travis    476 Oct 29 16:33 Blink_EmbeddedCodeActor.class
-rw-rw-r-- 1 travis travis    270 Oct 29 16:33 Blink_EmbeddedCodeActor.java
-rw-rw-r-- 1 travis travis   2870 Oct 29 16:33 Blink_EmbeddedCodeActor_Main.c
-rw-rw-r-- 1 travis travis   1596 Oct 29 16:33 Blink_EmbeddedCodeActor_Main.h
-rw-rw-r-- 1 travis travis   1797 Oct 29 16:33 Blink_EmbeddedCodeActor.mk
drwxrwxr-x 2 travis travis   4096 Oct 29 16:33 commons
-rw-rw-r-- 1 travis travis   5128 Oct 29 16:34 CompiledCompositeActor_CompiledCompositeActor.class
-rw-rw-r-- 1 travis travis   1611 Oct 29 16:34 CompiledCompositeActor_CompiledCompositeActor$_CompiledCompositeActor_CompiledCompositeActor.class
-rw-rw-r-- 1 travis travis  13466 Oct 29 16:34 CompiledCompositeActor_CompiledCompositeActor.java
-rw-rw-r-- 1 travis travis   1593 Oct 29 16:34 CompiledCompositeActor_CompiledCompositeActor.mk
drwxrwxr-x 2 travis travis   4096 Oct 29 16:33 _EmbeddedCodeActor
-rwxrwxr-x 1 travis travis 328800 Oct 29 16:33 libBlink_EmbeddedCodeActor.so
-rw-rw-r-- 1 travis travis   1222 Oct 29 16:35 ModularCGPubSub_A1_A2_profile.java
-rw-rw-r-- 1 travis travis    432 Oct 29 16:34 Token.class
-rw-rw-r-- 1 travis travis    251 Oct 29 16:34 Token.java
All Done
Writing ModularCGPubSub_A1_A2.java in file:/home/travis/cg/ (9076 characters)
Reading "ptolemy/cg/kernel/generic/program/procedural/java/modular/makefile.in",
    writing "/home/travis/cg/ModularCGPubSub_A1_A2.mk"
Using ptolemy/cg/kernel/generic/program/procedural/java/modular/makefile.in
In "/home/travis/cg", about to execute:
    make -f ModularCGPubSub_A1_A2.mk
javac -classpath ".:.."    ModularCGPubSub_A1_A2.java
All Done
In "/home/travis/cg", about to execute:
    pwd
In "/home/travis/cg", about to execute:
    ls -l
In "/home/travis/cg", about to execute:
    javac -classpath
.:/home/travis/build/icyphy/ptII:/home/travis/build/icyphy/ptII/lib/bsh-2.0b4.j
ar:/home/travis/build/icyphy/ptII/lib/ptCal.jar:/home/travis/build/icyphy/ptII/
lib/java_cup.jar:/home/travis/build/icyphy/ptII/lib/saxon8.jar:/home/travis/bui
ld/icyphy/ptII/lib/saxon8-dom.jar:/home/travis/build/icyphy/ptII/lib/chic.jar:/
home/travis/build/icyphy/ptII/lib/ptcolt.jar:/home/travis/build/icyphy/ptII/ven
dors/misc/itext/iText.jar:/home/travis/build/icyphy/ptII/lib/g4ltl.jar:/home/tr
avis/build/icyphy/ptII/lib/StructuralCoder.jar:/home/travis/build/icyphy/ptII/l
ib/jcerti.jar:/home/travis/build/icyphy/ptII/lib/javax.mail.jar:/home/travis/bu
ild/icyphy/ptII/vendors/JMF-2.1.1e/lib/jmf.jar:/home/travis/build/icyphy/ptII/l
ib/jna-4.0.0-variadic.jar:/home/travis/build/icyphy/ptII/vendors/misc/joystick/
Joystick.jar:/home/travis/build/icyphy/ptII/lib/ptjacl.jar:/home/travis/build/i
cyphy/ptII/lib/jsoup-1.8.2.jar:/home/travis/build/icyphy/ptII/lib/junit-4.8.2.j
ar:/home/travis/build/icyphy/ptII/lib/JUnitParams-0.4.0.jar:/home/travis/build/
icyphy/ptII/ptolemy/actor/lib/excel/jxl.jar:/home/travis/build/icyphy/ptII/lib/
jython.jar:/home/travis/build/icyphy/ptII/lib/kieler.jar:/home/travis/build/icy
phy/ptII/vendors/opencv/share/OpenCV/java/opencv-341.jar:/home/travis/build/icy
phy/ptII/lib/oscP5.jar:/home/travis/build/icyphy/ptII/lib/nrjavaserial-3.11.0.d
evel.jar:/home/travis/build/icyphy/ptII/vendors/j3d/lib/Linux/j3dcore.jar:/home
/travis/build/icyphy/ptII/vendors/j3d/lib/Linux/j3dutils.jar:/home/travis/build
/icyphy/ptII/vendors/j3d/lib/Linux/vecmath.jar:/home/travis/build/icyphy/ptII/v
endors/jogl/lib/Linux/gluegen-rt-natives-linux-amd64.jar:/home/travis/build/icy
phy/ptII/vendors/jogl/lib/Linux/gluegen-rt.jar:/home/travis/build/icyphy/ptII/v
endors/jogl/lib/Linux/jogl-all-natives-linux-amd64.jar:/home/travis/build/icyph
y/ptII/vendors/jogl/lib/Linux/jogl-all.jar:/home/travis/build/icyphy/ptII/ptole
my/distributed/jini/jar/jini-core.jar:/home/travis/build/icyphy/ptII/ptolemy/di
stributed/jini/jar/jini-ext.jar:/home/travis/build/icyphy/ptII/ptolemy/distribu
ted/jini/jar/sun-util.jar:/home/travis/build/icyphy/ptII/lib/protobuf-java-2.4.
1.jar:/home/travis/build/icyphy/ptII/lib/org.eclipse.paho.client.mqttv3.jar:/ho
me/travis/build/icyphy/ptII/lib/mapss.jar:/home/travis/build/icyphy/ptII/ptolem
y/actor/ptalon/antlr/antlr.jar:/home/travis/build/icyphy/ptII/lib/JRI.jar:/home
/travis/build/icyphy/ptII/lib/commons-lang-2.6.jar:/home/travis/build/icyphy/pt
II/lib/commons-logging-1.1.1.jar:/home/travis/build/icyphy/ptII/lib/sootclasses
.jar:/home/travis/build/icyphy/ptII/ptolemy/actor/lib/database/mysql-connector-
java-5.1.6-bin.jar:/home/travis/build/icyphy/ptII/vendors/misc/sphinx4/sphinx4-
data-5prealpha.jar:/home/travis/build/icyphy/ptII/vendors/misc/sphinx4/sphinx4-
core-5prealpha.jar:/home/travis/build/icyphy/ptII/lib/PDFRenderer.jar:/home/tra
vis/build/icyphy/ptII/lib/svgSalamander.jar:/home/travis/build/icyphy/ptII/lib/
rsyntaxtextarea-2.6.0-SNAPSHOT.jar:/home/travis/build/icyphy/ptII/lib/hazelcast
-3.8.2.jar:/home/travis/build/icyphy/ptII/lib/jackson-annotations-2.9.0.jar:/ho
me/travis/build/icyphy/ptII/lib/jackson-core-2.9.3.jar:/home/travis/build/icyph
y/ptII/lib/jackson-databind-2.9.3.jar:/home/travis/build/icyphy/ptII/lib/netty-
buffer-4.1.19.Final.jar:/home/travis/build/icyphy/ptII/lib/netty-codec-4.1.19.F
inal.jar:/home/travis/build/icyphy/ptII/lib/netty-codec-dns-4.1.19.Final.jar:/h
ome/travis/build/icyphy/ptII/lib/netty-codec-http-4.1.19.Final.jar:/home/travis
/build/icyphy/ptII/lib/netty-codec-http2-4.1.19.Final.jar:/home/travis/build/ic
yphy/ptII/lib/netty-common-4.1.19.Final.jar:/home/travis/build/icyphy/ptII/lib/
netty-handler-4.1.19.Final.jar:/home/travis/build/icyphy/ptII/lib/netty-resolve
r-4.1.19.Final.jar:/home/travis/build/icyphy/ptII/lib/netty-resolver-dns-4.1.19
.Final.jar:/home/travis/build/icyphy/ptII/lib/netty-transport-4.1.19.Final.jar:
/home/travis/build/icyphy/ptII/lib/vertx-codegen-3.5.1.jar:/home/travis/build/i
cyphy/ptII/lib/vertx-core-3.5.2-SNAPSHOT.jar:/home/travis/build/icyphy/ptII/lib
/vertx-hazelcast-3.5.1.jar:/home/travis/build/icyphy/ptII/lib/vertx-lang-js-3.5
.1.jar:/home/travis/build/icyphy/ptII/lib/vertx-service-proxy-3.5.1.jar:/home/t
ravis/build/icyphy/ptII/lib/vertx-web-3.5.1.jar:/home/travis/build/icyphy/ptII/
lib/slf4j-api-1.7.13.jar:/home/travis/build/icyphy/ptII/lib/slf4j-simple-1.7.13
.jar:/home/travis/build/icyphy/ptII/lib/webcam-capture-0.3.12.jar:/home/travis/
build/icyphy/ptII/lib/bridj-0.7.0.jar:/home/travis/build/icyphy/ptII/lib/xbjlib
-1.1.0.nrjavaserial.jar:/home/travis/build/icyphy/ptII/ptolemy/moml/test:/home/
travis/build/icyphy/ptII/ant/lib/ant-launcher.jar:/home/travis/build/icyphy/ptI
I/ant/lib/ant.jar:/home/travis/build/icyphy/ptII/ant/lib/ant-junit.jar:/home/tr
avis/build/icyphy/ptII/ant/lib/ant-junit4.jar:/home/travis/build/icyphy/ptII
ModularCGPubSub_A1_profile.java
total 424
/home/travis/cg
-rw-rw-r-- 1 travis travis    476 Oct 29 16:33 Blink_EmbeddedCodeActor.class
-rw-rw-r-- 1 travis travis    270 Oct 29 16:33 Blink_EmbeddedCodeActor.java
-rw-rw-r-- 1 travis travis   2870 Oct 29 16:33 Blink_EmbeddedCodeActor_Main.c
-rw-rw-r-- 1 travis travis   1596 Oct 29 16:33 Blink_EmbeddedCodeActor_Main.h
-rw-rw-r-- 1 travis travis   1797 Oct 29 16:33 Blink_EmbeddedCodeActor.mk
drwxrwxr-x 2 travis travis   4096 Oct 29 16:33 commons
-rw-rw-r-- 1 travis travis   5128 Oct 29 16:34 CompiledCompositeActor_CompiledCompositeActor.class
-rw-rw-r-- 1 travis travis   1611 Oct 29 16:34 CompiledCompositeActor_CompiledCompositeActor$_CompiledCompositeActor_CompiledCompositeActor.class
-rw-rw-r-- 1 travis travis  13466 Oct 29 16:34 CompiledCompositeActor_CompiledCompositeActor.java
-rw-rw-r-- 1 travis travis   1593 Oct 29 16:34 CompiledCompositeActor_CompiledCompositeActor.mk
drwxrwxr-x 2 travis travis   4096 Oct 29 16:33 _EmbeddedCodeActor
-rwxrwxr-x 1 travis travis 328800 Oct 29 16:33 libBlink_EmbeddedCodeActor.so
-rw-rw-r-- 1 travis travis   3705 Oct 29 16:35 ModularCGPubSub_A1_A2.class
-rw-rw-r-- 1 travis travis   9076 Oct 29 16:35 ModularCGPubSub_A1_A2.java
-rw-rw-r-- 1 travis travis    880 Oct 29 16:35 ModularCGPubSub_A1_A2.mk
-rw-rw-r-- 1 travis travis   1300 Oct 29 16:35 ModularCGPubSub_A1_A2_profile.class
-rw-rw-r-- 1 travis travis   1222 Oct 29 16:35 ModularCGPubSub_A1_A2_profile.java
-rw-rw-r-- 1 travis travis   1388 Oct 29 16:35 ModularCGPubSub_A1_profile.java
-rw-rw-r-- 1 travis travis    432 Oct 29 16:35 Token.class
-rw-rw-r-- 1 travis travis    251 Oct 29 16:35 Token.java
All Done
Writing ModularCGPubSub_A1.java in file:/home/travis/cg/ (9836 characters)
Reading "ptolemy/cg/kernel/generic/program/procedural/java/modular/makefile.in",
    writing "/home/travis/cg/ModularCGPubSub_A1.mk"
Using ptolemy/cg/kernel/generic/program/procedural/java/modular/makefile.in
In "/home/travis/cg", about to execute:
    make -f ModularCGPubSub_A1.mk
javac -classpath ".:.."    ModularCGPubSub_A1.java
All Done
6198 ms. Memory: 906240K Free: 397174K (44%)
Exported /home/travis/build/icyphy/ptII/ptolemy/cg/lib/demo/ModularCGPubSub/ModularCGPubSub/index.html
12973 ms. Memory: 906240K Free: 374169K (41%)
####### 32 Thu Oct 29 16:35:17 UTC 2020 $PTII/bin/ptinvoke ptolemy.vergil.basic.export.ExportModel -force htm  -openComposites -timeOut 30000 -whiteBackground ptolemy/cg/lib/demo/Scale/Scale.xml $PTII/ptolemy/cg/lib/demo/Scale/Scale
Warning: not running ptolemy/cg/lib/demo/Scale/Scale.xml. See ptolemy/vergil/basic/export/test/junit/ExportModelJUnitTest.java
Exported /home/travis/build/icyphy/ptII/ptolemy/cg/lib/demo/Scale/Scale/index.html
3157 ms. Memory: 906240K Free: 245678K (27%)
####### 33 Thu Oct 29 16:35:21 UTC 2020 $PTII/bin/ptinvoke ptolemy.vergil.basic.export.ExportModel -force htm  -openComposites -timeOut 30000 -whiteBackground ptolemy/cg/lib/demo/Scale/ScaleC.xml $PTII/ptolemy/cg/lib/demo/Scale/ScaleC
Warning: not running ptolemy/cg/lib/demo/Scale/ScaleC.xml. See ptolemy/vergil/basic/export/test/junit/ExportModelJUnitTest.java
Exported /home/travis/build/icyphy/ptII/ptolemy/cg/lib/demo/Scale/ScaleC/index.html
3206 ms. Memory: 906240K Free: 650674K (72%)
####### 34 Thu Oct 29 16:35:24 UTC 2020 $PTII/bin/ptinvoke ptolemy.vergil.basic.export.ExportModel -force htm -run -openComposites -timeOut 30000 -whiteBackground ptolemy/cg/lib/demo/Scale/ScaleCFlat.xml $PTII/ptolemy/cg/lib/demo/Scale/ScaleCFlat
Running .ScaleCFlat
70 ms. Memory: 906240K Free: 520632K (57%)
Exported /home/travis/build/icyphy/ptII/ptolemy/cg/lib/demo/Scale/ScaleCFlat/index.html
4236 ms. Memory: 906240K Free: 479154K (53%)
####### 35 Thu Oct 29 16:35:28 UTC 2020 $PTII/bin/ptinvoke ptolemy.vergil.basic.export.ExportModel -force htm -run -openComposites -timeOut 30000 -whiteBackground ptolemy/cg/lib/demo/Scale/ScaleJava.xml $PTII/ptolemy/cg/lib/demo/Scale/ScaleJava
Running .ScaleJava
CompiledCompositeActor: Building shared object: The sharedObjectFile has a modification time that is earlier than the modelFile modification time.
Writing ScaleJava_EmbeddedActor.java in file:/home/travis/cg/ (9330 characters)
Reading "ptolemy/cg/kernel/generic/program/procedural/java/makefile.in",
    writing "/home/travis/cg/ScaleJava_EmbeddedActor.mk"
Using ptolemy/cg/kernel/generic/program/procedural/java/makefile.in
In "/home/travis/cg", about to execute:
    make -f ScaleJava_EmbeddedActor.mk
javac -classpath ".:."    ScaleJava_EmbeddedActor.java
All Done
1054 ms. Memory: 906240K Free: 354732K (39%)
Exported /home/travis/build/icyphy/ptII/ptolemy/cg/lib/demo/Scale/ScaleJava/index.html
5204 ms. Memory: 906240K Free: 312244K (34%)
####### 36 Thu Oct 29 16:35:33 UTC 2020 $PTII/bin/ptinvoke ptolemy.vergil.basic.export.ExportModel -force htm -run -openComposites -timeOut 30000 -whiteBackground ptolemy/configs/doc/ClassesIllustrated.xml $PTII/ptolemy/configs/doc/ClassesIllustrated
Running .ClassesIllustrated
1 ms. Memory: 906240K Free: 702641K (78%)
Exported /home/travis/build/icyphy/ptII/ptolemy/configs/doc/ClassesIllustrated/index.html
4396 ms. Memory: 906240K Free: 398236K (44%)
####### 37 Thu Oct 29 16:35:38 UTC 2020 $PTII/bin/ptinvoke ptolemy.vergil.basic.export.ExportModel -force htm -run -openComposites -timeOut 30000 -whiteBackground ptolemy/data/ontologies/demo/CarTracking/CarTracking.xml $PTII/ptolemy/data/ontologies/demo/CarTracking/CarTracking
Running .CarTracking
3564 ms. Memory: 906240K Free: 583113K (64%)
Exported /home/travis/build/icyphy/ptII/ptolemy/data/ontologies/demo/CarTracking/CarTracking/index.html
9274 ms. Memory: 906240K Free: 282034K (31%)
####### 38 Thu Oct 29 16:35:47 UTC 2020 $PTII/bin/ptinvoke ptolemy.vergil.basic.export.ExportModel -force htm -run -openComposites -timeOut 30000 -whiteBackground ptolemy/data/ontologies/demo/ConstAbstractInterpretation/ConstAbstractInterpretation.xml $PTII/ptolemy/data/ontologies/demo/ConstAbstractInterpretation/ConstAbstractInterpretation
Running .ConstAbstractInterpretation
370 ms. Memory: 906240K Free: 624645K (69%)
Exported /home/travis/build/icyphy/ptII/ptolemy/data/ontologies/demo/ConstAbstractInterpretation/ConstAbstractInterpretation/index.html
4644 ms. Memory: 906240K Free: 543741K (60%)
####### 39 Thu Oct 29 16:35:52 UTC 2020 $PTII/bin/ptinvoke ptolemy.vergil.basic.export.ExportModel -force htm  -openComposites -timeOut 30000 -whiteBackground ptolemy/data/ontologies/demo/ConstAbstractInterpretationObservable/ConstAbstractInterpretationObservable.xml $PTII/ptolemy/data/ontologies/demo/ConstAbstractInterpretationObservable/ConstAbstractInterpretationObservable
Warning: not running ptolemy/data/ontologies/demo/ConstAbstractInterpretationObservable/ConstAbstractInterpretationObservable.xml. See ptolemy/vergil/basic/export/test/junit/ExportModelJUnitTest.java
Exported /home/travis/build/icyphy/ptII/ptolemy/data/ontologies/demo/ConstAbstractInterpretationObservable/ConstAbstractInterpretationObservable/index.html
3161 ms. Memory: 906240K Free: 674295K (74%)
####### 40 Thu Oct 29 16:35:55 UTC 2020 $PTII/bin/ptinvoke ptolemy.vergil.basic.export.ExportModel -force htm -run -openComposites -timeOut 30000 -whiteBackground ptolemy/data/ontologies/demo/ConstAbstractInterpretationObservable/ConstComparatorEqualToDemo.xml $PTII/ptolemy/data/ontologies/demo/ConstAbstractInterpretationObservable/ConstComparatorEqualToDemo
Running .ConstComparatorEqualToDemo
2023 ms. Memory: 906240K Free: 630406K (70%)
Exported /home/travis/build/icyphy/ptII/ptolemy/data/ontologies/demo/ConstAbstractInterpretationObservable/ConstComparatorEqualToDemo/index.html
6282 ms. Memory: 906240K Free: 601811K (66%)
####### 41 Thu Oct 29 16:36:01 UTC 2020 $PTII/bin/ptinvoke ptolemy.vergil.basic.export.ExportModel -force htm -run -openComposites -timeOut 30000 -whiteBackground ptolemy/data/ontologies/demo/ConstAbstractInterpretationObservable/ConstComparatorGreaterThanDemo.xml $PTII/ptolemy/data/ontologies/demo/ConstAbstractInterpretationObservable/ConstComparatorGreaterThanDemo
Running .ConstComparatorGreaterThanDemo
1793 ms. Memory: 906240K Free: 667667K (74%)
Exported /home/travis/build/icyphy/ptII/ptolemy/data/ontologies/demo/ConstAbstractInterpretationObservable/ConstComparatorGreaterThanDemo/index.html
6090 ms. Memory: 906240K Free: 654322K (72%)
####### 42 Thu Oct 29 16:36:07 UTC 2020 $PTII/bin/ptinvoke ptolemy.vergil.basic.export.ExportModel -force htm -run -openComposites -timeOut 30000 -whiteBackground ptolemy/data/ontologies/demo/ConstAbstractInterpretationObservable/ConstComparatorGTEDemo.xml $PTII/ptolemy/data/ontologies/demo/ConstAbstractInterpretationObservable/ConstComparatorGTEDemo
Running .ConstComparatorGTEDemo
1812 ms. Memory: 906240K Free: 604632K (67%)
Exported /home/travis/build/icyphy/ptII/ptolemy/data/ontologies/demo/ConstAbstractInterpretationObservable/ConstComparatorGTEDemo/index.html
6053 ms. Memory: 906240K Free: 672240K (74%)
####### 43 Thu Oct 29 16:36:13 UTC 2020 $PTII/bin/ptinvoke ptolemy.vergil.basic.export.ExportModel -force htm -run -openComposites -timeOut 30000 -whiteBackground ptolemy/data/ontologies/demo/ConstAbstractInterpretationObservable/ConstComparatorLessThanDemo.xml $PTII/ptolemy/data/ontologies/demo/ConstAbstractInterpretationObservable/ConstComparatorLessThanDemo
Running .ConstComparatorLessThanDemo
1462 ms. Memory: 906240K Free: 589882K (65%)
Exported /home/travis/build/icyphy/ptII/ptolemy/data/ontologies/demo/ConstAbstractInterpretationObservable/ConstComparatorLessThanDemo/index.html
5709 ms. Memory: 906240K Free: 656643K (72%)
####### 44 Thu Oct 29 16:36:19 UTC 2020 $PTII/bin/ptinvoke ptolemy.vergil.basic.export.ExportModel -force htm -run -openComposites -timeOut 30000 -whiteBackground ptolemy/data/ontologies/demo/ConstAbstractInterpretationObservable/ConstComparatorLTEDemo.xml $PTII/ptolemy/data/ontologies/demo/ConstAbstractInterpretationObservable/ConstComparatorLTEDemo
Running .ConstComparatorLTEDemo
1376 ms. Memory: 906240K Free: 278016K (31%)
Exported /home/travis/build/icyphy/ptII/ptolemy/data/ontologies/demo/ConstAbstractInterpretationObservable/ConstComparatorLTEDemo/index.html
5603 ms. Memory: 906240K Free: 663061K (73%)
####### 45 Thu Oct 29 16:36:25 UTC 2020 $PTII/bin/ptinvoke ptolemy.vergil.basic.export.ExportModel -force htm -run -openComposites -timeOut 30000 -whiteBackground ptolemy/data/ontologies/demo/ConstAbstractInterpretationObservable/ConstMultiplyDivideDemo.xml $PTII/ptolemy/data/ontologies/demo/ConstAbstractInterpretationObservable/ConstMultiplyDivideDemo
Running .ConstMultiplyDivideDemo
2134 ms. Memory: 906240K Free: 410723K (45%)
Exported /home/travis/build/icyphy/ptII/ptolemy/data/ontologies/demo/ConstAbstractInterpretationObservable/ConstMultiplyDivideDemo/index.html
6373 ms. Memory: 906240K Free: 590326K (65%)
####### 46 Thu Oct 29 16:36:31 UTC 2020 $PTII/bin/ptinvoke ptolemy.vergil.basic.export.ExportModel -force htm -run -openComposites -timeOut 30000 -whiteBackground ptolemy/data/ontologies/demo/ConstAbstractInterpretationObservable/ConstScaleDemo.xml $PTII/ptolemy/data/ontologies/demo/ConstAbstractInterpretationObservable/ConstScaleDemo
Running .ConstScaleDemo
1095 ms. Memory: 906240K Free: 558590K (62%)
Exported /home/travis/build/icyphy/ptII/ptolemy/data/ontologies/demo/ConstAbstractInterpretationObservable/ConstScaleDemo/index.html
5312 ms. Memory: 906240K Free: 420305K (46%)
####### 47 Thu Oct 29 16:36:36 UTC 2020 $PTII/bin/ptinvoke ptolemy.vergil.basic.export.ExportModel -force htm  -openComposites -timeOut 30000 -whiteBackground ptolemy/data/ontologies/demo/ConstNonconst/Const.xml $PTII/ptolemy/data/ontologies/demo/ConstNonconst/Const
Warning: not running ptolemy/data/ontologies/demo/ConstNonconst/Const.xml. See ptolemy/vergil/basic/export/test/junit/ExportModelJUnitTest.java
Exported /home/travis/build/icyphy/ptII/ptolemy/data/ontologies/demo/ConstNonconst/Const/index.html
3155 ms. Memory: 906240K Free: 660979K (73%)
####### 48 Thu Oct 29 16:36:39 UTC 2020 $PTII/bin/ptinvoke ptolemy.vergil.basic.export.ExportModel -force htm -run -openComposites -timeOut 30000 -whiteBackground ptolemy/data/ontologies/demo/ConstNonconst/ConstNonconst.xml $PTII/ptolemy/data/ontologies/demo/ConstNonconst/ConstNonconst
Running .ConstNonconst
289 ms. Memory: 906240K Free: 493056K (54%)
Exported /home/travis/build/icyphy/ptII/ptolemy/data/ontologies/demo/ConstNonconst/ConstNonconst/index.html
4469 ms. Memory: 906240K Free: 402422K (44%)
####### 49 Thu Oct 29 16:36:44 UTC 2020 $PTII/bin/ptinvoke ptolemy.vergil.basic.export.ExportModel -force htm -run -openComposites -timeOut 30000 -whiteBackground ptolemy/data/ontologies/demo/ConstPropagation/BooleanSwitchDemoProductLattice.xml $PTII/ptolemy/data/ontologies/demo/ConstPropagation/BooleanSwitchDemoProductLattice
Running .BooleanSwitchDemoProductLattice
1385 ms. Memory: 906240K Free: 520704K (57%)
Exported /home/travis/build/icyphy/ptII/ptolemy/data/ontologies/demo/ConstPropagation/BooleanSwitchDemoProductLattice/index.html
5849 ms. Memory: 906240K Free: 661998K (73%)
####### 50 Thu Oct 29 16:36:50 UTC 2020 $PTII/bin/ptinvoke ptolemy.vergil.basic.export.ExportModel -force htm -run -openComposites -timeOut 30000 -whiteBackground ptolemy/data/ontologies/demo/ConstPropagation/ConstComparatorEqualToDemo.xml $PTII/ptolemy/data/ontologies/demo/ConstPropagation/ConstComparatorEqualToDemo
Running .ConstComparatorEqualToDemo
1664 ms. Memory: 906240K Free: 341502K (38%)
Exported /home/travis/build/icyphy/ptII/ptolemy/data/ontologies/demo/ConstPropagation/ConstComparatorEqualToDemo/index.html
5906 ms. Memory: 906240K Free: 588679K (65%)
####### 51 Thu Oct 29 16:36:56 UTC 2020 $PTII/bin/ptinvoke ptolemy.vergil.basic.export.ExportModel -force htm -run -openComposites -timeOut 30000 -whiteBackground ptolemy/data/ontologies/demo/ConstPropagation/ConstComparatorGreaterThanDemo.xml $PTII/ptolemy/data/ontologies/demo/ConstPropagation/ConstComparatorGreaterThanDemo
Running .ConstComparatorGreaterThanDemo
1898 ms. Memory: 906240K Free: 571392K (63%)
Exported /home/travis/build/icyphy/ptII/ptolemy/data/ontologies/demo/ConstPropagation/ConstComparatorGreaterThanDemo/index.html
6151 ms. Memory: 906240K Free: 452088K (50%)
####### 52 Thu Oct 29 16:37:02 UTC 2020 $PTII/bin/ptinvoke ptolemy.vergil.basic.export.ExportModel -force htm -run -openComposites -timeOut 30000 -whiteBackground ptolemy/data/ontologies/demo/ConstPropagation/ConstMultiplyDivideDemo.xml $PTII/ptolemy/data/ontologies/demo/ConstPropagation/ConstMultiplyDivideDemo
Running .ConstMultiplyDivideDemo
2321 ms. Memory: 906240K Free: 571438K (63%)
Exported /home/travis/build/icyphy/ptII/ptolemy/data/ontologies/demo/ConstPropagation/ConstMultiplyDivideDemo/index.html
6564 ms. Memory: 906240K Free: 414759K (46%)
####### 53 Thu Oct 29 16:37:08 UTC 2020 $PTII/bin/ptinvoke ptolemy.vergil.basic.export.ExportModel -force htm  -openComposites -timeOut 30000 -whiteBackground ptolemy/data/ontologies/demo/ConstPropagation/ConstPropagation.xml $PTII/ptolemy/data/ontologies/demo/ConstPropagation/ConstPropagation
Warning: not running ptolemy/data/ontologies/demo/ConstPropagation/ConstPropagation.xml. See ptolemy/vergil/basic/export/test/junit/ExportModelJUnitTest.java
Exported /home/travis/build/icyphy/ptII/ptolemy/data/ontologies/demo/ConstPropagation/ConstPropagation/index.html
3133 ms. Memory: 906240K Free: 618116K (68%)
####### 54 Thu Oct 29 16:37:11 UTC 2020 $PTII/bin/ptinvoke ptolemy.vergil.basic.export.ExportModel -force htm -run -openComposites -timeOut 30000 -whiteBackground ptolemy/data/ontologies/demo/ConstPropagation/ConstPropagationAbsIntObservableReachableProductSolverModel.xml $PTII/ptolemy/data/ontologies/demo/ConstPropagation/ConstPropagationAbsIntObservableReachableProductSolverModel
.ConstPropagationAbsIntObservableReachableProductSolverModel is a ptolemy.data.ontologies.OntologySolverModel not a TypedCompositeActor, so it cannot be run.
Exported /home/travis/build/icyphy/ptII/ptolemy/data/ontologies/demo/ConstPropagation/ConstPropagationAbsIntObservableReachableProductSolverModel/index.html
4581 ms. Memory: 906240K Free: 628678K (69%)
####### 55 Thu Oct 29 16:37:16 UTC 2020 $PTII/bin/ptinvoke ptolemy.vergil.basic.export.ExportModel -force htm -run -openComposites -timeOut 30000 -whiteBackground ptolemy/data/ontologies/demo/ConstPropagation/ConstPropagationAbsIntScale.xml $PTII/ptolemy/data/ontologies/demo/ConstPropagation/ConstPropagationAbsIntScale
Running .ConstPropagationAbsIntScale
22 ms. Memory: 906240K Free: 489439K (54%)
Exported /home/travis/build/icyphy/ptII/ptolemy/data/ontologies/demo/ConstPropagation/ConstPropagationAbsIntScale/index.html
4194 ms. Memory: 906240K Free: 450520K (50%)
####### 56 Thu Oct 29 16:37:20 UTC 2020 $PTII/bin/ptinvoke ptolemy.vergil.basic.export.ExportModel -force htm -run -openComposites -timeOut 30000 -whiteBackground ptolemy/data/ontologies/demo/ConstPropagation/SimpleConstPropagationDemo.xml $PTII/ptolemy/data/ontologies/demo/ConstPropagation/SimpleConstPropagationDemo
Running .SimpleConstPropagationDemo
365 ms. Memory: 906240K Free: 765645K (84%)
Exported /home/travis/build/icyphy/ptII/ptolemy/data/ontologies/demo/ConstPropagation/SimpleConstPropagationDemo/index.html
4563 ms. Memory: 906240K Free: 752887K (83%)
####### 57 Thu Oct 29 16:37:25 UTC 2020 $PTII/bin/ptinvoke ptolemy.vergil.basic.export.ExportModel -force htm -run -openComposites -timeOut 30000 -whiteBackground ptolemy/data/ontologies/demo/ConstPropagation/SimpleNonconstPropagationDemo.xml $PTII/ptolemy/data/ontologies/demo/ConstPropagation/SimpleNonconstPropagationDemo
Running .SimpleNonconstPropagationDemo
273 ms. Memory: 906240K Free: 694527K (77%)
Exported /home/travis/build/icyphy/ptII/ptolemy/data/ontologies/demo/ConstPropagation/SimpleNonconstPropagationDemo/index.html
4419 ms. Memory: 906240K Free: 620791K (69%)
####### 58 Thu Oct 29 16:37:29 UTC 2020 $PTII/bin/ptinvoke ptolemy.vergil.basic.export.ExportModel -force htm  -openComposites -timeOut 30000 -whiteBackground ptolemy/data/ontologies/demo/DimensionSystemExample/DimensionSystemExample.xml $PTII/ptolemy/data/ontologies/demo/DimensionSystemExample/DimensionSystemExample
Warning: not running ptolemy/data/ontologies/demo/DimensionSystemExample/DimensionSystemExample.xml. See ptolemy/vergil/basic/export/test/junit/ExportModelJUnitTest.java
Exported /home/travis/build/icyphy/ptII/ptolemy/data/ontologies/demo/DimensionSystemExample/DimensionSystemExample/index.html
3143 ms. Memory: 906240K Free: 613111K (68%)
####### 59 Thu Oct 29 16:37:32 UTC 2020 $PTII/bin/ptinvoke ptolemy.vergil.basic.export.ExportModel -force htm -run -openComposites -timeOut 30000 -whiteBackground ptolemy/data/ontologies/demo/ExceptionAnalysis/ExceptionAnalysis.xml $PTII/ptolemy/data/ontologies/demo/ExceptionAnalysis/ExceptionAnalysis
Running .ExceptionAnalysis
7 ms. Memory: 906240K Free: 682481K (75%)
Exported /home/travis/build/icyphy/ptII/ptolemy/data/ontologies/demo/ExceptionAnalysis/ExceptionAnalysis/index.html
4157 ms. Memory: 906240K Free: 614411K (68%)
####### 60 Thu Oct 29 16:37:37 UTC 2020 $PTII/bin/ptinvoke ptolemy.vergil.basic.export.ExportModel -force htm -run -openComposites -timeOut 30000 -whiteBackground ptolemy/data/ontologies/demo/MonotonicityAnalysis/MonotonicityAnalysis.xml $PTII/ptolemy/data/ontologies/demo/MonotonicityAnalysis/MonotonicityAnalysis
Running .MonotonicityAnalysis
131 ms. Memory: 906240K Free: 634113K (70%)
Exported /home/travis/build/icyphy/ptII/ptolemy/data/ontologies/demo/MonotonicityAnalysis/MonotonicityAnalysis/index.html
4295 ms. Memory: 906240K Free: 561409K (62%)
####### 61 Thu Oct 29 16:37:41 UTC 2020 $PTII/bin/ptinvoke ptolemy.vergil.basic.export.ExportModel -force htm -run -openComposites -timeOut 30000 -whiteBackground ptolemy/data/ontologies/demo/Observable/Observable.xml $PTII/ptolemy/data/ontologies/demo/Observable/Observable
Running .Observable
112 ms. Memory: 906240K Free: 607610K (67%)
Exported /home/travis/build/icyphy/ptII/ptolemy/data/ontologies/demo/Observable/Observable/index.html
4311 ms. Memory: 906240K Free: 746220K (82%)
####### 62 Thu Oct 29 16:37:45 UTC 2020 $PTII/bin/ptinvoke ptolemy.vergil.basic.export.ExportModel -force htm -run -openComposites -timeOut 30000 -whiteBackground ptolemy/data/ontologies/demo/ProductLattices/BooleanSwitchDemoProductLattice.xml $PTII/ptolemy/data/ontologies/demo/ProductLattices/BooleanSwitchDemoProductLattice
Running .BooleanSwitchDemoProductLattice
1989 ms. Memory: 906240K Free: 355579K (39%)
Exported /home/travis/build/icyphy/ptII/ptolemy/data/ontologies/demo/ProductLattices/BooleanSwitchDemoProductLattice/index.html
6401 ms. Memory: 906240K Free: 702067K (77%)
####### 63 Thu Oct 29 16:37:52 UTC 2020 $PTII/bin/ptinvoke ptolemy.vergil.basic.export.ExportModel -force htm -run -openComposites -timeOut 30000 -whiteBackground ptolemy/data/ontologies/demo/ProductLattices/ConstAbsIntObservableReachableProductSolverModel.xml $PTII/ptolemy/data/ontologies/demo/ProductLattices/ConstAbsIntObservableReachableProductSolverModel
.ConstAbsIntObservableReachableProductSolverModel is a ptolemy.data.ontologies.OntologySolverModel not a TypedCompositeActor, so it cannot be run.
Exported /home/travis/build/icyphy/ptII/ptolemy/data/ontologies/demo/ProductLattices/ConstAbsIntObservableReachableProductSolverModel/index.html
4415 ms. Memory: 906240K Free: 666821K (74%)
####### 64 Thu Oct 29 16:37:56 UTC 2020 $PTII/bin/ptinvoke ptolemy.vergil.basic.export.ExportModel -force htm -run -openComposites -timeOut 30000 -whiteBackground ptolemy/data/ontologies/demo/ProductLattices/ConstMultiplyDivideDemoProductLattice.xml $PTII/ptolemy/data/ontologies/demo/ProductLattices/ConstMultiplyDivideDemoProductLattice
Running .ConstMultiplyDivideDemoProductLattice
1240 ms. Memory: 906240K Free: 645836K (71%)
Exported /home/travis/build/icyphy/ptII/ptolemy/data/ontologies/demo/ProductLattices/ConstMultiplyDivideDemoProductLattice/index.html
5524 ms. Memory: 906240K Free: 695997K (77%)
####### 65 Thu Oct 29 16:38:01 UTC 2020 $PTII/bin/ptinvoke ptolemy.vergil.basic.export.ExportModel -force htm -run -openComposites -timeOut 30000 -whiteBackground ptolemy/data/ontologies/demo/ProductLattices/ConstScaleDemoProductLattice.xml $PTII/ptolemy/data/ontologies/demo/ProductLattices/ConstScaleDemoProductLattice
Running .ConstScaleDemoProductLattice
730 ms. Memory: 906240K Free: 677066K (75%)
Exported /home/travis/build/icyphy/ptII/ptolemy/data/ontologies/demo/ProductLattices/ConstScaleDemoProductLattice/index.html
4949 ms. Memory: 906240K Free: 549058K (61%)
####### 66 Thu Oct 29 16:38:06 UTC 2020 $PTII/bin/ptinvoke ptolemy.vergil.basic.export.ExportModel -force htm  -openComposites -timeOut 30000 -whiteBackground ptolemy/data/ontologies/demo/ProductLattices/ConstScaleZeroDemoProductLattice.xml $PTII/ptolemy/data/ontologies/demo/ProductLattices/ConstScaleZeroDemoProductLattice
Warning: not running ptolemy/data/ontologies/demo/ProductLattices/ConstScaleZeroDemoProductLattice.xml. See ptolemy/vergil/basic/export/test/junit/ExportModelJUnitTest.java
Exported /home/travis/build/icyphy/ptII/ptolemy/data/ontologies/demo/ProductLattices/ConstScaleZeroDemoProductLattice/index.html
3184 ms. Memory: 906240K Free: 684209K (75%)
####### 67 Thu Oct 29 16:38:10 UTC 2020 $PTII/bin/ptinvoke ptolemy.vergil.basic.export.ExportModel -force htm  -openComposites -timeOut 30000 -whiteBackground ptolemy/data/ontologies/demo/ProductLattices/LatticeComposition.xml $PTII/ptolemy/data/ontologies/demo/ProductLattices/LatticeComposition
Warning: not running ptolemy/data/ontologies/demo/ProductLattices/LatticeComposition.xml. See ptolemy/vergil/basic/export/test/junit/ExportModelJUnitTest.java
Exported /home/travis/build/icyphy/ptII/ptolemy/data/ontologies/demo/ProductLattices/LatticeComposition/index.html
3189 ms. Memory: 906240K Free: 690885K (76%)
####### 68 Thu Oct 29 16:38:13 UTC 2020 $PTII/bin/ptinvoke ptolemy.vergil.basic.export.ExportModel -force htm -run -openComposites -timeOut 30000 -whiteBackground ptolemy/data/ontologies/demo/ProductLattices/LatticeCompositionSolverModel.xml $PTII/ptolemy/data/ontologies/demo/ProductLattices/LatticeCompositionSolverModel
.LatticeCompositionSolverModel is a ptolemy.data.ontologies.OntologySolverModel not a TypedCompositeActor, so it cannot be run.
Exported /home/travis/build/icyphy/ptII/ptolemy/data/ontologies/demo/ProductLattices/LatticeCompositionSolverModel/index.html
4402 ms. Memory: 906240K Free: 422698K (47%)
####### 69 Thu Oct 29 16:38:17 UTC 2020 $PTII/bin/ptinvoke ptolemy.vergil.basic.export.ExportModel -force htm  -openComposites -timeOut 30000 -whiteBackground ptolemy/data/ontologies/demo/ProductLattices/ProductLattices.xml $PTII/ptolemy/data/ontologies/demo/ProductLattices/ProductLattices
Warning: not running ptolemy/data/ontologies/demo/ProductLattices/ProductLattices.xml. See ptolemy/vergil/basic/export/test/junit/ExportModelJUnitTest.java
Exported /home/travis/build/icyphy/ptII/ptolemy/data/ontologies/demo/ProductLattices/ProductLattices/index.html
3114 ms. Memory: 906240K Free: 280866K (31%)
####### 70 Thu Oct 29 16:38:20 UTC 2020 $PTII/bin/ptinvoke ptolemy.vergil.basic.export.ExportModel -force htm -run -openComposites -timeOut 30000 -whiteBackground ptolemy/data/ontologies/demo/ProductLattices/SimpleConstDemo.xml $PTII/ptolemy/data/ontologies/demo/ProductLattices/SimpleConstDemo
Running .SimpleConstDemo
76 ms. Memory: 906240K Free: 690989K (76%)
Exported /home/travis/build/icyphy/ptII/ptolemy/data/ontologies/demo/ProductLattices/SimpleConstDemo/index.html
4203 ms. Memory: 906240K Free: 621376K (69%)
####### 71 Thu Oct 29 16:38:25 UTC 2020 $PTII/bin/ptinvoke ptolemy.vergil.basic.export.ExportModel -force htm -run -openComposites -timeOut 30000 -whiteBackground ptolemy/data/ontologies/demo/ProductLattices/SimpleNonconstDemo.xml $PTII/ptolemy/data/ontologies/demo/ProductLattices/SimpleNonconstDemo
Running .SimpleNonconstDemo
237 ms. Memory: 906240K Free: 368426K (41%)
Exported /home/travis/build/icyphy/ptII/ptolemy/data/ontologies/demo/ProductLattices/SimpleNonconstDemo/index.html
4372 ms. Memory: 906240K Free: 290114K (32%)
####### 72 Thu Oct 29 16:38:29 UTC 2020 $PTII/bin/ptinvoke ptolemy.vergil.basic.export.ExportModel -force htm  -openComposites -timeOut 30000 -whiteBackground ptolemy/data/ontologies/demo/UnitSystemExample/UnitSystemExample.xml $PTII/ptolemy/data/ontologies/demo/UnitSystemExample/UnitSystemExample
Warning: not running ptolemy/data/ontologies/demo/UnitSystemExample/UnitSystemExample.xml. See ptolemy/vergil/basic/export/test/junit/ExportModelJUnitTest.java
Exported /home/travis/build/icyphy/ptII/ptolemy/data/ontologies/demo/UnitSystemExample/UnitSystemExample/index.html
3329 ms. Memory: 906240K Free: 582853K (64%)
####### 73 Thu Oct 29 16:38:32 UTC 2020 $PTII/bin/ptinvoke ptolemy.vergil.basic.export.ExportModel -force htm -run -openComposites -timeOut 30000 -whiteBackground ptolemy/data/type/demo/Objects/Objects.xml $PTII/ptolemy/data/type/demo/Objects/Objects
Running .Objects
15 ms. Memory: 906240K Free: 486597K (54%)
Exported /home/travis/build/icyphy/ptII/ptolemy/data/type/demo/Objects/Objects/index.html
4163 ms. Memory: 906240K Free: 391365K (43%)
####### 74 Thu Oct 29 16:38:36 UTC 2020 $PTII/bin/ptinvoke ptolemy.vergil.basic.export.ExportModel -force htm -run -openComposites -timeOut 30000 -whiteBackground ptolemy/data/type/demo/Router/Router.xml $PTII/ptolemy/data/type/demo/Router/Router
Running .Router
ExportHTMLTimer went off after 30000 ms., calling getDirector().finish and getDirector().stopFire()
30001 ms. Memory: 906240K Free: 238796K (26%)
Exported /home/travis/build/icyphy/ptII/ptolemy/data/type/demo/Router/Router/index.html
34151 ms. Memory: 906240K Free: 197299K (22%)
####### 75 Thu Oct 29 16:39:11 UTC 2020 $PTII/bin/ptinvoke ptolemy.vergil.basic.export.ExportModel -force htm -run -openComposites -timeOut 30000 -whiteBackground ptolemy/data/unit/demo/StaticUnits/StaticUnits.xml $PTII/ptolemy/data/unit/demo/StaticUnits/StaticUnits
Running .StaticUnits
2153 ms. Memory: 906240K Free: 727756K (80%)
Exported /home/travis/build/icyphy/ptII/ptolemy/data/unit/demo/StaticUnits/StaticUnits/index.html
6505 ms. Memory: 906240K Free: 517275K (57%)
####### 76 Thu Oct 29 16:39:17 UTC 2020 $PTII/bin/ptinvoke ptolemy.vergil.basic.export.ExportModel -force htm -run -openComposites -timeOut 30000 -whiteBackground ptolemy/data/unit/demo/Units/Units.xml $PTII/ptolemy/data/unit/demo/Units/Units
Running .Units
48 ms. Memory: 906240K Free: 391370K (43%)
Exported /home/travis/build/icyphy/ptII/ptolemy/data/unit/demo/Units/Units/index.html
4232 ms. Memory: 906240K Free: 331436K (37%)
####### 77 Thu Oct 29 16:39:21 UTC 2020 $PTII/bin/ptinvoke ptolemy.vergil.basic.export.ExportModel -force htm  -openComposites -timeOut 30000 -whiteBackground ptolemy/demo/AirManagementSystem/AirManagementSystem.xml $PTII/ptolemy/demo/AirManagementSystem/AirManagementSystem
Warning: not running ptolemy/demo/AirManagementSystem/AirManagementSystem.xml. See ptolemy/vergil/basic/export/test/junit/ExportModelJUnitTest.java
Exported /home/travis/build/icyphy/ptII/ptolemy/demo/AirManagementSystem/AirManagementSystem/index.html
4077 ms. Memory: 906240K Free: 644172K (71%)
####### 78 Thu Oct 29 16:39:25 UTC 2020 $PTII/bin/ptinvoke ptolemy.vergil.basic.export.ExportModel -force htm  -openComposites -timeOut 30000 -whiteBackground ptolemy/demo/AirManagementSystem/AirManagementSystemCausalityLoop.xml $PTII/ptolemy/demo/AirManagementSystem/AirManagementSystemCausalityLoop
Warning: not running ptolemy/demo/AirManagementSystem/AirManagementSystemCausalityLoop.xml. See ptolemy/vergil/basic/export/test/junit/ExportModelJUnitTest.java
Exported /home/travis/build/icyphy/ptII/ptolemy/demo/AirManagementSystem/AirManagementSystemCausalityLoop/index.html
3522 ms. Memory: 906240K Free: 538075K (59%)
####### 79 Thu Oct 29 16:39:29 UTC 2020 $PTII/bin/ptinvoke ptolemy.vergil.basic.export.ExportModel -force htm  -openComposites -timeOut 30000 -whiteBackground ptolemy/demo/AirManagementSystem/AMS_AMSSim.xml $PTII/ptolemy/demo/AirManagementSystem/AMS_AMSSim
Warning: not running ptolemy/demo/AirManagementSystem/AMS_AMSSim.xml. See ptolemy/vergil/basic/export/test/junit/ExportModelJUnitTest.java
[ScalarVariable: null]: Child element "isLinear" not implemented yet.
[ScalarVariable: null]: Child element "isLinear" not implemented yet.
[ScalarVariable: null]: Child element "isLinear" not implemented yet.
Exported /home/travis/build/icyphy/ptII/ptolemy/demo/AirManagementSystem/AMS_AMSSim/index.html
3355 ms. Memory: 906240K Free: 356858K (39%)
####### 80 Thu Oct 29 16:39:32 UTC 2020 $PTII/bin/ptinvoke ptolemy.vergil.basic.export.ExportModel -force htm -run -openComposites -timeOut 30000 -whiteBackground ptolemy/demo/AirManagementSystem/HeatExchangerTester.xml $PTII/ptolemy/demo/AirManagementSystem/HeatExchangerTester
Running .HeatExchangerTester
1292 ms. Memory: 906240K Free: 365686K (40%)
Exported /home/travis/build/icyphy/ptII/ptolemy/demo/AirManagementSystem/HeatExchangerTester/index.html
5587 ms. Memory: 906240K Free: 712783K (79%)
####### 81 Thu Oct 29 16:39:38 UTC 2020 $PTII/bin/ptinvoke ptolemy.vergil.basic.export.ExportModel -force htm  -openComposites -timeOut 30000 -whiteBackground ptolemy/demo/AirManagementSystem/PhysicalPlantCausalityLoop.xml $PTII/ptolemy/demo/AirManagementSystem/PhysicalPlantCausalityLoop
Warning: not running ptolemy/demo/AirManagementSystem/PhysicalPlantCausalityLoop.xml. See ptolemy/vergil/basic/export/test/junit/ExportModelJUnitTest.java
Exported /home/travis/build/icyphy/ptII/ptolemy/demo/AirManagementSystem/PhysicalPlantCausalityLoop/index.html
3389 ms. Memory: 906240K Free: 165992K (18%)
####### 82 Thu Oct 29 16:39:41 UTC 2020 $PTII/bin/ptinvoke ptolemy.vergil.basic.export.ExportModel -force htm -run -openComposites -timeOut 30000 -whiteBackground ptolemy/demo/BrakeByWire/BrakeByWire.xml $PTII/ptolemy/demo/BrakeByWire/BrakeByWire
Running .BrakeByWire
1181 ms. Memory: 906240K Free: 282654K (31%)
Exported /home/travis/build/icyphy/ptII/ptolemy/demo/BrakeByWire/BrakeByWire/index.html
6593 ms. Memory: 906240K Free: 376842K (42%)
####### 83 Thu Oct 29 16:39:48 UTC 2020 $PTII/bin/ptinvoke ptolemy.vergil.basic.export.ExportModel -force htm -run -openComposites -timeOut 30000 -whiteBackground ptolemy/demo/CapeCode/CapeCode.xml $PTII/ptolemy/demo/CapeCode/CapeCode
Model ".CapeCode" contains actors such cannot be run  as part of the export process from ExportModel or it has a WebExportParameters value that runBeforeExport set to false. To export run this model and export it, use vergil.
Exported /home/travis/build/icyphy/ptII/ptolemy/demo/CapeCode/CapeCode/index.html
3121 ms. Memory: 906240K Free: 253530K (28%)
####### 84 Thu Oct 29 16:39:51 UTC 2020 $PTII/bin/ptinvoke ptolemy.vergil.basic.export.ExportModel -force htm -run -openComposites -timeOut 30000 -whiteBackground ptolemy/demo/CapeCode/CapeCode1.xml $PTII/ptolemy/demo/CapeCode/CapeCode1
No physical cameras found, using WebcamDummyDriver.
Opened file:/home/travis/build/icyphy/ptII/ptolemy/demo/CapeCode/CapeCode1.xml in 13326 ms.
Size Statistics for .CapeCode1
AtomicEntities: 4
CompositeEntities: 0
OpaqueCompositeEntities: 0
Relations: 2
Attributes: 47
Atomic Actor Names and Counts:
org.terraswarm.accessor.JSAccessor 4

Composite Entity Depths and Counts:

Running .CapeCode1
Manager.initialize() finished: 16858 ms. Memory: 906240K Free: 245813K (27%)
ExportHTMLTimer went off after 30000 ms., calling getDirector().finish and getDirector().stopFire()
30186 ms. Memory: 1693696K Free: 1241047K (73%)
Exported /home/travis/build/icyphy/ptII/ptolemy/demo/CapeCode/CapeCode1/index.html
47647 ms. Memory: 1693696K Free: 1334474K (79%)
####### 85 Thu Oct 29 16:40:39 UTC 2020 $PTII/bin/ptinvoke ptolemy.vergil.basic.export.ExportModel -force htm -run -openComposites -timeOut 30000 -whiteBackground ptolemy/demo/CapeCode/CapeCode2.xml $PTII/ptolemy/demo/CapeCode/CapeCode2
Running .CapeCode2
Manager.initialize() finished: 15432 ms. Memory: 1693696K Free: 543232K (32%)
ExportHTMLTimer went off after 30000 ms., calling getDirector().finish and getDirector().stopFire()
30067 ms. Memory: 2423808K Free: 859536K (35%)
Exported /home/travis/build/icyphy/ptII/ptolemy/demo/CapeCode/CapeCode2/index.html
44191 ms. Memory: 2423808K Free: 828255K (34%)
]]></system-out>
  <system-err><![CDATA[TransformationEditor: Ignoring clone of .Utilities beause we don't known how to import it. Exception was: ptolemy.kernel.util.NameDuplicationException: Attempt to insert object named "Utilities" into container named ".library", which already contains an object with that name.
TransformationEditor: Ignoring clone of .Directors beause we don't known how to import it. Exception was: ptolemy.kernel.util.NameDuplicationException: Attempt to insert object named "Directors" into container named ".library", which already contains an object with that name.
TransformationEditor: Ignoring clone of .Actors beause we don't known how to import it. Exception was: ptolemy.kernel.util.NameDuplicationException: Attempt to insert object named "Actors" into container named ".library", which already contains an object with that name.
TransformationEditor: Ignoring clone of .MoreLibraries beause we don't known how to import it. Exception was: ptolemy.kernel.util.NameDuplicationException: Attempt to insert object named "MoreLibraries" into container named ".library", which already contains an object with that name.
TransformationEditor: Ignoring clone of .Utilities beause we don't known how to import it. Exception was: ptolemy.kernel.util.NameDuplicationException: Attempt to insert object named "Utilities" into container named ".library", which already contains an object with that name.
TransformationEditor: Ignoring clone of .Directors beause we don't known how to import it. Exception was: ptolemy.kernel.util.NameDuplicationException: Attempt to insert object named "Directors" into container named ".library", which already contains an object with that name.
TransformationEditor: Ignoring clone of .Actors beause we don't known how to import it. Exception was: ptolemy.kernel.util.NameDuplicationException: Attempt to insert object named "Actors" into container named ".library", which already contains an object with that name.
TransformationEditor: Ignoring clone of .MoreLibraries beause we don't known how to import it. Exception was: ptolemy.kernel.util.NameDuplicationException: Attempt to insert object named "MoreLibraries" into container named ".library", which already contains an object with that name.
TransformationEditor: Ignoring clone of .Utilities beause we don't known how to import it. Exception was: ptolemy.kernel.util.NameDuplicationException: Attempt to insert object named "Utilities" into container named ".library", which already contains an object with that name.
TransformationEditor: Ignoring clone of .Directors beause we don't known how to import it. Exception was: ptolemy.kernel.util.NameDuplicationException: Attempt to insert object named "Directors" into container named ".library", which already contains an object with that name.
TransformationEditor: Ignoring clone of .Actors beause we don't known how to import it. Exception was: ptolemy.kernel.util.NameDuplicationException: Attempt to insert object named "Actors" into container named ".library", which already contains an object with that name.
TransformationEditor: Ignoring clone of .MoreLibraries beause we don't known how to import it. Exception was: ptolemy.kernel.util.NameDuplicationException: Attempt to insert object named "MoreLibraries" into container named ".library", which already contains an object with that name.
TransformationEditor: Ignoring clone of .Utilities beause we don't known how to import it. Exception was: ptolemy.kernel.util.NameDuplicationException: Attempt to insert object named "Utilities" into container named ".library", which already contains an object with that name.
TransformationEditor: Ignoring clone of .Directors beause we don't known how to import it. Exception was: ptolemy.kernel.util.NameDuplicationException: Attempt to insert object named "Directors" into container named ".library", which already contains an object with that name.
TransformationEditor: Ignoring clone of .Actors beause we don't known how to import it. Exception was: ptolemy.kernel.util.NameDuplicationException: Attempt to insert object named "Actors" into container named ".library", which already contains an object with that name.
TransformationEditor: Ignoring clone of .MoreLibraries beause we don't known how to import it. Exception was: ptolemy.kernel.util.NameDuplicationException: Attempt to insert object named "MoreLibraries" into container named ".library", which already contains an object with that name.
Warning: Nashorn engine is planned to be removed from a future JDK release
Warning: Nashorn engine is planned to be removed from a future JDK release
Warning: Nashorn engine is planned to be removed from a future JDK release
Warning: Nashorn engine is planned to be removed from a future JDK release
Warning: Nashorn engine is planned to be removed from a future JDK release
Warning: Nashorn engine is planned to be removed from a future JDK release
Warning: Nashorn engine is planned to be removed from a future JDK release
Warning: Nashorn engine is planned to be removed from a future JDK release
Warning: Nashorn engine is planned to be removed from a future JDK release
Warning: Nashorn engine is planned to be removed from a future JDK release
Warning: Nashorn engine is planned to be removed from a future JDK release
Warning: Nashorn engine is planned to be removed from a future JDK release
Warning: Nashorn engine is planned to be removed from a future JDK release
Warning: Nashorn engine is planned to be removed from a future JDK release
Warning: Nashorn engine is planned to be removed from a future JDK release
Warning: Nashorn engine is planned to be removed from a future JDK release
Warning: Nashorn engine is planned to be removed from a future JDK release
Warning: Nashorn engine is planned to be removed from a future JDK release
Warning: Nashorn engine is planned to be removed from a future JDK release
Warning: Nashorn engine is planned to be removed from a future JDK release
Warning: Nashorn engine is planned to be removed from a future JDK release
Warning: Nashorn engine is planned to be removed from a future JDK release
Warning: Nashorn engine is planned to be removed from a future JDK release
Warning: Nashorn engine is planned to be removed from a future JDK release
Warning: Nashorn engine is planned to be removed from a future JDK release
[AWT-EventQueue-0] INFO com.github.sarxos.webcam.Webcam - WebcamDefaultDriver capture driver will be used
Warning: Nashorn engine is planned to be removed from a future JDK release
Warning: Nashorn engine is planned to be removed from a future JDK release
Warning: Nashorn engine is planned to be removed from a future JDK release
Warning: Nashorn engine is planned to be removed from a future JDK release
Warning: Nashorn engine is planned to be removed from a future JDK release
Warning: Nashorn engine is planned to be removed from a future JDK release
Warning: Nashorn engine is planned to be removed from a future JDK release
Warning: Nashorn engine is planned to be removed from a future JDK release
Warning: Nashorn engine is planned to be removed from a future JDK release
Warning: Nashorn engine is planned to be removed from a future JDK release
Warning: Nashorn engine is planned to be removed from a future JDK release
Warning: Nashorn engine is planned to be removed from a future JDK release
Warning: Nashorn engine is planned to be removed from a future JDK release
Warning: Nashorn engine is planned to be removed from a future JDK release
Warning: Nashorn engine is planned to be removed from a future JDK release
Warning: Nashorn engine is planned to be removed from a future JDK release
Warning: Nashorn engine is planned to be removed from a future JDK release
[atomic-processor-1] INFO com.github.sarxos.webcam.ds.cgt.WebcamOpenTask - Opening webcam Dummy Webcam 0
Warning: Nashorn engine is planned to be removed from a future JDK release
Warning: Nashorn engine is planned to be removed from a future JDK release
Warning: Nashorn engine is planned to be removed from a future JDK release
Warning: Nashorn engine is planned to be removed from a future JDK release
Warning: Nashorn engine is planned to be removed from a future JDK release
Warning: Nashorn engine is planned to be removed from a future JDK release
[atomic-processor-1] INFO com.github.sarxos.webcam.ds.cgt.WebcamCloseTask - Closing Dummy Webcam 0
Warning: Nashorn engine is planned to be removed from a future JDK release
Warning: Nashorn engine is planned to be removed from a future JDK release
Warning: Nashorn engine is planned to be removed from a future JDK release
Warning: Nashorn engine is planned to be removed from a future JDK release
Warning: Nashorn engine is planned to be removed from a future JDK release
Warning: Nashorn engine is planned to be removed from a future JDK release
Warning: Nashorn engine is planned to be removed from a future JDK release
Warning: Nashorn engine is planned to be removed from a future JDK release
Warning: Nashorn engine is planned to be removed from a future JDK release
Warning: Nashorn engine is planned to be removed from a future JDK release
Warning: Nashorn engine is planned to be removed from a future JDK release
Warning: Nashorn engine is planned to be removed from a future JDK release
Warning: Nashorn engine is planned to be removed from a future JDK release
Warning: Nashorn engine is planned to be removed from a future JDK release
Warning: Nashorn engine is planned to be removed from a future JDK release
Warning: Nashorn engine is planned to be removed from a future JDK release
Warning: Nashorn engine is planned to be removed from a future JDK release
Warning: Nashorn engine is planned to be removed from a future JDK release
Warning: Nashorn engine is planned to be removed from a future JDK release
Warning: Nashorn engine is planned to be removed from a future JDK release
Warning: Nashorn engine is planned to be removed from a future JDK release
Warning: Nashorn engine is planned to be removed from a future JDK release
Warning: Nashorn engine is planned to be removed from a future JDK release
Warning: Nashorn engine is planned to be removed from a future JDK release
Warning: Nashorn engine is planned to be removed from a future JDK release
Warning: Nashorn engine is planned to be removed from a future JDK release
Warning: Nashorn engine is planned to be removed from a future JDK release
Warning: Nashorn engine is planned to be removed from a future JDK release
Warning: Nashorn engine is planned to be removed from a future JDK release
Warning: Nashorn engine is planned to be removed from a future JDK release
Warning: Nashorn engine is planned to be removed from a future JDK release
Warning: Nashorn engine is planned to be removed from a future JDK release
[atomic-processor-1] INFO com.github.sarxos.webcam.ds.cgt.WebcamOpenTask - Opening webcam Dummy Webcam 0
Warning: Nashorn engine is planned to be removed from a future JDK release
Warning: Nashorn engine is planned to be removed from a future JDK release
Warning: Nashorn engine is planned to be removed from a future JDK release
Warning: Nashorn engine is planned to be removed from a future JDK release
Warning: Nashorn engine is planned to be removed from a future JDK release
Warning: Nashorn engine is planned to be removed from a future JDK release
Warning: Nashorn engine is planned to be removed from a future JDK release
Warning: Nashorn engine is planned to be removed from a future JDK release
[atomic-processor-1] INFO com.github.sarxos.webcam.ds.cgt.WebcamCloseTask - Closing Dummy Webcam 0
]]></system-err>
</testsuite>
