<?xml version="1.0" encoding="UTF-8" ?>
<testsuite errors="0" failures="0" hostname="travis-job-dce47b37-8477-42b6-a3e1-6c1a8eb1703e" name="ptolemy.domains.de.test.junit.JUnitTclTest" skipped="0" tests="101" time="126.632" timestamp="2020-10-14T15:47:47">
  <properties>
[...]
</properties>
  <testcase classname="ptolemy.util.test.junit.TclTests" name="[0] /home/travis/build/icyphy/ptII/ptolemy/domains/de/test/DependencyLoop.tcl (RunTclFile)" time="0.959" />
  <testcase classname="ptolemy.util.test.junit.TclTests" name="[1] /home/travis/build/icyphy/ptII/ptolemy/domains/de/test/RunDETestsAsQSS.tcl (RunTclFile)" time="85.782" />
  <testcase classname="ptolemy.util.test.junit.AutoKnownFailedTests" name="[0] /home/travis/build/icyphy/ptII/ptolemy/domains/de/test/auto/knownFailedTests/DESDFClockTest.xml (RunModel)" time="2.062" />
  <testcase classname="ptolemy.util.test.junit.AutoKnownFailedTests" name="[1] /home/travis/build/icyphy/ptII/ptolemy/domains/de/test/auto/knownFailedTests/DirectFeedback.xml (RunModel)" time="0.024" />
  <testcase classname="ptolemy.util.test.junit.AutoKnownFailedTests" name="[2] /home/travis/build/icyphy/ptII/ptolemy/domains/de/test/auto/knownFailedTests/FSMSource.xml (RunModel)" time="0.026" />
  <testcase classname="ptolemy.util.test.junit.AutoKnownFailedTests" name="[3] /home/travis/build/icyphy/ptII/ptolemy/domains/de/test/auto/knownFailedTests/HierarchicalModel.xml (RunModel)" time="0.061" />
  <testcase classname="ptolemy.util.test.junit.AutoKnownFailedTests" name="[4] /home/travis/build/icyphy/ptII/ptolemy/domains/de/test/auto/knownFailedTests/dependencyLoop.xml (RunModel)" time="0.053" />
  <testcase classname="ptolemy.util.test.junit.AutoKnownFailedTests" name="[5] /home/travis/build/icyphy/ptII/ptolemy/domains/de/test/auto/knownFailedTests/dependencyLoop2.xml (RunModel)" time="0.062" />
  <testcase classname="ptolemy.util.test.junit.AutoNameArchTests" name="[0] ThereAreNoAutoArchTests (RunModel)" time="0.002" />
  <testcase classname="ptolemy.util.test.junit.AutoTests" name="[0] /home/travis/build/icyphy/ptII/ptolemy/domains/de/test/auto/ActorDepthCalculation_actorWithoutPorts.xml (RunModel)" time="0.034" />
  <testcase classname="ptolemy.util.test.junit.AutoTests" name="[1] /home/travis/build/icyphy/ptII/ptolemy/domains/de/test/auto/AssemblyLine.xml (RunModel)" time="0.028" />
  <testcase classname="ptolemy.util.test.junit.AutoTests" name="[2] /home/travis/build/icyphy/ptII/ptolemy/domains/de/test/auto/CQBug1.xml (RunModel)" time="0.018" />
  <testcase classname="ptolemy.util.test.junit.AutoTests" name="[3] /home/travis/build/icyphy/ptII/ptolemy/domains/de/test/auto/CancelFireAt.xml (RunModel)" time="0.022" />
  <testcase classname="ptolemy.util.test.junit.AutoTests" name="[4] /home/travis/build/icyphy/ptII/ptolemy/domains/de/test/auto/CausalityAndComposabilityAnalysis.xml (RunModel)" time="0.024" />
  <testcase classname="ptolemy.util.test.junit.AutoTests" name="[5] /home/travis/build/icyphy/ptII/ptolemy/domains/de/test/auto/CausalityInterface1.xml (RunModel)" time="0.014" />
  <testcase classname="ptolemy.util.test.junit.AutoTests" name="[6] /home/travis/build/icyphy/ptII/ptolemy/domains/de/test/auto/CausalityInterface15.xml (RunModel)" time="0.017" />
  <testcase classname="ptolemy.util.test.junit.AutoTests" name="[7] /home/travis/build/icyphy/ptII/ptolemy/domains/de/test/auto/CausalityInterface2.xml (RunModel)" time="0.015" />
  <testcase classname="ptolemy.util.test.junit.AutoTests" name="[8] /home/travis/build/icyphy/ptII/ptolemy/domains/de/test/auto/CausalityInterface3.xml (RunModel)" time="0.018" />
  <testcase classname="ptolemy.util.test.junit.AutoTests" name="[9] /home/travis/build/icyphy/ptII/ptolemy/domains/de/test/auto/ClockDrift.xml (RunModel)" time="0.043" />
  <testcase classname="ptolemy.util.test.junit.AutoTests" name="[10] /home/travis/build/icyphy/ptII/ptolemy/domains/de/test/auto/ClockDriftAndValueChange.xml (RunModel)" time="0.031" />
  <testcase classname="ptolemy.util.test.junit.AutoTests" name="[11] /home/travis/build/icyphy/ptII/ptolemy/domains/de/test/auto/ClockDriftChange.xml (RunModel)" time="0.031" />
  <testcase classname="ptolemy.util.test.junit.AutoTests" name="[12] /home/travis/build/icyphy/ptII/ptolemy/domains/de/test/auto/ComposableCausalityAnalysis.xml (RunModel)" time="0.018" />
  <testcase classname="ptolemy.util.test.junit.AutoTests" name="[13] /home/travis/build/icyphy/ptII/ptolemy/domains/de/test/auto/DEFixedPointLimitation.xml (RunModel)" time="0.01" />
  <testcase classname="ptolemy.util.test.junit.AutoTests" name="[14] /home/travis/build/icyphy/ptII/ptolemy/domains/de/test/auto/DEScheduleTest.xml (RunModel)" time="0.019" />
  <testcase classname="ptolemy.util.test.junit.AutoTests" name="[15] /home/travis/build/icyphy/ptII/ptolemy/domains/de/test/auto/DEinDEwithStartTimes.xml (RunModel)" time="0.018" />
  <testcase classname="ptolemy.util.test.junit.AutoTests" name="[16] /home/travis/build/icyphy/ptII/ptolemy/domains/de/test/auto/DEinDEwithStartTimes2.xml (RunModel)" time="0.022" />
  <testcase classname="ptolemy.util.test.junit.AutoTests" name="[17] /home/travis/build/icyphy/ptII/ptolemy/domains/de/test/auto/DateDemo.xml (RunModel)" time="0.034" />
  <testcase classname="ptolemy.util.test.junit.AutoTests" name="[18] /home/travis/build/icyphy/ptII/ptolemy/domains/de/test/auto/DateToEvent.xml (RunModel)" time="2.052" />
  <testcase classname="ptolemy.util.test.junit.AutoTests" name="[19] /home/travis/build/icyphy/ptII/ptolemy/domains/de/test/auto/DepthTest1.xml (RunModel)" time="0.013" />
  <testcase classname="ptolemy.util.test.junit.AutoTests" name="[20] /home/travis/build/icyphy/ptII/ptolemy/domains/de/test/auto/DepthTest2.xml (RunModel)" time="0.021" />
  <testcase classname="ptolemy.util.test.junit.AutoTests" name="[21] /home/travis/build/icyphy/ptII/ptolemy/domains/de/test/auto/DepthTest3.xml (RunModel)" time="0.017" />
  <testcase classname="ptolemy.util.test.junit.AutoTests" name="[22] /home/travis/build/icyphy/ptII/ptolemy/domains/de/test/auto/DepthTest4.xml (RunModel)" time="0.022" />
  <testcase classname="ptolemy.util.test.junit.AutoTests" name="[23] /home/travis/build/icyphy/ptII/ptolemy/domains/de/test/auto/DepthTest5.xml (RunModel)" time="0.023" />
  <testcase classname="ptolemy.util.test.junit.AutoTests" name="[24] /home/travis/build/icyphy/ptII/ptolemy/domains/de/test/auto/DepthTest6.xml (RunModel)" time="0.016" />
  <testcase classname="ptolemy.util.test.junit.AutoTests" name="[25] /home/travis/build/icyphy/ptII/ptolemy/domains/de/test/auto/DepthTest7.xml (RunModel)" time="0.011" />
  <testcase classname="ptolemy.util.test.junit.AutoTests" name="[26] /home/travis/build/icyphy/ptII/ptolemy/domains/de/test/auto/EventToDate.xml (RunModel)" time="3.037" />
  <testcase classname="ptolemy.util.test.junit.AutoTests" name="[27] /home/travis/build/icyphy/ptII/ptolemy/domains/de/test/auto/FSM1.xml (RunModel)" time="0.05" />
  <testcase classname="ptolemy.util.test.junit.AutoTests" name="[28] /home/travis/build/icyphy/ptII/ptolemy/domains/de/test/auto/FSM7.xml (RunModel)" time="0.058" />
  <testcase classname="ptolemy.util.test.junit.AutoTests" name="[29] /home/travis/build/icyphy/ptII/ptolemy/domains/de/test/auto/Inspection.xml (RunModel)" time="0.055" />
  <testcase classname="ptolemy.util.test.junit.AutoTests" name="[30] /home/travis/build/icyphy/ptII/ptolemy/domains/de/test/auto/Iteration.xml (RunModel)" time="0.03" />
  <testcase classname="ptolemy.util.test.junit.AutoTests" name="[31] /home/travis/build/icyphy/ptII/ptolemy/domains/de/test/auto/LineFault.xml (RunModel)" time="0.595" />
  <testcase classname="ptolemy.util.test.junit.AutoTests" name="[32] /home/travis/build/icyphy/ptII/ptolemy/domains/de/test/auto/MergeModel1Add.xml (RunModel)" time="0.055" />
  <testcase classname="ptolemy.util.test.junit.AutoTests" name="[33] /home/travis/build/icyphy/ptII/ptolemy/domains/de/test/auto/MergeModel2Add.xml (RunModel)" time="0.043" />
  <testcase classname="ptolemy.util.test.junit.AutoTests" name="[34] /home/travis/build/icyphy/ptII/ptolemy/domains/de/test/auto/MergeModel3Add.xml (RunModel)" time="0.047" />
  <testcase classname="ptolemy.util.test.junit.AutoTests" name="[35] /home/travis/build/icyphy/ptII/ptolemy/domains/de/test/auto/MergeWithoutDiscard.xml (RunModel)" time="0.011" />
  <testcase classname="ptolemy.util.test.junit.AutoTests" name="[36] /home/travis/build/icyphy/ptII/ptolemy/domains/de/test/auto/Modal1.xml (RunModel)" time="0.033" />
  <testcase classname="ptolemy.util.test.junit.AutoTests" name="[37] /home/travis/build/icyphy/ptII/ptolemy/domains/de/test/auto/Modal2.xml (RunModel)" time="0.03" />
  <testcase classname="ptolemy.util.test.junit.AutoTests" name="[38] /home/travis/build/icyphy/ptII/ptolemy/domains/de/test/auto/Modal3.xml (RunModel)" time="0.028" />
  <testcase classname="ptolemy.util.test.junit.AutoTests" name="[39] /home/travis/build/icyphy/ptII/ptolemy/domains/de/test/auto/Modal4.xml (RunModel)" time="0.032" />
  <testcase classname="ptolemy.util.test.junit.AutoTests" name="[40] /home/travis/build/icyphy/ptII/ptolemy/domains/de/test/auto/Modal5.xml (RunModel)" time="0.032" />
  <testcase classname="ptolemy.util.test.junit.AutoTests" name="[41] /home/travis/build/icyphy/ptII/ptolemy/domains/de/test/auto/Modal6.xml (RunModel)" time="0.034" />
  <testcase classname="ptolemy.util.test.junit.AutoTests" name="[42] /home/travis/build/icyphy/ptII/ptolemy/domains/de/test/auto/Modal7.xml (RunModel)" time="0.033" />
  <testcase classname="ptolemy.util.test.junit.AutoTests" name="[43] /home/travis/build/icyphy/ptII/ptolemy/domains/de/test/auto/ModalModel.xml (RunModel)" time="0.186" />
  <testcase classname="ptolemy.util.test.junit.AutoTests" name="[44] /home/travis/build/icyphy/ptII/ptolemy/domains/de/test/auto/ModalSource.xml (RunModel)" time="0.022" />
  <testcase classname="ptolemy.util.test.junit.AutoTests" name="[45] /home/travis/build/icyphy/ptII/ptolemy/domains/de/test/auto/NonInterruptibleTimerZeroDelay.xml (RunModel)" time="0.015" />
  <testcase classname="ptolemy.util.test.junit.AutoTests" name="[46] /home/travis/build/icyphy/ptII/ptolemy/domains/de/test/auto/OpenQueueingNetwork.xml (RunModel)" time="2.387" />
  <testcase classname="ptolemy.util.test.junit.AutoTests" name="[47] /home/travis/build/icyphy/ptII/ptolemy/domains/de/test/auto/OpenQueuingNetwork.xml (RunModel)" time="0.308" />
  <testcase classname="ptolemy.util.test.junit.AutoTests" name="[48] /home/travis/build/icyphy/ptII/ptolemy/domains/de/test/auto/PeriodicSampler.xml (RunModel)" time="0.011" />
  <testcase classname="ptolemy.util.test.junit.AutoTests" name="[49] /home/travis/build/icyphy/ptII/ptolemy/domains/de/test/auto/PersistentIO.xml (RunModel)" time="0.027" />
  <testcase classname="ptolemy.util.test.junit.AutoTests" name="[50] /home/travis/build/icyphy/ptII/ptolemy/domains/de/test/auto/PortParameterResetOnInitialize.xml (RunModel)" time="0.011" />
  <testcase classname="ptolemy.util.test.junit.AutoTests" name="[51] /home/travis/build/icyphy/ptII/ptolemy/domains/de/test/auto/PortParameterUpdates.xml (RunModel)" time="0.018" />
  <testcase classname="ptolemy.util.test.junit.AutoTests" name="[52] /home/travis/build/icyphy/ptII/ptolemy/domains/de/test/auto/QueueAndServer.xml (RunModel)" time="0.02" />
  <testcase classname="ptolemy.util.test.junit.AutoTests" name="[53] /home/travis/build/icyphy/ptII/ptolemy/domains/de/test/auto/Records.xml (RunModel)" time="0.017" />
  <testcase classname="ptolemy.util.test.junit.AutoTests" name="[54] /home/travis/build/icyphy/ptII/ptolemy/domains/de/test/auto/ResetTransitionWithStartTime1.xml (RunModel)" time="0.025" />
  <testcase classname="ptolemy.util.test.junit.AutoTests" name="[55] /home/travis/build/icyphy/ptII/ptolemy/domains/de/test/auto/ResetTransitionWithStartTime2.xml (RunModel)" time="0.022" />
  <testcase classname="ptolemy.util.test.junit.AutoTests" name="[56] /home/travis/build/icyphy/ptII/ptolemy/domains/de/test/auto/ResetTransitionWithStartTime3.xml (RunModel)" time="0.019" />
  <testcase classname="ptolemy.util.test.junit.AutoTests" name="[57] /home/travis/build/icyphy/ptII/ptolemy/domains/de/test/auto/ResetTransitionWithStartTime4.xml (RunModel)" time="0.019" />
  <testcase classname="ptolemy.util.test.junit.AutoTests" name="[58] /home/travis/build/icyphy/ptII/ptolemy/domains/de/test/auto/ResettableTimer1.xml (RunModel)" time="0.009" />
  <testcase classname="ptolemy.util.test.junit.AutoTests" name="[59] /home/travis/build/icyphy/ptII/ptolemy/domains/de/test/auto/ResettableTimer2.xml (RunModel)" time="0.009" />
  <testcase classname="ptolemy.util.test.junit.AutoTests" name="[60] /home/travis/build/icyphy/ptII/ptolemy/domains/de/test/auto/ResettableTimer3.xml (RunModel)" time="0.009" />
  <testcase classname="ptolemy.util.test.junit.AutoTests" name="[61] /home/travis/build/icyphy/ptII/ptolemy/domains/de/test/auto/ResettableTimer4.xml (RunModel)" time="0.009" />
  <testcase classname="ptolemy.util.test.junit.AutoTests" name="[62] /home/travis/build/icyphy/ptII/ptolemy/domains/de/test/auto/ResettableTimer5.xml (RunModel)" time="0.011" />
  <testcase classname="ptolemy.util.test.junit.AutoTests" name="[63] /home/travis/build/icyphy/ptII/ptolemy/domains/de/test/auto/ResettableTimer6.xml (RunModel)" time="0.019" />
  <testcase classname="ptolemy.util.test.junit.AutoTests" name="[64] /home/travis/build/icyphy/ptII/ptolemy/domains/de/test/auto/ServerZeroDelay.xml (RunModel)" time="0.011" />
  <testcase classname="ptolemy.util.test.junit.AutoTests" name="[65] /home/travis/build/icyphy/ptII/ptolemy/domains/de/test/auto/SmartSender.xml (RunModel)" time="3.014" />
  <testcase classname="ptolemy.util.test.junit.AutoTests" name="[66] /home/travis/build/icyphy/ptII/ptolemy/domains/de/test/auto/ThreadedComposite.xml (RunModel)" time="0.203" />
  <testcase classname="ptolemy.util.test.junit.AutoTests" name="[67] /home/travis/build/icyphy/ptII/ptolemy/domains/de/test/auto/Time.xml (RunModel)" time="0.467" />
  <testcase classname="ptolemy.util.test.junit.AutoTests" name="[68] /home/travis/build/icyphy/ptII/ptolemy/domains/de/test/auto/TimeDelayZeroDelay.xml (RunModel)" time="0.019" />
  <testcase classname="ptolemy.util.test.junit.AutoTests" name="[69] /home/travis/build/icyphy/ptII/ptolemy/domains/de/test/auto/TimerZeroDelay.xml (RunModel)" time="0.017" />
  <testcase classname="ptolemy.util.test.junit.AutoTests" name="[70] /home/travis/build/icyphy/ptII/ptolemy/domains/de/test/auto/TimingParadox.xml (RunModel)" time="0.375" />
  <testcase classname="ptolemy.util.test.junit.AutoTests" name="[71] /home/travis/build/icyphy/ptII/ptolemy/domains/de/test/auto/TransferInputs.xml (RunModel)" time="0.014" />
  <testcase classname="ptolemy.util.test.junit.AutoTests" name="[72] /home/travis/build/icyphy/ptII/ptolemy/domains/de/test/auto/TransferOutputs2.xml (RunModel)" time="0.03" />
  <testcase classname="ptolemy.util.test.junit.AutoTests" name="[73] /home/travis/build/icyphy/ptII/ptolemy/domains/de/test/auto/Trilateration.xml (RunModel)" time="11.124" />
  <testcase classname="ptolemy.util.test.junit.AutoTests" name="[74] /home/travis/build/icyphy/ptII/ptolemy/domains/de/test/auto/TwoSigmaDelta.xml (RunModel)" time="1.716" />
  <testcase classname="ptolemy.util.test.junit.AutoTests" name="[75] /home/travis/build/icyphy/ptII/ptolemy/domains/de/test/auto/VariableDelay.xml (RunModel)" time="0.014" />
  <testcase classname="ptolemy.util.test.junit.AutoTests" name="[76] /home/travis/build/icyphy/ptII/ptolemy/domains/de/test/auto/VariableDelay2.xml (RunModel)" time="0.009" />
  <testcase classname="ptolemy.util.test.junit.AutoTests" name="[77] /home/travis/build/icyphy/ptII/ptolemy/domains/de/test/auto/VariableDelayZeroDelay.xml (RunModel)" time="0.01" />
  <testcase classname="ptolemy.util.test.junit.AutoTests" name="[78] /home/travis/build/icyphy/ptII/ptolemy/domains/de/test/auto/VariableDelayZeroDelay2.xml (RunModel)" time="0.012" />
  <testcase classname="ptolemy.util.test.junit.AutoTests" name="[79] /home/travis/build/icyphy/ptII/ptolemy/domains/de/test/auto/deInCt.xml (RunModel)" time="0.015" />
  <testcase classname="ptolemy.util.test.junit.AutoTests" name="[80] /home/travis/build/icyphy/ptII/ptolemy/domains/de/test/auto/deInCt2.xml (RunModel)" time="0.01" />
  <testcase classname="ptolemy.util.test.junit.AutoTests" name="[81] /home/travis/build/icyphy/ptII/ptolemy/domains/de/test/auto/dynamicCausalityInterface1.xml (RunModel)" time="0.019" />
  <testcase classname="ptolemy.util.test.junit.AutoTests" name="[82] /home/travis/build/icyphy/ptII/ptolemy/domains/de/test/auto/fsm_de_test.xml (RunModel)" time="0.026" />
  <testcase classname="ptolemy.util.test.junit.AutoTests" name="[83] /home/travis/build/icyphy/ptII/ptolemy/domains/de/test/auto/functionDependencyReconstruction.xml (RunModel)" time="0.03" />
  <testcase classname="ptolemy.util.test.junit.AutoTests" name="[84] /home/travis/build/icyphy/ptII/ptolemy/domains/de/test/auto/multirate.xml (RunModel)" time="0.017" />
  <testcase classname="ptolemy.util.test.junit.AutoTests" name="[85] /home/travis/build/icyphy/ptII/ptolemy/domains/de/test/auto/multirate2.xml (RunModel)" time="0.016" />
  <testcase classname="ptolemy.util.test.junit.AutoTests" name="[86] /home/travis/build/icyphy/ptII/ptolemy/domains/de/test/auto/realtime.xml (RunModel)" time="10.01" />
  <testcase classname="ptolemy.util.test.junit.AutoTests" name="[87] /home/travis/build/icyphy/ptII/ptolemy/domains/de/test/auto/relationGroup.xml (RunModel)" time="0.007" />
  <testcase classname="ptolemy.util.test.junit.AutoTests" name="[88] /home/travis/build/icyphy/ptII/ptolemy/domains/de/test/auto/relationGroup2.xml (RunModel)" time="0.011" />
  <testcase classname="ptolemy.util.test.junit.AutoTests" name="[89] /home/travis/build/icyphy/ptII/ptolemy/domains/de/test/auto/sortWithOpaquePorts.xml (RunModel)" time="0.019" />
  <testcase classname="ptolemy.util.test.junit.AutoTests" name="[90] /home/travis/build/icyphy/ptII/ptolemy/domains/de/test/auto/transferInputsandOutputs.xml (RunModel)" time="0.019" />
  <testcase classname="ptolemy.util.test.junit.AutoTests" name="[91] /home/travis/build/icyphy/ptII/ptolemy/domains/de/test/auto/triggerType.xml (RunModel)" time="0.013" />
  <system-out><![CDATA[/home/travis/build/icyphy/ptII/ptolemy/domains/de/test/DependencyLoop.tcl
testDefs.tcl: setting time out to 9000 seconds at Wed Oct 14 15:47:48 UTC 2020
79 ms. Memory: 129024K Free: 78791K (61%)
15 ms. Memory: 129024K Free: 61383K (48%)
/home/travis/build/icyphy/ptII/ptolemy/domains/de/test/RunDETestsAsQSS.tcl
Run the DE tests using ptolemy.domains.qss.test.QSSDirectorTest, which extends QSSDirector and prints a message in the constructors.
------------------ testing $PTII/ptolemy/domains/de/test/auto/knownFailedTests/DirectFeedback.xml (Known Failure) 
49 ms. Memory: 129024K Free: 55749K (43%)


==== $PTIIhome/travis/build/icyphy/ptII/ptolemy/domains/de/test/../../../../: Auto Automatic test in file $PTII/ptolemy/domains/de/test/auto/knownFailedTests/DirectFeedback.xml
==== Contents of test case:

	    # FIXME: we should use $relativeFilename here, but it
	    # might have backslashes under Windows, which causes no end
	    # of trouble.
	    createAndExecute $file
	    list {}
	
.... Test generated KNOWN error:
    while executing
ptolemy.kernel.util.IllegalActionException: Test fails in iteration 1.
Value was: 1.0. Should have been: 2.0
  in .DirectFeedback.Test
	at ptolemy.actor.lib.Test.fire(Test.java:268)
	at ptolemy.domains.de.kernel.DEDirector._fire(DEDirector.java:1949)
	at ptolemy.domains.de.kernel.DEDirector.fire(DEDirector.java:502)
	at ptolemy.actor.CompositeActor.fire(CompositeActor.java:455)
	at ptolemy.actor.Manager.iterate(Manager.java:851)
	at ptolemy.actor.Manager.execute(Manager.java:369)
	at ptolemy.actor.Manager.run(Manager.java:1263)
	at ptolemy.actor.Manager$PtolemyRunThread.run(Manager.java:1933)

    while executing
ptolemy.kernel.util.IllegalActionException: Test fails in iteration 1.
Value was: 1.0. Should have been: 2.0
  in .DirectFeedback.Test
    while executing
"java::new ptolemy.moml.MoMLSimpleApplication $file
"
    (procedure "createAndExecute" line 2)
    invoked from within
"createAndExecute $file"
    ("uplevel" body line 5)
    invoked from within
"uplevel $contents_of_test"
------------------ testing $PTII/ptolemy/domains/de/test/auto/knownFailedTests/dependencyLoop.xml (Known Failure) 
17 ms. Memory: 129024K Free: 52677K (41%)


==== $PTIIhome/travis/build/icyphy/ptII/ptolemy/domains/de/test/../../../../: Auto Automatic test in file $PTII/ptolemy/domains/de/test/auto/knownFailedTests/dependencyLoop.xml
==== Contents of test case:

	    # FIXME: we should use $relativeFilename here, but it
	    # might have backslashes under Windows, which causes no end
	    # of trouble.
	    createAndExecute $file
	    list {}
	
.... Test generated KNOWN error:
    while executing
ptolemy.kernel.util.IllegalActionException: Found a zero delay loop containing .dependencyLoop.original
  in .dependencyLoop and .dependencyLoop.original
	at ptolemy.actor.util.CausalityInterfaceForComposites._computeOutputPortDepth(CausalityInterfaceForComposites.java:759)
	at ptolemy.actor.util.CausalityInterfaceForComposites._computeInputDepth(CausalityInterfaceForComposites.java:696)
	at ptolemy.actor.util.CausalityInterfaceForComposites._computeOutputPortDepth(CausalityInterfaceForComposites.java:765)
	at ptolemy.actor.util.CausalityInterfaceForComposites._computeInputDepth(CausalityInterfaceForComposites.java:696)
	at ptolemy.actor.util.CausalityInterfaceForComposites._computeOutputPortDepth(CausalityInterfaceForComposites.java:765)
	at ptolemy.actor.util.CausalityInterfaceForComposites._computeInputDepth(CausalityInterfaceForComposites.java:696)
	at ptolemy.actor.util.CausalityInterfaceForComposites._computeActorDepth(CausalityInterfaceForComposites.java:532)
	at ptolemy.actor.util.CausalityInterfaceForComposites.checkForCycles(CausalityInterfaceForComposites.java:96)
	at ptolemy.domains.de.kernel.DEDirector.preinitialize(DEDirector.java:1338)
	at ptolemy.actor.CompositeActor.preinitialize(CompositeActor.java:1828)
	at ptolemy.actor.Manager.preinitializeAndResolveTypes(Manager.java:1040)
	at ptolemy.actor.Manager.initialize(Manager.java:710)
	at ptolemy.actor.Manager.execute(Manager.java:356)
	at ptolemy.actor.Manager.run(Manager.java:1263)
	at ptolemy.actor.Manager$PtolemyRunThread.run(Manager.java:1933)

    while executing
ptolemy.kernel.util.IllegalActionException: Found a zero delay loop containing .dependencyLoop.original
  in .dependencyLoop and .dependencyLoop.original
    while executing
"java::new ptolemy.moml.MoMLSimpleApplication $file
"
    (procedure "createAndExecute" line 2)
    invoked from within
"createAndExecute $file"
    ("uplevel" body line 5)
    invoked from within
"uplevel $contents_of_test"
------------------ testing $PTII/ptolemy/domains/de/test/auto/knownFailedTests/FSMSource.xml (Known Failure) 
81 ms. Memory: 129024K Free: 110844K (86%)
!!!! Auto was marked as failing, but now passes
------------------ testing $PTII/ptolemy/domains/de/test/auto/knownFailedTests/HierarchicalModel.xml (Known Failure) 
12 ms. Memory: 129024K Free: 93388K (72%)


==== $PTIIhome/travis/build/icyphy/ptII/ptolemy/domains/de/test/../../../../: Auto Automatic test in file $PTII/ptolemy/domains/de/test/auto/knownFailedTests/HierarchicalModel.xml
==== Contents of test case:

	    # FIXME: we should use $relativeFilename here, but it
	    # might have backslashes under Windows, which causes no end
	    # of trouble.
	    createAndExecute $file
	    list {}
	
.... Test generated KNOWN error:
    while executing
ptolemy.kernel.util.IllegalActionException: Found a zero delay loop containing .HierarchicalModel.A
  in .HierarchicalModel and .HierarchicalModel.A
	at ptolemy.actor.util.CausalityInterfaceForComposites._computeOutputPortDepth(CausalityInterfaceForComposites.java:759)
	at ptolemy.actor.util.CausalityInterfaceForComposites._computeInputDepth(CausalityInterfaceForComposites.java:696)
	at ptolemy.actor.util.CausalityInterfaceForComposites._computeOutputPortDepth(CausalityInterfaceForComposites.java:765)
	at ptolemy.actor.util.CausalityInterfaceForComposites._computeInputDepth(CausalityInterfaceForComposites.java:696)
	at ptolemy.actor.util.CausalityInterfaceForComposites._computeOutputPortDepth(CausalityInterfaceForComposites.java:765)
	at ptolemy.actor.util.CausalityInterfaceForComposites._computeInputDepth(CausalityInterfaceForComposites.java:696)
	at ptolemy.actor.util.CausalityInterfaceForComposites._computeActorDepth(CausalityInterfaceForComposites.java:532)
	at ptolemy.actor.util.CausalityInterfaceForComposites.checkForCycles(CausalityInterfaceForComposites.java:96)
	at ptolemy.domains.de.kernel.DEDirector.preinitialize(DEDirector.java:1338)
	at ptolemy.actor.CompositeActor.preinitialize(CompositeActor.java:1828)
	at ptolemy.actor.Manager.preinitializeAndResolveTypes(Manager.java:1040)
	at ptolemy.actor.Manager.initialize(Manager.java:710)
	at ptolemy.actor.Manager.execute(Manager.java:356)
	at ptolemy.actor.Manager.run(Manager.java:1263)
	at ptolemy.actor.Manager$PtolemyRunThread.run(Manager.java:1933)

    while executing
ptolemy.kernel.util.IllegalActionException: Found a zero delay loop containing .HierarchicalModel.A
  in .HierarchicalModel and .HierarchicalModel.A
    while executing
"java::new ptolemy.moml.MoMLSimpleApplication $file
"
    (procedure "createAndExecute" line 2)
    invoked from within
"createAndExecute $file"
    ("uplevel" body line 5)
    invoked from within
"uplevel $contents_of_test"
------------------ testing $PTII/ptolemy/domains/de/test/auto/knownFailedTests/dependencyLoop2.xml (Known Failure) 
8 ms. Memory: 129024K Free: 77371K (60%)


==== $PTIIhome/travis/build/icyphy/ptII/ptolemy/domains/de/test/../../../../: Auto Automatic test in file $PTII/ptolemy/domains/de/test/auto/knownFailedTests/dependencyLoop2.xml
==== Contents of test case:

	    # FIXME: we should use $relativeFilename here, but it
	    # might have backslashes under Windows, which causes no end
	    # of trouble.
	    createAndExecute $file
	    list {}
	
.... Test generated KNOWN error:
    while executing
ptolemy.kernel.util.IllegalActionException: Found a zero delay loop containing .dependencyLoop2.original
  in .dependencyLoop2 and .dependencyLoop2.original
	at ptolemy.actor.util.CausalityInterfaceForComposites._computeOutputPortDepth(CausalityInterfaceForComposites.java:759)
	at ptolemy.actor.util.CausalityInterfaceForComposites._computeInputDepth(CausalityInterfaceForComposites.java:696)
	at ptolemy.actor.util.CausalityInterfaceForComposites._computeOutputPortDepth(CausalityInterfaceForComposites.java:765)
	at ptolemy.actor.util.CausalityInterfaceForComposites._computeInputDepth(CausalityInterfaceForComposites.java:696)
	at ptolemy.actor.util.CausalityInterfaceForComposites._computeOutputPortDepth(CausalityInterfaceForComposites.java:765)
	at ptolemy.actor.util.CausalityInterfaceForComposites._computeInputDepth(CausalityInterfaceForComposites.java:696)
	at ptolemy.actor.util.CausalityInterfaceForComposites._computeActorDepth(CausalityInterfaceForComposites.java:532)
	at ptolemy.actor.util.CausalityInterfaceForComposites.checkForCycles(CausalityInterfaceForComposites.java:96)
	at ptolemy.domains.de.kernel.DEDirector.preinitialize(DEDirector.java:1338)
	at ptolemy.actor.CompositeActor.preinitialize(CompositeActor.java:1828)
	at ptolemy.actor.Manager.preinitializeAndResolveTypes(Manager.java:1040)
	at ptolemy.actor.Manager.initialize(Manager.java:710)
	at ptolemy.actor.Manager.execute(Manager.java:356)
	at ptolemy.actor.Manager.run(Manager.java:1263)
	at ptolemy.actor.Manager$PtolemyRunThread.run(Manager.java:1933)

    while executing
ptolemy.kernel.util.IllegalActionException: Found a zero delay loop containing .dependencyLoop2.original
  in .dependencyLoop2 and .dependencyLoop2.original
    while executing
"java::new ptolemy.moml.MoMLSimpleApplication $file
"
    (procedure "createAndExecute" line 2)
    invoked from within
"createAndExecute $file"
    ("uplevel" body line 5)
    invoked from within
"uplevel $contents_of_test"
------------------ testing $PTII/ptolemy/domains/de/test/auto/knownFailedTests/DESDFClockTest.xml (Known Failure) 
2065 ms. Memory: 129024K Free: 105574K (82%)


==== $PTIIhome/travis/build/icyphy/ptII/ptolemy/domains/de/test/../../../../: Auto Automatic test in file $PTII/ptolemy/domains/de/test/auto/knownFailedTests/DESDFClockTest.xml
==== Contents of test case:

	    # FIXME: we should use $relativeFilename here, but it
	    # might have backslashes under Windows, which causes no end
	    # of trouble.
	    createAndExecute $file
	    list {}
	
.... Test generated KNOWN error:
    while executing
ptolemy.kernel.util.IllegalActionException: Actor is not ready to fire.  Perhaps UpSample.prefire() returned false? Try debugging the actor by selecting "Listen to Actor".  Also, for SDF check moml for tokenConsumptionRate on input.
  in .DESDFClockTest.Play Bell.Copy1:SDF Director and .DESDFClockTest.Play Bell.UpSample
	at ptolemy.actor.sched.StaticSchedulingDirector.fire(StaticSchedulingDirector.java:227)
	at ptolemy.domains.sdf.kernel.SDFDirector.fire(SDFDirector.java:500)
	at ptolemy.actor.CompositeActor.fire(CompositeActor.java:455)
	at ptolemy.domains.de.kernel.DEDirector._fire(DEDirector.java:1949)
	at ptolemy.domains.de.kernel.DEDirector.fire(DEDirector.java:502)
	at ptolemy.actor.CompositeActor.fire(CompositeActor.java:455)
	at ptolemy.actor.Manager.iterate(Manager.java:851)
	at ptolemy.actor.Manager.execute(Manager.java:369)
	at ptolemy.actor.Manager.run(Manager.java:1263)
	at ptolemy.actor.Manager$PtolemyRunThread.run(Manager.java:1933)

    while executing
ptolemy.kernel.util.IllegalActionException: Actor is not ready to fire.  Perhaps UpSample.prefire() returned false? Try debugging the actor by selecting "Listen to Actor".  Also, for SDF check moml for tokenConsumptionRate on input.
  in .DESDFClockTest.Play Bell.Copy1:SDF Director and .DESDFClockTest.Play Bell.UpSample
    while executing
"java::new ptolemy.moml.MoMLSimpleApplication $file
"
    (procedure "createAndExecute" line 2)
    invoked from within
"createAndExecute $file"
    ("uplevel" body line 5)
    invoked from within
"uplevel $contents_of_test"
------------------ testing $PTII/ptolemy/domains/de/test/auto/ActorDepthCalculation_actorWithoutPorts.xml
auto.tcl: Setting watchdog for 200 seconds at Wed Oct 14 15:47:51 UTC 2020
7 ms. Memory: 129024K Free: 97896K (76%)
ptolemy.util.test.WatchDog.cancel(): canceling Wed Oct 14 15:47:51 UTC 2020
auto.tcl: Setting watchdog for 200 seconds at Wed Oct 14 15:47:51 UTC 2020
4 ms. Memory: 129024K Free: 96872K (75%)
ptolemy.util.test.WatchDog.cancel(): canceling Wed Oct 14 15:47:51 UTC 2020
------------------ testing $PTII/ptolemy/domains/de/test/auto/AssemblyLine.xml
auto.tcl: Setting watchdog for 200 seconds at Wed Oct 14 15:47:52 UTC 2020
23 ms. Memory: 51200K Free: 27897K (54%)
ptolemy.util.test.WatchDog.cancel(): canceling Wed Oct 14 15:47:52 UTC 2020
auto.tcl: Setting watchdog for 200 seconds at Wed Oct 14 15:47:52 UTC 2020
8 ms. Memory: 51200K Free: 26804K (52%)
ptolemy.util.test.WatchDog.cancel(): canceling Wed Oct 14 15:47:52 UTC 2020
------------------ testing $PTII/ptolemy/domains/de/test/auto/CQBug1.xml
auto.tcl: Setting watchdog for 200 seconds at Wed Oct 14 15:47:52 UTC 2020
4 ms. Memory: 51200K Free: 33271K (65%)
ptolemy.util.test.WatchDog.cancel(): canceling Wed Oct 14 15:47:52 UTC 2020
auto.tcl: Setting watchdog for 200 seconds at Wed Oct 14 15:47:52 UTC 2020
4 ms. Memory: 51200K Free: 32804K (64%)
ptolemy.util.test.WatchDog.cancel(): canceling Wed Oct 14 15:47:52 UTC 2020
------------------ testing $PTII/ptolemy/domains/de/test/auto/CancelFireAt.xml
auto.tcl: Setting watchdog for 200 seconds at Wed Oct 14 15:47:52 UTC 2020
5 ms. Memory: 51200K Free: 34592K (68%)
ptolemy.util.test.WatchDog.cancel(): canceling Wed Oct 14 15:47:52 UTC 2020
auto.tcl: Setting watchdog for 200 seconds at Wed Oct 14 15:47:52 UTC 2020
2 ms. Memory: 51200K Free: 34099K (67%)
ptolemy.util.test.WatchDog.cancel(): canceling Wed Oct 14 15:47:52 UTC 2020
------------------ testing $PTII/ptolemy/domains/de/test/auto/CausalityAndComposabilityAnalysis.xml
auto.tcl: Setting watchdog for 200 seconds at Wed Oct 14 15:47:52 UTC 2020
11 ms. Memory: 51200K Free: 32719K (64%)
ptolemy.util.test.WatchDog.cancel(): canceling Wed Oct 14 15:47:52 UTC 2020
auto.tcl: Setting watchdog for 200 seconds at Wed Oct 14 15:47:52 UTC 2020
11 ms. Memory: 51200K Free: 31963K (62%)
ptolemy.util.test.WatchDog.cancel(): canceling Wed Oct 14 15:47:52 UTC 2020
------------------ testing $PTII/ptolemy/domains/de/test/auto/CausalityInterface1.xml
auto.tcl: Setting watchdog for 200 seconds at Wed Oct 14 15:47:52 UTC 2020
24 ms. Memory: 51200K Free: 31363K (61%)
ptolemy.util.test.WatchDog.cancel(): canceling Wed Oct 14 15:47:52 UTC 2020
auto.tcl: Setting watchdog for 200 seconds at Wed Oct 14 15:47:52 UTC 2020
6 ms. Memory: 51200K Free: 30388K (59%)
ptolemy.util.test.WatchDog.cancel(): canceling Wed Oct 14 15:47:52 UTC 2020
------------------ testing $PTII/ptolemy/domains/de/test/auto/CausalityInterface15.xml
auto.tcl: Setting watchdog for 200 seconds at Wed Oct 14 15:47:52 UTC 2020
6 ms. Memory: 51200K Free: 31513K (62%)
ptolemy.util.test.WatchDog.cancel(): canceling Wed Oct 14 15:47:53 UTC 2020
auto.tcl: Setting watchdog for 200 seconds at Wed Oct 14 15:47:53 UTC 2020
7 ms. Memory: 51200K Free: 30334K (59%)
ptolemy.util.test.WatchDog.cancel(): canceling Wed Oct 14 15:47:53 UTC 2020
------------------ testing $PTII/ptolemy/domains/de/test/auto/CausalityInterface2.xml
auto.tcl: Setting watchdog for 200 seconds at Wed Oct 14 15:47:53 UTC 2020
6 ms. Memory: 51200K Free: 32004K (63%)
ptolemy.util.test.WatchDog.cancel(): canceling Wed Oct 14 15:47:53 UTC 2020
auto.tcl: Setting watchdog for 200 seconds at Wed Oct 14 15:47:53 UTC 2020
3 ms. Memory: 51200K Free: 31342K (61%)
ptolemy.util.test.WatchDog.cancel(): canceling Wed Oct 14 15:47:53 UTC 2020
------------------ testing $PTII/ptolemy/domains/de/test/auto/CausalityInterface3.xml
auto.tcl: Setting watchdog for 200 seconds at Wed Oct 14 15:47:53 UTC 2020
6 ms. Memory: 51200K Free: 31310K (61%)
ptolemy.util.test.WatchDog.cancel(): canceling Wed Oct 14 15:47:53 UTC 2020
auto.tcl: Setting watchdog for 200 seconds at Wed Oct 14 15:47:53 UTC 2020
3 ms. Memory: 51200K Free: 30814K (60%)
ptolemy.util.test.WatchDog.cancel(): canceling Wed Oct 14 15:47:53 UTC 2020
------------------ testing $PTII/ptolemy/domains/de/test/auto/ClockDrift.xml
auto.tcl: Setting watchdog for 200 seconds at Wed Oct 14 15:47:53 UTC 2020
79 ms. Memory: 51200K Free: 24144K (47%)
ptolemy.util.test.WatchDog.cancel(): canceling Wed Oct 14 15:47:53 UTC 2020
auto.tcl: Setting watchdog for 200 seconds at Wed Oct 14 15:47:53 UTC 2020
40 ms. Memory: 51200K Free: 21132K (41%)
ptolemy.util.test.WatchDog.cancel(): canceling Wed Oct 14 15:47:53 UTC 2020
------------------ testing $PTII/ptolemy/domains/de/test/auto/ClockDriftAndValueChange.xml
auto.tcl: Setting watchdog for 200 seconds at Wed Oct 14 15:47:53 UTC 2020
43 ms. Memory: 51200K Free: 24248K (47%)
ptolemy.util.test.WatchDog.cancel(): canceling Wed Oct 14 15:47:53 UTC 2020
auto.tcl: Setting watchdog for 200 seconds at Wed Oct 14 15:47:53 UTC 2020
30 ms. Memory: 51200K Free: 21434K (42%)
ptolemy.util.test.WatchDog.cancel(): canceling Wed Oct 14 15:47:53 UTC 2020
------------------ testing $PTII/ptolemy/domains/de/test/auto/ClockDriftChange.xml
auto.tcl: Setting watchdog for 200 seconds at Wed Oct 14 15:47:53 UTC 2020
21 ms. Memory: 51200K Free: 26039K (51%)
ptolemy.util.test.WatchDog.cancel(): canceling Wed Oct 14 15:47:53 UTC 2020
auto.tcl: Setting watchdog for 200 seconds at Wed Oct 14 15:47:53 UTC 2020
16 ms. Memory: 51200K Free: 23481K (46%)
ptolemy.util.test.WatchDog.cancel(): canceling Wed Oct 14 15:47:53 UTC 2020
------------------ testing $PTII/ptolemy/domains/de/test/auto/ComposableCausalityAnalysis.xml
auto.tcl: Setting watchdog for 200 seconds at Wed Oct 14 15:47:53 UTC 2020
5 ms. Memory: 51200K Free: 30832K (60%)
ptolemy.util.test.WatchDog.cancel(): canceling Wed Oct 14 15:47:53 UTC 2020
auto.tcl: Setting watchdog for 200 seconds at Wed Oct 14 15:47:53 UTC 2020
4 ms. Memory: 51200K Free: 29800K (58%)
ptolemy.util.test.WatchDog.cancel(): canceling Wed Oct 14 15:47:53 UTC 2020
------------------ testing $PTII/ptolemy/domains/de/test/auto/DEFixedPointLimitation.xml
auto.tcl: Setting watchdog for 200 seconds at Wed Oct 14 15:47:53 UTC 2020
6 ms. Memory: 51200K Free: 32186K (63%)
ptolemy.util.test.WatchDog.cancel(): canceling Wed Oct 14 15:47:53 UTC 2020
auto.tcl: Setting watchdog for 200 seconds at Wed Oct 14 15:47:53 UTC 2020
2 ms. Memory: 51200K Free: 31330K (61%)
ptolemy.util.test.WatchDog.cancel(): canceling Wed Oct 14 15:47:53 UTC 2020
------------------ testing $PTII/ptolemy/domains/de/test/auto/DEScheduleTest.xml
auto.tcl: Setting watchdog for 200 seconds at Wed Oct 14 15:47:53 UTC 2020
4 ms. Memory: 51200K Free: 32581K (64%)
ptolemy.util.test.WatchDog.cancel(): canceling Wed Oct 14 15:47:53 UTC 2020
auto.tcl: Setting watchdog for 200 seconds at Wed Oct 14 15:47:53 UTC 2020
4 ms. Memory: 51200K Free: 31826K (62%)
ptolemy.util.test.WatchDog.cancel(): canceling Wed Oct 14 15:47:53 UTC 2020
------------------ testing $PTII/ptolemy/domains/de/test/auto/DEinDEwithStartTimes.xml
auto.tcl: Setting watchdog for 200 seconds at Wed Oct 14 15:47:53 UTC 2020
5 ms. Memory: 51200K Free: 30751K (60%)
ptolemy.util.test.WatchDog.cancel(): canceling Wed Oct 14 15:47:54 UTC 2020
auto.tcl: Setting watchdog for 200 seconds at Wed Oct 14 15:47:54 UTC 2020
4 ms. Memory: 51200K Free: 29727K (58%)
ptolemy.util.test.WatchDog.cancel(): canceling Wed Oct 14 15:47:54 UTC 2020
------------------ testing $PTII/ptolemy/domains/de/test/auto/DEinDEwithStartTimes2.xml
auto.tcl: Setting watchdog for 200 seconds at Wed Oct 14 15:47:54 UTC 2020
4 ms. Memory: 51200K Free: 29883K (58%)
ptolemy.util.test.WatchDog.cancel(): canceling Wed Oct 14 15:47:54 UTC 2020
auto.tcl: Setting watchdog for 200 seconds at Wed Oct 14 15:47:54 UTC 2020
4 ms. Memory: 51200K Free: 28810K (56%)
ptolemy.util.test.WatchDog.cancel(): canceling Wed Oct 14 15:47:54 UTC 2020
------------------ testing $PTII/ptolemy/domains/de/test/auto/DateDemo.xml
auto.tcl: Setting watchdog for 200 seconds at Wed Oct 14 15:47:54 UTC 2020
24 ms. Memory: 51200K Free: 24295K (47%)
ptolemy.util.test.WatchDog.cancel(): canceling Wed Oct 14 15:47:54 UTC 2020
auto.tcl: Setting watchdog for 200 seconds at Wed Oct 14 15:47:54 UTC 2020
10 ms. Memory: 51200K Free: 22659K (44%)
ptolemy.util.test.WatchDog.cancel(): canceling Wed Oct 14 15:47:54 UTC 2020
------------------ testing $PTII/ptolemy/domains/de/test/auto/DateToEvent.xml
auto.tcl: Setting watchdog for 200 seconds at Wed Oct 14 15:47:54 UTC 2020
2011 ms. Memory: 51200K Free: 20243K (40%)
ptolemy.util.test.WatchDog.cancel(): canceling Wed Oct 14 15:47:56 UTC 2020
auto.tcl: Setting watchdog for 200 seconds at Wed Oct 14 15:47:56 UTC 2020
2004 ms. Memory: 51200K Free: 19390K (38%)
ptolemy.util.test.WatchDog.cancel(): canceling Wed Oct 14 15:47:58 UTC 2020
------------------ testing $PTII/ptolemy/domains/de/test/auto/DepthTest1.xml
auto.tcl: Setting watchdog for 200 seconds at Wed Oct 14 15:47:58 UTC 2020
4 ms. Memory: 51200K Free: 33420K (65%)
ptolemy.util.test.WatchDog.cancel(): canceling Wed Oct 14 15:47:58 UTC 2020
auto.tcl: Setting watchdog for 200 seconds at Wed Oct 14 15:47:58 UTC 2020
9 ms. Memory: 51200K Free: 32932K (64%)
ptolemy.util.test.WatchDog.cancel(): canceling Wed Oct 14 15:47:58 UTC 2020
------------------ testing $PTII/ptolemy/domains/de/test/auto/DepthTest2.xml
auto.tcl: Setting watchdog for 200 seconds at Wed Oct 14 15:47:58 UTC 2020
10 ms. Memory: 51200K Free: 30194K (59%)
ptolemy.util.test.WatchDog.cancel(): canceling Wed Oct 14 15:47:58 UTC 2020
auto.tcl: Setting watchdog for 200 seconds at Wed Oct 14 15:47:58 UTC 2020
2 ms. Memory: 51200K Free: 29740K (58%)
ptolemy.util.test.WatchDog.cancel(): canceling Wed Oct 14 15:47:58 UTC 2020
------------------ testing $PTII/ptolemy/domains/de/test/auto/DepthTest3.xml
auto.tcl: Setting watchdog for 200 seconds at Wed Oct 14 15:47:58 UTC 2020
2 ms. Memory: 51200K Free: 33750K (66%)
ptolemy.util.test.WatchDog.cancel(): canceling Wed Oct 14 15:47:58 UTC 2020
auto.tcl: Setting watchdog for 200 seconds at Wed Oct 14 15:47:58 UTC 2020
2 ms. Memory: 51200K Free: 33260K (65%)
ptolemy.util.test.WatchDog.cancel(): canceling Wed Oct 14 15:47:58 UTC 2020
------------------ testing $PTII/ptolemy/domains/de/test/auto/DepthTest4.xml
auto.tcl: Setting watchdog for 200 seconds at Wed Oct 14 15:47:58 UTC 2020
4 ms. Memory: 51200K Free: 31971K (62%)
ptolemy.util.test.WatchDog.cancel(): canceling Wed Oct 14 15:47:58 UTC 2020
auto.tcl: Setting watchdog for 200 seconds at Wed Oct 14 15:47:58 UTC 2020
2 ms. Memory: 51200K Free: 31297K (61%)
ptolemy.util.test.WatchDog.cancel(): canceling Wed Oct 14 15:47:58 UTC 2020
------------------ testing $PTII/ptolemy/domains/de/test/auto/DepthTest5.xml
auto.tcl: Setting watchdog for 200 seconds at Wed Oct 14 15:47:58 UTC 2020
13 ms. Memory: 51200K Free: 31380K (61%)
ptolemy.util.test.WatchDog.cancel(): canceling Wed Oct 14 15:47:58 UTC 2020
auto.tcl: Setting watchdog for 200 seconds at Wed Oct 14 15:47:58 UTC 2020
2 ms. Memory: 51200K Free: 30684K (60%)
ptolemy.util.test.WatchDog.cancel(): canceling Wed Oct 14 15:47:58 UTC 2020
------------------ testing $PTII/ptolemy/domains/de/test/auto/DepthTest6.xml
auto.tcl: Setting watchdog for 200 seconds at Wed Oct 14 15:47:58 UTC 2020
4 ms. Memory: 51200K Free: 31113K (61%)
ptolemy.util.test.WatchDog.cancel(): canceling Wed Oct 14 15:47:58 UTC 2020
auto.tcl: Setting watchdog for 200 seconds at Wed Oct 14 15:47:58 UTC 2020
3 ms. Memory: 51200K Free: 30661K (60%)
ptolemy.util.test.WatchDog.cancel(): canceling Wed Oct 14 15:47:58 UTC 2020
------------------ testing $PTII/ptolemy/domains/de/test/auto/DepthTest7.xml
auto.tcl: Setting watchdog for 200 seconds at Wed Oct 14 15:47:58 UTC 2020
3 ms. Memory: 51200K Free: 31889K (62%)
ptolemy.util.test.WatchDog.cancel(): canceling Wed Oct 14 15:47:58 UTC 2020
auto.tcl: Setting watchdog for 200 seconds at Wed Oct 14 15:47:58 UTC 2020
2 ms. Memory: 51200K Free: 31235K (61%)
ptolemy.util.test.WatchDog.cancel(): canceling Wed Oct 14 15:47:58 UTC 2020
------------------ testing $PTII/ptolemy/domains/de/test/auto/EventToDate.xml
auto.tcl: Setting watchdog for 200 seconds at Wed Oct 14 15:47:58 UTC 2020
3005 ms. Memory: 51200K Free: 22514K (44%)
ptolemy.util.test.WatchDog.cancel(): canceling Wed Oct 14 15:48:02 UTC 2020
auto.tcl: Setting watchdog for 200 seconds at Wed Oct 14 15:48:02 UTC 2020
3004 ms. Memory: 51200K Free: 22025K (43%)
ptolemy.util.test.WatchDog.cancel(): canceling Wed Oct 14 15:48:05 UTC 2020
------------------ testing $PTII/ptolemy/domains/de/test/auto/FSM1.xml
auto.tcl: Setting watchdog for 200 seconds at Wed Oct 14 15:48:05 UTC 2020
54 ms. Memory: 51200K Free: 23968K (47%)
ptolemy.util.test.WatchDog.cancel(): canceling Wed Oct 14 15:48:05 UTC 2020
auto.tcl: Setting watchdog for 200 seconds at Wed Oct 14 15:48:05 UTC 2020
35 ms. Memory: 51200K Free: 20699K (40%)
ptolemy.util.test.WatchDog.cancel(): canceling Wed Oct 14 15:48:05 UTC 2020
------------------ testing $PTII/ptolemy/domains/de/test/auto/FSM7.xml
auto.tcl: Setting watchdog for 200 seconds at Wed Oct 14 15:48:05 UTC 2020
16 ms. Memory: 51200K Free: 23588K (46%)
ptolemy.util.test.WatchDog.cancel(): canceling Wed Oct 14 15:48:05 UTC 2020
auto.tcl: Setting watchdog for 200 seconds at Wed Oct 14 15:48:05 UTC 2020
14 ms. Memory: 51200K Free: 20412K (40%)
ptolemy.util.test.WatchDog.cancel(): canceling Wed Oct 14 15:48:05 UTC 2020
------------------ testing $PTII/ptolemy/domains/de/test/auto/Inspection.xml
auto.tcl: Setting watchdog for 200 seconds at Wed Oct 14 15:48:05 UTC 2020
21 ms. Memory: 51200K Free: 23440K (46%)
ptolemy.util.test.WatchDog.cancel(): canceling Wed Oct 14 15:48:05 UTC 2020
auto.tcl: Setting watchdog for 200 seconds at Wed Oct 14 15:48:05 UTC 2020
19 ms. Memory: 51200K Free: 21748K (42%)
ptolemy.util.test.WatchDog.cancel(): canceling Wed Oct 14 15:48:05 UTC 2020
------------------ testing $PTII/ptolemy/domains/de/test/auto/Iteration.xml
auto.tcl: Setting watchdog for 200 seconds at Wed Oct 14 15:48:05 UTC 2020
16 ms. Memory: 51200K Free: 28986K (57%)
ptolemy.util.test.WatchDog.cancel(): canceling Wed Oct 14 15:48:05 UTC 2020
auto.tcl: Setting watchdog for 200 seconds at Wed Oct 14 15:48:05 UTC 2020
15 ms. Memory: 51200K Free: 27796K (54%)
ptolemy.util.test.WatchDog.cancel(): canceling Wed Oct 14 15:48:05 UTC 2020
------------------ testing $PTII/ptolemy/domains/de/test/auto/LineFault.xml
auto.tcl: Setting watchdog for 200 seconds at Wed Oct 14 15:48:05 UTC 2020
651 ms. Memory: 62464K Free: 39353K (63%)
ptolemy.util.test.WatchDog.cancel(): canceling Wed Oct 14 15:48:06 UTC 2020
auto.tcl: Setting watchdog for 200 seconds at Wed Oct 14 15:48:06 UTC 2020
511 ms. Memory: 62464K Free: 45255K (72%)
ptolemy.util.test.WatchDog.cancel(): canceling Wed Oct 14 15:48:07 UTC 2020
------------------ testing $PTII/ptolemy/domains/de/test/auto/MergeModel1Add.xml
auto.tcl: Setting watchdog for 200 seconds at Wed Oct 14 15:48:07 UTC 2020
19 ms. Memory: 58368K Free: 22346K (38%)
ptolemy.util.test.WatchDog.cancel(): canceling Wed Oct 14 15:48:07 UTC 2020
auto.tcl: Setting watchdog for 200 seconds at Wed Oct 14 15:48:07 UTC 2020
16 ms. Memory: 58368K Free: 20607K (35%)
ptolemy.util.test.WatchDog.cancel(): canceling Wed Oct 14 15:48:07 UTC 2020
------------------ testing $PTII/ptolemy/domains/de/test/auto/MergeModel2Add.xml
auto.tcl: Setting watchdog for 200 seconds at Wed Oct 14 15:48:07 UTC 2020
9 ms. Memory: 55296K Free: 21305K (39%)
ptolemy.util.test.WatchDog.cancel(): canceling Wed Oct 14 15:48:07 UTC 2020
auto.tcl: Setting watchdog for 200 seconds at Wed Oct 14 15:48:07 UTC 2020
9 ms. Memory: 55296K Free: 19344K (35%)
ptolemy.util.test.WatchDog.cancel(): canceling Wed Oct 14 15:48:07 UTC 2020
------------------ testing $PTII/ptolemy/domains/de/test/auto/MergeModel3Add.xml
auto.tcl: Setting watchdog for 200 seconds at Wed Oct 14 15:48:07 UTC 2020
9 ms. Memory: 55296K Free: 21313K (39%)
ptolemy.util.test.WatchDog.cancel(): canceling Wed Oct 14 15:48:07 UTC 2020
auto.tcl: Setting watchdog for 200 seconds at Wed Oct 14 15:48:07 UTC 2020
13 ms. Memory: 55296K Free: 19861K (36%)
ptolemy.util.test.WatchDog.cancel(): canceling Wed Oct 14 15:48:07 UTC 2020
------------------ testing $PTII/ptolemy/domains/de/test/auto/MergeWithoutDiscard.xml
auto.tcl: Setting watchdog for 200 seconds at Wed Oct 14 15:48:07 UTC 2020
3 ms. Memory: 55296K Free: 36244K (66%)
ptolemy.util.test.WatchDog.cancel(): canceling Wed Oct 14 15:48:07 UTC 2020
auto.tcl: Setting watchdog for 200 seconds at Wed Oct 14 15:48:07 UTC 2020
2 ms. Memory: 55296K Free: 35724K (65%)
ptolemy.util.test.WatchDog.cancel(): canceling Wed Oct 14 15:48:07 UTC 2020
------------------ testing $PTII/ptolemy/domains/de/test/auto/Modal1.xml
auto.tcl: Setting watchdog for 200 seconds at Wed Oct 14 15:48:07 UTC 2020
20 ms. Memory: 55296K Free: 28062K (51%)
ptolemy.util.test.WatchDog.cancel(): canceling Wed Oct 14 15:48:07 UTC 2020
auto.tcl: Setting watchdog for 200 seconds at Wed Oct 14 15:48:07 UTC 2020
25 ms. Memory: 55296K Free: 24775K (45%)
ptolemy.util.test.WatchDog.cancel(): canceling Wed Oct 14 15:48:07 UTC 2020
------------------ testing $PTII/ptolemy/domains/de/test/auto/Modal2.xml
auto.tcl: Setting watchdog for 200 seconds at Wed Oct 14 15:48:07 UTC 2020
18 ms. Memory: 51200K Free: 23840K (47%)
ptolemy.util.test.WatchDog.cancel(): canceling Wed Oct 14 15:48:07 UTC 2020
auto.tcl: Setting watchdog for 200 seconds at Wed Oct 14 15:48:07 UTC 2020
12 ms. Memory: 51200K Free: 20576K (40%)
ptolemy.util.test.WatchDog.cancel(): canceling Wed Oct 14 15:48:07 UTC 2020
------------------ testing $PTII/ptolemy/domains/de/test/auto/Modal3.xml
auto.tcl: Setting watchdog for 200 seconds at Wed Oct 14 15:48:07 UTC 2020
16 ms. Memory: 51200K Free: 23551K (46%)
ptolemy.util.test.WatchDog.cancel(): canceling Wed Oct 14 15:48:07 UTC 2020
auto.tcl: Setting watchdog for 200 seconds at Wed Oct 14 15:48:07 UTC 2020
13 ms. Memory: 51200K Free: 20590K (40%)
ptolemy.util.test.WatchDog.cancel(): canceling Wed Oct 14 15:48:07 UTC 2020
------------------ testing $PTII/ptolemy/domains/de/test/auto/Modal4.xml
auto.tcl: Setting watchdog for 200 seconds at Wed Oct 14 15:48:07 UTC 2020
25 ms. Memory: 51200K Free: 22821K (45%)
ptolemy.util.test.WatchDog.cancel(): canceling Wed Oct 14 15:48:07 UTC 2020
auto.tcl: Setting watchdog for 200 seconds at Wed Oct 14 15:48:07 UTC 2020
17 ms. Memory: 51200K Free: 19018K (37%)
ptolemy.util.test.WatchDog.cancel(): canceling Wed Oct 14 15:48:07 UTC 2020
------------------ testing $PTII/ptolemy/domains/de/test/auto/Modal5.xml
auto.tcl: Setting watchdog for 200 seconds at Wed Oct 14 15:48:08 UTC 2020
16 ms. Memory: 51200K Free: 22822K (45%)
ptolemy.util.test.WatchDog.cancel(): canceling Wed Oct 14 15:48:08 UTC 2020
auto.tcl: Setting watchdog for 200 seconds at Wed Oct 14 15:48:08 UTC 2020
17 ms. Memory: 51200K Free: 19164K (37%)
ptolemy.util.test.WatchDog.cancel(): canceling Wed Oct 14 15:48:08 UTC 2020
------------------ testing $PTII/ptolemy/domains/de/test/auto/Modal6.xml
auto.tcl: Setting watchdog for 200 seconds at Wed Oct 14 15:48:08 UTC 2020
23 ms. Memory: 51200K Free: 23229K (45%)
ptolemy.util.test.WatchDog.cancel(): canceling Wed Oct 14 15:48:08 UTC 2020
auto.tcl: Setting watchdog for 200 seconds at Wed Oct 14 15:48:08 UTC 2020
11 ms. Memory: 51200K Free: 19583K (38%)
ptolemy.util.test.WatchDog.cancel(): canceling Wed Oct 14 15:48:08 UTC 2020
------------------ testing $PTII/ptolemy/domains/de/test/auto/Modal7.xml
auto.tcl: Setting watchdog for 200 seconds at Wed Oct 14 15:48:08 UTC 2020
31 ms. Memory: 51200K Free: 22586K (44%)
ptolemy.util.test.WatchDog.cancel(): canceling Wed Oct 14 15:48:08 UTC 2020
auto.tcl: Setting watchdog for 200 seconds at Wed Oct 14 15:48:08 UTC 2020
15 ms. Memory: 51200K Free: 19189K (37%)
ptolemy.util.test.WatchDog.cancel(): canceling Wed Oct 14 15:48:08 UTC 2020
------------------ testing $PTII/ptolemy/domains/de/test/auto/ModalModel.xml
auto.tcl: Setting watchdog for 200 seconds at Wed Oct 14 15:48:08 UTC 2020
218 ms. Memory: 51200K Free: 20073K (39%)
ptolemy.util.test.WatchDog.cancel(): canceling Wed Oct 14 15:48:08 UTC 2020
auto.tcl: Setting watchdog for 200 seconds at Wed Oct 14 15:48:08 UTC 2020
205 ms. Memory: 67584K Free: 30457K (45%)
ptolemy.util.test.WatchDog.cancel(): canceling Wed Oct 14 15:48:08 UTC 2020
------------------ testing $PTII/ptolemy/domains/de/test/auto/ModalSource.xml
auto.tcl: Setting watchdog for 200 seconds at Wed Oct 14 15:48:08 UTC 2020
12 ms. Memory: 55296K Free: 31245K (57%)
ptolemy.util.test.WatchDog.cancel(): canceling Wed Oct 14 15:48:08 UTC 2020
auto.tcl: Setting watchdog for 200 seconds at Wed Oct 14 15:48:08 UTC 2020
9 ms. Memory: 55296K Free: 29235K (53%)
ptolemy.util.test.WatchDog.cancel(): canceling Wed Oct 14 15:48:08 UTC 2020
------------------ testing $PTII/ptolemy/domains/de/test/auto/NonInterruptibleTimerZeroDelay.xml
auto.tcl: Setting watchdog for 200 seconds at Wed Oct 14 15:48:08 UTC 2020
4 ms. Memory: 51200K Free: 32551K (64%)
ptolemy.util.test.WatchDog.cancel(): canceling Wed Oct 14 15:48:09 UTC 2020
auto.tcl: Setting watchdog for 200 seconds at Wed Oct 14 15:48:09 UTC 2020
1 ms. Memory: 51200K Free: 31925K (62%)
ptolemy.util.test.WatchDog.cancel(): canceling Wed Oct 14 15:48:09 UTC 2020
------------------ testing $PTII/ptolemy/domains/de/test/auto/OpenQueueingNetwork.xml
auto.tcl: Setting watchdog for 200 seconds at Wed Oct 14 15:48:09 UTC 2020
2867 ms. Memory: 124928K Free: 54186K (43%)
ptolemy.util.test.WatchDog.cancel(): canceling Wed Oct 14 15:48:12 UTC 2020
auto.tcl: Setting watchdog for 200 seconds at Wed Oct 14 15:48:12 UTC 2020
2209 ms. Memory: 150528K Free: 66484K (44%)
ptolemy.util.test.WatchDog.cancel(): canceling Wed Oct 14 15:48:14 UTC 2020
------------------ testing $PTII/ptolemy/domains/de/test/auto/OpenQueuingNetwork.xml
auto.tcl: Setting watchdog for 200 seconds at Wed Oct 14 15:48:14 UTC 2020
246 ms. Memory: 55296K Free: 26095K (47%)
ptolemy.util.test.WatchDog.cancel(): canceling Wed Oct 14 15:48:14 UTC 2020
auto.tcl: Setting watchdog for 200 seconds at Wed Oct 14 15:48:14 UTC 2020
239 ms. Memory: 55296K Free: 36319K (66%)
ptolemy.util.test.WatchDog.cancel(): canceling Wed Oct 14 15:48:14 UTC 2020
------------------ testing $PTII/ptolemy/domains/de/test/auto/PeriodicSampler.xml
auto.tcl: Setting watchdog for 200 seconds at Wed Oct 14 15:48:14 UTC 2020
3 ms. Memory: 55296K Free: 35908K (65%)
ptolemy.util.test.WatchDog.cancel(): canceling Wed Oct 14 15:48:14 UTC 2020
auto.tcl: Setting watchdog for 200 seconds at Wed Oct 14 15:48:14 UTC 2020
1 ms. Memory: 55296K Free: 35388K (64%)
ptolemy.util.test.WatchDog.cancel(): canceling Wed Oct 14 15:48:14 UTC 2020
------------------ testing $PTII/ptolemy/domains/de/test/auto/PersistentIO.xml
auto.tcl: Setting watchdog for 200 seconds at Wed Oct 14 15:48:15 UTC 2020
5 ms. Memory: 51200K Free: 26738K (52%)
ptolemy.util.test.WatchDog.cancel(): canceling Wed Oct 14 15:48:15 UTC 2020
auto.tcl: Setting watchdog for 200 seconds at Wed Oct 14 15:48:15 UTC 2020
4 ms. Memory: 51200K Free: 25218K (49%)
ptolemy.util.test.WatchDog.cancel(): canceling Wed Oct 14 15:48:15 UTC 2020
------------------ testing $PTII/ptolemy/domains/de/test/auto/PortParameterResetOnInitialize.xml
auto.tcl: Setting watchdog for 200 seconds at Wed Oct 14 15:48:15 UTC 2020
3 ms. Memory: 51200K Free: 31705K (62%)
ptolemy.util.test.WatchDog.cancel(): canceling Wed Oct 14 15:48:15 UTC 2020
auto.tcl: Setting watchdog for 200 seconds at Wed Oct 14 15:48:15 UTC 2020
2 ms. Memory: 51200K Free: 31225K (61%)
ptolemy.util.test.WatchDog.cancel(): canceling Wed Oct 14 15:48:15 UTC 2020
------------------ testing $PTII/ptolemy/domains/de/test/auto/PortParameterUpdates.xml
auto.tcl: Setting watchdog for 200 seconds at Wed Oct 14 15:48:15 UTC 2020
4 ms. Memory: 51200K Free: 29819K (58%)
ptolemy.util.test.WatchDog.cancel(): canceling Wed Oct 14 15:48:15 UTC 2020
auto.tcl: Setting watchdog for 200 seconds at Wed Oct 14 15:48:15 UTC 2020
4 ms. Memory: 51200K Free: 28798K (56%)
ptolemy.util.test.WatchDog.cancel(): canceling Wed Oct 14 15:48:15 UTC 2020
------------------ testing $PTII/ptolemy/domains/de/test/auto/QueueAndServer.xml
auto.tcl: Setting watchdog for 200 seconds at Wed Oct 14 15:48:15 UTC 2020
6 ms. Memory: 51200K Free: 28698K (56%)
ptolemy.util.test.WatchDog.cancel(): canceling Wed Oct 14 15:48:15 UTC 2020
auto.tcl: Setting watchdog for 200 seconds at Wed Oct 14 15:48:15 UTC 2020
5 ms. Memory: 51200K Free: 27225K (53%)
ptolemy.util.test.WatchDog.cancel(): canceling Wed Oct 14 15:48:15 UTC 2020
------------------ testing $PTII/ptolemy/domains/de/test/auto/Records.xml
auto.tcl: Setting watchdog for 200 seconds at Wed Oct 14 15:48:15 UTC 2020
3 ms. Memory: 51200K Free: 30977K (61%)
ptolemy.util.test.WatchDog.cancel(): canceling Wed Oct 14 15:48:15 UTC 2020
auto.tcl: Setting watchdog for 200 seconds at Wed Oct 14 15:48:15 UTC 2020
2 ms. Memory: 51200K Free: 30472K (60%)
ptolemy.util.test.WatchDog.cancel(): canceling Wed Oct 14 15:48:15 UTC 2020
------------------ testing $PTII/ptolemy/domains/de/test/auto/ResetTransitionWithStartTime1.xml
auto.tcl: Setting watchdog for 200 seconds at Wed Oct 14 15:48:15 UTC 2020
9 ms. Memory: 51200K Free: 28221K (55%)
ptolemy.util.test.WatchDog.cancel(): canceling Wed Oct 14 15:48:15 UTC 2020
auto.tcl: Setting watchdog for 200 seconds at Wed Oct 14 15:48:15 UTC 2020
7 ms. Memory: 51200K Free: 26175K (51%)
ptolemy.util.test.WatchDog.cancel(): canceling Wed Oct 14 15:48:15 UTC 2020
------------------ testing $PTII/ptolemy/domains/de/test/auto/ResetTransitionWithStartTime2.xml
auto.tcl: Setting watchdog for 200 seconds at Wed Oct 14 15:48:15 UTC 2020
6 ms. Memory: 51200K Free: 28176K (55%)
ptolemy.util.test.WatchDog.cancel(): canceling Wed Oct 14 15:48:15 UTC 2020
auto.tcl: Setting watchdog for 200 seconds at Wed Oct 14 15:48:15 UTC 2020
7 ms. Memory: 51200K Free: 26147K (51%)
ptolemy.util.test.WatchDog.cancel(): canceling Wed Oct 14 15:48:15 UTC 2020
------------------ testing $PTII/ptolemy/domains/de/test/auto/ResetTransitionWithStartTime3.xml
auto.tcl: Setting watchdog for 200 seconds at Wed Oct 14 15:48:15 UTC 2020
10 ms. Memory: 51200K Free: 28176K (55%)
ptolemy.util.test.WatchDog.cancel(): canceling Wed Oct 14 15:48:15 UTC 2020
auto.tcl: Setting watchdog for 200 seconds at Wed Oct 14 15:48:15 UTC 2020
6 ms. Memory: 51200K Free: 26160K (51%)
ptolemy.util.test.WatchDog.cancel(): canceling Wed Oct 14 15:48:15 UTC 2020
------------------ testing $PTII/ptolemy/domains/de/test/auto/ResetTransitionWithStartTime4.xml
auto.tcl: Setting watchdog for 200 seconds at Wed Oct 14 15:48:15 UTC 2020
9 ms. Memory: 51200K Free: 28584K (56%)
ptolemy.util.test.WatchDog.cancel(): canceling Wed Oct 14 15:48:15 UTC 2020
auto.tcl: Setting watchdog for 200 seconds at Wed Oct 14 15:48:15 UTC 2020
8 ms. Memory: 51200K Free: 27166K (53%)
ptolemy.util.test.WatchDog.cancel(): canceling Wed Oct 14 15:48:15 UTC 2020
------------------ testing $PTII/ptolemy/domains/de/test/auto/ResettableTimer1.xml
auto.tcl: Setting watchdog for 200 seconds at Wed Oct 14 15:48:15 UTC 2020
2 ms. Memory: 51200K Free: 32445K (63%)
ptolemy.util.test.WatchDog.cancel(): canceling Wed Oct 14 15:48:15 UTC 2020
auto.tcl: Setting watchdog for 200 seconds at Wed Oct 14 15:48:15 UTC 2020
2 ms. Memory: 51200K Free: 31723K (62%)
ptolemy.util.test.WatchDog.cancel(): canceling Wed Oct 14 15:48:15 UTC 2020
------------------ testing $PTII/ptolemy/domains/de/test/auto/ResettableTimer2.xml
auto.tcl: Setting watchdog for 200 seconds at Wed Oct 14 15:48:15 UTC 2020
3 ms. Memory: 51200K Free: 32446K (63%)
ptolemy.util.test.WatchDog.cancel(): canceling Wed Oct 14 15:48:15 UTC 2020
auto.tcl: Setting watchdog for 200 seconds at Wed Oct 14 15:48:15 UTC 2020
3 ms. Memory: 51200K Free: 31812K (62%)
ptolemy.util.test.WatchDog.cancel(): canceling Wed Oct 14 15:48:15 UTC 2020
------------------ testing $PTII/ptolemy/domains/de/test/auto/ResettableTimer3.xml
auto.tcl: Setting watchdog for 200 seconds at Wed Oct 14 15:48:15 UTC 2020
1 ms. Memory: 51200K Free: 32308K (63%)
ptolemy.util.test.WatchDog.cancel(): canceling Wed Oct 14 15:48:15 UTC 2020
auto.tcl: Setting watchdog for 200 seconds at Wed Oct 14 15:48:15 UTC 2020
1 ms. Memory: 51200K Free: 32308K (63%)
ptolemy.util.test.WatchDog.cancel(): canceling Wed Oct 14 15:48:15 UTC 2020
------------------ testing $PTII/ptolemy/domains/de/test/auto/ResettableTimer4.xml
auto.tcl: Setting watchdog for 200 seconds at Wed Oct 14 15:48:16 UTC 2020
1 ms. Memory: 51200K Free: 32322K (63%)
ptolemy.util.test.WatchDog.cancel(): canceling Wed Oct 14 15:48:16 UTC 2020
auto.tcl: Setting watchdog for 200 seconds at Wed Oct 14 15:48:16 UTC 2020
2 ms. Memory: 51200K Free: 31824K (62%)
ptolemy.util.test.WatchDog.cancel(): canceling Wed Oct 14 15:48:16 UTC 2020
------------------ testing $PTII/ptolemy/domains/de/test/auto/ResettableTimer5.xml
auto.tcl: Setting watchdog for 200 seconds at Wed Oct 14 15:48:16 UTC 2020
3 ms. Memory: 51200K Free: 31791K (62%)
ptolemy.util.test.WatchDog.cancel(): canceling Wed Oct 14 15:48:16 UTC 2020
auto.tcl: Setting watchdog for 200 seconds at Wed Oct 14 15:48:16 UTC 2020
2 ms. Memory: 51200K Free: 31297K (61%)
ptolemy.util.test.WatchDog.cancel(): canceling Wed Oct 14 15:48:16 UTC 2020
------------------ testing $PTII/ptolemy/domains/de/test/auto/ResettableTimer6.xml
auto.tcl: Setting watchdog for 200 seconds at Wed Oct 14 15:48:16 UTC 2020
2 ms. Memory: 51200K Free: 31796K (62%)
ptolemy.util.test.WatchDog.cancel(): canceling Wed Oct 14 15:48:16 UTC 2020
auto.tcl: Setting watchdog for 200 seconds at Wed Oct 14 15:48:16 UTC 2020
2 ms. Memory: 51200K Free: 31293K (61%)
ptolemy.util.test.WatchDog.cancel(): canceling Wed Oct 14 15:48:16 UTC 2020
------------------ testing $PTII/ptolemy/domains/de/test/auto/ServerZeroDelay.xml
auto.tcl: Setting watchdog for 200 seconds at Wed Oct 14 15:48:16 UTC 2020
4 ms. Memory: 51200K Free: 32302K (63%)
ptolemy.util.test.WatchDog.cancel(): canceling Wed Oct 14 15:48:16 UTC 2020
auto.tcl: Setting watchdog for 200 seconds at Wed Oct 14 15:48:16 UTC 2020
3 ms. Memory: 51200K Free: 31278K (61%)
ptolemy.util.test.WatchDog.cancel(): canceling Wed Oct 14 15:48:16 UTC 2020
------------------ testing $PTII/ptolemy/domains/de/test/auto/SmartSender.xml
auto.tcl: Setting watchdog for 200 seconds at Wed Oct 14 15:48:16 UTC 2020
3002 ms. Memory: 51200K Free: 32296K (63%)
ptolemy.util.test.WatchDog.cancel(): canceling Wed Oct 14 15:48:19 UTC 2020
auto.tcl: Setting watchdog for 200 seconds at Wed Oct 14 15:48:19 UTC 2020
3003 ms. Memory: 51200K Free: 31777K (62%)
ptolemy.util.test.WatchDog.cancel(): canceling Wed Oct 14 15:48:22 UTC 2020
------------------ testing $PTII/ptolemy/domains/de/test/auto/ThreadedComposite.xml
auto.tcl: Setting watchdog for 200 seconds at Wed Oct 14 15:48:22 UTC 2020
222 ms. Memory: 51200K Free: 12340K (24%)
ptolemy.util.test.WatchDog.cancel(): canceling Wed Oct 14 15:48:22 UTC 2020
auto.tcl: Setting watchdog for 200 seconds at Wed Oct 14 15:48:22 UTC 2020
150 ms. Memory: 51200K Free: 28229K (55%)
ptolemy.util.test.WatchDog.cancel(): canceling Wed Oct 14 15:48:22 UTC 2020
------------------ testing $PTII/ptolemy/domains/de/test/auto/Time.xml
auto.tcl: Setting watchdog for 200 seconds at Wed Oct 14 15:48:22 UTC 2020
459 ms. Memory: 51200K Free: 10994K (21%)
ptolemy.util.test.WatchDog.cancel(): canceling Wed Oct 14 15:48:23 UTC 2020
auto.tcl: Setting watchdog for 200 seconds at Wed Oct 14 15:48:23 UTC 2020
422 ms. Memory: 51200K Free: 18895K (37%)
ptolemy.util.test.WatchDog.cancel(): canceling Wed Oct 14 15:48:23 UTC 2020
------------------ testing $PTII/ptolemy/domains/de/test/auto/TimeDelayZeroDelay.xml
auto.tcl: Setting watchdog for 200 seconds at Wed Oct 14 15:48:23 UTC 2020
2 ms. Memory: 51200K Free: 32226K (63%)
ptolemy.util.test.WatchDog.cancel(): canceling Wed Oct 14 15:48:23 UTC 2020
auto.tcl: Setting watchdog for 200 seconds at Wed Oct 14 15:48:23 UTC 2020
2 ms. Memory: 51200K Free: 31356K (61%)
ptolemy.util.test.WatchDog.cancel(): canceling Wed Oct 14 15:48:23 UTC 2020
------------------ testing $PTII/ptolemy/domains/de/test/auto/TimerZeroDelay.xml
auto.tcl: Setting watchdog for 200 seconds at Wed Oct 14 15:48:23 UTC 2020
4 ms. Memory: 51200K Free: 32656K (64%)
ptolemy.util.test.WatchDog.cancel(): canceling Wed Oct 14 15:48:23 UTC 2020
auto.tcl: Setting watchdog for 200 seconds at Wed Oct 14 15:48:23 UTC 2020
2 ms. Memory: 51200K Free: 31848K (62%)
ptolemy.util.test.WatchDog.cancel(): canceling Wed Oct 14 15:48:23 UTC 2020
------------------ testing $PTII/ptolemy/domains/de/test/auto/TimingParadox.xml
auto.tcl: Setting watchdog for 200 seconds at Wed Oct 14 15:48:23 UTC 2020
330 ms. Memory: 66560K Free: 45425K (68%)
ptolemy.util.test.WatchDog.cancel(): canceling Wed Oct 14 15:48:24 UTC 2020
auto.tcl: Setting watchdog for 200 seconds at Wed Oct 14 15:48:24 UTC 2020
288 ms. Memory: 66560K Free: 46416K (70%)
ptolemy.util.test.WatchDog.cancel(): canceling Wed Oct 14 15:48:24 UTC 2020
------------------ testing $PTII/ptolemy/domains/de/test/auto/TransferInputs.xml
auto.tcl: Setting watchdog for 200 seconds at Wed Oct 14 15:48:24 UTC 2020
4 ms. Memory: 58368K Free: 37905K (65%)
ptolemy.util.test.WatchDog.cancel(): canceling Wed Oct 14 15:48:24 UTC 2020
auto.tcl: Setting watchdog for 200 seconds at Wed Oct 14 15:48:24 UTC 2020
6 ms. Memory: 58368K Free: 36974K (63%)
ptolemy.util.test.WatchDog.cancel(): canceling Wed Oct 14 15:48:24 UTC 2020
------------------ testing $PTII/ptolemy/domains/de/test/auto/TransferOutputs2.xml
auto.tcl: Setting watchdog for 200 seconds at Wed Oct 14 15:48:24 UTC 2020
2 ms. Memory: 51200K Free: 28180K (55%)
ptolemy.util.test.WatchDog.cancel(): canceling Wed Oct 14 15:48:24 UTC 2020
auto.tcl: Setting watchdog for 200 seconds at Wed Oct 14 15:48:24 UTC 2020
3 ms. Memory: 51200K Free: 26762K (52%)
ptolemy.util.test.WatchDog.cancel(): canceling Wed Oct 14 15:48:24 UTC 2020
------------------ testing $PTII/ptolemy/domains/de/test/auto/Trilateration.xml
auto.tcl: Setting watchdog for 200 seconds at Wed Oct 14 15:48:24 UTC 2020
13104 ms. Memory: 482304K Free: 400193K (83%)
ptolemy.util.test.WatchDog.cancel(): canceling Wed Oct 14 15:48:39 UTC 2020
auto.tcl: Setting watchdog for 200 seconds at Wed Oct 14 15:48:39 UTC 2020
9689 ms. Memory: 482304K Free: 330982K (69%)
ptolemy.util.test.WatchDog.cancel(): canceling Wed Oct 14 15:48:48 UTC 2020
------------------ testing $PTII/ptolemy/domains/de/test/auto/TwoSigmaDelta.xml
auto.tcl: Setting watchdog for 200 seconds at Wed Oct 14 15:48:48 UTC 2020
2388 ms. Memory: 89088K Free: 13042K (15%)
ptolemy.util.test.WatchDog.cancel(): canceling Wed Oct 14 15:48:51 UTC 2020
auto.tcl: Setting watchdog for 200 seconds at Wed Oct 14 15:48:51 UTC 2020
1985 ms. Memory: 89088K Free: 52441K (59%)
ptolemy.util.test.WatchDog.cancel(): canceling Wed Oct 14 15:48:53 UTC 2020
------------------ testing $PTII/ptolemy/domains/de/test/auto/VariableDelay.xml
auto.tcl: Setting watchdog for 200 seconds at Wed Oct 14 15:48:53 UTC 2020
3 ms. Memory: 55296K Free: 35312K (64%)
ptolemy.util.test.WatchDog.cancel(): canceling Wed Oct 14 15:48:53 UTC 2020
auto.tcl: Setting watchdog for 200 seconds at Wed Oct 14 15:48:53 UTC 2020
2 ms. Memory: 55296K Free: 34318K (62%)
ptolemy.util.test.WatchDog.cancel(): canceling Wed Oct 14 15:48:53 UTC 2020
------------------ testing $PTII/ptolemy/domains/de/test/auto/VariableDelay2.xml
auto.tcl: Setting watchdog for 200 seconds at Wed Oct 14 15:48:53 UTC 2020
6 ms. Memory: 55296K Free: 35727K (65%)
ptolemy.util.test.WatchDog.cancel(): canceling Wed Oct 14 15:48:53 UTC 2020
auto.tcl: Setting watchdog for 200 seconds at Wed Oct 14 15:48:53 UTC 2020
3 ms. Memory: 55296K Free: 35231K (64%)
ptolemy.util.test.WatchDog.cancel(): canceling Wed Oct 14 15:48:53 UTC 2020
------------------ testing $PTII/ptolemy/domains/de/test/auto/VariableDelayZeroDelay.xml
auto.tcl: Setting watchdog for 200 seconds at Wed Oct 14 15:48:53 UTC 2020
3 ms. Memory: 55296K Free: 36254K (66%)
ptolemy.util.test.WatchDog.cancel(): canceling Wed Oct 14 15:48:53 UTC 2020
auto.tcl: Setting watchdog for 200 seconds at Wed Oct 14 15:48:53 UTC 2020
2 ms. Memory: 55296K Free: 35710K (65%)
ptolemy.util.test.WatchDog.cancel(): canceling Wed Oct 14 15:48:53 UTC 2020
------------------ testing $PTII/ptolemy/domains/de/test/auto/VariableDelayZeroDelay2.xml
auto.tcl: Setting watchdog for 200 seconds at Wed Oct 14 15:48:53 UTC 2020
1 ms. Memory: 55296K Free: 36253K (66%)
ptolemy.util.test.WatchDog.cancel(): canceling Wed Oct 14 15:48:53 UTC 2020
auto.tcl: Setting watchdog for 200 seconds at Wed Oct 14 15:48:53 UTC 2020
2 ms. Memory: 55296K Free: 35229K (64%)
ptolemy.util.test.WatchDog.cancel(): canceling Wed Oct 14 15:48:53 UTC 2020
------------------ testing $PTII/ptolemy/domains/de/test/auto/deInCt.xml
auto.tcl: Setting watchdog for 200 seconds at Wed Oct 14 15:48:53 UTC 2020
0
1
1
1
1
0
0
0
1
1
1
1
0
0
0
0
0
1
1
1
1
0
0
0
1
1
1
0
0
0
1
1
1
1
0
0
1
1
0
0
0
10 ms. Memory: 55296K Free: 35226K (64%)
ptolemy.util.test.WatchDog.cancel(): canceling Wed Oct 14 15:48:53 UTC 2020
auto.tcl: Setting watchdog for 200 seconds at Wed Oct 14 15:48:53 UTC 2020
0
1
1
1
0
0
0
1
1
1
0
0
0
1
1
1
1
0
0
0
1
1
0
0
0
1
1
1
1
0
0
0
1
1
1
1
0
0
0
1
1
1
1
0
0
0
0
1
1
1
1
8 ms. Memory: 55296K Free: 33688K (61%)
ptolemy.util.test.WatchDog.cancel(): canceling Wed Oct 14 15:48:53 UTC 2020
------------------ testing $PTII/ptolemy/domains/de/test/auto/deInCt2.xml
auto.tcl: Setting watchdog for 200 seconds at Wed Oct 14 15:48:53 UTC 2020
0
1
1
1
0
0
1
1
1
0
0
1
1
1
0
0
1
1
1
0
0
1
1
1
0
0
1
1
1
0
0
1
1
1
0
0
1
1
1
0
0
0
7 ms. Memory: 51200K Free: 31133K (61%)
ptolemy.util.test.WatchDog.cancel(): canceling Wed Oct 14 15:48:53 UTC 2020
auto.tcl: Setting watchdog for 200 seconds at Wed Oct 14 15:48:53 UTC 2020
0
1
1
1
0
0
1
1
1
0
0
1
1
1
0
0
1
1
1
0
0
1
1
1
0
0
1
1
1
0
0
1
1
1
0
0
1
1
1
0
0
0
8 ms. Memory: 51200K Free: 29580K (58%)
ptolemy.util.test.WatchDog.cancel(): canceling Wed Oct 14 15:48:53 UTC 2020
------------------ testing $PTII/ptolemy/domains/de/test/auto/dynamicCausalityInterface1.xml
auto.tcl: Setting watchdog for 200 seconds at Wed Oct 14 15:48:53 UTC 2020
2 ms. Memory: 51200K Free: 27031K (53%)
ptolemy.util.test.WatchDog.cancel(): canceling Wed Oct 14 15:48:53 UTC 2020
auto.tcl: Setting watchdog for 200 seconds at Wed Oct 14 15:48:53 UTC 2020
1 ms. Memory: 51200K Free: 26534K (52%)
ptolemy.util.test.WatchDog.cancel(): canceling Wed Oct 14 15:48:53 UTC 2020
------------------ testing $PTII/ptolemy/domains/de/test/auto/fsm_de_test.xml
auto.tcl: Setting watchdog for 200 seconds at Wed Oct 14 15:48:53 UTC 2020
8 ms. Memory: 51200K Free: 26929K (53%)
ptolemy.util.test.WatchDog.cancel(): canceling Wed Oct 14 15:48:54 UTC 2020
auto.tcl: Setting watchdog for 200 seconds at Wed Oct 14 15:48:54 UTC 2020
6 ms. Memory: 51200K Free: 24881K (49%)
ptolemy.util.test.WatchDog.cancel(): canceling Wed Oct 14 15:48:54 UTC 2020
------------------ testing $PTII/ptolemy/domains/de/test/auto/functionDependencyReconstruction.xml
auto.tcl: Setting watchdog for 200 seconds at Wed Oct 14 15:48:54 UTC 2020
4 ms. Memory: 51200K Free: 20775K (41%)
ptolemy.util.test.WatchDog.cancel(): canceling Wed Oct 14 15:48:54 UTC 2020
auto.tcl: Setting watchdog for 200 seconds at Wed Oct 14 15:48:54 UTC 2020
3 ms. Memory: 51200K Free: 18727K (37%)
ptolemy.util.test.WatchDog.cancel(): canceling Wed Oct 14 15:48:54 UTC 2020
------------------ testing $PTII/ptolemy/domains/de/test/auto/multirate.xml
auto.tcl: Setting watchdog for 200 seconds at Wed Oct 14 15:48:54 UTC 2020
6 ms. Memory: 51200K Free: 29570K (58%)
ptolemy.util.test.WatchDog.cancel(): canceling Wed Oct 14 15:48:54 UTC 2020
auto.tcl: Setting watchdog for 200 seconds at Wed Oct 14 15:48:54 UTC 2020
3 ms. Memory: 51200K Free: 27849K (54%)
ptolemy.util.test.WatchDog.cancel(): canceling Wed Oct 14 15:48:54 UTC 2020
------------------ testing $PTII/ptolemy/domains/de/test/auto/multirate2.xml
auto.tcl: Setting watchdog for 200 seconds at Wed Oct 14 15:48:54 UTC 2020
3 ms. Memory: 51200K Free: 29751K (58%)
ptolemy.util.test.WatchDog.cancel(): canceling Wed Oct 14 15:48:54 UTC 2020
auto.tcl: Setting watchdog for 200 seconds at Wed Oct 14 15:48:54 UTC 2020
3 ms. Memory: 51200K Free: 28029K (55%)
ptolemy.util.test.WatchDog.cancel(): canceling Wed Oct 14 15:48:54 UTC 2020
------------------ testing $PTII/ptolemy/domains/de/test/auto/realtime.xml
auto.tcl: Setting watchdog for 200 seconds at Wed Oct 14 15:48:54 UTC 2020
10002 ms. Memory: 51200K Free: 31790K (62%)
ptolemy.util.test.WatchDog.cancel(): canceling Wed Oct 14 15:49:04 UTC 2020
auto.tcl: Setting watchdog for 200 seconds at Wed Oct 14 15:49:04 UTC 2020
10002 ms. Memory: 51200K Free: 31077K (61%)
ptolemy.util.test.WatchDog.cancel(): canceling Wed Oct 14 15:49:14 UTC 2020
------------------ testing $PTII/ptolemy/domains/de/test/auto/relationGroup.xml
auto.tcl: Setting watchdog for 200 seconds at Wed Oct 14 15:49:14 UTC 2020
2 ms. Memory: 51200K Free: 32869K (64%)
ptolemy.util.test.WatchDog.cancel(): canceling Wed Oct 14 15:49:14 UTC 2020
auto.tcl: Setting watchdog for 200 seconds at Wed Oct 14 15:49:14 UTC 2020
2 ms. Memory: 51200K Free: 32156K (63%)
ptolemy.util.test.WatchDog.cancel(): canceling Wed Oct 14 15:49:14 UTC 2020
------------------ testing $PTII/ptolemy/domains/de/test/auto/relationGroup2.xml
auto.tcl: Setting watchdog for 200 seconds at Wed Oct 14 15:49:14 UTC 2020
1 ms. Memory: 51200K Free: 32915K (64%)
ptolemy.util.test.WatchDog.cancel(): canceling Wed Oct 14 15:49:14 UTC 2020
auto.tcl: Setting watchdog for 200 seconds at Wed Oct 14 15:49:14 UTC 2020
3 ms. Memory: 51200K Free: 32415K (63%)
ptolemy.util.test.WatchDog.cancel(): canceling Wed Oct 14 15:49:14 UTC 2020
------------------ testing $PTII/ptolemy/domains/de/test/auto/sortWithOpaquePorts.xml
auto.tcl: Setting watchdog for 200 seconds at Wed Oct 14 15:49:14 UTC 2020
2 ms. Memory: 51200K Free: 31661K (62%)
ptolemy.util.test.WatchDog.cancel(): canceling Wed Oct 14 15:49:14 UTC 2020
auto.tcl: Setting watchdog for 200 seconds at Wed Oct 14 15:49:14 UTC 2020
3 ms. Memory: 51200K Free: 30633K (60%)
ptolemy.util.test.WatchDog.cancel(): canceling Wed Oct 14 15:49:14 UTC 2020
------------------ testing $PTII/ptolemy/domains/de/test/auto/transferInputsandOutputs.xml
auto.tcl: Setting watchdog for 200 seconds at Wed Oct 14 15:49:14 UTC 2020
4 ms. Memory: 51200K Free: 29097K (57%)
ptolemy.util.test.WatchDog.cancel(): canceling Wed Oct 14 15:49:14 UTC 2020
auto.tcl: Setting watchdog for 200 seconds at Wed Oct 14 15:49:14 UTC 2020
4 ms. Memory: 51200K Free: 28073K (55%)
ptolemy.util.test.WatchDog.cancel(): canceling Wed Oct 14 15:49:14 UTC 2020
------------------ testing $PTII/ptolemy/domains/de/test/auto/triggerType.xml
auto.tcl: Setting watchdog for 200 seconds at Wed Oct 14 15:49:14 UTC 2020
2 ms. Memory: 51200K Free: 32122K (63%)
ptolemy.util.test.WatchDog.cancel(): canceling Wed Oct 14 15:49:14 UTC 2020
auto.tcl: Setting watchdog for 200 seconds at Wed Oct 14 15:49:14 UTC 2020
2 ms. Memory: 51200K Free: 31098K (61%)
ptolemy.util.test.WatchDog.cancel(): canceling Wed Oct 14 15:49:14 UTC 2020
10/14/20 03:49:14
Failed: 0  Total Tests: 192  ((Passed: 187, Newly Passed: 1)  Known Failed: 5) /home/travis/build/icyphy/ptII/ptolemy/domains/de/test
10/14/20 03:49:14
Failed: 0  Total Tests: 192  ((Passed: 187, Newly Passed: 1)  Known Failed: 5) /home/travis/build/icyphy/ptII/ptolemy/domains/de/test
----------------- testing (KnownFailure) /home/travis/build/icyphy/ptII/ptolemy/domains/de/test/auto/knownFailedTests/DESDFClockTest.xml
2012 ms. Memory: 51200K Free: 25007K (49%)
Known Failure: java.lang.reflect.InvocationTargetException
----------------- testing (KnownFailure) /home/travis/build/icyphy/ptII/ptolemy/domains/de/test/auto/knownFailedTests/DirectFeedback.xml
3 ms. Memory: 51200K Free: 21421K (42%)
Known Failure: java.lang.reflect.InvocationTargetException
----------------- testing (KnownFailure) /home/travis/build/icyphy/ptII/ptolemy/domains/de/test/auto/knownFailedTests/FSMSource.xml
9 ms. Memory: 51200K Free: 13215K (26%)
----------------- testing (KnownFailure) /home/travis/build/icyphy/ptII/ptolemy/domains/de/test/auto/knownFailedTests/HierarchicalModel.xml
4 ms. Memory: 51200K Free: 25569K (50%)
Known Failure: java.lang.reflect.InvocationTargetException
----------------- testing (KnownFailure) /home/travis/build/icyphy/ptII/ptolemy/domains/de/test/auto/knownFailedTests/dependencyLoop.xml
2 ms. Memory: 51200K Free: 10552K (21%)
Known Failure: java.lang.reflect.InvocationTargetException
----------------- testing (KnownFailure) /home/travis/build/icyphy/ptII/ptolemy/domains/de/test/auto/knownFailedTests/dependencyLoop2.xml
10 ms. Memory: 51200K Free: 23206K (45%)
Known Failure: java.lang.reflect.InvocationTargetException
No auto/linux-amd64/*.xml tests in /home/travis/build/icyphy/ptII/ptolemy/domains/de/test
AutoTests.java: About to close Vertx.
AutoTests.java: Vertx closed.

===========================================================================================
----------------- testing Wed Oct 14 15:49:17 UTC 2020 /home/travis/build/icyphy/ptII/ptolemy/domains/de/test/auto/ActorDepthCalculation_actorWithoutPorts.xml
----------------- Instantiating /home/travis/build/icyphy/ptII/ptolemy/domains/de/test/auto/ActorDepthCalculation_actorWithoutPorts.xml
2 ms. Memory: 51200K Free: 16469K (32%)
----------------- Invoking toplevel() on ptolemy.moml.MoMLSimpleApplication@564fb8f0
----------------- Done invoking toplevel() on ptolemy.moml.MoMLSimpleApplication@564fb8f0
reloadAllAccessors: .ActorDepthCalculation_actorWithoutPorts

===========================================================================================
----------------- testing Wed Oct 14 15:49:17 UTC 2020 /home/travis/build/icyphy/ptII/ptolemy/domains/de/test/auto/AssemblyLine.xml
----------------- Instantiating /home/travis/build/icyphy/ptII/ptolemy/domains/de/test/auto/AssemblyLine.xml
5 ms. Memory: 51200K Free: 9578K (19%)
----------------- Invoking toplevel() on ptolemy.moml.MoMLSimpleApplication@b8e2095
----------------- Done invoking toplevel() on ptolemy.moml.MoMLSimpleApplication@b8e2095
reloadAllAccessors: .AssemblyLine

===========================================================================================
----------------- testing Wed Oct 14 15:49:17 UTC 2020 /home/travis/build/icyphy/ptII/ptolemy/domains/de/test/auto/CQBug1.xml
----------------- Instantiating /home/travis/build/icyphy/ptII/ptolemy/domains/de/test/auto/CQBug1.xml
1 ms. Memory: 51200K Free: 34315K (67%)
----------------- Invoking toplevel() on ptolemy.moml.MoMLSimpleApplication@799fd957
----------------- Done invoking toplevel() on ptolemy.moml.MoMLSimpleApplication@799fd957
reloadAllAccessors: .CQBug1

===========================================================================================
----------------- testing Wed Oct 14 15:49:17 UTC 2020 /home/travis/build/icyphy/ptII/ptolemy/domains/de/test/auto/CancelFireAt.xml
----------------- Instantiating /home/travis/build/icyphy/ptII/ptolemy/domains/de/test/auto/CancelFireAt.xml
12 ms. Memory: 51200K Free: 31828K (62%)
----------------- Invoking toplevel() on ptolemy.moml.MoMLSimpleApplication@3a5e730
----------------- Done invoking toplevel() on ptolemy.moml.MoMLSimpleApplication@3a5e730
reloadAllAccessors: .CancelFireAt

===========================================================================================
----------------- testing Wed Oct 14 15:49:17 UTC 2020 /home/travis/build/icyphy/ptII/ptolemy/domains/de/test/auto/CausalityAndComposabilityAnalysis.xml
----------------- Instantiating /home/travis/build/icyphy/ptII/ptolemy/domains/de/test/auto/CausalityAndComposabilityAnalysis.xml
2 ms. Memory: 51200K Free: 27454K (54%)
----------------- Invoking toplevel() on ptolemy.moml.MoMLSimpleApplication@67ff90cd
----------------- Done invoking toplevel() on ptolemy.moml.MoMLSimpleApplication@67ff90cd
reloadAllAccessors: .CausalityAndComposabilityAnalysis

===========================================================================================
----------------- testing Wed Oct 14 15:49:17 UTC 2020 /home/travis/build/icyphy/ptII/ptolemy/domains/de/test/auto/CausalityInterface1.xml
----------------- Instantiating /home/travis/build/icyphy/ptII/ptolemy/domains/de/test/auto/CausalityInterface1.xml
6 ms. Memory: 51200K Free: 22612K (44%)
----------------- Invoking toplevel() on ptolemy.moml.MoMLSimpleApplication@13588433
----------------- Done invoking toplevel() on ptolemy.moml.MoMLSimpleApplication@13588433
reloadAllAccessors: .CausalityInterface1

===========================================================================================
----------------- testing Wed Oct 14 15:49:17 UTC 2020 /home/travis/build/icyphy/ptII/ptolemy/domains/de/test/auto/CausalityInterface15.xml
----------------- Instantiating /home/travis/build/icyphy/ptII/ptolemy/domains/de/test/auto/CausalityInterface15.xml
2 ms. Memory: 51200K Free: 17200K (34%)
----------------- Invoking toplevel() on ptolemy.moml.MoMLSimpleApplication@7d70ab23
----------------- Done invoking toplevel() on ptolemy.moml.MoMLSimpleApplication@7d70ab23
reloadAllAccessors: .CausalityInterface15

===========================================================================================
----------------- testing Wed Oct 14 15:49:17 UTC 2020 /home/travis/build/icyphy/ptII/ptolemy/domains/de/test/auto/CausalityInterface2.xml
----------------- Instantiating /home/travis/build/icyphy/ptII/ptolemy/domains/de/test/auto/CausalityInterface2.xml
2 ms. Memory: 51200K Free: 12747K (25%)
[...]
	at ptolemy.actor.Manager.run(Manager.java:1263)
	at ptolemy.actor.Manager$PtolemyRunThread.run(Manager.java:1933)
java.lang.RuntimeException: Execution failed
	at ptolemy.moml.MoMLSimpleApplication$UnloadThread.run(MoMLSimpleApplication.java:402)
Caused by: ptolemy.kernel.util.IllegalActionException: Actor is not ready to fire.  Perhaps UpSample.prefire() returned false? Try debugging the actor by selecting "Listen to Actor".  Also, for SDF check moml for tokenConsumptionRate on input.
  in .DESDFClockTest.Play Bell.Copy1:SDF Director and .DESDFClockTest.Play Bell.UpSample
	at ptolemy.actor.sched.StaticSchedulingDirector.fire(StaticSchedulingDirector.java:227)
	at ptolemy.domains.sdf.kernel.SDFDirector.fire(SDFDirector.java:500)
	at ptolemy.actor.CompositeActor.fire(CompositeActor.java:455)
	at ptolemy.domains.de.kernel.DEDirector._fire(DEDirector.java:1949)
	at ptolemy.domains.de.kernel.DEDirector.fire(DEDirector.java:502)
	at ptolemy.actor.CompositeActor.fire(CompositeActor.java:455)
	at ptolemy.actor.Manager.iterate(Manager.java:851)
	at ptolemy.actor.Manager.execute(Manager.java:369)
	at ptolemy.actor.Manager.run(Manager.java:1263)
	at ptolemy.actor.Manager$PtolemyRunThread.run(Manager.java:1933)
java.lang.reflect.InvocationTargetException
	at java.base/jdk.internal.reflect.NativeConstructorAccessorImpl.newInstance0(Native Method)
	at java.base/jdk.internal.reflect.NativeConstructorAccessorImpl.newInstance(NativeConstructorAccessorImpl.java:62)
	at java.base/jdk.internal.reflect.DelegatingConstructorAccessorImpl.newInstance(DelegatingConstructorAccessorImpl.java:45)
	at java.base/java.lang.reflect.Constructor.newInstance(Constructor.java:490)
	at ptolemy.util.test.junit.AutoKnownFailedTests.RunModel(AutoKnownFailedTests.java:105)
	at java.base/jdk.internal.reflect.NativeMethodAccessorImpl.invoke0(Native Method)
	at java.base/jdk.internal.reflect.NativeMethodAccessorImpl.invoke(NativeMethodAccessorImpl.java:62)
	at java.base/jdk.internal.reflect.DelegatingMethodAccessorImpl.invoke(DelegatingMethodAccessorImpl.java:43)
	at java.base/java.lang.reflect.Method.invoke(Method.java:566)
	at org.junit.runners.model.FrameworkMethod$1.runReflectiveCall(FrameworkMethod.java:44)
	at org.junit.internal.runners.model.ReflectiveCallable.run(ReflectiveCallable.java:15)
	at org.junit.runners.model.FrameworkMethod.invokeExplosively(FrameworkMethod.java:41)
	at junitparams.internal.InvokeParameterisedMethod.evaluate(InvokeParameterisedMethod.java:102)
	at org.junit.internal.runners.statements.FailOnTimeout$1.run(FailOnTimeout.java:28)
Caused by: ptolemy.kernel.util.IllegalActionException: Actor is not ready to fire.  Perhaps UpSample.prefire() returned false? Try debugging the actor by selecting "Listen to Actor".  Also, for SDF check moml for tokenConsumptionRate on input.
  in .DESDFClockTest.Play Bell.Copy1:SDF Director and .DESDFClockTest.Play Bell.UpSample
	at ptolemy.actor.sched.StaticSchedulingDirector.fire(StaticSchedulingDirector.java:227)
	at ptolemy.domains.sdf.kernel.SDFDirector.fire(SDFDirector.java:500)
	at ptolemy.actor.CompositeActor.fire(CompositeActor.java:455)
	at ptolemy.domains.de.kernel.DEDirector._fire(DEDirector.java:1949)
	at ptolemy.domains.de.kernel.DEDirector.fire(DEDirector.java:502)
	at ptolemy.actor.CompositeActor.fire(CompositeActor.java:455)
	at ptolemy.actor.Manager.iterate(Manager.java:851)
	at ptolemy.actor.Manager.execute(Manager.java:369)
	at ptolemy.actor.Manager.run(Manager.java:1263)
	at ptolemy.actor.Manager$PtolemyRunThread.run(Manager.java:1933)
java.lang.RuntimeException: Execution failed
	at ptolemy.moml.MoMLSimpleApplication$UnloadThread.run(MoMLSimpleApplication.java:402)
Caused by: ptolemy.kernel.util.IllegalActionException: Test fails in iteration 1.
Value was: 1.0. Should have been: 2.0
  in .DirectFeedback.Test
	at ptolemy.actor.lib.Test.fire(Test.java:268)
	at ptolemy.domains.de.kernel.DEDirector._fire(DEDirector.java:1949)
	at ptolemy.domains.de.kernel.DEDirector.fire(DEDirector.java:502)
	at ptolemy.actor.CompositeActor.fire(CompositeActor.java:455)
	at ptolemy.actor.Manager.iterate(Manager.java:851)
	at ptolemy.actor.Manager.execute(Manager.java:369)
	at ptolemy.actor.Manager.run(Manager.java:1263)
	at ptolemy.actor.Manager$PtolemyRunThread.run(Manager.java:1933)
java.lang.reflect.InvocationTargetException
	at java.base/jdk.internal.reflect.NativeConstructorAccessorImpl.newInstance0(Native Method)
	at java.base/jdk.internal.reflect.NativeConstructorAccessorImpl.newInstance(NativeConstructorAccessorImpl.java:62)
	at java.base/jdk.internal.reflect.DelegatingConstructorAccessorImpl.newInstance(DelegatingConstructorAccessorImpl.java:45)
	at java.base/java.lang.reflect.Constructor.newInstance(Constructor.java:490)
	at ptolemy.util.test.junit.AutoKnownFailedTests.RunModel(AutoKnownFailedTests.java:105)
	at java.base/jdk.internal.reflect.NativeMethodAccessorImpl.invoke0(Native Method)
	at java.base/jdk.internal.reflect.NativeMethodAccessorImpl.invoke(NativeMethodAccessorImpl.java:62)
	at java.base/jdk.internal.reflect.DelegatingMethodAccessorImpl.invoke(DelegatingMethodAccessorImpl.java:43)
	at java.base/java.lang.reflect.Method.invoke(Method.java:566)
	at org.junit.runners.model.FrameworkMethod$1.runReflectiveCall(FrameworkMethod.java:44)
	at org.junit.internal.runners.model.ReflectiveCallable.run(ReflectiveCallable.java:15)
	at org.junit.runners.model.FrameworkMethod.invokeExplosively(FrameworkMethod.java:41)
	at junitparams.internal.InvokeParameterisedMethod.evaluate(InvokeParameterisedMethod.java:102)
	at org.junit.internal.runners.statements.FailOnTimeout$1.run(FailOnTimeout.java:28)
Caused by: ptolemy.kernel.util.IllegalActionException: Test fails in iteration 1.
Value was: 1.0. Should have been: 2.0
  in .DirectFeedback.Test
	at ptolemy.actor.lib.Test.fire(Test.java:268)
	at ptolemy.domains.de.kernel.DEDirector._fire(DEDirector.java:1949)
	at ptolemy.domains.de.kernel.DEDirector.fire(DEDirector.java:502)
	at ptolemy.actor.CompositeActor.fire(CompositeActor.java:455)
	at ptolemy.actor.Manager.iterate(Manager.java:851)
	at ptolemy.actor.Manager.execute(Manager.java:369)
	at ptolemy.actor.Manager.run(Manager.java:1263)
	at ptolemy.actor.Manager$PtolemyRunThread.run(Manager.java:1933)
java.lang.RuntimeException: Execution failed
	at ptolemy.moml.MoMLSimpleApplication$UnloadThread.run(MoMLSimpleApplication.java:402)
Caused by: ptolemy.kernel.util.IllegalActionException: Found a zero delay loop containing .HierarchicalModel.A
  in .HierarchicalModel and .HierarchicalModel.A
	at ptolemy.actor.util.CausalityInterfaceForComposites._computeOutputPortDepth(CausalityInterfaceForComposites.java:759)
	at ptolemy.actor.util.CausalityInterfaceForComposites._computeInputDepth(CausalityInterfaceForComposites.java:696)
	at ptolemy.actor.util.CausalityInterfaceForComposites._computeOutputPortDepth(CausalityInterfaceForComposites.java:765)
	at ptolemy.actor.util.CausalityInterfaceForComposites._computeInputDepth(CausalityInterfaceForComposites.java:696)
	at ptolemy.actor.util.CausalityInterfaceForComposites._computeOutputPortDepth(CausalityInterfaceForComposites.java:765)
	at ptolemy.actor.util.CausalityInterfaceForComposites._computeInputDepth(CausalityInterfaceForComposites.java:696)
	at ptolemy.actor.util.CausalityInterfaceForComposites._computeActorDepth(CausalityInterfaceForComposites.java:532)
	at ptolemy.actor.util.CausalityInterfaceForComposites.checkForCycles(CausalityInterfaceForComposites.java:96)
	at ptolemy.domains.de.kernel.DEDirector.preinitialize(DEDirector.java:1338)
	at ptolemy.actor.CompositeActor.preinitialize(CompositeActor.java:1828)
	at ptolemy.actor.Manager.preinitializeAndResolveTypes(Manager.java:1040)
	at ptolemy.actor.Manager.initialize(Manager.java:710)
	at ptolemy.actor.Manager.execute(Manager.java:356)
	at ptolemy.actor.Manager.run(Manager.java:1263)
	at ptolemy.actor.Manager$PtolemyRunThread.run(Manager.java:1933)
java.lang.reflect.InvocationTargetException
	at java.base/jdk.internal.reflect.NativeConstructorAccessorImpl.newInstance0(Native Method)
	at java.base/jdk.internal.reflect.NativeConstructorAccessorImpl.newInstance(NativeConstructorAccessorImpl.java:62)
	at java.base/jdk.internal.reflect.DelegatingConstructorAccessorImpl.newInstance(DelegatingConstructorAccessorImpl.java:45)
	at java.base/java.lang.reflect.Constructor.newInstance(Constructor.java:490)
	at ptolemy.util.test.junit.AutoKnownFailedTests.RunModel(AutoKnownFailedTests.java:105)
	at java.base/jdk.internal.reflect.NativeMethodAccessorImpl.invoke0(Native Method)
	at java.base/jdk.internal.reflect.NativeMethodAccessorImpl.invoke(NativeMethodAccessorImpl.java:62)
	at java.base/jdk.internal.reflect.DelegatingMethodAccessorImpl.invoke(DelegatingMethodAccessorImpl.java:43)
	at java.base/java.lang.reflect.Method.invoke(Method.java:566)
	at org.junit.runners.model.FrameworkMethod$1.runReflectiveCall(FrameworkMethod.java:44)
	at org.junit.internal.runners.model.ReflectiveCallable.run(ReflectiveCallable.java:15)
	at org.junit.runners.model.FrameworkMethod.invokeExplosively(FrameworkMethod.java:41)
	at junitparams.internal.InvokeParameterisedMethod.evaluate(InvokeParameterisedMethod.java:102)
	at org.junit.internal.runners.statements.FailOnTimeout$1.run(FailOnTimeout.java:28)
Caused by: ptolemy.kernel.util.IllegalActionException: Found a zero delay loop containing .HierarchicalModel.A
  in .HierarchicalModel and .HierarchicalModel.A
	at ptolemy.actor.util.CausalityInterfaceForComposites._computeOutputPortDepth(CausalityInterfaceForComposites.java:759)
	at ptolemy.actor.util.CausalityInterfaceForComposites._computeInputDepth(CausalityInterfaceForComposites.java:696)
	at ptolemy.actor.util.CausalityInterfaceForComposites._computeOutputPortDepth(CausalityInterfaceForComposites.java:765)
	at ptolemy.actor.util.CausalityInterfaceForComposites._computeInputDepth(CausalityInterfaceForComposites.java:696)
	at ptolemy.actor.util.CausalityInterfaceForComposites._computeOutputPortDepth(CausalityInterfaceForComposites.java:765)
	at ptolemy.actor.util.CausalityInterfaceForComposites._computeInputDepth(CausalityInterfaceForComposites.java:696)
	at ptolemy.actor.util.CausalityInterfaceForComposites._computeActorDepth(CausalityInterfaceForComposites.java:532)
	at ptolemy.actor.util.CausalityInterfaceForComposites.checkForCycles(CausalityInterfaceForComposites.java:96)
	at ptolemy.domains.de.kernel.DEDirector.preinitialize(DEDirector.java:1338)
	at ptolemy.actor.CompositeActor.preinitialize(CompositeActor.java:1828)
	at ptolemy.actor.Manager.preinitializeAndResolveTypes(Manager.java:1040)
	at ptolemy.actor.Manager.initialize(Manager.java:710)
	at ptolemy.actor.Manager.execute(Manager.java:356)
	at ptolemy.actor.Manager.run(Manager.java:1263)
	at ptolemy.actor.Manager$PtolemyRunThread.run(Manager.java:1933)
java.lang.RuntimeException: Execution failed
	at ptolemy.moml.MoMLSimpleApplication$UnloadThread.run(MoMLSimpleApplication.java:402)
Caused by: ptolemy.kernel.util.IllegalActionException: Found a zero delay loop containing .dependencyLoop.original
  in .dependencyLoop and .dependencyLoop.original
	at ptolemy.actor.util.CausalityInterfaceForComposites._computeOutputPortDepth(CausalityInterfaceForComposites.java:759)
	at ptolemy.actor.util.CausalityInterfaceForComposites._computeInputDepth(CausalityInterfaceForComposites.java:696)
	at ptolemy.actor.util.CausalityInterfaceForComposites._computeOutputPortDepth(CausalityInterfaceForComposites.java:765)
	at ptolemy.actor.util.CausalityInterfaceForComposites._computeInputDepth(CausalityInterfaceForComposites.java:696)
	at ptolemy.actor.util.CausalityInterfaceForComposites._computeOutputPortDepth(CausalityInterfaceForComposites.java:765)
	at ptolemy.actor.util.CausalityInterfaceForComposites._computeInputDepth(CausalityInterfaceForComposites.java:696)
	at ptolemy.actor.util.CausalityInterfaceForComposites._computeActorDepth(CausalityInterfaceForComposites.java:532)
	at ptolemy.actor.util.CausalityInterfaceForComposites.checkForCycles(CausalityInterfaceForComposites.java:96)
	at ptolemy.domains.de.kernel.DEDirector.preinitialize(DEDirector.java:1338)
	at ptolemy.actor.CompositeActor.preinitialize(CompositeActor.java:1828)
	at ptolemy.actor.Manager.preinitializeAndResolveTypes(Manager.java:1040)
	at ptolemy.actor.Manager.initialize(Manager.java:710)
	at ptolemy.actor.Manager.execute(Manager.java:356)
	at ptolemy.actor.Manager.run(Manager.java:1263)
	at ptolemy.actor.Manager$PtolemyRunThread.run(Manager.java:1933)
java.lang.reflect.InvocationTargetException
	at java.base/jdk.internal.reflect.NativeConstructorAccessorImpl.newInstance0(Native Method)
	at java.base/jdk.internal.reflect.NativeConstructorAccessorImpl.newInstance(NativeConstructorAccessorImpl.java:62)
	at java.base/jdk.internal.reflect.DelegatingConstructorAccessorImpl.newInstance(DelegatingConstructorAccessorImpl.java:45)
	at java.base/java.lang.reflect.Constructor.newInstance(Constructor.java:490)
	at ptolemy.util.test.junit.AutoKnownFailedTests.RunModel(AutoKnownFailedTests.java:105)
	at java.base/jdk.internal.reflect.NativeMethodAccessorImpl.invoke0(Native Method)
	at java.base/jdk.internal.reflect.NativeMethodAccessorImpl.invoke(NativeMethodAccessorImpl.java:62)
	at java.base/jdk.internal.reflect.DelegatingMethodAccessorImpl.invoke(DelegatingMethodAccessorImpl.java:43)
	at java.base/java.lang.reflect.Method.invoke(Method.java:566)
	at org.junit.runners.model.FrameworkMethod$1.runReflectiveCall(FrameworkMethod.java:44)
	at org.junit.internal.runners.model.ReflectiveCallable.run(ReflectiveCallable.java:15)
	at org.junit.runners.model.FrameworkMethod.invokeExplosively(FrameworkMethod.java:41)
	at junitparams.internal.InvokeParameterisedMethod.evaluate(InvokeParameterisedMethod.java:102)
	at org.junit.internal.runners.statements.FailOnTimeout$1.run(FailOnTimeout.java:28)
Caused by: ptolemy.kernel.util.IllegalActionException: Found a zero delay loop containing .dependencyLoop.original
  in .dependencyLoop and .dependencyLoop.original
	at ptolemy.actor.util.CausalityInterfaceForComposites._computeOutputPortDepth(CausalityInterfaceForComposites.java:759)
	at ptolemy.actor.util.CausalityInterfaceForComposites._computeInputDepth(CausalityInterfaceForComposites.java:696)
	at ptolemy.actor.util.CausalityInterfaceForComposites._computeOutputPortDepth(CausalityInterfaceForComposites.java:765)
	at ptolemy.actor.util.CausalityInterfaceForComposites._computeInputDepth(CausalityInterfaceForComposites.java:696)
	at ptolemy.actor.util.CausalityInterfaceForComposites._computeOutputPortDepth(CausalityInterfaceForComposites.java:765)
	at ptolemy.actor.util.CausalityInterfaceForComposites._computeInputDepth(CausalityInterfaceForComposites.java:696)
	at ptolemy.actor.util.CausalityInterfaceForComposites._computeActorDepth(CausalityInterfaceForComposites.java:532)
	at ptolemy.actor.util.CausalityInterfaceForComposites.checkForCycles(CausalityInterfaceForComposites.java:96)
	at ptolemy.domains.de.kernel.DEDirector.preinitialize(DEDirector.java:1338)
	at ptolemy.actor.CompositeActor.preinitialize(CompositeActor.java:1828)
	at ptolemy.actor.Manager.preinitializeAndResolveTypes(Manager.java:1040)
	at ptolemy.actor.Manager.initialize(Manager.java:710)
	at ptolemy.actor.Manager.execute(Manager.java:356)
	at ptolemy.actor.Manager.run(Manager.java:1263)
	at ptolemy.actor.Manager$PtolemyRunThread.run(Manager.java:1933)
java.lang.RuntimeException: Execution failed
	at ptolemy.moml.MoMLSimpleApplication$UnloadThread.run(MoMLSimpleApplication.java:402)
Caused by: ptolemy.kernel.util.IllegalActionException: Found a zero delay loop containing .dependencyLoop2.original
  in .dependencyLoop2 and .dependencyLoop2.original
	at ptolemy.actor.util.CausalityInterfaceForComposites._computeOutputPortDepth(CausalityInterfaceForComposites.java:759)
	at ptolemy.actor.util.CausalityInterfaceForComposites._computeInputDepth(CausalityInterfaceForComposites.java:696)
	at ptolemy.actor.util.CausalityInterfaceForComposites._computeOutputPortDepth(CausalityInterfaceForComposites.java:765)
	at ptolemy.actor.util.CausalityInterfaceForComposites._computeInputDepth(CausalityInterfaceForComposites.java:696)
	at ptolemy.actor.util.CausalityInterfaceForComposites._computeOutputPortDepth(CausalityInterfaceForComposites.java:765)
	at ptolemy.actor.util.CausalityInterfaceForComposites._computeInputDepth(CausalityInterfaceForComposites.java:696)
	at ptolemy.actor.util.CausalityInterfaceForComposites._computeActorDepth(CausalityInterfaceForComposites.java:532)
	at ptolemy.actor.util.CausalityInterfaceForComposites.checkForCycles(CausalityInterfaceForComposites.java:96)
	at ptolemy.domains.de.kernel.DEDirector.preinitialize(DEDirector.java:1338)
	at ptolemy.actor.CompositeActor.preinitialize(CompositeActor.java:1828)
	at ptolemy.actor.Manager.preinitializeAndResolveTypes(Manager.java:1040)
	at ptolemy.actor.Manager.initialize(Manager.java:710)
	at ptolemy.actor.Manager.execute(Manager.java:356)
	at ptolemy.actor.Manager.run(Manager.java:1263)
	at ptolemy.actor.Manager$PtolemyRunThread.run(Manager.java:1933)
java.lang.reflect.InvocationTargetException
	at java.base/jdk.internal.reflect.NativeConstructorAccessorImpl.newInstance0(Native Method)
	at java.base/jdk.internal.reflect.NativeConstructorAccessorImpl.newInstance(NativeConstructorAccessorImpl.java:62)
	at java.base/jdk.internal.reflect.DelegatingConstructorAccessorImpl.newInstance(DelegatingConstructorAccessorImpl.java:45)
	at java.base/java.lang.reflect.Constructor.newInstance(Constructor.java:490)
	at ptolemy.util.test.junit.AutoKnownFailedTests.RunModel(AutoKnownFailedTests.java:105)
	at java.base/jdk.internal.reflect.NativeMethodAccessorImpl.invoke0(Native Method)
	at java.base/jdk.internal.reflect.NativeMethodAccessorImpl.invoke(NativeMethodAccessorImpl.java:62)
	at java.base/jdk.internal.reflect.DelegatingMethodAccessorImpl.invoke(DelegatingMethodAccessorImpl.java:43)
	at java.base/java.lang.reflect.Method.invoke(Method.java:566)
	at org.junit.runners.model.FrameworkMethod$1.runReflectiveCall(FrameworkMethod.java:44)
	at org.junit.internal.runners.model.ReflectiveCallable.run(ReflectiveCallable.java:15)
	at org.junit.runners.model.FrameworkMethod.invokeExplosively(FrameworkMethod.java:41)
	at junitparams.internal.InvokeParameterisedMethod.evaluate(InvokeParameterisedMethod.java:102)
	at org.junit.internal.runners.statements.FailOnTimeout$1.run(FailOnTimeout.java:28)
Caused by: ptolemy.kernel.util.IllegalActionException: Found a zero delay loop containing .dependencyLoop2.original
  in .dependencyLoop2 and .dependencyLoop2.original
	at ptolemy.actor.util.CausalityInterfaceForComposites._computeOutputPortDepth(CausalityInterfaceForComposites.java:759)
	at ptolemy.actor.util.CausalityInterfaceForComposites._computeInputDepth(CausalityInterfaceForComposites.java:696)
	at ptolemy.actor.util.CausalityInterfaceForComposites._computeOutputPortDepth(CausalityInterfaceForComposites.java:765)
	at ptolemy.actor.util.CausalityInterfaceForComposites._computeInputDepth(CausalityInterfaceForComposites.java:696)
	at ptolemy.actor.util.CausalityInterfaceForComposites._computeOutputPortDepth(CausalityInterfaceForComposites.java:765)
	at ptolemy.actor.util.CausalityInterfaceForComposites._computeInputDepth(CausalityInterfaceForComposites.java:696)
	at ptolemy.actor.util.CausalityInterfaceForComposites._computeActorDepth(CausalityInterfaceForComposites.java:532)
	at ptolemy.actor.util.CausalityInterfaceForComposites.checkForCycles(CausalityInterfaceForComposites.java:96)
	at ptolemy.domains.de.kernel.DEDirector.preinitialize(DEDirector.java:1338)
	at ptolemy.actor.CompositeActor.preinitialize(CompositeActor.java:1828)
	at ptolemy.actor.Manager.preinitializeAndResolveTypes(Manager.java:1040)
	at ptolemy.actor.Manager.initialize(Manager.java:710)
	at ptolemy.actor.Manager.execute(Manager.java:356)
	at ptolemy.actor.Manager.run(Manager.java:1263)
	at ptolemy.actor.Manager$PtolemyRunThread.run(Manager.java:1933)
]]></system-err>
</testsuite>
