<?xml version="1.0" encoding="UTF-8" ?>
<testsuite errors="0" failures="0" hostname="travis-job-7315ec07-0031-422b-af8b-82806853d411" name="ptolemy.domains.de.test.junit.JUnitTclTest" skipped="0" tests="101" time="143.304" timestamp="2019-10-11T05:54:15">
  <properties>
[...]
</properties>
  <testcase classname="ptolemy.util.test.junit.TclTests" name="[0] /home/travis/build/icyphy/ptII/ptolemy/domains/de/test/DependencyLoop.tcl (RunTclFile)" time="1.348" />
  <testcase classname="ptolemy.util.test.junit.TclTests" name="[1] /home/travis/build/icyphy/ptII/ptolemy/domains/de/test/RunDETestsAsQSS.tcl (RunTclFile)" time="97.212" />
  <testcase classname="ptolemy.util.test.junit.AutoKnownFailedTests" name="[0] /home/travis/build/icyphy/ptII/ptolemy/domains/de/test/auto/knownFailedTests/DESDFClockTest.xml (RunModel)" time="2.039" />
  <testcase classname="ptolemy.util.test.junit.AutoKnownFailedTests" name="[1] /home/travis/build/icyphy/ptII/ptolemy/domains/de/test/auto/knownFailedTests/DirectFeedback.xml (RunModel)" time="0.031" />
  <testcase classname="ptolemy.util.test.junit.AutoKnownFailedTests" name="[2] /home/travis/build/icyphy/ptII/ptolemy/domains/de/test/auto/knownFailedTests/FSMSource.xml (RunModel)" time="0.025" />
  <testcase classname="ptolemy.util.test.junit.AutoKnownFailedTests" name="[3] /home/travis/build/icyphy/ptII/ptolemy/domains/de/test/auto/knownFailedTests/HierarchicalModel.xml (RunModel)" time="0.056" />
  <testcase classname="ptolemy.util.test.junit.AutoKnownFailedTests" name="[4] /home/travis/build/icyphy/ptII/ptolemy/domains/de/test/auto/knownFailedTests/dependencyLoop.xml (RunModel)" time="0.04" />
  <testcase classname="ptolemy.util.test.junit.AutoKnownFailedTests" name="[5] /home/travis/build/icyphy/ptII/ptolemy/domains/de/test/auto/knownFailedTests/dependencyLoop2.xml (RunModel)" time="0.046" />
  <testcase classname="ptolemy.util.test.junit.AutoNameArchTests" name="[0] ThereAreNoAutoArchTests (RunModel)" time="0.002" />
  <testcase classname="ptolemy.util.test.junit.AutoTests" name="[0] /home/travis/build/icyphy/ptII/ptolemy/domains/de/test/auto/ActorDepthCalculation_actorWithoutPorts.xml (RunModel)" time="0.036" />
  <testcase classname="ptolemy.util.test.junit.AutoTests" name="[1] /home/travis/build/icyphy/ptII/ptolemy/domains/de/test/auto/AssemblyLine.xml (RunModel)" time="0.039" />
  <testcase classname="ptolemy.util.test.junit.AutoTests" name="[2] /home/travis/build/icyphy/ptII/ptolemy/domains/de/test/auto/CQBug1.xml (RunModel)" time="0.013" />
  <testcase classname="ptolemy.util.test.junit.AutoTests" name="[3] /home/travis/build/icyphy/ptII/ptolemy/domains/de/test/auto/CancelFireAt.xml (RunModel)" time="0.02" />
  <testcase classname="ptolemy.util.test.junit.AutoTests" name="[4] /home/travis/build/icyphy/ptII/ptolemy/domains/de/test/auto/CausalityAndComposabilityAnalysis.xml (RunModel)" time="0.026" />
  <testcase classname="ptolemy.util.test.junit.AutoTests" name="[5] /home/travis/build/icyphy/ptII/ptolemy/domains/de/test/auto/CausalityInterface1.xml (RunModel)" time="0.021" />
  <testcase classname="ptolemy.util.test.junit.AutoTests" name="[6] /home/travis/build/icyphy/ptII/ptolemy/domains/de/test/auto/CausalityInterface15.xml (RunModel)" time="0.022" />
  <testcase classname="ptolemy.util.test.junit.AutoTests" name="[7] /home/travis/build/icyphy/ptII/ptolemy/domains/de/test/auto/CausalityInterface2.xml (RunModel)" time="0.021" />
  <testcase classname="ptolemy.util.test.junit.AutoTests" name="[8] /home/travis/build/icyphy/ptII/ptolemy/domains/de/test/auto/CausalityInterface3.xml (RunModel)" time="0.023" />
  <testcase classname="ptolemy.util.test.junit.AutoTests" name="[9] /home/travis/build/icyphy/ptII/ptolemy/domains/de/test/auto/ClockDrift.xml (RunModel)" time="0.049" />
  <testcase classname="ptolemy.util.test.junit.AutoTests" name="[10] /home/travis/build/icyphy/ptII/ptolemy/domains/de/test/auto/ClockDriftAndValueChange.xml (RunModel)" time="0.047" />
  <testcase classname="ptolemy.util.test.junit.AutoTests" name="[11] /home/travis/build/icyphy/ptII/ptolemy/domains/de/test/auto/ClockDriftChange.xml (RunModel)" time="0.038" />
  <testcase classname="ptolemy.util.test.junit.AutoTests" name="[12] /home/travis/build/icyphy/ptII/ptolemy/domains/de/test/auto/ComposableCausalityAnalysis.xml (RunModel)" time="0.018" />
  <testcase classname="ptolemy.util.test.junit.AutoTests" name="[13] /home/travis/build/icyphy/ptII/ptolemy/domains/de/test/auto/DEFixedPointLimitation.xml (RunModel)" time="0.013" />
  <testcase classname="ptolemy.util.test.junit.AutoTests" name="[14] /home/travis/build/icyphy/ptII/ptolemy/domains/de/test/auto/DEScheduleTest.xml (RunModel)" time="0.018" />
  <testcase classname="ptolemy.util.test.junit.AutoTests" name="[15] /home/travis/build/icyphy/ptII/ptolemy/domains/de/test/auto/DEinDEwithStartTimes.xml (RunModel)" time="0.026" />
  <testcase classname="ptolemy.util.test.junit.AutoTests" name="[16] /home/travis/build/icyphy/ptII/ptolemy/domains/de/test/auto/DEinDEwithStartTimes2.xml (RunModel)" time="0.022" />
  <testcase classname="ptolemy.util.test.junit.AutoTests" name="[17] /home/travis/build/icyphy/ptII/ptolemy/domains/de/test/auto/DateDemo.xml (RunModel)" time="0.043" />
  <testcase classname="ptolemy.util.test.junit.AutoTests" name="[18] /home/travis/build/icyphy/ptII/ptolemy/domains/de/test/auto/DateToEvent.xml (RunModel)" time="2.052" />
  <testcase classname="ptolemy.util.test.junit.AutoTests" name="[19] /home/travis/build/icyphy/ptII/ptolemy/domains/de/test/auto/DepthTest1.xml (RunModel)" time="0.009" />
  <testcase classname="ptolemy.util.test.junit.AutoTests" name="[20] /home/travis/build/icyphy/ptII/ptolemy/domains/de/test/auto/DepthTest2.xml (RunModel)" time="0.02" />
  <testcase classname="ptolemy.util.test.junit.AutoTests" name="[21] /home/travis/build/icyphy/ptII/ptolemy/domains/de/test/auto/DepthTest3.xml (RunModel)" time="0.009" />
  <testcase classname="ptolemy.util.test.junit.AutoTests" name="[22] /home/travis/build/icyphy/ptII/ptolemy/domains/de/test/auto/DepthTest4.xml (RunModel)" time="0.015" />
  <testcase classname="ptolemy.util.test.junit.AutoTests" name="[23] /home/travis/build/icyphy/ptII/ptolemy/domains/de/test/auto/DepthTest5.xml (RunModel)" time="0.014" />
  <testcase classname="ptolemy.util.test.junit.AutoTests" name="[24] /home/travis/build/icyphy/ptII/ptolemy/domains/de/test/auto/DepthTest6.xml (RunModel)" time="0.014" />
  <testcase classname="ptolemy.util.test.junit.AutoTests" name="[25] /home/travis/build/icyphy/ptII/ptolemy/domains/de/test/auto/DepthTest7.xml (RunModel)" time="0.013" />
  <testcase classname="ptolemy.util.test.junit.AutoTests" name="[26] /home/travis/build/icyphy/ptII/ptolemy/domains/de/test/auto/EventToDate.xml (RunModel)" time="3.038" />
  <testcase classname="ptolemy.util.test.junit.AutoTests" name="[27] /home/travis/build/icyphy/ptII/ptolemy/domains/de/test/auto/FSM1.xml (RunModel)" time="0.06" />
  <testcase classname="ptolemy.util.test.junit.AutoTests" name="[28] /home/travis/build/icyphy/ptII/ptolemy/domains/de/test/auto/FSM7.xml (RunModel)" time="0.05" />
  <testcase classname="ptolemy.util.test.junit.AutoTests" name="[29] /home/travis/build/icyphy/ptII/ptolemy/domains/de/test/auto/Inspection.xml (RunModel)" time="0.055" />
  <testcase classname="ptolemy.util.test.junit.AutoTests" name="[30] /home/travis/build/icyphy/ptII/ptolemy/domains/de/test/auto/Iteration.xml (RunModel)" time="0.028" />
  <testcase classname="ptolemy.util.test.junit.AutoTests" name="[31] /home/travis/build/icyphy/ptII/ptolemy/domains/de/test/auto/LineFault.xml (RunModel)" time="0.714" />
  <testcase classname="ptolemy.util.test.junit.AutoTests" name="[32] /home/travis/build/icyphy/ptII/ptolemy/domains/de/test/auto/MergeModel1Add.xml (RunModel)" time="0.063" />
  <testcase classname="ptolemy.util.test.junit.AutoTests" name="[33] /home/travis/build/icyphy/ptII/ptolemy/domains/de/test/auto/MergeModel2Add.xml (RunModel)" time="0.048" />
  <testcase classname="ptolemy.util.test.junit.AutoTests" name="[34] /home/travis/build/icyphy/ptII/ptolemy/domains/de/test/auto/MergeModel3Add.xml (RunModel)" time="0.053" />
  <testcase classname="ptolemy.util.test.junit.AutoTests" name="[35] /home/travis/build/icyphy/ptII/ptolemy/domains/de/test/auto/MergeWithoutDiscard.xml (RunModel)" time="0.03" />
  <testcase classname="ptolemy.util.test.junit.AutoTests" name="[36] /home/travis/build/icyphy/ptII/ptolemy/domains/de/test/auto/Modal1.xml (RunModel)" time="0.036" />
  <testcase classname="ptolemy.util.test.junit.AutoTests" name="[37] /home/travis/build/icyphy/ptII/ptolemy/domains/de/test/auto/Modal2.xml (RunModel)" time="0.036" />
  <testcase classname="ptolemy.util.test.junit.AutoTests" name="[38] /home/travis/build/icyphy/ptII/ptolemy/domains/de/test/auto/Modal3.xml (RunModel)" time="0.033" />
  <testcase classname="ptolemy.util.test.junit.AutoTests" name="[39] /home/travis/build/icyphy/ptII/ptolemy/domains/de/test/auto/Modal4.xml (RunModel)" time="0.042" />
  <testcase classname="ptolemy.util.test.junit.AutoTests" name="[40] /home/travis/build/icyphy/ptII/ptolemy/domains/de/test/auto/Modal5.xml (RunModel)" time="0.035" />
  <testcase classname="ptolemy.util.test.junit.AutoTests" name="[41] /home/travis/build/icyphy/ptII/ptolemy/domains/de/test/auto/Modal6.xml (RunModel)" time="0.036" />
  <testcase classname="ptolemy.util.test.junit.AutoTests" name="[42] /home/travis/build/icyphy/ptII/ptolemy/domains/de/test/auto/Modal7.xml (RunModel)" time="0.04" />
  <testcase classname="ptolemy.util.test.junit.AutoTests" name="[43] /home/travis/build/icyphy/ptII/ptolemy/domains/de/test/auto/ModalModel.xml (RunModel)" time="0.209" />
  <testcase classname="ptolemy.util.test.junit.AutoTests" name="[44] /home/travis/build/icyphy/ptII/ptolemy/domains/de/test/auto/ModalSource.xml (RunModel)" time="0.031" />
  <testcase classname="ptolemy.util.test.junit.AutoTests" name="[45] /home/travis/build/icyphy/ptII/ptolemy/domains/de/test/auto/NonInterruptibleTimerZeroDelay.xml (RunModel)" time="0.011" />
  <testcase classname="ptolemy.util.test.junit.AutoTests" name="[46] /home/travis/build/icyphy/ptII/ptolemy/domains/de/test/auto/OpenQueueingNetwork.xml (RunModel)" time="2.556" />
  <testcase classname="ptolemy.util.test.junit.AutoTests" name="[47] /home/travis/build/icyphy/ptII/ptolemy/domains/de/test/auto/OpenQueuingNetwork.xml (RunModel)" time="0.305" />
  <testcase classname="ptolemy.util.test.junit.AutoTests" name="[48] /home/travis/build/icyphy/ptII/ptolemy/domains/de/test/auto/PeriodicSampler.xml (RunModel)" time="0.015" />
  <testcase classname="ptolemy.util.test.junit.AutoTests" name="[49] /home/travis/build/icyphy/ptII/ptolemy/domains/de/test/auto/PersistentIO.xml (RunModel)" time="0.03" />
  <testcase classname="ptolemy.util.test.junit.AutoTests" name="[50] /home/travis/build/icyphy/ptII/ptolemy/domains/de/test/auto/PortParameterResetOnInitialize.xml (RunModel)" time="0.016" />
  <testcase classname="ptolemy.util.test.junit.AutoTests" name="[51] /home/travis/build/icyphy/ptII/ptolemy/domains/de/test/auto/PortParameterUpdates.xml (RunModel)" time="0.025" />
  <testcase classname="ptolemy.util.test.junit.AutoTests" name="[52] /home/travis/build/icyphy/ptII/ptolemy/domains/de/test/auto/QueueAndServer.xml (RunModel)" time="0.032" />
  <testcase classname="ptolemy.util.test.junit.AutoTests" name="[53] /home/travis/build/icyphy/ptII/ptolemy/domains/de/test/auto/Records.xml (RunModel)" time="0.027" />
  <testcase classname="ptolemy.util.test.junit.AutoTests" name="[54] /home/travis/build/icyphy/ptII/ptolemy/domains/de/test/auto/ResetTransitionWithStartTime1.xml (RunModel)" time="0.024" />
  <testcase classname="ptolemy.util.test.junit.AutoTests" name="[55] /home/travis/build/icyphy/ptII/ptolemy/domains/de/test/auto/ResetTransitionWithStartTime2.xml (RunModel)" time="0.028" />
  <testcase classname="ptolemy.util.test.junit.AutoTests" name="[56] /home/travis/build/icyphy/ptII/ptolemy/domains/de/test/auto/ResetTransitionWithStartTime3.xml (RunModel)" time="0.024" />
  <testcase classname="ptolemy.util.test.junit.AutoTests" name="[57] /home/travis/build/icyphy/ptII/ptolemy/domains/de/test/auto/ResetTransitionWithStartTime4.xml (RunModel)" time="0.023" />
  <testcase classname="ptolemy.util.test.junit.AutoTests" name="[58] /home/travis/build/icyphy/ptII/ptolemy/domains/de/test/auto/ResettableTimer1.xml (RunModel)" time="0.015" />
  <testcase classname="ptolemy.util.test.junit.AutoTests" name="[59] /home/travis/build/icyphy/ptII/ptolemy/domains/de/test/auto/ResettableTimer2.xml (RunModel)" time="0.013" />
  <testcase classname="ptolemy.util.test.junit.AutoTests" name="[60] /home/travis/build/icyphy/ptII/ptolemy/domains/de/test/auto/ResettableTimer3.xml (RunModel)" time="0.014" />
  <testcase classname="ptolemy.util.test.junit.AutoTests" name="[61] /home/travis/build/icyphy/ptII/ptolemy/domains/de/test/auto/ResettableTimer4.xml (RunModel)" time="0.015" />
  <testcase classname="ptolemy.util.test.junit.AutoTests" name="[62] /home/travis/build/icyphy/ptII/ptolemy/domains/de/test/auto/ResettableTimer5.xml (RunModel)" time="0.012" />
  <testcase classname="ptolemy.util.test.junit.AutoTests" name="[63] /home/travis/build/icyphy/ptII/ptolemy/domains/de/test/auto/ResettableTimer6.xml (RunModel)" time="0.021" />
  <testcase classname="ptolemy.util.test.junit.AutoTests" name="[64] /home/travis/build/icyphy/ptII/ptolemy/domains/de/test/auto/ServerZeroDelay.xml (RunModel)" time="0.012" />
  <testcase classname="ptolemy.util.test.junit.AutoTests" name="[65] /home/travis/build/icyphy/ptII/ptolemy/domains/de/test/auto/SmartSender.xml (RunModel)" time="3.01" />
  <testcase classname="ptolemy.util.test.junit.AutoTests" name="[66] /home/travis/build/icyphy/ptII/ptolemy/domains/de/test/auto/ThreadedComposite.xml (RunModel)" time="0.189" />
  <testcase classname="ptolemy.util.test.junit.AutoTests" name="[67] /home/travis/build/icyphy/ptII/ptolemy/domains/de/test/auto/Time.xml (RunModel)" time="0.456" />
  <testcase classname="ptolemy.util.test.junit.AutoTests" name="[68] /home/travis/build/icyphy/ptII/ptolemy/domains/de/test/auto/TimeDelayZeroDelay.xml (RunModel)" time="0.014" />
  <testcase classname="ptolemy.util.test.junit.AutoTests" name="[69] /home/travis/build/icyphy/ptII/ptolemy/domains/de/test/auto/TimerZeroDelay.xml (RunModel)" time="0.012" />
  <testcase classname="ptolemy.util.test.junit.AutoTests" name="[70] /home/travis/build/icyphy/ptII/ptolemy/domains/de/test/auto/TimingParadox.xml (RunModel)" time="0.408" />
  <testcase classname="ptolemy.util.test.junit.AutoTests" name="[71] /home/travis/build/icyphy/ptII/ptolemy/domains/de/test/auto/TransferInputs.xml (RunModel)" time="0.011" />
  <testcase classname="ptolemy.util.test.junit.AutoTests" name="[72] /home/travis/build/icyphy/ptII/ptolemy/domains/de/test/auto/TransferOutputs2.xml (RunModel)" time="0.019" />
  <testcase classname="ptolemy.util.test.junit.AutoTests" name="[73] /home/travis/build/icyphy/ptII/ptolemy/domains/de/test/auto/Trilateration.xml (RunModel)" time="14.704" />
  <testcase classname="ptolemy.util.test.junit.AutoTests" name="[74] /home/travis/build/icyphy/ptII/ptolemy/domains/de/test/auto/TwoSigmaDelta.xml (RunModel)" time="2.307" />
  <testcase classname="ptolemy.util.test.junit.AutoTests" name="[75] /home/travis/build/icyphy/ptII/ptolemy/domains/de/test/auto/VariableDelay.xml (RunModel)" time="0.018" />
  <testcase classname="ptolemy.util.test.junit.AutoTests" name="[76] /home/travis/build/icyphy/ptII/ptolemy/domains/de/test/auto/VariableDelay2.xml (RunModel)" time="0.017" />
  <testcase classname="ptolemy.util.test.junit.AutoTests" name="[77] /home/travis/build/icyphy/ptII/ptolemy/domains/de/test/auto/VariableDelayZeroDelay.xml (RunModel)" time="0.019" />
  <testcase classname="ptolemy.util.test.junit.AutoTests" name="[78] /home/travis/build/icyphy/ptII/ptolemy/domains/de/test/auto/VariableDelayZeroDelay2.xml (RunModel)" time="0.021" />
  <testcase classname="ptolemy.util.test.junit.AutoTests" name="[79] /home/travis/build/icyphy/ptII/ptolemy/domains/de/test/auto/deInCt.xml (RunModel)" time="0.021" />
  <testcase classname="ptolemy.util.test.junit.AutoTests" name="[80] /home/travis/build/icyphy/ptII/ptolemy/domains/de/test/auto/deInCt2.xml (RunModel)" time="0.02" />
  <testcase classname="ptolemy.util.test.junit.AutoTests" name="[81] /home/travis/build/icyphy/ptII/ptolemy/domains/de/test/auto/dynamicCausalityInterface1.xml (RunModel)" time="0.058" />
  <testcase classname="ptolemy.util.test.junit.AutoTests" name="[82] /home/travis/build/icyphy/ptII/ptolemy/domains/de/test/auto/fsm_de_test.xml (RunModel)" time="0.063" />
  <testcase classname="ptolemy.util.test.junit.AutoTests" name="[83] /home/travis/build/icyphy/ptII/ptolemy/domains/de/test/auto/functionDependencyReconstruction.xml (RunModel)" time="0.093" />
  <testcase classname="ptolemy.util.test.junit.AutoTests" name="[84] /home/travis/build/icyphy/ptII/ptolemy/domains/de/test/auto/multirate.xml (RunModel)" time="0.028" />
  <testcase classname="ptolemy.util.test.junit.AutoTests" name="[85] /home/travis/build/icyphy/ptII/ptolemy/domains/de/test/auto/multirate2.xml (RunModel)" time="0.017" />
  <testcase classname="ptolemy.util.test.junit.AutoTests" name="[86] /home/travis/build/icyphy/ptII/ptolemy/domains/de/test/auto/realtime.xml (RunModel)" time="10.013" />
  <testcase classname="ptolemy.util.test.junit.AutoTests" name="[87] /home/travis/build/icyphy/ptII/ptolemy/domains/de/test/auto/relationGroup.xml (RunModel)" time="0.01" />
  <testcase classname="ptolemy.util.test.junit.AutoTests" name="[88] /home/travis/build/icyphy/ptII/ptolemy/domains/de/test/auto/relationGroup2.xml (RunModel)" time="0.015" />
  <testcase classname="ptolemy.util.test.junit.AutoTests" name="[89] /home/travis/build/icyphy/ptII/ptolemy/domains/de/test/auto/sortWithOpaquePorts.xml (RunModel)" time="0.014" />
  <testcase classname="ptolemy.util.test.junit.AutoTests" name="[90] /home/travis/build/icyphy/ptII/ptolemy/domains/de/test/auto/transferInputsandOutputs.xml (RunModel)" time="0.024" />
  <testcase classname="ptolemy.util.test.junit.AutoTests" name="[91] /home/travis/build/icyphy/ptII/ptolemy/domains/de/test/auto/triggerType.xml (RunModel)" time="0.012" />
  <system-out><![CDATA[/home/travis/build/icyphy/ptII/ptolemy/domains/de/test/DependencyLoop.tcl
testDefs.tcl: setting time out to 9000 seconds at Fri Oct 11 05:54:16 UTC 2019
97 ms. Memory: 120832K Free: 72134K (60%)
33 ms. Memory: 120832K Free: 54695K (45%)
/home/travis/build/icyphy/ptII/ptolemy/domains/de/test/RunDETestsAsQSS.tcl
Run the DE tests using ptolemy.domains.qss.test.QSSDirectorTest, which extends QSSDirector and prints a message in the constructors.
------------------ testing $PTII/ptolemy/domains/de/test/auto/knownFailedTests/DirectFeedback.xml (Known Failure) 
74 ms. Memory: 120832K Free: 49096K (41%)


==== $PTIIhome/travis/build/icyphy/ptII/ptolemy/domains/de/test/../../../../: Auto Automatic test in file $PTII/ptolemy/domains/de/test/auto/knownFailedTests/DirectFeedback.xml
==== Contents of test case:

	    # FIXME: we should use $relativeFilename here, but it
	    # might have backslashes under Windows, which causes no end
	    # of trouble.
	    createAndExecute $file
	    list {}
	
.... Test generated KNOWN error:
    while executing
ptolemy.kernel.util.IllegalActionException: Test fails in iteration 1.
Value was: 1.0. Should have been: 2.0
  in .DirectFeedback.Test
	at ptolemy.actor.lib.Test.fire(Test.java:268)
	at ptolemy.domains.de.kernel.DEDirector._fire(DEDirector.java:1949)
	at ptolemy.domains.de.kernel.DEDirector.fire(DEDirector.java:502)
	at ptolemy.actor.CompositeActor.fire(CompositeActor.java:455)
	at ptolemy.actor.Manager.iterate(Manager.java:851)
	at ptolemy.actor.Manager.execute(Manager.java:369)
	at ptolemy.actor.Manager.run(Manager.java:1263)
	at ptolemy.actor.Manager$PtolemyRunThread.run(Manager.java:1933)

    while executing
ptolemy.kernel.util.IllegalActionException: Test fails in iteration 1.
Value was: 1.0. Should have been: 2.0
  in .DirectFeedback.Test
    while executing
"java::new ptolemy.moml.MoMLSimpleApplication $file
"
    (procedure "createAndExecute" line 2)
    invoked from within
"createAndExecute $file"
    ("uplevel" body line 5)
    invoked from within
"uplevel $contents_of_test"
------------------ testing $PTII/ptolemy/domains/de/test/auto/knownFailedTests/dependencyLoop.xml (Known Failure) 
23 ms. Memory: 120832K Free: 46024K (38%)


==== $PTIIhome/travis/build/icyphy/ptII/ptolemy/domains/de/test/../../../../: Auto Automatic test in file $PTII/ptolemy/domains/de/test/auto/knownFailedTests/dependencyLoop.xml
==== Contents of test case:

	    # FIXME: we should use $relativeFilename here, but it
	    # might have backslashes under Windows, which causes no end
	    # of trouble.
	    createAndExecute $file
	    list {}
	
.... Test generated KNOWN error:
    while executing
ptolemy.kernel.util.IllegalActionException: Found a zero delay loop containing .dependencyLoop.original
  in .dependencyLoop and .dependencyLoop.original
	at ptolemy.actor.util.CausalityInterfaceForComposites._computeOutputPortDepth(CausalityInterfaceForComposites.java:759)
	at ptolemy.actor.util.CausalityInterfaceForComposites._computeInputDepth(CausalityInterfaceForComposites.java:696)
	at ptolemy.actor.util.CausalityInterfaceForComposites._computeOutputPortDepth(CausalityInterfaceForComposites.java:765)
	at ptolemy.actor.util.CausalityInterfaceForComposites._computeInputDepth(CausalityInterfaceForComposites.java:696)
	at ptolemy.actor.util.CausalityInterfaceForComposites._computeOutputPortDepth(CausalityInterfaceForComposites.java:765)
	at ptolemy.actor.util.CausalityInterfaceForComposites._computeInputDepth(CausalityInterfaceForComposites.java:696)
	at ptolemy.actor.util.CausalityInterfaceForComposites._computeActorDepth(CausalityInterfaceForComposites.java:532)
	at ptolemy.actor.util.CausalityInterfaceForComposites.checkForCycles(CausalityInterfaceForComposites.java:96)
	at ptolemy.domains.de.kernel.DEDirector.preinitialize(DEDirector.java:1338)
	at ptolemy.actor.CompositeActor.preinitialize(CompositeActor.java:1828)
	at ptolemy.actor.Manager.preinitializeAndResolveTypes(Manager.java:1040)
	at ptolemy.actor.Manager.initialize(Manager.java:710)
	at ptolemy.actor.Manager.execute(Manager.java:356)
	at ptolemy.actor.Manager.run(Manager.java:1263)
	at ptolemy.actor.Manager$PtolemyRunThread.run(Manager.java:1933)

    while executing
ptolemy.kernel.util.IllegalActionException: Found a zero delay loop containing .dependencyLoop.original
  in .dependencyLoop and .dependencyLoop.original
    while executing
"java::new ptolemy.moml.MoMLSimpleApplication $file
"
    (procedure "createAndExecute" line 2)
    invoked from within
"createAndExecute $file"
    ("uplevel" body line 5)
    invoked from within
"uplevel $contents_of_test"
------------------ testing $PTII/ptolemy/domains/de/test/auto/knownFailedTests/FSMSource.xml (Known Failure) 
69 ms. Memory: 120832K Free: 99623K (82%)
!!!! Auto was marked as failing, but now passes
------------------ testing $PTII/ptolemy/domains/de/test/auto/knownFailedTests/HierarchicalModel.xml (Known Failure) 
7 ms. Memory: 120832K Free: 82239K (68%)


==== $PTIIhome/travis/build/icyphy/ptII/ptolemy/domains/de/test/../../../../: Auto Automatic test in file $PTII/ptolemy/domains/de/test/auto/knownFailedTests/HierarchicalModel.xml
==== Contents of test case:

	    # FIXME: we should use $relativeFilename here, but it
	    # might have backslashes under Windows, which causes no end
	    # of trouble.
	    createAndExecute $file
	    list {}
	
.... Test generated KNOWN error:
    while executing
ptolemy.kernel.util.IllegalActionException: Found a zero delay loop containing .HierarchicalModel.A
  in .HierarchicalModel and .HierarchicalModel.A
	at ptolemy.actor.util.CausalityInterfaceForComposites._computeOutputPortDepth(CausalityInterfaceForComposites.java:759)
	at ptolemy.actor.util.CausalityInterfaceForComposites._computeInputDepth(CausalityInterfaceForComposites.java:696)
	at ptolemy.actor.util.CausalityInterfaceForComposites._computeOutputPortDepth(CausalityInterfaceForComposites.java:765)
	at ptolemy.actor.util.CausalityInterfaceForComposites._computeInputDepth(CausalityInterfaceForComposites.java:696)
	at ptolemy.actor.util.CausalityInterfaceForComposites._computeOutputPortDepth(CausalityInterfaceForComposites.java:765)
	at ptolemy.actor.util.CausalityInterfaceForComposites._computeInputDepth(CausalityInterfaceForComposites.java:696)
	at ptolemy.actor.util.CausalityInterfaceForComposites._computeActorDepth(CausalityInterfaceForComposites.java:532)
	at ptolemy.actor.util.CausalityInterfaceForComposites.checkForCycles(CausalityInterfaceForComposites.java:96)
	at ptolemy.domains.de.kernel.DEDirector.preinitialize(DEDirector.java:1338)
	at ptolemy.actor.CompositeActor.preinitialize(CompositeActor.java:1828)
	at ptolemy.actor.Manager.preinitializeAndResolveTypes(Manager.java:1040)
	at ptolemy.actor.Manager.initialize(Manager.java:710)
	at ptolemy.actor.Manager.execute(Manager.java:356)
	at ptolemy.actor.Manager.run(Manager.java:1263)
	at ptolemy.actor.Manager$PtolemyRunThread.run(Manager.java:1933)

    while executing
ptolemy.kernel.util.IllegalActionException: Found a zero delay loop containing .HierarchicalModel.A
  in .HierarchicalModel and .HierarchicalModel.A
    while executing
"java::new ptolemy.moml.MoMLSimpleApplication $file
"
    (procedure "createAndExecute" line 2)
    invoked from within
"createAndExecute $file"
    ("uplevel" body line 5)
    invoked from within
"uplevel $contents_of_test"
------------------ testing $PTII/ptolemy/domains/de/test/auto/knownFailedTests/dependencyLoop2.xml (Known Failure) 
33 ms. Memory: 120832K Free: 105981K (88%)


==== $PTIIhome/travis/build/icyphy/ptII/ptolemy/domains/de/test/../../../../: Auto Automatic test in file $PTII/ptolemy/domains/de/test/auto/knownFailedTests/dependencyLoop2.xml
==== Contents of test case:

	    # FIXME: we should use $relativeFilename here, but it
	    # might have backslashes under Windows, which causes no end
	    # of trouble.
	    createAndExecute $file
	    list {}
	
.... Test generated KNOWN error:
    while executing
ptolemy.kernel.util.IllegalActionException: Found a zero delay loop containing .dependencyLoop2.original
  in .dependencyLoop2 and .dependencyLoop2.original
	at ptolemy.actor.util.CausalityInterfaceForComposites._computeOutputPortDepth(CausalityInterfaceForComposites.java:759)
	at ptolemy.actor.util.CausalityInterfaceForComposites._computeInputDepth(CausalityInterfaceForComposites.java:696)
	at ptolemy.actor.util.CausalityInterfaceForComposites._computeOutputPortDepth(CausalityInterfaceForComposites.java:765)
	at ptolemy.actor.util.CausalityInterfaceForComposites._computeInputDepth(CausalityInterfaceForComposites.java:696)
	at ptolemy.actor.util.CausalityInterfaceForComposites._computeOutputPortDepth(CausalityInterfaceForComposites.java:765)
	at ptolemy.actor.util.CausalityInterfaceForComposites._computeInputDepth(CausalityInterfaceForComposites.java:696)
	at ptolemy.actor.util.CausalityInterfaceForComposites._computeActorDepth(CausalityInterfaceForComposites.java:532)
	at ptolemy.actor.util.CausalityInterfaceForComposites.checkForCycles(CausalityInterfaceForComposites.java:96)
	at ptolemy.domains.de.kernel.DEDirector.preinitialize(DEDirector.java:1338)
	at ptolemy.actor.CompositeActor.preinitialize(CompositeActor.java:1828)
	at ptolemy.actor.Manager.preinitializeAndResolveTypes(Manager.java:1040)
	at ptolemy.actor.Manager.initialize(Manager.java:710)
	at ptolemy.actor.Manager.execute(Manager.java:356)
	at ptolemy.actor.Manager.run(Manager.java:1263)
	at ptolemy.actor.Manager$PtolemyRunThread.run(Manager.java:1933)

    while executing
ptolemy.kernel.util.IllegalActionException: Found a zero delay loop containing .dependencyLoop2.original
  in .dependencyLoop2 and .dependencyLoop2.original
    while executing
"java::new ptolemy.moml.MoMLSimpleApplication $file
"
    (procedure "createAndExecute" line 2)
    invoked from within
"createAndExecute $file"
    ("uplevel" body line 5)
    invoked from within
"uplevel $contents_of_test"
------------------ testing $PTII/ptolemy/domains/de/test/auto/knownFailedTests/DESDFClockTest.xml (Known Failure) 
2088 ms. Memory: 120832K Free: 93002K (77%)


==== $PTIIhome/travis/build/icyphy/ptII/ptolemy/domains/de/test/../../../../: Auto Automatic test in file $PTII/ptolemy/domains/de/test/auto/knownFailedTests/DESDFClockTest.xml
==== Contents of test case:

	    # FIXME: we should use $relativeFilename here, but it
	    # might have backslashes under Windows, which causes no end
	    # of trouble.
	    createAndExecute $file
	    list {}
	
.... Test generated KNOWN error:
    while executing
ptolemy.kernel.util.IllegalActionException: Actor is not ready to fire.  Perhaps UpSample.prefire() returned false? Try debugging the actor by selecting "Listen to Actor".  Also, for SDF check moml for tokenConsumptionRate on input.
  in .DESDFClockTest.Play Bell.Copy1:SDF Director and .DESDFClockTest.Play Bell.UpSample
	at ptolemy.actor.sched.StaticSchedulingDirector.fire(StaticSchedulingDirector.java:227)
	at ptolemy.domains.sdf.kernel.SDFDirector.fire(SDFDirector.java:500)
	at ptolemy.actor.CompositeActor.fire(CompositeActor.java:455)
	at ptolemy.domains.de.kernel.DEDirector._fire(DEDirector.java:1949)
	at ptolemy.domains.de.kernel.DEDirector.fire(DEDirector.java:502)
	at ptolemy.actor.CompositeActor.fire(CompositeActor.java:455)
	at ptolemy.actor.Manager.iterate(Manager.java:851)
	at ptolemy.actor.Manager.execute(Manager.java:369)
	at ptolemy.actor.Manager.run(Manager.java:1263)
	at ptolemy.actor.Manager$PtolemyRunThread.run(Manager.java:1933)

    while executing
ptolemy.kernel.util.IllegalActionException: Actor is not ready to fire.  Perhaps UpSample.prefire() returned false? Try debugging the actor by selecting "Listen to Actor".  Also, for SDF check moml for tokenConsumptionRate on input.
  in .DESDFClockTest.Play Bell.Copy1:SDF Director and .DESDFClockTest.Play Bell.UpSample
    while executing
"java::new ptolemy.moml.MoMLSimpleApplication $file
"
    (procedure "createAndExecute" line 2)
    invoked from within
"createAndExecute $file"
    ("uplevel" body line 5)
    invoked from within
"uplevel $contents_of_test"
------------------ testing $PTII/ptolemy/domains/de/test/auto/ActorDepthCalculation_actorWithoutPorts.xml
auto.tcl: Setting watchdog for 200 seconds at Fri Oct 11 05:54:20 UTC 2019
13 ms. Memory: 120832K Free: 85424K (71%)
ptolemy.util.test.WatchDog.cancel(): canceling Fri Oct 11 05:54:20 UTC 2019
auto.tcl: Setting watchdog for 200 seconds at Fri Oct 11 05:54:20 UTC 2019
10 ms. Memory: 120832K Free: 84296K (70%)
ptolemy.util.test.WatchDog.cancel(): canceling Fri Oct 11 05:54:20 UTC 2019
------------------ testing $PTII/ptolemy/domains/de/test/auto/AssemblyLine.xml
auto.tcl: Setting watchdog for 200 seconds at Fri Oct 11 05:54:20 UTC 2019
11 ms. Memory: 48128K Free: 26285K (55%)
ptolemy.util.test.WatchDog.cancel(): canceling Fri Oct 11 05:54:21 UTC 2019
auto.tcl: Setting watchdog for 200 seconds at Fri Oct 11 05:54:21 UTC 2019
19 ms. Memory: 48128K Free: 24746K (51%)
ptolemy.util.test.WatchDog.cancel(): canceling Fri Oct 11 05:54:21 UTC 2019
------------------ testing $PTII/ptolemy/domains/de/test/auto/CQBug1.xml
auto.tcl: Setting watchdog for 200 seconds at Fri Oct 11 05:54:21 UTC 2019
15 ms. Memory: 48128K Free: 31465K (65%)
ptolemy.util.test.WatchDog.cancel(): canceling Fri Oct 11 05:54:21 UTC 2019
auto.tcl: Setting watchdog for 200 seconds at Fri Oct 11 05:54:21 UTC 2019
3 ms. Memory: 48128K Free: 31022K (64%)
ptolemy.util.test.WatchDog.cancel(): canceling Fri Oct 11 05:54:21 UTC 2019
------------------ testing $PTII/ptolemy/domains/de/test/auto/CancelFireAt.xml
auto.tcl: Setting watchdog for 200 seconds at Fri Oct 11 05:54:21 UTC 2019
5 ms. Memory: 48128K Free: 32771K (68%)
ptolemy.util.test.WatchDog.cancel(): canceling Fri Oct 11 05:54:21 UTC 2019
auto.tcl: Setting watchdog for 200 seconds at Fri Oct 11 05:54:21 UTC 2019
7 ms. Memory: 48128K Free: 32329K (67%)
ptolemy.util.test.WatchDog.cancel(): canceling Fri Oct 11 05:54:21 UTC 2019
------------------ testing $PTII/ptolemy/domains/de/test/auto/CausalityAndComposabilityAnalysis.xml
auto.tcl: Setting watchdog for 200 seconds at Fri Oct 11 05:54:21 UTC 2019
23 ms. Memory: 45056K Free: 27425K (61%)
ptolemy.util.test.WatchDog.cancel(): canceling Fri Oct 11 05:54:21 UTC 2019
auto.tcl: Setting watchdog for 200 seconds at Fri Oct 11 05:54:21 UTC 2019
10 ms. Memory: 45056K Free: 26992K (60%)
ptolemy.util.test.WatchDog.cancel(): canceling Fri Oct 11 05:54:21 UTC 2019
------------------ testing $PTII/ptolemy/domains/de/test/auto/CausalityInterface1.xml
auto.tcl: Setting watchdog for 200 seconds at Fri Oct 11 05:54:21 UTC 2019
34 ms. Memory: 45056K Free: 26370K (59%)
ptolemy.util.test.WatchDog.cancel(): canceling Fri Oct 11 05:54:21 UTC 2019
auto.tcl: Setting watchdog for 200 seconds at Fri Oct 11 05:54:21 UTC 2019
6 ms. Memory: 45056K Free: 25392K (56%)
ptolemy.util.test.WatchDog.cancel(): canceling Fri Oct 11 05:54:21 UTC 2019
------------------ testing $PTII/ptolemy/domains/de/test/auto/CausalityInterface15.xml
auto.tcl: Setting watchdog for 200 seconds at Fri Oct 11 05:54:21 UTC 2019
10 ms. Memory: 45056K Free: 26049K (58%)
ptolemy.util.test.WatchDog.cancel(): canceling Fri Oct 11 05:54:21 UTC 2019
auto.tcl: Setting watchdog for 200 seconds at Fri Oct 11 05:54:21 UTC 2019
6 ms. Memory: 45056K Free: 25331K (56%)
ptolemy.util.test.WatchDog.cancel(): canceling Fri Oct 11 05:54:21 UTC 2019
------------------ testing $PTII/ptolemy/domains/de/test/auto/CausalityInterface2.xml
auto.tcl: Setting watchdog for 200 seconds at Fri Oct 11 05:54:21 UTC 2019
4 ms. Memory: 45056K Free: 27090K (60%)
ptolemy.util.test.WatchDog.cancel(): canceling Fri Oct 11 05:54:21 UTC 2019
auto.tcl: Setting watchdog for 200 seconds at Fri Oct 11 05:54:21 UTC 2019
4 ms. Memory: 45056K Free: 25961K (58%)
ptolemy.util.test.WatchDog.cancel(): canceling Fri Oct 11 05:54:21 UTC 2019
------------------ testing $PTII/ptolemy/domains/de/test/auto/CausalityInterface3.xml
auto.tcl: Setting watchdog for 200 seconds at Fri Oct 11 05:54:22 UTC 2019
6 ms. Memory: 45056K Free: 26557K (59%)
ptolemy.util.test.WatchDog.cancel(): canceling Fri Oct 11 05:54:22 UTC 2019
auto.tcl: Setting watchdog for 200 seconds at Fri Oct 11 05:54:22 UTC 2019
4 ms. Memory: 45056K Free: 25760K (57%)
ptolemy.util.test.WatchDog.cancel(): canceling Fri Oct 11 05:54:22 UTC 2019
------------------ testing $PTII/ptolemy/domains/de/test/auto/ClockDrift.xml
auto.tcl: Setting watchdog for 200 seconds at Fri Oct 11 05:54:22 UTC 2019
103 ms. Memory: 45056K Free: 19151K (43%)
ptolemy.util.test.WatchDog.cancel(): canceling Fri Oct 11 05:54:22 UTC 2019
auto.tcl: Setting watchdog for 200 seconds at Fri Oct 11 05:54:22 UTC 2019
54 ms. Memory: 45056K Free: 16132K (36%)
ptolemy.util.test.WatchDog.cancel(): canceling Fri Oct 11 05:54:22 UTC 2019
------------------ testing $PTII/ptolemy/domains/de/test/auto/ClockDriftAndValueChange.xml
auto.tcl: Setting watchdog for 200 seconds at Fri Oct 11 05:54:22 UTC 2019
28 ms. Memory: 45056K Free: 19570K (43%)
ptolemy.util.test.WatchDog.cancel(): canceling Fri Oct 11 05:54:22 UTC 2019
auto.tcl: Setting watchdog for 200 seconds at Fri Oct 11 05:54:22 UTC 2019
44 ms. Memory: 45056K Free: 16377K (36%)
ptolemy.util.test.WatchDog.cancel(): canceling Fri Oct 11 05:54:22 UTC 2019
------------------ testing $PTII/ptolemy/domains/de/test/auto/ClockDriftChange.xml
auto.tcl: Setting watchdog for 200 seconds at Fri Oct 11 05:54:22 UTC 2019
33 ms. Memory: 45056K Free: 21036K (47%)
ptolemy.util.test.WatchDog.cancel(): canceling Fri Oct 11 05:54:22 UTC 2019
auto.tcl: Setting watchdog for 200 seconds at Fri Oct 11 05:54:22 UTC 2019
19 ms. Memory: 45056K Free: 18504K (41%)
ptolemy.util.test.WatchDog.cancel(): canceling Fri Oct 11 05:54:22 UTC 2019
------------------ testing $PTII/ptolemy/domains/de/test/auto/ComposableCausalityAnalysis.xml
auto.tcl: Setting watchdog for 200 seconds at Fri Oct 11 05:54:22 UTC 2019
2 ms. Memory: 45056K Free: 25666K (57%)
ptolemy.util.test.WatchDog.cancel(): canceling Fri Oct 11 05:54:22 UTC 2019
auto.tcl: Setting watchdog for 200 seconds at Fri Oct 11 05:54:22 UTC 2019
6 ms. Memory: 45056K Free: 24636K (55%)
ptolemy.util.test.WatchDog.cancel(): canceling Fri Oct 11 05:54:22 UTC 2019
------------------ testing $PTII/ptolemy/domains/de/test/auto/DEFixedPointLimitation.xml
auto.tcl: Setting watchdog for 200 seconds at Fri Oct 11 05:54:22 UTC 2019
4 ms. Memory: 45056K Free: 26999K (60%)
ptolemy.util.test.WatchDog.cancel(): canceling Fri Oct 11 05:54:22 UTC 2019
auto.tcl: Setting watchdog for 200 seconds at Fri Oct 11 05:54:22 UTC 2019
2 ms. Memory: 45056K Free: 26138K (58%)
ptolemy.util.test.WatchDog.cancel(): canceling Fri Oct 11 05:54:22 UTC 2019
------------------ testing $PTII/ptolemy/domains/de/test/auto/DEScheduleTest.xml
auto.tcl: Setting watchdog for 200 seconds at Fri Oct 11 05:54:22 UTC 2019
4 ms. Memory: 45056K Free: 27294K (61%)
ptolemy.util.test.WatchDog.cancel(): canceling Fri Oct 11 05:54:23 UTC 2019
auto.tcl: Setting watchdog for 200 seconds at Fri Oct 11 05:54:23 UTC 2019
3 ms. Memory: 45056K Free: 26540K (59%)
ptolemy.util.test.WatchDog.cancel(): canceling Fri Oct 11 05:54:23 UTC 2019
------------------ testing $PTII/ptolemy/domains/de/test/auto/DEinDEwithStartTimes.xml
auto.tcl: Setting watchdog for 200 seconds at Fri Oct 11 05:54:23 UTC 2019
7 ms. Memory: 45056K Free: 25447K (56%)
ptolemy.util.test.WatchDog.cancel(): canceling Fri Oct 11 05:54:23 UTC 2019
auto.tcl: Setting watchdog for 200 seconds at Fri Oct 11 05:54:23 UTC 2019
7 ms. Memory: 45056K Free: 24423K (54%)
ptolemy.util.test.WatchDog.cancel(): canceling Fri Oct 11 05:54:23 UTC 2019
------------------ testing $PTII/ptolemy/domains/de/test/auto/DEinDEwithStartTimes2.xml
auto.tcl: Setting watchdog for 200 seconds at Fri Oct 11 05:54:23 UTC 2019
7 ms. Memory: 45056K Free: 24686K (55%)
ptolemy.util.test.WatchDog.cancel(): canceling Fri Oct 11 05:54:23 UTC 2019
auto.tcl: Setting watchdog for 200 seconds at Fri Oct 11 05:54:23 UTC 2019
4 ms. Memory: 45056K Free: 23378K (52%)
ptolemy.util.test.WatchDog.cancel(): canceling Fri Oct 11 05:54:23 UTC 2019
------------------ testing $PTII/ptolemy/domains/de/test/auto/DateDemo.xml
auto.tcl: Setting watchdog for 200 seconds at Fri Oct 11 05:54:23 UTC 2019
26 ms. Memory: 45056K Free: 19031K (42%)
ptolemy.util.test.WatchDog.cancel(): canceling Fri Oct 11 05:54:23 UTC 2019
auto.tcl: Setting watchdog for 200 seconds at Fri Oct 11 05:54:23 UTC 2019
11 ms. Memory: 45056K Free: 17496K (39%)
ptolemy.util.test.WatchDog.cancel(): canceling Fri Oct 11 05:54:23 UTC 2019
------------------ testing $PTII/ptolemy/domains/de/test/auto/DateToEvent.xml
auto.tcl: Setting watchdog for 200 seconds at Fri Oct 11 05:54:23 UTC 2019
2024 ms. Memory: 45056K Free: 14942K (33%)
ptolemy.util.test.WatchDog.cancel(): canceling Fri Oct 11 05:54:25 UTC 2019
auto.tcl: Setting watchdog for 200 seconds at Fri Oct 11 05:54:25 UTC 2019
2007 ms. Memory: 45056K Free: 14171K (31%)
ptolemy.util.test.WatchDog.cancel(): canceling Fri Oct 11 05:54:27 UTC 2019
------------------ testing $PTII/ptolemy/domains/de/test/auto/DepthTest1.xml
auto.tcl: Setting watchdog for 200 seconds at Fri Oct 11 05:54:27 UTC 2019
4 ms. Memory: 45056K Free: 28241K (63%)
ptolemy.util.test.WatchDog.cancel(): canceling Fri Oct 11 05:54:27 UTC 2019
auto.tcl: Setting watchdog for 200 seconds at Fri Oct 11 05:54:27 UTC 2019
2 ms. Memory: 45056K Free: 27719K (62%)
ptolemy.util.test.WatchDog.cancel(): canceling Fri Oct 11 05:54:27 UTC 2019
------------------ testing $PTII/ptolemy/domains/de/test/auto/DepthTest2.xml
auto.tcl: Setting watchdog for 200 seconds at Fri Oct 11 05:54:27 UTC 2019
7 ms. Memory: 45056K Free: 24884K (55%)
ptolemy.util.test.WatchDog.cancel(): canceling Fri Oct 11 05:54:27 UTC 2019
auto.tcl: Setting watchdog for 200 seconds at Fri Oct 11 05:54:27 UTC 2019
3 ms. Memory: 45056K Free: 24418K (54%)
ptolemy.util.test.WatchDog.cancel(): canceling Fri Oct 11 05:54:27 UTC 2019
------------------ testing $PTII/ptolemy/domains/de/test/auto/DepthTest3.xml
auto.tcl: Setting watchdog for 200 seconds at Fri Oct 11 05:54:27 UTC 2019
6 ms. Memory: 45056K Free: 28570K (63%)
ptolemy.util.test.WatchDog.cancel(): canceling Fri Oct 11 05:54:27 UTC 2019
auto.tcl: Setting watchdog for 200 seconds at Fri Oct 11 05:54:27 UTC 2019
2 ms. Memory: 45056K Free: 28034K (62%)
ptolemy.util.test.WatchDog.cancel(): canceling Fri Oct 11 05:54:27 UTC 2019
------------------ testing $PTII/ptolemy/domains/de/test/auto/DepthTest4.xml
auto.tcl: Setting watchdog for 200 seconds at Fri Oct 11 05:54:27 UTC 2019
4 ms. Memory: 45056K Free: 26782K (59%)
ptolemy.util.test.WatchDog.cancel(): canceling Fri Oct 11 05:54:28 UTC 2019
auto.tcl: Setting watchdog for 200 seconds at Fri Oct 11 05:54:28 UTC 2019
2 ms. Memory: 45056K Free: 26083K (58%)
ptolemy.util.test.WatchDog.cancel(): canceling Fri Oct 11 05:54:28 UTC 2019
------------------ testing $PTII/ptolemy/domains/de/test/auto/DepthTest5.xml
auto.tcl: Setting watchdog for 200 seconds at Fri Oct 11 05:54:28 UTC 2019
6 ms. Memory: 45056K Free: 26177K (58%)
ptolemy.util.test.WatchDog.cancel(): canceling Fri Oct 11 05:54:28 UTC 2019
auto.tcl: Setting watchdog for 200 seconds at Fri Oct 11 05:54:28 UTC 2019
4 ms. Memory: 45056K Free: 25380K (56%)
ptolemy.util.test.WatchDog.cancel(): canceling Fri Oct 11 05:54:28 UTC 2019
------------------ testing $PTII/ptolemy/domains/de/test/auto/DepthTest6.xml
auto.tcl: Setting watchdog for 200 seconds at Fri Oct 11 05:54:28 UTC 2019
7 ms. Memory: 45056K Free: 25889K (57%)
ptolemy.util.test.WatchDog.cancel(): canceling Fri Oct 11 05:54:28 UTC 2019
auto.tcl: Setting watchdog for 200 seconds at Fri Oct 11 05:54:28 UTC 2019
3 ms. Memory: 45056K Free: 25470K (57%)
ptolemy.util.test.WatchDog.cancel(): canceling Fri Oct 11 05:54:28 UTC 2019
------------------ testing $PTII/ptolemy/domains/de/test/auto/DepthTest7.xml
auto.tcl: Setting watchdog for 200 seconds at Fri Oct 11 05:54:28 UTC 2019
4 ms. Memory: 45056K Free: 26701K (59%)
ptolemy.util.test.WatchDog.cancel(): canceling Fri Oct 11 05:54:28 UTC 2019
auto.tcl: Setting watchdog for 200 seconds at Fri Oct 11 05:54:28 UTC 2019
3 ms. Memory: 45056K Free: 25952K (58%)
ptolemy.util.test.WatchDog.cancel(): canceling Fri Oct 11 05:54:28 UTC 2019
------------------ testing $PTII/ptolemy/domains/de/test/auto/EventToDate.xml
auto.tcl: Setting watchdog for 200 seconds at Fri Oct 11 05:54:28 UTC 2019
3006 ms. Memory: 45056K Free: 17184K (38%)
ptolemy.util.test.WatchDog.cancel(): canceling Fri Oct 11 05:54:31 UTC 2019
auto.tcl: Setting watchdog for 200 seconds at Fri Oct 11 05:54:31 UTC 2019
3007 ms. Memory: 45056K Free: 16430K (36%)
ptolemy.util.test.WatchDog.cancel(): canceling Fri Oct 11 05:54:34 UTC 2019
------------------ testing $PTII/ptolemy/domains/de/test/auto/FSM1.xml
auto.tcl: Setting watchdog for 200 seconds at Fri Oct 11 05:54:34 UTC 2019
51 ms. Memory: 45056K Free: 18694K (41%)
ptolemy.util.test.WatchDog.cancel(): canceling Fri Oct 11 05:54:34 UTC 2019
auto.tcl: Setting watchdog for 200 seconds at Fri Oct 11 05:54:34 UTC 2019
17 ms. Memory: 45056K Free: 15454K (34%)
ptolemy.util.test.WatchDog.cancel(): canceling Fri Oct 11 05:54:34 UTC 2019
------------------ testing $PTII/ptolemy/domains/de/test/auto/FSM7.xml
auto.tcl: Setting watchdog for 200 seconds at Fri Oct 11 05:54:34 UTC 2019
15 ms. Memory: 45056K Free: 18624K (41%)
ptolemy.util.test.WatchDog.cancel(): canceling Fri Oct 11 05:54:34 UTC 2019
auto.tcl: Setting watchdog for 200 seconds at Fri Oct 11 05:54:34 UTC 2019
33 ms. Memory: 45056K Free: 15336K (34%)
ptolemy.util.test.WatchDog.cancel(): canceling Fri Oct 11 05:54:34 UTC 2019
------------------ testing $PTII/ptolemy/domains/de/test/auto/Inspection.xml
auto.tcl: Setting watchdog for 200 seconds at Fri Oct 11 05:54:34 UTC 2019
51 ms. Memory: 45056K Free: 18434K (41%)
ptolemy.util.test.WatchDog.cancel(): canceling Fri Oct 11 05:54:34 UTC 2019
auto.tcl: Setting watchdog for 200 seconds at Fri Oct 11 05:54:34 UTC 2019
49 ms. Memory: 45056K Free: 16698K (37%)
ptolemy.util.test.WatchDog.cancel(): canceling Fri Oct 11 05:54:34 UTC 2019
------------------ testing $PTII/ptolemy/domains/de/test/auto/Iteration.xml
auto.tcl: Setting watchdog for 200 seconds at Fri Oct 11 05:54:35 UTC 2019
8 ms. Memory: 45056K Free: 24181K (54%)
ptolemy.util.test.WatchDog.cancel(): canceling Fri Oct 11 05:54:35 UTC 2019
auto.tcl: Setting watchdog for 200 seconds at Fri Oct 11 05:54:35 UTC 2019
9 ms. Memory: 45056K Free: 23121K (51%)
ptolemy.util.test.WatchDog.cancel(): canceling Fri Oct 11 05:54:35 UTC 2019
------------------ testing $PTII/ptolemy/domains/de/test/auto/LineFault.xml
auto.tcl: Setting watchdog for 200 seconds at Fri Oct 11 05:54:35 UTC 2019
801 ms. Memory: 54272K Free: 14160K (26%)
ptolemy.util.test.WatchDog.cancel(): canceling Fri Oct 11 05:54:36 UTC 2019
auto.tcl: Setting watchdog for 200 seconds at Fri Oct 11 05:54:36 UTC 2019
706 ms. Memory: 54272K Free: 34821K (64%)
ptolemy.util.test.WatchDog.cancel(): canceling Fri Oct 11 05:54:36 UTC 2019
------------------ testing $PTII/ptolemy/domains/de/test/auto/MergeModel1Add.xml
auto.tcl: Setting watchdog for 200 seconds at Fri Oct 11 05:54:36 UTC 2019
45 ms. Memory: 54272K Free: 19042K (35%)
ptolemy.util.test.WatchDog.cancel(): canceling Fri Oct 11 05:54:37 UTC 2019
auto.tcl: Setting watchdog for 200 seconds at Fri Oct 11 05:54:37 UTC 2019
16 ms. Memory: 54272K Free: 17418K (32%)
ptolemy.util.test.WatchDog.cancel(): canceling Fri Oct 11 05:54:37 UTC 2019
------------------ testing $PTII/ptolemy/domains/de/test/auto/MergeModel2Add.xml
auto.tcl: Setting watchdog for 200 seconds at Fri Oct 11 05:54:37 UTC 2019
9 ms. Memory: 51200K Free: 18012K (35%)
ptolemy.util.test.WatchDog.cancel(): canceling Fri Oct 11 05:54:37 UTC 2019
auto.tcl: Setting watchdog for 200 seconds at Fri Oct 11 05:54:37 UTC 2019
9 ms. Memory: 51200K Free: 16508K (32%)
ptolemy.util.test.WatchDog.cancel(): canceling Fri Oct 11 05:54:37 UTC 2019
------------------ testing $PTII/ptolemy/domains/de/test/auto/MergeModel3Add.xml
auto.tcl: Setting watchdog for 200 seconds at Fri Oct 11 05:54:37 UTC 2019
9 ms. Memory: 51200K Free: 18013K (35%)
ptolemy.util.test.WatchDog.cancel(): canceling Fri Oct 11 05:54:37 UTC 2019
auto.tcl: Setting watchdog for 200 seconds at Fri Oct 11 05:54:37 UTC 2019
10 ms. Memory: 51200K Free: 16664K (33%)
ptolemy.util.test.WatchDog.cancel(): canceling Fri Oct 11 05:54:37 UTC 2019
------------------ testing $PTII/ptolemy/domains/de/test/auto/MergeWithoutDiscard.xml
auto.tcl: Setting watchdog for 200 seconds at Fri Oct 11 05:54:37 UTC 2019
4 ms. Memory: 51200K Free: 32927K (64%)
ptolemy.util.test.WatchDog.cancel(): canceling Fri Oct 11 05:54:37 UTC 2019
auto.tcl: Setting watchdog for 200 seconds at Fri Oct 11 05:54:37 UTC 2019
1 ms. Memory: 51200K Free: 32012K (63%)
ptolemy.util.test.WatchDog.cancel(): canceling Fri Oct 11 05:54:37 UTC 2019
------------------ testing $PTII/ptolemy/domains/de/test/auto/Modal1.xml
auto.tcl: Setting watchdog for 200 seconds at Fri Oct 11 05:54:37 UTC 2019
13 ms. Memory: 48128K Free: 21945K (46%)
ptolemy.util.test.WatchDog.cancel(): canceling Fri Oct 11 05:54:37 UTC 2019
auto.tcl: Setting watchdog for 200 seconds at Fri Oct 11 05:54:37 UTC 2019
22 ms. Memory: 48128K Free: 18391K (38%)
ptolemy.util.test.WatchDog.cancel(): canceling Fri Oct 11 05:54:37 UTC 2019
------------------ testing $PTII/ptolemy/domains/de/test/auto/Modal2.xml
auto.tcl: Setting watchdog for 200 seconds at Fri Oct 11 05:54:37 UTC 2019
18 ms. Memory: 48128K Free: 21823K (45%)
ptolemy.util.test.WatchDog.cancel(): canceling Fri Oct 11 05:54:37 UTC 2019
auto.tcl: Setting watchdog for 200 seconds at Fri Oct 11 05:54:37 UTC 2019
21 ms. Memory: 48128K Free: 18327K (38%)
ptolemy.util.test.WatchDog.cancel(): canceling Fri Oct 11 05:54:37 UTC 2019
------------------ testing $PTII/ptolemy/domains/de/test/auto/Modal3.xml
auto.tcl: Setting watchdog for 200 seconds at Fri Oct 11 05:54:37 UTC 2019
12 ms. Memory: 48128K Free: 21550K (45%)
ptolemy.util.test.WatchDog.cancel(): canceling Fri Oct 11 05:54:37 UTC 2019
auto.tcl: Setting watchdog for 200 seconds at Fri Oct 11 05:54:37 UTC 2019
13 ms. Memory: 48128K Free: 18339K (38%)
ptolemy.util.test.WatchDog.cancel(): canceling Fri Oct 11 05:54:37 UTC 2019
------------------ testing $PTII/ptolemy/domains/de/test/auto/Modal4.xml
auto.tcl: Setting watchdog for 200 seconds at Fri Oct 11 05:54:37 UTC 2019
15 ms. Memory: 48128K Free: 20261K (42%)
ptolemy.util.test.WatchDog.cancel(): canceling Fri Oct 11 05:54:38 UTC 2019
auto.tcl: Setting watchdog for 200 seconds at Fri Oct 11 05:54:38 UTC 2019
28 ms. Memory: 48128K Free: 16698K (35%)
ptolemy.util.test.WatchDog.cancel(): canceling Fri Oct 11 05:54:38 UTC 2019
------------------ testing $PTII/ptolemy/domains/de/test/auto/Modal5.xml
auto.tcl: Setting watchdog for 200 seconds at Fri Oct 11 05:54:38 UTC 2019
16 ms. Memory: 48128K Free: 20519K (43%)
ptolemy.util.test.WatchDog.cancel(): canceling Fri Oct 11 05:54:38 UTC 2019
auto.tcl: Setting watchdog for 200 seconds at Fri Oct 11 05:54:38 UTC 2019
17 ms. Memory: 48128K Free: 16906K (35%)
ptolemy.util.test.WatchDog.cancel(): canceling Fri Oct 11 05:54:38 UTC 2019
------------------ testing $PTII/ptolemy/domains/de/test/auto/Modal6.xml
auto.tcl: Setting watchdog for 200 seconds at Fri Oct 11 05:54:38 UTC 2019
20 ms. Memory: 48128K Free: 21309K (44%)
ptolemy.util.test.WatchDog.cancel(): canceling Fri Oct 11 05:54:38 UTC 2019
auto.tcl: Setting watchdog for 200 seconds at Fri Oct 11 05:54:38 UTC 2019
15 ms. Memory: 48128K Free: 17706K (37%)
ptolemy.util.test.WatchDog.cancel(): canceling Fri Oct 11 05:54:38 UTC 2019
------------------ testing $PTII/ptolemy/domains/de/test/auto/Modal7.xml
auto.tcl: Setting watchdog for 200 seconds at Fri Oct 11 05:54:38 UTC 2019
20 ms. Memory: 48128K Free: 20244K (42%)
ptolemy.util.test.WatchDog.cancel(): canceling Fri Oct 11 05:54:38 UTC 2019
auto.tcl: Setting watchdog for 200 seconds at Fri Oct 11 05:54:38 UTC 2019
18 ms. Memory: 48128K Free: 16906K (35%)
ptolemy.util.test.WatchDog.cancel(): canceling Fri Oct 11 05:54:38 UTC 2019
------------------ testing $PTII/ptolemy/domains/de/test/auto/ModalModel.xml
auto.tcl: Setting watchdog for 200 seconds at Fri Oct 11 05:54:38 UTC 2019
216 ms. Memory: 58368K Free: 22978K (39%)
ptolemy.util.test.WatchDog.cancel(): canceling Fri Oct 11 05:54:38 UTC 2019
auto.tcl: Setting watchdog for 200 seconds at Fri Oct 11 05:54:38 UTC 2019
226 ms. Memory: 58368K Free: 21491K (37%)
ptolemy.util.test.WatchDog.cancel(): canceling Fri Oct 11 05:54:39 UTC 2019
------------------ testing $PTII/ptolemy/domains/de/test/auto/ModalSource.xml
auto.tcl: Setting watchdog for 200 seconds at Fri Oct 11 05:54:39 UTC 2019
14 ms. Memory: 51200K Free: 28430K (56%)
ptolemy.util.test.WatchDog.cancel(): canceling Fri Oct 11 05:54:39 UTC 2019
auto.tcl: Setting watchdog for 200 seconds at Fri Oct 11 05:54:39 UTC 2019
7 ms. Memory: 51200K Free: 26382K (52%)
ptolemy.util.test.WatchDog.cancel(): canceling Fri Oct 11 05:54:39 UTC 2019
------------------ testing $PTII/ptolemy/domains/de/test/auto/NonInterruptibleTimerZeroDelay.xml
auto.tcl: Setting watchdog for 200 seconds at Fri Oct 11 05:54:39 UTC 2019
5 ms. Memory: 48128K Free: 30286K (63%)
ptolemy.util.test.WatchDog.cancel(): canceling Fri Oct 11 05:54:39 UTC 2019
auto.tcl: Setting watchdog for 200 seconds at Fri Oct 11 05:54:39 UTC 2019
3 ms. Memory: 48128K Free: 29659K (62%)
ptolemy.util.test.WatchDog.cancel(): canceling Fri Oct 11 05:54:39 UTC 2019
------------------ testing $PTII/ptolemy/domains/de/test/auto/OpenQueueingNetwork.xml
auto.tcl: Setting watchdog for 200 seconds at Fri Oct 11 05:54:39 UTC 2019
2975 ms. Memory: 120832K Free: 42163K (35%)
ptolemy.util.test.WatchDog.cancel(): canceling Fri Oct 11 05:54:42 UTC 2019
auto.tcl: Setting watchdog for 200 seconds at Fri Oct 11 05:54:42 UTC 2019
3074 ms. Memory: 182272K Free: 105175K (58%)
ptolemy.util.test.WatchDog.cancel(): canceling Fri Oct 11 05:54:45 UTC 2019
------------------ testing $PTII/ptolemy/domains/de/test/auto/OpenQueuingNetwork.xml
auto.tcl: Setting watchdog for 200 seconds at Fri Oct 11 05:54:45 UTC 2019
321 ms. Memory: 55296K Free: 24405K (44%)
ptolemy.util.test.WatchDog.cancel(): canceling Fri Oct 11 05:54:46 UTC 2019
auto.tcl: Setting watchdog for 200 seconds at Fri Oct 11 05:54:46 UTC 2019
287 ms. Memory: 55296K Free: 32415K (59%)
ptolemy.util.test.WatchDog.cancel(): canceling Fri Oct 11 05:54:46 UTC 2019
------------------ testing $PTII/ptolemy/domains/de/test/auto/PeriodicSampler.xml
auto.tcl: Setting watchdog for 200 seconds at Fri Oct 11 05:54:46 UTC 2019
4 ms. Memory: 51200K Free: 32568K (64%)
ptolemy.util.test.WatchDog.cancel(): canceling Fri Oct 11 05:54:46 UTC 2019
auto.tcl: Setting watchdog for 200 seconds at Fri Oct 11 05:54:46 UTC 2019
3 ms. Memory: 51200K Free: 32059K (63%)
ptolemy.util.test.WatchDog.cancel(): canceling Fri Oct 11 05:54:46 UTC 2019
------------------ testing $PTII/ptolemy/domains/de/test/auto/PersistentIO.xml
auto.tcl: Setting watchdog for 200 seconds at Fri Oct 11 05:54:46 UTC 2019
20 ms. Memory: 51200K Free: 27491K (54%)
ptolemy.util.test.WatchDog.cancel(): canceling Fri Oct 11 05:54:46 UTC 2019
auto.tcl: Setting watchdog for 200 seconds at Fri Oct 11 05:54:46 UTC 2019
5 ms. Memory: 51200K Free: 25994K (51%)
ptolemy.util.test.WatchDog.cancel(): canceling Fri Oct 11 05:54:46 UTC 2019
------------------ testing $PTII/ptolemy/domains/de/test/auto/PortParameterResetOnInitialize.xml
auto.tcl: Setting watchdog for 200 seconds at Fri Oct 11 05:54:46 UTC 2019
3 ms. Memory: 48128K Free: 29404K (61%)
ptolemy.util.test.WatchDog.cancel(): canceling Fri Oct 11 05:54:46 UTC 2019
auto.tcl: Setting watchdog for 200 seconds at Fri Oct 11 05:54:46 UTC 2019
2 ms. Memory: 48128K Free: 28920K (60%)
ptolemy.util.test.WatchDog.cancel(): canceling Fri Oct 11 05:54:46 UTC 2019
------------------ testing $PTII/ptolemy/domains/de/test/auto/PortParameterUpdates.xml
auto.tcl: Setting watchdog for 200 seconds at Fri Oct 11 05:54:46 UTC 2019
4 ms. Memory: 48128K Free: 27496K (57%)
ptolemy.util.test.WatchDog.cancel(): canceling Fri Oct 11 05:54:46 UTC 2019
auto.tcl: Setting watchdog for 200 seconds at Fri Oct 11 05:54:46 UTC 2019
5 ms. Memory: 48128K Free: 26498K (55%)
ptolemy.util.test.WatchDog.cancel(): canceling Fri Oct 11 05:54:46 UTC 2019
------------------ testing $PTII/ptolemy/domains/de/test/auto/QueueAndServer.xml
auto.tcl: Setting watchdog for 200 seconds at Fri Oct 11 05:54:46 UTC 2019
16 ms. Memory: 48128K Free: 26442K (55%)
ptolemy.util.test.WatchDog.cancel(): canceling Fri Oct 11 05:54:46 UTC 2019
auto.tcl: Setting watchdog for 200 seconds at Fri Oct 11 05:54:46 UTC 2019
8 ms. Memory: 48128K Free: 24992K (52%)
ptolemy.util.test.WatchDog.cancel(): canceling Fri Oct 11 05:54:46 UTC 2019
------------------ testing $PTII/ptolemy/domains/de/test/auto/Records.xml
auto.tcl: Setting watchdog for 200 seconds at Fri Oct 11 05:54:46 UTC 2019
4 ms. Memory: 48128K Free: 28948K (60%)
ptolemy.util.test.WatchDog.cancel(): canceling Fri Oct 11 05:54:47 UTC 2019
auto.tcl: Setting watchdog for 200 seconds at Fri Oct 11 05:54:47 UTC 2019
4 ms. Memory: 48128K Free: 28462K (59%)
ptolemy.util.test.WatchDog.cancel(): canceling Fri Oct 11 05:54:47 UTC 2019
------------------ testing $PTII/ptolemy/domains/de/test/auto/ResetTransitionWithStartTime1.xml
auto.tcl: Setting watchdog for 200 seconds at Fri Oct 11 05:54:47 UTC 2019
14 ms. Memory: 48128K Free: 25903K (54%)
ptolemy.util.test.WatchDog.cancel(): canceling Fri Oct 11 05:54:47 UTC 2019
auto.tcl: Setting watchdog for 200 seconds at Fri Oct 11 05:54:47 UTC 2019
9 ms. Memory: 48128K Free: 23855K (50%)
ptolemy.util.test.WatchDog.cancel(): canceling Fri Oct 11 05:54:47 UTC 2019
------------------ testing $PTII/ptolemy/domains/de/test/auto/ResetTransitionWithStartTime2.xml
auto.tcl: Setting watchdog for 200 seconds at Fri Oct 11 05:54:47 UTC 2019
7 ms. Memory: 48128K Free: 25858K (54%)
ptolemy.util.test.WatchDog.cancel(): canceling Fri Oct 11 05:54:47 UTC 2019
auto.tcl: Setting watchdog for 200 seconds at Fri Oct 11 05:54:47 UTC 2019
6 ms. Memory: 48128K Free: 23341K (48%)
ptolemy.util.test.WatchDog.cancel(): canceling Fri Oct 11 05:54:47 UTC 2019
------------------ testing $PTII/ptolemy/domains/de/test/auto/ResetTransitionWithStartTime3.xml
auto.tcl: Setting watchdog for 200 seconds at Fri Oct 11 05:54:47 UTC 2019
11 ms. Memory: 48128K Free: 25856K (54%)
ptolemy.util.test.WatchDog.cancel(): canceling Fri Oct 11 05:54:47 UTC 2019
auto.tcl: Setting watchdog for 200 seconds at Fri Oct 11 05:54:47 UTC 2019
6 ms. Memory: 48128K Free: 23356K (49%)
ptolemy.util.test.WatchDog.cancel(): canceling Fri Oct 11 05:54:47 UTC 2019
------------------ testing $PTII/ptolemy/domains/de/test/auto/ResetTransitionWithStartTime4.xml
auto.tcl: Setting watchdog for 200 seconds at Fri Oct 11 05:54:47 UTC 2019
16 ms. Memory: 48128K Free: 26303K (55%)
ptolemy.util.test.WatchDog.cancel(): canceling Fri Oct 11 05:54:47 UTC 2019
auto.tcl: Setting watchdog for 200 seconds at Fri Oct 11 05:54:47 UTC 2019
5 ms. Memory: 48128K Free: 24888K (52%)
ptolemy.util.test.WatchDog.cancel(): canceling Fri Oct 11 05:54:47 UTC 2019
------------------ testing $PTII/ptolemy/domains/de/test/auto/ResettableTimer1.xml
auto.tcl: Setting watchdog for 200 seconds at Fri Oct 11 05:54:47 UTC 2019
3 ms. Memory: 48128K Free: 30093K (63%)
ptolemy.util.test.WatchDog.cancel(): canceling Fri Oct 11 05:54:47 UTC 2019
auto.tcl: Setting watchdog for 200 seconds at Fri Oct 11 05:54:47 UTC 2019
2 ms. Memory: 48128K Free: 29031K (60%)
ptolemy.util.test.WatchDog.cancel(): canceling Fri Oct 11 05:54:47 UTC 2019
------------------ testing $PTII/ptolemy/domains/de/test/auto/ResettableTimer2.xml
auto.tcl: Setting watchdog for 200 seconds at Fri Oct 11 05:54:47 UTC 2019
3 ms. Memory: 48128K Free: 30127K (63%)
ptolemy.util.test.WatchDog.cancel(): canceling Fri Oct 11 05:54:47 UTC 2019
auto.tcl: Setting watchdog for 200 seconds at Fri Oct 11 05:54:47 UTC 2019
2 ms. Memory: 48128K Free: 29066K (60%)
ptolemy.util.test.WatchDog.cancel(): canceling Fri Oct 11 05:54:47 UTC 2019
------------------ testing $PTII/ptolemy/domains/de/test/auto/ResettableTimer3.xml
auto.tcl: Setting watchdog for 200 seconds at Fri Oct 11 05:54:47 UTC 2019
2 ms. Memory: 48128K Free: 30012K (62%)
ptolemy.util.test.WatchDog.cancel(): canceling Fri Oct 11 05:54:47 UTC 2019
auto.tcl: Setting watchdog for 200 seconds at Fri Oct 11 05:54:47 UTC 2019
2 ms. Memory: 48128K Free: 29537K (61%)
ptolemy.util.test.WatchDog.cancel(): canceling Fri Oct 11 05:54:47 UTC 2019
------------------ testing $PTII/ptolemy/domains/de/test/auto/ResettableTimer4.xml
auto.tcl: Setting watchdog for 200 seconds at Fri Oct 11 05:54:47 UTC 2019
2 ms. Memory: 48128K Free: 30026K (62%)
ptolemy.util.test.WatchDog.cancel(): canceling Fri Oct 11 05:54:47 UTC 2019
auto.tcl: Setting watchdog for 200 seconds at Fri Oct 11 05:54:47 UTC 2019
2 ms. Memory: 48128K Free: 29520K (61%)
ptolemy.util.test.WatchDog.cancel(): canceling Fri Oct 11 05:54:47 UTC 2019
------------------ testing $PTII/ptolemy/domains/de/test/auto/ResettableTimer5.xml
auto.tcl: Setting watchdog for 200 seconds at Fri Oct 11 05:54:47 UTC 2019
2 ms. Memory: 48128K Free: 29375K (61%)
ptolemy.util.test.WatchDog.cancel(): canceling Fri Oct 11 05:54:47 UTC 2019
auto.tcl: Setting watchdog for 200 seconds at Fri Oct 11 05:54:47 UTC 2019
1 ms. Memory: 48128K Free: 28976K (60%)
ptolemy.util.test.WatchDog.cancel(): canceling Fri Oct 11 05:54:47 UTC 2019
------------------ testing $PTII/ptolemy/domains/de/test/auto/ResettableTimer6.xml
auto.tcl: Setting watchdog for 200 seconds at Fri Oct 11 05:54:47 UTC 2019
2 ms. Memory: 48128K Free: 29471K (61%)
ptolemy.util.test.WatchDog.cancel(): canceling Fri Oct 11 05:54:47 UTC 2019
auto.tcl: Setting watchdog for 200 seconds at Fri Oct 11 05:54:47 UTC 2019
2 ms. Memory: 48128K Free: 28987K (60%)
ptolemy.util.test.WatchDog.cancel(): canceling Fri Oct 11 05:54:47 UTC 2019
------------------ testing $PTII/ptolemy/domains/de/test/auto/ServerZeroDelay.xml
auto.tcl: Setting watchdog for 200 seconds at Fri Oct 11 05:54:48 UTC 2019
3 ms. Memory: 48128K Free: 30135K (63%)
ptolemy.util.test.WatchDog.cancel(): canceling Fri Oct 11 05:54:48 UTC 2019
auto.tcl: Setting watchdog for 200 seconds at Fri Oct 11 05:54:48 UTC 2019
3 ms. Memory: 48128K Free: 29042K (60%)
ptolemy.util.test.WatchDog.cancel(): canceling Fri Oct 11 05:54:48 UTC 2019
------------------ testing $PTII/ptolemy/domains/de/test/auto/SmartSender.xml
auto.tcl: Setting watchdog for 200 seconds at Fri Oct 11 05:54:48 UTC 2019
3002 ms. Memory: 48128K Free: 30023K (62%)
ptolemy.util.test.WatchDog.cancel(): canceling Fri Oct 11 05:54:51 UTC 2019
auto.tcl: Setting watchdog for 200 seconds at Fri Oct 11 05:54:51 UTC 2019
3002 ms. Memory: 48128K Free: 29524K (61%)
ptolemy.util.test.WatchDog.cancel(): canceling Fri Oct 11 05:54:54 UTC 2019
------------------ testing $PTII/ptolemy/domains/de/test/auto/ThreadedComposite.xml
auto.tcl: Setting watchdog for 200 seconds at Fri Oct 11 05:54:54 UTC 2019
224 ms. Memory: 48128K Free: 11044K (23%)
ptolemy.util.test.WatchDog.cancel(): canceling Fri Oct 11 05:54:54 UTC 2019
auto.tcl: Setting watchdog for 200 seconds at Fri Oct 11 05:54:54 UTC 2019
137 ms. Memory: 48128K Free: 24132K (50%)
ptolemy.util.test.WatchDog.cancel(): canceling Fri Oct 11 05:54:54 UTC 2019
------------------ testing $PTII/ptolemy/domains/de/test/auto/Time.xml
auto.tcl: Setting watchdog for 200 seconds at Fri Oct 11 05:54:54 UTC 2019
611 ms. Memory: 48128K Free: 26704K (55%)
ptolemy.util.test.WatchDog.cancel(): canceling Fri Oct 11 05:54:55 UTC 2019
auto.tcl: Setting watchdog for 200 seconds at Fri Oct 11 05:54:55 UTC 2019
543 ms. Memory: 48128K Free: 23040K (48%)
ptolemy.util.test.WatchDog.cancel(): canceling Fri Oct 11 05:54:55 UTC 2019
------------------ testing $PTII/ptolemy/domains/de/test/auto/TimeDelayZeroDelay.xml
auto.tcl: Setting watchdog for 200 seconds at Fri Oct 11 05:54:55 UTC 2019
5 ms. Memory: 48128K Free: 30411K (63%)
ptolemy.util.test.WatchDog.cancel(): canceling Fri Oct 11 05:54:55 UTC 2019
auto.tcl: Setting watchdog for 200 seconds at Fri Oct 11 05:54:55 UTC 2019
3 ms. Memory: 48128K Free: 29901K (62%)
ptolemy.util.test.WatchDog.cancel(): canceling Fri Oct 11 05:54:55 UTC 2019
------------------ testing $PTII/ptolemy/domains/de/test/auto/TimerZeroDelay.xml
auto.tcl: Setting watchdog for 200 seconds at Fri Oct 11 05:54:55 UTC 2019
5 ms. Memory: 48128K Free: 30440K (63%)
ptolemy.util.test.WatchDog.cancel(): canceling Fri Oct 11 05:54:56 UTC 2019
auto.tcl: Setting watchdog for 200 seconds at Fri Oct 11 05:54:56 UTC 2019
2 ms. Memory: 48128K Free: 29552K (61%)
ptolemy.util.test.WatchDog.cancel(): canceling Fri Oct 11 05:54:56 UTC 2019
------------------ testing $PTII/ptolemy/domains/de/test/auto/TimingParadox.xml
auto.tcl: Setting watchdog for 200 seconds at Fri Oct 11 05:54:56 UTC 2019
402 ms. Memory: 48128K Free: 10962K (23%)
ptolemy.util.test.WatchDog.cancel(): canceling Fri Oct 11 05:54:56 UTC 2019
auto.tcl: Setting watchdog for 200 seconds at Fri Oct 11 05:54:56 UTC 2019
400 ms. Memory: 96256K Free: 68748K (71%)
ptolemy.util.test.WatchDog.cancel(): canceling Fri Oct 11 05:54:57 UTC 2019
------------------ testing $PTII/ptolemy/domains/de/test/auto/TransferInputs.xml
auto.tcl: Setting watchdog for 200 seconds at Fri Oct 11 05:54:57 UTC 2019
3 ms. Memory: 51200K Free: 31498K (62%)
ptolemy.util.test.WatchDog.cancel(): canceling Fri Oct 11 05:54:57 UTC 2019
auto.tcl: Setting watchdog for 200 seconds at Fri Oct 11 05:54:57 UTC 2019
2 ms. Memory: 51200K Free: 30607K (60%)
ptolemy.util.test.WatchDog.cancel(): canceling Fri Oct 11 05:54:57 UTC 2019
------------------ testing $PTII/ptolemy/domains/de/test/auto/TransferOutputs2.xml
auto.tcl: Setting watchdog for 200 seconds at Fri Oct 11 05:54:57 UTC 2019
4 ms. Memory: 48128K Free: 25855K (54%)
ptolemy.util.test.WatchDog.cancel(): canceling Fri Oct 11 05:54:57 UTC 2019
auto.tcl: Setting watchdog for 200 seconds at Fri Oct 11 05:54:57 UTC 2019
4 ms. Memory: 48128K Free: 24490K (51%)
ptolemy.util.test.WatchDog.cancel(): canceling Fri Oct 11 05:54:57 UTC 2019
------------------ testing $PTII/ptolemy/domains/de/test/auto/Trilateration.xml
auto.tcl: Setting watchdog for 200 seconds at Fri Oct 11 05:54:57 UTC 2019
16423 ms. Memory: 505856K Free: 356697K (71%)
ptolemy.util.test.WatchDog.cancel(): canceling Fri Oct 11 05:55:14 UTC 2019
auto.tcl: Setting watchdog for 200 seconds at Fri Oct 11 05:55:14 UTC 2019
12707 ms. Memory: 505856K Free: 403609K (80%)
ptolemy.util.test.WatchDog.cancel(): canceling Fri Oct 11 05:55:27 UTC 2019
------------------ testing $PTII/ptolemy/domains/de/test/auto/TwoSigmaDelta.xml
auto.tcl: Setting watchdog for 200 seconds at Fri Oct 11 05:55:27 UTC 2019
2903 ms. Memory: 89088K Free: 22484K (25%)
ptolemy.util.test.WatchDog.cancel(): canceling Fri Oct 11 05:55:30 UTC 2019
auto.tcl: Setting watchdog for 200 seconds at Fri Oct 11 05:55:30 UTC 2019
2186 ms. Memory: 89088K Free: 14784K (17%)
ptolemy.util.test.WatchDog.cancel(): canceling Fri Oct 11 05:55:33 UTC 2019
------------------ testing $PTII/ptolemy/domains/de/test/auto/VariableDelay.xml
auto.tcl: Setting watchdog for 200 seconds at Fri Oct 11 05:55:33 UTC 2019
4 ms. Memory: 51200K Free: 31977K (62%)
ptolemy.util.test.WatchDog.cancel(): canceling Fri Oct 11 05:55:33 UTC 2019
auto.tcl: Setting watchdog for 200 seconds at Fri Oct 11 05:55:33 UTC 2019
2 ms. Memory: 51200K Free: 30937K (60%)
ptolemy.util.test.WatchDog.cancel(): canceling Fri Oct 11 05:55:33 UTC 2019
------------------ testing $PTII/ptolemy/domains/de/test/auto/VariableDelay2.xml
auto.tcl: Setting watchdog for 200 seconds at Fri Oct 11 05:55:33 UTC 2019
9 ms. Memory: 51200K Free: 32284K (63%)
ptolemy.util.test.WatchDog.cancel(): canceling Fri Oct 11 05:55:33 UTC 2019
auto.tcl: Setting watchdog for 200 seconds at Fri Oct 11 05:55:33 UTC 2019
3 ms. Memory: 51200K Free: 31334K (61%)
ptolemy.util.test.WatchDog.cancel(): canceling Fri Oct 11 05:55:33 UTC 2019
------------------ testing $PTII/ptolemy/domains/de/test/auto/VariableDelayZeroDelay.xml
auto.tcl: Setting watchdog for 200 seconds at Fri Oct 11 05:55:33 UTC 2019
3 ms. Memory: 48128K Free: 29830K (62%)
ptolemy.util.test.WatchDog.cancel(): canceling Fri Oct 11 05:55:33 UTC 2019
auto.tcl: Setting watchdog for 200 seconds at Fri Oct 11 05:55:33 UTC 2019
3 ms. Memory: 48128K Free: 29345K (61%)
ptolemy.util.test.WatchDog.cancel(): canceling Fri Oct 11 05:55:33 UTC 2019
------------------ testing $PTII/ptolemy/domains/de/test/auto/VariableDelayZeroDelay2.xml
auto.tcl: Setting watchdog for 200 seconds at Fri Oct 11 05:55:33 UTC 2019
3 ms. Memory: 48128K Free: 29829K (62%)
ptolemy.util.test.WatchDog.cancel(): canceling Fri Oct 11 05:55:33 UTC 2019
auto.tcl: Setting watchdog for 200 seconds at Fri Oct 11 05:55:33 UTC 2019
2 ms. Memory: 48128K Free: 28880K (60%)
ptolemy.util.test.WatchDog.cancel(): canceling Fri Oct 11 05:55:33 UTC 2019
------------------ testing $PTII/ptolemy/domains/de/test/auto/deInCt.xml
auto.tcl: Setting watchdog for 200 seconds at Fri Oct 11 05:55:33 UTC 2019
0
1
1
1
1
0
0
0
1
1
1
0
0
1
1
0
0
0
0
0
1
1
1
0
0
0
0
0
0
1
1
0
0
0
1
1
1
0
0
0
0
13 ms. Memory: 48128K Free: 28802K (60%)
ptolemy.util.test.WatchDog.cancel(): canceling Fri Oct 11 05:55:33 UTC 2019
auto.tcl: Setting watchdog for 200 seconds at Fri Oct 11 05:55:33 UTC 2019
0
1
1
1
0
0
0
0
0
1
1
1
0
0
0
0
1
1
1
1
0
0
0
1
1
1
1
0
0
0
0
5 ms. Memory: 48128K Free: 27289K (57%)
ptolemy.util.test.WatchDog.cancel(): canceling Fri Oct 11 05:55:33 UTC 2019
------------------ testing $PTII/ptolemy/domains/de/test/auto/deInCt2.xml
auto.tcl: Setting watchdog for 200 seconds at Fri Oct 11 05:55:33 UTC 2019
0
1
1
1
0
0
1
1
1
0
0
1
1
1
0
0
1
1
1
0
0
1
1
1
0
0
1
1
1
0
0
1
1
1
0
0
1
1
1
0
0
0
19 ms. Memory: 48128K Free: 28805K (60%)
ptolemy.util.test.WatchDog.cancel(): canceling Fri Oct 11 05:55:33 UTC 2019
auto.tcl: Setting watchdog for 200 seconds at Fri Oct 11 05:55:33 UTC 2019
0
1
1
1
0
0
1
1
1
0
0
1
1
1
0
0
1
1
1
0
0
1
1
1
0
0
1
1
1
0
0
1
1
1
0
0
1
1
1
0
0
0
10 ms. Memory: 48128K Free: 27306K (57%)
ptolemy.util.test.WatchDog.cancel(): canceling Fri Oct 11 05:55:33 UTC 2019
------------------ testing $PTII/ptolemy/domains/de/test/auto/dynamicCausalityInterface1.xml
auto.tcl: Setting watchdog for 200 seconds at Fri Oct 11 05:55:33 UTC 2019
2 ms. Memory: 48128K Free: 24141K (50%)
ptolemy.util.test.WatchDog.cancel(): canceling Fri Oct 11 05:55:33 UTC 2019
auto.tcl: Setting watchdog for 200 seconds at Fri Oct 11 05:55:33 UTC 2019
1 ms. Memory: 48128K Free: 23713K (49%)
ptolemy.util.test.WatchDog.cancel(): canceling Fri Oct 11 05:55:33 UTC 2019
------------------ testing $PTII/ptolemy/domains/de/test/auto/fsm_de_test.xml
auto.tcl: Setting watchdog for 200 seconds at Fri Oct 11 05:55:33 UTC 2019
9 ms. Memory: 48128K Free: 24636K (51%)
ptolemy.util.test.WatchDog.cancel(): canceling Fri Oct 11 05:55:33 UTC 2019
auto.tcl: Setting watchdog for 200 seconds at Fri Oct 11 05:55:33 UTC 2019
7 ms. Memory: 48128K Free: 22618K (47%)
ptolemy.util.test.WatchDog.cancel(): canceling Fri Oct 11 05:55:33 UTC 2019
------------------ testing $PTII/ptolemy/domains/de/test/auto/functionDependencyReconstruction.xml
auto.tcl: Setting watchdog for 200 seconds at Fri Oct 11 05:55:33 UTC 2019
4 ms. Memory: 48128K Free: 18481K (38%)
ptolemy.util.test.WatchDog.cancel(): canceling Fri Oct 11 05:55:33 UTC 2019
auto.tcl: Setting watchdog for 200 seconds at Fri Oct 11 05:55:33 UTC 2019
3 ms. Memory: 48128K Free: 16503K (34%)
ptolemy.util.test.WatchDog.cancel(): canceling Fri Oct 11 05:55:33 UTC 2019
------------------ testing $PTII/ptolemy/domains/de/test/auto/multirate.xml
auto.tcl: Setting watchdog for 200 seconds at Fri Oct 11 05:55:33 UTC 2019
4 ms. Memory: 48128K Free: 27240K (57%)
ptolemy.util.test.WatchDog.cancel(): canceling Fri Oct 11 05:55:33 UTC 2019
auto.tcl: Setting watchdog for 200 seconds at Fri Oct 11 05:55:33 UTC 2019
4 ms. Memory: 48128K Free: 25586K (53%)
ptolemy.util.test.WatchDog.cancel(): canceling Fri Oct 11 05:55:34 UTC 2019
------------------ testing $PTII/ptolemy/domains/de/test/auto/multirate2.xml
auto.tcl: Setting watchdog for 200 seconds at Fri Oct 11 05:55:34 UTC 2019
4 ms. Memory: 48128K Free: 27451K (57%)
ptolemy.util.test.WatchDog.cancel(): canceling Fri Oct 11 05:55:34 UTC 2019
auto.tcl: Setting watchdog for 200 seconds at Fri Oct 11 05:55:34 UTC 2019
5 ms. Memory: 48128K Free: 25778K (54%)
ptolemy.util.test.WatchDog.cancel(): canceling Fri Oct 11 05:55:34 UTC 2019
------------------ testing $PTII/ptolemy/domains/de/test/auto/realtime.xml
auto.tcl: Setting watchdog for 200 seconds at Fri Oct 11 05:55:34 UTC 2019
10003 ms. Memory: 48128K Free: 29508K (61%)
ptolemy.util.test.WatchDog.cancel(): canceling Fri Oct 11 05:55:44 UTC 2019
auto.tcl: Setting watchdog for 200 seconds at Fri Oct 11 05:55:44 UTC 2019
10002 ms. Memory: 48128K Free: 28782K (60%)
ptolemy.util.test.WatchDog.cancel(): canceling Fri Oct 11 05:55:54 UTC 2019
------------------ testing $PTII/ptolemy/domains/de/test/auto/relationGroup.xml
auto.tcl: Setting watchdog for 200 seconds at Fri Oct 11 05:55:54 UTC 2019
2 ms. Memory: 48128K Free: 30580K (64%)
ptolemy.util.test.WatchDog.cancel(): canceling Fri Oct 11 05:55:54 UTC 2019
auto.tcl: Setting watchdog for 200 seconds at Fri Oct 11 05:55:54 UTC 2019
1 ms. Memory: 48128K Free: 29832K (62%)
ptolemy.util.test.WatchDog.cancel(): canceling Fri Oct 11 05:55:54 UTC 2019
------------------ testing $PTII/ptolemy/domains/de/test/auto/relationGroup2.xml
auto.tcl: Setting watchdog for 200 seconds at Fri Oct 11 05:55:54 UTC 2019
1 ms. Memory: 48128K Free: 30543K (63%)
ptolemy.util.test.WatchDog.cancel(): canceling Fri Oct 11 05:55:54 UTC 2019
auto.tcl: Setting watchdog for 200 seconds at Fri Oct 11 05:55:54 UTC 2019
1 ms. Memory: 48128K Free: 29857K (62%)
ptolemy.util.test.WatchDog.cancel(): canceling Fri Oct 11 05:55:54 UTC 2019
------------------ testing $PTII/ptolemy/domains/de/test/auto/sortWithOpaquePorts.xml
auto.tcl: Setting watchdog for 200 seconds at Fri Oct 11 05:55:54 UTC 2019
2 ms. Memory: 48128K Free: 29858K (62%)
ptolemy.util.test.WatchDog.cancel(): canceling Fri Oct 11 05:55:54 UTC 2019
auto.tcl: Setting watchdog for 200 seconds at Fri Oct 11 05:55:54 UTC 2019
2 ms. Memory: 48128K Free: 28372K (59%)
ptolemy.util.test.WatchDog.cancel(): canceling Fri Oct 11 05:55:54 UTC 2019
------------------ testing $PTII/ptolemy/domains/de/test/auto/transferInputsandOutputs.xml
auto.tcl: Setting watchdog for 200 seconds at Fri Oct 11 05:55:54 UTC 2019
5 ms. Memory: 48128K Free: 26773K (56%)
ptolemy.util.test.WatchDog.cancel(): canceling Fri Oct 11 05:55:54 UTC 2019
auto.tcl: Setting watchdog for 200 seconds at Fri Oct 11 05:55:54 UTC 2019
3 ms. Memory: 48128K Free: 25804K (54%)
ptolemy.util.test.WatchDog.cancel(): canceling Fri Oct 11 05:55:54 UTC 2019
------------------ testing $PTII/ptolemy/domains/de/test/auto/triggerType.xml
auto.tcl: Setting watchdog for 200 seconds at Fri Oct 11 05:55:54 UTC 2019
2 ms. Memory: 48128K Free: 29798K (62%)
ptolemy.util.test.WatchDog.cancel(): canceling Fri Oct 11 05:55:54 UTC 2019
auto.tcl: Setting watchdog for 200 seconds at Fri Oct 11 05:55:54 UTC 2019
1 ms. Memory: 48128K Free: 28838K (60%)
ptolemy.util.test.WatchDog.cancel(): canceling Fri Oct 11 05:55:54 UTC 2019
10/11/19 05:55:54
Failed: 0  Total Tests: 192  ((Passed: 187, Newly Passed: 1)  Known Failed: 5) /home/travis/build/icyphy/ptII/ptolemy/domains/de/test
10/11/19 05:55:54
Failed: 0  Total Tests: 192  ((Passed: 187, Newly Passed: 1)  Known Failed: 5) /home/travis/build/icyphy/ptII/ptolemy/domains/de/test
----------------- testing (KnownFailure) /home/travis/build/icyphy/ptII/ptolemy/domains/de/test/auto/knownFailedTests/DESDFClockTest.xml
2011 ms. Memory: 48128K Free: 23193K (48%)
Known Failure: java.lang.reflect.InvocationTargetException
----------------- testing (KnownFailure) /home/travis/build/icyphy/ptII/ptolemy/domains/de/test/auto/knownFailedTests/DirectFeedback.xml
2 ms. Memory: 48128K Free: 19611K (41%)
Known Failure: java.lang.reflect.InvocationTargetException
----------------- testing (KnownFailure) /home/travis/build/icyphy/ptII/ptolemy/domains/de/test/auto/knownFailedTests/FSMSource.xml
7 ms. Memory: 48128K Free: 12443K (26%)
----------------- testing (KnownFailure) /home/travis/build/icyphy/ptII/ptolemy/domains/de/test/auto/knownFailedTests/HierarchicalModel.xml
2 ms. Memory: 48128K Free: 23601K (49%)
Known Failure: java.lang.reflect.InvocationTargetException
----------------- testing (KnownFailure) /home/travis/build/icyphy/ptII/ptolemy/domains/de/test/auto/knownFailedTests/dependencyLoop.xml
3 ms. Memory: 48128K Free: 8548K (18%)
Known Failure: java.lang.reflect.InvocationTargetException
----------------- testing (KnownFailure) /home/travis/build/icyphy/ptII/ptolemy/domains/de/test/auto/knownFailedTests/dependencyLoop2.xml
3 ms. Memory: 48128K Free: 20404K (42%)
Known Failure: java.lang.reflect.InvocationTargetException
No auto/linux-amd64/*.xml tests in /home/travis/build/icyphy/ptII/ptolemy/domains/de/test
AutoTests.java: About to close Vertx.
AutoTests.java: Vertx closed.

===========================================================================================
----------------- testing Fri Oct 11 05:55:56 UTC 2019 /home/travis/build/icyphy/ptII/ptolemy/domains/de/test/auto/ActorDepthCalculation_actorWithoutPorts.xml
----------------- Instantiating /home/travis/build/icyphy/ptII/ptolemy/domains/de/test/auto/ActorDepthCalculation_actorWithoutPorts.xml
2 ms. Memory: 48128K Free: 13543K (28%)
----------------- Invoking toplevel() on ptolemy.moml.MoMLSimpleApplication@75640fdc
----------------- Done invoking toplevel() on ptolemy.moml.MoMLSimpleApplication@75640fdc
reloadAllAccessors: .ActorDepthCalculation_actorWithoutPorts

===========================================================================================
----------------- testing Fri Oct 11 05:55:56 UTC 2019 /home/travis/build/icyphy/ptII/ptolemy/domains/de/test/auto/AssemblyLine.xml
----------------- Instantiating /home/travis/build/icyphy/ptII/ptolemy/domains/de/test/auto/AssemblyLine.xml
9 ms. Memory: 48128K Free: 33061K (69%)
----------------- Invoking toplevel() on ptolemy.moml.MoMLSimpleApplication@3b398bcb
----------------- Done invoking toplevel() on ptolemy.moml.MoMLSimpleApplication@3b398bcb
reloadAllAccessors: .AssemblyLine

===========================================================================================
----------------- testing Fri Oct 11 05:55:56 UTC 2019 /home/travis/build/icyphy/ptII/ptolemy/domains/de/test/auto/CQBug1.xml
----------------- Instantiating /home/travis/build/icyphy/ptII/ptolemy/domains/de/test/auto/CQBug1.xml
2 ms. Memory: 48128K Free: 29843K (62%)
----------------- Invoking toplevel() on ptolemy.moml.MoMLSimpleApplication@2bcf79e3
----------------- Done invoking toplevel() on ptolemy.moml.MoMLSimpleApplication@2bcf79e3
reloadAllAccessors: .CQBug1

===========================================================================================
----------------- testing Fri Oct 11 05:55:56 UTC 2019 /home/travis/build/icyphy/ptII/ptolemy/domains/de/test/auto/CancelFireAt.xml
----------------- Instantiating /home/travis/build/icyphy/ptII/ptolemy/domains/de/test/auto/CancelFireAt.xml
8 ms. Memory: 48128K Free: 27560K (57%)
----------------- Invoking toplevel() on ptolemy.moml.MoMLSimpleApplication@102e5a40
----------------- Done invoking toplevel() on ptolemy.moml.MoMLSimpleApplication@102e5a40
reloadAllAccessors: .CancelFireAt

===========================================================================================
----------------- testing Fri Oct 11 05:55:57 UTC 2019 /home/travis/build/icyphy/ptII/ptolemy/domains/de/test/auto/CausalityAndComposabilityAnalysis.xml
----------------- Instantiating /home/travis/build/icyphy/ptII/ptolemy/domains/de/test/auto/CausalityAndComposabilityAnalysis.xml
2 ms. Memory: 48128K Free: 23482K (49%)
----------------- Invoking toplevel() on ptolemy.moml.MoMLSimpleApplication@1fa38a82
----------------- Done invoking toplevel() on ptolemy.moml.MoMLSimpleApplication@1fa38a82
reloadAllAccessors: .CausalityAndComposabilityAnalysis

===========================================================================================
----------------- testing Fri Oct 11 05:55:57 UTC 2019 /home/travis/build/icyphy/ptII/ptolemy/domains/de/test/auto/CausalityInterface1.xml
----------------- Instantiating /home/travis/build/icyphy/ptII/ptolemy/domains/de/test/auto/CausalityInterface1.xml
7 ms. Memory: 48128K Free: 18362K (38%)
----------------- Invoking toplevel() on ptolemy.moml.MoMLSimpleApplication@114a092a
----------------- Done invoking toplevel() on ptolemy.moml.MoMLSimpleApplication@114a092a
reloadAllAccessors: .CausalityInterface1

===========================================================================================
----------------- testing Fri Oct 11 05:55:57 UTC 2019 /home/travis/build/icyphy/ptII/ptolemy/domains/de/test/auto/CausalityInterface15.xml
----------------- Instantiating /home/travis/build/icyphy/ptII/ptolemy/domains/de/test/auto/CausalityInterface15.xml
2 ms. Memory: 48128K Free: 12976K (27%)
----------------- Invoking toplevel() on ptolemy.moml.MoMLSimpleApplication@743bc6e6
----------------- Done invoking toplevel() on ptolemy.moml.MoMLSimpleApplication@743bc6e6
reloadAllAccessors: .CausalityInterface15

===========================================================================================
----------------- testing Fri Oct 11 05:55:57 UTC 2019 /home/travis/build/icyphy/ptII/ptolemy/domains/de/test/auto/CausalityInterface2.xml
----------------- Instantiating /home/travis/build/icyphy/ptII/ptolemy/domains/de/test/auto/CausalityInterface2.xml
2 ms. Memory: 48128K Free: 8323K (17%)
[...]
	at ptolemy.actor.Manager.run(Manager.java:1263)
	at ptolemy.actor.Manager$PtolemyRunThread.run(Manager.java:1933)
java.lang.RuntimeException: Execution failed
	at ptolemy.moml.MoMLSimpleApplication$UnloadThread.run(MoMLSimpleApplication.java:402)
Caused by: ptolemy.kernel.util.IllegalActionException: Actor is not ready to fire.  Perhaps UpSample.prefire() returned false? Try debugging the actor by selecting "Listen to Actor".  Also, for SDF check moml for tokenConsumptionRate on input.
  in .DESDFClockTest.Play Bell.Copy1:SDF Director and .DESDFClockTest.Play Bell.UpSample
	at ptolemy.actor.sched.StaticSchedulingDirector.fire(StaticSchedulingDirector.java:227)
	at ptolemy.domains.sdf.kernel.SDFDirector.fire(SDFDirector.java:500)
	at ptolemy.actor.CompositeActor.fire(CompositeActor.java:455)
	at ptolemy.domains.de.kernel.DEDirector._fire(DEDirector.java:1949)
	at ptolemy.domains.de.kernel.DEDirector.fire(DEDirector.java:502)
	at ptolemy.actor.CompositeActor.fire(CompositeActor.java:455)
	at ptolemy.actor.Manager.iterate(Manager.java:851)
	at ptolemy.actor.Manager.execute(Manager.java:369)
	at ptolemy.actor.Manager.run(Manager.java:1263)
	at ptolemy.actor.Manager$PtolemyRunThread.run(Manager.java:1933)
java.lang.reflect.InvocationTargetException
	at java.base/jdk.internal.reflect.NativeConstructorAccessorImpl.newInstance0(Native Method)
	at java.base/jdk.internal.reflect.NativeConstructorAccessorImpl.newInstance(NativeConstructorAccessorImpl.java:62)
	at java.base/jdk.internal.reflect.DelegatingConstructorAccessorImpl.newInstance(DelegatingConstructorAccessorImpl.java:45)
	at java.base/java.lang.reflect.Constructor.newInstance(Constructor.java:490)
	at ptolemy.util.test.junit.AutoKnownFailedTests.RunModel(AutoKnownFailedTests.java:105)
	at java.base/jdk.internal.reflect.NativeMethodAccessorImpl.invoke0(Native Method)
	at java.base/jdk.internal.reflect.NativeMethodAccessorImpl.invoke(NativeMethodAccessorImpl.java:62)
	at java.base/jdk.internal.reflect.DelegatingMethodAccessorImpl.invoke(DelegatingMethodAccessorImpl.java:43)
	at java.base/java.lang.reflect.Method.invoke(Method.java:566)
	at org.junit.runners.model.FrameworkMethod$1.runReflectiveCall(FrameworkMethod.java:44)
	at org.junit.internal.runners.model.ReflectiveCallable.run(ReflectiveCallable.java:15)
	at org.junit.runners.model.FrameworkMethod.invokeExplosively(FrameworkMethod.java:41)
	at junitparams.internal.InvokeParameterisedMethod.evaluate(InvokeParameterisedMethod.java:102)
	at org.junit.internal.runners.statements.FailOnTimeout$1.run(FailOnTimeout.java:28)
Caused by: ptolemy.kernel.util.IllegalActionException: Actor is not ready to fire.  Perhaps UpSample.prefire() returned false? Try debugging the actor by selecting "Listen to Actor".  Also, for SDF check moml for tokenConsumptionRate on input.
  in .DESDFClockTest.Play Bell.Copy1:SDF Director and .DESDFClockTest.Play Bell.UpSample
	at ptolemy.actor.sched.StaticSchedulingDirector.fire(StaticSchedulingDirector.java:227)
	at ptolemy.domains.sdf.kernel.SDFDirector.fire(SDFDirector.java:500)
	at ptolemy.actor.CompositeActor.fire(CompositeActor.java:455)
	at ptolemy.domains.de.kernel.DEDirector._fire(DEDirector.java:1949)
	at ptolemy.domains.de.kernel.DEDirector.fire(DEDirector.java:502)
	at ptolemy.actor.CompositeActor.fire(CompositeActor.java:455)
	at ptolemy.actor.Manager.iterate(Manager.java:851)
	at ptolemy.actor.Manager.execute(Manager.java:369)
	at ptolemy.actor.Manager.run(Manager.java:1263)
	at ptolemy.actor.Manager$PtolemyRunThread.run(Manager.java:1933)
java.lang.RuntimeException: Execution failed
	at ptolemy.moml.MoMLSimpleApplication$UnloadThread.run(MoMLSimpleApplication.java:402)
Caused by: ptolemy.kernel.util.IllegalActionException: Test fails in iteration 1.
Value was: 1.0. Should have been: 2.0
  in .DirectFeedback.Test
	at ptolemy.actor.lib.Test.fire(Test.java:268)
	at ptolemy.domains.de.kernel.DEDirector._fire(DEDirector.java:1949)
	at ptolemy.domains.de.kernel.DEDirector.fire(DEDirector.java:502)
	at ptolemy.actor.CompositeActor.fire(CompositeActor.java:455)
	at ptolemy.actor.Manager.iterate(Manager.java:851)
	at ptolemy.actor.Manager.execute(Manager.java:369)
	at ptolemy.actor.Manager.run(Manager.java:1263)
	at ptolemy.actor.Manager$PtolemyRunThread.run(Manager.java:1933)
java.lang.reflect.InvocationTargetException
	at java.base/jdk.internal.reflect.NativeConstructorAccessorImpl.newInstance0(Native Method)
	at java.base/jdk.internal.reflect.NativeConstructorAccessorImpl.newInstance(NativeConstructorAccessorImpl.java:62)
	at java.base/jdk.internal.reflect.DelegatingConstructorAccessorImpl.newInstance(DelegatingConstructorAccessorImpl.java:45)
	at java.base/java.lang.reflect.Constructor.newInstance(Constructor.java:490)
	at ptolemy.util.test.junit.AutoKnownFailedTests.RunModel(AutoKnownFailedTests.java:105)
	at java.base/jdk.internal.reflect.NativeMethodAccessorImpl.invoke0(Native Method)
	at java.base/jdk.internal.reflect.NativeMethodAccessorImpl.invoke(NativeMethodAccessorImpl.java:62)
	at java.base/jdk.internal.reflect.DelegatingMethodAccessorImpl.invoke(DelegatingMethodAccessorImpl.java:43)
	at java.base/java.lang.reflect.Method.invoke(Method.java:566)
	at org.junit.runners.model.FrameworkMethod$1.runReflectiveCall(FrameworkMethod.java:44)
	at org.junit.internal.runners.model.ReflectiveCallable.run(ReflectiveCallable.java:15)
	at org.junit.runners.model.FrameworkMethod.invokeExplosively(FrameworkMethod.java:41)
	at junitparams.internal.InvokeParameterisedMethod.evaluate(InvokeParameterisedMethod.java:102)
	at org.junit.internal.runners.statements.FailOnTimeout$1.run(FailOnTimeout.java:28)
Caused by: ptolemy.kernel.util.IllegalActionException: Test fails in iteration 1.
Value was: 1.0. Should have been: 2.0
  in .DirectFeedback.Test
	at ptolemy.actor.lib.Test.fire(Test.java:268)
	at ptolemy.domains.de.kernel.DEDirector._fire(DEDirector.java:1949)
	at ptolemy.domains.de.kernel.DEDirector.fire(DEDirector.java:502)
	at ptolemy.actor.CompositeActor.fire(CompositeActor.java:455)
	at ptolemy.actor.Manager.iterate(Manager.java:851)
	at ptolemy.actor.Manager.execute(Manager.java:369)
	at ptolemy.actor.Manager.run(Manager.java:1263)
	at ptolemy.actor.Manager$PtolemyRunThread.run(Manager.java:1933)
java.lang.RuntimeException: Execution failed
	at ptolemy.moml.MoMLSimpleApplication$UnloadThread.run(MoMLSimpleApplication.java:402)
Caused by: ptolemy.kernel.util.IllegalActionException: Found a zero delay loop containing .HierarchicalModel.A
  in .HierarchicalModel and .HierarchicalModel.A
	at ptolemy.actor.util.CausalityInterfaceForComposites._computeOutputPortDepth(CausalityInterfaceForComposites.java:759)
	at ptolemy.actor.util.CausalityInterfaceForComposites._computeInputDepth(CausalityInterfaceForComposites.java:696)
	at ptolemy.actor.util.CausalityInterfaceForComposites._computeOutputPortDepth(CausalityInterfaceForComposites.java:765)
	at ptolemy.actor.util.CausalityInterfaceForComposites._computeInputDepth(CausalityInterfaceForComposites.java:696)
	at ptolemy.actor.util.CausalityInterfaceForComposites._computeOutputPortDepth(CausalityInterfaceForComposites.java:765)
	at ptolemy.actor.util.CausalityInterfaceForComposites._computeInputDepth(CausalityInterfaceForComposites.java:696)
	at ptolemy.actor.util.CausalityInterfaceForComposites._computeActorDepth(CausalityInterfaceForComposites.java:532)
	at ptolemy.actor.util.CausalityInterfaceForComposites.checkForCycles(CausalityInterfaceForComposites.java:96)
	at ptolemy.domains.de.kernel.DEDirector.preinitialize(DEDirector.java:1338)
	at ptolemy.actor.CompositeActor.preinitialize(CompositeActor.java:1828)
	at ptolemy.actor.Manager.preinitializeAndResolveTypes(Manager.java:1040)
	at ptolemy.actor.Manager.initialize(Manager.java:710)
	at ptolemy.actor.Manager.execute(Manager.java:356)
	at ptolemy.actor.Manager.run(Manager.java:1263)
	at ptolemy.actor.Manager$PtolemyRunThread.run(Manager.java:1933)
java.lang.reflect.InvocationTargetException
	at java.base/jdk.internal.reflect.NativeConstructorAccessorImpl.newInstance0(Native Method)
	at java.base/jdk.internal.reflect.NativeConstructorAccessorImpl.newInstance(NativeConstructorAccessorImpl.java:62)
	at java.base/jdk.internal.reflect.DelegatingConstructorAccessorImpl.newInstance(DelegatingConstructorAccessorImpl.java:45)
	at java.base/java.lang.reflect.Constructor.newInstance(Constructor.java:490)
	at ptolemy.util.test.junit.AutoKnownFailedTests.RunModel(AutoKnownFailedTests.java:105)
	at java.base/jdk.internal.reflect.NativeMethodAccessorImpl.invoke0(Native Method)
	at java.base/jdk.internal.reflect.NativeMethodAccessorImpl.invoke(NativeMethodAccessorImpl.java:62)
	at java.base/jdk.internal.reflect.DelegatingMethodAccessorImpl.invoke(DelegatingMethodAccessorImpl.java:43)
	at java.base/java.lang.reflect.Method.invoke(Method.java:566)
	at org.junit.runners.model.FrameworkMethod$1.runReflectiveCall(FrameworkMethod.java:44)
	at org.junit.internal.runners.model.ReflectiveCallable.run(ReflectiveCallable.java:15)
	at org.junit.runners.model.FrameworkMethod.invokeExplosively(FrameworkMethod.java:41)
	at junitparams.internal.InvokeParameterisedMethod.evaluate(InvokeParameterisedMethod.java:102)
	at org.junit.internal.runners.statements.FailOnTimeout$1.run(FailOnTimeout.java:28)
Caused by: ptolemy.kernel.util.IllegalActionException: Found a zero delay loop containing .HierarchicalModel.A
  in .HierarchicalModel and .HierarchicalModel.A
	at ptolemy.actor.util.CausalityInterfaceForComposites._computeOutputPortDepth(CausalityInterfaceForComposites.java:759)
	at ptolemy.actor.util.CausalityInterfaceForComposites._computeInputDepth(CausalityInterfaceForComposites.java:696)
	at ptolemy.actor.util.CausalityInterfaceForComposites._computeOutputPortDepth(CausalityInterfaceForComposites.java:765)
	at ptolemy.actor.util.CausalityInterfaceForComposites._computeInputDepth(CausalityInterfaceForComposites.java:696)
	at ptolemy.actor.util.CausalityInterfaceForComposites._computeOutputPortDepth(CausalityInterfaceForComposites.java:765)
	at ptolemy.actor.util.CausalityInterfaceForComposites._computeInputDepth(CausalityInterfaceForComposites.java:696)
	at ptolemy.actor.util.CausalityInterfaceForComposites._computeActorDepth(CausalityInterfaceForComposites.java:532)
	at ptolemy.actor.util.CausalityInterfaceForComposites.checkForCycles(CausalityInterfaceForComposites.java:96)
	at ptolemy.domains.de.kernel.DEDirector.preinitialize(DEDirector.java:1338)
	at ptolemy.actor.CompositeActor.preinitialize(CompositeActor.java:1828)
	at ptolemy.actor.Manager.preinitializeAndResolveTypes(Manager.java:1040)
	at ptolemy.actor.Manager.initialize(Manager.java:710)
	at ptolemy.actor.Manager.execute(Manager.java:356)
	at ptolemy.actor.Manager.run(Manager.java:1263)
	at ptolemy.actor.Manager$PtolemyRunThread.run(Manager.java:1933)
java.lang.RuntimeException: Execution failed
	at ptolemy.moml.MoMLSimpleApplication$UnloadThread.run(MoMLSimpleApplication.java:402)
Caused by: ptolemy.kernel.util.IllegalActionException: Found a zero delay loop containing .dependencyLoop.original
  in .dependencyLoop and .dependencyLoop.original
	at ptolemy.actor.util.CausalityInterfaceForComposites._computeOutputPortDepth(CausalityInterfaceForComposites.java:759)
	at ptolemy.actor.util.CausalityInterfaceForComposites._computeInputDepth(CausalityInterfaceForComposites.java:696)
	at ptolemy.actor.util.CausalityInterfaceForComposites._computeOutputPortDepth(CausalityInterfaceForComposites.java:765)
	at ptolemy.actor.util.CausalityInterfaceForComposites._computeInputDepth(CausalityInterfaceForComposites.java:696)
	at ptolemy.actor.util.CausalityInterfaceForComposites._computeOutputPortDepth(CausalityInterfaceForComposites.java:765)
	at ptolemy.actor.util.CausalityInterfaceForComposites._computeInputDepth(CausalityInterfaceForComposites.java:696)
	at ptolemy.actor.util.CausalityInterfaceForComposites._computeActorDepth(CausalityInterfaceForComposites.java:532)
	at ptolemy.actor.util.CausalityInterfaceForComposites.checkForCycles(CausalityInterfaceForComposites.java:96)
	at ptolemy.domains.de.kernel.DEDirector.preinitialize(DEDirector.java:1338)
	at ptolemy.actor.CompositeActor.preinitialize(CompositeActor.java:1828)
	at ptolemy.actor.Manager.preinitializeAndResolveTypes(Manager.java:1040)
	at ptolemy.actor.Manager.initialize(Manager.java:710)
	at ptolemy.actor.Manager.execute(Manager.java:356)
	at ptolemy.actor.Manager.run(Manager.java:1263)
	at ptolemy.actor.Manager$PtolemyRunThread.run(Manager.java:1933)
java.lang.reflect.InvocationTargetException
	at java.base/jdk.internal.reflect.NativeConstructorAccessorImpl.newInstance0(Native Method)
	at java.base/jdk.internal.reflect.NativeConstructorAccessorImpl.newInstance(NativeConstructorAccessorImpl.java:62)
	at java.base/jdk.internal.reflect.DelegatingConstructorAccessorImpl.newInstance(DelegatingConstructorAccessorImpl.java:45)
	at java.base/java.lang.reflect.Constructor.newInstance(Constructor.java:490)
	at ptolemy.util.test.junit.AutoKnownFailedTests.RunModel(AutoKnownFailedTests.java:105)
	at java.base/jdk.internal.reflect.NativeMethodAccessorImpl.invoke0(Native Method)
	at java.base/jdk.internal.reflect.NativeMethodAccessorImpl.invoke(NativeMethodAccessorImpl.java:62)
	at java.base/jdk.internal.reflect.DelegatingMethodAccessorImpl.invoke(DelegatingMethodAccessorImpl.java:43)
	at java.base/java.lang.reflect.Method.invoke(Method.java:566)
	at org.junit.runners.model.FrameworkMethod$1.runReflectiveCall(FrameworkMethod.java:44)
	at org.junit.internal.runners.model.ReflectiveCallable.run(ReflectiveCallable.java:15)
	at org.junit.runners.model.FrameworkMethod.invokeExplosively(FrameworkMethod.java:41)
	at junitparams.internal.InvokeParameterisedMethod.evaluate(InvokeParameterisedMethod.java:102)
	at org.junit.internal.runners.statements.FailOnTimeout$1.run(FailOnTimeout.java:28)
Caused by: ptolemy.kernel.util.IllegalActionException: Found a zero delay loop containing .dependencyLoop.original
  in .dependencyLoop and .dependencyLoop.original
	at ptolemy.actor.util.CausalityInterfaceForComposites._computeOutputPortDepth(CausalityInterfaceForComposites.java:759)
	at ptolemy.actor.util.CausalityInterfaceForComposites._computeInputDepth(CausalityInterfaceForComposites.java:696)
	at ptolemy.actor.util.CausalityInterfaceForComposites._computeOutputPortDepth(CausalityInterfaceForComposites.java:765)
	at ptolemy.actor.util.CausalityInterfaceForComposites._computeInputDepth(CausalityInterfaceForComposites.java:696)
	at ptolemy.actor.util.CausalityInterfaceForComposites._computeOutputPortDepth(CausalityInterfaceForComposites.java:765)
	at ptolemy.actor.util.CausalityInterfaceForComposites._computeInputDepth(CausalityInterfaceForComposites.java:696)
	at ptolemy.actor.util.CausalityInterfaceForComposites._computeActorDepth(CausalityInterfaceForComposites.java:532)
	at ptolemy.actor.util.CausalityInterfaceForComposites.checkForCycles(CausalityInterfaceForComposites.java:96)
	at ptolemy.domains.de.kernel.DEDirector.preinitialize(DEDirector.java:1338)
	at ptolemy.actor.CompositeActor.preinitialize(CompositeActor.java:1828)
	at ptolemy.actor.Manager.preinitializeAndResolveTypes(Manager.java:1040)
	at ptolemy.actor.Manager.initialize(Manager.java:710)
	at ptolemy.actor.Manager.execute(Manager.java:356)
	at ptolemy.actor.Manager.run(Manager.java:1263)
	at ptolemy.actor.Manager$PtolemyRunThread.run(Manager.java:1933)
java.lang.RuntimeException: Execution failed
	at ptolemy.moml.MoMLSimpleApplication$UnloadThread.run(MoMLSimpleApplication.java:402)
Caused by: ptolemy.kernel.util.IllegalActionException: Found a zero delay loop containing .dependencyLoop2.original
  in .dependencyLoop2 and .dependencyLoop2.original
	at ptolemy.actor.util.CausalityInterfaceForComposites._computeOutputPortDepth(CausalityInterfaceForComposites.java:759)
	at ptolemy.actor.util.CausalityInterfaceForComposites._computeInputDepth(CausalityInterfaceForComposites.java:696)
	at ptolemy.actor.util.CausalityInterfaceForComposites._computeOutputPortDepth(CausalityInterfaceForComposites.java:765)
	at ptolemy.actor.util.CausalityInterfaceForComposites._computeInputDepth(CausalityInterfaceForComposites.java:696)
	at ptolemy.actor.util.CausalityInterfaceForComposites._computeOutputPortDepth(CausalityInterfaceForComposites.java:765)
	at ptolemy.actor.util.CausalityInterfaceForComposites._computeInputDepth(CausalityInterfaceForComposites.java:696)
	at ptolemy.actor.util.CausalityInterfaceForComposites._computeActorDepth(CausalityInterfaceForComposites.java:532)
	at ptolemy.actor.util.CausalityInterfaceForComposites.checkForCycles(CausalityInterfaceForComposites.java:96)
	at ptolemy.domains.de.kernel.DEDirector.preinitialize(DEDirector.java:1338)
	at ptolemy.actor.CompositeActor.preinitialize(CompositeActor.java:1828)
	at ptolemy.actor.Manager.preinitializeAndResolveTypes(Manager.java:1040)
	at ptolemy.actor.Manager.initialize(Manager.java:710)
	at ptolemy.actor.Manager.execute(Manager.java:356)
	at ptolemy.actor.Manager.run(Manager.java:1263)
	at ptolemy.actor.Manager$PtolemyRunThread.run(Manager.java:1933)
java.lang.reflect.InvocationTargetException
	at java.base/jdk.internal.reflect.NativeConstructorAccessorImpl.newInstance0(Native Method)
	at java.base/jdk.internal.reflect.NativeConstructorAccessorImpl.newInstance(NativeConstructorAccessorImpl.java:62)
	at java.base/jdk.internal.reflect.DelegatingConstructorAccessorImpl.newInstance(DelegatingConstructorAccessorImpl.java:45)
	at java.base/java.lang.reflect.Constructor.newInstance(Constructor.java:490)
	at ptolemy.util.test.junit.AutoKnownFailedTests.RunModel(AutoKnownFailedTests.java:105)
	at java.base/jdk.internal.reflect.NativeMethodAccessorImpl.invoke0(Native Method)
	at java.base/jdk.internal.reflect.NativeMethodAccessorImpl.invoke(NativeMethodAccessorImpl.java:62)
	at java.base/jdk.internal.reflect.DelegatingMethodAccessorImpl.invoke(DelegatingMethodAccessorImpl.java:43)
	at java.base/java.lang.reflect.Method.invoke(Method.java:566)
	at org.junit.runners.model.FrameworkMethod$1.runReflectiveCall(FrameworkMethod.java:44)
	at org.junit.internal.runners.model.ReflectiveCallable.run(ReflectiveCallable.java:15)
	at org.junit.runners.model.FrameworkMethod.invokeExplosively(FrameworkMethod.java:41)
	at junitparams.internal.InvokeParameterisedMethod.evaluate(InvokeParameterisedMethod.java:102)
	at org.junit.internal.runners.statements.FailOnTimeout$1.run(FailOnTimeout.java:28)
Caused by: ptolemy.kernel.util.IllegalActionException: Found a zero delay loop containing .dependencyLoop2.original
  in .dependencyLoop2 and .dependencyLoop2.original
	at ptolemy.actor.util.CausalityInterfaceForComposites._computeOutputPortDepth(CausalityInterfaceForComposites.java:759)
	at ptolemy.actor.util.CausalityInterfaceForComposites._computeInputDepth(CausalityInterfaceForComposites.java:696)
	at ptolemy.actor.util.CausalityInterfaceForComposites._computeOutputPortDepth(CausalityInterfaceForComposites.java:765)
	at ptolemy.actor.util.CausalityInterfaceForComposites._computeInputDepth(CausalityInterfaceForComposites.java:696)
	at ptolemy.actor.util.CausalityInterfaceForComposites._computeOutputPortDepth(CausalityInterfaceForComposites.java:765)
	at ptolemy.actor.util.CausalityInterfaceForComposites._computeInputDepth(CausalityInterfaceForComposites.java:696)
	at ptolemy.actor.util.CausalityInterfaceForComposites._computeActorDepth(CausalityInterfaceForComposites.java:532)
	at ptolemy.actor.util.CausalityInterfaceForComposites.checkForCycles(CausalityInterfaceForComposites.java:96)
	at ptolemy.domains.de.kernel.DEDirector.preinitialize(DEDirector.java:1338)
	at ptolemy.actor.CompositeActor.preinitialize(CompositeActor.java:1828)
	at ptolemy.actor.Manager.preinitializeAndResolveTypes(Manager.java:1040)
	at ptolemy.actor.Manager.initialize(Manager.java:710)
	at ptolemy.actor.Manager.execute(Manager.java:356)
	at ptolemy.actor.Manager.run(Manager.java:1263)
	at ptolemy.actor.Manager$PtolemyRunThread.run(Manager.java:1933)
]]></system-err>
</testsuite>
