<?xml version="1.0" encoding="UTF-8" ?>
<testsuite errors="0" failures="0" hostname="travis-job-ae871a52-4497-48f2-92d6-8f83cd042a0b" name="ptolemy.actor.lib.hoc.test.junit.JUnitTclTest" skipped="0" tests="58" time="31.873" timestamp="2020-01-04T06:38:46">
  <properties>
[...]
</properties>
  <testcase classname="ptolemy.util.test.junit.TclTests" name="[0] /home/travis/build/icyphy/ptII/ptolemy/actor/lib/hoc/test/IterateOverArray.tcl (RunTclFile)" time="0.275" />
  <testcase classname="ptolemy.util.test.junit.AutoKnownFailedTests" name="[0] /home/travis/build/icyphy/ptII/ptolemy/actor/lib/hoc/test/auto/knownFailedTests/PreinitializeMustBeInvokedRunComposite.xml (RunModel)" time="0.377" />
  <testcase classname="ptolemy.util.test.junit.AutoNameArchTests" name="[0] ThereAreNoAutoArchTests (RunModel)" time="0.006" />
  <testcase classname="ptolemy.util.test.junit.AutoTests" name="[0] /home/travis/build/icyphy/ptII/ptolemy/actor/lib/hoc/test/auto/AllToAllMultiInstanceComposite.xml (RunModel)" time="0.427" />
  <testcase classname="ptolemy.util.test.junit.AutoTests" name="[1] /home/travis/build/icyphy/ptII/ptolemy/actor/lib/hoc/test/auto/ApplyFFTTest.xml (RunModel)" time="0.347" />
  <testcase classname="ptolemy.util.test.junit.AutoTests" name="[2] /home/travis/build/icyphy/ptII/ptolemy/actor/lib/hoc/test/auto/ApplyFunction.xml (RunModel)" time="0.046" />
  <testcase classname="ptolemy.util.test.junit.AutoTests" name="[3] /home/travis/build/icyphy/ptII/ptolemy/actor/lib/hoc/test/auto/BackgroundExecution.xml (RunModel)" time="0.699" />
  <testcase classname="ptolemy.util.test.junit.AutoTests" name="[4] /home/travis/build/icyphy/ptII/ptolemy/actor/lib/hoc/test/auto/Case.xml (RunModel)" time="0.065" />
  <testcase classname="ptolemy.util.test.junit.AutoTests" name="[5] /home/travis/build/icyphy/ptII/ptolemy/actor/lib/hoc/test/auto/Case1.xml (RunModel)" time="0.076" />
  <testcase classname="ptolemy.util.test.junit.AutoTests" name="[6] /home/travis/build/icyphy/ptII/ptolemy/actor/lib/hoc/test/auto/Case2.xml (RunModel)" time="0.127" />
  <testcase classname="ptolemy.util.test.junit.AutoTests" name="[7] /home/travis/build/icyphy/ptII/ptolemy/actor/lib/hoc/test/auto/Case3.xml (RunModel)" time="0.036" />
  <testcase classname="ptolemy.util.test.junit.AutoTests" name="[8] /home/travis/build/icyphy/ptII/ptolemy/actor/lib/hoc/test/auto/Case4.xml (RunModel)" time="0.039" />
  <testcase classname="ptolemy.util.test.junit.AutoTests" name="[9] /home/travis/build/icyphy/ptII/ptolemy/actor/lib/hoc/test/auto/Case5.xml (RunModel)" time="0.063" />
  <testcase classname="ptolemy.util.test.junit.AutoTests" name="[10] /home/travis/build/icyphy/ptII/ptolemy/actor/lib/hoc/test/auto/Case6.xml (RunModel)" time="0.092" />
  <testcase classname="ptolemy.util.test.junit.AutoTests" name="[11] /home/travis/build/icyphy/ptII/ptolemy/actor/lib/hoc/test/auto/CaseString2.xml (RunModel)" time="0.067" />
  <testcase classname="ptolemy.util.test.junit.AutoTests" name="[12] /home/travis/build/icyphy/ptII/ptolemy/actor/lib/hoc/test/auto/CatchUpComposite1.xml (RunModel)" time="0.08" />
  <testcase classname="ptolemy.util.test.junit.AutoTests" name="[13] /home/travis/build/icyphy/ptII/ptolemy/actor/lib/hoc/test/auto/CatchUpComposite2.xml (RunModel)" time="0.069" />
  <testcase classname="ptolemy.util.test.junit.AutoTests" name="[14] /home/travis/build/icyphy/ptII/ptolemy/actor/lib/hoc/test/auto/CatchUpComposite3.xml (RunModel)" time="0.068" />
  <testcase classname="ptolemy.util.test.junit.AutoTests" name="[15] /home/travis/build/icyphy/ptII/ptolemy/actor/lib/hoc/test/auto/CatchUpComposite4.xml (RunModel)" time="0.065" />
  <testcase classname="ptolemy.util.test.junit.AutoTests" name="[16] /home/travis/build/icyphy/ptII/ptolemy/actor/lib/hoc/test/auto/CatchUpComposite5.xml (RunModel)" time="0.043" />
  <testcase classname="ptolemy.util.test.junit.AutoTests" name="[17] /home/travis/build/icyphy/ptII/ptolemy/actor/lib/hoc/test/auto/CatchUpComposite6.xml (RunModel)" time="0.188" />
  <testcase classname="ptolemy.util.test.junit.AutoTests" name="[18] /home/travis/build/icyphy/ptII/ptolemy/actor/lib/hoc/test/auto/CatchUpComposite7.xml (RunModel)" time="0.099" />
  <testcase classname="ptolemy.util.test.junit.AutoTests" name="[19] /home/travis/build/icyphy/ptII/ptolemy/actor/lib/hoc/test/auto/ConcurrentExecutionTimeSDF.xml (RunModel)" time="0.897" />
  <testcase classname="ptolemy.util.test.junit.AutoTests" name="[20] /home/travis/build/icyphy/ptII/ptolemy/actor/lib/hoc/test/auto/ConcurrentSleep.xml (RunModel)" time="0.763" />
  <testcase classname="ptolemy.util.test.junit.AutoTests" name="[21] /home/travis/build/icyphy/ptII/ptolemy/actor/lib/hoc/test/auto/DEInPNInRunCompositeActor.xml (RunModel)" time="0.03" />
  <testcase classname="ptolemy.util.test.junit.AutoTests" name="[22] /home/travis/build/icyphy/ptII/ptolemy/actor/lib/hoc/test/auto/DFTSubSetTest.xml (RunModel)" time="0.275" />
  <testcase classname="ptolemy.util.test.junit.AutoTests" name="[23] /home/travis/build/icyphy/ptII/ptolemy/actor/lib/hoc/test/auto/HocDE.xml (RunModel)" time="0.113" />
  <testcase classname="ptolemy.util.test.junit.AutoTests" name="[24] /home/travis/build/icyphy/ptII/ptolemy/actor/lib/hoc/test/auto/IterateOverArray.xml (RunModel)" time="0.025" />
  <testcase classname="ptolemy.util.test.junit.AutoTests" name="[25] /home/travis/build/icyphy/ptII/ptolemy/actor/lib/hoc/test/auto/IterateOverArray10.xml (RunModel)" time="0.014" />
  <testcase classname="ptolemy.util.test.junit.AutoTests" name="[26] /home/travis/build/icyphy/ptII/ptolemy/actor/lib/hoc/test/auto/IterateOverArray11.xml (RunModel)" time="0.017" />
  <testcase classname="ptolemy.util.test.junit.AutoTests" name="[27] /home/travis/build/icyphy/ptII/ptolemy/actor/lib/hoc/test/auto/IterateOverArray12.xml (RunModel)" time="0.035" />
  <testcase classname="ptolemy.util.test.junit.AutoTests" name="[28] /home/travis/build/icyphy/ptII/ptolemy/actor/lib/hoc/test/auto/IterateOverArray13.xml (RunModel)" time="0.146" />
  <testcase classname="ptolemy.util.test.junit.AutoTests" name="[29] /home/travis/build/icyphy/ptII/ptolemy/actor/lib/hoc/test/auto/IterateOverArray14.xml (RunModel)" time="0.124" />
  <testcase classname="ptolemy.util.test.junit.AutoTests" name="[30] /home/travis/build/icyphy/ptII/ptolemy/actor/lib/hoc/test/auto/IterateOverArray2.xml (RunModel)" time="0.031" />
  <testcase classname="ptolemy.util.test.junit.AutoTests" name="[31] /home/travis/build/icyphy/ptII/ptolemy/actor/lib/hoc/test/auto/IterateOverArray3.xml (RunModel)" time="0.033" />
  <testcase classname="ptolemy.util.test.junit.AutoTests" name="[32] /home/travis/build/icyphy/ptII/ptolemy/actor/lib/hoc/test/auto/IterateOverArray4.xml (RunModel)" time="0.026" />
  <testcase classname="ptolemy.util.test.junit.AutoTests" name="[33] /home/travis/build/icyphy/ptII/ptolemy/actor/lib/hoc/test/auto/IterateOverArray5.xml (RunModel)" time="0.02" />
  <testcase classname="ptolemy.util.test.junit.AutoTests" name="[34] /home/travis/build/icyphy/ptII/ptolemy/actor/lib/hoc/test/auto/IterateOverArray6.xml (RunModel)" time="0.017" />
  <testcase classname="ptolemy.util.test.junit.AutoTests" name="[35] /home/travis/build/icyphy/ptII/ptolemy/actor/lib/hoc/test/auto/IterateOverArray7.xml (RunModel)" time="0.034" />
  <testcase classname="ptolemy.util.test.junit.AutoTests" name="[36] /home/travis/build/icyphy/ptII/ptolemy/actor/lib/hoc/test/auto/IterateOverArray8.xml (RunModel)" time="0.017" />
  <testcase classname="ptolemy.util.test.junit.AutoTests" name="[37] /home/travis/build/icyphy/ptII/ptolemy/actor/lib/hoc/test/auto/IterateOverArray9.xml (RunModel)" time="0.023" />
  <testcase classname="ptolemy.util.test.junit.AutoTests" name="[38] /home/travis/build/icyphy/ptII/ptolemy/actor/lib/hoc/test/auto/IterateOverArrayCoercedOutputType.xml (RunModel)" time="0.032" />
  <testcase classname="ptolemy.util.test.junit.AutoTests" name="[39] /home/travis/build/icyphy/ptII/ptolemy/actor/lib/hoc/test/auto/IterateOverArrayInferredOutputType.xml (RunModel)" time="0.028" />
  <testcase classname="ptolemy.util.test.junit.AutoTests" name="[40] /home/travis/build/icyphy/ptII/ptolemy/actor/lib/hoc/test/auto/MobileFunctionTest.xml (RunModel)" time="0.046" />
  <testcase classname="ptolemy.util.test.junit.AutoTests" name="[41] /home/travis/build/icyphy/ptII/ptolemy/actor/lib/hoc/test/auto/MobileModelTest.xml (RunModel)" time="0.162" />
  <testcase classname="ptolemy.util.test.junit.AutoTests" name="[42] /home/travis/build/icyphy/ptII/ptolemy/actor/lib/hoc/test/auto/ModelReference.xml (RunModel)" time="0.062" />
  <testcase classname="ptolemy.util.test.junit.AutoTests" name="[43] /home/travis/build/icyphy/ptII/ptolemy/actor/lib/hoc/test/auto/ModelReference3.xml (RunModel)" time="0.038" />
  <testcase classname="ptolemy.util.test.junit.AutoTests" name="[44] /home/travis/build/icyphy/ptII/ptolemy/actor/lib/hoc/test/auto/ModelReference4.xml (RunModel)" time="10.031" />
  <testcase classname="ptolemy.util.test.junit.AutoTests" name="[45] /home/travis/build/icyphy/ptII/ptolemy/actor/lib/hoc/test/auto/MultiInstanceComposite.xml (RunModel)" time="0.06" />
  <testcase classname="ptolemy.util.test.junit.AutoTests" name="[46] /home/travis/build/icyphy/ptII/ptolemy/actor/lib/hoc/test/auto/MultiInstanceComposite2.xml (RunModel)" time="0.05" />
  <testcase classname="ptolemy.util.test.junit.AutoTests" name="[47] /home/travis/build/icyphy/ptII/ptolemy/actor/lib/hoc/test/auto/MulticoreExecution.xml (RunModel)" time="1.059" />
  <testcase classname="ptolemy.util.test.junit.AutoTests" name="[48] /home/travis/build/icyphy/ptII/ptolemy/actor/lib/hoc/test/auto/ParallelExecution.xml (RunModel)" time="0.93" />
  <testcase classname="ptolemy.util.test.junit.AutoTests" name="[49] /home/travis/build/icyphy/ptII/ptolemy/actor/lib/hoc/test/auto/RunCompositeActor.xml (RunModel)" time="0.031" />
  <testcase classname="ptolemy.util.test.junit.AutoTests" name="[50] /home/travis/build/icyphy/ptII/ptolemy/actor/lib/hoc/test/auto/RunCompositeActor2.xml (RunModel)" time="0.023" />
  <testcase classname="ptolemy.util.test.junit.AutoTests" name="[51] /home/travis/build/icyphy/ptII/ptolemy/actor/lib/hoc/test/auto/RunCompositeActor3.xml (RunModel)" time="0.018" />
  <testcase classname="ptolemy.util.test.junit.AutoTests" name="[52] /home/travis/build/icyphy/ptII/ptolemy/actor/lib/hoc/test/auto/RunCompositeActor4.xml (RunModel)" time="0.024" />
  <testcase classname="ptolemy.util.test.junit.AutoTests" name="[53] /home/travis/build/icyphy/ptII/ptolemy/actor/lib/hoc/test/auto/RunCompositeIterateOverArray.xml (RunModel)" time="0.044" />
  <testcase classname="ptolemy.util.test.junit.AutoTests" name="[54] /home/travis/build/icyphy/ptII/ptolemy/actor/lib/hoc/test/auto/ThreadedJS.xml (RunModel)" time="12.613" />
  <system-out><![CDATA[/home/travis/build/icyphy/ptII/ptolemy/actor/lib/hoc/test/IterateOverArray.tcl
testDefs.tcl: setting time out to 9000 seconds at Sat Jan 04 06:38:46 UTC 2020
01/04/20 06:38:47
Failed: 0  Total Tests: 2  ((Passed: 2, Newly Passed: 0)  Known Failed: 0) /home/travis/build/icyphy/ptII/ptolemy/actor/lib/hoc/test
----------------- testing (KnownFailure) /home/travis/build/icyphy/ptII/ptolemy/actor/lib/hoc/test/auto/knownFailedTests/PreinitializeMustBeInvokedRunComposite.xml
127 ms. Memory: 129024K Free: 86915K (67%)
Known Failure: java.lang.reflect.InvocationTargetException
No auto/linux-amd64/*.xml tests in /home/travis/build/icyphy/ptII/ptolemy/actor/lib/hoc/test
AutoTests.java: About to close Vertx.
AutoTests.java: Vertx closed.

===========================================================================================
----------------- testing Sat Jan 04 06:38:47 UTC 2020 /home/travis/build/icyphy/ptII/ptolemy/actor/lib/hoc/test/auto/AllToAllMultiInstanceComposite.xml
----------------- Instantiating /home/travis/build/icyphy/ptII/ptolemy/actor/lib/hoc/test/auto/AllToAllMultiInstanceComposite.xml
179 ms. Memory: 129024K Free: 100257K (78%)
----------------- Invoking toplevel() on ptolemy.moml.MoMLSimpleApplication@1dae3a11
----------------- Done invoking toplevel() on ptolemy.moml.MoMLSimpleApplication@1dae3a11
reloadAllAccessors: .AllToAllMultiInstanceComposite

===========================================================================================
----------------- testing Sat Jan 04 06:38:48 UTC 2020 /home/travis/build/icyphy/ptII/ptolemy/actor/lib/hoc/test/auto/ApplyFFTTest.xml
----------------- Instantiating /home/travis/build/icyphy/ptII/ptolemy/actor/lib/hoc/test/auto/ApplyFFTTest.xml
165 ms. Memory: 129024K Free: 106171K (82%)
----------------- Invoking toplevel() on ptolemy.moml.MoMLSimpleApplication@d22e4c2
----------------- Done invoking toplevel() on ptolemy.moml.MoMLSimpleApplication@d22e4c2
reloadAllAccessors: .ApplyFFTTest

===========================================================================================
----------------- testing Sat Jan 04 06:38:48 UTC 2020 /home/travis/build/icyphy/ptII/ptolemy/actor/lib/hoc/test/auto/ApplyFunction.xml
----------------- Instantiating /home/travis/build/icyphy/ptII/ptolemy/actor/lib/hoc/test/auto/ApplyFunction.xml
5 ms. Memory: 129024K Free: 102804K (80%)
----------------- Invoking toplevel() on ptolemy.moml.MoMLSimpleApplication@709e2ee8
----------------- Done invoking toplevel() on ptolemy.moml.MoMLSimpleApplication@709e2ee8
reloadAllAccessors: .ApplyFunction

===========================================================================================
----------------- testing Sat Jan 04 06:38:48 UTC 2020 /home/travis/build/icyphy/ptII/ptolemy/actor/lib/hoc/test/auto/BackgroundExecution.xml
----------------- Instantiating /home/travis/build/icyphy/ptII/ptolemy/actor/lib/hoc/test/auto/BackgroundExecution.xml
645 ms. Memory: 129024K Free: 95358K (74%)
----------------- Invoking toplevel() on ptolemy.moml.MoMLSimpleApplication@6364dd5
----------------- Done invoking toplevel() on ptolemy.moml.MoMLSimpleApplication@6364dd5
reloadAllAccessors: .BackgroundExecution

===========================================================================================
----------------- testing Sat Jan 04 06:38:49 UTC 2020 /home/travis/build/icyphy/ptII/ptolemy/actor/lib/hoc/test/auto/Case.xml
----------------- Instantiating /home/travis/build/icyphy/ptII/ptolemy/actor/lib/hoc/test/auto/Case.xml
20 ms. Memory: 129024K Free: 87934K (68%)
----------------- Invoking toplevel() on ptolemy.moml.MoMLSimpleApplication@27bed4a4
----------------- Done invoking toplevel() on ptolemy.moml.MoMLSimpleApplication@27bed4a4
reloadAllAccessors: .Case

===========================================================================================
----------------- testing Sat Jan 04 06:38:49 UTC 2020 /home/travis/build/icyphy/ptII/ptolemy/actor/lib/hoc/test/auto/Case1.xml
----------------- Instantiating /home/travis/build/icyphy/ptII/ptolemy/actor/lib/hoc/test/auto/Case1.xml
23 ms. Memory: 129024K Free: 81517K (63%)
----------------- Invoking toplevel() on ptolemy.moml.MoMLSimpleApplication@3c03a9c9
----------------- Done invoking toplevel() on ptolemy.moml.MoMLSimpleApplication@3c03a9c9
reloadAllAccessors: .Case1

===========================================================================================
----------------- testing Sat Jan 04 06:38:49 UTC 2020 /home/travis/build/icyphy/ptII/ptolemy/actor/lib/hoc/test/auto/Case2.xml
----------------- Instantiating /home/travis/build/icyphy/ptII/ptolemy/actor/lib/hoc/test/auto/Case2.xml
53 ms. Memory: 155648K Free: 132008K (85%)
----------------- Invoking toplevel() on ptolemy.moml.MoMLSimpleApplication@307b83fc
----------------- Done invoking toplevel() on ptolemy.moml.MoMLSimpleApplication@307b83fc
reloadAllAccessors: .Case2

===========================================================================================
----------------- testing Sat Jan 04 06:38:49 UTC 2020 /home/travis/build/icyphy/ptII/ptolemy/actor/lib/hoc/test/auto/Case3.xml
----------------- Instantiating /home/travis/build/icyphy/ptII/ptolemy/actor/lib/hoc/test/auto/Case3.xml
10 ms. Memory: 155648K Free: 125864K (81%)
----------------- Invoking toplevel() on ptolemy.moml.MoMLSimpleApplication@3860ac96
----------------- Done invoking toplevel() on ptolemy.moml.MoMLSimpleApplication@3860ac96
reloadAllAccessors: .Case3

===========================================================================================
----------------- testing Sat Jan 04 06:38:49 UTC 2020 /home/travis/build/icyphy/ptII/ptolemy/actor/lib/hoc/test/auto/Case4.xml
----------------- Instantiating /home/travis/build/icyphy/ptII/ptolemy/actor/lib/hoc/test/auto/Case4.xml
10 ms. Memory: 155648K Free: 118356K (76%)
----------------- Invoking toplevel() on ptolemy.moml.MoMLSimpleApplication@77a24747
----------------- Done invoking toplevel() on ptolemy.moml.MoMLSimpleApplication@77a24747
reloadAllAccessors: .Case4

===========================================================================================
----------------- testing Sat Jan 04 06:38:49 UTC 2020 /home/travis/build/icyphy/ptII/ptolemy/actor/lib/hoc/test/auto/Case5.xml
----------------- Instantiating /home/travis/build/icyphy/ptII/ptolemy/actor/lib/hoc/test/auto/Case5.xml
29 ms. Memory: 155648K Free: 112204K (72%)
----------------- Invoking toplevel() on ptolemy.moml.MoMLSimpleApplication@5de6eaea
----------------- Done invoking toplevel() on ptolemy.moml.MoMLSimpleApplication@5de6eaea
reloadAllAccessors: .junk

===========================================================================================
----------------- testing Sat Jan 04 06:38:49 UTC 2020 /home/travis/build/icyphy/ptII/ptolemy/actor/lib/hoc/test/auto/Case6.xml
----------------- Instantiating /home/travis/build/icyphy/ptII/ptolemy/actor/lib/hoc/test/auto/Case6.xml
36 ms. Memory: 155648K Free: 100286K (64%)
----------------- Invoking toplevel() on ptolemy.moml.MoMLSimpleApplication@a23ab87
----------------- Done invoking toplevel() on ptolemy.moml.MoMLSimpleApplication@a23ab87
reloadAllAccessors: .Case6

===========================================================================================
----------------- testing Sat Jan 04 06:38:49 UTC 2020 /home/travis/build/icyphy/ptII/ptolemy/actor/lib/hoc/test/auto/CaseString2.xml
----------------- Instantiating /home/travis/build/icyphy/ptII/ptolemy/actor/lib/hoc/test/auto/CaseString2.xml
15 ms. Memory: 155648K Free: 137936K (89%)
----------------- Invoking toplevel() on ptolemy.moml.MoMLSimpleApplication@11152d01
----------------- Done invoking toplevel() on ptolemy.moml.MoMLSimpleApplication@11152d01
reloadAllAccessors: .CaseString2

===========================================================================================
----------------- testing Sat Jan 04 06:38:50 UTC 2020 /home/travis/build/icyphy/ptII/ptolemy/actor/lib/hoc/test/auto/CatchUpComposite1.xml
----------------- Instantiating /home/travis/build/icyphy/ptII/ptolemy/actor/lib/hoc/test/auto/CatchUpComposite1.xml
34 ms. Memory: 155648K Free: 128809K (83%)
----------------- Invoking toplevel() on ptolemy.moml.MoMLSimpleApplication@54302c72
----------------- Done invoking toplevel() on ptolemy.moml.MoMLSimpleApplication@54302c72
reloadAllAccessors: .CatchUpComposite1

===========================================================================================
----------------- testing Sat Jan 04 06:38:50 UTC 2020 /home/travis/build/icyphy/ptII/ptolemy/actor/lib/hoc/test/auto/CatchUpComposite2.xml
----------------- Instantiating /home/travis/build/icyphy/ptII/ptolemy/actor/lib/hoc/test/auto/CatchUpComposite2.xml
17 ms. Memory: 155648K Free: 120346K (77%)
----------------- Invoking toplevel() on ptolemy.moml.MoMLSimpleApplication@e54bfd0
----------------- Done invoking toplevel() on ptolemy.moml.MoMLSimpleApplication@e54bfd0
reloadAllAccessors: .CatchUpComposite2

===========================================================================================
----------------- testing Sat Jan 04 06:38:50 UTC 2020 /home/travis/build/icyphy/ptII/ptolemy/actor/lib/hoc/test/auto/CatchUpComposite3.xml
----------------- Instantiating /home/travis/build/icyphy/ptII/ptolemy/actor/lib/hoc/test/auto/CatchUpComposite3.xml
26 ms. Memory: 155648K Free: 111776K (72%)
----------------- Invoking toplevel() on ptolemy.moml.MoMLSimpleApplication@6d1f9a5a
----------------- Done invoking toplevel() on ptolemy.moml.MoMLSimpleApplication@6d1f9a5a
reloadAllAccessors: .CatchUpComposite3

===========================================================================================
----------------- testing Sat Jan 04 06:38:50 UTC 2020 /home/travis/build/icyphy/ptII/ptolemy/actor/lib/hoc/test/auto/CatchUpComposite4.xml
----------------- Instantiating /home/travis/build/icyphy/ptII/ptolemy/actor/lib/hoc/test/auto/CatchUpComposite4.xml
17 ms. Memory: 155648K Free: 103585K (67%)
----------------- Invoking toplevel() on ptolemy.moml.MoMLSimpleApplication@69b96502
----------------- Done invoking toplevel() on ptolemy.moml.MoMLSimpleApplication@69b96502
reloadAllAccessors: .CatchUpComposite4

===========================================================================================
----------------- testing Sat Jan 04 06:38:50 UTC 2020 /home/travis/build/icyphy/ptII/ptolemy/actor/lib/hoc/test/auto/CatchUpComposite5.xml
----------------- Instantiating /home/travis/build/icyphy/ptII/ptolemy/actor/lib/hoc/test/auto/CatchUpComposite5.xml
14 ms. Memory: 155648K Free: 95987K (62%)
----------------- Invoking toplevel() on ptolemy.moml.MoMLSimpleApplication@18efe49d
----------------- Done invoking toplevel() on ptolemy.moml.MoMLSimpleApplication@18efe49d
reloadAllAccessors: .CatchUpComposite5

===========================================================================================
----------------- testing Sat Jan 04 06:38:50 UTC 2020 /home/travis/build/icyphy/ptII/ptolemy/actor/lib/hoc/test/auto/CatchUpComposite6.xml
----------------- Instantiating /home/travis/build/icyphy/ptII/ptolemy/actor/lib/hoc/test/auto/CatchUpComposite6.xml
WARNING: The execution aspects in this model can influence the timing of actors by delaying the 
execution, potentially changing the behavior. There is no guarantee that actors fire at the 
time they request to be fired. 
Use Ptides for deterministic DE behavior that is not influenced by execution aspects. 

105 ms. Memory: 155648K Free: 137645K (88%)
----------------- Invoking toplevel() on ptolemy.moml.MoMLSimpleApplication@594facc9
----------------- Done invoking toplevel() on ptolemy.moml.MoMLSimpleApplication@594facc9
reloadAllAccessors: .CatchUpComposite6

===========================================================================================
----------------- testing Sat Jan 04 06:38:50 UTC 2020 /home/travis/build/icyphy/ptII/ptolemy/actor/lib/hoc/test/auto/CatchUpComposite7.xml
----------------- Instantiating /home/travis/build/icyphy/ptII/ptolemy/actor/lib/hoc/test/auto/CatchUpComposite7.xml
WARNING: The execution aspects in this model can influence the timing of actors by delaying the 
execution, potentially changing the behavior. There is no guarantee that actors fire at the 
time they request to be fired. 
Use Ptides for deterministic DE behavior that is not influenced by execution aspects. 

39 ms. Memory: 155648K Free: 123816K (80%)
----------------- Invoking toplevel() on ptolemy.moml.MoMLSimpleApplication@584e3344
----------------- Done invoking toplevel() on ptolemy.moml.MoMLSimpleApplication@584e3344
reloadAllAccessors: .CatchUpComposite7

===========================================================================================
----------------- testing Sat Jan 04 06:38:50 UTC 2020 /home/travis/build/icyphy/ptII/ptolemy/actor/lib/hoc/test/auto/ConcurrentExecutionTimeSDF.xml
----------------- Instantiating /home/travis/build/icyphy/ptII/ptolemy/actor/lib/hoc/test/auto/ConcurrentExecutionTimeSDF.xml
Fired ExecutionTime: 40400000
Fired ExecutionTime: 40400000
Fired ExecutionTime: 40400000
Fired ExecutionTime: 40400000
Fired ExecutionTime: 40400000
Fired ExecutionTime: 40400000
Fired ExecutionTime: 40400000
Fired ExecutionTime: 40400000
Fired ExecutionTime: 40400000
Fired ExecutionTime: 40400000
Fired ExecutionTime: 40400000
Fired ExecutionTime: 40400000
Fired ExecutionTime: 40400000
Fired ExecutionTime: 40400000
Fired ExecutionTime: 40400000
Fired ExecutionTime: 40400000
Fired ExecutionTime: 40400000
Fired ExecutionTime: 40400000
Fired ExecutionTime: 40400000
Fired ExecutionTime: 40400000
866 ms. Memory: 155648K Free: 116648K (75%)
----------------- Invoking toplevel() on ptolemy.moml.MoMLSimpleApplication@6b017245
----------------- Done invoking toplevel() on ptolemy.moml.MoMLSimpleApplication@6b017245
reloadAllAccessors: .ConcurrentExecutionTimeSDF

===========================================================================================
----------------- testing Sat Jan 04 06:38:51 UTC 2020 /home/travis/build/icyphy/ptII/ptolemy/actor/lib/hoc/test/auto/ConcurrentSleep.xml
----------------- Instantiating /home/travis/build/icyphy/ptII/ptolemy/actor/lib/hoc/test/auto/ConcurrentSleep.xml
719 ms. Memory: 155648K Free: 105951K (68%)
----------------- Invoking toplevel() on ptolemy.moml.MoMLSimpleApplication@1d363512
----------------- Done invoking toplevel() on ptolemy.moml.MoMLSimpleApplication@1d363512
reloadAllAccessors: .ConcurrentSleep

===========================================================================================
----------------- testing Sat Jan 04 06:38:52 UTC 2020 /home/travis/build/icyphy/ptII/ptolemy/actor/lib/hoc/test/auto/DEInPNInRunCompositeActor.xml
----------------- Instantiating /home/travis/build/icyphy/ptII/ptolemy/actor/lib/hoc/test/auto/DEInPNInRunCompositeActor.xml
13 ms. Memory: 155648K Free: 100724K (65%)
----------------- Invoking toplevel() on ptolemy.moml.MoMLSimpleApplication@171ae6b
----------------- Done invoking toplevel() on ptolemy.moml.MoMLSimpleApplication@171ae6b
reloadAllAccessors: .DEInPNInRunCompositeActor

===========================================================================================
----------------- testing Sat Jan 04 06:38:52 UTC 2020 /home/travis/build/icyphy/ptII/ptolemy/actor/lib/hoc/test/auto/DFTSubSetTest.xml
----------------- Instantiating /home/travis/build/icyphy/ptII/ptolemy/actor/lib/hoc/test/auto/DFTSubSetTest.xml
157 ms. Memory: 155648K Free: 125578K (81%)
----------------- Invoking toplevel() on ptolemy.moml.MoMLSimpleApplication@3e3712ff
----------------- Done invoking toplevel() on ptolemy.moml.MoMLSimpleApplication@3e3712ff
reloadAllAccessors: .DFTSubSetTest

===========================================================================================
----------------- testing Sat Jan 04 06:38:52 UTC 2020 /home/travis/build/icyphy/ptII/ptolemy/actor/lib/hoc/test/auto/HocDE.xml
----------------- Instantiating /home/travis/build/icyphy/ptII/ptolemy/actor/lib/hoc/test/auto/HocDE.xml
83 ms. Memory: 155648K Free: 100443K (65%)
----------------- Invoking toplevel() on ptolemy.moml.MoMLSimpleApplication@8ebe590
----------------- Done invoking toplevel() on ptolemy.moml.MoMLSimpleApplication@8ebe590
reloadAllAccessors: .HocDE

===========================================================================================
----------------- testing Sat Jan 04 06:38:52 UTC 2020 /home/travis/build/icyphy/ptII/ptolemy/actor/lib/hoc/test/auto/IterateOverArray.xml
----------------- Instantiating /home/travis/build/icyphy/ptII/ptolemy/actor/lib/hoc/test/auto/IterateOverArray.xml
5 ms. Memory: 155648K Free: 96347K (62%)
----------------- Invoking toplevel() on ptolemy.moml.MoMLSimpleApplication@10ee678c
----------------- Done invoking toplevel() on ptolemy.moml.MoMLSimpleApplication@10ee678c
reloadAllAccessors: .IterateOverArray

===========================================================================================
----------------- testing Sat Jan 04 06:38:52 UTC 2020 /home/travis/build/icyphy/ptII/ptolemy/actor/lib/hoc/test/auto/IterateOverArray10.xml
----------------- Instantiating /home/travis/build/icyphy/ptII/ptolemy/actor/lib/hoc/test/auto/IterateOverArray10.xml
2 ms. Memory: 155648K Free: 92886K (60%)
----------------- Invoking toplevel() on ptolemy.moml.MoMLSimpleApplication@64cb1742
----------------- Done invoking toplevel() on ptolemy.moml.MoMLSimpleApplication@64cb1742
reloadAllAccessors: .IterateOverArray10

===========================================================================================
----------------- testing Sat Jan 04 06:38:52 UTC 2020 /home/travis/build/icyphy/ptII/ptolemy/actor/lib/hoc/test/auto/IterateOverArray11.xml
----------------- Instantiating /home/travis/build/icyphy/ptII/ptolemy/actor/lib/hoc/test/auto/IterateOverArray11.xml
4 ms. Memory: 155648K Free: 88744K (57%)
----------------- Invoking toplevel() on ptolemy.moml.MoMLSimpleApplication@1fe05a3e
----------------- Done invoking toplevel() on ptolemy.moml.MoMLSimpleApplication@1fe05a3e
reloadAllAccessors: .IterateOverArray11

===========================================================================================
----------------- testing Sat Jan 04 06:38:52 UTC 2020 /home/travis/build/icyphy/ptII/ptolemy/actor/lib/hoc/test/auto/IterateOverArray12.xml
----------------- Instantiating /home/travis/build/icyphy/ptII/ptolemy/actor/lib/hoc/test/auto/IterateOverArray12.xml
13 ms. Memory: 155648K Free: 83035K (53%)
----------------- Invoking toplevel() on ptolemy.moml.MoMLSimpleApplication@211d3135
----------------- Done invoking toplevel() on ptolemy.moml.MoMLSimpleApplication@211d3135
reloadAllAccessors: .IterateOverArray12

===========================================================================================
----------------- testing Sat Jan 04 06:38:52 UTC 2020 /home/travis/build/icyphy/ptII/ptolemy/actor/lib/hoc/test/auto/IterateOverArray13.xml
----------------- Instantiating /home/travis/build/icyphy/ptII/ptolemy/actor/lib/hoc/test/auto/IterateOverArray13.xml
77 ms. Memory: 155648K Free: 134097K (86%)
----------------- Invoking toplevel() on ptolemy.moml.MoMLSimpleApplication@43ce8ba
----------------- Done invoking toplevel() on ptolemy.moml.MoMLSimpleApplication@43ce8ba
reloadAllAccessors: .IterateOverArray13

===========================================================================================
----------------- testing Sat Jan 04 06:38:53 UTC 2020 /home/travis/build/icyphy/ptII/ptolemy/actor/lib/hoc/test/auto/IterateOverArray14.xml
----------------- Instantiating /home/travis/build/icyphy/ptII/ptolemy/actor/lib/hoc/test/auto/IterateOverArray14.xml
56 ms. Memory: 155648K Free: 101767K (65%)
----------------- Invoking toplevel() on ptolemy.moml.MoMLSimpleApplication@63a930e8
----------------- Done invoking toplevel() on ptolemy.moml.MoMLSimpleApplication@63a930e8
reloadAllAccessors: .IterateOverArray14

===========================================================================================
----------------- testing Sat Jan 04 06:38:53 UTC 2020 /home/travis/build/icyphy/ptII/ptolemy/actor/lib/hoc/test/auto/IterateOverArray2.xml
----------------- Instantiating /home/travis/build/icyphy/ptII/ptolemy/actor/lib/hoc/test/auto/IterateOverArray2.xml
12 ms. Memory: 155648K Free: 97072K (62%)
----------------- Invoking toplevel() on ptolemy.moml.MoMLSimpleApplication@3bc4f6b5
----------------- Done invoking toplevel() on ptolemy.moml.MoMLSimpleApplication@3bc4f6b5
reloadAllAccessors: .IterateOverArray2

===========================================================================================
----------------- testing Sat Jan 04 06:38:53 UTC 2020 /home/travis/build/icyphy/ptII/ptolemy/actor/lib/hoc/test/auto/IterateOverArray3.xml
----------------- Instantiating /home/travis/build/icyphy/ptII/ptolemy/actor/lib/hoc/test/auto/IterateOverArray3.xml
10 ms. Memory: 155648K Free: 90898K (58%)
----------------- Invoking toplevel() on ptolemy.moml.MoMLSimpleApplication@2ea63587
----------------- Done invoking toplevel() on ptolemy.moml.MoMLSimpleApplication@2ea63587
reloadAllAccessors: .IterateOverArray3

===========================================================================================
----------------- testing Sat Jan 04 06:38:53 UTC 2020 /home/travis/build/icyphy/ptII/ptolemy/actor/lib/hoc/test/auto/IterateOverArray4.xml
----------------- Instantiating /home/travis/build/icyphy/ptII/ptolemy/actor/lib/hoc/test/auto/IterateOverArray4.xml
13 ms. Memory: 155648K Free: 86832K (56%)
----------------- Invoking toplevel() on ptolemy.moml.MoMLSimpleApplication@23f485d7
----------------- Done invoking toplevel() on ptolemy.moml.MoMLSimpleApplication@23f485d7
reloadAllAccessors: .IterateOverArray4

===========================================================================================
----------------- testing Sat Jan 04 06:38:53 UTC 2020 /home/travis/build/icyphy/ptII/ptolemy/actor/lib/hoc/test/auto/IterateOverArray5.xml
----------------- Instantiating /home/travis/build/icyphy/ptII/ptolemy/actor/lib/hoc/test/auto/IterateOverArray5.xml
3 ms. Memory: 155648K Free: 82736K (53%)
----------------- Invoking toplevel() on ptolemy.moml.MoMLSimpleApplication@377a1641
----------------- Done invoking toplevel() on ptolemy.moml.MoMLSimpleApplication@377a1641
reloadAllAccessors: .IterateOverArray5

===========================================================================================
----------------- testing Sat Jan 04 06:38:53 UTC 2020 /home/travis/build/icyphy/ptII/ptolemy/actor/lib/hoc/test/auto/IterateOverArray6.xml
----------------- Instantiating /home/travis/build/icyphy/ptII/ptolemy/actor/lib/hoc/test/auto/IterateOverArray6.xml
2 ms. Memory: 155648K Free: 79217K (51%)
----------------- Invoking toplevel() on ptolemy.moml.MoMLSimpleApplication@5796bda9
----------------- Done invoking toplevel() on ptolemy.moml.MoMLSimpleApplication@5796bda9
reloadAllAccessors: .IterateOverArray6

===========================================================================================
----------------- testing Sat Jan 04 06:38:53 UTC 2020 /home/travis/build/icyphy/ptII/ptolemy/actor/lib/hoc/test/auto/IterateOverArray7.xml
----------------- Instantiating /home/travis/build/icyphy/ptII/ptolemy/actor/lib/hoc/test/auto/IterateOverArray7.xml
7 ms. Memory: 155648K Free: 74971K (48%)
----------------- Invoking toplevel() on ptolemy.moml.MoMLSimpleApplication@43e4c1c
----------------- Done invoking toplevel() on ptolemy.moml.MoMLSimpleApplication@43e4c1c
reloadAllAccessors: .IterateOverArray7

===========================================================================================
----------------- testing Sat Jan 04 06:38:53 UTC 2020 /home/travis/build/icyphy/ptII/ptolemy/actor/lib/hoc/test/auto/IterateOverArray8.xml
----------------- Instantiating /home/travis/build/icyphy/ptII/ptolemy/actor/lib/hoc/test/auto/IterateOverArray8.xml
4 ms. Memory: 155648K Free: 71017K (46%)
----------------- Invoking toplevel() on ptolemy.moml.MoMLSimpleApplication@74e40023
----------------- Done invoking toplevel() on ptolemy.moml.MoMLSimpleApplication@74e40023
reloadAllAccessors: .IterateOverArray8

===========================================================================================
----------------- testing Sat Jan 04 06:38:53 UTC 2020 /home/travis/build/icyphy/ptII/ptolemy/actor/lib/hoc/test/auto/IterateOverArray9.xml
----------------- Instantiating /home/travis/build/icyphy/ptII/ptolemy/actor/lib/hoc/test/auto/IterateOverArray9.xml
3 ms. Memory: 155648K Free: 66929K (43%)
----------------- Invoking toplevel() on ptolemy.moml.MoMLSimpleApplication@27c67024
----------------- Done invoking toplevel() on ptolemy.moml.MoMLSimpleApplication@27c67024
reloadAllAccessors: .IterateOverArray9

===========================================================================================
----------------- testing Sat Jan 04 06:38:53 UTC 2020 /home/travis/build/icyphy/ptII/ptolemy/actor/lib/hoc/test/auto/IterateOverArrayCoercedOutputType.xml
----------------- Instantiating /home/travis/build/icyphy/ptII/ptolemy/actor/lib/hoc/test/auto/IterateOverArrayCoercedOutputType.xml
4 ms. Memory: 155648K Free: 61777K (40%)
----------------- Invoking toplevel() on ptolemy.moml.MoMLSimpleApplication@301eb372
----------------- Done invoking toplevel() on ptolemy.moml.MoMLSimpleApplication@301eb372
reloadAllAccessors: .IterateOverArrayCoercedOutputType

===========================================================================================
----------------- testing Sat Jan 04 06:38:53 UTC 2020 /home/travis/build/icyphy/ptII/ptolemy/actor/lib/hoc/test/auto/IterateOverArrayInferredOutputType.xml
----------------- Instantiating /home/travis/build/icyphy/ptII/ptolemy/actor/lib/hoc/test/auto/IterateOverArrayInferredOutputType.xml
11 ms. Memory: 155648K Free: 57136K (37%)
----------------- Invoking toplevel() on ptolemy.moml.MoMLSimpleApplication@2593aba7
----------------- Done invoking toplevel() on ptolemy.moml.MoMLSimpleApplication@2593aba7
reloadAllAccessors: .IterateOverArrayInferredOutputType

===========================================================================================
----------------- testing Sat Jan 04 06:38:53 UTC 2020 /home/travis/build/icyphy/ptII/ptolemy/actor/lib/hoc/test/auto/MobileFunctionTest.xml
----------------- Instantiating /home/travis/build/icyphy/ptII/ptolemy/actor/lib/hoc/test/auto/MobileFunctionTest.xml
8 ms. Memory: 155648K Free: 139638K (90%)
----------------- Invoking toplevel() on ptolemy.moml.MoMLSimpleApplication@431f3ddb
----------------- Done invoking toplevel() on ptolemy.moml.MoMLSimpleApplication@431f3ddb
reloadAllAccessors: .MobileFunctionTest

===========================================================================================
----------------- testing Sat Jan 04 06:38:53 UTC 2020 /home/travis/build/icyphy/ptII/ptolemy/actor/lib/hoc/test/auto/MobileModelTest.xml
----------------- Instantiating /home/travis/build/icyphy/ptII/ptolemy/actor/lib/hoc/test/auto/MobileModelTest.xml
135 ms. Memory: 155648K Free: 118407K (76%)
----------------- Invoking toplevel() on ptolemy.moml.MoMLSimpleApplication@58f36cc4
----------------- Done invoking toplevel() on ptolemy.moml.MoMLSimpleApplication@58f36cc4
reloadAllAccessors: .MobileModelTest

===========================================================================================
----------------- testing Sat Jan 04 06:38:53 UTC 2020 /home/travis/build/icyphy/ptII/ptolemy/actor/lib/hoc/test/auto/ModelReference.xml
----------------- Instantiating /home/travis/build/icyphy/ptII/ptolemy/actor/lib/hoc/test/auto/ModelReference.xml
2 ms. Memory: 155648K Free: 111799K (72%)
2 ms. Memory: 155648K Free: 111198K (71%)
2 ms. Memory: 155648K Free: 110245K (71%)
1 ms. Memory: 155648K Free: 109749K (71%)
1 ms. Memory: 155648K Free: 108719K (70%)
1 ms. Memory: 155648K Free: 107671K (69%)
1 ms. Memory: 155648K Free: 107151K (69%)
3 ms. Memory: 155648K Free: 106149K (68%)
1 ms. Memory: 155648K Free: 105583K (68%)
5 ms. Memory: 155648K Free: 104615K (67%)
27 ms. Memory: 155648K Free: 104615K (67%)
----------------- Invoking toplevel() on ptolemy.moml.MoMLSimpleApplication@c13aab6
----------------- Done invoking toplevel() on ptolemy.moml.MoMLSimpleApplication@c13aab6
reloadAllAccessors: .ModelReference

===========================================================================================
----------------- testing Sat Jan 04 06:38:53 UTC 2020 /home/travis/build/icyphy/ptII/ptolemy/actor/lib/hoc/test/auto/ModelReference3.xml
----------------- Instantiating /home/travis/build/icyphy/ptII/ptolemy/actor/lib/hoc/test/auto/ModelReference3.xml
2 ms. Memory: 155648K Free: 100005K (64%)
4 ms. Memory: 155648K Free: 99525K (64%)
1 ms. Memory: 155648K Free: 98487K (63%)
3 ms. Memory: 155648K Free: 97935K (63%)
3 ms. Memory: 155648K Free: 96879K (62%)
2 ms. Memory: 155648K Free: 95895K (62%)
3 ms. Memory: 155648K Free: 95431K (61%)
1 ms. Memory: 155648K Free: 94391K (61%)
1 ms. Memory: 155648K Free: 93839K (60%)
2 ms. Memory: 155648K Free: 92783K (60%)
29 ms. Memory: 155648K Free: 92783K (60%)
----------------- Invoking toplevel() on ptolemy.moml.MoMLSimpleApplication@21072e16
----------------- Done invoking toplevel() on ptolemy.moml.MoMLSimpleApplication@21072e16
reloadAllAccessors: .ModelReference3

===========================================================================================
----------------- testing Sat Jan 04 06:38:53 UTC 2020 /home/travis/build/icyphy/ptII/ptolemy/actor/lib/hoc/test/auto/ModelReference4.xml
----------------- Instantiating /home/travis/build/icyphy/ptII/ptolemy/actor/lib/hoc/test/auto/ModelReference4.xml
2 ms. Memory: 155648K Free: 88271K (57%)
2 ms. Memory: 155648K Free: 86679K (56%)
2 ms. Memory: 155648K Free: 85639K (55%)
2 ms. Memory: 155648K Free: 84151K (54%)
1 ms. Memory: 155648K Free: 83095K (53%)
6 ms. Memory: 155648K Free: 82141K (53%)
2 ms. Memory: 155648K Free: 80527K (52%)
1 ms. Memory: 155648K Free: 79503K (51%)
2 ms. Memory: 155648K Free: 77999K (50%)
4 ms. Memory: 155648K Free: 76983K (49%)
10016 ms. Memory: 155648K Free: 76983K (49%)
----------------- Invoking toplevel() on ptolemy.moml.MoMLSimpleApplication@31cd0480
----------------- Done invoking toplevel() on ptolemy.moml.MoMLSimpleApplication@31cd0480
reloadAllAccessors: .ModelReference4

===========================================================================================
----------------- testing Sat Jan 04 06:39:03 UTC 2020 /home/travis/build/icyphy/ptII/ptolemy/actor/lib/hoc/test/auto/MultiInstanceComposite.xml
----------------- Instantiating /home/travis/build/icyphy/ptII/ptolemy/actor/lib/hoc/test/auto/MultiInstanceComposite.xml
31 ms. Memory: 155648K Free: 58021K (37%)
----------------- Invoking toplevel() on ptolemy.moml.MoMLSimpleApplication@1325f181
----------------- Done invoking toplevel() on ptolemy.moml.MoMLSimpleApplication@1325f181
reloadAllAccessors: .MultiInstanceComposite

===========================================================================================
----------------- testing Sat Jan 04 06:39:03 UTC 2020 /home/travis/build/icyphy/ptII/ptolemy/actor/lib/hoc/test/auto/MultiInstanceComposite2.xml
----------------- Instantiating /home/travis/build/icyphy/ptII/ptolemy/actor/lib/hoc/test/auto/MultiInstanceComposite2.xml
31 ms. Memory: 155648K Free: 137615K (88%)
----------------- Invoking toplevel() on ptolemy.moml.MoMLSimpleApplication@bb3b82
----------------- Done invoking toplevel() on ptolemy.moml.MoMLSimpleApplication@bb3b82
reloadAllAccessors: .MultiInstanceComposite2

===========================================================================================
----------------- testing Sat Jan 04 06:39:03 UTC 2020 /home/travis/build/icyphy/ptII/ptolemy/actor/lib/hoc/test/auto/MulticoreExecution.xml
----------------- Instantiating /home/travis/build/icyphy/ptII/ptolemy/actor/lib/hoc/test/auto/MulticoreExecution.xml
Fired ExecutionTime: 19200000
Fired ExecutionTime: 24000000
Fired ExecutionTime: 109600000
Fired ExecutionTime: 108400000
Fired ExecutionTime: 111200000
Fired ExecutionTime: 111600000
Fired ExecutionTime: 112400000
Fired ExecutionTime: 111600000
Fired ExecutionTime: 111600000
Fired ExecutionTime: 109200000
Fired ExecutionTime: 106000000
Fired ExecutionTime: 110000000
Fired ExecutionTime: 110000000
Fired ExecutionTime: 108000000
Fired ExecutionTime: 107600000
Fired ExecutionTime: 108000000
Fired ExecutionTime: 108800000
Fired ExecutionTime: 108400000
Fired ExecutionTime: 108800000
Fired ExecutionTime: 108400000
1040 ms. Memory: 155648K Free: 128670K (83%)
----------------- Invoking toplevel() on ptolemy.moml.MoMLSimpleApplication@5b94a016
----------------- Done invoking toplevel() on ptolemy.moml.MoMLSimpleApplication@5b94a016
reloadAllAccessors: .MulticoreExecution

===========================================================================================
----------------- testing Sat Jan 04 06:39:04 UTC 2020 /home/travis/build/icyphy/ptII/ptolemy/actor/lib/hoc/test/auto/ParallelExecution.xml
----------------- Instantiating /home/travis/build/icyphy/ptII/ptolemy/actor/lib/hoc/test/auto/ParallelExecution.xml
913 ms. Memory: 155648K Free: 121502K (78%)
----------------- Invoking toplevel() on ptolemy.moml.MoMLSimpleApplication@41ce889e
----------------- Done invoking toplevel() on ptolemy.moml.MoMLSimpleApplication@41ce889e
reloadAllAccessors: .ParallelExecution

===========================================================================================
----------------- testing Sat Jan 04 06:39:05 UTC 2020 /home/travis/build/icyphy/ptII/ptolemy/actor/lib/hoc/test/auto/RunCompositeActor.xml
----------------- Instantiating /home/travis/build/icyphy/ptII/ptolemy/actor/lib/hoc/test/auto/RunCompositeActor.xml
7 ms. Memory: 155648K Free: 114409K (74%)
----------------- Invoking toplevel() on ptolemy.moml.MoMLSimpleApplication@725a4323
----------------- Done invoking toplevel() on ptolemy.moml.MoMLSimpleApplication@725a4323
reloadAllAccessors: .RunCompositeActor

===========================================================================================
----------------- testing Sat Jan 04 06:39:05 UTC 2020 /home/travis/build/icyphy/ptII/ptolemy/actor/lib/hoc/test/auto/RunCompositeActor2.xml
----------------- Instantiating /home/travis/build/icyphy/ptII/ptolemy/actor/lib/hoc/test/auto/RunCompositeActor2.xml
6 ms. Memory: 155648K Free: 108295K (70%)
----------------- Invoking toplevel() on ptolemy.moml.MoMLSimpleApplication@61b6d02
----------------- Done invoking toplevel() on ptolemy.moml.MoMLSimpleApplication@61b6d02
reloadAllAccessors: .RunCompositeActor2

===========================================================================================
----------------- testing Sat Jan 04 06:39:05 UTC 2020 /home/travis/build/icyphy/ptII/ptolemy/actor/lib/hoc/test/auto/RunCompositeActor3.xml
----------------- Instantiating /home/travis/build/icyphy/ptII/ptolemy/actor/lib/hoc/test/auto/RunCompositeActor3.xml
3 ms. Memory: 155648K Free: 103070K (66%)
----------------- Invoking toplevel() on ptolemy.moml.MoMLSimpleApplication@4b0a400f
----------------- Done invoking toplevel() on ptolemy.moml.MoMLSimpleApplication@4b0a400f
reloadAllAccessors: .RunCompositeActor3

===========================================================================================
----------------- testing Sat Jan 04 06:39:05 UTC 2020 /home/travis/build/icyphy/ptII/ptolemy/actor/lib/hoc/test/auto/RunCompositeActor4.xml
----------------- Instantiating /home/travis/build/icyphy/ptII/ptolemy/actor/lib/hoc/test/auto/RunCompositeActor4.xml
11 ms. Memory: 155648K Free: 94959K (61%)
----------------- Invoking toplevel() on ptolemy.moml.MoMLSimpleApplication@57197f32
----------------- Done invoking toplevel() on ptolemy.moml.MoMLSimpleApplication@57197f32
reloadAllAccessors: .RunCompositeActor4

===========================================================================================
----------------- testing Sat Jan 04 06:39:05 UTC 2020 /home/travis/build/icyphy/ptII/ptolemy/actor/lib/hoc/test/auto/RunCompositeIterateOverArray.xml
----------------- Instantiating /home/travis/build/icyphy/ptII/ptolemy/actor/lib/hoc/test/auto/RunCompositeIterateOverArray.xml
5 ms. Memory: 155648K Free: 89306K (57%)
----------------- Invoking toplevel() on ptolemy.moml.MoMLSimpleApplication@bd4877
----------------- Done invoking toplevel() on ptolemy.moml.MoMLSimpleApplication@bd4877
reloadAllAccessors: .RunCompositeIterateOverArray

===========================================================================================
----------------- testing Sat Jan 04 06:39:06 UTC 2020 /home/travis/build/icyphy/ptII/ptolemy/actor/lib/hoc/test/auto/ThreadedJS.xml
----------------- Instantiating /home/travis/build/icyphy/ptII/ptolemy/actor/lib/hoc/test/auto/ThreadedJS.xml
5999 ms. Memory: 225280K Free: 131300K (58%)
----------------- Invoking toplevel() on ptolemy.moml.MoMLSimpleApplication@656d017a
----------------- Done invoking toplevel() on ptolemy.moml.MoMLSimpleApplication@656d017a
reloadAllAccessors: .ThreadedJS
AutoTests.java: About to close Vertx.
AutoTests.java: Vertx closed.
]]></system-out>
  <system-err><![CDATA[java.lang.RuntimeException: Execution failed
	at ptolemy.moml.MoMLSimpleApplication$UnloadThread.run(MoMLSimpleApplication.java:402)
Caused by: ptolemy.kernel.util.IllegalActionException: initialize() was called after wrapup() was called but preinitialize() was not called after wrapup().
	at ptolemy.actor.lib.hoc.test.PreinitializeMustBeInvoked.initialize(PreinitializeMustBeInvoked.java:78)
	at ptolemy.actor.Director.initialize(Director.java:938)
	at ptolemy.actor.Director.initialize(Director.java:907)
	at ptolemy.actor.sched.StaticSchedulingDirector.initialize(StaticSchedulingDirector.java:159)
	at ptolemy.domains.sdf.kernel.SDFDirector.initialize(SDFDirector.java:544)
	at ptolemy.actor.CompositeActor.initialize(CompositeActor.java:935)
	at ptolemy.actor.lib.hoc.LifeCycleManager._executeInsideModel(LifeCycleManager.java:339)
	at ptolemy.actor.lib.hoc.RunCompositeActor.fire(RunCompositeActor.java:205)
	at ptolemy.actor.CompositeActor.iterate(CompositeActor.java:1146)
	at ptolemy.actor.sched.StaticSchedulingDirector.fire(StaticSchedulingDirector.java:216)
	at ptolemy.domains.sdf.kernel.SDFDirector.fire(SDFDirector.java:500)
	at ptolemy.actor.CompositeActor.fire(CompositeActor.java:455)
	at ptolemy.actor.Manager.iterate(Manager.java:851)
	at ptolemy.actor.Manager.execute(Manager.java:369)
	at ptolemy.actor.Manager.run(Manager.java:1263)
	at ptolemy.actor.Manager$PtolemyRunThread.run(Manager.java:1933)
java.lang.reflect.InvocationTargetException
	at java.base/jdk.internal.reflect.NativeConstructorAccessorImpl.newInstance0(Native Method)
	at java.base/jdk.internal.reflect.NativeConstructorAccessorImpl.newInstance(NativeConstructorAccessorImpl.java:62)
	at java.base/jdk.internal.reflect.DelegatingConstructorAccessorImpl.newInstance(DelegatingConstructorAccessorImpl.java:45)
	at java.base/java.lang.reflect.Constructor.newInstance(Constructor.java:490)
	at ptolemy.util.test.junit.AutoKnownFailedTests.RunModel(AutoKnownFailedTests.java:105)
	at java.base/jdk.internal.reflect.NativeMethodAccessorImpl.invoke0(Native Method)
	at java.base/jdk.internal.reflect.NativeMethodAccessorImpl.invoke(NativeMethodAccessorImpl.java:62)
	at java.base/jdk.internal.reflect.DelegatingMethodAccessorImpl.invoke(DelegatingMethodAccessorImpl.java:43)
	at java.base/java.lang.reflect.Method.invoke(Method.java:566)
	at org.junit.runners.model.FrameworkMethod$1.runReflectiveCall(FrameworkMethod.java:44)
	at org.junit.internal.runners.model.ReflectiveCallable.run(ReflectiveCallable.java:15)
	at org.junit.runners.model.FrameworkMethod.invokeExplosively(FrameworkMethod.java:41)
	at junitparams.internal.InvokeParameterisedMethod.evaluate(InvokeParameterisedMethod.java:102)
	at org.junit.internal.runners.statements.FailOnTimeout$1.run(FailOnTimeout.java:28)
Caused by: ptolemy.kernel.util.IllegalActionException: initialize() was called after wrapup() was called but preinitialize() was not called after wrapup().
	at ptolemy.actor.lib.hoc.test.PreinitializeMustBeInvoked.initialize(PreinitializeMustBeInvoked.java:78)
	at ptolemy.actor.Director.initialize(Director.java:938)
	at ptolemy.actor.Director.initialize(Director.java:907)
	at ptolemy.actor.sched.StaticSchedulingDirector.initialize(StaticSchedulingDirector.java:159)
	at ptolemy.domains.sdf.kernel.SDFDirector.initialize(SDFDirector.java:544)
	at ptolemy.actor.CompositeActor.initialize(CompositeActor.java:935)
	at ptolemy.actor.lib.hoc.LifeCycleManager._executeInsideModel(LifeCycleManager.java:339)
	at ptolemy.actor.lib.hoc.RunCompositeActor.fire(RunCompositeActor.java:205)
	at ptolemy.actor.CompositeActor.iterate(CompositeActor.java:1146)
	at ptolemy.actor.sched.StaticSchedulingDirector.fire(StaticSchedulingDirector.java:216)
	at ptolemy.domains.sdf.kernel.SDFDirector.fire(SDFDirector.java:500)
	at ptolemy.actor.CompositeActor.fire(CompositeActor.java:455)
	at ptolemy.actor.Manager.iterate(Manager.java:851)
	at ptolemy.actor.Manager.execute(Manager.java:369)
	at ptolemy.actor.Manager.run(Manager.java:1263)
	at ptolemy.actor.Manager$PtolemyRunThread.run(Manager.java:1933)
Warning: Nashorn engine is planned to be removed from a future JDK release
Warning: Nashorn engine is planned to be removed from a future JDK release
Warning: Nashorn engine is planned to be removed from a future JDK release
Warning: Nashorn engine is planned to be removed from a future JDK release
Warning: Nashorn engine is planned to be removed from a future JDK release
Warning: Nashorn engine is planned to be removed from a future JDK release
Warning: Nashorn engine is planned to be removed from a future JDK release
Warning: Nashorn engine is planned to be removed from a future JDK release
]]></system-err>
</testsuite>
