<?xml version="1.0" encoding="UTF-8" ?>
<testsuite errors="0" failures="0" hostname="travis-job-df401003-3f38-4a9b-9707-42f8277ac55c" name="ptolemy.domains.sdf.test.junit.JUnitTclTest" skipped="0" tests="66" time="19.752" timestamp="2020-03-21T13:36:12">
  <properties>
[...]
</properties>
  <testcase classname="ptolemy.util.test.junit.TclTests" name="[0] /home/travis/build/icyphy/ptII/ptolemy/domains/sdf/test/SDFSchedulerErrors.tcl (RunTclFile)" time="0.839" />
  <testcase classname="ptolemy.util.test.junit.TclTests" name="[1] /home/travis/build/icyphy/ptII/ptolemy/domains/sdf/test/composition.tcl (RunTclFile)" time="0.191" />
  <testcase classname="ptolemy.util.test.junit.TclTests" name="[2] /home/travis/build/icyphy/ptII/ptolemy/domains/sdf/test/cycle.tcl (RunTclFile)" time="0.052" />
  <testcase classname="ptolemy.util.test.junit.AutoKnownFailedTests" name="[0] ThereAreNoKnowFailedTests (RunModel)" time="0.005" />
  <testcase classname="ptolemy.util.test.junit.AutoNameArchTests" name="[0] ThereAreNoAutoArchTests (RunModel)" time="0.002" />
  <testcase classname="ptolemy.util.test.junit.AutoTests" name="[0] /home/travis/build/icyphy/ptII/ptolemy/domains/sdf/test/auto/Array.xml (RunModel)" time="0.24" />
  <testcase classname="ptolemy.util.test.junit.AutoTests" name="[1] /home/travis/build/icyphy/ptII/ptolemy/domains/sdf/test/auto/Butterfly.xml (RunModel)" time="0.088" />
  <testcase classname="ptolemy.util.test.junit.AutoTests" name="[2] /home/travis/build/icyphy/ptII/ptolemy/domains/sdf/test/auto/Expression.xml (RunModel)" time="0.149" />
  <testcase classname="ptolemy.util.test.junit.AutoTests" name="[3] /home/travis/build/icyphy/ptII/ptolemy/domains/sdf/test/auto/Eye.xml (RunModel)" time="0.275" />
  <testcase classname="ptolemy.util.test.junit.AutoTests" name="[4] /home/travis/build/icyphy/ptII/ptolemy/domains/sdf/test/auto/FixFIR.xml (RunModel)" time="0.387" />
  <testcase classname="ptolemy.util.test.junit.AutoTests" name="[5] /home/travis/build/icyphy/ptII/ptolemy/domains/sdf/test/auto/FixPoint.xml (RunModel)" time="0.043" />
  <testcase classname="ptolemy.util.test.junit.AutoTests" name="[6] /home/travis/build/icyphy/ptII/ptolemy/domains/sdf/test/auto/Gravitation.xml (RunModel)" time="3.248" />
  <testcase classname="ptolemy.util.test.junit.AutoTests" name="[7] /home/travis/build/icyphy/ptII/ptolemy/domains/sdf/test/auto/GravitationWithCollisionDetection.xml (RunModel)" time="6.312" />
  <testcase classname="ptolemy.util.test.junit.AutoTests" name="[8] /home/travis/build/icyphy/ptII/ptolemy/domains/sdf/test/auto/HDF.xml (RunModel)" time="0.078" />
  <testcase classname="ptolemy.util.test.junit.AutoTests" name="[9] /home/travis/build/icyphy/ptII/ptolemy/domains/sdf/test/auto/HDFwithTransientStates.xml (RunModel)" time="0.064" />
  <testcase classname="ptolemy.util.test.junit.AutoTests" name="[10] /home/travis/build/icyphy/ptII/ptolemy/domains/sdf/test/auto/HTVQ.xml (RunModel)" time="0.741" />
  <testcase classname="ptolemy.util.test.junit.AutoTests" name="[11] /home/travis/build/icyphy/ptII/ptolemy/domains/sdf/test/auto/InferInitProduction.xml (RunModel)" time="0.027" />
  <testcase classname="ptolemy.util.test.junit.AutoTests" name="[12] /home/travis/build/icyphy/ptII/ptolemy/domains/sdf/test/auto/InferInitProductionDeeper.xml (RunModel)" time="0.018" />
  <testcase classname="ptolemy.util.test.junit.AutoTests" name="[13] /home/travis/build/icyphy/ptII/ptolemy/domains/sdf/test/auto/LMSAdaptive.xml (RunModel)" time="0.069" />
  <testcase classname="ptolemy.util.test.junit.AutoTests" name="[14] /home/travis/build/icyphy/ptII/ptolemy/domains/sdf/test/auto/LogisticMap.xml (RunModel)" time="0.462" />
  <testcase classname="ptolemy.util.test.junit.AutoTests" name="[15] /home/travis/build/icyphy/ptII/ptolemy/domains/sdf/test/auto/MaximumEntropySpectrum.xml (RunModel)" time="0.252" />
  <testcase classname="ptolemy.util.test.junit.AutoTests" name="[16] /home/travis/build/icyphy/ptII/ptolemy/domains/sdf/test/auto/MultirateSDF.xml (RunModel)" time="0.065" />
  <testcase classname="ptolemy.util.test.junit.AutoTests" name="[17] /home/travis/build/icyphy/ptII/ptolemy/domains/sdf/test/auto/MultirateSDFwithTransientStates.xml (RunModel)" time="0.093" />
  <testcase classname="ptolemy.util.test.junit.AutoTests" name="[18] /home/travis/build/icyphy/ptII/ptolemy/domains/sdf/test/auto/NoisySinewave.xml (RunModel)" time="0.062" />
  <testcase classname="ptolemy.util.test.junit.AutoTests" name="[19] /home/travis/build/icyphy/ptII/ptolemy/domains/sdf/test/auto/Objects.xml (RunModel)" time="0.051" />
  <testcase classname="ptolemy.util.test.junit.AutoTests" name="[20] /home/travis/build/icyphy/ptII/ptolemy/domains/sdf/test/auto/OrthogonalCom.xml (RunModel)" time="0.043" />
  <testcase classname="ptolemy.util.test.junit.AutoTests" name="[21] /home/travis/build/icyphy/ptII/ptolemy/domains/sdf/test/auto/RijndaelEncryption.xml (RunModel)" time="0.523" />
  <testcase classname="ptolemy.util.test.junit.AutoTests" name="[22] /home/travis/build/icyphy/ptII/ptolemy/domains/sdf/test/auto/SDFEmptyIterations.xml (RunModel)" time="0.019" />
  <testcase classname="ptolemy.util.test.junit.AutoTests" name="[23] /home/travis/build/icyphy/ptII/ptolemy/domains/sdf/test/auto/Spectrum.xml (RunModel)" time="0.085" />
  <testcase classname="ptolemy.util.test.junit.AutoTests" name="[24] /home/travis/build/icyphy/ptII/ptolemy/domains/sdf/test/auto/de_inside_sdf.xml (RunModel)" time="0.016" />
  <testcase classname="ptolemy.util.test.junit.AutoTests" name="[25] /home/travis/build/icyphy/ptII/ptolemy/domains/sdf/test/auto/disconnectedHierarchicalSDF.xml (RunModel)" time="0.02" />
  <testcase classname="ptolemy.util.test.junit.AutoTests" name="[26] /home/travis/build/icyphy/ptII/ptolemy/domains/sdf/test/auto/disconnectedSDF.xml (RunModel)" time="0.013" />
  <testcase classname="ptolemy.util.test.junit.AutoTests" name="[27] /home/travis/build/icyphy/ptII/ptolemy/domains/sdf/test/auto/emptyRefinement.xml (RunModel)" time="0.011" />
  <testcase classname="ptolemy.util.test.junit.AutoTests" name="[28] /home/travis/build/icyphy/ptII/ptolemy/domains/sdf/test/auto/filePortParameter.xml (RunModel)" time="0.04" />
  <testcase classname="ptolemy.util.test.junit.AutoTests" name="[29] /home/travis/build/icyphy/ptII/ptolemy/domains/sdf/test/auto/inferRelationWidth1.xml (RunModel)" time="0.013" />
  <testcase classname="ptolemy.util.test.junit.AutoTests" name="[30] /home/travis/build/icyphy/ptII/ptolemy/domains/sdf/test/auto/initProductionInference.xml (RunModel)" time="0.021" />
  <testcase classname="ptolemy.util.test.junit.AutoTests" name="[31] /home/travis/build/icyphy/ptII/ptolemy/domains/sdf/test/auto/relationGroup.xml (RunModel)" time="0.016" />
  <testcase classname="ptolemy.util.test.junit.AutoTests" name="[32] /home/travis/build/icyphy/ptII/ptolemy/domains/sdf/test/auto/relationGroup10.xml (RunModel)" time="0.014" />
  <testcase classname="ptolemy.util.test.junit.AutoTests" name="[33] /home/travis/build/icyphy/ptII/ptolemy/domains/sdf/test/auto/relationGroup11.xml (RunModel)" time="0.014" />
  <testcase classname="ptolemy.util.test.junit.AutoTests" name="[34] /home/travis/build/icyphy/ptII/ptolemy/domains/sdf/test/auto/relationGroup12.xml (RunModel)" time="0.014" />
  <testcase classname="ptolemy.util.test.junit.AutoTests" name="[35] /home/travis/build/icyphy/ptII/ptolemy/domains/sdf/test/auto/relationGroup13.xml (RunModel)" time="0.023" />
  <testcase classname="ptolemy.util.test.junit.AutoTests" name="[36] /home/travis/build/icyphy/ptII/ptolemy/domains/sdf/test/auto/relationGroup14.xml (RunModel)" time="0.014" />
  <testcase classname="ptolemy.util.test.junit.AutoTests" name="[37] /home/travis/build/icyphy/ptII/ptolemy/domains/sdf/test/auto/relationGroup15.xml (RunModel)" time="0.015" />
  <testcase classname="ptolemy.util.test.junit.AutoTests" name="[38] /home/travis/build/icyphy/ptII/ptolemy/domains/sdf/test/auto/relationGroup2.xml (RunModel)" time="0.01" />
  <testcase classname="ptolemy.util.test.junit.AutoTests" name="[39] /home/travis/build/icyphy/ptII/ptolemy/domains/sdf/test/auto/relationGroup3.xml (RunModel)" time="0.006" />
  <testcase classname="ptolemy.util.test.junit.AutoTests" name="[40] /home/travis/build/icyphy/ptII/ptolemy/domains/sdf/test/auto/relationGroup4.xml (RunModel)" time="0.013" />
  <testcase classname="ptolemy.util.test.junit.AutoTests" name="[41] /home/travis/build/icyphy/ptII/ptolemy/domains/sdf/test/auto/relationGroup5.xml (RunModel)" time="0.011" />
  <testcase classname="ptolemy.util.test.junit.AutoTests" name="[42] /home/travis/build/icyphy/ptII/ptolemy/domains/sdf/test/auto/relationGroup6.xml (RunModel)" time="0.008" />
  <testcase classname="ptolemy.util.test.junit.AutoTests" name="[43] /home/travis/build/icyphy/ptII/ptolemy/domains/sdf/test/auto/relationGroup7.xml (RunModel)" time="0.007" />
  <testcase classname="ptolemy.util.test.junit.AutoTests" name="[44] /home/travis/build/icyphy/ptII/ptolemy/domains/sdf/test/auto/relationGroup8.xml (RunModel)" time="0.013" />
  <testcase classname="ptolemy.util.test.junit.AutoTests" name="[45] /home/travis/build/icyphy/ptII/ptolemy/domains/sdf/test/auto/relationGroup9.xml (RunModel)" time="0.012" />
  <testcase classname="ptolemy.util.test.junit.AutoTests" name="[46] /home/travis/build/icyphy/ptII/ptolemy/domains/sdf/test/auto/sdf_inside_de.xml (RunModel)" time="0.032" />
  <testcase classname="ptolemy.util.test.junit.AutoTests" name="[47] /home/travis/build/icyphy/ptII/ptolemy/domains/sdf/test/auto/sdf_inside_pn.xml (RunModel)" time="0.049" />
  <testcase classname="ptolemy.util.test.junit.AutoTests" name="[48] /home/travis/build/icyphy/ptII/ptolemy/domains/sdf/test/auto/sdf_sdf1.xml (RunModel)" time="0.014" />
  <testcase classname="ptolemy.util.test.junit.AutoTests" name="[49] /home/travis/build/icyphy/ptII/ptolemy/domains/sdf/test/auto/test1.xml (RunModel)" time="0.013" />
  <testcase classname="ptolemy.util.test.junit.AutoTests" name="[50] /home/travis/build/icyphy/ptII/ptolemy/domains/sdf/test/auto/time1.xml (RunModel)" time="0.008" />
  <testcase classname="ptolemy.util.test.junit.AutoTests" name="[51] /home/travis/build/icyphy/ptII/ptolemy/domains/sdf/test/auto/time2.xml (RunModel)" time="0.007" />
  <testcase classname="ptolemy.util.test.junit.AutoTests" name="[52] /home/travis/build/icyphy/ptII/ptolemy/domains/sdf/test/auto/time3.xml (RunModel)" time="0.021" />
  <testcase classname="ptolemy.util.test.junit.AutoTests" name="[53] /home/travis/build/icyphy/ptII/ptolemy/domains/sdf/test/auto/time4.xml (RunModel)" time="0.019" />
  <testcase classname="ptolemy.util.test.junit.AutoTests" name="[54] /home/travis/build/icyphy/ptII/ptolemy/domains/sdf/test/auto/time5.xml (RunModel)" time="4.008" />
  <testcase classname="ptolemy.util.test.junit.AutoTests" name="[55] /home/travis/build/icyphy/ptII/ptolemy/domains/sdf/test/auto/typeSystem_Const_Integer_smallest_Type.xml (RunModel)" time="0.023" />
  <testcase classname="ptolemy.util.test.junit.AutoTests" name="[56] /home/travis/build/icyphy/ptII/ptolemy/domains/sdf/test/auto/typeSystem_declared_Inports_OutportTypeException.xml (RunModel)" time="0.019" />
  <testcase classname="ptolemy.util.test.junit.AutoTests" name="[57] /home/travis/build/icyphy/ptII/ptolemy/domains/sdf/test/auto/typeSystem_oneDeclaredInportType_wrongTypeOutport.xml (RunModel)" time="0.013" />
  <testcase classname="ptolemy.util.test.junit.AutoTests" name="[58] /home/travis/build/icyphy/ptII/ptolemy/domains/sdf/test/auto/width.xml (RunModel)" time="0.009" />
  <testcase classname="ptolemy.util.test.junit.AutoTests" name="[59] /home/travis/build/icyphy/ptII/ptolemy/domains/sdf/test/auto/width2.xml (RunModel)" time="0.04" />
  <testcase classname="ptolemy.util.test.junit.AutoTests" name="[60] /home/travis/build/icyphy/ptII/ptolemy/domains/sdf/test/auto/width3.xml (RunModel)" time="0.033" />
  <system-out><![CDATA[/home/travis/build/icyphy/ptII/ptolemy/domains/sdf/test/SDFSchedulerErrors.tcl
testDefs.tcl: setting time out to 9000 seconds at Sat Mar 21 13:36:12 UTC 2020
81 ms. Memory: 129024K Free: 88518K (69%)
10 ms. Memory: 129024K Free: 80840K (63%)
5 ms. Memory: 129024K Free: 74696K (58%)
7 ms. Memory: 129024K Free: 71624K (56%)
/home/travis/build/icyphy/ptII/ptolemy/domains/sdf/test/composition.tcl
44 ms. Memory: 129024K Free: 67528K (52%)
7 ms. Memory: 129024K Free: 65480K (51%)
/home/travis/build/icyphy/ptII/ptolemy/domains/sdf/test/cycle.tcl
.Toplevel.Director Preinitializing ...
Invoking preinitialize():  .Toplevel.Actor1
Invoking preinitialize():  .Toplevel.Actor2
Invoking preinitialize():  .Toplevel.Delay
.Toplevel.Director Finished preinitialize().
### Schedule:
Execute Schedule{
Fire Actor ptolemy.domains.sdf.kernel.test.SDFTestDelay {.Toplevel.Actor1}
Fire Actor ptolemy.domains.sdf.kernel.test.SDFTestDelay {.Toplevel.Actor2}
Fire Actor ptolemy.domains.sdf.lib.SampleDelay {.Toplevel.Delay}
}
### End schedule
Called initialize().
Invoking initialize():  .Toplevel.Actor1
Initializing actor: .Toplevel.Actor1.
Invoking initialize():  .Toplevel.Actor2
Initializing actor: .Toplevel.Actor2.
Invoking initialize():  .Toplevel.Delay
Initializing actor: .Toplevel.Delay.
Director: Called prefire().
-- Setting current time to 0.0
Director prefire returns true.
The actor .Toplevel.Actor1 will be iterated.
The actor .Toplevel.Actor1 was iterated.
The actor .Toplevel.Actor2 will be iterated.
The actor .Toplevel.Actor2 was iterated.
The actor .Toplevel.Delay will be iterated.
The actor .Toplevel.Delay was iterated.
Director: Called postfire().
Postfire returns: true
Director: Called prefire().
-- Setting current time to 0.0
Director prefire returns true.
The actor .Toplevel.Actor1 will be iterated.
The actor .Toplevel.Actor1 was iterated.
The actor .Toplevel.Actor2 will be iterated.
The actor .Toplevel.Actor2 was iterated.
The actor .Toplevel.Delay will be iterated.
The actor .Toplevel.Delay was iterated.
Director: Called postfire().
Postfire returns: true
Director: Called prefire().
-- Setting current time to 0.0
Director prefire returns true.
The actor .Toplevel.Actor1 will be iterated.
The actor .Toplevel.Actor1 was iterated.
The actor .Toplevel.Actor2 will be iterated.
The actor .Toplevel.Actor2 was iterated.
The actor .Toplevel.Delay will be iterated.
The actor .Toplevel.Delay was iterated.
Director: Called postfire().
Postfire returns: true
Director: Called prefire().
-- Setting current time to 0.0
Director prefire returns true.
The actor .Toplevel.Actor1 will be iterated.
The actor .Toplevel.Actor1 was iterated.
The actor .Toplevel.Actor2 will be iterated.
The actor .Toplevel.Actor2 was iterated.
The actor .Toplevel.Delay will be iterated.
The actor .Toplevel.Delay was iterated.
Director: Called postfire().
Postfire returns: true
Director: Called prefire().
-- Setting current time to 0.0
Director prefire returns true.
The actor .Toplevel.Actor1 will be iterated.
The actor .Toplevel.Actor1 was iterated.
The actor .Toplevel.Actor2 will be iterated.
The actor .Toplevel.Actor2 was iterated.
The actor .Toplevel.Delay will be iterated.
The actor .Toplevel.Delay was iterated.
Director: Called postfire().
Postfire returns: true
Director: Called prefire().
-- Setting current time to 0.0
Director prefire returns true.
The actor .Toplevel.Actor1 will be iterated.
The actor .Toplevel.Actor1 was iterated.
The actor .Toplevel.Actor2 will be iterated.
The actor .Toplevel.Actor2 was iterated.
The actor .Toplevel.Delay will be iterated.
The actor .Toplevel.Delay was iterated.
Reached specified number of iterations: 6
Director: Called wrapup().
19 ms. Memory: 129024K Free: 62408K (48%)
03/21/20 01:36:13
Failed: 0  Total Tests: 8  ((Passed: 8, Newly Passed: 0)  Known Failed: 0) /home/travis/build/icyphy/ptII/ptolemy/domains/sdf/test
No auto/knownFailedTests/*.xml tests in /home/travis/build/icyphy/ptII/ptolemy/domains/sdf/test
No auto/linux-amd64/*.xml tests in /home/travis/build/icyphy/ptII/ptolemy/domains/sdf/test
AutoTests.java: About to close Vertx.
AutoTests.java: Vertx closed.

===========================================================================================
----------------- testing Sat Mar 21 13:36:13 UTC 2020 /home/travis/build/icyphy/ptII/ptolemy/domains/sdf/test/auto/Array.xml
----------------- Instantiating /home/travis/build/icyphy/ptII/ptolemy/domains/sdf/test/auto/Array.xml
49 ms. Memory: 129024K Free: 109130K (85%)
----------------- Invoking toplevel() on ptolemy.moml.MoMLSimpleApplication@7a0c56af
----------------- Done invoking toplevel() on ptolemy.moml.MoMLSimpleApplication@7a0c56af
reloadAllAccessors: .Array

===========================================================================================
----------------- testing Sat Mar 21 13:36:14 UTC 2020 /home/travis/build/icyphy/ptII/ptolemy/domains/sdf/test/auto/Butterfly.xml
----------------- Instantiating /home/travis/build/icyphy/ptII/ptolemy/domains/sdf/test/auto/Butterfly.xml
56 ms. Memory: 129024K Free: 103357K (80%)
----------------- Invoking toplevel() on ptolemy.moml.MoMLSimpleApplication@44e7ffa5
----------------- Done invoking toplevel() on ptolemy.moml.MoMLSimpleApplication@44e7ffa5
reloadAllAccessors: .Butterfly

===========================================================================================
----------------- testing Sat Mar 21 13:36:14 UTC 2020 /home/travis/build/icyphy/ptII/ptolemy/domains/sdf/test/auto/Expression.xml
----------------- Instantiating /home/travis/build/icyphy/ptII/ptolemy/domains/sdf/test/auto/Expression.xml
87 ms. Memory: 129024K Free: 98287K (76%)
----------------- Invoking toplevel() on ptolemy.moml.MoMLSimpleApplication@6d83c5a
----------------- Done invoking toplevel() on ptolemy.moml.MoMLSimpleApplication@6d83c5a
reloadAllAccessors: .Expression

===========================================================================================
----------------- testing Sat Mar 21 13:36:14 UTC 2020 /home/travis/build/icyphy/ptII/ptolemy/domains/sdf/test/auto/Eye.xml
----------------- Instantiating /home/travis/build/icyphy/ptII/ptolemy/domains/sdf/test/auto/Eye.xml
154 ms. Memory: 129024K Free: 73972K (57%)
----------------- Invoking toplevel() on ptolemy.moml.MoMLSimpleApplication@1610d5fa
----------------- Done invoking toplevel() on ptolemy.moml.MoMLSimpleApplication@1610d5fa
reloadAllAccessors: .Eye

===========================================================================================
----------------- testing Sat Mar 21 13:36:14 UTC 2020 /home/travis/build/icyphy/ptII/ptolemy/domains/sdf/test/auto/FixFIR.xml
----------------- Instantiating /home/travis/build/icyphy/ptII/ptolemy/domains/sdf/test/auto/FixFIR.xml
173 ms. Memory: 129024K Free: 93936K (73%)
----------------- Invoking toplevel() on ptolemy.moml.MoMLSimpleApplication@6d8b73ed
----------------- Done invoking toplevel() on ptolemy.moml.MoMLSimpleApplication@6d8b73ed
reloadAllAccessors: .FixFIR

===========================================================================================
----------------- testing Sat Mar 21 13:36:15 UTC 2020 /home/travis/build/icyphy/ptII/ptolemy/domains/sdf/test/auto/FixPoint.xml
----------------- Instantiating /home/travis/build/icyphy/ptII/ptolemy/domains/sdf/test/auto/FixPoint.xml
14 ms. Memory: 129024K Free: 89253K (69%)
----------------- Invoking toplevel() on ptolemy.moml.MoMLSimpleApplication@65056da2
----------------- Done invoking toplevel() on ptolemy.moml.MoMLSimpleApplication@65056da2
reloadAllAccessors: .FixPoint

===========================================================================================
----------------- testing Sat Mar 21 13:36:15 UTC 2020 /home/travis/build/icyphy/ptII/ptolemy/domains/sdf/test/auto/Gravitation.xml
----------------- Instantiating /home/travis/build/icyphy/ptII/ptolemy/domains/sdf/test/auto/Gravitation.xml
3147 ms. Memory: 129024K Free: 54184K (42%)
----------------- Invoking toplevel() on ptolemy.moml.MoMLSimpleApplication@1e83699e
----------------- Done invoking toplevel() on ptolemy.moml.MoMLSimpleApplication@1e83699e
reloadAllAccessors: .Gravitation

===========================================================================================
----------------- testing Sat Mar 21 13:36:18 UTC 2020 /home/travis/build/icyphy/ptII/ptolemy/domains/sdf/test/auto/GravitationWithCollisionDetection.xml
----------------- Instantiating /home/travis/build/icyphy/ptII/ptolemy/domains/sdf/test/auto/GravitationWithCollisionDetection.xml
6133 ms. Memory: 334848K Free: 274238K (82%)
----------------- Invoking toplevel() on ptolemy.moml.MoMLSimpleApplication@7cc83923
----------------- Done invoking toplevel() on ptolemy.moml.MoMLSimpleApplication@7cc83923
reloadAllAccessors: .GravitationWithCollisionDetection

===========================================================================================
----------------- testing Sat Mar 21 13:36:24 UTC 2020 /home/travis/build/icyphy/ptII/ptolemy/domains/sdf/test/auto/HDF.xml
----------------- Instantiating /home/travis/build/icyphy/ptII/ptolemy/domains/sdf/test/auto/HDF.xml
21 ms. Memory: 334848K Free: 258398K (77%)
----------------- Invoking toplevel() on ptolemy.moml.MoMLSimpleApplication@40535e7f
----------------- Done invoking toplevel() on ptolemy.moml.MoMLSimpleApplication@40535e7f
reloadAllAccessors: .HDF

===========================================================================================
----------------- testing Sat Mar 21 13:36:24 UTC 2020 /home/travis/build/icyphy/ptII/ptolemy/domains/sdf/test/auto/HDFwithTransientStates.xml
----------------- Instantiating /home/travis/build/icyphy/ptII/ptolemy/domains/sdf/test/auto/HDFwithTransientStates.xml
19 ms. Memory: 334848K Free: 239452K (72%)
----------------- Invoking toplevel() on ptolemy.moml.MoMLSimpleApplication@fbc2be6
----------------- Done invoking toplevel() on ptolemy.moml.MoMLSimpleApplication@fbc2be6
reloadAllAccessors: .HDFwithTransientStates

===========================================================================================
----------------- testing Sat Mar 21 13:36:24 UTC 2020 /home/travis/build/icyphy/ptII/ptolemy/domains/sdf/test/auto/HTVQ.xml
----------------- Instantiating /home/travis/build/icyphy/ptII/ptolemy/domains/sdf/test/auto/HTVQ.xml
712 ms. Memory: 334848K Free: 271057K (81%)
----------------- Invoking toplevel() on ptolemy.moml.MoMLSimpleApplication@68871d36
----------------- Done invoking toplevel() on ptolemy.moml.MoMLSimpleApplication@68871d36
reloadAllAccessors: .HTVQ

===========================================================================================
----------------- testing Sat Mar 21 13:36:25 UTC 2020 /home/travis/build/icyphy/ptII/ptolemy/domains/sdf/test/auto/InferInitProduction.xml
----------------- Instantiating /home/travis/build/icyphy/ptII/ptolemy/domains/sdf/test/auto/InferInitProduction.xml
3 ms. Memory: 334848K Free: 264998K (79%)
----------------- Invoking toplevel() on ptolemy.moml.MoMLSimpleApplication@31ad262b
----------------- Done invoking toplevel() on ptolemy.moml.MoMLSimpleApplication@31ad262b
reloadAllAccessors: .InferInitProduction

===========================================================================================
----------------- testing Sat Mar 21 13:36:25 UTC 2020 /home/travis/build/icyphy/ptII/ptolemy/domains/sdf/test/auto/InferInitProductionDeeper.xml
----------------- Instantiating /home/travis/build/icyphy/ptII/ptolemy/domains/sdf/test/auto/InferInitProductionDeeper.xml
4 ms. Memory: 334848K Free: 259382K (77%)
----------------- Invoking toplevel() on ptolemy.moml.MoMLSimpleApplication@16c8d5a9
----------------- Done invoking toplevel() on ptolemy.moml.MoMLSimpleApplication@16c8d5a9
reloadAllAccessors: .InferInitProductionDeeper

===========================================================================================
----------------- testing Sat Mar 21 13:36:25 UTC 2020 /home/travis/build/icyphy/ptII/ptolemy/domains/sdf/test/auto/LMSAdaptive.xml
----------------- Instantiating /home/travis/build/icyphy/ptII/ptolemy/domains/sdf/test/auto/LMSAdaptive.xml
9 ms. Memory: 334848K Free: 249652K (75%)
----------------- Invoking toplevel() on ptolemy.moml.MoMLSimpleApplication@32a90760
----------------- Done invoking toplevel() on ptolemy.moml.MoMLSimpleApplication@32a90760
reloadAllAccessors: .LMSAdaptive

===========================================================================================
----------------- testing Sat Mar 21 13:36:25 UTC 2020 /home/travis/build/icyphy/ptII/ptolemy/domains/sdf/test/auto/LogisticMap.xml
----------------- Instantiating /home/travis/build/icyphy/ptII/ptolemy/domains/sdf/test/auto/LogisticMap.xml
430 ms. Memory: 334848K Free: 243508K (73%)
----------------- Invoking toplevel() on ptolemy.moml.MoMLSimpleApplication@714fe4d9
----------------- Done invoking toplevel() on ptolemy.moml.MoMLSimpleApplication@714fe4d9
reloadAllAccessors: .LogisticMap

===========================================================================================
----------------- testing Sat Mar 21 13:36:26 UTC 2020 /home/travis/build/icyphy/ptII/ptolemy/domains/sdf/test/auto/MaximumEntropySpectrum.xml
----------------- Instantiating /home/travis/build/icyphy/ptII/ptolemy/domains/sdf/test/auto/MaximumEntropySpectrum.xml
65 ms. Memory: 334848K Free: 182068K (54%)
----------------- Invoking toplevel() on ptolemy.moml.MoMLSimpleApplication@9e44034
----------------- Done invoking toplevel() on ptolemy.moml.MoMLSimpleApplication@9e44034
reloadAllAccessors: .MaximumEntropySpectrum

===========================================================================================
----------------- testing Sat Mar 21 13:36:26 UTC 2020 /home/travis/build/icyphy/ptII/ptolemy/domains/sdf/test/auto/MultirateSDF.xml
----------------- Instantiating /home/travis/build/icyphy/ptII/ptolemy/domains/sdf/test/auto/MultirateSDF.xml
26 ms. Memory: 334848K Free: 167222K (50%)
----------------- Invoking toplevel() on ptolemy.moml.MoMLSimpleApplication@7fb04196
----------------- Done invoking toplevel() on ptolemy.moml.MoMLSimpleApplication@7fb04196
reloadAllAccessors: .MultirateSDF

===========================================================================================
----------------- testing Sat Mar 21 13:36:26 UTC 2020 /home/travis/build/icyphy/ptII/ptolemy/domains/sdf/test/auto/MultirateSDFwithTransientStates.xml
----------------- Instantiating /home/travis/build/icyphy/ptII/ptolemy/domains/sdf/test/auto/MultirateSDFwithTransientStates.xml
23 ms. Memory: 334848K Free: 148790K (44%)
----------------- Invoking toplevel() on ptolemy.moml.MoMLSimpleApplication@29685e18
----------------- Done invoking toplevel() on ptolemy.moml.MoMLSimpleApplication@29685e18
reloadAllAccessors: .MultirateSDFwithTransientStates

===========================================================================================
----------------- testing Sat Mar 21 13:36:26 UTC 2020 /home/travis/build/icyphy/ptII/ptolemy/domains/sdf/test/auto/NoisySinewave.xml
----------------- Instantiating /home/travis/build/icyphy/ptII/ptolemy/domains/sdf/test/auto/NoisySinewave.xml
11 ms. Memory: 334848K Free: 132916K (40%)
----------------- Invoking toplevel() on ptolemy.moml.MoMLSimpleApplication@7397c517
----------------- Done invoking toplevel() on ptolemy.moml.MoMLSimpleApplication@7397c517
reloadAllAccessors: .NoisySinewave

===========================================================================================
----------------- testing Sat Mar 21 13:36:26 UTC 2020 /home/travis/build/icyphy/ptII/ptolemy/domains/sdf/test/auto/Objects.xml
----------------- Instantiating /home/travis/build/icyphy/ptII/ptolemy/domains/sdf/test/auto/Objects.xml
3 ms. Memory: 334848K Free: 124214K (37%)
----------------- Invoking toplevel() on ptolemy.moml.MoMLSimpleApplication@619aa371
----------------- Done invoking toplevel() on ptolemy.moml.MoMLSimpleApplication@619aa371
reloadAllAccessors: .Objects

===========================================================================================
----------------- testing Sat Mar 21 13:36:26 UTC 2020 /home/travis/build/icyphy/ptII/ptolemy/domains/sdf/test/auto/OrthogonalCom.xml
----------------- Instantiating /home/travis/build/icyphy/ptII/ptolemy/domains/sdf/test/auto/OrthogonalCom.xml
10 ms. Memory: 334848K Free: 315629K (94%)
----------------- Invoking toplevel() on ptolemy.moml.MoMLSimpleApplication@d14df5d
----------------- Done invoking toplevel() on ptolemy.moml.MoMLSimpleApplication@d14df5d
reloadAllAccessors: .OrthogonalCom

===========================================================================================
----------------- testing Sat Mar 21 13:36:26 UTC 2020 /home/travis/build/icyphy/ptII/ptolemy/domains/sdf/test/auto/RijndaelEncryption.xml
----------------- Instantiating /home/travis/build/icyphy/ptII/ptolemy/domains/sdf/test/auto/RijndaelEncryption.xml
285 ms. Memory: 334848K Free: 168958K (50%)
----------------- Invoking toplevel() on ptolemy.moml.MoMLSimpleApplication@2108d421
----------------- Done invoking toplevel() on ptolemy.moml.MoMLSimpleApplication@2108d421
reloadAllAccessors: .RijndaelEncryption

===========================================================================================
----------------- testing Sat Mar 21 13:36:27 UTC 2020 /home/travis/build/icyphy/ptII/ptolemy/domains/sdf/test/auto/SDFEmptyIterations.xml
----------------- Instantiating /home/travis/build/icyphy/ptII/ptolemy/domains/sdf/test/auto/SDFEmptyIterations.xml
4 ms. Memory: 334848K Free: 164352K (49%)
----------------- Invoking toplevel() on ptolemy.moml.MoMLSimpleApplication@49197528
----------------- Done invoking toplevel() on ptolemy.moml.MoMLSimpleApplication@49197528
reloadAllAccessors: .SDFEmptyIterations

===========================================================================================
----------------- testing Sat Mar 21 13:36:27 UTC 2020 /home/travis/build/icyphy/ptII/ptolemy/domains/sdf/test/auto/Spectrum.xml
----------------- Instantiating /home/travis/build/icyphy/ptII/ptolemy/domains/sdf/test/auto/Spectrum.xml
20 ms. Memory: 334848K Free: 139776K (42%)
----------------- Invoking toplevel() on ptolemy.moml.MoMLSimpleApplication@41921ef
----------------- Done invoking toplevel() on ptolemy.moml.MoMLSimpleApplication@41921ef
reloadAllAccessors: .Spectrum

===========================================================================================
----------------- testing Sat Mar 21 13:36:27 UTC 2020 /home/travis/build/icyphy/ptII/ptolemy/domains/sdf/test/auto/de_inside_sdf.xml
----------------- Instantiating /home/travis/build/icyphy/ptII/ptolemy/domains/sdf/test/auto/de_inside_sdf.xml
5 ms. Memory: 334848K Free: 134656K (40%)
----------------- Invoking toplevel() on ptolemy.moml.MoMLSimpleApplication@62e53bc9
----------------- Done invoking toplevel() on ptolemy.moml.MoMLSimpleApplication@62e53bc9
reloadAllAccessors: .de_inside_sdf

===========================================================================================
----------------- testing Sat Mar 21 13:36:27 UTC 2020 /home/travis/build/icyphy/ptII/ptolemy/domains/sdf/test/auto/disconnectedHierarchicalSDF.xml
----------------- Instantiating /home/travis/build/icyphy/ptII/ptolemy/domains/sdf/test/auto/disconnectedHierarchicalSDF.xml
4 ms. Memory: 334848K Free: 128512K (38%)
----------------- Invoking toplevel() on ptolemy.moml.MoMLSimpleApplication@13b11922
----------------- Done invoking toplevel() on ptolemy.moml.MoMLSimpleApplication@13b11922
reloadAllAccessors: .disconnectedHierarchicalSDF

===========================================================================================
----------------- testing Sat Mar 21 13:36:27 UTC 2020 /home/travis/build/icyphy/ptII/ptolemy/domains/sdf/test/auto/disconnectedSDF.xml
----------------- Instantiating /home/travis/build/icyphy/ptII/ptolemy/domains/sdf/test/auto/disconnectedSDF.xml
2 ms. Memory: 334848K Free: 124416K (37%)
----------------- Invoking toplevel() on ptolemy.moml.MoMLSimpleApplication@6b06b03a
----------------- Done invoking toplevel() on ptolemy.moml.MoMLSimpleApplication@6b06b03a
reloadAllAccessors: .disconnectedSDF

===========================================================================================
----------------- testing Sat Mar 21 13:36:27 UTC 2020 /home/travis/build/icyphy/ptII/ptolemy/domains/sdf/test/auto/emptyRefinement.xml
----------------- Instantiating /home/travis/build/icyphy/ptII/ptolemy/domains/sdf/test/auto/emptyRefinement.xml
3 ms. Memory: 334848K Free: 120320K (36%)
----------------- Invoking toplevel() on ptolemy.moml.MoMLSimpleApplication@a3dafd0
----------------- Done invoking toplevel() on ptolemy.moml.MoMLSimpleApplication@a3dafd0
reloadAllAccessors: .emptyRefinement

===========================================================================================
----------------- testing Sat Mar 21 13:36:27 UTC 2020 /home/travis/build/icyphy/ptII/ptolemy/domains/sdf/test/auto/filePortParameter.xml
----------------- Instantiating /home/travis/build/icyphy/ptII/ptolemy/domains/sdf/test/auto/filePortParameter.xml
9 ms. Memory: 334848K Free: 311817K (93%)
----------------- Invoking toplevel() on ptolemy.moml.MoMLSimpleApplication@43769541
----------------- Done invoking toplevel() on ptolemy.moml.MoMLSimpleApplication@43769541
reloadAllAccessors: .filePortParameter

===========================================================================================
----------------- testing Sat Mar 21 13:36:27 UTC 2020 /home/travis/build/icyphy/ptII/ptolemy/domains/sdf/test/auto/inferRelationWidth1.xml
----------------- Instantiating /home/travis/build/icyphy/ptII/ptolemy/domains/sdf/test/auto/inferRelationWidth1.xml
2 ms. Memory: 334848K Free: 308745K (92%)
----------------- Invoking toplevel() on ptolemy.moml.MoMLSimpleApplication@1dbdbf8c
----------------- Done invoking toplevel() on ptolemy.moml.MoMLSimpleApplication@1dbdbf8c
reloadAllAccessors: .inferRelationWidth1

===========================================================================================
----------------- testing Sat Mar 21 13:36:27 UTC 2020 /home/travis/build/icyphy/ptII/ptolemy/domains/sdf/test/auto/initProductionInference.xml
----------------- Instantiating /home/travis/build/icyphy/ptII/ptolemy/domains/sdf/test/auto/initProductionInference.xml
6 ms. Memory: 334848K Free: 304649K (91%)
----------------- Invoking toplevel() on ptolemy.moml.MoMLSimpleApplication@21b4fa1a
----------------- Done invoking toplevel() on ptolemy.moml.MoMLSimpleApplication@21b4fa1a
reloadAllAccessors: .initProductionInference

===========================================================================================
----------------- testing Sat Mar 21 13:36:27 UTC 2020 /home/travis/build/icyphy/ptII/ptolemy/domains/sdf/test/auto/relationGroup.xml
----------------- Instantiating /home/travis/build/icyphy/ptII/ptolemy/domains/sdf/test/auto/relationGroup.xml
3 ms. Memory: 334848K Free: 301063K (90%)
----------------- Invoking toplevel() on ptolemy.moml.MoMLSimpleApplication@4db133e4
----------------- Done invoking toplevel() on ptolemy.moml.MoMLSimpleApplication@4db133e4
reloadAllAccessors: .relationGroup

===========================================================================================
----------------- testing Sat Mar 21 13:36:27 UTC 2020 /home/travis/build/icyphy/ptII/ptolemy/domains/sdf/test/auto/relationGroup10.xml
----------------- Instantiating /home/travis/build/icyphy/ptII/ptolemy/domains/sdf/test/auto/relationGroup10.xml
2 ms. Memory: 334848K Free: 297481K (89%)
----------------- Invoking toplevel() on ptolemy.moml.MoMLSimpleApplication@454f3d6b
----------------- Done invoking toplevel() on ptolemy.moml.MoMLSimpleApplication@454f3d6b
reloadAllAccessors: .relationGroup10

===========================================================================================
----------------- testing Sat Mar 21 13:36:27 UTC 2020 /home/travis/build/icyphy/ptII/ptolemy/domains/sdf/test/auto/relationGroup11.xml
----------------- Instantiating /home/travis/build/icyphy/ptII/ptolemy/domains/sdf/test/auto/relationGroup11.xml
2 ms. Memory: 334848K Free: 293895K (88%)
----------------- Invoking toplevel() on ptolemy.moml.MoMLSimpleApplication@5ac7011
----------------- Done invoking toplevel() on ptolemy.moml.MoMLSimpleApplication@5ac7011
reloadAllAccessors: .relationGroup11

===========================================================================================
----------------- testing Sat Mar 21 13:36:27 UTC 2020 /home/travis/build/icyphy/ptII/ptolemy/domains/sdf/test/auto/relationGroup12.xml
----------------- Instantiating /home/travis/build/icyphy/ptII/ptolemy/domains/sdf/test/auto/relationGroup12.xml
2 ms. Memory: 334848K Free: 290313K (87%)
----------------- Invoking toplevel() on ptolemy.moml.MoMLSimpleApplication@3bdcb840
----------------- Done invoking toplevel() on ptolemy.moml.MoMLSimpleApplication@3bdcb840
reloadAllAccessors: .relationGroup12

===========================================================================================
----------------- testing Sat Mar 21 13:36:27 UTC 2020 /home/travis/build/icyphy/ptII/ptolemy/domains/sdf/test/auto/relationGroup13.xml
----------------- Instantiating /home/travis/build/icyphy/ptII/ptolemy/domains/sdf/test/auto/relationGroup13.xml
8 ms. Memory: 334848K Free: 285703K (85%)
----------------- Invoking toplevel() on ptolemy.moml.MoMLSimpleApplication@213e0e7c
----------------- Done invoking toplevel() on ptolemy.moml.MoMLSimpleApplication@213e0e7c
reloadAllAccessors: .relationGroup13

===========================================================================================
----------------- testing Sat Mar 21 13:36:27 UTC 2020 /home/travis/build/icyphy/ptII/ptolemy/domains/sdf/test/auto/relationGroup14.xml
----------------- Instantiating /home/travis/build/icyphy/ptII/ptolemy/domains/sdf/test/auto/relationGroup14.xml
3 ms. Memory: 334848K Free: 281097K (84%)
----------------- Invoking toplevel() on ptolemy.moml.MoMLSimpleApplication@6be6192e
----------------- Done invoking toplevel() on ptolemy.moml.MoMLSimpleApplication@6be6192e
reloadAllAccessors: .relationGroup14

===========================================================================================
----------------- testing Sat Mar 21 13:36:27 UTC 2020 /home/travis/build/icyphy/ptII/ptolemy/domains/sdf/test/auto/relationGroup15.xml
----------------- Instantiating /home/travis/build/icyphy/ptII/ptolemy/domains/sdf/test/auto/relationGroup15.xml
1 ms. Memory: 334848K Free: 277511K (83%)
----------------- Invoking toplevel() on ptolemy.moml.MoMLSimpleApplication@5ec32598
----------------- Done invoking toplevel() on ptolemy.moml.MoMLSimpleApplication@5ec32598
reloadAllAccessors: .relationGroup15

===========================================================================================
----------------- testing Sat Mar 21 13:36:27 UTC 2020 /home/travis/build/icyphy/ptII/ptolemy/domains/sdf/test/auto/relationGroup2.xml
----------------- Instantiating /home/travis/build/icyphy/ptII/ptolemy/domains/sdf/test/auto/relationGroup2.xml
2 ms. Memory: 334848K Free: 274439K (82%)
----------------- Invoking toplevel() on ptolemy.moml.MoMLSimpleApplication@110591ab
----------------- Done invoking toplevel() on ptolemy.moml.MoMLSimpleApplication@110591ab
reloadAllAccessors: .relationGroup2

===========================================================================================
----------------- testing Sat Mar 21 13:36:27 UTC 2020 /home/travis/build/icyphy/ptII/ptolemy/domains/sdf/test/auto/relationGroup3.xml
----------------- Instantiating /home/travis/build/icyphy/ptII/ptolemy/domains/sdf/test/auto/relationGroup3.xml
1 ms. Memory: 334848K Free: 271367K (81%)
----------------- Invoking toplevel() on ptolemy.moml.MoMLSimpleApplication@6a3bd5dd
----------------- Done invoking toplevel() on ptolemy.moml.MoMLSimpleApplication@6a3bd5dd
reloadAllAccessors: .relationGroup3

===========================================================================================
----------------- testing Sat Mar 21 13:36:27 UTC 2020 /home/travis/build/icyphy/ptII/ptolemy/domains/sdf/test/auto/relationGroup4.xml
----------------- Instantiating /home/travis/build/icyphy/ptII/ptolemy/domains/sdf/test/auto/relationGroup4.xml
6 ms. Memory: 334848K Free: 267241K (80%)
----------------- Invoking toplevel() on ptolemy.moml.MoMLSimpleApplication@66951345
----------------- Done invoking toplevel() on ptolemy.moml.MoMLSimpleApplication@66951345
reloadAllAccessors: .relationGroup4

===========================================================================================
----------------- testing Sat Mar 21 13:36:27 UTC 2020 /home/travis/build/icyphy/ptII/ptolemy/domains/sdf/test/auto/relationGroup5.xml
----------------- Instantiating /home/travis/build/icyphy/ptII/ptolemy/domains/sdf/test/auto/relationGroup5.xml
2 ms. Memory: 334848K Free: 262665K (78%)
----------------- Invoking toplevel() on ptolemy.moml.MoMLSimpleApplication@46b32960
----------------- Done invoking toplevel() on ptolemy.moml.MoMLSimpleApplication@46b32960
reloadAllAccessors: .relationGroup5

===========================================================================================
----------------- testing Sat Mar 21 13:36:27 UTC 2020 /home/travis/build/icyphy/ptII/ptolemy/domains/sdf/test/auto/relationGroup6.xml
----------------- Instantiating /home/travis/build/icyphy/ptII/ptolemy/domains/sdf/test/auto/relationGroup6.xml
2 ms. Memory: 334848K Free: 258055K (77%)
----------------- Invoking toplevel() on ptolemy.moml.MoMLSimpleApplication@6a17dbe6
----------------- Done invoking toplevel() on ptolemy.moml.MoMLSimpleApplication@6a17dbe6
reloadAllAccessors: .relationGroup6

===========================================================================================
----------------- testing Sat Mar 21 13:36:27 UTC 2020 /home/travis/build/icyphy/ptII/ptolemy/domains/sdf/test/auto/relationGroup7.xml
----------------- Instantiating /home/travis/build/icyphy/ptII/ptolemy/domains/sdf/test/auto/relationGroup7.xml
1 ms. Memory: 334848K Free: 254473K (76%)
----------------- Invoking toplevel() on ptolemy.moml.MoMLSimpleApplication@156e5ae1
----------------- Done invoking toplevel() on ptolemy.moml.MoMLSimpleApplication@156e5ae1
reloadAllAccessors: .relationGroup7

===========================================================================================
----------------- testing Sat Mar 21 13:36:27 UTC 2020 /home/travis/build/icyphy/ptII/ptolemy/domains/sdf/test/auto/relationGroup8.xml
----------------- Instantiating /home/travis/build/icyphy/ptII/ptolemy/domains/sdf/test/auto/relationGroup8.xml
2 ms. Memory: 334848K Free: 251401K (75%)
----------------- Invoking toplevel() on ptolemy.moml.MoMLSimpleApplication@14761726
----------------- Done invoking toplevel() on ptolemy.moml.MoMLSimpleApplication@14761726
reloadAllAccessors: .relationGroup8

===========================================================================================
----------------- testing Sat Mar 21 13:36:27 UTC 2020 /home/travis/build/icyphy/ptII/ptolemy/domains/sdf/test/auto/relationGroup9.xml
----------------- Instantiating /home/travis/build/icyphy/ptII/ptolemy/domains/sdf/test/auto/relationGroup9.xml
3 ms. Memory: 334848K Free: 247305K (74%)
----------------- Invoking toplevel() on ptolemy.moml.MoMLSimpleApplication@3fdad62a
----------------- Done invoking toplevel() on ptolemy.moml.MoMLSimpleApplication@3fdad62a
reloadAllAccessors: .relationGroup9

===========================================================================================
----------------- testing Sat Mar 21 13:36:27 UTC 2020 /home/travis/build/icyphy/ptII/ptolemy/domains/sdf/test/auto/sdf_inside_de.xml
----------------- Instantiating /home/travis/build/icyphy/ptII/ptolemy/domains/sdf/test/auto/sdf_inside_de.xml
9 ms. Memory: 334848K Free: 238599K (71%)
----------------- Invoking toplevel() on ptolemy.moml.MoMLSimpleApplication@6518a299
----------------- Done invoking toplevel() on ptolemy.moml.MoMLSimpleApplication@6518a299
reloadAllAccessors: .sdf_inside_de

===========================================================================================
----------------- testing Sat Mar 21 13:36:27 UTC 2020 /home/travis/build/icyphy/ptII/ptolemy/domains/sdf/test/auto/sdf_inside_pn.xml
----------------- Instantiating /home/travis/build/icyphy/ptII/ptolemy/domains/sdf/test/auto/sdf_inside_pn.xml
31 ms. Memory: 334848K Free: 229383K (69%)
----------------- Invoking toplevel() on ptolemy.moml.MoMLSimpleApplication@2456ad08
----------------- Done invoking toplevel() on ptolemy.moml.MoMLSimpleApplication@2456ad08
reloadAllAccessors: .sdf_inside_pn

===========================================================================================
----------------- testing Sat Mar 21 13:36:27 UTC 2020 /home/travis/build/icyphy/ptII/ptolemy/domains/sdf/test/auto/sdf_sdf1.xml
----------------- Instantiating /home/travis/build/icyphy/ptII/ptolemy/domains/sdf/test/auto/sdf_sdf1.xml
3 ms. Memory: 334848K Free: 223753K (67%)
----------------- Invoking toplevel() on ptolemy.moml.MoMLSimpleApplication@1130e05c
----------------- Done invoking toplevel() on ptolemy.moml.MoMLSimpleApplication@1130e05c
reloadAllAccessors: .sdf_sdf1

===========================================================================================
----------------- testing Sat Mar 21 13:36:27 UTC 2020 /home/travis/build/icyphy/ptII/ptolemy/domains/sdf/test/auto/test1.xml
----------------- Instantiating /home/travis/build/icyphy/ptII/ptolemy/domains/sdf/test/auto/test1.xml
2 ms. Memory: 334848K Free: 218633K (65%)
----------------- Invoking toplevel() on ptolemy.moml.MoMLSimpleApplication@73ab652f
----------------- Done invoking toplevel() on ptolemy.moml.MoMLSimpleApplication@73ab652f
reloadAllAccessors: .test1

===========================================================================================
----------------- testing Sat Mar 21 13:36:27 UTC 2020 /home/travis/build/icyphy/ptII/ptolemy/domains/sdf/test/auto/time1.xml
----------------- Instantiating /home/travis/build/icyphy/ptII/ptolemy/domains/sdf/test/auto/time1.xml
2 ms. Memory: 334848K Free: 215047K (64%)
----------------- Invoking toplevel() on ptolemy.moml.MoMLSimpleApplication@6bee78b7
----------------- Done invoking toplevel() on ptolemy.moml.MoMLSimpleApplication@6bee78b7
reloadAllAccessors: .time1

===========================================================================================
----------------- testing Sat Mar 21 13:36:27 UTC 2020 /home/travis/build/icyphy/ptII/ptolemy/domains/sdf/test/auto/time2.xml
----------------- Instantiating /home/travis/build/icyphy/ptII/ptolemy/domains/sdf/test/auto/time2.xml
1 ms. Memory: 334848K Free: 211465K (63%)
----------------- Invoking toplevel() on ptolemy.moml.MoMLSimpleApplication@51da96d3
----------------- Done invoking toplevel() on ptolemy.moml.MoMLSimpleApplication@51da96d3
reloadAllAccessors: .time2

===========================================================================================
----------------- testing Sat Mar 21 13:36:27 UTC 2020 /home/travis/build/icyphy/ptII/ptolemy/domains/sdf/test/auto/time3.xml
----------------- Instantiating /home/travis/build/icyphy/ptII/ptolemy/domains/sdf/test/auto/time3.xml
6 ms. Memory: 334848K Free: 206345K (62%)
----------------- Invoking toplevel() on ptolemy.moml.MoMLSimpleApplication@5e90cec6
----------------- Done invoking toplevel() on ptolemy.moml.MoMLSimpleApplication@5e90cec6
reloadAllAccessors: .time3

===========================================================================================
----------------- testing Sat Mar 21 13:36:27 UTC 2020 /home/travis/build/icyphy/ptII/ptolemy/domains/sdf/test/auto/time4.xml
----------------- Instantiating /home/travis/build/icyphy/ptII/ptolemy/domains/sdf/test/auto/time4.xml
5 ms. Memory: 334848K Free: 200697K (60%)
----------------- Invoking toplevel() on ptolemy.moml.MoMLSimpleApplication@28736f22
----------------- Done invoking toplevel() on ptolemy.moml.MoMLSimpleApplication@28736f22
reloadAllAccessors: .time4

===========================================================================================
----------------- testing Sat Mar 21 13:36:27 UTC 2020 /home/travis/build/icyphy/ptII/ptolemy/domains/sdf/test/auto/time5.xml
----------------- Instantiating /home/travis/build/icyphy/ptII/ptolemy/domains/sdf/test/auto/time5.xml
4002 ms. Memory: 334848K Free: 197129K (59%)
----------------- Invoking toplevel() on ptolemy.moml.MoMLSimpleApplication@36bddcf9
----------------- Done invoking toplevel() on ptolemy.moml.MoMLSimpleApplication@36bddcf9
reloadAllAccessors: .time5

===========================================================================================
----------------- testing Sat Mar 21 13:36:31 UTC 2020 /home/travis/build/icyphy/ptII/ptolemy/domains/sdf/test/auto/typeSystem_Const_Integer_smallest_Type.xml
----------------- Instantiating /home/travis/build/icyphy/ptII/ptolemy/domains/sdf/test/auto/typeSystem_Const_Integer_smallest_Type.xml
5 ms. Memory: 334848K Free: 192519K (57%)
----------------- Invoking toplevel() on ptolemy.moml.MoMLSimpleApplication@291af22c
----------------- Done invoking toplevel() on ptolemy.moml.MoMLSimpleApplication@291af22c
reloadAllAccessors: .typeSystem_Const_Integer_smallest_Type

===========================================================================================
----------------- testing Sat Mar 21 13:36:31 UTC 2020 /home/travis/build/icyphy/ptII/ptolemy/domains/sdf/test/auto/typeSystem_declared_Inports_OutportTypeException.xml
----------------- Instantiating /home/travis/build/icyphy/ptII/ptolemy/domains/sdf/test/auto/typeSystem_declared_Inports_OutportTypeException.xml
.typeSystem_declared_Inports_OutportTypeException.TestExceptionAttribute: initialize() was not invoked, but wrapup() was.  This is unusual, but not always a problem.  For example, exporting JNLP will do this.
5 ms. Memory: 334848K Free: 188423K (56%)
----------------- Invoking toplevel() on ptolemy.moml.MoMLSimpleApplication@16e1fae9
----------------- Done invoking toplevel() on ptolemy.moml.MoMLSimpleApplication@16e1fae9
reloadAllAccessors: .typeSystem_declared_Inports_OutportTypeException

===========================================================================================
----------------- testing Sat Mar 21 13:36:31 UTC 2020 /home/travis/build/icyphy/ptII/ptolemy/domains/sdf/test/auto/typeSystem_oneDeclaredInportType_wrongTypeOutport.xml
----------------- Instantiating /home/travis/build/icyphy/ptII/ptolemy/domains/sdf/test/auto/typeSystem_oneDeclaredInportType_wrongTypeOutport.xml
3 ms. Memory: 334848K Free: 184327K (55%)
----------------- Invoking toplevel() on ptolemy.moml.MoMLSimpleApplication@725cc4de
----------------- Done invoking toplevel() on ptolemy.moml.MoMLSimpleApplication@725cc4de
reloadAllAccessors: .typeSystem_oneDeclaredInportType_wrongTypeOutport

===========================================================================================
----------------- testing Sat Mar 21 13:36:31 UTC 2020 /home/travis/build/icyphy/ptII/ptolemy/domains/sdf/test/auto/width.xml
----------------- Instantiating /home/travis/build/icyphy/ptII/ptolemy/domains/sdf/test/auto/width.xml
2 ms. Memory: 334848K Free: 180745K (54%)
----------------- Invoking toplevel() on ptolemy.moml.MoMLSimpleApplication@72fc6d0f
----------------- Done invoking toplevel() on ptolemy.moml.MoMLSimpleApplication@72fc6d0f
reloadAllAccessors: .width

===========================================================================================
----------------- testing Sat Mar 21 13:36:31 UTC 2020 /home/travis/build/icyphy/ptII/ptolemy/domains/sdf/test/auto/width2.xml
----------------- Instantiating /home/travis/build/icyphy/ptII/ptolemy/domains/sdf/test/auto/width2.xml
31 ms. Memory: 334848K Free: 175625K (52%)
----------------- Invoking toplevel() on ptolemy.moml.MoMLSimpleApplication@46774b91
----------------- Done invoking toplevel() on ptolemy.moml.MoMLSimpleApplication@46774b91
reloadAllAccessors: .width2

===========================================================================================
----------------- testing Sat Mar 21 13:36:31 UTC 2020 /home/travis/build/icyphy/ptII/ptolemy/domains/sdf/test/auto/width3.xml
----------------- Instantiating /home/travis/build/icyphy/ptII/ptolemy/domains/sdf/test/auto/width3.xml
23 ms. Memory: 334848K Free: 170505K (51%)
----------------- Invoking toplevel() on ptolemy.moml.MoMLSimpleApplication@8dccf92
----------------- Done invoking toplevel() on ptolemy.moml.MoMLSimpleApplication@8dccf92
reloadAllAccessors: .width3
AutoTests.java: About to close Vertx.
AutoTests.java: Vertx closed.
]]></system-out>
  <system-err><![CDATA[java.lang.RuntimeException: Execution failed
	at ptolemy.moml.MoMLSimpleApplication$UnloadThread.run(MoMLSimpleApplication.java:402)
Caused by: ptolemy.actor.sched.NotSchedulableException: No solution exists for the balance equations.
Graph is not consistent under the SDF domain detected on external port .rateConsistency.actor.port2
  in .rateConsistency.SDF Director.Scheduler
	at ptolemy.domains.sdf.kernel.SDFScheduler._propagatePort(SDFScheduler.java:1425)
	at ptolemy.domains.sdf.kernel.SDFScheduler._solveBalanceEquations(SDFScheduler.java:710)
	at ptolemy.domains.sdf.kernel.SDFScheduler._getSchedule(SDFScheduler.java:566)
	at ptolemy.actor.sched.Scheduler.getSchedule(Scheduler.java:189)
	at ptolemy.domains.sdf.kernel.SDFDirector.createSchedule(SDFDirector.java:408)
	at ptolemy.domains.sdf.kernel.SDFDirector.preinitialize(SDFDirector.java:764)
	at ptolemy.actor.CompositeActor.preinitialize(CompositeActor.java:1828)
	at ptolemy.actor.Manager.preinitializeAndResolveTypes(Manager.java:1040)
	at ptolemy.actor.Manager.initialize(Manager.java:710)
	at ptolemy.actor.Manager.execute(Manager.java:356)
	at ptolemy.actor.Manager.run(Manager.java:1263)
	at ptolemy.actor.Manager$PtolemyRunThread.run(Manager.java:1933)
java.lang.RuntimeException: Execution failed
	at ptolemy.moml.MoMLSimpleApplication$UnloadThread.run(MoMLSimpleApplication.java:402)
Caused by: ptolemy.kernel.util.IllegalActionException: Failed to compute schedule:
  in .badRateChanges.typed composite actor.SDF Director
Because:
The SDF rate parameter may change. This is not allowed in SDF models that will be run through the code generator.  If you don't care about code generation, then you might consider setting the allowRateChanges parameter of the SDF director to false.
  in .badRateChanges.typed composite actor.Repeat.output.tokenProductionRate
	at ptolemy.domains.sdf.kernel.SDFDirector.createSchedule(SDFDirector.java:418)
	at ptolemy.domains.sdf.kernel.SDFDirector.preinitialize(SDFDirector.java:764)
	at ptolemy.actor.CompositeActor.preinitialize(CompositeActor.java:1828)
	at ptolemy.actor.Director.preinitialize(Director.java:1302)
	at ptolemy.actor.Director.preinitialize(Director.java:1257)
	at ptolemy.domains.sdf.kernel.SDFDirector.preinitialize(SDFDirector.java:763)
	at ptolemy.actor.CompositeActor.preinitialize(CompositeActor.java:1828)
	at ptolemy.actor.Manager.preinitializeAndResolveTypes(Manager.java:1040)
	at ptolemy.actor.Manager.initialize(Manager.java:710)
	at ptolemy.actor.Manager.execute(Manager.java:356)
	at ptolemy.actor.Manager.run(Manager.java:1263)
	at ptolemy.actor.Manager$PtolemyRunThread.run(Manager.java:1933)
Caused by: ptolemy.kernel.util.IllegalActionException: The SDF rate parameter may change. This is not allowed in SDF models that will be run through the code generator.  If you don't care about code generation, then you might consider setting the allowRateChanges parameter of the SDF director to false.
  in .badRateChanges.typed composite actor.Repeat.output.tokenProductionRate
	at ptolemy.domains.sdf.kernel.SDFScheduler._assertDynamicRateVariable(SDFScheduler.java:931)
	at ptolemy.domains.sdf.kernel.SDFScheduler._checkDynamicRateVariables(SDFScheduler.java:339)
	at ptolemy.domains.sdf.kernel.SDFScheduler._getSchedule(SDFScheduler.java:527)
	at ptolemy.actor.sched.Scheduler.getSchedule(Scheduler.java:189)
	at ptolemy.domains.sdf.kernel.SDFDirector.createSchedule(SDFDirector.java:408)
	... 11 more
java.lang.RuntimeException: Execution failed
	at ptolemy.moml.MoMLSimpleApplication$UnloadThread.run(MoMLSimpleApplication.java:402)
Caused by: ptolemy.kernel.util.IllegalActionException: Failed to compute schedule:
  in .badRateChanges2.typed composite actor.SDF Director
Because:
The SDF rate parameter may change. This is not allowed in SDF models that will be run through the code generator.  If you don't care about code generation, then you might consider setting the allowRateChanges parameter of the SDF director to false.
  in .badRateChanges2.typed composite actor.Repeat.output.tokenProductionRate
	at ptolemy.domains.sdf.kernel.SDFDirector.createSchedule(SDFDirector.java:418)
	at ptolemy.domains.sdf.kernel.SDFDirector.preinitialize(SDFDirector.java:764)
	at ptolemy.actor.CompositeActor.preinitialize(CompositeActor.java:1828)
	at ptolemy.actor.Director.preinitialize(Director.java:1302)
	at ptolemy.actor.Director.preinitialize(Director.java:1257)
	at ptolemy.domains.sdf.kernel.SDFDirector.preinitialize(SDFDirector.java:763)
	at ptolemy.actor.CompositeActor.preinitialize(CompositeActor.java:1828)
	at ptolemy.actor.Manager.preinitializeAndResolveTypes(Manager.java:1040)
	at ptolemy.actor.Manager.initialize(Manager.java:710)
	at ptolemy.actor.Manager.execute(Manager.java:356)
	at ptolemy.actor.Manager.run(Manager.java:1263)
	at ptolemy.actor.Manager$PtolemyRunThread.run(Manager.java:1933)
Caused by: ptolemy.kernel.util.IllegalActionException: The SDF rate parameter may change. This is not allowed in SDF models that will be run through the code generator.  If you don't care about code generation, then you might consider setting the allowRateChanges parameter of the SDF director to false.
  in .badRateChanges2.typed composite actor.Repeat.output.tokenProductionRate
	at ptolemy.domains.sdf.kernel.SDFScheduler._assertDynamicRateVariable(SDFScheduler.java:931)
	at ptolemy.domains.sdf.kernel.SDFScheduler._checkDynamicRateVariables(SDFScheduler.java:339)
	at ptolemy.domains.sdf.kernel.SDFScheduler._getSchedule(SDFScheduler.java:527)
	at ptolemy.actor.sched.Scheduler.getSchedule(Scheduler.java:189)
	at ptolemy.domains.sdf.kernel.SDFDirector.createSchedule(SDFDirector.java:408)
	... 11 more
java.lang.RuntimeException: Execution failed
	at ptolemy.moml.MoMLSimpleApplication$UnloadThread.run(MoMLSimpleApplication.java:402)
Caused by: ptolemy.actor.sched.NotSchedulableException: Actors remain that cannot be scheduled!

There are several possible reasons:
* SDF Graphs with feedback loops should have an actor with a delay in the loop, such as a SampleDelay.
* The SDF director has an "allowDisconnectedGraphs"parameter, which, when true, permits disconnected SDF graphs.
* The token consumption rate and production rates might be mismatched.
Usually, actors produce one token or consume one token on a port.  To produce or consume multiple tokens per firing, add a "tokenConsumptionRate" or "tokenProductionRate" parameter to the appropriate port.
Unscheduled actors:
.partiallyConnected.Const2 
Scheduled actors:
.partiallyConnected.Const 
  in .partiallyConnected.SDF Director.Scheduler
	at ptolemy.domains.sdf.kernel.SDFScheduler._scheduleConnectedActors(SDFScheduler.java:1828)
	at ptolemy.domains.sdf.kernel.SDFScheduler._getSchedule(SDFScheduler.java:587)
	at ptolemy.actor.sched.Scheduler.getSchedule(Scheduler.java:189)
	at ptolemy.domains.sdf.kernel.SDFDirector.createSchedule(SDFDirector.java:408)
	at ptolemy.domains.sdf.kernel.SDFDirector.preinitialize(SDFDirector.java:764)
	at ptolemy.actor.CompositeActor.preinitialize(CompositeActor.java:1828)
	at ptolemy.actor.Manager.preinitializeAndResolveTypes(Manager.java:1040)
	at ptolemy.actor.Manager.initialize(Manager.java:710)
	at ptolemy.actor.Manager.execute(Manager.java:356)
	at ptolemy.actor.Manager.run(Manager.java:1263)
	at ptolemy.actor.Manager$PtolemyRunThread.run(Manager.java:1933)
]]></system-err>
</testsuite>
