<?xml version="1.0" encoding="UTF-8" ?>
<testsuite errors="0" failures="0" hostname="travis-job-38111fd7-d8fc-47c8-bf98-50c39780be61" name="ptolemy.domains.de.test.junit.JUnitTclTest" skipped="0" tests="101" time="131.627" timestamp="2019-05-15T05:05:20">
  <properties>
[...]
</properties>
  <testcase classname="ptolemy.util.test.junit.TclTests" name="[0] /home/travis/build/icyphy/ptII/ptolemy/domains/de/test/DependencyLoop.tcl (RunTclFile)" time="0.702" />
  <testcase classname="ptolemy.util.test.junit.TclTests" name="[1] /home/travis/build/icyphy/ptII/ptolemy/domains/de/test/RunDETestsAsQSS.tcl (RunTclFile)" time="91.084" />
  <testcase classname="ptolemy.util.test.junit.AutoKnownFailedTests" name="[0] /home/travis/build/icyphy/ptII/ptolemy/domains/de/test/auto/knownFailedTests/DESDFClockTest.xml (RunModel)" time="2.034" />
  <testcase classname="ptolemy.util.test.junit.AutoKnownFailedTests" name="[1] /home/travis/build/icyphy/ptII/ptolemy/domains/de/test/auto/knownFailedTests/DirectFeedback.xml (RunModel)" time="0.017" />
  <testcase classname="ptolemy.util.test.junit.AutoKnownFailedTests" name="[2] /home/travis/build/icyphy/ptII/ptolemy/domains/de/test/auto/knownFailedTests/FSMSource.xml (RunModel)" time="0.041" />
  <testcase classname="ptolemy.util.test.junit.AutoKnownFailedTests" name="[3] /home/travis/build/icyphy/ptII/ptolemy/domains/de/test/auto/knownFailedTests/HierarchicalModel.xml (RunModel)" time="0.056" />
  <testcase classname="ptolemy.util.test.junit.AutoKnownFailedTests" name="[4] /home/travis/build/icyphy/ptII/ptolemy/domains/de/test/auto/knownFailedTests/dependencyLoop.xml (RunModel)" time="0.033" />
  <testcase classname="ptolemy.util.test.junit.AutoKnownFailedTests" name="[5] /home/travis/build/icyphy/ptII/ptolemy/domains/de/test/auto/knownFailedTests/dependencyLoop2.xml (RunModel)" time="0.041" />
  <testcase classname="ptolemy.util.test.junit.AutoNameArchTests" name="[0] ThereAreNoAutoArchTests (RunModel)" time="0.003" />
  <testcase classname="ptolemy.util.test.junit.AutoTests" name="[0] /home/travis/build/icyphy/ptII/ptolemy/domains/de/test/auto/ActorDepthCalculation_actorWithoutPorts.xml (RunModel)" time="0.016" />
  <testcase classname="ptolemy.util.test.junit.AutoTests" name="[1] /home/travis/build/icyphy/ptII/ptolemy/domains/de/test/auto/AssemblyLine.xml (RunModel)" time="0.019" />
  <testcase classname="ptolemy.util.test.junit.AutoTests" name="[2] /home/travis/build/icyphy/ptII/ptolemy/domains/de/test/auto/CQBug1.xml (RunModel)" time="0.007" />
  <testcase classname="ptolemy.util.test.junit.AutoTests" name="[3] /home/travis/build/icyphy/ptII/ptolemy/domains/de/test/auto/CancelFireAt.xml (RunModel)" time="0.01" />
  <testcase classname="ptolemy.util.test.junit.AutoTests" name="[4] /home/travis/build/icyphy/ptII/ptolemy/domains/de/test/auto/CausalityAndComposabilityAnalysis.xml (RunModel)" time="0.013" />
  <testcase classname="ptolemy.util.test.junit.AutoTests" name="[5] /home/travis/build/icyphy/ptII/ptolemy/domains/de/test/auto/CausalityInterface1.xml (RunModel)" time="0.013" />
  <testcase classname="ptolemy.util.test.junit.AutoTests" name="[6] /home/travis/build/icyphy/ptII/ptolemy/domains/de/test/auto/CausalityInterface15.xml (RunModel)" time="0.013" />
  <testcase classname="ptolemy.util.test.junit.AutoTests" name="[7] /home/travis/build/icyphy/ptII/ptolemy/domains/de/test/auto/CausalityInterface2.xml (RunModel)" time="0.011" />
  <testcase classname="ptolemy.util.test.junit.AutoTests" name="[8] /home/travis/build/icyphy/ptII/ptolemy/domains/de/test/auto/CausalityInterface3.xml (RunModel)" time="0.015" />
  <testcase classname="ptolemy.util.test.junit.AutoTests" name="[9] /home/travis/build/icyphy/ptII/ptolemy/domains/de/test/auto/ClockDrift.xml (RunModel)" time="0.032" />
  <testcase classname="ptolemy.util.test.junit.AutoTests" name="[10] /home/travis/build/icyphy/ptII/ptolemy/domains/de/test/auto/ClockDriftAndValueChange.xml (RunModel)" time="0.03" />
  <testcase classname="ptolemy.util.test.junit.AutoTests" name="[11] /home/travis/build/icyphy/ptII/ptolemy/domains/de/test/auto/ClockDriftChange.xml (RunModel)" time="0.026" />
  <testcase classname="ptolemy.util.test.junit.AutoTests" name="[12] /home/travis/build/icyphy/ptII/ptolemy/domains/de/test/auto/ComposableCausalityAnalysis.xml (RunModel)" time="0.016" />
  <testcase classname="ptolemy.util.test.junit.AutoTests" name="[13] /home/travis/build/icyphy/ptII/ptolemy/domains/de/test/auto/DEFixedPointLimitation.xml (RunModel)" time="0.012" />
  <testcase classname="ptolemy.util.test.junit.AutoTests" name="[14] /home/travis/build/icyphy/ptII/ptolemy/domains/de/test/auto/DEScheduleTest.xml (RunModel)" time="0.011" />
  <testcase classname="ptolemy.util.test.junit.AutoTests" name="[15] /home/travis/build/icyphy/ptII/ptolemy/domains/de/test/auto/DEinDEwithStartTimes.xml (RunModel)" time="0.013" />
  <testcase classname="ptolemy.util.test.junit.AutoTests" name="[16] /home/travis/build/icyphy/ptII/ptolemy/domains/de/test/auto/DEinDEwithStartTimes2.xml (RunModel)" time="0.017" />
  <testcase classname="ptolemy.util.test.junit.AutoTests" name="[17] /home/travis/build/icyphy/ptII/ptolemy/domains/de/test/auto/DateDemo.xml (RunModel)" time="0.034" />
  <testcase classname="ptolemy.util.test.junit.AutoTests" name="[18] /home/travis/build/icyphy/ptII/ptolemy/domains/de/test/auto/DateToEvent.xml (RunModel)" time="2.044" />
  <testcase classname="ptolemy.util.test.junit.AutoTests" name="[19] /home/travis/build/icyphy/ptII/ptolemy/domains/de/test/auto/DepthTest1.xml (RunModel)" time="0.019" />
  <testcase classname="ptolemy.util.test.junit.AutoTests" name="[20] /home/travis/build/icyphy/ptII/ptolemy/domains/de/test/auto/DepthTest2.xml (RunModel)" time="0.019" />
  <testcase classname="ptolemy.util.test.junit.AutoTests" name="[21] /home/travis/build/icyphy/ptII/ptolemy/domains/de/test/auto/DepthTest3.xml (RunModel)" time="0.009" />
  <testcase classname="ptolemy.util.test.junit.AutoTests" name="[22] /home/travis/build/icyphy/ptII/ptolemy/domains/de/test/auto/DepthTest4.xml (RunModel)" time="0.015" />
  <testcase classname="ptolemy.util.test.junit.AutoTests" name="[23] /home/travis/build/icyphy/ptII/ptolemy/domains/de/test/auto/DepthTest5.xml (RunModel)" time="0.015" />
  <testcase classname="ptolemy.util.test.junit.AutoTests" name="[24] /home/travis/build/icyphy/ptII/ptolemy/domains/de/test/auto/DepthTest6.xml (RunModel)" time="0.02" />
  <testcase classname="ptolemy.util.test.junit.AutoTests" name="[25] /home/travis/build/icyphy/ptII/ptolemy/domains/de/test/auto/DepthTest7.xml (RunModel)" time="0.011" />
  <testcase classname="ptolemy.util.test.junit.AutoTests" name="[26] /home/travis/build/icyphy/ptII/ptolemy/domains/de/test/auto/EventToDate.xml (RunModel)" time="3.032" />
  <testcase classname="ptolemy.util.test.junit.AutoTests" name="[27] /home/travis/build/icyphy/ptII/ptolemy/domains/de/test/auto/FSM1.xml (RunModel)" time="0.054" />
  <testcase classname="ptolemy.util.test.junit.AutoTests" name="[28] /home/travis/build/icyphy/ptII/ptolemy/domains/de/test/auto/FSM7.xml (RunModel)" time="0.04" />
  <testcase classname="ptolemy.util.test.junit.AutoTests" name="[29] /home/travis/build/icyphy/ptII/ptolemy/domains/de/test/auto/Inspection.xml (RunModel)" time="0.048" />
  <testcase classname="ptolemy.util.test.junit.AutoTests" name="[30] /home/travis/build/icyphy/ptII/ptolemy/domains/de/test/auto/Iteration.xml (RunModel)" time="0.022" />
  <testcase classname="ptolemy.util.test.junit.AutoTests" name="[31] /home/travis/build/icyphy/ptII/ptolemy/domains/de/test/auto/LineFault.xml (RunModel)" time="0.583" />
  <testcase classname="ptolemy.util.test.junit.AutoTests" name="[32] /home/travis/build/icyphy/ptII/ptolemy/domains/de/test/auto/MergeModel1Add.xml (RunModel)" time="0.044" />
  <testcase classname="ptolemy.util.test.junit.AutoTests" name="[33] /home/travis/build/icyphy/ptII/ptolemy/domains/de/test/auto/MergeModel2Add.xml (RunModel)" time="0.04" />
  <testcase classname="ptolemy.util.test.junit.AutoTests" name="[34] /home/travis/build/icyphy/ptII/ptolemy/domains/de/test/auto/MergeModel3Add.xml (RunModel)" time="0.043" />
  <testcase classname="ptolemy.util.test.junit.AutoTests" name="[35] /home/travis/build/icyphy/ptII/ptolemy/domains/de/test/auto/MergeWithoutDiscard.xml (RunModel)" time="0.011" />
  <testcase classname="ptolemy.util.test.junit.AutoTests" name="[36] /home/travis/build/icyphy/ptII/ptolemy/domains/de/test/auto/Modal1.xml (RunModel)" time="0.031" />
  <testcase classname="ptolemy.util.test.junit.AutoTests" name="[37] /home/travis/build/icyphy/ptII/ptolemy/domains/de/test/auto/Modal2.xml (RunModel)" time="0.03" />
  <testcase classname="ptolemy.util.test.junit.AutoTests" name="[38] /home/travis/build/icyphy/ptII/ptolemy/domains/de/test/auto/Modal3.xml (RunModel)" time="0.033" />
  <testcase classname="ptolemy.util.test.junit.AutoTests" name="[39] /home/travis/build/icyphy/ptII/ptolemy/domains/de/test/auto/Modal4.xml (RunModel)" time="0.04" />
  <testcase classname="ptolemy.util.test.junit.AutoTests" name="[40] /home/travis/build/icyphy/ptII/ptolemy/domains/de/test/auto/Modal5.xml (RunModel)" time="0.034" />
  <testcase classname="ptolemy.util.test.junit.AutoTests" name="[41] /home/travis/build/icyphy/ptII/ptolemy/domains/de/test/auto/Modal6.xml (RunModel)" time="0.026" />
  <testcase classname="ptolemy.util.test.junit.AutoTests" name="[42] /home/travis/build/icyphy/ptII/ptolemy/domains/de/test/auto/Modal7.xml (RunModel)" time="0.027" />
  <testcase classname="ptolemy.util.test.junit.AutoTests" name="[43] /home/travis/build/icyphy/ptII/ptolemy/domains/de/test/auto/ModalModel.xml (RunModel)" time="0.165" />
  <testcase classname="ptolemy.util.test.junit.AutoTests" name="[44] /home/travis/build/icyphy/ptII/ptolemy/domains/de/test/auto/ModalSource.xml (RunModel)" time="0.018" />
  <testcase classname="ptolemy.util.test.junit.AutoTests" name="[45] /home/travis/build/icyphy/ptII/ptolemy/domains/de/test/auto/NonInterruptibleTimerZeroDelay.xml (RunModel)" time="0.01" />
  <testcase classname="ptolemy.util.test.junit.AutoTests" name="[46] /home/travis/build/icyphy/ptII/ptolemy/domains/de/test/auto/OpenQueueingNetwork.xml (RunModel)" time="2.128" />
  <testcase classname="ptolemy.util.test.junit.AutoTests" name="[47] /home/travis/build/icyphy/ptII/ptolemy/domains/de/test/auto/OpenQueuingNetwork.xml (RunModel)" time="0.263" />
  <testcase classname="ptolemy.util.test.junit.AutoTests" name="[48] /home/travis/build/icyphy/ptII/ptolemy/domains/de/test/auto/PeriodicSampler.xml (RunModel)" time="0.011" />
  <testcase classname="ptolemy.util.test.junit.AutoTests" name="[49] /home/travis/build/icyphy/ptII/ptolemy/domains/de/test/auto/PersistentIO.xml (RunModel)" time="0.016" />
  <testcase classname="ptolemy.util.test.junit.AutoTests" name="[50] /home/travis/build/icyphy/ptII/ptolemy/domains/de/test/auto/PortParameterResetOnInitialize.xml (RunModel)" time="0.012" />
  <testcase classname="ptolemy.util.test.junit.AutoTests" name="[51] /home/travis/build/icyphy/ptII/ptolemy/domains/de/test/auto/PortParameterUpdates.xml (RunModel)" time="0.016" />
  <testcase classname="ptolemy.util.test.junit.AutoTests" name="[52] /home/travis/build/icyphy/ptII/ptolemy/domains/de/test/auto/QueueAndServer.xml (RunModel)" time="0.023" />
  <testcase classname="ptolemy.util.test.junit.AutoTests" name="[53] /home/travis/build/icyphy/ptII/ptolemy/domains/de/test/auto/Records.xml (RunModel)" time="0.014" />
  <testcase classname="ptolemy.util.test.junit.AutoTests" name="[54] /home/travis/build/icyphy/ptII/ptolemy/domains/de/test/auto/ResetTransitionWithStartTime1.xml (RunModel)" time="0.023" />
  <testcase classname="ptolemy.util.test.junit.AutoTests" name="[55] /home/travis/build/icyphy/ptII/ptolemy/domains/de/test/auto/ResetTransitionWithStartTime2.xml (RunModel)" time="0.018" />
  <testcase classname="ptolemy.util.test.junit.AutoTests" name="[56] /home/travis/build/icyphy/ptII/ptolemy/domains/de/test/auto/ResetTransitionWithStartTime3.xml (RunModel)" time="0.017" />
  <testcase classname="ptolemy.util.test.junit.AutoTests" name="[57] /home/travis/build/icyphy/ptII/ptolemy/domains/de/test/auto/ResetTransitionWithStartTime4.xml (RunModel)" time="0.018" />
  <testcase classname="ptolemy.util.test.junit.AutoTests" name="[58] /home/travis/build/icyphy/ptII/ptolemy/domains/de/test/auto/ResettableTimer1.xml (RunModel)" time="0.009" />
  <testcase classname="ptolemy.util.test.junit.AutoTests" name="[59] /home/travis/build/icyphy/ptII/ptolemy/domains/de/test/auto/ResettableTimer2.xml (RunModel)" time="0.015" />
  <testcase classname="ptolemy.util.test.junit.AutoTests" name="[60] /home/travis/build/icyphy/ptII/ptolemy/domains/de/test/auto/ResettableTimer3.xml (RunModel)" time="0.008" />
  <testcase classname="ptolemy.util.test.junit.AutoTests" name="[61] /home/travis/build/icyphy/ptII/ptolemy/domains/de/test/auto/ResettableTimer4.xml (RunModel)" time="0.01" />
  <testcase classname="ptolemy.util.test.junit.AutoTests" name="[62] /home/travis/build/icyphy/ptII/ptolemy/domains/de/test/auto/ResettableTimer5.xml (RunModel)" time="0.008" />
  <testcase classname="ptolemy.util.test.junit.AutoTests" name="[63] /home/travis/build/icyphy/ptII/ptolemy/domains/de/test/auto/ResettableTimer6.xml (RunModel)" time="0.016" />
  <testcase classname="ptolemy.util.test.junit.AutoTests" name="[64] /home/travis/build/icyphy/ptII/ptolemy/domains/de/test/auto/ServerZeroDelay.xml (RunModel)" time="0.014" />
  <testcase classname="ptolemy.util.test.junit.AutoTests" name="[65] /home/travis/build/icyphy/ptII/ptolemy/domains/de/test/auto/SmartSender.xml (RunModel)" time="3.008" />
  <testcase classname="ptolemy.util.test.junit.AutoTests" name="[66] /home/travis/build/icyphy/ptII/ptolemy/domains/de/test/auto/ThreadedComposite.xml (RunModel)" time="0.12" />
  <testcase classname="ptolemy.util.test.junit.AutoTests" name="[67] /home/travis/build/icyphy/ptII/ptolemy/domains/de/test/auto/Time.xml (RunModel)" time="0.416" />
  <testcase classname="ptolemy.util.test.junit.AutoTests" name="[68] /home/travis/build/icyphy/ptII/ptolemy/domains/de/test/auto/TimeDelayZeroDelay.xml (RunModel)" time="0.01" />
  <testcase classname="ptolemy.util.test.junit.AutoTests" name="[69] /home/travis/build/icyphy/ptII/ptolemy/domains/de/test/auto/TimerZeroDelay.xml (RunModel)" time="0.008" />
  <testcase classname="ptolemy.util.test.junit.AutoTests" name="[70] /home/travis/build/icyphy/ptII/ptolemy/domains/de/test/auto/TimingParadox.xml (RunModel)" time="0.331" />
  <testcase classname="ptolemy.util.test.junit.AutoTests" name="[71] /home/travis/build/icyphy/ptII/ptolemy/domains/de/test/auto/TransferInputs.xml (RunModel)" time="0.009" />
  <testcase classname="ptolemy.util.test.junit.AutoTests" name="[72] /home/travis/build/icyphy/ptII/ptolemy/domains/de/test/auto/TransferOutputs2.xml (RunModel)" time="0.014" />
  <testcase classname="ptolemy.util.test.junit.AutoTests" name="[73] /home/travis/build/icyphy/ptII/ptolemy/domains/de/test/auto/Trilateration.xml (RunModel)" time="11.508" />
  <testcase classname="ptolemy.util.test.junit.AutoTests" name="[74] /home/travis/build/icyphy/ptII/ptolemy/domains/de/test/auto/TwoSigmaDelta.xml (RunModel)" time="2.241" />
  <testcase classname="ptolemy.util.test.junit.AutoTests" name="[75] /home/travis/build/icyphy/ptII/ptolemy/domains/de/test/auto/VariableDelay.xml (RunModel)" time="0.015" />
  <testcase classname="ptolemy.util.test.junit.AutoTests" name="[76] /home/travis/build/icyphy/ptII/ptolemy/domains/de/test/auto/VariableDelay2.xml (RunModel)" time="0.009" />
  <testcase classname="ptolemy.util.test.junit.AutoTests" name="[77] /home/travis/build/icyphy/ptII/ptolemy/domains/de/test/auto/VariableDelayZeroDelay.xml (RunModel)" time="0.01" />
  <testcase classname="ptolemy.util.test.junit.AutoTests" name="[78] /home/travis/build/icyphy/ptII/ptolemy/domains/de/test/auto/VariableDelayZeroDelay2.xml (RunModel)" time="0.009" />
  <testcase classname="ptolemy.util.test.junit.AutoTests" name="[79] /home/travis/build/icyphy/ptII/ptolemy/domains/de/test/auto/deInCt.xml (RunModel)" time="0.016" />
  <testcase classname="ptolemy.util.test.junit.AutoTests" name="[80] /home/travis/build/icyphy/ptII/ptolemy/domains/de/test/auto/deInCt2.xml (RunModel)" time="0.012" />
  <testcase classname="ptolemy.util.test.junit.AutoTests" name="[81] /home/travis/build/icyphy/ptII/ptolemy/domains/de/test/auto/dynamicCausalityInterface1.xml (RunModel)" time="0.017" />
  <testcase classname="ptolemy.util.test.junit.AutoTests" name="[82] /home/travis/build/icyphy/ptII/ptolemy/domains/de/test/auto/fsm_de_test.xml (RunModel)" time="0.02" />
  <testcase classname="ptolemy.util.test.junit.AutoTests" name="[83] /home/travis/build/icyphy/ptII/ptolemy/domains/de/test/auto/functionDependencyReconstruction.xml (RunModel)" time="0.03" />
  <testcase classname="ptolemy.util.test.junit.AutoTests" name="[84] /home/travis/build/icyphy/ptII/ptolemy/domains/de/test/auto/multirate.xml (RunModel)" time="0.015" />
  <testcase classname="ptolemy.util.test.junit.AutoTests" name="[85] /home/travis/build/icyphy/ptII/ptolemy/domains/de/test/auto/multirate2.xml (RunModel)" time="0.014" />
  <testcase classname="ptolemy.util.test.junit.AutoTests" name="[86] /home/travis/build/icyphy/ptII/ptolemy/domains/de/test/auto/realtime.xml (RunModel)" time="10.014" />
  <testcase classname="ptolemy.util.test.junit.AutoTests" name="[87] /home/travis/build/icyphy/ptII/ptolemy/domains/de/test/auto/relationGroup.xml (RunModel)" time="0.011" />
  <testcase classname="ptolemy.util.test.junit.AutoTests" name="[88] /home/travis/build/icyphy/ptII/ptolemy/domains/de/test/auto/relationGroup2.xml (RunModel)" time="0.007" />
  <testcase classname="ptolemy.util.test.junit.AutoTests" name="[89] /home/travis/build/icyphy/ptII/ptolemy/domains/de/test/auto/sortWithOpaquePorts.xml (RunModel)" time="0.009" />
  <testcase classname="ptolemy.util.test.junit.AutoTests" name="[90] /home/travis/build/icyphy/ptII/ptolemy/domains/de/test/auto/transferInputsandOutputs.xml (RunModel)" time="0.015" />
  <testcase classname="ptolemy.util.test.junit.AutoTests" name="[91] /home/travis/build/icyphy/ptII/ptolemy/domains/de/test/auto/triggerType.xml (RunModel)" time="0.009" />
  <system-out><![CDATA[/home/travis/build/icyphy/ptII/ptolemy/domains/de/test/DependencyLoop.tcl
testDefs.tcl: setting time out to 9000 seconds at Wed May 15 05:05:20 UTC 2019
14 ms. Memory: 116224K Free: 97604K (84%)
19 ms. Memory: 146944K Free: 140782K (96%)
/home/travis/build/icyphy/ptII/ptolemy/domains/de/test/RunDETestsAsQSS.tcl
Run the DE tests using ptolemy.domains.qss.test.QSSDirectorTest, which extends QSSDirector and prints a message in the constructors.
------------------ testing $PTII/ptolemy/domains/de/test/auto/knownFailedTests/dependencyLoop.xml (Known Failure) 
6 ms. Memory: 146944K Free: 136537K (93%)


==== $PTIIhome/travis/build/icyphy/ptII/ptolemy/domains/de/test/../../../../: Auto Automatic test in file $PTII/ptolemy/domains/de/test/auto/knownFailedTests/dependencyLoop.xml
==== Contents of test case:

	    # FIXME: we should use $relativeFilename here, but it
	    # might have backslashes under Windows, which causes no end
	    # of trouble.
	    createAndExecute $file
	    list {}
	
.... Test generated KNOWN error:
    while executing
ptolemy.kernel.util.IllegalActionException: Found a zero delay loop containing .dependencyLoop.original
  in .dependencyLoop and .dependencyLoop.original
	at ptolemy.actor.util.CausalityInterfaceForComposites._computeOutputPortDepth(CausalityInterfaceForComposites.java:759)
	at ptolemy.actor.util.CausalityInterfaceForComposites._computeInputDepth(CausalityInterfaceForComposites.java:696)
	at ptolemy.actor.util.CausalityInterfaceForComposites._computeOutputPortDepth(CausalityInterfaceForComposites.java:765)
	at ptolemy.actor.util.CausalityInterfaceForComposites._computeInputDepth(CausalityInterfaceForComposites.java:696)
	at ptolemy.actor.util.CausalityInterfaceForComposites._computeOutputPortDepth(CausalityInterfaceForComposites.java:765)
	at ptolemy.actor.util.CausalityInterfaceForComposites._computeInputDepth(CausalityInterfaceForComposites.java:696)
	at ptolemy.actor.util.CausalityInterfaceForComposites._computeActorDepth(CausalityInterfaceForComposites.java:532)
	at ptolemy.actor.util.CausalityInterfaceForComposites.checkForCycles(CausalityInterfaceForComposites.java:96)
	at ptolemy.domains.de.kernel.DEDirector.preinitialize(DEDirector.java:1338)
	at ptolemy.actor.CompositeActor.preinitialize(CompositeActor.java:1828)
	at ptolemy.actor.Manager.preinitializeAndResolveTypes(Manager.java:1040)
	at ptolemy.actor.Manager.initialize(Manager.java:710)
	at ptolemy.actor.Manager.execute(Manager.java:356)
	at ptolemy.actor.Manager.run(Manager.java:1263)
	at ptolemy.actor.Manager$PtolemyRunThread.run(Manager.java:1915)

    while executing
ptolemy.kernel.util.IllegalActionException: Found a zero delay loop containing .dependencyLoop.original
  in .dependencyLoop and .dependencyLoop.original
    while executing
"java::new ptolemy.moml.MoMLSimpleApplication $file
"
    (procedure "createAndExecute" line 2)
    invoked from within
"createAndExecute $file"
    ("uplevel" body line 5)
    invoked from within
"uplevel $contents_of_test"
------------------ testing $PTII/ptolemy/domains/de/test/auto/knownFailedTests/DESDFClockTest.xml (Known Failure) 
2076 ms. Memory: 146944K Free: 121421K (83%)


==== $PTIIhome/travis/build/icyphy/ptII/ptolemy/domains/de/test/../../../../: Auto Automatic test in file $PTII/ptolemy/domains/de/test/auto/knownFailedTests/DESDFClockTest.xml
==== Contents of test case:

	    # FIXME: we should use $relativeFilename here, but it
	    # might have backslashes under Windows, which causes no end
	    # of trouble.
	    createAndExecute $file
	    list {}
	
.... Test generated KNOWN error:
    while executing
ptolemy.kernel.util.IllegalActionException: Actor is not ready to fire.  Perhaps UpSample.prefire() returned false? Try debugging the actor by selecting "Listen to Actor".  Also, for SDF check moml for tokenConsumptionRate on input.
  in .DESDFClockTest.Play Bell.Copy1:SDF Director and .DESDFClockTest.Play Bell.UpSample
	at ptolemy.actor.sched.StaticSchedulingDirector.fire(StaticSchedulingDirector.java:227)
	at ptolemy.domains.sdf.kernel.SDFDirector.fire(SDFDirector.java:500)
	at ptolemy.actor.CompositeActor.fire(CompositeActor.java:455)
	at ptolemy.domains.de.kernel.DEDirector._fire(DEDirector.java:1949)
	at ptolemy.domains.de.kernel.DEDirector.fire(DEDirector.java:502)
	at ptolemy.actor.CompositeActor.fire(CompositeActor.java:455)
	at ptolemy.actor.Manager.iterate(Manager.java:851)
	at ptolemy.actor.Manager.execute(Manager.java:369)
	at ptolemy.actor.Manager.run(Manager.java:1263)
	at ptolemy.actor.Manager$PtolemyRunThread.run(Manager.java:1915)

    while executing
ptolemy.kernel.util.IllegalActionException: Actor is not ready to fire.  Perhaps UpSample.prefire() returned false? Try debugging the actor by selecting "Listen to Actor".  Also, for SDF check moml for tokenConsumptionRate on input.
  in .DESDFClockTest.Play Bell.Copy1:SDF Director and .DESDFClockTest.Play Bell.UpSample
    while executing
"java::new ptolemy.moml.MoMLSimpleApplication $file
"
    (procedure "createAndExecute" line 2)
    invoked from within
"createAndExecute $file"
    ("uplevel" body line 5)
    invoked from within
"uplevel $contents_of_test"
------------------ testing $PTII/ptolemy/domains/de/test/auto/knownFailedTests/FSMSource.xml (Known Failure) 
37 ms. Memory: 146944K Free: 112052K (76%)
!!!! Auto was marked as failing, but now passes
------------------ testing $PTII/ptolemy/domains/de/test/auto/knownFailedTests/dependencyLoop2.xml (Known Failure) 
10 ms. Memory: 146944K Free: 110193K (75%)


==== $PTIIhome/travis/build/icyphy/ptII/ptolemy/domains/de/test/../../../../: Auto Automatic test in file $PTII/ptolemy/domains/de/test/auto/knownFailedTests/dependencyLoop2.xml
==== Contents of test case:

	    # FIXME: we should use $relativeFilename here, but it
	    # might have backslashes under Windows, which causes no end
	    # of trouble.
	    createAndExecute $file
	    list {}
	
.... Test generated KNOWN error:
    while executing
ptolemy.kernel.util.IllegalActionException: Found a zero delay loop containing .dependencyLoop2.original
  in .dependencyLoop2 and .dependencyLoop2.original
	at ptolemy.actor.util.CausalityInterfaceForComposites._computeOutputPortDepth(CausalityInterfaceForComposites.java:759)
	at ptolemy.actor.util.CausalityInterfaceForComposites._computeInputDepth(CausalityInterfaceForComposites.java:696)
	at ptolemy.actor.util.CausalityInterfaceForComposites._computeOutputPortDepth(CausalityInterfaceForComposites.java:765)
	at ptolemy.actor.util.CausalityInterfaceForComposites._computeInputDepth(CausalityInterfaceForComposites.java:696)
	at ptolemy.actor.util.CausalityInterfaceForComposites._computeOutputPortDepth(CausalityInterfaceForComposites.java:765)
	at ptolemy.actor.util.CausalityInterfaceForComposites._computeInputDepth(CausalityInterfaceForComposites.java:696)
	at ptolemy.actor.util.CausalityInterfaceForComposites._computeActorDepth(CausalityInterfaceForComposites.java:532)
	at ptolemy.actor.util.CausalityInterfaceForComposites.checkForCycles(CausalityInterfaceForComposites.java:96)
	at ptolemy.domains.de.kernel.DEDirector.preinitialize(DEDirector.java:1338)
	at ptolemy.actor.CompositeActor.preinitialize(CompositeActor.java:1828)
	at ptolemy.actor.Manager.preinitializeAndResolveTypes(Manager.java:1040)
	at ptolemy.actor.Manager.initialize(Manager.java:710)
	at ptolemy.actor.Manager.execute(Manager.java:356)
	at ptolemy.actor.Manager.run(Manager.java:1263)
	at ptolemy.actor.Manager$PtolemyRunThread.run(Manager.java:1915)

    while executing
ptolemy.kernel.util.IllegalActionException: Found a zero delay loop containing .dependencyLoop2.original
  in .dependencyLoop2 and .dependencyLoop2.original
    while executing
"java::new ptolemy.moml.MoMLSimpleApplication $file
"
    (procedure "createAndExecute" line 2)
    invoked from within
"createAndExecute $file"
    ("uplevel" body line 5)
    invoked from within
"uplevel $contents_of_test"
------------------ testing $PTII/ptolemy/domains/de/test/auto/knownFailedTests/HierarchicalModel.xml (Known Failure) 
6 ms. Memory: 146944K Free: 90041K (61%)


==== $PTIIhome/travis/build/icyphy/ptII/ptolemy/domains/de/test/../../../../: Auto Automatic test in file $PTII/ptolemy/domains/de/test/auto/knownFailedTests/HierarchicalModel.xml
==== Contents of test case:

	    # FIXME: we should use $relativeFilename here, but it
	    # might have backslashes under Windows, which causes no end
	    # of trouble.
	    createAndExecute $file
	    list {}
	
.... Test generated KNOWN error:
    while executing
ptolemy.kernel.util.IllegalActionException: Found a zero delay loop containing .HierarchicalModel.A
  in .HierarchicalModel and .HierarchicalModel.A
	at ptolemy.actor.util.CausalityInterfaceForComposites._computeOutputPortDepth(CausalityInterfaceForComposites.java:759)
	at ptolemy.actor.util.CausalityInterfaceForComposites._computeInputDepth(CausalityInterfaceForComposites.java:696)
	at ptolemy.actor.util.CausalityInterfaceForComposites._computeOutputPortDepth(CausalityInterfaceForComposites.java:765)
	at ptolemy.actor.util.CausalityInterfaceForComposites._computeInputDepth(CausalityInterfaceForComposites.java:696)
	at ptolemy.actor.util.CausalityInterfaceForComposites._computeOutputPortDepth(CausalityInterfaceForComposites.java:765)
	at ptolemy.actor.util.CausalityInterfaceForComposites._computeInputDepth(CausalityInterfaceForComposites.java:696)
	at ptolemy.actor.util.CausalityInterfaceForComposites._computeActorDepth(CausalityInterfaceForComposites.java:532)
	at ptolemy.actor.util.CausalityInterfaceForComposites.checkForCycles(CausalityInterfaceForComposites.java:96)
	at ptolemy.domains.de.kernel.DEDirector.preinitialize(DEDirector.java:1338)
	at ptolemy.actor.CompositeActor.preinitialize(CompositeActor.java:1828)
	at ptolemy.actor.Manager.preinitializeAndResolveTypes(Manager.java:1040)
	at ptolemy.actor.Manager.initialize(Manager.java:710)
	at ptolemy.actor.Manager.execute(Manager.java:356)
	at ptolemy.actor.Manager.run(Manager.java:1263)
	at ptolemy.actor.Manager$PtolemyRunThread.run(Manager.java:1915)

    while executing
ptolemy.kernel.util.IllegalActionException: Found a zero delay loop containing .HierarchicalModel.A
  in .HierarchicalModel and .HierarchicalModel.A
    while executing
"java::new ptolemy.moml.MoMLSimpleApplication $file
"
    (procedure "createAndExecute" line 2)
    invoked from within
"createAndExecute $file"
    ("uplevel" body line 5)
    invoked from within
"uplevel $contents_of_test"
------------------ testing $PTII/ptolemy/domains/de/test/auto/knownFailedTests/DirectFeedback.xml (Known Failure) 
5 ms. Memory: 146944K Free: 85899K (58%)


==== $PTIIhome/travis/build/icyphy/ptII/ptolemy/domains/de/test/../../../../: Auto Automatic test in file $PTII/ptolemy/domains/de/test/auto/knownFailedTests/DirectFeedback.xml
==== Contents of test case:

	    # FIXME: we should use $relativeFilename here, but it
	    # might have backslashes under Windows, which causes no end
	    # of trouble.
	    createAndExecute $file
	    list {}
	
.... Test generated KNOWN error:
    while executing
ptolemy.kernel.util.IllegalActionException: Test fails in iteration 1.
Value was: 1.0. Should have been: 2.0
  in .DirectFeedback.Test
	at ptolemy.actor.lib.Test.fire(Test.java:268)
	at ptolemy.domains.de.kernel.DEDirector._fire(DEDirector.java:1949)
	at ptolemy.domains.de.kernel.DEDirector.fire(DEDirector.java:502)
	at ptolemy.actor.CompositeActor.fire(CompositeActor.java:455)
	at ptolemy.actor.Manager.iterate(Manager.java:851)
	at ptolemy.actor.Manager.execute(Manager.java:369)
	at ptolemy.actor.Manager.run(Manager.java:1263)
	at ptolemy.actor.Manager$PtolemyRunThread.run(Manager.java:1915)

    while executing
ptolemy.kernel.util.IllegalActionException: Test fails in iteration 1.
Value was: 1.0. Should have been: 2.0
  in .DirectFeedback.Test
    while executing
"java::new ptolemy.moml.MoMLSimpleApplication $file
"
    (procedure "createAndExecute" line 2)
    invoked from within
"createAndExecute $file"
    ("uplevel" body line 5)
    invoked from within
"uplevel $contents_of_test"
------------------ testing $PTII/ptolemy/domains/de/test/auto/ActorDepthCalculation_actorWithoutPorts.xml
auto.tcl: Setting watchdog for 200 seconds at Wed May 15 05:05:24 UTC 2019
6 ms. Memory: 146944K Free: 138737K (94%)
ptolemy.util.test.WatchDog.cancel(): canceling Wed May 15 05:05:24 UTC 2019
auto.tcl: Setting watchdog for 200 seconds at Wed May 15 05:05:24 UTC 2019
4 ms. Memory: 146944K Free: 136699K (93%)
ptolemy.util.test.WatchDog.cancel(): canceling Wed May 15 05:05:24 UTC 2019
------------------ testing $PTII/ptolemy/domains/de/test/auto/AssemblyLine.xml
auto.tcl: Setting watchdog for 200 seconds at Wed May 15 05:05:24 UTC 2019
20 ms. Memory: 208384K Free: 183427K (88%)
ptolemy.util.test.WatchDog.cancel(): canceling Wed May 15 05:05:24 UTC 2019
auto.tcl: Setting watchdog for 200 seconds at Wed May 15 05:05:24 UTC 2019
13 ms. Memory: 208384K Free: 183427K (88%)
ptolemy.util.test.WatchDog.cancel(): canceling Wed May 15 05:05:24 UTC 2019
------------------ testing $PTII/ptolemy/domains/de/test/auto/CQBug1.xml
auto.tcl: Setting watchdog for 200 seconds at Wed May 15 05:05:24 UTC 2019
3 ms. Memory: 208384K Free: 197925K (95%)
ptolemy.util.test.WatchDog.cancel(): canceling Wed May 15 05:05:24 UTC 2019
auto.tcl: Setting watchdog for 200 seconds at Wed May 15 05:05:24 UTC 2019
2 ms. Memory: 208384K Free: 197925K (95%)
ptolemy.util.test.WatchDog.cancel(): canceling Wed May 15 05:05:24 UTC 2019
------------------ testing $PTII/ptolemy/domains/de/test/auto/CancelFireAt.xml
auto.tcl: Setting watchdog for 200 seconds at Wed May 15 05:05:24 UTC 2019
13 ms. Memory: 208384K Free: 201063K (96%)
ptolemy.util.test.WatchDog.cancel(): canceling Wed May 15 05:05:25 UTC 2019
auto.tcl: Setting watchdog for 200 seconds at Wed May 15 05:05:25 UTC 2019
2 ms. Memory: 208384K Free: 199026K (96%)
ptolemy.util.test.WatchDog.cancel(): canceling Wed May 15 05:05:25 UTC 2019
------------------ testing $PTII/ptolemy/domains/de/test/auto/CausalityAndComposabilityAnalysis.xml
auto.tcl: Setting watchdog for 200 seconds at Wed May 15 05:05:25 UTC 2019
14 ms. Memory: 208384K Free: 198624K (95%)
ptolemy.util.test.WatchDog.cancel(): canceling Wed May 15 05:05:25 UTC 2019
auto.tcl: Setting watchdog for 200 seconds at Wed May 15 05:05:25 UTC 2019
5 ms. Memory: 208384K Free: 196586K (94%)
ptolemy.util.test.WatchDog.cancel(): canceling Wed May 15 05:05:25 UTC 2019
------------------ testing $PTII/ptolemy/domains/de/test/auto/CausalityInterface1.xml
auto.tcl: Setting watchdog for 200 seconds at Wed May 15 05:05:25 UTC 2019
10 ms. Memory: 208384K Free: 196523K (94%)
ptolemy.util.test.WatchDog.cancel(): canceling Wed May 15 05:05:25 UTC 2019
auto.tcl: Setting watchdog for 200 seconds at Wed May 15 05:05:25 UTC 2019
4 ms. Memory: 208384K Free: 196523K (94%)
ptolemy.util.test.WatchDog.cancel(): canceling Wed May 15 05:05:25 UTC 2019
------------------ testing $PTII/ptolemy/domains/de/test/auto/CausalityInterface15.xml
auto.tcl: Setting watchdog for 200 seconds at Wed May 15 05:05:25 UTC 2019
11 ms. Memory: 208384K Free: 196482K (94%)
ptolemy.util.test.WatchDog.cancel(): canceling Wed May 15 05:05:25 UTC 2019
auto.tcl: Setting watchdog for 200 seconds at Wed May 15 05:05:25 UTC 2019
4 ms. Memory: 208384K Free: 196482K (94%)
ptolemy.util.test.WatchDog.cancel(): canceling Wed May 15 05:05:25 UTC 2019
------------------ testing $PTII/ptolemy/domains/de/test/auto/CausalityInterface2.xml
auto.tcl: Setting watchdog for 200 seconds at Wed May 15 05:05:25 UTC 2019
3 ms. Memory: 208384K Free: 196496K (94%)
ptolemy.util.test.WatchDog.cancel(): canceling Wed May 15 05:05:25 UTC 2019
auto.tcl: Setting watchdog for 200 seconds at Wed May 15 05:05:25 UTC 2019
3 ms. Memory: 208384K Free: 196496K (94%)
ptolemy.util.test.WatchDog.cancel(): canceling Wed May 15 05:05:25 UTC 2019
------------------ testing $PTII/ptolemy/domains/de/test/auto/CausalityInterface3.xml
auto.tcl: Setting watchdog for 200 seconds at Wed May 15 05:05:25 UTC 2019
3 ms. Memory: 208384K Free: 196509K (94%)
ptolemy.util.test.WatchDog.cancel(): canceling Wed May 15 05:05:25 UTC 2019
auto.tcl: Setting watchdog for 200 seconds at Wed May 15 05:05:25 UTC 2019
6 ms. Memory: 208384K Free: 196509K (94%)
ptolemy.util.test.WatchDog.cancel(): canceling Wed May 15 05:05:25 UTC 2019
------------------ testing $PTII/ptolemy/domains/de/test/auto/ClockDrift.xml
auto.tcl: Setting watchdog for 200 seconds at Wed May 15 05:05:25 UTC 2019
82 ms. Memory: 208384K Free: 187930K (90%)
ptolemy.util.test.WatchDog.cancel(): canceling Wed May 15 05:05:25 UTC 2019
auto.tcl: Setting watchdog for 200 seconds at Wed May 15 05:05:25 UTC 2019
70 ms. Memory: 208384K Free: 185893K (89%)
ptolemy.util.test.WatchDog.cancel(): canceling Wed May 15 05:05:25 UTC 2019
------------------ testing $PTII/ptolemy/domains/de/test/auto/ClockDriftAndValueChange.xml
auto.tcl: Setting watchdog for 200 seconds at Wed May 15 05:05:25 UTC 2019
48 ms. Memory: 208384K Free: 187762K (90%)
ptolemy.util.test.WatchDog.cancel(): canceling Wed May 15 05:05:25 UTC 2019
auto.tcl: Setting watchdog for 200 seconds at Wed May 15 05:05:25 UTC 2019
38 ms. Memory: 208384K Free: 185725K (89%)
ptolemy.util.test.WatchDog.cancel(): canceling Wed May 15 05:05:25 UTC 2019
------------------ testing $PTII/ptolemy/domains/de/test/auto/ClockDriftChange.xml
auto.tcl: Setting watchdog for 200 seconds at Wed May 15 05:05:26 UTC 2019
19 ms. Memory: 208384K Free: 191021K (92%)
ptolemy.util.test.WatchDog.cancel(): canceling Wed May 15 05:05:26 UTC 2019
auto.tcl: Setting watchdog for 200 seconds at Wed May 15 05:05:26 UTC 2019
23 ms. Memory: 208384K Free: 188984K (91%)
ptolemy.util.test.WatchDog.cancel(): canceling Wed May 15 05:05:26 UTC 2019
------------------ testing $PTII/ptolemy/domains/de/test/auto/ComposableCausalityAnalysis.xml
auto.tcl: Setting watchdog for 200 seconds at Wed May 15 05:05:26 UTC 2019
3 ms. Memory: 208384K Free: 196357K (94%)
ptolemy.util.test.WatchDog.cancel(): canceling Wed May 15 05:05:26 UTC 2019
auto.tcl: Setting watchdog for 200 seconds at Wed May 15 05:05:26 UTC 2019
2 ms. Memory: 208384K Free: 194320K (93%)
ptolemy.util.test.WatchDog.cancel(): canceling Wed May 15 05:05:26 UTC 2019
------------------ testing $PTII/ptolemy/domains/de/test/auto/DEFixedPointLimitation.xml
auto.tcl: Setting watchdog for 200 seconds at Wed May 15 05:05:26 UTC 2019
3 ms. Memory: 208384K Free: 198475K (95%)
ptolemy.util.test.WatchDog.cancel(): canceling Wed May 15 05:05:26 UTC 2019
auto.tcl: Setting watchdog for 200 seconds at Wed May 15 05:05:26 UTC 2019
2 ms. Memory: 208384K Free: 196438K (94%)
ptolemy.util.test.WatchDog.cancel(): canceling Wed May 15 05:05:26 UTC 2019
------------------ testing $PTII/ptolemy/domains/de/test/auto/DEScheduleTest.xml
auto.tcl: Setting watchdog for 200 seconds at Wed May 15 05:05:26 UTC 2019
8 ms. Memory: 208384K Free: 198510K (95%)
ptolemy.util.test.WatchDog.cancel(): canceling Wed May 15 05:05:26 UTC 2019
auto.tcl: Setting watchdog for 200 seconds at Wed May 15 05:05:26 UTC 2019
5 ms. Memory: 208384K Free: 196473K (94%)
ptolemy.util.test.WatchDog.cancel(): canceling Wed May 15 05:05:26 UTC 2019
------------------ testing $PTII/ptolemy/domains/de/test/auto/DEinDEwithStartTimes.xml
auto.tcl: Setting watchdog for 200 seconds at Wed May 15 05:05:26 UTC 2019
4 ms. Memory: 208384K Free: 196443K (94%)
ptolemy.util.test.WatchDog.cancel(): canceling Wed May 15 05:05:26 UTC 2019
auto.tcl: Setting watchdog for 200 seconds at Wed May 15 05:05:26 UTC 2019
5 ms. Memory: 208384K Free: 194405K (93%)
ptolemy.util.test.WatchDog.cancel(): canceling Wed May 15 05:05:26 UTC 2019
------------------ testing $PTII/ptolemy/domains/de/test/auto/DEinDEwithStartTimes2.xml
auto.tcl: Setting watchdog for 200 seconds at Wed May 15 05:05:26 UTC 2019
4 ms. Memory: 208384K Free: 196942K (95%)
ptolemy.util.test.WatchDog.cancel(): canceling Wed May 15 05:05:26 UTC 2019
auto.tcl: Setting watchdog for 200 seconds at Wed May 15 05:05:26 UTC 2019
7 ms. Memory: 208384K Free: 194385K (93%)
ptolemy.util.test.WatchDog.cancel(): canceling Wed May 15 05:05:26 UTC 2019
------------------ testing $PTII/ptolemy/domains/de/test/auto/DateDemo.xml
auto.tcl: Setting watchdog for 200 seconds at Wed May 15 05:05:26 UTC 2019
9 ms. Memory: 208384K Free: 189040K (91%)
ptolemy.util.test.WatchDog.cancel(): canceling Wed May 15 05:05:26 UTC 2019
auto.tcl: Setting watchdog for 200 seconds at Wed May 15 05:05:26 UTC 2019
11 ms. Memory: 208384K Free: 187003K (90%)
ptolemy.util.test.WatchDog.cancel(): canceling Wed May 15 05:05:26 UTC 2019
------------------ testing $PTII/ptolemy/domains/de/test/auto/DateToEvent.xml
auto.tcl: Setting watchdog for 200 seconds at Wed May 15 05:05:26 UTC 2019
2010 ms. Memory: 208384K Free: 183934K (88%)
ptolemy.util.test.WatchDog.cancel(): canceling Wed May 15 05:05:28 UTC 2019
auto.tcl: Setting watchdog for 200 seconds at Wed May 15 05:05:28 UTC 2019
2007 ms. Memory: 208384K Free: 181477K (87%)
ptolemy.util.test.WatchDog.cancel(): canceling Wed May 15 05:05:30 UTC 2019
------------------ testing $PTII/ptolemy/domains/de/test/auto/DepthTest1.xml
auto.tcl: Setting watchdog for 200 seconds at Wed May 15 05:05:30 UTC 2019
2 ms. Memory: 208384K Free: 198558K (95%)
ptolemy.util.test.WatchDog.cancel(): canceling Wed May 15 05:05:30 UTC 2019
auto.tcl: Setting watchdog for 200 seconds at Wed May 15 05:05:30 UTC 2019
1 ms. Memory: 208384K Free: 198558K (95%)
ptolemy.util.test.WatchDog.cancel(): canceling Wed May 15 05:05:30 UTC 2019
------------------ testing $PTII/ptolemy/domains/de/test/auto/DepthTest2.xml
auto.tcl: Setting watchdog for 200 seconds at Wed May 15 05:05:30 UTC 2019
3 ms. Memory: 208384K Free: 194398K (93%)
ptolemy.util.test.WatchDog.cancel(): canceling Wed May 15 05:05:30 UTC 2019
auto.tcl: Setting watchdog for 200 seconds at Wed May 15 05:05:30 UTC 2019
6 ms. Memory: 208384K Free: 194398K (93%)
ptolemy.util.test.WatchDog.cancel(): canceling Wed May 15 05:05:30 UTC 2019
------------------ testing $PTII/ptolemy/domains/de/test/auto/DepthTest3.xml
auto.tcl: Setting watchdog for 200 seconds at Wed May 15 05:05:31 UTC 2019
2 ms. Memory: 208384K Free: 198374K (95%)
ptolemy.util.test.WatchDog.cancel(): canceling Wed May 15 05:05:31 UTC 2019
auto.tcl: Setting watchdog for 200 seconds at Wed May 15 05:05:31 UTC 2019
2 ms. Memory: 208384K Free: 198374K (95%)
ptolemy.util.test.WatchDog.cancel(): canceling Wed May 15 05:05:31 UTC 2019
------------------ testing $PTII/ptolemy/domains/de/test/auto/DepthTest4.xml
auto.tcl: Setting watchdog for 200 seconds at Wed May 15 05:05:31 UTC 2019
11 ms. Memory: 208384K Free: 196424K (94%)
ptolemy.util.test.WatchDog.cancel(): canceling Wed May 15 05:05:31 UTC 2019
auto.tcl: Setting watchdog for 200 seconds at Wed May 15 05:05:31 UTC 2019
2 ms. Memory: 208384K Free: 196424K (94%)
ptolemy.util.test.WatchDog.cancel(): canceling Wed May 15 05:05:31 UTC 2019
------------------ testing $PTII/ptolemy/domains/de/test/auto/DepthTest5.xml
auto.tcl: Setting watchdog for 200 seconds at Wed May 15 05:05:31 UTC 2019
5 ms. Memory: 208384K Free: 196890K (94%)
ptolemy.util.test.WatchDog.cancel(): canceling Wed May 15 05:05:31 UTC 2019
auto.tcl: Setting watchdog for 200 seconds at Wed May 15 05:05:31 UTC 2019
2 ms. Memory: 208384K Free: 196890K (94%)
ptolemy.util.test.WatchDog.cancel(): canceling Wed May 15 05:05:31 UTC 2019
------------------ testing $PTII/ptolemy/domains/de/test/auto/DepthTest6.xml
auto.tcl: Setting watchdog for 200 seconds at Wed May 15 05:05:31 UTC 2019
12 ms. Memory: 208384K Free: 196865K (94%)
ptolemy.util.test.WatchDog.cancel(): canceling Wed May 15 05:05:31 UTC 2019
auto.tcl: Setting watchdog for 200 seconds at Wed May 15 05:05:31 UTC 2019
3 ms. Memory: 208384K Free: 196865K (94%)
ptolemy.util.test.WatchDog.cancel(): canceling Wed May 15 05:05:31 UTC 2019
------------------ testing $PTII/ptolemy/domains/de/test/auto/DepthTest7.xml
auto.tcl: Setting watchdog for 200 seconds at Wed May 15 05:05:31 UTC 2019
2 ms. Memory: 208384K Free: 196328K (94%)
ptolemy.util.test.WatchDog.cancel(): canceling Wed May 15 05:05:31 UTC 2019
auto.tcl: Setting watchdog for 200 seconds at Wed May 15 05:05:31 UTC 2019
3 ms. Memory: 208384K Free: 196328K (94%)
ptolemy.util.test.WatchDog.cancel(): canceling Wed May 15 05:05:31 UTC 2019
------------------ testing $PTII/ptolemy/domains/de/test/auto/EventToDate.xml
auto.tcl: Setting watchdog for 200 seconds at Wed May 15 05:05:31 UTC 2019
3009 ms. Memory: 208384K Free: 188185K (90%)
ptolemy.util.test.WatchDog.cancel(): canceling Wed May 15 05:05:34 UTC 2019
auto.tcl: Setting watchdog for 200 seconds at Wed May 15 05:05:34 UTC 2019
3004 ms. Memory: 208384K Free: 186147K (89%)
ptolemy.util.test.WatchDog.cancel(): canceling Wed May 15 05:05:37 UTC 2019
------------------ testing $PTII/ptolemy/domains/de/test/auto/FSM1.xml
auto.tcl: Setting watchdog for 200 seconds at Wed May 15 05:05:37 UTC 2019
26 ms. Memory: 208384K Free: 189506K (91%)
ptolemy.util.test.WatchDog.cancel(): canceling Wed May 15 05:05:37 UTC 2019
auto.tcl: Setting watchdog for 200 seconds at Wed May 15 05:05:37 UTC 2019
14 ms. Memory: 208384K Free: 185431K (89%)
ptolemy.util.test.WatchDog.cancel(): canceling Wed May 15 05:05:37 UTC 2019
------------------ testing $PTII/ptolemy/domains/de/test/auto/FSM7.xml
auto.tcl: Setting watchdog for 200 seconds at Wed May 15 05:05:37 UTC 2019
27 ms. Memory: 208384K Free: 189708K (91%)
ptolemy.util.test.WatchDog.cancel(): canceling Wed May 15 05:05:37 UTC 2019
auto.tcl: Setting watchdog for 200 seconds at Wed May 15 05:05:37 UTC 2019
25 ms. Memory: 208384K Free: 185634K (89%)
ptolemy.util.test.WatchDog.cancel(): canceling Wed May 15 05:05:37 UTC 2019
------------------ testing $PTII/ptolemy/domains/de/test/auto/Inspection.xml
auto.tcl: Setting watchdog for 200 seconds at Wed May 15 05:05:37 UTC 2019
48 ms. Memory: 208384K Free: 189395K (91%)
ptolemy.util.test.WatchDog.cancel(): canceling Wed May 15 05:05:37 UTC 2019
auto.tcl: Setting watchdog for 200 seconds at Wed May 15 05:05:37 UTC 2019
29 ms. Memory: 208384K Free: 187358K (90%)
ptolemy.util.test.WatchDog.cancel(): canceling Wed May 15 05:05:37 UTC 2019
------------------ testing $PTII/ptolemy/domains/de/test/auto/Iteration.xml
auto.tcl: Setting watchdog for 200 seconds at Wed May 15 05:05:37 UTC 2019
10 ms. Memory: 208384K Free: 196134K (94%)
ptolemy.util.test.WatchDog.cancel(): canceling Wed May 15 05:05:37 UTC 2019
auto.tcl: Setting watchdog for 200 seconds at Wed May 15 05:05:37 UTC 2019
10 ms. Memory: 208384K Free: 194096K (93%)
ptolemy.util.test.WatchDog.cancel(): canceling Wed May 15 05:05:38 UTC 2019
------------------ testing $PTII/ptolemy/domains/de/test/auto/LineFault.xml
auto.tcl: Setting watchdog for 200 seconds at Wed May 15 05:05:38 UTC 2019
721 ms. Memory: 208384K Free: 199840K (96%)
ptolemy.util.test.WatchDog.cancel(): canceling Wed May 15 05:05:39 UTC 2019
auto.tcl: Setting watchdog for 200 seconds at Wed May 15 05:05:39 UTC 2019
606 ms. Memory: 208384K Free: 142541K (68%)
ptolemy.util.test.WatchDog.cancel(): canceling Wed May 15 05:05:39 UTC 2019
------------------ testing $PTII/ptolemy/domains/de/test/auto/MergeModel1Add.xml
auto.tcl: Setting watchdog for 200 seconds at Wed May 15 05:05:39 UTC 2019
14 ms. Memory: 331264K Free: 300688K (91%)
ptolemy.util.test.WatchDog.cancel(): canceling Wed May 15 05:05:39 UTC 2019
auto.tcl: Setting watchdog for 200 seconds at Wed May 15 05:05:39 UTC 2019
8 ms. Memory: 331264K Free: 300688K (91%)
ptolemy.util.test.WatchDog.cancel(): canceling Wed May 15 05:05:39 UTC 2019
------------------ testing $PTII/ptolemy/domains/de/test/auto/MergeModel2Add.xml
auto.tcl: Setting watchdog for 200 seconds at Wed May 15 05:05:39 UTC 2019
14 ms. Memory: 331264K Free: 305618K (92%)
ptolemy.util.test.WatchDog.cancel(): canceling Wed May 15 05:05:39 UTC 2019
auto.tcl: Setting watchdog for 200 seconds at Wed May 15 05:05:39 UTC 2019
12 ms. Memory: 331264K Free: 302058K (91%)
ptolemy.util.test.WatchDog.cancel(): canceling Wed May 15 05:05:40 UTC 2019
------------------ testing $PTII/ptolemy/domains/de/test/auto/MergeModel3Add.xml
auto.tcl: Setting watchdog for 200 seconds at Wed May 15 05:05:40 UTC 2019
11 ms. Memory: 331264K Free: 305628K (92%)
ptolemy.util.test.WatchDog.cancel(): canceling Wed May 15 05:05:40 UTC 2019
auto.tcl: Setting watchdog for 200 seconds at Wed May 15 05:05:40 UTC 2019
7 ms. Memory: 331264K Free: 302068K (91%)
ptolemy.util.test.WatchDog.cancel(): canceling Wed May 15 05:05:40 UTC 2019
------------------ testing $PTII/ptolemy/domains/de/test/auto/MergeWithoutDiscard.xml
auto.tcl: Setting watchdog for 200 seconds at Wed May 15 05:05:40 UTC 2019
2 ms. Memory: 331264K Free: 316306K (95%)
ptolemy.util.test.WatchDog.cancel(): canceling Wed May 15 05:05:40 UTC 2019
auto.tcl: Setting watchdog for 200 seconds at Wed May 15 05:05:40 UTC 2019
1 ms. Memory: 331264K Free: 316306K (95%)
ptolemy.util.test.WatchDog.cancel(): canceling Wed May 15 05:05:40 UTC 2019
------------------ testing $PTII/ptolemy/domains/de/test/auto/Modal1.xml
auto.tcl: Setting watchdog for 200 seconds at Wed May 15 05:05:40 UTC 2019
23 ms. Memory: 331264K Free: 310570K (94%)
ptolemy.util.test.WatchDog.cancel(): canceling Wed May 15 05:05:40 UTC 2019
auto.tcl: Setting watchdog for 200 seconds at Wed May 15 05:05:40 UTC 2019
19 ms. Memory: 331264K Free: 307010K (93%)
ptolemy.util.test.WatchDog.cancel(): canceling Wed May 15 05:05:40 UTC 2019
------------------ testing $PTII/ptolemy/domains/de/test/auto/Modal2.xml
auto.tcl: Setting watchdog for 200 seconds at Wed May 15 05:05:40 UTC 2019
12 ms. Memory: 331264K Free: 310443K (94%)
ptolemy.util.test.WatchDog.cancel(): canceling Wed May 15 05:05:40 UTC 2019
auto.tcl: Setting watchdog for 200 seconds at Wed May 15 05:05:40 UTC 2019
11 ms. Memory: 331264K Free: 306883K (93%)
ptolemy.util.test.WatchDog.cancel(): canceling Wed May 15 05:05:40 UTC 2019
------------------ testing $PTII/ptolemy/domains/de/test/auto/Modal3.xml
auto.tcl: Setting watchdog for 200 seconds at Wed May 15 05:05:40 UTC 2019
15 ms. Memory: 331264K Free: 310442K (94%)
ptolemy.util.test.WatchDog.cancel(): canceling Wed May 15 05:05:40 UTC 2019
auto.tcl: Setting watchdog for 200 seconds at Wed May 15 05:05:40 UTC 2019
15 ms. Memory: 331264K Free: 306882K (93%)
ptolemy.util.test.WatchDog.cancel(): canceling Wed May 15 05:05:40 UTC 2019
------------------ testing $PTII/ptolemy/domains/de/test/auto/Modal4.xml
auto.tcl: Setting watchdog for 200 seconds at Wed May 15 05:05:40 UTC 2019
28 ms. Memory: 331264K Free: 310471K (94%)
ptolemy.util.test.WatchDog.cancel(): canceling Wed May 15 05:05:40 UTC 2019
auto.tcl: Setting watchdog for 200 seconds at Wed May 15 05:05:40 UTC 2019
20 ms. Memory: 331264K Free: 301995K (91%)
ptolemy.util.test.WatchDog.cancel(): canceling Wed May 15 05:05:40 UTC 2019
------------------ testing $PTII/ptolemy/domains/de/test/auto/Modal5.xml
auto.tcl: Setting watchdog for 200 seconds at Wed May 15 05:05:40 UTC 2019
20 ms. Memory: 331264K Free: 310450K (94%)
ptolemy.util.test.WatchDog.cancel(): canceling Wed May 15 05:05:40 UTC 2019
auto.tcl: Setting watchdog for 200 seconds at Wed May 15 05:05:40 UTC 2019
13 ms. Memory: 331264K Free: 306890K (93%)
ptolemy.util.test.WatchDog.cancel(): canceling Wed May 15 05:05:40 UTC 2019
------------------ testing $PTII/ptolemy/domains/de/test/auto/Modal6.xml
auto.tcl: Setting watchdog for 200 seconds at Wed May 15 05:05:40 UTC 2019
14 ms. Memory: 331264K Free: 310456K (94%)
ptolemy.util.test.WatchDog.cancel(): canceling Wed May 15 05:05:40 UTC 2019
auto.tcl: Setting watchdog for 200 seconds at Wed May 15 05:05:40 UTC 2019
18 ms. Memory: 331264K Free: 306896K (93%)
ptolemy.util.test.WatchDog.cancel(): canceling Wed May 15 05:05:40 UTC 2019
------------------ testing $PTII/ptolemy/domains/de/test/auto/Modal7.xml
auto.tcl: Setting watchdog for 200 seconds at Wed May 15 05:05:40 UTC 2019
11 ms. Memory: 331264K Free: 306896K (93%)
ptolemy.util.test.WatchDog.cancel(): canceling Wed May 15 05:05:40 UTC 2019
auto.tcl: Setting watchdog for 200 seconds at Wed May 15 05:05:40 UTC 2019
11 ms. Memory: 331264K Free: 303336K (92%)
ptolemy.util.test.WatchDog.cancel(): canceling Wed May 15 05:05:41 UTC 2019
------------------ testing $PTII/ptolemy/domains/de/test/auto/ModalModel.xml
auto.tcl: Setting watchdog for 200 seconds at Wed May 15 05:05:41 UTC 2019
215 ms. Memory: 331264K Free: 248133K (75%)
ptolemy.util.test.WatchDog.cancel(): canceling Wed May 15 05:05:41 UTC 2019
auto.tcl: Setting watchdog for 200 seconds at Wed May 15 05:05:41 UTC 2019
207 ms. Memory: 331264K Free: 191172K (58%)
ptolemy.util.test.WatchDog.cancel(): canceling Wed May 15 05:05:41 UTC 2019
------------------ testing $PTII/ptolemy/domains/de/test/auto/ModalSource.xml
auto.tcl: Setting watchdog for 200 seconds at Wed May 15 05:05:41 UTC 2019
6 ms. Memory: 331264K Free: 317162K (96%)
ptolemy.util.test.WatchDog.cancel(): canceling Wed May 15 05:05:41 UTC 2019
auto.tcl: Setting watchdog for 200 seconds at Wed May 15 05:05:41 UTC 2019
7 ms. Memory: 331264K Free: 313899K (95%)
ptolemy.util.test.WatchDog.cancel(): canceling Wed May 15 05:05:41 UTC 2019
------------------ testing $PTII/ptolemy/domains/de/test/auto/NonInterruptibleTimerZeroDelay.xml
auto.tcl: Setting watchdog for 200 seconds at Wed May 15 05:05:41 UTC 2019
3 ms. Memory: 331264K Free: 321076K (97%)
ptolemy.util.test.WatchDog.cancel(): canceling Wed May 15 05:05:41 UTC 2019
auto.tcl: Setting watchdog for 200 seconds at Wed May 15 05:05:41 UTC 2019
2 ms. Memory: 331264K Free: 317814K (96%)
ptolemy.util.test.WatchDog.cancel(): canceling Wed May 15 05:05:41 UTC 2019
------------------ testing $PTII/ptolemy/domains/de/test/auto/OpenQueueingNetwork.xml
auto.tcl: Setting watchdog for 200 seconds at Wed May 15 05:05:41 UTC 2019
3242 ms. Memory: 317952K Free: 119693K (38%)
ptolemy.util.test.WatchDog.cancel(): canceling Wed May 15 05:05:45 UTC 2019
auto.tcl: Setting watchdog for 200 seconds at Wed May 15 05:05:45 UTC 2019
2411 ms. Memory: 287232K Free: 189736K (66%)
ptolemy.util.test.WatchDog.cancel(): canceling Wed May 15 05:05:47 UTC 2019
------------------ testing $PTII/ptolemy/domains/de/test/auto/OpenQueuingNetwork.xml
auto.tcl: Setting watchdog for 200 seconds at Wed May 15 05:05:47 UTC 2019
236 ms. Memory: 287232K Free: 188716K (66%)
ptolemy.util.test.WatchDog.cancel(): canceling Wed May 15 05:05:47 UTC 2019
auto.tcl: Setting watchdog for 200 seconds at Wed May 15 05:05:47 UTC 2019
221 ms. Memory: 287232K Free: 127929K (45%)
ptolemy.util.test.WatchDog.cancel(): canceling Wed May 15 05:05:48 UTC 2019
------------------ testing $PTII/ptolemy/domains/de/test/auto/PeriodicSampler.xml
auto.tcl: Setting watchdog for 200 seconds at Wed May 15 05:05:48 UTC 2019
3 ms. Memory: 289792K Free: 277795K (96%)
ptolemy.util.test.WatchDog.cancel(): canceling Wed May 15 05:05:48 UTC 2019
auto.tcl: Setting watchdog for 200 seconds at Wed May 15 05:05:48 UTC 2019
2 ms. Memory: 289792K Free: 274990K (95%)
ptolemy.util.test.WatchDog.cancel(): canceling Wed May 15 05:05:48 UTC 2019
------------------ testing $PTII/ptolemy/domains/de/test/auto/PersistentIO.xml
auto.tcl: Setting watchdog for 200 seconds at Wed May 15 05:05:48 UTC 2019
12 ms. Memory: 287232K Free: 267424K (93%)
ptolemy.util.test.WatchDog.cancel(): canceling Wed May 15 05:05:48 UTC 2019
auto.tcl: Setting watchdog for 200 seconds at Wed May 15 05:05:48 UTC 2019
4 ms. Memory: 287232K Free: 267424K (93%)
ptolemy.util.test.WatchDog.cancel(): canceling Wed May 15 05:05:48 UTC 2019
------------------ testing $PTII/ptolemy/domains/de/test/auto/PortParameterResetOnInitialize.xml
auto.tcl: Setting watchdog for 200 seconds at Wed May 15 05:05:48 UTC 2019
3 ms. Memory: 289280K Free: 276844K (96%)
ptolemy.util.test.WatchDog.cancel(): canceling Wed May 15 05:05:48 UTC 2019
auto.tcl: Setting watchdog for 200 seconds at Wed May 15 05:05:48 UTC 2019
2 ms. Memory: 289280K Free: 276844K (96%)
ptolemy.util.test.WatchDog.cancel(): canceling Wed May 15 05:05:48 UTC 2019
------------------ testing $PTII/ptolemy/domains/de/test/auto/PortParameterUpdates.xml
auto.tcl: Setting watchdog for 200 seconds at Wed May 15 05:05:48 UTC 2019
3 ms. Memory: 287232K Free: 275084K (96%)
ptolemy.util.test.WatchDog.cancel(): canceling Wed May 15 05:05:48 UTC 2019
auto.tcl: Setting watchdog for 200 seconds at Wed May 15 05:05:48 UTC 2019
3 ms. Memory: 287232K Free: 272281K (95%)
ptolemy.util.test.WatchDog.cancel(): canceling Wed May 15 05:05:48 UTC 2019
------------------ testing $PTII/ptolemy/domains/de/test/auto/QueueAndServer.xml
auto.tcl: Setting watchdog for 200 seconds at Wed May 15 05:05:48 UTC 2019
27 ms. Memory: 289280K Free: 274137K (95%)
ptolemy.util.test.WatchDog.cancel(): canceling Wed May 15 05:05:48 UTC 2019
auto.tcl: Setting watchdog for 200 seconds at Wed May 15 05:05:48 UTC 2019
6 ms. Memory: 289280K Free: 274137K (95%)
ptolemy.util.test.WatchDog.cancel(): canceling Wed May 15 05:05:48 UTC 2019
------------------ testing $PTII/ptolemy/domains/de/test/auto/Records.xml
auto.tcl: Setting watchdog for 200 seconds at Wed May 15 05:05:48 UTC 2019
13 ms. Memory: 287232K Free: 274834K (96%)
ptolemy.util.test.WatchDog.cancel(): canceling Wed May 15 05:05:48 UTC 2019
auto.tcl: Setting watchdog for 200 seconds at Wed May 15 05:05:48 UTC 2019
2 ms. Memory: 287232K Free: 274834K (96%)
ptolemy.util.test.WatchDog.cancel(): canceling Wed May 15 05:05:48 UTC 2019
------------------ testing $PTII/ptolemy/domains/de/test/auto/ResetTransitionWithStartTime1.xml
auto.tcl: Setting watchdog for 200 seconds at Wed May 15 05:05:48 UTC 2019
7 ms. Memory: 288768K Free: 273591K (95%)
ptolemy.util.test.WatchDog.cancel(): canceling Wed May 15 05:05:48 UTC 2019
auto.tcl: Setting watchdog for 200 seconds at Wed May 15 05:05:48 UTC 2019
6 ms. Memory: 288768K Free: 270787K (94%)
ptolemy.util.test.WatchDog.cancel(): canceling Wed May 15 05:05:48 UTC 2019
------------------ testing $PTII/ptolemy/domains/de/test/auto/ResetTransitionWithStartTime2.xml
auto.tcl: Setting watchdog for 200 seconds at Wed May 15 05:05:48 UTC 2019
15 ms. Memory: 287232K Free: 272202K (95%)
ptolemy.util.test.WatchDog.cancel(): canceling Wed May 15 05:05:48 UTC 2019
auto.tcl: Setting watchdog for 200 seconds at Wed May 15 05:05:48 UTC 2019
5 ms. Memory: 287232K Free: 269399K (94%)
ptolemy.util.test.WatchDog.cancel(): canceling Wed May 15 05:05:48 UTC 2019
------------------ testing $PTII/ptolemy/domains/de/test/auto/ResetTransitionWithStartTime3.xml
auto.tcl: Setting watchdog for 200 seconds at Wed May 15 05:05:48 UTC 2019
7 ms. Memory: 288768K Free: 273582K (95%)
ptolemy.util.test.WatchDog.cancel(): canceling Wed May 15 05:05:48 UTC 2019
auto.tcl: Setting watchdog for 200 seconds at Wed May 15 05:05:48 UTC 2019
6 ms. Memory: 288768K Free: 270778K (94%)
ptolemy.util.test.WatchDog.cancel(): canceling Wed May 15 05:05:48 UTC 2019
------------------ testing $PTII/ptolemy/domains/de/test/auto/ResetTransitionWithStartTime4.xml
auto.tcl: Setting watchdog for 200 seconds at Wed May 15 05:05:48 UTC 2019
4 ms. Memory: 287232K Free: 272045K (95%)
ptolemy.util.test.WatchDog.cancel(): canceling Wed May 15 05:05:48 UTC 2019
auto.tcl: Setting watchdog for 200 seconds at Wed May 15 05:05:48 UTC 2019
3 ms. Memory: 287232K Free: 272045K (95%)
ptolemy.util.test.WatchDog.cancel(): canceling Wed May 15 05:05:48 UTC 2019
------------------ testing $PTII/ptolemy/domains/de/test/auto/ResettableTimer1.xml
auto.tcl: Setting watchdog for 200 seconds at Wed May 15 05:05:49 UTC 2019
3 ms. Memory: 288768K Free: 276380K (96%)
ptolemy.util.test.WatchDog.cancel(): canceling Wed May 15 05:05:49 UTC 2019
auto.tcl: Setting watchdog for 200 seconds at Wed May 15 05:05:49 UTC 2019
2 ms. Memory: 288768K Free: 276380K (96%)
ptolemy.util.test.WatchDog.cancel(): canceling Wed May 15 05:05:49 UTC 2019
------------------ testing $PTII/ptolemy/domains/de/test/auto/ResettableTimer2.xml
auto.tcl: Setting watchdog for 200 seconds at Wed May 15 05:05:49 UTC 2019
2 ms. Memory: 287232K Free: 275057K (96%)
ptolemy.util.test.WatchDog.cancel(): canceling Wed May 15 05:05:49 UTC 2019
auto.tcl: Setting watchdog for 200 seconds at Wed May 15 05:05:49 UTC 2019
2 ms. Memory: 287232K Free: 275057K (96%)
ptolemy.util.test.WatchDog.cancel(): canceling Wed May 15 05:05:49 UTC 2019
------------------ testing $PTII/ptolemy/domains/de/test/auto/ResettableTimer3.xml
auto.tcl: Setting watchdog for 200 seconds at Wed May 15 05:05:49 UTC 2019
4 ms. Memory: 288256K Free: 275925K (96%)
ptolemy.util.test.WatchDog.cancel(): canceling Wed May 15 05:05:49 UTC 2019
auto.tcl: Setting watchdog for 200 seconds at Wed May 15 05:05:49 UTC 2019
2 ms. Memory: 288256K Free: 275925K (96%)
ptolemy.util.test.WatchDog.cancel(): canceling Wed May 15 05:05:49 UTC 2019
------------------ testing $PTII/ptolemy/domains/de/test/auto/ResettableTimer4.xml
auto.tcl: Setting watchdog for 200 seconds at Wed May 15 05:05:49 UTC 2019
2 ms. Memory: 287232K Free: 275069K (96%)
ptolemy.util.test.WatchDog.cancel(): canceling Wed May 15 05:05:49 UTC 2019
auto.tcl: Setting watchdog for 200 seconds at Wed May 15 05:05:49 UTC 2019
1 ms. Memory: 287232K Free: 275069K (96%)
ptolemy.util.test.WatchDog.cancel(): canceling Wed May 15 05:05:49 UTC 2019
------------------ testing $PTII/ptolemy/domains/de/test/auto/ResettableTimer5.xml
auto.tcl: Setting watchdog for 200 seconds at Wed May 15 05:05:49 UTC 2019
1 ms. Memory: 288256K Free: 274033K (95%)
ptolemy.util.test.WatchDog.cancel(): canceling Wed May 15 05:05:49 UTC 2019
auto.tcl: Setting watchdog for 200 seconds at Wed May 15 05:05:49 UTC 2019
1 ms. Memory: 288256K Free: 274033K (95%)
ptolemy.util.test.WatchDog.cancel(): canceling Wed May 15 05:05:49 UTC 2019
------------------ testing $PTII/ptolemy/domains/de/test/auto/ResettableTimer6.xml
auto.tcl: Setting watchdog for 200 seconds at Wed May 15 05:05:49 UTC 2019
4 ms. Memory: 287232K Free: 272803K (95%)
ptolemy.util.test.WatchDog.cancel(): canceling Wed May 15 05:05:49 UTC 2019
auto.tcl: Setting watchdog for 200 seconds at Wed May 15 05:05:49 UTC 2019
1 ms. Memory: 287232K Free: 272803K (95%)
ptolemy.util.test.WatchDog.cancel(): canceling Wed May 15 05:05:49 UTC 2019
------------------ testing $PTII/ptolemy/domains/de/test/auto/ServerZeroDelay.xml
auto.tcl: Setting watchdog for 200 seconds at Wed May 15 05:05:49 UTC 2019
4 ms. Memory: 288256K Free: 276031K (96%)
ptolemy.util.test.WatchDog.cancel(): canceling Wed May 15 05:05:49 UTC 2019
auto.tcl: Setting watchdog for 200 seconds at Wed May 15 05:05:49 UTC 2019
2 ms. Memory: 288256K Free: 276031K (96%)
ptolemy.util.test.WatchDog.cancel(): canceling Wed May 15 05:05:49 UTC 2019
------------------ testing $PTII/ptolemy/domains/de/test/auto/SmartSender.xml
auto.tcl: Setting watchdog for 200 seconds at Wed May 15 05:05:49 UTC 2019
3002 ms. Memory: 287232K Free: 272944K (95%)
ptolemy.util.test.WatchDog.cancel(): canceling Wed May 15 05:05:52 UTC 2019
auto.tcl: Setting watchdog for 200 seconds at Wed May 15 05:05:52 UTC 2019
3001 ms. Memory: 287232K Free: 272944K (95%)
ptolemy.util.test.WatchDog.cancel(): canceling Wed May 15 05:05:55 UTC 2019
------------------ testing $PTII/ptolemy/domains/de/test/auto/ThreadedComposite.xml
auto.tcl: Setting watchdog for 200 seconds at Wed May 15 05:05:55 UTC 2019
193 ms. Memory: 288256K Free: 253033K (88%)
ptolemy.util.test.WatchDog.cancel(): canceling Wed May 15 05:05:55 UTC 2019
auto.tcl: Setting watchdog for 200 seconds at Wed May 15 05:05:55 UTC 2019
116 ms. Memory: 288256K Free: 235076K (82%)
ptolemy.util.test.WatchDog.cancel(): canceling Wed May 15 05:05:55 UTC 2019
------------------ testing $PTII/ptolemy/domains/de/test/auto/Time.xml
auto.tcl: Setting watchdog for 200 seconds at Wed May 15 05:05:55 UTC 2019
474 ms. Memory: 287232K Free: 221057K (77%)
ptolemy.util.test.WatchDog.cancel(): canceling Wed May 15 05:05:56 UTC 2019
auto.tcl: Setting watchdog for 200 seconds at Wed May 15 05:05:56 UTC 2019
465 ms. Memory: 287232K Free: 167787K (58%)
ptolemy.util.test.WatchDog.cancel(): canceling Wed May 15 05:05:56 UTC 2019
------------------ testing $PTII/ptolemy/domains/de/test/auto/TimeDelayZeroDelay.xml
auto.tcl: Setting watchdog for 200 seconds at Wed May 15 05:05:56 UTC 2019
2 ms. Memory: 287744K Free: 275888K (96%)
ptolemy.util.test.WatchDog.cancel(): canceling Wed May 15 05:05:56 UTC 2019
auto.tcl: Setting watchdog for 200 seconds at Wed May 15 05:05:56 UTC 2019
2 ms. Memory: 287744K Free: 275888K (96%)
ptolemy.util.test.WatchDog.cancel(): canceling Wed May 15 05:05:56 UTC 2019
------------------ testing $PTII/ptolemy/domains/de/test/auto/TimerZeroDelay.xml
auto.tcl: Setting watchdog for 200 seconds at Wed May 15 05:05:57 UTC 2019
3 ms. Memory: 287232K Free: 275505K (96%)
ptolemy.util.test.WatchDog.cancel(): canceling Wed May 15 05:05:57 UTC 2019
auto.tcl: Setting watchdog for 200 seconds at Wed May 15 05:05:57 UTC 2019
2 ms. Memory: 287232K Free: 275505K (96%)
ptolemy.util.test.WatchDog.cancel(): canceling Wed May 15 05:05:57 UTC 2019
------------------ testing $PTII/ptolemy/domains/de/test/auto/TimingParadox.xml
auto.tcl: Setting watchdog for 200 seconds at Wed May 15 05:05:57 UTC 2019
361 ms. Memory: 287744K Free: 210473K (73%)
ptolemy.util.test.WatchDog.cancel(): canceling Wed May 15 05:05:57 UTC 2019
auto.tcl: Setting watchdog for 200 seconds at Wed May 15 05:05:57 UTC 2019
330 ms. Memory: 287744K Free: 175091K (61%)
ptolemy.util.test.WatchDog.cancel(): canceling Wed May 15 05:05:57 UTC 2019
------------------ testing $PTII/ptolemy/domains/de/test/auto/TransferInputs.xml
auto.tcl: Setting watchdog for 200 seconds at Wed May 15 05:05:57 UTC 2019
1 ms. Memory: 287744K Free: 274927K (96%)
ptolemy.util.test.WatchDog.cancel(): canceling Wed May 15 05:05:57 UTC 2019
auto.tcl: Setting watchdog for 200 seconds at Wed May 15 05:05:57 UTC 2019
1 ms. Memory: 287744K Free: 274927K (96%)
ptolemy.util.test.WatchDog.cancel(): canceling Wed May 15 05:05:57 UTC 2019
------------------ testing $PTII/ptolemy/domains/de/test/auto/TransferOutputs2.xml
auto.tcl: Setting watchdog for 200 seconds at Wed May 15 05:05:58 UTC 2019
11 ms. Memory: 287232K Free: 270913K (94%)
ptolemy.util.test.WatchDog.cancel(): canceling Wed May 15 05:05:58 UTC 2019
auto.tcl: Setting watchdog for 200 seconds at Wed May 15 05:05:58 UTC 2019
3 ms. Memory: 287232K Free: 268360K (93%)
ptolemy.util.test.WatchDog.cancel(): canceling Wed May 15 05:05:58 UTC 2019
------------------ testing $PTII/ptolemy/domains/de/test/auto/Trilateration.xml
auto.tcl: Setting watchdog for 200 seconds at Wed May 15 05:05:58 UTC 2019
14775 ms. Memory: 473088K Free: 287877K (61%)
ptolemy.util.test.WatchDog.cancel(): canceling Wed May 15 05:06:13 UTC 2019
auto.tcl: Setting watchdog for 200 seconds at Wed May 15 05:06:13 UTC 2019
11833 ms. Memory: 352256K Free: 218783K (62%)
ptolemy.util.test.WatchDog.cancel(): canceling Wed May 15 05:06:25 UTC 2019
------------------ testing $PTII/ptolemy/domains/de/test/auto/TwoSigmaDelta.xml
auto.tcl: Setting watchdog for 200 seconds at Wed May 15 05:06:25 UTC 2019
3133 ms. Memory: 339968K Free: 293277K (86%)
ptolemy.util.test.WatchDog.cancel(): canceling Wed May 15 05:06:29 UTC 2019
auto.tcl: Setting watchdog for 200 seconds at Wed May 15 05:06:29 UTC 2019
2286 ms. Memory: 326144K Free: 294410K (90%)
ptolemy.util.test.WatchDog.cancel(): canceling Wed May 15 05:06:31 UTC 2019
------------------ testing $PTII/ptolemy/domains/de/test/auto/VariableDelay.xml
auto.tcl: Setting watchdog for 200 seconds at Wed May 15 05:06:31 UTC 2019
5 ms. Memory: 328192K Free: 314571K (96%)
ptolemy.util.test.WatchDog.cancel(): canceling Wed May 15 05:06:31 UTC 2019
auto.tcl: Setting watchdog for 200 seconds at Wed May 15 05:06:31 UTC 2019
2 ms. Memory: 328192K Free: 310914K (95%)
ptolemy.util.test.WatchDog.cancel(): canceling Wed May 15 05:06:31 UTC 2019
------------------ testing $PTII/ptolemy/domains/de/test/auto/VariableDelay2.xml
auto.tcl: Setting watchdog for 200 seconds at Wed May 15 05:06:31 UTC 2019
6 ms. Memory: 326144K Free: 315382K (97%)
ptolemy.util.test.WatchDog.cancel(): canceling Wed May 15 05:06:31 UTC 2019
auto.tcl: Setting watchdog for 200 seconds at Wed May 15 05:06:31 UTC 2019
2 ms. Memory: 326144K Free: 311733K (96%)
ptolemy.util.test.WatchDog.cancel(): canceling Wed May 15 05:06:31 UTC 2019
------------------ testing $PTII/ptolemy/domains/de/test/auto/VariableDelayZeroDelay.xml
auto.tcl: Setting watchdog for 200 seconds at Wed May 15 05:06:31 UTC 2019
2 ms. Memory: 328192K Free: 314981K (96%)
ptolemy.util.test.WatchDog.cancel(): canceling Wed May 15 05:06:31 UTC 2019
auto.tcl: Setting watchdog for 200 seconds at Wed May 15 05:06:31 UTC 2019
2 ms. Memory: 328192K Free: 311332K (95%)
ptolemy.util.test.WatchDog.cancel(): canceling Wed May 15 05:06:31 UTC 2019
------------------ testing $PTII/ptolemy/domains/de/test/auto/VariableDelayZeroDelay2.xml
auto.tcl: Setting watchdog for 200 seconds at Wed May 15 05:06:31 UTC 2019
2 ms. Memory: 326144K Free: 312931K (96%)
ptolemy.util.test.WatchDog.cancel(): canceling Wed May 15 05:06:31 UTC 2019
auto.tcl: Setting watchdog for 200 seconds at Wed May 15 05:06:31 UTC 2019
2 ms. Memory: 326144K Free: 309282K (95%)
ptolemy.util.test.WatchDog.cancel(): canceling Wed May 15 05:06:31 UTC 2019
------------------ testing $PTII/ptolemy/domains/de/test/auto/deInCt.xml
auto.tcl: Setting watchdog for 200 seconds at Wed May 15 05:06:31 UTC 2019
0
1
1
1
0
0
0
1
1
1
0
0
0
0
1
1
1
0
0
0
1
1
1
0
0
0
1
1
1
0
0
1
1
1
0
0
0
1
1
1
1
1
0
0
0
0
11 ms. Memory: 327680K Free: 310801K (95%)
ptolemy.util.test.WatchDog.cancel(): canceling Wed May 15 05:06:31 UTC 2019
auto.tcl: Setting watchdog for 200 seconds at Wed May 15 05:06:31 UTC 2019
0
1
1
1
0
0
0
0
0
0
0
1
1
1
0
0
0
1
1
0
0
0
0
1
1
1
1
1
7 ms. Memory: 327680K Free: 310801K (95%)
ptolemy.util.test.WatchDog.cancel(): canceling Wed May 15 05:06:31 UTC 2019
------------------ testing $PTII/ptolemy/domains/de/test/auto/deInCt2.xml
auto.tcl: Setting watchdog for 200 seconds at Wed May 15 05:06:31 UTC 2019
0
1
1
1
0
0
1
1
1
0
0
1
1
1
0
0
1
1
1
0
0
1
1
1
0
0
1
1
1
0
0
1
1
1
0
0
1
1
1
0
0
0
9 ms. Memory: 326144K Free: 309265K (95%)
ptolemy.util.test.WatchDog.cancel(): canceling Wed May 15 05:06:31 UTC 2019
auto.tcl: Setting watchdog for 200 seconds at Wed May 15 05:06:31 UTC 2019
0
1
1
1
0
0
1
1
1
0
0
1
1
1
0
0
1
1
1
0
0
1
1
1
0
0
1
1
1
0
0
1
1
1
0
0
1
1
1
0
0
0
9 ms. Memory: 326144K Free: 309265K (95%)
ptolemy.util.test.WatchDog.cancel(): canceling Wed May 15 05:06:31 UTC 2019
------------------ testing $PTII/ptolemy/domains/de/test/auto/dynamicCausalityInterface1.xml
auto.tcl: Setting watchdog for 200 seconds at Wed May 15 05:06:31 UTC 2019
1 ms. Memory: 327680K Free: 309600K (94%)
ptolemy.util.test.WatchDog.cancel(): canceling Wed May 15 05:06:31 UTC 2019
auto.tcl: Setting watchdog for 200 seconds at Wed May 15 05:06:31 UTC 2019
1 ms. Memory: 327680K Free: 309600K (94%)
ptolemy.util.test.WatchDog.cancel(): canceling Wed May 15 05:06:31 UTC 2019
------------------ testing $PTII/ptolemy/domains/de/test/auto/fsm_de_test.xml
auto.tcl: Setting watchdog for 200 seconds at Wed May 15 05:06:32 UTC 2019
7 ms. Memory: 326144K Free: 305520K (94%)
ptolemy.util.test.WatchDog.cancel(): canceling Wed May 15 05:06:32 UTC 2019
auto.tcl: Setting watchdog for 200 seconds at Wed May 15 05:06:32 UTC 2019
5 ms. Memory: 326144K Free: 305520K (94%)
ptolemy.util.test.WatchDog.cancel(): canceling Wed May 15 05:06:32 UTC 2019
------------------ testing $PTII/ptolemy/domains/de/test/auto/functionDependencyReconstruction.xml
auto.tcl: Setting watchdog for 200 seconds at Wed May 15 05:06:32 UTC 2019
6 ms. Memory: 327168K Free: 302877K (93%)
ptolemy.util.test.WatchDog.cancel(): canceling Wed May 15 05:06:32 UTC 2019
auto.tcl: Setting watchdog for 200 seconds at Wed May 15 05:06:32 UTC 2019
3 ms. Memory: 327168K Free: 299220K (91%)
ptolemy.util.test.WatchDog.cancel(): canceling Wed May 15 05:06:32 UTC 2019
------------------ testing $PTII/ptolemy/domains/de/test/auto/multirate.xml
auto.tcl: Setting watchdog for 200 seconds at Wed May 15 05:06:32 UTC 2019
5 ms. Memory: 326144K Free: 309028K (95%)
ptolemy.util.test.WatchDog.cancel(): canceling Wed May 15 05:06:32 UTC 2019
auto.tcl: Setting watchdog for 200 seconds at Wed May 15 05:06:32 UTC 2019
2 ms. Memory: 326144K Free: 309028K (95%)
ptolemy.util.test.WatchDog.cancel(): canceling Wed May 15 05:06:32 UTC 2019
------------------ testing $PTII/ptolemy/domains/de/test/auto/multirate2.xml
auto.tcl: Setting watchdog for 200 seconds at Wed May 15 05:06:32 UTC 2019
4 ms. Memory: 327168K Free: 310247K (95%)
ptolemy.util.test.WatchDog.cancel(): canceling Wed May 15 05:06:32 UTC 2019
auto.tcl: Setting watchdog for 200 seconds at Wed May 15 05:06:32 UTC 2019
3 ms. Memory: 327168K Free: 310247K (95%)
ptolemy.util.test.WatchDog.cancel(): canceling Wed May 15 05:06:32 UTC 2019
------------------ testing $PTII/ptolemy/domains/de/test/auto/realtime.xml
auto.tcl: Setting watchdog for 200 seconds at Wed May 15 05:06:32 UTC 2019
10005 ms. Memory: 326144K Free: 309216K (95%)
ptolemy.util.test.WatchDog.cancel(): canceling Wed May 15 05:06:42 UTC 2019
auto.tcl: Setting watchdog for 200 seconds at Wed May 15 05:06:42 UTC 2019
10002 ms. Memory: 326144K Free: 309216K (95%)
ptolemy.util.test.WatchDog.cancel(): canceling Wed May 15 05:06:52 UTC 2019
------------------ testing $PTII/ptolemy/domains/de/test/auto/relationGroup.xml
auto.tcl: Setting watchdog for 200 seconds at Wed May 15 05:06:52 UTC 2019
1 ms. Memory: 327168K Free: 313920K (96%)
ptolemy.util.test.WatchDog.cancel(): canceling Wed May 15 05:06:52 UTC 2019
auto.tcl: Setting watchdog for 200 seconds at Wed May 15 05:06:52 UTC 2019
1 ms. Memory: 327168K Free: 313920K (96%)
ptolemy.util.test.WatchDog.cancel(): canceling Wed May 15 05:06:52 UTC 2019
------------------ testing $PTII/ptolemy/domains/de/test/auto/relationGroup2.xml
auto.tcl: Setting watchdog for 200 seconds at Wed May 15 05:06:52 UTC 2019
1 ms. Memory: 326144K Free: 312922K (96%)
ptolemy.util.test.WatchDog.cancel(): canceling Wed May 15 05:06:52 UTC 2019
auto.tcl: Setting watchdog for 200 seconds at Wed May 15 05:06:52 UTC 2019
1 ms. Memory: 326144K Free: 312922K (96%)
ptolemy.util.test.WatchDog.cancel(): canceling Wed May 15 05:06:52 UTC 2019
------------------ testing $PTII/ptolemy/domains/de/test/auto/sortWithOpaquePorts.xml
auto.tcl: Setting watchdog for 200 seconds at Wed May 15 05:06:52 UTC 2019
1 ms. Memory: 326656K Free: 313436K (96%)
ptolemy.util.test.WatchDog.cancel(): canceling Wed May 15 05:06:52 UTC 2019
auto.tcl: Setting watchdog for 200 seconds at Wed May 15 05:06:52 UTC 2019
2 ms. Memory: 326656K Free: 309779K (95%)
ptolemy.util.test.WatchDog.cancel(): canceling Wed May 15 05:06:52 UTC 2019
------------------ testing $PTII/ptolemy/domains/de/test/auto/transferInputsandOutputs.xml
auto.tcl: Setting watchdog for 200 seconds at Wed May 15 05:06:52 UTC 2019
3 ms. Memory: 326144K Free: 309252K (95%)
ptolemy.util.test.WatchDog.cancel(): canceling Wed May 15 05:06:52 UTC 2019
auto.tcl: Setting watchdog for 200 seconds at Wed May 15 05:06:52 UTC 2019
3 ms. Memory: 326144K Free: 309252K (95%)
ptolemy.util.test.WatchDog.cancel(): canceling Wed May 15 05:06:52 UTC 2019
------------------ testing $PTII/ptolemy/domains/de/test/auto/triggerType.xml
auto.tcl: Setting watchdog for 200 seconds at Wed May 15 05:06:52 UTC 2019
2 ms. Memory: 326656K Free: 313370K (96%)
ptolemy.util.test.WatchDog.cancel(): canceling Wed May 15 05:06:52 UTC 2019
auto.tcl: Setting watchdog for 200 seconds at Wed May 15 05:06:52 UTC 2019
1 ms. Memory: 326656K Free: 309713K (95%)
ptolemy.util.test.WatchDog.cancel(): canceling Wed May 15 05:06:52 UTC 2019
05/15/19 05:06:52
Failed: 0  Total Tests: 192  ((Passed: 187, Newly Passed: 1)  Known Failed: 5) /home/travis/build/icyphy/ptII/ptolemy/domains/de/test
05/15/19 05:06:52
Failed: 0  Total Tests: 192  ((Passed: 187, Newly Passed: 1)  Known Failed: 5) /home/travis/build/icyphy/ptII/ptolemy/domains/de/test
----------------- testing (KnownFailure) /home/travis/build/icyphy/ptII/ptolemy/domains/de/test/auto/knownFailedTests/DESDFClockTest.xml
2009 ms. Memory: 326144K Free: 303108K (93%)
Known Failure: java.lang.reflect.InvocationTargetException
----------------- testing (KnownFailure) /home/travis/build/icyphy/ptII/ptolemy/domains/de/test/auto/knownFailedTests/DirectFeedback.xml
1 ms. Memory: 326144K Free: 283529K (87%)
Known Failure: java.lang.reflect.InvocationTargetException
----------------- testing (KnownFailure) /home/travis/build/icyphy/ptII/ptolemy/domains/de/test/auto/knownFailedTests/FSMSource.xml
15 ms. Memory: 326144K Free: 259039K (79%)
----------------- testing (KnownFailure) /home/travis/build/icyphy/ptII/ptolemy/domains/de/test/auto/knownFailedTests/HierarchicalModel.xml
3 ms. Memory: 326144K Free: 234541K (72%)
Known Failure: java.lang.reflect.InvocationTargetException
----------------- testing (KnownFailure) /home/travis/build/icyphy/ptII/ptolemy/domains/de/test/auto/knownFailedTests/dependencyLoop.xml
2 ms. Memory: 326144K Free: 205165K (63%)
Known Failure: java.lang.reflect.InvocationTargetException
----------------- testing (KnownFailure) /home/travis/build/icyphy/ptII/ptolemy/domains/de/test/auto/knownFailedTests/dependencyLoop2.xml
3 ms. Memory: 326144K Free: 175780K (54%)
Known Failure: java.lang.reflect.InvocationTargetException
No auto/linux-amd64/*.xml tests in /home/travis/build/icyphy/ptII/ptolemy/domains/de/test
AutoTests.java: About to close Vertx.
AutoTests.java: Vertx closed.

===========================================================================================
----------------- testing Wed May 15 05:06:54 UTC 2019 /home/travis/build/icyphy/ptII/ptolemy/domains/de/test/auto/ActorDepthCalculation_actorWithoutPorts.xml
----------------- Instantiating /home/travis/build/icyphy/ptII/ptolemy/domains/de/test/auto/ActorDepthCalculation_actorWithoutPorts.xml
2 ms. Memory: 326144K Free: 151306K (46%)
----------------- Invoking toplevel() on ptolemy.moml.MoMLSimpleApplication@2ab12d59
----------------- Done invoking toplevel() on ptolemy.moml.MoMLSimpleApplication@2ab12d59
reloadAllAccessors: .ActorDepthCalculation_actorWithoutPorts

===========================================================================================
----------------- testing Wed May 15 05:06:54 UTC 2019 /home/travis/build/icyphy/ptII/ptolemy/domains/de/test/auto/AssemblyLine.xml
----------------- Instantiating /home/travis/build/icyphy/ptII/ptolemy/domains/de/test/auto/AssemblyLine.xml
1 ms. Memory: 326144K Free: 136606K (42%)
----------------- Invoking toplevel() on ptolemy.moml.MoMLSimpleApplication@5922a0f6
----------------- Done invoking toplevel() on ptolemy.moml.MoMLSimpleApplication@5922a0f6
reloadAllAccessors: .AssemblyLine

===========================================================================================
----------------- testing Wed May 15 05:06:54 UTC 2019 /home/travis/build/icyphy/ptII/ptolemy/domains/de/test/auto/CQBug1.xml
----------------- Instantiating /home/travis/build/icyphy/ptII/ptolemy/domains/de/test/auto/CQBug1.xml
1 ms. Memory: 326144K Free: 126817K (39%)
----------------- Invoking toplevel() on ptolemy.moml.MoMLSimpleApplication@4a175b61
----------------- Done invoking toplevel() on ptolemy.moml.MoMLSimpleApplication@4a175b61
reloadAllAccessors: .CQBug1

===========================================================================================
----------------- testing Wed May 15 05:06:54 UTC 2019 /home/travis/build/icyphy/ptII/ptolemy/domains/de/test/auto/CancelFireAt.xml
----------------- Instantiating /home/travis/build/icyphy/ptII/ptolemy/domains/de/test/auto/CancelFireAt.xml
1 ms. Memory: 326144K Free: 117027K (36%)
----------------- Invoking toplevel() on ptolemy.moml.MoMLSimpleApplication@613b7af7
----------------- Done invoking toplevel() on ptolemy.moml.MoMLSimpleApplication@613b7af7
reloadAllAccessors: .CancelFireAt

===========================================================================================
----------------- testing Wed May 15 05:06:55 UTC 2019 /home/travis/build/icyphy/ptII/ptolemy/domains/de/test/auto/CausalityAndComposabilityAnalysis.xml
----------------- Instantiating /home/travis/build/icyphy/ptII/ptolemy/domains/de/test/auto/CausalityAndComposabilityAnalysis.xml
2 ms. Memory: 326144K Free: 107238K (33%)
----------------- Invoking toplevel() on ptolemy.moml.MoMLSimpleApplication@16bc04f4
----------------- Done invoking toplevel() on ptolemy.moml.MoMLSimpleApplication@16bc04f4
reloadAllAccessors: .CausalityAndComposabilityAnalysis

===========================================================================================
----------------- testing Wed May 15 05:06:55 UTC 2019 /home/travis/build/icyphy/ptII/ptolemy/domains/de/test/auto/CausalityInterface1.xml
----------------- Instantiating /home/travis/build/icyphy/ptII/ptolemy/domains/de/test/auto/CausalityInterface1.xml
4 ms. Memory: 326144K Free: 97448K (30%)
----------------- Invoking toplevel() on ptolemy.moml.MoMLSimpleApplication@11150b12
----------------- Done invoking toplevel() on ptolemy.moml.MoMLSimpleApplication@11150b12
reloadAllAccessors: .CausalityInterface1

===========================================================================================
----------------- testing Wed May 15 05:06:55 UTC 2019 /home/travis/build/icyphy/ptII/ptolemy/domains/de/test/auto/CausalityInterface15.xml
----------------- Instantiating /home/travis/build/icyphy/ptII/ptolemy/domains/de/test/auto/CausalityInterface15.xml
2 ms. Memory: 326144K Free: 84018K (26%)
----------------- Invoking toplevel() on ptolemy.moml.MoMLSimpleApplication@2ebb5751
----------------- Done invoking toplevel() on ptolemy.moml.MoMLSimpleApplication@2ebb5751
reloadAllAccessors: .CausalityInterface15

[...]
java.lang.RuntimeException: Execution failed
	at ptolemy.moml.MoMLSimpleApplication$UnloadThread.run(MoMLSimpleApplication.java:402)
Caused by: ptolemy.kernel.util.IllegalActionException: Test fails in iteration 1.
Value was: 1.0. Should have been: 2.0
  in .DirectFeedback.Test
	at ptolemy.actor.lib.Test.fire(Test.java:268)
	at ptolemy.domains.de.kernel.DEDirector._fire(DEDirector.java:1949)
	at ptolemy.domains.de.kernel.DEDirector.fire(DEDirector.java:502)
	at ptolemy.actor.CompositeActor.fire(CompositeActor.java:455)
	at ptolemy.actor.Manager.iterate(Manager.java:851)
	at ptolemy.actor.Manager.execute(Manager.java:369)
	at ptolemy.actor.Manager.run(Manager.java:1263)
	at ptolemy.actor.Manager$PtolemyRunThread.run(Manager.java:1915)
java.lang.RuntimeException: Execution failed
	at ptolemy.moml.MoMLSimpleApplication$UnloadThread.run(MoMLSimpleApplication.java:402)
Caused by: ptolemy.kernel.util.IllegalActionException: Actor is not ready to fire.  Perhaps UpSample.prefire() returned false? Try debugging the actor by selecting "Listen to Actor".  Also, for SDF check moml for tokenConsumptionRate on input.
  in .DESDFClockTest.Play Bell.Copy1:SDF Director and .DESDFClockTest.Play Bell.UpSample
	at ptolemy.actor.sched.StaticSchedulingDirector.fire(StaticSchedulingDirector.java:227)
	at ptolemy.domains.sdf.kernel.SDFDirector.fire(SDFDirector.java:500)
	at ptolemy.actor.CompositeActor.fire(CompositeActor.java:455)
	at ptolemy.domains.de.kernel.DEDirector._fire(DEDirector.java:1949)
	at ptolemy.domains.de.kernel.DEDirector.fire(DEDirector.java:502)
	at ptolemy.actor.CompositeActor.fire(CompositeActor.java:455)
	at ptolemy.actor.Manager.iterate(Manager.java:851)
	at ptolemy.actor.Manager.execute(Manager.java:369)
	at ptolemy.actor.Manager.run(Manager.java:1263)
	at ptolemy.actor.Manager$PtolemyRunThread.run(Manager.java:1915)
java.lang.reflect.InvocationTargetException
	at sun.reflect.NativeConstructorAccessorImpl.newInstance0(Native Method)
	at sun.reflect.NativeConstructorAccessorImpl.newInstance(NativeConstructorAccessorImpl.java:62)
	at sun.reflect.DelegatingConstructorAccessorImpl.newInstance(DelegatingConstructorAccessorImpl.java:45)
	at java.lang.reflect.Constructor.newInstance(Constructor.java:423)
	at ptolemy.util.test.junit.AutoKnownFailedTests.RunModel(AutoKnownFailedTests.java:105)
	at sun.reflect.NativeMethodAccessorImpl.invoke0(Native Method)
	at sun.reflect.NativeMethodAccessorImpl.invoke(NativeMethodAccessorImpl.java:62)
	at sun.reflect.DelegatingMethodAccessorImpl.invoke(DelegatingMethodAccessorImpl.java:43)
	at java.lang.reflect.Method.invoke(Method.java:498)
	at org.junit.runners.model.FrameworkMethod$1.runReflectiveCall(FrameworkMethod.java:44)
	at org.junit.internal.runners.model.ReflectiveCallable.run(ReflectiveCallable.java:15)
	at org.junit.runners.model.FrameworkMethod.invokeExplosively(FrameworkMethod.java:41)
	at junitparams.internal.InvokeParameterisedMethod.evaluate(InvokeParameterisedMethod.java:102)
	at org.junit.internal.runners.statements.FailOnTimeout$1.run(FailOnTimeout.java:28)
Caused by: ptolemy.kernel.util.IllegalActionException: Actor is not ready to fire.  Perhaps UpSample.prefire() returned false? Try debugging the actor by selecting "Listen to Actor".  Also, for SDF check moml for tokenConsumptionRate on input.
  in .DESDFClockTest.Play Bell.Copy1:SDF Director and .DESDFClockTest.Play Bell.UpSample
	at ptolemy.actor.sched.StaticSchedulingDirector.fire(StaticSchedulingDirector.java:227)
	at ptolemy.domains.sdf.kernel.SDFDirector.fire(SDFDirector.java:500)
	at ptolemy.actor.CompositeActor.fire(CompositeActor.java:455)
	at ptolemy.domains.de.kernel.DEDirector._fire(DEDirector.java:1949)
	at ptolemy.domains.de.kernel.DEDirector.fire(DEDirector.java:502)
	at ptolemy.actor.CompositeActor.fire(CompositeActor.java:455)
	at ptolemy.actor.Manager.iterate(Manager.java:851)
	at ptolemy.actor.Manager.execute(Manager.java:369)
	at ptolemy.actor.Manager.run(Manager.java:1263)
	at ptolemy.actor.Manager$PtolemyRunThread.run(Manager.java:1915)
java.lang.RuntimeException: Execution failed
	at ptolemy.moml.MoMLSimpleApplication$UnloadThread.run(MoMLSimpleApplication.java:402)
Caused by: ptolemy.kernel.util.IllegalActionException: Test fails in iteration 1.
Value was: 1.0. Should have been: 2.0
  in .DirectFeedback.Test
	at ptolemy.actor.lib.Test.fire(Test.java:268)
	at ptolemy.domains.de.kernel.DEDirector._fire(DEDirector.java:1949)
	at ptolemy.domains.de.kernel.DEDirector.fire(DEDirector.java:502)
	at ptolemy.actor.CompositeActor.fire(CompositeActor.java:455)
	at ptolemy.actor.Manager.iterate(Manager.java:851)
	at ptolemy.actor.Manager.execute(Manager.java:369)
	at ptolemy.actor.Manager.run(Manager.java:1263)
	at ptolemy.actor.Manager$PtolemyRunThread.run(Manager.java:1915)
java.lang.reflect.InvocationTargetException
	at sun.reflect.NativeConstructorAccessorImpl.newInstance0(Native Method)
	at sun.reflect.NativeConstructorAccessorImpl.newInstance(NativeConstructorAccessorImpl.java:62)
	at sun.reflect.DelegatingConstructorAccessorImpl.newInstance(DelegatingConstructorAccessorImpl.java:45)
	at java.lang.reflect.Constructor.newInstance(Constructor.java:423)
	at ptolemy.util.test.junit.AutoKnownFailedTests.RunModel(AutoKnownFailedTests.java:105)
	at sun.reflect.NativeMethodAccessorImpl.invoke0(Native Method)
	at sun.reflect.NativeMethodAccessorImpl.invoke(NativeMethodAccessorImpl.java:62)
	at sun.reflect.DelegatingMethodAccessorImpl.invoke(DelegatingMethodAccessorImpl.java:43)
	at java.lang.reflect.Method.invoke(Method.java:498)
	at org.junit.runners.model.FrameworkMethod$1.runReflectiveCall(FrameworkMethod.java:44)
	at org.junit.internal.runners.model.ReflectiveCallable.run(ReflectiveCallable.java:15)
	at org.junit.runners.model.FrameworkMethod.invokeExplosively(FrameworkMethod.java:41)
	at junitparams.internal.InvokeParameterisedMethod.evaluate(InvokeParameterisedMethod.java:102)
	at org.junit.internal.runners.statements.FailOnTimeout$1.run(FailOnTimeout.java:28)
Caused by: ptolemy.kernel.util.IllegalActionException: Test fails in iteration 1.
Value was: 1.0. Should have been: 2.0
  in .DirectFeedback.Test
	at ptolemy.actor.lib.Test.fire(Test.java:268)
	at ptolemy.domains.de.kernel.DEDirector._fire(DEDirector.java:1949)
	at ptolemy.domains.de.kernel.DEDirector.fire(DEDirector.java:502)
	at ptolemy.actor.CompositeActor.fire(CompositeActor.java:455)
	at ptolemy.actor.Manager.iterate(Manager.java:851)
	at ptolemy.actor.Manager.execute(Manager.java:369)
	at ptolemy.actor.Manager.run(Manager.java:1263)
	at ptolemy.actor.Manager$PtolemyRunThread.run(Manager.java:1915)
java.lang.RuntimeException: Execution failed
	at ptolemy.moml.MoMLSimpleApplication$UnloadThread.run(MoMLSimpleApplication.java:402)
Caused by: ptolemy.kernel.util.IllegalActionException: Found a zero delay loop containing .HierarchicalModel.A
  in .HierarchicalModel and .HierarchicalModel.A
	at ptolemy.actor.util.CausalityInterfaceForComposites._computeOutputPortDepth(CausalityInterfaceForComposites.java:759)
	at ptolemy.actor.util.CausalityInterfaceForComposites._computeInputDepth(CausalityInterfaceForComposites.java:696)
	at ptolemy.actor.util.CausalityInterfaceForComposites._computeOutputPortDepth(CausalityInterfaceForComposites.java:765)
	at ptolemy.actor.util.CausalityInterfaceForComposites._computeInputDepth(CausalityInterfaceForComposites.java:696)
	at ptolemy.actor.util.CausalityInterfaceForComposites._computeOutputPortDepth(CausalityInterfaceForComposites.java:765)
	at ptolemy.actor.util.CausalityInterfaceForComposites._computeInputDepth(CausalityInterfaceForComposites.java:696)
	at ptolemy.actor.util.CausalityInterfaceForComposites._computeActorDepth(CausalityInterfaceForComposites.java:532)
	at ptolemy.actor.util.CausalityInterfaceForComposites.checkForCycles(CausalityInterfaceForComposites.java:96)
	at ptolemy.domains.de.kernel.DEDirector.preinitialize(DEDirector.java:1338)
	at ptolemy.actor.CompositeActor.preinitialize(CompositeActor.java:1828)
	at ptolemy.actor.Manager.preinitializeAndResolveTypes(Manager.java:1040)
	at ptolemy.actor.Manager.initialize(Manager.java:710)
	at ptolemy.actor.Manager.execute(Manager.java:356)
	at ptolemy.actor.Manager.run(Manager.java:1263)
	at ptolemy.actor.Manager$PtolemyRunThread.run(Manager.java:1915)
java.lang.reflect.InvocationTargetException
	at sun.reflect.NativeConstructorAccessorImpl.newInstance0(Native Method)
	at sun.reflect.NativeConstructorAccessorImpl.newInstance(NativeConstructorAccessorImpl.java:62)
	at sun.reflect.DelegatingConstructorAccessorImpl.newInstance(DelegatingConstructorAccessorImpl.java:45)
	at java.lang.reflect.Constructor.newInstance(Constructor.java:423)
	at ptolemy.util.test.junit.AutoKnownFailedTests.RunModel(AutoKnownFailedTests.java:105)
	at sun.reflect.NativeMethodAccessorImpl.invoke0(Native Method)
	at sun.reflect.NativeMethodAccessorImpl.invoke(NativeMethodAccessorImpl.java:62)
	at sun.reflect.DelegatingMethodAccessorImpl.invoke(DelegatingMethodAccessorImpl.java:43)
	at java.lang.reflect.Method.invoke(Method.java:498)
	at org.junit.runners.model.FrameworkMethod$1.runReflectiveCall(FrameworkMethod.java:44)
	at org.junit.internal.runners.model.ReflectiveCallable.run(ReflectiveCallable.java:15)
	at org.junit.runners.model.FrameworkMethod.invokeExplosively(FrameworkMethod.java:41)
	at junitparams.internal.InvokeParameterisedMethod.evaluate(InvokeParameterisedMethod.java:102)
	at org.junit.internal.runners.statements.FailOnTimeout$1.run(FailOnTimeout.java:28)
Caused by: ptolemy.kernel.util.IllegalActionException: Found a zero delay loop containing .HierarchicalModel.A
  in .HierarchicalModel and .HierarchicalModel.A
	at ptolemy.actor.util.CausalityInterfaceForComposites._computeOutputPortDepth(CausalityInterfaceForComposites.java:759)
	at ptolemy.actor.util.CausalityInterfaceForComposites._computeInputDepth(CausalityInterfaceForComposites.java:696)
	at ptolemy.actor.util.CausalityInterfaceForComposites._computeOutputPortDepth(CausalityInterfaceForComposites.java:765)
	at ptolemy.actor.util.CausalityInterfaceForComposites._computeInputDepth(CausalityInterfaceForComposites.java:696)
	at ptolemy.actor.util.CausalityInterfaceForComposites._computeOutputPortDepth(CausalityInterfaceForComposites.java:765)
	at ptolemy.actor.util.CausalityInterfaceForComposites._computeInputDepth(CausalityInterfaceForComposites.java:696)
	at ptolemy.actor.util.CausalityInterfaceForComposites._computeActorDepth(CausalityInterfaceForComposites.java:532)
	at ptolemy.actor.util.CausalityInterfaceForComposites.checkForCycles(CausalityInterfaceForComposites.java:96)
	at ptolemy.domains.de.kernel.DEDirector.preinitialize(DEDirector.java:1338)
	at ptolemy.actor.CompositeActor.preinitialize(CompositeActor.java:1828)
	at ptolemy.actor.Manager.preinitializeAndResolveTypes(Manager.java:1040)
	at ptolemy.actor.Manager.initialize(Manager.java:710)
	at ptolemy.actor.Manager.execute(Manager.java:356)
	at ptolemy.actor.Manager.run(Manager.java:1263)
	at ptolemy.actor.Manager$PtolemyRunThread.run(Manager.java:1915)
java.lang.RuntimeException: Execution failed
	at ptolemy.moml.MoMLSimpleApplication$UnloadThread.run(MoMLSimpleApplication.java:402)
Caused by: ptolemy.kernel.util.IllegalActionException: Found a zero delay loop containing .dependencyLoop.original
  in .dependencyLoop and .dependencyLoop.original
	at ptolemy.actor.util.CausalityInterfaceForComposites._computeOutputPortDepth(CausalityInterfaceForComposites.java:759)
	at ptolemy.actor.util.CausalityInterfaceForComposites._computeInputDepth(CausalityInterfaceForComposites.java:696)
	at ptolemy.actor.util.CausalityInterfaceForComposites._computeOutputPortDepth(CausalityInterfaceForComposites.java:765)
	at ptolemy.actor.util.CausalityInterfaceForComposites._computeInputDepth(CausalityInterfaceForComposites.java:696)
	at ptolemy.actor.util.CausalityInterfaceForComposites._computeOutputPortDepth(CausalityInterfaceForComposites.java:765)
	at ptolemy.actor.util.CausalityInterfaceForComposites._computeInputDepth(CausalityInterfaceForComposites.java:696)
	at ptolemy.actor.util.CausalityInterfaceForComposites._computeActorDepth(CausalityInterfaceForComposites.java:532)
	at ptolemy.actor.util.CausalityInterfaceForComposites.checkForCycles(CausalityInterfaceForComposites.java:96)
	at ptolemy.domains.de.kernel.DEDirector.preinitialize(DEDirector.java:1338)
	at ptolemy.actor.CompositeActor.preinitialize(CompositeActor.java:1828)
	at ptolemy.actor.Manager.preinitializeAndResolveTypes(Manager.java:1040)
	at ptolemy.actor.Manager.initialize(Manager.java:710)
	at ptolemy.actor.Manager.execute(Manager.java:356)
	at ptolemy.actor.Manager.run(Manager.java:1263)
	at ptolemy.actor.Manager$PtolemyRunThread.run(Manager.java:1915)
java.lang.reflect.InvocationTargetException
	at sun.reflect.NativeConstructorAccessorImpl.newInstance0(Native Method)
	at sun.reflect.NativeConstructorAccessorImpl.newInstance(NativeConstructorAccessorImpl.java:62)
	at sun.reflect.DelegatingConstructorAccessorImpl.newInstance(DelegatingConstructorAccessorImpl.java:45)
	at java.lang.reflect.Constructor.newInstance(Constructor.java:423)
	at ptolemy.util.test.junit.AutoKnownFailedTests.RunModel(AutoKnownFailedTests.java:105)
	at sun.reflect.NativeMethodAccessorImpl.invoke0(Native Method)
	at sun.reflect.NativeMethodAccessorImpl.invoke(NativeMethodAccessorImpl.java:62)
	at sun.reflect.DelegatingMethodAccessorImpl.invoke(DelegatingMethodAccessorImpl.java:43)
	at java.lang.reflect.Method.invoke(Method.java:498)
	at org.junit.runners.model.FrameworkMethod$1.runReflectiveCall(FrameworkMethod.java:44)
	at org.junit.internal.runners.model.ReflectiveCallable.run(ReflectiveCallable.java:15)
	at org.junit.runners.model.FrameworkMethod.invokeExplosively(FrameworkMethod.java:41)
	at junitparams.internal.InvokeParameterisedMethod.evaluate(InvokeParameterisedMethod.java:102)
	at org.junit.internal.runners.statements.FailOnTimeout$1.run(FailOnTimeout.java:28)
Caused by: ptolemy.kernel.util.IllegalActionException: Found a zero delay loop containing .dependencyLoop.original
  in .dependencyLoop and .dependencyLoop.original
	at ptolemy.actor.util.CausalityInterfaceForComposites._computeOutputPortDepth(CausalityInterfaceForComposites.java:759)
	at ptolemy.actor.util.CausalityInterfaceForComposites._computeInputDepth(CausalityInterfaceForComposites.java:696)
	at ptolemy.actor.util.CausalityInterfaceForComposites._computeOutputPortDepth(CausalityInterfaceForComposites.java:765)
	at ptolemy.actor.util.CausalityInterfaceForComposites._computeInputDepth(CausalityInterfaceForComposites.java:696)
	at ptolemy.actor.util.CausalityInterfaceForComposites._computeOutputPortDepth(CausalityInterfaceForComposites.java:765)
	at ptolemy.actor.util.CausalityInterfaceForComposites._computeInputDepth(CausalityInterfaceForComposites.java:696)
	at ptolemy.actor.util.CausalityInterfaceForComposites._computeActorDepth(CausalityInterfaceForComposites.java:532)
	at ptolemy.actor.util.CausalityInterfaceForComposites.checkForCycles(CausalityInterfaceForComposites.java:96)
	at ptolemy.domains.de.kernel.DEDirector.preinitialize(DEDirector.java:1338)
	at ptolemy.actor.CompositeActor.preinitialize(CompositeActor.java:1828)
	at ptolemy.actor.Manager.preinitializeAndResolveTypes(Manager.java:1040)
	at ptolemy.actor.Manager.initialize(Manager.java:710)
	at ptolemy.actor.Manager.execute(Manager.java:356)
	at ptolemy.actor.Manager.run(Manager.java:1263)
	at ptolemy.actor.Manager$PtolemyRunThread.run(Manager.java:1915)
java.lang.RuntimeException: Execution failed
	at ptolemy.moml.MoMLSimpleApplication$UnloadThread.run(MoMLSimpleApplication.java:402)
Caused by: ptolemy.kernel.util.IllegalActionException: Found a zero delay loop containing .dependencyLoop2.original
  in .dependencyLoop2 and .dependencyLoop2.original
	at ptolemy.actor.util.CausalityInterfaceForComposites._computeOutputPortDepth(CausalityInterfaceForComposites.java:759)
	at ptolemy.actor.util.CausalityInterfaceForComposites._computeInputDepth(CausalityInterfaceForComposites.java:696)
	at ptolemy.actor.util.CausalityInterfaceForComposites._computeOutputPortDepth(CausalityInterfaceForComposites.java:765)
	at ptolemy.actor.util.CausalityInterfaceForComposites._computeInputDepth(CausalityInterfaceForComposites.java:696)
	at ptolemy.actor.util.CausalityInterfaceForComposites._computeOutputPortDepth(CausalityInterfaceForComposites.java:765)
	at ptolemy.actor.util.CausalityInterfaceForComposites._computeInputDepth(CausalityInterfaceForComposites.java:696)
	at ptolemy.actor.util.CausalityInterfaceForComposites._computeActorDepth(CausalityInterfaceForComposites.java:532)
	at ptolemy.actor.util.CausalityInterfaceForComposites.checkForCycles(CausalityInterfaceForComposites.java:96)
	at ptolemy.domains.de.kernel.DEDirector.preinitialize(DEDirector.java:1338)
	at ptolemy.actor.CompositeActor.preinitialize(CompositeActor.java:1828)
	at ptolemy.actor.Manager.preinitializeAndResolveTypes(Manager.java:1040)
	at ptolemy.actor.Manager.initialize(Manager.java:710)
	at ptolemy.actor.Manager.execute(Manager.java:356)
	at ptolemy.actor.Manager.run(Manager.java:1263)
	at ptolemy.actor.Manager$PtolemyRunThread.run(Manager.java:1915)
java.lang.reflect.InvocationTargetException
	at sun.reflect.NativeConstructorAccessorImpl.newInstance0(Native Method)
	at sun.reflect.NativeConstructorAccessorImpl.newInstance(NativeConstructorAccessorImpl.java:62)
	at sun.reflect.DelegatingConstructorAccessorImpl.newInstance(DelegatingConstructorAccessorImpl.java:45)
	at java.lang.reflect.Constructor.newInstance(Constructor.java:423)
	at ptolemy.util.test.junit.AutoKnownFailedTests.RunModel(AutoKnownFailedTests.java:105)
	at sun.reflect.NativeMethodAccessorImpl.invoke0(Native Method)
	at sun.reflect.NativeMethodAccessorImpl.invoke(NativeMethodAccessorImpl.java:62)
	at sun.reflect.DelegatingMethodAccessorImpl.invoke(DelegatingMethodAccessorImpl.java:43)
	at java.lang.reflect.Method.invoke(Method.java:498)
	at org.junit.runners.model.FrameworkMethod$1.runReflectiveCall(FrameworkMethod.java:44)
	at org.junit.internal.runners.model.ReflectiveCallable.run(ReflectiveCallable.java:15)
	at org.junit.runners.model.FrameworkMethod.invokeExplosively(FrameworkMethod.java:41)
	at junitparams.internal.InvokeParameterisedMethod.evaluate(InvokeParameterisedMethod.java:102)
	at org.junit.internal.runners.statements.FailOnTimeout$1.run(FailOnTimeout.java:28)
Caused by: ptolemy.kernel.util.IllegalActionException: Found a zero delay loop containing .dependencyLoop2.original
  in .dependencyLoop2 and .dependencyLoop2.original
	at ptolemy.actor.util.CausalityInterfaceForComposites._computeOutputPortDepth(CausalityInterfaceForComposites.java:759)
	at ptolemy.actor.util.CausalityInterfaceForComposites._computeInputDepth(CausalityInterfaceForComposites.java:696)
	at ptolemy.actor.util.CausalityInterfaceForComposites._computeOutputPortDepth(CausalityInterfaceForComposites.java:765)
	at ptolemy.actor.util.CausalityInterfaceForComposites._computeInputDepth(CausalityInterfaceForComposites.java:696)
	at ptolemy.actor.util.CausalityInterfaceForComposites._computeOutputPortDepth(CausalityInterfaceForComposites.java:765)
	at ptolemy.actor.util.CausalityInterfaceForComposites._computeInputDepth(CausalityInterfaceForComposites.java:696)
	at ptolemy.actor.util.CausalityInterfaceForComposites._computeActorDepth(CausalityInterfaceForComposites.java:532)
	at ptolemy.actor.util.CausalityInterfaceForComposites.checkForCycles(CausalityInterfaceForComposites.java:96)
	at ptolemy.domains.de.kernel.DEDirector.preinitialize(DEDirector.java:1338)
	at ptolemy.actor.CompositeActor.preinitialize(CompositeActor.java:1828)
	at ptolemy.actor.Manager.preinitializeAndResolveTypes(Manager.java:1040)
	at ptolemy.actor.Manager.initialize(Manager.java:710)
	at ptolemy.actor.Manager.execute(Manager.java:356)
	at ptolemy.actor.Manager.run(Manager.java:1263)
	at ptolemy.actor.Manager$PtolemyRunThread.run(Manager.java:1915)
]]></system-err>
</testsuite>
