<?xml version="1.0" encoding="UTF-8" ?>
<testsuite errors="0" failures="0" hostname="travis-job-3b296f6d-e112-437a-826a-92ffb611a13a" name="ptolemy.domains.modal.test.junit.JUnitTclTest" skipped="0" tests="148" time="9.59" timestamp="2020-03-07T22:02:09">
  <properties>
[...]
</properties>
  <testcase classname="ptolemy.util.test.junit.TclTests" name="[0] /home/travis/build/icyphy/ptII/ptolemy/domains/modal/test/SystemLevelType.tcl (RunTclFile)" time="1.863" />
  <testcase classname="ptolemy.util.test.junit.AutoKnownFailedTests" name="[0] /home/travis/build/icyphy/ptII/ptolemy/domains/modal/test/auto/knownFailedTests/CannotAnalysisWithPreemption.xml (RunModel)" time="0.257" />
  <testcase classname="ptolemy.util.test.junit.AutoNameArchTests" name="[0] ThereAreNoAutoArchTests (RunModel)" time="0.001" />
  <testcase classname="ptolemy.util.test.junit.AutoTests" name="[0] /home/travis/build/icyphy/ptII/ptolemy/domains/modal/test/auto/ABPTest.xml (RunModel)" time="0.691" />
  <testcase classname="ptolemy.util.test.junit.AutoTests" name="[1] /home/travis/build/icyphy/ptII/ptolemy/domains/modal/test/auto/ABROFlat.xml (RunModel)" time="0.069" />
  <testcase classname="ptolemy.util.test.junit.AutoTests" name="[2] /home/travis/build/icyphy/ptII/ptolemy/domains/modal/test/auto/ABROFlat2.xml (RunModel)" time="0.076" />
  <testcase classname="ptolemy.util.test.junit.AutoTests" name="[3] /home/travis/build/icyphy/ptII/ptolemy/domains/modal/test/auto/ABRO_present_hmm.xml (RunModel)" time="0.162" />
  <testcase classname="ptolemy.util.test.junit.AutoTests" name="[4] /home/travis/build/icyphy/ptII/ptolemy/domains/modal/test/auto/AMICoderExample.xml (RunModel)" time="0.081" />
  <testcase classname="ptolemy.util.test.junit.AutoTests" name="[5] /home/travis/build/icyphy/ptII/ptolemy/domains/modal/test/auto/AbsentToPresent.xml (RunModel)" time="0.029" />
  <testcase classname="ptolemy.util.test.junit.AutoTests" name="[6] /home/travis/build/icyphy/ptII/ptolemy/domains/modal/test/auto/Blending.xml (RunModel)" time="0.295" />
  <testcase classname="ptolemy.util.test.junit.AutoTests" name="[7] /home/travis/build/icyphy/ptII/ptolemy/domains/modal/test/auto/Broadcast.xml (RunModel)" time="0.041" />
  <testcase classname="ptolemy.util.test.junit.AutoTests" name="[8] /home/travis/build/icyphy/ptII/ptolemy/domains/modal/test/auto/BroadcastHierarchy.xml (RunModel)" time="0.061" />
  <testcase classname="ptolemy.util.test.junit.AutoTests" name="[9] /home/travis/build/icyphy/ptII/ptolemy/domains/modal/test/auto/BroadcastHierarchy2.xml (RunModel)" time="0.107" />
  <testcase classname="ptolemy.util.test.junit.AutoTests" name="[10] /home/travis/build/icyphy/ptII/ptolemy/domains/modal/test/auto/BroadcastHierarchy3.xml (RunModel)" time="0.088" />
  <testcase classname="ptolemy.util.test.junit.AutoTests" name="[11] /home/travis/build/icyphy/ptII/ptolemy/domains/modal/test/auto/BroadcastHierarchy4.xml (RunModel)" time="0.08" />
  <testcase classname="ptolemy.util.test.junit.AutoTests" name="[12] /home/travis/build/icyphy/ptII/ptolemy/domains/modal/test/auto/CannotAnalysisWithPreemption2.xml (RunModel)" time="0.029" />
  <testcase classname="ptolemy.util.test.junit.AutoTests" name="[13] /home/travis/build/icyphy/ptII/ptolemy/domains/modal/test/auto/CannotAnalysisWithPreemption3.xml (RunModel)" time="0.032" />
  <testcase classname="ptolemy.util.test.junit.AutoTests" name="[14] /home/travis/build/icyphy/ptII/ptolemy/domains/modal/test/auto/CannotProduce.xml (RunModel)" time="0.036" />
  <testcase classname="ptolemy.util.test.junit.AutoTests" name="[15] /home/travis/build/icyphy/ptII/ptolemy/domains/modal/test/auto/CannotProduceModal.xml (RunModel)" time="0.027" />
  <testcase classname="ptolemy.util.test.junit.AutoTests" name="[16] /home/travis/build/icyphy/ptII/ptolemy/domains/modal/test/auto/Case.xml (RunModel)" time="0.07" />
  <testcase classname="ptolemy.util.test.junit.AutoTests" name="[17] /home/travis/build/icyphy/ptII/ptolemy/domains/modal/test/auto/Case1.xml (RunModel)" time="0.028" />
  <testcase classname="ptolemy.util.test.junit.AutoTests" name="[18] /home/travis/build/icyphy/ptII/ptolemy/domains/modal/test/auto/Case2.xml (RunModel)" time="0.058" />
  <testcase classname="ptolemy.util.test.junit.AutoTests" name="[19] /home/travis/build/icyphy/ptII/ptolemy/domains/modal/test/auto/CausalityInterface1.xml (RunModel)" time="0.037" />
  <testcase classname="ptolemy.util.test.junit.AutoTests" name="[20] /home/travis/build/icyphy/ptII/ptolemy/domains/modal/test/auto/CausalityInterface10.xml (RunModel)" time="0.052" />
  <testcase classname="ptolemy.util.test.junit.AutoTests" name="[21] /home/travis/build/icyphy/ptII/ptolemy/domains/modal/test/auto/CausalityInterface11.xml (RunModel)" time="0.048" />
  <testcase classname="ptolemy.util.test.junit.AutoTests" name="[22] /home/travis/build/icyphy/ptII/ptolemy/domains/modal/test/auto/CausalityInterface12.xml (RunModel)" time="0.046" />
  <testcase classname="ptolemy.util.test.junit.AutoTests" name="[23] /home/travis/build/icyphy/ptII/ptolemy/domains/modal/test/auto/CausalityInterface13.xml (RunModel)" time="0.049" />
  <testcase classname="ptolemy.util.test.junit.AutoTests" name="[24] /home/travis/build/icyphy/ptII/ptolemy/domains/modal/test/auto/CausalityInterface14.xml (RunModel)" time="0.038" />
  <testcase classname="ptolemy.util.test.junit.AutoTests" name="[25] /home/travis/build/icyphy/ptII/ptolemy/domains/modal/test/auto/CausalityInterface2.xml (RunModel)" time="0.019" />
  <testcase classname="ptolemy.util.test.junit.AutoTests" name="[26] /home/travis/build/icyphy/ptII/ptolemy/domains/modal/test/auto/CausalityInterface3.xml (RunModel)" time="0.023" />
  <testcase classname="ptolemy.util.test.junit.AutoTests" name="[27] /home/travis/build/icyphy/ptII/ptolemy/domains/modal/test/auto/CausalityInterface4.xml (RunModel)" time="0.022" />
  <testcase classname="ptolemy.util.test.junit.AutoTests" name="[28] /home/travis/build/icyphy/ptII/ptolemy/domains/modal/test/auto/CausalityInterface5.xml (RunModel)" time="0.03" />
  <testcase classname="ptolemy.util.test.junit.AutoTests" name="[29] /home/travis/build/icyphy/ptII/ptolemy/domains/modal/test/auto/CausalityInterface6.xml (RunModel)" time="0.042" />
  <testcase classname="ptolemy.util.test.junit.AutoTests" name="[30] /home/travis/build/icyphy/ptII/ptolemy/domains/modal/test/auto/CausalityInterface7.xml (RunModel)" time="0.031" />
  <testcase classname="ptolemy.util.test.junit.AutoTests" name="[31] /home/travis/build/icyphy/ptII/ptolemy/domains/modal/test/auto/CausalityInterface8.xml (RunModel)" time="0.031" />
  <testcase classname="ptolemy.util.test.junit.AutoTests" name="[32] /home/travis/build/icyphy/ptII/ptolemy/domains/modal/test/auto/CausalityInterface9.xml (RunModel)" time="0.051" />
  <testcase classname="ptolemy.util.test.junit.AutoTests" name="[33] /home/travis/build/icyphy/ptII/ptolemy/domains/modal/test/auto/ChainedTransitions.xml (RunModel)" time="0.116" />
  <testcase classname="ptolemy.util.test.junit.AutoTests" name="[34] /home/travis/build/icyphy/ptII/ptolemy/domains/modal/test/auto/CycleOfImmediateTransitionsFSM.xml (RunModel)" time="0.017" />
  <testcase classname="ptolemy.util.test.junit.AutoTests" name="[35] /home/travis/build/icyphy/ptII/ptolemy/domains/modal/test/auto/CycleOfImmediateTransitionsModal.xml (RunModel)" time="0.019" />
  <testcase classname="ptolemy.util.test.junit.AutoTests" name="[36] /home/travis/build/icyphy/ptII/ptolemy/domains/modal/test/auto/CycleOfImmediateTransitionsModal2.xml (RunModel)" time="0.025" />
  <testcase classname="ptolemy.util.test.junit.AutoTests" name="[37] /home/travis/build/icyphy/ptII/ptolemy/domains/modal/test/auto/CycleOfImmediateTransitionsModal3.xml (RunModel)" time="0.061" />
  <testcase classname="ptolemy.util.test.junit.AutoTests" name="[38] /home/travis/build/icyphy/ptII/ptolemy/domains/modal/test/auto/DeepModal1.xml (RunModel)" time="0.046" />
  <testcase classname="ptolemy.util.test.junit.AutoTests" name="[39] /home/travis/build/icyphy/ptII/ptolemy/domains/modal/test/auto/DeepModal2.xml (RunModel)" time="0.061" />
  <testcase classname="ptolemy.util.test.junit.AutoTests" name="[40] /home/travis/build/icyphy/ptII/ptolemy/domains/modal/test/auto/DeepModal3.xml (RunModel)" time="0.057" />
  <testcase classname="ptolemy.util.test.junit.AutoTests" name="[41] /home/travis/build/icyphy/ptII/ptolemy/domains/modal/test/auto/DeepModal4.xml (RunModel)" time="0.063" />
  <testcase classname="ptolemy.util.test.junit.AutoTests" name="[42] /home/travis/build/icyphy/ptII/ptolemy/domains/modal/test/auto/Default1.xml (RunModel)" time="0.017" />
  <testcase classname="ptolemy.util.test.junit.AutoTests" name="[43] /home/travis/build/icyphy/ptII/ptolemy/domains/modal/test/auto/Default2.xml (RunModel)" time="0.021" />
  <testcase classname="ptolemy.util.test.junit.AutoTests" name="[44] /home/travis/build/icyphy/ptII/ptolemy/domains/modal/test/auto/Default3.xml (RunModel)" time="0.016" />
  <testcase classname="ptolemy.util.test.junit.AutoTests" name="[45] /home/travis/build/icyphy/ptII/ptolemy/domains/modal/test/auto/Default4.xml (RunModel)" time="0.029" />
  <testcase classname="ptolemy.util.test.junit.AutoTests" name="[46] /home/travis/build/icyphy/ptII/ptolemy/domains/modal/test/auto/Default5.xml (RunModel)" time="0.024" />
  <testcase classname="ptolemy.util.test.junit.AutoTests" name="[47] /home/travis/build/icyphy/ptII/ptolemy/domains/modal/test/auto/EmptyGuard.xml (RunModel)" time="0.027" />
  <testcase classname="ptolemy.util.test.junit.AutoTests" name="[48] /home/travis/build/icyphy/ptII/ptolemy/domains/modal/test/auto/ErrorTransition1.xml (RunModel)" time="0.025" />
  <testcase classname="ptolemy.util.test.junit.AutoTests" name="[49] /home/travis/build/icyphy/ptII/ptolemy/domains/modal/test/auto/ErrorTransition10.xml (RunModel)" time="0.051" />
  <testcase classname="ptolemy.util.test.junit.AutoTests" name="[50] /home/travis/build/icyphy/ptII/ptolemy/domains/modal/test/auto/ErrorTransition11.xml (RunModel)" time="0.046" />
  <testcase classname="ptolemy.util.test.junit.AutoTests" name="[51] /home/travis/build/icyphy/ptII/ptolemy/domains/modal/test/auto/ErrorTransition2.xml (RunModel)" time="0.03" />
  <testcase classname="ptolemy.util.test.junit.AutoTests" name="[52] /home/travis/build/icyphy/ptII/ptolemy/domains/modal/test/auto/ErrorTransition3.xml (RunModel)" time="0.044" />
  <testcase classname="ptolemy.util.test.junit.AutoTests" name="[53] /home/travis/build/icyphy/ptII/ptolemy/domains/modal/test/auto/ErrorTransition4.xml (RunModel)" time="0.034" />
  <testcase classname="ptolemy.util.test.junit.AutoTests" name="[54] /home/travis/build/icyphy/ptII/ptolemy/domains/modal/test/auto/ErrorTransition5.xml (RunModel)" time="0.023" />
  <testcase classname="ptolemy.util.test.junit.AutoTests" name="[55] /home/travis/build/icyphy/ptII/ptolemy/domains/modal/test/auto/ErrorTransition6.xml (RunModel)" time="0.024" />
  <testcase classname="ptolemy.util.test.junit.AutoTests" name="[56] /home/travis/build/icyphy/ptII/ptolemy/domains/modal/test/auto/ErrorTransition7.xml (RunModel)" time="0.042" />
  <testcase classname="ptolemy.util.test.junit.AutoTests" name="[57] /home/travis/build/icyphy/ptII/ptolemy/domains/modal/test/auto/ErrorTransition8.xml (RunModel)" time="0.044" />
  <testcase classname="ptolemy.util.test.junit.AutoTests" name="[58] /home/travis/build/icyphy/ptII/ptolemy/domains/modal/test/auto/ErrorTransition9.xml (RunModel)" time="0.035" />
  <testcase classname="ptolemy.util.test.junit.AutoTests" name="[59] /home/travis/build/icyphy/ptII/ptolemy/domains/modal/test/auto/ExtendedFSM.xml (RunModel)" time="0.022" />
  <testcase classname="ptolemy.util.test.junit.AutoTests" name="[60] /home/travis/build/icyphy/ptII/ptolemy/domains/modal/test/auto/FinalStates.xml (RunModel)" time="0.019" />
  <testcase classname="ptolemy.util.test.junit.AutoTests" name="[61] /home/travis/build/icyphy/ptII/ptolemy/domains/modal/test/auto/FixedPointFSM.xml (RunModel)" time="0.06" />
  <testcase classname="ptolemy.util.test.junit.AutoTests" name="[62] /home/travis/build/icyphy/ptII/ptolemy/domains/modal/test/auto/FixedPointIterationFSMActor.xml (RunModel)" time="0.027" />
  <testcase classname="ptolemy.util.test.junit.AutoTests" name="[63] /home/travis/build/icyphy/ptII/ptolemy/domains/modal/test/auto/FixedPointIterationFSMActor2.xml (RunModel)" time="0.034" />
  <testcase classname="ptolemy.util.test.junit.AutoTests" name="[64] /home/travis/build/icyphy/ptII/ptolemy/domains/modal/test/auto/ForbiddenInstantanousLoop.xml (RunModel)" time="0.028" />
  <testcase classname="ptolemy.util.test.junit.AutoTests" name="[65] /home/travis/build/icyphy/ptII/ptolemy/domains/modal/test/auto/FunctionDependencyOfFSMActorTest.xml (RunModel)" time="0.025" />
  <testcase classname="ptolemy.util.test.junit.AutoTests" name="[66] /home/travis/build/icyphy/ptII/ptolemy/domains/modal/test/auto/GuardExpression.xml (RunModel)" time="0.012" />
  <testcase classname="ptolemy.util.test.junit.AutoTests" name="[67] /home/travis/build/icyphy/ptII/ptolemy/domains/modal/test/auto/GuardNotEvaluated.xml (RunModel)" time="0.025" />
  <testcase classname="ptolemy.util.test.junit.AutoTests" name="[68] /home/travis/build/icyphy/ptII/ptolemy/domains/modal/test/auto/GuardNotEvaluated2.xml (RunModel)" time="0.02" />
  <testcase classname="ptolemy.util.test.junit.AutoTests" name="[69] /home/travis/build/icyphy/ptII/ptolemy/domains/modal/test/auto/GuardOnAbsent.xml (RunModel)" time="0.021" />
  <testcase classname="ptolemy.util.test.junit.AutoTests" name="[70] /home/travis/build/icyphy/ptII/ptolemy/domains/modal/test/auto/HierarchicalFSMTypeInference.xml (RunModel)" time="0.025" />
  <testcase classname="ptolemy.util.test.junit.AutoTests" name="[71] /home/travis/build/icyphy/ptII/ptolemy/domains/modal/test/auto/Hysteresis.xml (RunModel)" time="0.043" />
  <testcase classname="ptolemy.util.test.junit.AutoTests" name="[72] /home/travis/build/icyphy/ptII/ptolemy/domains/modal/test/auto/HysteresisWithDefault.xml (RunModel)" time="0.065" />
  <testcase classname="ptolemy.util.test.junit.AutoTests" name="[73] /home/travis/build/icyphy/ptII/ptolemy/domains/modal/test/auto/HysteresisWithDefault2.xml (RunModel)" time="0.078" />
  <testcase classname="ptolemy.util.test.junit.AutoTests" name="[74] /home/travis/build/icyphy/ptII/ptolemy/domains/modal/test/auto/ImmediateNonConstructiveness.xml (RunModel)" time="0.018" />
  <testcase classname="ptolemy.util.test.junit.AutoTests" name="[75] /home/travis/build/icyphy/ptII/ptolemy/domains/modal/test/auto/ImmediateNonConstructiveness2.xml (RunModel)" time="0.015" />
  <testcase classname="ptolemy.util.test.junit.AutoTests" name="[76] /home/travis/build/icyphy/ptII/ptolemy/domains/modal/test/auto/ImmediateTransitionReset.xml (RunModel)" time="0.033" />
  <testcase classname="ptolemy.util.test.junit.AutoTests" name="[77] /home/travis/build/icyphy/ptII/ptolemy/domains/modal/test/auto/ImmediateTransitions1.xml (RunModel)" time="0.013" />
  <testcase classname="ptolemy.util.test.junit.AutoTests" name="[78] /home/travis/build/icyphy/ptII/ptolemy/domains/modal/test/auto/ImmediateTransitionsInstantaneousCommunication.xml (RunModel)" time="0.029" />
  <testcase classname="ptolemy.util.test.junit.AutoTests" name="[79] /home/travis/build/icyphy/ptII/ptolemy/domains/modal/test/auto/InitialImmediateTransition.xml (RunModel)" time="0.012" />
  <testcase classname="ptolemy.util.test.junit.AutoTests" name="[80] /home/travis/build/icyphy/ptII/ptolemy/domains/modal/test/auto/InitialOutputs.xml (RunModel)" time="0.012" />
  <testcase classname="ptolemy.util.test.junit.AutoTests" name="[81] /home/travis/build/icyphy/ptII/ptolemy/domains/modal/test/auto/InitialStateTransition1.xml (RunModel)" time="0.015" />
  <testcase classname="ptolemy.util.test.junit.AutoTests" name="[82] /home/travis/build/icyphy/ptII/ptolemy/domains/modal/test/auto/InitialStateTransition2.xml (RunModel)" time="0.018" />
  <testcase classname="ptolemy.util.test.junit.AutoTests" name="[83] /home/travis/build/icyphy/ptII/ptolemy/domains/modal/test/auto/InitialStateTransition3.xml (RunModel)" time="0.02" />
  <testcase classname="ptolemy.util.test.junit.AutoTests" name="[84] /home/travis/build/icyphy/ptII/ptolemy/domains/modal/test/auto/InitialStateTransition4.xml (RunModel)" time="0.022" />
  <testcase classname="ptolemy.util.test.junit.AutoTests" name="[85] /home/travis/build/icyphy/ptII/ptolemy/domains/modal/test/auto/MalformedGuardExpressionNotCaught.xml (RunModel)" time="0.022" />
  <testcase classname="ptolemy.util.test.junit.AutoTests" name="[86] /home/travis/build/icyphy/ptII/ptolemy/domains/modal/test/auto/ModalBSC.xml (RunModel)" time="0.092" />
  <testcase classname="ptolemy.util.test.junit.AutoTests" name="[87] /home/travis/build/icyphy/ptII/ptolemy/domains/modal/test/auto/ModalClocks.xml (RunModel)" time="0.057" />
  <testcase classname="ptolemy.util.test.junit.AutoTests" name="[88] /home/travis/build/icyphy/ptII/ptolemy/domains/modal/test/auto/ModalDelay.xml (RunModel)" time="0.043" />
  <testcase classname="ptolemy.util.test.junit.AutoTests" name="[89] /home/travis/build/icyphy/ptII/ptolemy/domains/modal/test/auto/ModalDelay2.xml (RunModel)" time="0.036" />
  <testcase classname="ptolemy.util.test.junit.AutoTests" name="[90] /home/travis/build/icyphy/ptII/ptolemy/domains/modal/test/auto/ModalModelFromMemo.xml (RunModel)" time="0.048" />
  <testcase classname="ptolemy.util.test.junit.AutoTests" name="[91] /home/travis/build/icyphy/ptII/ptolemy/domains/modal/test/auto/ModalModelWithMultirateTransient.xml (RunModel)" time="0.041" />
  <testcase classname="ptolemy.util.test.junit.AutoTests" name="[92] /home/travis/build/icyphy/ptII/ptolemy/domains/modal/test/auto/ModalModelWithReset.xml (RunModel)" time="0.042" />
  <testcase classname="ptolemy.util.test.junit.AutoTests" name="[93] /home/travis/build/icyphy/ptII/ptolemy/domains/modal/test/auto/MouseClickFSM.xml (RunModel)" time="0.043" />
  <testcase classname="ptolemy.util.test.junit.AutoTests" name="[94] /home/travis/build/icyphy/ptII/ptolemy/domains/modal/test/auto/MouseClickFSMModal.xml (RunModel)" time="0.046" />
  <testcase classname="ptolemy.util.test.junit.AutoTests" name="[95] /home/travis/build/icyphy/ptII/ptolemy/domains/modal/test/auto/NonStrictFSM_FeedbackLoop.xml (RunModel)" time="0.045" />
  <testcase classname="ptolemy.util.test.junit.AutoTests" name="[96] /home/travis/build/icyphy/ptII/ptolemy/domains/modal/test/auto/NonStrictFSM_FeedbackLoop_Refinement.xml (RunModel)" time="0.074" />
  <testcase classname="ptolemy.util.test.junit.AutoTests" name="[97] /home/travis/build/icyphy/ptII/ptolemy/domains/modal/test/auto/NonStrictFSM_FeedbackLoop_preemptive.xml (RunModel)" time="0.053" />
  <testcase classname="ptolemy.util.test.junit.AutoTests" name="[98] /home/travis/build/icyphy/ptII/ptolemy/domains/modal/test/auto/NormalTermination.xml (RunModel)" time="0.046" />
  <testcase classname="ptolemy.util.test.junit.AutoTests" name="[99] /home/travis/build/icyphy/ptII/ptolemy/domains/modal/test/auto/Pong.xml (RunModel)" time="0.07" />
  <testcase classname="ptolemy.util.test.junit.AutoTests" name="[100] /home/travis/build/icyphy/ptII/ptolemy/domains/modal/test/auto/Pong_test.xml (RunModel)" time="0.104" />
  <testcase classname="ptolemy.util.test.junit.AutoTests" name="[101] /home/travis/build/icyphy/ptII/ptolemy/domains/modal/test/auto/PreemptionHierarchy.xml (RunModel)" time="0.026" />
  <testcase classname="ptolemy.util.test.junit.AutoTests" name="[102] /home/travis/build/icyphy/ptII/ptolemy/domains/modal/test/auto/PreemptionHierarchy2.xml (RunModel)" time="0.026" />
  <testcase classname="ptolemy.util.test.junit.AutoTests" name="[103] /home/travis/build/icyphy/ptII/ptolemy/domains/modal/test/auto/PreemptiveTransition.xml (RunModel)" time="0.021" />
  <testcase classname="ptolemy.util.test.junit.AutoTests" name="[104] /home/travis/build/icyphy/ptII/ptolemy/domains/modal/test/auto/Priorities.xml (RunModel)" time="0.089" />
  <testcase classname="ptolemy.util.test.junit.AutoTests" name="[105] /home/travis/build/icyphy/ptII/ptolemy/domains/modal/test/auto/ResetFinal.xml (RunModel)" time="0.038" />
  <testcase classname="ptolemy.util.test.junit.AutoTests" name="[106] /home/travis/build/icyphy/ptII/ptolemy/domains/modal/test/auto/ResetFinal2.xml (RunModel)" time="0.029" />
  <testcase classname="ptolemy.util.test.junit.AutoTests" name="[107] /home/travis/build/icyphy/ptII/ptolemy/domains/modal/test/auto/ResetTransitionWithStartTime.xml (RunModel)" time="0.027" />
  <testcase classname="ptolemy.util.test.junit.AutoTests" name="[108] /home/travis/build/icyphy/ptII/ptolemy/domains/modal/test/auto/SDF-FSMComposite.xml (RunModel)" time="0.021" />
  <testcase classname="ptolemy.util.test.junit.AutoTests" name="[109] /home/travis/build/icyphy/ptII/ptolemy/domains/modal/test/auto/SeeminglyNondeterminate.xml (RunModel)" time="0.056" />
  <testcase classname="ptolemy.util.test.junit.AutoTests" name="[110] /home/travis/build/icyphy/ptII/ptolemy/domains/modal/test/auto/SeeminglyNondeterminate2.xml (RunModel)" time="0.057" />
  <testcase classname="ptolemy.util.test.junit.AutoTests" name="[111] /home/travis/build/icyphy/ptII/ptolemy/domains/modal/test/auto/SpontaneousFSM.xml (RunModel)" time="0.042" />
  <testcase classname="ptolemy.util.test.junit.AutoTests" name="[112] /home/travis/build/icyphy/ptII/ptolemy/domains/modal/test/auto/SpontaneousFSM2.xml (RunModel)" time="0.023" />
  <testcase classname="ptolemy.util.test.junit.AutoTests" name="[113] /home/travis/build/icyphy/ptII/ptolemy/domains/modal/test/auto/SpontaneousFSM3.xml (RunModel)" time="0.029" />
  <testcase classname="ptolemy.util.test.junit.AutoTests" name="[114] /home/travis/build/icyphy/ptII/ptolemy/domains/modal/test/auto/SpontaneousFSM4.xml (RunModel)" time="0.038" />
  <testcase classname="ptolemy.util.test.junit.AutoTests" name="[115] /home/travis/build/icyphy/ptII/ptolemy/domains/modal/test/auto/StateTrackerTest.xml (RunModel)" time="0.059" />
  <testcase classname="ptolemy.util.test.junit.AutoTests" name="[116] /home/travis/build/icyphy/ptII/ptolemy/domains/modal/test/auto/StrongImmediateTransition.xml (RunModel)" time="0.02" />
  <testcase classname="ptolemy.util.test.junit.AutoTests" name="[117] /home/travis/build/icyphy/ptII/ptolemy/domains/modal/test/auto/SustainHierarchy.xml (RunModel)" time="0.023" />
  <testcase classname="ptolemy.util.test.junit.AutoTests" name="[118] /home/travis/build/icyphy/ptII/ptolemy/domains/modal/test/auto/TerminationTransition1.xml (RunModel)" time="0.015" />
  <testcase classname="ptolemy.util.test.junit.AutoTests" name="[119] /home/travis/build/icyphy/ptII/ptolemy/domains/modal/test/auto/TerminationTransition2.xml (RunModel)" time="0.021" />
  <testcase classname="ptolemy.util.test.junit.AutoTests" name="[120] /home/travis/build/icyphy/ptII/ptolemy/domains/modal/test/auto/TerminationTransition3.xml (RunModel)" time="0.017" />
  <testcase classname="ptolemy.util.test.junit.AutoTests" name="[121] /home/travis/build/icyphy/ptII/ptolemy/domains/modal/test/auto/TerminationTransition4.xml (RunModel)" time="0.029" />
  <testcase classname="ptolemy.util.test.junit.AutoTests" name="[122] /home/travis/build/icyphy/ptII/ptolemy/domains/modal/test/auto/TerminationTransition5.xml (RunModel)" time="0.026" />
  <testcase classname="ptolemy.util.test.junit.AutoTests" name="[123] /home/travis/build/icyphy/ptII/ptolemy/domains/modal/test/auto/TerminationTransition6.xml (RunModel)" time="0.017" />
  <testcase classname="ptolemy.util.test.junit.AutoTests" name="[124] /home/travis/build/icyphy/ptII/ptolemy/domains/modal/test/auto/TerminationTransition7.xml (RunModel)" time="0.016" />
  <testcase classname="ptolemy.util.test.junit.AutoTests" name="[125] /home/travis/build/icyphy/ptII/ptolemy/domains/modal/test/auto/TerminationTransition8.xml (RunModel)" time="0.02" />
  <testcase classname="ptolemy.util.test.junit.AutoTests" name="[126] /home/travis/build/icyphy/ptII/ptolemy/domains/modal/test/auto/Thermostat_NoHysteresis.xml (RunModel)" time="0.048" />
  <testcase classname="ptolemy.util.test.junit.AutoTests" name="[127] /home/travis/build/icyphy/ptII/ptolemy/domains/modal/test/auto/TimedFSM.xml (RunModel)" time="0.022" />
  <testcase classname="ptolemy.util.test.junit.AutoTests" name="[128] /home/travis/build/icyphy/ptII/ptolemy/domains/modal/test/auto/Timeout1.xml (RunModel)" time="0.009" />
  <testcase classname="ptolemy.util.test.junit.AutoTests" name="[129] /home/travis/build/icyphy/ptII/ptolemy/domains/modal/test/auto/Timeout2.xml (RunModel)" time="0.015" />
  <testcase classname="ptolemy.util.test.junit.AutoTests" name="[130] /home/travis/build/icyphy/ptII/ptolemy/domains/modal/test/auto/Timeout3.xml (RunModel)" time="0.01" />
  <testcase classname="ptolemy.util.test.junit.AutoTests" name="[131] /home/travis/build/icyphy/ptII/ptolemy/domains/modal/test/auto/Timeout4.xml (RunModel)" time="0.009" />
  <testcase classname="ptolemy.util.test.junit.AutoTests" name="[132] /home/travis/build/icyphy/ptII/ptolemy/domains/modal/test/auto/TransientstateModelAdvanced.xml (RunModel)" time="0.036" />
  <testcase classname="ptolemy.util.test.junit.AutoTests" name="[133] /home/travis/build/icyphy/ptII/ptolemy/domains/modal/test/auto/TransientstateModelAdvanced2.xml (RunModel)" time="0.027" />
  <testcase classname="ptolemy.util.test.junit.AutoTests" name="[134] /home/travis/build/icyphy/ptII/ptolemy/domains/modal/test/auto/TransitionRefinements.xml (RunModel)" time="0.018" />
  <testcase classname="ptolemy.util.test.junit.AutoTests" name="[135] /home/travis/build/icyphy/ptII/ptolemy/domains/modal/test/auto/TwoRefinements1.xml (RunModel)" time="0.02" />
  <testcase classname="ptolemy.util.test.junit.AutoTests" name="[136] /home/travis/build/icyphy/ptII/ptolemy/domains/modal/test/auto/TwoRefinements2.xml (RunModel)" time="0.019" />
  <testcase classname="ptolemy.util.test.junit.AutoTests" name="[137] /home/travis/build/icyphy/ptII/ptolemy/domains/modal/test/auto/WeakImmediateTransition.xml (RunModel)" time="0.015" />
  <testcase classname="ptolemy.util.test.junit.AutoTests" name="[138] /home/travis/build/icyphy/ptII/ptolemy/domains/modal/test/auto/booleanSelect.xml (RunModel)" time="0.045" />
  <testcase classname="ptolemy.util.test.junit.AutoTests" name="[139] /home/travis/build/icyphy/ptII/ptolemy/domains/modal/test/auto/modalChangingParams.xml (RunModel)" time="0.277" />
  <testcase classname="ptolemy.util.test.junit.AutoTests" name="[140] /home/travis/build/icyphy/ptII/ptolemy/domains/modal/test/auto/modalModel.xml (RunModel)" time="0.034" />
  <testcase classname="ptolemy.util.test.junit.AutoTests" name="[141] /home/travis/build/icyphy/ptII/ptolemy/domains/modal/test/auto/modalModel2.xml (RunModel)" time="0.032" />
  <testcase classname="ptolemy.util.test.junit.AutoTests" name="[142] /home/travis/build/icyphy/ptII/ptolemy/domains/modal/test/auto/modalModel3.xml (RunModel)" time="0.044" />
  <testcase classname="ptolemy.util.test.junit.AutoTests" name="[143] /home/travis/build/icyphy/ptII/ptolemy/domains/modal/test/auto/model1.xml (RunModel)" time="0.02" />
  <testcase classname="ptolemy.util.test.junit.AutoTests" name="[144] /home/travis/build/icyphy/ptII/ptolemy/domains/modal/test/auto/test-direct-in-out.xml (RunModel)" time="0.024" />
  <system-out><![CDATA[/home/travis/build/icyphy/ptII/ptolemy/domains/modal/test/SystemLevelType.tcl
testDefs.tcl: setting time out to 9000 seconds at Sat Mar 07 22:02:10 UTC 2020
03/07/20 10:02:11
Failed: 0  Total Tests: 1  ((Passed: 1, Newly Passed: 0)  Known Failed: 0) /home/travis/build/icyphy/ptII/ptolemy/domains/modal/test
----------------- testing (KnownFailure) /home/travis/build/icyphy/ptII/ptolemy/domains/modal/test/auto/knownFailedTests/CannotAnalysisWithPreemption.xml
119 ms. Memory: 161792K Free: 118588K (73%)
Known Failure: java.lang.reflect.InvocationTargetException
No auto/linux-amd64/*.xml tests in /home/travis/build/icyphy/ptII/ptolemy/domains/modal/test
AutoTests.java: About to close Vertx.
AutoTests.java: Vertx closed.

===========================================================================================
----------------- testing Sat Mar 07 22:02:12 UTC 2020 /home/travis/build/icyphy/ptII/ptolemy/domains/modal/test/auto/ABPTest.xml
----------------- Instantiating /home/travis/build/icyphy/ptII/ptolemy/domains/modal/test/auto/ABPTest.xml
295 ms. Memory: 161792K Free: 122452K (76%)
----------------- Invoking toplevel() on ptolemy.moml.MoMLSimpleApplication@6dcd63be
----------------- Done invoking toplevel() on ptolemy.moml.MoMLSimpleApplication@6dcd63be
reloadAllAccessors: .ABPTest

===========================================================================================
----------------- testing Sat Mar 07 22:02:13 UTC 2020 /home/travis/build/icyphy/ptII/ptolemy/domains/modal/test/auto/ABROFlat.xml
----------------- Instantiating /home/travis/build/icyphy/ptII/ptolemy/domains/modal/test/auto/ABROFlat.xml
26 ms. Memory: 161792K Free: 107510K (66%)
----------------- Invoking toplevel() on ptolemy.moml.MoMLSimpleApplication@2b917908
----------------- Done invoking toplevel() on ptolemy.moml.MoMLSimpleApplication@2b917908
reloadAllAccessors: .ABROFlat

===========================================================================================
----------------- testing Sat Mar 07 22:02:13 UTC 2020 /home/travis/build/icyphy/ptII/ptolemy/domains/modal/test/auto/ABROFlat2.xml
----------------- Instantiating /home/travis/build/icyphy/ptII/ptolemy/domains/modal/test/auto/ABROFlat2.xml
21 ms. Memory: 161792K Free: 90660K (56%)
----------------- Invoking toplevel() on ptolemy.moml.MoMLSimpleApplication@56f5a3c5
----------------- Done invoking toplevel() on ptolemy.moml.MoMLSimpleApplication@56f5a3c5
reloadAllAccessors: .ABROFlat2

===========================================================================================
----------------- testing Sat Mar 07 22:02:13 UTC 2020 /home/travis/build/icyphy/ptII/ptolemy/domains/modal/test/auto/ABRO_present_hmm.xml
----------------- Instantiating /home/travis/build/icyphy/ptII/ptolemy/domains/modal/test/auto/ABRO_present_hmm.xml
40 ms. Memory: 161792K Free: 64038K (40%)
----------------- Invoking toplevel() on ptolemy.moml.MoMLSimpleApplication@74bc8507
----------------- Done invoking toplevel() on ptolemy.moml.MoMLSimpleApplication@74bc8507
reloadAllAccessors: .ABRO_present_hmm

===========================================================================================
----------------- testing Sat Mar 07 22:02:13 UTC 2020 /home/travis/build/icyphy/ptII/ptolemy/domains/modal/test/auto/AMICoderExample.xml
----------------- Instantiating /home/travis/build/icyphy/ptII/ptolemy/domains/modal/test/auto/AMICoderExample.xml
43 ms. Memory: 161792K Free: 53798K (33%)
----------------- Invoking toplevel() on ptolemy.moml.MoMLSimpleApplication@69df5150
----------------- Done invoking toplevel() on ptolemy.moml.MoMLSimpleApplication@69df5150
reloadAllAccessors: .AMICoderExample

===========================================================================================
----------------- testing Sat Mar 07 22:02:13 UTC 2020 /home/travis/build/icyphy/ptII/ptolemy/domains/modal/test/auto/AbsentToPresent.xml
----------------- Instantiating /home/travis/build/icyphy/ptII/ptolemy/domains/modal/test/auto/AbsentToPresent.xml
3 ms. Memory: 161792K Free: 139338K (86%)
----------------- Invoking toplevel() on ptolemy.moml.MoMLSimpleApplication@161c7e92
----------------- Done invoking toplevel() on ptolemy.moml.MoMLSimpleApplication@161c7e92
reloadAllAccessors: .AbsentToPresent

===========================================================================================
----------------- testing Sat Mar 07 22:02:13 UTC 2020 /home/travis/build/icyphy/ptII/ptolemy/domains/modal/test/auto/Blending.xml
----------------- Instantiating /home/travis/build/icyphy/ptII/ptolemy/domains/modal/test/auto/Blending.xml
167 ms. Memory: 161792K Free: 94865K (59%)
----------------- Invoking toplevel() on ptolemy.moml.MoMLSimpleApplication@624a75e6
----------------- Done invoking toplevel() on ptolemy.moml.MoMLSimpleApplication@624a75e6
reloadAllAccessors: .Blending

===========================================================================================
----------------- testing Sat Mar 07 22:02:13 UTC 2020 /home/travis/build/icyphy/ptII/ptolemy/domains/modal/test/auto/Broadcast.xml
----------------- Instantiating /home/travis/build/icyphy/ptII/ptolemy/domains/modal/test/auto/Broadcast.xml
5 ms. Memory: 161792K Free: 84625K (52%)
----------------- Invoking toplevel() on ptolemy.moml.MoMLSimpleApplication@7e3d0f7a
----------------- Done invoking toplevel() on ptolemy.moml.MoMLSimpleApplication@7e3d0f7a
reloadAllAccessors: .Broadcast

===========================================================================================
----------------- testing Sat Mar 07 22:02:13 UTC 2020 /home/travis/build/icyphy/ptII/ptolemy/domains/modal/test/auto/BroadcastHierarchy.xml
----------------- Instantiating /home/travis/build/icyphy/ptII/ptolemy/domains/modal/test/auto/BroadcastHierarchy.xml
15 ms. Memory: 161792K Free: 70785K (44%)
----------------- Invoking toplevel() on ptolemy.moml.MoMLSimpleApplication@5fa20002
----------------- Done invoking toplevel() on ptolemy.moml.MoMLSimpleApplication@5fa20002
reloadAllAccessors: .BroadcastHierarchy

===========================================================================================
----------------- testing Sat Mar 07 22:02:14 UTC 2020 /home/travis/build/icyphy/ptII/ptolemy/domains/modal/test/auto/BroadcastHierarchy2.xml
----------------- Instantiating /home/travis/build/icyphy/ptII/ptolemy/domains/modal/test/auto/BroadcastHierarchy2.xml
26 ms. Memory: 194560K Free: 166018K (85%)
----------------- Invoking toplevel() on ptolemy.moml.MoMLSimpleApplication@22d6833b
----------------- Done invoking toplevel() on ptolemy.moml.MoMLSimpleApplication@22d6833b
reloadAllAccessors: .BroadcastHierarchy2

===========================================================================================
----------------- testing Sat Mar 07 22:02:14 UTC 2020 /home/travis/build/icyphy/ptII/ptolemy/domains/modal/test/auto/BroadcastHierarchy3.xml
----------------- Instantiating /home/travis/build/icyphy/ptII/ptolemy/domains/modal/test/auto/BroadcastHierarchy3.xml
24 ms. Memory: 194560K Free: 145591K (75%)
----------------- Invoking toplevel() on ptolemy.moml.MoMLSimpleApplication@254b5365
----------------- Done invoking toplevel() on ptolemy.moml.MoMLSimpleApplication@254b5365
reloadAllAccessors: .BroadcastHierarchy3

===========================================================================================
----------------- testing Sat Mar 07 22:02:14 UTC 2020 /home/travis/build/icyphy/ptII/ptolemy/domains/modal/test/auto/BroadcastHierarchy4.xml
----------------- Instantiating /home/travis/build/icyphy/ptII/ptolemy/domains/modal/test/auto/BroadcastHierarchy4.xml
16 ms. Memory: 194560K Free: 121015K (62%)
----------------- Invoking toplevel() on ptolemy.moml.MoMLSimpleApplication@529b77be
----------------- Done invoking toplevel() on ptolemy.moml.MoMLSimpleApplication@529b77be
reloadAllAccessors: .BroadcastHierarchy4

===========================================================================================
----------------- testing Sat Mar 07 22:02:14 UTC 2020 /home/travis/build/icyphy/ptII/ptolemy/domains/modal/test/auto/CannotAnalysisWithPreemption2.xml
----------------- Instantiating /home/travis/build/icyphy/ptII/ptolemy/domains/modal/test/auto/CannotAnalysisWithPreemption2.xml
4 ms. Memory: 194560K Free: 113833K (59%)
----------------- Invoking toplevel() on ptolemy.moml.MoMLSimpleApplication@60a53e73
----------------- Done invoking toplevel() on ptolemy.moml.MoMLSimpleApplication@60a53e73
reloadAllAccessors: .CannotAnalysisWithPreemption2

===========================================================================================
----------------- testing Sat Mar 07 22:02:14 UTC 2020 /home/travis/build/icyphy/ptII/ptolemy/domains/modal/test/auto/CannotAnalysisWithPreemption3.xml
----------------- Instantiating /home/travis/build/icyphy/ptII/ptolemy/domains/modal/test/auto/CannotAnalysisWithPreemption3.xml
4 ms. Memory: 194560K Free: 103577K (53%)
----------------- Invoking toplevel() on ptolemy.moml.MoMLSimpleApplication@241cbad1
----------------- Done invoking toplevel() on ptolemy.moml.MoMLSimpleApplication@241cbad1
reloadAllAccessors: .CannotAnalysisWithPreemption3

===========================================================================================
----------------- testing Sat Mar 07 22:02:14 UTC 2020 /home/travis/build/icyphy/ptII/ptolemy/domains/modal/test/auto/CannotProduce.xml
----------------- Instantiating /home/travis/build/icyphy/ptII/ptolemy/domains/modal/test/auto/CannotProduce.xml
17 ms. Memory: 194560K Free: 96953K (50%)
----------------- Invoking toplevel() on ptolemy.moml.MoMLSimpleApplication@14e51cc9
----------------- Done invoking toplevel() on ptolemy.moml.MoMLSimpleApplication@14e51cc9
reloadAllAccessors: .CannotProduce

===========================================================================================
----------------- testing Sat Mar 07 22:02:14 UTC 2020 /home/travis/build/icyphy/ptII/ptolemy/domains/modal/test/auto/CannotProduceModal.xml
----------------- Instantiating /home/travis/build/icyphy/ptII/ptolemy/domains/modal/test/auto/CannotProduceModal.xml
6 ms. Memory: 194560K Free: 89785K (46%)
----------------- Invoking toplevel() on ptolemy.moml.MoMLSimpleApplication@4aa6de87
----------------- Done invoking toplevel() on ptolemy.moml.MoMLSimpleApplication@4aa6de87
reloadAllAccessors: .CannotProduceModal

===========================================================================================
----------------- testing Sat Mar 07 22:02:14 UTC 2020 /home/travis/build/icyphy/ptII/ptolemy/domains/modal/test/auto/Case.xml
----------------- Instantiating /home/travis/build/icyphy/ptII/ptolemy/domains/modal/test/auto/Case.xml
29 ms. Memory: 194560K Free: 79031K (41%)
----------------- Invoking toplevel() on ptolemy.moml.MoMLSimpleApplication@5a2c8533
----------------- Done invoking toplevel() on ptolemy.moml.MoMLSimpleApplication@5a2c8533
reloadAllAccessors: .Case

===========================================================================================
----------------- testing Sat Mar 07 22:02:14 UTC 2020 /home/travis/build/icyphy/ptII/ptolemy/domains/modal/test/auto/Case1.xml
----------------- Instantiating /home/travis/build/icyphy/ptII/ptolemy/domains/modal/test/auto/Case1.xml
5 ms. Memory: 194560K Free: 71353K (37%)
----------------- Invoking toplevel() on ptolemy.moml.MoMLSimpleApplication@6f4bbfc1
----------------- Done invoking toplevel() on ptolemy.moml.MoMLSimpleApplication@6f4bbfc1
reloadAllAccessors: .Case1

===========================================================================================
----------------- testing Sat Mar 07 22:02:14 UTC 2020 /home/travis/build/icyphy/ptII/ptolemy/domains/modal/test/auto/Case2.xml
----------------- Instantiating /home/travis/build/icyphy/ptII/ptolemy/domains/modal/test/auto/Case2.xml
15 ms. Memory: 194560K Free: 169669K (87%)
----------------- Invoking toplevel() on ptolemy.moml.MoMLSimpleApplication@5b3c261f
----------------- Done invoking toplevel() on ptolemy.moml.MoMLSimpleApplication@5b3c261f
reloadAllAccessors: .Case2

===========================================================================================
----------------- testing Sat Mar 07 22:02:14 UTC 2020 /home/travis/build/icyphy/ptII/ptolemy/domains/modal/test/auto/CausalityInterface1.xml
----------------- Instantiating /home/travis/build/icyphy/ptII/ptolemy/domains/modal/test/auto/CausalityInterface1.xml
4 ms. Memory: 194560K Free: 164549K (85%)
----------------- Invoking toplevel() on ptolemy.moml.MoMLSimpleApplication@79ea8343
----------------- Done invoking toplevel() on ptolemy.moml.MoMLSimpleApplication@79ea8343
reloadAllAccessors: .CausalityInterface1

===========================================================================================
----------------- testing Sat Mar 07 22:02:14 UTC 2020 /home/travis/build/icyphy/ptII/ptolemy/domains/modal/test/auto/CausalityInterface10.xml
----------------- Instantiating /home/travis/build/icyphy/ptII/ptolemy/domains/modal/test/auto/CausalityInterface10.xml
11 ms. Memory: 194560K Free: 151223K (78%)
----------------- Invoking toplevel() on ptolemy.moml.MoMLSimpleApplication@67078250
----------------- Done invoking toplevel() on ptolemy.moml.MoMLSimpleApplication@67078250
reloadAllAccessors: .CausalityInterface10

===========================================================================================
----------------- testing Sat Mar 07 22:02:14 UTC 2020 /home/travis/build/icyphy/ptII/ptolemy/domains/modal/test/auto/CausalityInterface11.xml
----------------- Instantiating /home/travis/build/icyphy/ptII/ptolemy/domains/modal/test/auto/CausalityInterface11.xml
6 ms. Memory: 194560K Free: 137895K (71%)
----------------- Invoking toplevel() on ptolemy.moml.MoMLSimpleApplication@5c675432
----------------- Done invoking toplevel() on ptolemy.moml.MoMLSimpleApplication@5c675432
reloadAllAccessors: .CausalityInterface11

===========================================================================================
----------------- testing Sat Mar 07 22:02:14 UTC 2020 /home/travis/build/icyphy/ptII/ptolemy/domains/modal/test/auto/CausalityInterface12.xml
----------------- Instantiating /home/travis/build/icyphy/ptII/ptolemy/domains/modal/test/auto/CausalityInterface12.xml
10 ms. Memory: 194560K Free: 124583K (64%)
----------------- Invoking toplevel() on ptolemy.moml.MoMLSimpleApplication@3e30a985
----------------- Done invoking toplevel() on ptolemy.moml.MoMLSimpleApplication@3e30a985
reloadAllAccessors: .CausalityInterface12

===========================================================================================
----------------- testing Sat Mar 07 22:02:14 UTC 2020 /home/travis/build/icyphy/ptII/ptolemy/domains/modal/test/auto/CausalityInterface13.xml
----------------- Instantiating /home/travis/build/icyphy/ptII/ptolemy/domains/modal/test/auto/CausalityInterface13.xml
6 ms. Memory: 194560K Free: 110791K (57%)
----------------- Invoking toplevel() on ptolemy.moml.MoMLSimpleApplication@423c2b4e
----------------- Done invoking toplevel() on ptolemy.moml.MoMLSimpleApplication@423c2b4e
reloadAllAccessors: .CausalityInterface13

===========================================================================================
----------------- testing Sat Mar 07 22:02:14 UTC 2020 /home/travis/build/icyphy/ptII/ptolemy/domains/modal/test/auto/CausalityInterface14.xml
----------------- Instantiating /home/travis/build/icyphy/ptII/ptolemy/domains/modal/test/auto/CausalityInterface14.xml
4 ms. Memory: 194560K Free: 96951K (50%)
----------------- Invoking toplevel() on ptolemy.moml.MoMLSimpleApplication@3c6c67aa
----------------- Done invoking toplevel() on ptolemy.moml.MoMLSimpleApplication@3c6c67aa
reloadAllAccessors: .CausalityInterface14

===========================================================================================
----------------- testing Sat Mar 07 22:02:14 UTC 2020 /home/travis/build/icyphy/ptII/ptolemy/domains/modal/test/auto/CausalityInterface2.xml
----------------- Instantiating /home/travis/build/icyphy/ptII/ptolemy/domains/modal/test/auto/CausalityInterface2.xml
2 ms. Memory: 194560K Free: 90807K (47%)
----------------- Invoking toplevel() on ptolemy.moml.MoMLSimpleApplication@508107eb
----------------- Done invoking toplevel() on ptolemy.moml.MoMLSimpleApplication@508107eb
reloadAllAccessors: .CausalityInterface2

===========================================================================================
----------------- testing Sat Mar 07 22:02:14 UTC 2020 /home/travis/build/icyphy/ptII/ptolemy/domains/modal/test/auto/CausalityInterface3.xml
----------------- Instantiating /home/travis/build/icyphy/ptII/ptolemy/domains/modal/test/auto/CausalityInterface3.xml
2 ms. Memory: 194560K Free: 84167K (43%)
----------------- Invoking toplevel() on ptolemy.moml.MoMLSimpleApplication@3cab2c87
----------------- Done invoking toplevel() on ptolemy.moml.MoMLSimpleApplication@3cab2c87
reloadAllAccessors: .CausalityInterface3

===========================================================================================
----------------- testing Sat Mar 07 22:02:14 UTC 2020 /home/travis/build/icyphy/ptII/ptolemy/domains/modal/test/auto/CausalityInterface4.xml
----------------- Instantiating /home/travis/build/icyphy/ptII/ptolemy/domains/modal/test/auto/CausalityInterface4.xml
4 ms. Memory: 194560K Free: 77503K (40%)
----------------- Invoking toplevel() on ptolemy.moml.MoMLSimpleApplication@7b27d510
----------------- Done invoking toplevel() on ptolemy.moml.MoMLSimpleApplication@7b27d510
reloadAllAccessors: .CausalityInterface4

===========================================================================================
----------------- testing Sat Mar 07 22:02:14 UTC 2020 /home/travis/build/icyphy/ptII/ptolemy/domains/modal/test/auto/CausalityInterface5.xml
----------------- Instantiating /home/travis/build/icyphy/ptII/ptolemy/domains/modal/test/auto/CausalityInterface5.xml
10 ms. Memory: 194560K Free: 69317K (36%)
----------------- Invoking toplevel() on ptolemy.moml.MoMLSimpleApplication@26a3e02e
----------------- Done invoking toplevel() on ptolemy.moml.MoMLSimpleApplication@26a3e02e
reloadAllAccessors: .CausalityInterface5

===========================================================================================
----------------- testing Sat Mar 07 22:02:15 UTC 2020 /home/travis/build/icyphy/ptII/ptolemy/domains/modal/test/auto/CausalityInterface6.xml
----------------- Instantiating /home/travis/build/icyphy/ptII/ptolemy/domains/modal/test/auto/CausalityInterface6.xml
5 ms. Memory: 194560K Free: 172778K (89%)
----------------- Invoking toplevel() on ptolemy.moml.MoMLSimpleApplication@30b613be
----------------- Done invoking toplevel() on ptolemy.moml.MoMLSimpleApplication@30b613be
reloadAllAccessors: .CausalityInterface6

===========================================================================================
----------------- testing Sat Mar 07 22:02:15 UTC 2020 /home/travis/build/icyphy/ptII/ptolemy/domains/modal/test/auto/CausalityInterface7.xml
----------------- Instantiating /home/travis/build/icyphy/ptII/ptolemy/domains/modal/test/auto/CausalityInterface7.xml
3 ms. Memory: 194560K Free: 164586K (85%)
----------------- Invoking toplevel() on ptolemy.moml.MoMLSimpleApplication@6e29b3ae
----------------- Done invoking toplevel() on ptolemy.moml.MoMLSimpleApplication@6e29b3ae
reloadAllAccessors: .CausalityInterface7

===========================================================================================
----------------- testing Sat Mar 07 22:02:15 UTC 2020 /home/travis/build/icyphy/ptII/ptolemy/domains/modal/test/auto/CausalityInterface8.xml
----------------- Instantiating /home/travis/build/icyphy/ptII/ptolemy/domains/modal/test/auto/CausalityInterface8.xml
4 ms. Memory: 194560K Free: 155884K (80%)
----------------- Invoking toplevel() on ptolemy.moml.MoMLSimpleApplication@4f12bd9a
----------------- Done invoking toplevel() on ptolemy.moml.MoMLSimpleApplication@4f12bd9a
reloadAllAccessors: .CausalityInterface8

===========================================================================================
----------------- testing Sat Mar 07 22:02:15 UTC 2020 /home/travis/build/icyphy/ptII/ptolemy/domains/modal/test/auto/CausalityInterface9.xml
----------------- Instantiating /home/travis/build/icyphy/ptII/ptolemy/domains/modal/test/auto/CausalityInterface9.xml
7 ms. Memory: 194560K Free: 146668K (75%)
----------------- Invoking toplevel() on ptolemy.moml.MoMLSimpleApplication@20f5d980
----------------- Done invoking toplevel() on ptolemy.moml.MoMLSimpleApplication@20f5d980
reloadAllAccessors: .CausalityInterface9

===========================================================================================
----------------- testing Sat Mar 07 22:02:15 UTC 2020 /home/travis/build/icyphy/ptII/ptolemy/domains/modal/test/auto/ChainedTransitions.xml
----------------- Instantiating /home/travis/build/icyphy/ptII/ptolemy/domains/modal/test/auto/ChainedTransitions.xml
62 ms. Memory: 194560K Free: 121578K (62%)
----------------- Invoking toplevel() on ptolemy.moml.MoMLSimpleApplication@63d1512e
----------------- Done invoking toplevel() on ptolemy.moml.MoMLSimpleApplication@63d1512e
reloadAllAccessors: .ChainedTransitions

===========================================================================================
----------------- testing Sat Mar 07 22:02:15 UTC 2020 /home/travis/build/icyphy/ptII/ptolemy/domains/modal/test/auto/CycleOfImmediateTransitionsFSM.xml
----------------- Instantiating /home/travis/build/icyphy/ptII/ptolemy/domains/modal/test/auto/CycleOfImmediateTransitionsFSM.xml
2 ms. Memory: 194560K Free: 115948K (60%)
----------------- Invoking toplevel() on ptolemy.moml.MoMLSimpleApplication@714fea7a
----------------- Done invoking toplevel() on ptolemy.moml.MoMLSimpleApplication@714fea7a
reloadAllAccessors: .CycleOfImmediateTransitionsFSM

===========================================================================================
----------------- testing Sat Mar 07 22:02:15 UTC 2020 /home/travis/build/icyphy/ptII/ptolemy/domains/modal/test/auto/CycleOfImmediateTransitionsModal.xml
----------------- Instantiating /home/travis/build/icyphy/ptII/ptolemy/domains/modal/test/auto/CycleOfImmediateTransitionsModal.xml
2 ms. Memory: 194560K Free: 109804K (56%)
----------------- Invoking toplevel() on ptolemy.moml.MoMLSimpleApplication@a65399f
----------------- Done invoking toplevel() on ptolemy.moml.MoMLSimpleApplication@a65399f
reloadAllAccessors: .CycleOfImmediateTransitionsModal

===========================================================================================
----------------- testing Sat Mar 07 22:02:15 UTC 2020 /home/travis/build/icyphy/ptII/ptolemy/domains/modal/test/auto/CycleOfImmediateTransitionsModal2.xml
----------------- Instantiating /home/travis/build/icyphy/ptII/ptolemy/domains/modal/test/auto/CycleOfImmediateTransitionsModal2.xml
3 ms. Memory: 194560K Free: 103146K (53%)
----------------- Invoking toplevel() on ptolemy.moml.MoMLSimpleApplication@64b25a32
----------------- Done invoking toplevel() on ptolemy.moml.MoMLSimpleApplication@64b25a32
reloadAllAccessors: .CycleOfImmediateTransitionsModal2

===========================================================================================
----------------- testing Sat Mar 07 22:02:15 UTC 2020 /home/travis/build/icyphy/ptII/ptolemy/domains/modal/test/auto/CycleOfImmediateTransitionsModal3.xml
----------------- Instantiating /home/travis/build/icyphy/ptII/ptolemy/domains/modal/test/auto/CycleOfImmediateTransitionsModal3.xml
10 ms. Memory: 194560K Free: 80604K (41%)
----------------- Invoking toplevel() on ptolemy.moml.MoMLSimpleApplication@409dea96
----------------- Done invoking toplevel() on ptolemy.moml.MoMLSimpleApplication@409dea96
reloadAllAccessors: .CycleOfImmediateTransitionsModal3

===========================================================================================
----------------- testing Sat Mar 07 22:02:15 UTC 2020 /home/travis/build/icyphy/ptII/ptolemy/domains/modal/test/auto/DeepModal1.xml
----------------- Instantiating /home/travis/build/icyphy/ptII/ptolemy/domains/modal/test/auto/DeepModal1.xml
22 ms. Memory: 194560K Free: 66229K (34%)
----------------- Invoking toplevel() on ptolemy.moml.MoMLSimpleApplication@27f09632
----------------- Done invoking toplevel() on ptolemy.moml.MoMLSimpleApplication@27f09632
reloadAllAccessors: .DeepModal1

===========================================================================================
----------------- testing Sat Mar 07 22:02:15 UTC 2020 /home/travis/build/icyphy/ptII/ptolemy/domains/modal/test/auto/DeepModal2.xml
----------------- Instantiating /home/travis/build/icyphy/ptII/ptolemy/domains/modal/test/auto/DeepModal2.xml
21 ms. Memory: 194560K Free: 159456K (82%)
----------------- Invoking toplevel() on ptolemy.moml.MoMLSimpleApplication@5306615c
----------------- Done invoking toplevel() on ptolemy.moml.MoMLSimpleApplication@5306615c
reloadAllAccessors: .DeepModal2

===========================================================================================
----------------- testing Sat Mar 07 22:02:15 UTC 2020 /home/travis/build/icyphy/ptII/ptolemy/domains/modal/test/auto/DeepModal3.xml
----------------- Instantiating /home/travis/build/icyphy/ptII/ptolemy/domains/modal/test/auto/DeepModal3.xml
23 ms. Memory: 194560K Free: 140014K (72%)
----------------- Invoking toplevel() on ptolemy.moml.MoMLSimpleApplication@5acf810f
----------------- Done invoking toplevel() on ptolemy.moml.MoMLSimpleApplication@5acf810f
reloadAllAccessors: .DeepModal3

===========================================================================================
----------------- testing Sat Mar 07 22:02:15 UTC 2020 /home/travis/build/icyphy/ptII/ptolemy/domains/modal/test/auto/DeepModal4.xml
----------------- Instantiating /home/travis/build/icyphy/ptII/ptolemy/domains/modal/test/auto/DeepModal4.xml
29 ms. Memory: 194560K Free: 120558K (62%)
----------------- Invoking toplevel() on ptolemy.moml.MoMLSimpleApplication@4f898ab4
----------------- Done invoking toplevel() on ptolemy.moml.MoMLSimpleApplication@4f898ab4
reloadAllAccessors: .DeepModal4

===========================================================================================
----------------- testing Sat Mar 07 22:02:15 UTC 2020 /home/travis/build/icyphy/ptII/ptolemy/domains/modal/test/auto/Default1.xml
----------------- Instantiating /home/travis/build/icyphy/ptII/ptolemy/domains/modal/test/auto/Default1.xml
2 ms. Memory: 194560K Free: 114414K (59%)
----------------- Invoking toplevel() on ptolemy.moml.MoMLSimpleApplication@162bab9b
----------------- Done invoking toplevel() on ptolemy.moml.MoMLSimpleApplication@162bab9b
reloadAllAccessors: .Default1

===========================================================================================
----------------- testing Sat Mar 07 22:02:15 UTC 2020 /home/travis/build/icyphy/ptII/ptolemy/domains/modal/test/auto/Default2.xml
----------------- Instantiating /home/travis/build/icyphy/ptII/ptolemy/domains/modal/test/auto/Default2.xml
7 ms. Memory: 194560K Free: 108784K (56%)
----------------- Invoking toplevel() on ptolemy.moml.MoMLSimpleApplication@4ef77c7b
----------------- Done invoking toplevel() on ptolemy.moml.MoMLSimpleApplication@4ef77c7b
reloadAllAccessors: .Default2

===========================================================================================
----------------- testing Sat Mar 07 22:02:15 UTC 2020 /home/travis/build/icyphy/ptII/ptolemy/domains/modal/test/auto/Default3.xml
----------------- Instantiating /home/travis/build/icyphy/ptII/ptolemy/domains/modal/test/auto/Default3.xml
4 ms. Memory: 194560K Free: 102126K (52%)
----------------- Invoking toplevel() on ptolemy.moml.MoMLSimpleApplication@21bf79e9
----------------- Done invoking toplevel() on ptolemy.moml.MoMLSimpleApplication@21bf79e9
reloadAllAccessors: .Default3

===========================================================================================
----------------- testing Sat Mar 07 22:02:15 UTC 2020 /home/travis/build/icyphy/ptII/ptolemy/domains/modal/test/auto/Default4.xml
----------------- Instantiating /home/travis/build/icyphy/ptII/ptolemy/domains/modal/test/auto/Default4.xml
6 ms. Memory: 194560K Free: 95982K (49%)
----------------- Invoking toplevel() on ptolemy.moml.MoMLSimpleApplication@2941bacd
----------------- Done invoking toplevel() on ptolemy.moml.MoMLSimpleApplication@2941bacd
reloadAllAccessors: .Default4

===========================================================================================
----------------- testing Sat Mar 07 22:02:15 UTC 2020 /home/travis/build/icyphy/ptII/ptolemy/domains/modal/test/auto/Default5.xml
----------------- Instantiating /home/travis/build/icyphy/ptII/ptolemy/domains/modal/test/auto/Default5.xml
6 ms. Memory: 194560K Free: 87776K (45%)
----------------- Invoking toplevel() on ptolemy.moml.MoMLSimpleApplication@7170ba0c
----------------- Done invoking toplevel() on ptolemy.moml.MoMLSimpleApplication@7170ba0c
reloadAllAccessors: .Default5

===========================================================================================
----------------- testing Sat Mar 07 22:02:15 UTC 2020 /home/travis/build/icyphy/ptII/ptolemy/domains/modal/test/auto/EmptyGuard.xml
----------------- Instantiating /home/travis/build/icyphy/ptII/ptolemy/domains/modal/test/auto/EmptyGuard.xml
9 ms. Memory: 194560K Free: 79592K (41%)
----------------- Invoking toplevel() on ptolemy.moml.MoMLSimpleApplication@342b8aa
----------------- Done invoking toplevel() on ptolemy.moml.MoMLSimpleApplication@342b8aa
reloadAllAccessors: .EmptyGuard

===========================================================================================
----------------- testing Sat Mar 07 22:02:15 UTC 2020 /home/travis/build/icyphy/ptII/ptolemy/domains/modal/test/auto/ErrorTransition1.xml
----------------- Instantiating /home/travis/build/icyphy/ptII/ptolemy/domains/modal/test/auto/ErrorTransition1.xml
8 ms. Memory: 194560K Free: 71406K (37%)
----------------- Invoking toplevel() on ptolemy.moml.MoMLSimpleApplication@101efef5
----------------- Done invoking toplevel() on ptolemy.moml.MoMLSimpleApplication@101efef5
reloadAllAccessors: .ErrorTransition1

===========================================================================================
----------------- testing Sat Mar 07 22:02:15 UTC 2020 /home/travis/build/icyphy/ptII/ptolemy/domains/modal/test/auto/ErrorTransition10.xml
----------------- Instantiating /home/travis/build/icyphy/ptII/ptolemy/domains/modal/test/auto/ErrorTransition10.xml
15 ms. Memory: 233472K Free: 207537K (89%)
----------------- Invoking toplevel() on ptolemy.moml.MoMLSimpleApplication@3964304c
----------------- Done invoking toplevel() on ptolemy.moml.MoMLSimpleApplication@3964304c
reloadAllAccessors: .ErrorTransition10

===========================================================================================
----------------- testing Sat Mar 07 22:02:15 UTC 2020 /home/travis/build/icyphy/ptII/ptolemy/domains/modal/test/auto/ErrorTransition11.xml
----------------- Instantiating /home/travis/build/icyphy/ptII/ptolemy/domains/modal/test/auto/ErrorTransition11.xml
4 ms. Memory: 233472K Free: 195759K (84%)
----------------- Invoking toplevel() on ptolemy.moml.MoMLSimpleApplication@2704c3d0
----------------- Done invoking toplevel() on ptolemy.moml.MoMLSimpleApplication@2704c3d0
reloadAllAccessors: .ErrorTransition11

===========================================================================================
----------------- testing Sat Mar 07 22:02:15 UTC 2020 /home/travis/build/icyphy/ptII/ptolemy/domains/modal/test/auto/ErrorTransition2.xml
----------------- Instantiating /home/travis/build/icyphy/ptII/ptolemy/domains/modal/test/auto/ErrorTransition2.xml
8 ms. Memory: 233472K Free: 186543K (80%)
----------------- Invoking toplevel() on ptolemy.moml.MoMLSimpleApplication@191ca8a0
----------------- Done invoking toplevel() on ptolemy.moml.MoMLSimpleApplication@191ca8a0
reloadAllAccessors: .ErrorTransition2

===========================================================================================
----------------- testing Sat Mar 07 22:02:15 UTC 2020 /home/travis/build/icyphy/ptII/ptolemy/domains/modal/test/auto/ErrorTransition3.xml
----------------- Instantiating /home/travis/build/icyphy/ptII/ptolemy/domains/modal/test/auto/ErrorTransition3.xml
24 ms. Memory: 233472K Free: 176817K (76%)
----------------- Invoking toplevel() on ptolemy.moml.MoMLSimpleApplication@2e7788c
----------------- Done invoking toplevel() on ptolemy.moml.MoMLSimpleApplication@2e7788c
reloadAllAccessors: .ErrorTransition3

===========================================================================================
----------------- testing Sat Mar 07 22:02:16 UTC 2020 /home/travis/build/icyphy/ptII/ptolemy/domains/modal/test/auto/ErrorTransition4.xml
----------------- Instantiating /home/travis/build/icyphy/ptII/ptolemy/domains/modal/test/auto/ErrorTransition4.xml
12 ms. Memory: 233472K Free: 165553K (71%)
----------------- Invoking toplevel() on ptolemy.moml.MoMLSimpleApplication@4977718d
----------------- Done invoking toplevel() on ptolemy.moml.MoMLSimpleApplication@4977718d
reloadAllAccessors: .ErrorTransition4

===========================================================================================
----------------- testing Sat Mar 07 22:02:16 UTC 2020 /home/travis/build/icyphy/ptII/ptolemy/domains/modal/test/auto/ErrorTransition5.xml
----------------- Instantiating /home/travis/build/icyphy/ptII/ptolemy/domains/modal/test/auto/ErrorTransition5.xml
5 ms. Memory: 233472K Free: 155313K (67%)
----------------- Invoking toplevel() on ptolemy.moml.MoMLSimpleApplication@1a617b00
----------------- Done invoking toplevel() on ptolemy.moml.MoMLSimpleApplication@1a617b00
reloadAllAccessors: .ErrorTransition5

===========================================================================================
----------------- testing Sat Mar 07 22:02:16 UTC 2020 /home/travis/build/icyphy/ptII/ptolemy/domains/modal/test/auto/ErrorTransition6.xml
----------------- Instantiating /home/travis/build/icyphy/ptII/ptolemy/domains/modal/test/auto/ErrorTransition6.xml
6 ms. Memory: 233472K Free: 144559K (62%)
----------------- Invoking toplevel() on ptolemy.moml.MoMLSimpleApplication@62bd916c
----------------- Done invoking toplevel() on ptolemy.moml.MoMLSimpleApplication@62bd916c
reloadAllAccessors: .ErrorTransition6

===========================================================================================
----------------- testing Sat Mar 07 22:02:16 UTC 2020 /home/travis/build/icyphy/ptII/ptolemy/domains/modal/test/auto/ErrorTransition7.xml
----------------- Instantiating /home/travis/build/icyphy/ptII/ptolemy/domains/modal/test/auto/ErrorTransition7.xml
14 ms. Memory: 233472K Free: 131761K (56%)
----------------- Invoking toplevel() on ptolemy.moml.MoMLSimpleApplication@253fa69e
----------------- Done invoking toplevel() on ptolemy.moml.MoMLSimpleApplication@253fa69e
reloadAllAccessors: .ErrorTransition7

===========================================================================================
----------------- testing Sat Mar 07 22:02:16 UTC 2020 /home/travis/build/icyphy/ptII/ptolemy/domains/modal/test/auto/ErrorTransition8.xml
----------------- Instantiating /home/travis/build/icyphy/ptII/ptolemy/domains/modal/test/auto/ErrorTransition8.xml
23 ms. Memory: 233472K Free: 118449K (51%)
----------------- Invoking toplevel() on ptolemy.moml.MoMLSimpleApplication@3e7dc2cf
----------------- Done invoking toplevel() on ptolemy.moml.MoMLSimpleApplication@3e7dc2cf
reloadAllAccessors: .ErrorTransition8

===========================================================================================
----------------- testing Sat Mar 07 22:02:16 UTC 2020 /home/travis/build/icyphy/ptII/ptolemy/domains/modal/test/auto/ErrorTransition9.xml
----------------- Instantiating /home/travis/build/icyphy/ptII/ptolemy/domains/modal/test/auto/ErrorTransition9.xml
11 ms. Memory: 233472K Free: 105137K (45%)
----------------- Invoking toplevel() on ptolemy.moml.MoMLSimpleApplication@53b109f6
----------------- Done invoking toplevel() on ptolemy.moml.MoMLSimpleApplication@53b109f6
reloadAllAccessors: .ErrorTransition9

===========================================================================================
----------------- testing Sat Mar 07 22:02:16 UTC 2020 /home/travis/build/icyphy/ptII/ptolemy/domains/modal/test/auto/ExtendedFSM.xml
----------------- Instantiating /home/travis/build/icyphy/ptII/ptolemy/domains/modal/test/auto/ExtendedFSM.xml
5 ms. Memory: 233472K Free: 96417K (41%)
----------------- Invoking toplevel() on ptolemy.moml.MoMLSimpleApplication@6930a5c8
----------------- Done invoking toplevel() on ptolemy.moml.MoMLSimpleApplication@6930a5c8
reloadAllAccessors: .ExtendedFSM

===========================================================================================
----------------- testing Sat Mar 07 22:02:16 UTC 2020 /home/travis/build/icyphy/ptII/ptolemy/domains/modal/test/auto/FinalStates.xml
----------------- Instantiating /home/travis/build/icyphy/ptII/ptolemy/domains/modal/test/auto/FinalStates.xml
6 ms. Memory: 233472K Free: 88239K (38%)
----------------- Invoking toplevel() on ptolemy.moml.MoMLSimpleApplication@516ef3da
----------------- Done invoking toplevel() on ptolemy.moml.MoMLSimpleApplication@516ef3da
reloadAllAccessors: .FinalStates

===========================================================================================
----------------- testing Sat Mar 07 22:02:16 UTC 2020 /home/travis/build/icyphy/ptII/ptolemy/domains/modal/test/auto/FixedPointFSM.xml
----------------- Instantiating /home/travis/build/icyphy/ptII/ptolemy/domains/modal/test/auto/FixedPointFSM.xml
18 ms. Memory: 233472K Free: 206511K (88%)
----------------- Invoking toplevel() on ptolemy.moml.MoMLSimpleApplication@7b559866
----------------- Done invoking toplevel() on ptolemy.moml.MoMLSimpleApplication@7b559866
reloadAllAccessors: .FixedPointFSM

===========================================================================================
----------------- testing Sat Mar 07 22:02:16 UTC 2020 /home/travis/build/icyphy/ptII/ptolemy/domains/modal/test/auto/FixedPointIterationFSMActor.xml
----------------- Instantiating /home/travis/build/icyphy/ptII/ptolemy/domains/modal/test/auto/FixedPointIterationFSMActor.xml
7 ms. Memory: 233472K Free: 195751K (84%)
----------------- Invoking toplevel() on ptolemy.moml.MoMLSimpleApplication@264fcc3c
----------------- Done invoking toplevel() on ptolemy.moml.MoMLSimpleApplication@264fcc3c
reloadAllAccessors: .FixedPointIterationFSMActor

===========================================================================================
----------------- testing Sat Mar 07 22:02:16 UTC 2020 /home/travis/build/icyphy/ptII/ptolemy/domains/modal/test/auto/FixedPointIterationFSMActor2.xml
----------------- Instantiating /home/travis/build/icyphy/ptII/ptolemy/domains/modal/test/auto/FixedPointIterationFSMActor2.xml
14 ms. Memory: 233472K Free: 183469K (79%)
----------------- Invoking toplevel() on ptolemy.moml.MoMLSimpleApplication@31d1bc47
----------------- Done invoking toplevel() on ptolemy.moml.MoMLSimpleApplication@31d1bc47
reloadAllAccessors: .FixedPointIterationFSMActor2

===========================================================================================
----------------- testing Sat Mar 07 22:02:16 UTC 2020 /home/travis/build/icyphy/ptII/ptolemy/domains/modal/test/auto/ForbiddenInstantanousLoop.xml
----------------- Instantiating /home/travis/build/icyphy/ptII/ptolemy/domains/modal/test/auto/ForbiddenInstantanousLoop.xml
6 ms. Memory: 233472K Free: 171167K (73%)
----------------- Invoking toplevel() on ptolemy.moml.MoMLSimpleApplication@455b7fbd
----------------- Done invoking toplevel() on ptolemy.moml.MoMLSimpleApplication@455b7fbd
reloadAllAccessors: .ForbiddenInstantanousLoop

===========================================================================================
----------------- testing Sat Mar 07 22:02:16 UTC 2020 /home/travis/build/icyphy/ptII/ptolemy/domains/modal/test/auto/FunctionDependencyOfFSMActorTest.xml
----------------- Instantiating /home/travis/build/icyphy/ptII/ptolemy/domains/modal/test/auto/FunctionDependencyOfFSMActorTest.xml
13 ms. Memory: 233472K Free: 164527K (70%)
----------------- Invoking toplevel() on ptolemy.moml.MoMLSimpleApplication@7a716a7c
----------------- Done invoking toplevel() on ptolemy.moml.MoMLSimpleApplication@7a716a7c
reloadAllAccessors: .FunctionDependencyOfFSMActorTest

===========================================================================================
----------------- testing Sat Mar 07 22:02:16 UTC 2020 /home/travis/build/icyphy/ptII/ptolemy/domains/modal/test/auto/GuardExpression.xml
----------------- Instantiating /home/travis/build/icyphy/ptII/ptolemy/domains/modal/test/auto/GuardExpression.xml
1 ms. Memory: 233472K Free: 159407K (68%)
----------------- Invoking toplevel() on ptolemy.moml.MoMLSimpleApplication@2d10b43e
----------------- Done invoking toplevel() on ptolemy.moml.MoMLSimpleApplication@2d10b43e
reloadAllAccessors: .GuardExpression

===========================================================================================
----------------- testing Sat Mar 07 22:02:16 UTC 2020 /home/travis/build/icyphy/ptII/ptolemy/domains/modal/test/auto/GuardNotEvaluated.xml
----------------- Instantiating /home/travis/build/icyphy/ptII/ptolemy/domains/modal/test/auto/GuardNotEvaluated.xml
6 ms. Memory: 233472K Free: 150687K (65%)
----------------- Invoking toplevel() on ptolemy.moml.MoMLSimpleApplication@2b4f25e1
----------------- Done invoking toplevel() on ptolemy.moml.MoMLSimpleApplication@2b4f25e1
reloadAllAccessors: .GuardNotEvaluated

===========================================================================================
----------------- testing Sat Mar 07 22:02:16 UTC 2020 /home/travis/build/icyphy/ptII/ptolemy/domains/modal/test/auto/GuardNotEvaluated2.xml
----------------- Instantiating /home/travis/build/icyphy/ptII/ptolemy/domains/modal/test/auto/GuardNotEvaluated2.xml
5 ms. Memory: 233472K Free: 140975K (60%)
----------------- Invoking toplevel() on ptolemy.moml.MoMLSimpleApplication@38b1d01
----------------- Done invoking toplevel() on ptolemy.moml.MoMLSimpleApplication@38b1d01
reloadAllAccessors: .GuardNotEvaluated2

===========================================================================================
----------------- testing Sat Mar 07 22:02:16 UTC 2020 /home/travis/build/icyphy/ptII/ptolemy/domains/modal/test/auto/GuardOnAbsent.xml
----------------- Instantiating /home/travis/build/icyphy/ptII/ptolemy/domains/modal/test/auto/GuardOnAbsent.xml
8 ms. Memory: 233472K Free: 133287K (57%)
----------------- Invoking toplevel() on ptolemy.moml.MoMLSimpleApplication@2c1861e4
----------------- Done invoking toplevel() on ptolemy.moml.MoMLSimpleApplication@2c1861e4
reloadAllAccessors: .GuardOnAbsent

===========================================================================================
----------------- testing Sat Mar 07 22:02:16 UTC 2020 /home/travis/build/icyphy/ptII/ptolemy/domains/modal/test/auto/HierarchicalFSMTypeInference.xml
----------------- Instantiating /home/travis/build/icyphy/ptII/ptolemy/domains/modal/test/auto/HierarchicalFSMTypeInference.xml
5 ms. Memory: 233472K Free: 122543K (52%)
----------------- Invoking toplevel() on ptolemy.moml.MoMLSimpleApplication@34408cb4
----------------- Done invoking toplevel() on ptolemy.moml.MoMLSimpleApplication@34408cb4
reloadAllAccessors: .HierarchicalFSMTypeInference

===========================================================================================
----------------- testing Sat Mar 07 22:02:16 UTC 2020 /home/travis/build/icyphy/ptII/ptolemy/domains/modal/test/auto/Hysteresis.xml
----------------- Instantiating /home/travis/build/icyphy/ptII/ptolemy/domains/modal/test/auto/Hysteresis.xml
13 ms. Memory: 233472K Free: 109231K (47%)
----------------- Invoking toplevel() on ptolemy.moml.MoMLSimpleApplication@7d1ddfd9
----------------- Done invoking toplevel() on ptolemy.moml.MoMLSimpleApplication@7d1ddfd9
reloadAllAccessors: .Hysteresis

===========================================================================================
----------------- testing Sat Mar 07 22:02:16 UTC 2020 /home/travis/build/icyphy/ptII/ptolemy/domains/modal/test/auto/HysteresisWithDefault.xml
----------------- Instantiating /home/travis/build/icyphy/ptII/ptolemy/domains/modal/test/auto/HysteresisWithDefault.xml
41 ms. Memory: 233472K Free: 86703K (37%)
----------------- Invoking toplevel() on ptolemy.moml.MoMLSimpleApplication@648cc2b0
----------------- Done invoking toplevel() on ptolemy.moml.MoMLSimpleApplication@648cc2b0
reloadAllAccessors: .HysteresisWithDefault

===========================================================================================
----------------- testing Sat Mar 07 22:02:16 UTC 2020 /home/travis/build/icyphy/ptII/ptolemy/domains/modal/test/auto/HysteresisWithDefault2.xml
----------------- Instantiating /home/travis/build/icyphy/ptII/ptolemy/domains/modal/test/auto/HysteresisWithDefault2.xml
38 ms. Memory: 233472K Free: 190572K (82%)
----------------- Invoking toplevel() on ptolemy.moml.MoMLSimpleApplication@4008eee8
----------------- Done invoking toplevel() on ptolemy.moml.MoMLSimpleApplication@4008eee8
reloadAllAccessors: .HysteresisWithDefault2

===========================================================================================
----------------- testing Sat Mar 07 22:02:16 UTC 2020 /home/travis/build/icyphy/ptII/ptolemy/domains/modal/test/auto/ImmediateNonConstructiveness.xml
----------------- Instantiating /home/travis/build/icyphy/ptII/ptolemy/domains/modal/test/auto/ImmediateNonConstructiveness.xml
3 ms. Memory: 233472K Free: 182929K (78%)
----------------- Invoking toplevel() on ptolemy.moml.MoMLSimpleApplication@bab4b63
----------------- Done invoking toplevel() on ptolemy.moml.MoMLSimpleApplication@bab4b63
reloadAllAccessors: .ImmediateNonConstructiveness

===========================================================================================
----------------- testing Sat Mar 07 22:02:16 UTC 2020 /home/travis/build/icyphy/ptII/ptolemy/domains/modal/test/auto/ImmediateNonConstructiveness2.xml
----------------- Instantiating /home/travis/build/icyphy/ptII/ptolemy/domains/modal/test/auto/ImmediateNonConstructiveness2.xml
2 ms. Memory: 233472K Free: 176271K (75%)
----------------- Invoking toplevel() on ptolemy.moml.MoMLSimpleApplication@74cac768
----------------- Done invoking toplevel() on ptolemy.moml.MoMLSimpleApplication@74cac768
reloadAllAccessors: .ImmediateNonConstructiveness2

===========================================================================================
----------------- testing Sat Mar 07 22:02:16 UTC 2020 /home/travis/build/icyphy/ptII/ptolemy/domains/modal/test/auto/ImmediateTransitionReset.xml
----------------- Instantiating /home/travis/build/icyphy/ptII/ptolemy/domains/modal/test/auto/ImmediateTransitionReset.xml
6 ms. Memory: 233472K Free: 163983K (70%)
----------------- Invoking toplevel() on ptolemy.moml.MoMLSimpleApplication@3a666472
----------------- Done invoking toplevel() on ptolemy.moml.MoMLSimpleApplication@3a666472
reloadAllAccessors: .ImmediateTransitionReset

===========================================================================================
----------------- testing Sat Mar 07 22:02:16 UTC 2020 /home/travis/build/icyphy/ptII/ptolemy/domains/modal/test/auto/ImmediateTransitions1.xml
----------------- Instantiating /home/travis/build/icyphy/ptII/ptolemy/domains/modal/test/auto/ImmediateTransitions1.xml
1 ms. Memory: 233472K Free: 158863K (68%)
----------------- Invoking toplevel() on ptolemy.moml.MoMLSimpleApplication@149e35ba
----------------- Done invoking toplevel() on ptolemy.moml.MoMLSimpleApplication@149e35ba
reloadAllAccessors: .ImmediateTransitions1

===========================================================================================
----------------- testing Sat Mar 07 22:02:16 UTC 2020 /home/travis/build/icyphy/ptII/ptolemy/domains/modal/test/auto/ImmediateTransitionsInstantaneousCommunication.xml
----------------- Instantiating /home/travis/build/icyphy/ptII/ptolemy/domains/modal/test/auto/ImmediateTransitionsInstantaneousCommunication.xml
3 ms. Memory: 233472K Free: 146575K (63%)
----------------- Invoking toplevel() on ptolemy.moml.MoMLSimpleApplication@538b3eb2
----------------- Done invoking toplevel() on ptolemy.moml.MoMLSimpleApplication@538b3eb2
reloadAllAccessors: .ImmediateTransitionsInstantaneousCommunication

===========================================================================================
----------------- testing Sat Mar 07 22:02:16 UTC 2020 /home/travis/build/icyphy/ptII/ptolemy/domains/modal/test/auto/InitialImmediateTransition.xml
----------------- Instantiating /home/travis/build/icyphy/ptII/ptolemy/domains/modal/test/auto/InitialImmediateTransition.xml
3 ms. Memory: 233472K Free: 139401K (60%)
----------------- Invoking toplevel() on ptolemy.moml.MoMLSimpleApplication@359d31c1
----------------- Done invoking toplevel() on ptolemy.moml.MoMLSimpleApplication@359d31c1
reloadAllAccessors: .InitialImmediateTransition

===========================================================================================
----------------- testing Sat Mar 07 22:02:16 UTC 2020 /home/travis/build/icyphy/ptII/ptolemy/domains/modal/test/auto/InitialOutputs.xml
----------------- Instantiating /home/travis/build/icyphy/ptII/ptolemy/domains/modal/test/auto/InitialOutputs.xml
3 ms. Memory: 233472K Free: 133263K (57%)
----------------- Invoking toplevel() on ptolemy.moml.MoMLSimpleApplication@12314376
----------------- Done invoking toplevel() on ptolemy.moml.MoMLSimpleApplication@12314376
reloadAllAccessors: .InitialOutputs

===========================================================================================
----------------- testing Sat Mar 07 22:02:16 UTC 2020 /home/travis/build/icyphy/ptII/ptolemy/domains/modal/test/auto/InitialStateTransition1.xml
----------------- Instantiating /home/travis/build/icyphy/ptII/ptolemy/domains/modal/test/auto/InitialStateTransition1.xml
2 ms. Memory: 233472K Free: 126095K (54%)
----------------- Invoking toplevel() on ptolemy.moml.MoMLSimpleApplication@2e385ab7
----------------- Done invoking toplevel() on ptolemy.moml.MoMLSimpleApplication@2e385ab7
reloadAllAccessors: .InitialStateTransition1

===========================================================================================
----------------- testing Sat Mar 07 22:02:16 UTC 2020 /home/travis/build/icyphy/ptII/ptolemy/domains/modal/test/auto/InitialStateTransition2.xml
----------------- Instantiating /home/travis/build/icyphy/ptII/ptolemy/domains/modal/test/auto/InitialStateTransition2.xml
.InitialStateTransition2.TestExceptionAttributeNonConstructive: initialize() was not invoked, but wrapup() was.  This is unusual, but not always a problem.  For example, exporting JNLP will do this.
3 ms. Memory: 233472K Free: 118927K (51%)
----------------- Invoking toplevel() on ptolemy.moml.MoMLSimpleApplication@58c4819b
----------------- Done invoking toplevel() on ptolemy.moml.MoMLSimpleApplication@58c4819b
reloadAllAccessors: .InitialStateTransition2

===========================================================================================
----------------- testing Sat Mar 07 22:02:16 UTC 2020 /home/travis/build/icyphy/ptII/ptolemy/domains/modal/test/auto/InitialStateTransition3.xml
----------------- Instantiating /home/travis/build/icyphy/ptII/ptolemy/domains/modal/test/auto/InitialStateTransition3.xml
4 ms. Memory: 233472K Free: 110735K (47%)
----------------- Invoking toplevel() on ptolemy.moml.MoMLSimpleApplication@5d8ffa33
----------------- Done invoking toplevel() on ptolemy.moml.MoMLSimpleApplication@5d8ffa33
reloadAllAccessors: .InitialStateTransition3

===========================================================================================
----------------- testing Sat Mar 07 22:02:16 UTC 2020 /home/travis/build/icyphy/ptII/ptolemy/domains/modal/test/auto/InitialStateTransition4.xml
----------------- Instantiating /home/travis/build/icyphy/ptII/ptolemy/domains/modal/test/auto/InitialStateTransition4.xml
3 ms. Memory: 233472K Free: 101009K (43%)
----------------- Invoking toplevel() on ptolemy.moml.MoMLSimpleApplication@651bc456
----------------- Done invoking toplevel() on ptolemy.moml.MoMLSimpleApplication@651bc456
[...]
reloadAllAccessors: .TerminationTransition3

===========================================================================================
----------------- testing Sat Mar 07 22:02:18 UTC 2020 /home/travis/build/icyphy/ptII/ptolemy/domains/modal/test/auto/TerminationTransition4.xml
----------------- Instantiating /home/travis/build/icyphy/ptII/ptolemy/domains/modal/test/auto/TerminationTransition4.xml
4 ms. Memory: 308224K Free: 213885K (69%)
----------------- Invoking toplevel() on ptolemy.moml.MoMLSimpleApplication@62f2d72e
----------------- Done invoking toplevel() on ptolemy.moml.MoMLSimpleApplication@62f2d72e
reloadAllAccessors: .TerminationTransition4

===========================================================================================
----------------- testing Sat Mar 07 22:02:18 UTC 2020 /home/travis/build/icyphy/ptII/ptolemy/domains/modal/test/auto/TerminationTransition5.xml
----------------- Instantiating /home/travis/build/icyphy/ptII/ptolemy/domains/modal/test/auto/TerminationTransition5.xml
2 ms. Memory: 308224K Free: 200059K (65%)
----------------- Invoking toplevel() on ptolemy.moml.MoMLSimpleApplication@1d78ec9c
----------------- Done invoking toplevel() on ptolemy.moml.MoMLSimpleApplication@1d78ec9c
reloadAllAccessors: .TerminationTransition5

===========================================================================================
----------------- testing Sat Mar 07 22:02:18 UTC 2020 /home/travis/build/icyphy/ptII/ptolemy/domains/modal/test/auto/TerminationTransition6.xml
----------------- Instantiating /home/travis/build/icyphy/ptII/ptolemy/domains/modal/test/auto/TerminationTransition6.xml
1 ms. Memory: 308224K Free: 191357K (62%)
----------------- Invoking toplevel() on ptolemy.moml.MoMLSimpleApplication@468c256d
----------------- Done invoking toplevel() on ptolemy.moml.MoMLSimpleApplication@468c256d
reloadAllAccessors: .TerminationTransition6

===========================================================================================
----------------- testing Sat Mar 07 22:02:18 UTC 2020 /home/travis/build/icyphy/ptII/ptolemy/domains/modal/test/auto/TerminationTransition7.xml
----------------- Instantiating /home/travis/build/icyphy/ptII/ptolemy/domains/modal/test/auto/TerminationTransition7.xml
2 ms. Memory: 308224K Free: 182141K (59%)
----------------- Invoking toplevel() on ptolemy.moml.MoMLSimpleApplication@1cd98e3
----------------- Done invoking toplevel() on ptolemy.moml.MoMLSimpleApplication@1cd98e3
reloadAllAccessors: .TerminationTransition7

===========================================================================================
----------------- testing Sat Mar 07 22:02:18 UTC 2020 /home/travis/build/icyphy/ptII/ptolemy/domains/modal/test/auto/TerminationTransition8.xml
----------------- Instantiating /home/travis/build/icyphy/ptII/ptolemy/domains/modal/test/auto/TerminationTransition8.xml
1 ms. Memory: 308224K Free: 172411K (56%)
----------------- Invoking toplevel() on ptolemy.moml.MoMLSimpleApplication@7cf4ccf0
----------------- Done invoking toplevel() on ptolemy.moml.MoMLSimpleApplication@7cf4ccf0
reloadAllAccessors: .TerminationTransition8

===========================================================================================
----------------- testing Sat Mar 07 22:02:18 UTC 2020 /home/travis/build/icyphy/ptII/ptolemy/domains/modal/test/auto/Thermostat_NoHysteresis.xml
----------------- Instantiating /home/travis/build/icyphy/ptII/ptolemy/domains/modal/test/auto/Thermostat_NoHysteresis.xml
23 ms. Memory: 308224K Free: 147828K (48%)
----------------- Invoking toplevel() on ptolemy.moml.MoMLSimpleApplication@39423464
----------------- Done invoking toplevel() on ptolemy.moml.MoMLSimpleApplication@39423464
reloadAllAccessors: .Thermostat_NoHysteresis

===========================================================================================
----------------- testing Sat Mar 07 22:02:18 UTC 2020 /home/travis/build/icyphy/ptII/ptolemy/domains/modal/test/auto/TimedFSM.xml
----------------- Instantiating /home/travis/build/icyphy/ptII/ptolemy/domains/modal/test/auto/TimedFSM.xml
5 ms. Memory: 308224K Free: 136061K (44%)
----------------- Invoking toplevel() on ptolemy.moml.MoMLSimpleApplication@4c71209
----------------- Done invoking toplevel() on ptolemy.moml.MoMLSimpleApplication@4c71209
reloadAllAccessors: .TimedFSM

===========================================================================================
----------------- testing Sat Mar 07 22:02:18 UTC 2020 /home/travis/build/icyphy/ptII/ptolemy/domains/modal/test/auto/Timeout1.xml
----------------- Instantiating /home/travis/build/icyphy/ptII/ptolemy/domains/modal/test/auto/Timeout1.xml
3 ms. Memory: 308224K Free: 130412K (42%)
----------------- Invoking toplevel() on ptolemy.moml.MoMLSimpleApplication@4c5a6e14
----------------- Done invoking toplevel() on ptolemy.moml.MoMLSimpleApplication@4c5a6e14
reloadAllAccessors: .Timeout1

===========================================================================================
----------------- testing Sat Mar 07 22:02:18 UTC 2020 /home/travis/build/icyphy/ptII/ptolemy/domains/modal/test/auto/Timeout2.xml
----------------- Instantiating /home/travis/build/icyphy/ptII/ptolemy/domains/modal/test/auto/Timeout2.xml
4 ms. Memory: 308224K Free: 121725K (39%)
----------------- Invoking toplevel() on ptolemy.moml.MoMLSimpleApplication@30902a8f
----------------- Done invoking toplevel() on ptolemy.moml.MoMLSimpleApplication@30902a8f
reloadAllAccessors: .Timeout2

===========================================================================================
----------------- testing Sat Mar 07 22:02:18 UTC 2020 /home/travis/build/icyphy/ptII/ptolemy/domains/modal/test/auto/Timeout3.xml
----------------- Instantiating /home/travis/build/icyphy/ptII/ptolemy/domains/modal/test/auto/Timeout3.xml
1 ms. Memory: 308224K Free: 116605K (38%)
----------------- Invoking toplevel() on ptolemy.moml.MoMLSimpleApplication@1f4cd3bc
----------------- Done invoking toplevel() on ptolemy.moml.MoMLSimpleApplication@1f4cd3bc
reloadAllAccessors: .Timeout3

===========================================================================================
----------------- testing Sat Mar 07 22:02:18 UTC 2020 /home/travis/build/icyphy/ptII/ptolemy/domains/modal/test/auto/Timeout4.xml
----------------- Instantiating /home/travis/build/icyphy/ptII/ptolemy/domains/modal/test/auto/Timeout4.xml
2 ms. Memory: 308224K Free: 111485K (36%)
----------------- Invoking toplevel() on ptolemy.moml.MoMLSimpleApplication@24d3bc88
----------------- Done invoking toplevel() on ptolemy.moml.MoMLSimpleApplication@24d3bc88
reloadAllAccessors: .Timeout4

===========================================================================================
----------------- testing Sat Mar 07 22:02:18 UTC 2020 /home/travis/build/icyphy/ptII/ptolemy/domains/modal/test/auto/TransientstateModelAdvanced.xml
----------------- Instantiating /home/travis/build/icyphy/ptII/ptolemy/domains/modal/test/auto/TransientstateModelAdvanced.xml
3 ms. Memory: 308224K Free: 278364K (90%)
----------------- Invoking toplevel() on ptolemy.moml.MoMLSimpleApplication@56c1ef44
----------------- Done invoking toplevel() on ptolemy.moml.MoMLSimpleApplication@56c1ef44
reloadAllAccessors: .TransientstateModelAdvanced

===========================================================================================
----------------- testing Sat Mar 07 22:02:18 UTC 2020 /home/travis/build/icyphy/ptII/ptolemy/domains/modal/test/auto/TransientstateModelAdvanced2.xml
----------------- Instantiating /home/travis/build/icyphy/ptII/ptolemy/domains/modal/test/auto/TransientstateModelAdvanced2.xml
2 ms. Memory: 308224K Free: 264028K (86%)
----------------- Invoking toplevel() on ptolemy.moml.MoMLSimpleApplication@74f18816
----------------- Done invoking toplevel() on ptolemy.moml.MoMLSimpleApplication@74f18816
reloadAllAccessors: .transientstatemodelAdvanced

===========================================================================================
----------------- testing Sat Mar 07 22:02:18 UTC 2020 /home/travis/build/icyphy/ptII/ptolemy/domains/modal/test/auto/TransitionRefinements.xml
----------------- Instantiating /home/travis/build/icyphy/ptII/ptolemy/domains/modal/test/auto/TransitionRefinements.xml
4 ms. Memory: 308224K Free: 254284K (82%)
----------------- Invoking toplevel() on ptolemy.moml.MoMLSimpleApplication@3628b5b6
----------------- Done invoking toplevel() on ptolemy.moml.MoMLSimpleApplication@3628b5b6
reloadAllAccessors: .TransitionRefinements

===========================================================================================
----------------- testing Sat Mar 07 22:02:18 UTC 2020 /home/travis/build/icyphy/ptII/ptolemy/domains/modal/test/auto/TwoRefinements1.xml
----------------- Instantiating /home/travis/build/icyphy/ptII/ptolemy/domains/modal/test/auto/TwoRefinements1.xml
2 ms. Memory: 308224K Free: 244572K (79%)
----------------- Invoking toplevel() on ptolemy.moml.MoMLSimpleApplication@53e4c23
----------------- Done invoking toplevel() on ptolemy.moml.MoMLSimpleApplication@53e4c23
reloadAllAccessors: .TwoRefinements1

===========================================================================================
----------------- testing Sat Mar 07 22:02:18 UTC 2020 /home/travis/build/icyphy/ptII/ptolemy/domains/modal/test/auto/TwoRefinements2.xml
----------------- Instantiating /home/travis/build/icyphy/ptII/ptolemy/domains/modal/test/auto/TwoRefinements2.xml
1 ms. Memory: 308224K Free: 234332K (76%)
----------------- Invoking toplevel() on ptolemy.moml.MoMLSimpleApplication@5fafd6e3
----------------- Done invoking toplevel() on ptolemy.moml.MoMLSimpleApplication@5fafd6e3
reloadAllAccessors: .TwoRefinements2

===========================================================================================
----------------- testing Sat Mar 07 22:02:18 UTC 2020 /home/travis/build/icyphy/ptII/ptolemy/domains/modal/test/auto/WeakImmediateTransition.xml
----------------- Instantiating /home/travis/build/icyphy/ptII/ptolemy/domains/modal/test/auto/WeakImmediateTransition.xml
2 ms. Memory: 308224K Free: 225626K (73%)
----------------- Invoking toplevel() on ptolemy.moml.MoMLSimpleApplication@32a13bc9
----------------- Done invoking toplevel() on ptolemy.moml.MoMLSimpleApplication@32a13bc9
reloadAllAccessors: .WeakImmediateTransition

===========================================================================================
----------------- testing Sat Mar 07 22:02:19 UTC 2020 /home/travis/build/icyphy/ptII/ptolemy/domains/modal/test/auto/booleanSelect.xml
----------------- Instantiating /home/travis/build/icyphy/ptII/ptolemy/domains/modal/test/auto/booleanSelect.xml
26 ms. Memory: 308224K Free: 207708K (67%)
----------------- Invoking toplevel() on ptolemy.moml.MoMLSimpleApplication@67321f2a
----------------- Done invoking toplevel() on ptolemy.moml.MoMLSimpleApplication@67321f2a
reloadAllAccessors: .booleanSelect

===========================================================================================
----------------- testing Sat Mar 07 22:02:19 UTC 2020 /home/travis/build/icyphy/ptII/ptolemy/domains/modal/test/auto/modalChangingParams.xml
----------------- Instantiating /home/travis/build/icyphy/ptII/ptolemy/domains/modal/test/auto/modalChangingParams.xml
0
1
0
2
4
6
8
7
0
2
4
6
8
13
0
2
4
6
8
19
0
2
4
6
8
25
0
2
4
6
8
31
0
2
4
6
8
37
0
2
4
6
8
43
0
2
4
6
8
49
0
2
4
6
8
55
0
2
4
6
8
61
0
2
4
6
8
67
0
2
4
6
8
73
0
2
4
6
8
79
0
2
4
6
8
85
0
2
4
6
8
91
0
2
4
6
8
97
0
2
4
6
8
103
0
2
4
6
8
109
0
2
4
6
8
115
0
2
4
6
8
121
0
2
4
6
8
127
0
2
4
6
8
133
0
2
4
6
8
139
0
2
4
6
8
145
0
2
4
6
8
151
0
2
4
6
8
157
0
2
4
6
8
163
0
2
4
6
8
169
0
2
4
6
8
175
0
2
4
6
8
181
0
2
4
6
8
187
0
2
4
6
8
193
0
2
4
6
8
199
0
2
4
6
8
205
0
2
4
6
8
211
0
2
4
6
8
217
0
2
4
6
8
223
0
2
4
6
8
229
0
2
4
6
8
235
0
2
4
6
8
241
0
2
4
6
8
247
0
2
4
6
8
253
0
2
4
6
8
259
0
2
4
6
8
265
0
2
4
6
8
271
0
2
4
6
8
277
0
2
4
6
8
283
0
2
4
6
8
289
0
2
4
6
8
295
0
2
4
6
8
301
0
2
4
6
8
307
0
2
4
6
8
313
0
2
4
6
8
319
0
2
4
6
8
325
0
2
4
6
8
331
0
2
4
6
8
337
0
2
4
6
8
343
0
2
4
6
8
349
0
2
4
6
8
355
0
2
4
6
8
361
0
2
4
6
8
367
0
2
4
6
8
373
0
2
4
6
8
379
0
2
4
6
8
385
0
2
4
6
8
391
0
2
4
6
8
397
0
2
4
6
8
403
0
2
4
6
8
409
0
2
4
6
8
415
0
2
4
6
8
421
0
2
4
6
8
427
0
2
4
6
8
433
0
2
4
6
8
439
0
2
4
6
8
445
0
2
4
6
8
451
0
2
4
6
8
457
0
2
4
6
8
463
0
2
4
6
8
469
0
2
4
6
8
475
0
2
4
6
8
481
0
2
4
6
8
487
0
2
4
6
8
493
0
2
4
6
8
499
0
2
4
6
8
505
0
2
4
6
8
511
0
2
4
6
8
517
0
2
4
6
8
523
0
2
4
6
8
529
0
2
4
6
8
535
0
2
4
6
8
541
0
2
4
6
8
547
0
2
4
6
8
553
0
2
4
6
8
559
0
2
4
6
8
565
0
2
4
6
8
571
0
2
4
6
8
577
0
2
4
6
8
583
0
2
4
6
8
589
0
2
4
6
8
595
0
2
4
6
8
601
0
2
4
6
8
607
0
2
4
6
8
613
0
2
4
6
8
619
0
2
4
6
8
625
0
2
4
6
8
631
0
2
4
6
8
637
0
2
4
6
8
643
0
2
4
6
8
649
0
2
4
6
8
655
0
2
4
6
8
661
0
2
4
6
8
667
0
2
4
6
8
673
0
2
4
6
8
679
0
2
4
6
8
685
0
2
4
6
8
691
0
2
4
6
8
697
0
2
4
6
8
703
0
2
4
6
8
709
0
2
4
6
8
715
0
2
4
6
8
721
0
2
4
6
8
727
0
2
4
6
8
733
0
2
4
6
8
739
0
2
4
6
8
745
0
2
4
6
8
751
0
2
4
6
8
757
0
2
4
6
8
763
0
2
4
6
8
769
0
2
4
6
8
775
0
2
4
6
8
781
0
2
4
6
8
787
0
2
4
6
8
793
0
2
4
6
8
799
0
2
4
6
8
805
0
2
4
6
8
811
0
2
4
6
8
817
0
2
4
6
8
823
0
2
4
6
8
829
0
2
4
6
8
835
0
2
4
6
8
841
0
2
4
6
8
847
0
2
4
6
8
853
0
2
4
6
8
859
0
2
4
6
8
865
0
2
4
6
8
871
0
2
4
6
8
877
0
2
4
6
8
883
0
2
4
6
8
889
0
2
4
6
8
895
0
2
4
6
8
901
0
2
4
6
8
907
0
2
4
6
8
913
0
2
4
6
8
919
0
2
4
6
8
925
0
2
4
6
8
931
0
2
4
6
8
937
0
2
4
6
8
943
0
2
4
6
8
949
0
2
4
6
8
955
0
2
4
6
8
961
0
2
4
6
8
967
0
2
4
6
8
973
0
2
4
6
8
979
0
2
4
6
8
985
0
2
4
6
8
991
0
2
4
6
8
997
0
2
241 ms. Memory: 378880K Free: 343917K (91%)
----------------- Invoking toplevel() on ptolemy.moml.MoMLSimpleApplication@d61100
----------------- Done invoking toplevel() on ptolemy.moml.MoMLSimpleApplication@d61100
reloadAllAccessors: .modalChangingParams

===========================================================================================
----------------- testing Sat Mar 07 22:02:19 UTC 2020 /home/travis/build/icyphy/ptII/ptolemy/domains/modal/test/auto/modalModel.xml
----------------- Instantiating /home/travis/build/icyphy/ptII/ptolemy/domains/modal/test/auto/modalModel.xml
14 ms. Memory: 378880K Free: 334701K (88%)
----------------- Invoking toplevel() on ptolemy.moml.MoMLSimpleApplication@345c9cff
----------------- Done invoking toplevel() on ptolemy.moml.MoMLSimpleApplication@345c9cff
reloadAllAccessors: .modalModel

===========================================================================================
----------------- testing Sat Mar 07 22:02:19 UTC 2020 /home/travis/build/icyphy/ptII/ptolemy/domains/modal/test/auto/modalModel2.xml
----------------- Instantiating /home/travis/build/icyphy/ptII/ptolemy/domains/modal/test/auto/modalModel2.xml
12 ms. Memory: 378880K Free: 323933K (85%)
----------------- Invoking toplevel() on ptolemy.moml.MoMLSimpleApplication@1e2a6d2c
----------------- Done invoking toplevel() on ptolemy.moml.MoMLSimpleApplication@1e2a6d2c
reloadAllAccessors: .modalModel2

===========================================================================================
----------------- testing Sat Mar 07 22:02:19 UTC 2020 /home/travis/build/icyphy/ptII/ptolemy/domains/modal/test/auto/modalModel3.xml
----------------- Instantiating /home/travis/build/icyphy/ptII/ptolemy/domains/modal/test/auto/modalModel3.xml
0	0	0
1	0	1
4	2	2
7	4	3
10	6	4
5	0	5
8	2	6
11	4	7
14	6	8
9	0	9
12	2	10
15	4	11
18	6	12
13	0	13
16	2	14
16 ms. Memory: 378880K Free: 309101K (82%)
----------------- Invoking toplevel() on ptolemy.moml.MoMLSimpleApplication@18c5a25
----------------- Done invoking toplevel() on ptolemy.moml.MoMLSimpleApplication@18c5a25
reloadAllAccessors: .modalModel3

===========================================================================================
----------------- testing Sat Mar 07 22:02:19 UTC 2020 /home/travis/build/icyphy/ptII/ptolemy/domains/modal/test/auto/model1.xml
----------------- Instantiating /home/travis/build/icyphy/ptII/ptolemy/domains/modal/test/auto/model1.xml
10 ms. Memory: 378880K Free: 303437K (80%)
----------------- Invoking toplevel() on ptolemy.moml.MoMLSimpleApplication@27bee1e6
----------------- Done invoking toplevel() on ptolemy.moml.MoMLSimpleApplication@27bee1e6
reloadAllAccessors: .model1

===========================================================================================
----------------- testing Sat Mar 07 22:02:19 UTC 2020 /home/travis/build/icyphy/ptII/ptolemy/domains/modal/test/auto/test-direct-in-out.xml
----------------- Instantiating /home/travis/build/icyphy/ptII/ptolemy/domains/modal/test/auto/test-direct-in-out.xml
7 ms. Memory: 378880K Free: 295789K (78%)
----------------- Invoking toplevel() on ptolemy.moml.MoMLSimpleApplication@3347fc0f
----------------- Done invoking toplevel() on ptolemy.moml.MoMLSimpleApplication@3347fc0f
reloadAllAccessors: .test-direct-in-out
AutoTests.java: About to close Vertx.
AutoTests.java: Vertx closed.
]]></system-out>
  <system-err><![CDATA[java.lang.RuntimeException: Execution failed
	at ptolemy.moml.MoMLSimpleApplication$UnloadThread.run(MoMLSimpleApplication.java:402)
Caused by: ptolemy.kernel.util.IllegalActionException: Unknown inputs remain. Possible causality loop:
L_model_1893289564i

  in .CannotAnalysisWithPreemption.model_1893289564_region_1 and .CannotAnalysisWithPreemption.model_1893289564_region_1.L_model_1893289564i
	at ptolemy.actor.sched.FixedPointDirector.postfire(FixedPointDirector.java:515)
	at ptolemy.domains.sr.kernel.SRDirector.postfire(SRDirector.java:417)
	at ptolemy.actor.CompositeActor.postfire(CompositeActor.java:1668)
	at ptolemy.actor.Manager.iterate(Manager.java:852)
	at ptolemy.actor.Manager.execute(Manager.java:369)
	at ptolemy.actor.Manager.run(Manager.java:1263)
	at ptolemy.actor.Manager$PtolemyRunThread.run(Manager.java:1933)
java.lang.reflect.InvocationTargetException
	at java.base/jdk.internal.reflect.NativeConstructorAccessorImpl.newInstance0(Native Method)
	at java.base/jdk.internal.reflect.NativeConstructorAccessorImpl.newInstance(NativeConstructorAccessorImpl.java:62)
	at java.base/jdk.internal.reflect.DelegatingConstructorAccessorImpl.newInstance(DelegatingConstructorAccessorImpl.java:45)
	at java.base/java.lang.reflect.Constructor.newInstance(Constructor.java:490)
	at ptolemy.util.test.junit.AutoKnownFailedTests.RunModel(AutoKnownFailedTests.java:105)
	at java.base/jdk.internal.reflect.NativeMethodAccessorImpl.invoke0(Native Method)
	at java.base/jdk.internal.reflect.NativeMethodAccessorImpl.invoke(NativeMethodAccessorImpl.java:62)
	at java.base/jdk.internal.reflect.DelegatingMethodAccessorImpl.invoke(DelegatingMethodAccessorImpl.java:43)
	at java.base/java.lang.reflect.Method.invoke(Method.java:566)
	at org.junit.runners.model.FrameworkMethod$1.runReflectiveCall(FrameworkMethod.java:44)
	at org.junit.internal.runners.model.ReflectiveCallable.run(ReflectiveCallable.java:15)
	at org.junit.runners.model.FrameworkMethod.invokeExplosively(FrameworkMethod.java:41)
	at junitparams.internal.InvokeParameterisedMethod.evaluate(InvokeParameterisedMethod.java:102)
	at org.junit.internal.runners.statements.FailOnTimeout$1.run(FailOnTimeout.java:28)
Caused by: ptolemy.kernel.util.IllegalActionException: Unknown inputs remain. Possible causality loop:
L_model_1893289564i

  in .CannotAnalysisWithPreemption.model_1893289564_region_1 and .CannotAnalysisWithPreemption.model_1893289564_region_1.L_model_1893289564i
	at ptolemy.actor.sched.FixedPointDirector.postfire(FixedPointDirector.java:515)
	at ptolemy.domains.sr.kernel.SRDirector.postfire(SRDirector.java:417)
	at ptolemy.actor.CompositeActor.postfire(CompositeActor.java:1668)
	at ptolemy.actor.Manager.iterate(Manager.java:852)
	at ptolemy.actor.Manager.execute(Manager.java:369)
	at ptolemy.actor.Manager.run(Manager.java:1263)
	at ptolemy.actor.Manager$PtolemyRunThread.run(Manager.java:1933)
]]></system-err>
</testsuite>
