<?xml version="1.0" encoding="UTF-8" ?>
<testsuite errors="0" failures="0" hostname="travis-job-d96a7339-1870-4ad7-8852-238635595e91" name="ptolemy.domains.de.test.junit.JUnitTclTest" skipped="0" tests="101" time="136.394" timestamp="2019-09-09T05:34:06">
  <properties>
[...]
</properties>
  <testcase classname="ptolemy.util.test.junit.TclTests" name="[0] /home/travis/build/icyphy/ptII/ptolemy/domains/de/test/DependencyLoop.tcl (RunTclFile)" time="1.256" />
  <testcase classname="ptolemy.util.test.junit.TclTests" name="[1] /home/travis/build/icyphy/ptII/ptolemy/domains/de/test/RunDETestsAsQSS.tcl (RunTclFile)" time="92.657" />
  <testcase classname="ptolemy.util.test.junit.AutoKnownFailedTests" name="[0] /home/travis/build/icyphy/ptII/ptolemy/domains/de/test/auto/knownFailedTests/DESDFClockTest.xml (RunModel)" time="2.035" />
  <testcase classname="ptolemy.util.test.junit.AutoKnownFailedTests" name="[1] /home/travis/build/icyphy/ptII/ptolemy/domains/de/test/auto/knownFailedTests/DirectFeedback.xml (RunModel)" time="0.017" />
  <testcase classname="ptolemy.util.test.junit.AutoKnownFailedTests" name="[2] /home/travis/build/icyphy/ptII/ptolemy/domains/de/test/auto/knownFailedTests/FSMSource.xml (RunModel)" time="0.027" />
  <testcase classname="ptolemy.util.test.junit.AutoKnownFailedTests" name="[3] /home/travis/build/icyphy/ptII/ptolemy/domains/de/test/auto/knownFailedTests/HierarchicalModel.xml (RunModel)" time="0.048" />
  <testcase classname="ptolemy.util.test.junit.AutoKnownFailedTests" name="[4] /home/travis/build/icyphy/ptII/ptolemy/domains/de/test/auto/knownFailedTests/dependencyLoop.xml (RunModel)" time="0.04" />
  <testcase classname="ptolemy.util.test.junit.AutoKnownFailedTests" name="[5] /home/travis/build/icyphy/ptII/ptolemy/domains/de/test/auto/knownFailedTests/dependencyLoop2.xml (RunModel)" time="0.04" />
  <testcase classname="ptolemy.util.test.junit.AutoNameArchTests" name="[0] ThereAreNoAutoArchTests (RunModel)" time="0.004" />
  <testcase classname="ptolemy.util.test.junit.AutoTests" name="[0] /home/travis/build/icyphy/ptII/ptolemy/domains/de/test/auto/ActorDepthCalculation_actorWithoutPorts.xml (RunModel)" time="0.027" />
  <testcase classname="ptolemy.util.test.junit.AutoTests" name="[1] /home/travis/build/icyphy/ptII/ptolemy/domains/de/test/auto/AssemblyLine.xml (RunModel)" time="0.032" />
  <testcase classname="ptolemy.util.test.junit.AutoTests" name="[2] /home/travis/build/icyphy/ptII/ptolemy/domains/de/test/auto/CQBug1.xml (RunModel)" time="0.013" />
  <testcase classname="ptolemy.util.test.junit.AutoTests" name="[3] /home/travis/build/icyphy/ptII/ptolemy/domains/de/test/auto/CancelFireAt.xml (RunModel)" time="0.015" />
  <testcase classname="ptolemy.util.test.junit.AutoTests" name="[4] /home/travis/build/icyphy/ptII/ptolemy/domains/de/test/auto/CausalityAndComposabilityAnalysis.xml (RunModel)" time="0.015" />
  <testcase classname="ptolemy.util.test.junit.AutoTests" name="[5] /home/travis/build/icyphy/ptII/ptolemy/domains/de/test/auto/CausalityInterface1.xml (RunModel)" time="0.018" />
  <testcase classname="ptolemy.util.test.junit.AutoTests" name="[6] /home/travis/build/icyphy/ptII/ptolemy/domains/de/test/auto/CausalityInterface15.xml (RunModel)" time="0.019" />
  <testcase classname="ptolemy.util.test.junit.AutoTests" name="[7] /home/travis/build/icyphy/ptII/ptolemy/domains/de/test/auto/CausalityInterface2.xml (RunModel)" time="0.015" />
  <testcase classname="ptolemy.util.test.junit.AutoTests" name="[8] /home/travis/build/icyphy/ptII/ptolemy/domains/de/test/auto/CausalityInterface3.xml (RunModel)" time="0.017" />
  <testcase classname="ptolemy.util.test.junit.AutoTests" name="[9] /home/travis/build/icyphy/ptII/ptolemy/domains/de/test/auto/ClockDrift.xml (RunModel)" time="0.042" />
  <testcase classname="ptolemy.util.test.junit.AutoTests" name="[10] /home/travis/build/icyphy/ptII/ptolemy/domains/de/test/auto/ClockDriftAndValueChange.xml (RunModel)" time="0.035" />
  <testcase classname="ptolemy.util.test.junit.AutoTests" name="[11] /home/travis/build/icyphy/ptII/ptolemy/domains/de/test/auto/ClockDriftChange.xml (RunModel)" time="0.036" />
  <testcase classname="ptolemy.util.test.junit.AutoTests" name="[12] /home/travis/build/icyphy/ptII/ptolemy/domains/de/test/auto/ComposableCausalityAnalysis.xml (RunModel)" time="0.015" />
  <testcase classname="ptolemy.util.test.junit.AutoTests" name="[13] /home/travis/build/icyphy/ptII/ptolemy/domains/de/test/auto/DEFixedPointLimitation.xml (RunModel)" time="0.011" />
  <testcase classname="ptolemy.util.test.junit.AutoTests" name="[14] /home/travis/build/icyphy/ptII/ptolemy/domains/de/test/auto/DEScheduleTest.xml (RunModel)" time="0.016" />
  <testcase classname="ptolemy.util.test.junit.AutoTests" name="[15] /home/travis/build/icyphy/ptII/ptolemy/domains/de/test/auto/DEinDEwithStartTimes.xml (RunModel)" time="0.018" />
  <testcase classname="ptolemy.util.test.junit.AutoTests" name="[16] /home/travis/build/icyphy/ptII/ptolemy/domains/de/test/auto/DEinDEwithStartTimes2.xml (RunModel)" time="0.018" />
  <testcase classname="ptolemy.util.test.junit.AutoTests" name="[17] /home/travis/build/icyphy/ptII/ptolemy/domains/de/test/auto/DateDemo.xml (RunModel)" time="0.038" />
  <testcase classname="ptolemy.util.test.junit.AutoTests" name="[18] /home/travis/build/icyphy/ptII/ptolemy/domains/de/test/auto/DateToEvent.xml (RunModel)" time="2.045" />
  <testcase classname="ptolemy.util.test.junit.AutoTests" name="[19] /home/travis/build/icyphy/ptII/ptolemy/domains/de/test/auto/DepthTest1.xml (RunModel)" time="0.009" />
  <testcase classname="ptolemy.util.test.junit.AutoTests" name="[20] /home/travis/build/icyphy/ptII/ptolemy/domains/de/test/auto/DepthTest2.xml (RunModel)" time="0.023" />
  <testcase classname="ptolemy.util.test.junit.AutoTests" name="[21] /home/travis/build/icyphy/ptII/ptolemy/domains/de/test/auto/DepthTest3.xml (RunModel)" time="0.012" />
  <testcase classname="ptolemy.util.test.junit.AutoTests" name="[22] /home/travis/build/icyphy/ptII/ptolemy/domains/de/test/auto/DepthTest4.xml (RunModel)" time="0.03" />
  <testcase classname="ptolemy.util.test.junit.AutoTests" name="[23] /home/travis/build/icyphy/ptII/ptolemy/domains/de/test/auto/DepthTest5.xml (RunModel)" time="0.028" />
  <testcase classname="ptolemy.util.test.junit.AutoTests" name="[24] /home/travis/build/icyphy/ptII/ptolemy/domains/de/test/auto/DepthTest6.xml (RunModel)" time="0.018" />
  <testcase classname="ptolemy.util.test.junit.AutoTests" name="[25] /home/travis/build/icyphy/ptII/ptolemy/domains/de/test/auto/DepthTest7.xml (RunModel)" time="0.012" />
  <testcase classname="ptolemy.util.test.junit.AutoTests" name="[26] /home/travis/build/icyphy/ptII/ptolemy/domains/de/test/auto/EventToDate.xml (RunModel)" time="3.054" />
  <testcase classname="ptolemy.util.test.junit.AutoTests" name="[27] /home/travis/build/icyphy/ptII/ptolemy/domains/de/test/auto/FSM1.xml (RunModel)" time="0.044" />
  <testcase classname="ptolemy.util.test.junit.AutoTests" name="[28] /home/travis/build/icyphy/ptII/ptolemy/domains/de/test/auto/FSM7.xml (RunModel)" time="0.058" />
  <testcase classname="ptolemy.util.test.junit.AutoTests" name="[29] /home/travis/build/icyphy/ptII/ptolemy/domains/de/test/auto/Inspection.xml (RunModel)" time="0.047" />
  <testcase classname="ptolemy.util.test.junit.AutoTests" name="[30] /home/travis/build/icyphy/ptII/ptolemy/domains/de/test/auto/Iteration.xml (RunModel)" time="0.03" />
  <testcase classname="ptolemy.util.test.junit.AutoTests" name="[31] /home/travis/build/icyphy/ptII/ptolemy/domains/de/test/auto/LineFault.xml (RunModel)" time="0.681" />
  <testcase classname="ptolemy.util.test.junit.AutoTests" name="[32] /home/travis/build/icyphy/ptII/ptolemy/domains/de/test/auto/MergeModel1Add.xml (RunModel)" time="0.074" />
  <testcase classname="ptolemy.util.test.junit.AutoTests" name="[33] /home/travis/build/icyphy/ptII/ptolemy/domains/de/test/auto/MergeModel2Add.xml (RunModel)" time="0.047" />
  <testcase classname="ptolemy.util.test.junit.AutoTests" name="[34] /home/travis/build/icyphy/ptII/ptolemy/domains/de/test/auto/MergeModel3Add.xml (RunModel)" time="0.046" />
  <testcase classname="ptolemy.util.test.junit.AutoTests" name="[35] /home/travis/build/icyphy/ptII/ptolemy/domains/de/test/auto/MergeWithoutDiscard.xml (RunModel)" time="0.022" />
  <testcase classname="ptolemy.util.test.junit.AutoTests" name="[36] /home/travis/build/icyphy/ptII/ptolemy/domains/de/test/auto/Modal1.xml (RunModel)" time="0.031" />
  <testcase classname="ptolemy.util.test.junit.AutoTests" name="[37] /home/travis/build/icyphy/ptII/ptolemy/domains/de/test/auto/Modal2.xml (RunModel)" time="0.034" />
  <testcase classname="ptolemy.util.test.junit.AutoTests" name="[38] /home/travis/build/icyphy/ptII/ptolemy/domains/de/test/auto/Modal3.xml (RunModel)" time="0.042" />
  <testcase classname="ptolemy.util.test.junit.AutoTests" name="[39] /home/travis/build/icyphy/ptII/ptolemy/domains/de/test/auto/Modal4.xml (RunModel)" time="0.036" />
  <testcase classname="ptolemy.util.test.junit.AutoTests" name="[40] /home/travis/build/icyphy/ptII/ptolemy/domains/de/test/auto/Modal5.xml (RunModel)" time="0.035" />
  <testcase classname="ptolemy.util.test.junit.AutoTests" name="[41] /home/travis/build/icyphy/ptII/ptolemy/domains/de/test/auto/Modal6.xml (RunModel)" time="0.028" />
  <testcase classname="ptolemy.util.test.junit.AutoTests" name="[42] /home/travis/build/icyphy/ptII/ptolemy/domains/de/test/auto/Modal7.xml (RunModel)" time="0.032" />
  <testcase classname="ptolemy.util.test.junit.AutoTests" name="[43] /home/travis/build/icyphy/ptII/ptolemy/domains/de/test/auto/ModalModel.xml (RunModel)" time="0.194" />
  <testcase classname="ptolemy.util.test.junit.AutoTests" name="[44] /home/travis/build/icyphy/ptII/ptolemy/domains/de/test/auto/ModalSource.xml (RunModel)" time="0.029" />
  <testcase classname="ptolemy.util.test.junit.AutoTests" name="[45] /home/travis/build/icyphy/ptII/ptolemy/domains/de/test/auto/NonInterruptibleTimerZeroDelay.xml (RunModel)" time="0.013" />
  <testcase classname="ptolemy.util.test.junit.AutoTests" name="[46] /home/travis/build/icyphy/ptII/ptolemy/domains/de/test/auto/OpenQueueingNetwork.xml (RunModel)" time="2.418" />
  <testcase classname="ptolemy.util.test.junit.AutoTests" name="[47] /home/travis/build/icyphy/ptII/ptolemy/domains/de/test/auto/OpenQueuingNetwork.xml (RunModel)" time="0.285" />
  <testcase classname="ptolemy.util.test.junit.AutoTests" name="[48] /home/travis/build/icyphy/ptII/ptolemy/domains/de/test/auto/PeriodicSampler.xml (RunModel)" time="0.012" />
  <testcase classname="ptolemy.util.test.junit.AutoTests" name="[49] /home/travis/build/icyphy/ptII/ptolemy/domains/de/test/auto/PersistentIO.xml (RunModel)" time="0.027" />
  <testcase classname="ptolemy.util.test.junit.AutoTests" name="[50] /home/travis/build/icyphy/ptII/ptolemy/domains/de/test/auto/PortParameterResetOnInitialize.xml (RunModel)" time="0.01" />
  <testcase classname="ptolemy.util.test.junit.AutoTests" name="[51] /home/travis/build/icyphy/ptII/ptolemy/domains/de/test/auto/PortParameterUpdates.xml (RunModel)" time="0.015" />
  <testcase classname="ptolemy.util.test.junit.AutoTests" name="[52] /home/travis/build/icyphy/ptII/ptolemy/domains/de/test/auto/QueueAndServer.xml (RunModel)" time="0.021" />
  <testcase classname="ptolemy.util.test.junit.AutoTests" name="[53] /home/travis/build/icyphy/ptII/ptolemy/domains/de/test/auto/Records.xml (RunModel)" time="0.016" />
  <testcase classname="ptolemy.util.test.junit.AutoTests" name="[54] /home/travis/build/icyphy/ptII/ptolemy/domains/de/test/auto/ResetTransitionWithStartTime1.xml (RunModel)" time="0.025" />
  <testcase classname="ptolemy.util.test.junit.AutoTests" name="[55] /home/travis/build/icyphy/ptII/ptolemy/domains/de/test/auto/ResetTransitionWithStartTime2.xml (RunModel)" time="0.03" />
  <testcase classname="ptolemy.util.test.junit.AutoTests" name="[56] /home/travis/build/icyphy/ptII/ptolemy/domains/de/test/auto/ResetTransitionWithStartTime3.xml (RunModel)" time="0.021" />
  <testcase classname="ptolemy.util.test.junit.AutoTests" name="[57] /home/travis/build/icyphy/ptII/ptolemy/domains/de/test/auto/ResetTransitionWithStartTime4.xml (RunModel)" time="0.019" />
  <testcase classname="ptolemy.util.test.junit.AutoTests" name="[58] /home/travis/build/icyphy/ptII/ptolemy/domains/de/test/auto/ResettableTimer1.xml (RunModel)" time="0.01" />
  <testcase classname="ptolemy.util.test.junit.AutoTests" name="[59] /home/travis/build/icyphy/ptII/ptolemy/domains/de/test/auto/ResettableTimer2.xml (RunModel)" time="0.011" />
  <testcase classname="ptolemy.util.test.junit.AutoTests" name="[60] /home/travis/build/icyphy/ptII/ptolemy/domains/de/test/auto/ResettableTimer3.xml (RunModel)" time="0.009" />
  <testcase classname="ptolemy.util.test.junit.AutoTests" name="[61] /home/travis/build/icyphy/ptII/ptolemy/domains/de/test/auto/ResettableTimer4.xml (RunModel)" time="0.011" />
  <testcase classname="ptolemy.util.test.junit.AutoTests" name="[62] /home/travis/build/icyphy/ptII/ptolemy/domains/de/test/auto/ResettableTimer5.xml (RunModel)" time="0.012" />
  <testcase classname="ptolemy.util.test.junit.AutoTests" name="[63] /home/travis/build/icyphy/ptII/ptolemy/domains/de/test/auto/ResettableTimer6.xml (RunModel)" time="0.018" />
  <testcase classname="ptolemy.util.test.junit.AutoTests" name="[64] /home/travis/build/icyphy/ptII/ptolemy/domains/de/test/auto/ServerZeroDelay.xml (RunModel)" time="0.014" />
  <testcase classname="ptolemy.util.test.junit.AutoTests" name="[65] /home/travis/build/icyphy/ptII/ptolemy/domains/de/test/auto/SmartSender.xml (RunModel)" time="3.01" />
  <testcase classname="ptolemy.util.test.junit.AutoTests" name="[66] /home/travis/build/icyphy/ptII/ptolemy/domains/de/test/auto/ThreadedComposite.xml (RunModel)" time="0.354" />
  <testcase classname="ptolemy.util.test.junit.AutoTests" name="[67] /home/travis/build/icyphy/ptII/ptolemy/domains/de/test/auto/Time.xml (RunModel)" time="0.439" />
  <testcase classname="ptolemy.util.test.junit.AutoTests" name="[68] /home/travis/build/icyphy/ptII/ptolemy/domains/de/test/auto/TimeDelayZeroDelay.xml (RunModel)" time="0.018" />
  <testcase classname="ptolemy.util.test.junit.AutoTests" name="[69] /home/travis/build/icyphy/ptII/ptolemy/domains/de/test/auto/TimerZeroDelay.xml (RunModel)" time="0.012" />
  <testcase classname="ptolemy.util.test.junit.AutoTests" name="[70] /home/travis/build/icyphy/ptII/ptolemy/domains/de/test/auto/TimingParadox.xml (RunModel)" time="0.371" />
  <testcase classname="ptolemy.util.test.junit.AutoTests" name="[71] /home/travis/build/icyphy/ptII/ptolemy/domains/de/test/auto/TransferInputs.xml (RunModel)" time="0.015" />
  <testcase classname="ptolemy.util.test.junit.AutoTests" name="[72] /home/travis/build/icyphy/ptII/ptolemy/domains/de/test/auto/TransferOutputs2.xml (RunModel)" time="0.016" />
  <testcase classname="ptolemy.util.test.junit.AutoTests" name="[73] /home/travis/build/icyphy/ptII/ptolemy/domains/de/test/auto/Trilateration.xml (RunModel)" time="13.104" />
  <testcase classname="ptolemy.util.test.junit.AutoTests" name="[74] /home/travis/build/icyphy/ptII/ptolemy/domains/de/test/auto/TwoSigmaDelta.xml (RunModel)" time="2.15" />
  <testcase classname="ptolemy.util.test.junit.AutoTests" name="[75] /home/travis/build/icyphy/ptII/ptolemy/domains/de/test/auto/VariableDelay.xml (RunModel)" time="0.013" />
  <testcase classname="ptolemy.util.test.junit.AutoTests" name="[76] /home/travis/build/icyphy/ptII/ptolemy/domains/de/test/auto/VariableDelay2.xml (RunModel)" time="0.014" />
  <testcase classname="ptolemy.util.test.junit.AutoTests" name="[77] /home/travis/build/icyphy/ptII/ptolemy/domains/de/test/auto/VariableDelayZeroDelay.xml (RunModel)" time="0.013" />
  <testcase classname="ptolemy.util.test.junit.AutoTests" name="[78] /home/travis/build/icyphy/ptII/ptolemy/domains/de/test/auto/VariableDelayZeroDelay2.xml (RunModel)" time="0.011" />
  <testcase classname="ptolemy.util.test.junit.AutoTests" name="[79] /home/travis/build/icyphy/ptII/ptolemy/domains/de/test/auto/deInCt.xml (RunModel)" time="0.021" />
  <testcase classname="ptolemy.util.test.junit.AutoTests" name="[80] /home/travis/build/icyphy/ptII/ptolemy/domains/de/test/auto/deInCt2.xml (RunModel)" time="0.015" />
  <testcase classname="ptolemy.util.test.junit.AutoTests" name="[81] /home/travis/build/icyphy/ptII/ptolemy/domains/de/test/auto/dynamicCausalityInterface1.xml (RunModel)" time="0.017" />
  <testcase classname="ptolemy.util.test.junit.AutoTests" name="[82] /home/travis/build/icyphy/ptII/ptolemy/domains/de/test/auto/fsm_de_test.xml (RunModel)" time="0.026" />
  <testcase classname="ptolemy.util.test.junit.AutoTests" name="[83] /home/travis/build/icyphy/ptII/ptolemy/domains/de/test/auto/functionDependencyReconstruction.xml (RunModel)" time="0.032" />
  <testcase classname="ptolemy.util.test.junit.AutoTests" name="[84] /home/travis/build/icyphy/ptII/ptolemy/domains/de/test/auto/multirate.xml (RunModel)" time="0.016" />
  <testcase classname="ptolemy.util.test.junit.AutoTests" name="[85] /home/travis/build/icyphy/ptII/ptolemy/domains/de/test/auto/multirate2.xml (RunModel)" time="0.018" />
  <testcase classname="ptolemy.util.test.junit.AutoTests" name="[86] /home/travis/build/icyphy/ptII/ptolemy/domains/de/test/auto/realtime.xml (RunModel)" time="10.011" />
  <testcase classname="ptolemy.util.test.junit.AutoTests" name="[87] /home/travis/build/icyphy/ptII/ptolemy/domains/de/test/auto/relationGroup.xml (RunModel)" time="0.012" />
  <testcase classname="ptolemy.util.test.junit.AutoTests" name="[88] /home/travis/build/icyphy/ptII/ptolemy/domains/de/test/auto/relationGroup2.xml (RunModel)" time="0.007" />
  <testcase classname="ptolemy.util.test.junit.AutoTests" name="[89] /home/travis/build/icyphy/ptII/ptolemy/domains/de/test/auto/sortWithOpaquePorts.xml (RunModel)" time="0.017" />
  <testcase classname="ptolemy.util.test.junit.AutoTests" name="[90] /home/travis/build/icyphy/ptII/ptolemy/domains/de/test/auto/transferInputsandOutputs.xml (RunModel)" time="0.019" />
  <testcase classname="ptolemy.util.test.junit.AutoTests" name="[91] /home/travis/build/icyphy/ptII/ptolemy/domains/de/test/auto/triggerType.xml (RunModel)" time="0.01" />
  <system-out><![CDATA[/home/travis/build/icyphy/ptII/ptolemy/domains/de/test/DependencyLoop.tcl
testDefs.tcl: setting time out to 9000 seconds at Mon Sep 09 05:34:06 UTC 2019
125 ms. Memory: 120832K Free: 72006K (60%)
25 ms. Memory: 120832K Free: 54598K (45%)
/home/travis/build/icyphy/ptII/ptolemy/domains/de/test/RunDETestsAsQSS.tcl
Run the DE tests using ptolemy.domains.qss.test.QSSDirectorTest, which extends QSSDirector and prints a message in the constructors.
------------------ testing $PTII/ptolemy/domains/de/test/auto/knownFailedTests/DirectFeedback.xml (Known Failure) 
59 ms. Memory: 120832K Free: 48454K (40%)


==== $PTIIhome/travis/build/icyphy/ptII/ptolemy/domains/de/test/../../../../: Auto Automatic test in file $PTII/ptolemy/domains/de/test/auto/knownFailedTests/DirectFeedback.xml
==== Contents of test case:

	    # FIXME: we should use $relativeFilename here, but it
	    # might have backslashes under Windows, which causes no end
	    # of trouble.
	    createAndExecute $file
	    list {}
	
.... Test generated KNOWN error:
    while executing
ptolemy.kernel.util.IllegalActionException: Test fails in iteration 1.
Value was: 1.0. Should have been: 2.0
  in .DirectFeedback.Test
	at ptolemy.actor.lib.Test.fire(Test.java:268)
	at ptolemy.domains.de.kernel.DEDirector._fire(DEDirector.java:1949)
	at ptolemy.domains.de.kernel.DEDirector.fire(DEDirector.java:502)
	at ptolemy.actor.CompositeActor.fire(CompositeActor.java:455)
	at ptolemy.actor.Manager.iterate(Manager.java:851)
	at ptolemy.actor.Manager.execute(Manager.java:369)
	at ptolemy.actor.Manager.run(Manager.java:1263)
	at ptolemy.actor.Manager$PtolemyRunThread.run(Manager.java:1933)

    while executing
ptolemy.kernel.util.IllegalActionException: Test fails in iteration 1.
Value was: 1.0. Should have been: 2.0
  in .DirectFeedback.Test
    while executing
"java::new ptolemy.moml.MoMLSimpleApplication $file
"
    (procedure "createAndExecute" line 2)
    invoked from within
"createAndExecute $file"
    ("uplevel" body line 5)
    invoked from within
"uplevel $contents_of_test"
------------------ testing $PTII/ptolemy/domains/de/test/auto/knownFailedTests/dependencyLoop.xml (Known Failure) 
26 ms. Memory: 120832K Free: 108382K (90%)


==== $PTIIhome/travis/build/icyphy/ptII/ptolemy/domains/de/test/../../../../: Auto Automatic test in file $PTII/ptolemy/domains/de/test/auto/knownFailedTests/dependencyLoop.xml
==== Contents of test case:

	    # FIXME: we should use $relativeFilename here, but it
	    # might have backslashes under Windows, which causes no end
	    # of trouble.
	    createAndExecute $file
	    list {}
	
.... Test generated KNOWN error:
    while executing
ptolemy.kernel.util.IllegalActionException: Found a zero delay loop containing .dependencyLoop.original
  in .dependencyLoop and .dependencyLoop.original
	at ptolemy.actor.util.CausalityInterfaceForComposites._computeOutputPortDepth(CausalityInterfaceForComposites.java:759)
	at ptolemy.actor.util.CausalityInterfaceForComposites._computeInputDepth(CausalityInterfaceForComposites.java:696)
	at ptolemy.actor.util.CausalityInterfaceForComposites._computeOutputPortDepth(CausalityInterfaceForComposites.java:765)
	at ptolemy.actor.util.CausalityInterfaceForComposites._computeInputDepth(CausalityInterfaceForComposites.java:696)
	at ptolemy.actor.util.CausalityInterfaceForComposites._computeOutputPortDepth(CausalityInterfaceForComposites.java:765)
	at ptolemy.actor.util.CausalityInterfaceForComposites._computeInputDepth(CausalityInterfaceForComposites.java:696)
	at ptolemy.actor.util.CausalityInterfaceForComposites._computeActorDepth(CausalityInterfaceForComposites.java:532)
	at ptolemy.actor.util.CausalityInterfaceForComposites.checkForCycles(CausalityInterfaceForComposites.java:96)
	at ptolemy.domains.de.kernel.DEDirector.preinitialize(DEDirector.java:1338)
	at ptolemy.actor.CompositeActor.preinitialize(CompositeActor.java:1828)
	at ptolemy.actor.Manager.preinitializeAndResolveTypes(Manager.java:1040)
	at ptolemy.actor.Manager.initialize(Manager.java:710)
	at ptolemy.actor.Manager.execute(Manager.java:356)
	at ptolemy.actor.Manager.run(Manager.java:1263)
	at ptolemy.actor.Manager$PtolemyRunThread.run(Manager.java:1933)

    while executing
ptolemy.kernel.util.IllegalActionException: Found a zero delay loop containing .dependencyLoop.original
  in .dependencyLoop and .dependencyLoop.original
    while executing
"java::new ptolemy.moml.MoMLSimpleApplication $file
"
    (procedure "createAndExecute" line 2)
    invoked from within
"createAndExecute $file"
    ("uplevel" body line 5)
    invoked from within
"uplevel $contents_of_test"
------------------ testing $PTII/ptolemy/domains/de/test/auto/knownFailedTests/FSMSource.xml (Known Failure) 
78 ms. Memory: 120832K Free: 99213K (82%)
!!!! Auto was marked as failing, but now passes
------------------ testing $PTII/ptolemy/domains/de/test/auto/knownFailedTests/HierarchicalModel.xml (Known Failure) 
5 ms. Memory: 120832K Free: 81781K (68%)


==== $PTIIhome/travis/build/icyphy/ptII/ptolemy/domains/de/test/../../../../: Auto Automatic test in file $PTII/ptolemy/domains/de/test/auto/knownFailedTests/HierarchicalModel.xml
==== Contents of test case:

	    # FIXME: we should use $relativeFilename here, but it
	    # might have backslashes under Windows, which causes no end
	    # of trouble.
	    createAndExecute $file
	    list {}
	
.... Test generated KNOWN error:
    while executing
ptolemy.kernel.util.IllegalActionException: Found a zero delay loop containing .HierarchicalModel.A
  in .HierarchicalModel and .HierarchicalModel.A
	at ptolemy.actor.util.CausalityInterfaceForComposites._computeOutputPortDepth(CausalityInterfaceForComposites.java:759)
	at ptolemy.actor.util.CausalityInterfaceForComposites._computeInputDepth(CausalityInterfaceForComposites.java:696)
	at ptolemy.actor.util.CausalityInterfaceForComposites._computeOutputPortDepth(CausalityInterfaceForComposites.java:765)
	at ptolemy.actor.util.CausalityInterfaceForComposites._computeInputDepth(CausalityInterfaceForComposites.java:696)
	at ptolemy.actor.util.CausalityInterfaceForComposites._computeOutputPortDepth(CausalityInterfaceForComposites.java:765)
	at ptolemy.actor.util.CausalityInterfaceForComposites._computeInputDepth(CausalityInterfaceForComposites.java:696)
	at ptolemy.actor.util.CausalityInterfaceForComposites._computeActorDepth(CausalityInterfaceForComposites.java:532)
	at ptolemy.actor.util.CausalityInterfaceForComposites.checkForCycles(CausalityInterfaceForComposites.java:96)
	at ptolemy.domains.de.kernel.DEDirector.preinitialize(DEDirector.java:1338)
	at ptolemy.actor.CompositeActor.preinitialize(CompositeActor.java:1828)
	at ptolemy.actor.Manager.preinitializeAndResolveTypes(Manager.java:1040)
	at ptolemy.actor.Manager.initialize(Manager.java:710)
	at ptolemy.actor.Manager.execute(Manager.java:356)
	at ptolemy.actor.Manager.run(Manager.java:1263)
	at ptolemy.actor.Manager$PtolemyRunThread.run(Manager.java:1933)

    while executing
ptolemy.kernel.util.IllegalActionException: Found a zero delay loop containing .HierarchicalModel.A
  in .HierarchicalModel and .HierarchicalModel.A
    while executing
"java::new ptolemy.moml.MoMLSimpleApplication $file
"
    (procedure "createAndExecute" line 2)
    invoked from within
"createAndExecute $file"
    ("uplevel" body line 5)
    invoked from within
"uplevel $contents_of_test"
------------------ testing $PTII/ptolemy/domains/de/test/auto/knownFailedTests/dependencyLoop2.xml (Known Failure) 
6 ms. Memory: 120832K Free: 65839K (54%)


==== $PTIIhome/travis/build/icyphy/ptII/ptolemy/domains/de/test/../../../../: Auto Automatic test in file $PTII/ptolemy/domains/de/test/auto/knownFailedTests/dependencyLoop2.xml
==== Contents of test case:

	    # FIXME: we should use $relativeFilename here, but it
	    # might have backslashes under Windows, which causes no end
	    # of trouble.
	    createAndExecute $file
	    list {}
	
.... Test generated KNOWN error:
    while executing
ptolemy.kernel.util.IllegalActionException: Found a zero delay loop containing .dependencyLoop2.original
  in .dependencyLoop2 and .dependencyLoop2.original
	at ptolemy.actor.util.CausalityInterfaceForComposites._computeOutputPortDepth(CausalityInterfaceForComposites.java:759)
	at ptolemy.actor.util.CausalityInterfaceForComposites._computeInputDepth(CausalityInterfaceForComposites.java:696)
	at ptolemy.actor.util.CausalityInterfaceForComposites._computeOutputPortDepth(CausalityInterfaceForComposites.java:765)
	at ptolemy.actor.util.CausalityInterfaceForComposites._computeInputDepth(CausalityInterfaceForComposites.java:696)
	at ptolemy.actor.util.CausalityInterfaceForComposites._computeOutputPortDepth(CausalityInterfaceForComposites.java:765)
	at ptolemy.actor.util.CausalityInterfaceForComposites._computeInputDepth(CausalityInterfaceForComposites.java:696)
	at ptolemy.actor.util.CausalityInterfaceForComposites._computeActorDepth(CausalityInterfaceForComposites.java:532)
	at ptolemy.actor.util.CausalityInterfaceForComposites.checkForCycles(CausalityInterfaceForComposites.java:96)
	at ptolemy.domains.de.kernel.DEDirector.preinitialize(DEDirector.java:1338)
	at ptolemy.actor.CompositeActor.preinitialize(CompositeActor.java:1828)
	at ptolemy.actor.Manager.preinitializeAndResolveTypes(Manager.java:1040)
	at ptolemy.actor.Manager.initialize(Manager.java:710)
	at ptolemy.actor.Manager.execute(Manager.java:356)
	at ptolemy.actor.Manager.run(Manager.java:1263)
	at ptolemy.actor.Manager$PtolemyRunThread.run(Manager.java:1933)

    while executing
ptolemy.kernel.util.IllegalActionException: Found a zero delay loop containing .dependencyLoop2.original
  in .dependencyLoop2 and .dependencyLoop2.original
    while executing
"java::new ptolemy.moml.MoMLSimpleApplication $file
"
    (procedure "createAndExecute" line 2)
    invoked from within
"createAndExecute $file"
    ("uplevel" body line 5)
    invoked from within
"uplevel $contents_of_test"
------------------ testing $PTII/ptolemy/domains/de/test/auto/knownFailedTests/DESDFClockTest.xml (Known Failure) 
2077 ms. Memory: 120832K Free: 95861K (79%)


==== $PTIIhome/travis/build/icyphy/ptII/ptolemy/domains/de/test/../../../../: Auto Automatic test in file $PTII/ptolemy/domains/de/test/auto/knownFailedTests/DESDFClockTest.xml
==== Contents of test case:

	    # FIXME: we should use $relativeFilename here, but it
	    # might have backslashes under Windows, which causes no end
	    # of trouble.
	    createAndExecute $file
	    list {}
	
.... Test generated KNOWN error:
    while executing
ptolemy.kernel.util.IllegalActionException: Actor is not ready to fire.  Perhaps UpSample.prefire() returned false? Try debugging the actor by selecting "Listen to Actor".  Also, for SDF check moml for tokenConsumptionRate on input.
  in .DESDFClockTest.Play Bell.Copy1:SDF Director and .DESDFClockTest.Play Bell.UpSample
	at ptolemy.actor.sched.StaticSchedulingDirector.fire(StaticSchedulingDirector.java:227)
	at ptolemy.domains.sdf.kernel.SDFDirector.fire(SDFDirector.java:500)
	at ptolemy.actor.CompositeActor.fire(CompositeActor.java:455)
	at ptolemy.domains.de.kernel.DEDirector._fire(DEDirector.java:1949)
	at ptolemy.domains.de.kernel.DEDirector.fire(DEDirector.java:502)
	at ptolemy.actor.CompositeActor.fire(CompositeActor.java:455)
	at ptolemy.actor.Manager.iterate(Manager.java:851)
	at ptolemy.actor.Manager.execute(Manager.java:369)
	at ptolemy.actor.Manager.run(Manager.java:1263)
	at ptolemy.actor.Manager$PtolemyRunThread.run(Manager.java:1933)

    while executing
ptolemy.kernel.util.IllegalActionException: Actor is not ready to fire.  Perhaps UpSample.prefire() returned false? Try debugging the actor by selecting "Listen to Actor".  Also, for SDF check moml for tokenConsumptionRate on input.
  in .DESDFClockTest.Play Bell.Copy1:SDF Director and .DESDFClockTest.Play Bell.UpSample
    while executing
"java::new ptolemy.moml.MoMLSimpleApplication $file
"
    (procedure "createAndExecute" line 2)
    invoked from within
"createAndExecute $file"
    ("uplevel" body line 5)
    invoked from within
"uplevel $contents_of_test"
------------------ testing $PTII/ptolemy/domains/de/test/auto/ActorDepthCalculation_actorWithoutPorts.xml
auto.tcl: Setting watchdog for 200 seconds at Mon Sep 09 05:34:10 UTC 2019
11 ms. Memory: 120832K Free: 88185K (73%)
ptolemy.util.test.WatchDog.cancel(): canceling Mon Sep 09 05:34:10 UTC 2019
auto.tcl: Setting watchdog for 200 seconds at Mon Sep 09 05:34:10 UTC 2019
11 ms. Memory: 120832K Free: 86632K (72%)
ptolemy.util.test.WatchDog.cancel(): canceling Mon Sep 09 05:34:10 UTC 2019
------------------ testing $PTII/ptolemy/domains/de/test/auto/AssemblyLine.xml
auto.tcl: Setting watchdog for 200 seconds at Mon Sep 09 05:34:11 UTC 2019
24 ms. Memory: 48128K Free: 26792K (56%)
ptolemy.util.test.WatchDog.cancel(): canceling Mon Sep 09 05:34:11 UTC 2019
auto.tcl: Setting watchdog for 200 seconds at Mon Sep 09 05:34:11 UTC 2019
14 ms. Memory: 48128K Free: 25066K (52%)
ptolemy.util.test.WatchDog.cancel(): canceling Mon Sep 09 05:34:11 UTC 2019
------------------ testing $PTII/ptolemy/domains/de/test/auto/CQBug1.xml
auto.tcl: Setting watchdog for 200 seconds at Mon Sep 09 05:34:11 UTC 2019
3 ms. Memory: 48128K Free: 31345K (65%)
ptolemy.util.test.WatchDog.cancel(): canceling Mon Sep 09 05:34:11 UTC 2019
auto.tcl: Setting watchdog for 200 seconds at Mon Sep 09 05:34:11 UTC 2019
3 ms. Memory: 48128K Free: 30896K (64%)
ptolemy.util.test.WatchDog.cancel(): canceling Mon Sep 09 05:34:11 UTC 2019
------------------ testing $PTII/ptolemy/domains/de/test/auto/CancelFireAt.xml
auto.tcl: Setting watchdog for 200 seconds at Mon Sep 09 05:34:11 UTC 2019
14 ms. Memory: 45056K Free: 29685K (66%)
ptolemy.util.test.WatchDog.cancel(): canceling Mon Sep 09 05:34:11 UTC 2019
auto.tcl: Setting watchdog for 200 seconds at Mon Sep 09 05:34:11 UTC 2019
2 ms. Memory: 45056K Free: 29288K (65%)
ptolemy.util.test.WatchDog.cancel(): canceling Mon Sep 09 05:34:11 UTC 2019
------------------ testing $PTII/ptolemy/domains/de/test/auto/CausalityAndComposabilityAnalysis.xml
auto.tcl: Setting watchdog for 200 seconds at Mon Sep 09 05:34:11 UTC 2019
19 ms. Memory: 45056K Free: 27459K (61%)
ptolemy.util.test.WatchDog.cancel(): canceling Mon Sep 09 05:34:11 UTC 2019
auto.tcl: Setting watchdog for 200 seconds at Mon Sep 09 05:34:11 UTC 2019
7 ms. Memory: 45056K Free: 27022K (60%)
ptolemy.util.test.WatchDog.cancel(): canceling Mon Sep 09 05:34:11 UTC 2019
------------------ testing $PTII/ptolemy/domains/de/test/auto/CausalityInterface1.xml
auto.tcl: Setting watchdog for 200 seconds at Mon Sep 09 05:34:11 UTC 2019
32 ms. Memory: 45056K Free: 26385K (59%)
ptolemy.util.test.WatchDog.cancel(): canceling Mon Sep 09 05:34:12 UTC 2019
auto.tcl: Setting watchdog for 200 seconds at Mon Sep 09 05:34:12 UTC 2019
3 ms. Memory: 45056K Free: 25394K (56%)
ptolemy.util.test.WatchDog.cancel(): canceling Mon Sep 09 05:34:12 UTC 2019
------------------ testing $PTII/ptolemy/domains/de/test/auto/CausalityInterface15.xml
auto.tcl: Setting watchdog for 200 seconds at Mon Sep 09 05:34:12 UTC 2019
16 ms. Memory: 45056K Free: 26007K (58%)
ptolemy.util.test.WatchDog.cancel(): canceling Mon Sep 09 05:34:12 UTC 2019
auto.tcl: Setting watchdog for 200 seconds at Mon Sep 09 05:34:12 UTC 2019
4 ms. Memory: 45056K Free: 25326K (56%)
ptolemy.util.test.WatchDog.cancel(): canceling Mon Sep 09 05:34:12 UTC 2019
------------------ testing $PTII/ptolemy/domains/de/test/auto/CausalityInterface2.xml
auto.tcl: Setting watchdog for 200 seconds at Mon Sep 09 05:34:12 UTC 2019
8 ms. Memory: 45056K Free: 27089K (60%)
ptolemy.util.test.WatchDog.cancel(): canceling Mon Sep 09 05:34:12 UTC 2019
auto.tcl: Setting watchdog for 200 seconds at Mon Sep 09 05:34:12 UTC 2019
3 ms. Memory: 45056K Free: 25948K (58%)
ptolemy.util.test.WatchDog.cancel(): canceling Mon Sep 09 05:34:12 UTC 2019
------------------ testing $PTII/ptolemy/domains/de/test/auto/CausalityInterface3.xml
auto.tcl: Setting watchdog for 200 seconds at Mon Sep 09 05:34:12 UTC 2019
9 ms. Memory: 45056K Free: 26556K (59%)
ptolemy.util.test.WatchDog.cancel(): canceling Mon Sep 09 05:34:12 UTC 2019
auto.tcl: Setting watchdog for 200 seconds at Mon Sep 09 05:34:12 UTC 2019
4 ms. Memory: 45056K Free: 25760K (57%)
ptolemy.util.test.WatchDog.cancel(): canceling Mon Sep 09 05:34:12 UTC 2019
------------------ testing $PTII/ptolemy/domains/de/test/auto/ClockDrift.xml
auto.tcl: Setting watchdog for 200 seconds at Mon Sep 09 05:34:12 UTC 2019
56 ms. Memory: 45056K Free: 19151K (43%)
ptolemy.util.test.WatchDog.cancel(): canceling Mon Sep 09 05:34:12 UTC 2019
auto.tcl: Setting watchdog for 200 seconds at Mon Sep 09 05:34:12 UTC 2019
44 ms. Memory: 45056K Free: 15736K (35%)
ptolemy.util.test.WatchDog.cancel(): canceling Mon Sep 09 05:34:12 UTC 2019
------------------ testing $PTII/ptolemy/domains/de/test/auto/ClockDriftAndValueChange.xml
auto.tcl: Setting watchdog for 200 seconds at Mon Sep 09 05:34:12 UTC 2019
51 ms. Memory: 45056K Free: 19508K (43%)
ptolemy.util.test.WatchDog.cancel(): canceling Mon Sep 09 05:34:12 UTC 2019
auto.tcl: Setting watchdog for 200 seconds at Mon Sep 09 05:34:12 UTC 2019
43 ms. Memory: 45056K Free: 16377K (36%)
ptolemy.util.test.WatchDog.cancel(): canceling Mon Sep 09 05:34:12 UTC 2019
------------------ testing $PTII/ptolemy/domains/de/test/auto/ClockDriftChange.xml
auto.tcl: Setting watchdog for 200 seconds at Mon Sep 09 05:34:12 UTC 2019
21 ms. Memory: 45056K Free: 21277K (47%)
ptolemy.util.test.WatchDog.cancel(): canceling Mon Sep 09 05:34:12 UTC 2019
auto.tcl: Setting watchdog for 200 seconds at Mon Sep 09 05:34:12 UTC 2019
24 ms. Memory: 45056K Free: 18735K (42%)
ptolemy.util.test.WatchDog.cancel(): canceling Mon Sep 09 05:34:12 UTC 2019
------------------ testing $PTII/ptolemy/domains/de/test/auto/ComposableCausalityAnalysis.xml
auto.tcl: Setting watchdog for 200 seconds at Mon Sep 09 05:34:12 UTC 2019
3 ms. Memory: 45056K Free: 25951K (58%)
ptolemy.util.test.WatchDog.cancel(): canceling Mon Sep 09 05:34:12 UTC 2019
auto.tcl: Setting watchdog for 200 seconds at Mon Sep 09 05:34:12 UTC 2019
3 ms. Memory: 45056K Free: 24880K (55%)
ptolemy.util.test.WatchDog.cancel(): canceling Mon Sep 09 05:34:12 UTC 2019
------------------ testing $PTII/ptolemy/domains/de/test/auto/DEFixedPointLimitation.xml
auto.tcl: Setting watchdog for 200 seconds at Mon Sep 09 05:34:13 UTC 2019
3 ms. Memory: 45056K Free: 27274K (61%)
ptolemy.util.test.WatchDog.cancel(): canceling Mon Sep 09 05:34:13 UTC 2019
auto.tcl: Setting watchdog for 200 seconds at Mon Sep 09 05:34:13 UTC 2019
2 ms. Memory: 45056K Free: 26349K (58%)
ptolemy.util.test.WatchDog.cancel(): canceling Mon Sep 09 05:34:13 UTC 2019
------------------ testing $PTII/ptolemy/domains/de/test/auto/DEScheduleTest.xml
auto.tcl: Setting watchdog for 200 seconds at Mon Sep 09 05:34:13 UTC 2019
4 ms. Memory: 45056K Free: 27534K (61%)
ptolemy.util.test.WatchDog.cancel(): canceling Mon Sep 09 05:34:13 UTC 2019
auto.tcl: Setting watchdog for 200 seconds at Mon Sep 09 05:34:13 UTC 2019
3 ms. Memory: 45056K Free: 26768K (59%)
ptolemy.util.test.WatchDog.cancel(): canceling Mon Sep 09 05:34:13 UTC 2019
------------------ testing $PTII/ptolemy/domains/de/test/auto/DEinDEwithStartTimes.xml
auto.tcl: Setting watchdog for 200 seconds at Mon Sep 09 05:34:13 UTC 2019
6 ms. Memory: 45056K Free: 25721K (57%)
ptolemy.util.test.WatchDog.cancel(): canceling Mon Sep 09 05:34:13 UTC 2019
auto.tcl: Setting watchdog for 200 seconds at Mon Sep 09 05:34:13 UTC 2019
5 ms. Memory: 45056K Free: 24670K (55%)
ptolemy.util.test.WatchDog.cancel(): canceling Mon Sep 09 05:34:13 UTC 2019
------------------ testing $PTII/ptolemy/domains/de/test/auto/DEinDEwithStartTimes2.xml
auto.tcl: Setting watchdog for 200 seconds at Mon Sep 09 05:34:13 UTC 2019
4 ms. Memory: 45056K Free: 24957K (55%)
ptolemy.util.test.WatchDog.cancel(): canceling Mon Sep 09 05:34:13 UTC 2019
auto.tcl: Setting watchdog for 200 seconds at Mon Sep 09 05:34:13 UTC 2019
3 ms. Memory: 45056K Free: 23625K (52%)
ptolemy.util.test.WatchDog.cancel(): canceling Mon Sep 09 05:34:13 UTC 2019
------------------ testing $PTII/ptolemy/domains/de/test/auto/DateDemo.xml
auto.tcl: Setting watchdog for 200 seconds at Mon Sep 09 05:34:13 UTC 2019
21 ms. Memory: 45056K Free: 19829K (44%)
ptolemy.util.test.WatchDog.cancel(): canceling Mon Sep 09 05:34:13 UTC 2019
auto.tcl: Setting watchdog for 200 seconds at Mon Sep 09 05:34:13 UTC 2019
12 ms. Memory: 45056K Free: 18083K (40%)
ptolemy.util.test.WatchDog.cancel(): canceling Mon Sep 09 05:34:13 UTC 2019
------------------ testing $PTII/ptolemy/domains/de/test/auto/DateToEvent.xml
auto.tcl: Setting watchdog for 200 seconds at Mon Sep 09 05:34:13 UTC 2019
2023 ms. Memory: 45056K Free: 14758K (33%)
ptolemy.util.test.WatchDog.cancel(): canceling Mon Sep 09 05:34:15 UTC 2019
auto.tcl: Setting watchdog for 200 seconds at Mon Sep 09 05:34:15 UTC 2019
2006 ms. Memory: 45056K Free: 14390K (32%)
ptolemy.util.test.WatchDog.cancel(): canceling Mon Sep 09 05:34:17 UTC 2019
------------------ testing $PTII/ptolemy/domains/de/test/auto/DepthTest1.xml
auto.tcl: Setting watchdog for 200 seconds at Mon Sep 09 05:34:17 UTC 2019
4 ms. Memory: 45056K Free: 28464K (63%)
ptolemy.util.test.WatchDog.cancel(): canceling Mon Sep 09 05:34:17 UTC 2019
auto.tcl: Setting watchdog for 200 seconds at Mon Sep 09 05:34:17 UTC 2019
2 ms. Memory: 45056K Free: 27951K (62%)
ptolemy.util.test.WatchDog.cancel(): canceling Mon Sep 09 05:34:17 UTC 2019
------------------ testing $PTII/ptolemy/domains/de/test/auto/DepthTest2.xml
auto.tcl: Setting watchdog for 200 seconds at Mon Sep 09 05:34:17 UTC 2019
4 ms. Memory: 45056K Free: 25150K (56%)
ptolemy.util.test.WatchDog.cancel(): canceling Mon Sep 09 05:34:17 UTC 2019
auto.tcl: Setting watchdog for 200 seconds at Mon Sep 09 05:34:17 UTC 2019
3 ms. Memory: 45056K Free: 24283K (54%)
ptolemy.util.test.WatchDog.cancel(): canceling Mon Sep 09 05:34:17 UTC 2019
------------------ testing $PTII/ptolemy/domains/de/test/auto/DepthTest3.xml
auto.tcl: Setting watchdog for 200 seconds at Mon Sep 09 05:34:17 UTC 2019
3 ms. Memory: 45056K Free: 28824K (64%)
ptolemy.util.test.WatchDog.cancel(): canceling Mon Sep 09 05:34:17 UTC 2019
auto.tcl: Setting watchdog for 200 seconds at Mon Sep 09 05:34:17 UTC 2019
2 ms. Memory: 45056K Free: 28272K (63%)
ptolemy.util.test.WatchDog.cancel(): canceling Mon Sep 09 05:34:17 UTC 2019
------------------ testing $PTII/ptolemy/domains/de/test/auto/DepthTest4.xml
auto.tcl: Setting watchdog for 200 seconds at Mon Sep 09 05:34:18 UTC 2019
4 ms. Memory: 45056K Free: 27023K (60%)
ptolemy.util.test.WatchDog.cancel(): canceling Mon Sep 09 05:34:18 UTC 2019
auto.tcl: Setting watchdog for 200 seconds at Mon Sep 09 05:34:18 UTC 2019
2 ms. Memory: 45056K Free: 26281K (58%)
ptolemy.util.test.WatchDog.cancel(): canceling Mon Sep 09 05:34:18 UTC 2019
------------------ testing $PTII/ptolemy/domains/de/test/auto/DepthTest5.xml
auto.tcl: Setting watchdog for 200 seconds at Mon Sep 09 05:34:18 UTC 2019
9 ms. Memory: 45056K Free: 26177K (58%)
ptolemy.util.test.WatchDog.cancel(): canceling Mon Sep 09 05:34:18 UTC 2019
auto.tcl: Setting watchdog for 200 seconds at Mon Sep 09 05:34:18 UTC 2019
3 ms. Memory: 45056K Free: 25796K (57%)
ptolemy.util.test.WatchDog.cancel(): canceling Mon Sep 09 05:34:18 UTC 2019
------------------ testing $PTII/ptolemy/domains/de/test/auto/DepthTest6.xml
auto.tcl: Setting watchdog for 200 seconds at Mon Sep 09 05:34:18 UTC 2019
3 ms. Memory: 45056K Free: 26133K (58%)
ptolemy.util.test.WatchDog.cancel(): canceling Mon Sep 09 05:34:18 UTC 2019
auto.tcl: Setting watchdog for 200 seconds at Mon Sep 09 05:34:18 UTC 2019
3 ms. Memory: 45056K Free: 25603K (57%)
ptolemy.util.test.WatchDog.cancel(): canceling Mon Sep 09 05:34:18 UTC 2019
------------------ testing $PTII/ptolemy/domains/de/test/auto/DepthTest7.xml
auto.tcl: Setting watchdog for 200 seconds at Mon Sep 09 05:34:18 UTC 2019
3 ms. Memory: 45056K Free: 26623K (59%)
ptolemy.util.test.WatchDog.cancel(): canceling Mon Sep 09 05:34:18 UTC 2019
auto.tcl: Setting watchdog for 200 seconds at Mon Sep 09 05:34:18 UTC 2019
2 ms. Memory: 45056K Free: 26258K (58%)
ptolemy.util.test.WatchDog.cancel(): canceling Mon Sep 09 05:34:18 UTC 2019
------------------ testing $PTII/ptolemy/domains/de/test/auto/EventToDate.xml
auto.tcl: Setting watchdog for 200 seconds at Mon Sep 09 05:34:18 UTC 2019
3007 ms. Memory: 45056K Free: 17727K (39%)
ptolemy.util.test.WatchDog.cancel(): canceling Mon Sep 09 05:34:21 UTC 2019
auto.tcl: Setting watchdog for 200 seconds at Mon Sep 09 05:34:21 UTC 2019
3003 ms. Memory: 45056K Free: 17046K (38%)
ptolemy.util.test.WatchDog.cancel(): canceling Mon Sep 09 05:34:24 UTC 2019
------------------ testing $PTII/ptolemy/domains/de/test/auto/FSM1.xml
auto.tcl: Setting watchdog for 200 seconds at Mon Sep 09 05:34:24 UTC 2019
28 ms. Memory: 45056K Free: 18458K (41%)
ptolemy.util.test.WatchDog.cancel(): canceling Mon Sep 09 05:34:24 UTC 2019
auto.tcl: Setting watchdog for 200 seconds at Mon Sep 09 05:34:24 UTC 2019
18 ms. Memory: 45056K Free: 15288K (34%)
ptolemy.util.test.WatchDog.cancel(): canceling Mon Sep 09 05:34:24 UTC 2019
------------------ testing $PTII/ptolemy/domains/de/test/auto/FSM7.xml
auto.tcl: Setting watchdog for 200 seconds at Mon Sep 09 05:34:24 UTC 2019
18 ms. Memory: 45056K Free: 18660K (41%)
ptolemy.util.test.WatchDog.cancel(): canceling Mon Sep 09 05:34:24 UTC 2019
auto.tcl: Setting watchdog for 200 seconds at Mon Sep 09 05:34:24 UTC 2019
16 ms. Memory: 45056K Free: 15517K (34%)
ptolemy.util.test.WatchDog.cancel(): canceling Mon Sep 09 05:34:24 UTC 2019
------------------ testing $PTII/ptolemy/domains/de/test/auto/Inspection.xml
auto.tcl: Setting watchdog for 200 seconds at Mon Sep 09 05:34:24 UTC 2019
37 ms. Memory: 45056K Free: 18495K (41%)
ptolemy.util.test.WatchDog.cancel(): canceling Mon Sep 09 05:34:24 UTC 2019
auto.tcl: Setting watchdog for 200 seconds at Mon Sep 09 05:34:24 UTC 2019
32 ms. Memory: 45056K Free: 16611K (37%)
ptolemy.util.test.WatchDog.cancel(): canceling Mon Sep 09 05:34:24 UTC 2019
------------------ testing $PTII/ptolemy/domains/de/test/auto/Iteration.xml
auto.tcl: Setting watchdog for 200 seconds at Mon Sep 09 05:34:24 UTC 2019
10 ms. Memory: 45056K Free: 24392K (54%)
ptolemy.util.test.WatchDog.cancel(): canceling Mon Sep 09 05:34:24 UTC 2019
auto.tcl: Setting watchdog for 200 seconds at Mon Sep 09 05:34:24 UTC 2019
9 ms. Memory: 45056K Free: 23368K (52%)
ptolemy.util.test.WatchDog.cancel(): canceling Mon Sep 09 05:34:24 UTC 2019
------------------ testing $PTII/ptolemy/domains/de/test/auto/LineFault.xml
auto.tcl: Setting watchdog for 200 seconds at Mon Sep 09 05:34:24 UTC 2019
704 ms. Memory: 54272K Free: 14848K (27%)
ptolemy.util.test.WatchDog.cancel(): canceling Mon Sep 09 05:34:25 UTC 2019
auto.tcl: Setting watchdog for 200 seconds at Mon Sep 09 05:34:25 UTC 2019
592 ms. Memory: 54272K Free: 37521K (69%)
ptolemy.util.test.WatchDog.cancel(): canceling Mon Sep 09 05:34:26 UTC 2019
------------------ testing $PTII/ptolemy/domains/de/test/auto/MergeModel1Add.xml
auto.tcl: Setting watchdog for 200 seconds at Mon Sep 09 05:34:26 UTC 2019
19 ms. Memory: 51200K Free: 15978K (31%)
ptolemy.util.test.WatchDog.cancel(): canceling Mon Sep 09 05:34:26 UTC 2019
auto.tcl: Setting watchdog for 200 seconds at Mon Sep 09 05:34:26 UTC 2019
12 ms. Memory: 51200K Free: 14291K (28%)
ptolemy.util.test.WatchDog.cancel(): canceling Mon Sep 09 05:34:26 UTC 2019
------------------ testing $PTII/ptolemy/domains/de/test/auto/MergeModel2Add.xml
auto.tcl: Setting watchdog for 200 seconds at Mon Sep 09 05:34:26 UTC 2019
14 ms. Memory: 51200K Free: 18829K (37%)
ptolemy.util.test.WatchDog.cancel(): canceling Mon Sep 09 05:34:26 UTC 2019
auto.tcl: Setting watchdog for 200 seconds at Mon Sep 09 05:34:26 UTC 2019
13 ms. Memory: 51200K Free: 17172K (34%)
ptolemy.util.test.WatchDog.cancel(): canceling Mon Sep 09 05:34:26 UTC 2019
------------------ testing $PTII/ptolemy/domains/de/test/auto/MergeModel3Add.xml
auto.tcl: Setting watchdog for 200 seconds at Mon Sep 09 05:34:26 UTC 2019
11 ms. Memory: 51200K Free: 18518K (36%)
ptolemy.util.test.WatchDog.cancel(): canceling Mon Sep 09 05:34:26 UTC 2019
auto.tcl: Setting watchdog for 200 seconds at Mon Sep 09 05:34:26 UTC 2019
17 ms. Memory: 51200K Free: 17161K (34%)
ptolemy.util.test.WatchDog.cancel(): canceling Mon Sep 09 05:34:26 UTC 2019
------------------ testing $PTII/ptolemy/domains/de/test/auto/MergeWithoutDiscard.xml
auto.tcl: Setting watchdog for 200 seconds at Mon Sep 09 05:34:27 UTC 2019
4 ms. Memory: 51200K Free: 33440K (65%)
ptolemy.util.test.WatchDog.cancel(): canceling Mon Sep 09 05:34:27 UTC 2019
auto.tcl: Setting watchdog for 200 seconds at Mon Sep 09 05:34:27 UTC 2019
2 ms. Memory: 51200K Free: 32967K (64%)
ptolemy.util.test.WatchDog.cancel(): canceling Mon Sep 09 05:34:27 UTC 2019
------------------ testing $PTII/ptolemy/domains/de/test/auto/Modal1.xml
auto.tcl: Setting watchdog for 200 seconds at Mon Sep 09 05:34:27 UTC 2019
11 ms. Memory: 48128K Free: 21943K (46%)
ptolemy.util.test.WatchDog.cancel(): canceling Mon Sep 09 05:34:27 UTC 2019
auto.tcl: Setting watchdog for 200 seconds at Mon Sep 09 05:34:27 UTC 2019
13 ms. Memory: 48128K Free: 18490K (38%)
ptolemy.util.test.WatchDog.cancel(): canceling Mon Sep 09 05:34:27 UTC 2019
------------------ testing $PTII/ptolemy/domains/de/test/auto/Modal2.xml
auto.tcl: Setting watchdog for 200 seconds at Mon Sep 09 05:34:27 UTC 2019
22 ms. Memory: 48128K Free: 22105K (46%)
ptolemy.util.test.WatchDog.cancel(): canceling Mon Sep 09 05:34:27 UTC 2019
auto.tcl: Setting watchdog for 200 seconds at Mon Sep 09 05:34:27 UTC 2019
20 ms. Memory: 48128K Free: 18861K (39%)
ptolemy.util.test.WatchDog.cancel(): canceling Mon Sep 09 05:34:27 UTC 2019
------------------ testing $PTII/ptolemy/domains/de/test/auto/Modal3.xml
auto.tcl: Setting watchdog for 200 seconds at Mon Sep 09 05:34:27 UTC 2019
19 ms. Memory: 48128K Free: 21778K (45%)
ptolemy.util.test.WatchDog.cancel(): canceling Mon Sep 09 05:34:27 UTC 2019
auto.tcl: Setting watchdog for 200 seconds at Mon Sep 09 05:34:27 UTC 2019
15 ms. Memory: 48128K Free: 18841K (39%)
ptolemy.util.test.WatchDog.cancel(): canceling Mon Sep 09 05:34:27 UTC 2019
------------------ testing $PTII/ptolemy/domains/de/test/auto/Modal4.xml
auto.tcl: Setting watchdog for 200 seconds at Mon Sep 09 05:34:27 UTC 2019
14 ms. Memory: 48128K Free: 21039K (44%)
ptolemy.util.test.WatchDog.cancel(): canceling Mon Sep 09 05:34:27 UTC 2019
auto.tcl: Setting watchdog for 200 seconds at Mon Sep 09 05:34:27 UTC 2019
18 ms. Memory: 48128K Free: 17239K (36%)
ptolemy.util.test.WatchDog.cancel(): canceling Mon Sep 09 05:34:27 UTC 2019
------------------ testing $PTII/ptolemy/domains/de/test/auto/Modal5.xml
auto.tcl: Setting watchdog for 200 seconds at Mon Sep 09 05:34:27 UTC 2019
18 ms. Memory: 48128K Free: 21050K (44%)
ptolemy.util.test.WatchDog.cancel(): canceling Mon Sep 09 05:34:27 UTC 2019
auto.tcl: Setting watchdog for 200 seconds at Mon Sep 09 05:34:27 UTC 2019
18 ms. Memory: 48128K Free: 17226K (36%)
ptolemy.util.test.WatchDog.cancel(): canceling Mon Sep 09 05:34:27 UTC 2019
------------------ testing $PTII/ptolemy/domains/de/test/auto/Modal6.xml
auto.tcl: Setting watchdog for 200 seconds at Mon Sep 09 05:34:27 UTC 2019
19 ms. Memory: 48128K Free: 21800K (45%)
ptolemy.util.test.WatchDog.cancel(): canceling Mon Sep 09 05:34:27 UTC 2019
auto.tcl: Setting watchdog for 200 seconds at Mon Sep 09 05:34:27 UTC 2019
22 ms. Memory: 48128K Free: 17834K (37%)
ptolemy.util.test.WatchDog.cancel(): canceling Mon Sep 09 05:34:27 UTC 2019
------------------ testing $PTII/ptolemy/domains/de/test/auto/Modal7.xml
auto.tcl: Setting watchdog for 200 seconds at Mon Sep 09 05:34:27 UTC 2019
18 ms. Memory: 48128K Free: 20785K (43%)
ptolemy.util.test.WatchDog.cancel(): canceling Mon Sep 09 05:34:27 UTC 2019
auto.tcl: Setting watchdog for 200 seconds at Mon Sep 09 05:34:27 UTC 2019
14 ms. Memory: 48128K Free: 17225K (36%)
ptolemy.util.test.WatchDog.cancel(): canceling Mon Sep 09 05:34:27 UTC 2019
------------------ testing $PTII/ptolemy/domains/de/test/auto/ModalModel.xml
auto.tcl: Setting watchdog for 200 seconds at Mon Sep 09 05:34:27 UTC 2019
209 ms. Memory: 48128K Free: 14716K (31%)
ptolemy.util.test.WatchDog.cancel(): canceling Mon Sep 09 05:34:28 UTC 2019
auto.tcl: Setting watchdog for 200 seconds at Mon Sep 09 05:34:28 UTC 2019
201 ms. Memory: 58368K Free: 20595K (35%)
ptolemy.util.test.WatchDog.cancel(): canceling Mon Sep 09 05:34:28 UTC 2019
------------------ testing $PTII/ptolemy/domains/de/test/auto/ModalSource.xml
auto.tcl: Setting watchdog for 200 seconds at Mon Sep 09 05:34:28 UTC 2019
6 ms. Memory: 48128K Free: 25899K (54%)
ptolemy.util.test.WatchDog.cancel(): canceling Mon Sep 09 05:34:28 UTC 2019
auto.tcl: Setting watchdog for 200 seconds at Mon Sep 09 05:34:28 UTC 2019
7 ms. Memory: 48128K Free: 23851K (50%)
ptolemy.util.test.WatchDog.cancel(): canceling Mon Sep 09 05:34:28 UTC 2019
------------------ testing $PTII/ptolemy/domains/de/test/auto/NonInterruptibleTimerZeroDelay.xml
auto.tcl: Setting watchdog for 200 seconds at Mon Sep 09 05:34:28 UTC 2019
4 ms. Memory: 48128K Free: 31112K (65%)
ptolemy.util.test.WatchDog.cancel(): canceling Mon Sep 09 05:34:28 UTC 2019
auto.tcl: Setting watchdog for 200 seconds at Mon Sep 09 05:34:28 UTC 2019
3 ms. Memory: 48128K Free: 30216K (63%)
ptolemy.util.test.WatchDog.cancel(): canceling Mon Sep 09 05:34:28 UTC 2019
------------------ testing $PTII/ptolemy/domains/de/test/auto/OpenQueueingNetwork.xml
auto.tcl: Setting watchdog for 200 seconds at Mon Sep 09 05:34:28 UTC 2019
3091 ms. Memory: 96256K Free: 67900K (71%)
ptolemy.util.test.WatchDog.cancel(): canceling Mon Sep 09 05:34:31 UTC 2019
auto.tcl: Setting watchdog for 200 seconds at Mon Sep 09 05:34:31 UTC 2019
2641 ms. Memory: 115712K Free: 60150K (52%)
ptolemy.util.test.WatchDog.cancel(): canceling Mon Sep 09 05:34:34 UTC 2019
------------------ testing $PTII/ptolemy/domains/de/test/auto/OpenQueuingNetwork.xml
auto.tcl: Setting watchdog for 200 seconds at Mon Sep 09 05:34:34 UTC 2019
248 ms. Memory: 51200K Free: 16154K (32%)
ptolemy.util.test.WatchDog.cancel(): canceling Mon Sep 09 05:34:34 UTC 2019
auto.tcl: Setting watchdog for 200 seconds at Mon Sep 09 05:34:34 UTC 2019
250 ms. Memory: 61440K Free: 35098K (57%)
ptolemy.util.test.WatchDog.cancel(): canceling Mon Sep 09 05:34:35 UTC 2019
------------------ testing $PTII/ptolemy/domains/de/test/auto/PeriodicSampler.xml
auto.tcl: Setting watchdog for 200 seconds at Mon Sep 09 05:34:35 UTC 2019
2 ms. Memory: 48128K Free: 30033K (62%)
ptolemy.util.test.WatchDog.cancel(): canceling Mon Sep 09 05:34:35 UTC 2019
auto.tcl: Setting watchdog for 200 seconds at Mon Sep 09 05:34:35 UTC 2019
2 ms. Memory: 48128K Free: 29564K (61%)
ptolemy.util.test.WatchDog.cancel(): canceling Mon Sep 09 05:34:35 UTC 2019
------------------ testing $PTII/ptolemy/domains/de/test/auto/PersistentIO.xml
auto.tcl: Setting watchdog for 200 seconds at Mon Sep 09 05:34:35 UTC 2019
15 ms. Memory: 48128K Free: 24958K (52%)
ptolemy.util.test.WatchDog.cancel(): canceling Mon Sep 09 05:34:35 UTC 2019
auto.tcl: Setting watchdog for 200 seconds at Mon Sep 09 05:34:35 UTC 2019
4 ms. Memory: 48128K Free: 23540K (49%)
ptolemy.util.test.WatchDog.cancel(): canceling Mon Sep 09 05:34:35 UTC 2019
------------------ testing $PTII/ptolemy/domains/de/test/auto/PortParameterResetOnInitialize.xml
auto.tcl: Setting watchdog for 200 seconds at Mon Sep 09 05:34:35 UTC 2019
9 ms. Memory: 48128K Free: 29950K (62%)
ptolemy.util.test.WatchDog.cancel(): canceling Mon Sep 09 05:34:35 UTC 2019
auto.tcl: Setting watchdog for 200 seconds at Mon Sep 09 05:34:35 UTC 2019
2 ms. Memory: 48128K Free: 29480K (61%)
ptolemy.util.test.WatchDog.cancel(): canceling Mon Sep 09 05:34:35 UTC 2019
------------------ testing $PTII/ptolemy/domains/de/test/auto/PortParameterUpdates.xml
auto.tcl: Setting watchdog for 200 seconds at Mon Sep 09 05:34:35 UTC 2019
4 ms. Memory: 48128K Free: 28285K (59%)
ptolemy.util.test.WatchDog.cancel(): canceling Mon Sep 09 05:34:35 UTC 2019
auto.tcl: Setting watchdog for 200 seconds at Mon Sep 09 05:34:35 UTC 2019
3 ms. Memory: 48128K Free: 27061K (56%)
ptolemy.util.test.WatchDog.cancel(): canceling Mon Sep 09 05:34:35 UTC 2019
------------------ testing $PTII/ptolemy/domains/de/test/auto/QueueAndServer.xml
auto.tcl: Setting watchdog for 200 seconds at Mon Sep 09 05:34:35 UTC 2019
17 ms. Memory: 48128K Free: 27226K (57%)
ptolemy.util.test.WatchDog.cancel(): canceling Mon Sep 09 05:34:35 UTC 2019
auto.tcl: Setting watchdog for 200 seconds at Mon Sep 09 05:34:35 UTC 2019
11 ms. Memory: 48128K Free: 25581K (53%)
ptolemy.util.test.WatchDog.cancel(): canceling Mon Sep 09 05:34:35 UTC 2019
------------------ testing $PTII/ptolemy/domains/de/test/auto/Records.xml
auto.tcl: Setting watchdog for 200 seconds at Mon Sep 09 05:34:35 UTC 2019
6 ms. Memory: 48128K Free: 29485K (61%)
ptolemy.util.test.WatchDog.cancel(): canceling Mon Sep 09 05:34:35 UTC 2019
auto.tcl: Setting watchdog for 200 seconds at Mon Sep 09 05:34:35 UTC 2019
3 ms. Memory: 48128K Free: 29023K (60%)
ptolemy.util.test.WatchDog.cancel(): canceling Mon Sep 09 05:34:35 UTC 2019
------------------ testing $PTII/ptolemy/domains/de/test/auto/ResetTransitionWithStartTime1.xml
auto.tcl: Setting watchdog for 200 seconds at Mon Sep 09 05:34:35 UTC 2019
6 ms. Memory: 48128K Free: 26442K (55%)
ptolemy.util.test.WatchDog.cancel(): canceling Mon Sep 09 05:34:35 UTC 2019
auto.tcl: Setting watchdog for 200 seconds at Mon Sep 09 05:34:35 UTC 2019
7 ms. Memory: 48128K Free: 23941K (50%)
ptolemy.util.test.WatchDog.cancel(): canceling Mon Sep 09 05:34:35 UTC 2019
------------------ testing $PTII/ptolemy/domains/de/test/auto/ResetTransitionWithStartTime2.xml
auto.tcl: Setting watchdog for 200 seconds at Mon Sep 09 05:34:35 UTC 2019
7 ms. Memory: 48128K Free: 26566K (55%)
ptolemy.util.test.WatchDog.cancel(): canceling Mon Sep 09 05:34:35 UTC 2019
auto.tcl: Setting watchdog for 200 seconds at Mon Sep 09 05:34:35 UTC 2019
6 ms. Memory: 48128K Free: 24349K (51%)
ptolemy.util.test.WatchDog.cancel(): canceling Mon Sep 09 05:34:35 UTC 2019
------------------ testing $PTII/ptolemy/domains/de/test/auto/ResetTransitionWithStartTime3.xml
auto.tcl: Setting watchdog for 200 seconds at Mon Sep 09 05:34:35 UTC 2019
11 ms. Memory: 48128K Free: 26396K (55%)
ptolemy.util.test.WatchDog.cancel(): canceling Mon Sep 09 05:34:35 UTC 2019
auto.tcl: Setting watchdog for 200 seconds at Mon Sep 09 05:34:35 UTC 2019
6 ms. Memory: 48128K Free: 23895K (50%)
ptolemy.util.test.WatchDog.cancel(): canceling Mon Sep 09 05:34:35 UTC 2019
------------------ testing $PTII/ptolemy/domains/de/test/auto/ResetTransitionWithStartTime4.xml
auto.tcl: Setting watchdog for 200 seconds at Mon Sep 09 05:34:35 UTC 2019
7 ms. Memory: 48128K Free: 26884K (56%)
ptolemy.util.test.WatchDog.cancel(): canceling Mon Sep 09 05:34:36 UTC 2019
auto.tcl: Setting watchdog for 200 seconds at Mon Sep 09 05:34:36 UTC 2019
3 ms. Memory: 48128K Free: 25511K (53%)
ptolemy.util.test.WatchDog.cancel(): canceling Mon Sep 09 05:34:36 UTC 2019
------------------ testing $PTII/ptolemy/domains/de/test/auto/ResettableTimer1.xml
auto.tcl: Setting watchdog for 200 seconds at Mon Sep 09 05:34:36 UTC 2019
5 ms. Memory: 48128K Free: 30888K (64%)
ptolemy.util.test.WatchDog.cancel(): canceling Mon Sep 09 05:34:36 UTC 2019
auto.tcl: Setting watchdog for 200 seconds at Mon Sep 09 05:34:36 UTC 2019
2 ms. Memory: 48128K Free: 30004K (62%)
ptolemy.util.test.WatchDog.cancel(): canceling Mon Sep 09 05:34:36 UTC 2019
------------------ testing $PTII/ptolemy/domains/de/test/auto/ResettableTimer2.xml
auto.tcl: Setting watchdog for 200 seconds at Mon Sep 09 05:34:36 UTC 2019
3 ms. Memory: 48128K Free: 30737K (64%)
ptolemy.util.test.WatchDog.cancel(): canceling Mon Sep 09 05:34:36 UTC 2019
auto.tcl: Setting watchdog for 200 seconds at Mon Sep 09 05:34:36 UTC 2019
2 ms. Memory: 48128K Free: 30061K (62%)
ptolemy.util.test.WatchDog.cancel(): canceling Mon Sep 09 05:34:36 UTC 2019
------------------ testing $PTII/ptolemy/domains/de/test/auto/ResettableTimer3.xml
auto.tcl: Setting watchdog for 200 seconds at Mon Sep 09 05:34:36 UTC 2019
1 ms. Memory: 48128K Free: 31002K (64%)
ptolemy.util.test.WatchDog.cancel(): canceling Mon Sep 09 05:34:36 UTC 2019
auto.tcl: Setting watchdog for 200 seconds at Mon Sep 09 05:34:36 UTC 2019
2 ms. Memory: 48128K Free: 30549K (63%)
ptolemy.util.test.WatchDog.cancel(): canceling Mon Sep 09 05:34:36 UTC 2019
------------------ testing $PTII/ptolemy/domains/de/test/auto/ResettableTimer4.xml
auto.tcl: Setting watchdog for 200 seconds at Mon Sep 09 05:34:36 UTC 2019
1 ms. Memory: 48128K Free: 30585K (64%)
ptolemy.util.test.WatchDog.cancel(): canceling Mon Sep 09 05:34:36 UTC 2019
auto.tcl: Setting watchdog for 200 seconds at Mon Sep 09 05:34:36 UTC 2019
1 ms. Memory: 48128K Free: 30543K (63%)
ptolemy.util.test.WatchDog.cancel(): canceling Mon Sep 09 05:34:36 UTC 2019
------------------ testing $PTII/ptolemy/domains/de/test/auto/ResettableTimer5.xml
auto.tcl: Setting watchdog for 200 seconds at Mon Sep 09 05:34:36 UTC 2019
1 ms. Memory: 48128K Free: 30012K (62%)
ptolemy.util.test.WatchDog.cancel(): canceling Mon Sep 09 05:34:36 UTC 2019
auto.tcl: Setting watchdog for 200 seconds at Mon Sep 09 05:34:36 UTC 2019
1 ms. Memory: 48128K Free: 29544K (61%)
ptolemy.util.test.WatchDog.cancel(): canceling Mon Sep 09 05:34:36 UTC 2019
------------------ testing $PTII/ptolemy/domains/de/test/auto/ResettableTimer6.xml
auto.tcl: Setting watchdog for 200 seconds at Mon Sep 09 05:34:36 UTC 2019
2 ms. Memory: 48128K Free: 30003K (62%)
ptolemy.util.test.WatchDog.cancel(): canceling Mon Sep 09 05:34:36 UTC 2019
auto.tcl: Setting watchdog for 200 seconds at Mon Sep 09 05:34:36 UTC 2019
2 ms. Memory: 48128K Free: 29551K (61%)
ptolemy.util.test.WatchDog.cancel(): canceling Mon Sep 09 05:34:36 UTC 2019
------------------ testing $PTII/ptolemy/domains/de/test/auto/ServerZeroDelay.xml
auto.tcl: Setting watchdog for 200 seconds at Mon Sep 09 05:34:36 UTC 2019
5 ms. Memory: 48128K Free: 30522K (63%)
ptolemy.util.test.WatchDog.cancel(): canceling Mon Sep 09 05:34:36 UTC 2019
auto.tcl: Setting watchdog for 200 seconds at Mon Sep 09 05:34:36 UTC 2019
3 ms. Memory: 48128K Free: 29575K (61%)
ptolemy.util.test.WatchDog.cancel(): canceling Mon Sep 09 05:34:36 UTC 2019
------------------ testing $PTII/ptolemy/domains/de/test/auto/SmartSender.xml
auto.tcl: Setting watchdog for 200 seconds at Mon Sep 09 05:34:36 UTC 2019
3001 ms. Memory: 48128K Free: 30543K (63%)
ptolemy.util.test.WatchDog.cancel(): canceling Mon Sep 09 05:34:39 UTC 2019
auto.tcl: Setting watchdog for 200 seconds at Mon Sep 09 05:34:39 UTC 2019
3002 ms. Memory: 48128K Free: 30061K (62%)
ptolemy.util.test.WatchDog.cancel(): canceling Mon Sep 09 05:34:42 UTC 2019
------------------ testing $PTII/ptolemy/domains/de/test/auto/ThreadedComposite.xml
auto.tcl: Setting watchdog for 200 seconds at Mon Sep 09 05:34:42 UTC 2019
207 ms. Memory: 48128K Free: 12099K (25%)
ptolemy.util.test.WatchDog.cancel(): canceling Mon Sep 09 05:34:42 UTC 2019
auto.tcl: Setting watchdog for 200 seconds at Mon Sep 09 05:34:42 UTC 2019
158 ms. Memory: 48128K Free: 24685K (51%)
ptolemy.util.test.WatchDog.cancel(): canceling Mon Sep 09 05:34:43 UTC 2019
------------------ testing $PTII/ptolemy/domains/de/test/auto/Time.xml
auto.tcl: Setting watchdog for 200 seconds at Mon Sep 09 05:34:43 UTC 2019
590 ms. Memory: 48128K Free: 30686K (64%)
ptolemy.util.test.WatchDog.cancel(): canceling Mon Sep 09 05:34:43 UTC 2019
auto.tcl: Setting watchdog for 200 seconds at Mon Sep 09 05:34:43 UTC 2019
549 ms. Memory: 48128K Free: 30105K (63%)
ptolemy.util.test.WatchDog.cancel(): canceling Mon Sep 09 05:34:44 UTC 2019
------------------ testing $PTII/ptolemy/domains/de/test/auto/TimeDelayZeroDelay.xml
auto.tcl: Setting watchdog for 200 seconds at Mon Sep 09 05:34:44 UTC 2019
2 ms. Memory: 48128K Free: 30446K (63%)
ptolemy.util.test.WatchDog.cancel(): canceling Mon Sep 09 05:34:44 UTC 2019
auto.tcl: Setting watchdog for 200 seconds at Mon Sep 09 05:34:44 UTC 2019
2 ms. Memory: 48128K Free: 29617K (62%)
ptolemy.util.test.WatchDog.cancel(): canceling Mon Sep 09 05:34:44 UTC 2019
------------------ testing $PTII/ptolemy/domains/de/test/auto/TimerZeroDelay.xml
auto.tcl: Setting watchdog for 200 seconds at Mon Sep 09 05:34:44 UTC 2019
3 ms. Memory: 48128K Free: 30489K (63%)
ptolemy.util.test.WatchDog.cancel(): canceling Mon Sep 09 05:34:44 UTC 2019
auto.tcl: Setting watchdog for 200 seconds at Mon Sep 09 05:34:44 UTC 2019
3 ms. Memory: 48128K Free: 30043K (62%)
ptolemy.util.test.WatchDog.cancel(): canceling Mon Sep 09 05:34:44 UTC 2019
------------------ testing $PTII/ptolemy/domains/de/test/auto/TimingParadox.xml
auto.tcl: Setting watchdog for 200 seconds at Mon Sep 09 05:34:44 UTC 2019
365 ms. Memory: 48128K Free: 14164K (29%)
ptolemy.util.test.WatchDog.cancel(): canceling Mon Sep 09 05:34:44 UTC 2019
auto.tcl: Setting watchdog for 200 seconds at Mon Sep 09 05:34:44 UTC 2019
385 ms. Memory: 58368K Free: 12928K (22%)
ptolemy.util.test.WatchDog.cancel(): canceling Mon Sep 09 05:34:45 UTC 2019
------------------ testing $PTII/ptolemy/domains/de/test/auto/TransferInputs.xml
auto.tcl: Setting watchdog for 200 seconds at Mon Sep 09 05:34:45 UTC 2019
2 ms. Memory: 55296K Free: 36125K (65%)
ptolemy.util.test.WatchDog.cancel(): canceling Mon Sep 09 05:34:45 UTC 2019
auto.tcl: Setting watchdog for 200 seconds at Mon Sep 09 05:34:45 UTC 2019
2 ms. Memory: 55296K Free: 35203K (64%)
ptolemy.util.test.WatchDog.cancel(): canceling Mon Sep 09 05:34:45 UTC 2019
------------------ testing $PTII/ptolemy/domains/de/test/auto/TransferOutputs2.xml
auto.tcl: Setting watchdog for 200 seconds at Mon Sep 09 05:34:45 UTC 2019
3 ms. Memory: 51200K Free: 29471K (58%)
ptolemy.util.test.WatchDog.cancel(): canceling Mon Sep 09 05:34:45 UTC 2019
auto.tcl: Setting watchdog for 200 seconds at Mon Sep 09 05:34:45 UTC 2019
3 ms. Memory: 51200K Free: 28065K (55%)
ptolemy.util.test.WatchDog.cancel(): canceling Mon Sep 09 05:34:45 UTC 2019
------------------ testing $PTII/ptolemy/domains/de/test/auto/Trilateration.xml
auto.tcl: Setting watchdog for 200 seconds at Mon Sep 09 05:34:45 UTC 2019
15647 ms. Memory: 488448K Free: 274744K (56%)
ptolemy.util.test.WatchDog.cancel(): canceling Mon Sep 09 05:35:02 UTC 2019
auto.tcl: Setting watchdog for 200 seconds at Mon Sep 09 05:35:02 UTC 2019
11448 ms. Memory: 488448K Free: 254747K (52%)
ptolemy.util.test.WatchDog.cancel(): canceling Mon Sep 09 05:35:13 UTC 2019
------------------ testing $PTII/ptolemy/domains/de/test/auto/TwoSigmaDelta.xml
auto.tcl: Setting watchdog for 200 seconds at Mon Sep 09 05:35:13 UTC 2019
3065 ms. Memory: 89088K Free: 16327K (18%)
ptolemy.util.test.WatchDog.cancel(): canceling Mon Sep 09 05:35:17 UTC 2019
auto.tcl: Setting watchdog for 200 seconds at Mon Sep 09 05:35:17 UTC 2019
2202 ms. Memory: 89088K Free: 62943K (71%)
ptolemy.util.test.WatchDog.cancel(): canceling Mon Sep 09 05:35:19 UTC 2019
------------------ testing $PTII/ptolemy/domains/de/test/auto/VariableDelay.xml
auto.tcl: Setting watchdog for 200 seconds at Mon Sep 09 05:35:19 UTC 2019
3 ms. Memory: 48128K Free: 29460K (61%)
ptolemy.util.test.WatchDog.cancel(): canceling Mon Sep 09 05:35:19 UTC 2019
auto.tcl: Setting watchdog for 200 seconds at Mon Sep 09 05:35:19 UTC 2019
2 ms. Memory: 48128K Free: 28454K (59%)
ptolemy.util.test.WatchDog.cancel(): canceling Mon Sep 09 05:35:19 UTC 2019
------------------ testing $PTII/ptolemy/domains/de/test/auto/VariableDelay2.xml
auto.tcl: Setting watchdog for 200 seconds at Mon Sep 09 05:35:19 UTC 2019
3 ms. Memory: 48128K Free: 30373K (63%)
ptolemy.util.test.WatchDog.cancel(): canceling Mon Sep 09 05:35:19 UTC 2019
auto.tcl: Setting watchdog for 200 seconds at Mon Sep 09 05:35:19 UTC 2019
2 ms. Memory: 48128K Free: 29431K (61%)
ptolemy.util.test.WatchDog.cancel(): canceling Mon Sep 09 05:35:19 UTC 2019
------------------ testing $PTII/ptolemy/domains/de/test/auto/VariableDelayZeroDelay.xml
auto.tcl: Setting watchdog for 200 seconds at Mon Sep 09 05:35:19 UTC 2019
2 ms. Memory: 48128K Free: 30372K (63%)
ptolemy.util.test.WatchDog.cancel(): canceling Mon Sep 09 05:35:19 UTC 2019
auto.tcl: Setting watchdog for 200 seconds at Mon Sep 09 05:35:19 UTC 2019
3 ms. Memory: 48128K Free: 29424K (61%)
ptolemy.util.test.WatchDog.cancel(): canceling Mon Sep 09 05:35:19 UTC 2019
------------------ testing $PTII/ptolemy/domains/de/test/auto/VariableDelayZeroDelay2.xml
auto.tcl: Setting watchdog for 200 seconds at Mon Sep 09 05:35:19 UTC 2019
2 ms. Memory: 48128K Free: 30370K (63%)
ptolemy.util.test.WatchDog.cancel(): canceling Mon Sep 09 05:35:19 UTC 2019
auto.tcl: Setting watchdog for 200 seconds at Mon Sep 09 05:35:19 UTC 2019
4 ms. Memory: 48128K Free: 29444K (61%)
ptolemy.util.test.WatchDog.cancel(): canceling Mon Sep 09 05:35:19 UTC 2019
------------------ testing $PTII/ptolemy/domains/de/test/auto/deInCt.xml
auto.tcl: Setting watchdog for 200 seconds at Mon Sep 09 05:35:19 UTC 2019
0
1
1
1
0
0
0
1
1
1
1
0
0
0
0
1
1
1
0
0
0
1
1
1
1
1
0
0
0
1
1
1
0
0
0
1
1
1
1
10 ms. Memory: 48128K Free: 29344K (61%)
ptolemy.util.test.WatchDog.cancel(): canceling Mon Sep 09 05:35:19 UTC 2019
auto.tcl: Setting watchdog for 200 seconds at Mon Sep 09 05:35:19 UTC 2019
0
1
1
1
0
0
0
1
1
1
0
0
1
1
1
0
0
0
0
0
0
0
0
0
1
1
1
1
1
6 ms. Memory: 48128K Free: 27842K (58%)
ptolemy.util.test.WatchDog.cancel(): canceling Mon Sep 09 05:35:19 UTC 2019
------------------ testing $PTII/ptolemy/domains/de/test/auto/deInCt2.xml
auto.tcl: Setting watchdog for 200 seconds at Mon Sep 09 05:35:19 UTC 2019
0
1
1
1
0
0
1
1
1
0
0
1
1
1
0
0
1
1
1
0
0
1
1
1
0
0
1
1
1
0
0
1
1
1
0
0
1
1
1
0
0
0
10 ms. Memory: 48128K Free: 29346K (61%)
ptolemy.util.test.WatchDog.cancel(): canceling Mon Sep 09 05:35:19 UTC 2019
auto.tcl: Setting watchdog for 200 seconds at Mon Sep 09 05:35:19 UTC 2019
0
1
1
1
0
0
1
1
1
0
0
1
1
1
0
0
1
1
1
0
0
1
1
1
0
0
1
1
1
0
0
1
1
1
0
0
1
1
1
0
0
0
11 ms. Memory: 48128K Free: 27828K (58%)
ptolemy.util.test.WatchDog.cancel(): canceling Mon Sep 09 05:35:19 UTC 2019
------------------ testing $PTII/ptolemy/domains/de/test/auto/dynamicCausalityInterface1.xml
auto.tcl: Setting watchdog for 200 seconds at Mon Sep 09 05:35:19 UTC 2019
2 ms. Memory: 48128K Free: 24680K (51%)
ptolemy.util.test.WatchDog.cancel(): canceling Mon Sep 09 05:35:19 UTC 2019
auto.tcl: Setting watchdog for 200 seconds at Mon Sep 09 05:35:19 UTC 2019
1 ms. Memory: 48128K Free: 24221K (50%)
ptolemy.util.test.WatchDog.cancel(): canceling Mon Sep 09 05:35:19 UTC 2019
------------------ testing $PTII/ptolemy/domains/de/test/auto/fsm_de_test.xml
auto.tcl: Setting watchdog for 200 seconds at Mon Sep 09 05:35:19 UTC 2019
8 ms. Memory: 48128K Free: 25144K (52%)
ptolemy.util.test.WatchDog.cancel(): canceling Mon Sep 09 05:35:19 UTC 2019
auto.tcl: Setting watchdog for 200 seconds at Mon Sep 09 05:35:19 UTC 2019
6 ms. Memory: 48128K Free: 23144K (48%)
ptolemy.util.test.WatchDog.cancel(): canceling Mon Sep 09 05:35:19 UTC 2019
------------------ testing $PTII/ptolemy/domains/de/test/auto/functionDependencyReconstruction.xml
auto.tcl: Setting watchdog for 200 seconds at Mon Sep 09 05:35:19 UTC 2019
2 ms. Memory: 48128K Free: 18989K (39%)
ptolemy.util.test.WatchDog.cancel(): canceling Mon Sep 09 05:35:20 UTC 2019
auto.tcl: Setting watchdog for 200 seconds at Mon Sep 09 05:35:20 UTC 2019
3 ms. Memory: 48128K Free: 16993K (35%)
ptolemy.util.test.WatchDog.cancel(): canceling Mon Sep 09 05:35:20 UTC 2019
------------------ testing $PTII/ptolemy/domains/de/test/auto/multirate.xml
auto.tcl: Setting watchdog for 200 seconds at Mon Sep 09 05:35:20 UTC 2019
3 ms. Memory: 48128K Free: 27558K (57%)
ptolemy.util.test.WatchDog.cancel(): canceling Mon Sep 09 05:35:20 UTC 2019
auto.tcl: Setting watchdog for 200 seconds at Mon Sep 09 05:35:20 UTC 2019
4 ms. Memory: 48128K Free: 26098K (54%)
ptolemy.util.test.WatchDog.cancel(): canceling Mon Sep 09 05:35:20 UTC 2019
------------------ testing $PTII/ptolemy/domains/de/test/auto/multirate2.xml
auto.tcl: Setting watchdog for 200 seconds at Mon Sep 09 05:35:20 UTC 2019
7 ms. Memory: 48128K Free: 28000K (58%)
ptolemy.util.test.WatchDog.cancel(): canceling Mon Sep 09 05:35:20 UTC 2019
auto.tcl: Setting watchdog for 200 seconds at Mon Sep 09 05:35:20 UTC 2019
3 ms. Memory: 48128K Free: 26296K (55%)
ptolemy.util.test.WatchDog.cancel(): canceling Mon Sep 09 05:35:20 UTC 2019
------------------ testing $PTII/ptolemy/domains/de/test/auto/realtime.xml
auto.tcl: Setting watchdog for 200 seconds at Mon Sep 09 05:35:20 UTC 2019
10002 ms. Memory: 48128K Free: 30022K (62%)
ptolemy.util.test.WatchDog.cancel(): canceling Mon Sep 09 05:35:30 UTC 2019
auto.tcl: Setting watchdog for 200 seconds at Mon Sep 09 05:35:30 UTC 2019
10003 ms. Memory: 48128K Free: 29291K (61%)
ptolemy.util.test.WatchDog.cancel(): canceling Mon Sep 09 05:35:40 UTC 2019
------------------ testing $PTII/ptolemy/domains/de/test/auto/relationGroup.xml
auto.tcl: Setting watchdog for 200 seconds at Mon Sep 09 05:35:40 UTC 2019
3 ms. Memory: 48128K Free: 31106K (65%)
ptolemy.util.test.WatchDog.cancel(): canceling Mon Sep 09 05:35:40 UTC 2019
auto.tcl: Setting watchdog for 200 seconds at Mon Sep 09 05:35:40 UTC 2019
2 ms. Memory: 48128K Free: 30372K (63%)
ptolemy.util.test.WatchDog.cancel(): canceling Mon Sep 09 05:35:40 UTC 2019
------------------ testing $PTII/ptolemy/domains/de/test/auto/relationGroup2.xml
auto.tcl: Setting watchdog for 200 seconds at Mon Sep 09 05:35:40 UTC 2019
3 ms. Memory: 48128K Free: 31145K (65%)
ptolemy.util.test.WatchDog.cancel(): canceling Mon Sep 09 05:35:40 UTC 2019
auto.tcl: Setting watchdog for 200 seconds at Mon Sep 09 05:35:40 UTC 2019
2 ms. Memory: 48128K Free: 30398K (63%)
ptolemy.util.test.WatchDog.cancel(): canceling Mon Sep 09 05:35:40 UTC 2019
------------------ testing $PTII/ptolemy/domains/de/test/auto/sortWithOpaquePorts.xml
auto.tcl: Setting watchdog for 200 seconds at Mon Sep 09 05:35:40 UTC 2019
2 ms. Memory: 48128K Free: 29871K (62%)
ptolemy.util.test.WatchDog.cancel(): canceling Mon Sep 09 05:35:40 UTC 2019
auto.tcl: Setting watchdog for 200 seconds at Mon Sep 09 05:35:40 UTC 2019
3 ms. Memory: 48128K Free: 28901K (60%)
ptolemy.util.test.WatchDog.cancel(): canceling Mon Sep 09 05:35:40 UTC 2019
------------------ testing $PTII/ptolemy/domains/de/test/auto/transferInputsandOutputs.xml
auto.tcl: Setting watchdog for 200 seconds at Mon Sep 09 05:35:40 UTC 2019
3 ms. Memory: 48128K Free: 27314K (57%)
ptolemy.util.test.WatchDog.cancel(): canceling Mon Sep 09 05:35:40 UTC 2019
auto.tcl: Setting watchdog for 200 seconds at Mon Sep 09 05:35:40 UTC 2019
3 ms. Memory: 48128K Free: 26341K (55%)
ptolemy.util.test.WatchDog.cancel(): canceling Mon Sep 09 05:35:40 UTC 2019
------------------ testing $PTII/ptolemy/domains/de/test/auto/triggerType.xml
auto.tcl: Setting watchdog for 200 seconds at Mon Sep 09 05:35:40 UTC 2019
2 ms. Memory: 48128K Free: 30339K (63%)
ptolemy.util.test.WatchDog.cancel(): canceling Mon Sep 09 05:35:40 UTC 2019
auto.tcl: Setting watchdog for 200 seconds at Mon Sep 09 05:35:40 UTC 2019
3 ms. Memory: 48128K Free: 29347K (61%)
ptolemy.util.test.WatchDog.cancel(): canceling Mon Sep 09 05:35:40 UTC 2019
09/09/19 05:35:40
Failed: 0  Total Tests: 192  ((Passed: 187, Newly Passed: 1)  Known Failed: 5) /home/travis/build/icyphy/ptII/ptolemy/domains/de/test
09/09/19 05:35:40
Failed: 0  Total Tests: 192  ((Passed: 187, Newly Passed: 1)  Known Failed: 5) /home/travis/build/icyphy/ptII/ptolemy/domains/de/test
----------------- testing (KnownFailure) /home/travis/build/icyphy/ptII/ptolemy/domains/de/test/auto/knownFailedTests/DESDFClockTest.xml
2010 ms. Memory: 48128K Free: 23734K (49%)
Known Failure: java.lang.reflect.InvocationTargetException
----------------- testing (KnownFailure) /home/travis/build/icyphy/ptII/ptolemy/domains/de/test/auto/knownFailedTests/DirectFeedback.xml
2 ms. Memory: 48128K Free: 20152K (42%)
Known Failure: java.lang.reflect.InvocationTargetException
----------------- testing (KnownFailure) /home/travis/build/icyphy/ptII/ptolemy/domains/de/test/auto/knownFailedTests/FSMSource.xml
8 ms. Memory: 48128K Free: 12984K (27%)
----------------- testing (KnownFailure) /home/travis/build/icyphy/ptII/ptolemy/domains/de/test/auto/knownFailedTests/HierarchicalModel.xml
3 ms. Memory: 48128K Free: 24242K (50%)
Known Failure: java.lang.reflect.InvocationTargetException
----------------- testing (KnownFailure) /home/travis/build/icyphy/ptII/ptolemy/domains/de/test/auto/knownFailedTests/dependencyLoop.xml
2 ms. Memory: 48128K Free: 8890K (18%)
Known Failure: java.lang.reflect.InvocationTargetException
----------------- testing (KnownFailure) /home/travis/build/icyphy/ptII/ptolemy/domains/de/test/auto/knownFailedTests/dependencyLoop2.xml
4 ms. Memory: 48128K Free: 20821K (43%)
Known Failure: java.lang.reflect.InvocationTargetException
No auto/linux-amd64/*.xml tests in /home/travis/build/icyphy/ptII/ptolemy/domains/de/test
AutoTests.java: About to close Vertx.
AutoTests.java: Vertx closed.

===========================================================================================
----------------- testing Mon Sep 09 05:35:43 UTC 2019 /home/travis/build/icyphy/ptII/ptolemy/domains/de/test/auto/ActorDepthCalculation_actorWithoutPorts.xml
----------------- Instantiating /home/travis/build/icyphy/ptII/ptolemy/domains/de/test/auto/ActorDepthCalculation_actorWithoutPorts.xml
1 ms. Memory: 48128K Free: 14409K (30%)
----------------- Invoking toplevel() on ptolemy.moml.MoMLSimpleApplication@e5e57ca
----------------- Done invoking toplevel() on ptolemy.moml.MoMLSimpleApplication@e5e57ca
reloadAllAccessors: .ActorDepthCalculation_actorWithoutPorts

===========================================================================================
----------------- testing Mon Sep 09 05:35:43 UTC 2019 /home/travis/build/icyphy/ptII/ptolemy/domains/de/test/auto/AssemblyLine.xml
----------------- Instantiating /home/travis/build/icyphy/ptII/ptolemy/domains/de/test/auto/AssemblyLine.xml
8 ms. Memory: 48128K Free: 33603K (70%)
----------------- Invoking toplevel() on ptolemy.moml.MoMLSimpleApplication@774d2417
----------------- Done invoking toplevel() on ptolemy.moml.MoMLSimpleApplication@774d2417
reloadAllAccessors: .AssemblyLine

===========================================================================================
----------------- testing Mon Sep 09 05:35:43 UTC 2019 /home/travis/build/icyphy/ptII/ptolemy/domains/de/test/auto/CQBug1.xml
----------------- Instantiating /home/travis/build/icyphy/ptII/ptolemy/domains/de/test/auto/CQBug1.xml
1 ms. Memory: 48128K Free: 30354K (63%)
----------------- Invoking toplevel() on ptolemy.moml.MoMLSimpleApplication@9600c44
----------------- Done invoking toplevel() on ptolemy.moml.MoMLSimpleApplication@9600c44
reloadAllAccessors: .CQBug1

===========================================================================================
----------------- testing Mon Sep 09 05:35:43 UTC 2019 /home/travis/build/icyphy/ptII/ptolemy/domains/de/test/auto/CancelFireAt.xml
----------------- Instantiating /home/travis/build/icyphy/ptII/ptolemy/domains/de/test/auto/CancelFireAt.xml
2 ms. Memory: 48128K Free: 28210K (59%)
----------------- Invoking toplevel() on ptolemy.moml.MoMLSimpleApplication@1a36d9d9
----------------- Done invoking toplevel() on ptolemy.moml.MoMLSimpleApplication@1a36d9d9
reloadAllAccessors: .CancelFireAt

===========================================================================================
----------------- testing Mon Sep 09 05:35:43 UTC 2019 /home/travis/build/icyphy/ptII/ptolemy/domains/de/test/auto/CausalityAndComposabilityAnalysis.xml
----------------- Instantiating /home/travis/build/icyphy/ptII/ptolemy/domains/de/test/auto/CausalityAndComposabilityAnalysis.xml
2 ms. Memory: 48128K Free: 24032K (50%)
----------------- Invoking toplevel() on ptolemy.moml.MoMLSimpleApplication@1c008321
----------------- Done invoking toplevel() on ptolemy.moml.MoMLSimpleApplication@1c008321
reloadAllAccessors: .CausalityAndComposabilityAnalysis

===========================================================================================
----------------- testing Mon Sep 09 05:35:43 UTC 2019 /home/travis/build/icyphy/ptII/ptolemy/domains/de/test/auto/CausalityInterface1.xml
----------------- Instantiating /home/travis/build/icyphy/ptII/ptolemy/domains/de/test/auto/CausalityInterface1.xml
7 ms. Memory: 48128K Free: 19090K (40%)
----------------- Invoking toplevel() on ptolemy.moml.MoMLSimpleApplication@7f213047
----------------- Done invoking toplevel() on ptolemy.moml.MoMLSimpleApplication@7f213047
reloadAllAccessors: .CausalityInterface1

===========================================================================================
----------------- testing Mon Sep 09 05:35:43 UTC 2019 /home/travis/build/icyphy/ptII/ptolemy/domains/de/test/auto/CausalityInterface15.xml
----------------- Instantiating /home/travis/build/icyphy/ptII/ptolemy/domains/de/test/auto/CausalityInterface15.xml
2 ms. Memory: 48128K Free: 13742K (29%)
----------------- Invoking toplevel() on ptolemy.moml.MoMLSimpleApplication@41c5dab2
----------------- Done invoking toplevel() on ptolemy.moml.MoMLSimpleApplication@41c5dab2
reloadAllAccessors: .CausalityInterface15

===========================================================================================
----------------- testing Mon Sep 09 05:35:43 UTC 2019 /home/travis/build/icyphy/ptII/ptolemy/domains/de/test/auto/CausalityInterface2.xml
----------------- Instantiating /home/travis/build/icyphy/ptII/ptolemy/domains/de/test/auto/CausalityInterface2.xml
2 ms. Memory: 48128K Free: 9213K (19%)
[...]
	at ptolemy.actor.Manager.run(Manager.java:1263)
	at ptolemy.actor.Manager$PtolemyRunThread.run(Manager.java:1933)
java.lang.RuntimeException: Execution failed
	at ptolemy.moml.MoMLSimpleApplication$UnloadThread.run(MoMLSimpleApplication.java:402)
Caused by: ptolemy.kernel.util.IllegalActionException: Actor is not ready to fire.  Perhaps UpSample.prefire() returned false? Try debugging the actor by selecting "Listen to Actor".  Also, for SDF check moml for tokenConsumptionRate on input.
  in .DESDFClockTest.Play Bell.Copy1:SDF Director and .DESDFClockTest.Play Bell.UpSample
	at ptolemy.actor.sched.StaticSchedulingDirector.fire(StaticSchedulingDirector.java:227)
	at ptolemy.domains.sdf.kernel.SDFDirector.fire(SDFDirector.java:500)
	at ptolemy.actor.CompositeActor.fire(CompositeActor.java:455)
	at ptolemy.domains.de.kernel.DEDirector._fire(DEDirector.java:1949)
	at ptolemy.domains.de.kernel.DEDirector.fire(DEDirector.java:502)
	at ptolemy.actor.CompositeActor.fire(CompositeActor.java:455)
	at ptolemy.actor.Manager.iterate(Manager.java:851)
	at ptolemy.actor.Manager.execute(Manager.java:369)
	at ptolemy.actor.Manager.run(Manager.java:1263)
	at ptolemy.actor.Manager$PtolemyRunThread.run(Manager.java:1933)
java.lang.reflect.InvocationTargetException
	at java.base/jdk.internal.reflect.NativeConstructorAccessorImpl.newInstance0(Native Method)
	at java.base/jdk.internal.reflect.NativeConstructorAccessorImpl.newInstance(NativeConstructorAccessorImpl.java:62)
	at java.base/jdk.internal.reflect.DelegatingConstructorAccessorImpl.newInstance(DelegatingConstructorAccessorImpl.java:45)
	at java.base/java.lang.reflect.Constructor.newInstance(Constructor.java:490)
	at ptolemy.util.test.junit.AutoKnownFailedTests.RunModel(AutoKnownFailedTests.java:105)
	at java.base/jdk.internal.reflect.NativeMethodAccessorImpl.invoke0(Native Method)
	at java.base/jdk.internal.reflect.NativeMethodAccessorImpl.invoke(NativeMethodAccessorImpl.java:62)
	at java.base/jdk.internal.reflect.DelegatingMethodAccessorImpl.invoke(DelegatingMethodAccessorImpl.java:43)
	at java.base/java.lang.reflect.Method.invoke(Method.java:566)
	at org.junit.runners.model.FrameworkMethod$1.runReflectiveCall(FrameworkMethod.java:44)
	at org.junit.internal.runners.model.ReflectiveCallable.run(ReflectiveCallable.java:15)
	at org.junit.runners.model.FrameworkMethod.invokeExplosively(FrameworkMethod.java:41)
	at junitparams.internal.InvokeParameterisedMethod.evaluate(InvokeParameterisedMethod.java:102)
	at org.junit.internal.runners.statements.FailOnTimeout$1.run(FailOnTimeout.java:28)
Caused by: ptolemy.kernel.util.IllegalActionException: Actor is not ready to fire.  Perhaps UpSample.prefire() returned false? Try debugging the actor by selecting "Listen to Actor".  Also, for SDF check moml for tokenConsumptionRate on input.
  in .DESDFClockTest.Play Bell.Copy1:SDF Director and .DESDFClockTest.Play Bell.UpSample
	at ptolemy.actor.sched.StaticSchedulingDirector.fire(StaticSchedulingDirector.java:227)
	at ptolemy.domains.sdf.kernel.SDFDirector.fire(SDFDirector.java:500)
	at ptolemy.actor.CompositeActor.fire(CompositeActor.java:455)
	at ptolemy.domains.de.kernel.DEDirector._fire(DEDirector.java:1949)
	at ptolemy.domains.de.kernel.DEDirector.fire(DEDirector.java:502)
	at ptolemy.actor.CompositeActor.fire(CompositeActor.java:455)
	at ptolemy.actor.Manager.iterate(Manager.java:851)
	at ptolemy.actor.Manager.execute(Manager.java:369)
	at ptolemy.actor.Manager.run(Manager.java:1263)
	at ptolemy.actor.Manager$PtolemyRunThread.run(Manager.java:1933)
java.lang.RuntimeException: Execution failed
	at ptolemy.moml.MoMLSimpleApplication$UnloadThread.run(MoMLSimpleApplication.java:402)
Caused by: ptolemy.kernel.util.IllegalActionException: Test fails in iteration 1.
Value was: 1.0. Should have been: 2.0
  in .DirectFeedback.Test
	at ptolemy.actor.lib.Test.fire(Test.java:268)
	at ptolemy.domains.de.kernel.DEDirector._fire(DEDirector.java:1949)
	at ptolemy.domains.de.kernel.DEDirector.fire(DEDirector.java:502)
	at ptolemy.actor.CompositeActor.fire(CompositeActor.java:455)
	at ptolemy.actor.Manager.iterate(Manager.java:851)
	at ptolemy.actor.Manager.execute(Manager.java:369)
	at ptolemy.actor.Manager.run(Manager.java:1263)
	at ptolemy.actor.Manager$PtolemyRunThread.run(Manager.java:1933)
java.lang.reflect.InvocationTargetException
	at java.base/jdk.internal.reflect.NativeConstructorAccessorImpl.newInstance0(Native Method)
	at java.base/jdk.internal.reflect.NativeConstructorAccessorImpl.newInstance(NativeConstructorAccessorImpl.java:62)
	at java.base/jdk.internal.reflect.DelegatingConstructorAccessorImpl.newInstance(DelegatingConstructorAccessorImpl.java:45)
	at java.base/java.lang.reflect.Constructor.newInstance(Constructor.java:490)
	at ptolemy.util.test.junit.AutoKnownFailedTests.RunModel(AutoKnownFailedTests.java:105)
	at java.base/jdk.internal.reflect.NativeMethodAccessorImpl.invoke0(Native Method)
	at java.base/jdk.internal.reflect.NativeMethodAccessorImpl.invoke(NativeMethodAccessorImpl.java:62)
	at java.base/jdk.internal.reflect.DelegatingMethodAccessorImpl.invoke(DelegatingMethodAccessorImpl.java:43)
	at java.base/java.lang.reflect.Method.invoke(Method.java:566)
	at org.junit.runners.model.FrameworkMethod$1.runReflectiveCall(FrameworkMethod.java:44)
	at org.junit.internal.runners.model.ReflectiveCallable.run(ReflectiveCallable.java:15)
	at org.junit.runners.model.FrameworkMethod.invokeExplosively(FrameworkMethod.java:41)
	at junitparams.internal.InvokeParameterisedMethod.evaluate(InvokeParameterisedMethod.java:102)
	at org.junit.internal.runners.statements.FailOnTimeout$1.run(FailOnTimeout.java:28)
Caused by: ptolemy.kernel.util.IllegalActionException: Test fails in iteration 1.
Value was: 1.0. Should have been: 2.0
  in .DirectFeedback.Test
	at ptolemy.actor.lib.Test.fire(Test.java:268)
	at ptolemy.domains.de.kernel.DEDirector._fire(DEDirector.java:1949)
	at ptolemy.domains.de.kernel.DEDirector.fire(DEDirector.java:502)
	at ptolemy.actor.CompositeActor.fire(CompositeActor.java:455)
	at ptolemy.actor.Manager.iterate(Manager.java:851)
	at ptolemy.actor.Manager.execute(Manager.java:369)
	at ptolemy.actor.Manager.run(Manager.java:1263)
	at ptolemy.actor.Manager$PtolemyRunThread.run(Manager.java:1933)
java.lang.RuntimeException: Execution failed
	at ptolemy.moml.MoMLSimpleApplication$UnloadThread.run(MoMLSimpleApplication.java:402)
Caused by: ptolemy.kernel.util.IllegalActionException: Found a zero delay loop containing .HierarchicalModel.A
  in .HierarchicalModel and .HierarchicalModel.A
	at ptolemy.actor.util.CausalityInterfaceForComposites._computeOutputPortDepth(CausalityInterfaceForComposites.java:759)
	at ptolemy.actor.util.CausalityInterfaceForComposites._computeInputDepth(CausalityInterfaceForComposites.java:696)
	at ptolemy.actor.util.CausalityInterfaceForComposites._computeOutputPortDepth(CausalityInterfaceForComposites.java:765)
	at ptolemy.actor.util.CausalityInterfaceForComposites._computeInputDepth(CausalityInterfaceForComposites.java:696)
	at ptolemy.actor.util.CausalityInterfaceForComposites._computeOutputPortDepth(CausalityInterfaceForComposites.java:765)
	at ptolemy.actor.util.CausalityInterfaceForComposites._computeInputDepth(CausalityInterfaceForComposites.java:696)
	at ptolemy.actor.util.CausalityInterfaceForComposites._computeActorDepth(CausalityInterfaceForComposites.java:532)
	at ptolemy.actor.util.CausalityInterfaceForComposites.checkForCycles(CausalityInterfaceForComposites.java:96)
	at ptolemy.domains.de.kernel.DEDirector.preinitialize(DEDirector.java:1338)
	at ptolemy.actor.CompositeActor.preinitialize(CompositeActor.java:1828)
	at ptolemy.actor.Manager.preinitializeAndResolveTypes(Manager.java:1040)
	at ptolemy.actor.Manager.initialize(Manager.java:710)
	at ptolemy.actor.Manager.execute(Manager.java:356)
	at ptolemy.actor.Manager.run(Manager.java:1263)
	at ptolemy.actor.Manager$PtolemyRunThread.run(Manager.java:1933)
java.lang.reflect.InvocationTargetException
	at java.base/jdk.internal.reflect.NativeConstructorAccessorImpl.newInstance0(Native Method)
	at java.base/jdk.internal.reflect.NativeConstructorAccessorImpl.newInstance(NativeConstructorAccessorImpl.java:62)
	at java.base/jdk.internal.reflect.DelegatingConstructorAccessorImpl.newInstance(DelegatingConstructorAccessorImpl.java:45)
	at java.base/java.lang.reflect.Constructor.newInstance(Constructor.java:490)
	at ptolemy.util.test.junit.AutoKnownFailedTests.RunModel(AutoKnownFailedTests.java:105)
	at java.base/jdk.internal.reflect.NativeMethodAccessorImpl.invoke0(Native Method)
	at java.base/jdk.internal.reflect.NativeMethodAccessorImpl.invoke(NativeMethodAccessorImpl.java:62)
	at java.base/jdk.internal.reflect.DelegatingMethodAccessorImpl.invoke(DelegatingMethodAccessorImpl.java:43)
	at java.base/java.lang.reflect.Method.invoke(Method.java:566)
	at org.junit.runners.model.FrameworkMethod$1.runReflectiveCall(FrameworkMethod.java:44)
	at org.junit.internal.runners.model.ReflectiveCallable.run(ReflectiveCallable.java:15)
	at org.junit.runners.model.FrameworkMethod.invokeExplosively(FrameworkMethod.java:41)
	at junitparams.internal.InvokeParameterisedMethod.evaluate(InvokeParameterisedMethod.java:102)
	at org.junit.internal.runners.statements.FailOnTimeout$1.run(FailOnTimeout.java:28)
Caused by: ptolemy.kernel.util.IllegalActionException: Found a zero delay loop containing .HierarchicalModel.A
  in .HierarchicalModel and .HierarchicalModel.A
	at ptolemy.actor.util.CausalityInterfaceForComposites._computeOutputPortDepth(CausalityInterfaceForComposites.java:759)
	at ptolemy.actor.util.CausalityInterfaceForComposites._computeInputDepth(CausalityInterfaceForComposites.java:696)
	at ptolemy.actor.util.CausalityInterfaceForComposites._computeOutputPortDepth(CausalityInterfaceForComposites.java:765)
	at ptolemy.actor.util.CausalityInterfaceForComposites._computeInputDepth(CausalityInterfaceForComposites.java:696)
	at ptolemy.actor.util.CausalityInterfaceForComposites._computeOutputPortDepth(CausalityInterfaceForComposites.java:765)
	at ptolemy.actor.util.CausalityInterfaceForComposites._computeInputDepth(CausalityInterfaceForComposites.java:696)
	at ptolemy.actor.util.CausalityInterfaceForComposites._computeActorDepth(CausalityInterfaceForComposites.java:532)
	at ptolemy.actor.util.CausalityInterfaceForComposites.checkForCycles(CausalityInterfaceForComposites.java:96)
	at ptolemy.domains.de.kernel.DEDirector.preinitialize(DEDirector.java:1338)
	at ptolemy.actor.CompositeActor.preinitialize(CompositeActor.java:1828)
	at ptolemy.actor.Manager.preinitializeAndResolveTypes(Manager.java:1040)
	at ptolemy.actor.Manager.initialize(Manager.java:710)
	at ptolemy.actor.Manager.execute(Manager.java:356)
	at ptolemy.actor.Manager.run(Manager.java:1263)
	at ptolemy.actor.Manager$PtolemyRunThread.run(Manager.java:1933)
java.lang.RuntimeException: Execution failed
	at ptolemy.moml.MoMLSimpleApplication$UnloadThread.run(MoMLSimpleApplication.java:402)
Caused by: ptolemy.kernel.util.IllegalActionException: Found a zero delay loop containing .dependencyLoop.original
  in .dependencyLoop and .dependencyLoop.original
	at ptolemy.actor.util.CausalityInterfaceForComposites._computeOutputPortDepth(CausalityInterfaceForComposites.java:759)
	at ptolemy.actor.util.CausalityInterfaceForComposites._computeInputDepth(CausalityInterfaceForComposites.java:696)
	at ptolemy.actor.util.CausalityInterfaceForComposites._computeOutputPortDepth(CausalityInterfaceForComposites.java:765)
	at ptolemy.actor.util.CausalityInterfaceForComposites._computeInputDepth(CausalityInterfaceForComposites.java:696)
	at ptolemy.actor.util.CausalityInterfaceForComposites._computeOutputPortDepth(CausalityInterfaceForComposites.java:765)
	at ptolemy.actor.util.CausalityInterfaceForComposites._computeInputDepth(CausalityInterfaceForComposites.java:696)
	at ptolemy.actor.util.CausalityInterfaceForComposites._computeActorDepth(CausalityInterfaceForComposites.java:532)
	at ptolemy.actor.util.CausalityInterfaceForComposites.checkForCycles(CausalityInterfaceForComposites.java:96)
	at ptolemy.domains.de.kernel.DEDirector.preinitialize(DEDirector.java:1338)
	at ptolemy.actor.CompositeActor.preinitialize(CompositeActor.java:1828)
	at ptolemy.actor.Manager.preinitializeAndResolveTypes(Manager.java:1040)
	at ptolemy.actor.Manager.initialize(Manager.java:710)
	at ptolemy.actor.Manager.execute(Manager.java:356)
	at ptolemy.actor.Manager.run(Manager.java:1263)
	at ptolemy.actor.Manager$PtolemyRunThread.run(Manager.java:1933)
java.lang.reflect.InvocationTargetException
	at java.base/jdk.internal.reflect.NativeConstructorAccessorImpl.newInstance0(Native Method)
	at java.base/jdk.internal.reflect.NativeConstructorAccessorImpl.newInstance(NativeConstructorAccessorImpl.java:62)
	at java.base/jdk.internal.reflect.DelegatingConstructorAccessorImpl.newInstance(DelegatingConstructorAccessorImpl.java:45)
	at java.base/java.lang.reflect.Constructor.newInstance(Constructor.java:490)
	at ptolemy.util.test.junit.AutoKnownFailedTests.RunModel(AutoKnownFailedTests.java:105)
	at java.base/jdk.internal.reflect.NativeMethodAccessorImpl.invoke0(Native Method)
	at java.base/jdk.internal.reflect.NativeMethodAccessorImpl.invoke(NativeMethodAccessorImpl.java:62)
	at java.base/jdk.internal.reflect.DelegatingMethodAccessorImpl.invoke(DelegatingMethodAccessorImpl.java:43)
	at java.base/java.lang.reflect.Method.invoke(Method.java:566)
	at org.junit.runners.model.FrameworkMethod$1.runReflectiveCall(FrameworkMethod.java:44)
	at org.junit.internal.runners.model.ReflectiveCallable.run(ReflectiveCallable.java:15)
	at org.junit.runners.model.FrameworkMethod.invokeExplosively(FrameworkMethod.java:41)
	at junitparams.internal.InvokeParameterisedMethod.evaluate(InvokeParameterisedMethod.java:102)
	at org.junit.internal.runners.statements.FailOnTimeout$1.run(FailOnTimeout.java:28)
Caused by: ptolemy.kernel.util.IllegalActionException: Found a zero delay loop containing .dependencyLoop.original
  in .dependencyLoop and .dependencyLoop.original
	at ptolemy.actor.util.CausalityInterfaceForComposites._computeOutputPortDepth(CausalityInterfaceForComposites.java:759)
	at ptolemy.actor.util.CausalityInterfaceForComposites._computeInputDepth(CausalityInterfaceForComposites.java:696)
	at ptolemy.actor.util.CausalityInterfaceForComposites._computeOutputPortDepth(CausalityInterfaceForComposites.java:765)
	at ptolemy.actor.util.CausalityInterfaceForComposites._computeInputDepth(CausalityInterfaceForComposites.java:696)
	at ptolemy.actor.util.CausalityInterfaceForComposites._computeOutputPortDepth(CausalityInterfaceForComposites.java:765)
	at ptolemy.actor.util.CausalityInterfaceForComposites._computeInputDepth(CausalityInterfaceForComposites.java:696)
	at ptolemy.actor.util.CausalityInterfaceForComposites._computeActorDepth(CausalityInterfaceForComposites.java:532)
	at ptolemy.actor.util.CausalityInterfaceForComposites.checkForCycles(CausalityInterfaceForComposites.java:96)
	at ptolemy.domains.de.kernel.DEDirector.preinitialize(DEDirector.java:1338)
	at ptolemy.actor.CompositeActor.preinitialize(CompositeActor.java:1828)
	at ptolemy.actor.Manager.preinitializeAndResolveTypes(Manager.java:1040)
	at ptolemy.actor.Manager.initialize(Manager.java:710)
	at ptolemy.actor.Manager.execute(Manager.java:356)
	at ptolemy.actor.Manager.run(Manager.java:1263)
	at ptolemy.actor.Manager$PtolemyRunThread.run(Manager.java:1933)
java.lang.RuntimeException: Execution failed
	at ptolemy.moml.MoMLSimpleApplication$UnloadThread.run(MoMLSimpleApplication.java:402)
Caused by: ptolemy.kernel.util.IllegalActionException: Found a zero delay loop containing .dependencyLoop2.original
  in .dependencyLoop2 and .dependencyLoop2.original
	at ptolemy.actor.util.CausalityInterfaceForComposites._computeOutputPortDepth(CausalityInterfaceForComposites.java:759)
	at ptolemy.actor.util.CausalityInterfaceForComposites._computeInputDepth(CausalityInterfaceForComposites.java:696)
	at ptolemy.actor.util.CausalityInterfaceForComposites._computeOutputPortDepth(CausalityInterfaceForComposites.java:765)
	at ptolemy.actor.util.CausalityInterfaceForComposites._computeInputDepth(CausalityInterfaceForComposites.java:696)
	at ptolemy.actor.util.CausalityInterfaceForComposites._computeOutputPortDepth(CausalityInterfaceForComposites.java:765)
	at ptolemy.actor.util.CausalityInterfaceForComposites._computeInputDepth(CausalityInterfaceForComposites.java:696)
	at ptolemy.actor.util.CausalityInterfaceForComposites._computeActorDepth(CausalityInterfaceForComposites.java:532)
	at ptolemy.actor.util.CausalityInterfaceForComposites.checkForCycles(CausalityInterfaceForComposites.java:96)
	at ptolemy.domains.de.kernel.DEDirector.preinitialize(DEDirector.java:1338)
	at ptolemy.actor.CompositeActor.preinitialize(CompositeActor.java:1828)
	at ptolemy.actor.Manager.preinitializeAndResolveTypes(Manager.java:1040)
	at ptolemy.actor.Manager.initialize(Manager.java:710)
	at ptolemy.actor.Manager.execute(Manager.java:356)
	at ptolemy.actor.Manager.run(Manager.java:1263)
	at ptolemy.actor.Manager$PtolemyRunThread.run(Manager.java:1933)
java.lang.reflect.InvocationTargetException
	at java.base/jdk.internal.reflect.NativeConstructorAccessorImpl.newInstance0(Native Method)
	at java.base/jdk.internal.reflect.NativeConstructorAccessorImpl.newInstance(NativeConstructorAccessorImpl.java:62)
	at java.base/jdk.internal.reflect.DelegatingConstructorAccessorImpl.newInstance(DelegatingConstructorAccessorImpl.java:45)
	at java.base/java.lang.reflect.Constructor.newInstance(Constructor.java:490)
	at ptolemy.util.test.junit.AutoKnownFailedTests.RunModel(AutoKnownFailedTests.java:105)
	at java.base/jdk.internal.reflect.NativeMethodAccessorImpl.invoke0(Native Method)
	at java.base/jdk.internal.reflect.NativeMethodAccessorImpl.invoke(NativeMethodAccessorImpl.java:62)
	at java.base/jdk.internal.reflect.DelegatingMethodAccessorImpl.invoke(DelegatingMethodAccessorImpl.java:43)
	at java.base/java.lang.reflect.Method.invoke(Method.java:566)
	at org.junit.runners.model.FrameworkMethod$1.runReflectiveCall(FrameworkMethod.java:44)
	at org.junit.internal.runners.model.ReflectiveCallable.run(ReflectiveCallable.java:15)
	at org.junit.runners.model.FrameworkMethod.invokeExplosively(FrameworkMethod.java:41)
	at junitparams.internal.InvokeParameterisedMethod.evaluate(InvokeParameterisedMethod.java:102)
	at org.junit.internal.runners.statements.FailOnTimeout$1.run(FailOnTimeout.java:28)
Caused by: ptolemy.kernel.util.IllegalActionException: Found a zero delay loop containing .dependencyLoop2.original
  in .dependencyLoop2 and .dependencyLoop2.original
	at ptolemy.actor.util.CausalityInterfaceForComposites._computeOutputPortDepth(CausalityInterfaceForComposites.java:759)
	at ptolemy.actor.util.CausalityInterfaceForComposites._computeInputDepth(CausalityInterfaceForComposites.java:696)
	at ptolemy.actor.util.CausalityInterfaceForComposites._computeOutputPortDepth(CausalityInterfaceForComposites.java:765)
	at ptolemy.actor.util.CausalityInterfaceForComposites._computeInputDepth(CausalityInterfaceForComposites.java:696)
	at ptolemy.actor.util.CausalityInterfaceForComposites._computeOutputPortDepth(CausalityInterfaceForComposites.java:765)
	at ptolemy.actor.util.CausalityInterfaceForComposites._computeInputDepth(CausalityInterfaceForComposites.java:696)
	at ptolemy.actor.util.CausalityInterfaceForComposites._computeActorDepth(CausalityInterfaceForComposites.java:532)
	at ptolemy.actor.util.CausalityInterfaceForComposites.checkForCycles(CausalityInterfaceForComposites.java:96)
	at ptolemy.domains.de.kernel.DEDirector.preinitialize(DEDirector.java:1338)
	at ptolemy.actor.CompositeActor.preinitialize(CompositeActor.java:1828)
	at ptolemy.actor.Manager.preinitializeAndResolveTypes(Manager.java:1040)
	at ptolemy.actor.Manager.initialize(Manager.java:710)
	at ptolemy.actor.Manager.execute(Manager.java:356)
	at ptolemy.actor.Manager.run(Manager.java:1263)
	at ptolemy.actor.Manager$PtolemyRunThread.run(Manager.java:1933)
]]></system-err>
</testsuite>
