<?xml version="1.0" encoding="UTF-8" ?>
<testsuite errors="0" failures="0" hostname="travis-job-cba444ec-52c1-4369-ac94-2b9526469a19" name="ptolemy.domains.continuous.test.junit.JUnitTclTest" skipped="0" tests="156" time="72.314" timestamp="2018-12-18T03:04:12">
  <properties>
[...]
</properties>
  <testcase classname="ptolemy.util.test.junit.TclTests" name="[0] ThereAreNoTclTests (RunTclFile)" time="0.002" />
  <testcase classname="ptolemy.util.test.junit.AutoKnownFailedTests" name="[0] ThereAreNoKnowFailedTests (RunModel)" time="0.007" />
  <testcase classname="ptolemy.util.test.junit.AutoNameArchTests" name="[0] ThereAreNoAutoArchTests (RunModel)" time="0.001" />
  <testcase classname="ptolemy.util.test.junit.AutoTests" name="[0] /home/travis/build/icyphy/ptII/ptolemy/domains/continuous/test/auto/BouncingBall.xml (RunModel)" time="2.855" />
  <testcase classname="ptolemy.util.test.junit.AutoTests" name="[1] /home/travis/build/icyphy/ptII/ptolemy/domains/continuous/test/auto/BouncingBallWithoutGR.xml (RunModel)" time="1.011" />
  <testcase classname="ptolemy.util.test.junit.AutoTests" name="[2] /home/travis/build/icyphy/ptII/ptolemy/domains/continuous/test/auto/Brownian.xml (RunModel)" time="0.117" />
  <testcase classname="ptolemy.util.test.junit.AutoTests" name="[3] /home/travis/build/icyphy/ptII/ptolemy/domains/continuous/test/auto/CarTracking.xml (RunModel)" time="3.762" />
  <testcase classname="ptolemy.util.test.junit.AutoTests" name="[4] /home/travis/build/icyphy/ptII/ptolemy/domains/continuous/test/auto/CartPendulum.xml (RunModel)" time="0.566" />
  <testcase classname="ptolemy.util.test.junit.AutoTests" name="[5] /home/travis/build/icyphy/ptII/ptolemy/domains/continuous/test/auto/CausalityInterface10.xml (RunModel)" time="0.056" />
  <testcase classname="ptolemy.util.test.junit.AutoTests" name="[6] /home/travis/build/icyphy/ptII/ptolemy/domains/continuous/test/auto/CausalityInterface11.xml (RunModel)" time="0.038" />
  <testcase classname="ptolemy.util.test.junit.AutoTests" name="[7] /home/travis/build/icyphy/ptII/ptolemy/domains/continuous/test/auto/CausalityInterface12.xml (RunModel)" time="0.039" />
  <testcase classname="ptolemy.util.test.junit.AutoTests" name="[8] /home/travis/build/icyphy/ptII/ptolemy/domains/continuous/test/auto/CausalityInterface13.xml (RunModel)" time="0.041" />
  <testcase classname="ptolemy.util.test.junit.AutoTests" name="[9] /home/travis/build/icyphy/ptII/ptolemy/domains/continuous/test/auto/CausalityInterface14.xml (RunModel)" time="0.026" />
  <testcase classname="ptolemy.util.test.junit.AutoTests" name="[10] /home/travis/build/icyphy/ptII/ptolemy/domains/continuous/test/auto/CausalityInterface4.xml (RunModel)" time="0.038" />
  <testcase classname="ptolemy.util.test.junit.AutoTests" name="[11] /home/travis/build/icyphy/ptII/ptolemy/domains/continuous/test/auto/CausalityInterface5.xml (RunModel)" time="0.042" />
  <testcase classname="ptolemy.util.test.junit.AutoTests" name="[12] /home/travis/build/icyphy/ptII/ptolemy/domains/continuous/test/auto/CausalityInterface6.xml (RunModel)" time="0.032" />
  <testcase classname="ptolemy.util.test.junit.AutoTests" name="[13] /home/travis/build/icyphy/ptII/ptolemy/domains/continuous/test/auto/CausalityInterface7.xml (RunModel)" time="0.047" />
  <testcase classname="ptolemy.util.test.junit.AutoTests" name="[14] /home/travis/build/icyphy/ptII/ptolemy/domains/continuous/test/auto/CausalityInterface8.xml (RunModel)" time="0.046" />
  <testcase classname="ptolemy.util.test.junit.AutoTests" name="[15] /home/travis/build/icyphy/ptII/ptolemy/domains/continuous/test/auto/CausalityInterface9.xml (RunModel)" time="0.054" />
  <testcase classname="ptolemy.util.test.junit.AutoTests" name="[16] /home/travis/build/icyphy/ptII/ptolemy/domains/continuous/test/auto/CausalityInterfaceFeedback1.xml (RunModel)" time="0.039" />
  <testcase classname="ptolemy.util.test.junit.AutoTests" name="[17] /home/travis/build/icyphy/ptII/ptolemy/domains/continuous/test/auto/CausalityInterfaceFeedback2.xml (RunModel)" time="0.042" />
  <testcase classname="ptolemy.util.test.junit.AutoTests" name="[18] /home/travis/build/icyphy/ptII/ptolemy/domains/continuous/test/auto/CompareWithCurrentTime.xml (RunModel)" time="0.031" />
  <testcase classname="ptolemy.util.test.junit.AutoTests" name="[19] /home/travis/build/icyphy/ptII/ptolemy/domains/continuous/test/auto/ComparedClocks.xml (RunModel)" time="0.085" />
  <testcase classname="ptolemy.util.test.junit.AutoTests" name="[20] /home/travis/build/icyphy/ptII/ptolemy/domains/continuous/test/auto/ContinuousAOCClone.xml (RunModel)" time="2.718" />
  <testcase classname="ptolemy.util.test.junit.AutoTests" name="[21] /home/travis/build/icyphy/ptII/ptolemy/domains/continuous/test/auto/ContinuousClock.xml (RunModel)" time="0.098" />
  <testcase classname="ptolemy.util.test.junit.AutoTests" name="[22] /home/travis/build/icyphy/ptII/ptolemy/domains/continuous/test/auto/ContinuousInContinuous.xml (RunModel)" time="0.083" />
  <testcase classname="ptolemy.util.test.junit.AutoTests" name="[23] /home/travis/build/icyphy/ptII/ptolemy/domains/continuous/test/auto/ContinuousInContinuousInContinuous.xml (RunModel)" time="0.029" />
  <testcase classname="ptolemy.util.test.junit.AutoTests" name="[24] /home/travis/build/icyphy/ptII/ptolemy/domains/continuous/test/auto/ContinuousInDE.xml (RunModel)" time="0.146" />
  <testcase classname="ptolemy.util.test.junit.AutoTests" name="[25] /home/travis/build/icyphy/ptII/ptolemy/domains/continuous/test/auto/ContinuousInDE2.xml (RunModel)" time="0.066" />
  <testcase classname="ptolemy.util.test.junit.AutoTests" name="[26] /home/travis/build/icyphy/ptII/ptolemy/domains/continuous/test/auto/ContinuousInDE3.xml (RunModel)" time="0.061" />
  <testcase classname="ptolemy.util.test.junit.AutoTests" name="[27] /home/travis/build/icyphy/ptII/ptolemy/domains/continuous/test/auto/ContinuousInDE4.xml (RunModel)" time="0.038" />
  <testcase classname="ptolemy.util.test.junit.AutoTests" name="[28] /home/travis/build/icyphy/ptII/ptolemy/domains/continuous/test/auto/ContinuousInDEDifferentRefinements.xml (RunModel)" time="0.13" />
  <testcase classname="ptolemy.util.test.junit.AutoTests" name="[29] /home/travis/build/icyphy/ptII/ptolemy/domains/continuous/test/auto/ContinuousInDEDifferentRefinementsPreemptive.xml (RunModel)" time="0.093" />
  <testcase classname="ptolemy.util.test.junit.AutoTests" name="[30] /home/travis/build/icyphy/ptII/ptolemy/domains/continuous/test/auto/ContinuousInDEInContinuous2.xml (RunModel)" time="0.065" />
  <testcase classname="ptolemy.util.test.junit.AutoTests" name="[31] /home/travis/build/icyphy/ptII/ptolemy/domains/continuous/test/auto/ContinuousInDEInContinuous3.xml (RunModel)" time="0.064" />
  <testcase classname="ptolemy.util.test.junit.AutoTests" name="[32] /home/travis/build/icyphy/ptII/ptolemy/domains/continuous/test/auto/ContinuousInDEInput.xml (RunModel)" time="0.04" />
  <testcase classname="ptolemy.util.test.junit.AutoTests" name="[33] /home/travis/build/icyphy/ptII/ptolemy/domains/continuous/test/auto/ContinuousInDEInput2.xml (RunModel)" time="0.029" />
  <testcase classname="ptolemy.util.test.junit.AutoTests" name="[34] /home/travis/build/icyphy/ptII/ptolemy/domains/continuous/test/auto/ContinuousInDEInput3.xml (RunModel)" time="0.032" />
  <testcase classname="ptolemy.util.test.junit.AutoTests" name="[35] /home/travis/build/icyphy/ptII/ptolemy/domains/continuous/test/auto/ContinuousInDESharingRefinement.xml (RunModel)" time="0.186" />
  <testcase classname="ptolemy.util.test.junit.AutoTests" name="[36] /home/travis/build/icyphy/ptII/ptolemy/domains/continuous/test/auto/ContinuousInDEwithNoPorts.xml (RunModel)" time="0.022" />
  <testcase classname="ptolemy.util.test.junit.AutoTests" name="[37] /home/travis/build/icyphy/ptII/ptolemy/domains/continuous/test/auto/ContinuousInsideDE.xml (RunModel)" time="0.094" />
  <testcase classname="ptolemy.util.test.junit.AutoTests" name="[38] /home/travis/build/icyphy/ptII/ptolemy/domains/continuous/test/auto/ContinuousMerge1.xml (RunModel)" time="0.017" />
  <testcase classname="ptolemy.util.test.junit.AutoTests" name="[39] /home/travis/build/icyphy/ptII/ptolemy/domains/continuous/test/auto/ContinuousMerge2.xml (RunModel)" time="0.052" />
  <testcase classname="ptolemy.util.test.junit.AutoTests" name="[40] /home/travis/build/icyphy/ptII/ptolemy/domains/continuous/test/auto/ContinuousMerge3.xml (RunModel)" time="0.073" />
  <testcase classname="ptolemy.util.test.junit.AutoTests" name="[41] /home/travis/build/icyphy/ptII/ptolemy/domains/continuous/test/auto/ContinuousWithinContinuous.xml (RunModel)" time="0.052" />
  <testcase classname="ptolemy.util.test.junit.AutoTests" name="[42] /home/travis/build/icyphy/ptII/ptolemy/domains/continuous/test/auto/ContinuousWithinContinuous2.xml (RunModel)" time="0.082" />
  <testcase classname="ptolemy.util.test.junit.AutoTests" name="[43] /home/travis/build/icyphy/ptII/ptolemy/domains/continuous/test/auto/ContinuousWithinContinuous3.xml (RunModel)" time="0.033" />
  <testcase classname="ptolemy.util.test.junit.AutoTests" name="[44] /home/travis/build/icyphy/ptII/ptolemy/domains/continuous/test/auto/ContinuousWithinContinuous4.xml (RunModel)" time="0.09" />
  <testcase classname="ptolemy.util.test.junit.AutoTests" name="[45] /home/travis/build/icyphy/ptII/ptolemy/domains/continuous/test/auto/ContinuousWithinContinuous5.xml (RunModel)" time="0.034" />
  <testcase classname="ptolemy.util.test.junit.AutoTests" name="[46] /home/travis/build/icyphy/ptII/ptolemy/domains/continuous/test/auto/ContinuousWithinContinuous6.xml (RunModel)" time="0.032" />
  <testcase classname="ptolemy.util.test.junit.AutoTests" name="[47] /home/travis/build/icyphy/ptII/ptolemy/domains/continuous/test/auto/ContinuousWithinContinuous7.xml (RunModel)" time="0.066" />
  <testcase classname="ptolemy.util.test.junit.AutoTests" name="[48] /home/travis/build/icyphy/ptII/ptolemy/domains/continuous/test/auto/DCMotor.xml (RunModel)" time="12.573" />
  <testcase classname="ptolemy.util.test.junit.AutoTests" name="[49] /home/travis/build/icyphy/ptII/ptolemy/domains/continuous/test/auto/DEInContinuous.xml (RunModel)" time="0.051" />
  <testcase classname="ptolemy.util.test.junit.AutoTests" name="[50] /home/travis/build/icyphy/ptII/ptolemy/domains/continuous/test/auto/DEinContinuous2.xml (RunModel)" time="0.034" />
  <testcase classname="ptolemy.util.test.junit.AutoTests" name="[51] /home/travis/build/icyphy/ptII/ptolemy/domains/continuous/test/auto/Derivative.xml (RunModel)" time="0.22" />
  <testcase classname="ptolemy.util.test.junit.AutoTests" name="[52] /home/travis/build/icyphy/ptII/ptolemy/domains/continuous/test/auto/Derivative1.xml (RunModel)" time="0.062" />
  <testcase classname="ptolemy.util.test.junit.AutoTests" name="[53] /home/travis/build/icyphy/ptII/ptolemy/domains/continuous/test/auto/DiscreteClock.xml (RunModel)" time="0.018" />
  <testcase classname="ptolemy.util.test.junit.AutoTests" name="[54] /home/travis/build/icyphy/ptII/ptolemy/domains/continuous/test/auto/EfficiencyCurve.xml (RunModel)" time="0.15" />
  <testcase classname="ptolemy.util.test.junit.AutoTests" name="[55] /home/travis/build/icyphy/ptII/ptolemy/domains/continuous/test/auto/ExponentialResponse.xml (RunModel)" time="0.134" />
  <testcase classname="ptolemy.util.test.junit.AutoTests" name="[56] /home/travis/build/icyphy/ptII/ptolemy/domains/continuous/test/auto/ExponentialResponseRK45.xml (RunModel)" time="0.036" />
  <testcase classname="ptolemy.util.test.junit.AutoTests" name="[57] /home/travis/build/icyphy/ptII/ptolemy/domains/continuous/test/auto/Friction.xml (RunModel)" time="1.529" />
  <testcase classname="ptolemy.util.test.junit.AutoTests" name="[58] /home/travis/build/icyphy/ptII/ptolemy/domains/continuous/test/auto/FurutaPendulum.xml (RunModel)" time="3.676" />
  <testcase classname="ptolemy.util.test.junit.AutoTests" name="[59] /home/travis/build/icyphy/ptII/ptolemy/domains/continuous/test/auto/HierarchicalExecution.xml (RunModel)" time="2.1" />
  <testcase classname="ptolemy.util.test.junit.AutoTests" name="[60] /home/travis/build/icyphy/ptII/ptolemy/domains/continuous/test/auto/HybridPlant.xml (RunModel)" time="0.59" />
  <testcase classname="ptolemy.util.test.junit.AutoTests" name="[61] /home/travis/build/icyphy/ptII/ptolemy/domains/continuous/test/auto/Hysteresis.xml (RunModel)" time="0.168" />
  <testcase classname="ptolemy.util.test.junit.AutoTests" name="[62] /home/travis/build/icyphy/ptII/ptolemy/domains/continuous/test/auto/HysteresisWithRandomDelay.xml (RunModel)" time="0.208" />
  <testcase classname="ptolemy.util.test.junit.AutoTests" name="[63] /home/travis/build/icyphy/ptII/ptolemy/domains/continuous/test/auto/HysteresisWithRandomLosses.xml (RunModel)" time="2.159" />
  <testcase classname="ptolemy.util.test.junit.AutoTests" name="[64] /home/travis/build/icyphy/ptII/ptolemy/domains/continuous/test/auto/ImmediateTransitions.xml (RunModel)" time="0.025" />
  <testcase classname="ptolemy.util.test.junit.AutoTests" name="[65] /home/travis/build/icyphy/ptII/ptolemy/domains/continuous/test/auto/ImpulseFeedback.xml (RunModel)" time="0.026" />
  <testcase classname="ptolemy.util.test.junit.AutoTests" name="[66] /home/travis/build/icyphy/ptII/ptolemy/domains/continuous/test/auto/ImpulseFeedback2.xml (RunModel)" time="0.017" />
  <testcase classname="ptolemy.util.test.junit.AutoTests" name="[67] /home/travis/build/icyphy/ptII/ptolemy/domains/continuous/test/auto/IncreasingRatePoisson.xml (RunModel)" time="0.669" />
  <testcase classname="ptolemy.util.test.junit.AutoTests" name="[68] /home/travis/build/icyphy/ptII/ptolemy/domains/continuous/test/auto/InitialStateFeedback.xml (RunModel)" time="0.018" />
  <testcase classname="ptolemy.util.test.junit.AutoTests" name="[69] /home/travis/build/icyphy/ptII/ptolemy/domains/continuous/test/auto/Integration.xml (RunModel)" time="0.023" />
  <testcase classname="ptolemy.util.test.junit.AutoTests" name="[70] /home/travis/build/icyphy/ptII/ptolemy/domains/continuous/test/auto/Integration2.xml (RunModel)" time="0.09" />
  <testcase classname="ptolemy.util.test.junit.AutoTests" name="[71] /home/travis/build/icyphy/ptII/ptolemy/domains/continuous/test/auto/Integration3.xml (RunModel)" time="0.018" />
  <testcase classname="ptolemy.util.test.junit.AutoTests" name="[72] /home/travis/build/icyphy/ptII/ptolemy/domains/continuous/test/auto/Integration5.xml (RunModel)" time="0.022" />
  <testcase classname="ptolemy.util.test.junit.AutoTests" name="[73] /home/travis/build/icyphy/ptII/ptolemy/domains/continuous/test/auto/IntegratorImpulse.xml (RunModel)" time="0.011" />
  <testcase classname="ptolemy.util.test.junit.AutoTests" name="[74] /home/travis/build/icyphy/ptII/ptolemy/domains/continuous/test/auto/IntegratorImpulse2.xml (RunModel)" time="0.012" />
  <testcase classname="ptolemy.util.test.junit.AutoTests" name="[75] /home/travis/build/icyphy/ptII/ptolemy/domains/continuous/test/auto/LevelCrossing1.xml (RunModel)" time="0.011" />
  <testcase classname="ptolemy.util.test.junit.AutoTests" name="[76] /home/travis/build/icyphy/ptII/ptolemy/domains/continuous/test/auto/LevelCrossing2.xml (RunModel)" time="0.013" />
  <testcase classname="ptolemy.util.test.junit.AutoTests" name="[77] /home/travis/build/icyphy/ptII/ptolemy/domains/continuous/test/auto/LevelCrossing3.xml (RunModel)" time="0.013" />
  <testcase classname="ptolemy.util.test.junit.AutoTests" name="[78] /home/travis/build/icyphy/ptII/ptolemy/domains/continuous/test/auto/LevelCrossing4.xml (RunModel)" time="0.013" />
  <testcase classname="ptolemy.util.test.junit.AutoTests" name="[79] /home/travis/build/icyphy/ptII/ptolemy/domains/continuous/test/auto/LevelCrossing5.xml (RunModel)" time="0.013" />
  <testcase classname="ptolemy.util.test.junit.AutoTests" name="[80] /home/travis/build/icyphy/ptII/ptolemy/domains/continuous/test/auto/LevelCrossing6.xml (RunModel)" time="0.013" />
  <testcase classname="ptolemy.util.test.junit.AutoTests" name="[81] /home/travis/build/icyphy/ptII/ptolemy/domains/continuous/test/auto/LevelCrossingDetector.xml (RunModel)" time="0.042" />
  <testcase classname="ptolemy.util.test.junit.AutoTests" name="[82] /home/travis/build/icyphy/ptII/ptolemy/domains/continuous/test/auto/LevelCrossingDetectorDetectingDirections.xml (RunModel)" time="0.098" />
  <testcase classname="ptolemy.util.test.junit.AutoTests" name="[83] /home/travis/build/icyphy/ptII/ptolemy/domains/continuous/test/auto/LevelCrossingDetectorDetectsGlitches.xml (RunModel)" time="0.061" />
  <testcase classname="ptolemy.util.test.junit.AutoTests" name="[84] /home/travis/build/icyphy/ptII/ptolemy/domains/continuous/test/auto/LevelCrossingNoInitialOuput.xml (RunModel)" time="0.013" />
  <testcase classname="ptolemy.util.test.junit.AutoTests" name="[85] /home/travis/build/icyphy/ptII/ptolemy/domains/continuous/test/auto/LinearStateSpaceExample.xml (RunModel)" time="0.047" />
  <testcase classname="ptolemy.util.test.junit.AutoTests" name="[86] /home/travis/build/icyphy/ptII/ptolemy/domains/continuous/test/auto/Lorenz.xml (RunModel)" time="4.066" />
  <testcase classname="ptolemy.util.test.junit.AutoTests" name="[87] /home/travis/build/icyphy/ptII/ptolemy/domains/continuous/test/auto/LorenzDifferentialSystem.xml (RunModel)" time="1.095" />
  <testcase classname="ptolemy.util.test.junit.AutoTests" name="[88] /home/travis/build/icyphy/ptII/ptolemy/domains/continuous/test/auto/LorenzDifferentialSystemWithInput.xml (RunModel)" time="1.345" />
  <testcase classname="ptolemy.util.test.junit.AutoTests" name="[89] /home/travis/build/icyphy/ptII/ptolemy/domains/continuous/test/auto/LorenzDifferentialSystemWithTime.xml (RunModel)" time="0.772" />
  <testcase classname="ptolemy.util.test.junit.AutoTests" name="[90] /home/travis/build/icyphy/ptII/ptolemy/domains/continuous/test/auto/Microsteps.xml (RunModel)" time="0.021" />
  <testcase classname="ptolemy.util.test.junit.AutoTests" name="[91] /home/travis/build/icyphy/ptII/ptolemy/domains/continuous/test/auto/Modal1.xml (RunModel)" time="0.037" />
  <testcase classname="ptolemy.util.test.junit.AutoTests" name="[92] /home/travis/build/icyphy/ptII/ptolemy/domains/continuous/test/auto/Modal2.xml (RunModel)" time="0.048" />
  <testcase classname="ptolemy.util.test.junit.AutoTests" name="[93] /home/travis/build/icyphy/ptII/ptolemy/domains/continuous/test/auto/ModalTransitionGuardWithReset.xml (RunModel)" time="0.024" />
  <testcase classname="ptolemy.util.test.junit.AutoTests" name="[94] /home/travis/build/icyphy/ptII/ptolemy/domains/continuous/test/auto/ModalTransitionGuardWithResetUsingPreemptiveTransition.xml (RunModel)" time="0.021" />
  <testcase classname="ptolemy.util.test.junit.AutoTests" name="[95] /home/travis/build/icyphy/ptII/ptolemy/domains/continuous/test/auto/ModalTransitionGuardWithResetUsingPreemptiveTransition2.xml (RunModel)" time="0.03" />
  <testcase classname="ptolemy.util.test.junit.AutoTests" name="[96] /home/travis/build/icyphy/ptII/ptolemy/domains/continuous/test/auto/ModalTransitionGuardWithResetUsingPreemptiveTransition3.xml (RunModel)" time="0.029" />
  <testcase classname="ptolemy.util.test.junit.AutoTests" name="[97] /home/travis/build/icyphy/ptII/ptolemy/domains/continuous/test/auto/NewtonsCradle.xml (RunModel)" time="0.704" />
  <testcase classname="ptolemy.util.test.junit.AutoTests" name="[98] /home/travis/build/icyphy/ptII/ptolemy/domains/continuous/test/auto/NewtonsCradleAnimated.xml (RunModel)" time="1.064" />
  <testcase classname="ptolemy.util.test.junit.AutoTests" name="[99] /home/travis/build/icyphy/ptII/ptolemy/domains/continuous/test/auto/NewtonsCradleComplicated.xml (RunModel)" time="0.866" />
  <testcase classname="ptolemy.util.test.junit.AutoTests" name="[100] /home/travis/build/icyphy/ptII/ptolemy/domains/continuous/test/auto/NewtonsCradleNondeterministic.xml (RunModel)" time="0.619" />
  <testcase classname="ptolemy.util.test.junit.AutoTests" name="[101] /home/travis/build/icyphy/ptII/ptolemy/domains/continuous/test/auto/NewtonsCradlePerfectlyInelastic1.xml (RunModel)" time="1.152" />
  <testcase classname="ptolemy.util.test.junit.AutoTests" name="[102] /home/travis/build/icyphy/ptII/ptolemy/domains/continuous/test/auto/Noise.xml (RunModel)" time="0.172" />
  <testcase classname="ptolemy.util.test.junit.AutoTests" name="[103] /home/travis/build/icyphy/ptII/ptolemy/domains/continuous/test/auto/NoiseSpectrum.xml (RunModel)" time="0.785" />
  <testcase classname="ptolemy.util.test.junit.AutoTests" name="[104] /home/travis/build/icyphy/ptII/ptolemy/domains/continuous/test/auto/ParameterizedNewtonsCradleAnimated.xml (RunModel)" time="0.344" />
  <testcase classname="ptolemy.util.test.junit.AutoTests" name="[105] /home/travis/build/icyphy/ptII/ptolemy/domains/continuous/test/auto/ParameterizedNewtonsCradleAnimatedNondeterministic.xml (RunModel)" time="1.167" />
  <testcase classname="ptolemy.util.test.junit.AutoTests" name="[106] /home/travis/build/icyphy/ptII/ptolemy/domains/continuous/test/auto/Pendulum3D.xml (RunModel)" time="0.192" />
  <testcase classname="ptolemy.util.test.junit.AutoTests" name="[107] /home/travis/build/icyphy/ptII/ptolemy/domains/continuous/test/auto/PeriodicSampler.xml (RunModel)" time="0.01" />
  <testcase classname="ptolemy.util.test.junit.AutoTests" name="[108] /home/travis/build/icyphy/ptII/ptolemy/domains/continuous/test/auto/PeriodicSampler1.xml (RunModel)" time="0.046" />
  <testcase classname="ptolemy.util.test.junit.AutoTests" name="[109] /home/travis/build/icyphy/ptII/ptolemy/domains/continuous/test/auto/PeriodicSampler2.xml (RunModel)" time="0.06" />
  <testcase classname="ptolemy.util.test.junit.AutoTests" name="[110] /home/travis/build/icyphy/ptII/ptolemy/domains/continuous/test/auto/Poisson.xml (RunModel)" time="0.36" />
  <testcase classname="ptolemy.util.test.junit.AutoTests" name="[111] /home/travis/build/icyphy/ptII/ptolemy/domains/continuous/test/auto/PoissonClock.xml (RunModel)" time="0.02" />
  <testcase classname="ptolemy.util.test.junit.AutoTests" name="[112] /home/travis/build/icyphy/ptII/ptolemy/domains/continuous/test/auto/PoissonClock2.xml (RunModel)" time="0.014" />
  <testcase classname="ptolemy.util.test.junit.AutoTests" name="[113] /home/travis/build/icyphy/ptII/ptolemy/domains/continuous/test/auto/PortParameterHierarchy.xml (RunModel)" time="0.017" />
  <testcase classname="ptolemy.util.test.junit.AutoTests" name="[114] /home/travis/build/icyphy/ptII/ptolemy/domains/continuous/test/auto/RandomHybridPlant.xml (RunModel)" time="0.512" />
  <testcase classname="ptolemy.util.test.junit.AutoTests" name="[115] /home/travis/build/icyphy/ptII/ptolemy/domains/continuous/test/auto/ResetTransitionWithStartTime1.xml (RunModel)" time="0.032" />
  <testcase classname="ptolemy.util.test.junit.AutoTests" name="[116] /home/travis/build/icyphy/ptII/ptolemy/domains/continuous/test/auto/ResetTransitionWithStartTime2.xml (RunModel)" time="0.045" />
  <testcase classname="ptolemy.util.test.junit.AutoTests" name="[117] /home/travis/build/icyphy/ptII/ptolemy/domains/continuous/test/auto/ResetTransitionWithStartTime3.xml (RunModel)" time="0.041" />
  <testcase classname="ptolemy.util.test.junit.AutoTests" name="[118] /home/travis/build/icyphy/ptII/ptolemy/domains/continuous/test/auto/ResetTransitionWithStartTime4.xml (RunModel)" time="0.023" />
  <testcase classname="ptolemy.util.test.junit.AutoTests" name="[119] /home/travis/build/icyphy/ptII/ptolemy/domains/continuous/test/auto/ResetTransitionWithStartTime5.xml (RunModel)" time="0.032" />
  <testcase classname="ptolemy.util.test.junit.AutoTests" name="[120] /home/travis/build/icyphy/ptII/ptolemy/domains/continuous/test/auto/ResetTransitionWithStartTime6.xml (RunModel)" time="0.025" />
  <testcase classname="ptolemy.util.test.junit.AutoTests" name="[121] /home/travis/build/icyphy/ptII/ptolemy/domains/continuous/test/auto/SRinContinuous.xml (RunModel)" time="0.028" />
  <testcase classname="ptolemy.util.test.junit.AutoTests" name="[122] /home/travis/build/icyphy/ptII/ptolemy/domains/continuous/test/auto/SampledClocks.xml (RunModel)" time="0.024" />
  <testcase classname="ptolemy.util.test.junit.AutoTests" name="[123] /home/travis/build/icyphy/ptII/ptolemy/domains/continuous/test/auto/Satellite.xml (RunModel)" time="0.82" />
  <testcase classname="ptolemy.util.test.junit.AutoTests" name="[124] /home/travis/build/icyphy/ptII/ptolemy/domains/continuous/test/auto/SigmaDelta.xml (RunModel)" time="2.285" />
  <testcase classname="ptolemy.util.test.junit.AutoTests" name="[125] /home/travis/build/icyphy/ptII/ptolemy/domains/continuous/test/auto/SingleRefinement.xml (RunModel)" time="0.622" />
  <testcase classname="ptolemy.util.test.junit.AutoTests" name="[126] /home/travis/build/icyphy/ptII/ptolemy/domains/continuous/test/auto/SinuBouncingBall.xml (RunModel)" time="0.809" />
  <testcase classname="ptolemy.util.test.junit.AutoTests" name="[127] /home/travis/build/icyphy/ptII/ptolemy/domains/continuous/test/auto/Sinusoid.xml (RunModel)" time="0.016" />
  <testcase classname="ptolemy.util.test.junit.AutoTests" name="[128] /home/travis/build/icyphy/ptII/ptolemy/domains/continuous/test/auto/SinusoidInNoise.xml (RunModel)" time="0.978" />
  <testcase classname="ptolemy.util.test.junit.AutoTests" name="[129] /home/travis/build/icyphy/ptII/ptolemy/domains/continuous/test/auto/SinusoidRK45.xml (RunModel)" time="0.018" />
  <testcase classname="ptolemy.util.test.junit.AutoTests" name="[130] /home/travis/build/icyphy/ptII/ptolemy/domains/continuous/test/auto/SinusoidWithMultipleImpulses.xml (RunModel)" time="0.012" />
  <testcase classname="ptolemy.util.test.junit.AutoTests" name="[131] /home/travis/build/icyphy/ptII/ptolemy/domains/continuous/test/auto/SquareWave.xml (RunModel)" time="0.211" />
  <testcase classname="ptolemy.util.test.junit.AutoTests" name="[132] /home/travis/build/icyphy/ptII/ptolemy/domains/continuous/test/auto/Starmac.xml (RunModel)" time="3.398" />
  <testcase classname="ptolemy.util.test.junit.AutoTests" name="[133] /home/travis/build/icyphy/ptII/ptolemy/domains/continuous/test/auto/StaticUnits.xml (RunModel)" time="2.446" />
  <testcase classname="ptolemy.util.test.junit.AutoTests" name="[134] /home/travis/build/icyphy/ptII/ptolemy/domains/continuous/test/auto/StickyMasses.xml (RunModel)" time="0.196" />
  <testcase classname="ptolemy.util.test.junit.AutoTests" name="[135] /home/travis/build/icyphy/ptII/ptolemy/domains/continuous/test/auto/StopTime.xml (RunModel)" time="0.063" />
  <testcase classname="ptolemy.util.test.junit.AutoTests" name="[136] /home/travis/build/icyphy/ptII/ptolemy/domains/continuous/test/auto/StopTime2.xml (RunModel)" time="0.051" />
  <testcase classname="ptolemy.util.test.junit.AutoTests" name="[137] /home/travis/build/icyphy/ptII/ptolemy/domains/continuous/test/auto/Switch.xml (RunModel)" time="0.057" />
  <testcase classname="ptolemy.util.test.junit.AutoTests" name="[138] /home/travis/build/icyphy/ptII/ptolemy/domains/continuous/test/auto/Thermostat.xml (RunModel)" time="0.185" />
  <testcase classname="ptolemy.util.test.junit.AutoTests" name="[139] /home/travis/build/icyphy/ptII/ptolemy/domains/continuous/test/auto/TimeDelay.xml (RunModel)" time="0.013" />
  <testcase classname="ptolemy.util.test.junit.AutoTests" name="[140] /home/travis/build/icyphy/ptII/ptolemy/domains/continuous/test/auto/TimeDelay2.xml (RunModel)" time="0.022" />
  <testcase classname="ptolemy.util.test.junit.AutoTests" name="[141] /home/travis/build/icyphy/ptII/ptolemy/domains/continuous/test/auto/TimeDelay3.xml (RunModel)" time="0.015" />
  <testcase classname="ptolemy.util.test.junit.AutoTests" name="[142] /home/travis/build/icyphy/ptII/ptolemy/domains/continuous/test/auto/TransferAbsentToInside.xml (RunModel)" time="0.133" />
  <testcase classname="ptolemy.util.test.junit.AutoTests" name="[143] /home/travis/build/icyphy/ptII/ptolemy/domains/continuous/test/auto/Transmission.xml (RunModel)" time="0.716" />
  <testcase classname="ptolemy.util.test.junit.AutoTests" name="[144] /home/travis/build/icyphy/ptII/ptolemy/domains/continuous/test/auto/TriggeredContinuousClock.xml (RunModel)" time="0.059" />
  <testcase classname="ptolemy.util.test.junit.AutoTests" name="[145] /home/travis/build/icyphy/ptII/ptolemy/domains/continuous/test/auto/TwoMachineInfiniteBusControl.xml (RunModel)" time="2.787" />
  <testcase classname="ptolemy.util.test.junit.AutoTests" name="[146] /home/travis/build/icyphy/ptII/ptolemy/domains/continuous/test/auto/V2V.xml (RunModel)" time="0.909" />
  <testcase classname="ptolemy.util.test.junit.AutoTests" name="[147] /home/travis/build/icyphy/ptII/ptolemy/domains/continuous/test/auto/hierarchicalModalModel.xml (RunModel)" time="0.03" />
  <testcase classname="ptolemy.util.test.junit.AutoTests" name="[148] /home/travis/build/icyphy/ptII/ptolemy/domains/continuous/test/auto/hierarchicalModalModel1.xml (RunModel)" time="0.033" />
  <testcase classname="ptolemy.util.test.junit.AutoTests" name="[149] /home/travis/build/icyphy/ptII/ptolemy/domains/continuous/test/auto/hierarchicalModalModel2.xml (RunModel)" time="0.029" />
  <testcase classname="ptolemy.util.test.junit.AutoTests" name="[150] /home/travis/build/icyphy/ptII/ptolemy/domains/continuous/test/auto/hierarchicalModalModel3.xml (RunModel)" time="0.024" />
  <testcase classname="ptolemy.util.test.junit.AutoTests" name="[151] /home/travis/build/icyphy/ptII/ptolemy/domains/continuous/test/auto/hierarchicalModalModel4.xml (RunModel)" time="0.026" />
  <testcase classname="ptolemy.util.test.junit.AutoTests" name="[152] /home/travis/build/icyphy/ptII/ptolemy/domains/continuous/test/auto/junk.xml (RunModel)" time="0.154" />
  <system-out><![CDATA[No tcl tests in /home/travis/build/icyphy/ptII/ptolemy/domains/continuous/test
No auto/knownFailedTests/*.xml tests in /home/travis/build/icyphy/ptII/ptolemy/domains/continuous/test
No auto/linux-amd64/*.xml tests in /home/travis/build/icyphy/ptII/ptolemy/domains/continuous/test
AutoTests.java: About to close Vertx.
AutoTests.java: Vertx closed.

===========================================================================================
----------------- testing Tue Dec 18 03:04:13 UTC 2018 /home/travis/build/icyphy/ptII/ptolemy/domains/continuous/test/auto/BouncingBall.xml
----------------- Instantiating /home/travis/build/icyphy/ptII/ptolemy/domains/continuous/test/auto/BouncingBall.xml
2326 ms. Memory: 331776K Free: 259485K (78%)
----------------- Invoking toplevel() on ptolemy.moml.MoMLSimpleApplication@5ef12a1e
----------------- Done invoking toplevel() on ptolemy.moml.MoMLSimpleApplication@5ef12a1e
reloadAllAccessors: .BouncingBall

===========================================================================================
----------------- testing Tue Dec 18 03:04:15 UTC 2018 /home/travis/build/icyphy/ptII/ptolemy/domains/continuous/test/auto/BouncingBallWithoutGR.xml
----------------- Instantiating /home/travis/build/icyphy/ptII/ptolemy/domains/continuous/test/auto/BouncingBallWithoutGR.xml
879 ms. Memory: 331776K Free: 315396K (95%)
----------------- Invoking toplevel() on ptolemy.moml.MoMLSimpleApplication@14574b96
----------------- Done invoking toplevel() on ptolemy.moml.MoMLSimpleApplication@14574b96
reloadAllAccessors: .BouncingBallWithoutGR

===========================================================================================
----------------- testing Tue Dec 18 03:04:16 UTC 2018 /home/travis/build/icyphy/ptII/ptolemy/domains/continuous/test/auto/Brownian.xml
----------------- Instantiating /home/travis/build/icyphy/ptII/ptolemy/domains/continuous/test/auto/Brownian.xml
43 ms. Memory: 331776K Free: 301499K (91%)
----------------- Invoking toplevel() on ptolemy.moml.MoMLSimpleApplication@4025e4a0
----------------- Done invoking toplevel() on ptolemy.moml.MoMLSimpleApplication@4025e4a0
reloadAllAccessors: .Brownian

===========================================================================================
----------------- testing Tue Dec 18 03:04:16 UTC 2018 /home/travis/build/icyphy/ptII/ptolemy/domains/continuous/test/auto/CarTracking.xml
----------------- Instantiating /home/travis/build/icyphy/ptII/ptolemy/domains/continuous/test/auto/CarTracking.xml
3400 ms. Memory: 578048K Free: 447042K (77%)
----------------- Invoking toplevel() on ptolemy.moml.MoMLSimpleApplication@79c9c1ec
----------------- Done invoking toplevel() on ptolemy.moml.MoMLSimpleApplication@79c9c1ec
reloadAllAccessors: .CarTracking

===========================================================================================
----------------- testing Tue Dec 18 03:04:20 UTC 2018 /home/travis/build/icyphy/ptII/ptolemy/domains/continuous/test/auto/CartPendulum.xml
----------------- Instantiating /home/travis/build/icyphy/ptII/ptolemy/domains/continuous/test/auto/CartPendulum.xml
414 ms. Memory: 578048K Free: 339011K (59%)
----------------- Invoking toplevel() on ptolemy.moml.MoMLSimpleApplication@5d406e5c
----------------- Done invoking toplevel() on ptolemy.moml.MoMLSimpleApplication@5d406e5c
reloadAllAccessors: .CartPendulum

===========================================================================================
----------------- testing Tue Dec 18 03:04:21 UTC 2018 /home/travis/build/icyphy/ptII/ptolemy/domains/continuous/test/auto/CausalityInterface10.xml
----------------- Instantiating /home/travis/build/icyphy/ptII/ptolemy/domains/continuous/test/auto/CausalityInterface10.xml
14 ms. Memory: 578048K Free: 322603K (56%)
----------------- Invoking toplevel() on ptolemy.moml.MoMLSimpleApplication@e1d666f
----------------- Done invoking toplevel() on ptolemy.moml.MoMLSimpleApplication@e1d666f
reloadAllAccessors: .CausalityInterface10

===========================================================================================
----------------- testing Tue Dec 18 03:04:21 UTC 2018 /home/travis/build/icyphy/ptII/ptolemy/domains/continuous/test/auto/CausalityInterface11.xml
----------------- Instantiating /home/travis/build/icyphy/ptII/ptolemy/domains/continuous/test/auto/CausalityInterface11.xml
10 ms. Memory: 578048K Free: 312756K (54%)
----------------- Invoking toplevel() on ptolemy.moml.MoMLSimpleApplication@46caf327
----------------- Done invoking toplevel() on ptolemy.moml.MoMLSimpleApplication@46caf327
reloadAllAccessors: .CausalityInterface11

===========================================================================================
----------------- testing Tue Dec 18 03:04:21 UTC 2018 /home/travis/build/icyphy/ptII/ptolemy/domains/continuous/test/auto/CausalityInterface12.xml
----------------- Instantiating /home/travis/build/icyphy/ptII/ptolemy/domains/continuous/test/auto/CausalityInterface12.xml
11 ms. Memory: 578048K Free: 302926K (52%)
----------------- Invoking toplevel() on ptolemy.moml.MoMLSimpleApplication@5d99e7e8
----------------- Done invoking toplevel() on ptolemy.moml.MoMLSimpleApplication@5d99e7e8
reloadAllAccessors: .CausalityInterface12

===========================================================================================
----------------- testing Tue Dec 18 03:04:21 UTC 2018 /home/travis/build/icyphy/ptII/ptolemy/domains/continuous/test/auto/CausalityInterface13.xml
----------------- Instantiating /home/travis/build/icyphy/ptII/ptolemy/domains/continuous/test/auto/CausalityInterface13.xml
8 ms. Memory: 578048K Free: 289916K (50%)
----------------- Invoking toplevel() on ptolemy.moml.MoMLSimpleApplication@5b90f44e
----------------- Done invoking toplevel() on ptolemy.moml.MoMLSimpleApplication@5b90f44e
reloadAllAccessors: .CausalityInterface13

===========================================================================================
----------------- testing Tue Dec 18 03:04:21 UTC 2018 /home/travis/build/icyphy/ptII/ptolemy/domains/continuous/test/auto/CausalityInterface14.xml
----------------- Instantiating /home/travis/build/icyphy/ptII/ptolemy/domains/continuous/test/auto/CausalityInterface14.xml
4 ms. Memory: 578048K Free: 280069K (48%)
----------------- Invoking toplevel() on ptolemy.moml.MoMLSimpleApplication@73260334
----------------- Done invoking toplevel() on ptolemy.moml.MoMLSimpleApplication@73260334
reloadAllAccessors: .CausalityInterface14

===========================================================================================
----------------- testing Tue Dec 18 03:04:21 UTC 2018 /home/travis/build/icyphy/ptII/ptolemy/domains/continuous/test/auto/CausalityInterface4.xml
----------------- Instantiating /home/travis/build/icyphy/ptII/ptolemy/domains/continuous/test/auto/CausalityInterface4.xml
11 ms. Memory: 578048K Free: 270223K (47%)
----------------- Invoking toplevel() on ptolemy.moml.MoMLSimpleApplication@5049a6a7
----------------- Done invoking toplevel() on ptolemy.moml.MoMLSimpleApplication@5049a6a7
reloadAllAccessors: .CausalityInterface4

===========================================================================================
----------------- testing Tue Dec 18 03:04:21 UTC 2018 /home/travis/build/icyphy/ptII/ptolemy/domains/continuous/test/auto/CausalityInterface5.xml
----------------- Instantiating /home/travis/build/icyphy/ptII/ptolemy/domains/continuous/test/auto/CausalityInterface5.xml
3 ms. Memory: 578048K Free: 257100K (44%)
----------------- Invoking toplevel() on ptolemy.moml.MoMLSimpleApplication@256c4cdc
----------------- Done invoking toplevel() on ptolemy.moml.MoMLSimpleApplication@256c4cdc
reloadAllAccessors: .CausalityInterface5

===========================================================================================
----------------- testing Tue Dec 18 03:04:21 UTC 2018 /home/travis/build/icyphy/ptII/ptolemy/domains/continuous/test/auto/CausalityInterface6.xml
----------------- Instantiating /home/travis/build/icyphy/ptII/ptolemy/domains/continuous/test/auto/CausalityInterface6.xml
6 ms. Memory: 578048K Free: 244090K (42%)
----------------- Invoking toplevel() on ptolemy.moml.MoMLSimpleApplication@835a58b
----------------- Done invoking toplevel() on ptolemy.moml.MoMLSimpleApplication@835a58b
reloadAllAccessors: .CausalityInterface6

===========================================================================================
----------------- testing Tue Dec 18 03:04:21 UTC 2018 /home/travis/build/icyphy/ptII/ptolemy/domains/continuous/test/auto/CausalityInterface7.xml
----------------- Instantiating /home/travis/build/icyphy/ptII/ptolemy/domains/continuous/test/auto/CausalityInterface7.xml
6 ms. Memory: 578048K Free: 230967K (40%)
----------------- Invoking toplevel() on ptolemy.moml.MoMLSimpleApplication@5f330388
----------------- Done invoking toplevel() on ptolemy.moml.MoMLSimpleApplication@5f330388
reloadAllAccessors: .CausalityInterface7

===========================================================================================
----------------- testing Tue Dec 18 03:04:21 UTC 2018 /home/travis/build/icyphy/ptII/ptolemy/domains/continuous/test/auto/CausalityInterface8.xml
----------------- Instantiating /home/travis/build/icyphy/ptII/ptolemy/domains/continuous/test/auto/CausalityInterface8.xml
5 ms. Memory: 578048K Free: 217859K (38%)
----------------- Invoking toplevel() on ptolemy.moml.MoMLSimpleApplication@11a53f40
----------------- Done invoking toplevel() on ptolemy.moml.MoMLSimpleApplication@11a53f40
reloadAllAccessors: .CausalityInterface8

===========================================================================================
----------------- testing Tue Dec 18 03:04:21 UTC 2018 /home/travis/build/icyphy/ptII/ptolemy/domains/continuous/test/auto/CausalityInterface9.xml
----------------- Instantiating /home/travis/build/icyphy/ptII/ptolemy/domains/continuous/test/auto/CausalityInterface9.xml
11 ms. Memory: 578048K Free: 201474K (35%)
----------------- Invoking toplevel() on ptolemy.moml.MoMLSimpleApplication@69e5234f
----------------- Done invoking toplevel() on ptolemy.moml.MoMLSimpleApplication@69e5234f
reloadAllAccessors: .CausalityInterface9

===========================================================================================
----------------- testing Tue Dec 18 03:04:21 UTC 2018 /home/travis/build/icyphy/ptII/ptolemy/domains/continuous/test/auto/CausalityInterfaceFeedback1.xml
----------------- Instantiating /home/travis/build/icyphy/ptII/ptolemy/domains/continuous/test/auto/CausalityInterfaceFeedback1.xml
6 ms. Memory: 578048K Free: 188480K (33%)
----------------- Invoking toplevel() on ptolemy.moml.MoMLSimpleApplication@77a0131c
----------------- Done invoking toplevel() on ptolemy.moml.MoMLSimpleApplication@77a0131c
reloadAllAccessors: .CausalityInterfaceFeedback1

===========================================================================================
----------------- testing Tue Dec 18 03:04:21 UTC 2018 /home/travis/build/icyphy/ptII/ptolemy/domains/continuous/test/auto/CausalityInterfaceFeedback2.xml
----------------- Instantiating /home/travis/build/icyphy/ptII/ptolemy/domains/continuous/test/auto/CausalityInterfaceFeedback2.xml
9 ms. Memory: 578048K Free: 178633K (31%)
----------------- Invoking toplevel() on ptolemy.moml.MoMLSimpleApplication@255a2b84
----------------- Done invoking toplevel() on ptolemy.moml.MoMLSimpleApplication@255a2b84
reloadAllAccessors: .CausalityInterfaceFeedback2

===========================================================================================
----------------- testing Tue Dec 18 03:04:21 UTC 2018 /home/travis/build/icyphy/ptII/ptolemy/domains/continuous/test/auto/CompareWithCurrentTime.xml
----------------- Instantiating /home/travis/build/icyphy/ptII/ptolemy/domains/continuous/test/auto/CompareWithCurrentTime.xml
5 ms. Memory: 578048K Free: 172080K (30%)
----------------- Invoking toplevel() on ptolemy.moml.MoMLSimpleApplication@7ef4e59e
----------------- Done invoking toplevel() on ptolemy.moml.MoMLSimpleApplication@7ef4e59e
reloadAllAccessors: .CompareWithCurrentTime

===========================================================================================
----------------- testing Tue Dec 18 03:04:21 UTC 2018 /home/travis/build/icyphy/ptII/ptolemy/domains/continuous/test/auto/ComparedClocks.xml
----------------- Instantiating /home/travis/build/icyphy/ptII/ptolemy/domains/continuous/test/auto/ComparedClocks.xml
9 ms. Memory: 578048K Free: 152403K (26%)
----------------- Invoking toplevel() on ptolemy.moml.MoMLSimpleApplication@663cd405
----------------- Done invoking toplevel() on ptolemy.moml.MoMLSimpleApplication@663cd405
reloadAllAccessors: .ComparedClocks

===========================================================================================
----------------- testing Tue Dec 18 03:04:21 UTC 2018 /home/travis/build/icyphy/ptII/ptolemy/domains/continuous/test/auto/ContinuousAOCClone.xml
----------------- Instantiating /home/travis/build/icyphy/ptII/ptolemy/domains/continuous/test/auto/ContinuousAOCClone.xml
2482 ms. Memory: 872448K Free: 410536K (47%)
----------------- Invoking toplevel() on ptolemy.moml.MoMLSimpleApplication@626f2c10
----------------- Done invoking toplevel() on ptolemy.moml.MoMLSimpleApplication@626f2c10
reloadAllAccessors: .ContinuousAOCClone

===========================================================================================
----------------- testing Tue Dec 18 03:04:24 UTC 2018 /home/travis/build/icyphy/ptII/ptolemy/domains/continuous/test/auto/ContinuousClock.xml
----------------- Instantiating /home/travis/build/icyphy/ptII/ptolemy/domains/continuous/test/auto/ContinuousClock.xml
35 ms. Memory: 872448K Free: 377337K (43%)
----------------- Invoking toplevel() on ptolemy.moml.MoMLSimpleApplication@3301ee1b
----------------- Done invoking toplevel() on ptolemy.moml.MoMLSimpleApplication@3301ee1b
reloadAllAccessors: .ContinuousClock

===========================================================================================
----------------- testing Tue Dec 18 03:04:24 UTC 2018 /home/travis/build/icyphy/ptII/ptolemy/domains/continuous/test/auto/ContinuousInContinuous.xml
----------------- Instantiating /home/travis/build/icyphy/ptII/ptolemy/domains/continuous/test/auto/ContinuousInContinuous.xml
38 ms. Memory: 872448K Free: 345884K (40%)
----------------- Invoking toplevel() on ptolemy.moml.MoMLSimpleApplication@7d67247b
----------------- Done invoking toplevel() on ptolemy.moml.MoMLSimpleApplication@7d67247b
reloadAllAccessors: .ContinuousInContinuous

===========================================================================================
----------------- testing Tue Dec 18 03:04:24 UTC 2018 /home/travis/build/icyphy/ptII/ptolemy/domains/continuous/test/auto/ContinuousInContinuousInContinuous.xml
----------------- Instantiating /home/travis/build/icyphy/ptII/ptolemy/domains/continuous/test/auto/ContinuousInContinuousInContinuous.xml
9 ms. Memory: 872448K Free: 330150K (38%)
----------------- Invoking toplevel() on ptolemy.moml.MoMLSimpleApplication@7d4b42fb
----------------- Done invoking toplevel() on ptolemy.moml.MoMLSimpleApplication@7d4b42fb
reloadAllAccessors: .ContinuousInContinuousInContinuous

===========================================================================================
----------------- testing Tue Dec 18 03:04:24 UTC 2018 /home/travis/build/icyphy/ptII/ptolemy/domains/continuous/test/auto/ContinuousInDE.xml
----------------- Instantiating /home/travis/build/icyphy/ptII/ptolemy/domains/continuous/test/auto/ContinuousInDE.xml
116 ms. Memory: 872448K Free: 314431K (36%)
----------------- Invoking toplevel() on ptolemy.moml.MoMLSimpleApplication@20a4a132
----------------- Done invoking toplevel() on ptolemy.moml.MoMLSimpleApplication@20a4a132
reloadAllAccessors: .ContinuousInDE

===========================================================================================
----------------- testing Tue Dec 18 03:04:25 UTC 2018 /home/travis/build/icyphy/ptII/ptolemy/domains/continuous/test/auto/ContinuousInDE2.xml
----------------- Instantiating /home/travis/build/icyphy/ptII/ptolemy/domains/continuous/test/auto/ContinuousInDE2.xml
44 ms. Memory: 872448K Free: 295284K (34%)
----------------- Invoking toplevel() on ptolemy.moml.MoMLSimpleApplication@5cc0abf6
----------------- Done invoking toplevel() on ptolemy.moml.MoMLSimpleApplication@5cc0abf6
reloadAllAccessors: .ContinuousInDE2

===========================================================================================
----------------- testing Tue Dec 18 03:04:25 UTC 2018 /home/travis/build/icyphy/ptII/ptolemy/domains/continuous/test/auto/ContinuousInDE3.xml
----------------- Instantiating /home/travis/build/icyphy/ptII/ptolemy/domains/continuous/test/auto/ContinuousInDE3.xml
39 ms. Memory: 872448K Free: 279565K (32%)
----------------- Invoking toplevel() on ptolemy.moml.MoMLSimpleApplication@755c275f
----------------- Done invoking toplevel() on ptolemy.moml.MoMLSimpleApplication@755c275f
reloadAllAccessors: .ContinuousInDE3

===========================================================================================
----------------- testing Tue Dec 18 03:04:25 UTC 2018 /home/travis/build/icyphy/ptII/ptolemy/domains/continuous/test/auto/ContinuousInDE4.xml
----------------- Instantiating /home/travis/build/icyphy/ptII/ptolemy/domains/continuous/test/auto/ContinuousInDE4.xml
16 ms. Memory: 872448K Free: 269086K (31%)
----------------- Invoking toplevel() on ptolemy.moml.MoMLSimpleApplication@4e81b682
----------------- Done invoking toplevel() on ptolemy.moml.MoMLSimpleApplication@4e81b682
reloadAllAccessors: .ContinuousInDE4

===========================================================================================
----------------- testing Tue Dec 18 03:04:25 UTC 2018 /home/travis/build/icyphy/ptII/ptolemy/domains/continuous/test/auto/ContinuousInDEDifferentRefinements.xml
----------------- Instantiating /home/travis/build/icyphy/ptII/ptolemy/domains/continuous/test/auto/ContinuousInDEDifferentRefinements.xml
63 ms. Memory: 872448K Free: 232362K (27%)
----------------- Invoking toplevel() on ptolemy.moml.MoMLSimpleApplication@eed5a28
----------------- Done invoking toplevel() on ptolemy.moml.MoMLSimpleApplication@eed5a28
reloadAllAccessors: .ContinuousInDEDifferentRefinements

===========================================================================================
----------------- testing Tue Dec 18 03:04:25 UTC 2018 /home/travis/build/icyphy/ptII/ptolemy/domains/continuous/test/auto/ContinuousInDEDifferentRefinementsPreemptive.xml
----------------- Instantiating /home/travis/build/icyphy/ptII/ptolemy/domains/continuous/test/auto/ContinuousInDEDifferentRefinementsPreemptive.xml
47 ms. Memory: 872448K Free: 192240K (22%)
----------------- Invoking toplevel() on ptolemy.moml.MoMLSimpleApplication@182d4c2f
----------------- Done invoking toplevel() on ptolemy.moml.MoMLSimpleApplication@182d4c2f
reloadAllAccessors: .ContinuousInDEDifferentRefinementsPreemptive

===========================================================================================
----------------- testing Tue Dec 18 03:04:25 UTC 2018 /home/travis/build/icyphy/ptII/ptolemy/domains/continuous/test/auto/ContinuousInDEInContinuous2.xml
----------------- Instantiating /home/travis/build/icyphy/ptII/ptolemy/domains/continuous/test/auto/ContinuousInDEInContinuous2.xml
39 ms. Memory: 872448K Free: 176505K (20%)
----------------- Invoking toplevel() on ptolemy.moml.MoMLSimpleApplication@4c6f2507
----------------- Done invoking toplevel() on ptolemy.moml.MoMLSimpleApplication@4c6f2507
reloadAllAccessors: .ContinuousInDEInContinuous2

===========================================================================================
----------------- testing Tue Dec 18 03:04:25 UTC 2018 /home/travis/build/icyphy/ptII/ptolemy/domains/continuous/test/auto/ContinuousInDEInContinuous3.xml
----------------- Instantiating /home/travis/build/icyphy/ptII/ptolemy/domains/continuous/test/auto/ContinuousInDEInContinuous3.xml
44 ms. Memory: 872448K Free: 155531K (18%)
----------------- Invoking toplevel() on ptolemy.moml.MoMLSimpleApplication@3fd3536c
----------------- Done invoking toplevel() on ptolemy.moml.MoMLSimpleApplication@3fd3536c
reloadAllAccessors: .ContinuousInDEInContinuous3

===========================================================================================
----------------- testing Tue Dec 18 03:04:25 UTC 2018 /home/travis/build/icyphy/ptII/ptolemy/domains/continuous/test/auto/ContinuousInDEInput.xml
----------------- Instantiating /home/travis/build/icyphy/ptII/ptolemy/domains/continuous/test/auto/ContinuousInDEInput.xml
20 ms. Memory: 872448K Free: 145052K (17%)
----------------- Invoking toplevel() on ptolemy.moml.MoMLSimpleApplication@73b99354
----------------- Done invoking toplevel() on ptolemy.moml.MoMLSimpleApplication@73b99354
reloadAllAccessors: .ContinuousInDEInput

===========================================================================================
----------------- testing Tue Dec 18 03:04:25 UTC 2018 /home/travis/build/icyphy/ptII/ptolemy/domains/continuous/test/auto/ContinuousInDEInput2.xml
----------------- Instantiating /home/travis/build/icyphy/ptII/ptolemy/domains/continuous/test/auto/ContinuousInDEInput2.xml
14 ms. Memory: 872448K Free: 131144K (15%)
----------------- Invoking toplevel() on ptolemy.moml.MoMLSimpleApplication@574c88e8
----------------- Done invoking toplevel() on ptolemy.moml.MoMLSimpleApplication@574c88e8
reloadAllAccessors: .ContinuousInDEInput2

===========================================================================================
----------------- testing Tue Dec 18 03:04:25 UTC 2018 /home/travis/build/icyphy/ptII/ptolemy/domains/continuous/test/auto/ContinuousInDEInput3.xml
----------------- Instantiating /home/travis/build/icyphy/ptII/ptolemy/domains/continuous/test/auto/ContinuousInDEInput3.xml
12 ms. Memory: 872448K Free: 120665K (14%)
----------------- Invoking toplevel() on ptolemy.moml.MoMLSimpleApplication@589efea0
----------------- Done invoking toplevel() on ptolemy.moml.MoMLSimpleApplication@589efea0
reloadAllAccessors: .ContinuousInDEInput3

===========================================================================================
----------------- testing Tue Dec 18 03:04:25 UTC 2018 /home/travis/build/icyphy/ptII/ptolemy/domains/continuous/test/auto/ContinuousInDESharingRefinement.xml
----------------- Instantiating /home/travis/build/icyphy/ptII/ptolemy/domains/continuous/test/auto/ContinuousInDESharingRefinement.xml
155 ms. Memory: 829952K Free: 766050K (92%)
----------------- Invoking toplevel() on ptolemy.moml.MoMLSimpleApplication@2ca5347b
----------------- Done invoking toplevel() on ptolemy.moml.MoMLSimpleApplication@2ca5347b
reloadAllAccessors: .ContinuousInDESharingRefinement

===========================================================================================
----------------- testing Tue Dec 18 03:04:25 UTC 2018 /home/travis/build/icyphy/ptII/ptolemy/domains/continuous/test/auto/ContinuousInDEwithNoPorts.xml
----------------- Instantiating /home/travis/build/icyphy/ptII/ptolemy/domains/continuous/test/auto/ContinuousInDEwithNoPorts.xml
5 ms. Memory: 829952K Free: 753825K (91%)
----------------- Invoking toplevel() on ptolemy.moml.MoMLSimpleApplication@48e7719a
----------------- Done invoking toplevel() on ptolemy.moml.MoMLSimpleApplication@48e7719a
reloadAllAccessors: .ContinuousInDEwithNoPorts

===========================================================================================
----------------- testing Tue Dec 18 03:04:25 UTC 2018 /home/travis/build/icyphy/ptII/ptolemy/domains/continuous/test/auto/ContinuousInsideDE.xml
----------------- Instantiating /home/travis/build/icyphy/ptII/ptolemy/domains/continuous/test/auto/ContinuousInsideDE.xml
49 ms. Memory: 829952K Free: 734955K (89%)
----------------- Invoking toplevel() on ptolemy.moml.MoMLSimpleApplication@6cfeeb99
----------------- Done invoking toplevel() on ptolemy.moml.MoMLSimpleApplication@6cfeeb99
reloadAllAccessors: .ContinuousInsideDE

===========================================================================================
----------------- testing Tue Dec 18 03:04:25 UTC 2018 /home/travis/build/icyphy/ptII/ptolemy/domains/continuous/test/auto/ContinuousMerge1.xml
----------------- Instantiating /home/travis/build/icyphy/ptII/ptolemy/domains/continuous/test/auto/ContinuousMerge1.xml
2 ms. Memory: 829952K Free: 725274K (87%)
----------------- Invoking toplevel() on ptolemy.moml.MoMLSimpleApplication@355fcee6
----------------- Done invoking toplevel() on ptolemy.moml.MoMLSimpleApplication@355fcee6
reloadAllAccessors: .ContinuousMerge1

===========================================================================================
----------------- testing Tue Dec 18 03:04:25 UTC 2018 /home/travis/build/icyphy/ptII/ptolemy/domains/continuous/test/auto/ContinuousMerge2.xml
----------------- Instantiating /home/travis/build/icyphy/ptII/ptolemy/domains/continuous/test/auto/ContinuousMerge2.xml
12 ms. Memory: 829952K Free: 710271K (86%)
----------------- Invoking toplevel() on ptolemy.moml.MoMLSimpleApplication@539b3b8f
----------------- Done invoking toplevel() on ptolemy.moml.MoMLSimpleApplication@539b3b8f
reloadAllAccessors: .ContinuousMerge2

===========================================================================================
----------------- testing Tue Dec 18 03:04:26 UTC 2018 /home/travis/build/icyphy/ptII/ptolemy/domains/continuous/test/auto/ContinuousMerge3.xml
----------------- Instantiating /home/travis/build/icyphy/ptII/ptolemy/domains/continuous/test/auto/ContinuousMerge3.xml
45 ms. Memory: 829952K Free: 687798K (83%)
----------------- Invoking toplevel() on ptolemy.moml.MoMLSimpleApplication@11792a46
----------------- Done invoking toplevel() on ptolemy.moml.MoMLSimpleApplication@11792a46
reloadAllAccessors: .ContinuousMerge3

===========================================================================================
----------------- testing Tue Dec 18 03:04:26 UTC 2018 /home/travis/build/icyphy/ptII/ptolemy/domains/continuous/test/auto/ContinuousWithinContinuous.xml
----------------- Instantiating /home/travis/build/icyphy/ptII/ptolemy/domains/continuous/test/auto/ContinuousWithinContinuous.xml
34 ms. Memory: 829952K Free: 670616K (81%)
----------------- Invoking toplevel() on ptolemy.moml.MoMLSimpleApplication@5dedd5f1
----------------- Done invoking toplevel() on ptolemy.moml.MoMLSimpleApplication@5dedd5f1
reloadAllAccessors: .ContinuousWithinContinuous

===========================================================================================
----------------- testing Tue Dec 18 03:04:26 UTC 2018 /home/travis/build/icyphy/ptII/ptolemy/domains/continuous/test/auto/ContinuousWithinContinuous2.xml
----------------- Instantiating /home/travis/build/icyphy/ptII/ptolemy/domains/continuous/test/auto/ContinuousWithinContinuous2.xml
65 ms. Memory: 829952K Free: 655644K (79%)
----------------- Invoking toplevel() on ptolemy.moml.MoMLSimpleApplication@57b86d01
----------------- Done invoking toplevel() on ptolemy.moml.MoMLSimpleApplication@57b86d01
reloadAllAccessors: .ContinuousWithinContinuous2

===========================================================================================
----------------- testing Tue Dec 18 03:04:26 UTC 2018 /home/travis/build/icyphy/ptII/ptolemy/domains/continuous/test/auto/ContinuousWithinContinuous3.xml
----------------- Instantiating /home/travis/build/icyphy/ptII/ptolemy/domains/continuous/test/auto/ContinuousWithinContinuous3.xml
12 ms. Memory: 829952K Free: 644400K (78%)
----------------- Invoking toplevel() on ptolemy.moml.MoMLSimpleApplication@7c318f20
----------------- Done invoking toplevel() on ptolemy.moml.MoMLSimpleApplication@7c318f20
reloadAllAccessors: .ContinuousWithinContinuous3

===========================================================================================
----------------- testing Tue Dec 18 03:04:26 UTC 2018 /home/travis/build/icyphy/ptII/ptolemy/domains/continuous/test/auto/ContinuousWithinContinuous4.xml
----------------- Instantiating /home/travis/build/icyphy/ptII/ptolemy/domains/continuous/test/auto/ContinuousWithinContinuous4.xml
64 ms. Memory: 829952K Free: 623475K (75%)
----------------- Invoking toplevel() on ptolemy.moml.MoMLSimpleApplication@22849aeb
----------------- Done invoking toplevel() on ptolemy.moml.MoMLSimpleApplication@22849aeb
reloadAllAccessors: .ContinuousWithinContinuous4

===========================================================================================
----------------- testing Tue Dec 18 03:04:26 UTC 2018 /home/travis/build/icyphy/ptII/ptolemy/domains/continuous/test/auto/ContinuousWithinContinuous5.xml
----------------- Instantiating /home/travis/build/icyphy/ptII/ptolemy/domains/continuous/test/auto/ContinuousWithinContinuous5.xml
12 ms. Memory: 829952K Free: 612231K (74%)
----------------- Invoking toplevel() on ptolemy.moml.MoMLSimpleApplication@17a0b9c1
----------------- Done invoking toplevel() on ptolemy.moml.MoMLSimpleApplication@17a0b9c1
reloadAllAccessors: .ContinuousWithinContinuous5

===========================================================================================
----------------- testing Tue Dec 18 03:04:26 UTC 2018 /home/travis/build/icyphy/ptII/ptolemy/domains/continuous/test/auto/ContinuousWithinContinuous6.xml
----------------- Instantiating /home/travis/build/icyphy/ptII/ptolemy/domains/continuous/test/auto/ContinuousWithinContinuous6.xml
13 ms. Memory: 829952K Free: 598791K (72%)
----------------- Invoking toplevel() on ptolemy.moml.MoMLSimpleApplication@7a754b1e
----------------- Done invoking toplevel() on ptolemy.moml.MoMLSimpleApplication@7a754b1e
reloadAllAccessors: .ContinuousWithinContinuous6

===========================================================================================
----------------- testing Tue Dec 18 03:04:26 UTC 2018 /home/travis/build/icyphy/ptII/ptolemy/domains/continuous/test/auto/ContinuousWithinContinuous7.xml
----------------- Instantiating /home/travis/build/icyphy/ptII/ptolemy/domains/continuous/test/auto/ContinuousWithinContinuous7.xml
53 ms. Memory: 829952K Free: 583820K (70%)
----------------- Invoking toplevel() on ptolemy.moml.MoMLSimpleApplication@472f2091
----------------- Done invoking toplevel() on ptolemy.moml.MoMLSimpleApplication@472f2091
reloadAllAccessors: .ContinuousWithinContinuous7

===========================================================================================
----------------- testing Tue Dec 18 03:04:26 UTC 2018 /home/travis/build/icyphy/ptII/ptolemy/domains/continuous/test/auto/DCMotor.xml
----------------- Instantiating /home/travis/build/icyphy/ptII/ptolemy/domains/continuous/test/auto/DCMotor.xml
12487 ms. Memory: 668160K Free: 506632K (76%)
----------------- Invoking toplevel() on ptolemy.moml.MoMLSimpleApplication@50f2caa4
----------------- Done invoking toplevel() on ptolemy.moml.MoMLSimpleApplication@50f2caa4
reloadAllAccessors: .DCMotor

===========================================================================================
----------------- testing Tue Dec 18 03:04:39 UTC 2018 /home/travis/build/icyphy/ptII/ptolemy/domains/continuous/test/auto/DEInContinuous.xml
----------------- Instantiating /home/travis/build/icyphy/ptII/ptolemy/domains/continuous/test/auto/DEInContinuous.xml
27 ms. Memory: 668160K Free: 492020K (74%)
----------------- Invoking toplevel() on ptolemy.moml.MoMLSimpleApplication@25c5fefb
----------------- Done invoking toplevel() on ptolemy.moml.MoMLSimpleApplication@25c5fefb
reloadAllAccessors: .DEInContinuous

===========================================================================================
----------------- testing Tue Dec 18 03:04:39 UTC 2018 /home/travis/build/icyphy/ptII/ptolemy/domains/continuous/test/auto/DEinContinuous2.xml
----------------- Instantiating /home/travis/build/icyphy/ptII/ptolemy/domains/continuous/test/auto/DEinContinuous2.xml
8 ms. Memory: 668160K Free: 473225K (71%)
----------------- Invoking toplevel() on ptolemy.moml.MoMLSimpleApplication@8cda477
----------------- Done invoking toplevel() on ptolemy.moml.MoMLSimpleApplication@8cda477
reloadAllAccessors: .DEinContinuous2

===========================================================================================
----------------- testing Tue Dec 18 03:04:39 UTC 2018 /home/travis/build/icyphy/ptII/ptolemy/domains/continuous/test/auto/Derivative.xml
----------------- Instantiating /home/travis/build/icyphy/ptII/ptolemy/domains/continuous/test/auto/Derivative.xml
164 ms. Memory: 668160K Free: 430908K (64%)
----------------- Invoking toplevel() on ptolemy.moml.MoMLSimpleApplication@46ffb54a
----------------- Done invoking toplevel() on ptolemy.moml.MoMLSimpleApplication@46ffb54a
reloadAllAccessors: .Derivative2

===========================================================================================
----------------- testing Tue Dec 18 03:04:39 UTC 2018 /home/travis/build/icyphy/ptII/ptolemy/domains/continuous/test/auto/Derivative1.xml
----------------- Instantiating /home/travis/build/icyphy/ptII/ptolemy/domains/continuous/test/auto/Derivative1.xml
25 ms. Memory: 668160K Free: 413290K (62%)
----------------- Invoking toplevel() on ptolemy.moml.MoMLSimpleApplication@23180cf6
----------------- Done invoking toplevel() on ptolemy.moml.MoMLSimpleApplication@23180cf6
reloadAllAccessors: .Derivative1

===========================================================================================
----------------- testing Tue Dec 18 03:04:39 UTC 2018 /home/travis/build/icyphy/ptII/ptolemy/domains/continuous/test/auto/DiscreteClock.xml
----------------- Instantiating /home/travis/build/icyphy/ptII/ptolemy/domains/continuous/test/auto/DiscreteClock.xml
6 ms. Memory: 668160K Free: 400379K (60%)
----------------- Invoking toplevel() on ptolemy.moml.MoMLSimpleApplication@7e1e8e79
----------------- Done invoking toplevel() on ptolemy.moml.MoMLSimpleApplication@7e1e8e79
reloadAllAccessors: .DiscreteClock

===========================================================================================
----------------- testing Tue Dec 18 03:04:39 UTC 2018 /home/travis/build/icyphy/ptII/ptolemy/domains/continuous/test/auto/EfficiencyCurve.xml
----------------- Instantiating /home/travis/build/icyphy/ptII/ptolemy/domains/continuous/test/auto/EfficiencyCurve.xml
90 ms. Memory: 668160K Free: 387468K (58%)
----------------- Invoking toplevel() on ptolemy.moml.MoMLSimpleApplication@4eb25481
----------------- Done invoking toplevel() on ptolemy.moml.MoMLSimpleApplication@4eb25481
reloadAllAccessors: .EfficiencyCurve

===========================================================================================
----------------- testing Tue Dec 18 03:04:39 UTC 2018 /home/travis/build/icyphy/ptII/ptolemy/domains/continuous/test/auto/ExponentialResponse.xml
----------------- Instantiating /home/travis/build/icyphy/ptII/ptolemy/domains/continuous/test/auto/ExponentialResponse.xml
107 ms. Memory: 668160K Free: 363997K (54%)
----------------- Invoking toplevel() on ptolemy.moml.MoMLSimpleApplication@6a6f6e8f
----------------- Done invoking toplevel() on ptolemy.moml.MoMLSimpleApplication@6a6f6e8f
reloadAllAccessors: .ExponentialResponse

===========================================================================================
----------------- testing Tue Dec 18 03:04:39 UTC 2018 /home/travis/build/icyphy/ptII/ptolemy/domains/continuous/test/auto/ExponentialResponseRK45.xml
----------------- Instantiating /home/travis/build/icyphy/ptII/ptolemy/domains/continuous/test/auto/ExponentialResponseRK45.xml
25 ms. Memory: 668160K Free: 351086K (53%)
----------------- Invoking toplevel() on ptolemy.moml.MoMLSimpleApplication@537065ed
----------------- Done invoking toplevel() on ptolemy.moml.MoMLSimpleApplication@537065ed
reloadAllAccessors: .ExponentialResponseRK45

===========================================================================================
----------------- testing Tue Dec 18 03:04:39 UTC 2018 /home/travis/build/icyphy/ptII/ptolemy/domains/continuous/test/auto/Friction.xml
----------------- Instantiating /home/travis/build/icyphy/ptII/ptolemy/domains/continuous/test/auto/Friction.xml
1440 ms. Memory: 647168K Free: 457117K (71%)
----------------- Invoking toplevel() on ptolemy.moml.MoMLSimpleApplication@5037e545
----------------- Done invoking toplevel() on ptolemy.moml.MoMLSimpleApplication@5037e545
reloadAllAccessors: .Friction

===========================================================================================
----------------- testing Tue Dec 18 03:04:41 UTC 2018 /home/travis/build/icyphy/ptII/ptolemy/domains/continuous/test/auto/FurutaPendulum.xml
----------------- Instantiating /home/travis/build/icyphy/ptII/ptolemy/domains/continuous/test/auto/FurutaPendulum.xml
3511 ms. Memory: 617472K Free: 465055K (75%)
----------------- Invoking toplevel() on ptolemy.moml.MoMLSimpleApplication@289f1d1e
----------------- Done invoking toplevel() on ptolemy.moml.MoMLSimpleApplication@289f1d1e
reloadAllAccessors: .FurutaPendulum

===========================================================================================
----------------- testing Tue Dec 18 03:04:45 UTC 2018 /home/travis/build/icyphy/ptII/ptolemy/domains/continuous/test/auto/HierarchicalExecution.xml
----------------- Instantiating /home/travis/build/icyphy/ptII/ptolemy/domains/continuous/test/auto/HierarchicalExecution.xml
1842 ms. Memory: 617472K Free: 156895K (25%)
----------------- Invoking toplevel() on ptolemy.moml.MoMLSimpleApplication@2407c8b1
----------------- Done invoking toplevel() on ptolemy.moml.MoMLSimpleApplication@2407c8b1
reloadAllAccessors: .HierarchicalExecution

===========================================================================================
----------------- testing Tue Dec 18 03:04:47 UTC 2018 /home/travis/build/icyphy/ptII/ptolemy/domains/continuous/test/auto/HybridPlant.xml
----------------- Instantiating /home/travis/build/icyphy/ptII/ptolemy/domains/continuous/test/auto/HybridPlant.xml
514 ms. Memory: 589824K Free: 386636K (66%)
----------------- Invoking toplevel() on ptolemy.moml.MoMLSimpleApplication@19d77a8b
----------------- Done invoking toplevel() on ptolemy.moml.MoMLSimpleApplication@19d77a8b
reloadAllAccessors: .HybridPlant

===========================================================================================
----------------- testing Tue Dec 18 03:04:47 UTC 2018 /home/travis/build/icyphy/ptII/ptolemy/domains/continuous/test/auto/Hysteresis.xml
----------------- Instantiating /home/travis/build/icyphy/ptII/ptolemy/domains/continuous/test/auto/Hysteresis.xml
126 ms. Memory: 589824K Free: 320558K (54%)
----------------- Invoking toplevel() on ptolemy.moml.MoMLSimpleApplication@73fef295
----------------- Done invoking toplevel() on ptolemy.moml.MoMLSimpleApplication@73fef295
reloadAllAccessors: .Hysteresis

===========================================================================================
----------------- testing Tue Dec 18 03:04:47 UTC 2018 /home/travis/build/icyphy/ptII/ptolemy/domains/continuous/test/auto/HysteresisWithRandomDelay.xml
----------------- Instantiating /home/travis/build/icyphy/ptII/ptolemy/domains/continuous/test/auto/HysteresisWithRandomDelay.xml
155 ms. Memory: 589824K Free: 240697K (41%)
----------------- Invoking toplevel() on ptolemy.moml.MoMLSimpleApplication@2befb120
----------------- Done invoking toplevel() on ptolemy.moml.MoMLSimpleApplication@2befb120
reloadAllAccessors: .HysteresisWithRandomDelay

===========================================================================================
----------------- testing Tue Dec 18 03:04:48 UTC 2018 /home/travis/build/icyphy/ptII/ptolemy/domains/continuous/test/auto/HysteresisWithRandomLosses.xml
----------------- Instantiating /home/travis/build/icyphy/ptII/ptolemy/domains/continuous/test/auto/HysteresisWithRandomLosses.xml
2078 ms. Memory: 543232K Free: 419383K (77%)
----------------- Invoking toplevel() on ptolemy.moml.MoMLSimpleApplication@5fa25eba
----------------- Done invoking toplevel() on ptolemy.moml.MoMLSimpleApplication@5fa25eba
reloadAllAccessors: .HysteresisWithRandomLosses

===========================================================================================
----------------- testing Tue Dec 18 03:04:50 UTC 2018 /home/travis/build/icyphy/ptII/ptolemy/domains/continuous/test/auto/ImmediateTransitions.xml
----------------- Instantiating /home/travis/build/icyphy/ptII/ptolemy/domains/continuous/test/auto/ImmediateTransitions.xml
9 ms. Memory: 543232K Free: 401560K (74%)
----------------- Invoking toplevel() on ptolemy.moml.MoMLSimpleApplication@3decb7f0
----------------- Done invoking toplevel() on ptolemy.moml.MoMLSimpleApplication@3decb7f0
reloadAllAccessors: .ImmediateTransitions

===========================================================================================
----------------- testing Tue Dec 18 03:04:50 UTC 2018 /home/travis/build/icyphy/ptII/ptolemy/domains/continuous/test/auto/ImpulseFeedback.xml
----------------- Instantiating /home/travis/build/icyphy/ptII/ptolemy/domains/continuous/test/auto/ImpulseFeedback.xml
10 ms. Memory: 543232K Free: 391498K (72%)
----------------- Invoking toplevel() on ptolemy.moml.MoMLSimpleApplication@41cc9ea5
----------------- Done invoking toplevel() on ptolemy.moml.MoMLSimpleApplication@41cc9ea5
reloadAllAccessors: .ImpulseFeedback

===========================================================================================
----------------- testing Tue Dec 18 03:04:50 UTC 2018 /home/travis/build/icyphy/ptII/ptolemy/domains/continuous/test/auto/ImpulseFeedback2.xml
----------------- Instantiating /home/travis/build/icyphy/ptII/ptolemy/domains/continuous/test/auto/ImpulseFeedback2.xml
6 ms. Memory: 543232K Free: 381453K (70%)
----------------- Invoking toplevel() on ptolemy.moml.MoMLSimpleApplication@6c4cf22b
----------------- Done invoking toplevel() on ptolemy.moml.MoMLSimpleApplication@6c4cf22b
reloadAllAccessors: .ImpulseFeedback2

===========================================================================================
----------------- testing Tue Dec 18 03:04:50 UTC 2018 /home/travis/build/icyphy/ptII/ptolemy/domains/continuous/test/auto/IncreasingRatePoisson.xml
----------------- Instantiating /home/travis/build/icyphy/ptII/ptolemy/domains/continuous/test/auto/IncreasingRatePoisson.xml
644 ms. Memory: 543232K Free: 68757K (13%)
----------------- Invoking toplevel() on ptolemy.moml.MoMLSimpleApplication@2a56b9b4
----------------- Done invoking toplevel() on ptolemy.moml.MoMLSimpleApplication@2a56b9b4
reloadAllAccessors: .IncreasingRatePoisson

===========================================================================================
----------------- testing Tue Dec 18 03:04:51 UTC 2018 /home/travis/build/icyphy/ptII/ptolemy/domains/continuous/test/auto/InitialStateFeedback.xml
----------------- Instantiating /home/travis/build/icyphy/ptII/ptolemy/domains/continuous/test/auto/InitialStateFeedback.xml
3 ms. Memory: 543232K Free: 61588K (11%)
----------------- Invoking toplevel() on ptolemy.moml.MoMLSimpleApplication@52005803
----------------- Done invoking toplevel() on ptolemy.moml.MoMLSimpleApplication@52005803
reloadAllAccessors: .InitialStateFeedback

===========================================================================================
----------------- testing Tue Dec 18 03:04:51 UTC 2018 /home/travis/build/icyphy/ptII/ptolemy/domains/continuous/test/auto/Integration.xml
----------------- Instantiating /home/travis/build/icyphy/ptII/ptolemy/domains/continuous/test/auto/Integration.xml
3 ms. Memory: 521728K Free: 493890K (95%)
----------------- Invoking toplevel() on ptolemy.moml.MoMLSimpleApplication@5e470103
----------------- Done invoking toplevel() on ptolemy.moml.MoMLSimpleApplication@5e470103
reloadAllAccessors: .Integration

===========================================================================================
----------------- testing Tue Dec 18 03:04:51 UTC 2018 /home/travis/build/icyphy/ptII/ptolemy/domains/continuous/test/auto/Integration2.xml
----------------- Instantiating /home/travis/build/icyphy/ptII/ptolemy/domains/continuous/test/auto/Integration2.xml
78 ms. Memory: 521728K Free: 475323K (91%)
----------------- Invoking toplevel() on ptolemy.moml.MoMLSimpleApplication@13259993
----------------- Done invoking toplevel() on ptolemy.moml.MoMLSimpleApplication@13259993
reloadAllAccessors: .Integration2

===========================================================================================
----------------- testing Tue Dec 18 03:04:51 UTC 2018 /home/travis/build/icyphy/ptII/ptolemy/domains/continuous/test/auto/Integration3.xml
----------------- Instantiating /home/travis/build/icyphy/ptII/ptolemy/domains/continuous/test/auto/Integration3.xml
5 ms. Memory: 521728K Free: 465712K (89%)
----------------- Invoking toplevel() on ptolemy.moml.MoMLSimpleApplication@391030b4
----------------- Done invoking toplevel() on ptolemy.moml.MoMLSimpleApplication@391030b4
reloadAllAccessors: .Integration3

===========================================================================================
----------------- testing Tue Dec 18 03:04:51 UTC 2018 /home/travis/build/icyphy/ptII/ptolemy/domains/continuous/test/auto/Integration5.xml
----------------- Instantiating /home/travis/build/icyphy/ptII/ptolemy/domains/continuous/test/auto/Integration5.xml
3 ms. Memory: 521728K Free: 458887K (88%)
----------------- Invoking toplevel() on ptolemy.moml.MoMLSimpleApplication@3d79b70a
----------------- Done invoking toplevel() on ptolemy.moml.MoMLSimpleApplication@3d79b70a
reloadAllAccessors: .Integration5

===========================================================================================
----------------- testing Tue Dec 18 03:04:51 UTC 2018 /home/travis/build/icyphy/ptII/ptolemy/domains/continuous/test/auto/IntegratorImpulse.xml
----------------- Instantiating /home/travis/build/icyphy/ptII/ptolemy/domains/continuous/test/auto/IntegratorImpulse.xml
2 ms. Memory: 521728K Free: 452220K (87%)
----------------- Invoking toplevel() on ptolemy.moml.MoMLSimpleApplication@d763dd2
----------------- Done invoking toplevel() on ptolemy.moml.MoMLSimpleApplication@d763dd2
reloadAllAccessors: .IntegratorImpulse

===========================================================================================
----------------- testing Tue Dec 18 03:04:51 UTC 2018 /home/travis/build/icyphy/ptII/ptolemy/domains/continuous/test/auto/IntegratorImpulse2.xml
----------------- Instantiating /home/travis/build/icyphy/ptII/ptolemy/domains/continuous/test/auto/IntegratorImpulse2.xml
4 ms. Memory: 521728K Free: 442617K (85%)
----------------- Invoking toplevel() on ptolemy.moml.MoMLSimpleApplication@56fe69aa
----------------- Done invoking toplevel() on ptolemy.moml.MoMLSimpleApplication@56fe69aa
reloadAllAccessors: .IntegratorImpulse2

===========================================================================================
----------------- testing Tue Dec 18 03:04:51 UTC 2018 /home/travis/build/icyphy/ptII/ptolemy/domains/continuous/test/auto/LevelCrossing1.xml
----------------- Instantiating /home/travis/build/icyphy/ptII/ptolemy/domains/continuous/test/auto/LevelCrossing1.xml
2 ms. Memory: 521728K Free: 432855K (83%)
----------------- Invoking toplevel() on ptolemy.moml.MoMLSimpleApplication@3ca76599
----------------- Done invoking toplevel() on ptolemy.moml.MoMLSimpleApplication@3ca76599
reloadAllAccessors: .LevelCrossing1

===========================================================================================
----------------- testing Tue Dec 18 03:04:51 UTC 2018 /home/travis/build/icyphy/ptII/ptolemy/domains/continuous/test/auto/LevelCrossing2.xml
----------------- Instantiating /home/travis/build/icyphy/ptII/ptolemy/domains/continuous/test/auto/LevelCrossing2.xml
3 ms. Memory: 521728K Free: 423253K (81%)
----------------- Invoking toplevel() on ptolemy.moml.MoMLSimpleApplication@7543579
----------------- Done invoking toplevel() on ptolemy.moml.MoMLSimpleApplication@7543579
reloadAllAccessors: .LevelCrossing2

===========================================================================================
----------------- testing Tue Dec 18 03:04:51 UTC 2018 /home/travis/build/icyphy/ptII/ptolemy/domains/continuous/test/auto/LevelCrossing3.xml
----------------- Instantiating /home/travis/build/icyphy/ptII/ptolemy/domains/continuous/test/auto/LevelCrossing3.xml
2 ms. Memory: 521728K Free: 413492K (79%)
----------------- Invoking toplevel() on ptolemy.moml.MoMLSimpleApplication@25f6541f
----------------- Done invoking toplevel() on ptolemy.moml.MoMLSimpleApplication@25f6541f
reloadAllAccessors: .LevelCrossing3

===========================================================================================
----------------- testing Tue Dec 18 03:04:51 UTC 2018 /home/travis/build/icyphy/ptII/ptolemy/domains/continuous/test/auto/LevelCrossing4.xml
----------------- Instantiating /home/travis/build/icyphy/ptII/ptolemy/domains/continuous/test/auto/LevelCrossing4.xml
3 ms. Memory: 521728K Free: 403873K (77%)
----------------- Invoking toplevel() on ptolemy.moml.MoMLSimpleApplication@647638e7
----------------- Done invoking toplevel() on ptolemy.moml.MoMLSimpleApplication@647638e7
reloadAllAccessors: .LevelCrossing4

===========================================================================================
----------------- testing Tue Dec 18 03:04:51 UTC 2018 /home/travis/build/icyphy/ptII/ptolemy/domains/continuous/test/auto/LevelCrossing5.xml
----------------- Instantiating /home/travis/build/icyphy/ptII/ptolemy/domains/continuous/test/auto/LevelCrossing5.xml
2 ms. Memory: 521728K Free: 394112K (76%)
----------------- Invoking toplevel() on ptolemy.moml.MoMLSimpleApplication@3aac6ce1
----------------- Done invoking toplevel() on ptolemy.moml.MoMLSimpleApplication@3aac6ce1
reloadAllAccessors: .LevelCrossing5

===========================================================================================
[...]

===========================================================================================
----------------- testing Tue Dec 18 03:05:07 UTC 2018 /home/travis/build/icyphy/ptII/ptolemy/domains/continuous/test/auto/SRinContinuous.xml
----------------- Instantiating /home/travis/build/icyphy/ptII/ptolemy/domains/continuous/test/auto/SRinContinuous.xml
4 ms. Memory: 334848K Free: 138735K (41%)
----------------- Invoking toplevel() on ptolemy.moml.MoMLSimpleApplication@ed83b4b
----------------- Done invoking toplevel() on ptolemy.moml.MoMLSimpleApplication@ed83b4b
reloadAllAccessors: .SRinContinuous

===========================================================================================
----------------- testing Tue Dec 18 03:05:07 UTC 2018 /home/travis/build/icyphy/ptII/ptolemy/domains/continuous/test/auto/SampledClocks.xml
----------------- Instantiating /home/travis/build/icyphy/ptII/ptolemy/domains/continuous/test/auto/SampledClocks.xml
4 ms. Memory: 334848K Free: 127677K (38%)
----------------- Invoking toplevel() on ptolemy.moml.MoMLSimpleApplication@811db01
----------------- Done invoking toplevel() on ptolemy.moml.MoMLSimpleApplication@811db01
reloadAllAccessors: .SampledClocks

===========================================================================================
----------------- testing Tue Dec 18 03:05:07 UTC 2018 /home/travis/build/icyphy/ptII/ptolemy/domains/continuous/test/auto/Satellite.xml
----------------- Instantiating /home/travis/build/icyphy/ptII/ptolemy/domains/continuous/test/auto/Satellite.xml
796 ms. Memory: 330752K Free: 190247K (58%)
----------------- Invoking toplevel() on ptolemy.moml.MoMLSimpleApplication@41173710
----------------- Done invoking toplevel() on ptolemy.moml.MoMLSimpleApplication@41173710
reloadAllAccessors: .Satellite

===========================================================================================
----------------- testing Tue Dec 18 03:05:08 UTC 2018 /home/travis/build/icyphy/ptII/ptolemy/domains/continuous/test/auto/SigmaDelta.xml
----------------- Instantiating /home/travis/build/icyphy/ptII/ptolemy/domains/continuous/test/auto/SigmaDelta.xml
2184 ms. Memory: 320000K Free: 39708K (12%)
----------------- Invoking toplevel() on ptolemy.moml.MoMLSimpleApplication@37a7c62a
----------------- Done invoking toplevel() on ptolemy.moml.MoMLSimpleApplication@37a7c62a
reloadAllAccessors: .SigmaDelta

===========================================================================================
----------------- testing Tue Dec 18 03:05:10 UTC 2018 /home/travis/build/icyphy/ptII/ptolemy/domains/continuous/test/auto/SingleRefinement.xml
----------------- Instantiating /home/travis/build/icyphy/ptII/ptolemy/domains/continuous/test/auto/SingleRefinement.xml
416 ms. Memory: 303616K Free: 66887K (22%)
----------------- Invoking toplevel() on ptolemy.moml.MoMLSimpleApplication@44ea1f2b
----------------- Done invoking toplevel() on ptolemy.moml.MoMLSimpleApplication@44ea1f2b
reloadAllAccessors: .SingleRefinement

===========================================================================================
----------------- testing Tue Dec 18 03:05:11 UTC 2018 /home/travis/build/icyphy/ptII/ptolemy/domains/continuous/test/auto/SinuBouncingBall.xml
----------------- Instantiating /home/travis/build/icyphy/ptII/ptolemy/domains/continuous/test/auto/SinuBouncingBall.xml
730 ms. Memory: 360960K Free: 114142K (32%)
----------------- Invoking toplevel() on ptolemy.moml.MoMLSimpleApplication@bb5135e
----------------- Done invoking toplevel() on ptolemy.moml.MoMLSimpleApplication@bb5135e
reloadAllAccessors: .SinuBouncingBall

===========================================================================================
----------------- testing Tue Dec 18 03:05:12 UTC 2018 /home/travis/build/icyphy/ptII/ptolemy/domains/continuous/test/auto/Sinusoid.xml
----------------- Instantiating /home/travis/build/icyphy/ptII/ptolemy/domains/continuous/test/auto/Sinusoid.xml
5 ms. Memory: 360960K Free: 106241K (29%)
----------------- Invoking toplevel() on ptolemy.moml.MoMLSimpleApplication@52879cb3
----------------- Done invoking toplevel() on ptolemy.moml.MoMLSimpleApplication@52879cb3
reloadAllAccessors: .Sinusoid

===========================================================================================
----------------- testing Tue Dec 18 03:05:12 UTC 2018 /home/travis/build/icyphy/ptII/ptolemy/domains/continuous/test/auto/SinusoidInNoise.xml
----------------- Instantiating /home/travis/build/icyphy/ptII/ptolemy/domains/continuous/test/auto/SinusoidInNoise.xml
943 ms. Memory: 430080K Free: 249644K (58%)
----------------- Invoking toplevel() on ptolemy.moml.MoMLSimpleApplication@7d4ed4fa
----------------- Done invoking toplevel() on ptolemy.moml.MoMLSimpleApplication@7d4ed4fa
reloadAllAccessors: .SinusoidInNoise

===========================================================================================
----------------- testing Tue Dec 18 03:05:13 UTC 2018 /home/travis/build/icyphy/ptII/ptolemy/domains/continuous/test/auto/SinusoidRK45.xml
----------------- Instantiating /home/travis/build/icyphy/ptII/ptolemy/domains/continuous/test/auto/SinusoidRK45.xml
2 ms. Memory: 430080K Free: 240428K (56%)
----------------- Invoking toplevel() on ptolemy.moml.MoMLSimpleApplication@7410be33
----------------- Done invoking toplevel() on ptolemy.moml.MoMLSimpleApplication@7410be33
reloadAllAccessors: .SinusoidRK45

===========================================================================================
----------------- testing Tue Dec 18 03:05:13 UTC 2018 /home/travis/build/icyphy/ptII/ptolemy/domains/continuous/test/auto/SinusoidWithMultipleImpulses.xml
----------------- Instantiating /home/travis/build/icyphy/ptII/ptolemy/domains/continuous/test/auto/SinusoidWithMultipleImpulses.xml
3 ms. Memory: 430080K Free: 232535K (54%)
----------------- Invoking toplevel() on ptolemy.moml.MoMLSimpleApplication@13bed2e5
----------------- Done invoking toplevel() on ptolemy.moml.MoMLSimpleApplication@13bed2e5
reloadAllAccessors: .SinusoidWithMultipleImpulses

===========================================================================================
----------------- testing Tue Dec 18 03:05:13 UTC 2018 /home/travis/build/icyphy/ptII/ptolemy/domains/continuous/test/auto/SquareWave.xml
----------------- Instantiating /home/travis/build/icyphy/ptII/ptolemy/domains/continuous/test/auto/SquareWave.xml
176 ms. Memory: 430080K Free: 203771K (47%)
----------------- Invoking toplevel() on ptolemy.moml.MoMLSimpleApplication@71b3a37b
----------------- Done invoking toplevel() on ptolemy.moml.MoMLSimpleApplication@71b3a37b
reloadAllAccessors: .SquareWave

===========================================================================================
----------------- testing Tue Dec 18 03:05:13 UTC 2018 /home/travis/build/icyphy/ptII/ptolemy/domains/continuous/test/auto/Starmac.xml
----------------- Instantiating /home/travis/build/icyphy/ptII/ptolemy/domains/continuous/test/auto/Starmac.xml
3077 ms. Memory: 520192K Free: 258743K (50%)
----------------- Invoking toplevel() on ptolemy.moml.MoMLSimpleApplication@34b76166
----------------- Done invoking toplevel() on ptolemy.moml.MoMLSimpleApplication@34b76166
reloadAllAccessors: .Starmac

===========================================================================================
----------------- testing Tue Dec 18 03:05:16 UTC 2018 /home/travis/build/icyphy/ptII/ptolemy/domains/continuous/test/auto/StaticUnits.xml
----------------- Instantiating /home/travis/build/icyphy/ptII/ptolemy/domains/continuous/test/auto/StaticUnits.xml
2048 ms. Memory: 615936K Free: 314861K (51%)
----------------- Invoking toplevel() on ptolemy.moml.MoMLSimpleApplication@3baf5137
----------------- Done invoking toplevel() on ptolemy.moml.MoMLSimpleApplication@3baf5137
reloadAllAccessors: .StaticUnits

===========================================================================================
----------------- testing Tue Dec 18 03:05:19 UTC 2018 /home/travis/build/icyphy/ptII/ptolemy/domains/continuous/test/auto/StickyMasses.xml
----------------- Instantiating /home/travis/build/icyphy/ptII/ptolemy/domains/continuous/test/auto/StickyMasses.xml
139 ms. Memory: 615936K Free: 255879K (42%)
----------------- Invoking toplevel() on ptolemy.moml.MoMLSimpleApplication@1b610797
----------------- Done invoking toplevel() on ptolemy.moml.MoMLSimpleApplication@1b610797
reloadAllAccessors: .StickyMasses

===========================================================================================
----------------- testing Tue Dec 18 03:05:19 UTC 2018 /home/travis/build/icyphy/ptII/ptolemy/domains/continuous/test/auto/StopTime.xml
----------------- Instantiating /home/travis/build/icyphy/ptII/ptolemy/domains/continuous/test/auto/StopTime.xml
37 ms. Memory: 615936K Free: 228393K (37%)
----------------- Invoking toplevel() on ptolemy.moml.MoMLSimpleApplication@3b8877b4
----------------- Done invoking toplevel() on ptolemy.moml.MoMLSimpleApplication@3b8877b4
reloadAllAccessors: .StopTime

===========================================================================================
----------------- testing Tue Dec 18 03:05:19 UTC 2018 /home/travis/build/icyphy/ptII/ptolemy/domains/continuous/test/auto/StopTime2.xml
----------------- Instantiating /home/travis/build/icyphy/ptII/ptolemy/domains/continuous/test/auto/StopTime2.xml
29 ms. Memory: 615936K Free: 203527K (33%)
----------------- Invoking toplevel() on ptolemy.moml.MoMLSimpleApplication@33914e09
----------------- Done invoking toplevel() on ptolemy.moml.MoMLSimpleApplication@33914e09
reloadAllAccessors: .StopTime2

===========================================================================================
----------------- testing Tue Dec 18 03:05:19 UTC 2018 /home/travis/build/icyphy/ptII/ptolemy/domains/continuous/test/auto/Switch.xml
----------------- Instantiating /home/travis/build/icyphy/ptII/ptolemy/domains/continuous/test/auto/Switch.xml
36 ms. Memory: 615936K Free: 175944K (29%)
----------------- Invoking toplevel() on ptolemy.moml.MoMLSimpleApplication@789a352f
----------------- Done invoking toplevel() on ptolemy.moml.MoMLSimpleApplication@789a352f
reloadAllAccessors: .Switch

===========================================================================================
----------------- testing Tue Dec 18 03:05:19 UTC 2018 /home/travis/build/icyphy/ptII/ptolemy/domains/continuous/test/auto/Thermostat.xml
----------------- Instantiating /home/travis/build/icyphy/ptII/ptolemy/domains/continuous/test/auto/Thermostat.xml
159 ms. Memory: 615936K Free: 98008K (16%)
----------------- Invoking toplevel() on ptolemy.moml.MoMLSimpleApplication@177a8d62
----------------- Done invoking toplevel() on ptolemy.moml.MoMLSimpleApplication@177a8d62
reloadAllAccessors: .Thermostat

===========================================================================================
----------------- testing Tue Dec 18 03:05:19 UTC 2018 /home/travis/build/icyphy/ptII/ptolemy/domains/continuous/test/auto/TimeDelay.xml
----------------- Instantiating /home/travis/build/icyphy/ptII/ptolemy/domains/continuous/test/auto/TimeDelay.xml
5 ms. Memory: 615936K Free: 89052K (14%)
----------------- Invoking toplevel() on ptolemy.moml.MoMLSimpleApplication@6bc26f2b
----------------- Done invoking toplevel() on ptolemy.moml.MoMLSimpleApplication@6bc26f2b
reloadAllAccessors: .TimeDelay

===========================================================================================
----------------- testing Tue Dec 18 03:05:19 UTC 2018 /home/travis/build/icyphy/ptII/ptolemy/domains/continuous/test/auto/TimeDelay2.xml
----------------- Instantiating /home/travis/build/icyphy/ptII/ptolemy/domains/continuous/test/auto/TimeDelay2.xml
7 ms. Memory: 615936K Free: 80156K (13%)
----------------- Invoking toplevel() on ptolemy.moml.MoMLSimpleApplication@4c1970d4
----------------- Done invoking toplevel() on ptolemy.moml.MoMLSimpleApplication@4c1970d4
reloadAllAccessors: .TimeDelay2

===========================================================================================
----------------- testing Tue Dec 18 03:05:19 UTC 2018 /home/travis/build/icyphy/ptII/ptolemy/domains/continuous/test/auto/TimeDelay3.xml
----------------- Instantiating /home/travis/build/icyphy/ptII/ptolemy/domains/continuous/test/auto/TimeDelay3.xml
7 ms. Memory: 615936K Free: 71251K (12%)
----------------- Invoking toplevel() on ptolemy.moml.MoMLSimpleApplication@48f383
----------------- Done invoking toplevel() on ptolemy.moml.MoMLSimpleApplication@48f383
reloadAllAccessors: .TimeDelay3

===========================================================================================
----------------- testing Tue Dec 18 03:05:19 UTC 2018 /home/travis/build/icyphy/ptII/ptolemy/domains/continuous/test/auto/TransferAbsentToInside.xml
----------------- Instantiating /home/travis/build/icyphy/ptII/ptolemy/domains/continuous/test/auto/TransferAbsentToInside.xml
49 ms. Memory: 587264K Free: 510827K (87%)
----------------- Invoking toplevel() on ptolemy.moml.MoMLSimpleApplication@4c596c7e
----------------- Done invoking toplevel() on ptolemy.moml.MoMLSimpleApplication@4c596c7e
reloadAllAccessors: .TransferAbsentToInside

===========================================================================================
----------------- testing Tue Dec 18 03:05:19 UTC 2018 /home/travis/build/icyphy/ptII/ptolemy/domains/continuous/test/auto/Transmission.xml
----------------- Instantiating /home/travis/build/icyphy/ptII/ptolemy/domains/continuous/test/auto/Transmission.xml
682 ms. Memory: 587264K Free: 270007K (46%)
----------------- Invoking toplevel() on ptolemy.moml.MoMLSimpleApplication@9868876
----------------- Done invoking toplevel() on ptolemy.moml.MoMLSimpleApplication@9868876
reloadAllAccessors: .Transmission

===========================================================================================
----------------- testing Tue Dec 18 03:05:20 UTC 2018 /home/travis/build/icyphy/ptII/ptolemy/domains/continuous/test/auto/TriggeredContinuousClock.xml
----------------- Instantiating /home/travis/build/icyphy/ptII/ptolemy/domains/continuous/test/auto/TriggeredContinuousClock.xml
31 ms. Memory: 587264K Free: 236095K (40%)
----------------- Invoking toplevel() on ptolemy.moml.MoMLSimpleApplication@5ca9c62e
----------------- Done invoking toplevel() on ptolemy.moml.MoMLSimpleApplication@5ca9c62e
reloadAllAccessors: .TriggeredContinuousClock

===========================================================================================
----------------- testing Tue Dec 18 03:05:20 UTC 2018 /home/travis/build/icyphy/ptII/ptolemy/domains/continuous/test/auto/TwoMachineInfiniteBusControl.xml
----------------- Instantiating /home/travis/build/icyphy/ptII/ptolemy/domains/continuous/test/auto/TwoMachineInfiniteBusControl.xml
2657 ms. Memory: 571392K Free: 137508K (24%)
----------------- Invoking toplevel() on ptolemy.moml.MoMLSimpleApplication@70e52056
----------------- Done invoking toplevel() on ptolemy.moml.MoMLSimpleApplication@70e52056
reloadAllAccessors: .TwoMachineInfiniteBusControl

===========================================================================================
----------------- testing Tue Dec 18 03:05:23 UTC 2018 /home/travis/build/icyphy/ptII/ptolemy/domains/continuous/test/auto/V2V.xml
----------------- Instantiating /home/travis/build/icyphy/ptII/ptolemy/domains/continuous/test/auto/V2V.xml
840 ms. Memory: 509952K Free: 421989K (83%)
----------------- Invoking toplevel() on ptolemy.moml.MoMLSimpleApplication@d3a8791
----------------- Done invoking toplevel() on ptolemy.moml.MoMLSimpleApplication@d3a8791
reloadAllAccessors: .V2V

===========================================================================================
----------------- testing Tue Dec 18 03:05:24 UTC 2018 /home/travis/build/icyphy/ptII/ptolemy/domains/continuous/test/auto/hierarchicalModalModel.xml
----------------- Instantiating /home/travis/build/icyphy/ptII/ptolemy/domains/continuous/test/auto/hierarchicalModalModel.xml
7 ms. Memory: 509952K Free: 401091K (79%)
----------------- Invoking toplevel() on ptolemy.moml.MoMLSimpleApplication@28213fb9
----------------- Done invoking toplevel() on ptolemy.moml.MoMLSimpleApplication@28213fb9
reloadAllAccessors: .hierarchicalModalModel

===========================================================================================
----------------- testing Tue Dec 18 03:05:24 UTC 2018 /home/travis/build/icyphy/ptII/ptolemy/domains/continuous/test/auto/hierarchicalModalModel1.xml
----------------- Instantiating /home/travis/build/icyphy/ptII/ptolemy/domains/continuous/test/auto/hierarchicalModalModel1.xml
9 ms. Memory: 509952K Free: 381726K (75%)
----------------- Invoking toplevel() on ptolemy.moml.MoMLSimpleApplication@e017fea
----------------- Done invoking toplevel() on ptolemy.moml.MoMLSimpleApplication@e017fea
reloadAllAccessors: .hierarchicalModalModel1

===========================================================================================
----------------- testing Tue Dec 18 03:05:24 UTC 2018 /home/travis/build/icyphy/ptII/ptolemy/domains/continuous/test/auto/hierarchicalModalModel2.xml
----------------- Instantiating /home/travis/build/icyphy/ptII/ptolemy/domains/continuous/test/auto/hierarchicalModalModel2.xml
5 ms. Memory: 509952K Free: 364674K (72%)
----------------- Invoking toplevel() on ptolemy.moml.MoMLSimpleApplication@3c3055bc
----------------- Done invoking toplevel() on ptolemy.moml.MoMLSimpleApplication@3c3055bc
reloadAllAccessors: .hierarchicalModalModel2

===========================================================================================
----------------- testing Tue Dec 18 03:05:24 UTC 2018 /home/travis/build/icyphy/ptII/ptolemy/domains/continuous/test/auto/hierarchicalModalModel3.xml
----------------- Instantiating /home/travis/build/icyphy/ptII/ptolemy/domains/continuous/test/auto/hierarchicalModalModel3.xml
5 ms. Memory: 509952K Free: 352230K (69%)
----------------- Invoking toplevel() on ptolemy.moml.MoMLSimpleApplication@2bc32ec9
----------------- Done invoking toplevel() on ptolemy.moml.MoMLSimpleApplication@2bc32ec9
reloadAllAccessors: .hierarchicalModalModel3

===========================================================================================
----------------- testing Tue Dec 18 03:05:24 UTC 2018 /home/travis/build/icyphy/ptII/ptolemy/domains/continuous/test/auto/hierarchicalModalModel4.xml
----------------- Instantiating /home/travis/build/icyphy/ptII/ptolemy/domains/continuous/test/auto/hierarchicalModalModel4.xml
5 ms. Memory: 509952K Free: 337418K (66%)
----------------- Invoking toplevel() on ptolemy.moml.MoMLSimpleApplication@5e5ff36
----------------- Done invoking toplevel() on ptolemy.moml.MoMLSimpleApplication@5e5ff36
reloadAllAccessors: .hierarchicalModalModel4

===========================================================================================
----------------- testing Tue Dec 18 03:05:24 UTC 2018 /home/travis/build/icyphy/ptII/ptolemy/domains/continuous/test/auto/junk.xml
----------------- Instantiating /home/travis/build/icyphy/ptII/ptolemy/domains/continuous/test/auto/junk.xml
137 ms. Memory: 509952K Free: 304289K (60%)
----------------- Invoking toplevel() on ptolemy.moml.MoMLSimpleApplication@276e68eb
----------------- Done invoking toplevel() on ptolemy.moml.MoMLSimpleApplication@276e68eb
reloadAllAccessors: .junk
AutoTests.java: About to close Vertx.
AutoTests.java: Vertx closed.
]]></system-out>
  <system-err><![CDATA[Warning: '.HysteresisWithRandomDelay.NonStrictTest3' The test produced only 20 tokens, yet the correctValues parameter was expecting 30 tokens.
Warning: '.IncreasingRatePoisson.NonStrictTest' The test produced only 379 tokens, yet the correctValues parameter was expecting 402 tokens.
Warning: '.Poisson.NonStrictTest' The test produced only 376 tokens, yet the correctValues parameter was expecting 430 tokens.
]]></system-err>
</testsuite>
