<?xml version="1.0" encoding="UTF-8" ?>
<testsuite errors="0" failures="0" hostname="travis-job-050144fc-24c8-4f79-8cf8-69e215bddfda" name="ptolemy.domains.continuous.test.junit.JUnitTclTest" skipped="0" tests="156" time="71.903" timestamp="2020-02-17T23:31:20">
  <properties>
[...]
</properties>
  <testcase classname="ptolemy.util.test.junit.TclTests" name="[0] ThereAreNoTclTests (RunTclFile)" time="0.012" />
  <testcase classname="ptolemy.util.test.junit.AutoKnownFailedTests" name="[0] ThereAreNoKnowFailedTests (RunModel)" time="0.003" />
  <testcase classname="ptolemy.util.test.junit.AutoNameArchTests" name="[0] ThereAreNoAutoArchTests (RunModel)" time="0.022" />
  <testcase classname="ptolemy.util.test.junit.AutoTests" name="[0] /home/travis/build/icyphy/ptII/ptolemy/domains/continuous/test/auto/BouncingBall.xml (RunModel)" time="3.082" />
  <testcase classname="ptolemy.util.test.junit.AutoTests" name="[1] /home/travis/build/icyphy/ptII/ptolemy/domains/continuous/test/auto/BouncingBallWithoutGR.xml (RunModel)" time="0.938" />
  <testcase classname="ptolemy.util.test.junit.AutoTests" name="[2] /home/travis/build/icyphy/ptII/ptolemy/domains/continuous/test/auto/Brownian.xml (RunModel)" time="0.104" />
  <testcase classname="ptolemy.util.test.junit.AutoTests" name="[3] /home/travis/build/icyphy/ptII/ptolemy/domains/continuous/test/auto/CarTracking.xml (RunModel)" time="3.893" />
  <testcase classname="ptolemy.util.test.junit.AutoTests" name="[4] /home/travis/build/icyphy/ptII/ptolemy/domains/continuous/test/auto/CartPendulum.xml (RunModel)" time="0.5" />
  <testcase classname="ptolemy.util.test.junit.AutoTests" name="[5] /home/travis/build/icyphy/ptII/ptolemy/domains/continuous/test/auto/CausalityInterface10.xml (RunModel)" time="0.101" />
  <testcase classname="ptolemy.util.test.junit.AutoTests" name="[6] /home/travis/build/icyphy/ptII/ptolemy/domains/continuous/test/auto/CausalityInterface11.xml (RunModel)" time="0.076" />
  <testcase classname="ptolemy.util.test.junit.AutoTests" name="[7] /home/travis/build/icyphy/ptII/ptolemy/domains/continuous/test/auto/CausalityInterface12.xml (RunModel)" time="0.023" />
  <testcase classname="ptolemy.util.test.junit.AutoTests" name="[8] /home/travis/build/icyphy/ptII/ptolemy/domains/continuous/test/auto/CausalityInterface13.xml (RunModel)" time="0.021" />
  <testcase classname="ptolemy.util.test.junit.AutoTests" name="[9] /home/travis/build/icyphy/ptII/ptolemy/domains/continuous/test/auto/CausalityInterface14.xml (RunModel)" time="0.02" />
  <testcase classname="ptolemy.util.test.junit.AutoTests" name="[10] /home/travis/build/icyphy/ptII/ptolemy/domains/continuous/test/auto/CausalityInterface4.xml (RunModel)" time="0.041" />
  <testcase classname="ptolemy.util.test.junit.AutoTests" name="[11] /home/travis/build/icyphy/ptII/ptolemy/domains/continuous/test/auto/CausalityInterface5.xml (RunModel)" time="0.035" />
  <testcase classname="ptolemy.util.test.junit.AutoTests" name="[12] /home/travis/build/icyphy/ptII/ptolemy/domains/continuous/test/auto/CausalityInterface6.xml (RunModel)" time="0.027" />
  <testcase classname="ptolemy.util.test.junit.AutoTests" name="[13] /home/travis/build/icyphy/ptII/ptolemy/domains/continuous/test/auto/CausalityInterface7.xml (RunModel)" time="0.036" />
  <testcase classname="ptolemy.util.test.junit.AutoTests" name="[14] /home/travis/build/icyphy/ptII/ptolemy/domains/continuous/test/auto/CausalityInterface8.xml (RunModel)" time="0.041" />
  <testcase classname="ptolemy.util.test.junit.AutoTests" name="[15] /home/travis/build/icyphy/ptII/ptolemy/domains/continuous/test/auto/CausalityInterface9.xml (RunModel)" time="0.04" />
  <testcase classname="ptolemy.util.test.junit.AutoTests" name="[16] /home/travis/build/icyphy/ptII/ptolemy/domains/continuous/test/auto/CausalityInterfaceFeedback1.xml (RunModel)" time="0.03" />
  <testcase classname="ptolemy.util.test.junit.AutoTests" name="[17] /home/travis/build/icyphy/ptII/ptolemy/domains/continuous/test/auto/CausalityInterfaceFeedback2.xml (RunModel)" time="0.036" />
  <testcase classname="ptolemy.util.test.junit.AutoTests" name="[18] /home/travis/build/icyphy/ptII/ptolemy/domains/continuous/test/auto/CompareWithCurrentTime.xml (RunModel)" time="0.021" />
  <testcase classname="ptolemy.util.test.junit.AutoTests" name="[19] /home/travis/build/icyphy/ptII/ptolemy/domains/continuous/test/auto/ComparedClocks.xml (RunModel)" time="0.071" />
  <testcase classname="ptolemy.util.test.junit.AutoTests" name="[20] /home/travis/build/icyphy/ptII/ptolemy/domains/continuous/test/auto/ContinuousAOCClone.xml (RunModel)" time="2.704" />
  <testcase classname="ptolemy.util.test.junit.AutoTests" name="[21] /home/travis/build/icyphy/ptII/ptolemy/domains/continuous/test/auto/ContinuousClock.xml (RunModel)" time="0.086" />
  <testcase classname="ptolemy.util.test.junit.AutoTests" name="[22] /home/travis/build/icyphy/ptII/ptolemy/domains/continuous/test/auto/ContinuousInContinuous.xml (RunModel)" time="0.088" />
  <testcase classname="ptolemy.util.test.junit.AutoTests" name="[23] /home/travis/build/icyphy/ptII/ptolemy/domains/continuous/test/auto/ContinuousInContinuousInContinuous.xml (RunModel)" time="0.024" />
  <testcase classname="ptolemy.util.test.junit.AutoTests" name="[24] /home/travis/build/icyphy/ptII/ptolemy/domains/continuous/test/auto/ContinuousInDE.xml (RunModel)" time="0.075" />
  <testcase classname="ptolemy.util.test.junit.AutoTests" name="[25] /home/travis/build/icyphy/ptII/ptolemy/domains/continuous/test/auto/ContinuousInDE2.xml (RunModel)" time="0.06" />
  <testcase classname="ptolemy.util.test.junit.AutoTests" name="[26] /home/travis/build/icyphy/ptII/ptolemy/domains/continuous/test/auto/ContinuousInDE3.xml (RunModel)" time="0.047" />
  <testcase classname="ptolemy.util.test.junit.AutoTests" name="[27] /home/travis/build/icyphy/ptII/ptolemy/domains/continuous/test/auto/ContinuousInDE4.xml (RunModel)" time="0.032" />
  <testcase classname="ptolemy.util.test.junit.AutoTests" name="[28] /home/travis/build/icyphy/ptII/ptolemy/domains/continuous/test/auto/ContinuousInDEDifferentRefinements.xml (RunModel)" time="0.071" />
  <testcase classname="ptolemy.util.test.junit.AutoTests" name="[29] /home/travis/build/icyphy/ptII/ptolemy/domains/continuous/test/auto/ContinuousInDEDifferentRefinementsPreemptive.xml (RunModel)" time="0.098" />
  <testcase classname="ptolemy.util.test.junit.AutoTests" name="[30] /home/travis/build/icyphy/ptII/ptolemy/domains/continuous/test/auto/ContinuousInDEInContinuous2.xml (RunModel)" time="0.064" />
  <testcase classname="ptolemy.util.test.junit.AutoTests" name="[31] /home/travis/build/icyphy/ptII/ptolemy/domains/continuous/test/auto/ContinuousInDEInContinuous3.xml (RunModel)" time="0.059" />
  <testcase classname="ptolemy.util.test.junit.AutoTests" name="[32] /home/travis/build/icyphy/ptII/ptolemy/domains/continuous/test/auto/ContinuousInDEInput.xml (RunModel)" time="0.029" />
  <testcase classname="ptolemy.util.test.junit.AutoTests" name="[33] /home/travis/build/icyphy/ptII/ptolemy/domains/continuous/test/auto/ContinuousInDEInput2.xml (RunModel)" time="0.034" />
  <testcase classname="ptolemy.util.test.junit.AutoTests" name="[34] /home/travis/build/icyphy/ptII/ptolemy/domains/continuous/test/auto/ContinuousInDEInput3.xml (RunModel)" time="0.03" />
  <testcase classname="ptolemy.util.test.junit.AutoTests" name="[35] /home/travis/build/icyphy/ptII/ptolemy/domains/continuous/test/auto/ContinuousInDESharingRefinement.xml (RunModel)" time="0.17" />
  <testcase classname="ptolemy.util.test.junit.AutoTests" name="[36] /home/travis/build/icyphy/ptII/ptolemy/domains/continuous/test/auto/ContinuousInDEwithNoPorts.xml (RunModel)" time="0.02" />
  <testcase classname="ptolemy.util.test.junit.AutoTests" name="[37] /home/travis/build/icyphy/ptII/ptolemy/domains/continuous/test/auto/ContinuousInsideDE.xml (RunModel)" time="0.066" />
  <testcase classname="ptolemy.util.test.junit.AutoTests" name="[38] /home/travis/build/icyphy/ptII/ptolemy/domains/continuous/test/auto/ContinuousMerge1.xml (RunModel)" time="0.017" />
  <testcase classname="ptolemy.util.test.junit.AutoTests" name="[39] /home/travis/build/icyphy/ptII/ptolemy/domains/continuous/test/auto/ContinuousMerge2.xml (RunModel)" time="0.046" />
  <testcase classname="ptolemy.util.test.junit.AutoTests" name="[40] /home/travis/build/icyphy/ptII/ptolemy/domains/continuous/test/auto/ContinuousMerge3.xml (RunModel)" time="0.066" />
  <testcase classname="ptolemy.util.test.junit.AutoTests" name="[41] /home/travis/build/icyphy/ptII/ptolemy/domains/continuous/test/auto/ContinuousWithinContinuous.xml (RunModel)" time="0.046" />
  <testcase classname="ptolemy.util.test.junit.AutoTests" name="[42] /home/travis/build/icyphy/ptII/ptolemy/domains/continuous/test/auto/ContinuousWithinContinuous2.xml (RunModel)" time="0.071" />
  <testcase classname="ptolemy.util.test.junit.AutoTests" name="[43] /home/travis/build/icyphy/ptII/ptolemy/domains/continuous/test/auto/ContinuousWithinContinuous3.xml (RunModel)" time="0.031" />
  <testcase classname="ptolemy.util.test.junit.AutoTests" name="[44] /home/travis/build/icyphy/ptII/ptolemy/domains/continuous/test/auto/ContinuousWithinContinuous4.xml (RunModel)" time="0.066" />
  <testcase classname="ptolemy.util.test.junit.AutoTests" name="[45] /home/travis/build/icyphy/ptII/ptolemy/domains/continuous/test/auto/ContinuousWithinContinuous5.xml (RunModel)" time="0.028" />
  <testcase classname="ptolemy.util.test.junit.AutoTests" name="[46] /home/travis/build/icyphy/ptII/ptolemy/domains/continuous/test/auto/ContinuousWithinContinuous6.xml (RunModel)" time="0.025" />
  <testcase classname="ptolemy.util.test.junit.AutoTests" name="[47] /home/travis/build/icyphy/ptII/ptolemy/domains/continuous/test/auto/ContinuousWithinContinuous7.xml (RunModel)" time="0.059" />
  <testcase classname="ptolemy.util.test.junit.AutoTests" name="[48] /home/travis/build/icyphy/ptII/ptolemy/domains/continuous/test/auto/DCMotor.xml (RunModel)" time="12.861" />
  <testcase classname="ptolemy.util.test.junit.AutoTests" name="[49] /home/travis/build/icyphy/ptII/ptolemy/domains/continuous/test/auto/DEInContinuous.xml (RunModel)" time="0.04" />
  <testcase classname="ptolemy.util.test.junit.AutoTests" name="[50] /home/travis/build/icyphy/ptII/ptolemy/domains/continuous/test/auto/DEinContinuous2.xml (RunModel)" time="0.032" />
  <testcase classname="ptolemy.util.test.junit.AutoTests" name="[51] /home/travis/build/icyphy/ptII/ptolemy/domains/continuous/test/auto/Derivative.xml (RunModel)" time="0.171" />
  <testcase classname="ptolemy.util.test.junit.AutoTests" name="[52] /home/travis/build/icyphy/ptII/ptolemy/domains/continuous/test/auto/Derivative1.xml (RunModel)" time="0.045" />
  <testcase classname="ptolemy.util.test.junit.AutoTests" name="[53] /home/travis/build/icyphy/ptII/ptolemy/domains/continuous/test/auto/DiscreteClock.xml (RunModel)" time="0.017" />
  <testcase classname="ptolemy.util.test.junit.AutoTests" name="[54] /home/travis/build/icyphy/ptII/ptolemy/domains/continuous/test/auto/EfficiencyCurve.xml (RunModel)" time="0.092" />
  <testcase classname="ptolemy.util.test.junit.AutoTests" name="[55] /home/travis/build/icyphy/ptII/ptolemy/domains/continuous/test/auto/ExponentialResponse.xml (RunModel)" time="0.109" />
  <testcase classname="ptolemy.util.test.junit.AutoTests" name="[56] /home/travis/build/icyphy/ptII/ptolemy/domains/continuous/test/auto/ExponentialResponseRK45.xml (RunModel)" time="0.03" />
  <testcase classname="ptolemy.util.test.junit.AutoTests" name="[57] /home/travis/build/icyphy/ptII/ptolemy/domains/continuous/test/auto/Friction.xml (RunModel)" time="1.709" />
  <testcase classname="ptolemy.util.test.junit.AutoTests" name="[58] /home/travis/build/icyphy/ptII/ptolemy/domains/continuous/test/auto/FurutaPendulum.xml (RunModel)" time="3.136" />
  <testcase classname="ptolemy.util.test.junit.AutoTests" name="[59] /home/travis/build/icyphy/ptII/ptolemy/domains/continuous/test/auto/HierarchicalExecution.xml (RunModel)" time="1.89" />
  <testcase classname="ptolemy.util.test.junit.AutoTests" name="[60] /home/travis/build/icyphy/ptII/ptolemy/domains/continuous/test/auto/HybridPlant.xml (RunModel)" time="0.569" />
  <testcase classname="ptolemy.util.test.junit.AutoTests" name="[61] /home/travis/build/icyphy/ptII/ptolemy/domains/continuous/test/auto/Hysteresis.xml (RunModel)" time="0.199" />
  <testcase classname="ptolemy.util.test.junit.AutoTests" name="[62] /home/travis/build/icyphy/ptII/ptolemy/domains/continuous/test/auto/HysteresisWithRandomDelay.xml (RunModel)" time="0.207" />
  <testcase classname="ptolemy.util.test.junit.AutoTests" name="[63] /home/travis/build/icyphy/ptII/ptolemy/domains/continuous/test/auto/HysteresisWithRandomLosses.xml (RunModel)" time="2.499" />
  <testcase classname="ptolemy.util.test.junit.AutoTests" name="[64] /home/travis/build/icyphy/ptII/ptolemy/domains/continuous/test/auto/ImmediateTransitions.xml (RunModel)" time="0.031" />
  <testcase classname="ptolemy.util.test.junit.AutoTests" name="[65] /home/travis/build/icyphy/ptII/ptolemy/domains/continuous/test/auto/ImpulseFeedback.xml (RunModel)" time="0.02" />
  <testcase classname="ptolemy.util.test.junit.AutoTests" name="[66] /home/travis/build/icyphy/ptII/ptolemy/domains/continuous/test/auto/ImpulseFeedback2.xml (RunModel)" time="0.02" />
  <testcase classname="ptolemy.util.test.junit.AutoTests" name="[67] /home/travis/build/icyphy/ptII/ptolemy/domains/continuous/test/auto/IncreasingRatePoisson.xml (RunModel)" time="0.698" />
  <testcase classname="ptolemy.util.test.junit.AutoTests" name="[68] /home/travis/build/icyphy/ptII/ptolemy/domains/continuous/test/auto/InitialStateFeedback.xml (RunModel)" time="0.014" />
  <testcase classname="ptolemy.util.test.junit.AutoTests" name="[69] /home/travis/build/icyphy/ptII/ptolemy/domains/continuous/test/auto/Integration.xml (RunModel)" time="0.015" />
  <testcase classname="ptolemy.util.test.junit.AutoTests" name="[70] /home/travis/build/icyphy/ptII/ptolemy/domains/continuous/test/auto/Integration2.xml (RunModel)" time="0.08" />
  <testcase classname="ptolemy.util.test.junit.AutoTests" name="[71] /home/travis/build/icyphy/ptII/ptolemy/domains/continuous/test/auto/Integration3.xml (RunModel)" time="0.018" />
  <testcase classname="ptolemy.util.test.junit.AutoTests" name="[72] /home/travis/build/icyphy/ptII/ptolemy/domains/continuous/test/auto/Integration5.xml (RunModel)" time="0.025" />
  <testcase classname="ptolemy.util.test.junit.AutoTests" name="[73] /home/travis/build/icyphy/ptII/ptolemy/domains/continuous/test/auto/IntegratorImpulse.xml (RunModel)" time="0.014" />
  <testcase classname="ptolemy.util.test.junit.AutoTests" name="[74] /home/travis/build/icyphy/ptII/ptolemy/domains/continuous/test/auto/IntegratorImpulse2.xml (RunModel)" time="0.015" />
  <testcase classname="ptolemy.util.test.junit.AutoTests" name="[75] /home/travis/build/icyphy/ptII/ptolemy/domains/continuous/test/auto/LevelCrossing1.xml (RunModel)" time="0.018" />
  <testcase classname="ptolemy.util.test.junit.AutoTests" name="[76] /home/travis/build/icyphy/ptII/ptolemy/domains/continuous/test/auto/LevelCrossing2.xml (RunModel)" time="0.013" />
  <testcase classname="ptolemy.util.test.junit.AutoTests" name="[77] /home/travis/build/icyphy/ptII/ptolemy/domains/continuous/test/auto/LevelCrossing3.xml (RunModel)" time="0.014" />
  <testcase classname="ptolemy.util.test.junit.AutoTests" name="[78] /home/travis/build/icyphy/ptII/ptolemy/domains/continuous/test/auto/LevelCrossing4.xml (RunModel)" time="0.015" />
  <testcase classname="ptolemy.util.test.junit.AutoTests" name="[79] /home/travis/build/icyphy/ptII/ptolemy/domains/continuous/test/auto/LevelCrossing5.xml (RunModel)" time="0.011" />
  <testcase classname="ptolemy.util.test.junit.AutoTests" name="[80] /home/travis/build/icyphy/ptII/ptolemy/domains/continuous/test/auto/LevelCrossing6.xml (RunModel)" time="0.011" />
  <testcase classname="ptolemy.util.test.junit.AutoTests" name="[81] /home/travis/build/icyphy/ptII/ptolemy/domains/continuous/test/auto/LevelCrossingDetector.xml (RunModel)" time="0.035" />
  <testcase classname="ptolemy.util.test.junit.AutoTests" name="[82] /home/travis/build/icyphy/ptII/ptolemy/domains/continuous/test/auto/LevelCrossingDetectorDetectingDirections.xml (RunModel)" time="0.08" />
  <testcase classname="ptolemy.util.test.junit.AutoTests" name="[83] /home/travis/build/icyphy/ptII/ptolemy/domains/continuous/test/auto/LevelCrossingDetectorDetectsGlitches.xml (RunModel)" time="0.057" />
  <testcase classname="ptolemy.util.test.junit.AutoTests" name="[84] /home/travis/build/icyphy/ptII/ptolemy/domains/continuous/test/auto/LevelCrossingNoInitialOuput.xml (RunModel)" time="0.013" />
  <testcase classname="ptolemy.util.test.junit.AutoTests" name="[85] /home/travis/build/icyphy/ptII/ptolemy/domains/continuous/test/auto/LinearStateSpaceExample.xml (RunModel)" time="0.054" />
  <testcase classname="ptolemy.util.test.junit.AutoTests" name="[86] /home/travis/build/icyphy/ptII/ptolemy/domains/continuous/test/auto/Lorenz.xml (RunModel)" time="3.673" />
  <testcase classname="ptolemy.util.test.junit.AutoTests" name="[87] /home/travis/build/icyphy/ptII/ptolemy/domains/continuous/test/auto/LorenzDifferentialSystem.xml (RunModel)" time="0.941" />
  <testcase classname="ptolemy.util.test.junit.AutoTests" name="[88] /home/travis/build/icyphy/ptII/ptolemy/domains/continuous/test/auto/LorenzDifferentialSystemWithInput.xml (RunModel)" time="1.324" />
  <testcase classname="ptolemy.util.test.junit.AutoTests" name="[89] /home/travis/build/icyphy/ptII/ptolemy/domains/continuous/test/auto/LorenzDifferentialSystemWithTime.xml (RunModel)" time="0.752" />
  <testcase classname="ptolemy.util.test.junit.AutoTests" name="[90] /home/travis/build/icyphy/ptII/ptolemy/domains/continuous/test/auto/Microsteps.xml (RunModel)" time="0.02" />
  <testcase classname="ptolemy.util.test.junit.AutoTests" name="[91] /home/travis/build/icyphy/ptII/ptolemy/domains/continuous/test/auto/Modal1.xml (RunModel)" time="0.043" />
  <testcase classname="ptolemy.util.test.junit.AutoTests" name="[92] /home/travis/build/icyphy/ptII/ptolemy/domains/continuous/test/auto/Modal2.xml (RunModel)" time="0.064" />
  <testcase classname="ptolemy.util.test.junit.AutoTests" name="[93] /home/travis/build/icyphy/ptII/ptolemy/domains/continuous/test/auto/ModalTransitionGuardWithReset.xml (RunModel)" time="0.029" />
  <testcase classname="ptolemy.util.test.junit.AutoTests" name="[94] /home/travis/build/icyphy/ptII/ptolemy/domains/continuous/test/auto/ModalTransitionGuardWithResetUsingPreemptiveTransition.xml (RunModel)" time="0.033" />
  <testcase classname="ptolemy.util.test.junit.AutoTests" name="[95] /home/travis/build/icyphy/ptII/ptolemy/domains/continuous/test/auto/ModalTransitionGuardWithResetUsingPreemptiveTransition2.xml (RunModel)" time="0.024" />
  <testcase classname="ptolemy.util.test.junit.AutoTests" name="[96] /home/travis/build/icyphy/ptII/ptolemy/domains/continuous/test/auto/ModalTransitionGuardWithResetUsingPreemptiveTransition3.xml (RunModel)" time="0.032" />
  <testcase classname="ptolemy.util.test.junit.AutoTests" name="[97] /home/travis/build/icyphy/ptII/ptolemy/domains/continuous/test/auto/NewtonsCradle.xml (RunModel)" time="0.755" />
  <testcase classname="ptolemy.util.test.junit.AutoTests" name="[98] /home/travis/build/icyphy/ptII/ptolemy/domains/continuous/test/auto/NewtonsCradleAnimated.xml (RunModel)" time="1.359" />
  <testcase classname="ptolemy.util.test.junit.AutoTests" name="[99] /home/travis/build/icyphy/ptII/ptolemy/domains/continuous/test/auto/NewtonsCradleComplicated.xml (RunModel)" time="1.006" />
  <testcase classname="ptolemy.util.test.junit.AutoTests" name="[100] /home/travis/build/icyphy/ptII/ptolemy/domains/continuous/test/auto/NewtonsCradleNondeterministic.xml (RunModel)" time="0.8" />
  <testcase classname="ptolemy.util.test.junit.AutoTests" name="[101] /home/travis/build/icyphy/ptII/ptolemy/domains/continuous/test/auto/NewtonsCradlePerfectlyInelastic1.xml (RunModel)" time="1.296" />
  <testcase classname="ptolemy.util.test.junit.AutoTests" name="[102] /home/travis/build/icyphy/ptII/ptolemy/domains/continuous/test/auto/Noise.xml (RunModel)" time="0.176" />
  <testcase classname="ptolemy.util.test.junit.AutoTests" name="[103] /home/travis/build/icyphy/ptII/ptolemy/domains/continuous/test/auto/NoiseSpectrum.xml (RunModel)" time="0.712" />
  <testcase classname="ptolemy.util.test.junit.AutoTests" name="[104] /home/travis/build/icyphy/ptII/ptolemy/domains/continuous/test/auto/ParameterizedNewtonsCradleAnimated.xml (RunModel)" time="0.354" />
  <testcase classname="ptolemy.util.test.junit.AutoTests" name="[105] /home/travis/build/icyphy/ptII/ptolemy/domains/continuous/test/auto/ParameterizedNewtonsCradleAnimatedNondeterministic.xml (RunModel)" time="1.211" />
  <testcase classname="ptolemy.util.test.junit.AutoTests" name="[106] /home/travis/build/icyphy/ptII/ptolemy/domains/continuous/test/auto/Pendulum3D.xml (RunModel)" time="0.188" />
  <testcase classname="ptolemy.util.test.junit.AutoTests" name="[107] /home/travis/build/icyphy/ptII/ptolemy/domains/continuous/test/auto/PeriodicSampler.xml (RunModel)" time="0.014" />
  <testcase classname="ptolemy.util.test.junit.AutoTests" name="[108] /home/travis/build/icyphy/ptII/ptolemy/domains/continuous/test/auto/PeriodicSampler1.xml (RunModel)" time="0.049" />
  <testcase classname="ptolemy.util.test.junit.AutoTests" name="[109] /home/travis/build/icyphy/ptII/ptolemy/domains/continuous/test/auto/PeriodicSampler2.xml (RunModel)" time="0.102" />
  <testcase classname="ptolemy.util.test.junit.AutoTests" name="[110] /home/travis/build/icyphy/ptII/ptolemy/domains/continuous/test/auto/Poisson.xml (RunModel)" time="0.462" />
  <testcase classname="ptolemy.util.test.junit.AutoTests" name="[111] /home/travis/build/icyphy/ptII/ptolemy/domains/continuous/test/auto/PoissonClock.xml (RunModel)" time="0.011" />
  <testcase classname="ptolemy.util.test.junit.AutoTests" name="[112] /home/travis/build/icyphy/ptII/ptolemy/domains/continuous/test/auto/PoissonClock2.xml (RunModel)" time="0.012" />
  <testcase classname="ptolemy.util.test.junit.AutoTests" name="[113] /home/travis/build/icyphy/ptII/ptolemy/domains/continuous/test/auto/PortParameterHierarchy.xml (RunModel)" time="0.029" />
  <testcase classname="ptolemy.util.test.junit.AutoTests" name="[114] /home/travis/build/icyphy/ptII/ptolemy/domains/continuous/test/auto/RandomHybridPlant.xml (RunModel)" time="0.556" />
  <testcase classname="ptolemy.util.test.junit.AutoTests" name="[115] /home/travis/build/icyphy/ptII/ptolemy/domains/continuous/test/auto/ResetTransitionWithStartTime1.xml (RunModel)" time="0.028" />
  <testcase classname="ptolemy.util.test.junit.AutoTests" name="[116] /home/travis/build/icyphy/ptII/ptolemy/domains/continuous/test/auto/ResetTransitionWithStartTime2.xml (RunModel)" time="0.034" />
  <testcase classname="ptolemy.util.test.junit.AutoTests" name="[117] /home/travis/build/icyphy/ptII/ptolemy/domains/continuous/test/auto/ResetTransitionWithStartTime3.xml (RunModel)" time="0.039" />
  <testcase classname="ptolemy.util.test.junit.AutoTests" name="[118] /home/travis/build/icyphy/ptII/ptolemy/domains/continuous/test/auto/ResetTransitionWithStartTime4.xml (RunModel)" time="0.026" />
  <testcase classname="ptolemy.util.test.junit.AutoTests" name="[119] /home/travis/build/icyphy/ptII/ptolemy/domains/continuous/test/auto/ResetTransitionWithStartTime5.xml (RunModel)" time="0.034" />
  <testcase classname="ptolemy.util.test.junit.AutoTests" name="[120] /home/travis/build/icyphy/ptII/ptolemy/domains/continuous/test/auto/ResetTransitionWithStartTime6.xml (RunModel)" time="0.024" />
  <testcase classname="ptolemy.util.test.junit.AutoTests" name="[121] /home/travis/build/icyphy/ptII/ptolemy/domains/continuous/test/auto/SRinContinuous.xml (RunModel)" time="0.028" />
  <testcase classname="ptolemy.util.test.junit.AutoTests" name="[122] /home/travis/build/icyphy/ptII/ptolemy/domains/continuous/test/auto/SampledClocks.xml (RunModel)" time="0.029" />
  <testcase classname="ptolemy.util.test.junit.AutoTests" name="[123] /home/travis/build/icyphy/ptII/ptolemy/domains/continuous/test/auto/Satellite.xml (RunModel)" time="0.796" />
  <testcase classname="ptolemy.util.test.junit.AutoTests" name="[124] /home/travis/build/icyphy/ptII/ptolemy/domains/continuous/test/auto/SigmaDelta.xml (RunModel)" time="2.159" />
  <testcase classname="ptolemy.util.test.junit.AutoTests" name="[125] /home/travis/build/icyphy/ptII/ptolemy/domains/continuous/test/auto/SingleRefinement.xml (RunModel)" time="0.41" />
  <testcase classname="ptolemy.util.test.junit.AutoTests" name="[126] /home/travis/build/icyphy/ptII/ptolemy/domains/continuous/test/auto/SinuBouncingBall.xml (RunModel)" time="0.827" />
  <testcase classname="ptolemy.util.test.junit.AutoTests" name="[127] /home/travis/build/icyphy/ptII/ptolemy/domains/continuous/test/auto/Sinusoid.xml (RunModel)" time="0.01" />
  <testcase classname="ptolemy.util.test.junit.AutoTests" name="[128] /home/travis/build/icyphy/ptII/ptolemy/domains/continuous/test/auto/SinusoidInNoise.xml (RunModel)" time="0.775" />
  <testcase classname="ptolemy.util.test.junit.AutoTests" name="[129] /home/travis/build/icyphy/ptII/ptolemy/domains/continuous/test/auto/SinusoidRK45.xml (RunModel)" time="0.013" />
  <testcase classname="ptolemy.util.test.junit.AutoTests" name="[130] /home/travis/build/icyphy/ptII/ptolemy/domains/continuous/test/auto/SinusoidWithMultipleImpulses.xml (RunModel)" time="0.011" />
  <testcase classname="ptolemy.util.test.junit.AutoTests" name="[131] /home/travis/build/icyphy/ptII/ptolemy/domains/continuous/test/auto/SquareWave.xml (RunModel)" time="0.171" />
  <testcase classname="ptolemy.util.test.junit.AutoTests" name="[132] /home/travis/build/icyphy/ptII/ptolemy/domains/continuous/test/auto/Starmac.xml (RunModel)" time="3.482" />
  <testcase classname="ptolemy.util.test.junit.AutoTests" name="[133] /home/travis/build/icyphy/ptII/ptolemy/domains/continuous/test/auto/StaticUnits.xml (RunModel)" time="2.245" />
  <testcase classname="ptolemy.util.test.junit.AutoTests" name="[134] /home/travis/build/icyphy/ptII/ptolemy/domains/continuous/test/auto/StickyMasses.xml (RunModel)" time="0.179" />
  <testcase classname="ptolemy.util.test.junit.AutoTests" name="[135] /home/travis/build/icyphy/ptII/ptolemy/domains/continuous/test/auto/StopTime.xml (RunModel)" time="0.058" />
  <testcase classname="ptolemy.util.test.junit.AutoTests" name="[136] /home/travis/build/icyphy/ptII/ptolemy/domains/continuous/test/auto/StopTime2.xml (RunModel)" time="0.05" />
  <testcase classname="ptolemy.util.test.junit.AutoTests" name="[137] /home/travis/build/icyphy/ptII/ptolemy/domains/continuous/test/auto/Switch.xml (RunModel)" time="0.059" />
  <testcase classname="ptolemy.util.test.junit.AutoTests" name="[138] /home/travis/build/icyphy/ptII/ptolemy/domains/continuous/test/auto/Thermostat.xml (RunModel)" time="0.221" />
  <testcase classname="ptolemy.util.test.junit.AutoTests" name="[139] /home/travis/build/icyphy/ptII/ptolemy/domains/continuous/test/auto/TimeDelay.xml (RunModel)" time="0.015" />
  <testcase classname="ptolemy.util.test.junit.AutoTests" name="[140] /home/travis/build/icyphy/ptII/ptolemy/domains/continuous/test/auto/TimeDelay2.xml (RunModel)" time="0.027" />
  <testcase classname="ptolemy.util.test.junit.AutoTests" name="[141] /home/travis/build/icyphy/ptII/ptolemy/domains/continuous/test/auto/TimeDelay3.xml (RunModel)" time="0.011" />
  <testcase classname="ptolemy.util.test.junit.AutoTests" name="[142] /home/travis/build/icyphy/ptII/ptolemy/domains/continuous/test/auto/TransferAbsentToInside.xml (RunModel)" time="0.113" />
  <testcase classname="ptolemy.util.test.junit.AutoTests" name="[143] /home/travis/build/icyphy/ptII/ptolemy/domains/continuous/test/auto/Transmission.xml (RunModel)" time="0.82" />
  <testcase classname="ptolemy.util.test.junit.AutoTests" name="[144] /home/travis/build/icyphy/ptII/ptolemy/domains/continuous/test/auto/TriggeredContinuousClock.xml (RunModel)" time="0.076" />
  <testcase classname="ptolemy.util.test.junit.AutoTests" name="[145] /home/travis/build/icyphy/ptII/ptolemy/domains/continuous/test/auto/TwoMachineInfiniteBusControl.xml (RunModel)" time="2.802" />
  <testcase classname="ptolemy.util.test.junit.AutoTests" name="[146] /home/travis/build/icyphy/ptII/ptolemy/domains/continuous/test/auto/V2V.xml (RunModel)" time="0.866" />
  <testcase classname="ptolemy.util.test.junit.AutoTests" name="[147] /home/travis/build/icyphy/ptII/ptolemy/domains/continuous/test/auto/hierarchicalModalModel.xml (RunModel)" time="0.031" />
  <testcase classname="ptolemy.util.test.junit.AutoTests" name="[148] /home/travis/build/icyphy/ptII/ptolemy/domains/continuous/test/auto/hierarchicalModalModel1.xml (RunModel)" time="0.031" />
  <testcase classname="ptolemy.util.test.junit.AutoTests" name="[149] /home/travis/build/icyphy/ptII/ptolemy/domains/continuous/test/auto/hierarchicalModalModel2.xml (RunModel)" time="0.031" />
  <testcase classname="ptolemy.util.test.junit.AutoTests" name="[150] /home/travis/build/icyphy/ptII/ptolemy/domains/continuous/test/auto/hierarchicalModalModel3.xml (RunModel)" time="0.029" />
  <testcase classname="ptolemy.util.test.junit.AutoTests" name="[151] /home/travis/build/icyphy/ptII/ptolemy/domains/continuous/test/auto/hierarchicalModalModel4.xml (RunModel)" time="0.025" />
  <testcase classname="ptolemy.util.test.junit.AutoTests" name="[152] /home/travis/build/icyphy/ptII/ptolemy/domains/continuous/test/auto/junk.xml (RunModel)" time="0.129" />
  <system-out><![CDATA[No tcl tests in /home/travis/build/icyphy/ptII/ptolemy/domains/continuous/test
No auto/knownFailedTests/*.xml tests in /home/travis/build/icyphy/ptII/ptolemy/domains/continuous/test
No auto/linux-amd64/*.xml tests in /home/travis/build/icyphy/ptII/ptolemy/domains/continuous/test
AutoTests.java: About to close Vertx.
AutoTests.java: Vertx closed.

===========================================================================================
----------------- testing Mon Feb 17 23:31:20 UTC 2020 /home/travis/build/icyphy/ptII/ptolemy/domains/continuous/test/auto/BouncingBall.xml
----------------- Instantiating /home/travis/build/icyphy/ptII/ptolemy/domains/continuous/test/auto/BouncingBall.xml
2408 ms. Memory: 202752K Free: 188027K (93%)
----------------- Invoking toplevel() on ptolemy.moml.MoMLSimpleApplication@5a20bfcf
----------------- Done invoking toplevel() on ptolemy.moml.MoMLSimpleApplication@5a20bfcf
reloadAllAccessors: .BouncingBall

===========================================================================================
----------------- testing Mon Feb 17 23:31:23 UTC 2020 /home/travis/build/icyphy/ptII/ptolemy/domains/continuous/test/auto/BouncingBallWithoutGR.xml
----------------- Instantiating /home/travis/build/icyphy/ptII/ptolemy/domains/continuous/test/auto/BouncingBallWithoutGR.xml
783 ms. Memory: 202752K Free: 127444K (63%)
----------------- Invoking toplevel() on ptolemy.moml.MoMLSimpleApplication@12cd1870
----------------- Done invoking toplevel() on ptolemy.moml.MoMLSimpleApplication@12cd1870
reloadAllAccessors: .BouncingBallWithoutGR

===========================================================================================
----------------- testing Mon Feb 17 23:31:24 UTC 2020 /home/travis/build/icyphy/ptII/ptolemy/domains/continuous/test/auto/Brownian.xml
----------------- Instantiating /home/travis/build/icyphy/ptII/ptolemy/domains/continuous/test/auto/Brownian.xml
19 ms. Memory: 202752K Free: 118738K (59%)
----------------- Invoking toplevel() on ptolemy.moml.MoMLSimpleApplication@6b59a65e
----------------- Done invoking toplevel() on ptolemy.moml.MoMLSimpleApplication@6b59a65e
reloadAllAccessors: .Brownian

===========================================================================================
----------------- testing Mon Feb 17 23:31:24 UTC 2020 /home/travis/build/icyphy/ptII/ptolemy/domains/continuous/test/auto/CarTracking.xml
----------------- Instantiating /home/travis/build/icyphy/ptII/ptolemy/domains/continuous/test/auto/CarTracking.xml
3448 ms. Memory: 243712K Free: 190864K (78%)
----------------- Invoking toplevel() on ptolemy.moml.MoMLSimpleApplication@2c12cd24
----------------- Done invoking toplevel() on ptolemy.moml.MoMLSimpleApplication@2c12cd24
reloadAllAccessors: .CarTracking

===========================================================================================
----------------- testing Mon Feb 17 23:31:28 UTC 2020 /home/travis/build/icyphy/ptII/ptolemy/domains/continuous/test/auto/CartPendulum.xml
----------------- Instantiating /home/travis/build/icyphy/ptII/ptolemy/domains/continuous/test/auto/CartPendulum.xml
411 ms. Memory: 243712K Free: 100256K (41%)
----------------- Invoking toplevel() on ptolemy.moml.MoMLSimpleApplication@7de9958
----------------- Done invoking toplevel() on ptolemy.moml.MoMLSimpleApplication@7de9958
reloadAllAccessors: .CartPendulum

===========================================================================================
----------------- testing Mon Feb 17 23:31:29 UTC 2020 /home/travis/build/icyphy/ptII/ptolemy/domains/continuous/test/auto/CausalityInterface10.xml
----------------- Instantiating /home/travis/build/icyphy/ptII/ptolemy/domains/continuous/test/auto/CausalityInterface10.xml
16 ms. Memory: 243712K Free: 90016K (37%)
----------------- Invoking toplevel() on ptolemy.moml.MoMLSimpleApplication@32238f7f
----------------- Done invoking toplevel() on ptolemy.moml.MoMLSimpleApplication@32238f7f
reloadAllAccessors: .CausalityInterface10

===========================================================================================
----------------- testing Mon Feb 17 23:31:29 UTC 2020 /home/travis/build/icyphy/ptII/ptolemy/domains/continuous/test/auto/CausalityInterface11.xml
----------------- Instantiating /home/travis/build/icyphy/ptII/ptolemy/domains/continuous/test/auto/CausalityInterface11.xml
5 ms. Memory: 243712K Free: 227086K (93%)
----------------- Invoking toplevel() on ptolemy.moml.MoMLSimpleApplication@53612085
----------------- Done invoking toplevel() on ptolemy.moml.MoMLSimpleApplication@53612085
reloadAllAccessors: .CausalityInterface11

===========================================================================================
----------------- testing Mon Feb 17 23:31:29 UTC 2020 /home/travis/build/icyphy/ptII/ptolemy/domains/continuous/test/auto/CausalityInterface12.xml
----------------- Instantiating /home/travis/build/icyphy/ptII/ptolemy/domains/continuous/test/auto/CausalityInterface12.xml
2 ms. Memory: 243712K Free: 220438K (90%)
----------------- Invoking toplevel() on ptolemy.moml.MoMLSimpleApplication@686a6dd1
----------------- Done invoking toplevel() on ptolemy.moml.MoMLSimpleApplication@686a6dd1
reloadAllAccessors: .CausalityInterface12

===========================================================================================
----------------- testing Mon Feb 17 23:31:29 UTC 2020 /home/travis/build/icyphy/ptII/ptolemy/domains/continuous/test/auto/CausalityInterface13.xml
----------------- Instantiating /home/travis/build/icyphy/ptII/ptolemy/domains/continuous/test/auto/CausalityInterface13.xml
4 ms. Memory: 243712K Free: 214294K (88%)
----------------- Invoking toplevel() on ptolemy.moml.MoMLSimpleApplication@593e0732
----------------- Done invoking toplevel() on ptolemy.moml.MoMLSimpleApplication@593e0732
reloadAllAccessors: .CausalityInterface13

===========================================================================================
----------------- testing Mon Feb 17 23:31:29 UTC 2020 /home/travis/build/icyphy/ptII/ptolemy/domains/continuous/test/auto/CausalityInterface14.xml
----------------- Instantiating /home/travis/build/icyphy/ptII/ptolemy/domains/continuous/test/auto/CausalityInterface14.xml
3 ms. Memory: 243712K Free: 208646K (86%)
----------------- Invoking toplevel() on ptolemy.moml.MoMLSimpleApplication@1b2db824
----------------- Done invoking toplevel() on ptolemy.moml.MoMLSimpleApplication@1b2db824
reloadAllAccessors: .CausalityInterface14

===========================================================================================
----------------- testing Mon Feb 17 23:31:29 UTC 2020 /home/travis/build/icyphy/ptII/ptolemy/domains/continuous/test/auto/CausalityInterface4.xml
----------------- Instantiating /home/travis/build/icyphy/ptII/ptolemy/domains/continuous/test/auto/CausalityInterface4.xml
7 ms. Memory: 243712K Free: 201478K (83%)
----------------- Invoking toplevel() on ptolemy.moml.MoMLSimpleApplication@7b48cea7
----------------- Done invoking toplevel() on ptolemy.moml.MoMLSimpleApplication@7b48cea7
reloadAllAccessors: .CausalityInterface4

===========================================================================================
----------------- testing Mon Feb 17 23:31:29 UTC 2020 /home/travis/build/icyphy/ptII/ptolemy/domains/continuous/test/auto/CausalityInterface5.xml
----------------- Instantiating /home/travis/build/icyphy/ptII/ptolemy/domains/continuous/test/auto/CausalityInterface5.xml
5 ms. Memory: 243712K Free: 193814K (80%)
----------------- Invoking toplevel() on ptolemy.moml.MoMLSimpleApplication@4741bfa3
----------------- Done invoking toplevel() on ptolemy.moml.MoMLSimpleApplication@4741bfa3
reloadAllAccessors: .CausalityInterface5

===========================================================================================
----------------- testing Mon Feb 17 23:31:29 UTC 2020 /home/travis/build/icyphy/ptII/ptolemy/domains/continuous/test/auto/CausalityInterface6.xml
----------------- Instantiating /home/travis/build/icyphy/ptII/ptolemy/domains/continuous/test/auto/CausalityInterface6.xml
6 ms. Memory: 243712K Free: 188166K (77%)
----------------- Invoking toplevel() on ptolemy.moml.MoMLSimpleApplication@72799cdf
----------------- Done invoking toplevel() on ptolemy.moml.MoMLSimpleApplication@72799cdf
reloadAllAccessors: .CausalityInterface6

===========================================================================================
----------------- testing Mon Feb 17 23:31:29 UTC 2020 /home/travis/build/icyphy/ptII/ptolemy/domains/continuous/test/auto/CausalityInterface7.xml
----------------- Instantiating /home/travis/build/icyphy/ptII/ptolemy/domains/continuous/test/auto/CausalityInterface7.xml
7 ms. Memory: 243712K Free: 179478K (74%)
----------------- Invoking toplevel() on ptolemy.moml.MoMLSimpleApplication@310529f6
----------------- Done invoking toplevel() on ptolemy.moml.MoMLSimpleApplication@310529f6
reloadAllAccessors: .CausalityInterface7

===========================================================================================
----------------- testing Mon Feb 17 23:31:29 UTC 2020 /home/travis/build/icyphy/ptII/ptolemy/domains/continuous/test/auto/CausalityInterface8.xml
----------------- Instantiating /home/travis/build/icyphy/ptII/ptolemy/domains/continuous/test/auto/CausalityInterface8.xml
7 ms. Memory: 243712K Free: 170262K (70%)
----------------- Invoking toplevel() on ptolemy.moml.MoMLSimpleApplication@2d227131
----------------- Done invoking toplevel() on ptolemy.moml.MoMLSimpleApplication@2d227131
reloadAllAccessors: .CausalityInterface8

===========================================================================================
----------------- testing Mon Feb 17 23:31:29 UTC 2020 /home/travis/build/icyphy/ptII/ptolemy/domains/continuous/test/auto/CausalityInterface9.xml
----------------- Instantiating /home/travis/build/icyphy/ptII/ptolemy/domains/continuous/test/auto/CausalityInterface9.xml
7 ms. Memory: 243712K Free: 159508K (65%)
----------------- Invoking toplevel() on ptolemy.moml.MoMLSimpleApplication@499ce811
----------------- Done invoking toplevel() on ptolemy.moml.MoMLSimpleApplication@499ce811
reloadAllAccessors: .CausalityInterface9

===========================================================================================
----------------- testing Mon Feb 17 23:31:29 UTC 2020 /home/travis/build/icyphy/ptII/ptolemy/domains/continuous/test/auto/CausalityInterfaceFeedback1.xml
----------------- Instantiating /home/travis/build/icyphy/ptII/ptolemy/domains/continuous/test/auto/CausalityInterfaceFeedback1.xml
7 ms. Memory: 243712K Free: 152854K (63%)
----------------- Invoking toplevel() on ptolemy.moml.MoMLSimpleApplication@6ab4032d
----------------- Done invoking toplevel() on ptolemy.moml.MoMLSimpleApplication@6ab4032d
reloadAllAccessors: .CausalityInterfaceFeedback1

===========================================================================================
----------------- testing Mon Feb 17 23:31:29 UTC 2020 /home/travis/build/icyphy/ptII/ptolemy/domains/continuous/test/auto/CausalityInterfaceFeedback2.xml
----------------- Instantiating /home/travis/build/icyphy/ptII/ptolemy/domains/continuous/test/auto/CausalityInterfaceFeedback2.xml
7 ms. Memory: 243712K Free: 146196K (60%)
----------------- Invoking toplevel() on ptolemy.moml.MoMLSimpleApplication@9be7420
----------------- Done invoking toplevel() on ptolemy.moml.MoMLSimpleApplication@9be7420
reloadAllAccessors: .CausalityInterfaceFeedback2

===========================================================================================
----------------- testing Mon Feb 17 23:31:29 UTC 2020 /home/travis/build/icyphy/ptII/ptolemy/domains/continuous/test/auto/CompareWithCurrentTime.xml
----------------- Instantiating /home/travis/build/icyphy/ptII/ptolemy/domains/continuous/test/auto/CompareWithCurrentTime.xml
4 ms. Memory: 243712K Free: 142100K (58%)
----------------- Invoking toplevel() on ptolemy.moml.MoMLSimpleApplication@55d9e9c4
----------------- Done invoking toplevel() on ptolemy.moml.MoMLSimpleApplication@55d9e9c4
reloadAllAccessors: .CompareWithCurrentTime

===========================================================================================
----------------- testing Mon Feb 17 23:31:29 UTC 2020 /home/travis/build/icyphy/ptII/ptolemy/domains/continuous/test/auto/ComparedClocks.xml
----------------- Instantiating /home/travis/build/icyphy/ptII/ptolemy/domains/continuous/test/auto/ComparedClocks.xml
9 ms. Memory: 243712K Free: 126726K (52%)
----------------- Invoking toplevel() on ptolemy.moml.MoMLSimpleApplication@5f3a20d8
----------------- Done invoking toplevel() on ptolemy.moml.MoMLSimpleApplication@5f3a20d8
reloadAllAccessors: .ComparedClocks

===========================================================================================
----------------- testing Mon Feb 17 23:31:30 UTC 2020 /home/travis/build/icyphy/ptII/ptolemy/domains/continuous/test/auto/ContinuousAOCClone.xml
----------------- Instantiating /home/travis/build/icyphy/ptII/ptolemy/domains/continuous/test/auto/ContinuousAOCClone.xml
2504 ms. Memory: 292864K Free: 133724K (46%)
----------------- Invoking toplevel() on ptolemy.moml.MoMLSimpleApplication@189e01bf
----------------- Done invoking toplevel() on ptolemy.moml.MoMLSimpleApplication@189e01bf
reloadAllAccessors: .ContinuousAOCClone

===========================================================================================
----------------- testing Mon Feb 17 23:31:32 UTC 2020 /home/travis/build/icyphy/ptII/ptolemy/domains/continuous/test/auto/ContinuousClock.xml
----------------- Instantiating /home/travis/build/icyphy/ptII/ptolemy/domains/continuous/test/auto/ContinuousClock.xml
30 ms. Memory: 292864K Free: 111706K (38%)
----------------- Invoking toplevel() on ptolemy.moml.MoMLSimpleApplication@4702bea9
----------------- Done invoking toplevel() on ptolemy.moml.MoMLSimpleApplication@4702bea9
reloadAllAccessors: .ContinuousClock

===========================================================================================
----------------- testing Mon Feb 17 23:31:32 UTC 2020 /home/travis/build/icyphy/ptII/ptolemy/domains/continuous/test/auto/ContinuousInContinuous.xml
----------------- Instantiating /home/travis/build/icyphy/ptII/ptolemy/domains/continuous/test/auto/ContinuousInContinuous.xml
40 ms. Memory: 292864K Free: 261667K (89%)
----------------- Invoking toplevel() on ptolemy.moml.MoMLSimpleApplication@52a1831f
----------------- Done invoking toplevel() on ptolemy.moml.MoMLSimpleApplication@52a1831f
reloadAllAccessors: .ContinuousInContinuous

===========================================================================================
----------------- testing Mon Feb 17 23:31:32 UTC 2020 /home/travis/build/icyphy/ptII/ptolemy/domains/continuous/test/auto/ContinuousInContinuousInContinuous.xml
----------------- Instantiating /home/travis/build/icyphy/ptII/ptolemy/domains/continuous/test/auto/ContinuousInContinuousInContinuous.xml
6 ms. Memory: 292864K Free: 254004K (87%)
----------------- Invoking toplevel() on ptolemy.moml.MoMLSimpleApplication@9d8106a
----------------- Done invoking toplevel() on ptolemy.moml.MoMLSimpleApplication@9d8106a
reloadAllAccessors: .ContinuousInContinuousInContinuous

===========================================================================================
----------------- testing Mon Feb 17 23:31:32 UTC 2020 /home/travis/build/icyphy/ptII/ptolemy/domains/continuous/test/auto/ContinuousInDE.xml
----------------- Instantiating /home/travis/build/icyphy/ptII/ptolemy/domains/continuous/test/auto/ContinuousInDE.xml
56 ms. Memory: 292864K Free: 243250K (83%)
----------------- Invoking toplevel() on ptolemy.moml.MoMLSimpleApplication@55beb659
----------------- Done invoking toplevel() on ptolemy.moml.MoMLSimpleApplication@55beb659
reloadAllAccessors: .ContinuousInDE

===========================================================================================
----------------- testing Mon Feb 17 23:31:33 UTC 2020 /home/travis/build/icyphy/ptII/ptolemy/domains/continuous/test/auto/ContinuousInDE2.xml
----------------- Instantiating /home/travis/build/icyphy/ptII/ptolemy/domains/continuous/test/auto/ContinuousInDE2.xml
43 ms. Memory: 292864K Free: 233524K (80%)
----------------- Invoking toplevel() on ptolemy.moml.MoMLSimpleApplication@54b09a33
----------------- Done invoking toplevel() on ptolemy.moml.MoMLSimpleApplication@54b09a33
reloadAllAccessors: .ContinuousInDE2

===========================================================================================
----------------- testing Mon Feb 17 23:31:33 UTC 2020 /home/travis/build/icyphy/ptII/ptolemy/domains/continuous/test/auto/ContinuousInDE3.xml
----------------- Instantiating /home/travis/build/icyphy/ptII/ptolemy/domains/continuous/test/auto/ContinuousInDE3.xml
29 ms. Memory: 292864K Free: 223794K (76%)
----------------- Invoking toplevel() on ptolemy.moml.MoMLSimpleApplication@26c4d5c3
----------------- Done invoking toplevel() on ptolemy.moml.MoMLSimpleApplication@26c4d5c3
reloadAllAccessors: .ContinuousInDE3

===========================================================================================
----------------- testing Mon Feb 17 23:31:33 UTC 2020 /home/travis/build/icyphy/ptII/ptolemy/domains/continuous/test/auto/ContinuousInDE4.xml
----------------- Instantiating /home/travis/build/icyphy/ptII/ptolemy/domains/continuous/test/auto/ContinuousInDE4.xml
13 ms. Memory: 292864K Free: 217650K (74%)
----------------- Invoking toplevel() on ptolemy.moml.MoMLSimpleApplication@5e8a0bf5
----------------- Done invoking toplevel() on ptolemy.moml.MoMLSimpleApplication@5e8a0bf5
reloadAllAccessors: .ContinuousInDE4

===========================================================================================
----------------- testing Mon Feb 17 23:31:33 UTC 2020 /home/travis/build/icyphy/ptII/ptolemy/domains/continuous/test/auto/ContinuousInDEDifferentRefinements.xml
----------------- Instantiating /home/travis/build/icyphy/ptII/ptolemy/domains/continuous/test/auto/ContinuousInDEDifferentRefinements.xml
42 ms. Memory: 292864K Free: 186899K (64%)
----------------- Invoking toplevel() on ptolemy.moml.MoMLSimpleApplication@53bc7501
----------------- Done invoking toplevel() on ptolemy.moml.MoMLSimpleApplication@53bc7501
reloadAllAccessors: .ContinuousInDEDifferentRefinements

===========================================================================================
----------------- testing Mon Feb 17 23:31:33 UTC 2020 /home/travis/build/icyphy/ptII/ptolemy/domains/continuous/test/auto/ContinuousInDEDifferentRefinementsPreemptive.xml
----------------- Instantiating /home/travis/build/icyphy/ptII/ptolemy/domains/continuous/test/auto/ContinuousInDEDifferentRefinementsPreemptive.xml
53 ms. Memory: 292864K Free: 156179K (53%)
----------------- Invoking toplevel() on ptolemy.moml.MoMLSimpleApplication@6b986c79
----------------- Done invoking toplevel() on ptolemy.moml.MoMLSimpleApplication@6b986c79
reloadAllAccessors: .ContinuousInDEDifferentRefinementsPreemptive

===========================================================================================
----------------- testing Mon Feb 17 23:31:33 UTC 2020 /home/travis/build/icyphy/ptII/ptolemy/domains/continuous/test/auto/ContinuousInDEInContinuous2.xml
----------------- Instantiating /home/travis/build/icyphy/ptII/ptolemy/domains/continuous/test/auto/ContinuousInDEInContinuous2.xml
40 ms. Memory: 292864K Free: 144946K (49%)
----------------- Invoking toplevel() on ptolemy.moml.MoMLSimpleApplication@18727b1c
----------------- Done invoking toplevel() on ptolemy.moml.MoMLSimpleApplication@18727b1c
reloadAllAccessors: .ContinuousInDEInContinuous2

===========================================================================================
----------------- testing Mon Feb 17 23:31:33 UTC 2020 /home/travis/build/icyphy/ptII/ptolemy/domains/continuous/test/auto/ContinuousInDEInContinuous3.xml
----------------- Instantiating /home/travis/build/icyphy/ptII/ptolemy/domains/continuous/test/auto/ContinuousInDEInContinuous3.xml
35 ms. Memory: 292864K Free: 132658K (45%)
----------------- Invoking toplevel() on ptolemy.moml.MoMLSimpleApplication@621bdc0c
----------------- Done invoking toplevel() on ptolemy.moml.MoMLSimpleApplication@621bdc0c
reloadAllAccessors: .ContinuousInDEInContinuous3

===========================================================================================
----------------- testing Mon Feb 17 23:31:33 UTC 2020 /home/travis/build/icyphy/ptII/ptolemy/domains/continuous/test/auto/ContinuousInDEInput.xml
----------------- Instantiating /home/travis/build/icyphy/ptII/ptolemy/domains/continuous/test/auto/ContinuousInDEInput.xml
11 ms. Memory: 292864K Free: 125490K (43%)
----------------- Invoking toplevel() on ptolemy.moml.MoMLSimpleApplication@79b36e2d
----------------- Done invoking toplevel() on ptolemy.moml.MoMLSimpleApplication@79b36e2d
reloadAllAccessors: .ContinuousInDEInput

===========================================================================================
----------------- testing Mon Feb 17 23:31:33 UTC 2020 /home/travis/build/icyphy/ptII/ptolemy/domains/continuous/test/auto/ContinuousInDEInput2.xml
----------------- Instantiating /home/travis/build/icyphy/ptII/ptolemy/domains/continuous/test/auto/ContinuousInDEInput2.xml
11 ms. Memory: 292864K Free: 118322K (40%)
----------------- Invoking toplevel() on ptolemy.moml.MoMLSimpleApplication@95288e8
----------------- Done invoking toplevel() on ptolemy.moml.MoMLSimpleApplication@95288e8
reloadAllAccessors: .ContinuousInDEInput2

===========================================================================================
----------------- testing Mon Feb 17 23:31:33 UTC 2020 /home/travis/build/icyphy/ptII/ptolemy/domains/continuous/test/auto/ContinuousInDEInput3.xml
----------------- Instantiating /home/travis/build/icyphy/ptII/ptolemy/domains/continuous/test/auto/ContinuousInDEInput3.xml
11 ms. Memory: 292864K Free: 111154K (38%)
----------------- Invoking toplevel() on ptolemy.moml.MoMLSimpleApplication@615f8a4d
----------------- Done invoking toplevel() on ptolemy.moml.MoMLSimpleApplication@615f8a4d
reloadAllAccessors: .ContinuousInDEInput3

===========================================================================================
----------------- testing Mon Feb 17 23:31:33 UTC 2020 /home/travis/build/icyphy/ptII/ptolemy/domains/continuous/test/auto/ContinuousInDESharingRefinement.xml
----------------- Instantiating /home/travis/build/icyphy/ptII/ptolemy/domains/continuous/test/auto/ContinuousInDESharingRefinement.xml
136 ms. Memory: 292864K Free: 190993K (65%)
----------------- Invoking toplevel() on ptolemy.moml.MoMLSimpleApplication@88e2bc
----------------- Done invoking toplevel() on ptolemy.moml.MoMLSimpleApplication@88e2bc
reloadAllAccessors: .ContinuousInDESharingRefinement

===========================================================================================
----------------- testing Mon Feb 17 23:31:33 UTC 2020 /home/travis/build/icyphy/ptII/ptolemy/domains/continuous/test/auto/ContinuousInDEwithNoPorts.xml
----------------- Instantiating /home/travis/build/icyphy/ptII/ptolemy/domains/continuous/test/auto/ContinuousInDEwithNoPorts.xml
7 ms. Memory: 292864K Free: 186894K (64%)
----------------- Invoking toplevel() on ptolemy.moml.MoMLSimpleApplication@4c50bb71
----------------- Done invoking toplevel() on ptolemy.moml.MoMLSimpleApplication@4c50bb71
reloadAllAccessors: .ContinuousInDEwithNoPorts

===========================================================================================
----------------- testing Mon Feb 17 23:31:33 UTC 2020 /home/travis/build/icyphy/ptII/ptolemy/domains/continuous/test/auto/ContinuousInsideDE.xml
----------------- Instantiating /home/travis/build/icyphy/ptII/ptolemy/domains/continuous/test/auto/ContinuousInsideDE.xml
28 ms. Memory: 292864K Free: 175153K (60%)
----------------- Invoking toplevel() on ptolemy.moml.MoMLSimpleApplication@37d3f9de
----------------- Done invoking toplevel() on ptolemy.moml.MoMLSimpleApplication@37d3f9de
reloadAllAccessors: .ContinuousInsideDE

===========================================================================================
----------------- testing Mon Feb 17 23:31:33 UTC 2020 /home/travis/build/icyphy/ptII/ptolemy/domains/continuous/test/auto/ContinuousMerge1.xml
----------------- Instantiating /home/travis/build/icyphy/ptII/ptolemy/domains/continuous/test/auto/ContinuousMerge1.xml
3 ms. Memory: 292864K Free: 171057K (58%)
----------------- Invoking toplevel() on ptolemy.moml.MoMLSimpleApplication@386c59f5
----------------- Done invoking toplevel() on ptolemy.moml.MoMLSimpleApplication@386c59f5
reloadAllAccessors: .ContinuousMerge1

===========================================================================================
----------------- testing Mon Feb 17 23:31:33 UTC 2020 /home/travis/build/icyphy/ptII/ptolemy/domains/continuous/test/auto/ContinuousMerge2.xml
----------------- Instantiating /home/travis/build/icyphy/ptII/ptolemy/domains/continuous/test/auto/ContinuousMerge2.xml
14 ms. Memory: 292864K Free: 160303K (55%)
----------------- Invoking toplevel() on ptolemy.moml.MoMLSimpleApplication@1ae11259
----------------- Done invoking toplevel() on ptolemy.moml.MoMLSimpleApplication@1ae11259
reloadAllAccessors: .ContinuousMerge2

===========================================================================================
----------------- testing Mon Feb 17 23:31:33 UTC 2020 /home/travis/build/icyphy/ptII/ptolemy/domains/continuous/test/auto/ContinuousMerge3.xml
----------------- Instantiating /home/travis/build/icyphy/ptII/ptolemy/domains/continuous/test/auto/ContinuousMerge3.xml
36 ms. Memory: 292864K Free: 150063K (51%)
----------------- Invoking toplevel() on ptolemy.moml.MoMLSimpleApplication@511e8b56
----------------- Done invoking toplevel() on ptolemy.moml.MoMLSimpleApplication@511e8b56
reloadAllAccessors: .ContinuousMerge3

===========================================================================================
----------------- testing Mon Feb 17 23:31:33 UTC 2020 /home/travis/build/icyphy/ptII/ptolemy/domains/continuous/test/auto/ContinuousWithinContinuous.xml
----------------- Instantiating /home/travis/build/icyphy/ptII/ptolemy/domains/continuous/test/auto/ContinuousWithinContinuous.xml
30 ms. Memory: 292864K Free: 140847K (48%)
----------------- Invoking toplevel() on ptolemy.moml.MoMLSimpleApplication@36db17fb
----------------- Done invoking toplevel() on ptolemy.moml.MoMLSimpleApplication@36db17fb
reloadAllAccessors: .ContinuousWithinContinuous

===========================================================================================
----------------- testing Mon Feb 17 23:31:34 UTC 2020 /home/travis/build/icyphy/ptII/ptolemy/domains/continuous/test/auto/ContinuousWithinContinuous2.xml
----------------- Instantiating /home/travis/build/icyphy/ptII/ptolemy/domains/continuous/test/auto/ContinuousWithinContinuous2.xml
58 ms. Memory: 292864K Free: 129583K (44%)
----------------- Invoking toplevel() on ptolemy.moml.MoMLSimpleApplication@783c711d
----------------- Done invoking toplevel() on ptolemy.moml.MoMLSimpleApplication@783c711d
reloadAllAccessors: .ContinuousWithinContinuous2

===========================================================================================
----------------- testing Mon Feb 17 23:31:34 UTC 2020 /home/travis/build/icyphy/ptII/ptolemy/domains/continuous/test/auto/ContinuousWithinContinuous3.xml
----------------- Instantiating /home/travis/build/icyphy/ptII/ptolemy/domains/continuous/test/auto/ContinuousWithinContinuous3.xml
11 ms. Memory: 292864K Free: 122415K (42%)
----------------- Invoking toplevel() on ptolemy.moml.MoMLSimpleApplication@70b47ee8
----------------- Done invoking toplevel() on ptolemy.moml.MoMLSimpleApplication@70b47ee8
reloadAllAccessors: .ContinuousWithinContinuous3

===========================================================================================
----------------- testing Mon Feb 17 23:31:34 UTC 2020 /home/travis/build/icyphy/ptII/ptolemy/domains/continuous/test/auto/ContinuousWithinContinuous4.xml
----------------- Instantiating /home/travis/build/icyphy/ptII/ptolemy/domains/continuous/test/auto/ContinuousWithinContinuous4.xml
55 ms. Memory: 292864K Free: 110127K (38%)
----------------- Invoking toplevel() on ptolemy.moml.MoMLSimpleApplication@45584e82
----------------- Done invoking toplevel() on ptolemy.moml.MoMLSimpleApplication@45584e82
reloadAllAccessors: .ContinuousWithinContinuous4

===========================================================================================
----------------- testing Mon Feb 17 23:31:34 UTC 2020 /home/travis/build/icyphy/ptII/ptolemy/domains/continuous/test/auto/ContinuousWithinContinuous5.xml
----------------- Instantiating /home/travis/build/icyphy/ptII/ptolemy/domains/continuous/test/auto/ContinuousWithinContinuous5.xml
15 ms. Memory: 292864K Free: 277150K (95%)
----------------- Invoking toplevel() on ptolemy.moml.MoMLSimpleApplication@4daa4ed7
----------------- Done invoking toplevel() on ptolemy.moml.MoMLSimpleApplication@4daa4ed7
reloadAllAccessors: .ContinuousWithinContinuous5

===========================================================================================
----------------- testing Mon Feb 17 23:31:34 UTC 2020 /home/travis/build/icyphy/ptII/ptolemy/domains/continuous/test/auto/ContinuousWithinContinuous6.xml
----------------- Instantiating /home/travis/build/icyphy/ptII/ptolemy/domains/continuous/test/auto/ContinuousWithinContinuous6.xml
9 ms. Memory: 292864K Free: 269502K (92%)
----------------- Invoking toplevel() on ptolemy.moml.MoMLSimpleApplication@6aacb630
----------------- Done invoking toplevel() on ptolemy.moml.MoMLSimpleApplication@6aacb630
reloadAllAccessors: .ContinuousWithinContinuous6

===========================================================================================
----------------- testing Mon Feb 17 23:31:34 UTC 2020 /home/travis/build/icyphy/ptII/ptolemy/domains/continuous/test/auto/ContinuousWithinContinuous7.xml
----------------- Instantiating /home/travis/build/icyphy/ptII/ptolemy/domains/continuous/test/auto/ContinuousWithinContinuous7.xml
47 ms. Memory: 292864K Free: 258748K (88%)
----------------- Invoking toplevel() on ptolemy.moml.MoMLSimpleApplication@824c1ce
----------------- Done invoking toplevel() on ptolemy.moml.MoMLSimpleApplication@824c1ce
reloadAllAccessors: .ContinuousWithinContinuous7

===========================================================================================
----------------- testing Mon Feb 17 23:31:34 UTC 2020 /home/travis/build/icyphy/ptII/ptolemy/domains/continuous/test/auto/DCMotor.xml
----------------- Instantiating /home/travis/build/icyphy/ptII/ptolemy/domains/continuous/test/auto/DCMotor.xml
12772 ms. Memory: 292864K Free: 149629K (51%)
----------------- Invoking toplevel() on ptolemy.moml.MoMLSimpleApplication@128d6e1a
----------------- Done invoking toplevel() on ptolemy.moml.MoMLSimpleApplication@128d6e1a
reloadAllAccessors: .DCMotor

===========================================================================================
----------------- testing Mon Feb 17 23:31:47 UTC 2020 /home/travis/build/icyphy/ptII/ptolemy/domains/continuous/test/auto/DEInContinuous.xml
----------------- Instantiating /home/travis/build/icyphy/ptII/ptolemy/domains/continuous/test/auto/DEInContinuous.xml
15 ms. Memory: 292864K Free: 142975K (49%)
----------------- Invoking toplevel() on ptolemy.moml.MoMLSimpleApplication@4234ef7a
----------------- Done invoking toplevel() on ptolemy.moml.MoMLSimpleApplication@4234ef7a
reloadAllAccessors: .DEInContinuous

===========================================================================================
----------------- testing Mon Feb 17 23:31:47 UTC 2020 /home/travis/build/icyphy/ptII/ptolemy/domains/continuous/test/auto/DEinContinuous2.xml
----------------- Instantiating /home/travis/build/icyphy/ptII/ptolemy/domains/continuous/test/auto/DEinContinuous2.xml
7 ms. Memory: 292864K Free: 134783K (46%)
----------------- Invoking toplevel() on ptolemy.moml.MoMLSimpleApplication@b5cea7d
----------------- Done invoking toplevel() on ptolemy.moml.MoMLSimpleApplication@b5cea7d
reloadAllAccessors: .DEinContinuous2

===========================================================================================
----------------- testing Mon Feb 17 23:31:47 UTC 2020 /home/travis/build/icyphy/ptII/ptolemy/domains/continuous/test/auto/Derivative.xml
----------------- Instantiating /home/travis/build/icyphy/ptII/ptolemy/domains/continuous/test/auto/Derivative.xml
131 ms. Memory: 292864K Free: 105597K (36%)
----------------- Invoking toplevel() on ptolemy.moml.MoMLSimpleApplication@4a67a3fe
----------------- Done invoking toplevel() on ptolemy.moml.MoMLSimpleApplication@4a67a3fe
reloadAllAccessors: .Derivative2

===========================================================================================
----------------- testing Mon Feb 17 23:31:47 UTC 2020 /home/travis/build/icyphy/ptII/ptolemy/domains/continuous/test/auto/Derivative1.xml
----------------- Instantiating /home/travis/build/icyphy/ptII/ptolemy/domains/continuous/test/auto/Derivative1.xml
19 ms. Memory: 292864K Free: 265435K (91%)
----------------- Invoking toplevel() on ptolemy.moml.MoMLSimpleApplication@543e6afe
----------------- Done invoking toplevel() on ptolemy.moml.MoMLSimpleApplication@543e6afe
reloadAllAccessors: .Derivative1

===========================================================================================
----------------- testing Mon Feb 17 23:31:47 UTC 2020 /home/travis/build/icyphy/ptII/ptolemy/domains/continuous/test/auto/DiscreteClock.xml
----------------- Instantiating /home/travis/build/icyphy/ptII/ptolemy/domains/continuous/test/auto/DiscreteClock.xml
5 ms. Memory: 292864K Free: 260315K (89%)
----------------- Invoking toplevel() on ptolemy.moml.MoMLSimpleApplication@5f869da7
----------------- Done invoking toplevel() on ptolemy.moml.MoMLSimpleApplication@5f869da7
reloadAllAccessors: .DiscreteClock

===========================================================================================
----------------- testing Mon Feb 17 23:31:47 UTC 2020 /home/travis/build/icyphy/ptII/ptolemy/domains/continuous/test/auto/EfficiencyCurve.xml
----------------- Instantiating /home/travis/build/icyphy/ptII/ptolemy/domains/continuous/test/auto/EfficiencyCurve.xml
55 ms. Memory: 292864K Free: 251099K (86%)
----------------- Invoking toplevel() on ptolemy.moml.MoMLSimpleApplication@7912f63e
----------------- Done invoking toplevel() on ptolemy.moml.MoMLSimpleApplication@7912f63e
reloadAllAccessors: .EfficiencyCurve

===========================================================================================
----------------- testing Mon Feb 17 23:31:47 UTC 2020 /home/travis/build/icyphy/ptII/ptolemy/domains/continuous/test/auto/ExponentialResponse.xml
----------------- Instantiating /home/travis/build/icyphy/ptII/ptolemy/domains/continuous/test/auto/ExponentialResponse.xml
90 ms. Memory: 292864K Free: 235225K (80%)
----------------- Invoking toplevel() on ptolemy.moml.MoMLSimpleApplication@c81a92d
----------------- Done invoking toplevel() on ptolemy.moml.MoMLSimpleApplication@c81a92d
reloadAllAccessors: .ExponentialResponse

===========================================================================================
----------------- testing Mon Feb 17 23:31:47 UTC 2020 /home/travis/build/icyphy/ptII/ptolemy/domains/continuous/test/auto/ExponentialResponseRK45.xml
----------------- Instantiating /home/travis/build/icyphy/ptII/ptolemy/domains/continuous/test/auto/ExponentialResponseRK45.xml
22 ms. Memory: 292864K Free: 228571K (78%)
----------------- Invoking toplevel() on ptolemy.moml.MoMLSimpleApplication@53af4040
----------------- Done invoking toplevel() on ptolemy.moml.MoMLSimpleApplication@53af4040
reloadAllAccessors: .ExponentialResponseRK45

===========================================================================================
----------------- testing Mon Feb 17 23:31:47 UTC 2020 /home/travis/build/icyphy/ptII/ptolemy/domains/continuous/test/auto/Friction.xml
----------------- Instantiating /home/travis/build/icyphy/ptII/ptolemy/domains/continuous/test/auto/Friction.xml
1587 ms. Memory: 292864K Free: 148343K (51%)
----------------- Invoking toplevel() on ptolemy.moml.MoMLSimpleApplication@6ca2941d
----------------- Done invoking toplevel() on ptolemy.moml.MoMLSimpleApplication@6ca2941d
reloadAllAccessors: .Friction

===========================================================================================
----------------- testing Mon Feb 17 23:31:49 UTC 2020 /home/travis/build/icyphy/ptII/ptolemy/domains/continuous/test/auto/FurutaPendulum.xml
----------------- Instantiating /home/travis/build/icyphy/ptII/ptolemy/domains/continuous/test/auto/FurutaPendulum.xml
2964 ms. Memory: 292864K Free: 166756K (57%)
----------------- Invoking toplevel() on ptolemy.moml.MoMLSimpleApplication@369c8a27
----------------- Done invoking toplevel() on ptolemy.moml.MoMLSimpleApplication@369c8a27
reloadAllAccessors: .FurutaPendulum

===========================================================================================
----------------- testing Mon Feb 17 23:31:52 UTC 2020 /home/travis/build/icyphy/ptII/ptolemy/domains/continuous/test/auto/HierarchicalExecution.xml
----------------- Instantiating /home/travis/build/icyphy/ptII/ptolemy/domains/continuous/test/auto/HierarchicalExecution.xml
1537 ms. Memory: 292864K Free: 224392K (77%)
----------------- Invoking toplevel() on ptolemy.moml.MoMLSimpleApplication@35e9d51b
----------------- Done invoking toplevel() on ptolemy.moml.MoMLSimpleApplication@35e9d51b
reloadAllAccessors: .HierarchicalExecution

===========================================================================================
----------------- testing Mon Feb 17 23:31:54 UTC 2020 /home/travis/build/icyphy/ptII/ptolemy/domains/continuous/test/auto/HybridPlant.xml
----------------- Instantiating /home/travis/build/icyphy/ptII/ptolemy/domains/continuous/test/auto/HybridPlant.xml
506 ms. Memory: 292864K Free: 133751K (46%)
----------------- Invoking toplevel() on ptolemy.moml.MoMLSimpleApplication@14abfcaf
----------------- Done invoking toplevel() on ptolemy.moml.MoMLSimpleApplication@14abfcaf
reloadAllAccessors: .HybridPlant

===========================================================================================
----------------- testing Mon Feb 17 23:31:55 UTC 2020 /home/travis/build/icyphy/ptII/ptolemy/domains/continuous/test/auto/Hysteresis.xml
----------------- Instantiating /home/travis/build/icyphy/ptII/ptolemy/domains/continuous/test/auto/Hysteresis.xml
151 ms. Memory: 292864K Free: 244579K (84%)
----------------- Invoking toplevel() on ptolemy.moml.MoMLSimpleApplication@3633cead
----------------- Done invoking toplevel() on ptolemy.moml.MoMLSimpleApplication@3633cead
reloadAllAccessors: .Hysteresis

===========================================================================================
----------------- testing Mon Feb 17 23:31:55 UTC 2020 /home/travis/build/icyphy/ptII/ptolemy/domains/continuous/test/auto/HysteresisWithRandomDelay.xml
----------------- Instantiating /home/travis/build/icyphy/ptII/ptolemy/domains/continuous/test/auto/HysteresisWithRandomDelay.xml
172 ms. Memory: 292864K Free: 172709K (59%)
----------------- Invoking toplevel() on ptolemy.moml.MoMLSimpleApplication@10205d56
----------------- Done invoking toplevel() on ptolemy.moml.MoMLSimpleApplication@10205d56
reloadAllAccessors: .HysteresisWithRandomDelay

===========================================================================================
----------------- testing Mon Feb 17 23:31:55 UTC 2020 /home/travis/build/icyphy/ptII/ptolemy/domains/continuous/test/auto/HysteresisWithRandomLosses.xml
----------------- Instantiating /home/travis/build/icyphy/ptII/ptolemy/domains/continuous/test/auto/HysteresisWithRandomLosses.xml
2433 ms. Memory: 292864K Free: 124226K (42%)
----------------- Invoking toplevel() on ptolemy.moml.MoMLSimpleApplication@147db72d
----------------- Done invoking toplevel() on ptolemy.moml.MoMLSimpleApplication@147db72d
reloadAllAccessors: .HysteresisWithRandomLosses

===========================================================================================
----------------- testing Mon Feb 17 23:31:57 UTC 2020 /home/travis/build/icyphy/ptII/ptolemy/domains/continuous/test/auto/ImmediateTransitions.xml
----------------- Instantiating /home/travis/build/icyphy/ptII/ptolemy/domains/continuous/test/auto/ImmediateTransitions.xml
10 ms. Memory: 292864K Free: 113442K (39%)
----------------- Invoking toplevel() on ptolemy.moml.MoMLSimpleApplication@797d09aa
----------------- Done invoking toplevel() on ptolemy.moml.MoMLSimpleApplication@797d09aa
reloadAllAccessors: .ImmediateTransitions

===========================================================================================
----------------- testing Mon Feb 17 23:31:57 UTC 2020 /home/travis/build/icyphy/ptII/ptolemy/domains/continuous/test/auto/ImpulseFeedback.xml
----------------- Instantiating /home/travis/build/icyphy/ptII/ptolemy/domains/continuous/test/auto/ImpulseFeedback.xml
6 ms. Memory: 292864K Free: 107842K (37%)
----------------- Invoking toplevel() on ptolemy.moml.MoMLSimpleApplication@7b198e8c
----------------- Done invoking toplevel() on ptolemy.moml.MoMLSimpleApplication@7b198e8c
reloadAllAccessors: .ImpulseFeedback

===========================================================================================
----------------- testing Mon Feb 17 23:31:58 UTC 2020 /home/travis/build/icyphy/ptII/ptolemy/domains/continuous/test/auto/ImpulseFeedback2.xml
----------------- Instantiating /home/travis/build/icyphy/ptII/ptolemy/domains/continuous/test/auto/ImpulseFeedback2.xml
10 ms. Memory: 292864K Free: 275948K (94%)
----------------- Invoking toplevel() on ptolemy.moml.MoMLSimpleApplication@42b926c5
----------------- Done invoking toplevel() on ptolemy.moml.MoMLSimpleApplication@42b926c5
reloadAllAccessors: .ImpulseFeedback2

===========================================================================================
----------------- testing Mon Feb 17 23:31:58 UTC 2020 /home/travis/build/icyphy/ptII/ptolemy/domains/continuous/test/auto/IncreasingRatePoisson.xml
----------------- Instantiating /home/travis/build/icyphy/ptII/ptolemy/domains/continuous/test/auto/IncreasingRatePoisson.xml
677 ms. Memory: 292864K Free: 156197K (53%)
----------------- Invoking toplevel() on ptolemy.moml.MoMLSimpleApplication@5eb3f8b4
----------------- Done invoking toplevel() on ptolemy.moml.MoMLSimpleApplication@5eb3f8b4
reloadAllAccessors: .IncreasingRatePoisson

===========================================================================================
----------------- testing Mon Feb 17 23:31:58 UTC 2020 /home/travis/build/icyphy/ptII/ptolemy/domains/continuous/test/auto/InitialStateFeedback.xml
----------------- Instantiating /home/travis/build/icyphy/ptII/ptolemy/domains/continuous/test/auto/InitialStateFeedback.xml
4 ms. Memory: 292864K Free: 151591K (52%)
----------------- Invoking toplevel() on ptolemy.moml.MoMLSimpleApplication@31289033
----------------- Done invoking toplevel() on ptolemy.moml.MoMLSimpleApplication@31289033
reloadAllAccessors: .InitialStateFeedback

===========================================================================================
----------------- testing Mon Feb 17 23:31:58 UTC 2020 /home/travis/build/icyphy/ptII/ptolemy/domains/continuous/test/auto/Integration.xml
----------------- Instantiating /home/travis/build/icyphy/ptII/ptolemy/domains/continuous/test/auto/Integration.xml
2 ms. Memory: 292864K Free: 147495K (50%)
----------------- Invoking toplevel() on ptolemy.moml.MoMLSimpleApplication@6f800b74
----------------- Done invoking toplevel() on ptolemy.moml.MoMLSimpleApplication@6f800b74
reloadAllAccessors: .Integration

===========================================================================================
----------------- testing Mon Feb 17 23:31:58 UTC 2020 /home/travis/build/icyphy/ptII/ptolemy/domains/continuous/test/auto/Integration2.xml
----------------- Instantiating /home/travis/build/icyphy/ptII/ptolemy/domains/continuous/test/auto/Integration2.xml
70 ms. Memory: 292864K Free: 133159K (45%)
----------------- Invoking toplevel() on ptolemy.moml.MoMLSimpleApplication@20f899cd
----------------- Done invoking toplevel() on ptolemy.moml.MoMLSimpleApplication@20f899cd
reloadAllAccessors: .Integration2

===========================================================================================
----------------- testing Mon Feb 17 23:31:58 UTC 2020 /home/travis/build/icyphy/ptII/ptolemy/domains/continuous/test/auto/Integration3.xml
----------------- Instantiating /home/travis/build/icyphy/ptII/ptolemy/domains/continuous/test/auto/Integration3.xml
4 ms. Memory: 292864K Free: 128549K (44%)
----------------- Invoking toplevel() on ptolemy.moml.MoMLSimpleApplication@24c4d6f0
----------------- Done invoking toplevel() on ptolemy.moml.MoMLSimpleApplication@24c4d6f0
reloadAllAccessors: .Integration3

===========================================================================================
----------------- testing Mon Feb 17 23:31:58 UTC 2020 /home/travis/build/icyphy/ptII/ptolemy/domains/continuous/test/auto/Integration5.xml
----------------- Instantiating /home/travis/build/icyphy/ptII/ptolemy/domains/continuous/test/auto/Integration5.xml
1 ms. Memory: 292864K Free: 124453K (42%)
----------------- Invoking toplevel() on ptolemy.moml.MoMLSimpleApplication@35472ffb
----------------- Done invoking toplevel() on ptolemy.moml.MoMLSimpleApplication@35472ffb
reloadAllAccessors: .Integration5

===========================================================================================
----------------- testing Mon Feb 17 23:31:58 UTC 2020 /home/travis/build/icyphy/ptII/ptolemy/domains/continuous/test/auto/IntegratorImpulse.xml
----------------- Instantiating /home/travis/build/icyphy/ptII/ptolemy/domains/continuous/test/auto/IntegratorImpulse.xml
4 ms. Memory: 292864K Free: 120343K (41%)
----------------- Invoking toplevel() on ptolemy.moml.MoMLSimpleApplication@e87e77d
----------------- Done invoking toplevel() on ptolemy.moml.MoMLSimpleApplication@e87e77d
reloadAllAccessors: .IntegratorImpulse

===========================================================================================
----------------- testing Mon Feb 17 23:31:58 UTC 2020 /home/travis/build/icyphy/ptII/ptolemy/domains/continuous/test/auto/IntegratorImpulse2.xml
----------------- Instantiating /home/travis/build/icyphy/ptII/ptolemy/domains/continuous/test/auto/IntegratorImpulse2.xml
5 ms. Memory: 292864K Free: 115751K (40%)
----------------- Invoking toplevel() on ptolemy.moml.MoMLSimpleApplication@7d2b6824
----------------- Done invoking toplevel() on ptolemy.moml.MoMLSimpleApplication@7d2b6824
reloadAllAccessors: .IntegratorImpulse2

===========================================================================================
----------------- testing Mon Feb 17 23:31:58 UTC 2020 /home/travis/build/icyphy/ptII/ptolemy/domains/continuous/test/auto/LevelCrossing1.xml
----------------- Instantiating /home/travis/build/icyphy/ptII/ptolemy/domains/continuous/test/auto/LevelCrossing1.xml
3 ms. Memory: 292864K Free: 110631K (38%)
----------------- Invoking toplevel() on ptolemy.moml.MoMLSimpleApplication@1c91a87a
----------------- Done invoking toplevel() on ptolemy.moml.MoMLSimpleApplication@1c91a87a
reloadAllAccessors: .LevelCrossing1

===========================================================================================
----------------- testing Mon Feb 17 23:31:58 UTC 2020 /home/travis/build/icyphy/ptII/ptolemy/domains/continuous/test/auto/LevelCrossing2.xml
----------------- Instantiating /home/travis/build/icyphy/ptII/ptolemy/domains/continuous/test/auto/LevelCrossing2.xml
3 ms. Memory: 292864K Free: 105511K (36%)
----------------- Invoking toplevel() on ptolemy.moml.MoMLSimpleApplication@3f9dc3d5
----------------- Done invoking toplevel() on ptolemy.moml.MoMLSimpleApplication@3f9dc3d5
reloadAllAccessors: .LevelCrossing2

===========================================================================================
----------------- testing Mon Feb 17 23:31:58 UTC 2020 /home/travis/build/icyphy/ptII/ptolemy/domains/continuous/test/auto/LevelCrossing3.xml
----------------- Instantiating /home/travis/build/icyphy/ptII/ptolemy/domains/continuous/test/auto/LevelCrossing3.xml
3 ms. Memory: 292864K Free: 274360K (94%)
----------------- Invoking toplevel() on ptolemy.moml.MoMLSimpleApplication@394e1bf
----------------- Done invoking toplevel() on ptolemy.moml.MoMLSimpleApplication@394e1bf
reloadAllAccessors: .LevelCrossing3

===========================================================================================
----------------- testing Mon Feb 17 23:31:58 UTC 2020 /home/travis/build/icyphy/ptII/ptolemy/domains/continuous/test/auto/LevelCrossing4.xml
----------------- Instantiating /home/travis/build/icyphy/ptII/ptolemy/domains/continuous/test/auto/LevelCrossing4.xml
5 ms. Memory: 292864K Free: 269240K (92%)
----------------- Invoking toplevel() on ptolemy.moml.MoMLSimpleApplication@4e243762
----------------- Done invoking toplevel() on ptolemy.moml.MoMLSimpleApplication@4e243762
reloadAllAccessors: .LevelCrossing4

===========================================================================================
----------------- testing Mon Feb 17 23:31:58 UTC 2020 /home/travis/build/icyphy/ptII/ptolemy/domains/continuous/test/auto/LevelCrossing5.xml
----------------- Instantiating /home/travis/build/icyphy/ptII/ptolemy/domains/continuous/test/auto/LevelCrossing5.xml
3 ms. Memory: 292864K Free: 264120K (90%)
----------------- Invoking toplevel() on ptolemy.moml.MoMLSimpleApplication@5a14dc1
----------------- Done invoking toplevel() on ptolemy.moml.MoMLSimpleApplication@5a14dc1
reloadAllAccessors: .LevelCrossing5

===========================================================================================
[...]
----------------- testing Mon Feb 17 23:32:15 UTC 2020 /home/travis/build/icyphy/ptII/ptolemy/domains/continuous/test/auto/SRinContinuous.xml
----------------- Instantiating /home/travis/build/icyphy/ptII/ptolemy/domains/continuous/test/auto/SRinContinuous.xml
4 ms. Memory: 292864K Free: 176347K (60%)
----------------- Invoking toplevel() on ptolemy.moml.MoMLSimpleApplication@540863cd
----------------- Done invoking toplevel() on ptolemy.moml.MoMLSimpleApplication@540863cd
reloadAllAccessors: .SRinContinuous

===========================================================================================
----------------- testing Mon Feb 17 23:32:15 UTC 2020 /home/travis/build/icyphy/ptII/ptolemy/domains/continuous/test/auto/SampledClocks.xml
----------------- Instantiating /home/travis/build/icyphy/ptII/ptolemy/domains/continuous/test/auto/SampledClocks.xml
5 ms. Memory: 292864K Free: 163545K (56%)
----------------- Invoking toplevel() on ptolemy.moml.MoMLSimpleApplication@7800fb31
----------------- Done invoking toplevel() on ptolemy.moml.MoMLSimpleApplication@7800fb31
reloadAllAccessors: .SampledClocks

===========================================================================================
----------------- testing Mon Feb 17 23:32:15 UTC 2020 /home/travis/build/icyphy/ptII/ptolemy/domains/continuous/test/auto/Satellite.xml
----------------- Instantiating /home/travis/build/icyphy/ptII/ptolemy/domains/continuous/test/auto/Satellite.xml
778 ms. Memory: 292864K Free: 141081K (48%)
----------------- Invoking toplevel() on ptolemy.moml.MoMLSimpleApplication@7a20bb92
----------------- Done invoking toplevel() on ptolemy.moml.MoMLSimpleApplication@7a20bb92
reloadAllAccessors: .Satellite

===========================================================================================
----------------- testing Mon Feb 17 23:32:16 UTC 2020 /home/travis/build/icyphy/ptII/ptolemy/domains/continuous/test/auto/SigmaDelta.xml
----------------- Instantiating /home/travis/build/icyphy/ptII/ptolemy/domains/continuous/test/auto/SigmaDelta.xml
2022 ms. Memory: 292864K Free: 218194K (75%)
----------------- Invoking toplevel() on ptolemy.moml.MoMLSimpleApplication@4992b90f
----------------- Done invoking toplevel() on ptolemy.moml.MoMLSimpleApplication@4992b90f
reloadAllAccessors: .SigmaDelta

===========================================================================================
----------------- testing Mon Feb 17 23:32:18 UTC 2020 /home/travis/build/icyphy/ptII/ptolemy/domains/continuous/test/auto/SingleRefinement.xml
----------------- Instantiating /home/travis/build/icyphy/ptII/ptolemy/domains/continuous/test/auto/SingleRefinement.xml
299 ms. Memory: 292864K Free: 207336K (71%)
----------------- Invoking toplevel() on ptolemy.moml.MoMLSimpleApplication@7028763e
----------------- Done invoking toplevel() on ptolemy.moml.MoMLSimpleApplication@7028763e
reloadAllAccessors: .SingleRefinement

===========================================================================================
----------------- testing Mon Feb 17 23:32:18 UTC 2020 /home/travis/build/icyphy/ptII/ptolemy/domains/continuous/test/auto/SinuBouncingBall.xml
----------------- Instantiating /home/travis/build/icyphy/ptII/ptolemy/domains/continuous/test/auto/SinuBouncingBall.xml
749 ms. Memory: 292864K Free: 163057K (56%)
----------------- Invoking toplevel() on ptolemy.moml.MoMLSimpleApplication@42d78f3f
----------------- Done invoking toplevel() on ptolemy.moml.MoMLSimpleApplication@42d78f3f
reloadAllAccessors: .SinuBouncingBall

===========================================================================================
----------------- testing Mon Feb 17 23:32:19 UTC 2020 /home/travis/build/icyphy/ptII/ptolemy/domains/continuous/test/auto/Sinusoid.xml
----------------- Instantiating /home/travis/build/icyphy/ptII/ptolemy/domains/continuous/test/auto/Sinusoid.xml
3 ms. Memory: 292864K Free: 158433K (54%)
----------------- Invoking toplevel() on ptolemy.moml.MoMLSimpleApplication@70356a60
----------------- Done invoking toplevel() on ptolemy.moml.MoMLSimpleApplication@70356a60
reloadAllAccessors: .Sinusoid

===========================================================================================
----------------- testing Mon Feb 17 23:32:19 UTC 2020 /home/travis/build/icyphy/ptII/ptolemy/domains/continuous/test/auto/SinusoidInNoise.xml
----------------- Instantiating /home/travis/build/icyphy/ptII/ptolemy/domains/continuous/test/auto/SinusoidInNoise.xml
740 ms. Memory: 292864K Free: 196065K (67%)
----------------- Invoking toplevel() on ptolemy.moml.MoMLSimpleApplication@23b679d4
----------------- Done invoking toplevel() on ptolemy.moml.MoMLSimpleApplication@23b679d4
reloadAllAccessors: .SinusoidInNoise

===========================================================================================
----------------- testing Mon Feb 17 23:32:20 UTC 2020 /home/travis/build/icyphy/ptII/ptolemy/domains/continuous/test/auto/SinusoidRK45.xml
----------------- Instantiating /home/travis/build/icyphy/ptII/ptolemy/domains/continuous/test/auto/SinusoidRK45.xml
3 ms. Memory: 292864K Free: 191459K (65%)
----------------- Invoking toplevel() on ptolemy.moml.MoMLSimpleApplication@ded1982
----------------- Done invoking toplevel() on ptolemy.moml.MoMLSimpleApplication@ded1982
reloadAllAccessors: .SinusoidRK45

===========================================================================================
----------------- testing Mon Feb 17 23:32:20 UTC 2020 /home/travis/build/icyphy/ptII/ptolemy/domains/continuous/test/auto/SinusoidWithMultipleImpulses.xml
----------------- Instantiating /home/travis/build/icyphy/ptII/ptolemy/domains/continuous/test/auto/SinusoidWithMultipleImpulses.xml
3 ms. Memory: 292864K Free: 186849K (64%)
----------------- Invoking toplevel() on ptolemy.moml.MoMLSimpleApplication@431af39b
----------------- Done invoking toplevel() on ptolemy.moml.MoMLSimpleApplication@431af39b
reloadAllAccessors: .SinusoidWithMultipleImpulses

===========================================================================================
----------------- testing Mon Feb 17 23:32:20 UTC 2020 /home/travis/build/icyphy/ptII/ptolemy/domains/continuous/test/auto/SquareWave.xml
----------------- Instantiating /home/travis/build/icyphy/ptII/ptolemy/domains/continuous/test/auto/SquareWave.xml
138 ms. Memory: 292864K Free: 159715K (55%)
----------------- Invoking toplevel() on ptolemy.moml.MoMLSimpleApplication@63b48b91
----------------- Done invoking toplevel() on ptolemy.moml.MoMLSimpleApplication@63b48b91
reloadAllAccessors: .SquareWave

===========================================================================================
----------------- testing Mon Feb 17 23:32:20 UTC 2020 /home/travis/build/icyphy/ptII/ptolemy/domains/continuous/test/auto/Starmac.xml
----------------- Instantiating /home/travis/build/icyphy/ptII/ptolemy/domains/continuous/test/auto/Starmac.xml
3036 ms. Memory: 292864K Free: 188892K (64%)
----------------- Invoking toplevel() on ptolemy.moml.MoMLSimpleApplication@36cfa24f
----------------- Done invoking toplevel() on ptolemy.moml.MoMLSimpleApplication@36cfa24f
reloadAllAccessors: .Starmac

===========================================================================================
----------------- testing Mon Feb 17 23:32:24 UTC 2020 /home/travis/build/icyphy/ptII/ptolemy/domains/continuous/test/auto/StaticUnits.xml
----------------- Instantiating /home/travis/build/icyphy/ptII/ptolemy/domains/continuous/test/auto/StaticUnits.xml
1749 ms. Memory: 292864K Free: 237961K (81%)
----------------- Invoking toplevel() on ptolemy.moml.MoMLSimpleApplication@15e5d16c
----------------- Done invoking toplevel() on ptolemy.moml.MoMLSimpleApplication@15e5d16c
reloadAllAccessors: .StaticUnits

===========================================================================================
----------------- testing Mon Feb 17 23:32:26 UTC 2020 /home/travis/build/icyphy/ptII/ptolemy/domains/continuous/test/auto/StickyMasses.xml
----------------- Instantiating /home/travis/build/icyphy/ptII/ptolemy/domains/continuous/test/auto/StickyMasses.xml
130 ms. Memory: 292864K Free: 187785K (64%)
----------------- Invoking toplevel() on ptolemy.moml.MoMLSimpleApplication@503a1645
----------------- Done invoking toplevel() on ptolemy.moml.MoMLSimpleApplication@503a1645
reloadAllAccessors: .StickyMasses

===========================================================================================
----------------- testing Mon Feb 17 23:32:26 UTC 2020 /home/travis/build/icyphy/ptII/ptolemy/domains/continuous/test/auto/StopTime.xml
----------------- Instantiating /home/travis/build/icyphy/ptII/ptolemy/domains/continuous/test/auto/StopTime.xml
39 ms. Memory: 292864K Free: 162680K (56%)
----------------- Invoking toplevel() on ptolemy.moml.MoMLSimpleApplication@4a3b4e2d
----------------- Done invoking toplevel() on ptolemy.moml.MoMLSimpleApplication@4a3b4e2d
reloadAllAccessors: .StopTime

===========================================================================================
----------------- testing Mon Feb 17 23:32:26 UTC 2020 /home/travis/build/icyphy/ptII/ptolemy/domains/continuous/test/auto/StopTime2.xml
----------------- Instantiating /home/travis/build/icyphy/ptII/ptolemy/domains/continuous/test/auto/StopTime2.xml
30 ms. Memory: 292864K Free: 140681K (48%)
----------------- Invoking toplevel() on ptolemy.moml.MoMLSimpleApplication@51244dca
----------------- Done invoking toplevel() on ptolemy.moml.MoMLSimpleApplication@51244dca
reloadAllAccessors: .StopTime2

===========================================================================================
----------------- testing Mon Feb 17 23:32:26 UTC 2020 /home/travis/build/icyphy/ptII/ptolemy/domains/continuous/test/auto/Switch.xml
----------------- Instantiating /home/travis/build/icyphy/ptII/ptolemy/domains/continuous/test/auto/Switch.xml
38 ms. Memory: 292864K Free: 115560K (39%)
----------------- Invoking toplevel() on ptolemy.moml.MoMLSimpleApplication@158f05e8
----------------- Done invoking toplevel() on ptolemy.moml.MoMLSimpleApplication@158f05e8
reloadAllAccessors: .Switch

===========================================================================================
----------------- testing Mon Feb 17 23:32:26 UTC 2020 /home/travis/build/icyphy/ptII/ptolemy/domains/continuous/test/auto/Thermostat.xml
----------------- Instantiating /home/travis/build/icyphy/ptII/ptolemy/domains/continuous/test/auto/Thermostat.xml
196 ms. Memory: 292864K Free: 213068K (73%)
----------------- Invoking toplevel() on ptolemy.moml.MoMLSimpleApplication@74135f04
----------------- Done invoking toplevel() on ptolemy.moml.MoMLSimpleApplication@74135f04
reloadAllAccessors: .Thermostat

===========================================================================================
----------------- testing Mon Feb 17 23:32:27 UTC 2020 /home/travis/build/icyphy/ptII/ptolemy/domains/continuous/test/auto/TimeDelay.xml
----------------- Instantiating /home/travis/build/icyphy/ptII/ptolemy/domains/continuous/test/auto/TimeDelay.xml
5 ms. Memory: 292864K Free: 207732K (71%)
----------------- Invoking toplevel() on ptolemy.moml.MoMLSimpleApplication@4b765998
----------------- Done invoking toplevel() on ptolemy.moml.MoMLSimpleApplication@4b765998
reloadAllAccessors: .TimeDelay

===========================================================================================
----------------- testing Mon Feb 17 23:32:27 UTC 2020 /home/travis/build/icyphy/ptII/ptolemy/domains/continuous/test/auto/TimeDelay2.xml
----------------- Instantiating /home/travis/build/icyphy/ptII/ptolemy/domains/continuous/test/auto/TimeDelay2.xml
7 ms. Memory: 292864K Free: 198012K (68%)
----------------- Invoking toplevel() on ptolemy.moml.MoMLSimpleApplication@6803272f
----------------- Done invoking toplevel() on ptolemy.moml.MoMLSimpleApplication@6803272f
reloadAllAccessors: .TimeDelay2

===========================================================================================
----------------- testing Mon Feb 17 23:32:27 UTC 2020 /home/travis/build/icyphy/ptII/ptolemy/domains/continuous/test/auto/TimeDelay3.xml
----------------- Instantiating /home/travis/build/icyphy/ptII/ptolemy/domains/continuous/test/auto/TimeDelay3.xml
3 ms. Memory: 292864K Free: 193388K (66%)
----------------- Invoking toplevel() on ptolemy.moml.MoMLSimpleApplication@31c39f8b
----------------- Done invoking toplevel() on ptolemy.moml.MoMLSimpleApplication@31c39f8b
reloadAllAccessors: .TimeDelay3

===========================================================================================
----------------- testing Mon Feb 17 23:32:27 UTC 2020 /home/travis/build/icyphy/ptII/ptolemy/domains/continuous/test/auto/TransferAbsentToInside.xml
----------------- Instantiating /home/travis/build/icyphy/ptII/ptolemy/domains/continuous/test/auto/TransferAbsentToInside.xml
32 ms. Memory: 292864K Free: 140140K (48%)
----------------- Invoking toplevel() on ptolemy.moml.MoMLSimpleApplication@6b1d9878
----------------- Done invoking toplevel() on ptolemy.moml.MoMLSimpleApplication@6b1d9878
reloadAllAccessors: .TransferAbsentToInside

===========================================================================================
----------------- testing Mon Feb 17 23:32:27 UTC 2020 /home/travis/build/icyphy/ptII/ptolemy/domains/continuous/test/auto/Transmission.xml
----------------- Instantiating /home/travis/build/icyphy/ptII/ptolemy/domains/continuous/test/auto/Transmission.xml
789 ms. Memory: 292864K Free: 245093K (84%)
----------------- Invoking toplevel() on ptolemy.moml.MoMLSimpleApplication@fa24b67
----------------- Done invoking toplevel() on ptolemy.moml.MoMLSimpleApplication@fa24b67
reloadAllAccessors: .Transmission

===========================================================================================
----------------- testing Mon Feb 17 23:32:28 UTC 2020 /home/travis/build/icyphy/ptII/ptolemy/domains/continuous/test/auto/TriggeredContinuousClock.xml
----------------- Instantiating /home/travis/build/icyphy/ptII/ptolemy/domains/continuous/test/auto/TriggeredContinuousClock.xml
42 ms. Memory: 292864K Free: 215911K (74%)
----------------- Invoking toplevel() on ptolemy.moml.MoMLSimpleApplication@3646aa0d
----------------- Done invoking toplevel() on ptolemy.moml.MoMLSimpleApplication@3646aa0d
reloadAllAccessors: .TriggeredContinuousClock

===========================================================================================
----------------- testing Mon Feb 17 23:32:28 UTC 2020 /home/travis/build/icyphy/ptII/ptolemy/domains/continuous/test/auto/TwoMachineInfiniteBusControl.xml
----------------- Instantiating /home/travis/build/icyphy/ptII/ptolemy/domains/continuous/test/auto/TwoMachineInfiniteBusControl.xml
2669 ms. Memory: 352256K Free: 244034K (69%)
----------------- Invoking toplevel() on ptolemy.moml.MoMLSimpleApplication@e95d5e7
----------------- Done invoking toplevel() on ptolemy.moml.MoMLSimpleApplication@e95d5e7
reloadAllAccessors: .TwoMachineInfiniteBusControl

===========================================================================================
----------------- testing Mon Feb 17 23:32:30 UTC 2020 /home/travis/build/icyphy/ptII/ptolemy/domains/continuous/test/auto/V2V.xml
----------------- Instantiating /home/travis/build/icyphy/ptII/ptolemy/domains/continuous/test/auto/V2V.xml
796 ms. Memory: 352256K Free: 259385K (74%)
----------------- Invoking toplevel() on ptolemy.moml.MoMLSimpleApplication@5d755171
----------------- Done invoking toplevel() on ptolemy.moml.MoMLSimpleApplication@5d755171
reloadAllAccessors: .V2V

===========================================================================================
----------------- testing Mon Feb 17 23:32:31 UTC 2020 /home/travis/build/icyphy/ptII/ptolemy/domains/continuous/test/auto/hierarchicalModalModel.xml
----------------- Instantiating /home/travis/build/icyphy/ptII/ptolemy/domains/continuous/test/auto/hierarchicalModalModel.xml
9 ms. Memory: 352256K Free: 244539K (69%)
----------------- Invoking toplevel() on ptolemy.moml.MoMLSimpleApplication@1492235d
----------------- Done invoking toplevel() on ptolemy.moml.MoMLSimpleApplication@1492235d
reloadAllAccessors: .hierarchicalModalModel

===========================================================================================
----------------- testing Mon Feb 17 23:32:31 UTC 2020 /home/travis/build/icyphy/ptII/ptolemy/domains/continuous/test/auto/hierarchicalModalModel1.xml
----------------- Instantiating /home/travis/build/icyphy/ptII/ptolemy/domains/continuous/test/auto/hierarchicalModalModel1.xml
9 ms. Memory: 352256K Free: 230203K (65%)
----------------- Invoking toplevel() on ptolemy.moml.MoMLSimpleApplication@ad1c88
----------------- Done invoking toplevel() on ptolemy.moml.MoMLSimpleApplication@ad1c88
reloadAllAccessors: .hierarchicalModalModel1

===========================================================================================
----------------- testing Mon Feb 17 23:32:31 UTC 2020 /home/travis/build/icyphy/ptII/ptolemy/domains/continuous/test/auto/hierarchicalModalModel2.xml
----------------- Instantiating /home/travis/build/icyphy/ptII/ptolemy/domains/continuous/test/auto/hierarchicalModalModel2.xml
7 ms. Memory: 352256K Free: 217915K (62%)
----------------- Invoking toplevel() on ptolemy.moml.MoMLSimpleApplication@32a4a007
----------------- Done invoking toplevel() on ptolemy.moml.MoMLSimpleApplication@32a4a007
reloadAllAccessors: .hierarchicalModalModel2

===========================================================================================
----------------- testing Mon Feb 17 23:32:31 UTC 2020 /home/travis/build/icyphy/ptII/ptolemy/domains/continuous/test/auto/hierarchicalModalModel3.xml
----------------- Instantiating /home/travis/build/icyphy/ptII/ptolemy/domains/continuous/test/auto/hierarchicalModalModel3.xml
7 ms. Memory: 352256K Free: 207161K (59%)
----------------- Invoking toplevel() on ptolemy.moml.MoMLSimpleApplication@5604b503
----------------- Done invoking toplevel() on ptolemy.moml.MoMLSimpleApplication@5604b503
reloadAllAccessors: .hierarchicalModalModel3

===========================================================================================
----------------- testing Mon Feb 17 23:32:31 UTC 2020 /home/travis/build/icyphy/ptII/ptolemy/domains/continuous/test/auto/hierarchicalModalModel4.xml
----------------- Instantiating /home/travis/build/icyphy/ptII/ptolemy/domains/continuous/test/auto/hierarchicalModalModel4.xml
5 ms. Memory: 352256K Free: 195387K (55%)
----------------- Invoking toplevel() on ptolemy.moml.MoMLSimpleApplication@44a8a1d3
----------------- Done invoking toplevel() on ptolemy.moml.MoMLSimpleApplication@44a8a1d3
reloadAllAccessors: .hierarchicalModalModel4

===========================================================================================
----------------- testing Mon Feb 17 23:32:32 UTC 2020 /home/travis/build/icyphy/ptII/ptolemy/domains/continuous/test/auto/junk.xml
----------------- Instantiating /home/travis/build/icyphy/ptII/ptolemy/domains/continuous/test/auto/junk.xml
115 ms. Memory: 352256K Free: 170297K (48%)
----------------- Invoking toplevel() on ptolemy.moml.MoMLSimpleApplication@21a3e0fc
----------------- Done invoking toplevel() on ptolemy.moml.MoMLSimpleApplication@21a3e0fc
reloadAllAccessors: .junk
AutoTests.java: About to close Vertx.
AutoTests.java: Vertx closed.
]]></system-out>
  <system-err><![CDATA[Warning: '.HysteresisWithRandomDelay.NonStrictTest3' The test produced only 22 tokens, yet the correctValues parameter was expecting 30 tokens.
Warning: '.IncreasingRatePoisson.NonStrictTest' The test produced only 376 tokens, yet the correctValues parameter was expecting 402 tokens.
Warning: '.Poisson.NonStrictTest' The test produced only 370 tokens, yet the correctValues parameter was expecting 430 tokens.
]]></system-err>
</testsuite>
