<?xml version="1.0" encoding="UTF-8" ?>
<testsuite errors="0" failures="0" hostname="travis-job-b10a230d-97f6-4c55-881b-108000988be1" name="ptolemy.actor.lib.hoc.test.junit.JUnitTclTest" skipped="0" tests="58" time="31.179" timestamp="2020-09-10T15:41:12">
  <properties>
[...]
</properties>
  <testcase classname="ptolemy.util.test.junit.TclTests" name="[0] /home/travis/build/icyphy/ptII/ptolemy/actor/lib/hoc/test/IterateOverArray.tcl (RunTclFile)" time="0.334" />
  <testcase classname="ptolemy.util.test.junit.AutoKnownFailedTests" name="[0] /home/travis/build/icyphy/ptII/ptolemy/actor/lib/hoc/test/auto/knownFailedTests/PreinitializeMustBeInvokedRunComposite.xml (RunModel)" time="0.345" />
  <testcase classname="ptolemy.util.test.junit.AutoNameArchTests" name="[0] ThereAreNoAutoArchTests (RunModel)" time="0.009" />
  <testcase classname="ptolemy.util.test.junit.AutoTests" name="[0] /home/travis/build/icyphy/ptII/ptolemy/actor/lib/hoc/test/auto/AllToAllMultiInstanceComposite.xml (RunModel)" time="0.383" />
  <testcase classname="ptolemy.util.test.junit.AutoTests" name="[1] /home/travis/build/icyphy/ptII/ptolemy/actor/lib/hoc/test/auto/ApplyFFTTest.xml (RunModel)" time="0.407" />
  <testcase classname="ptolemy.util.test.junit.AutoTests" name="[2] /home/travis/build/icyphy/ptII/ptolemy/actor/lib/hoc/test/auto/ApplyFunction.xml (RunModel)" time="0.033" />
  <testcase classname="ptolemy.util.test.junit.AutoTests" name="[3] /home/travis/build/icyphy/ptII/ptolemy/actor/lib/hoc/test/auto/BackgroundExecution.xml (RunModel)" time="0.751" />
  <testcase classname="ptolemy.util.test.junit.AutoTests" name="[4] /home/travis/build/icyphy/ptII/ptolemy/actor/lib/hoc/test/auto/Case.xml (RunModel)" time="0.063" />
  <testcase classname="ptolemy.util.test.junit.AutoTests" name="[5] /home/travis/build/icyphy/ptII/ptolemy/actor/lib/hoc/test/auto/Case1.xml (RunModel)" time="0.056" />
  <testcase classname="ptolemy.util.test.junit.AutoTests" name="[6] /home/travis/build/icyphy/ptII/ptolemy/actor/lib/hoc/test/auto/Case2.xml (RunModel)" time="0.097" />
  <testcase classname="ptolemy.util.test.junit.AutoTests" name="[7] /home/travis/build/icyphy/ptII/ptolemy/actor/lib/hoc/test/auto/Case3.xml (RunModel)" time="0.069" />
  <testcase classname="ptolemy.util.test.junit.AutoTests" name="[8] /home/travis/build/icyphy/ptII/ptolemy/actor/lib/hoc/test/auto/Case4.xml (RunModel)" time="0.076" />
  <testcase classname="ptolemy.util.test.junit.AutoTests" name="[9] /home/travis/build/icyphy/ptII/ptolemy/actor/lib/hoc/test/auto/Case5.xml (RunModel)" time="0.076" />
  <testcase classname="ptolemy.util.test.junit.AutoTests" name="[10] /home/travis/build/icyphy/ptII/ptolemy/actor/lib/hoc/test/auto/Case6.xml (RunModel)" time="0.096" />
  <testcase classname="ptolemy.util.test.junit.AutoTests" name="[11] /home/travis/build/icyphy/ptII/ptolemy/actor/lib/hoc/test/auto/CaseString2.xml (RunModel)" time="0.065" />
  <testcase classname="ptolemy.util.test.junit.AutoTests" name="[12] /home/travis/build/icyphy/ptII/ptolemy/actor/lib/hoc/test/auto/CatchUpComposite1.xml (RunModel)" time="0.075" />
  <testcase classname="ptolemy.util.test.junit.AutoTests" name="[13] /home/travis/build/icyphy/ptII/ptolemy/actor/lib/hoc/test/auto/CatchUpComposite2.xml (RunModel)" time="0.065" />
  <testcase classname="ptolemy.util.test.junit.AutoTests" name="[14] /home/travis/build/icyphy/ptII/ptolemy/actor/lib/hoc/test/auto/CatchUpComposite3.xml (RunModel)" time="0.059" />
  <testcase classname="ptolemy.util.test.junit.AutoTests" name="[15] /home/travis/build/icyphy/ptII/ptolemy/actor/lib/hoc/test/auto/CatchUpComposite4.xml (RunModel)" time="0.052" />
  <testcase classname="ptolemy.util.test.junit.AutoTests" name="[16] /home/travis/build/icyphy/ptII/ptolemy/actor/lib/hoc/test/auto/CatchUpComposite5.xml (RunModel)" time="0.044" />
  <testcase classname="ptolemy.util.test.junit.AutoTests" name="[17] /home/travis/build/icyphy/ptII/ptolemy/actor/lib/hoc/test/auto/CatchUpComposite6.xml (RunModel)" time="0.159" />
  <testcase classname="ptolemy.util.test.junit.AutoTests" name="[18] /home/travis/build/icyphy/ptII/ptolemy/actor/lib/hoc/test/auto/CatchUpComposite7.xml (RunModel)" time="0.096" />
  <testcase classname="ptolemy.util.test.junit.AutoTests" name="[19] /home/travis/build/icyphy/ptII/ptolemy/actor/lib/hoc/test/auto/ConcurrentExecutionTimeSDF.xml (RunModel)" time="0.905" />
  <testcase classname="ptolemy.util.test.junit.AutoTests" name="[20] /home/travis/build/icyphy/ptII/ptolemy/actor/lib/hoc/test/auto/ConcurrentSleep.xml (RunModel)" time="0.779" />
  <testcase classname="ptolemy.util.test.junit.AutoTests" name="[21] /home/travis/build/icyphy/ptII/ptolemy/actor/lib/hoc/test/auto/DEInPNInRunCompositeActor.xml (RunModel)" time="0.025" />
  <testcase classname="ptolemy.util.test.junit.AutoTests" name="[22] /home/travis/build/icyphy/ptII/ptolemy/actor/lib/hoc/test/auto/DFTSubSetTest.xml (RunModel)" time="0.22" />
  <testcase classname="ptolemy.util.test.junit.AutoTests" name="[23] /home/travis/build/icyphy/ptII/ptolemy/actor/lib/hoc/test/auto/HocDE.xml (RunModel)" time="0.129" />
  <testcase classname="ptolemy.util.test.junit.AutoTests" name="[24] /home/travis/build/icyphy/ptII/ptolemy/actor/lib/hoc/test/auto/IterateOverArray.xml (RunModel)" time="0.024" />
  <testcase classname="ptolemy.util.test.junit.AutoTests" name="[25] /home/travis/build/icyphy/ptII/ptolemy/actor/lib/hoc/test/auto/IterateOverArray10.xml (RunModel)" time="0.021" />
  <testcase classname="ptolemy.util.test.junit.AutoTests" name="[26] /home/travis/build/icyphy/ptII/ptolemy/actor/lib/hoc/test/auto/IterateOverArray11.xml (RunModel)" time="0.033" />
  <testcase classname="ptolemy.util.test.junit.AutoTests" name="[27] /home/travis/build/icyphy/ptII/ptolemy/actor/lib/hoc/test/auto/IterateOverArray12.xml (RunModel)" time="0.032" />
  <testcase classname="ptolemy.util.test.junit.AutoTests" name="[28] /home/travis/build/icyphy/ptII/ptolemy/actor/lib/hoc/test/auto/IterateOverArray13.xml (RunModel)" time="0.133" />
  <testcase classname="ptolemy.util.test.junit.AutoTests" name="[29] /home/travis/build/icyphy/ptII/ptolemy/actor/lib/hoc/test/auto/IterateOverArray14.xml (RunModel)" time="0.161" />
  <testcase classname="ptolemy.util.test.junit.AutoTests" name="[30] /home/travis/build/icyphy/ptII/ptolemy/actor/lib/hoc/test/auto/IterateOverArray2.xml (RunModel)" time="0.029" />
  <testcase classname="ptolemy.util.test.junit.AutoTests" name="[31] /home/travis/build/icyphy/ptII/ptolemy/actor/lib/hoc/test/auto/IterateOverArray3.xml (RunModel)" time="0.047" />
  <testcase classname="ptolemy.util.test.junit.AutoTests" name="[32] /home/travis/build/icyphy/ptII/ptolemy/actor/lib/hoc/test/auto/IterateOverArray4.xml (RunModel)" time="0.019" />
  <testcase classname="ptolemy.util.test.junit.AutoTests" name="[33] /home/travis/build/icyphy/ptII/ptolemy/actor/lib/hoc/test/auto/IterateOverArray5.xml (RunModel)" time="0.028" />
  <testcase classname="ptolemy.util.test.junit.AutoTests" name="[34] /home/travis/build/icyphy/ptII/ptolemy/actor/lib/hoc/test/auto/IterateOverArray6.xml (RunModel)" time="0.017" />
  <testcase classname="ptolemy.util.test.junit.AutoTests" name="[35] /home/travis/build/icyphy/ptII/ptolemy/actor/lib/hoc/test/auto/IterateOverArray7.xml (RunModel)" time="0.022" />
  <testcase classname="ptolemy.util.test.junit.AutoTests" name="[36] /home/travis/build/icyphy/ptII/ptolemy/actor/lib/hoc/test/auto/IterateOverArray8.xml (RunModel)" time="0.018" />
  <testcase classname="ptolemy.util.test.junit.AutoTests" name="[37] /home/travis/build/icyphy/ptII/ptolemy/actor/lib/hoc/test/auto/IterateOverArray9.xml (RunModel)" time="0.026" />
  <testcase classname="ptolemy.util.test.junit.AutoTests" name="[38] /home/travis/build/icyphy/ptII/ptolemy/actor/lib/hoc/test/auto/IterateOverArrayCoercedOutputType.xml (RunModel)" time="0.03" />
  <testcase classname="ptolemy.util.test.junit.AutoTests" name="[39] /home/travis/build/icyphy/ptII/ptolemy/actor/lib/hoc/test/auto/IterateOverArrayInferredOutputType.xml (RunModel)" time="0.047" />
  <testcase classname="ptolemy.util.test.junit.AutoTests" name="[40] /home/travis/build/icyphy/ptII/ptolemy/actor/lib/hoc/test/auto/MobileFunctionTest.xml (RunModel)" time="0.025" />
  <testcase classname="ptolemy.util.test.junit.AutoTests" name="[41] /home/travis/build/icyphy/ptII/ptolemy/actor/lib/hoc/test/auto/MobileModelTest.xml (RunModel)" time="0.166" />
  <testcase classname="ptolemy.util.test.junit.AutoTests" name="[42] /home/travis/build/icyphy/ptII/ptolemy/actor/lib/hoc/test/auto/ModelReference.xml (RunModel)" time="0.072" />
  <testcase classname="ptolemy.util.test.junit.AutoTests" name="[43] /home/travis/build/icyphy/ptII/ptolemy/actor/lib/hoc/test/auto/ModelReference3.xml (RunModel)" time="0.045" />
  <testcase classname="ptolemy.util.test.junit.AutoTests" name="[44] /home/travis/build/icyphy/ptII/ptolemy/actor/lib/hoc/test/auto/ModelReference4.xml (RunModel)" time="10.027" />
  <testcase classname="ptolemy.util.test.junit.AutoTests" name="[45] /home/travis/build/icyphy/ptII/ptolemy/actor/lib/hoc/test/auto/MultiInstanceComposite.xml (RunModel)" time="0.062" />
  <testcase classname="ptolemy.util.test.junit.AutoTests" name="[46] /home/travis/build/icyphy/ptII/ptolemy/actor/lib/hoc/test/auto/MultiInstanceComposite2.xml (RunModel)" time="0.032" />
  <testcase classname="ptolemy.util.test.junit.AutoTests" name="[47] /home/travis/build/icyphy/ptII/ptolemy/actor/lib/hoc/test/auto/MulticoreExecution.xml (RunModel)" time="1.071" />
  <testcase classname="ptolemy.util.test.junit.AutoTests" name="[48] /home/travis/build/icyphy/ptII/ptolemy/actor/lib/hoc/test/auto/ParallelExecution.xml (RunModel)" time="0.955" />
  <testcase classname="ptolemy.util.test.junit.AutoTests" name="[49] /home/travis/build/icyphy/ptII/ptolemy/actor/lib/hoc/test/auto/RunCompositeActor.xml (RunModel)" time="0.052" />
  <testcase classname="ptolemy.util.test.junit.AutoTests" name="[50] /home/travis/build/icyphy/ptII/ptolemy/actor/lib/hoc/test/auto/RunCompositeActor2.xml (RunModel)" time="0.021" />
  <testcase classname="ptolemy.util.test.junit.AutoTests" name="[51] /home/travis/build/icyphy/ptII/ptolemy/actor/lib/hoc/test/auto/RunCompositeActor3.xml (RunModel)" time="0.019" />
  <testcase classname="ptolemy.util.test.junit.AutoTests" name="[52] /home/travis/build/icyphy/ptII/ptolemy/actor/lib/hoc/test/auto/RunCompositeActor4.xml (RunModel)" time="0.025" />
  <testcase classname="ptolemy.util.test.junit.AutoTests" name="[53] /home/travis/build/icyphy/ptII/ptolemy/actor/lib/hoc/test/auto/RunCompositeIterateOverArray.xml (RunModel)" time="0.039" />
  <testcase classname="ptolemy.util.test.junit.AutoTests" name="[54] /home/travis/build/icyphy/ptII/ptolemy/actor/lib/hoc/test/auto/ThreadedJS.xml (RunModel)" time="11.831" />
  <system-out><![CDATA[/home/travis/build/icyphy/ptII/ptolemy/actor/lib/hoc/test/IterateOverArray.tcl
testDefs.tcl: setting time out to 9000 seconds at Thu Sep 10 15:41:12 UTC 2020
09/10/20 03:41:12
Failed: 0  Total Tests: 2  ((Passed: 2, Newly Passed: 0)  Known Failed: 0) /home/travis/build/icyphy/ptII/ptolemy/actor/lib/hoc/test
----------------- testing (KnownFailure) /home/travis/build/icyphy/ptII/ptolemy/actor/lib/hoc/test/auto/knownFailedTests/PreinitializeMustBeInvokedRunComposite.xml
88 ms. Memory: 129024K Free: 86470K (67%)
Known Failure: java.lang.reflect.InvocationTargetException
No auto/linux-amd64/*.xml tests in /home/travis/build/icyphy/ptII/ptolemy/actor/lib/hoc/test
AutoTests.java: About to close Vertx.
AutoTests.java: Vertx closed.

===========================================================================================
----------------- testing Thu Sep 10 15:41:13 UTC 2020 /home/travis/build/icyphy/ptII/ptolemy/actor/lib/hoc/test/auto/AllToAllMultiInstanceComposite.xml
----------------- Instantiating /home/travis/build/icyphy/ptII/ptolemy/actor/lib/hoc/test/auto/AllToAllMultiInstanceComposite.xml
186 ms. Memory: 129024K Free: 105356K (82%)
----------------- Invoking toplevel() on ptolemy.moml.MoMLSimpleApplication@676567cf
----------------- Done invoking toplevel() on ptolemy.moml.MoMLSimpleApplication@676567cf
reloadAllAccessors: .AllToAllMultiInstanceComposite

===========================================================================================
----------------- testing Thu Sep 10 15:41:13 UTC 2020 /home/travis/build/icyphy/ptII/ptolemy/actor/lib/hoc/test/auto/ApplyFFTTest.xml
----------------- Instantiating /home/travis/build/icyphy/ptII/ptolemy/actor/lib/hoc/test/auto/ApplyFFTTest.xml
136 ms. Memory: 129024K Free: 86620K (67%)
----------------- Invoking toplevel() on ptolemy.moml.MoMLSimpleApplication@262a7259
----------------- Done invoking toplevel() on ptolemy.moml.MoMLSimpleApplication@262a7259
reloadAllAccessors: .ApplyFFTTest

===========================================================================================
----------------- testing Thu Sep 10 15:41:13 UTC 2020 /home/travis/build/icyphy/ptII/ptolemy/actor/lib/hoc/test/auto/ApplyFunction.xml
----------------- Instantiating /home/travis/build/icyphy/ptII/ptolemy/actor/lib/hoc/test/auto/ApplyFunction.xml
5 ms. Memory: 129024K Free: 83172K (64%)
----------------- Invoking toplevel() on ptolemy.moml.MoMLSimpleApplication@6c4171a6
----------------- Done invoking toplevel() on ptolemy.moml.MoMLSimpleApplication@6c4171a6
reloadAllAccessors: .ApplyFunction

===========================================================================================
----------------- testing Thu Sep 10 15:41:13 UTC 2020 /home/travis/build/icyphy/ptII/ptolemy/actor/lib/hoc/test/auto/BackgroundExecution.xml
----------------- Instantiating /home/travis/build/icyphy/ptII/ptolemy/actor/lib/hoc/test/auto/BackgroundExecution.xml
641 ms. Memory: 129024K Free: 75665K (59%)
----------------- Invoking toplevel() on ptolemy.moml.MoMLSimpleApplication@53b60b3
----------------- Done invoking toplevel() on ptolemy.moml.MoMLSimpleApplication@53b60b3
reloadAllAccessors: .BackgroundExecution

===========================================================================================
----------------- testing Thu Sep 10 15:41:14 UTC 2020 /home/travis/build/icyphy/ptII/ptolemy/actor/lib/hoc/test/auto/Case.xml
----------------- Instantiating /home/travis/build/icyphy/ptII/ptolemy/actor/lib/hoc/test/auto/Case.xml
17 ms. Memory: 129024K Free: 113478K (88%)
----------------- Invoking toplevel() on ptolemy.moml.MoMLSimpleApplication@108ca5eb
----------------- Done invoking toplevel() on ptolemy.moml.MoMLSimpleApplication@108ca5eb
reloadAllAccessors: .Case

===========================================================================================
----------------- testing Thu Sep 10 15:41:14 UTC 2020 /home/travis/build/icyphy/ptII/ptolemy/actor/lib/hoc/test/auto/Case1.xml
----------------- Instantiating /home/travis/build/icyphy/ptII/ptolemy/actor/lib/hoc/test/auto/Case1.xml
25 ms. Memory: 129024K Free: 106444K (82%)
----------------- Invoking toplevel() on ptolemy.moml.MoMLSimpleApplication@1b60caef
----------------- Done invoking toplevel() on ptolemy.moml.MoMLSimpleApplication@1b60caef
reloadAllAccessors: .Case1

===========================================================================================
----------------- testing Thu Sep 10 15:41:14 UTC 2020 /home/travis/build/icyphy/ptII/ptolemy/actor/lib/hoc/test/auto/Case2.xml
----------------- Instantiating /home/travis/build/icyphy/ptII/ptolemy/actor/lib/hoc/test/auto/Case2.xml
34 ms. Memory: 129024K Free: 96591K (75%)
----------------- Invoking toplevel() on ptolemy.moml.MoMLSimpleApplication@7558280a
----------------- Done invoking toplevel() on ptolemy.moml.MoMLSimpleApplication@7558280a
reloadAllAccessors: .Case2

===========================================================================================
----------------- testing Thu Sep 10 15:41:14 UTC 2020 /home/travis/build/icyphy/ptII/ptolemy/actor/lib/hoc/test/auto/Case3.xml
----------------- Instantiating /home/travis/build/icyphy/ptII/ptolemy/actor/lib/hoc/test/auto/Case3.xml
16 ms. Memory: 129024K Free: 90132K (70%)
----------------- Invoking toplevel() on ptolemy.moml.MoMLSimpleApplication@7dfdd7
----------------- Done invoking toplevel() on ptolemy.moml.MoMLSimpleApplication@7dfdd7
reloadAllAccessors: .Case3

===========================================================================================
----------------- testing Thu Sep 10 15:41:15 UTC 2020 /home/travis/build/icyphy/ptII/ptolemy/actor/lib/hoc/test/auto/Case4.xml
----------------- Instantiating /home/travis/build/icyphy/ptII/ptolemy/actor/lib/hoc/test/auto/Case4.xml
21 ms. Memory: 129024K Free: 82743K (64%)
----------------- Invoking toplevel() on ptolemy.moml.MoMLSimpleApplication@77a24747
----------------- Done invoking toplevel() on ptolemy.moml.MoMLSimpleApplication@77a24747
reloadAllAccessors: .Case4

===========================================================================================
----------------- testing Thu Sep 10 15:41:15 UTC 2020 /home/travis/build/icyphy/ptII/ptolemy/actor/lib/hoc/test/auto/Case5.xml
----------------- Instantiating /home/travis/build/icyphy/ptII/ptolemy/actor/lib/hoc/test/auto/Case5.xml
47 ms. Memory: 129024K Free: 76583K (59%)
----------------- Invoking toplevel() on ptolemy.moml.MoMLSimpleApplication@1902c1eb
----------------- Done invoking toplevel() on ptolemy.moml.MoMLSimpleApplication@1902c1eb
reloadAllAccessors: .junk

===========================================================================================
----------------- testing Thu Sep 10 15:41:15 UTC 2020 /home/travis/build/icyphy/ptII/ptolemy/actor/lib/hoc/test/auto/Case6.xml
----------------- Instantiating /home/travis/build/icyphy/ptII/ptolemy/actor/lib/hoc/test/auto/Case6.xml
37 ms. Memory: 129024K Free: 65110K (50%)
----------------- Invoking toplevel() on ptolemy.moml.MoMLSimpleApplication@2a3852da
----------------- Done invoking toplevel() on ptolemy.moml.MoMLSimpleApplication@2a3852da
reloadAllAccessors: .Case6

===========================================================================================
----------------- testing Thu Sep 10 15:41:15 UTC 2020 /home/travis/build/icyphy/ptII/ptolemy/actor/lib/hoc/test/auto/CaseString2.xml
----------------- Instantiating /home/travis/build/icyphy/ptII/ptolemy/actor/lib/hoc/test/auto/CaseString2.xml
22 ms. Memory: 129024K Free: 109117K (85%)
----------------- Invoking toplevel() on ptolemy.moml.MoMLSimpleApplication@73e61fc4
----------------- Done invoking toplevel() on ptolemy.moml.MoMLSimpleApplication@73e61fc4
reloadAllAccessors: .CaseString2

===========================================================================================
----------------- testing Thu Sep 10 15:41:15 UTC 2020 /home/travis/build/icyphy/ptII/ptolemy/actor/lib/hoc/test/auto/CatchUpComposite1.xml
----------------- Instantiating /home/travis/build/icyphy/ptII/ptolemy/actor/lib/hoc/test/auto/CatchUpComposite1.xml
28 ms. Memory: 129024K Free: 100035K (78%)
----------------- Invoking toplevel() on ptolemy.moml.MoMLSimpleApplication@3b7b04a7
----------------- Done invoking toplevel() on ptolemy.moml.MoMLSimpleApplication@3b7b04a7
reloadAllAccessors: .CatchUpComposite1

===========================================================================================
----------------- testing Thu Sep 10 15:41:15 UTC 2020 /home/travis/build/icyphy/ptII/ptolemy/actor/lib/hoc/test/auto/CatchUpComposite2.xml
----------------- Instantiating /home/travis/build/icyphy/ptII/ptolemy/actor/lib/hoc/test/auto/CatchUpComposite2.xml
14 ms. Memory: 129024K Free: 91819K (71%)
----------------- Invoking toplevel() on ptolemy.moml.MoMLSimpleApplication@ae05ee5
----------------- Done invoking toplevel() on ptolemy.moml.MoMLSimpleApplication@ae05ee5
reloadAllAccessors: .CatchUpComposite2

===========================================================================================
----------------- testing Thu Sep 10 15:41:15 UTC 2020 /home/travis/build/icyphy/ptII/ptolemy/actor/lib/hoc/test/auto/CatchUpComposite3.xml
----------------- Instantiating /home/travis/build/icyphy/ptII/ptolemy/actor/lib/hoc/test/auto/CatchUpComposite3.xml
23 ms. Memory: 129024K Free: 83613K (65%)
----------------- Invoking toplevel() on ptolemy.moml.MoMLSimpleApplication@1baa4105
----------------- Done invoking toplevel() on ptolemy.moml.MoMLSimpleApplication@1baa4105
reloadAllAccessors: .CatchUpComposite3

===========================================================================================
----------------- testing Thu Sep 10 15:41:15 UTC 2020 /home/travis/build/icyphy/ptII/ptolemy/actor/lib/hoc/test/auto/CatchUpComposite4.xml
----------------- Instantiating /home/travis/build/icyphy/ptII/ptolemy/actor/lib/hoc/test/auto/CatchUpComposite4.xml
15 ms. Memory: 129024K Free: 75772K (59%)
----------------- Invoking toplevel() on ptolemy.moml.MoMLSimpleApplication@e576366
----------------- Done invoking toplevel() on ptolemy.moml.MoMLSimpleApplication@e576366
reloadAllAccessors: .CatchUpComposite4

===========================================================================================
----------------- testing Thu Sep 10 15:41:15 UTC 2020 /home/travis/build/icyphy/ptII/ptolemy/actor/lib/hoc/test/auto/CatchUpComposite5.xml
----------------- Instantiating /home/travis/build/icyphy/ptII/ptolemy/actor/lib/hoc/test/auto/CatchUpComposite5.xml
13 ms. Memory: 129024K Free: 68290K (53%)
----------------- Invoking toplevel() on ptolemy.moml.MoMLSimpleApplication@73622e4d
----------------- Done invoking toplevel() on ptolemy.moml.MoMLSimpleApplication@73622e4d
reloadAllAccessors: .CatchUpComposite5

===========================================================================================
----------------- testing Thu Sep 10 15:41:15 UTC 2020 /home/travis/build/icyphy/ptII/ptolemy/actor/lib/hoc/test/auto/CatchUpComposite6.xml
----------------- Instantiating /home/travis/build/icyphy/ptII/ptolemy/actor/lib/hoc/test/auto/CatchUpComposite6.xml
WARNING: The execution aspects in this model can influence the timing of actors by delaying the 
execution, potentially changing the behavior. There is no guarantee that actors fire at the 
time they request to be fired. 
Use Ptides for deterministic DE behavior that is not influenced by execution aspects. 

89 ms. Memory: 129024K Free: 53258K (41%)
----------------- Invoking toplevel() on ptolemy.moml.MoMLSimpleApplication@7f4b9943
----------------- Done invoking toplevel() on ptolemy.moml.MoMLSimpleApplication@7f4b9943
reloadAllAccessors: .CatchUpComposite6

===========================================================================================
----------------- testing Thu Sep 10 15:41:15 UTC 2020 /home/travis/build/icyphy/ptII/ptolemy/actor/lib/hoc/test/auto/CatchUpComposite7.xml
----------------- Instantiating /home/travis/build/icyphy/ptII/ptolemy/actor/lib/hoc/test/auto/CatchUpComposite7.xml
WARNING: The execution aspects in this model can influence the timing of actors by delaying the 
execution, potentially changing the behavior. There is no guarantee that actors fire at the 
time they request to be fired. 
Use Ptides for deterministic DE behavior that is not influenced by execution aspects. 

37 ms. Memory: 129024K Free: 105187K (82%)
----------------- Invoking toplevel() on ptolemy.moml.MoMLSimpleApplication@584e3344
----------------- Done invoking toplevel() on ptolemy.moml.MoMLSimpleApplication@584e3344
reloadAllAccessors: .CatchUpComposite7

===========================================================================================
----------------- testing Thu Sep 10 15:41:15 UTC 2020 /home/travis/build/icyphy/ptII/ptolemy/actor/lib/hoc/test/auto/ConcurrentExecutionTimeSDF.xml
----------------- Instantiating /home/travis/build/icyphy/ptII/ptolemy/actor/lib/hoc/test/auto/ConcurrentExecutionTimeSDF.xml
Fired ExecutionTime: 40400000
Fired ExecutionTime: 40400000
Fired ExecutionTime: 40400000
Fired ExecutionTime: 40400000
Fired ExecutionTime: 40400000
Fired ExecutionTime: 40400000
Fired ExecutionTime: 40400000
Fired ExecutionTime: 40400000
Fired ExecutionTime: 40400000
Fired ExecutionTime: 40400000
Fired ExecutionTime: 40400000
Fired ExecutionTime: 40400000
Fired ExecutionTime: 40400000
Fired ExecutionTime: 40400000
Fired ExecutionTime: 40400000
Fired ExecutionTime: 40400000
Fired ExecutionTime: 40400000
Fired ExecutionTime: 40400000
Fired ExecutionTime: 40400000
Fired ExecutionTime: 40400000
881 ms. Memory: 129024K Free: 98018K (76%)
----------------- Invoking toplevel() on ptolemy.moml.MoMLSimpleApplication@6338dbc5
----------------- Done invoking toplevel() on ptolemy.moml.MoMLSimpleApplication@6338dbc5
reloadAllAccessors: .ConcurrentExecutionTimeSDF

===========================================================================================
----------------- testing Thu Sep 10 15:41:16 UTC 2020 /home/travis/build/icyphy/ptII/ptolemy/actor/lib/hoc/test/auto/ConcurrentSleep.xml
----------------- Instantiating /home/travis/build/icyphy/ptII/ptolemy/actor/lib/hoc/test/auto/ConcurrentSleep.xml
726 ms. Memory: 129024K Free: 87779K (68%)
----------------- Invoking toplevel() on ptolemy.moml.MoMLSimpleApplication@5a47b220
----------------- Done invoking toplevel() on ptolemy.moml.MoMLSimpleApplication@5a47b220
reloadAllAccessors: .ConcurrentSleep

===========================================================================================
----------------- testing Thu Sep 10 15:41:17 UTC 2020 /home/travis/build/icyphy/ptII/ptolemy/actor/lib/hoc/test/auto/DEInPNInRunCompositeActor.xml
----------------- Instantiating /home/travis/build/icyphy/ptII/ptolemy/actor/lib/hoc/test/auto/DEInPNInRunCompositeActor.xml
7 ms. Memory: 129024K Free: 82115K (64%)
----------------- Invoking toplevel() on ptolemy.moml.MoMLSimpleApplication@1abc127a
----------------- Done invoking toplevel() on ptolemy.moml.MoMLSimpleApplication@1abc127a
reloadAllAccessors: .DEInPNInRunCompositeActor

===========================================================================================
----------------- testing Thu Sep 10 15:41:17 UTC 2020 /home/travis/build/icyphy/ptII/ptolemy/actor/lib/hoc/test/auto/DFTSubSetTest.xml
----------------- Instantiating /home/travis/build/icyphy/ptII/ptolemy/actor/lib/hoc/test/auto/DFTSubSetTest.xml
162 ms. Memory: 129024K Free: 110152K (85%)
----------------- Invoking toplevel() on ptolemy.moml.MoMLSimpleApplication@68e2677a
----------------- Done invoking toplevel() on ptolemy.moml.MoMLSimpleApplication@68e2677a
reloadAllAccessors: .DFTSubSetTest

===========================================================================================
----------------- testing Thu Sep 10 15:41:17 UTC 2020 /home/travis/build/icyphy/ptII/ptolemy/actor/lib/hoc/test/auto/HocDE.xml
----------------- Instantiating /home/travis/build/icyphy/ptII/ptolemy/actor/lib/hoc/test/auto/HocDE.xml
93 ms. Memory: 129024K Free: 84695K (66%)
----------------- Invoking toplevel() on ptolemy.moml.MoMLSimpleApplication@47553fae
----------------- Done invoking toplevel() on ptolemy.moml.MoMLSimpleApplication@47553fae
reloadAllAccessors: .HocDE

===========================================================================================
----------------- testing Thu Sep 10 15:41:17 UTC 2020 /home/travis/build/icyphy/ptII/ptolemy/actor/lib/hoc/test/auto/IterateOverArray.xml
----------------- Instantiating /home/travis/build/icyphy/ptII/ptolemy/actor/lib/hoc/test/auto/IterateOverArray.xml
8 ms. Memory: 129024K Free: 80193K (62%)
----------------- Invoking toplevel() on ptolemy.moml.MoMLSimpleApplication@343785f9
----------------- Done invoking toplevel() on ptolemy.moml.MoMLSimpleApplication@343785f9
reloadAllAccessors: .IterateOverArray

===========================================================================================
----------------- testing Thu Sep 10 15:41:18 UTC 2020 /home/travis/build/icyphy/ptII/ptolemy/actor/lib/hoc/test/auto/IterateOverArray10.xml
----------------- Instantiating /home/travis/build/icyphy/ptII/ptolemy/actor/lib/hoc/test/auto/IterateOverArray10.xml
3 ms. Memory: 129024K Free: 76874K (60%)
----------------- Invoking toplevel() on ptolemy.moml.MoMLSimpleApplication@67ac5578
----------------- Done invoking toplevel() on ptolemy.moml.MoMLSimpleApplication@67ac5578
reloadAllAccessors: .IterateOverArray10

===========================================================================================
----------------- testing Thu Sep 10 15:41:18 UTC 2020 /home/travis/build/icyphy/ptII/ptolemy/actor/lib/hoc/test/auto/IterateOverArray11.xml
----------------- Instantiating /home/travis/build/icyphy/ptII/ptolemy/actor/lib/hoc/test/auto/IterateOverArray11.xml
5 ms. Memory: 129024K Free: 72993K (57%)
----------------- Invoking toplevel() on ptolemy.moml.MoMLSimpleApplication@4defb6d5
----------------- Done invoking toplevel() on ptolemy.moml.MoMLSimpleApplication@4defb6d5
reloadAllAccessors: .IterateOverArray11

===========================================================================================
----------------- testing Thu Sep 10 15:41:18 UTC 2020 /home/travis/build/icyphy/ptII/ptolemy/actor/lib/hoc/test/auto/IterateOverArray12.xml
----------------- Instantiating /home/travis/build/icyphy/ptII/ptolemy/actor/lib/hoc/test/auto/IterateOverArray12.xml
14 ms. Memory: 129024K Free: 66919K (52%)
----------------- Invoking toplevel() on ptolemy.moml.MoMLSimpleApplication@37ad8ae3
----------------- Done invoking toplevel() on ptolemy.moml.MoMLSimpleApplication@37ad8ae3
reloadAllAccessors: .IterateOverArray12

===========================================================================================
----------------- testing Thu Sep 10 15:41:18 UTC 2020 /home/travis/build/icyphy/ptII/ptolemy/actor/lib/hoc/test/auto/IterateOverArray13.xml
----------------- Instantiating /home/travis/build/icyphy/ptII/ptolemy/actor/lib/hoc/test/auto/IterateOverArray13.xml
70 ms. Memory: 129024K Free: 41319K (32%)
----------------- Invoking toplevel() on ptolemy.moml.MoMLSimpleApplication@215e0a00
----------------- Done invoking toplevel() on ptolemy.moml.MoMLSimpleApplication@215e0a00
reloadAllAccessors: .IterateOverArray13

===========================================================================================
----------------- testing Thu Sep 10 15:41:18 UTC 2020 /home/travis/build/icyphy/ptII/ptolemy/actor/lib/hoc/test/auto/IterateOverArray14.xml
----------------- Instantiating /home/travis/build/icyphy/ptII/ptolemy/actor/lib/hoc/test/auto/IterateOverArray14.xml
67 ms. Memory: 159744K Free: 113450K (71%)
----------------- Invoking toplevel() on ptolemy.moml.MoMLSimpleApplication@ce2b309
----------------- Done invoking toplevel() on ptolemy.moml.MoMLSimpleApplication@ce2b309
reloadAllAccessors: .IterateOverArray14

===========================================================================================
----------------- testing Thu Sep 10 15:41:18 UTC 2020 /home/travis/build/icyphy/ptII/ptolemy/actor/lib/hoc/test/auto/IterateOverArray2.xml
----------------- Instantiating /home/travis/build/icyphy/ptII/ptolemy/actor/lib/hoc/test/auto/IterateOverArray2.xml
9 ms. Memory: 159744K Free: 108844K (68%)
----------------- Invoking toplevel() on ptolemy.moml.MoMLSimpleApplication@34af53cb
----------------- Done invoking toplevel() on ptolemy.moml.MoMLSimpleApplication@34af53cb
reloadAllAccessors: .IterateOverArray2

===========================================================================================
----------------- testing Thu Sep 10 15:41:18 UTC 2020 /home/travis/build/icyphy/ptII/ptolemy/actor/lib/hoc/test/auto/IterateOverArray3.xml
----------------- Instantiating /home/travis/build/icyphy/ptII/ptolemy/actor/lib/hoc/test/auto/IterateOverArray3.xml
20 ms. Memory: 159744K Free: 103210K (65%)
----------------- Invoking toplevel() on ptolemy.moml.MoMLSimpleApplication@5a9743e1
----------------- Done invoking toplevel() on ptolemy.moml.MoMLSimpleApplication@5a9743e1
reloadAllAccessors: .IterateOverArray3

===========================================================================================
----------------- testing Thu Sep 10 15:41:18 UTC 2020 /home/travis/build/icyphy/ptII/ptolemy/actor/lib/hoc/test/auto/IterateOverArray4.xml
----------------- Instantiating /home/travis/build/icyphy/ptII/ptolemy/actor/lib/hoc/test/auto/IterateOverArray4.xml
4 ms. Memory: 159744K Free: 99114K (62%)
----------------- Invoking toplevel() on ptolemy.moml.MoMLSimpleApplication@68e3fa3e
----------------- Done invoking toplevel() on ptolemy.moml.MoMLSimpleApplication@68e3fa3e
reloadAllAccessors: .IterateOverArray4

===========================================================================================
----------------- testing Thu Sep 10 15:41:18 UTC 2020 /home/travis/build/icyphy/ptII/ptolemy/actor/lib/hoc/test/auto/IterateOverArray5.xml
----------------- Instantiating /home/travis/build/icyphy/ptII/ptolemy/actor/lib/hoc/test/auto/IterateOverArray5.xml
3 ms. Memory: 159744K Free: 95018K (59%)
----------------- Invoking toplevel() on ptolemy.moml.MoMLSimpleApplication@49632180
----------------- Done invoking toplevel() on ptolemy.moml.MoMLSimpleApplication@49632180
reloadAllAccessors: .IterateOverArray5

===========================================================================================
----------------- testing Thu Sep 10 15:41:18 UTC 2020 /home/travis/build/icyphy/ptII/ptolemy/actor/lib/hoc/test/auto/IterateOverArray6.xml
----------------- Instantiating /home/travis/build/icyphy/ptII/ptolemy/actor/lib/hoc/test/auto/IterateOverArray6.xml
4 ms. Memory: 159744K Free: 91946K (58%)
----------------- Invoking toplevel() on ptolemy.moml.MoMLSimpleApplication@411944e
----------------- Done invoking toplevel() on ptolemy.moml.MoMLSimpleApplication@411944e
reloadAllAccessors: .IterateOverArray6

===========================================================================================
----------------- testing Thu Sep 10 15:41:18 UTC 2020 /home/travis/build/icyphy/ptII/ptolemy/actor/lib/hoc/test/auto/IterateOverArray7.xml
----------------- Instantiating /home/travis/build/icyphy/ptII/ptolemy/actor/lib/hoc/test/auto/IterateOverArray7.xml
7 ms. Memory: 159744K Free: 87340K (55%)
----------------- Invoking toplevel() on ptolemy.moml.MoMLSimpleApplication@564f08f7
----------------- Done invoking toplevel() on ptolemy.moml.MoMLSimpleApplication@564f08f7
reloadAllAccessors: .IterateOverArray7

===========================================================================================
----------------- testing Thu Sep 10 15:41:18 UTC 2020 /home/travis/build/icyphy/ptII/ptolemy/actor/lib/hoc/test/auto/IterateOverArray8.xml
----------------- Instantiating /home/travis/build/icyphy/ptII/ptolemy/actor/lib/hoc/test/auto/IterateOverArray8.xml
4 ms. Memory: 159744K Free: 83244K (52%)
----------------- Invoking toplevel() on ptolemy.moml.MoMLSimpleApplication@3494c5e5
----------------- Done invoking toplevel() on ptolemy.moml.MoMLSimpleApplication@3494c5e5
reloadAllAccessors: .IterateOverArray8

===========================================================================================
----------------- testing Thu Sep 10 15:41:18 UTC 2020 /home/travis/build/icyphy/ptII/ptolemy/actor/lib/hoc/test/auto/IterateOverArray9.xml
----------------- Instantiating /home/travis/build/icyphy/ptII/ptolemy/actor/lib/hoc/test/auto/IterateOverArray9.xml
5 ms. Memory: 159744K Free: 79148K (50%)
----------------- Invoking toplevel() on ptolemy.moml.MoMLSimpleApplication@7fa8e15
----------------- Done invoking toplevel() on ptolemy.moml.MoMLSimpleApplication@7fa8e15
reloadAllAccessors: .IterateOverArray9

===========================================================================================
----------------- testing Thu Sep 10 15:41:18 UTC 2020 /home/travis/build/icyphy/ptII/ptolemy/actor/lib/hoc/test/auto/IterateOverArrayCoercedOutputType.xml
----------------- Instantiating /home/travis/build/icyphy/ptII/ptolemy/actor/lib/hoc/test/auto/IterateOverArrayCoercedOutputType.xml
7 ms. Memory: 159744K Free: 74028K (46%)
----------------- Invoking toplevel() on ptolemy.moml.MoMLSimpleApplication@4d4d3496
----------------- Done invoking toplevel() on ptolemy.moml.MoMLSimpleApplication@4d4d3496
reloadAllAccessors: .IterateOverArrayCoercedOutputType

===========================================================================================
----------------- testing Thu Sep 10 15:41:18 UTC 2020 /home/travis/build/icyphy/ptII/ptolemy/actor/lib/hoc/test/auto/IterateOverArrayInferredOutputType.xml
----------------- Instantiating /home/travis/build/icyphy/ptII/ptolemy/actor/lib/hoc/test/auto/IterateOverArrayInferredOutputType.xml
8 ms. Memory: 159744K Free: 69418K (43%)
----------------- Invoking toplevel() on ptolemy.moml.MoMLSimpleApplication@16ebf340
----------------- Done invoking toplevel() on ptolemy.moml.MoMLSimpleApplication@16ebf340
reloadAllAccessors: .IterateOverArrayInferredOutputType

===========================================================================================
----------------- testing Thu Sep 10 15:41:18 UTC 2020 /home/travis/build/icyphy/ptII/ptolemy/actor/lib/hoc/test/auto/MobileFunctionTest.xml
----------------- Instantiating /home/travis/build/icyphy/ptII/ptolemy/actor/lib/hoc/test/auto/MobileFunctionTest.xml
7 ms. Memory: 159744K Free: 65292K (41%)
----------------- Invoking toplevel() on ptolemy.moml.MoMLSimpleApplication@6df94229
----------------- Done invoking toplevel() on ptolemy.moml.MoMLSimpleApplication@6df94229
reloadAllAccessors: .MobileFunctionTest

===========================================================================================
----------------- testing Thu Sep 10 15:41:18 UTC 2020 /home/travis/build/icyphy/ptII/ptolemy/actor/lib/hoc/test/auto/MobileModelTest.xml
----------------- Instantiating /home/travis/build/icyphy/ptII/ptolemy/actor/lib/hoc/test/auto/MobileModelTest.xml
136 ms. Memory: 159744K Free: 130895K (82%)
----------------- Invoking toplevel() on ptolemy.moml.MoMLSimpleApplication@4dc07b7e
----------------- Done invoking toplevel() on ptolemy.moml.MoMLSimpleApplication@4dc07b7e
reloadAllAccessors: .MobileModelTest

===========================================================================================
----------------- testing Thu Sep 10 15:41:18 UTC 2020 /home/travis/build/icyphy/ptII/ptolemy/actor/lib/hoc/test/auto/ModelReference.xml
----------------- Instantiating /home/travis/build/icyphy/ptII/ptolemy/actor/lib/hoc/test/auto/ModelReference.xml
2 ms. Memory: 159744K Free: 124198K (78%)
2 ms. Memory: 159744K Free: 123697K (77%)
2 ms. Memory: 159744K Free: 122705K (77%)
1 ms. Memory: 159744K Free: 121673K (76%)
1 ms. Memory: 159744K Free: 121148K (76%)
1 ms. Memory: 159744K Free: 120102K (75%)
1 ms. Memory: 159744K Free: 119601K (75%)
3 ms. Memory: 159744K Free: 118609K (74%)
6 ms. Memory: 159744K Free: 117577K (74%)
2 ms. Memory: 159744K Free: 117052K (73%)
29 ms. Memory: 159744K Free: 117052K (73%)
----------------- Invoking toplevel() on ptolemy.moml.MoMLSimpleApplication@711dc0da
----------------- Done invoking toplevel() on ptolemy.moml.MoMLSimpleApplication@711dc0da
reloadAllAccessors: .ModelReference

===========================================================================================
----------------- testing Thu Sep 10 15:41:18 UTC 2020 /home/travis/build/icyphy/ptII/ptolemy/actor/lib/hoc/test/auto/ModelReference3.xml
----------------- Instantiating /home/travis/build/icyphy/ptII/ptolemy/actor/lib/hoc/test/auto/ModelReference3.xml
2 ms. Memory: 159744K Free: 111932K (70%)
4 ms. Memory: 159744K Free: 111455K (70%)
1 ms. Memory: 159744K Free: 110447K (69%)
3 ms. Memory: 159744K Free: 109854K (69%)
3 ms. Memory: 159744K Free: 108830K (68%)
1 ms. Memory: 159744K Free: 108298K (68%)
3 ms. Memory: 159744K Free: 107335K (67%)
5 ms. Memory: 159744K Free: 106351K (67%)
2 ms. Memory: 159744K Free: 105758K (66%)
1 ms. Memory: 159744K Free: 104734K (66%)
33 ms. Memory: 159744K Free: 104734K (66%)
----------------- Invoking toplevel() on ptolemy.moml.MoMLSimpleApplication@43f343a
----------------- Done invoking toplevel() on ptolemy.moml.MoMLSimpleApplication@43f343a
reloadAllAccessors: .ModelReference3

===========================================================================================
----------------- testing Thu Sep 10 15:41:19 UTC 2020 /home/travis/build/icyphy/ptII/ptolemy/actor/lib/hoc/test/auto/ModelReference4.xml
----------------- Instantiating /home/travis/build/icyphy/ptII/ptolemy/actor/lib/hoc/test/auto/ModelReference4.xml
3 ms. Memory: 159744K Free: 100137K (63%)
3 ms. Memory: 159744K Free: 98606K (62%)
3 ms. Memory: 159744K Free: 97574K (61%)
3 ms. Memory: 159744K Free: 96057K (60%)
2 ms. Memory: 159744K Free: 95047K (59%)
2 ms. Memory: 159744K Free: 94063K (59%)
5 ms. Memory: 159744K Free: 92446K (58%)
2 ms. Memory: 159744K Free: 90945K (57%)
4 ms. Memory: 159744K Free: 89967K (56%)
2 ms. Memory: 159744K Free: 88350K (55%)
10016 ms. Memory: 159744K Free: 88350K (55%)
----------------- Invoking toplevel() on ptolemy.moml.MoMLSimpleApplication@2193b203
----------------- Done invoking toplevel() on ptolemy.moml.MoMLSimpleApplication@2193b203
reloadAllAccessors: .ModelReference4

===========================================================================================
----------------- testing Thu Sep 10 15:41:29 UTC 2020 /home/travis/build/icyphy/ptII/ptolemy/actor/lib/hoc/test/auto/MultiInstanceComposite.xml
----------------- Instantiating /home/travis/build/icyphy/ptII/ptolemy/actor/lib/hoc/test/auto/MultiInstanceComposite.xml
30 ms. Memory: 159744K Free: 69457K (43%)
----------------- Invoking toplevel() on ptolemy.moml.MoMLSimpleApplication@2ad91666
----------------- Done invoking toplevel() on ptolemy.moml.MoMLSimpleApplication@2ad91666
reloadAllAccessors: .MultiInstanceComposite

===========================================================================================
----------------- testing Thu Sep 10 15:41:29 UTC 2020 /home/travis/build/icyphy/ptII/ptolemy/actor/lib/hoc/test/auto/MultiInstanceComposite2.xml
----------------- Instantiating /home/travis/build/icyphy/ptII/ptolemy/actor/lib/hoc/test/auto/MultiInstanceComposite2.xml
15 ms. Memory: 159744K Free: 58152K (36%)
----------------- Invoking toplevel() on ptolemy.moml.MoMLSimpleApplication@6797d775
----------------- Done invoking toplevel() on ptolemy.moml.MoMLSimpleApplication@6797d775
reloadAllAccessors: .MultiInstanceComposite2

===========================================================================================
----------------- testing Thu Sep 10 15:41:29 UTC 2020 /home/travis/build/icyphy/ptII/ptolemy/actor/lib/hoc/test/auto/MulticoreExecution.xml
----------------- Instantiating /home/travis/build/icyphy/ptII/ptolemy/actor/lib/hoc/test/auto/MulticoreExecution.xml
Fired ExecutionTime: 3600000
Fired ExecutionTime: 2400000
Fired ExecutionTime: 21600000
Fired ExecutionTime: 26000000
Fired ExecutionTime: 107200000
Fired ExecutionTime: 108800000
Fired ExecutionTime: 108400000
Fired ExecutionTime: 83600000
Fired ExecutionTime: 107200000
Fired ExecutionTime: 108800000
Fired ExecutionTime: 107600000
Fired ExecutionTime: 109600000
Fired ExecutionTime: 107600000
Fired ExecutionTime: 107600000
Fired ExecutionTime: 108400000
Fired ExecutionTime: 108000000
Fired ExecutionTime: 106000000
Fired ExecutionTime: 105200000
Fired ExecutionTime: 104800000
Fired ExecutionTime: 106400000
1039 ms. Memory: 159744K Free: 141248K (88%)
----------------- Invoking toplevel() on ptolemy.moml.MoMLSimpleApplication@122aa8e4
----------------- Done invoking toplevel() on ptolemy.moml.MoMLSimpleApplication@122aa8e4
reloadAllAccessors: .MulticoreExecution

===========================================================================================
----------------- testing Thu Sep 10 15:41:30 UTC 2020 /home/travis/build/icyphy/ptII/ptolemy/actor/lib/hoc/test/auto/ParallelExecution.xml
----------------- Instantiating /home/travis/build/icyphy/ptII/ptolemy/actor/lib/hoc/test/auto/ParallelExecution.xml
917 ms. Memory: 159744K Free: 133980K (84%)
----------------- Invoking toplevel() on ptolemy.moml.MoMLSimpleApplication@385cf33d
----------------- Done invoking toplevel() on ptolemy.moml.MoMLSimpleApplication@385cf33d
reloadAllAccessors: .ParallelExecution

===========================================================================================
----------------- testing Thu Sep 10 15:41:31 UTC 2020 /home/travis/build/icyphy/ptII/ptolemy/actor/lib/hoc/test/auto/RunCompositeActor.xml
----------------- Instantiating /home/travis/build/icyphy/ptII/ptolemy/actor/lib/hoc/test/auto/RunCompositeActor.xml
8 ms. Memory: 159744K Free: 126896K (79%)
----------------- Invoking toplevel() on ptolemy.moml.MoMLSimpleApplication@13789a9
----------------- Done invoking toplevel() on ptolemy.moml.MoMLSimpleApplication@13789a9
reloadAllAccessors: .RunCompositeActor

===========================================================================================
----------------- testing Thu Sep 10 15:41:31 UTC 2020 /home/travis/build/icyphy/ptII/ptolemy/actor/lib/hoc/test/auto/RunCompositeActor2.xml
----------------- Instantiating /home/travis/build/icyphy/ptII/ptolemy/actor/lib/hoc/test/auto/RunCompositeActor2.xml
6 ms. Memory: 159744K Free: 120738K (76%)
----------------- Invoking toplevel() on ptolemy.moml.MoMLSimpleApplication@473d99f3
----------------- Done invoking toplevel() on ptolemy.moml.MoMLSimpleApplication@473d99f3
reloadAllAccessors: .RunCompositeActor2

===========================================================================================
----------------- testing Thu Sep 10 15:41:31 UTC 2020 /home/travis/build/icyphy/ptII/ptolemy/actor/lib/hoc/test/auto/RunCompositeActor3.xml
----------------- Instantiating /home/travis/build/icyphy/ptII/ptolemy/actor/lib/hoc/test/auto/RunCompositeActor3.xml
4 ms. Memory: 159744K Free: 115077K (72%)
----------------- Invoking toplevel() on ptolemy.moml.MoMLSimpleApplication@2861f5e9
----------------- Done invoking toplevel() on ptolemy.moml.MoMLSimpleApplication@2861f5e9
reloadAllAccessors: .RunCompositeActor3

===========================================================================================
----------------- testing Thu Sep 10 15:41:31 UTC 2020 /home/travis/build/icyphy/ptII/ptolemy/actor/lib/hoc/test/auto/RunCompositeActor4.xml
----------------- Instantiating /home/travis/build/icyphy/ptII/ptolemy/actor/lib/hoc/test/auto/RunCompositeActor4.xml
11 ms. Memory: 159744K Free: 106855K (67%)
----------------- Invoking toplevel() on ptolemy.moml.MoMLSimpleApplication@207394a4
----------------- Done invoking toplevel() on ptolemy.moml.MoMLSimpleApplication@207394a4
reloadAllAccessors: .RunCompositeActor4

===========================================================================================
----------------- testing Thu Sep 10 15:41:31 UTC 2020 /home/travis/build/icyphy/ptII/ptolemy/actor/lib/hoc/test/auto/RunCompositeIterateOverArray.xml
----------------- Instantiating /home/travis/build/icyphy/ptII/ptolemy/actor/lib/hoc/test/auto/RunCompositeIterateOverArray.xml
4 ms. Memory: 159744K Free: 101212K (63%)
----------------- Invoking toplevel() on ptolemy.moml.MoMLSimpleApplication@9089dc3
----------------- Done invoking toplevel() on ptolemy.moml.MoMLSimpleApplication@9089dc3
reloadAllAccessors: .RunCompositeIterateOverArray

===========================================================================================
----------------- testing Thu Sep 10 15:41:31 UTC 2020 /home/travis/build/icyphy/ptII/ptolemy/actor/lib/hoc/test/auto/ThreadedJS.xml
----------------- Instantiating /home/travis/build/icyphy/ptII/ptolemy/actor/lib/hoc/test/auto/ThreadedJS.xml
5254 ms. Memory: 231424K Free: 157084K (68%)
----------------- Invoking toplevel() on ptolemy.moml.MoMLSimpleApplication@366113f
----------------- Done invoking toplevel() on ptolemy.moml.MoMLSimpleApplication@366113f
reloadAllAccessors: .ThreadedJS
AutoTests.java: About to close Vertx.
AutoTests.java: Vertx closed.
]]></system-out>
  <system-err><![CDATA[java.lang.RuntimeException: Execution failed
	at ptolemy.moml.MoMLSimpleApplication$UnloadThread.run(MoMLSimpleApplication.java:402)
Caused by: ptolemy.kernel.util.IllegalActionException: initialize() was called after wrapup() was called but preinitialize() was not called after wrapup().
	at ptolemy.actor.lib.hoc.test.PreinitializeMustBeInvoked.initialize(PreinitializeMustBeInvoked.java:78)
	at ptolemy.actor.Director.initialize(Director.java:938)
	at ptolemy.actor.Director.initialize(Director.java:907)
	at ptolemy.actor.sched.StaticSchedulingDirector.initialize(StaticSchedulingDirector.java:159)
	at ptolemy.domains.sdf.kernel.SDFDirector.initialize(SDFDirector.java:544)
	at ptolemy.actor.CompositeActor.initialize(CompositeActor.java:935)
	at ptolemy.actor.lib.hoc.LifeCycleManager._executeInsideModel(LifeCycleManager.java:339)
	at ptolemy.actor.lib.hoc.RunCompositeActor.fire(RunCompositeActor.java:205)
	at ptolemy.actor.CompositeActor.iterate(CompositeActor.java:1146)
	at ptolemy.actor.sched.StaticSchedulingDirector.fire(StaticSchedulingDirector.java:216)
	at ptolemy.domains.sdf.kernel.SDFDirector.fire(SDFDirector.java:500)
	at ptolemy.actor.CompositeActor.fire(CompositeActor.java:455)
	at ptolemy.actor.Manager.iterate(Manager.java:851)
	at ptolemy.actor.Manager.execute(Manager.java:369)
	at ptolemy.actor.Manager.run(Manager.java:1263)
	at ptolemy.actor.Manager$PtolemyRunThread.run(Manager.java:1933)
java.lang.reflect.InvocationTargetException
	at java.base/jdk.internal.reflect.NativeConstructorAccessorImpl.newInstance0(Native Method)
	at java.base/jdk.internal.reflect.NativeConstructorAccessorImpl.newInstance(NativeConstructorAccessorImpl.java:62)
	at java.base/jdk.internal.reflect.DelegatingConstructorAccessorImpl.newInstance(DelegatingConstructorAccessorImpl.java:45)
	at java.base/java.lang.reflect.Constructor.newInstance(Constructor.java:490)
	at ptolemy.util.test.junit.AutoKnownFailedTests.RunModel(AutoKnownFailedTests.java:105)
	at java.base/jdk.internal.reflect.NativeMethodAccessorImpl.invoke0(Native Method)
	at java.base/jdk.internal.reflect.NativeMethodAccessorImpl.invoke(NativeMethodAccessorImpl.java:62)
	at java.base/jdk.internal.reflect.DelegatingMethodAccessorImpl.invoke(DelegatingMethodAccessorImpl.java:43)
	at java.base/java.lang.reflect.Method.invoke(Method.java:566)
	at org.junit.runners.model.FrameworkMethod$1.runReflectiveCall(FrameworkMethod.java:44)
	at org.junit.internal.runners.model.ReflectiveCallable.run(ReflectiveCallable.java:15)
	at org.junit.runners.model.FrameworkMethod.invokeExplosively(FrameworkMethod.java:41)
	at junitparams.internal.InvokeParameterisedMethod.evaluate(InvokeParameterisedMethod.java:102)
	at org.junit.internal.runners.statements.FailOnTimeout$1.run(FailOnTimeout.java:28)
Caused by: ptolemy.kernel.util.IllegalActionException: initialize() was called after wrapup() was called but preinitialize() was not called after wrapup().
	at ptolemy.actor.lib.hoc.test.PreinitializeMustBeInvoked.initialize(PreinitializeMustBeInvoked.java:78)
	at ptolemy.actor.Director.initialize(Director.java:938)
	at ptolemy.actor.Director.initialize(Director.java:907)
	at ptolemy.actor.sched.StaticSchedulingDirector.initialize(StaticSchedulingDirector.java:159)
	at ptolemy.domains.sdf.kernel.SDFDirector.initialize(SDFDirector.java:544)
	at ptolemy.actor.CompositeActor.initialize(CompositeActor.java:935)
	at ptolemy.actor.lib.hoc.LifeCycleManager._executeInsideModel(LifeCycleManager.java:339)
	at ptolemy.actor.lib.hoc.RunCompositeActor.fire(RunCompositeActor.java:205)
	at ptolemy.actor.CompositeActor.iterate(CompositeActor.java:1146)
	at ptolemy.actor.sched.StaticSchedulingDirector.fire(StaticSchedulingDirector.java:216)
	at ptolemy.domains.sdf.kernel.SDFDirector.fire(SDFDirector.java:500)
	at ptolemy.actor.CompositeActor.fire(CompositeActor.java:455)
	at ptolemy.actor.Manager.iterate(Manager.java:851)
	at ptolemy.actor.Manager.execute(Manager.java:369)
	at ptolemy.actor.Manager.run(Manager.java:1263)
	at ptolemy.actor.Manager$PtolemyRunThread.run(Manager.java:1933)
Warning: Nashorn engine is planned to be removed from a future JDK release
Warning: Nashorn engine is planned to be removed from a future JDK release
Warning: Nashorn engine is planned to be removed from a future JDK release
Warning: Nashorn engine is planned to be removed from a future JDK release
Warning: Nashorn engine is planned to be removed from a future JDK release
Warning: Nashorn engine is planned to be removed from a future JDK release
Warning: Nashorn engine is planned to be removed from a future JDK release
Warning: Nashorn engine is planned to be removed from a future JDK release
]]></system-err>
</testsuite>
