<?xml version="1.0" encoding="UTF-8" ?>
<testsuite errors="0" failures="0" hostname="travis-job-ead28e89-b6f2-440a-998a-f3988a993908" name="ptolemy.domains.continuous.test.junit.JUnitTclTest" skipped="0" tests="156" time="69.622" timestamp="2019-05-11T04:15:28">
  <properties>
[...]
</properties>
  <testcase classname="ptolemy.util.test.junit.TclTests" name="[0] ThereAreNoTclTests (RunTclFile)" time="0.001" />
  <testcase classname="ptolemy.util.test.junit.AutoKnownFailedTests" name="[0] ThereAreNoKnowFailedTests (RunModel)" time="0.001" />
  <testcase classname="ptolemy.util.test.junit.AutoNameArchTests" name="[0] ThereAreNoAutoArchTests (RunModel)" time="0.001" />
  <testcase classname="ptolemy.util.test.junit.AutoTests" name="[0] /home/travis/build/icyphy/ptII/ptolemy/domains/continuous/test/auto/BouncingBall.xml (RunModel)" time="2.938" />
  <testcase classname="ptolemy.util.test.junit.AutoTests" name="[1] /home/travis/build/icyphy/ptII/ptolemy/domains/continuous/test/auto/BouncingBallWithoutGR.xml (RunModel)" time="0.959" />
  <testcase classname="ptolemy.util.test.junit.AutoTests" name="[2] /home/travis/build/icyphy/ptII/ptolemy/domains/continuous/test/auto/Brownian.xml (RunModel)" time="0.078" />
  <testcase classname="ptolemy.util.test.junit.AutoTests" name="[3] /home/travis/build/icyphy/ptII/ptolemy/domains/continuous/test/auto/CarTracking.xml (RunModel)" time="3.506" />
  <testcase classname="ptolemy.util.test.junit.AutoTests" name="[4] /home/travis/build/icyphy/ptII/ptolemy/domains/continuous/test/auto/CartPendulum.xml (RunModel)" time="0.53" />
  <testcase classname="ptolemy.util.test.junit.AutoTests" name="[5] /home/travis/build/icyphy/ptII/ptolemy/domains/continuous/test/auto/CausalityInterface10.xml (RunModel)" time="0.053" />
  <testcase classname="ptolemy.util.test.junit.AutoTests" name="[6] /home/travis/build/icyphy/ptII/ptolemy/domains/continuous/test/auto/CausalityInterface11.xml (RunModel)" time="0.044" />
  <testcase classname="ptolemy.util.test.junit.AutoTests" name="[7] /home/travis/build/icyphy/ptII/ptolemy/domains/continuous/test/auto/CausalityInterface12.xml (RunModel)" time="0.035" />
  <testcase classname="ptolemy.util.test.junit.AutoTests" name="[8] /home/travis/build/icyphy/ptII/ptolemy/domains/continuous/test/auto/CausalityInterface13.xml (RunModel)" time="0.043" />
  <testcase classname="ptolemy.util.test.junit.AutoTests" name="[9] /home/travis/build/icyphy/ptII/ptolemy/domains/continuous/test/auto/CausalityInterface14.xml (RunModel)" time="0.029" />
  <testcase classname="ptolemy.util.test.junit.AutoTests" name="[10] /home/travis/build/icyphy/ptII/ptolemy/domains/continuous/test/auto/CausalityInterface4.xml (RunModel)" time="0.038" />
  <testcase classname="ptolemy.util.test.junit.AutoTests" name="[11] /home/travis/build/icyphy/ptII/ptolemy/domains/continuous/test/auto/CausalityInterface5.xml (RunModel)" time="0.041" />
  <testcase classname="ptolemy.util.test.junit.AutoTests" name="[12] /home/travis/build/icyphy/ptII/ptolemy/domains/continuous/test/auto/CausalityInterface6.xml (RunModel)" time="0.028" />
  <testcase classname="ptolemy.util.test.junit.AutoTests" name="[13] /home/travis/build/icyphy/ptII/ptolemy/domains/continuous/test/auto/CausalityInterface7.xml (RunModel)" time="0.059" />
  <testcase classname="ptolemy.util.test.junit.AutoTests" name="[14] /home/travis/build/icyphy/ptII/ptolemy/domains/continuous/test/auto/CausalityInterface8.xml (RunModel)" time="0.043" />
  <testcase classname="ptolemy.util.test.junit.AutoTests" name="[15] /home/travis/build/icyphy/ptII/ptolemy/domains/continuous/test/auto/CausalityInterface9.xml (RunModel)" time="0.05" />
  <testcase classname="ptolemy.util.test.junit.AutoTests" name="[16] /home/travis/build/icyphy/ptII/ptolemy/domains/continuous/test/auto/CausalityInterfaceFeedback1.xml (RunModel)" time="0.027" />
  <testcase classname="ptolemy.util.test.junit.AutoTests" name="[17] /home/travis/build/icyphy/ptII/ptolemy/domains/continuous/test/auto/CausalityInterfaceFeedback2.xml (RunModel)" time="0.032" />
  <testcase classname="ptolemy.util.test.junit.AutoTests" name="[18] /home/travis/build/icyphy/ptII/ptolemy/domains/continuous/test/auto/CompareWithCurrentTime.xml (RunModel)" time="0.024" />
  <testcase classname="ptolemy.util.test.junit.AutoTests" name="[19] /home/travis/build/icyphy/ptII/ptolemy/domains/continuous/test/auto/ComparedClocks.xml (RunModel)" time="0.076" />
  <testcase classname="ptolemy.util.test.junit.AutoTests" name="[20] /home/travis/build/icyphy/ptII/ptolemy/domains/continuous/test/auto/ContinuousAOCClone.xml (RunModel)" time="2.556" />
  <testcase classname="ptolemy.util.test.junit.AutoTests" name="[21] /home/travis/build/icyphy/ptII/ptolemy/domains/continuous/test/auto/ContinuousClock.xml (RunModel)" time="0.069" />
  <testcase classname="ptolemy.util.test.junit.AutoTests" name="[22] /home/travis/build/icyphy/ptII/ptolemy/domains/continuous/test/auto/ContinuousInContinuous.xml (RunModel)" time="0.093" />
  <testcase classname="ptolemy.util.test.junit.AutoTests" name="[23] /home/travis/build/icyphy/ptII/ptolemy/domains/continuous/test/auto/ContinuousInContinuousInContinuous.xml (RunModel)" time="0.029" />
  <testcase classname="ptolemy.util.test.junit.AutoTests" name="[24] /home/travis/build/icyphy/ptII/ptolemy/domains/continuous/test/auto/ContinuousInDE.xml (RunModel)" time="0.147" />
  <testcase classname="ptolemy.util.test.junit.AutoTests" name="[25] /home/travis/build/icyphy/ptII/ptolemy/domains/continuous/test/auto/ContinuousInDE2.xml (RunModel)" time="0.059" />
  <testcase classname="ptolemy.util.test.junit.AutoTests" name="[26] /home/travis/build/icyphy/ptII/ptolemy/domains/continuous/test/auto/ContinuousInDE3.xml (RunModel)" time="0.058" />
  <testcase classname="ptolemy.util.test.junit.AutoTests" name="[27] /home/travis/build/icyphy/ptII/ptolemy/domains/continuous/test/auto/ContinuousInDE4.xml (RunModel)" time="0.04" />
  <testcase classname="ptolemy.util.test.junit.AutoTests" name="[28] /home/travis/build/icyphy/ptII/ptolemy/domains/continuous/test/auto/ContinuousInDEDifferentRefinements.xml (RunModel)" time="0.115" />
  <testcase classname="ptolemy.util.test.junit.AutoTests" name="[29] /home/travis/build/icyphy/ptII/ptolemy/domains/continuous/test/auto/ContinuousInDEDifferentRefinementsPreemptive.xml (RunModel)" time="0.096" />
  <testcase classname="ptolemy.util.test.junit.AutoTests" name="[30] /home/travis/build/icyphy/ptII/ptolemy/domains/continuous/test/auto/ContinuousInDEInContinuous2.xml (RunModel)" time="0.062" />
  <testcase classname="ptolemy.util.test.junit.AutoTests" name="[31] /home/travis/build/icyphy/ptII/ptolemy/domains/continuous/test/auto/ContinuousInDEInContinuous3.xml (RunModel)" time="0.075" />
  <testcase classname="ptolemy.util.test.junit.AutoTests" name="[32] /home/travis/build/icyphy/ptII/ptolemy/domains/continuous/test/auto/ContinuousInDEInput.xml (RunModel)" time="0.031" />
  <testcase classname="ptolemy.util.test.junit.AutoTests" name="[33] /home/travis/build/icyphy/ptII/ptolemy/domains/continuous/test/auto/ContinuousInDEInput2.xml (RunModel)" time="0.04" />
  <testcase classname="ptolemy.util.test.junit.AutoTests" name="[34] /home/travis/build/icyphy/ptII/ptolemy/domains/continuous/test/auto/ContinuousInDEInput3.xml (RunModel)" time="0.028" />
  <testcase classname="ptolemy.util.test.junit.AutoTests" name="[35] /home/travis/build/icyphy/ptII/ptolemy/domains/continuous/test/auto/ContinuousInDESharingRefinement.xml (RunModel)" time="0.184" />
  <testcase classname="ptolemy.util.test.junit.AutoTests" name="[36] /home/travis/build/icyphy/ptII/ptolemy/domains/continuous/test/auto/ContinuousInDEwithNoPorts.xml (RunModel)" time="0.042" />
  <testcase classname="ptolemy.util.test.junit.AutoTests" name="[37] /home/travis/build/icyphy/ptII/ptolemy/domains/continuous/test/auto/ContinuousInsideDE.xml (RunModel)" time="0.103" />
  <testcase classname="ptolemy.util.test.junit.AutoTests" name="[38] /home/travis/build/icyphy/ptII/ptolemy/domains/continuous/test/auto/ContinuousMerge1.xml (RunModel)" time="0.015" />
  <testcase classname="ptolemy.util.test.junit.AutoTests" name="[39] /home/travis/build/icyphy/ptII/ptolemy/domains/continuous/test/auto/ContinuousMerge2.xml (RunModel)" time="0.052" />
  <testcase classname="ptolemy.util.test.junit.AutoTests" name="[40] /home/travis/build/icyphy/ptII/ptolemy/domains/continuous/test/auto/ContinuousMerge3.xml (RunModel)" time="0.073" />
  <testcase classname="ptolemy.util.test.junit.AutoTests" name="[41] /home/travis/build/icyphy/ptII/ptolemy/domains/continuous/test/auto/ContinuousWithinContinuous.xml (RunModel)" time="0.073" />
  <testcase classname="ptolemy.util.test.junit.AutoTests" name="[42] /home/travis/build/icyphy/ptII/ptolemy/domains/continuous/test/auto/ContinuousWithinContinuous2.xml (RunModel)" time="0.088" />
  <testcase classname="ptolemy.util.test.junit.AutoTests" name="[43] /home/travis/build/icyphy/ptII/ptolemy/domains/continuous/test/auto/ContinuousWithinContinuous3.xml (RunModel)" time="0.03" />
  <testcase classname="ptolemy.util.test.junit.AutoTests" name="[44] /home/travis/build/icyphy/ptII/ptolemy/domains/continuous/test/auto/ContinuousWithinContinuous4.xml (RunModel)" time="0.089" />
  <testcase classname="ptolemy.util.test.junit.AutoTests" name="[45] /home/travis/build/icyphy/ptII/ptolemy/domains/continuous/test/auto/ContinuousWithinContinuous5.xml (RunModel)" time="0.028" />
  <testcase classname="ptolemy.util.test.junit.AutoTests" name="[46] /home/travis/build/icyphy/ptII/ptolemy/domains/continuous/test/auto/ContinuousWithinContinuous6.xml (RunModel)" time="0.027" />
  <testcase classname="ptolemy.util.test.junit.AutoTests" name="[47] /home/travis/build/icyphy/ptII/ptolemy/domains/continuous/test/auto/ContinuousWithinContinuous7.xml (RunModel)" time="0.067" />
  <testcase classname="ptolemy.util.test.junit.AutoTests" name="[48] /home/travis/build/icyphy/ptII/ptolemy/domains/continuous/test/auto/DCMotor.xml (RunModel)" time="11.844" />
  <testcase classname="ptolemy.util.test.junit.AutoTests" name="[49] /home/travis/build/icyphy/ptII/ptolemy/domains/continuous/test/auto/DEInContinuous.xml (RunModel)" time="0.039" />
  <testcase classname="ptolemy.util.test.junit.AutoTests" name="[50] /home/travis/build/icyphy/ptII/ptolemy/domains/continuous/test/auto/DEinContinuous2.xml (RunModel)" time="0.028" />
  <testcase classname="ptolemy.util.test.junit.AutoTests" name="[51] /home/travis/build/icyphy/ptII/ptolemy/domains/continuous/test/auto/Derivative.xml (RunModel)" time="0.187" />
  <testcase classname="ptolemy.util.test.junit.AutoTests" name="[52] /home/travis/build/icyphy/ptII/ptolemy/domains/continuous/test/auto/Derivative1.xml (RunModel)" time="0.06" />
  <testcase classname="ptolemy.util.test.junit.AutoTests" name="[53] /home/travis/build/icyphy/ptII/ptolemy/domains/continuous/test/auto/DiscreteClock.xml (RunModel)" time="0.028" />
  <testcase classname="ptolemy.util.test.junit.AutoTests" name="[54] /home/travis/build/icyphy/ptII/ptolemy/domains/continuous/test/auto/EfficiencyCurve.xml (RunModel)" time="0.115" />
  <testcase classname="ptolemy.util.test.junit.AutoTests" name="[55] /home/travis/build/icyphy/ptII/ptolemy/domains/continuous/test/auto/ExponentialResponse.xml (RunModel)" time="0.109" />
  <testcase classname="ptolemy.util.test.junit.AutoTests" name="[56] /home/travis/build/icyphy/ptII/ptolemy/domains/continuous/test/auto/ExponentialResponseRK45.xml (RunModel)" time="0.034" />
  <testcase classname="ptolemy.util.test.junit.AutoTests" name="[57] /home/travis/build/icyphy/ptII/ptolemy/domains/continuous/test/auto/Friction.xml (RunModel)" time="1.474" />
  <testcase classname="ptolemy.util.test.junit.AutoTests" name="[58] /home/travis/build/icyphy/ptII/ptolemy/domains/continuous/test/auto/FurutaPendulum.xml (RunModel)" time="3.013" />
  <testcase classname="ptolemy.util.test.junit.AutoTests" name="[59] /home/travis/build/icyphy/ptII/ptolemy/domains/continuous/test/auto/HierarchicalExecution.xml (RunModel)" time="2.061" />
  <testcase classname="ptolemy.util.test.junit.AutoTests" name="[60] /home/travis/build/icyphy/ptII/ptolemy/domains/continuous/test/auto/HybridPlant.xml (RunModel)" time="0.534" />
  <testcase classname="ptolemy.util.test.junit.AutoTests" name="[61] /home/travis/build/icyphy/ptII/ptolemy/domains/continuous/test/auto/Hysteresis.xml (RunModel)" time="0.178" />
  <testcase classname="ptolemy.util.test.junit.AutoTests" name="[62] /home/travis/build/icyphy/ptII/ptolemy/domains/continuous/test/auto/HysteresisWithRandomDelay.xml (RunModel)" time="0.217" />
  <testcase classname="ptolemy.util.test.junit.AutoTests" name="[63] /home/travis/build/icyphy/ptII/ptolemy/domains/continuous/test/auto/HysteresisWithRandomLosses.xml (RunModel)" time="2.217" />
  <testcase classname="ptolemy.util.test.junit.AutoTests" name="[64] /home/travis/build/icyphy/ptII/ptolemy/domains/continuous/test/auto/ImmediateTransitions.xml (RunModel)" time="0.034" />
  <testcase classname="ptolemy.util.test.junit.AutoTests" name="[65] /home/travis/build/icyphy/ptII/ptolemy/domains/continuous/test/auto/ImpulseFeedback.xml (RunModel)" time="0.024" />
  <testcase classname="ptolemy.util.test.junit.AutoTests" name="[66] /home/travis/build/icyphy/ptII/ptolemy/domains/continuous/test/auto/ImpulseFeedback2.xml (RunModel)" time="0.018" />
  <testcase classname="ptolemy.util.test.junit.AutoTests" name="[67] /home/travis/build/icyphy/ptII/ptolemy/domains/continuous/test/auto/IncreasingRatePoisson.xml (RunModel)" time="0.653" />
  <testcase classname="ptolemy.util.test.junit.AutoTests" name="[68] /home/travis/build/icyphy/ptII/ptolemy/domains/continuous/test/auto/InitialStateFeedback.xml (RunModel)" time="0.013" />
  <testcase classname="ptolemy.util.test.junit.AutoTests" name="[69] /home/travis/build/icyphy/ptII/ptolemy/domains/continuous/test/auto/Integration.xml (RunModel)" time="0.012" />
  <testcase classname="ptolemy.util.test.junit.AutoTests" name="[70] /home/travis/build/icyphy/ptII/ptolemy/domains/continuous/test/auto/Integration2.xml (RunModel)" time="0.095" />
  <testcase classname="ptolemy.util.test.junit.AutoTests" name="[71] /home/travis/build/icyphy/ptII/ptolemy/domains/continuous/test/auto/Integration3.xml (RunModel)" time="0.013" />
  <testcase classname="ptolemy.util.test.junit.AutoTests" name="[72] /home/travis/build/icyphy/ptII/ptolemy/domains/continuous/test/auto/Integration5.xml (RunModel)" time="0.011" />
  <testcase classname="ptolemy.util.test.junit.AutoTests" name="[73] /home/travis/build/icyphy/ptII/ptolemy/domains/continuous/test/auto/IntegratorImpulse.xml (RunModel)" time="0.01" />
  <testcase classname="ptolemy.util.test.junit.AutoTests" name="[74] /home/travis/build/icyphy/ptII/ptolemy/domains/continuous/test/auto/IntegratorImpulse2.xml (RunModel)" time="0.011" />
  <testcase classname="ptolemy.util.test.junit.AutoTests" name="[75] /home/travis/build/icyphy/ptII/ptolemy/domains/continuous/test/auto/LevelCrossing1.xml (RunModel)" time="0.017" />
  <testcase classname="ptolemy.util.test.junit.AutoTests" name="[76] /home/travis/build/icyphy/ptII/ptolemy/domains/continuous/test/auto/LevelCrossing2.xml (RunModel)" time="0.013" />
  <testcase classname="ptolemy.util.test.junit.AutoTests" name="[77] /home/travis/build/icyphy/ptII/ptolemy/domains/continuous/test/auto/LevelCrossing3.xml (RunModel)" time="0.011" />
  <testcase classname="ptolemy.util.test.junit.AutoTests" name="[78] /home/travis/build/icyphy/ptII/ptolemy/domains/continuous/test/auto/LevelCrossing4.xml (RunModel)" time="0.012" />
  <testcase classname="ptolemy.util.test.junit.AutoTests" name="[79] /home/travis/build/icyphy/ptII/ptolemy/domains/continuous/test/auto/LevelCrossing5.xml (RunModel)" time="0.012" />
  <testcase classname="ptolemy.util.test.junit.AutoTests" name="[80] /home/travis/build/icyphy/ptII/ptolemy/domains/continuous/test/auto/LevelCrossing6.xml (RunModel)" time="0.012" />
  <testcase classname="ptolemy.util.test.junit.AutoTests" name="[81] /home/travis/build/icyphy/ptII/ptolemy/domains/continuous/test/auto/LevelCrossingDetector.xml (RunModel)" time="0.033" />
  <testcase classname="ptolemy.util.test.junit.AutoTests" name="[82] /home/travis/build/icyphy/ptII/ptolemy/domains/continuous/test/auto/LevelCrossingDetectorDetectingDirections.xml (RunModel)" time="0.072" />
  <testcase classname="ptolemy.util.test.junit.AutoTests" name="[83] /home/travis/build/icyphy/ptII/ptolemy/domains/continuous/test/auto/LevelCrossingDetectorDetectsGlitches.xml (RunModel)" time="0.058" />
  <testcase classname="ptolemy.util.test.junit.AutoTests" name="[84] /home/travis/build/icyphy/ptII/ptolemy/domains/continuous/test/auto/LevelCrossingNoInitialOuput.xml (RunModel)" time="0.016" />
  <testcase classname="ptolemy.util.test.junit.AutoTests" name="[85] /home/travis/build/icyphy/ptII/ptolemy/domains/continuous/test/auto/LinearStateSpaceExample.xml (RunModel)" time="0.044" />
  <testcase classname="ptolemy.util.test.junit.AutoTests" name="[86] /home/travis/build/icyphy/ptII/ptolemy/domains/continuous/test/auto/Lorenz.xml (RunModel)" time="3.982" />
  <testcase classname="ptolemy.util.test.junit.AutoTests" name="[87] /home/travis/build/icyphy/ptII/ptolemy/domains/continuous/test/auto/LorenzDifferentialSystem.xml (RunModel)" time="1.097" />
  <testcase classname="ptolemy.util.test.junit.AutoTests" name="[88] /home/travis/build/icyphy/ptII/ptolemy/domains/continuous/test/auto/LorenzDifferentialSystemWithInput.xml (RunModel)" time="1.406" />
  <testcase classname="ptolemy.util.test.junit.AutoTests" name="[89] /home/travis/build/icyphy/ptII/ptolemy/domains/continuous/test/auto/LorenzDifferentialSystemWithTime.xml (RunModel)" time="0.694" />
  <testcase classname="ptolemy.util.test.junit.AutoTests" name="[90] /home/travis/build/icyphy/ptII/ptolemy/domains/continuous/test/auto/Microsteps.xml (RunModel)" time="0.026" />
  <testcase classname="ptolemy.util.test.junit.AutoTests" name="[91] /home/travis/build/icyphy/ptII/ptolemy/domains/continuous/test/auto/Modal1.xml (RunModel)" time="0.043" />
  <testcase classname="ptolemy.util.test.junit.AutoTests" name="[92] /home/travis/build/icyphy/ptII/ptolemy/domains/continuous/test/auto/Modal2.xml (RunModel)" time="0.051" />
  <testcase classname="ptolemy.util.test.junit.AutoTests" name="[93] /home/travis/build/icyphy/ptII/ptolemy/domains/continuous/test/auto/ModalTransitionGuardWithReset.xml (RunModel)" time="0.028" />
  <testcase classname="ptolemy.util.test.junit.AutoTests" name="[94] /home/travis/build/icyphy/ptII/ptolemy/domains/continuous/test/auto/ModalTransitionGuardWithResetUsingPreemptiveTransition.xml (RunModel)" time="0.021" />
  <testcase classname="ptolemy.util.test.junit.AutoTests" name="[95] /home/travis/build/icyphy/ptII/ptolemy/domains/continuous/test/auto/ModalTransitionGuardWithResetUsingPreemptiveTransition2.xml (RunModel)" time="0.021" />
  <testcase classname="ptolemy.util.test.junit.AutoTests" name="[96] /home/travis/build/icyphy/ptII/ptolemy/domains/continuous/test/auto/ModalTransitionGuardWithResetUsingPreemptiveTransition3.xml (RunModel)" time="0.022" />
  <testcase classname="ptolemy.util.test.junit.AutoTests" name="[97] /home/travis/build/icyphy/ptII/ptolemy/domains/continuous/test/auto/NewtonsCradle.xml (RunModel)" time="0.735" />
  <testcase classname="ptolemy.util.test.junit.AutoTests" name="[98] /home/travis/build/icyphy/ptII/ptolemy/domains/continuous/test/auto/NewtonsCradleAnimated.xml (RunModel)" time="1.033" />
  <testcase classname="ptolemy.util.test.junit.AutoTests" name="[99] /home/travis/build/icyphy/ptII/ptolemy/domains/continuous/test/auto/NewtonsCradleComplicated.xml (RunModel)" time="0.821" />
  <testcase classname="ptolemy.util.test.junit.AutoTests" name="[100] /home/travis/build/icyphy/ptII/ptolemy/domains/continuous/test/auto/NewtonsCradleNondeterministic.xml (RunModel)" time="0.652" />
  <testcase classname="ptolemy.util.test.junit.AutoTests" name="[101] /home/travis/build/icyphy/ptII/ptolemy/domains/continuous/test/auto/NewtonsCradlePerfectlyInelastic1.xml (RunModel)" time="1.175" />
  <testcase classname="ptolemy.util.test.junit.AutoTests" name="[102] /home/travis/build/icyphy/ptII/ptolemy/domains/continuous/test/auto/Noise.xml (RunModel)" time="0.164" />
  <testcase classname="ptolemy.util.test.junit.AutoTests" name="[103] /home/travis/build/icyphy/ptII/ptolemy/domains/continuous/test/auto/NoiseSpectrum.xml (RunModel)" time="0.784" />
  <testcase classname="ptolemy.util.test.junit.AutoTests" name="[104] /home/travis/build/icyphy/ptII/ptolemy/domains/continuous/test/auto/ParameterizedNewtonsCradleAnimated.xml (RunModel)" time="0.349" />
  <testcase classname="ptolemy.util.test.junit.AutoTests" name="[105] /home/travis/build/icyphy/ptII/ptolemy/domains/continuous/test/auto/ParameterizedNewtonsCradleAnimatedNondeterministic.xml (RunModel)" time="1.126" />
  <testcase classname="ptolemy.util.test.junit.AutoTests" name="[106] /home/travis/build/icyphy/ptII/ptolemy/domains/continuous/test/auto/Pendulum3D.xml (RunModel)" time="0.16" />
  <testcase classname="ptolemy.util.test.junit.AutoTests" name="[107] /home/travis/build/icyphy/ptII/ptolemy/domains/continuous/test/auto/PeriodicSampler.xml (RunModel)" time="0.011" />
  <testcase classname="ptolemy.util.test.junit.AutoTests" name="[108] /home/travis/build/icyphy/ptII/ptolemy/domains/continuous/test/auto/PeriodicSampler1.xml (RunModel)" time="0.039" />
  <testcase classname="ptolemy.util.test.junit.AutoTests" name="[109] /home/travis/build/icyphy/ptII/ptolemy/domains/continuous/test/auto/PeriodicSampler2.xml (RunModel)" time="0.073" />
  <testcase classname="ptolemy.util.test.junit.AutoTests" name="[110] /home/travis/build/icyphy/ptII/ptolemy/domains/continuous/test/auto/Poisson.xml (RunModel)" time="0.453" />
  <testcase classname="ptolemy.util.test.junit.AutoTests" name="[111] /home/travis/build/icyphy/ptII/ptolemy/domains/continuous/test/auto/PoissonClock.xml (RunModel)" time="0.011" />
  <testcase classname="ptolemy.util.test.junit.AutoTests" name="[112] /home/travis/build/icyphy/ptII/ptolemy/domains/continuous/test/auto/PoissonClock2.xml (RunModel)" time="0.012" />
  <testcase classname="ptolemy.util.test.junit.AutoTests" name="[113] /home/travis/build/icyphy/ptII/ptolemy/domains/continuous/test/auto/PortParameterHierarchy.xml (RunModel)" time="0.021" />
  <testcase classname="ptolemy.util.test.junit.AutoTests" name="[114] /home/travis/build/icyphy/ptII/ptolemy/domains/continuous/test/auto/RandomHybridPlant.xml (RunModel)" time="0.52" />
  <testcase classname="ptolemy.util.test.junit.AutoTests" name="[115] /home/travis/build/icyphy/ptII/ptolemy/domains/continuous/test/auto/ResetTransitionWithStartTime1.xml (RunModel)" time="0.036" />
  <testcase classname="ptolemy.util.test.junit.AutoTests" name="[116] /home/travis/build/icyphy/ptII/ptolemy/domains/continuous/test/auto/ResetTransitionWithStartTime2.xml (RunModel)" time="0.036" />
  <testcase classname="ptolemy.util.test.junit.AutoTests" name="[117] /home/travis/build/icyphy/ptII/ptolemy/domains/continuous/test/auto/ResetTransitionWithStartTime3.xml (RunModel)" time="0.036" />
  <testcase classname="ptolemy.util.test.junit.AutoTests" name="[118] /home/travis/build/icyphy/ptII/ptolemy/domains/continuous/test/auto/ResetTransitionWithStartTime4.xml (RunModel)" time="0.025" />
  <testcase classname="ptolemy.util.test.junit.AutoTests" name="[119] /home/travis/build/icyphy/ptII/ptolemy/domains/continuous/test/auto/ResetTransitionWithStartTime5.xml (RunModel)" time="0.032" />
  <testcase classname="ptolemy.util.test.junit.AutoTests" name="[120] /home/travis/build/icyphy/ptII/ptolemy/domains/continuous/test/auto/ResetTransitionWithStartTime6.xml (RunModel)" time="0.026" />
  <testcase classname="ptolemy.util.test.junit.AutoTests" name="[121] /home/travis/build/icyphy/ptII/ptolemy/domains/continuous/test/auto/SRinContinuous.xml (RunModel)" time="0.021" />
  <testcase classname="ptolemy.util.test.junit.AutoTests" name="[122] /home/travis/build/icyphy/ptII/ptolemy/domains/continuous/test/auto/SampledClocks.xml (RunModel)" time="0.034" />
  <testcase classname="ptolemy.util.test.junit.AutoTests" name="[123] /home/travis/build/icyphy/ptII/ptolemy/domains/continuous/test/auto/Satellite.xml (RunModel)" time="0.892" />
  <testcase classname="ptolemy.util.test.junit.AutoTests" name="[124] /home/travis/build/icyphy/ptII/ptolemy/domains/continuous/test/auto/SigmaDelta.xml (RunModel)" time="2.269" />
  <testcase classname="ptolemy.util.test.junit.AutoTests" name="[125] /home/travis/build/icyphy/ptII/ptolemy/domains/continuous/test/auto/SingleRefinement.xml (RunModel)" time="0.53" />
  <testcase classname="ptolemy.util.test.junit.AutoTests" name="[126] /home/travis/build/icyphy/ptII/ptolemy/domains/continuous/test/auto/SinuBouncingBall.xml (RunModel)" time="0.8" />
  <testcase classname="ptolemy.util.test.junit.AutoTests" name="[127] /home/travis/build/icyphy/ptII/ptolemy/domains/continuous/test/auto/Sinusoid.xml (RunModel)" time="0.018" />
  <testcase classname="ptolemy.util.test.junit.AutoTests" name="[128] /home/travis/build/icyphy/ptII/ptolemy/domains/continuous/test/auto/SinusoidInNoise.xml (RunModel)" time="0.896" />
  <testcase classname="ptolemy.util.test.junit.AutoTests" name="[129] /home/travis/build/icyphy/ptII/ptolemy/domains/continuous/test/auto/SinusoidRK45.xml (RunModel)" time="0.011" />
  <testcase classname="ptolemy.util.test.junit.AutoTests" name="[130] /home/travis/build/icyphy/ptII/ptolemy/domains/continuous/test/auto/SinusoidWithMultipleImpulses.xml (RunModel)" time="0.012" />
  <testcase classname="ptolemy.util.test.junit.AutoTests" name="[131] /home/travis/build/icyphy/ptII/ptolemy/domains/continuous/test/auto/SquareWave.xml (RunModel)" time="0.183" />
  <testcase classname="ptolemy.util.test.junit.AutoTests" name="[132] /home/travis/build/icyphy/ptII/ptolemy/domains/continuous/test/auto/Starmac.xml (RunModel)" time="3.419" />
  <testcase classname="ptolemy.util.test.junit.AutoTests" name="[133] /home/travis/build/icyphy/ptII/ptolemy/domains/continuous/test/auto/StaticUnits.xml (RunModel)" time="2.464" />
  <testcase classname="ptolemy.util.test.junit.AutoTests" name="[134] /home/travis/build/icyphy/ptII/ptolemy/domains/continuous/test/auto/StickyMasses.xml (RunModel)" time="0.186" />
  <testcase classname="ptolemy.util.test.junit.AutoTests" name="[135] /home/travis/build/icyphy/ptII/ptolemy/domains/continuous/test/auto/StopTime.xml (RunModel)" time="0.056" />
  <testcase classname="ptolemy.util.test.junit.AutoTests" name="[136] /home/travis/build/icyphy/ptII/ptolemy/domains/continuous/test/auto/StopTime2.xml (RunModel)" time="0.062" />
  <testcase classname="ptolemy.util.test.junit.AutoTests" name="[137] /home/travis/build/icyphy/ptII/ptolemy/domains/continuous/test/auto/Switch.xml (RunModel)" time="0.079" />
  <testcase classname="ptolemy.util.test.junit.AutoTests" name="[138] /home/travis/build/icyphy/ptII/ptolemy/domains/continuous/test/auto/Thermostat.xml (RunModel)" time="0.211" />
  <testcase classname="ptolemy.util.test.junit.AutoTests" name="[139] /home/travis/build/icyphy/ptII/ptolemy/domains/continuous/test/auto/TimeDelay.xml (RunModel)" time="0.014" />
  <testcase classname="ptolemy.util.test.junit.AutoTests" name="[140] /home/travis/build/icyphy/ptII/ptolemy/domains/continuous/test/auto/TimeDelay2.xml (RunModel)" time="0.018" />
  <testcase classname="ptolemy.util.test.junit.AutoTests" name="[141] /home/travis/build/icyphy/ptII/ptolemy/domains/continuous/test/auto/TimeDelay3.xml (RunModel)" time="0.015" />
  <testcase classname="ptolemy.util.test.junit.AutoTests" name="[142] /home/travis/build/icyphy/ptII/ptolemy/domains/continuous/test/auto/TransferAbsentToInside.xml (RunModel)" time="0.102" />
  <testcase classname="ptolemy.util.test.junit.AutoTests" name="[143] /home/travis/build/icyphy/ptII/ptolemy/domains/continuous/test/auto/Transmission.xml (RunModel)" time="0.723" />
  <testcase classname="ptolemy.util.test.junit.AutoTests" name="[144] /home/travis/build/icyphy/ptII/ptolemy/domains/continuous/test/auto/TriggeredContinuousClock.xml (RunModel)" time="0.066" />
  <testcase classname="ptolemy.util.test.junit.AutoTests" name="[145] /home/travis/build/icyphy/ptII/ptolemy/domains/continuous/test/auto/TwoMachineInfiniteBusControl.xml (RunModel)" time="2.733" />
  <testcase classname="ptolemy.util.test.junit.AutoTests" name="[146] /home/travis/build/icyphy/ptII/ptolemy/domains/continuous/test/auto/V2V.xml (RunModel)" time="0.643" />
  <testcase classname="ptolemy.util.test.junit.AutoTests" name="[147] /home/travis/build/icyphy/ptII/ptolemy/domains/continuous/test/auto/hierarchicalModalModel.xml (RunModel)" time="0.028" />
  <testcase classname="ptolemy.util.test.junit.AutoTests" name="[148] /home/travis/build/icyphy/ptII/ptolemy/domains/continuous/test/auto/hierarchicalModalModel1.xml (RunModel)" time="0.025" />
  <testcase classname="ptolemy.util.test.junit.AutoTests" name="[149] /home/travis/build/icyphy/ptII/ptolemy/domains/continuous/test/auto/hierarchicalModalModel2.xml (RunModel)" time="0.027" />
  <testcase classname="ptolemy.util.test.junit.AutoTests" name="[150] /home/travis/build/icyphy/ptII/ptolemy/domains/continuous/test/auto/hierarchicalModalModel3.xml (RunModel)" time="0.022" />
  <testcase classname="ptolemy.util.test.junit.AutoTests" name="[151] /home/travis/build/icyphy/ptII/ptolemy/domains/continuous/test/auto/hierarchicalModalModel4.xml (RunModel)" time="0.027" />
  <testcase classname="ptolemy.util.test.junit.AutoTests" name="[152] /home/travis/build/icyphy/ptII/ptolemy/domains/continuous/test/auto/junk.xml (RunModel)" time="0.134" />
  <system-out><![CDATA[No tcl tests in /home/travis/build/icyphy/ptII/ptolemy/domains/continuous/test
No auto/knownFailedTests/*.xml tests in /home/travis/build/icyphy/ptII/ptolemy/domains/continuous/test
No auto/linux-amd64/*.xml tests in /home/travis/build/icyphy/ptII/ptolemy/domains/continuous/test
AutoTests.java: About to close Vertx.
AutoTests.java: Vertx closed.

===========================================================================================
----------------- testing Sat May 11 04:15:29 UTC 2019 /home/travis/build/icyphy/ptII/ptolemy/domains/continuous/test/auto/BouncingBall.xml
----------------- Instantiating /home/travis/build/icyphy/ptII/ptolemy/domains/continuous/test/auto/BouncingBall.xml
2442 ms. Memory: 332288K Free: 263390K (79%)
----------------- Invoking toplevel() on ptolemy.moml.MoMLSimpleApplication@53194860
----------------- Done invoking toplevel() on ptolemy.moml.MoMLSimpleApplication@53194860
reloadAllAccessors: .BouncingBall

===========================================================================================
----------------- testing Sat May 11 04:15:32 UTC 2019 /home/travis/build/icyphy/ptII/ptolemy/domains/continuous/test/auto/BouncingBallWithoutGR.xml
----------------- Instantiating /home/travis/build/icyphy/ptII/ptolemy/domains/continuous/test/auto/BouncingBallWithoutGR.xml
803 ms. Memory: 332288K Free: 321021K (97%)
----------------- Invoking toplevel() on ptolemy.moml.MoMLSimpleApplication@7fc03b98
----------------- Done invoking toplevel() on ptolemy.moml.MoMLSimpleApplication@7fc03b98
reloadAllAccessors: .BouncingBallWithoutGR

===========================================================================================
----------------- testing Sat May 11 04:15:33 UTC 2019 /home/travis/build/icyphy/ptII/ptolemy/domains/continuous/test/auto/Brownian.xml
----------------- Instantiating /home/travis/build/icyphy/ptII/ptolemy/domains/continuous/test/auto/Brownian.xml
33 ms. Memory: 332288K Free: 307335K (92%)
----------------- Invoking toplevel() on ptolemy.moml.MoMLSimpleApplication@5949d780
----------------- Done invoking toplevel() on ptolemy.moml.MoMLSimpleApplication@5949d780
reloadAllAccessors: .Brownian

===========================================================================================
----------------- testing Sat May 11 04:15:33 UTC 2019 /home/travis/build/icyphy/ptII/ptolemy/domains/continuous/test/auto/CarTracking.xml
----------------- Instantiating /home/travis/build/icyphy/ptII/ptolemy/domains/continuous/test/auto/CarTracking.xml
3111 ms. Memory: 578560K Free: 477276K (82%)
----------------- Invoking toplevel() on ptolemy.moml.MoMLSimpleApplication@42cc9f1e
----------------- Done invoking toplevel() on ptolemy.moml.MoMLSimpleApplication@42cc9f1e
reloadAllAccessors: .CarTracking

===========================================================================================
----------------- testing Sat May 11 04:15:36 UTC 2019 /home/travis/build/icyphy/ptII/ptolemy/domains/continuous/test/auto/CartPendulum.xml
----------------- Instantiating /home/travis/build/icyphy/ptII/ptolemy/domains/continuous/test/auto/CartPendulum.xml
390 ms. Memory: 578560K Free: 376236K (65%)
----------------- Invoking toplevel() on ptolemy.moml.MoMLSimpleApplication@1cbbc82d
----------------- Done invoking toplevel() on ptolemy.moml.MoMLSimpleApplication@1cbbc82d
reloadAllAccessors: .CartPendulum

===========================================================================================
----------------- testing Sat May 11 04:15:37 UTC 2019 /home/travis/build/icyphy/ptII/ptolemy/domains/continuous/test/auto/CausalityInterface10.xml
----------------- Instantiating /home/travis/build/icyphy/ptII/ptolemy/domains/continuous/test/auto/CausalityInterface10.xml
15 ms. Memory: 578560K Free: 358197K (62%)
----------------- Invoking toplevel() on ptolemy.moml.MoMLSimpleApplication@7d9136cc
----------------- Done invoking toplevel() on ptolemy.moml.MoMLSimpleApplication@7d9136cc
reloadAllAccessors: .CausalityInterface10

===========================================================================================
----------------- testing Sat May 11 04:15:37 UTC 2019 /home/travis/build/icyphy/ptII/ptolemy/domains/continuous/test/auto/CausalityInterface11.xml
----------------- Instantiating /home/travis/build/icyphy/ptII/ptolemy/domains/continuous/test/auto/CausalityInterface11.xml
11 ms. Memory: 578560K Free: 348351K (60%)
----------------- Invoking toplevel() on ptolemy.moml.MoMLSimpleApplication@cff300a
----------------- Done invoking toplevel() on ptolemy.moml.MoMLSimpleApplication@cff300a
reloadAllAccessors: .CausalityInterface11

===========================================================================================
----------------- testing Sat May 11 04:15:37 UTC 2019 /home/travis/build/icyphy/ptII/ptolemy/domains/continuous/test/auto/CausalityInterface12.xml
----------------- Instantiating /home/travis/build/icyphy/ptII/ptolemy/domains/continuous/test/auto/CausalityInterface12.xml
7 ms. Memory: 578560K Free: 335621K (58%)
----------------- Invoking toplevel() on ptolemy.moml.MoMLSimpleApplication@4c946743
----------------- Done invoking toplevel() on ptolemy.moml.MoMLSimpleApplication@4c946743
reloadAllAccessors: .CausalityInterface12

===========================================================================================
----------------- testing Sat May 11 04:15:37 UTC 2019 /home/travis/build/icyphy/ptII/ptolemy/domains/continuous/test/auto/CausalityInterface13.xml
----------------- Instantiating /home/travis/build/icyphy/ptII/ptolemy/domains/continuous/test/auto/CausalityInterface13.xml
17 ms. Memory: 578560K Free: 325790K (56%)
----------------- Invoking toplevel() on ptolemy.moml.MoMLSimpleApplication@2027135c
----------------- Done invoking toplevel() on ptolemy.moml.MoMLSimpleApplication@2027135c
reloadAllAccessors: .CausalityInterface13

===========================================================================================
----------------- testing Sat May 11 04:15:37 UTC 2019 /home/travis/build/icyphy/ptII/ptolemy/domains/continuous/test/auto/CausalityInterface14.xml
----------------- Instantiating /home/travis/build/icyphy/ptII/ptolemy/domains/continuous/test/auto/CausalityInterface14.xml
4 ms. Memory: 578560K Free: 315960K (55%)
----------------- Invoking toplevel() on ptolemy.moml.MoMLSimpleApplication@38cf240c
----------------- Done invoking toplevel() on ptolemy.moml.MoMLSimpleApplication@38cf240c
reloadAllAccessors: .CausalityInterface14

===========================================================================================
----------------- testing Sat May 11 04:15:37 UTC 2019 /home/travis/build/icyphy/ptII/ptolemy/domains/continuous/test/auto/CausalityInterface4.xml
----------------- Instantiating /home/travis/build/icyphy/ptII/ptolemy/domains/continuous/test/auto/CausalityInterface4.xml
6 ms. Memory: 578560K Free: 306121K (53%)
----------------- Invoking toplevel() on ptolemy.moml.MoMLSimpleApplication@43051fdd
----------------- Done invoking toplevel() on ptolemy.moml.MoMLSimpleApplication@43051fdd
reloadAllAccessors: .CausalityInterface4

===========================================================================================
----------------- testing Sat May 11 04:15:37 UTC 2019 /home/travis/build/icyphy/ptII/ptolemy/domains/continuous/test/auto/CausalityInterface5.xml
----------------- Instantiating /home/travis/build/icyphy/ptII/ptolemy/domains/continuous/test/auto/CausalityInterface5.xml
4 ms. Memory: 578560K Free: 290099K (50%)
----------------- Invoking toplevel() on ptolemy.moml.MoMLSimpleApplication@4898b6b3
----------------- Done invoking toplevel() on ptolemy.moml.MoMLSimpleApplication@4898b6b3
reloadAllAccessors: .CausalityInterface5

===========================================================================================
----------------- testing Sat May 11 04:15:37 UTC 2019 /home/travis/build/icyphy/ptII/ptolemy/domains/continuous/test/auto/CausalityInterface6.xml
----------------- Instantiating /home/travis/build/icyphy/ptII/ptolemy/domains/continuous/test/auto/CausalityInterface6.xml
8 ms. Memory: 578560K Free: 280260K (48%)
----------------- Invoking toplevel() on ptolemy.moml.MoMLSimpleApplication@2d92adb2
----------------- Done invoking toplevel() on ptolemy.moml.MoMLSimpleApplication@2d92adb2
reloadAllAccessors: .CausalityInterface6

===========================================================================================
----------------- testing Sat May 11 04:15:37 UTC 2019 /home/travis/build/icyphy/ptII/ptolemy/domains/continuous/test/auto/CausalityInterface7.xml
----------------- Instantiating /home/travis/build/icyphy/ptII/ptolemy/domains/continuous/test/auto/CausalityInterface7.xml
19 ms. Memory: 578560K Free: 267137K (46%)
----------------- Invoking toplevel() on ptolemy.moml.MoMLSimpleApplication@280908b8
----------------- Done invoking toplevel() on ptolemy.moml.MoMLSimpleApplication@280908b8
reloadAllAccessors: .CausalityInterface7

===========================================================================================
----------------- testing Sat May 11 04:15:37 UTC 2019 /home/travis/build/icyphy/ptII/ptolemy/domains/continuous/test/auto/CausalityInterface8.xml
----------------- Instantiating /home/travis/build/icyphy/ptII/ptolemy/domains/continuous/test/auto/CausalityInterface8.xml
5 ms. Memory: 578560K Free: 253998K (44%)
----------------- Invoking toplevel() on ptolemy.moml.MoMLSimpleApplication@455653f2
----------------- Done invoking toplevel() on ptolemy.moml.MoMLSimpleApplication@455653f2
reloadAllAccessors: .CausalityInterface8

===========================================================================================
----------------- testing Sat May 11 04:15:37 UTC 2019 /home/travis/build/icyphy/ptII/ptolemy/domains/continuous/test/auto/CausalityInterface9.xml
----------------- Instantiating /home/travis/build/icyphy/ptII/ptolemy/domains/continuous/test/auto/CausalityInterface9.xml
8 ms. Memory: 578560K Free: 237999K (41%)
----------------- Invoking toplevel() on ptolemy.moml.MoMLSimpleApplication@18ec0cc3
----------------- Done invoking toplevel() on ptolemy.moml.MoMLSimpleApplication@18ec0cc3
reloadAllAccessors: .CausalityInterface9

===========================================================================================
----------------- testing Sat May 11 04:15:37 UTC 2019 /home/travis/build/icyphy/ptII/ptolemy/domains/continuous/test/auto/CausalityInterfaceFeedback1.xml
----------------- Instantiating /home/travis/build/icyphy/ptII/ptolemy/domains/continuous/test/auto/CausalityInterfaceFeedback1.xml
6 ms. Memory: 578560K Free: 228161K (39%)
----------------- Invoking toplevel() on ptolemy.moml.MoMLSimpleApplication@774596ca
----------------- Done invoking toplevel() on ptolemy.moml.MoMLSimpleApplication@774596ca
reloadAllAccessors: .CausalityInterfaceFeedback1

===========================================================================================
----------------- testing Sat May 11 04:15:37 UTC 2019 /home/travis/build/icyphy/ptII/ptolemy/domains/continuous/test/auto/CausalityInterfaceFeedback2.xml
----------------- Instantiating /home/travis/build/icyphy/ptII/ptolemy/domains/continuous/test/auto/CausalityInterfaceFeedback2.xml
5 ms. Memory: 578560K Free: 218314K (38%)
----------------- Invoking toplevel() on ptolemy.moml.MoMLSimpleApplication@4f29854e
----------------- Done invoking toplevel() on ptolemy.moml.MoMLSimpleApplication@4f29854e
reloadAllAccessors: .CausalityInterfaceFeedback2

===========================================================================================
----------------- testing Sat May 11 04:15:37 UTC 2019 /home/travis/build/icyphy/ptII/ptolemy/domains/continuous/test/auto/CompareWithCurrentTime.xml
----------------- Instantiating /home/travis/build/icyphy/ptII/ptolemy/domains/continuous/test/auto/CompareWithCurrentTime.xml
6 ms. Memory: 578560K Free: 208877K (36%)
----------------- Invoking toplevel() on ptolemy.moml.MoMLSimpleApplication@1934f37d
----------------- Done invoking toplevel() on ptolemy.moml.MoMLSimpleApplication@1934f37d
reloadAllAccessors: .CompareWithCurrentTime

===========================================================================================
----------------- testing Sat May 11 04:15:37 UTC 2019 /home/travis/build/icyphy/ptII/ptolemy/domains/continuous/test/auto/ComparedClocks.xml
----------------- Instantiating /home/travis/build/icyphy/ptII/ptolemy/domains/continuous/test/auto/ComparedClocks.xml
10 ms. Memory: 578560K Free: 189168K (33%)
----------------- Invoking toplevel() on ptolemy.moml.MoMLSimpleApplication@1a543cf4
----------------- Done invoking toplevel() on ptolemy.moml.MoMLSimpleApplication@1a543cf4
reloadAllAccessors: .ComparedClocks

===========================================================================================
----------------- testing Sat May 11 04:15:38 UTC 2019 /home/travis/build/icyphy/ptII/ptolemy/domains/continuous/test/auto/ContinuousAOCClone.xml
----------------- Instantiating /home/travis/build/icyphy/ptII/ptolemy/domains/continuous/test/auto/ContinuousAOCClone.xml
2334 ms. Memory: 872960K Free: 440948K (51%)
----------------- Invoking toplevel() on ptolemy.moml.MoMLSimpleApplication@6e40c1b6
----------------- Done invoking toplevel() on ptolemy.moml.MoMLSimpleApplication@6e40c1b6
reloadAllAccessors: .ContinuousAOCClone

===========================================================================================
----------------- testing Sat May 11 04:15:40 UTC 2019 /home/travis/build/icyphy/ptII/ptolemy/domains/continuous/test/auto/ContinuousClock.xml
----------------- Instantiating /home/travis/build/icyphy/ptII/ptolemy/domains/continuous/test/auto/ContinuousClock.xml
30 ms. Memory: 872960K Free: 406695K (47%)
----------------- Invoking toplevel() on ptolemy.moml.MoMLSimpleApplication@625c839f
----------------- Done invoking toplevel() on ptolemy.moml.MoMLSimpleApplication@625c839f
reloadAllAccessors: .ContinuousClock

===========================================================================================
----------------- testing Sat May 11 04:15:40 UTC 2019 /home/travis/build/icyphy/ptII/ptolemy/domains/continuous/test/auto/ContinuousInContinuous.xml
----------------- Instantiating /home/travis/build/icyphy/ptII/ptolemy/domains/continuous/test/auto/ContinuousInContinuous.xml
46 ms. Memory: 872960K Free: 379124K (43%)
----------------- Invoking toplevel() on ptolemy.moml.MoMLSimpleApplication@25c6c422
----------------- Done invoking toplevel() on ptolemy.moml.MoMLSimpleApplication@25c6c422
reloadAllAccessors: .ContinuousInContinuous

===========================================================================================
----------------- testing Sat May 11 04:15:40 UTC 2019 /home/travis/build/icyphy/ptII/ptolemy/domains/continuous/test/auto/ContinuousInContinuousInContinuous.xml
----------------- Instantiating /home/travis/build/icyphy/ptII/ptolemy/domains/continuous/test/auto/ContinuousInContinuousInContinuous.xml
6 ms. Memory: 872960K Free: 367319K (42%)
----------------- Invoking toplevel() on ptolemy.moml.MoMLSimpleApplication@546d290e
----------------- Done invoking toplevel() on ptolemy.moml.MoMLSimpleApplication@546d290e
reloadAllAccessors: .ContinuousInContinuousInContinuous

===========================================================================================
----------------- testing Sat May 11 04:15:40 UTC 2019 /home/travis/build/icyphy/ptII/ptolemy/domains/continuous/test/auto/ContinuousInDE.xml
----------------- Instantiating /home/travis/build/icyphy/ptII/ptolemy/domains/continuous/test/auto/ContinuousInDE.xml
115 ms. Memory: 872960K Free: 348467K (40%)
----------------- Invoking toplevel() on ptolemy.moml.MoMLSimpleApplication@412e09f7
----------------- Done invoking toplevel() on ptolemy.moml.MoMLSimpleApplication@412e09f7
reloadAllAccessors: .ContinuousInDE

===========================================================================================
----------------- testing Sat May 11 04:15:40 UTC 2019 /home/travis/build/icyphy/ptII/ptolemy/domains/continuous/test/auto/ContinuousInDE2.xml
----------------- Instantiating /home/travis/build/icyphy/ptII/ptolemy/domains/continuous/test/auto/ContinuousInDE2.xml
36 ms. Memory: 872960K Free: 336678K (39%)
----------------- Invoking toplevel() on ptolemy.moml.MoMLSimpleApplication@260cc646
----------------- Done invoking toplevel() on ptolemy.moml.MoMLSimpleApplication@260cc646
reloadAllAccessors: .ContinuousInDE2

===========================================================================================
----------------- testing Sat May 11 04:15:40 UTC 2019 /home/travis/build/icyphy/ptII/ptolemy/domains/continuous/test/auto/ContinuousInDE3.xml
----------------- Instantiating /home/travis/build/icyphy/ptII/ptolemy/domains/continuous/test/auto/ContinuousInDE3.xml
35 ms. Memory: 872960K Free: 324889K (37%)
----------------- Invoking toplevel() on ptolemy.moml.MoMLSimpleApplication@38146a31
----------------- Done invoking toplevel() on ptolemy.moml.MoMLSimpleApplication@38146a31
reloadAllAccessors: .ContinuousInDE3

===========================================================================================
----------------- testing Sat May 11 04:15:41 UTC 2019 /home/travis/build/icyphy/ptII/ptolemy/domains/continuous/test/auto/ContinuousInDE4.xml
----------------- Instantiating /home/travis/build/icyphy/ptII/ptolemy/domains/continuous/test/auto/ContinuousInDE4.xml
14 ms. Memory: 872960K Free: 317030K (36%)
----------------- Invoking toplevel() on ptolemy.moml.MoMLSimpleApplication@a986884
----------------- Done invoking toplevel() on ptolemy.moml.MoMLSimpleApplication@a986884
reloadAllAccessors: .ContinuousInDE4

===========================================================================================
----------------- testing Sat May 11 04:15:41 UTC 2019 /home/travis/build/icyphy/ptII/ptolemy/domains/continuous/test/auto/ContinuousInDEDifferentRefinements.xml
----------------- Instantiating /home/travis/build/icyphy/ptII/ptolemy/domains/continuous/test/auto/ContinuousInDEDifferentRefinements.xml
59 ms. Memory: 872960K Free: 278449K (32%)
----------------- Invoking toplevel() on ptolemy.moml.MoMLSimpleApplication@2bfbdf1d
----------------- Done invoking toplevel() on ptolemy.moml.MoMLSimpleApplication@2bfbdf1d
reloadAllAccessors: .ContinuousInDEDifferentRefinements

===========================================================================================
----------------- testing Sat May 11 04:15:41 UTC 2019 /home/travis/build/icyphy/ptII/ptolemy/domains/continuous/test/auto/ContinuousInDEDifferentRefinementsPreemptive.xml
----------------- Instantiating /home/travis/build/icyphy/ptII/ptolemy/domains/continuous/test/auto/ContinuousInDEDifferentRefinementsPreemptive.xml
45 ms. Memory: 872960K Free: 243003K (28%)
----------------- Invoking toplevel() on ptolemy.moml.MoMLSimpleApplication@588042b
----------------- Done invoking toplevel() on ptolemy.moml.MoMLSimpleApplication@588042b
reloadAllAccessors: .ContinuousInDEDifferentRefinementsPreemptive

===========================================================================================
----------------- testing Sat May 11 04:15:41 UTC 2019 /home/travis/build/icyphy/ptII/ptolemy/domains/continuous/test/auto/ContinuousInDEInContinuous2.xml
----------------- Instantiating /home/travis/build/icyphy/ptII/ptolemy/domains/continuous/test/auto/ContinuousInDEInContinuous2.xml
35 ms. Memory: 872960K Free: 227268K (26%)
----------------- Invoking toplevel() on ptolemy.moml.MoMLSimpleApplication@46213d90
----------------- Done invoking toplevel() on ptolemy.moml.MoMLSimpleApplication@46213d90
reloadAllAccessors: .ContinuousInDEInContinuous2

===========================================================================================
----------------- testing Sat May 11 04:15:41 UTC 2019 /home/travis/build/icyphy/ptII/ptolemy/domains/continuous/test/auto/ContinuousInDEInContinuous3.xml
----------------- Instantiating /home/travis/build/icyphy/ptII/ptolemy/domains/continuous/test/auto/ContinuousInDEInContinuous3.xml
36 ms. Memory: 872960K Free: 211534K (24%)
----------------- Invoking toplevel() on ptolemy.moml.MoMLSimpleApplication@570b2c84
----------------- Done invoking toplevel() on ptolemy.moml.MoMLSimpleApplication@570b2c84
reloadAllAccessors: .ContinuousInDEInContinuous3

===========================================================================================
----------------- testing Sat May 11 04:15:41 UTC 2019 /home/travis/build/icyphy/ptII/ptolemy/domains/continuous/test/auto/ContinuousInDEInput.xml
----------------- Instantiating /home/travis/build/icyphy/ptII/ptolemy/domains/continuous/test/auto/ContinuousInDEInput.xml
13 ms. Memory: 872960K Free: 196619K (23%)
----------------- Invoking toplevel() on ptolemy.moml.MoMLSimpleApplication@53bd11e2
----------------- Done invoking toplevel() on ptolemy.moml.MoMLSimpleApplication@53bd11e2
reloadAllAccessors: .ContinuousInDEInput

===========================================================================================
----------------- testing Sat May 11 04:15:41 UTC 2019 /home/travis/build/icyphy/ptII/ptolemy/domains/continuous/test/auto/ContinuousInDEInput2.xml
----------------- Instantiating /home/travis/build/icyphy/ptII/ptolemy/domains/continuous/test/auto/ContinuousInDEInput2.xml
16 ms. Memory: 872960K Free: 184830K (21%)
----------------- Invoking toplevel() on ptolemy.moml.MoMLSimpleApplication@2f6e6edc
----------------- Done invoking toplevel() on ptolemy.moml.MoMLSimpleApplication@2f6e6edc
reloadAllAccessors: .ContinuousInDEInput2

===========================================================================================
----------------- testing Sat May 11 04:15:41 UTC 2019 /home/travis/build/icyphy/ptII/ptolemy/domains/continuous/test/auto/ContinuousInDEInput3.xml
----------------- Instantiating /home/travis/build/icyphy/ptII/ptolemy/domains/continuous/test/auto/ContinuousInDEInput3.xml
12 ms. Memory: 872960K Free: 173042K (20%)
----------------- Invoking toplevel() on ptolemy.moml.MoMLSimpleApplication@77f168e
----------------- Done invoking toplevel() on ptolemy.moml.MoMLSimpleApplication@77f168e
reloadAllAccessors: .ContinuousInDEInput3

===========================================================================================
----------------- testing Sat May 11 04:15:41 UTC 2019 /home/travis/build/icyphy/ptII/ptolemy/domains/continuous/test/auto/ContinuousInDESharingRefinement.xml
----------------- Instantiating /home/travis/build/icyphy/ptII/ptolemy/domains/continuous/test/auto/ContinuousInDESharingRefinement.xml
148 ms. Memory: 872960K Free: 74617K (9%)
----------------- Invoking toplevel() on ptolemy.moml.MoMLSimpleApplication@5017b6c0
----------------- Done invoking toplevel() on ptolemy.moml.MoMLSimpleApplication@5017b6c0
reloadAllAccessors: .ContinuousInDESharingRefinement

===========================================================================================
----------------- testing Sat May 11 04:15:41 UTC 2019 /home/travis/build/icyphy/ptII/ptolemy/domains/continuous/test/auto/ContinuousInDEwithNoPorts.xml
----------------- Instantiating /home/travis/build/icyphy/ptII/ptolemy/domains/continuous/test/auto/ContinuousInDEwithNoPorts.xml
6 ms. Memory: 873472K Free: 851328K (97%)
----------------- Invoking toplevel() on ptolemy.moml.MoMLSimpleApplication@721e034f
----------------- Done invoking toplevel() on ptolemy.moml.MoMLSimpleApplication@721e034f
reloadAllAccessors: .ContinuousInDEwithNoPorts

===========================================================================================
----------------- testing Sat May 11 04:15:41 UTC 2019 /home/travis/build/icyphy/ptII/ptolemy/domains/continuous/test/auto/ContinuousInsideDE.xml
----------------- Instantiating /home/travis/build/icyphy/ptII/ptolemy/domains/continuous/test/auto/ContinuousInsideDE.xml
45 ms. Memory: 873472K Free: 833471K (95%)
----------------- Invoking toplevel() on ptolemy.moml.MoMLSimpleApplication@4db75d46
----------------- Done invoking toplevel() on ptolemy.moml.MoMLSimpleApplication@4db75d46
reloadAllAccessors: .ContinuousInsideDE

===========================================================================================
----------------- testing Sat May 11 04:15:41 UTC 2019 /home/travis/build/icyphy/ptII/ptolemy/domains/continuous/test/auto/ContinuousMerge1.xml
----------------- Instantiating /home/travis/build/icyphy/ptII/ptolemy/domains/continuous/test/auto/ContinuousMerge1.xml
3 ms. Memory: 873472K Free: 822992K (94%)
----------------- Invoking toplevel() on ptolemy.moml.MoMLSimpleApplication@562263bd
----------------- Done invoking toplevel() on ptolemy.moml.MoMLSimpleApplication@562263bd
reloadAllAccessors: .ContinuousMerge1

===========================================================================================
----------------- testing Sat May 11 04:15:41 UTC 2019 /home/travis/build/icyphy/ptII/ptolemy/domains/continuous/test/auto/ContinuousMerge2.xml
----------------- Instantiating /home/travis/build/icyphy/ptII/ptolemy/domains/continuous/test/auto/ContinuousMerge2.xml
22 ms. Memory: 873472K Free: 804979K (92%)
----------------- Invoking toplevel() on ptolemy.moml.MoMLSimpleApplication@13b04cf7
----------------- Done invoking toplevel() on ptolemy.moml.MoMLSimpleApplication@13b04cf7
reloadAllAccessors: .ContinuousMerge2

===========================================================================================
----------------- testing Sat May 11 04:15:41 UTC 2019 /home/travis/build/icyphy/ptII/ptolemy/domains/continuous/test/auto/ContinuousMerge3.xml
----------------- Instantiating /home/travis/build/icyphy/ptII/ptolemy/domains/continuous/test/auto/ContinuousMerge3.xml
41 ms. Memory: 873472K Free: 789260K (90%)
----------------- Invoking toplevel() on ptolemy.moml.MoMLSimpleApplication@70686018
----------------- Done invoking toplevel() on ptolemy.moml.MoMLSimpleApplication@70686018
reloadAllAccessors: .ContinuousMerge3

===========================================================================================
----------------- testing Sat May 11 04:15:42 UTC 2019 /home/travis/build/icyphy/ptII/ptolemy/domains/continuous/test/auto/ContinuousWithinContinuous.xml
----------------- Instantiating /home/travis/build/icyphy/ptII/ptolemy/domains/continuous/test/auto/ContinuousWithinContinuous.xml
42 ms. Memory: 873472K Free: 778781K (89%)
----------------- Invoking toplevel() on ptolemy.moml.MoMLSimpleApplication@4863c0b9
----------------- Done invoking toplevel() on ptolemy.moml.MoMLSimpleApplication@4863c0b9
reloadAllAccessors: .ContinuousWithinContinuous

===========================================================================================
----------------- testing Sat May 11 04:15:42 UTC 2019 /home/travis/build/icyphy/ptII/ptolemy/domains/continuous/test/auto/ContinuousWithinContinuous2.xml
----------------- Instantiating /home/travis/build/icyphy/ptII/ptolemy/domains/continuous/test/auto/ContinuousWithinContinuous2.xml
67 ms. Memory: 873472K Free: 760932K (87%)
----------------- Invoking toplevel() on ptolemy.moml.MoMLSimpleApplication@6a9e3c1a
----------------- Done invoking toplevel() on ptolemy.moml.MoMLSimpleApplication@6a9e3c1a
reloadAllAccessors: .ContinuousWithinContinuous2

===========================================================================================
----------------- testing Sat May 11 04:15:42 UTC 2019 /home/travis/build/icyphy/ptII/ptolemy/domains/continuous/test/auto/ContinuousWithinContinuous3.xml
----------------- Instantiating /home/travis/build/icyphy/ptII/ptolemy/domains/continuous/test/auto/ContinuousWithinContinuous3.xml
12 ms. Memory: 873472K Free: 750453K (86%)
----------------- Invoking toplevel() on ptolemy.moml.MoMLSimpleApplication@41bcfaed
----------------- Done invoking toplevel() on ptolemy.moml.MoMLSimpleApplication@41bcfaed
reloadAllAccessors: .ContinuousWithinContinuous3

===========================================================================================
----------------- testing Sat May 11 04:15:42 UTC 2019 /home/travis/build/icyphy/ptII/ptolemy/domains/continuous/test/auto/ContinuousWithinContinuous4.xml
----------------- Instantiating /home/travis/build/icyphy/ptII/ptolemy/domains/continuous/test/auto/ContinuousWithinContinuous4.xml
70 ms. Memory: 873472K Free: 732604K (84%)
----------------- Invoking toplevel() on ptolemy.moml.MoMLSimpleApplication@3bb519f9
----------------- Done invoking toplevel() on ptolemy.moml.MoMLSimpleApplication@3bb519f9
reloadAllAccessors: .ContinuousWithinContinuous4

===========================================================================================
----------------- testing Sat May 11 04:15:42 UTC 2019 /home/travis/build/icyphy/ptII/ptolemy/domains/continuous/test/auto/ContinuousWithinContinuous5.xml
----------------- Instantiating /home/travis/build/icyphy/ptII/ptolemy/domains/continuous/test/auto/ContinuousWithinContinuous5.xml
11 ms. Memory: 873472K Free: 722125K (83%)
----------------- Invoking toplevel() on ptolemy.moml.MoMLSimpleApplication@1b7507e3
----------------- Done invoking toplevel() on ptolemy.moml.MoMLSimpleApplication@1b7507e3
reloadAllAccessors: .ContinuousWithinContinuous5

===========================================================================================
----------------- testing Sat May 11 04:15:42 UTC 2019 /home/travis/build/icyphy/ptII/ptolemy/domains/continuous/test/auto/ContinuousWithinContinuous6.xml
----------------- Instantiating /home/travis/build/icyphy/ptII/ptolemy/domains/continuous/test/auto/ContinuousWithinContinuous6.xml
11 ms. Memory: 873472K Free: 711646K (81%)
----------------- Invoking toplevel() on ptolemy.moml.MoMLSimpleApplication@d11f439
----------------- Done invoking toplevel() on ptolemy.moml.MoMLSimpleApplication@d11f439
reloadAllAccessors: .ContinuousWithinContinuous6

===========================================================================================
----------------- testing Sat May 11 04:15:42 UTC 2019 /home/travis/build/icyphy/ptII/ptolemy/domains/continuous/test/auto/ContinuousWithinContinuous7.xml
----------------- Instantiating /home/travis/build/icyphy/ptII/ptolemy/domains/continuous/test/auto/ContinuousWithinContinuous7.xml
51 ms. Memory: 873472K Free: 693796K (79%)
----------------- Invoking toplevel() on ptolemy.moml.MoMLSimpleApplication@64125cf8
----------------- Done invoking toplevel() on ptolemy.moml.MoMLSimpleApplication@64125cf8
reloadAllAccessors: .ContinuousWithinContinuous7

===========================================================================================
----------------- testing Sat May 11 04:15:42 UTC 2019 /home/travis/build/icyphy/ptII/ptolemy/domains/continuous/test/auto/DCMotor.xml
----------------- Instantiating /home/travis/build/icyphy/ptII/ptolemy/domains/continuous/test/auto/DCMotor.xml
11740 ms. Memory: 735232K Free: 212729K (29%)
----------------- Invoking toplevel() on ptolemy.moml.MoMLSimpleApplication@25b94eb9
----------------- Done invoking toplevel() on ptolemy.moml.MoMLSimpleApplication@25b94eb9
reloadAllAccessors: .DCMotor

===========================================================================================
----------------- testing Sat May 11 04:15:54 UTC 2019 /home/travis/build/icyphy/ptII/ptolemy/domains/continuous/test/auto/DEInContinuous.xml
----------------- Instantiating /home/travis/build/icyphy/ptII/ptolemy/domains/continuous/test/auto/DEInContinuous.xml
15 ms. Memory: 735232K Free: 196234K (27%)
----------------- Invoking toplevel() on ptolemy.moml.MoMLSimpleApplication@5be66abd
----------------- Done invoking toplevel() on ptolemy.moml.MoMLSimpleApplication@5be66abd
reloadAllAccessors: .DEInContinuous

===========================================================================================
----------------- testing Sat May 11 04:15:54 UTC 2019 /home/travis/build/icyphy/ptII/ptolemy/domains/continuous/test/auto/DEinContinuous2.xml
----------------- Instantiating /home/travis/build/icyphy/ptII/ptolemy/domains/continuous/test/auto/DEinContinuous2.xml
7 ms. Memory: 735232K Free: 182110K (25%)
----------------- Invoking toplevel() on ptolemy.moml.MoMLSimpleApplication@64aca2d
----------------- Done invoking toplevel() on ptolemy.moml.MoMLSimpleApplication@64aca2d
reloadAllAccessors: .DEinContinuous2

===========================================================================================
----------------- testing Sat May 11 04:15:54 UTC 2019 /home/travis/build/icyphy/ptII/ptolemy/domains/continuous/test/auto/Derivative.xml
----------------- Instantiating /home/travis/build/icyphy/ptII/ptolemy/domains/continuous/test/auto/Derivative.xml
140 ms. Memory: 735232K Free: 142047K (19%)
----------------- Invoking toplevel() on ptolemy.moml.MoMLSimpleApplication@56b7e8ea
----------------- Done invoking toplevel() on ptolemy.moml.MoMLSimpleApplication@56b7e8ea
reloadAllAccessors: .Derivative2

===========================================================================================
----------------- testing Sat May 11 04:15:54 UTC 2019 /home/travis/build/icyphy/ptII/ptolemy/domains/continuous/test/auto/Derivative1.xml
----------------- Instantiating /home/travis/build/icyphy/ptII/ptolemy/domains/continuous/test/auto/Derivative1.xml
17 ms. Memory: 735232K Free: 122640K (17%)
----------------- Invoking toplevel() on ptolemy.moml.MoMLSimpleApplication@386b8451
----------------- Done invoking toplevel() on ptolemy.moml.MoMLSimpleApplication@386b8451
reloadAllAccessors: .Derivative1

===========================================================================================
----------------- testing Sat May 11 04:15:54 UTC 2019 /home/travis/build/icyphy/ptII/ptolemy/domains/continuous/test/auto/DiscreteClock.xml
----------------- Instantiating /home/travis/build/icyphy/ptII/ptolemy/domains/continuous/test/auto/DiscreteClock.xml
4 ms. Memory: 735232K Free: 108516K (15%)
----------------- Invoking toplevel() on ptolemy.moml.MoMLSimpleApplication@23cf340a
----------------- Done invoking toplevel() on ptolemy.moml.MoMLSimpleApplication@23cf340a
reloadAllAccessors: .DiscreteClock

===========================================================================================
----------------- testing Sat May 11 04:15:54 UTC 2019 /home/travis/build/icyphy/ptII/ptolemy/domains/continuous/test/auto/EfficiencyCurve.xml
----------------- Instantiating /home/travis/build/icyphy/ptII/ptolemy/domains/continuous/test/auto/EfficiencyCurve.xml
63 ms. Memory: 735232K Free: 94393K (13%)
----------------- Invoking toplevel() on ptolemy.moml.MoMLSimpleApplication@6323d944
----------------- Done invoking toplevel() on ptolemy.moml.MoMLSimpleApplication@6323d944
reloadAllAccessors: .EfficiencyCurve

===========================================================================================
----------------- testing Sat May 11 04:15:54 UTC 2019 /home/travis/build/icyphy/ptII/ptolemy/domains/continuous/test/auto/ExponentialResponse.xml
----------------- Instantiating /home/travis/build/icyphy/ptII/ptolemy/domains/continuous/test/auto/ExponentialResponse.xml
98 ms. Memory: 735232K Free: 74993K (10%)
----------------- Invoking toplevel() on ptolemy.moml.MoMLSimpleApplication@2a2f5b01
----------------- Done invoking toplevel() on ptolemy.moml.MoMLSimpleApplication@2a2f5b01
reloadAllAccessors: .ExponentialResponse

===========================================================================================
----------------- testing Sat May 11 04:15:54 UTC 2019 /home/travis/build/icyphy/ptII/ptolemy/domains/continuous/test/auto/ExponentialResponseRK45.xml
----------------- Instantiating /home/travis/build/icyphy/ptII/ptolemy/domains/continuous/test/auto/ExponentialResponseRK45.xml
24 ms. Memory: 697344K Free: 670340K (96%)
----------------- Invoking toplevel() on ptolemy.moml.MoMLSimpleApplication@3ea55899
----------------- Done invoking toplevel() on ptolemy.moml.MoMLSimpleApplication@3ea55899
reloadAllAccessors: .ExponentialResponseRK45

===========================================================================================
----------------- testing Sat May 11 04:15:54 UTC 2019 /home/travis/build/icyphy/ptII/ptolemy/domains/continuous/test/auto/Friction.xml
----------------- Instantiating /home/travis/build/icyphy/ptII/ptolemy/domains/continuous/test/auto/Friction.xml
1358 ms. Memory: 697344K Free: 231672K (33%)
----------------- Invoking toplevel() on ptolemy.moml.MoMLSimpleApplication@9a49ac4
----------------- Done invoking toplevel() on ptolemy.moml.MoMLSimpleApplication@9a49ac4
reloadAllAccessors: .Friction

===========================================================================================
----------------- testing Sat May 11 04:15:56 UTC 2019 /home/travis/build/icyphy/ptII/ptolemy/domains/continuous/test/auto/FurutaPendulum.xml
----------------- Instantiating /home/travis/build/icyphy/ptII/ptolemy/domains/continuous/test/auto/FurutaPendulum.xml
2866 ms. Memory: 674816K Free: 311858K (46%)
----------------- Invoking toplevel() on ptolemy.moml.MoMLSimpleApplication@67482e1d
----------------- Done invoking toplevel() on ptolemy.moml.MoMLSimpleApplication@67482e1d
reloadAllAccessors: .FurutaPendulum

===========================================================================================
----------------- testing Sat May 11 04:15:59 UTC 2019 /home/travis/build/icyphy/ptII/ptolemy/domains/continuous/test/auto/HierarchicalExecution.xml
----------------- Instantiating /home/travis/build/icyphy/ptII/ptolemy/domains/continuous/test/auto/HierarchicalExecution.xml
1781 ms. Memory: 647168K Free: 560177K (87%)
----------------- Invoking toplevel() on ptolemy.moml.MoMLSimpleApplication@5572f694
----------------- Done invoking toplevel() on ptolemy.moml.MoMLSimpleApplication@5572f694
reloadAllAccessors: .HierarchicalExecution

===========================================================================================
----------------- testing Sat May 11 04:16:01 UTC 2019 /home/travis/build/icyphy/ptII/ptolemy/domains/continuous/test/auto/HybridPlant.xml
----------------- Instantiating /home/travis/build/icyphy/ptII/ptolemy/domains/continuous/test/auto/HybridPlant.xml
467 ms. Memory: 647168K Free: 284461K (44%)
----------------- Invoking toplevel() on ptolemy.moml.MoMLSimpleApplication@3683b4cb
----------------- Done invoking toplevel() on ptolemy.moml.MoMLSimpleApplication@3683b4cb
reloadAllAccessors: .HybridPlant

===========================================================================================
----------------- testing Sat May 11 04:16:02 UTC 2019 /home/travis/build/icyphy/ptII/ptolemy/domains/continuous/test/auto/Hysteresis.xml
----------------- Instantiating /home/travis/build/icyphy/ptII/ptolemy/domains/continuous/test/auto/Hysteresis.xml
132 ms. Memory: 647168K Free: 216279K (33%)
----------------- Invoking toplevel() on ptolemy.moml.MoMLSimpleApplication@48bf79c8
----------------- Done invoking toplevel() on ptolemy.moml.MoMLSimpleApplication@48bf79c8
reloadAllAccessors: .Hysteresis

===========================================================================================
----------------- testing Sat May 11 04:16:02 UTC 2019 /home/travis/build/icyphy/ptII/ptolemy/domains/continuous/test/auto/HysteresisWithRandomDelay.xml
----------------- Instantiating /home/travis/build/icyphy/ptII/ptolemy/domains/continuous/test/auto/HysteresisWithRandomDelay.xml
162 ms. Memory: 647168K Free: 136796K (21%)
----------------- Invoking toplevel() on ptolemy.moml.MoMLSimpleApplication@4e039673
----------------- Done invoking toplevel() on ptolemy.moml.MoMLSimpleApplication@4e039673
reloadAllAccessors: .HysteresisWithRandomDelay

===========================================================================================
----------------- testing Sat May 11 04:16:02 UTC 2019 /home/travis/build/icyphy/ptII/ptolemy/domains/continuous/test/auto/HysteresisWithRandomLosses.xml
----------------- Instantiating /home/travis/build/icyphy/ptII/ptolemy/domains/continuous/test/auto/HysteresisWithRandomLosses.xml
2136 ms. Memory: 589312K Free: 403016K (68%)
----------------- Invoking toplevel() on ptolemy.moml.MoMLSimpleApplication@79710b34
----------------- Done invoking toplevel() on ptolemy.moml.MoMLSimpleApplication@79710b34
reloadAllAccessors: .HysteresisWithRandomLosses

===========================================================================================
----------------- testing Sat May 11 04:16:04 UTC 2019 /home/travis/build/icyphy/ptII/ptolemy/domains/continuous/test/auto/ImmediateTransitions.xml
----------------- Instantiating /home/travis/build/icyphy/ptII/ptolemy/domains/continuous/test/auto/ImmediateTransitions.xml
9 ms. Memory: 589312K Free: 390336K (66%)
----------------- Invoking toplevel() on ptolemy.moml.MoMLSimpleApplication@3decb7f0
----------------- Done invoking toplevel() on ptolemy.moml.MoMLSimpleApplication@3decb7f0
reloadAllAccessors: .ImmediateTransitions

===========================================================================================
----------------- testing Sat May 11 04:16:04 UTC 2019 /home/travis/build/icyphy/ptII/ptolemy/domains/continuous/test/auto/ImpulseFeedback.xml
----------------- Instantiating /home/travis/build/icyphy/ptII/ptolemy/domains/continuous/test/auto/ImpulseFeedback.xml
10 ms. Memory: 589312K Free: 379328K (64%)
----------------- Invoking toplevel() on ptolemy.moml.MoMLSimpleApplication@4b4082e4
----------------- Done invoking toplevel() on ptolemy.moml.MoMLSimpleApplication@4b4082e4
reloadAllAccessors: .ImpulseFeedback

===========================================================================================
----------------- testing Sat May 11 04:16:04 UTC 2019 /home/travis/build/icyphy/ptII/ptolemy/domains/continuous/test/auto/ImpulseFeedback2.xml
----------------- Instantiating /home/travis/build/icyphy/ptII/ptolemy/domains/continuous/test/auto/ImpulseFeedback2.xml
6 ms. Memory: 589312K Free: 368335K (63%)
----------------- Invoking toplevel() on ptolemy.moml.MoMLSimpleApplication@70bff5c3
----------------- Done invoking toplevel() on ptolemy.moml.MoMLSimpleApplication@70bff5c3
reloadAllAccessors: .ImpulseFeedback2

===========================================================================================
----------------- testing Sat May 11 04:16:04 UTC 2019 /home/travis/build/icyphy/ptII/ptolemy/domains/continuous/test/auto/IncreasingRatePoisson.xml
----------------- Instantiating /home/travis/build/icyphy/ptII/ptolemy/domains/continuous/test/auto/IncreasingRatePoisson.xml
625 ms. Memory: 589312K Free: 53660K (9%)
----------------- Invoking toplevel() on ptolemy.moml.MoMLSimpleApplication@17544205
----------------- Done invoking toplevel() on ptolemy.moml.MoMLSimpleApplication@17544205
reloadAllAccessors: .IncreasingRatePoisson

===========================================================================================
----------------- testing Sat May 11 04:16:05 UTC 2019 /home/travis/build/icyphy/ptII/ptolemy/domains/continuous/test/auto/InitialStateFeedback.xml
----------------- Instantiating /home/travis/build/icyphy/ptII/ptolemy/domains/continuous/test/auto/InitialStateFeedback.xml
4 ms. Memory: 574464K Free: 539447K (94%)
----------------- Invoking toplevel() on ptolemy.moml.MoMLSimpleApplication@33832ad1
----------------- Done invoking toplevel() on ptolemy.moml.MoMLSimpleApplication@33832ad1
reloadAllAccessors: .InitialStateFeedback

===========================================================================================
----------------- testing Sat May 11 04:16:05 UTC 2019 /home/travis/build/icyphy/ptII/ptolemy/domains/continuous/test/auto/Integration.xml
----------------- Instantiating /home/travis/build/icyphy/ptII/ptolemy/domains/continuous/test/auto/Integration.xml
2 ms. Memory: 574464K Free: 532079K (93%)
----------------- Invoking toplevel() on ptolemy.moml.MoMLSimpleApplication@26eb5a45
----------------- Done invoking toplevel() on ptolemy.moml.MoMLSimpleApplication@26eb5a45
reloadAllAccessors: .Integration

===========================================================================================
----------------- testing Sat May 11 04:16:05 UTC 2019 /home/travis/build/icyphy/ptII/ptolemy/domains/continuous/test/auto/Integration2.xml
----------------- Instantiating /home/travis/build/icyphy/ptII/ptolemy/domains/continuous/test/auto/Integration2.xml
74 ms. Memory: 574464K Free: 511795K (89%)
----------------- Invoking toplevel() on ptolemy.moml.MoMLSimpleApplication@750e18df
----------------- Done invoking toplevel() on ptolemy.moml.MoMLSimpleApplication@750e18df
reloadAllAccessors: .Integration2

===========================================================================================
----------------- testing Sat May 11 04:16:05 UTC 2019 /home/travis/build/icyphy/ptII/ptolemy/domains/continuous/test/auto/Integration3.xml
----------------- Instantiating /home/travis/build/icyphy/ptII/ptolemy/domains/continuous/test/auto/Integration3.xml
2 ms. Memory: 574464K Free: 504579K (88%)
----------------- Invoking toplevel() on ptolemy.moml.MoMLSimpleApplication@6dd23a84
----------------- Done invoking toplevel() on ptolemy.moml.MoMLSimpleApplication@6dd23a84
reloadAllAccessors: .Integration3

===========================================================================================
----------------- testing Sat May 11 04:16:05 UTC 2019 /home/travis/build/icyphy/ptII/ptolemy/domains/continuous/test/auto/Integration5.xml
----------------- Instantiating /home/travis/build/icyphy/ptII/ptolemy/domains/continuous/test/auto/Integration5.xml
2 ms. Memory: 574464K Free: 497211K (87%)
----------------- Invoking toplevel() on ptolemy.moml.MoMLSimpleApplication@3b76ef6c
----------------- Done invoking toplevel() on ptolemy.moml.MoMLSimpleApplication@3b76ef6c
reloadAllAccessors: .Integration5

===========================================================================================
----------------- testing Sat May 11 04:16:05 UTC 2019 /home/travis/build/icyphy/ptII/ptolemy/domains/continuous/test/auto/IntegratorImpulse.xml
----------------- Instantiating /home/travis/build/icyphy/ptII/ptolemy/domains/continuous/test/auto/IntegratorImpulse.xml
2 ms. Memory: 574464K Free: 489843K (85%)
----------------- Invoking toplevel() on ptolemy.moml.MoMLSimpleApplication@394bc399
----------------- Done invoking toplevel() on ptolemy.moml.MoMLSimpleApplication@394bc399
reloadAllAccessors: .IntegratorImpulse

===========================================================================================
----------------- testing Sat May 11 04:16:05 UTC 2019 /home/travis/build/icyphy/ptII/ptolemy/domains/continuous/test/auto/IntegratorImpulse2.xml
----------------- Instantiating /home/travis/build/icyphy/ptII/ptolemy/domains/continuous/test/auto/IntegratorImpulse2.xml
4 ms. Memory: 574464K Free: 482627K (84%)
----------------- Invoking toplevel() on ptolemy.moml.MoMLSimpleApplication@5f3aa818
----------------- Done invoking toplevel() on ptolemy.moml.MoMLSimpleApplication@5f3aa818
reloadAllAccessors: .IntegratorImpulse2

===========================================================================================
----------------- testing Sat May 11 04:16:05 UTC 2019 /home/travis/build/icyphy/ptII/ptolemy/domains/continuous/test/auto/LevelCrossing1.xml
----------------- Instantiating /home/travis/build/icyphy/ptII/ptolemy/domains/continuous/test/auto/LevelCrossing1.xml
3 ms. Memory: 574464K Free: 472030K (82%)
----------------- Invoking toplevel() on ptolemy.moml.MoMLSimpleApplication@23e500d1
----------------- Done invoking toplevel() on ptolemy.moml.MoMLSimpleApplication@23e500d1
reloadAllAccessors: .LevelCrossing1

===========================================================================================
----------------- testing Sat May 11 04:16:05 UTC 2019 /home/travis/build/icyphy/ptII/ptolemy/domains/continuous/test/auto/LevelCrossing2.xml
----------------- Instantiating /home/travis/build/icyphy/ptII/ptolemy/domains/continuous/test/auto/LevelCrossing2.xml
2 ms. Memory: 574464K Free: 461432K (80%)
----------------- Invoking toplevel() on ptolemy.moml.MoMLSimpleApplication@7476c901
----------------- Done invoking toplevel() on ptolemy.moml.MoMLSimpleApplication@7476c901
reloadAllAccessors: .LevelCrossing2

===========================================================================================
----------------- testing Sat May 11 04:16:05 UTC 2019 /home/travis/build/icyphy/ptII/ptolemy/domains/continuous/test/auto/LevelCrossing3.xml
----------------- Instantiating /home/travis/build/icyphy/ptII/ptolemy/domains/continuous/test/auto/LevelCrossing3.xml
2 ms. Memory: 574464K Free: 450987K (79%)
----------------- Invoking toplevel() on ptolemy.moml.MoMLSimpleApplication@27fbf5
----------------- Done invoking toplevel() on ptolemy.moml.MoMLSimpleApplication@27fbf5
reloadAllAccessors: .LevelCrossing3

===========================================================================================
----------------- testing Sat May 11 04:16:05 UTC 2019 /home/travis/build/icyphy/ptII/ptolemy/domains/continuous/test/auto/LevelCrossing4.xml
----------------- Instantiating /home/travis/build/icyphy/ptII/ptolemy/domains/continuous/test/auto/LevelCrossing4.xml
2 ms. Memory: 574464K Free: 440374K (77%)
----------------- Invoking toplevel() on ptolemy.moml.MoMLSimpleApplication@1841e875
----------------- Done invoking toplevel() on ptolemy.moml.MoMLSimpleApplication@1841e875
reloadAllAccessors: .LevelCrossing4

===========================================================================================
----------------- testing Sat May 11 04:16:05 UTC 2019 /home/travis/build/icyphy/ptII/ptolemy/domains/continuous/test/auto/LevelCrossing5.xml
----------------- Instantiating /home/travis/build/icyphy/ptII/ptolemy/domains/continuous/test/auto/LevelCrossing5.xml
2 ms. Memory: 574464K Free: 429761K (75%)
----------------- Invoking toplevel() on ptolemy.moml.MoMLSimpleApplication@37d26ee5
----------------- Done invoking toplevel() on ptolemy.moml.MoMLSimpleApplication@37d26ee5
reloadAllAccessors: .LevelCrossing5

===========================================================================================
[...]
----------------- testing Sat May 11 04:16:21 UTC 2019 /home/travis/build/icyphy/ptII/ptolemy/domains/continuous/test/auto/SRinContinuous.xml
----------------- Instantiating /home/travis/build/icyphy/ptII/ptolemy/domains/continuous/test/auto/SRinContinuous.xml
5 ms. Memory: 670208K Free: 109981K (16%)
----------------- Invoking toplevel() on ptolemy.moml.MoMLSimpleApplication@41224d8f
----------------- Done invoking toplevel() on ptolemy.moml.MoMLSimpleApplication@41224d8f
reloadAllAccessors: .SRinContinuous

===========================================================================================
----------------- testing Sat May 11 04:16:21 UTC 2019 /home/travis/build/icyphy/ptII/ptolemy/domains/continuous/test/auto/SampledClocks.xml
----------------- Instantiating /home/travis/build/icyphy/ptII/ptolemy/domains/continuous/test/auto/SampledClocks.xml
7 ms. Memory: 670208K Free: 94306K (14%)
----------------- Invoking toplevel() on ptolemy.moml.MoMLSimpleApplication@12478951
----------------- Done invoking toplevel() on ptolemy.moml.MoMLSimpleApplication@12478951
reloadAllAccessors: .SampledClocks

===========================================================================================
----------------- testing Sat May 11 04:16:21 UTC 2019 /home/travis/build/icyphy/ptII/ptolemy/domains/continuous/test/auto/Satellite.xml
----------------- Instantiating /home/travis/build/icyphy/ptII/ptolemy/domains/continuous/test/auto/Satellite.xml
873 ms. Memory: 650752K Free: 479954K (74%)
----------------- Invoking toplevel() on ptolemy.moml.MoMLSimpleApplication@61d64c5d
----------------- Done invoking toplevel() on ptolemy.moml.MoMLSimpleApplication@61d64c5d
reloadAllAccessors: .Satellite

===========================================================================================
----------------- testing Sat May 11 04:16:22 UTC 2019 /home/travis/build/icyphy/ptII/ptolemy/domains/continuous/test/auto/SigmaDelta.xml
----------------- Instantiating /home/travis/build/icyphy/ptII/ptolemy/domains/continuous/test/auto/SigmaDelta.xml
2136 ms. Memory: 650752K Free: 107066K (16%)
----------------- Invoking toplevel() on ptolemy.moml.MoMLSimpleApplication@6e67b7b3
----------------- Done invoking toplevel() on ptolemy.moml.MoMLSimpleApplication@6e67b7b3
reloadAllAccessors: .SigmaDelta

===========================================================================================
----------------- testing Sat May 11 04:16:24 UTC 2019 /home/travis/build/icyphy/ptII/ptolemy/domains/continuous/test/auto/SingleRefinement.xml
----------------- Instantiating /home/travis/build/icyphy/ptII/ptolemy/domains/continuous/test/auto/SingleRefinement.xml
353 ms. Memory: 617472K Free: 449101K (73%)
----------------- Invoking toplevel() on ptolemy.moml.MoMLSimpleApplication@63527c9e
----------------- Done invoking toplevel() on ptolemy.moml.MoMLSimpleApplication@63527c9e
reloadAllAccessors: .SingleRefinement

===========================================================================================
----------------- testing Sat May 11 04:16:25 UTC 2019 /home/travis/build/icyphy/ptII/ptolemy/domains/continuous/test/auto/SinuBouncingBall.xml
----------------- Instantiating /home/travis/build/icyphy/ptII/ptolemy/domains/continuous/test/auto/SinuBouncingBall.xml
725 ms. Memory: 617472K Free: 223757K (36%)
----------------- Invoking toplevel() on ptolemy.moml.MoMLSimpleApplication@656b08fb
----------------- Done invoking toplevel() on ptolemy.moml.MoMLSimpleApplication@656b08fb
reloadAllAccessors: .SinuBouncingBall

===========================================================================================
----------------- testing Sat May 11 04:16:26 UTC 2019 /home/travis/build/icyphy/ptII/ptolemy/domains/continuous/test/auto/Sinusoid.xml
----------------- Instantiating /home/travis/build/icyphy/ptII/ptolemy/domains/continuous/test/auto/Sinusoid.xml
4 ms. Memory: 617472K Free: 217480K (35%)
----------------- Invoking toplevel() on ptolemy.moml.MoMLSimpleApplication@6e2194cd
----------------- Done invoking toplevel() on ptolemy.moml.MoMLSimpleApplication@6e2194cd
reloadAllAccessors: .Sinusoid

===========================================================================================
----------------- testing Sat May 11 04:16:26 UTC 2019 /home/travis/build/icyphy/ptII/ptolemy/domains/continuous/test/auto/SinusoidInNoise.xml
----------------- Instantiating /home/travis/build/icyphy/ptII/ptolemy/domains/continuous/test/auto/SinusoidInNoise.xml
859 ms. Memory: 592896K Free: 527315K (89%)
----------------- Invoking toplevel() on ptolemy.moml.MoMLSimpleApplication@53f01c2d
----------------- Done invoking toplevel() on ptolemy.moml.MoMLSimpleApplication@53f01c2d
reloadAllAccessors: .SinusoidInNoise

===========================================================================================
----------------- testing Sat May 11 04:16:27 UTC 2019 /home/travis/build/icyphy/ptII/ptolemy/domains/continuous/test/auto/SinusoidRK45.xml
----------------- Instantiating /home/travis/build/icyphy/ptII/ptolemy/domains/continuous/test/auto/SinusoidRK45.xml
2 ms. Memory: 592896K Free: 519849K (88%)
----------------- Invoking toplevel() on ptolemy.moml.MoMLSimpleApplication@77493443
----------------- Done invoking toplevel() on ptolemy.moml.MoMLSimpleApplication@77493443
reloadAllAccessors: .SinusoidRK45

===========================================================================================
----------------- testing Sat May 11 04:16:27 UTC 2019 /home/travis/build/icyphy/ptII/ptolemy/domains/continuous/test/auto/SinusoidWithMultipleImpulses.xml
----------------- Instantiating /home/travis/build/icyphy/ptII/ptolemy/domains/continuous/test/auto/SinusoidWithMultipleImpulses.xml
2 ms. Memory: 592896K Free: 511270K (86%)
----------------- Invoking toplevel() on ptolemy.moml.MoMLSimpleApplication@60c91115
----------------- Done invoking toplevel() on ptolemy.moml.MoMLSimpleApplication@60c91115
reloadAllAccessors: .SinusoidWithMultipleImpulses

===========================================================================================
----------------- testing Sat May 11 04:16:27 UTC 2019 /home/travis/build/icyphy/ptII/ptolemy/domains/continuous/test/auto/SquareWave.xml
----------------- Instantiating /home/travis/build/icyphy/ptII/ptolemy/domains/continuous/test/auto/SquareWave.xml
153 ms. Memory: 592896K Free: 477250K (80%)
----------------- Invoking toplevel() on ptolemy.moml.MoMLSimpleApplication@1838d290
----------------- Done invoking toplevel() on ptolemy.moml.MoMLSimpleApplication@1838d290
reloadAllAccessors: .SquareWave

===========================================================================================
----------------- testing Sat May 11 04:16:27 UTC 2019 /home/travis/build/icyphy/ptII/ptolemy/domains/continuous/test/auto/Starmac.xml
----------------- Instantiating /home/travis/build/icyphy/ptII/ptolemy/domains/continuous/test/auto/Starmac.xml
3084 ms. Memory: 592896K Free: 126587K (21%)
----------------- Invoking toplevel() on ptolemy.moml.MoMLSimpleApplication@58d0726
----------------- Done invoking toplevel() on ptolemy.moml.MoMLSimpleApplication@58d0726
reloadAllAccessors: .Starmac

===========================================================================================
----------------- testing Sat May 11 04:16:30 UTC 2019 /home/travis/build/icyphy/ptII/ptolemy/domains/continuous/test/auto/StaticUnits.xml
----------------- Instantiating /home/travis/build/icyphy/ptII/ptolemy/domains/continuous/test/auto/StaticUnits.xml
2098 ms. Memory: 574976K Free: 160973K (28%)
----------------- Invoking toplevel() on ptolemy.moml.MoMLSimpleApplication@3f746a98
----------------- Done invoking toplevel() on ptolemy.moml.MoMLSimpleApplication@3f746a98
reloadAllAccessors: .StaticUnits

===========================================================================================
----------------- testing Sat May 11 04:16:33 UTC 2019 /home/travis/build/icyphy/ptII/ptolemy/domains/continuous/test/auto/StickyMasses.xml
----------------- Instantiating /home/travis/build/icyphy/ptII/ptolemy/domains/continuous/test/auto/StickyMasses.xml
131 ms. Memory: 574976K Free: 104389K (18%)
----------------- Invoking toplevel() on ptolemy.moml.MoMLSimpleApplication@21369ebb
----------------- Done invoking toplevel() on ptolemy.moml.MoMLSimpleApplication@21369ebb
reloadAllAccessors: .StickyMasses

===========================================================================================
----------------- testing Sat May 11 04:16:33 UTC 2019 /home/travis/build/icyphy/ptII/ptolemy/domains/continuous/test/auto/StopTime.xml
----------------- Instantiating /home/travis/build/icyphy/ptII/ptolemy/domains/continuous/test/auto/StopTime.xml
36 ms. Memory: 574976K Free: 76640K (13%)
----------------- Invoking toplevel() on ptolemy.moml.MoMLSimpleApplication@4ce7eb75
----------------- Done invoking toplevel() on ptolemy.moml.MoMLSimpleApplication@4ce7eb75
reloadAllAccessors: .StopTime

===========================================================================================
----------------- testing Sat May 11 04:16:33 UTC 2019 /home/travis/build/icyphy/ptII/ptolemy/domains/continuous/test/auto/StopTime2.xml
----------------- Instantiating /home/travis/build/icyphy/ptII/ptolemy/domains/continuous/test/auto/StopTime2.xml
39 ms. Memory: 574976K Free: 51334K (9%)
----------------- Invoking toplevel() on ptolemy.moml.MoMLSimpleApplication@5a4cf9ff
----------------- Done invoking toplevel() on ptolemy.moml.MoMLSimpleApplication@5a4cf9ff
reloadAllAccessors: .StopTime2

===========================================================================================
----------------- testing Sat May 11 04:16:33 UTC 2019 /home/travis/build/icyphy/ptII/ptolemy/domains/continuous/test/auto/Switch.xml
----------------- Instantiating /home/travis/build/icyphy/ptII/ptolemy/domains/continuous/test/auto/Switch.xml
59 ms. Memory: 574976K Free: 21123K (4%)
----------------- Invoking toplevel() on ptolemy.moml.MoMLSimpleApplication@2d413e32
----------------- Done invoking toplevel() on ptolemy.moml.MoMLSimpleApplication@2d413e32
reloadAllAccessors: .Switch

===========================================================================================
----------------- testing Sat May 11 04:16:33 UTC 2019 /home/travis/build/icyphy/ptII/ptolemy/domains/continuous/test/auto/Thermostat.xml
----------------- Instantiating /home/travis/build/icyphy/ptII/ptolemy/domains/continuous/test/auto/Thermostat.xml
168 ms. Memory: 545280K Free: 401789K (74%)
----------------- Invoking toplevel() on ptolemy.moml.MoMLSimpleApplication@60b27418
----------------- Done invoking toplevel() on ptolemy.moml.MoMLSimpleApplication@60b27418
reloadAllAccessors: .Thermostat

===========================================================================================
----------------- testing Sat May 11 04:16:33 UTC 2019 /home/travis/build/icyphy/ptII/ptolemy/domains/continuous/test/auto/TimeDelay.xml
----------------- Instantiating /home/travis/build/icyphy/ptII/ptolemy/domains/continuous/test/auto/TimeDelay.xml
6 ms. Memory: 545280K Free: 393883K (72%)
----------------- Invoking toplevel() on ptolemy.moml.MoMLSimpleApplication@3ee34cbf
----------------- Done invoking toplevel() on ptolemy.moml.MoMLSimpleApplication@3ee34cbf
reloadAllAccessors: .TimeDelay

===========================================================================================
----------------- testing Sat May 11 04:16:33 UTC 2019 /home/travis/build/icyphy/ptII/ptolemy/domains/continuous/test/auto/TimeDelay2.xml
----------------- Instantiating /home/travis/build/icyphy/ptII/ptolemy/domains/continuous/test/auto/TimeDelay2.xml
7 ms. Memory: 545280K Free: 385963K (71%)
----------------- Invoking toplevel() on ptolemy.moml.MoMLSimpleApplication@6538f28a
----------------- Done invoking toplevel() on ptolemy.moml.MoMLSimpleApplication@6538f28a
reloadAllAccessors: .TimeDelay2

===========================================================================================
----------------- testing Sat May 11 04:16:33 UTC 2019 /home/travis/build/icyphy/ptII/ptolemy/domains/continuous/test/auto/TimeDelay3.xml
----------------- Instantiating /home/travis/build/icyphy/ptII/ptolemy/domains/continuous/test/auto/TimeDelay3.xml
6 ms. Memory: 545280K Free: 378040K (69%)
----------------- Invoking toplevel() on ptolemy.moml.MoMLSimpleApplication@1f8947fd
----------------- Done invoking toplevel() on ptolemy.moml.MoMLSimpleApplication@1f8947fd
reloadAllAccessors: .TimeDelay3

===========================================================================================
----------------- testing Sat May 11 04:16:33 UTC 2019 /home/travis/build/icyphy/ptII/ptolemy/domains/continuous/test/auto/TransferAbsentToInside.xml
----------------- Instantiating /home/travis/build/icyphy/ptII/ptolemy/domains/continuous/test/auto/TransferAbsentToInside.xml
27 ms. Memory: 545280K Free: 321253K (59%)
----------------- Invoking toplevel() on ptolemy.moml.MoMLSimpleApplication@5331e77c
----------------- Done invoking toplevel() on ptolemy.moml.MoMLSimpleApplication@5331e77c
reloadAllAccessors: .TransferAbsentToInside

===========================================================================================
----------------- testing Sat May 11 04:16:34 UTC 2019 /home/travis/build/icyphy/ptII/ptolemy/domains/continuous/test/auto/Transmission.xml
----------------- Instantiating /home/travis/build/icyphy/ptII/ptolemy/domains/continuous/test/auto/Transmission.xml
693 ms. Memory: 545280K Free: 85389K (16%)
----------------- Invoking toplevel() on ptolemy.moml.MoMLSimpleApplication@63901ca5
----------------- Done invoking toplevel() on ptolemy.moml.MoMLSimpleApplication@63901ca5
reloadAllAccessors: .Transmission

===========================================================================================
----------------- testing Sat May 11 04:16:34 UTC 2019 /home/travis/build/icyphy/ptII/ptolemy/domains/continuous/test/auto/TriggeredContinuousClock.xml
----------------- Instantiating /home/travis/build/icyphy/ptII/ptolemy/domains/continuous/test/auto/TriggeredContinuousClock.xml
32 ms. Memory: 545280K Free: 51860K (10%)
----------------- Invoking toplevel() on ptolemy.moml.MoMLSimpleApplication@47377331
----------------- Done invoking toplevel() on ptolemy.moml.MoMLSimpleApplication@47377331
reloadAllAccessors: .TriggeredContinuousClock

===========================================================================================
----------------- testing Sat May 11 04:16:34 UTC 2019 /home/travis/build/icyphy/ptII/ptolemy/domains/continuous/test/auto/TwoMachineInfiniteBusControl.xml
----------------- Instantiating /home/travis/build/icyphy/ptII/ptolemy/domains/continuous/test/auto/TwoMachineInfiniteBusControl.xml
2602 ms. Memory: 503808K Free: 343721K (68%)
----------------- Invoking toplevel() on ptolemy.moml.MoMLSimpleApplication@5b1be388
----------------- Done invoking toplevel() on ptolemy.moml.MoMLSimpleApplication@5b1be388
reloadAllAccessors: .TwoMachineInfiniteBusControl

===========================================================================================
----------------- testing Sat May 11 04:16:37 UTC 2019 /home/travis/build/icyphy/ptII/ptolemy/domains/continuous/test/auto/V2V.xml
----------------- Instantiating /home/travis/build/icyphy/ptII/ptolemy/domains/continuous/test/auto/V2V.xml
547 ms. Memory: 503808K Free: 151259K (30%)
----------------- Invoking toplevel() on ptolemy.moml.MoMLSimpleApplication@45d68de9
----------------- Done invoking toplevel() on ptolemy.moml.MoMLSimpleApplication@45d68de9
reloadAllAccessors: .V2V

===========================================================================================
----------------- testing Sat May 11 04:16:38 UTC 2019 /home/travis/build/icyphy/ptII/ptolemy/domains/continuous/test/auto/hierarchicalModalModel.xml
----------------- Instantiating /home/travis/build/icyphy/ptII/ptolemy/domains/continuous/test/auto/hierarchicalModalModel.xml
6 ms. Memory: 503808K Free: 133348K (26%)
----------------- Invoking toplevel() on ptolemy.moml.MoMLSimpleApplication@181f702a
----------------- Done invoking toplevel() on ptolemy.moml.MoMLSimpleApplication@181f702a
reloadAllAccessors: .hierarchicalModalModel

===========================================================================================
----------------- testing Sat May 11 04:16:38 UTC 2019 /home/travis/build/icyphy/ptII/ptolemy/domains/continuous/test/auto/hierarchicalModalModel1.xml
----------------- Instantiating /home/travis/build/icyphy/ptII/ptolemy/domains/continuous/test/auto/hierarchicalModalModel1.xml
8 ms. Memory: 503808K Free: 115550K (23%)
----------------- Invoking toplevel() on ptolemy.moml.MoMLSimpleApplication@772b9e6e
----------------- Done invoking toplevel() on ptolemy.moml.MoMLSimpleApplication@772b9e6e
reloadAllAccessors: .hierarchicalModalModel1

===========================================================================================
----------------- testing Sat May 11 04:16:38 UTC 2019 /home/travis/build/icyphy/ptII/ptolemy/domains/continuous/test/auto/hierarchicalModalModel2.xml
----------------- Instantiating /home/travis/build/icyphy/ptII/ptolemy/domains/continuous/test/auto/hierarchicalModalModel2.xml
6 ms. Memory: 503808K Free: 99780K (20%)
----------------- Invoking toplevel() on ptolemy.moml.MoMLSimpleApplication@1af1b8de
----------------- Done invoking toplevel() on ptolemy.moml.MoMLSimpleApplication@1af1b8de
reloadAllAccessors: .hierarchicalModalModel2

===========================================================================================
----------------- testing Sat May 11 04:16:38 UTC 2019 /home/travis/build/icyphy/ptII/ptolemy/domains/continuous/test/auto/hierarchicalModalModel3.xml
----------------- Instantiating /home/travis/build/icyphy/ptII/ptolemy/domains/continuous/test/auto/hierarchicalModalModel3.xml
5 ms. Memory: 503808K Free: 86224K (17%)
----------------- Invoking toplevel() on ptolemy.moml.MoMLSimpleApplication@23d16da9
----------------- Done invoking toplevel() on ptolemy.moml.MoMLSimpleApplication@23d16da9
reloadAllAccessors: .hierarchicalModalModel3

===========================================================================================
----------------- testing Sat May 11 04:16:38 UTC 2019 /home/travis/build/icyphy/ptII/ptolemy/domains/continuous/test/auto/hierarchicalModalModel4.xml
----------------- Instantiating /home/travis/build/icyphy/ptII/ptolemy/domains/continuous/test/auto/hierarchicalModalModel4.xml
4 ms. Memory: 503808K Free: 72580K (14%)
----------------- Invoking toplevel() on ptolemy.moml.MoMLSimpleApplication@75fdbbe2
----------------- Done invoking toplevel() on ptolemy.moml.MoMLSimpleApplication@75fdbbe2
reloadAllAccessors: .hierarchicalModalModel4

===========================================================================================
----------------- testing Sat May 11 04:16:38 UTC 2019 /home/travis/build/icyphy/ptII/ptolemy/domains/continuous/test/auto/junk.xml
----------------- Instantiating /home/travis/build/icyphy/ptII/ptolemy/domains/continuous/test/auto/junk.xml
112 ms. Memory: 503808K Free: 39951K (8%)
----------------- Invoking toplevel() on ptolemy.moml.MoMLSimpleApplication@11461665
----------------- Done invoking toplevel() on ptolemy.moml.MoMLSimpleApplication@11461665
reloadAllAccessors: .junk
AutoTests.java: About to close Vertx.
AutoTests.java: Vertx closed.
]]></system-out>
  <system-err><![CDATA[Warning: '.HysteresisWithRandomDelay.NonStrictTest3' The test produced only 22 tokens, yet the correctValues parameter was expecting 30 tokens.
Warning: '.IncreasingRatePoisson.NonStrictTest' The test produced only 389 tokens, yet the correctValues parameter was expecting 402 tokens.
Warning: '.Poisson.NonStrictTest' The test produced only 401 tokens, yet the correctValues parameter was expecting 430 tokens.
]]></system-err>
</testsuite>
