<?xml version="1.0" encoding="UTF-8" ?>
<testsuite errors="0" failures="0" hostname="travis-job-b02612a6-e8f5-4fb2-8586-6c4a90b1a6fd" name="ptolemy.domains.sdf.test.junit.JUnitTclTest" skipped="0" tests="66" time="20.919" timestamp="2019-05-20T04:30:33">
  <properties>
[...]
</properties>
  <testcase classname="ptolemy.util.test.junit.TclTests" name="[0] /home/travis/build/icyphy/ptII/ptolemy/domains/sdf/test/SDFSchedulerErrors.tcl (RunTclFile)" time="0.698" />
  <testcase classname="ptolemy.util.test.junit.TclTests" name="[1] /home/travis/build/icyphy/ptII/ptolemy/domains/sdf/test/composition.tcl (RunTclFile)" time="0.168" />
  <testcase classname="ptolemy.util.test.junit.TclTests" name="[2] /home/travis/build/icyphy/ptII/ptolemy/domains/sdf/test/cycle.tcl (RunTclFile)" time="0.053" />
  <testcase classname="ptolemy.util.test.junit.AutoKnownFailedTests" name="[0] ThereAreNoKnowFailedTests (RunModel)" time="0.001" />
  <testcase classname="ptolemy.util.test.junit.AutoNameArchTests" name="[0] ThereAreNoAutoArchTests (RunModel)" time="0.004" />
  <testcase classname="ptolemy.util.test.junit.AutoTests" name="[0] /home/travis/build/icyphy/ptII/ptolemy/domains/sdf/test/auto/Array.xml (RunModel)" time="0.186" />
  <testcase classname="ptolemy.util.test.junit.AutoTests" name="[1] /home/travis/build/icyphy/ptII/ptolemy/domains/sdf/test/auto/Butterfly.xml (RunModel)" time="0.203" />
  <testcase classname="ptolemy.util.test.junit.AutoTests" name="[2] /home/travis/build/icyphy/ptII/ptolemy/domains/sdf/test/auto/Expression.xml (RunModel)" time="0.12" />
  <testcase classname="ptolemy.util.test.junit.AutoTests" name="[3] /home/travis/build/icyphy/ptII/ptolemy/domains/sdf/test/auto/Eye.xml (RunModel)" time="0.307" />
  <testcase classname="ptolemy.util.test.junit.AutoTests" name="[4] /home/travis/build/icyphy/ptII/ptolemy/domains/sdf/test/auto/FixFIR.xml (RunModel)" time="0.324" />
  <testcase classname="ptolemy.util.test.junit.AutoTests" name="[5] /home/travis/build/icyphy/ptII/ptolemy/domains/sdf/test/auto/FixPoint.xml (RunModel)" time="0.062" />
  <testcase classname="ptolemy.util.test.junit.AutoTests" name="[6] /home/travis/build/icyphy/ptII/ptolemy/domains/sdf/test/auto/Gravitation.xml (RunModel)" time="3.291" />
  <testcase classname="ptolemy.util.test.junit.AutoTests" name="[7] /home/travis/build/icyphy/ptII/ptolemy/domains/sdf/test/auto/GravitationWithCollisionDetection.xml (RunModel)" time="6.844" />
  <testcase classname="ptolemy.util.test.junit.AutoTests" name="[8] /home/travis/build/icyphy/ptII/ptolemy/domains/sdf/test/auto/HDF.xml (RunModel)" time="0.11" />
  <testcase classname="ptolemy.util.test.junit.AutoTests" name="[9] /home/travis/build/icyphy/ptII/ptolemy/domains/sdf/test/auto/HDFwithTransientStates.xml (RunModel)" time="0.091" />
  <testcase classname="ptolemy.util.test.junit.AutoTests" name="[10] /home/travis/build/icyphy/ptII/ptolemy/domains/sdf/test/auto/HTVQ.xml (RunModel)" time="0.891" />
  <testcase classname="ptolemy.util.test.junit.AutoTests" name="[11] /home/travis/build/icyphy/ptII/ptolemy/domains/sdf/test/auto/InferInitProduction.xml (RunModel)" time="0.046" />
  <testcase classname="ptolemy.util.test.junit.AutoTests" name="[12] /home/travis/build/icyphy/ptII/ptolemy/domains/sdf/test/auto/InferInitProductionDeeper.xml (RunModel)" time="0.023" />
  <testcase classname="ptolemy.util.test.junit.AutoTests" name="[13] /home/travis/build/icyphy/ptII/ptolemy/domains/sdf/test/auto/LMSAdaptive.xml (RunModel)" time="0.084" />
  <testcase classname="ptolemy.util.test.junit.AutoTests" name="[14] /home/travis/build/icyphy/ptII/ptolemy/domains/sdf/test/auto/LogisticMap.xml (RunModel)" time="0.495" />
  <testcase classname="ptolemy.util.test.junit.AutoTests" name="[15] /home/travis/build/icyphy/ptII/ptolemy/domains/sdf/test/auto/MaximumEntropySpectrum.xml (RunModel)" time="0.268" />
  <testcase classname="ptolemy.util.test.junit.AutoTests" name="[16] /home/travis/build/icyphy/ptII/ptolemy/domains/sdf/test/auto/MultirateSDF.xml (RunModel)" time="0.083" />
  <testcase classname="ptolemy.util.test.junit.AutoTests" name="[17] /home/travis/build/icyphy/ptII/ptolemy/domains/sdf/test/auto/MultirateSDFwithTransientStates.xml (RunModel)" time="0.096" />
  <testcase classname="ptolemy.util.test.junit.AutoTests" name="[18] /home/travis/build/icyphy/ptII/ptolemy/domains/sdf/test/auto/NoisySinewave.xml (RunModel)" time="0.059" />
  <testcase classname="ptolemy.util.test.junit.AutoTests" name="[19] /home/travis/build/icyphy/ptII/ptolemy/domains/sdf/test/auto/Objects.xml (RunModel)" time="0.069" />
  <testcase classname="ptolemy.util.test.junit.AutoTests" name="[20] /home/travis/build/icyphy/ptII/ptolemy/domains/sdf/test/auto/OrthogonalCom.xml (RunModel)" time="0.047" />
  <testcase classname="ptolemy.util.test.junit.AutoTests" name="[21] /home/travis/build/icyphy/ptII/ptolemy/domains/sdf/test/auto/RijndaelEncryption.xml (RunModel)" time="0.625" />
  <testcase classname="ptolemy.util.test.junit.AutoTests" name="[22] /home/travis/build/icyphy/ptII/ptolemy/domains/sdf/test/auto/SDFEmptyIterations.xml (RunModel)" time="0.024" />
  <testcase classname="ptolemy.util.test.junit.AutoTests" name="[23] /home/travis/build/icyphy/ptII/ptolemy/domains/sdf/test/auto/Spectrum.xml (RunModel)" time="0.082" />
  <testcase classname="ptolemy.util.test.junit.AutoTests" name="[24] /home/travis/build/icyphy/ptII/ptolemy/domains/sdf/test/auto/de_inside_sdf.xml (RunModel)" time="0.032" />
  <testcase classname="ptolemy.util.test.junit.AutoTests" name="[25] /home/travis/build/icyphy/ptII/ptolemy/domains/sdf/test/auto/disconnectedHierarchicalSDF.xml (RunModel)" time="0.029" />
  <testcase classname="ptolemy.util.test.junit.AutoTests" name="[26] /home/travis/build/icyphy/ptII/ptolemy/domains/sdf/test/auto/disconnectedSDF.xml (RunModel)" time="0.044" />
  <testcase classname="ptolemy.util.test.junit.AutoTests" name="[27] /home/travis/build/icyphy/ptII/ptolemy/domains/sdf/test/auto/emptyRefinement.xml (RunModel)" time="0.031" />
  <testcase classname="ptolemy.util.test.junit.AutoTests" name="[28] /home/travis/build/icyphy/ptII/ptolemy/domains/sdf/test/auto/filePortParameter.xml (RunModel)" time="0.05" />
  <testcase classname="ptolemy.util.test.junit.AutoTests" name="[29] /home/travis/build/icyphy/ptII/ptolemy/domains/sdf/test/auto/inferRelationWidth1.xml (RunModel)" time="0.021" />
  <testcase classname="ptolemy.util.test.junit.AutoTests" name="[30] /home/travis/build/icyphy/ptII/ptolemy/domains/sdf/test/auto/initProductionInference.xml (RunModel)" time="0.021" />
  <testcase classname="ptolemy.util.test.junit.AutoTests" name="[31] /home/travis/build/icyphy/ptII/ptolemy/domains/sdf/test/auto/relationGroup.xml (RunModel)" time="0.02" />
  <testcase classname="ptolemy.util.test.junit.AutoTests" name="[32] /home/travis/build/icyphy/ptII/ptolemy/domains/sdf/test/auto/relationGroup10.xml (RunModel)" time="0.017" />
  <testcase classname="ptolemy.util.test.junit.AutoTests" name="[33] /home/travis/build/icyphy/ptII/ptolemy/domains/sdf/test/auto/relationGroup11.xml (RunModel)" time="0.015" />
  <testcase classname="ptolemy.util.test.junit.AutoTests" name="[34] /home/travis/build/icyphy/ptII/ptolemy/domains/sdf/test/auto/relationGroup12.xml (RunModel)" time="0.018" />
  <testcase classname="ptolemy.util.test.junit.AutoTests" name="[35] /home/travis/build/icyphy/ptII/ptolemy/domains/sdf/test/auto/relationGroup13.xml (RunModel)" time="0.025" />
  <testcase classname="ptolemy.util.test.junit.AutoTests" name="[36] /home/travis/build/icyphy/ptII/ptolemy/domains/sdf/test/auto/relationGroup14.xml (RunModel)" time="0.024" />
  <testcase classname="ptolemy.util.test.junit.AutoTests" name="[37] /home/travis/build/icyphy/ptII/ptolemy/domains/sdf/test/auto/relationGroup15.xml (RunModel)" time="0.014" />
  <testcase classname="ptolemy.util.test.junit.AutoTests" name="[38] /home/travis/build/icyphy/ptII/ptolemy/domains/sdf/test/auto/relationGroup2.xml (RunModel)" time="0.014" />
  <testcase classname="ptolemy.util.test.junit.AutoTests" name="[39] /home/travis/build/icyphy/ptII/ptolemy/domains/sdf/test/auto/relationGroup3.xml (RunModel)" time="0.022" />
  <testcase classname="ptolemy.util.test.junit.AutoTests" name="[40] /home/travis/build/icyphy/ptII/ptolemy/domains/sdf/test/auto/relationGroup4.xml (RunModel)" time="0.024" />
  <testcase classname="ptolemy.util.test.junit.AutoTests" name="[41] /home/travis/build/icyphy/ptII/ptolemy/domains/sdf/test/auto/relationGroup5.xml (RunModel)" time="0.025" />
  <testcase classname="ptolemy.util.test.junit.AutoTests" name="[42] /home/travis/build/icyphy/ptII/ptolemy/domains/sdf/test/auto/relationGroup6.xml (RunModel)" time="0.02" />
  <testcase classname="ptolemy.util.test.junit.AutoTests" name="[43] /home/travis/build/icyphy/ptII/ptolemy/domains/sdf/test/auto/relationGroup7.xml (RunModel)" time="0.022" />
  <testcase classname="ptolemy.util.test.junit.AutoTests" name="[44] /home/travis/build/icyphy/ptII/ptolemy/domains/sdf/test/auto/relationGroup8.xml (RunModel)" time="0.024" />
  <testcase classname="ptolemy.util.test.junit.AutoTests" name="[45] /home/travis/build/icyphy/ptII/ptolemy/domains/sdf/test/auto/relationGroup9.xml (RunModel)" time="0.037" />
  <testcase classname="ptolemy.util.test.junit.AutoTests" name="[46] /home/travis/build/icyphy/ptII/ptolemy/domains/sdf/test/auto/sdf_inside_de.xml (RunModel)" time="0.056" />
  <testcase classname="ptolemy.util.test.junit.AutoTests" name="[47] /home/travis/build/icyphy/ptII/ptolemy/domains/sdf/test/auto/sdf_inside_pn.xml (RunModel)" time="0.071" />
  <testcase classname="ptolemy.util.test.junit.AutoTests" name="[48] /home/travis/build/icyphy/ptII/ptolemy/domains/sdf/test/auto/sdf_sdf1.xml (RunModel)" time="0.021" />
  <testcase classname="ptolemy.util.test.junit.AutoTests" name="[49] /home/travis/build/icyphy/ptII/ptolemy/domains/sdf/test/auto/test1.xml (RunModel)" time="0.017" />
  <testcase classname="ptolemy.util.test.junit.AutoTests" name="[50] /home/travis/build/icyphy/ptII/ptolemy/domains/sdf/test/auto/time1.xml (RunModel)" time="0.01" />
  <testcase classname="ptolemy.util.test.junit.AutoTests" name="[51] /home/travis/build/icyphy/ptII/ptolemy/domains/sdf/test/auto/time2.xml (RunModel)" time="0.012" />
  <testcase classname="ptolemy.util.test.junit.AutoTests" name="[52] /home/travis/build/icyphy/ptII/ptolemy/domains/sdf/test/auto/time3.xml (RunModel)" time="0.034" />
  <testcase classname="ptolemy.util.test.junit.AutoTests" name="[53] /home/travis/build/icyphy/ptII/ptolemy/domains/sdf/test/auto/time4.xml (RunModel)" time="0.021" />
  <testcase classname="ptolemy.util.test.junit.AutoTests" name="[54] /home/travis/build/icyphy/ptII/ptolemy/domains/sdf/test/auto/time5.xml (RunModel)" time="4.01" />
  <testcase classname="ptolemy.util.test.junit.AutoTests" name="[55] /home/travis/build/icyphy/ptII/ptolemy/domains/sdf/test/auto/typeSystem_Const_Integer_smallest_Type.xml (RunModel)" time="0.047" />
  <testcase classname="ptolemy.util.test.junit.AutoTests" name="[56] /home/travis/build/icyphy/ptII/ptolemy/domains/sdf/test/auto/typeSystem_declared_Inports_OutportTypeException.xml (RunModel)" time="0.022" />
  <testcase classname="ptolemy.util.test.junit.AutoTests" name="[57] /home/travis/build/icyphy/ptII/ptolemy/domains/sdf/test/auto/typeSystem_oneDeclaredInportType_wrongTypeOutport.xml (RunModel)" time="0.022" />
  <testcase classname="ptolemy.util.test.junit.AutoTests" name="[58] /home/travis/build/icyphy/ptII/ptolemy/domains/sdf/test/auto/width.xml (RunModel)" time="0.013" />
  <testcase classname="ptolemy.util.test.junit.AutoTests" name="[59] /home/travis/build/icyphy/ptII/ptolemy/domains/sdf/test/auto/width2.xml (RunModel)" time="0.04" />
  <testcase classname="ptolemy.util.test.junit.AutoTests" name="[60] /home/travis/build/icyphy/ptII/ptolemy/domains/sdf/test/auto/width3.xml (RunModel)" time="0.039" />
  <system-out><![CDATA[/home/travis/build/icyphy/ptII/ptolemy/domains/sdf/test/SDFSchedulerErrors.tcl
testDefs.tcl: setting time out to 9000 seconds at Mon May 20 04:30:33 UTC 2019
24 ms. Memory: 116224K Free: 108764K (94%)
5 ms. Memory: 116224K Free: 101836K (88%)
4 ms. Memory: 116224K Free: 95393K (82%)
6 ms. Memory: 116224K Free: 92292K (79%)
/home/travis/build/icyphy/ptII/ptolemy/domains/sdf/test/composition.tcl
49 ms. Memory: 116224K Free: 88707K (76%)
11 ms. Memory: 116224K Free: 86908K (75%)
/home/travis/build/icyphy/ptII/ptolemy/domains/sdf/test/cycle.tcl
.Toplevel.Director Preinitializing ...
Invoking preinitialize():  .Toplevel.Actor1
Invoking preinitialize():  .Toplevel.Actor2
Invoking preinitialize():  .Toplevel.Delay
.Toplevel.Director Finished preinitialize().
### Schedule:
Execute Schedule{
Fire Actor ptolemy.domains.sdf.kernel.test.SDFTestDelay {.Toplevel.Actor1}
Fire Actor ptolemy.domains.sdf.kernel.test.SDFTestDelay {.Toplevel.Actor2}
Fire Actor ptolemy.domains.sdf.lib.SampleDelay {.Toplevel.Delay}
}
### End schedule
Called initialize().
Invoking initialize():  .Toplevel.Actor1
Initializing actor: .Toplevel.Actor1.
Invoking initialize():  .Toplevel.Actor2
Initializing actor: .Toplevel.Actor2.
Invoking initialize():  .Toplevel.Delay
Initializing actor: .Toplevel.Delay.
Director: Called prefire().
-- Setting current time to 0.0
Director prefire returns true.
The actor .Toplevel.Actor1 will be iterated.
The actor .Toplevel.Actor1 was iterated.
The actor .Toplevel.Actor2 will be iterated.
The actor .Toplevel.Actor2 was iterated.
The actor .Toplevel.Delay will be iterated.
The actor .Toplevel.Delay was iterated.
Director: Called postfire().
Postfire returns: true
Director: Called prefire().
-- Setting current time to 0.0
Director prefire returns true.
The actor .Toplevel.Actor1 will be iterated.
The actor .Toplevel.Actor1 was iterated.
The actor .Toplevel.Actor2 will be iterated.
The actor .Toplevel.Actor2 was iterated.
The actor .Toplevel.Delay will be iterated.
The actor .Toplevel.Delay was iterated.
Director: Called postfire().
Postfire returns: true
Director: Called prefire().
-- Setting current time to 0.0
Director prefire returns true.
The actor .Toplevel.Actor1 will be iterated.
The actor .Toplevel.Actor1 was iterated.
The actor .Toplevel.Actor2 will be iterated.
The actor .Toplevel.Actor2 was iterated.
The actor .Toplevel.Delay will be iterated.
The actor .Toplevel.Delay was iterated.
Director: Called postfire().
Postfire returns: true
Director: Called prefire().
-- Setting current time to 0.0
Director prefire returns true.
The actor .Toplevel.Actor1 will be iterated.
The actor .Toplevel.Actor1 was iterated.
The actor .Toplevel.Actor2 will be iterated.
The actor .Toplevel.Actor2 was iterated.
The actor .Toplevel.Delay will be iterated.
The actor .Toplevel.Delay was iterated.
Director: Called postfire().
Postfire returns: true
Director: Called prefire().
-- Setting current time to 0.0
Director prefire returns true.
The actor .Toplevel.Actor1 will be iterated.
The actor .Toplevel.Actor1 was iterated.
The actor .Toplevel.Actor2 will be iterated.
The actor .Toplevel.Actor2 was iterated.
The actor .Toplevel.Delay will be iterated.
The actor .Toplevel.Delay was iterated.
Director: Called postfire().
Postfire returns: true
Director: Called prefire().
-- Setting current time to 0.0
Director prefire returns true.
The actor .Toplevel.Actor1 will be iterated.
The actor .Toplevel.Actor1 was iterated.
The actor .Toplevel.Actor2 will be iterated.
The actor .Toplevel.Actor2 was iterated.
The actor .Toplevel.Delay will be iterated.
The actor .Toplevel.Delay was iterated.
Reached specified number of iterations: 6
Director: Called wrapup().
7 ms. Memory: 116224K Free: 84487K (73%)
05/20/19 04:30:34
Failed: 0  Total Tests: 8  ((Passed: 8, Newly Passed: 0)  Known Failed: 0) /home/travis/build/icyphy/ptII/ptolemy/domains/sdf/test
No auto/knownFailedTests/*.xml tests in /home/travis/build/icyphy/ptII/ptolemy/domains/sdf/test
No auto/linux-amd64/*.xml tests in /home/travis/build/icyphy/ptII/ptolemy/domains/sdf/test
AutoTests.java: About to close Vertx.
AutoTests.java: Vertx closed.

===========================================================================================
----------------- testing Mon May 20 04:30:35 UTC 2019 /home/travis/build/icyphy/ptII/ptolemy/domains/sdf/test/auto/Array.xml
----------------- Instantiating /home/travis/build/icyphy/ptII/ptolemy/domains/sdf/test/auto/Array.xml
35 ms. Memory: 146944K Free: 109762K (75%)
----------------- Invoking toplevel() on ptolemy.moml.MoMLSimpleApplication@5fd6a5de
----------------- Done invoking toplevel() on ptolemy.moml.MoMLSimpleApplication@5fd6a5de
reloadAllAccessors: .Array

===========================================================================================
----------------- testing Mon May 20 04:30:35 UTC 2019 /home/travis/build/icyphy/ptII/ptolemy/domains/sdf/test/auto/Butterfly.xml
----------------- Instantiating /home/travis/build/icyphy/ptII/ptolemy/domains/sdf/test/auto/Butterfly.xml
136 ms. Memory: 146944K Free: 103545K (70%)
----------------- Invoking toplevel() on ptolemy.moml.MoMLSimpleApplication@8ba4600
----------------- Done invoking toplevel() on ptolemy.moml.MoMLSimpleApplication@8ba4600
reloadAllAccessors: .Butterfly

===========================================================================================
----------------- testing Mon May 20 04:30:35 UTC 2019 /home/travis/build/icyphy/ptII/ptolemy/domains/sdf/test/auto/Expression.xml
----------------- Instantiating /home/travis/build/icyphy/ptII/ptolemy/domains/sdf/test/auto/Expression.xml
79 ms. Memory: 146944K Free: 98606K (67%)
----------------- Invoking toplevel() on ptolemy.moml.MoMLSimpleApplication@635a0c6e
----------------- Done invoking toplevel() on ptolemy.moml.MoMLSimpleApplication@635a0c6e
reloadAllAccessors: .Expression

===========================================================================================
----------------- testing Mon May 20 04:30:35 UTC 2019 /home/travis/build/icyphy/ptII/ptolemy/domains/sdf/test/auto/Eye.xml
----------------- Instantiating /home/travis/build/icyphy/ptII/ptolemy/domains/sdf/test/auto/Eye.xml
207 ms. Memory: 146944K Free: 130675K (89%)
----------------- Invoking toplevel() on ptolemy.moml.MoMLSimpleApplication@43d279c8
----------------- Done invoking toplevel() on ptolemy.moml.MoMLSimpleApplication@43d279c8
reloadAllAccessors: .Eye

===========================================================================================
----------------- testing Mon May 20 04:30:36 UTC 2019 /home/travis/build/icyphy/ptII/ptolemy/domains/sdf/test/auto/FixFIR.xml
----------------- Instantiating /home/travis/build/icyphy/ptII/ptolemy/domains/sdf/test/auto/FixFIR.xml
152 ms. Memory: 146944K Free: 94174K (64%)
----------------- Invoking toplevel() on ptolemy.moml.MoMLSimpleApplication@5496317a
----------------- Done invoking toplevel() on ptolemy.moml.MoMLSimpleApplication@5496317a
reloadAllAccessors: .FixFIR

===========================================================================================
----------------- testing Mon May 20 04:30:36 UTC 2019 /home/travis/build/icyphy/ptII/ptolemy/domains/sdf/test/auto/FixPoint.xml
----------------- Instantiating /home/travis/build/icyphy/ptII/ptolemy/domains/sdf/test/auto/FixPoint.xml
19 ms. Memory: 146944K Free: 89572K (61%)
----------------- Invoking toplevel() on ptolemy.moml.MoMLSimpleApplication@2cff50b
----------------- Done invoking toplevel() on ptolemy.moml.MoMLSimpleApplication@2cff50b
reloadAllAccessors: .FixPoint

===========================================================================================
----------------- testing Mon May 20 04:30:36 UTC 2019 /home/travis/build/icyphy/ptII/ptolemy/domains/sdf/test/auto/Gravitation.xml
----------------- Instantiating /home/travis/build/icyphy/ptII/ptolemy/domains/sdf/test/auto/Gravitation.xml
3173 ms. Memory: 208384K Free: 123806K (59%)
----------------- Invoking toplevel() on ptolemy.moml.MoMLSimpleApplication@7034d257
----------------- Done invoking toplevel() on ptolemy.moml.MoMLSimpleApplication@7034d257
reloadAllAccessors: .Gravitation

===========================================================================================
----------------- testing Mon May 20 04:30:39 UTC 2019 /home/travis/build/icyphy/ptII/ptolemy/domains/sdf/test/auto/GravitationWithCollisionDetection.xml
----------------- Instantiating /home/travis/build/icyphy/ptII/ptolemy/domains/sdf/test/auto/GravitationWithCollisionDetection.xml
6610 ms. Memory: 872448K Free: 282688K (32%)
----------------- Invoking toplevel() on ptolemy.moml.MoMLSimpleApplication@45c881dd
----------------- Done invoking toplevel() on ptolemy.moml.MoMLSimpleApplication@45c881dd
reloadAllAccessors: .GravitationWithCollisionDetection

===========================================================================================
----------------- testing Mon May 20 04:30:46 UTC 2019 /home/travis/build/icyphy/ptII/ptolemy/domains/sdf/test/auto/HDF.xml
----------------- Instantiating /home/travis/build/icyphy/ptII/ptolemy/domains/sdf/test/auto/HDF.xml
55 ms. Memory: 872448K Free: 250811K (29%)
----------------- Invoking toplevel() on ptolemy.moml.MoMLSimpleApplication@36b2cbe5
----------------- Done invoking toplevel() on ptolemy.moml.MoMLSimpleApplication@36b2cbe5
reloadAllAccessors: .HDF

===========================================================================================
----------------- testing Mon May 20 04:30:46 UTC 2019 /home/travis/build/icyphy/ptII/ptolemy/domains/sdf/test/auto/HDFwithTransientStates.xml
----------------- Instantiating /home/travis/build/icyphy/ptII/ptolemy/domains/sdf/test/auto/HDFwithTransientStates.xml
37 ms. Memory: 872448K Free: 227280K (26%)
----------------- Invoking toplevel() on ptolemy.moml.MoMLSimpleApplication@43089ed2
----------------- Done invoking toplevel() on ptolemy.moml.MoMLSimpleApplication@43089ed2
reloadAllAccessors: .HDFwithTransientStates

===========================================================================================
----------------- testing Mon May 20 04:30:46 UTC 2019 /home/travis/build/icyphy/ptII/ptolemy/domains/sdf/test/auto/HTVQ.xml
----------------- Instantiating /home/travis/build/icyphy/ptII/ptolemy/domains/sdf/test/auto/HTVQ.xml
840 ms. Memory: 834560K Free: 797639K (96%)
----------------- Invoking toplevel() on ptolemy.moml.MoMLSimpleApplication@4b0bba91
----------------- Done invoking toplevel() on ptolemy.moml.MoMLSimpleApplication@4b0bba91
reloadAllAccessors: .HTVQ

===========================================================================================
----------------- testing Mon May 20 04:30:47 UTC 2019 /home/travis/build/icyphy/ptII/ptolemy/domains/sdf/test/auto/InferInitProduction.xml
----------------- Instantiating /home/travis/build/icyphy/ptII/ptolemy/domains/sdf/test/auto/InferInitProduction.xml
11 ms. Memory: 834560K Free: 780849K (94%)
----------------- Invoking toplevel() on ptolemy.moml.MoMLSimpleApplication@2961791c
----------------- Done invoking toplevel() on ptolemy.moml.MoMLSimpleApplication@2961791c
reloadAllAccessors: .InferInitProduction

===========================================================================================
----------------- testing Mon May 20 04:30:47 UTC 2019 /home/travis/build/icyphy/ptII/ptolemy/domains/sdf/test/auto/InferInitProductionDeeper.xml
----------------- Instantiating /home/travis/build/icyphy/ptII/ptolemy/domains/sdf/test/auto/InferInitProductionDeeper.xml
4 ms. Memory: 834560K Free: 770889K (92%)
----------------- Invoking toplevel() on ptolemy.moml.MoMLSimpleApplication@63fd3ca6
----------------- Done invoking toplevel() on ptolemy.moml.MoMLSimpleApplication@63fd3ca6
reloadAllAccessors: .InferInitProductionDeeper

===========================================================================================
----------------- testing Mon May 20 04:30:47 UTC 2019 /home/travis/build/icyphy/ptII/ptolemy/domains/sdf/test/auto/LMSAdaptive.xml
----------------- Instantiating /home/travis/build/icyphy/ptII/ptolemy/domains/sdf/test/auto/LMSAdaptive.xml
21 ms. Memory: 834560K Free: 755949K (91%)
----------------- Invoking toplevel() on ptolemy.moml.MoMLSimpleApplication@7135255d
----------------- Done invoking toplevel() on ptolemy.moml.MoMLSimpleApplication@7135255d
reloadAllAccessors: .LMSAdaptive

===========================================================================================
----------------- testing Mon May 20 04:30:47 UTC 2019 /home/travis/build/icyphy/ptII/ptolemy/domains/sdf/test/auto/LogisticMap.xml
----------------- Instantiating /home/travis/build/icyphy/ptII/ptolemy/domains/sdf/test/auto/LogisticMap.xml
463 ms. Memory: 834560K Free: 745989K (89%)
----------------- Invoking toplevel() on ptolemy.moml.MoMLSimpleApplication@68e6a9d2
----------------- Done invoking toplevel() on ptolemy.moml.MoMLSimpleApplication@68e6a9d2
reloadAllAccessors: .LogisticMap

===========================================================================================
----------------- testing Mon May 20 04:30:48 UTC 2019 /home/travis/build/icyphy/ptII/ptolemy/domains/sdf/test/auto/MaximumEntropySpectrum.xml
----------------- Instantiating /home/travis/build/icyphy/ptII/ptolemy/domains/sdf/test/auto/MaximumEntropySpectrum.xml
49 ms. Memory: 834560K Free: 681184K (82%)
----------------- Invoking toplevel() on ptolemy.moml.MoMLSimpleApplication@6a268ae8
----------------- Done invoking toplevel() on ptolemy.moml.MoMLSimpleApplication@6a268ae8
reloadAllAccessors: .MaximumEntropySpectrum

===========================================================================================
----------------- testing Mon May 20 04:30:48 UTC 2019 /home/travis/build/icyphy/ptII/ptolemy/domains/sdf/test/auto/MultirateSDF.xml
----------------- Instantiating /home/travis/build/icyphy/ptII/ptolemy/domains/sdf/test/auto/MultirateSDF.xml
23 ms. Memory: 834560K Free: 661264K (79%)
----------------- Invoking toplevel() on ptolemy.moml.MoMLSimpleApplication@79c2b0a0
----------------- Done invoking toplevel() on ptolemy.moml.MoMLSimpleApplication@79c2b0a0
reloadAllAccessors: .MultirateSDF

===========================================================================================
----------------- testing Mon May 20 04:30:48 UTC 2019 /home/travis/build/icyphy/ptII/ptolemy/domains/sdf/test/auto/MultirateSDFwithTransientStates.xml
----------------- Instantiating /home/travis/build/icyphy/ptII/ptolemy/domains/sdf/test/auto/MultirateSDFwithTransientStates.xml
21 ms. Memory: 834560K Free: 636348K (76%)
----------------- Invoking toplevel() on ptolemy.moml.MoMLSimpleApplication@34b79edf
----------------- Done invoking toplevel() on ptolemy.moml.MoMLSimpleApplication@34b79edf
reloadAllAccessors: .MultirateSDFwithTransientStates

===========================================================================================
----------------- testing Mon May 20 04:30:48 UTC 2019 /home/travis/build/icyphy/ptII/ptolemy/domains/sdf/test/auto/NoisySinewave.xml
----------------- Instantiating /home/travis/build/icyphy/ptII/ptolemy/domains/sdf/test/auto/NoisySinewave.xml
12 ms. Memory: 834560K Free: 616427K (74%)
----------------- Invoking toplevel() on ptolemy.moml.MoMLSimpleApplication@7c310d8
----------------- Done invoking toplevel() on ptolemy.moml.MoMLSimpleApplication@7c310d8
reloadAllAccessors: .NoisySinewave

===========================================================================================
----------------- testing Mon May 20 04:30:48 UTC 2019 /home/travis/build/icyphy/ptII/ptolemy/domains/sdf/test/auto/Objects.xml
----------------- Instantiating /home/travis/build/icyphy/ptII/ptolemy/domains/sdf/test/auto/Objects.xml
3 ms. Memory: 834560K Free: 598705K (72%)
----------------- Invoking toplevel() on ptolemy.moml.MoMLSimpleApplication@714a1836
----------------- Done invoking toplevel() on ptolemy.moml.MoMLSimpleApplication@714a1836
reloadAllAccessors: .Objects

===========================================================================================
----------------- testing Mon May 20 04:30:48 UTC 2019 /home/travis/build/icyphy/ptII/ptolemy/domains/sdf/test/auto/OrthogonalCom.xml
----------------- Instantiating /home/travis/build/icyphy/ptII/ptolemy/domains/sdf/test/auto/OrthogonalCom.xml
6 ms. Memory: 834560K Free: 583765K (70%)
----------------- Invoking toplevel() on ptolemy.moml.MoMLSimpleApplication@5c7a871e
----------------- Done invoking toplevel() on ptolemy.moml.MoMLSimpleApplication@5c7a871e
reloadAllAccessors: .OrthogonalCom

===========================================================================================
----------------- testing Mon May 20 04:30:48 UTC 2019 /home/travis/build/icyphy/ptII/ptolemy/domains/sdf/test/auto/RijndaelEncryption.xml
----------------- Instantiating /home/travis/build/icyphy/ptII/ptolemy/domains/sdf/test/auto/RijndaelEncryption.xml
338 ms. Memory: 834560K Free: 429383K (51%)
----------------- Invoking toplevel() on ptolemy.moml.MoMLSimpleApplication@56cdabd7
----------------- Done invoking toplevel() on ptolemy.moml.MoMLSimpleApplication@56cdabd7
reloadAllAccessors: .RijndaelEncryption

===========================================================================================
----------------- testing Mon May 20 04:30:49 UTC 2019 /home/travis/build/icyphy/ptII/ptolemy/domains/sdf/test/auto/SDFEmptyIterations.xml
----------------- Instantiating /home/travis/build/icyphy/ptII/ptolemy/domains/sdf/test/auto/SDFEmptyIterations.xml
8 ms. Memory: 834560K Free: 419423K (50%)
----------------- Invoking toplevel() on ptolemy.moml.MoMLSimpleApplication@7df9c699
----------------- Done invoking toplevel() on ptolemy.moml.MoMLSimpleApplication@7df9c699
reloadAllAccessors: .SDFEmptyIterations

===========================================================================================
----------------- testing Mon May 20 04:30:49 UTC 2019 /home/travis/build/icyphy/ptII/ptolemy/domains/sdf/test/auto/Spectrum.xml
----------------- Instantiating /home/travis/build/icyphy/ptII/ptolemy/domains/sdf/test/auto/Spectrum.xml
36 ms. Memory: 834560K Free: 399503K (48%)
----------------- Invoking toplevel() on ptolemy.moml.MoMLSimpleApplication@67bfca3b
----------------- Done invoking toplevel() on ptolemy.moml.MoMLSimpleApplication@67bfca3b
reloadAllAccessors: .Spectrum

===========================================================================================
----------------- testing Mon May 20 04:30:49 UTC 2019 /home/travis/build/icyphy/ptII/ptolemy/domains/sdf/test/auto/de_inside_sdf.xml
----------------- Instantiating /home/travis/build/icyphy/ptII/ptolemy/domains/sdf/test/auto/de_inside_sdf.xml
8 ms. Memory: 834560K Free: 389543K (47%)
----------------- Invoking toplevel() on ptolemy.moml.MoMLSimpleApplication@4b401962
----------------- Done invoking toplevel() on ptolemy.moml.MoMLSimpleApplication@4b401962
reloadAllAccessors: .de_inside_sdf

===========================================================================================
----------------- testing Mon May 20 04:30:49 UTC 2019 /home/travis/build/icyphy/ptII/ptolemy/domains/sdf/test/auto/disconnectedHierarchicalSDF.xml
----------------- Instantiating /home/travis/build/icyphy/ptII/ptolemy/domains/sdf/test/auto/disconnectedHierarchicalSDF.xml
6 ms. Memory: 834560K Free: 379583K (45%)
----------------- Invoking toplevel() on ptolemy.moml.MoMLSimpleApplication@2d64d9f3
----------------- Done invoking toplevel() on ptolemy.moml.MoMLSimpleApplication@2d64d9f3
reloadAllAccessors: .disconnectedHierarchicalSDF

===========================================================================================
----------------- testing Mon May 20 04:30:49 UTC 2019 /home/travis/build/icyphy/ptII/ptolemy/domains/sdf/test/auto/disconnectedSDF.xml
----------------- Instantiating /home/travis/build/icyphy/ptII/ptolemy/domains/sdf/test/auto/disconnectedSDF.xml
3 ms. Memory: 834560K Free: 369622K (44%)
----------------- Invoking toplevel() on ptolemy.moml.MoMLSimpleApplication@12096fd5
----------------- Done invoking toplevel() on ptolemy.moml.MoMLSimpleApplication@12096fd5
reloadAllAccessors: .disconnectedSDF

===========================================================================================
----------------- testing Mon May 20 04:30:49 UTC 2019 /home/travis/build/icyphy/ptII/ptolemy/domains/sdf/test/auto/emptyRefinement.xml
----------------- Instantiating /home/travis/build/icyphy/ptII/ptolemy/domains/sdf/test/auto/emptyRefinement.xml
5 ms. Memory: 834560K Free: 359662K (43%)
----------------- Invoking toplevel() on ptolemy.moml.MoMLSimpleApplication@26c29839
----------------- Done invoking toplevel() on ptolemy.moml.MoMLSimpleApplication@26c29839
reloadAllAccessors: .emptyRefinement

===========================================================================================
----------------- testing Mon May 20 04:30:49 UTC 2019 /home/travis/build/icyphy/ptII/ptolemy/domains/sdf/test/auto/filePortParameter.xml
----------------- Instantiating /home/travis/build/icyphy/ptII/ptolemy/domains/sdf/test/auto/filePortParameter.xml
19 ms. Memory: 834560K Free: 341940K (41%)
----------------- Invoking toplevel() on ptolemy.moml.MoMLSimpleApplication@7016a61f
----------------- Done invoking toplevel() on ptolemy.moml.MoMLSimpleApplication@7016a61f
reloadAllAccessors: .filePortParameter

===========================================================================================
----------------- testing Mon May 20 04:30:49 UTC 2019 /home/travis/build/icyphy/ptII/ptolemy/domains/sdf/test/auto/inferRelationWidth1.xml
----------------- Instantiating /home/travis/build/icyphy/ptII/ptolemy/domains/sdf/test/auto/inferRelationWidth1.xml
3 ms. Memory: 834560K Free: 331980K (40%)
----------------- Invoking toplevel() on ptolemy.moml.MoMLSimpleApplication@7649250c
----------------- Done invoking toplevel() on ptolemy.moml.MoMLSimpleApplication@7649250c
reloadAllAccessors: .inferRelationWidth1

===========================================================================================
----------------- testing Mon May 20 04:30:49 UTC 2019 /home/travis/build/icyphy/ptII/ptolemy/domains/sdf/test/auto/initProductionInference.xml
----------------- Instantiating /home/travis/build/icyphy/ptII/ptolemy/domains/sdf/test/auto/initProductionInference.xml
6 ms. Memory: 834560K Free: 322020K (39%)
----------------- Invoking toplevel() on ptolemy.moml.MoMLSimpleApplication@77200763
----------------- Done invoking toplevel() on ptolemy.moml.MoMLSimpleApplication@77200763
reloadAllAccessors: .initProductionInference

===========================================================================================
----------------- testing Mon May 20 04:30:49 UTC 2019 /home/travis/build/icyphy/ptII/ptolemy/domains/sdf/test/auto/relationGroup.xml
----------------- Instantiating /home/travis/build/icyphy/ptII/ptolemy/domains/sdf/test/auto/relationGroup.xml
4 ms. Memory: 834560K Free: 312060K (37%)
----------------- Invoking toplevel() on ptolemy.moml.MoMLSimpleApplication@289c090
----------------- Done invoking toplevel() on ptolemy.moml.MoMLSimpleApplication@289c090
reloadAllAccessors: .relationGroup

===========================================================================================
----------------- testing Mon May 20 04:30:49 UTC 2019 /home/travis/build/icyphy/ptII/ptolemy/domains/sdf/test/auto/relationGroup10.xml
----------------- Instantiating /home/travis/build/icyphy/ptII/ptolemy/domains/sdf/test/auto/relationGroup10.xml
2 ms. Memory: 834560K Free: 302100K (36%)
----------------- Invoking toplevel() on ptolemy.moml.MoMLSimpleApplication@492698eb
----------------- Done invoking toplevel() on ptolemy.moml.MoMLSimpleApplication@492698eb
reloadAllAccessors: .relationGroup10

===========================================================================================
----------------- testing Mon May 20 04:30:49 UTC 2019 /home/travis/build/icyphy/ptII/ptolemy/domains/sdf/test/auto/relationGroup11.xml
----------------- Instantiating /home/travis/build/icyphy/ptII/ptolemy/domains/sdf/test/auto/relationGroup11.xml
2 ms. Memory: 834560K Free: 292140K (35%)
----------------- Invoking toplevel() on ptolemy.moml.MoMLSimpleApplication@7dabcf0e
----------------- Done invoking toplevel() on ptolemy.moml.MoMLSimpleApplication@7dabcf0e
reloadAllAccessors: .relationGroup11

===========================================================================================
----------------- testing Mon May 20 04:30:49 UTC 2019 /home/travis/build/icyphy/ptII/ptolemy/domains/sdf/test/auto/relationGroup12.xml
----------------- Instantiating /home/travis/build/icyphy/ptII/ptolemy/domains/sdf/test/auto/relationGroup12.xml
4 ms. Memory: 834560K Free: 282179K (34%)
----------------- Invoking toplevel() on ptolemy.moml.MoMLSimpleApplication@55236ddd
----------------- Done invoking toplevel() on ptolemy.moml.MoMLSimpleApplication@55236ddd
reloadAllAccessors: .relationGroup12

===========================================================================================
----------------- testing Mon May 20 04:30:50 UTC 2019 /home/travis/build/icyphy/ptII/ptolemy/domains/sdf/test/auto/relationGroup13.xml
----------------- Instantiating /home/travis/build/icyphy/ptII/ptolemy/domains/sdf/test/auto/relationGroup13.xml
10 ms. Memory: 834560K Free: 272219K (33%)
----------------- Invoking toplevel() on ptolemy.moml.MoMLSimpleApplication@511ec2b6
----------------- Done invoking toplevel() on ptolemy.moml.MoMLSimpleApplication@511ec2b6
reloadAllAccessors: .relationGroup13

===========================================================================================
----------------- testing Mon May 20 04:30:50 UTC 2019 /home/travis/build/icyphy/ptII/ptolemy/domains/sdf/test/auto/relationGroup14.xml
----------------- Instantiating /home/travis/build/icyphy/ptII/ptolemy/domains/sdf/test/auto/relationGroup14.xml
4 ms. Memory: 834560K Free: 259477K (31%)
----------------- Invoking toplevel() on ptolemy.moml.MoMLSimpleApplication@7d297041
----------------- Done invoking toplevel() on ptolemy.moml.MoMLSimpleApplication@7d297041
reloadAllAccessors: .relationGroup14

===========================================================================================
----------------- testing Mon May 20 04:30:50 UTC 2019 /home/travis/build/icyphy/ptII/ptolemy/domains/sdf/test/auto/relationGroup15.xml
----------------- Instantiating /home/travis/build/icyphy/ptII/ptolemy/domains/sdf/test/auto/relationGroup15.xml
2 ms. Memory: 834560K Free: 249517K (30%)
----------------- Invoking toplevel() on ptolemy.moml.MoMLSimpleApplication@562bcdef
----------------- Done invoking toplevel() on ptolemy.moml.MoMLSimpleApplication@562bcdef
reloadAllAccessors: .relationGroup15

===========================================================================================
----------------- testing Mon May 20 04:30:50 UTC 2019 /home/travis/build/icyphy/ptII/ptolemy/domains/sdf/test/auto/relationGroup2.xml
----------------- Instantiating /home/travis/build/icyphy/ptII/ptolemy/domains/sdf/test/auto/relationGroup2.xml
3 ms. Memory: 834560K Free: 239557K (29%)
----------------- Invoking toplevel() on ptolemy.moml.MoMLSimpleApplication@71ce2b7
----------------- Done invoking toplevel() on ptolemy.moml.MoMLSimpleApplication@71ce2b7
reloadAllAccessors: .relationGroup2

===========================================================================================
----------------- testing Mon May 20 04:30:50 UTC 2019 /home/travis/build/icyphy/ptII/ptolemy/domains/sdf/test/auto/relationGroup3.xml
----------------- Instantiating /home/travis/build/icyphy/ptII/ptolemy/domains/sdf/test/auto/relationGroup3.xml
8 ms. Memory: 834560K Free: 229597K (28%)
----------------- Invoking toplevel() on ptolemy.moml.MoMLSimpleApplication@4018ed9e
----------------- Done invoking toplevel() on ptolemy.moml.MoMLSimpleApplication@4018ed9e
reloadAllAccessors: .relationGroup3

===========================================================================================
----------------- testing Mon May 20 04:30:50 UTC 2019 /home/travis/build/icyphy/ptII/ptolemy/domains/sdf/test/auto/relationGroup4.xml
----------------- Instantiating /home/travis/build/icyphy/ptII/ptolemy/domains/sdf/test/auto/relationGroup4.xml
7 ms. Memory: 834560K Free: 219637K (26%)
----------------- Invoking toplevel() on ptolemy.moml.MoMLSimpleApplication@e59b0c3
----------------- Done invoking toplevel() on ptolemy.moml.MoMLSimpleApplication@e59b0c3
reloadAllAccessors: .relationGroup4

===========================================================================================
----------------- testing Mon May 20 04:30:50 UTC 2019 /home/travis/build/icyphy/ptII/ptolemy/domains/sdf/test/auto/relationGroup5.xml
----------------- Instantiating /home/travis/build/icyphy/ptII/ptolemy/domains/sdf/test/auto/relationGroup5.xml
5 ms. Memory: 834560K Free: 209677K (25%)
----------------- Invoking toplevel() on ptolemy.moml.MoMLSimpleApplication@29923b61
----------------- Done invoking toplevel() on ptolemy.moml.MoMLSimpleApplication@29923b61
reloadAllAccessors: .relationGroup5

===========================================================================================
----------------- testing Mon May 20 04:30:50 UTC 2019 /home/travis/build/icyphy/ptII/ptolemy/domains/sdf/test/auto/relationGroup6.xml
----------------- Instantiating /home/travis/build/icyphy/ptII/ptolemy/domains/sdf/test/auto/relationGroup6.xml
4 ms. Memory: 834560K Free: 199717K (24%)
----------------- Invoking toplevel() on ptolemy.moml.MoMLSimpleApplication@22885026
----------------- Done invoking toplevel() on ptolemy.moml.MoMLSimpleApplication@22885026
reloadAllAccessors: .relationGroup6

===========================================================================================
----------------- testing Mon May 20 04:30:50 UTC 2019 /home/travis/build/icyphy/ptII/ptolemy/domains/sdf/test/auto/relationGroup7.xml
----------------- Instantiating /home/travis/build/icyphy/ptII/ptolemy/domains/sdf/test/auto/relationGroup7.xml
2 ms. Memory: 834560K Free: 189756K (23%)
----------------- Invoking toplevel() on ptolemy.moml.MoMLSimpleApplication@7e90ad27
----------------- Done invoking toplevel() on ptolemy.moml.MoMLSimpleApplication@7e90ad27
reloadAllAccessors: .relationGroup7

===========================================================================================
----------------- testing Mon May 20 04:30:50 UTC 2019 /home/travis/build/icyphy/ptII/ptolemy/domains/sdf/test/auto/relationGroup8.xml
----------------- Instantiating /home/travis/build/icyphy/ptII/ptolemy/domains/sdf/test/auto/relationGroup8.xml
6 ms. Memory: 834560K Free: 177014K (21%)
----------------- Invoking toplevel() on ptolemy.moml.MoMLSimpleApplication@40f03aeb
----------------- Done invoking toplevel() on ptolemy.moml.MoMLSimpleApplication@40f03aeb
reloadAllAccessors: .relationGroup8

===========================================================================================
----------------- testing Mon May 20 04:30:50 UTC 2019 /home/travis/build/icyphy/ptII/ptolemy/domains/sdf/test/auto/relationGroup9.xml
----------------- Instantiating /home/travis/build/icyphy/ptII/ptolemy/domains/sdf/test/auto/relationGroup9.xml
4 ms. Memory: 834560K Free: 167054K (20%)
----------------- Invoking toplevel() on ptolemy.moml.MoMLSimpleApplication@2cdbc922
----------------- Done invoking toplevel() on ptolemy.moml.MoMLSimpleApplication@2cdbc922
reloadAllAccessors: .relationGroup9

===========================================================================================
----------------- testing Mon May 20 04:30:50 UTC 2019 /home/travis/build/icyphy/ptII/ptolemy/domains/sdf/test/auto/sdf_inside_de.xml
----------------- Instantiating /home/travis/build/icyphy/ptII/ptolemy/domains/sdf/test/auto/sdf_inside_de.xml
18 ms. Memory: 834560K Free: 152114K (18%)
----------------- Invoking toplevel() on ptolemy.moml.MoMLSimpleApplication@1f2458c8
----------------- Done invoking toplevel() on ptolemy.moml.MoMLSimpleApplication@1f2458c8
reloadAllAccessors: .sdf_inside_de

===========================================================================================
----------------- testing Mon May 20 04:30:50 UTC 2019 /home/travis/build/icyphy/ptII/ptolemy/domains/sdf/test/auto/sdf_inside_pn.xml
----------------- Instantiating /home/travis/build/icyphy/ptII/ptolemy/domains/sdf/test/auto/sdf_inside_pn.xml
46 ms. Memory: 834560K Free: 112274K (13%)
----------------- Invoking toplevel() on ptolemy.moml.MoMLSimpleApplication@136e7c2b
----------------- Done invoking toplevel() on ptolemy.moml.MoMLSimpleApplication@136e7c2b
reloadAllAccessors: .sdf_inside_pn

===========================================================================================
----------------- testing Mon May 20 04:30:50 UTC 2019 /home/travis/build/icyphy/ptII/ptolemy/domains/sdf/test/auto/sdf_sdf1.xml
----------------- Instantiating /home/travis/build/icyphy/ptII/ptolemy/domains/sdf/test/auto/sdf_sdf1.xml
3 ms. Memory: 834560K Free: 102313K (12%)
----------------- Invoking toplevel() on ptolemy.moml.MoMLSimpleApplication@4bc56711
----------------- Done invoking toplevel() on ptolemy.moml.MoMLSimpleApplication@4bc56711
reloadAllAccessors: .sdf_sdf1

===========================================================================================
----------------- testing Mon May 20 04:30:50 UTC 2019 /home/travis/build/icyphy/ptII/ptolemy/domains/sdf/test/auto/test1.xml
----------------- Instantiating /home/travis/build/icyphy/ptII/ptolemy/domains/sdf/test/auto/test1.xml
3 ms. Memory: 834560K Free: 92353K (11%)
----------------- Invoking toplevel() on ptolemy.moml.MoMLSimpleApplication@6ac916c4
----------------- Done invoking toplevel() on ptolemy.moml.MoMLSimpleApplication@6ac916c4
reloadAllAccessors: .test1

===========================================================================================
----------------- testing Mon May 20 04:30:50 UTC 2019 /home/travis/build/icyphy/ptII/ptolemy/domains/sdf/test/auto/time1.xml
----------------- Instantiating /home/travis/build/icyphy/ptII/ptolemy/domains/sdf/test/auto/time1.xml
2 ms. Memory: 834560K Free: 82393K (10%)
----------------- Invoking toplevel() on ptolemy.moml.MoMLSimpleApplication@49f43ade
----------------- Done invoking toplevel() on ptolemy.moml.MoMLSimpleApplication@49f43ade
reloadAllAccessors: .time1

===========================================================================================
----------------- testing Mon May 20 04:30:50 UTC 2019 /home/travis/build/icyphy/ptII/ptolemy/domains/sdf/test/auto/time2.xml
----------------- Instantiating /home/travis/build/icyphy/ptII/ptolemy/domains/sdf/test/auto/time2.xml
3 ms. Memory: 834560K Free: 70780K (8%)
----------------- Invoking toplevel() on ptolemy.moml.MoMLSimpleApplication@121dad
----------------- Done invoking toplevel() on ptolemy.moml.MoMLSimpleApplication@121dad
reloadAllAccessors: .time2

===========================================================================================
----------------- testing Mon May 20 04:30:50 UTC 2019 /home/travis/build/icyphy/ptII/ptolemy/domains/sdf/test/auto/time3.xml
----------------- Instantiating /home/travis/build/icyphy/ptII/ptolemy/domains/sdf/test/auto/time3.xml
8 ms. Memory: 793600K Free: 764242K (96%)
----------------- Invoking toplevel() on ptolemy.moml.MoMLSimpleApplication@67eab224
----------------- Done invoking toplevel() on ptolemy.moml.MoMLSimpleApplication@67eab224
reloadAllAccessors: .time3

===========================================================================================
----------------- testing Mon May 20 04:30:50 UTC 2019 /home/travis/build/icyphy/ptII/ptolemy/domains/sdf/test/auto/time4.xml
----------------- Instantiating /home/travis/build/icyphy/ptII/ptolemy/domains/sdf/test/auto/time4.xml
6 ms. Memory: 793600K Free: 748198K (94%)
----------------- Invoking toplevel() on ptolemy.moml.MoMLSimpleApplication@47fa19bd
----------------- Done invoking toplevel() on ptolemy.moml.MoMLSimpleApplication@47fa19bd
reloadAllAccessors: .time4

===========================================================================================
----------------- testing Mon May 20 04:30:50 UTC 2019 /home/travis/build/icyphy/ptII/ptolemy/domains/sdf/test/auto/time5.xml
----------------- Instantiating /home/travis/build/icyphy/ptII/ptolemy/domains/sdf/test/auto/time5.xml
4001 ms. Memory: 793600K Free: 733975K (92%)
----------------- Invoking toplevel() on ptolemy.moml.MoMLSimpleApplication@218e2709
----------------- Done invoking toplevel() on ptolemy.moml.MoMLSimpleApplication@218e2709
reloadAllAccessors: .time5

===========================================================================================
----------------- testing Mon May 20 04:30:54 UTC 2019 /home/travis/build/icyphy/ptII/ptolemy/domains/sdf/test/auto/typeSystem_Const_Integer_smallest_Type.xml
----------------- Instantiating /home/travis/build/icyphy/ptII/ptolemy/domains/sdf/test/auto/typeSystem_Const_Integer_smallest_Type.xml
4 ms. Memory: 793600K Free: 719751K (91%)
----------------- Invoking toplevel() on ptolemy.moml.MoMLSimpleApplication@687e358e
----------------- Done invoking toplevel() on ptolemy.moml.MoMLSimpleApplication@687e358e
reloadAllAccessors: .typeSystem_Const_Integer_smallest_Type

===========================================================================================
----------------- testing Mon May 20 04:30:54 UTC 2019 /home/travis/build/icyphy/ptII/ptolemy/domains/sdf/test/auto/typeSystem_declared_Inports_OutportTypeException.xml
----------------- Instantiating /home/travis/build/icyphy/ptII/ptolemy/domains/sdf/test/auto/typeSystem_declared_Inports_OutportTypeException.xml
.typeSystem_declared_Inports_OutportTypeException.TestExceptionAttribute: initialize() was not invoked, but wrapup() was.  This is unusual, but not always a problem.  For example, exporting JNLP will do this.
2 ms. Memory: 793600K Free: 705528K (89%)
----------------- Invoking toplevel() on ptolemy.moml.MoMLSimpleApplication@34ed9d4b
----------------- Done invoking toplevel() on ptolemy.moml.MoMLSimpleApplication@34ed9d4b
reloadAllAccessors: .typeSystem_declared_Inports_OutportTypeException

===========================================================================================
----------------- testing Mon May 20 04:30:54 UTC 2019 /home/travis/build/icyphy/ptII/ptolemy/domains/sdf/test/auto/typeSystem_oneDeclaredInportType_wrongTypeOutport.xml
----------------- Instantiating /home/travis/build/icyphy/ptII/ptolemy/domains/sdf/test/auto/typeSystem_oneDeclaredInportType_wrongTypeOutport.xml
5 ms. Memory: 793600K Free: 689484K (87%)
----------------- Invoking toplevel() on ptolemy.moml.MoMLSimpleApplication@29f51756
----------------- Done invoking toplevel() on ptolemy.moml.MoMLSimpleApplication@29f51756
reloadAllAccessors: .typeSystem_oneDeclaredInportType_wrongTypeOutport

===========================================================================================
----------------- testing Mon May 20 04:30:54 UTC 2019 /home/travis/build/icyphy/ptII/ptolemy/domains/sdf/test/auto/width.xml
----------------- Instantiating /home/travis/build/icyphy/ptII/ptolemy/domains/sdf/test/auto/width.xml
2 ms. Memory: 793600K Free: 675261K (85%)
----------------- Invoking toplevel() on ptolemy.moml.MoMLSimpleApplication@388a5650
----------------- Done invoking toplevel() on ptolemy.moml.MoMLSimpleApplication@388a5650
reloadAllAccessors: .width

===========================================================================================
----------------- testing Mon May 20 04:30:54 UTC 2019 /home/travis/build/icyphy/ptII/ptolemy/domains/sdf/test/auto/width2.xml
----------------- Instantiating /home/travis/build/icyphy/ptII/ptolemy/domains/sdf/test/auto/width2.xml
29 ms. Memory: 793600K Free: 661037K (83%)
----------------- Invoking toplevel() on ptolemy.moml.MoMLSimpleApplication@41ec8724
----------------- Done invoking toplevel() on ptolemy.moml.MoMLSimpleApplication@41ec8724
reloadAllAccessors: .width2

===========================================================================================
----------------- testing Mon May 20 04:30:54 UTC 2019 /home/travis/build/icyphy/ptII/ptolemy/domains/sdf/test/auto/width3.xml
----------------- Instantiating /home/travis/build/icyphy/ptII/ptolemy/domains/sdf/test/auto/width3.xml
27 ms. Memory: 793600K Free: 646814K (82%)
----------------- Invoking toplevel() on ptolemy.moml.MoMLSimpleApplication@236b9dc1
----------------- Done invoking toplevel() on ptolemy.moml.MoMLSimpleApplication@236b9dc1
reloadAllAccessors: .width3
AutoTests.java: About to close Vertx.
AutoTests.java: Vertx closed.
]]></system-out>
  <system-err><![CDATA[java.lang.RuntimeException: Execution failed
	at ptolemy.moml.MoMLSimpleApplication$UnloadThread.run(MoMLSimpleApplication.java:402)
Caused by: ptolemy.actor.sched.NotSchedulableException: No solution exists for the balance equations.
Graph is not consistent under the SDF domain detected on external port .rateConsistency.actor.port2
  in .rateConsistency.SDF Director.Scheduler
	at ptolemy.domains.sdf.kernel.SDFScheduler._propagatePort(SDFScheduler.java:1425)
	at ptolemy.domains.sdf.kernel.SDFScheduler._solveBalanceEquations(SDFScheduler.java:710)
	at ptolemy.domains.sdf.kernel.SDFScheduler._getSchedule(SDFScheduler.java:566)
	at ptolemy.actor.sched.Scheduler.getSchedule(Scheduler.java:189)
	at ptolemy.domains.sdf.kernel.SDFDirector.createSchedule(SDFDirector.java:408)
	at ptolemy.domains.sdf.kernel.SDFDirector.preinitialize(SDFDirector.java:764)
	at ptolemy.actor.CompositeActor.preinitialize(CompositeActor.java:1828)
	at ptolemy.actor.Manager.preinitializeAndResolveTypes(Manager.java:1040)
	at ptolemy.actor.Manager.initialize(Manager.java:710)
	at ptolemy.actor.Manager.execute(Manager.java:356)
	at ptolemy.actor.Manager.run(Manager.java:1263)
	at ptolemy.actor.Manager$PtolemyRunThread.run(Manager.java:1915)
java.lang.RuntimeException: Execution failed
	at ptolemy.moml.MoMLSimpleApplication$UnloadThread.run(MoMLSimpleApplication.java:402)
Caused by: ptolemy.kernel.util.IllegalActionException: Failed to compute schedule:
  in .badRateChanges.typed composite actor.SDF Director
Because:
The SDF rate parameter may change. This is not allowed in SDF models that will be run through the code generator.  If you don't care about code generation, then you might consider setting the allowRateChanges parameter of the SDF director to false.
  in .badRateChanges.typed composite actor.Repeat.output.tokenProductionRate
	at ptolemy.domains.sdf.kernel.SDFDirector.createSchedule(SDFDirector.java:418)
	at ptolemy.domains.sdf.kernel.SDFDirector.preinitialize(SDFDirector.java:764)
	at ptolemy.actor.CompositeActor.preinitialize(CompositeActor.java:1828)
	at ptolemy.actor.Director.preinitialize(Director.java:1302)
	at ptolemy.actor.Director.preinitialize(Director.java:1257)
	at ptolemy.domains.sdf.kernel.SDFDirector.preinitialize(SDFDirector.java:763)
	at ptolemy.actor.CompositeActor.preinitialize(CompositeActor.java:1828)
	at ptolemy.actor.Manager.preinitializeAndResolveTypes(Manager.java:1040)
	at ptolemy.actor.Manager.initialize(Manager.java:710)
	at ptolemy.actor.Manager.execute(Manager.java:356)
	at ptolemy.actor.Manager.run(Manager.java:1263)
	at ptolemy.actor.Manager$PtolemyRunThread.run(Manager.java:1915)
Caused by: ptolemy.kernel.util.IllegalActionException: The SDF rate parameter may change. This is not allowed in SDF models that will be run through the code generator.  If you don't care about code generation, then you might consider setting the allowRateChanges parameter of the SDF director to false.
  in .badRateChanges.typed composite actor.Repeat.output.tokenProductionRate
	at ptolemy.domains.sdf.kernel.SDFScheduler._assertDynamicRateVariable(SDFScheduler.java:931)
	at ptolemy.domains.sdf.kernel.SDFScheduler._checkDynamicRateVariables(SDFScheduler.java:339)
	at ptolemy.domains.sdf.kernel.SDFScheduler._getSchedule(SDFScheduler.java:527)
	at ptolemy.actor.sched.Scheduler.getSchedule(Scheduler.java:189)
	at ptolemy.domains.sdf.kernel.SDFDirector.createSchedule(SDFDirector.java:408)
	... 11 more
java.lang.RuntimeException: Execution failed
	at ptolemy.moml.MoMLSimpleApplication$UnloadThread.run(MoMLSimpleApplication.java:402)
Caused by: ptolemy.kernel.util.IllegalActionException: Failed to compute schedule:
  in .badRateChanges2.typed composite actor.SDF Director
Because:
The SDF rate parameter may change. This is not allowed in SDF models that will be run through the code generator.  If you don't care about code generation, then you might consider setting the allowRateChanges parameter of the SDF director to false.
  in .badRateChanges2.typed composite actor.Repeat.output.tokenProductionRate
	at ptolemy.domains.sdf.kernel.SDFDirector.createSchedule(SDFDirector.java:418)
	at ptolemy.domains.sdf.kernel.SDFDirector.preinitialize(SDFDirector.java:764)
	at ptolemy.actor.CompositeActor.preinitialize(CompositeActor.java:1828)
	at ptolemy.actor.Director.preinitialize(Director.java:1302)
	at ptolemy.actor.Director.preinitialize(Director.java:1257)
	at ptolemy.domains.sdf.kernel.SDFDirector.preinitialize(SDFDirector.java:763)
	at ptolemy.actor.CompositeActor.preinitialize(CompositeActor.java:1828)
	at ptolemy.actor.Manager.preinitializeAndResolveTypes(Manager.java:1040)
	at ptolemy.actor.Manager.initialize(Manager.java:710)
	at ptolemy.actor.Manager.execute(Manager.java:356)
	at ptolemy.actor.Manager.run(Manager.java:1263)
	at ptolemy.actor.Manager$PtolemyRunThread.run(Manager.java:1915)
Caused by: ptolemy.kernel.util.IllegalActionException: The SDF rate parameter may change. This is not allowed in SDF models that will be run through the code generator.  If you don't care about code generation, then you might consider setting the allowRateChanges parameter of the SDF director to false.
  in .badRateChanges2.typed composite actor.Repeat.output.tokenProductionRate
	at ptolemy.domains.sdf.kernel.SDFScheduler._assertDynamicRateVariable(SDFScheduler.java:931)
	at ptolemy.domains.sdf.kernel.SDFScheduler._checkDynamicRateVariables(SDFScheduler.java:339)
	at ptolemy.domains.sdf.kernel.SDFScheduler._getSchedule(SDFScheduler.java:527)
	at ptolemy.actor.sched.Scheduler.getSchedule(Scheduler.java:189)
	at ptolemy.domains.sdf.kernel.SDFDirector.createSchedule(SDFDirector.java:408)
	... 11 more
java.lang.RuntimeException: Execution failed
	at ptolemy.moml.MoMLSimpleApplication$UnloadThread.run(MoMLSimpleApplication.java:402)
Caused by: ptolemy.actor.sched.NotSchedulableException: Actors remain that cannot be scheduled!

There are several possible reasons:
* SDF Graphs with feedback loops should have an actor with a delay in the loop, such as a SampleDelay.
* The SDF director has an "allowDisconnectedGraphs"parameter, which, when true, permits disconnected SDF graphs.
* The token consumption rate and production rates might be mismatched.
Usually, actors produce one token or consume one token on a port.  To produce or consume multiple tokens per firing, add a "tokenConsumptionRate" or "tokenProductionRate" parameter to the appropriate port.
Unscheduled actors:
.partiallyConnected.Const2 
Scheduled actors:
.partiallyConnected.Const 
  in .partiallyConnected.SDF Director.Scheduler
	at ptolemy.domains.sdf.kernel.SDFScheduler._scheduleConnectedActors(SDFScheduler.java:1828)
	at ptolemy.domains.sdf.kernel.SDFScheduler._getSchedule(SDFScheduler.java:587)
	at ptolemy.actor.sched.Scheduler.getSchedule(Scheduler.java:189)
	at ptolemy.domains.sdf.kernel.SDFDirector.createSchedule(SDFDirector.java:408)
	at ptolemy.domains.sdf.kernel.SDFDirector.preinitialize(SDFDirector.java:764)
	at ptolemy.actor.CompositeActor.preinitialize(CompositeActor.java:1828)
	at ptolemy.actor.Manager.preinitializeAndResolveTypes(Manager.java:1040)
	at ptolemy.actor.Manager.initialize(Manager.java:710)
	at ptolemy.actor.Manager.execute(Manager.java:356)
	at ptolemy.actor.Manager.run(Manager.java:1263)
	at ptolemy.actor.Manager$PtolemyRunThread.run(Manager.java:1915)
]]></system-err>
</testsuite>
