<?xml version="1.0" encoding="UTF-8" ?>
<testsuite errors="0" failures="0" hostname="travis-job-2982c52b-964c-4932-b6f9-b74262e5a967" name="ptolemy.domains.de.test.junit.JUnitTclTest" skipped="0" tests="101" time="127.573" timestamp="2020-10-29T15:55:00">
  <properties>
[...]
</properties>
  <testcase classname="ptolemy.util.test.junit.TclTests" name="[0] /home/travis/build/icyphy/ptII/ptolemy/domains/de/test/DependencyLoop.tcl (RunTclFile)" time="1.005" />
  <testcase classname="ptolemy.util.test.junit.TclTests" name="[1] /home/travis/build/icyphy/ptII/ptolemy/domains/de/test/RunDETestsAsQSS.tcl (RunTclFile)" time="87.299" />
  <testcase classname="ptolemy.util.test.junit.AutoKnownFailedTests" name="[0] /home/travis/build/icyphy/ptII/ptolemy/domains/de/test/auto/knownFailedTests/DESDFClockTest.xml (RunModel)" time="2.048" />
  <testcase classname="ptolemy.util.test.junit.AutoKnownFailedTests" name="[1] /home/travis/build/icyphy/ptII/ptolemy/domains/de/test/auto/knownFailedTests/DirectFeedback.xml (RunModel)" time="0.02" />
  <testcase classname="ptolemy.util.test.junit.AutoKnownFailedTests" name="[2] /home/travis/build/icyphy/ptII/ptolemy/domains/de/test/auto/knownFailedTests/FSMSource.xml (RunModel)" time="0.028" />
  <testcase classname="ptolemy.util.test.junit.AutoKnownFailedTests" name="[3] /home/travis/build/icyphy/ptII/ptolemy/domains/de/test/auto/knownFailedTests/HierarchicalModel.xml (RunModel)" time="0.04" />
  <testcase classname="ptolemy.util.test.junit.AutoKnownFailedTests" name="[4] /home/travis/build/icyphy/ptII/ptolemy/domains/de/test/auto/knownFailedTests/dependencyLoop.xml (RunModel)" time="0.042" />
  <testcase classname="ptolemy.util.test.junit.AutoKnownFailedTests" name="[5] /home/travis/build/icyphy/ptII/ptolemy/domains/de/test/auto/knownFailedTests/dependencyLoop2.xml (RunModel)" time="0.036" />
  <testcase classname="ptolemy.util.test.junit.AutoNameArchTests" name="[0] ThereAreNoAutoArchTests (RunModel)" time="0.005" />
  <testcase classname="ptolemy.util.test.junit.AutoTests" name="[0] /home/travis/build/icyphy/ptII/ptolemy/domains/de/test/auto/ActorDepthCalculation_actorWithoutPorts.xml (RunModel)" time="0.029" />
  <testcase classname="ptolemy.util.test.junit.AutoTests" name="[1] /home/travis/build/icyphy/ptII/ptolemy/domains/de/test/auto/AssemblyLine.xml (RunModel)" time="0.025" />
  <testcase classname="ptolemy.util.test.junit.AutoTests" name="[2] /home/travis/build/icyphy/ptII/ptolemy/domains/de/test/auto/CQBug1.xml (RunModel)" time="0.011" />
  <testcase classname="ptolemy.util.test.junit.AutoTests" name="[3] /home/travis/build/icyphy/ptII/ptolemy/domains/de/test/auto/CancelFireAt.xml (RunModel)" time="0.025" />
  <testcase classname="ptolemy.util.test.junit.AutoTests" name="[4] /home/travis/build/icyphy/ptII/ptolemy/domains/de/test/auto/CausalityAndComposabilityAnalysis.xml (RunModel)" time="0.023" />
  <testcase classname="ptolemy.util.test.junit.AutoTests" name="[5] /home/travis/build/icyphy/ptII/ptolemy/domains/de/test/auto/CausalityInterface1.xml (RunModel)" time="0.015" />
  <testcase classname="ptolemy.util.test.junit.AutoTests" name="[6] /home/travis/build/icyphy/ptII/ptolemy/domains/de/test/auto/CausalityInterface15.xml (RunModel)" time="0.016" />
  <testcase classname="ptolemy.util.test.junit.AutoTests" name="[7] /home/travis/build/icyphy/ptII/ptolemy/domains/de/test/auto/CausalityInterface2.xml (RunModel)" time="0.015" />
  <testcase classname="ptolemy.util.test.junit.AutoTests" name="[8] /home/travis/build/icyphy/ptII/ptolemy/domains/de/test/auto/CausalityInterface3.xml (RunModel)" time="0.014" />
  <testcase classname="ptolemy.util.test.junit.AutoTests" name="[9] /home/travis/build/icyphy/ptII/ptolemy/domains/de/test/auto/ClockDrift.xml (RunModel)" time="0.038" />
  <testcase classname="ptolemy.util.test.junit.AutoTests" name="[10] /home/travis/build/icyphy/ptII/ptolemy/domains/de/test/auto/ClockDriftAndValueChange.xml (RunModel)" time="0.032" />
  <testcase classname="ptolemy.util.test.junit.AutoTests" name="[11] /home/travis/build/icyphy/ptII/ptolemy/domains/de/test/auto/ClockDriftChange.xml (RunModel)" time="0.036" />
  <testcase classname="ptolemy.util.test.junit.AutoTests" name="[12] /home/travis/build/icyphy/ptII/ptolemy/domains/de/test/auto/ComposableCausalityAnalysis.xml (RunModel)" time="0.015" />
  <testcase classname="ptolemy.util.test.junit.AutoTests" name="[13] /home/travis/build/icyphy/ptII/ptolemy/domains/de/test/auto/DEFixedPointLimitation.xml (RunModel)" time="0.009" />
  <testcase classname="ptolemy.util.test.junit.AutoTests" name="[14] /home/travis/build/icyphy/ptII/ptolemy/domains/de/test/auto/DEScheduleTest.xml (RunModel)" time="0.018" />
  <testcase classname="ptolemy.util.test.junit.AutoTests" name="[15] /home/travis/build/icyphy/ptII/ptolemy/domains/de/test/auto/DEinDEwithStartTimes.xml (RunModel)" time="0.015" />
  <testcase classname="ptolemy.util.test.junit.AutoTests" name="[16] /home/travis/build/icyphy/ptII/ptolemy/domains/de/test/auto/DEinDEwithStartTimes2.xml (RunModel)" time="0.026" />
  <testcase classname="ptolemy.util.test.junit.AutoTests" name="[17] /home/travis/build/icyphy/ptII/ptolemy/domains/de/test/auto/DateDemo.xml (RunModel)" time="0.037" />
  <testcase classname="ptolemy.util.test.junit.AutoTests" name="[18] /home/travis/build/icyphy/ptII/ptolemy/domains/de/test/auto/DateToEvent.xml (RunModel)" time="2.041" />
  <testcase classname="ptolemy.util.test.junit.AutoTests" name="[19] /home/travis/build/icyphy/ptII/ptolemy/domains/de/test/auto/DepthTest1.xml (RunModel)" time="0.017" />
  <testcase classname="ptolemy.util.test.junit.AutoTests" name="[20] /home/travis/build/icyphy/ptII/ptolemy/domains/de/test/auto/DepthTest2.xml (RunModel)" time="0.017" />
  <testcase classname="ptolemy.util.test.junit.AutoTests" name="[21] /home/travis/build/icyphy/ptII/ptolemy/domains/de/test/auto/DepthTest3.xml (RunModel)" time="0.01" />
  <testcase classname="ptolemy.util.test.junit.AutoTests" name="[22] /home/travis/build/icyphy/ptII/ptolemy/domains/de/test/auto/DepthTest4.xml (RunModel)" time="0.021" />
  <testcase classname="ptolemy.util.test.junit.AutoTests" name="[23] /home/travis/build/icyphy/ptII/ptolemy/domains/de/test/auto/DepthTest5.xml (RunModel)" time="0.017" />
  <testcase classname="ptolemy.util.test.junit.AutoTests" name="[24] /home/travis/build/icyphy/ptII/ptolemy/domains/de/test/auto/DepthTest6.xml (RunModel)" time="0.014" />
  <testcase classname="ptolemy.util.test.junit.AutoTests" name="[25] /home/travis/build/icyphy/ptII/ptolemy/domains/de/test/auto/DepthTest7.xml (RunModel)" time="0.014" />
  <testcase classname="ptolemy.util.test.junit.AutoTests" name="[26] /home/travis/build/icyphy/ptII/ptolemy/domains/de/test/auto/EventToDate.xml (RunModel)" time="3.042" />
  <testcase classname="ptolemy.util.test.junit.AutoTests" name="[27] /home/travis/build/icyphy/ptII/ptolemy/domains/de/test/auto/FSM1.xml (RunModel)" time="0.042" />
  <testcase classname="ptolemy.util.test.junit.AutoTests" name="[28] /home/travis/build/icyphy/ptII/ptolemy/domains/de/test/auto/FSM7.xml (RunModel)" time="0.047" />
  <testcase classname="ptolemy.util.test.junit.AutoTests" name="[29] /home/travis/build/icyphy/ptII/ptolemy/domains/de/test/auto/Inspection.xml (RunModel)" time="0.038" />
  <testcase classname="ptolemy.util.test.junit.AutoTests" name="[30] /home/travis/build/icyphy/ptII/ptolemy/domains/de/test/auto/Iteration.xml (RunModel)" time="0.033" />
  <testcase classname="ptolemy.util.test.junit.AutoTests" name="[31] /home/travis/build/icyphy/ptII/ptolemy/domains/de/test/auto/LineFault.xml (RunModel)" time="0.618" />
  <testcase classname="ptolemy.util.test.junit.AutoTests" name="[32] /home/travis/build/icyphy/ptII/ptolemy/domains/de/test/auto/MergeModel1Add.xml (RunModel)" time="0.052" />
  <testcase classname="ptolemy.util.test.junit.AutoTests" name="[33] /home/travis/build/icyphy/ptII/ptolemy/domains/de/test/auto/MergeModel2Add.xml (RunModel)" time="0.04" />
  <testcase classname="ptolemy.util.test.junit.AutoTests" name="[34] /home/travis/build/icyphy/ptII/ptolemy/domains/de/test/auto/MergeModel3Add.xml (RunModel)" time="0.05" />
  <testcase classname="ptolemy.util.test.junit.AutoTests" name="[35] /home/travis/build/icyphy/ptII/ptolemy/domains/de/test/auto/MergeWithoutDiscard.xml (RunModel)" time="0.017" />
  <testcase classname="ptolemy.util.test.junit.AutoTests" name="[36] /home/travis/build/icyphy/ptII/ptolemy/domains/de/test/auto/Modal1.xml (RunModel)" time="0.037" />
  <testcase classname="ptolemy.util.test.junit.AutoTests" name="[37] /home/travis/build/icyphy/ptII/ptolemy/domains/de/test/auto/Modal2.xml (RunModel)" time="0.031" />
  <testcase classname="ptolemy.util.test.junit.AutoTests" name="[38] /home/travis/build/icyphy/ptII/ptolemy/domains/de/test/auto/Modal3.xml (RunModel)" time="0.032" />
  <testcase classname="ptolemy.util.test.junit.AutoTests" name="[39] /home/travis/build/icyphy/ptII/ptolemy/domains/de/test/auto/Modal4.xml (RunModel)" time="0.027" />
  <testcase classname="ptolemy.util.test.junit.AutoTests" name="[40] /home/travis/build/icyphy/ptII/ptolemy/domains/de/test/auto/Modal5.xml (RunModel)" time="0.031" />
  <testcase classname="ptolemy.util.test.junit.AutoTests" name="[41] /home/travis/build/icyphy/ptII/ptolemy/domains/de/test/auto/Modal6.xml (RunModel)" time="0.043" />
  <testcase classname="ptolemy.util.test.junit.AutoTests" name="[42] /home/travis/build/icyphy/ptII/ptolemy/domains/de/test/auto/Modal7.xml (RunModel)" time="0.031" />
  <testcase classname="ptolemy.util.test.junit.AutoTests" name="[43] /home/travis/build/icyphy/ptII/ptolemy/domains/de/test/auto/ModalModel.xml (RunModel)" time="0.164" />
  <testcase classname="ptolemy.util.test.junit.AutoTests" name="[44] /home/travis/build/icyphy/ptII/ptolemy/domains/de/test/auto/ModalSource.xml (RunModel)" time="0.018" />
  <testcase classname="ptolemy.util.test.junit.AutoTests" name="[45] /home/travis/build/icyphy/ptII/ptolemy/domains/de/test/auto/NonInterruptibleTimerZeroDelay.xml (RunModel)" time="0.011" />
  <testcase classname="ptolemy.util.test.junit.AutoTests" name="[46] /home/travis/build/icyphy/ptII/ptolemy/domains/de/test/auto/OpenQueueingNetwork.xml (RunModel)" time="2.509" />
  <testcase classname="ptolemy.util.test.junit.AutoTests" name="[47] /home/travis/build/icyphy/ptII/ptolemy/domains/de/test/auto/OpenQueuingNetwork.xml (RunModel)" time="0.269" />
  <testcase classname="ptolemy.util.test.junit.AutoTests" name="[48] /home/travis/build/icyphy/ptII/ptolemy/domains/de/test/auto/PeriodicSampler.xml (RunModel)" time="0.012" />
  <testcase classname="ptolemy.util.test.junit.AutoTests" name="[49] /home/travis/build/icyphy/ptII/ptolemy/domains/de/test/auto/PersistentIO.xml (RunModel)" time="0.022" />
  <testcase classname="ptolemy.util.test.junit.AutoTests" name="[50] /home/travis/build/icyphy/ptII/ptolemy/domains/de/test/auto/PortParameterResetOnInitialize.xml (RunModel)" time="0.009" />
  <testcase classname="ptolemy.util.test.junit.AutoTests" name="[51] /home/travis/build/icyphy/ptII/ptolemy/domains/de/test/auto/PortParameterUpdates.xml (RunModel)" time="0.016" />
  <testcase classname="ptolemy.util.test.junit.AutoTests" name="[52] /home/travis/build/icyphy/ptII/ptolemy/domains/de/test/auto/QueueAndServer.xml (RunModel)" time="0.021" />
  <testcase classname="ptolemy.util.test.junit.AutoTests" name="[53] /home/travis/build/icyphy/ptII/ptolemy/domains/de/test/auto/Records.xml (RunModel)" time="0.013" />
  <testcase classname="ptolemy.util.test.junit.AutoTests" name="[54] /home/travis/build/icyphy/ptII/ptolemy/domains/de/test/auto/ResetTransitionWithStartTime1.xml (RunModel)" time="0.02" />
  <testcase classname="ptolemy.util.test.junit.AutoTests" name="[55] /home/travis/build/icyphy/ptII/ptolemy/domains/de/test/auto/ResetTransitionWithStartTime2.xml (RunModel)" time="0.025" />
  <testcase classname="ptolemy.util.test.junit.AutoTests" name="[56] /home/travis/build/icyphy/ptII/ptolemy/domains/de/test/auto/ResetTransitionWithStartTime3.xml (RunModel)" time="0.023" />
  <testcase classname="ptolemy.util.test.junit.AutoTests" name="[57] /home/travis/build/icyphy/ptII/ptolemy/domains/de/test/auto/ResetTransitionWithStartTime4.xml (RunModel)" time="0.024" />
  <testcase classname="ptolemy.util.test.junit.AutoTests" name="[58] /home/travis/build/icyphy/ptII/ptolemy/domains/de/test/auto/ResettableTimer1.xml (RunModel)" time="0.013" />
  <testcase classname="ptolemy.util.test.junit.AutoTests" name="[59] /home/travis/build/icyphy/ptII/ptolemy/domains/de/test/auto/ResettableTimer2.xml (RunModel)" time="0.015" />
  <testcase classname="ptolemy.util.test.junit.AutoTests" name="[60] /home/travis/build/icyphy/ptII/ptolemy/domains/de/test/auto/ResettableTimer3.xml (RunModel)" time="0.011" />
  <testcase classname="ptolemy.util.test.junit.AutoTests" name="[61] /home/travis/build/icyphy/ptII/ptolemy/domains/de/test/auto/ResettableTimer4.xml (RunModel)" time="0.011" />
  <testcase classname="ptolemy.util.test.junit.AutoTests" name="[62] /home/travis/build/icyphy/ptII/ptolemy/domains/de/test/auto/ResettableTimer5.xml (RunModel)" time="0.009" />
  <testcase classname="ptolemy.util.test.junit.AutoTests" name="[63] /home/travis/build/icyphy/ptII/ptolemy/domains/de/test/auto/ResettableTimer6.xml (RunModel)" time="0.015" />
  <testcase classname="ptolemy.util.test.junit.AutoTests" name="[64] /home/travis/build/icyphy/ptII/ptolemy/domains/de/test/auto/ServerZeroDelay.xml (RunModel)" time="0.01" />
  <testcase classname="ptolemy.util.test.junit.AutoTests" name="[65] /home/travis/build/icyphy/ptII/ptolemy/domains/de/test/auto/SmartSender.xml (RunModel)" time="3.011" />
  <testcase classname="ptolemy.util.test.junit.AutoTests" name="[66] /home/travis/build/icyphy/ptII/ptolemy/domains/de/test/auto/ThreadedComposite.xml (RunModel)" time="0.132" />
  <testcase classname="ptolemy.util.test.junit.AutoTests" name="[67] /home/travis/build/icyphy/ptII/ptolemy/domains/de/test/auto/Time.xml (RunModel)" time="0.374" />
  <testcase classname="ptolemy.util.test.junit.AutoTests" name="[68] /home/travis/build/icyphy/ptII/ptolemy/domains/de/test/auto/TimeDelayZeroDelay.xml (RunModel)" time="0.015" />
  <testcase classname="ptolemy.util.test.junit.AutoTests" name="[69] /home/travis/build/icyphy/ptII/ptolemy/domains/de/test/auto/TimerZeroDelay.xml (RunModel)" time="0.009" />
  <testcase classname="ptolemy.util.test.junit.AutoTests" name="[70] /home/travis/build/icyphy/ptII/ptolemy/domains/de/test/auto/TimingParadox.xml (RunModel)" time="0.321" />
  <testcase classname="ptolemy.util.test.junit.AutoTests" name="[71] /home/travis/build/icyphy/ptII/ptolemy/domains/de/test/auto/TransferInputs.xml (RunModel)" time="0.014" />
  <testcase classname="ptolemy.util.test.junit.AutoTests" name="[72] /home/travis/build/icyphy/ptII/ptolemy/domains/de/test/auto/TransferOutputs2.xml (RunModel)" time="0.015" />
  <testcase classname="ptolemy.util.test.junit.AutoTests" name="[73] /home/travis/build/icyphy/ptII/ptolemy/domains/de/test/auto/Trilateration.xml (RunModel)" time="10.578" />
  <testcase classname="ptolemy.util.test.junit.AutoTests" name="[74] /home/travis/build/icyphy/ptII/ptolemy/domains/de/test/auto/TwoSigmaDelta.xml (RunModel)" time="1.939" />
  <testcase classname="ptolemy.util.test.junit.AutoTests" name="[75] /home/travis/build/icyphy/ptII/ptolemy/domains/de/test/auto/VariableDelay.xml (RunModel)" time="0.01" />
  <testcase classname="ptolemy.util.test.junit.AutoTests" name="[76] /home/travis/build/icyphy/ptII/ptolemy/domains/de/test/auto/VariableDelay2.xml (RunModel)" time="0.03" />
  <testcase classname="ptolemy.util.test.junit.AutoTests" name="[77] /home/travis/build/icyphy/ptII/ptolemy/domains/de/test/auto/VariableDelayZeroDelay.xml (RunModel)" time="0.012" />
  <testcase classname="ptolemy.util.test.junit.AutoTests" name="[78] /home/travis/build/icyphy/ptII/ptolemy/domains/de/test/auto/VariableDelayZeroDelay2.xml (RunModel)" time="0.011" />
  <testcase classname="ptolemy.util.test.junit.AutoTests" name="[79] /home/travis/build/icyphy/ptII/ptolemy/domains/de/test/auto/deInCt.xml (RunModel)" time="0.019" />
  <testcase classname="ptolemy.util.test.junit.AutoTests" name="[80] /home/travis/build/icyphy/ptII/ptolemy/domains/de/test/auto/deInCt2.xml (RunModel)" time="0.017" />
  <testcase classname="ptolemy.util.test.junit.AutoTests" name="[81] /home/travis/build/icyphy/ptII/ptolemy/domains/de/test/auto/dynamicCausalityInterface1.xml (RunModel)" time="0.018" />
  <testcase classname="ptolemy.util.test.junit.AutoTests" name="[82] /home/travis/build/icyphy/ptII/ptolemy/domains/de/test/auto/fsm_de_test.xml (RunModel)" time="0.024" />
  <testcase classname="ptolemy.util.test.junit.AutoTests" name="[83] /home/travis/build/icyphy/ptII/ptolemy/domains/de/test/auto/functionDependencyReconstruction.xml (RunModel)" time="0.028" />
  <testcase classname="ptolemy.util.test.junit.AutoTests" name="[84] /home/travis/build/icyphy/ptII/ptolemy/domains/de/test/auto/multirate.xml (RunModel)" time="0.015" />
  <testcase classname="ptolemy.util.test.junit.AutoTests" name="[85] /home/travis/build/icyphy/ptII/ptolemy/domains/de/test/auto/multirate2.xml (RunModel)" time="0.014" />
  <testcase classname="ptolemy.util.test.junit.AutoTests" name="[86] /home/travis/build/icyphy/ptII/ptolemy/domains/de/test/auto/realtime.xml (RunModel)" time="10.01" />
  <testcase classname="ptolemy.util.test.junit.AutoTests" name="[87] /home/travis/build/icyphy/ptII/ptolemy/domains/de/test/auto/relationGroup.xml (RunModel)" time="0.022" />
  <testcase classname="ptolemy.util.test.junit.AutoTests" name="[88] /home/travis/build/icyphy/ptII/ptolemy/domains/de/test/auto/relationGroup2.xml (RunModel)" time="0.01" />
  <testcase classname="ptolemy.util.test.junit.AutoTests" name="[89] /home/travis/build/icyphy/ptII/ptolemy/domains/de/test/auto/sortWithOpaquePorts.xml (RunModel)" time="0.009" />
  <testcase classname="ptolemy.util.test.junit.AutoTests" name="[90] /home/travis/build/icyphy/ptII/ptolemy/domains/de/test/auto/transferInputsandOutputs.xml (RunModel)" time="0.016" />
  <testcase classname="ptolemy.util.test.junit.AutoTests" name="[91] /home/travis/build/icyphy/ptII/ptolemy/domains/de/test/auto/triggerType.xml (RunModel)" time="0.011" />
  <system-out><![CDATA[/home/travis/build/icyphy/ptII/ptolemy/domains/de/test/DependencyLoop.tcl
testDefs.tcl: setting time out to 9000 seconds at Thu Oct 29 15:55:00 UTC 2020
77 ms. Memory: 129024K Free: 78792K (61%)
32 ms. Memory: 129024K Free: 61384K (48%)
/home/travis/build/icyphy/ptII/ptolemy/domains/de/test/RunDETestsAsQSS.tcl
Run the DE tests using ptolemy.domains.qss.test.QSSDirectorTest, which extends QSSDirector and prints a message in the constructors.
------------------ testing $PTII/ptolemy/domains/de/test/auto/knownFailedTests/DirectFeedback.xml (Known Failure) 
64 ms. Memory: 129024K Free: 56264K (44%)


==== $PTIIhome/travis/build/icyphy/ptII/ptolemy/domains/de/test/../../../../: Auto Automatic test in file $PTII/ptolemy/domains/de/test/auto/knownFailedTests/DirectFeedback.xml
==== Contents of test case:

	    # FIXME: we should use $relativeFilename here, but it
	    # might have backslashes under Windows, which causes no end
	    # of trouble.
	    createAndExecute $file
	    list {}
	
.... Test generated KNOWN error:
    while executing
ptolemy.kernel.util.IllegalActionException: Test fails in iteration 1.
Value was: 1.0. Should have been: 2.0
  in .DirectFeedback.Test
	at ptolemy.actor.lib.Test.fire(Test.java:268)
	at ptolemy.domains.de.kernel.DEDirector._fire(DEDirector.java:1949)
	at ptolemy.domains.de.kernel.DEDirector.fire(DEDirector.java:502)
	at ptolemy.actor.CompositeActor.fire(CompositeActor.java:455)
	at ptolemy.actor.Manager.iterate(Manager.java:851)
	at ptolemy.actor.Manager.execute(Manager.java:369)
	at ptolemy.actor.Manager.run(Manager.java:1263)
	at ptolemy.actor.Manager$PtolemyRunThread.run(Manager.java:1933)

    while executing
ptolemy.kernel.util.IllegalActionException: Test fails in iteration 1.
Value was: 1.0. Should have been: 2.0
  in .DirectFeedback.Test
    while executing
"java::new ptolemy.moml.MoMLSimpleApplication $file
"
    (procedure "createAndExecute" line 2)
    invoked from within
"createAndExecute $file"
    ("uplevel" body line 5)
    invoked from within
"uplevel $contents_of_test"
------------------ testing $PTII/ptolemy/domains/de/test/auto/knownFailedTests/dependencyLoop.xml (Known Failure) 
20 ms. Memory: 129024K Free: 53192K (41%)


==== $PTIIhome/travis/build/icyphy/ptII/ptolemy/domains/de/test/../../../../: Auto Automatic test in file $PTII/ptolemy/domains/de/test/auto/knownFailedTests/dependencyLoop.xml
==== Contents of test case:

	    # FIXME: we should use $relativeFilename here, but it
	    # might have backslashes under Windows, which causes no end
	    # of trouble.
	    createAndExecute $file
	    list {}
	
.... Test generated KNOWN error:
    while executing
ptolemy.kernel.util.IllegalActionException: Found a zero delay loop containing .dependencyLoop.original
  in .dependencyLoop and .dependencyLoop.original
	at ptolemy.actor.util.CausalityInterfaceForComposites._computeOutputPortDepth(CausalityInterfaceForComposites.java:759)
	at ptolemy.actor.util.CausalityInterfaceForComposites._computeInputDepth(CausalityInterfaceForComposites.java:696)
	at ptolemy.actor.util.CausalityInterfaceForComposites._computeOutputPortDepth(CausalityInterfaceForComposites.java:765)
	at ptolemy.actor.util.CausalityInterfaceForComposites._computeInputDepth(CausalityInterfaceForComposites.java:696)
	at ptolemy.actor.util.CausalityInterfaceForComposites._computeOutputPortDepth(CausalityInterfaceForComposites.java:765)
	at ptolemy.actor.util.CausalityInterfaceForComposites._computeInputDepth(CausalityInterfaceForComposites.java:696)
	at ptolemy.actor.util.CausalityInterfaceForComposites._computeActorDepth(CausalityInterfaceForComposites.java:532)
	at ptolemy.actor.util.CausalityInterfaceForComposites.checkForCycles(CausalityInterfaceForComposites.java:96)
	at ptolemy.domains.de.kernel.DEDirector.preinitialize(DEDirector.java:1338)
	at ptolemy.actor.CompositeActor.preinitialize(CompositeActor.java:1828)
	at ptolemy.actor.Manager.preinitializeAndResolveTypes(Manager.java:1040)
	at ptolemy.actor.Manager.initialize(Manager.java:710)
	at ptolemy.actor.Manager.execute(Manager.java:356)
	at ptolemy.actor.Manager.run(Manager.java:1263)
	at ptolemy.actor.Manager$PtolemyRunThread.run(Manager.java:1933)

    while executing
ptolemy.kernel.util.IllegalActionException: Found a zero delay loop containing .dependencyLoop.original
  in .dependencyLoop and .dependencyLoop.original
    while executing
"java::new ptolemy.moml.MoMLSimpleApplication $file
"
    (procedure "createAndExecute" line 2)
    invoked from within
"createAndExecute $file"
    ("uplevel" body line 5)
    invoked from within
"uplevel $contents_of_test"
------------------ testing $PTII/ptolemy/domains/de/test/auto/knownFailedTests/FSMSource.xml (Known Failure) 
59 ms. Memory: 129024K Free: 111465K (86%)
!!!! Auto was marked as failing, but now passes
------------------ testing $PTII/ptolemy/domains/de/test/auto/knownFailedTests/HierarchicalModel.xml (Known Failure) 
12 ms. Memory: 129024K Free: 94049K (73%)


==== $PTIIhome/travis/build/icyphy/ptII/ptolemy/domains/de/test/../../../../: Auto Automatic test in file $PTII/ptolemy/domains/de/test/auto/knownFailedTests/HierarchicalModel.xml
==== Contents of test case:

	    # FIXME: we should use $relativeFilename here, but it
	    # might have backslashes under Windows, which causes no end
	    # of trouble.
	    createAndExecute $file
	    list {}
	
.... Test generated KNOWN error:
    while executing
ptolemy.kernel.util.IllegalActionException: Found a zero delay loop containing .HierarchicalModel.A
  in .HierarchicalModel and .HierarchicalModel.A
	at ptolemy.actor.util.CausalityInterfaceForComposites._computeOutputPortDepth(CausalityInterfaceForComposites.java:759)
	at ptolemy.actor.util.CausalityInterfaceForComposites._computeInputDepth(CausalityInterfaceForComposites.java:696)
	at ptolemy.actor.util.CausalityInterfaceForComposites._computeOutputPortDepth(CausalityInterfaceForComposites.java:765)
	at ptolemy.actor.util.CausalityInterfaceForComposites._computeInputDepth(CausalityInterfaceForComposites.java:696)
	at ptolemy.actor.util.CausalityInterfaceForComposites._computeOutputPortDepth(CausalityInterfaceForComposites.java:765)
	at ptolemy.actor.util.CausalityInterfaceForComposites._computeInputDepth(CausalityInterfaceForComposites.java:696)
	at ptolemy.actor.util.CausalityInterfaceForComposites._computeActorDepth(CausalityInterfaceForComposites.java:532)
	at ptolemy.actor.util.CausalityInterfaceForComposites.checkForCycles(CausalityInterfaceForComposites.java:96)
	at ptolemy.domains.de.kernel.DEDirector.preinitialize(DEDirector.java:1338)
	at ptolemy.actor.CompositeActor.preinitialize(CompositeActor.java:1828)
	at ptolemy.actor.Manager.preinitializeAndResolveTypes(Manager.java:1040)
	at ptolemy.actor.Manager.initialize(Manager.java:710)
	at ptolemy.actor.Manager.execute(Manager.java:356)
	at ptolemy.actor.Manager.run(Manager.java:1263)
	at ptolemy.actor.Manager$PtolemyRunThread.run(Manager.java:1933)

    while executing
ptolemy.kernel.util.IllegalActionException: Found a zero delay loop containing .HierarchicalModel.A
  in .HierarchicalModel and .HierarchicalModel.A
    while executing
"java::new ptolemy.moml.MoMLSimpleApplication $file
"
    (procedure "createAndExecute" line 2)
    invoked from within
"createAndExecute $file"
    ("uplevel" body line 5)
    invoked from within
"uplevel $contents_of_test"
------------------ testing $PTII/ptolemy/domains/de/test/auto/knownFailedTests/dependencyLoop2.xml (Known Failure) 
6 ms. Memory: 129024K Free: 77663K (60%)


==== $PTIIhome/travis/build/icyphy/ptII/ptolemy/domains/de/test/../../../../: Auto Automatic test in file $PTII/ptolemy/domains/de/test/auto/knownFailedTests/dependencyLoop2.xml
==== Contents of test case:

	    # FIXME: we should use $relativeFilename here, but it
	    # might have backslashes under Windows, which causes no end
	    # of trouble.
	    createAndExecute $file
	    list {}
	
.... Test generated KNOWN error:
    while executing
ptolemy.kernel.util.IllegalActionException: Found a zero delay loop containing .dependencyLoop2.original
  in .dependencyLoop2 and .dependencyLoop2.original
	at ptolemy.actor.util.CausalityInterfaceForComposites._computeOutputPortDepth(CausalityInterfaceForComposites.java:759)
	at ptolemy.actor.util.CausalityInterfaceForComposites._computeInputDepth(CausalityInterfaceForComposites.java:696)
	at ptolemy.actor.util.CausalityInterfaceForComposites._computeOutputPortDepth(CausalityInterfaceForComposites.java:765)
	at ptolemy.actor.util.CausalityInterfaceForComposites._computeInputDepth(CausalityInterfaceForComposites.java:696)
	at ptolemy.actor.util.CausalityInterfaceForComposites._computeOutputPortDepth(CausalityInterfaceForComposites.java:765)
	at ptolemy.actor.util.CausalityInterfaceForComposites._computeInputDepth(CausalityInterfaceForComposites.java:696)
	at ptolemy.actor.util.CausalityInterfaceForComposites._computeActorDepth(CausalityInterfaceForComposites.java:532)
	at ptolemy.actor.util.CausalityInterfaceForComposites.checkForCycles(CausalityInterfaceForComposites.java:96)
	at ptolemy.domains.de.kernel.DEDirector.preinitialize(DEDirector.java:1338)
	at ptolemy.actor.CompositeActor.preinitialize(CompositeActor.java:1828)
	at ptolemy.actor.Manager.preinitializeAndResolveTypes(Manager.java:1040)
	at ptolemy.actor.Manager.initialize(Manager.java:710)
	at ptolemy.actor.Manager.execute(Manager.java:356)
	at ptolemy.actor.Manager.run(Manager.java:1263)
	at ptolemy.actor.Manager$PtolemyRunThread.run(Manager.java:1933)

    while executing
ptolemy.kernel.util.IllegalActionException: Found a zero delay loop containing .dependencyLoop2.original
  in .dependencyLoop2 and .dependencyLoop2.original
    while executing
"java::new ptolemy.moml.MoMLSimpleApplication $file
"
    (procedure "createAndExecute" line 2)
    invoked from within
"createAndExecute $file"
    ("uplevel" body line 5)
    invoked from within
"uplevel $contents_of_test"
------------------ testing $PTII/ptolemy/domains/de/test/auto/knownFailedTests/DESDFClockTest.xml (Known Failure) 
2045 ms. Memory: 129024K Free: 108747K (84%)


==== $PTIIhome/travis/build/icyphy/ptII/ptolemy/domains/de/test/../../../../: Auto Automatic test in file $PTII/ptolemy/domains/de/test/auto/knownFailedTests/DESDFClockTest.xml
==== Contents of test case:

	    # FIXME: we should use $relativeFilename here, but it
	    # might have backslashes under Windows, which causes no end
	    # of trouble.
	    createAndExecute $file
	    list {}
	
.... Test generated KNOWN error:
    while executing
ptolemy.kernel.util.IllegalActionException: Actor is not ready to fire.  Perhaps UpSample.prefire() returned false? Try debugging the actor by selecting "Listen to Actor".  Also, for SDF check moml for tokenConsumptionRate on input.
  in .DESDFClockTest.Play Bell.Copy1:SDF Director and .DESDFClockTest.Play Bell.UpSample
	at ptolemy.actor.sched.StaticSchedulingDirector.fire(StaticSchedulingDirector.java:227)
	at ptolemy.domains.sdf.kernel.SDFDirector.fire(SDFDirector.java:500)
	at ptolemy.actor.CompositeActor.fire(CompositeActor.java:455)
	at ptolemy.domains.de.kernel.DEDirector._fire(DEDirector.java:1949)
	at ptolemy.domains.de.kernel.DEDirector.fire(DEDirector.java:502)
	at ptolemy.actor.CompositeActor.fire(CompositeActor.java:455)
	at ptolemy.actor.Manager.iterate(Manager.java:851)
	at ptolemy.actor.Manager.execute(Manager.java:369)
	at ptolemy.actor.Manager.run(Manager.java:1263)
	at ptolemy.actor.Manager$PtolemyRunThread.run(Manager.java:1933)

    while executing
ptolemy.kernel.util.IllegalActionException: Actor is not ready to fire.  Perhaps UpSample.prefire() returned false? Try debugging the actor by selecting "Listen to Actor".  Also, for SDF check moml for tokenConsumptionRate on input.
  in .DESDFClockTest.Play Bell.Copy1:SDF Director and .DESDFClockTest.Play Bell.UpSample
    while executing
"java::new ptolemy.moml.MoMLSimpleApplication $file
"
    (procedure "createAndExecute" line 2)
    invoked from within
"createAndExecute $file"
    ("uplevel" body line 5)
    invoked from within
"uplevel $contents_of_test"
------------------ testing $PTII/ptolemy/domains/de/test/auto/ActorDepthCalculation_actorWithoutPorts.xml
auto.tcl: Setting watchdog for 200 seconds at Thu Oct 29 15:55:04 UTC 2020
12 ms. Memory: 129024K Free: 101070K (78%)
ptolemy.util.test.WatchDog.cancel(): canceling Thu Oct 29 15:55:04 UTC 2020
auto.tcl: Setting watchdog for 200 seconds at Thu Oct 29 15:55:04 UTC 2020
5 ms. Memory: 129024K Free: 99518K (77%)
ptolemy.util.test.WatchDog.cancel(): canceling Thu Oct 29 15:55:04 UTC 2020
------------------ testing $PTII/ptolemy/domains/de/test/auto/AssemblyLine.xml
auto.tcl: Setting watchdog for 200 seconds at Thu Oct 29 15:55:05 UTC 2020
17 ms. Memory: 51200K Free: 27920K (55%)
ptolemy.util.test.WatchDog.cancel(): canceling Thu Oct 29 15:55:05 UTC 2020
auto.tcl: Setting watchdog for 200 seconds at Thu Oct 29 15:55:05 UTC 2020
6 ms. Memory: 51200K Free: 27267K (53%)
ptolemy.util.test.WatchDog.cancel(): canceling Thu Oct 29 15:55:05 UTC 2020
------------------ testing $PTII/ptolemy/domains/de/test/auto/CQBug1.xml
auto.tcl: Setting watchdog for 200 seconds at Thu Oct 29 15:55:05 UTC 2020
5 ms. Memory: 51200K Free: 33241K (65%)
ptolemy.util.test.WatchDog.cancel(): canceling Thu Oct 29 15:55:05 UTC 2020
auto.tcl: Setting watchdog for 200 seconds at Thu Oct 29 15:55:05 UTC 2020
2 ms. Memory: 51200K Free: 33241K (65%)
ptolemy.util.test.WatchDog.cancel(): canceling Thu Oct 29 15:55:05 UTC 2020
------------------ testing $PTII/ptolemy/domains/de/test/auto/CancelFireAt.xml
auto.tcl: Setting watchdog for 200 seconds at Thu Oct 29 15:55:05 UTC 2020
11 ms. Memory: 48128K Free: 31664K (66%)
ptolemy.util.test.WatchDog.cancel(): canceling Thu Oct 29 15:55:05 UTC 2020
auto.tcl: Setting watchdog for 200 seconds at Thu Oct 29 15:55:05 UTC 2020
3 ms. Memory: 48128K Free: 31223K (65%)
ptolemy.util.test.WatchDog.cancel(): canceling Thu Oct 29 15:55:05 UTC 2020
------------------ testing $PTII/ptolemy/domains/de/test/auto/CausalityAndComposabilityAnalysis.xml
auto.tcl: Setting watchdog for 200 seconds at Thu Oct 29 15:55:05 UTC 2020
16 ms. Memory: 48128K Free: 29662K (62%)
ptolemy.util.test.WatchDog.cancel(): canceling Thu Oct 29 15:55:05 UTC 2020
auto.tcl: Setting watchdog for 200 seconds at Thu Oct 29 15:55:05 UTC 2020
6 ms. Memory: 48128K Free: 28886K (60%)
ptolemy.util.test.WatchDog.cancel(): canceling Thu Oct 29 15:55:05 UTC 2020
------------------ testing $PTII/ptolemy/domains/de/test/auto/CausalityInterface1.xml
auto.tcl: Setting watchdog for 200 seconds at Thu Oct 29 15:55:05 UTC 2020
27 ms. Memory: 48128K Free: 28348K (59%)
ptolemy.util.test.WatchDog.cancel(): canceling Thu Oct 29 15:55:05 UTC 2020
auto.tcl: Setting watchdog for 200 seconds at Thu Oct 29 15:55:05 UTC 2020
4 ms. Memory: 48128K Free: 27349K (57%)
ptolemy.util.test.WatchDog.cancel(): canceling Thu Oct 29 15:55:05 UTC 2020
------------------ testing $PTII/ptolemy/domains/de/test/auto/CausalityInterface15.xml
auto.tcl: Setting watchdog for 200 seconds at Thu Oct 29 15:55:05 UTC 2020
12 ms. Memory: 48128K Free: 28274K (59%)
ptolemy.util.test.WatchDog.cancel(): canceling Thu Oct 29 15:55:05 UTC 2020
auto.tcl: Setting watchdog for 200 seconds at Thu Oct 29 15:55:05 UTC 2020
5 ms. Memory: 48128K Free: 27327K (57%)
ptolemy.util.test.WatchDog.cancel(): canceling Thu Oct 29 15:55:05 UTC 2020
------------------ testing $PTII/ptolemy/domains/de/test/auto/CausalityInterface2.xml
auto.tcl: Setting watchdog for 200 seconds at Thu Oct 29 15:55:05 UTC 2020
4 ms. Memory: 48128K Free: 29032K (60%)
ptolemy.util.test.WatchDog.cancel(): canceling Thu Oct 29 15:55:05 UTC 2020
auto.tcl: Setting watchdog for 200 seconds at Thu Oct 29 15:55:05 UTC 2020
3 ms. Memory: 48128K Free: 27922K (58%)
ptolemy.util.test.WatchDog.cancel(): canceling Thu Oct 29 15:55:05 UTC 2020
------------------ testing $PTII/ptolemy/domains/de/test/auto/CausalityInterface3.xml
auto.tcl: Setting watchdog for 200 seconds at Thu Oct 29 15:55:05 UTC 2020
4 ms. Memory: 48128K Free: 28258K (59%)
ptolemy.util.test.WatchDog.cancel(): canceling Thu Oct 29 15:55:05 UTC 2020
auto.tcl: Setting watchdog for 200 seconds at Thu Oct 29 15:55:05 UTC 2020
3 ms. Memory: 48128K Free: 27742K (58%)
ptolemy.util.test.WatchDog.cancel(): canceling Thu Oct 29 15:55:05 UTC 2020
------------------ testing $PTII/ptolemy/domains/de/test/auto/ClockDrift.xml
auto.tcl: Setting watchdog for 200 seconds at Thu Oct 29 15:55:06 UTC 2020
82 ms. Memory: 48128K Free: 21094K (44%)
ptolemy.util.test.WatchDog.cancel(): canceling Thu Oct 29 15:55:06 UTC 2020
auto.tcl: Setting watchdog for 200 seconds at Thu Oct 29 15:55:06 UTC 2020
51 ms. Memory: 48128K Free: 18081K (38%)
ptolemy.util.test.WatchDog.cancel(): canceling Thu Oct 29 15:55:06 UTC 2020
------------------ testing $PTII/ptolemy/domains/de/test/auto/ClockDriftAndValueChange.xml
auto.tcl: Setting watchdog for 200 seconds at Thu Oct 29 15:55:06 UTC 2020
21 ms. Memory: 48128K Free: 21198K (44%)
ptolemy.util.test.WatchDog.cancel(): canceling Thu Oct 29 15:55:06 UTC 2020
auto.tcl: Setting watchdog for 200 seconds at Thu Oct 29 15:55:06 UTC 2020
22 ms. Memory: 48128K Free: 18363K (38%)
ptolemy.util.test.WatchDog.cancel(): canceling Thu Oct 29 15:55:06 UTC 2020
------------------ testing $PTII/ptolemy/domains/de/test/auto/ClockDriftChange.xml
auto.tcl: Setting watchdog for 200 seconds at Thu Oct 29 15:55:06 UTC 2020
21 ms. Memory: 48128K Free: 23246K (48%)
ptolemy.util.test.WatchDog.cancel(): canceling Thu Oct 29 15:55:06 UTC 2020
auto.tcl: Setting watchdog for 200 seconds at Thu Oct 29 15:55:06 UTC 2020
24 ms. Memory: 48128K Free: 20667K (43%)
ptolemy.util.test.WatchDog.cancel(): canceling Thu Oct 29 15:55:06 UTC 2020
------------------ testing $PTII/ptolemy/domains/de/test/auto/ComposableCausalityAnalysis.xml
auto.tcl: Setting watchdog for 200 seconds at Thu Oct 29 15:55:06 UTC 2020
2 ms. Memory: 48128K Free: 27895K (58%)
ptolemy.util.test.WatchDog.cancel(): canceling Thu Oct 29 15:55:06 UTC 2020
auto.tcl: Setting watchdog for 200 seconds at Thu Oct 29 15:55:06 UTC 2020
5 ms. Memory: 48128K Free: 26848K (56%)
ptolemy.util.test.WatchDog.cancel(): canceling Thu Oct 29 15:55:06 UTC 2020
------------------ testing $PTII/ptolemy/domains/de/test/auto/DEFixedPointLimitation.xml
auto.tcl: Setting watchdog for 200 seconds at Thu Oct 29 15:55:06 UTC 2020
1 ms. Memory: 48128K Free: 29226K (61%)
ptolemy.util.test.WatchDog.cancel(): canceling Thu Oct 29 15:55:06 UTC 2020
auto.tcl: Setting watchdog for 200 seconds at Thu Oct 29 15:55:06 UTC 2020
1 ms. Memory: 48128K Free: 28309K (59%)
ptolemy.util.test.WatchDog.cancel(): canceling Thu Oct 29 15:55:06 UTC 2020
------------------ testing $PTII/ptolemy/domains/de/test/auto/DEScheduleTest.xml
auto.tcl: Setting watchdog for 200 seconds at Thu Oct 29 15:55:06 UTC 2020
5 ms. Memory: 48128K Free: 29543K (61%)
ptolemy.util.test.WatchDog.cancel(): canceling Thu Oct 29 15:55:06 UTC 2020
auto.tcl: Setting watchdog for 200 seconds at Thu Oct 29 15:55:06 UTC 2020
3 ms. Memory: 48128K Free: 28756K (60%)
ptolemy.util.test.WatchDog.cancel(): canceling Thu Oct 29 15:55:06 UTC 2020
------------------ testing $PTII/ptolemy/domains/de/test/auto/DEinDEwithStartTimes.xml
auto.tcl: Setting watchdog for 200 seconds at Thu Oct 29 15:55:06 UTC 2020
6 ms. Memory: 48128K Free: 27701K (58%)
ptolemy.util.test.WatchDog.cancel(): canceling Thu Oct 29 15:55:06 UTC 2020
auto.tcl: Setting watchdog for 200 seconds at Thu Oct 29 15:55:06 UTC 2020
3 ms. Memory: 48128K Free: 26659K (55%)
ptolemy.util.test.WatchDog.cancel(): canceling Thu Oct 29 15:55:06 UTC 2020
------------------ testing $PTII/ptolemy/domains/de/test/auto/DEinDEwithStartTimes2.xml
auto.tcl: Setting watchdog for 200 seconds at Thu Oct 29 15:55:06 UTC 2020
7 ms. Memory: 48128K Free: 26910K (56%)
ptolemy.util.test.WatchDog.cancel(): canceling Thu Oct 29 15:55:06 UTC 2020
auto.tcl: Setting watchdog for 200 seconds at Thu Oct 29 15:55:06 UTC 2020
7 ms. Memory: 48128K Free: 25614K (53%)
ptolemy.util.test.WatchDog.cancel(): canceling Thu Oct 29 15:55:06 UTC 2020
------------------ testing $PTII/ptolemy/domains/de/test/auto/DateDemo.xml
auto.tcl: Setting watchdog for 200 seconds at Thu Oct 29 15:55:06 UTC 2020
12 ms. Memory: 48128K Free: 21255K (44%)
ptolemy.util.test.WatchDog.cancel(): canceling Thu Oct 29 15:55:07 UTC 2020
auto.tcl: Setting watchdog for 200 seconds at Thu Oct 29 15:55:07 UTC 2020
6 ms. Memory: 48128K Free: 19661K (41%)
ptolemy.util.test.WatchDog.cancel(): canceling Thu Oct 29 15:55:07 UTC 2020
------------------ testing $PTII/ptolemy/domains/de/test/auto/DateToEvent.xml
auto.tcl: Setting watchdog for 200 seconds at Thu Oct 29 15:55:07 UTC 2020
2012 ms. Memory: 48128K Free: 17175K (36%)
ptolemy.util.test.WatchDog.cancel(): canceling Thu Oct 29 15:55:09 UTC 2020
auto.tcl: Setting watchdog for 200 seconds at Thu Oct 29 15:55:09 UTC 2020
2005 ms. Memory: 48128K Free: 16429K (34%)
ptolemy.util.test.WatchDog.cancel(): canceling Thu Oct 29 15:55:11 UTC 2020
------------------ testing $PTII/ptolemy/domains/de/test/auto/DepthTest1.xml
auto.tcl: Setting watchdog for 200 seconds at Thu Oct 29 15:55:11 UTC 2020
6 ms. Memory: 48128K Free: 30322K (63%)
ptolemy.util.test.WatchDog.cancel(): canceling Thu Oct 29 15:55:11 UTC 2020
auto.tcl: Setting watchdog for 200 seconds at Thu Oct 29 15:55:11 UTC 2020
2 ms. Memory: 48128K Free: 29916K (62%)
ptolemy.util.test.WatchDog.cancel(): canceling Thu Oct 29 15:55:11 UTC 2020
------------------ testing $PTII/ptolemy/domains/de/test/auto/DepthTest2.xml
auto.tcl: Setting watchdog for 200 seconds at Thu Oct 29 15:55:11 UTC 2020
4 ms. Memory: 48128K Free: 27179K (56%)
ptolemy.util.test.WatchDog.cancel(): canceling Thu Oct 29 15:55:11 UTC 2020
auto.tcl: Setting watchdog for 200 seconds at Thu Oct 29 15:55:11 UTC 2020
3 ms. Memory: 48128K Free: 26737K (56%)
ptolemy.util.test.WatchDog.cancel(): canceling Thu Oct 29 15:55:11 UTC 2020
------------------ testing $PTII/ptolemy/domains/de/test/auto/DepthTest3.xml
auto.tcl: Setting watchdog for 200 seconds at Thu Oct 29 15:55:11 UTC 2020
6 ms. Memory: 48128K Free: 30653K (64%)
ptolemy.util.test.WatchDog.cancel(): canceling Thu Oct 29 15:55:11 UTC 2020
auto.tcl: Setting watchdog for 200 seconds at Thu Oct 29 15:55:11 UTC 2020
2 ms. Memory: 48128K Free: 30222K (63%)
ptolemy.util.test.WatchDog.cancel(): canceling Thu Oct 29 15:55:11 UTC 2020
------------------ testing $PTII/ptolemy/domains/de/test/auto/DepthTest4.xml
auto.tcl: Setting watchdog for 200 seconds at Thu Oct 29 15:55:11 UTC 2020
5 ms. Memory: 48128K Free: 29003K (60%)
ptolemy.util.test.WatchDog.cancel(): canceling Thu Oct 29 15:55:11 UTC 2020
auto.tcl: Setting watchdog for 200 seconds at Thu Oct 29 15:55:11 UTC 2020
2 ms. Memory: 48128K Free: 28265K (59%)
ptolemy.util.test.WatchDog.cancel(): canceling Thu Oct 29 15:55:11 UTC 2020
------------------ testing $PTII/ptolemy/domains/de/test/auto/DepthTest5.xml
auto.tcl: Setting watchdog for 200 seconds at Thu Oct 29 15:55:11 UTC 2020
8 ms. Memory: 48128K Free: 28400K (59%)
ptolemy.util.test.WatchDog.cancel(): canceling Thu Oct 29 15:55:11 UTC 2020
auto.tcl: Setting watchdog for 200 seconds at Thu Oct 29 15:55:11 UTC 2020
3 ms. Memory: 48128K Free: 27614K (57%)
ptolemy.util.test.WatchDog.cancel(): canceling Thu Oct 29 15:55:11 UTC 2020
------------------ testing $PTII/ptolemy/domains/de/test/auto/DepthTest6.xml
auto.tcl: Setting watchdog for 200 seconds at Thu Oct 29 15:55:11 UTC 2020
7 ms. Memory: 48128K Free: 27893K (58%)
ptolemy.util.test.WatchDog.cancel(): canceling Thu Oct 29 15:55:11 UTC 2020
auto.tcl: Setting watchdog for 200 seconds at Thu Oct 29 15:55:11 UTC 2020
3 ms. Memory: 48128K Free: 27176K (56%)
ptolemy.util.test.WatchDog.cancel(): canceling Thu Oct 29 15:55:11 UTC 2020
------------------ testing $PTII/ptolemy/domains/de/test/auto/DepthTest7.xml
auto.tcl: Setting watchdog for 200 seconds at Thu Oct 29 15:55:11 UTC 2020
3 ms. Memory: 48128K Free: 28928K (60%)
ptolemy.util.test.WatchDog.cancel(): canceling Thu Oct 29 15:55:11 UTC 2020
auto.tcl: Setting watchdog for 200 seconds at Thu Oct 29 15:55:11 UTC 2020
1 ms. Memory: 48128K Free: 28212K (59%)
ptolemy.util.test.WatchDog.cancel(): canceling Thu Oct 29 15:55:11 UTC 2020
------------------ testing $PTII/ptolemy/domains/de/test/auto/EventToDate.xml
auto.tcl: Setting watchdog for 200 seconds at Thu Oct 29 15:55:11 UTC 2020
3005 ms. Memory: 48128K Free: 19497K (41%)
ptolemy.util.test.WatchDog.cancel(): canceling Thu Oct 29 15:55:14 UTC 2020
auto.tcl: Setting watchdog for 200 seconds at Thu Oct 29 15:55:14 UTC 2020
3005 ms. Memory: 48128K Free: 18986K (39%)
ptolemy.util.test.WatchDog.cancel(): canceling Thu Oct 29 15:55:17 UTC 2020
------------------ testing $PTII/ptolemy/domains/de/test/auto/FSM1.xml
auto.tcl: Setting watchdog for 200 seconds at Thu Oct 29 15:55:17 UTC 2020
38 ms. Memory: 48128K Free: 20434K (42%)
ptolemy.util.test.WatchDog.cancel(): canceling Thu Oct 29 15:55:17 UTC 2020
auto.tcl: Setting watchdog for 200 seconds at Thu Oct 29 15:55:17 UTC 2020
15 ms. Memory: 48128K Free: 17262K (36%)
ptolemy.util.test.WatchDog.cancel(): canceling Thu Oct 29 15:55:17 UTC 2020
------------------ testing $PTII/ptolemy/domains/de/test/auto/FSM7.xml
auto.tcl: Setting watchdog for 200 seconds at Thu Oct 29 15:55:17 UTC 2020
16 ms. Memory: 48128K Free: 20622K (43%)
ptolemy.util.test.WatchDog.cancel(): canceling Thu Oct 29 15:55:17 UTC 2020
auto.tcl: Setting watchdog for 200 seconds at Thu Oct 29 15:55:17 UTC 2020
16 ms. Memory: 48128K Free: 17493K (36%)
ptolemy.util.test.WatchDog.cancel(): canceling Thu Oct 29 15:55:17 UTC 2020
------------------ testing $PTII/ptolemy/domains/de/test/auto/Inspection.xml
auto.tcl: Setting watchdog for 200 seconds at Thu Oct 29 15:55:18 UTC 2020
33 ms. Memory: 48128K Free: 20670K (43%)
ptolemy.util.test.WatchDog.cancel(): canceling Thu Oct 29 15:55:18 UTC 2020
auto.tcl: Setting watchdog for 200 seconds at Thu Oct 29 15:55:18 UTC 2020
23 ms. Memory: 48128K Free: 18931K (39%)
ptolemy.util.test.WatchDog.cancel(): canceling Thu Oct 29 15:55:18 UTC 2020
------------------ testing $PTII/ptolemy/domains/de/test/auto/Iteration.xml
auto.tcl: Setting watchdog for 200 seconds at Thu Oct 29 15:55:18 UTC 2020
6 ms. Memory: 48128K Free: 26401K (55%)
ptolemy.util.test.WatchDog.cancel(): canceling Thu Oct 29 15:55:18 UTC 2020
auto.tcl: Setting watchdog for 200 seconds at Thu Oct 29 15:55:18 UTC 2020
6 ms. Memory: 48128K Free: 24987K (52%)
ptolemy.util.test.WatchDog.cancel(): canceling Thu Oct 29 15:55:18 UTC 2020
------------------ testing $PTII/ptolemy/domains/de/test/auto/LineFault.xml
auto.tcl: Setting watchdog for 200 seconds at Thu Oct 29 15:55:18 UTC 2020
704 ms. Memory: 58368K Free: 17500K (30%)
ptolemy.util.test.WatchDog.cancel(): canceling Thu Oct 29 15:55:19 UTC 2020
auto.tcl: Setting watchdog for 200 seconds at Thu Oct 29 15:55:19 UTC 2020
639 ms. Memory: 58368K Free: 15646K (27%)
ptolemy.util.test.WatchDog.cancel(): canceling Thu Oct 29 15:55:19 UTC 2020
------------------ testing $PTII/ptolemy/domains/de/test/auto/MergeModel1Add.xml
auto.tcl: Setting watchdog for 200 seconds at Thu Oct 29 15:55:19 UTC 2020
32 ms. Memory: 58368K Free: 22576K (39%)
ptolemy.util.test.WatchDog.cancel(): canceling Thu Oct 29 15:55:20 UTC 2020
auto.tcl: Setting watchdog for 200 seconds at Thu Oct 29 15:55:20 UTC 2020
10 ms. Memory: 58368K Free: 20904K (36%)
ptolemy.util.test.WatchDog.cancel(): canceling Thu Oct 29 15:55:20 UTC 2020
------------------ testing $PTII/ptolemy/domains/de/test/auto/MergeModel2Add.xml
auto.tcl: Setting watchdog for 200 seconds at Thu Oct 29 15:55:20 UTC 2020
11 ms. Memory: 51200K Free: 17480K (34%)
ptolemy.util.test.WatchDog.cancel(): canceling Thu Oct 29 15:55:20 UTC 2020
auto.tcl: Setting watchdog for 200 seconds at Thu Oct 29 15:55:20 UTC 2020
10 ms. Memory: 51200K Free: 15514K (30%)
ptolemy.util.test.WatchDog.cancel(): canceling Thu Oct 29 15:55:20 UTC 2020
------------------ testing $PTII/ptolemy/domains/de/test/auto/MergeModel3Add.xml
auto.tcl: Setting watchdog for 200 seconds at Thu Oct 29 15:55:20 UTC 2020
9 ms. Memory: 51200K Free: 17480K (34%)
ptolemy.util.test.WatchDog.cancel(): canceling Thu Oct 29 15:55:20 UTC 2020
auto.tcl: Setting watchdog for 200 seconds at Thu Oct 29 15:55:20 UTC 2020
11 ms. Memory: 51200K Free: 15976K (31%)
ptolemy.util.test.WatchDog.cancel(): canceling Thu Oct 29 15:55:20 UTC 2020
------------------ testing $PTII/ptolemy/domains/de/test/auto/MergeWithoutDiscard.xml
auto.tcl: Setting watchdog for 200 seconds at Thu Oct 29 15:55:20 UTC 2020
2 ms. Memory: 51200K Free: 32022K (63%)
ptolemy.util.test.WatchDog.cancel(): canceling Thu Oct 29 15:55:20 UTC 2020
auto.tcl: Setting watchdog for 200 seconds at Thu Oct 29 15:55:20 UTC 2020
2 ms. Memory: 51200K Free: 31579K (62%)
ptolemy.util.test.WatchDog.cancel(): canceling Thu Oct 29 15:55:20 UTC 2020
------------------ testing $PTII/ptolemy/domains/de/test/auto/Modal1.xml
auto.tcl: Setting watchdog for 200 seconds at Thu Oct 29 15:55:20 UTC 2020
11 ms. Memory: 51200K Free: 23948K (47%)
ptolemy.util.test.WatchDog.cancel(): canceling Thu Oct 29 15:55:20 UTC 2020
auto.tcl: Setting watchdog for 200 seconds at Thu Oct 29 15:55:20 UTC 2020
14 ms. Memory: 51200K Free: 20466K (40%)
ptolemy.util.test.WatchDog.cancel(): canceling Thu Oct 29 15:55:20 UTC 2020
------------------ testing $PTII/ptolemy/domains/de/test/auto/Modal2.xml
auto.tcl: Setting watchdog for 200 seconds at Thu Oct 29 15:55:20 UTC 2020
21 ms. Memory: 51200K Free: 24095K (47%)
ptolemy.util.test.WatchDog.cancel(): canceling Thu Oct 29 15:55:20 UTC 2020
auto.tcl: Setting watchdog for 200 seconds at Thu Oct 29 15:55:20 UTC 2020
20 ms. Memory: 51200K Free: 20856K (41%)
ptolemy.util.test.WatchDog.cancel(): canceling Thu Oct 29 15:55:20 UTC 2020
------------------ testing $PTII/ptolemy/domains/de/test/auto/Modal3.xml
auto.tcl: Setting watchdog for 200 seconds at Thu Oct 29 15:55:20 UTC 2020
16 ms. Memory: 51200K Free: 24046K (47%)
ptolemy.util.test.WatchDog.cancel(): canceling Thu Oct 29 15:55:20 UTC 2020
auto.tcl: Setting watchdog for 200 seconds at Thu Oct 29 15:55:20 UTC 2020
14 ms. Memory: 51200K Free: 20401K (40%)
ptolemy.util.test.WatchDog.cancel(): canceling Thu Oct 29 15:55:20 UTC 2020
------------------ testing $PTII/ptolemy/domains/de/test/auto/Modal4.xml
auto.tcl: Setting watchdog for 200 seconds at Thu Oct 29 15:55:20 UTC 2020
13 ms. Memory: 51200K Free: 23056K (45%)
ptolemy.util.test.WatchDog.cancel(): canceling Thu Oct 29 15:55:20 UTC 2020
auto.tcl: Setting watchdog for 200 seconds at Thu Oct 29 15:55:20 UTC 2020
15 ms. Memory: 51200K Free: 19229K (38%)
ptolemy.util.test.WatchDog.cancel(): canceling Thu Oct 29 15:55:20 UTC 2020
------------------ testing $PTII/ptolemy/domains/de/test/auto/Modal5.xml
auto.tcl: Setting watchdog for 200 seconds at Thu Oct 29 15:55:20 UTC 2020
13 ms. Memory: 51200K Free: 23021K (45%)
ptolemy.util.test.WatchDog.cancel(): canceling Thu Oct 29 15:55:20 UTC 2020
auto.tcl: Setting watchdog for 200 seconds at Thu Oct 29 15:55:20 UTC 2020
14 ms. Memory: 51200K Free: 19383K (38%)
ptolemy.util.test.WatchDog.cancel(): canceling Thu Oct 29 15:55:20 UTC 2020
------------------ testing $PTII/ptolemy/domains/de/test/auto/Modal6.xml
auto.tcl: Setting watchdog for 200 seconds at Thu Oct 29 15:55:20 UTC 2020
13 ms. Memory: 51200K Free: 23745K (46%)
ptolemy.util.test.WatchDog.cancel(): canceling Thu Oct 29 15:55:20 UTC 2020
auto.tcl: Setting watchdog for 200 seconds at Thu Oct 29 15:55:20 UTC 2020
14 ms. Memory: 51200K Free: 19804K (39%)
ptolemy.util.test.WatchDog.cancel(): canceling Thu Oct 29 15:55:20 UTC 2020
------------------ testing $PTII/ptolemy/domains/de/test/auto/Modal7.xml
auto.tcl: Setting watchdog for 200 seconds at Thu Oct 29 15:55:21 UTC 2020
10 ms. Memory: 51200K Free: 22797K (45%)
ptolemy.util.test.WatchDog.cancel(): canceling Thu Oct 29 15:55:21 UTC 2020
auto.tcl: Setting watchdog for 200 seconds at Thu Oct 29 15:55:21 UTC 2020
10 ms. Memory: 51200K Free: 19433K (38%)
ptolemy.util.test.WatchDog.cancel(): canceling Thu Oct 29 15:55:21 UTC 2020
------------------ testing $PTII/ptolemy/domains/de/test/auto/ModalModel.xml
auto.tcl: Setting watchdog for 200 seconds at Thu Oct 29 15:55:21 UTC 2020
214 ms. Memory: 51200K Free: 18013K (35%)
ptolemy.util.test.WatchDog.cancel(): canceling Thu Oct 29 15:55:21 UTC 2020
auto.tcl: Setting watchdog for 200 seconds at Thu Oct 29 15:55:21 UTC 2020
228 ms. Memory: 64512K Free: 24562K (38%)
ptolemy.util.test.WatchDog.cancel(): canceling Thu Oct 29 15:55:21 UTC 2020
------------------ testing $PTII/ptolemy/domains/de/test/auto/ModalSource.xml
auto.tcl: Setting watchdog for 200 seconds at Thu Oct 29 15:55:21 UTC 2020
11 ms. Memory: 51200K Free: 27889K (54%)
ptolemy.util.test.WatchDog.cancel(): canceling Thu Oct 29 15:55:21 UTC 2020
auto.tcl: Setting watchdog for 200 seconds at Thu Oct 29 15:55:21 UTC 2020
6 ms. Memory: 51200K Free: 25841K (50%)
ptolemy.util.test.WatchDog.cancel(): canceling Thu Oct 29 15:55:21 UTC 2020
------------------ testing $PTII/ptolemy/domains/de/test/auto/NonInterruptibleTimerZeroDelay.xml
auto.tcl: Setting watchdog for 200 seconds at Thu Oct 29 15:55:21 UTC 2020
4 ms. Memory: 51200K Free: 32770K (64%)
ptolemy.util.test.WatchDog.cancel(): canceling Thu Oct 29 15:55:21 UTC 2020
auto.tcl: Setting watchdog for 200 seconds at Thu Oct 29 15:55:21 UTC 2020
2 ms. Memory: 51200K Free: 32129K (63%)
ptolemy.util.test.WatchDog.cancel(): canceling Thu Oct 29 15:55:21 UTC 2020
------------------ testing $PTII/ptolemy/domains/de/test/auto/OpenQueueingNetwork.xml
auto.tcl: Setting watchdog for 200 seconds at Thu Oct 29 15:55:21 UTC 2020
3226 ms. Memory: 110592K Free: 53901K (49%)
ptolemy.util.test.WatchDog.cancel(): canceling Thu Oct 29 15:55:25 UTC 2020
auto.tcl: Setting watchdog for 200 seconds at Thu Oct 29 15:55:25 UTC 2020
3189 ms. Memory: 110592K Free: 72909K (66%)
ptolemy.util.test.WatchDog.cancel(): canceling Thu Oct 29 15:55:28 UTC 2020
------------------ testing $PTII/ptolemy/domains/de/test/auto/OpenQueuingNetwork.xml
auto.tcl: Setting watchdog for 200 seconds at Thu Oct 29 15:55:28 UTC 2020
281 ms. Memory: 70656K Free: 42725K (60%)
ptolemy.util.test.WatchDog.cancel(): canceling Thu Oct 29 15:55:28 UTC 2020
auto.tcl: Setting watchdog for 200 seconds at Thu Oct 29 15:55:28 UTC 2020
266 ms. Memory: 70656K Free: 29414K (42%)
ptolemy.util.test.WatchDog.cancel(): canceling Thu Oct 29 15:55:29 UTC 2020
------------------ testing $PTII/ptolemy/domains/de/test/auto/PeriodicSampler.xml
auto.tcl: Setting watchdog for 200 seconds at Thu Oct 29 15:55:29 UTC 2020
2 ms. Memory: 51200K Free: 32033K (63%)
ptolemy.util.test.WatchDog.cancel(): canceling Thu Oct 29 15:55:29 UTC 2020
auto.tcl: Setting watchdog for 200 seconds at Thu Oct 29 15:55:29 UTC 2020
2 ms. Memory: 51200K Free: 31519K (62%)
ptolemy.util.test.WatchDog.cancel(): canceling Thu Oct 29 15:55:29 UTC 2020
------------------ testing $PTII/ptolemy/domains/de/test/auto/PersistentIO.xml
auto.tcl: Setting watchdog for 200 seconds at Thu Oct 29 15:55:29 UTC 2020
5 ms. Memory: 51200K Free: 26958K (53%)
ptolemy.util.test.WatchDog.cancel(): canceling Thu Oct 29 15:55:29 UTC 2020
auto.tcl: Setting watchdog for 200 seconds at Thu Oct 29 15:55:29 UTC 2020
4 ms. Memory: 51200K Free: 25438K (50%)
ptolemy.util.test.WatchDog.cancel(): canceling Thu Oct 29 15:55:29 UTC 2020
------------------ testing $PTII/ptolemy/domains/de/test/auto/PortParameterResetOnInitialize.xml
auto.tcl: Setting watchdog for 200 seconds at Thu Oct 29 15:55:29 UTC 2020
3 ms. Memory: 51200K Free: 31941K (62%)
ptolemy.util.test.WatchDog.cancel(): canceling Thu Oct 29 15:55:29 UTC 2020
auto.tcl: Setting watchdog for 200 seconds at Thu Oct 29 15:55:29 UTC 2020
3 ms. Memory: 51200K Free: 31445K (61%)
ptolemy.util.test.WatchDog.cancel(): canceling Thu Oct 29 15:55:29 UTC 2020
------------------ testing $PTII/ptolemy/domains/de/test/auto/PortParameterUpdates.xml
auto.tcl: Setting watchdog for 200 seconds at Thu Oct 29 15:55:29 UTC 2020
3 ms. Memory: 51200K Free: 30225K (59%)
ptolemy.util.test.WatchDog.cancel(): canceling Thu Oct 29 15:55:29 UTC 2020
auto.tcl: Setting watchdog for 200 seconds at Thu Oct 29 15:55:29 UTC 2020
4 ms. Memory: 51200K Free: 29002K (57%)
ptolemy.util.test.WatchDog.cancel(): canceling Thu Oct 29 15:55:29 UTC 2020
------------------ testing $PTII/ptolemy/domains/de/test/auto/QueueAndServer.xml
auto.tcl: Setting watchdog for 200 seconds at Thu Oct 29 15:55:29 UTC 2020
15 ms. Memory: 51200K Free: 28898K (56%)
ptolemy.util.test.WatchDog.cancel(): canceling Thu Oct 29 15:55:29 UTC 2020
auto.tcl: Setting watchdog for 200 seconds at Thu Oct 29 15:55:29 UTC 2020
8 ms. Memory: 51200K Free: 27446K (54%)
ptolemy.util.test.WatchDog.cancel(): canceling Thu Oct 29 15:55:29 UTC 2020
------------------ testing $PTII/ptolemy/domains/de/test/auto/Records.xml
auto.tcl: Setting watchdog for 200 seconds at Thu Oct 29 15:55:29 UTC 2020
5 ms. Memory: 51200K Free: 31184K (61%)
ptolemy.util.test.WatchDog.cancel(): canceling Thu Oct 29 15:55:29 UTC 2020
auto.tcl: Setting watchdog for 200 seconds at Thu Oct 29 15:55:29 UTC 2020
2 ms. Memory: 51200K Free: 30672K (60%)
ptolemy.util.test.WatchDog.cancel(): canceling Thu Oct 29 15:55:29 UTC 2020
------------------ testing $PTII/ptolemy/domains/de/test/auto/ResetTransitionWithStartTime1.xml
auto.tcl: Setting watchdog for 200 seconds at Thu Oct 29 15:55:29 UTC 2020
10 ms. Memory: 51200K Free: 28442K (56%)
ptolemy.util.test.WatchDog.cancel(): canceling Thu Oct 29 15:55:29 UTC 2020
auto.tcl: Setting watchdog for 200 seconds at Thu Oct 29 15:55:29 UTC 2020
6 ms. Memory: 51200K Free: 26394K (52%)
ptolemy.util.test.WatchDog.cancel(): canceling Thu Oct 29 15:55:29 UTC 2020
------------------ testing $PTII/ptolemy/domains/de/test/auto/ResetTransitionWithStartTime2.xml
auto.tcl: Setting watchdog for 200 seconds at Thu Oct 29 15:55:29 UTC 2020
6 ms. Memory: 51200K Free: 28397K (55%)
ptolemy.util.test.WatchDog.cancel(): canceling Thu Oct 29 15:55:29 UTC 2020
auto.tcl: Setting watchdog for 200 seconds at Thu Oct 29 15:55:29 UTC 2020
6 ms. Memory: 51200K Free: 25835K (50%)
ptolemy.util.test.WatchDog.cancel(): canceling Thu Oct 29 15:55:29 UTC 2020
------------------ testing $PTII/ptolemy/domains/de/test/auto/ResetTransitionWithStartTime3.xml
auto.tcl: Setting watchdog for 200 seconds at Thu Oct 29 15:55:29 UTC 2020
7 ms. Memory: 51200K Free: 28396K (55%)
ptolemy.util.test.WatchDog.cancel(): canceling Thu Oct 29 15:55:29 UTC 2020
auto.tcl: Setting watchdog for 200 seconds at Thu Oct 29 15:55:29 UTC 2020
7 ms. Memory: 51200K Free: 26348K (51%)
ptolemy.util.test.WatchDog.cancel(): canceling Thu Oct 29 15:55:29 UTC 2020
------------------ testing $PTII/ptolemy/domains/de/test/auto/ResetTransitionWithStartTime4.xml
auto.tcl: Setting watchdog for 200 seconds at Thu Oct 29 15:55:29 UTC 2020
7 ms. Memory: 51200K Free: 28823K (56%)
ptolemy.util.test.WatchDog.cancel(): canceling Thu Oct 29 15:55:29 UTC 2020
auto.tcl: Setting watchdog for 200 seconds at Thu Oct 29 15:55:29 UTC 2020
4 ms. Memory: 51200K Free: 27371K (53%)
ptolemy.util.test.WatchDog.cancel(): canceling Thu Oct 29 15:55:29 UTC 2020
------------------ testing $PTII/ptolemy/domains/de/test/auto/ResettableTimer1.xml
auto.tcl: Setting watchdog for 200 seconds at Thu Oct 29 15:55:30 UTC 2020
2 ms. Memory: 51200K Free: 32548K (64%)
ptolemy.util.test.WatchDog.cancel(): canceling Thu Oct 29 15:55:30 UTC 2020
auto.tcl: Setting watchdog for 200 seconds at Thu Oct 29 15:55:30 UTC 2020
2 ms. Memory: 51200K Free: 31945K (62%)
ptolemy.util.test.WatchDog.cancel(): canceling Thu Oct 29 15:55:30 UTC 2020
------------------ testing $PTII/ptolemy/domains/de/test/auto/ResettableTimer2.xml
auto.tcl: Setting watchdog for 200 seconds at Thu Oct 29 15:55:30 UTC 2020
2 ms. Memory: 51200K Free: 32628K (64%)
ptolemy.util.test.WatchDog.cancel(): canceling Thu Oct 29 15:55:30 UTC 2020
auto.tcl: Setting watchdog for 200 seconds at Thu Oct 29 15:55:30 UTC 2020
2 ms. Memory: 51200K Free: 31505K (62%)
ptolemy.util.test.WatchDog.cancel(): canceling Thu Oct 29 15:55:30 UTC 2020
------------------ testing $PTII/ptolemy/domains/de/test/auto/ResettableTimer3.xml
auto.tcl: Setting watchdog for 200 seconds at Thu Oct 29 15:55:30 UTC 2020
1 ms. Memory: 51200K Free: 32528K (64%)
ptolemy.util.test.WatchDog.cancel(): canceling Thu Oct 29 15:55:30 UTC 2020
auto.tcl: Setting watchdog for 200 seconds at Thu Oct 29 15:55:30 UTC 2020
1 ms. Memory: 51200K Free: 32528K (64%)
ptolemy.util.test.WatchDog.cancel(): canceling Thu Oct 29 15:55:30 UTC 2020
------------------ testing $PTII/ptolemy/domains/de/test/auto/ResettableTimer4.xml
auto.tcl: Setting watchdog for 200 seconds at Thu Oct 29 15:55:30 UTC 2020
1 ms. Memory: 51200K Free: 32542K (64%)
ptolemy.util.test.WatchDog.cancel(): canceling Thu Oct 29 15:55:30 UTC 2020
auto.tcl: Setting watchdog for 200 seconds at Thu Oct 29 15:55:30 UTC 2020
1 ms. Memory: 51200K Free: 32028K (63%)
ptolemy.util.test.WatchDog.cancel(): canceling Thu Oct 29 15:55:30 UTC 2020
------------------ testing $PTII/ptolemy/domains/de/test/auto/ResettableTimer5.xml
auto.tcl: Setting watchdog for 200 seconds at Thu Oct 29 15:55:30 UTC 2020
1 ms. Memory: 51200K Free: 32026K (63%)
ptolemy.util.test.WatchDog.cancel(): canceling Thu Oct 29 15:55:30 UTC 2020
auto.tcl: Setting watchdog for 200 seconds at Thu Oct 29 15:55:30 UTC 2020
1 ms. Memory: 51200K Free: 31516K (62%)
ptolemy.util.test.WatchDog.cancel(): canceling Thu Oct 29 15:55:30 UTC 2020
------------------ testing $PTII/ptolemy/domains/de/test/auto/ResettableTimer6.xml
auto.tcl: Setting watchdog for 200 seconds at Thu Oct 29 15:55:30 UTC 2020
2 ms. Memory: 51200K Free: 32017K (63%)
ptolemy.util.test.WatchDog.cancel(): canceling Thu Oct 29 15:55:30 UTC 2020
auto.tcl: Setting watchdog for 200 seconds at Thu Oct 29 15:55:30 UTC 2020
2 ms. Memory: 51200K Free: 31507K (62%)
ptolemy.util.test.WatchDog.cancel(): canceling Thu Oct 29 15:55:30 UTC 2020
------------------ testing $PTII/ptolemy/domains/de/test/auto/ServerZeroDelay.xml
auto.tcl: Setting watchdog for 200 seconds at Thu Oct 29 15:55:30 UTC 2020
3 ms. Memory: 51200K Free: 32522K (64%)
ptolemy.util.test.WatchDog.cancel(): canceling Thu Oct 29 15:55:30 UTC 2020
auto.tcl: Setting watchdog for 200 seconds at Thu Oct 29 15:55:30 UTC 2020
2 ms. Memory: 51200K Free: 31498K (62%)
ptolemy.util.test.WatchDog.cancel(): canceling Thu Oct 29 15:55:30 UTC 2020
------------------ testing $PTII/ptolemy/domains/de/test/auto/SmartSender.xml
auto.tcl: Setting watchdog for 200 seconds at Thu Oct 29 15:55:30 UTC 2020
3001 ms. Memory: 51200K Free: 32003K (63%)
ptolemy.util.test.WatchDog.cancel(): canceling Thu Oct 29 15:55:33 UTC 2020
auto.tcl: Setting watchdog for 200 seconds at Thu Oct 29 15:55:33 UTC 2020
3003 ms. Memory: 51200K Free: 31493K (62%)
ptolemy.util.test.WatchDog.cancel(): canceling Thu Oct 29 15:55:36 UTC 2020
------------------ testing $PTII/ptolemy/domains/de/test/auto/ThreadedComposite.xml
auto.tcl: Setting watchdog for 200 seconds at Thu Oct 29 15:55:36 UTC 2020
185 ms. Memory: 51200K Free: 12560K (25%)
ptolemy.util.test.WatchDog.cancel(): canceling Thu Oct 29 15:55:36 UTC 2020
auto.tcl: Setting watchdog for 200 seconds at Thu Oct 29 15:55:36 UTC 2020
138 ms. Memory: 51200K Free: 27696K (54%)
ptolemy.util.test.WatchDog.cancel(): canceling Thu Oct 29 15:55:36 UTC 2020
------------------ testing $PTII/ptolemy/domains/de/test/auto/Time.xml
auto.tcl: Setting watchdog for 200 seconds at Thu Oct 29 15:55:36 UTC 2020
487 ms. Memory: 51200K Free: 32197K (63%)
ptolemy.util.test.WatchDog.cancel(): canceling Thu Oct 29 15:55:37 UTC 2020
auto.tcl: Setting watchdog for 200 seconds at Thu Oct 29 15:55:37 UTC 2020
438 ms. Memory: 51200K Free: 31068K (61%)
ptolemy.util.test.WatchDog.cancel(): canceling Thu Oct 29 15:55:37 UTC 2020
------------------ testing $PTII/ptolemy/domains/de/test/auto/TimeDelayZeroDelay.xml
auto.tcl: Setting watchdog for 200 seconds at Thu Oct 29 15:55:37 UTC 2020
2 ms. Memory: 51200K Free: 32441K (63%)
ptolemy.util.test.WatchDog.cancel(): canceling Thu Oct 29 15:55:37 UTC 2020
auto.tcl: Setting watchdog for 200 seconds at Thu Oct 29 15:55:37 UTC 2020
2 ms. Memory: 51200K Free: 31970K (62%)
ptolemy.util.test.WatchDog.cancel(): canceling Thu Oct 29 15:55:37 UTC 2020
------------------ testing $PTII/ptolemy/domains/de/test/auto/TimerZeroDelay.xml
auto.tcl: Setting watchdog for 200 seconds at Thu Oct 29 15:55:37 UTC 2020
2 ms. Memory: 51200K Free: 32483K (63%)
ptolemy.util.test.WatchDog.cancel(): canceling Thu Oct 29 15:55:37 UTC 2020
auto.tcl: Setting watchdog for 200 seconds at Thu Oct 29 15:55:37 UTC 2020
2 ms. Memory: 51200K Free: 31997K (62%)
ptolemy.util.test.WatchDog.cancel(): canceling Thu Oct 29 15:55:37 UTC 2020
------------------ testing $PTII/ptolemy/domains/de/test/auto/TimingParadox.xml
auto.tcl: Setting watchdog for 200 seconds at Thu Oct 29 15:55:38 UTC 2020
360 ms. Memory: 51200K Free: 19088K (37%)
ptolemy.util.test.WatchDog.cancel(): canceling Thu Oct 29 15:55:38 UTC 2020
auto.tcl: Setting watchdog for 200 seconds at Thu Oct 29 15:55:38 UTC 2020
327 ms. Memory: 51200K Free: 34052K (67%)
ptolemy.util.test.WatchDog.cancel(): canceling Thu Oct 29 15:55:38 UTC 2020
------------------ testing $PTII/ptolemy/domains/de/test/auto/TransferInputs.xml
auto.tcl: Setting watchdog for 200 seconds at Thu Oct 29 15:55:38 UTC 2020
9 ms. Memory: 51200K Free: 30965K (60%)
ptolemy.util.test.WatchDog.cancel(): canceling Thu Oct 29 15:55:38 UTC 2020
auto.tcl: Setting watchdog for 200 seconds at Thu Oct 29 15:55:38 UTC 2020
2 ms. Memory: 51200K Free: 30056K (59%)
ptolemy.util.test.WatchDog.cancel(): canceling Thu Oct 29 15:55:38 UTC 2020
------------------ testing $PTII/ptolemy/domains/de/test/auto/TransferOutputs2.xml
auto.tcl: Setting watchdog for 200 seconds at Thu Oct 29 15:55:38 UTC 2020
3 ms. Memory: 51200K Free: 28393K (55%)
ptolemy.util.test.WatchDog.cancel(): canceling Thu Oct 29 15:55:38 UTC 2020
auto.tcl: Setting watchdog for 200 seconds at Thu Oct 29 15:55:38 UTC 2020
3 ms. Memory: 51200K Free: 26970K (53%)
ptolemy.util.test.WatchDog.cancel(): canceling Thu Oct 29 15:55:38 UTC 2020
------------------ testing $PTII/ptolemy/domains/de/test/auto/Trilateration.xml
auto.tcl: Setting watchdog for 200 seconds at Thu Oct 29 15:55:39 UTC 2020
13537 ms. Memory: 404480K Free: 136435K (34%)
ptolemy.util.test.WatchDog.cancel(): canceling Thu Oct 29 15:55:53 UTC 2020
auto.tcl: Setting watchdog for 200 seconds at Thu Oct 29 15:55:53 UTC 2020
9373 ms. Memory: 404480K Free: 154864K (38%)
ptolemy.util.test.WatchDog.cancel(): canceling Thu Oct 29 15:56:03 UTC 2020
------------------ testing $PTII/ptolemy/domains/de/test/auto/TwoSigmaDelta.xml
auto.tcl: Setting watchdog for 200 seconds at Thu Oct 29 15:56:03 UTC 2020
2463 ms. Memory: 89088K Free: 61358K (69%)
ptolemy.util.test.WatchDog.cancel(): canceling Thu Oct 29 15:56:05 UTC 2020
auto.tcl: Setting watchdog for 200 seconds at Thu Oct 29 15:56:05 UTC 2020
2112 ms. Memory: 89088K Free: 54183K (61%)
ptolemy.util.test.WatchDog.cancel(): canceling Thu Oct 29 15:56:07 UTC 2020
------------------ testing $PTII/ptolemy/domains/de/test/auto/VariableDelay.xml
auto.tcl: Setting watchdog for 200 seconds at Thu Oct 29 15:56:07 UTC 2020
5 ms. Memory: 55296K Free: 35519K (64%)
ptolemy.util.test.WatchDog.cancel(): canceling Thu Oct 29 15:56:07 UTC 2020
auto.tcl: Setting watchdog for 200 seconds at Thu Oct 29 15:56:07 UTC 2020
2 ms. Memory: 55296K Free: 34525K (62%)
ptolemy.util.test.WatchDog.cancel(): canceling Thu Oct 29 15:56:07 UTC 2020
------------------ testing $PTII/ptolemy/domains/de/test/auto/VariableDelay2.xml
auto.tcl: Setting watchdog for 200 seconds at Thu Oct 29 15:56:07 UTC 2020
3 ms. Memory: 51200K Free: 31837K (62%)
ptolemy.util.test.WatchDog.cancel(): canceling Thu Oct 29 15:56:08 UTC 2020
auto.tcl: Setting watchdog for 200 seconds at Thu Oct 29 15:56:08 UTC 2020
2 ms. Memory: 51200K Free: 31339K (61%)
ptolemy.util.test.WatchDog.cancel(): canceling Thu Oct 29 15:56:08 UTC 2020
------------------ testing $PTII/ptolemy/domains/de/test/auto/VariableDelayZeroDelay.xml
auto.tcl: Setting watchdog for 200 seconds at Thu Oct 29 15:56:08 UTC 2020
2 ms. Memory: 51200K Free: 32364K (63%)
ptolemy.util.test.WatchDog.cancel(): canceling Thu Oct 29 15:56:08 UTC 2020
auto.tcl: Setting watchdog for 200 seconds at Thu Oct 29 15:56:08 UTC 2020
2 ms. Memory: 51200K Free: 31820K (62%)
ptolemy.util.test.WatchDog.cancel(): canceling Thu Oct 29 15:56:08 UTC 2020
------------------ testing $PTII/ptolemy/domains/de/test/auto/VariableDelayZeroDelay2.xml
auto.tcl: Setting watchdog for 200 seconds at Thu Oct 29 15:56:08 UTC 2020
2 ms. Memory: 51200K Free: 32363K (63%)
ptolemy.util.test.WatchDog.cancel(): canceling Thu Oct 29 15:56:08 UTC 2020
auto.tcl: Setting watchdog for 200 seconds at Thu Oct 29 15:56:08 UTC 2020
1 ms. Memory: 51200K Free: 31339K (61%)
ptolemy.util.test.WatchDog.cancel(): canceling Thu Oct 29 15:56:08 UTC 2020
------------------ testing $PTII/ptolemy/domains/de/test/auto/deInCt.xml
auto.tcl: Setting watchdog for 200 seconds at Thu Oct 29 15:56:08 UTC 2020
0
1
1
0
0
0
1
1
1
1
0
0
0
1
1
1
0
0
0
1
1
1
1
0
0
0
1
1
1
0
0
0
1
1
0
0
0
1
1
0
0
0
0
1
1
1
1
1
19 ms. Memory: 51200K Free: 31337K (61%)
ptolemy.util.test.WatchDog.cancel(): canceling Thu Oct 29 15:56:08 UTC 2020
auto.tcl: Setting watchdog for 200 seconds at Thu Oct 29 15:56:08 UTC 2020
0
1
1
1
0
0
0
0
1
1
1
0
0
0
0
1
1
1
0
0
0
1
1
1
0
0
0
0
0
1
1
1
1
1
11 ms. Memory: 51200K Free: 29799K (58%)
ptolemy.util.test.WatchDog.cancel(): canceling Thu Oct 29 15:56:08 UTC 2020
------------------ testing $PTII/ptolemy/domains/de/test/auto/deInCt2.xml
auto.tcl: Setting watchdog for 200 seconds at Thu Oct 29 15:56:08 UTC 2020
0
1
1
1
0
0
1
1
1
0
0
1
1
1
0
0
1
1
1
0
0
1
1
1
0
0
1
1
1
0
0
1
1
1
0
0
1
1
1
0
0
0
14 ms. Memory: 51200K Free: 31339K (61%)
ptolemy.util.test.WatchDog.cancel(): canceling Thu Oct 29 15:56:08 UTC 2020
auto.tcl: Setting watchdog for 200 seconds at Thu Oct 29 15:56:08 UTC 2020
0
1
1
1
0
0
1
1
1
0
0
1
1
1
0
0
1
1
1
0
0
1
1
1
0
0
1
1
1
0
0
1
1
1
0
0
1
1
1
0
0
0
4 ms. Memory: 51200K Free: 29795K (58%)
ptolemy.util.test.WatchDog.cancel(): canceling Thu Oct 29 15:56:08 UTC 2020
------------------ testing $PTII/ptolemy/domains/de/test/auto/dynamicCausalityInterface1.xml
auto.tcl: Setting watchdog for 200 seconds at Thu Oct 29 15:56:08 UTC 2020
2 ms. Memory: 51200K Free: 27237K (53%)
ptolemy.util.test.WatchDog.cancel(): canceling Thu Oct 29 15:56:08 UTC 2020
auto.tcl: Setting watchdog for 200 seconds at Thu Oct 29 15:56:08 UTC 2020
1 ms. Memory: 51200K Free: 26723K (52%)
ptolemy.util.test.WatchDog.cancel(): canceling Thu Oct 29 15:56:08 UTC 2020
------------------ testing $PTII/ptolemy/domains/de/test/auto/fsm_de_test.xml
auto.tcl: Setting watchdog for 200 seconds at Thu Oct 29 15:56:08 UTC 2020
10 ms. Memory: 51200K Free: 27136K (53%)
ptolemy.util.test.WatchDog.cancel(): canceling Thu Oct 29 15:56:08 UTC 2020
auto.tcl: Setting watchdog for 200 seconds at Thu Oct 29 15:56:08 UTC 2020
11 ms. Memory: 51200K Free: 25088K (49%)
ptolemy.util.test.WatchDog.cancel(): canceling Thu Oct 29 15:56:08 UTC 2020
------------------ testing $PTII/ptolemy/domains/de/test/auto/functionDependencyReconstruction.xml
auto.tcl: Setting watchdog for 200 seconds at Thu Oct 29 15:56:08 UTC 2020
3 ms. Memory: 51200K Free: 21104K (41%)
ptolemy.util.test.WatchDog.cancel(): canceling Thu Oct 29 15:56:08 UTC 2020
auto.tcl: Setting watchdog for 200 seconds at Thu Oct 29 15:56:08 UTC 2020
3 ms. Memory: 51200K Free: 18933K (37%)
ptolemy.util.test.WatchDog.cancel(): canceling Thu Oct 29 15:56:08 UTC 2020
------------------ testing $PTII/ptolemy/domains/de/test/auto/multirate.xml
auto.tcl: Setting watchdog for 200 seconds at Thu Oct 29 15:56:08 UTC 2020
7 ms. Memory: 51200K Free: 29777K (58%)
ptolemy.util.test.WatchDog.cancel(): canceling Thu Oct 29 15:56:08 UTC 2020
auto.tcl: Setting watchdog for 200 seconds at Thu Oct 29 15:56:08 UTC 2020
3 ms. Memory: 51200K Free: 28032K (55%)
ptolemy.util.test.WatchDog.cancel(): canceling Thu Oct 29 15:56:08 UTC 2020
------------------ testing $PTII/ptolemy/domains/de/test/auto/multirate2.xml
auto.tcl: Setting watchdog for 200 seconds at Thu Oct 29 15:56:08 UTC 2020
5 ms. Memory: 51200K Free: 29932K (58%)
ptolemy.util.test.WatchDog.cancel(): canceling Thu Oct 29 15:56:08 UTC 2020
auto.tcl: Setting watchdog for 200 seconds at Thu Oct 29 15:56:08 UTC 2020
3 ms. Memory: 51200K Free: 28213K (55%)
ptolemy.util.test.WatchDog.cancel(): canceling Thu Oct 29 15:56:08 UTC 2020
------------------ testing $PTII/ptolemy/domains/de/test/auto/realtime.xml
auto.tcl: Setting watchdog for 200 seconds at Thu Oct 29 15:56:08 UTC 2020
10001 ms. Memory: 51200K Free: 32008K (63%)
ptolemy.util.test.WatchDog.cancel(): canceling Thu Oct 29 15:56:18 UTC 2020
auto.tcl: Setting watchdog for 200 seconds at Thu Oct 29 15:56:18 UTC 2020
10001 ms. Memory: 51200K Free: 31283K (61%)
ptolemy.util.test.WatchDog.cancel(): canceling Thu Oct 29 15:56:28 UTC 2020
------------------ testing $PTII/ptolemy/domains/de/test/auto/relationGroup.xml
auto.tcl: Setting watchdog for 200 seconds at Thu Oct 29 15:56:28 UTC 2020
2 ms. Memory: 51200K Free: 33088K (65%)
ptolemy.util.test.WatchDog.cancel(): canceling Thu Oct 29 15:56:28 UTC 2020
auto.tcl: Setting watchdog for 200 seconds at Thu Oct 29 15:56:28 UTC 2020
1 ms. Memory: 51200K Free: 32576K (64%)
ptolemy.util.test.WatchDog.cancel(): canceling Thu Oct 29 15:56:28 UTC 2020
------------------ testing $PTII/ptolemy/domains/de/test/auto/relationGroup2.xml
auto.tcl: Setting watchdog for 200 seconds at Thu Oct 29 15:56:28 UTC 2020
1 ms. Memory: 51200K Free: 33115K (65%)
ptolemy.util.test.WatchDog.cancel(): canceling Thu Oct 29 15:56:28 UTC 2020
auto.tcl: Setting watchdog for 200 seconds at Thu Oct 29 15:56:28 UTC 2020
1 ms. Memory: 51200K Free: 32571K (64%)
ptolemy.util.test.WatchDog.cancel(): canceling Thu Oct 29 15:56:28 UTC 2020
------------------ testing $PTII/ptolemy/domains/de/test/auto/sortWithOpaquePorts.xml
auto.tcl: Setting watchdog for 200 seconds at Thu Oct 29 15:56:28 UTC 2020
2 ms. Memory: 51200K Free: 31862K (62%)
ptolemy.util.test.WatchDog.cancel(): canceling Thu Oct 29 15:56:28 UTC 2020
auto.tcl: Setting watchdog for 200 seconds at Thu Oct 29 15:56:28 UTC 2020
2 ms. Memory: 51200K Free: 30838K (60%)
ptolemy.util.test.WatchDog.cancel(): canceling Thu Oct 29 15:56:28 UTC 2020
------------------ testing $PTII/ptolemy/domains/de/test/auto/transferInputsandOutputs.xml
auto.tcl: Setting watchdog for 200 seconds at Thu Oct 29 15:56:29 UTC 2020
2 ms. Memory: 51200K Free: 29305K (57%)
ptolemy.util.test.WatchDog.cancel(): canceling Thu Oct 29 15:56:29 UTC 2020
auto.tcl: Setting watchdog for 200 seconds at Thu Oct 29 15:56:29 UTC 2020
2 ms. Memory: 51200K Free: 28281K (55%)
ptolemy.util.test.WatchDog.cancel(): canceling Thu Oct 29 15:56:29 UTC 2020
------------------ testing $PTII/ptolemy/domains/de/test/auto/triggerType.xml
auto.tcl: Setting watchdog for 200 seconds at Thu Oct 29 15:56:29 UTC 2020
1 ms. Memory: 51200K Free: 32331K (63%)
ptolemy.util.test.WatchDog.cancel(): canceling Thu Oct 29 15:56:29 UTC 2020
auto.tcl: Setting watchdog for 200 seconds at Thu Oct 29 15:56:29 UTC 2020
1 ms. Memory: 51200K Free: 31307K (61%)
ptolemy.util.test.WatchDog.cancel(): canceling Thu Oct 29 15:56:29 UTC 2020
10/29/20 03:56:29
Failed: 0  Total Tests: 192  ((Passed: 187, Newly Passed: 1)  Known Failed: 5) /home/travis/build/icyphy/ptII/ptolemy/domains/de/test
10/29/20 03:56:29
Failed: 0  Total Tests: 192  ((Passed: 187, Newly Passed: 1)  Known Failed: 5) /home/travis/build/icyphy/ptII/ptolemy/domains/de/test
----------------- testing (KnownFailure) /home/travis/build/icyphy/ptII/ptolemy/domains/de/test/auto/knownFailedTests/DESDFClockTest.xml
2012 ms. Memory: 51200K Free: 25215K (49%)
Known Failure: java.lang.reflect.InvocationTargetException
----------------- testing (KnownFailure) /home/travis/build/icyphy/ptII/ptolemy/domains/de/test/auto/knownFailedTests/DirectFeedback.xml
2 ms. Memory: 51200K Free: 21629K (42%)
Known Failure: java.lang.reflect.InvocationTargetException
----------------- testing (KnownFailure) /home/travis/build/icyphy/ptII/ptolemy/domains/de/test/auto/knownFailedTests/FSMSource.xml
15 ms. Memory: 51200K Free: 13423K (26%)
----------------- testing (KnownFailure) /home/travis/build/icyphy/ptII/ptolemy/domains/de/test/auto/knownFailedTests/HierarchicalModel.xml
2 ms. Memory: 51200K Free: 26464K (52%)
Known Failure: java.lang.reflect.InvocationTargetException
----------------- testing (KnownFailure) /home/travis/build/icyphy/ptII/ptolemy/domains/de/test/auto/knownFailedTests/dependencyLoop.xml
3 ms. Memory: 51200K Free: 11112K (22%)
Known Failure: java.lang.reflect.InvocationTargetException
----------------- testing (KnownFailure) /home/travis/build/icyphy/ptII/ptolemy/domains/de/test/auto/knownFailedTests/dependencyLoop2.xml
3 ms. Memory: 51200K Free: 24793K (48%)
Known Failure: java.lang.reflect.InvocationTargetException
No auto/linux-amd64/*.xml tests in /home/travis/build/icyphy/ptII/ptolemy/domains/de/test
AutoTests.java: About to close Vertx.
AutoTests.java: Vertx closed.

===========================================================================================
----------------- testing Thu Oct 29 15:56:31 UTC 2020 /home/travis/build/icyphy/ptII/ptolemy/domains/de/test/auto/ActorDepthCalculation_actorWithoutPorts.xml
----------------- Instantiating /home/travis/build/icyphy/ptII/ptolemy/domains/de/test/auto/ActorDepthCalculation_actorWithoutPorts.xml
5 ms. Memory: 51200K Free: 17968K (35%)
----------------- Invoking toplevel() on ptolemy.moml.MoMLSimpleApplication@4821d465
----------------- Done invoking toplevel() on ptolemy.moml.MoMLSimpleApplication@4821d465
reloadAllAccessors: .ActorDepthCalculation_actorWithoutPorts

===========================================================================================
----------------- testing Thu Oct 29 15:56:31 UTC 2020 /home/travis/build/icyphy/ptII/ptolemy/domains/de/test/auto/AssemblyLine.xml
----------------- Instantiating /home/travis/build/icyphy/ptII/ptolemy/domains/de/test/auto/AssemblyLine.xml
3 ms. Memory: 51200K Free: 10810K (21%)
----------------- Invoking toplevel() on ptolemy.moml.MoMLSimpleApplication@5a517e5
----------------- Done invoking toplevel() on ptolemy.moml.MoMLSimpleApplication@5a517e5
reloadAllAccessors: .AssemblyLine

===========================================================================================
----------------- testing Thu Oct 29 15:56:31 UTC 2020 /home/travis/build/icyphy/ptII/ptolemy/domains/de/test/auto/CQBug1.xml
----------------- Instantiating /home/travis/build/icyphy/ptII/ptolemy/domains/de/test/auto/CQBug1.xml
1 ms. Memory: 51200K Free: 8008K (16%)
----------------- Invoking toplevel() on ptolemy.moml.MoMLSimpleApplication@2ab90445
----------------- Done invoking toplevel() on ptolemy.moml.MoMLSimpleApplication@2ab90445
reloadAllAccessors: .CQBug1

===========================================================================================
----------------- testing Thu Oct 29 15:56:31 UTC 2020 /home/travis/build/icyphy/ptII/ptolemy/domains/de/test/auto/CancelFireAt.xml
----------------- Instantiating /home/travis/build/icyphy/ptII/ptolemy/domains/de/test/auto/CancelFireAt.xml
9 ms. Memory: 51200K Free: 34417K (67%)
----------------- Invoking toplevel() on ptolemy.moml.MoMLSimpleApplication@b9f21bb
----------------- Done invoking toplevel() on ptolemy.moml.MoMLSimpleApplication@b9f21bb
reloadAllAccessors: .CancelFireAt

===========================================================================================
----------------- testing Thu Oct 29 15:56:31 UTC 2020 /home/travis/build/icyphy/ptII/ptolemy/domains/de/test/auto/CausalityAndComposabilityAnalysis.xml
----------------- Instantiating /home/travis/build/icyphy/ptII/ptolemy/domains/de/test/auto/CausalityAndComposabilityAnalysis.xml
1 ms. Memory: 51200K Free: 30176K (59%)
----------------- Invoking toplevel() on ptolemy.moml.MoMLSimpleApplication@420f538a
----------------- Done invoking toplevel() on ptolemy.moml.MoMLSimpleApplication@420f538a
reloadAllAccessors: .CausalityAndComposabilityAnalysis

===========================================================================================
----------------- testing Thu Oct 29 15:56:31 UTC 2020 /home/travis/build/icyphy/ptII/ptolemy/domains/de/test/auto/CausalityInterface1.xml
----------------- Instantiating /home/travis/build/icyphy/ptII/ptolemy/domains/de/test/auto/CausalityInterface1.xml
6 ms. Memory: 51200K Free: 25056K (49%)
----------------- Invoking toplevel() on ptolemy.moml.MoMLSimpleApplication@737a4810
----------------- Done invoking toplevel() on ptolemy.moml.MoMLSimpleApplication@737a4810
reloadAllAccessors: .CausalityInterface1

===========================================================================================
----------------- testing Thu Oct 29 15:56:31 UTC 2020 /home/travis/build/icyphy/ptII/ptolemy/domains/de/test/auto/CausalityInterface15.xml
----------------- Instantiating /home/travis/build/icyphy/ptII/ptolemy/domains/de/test/auto/CausalityInterface15.xml
2 ms. Memory: 51200K Free: 19516K (38%)
----------------- Invoking toplevel() on ptolemy.moml.MoMLSimpleApplication@9eef35
----------------- Done invoking toplevel() on ptolemy.moml.MoMLSimpleApplication@9eef35
reloadAllAccessors: .CausalityInterface15

===========================================================================================
----------------- testing Thu Oct 29 15:56:31 UTC 2020 /home/travis/build/icyphy/ptII/ptolemy/domains/de/test/auto/CausalityInterface2.xml
----------------- Instantiating /home/travis/build/icyphy/ptII/ptolemy/domains/de/test/auto/CausalityInterface2.xml
2 ms. Memory: 51200K Free: 14784K (29%)
[...]
	at ptolemy.actor.Manager.run(Manager.java:1263)
	at ptolemy.actor.Manager$PtolemyRunThread.run(Manager.java:1933)
java.lang.RuntimeException: Execution failed
	at ptolemy.moml.MoMLSimpleApplication$UnloadThread.run(MoMLSimpleApplication.java:402)
Caused by: ptolemy.kernel.util.IllegalActionException: Actor is not ready to fire.  Perhaps UpSample.prefire() returned false? Try debugging the actor by selecting "Listen to Actor".  Also, for SDF check moml for tokenConsumptionRate on input.
  in .DESDFClockTest.Play Bell.Copy1:SDF Director and .DESDFClockTest.Play Bell.UpSample
	at ptolemy.actor.sched.StaticSchedulingDirector.fire(StaticSchedulingDirector.java:227)
	at ptolemy.domains.sdf.kernel.SDFDirector.fire(SDFDirector.java:500)
	at ptolemy.actor.CompositeActor.fire(CompositeActor.java:455)
	at ptolemy.domains.de.kernel.DEDirector._fire(DEDirector.java:1949)
	at ptolemy.domains.de.kernel.DEDirector.fire(DEDirector.java:502)
	at ptolemy.actor.CompositeActor.fire(CompositeActor.java:455)
	at ptolemy.actor.Manager.iterate(Manager.java:851)
	at ptolemy.actor.Manager.execute(Manager.java:369)
	at ptolemy.actor.Manager.run(Manager.java:1263)
	at ptolemy.actor.Manager$PtolemyRunThread.run(Manager.java:1933)
java.lang.reflect.InvocationTargetException
	at java.base/jdk.internal.reflect.NativeConstructorAccessorImpl.newInstance0(Native Method)
	at java.base/jdk.internal.reflect.NativeConstructorAccessorImpl.newInstance(NativeConstructorAccessorImpl.java:62)
	at java.base/jdk.internal.reflect.DelegatingConstructorAccessorImpl.newInstance(DelegatingConstructorAccessorImpl.java:45)
	at java.base/java.lang.reflect.Constructor.newInstance(Constructor.java:490)
	at ptolemy.util.test.junit.AutoKnownFailedTests.RunModel(AutoKnownFailedTests.java:105)
	at java.base/jdk.internal.reflect.NativeMethodAccessorImpl.invoke0(Native Method)
	at java.base/jdk.internal.reflect.NativeMethodAccessorImpl.invoke(NativeMethodAccessorImpl.java:62)
	at java.base/jdk.internal.reflect.DelegatingMethodAccessorImpl.invoke(DelegatingMethodAccessorImpl.java:43)
	at java.base/java.lang.reflect.Method.invoke(Method.java:566)
	at org.junit.runners.model.FrameworkMethod$1.runReflectiveCall(FrameworkMethod.java:44)
	at org.junit.internal.runners.model.ReflectiveCallable.run(ReflectiveCallable.java:15)
	at org.junit.runners.model.FrameworkMethod.invokeExplosively(FrameworkMethod.java:41)
	at junitparams.internal.InvokeParameterisedMethod.evaluate(InvokeParameterisedMethod.java:102)
	at org.junit.internal.runners.statements.FailOnTimeout$1.run(FailOnTimeout.java:28)
Caused by: ptolemy.kernel.util.IllegalActionException: Actor is not ready to fire.  Perhaps UpSample.prefire() returned false? Try debugging the actor by selecting "Listen to Actor".  Also, for SDF check moml for tokenConsumptionRate on input.
  in .DESDFClockTest.Play Bell.Copy1:SDF Director and .DESDFClockTest.Play Bell.UpSample
	at ptolemy.actor.sched.StaticSchedulingDirector.fire(StaticSchedulingDirector.java:227)
	at ptolemy.domains.sdf.kernel.SDFDirector.fire(SDFDirector.java:500)
	at ptolemy.actor.CompositeActor.fire(CompositeActor.java:455)
	at ptolemy.domains.de.kernel.DEDirector._fire(DEDirector.java:1949)
	at ptolemy.domains.de.kernel.DEDirector.fire(DEDirector.java:502)
	at ptolemy.actor.CompositeActor.fire(CompositeActor.java:455)
	at ptolemy.actor.Manager.iterate(Manager.java:851)
	at ptolemy.actor.Manager.execute(Manager.java:369)
	at ptolemy.actor.Manager.run(Manager.java:1263)
	at ptolemy.actor.Manager$PtolemyRunThread.run(Manager.java:1933)
java.lang.RuntimeException: Execution failed
	at ptolemy.moml.MoMLSimpleApplication$UnloadThread.run(MoMLSimpleApplication.java:402)
Caused by: ptolemy.kernel.util.IllegalActionException: Test fails in iteration 1.
Value was: 1.0. Should have been: 2.0
  in .DirectFeedback.Test
	at ptolemy.actor.lib.Test.fire(Test.java:268)
	at ptolemy.domains.de.kernel.DEDirector._fire(DEDirector.java:1949)
	at ptolemy.domains.de.kernel.DEDirector.fire(DEDirector.java:502)
	at ptolemy.actor.CompositeActor.fire(CompositeActor.java:455)
	at ptolemy.actor.Manager.iterate(Manager.java:851)
	at ptolemy.actor.Manager.execute(Manager.java:369)
	at ptolemy.actor.Manager.run(Manager.java:1263)
	at ptolemy.actor.Manager$PtolemyRunThread.run(Manager.java:1933)
java.lang.reflect.InvocationTargetException
	at java.base/jdk.internal.reflect.NativeConstructorAccessorImpl.newInstance0(Native Method)
	at java.base/jdk.internal.reflect.NativeConstructorAccessorImpl.newInstance(NativeConstructorAccessorImpl.java:62)
	at java.base/jdk.internal.reflect.DelegatingConstructorAccessorImpl.newInstance(DelegatingConstructorAccessorImpl.java:45)
	at java.base/java.lang.reflect.Constructor.newInstance(Constructor.java:490)
	at ptolemy.util.test.junit.AutoKnownFailedTests.RunModel(AutoKnownFailedTests.java:105)
	at java.base/jdk.internal.reflect.NativeMethodAccessorImpl.invoke0(Native Method)
	at java.base/jdk.internal.reflect.NativeMethodAccessorImpl.invoke(NativeMethodAccessorImpl.java:62)
	at java.base/jdk.internal.reflect.DelegatingMethodAccessorImpl.invoke(DelegatingMethodAccessorImpl.java:43)
	at java.base/java.lang.reflect.Method.invoke(Method.java:566)
	at org.junit.runners.model.FrameworkMethod$1.runReflectiveCall(FrameworkMethod.java:44)
	at org.junit.internal.runners.model.ReflectiveCallable.run(ReflectiveCallable.java:15)
	at org.junit.runners.model.FrameworkMethod.invokeExplosively(FrameworkMethod.java:41)
	at junitparams.internal.InvokeParameterisedMethod.evaluate(InvokeParameterisedMethod.java:102)
	at org.junit.internal.runners.statements.FailOnTimeout$1.run(FailOnTimeout.java:28)
Caused by: ptolemy.kernel.util.IllegalActionException: Test fails in iteration 1.
Value was: 1.0. Should have been: 2.0
  in .DirectFeedback.Test
	at ptolemy.actor.lib.Test.fire(Test.java:268)
	at ptolemy.domains.de.kernel.DEDirector._fire(DEDirector.java:1949)
	at ptolemy.domains.de.kernel.DEDirector.fire(DEDirector.java:502)
	at ptolemy.actor.CompositeActor.fire(CompositeActor.java:455)
	at ptolemy.actor.Manager.iterate(Manager.java:851)
	at ptolemy.actor.Manager.execute(Manager.java:369)
	at ptolemy.actor.Manager.run(Manager.java:1263)
	at ptolemy.actor.Manager$PtolemyRunThread.run(Manager.java:1933)
java.lang.RuntimeException: Execution failed
	at ptolemy.moml.MoMLSimpleApplication$UnloadThread.run(MoMLSimpleApplication.java:402)
Caused by: ptolemy.kernel.util.IllegalActionException: Found a zero delay loop containing .HierarchicalModel.A
  in .HierarchicalModel and .HierarchicalModel.A
	at ptolemy.actor.util.CausalityInterfaceForComposites._computeOutputPortDepth(CausalityInterfaceForComposites.java:759)
	at ptolemy.actor.util.CausalityInterfaceForComposites._computeInputDepth(CausalityInterfaceForComposites.java:696)
	at ptolemy.actor.util.CausalityInterfaceForComposites._computeOutputPortDepth(CausalityInterfaceForComposites.java:765)
	at ptolemy.actor.util.CausalityInterfaceForComposites._computeInputDepth(CausalityInterfaceForComposites.java:696)
	at ptolemy.actor.util.CausalityInterfaceForComposites._computeOutputPortDepth(CausalityInterfaceForComposites.java:765)
	at ptolemy.actor.util.CausalityInterfaceForComposites._computeInputDepth(CausalityInterfaceForComposites.java:696)
	at ptolemy.actor.util.CausalityInterfaceForComposites._computeActorDepth(CausalityInterfaceForComposites.java:532)
	at ptolemy.actor.util.CausalityInterfaceForComposites.checkForCycles(CausalityInterfaceForComposites.java:96)
	at ptolemy.domains.de.kernel.DEDirector.preinitialize(DEDirector.java:1338)
	at ptolemy.actor.CompositeActor.preinitialize(CompositeActor.java:1828)
	at ptolemy.actor.Manager.preinitializeAndResolveTypes(Manager.java:1040)
	at ptolemy.actor.Manager.initialize(Manager.java:710)
	at ptolemy.actor.Manager.execute(Manager.java:356)
	at ptolemy.actor.Manager.run(Manager.java:1263)
	at ptolemy.actor.Manager$PtolemyRunThread.run(Manager.java:1933)
java.lang.reflect.InvocationTargetException
	at java.base/jdk.internal.reflect.NativeConstructorAccessorImpl.newInstance0(Native Method)
	at java.base/jdk.internal.reflect.NativeConstructorAccessorImpl.newInstance(NativeConstructorAccessorImpl.java:62)
	at java.base/jdk.internal.reflect.DelegatingConstructorAccessorImpl.newInstance(DelegatingConstructorAccessorImpl.java:45)
	at java.base/java.lang.reflect.Constructor.newInstance(Constructor.java:490)
	at ptolemy.util.test.junit.AutoKnownFailedTests.RunModel(AutoKnownFailedTests.java:105)
	at java.base/jdk.internal.reflect.NativeMethodAccessorImpl.invoke0(Native Method)
	at java.base/jdk.internal.reflect.NativeMethodAccessorImpl.invoke(NativeMethodAccessorImpl.java:62)
	at java.base/jdk.internal.reflect.DelegatingMethodAccessorImpl.invoke(DelegatingMethodAccessorImpl.java:43)
	at java.base/java.lang.reflect.Method.invoke(Method.java:566)
	at org.junit.runners.model.FrameworkMethod$1.runReflectiveCall(FrameworkMethod.java:44)
	at org.junit.internal.runners.model.ReflectiveCallable.run(ReflectiveCallable.java:15)
	at org.junit.runners.model.FrameworkMethod.invokeExplosively(FrameworkMethod.java:41)
	at junitparams.internal.InvokeParameterisedMethod.evaluate(InvokeParameterisedMethod.java:102)
	at org.junit.internal.runners.statements.FailOnTimeout$1.run(FailOnTimeout.java:28)
Caused by: ptolemy.kernel.util.IllegalActionException: Found a zero delay loop containing .HierarchicalModel.A
  in .HierarchicalModel and .HierarchicalModel.A
	at ptolemy.actor.util.CausalityInterfaceForComposites._computeOutputPortDepth(CausalityInterfaceForComposites.java:759)
	at ptolemy.actor.util.CausalityInterfaceForComposites._computeInputDepth(CausalityInterfaceForComposites.java:696)
	at ptolemy.actor.util.CausalityInterfaceForComposites._computeOutputPortDepth(CausalityInterfaceForComposites.java:765)
	at ptolemy.actor.util.CausalityInterfaceForComposites._computeInputDepth(CausalityInterfaceForComposites.java:696)
	at ptolemy.actor.util.CausalityInterfaceForComposites._computeOutputPortDepth(CausalityInterfaceForComposites.java:765)
	at ptolemy.actor.util.CausalityInterfaceForComposites._computeInputDepth(CausalityInterfaceForComposites.java:696)
	at ptolemy.actor.util.CausalityInterfaceForComposites._computeActorDepth(CausalityInterfaceForComposites.java:532)
	at ptolemy.actor.util.CausalityInterfaceForComposites.checkForCycles(CausalityInterfaceForComposites.java:96)
	at ptolemy.domains.de.kernel.DEDirector.preinitialize(DEDirector.java:1338)
	at ptolemy.actor.CompositeActor.preinitialize(CompositeActor.java:1828)
	at ptolemy.actor.Manager.preinitializeAndResolveTypes(Manager.java:1040)
	at ptolemy.actor.Manager.initialize(Manager.java:710)
	at ptolemy.actor.Manager.execute(Manager.java:356)
	at ptolemy.actor.Manager.run(Manager.java:1263)
	at ptolemy.actor.Manager$PtolemyRunThread.run(Manager.java:1933)
java.lang.RuntimeException: Execution failed
	at ptolemy.moml.MoMLSimpleApplication$UnloadThread.run(MoMLSimpleApplication.java:402)
Caused by: ptolemy.kernel.util.IllegalActionException: Found a zero delay loop containing .dependencyLoop.original
  in .dependencyLoop and .dependencyLoop.original
	at ptolemy.actor.util.CausalityInterfaceForComposites._computeOutputPortDepth(CausalityInterfaceForComposites.java:759)
	at ptolemy.actor.util.CausalityInterfaceForComposites._computeInputDepth(CausalityInterfaceForComposites.java:696)
	at ptolemy.actor.util.CausalityInterfaceForComposites._computeOutputPortDepth(CausalityInterfaceForComposites.java:765)
	at ptolemy.actor.util.CausalityInterfaceForComposites._computeInputDepth(CausalityInterfaceForComposites.java:696)
	at ptolemy.actor.util.CausalityInterfaceForComposites._computeOutputPortDepth(CausalityInterfaceForComposites.java:765)
	at ptolemy.actor.util.CausalityInterfaceForComposites._computeInputDepth(CausalityInterfaceForComposites.java:696)
	at ptolemy.actor.util.CausalityInterfaceForComposites._computeActorDepth(CausalityInterfaceForComposites.java:532)
	at ptolemy.actor.util.CausalityInterfaceForComposites.checkForCycles(CausalityInterfaceForComposites.java:96)
	at ptolemy.domains.de.kernel.DEDirector.preinitialize(DEDirector.java:1338)
	at ptolemy.actor.CompositeActor.preinitialize(CompositeActor.java:1828)
	at ptolemy.actor.Manager.preinitializeAndResolveTypes(Manager.java:1040)
	at ptolemy.actor.Manager.initialize(Manager.java:710)
	at ptolemy.actor.Manager.execute(Manager.java:356)
	at ptolemy.actor.Manager.run(Manager.java:1263)
	at ptolemy.actor.Manager$PtolemyRunThread.run(Manager.java:1933)
java.lang.reflect.InvocationTargetException
	at java.base/jdk.internal.reflect.NativeConstructorAccessorImpl.newInstance0(Native Method)
	at java.base/jdk.internal.reflect.NativeConstructorAccessorImpl.newInstance(NativeConstructorAccessorImpl.java:62)
	at java.base/jdk.internal.reflect.DelegatingConstructorAccessorImpl.newInstance(DelegatingConstructorAccessorImpl.java:45)
	at java.base/java.lang.reflect.Constructor.newInstance(Constructor.java:490)
	at ptolemy.util.test.junit.AutoKnownFailedTests.RunModel(AutoKnownFailedTests.java:105)
	at java.base/jdk.internal.reflect.NativeMethodAccessorImpl.invoke0(Native Method)
	at java.base/jdk.internal.reflect.NativeMethodAccessorImpl.invoke(NativeMethodAccessorImpl.java:62)
	at java.base/jdk.internal.reflect.DelegatingMethodAccessorImpl.invoke(DelegatingMethodAccessorImpl.java:43)
	at java.base/java.lang.reflect.Method.invoke(Method.java:566)
	at org.junit.runners.model.FrameworkMethod$1.runReflectiveCall(FrameworkMethod.java:44)
	at org.junit.internal.runners.model.ReflectiveCallable.run(ReflectiveCallable.java:15)
	at org.junit.runners.model.FrameworkMethod.invokeExplosively(FrameworkMethod.java:41)
	at junitparams.internal.InvokeParameterisedMethod.evaluate(InvokeParameterisedMethod.java:102)
	at org.junit.internal.runners.statements.FailOnTimeout$1.run(FailOnTimeout.java:28)
Caused by: ptolemy.kernel.util.IllegalActionException: Found a zero delay loop containing .dependencyLoop.original
  in .dependencyLoop and .dependencyLoop.original
	at ptolemy.actor.util.CausalityInterfaceForComposites._computeOutputPortDepth(CausalityInterfaceForComposites.java:759)
	at ptolemy.actor.util.CausalityInterfaceForComposites._computeInputDepth(CausalityInterfaceForComposites.java:696)
	at ptolemy.actor.util.CausalityInterfaceForComposites._computeOutputPortDepth(CausalityInterfaceForComposites.java:765)
	at ptolemy.actor.util.CausalityInterfaceForComposites._computeInputDepth(CausalityInterfaceForComposites.java:696)
	at ptolemy.actor.util.CausalityInterfaceForComposites._computeOutputPortDepth(CausalityInterfaceForComposites.java:765)
	at ptolemy.actor.util.CausalityInterfaceForComposites._computeInputDepth(CausalityInterfaceForComposites.java:696)
	at ptolemy.actor.util.CausalityInterfaceForComposites._computeActorDepth(CausalityInterfaceForComposites.java:532)
	at ptolemy.actor.util.CausalityInterfaceForComposites.checkForCycles(CausalityInterfaceForComposites.java:96)
	at ptolemy.domains.de.kernel.DEDirector.preinitialize(DEDirector.java:1338)
	at ptolemy.actor.CompositeActor.preinitialize(CompositeActor.java:1828)
	at ptolemy.actor.Manager.preinitializeAndResolveTypes(Manager.java:1040)
	at ptolemy.actor.Manager.initialize(Manager.java:710)
	at ptolemy.actor.Manager.execute(Manager.java:356)
	at ptolemy.actor.Manager.run(Manager.java:1263)
	at ptolemy.actor.Manager$PtolemyRunThread.run(Manager.java:1933)
java.lang.RuntimeException: Execution failed
	at ptolemy.moml.MoMLSimpleApplication$UnloadThread.run(MoMLSimpleApplication.java:402)
Caused by: ptolemy.kernel.util.IllegalActionException: Found a zero delay loop containing .dependencyLoop2.original
  in .dependencyLoop2 and .dependencyLoop2.original
	at ptolemy.actor.util.CausalityInterfaceForComposites._computeOutputPortDepth(CausalityInterfaceForComposites.java:759)
	at ptolemy.actor.util.CausalityInterfaceForComposites._computeInputDepth(CausalityInterfaceForComposites.java:696)
	at ptolemy.actor.util.CausalityInterfaceForComposites._computeOutputPortDepth(CausalityInterfaceForComposites.java:765)
	at ptolemy.actor.util.CausalityInterfaceForComposites._computeInputDepth(CausalityInterfaceForComposites.java:696)
	at ptolemy.actor.util.CausalityInterfaceForComposites._computeOutputPortDepth(CausalityInterfaceForComposites.java:765)
	at ptolemy.actor.util.CausalityInterfaceForComposites._computeInputDepth(CausalityInterfaceForComposites.java:696)
	at ptolemy.actor.util.CausalityInterfaceForComposites._computeActorDepth(CausalityInterfaceForComposites.java:532)
	at ptolemy.actor.util.CausalityInterfaceForComposites.checkForCycles(CausalityInterfaceForComposites.java:96)
	at ptolemy.domains.de.kernel.DEDirector.preinitialize(DEDirector.java:1338)
	at ptolemy.actor.CompositeActor.preinitialize(CompositeActor.java:1828)
	at ptolemy.actor.Manager.preinitializeAndResolveTypes(Manager.java:1040)
	at ptolemy.actor.Manager.initialize(Manager.java:710)
	at ptolemy.actor.Manager.execute(Manager.java:356)
	at ptolemy.actor.Manager.run(Manager.java:1263)
	at ptolemy.actor.Manager$PtolemyRunThread.run(Manager.java:1933)
java.lang.reflect.InvocationTargetException
	at java.base/jdk.internal.reflect.NativeConstructorAccessorImpl.newInstance0(Native Method)
	at java.base/jdk.internal.reflect.NativeConstructorAccessorImpl.newInstance(NativeConstructorAccessorImpl.java:62)
	at java.base/jdk.internal.reflect.DelegatingConstructorAccessorImpl.newInstance(DelegatingConstructorAccessorImpl.java:45)
	at java.base/java.lang.reflect.Constructor.newInstance(Constructor.java:490)
	at ptolemy.util.test.junit.AutoKnownFailedTests.RunModel(AutoKnownFailedTests.java:105)
	at java.base/jdk.internal.reflect.NativeMethodAccessorImpl.invoke0(Native Method)
	at java.base/jdk.internal.reflect.NativeMethodAccessorImpl.invoke(NativeMethodAccessorImpl.java:62)
	at java.base/jdk.internal.reflect.DelegatingMethodAccessorImpl.invoke(DelegatingMethodAccessorImpl.java:43)
	at java.base/java.lang.reflect.Method.invoke(Method.java:566)
	at org.junit.runners.model.FrameworkMethod$1.runReflectiveCall(FrameworkMethod.java:44)
	at org.junit.internal.runners.model.ReflectiveCallable.run(ReflectiveCallable.java:15)
	at org.junit.runners.model.FrameworkMethod.invokeExplosively(FrameworkMethod.java:41)
	at junitparams.internal.InvokeParameterisedMethod.evaluate(InvokeParameterisedMethod.java:102)
	at org.junit.internal.runners.statements.FailOnTimeout$1.run(FailOnTimeout.java:28)
Caused by: ptolemy.kernel.util.IllegalActionException: Found a zero delay loop containing .dependencyLoop2.original
  in .dependencyLoop2 and .dependencyLoop2.original
	at ptolemy.actor.util.CausalityInterfaceForComposites._computeOutputPortDepth(CausalityInterfaceForComposites.java:759)
	at ptolemy.actor.util.CausalityInterfaceForComposites._computeInputDepth(CausalityInterfaceForComposites.java:696)
	at ptolemy.actor.util.CausalityInterfaceForComposites._computeOutputPortDepth(CausalityInterfaceForComposites.java:765)
	at ptolemy.actor.util.CausalityInterfaceForComposites._computeInputDepth(CausalityInterfaceForComposites.java:696)
	at ptolemy.actor.util.CausalityInterfaceForComposites._computeOutputPortDepth(CausalityInterfaceForComposites.java:765)
	at ptolemy.actor.util.CausalityInterfaceForComposites._computeInputDepth(CausalityInterfaceForComposites.java:696)
	at ptolemy.actor.util.CausalityInterfaceForComposites._computeActorDepth(CausalityInterfaceForComposites.java:532)
	at ptolemy.actor.util.CausalityInterfaceForComposites.checkForCycles(CausalityInterfaceForComposites.java:96)
	at ptolemy.domains.de.kernel.DEDirector.preinitialize(DEDirector.java:1338)
	at ptolemy.actor.CompositeActor.preinitialize(CompositeActor.java:1828)
	at ptolemy.actor.Manager.preinitializeAndResolveTypes(Manager.java:1040)
	at ptolemy.actor.Manager.initialize(Manager.java:710)
	at ptolemy.actor.Manager.execute(Manager.java:356)
	at ptolemy.actor.Manager.run(Manager.java:1263)
	at ptolemy.actor.Manager$PtolemyRunThread.run(Manager.java:1933)
]]></system-err>
</testsuite>
