<?xml version="1.0" encoding="UTF-8" ?>
<testsuite errors="0" failures="0" hostname="travis-job-042354b8-f49a-46a4-9584-531bfcbdd35a" name="ptolemy.domains.de.test.junit.JUnitTclTest" skipped="0" tests="101" time="133.631" timestamp="2019-07-27T05:11:02">
  <properties>
[...]
</properties>
  <testcase classname="ptolemy.util.test.junit.TclTests" name="[0] /home/travis/build/icyphy/ptII/ptolemy/domains/de/test/DependencyLoop.tcl (RunTclFile)" time="1.114" />
  <testcase classname="ptolemy.util.test.junit.TclTests" name="[1] /home/travis/build/icyphy/ptII/ptolemy/domains/de/test/RunDETestsAsQSS.tcl (RunTclFile)" time="90.076" />
  <testcase classname="ptolemy.util.test.junit.AutoKnownFailedTests" name="[0] /home/travis/build/icyphy/ptII/ptolemy/domains/de/test/auto/knownFailedTests/DESDFClockTest.xml (RunModel)" time="2.042" />
  <testcase classname="ptolemy.util.test.junit.AutoKnownFailedTests" name="[1] /home/travis/build/icyphy/ptII/ptolemy/domains/de/test/auto/knownFailedTests/DirectFeedback.xml (RunModel)" time="0.02" />
  <testcase classname="ptolemy.util.test.junit.AutoKnownFailedTests" name="[2] /home/travis/build/icyphy/ptII/ptolemy/domains/de/test/auto/knownFailedTests/FSMSource.xml (RunModel)" time="0.046" />
  <testcase classname="ptolemy.util.test.junit.AutoKnownFailedTests" name="[3] /home/travis/build/icyphy/ptII/ptolemy/domains/de/test/auto/knownFailedTests/HierarchicalModel.xml (RunModel)" time="0.058" />
  <testcase classname="ptolemy.util.test.junit.AutoKnownFailedTests" name="[4] /home/travis/build/icyphy/ptII/ptolemy/domains/de/test/auto/knownFailedTests/dependencyLoop.xml (RunModel)" time="0.049" />
  <testcase classname="ptolemy.util.test.junit.AutoKnownFailedTests" name="[5] /home/travis/build/icyphy/ptII/ptolemy/domains/de/test/auto/knownFailedTests/dependencyLoop2.xml (RunModel)" time="0.042" />
  <testcase classname="ptolemy.util.test.junit.AutoNameArchTests" name="[0] ThereAreNoAutoArchTests (RunModel)" time="0.001" />
  <testcase classname="ptolemy.util.test.junit.AutoTests" name="[0] /home/travis/build/icyphy/ptII/ptolemy/domains/de/test/auto/ActorDepthCalculation_actorWithoutPorts.xml (RunModel)" time="0.028" />
  <testcase classname="ptolemy.util.test.junit.AutoTests" name="[1] /home/travis/build/icyphy/ptII/ptolemy/domains/de/test/auto/AssemblyLine.xml (RunModel)" time="0.028" />
  <testcase classname="ptolemy.util.test.junit.AutoTests" name="[2] /home/travis/build/icyphy/ptII/ptolemy/domains/de/test/auto/CQBug1.xml (RunModel)" time="0.014" />
  <testcase classname="ptolemy.util.test.junit.AutoTests" name="[3] /home/travis/build/icyphy/ptII/ptolemy/domains/de/test/auto/CancelFireAt.xml (RunModel)" time="0.024" />
  <testcase classname="ptolemy.util.test.junit.AutoTests" name="[4] /home/travis/build/icyphy/ptII/ptolemy/domains/de/test/auto/CausalityAndComposabilityAnalysis.xml (RunModel)" time="0.026" />
  <testcase classname="ptolemy.util.test.junit.AutoTests" name="[5] /home/travis/build/icyphy/ptII/ptolemy/domains/de/test/auto/CausalityInterface1.xml (RunModel)" time="0.02" />
  <testcase classname="ptolemy.util.test.junit.AutoTests" name="[6] /home/travis/build/icyphy/ptII/ptolemy/domains/de/test/auto/CausalityInterface15.xml (RunModel)" time="0.018" />
  <testcase classname="ptolemy.util.test.junit.AutoTests" name="[7] /home/travis/build/icyphy/ptII/ptolemy/domains/de/test/auto/CausalityInterface2.xml (RunModel)" time="0.013" />
  <testcase classname="ptolemy.util.test.junit.AutoTests" name="[8] /home/travis/build/icyphy/ptII/ptolemy/domains/de/test/auto/CausalityInterface3.xml (RunModel)" time="0.017" />
  <testcase classname="ptolemy.util.test.junit.AutoTests" name="[9] /home/travis/build/icyphy/ptII/ptolemy/domains/de/test/auto/ClockDrift.xml (RunModel)" time="0.04" />
  <testcase classname="ptolemy.util.test.junit.AutoTests" name="[10] /home/travis/build/icyphy/ptII/ptolemy/domains/de/test/auto/ClockDriftAndValueChange.xml (RunModel)" time="0.034" />
  <testcase classname="ptolemy.util.test.junit.AutoTests" name="[11] /home/travis/build/icyphy/ptII/ptolemy/domains/de/test/auto/ClockDriftChange.xml (RunModel)" time="0.034" />
  <testcase classname="ptolemy.util.test.junit.AutoTests" name="[12] /home/travis/build/icyphy/ptII/ptolemy/domains/de/test/auto/ComposableCausalityAnalysis.xml (RunModel)" time="0.014" />
  <testcase classname="ptolemy.util.test.junit.AutoTests" name="[13] /home/travis/build/icyphy/ptII/ptolemy/domains/de/test/auto/DEFixedPointLimitation.xml (RunModel)" time="0.014" />
  <testcase classname="ptolemy.util.test.junit.AutoTests" name="[14] /home/travis/build/icyphy/ptII/ptolemy/domains/de/test/auto/DEScheduleTest.xml (RunModel)" time="0.017" />
  <testcase classname="ptolemy.util.test.junit.AutoTests" name="[15] /home/travis/build/icyphy/ptII/ptolemy/domains/de/test/auto/DEinDEwithStartTimes.xml (RunModel)" time="0.018" />
  <testcase classname="ptolemy.util.test.junit.AutoTests" name="[16] /home/travis/build/icyphy/ptII/ptolemy/domains/de/test/auto/DEinDEwithStartTimes2.xml (RunModel)" time="0.02" />
  <testcase classname="ptolemy.util.test.junit.AutoTests" name="[17] /home/travis/build/icyphy/ptII/ptolemy/domains/de/test/auto/DateDemo.xml (RunModel)" time="0.033" />
  <testcase classname="ptolemy.util.test.junit.AutoTests" name="[18] /home/travis/build/icyphy/ptII/ptolemy/domains/de/test/auto/DateToEvent.xml (RunModel)" time="2.044" />
  <testcase classname="ptolemy.util.test.junit.AutoTests" name="[19] /home/travis/build/icyphy/ptII/ptolemy/domains/de/test/auto/DepthTest1.xml (RunModel)" time="0.008" />
  <testcase classname="ptolemy.util.test.junit.AutoTests" name="[20] /home/travis/build/icyphy/ptII/ptolemy/domains/de/test/auto/DepthTest2.xml (RunModel)" time="0.031" />
  <testcase classname="ptolemy.util.test.junit.AutoTests" name="[21] /home/travis/build/icyphy/ptII/ptolemy/domains/de/test/auto/DepthTest3.xml (RunModel)" time="0.009" />
  <testcase classname="ptolemy.util.test.junit.AutoTests" name="[22] /home/travis/build/icyphy/ptII/ptolemy/domains/de/test/auto/DepthTest4.xml (RunModel)" time="0.018" />
  <testcase classname="ptolemy.util.test.junit.AutoTests" name="[23] /home/travis/build/icyphy/ptII/ptolemy/domains/de/test/auto/DepthTest5.xml (RunModel)" time="0.01" />
  <testcase classname="ptolemy.util.test.junit.AutoTests" name="[24] /home/travis/build/icyphy/ptII/ptolemy/domains/de/test/auto/DepthTest6.xml (RunModel)" time="0.013" />
  <testcase classname="ptolemy.util.test.junit.AutoTests" name="[25] /home/travis/build/icyphy/ptII/ptolemy/domains/de/test/auto/DepthTest7.xml (RunModel)" time="0.015" />
  <testcase classname="ptolemy.util.test.junit.AutoTests" name="[26] /home/travis/build/icyphy/ptII/ptolemy/domains/de/test/auto/EventToDate.xml (RunModel)" time="3.022" />
  <testcase classname="ptolemy.util.test.junit.AutoTests" name="[27] /home/travis/build/icyphy/ptII/ptolemy/domains/de/test/auto/FSM1.xml (RunModel)" time="0.046" />
  <testcase classname="ptolemy.util.test.junit.AutoTests" name="[28] /home/travis/build/icyphy/ptII/ptolemy/domains/de/test/auto/FSM7.xml (RunModel)" time="0.019" />
  <testcase classname="ptolemy.util.test.junit.AutoTests" name="[29] /home/travis/build/icyphy/ptII/ptolemy/domains/de/test/auto/Inspection.xml (RunModel)" time="0.034" />
  <testcase classname="ptolemy.util.test.junit.AutoTests" name="[30] /home/travis/build/icyphy/ptII/ptolemy/domains/de/test/auto/Iteration.xml (RunModel)" time="0.02" />
  <testcase classname="ptolemy.util.test.junit.AutoTests" name="[31] /home/travis/build/icyphy/ptII/ptolemy/domains/de/test/auto/LineFault.xml (RunModel)" time="0.498" />
  <testcase classname="ptolemy.util.test.junit.AutoTests" name="[32] /home/travis/build/icyphy/ptII/ptolemy/domains/de/test/auto/MergeModel1Add.xml (RunModel)" time="0.058" />
  <testcase classname="ptolemy.util.test.junit.AutoTests" name="[33] /home/travis/build/icyphy/ptII/ptolemy/domains/de/test/auto/MergeModel2Add.xml (RunModel)" time="0.046" />
  <testcase classname="ptolemy.util.test.junit.AutoTests" name="[34] /home/travis/build/icyphy/ptII/ptolemy/domains/de/test/auto/MergeModel3Add.xml (RunModel)" time="0.053" />
  <testcase classname="ptolemy.util.test.junit.AutoTests" name="[35] /home/travis/build/icyphy/ptII/ptolemy/domains/de/test/auto/MergeWithoutDiscard.xml (RunModel)" time="0.02" />
  <testcase classname="ptolemy.util.test.junit.AutoTests" name="[36] /home/travis/build/icyphy/ptII/ptolemy/domains/de/test/auto/Modal1.xml (RunModel)" time="0.029" />
  <testcase classname="ptolemy.util.test.junit.AutoTests" name="[37] /home/travis/build/icyphy/ptII/ptolemy/domains/de/test/auto/Modal2.xml (RunModel)" time="0.037" />
  <testcase classname="ptolemy.util.test.junit.AutoTests" name="[38] /home/travis/build/icyphy/ptII/ptolemy/domains/de/test/auto/Modal3.xml (RunModel)" time="0.031" />
  <testcase classname="ptolemy.util.test.junit.AutoTests" name="[39] /home/travis/build/icyphy/ptII/ptolemy/domains/de/test/auto/Modal4.xml (RunModel)" time="0.039" />
  <testcase classname="ptolemy.util.test.junit.AutoTests" name="[40] /home/travis/build/icyphy/ptII/ptolemy/domains/de/test/auto/Modal5.xml (RunModel)" time="0.036" />
  <testcase classname="ptolemy.util.test.junit.AutoTests" name="[41] /home/travis/build/icyphy/ptII/ptolemy/domains/de/test/auto/Modal6.xml (RunModel)" time="0.03" />
  <testcase classname="ptolemy.util.test.junit.AutoTests" name="[42] /home/travis/build/icyphy/ptII/ptolemy/domains/de/test/auto/Modal7.xml (RunModel)" time="0.041" />
  <testcase classname="ptolemy.util.test.junit.AutoTests" name="[43] /home/travis/build/icyphy/ptII/ptolemy/domains/de/test/auto/ModalModel.xml (RunModel)" time="0.205" />
  <testcase classname="ptolemy.util.test.junit.AutoTests" name="[44] /home/travis/build/icyphy/ptII/ptolemy/domains/de/test/auto/ModalSource.xml (RunModel)" time="0.024" />
  <testcase classname="ptolemy.util.test.junit.AutoTests" name="[45] /home/travis/build/icyphy/ptII/ptolemy/domains/de/test/auto/NonInterruptibleTimerZeroDelay.xml (RunModel)" time="0.015" />
  <testcase classname="ptolemy.util.test.junit.AutoTests" name="[46] /home/travis/build/icyphy/ptII/ptolemy/domains/de/test/auto/OpenQueueingNetwork.xml (RunModel)" time="2.395" />
  <testcase classname="ptolemy.util.test.junit.AutoTests" name="[47] /home/travis/build/icyphy/ptII/ptolemy/domains/de/test/auto/OpenQueuingNetwork.xml (RunModel)" time="0.299" />
  <testcase classname="ptolemy.util.test.junit.AutoTests" name="[48] /home/travis/build/icyphy/ptII/ptolemy/domains/de/test/auto/PeriodicSampler.xml (RunModel)" time="0.011" />
  <testcase classname="ptolemy.util.test.junit.AutoTests" name="[49] /home/travis/build/icyphy/ptII/ptolemy/domains/de/test/auto/PersistentIO.xml (RunModel)" time="0.023" />
  <testcase classname="ptolemy.util.test.junit.AutoTests" name="[50] /home/travis/build/icyphy/ptII/ptolemy/domains/de/test/auto/PortParameterResetOnInitialize.xml (RunModel)" time="0.012" />
  <testcase classname="ptolemy.util.test.junit.AutoTests" name="[51] /home/travis/build/icyphy/ptII/ptolemy/domains/de/test/auto/PortParameterUpdates.xml (RunModel)" time="0.02" />
  <testcase classname="ptolemy.util.test.junit.AutoTests" name="[52] /home/travis/build/icyphy/ptII/ptolemy/domains/de/test/auto/QueueAndServer.xml (RunModel)" time="0.027" />
  <testcase classname="ptolemy.util.test.junit.AutoTests" name="[53] /home/travis/build/icyphy/ptII/ptolemy/domains/de/test/auto/Records.xml (RunModel)" time="0.018" />
  <testcase classname="ptolemy.util.test.junit.AutoTests" name="[54] /home/travis/build/icyphy/ptII/ptolemy/domains/de/test/auto/ResetTransitionWithStartTime1.xml (RunModel)" time="0.022" />
  <testcase classname="ptolemy.util.test.junit.AutoTests" name="[55] /home/travis/build/icyphy/ptII/ptolemy/domains/de/test/auto/ResetTransitionWithStartTime2.xml (RunModel)" time="0.027" />
  <testcase classname="ptolemy.util.test.junit.AutoTests" name="[56] /home/travis/build/icyphy/ptII/ptolemy/domains/de/test/auto/ResetTransitionWithStartTime3.xml (RunModel)" time="0.024" />
  <testcase classname="ptolemy.util.test.junit.AutoTests" name="[57] /home/travis/build/icyphy/ptII/ptolemy/domains/de/test/auto/ResetTransitionWithStartTime4.xml (RunModel)" time="0.022" />
  <testcase classname="ptolemy.util.test.junit.AutoTests" name="[58] /home/travis/build/icyphy/ptII/ptolemy/domains/de/test/auto/ResettableTimer1.xml (RunModel)" time="0.009" />
  <testcase classname="ptolemy.util.test.junit.AutoTests" name="[59] /home/travis/build/icyphy/ptII/ptolemy/domains/de/test/auto/ResettableTimer2.xml (RunModel)" time="0.009" />
  <testcase classname="ptolemy.util.test.junit.AutoTests" name="[60] /home/travis/build/icyphy/ptII/ptolemy/domains/de/test/auto/ResettableTimer3.xml (RunModel)" time="0.008" />
  <testcase classname="ptolemy.util.test.junit.AutoTests" name="[61] /home/travis/build/icyphy/ptII/ptolemy/domains/de/test/auto/ResettableTimer4.xml (RunModel)" time="0.012" />
  <testcase classname="ptolemy.util.test.junit.AutoTests" name="[62] /home/travis/build/icyphy/ptII/ptolemy/domains/de/test/auto/ResettableTimer5.xml (RunModel)" time="0.009" />
  <testcase classname="ptolemy.util.test.junit.AutoTests" name="[63] /home/travis/build/icyphy/ptII/ptolemy/domains/de/test/auto/ResettableTimer6.xml (RunModel)" time="0.014" />
  <testcase classname="ptolemy.util.test.junit.AutoTests" name="[64] /home/travis/build/icyphy/ptII/ptolemy/domains/de/test/auto/ServerZeroDelay.xml (RunModel)" time="0.009" />
  <testcase classname="ptolemy.util.test.junit.AutoTests" name="[65] /home/travis/build/icyphy/ptII/ptolemy/domains/de/test/auto/SmartSender.xml (RunModel)" time="3.008" />
  <testcase classname="ptolemy.util.test.junit.AutoTests" name="[66] /home/travis/build/icyphy/ptII/ptolemy/domains/de/test/auto/ThreadedComposite.xml (RunModel)" time="0.128" />
  <testcase classname="ptolemy.util.test.junit.AutoTests" name="[67] /home/travis/build/icyphy/ptII/ptolemy/domains/de/test/auto/Time.xml (RunModel)" time="0.457" />
  <testcase classname="ptolemy.util.test.junit.AutoTests" name="[68] /home/travis/build/icyphy/ptII/ptolemy/domains/de/test/auto/TimeDelayZeroDelay.xml (RunModel)" time="0.016" />
  <testcase classname="ptolemy.util.test.junit.AutoTests" name="[69] /home/travis/build/icyphy/ptII/ptolemy/domains/de/test/auto/TimerZeroDelay.xml (RunModel)" time="0.012" />
  <testcase classname="ptolemy.util.test.junit.AutoTests" name="[70] /home/travis/build/icyphy/ptII/ptolemy/domains/de/test/auto/TimingParadox.xml (RunModel)" time="0.39" />
  <testcase classname="ptolemy.util.test.junit.AutoTests" name="[71] /home/travis/build/icyphy/ptII/ptolemy/domains/de/test/auto/TransferInputs.xml (RunModel)" time="0.015" />
  <testcase classname="ptolemy.util.test.junit.AutoTests" name="[72] /home/travis/build/icyphy/ptII/ptolemy/domains/de/test/auto/TransferOutputs2.xml (RunModel)" time="0.017" />
  <testcase classname="ptolemy.util.test.junit.AutoTests" name="[73] /home/travis/build/icyphy/ptII/ptolemy/domains/de/test/auto/Trilateration.xml (RunModel)" time="13.451" />
  <testcase classname="ptolemy.util.test.junit.AutoTests" name="[74] /home/travis/build/icyphy/ptII/ptolemy/domains/de/test/auto/TwoSigmaDelta.xml (RunModel)" time="2.188" />
  <testcase classname="ptolemy.util.test.junit.AutoTests" name="[75] /home/travis/build/icyphy/ptII/ptolemy/domains/de/test/auto/VariableDelay.xml (RunModel)" time="0.035" />
  <testcase classname="ptolemy.util.test.junit.AutoTests" name="[76] /home/travis/build/icyphy/ptII/ptolemy/domains/de/test/auto/VariableDelay2.xml (RunModel)" time="0.011" />
  <testcase classname="ptolemy.util.test.junit.AutoTests" name="[77] /home/travis/build/icyphy/ptII/ptolemy/domains/de/test/auto/VariableDelayZeroDelay.xml (RunModel)" time="0.013" />
  <testcase classname="ptolemy.util.test.junit.AutoTests" name="[78] /home/travis/build/icyphy/ptII/ptolemy/domains/de/test/auto/VariableDelayZeroDelay2.xml (RunModel)" time="0.011" />
  <testcase classname="ptolemy.util.test.junit.AutoTests" name="[79] /home/travis/build/icyphy/ptII/ptolemy/domains/de/test/auto/deInCt.xml (RunModel)" time="0.016" />
  <testcase classname="ptolemy.util.test.junit.AutoTests" name="[80] /home/travis/build/icyphy/ptII/ptolemy/domains/de/test/auto/deInCt2.xml (RunModel)" time="0.017" />
  <testcase classname="ptolemy.util.test.junit.AutoTests" name="[81] /home/travis/build/icyphy/ptII/ptolemy/domains/de/test/auto/dynamicCausalityInterface1.xml (RunModel)" time="0.016" />
  <testcase classname="ptolemy.util.test.junit.AutoTests" name="[82] /home/travis/build/icyphy/ptII/ptolemy/domains/de/test/auto/fsm_de_test.xml (RunModel)" time="0.022" />
  <testcase classname="ptolemy.util.test.junit.AutoTests" name="[83] /home/travis/build/icyphy/ptII/ptolemy/domains/de/test/auto/functionDependencyReconstruction.xml (RunModel)" time="0.028" />
  <testcase classname="ptolemy.util.test.junit.AutoTests" name="[84] /home/travis/build/icyphy/ptII/ptolemy/domains/de/test/auto/multirate.xml (RunModel)" time="0.032" />
  <testcase classname="ptolemy.util.test.junit.AutoTests" name="[85] /home/travis/build/icyphy/ptII/ptolemy/domains/de/test/auto/multirate2.xml (RunModel)" time="0.015" />
  <testcase classname="ptolemy.util.test.junit.AutoTests" name="[86] /home/travis/build/icyphy/ptII/ptolemy/domains/de/test/auto/realtime.xml (RunModel)" time="10.01" />
  <testcase classname="ptolemy.util.test.junit.AutoTests" name="[87] /home/travis/build/icyphy/ptII/ptolemy/domains/de/test/auto/relationGroup.xml (RunModel)" time="0.01" />
  <testcase classname="ptolemy.util.test.junit.AutoTests" name="[88] /home/travis/build/icyphy/ptII/ptolemy/domains/de/test/auto/relationGroup2.xml (RunModel)" time="0.011" />
  <testcase classname="ptolemy.util.test.junit.AutoTests" name="[89] /home/travis/build/icyphy/ptII/ptolemy/domains/de/test/auto/sortWithOpaquePorts.xml (RunModel)" time="0.008" />
  <testcase classname="ptolemy.util.test.junit.AutoTests" name="[90] /home/travis/build/icyphy/ptII/ptolemy/domains/de/test/auto/transferInputsandOutputs.xml (RunModel)" time="0.016" />
  <testcase classname="ptolemy.util.test.junit.AutoTests" name="[91] /home/travis/build/icyphy/ptII/ptolemy/domains/de/test/auto/triggerType.xml (RunModel)" time="0.011" />
  <system-out><![CDATA[/home/travis/build/icyphy/ptII/ptolemy/domains/de/test/DependencyLoop.tcl
testDefs.tcl: setting time out to 9000 seconds at Sat Jul 27 05:11:03 UTC 2019
85 ms. Memory: 120832K Free: 72134K (60%)
16 ms. Memory: 120832K Free: 54726K (45%)
/home/travis/build/icyphy/ptII/ptolemy/domains/de/test/RunDETestsAsQSS.tcl
Run the DE tests using ptolemy.domains.qss.test.QSSDirectorTest, which extends QSSDirector and prints a message in the constructors.
------------------ testing $PTII/ptolemy/domains/de/test/auto/knownFailedTests/DirectFeedback.xml (Known Failure) 
54 ms. Memory: 120832K Free: 49096K (41%)


==== $PTIIhome/travis/build/icyphy/ptII/ptolemy/domains/de/test/../../../../: Auto Automatic test in file $PTII/ptolemy/domains/de/test/auto/knownFailedTests/DirectFeedback.xml
==== Contents of test case:

	    # FIXME: we should use $relativeFilename here, but it
	    # might have backslashes under Windows, which causes no end
	    # of trouble.
	    createAndExecute $file
	    list {}
	
.... Test generated KNOWN error:
    while executing
ptolemy.kernel.util.IllegalActionException: Test fails in iteration 1.
Value was: 1.0. Should have been: 2.0
  in .DirectFeedback.Test
	at ptolemy.actor.lib.Test.fire(Test.java:268)
	at ptolemy.domains.de.kernel.DEDirector._fire(DEDirector.java:1949)
	at ptolemy.domains.de.kernel.DEDirector.fire(DEDirector.java:502)
	at ptolemy.actor.CompositeActor.fire(CompositeActor.java:455)
	at ptolemy.actor.Manager.iterate(Manager.java:851)
	at ptolemy.actor.Manager.execute(Manager.java:369)
	at ptolemy.actor.Manager.run(Manager.java:1263)
	at ptolemy.actor.Manager$PtolemyRunThread.run(Manager.java:1933)

    while executing
ptolemy.kernel.util.IllegalActionException: Test fails in iteration 1.
Value was: 1.0. Should have been: 2.0
  in .DirectFeedback.Test
    while executing
"java::new ptolemy.moml.MoMLSimpleApplication $file
"
    (procedure "createAndExecute" line 2)
    invoked from within
"createAndExecute $file"
    ("uplevel" body line 5)
    invoked from within
"uplevel $contents_of_test"
------------------ testing $PTII/ptolemy/domains/de/test/auto/knownFailedTests/dependencyLoop.xml (Known Failure) 
9 ms. Memory: 120832K Free: 46024K (38%)


==== $PTIIhome/travis/build/icyphy/ptII/ptolemy/domains/de/test/../../../../: Auto Automatic test in file $PTII/ptolemy/domains/de/test/auto/knownFailedTests/dependencyLoop.xml
==== Contents of test case:

	    # FIXME: we should use $relativeFilename here, but it
	    # might have backslashes under Windows, which causes no end
	    # of trouble.
	    createAndExecute $file
	    list {}
	
.... Test generated KNOWN error:
    while executing
ptolemy.kernel.util.IllegalActionException: Found a zero delay loop containing .dependencyLoop.original
  in .dependencyLoop and .dependencyLoop.original
	at ptolemy.actor.util.CausalityInterfaceForComposites._computeOutputPortDepth(CausalityInterfaceForComposites.java:759)
	at ptolemy.actor.util.CausalityInterfaceForComposites._computeInputDepth(CausalityInterfaceForComposites.java:696)
	at ptolemy.actor.util.CausalityInterfaceForComposites._computeOutputPortDepth(CausalityInterfaceForComposites.java:765)
	at ptolemy.actor.util.CausalityInterfaceForComposites._computeInputDepth(CausalityInterfaceForComposites.java:696)
	at ptolemy.actor.util.CausalityInterfaceForComposites._computeOutputPortDepth(CausalityInterfaceForComposites.java:765)
	at ptolemy.actor.util.CausalityInterfaceForComposites._computeInputDepth(CausalityInterfaceForComposites.java:696)
	at ptolemy.actor.util.CausalityInterfaceForComposites._computeActorDepth(CausalityInterfaceForComposites.java:532)
	at ptolemy.actor.util.CausalityInterfaceForComposites.checkForCycles(CausalityInterfaceForComposites.java:96)
	at ptolemy.domains.de.kernel.DEDirector.preinitialize(DEDirector.java:1338)
	at ptolemy.actor.CompositeActor.preinitialize(CompositeActor.java:1828)
	at ptolemy.actor.Manager.preinitializeAndResolveTypes(Manager.java:1040)
	at ptolemy.actor.Manager.initialize(Manager.java:710)
	at ptolemy.actor.Manager.execute(Manager.java:356)
	at ptolemy.actor.Manager.run(Manager.java:1263)
	at ptolemy.actor.Manager$PtolemyRunThread.run(Manager.java:1933)

    while executing
ptolemy.kernel.util.IllegalActionException: Found a zero delay loop containing .dependencyLoop.original
  in .dependencyLoop and .dependencyLoop.original
    while executing
"java::new ptolemy.moml.MoMLSimpleApplication $file
"
    (procedure "createAndExecute" line 2)
    invoked from within
"createAndExecute $file"
    ("uplevel" body line 5)
    invoked from within
"uplevel $contents_of_test"
------------------ testing $PTII/ptolemy/domains/de/test/auto/knownFailedTests/FSMSource.xml (Known Failure) 
41 ms. Memory: 120832K Free: 99628K (82%)
!!!! Auto was marked as failing, but now passes
------------------ testing $PTII/ptolemy/domains/de/test/auto/knownFailedTests/HierarchicalModel.xml (Known Failure) 
6 ms. Memory: 120832K Free: 82248K (68%)


==== $PTIIhome/travis/build/icyphy/ptII/ptolemy/domains/de/test/../../../../: Auto Automatic test in file $PTII/ptolemy/domains/de/test/auto/knownFailedTests/HierarchicalModel.xml
==== Contents of test case:

	    # FIXME: we should use $relativeFilename here, but it
	    # might have backslashes under Windows, which causes no end
	    # of trouble.
	    createAndExecute $file
	    list {}
	
.... Test generated KNOWN error:
    while executing
ptolemy.kernel.util.IllegalActionException: Found a zero delay loop containing .HierarchicalModel.A
  in .HierarchicalModel and .HierarchicalModel.A
	at ptolemy.actor.util.CausalityInterfaceForComposites._computeOutputPortDepth(CausalityInterfaceForComposites.java:759)
	at ptolemy.actor.util.CausalityInterfaceForComposites._computeInputDepth(CausalityInterfaceForComposites.java:696)
	at ptolemy.actor.util.CausalityInterfaceForComposites._computeOutputPortDepth(CausalityInterfaceForComposites.java:765)
	at ptolemy.actor.util.CausalityInterfaceForComposites._computeInputDepth(CausalityInterfaceForComposites.java:696)
	at ptolemy.actor.util.CausalityInterfaceForComposites._computeOutputPortDepth(CausalityInterfaceForComposites.java:765)
	at ptolemy.actor.util.CausalityInterfaceForComposites._computeInputDepth(CausalityInterfaceForComposites.java:696)
	at ptolemy.actor.util.CausalityInterfaceForComposites._computeActorDepth(CausalityInterfaceForComposites.java:532)
	at ptolemy.actor.util.CausalityInterfaceForComposites.checkForCycles(CausalityInterfaceForComposites.java:96)
	at ptolemy.domains.de.kernel.DEDirector.preinitialize(DEDirector.java:1338)
	at ptolemy.actor.CompositeActor.preinitialize(CompositeActor.java:1828)
	at ptolemy.actor.Manager.preinitializeAndResolveTypes(Manager.java:1040)
	at ptolemy.actor.Manager.initialize(Manager.java:710)
	at ptolemy.actor.Manager.execute(Manager.java:356)
	at ptolemy.actor.Manager.run(Manager.java:1263)
	at ptolemy.actor.Manager$PtolemyRunThread.run(Manager.java:1933)

    while executing
ptolemy.kernel.util.IllegalActionException: Found a zero delay loop containing .HierarchicalModel.A
  in .HierarchicalModel and .HierarchicalModel.A
    while executing
"java::new ptolemy.moml.MoMLSimpleApplication $file
"
    (procedure "createAndExecute" line 2)
    invoked from within
"createAndExecute $file"
    ("uplevel" body line 5)
    invoked from within
"uplevel $contents_of_test"
------------------ testing $PTII/ptolemy/domains/de/test/auto/knownFailedTests/dependencyLoop2.xml (Known Failure) 
11 ms. Memory: 120832K Free: 66356K (55%)


==== $PTIIhome/travis/build/icyphy/ptII/ptolemy/domains/de/test/../../../../: Auto Automatic test in file $PTII/ptolemy/domains/de/test/auto/knownFailedTests/dependencyLoop2.xml
==== Contents of test case:

	    # FIXME: we should use $relativeFilename here, but it
	    # might have backslashes under Windows, which causes no end
	    # of trouble.
	    createAndExecute $file
	    list {}
	
.... Test generated KNOWN error:
    while executing
ptolemy.kernel.util.IllegalActionException: Found a zero delay loop containing .dependencyLoop2.original
  in .dependencyLoop2 and .dependencyLoop2.original
	at ptolemy.actor.util.CausalityInterfaceForComposites._computeOutputPortDepth(CausalityInterfaceForComposites.java:759)
	at ptolemy.actor.util.CausalityInterfaceForComposites._computeInputDepth(CausalityInterfaceForComposites.java:696)
	at ptolemy.actor.util.CausalityInterfaceForComposites._computeOutputPortDepth(CausalityInterfaceForComposites.java:765)
	at ptolemy.actor.util.CausalityInterfaceForComposites._computeInputDepth(CausalityInterfaceForComposites.java:696)
	at ptolemy.actor.util.CausalityInterfaceForComposites._computeOutputPortDepth(CausalityInterfaceForComposites.java:765)
	at ptolemy.actor.util.CausalityInterfaceForComposites._computeInputDepth(CausalityInterfaceForComposites.java:696)
	at ptolemy.actor.util.CausalityInterfaceForComposites._computeActorDepth(CausalityInterfaceForComposites.java:532)
	at ptolemy.actor.util.CausalityInterfaceForComposites.checkForCycles(CausalityInterfaceForComposites.java:96)
	at ptolemy.domains.de.kernel.DEDirector.preinitialize(DEDirector.java:1338)
	at ptolemy.actor.CompositeActor.preinitialize(CompositeActor.java:1828)
	at ptolemy.actor.Manager.preinitializeAndResolveTypes(Manager.java:1040)
	at ptolemy.actor.Manager.initialize(Manager.java:710)
	at ptolemy.actor.Manager.execute(Manager.java:356)
	at ptolemy.actor.Manager.run(Manager.java:1263)
	at ptolemy.actor.Manager$PtolemyRunThread.run(Manager.java:1933)

    while executing
ptolemy.kernel.util.IllegalActionException: Found a zero delay loop containing .dependencyLoop2.original
  in .dependencyLoop2 and .dependencyLoop2.original
    while executing
"java::new ptolemy.moml.MoMLSimpleApplication $file
"
    (procedure "createAndExecute" line 2)
    invoked from within
"createAndExecute $file"
    ("uplevel" body line 5)
    invoked from within
"uplevel $contents_of_test"
------------------ testing $PTII/ptolemy/domains/de/test/auto/knownFailedTests/DESDFClockTest.xml (Known Failure) 
2071 ms. Memory: 120832K Free: 95298K (79%)


==== $PTIIhome/travis/build/icyphy/ptII/ptolemy/domains/de/test/../../../../: Auto Automatic test in file $PTII/ptolemy/domains/de/test/auto/knownFailedTests/DESDFClockTest.xml
==== Contents of test case:

	    # FIXME: we should use $relativeFilename here, but it
	    # might have backslashes under Windows, which causes no end
	    # of trouble.
	    createAndExecute $file
	    list {}
	
.... Test generated KNOWN error:
    while executing
ptolemy.kernel.util.IllegalActionException: Actor is not ready to fire.  Perhaps UpSample.prefire() returned false? Try debugging the actor by selecting "Listen to Actor".  Also, for SDF check moml for tokenConsumptionRate on input.
  in .DESDFClockTest.Play Bell.Copy1:SDF Director and .DESDFClockTest.Play Bell.UpSample
	at ptolemy.actor.sched.StaticSchedulingDirector.fire(StaticSchedulingDirector.java:227)
	at ptolemy.domains.sdf.kernel.SDFDirector.fire(SDFDirector.java:500)
	at ptolemy.actor.CompositeActor.fire(CompositeActor.java:455)
	at ptolemy.domains.de.kernel.DEDirector._fire(DEDirector.java:1949)
	at ptolemy.domains.de.kernel.DEDirector.fire(DEDirector.java:502)
	at ptolemy.actor.CompositeActor.fire(CompositeActor.java:455)
	at ptolemy.actor.Manager.iterate(Manager.java:851)
	at ptolemy.actor.Manager.execute(Manager.java:369)
	at ptolemy.actor.Manager.run(Manager.java:1263)
	at ptolemy.actor.Manager$PtolemyRunThread.run(Manager.java:1933)

    while executing
ptolemy.kernel.util.IllegalActionException: Actor is not ready to fire.  Perhaps UpSample.prefire() returned false? Try debugging the actor by selecting "Listen to Actor".  Also, for SDF check moml for tokenConsumptionRate on input.
  in .DESDFClockTest.Play Bell.Copy1:SDF Director and .DESDFClockTest.Play Bell.UpSample
    while executing
"java::new ptolemy.moml.MoMLSimpleApplication $file
"
    (procedure "createAndExecute" line 2)
    invoked from within
"createAndExecute $file"
    ("uplevel" body line 5)
    invoked from within
"uplevel $contents_of_test"
------------------ testing $PTII/ptolemy/domains/de/test/auto/ActorDepthCalculation_actorWithoutPorts.xml
auto.tcl: Setting watchdog for 200 seconds at Sat Jul 27 05:11:06 UTC 2019
7 ms. Memory: 120832K Free: 88693K (73%)
ptolemy.util.test.WatchDog.cancel(): canceling Sat Jul 27 05:11:06 UTC 2019
auto.tcl: Setting watchdog for 200 seconds at Sat Jul 27 05:11:06 UTC 2019
6 ms. Memory: 120832K Free: 86976K (72%)
ptolemy.util.test.WatchDog.cancel(): canceling Sat Jul 27 05:11:06 UTC 2019
------------------ testing $PTII/ptolemy/domains/de/test/auto/AssemblyLine.xml
auto.tcl: Setting watchdog for 200 seconds at Sat Jul 27 05:11:07 UTC 2019
9 ms. Memory: 48128K Free: 26015K (54%)
ptolemy.util.test.WatchDog.cancel(): canceling Sat Jul 27 05:11:07 UTC 2019
auto.tcl: Setting watchdog for 200 seconds at Sat Jul 27 05:11:07 UTC 2019
9 ms. Memory: 48128K Free: 25331K (53%)
ptolemy.util.test.WatchDog.cancel(): canceling Sat Jul 27 05:11:07 UTC 2019
------------------ testing $PTII/ptolemy/domains/de/test/auto/CQBug1.xml
auto.tcl: Setting watchdog for 200 seconds at Sat Jul 27 05:11:07 UTC 2019
3 ms. Memory: 48128K Free: 31488K (65%)
ptolemy.util.test.WatchDog.cancel(): canceling Sat Jul 27 05:11:07 UTC 2019
auto.tcl: Setting watchdog for 200 seconds at Sat Jul 27 05:11:07 UTC 2019
3 ms. Memory: 48128K Free: 31058K (65%)
ptolemy.util.test.WatchDog.cancel(): canceling Sat Jul 27 05:11:07 UTC 2019
------------------ testing $PTII/ptolemy/domains/de/test/auto/CancelFireAt.xml
auto.tcl: Setting watchdog for 200 seconds at Sat Jul 27 05:11:07 UTC 2019
3 ms. Memory: 45056K Free: 29727K (66%)
ptolemy.util.test.WatchDog.cancel(): canceling Sat Jul 27 05:11:07 UTC 2019
auto.tcl: Setting watchdog for 200 seconds at Sat Jul 27 05:11:07 UTC 2019
3 ms. Memory: 45056K Free: 29324K (65%)
ptolemy.util.test.WatchDog.cancel(): canceling Sat Jul 27 05:11:07 UTC 2019
------------------ testing $PTII/ptolemy/domains/de/test/auto/CausalityAndComposabilityAnalysis.xml
auto.tcl: Setting watchdog for 200 seconds at Sat Jul 27 05:11:07 UTC 2019
16 ms. Memory: 45056K Free: 27461K (61%)
ptolemy.util.test.WatchDog.cancel(): canceling Sat Jul 27 05:11:07 UTC 2019
auto.tcl: Setting watchdog for 200 seconds at Sat Jul 27 05:11:07 UTC 2019
6 ms. Memory: 45056K Free: 27034K (60%)
ptolemy.util.test.WatchDog.cancel(): canceling Sat Jul 27 05:11:07 UTC 2019
------------------ testing $PTII/ptolemy/domains/de/test/auto/CausalityInterface1.xml
auto.tcl: Setting watchdog for 200 seconds at Sat Jul 27 05:11:07 UTC 2019
20 ms. Memory: 45056K Free: 26350K (58%)
ptolemy.util.test.WatchDog.cancel(): canceling Sat Jul 27 05:11:07 UTC 2019
auto.tcl: Setting watchdog for 200 seconds at Sat Jul 27 05:11:07 UTC 2019
3 ms. Memory: 45056K Free: 25392K (56%)
ptolemy.util.test.WatchDog.cancel(): canceling Sat Jul 27 05:11:07 UTC 2019
------------------ testing $PTII/ptolemy/domains/de/test/auto/CausalityInterface15.xml
auto.tcl: Setting watchdog for 200 seconds at Sat Jul 27 05:11:07 UTC 2019
10 ms. Memory: 45056K Free: 26550K (59%)
ptolemy.util.test.WatchDog.cancel(): canceling Sat Jul 27 05:11:08 UTC 2019
auto.tcl: Setting watchdog for 200 seconds at Sat Jul 27 05:11:08 UTC 2019
7 ms. Memory: 45056K Free: 25371K (56%)
ptolemy.util.test.WatchDog.cancel(): canceling Sat Jul 27 05:11:08 UTC 2019
------------------ testing $PTII/ptolemy/domains/de/test/auto/CausalityInterface2.xml
auto.tcl: Setting watchdog for 200 seconds at Sat Jul 27 05:11:08 UTC 2019
6 ms. Memory: 45056K Free: 27100K (60%)
ptolemy.util.test.WatchDog.cancel(): canceling Sat Jul 27 05:11:08 UTC 2019
auto.tcl: Setting watchdog for 200 seconds at Sat Jul 27 05:11:08 UTC 2019
3 ms. Memory: 45056K Free: 26344K (58%)
ptolemy.util.test.WatchDog.cancel(): canceling Sat Jul 27 05:11:08 UTC 2019
------------------ testing $PTII/ptolemy/domains/de/test/auto/CausalityInterface3.xml
auto.tcl: Setting watchdog for 200 seconds at Sat Jul 27 05:11:08 UTC 2019
6 ms. Memory: 45056K Free: 26562K (59%)
ptolemy.util.test.WatchDog.cancel(): canceling Sat Jul 27 05:11:08 UTC 2019
auto.tcl: Setting watchdog for 200 seconds at Sat Jul 27 05:11:08 UTC 2019
3 ms. Memory: 45056K Free: 25765K (57%)
ptolemy.util.test.WatchDog.cancel(): canceling Sat Jul 27 05:11:08 UTC 2019
------------------ testing $PTII/ptolemy/domains/de/test/auto/ClockDrift.xml
auto.tcl: Setting watchdog for 200 seconds at Sat Jul 27 05:11:08 UTC 2019
70 ms. Memory: 45056K Free: 19156K (43%)
ptolemy.util.test.WatchDog.cancel(): canceling Sat Jul 27 05:11:08 UTC 2019
auto.tcl: Setting watchdog for 200 seconds at Sat Jul 27 05:11:08 UTC 2019
67 ms. Memory: 45056K Free: 16140K (36%)
ptolemy.util.test.WatchDog.cancel(): canceling Sat Jul 27 05:11:08 UTC 2019
------------------ testing $PTII/ptolemy/domains/de/test/auto/ClockDriftAndValueChange.xml
auto.tcl: Setting watchdog for 200 seconds at Sat Jul 27 05:11:08 UTC 2019
49 ms. Memory: 45056K Free: 19227K (43%)
ptolemy.util.test.WatchDog.cancel(): canceling Sat Jul 27 05:11:08 UTC 2019
auto.tcl: Setting watchdog for 200 seconds at Sat Jul 27 05:11:08 UTC 2019
32 ms. Memory: 45056K Free: 16383K (36%)
ptolemy.util.test.WatchDog.cancel(): canceling Sat Jul 27 05:11:08 UTC 2019
------------------ testing $PTII/ptolemy/domains/de/test/auto/ClockDriftChange.xml
auto.tcl: Setting watchdog for 200 seconds at Sat Jul 27 05:11:08 UTC 2019
27 ms. Memory: 45056K Free: 21271K (47%)
ptolemy.util.test.WatchDog.cancel(): canceling Sat Jul 27 05:11:08 UTC 2019
auto.tcl: Setting watchdog for 200 seconds at Sat Jul 27 05:11:08 UTC 2019
21 ms. Memory: 45056K Free: 18714K (42%)
ptolemy.util.test.WatchDog.cancel(): canceling Sat Jul 27 05:11:08 UTC 2019
------------------ testing $PTII/ptolemy/domains/de/test/auto/ComposableCausalityAnalysis.xml
auto.tcl: Setting watchdog for 200 seconds at Sat Jul 27 05:11:08 UTC 2019
2 ms. Memory: 45056K Free: 25877K (57%)
ptolemy.util.test.WatchDog.cancel(): canceling Sat Jul 27 05:11:08 UTC 2019
auto.tcl: Setting watchdog for 200 seconds at Sat Jul 27 05:11:08 UTC 2019
5 ms. Memory: 45056K Free: 24843K (55%)
ptolemy.util.test.WatchDog.cancel(): canceling Sat Jul 27 05:11:08 UTC 2019
------------------ testing $PTII/ptolemy/domains/de/test/auto/DEFixedPointLimitation.xml
auto.tcl: Setting watchdog for 200 seconds at Sat Jul 27 05:11:08 UTC 2019
4 ms. Memory: 45056K Free: 27278K (61%)
ptolemy.util.test.WatchDog.cancel(): canceling Sat Jul 27 05:11:08 UTC 2019
auto.tcl: Setting watchdog for 200 seconds at Sat Jul 27 05:11:08 UTC 2019
1 ms. Memory: 45056K Free: 26357K (58%)
ptolemy.util.test.WatchDog.cancel(): canceling Sat Jul 27 05:11:08 UTC 2019
------------------ testing $PTII/ptolemy/domains/de/test/auto/DEScheduleTest.xml
auto.tcl: Setting watchdog for 200 seconds at Sat Jul 27 05:11:09 UTC 2019
4 ms. Memory: 45056K Free: 27546K (61%)
ptolemy.util.test.WatchDog.cancel(): canceling Sat Jul 27 05:11:09 UTC 2019
auto.tcl: Setting watchdog for 200 seconds at Sat Jul 27 05:11:09 UTC 2019
3 ms. Memory: 45056K Free: 26788K (59%)
ptolemy.util.test.WatchDog.cancel(): canceling Sat Jul 27 05:11:09 UTC 2019
------------------ testing $PTII/ptolemy/domains/de/test/auto/DEinDEwithStartTimes.xml
auto.tcl: Setting watchdog for 200 seconds at Sat Jul 27 05:11:09 UTC 2019
11 ms. Memory: 45056K Free: 25701K (57%)
ptolemy.util.test.WatchDog.cancel(): canceling Sat Jul 27 05:11:09 UTC 2019
auto.tcl: Setting watchdog for 200 seconds at Sat Jul 27 05:11:09 UTC 2019
3 ms. Memory: 45056K Free: 24309K (54%)
ptolemy.util.test.WatchDog.cancel(): canceling Sat Jul 27 05:11:09 UTC 2019
------------------ testing $PTII/ptolemy/domains/de/test/auto/DEinDEwithStartTimes2.xml
auto.tcl: Setting watchdog for 200 seconds at Sat Jul 27 05:11:09 UTC 2019
4 ms. Memory: 45056K Free: 24953K (55%)
ptolemy.util.test.WatchDog.cancel(): canceling Sat Jul 27 05:11:09 UTC 2019
auto.tcl: Setting watchdog for 200 seconds at Sat Jul 27 05:11:09 UTC 2019
5 ms. Memory: 45056K Free: 23629K (52%)
ptolemy.util.test.WatchDog.cancel(): canceling Sat Jul 27 05:11:09 UTC 2019
------------------ testing $PTII/ptolemy/domains/de/test/auto/DateDemo.xml
auto.tcl: Setting watchdog for 200 seconds at Sat Jul 27 05:11:09 UTC 2019
13 ms. Memory: 45056K Free: 19281K (43%)
ptolemy.util.test.WatchDog.cancel(): canceling Sat Jul 27 05:11:09 UTC 2019
auto.tcl: Setting watchdog for 200 seconds at Sat Jul 27 05:11:09 UTC 2019
6 ms. Memory: 45056K Free: 17756K (39%)
ptolemy.util.test.WatchDog.cancel(): canceling Sat Jul 27 05:11:09 UTC 2019
------------------ testing $PTII/ptolemy/domains/de/test/auto/DateToEvent.xml
auto.tcl: Setting watchdog for 200 seconds at Sat Jul 27 05:11:09 UTC 2019
2013 ms. Memory: 45056K Free: 15194K (34%)
ptolemy.util.test.WatchDog.cancel(): canceling Sat Jul 27 05:11:11 UTC 2019
auto.tcl: Setting watchdog for 200 seconds at Sat Jul 27 05:11:11 UTC 2019
2013 ms. Memory: 45056K Free: 14450K (32%)
ptolemy.util.test.WatchDog.cancel(): canceling Sat Jul 27 05:11:13 UTC 2019
------------------ testing $PTII/ptolemy/domains/de/test/auto/DepthTest1.xml
auto.tcl: Setting watchdog for 200 seconds at Sat Jul 27 05:11:13 UTC 2019
2 ms. Memory: 45056K Free: 28461K (63%)
ptolemy.util.test.WatchDog.cancel(): canceling Sat Jul 27 05:11:13 UTC 2019
auto.tcl: Setting watchdog for 200 seconds at Sat Jul 27 05:11:13 UTC 2019
1 ms. Memory: 45056K Free: 27969K (62%)
ptolemy.util.test.WatchDog.cancel(): canceling Sat Jul 27 05:11:13 UTC 2019
------------------ testing $PTII/ptolemy/domains/de/test/auto/DepthTest2.xml
auto.tcl: Setting watchdog for 200 seconds at Sat Jul 27 05:11:13 UTC 2019
3 ms. Memory: 45056K Free: 25202K (56%)
ptolemy.util.test.WatchDog.cancel(): canceling Sat Jul 27 05:11:13 UTC 2019
auto.tcl: Setting watchdog for 200 seconds at Sat Jul 27 05:11:13 UTC 2019
6 ms. Memory: 45056K Free: 24807K (55%)
ptolemy.util.test.WatchDog.cancel(): canceling Sat Jul 27 05:11:13 UTC 2019
------------------ testing $PTII/ptolemy/domains/de/test/auto/DepthTest3.xml
auto.tcl: Setting watchdog for 200 seconds at Sat Jul 27 05:11:13 UTC 2019
6 ms. Memory: 45056K Free: 28671K (64%)
ptolemy.util.test.WatchDog.cancel(): canceling Sat Jul 27 05:11:13 UTC 2019
auto.tcl: Setting watchdog for 200 seconds at Sat Jul 27 05:11:13 UTC 2019
2 ms. Memory: 45056K Free: 28260K (63%)
ptolemy.util.test.WatchDog.cancel(): canceling Sat Jul 27 05:11:13 UTC 2019
------------------ testing $PTII/ptolemy/domains/de/test/auto/DepthTest4.xml
auto.tcl: Setting watchdog for 200 seconds at Sat Jul 27 05:11:13 UTC 2019
10 ms. Memory: 45056K Free: 27029K (60%)
ptolemy.util.test.WatchDog.cancel(): canceling Sat Jul 27 05:11:13 UTC 2019
auto.tcl: Setting watchdog for 200 seconds at Sat Jul 27 05:11:13 UTC 2019
2 ms. Memory: 45056K Free: 26287K (58%)
ptolemy.util.test.WatchDog.cancel(): canceling Sat Jul 27 05:11:13 UTC 2019
------------------ testing $PTII/ptolemy/domains/de/test/auto/DepthTest5.xml
auto.tcl: Setting watchdog for 200 seconds at Sat Jul 27 05:11:13 UTC 2019
3 ms. Memory: 45056K Free: 26430K (59%)
ptolemy.util.test.WatchDog.cancel(): canceling Sat Jul 27 05:11:13 UTC 2019
auto.tcl: Setting watchdog for 200 seconds at Sat Jul 27 05:11:13 UTC 2019
3 ms. Memory: 45056K Free: 25633K (57%)
ptolemy.util.test.WatchDog.cancel(): canceling Sat Jul 27 05:11:13 UTC 2019
------------------ testing $PTII/ptolemy/domains/de/test/auto/DepthTest6.xml
auto.tcl: Setting watchdog for 200 seconds at Sat Jul 27 05:11:13 UTC 2019
6 ms. Memory: 45056K Free: 26160K (58%)
ptolemy.util.test.WatchDog.cancel(): canceling Sat Jul 27 05:11:13 UTC 2019
auto.tcl: Setting watchdog for 200 seconds at Sat Jul 27 05:11:13 UTC 2019
4 ms. Memory: 45056K Free: 25610K (57%)
ptolemy.util.test.WatchDog.cancel(): canceling Sat Jul 27 05:11:13 UTC 2019
------------------ testing $PTII/ptolemy/domains/de/test/auto/DepthTest7.xml
auto.tcl: Setting watchdog for 200 seconds at Sat Jul 27 05:11:14 UTC 2019
2 ms. Memory: 45056K Free: 26953K (60%)
ptolemy.util.test.WatchDog.cancel(): canceling Sat Jul 27 05:11:14 UTC 2019
auto.tcl: Setting watchdog for 200 seconds at Sat Jul 27 05:11:14 UTC 2019
2 ms. Memory: 45056K Free: 26220K (58%)
ptolemy.util.test.WatchDog.cancel(): canceling Sat Jul 27 05:11:14 UTC 2019
------------------ testing $PTII/ptolemy/domains/de/test/auto/EventToDate.xml
auto.tcl: Setting watchdog for 200 seconds at Sat Jul 27 05:11:14 UTC 2019
3008 ms. Memory: 45056K Free: 17534K (39%)
ptolemy.util.test.WatchDog.cancel(): canceling Sat Jul 27 05:11:17 UTC 2019
auto.tcl: Setting watchdog for 200 seconds at Sat Jul 27 05:11:17 UTC 2019
3005 ms. Memory: 45056K Free: 17047K (38%)
ptolemy.util.test.WatchDog.cancel(): canceling Sat Jul 27 05:11:20 UTC 2019
------------------ testing $PTII/ptolemy/domains/de/test/auto/FSM1.xml
auto.tcl: Setting watchdog for 200 seconds at Sat Jul 27 05:11:20 UTC 2019
30 ms. Memory: 45056K Free: 18959K (42%)
ptolemy.util.test.WatchDog.cancel(): canceling Sat Jul 27 05:11:20 UTC 2019
auto.tcl: Setting watchdog for 200 seconds at Sat Jul 27 05:11:20 UTC 2019
18 ms. Memory: 45056K Free: 15309K (34%)
ptolemy.util.test.WatchDog.cancel(): canceling Sat Jul 27 05:11:20 UTC 2019
------------------ testing $PTII/ptolemy/domains/de/test/auto/FSM7.xml
auto.tcl: Setting watchdog for 200 seconds at Sat Jul 27 05:11:20 UTC 2019
27 ms. Memory: 45056K Free: 18677K (41%)
ptolemy.util.test.WatchDog.cancel(): canceling Sat Jul 27 05:11:20 UTC 2019
auto.tcl: Setting watchdog for 200 seconds at Sat Jul 27 05:11:20 UTC 2019
18 ms. Memory: 45056K Free: 15276K (34%)
ptolemy.util.test.WatchDog.cancel(): canceling Sat Jul 27 05:11:20 UTC 2019
------------------ testing $PTII/ptolemy/domains/de/test/auto/Inspection.xml
auto.tcl: Setting watchdog for 200 seconds at Sat Jul 27 05:11:20 UTC 2019
40 ms. Memory: 45056K Free: 18681K (41%)
ptolemy.util.test.WatchDog.cancel(): canceling Sat Jul 27 05:11:20 UTC 2019
auto.tcl: Setting watchdog for 200 seconds at Sat Jul 27 05:11:20 UTC 2019
38 ms. Memory: 45056K Free: 16941K (38%)
ptolemy.util.test.WatchDog.cancel(): canceling Sat Jul 27 05:11:20 UTC 2019
------------------ testing $PTII/ptolemy/domains/de/test/auto/Iteration.xml
auto.tcl: Setting watchdog for 200 seconds at Sat Jul 27 05:11:20 UTC 2019
10 ms. Memory: 45056K Free: 24421K (54%)
ptolemy.util.test.WatchDog.cancel(): canceling Sat Jul 27 05:11:20 UTC 2019
auto.tcl: Setting watchdog for 200 seconds at Sat Jul 27 05:11:20 UTC 2019
7 ms. Memory: 45056K Free: 23014K (51%)
ptolemy.util.test.WatchDog.cancel(): canceling Sat Jul 27 05:11:20 UTC 2019
------------------ testing $PTII/ptolemy/domains/de/test/auto/LineFault.xml
auto.tcl: Setting watchdog for 200 seconds at Sat Jul 27 05:11:20 UTC 2019
685 ms. Memory: 54272K Free: 21293K (39%)
ptolemy.util.test.WatchDog.cancel(): canceling Sat Jul 27 05:11:21 UTC 2019
auto.tcl: Setting watchdog for 200 seconds at Sat Jul 27 05:11:21 UTC 2019
587 ms. Memory: 54272K Free: 34554K (64%)
ptolemy.util.test.WatchDog.cancel(): canceling Sat Jul 27 05:11:22 UTC 2019
------------------ testing $PTII/ptolemy/domains/de/test/auto/MergeModel1Add.xml
auto.tcl: Setting watchdog for 200 seconds at Sat Jul 27 05:11:22 UTC 2019
18 ms. Memory: 51200K Free: 16533K (32%)
ptolemy.util.test.WatchDog.cancel(): canceling Sat Jul 27 05:11:22 UTC 2019
auto.tcl: Setting watchdog for 200 seconds at Sat Jul 27 05:11:22 UTC 2019
11 ms. Memory: 51200K Free: 14903K (29%)
ptolemy.util.test.WatchDog.cancel(): canceling Sat Jul 27 05:11:22 UTC 2019
------------------ testing $PTII/ptolemy/domains/de/test/auto/MergeModel2Add.xml
auto.tcl: Setting watchdog for 200 seconds at Sat Jul 27 05:11:22 UTC 2019
9 ms. Memory: 51200K Free: 18328K (36%)
ptolemy.util.test.WatchDog.cancel(): canceling Sat Jul 27 05:11:22 UTC 2019
auto.tcl: Setting watchdog for 200 seconds at Sat Jul 27 05:11:22 UTC 2019
9 ms. Memory: 51200K Free: 16614K (32%)
ptolemy.util.test.WatchDog.cancel(): canceling Sat Jul 27 05:11:22 UTC 2019
------------------ testing $PTII/ptolemy/domains/de/test/auto/MergeModel3Add.xml
auto.tcl: Setting watchdog for 200 seconds at Sat Jul 27 05:11:22 UTC 2019
9 ms. Memory: 51200K Free: 18560K (36%)
ptolemy.util.test.WatchDog.cancel(): canceling Sat Jul 27 05:11:22 UTC 2019
auto.tcl: Setting watchdog for 200 seconds at Sat Jul 27 05:11:22 UTC 2019
7 ms. Memory: 51200K Free: 17060K (33%)
ptolemy.util.test.WatchDog.cancel(): canceling Sat Jul 27 05:11:22 UTC 2019
------------------ testing $PTII/ptolemy/domains/de/test/auto/MergeWithoutDiscard.xml
auto.tcl: Setting watchdog for 200 seconds at Sat Jul 27 05:11:22 UTC 2019
2 ms. Memory: 51200K Free: 32935K (64%)
ptolemy.util.test.WatchDog.cancel(): canceling Sat Jul 27 05:11:22 UTC 2019
auto.tcl: Setting watchdog for 200 seconds at Sat Jul 27 05:11:22 UTC 2019
1 ms. Memory: 51200K Free: 32499K (63%)
ptolemy.util.test.WatchDog.cancel(): canceling Sat Jul 27 05:11:22 UTC 2019
------------------ testing $PTII/ptolemy/domains/de/test/auto/Modal1.xml
auto.tcl: Setting watchdog for 200 seconds at Sat Jul 27 05:11:22 UTC 2019
23 ms. Memory: 48128K Free: 22237K (46%)
ptolemy.util.test.WatchDog.cancel(): canceling Sat Jul 27 05:11:22 UTC 2019
auto.tcl: Setting watchdog for 200 seconds at Sat Jul 27 05:11:22 UTC 2019
27 ms. Memory: 48128K Free: 19000K (39%)
ptolemy.util.test.WatchDog.cancel(): canceling Sat Jul 27 05:11:22 UTC 2019
------------------ testing $PTII/ptolemy/domains/de/test/auto/Modal2.xml
auto.tcl: Setting watchdog for 200 seconds at Sat Jul 27 05:11:22 UTC 2019
11 ms. Memory: 48128K Free: 22126K (46%)
ptolemy.util.test.WatchDog.cancel(): canceling Sat Jul 27 05:11:23 UTC 2019
auto.tcl: Setting watchdog for 200 seconds at Sat Jul 27 05:11:23 UTC 2019
16 ms. Memory: 48128K Free: 18893K (39%)
ptolemy.util.test.WatchDog.cancel(): canceling Sat Jul 27 05:11:23 UTC 2019
------------------ testing $PTII/ptolemy/domains/de/test/auto/Modal3.xml
auto.tcl: Setting watchdog for 200 seconds at Sat Jul 27 05:11:23 UTC 2019
14 ms. Memory: 48128K Free: 22087K (46%)
ptolemy.util.test.WatchDog.cancel(): canceling Sat Jul 27 05:11:23 UTC 2019
auto.tcl: Setting watchdog for 200 seconds at Sat Jul 27 05:11:23 UTC 2019
14 ms. Memory: 48128K Free: 18490K (38%)
ptolemy.util.test.WatchDog.cancel(): canceling Sat Jul 27 05:11:23 UTC 2019
------------------ testing $PTII/ptolemy/domains/de/test/auto/Modal4.xml
auto.tcl: Setting watchdog for 200 seconds at Sat Jul 27 05:11:23 UTC 2019
27 ms. Memory: 48128K Free: 21086K (44%)
ptolemy.util.test.WatchDog.cancel(): canceling Sat Jul 27 05:11:23 UTC 2019
auto.tcl: Setting watchdog for 200 seconds at Sat Jul 27 05:11:23 UTC 2019
30 ms. Memory: 48128K Free: 17239K (36%)
ptolemy.util.test.WatchDog.cancel(): canceling Sat Jul 27 05:11:23 UTC 2019
------------------ testing $PTII/ptolemy/domains/de/test/auto/Modal5.xml
auto.tcl: Setting watchdog for 200 seconds at Sat Jul 27 05:11:23 UTC 2019
13 ms. Memory: 48128K Free: 21055K (44%)
ptolemy.util.test.WatchDog.cancel(): canceling Sat Jul 27 05:11:23 UTC 2019
auto.tcl: Setting watchdog for 200 seconds at Sat Jul 27 05:11:23 UTC 2019
15 ms. Memory: 48128K Free: 17226K (36%)
ptolemy.util.test.WatchDog.cancel(): canceling Sat Jul 27 05:11:23 UTC 2019
------------------ testing $PTII/ptolemy/domains/de/test/auto/Modal6.xml
auto.tcl: Setting watchdog for 200 seconds at Sat Jul 27 05:11:23 UTC 2019
12 ms. Memory: 48128K Free: 21862K (45%)
ptolemy.util.test.WatchDog.cancel(): canceling Sat Jul 27 05:11:23 UTC 2019
auto.tcl: Setting watchdog for 200 seconds at Sat Jul 27 05:11:23 UTC 2019
14 ms. Memory: 48128K Free: 17888K (37%)
ptolemy.util.test.WatchDog.cancel(): canceling Sat Jul 27 05:11:23 UTC 2019
------------------ testing $PTII/ptolemy/domains/de/test/auto/Modal7.xml
auto.tcl: Setting watchdog for 200 seconds at Sat Jul 27 05:11:23 UTC 2019
14 ms. Memory: 48128K Free: 20861K (43%)
ptolemy.util.test.WatchDog.cancel(): canceling Sat Jul 27 05:11:23 UTC 2019
auto.tcl: Setting watchdog for 200 seconds at Sat Jul 27 05:11:23 UTC 2019
12 ms. Memory: 48128K Free: 17243K (36%)
ptolemy.util.test.WatchDog.cancel(): canceling Sat Jul 27 05:11:23 UTC 2019
------------------ testing $PTII/ptolemy/domains/de/test/auto/ModalModel.xml
auto.tcl: Setting watchdog for 200 seconds at Sat Jul 27 05:11:23 UTC 2019
216 ms. Memory: 62464K Free: 23129K (37%)
ptolemy.util.test.WatchDog.cancel(): canceling Sat Jul 27 05:11:23 UTC 2019
auto.tcl: Setting watchdog for 200 seconds at Sat Jul 27 05:11:23 UTC 2019
197 ms. Memory: 62464K Free: 21683K (35%)
ptolemy.util.test.WatchDog.cancel(): canceling Sat Jul 27 05:11:24 UTC 2019
------------------ testing $PTII/ptolemy/domains/de/test/auto/ModalSource.xml
auto.tcl: Setting watchdog for 200 seconds at Sat Jul 27 05:11:24 UTC 2019
10 ms. Memory: 51200K Free: 28727K (56%)
ptolemy.util.test.WatchDog.cancel(): canceling Sat Jul 27 05:11:24 UTC 2019
auto.tcl: Setting watchdog for 200 seconds at Sat Jul 27 05:11:24 UTC 2019
6 ms. Memory: 51200K Free: 26679K (52%)
ptolemy.util.test.WatchDog.cancel(): canceling Sat Jul 27 05:11:24 UTC 2019
------------------ testing $PTII/ptolemy/domains/de/test/auto/NonInterruptibleTimerZeroDelay.xml
auto.tcl: Setting watchdog for 200 seconds at Sat Jul 27 05:11:24 UTC 2019
3 ms. Memory: 51200K Free: 33692K (66%)
ptolemy.util.test.WatchDog.cancel(): canceling Sat Jul 27 05:11:24 UTC 2019
auto.tcl: Setting watchdog for 200 seconds at Sat Jul 27 05:11:24 UTC 2019
2 ms. Memory: 51200K Free: 32993K (64%)
ptolemy.util.test.WatchDog.cancel(): canceling Sat Jul 27 05:11:24 UTC 2019
------------------ testing $PTII/ptolemy/domains/de/test/auto/OpenQueueingNetwork.xml
auto.tcl: Setting watchdog for 200 seconds at Sat Jul 27 05:11:24 UTC 2019
3215 ms. Memory: 102400K Free: 34789K (34%)
ptolemy.util.test.WatchDog.cancel(): canceling Sat Jul 27 05:11:27 UTC 2019
auto.tcl: Setting watchdog for 200 seconds at Sat Jul 27 05:11:27 UTC 2019
2771 ms. Memory: 132096K Free: 78335K (59%)
ptolemy.util.test.WatchDog.cancel(): canceling Sat Jul 27 05:11:30 UTC 2019
------------------ testing $PTII/ptolemy/domains/de/test/auto/OpenQueuingNetwork.xml
auto.tcl: Setting watchdog for 200 seconds at Sat Jul 27 05:11:30 UTC 2019
272 ms. Memory: 66560K Free: 37463K (56%)
ptolemy.util.test.WatchDog.cancel(): canceling Sat Jul 27 05:11:30 UTC 2019
auto.tcl: Setting watchdog for 200 seconds at Sat Jul 27 05:11:30 UTC 2019
238 ms. Memory: 66560K Free: 23068K (35%)
ptolemy.util.test.WatchDog.cancel(): canceling Sat Jul 27 05:11:31 UTC 2019
------------------ testing $PTII/ptolemy/domains/de/test/auto/PeriodicSampler.xml
auto.tcl: Setting watchdog for 200 seconds at Sat Jul 27 05:11:31 UTC 2019
3 ms. Memory: 51200K Free: 32860K (64%)
ptolemy.util.test.WatchDog.cancel(): canceling Sat Jul 27 05:11:31 UTC 2019
auto.tcl: Setting watchdog for 200 seconds at Sat Jul 27 05:11:31 UTC 2019
1 ms. Memory: 51200K Free: 32340K (63%)
ptolemy.util.test.WatchDog.cancel(): canceling Sat Jul 27 05:11:31 UTC 2019
------------------ testing $PTII/ptolemy/domains/de/test/auto/PersistentIO.xml
auto.tcl: Setting watchdog for 200 seconds at Sat Jul 27 05:11:31 UTC 2019
5 ms. Memory: 51200K Free: 27784K (54%)
ptolemy.util.test.WatchDog.cancel(): canceling Sat Jul 27 05:11:31 UTC 2019
auto.tcl: Setting watchdog for 200 seconds at Sat Jul 27 05:11:31 UTC 2019
5 ms. Memory: 51200K Free: 26264K (51%)
ptolemy.util.test.WatchDog.cancel(): canceling Sat Jul 27 05:11:31 UTC 2019
------------------ testing $PTII/ptolemy/domains/de/test/auto/PortParameterResetOnInitialize.xml
auto.tcl: Setting watchdog for 200 seconds at Sat Jul 27 05:11:31 UTC 2019
4 ms. Memory: 51200K Free: 32776K (64%)
ptolemy.util.test.WatchDog.cancel(): canceling Sat Jul 27 05:11:31 UTC 2019
auto.tcl: Setting watchdog for 200 seconds at Sat Jul 27 05:11:31 UTC 2019
2 ms. Memory: 51200K Free: 32270K (63%)
ptolemy.util.test.WatchDog.cancel(): canceling Sat Jul 27 05:11:31 UTC 2019
------------------ testing $PTII/ptolemy/domains/de/test/auto/PortParameterUpdates.xml
auto.tcl: Setting watchdog for 200 seconds at Sat Jul 27 05:11:31 UTC 2019
5 ms. Memory: 51200K Free: 30852K (60%)
ptolemy.util.test.WatchDog.cancel(): canceling Sat Jul 27 05:11:31 UTC 2019
auto.tcl: Setting watchdog for 200 seconds at Sat Jul 27 05:11:31 UTC 2019
5 ms. Memory: 51200K Free: 29840K (58%)
ptolemy.util.test.WatchDog.cancel(): canceling Sat Jul 27 05:11:31 UTC 2019
------------------ testing $PTII/ptolemy/domains/de/test/auto/QueueAndServer.xml
auto.tcl: Setting watchdog for 200 seconds at Sat Jul 27 05:11:31 UTC 2019
16 ms. Memory: 51200K Free: 29724K (58%)
ptolemy.util.test.WatchDog.cancel(): canceling Sat Jul 27 05:11:31 UTC 2019
auto.tcl: Setting watchdog for 200 seconds at Sat Jul 27 05:11:31 UTC 2019
9 ms. Memory: 51200K Free: 28272K (55%)
ptolemy.util.test.WatchDog.cancel(): canceling Sat Jul 27 05:11:31 UTC 2019
------------------ testing $PTII/ptolemy/domains/de/test/auto/Records.xml
auto.tcl: Setting watchdog for 200 seconds at Sat Jul 27 05:11:31 UTC 2019
4 ms. Memory: 51200K Free: 32012K (63%)
ptolemy.util.test.WatchDog.cancel(): canceling Sat Jul 27 05:11:31 UTC 2019
auto.tcl: Setting watchdog for 200 seconds at Sat Jul 27 05:11:31 UTC 2019
2 ms. Memory: 51200K Free: 31500K (62%)
ptolemy.util.test.WatchDog.cancel(): canceling Sat Jul 27 05:11:31 UTC 2019
------------------ testing $PTII/ptolemy/domains/de/test/auto/ResetTransitionWithStartTime1.xml
auto.tcl: Setting watchdog for 200 seconds at Sat Jul 27 05:11:31 UTC 2019
13 ms. Memory: 51200K Free: 29304K (57%)
ptolemy.util.test.WatchDog.cancel(): canceling Sat Jul 27 05:11:31 UTC 2019
auto.tcl: Setting watchdog for 200 seconds at Sat Jul 27 05:11:31 UTC 2019
8 ms. Memory: 51200K Free: 27219K (53%)
ptolemy.util.test.WatchDog.cancel(): canceling Sat Jul 27 05:11:31 UTC 2019
------------------ testing $PTII/ptolemy/domains/de/test/auto/ResetTransitionWithStartTime2.xml
auto.tcl: Setting watchdog for 200 seconds at Sat Jul 27 05:11:31 UTC 2019
5 ms. Memory: 51200K Free: 29219K (57%)
ptolemy.util.test.WatchDog.cancel(): canceling Sat Jul 27 05:11:31 UTC 2019
auto.tcl: Setting watchdog for 200 seconds at Sat Jul 27 05:11:31 UTC 2019
6 ms. Memory: 51200K Free: 27171K (53%)
ptolemy.util.test.WatchDog.cancel(): canceling Sat Jul 27 05:11:31 UTC 2019
------------------ testing $PTII/ptolemy/domains/de/test/auto/ResetTransitionWithStartTime3.xml
auto.tcl: Setting watchdog for 200 seconds at Sat Jul 27 05:11:31 UTC 2019
10 ms. Memory: 51200K Free: 29218K (57%)
ptolemy.util.test.WatchDog.cancel(): canceling Sat Jul 27 05:11:31 UTC 2019
auto.tcl: Setting watchdog for 200 seconds at Sat Jul 27 05:11:31 UTC 2019
6 ms. Memory: 51200K Free: 27170K (53%)
ptolemy.util.test.WatchDog.cancel(): canceling Sat Jul 27 05:11:31 UTC 2019
------------------ testing $PTII/ptolemy/domains/de/test/auto/ResetTransitionWithStartTime4.xml
auto.tcl: Setting watchdog for 200 seconds at Sat Jul 27 05:11:31 UTC 2019
11 ms. Memory: 48128K Free: 26614K (55%)
ptolemy.util.test.WatchDog.cancel(): canceling Sat Jul 27 05:11:31 UTC 2019
auto.tcl: Setting watchdog for 200 seconds at Sat Jul 27 05:11:31 UTC 2019
4 ms. Memory: 48128K Free: 25152K (52%)
ptolemy.util.test.WatchDog.cancel(): canceling Sat Jul 27 05:11:31 UTC 2019
------------------ testing $PTII/ptolemy/domains/de/test/auto/ResettableTimer1.xml
auto.tcl: Setting watchdog for 200 seconds at Sat Jul 27 05:11:31 UTC 2019
3 ms. Memory: 48128K Free: 30359K (63%)
ptolemy.util.test.WatchDog.cancel(): canceling Sat Jul 27 05:11:31 UTC 2019
auto.tcl: Setting watchdog for 200 seconds at Sat Jul 27 05:11:31 UTC 2019
2 ms. Memory: 48128K Free: 29709K (62%)
ptolemy.util.test.WatchDog.cancel(): canceling Sat Jul 27 05:11:31 UTC 2019
------------------ testing $PTII/ptolemy/domains/de/test/auto/ResettableTimer2.xml
auto.tcl: Setting watchdog for 200 seconds at Sat Jul 27 05:11:32 UTC 2019
2 ms. Memory: 48128K Free: 30402K (63%)
ptolemy.util.test.WatchDog.cancel(): canceling Sat Jul 27 05:11:32 UTC 2019
auto.tcl: Setting watchdog for 200 seconds at Sat Jul 27 05:11:32 UTC 2019
2 ms. Memory: 48128K Free: 29317K (61%)
ptolemy.util.test.WatchDog.cancel(): canceling Sat Jul 27 05:11:32 UTC 2019
------------------ testing $PTII/ptolemy/domains/de/test/auto/ResettableTimer3.xml
auto.tcl: Setting watchdog for 200 seconds at Sat Jul 27 05:11:32 UTC 2019
1 ms. Memory: 48128K Free: 30312K (63%)
ptolemy.util.test.WatchDog.cancel(): canceling Sat Jul 27 05:11:32 UTC 2019
auto.tcl: Setting watchdog for 200 seconds at Sat Jul 27 05:11:32 UTC 2019
1 ms. Memory: 48128K Free: 30278K (63%)
ptolemy.util.test.WatchDog.cancel(): canceling Sat Jul 27 05:11:32 UTC 2019
------------------ testing $PTII/ptolemy/domains/de/test/auto/ResettableTimer4.xml
auto.tcl: Setting watchdog for 200 seconds at Sat Jul 27 05:11:32 UTC 2019
2 ms. Memory: 48128K Free: 30325K (63%)
ptolemy.util.test.WatchDog.cancel(): canceling Sat Jul 27 05:11:32 UTC 2019
auto.tcl: Setting watchdog for 200 seconds at Sat Jul 27 05:11:32 UTC 2019
2 ms. Memory: 48128K Free: 29828K (62%)
ptolemy.util.test.WatchDog.cancel(): canceling Sat Jul 27 05:11:32 UTC 2019
------------------ testing $PTII/ptolemy/domains/de/test/auto/ResettableTimer5.xml
auto.tcl: Setting watchdog for 200 seconds at Sat Jul 27 05:11:32 UTC 2019
1 ms. Memory: 48128K Free: 29762K (62%)
ptolemy.util.test.WatchDog.cancel(): canceling Sat Jul 27 05:11:32 UTC 2019
auto.tcl: Setting watchdog for 200 seconds at Sat Jul 27 05:11:32 UTC 2019
1 ms. Memory: 48128K Free: 29300K (61%)
ptolemy.util.test.WatchDog.cancel(): canceling Sat Jul 27 05:11:32 UTC 2019
------------------ testing $PTII/ptolemy/domains/de/test/auto/ResettableTimer6.xml
auto.tcl: Setting watchdog for 200 seconds at Sat Jul 27 05:11:32 UTC 2019
2 ms. Memory: 48128K Free: 29767K (62%)
ptolemy.util.test.WatchDog.cancel(): canceling Sat Jul 27 05:11:32 UTC 2019
auto.tcl: Setting watchdog for 200 seconds at Sat Jul 27 05:11:32 UTC 2019
2 ms. Memory: 48128K Free: 29288K (61%)
ptolemy.util.test.WatchDog.cancel(): canceling Sat Jul 27 05:11:32 UTC 2019
------------------ testing $PTII/ptolemy/domains/de/test/auto/ServerZeroDelay.xml
auto.tcl: Setting watchdog for 200 seconds at Sat Jul 27 05:11:32 UTC 2019
3 ms. Memory: 48128K Free: 30272K (63%)
ptolemy.util.test.WatchDog.cancel(): canceling Sat Jul 27 05:11:32 UTC 2019
auto.tcl: Setting watchdog for 200 seconds at Sat Jul 27 05:11:32 UTC 2019
2 ms. Memory: 48128K Free: 29294K (61%)
ptolemy.util.test.WatchDog.cancel(): canceling Sat Jul 27 05:11:32 UTC 2019
------------------ testing $PTII/ptolemy/domains/de/test/auto/SmartSender.xml
auto.tcl: Setting watchdog for 200 seconds at Sat Jul 27 05:11:32 UTC 2019
3001 ms. Memory: 48128K Free: 30284K (63%)
ptolemy.util.test.WatchDog.cancel(): canceling Sat Jul 27 05:11:35 UTC 2019
auto.tcl: Setting watchdog for 200 seconds at Sat Jul 27 05:11:35 UTC 2019
3002 ms. Memory: 48128K Free: 29788K (62%)
ptolemy.util.test.WatchDog.cancel(): canceling Sat Jul 27 05:11:38 UTC 2019
------------------ testing $PTII/ptolemy/domains/de/test/auto/ThreadedComposite.xml
auto.tcl: Setting watchdog for 200 seconds at Sat Jul 27 05:11:38 UTC 2019
204 ms. Memory: 48128K Free: 10825K (22%)
ptolemy.util.test.WatchDog.cancel(): canceling Sat Jul 27 05:11:38 UTC 2019
auto.tcl: Setting watchdog for 200 seconds at Sat Jul 27 05:11:38 UTC 2019
232 ms. Memory: 48128K Free: 22642K (47%)
ptolemy.util.test.WatchDog.cancel(): canceling Sat Jul 27 05:11:38 UTC 2019
------------------ testing $PTII/ptolemy/domains/de/test/auto/Time.xml
auto.tcl: Setting watchdog for 200 seconds at Sat Jul 27 05:11:38 UTC 2019
646 ms. Memory: 48128K Free: 27788K (58%)
ptolemy.util.test.WatchDog.cancel(): canceling Sat Jul 27 05:11:39 UTC 2019
auto.tcl: Setting watchdog for 200 seconds at Sat Jul 27 05:11:39 UTC 2019
544 ms. Memory: 48128K Free: 24720K (51%)
ptolemy.util.test.WatchDog.cancel(): canceling Sat Jul 27 05:11:40 UTC 2019
------------------ testing $PTII/ptolemy/domains/de/test/auto/TimeDelayZeroDelay.xml
auto.tcl: Setting watchdog for 200 seconds at Sat Jul 27 05:11:40 UTC 2019
3 ms. Memory: 48128K Free: 30693K (64%)
ptolemy.util.test.WatchDog.cancel(): canceling Sat Jul 27 05:11:40 UTC 2019
auto.tcl: Setting watchdog for 200 seconds at Sat Jul 27 05:11:40 UTC 2019
2 ms. Memory: 48128K Free: 29798K (62%)
ptolemy.util.test.WatchDog.cancel(): canceling Sat Jul 27 05:11:40 UTC 2019
------------------ testing $PTII/ptolemy/domains/de/test/auto/TimerZeroDelay.xml
auto.tcl: Setting watchdog for 200 seconds at Sat Jul 27 05:11:40 UTC 2019
2 ms. Memory: 48128K Free: 30736K (64%)
ptolemy.util.test.WatchDog.cancel(): canceling Sat Jul 27 05:11:40 UTC 2019
auto.tcl: Setting watchdog for 200 seconds at Sat Jul 27 05:11:40 UTC 2019
2 ms. Memory: 48128K Free: 30240K (63%)
ptolemy.util.test.WatchDog.cancel(): canceling Sat Jul 27 05:11:40 UTC 2019
------------------ testing $PTII/ptolemy/domains/de/test/auto/TimingParadox.xml
auto.tcl: Setting watchdog for 200 seconds at Sat Jul 27 05:11:40 UTC 2019
352 ms. Memory: 58368K Free: 22412K (38%)
ptolemy.util.test.WatchDog.cancel(): canceling Sat Jul 27 05:11:40 UTC 2019
auto.tcl: Setting watchdog for 200 seconds at Sat Jul 27 05:11:40 UTC 2019
345 ms. Memory: 58368K Free: 17408K (30%)
ptolemy.util.test.WatchDog.cancel(): canceling Sat Jul 27 05:11:41 UTC 2019
------------------ testing $PTII/ptolemy/domains/de/test/auto/TransferInputs.xml
auto.tcl: Setting watchdog for 200 seconds at Sat Jul 27 05:11:41 UTC 2019
2 ms. Memory: 51200K Free: 31780K (62%)
ptolemy.util.test.WatchDog.cancel(): canceling Sat Jul 27 05:11:41 UTC 2019
auto.tcl: Setting watchdog for 200 seconds at Sat Jul 27 05:11:41 UTC 2019
2 ms. Memory: 51200K Free: 30855K (60%)
ptolemy.util.test.WatchDog.cancel(): canceling Sat Jul 27 05:11:41 UTC 2019
------------------ testing $PTII/ptolemy/domains/de/test/auto/TransferOutputs2.xml
auto.tcl: Setting watchdog for 200 seconds at Sat Jul 27 05:11:41 UTC 2019
3 ms. Memory: 48128K Free: 26150K (54%)
ptolemy.util.test.WatchDog.cancel(): canceling Sat Jul 27 05:11:41 UTC 2019
auto.tcl: Setting watchdog for 200 seconds at Sat Jul 27 05:11:41 UTC 2019
3 ms. Memory: 48128K Free: 24742K (51%)
ptolemy.util.test.WatchDog.cancel(): canceling Sat Jul 27 05:11:41 UTC 2019
------------------ testing $PTII/ptolemy/domains/de/test/auto/Trilateration.xml
auto.tcl: Setting watchdog for 200 seconds at Sat Jul 27 05:11:41 UTC 2019
13822 ms. Memory: 375808K Free: 125704K (33%)
ptolemy.util.test.WatchDog.cancel(): canceling Sat Jul 27 05:11:56 UTC 2019
auto.tcl: Setting watchdog for 200 seconds at Sat Jul 27 05:11:56 UTC 2019
10959 ms. Memory: 375808K Free: 188891K (50%)
ptolemy.util.test.WatchDog.cancel(): canceling Sat Jul 27 05:12:07 UTC 2019
------------------ testing $PTII/ptolemy/domains/de/test/auto/TwoSigmaDelta.xml
auto.tcl: Setting watchdog for 200 seconds at Sat Jul 27 05:12:07 UTC 2019
3124 ms. Memory: 86016K Free: 53494K (62%)
ptolemy.util.test.WatchDog.cancel(): canceling Sat Jul 27 05:12:10 UTC 2019
auto.tcl: Setting watchdog for 200 seconds at Sat Jul 27 05:12:10 UTC 2019
2149 ms. Memory: 86016K Free: 44780K (52%)
ptolemy.util.test.WatchDog.cancel(): canceling Sat Jul 27 05:12:12 UTC 2019
------------------ testing $PTII/ptolemy/domains/de/test/auto/VariableDelay.xml
auto.tcl: Setting watchdog for 200 seconds at Sat Jul 27 05:12:12 UTC 2019
3 ms. Memory: 51200K Free: 32262K (63%)
ptolemy.util.test.WatchDog.cancel(): canceling Sat Jul 27 05:12:12 UTC 2019
auto.tcl: Setting watchdog for 200 seconds at Sat Jul 27 05:12:12 UTC 2019
2 ms. Memory: 51200K Free: 31268K (61%)
ptolemy.util.test.WatchDog.cancel(): canceling Sat Jul 27 05:12:12 UTC 2019
------------------ testing $PTII/ptolemy/domains/de/test/auto/VariableDelay2.xml
auto.tcl: Setting watchdog for 200 seconds at Sat Jul 27 05:12:12 UTC 2019
7 ms. Memory: 51200K Free: 32677K (64%)
ptolemy.util.test.WatchDog.cancel(): canceling Sat Jul 27 05:12:12 UTC 2019
auto.tcl: Setting watchdog for 200 seconds at Sat Jul 27 05:12:12 UTC 2019
1 ms. Memory: 51200K Free: 32179K (63%)
ptolemy.util.test.WatchDog.cancel(): canceling Sat Jul 27 05:12:12 UTC 2019
------------------ testing $PTII/ptolemy/domains/de/test/auto/VariableDelayZeroDelay.xml
auto.tcl: Setting watchdog for 200 seconds at Sat Jul 27 05:12:13 UTC 2019
2 ms. Memory: 48128K Free: 30132K (63%)
ptolemy.util.test.WatchDog.cancel(): canceling Sat Jul 27 05:12:13 UTC 2019
auto.tcl: Setting watchdog for 200 seconds at Sat Jul 27 05:12:13 UTC 2019
2 ms. Memory: 48128K Free: 29593K (61%)
ptolemy.util.test.WatchDog.cancel(): canceling Sat Jul 27 05:12:13 UTC 2019
------------------ testing $PTII/ptolemy/domains/de/test/auto/VariableDelayZeroDelay2.xml
auto.tcl: Setting watchdog for 200 seconds at Sat Jul 27 05:12:13 UTC 2019
4 ms. Memory: 48128K Free: 30131K (63%)
ptolemy.util.test.WatchDog.cancel(): canceling Sat Jul 27 05:12:13 UTC 2019
auto.tcl: Setting watchdog for 200 seconds at Sat Jul 27 05:12:13 UTC 2019
2 ms. Memory: 48128K Free: 29144K (61%)
ptolemy.util.test.WatchDog.cancel(): canceling Sat Jul 27 05:12:13 UTC 2019
------------------ testing $PTII/ptolemy/domains/de/test/auto/deInCt.xml
auto.tcl: Setting watchdog for 200 seconds at Sat Jul 27 05:12:13 UTC 2019
0
1
1
0
0
0
1
1
1
0
0
1
1
1
0
0
0
1
1
1
1
1
0
0
0
1
1
1
1
0
0
0
1
1
1
1
0
0
0
1
1
1
1
1
19 ms. Memory: 48128K Free: 29104K (60%)
ptolemy.util.test.WatchDog.cancel(): canceling Sat Jul 27 05:12:13 UTC 2019
auto.tcl: Setting watchdog for 200 seconds at Sat Jul 27 05:12:13 UTC 2019
0
1
1
1
0
0
0
1
1
1
0
0
0
0
1
1
1
0
0
0
1
1
1
0
0
0
0
1
1
1
1
0
0
1
1
1
1
0
0
0
1
1
1
1
10 ms. Memory: 48128K Free: 27552K (57%)
ptolemy.util.test.WatchDog.cancel(): canceling Sat Jul 27 05:12:13 UTC 2019
------------------ testing $PTII/ptolemy/domains/de/test/auto/deInCt2.xml
auto.tcl: Setting watchdog for 200 seconds at Sat Jul 27 05:12:13 UTC 2019
0
1
1
1
0
0
1
1
1
0
0
1
1
1
0
0
1
1
1
0
0
1
1
1
0
0
1
1
1
0
0
1
1
1
0
0
1
1
1
0
0
0
9 ms. Memory: 48128K Free: 29107K (60%)
ptolemy.util.test.WatchDog.cancel(): canceling Sat Jul 27 05:12:13 UTC 2019
auto.tcl: Setting watchdog for 200 seconds at Sat Jul 27 05:12:13 UTC 2019
0
1
1
1
0
0
1
1
1
0
0
1
1
1
0
0
1
1
1
0
0
1
1
1
0
0
1
1
1
0
0
1
1
1
0
0
1
1
1
0
0
0
8 ms. Memory: 48128K Free: 27562K (57%)
ptolemy.util.test.WatchDog.cancel(): canceling Sat Jul 27 05:12:13 UTC 2019
------------------ testing $PTII/ptolemy/domains/de/test/auto/dynamicCausalityInterface1.xml
auto.tcl: Setting watchdog for 200 seconds at Sat Jul 27 05:12:13 UTC 2019
1 ms. Memory: 48128K Free: 24485K (51%)
ptolemy.util.test.WatchDog.cancel(): canceling Sat Jul 27 05:12:13 UTC 2019
auto.tcl: Setting watchdog for 200 seconds at Sat Jul 27 05:12:13 UTC 2019
1 ms. Memory: 48128K Free: 23996K (50%)
ptolemy.util.test.WatchDog.cancel(): canceling Sat Jul 27 05:12:13 UTC 2019
------------------ testing $PTII/ptolemy/domains/de/test/auto/fsm_de_test.xml
auto.tcl: Setting watchdog for 200 seconds at Sat Jul 27 05:12:13 UTC 2019
7 ms. Memory: 48128K Free: 24904K (52%)
ptolemy.util.test.WatchDog.cancel(): canceling Sat Jul 27 05:12:13 UTC 2019
auto.tcl: Setting watchdog for 200 seconds at Sat Jul 27 05:12:13 UTC 2019
5 ms. Memory: 48128K Free: 22863K (48%)
ptolemy.util.test.WatchDog.cancel(): canceling Sat Jul 27 05:12:13 UTC 2019
------------------ testing $PTII/ptolemy/domains/de/test/auto/functionDependencyReconstruction.xml
auto.tcl: Setting watchdog for 200 seconds at Sat Jul 27 05:12:13 UTC 2019
2 ms. Memory: 48128K Free: 18750K (39%)
ptolemy.util.test.WatchDog.cancel(): canceling Sat Jul 27 05:12:13 UTC 2019
auto.tcl: Setting watchdog for 200 seconds at Sat Jul 27 05:12:13 UTC 2019
3 ms. Memory: 48128K Free: 16746K (35%)
ptolemy.util.test.WatchDog.cancel(): canceling Sat Jul 27 05:12:13 UTC 2019
------------------ testing $PTII/ptolemy/domains/de/test/auto/multirate.xml
auto.tcl: Setting watchdog for 200 seconds at Sat Jul 27 05:12:13 UTC 2019
7 ms. Memory: 48128K Free: 26824K (56%)
ptolemy.util.test.WatchDog.cancel(): canceling Sat Jul 27 05:12:13 UTC 2019
auto.tcl: Setting watchdog for 200 seconds at Sat Jul 27 05:12:13 UTC 2019
2 ms. Memory: 48128K Free: 25869K (54%)
ptolemy.util.test.WatchDog.cancel(): canceling Sat Jul 27 05:12:13 UTC 2019
------------------ testing $PTII/ptolemy/domains/de/test/auto/multirate2.xml
auto.tcl: Setting watchdog for 200 seconds at Sat Jul 27 05:12:13 UTC 2019
5 ms. Memory: 48128K Free: 27730K (58%)
ptolemy.util.test.WatchDog.cancel(): canceling Sat Jul 27 05:12:13 UTC 2019
auto.tcl: Setting watchdog for 200 seconds at Sat Jul 27 05:12:13 UTC 2019
3 ms. Memory: 48128K Free: 26034K (54%)
ptolemy.util.test.WatchDog.cancel(): canceling Sat Jul 27 05:12:13 UTC 2019
------------------ testing $PTII/ptolemy/domains/de/test/auto/realtime.xml
auto.tcl: Setting watchdog for 200 seconds at Sat Jul 27 05:12:13 UTC 2019
10002 ms. Memory: 48128K Free: 29776K (62%)
ptolemy.util.test.WatchDog.cancel(): canceling Sat Jul 27 05:12:23 UTC 2019
auto.tcl: Setting watchdog for 200 seconds at Sat Jul 27 05:12:23 UTC 2019
10001 ms. Memory: 48128K Free: 29050K (60%)
ptolemy.util.test.WatchDog.cancel(): canceling Sat Jul 27 05:12:33 UTC 2019
------------------ testing $PTII/ptolemy/domains/de/test/auto/relationGroup.xml
auto.tcl: Setting watchdog for 200 seconds at Sat Jul 27 05:12:33 UTC 2019
9 ms. Memory: 48128K Free: 30857K (64%)
ptolemy.util.test.WatchDog.cancel(): canceling Sat Jul 27 05:12:33 UTC 2019
auto.tcl: Setting watchdog for 200 seconds at Sat Jul 27 05:12:33 UTC 2019
2 ms. Memory: 48128K Free: 30132K (63%)
ptolemy.util.test.WatchDog.cancel(): canceling Sat Jul 27 05:12:33 UTC 2019
------------------ testing $PTII/ptolemy/domains/de/test/auto/relationGroup2.xml
auto.tcl: Setting watchdog for 200 seconds at Sat Jul 27 05:12:33 UTC 2019
1 ms. Memory: 48128K Free: 30913K (64%)
ptolemy.util.test.WatchDog.cancel(): canceling Sat Jul 27 05:12:33 UTC 2019
auto.tcl: Setting watchdog for 200 seconds at Sat Jul 27 05:12:33 UTC 2019
2 ms. Memory: 48128K Free: 30412K (63%)
ptolemy.util.test.WatchDog.cancel(): canceling Sat Jul 27 05:12:33 UTC 2019
------------------ testing $PTII/ptolemy/domains/de/test/auto/sortWithOpaquePorts.xml
auto.tcl: Setting watchdog for 200 seconds at Sat Jul 27 05:12:33 UTC 2019
1 ms. Memory: 48128K Free: 29641K (62%)
ptolemy.util.test.WatchDog.cancel(): canceling Sat Jul 27 05:12:33 UTC 2019
auto.tcl: Setting watchdog for 200 seconds at Sat Jul 27 05:12:33 UTC 2019
2 ms. Memory: 48128K Free: 28637K (60%)
ptolemy.util.test.WatchDog.cancel(): canceling Sat Jul 27 05:12:33 UTC 2019
------------------ testing $PTII/ptolemy/domains/de/test/auto/transferInputsandOutputs.xml
auto.tcl: Setting watchdog for 200 seconds at Sat Jul 27 05:12:34 UTC 2019
2 ms. Memory: 48128K Free: 27073K (56%)
ptolemy.util.test.WatchDog.cancel(): canceling Sat Jul 27 05:12:34 UTC 2019
auto.tcl: Setting watchdog for 200 seconds at Sat Jul 27 05:12:34 UTC 2019
2 ms. Memory: 48128K Free: 26049K (54%)
ptolemy.util.test.WatchDog.cancel(): canceling Sat Jul 27 05:12:34 UTC 2019
------------------ testing $PTII/ptolemy/domains/de/test/auto/triggerType.xml
auto.tcl: Setting watchdog for 200 seconds at Sat Jul 27 05:12:34 UTC 2019
3 ms. Memory: 48128K Free: 30098K (63%)
ptolemy.util.test.WatchDog.cancel(): canceling Sat Jul 27 05:12:34 UTC 2019
auto.tcl: Setting watchdog for 200 seconds at Sat Jul 27 05:12:34 UTC 2019
2 ms. Memory: 48128K Free: 29129K (61%)
ptolemy.util.test.WatchDog.cancel(): canceling Sat Jul 27 05:12:34 UTC 2019
07/27/19 05:12:34
Failed: 0  Total Tests: 192  ((Passed: 187, Newly Passed: 1)  Known Failed: 5) /home/travis/build/icyphy/ptII/ptolemy/domains/de/test
07/27/19 05:12:34
Failed: 0  Total Tests: 192  ((Passed: 187, Newly Passed: 1)  Known Failed: 5) /home/travis/build/icyphy/ptII/ptolemy/domains/de/test
----------------- testing (KnownFailure) /home/travis/build/icyphy/ptII/ptolemy/domains/de/test/auto/knownFailedTests/DESDFClockTest.xml
2011 ms. Memory: 48128K Free: 22983K (48%)
Known Failure: java.lang.reflect.InvocationTargetException
----------------- testing (KnownFailure) /home/travis/build/icyphy/ptII/ptolemy/domains/de/test/auto/knownFailedTests/DirectFeedback.xml
2 ms. Memory: 48128K Free: 19397K (40%)
Known Failure: java.lang.reflect.InvocationTargetException
----------------- testing (KnownFailure) /home/travis/build/icyphy/ptII/ptolemy/domains/de/test/auto/knownFailedTests/FSMSource.xml
18 ms. Memory: 48128K Free: 11191K (23%)
----------------- testing (KnownFailure) /home/travis/build/icyphy/ptII/ptolemy/domains/de/test/auto/knownFailedTests/HierarchicalModel.xml
2 ms. Memory: 48128K Free: 21086K (44%)
Known Failure: java.lang.reflect.InvocationTargetException
----------------- testing (KnownFailure) /home/travis/build/icyphy/ptII/ptolemy/domains/de/test/auto/knownFailedTests/dependencyLoop.xml
2 ms. Memory: 48128K Free: 31446K (65%)
Known Failure: java.lang.reflect.InvocationTargetException
----------------- testing (KnownFailure) /home/travis/build/icyphy/ptII/ptolemy/domains/de/test/auto/knownFailedTests/dependencyLoop2.xml
7 ms. Memory: 48128K Free: 16509K (34%)
Known Failure: java.lang.reflect.InvocationTargetException
No auto/linux-amd64/*.xml tests in /home/travis/build/icyphy/ptII/ptolemy/domains/de/test
AutoTests.java: About to close Vertx.
AutoTests.java: Vertx closed.

===========================================================================================
----------------- testing Sat Jul 27 05:12:36 UTC 2019 /home/travis/build/icyphy/ptII/ptolemy/domains/de/test/auto/ActorDepthCalculation_actorWithoutPorts.xml
----------------- Instantiating /home/travis/build/icyphy/ptII/ptolemy/domains/de/test/auto/ActorDepthCalculation_actorWithoutPorts.xml
3 ms. Memory: 48128K Free: 10200K (21%)
----------------- Invoking toplevel() on ptolemy.moml.MoMLSimpleApplication@440e328b
----------------- Done invoking toplevel() on ptolemy.moml.MoMLSimpleApplication@440e328b
reloadAllAccessors: .ActorDepthCalculation_actorWithoutPorts

===========================================================================================
----------------- testing Sat Jul 27 05:12:36 UTC 2019 /home/travis/build/icyphy/ptII/ptolemy/domains/de/test/auto/AssemblyLine.xml
----------------- Instantiating /home/travis/build/icyphy/ptII/ptolemy/domains/de/test/auto/AssemblyLine.xml
3 ms. Memory: 48128K Free: 28759K (60%)
----------------- Invoking toplevel() on ptolemy.moml.MoMLSimpleApplication@75349d0
----------------- Done invoking toplevel() on ptolemy.moml.MoMLSimpleApplication@75349d0
reloadAllAccessors: .AssemblyLine

===========================================================================================
----------------- testing Sat Jul 27 05:12:36 UTC 2019 /home/travis/build/icyphy/ptII/ptolemy/domains/de/test/auto/CQBug1.xml
----------------- Instantiating /home/travis/build/icyphy/ptII/ptolemy/domains/de/test/auto/CQBug1.xml
1 ms. Memory: 48128K Free: 25823K (54%)
----------------- Invoking toplevel() on ptolemy.moml.MoMLSimpleApplication@5d2557d8
----------------- Done invoking toplevel() on ptolemy.moml.MoMLSimpleApplication@5d2557d8
reloadAllAccessors: .CQBug1

===========================================================================================
----------------- testing Sat Jul 27 05:12:36 UTC 2019 /home/travis/build/icyphy/ptII/ptolemy/domains/de/test/auto/CancelFireAt.xml
----------------- Instantiating /home/travis/build/icyphy/ptII/ptolemy/domains/de/test/auto/CancelFireAt.xml
9 ms. Memory: 48128K Free: 23340K (48%)
----------------- Invoking toplevel() on ptolemy.moml.MoMLSimpleApplication@5f28106a
----------------- Done invoking toplevel() on ptolemy.moml.MoMLSimpleApplication@5f28106a
reloadAllAccessors: .CancelFireAt

===========================================================================================
----------------- testing Sat Jul 27 05:12:36 UTC 2019 /home/travis/build/icyphy/ptII/ptolemy/domains/de/test/auto/CausalityAndComposabilityAnalysis.xml
----------------- Instantiating /home/travis/build/icyphy/ptII/ptolemy/domains/de/test/auto/CausalityAndComposabilityAnalysis.xml
2 ms. Memory: 48128K Free: 19005K (39%)
----------------- Invoking toplevel() on ptolemy.moml.MoMLSimpleApplication@f9fde7c
----------------- Done invoking toplevel() on ptolemy.moml.MoMLSimpleApplication@f9fde7c
reloadAllAccessors: .CausalityAndComposabilityAnalysis

===========================================================================================
----------------- testing Sat Jul 27 05:12:36 UTC 2019 /home/travis/build/icyphy/ptII/ptolemy/domains/de/test/auto/CausalityInterface1.xml
----------------- Instantiating /home/travis/build/icyphy/ptII/ptolemy/domains/de/test/auto/CausalityInterface1.xml
6 ms. Memory: 48128K Free: 13871K (29%)
----------------- Invoking toplevel() on ptolemy.moml.MoMLSimpleApplication@5bfde55c
----------------- Done invoking toplevel() on ptolemy.moml.MoMLSimpleApplication@5bfde55c
reloadAllAccessors: .CausalityInterface1

===========================================================================================
----------------- testing Sat Jul 27 05:12:36 UTC 2019 /home/travis/build/icyphy/ptII/ptolemy/domains/de/test/auto/CausalityInterface15.xml
----------------- Instantiating /home/travis/build/icyphy/ptII/ptolemy/domains/de/test/auto/CausalityInterface15.xml
3 ms. Memory: 48128K Free: 8423K (18%)
----------------- Invoking toplevel() on ptolemy.moml.MoMLSimpleApplication@3824af04
----------------- Done invoking toplevel() on ptolemy.moml.MoMLSimpleApplication@3824af04
reloadAllAccessors: .CausalityInterface15

===========================================================================================
----------------- testing Sat Jul 27 05:12:36 UTC 2019 /home/travis/build/icyphy/ptII/ptolemy/domains/de/test/auto/CausalityInterface2.xml
----------------- Instantiating /home/travis/build/icyphy/ptII/ptolemy/domains/de/test/auto/CausalityInterface2.xml
1 ms. Memory: 48128K Free: 29585K (61%)
[...]
	at ptolemy.actor.Manager.run(Manager.java:1263)
	at ptolemy.actor.Manager$PtolemyRunThread.run(Manager.java:1933)
java.lang.RuntimeException: Execution failed
	at ptolemy.moml.MoMLSimpleApplication$UnloadThread.run(MoMLSimpleApplication.java:402)
Caused by: ptolemy.kernel.util.IllegalActionException: Actor is not ready to fire.  Perhaps UpSample.prefire() returned false? Try debugging the actor by selecting "Listen to Actor".  Also, for SDF check moml for tokenConsumptionRate on input.
  in .DESDFClockTest.Play Bell.Copy1:SDF Director and .DESDFClockTest.Play Bell.UpSample
	at ptolemy.actor.sched.StaticSchedulingDirector.fire(StaticSchedulingDirector.java:227)
	at ptolemy.domains.sdf.kernel.SDFDirector.fire(SDFDirector.java:500)
	at ptolemy.actor.CompositeActor.fire(CompositeActor.java:455)
	at ptolemy.domains.de.kernel.DEDirector._fire(DEDirector.java:1949)
	at ptolemy.domains.de.kernel.DEDirector.fire(DEDirector.java:502)
	at ptolemy.actor.CompositeActor.fire(CompositeActor.java:455)
	at ptolemy.actor.Manager.iterate(Manager.java:851)
	at ptolemy.actor.Manager.execute(Manager.java:369)
	at ptolemy.actor.Manager.run(Manager.java:1263)
	at ptolemy.actor.Manager$PtolemyRunThread.run(Manager.java:1933)
java.lang.reflect.InvocationTargetException
	at java.base/jdk.internal.reflect.NativeConstructorAccessorImpl.newInstance0(Native Method)
	at java.base/jdk.internal.reflect.NativeConstructorAccessorImpl.newInstance(NativeConstructorAccessorImpl.java:62)
	at java.base/jdk.internal.reflect.DelegatingConstructorAccessorImpl.newInstance(DelegatingConstructorAccessorImpl.java:45)
	at java.base/java.lang.reflect.Constructor.newInstance(Constructor.java:490)
	at ptolemy.util.test.junit.AutoKnownFailedTests.RunModel(AutoKnownFailedTests.java:105)
	at java.base/jdk.internal.reflect.NativeMethodAccessorImpl.invoke0(Native Method)
	at java.base/jdk.internal.reflect.NativeMethodAccessorImpl.invoke(NativeMethodAccessorImpl.java:62)
	at java.base/jdk.internal.reflect.DelegatingMethodAccessorImpl.invoke(DelegatingMethodAccessorImpl.java:43)
	at java.base/java.lang.reflect.Method.invoke(Method.java:566)
	at org.junit.runners.model.FrameworkMethod$1.runReflectiveCall(FrameworkMethod.java:44)
	at org.junit.internal.runners.model.ReflectiveCallable.run(ReflectiveCallable.java:15)
	at org.junit.runners.model.FrameworkMethod.invokeExplosively(FrameworkMethod.java:41)
	at junitparams.internal.InvokeParameterisedMethod.evaluate(InvokeParameterisedMethod.java:102)
	at org.junit.internal.runners.statements.FailOnTimeout$1.run(FailOnTimeout.java:28)
Caused by: ptolemy.kernel.util.IllegalActionException: Actor is not ready to fire.  Perhaps UpSample.prefire() returned false? Try debugging the actor by selecting "Listen to Actor".  Also, for SDF check moml for tokenConsumptionRate on input.
  in .DESDFClockTest.Play Bell.Copy1:SDF Director and .DESDFClockTest.Play Bell.UpSample
	at ptolemy.actor.sched.StaticSchedulingDirector.fire(StaticSchedulingDirector.java:227)
	at ptolemy.domains.sdf.kernel.SDFDirector.fire(SDFDirector.java:500)
	at ptolemy.actor.CompositeActor.fire(CompositeActor.java:455)
	at ptolemy.domains.de.kernel.DEDirector._fire(DEDirector.java:1949)
	at ptolemy.domains.de.kernel.DEDirector.fire(DEDirector.java:502)
	at ptolemy.actor.CompositeActor.fire(CompositeActor.java:455)
	at ptolemy.actor.Manager.iterate(Manager.java:851)
	at ptolemy.actor.Manager.execute(Manager.java:369)
	at ptolemy.actor.Manager.run(Manager.java:1263)
	at ptolemy.actor.Manager$PtolemyRunThread.run(Manager.java:1933)
java.lang.RuntimeException: Execution failed
	at ptolemy.moml.MoMLSimpleApplication$UnloadThread.run(MoMLSimpleApplication.java:402)
Caused by: ptolemy.kernel.util.IllegalActionException: Test fails in iteration 1.
Value was: 1.0. Should have been: 2.0
  in .DirectFeedback.Test
	at ptolemy.actor.lib.Test.fire(Test.java:268)
	at ptolemy.domains.de.kernel.DEDirector._fire(DEDirector.java:1949)
	at ptolemy.domains.de.kernel.DEDirector.fire(DEDirector.java:502)
	at ptolemy.actor.CompositeActor.fire(CompositeActor.java:455)
	at ptolemy.actor.Manager.iterate(Manager.java:851)
	at ptolemy.actor.Manager.execute(Manager.java:369)
	at ptolemy.actor.Manager.run(Manager.java:1263)
	at ptolemy.actor.Manager$PtolemyRunThread.run(Manager.java:1933)
java.lang.reflect.InvocationTargetException
	at java.base/jdk.internal.reflect.NativeConstructorAccessorImpl.newInstance0(Native Method)
	at java.base/jdk.internal.reflect.NativeConstructorAccessorImpl.newInstance(NativeConstructorAccessorImpl.java:62)
	at java.base/jdk.internal.reflect.DelegatingConstructorAccessorImpl.newInstance(DelegatingConstructorAccessorImpl.java:45)
	at java.base/java.lang.reflect.Constructor.newInstance(Constructor.java:490)
	at ptolemy.util.test.junit.AutoKnownFailedTests.RunModel(AutoKnownFailedTests.java:105)
	at java.base/jdk.internal.reflect.NativeMethodAccessorImpl.invoke0(Native Method)
	at java.base/jdk.internal.reflect.NativeMethodAccessorImpl.invoke(NativeMethodAccessorImpl.java:62)
	at java.base/jdk.internal.reflect.DelegatingMethodAccessorImpl.invoke(DelegatingMethodAccessorImpl.java:43)
	at java.base/java.lang.reflect.Method.invoke(Method.java:566)
	at org.junit.runners.model.FrameworkMethod$1.runReflectiveCall(FrameworkMethod.java:44)
	at org.junit.internal.runners.model.ReflectiveCallable.run(ReflectiveCallable.java:15)
	at org.junit.runners.model.FrameworkMethod.invokeExplosively(FrameworkMethod.java:41)
	at junitparams.internal.InvokeParameterisedMethod.evaluate(InvokeParameterisedMethod.java:102)
	at org.junit.internal.runners.statements.FailOnTimeout$1.run(FailOnTimeout.java:28)
Caused by: ptolemy.kernel.util.IllegalActionException: Test fails in iteration 1.
Value was: 1.0. Should have been: 2.0
  in .DirectFeedback.Test
	at ptolemy.actor.lib.Test.fire(Test.java:268)
	at ptolemy.domains.de.kernel.DEDirector._fire(DEDirector.java:1949)
	at ptolemy.domains.de.kernel.DEDirector.fire(DEDirector.java:502)
	at ptolemy.actor.CompositeActor.fire(CompositeActor.java:455)
	at ptolemy.actor.Manager.iterate(Manager.java:851)
	at ptolemy.actor.Manager.execute(Manager.java:369)
	at ptolemy.actor.Manager.run(Manager.java:1263)
	at ptolemy.actor.Manager$PtolemyRunThread.run(Manager.java:1933)
java.lang.RuntimeException: Execution failed
	at ptolemy.moml.MoMLSimpleApplication$UnloadThread.run(MoMLSimpleApplication.java:402)
Caused by: ptolemy.kernel.util.IllegalActionException: Found a zero delay loop containing .HierarchicalModel.A
  in .HierarchicalModel and .HierarchicalModel.A
	at ptolemy.actor.util.CausalityInterfaceForComposites._computeOutputPortDepth(CausalityInterfaceForComposites.java:759)
	at ptolemy.actor.util.CausalityInterfaceForComposites._computeInputDepth(CausalityInterfaceForComposites.java:696)
	at ptolemy.actor.util.CausalityInterfaceForComposites._computeOutputPortDepth(CausalityInterfaceForComposites.java:765)
	at ptolemy.actor.util.CausalityInterfaceForComposites._computeInputDepth(CausalityInterfaceForComposites.java:696)
	at ptolemy.actor.util.CausalityInterfaceForComposites._computeOutputPortDepth(CausalityInterfaceForComposites.java:765)
	at ptolemy.actor.util.CausalityInterfaceForComposites._computeInputDepth(CausalityInterfaceForComposites.java:696)
	at ptolemy.actor.util.CausalityInterfaceForComposites._computeActorDepth(CausalityInterfaceForComposites.java:532)
	at ptolemy.actor.util.CausalityInterfaceForComposites.checkForCycles(CausalityInterfaceForComposites.java:96)
	at ptolemy.domains.de.kernel.DEDirector.preinitialize(DEDirector.java:1338)
	at ptolemy.actor.CompositeActor.preinitialize(CompositeActor.java:1828)
	at ptolemy.actor.Manager.preinitializeAndResolveTypes(Manager.java:1040)
	at ptolemy.actor.Manager.initialize(Manager.java:710)
	at ptolemy.actor.Manager.execute(Manager.java:356)
	at ptolemy.actor.Manager.run(Manager.java:1263)
	at ptolemy.actor.Manager$PtolemyRunThread.run(Manager.java:1933)
java.lang.reflect.InvocationTargetException
	at java.base/jdk.internal.reflect.NativeConstructorAccessorImpl.newInstance0(Native Method)
	at java.base/jdk.internal.reflect.NativeConstructorAccessorImpl.newInstance(NativeConstructorAccessorImpl.java:62)
	at java.base/jdk.internal.reflect.DelegatingConstructorAccessorImpl.newInstance(DelegatingConstructorAccessorImpl.java:45)
	at java.base/java.lang.reflect.Constructor.newInstance(Constructor.java:490)
	at ptolemy.util.test.junit.AutoKnownFailedTests.RunModel(AutoKnownFailedTests.java:105)
	at java.base/jdk.internal.reflect.NativeMethodAccessorImpl.invoke0(Native Method)
	at java.base/jdk.internal.reflect.NativeMethodAccessorImpl.invoke(NativeMethodAccessorImpl.java:62)
	at java.base/jdk.internal.reflect.DelegatingMethodAccessorImpl.invoke(DelegatingMethodAccessorImpl.java:43)
	at java.base/java.lang.reflect.Method.invoke(Method.java:566)
	at org.junit.runners.model.FrameworkMethod$1.runReflectiveCall(FrameworkMethod.java:44)
	at org.junit.internal.runners.model.ReflectiveCallable.run(ReflectiveCallable.java:15)
	at org.junit.runners.model.FrameworkMethod.invokeExplosively(FrameworkMethod.java:41)
	at junitparams.internal.InvokeParameterisedMethod.evaluate(InvokeParameterisedMethod.java:102)
	at org.junit.internal.runners.statements.FailOnTimeout$1.run(FailOnTimeout.java:28)
Caused by: ptolemy.kernel.util.IllegalActionException: Found a zero delay loop containing .HierarchicalModel.A
  in .HierarchicalModel and .HierarchicalModel.A
	at ptolemy.actor.util.CausalityInterfaceForComposites._computeOutputPortDepth(CausalityInterfaceForComposites.java:759)
	at ptolemy.actor.util.CausalityInterfaceForComposites._computeInputDepth(CausalityInterfaceForComposites.java:696)
	at ptolemy.actor.util.CausalityInterfaceForComposites._computeOutputPortDepth(CausalityInterfaceForComposites.java:765)
	at ptolemy.actor.util.CausalityInterfaceForComposites._computeInputDepth(CausalityInterfaceForComposites.java:696)
	at ptolemy.actor.util.CausalityInterfaceForComposites._computeOutputPortDepth(CausalityInterfaceForComposites.java:765)
	at ptolemy.actor.util.CausalityInterfaceForComposites._computeInputDepth(CausalityInterfaceForComposites.java:696)
	at ptolemy.actor.util.CausalityInterfaceForComposites._computeActorDepth(CausalityInterfaceForComposites.java:532)
	at ptolemy.actor.util.CausalityInterfaceForComposites.checkForCycles(CausalityInterfaceForComposites.java:96)
	at ptolemy.domains.de.kernel.DEDirector.preinitialize(DEDirector.java:1338)
	at ptolemy.actor.CompositeActor.preinitialize(CompositeActor.java:1828)
	at ptolemy.actor.Manager.preinitializeAndResolveTypes(Manager.java:1040)
	at ptolemy.actor.Manager.initialize(Manager.java:710)
	at ptolemy.actor.Manager.execute(Manager.java:356)
	at ptolemy.actor.Manager.run(Manager.java:1263)
	at ptolemy.actor.Manager$PtolemyRunThread.run(Manager.java:1933)
java.lang.RuntimeException: Execution failed
	at ptolemy.moml.MoMLSimpleApplication$UnloadThread.run(MoMLSimpleApplication.java:402)
Caused by: ptolemy.kernel.util.IllegalActionException: Found a zero delay loop containing .dependencyLoop.original
  in .dependencyLoop and .dependencyLoop.original
	at ptolemy.actor.util.CausalityInterfaceForComposites._computeOutputPortDepth(CausalityInterfaceForComposites.java:759)
	at ptolemy.actor.util.CausalityInterfaceForComposites._computeInputDepth(CausalityInterfaceForComposites.java:696)
	at ptolemy.actor.util.CausalityInterfaceForComposites._computeOutputPortDepth(CausalityInterfaceForComposites.java:765)
	at ptolemy.actor.util.CausalityInterfaceForComposites._computeInputDepth(CausalityInterfaceForComposites.java:696)
	at ptolemy.actor.util.CausalityInterfaceForComposites._computeOutputPortDepth(CausalityInterfaceForComposites.java:765)
	at ptolemy.actor.util.CausalityInterfaceForComposites._computeInputDepth(CausalityInterfaceForComposites.java:696)
	at ptolemy.actor.util.CausalityInterfaceForComposites._computeActorDepth(CausalityInterfaceForComposites.java:532)
	at ptolemy.actor.util.CausalityInterfaceForComposites.checkForCycles(CausalityInterfaceForComposites.java:96)
	at ptolemy.domains.de.kernel.DEDirector.preinitialize(DEDirector.java:1338)
	at ptolemy.actor.CompositeActor.preinitialize(CompositeActor.java:1828)
	at ptolemy.actor.Manager.preinitializeAndResolveTypes(Manager.java:1040)
	at ptolemy.actor.Manager.initialize(Manager.java:710)
	at ptolemy.actor.Manager.execute(Manager.java:356)
	at ptolemy.actor.Manager.run(Manager.java:1263)
	at ptolemy.actor.Manager$PtolemyRunThread.run(Manager.java:1933)
java.lang.reflect.InvocationTargetException
	at java.base/jdk.internal.reflect.NativeConstructorAccessorImpl.newInstance0(Native Method)
	at java.base/jdk.internal.reflect.NativeConstructorAccessorImpl.newInstance(NativeConstructorAccessorImpl.java:62)
	at java.base/jdk.internal.reflect.DelegatingConstructorAccessorImpl.newInstance(DelegatingConstructorAccessorImpl.java:45)
	at java.base/java.lang.reflect.Constructor.newInstance(Constructor.java:490)
	at ptolemy.util.test.junit.AutoKnownFailedTests.RunModel(AutoKnownFailedTests.java:105)
	at java.base/jdk.internal.reflect.NativeMethodAccessorImpl.invoke0(Native Method)
	at java.base/jdk.internal.reflect.NativeMethodAccessorImpl.invoke(NativeMethodAccessorImpl.java:62)
	at java.base/jdk.internal.reflect.DelegatingMethodAccessorImpl.invoke(DelegatingMethodAccessorImpl.java:43)
	at java.base/java.lang.reflect.Method.invoke(Method.java:566)
	at org.junit.runners.model.FrameworkMethod$1.runReflectiveCall(FrameworkMethod.java:44)
	at org.junit.internal.runners.model.ReflectiveCallable.run(ReflectiveCallable.java:15)
	at org.junit.runners.model.FrameworkMethod.invokeExplosively(FrameworkMethod.java:41)
	at junitparams.internal.InvokeParameterisedMethod.evaluate(InvokeParameterisedMethod.java:102)
	at org.junit.internal.runners.statements.FailOnTimeout$1.run(FailOnTimeout.java:28)
Caused by: ptolemy.kernel.util.IllegalActionException: Found a zero delay loop containing .dependencyLoop.original
  in .dependencyLoop and .dependencyLoop.original
	at ptolemy.actor.util.CausalityInterfaceForComposites._computeOutputPortDepth(CausalityInterfaceForComposites.java:759)
	at ptolemy.actor.util.CausalityInterfaceForComposites._computeInputDepth(CausalityInterfaceForComposites.java:696)
	at ptolemy.actor.util.CausalityInterfaceForComposites._computeOutputPortDepth(CausalityInterfaceForComposites.java:765)
	at ptolemy.actor.util.CausalityInterfaceForComposites._computeInputDepth(CausalityInterfaceForComposites.java:696)
	at ptolemy.actor.util.CausalityInterfaceForComposites._computeOutputPortDepth(CausalityInterfaceForComposites.java:765)
	at ptolemy.actor.util.CausalityInterfaceForComposites._computeInputDepth(CausalityInterfaceForComposites.java:696)
	at ptolemy.actor.util.CausalityInterfaceForComposites._computeActorDepth(CausalityInterfaceForComposites.java:532)
	at ptolemy.actor.util.CausalityInterfaceForComposites.checkForCycles(CausalityInterfaceForComposites.java:96)
	at ptolemy.domains.de.kernel.DEDirector.preinitialize(DEDirector.java:1338)
	at ptolemy.actor.CompositeActor.preinitialize(CompositeActor.java:1828)
	at ptolemy.actor.Manager.preinitializeAndResolveTypes(Manager.java:1040)
	at ptolemy.actor.Manager.initialize(Manager.java:710)
	at ptolemy.actor.Manager.execute(Manager.java:356)
	at ptolemy.actor.Manager.run(Manager.java:1263)
	at ptolemy.actor.Manager$PtolemyRunThread.run(Manager.java:1933)
java.lang.RuntimeException: Execution failed
	at ptolemy.moml.MoMLSimpleApplication$UnloadThread.run(MoMLSimpleApplication.java:402)
Caused by: ptolemy.kernel.util.IllegalActionException: Found a zero delay loop containing .dependencyLoop2.original
  in .dependencyLoop2 and .dependencyLoop2.original
	at ptolemy.actor.util.CausalityInterfaceForComposites._computeOutputPortDepth(CausalityInterfaceForComposites.java:759)
	at ptolemy.actor.util.CausalityInterfaceForComposites._computeInputDepth(CausalityInterfaceForComposites.java:696)
	at ptolemy.actor.util.CausalityInterfaceForComposites._computeOutputPortDepth(CausalityInterfaceForComposites.java:765)
	at ptolemy.actor.util.CausalityInterfaceForComposites._computeInputDepth(CausalityInterfaceForComposites.java:696)
	at ptolemy.actor.util.CausalityInterfaceForComposites._computeOutputPortDepth(CausalityInterfaceForComposites.java:765)
	at ptolemy.actor.util.CausalityInterfaceForComposites._computeInputDepth(CausalityInterfaceForComposites.java:696)
	at ptolemy.actor.util.CausalityInterfaceForComposites._computeActorDepth(CausalityInterfaceForComposites.java:532)
	at ptolemy.actor.util.CausalityInterfaceForComposites.checkForCycles(CausalityInterfaceForComposites.java:96)
	at ptolemy.domains.de.kernel.DEDirector.preinitialize(DEDirector.java:1338)
	at ptolemy.actor.CompositeActor.preinitialize(CompositeActor.java:1828)
	at ptolemy.actor.Manager.preinitializeAndResolveTypes(Manager.java:1040)
	at ptolemy.actor.Manager.initialize(Manager.java:710)
	at ptolemy.actor.Manager.execute(Manager.java:356)
	at ptolemy.actor.Manager.run(Manager.java:1263)
	at ptolemy.actor.Manager$PtolemyRunThread.run(Manager.java:1933)
java.lang.reflect.InvocationTargetException
	at java.base/jdk.internal.reflect.NativeConstructorAccessorImpl.newInstance0(Native Method)
	at java.base/jdk.internal.reflect.NativeConstructorAccessorImpl.newInstance(NativeConstructorAccessorImpl.java:62)
	at java.base/jdk.internal.reflect.DelegatingConstructorAccessorImpl.newInstance(DelegatingConstructorAccessorImpl.java:45)
	at java.base/java.lang.reflect.Constructor.newInstance(Constructor.java:490)
	at ptolemy.util.test.junit.AutoKnownFailedTests.RunModel(AutoKnownFailedTests.java:105)
	at java.base/jdk.internal.reflect.NativeMethodAccessorImpl.invoke0(Native Method)
	at java.base/jdk.internal.reflect.NativeMethodAccessorImpl.invoke(NativeMethodAccessorImpl.java:62)
	at java.base/jdk.internal.reflect.DelegatingMethodAccessorImpl.invoke(DelegatingMethodAccessorImpl.java:43)
	at java.base/java.lang.reflect.Method.invoke(Method.java:566)
	at org.junit.runners.model.FrameworkMethod$1.runReflectiveCall(FrameworkMethod.java:44)
	at org.junit.internal.runners.model.ReflectiveCallable.run(ReflectiveCallable.java:15)
	at org.junit.runners.model.FrameworkMethod.invokeExplosively(FrameworkMethod.java:41)
	at junitparams.internal.InvokeParameterisedMethod.evaluate(InvokeParameterisedMethod.java:102)
	at org.junit.internal.runners.statements.FailOnTimeout$1.run(FailOnTimeout.java:28)
Caused by: ptolemy.kernel.util.IllegalActionException: Found a zero delay loop containing .dependencyLoop2.original
  in .dependencyLoop2 and .dependencyLoop2.original
	at ptolemy.actor.util.CausalityInterfaceForComposites._computeOutputPortDepth(CausalityInterfaceForComposites.java:759)
	at ptolemy.actor.util.CausalityInterfaceForComposites._computeInputDepth(CausalityInterfaceForComposites.java:696)
	at ptolemy.actor.util.CausalityInterfaceForComposites._computeOutputPortDepth(CausalityInterfaceForComposites.java:765)
	at ptolemy.actor.util.CausalityInterfaceForComposites._computeInputDepth(CausalityInterfaceForComposites.java:696)
	at ptolemy.actor.util.CausalityInterfaceForComposites._computeOutputPortDepth(CausalityInterfaceForComposites.java:765)
	at ptolemy.actor.util.CausalityInterfaceForComposites._computeInputDepth(CausalityInterfaceForComposites.java:696)
	at ptolemy.actor.util.CausalityInterfaceForComposites._computeActorDepth(CausalityInterfaceForComposites.java:532)
	at ptolemy.actor.util.CausalityInterfaceForComposites.checkForCycles(CausalityInterfaceForComposites.java:96)
	at ptolemy.domains.de.kernel.DEDirector.preinitialize(DEDirector.java:1338)
	at ptolemy.actor.CompositeActor.preinitialize(CompositeActor.java:1828)
	at ptolemy.actor.Manager.preinitializeAndResolveTypes(Manager.java:1040)
	at ptolemy.actor.Manager.initialize(Manager.java:710)
	at ptolemy.actor.Manager.execute(Manager.java:356)
	at ptolemy.actor.Manager.run(Manager.java:1263)
	at ptolemy.actor.Manager$PtolemyRunThread.run(Manager.java:1933)
]]></system-err>
</testsuite>
