<html xmlns:string="xalan://java.lang.String" xmlns:lxslt="http://xml.apache.org/xslt">
    <head>
        <META http-equiv="Content-Type" content="text/html; charset=UTF-8">
        <title>Standard Output from JUnitTclTest</title>
    </head>
    <body>
        <pre>/home/travis/build/icyphy/ptII/ptolemy/caltrop/util/test/IntegerList.tcl
testDefs.tcl: setting time out to 9000 seconds at Fri Jul 12 06:04:52 UTC 2019
/home/travis/build/icyphy/ptII/ptolemy/caltrop/util/test/PtArrayList.tcl


==== $PTII/ptolemy/caltrop/util/test/PtArrayList.tcl: PtArrayList1.1 Construct a PtArrayList
==== Contents of test case:

    set value0 [java::new ptolemy.data.StringToken AB]
    set value1 [java::new ptolemy.data.StringToken CD]
    set valueArray [java::new {ptolemy.data.Token[]}  2 [list $value0 $value1]]
    set arrayToken [java::new {ptolemy.data.ArrayToken} $valueArray]
    set arrayList [java::new ptolemy.caltrop.util.PtArrayList $arrayToken]
    catch {$arrayList get 3} errMsg
    list  [$arrayList size]  [[$arrayList get 0] toString]  [[$arrayList get 1] toString]  $errMsg


==== Result was:
2 {"AB"} {"CD"} {java.lang.ArrayIndexOutOfBoundsException: Index 3 out of bounds for length 2}
---- Result should have been:
2 {"AB"} {"CD"} {java.lang.ArrayIndexOutOfBoundsException: 3}
---- PtArrayList1.1 FAILED
07/12/19 06:04:53
Failed: 1  Total Tests: 9  ((Passed: 8, Newly Passed: 0)  Known Failed: 0) /home/travis/build/icyphy/ptII/ptolemy/caltrop/util/test
No auto/knownFailedTests/*.xml tests in /home/travis/build/icyphy/ptII/ptolemy/caltrop/util/test
No auto/linux-amd64/*.xml tests in /home/travis/build/icyphy/ptII/ptolemy/caltrop/util/test
AutoTests.java: About to close Vertx.
AutoTests.java: Vertx closed.
No auto/*.xml tests in /home/travis/build/icyphy/ptII/ptolemy/caltrop/util/test
AutoTests.java: About to close Vertx.
AutoTests.java: Vertx closed.
</pre>
    </body>
</html>
