<html xmlns:string="xalan://java.lang.String" xmlns:lxslt="http://xml.apache.org/xslt">
<head>
<META http-equiv="Content-Type" content="text/html; charset=UTF-8">
<title>Standard Output from JUnitTclTest</title>
</head>
<body>
<pre>/home/travis/build/icyphy/ptII/ptolemy/domains/test/domains.tcl
testDefs.tcl: setting time out to 9000 seconds at Tue Jan 15 03:24:38 UTC 2019
domains-2.1 takes about 7 seconds...
838 ms. Memory: 146944K Free: 125693K (86%)
12017 ms. Memory: 208384K Free: 188450K (90%)
143 ms. Memory: 208384K Free: 172204K (83%)
14 ms. Memory: 208384K Free: 165136K (79%)
20 ms. Memory: 208384K Free: 159451K (77%)
10 ms. Memory: 208384K Free: 154172K (74%)


==== $PTII/ptolemy/domains/test/domains.tcl: domains-6.1 
==== Contents of test case:

    jdkCaptureErr {
        catch {createAndExecute "auto/knownFailedTests/SRSDFtest2.xml"} errMsg
    } err
    list $errMsg

==== Result was:
{ptolemy.kernel.util.IllegalActionException: Exception(s) thrown during wrapup:
ptolemy.kernel.util.IllegalActionException: Exceptions occurred during wrapup:
ptolemy.kernel.util.IllegalActionException: The test produced only 0 tokens, yet the correctValues parameter was expecting 1 tokens.
  in .SRSDFtest2.NonStrictTest

  in .SRSDFtest2.1:SR Director
Because:
The test produced only 0 tokens, yet the correctValues parameter was expecting 1 tokens.
  in .SRSDFtest2.NonStrictTest========

  in .SRSDFtest2
Because:
Exceptions occurred during wrapup:
ptolemy.kernel.util.IllegalActionException: The test produced only 0 tokens, yet the correctValues parameter was expecting 1 tokens.
  in .SRSDFtest2.NonStrictTest

  in .SRSDFtest2.1:SR Director
Because:
The test produced only 0 tokens, yet the correctValues parameter was expecting 1 tokens.
  in .SRSDFtest2.NonStrictTest}
---- Result should have been:
{ptolemy.kernel.util.IllegalActionException: Exceptions occurred during wrapup:
ptolemy.kernel.util.IllegalActionException: The test produced only 0 tokens, yet the correctValues parameter was expecting 1 tokens.
  in .SRSDFtest2.NonStrictTest

  in .SRSDFtest2.1:SR Director
Because:
The test produced only 0 tokens, yet the correctValues parameter was expecting 1 tokens.
  in .SRSDFtest2.NonStrictTest}
@@@@@ known results is more than 7 lines long, so we run diff
1c1,13
&lt; {ptolemy.kernel.util.IllegalActionException: Exceptions occurred during wrapup:
---
&gt; {ptolemy.kernel.util.IllegalActionException: Exception(s) thrown during wrapup:
&gt; ptolemy.kernel.util.IllegalActionException: Exceptions occurred during wrapup:
&gt; ptolemy.kernel.util.IllegalActionException: The test produced only 0 tokens, yet the correctValues parameter was expecting 1 tokens.
&gt;   in .SRSDFtest2.NonStrictTest
&gt; 
&gt;   in .SRSDFtest2.1:SR Director
&gt; Because:
&gt; The test produced only 0 tokens, yet the correctValues parameter was expecting 1 tokens.
&gt;   in .SRSDFtest2.NonStrictTest========
&gt; 
&gt;   in .SRSDFtest2
&gt; Because:
&gt; Exceptions occurred during wrapup:
@@@@@ Done running diffText
---- domains-6.1 FAILED
01/15/19 03:24:51
Failed: 1  Total Tests: 6  ((Passed: 5, Newly Passed: 0)  Known Failed: 0) /home/travis/build/icyphy/ptII/ptolemy/domains/test
----------------- testing (KnownFailure) /home/travis/build/icyphy/ptII/ptolemy/domains/test/auto/knownFailedTests/PNSDFtest1.xml
Known Failure: java.lang.reflect.InvocationTargetException
----------------- testing (KnownFailure) /home/travis/build/icyphy/ptII/ptolemy/domains/test/auto/knownFailedTests/PNSRtest3.xml
341 ms. Memory: 208384K Free: 122752K (59%)
411 ms. Memory: 208384K Free: 122049K (59%)
Known Failure: java.lang.reflect.InvocationTargetException
----------------- testing (KnownFailure) /home/travis/build/icyphy/ptII/ptolemy/domains/test/auto/knownFailedTests/SDFSRtest2.xml
12 ms. Memory: 208384K Free: 119871K (58%)
Known Failure: java.lang.reflect.InvocationTargetException
----------------- testing (KnownFailure) /home/travis/build/icyphy/ptII/ptolemy/domains/test/auto/knownFailedTests/SRSDFtest1.xml
6 ms. Memory: 208384K Free: 117365K (56%)
Known Failure: java.lang.reflect.InvocationTargetException
----------------- testing (KnownFailure) /home/travis/build/icyphy/ptII/ptolemy/domains/test/auto/knownFailedTests/SRSDFtest2.xml
7 ms. Memory: 208384K Free: 115226K (55%)
Known Failure: java.lang.reflect.InvocationTargetException
No auto/linux-amd64/*.xml tests in /home/travis/build/icyphy/ptII/ptolemy/domains/test
AutoTests.java: About to close Vertx.
AutoTests.java: Vertx closed.

===========================================================================================
----------------- testing Tue Jan 15 03:24:52 UTC 2019 /home/travis/build/icyphy/ptII/ptolemy/domains/test/auto/CSPSDFtest1.xml
----------------- Instantiating /home/travis/build/icyphy/ptII/ptolemy/domains/test/auto/CSPSDFtest1.xml
35 ms. Memory: 208384K Free: 80977K (39%)
----------------- Invoking toplevel() on ptolemy.moml.MoMLSimpleApplication@16376c9
----------------- Done invoking toplevel() on ptolemy.moml.MoMLSimpleApplication@16376c9
reloadAllAccessors: .CSPSDFtest1

===========================================================================================
----------------- testing Tue Jan 15 03:24:52 UTC 2019 /home/travis/build/icyphy/ptII/ptolemy/domains/test/auto/CSPSRtest1.xml
----------------- Instantiating /home/travis/build/icyphy/ptII/ptolemy/domains/test/auto/CSPSRtest1.xml
95 ms. Memory: 328704K Free: 292374K (89%)
----------------- Invoking toplevel() on ptolemy.moml.MoMLSimpleApplication@3801b41b
----------------- Done invoking toplevel() on ptolemy.moml.MoMLSimpleApplication@3801b41b
reloadAllAccessors: .CSPSRtest1

===========================================================================================
----------------- testing Tue Jan 15 03:24:52 UTC 2019 /home/travis/build/icyphy/ptII/ptolemy/domains/test/auto/CSPSRtest2.xml
----------------- Instantiating /home/travis/build/icyphy/ptII/ptolemy/domains/test/auto/CSPSRtest2.xml
92 ms. Memory: 328704K Free: 276728K (84%)
----------------- Invoking toplevel() on ptolemy.moml.MoMLSimpleApplication@2b86bd73
----------------- Done invoking toplevel() on ptolemy.moml.MoMLSimpleApplication@2b86bd73
reloadAllAccessors: .CSPSRtest2

===========================================================================================
----------------- testing Tue Jan 15 03:24:52 UTC 2019 /home/travis/build/icyphy/ptII/ptolemy/domains/test/auto/PNSRtest1.xml
----------------- Instantiating /home/travis/build/icyphy/ptII/ptolemy/domains/test/auto/PNSRtest1.xml
34 ms. Memory: 328704K Free: 267574K (81%)
----------------- Invoking toplevel() on ptolemy.moml.MoMLSimpleApplication@4cca0930
----------------- Done invoking toplevel() on ptolemy.moml.MoMLSimpleApplication@4cca0930
reloadAllAccessors: .PNSRtest1

===========================================================================================
----------------- testing Tue Jan 15 03:24:52 UTC 2019 /home/travis/build/icyphy/ptII/ptolemy/domains/test/auto/PNSRtest2.xml
----------------- Instantiating /home/travis/build/icyphy/ptII/ptolemy/domains/test/auto/PNSRtest2.xml
16 ms. Memory: 328704K Free: 258899K (79%)
----------------- Invoking toplevel() on ptolemy.moml.MoMLSimpleApplication@62d75277
----------------- Done invoking toplevel() on ptolemy.moml.MoMLSimpleApplication@62d75277
reloadAllAccessors: .PNSRtest2

===========================================================================================
----------------- testing Tue Jan 15 03:24:52 UTC 2019 /home/travis/build/icyphy/ptII/ptolemy/domains/test/auto/PNSRtest4.xml
----------------- Instantiating /home/travis/build/icyphy/ptII/ptolemy/domains/test/auto/PNSRtest4.xml
34 ms. Memory: 328704K Free: 245927K (75%)
----------------- Invoking toplevel() on ptolemy.moml.MoMLSimpleApplication@c865e08
----------------- Done invoking toplevel() on ptolemy.moml.MoMLSimpleApplication@c865e08
reloadAllAccessors: .PNSRtest4

===========================================================================================
----------------- testing Tue Jan 15 03:24:52 UTC 2019 /home/travis/build/icyphy/ptII/ptolemy/domains/test/auto/SDFSRtest1.xml
----------------- Instantiating /home/travis/build/icyphy/ptII/ptolemy/domains/test/auto/SDFSRtest1.xml
13 ms. Memory: 328704K Free: 241118K (73%)
----------------- Invoking toplevel() on ptolemy.moml.MoMLSimpleApplication@3f632fbe
----------------- Done invoking toplevel() on ptolemy.moml.MoMLSimpleApplication@3f632fbe
reloadAllAccessors: .SDFSRtest1

===========================================================================================
----------------- testing Tue Jan 15 03:24:52 UTC 2019 /home/travis/build/icyphy/ptII/ptolemy/domains/test/auto/SDFSRtest3.xml
----------------- Instantiating /home/travis/build/icyphy/ptII/ptolemy/domains/test/auto/SDFSRtest3.xml
4 ms. Memory: 328704K Free: 236278K (72%)
----------------- Invoking toplevel() on ptolemy.moml.MoMLSimpleApplication@1e845522
----------------- Done invoking toplevel() on ptolemy.moml.MoMLSimpleApplication@1e845522
reloadAllAccessors: .SDFSRtest3

===========================================================================================
----------------- testing Tue Jan 15 03:24:52 UTC 2019 /home/travis/build/icyphy/ptII/ptolemy/domains/test/auto/SRSDFtest3.xml
----------------- Instantiating /home/travis/build/icyphy/ptII/ptolemy/domains/test/auto/SRSDFtest3.xml
5 ms. Memory: 328704K Free: 230510K (70%)
----------------- Invoking toplevel() on ptolemy.moml.MoMLSimpleApplication@10a360cf
----------------- Done invoking toplevel() on ptolemy.moml.MoMLSimpleApplication@10a360cf
reloadAllAccessors: .SRSDFtest3
AutoTests.java: About to close Vertx.
AutoTests.java: Vertx closed.
</pre>
</body>
</html>
