<html xmlns:string="xalan://java.lang.String" xmlns:lxslt="http://xml.apache.org/xslt">
    <head>
        <META http-equiv="Content-Type" content="text/html; charset=UTF-8">
        <title>Standard Output from JUnitTclTest</title>
    </head>
    <body>
        <pre>/home/travis/build/icyphy/ptII/adm/installers/test/NightlyUpdate.tcl
testDefs.tcl: setting time out to 9000 seconds at Thu Jul 08 02:40:29 UTC 2021
This test (NightlyUpdate.tcl) should be run after NightlyTest.tcl
adm/test/nightlyMake.tcl: about to execute [make -C /home/travis/build/icyphy/ptII/adm/installers/test/../../../adm/gen-11.1 PTIIHOME=/home/travis/build/icyphy/ptII/adm/installers/test/../../.. PTIIADM=/home/travis/build/icyphy/ptII/adm/installers/test/../../../adm JAR=/usr/bin/jar TAR=/usr/local/bin/tar updateDOPCenterImage]
About to execute:
    make -C
/home/travis/build/icyphy/ptII/adm/installers/test/../../../adm/gen-11.1
PTIIHOME=/home/travis/build/icyphy/ptII/adm/installers/test/../../..
PTIIADM=/home/travis/build/icyphy/ptII/adm/installers/test/../../../adm
JAR=/usr/bin/jar TAR=/usr/local/bin/tar updateDOPCenterImage
make: Entering directory '/home/travis/build/icyphy/ptII/adm/gen-11.1'
/home/travis/build/icyphy/ptII/adm/installers/test/../../../adm/gen-11.1/updateDOPCenterImageX11
Be sure that everything is built
For more verbose output, run ./configure --enable-verbose
checking if your path has 'program files/java' instead of 'Program Files/Java' ... ok
checking if $PTII ('/home/travis/build/icyphy/ptII') has backslashes... ok
checking if $PTII ('/home/travis/build/icyphy/ptII') and the current directory are the same"... checking if $PTII ('/home/travis/build/icyphy/ptII') contains "cygdrive"... ok
checking for find... /usr/bin/find
checking for javac... /usr/local/lib/jvm/openjdk11/bin/javac
Unrecognized option: -d32
Error: Could not create the Java Virtual Machine.
Error: A fatal exception has occurred. Program will exit.
checking for java32... no
configure: WARNING: Running java -d32 -version failed,
    and ./bin/java does not exist.
    Perhaps you need to install a separate 32-bit JVM
    or rerun configure with --with-java32?
    The 32-bit JVM is only needed for certain 32-bit FMI tests.
    In general, under a 64-bit JVM, FMI will work fine without a 32-bit JVM.
checking for the java runtime in /usr/local/lib/jvm/openjdk11/bin... ok
checking for java... /usr/local/lib/jvm/openjdk11/bin/java
checking for the java compiler in /usr/local/lib/jvm/openjdk11/bin... ok
checking for javac... (cached) /usr/local/lib/jvm/openjdk11/bin/javac
checking the Java compiler with a simple compile... ok
checking the value of the java.version Property ... ok
checking for Java version for use with -target and by Ant in build.xml... ok
checking the JDK version... ok
checking for java.home property by compiling a test program ... ok
checking for java.home property by running a test program ... ok
checking for the jar command... ok
checking that /usr/local/lib/jvm/openjdk11/bin/jar can handle -i... ok
checking for the jarsigner command... ok
configure: WARNING: Cannot find '/usr/local/lib/jvm/openjdk11/bin/javaws'.
    or '/Commands/javaws', looking in the path.
    This is only a problem when testing the Java Webstart (JNLP) files.
configure: WARNING: The javaws command "" is not executable or not found.
    This is only a problem when testing the Java Webstart (JNLP) files.
checking for the javaws command... checking for javaws... no
checking for the keytool command... ok
checking for the proper CLASSPATH separator... ok
checking for /home/travis/build/icyphy/ptII/org/terraswarm/accessor/accessors/, used by CapeCode and Accessors... ok
checking Java 9 and later... ok
checking for the Apache ant binary... ok
checking for gawk... /usr/bin/gawk
checking for mvn... /usr/local/maven-3.6.3/bin/mvn
checking for maven ant task.  This could take a minute the first time configure is run.... ok
configure: WARNING: Failed to find /usr/local/include/boost/numeric/odeint.hpp
    This is only a problem if you want to rebuild the Functional
    Mock-up Interface ++ C files in actor/lib/fmi/fmipp.
    Most users can use the shared libraries in /home/travis/build/icyphy/ptII/lib or /home/travis/build/icyphy/ptII/bin.
checking for websensor in $PTII/ptolemy/apps/websensor... checking for Boost... checking for BSH, the Java Bean Shell... ok
checking for Cal, the actor language... ok
checking for saxon8.jar (used by caltrop)... ok
checking for saxon8-dom.jar (used by caltrop)... ok
checking for java_cup.jar (used by caltrop)... ok
configure: WARNING: Failed to find Checkstyle in /home/travis/build/icyphy/ptII/vendors/checkstyle-6.2
    Checkstyle is only necessary for code cleaning.
    Checkstyle is LGPL'd, so while it could be in the ptII repo, we don't add it.
    Checkstyle may be downloaded from http://checkstyle.sourceforge.net/
checking for Checkstyle, optionally used to check the style of Java files.... checking for Chic, the model checker... ok
checking for Ptolemy subset of Colt, the scientific computing lib... ok
configure: WARNING: Did not find /home/travis/build/icyphy/ptII/vendors/misc/colt/colt.jar,
    using /home/travis/build/icyphy/ptII/lib/ptcolt.jar
CORBATest.java:28: error: package org.omg.CORBA does not exist
import org.omg.CORBA.Object;
                    ^
CORBATest.java:46: error: package org.omg.CORBA does not exist
    public static org.omg.CORBA.Object corbaObject = null;
                               ^
2 errors
configure: WARNING: '"/usr/local/lib/jvm/openjdk11/bin/javac" CORBATest.java' failed.
    perhaps you are running an JDK 1.9?
    You will not be able to run the ptolemy.actor.corba actors,
    which is probably not a problem.
configure: WARNING: Failed to find Cobertura in /home/travis/build/icyphy/ptII/vendors/corbertura-2.0.3
    Cobertura is only necessary to for code coverage.
    Cobertura is GPL'd, so we don't check it in to the ptII repository.
    Cobertura may be downloaded from http://cobertura.github.io/cobertura/
configure: WARNING: Failed to find CUnit in /usr/local or
    /home/travis/build/icyphy/ptII/vendors/CUnit.
    CUnit is only necessary to test the C templates of the code generation facility
configure: WARNING: Could not find tools.jar, checking for classes.jar
configure: WARNING: Could not find tools.jar or classes.jar in
    PTJAVA_HOME = /usr/local/lib/jvm/openjdk11
    Usually, tools.jar is in PTJAVA_HOME/../lib/tools.jar
    or classes.jar is in PTJAVA_HOME/../Classes/classes.jar
    Since tools.jar and classes.jar cannot be found,
    we will not use doclets from ptII/doc/doclets, which
    means that the actor documentation index system will not work.
checking for Full version of Colt, the scientific computing lib... checking for CORBA... checking for Cobertura, optionally used for Java code coverage.... checking for CUnit to be used to test the C cg templates... checking for tools.jar for use with doclets... checking for classes.jar for use with doclets... checking for javadoc... /usr/local/lib/jvm/openjdk11/bin/javadoc
configure: WARNING: Failed to find /home/travis/build/icyphy/ptII/vendors/mbed/gcc-arm/bin/arm-none-eabi-gcc
    so the Mbed CG facility will not be run.
checking for arm-none-eabi-gcc... checking for the iText PDF jar... ok
checking G4LTL... ok
JAITest.java:32: error: package com.sun.image.codec.jpeg does not exist
import com.sun.image.codec.jpeg.JPEGCodec;
                               ^
JAITest.java:28: error: package javax.media.jai does not exist
import javax.media.jai.*;
^
2 errors
configure: WARNING: JAI not found in the default classpath
checking for Java Advanced Imaging (JAI) API... checking for JAI in /home/travis/build/icyphy/ptII/vendors... ok
JAITest.java:32: error: package com.sun.image.codec.jpeg does not exist
import com.sun.image.codec.jpeg.JPEGCodec;
                               ^
1 error
configure: WARNING: JAI not found in /home/travis/build/icyphy/ptII/vendors/jai-1_1_3
configure: WARNING: '"/usr/local/lib/jvm/openjdk11/bin/javac" JAITest.java' failed and JAI jars were not found
    in /home/travis/build/icyphy/ptII/vendors
    perhaps the Java Advanced Imaging API is not installed?

    Note that JAI does not work in Java 9 and later because Java 9 removed
    internal classes used by JAI.
    See https://wiki.eecs.berkeley.edu/ptexternal/Main/JAI

    You need not download Jai unless you plan on using the video
    actors in /home/travis/build/icyphy/ptII/ptolemy/actor/lib/jai
    The JAI API can be downloaded from
    http://www.oracle.com/technetwork/java/javasebusiness/downloads/java-archive-downloads-java-client-419417.html
checking for JAI using jars in /home/travis/build/icyphy/ptII/vendors/jai-1_1_3/lib... checking for Jcerti, used by hlacerti ... ok
checking for JavaMail directory... ok
configure: WARNING: Failed to find /usr/local/jmodelica/include/jmi.h
    which is part of JModelica.
    Ptolemy optionally includes one or more FMUs that use JModelica.
    To install JModelica, see https://svn.jmodelica.org/trunk/INSTALL
checking for JModelica... TMP_JAVAFX_DIR=/home/travis/build/icyphy/ptII/vendors/javafx/javafx-sdk-11.0.2
/home/travis/build/icyphy/ptII/vendors/javafx: total 4
drwxr-xr-x 4 travis travis 4096 Jan 16  2019 javafx-sdk-11.0.2
JavaFXTest.java:28: error: package javafx.embed.swing does not exist
import javafx.embed.swing.JFXPanel;
                         ^
JavaFXTest.java:29: error: package javafx.scene.media does not exist
import javafx.scene.media.Media;
                         ^
JavaFXTest.java:49: error: cannot find symbol
    public static JFXPanel fxPanel = null;
                  ^
  symbol:   class JFXPanel
  location: class JavaFXTest
3 errors
configure: WARNING: JavaFX not yet found
checking for JavaFX... checking checking for JavaFX in the default classpath... checking checking for JavaFX in a module... ok
JMFTest.java:28: error: package javax.media does not exist
import javax.media.CaptureDeviceInfo;
                  ^
1 error
configure: WARNING: JMF not found in the default classpath, will check elsewhere next.
checking for Java Media Framework (JMF) in the default classpath... checking for JMF in /home/travis/build/icyphy/ptII/vendors/JMF*... ok
checking for the JMF directory... ok
checking for Java Native Access (JNA) jar... ok
checking for joystick jar file... ok
checking for ptjacl.jar... ok
checking for how to run jacl with "/usr/local/lib/jvm/openjdk11/bin/java"... % ok
checking for JSoup, used when exporting html pages. ... ok
checking for the JUnit - the Java Unit Testing Framework... ok
checking for the JUnitParams, needed by our JUnit tests... ok
checking for the Java Excel API (JXL)... ok
checking for jython... no
checking for jython.bat... no
checking for Jython, the Java implementation of Python... ok
checking for kieler jar file used by layout ... ok
checking for node... checking for node... /home/travis/build/icyphy/ptII/bin/node
checking for npm... checking for npm... /home/travis/build/icyphy/ptII/bin/npm
checking for npm before 5.x... ok
checking for OpenCV Java API... ok
checking for OpenCV by compiling and running a small OpenCV program... About to load opencv_java320
Exception in thread "main" java.lang.RuntimeException: Could not load opencv_java320.
    java.library.path = /home/travis/pthla/certi-tools/lib:/usr/lib/jni:/usr/local/share/OpenCV/java/:/usr/share/OpenCV/java::/usr/java/packages/lib:/usr/lib64:/lib64:/lib:/usr/lib
	at OpenCVTest.main(OpenCVTest.java:79)
Caused by: java.lang.UnsatisfiedLinkError: no opencv_java320 in java.library.path: [/home/travis/pthla/certi-tools/lib, /usr/lib/jni, /usr/local/share/OpenCV/java/, /usr/share/OpenCV/java, ., /usr/java/packages/lib, /usr/lib64, /lib64, /lib, /usr/lib]
	at java.base/java.lang.ClassLoader.loadLibrary(ClassLoader.java:2660)
	at java.base/java.lang.Runtime.loadLibrary0(Runtime.java:829)
	at java.base/java.lang.System.loadLibrary(System.java:1867)
	at OpenCVTest.main(OpenCVTest.java:52)
configure: WARNING: Failed to run OpenCV test program in /home/travis/build/icyphy/ptII/config with
    /usr/local/lib/jvm/openjdk11/bin/java -classpath /home/travis/build/icyphy/ptII/lib/opencv-320.jar:. OpenCVTest
    so we will try other jars.
checking for opencv-*.jar in /home/travis/build/icyphy/ptII/vendors/opencv/share/OpenCV/java /home/travis/build/icyphy/ptII/lib /opt/local/share/OpenCV/java /usr/share/OpenCV/java /usr/local/share/OpenCV/java... ok
checking /home/travis/build/icyphy/ptII/vendors/opencv/share/OpenCV/java/opencv-341.jar... About to load opencv_java341
Imgproc.LINE_8: 8
Loaded opencv_java341
ok
checking if org/ptolemy/opencv will be compiled.... ok
checking for Open Sound Control/Processing.org interface (oscP5). ... ok
checking for rxtx serial port interface... ok
configure: WARNING: Could not find directory
    '/home/travis/build/icyphy/ptII/vendors/sun/javacc-5.0'
    so we search for the jjtree command.
checking for JavaCC... checking for jjtree... no
configure: WARNING: Failed to find jjtree
configure: WARNING: Failed to find javacc, perhaps JavaCC is not installed?
    You need not download JavaCC unless you plan on modifying .jjt files
    in ptolemy/data/expr.
    JavaCC is available from
    https://javacc.org

    Note that the zip file that gets downloaded is actually an installer
    that must be run to install the JavaCC.zip file that contains the classes.

    Note that JavaCC-4.1 and 4.2 will not work, there are problems with
    ReInit() being static or not static.

    JavaCC-6.0 seems to not include the jjtree and javacc scripts, so
    we recommend JavaCC-5.0.

    Try:
    cd /home/travis/build/icyphy/ptII/vendors/sun
    wget https://javacc.org/downloads/javacc-5.0.tar.gz
    tar -zxf javacc-5.0.tar.gz
    cd /home/travis/build/icyphy/ptII
    ./configure

    Configure looks for JavaCC in /home/travis/build/icyphy/ptII/vendors/sun/javacc-5.0
    so either install JavaCC in that location or use the --with-javacc= flag
    and then rerun configure.'
checking for Java3D... ok
checking for Jogl... ok
ok
ok
ok
ls: cannot access '/home/travis/build/icyphy/ptII/vendors/jogl/lib/natives/linux-amd64/*.jar': No such file or directory
checking for jini directory... ok
checking for jars used by jini... ...ok
checking for the proper JNI architecture... checking for gcc... /usr/bin/gcc
checking for cc... (cached) /usr/bin/gcc
checking for javah... /usr/bin/javah
checking for the cc for JNI... checking for that the pieces for JNI have been found... ok
configure: WARNING: /usr/local/lib/jvm/openjdk11/../include was not found.  As a result, compilation of JNI actors will fail.
checking for the proper JNI architecture include directory... checking for the proper JNI library architecture... ok
checking for if the -mno-cygwin flag is available... ok
checking for the proper shared library gcc flag... ok
checking for the proper shared library cc flag... ok
checking for the proper shared library link flag... ok
checking for the proper shared library prefix... ok
checking for the proper shared library suffix... ok
checking for JNI libraries needed to link JNI... ok
checking for jode directory... ok
checking for $JODE_DIR/jode.jar... ok
checking for json directory... ok
checking for matlab... no
configure: WARNING: Failed to find matlab executable in the path.
    Perhaps Matlab is not installed?
    If Matlab is not present, then the Ptolemy II/Matlab interface in
    $PTII/ptolemy/matlab will not be usable.
configure: WARNING: Matlab was not found, but compiling the .java files in ptolemy/matlab/ should be ok.
checking for Protocol Buffers (ProtoBuf)... ok
checking for the Paho MQTT jar... ok
checking for mapss.jar, used by the PSDF domain... ok
checking for anltr.jar, used by the Ptalon... ok
checking for scalac... no
configure: WARNING: Failed to find the scalac binary,
    so org/ptolemy/scala will be excluded
checking for soot directory... ok
checking for $SOOT_DIR/sootclasses.jar... ok
checking for rt.jar by compiling config/SystemJar.java... ok
checking the location or rt.jar... ok
checking for mysql jar, used by the database actors... ok
SystemJar.main(): java.io.FileNotFoundException: /usr/local/lib/jvm/openjdk11/lib/rt.jar and /usr/local/lib/jvm/openjdk11/lib/core.jar and /usr/local/lib/jvm/openjdk11/../Classes/classes.jar either do not exist or are not readableSystemJar.main(): java.io.FileNotFoundException: /usr/local/lib/jvm/openjdk11/lib/rt.jar and /usr/local/lib/jvm/openjdk11/lib/core.jar and /usr/local/lib/jvm/openjdk11/../Classes/classes.jar either do not exist or are not readableconfigure: WARNING: ojdbc6.jar not found,
    but only necessary to use database actors with Oracle.
    If the mysql jar file is present, then the Oracle Java Database Connector is not necessary
    To install ojdbc5.jar or ojdbc6.jar,
    download it from https://www.oracle.com/technetwork/database/features/jdbc/jdbc-drivers-12c-download-1958347.html
    copy it to ptolemy/actor/lib/database
    and rerun ./configure
checking for ojdbc6.jar... checking for Sphinx4 Speech recognition data jar API... ok
checking for Sphinx4 Speech recognition core jar API... ok
checking for PDFRenderer... ok
configure: WARNING: Failed to find Batik Jar file
    You need only have Batik if you are planning on rebuilding diva.jar
    for use with Kepler.
    Batik can be downloaded from http://xmlgraphics.apache.org/batik/,
    batike-1.9/lib/batik-all-1.9.jar copied to /home/travis/build/icyphy/ptII/lib
    and ./configure rerun.
checking for Batik SVG... checking for svgSalamander... ok
checking for RSyntaxEditor... ok
configure: WARNING: $TOSROOT is not set.  It must be set to use PtinyOS.
configure: WARNING: $TOSROOT is set to '',
     but there is no directory by that name, so we will not set up for PtinyOS.
     For details, see /home/travis/build/icyphy/ptII/ptolemy/domains/ptinyos/README.txt.
configure: WARNING: Failed to find giotto/gdk.jar
    perhaps Giotto is not installed?
    You need not download Giotto unless you plan on generating code for
    Giotto models.
    The Giotto SDK can be
    downloaded from https://embedded.eecs.berkeley.edu/giotto/
    Copy gdk.jar to /home/travis/build/icyphy/ptII/vendors/giotto, for example:
        mkdir -p /home/travis/build/icyphy/ptII/vendors/giotto
        cp C:/Program\ Files/Giotto*/gdk.jar /home/travis/build/icyphy/ptII/vendors/giotto/
checking the for TinyOS... checking for giotto directory... checking for the Vertx application platform interface. ... ok
checking for slf4-api... ok
checking for slf4-simple... ok
checking for webcam-capture... ok
checking for xbjlib directory... ok
checking for gcc... /usr/bin/gcc
checking for libexpat... ok
checking for expat.h... ok
configure: WARNING: Failed to find boost/numeric/odeint.hpp, so FMI ++
    will not be compiled. FMI++ is an extension of the
    Functional Mockup Interface, see
    http://sourceforge.net/p/fmipp/wiki/Home/
configure: creating ./config.status
config.status: creating mk/ptII.mk
config.status: creating bin/ptinvoke
config.status: creating build.xml
config.status: creating .classpath
config.status: creating bin/comm.policy
config.status: creating lib/ptII.properties
config.status: creating ptolemy/util/test/junit/javachdir
config.status: creating ptolemy/util/test/junit/javachdir32
config.status: executing default commands
/home/travis/build/icyphy/ptII/bin/ant: Running /home/travis/build/icyphy/ptII/ant/bin/ant 
Buildfile: /home/travis/build/icyphy/ptII/build.xml

build-message:
     [echo] Use ant -p to see other targets. JAVA_HOME=/usr/local/lib/jvm/openjdk11
     [echo] tools.jar is necessary for compilation of doc/doclets/.
     [echo] If compilation fails, try setting JAVA_HOME to the location of the JDK.
     [echo] For example:
     [echo]   [bldmastr@sisyphus ptII]$ which java
     [echo]   /usr/bin/java
     [echo]   [bldmastr@sisyphus ptII]$ ls -l /usr/bin/java
     [echo]   lrwxrwxrwx 1 root root 26 Jul 31 10:12 /usr/bin/java -&gt; /usr/java/default/bin/java
     [echo]   [bldmastr@sisyphus ptII]$ export JAVA_HOME=/usr/java/default
     [echo]     

-build-subprojects-empty:

build-subprojects:

-check-node:

-check-node-works:
     [exec] /home/travis/build/icyphy/ptII/bin/node: Running /home/travis/.nvm/versions/node/v7.10.1/bin/node --version
     [exec] v7.10.1

-check-npm:

-check-npm-works:
     [exec] /home/travis/build/icyphy/ptII/bin/npm: Running /home/travis/.nvm/versions/node/v7.10.1/bin/npm --version
     [exec] /home/travis/build/icyphy/ptII/bin/node: Running /home/travis/.nvm/versions/node/v7.10.1/bin/node /home/travis/.nvm/versions/node/v7.10.1/bin/npm --version
     [exec] 4.2.0

-check-if-npmjs-org-is-up:
     [echo] Check to see if https://www.npmjs.org is up.

-jsdoc-no-network-message:

-check-jsdoc:

jsdoc-install:

jsdoc-update:
     [exec] /home/travis/build/icyphy/ptII/bin/npm: Running /home/travis/.nvm/versions/node/v7.10.1/bin/npm update @terraswarm/jsdoc
     [exec] /home/travis/build/icyphy/ptII/bin/node: Running /home/travis/.nvm/versions/node/v7.10.1/bin/node /home/travis/.nvm/versions/node/v7.10.1/bin/npm update @terraswarm/jsdoc

-ptdoc-no-node:

-ptdoc-no-npm:

ptdoc:
     [echo] 
     [echo]       If the ptdoc target fails, then try running:
     [echo]           ant build-project build-bin
     [echo]     

-check-node:

-check-node-works:
     [exec] /home/travis/build/icyphy/ptII/bin/node: Running /home/travis/.nvm/versions/node/v7.10.1/bin/node --version
     [exec] v7.10.1

-check-npm:

-check-npm-works:
     [exec] /home/travis/build/icyphy/ptII/bin/npm: Running /home/travis/.nvm/versions/node/v7.10.1/bin/npm --version
     [exec] /home/travis/build/icyphy/ptII/bin/node: Running /home/travis/.nvm/versions/node/v7.10.1/bin/node /home/travis/.nvm/versions/node/v7.10.1/bin/npm --version
     [exec] 4.2.0

-check-if-npmjs-org-is-up:
     [echo] Check to see if https://www.npmjs.org is up or $TRAVIS is set.

-jsdoc-no-network-message:

-check-jsdoc:
     [echo] To stop CapeCode from invoking jsdoc and svn, set the PT_NO_NET environment variable.  
     [echo]     Under BASH:
     [echo]         export PT_NO_NET=true
     [echo]     If ptdoc fails, and you are building from $PTII, try:
     [echo]         ant build-project build-bin
     [echo]     

jsdoc-install:

jsdoc-update:
     [exec] /home/travis/build/icyphy/ptII/bin/npm: Running /home/travis/.nvm/versions/node/v7.10.1/bin/npm update @terraswarm/jsdoc
     [exec] /home/travis/build/icyphy/ptII/bin/node: Running /home/travis/.nvm/versions/node/v7.10.1/bin/node /home/travis/.nvm/versions/node/v7.10.1/bin/npm update @terraswarm/jsdoc

-ptdoc-no-node-message:

-ptdoc-no-npm-message:

-check-jsdoc-again:

-jsdoc-command-message:

ptdoc:
     [echo] Invoke /home/travis/build/icyphy/ptII/org/terraswarm/accessor/accessors/web/../node_modules/@terraswarm/jsdoc/jsdoc.js to read *.js files and generate *PtDoc.xml files suitable for Ptolemy.
     [echo]     See https://chess.eecs.berkeley.edu/ptexternal/wiki/Main/JSDocSystems
     [echo]     See jsdoc/jsdoc.json
     [echo]     See jsdoc/plugins/accessorJSDocTags.js
     [echo]     See jsdoc/templates/ptdoc/publish.js
     [echo] 
     [echo]     If the ptdoc target fails, the there is likely a problem with node or npm.  It is possible
     [echo]     to use CapeCode even if the ptdoc target fails.
     [echo]     
     [echo]     If you are building from $PTII, try:
     [echo]         ant build-project build-bin
     [echo] 
     [echo]     
     [exec] /home/travis/build/icyphy/ptII/bin/node: Running /home/travis/.nvm/versions/node/v7.10.1/bin/node /home/travis/build/icyphy/ptII/org/terraswarm/accessor/accessors/web/../node_modules/@terraswarm/jsdoc/jsdoc.js --configure jsdoc/jsdoc.json --recurse --template jsdoc/templates/ptdoc --verbose .
     [exec] Generating output files...
     [exec] Finished running in 13.92 seconds.

build-project:
     [echo] ptII: /home/travis/build/icyphy/ptII/build.xml
    [javac] Compiling 2 source files to /home/travis/build/icyphy/ptII

-check-ptII-mk-file:

-check-bin-vergil:

-check-make-bin-vergil:

build-bin-not:

build-not-bin-vergil:

build-bin:

build:

BUILD SUCCESSFUL
Total time: 20 seconds
Loading DOPCenter model, running it and exporting
+rm DOPCenter.png
rm: cannot remove 'DOPCenter.png': No such file or directory
+/home/travis/build/icyphy/ptII/bin/ptinvoke -Dptolemy.ptII.doNotExit= ptolemy.vergil.basic.export.ExportModel png -run -save /home/travis/build/icyphy/ptII/ptolemy/domains/space/demo/DOPCenter/DOPCenter.xml
Running .DOPCenter
3013 ms. Memory: 160768K Free: 118589K (74%)
Saving .DOPCenter
Exported /home/travis/build/icyphy/ptII/ptolemy/domains/space/demo/DOPCenter/DOPCenter.png
+/home/travis/build/icyphy/ptII/bin/ptinvoke -Dptolemy.ptII.doNotExit= ptolemy.vergil.basic.export.ExportModel png -run -save /home/travis/build/icyphy/ptII/ptolemy/domains/space/demo/DOPCenter/DOPCenter.xml
Running .DOPCenter
3269 ms. Memory: 162816K Free: 122378K (75%)
Saving .DOPCenter
Exported /home/travis/build/icyphy/ptII/ptolemy/domains/space/demo/DOPCenter/DOPCenter.png
+/home/travis/build/icyphy/ptII/bin/ptinvoke ptolemy.actor.gui.MoMLSimpleApplication Placard.xml
3367 ms. Memory: 129024K Free: 85868K (67%)
WARNING: An illegal reflective access operation has occurred
WARNING: Illegal reflective access by io.netty.util.internal.ReflectionUtil (file:/home/travis/build/icyphy/ptII/lib/netty-common-4.1.19.Final.jar) to constructor java.nio.DirectByteBuffer(long,int)
WARNING: Please consider reporting this to the maintainers of io.netty.util.internal.ReflectionUtil
WARNING: Use --illegal-access=warn to enable warnings of further illegal reflective access operations
WARNING: All illegal access operations will be denied in a future release
+[ -f Placard.tex ]
+pdflatex Placard.tex
This is pdfTeX, Version 3.14159265-2.6-1.40.16 (TeX Live 2015/Debian) (preloaded format=pdflatex)
 restricted \write18 enabled.
entering extended mode
(./Placard.tex
LaTeX2e &lt;2016/02/01&gt;
Babel &lt;3.9q&gt; and hyphenation patterns for 3 language(s) loaded.
(/usr/share/texlive/texmf-dist/tex/latex/base/article.cls
Document Class: article 2014/09/29 v1.4h Standard LaTeX document class
(/usr/share/texlive/texmf-dist/tex/latex/base/size10.clo))
No file Placard.aux.
[1{/var/lib/texmf/fonts/map/pdftex/updmap/pdftex.map}] [2] [3] [4] [5] [6]
[7] (./Placard.aux) )&lt;/usr/share/texlive/texmf-dist/fonts/type1/public/amsfonts
/cm/cmssbx10.pfb&gt;
Output written on Placard.pdf (7 pages, 22862 bytes).
Transcript written on Placard.log.
+[ ! -f Placard.pdf ]
+rm Placard.aux Placard.log
+/home/travis/build/icyphy/ptII/bin/ptinvoke ptolemy.actor.gui.MoMLSimpleApplication DOPCSV.xml
2701 ms. Memory: 129024K Free: 111955K (87%)
WARNING: An illegal reflective access operation has occurred
WARNING: Illegal reflective access by io.netty.util.internal.ReflectionUtil (file:/home/travis/build/icyphy/ptII/lib/netty-common-4.1.19.Final.jar) to constructor java.nio.DirectByteBuffer(long,int)
WARNING: Please consider reporting this to the maintainers of io.netty.util.internal.ReflectionUtil
WARNING: Use --illegal-access=warn to enable warnings of further illegal reflective access operations
WARNING: All illegal access operations will be denied in a future release
+[ ! -f DOP.csv ]
-rw-rw-r-- 1 travis travis 163090 Jul  8 02:41 /home/travis/build/icyphy/ptII/ptolemy/domains/space/demo/DOPCenter/DOPCenter.png
make: Leaving directory '/home/travis/build/icyphy/ptII/adm/gen-11.1'
All Done
/home/travis/build/icyphy/ptII/adm/installers/test/installers.tcl
adm/test/Nightly.tcl: about to clean
adm/test/nightlyMake.tcl: about to execute [make -C /home/travis/build/icyphy/ptII/adm/installers/test/../../../adm/gen-11.1 PTIIHOME=/home/travis/build/icyphy/ptII/adm/installers/test/../../.. PTIIADM=/home/travis/build/icyphy/ptII/adm/installers/test/../../../adm JAR=/usr/bin/jar TAR=/usr/local/bin/tar clean]
About to execute:
    make -C
/home/travis/build/icyphy/ptII/adm/installers/test/../../../adm/gen-11.1
PTIIHOME=/home/travis/build/icyphy/ptII/adm/installers/test/../../..
PTIIADM=/home/travis/build/icyphy/ptII/adm/installers/test/../../../adm
JAR=/usr/bin/jar TAR=/usr/local/bin/tar clean
make: Entering directory '/home/travis/build/icyphy/ptII/adm/gen-11.1'
rm -f ptII11_1_devel_setup_windows.jar ptII11_1_devel_setup_windows.exe
rm -rf /home/travis/build/icyphy/ptII/adm/installers/test/../../../adm/dists/ptII11.1.devel/ptiny.exe /home/travis/build/icyphy/ptII/adm/installers/test/../../../adm/dists/ptII11.1.devel/ptbook.exe /home/travis/build/icyphy/ptII/adm/installers/test/../../../adm/dists/ptII11.1.devel/jar_dist /home/travis/build/icyphy/ptII/adm/installers/test/../../../adm/dists/ptII11.1.devel/ptolemy/matlab/ptmatlab.dll
#
# Now cleaning old tar files
#
clean Thu Jul  8 02:41:40 UTC 2021
 02:41:40 up 6 min,  1 user,  load average: 1.74, 1.03, 0.46
rm -f /home/travis/build/icyphy/ptII/adm/installers/test/../../../adm/gen-11.1/ptII11.1.devel.tar /home/travis/build/icyphy/ptII/adm/installers/test/../../../adm/gen-11.1/ptII11.1.devel.src.zip /home/travis/build/icyphy/ptII/adm/installers/test/../../../adm/gen-11.1/ptolemy.devel11.1.devel.src.tar /home/travis/build/icyphy/ptII/adm/installers/test/../../../adm/gen-11.1/ptII11.1.devel.src.tar
rm -f opencv_java320.dll
rm -rf /home/travis/build/icyphy/ptII/adm/installers/test/../../../adm/gen-11.1/ptII11.1.devel.src.jar src_jar
rm -rf /home/travis/build/icyphy/ptII/adm/installers/test/../../../adm/dists/ptII11.1.devel src installshield/*
rm -rf capecode0.3.devel.src.jar
rm -rf hyvisual11.1.devel.src.jar
rm -rf viptos1.1.devel.src.jar
rm -rf /home/travis/build/icyphy/ptII/adm/installers/test/../../../adm/gen-11.1/ptzip
rm -rf ptII11_1_devel_setup_windows_64.exe ptII11_1_devel_setup_windows_64.jar ptII11_1_devel_setup_windows_64.xml ptII11_1_devel_setup_windows.jar ptII11_1_devel_setup_windows.exe test/installerTest test/ptII11.1.devel
rm -rf capecode0.3.devel.src.jar capecode0.3.devel.tar.gz
rm -rf capecode0_3_devel_setup_windows_64.xml capecode0_3_devel_setup_windows.jar capecode0_3_devel_setup_windows_64.exe
rm -rf capecode0.3.devel.setup.mac.app capecode0.3.devel.setup.mac.app.tar.gz capecode0.3.devel.setup.mac.dmg capecode0.3.devel.setup.mac.jar capecode0.3.devel.setup.mac.xml
rm -rf capecode0.3.devel.setup.linux.tar.gz capecode0.3.devel.setup.linux.jar capecode0.3.devel.setup.linux.xml
rm -rf capecode0_3_devel_setup_windows.exe capecode0_3_devel_setup_windows.jar
rm -rf capecode0_3_devel_setup_windows_64.exe capecode0_3_devel_setup_windows_64.jar
rm -rf capeCodeNonGUI.tar.gz
rm -rf ptII11.1.devel.setup.mac.jar ptII11.1.devel.setup.mac.app ptII11.1.devel.setup.mac.app.tar.gz ptII11.1.devel.setup.mac.dmg ptII11.1.devel.setup.mac.jar ptII11.1.devel.setup.mac.xml
rm -rf ptII11.1.devel.setup.linux.jar ptII11.1.devel.setup.mac.xml
rm -rf /home/travis/build/icyphy/ptII/adm/installers/test/../../../adm/gen-11.1/ptII11.1.devel.tar /home/travis/build/icyphy/ptII/adm/installers/test/../../../adm/gen-11.1/ptII11.1.devel.src.zip /home/travis/build/icyphy/ptII/adm/installers/test/../../../adm/gen-11.1/ptII11.1.devel.src.tar /home/travis/build/icyphy/ptII/adm/installers/test/../../../adm/gen-11.1/ptII11.1.devel.src.jar
make: Leaving directory '/home/travis/build/icyphy/ptII/adm/gen-11.1'
All Done
adm/test/nightlyMake.tcl: about to execute [make -C /home/travis/build/icyphy/ptII/adm/installers/test/../../../adm/gen-11.1 PTIIHOME=/home/travis/build/icyphy/ptII/adm/installers/test/../../.. PTIIADM=/home/travis/build/icyphy/ptII/adm/installers/test/../../../adm JAR=/usr/bin/jar TAR=/usr/local/bin/tar all]
About to execute:
    make -C
/home/travis/build/icyphy/ptII/adm/installers/test/../../../adm/gen-11.1
PTIIHOME=/home/travis/build/icyphy/ptII/adm/installers/test/../../..
PTIIADM=/home/travis/build/icyphy/ptII/adm/installers/test/../../../adm
JAR=/usr/bin/jar TAR=/usr/local/bin/tar all
make: Entering directory '/home/travis/build/icyphy/ptII/adm/gen-11.1'
if [ ! -f /home/travis/build/icyphy/ptII/adm/installers/test/../../../vendors/installer/izpack-dist-5.1.3-SNAPSHOT.jar ]; then \
	echo "Downloading izpack: `date`"; \
	wget --quiet -O /home/travis/build/icyphy/ptII/adm/installers/test/../../../vendors/installer/izpack-dist-5.1.3-SNAPSHOT.jar \
		https://github.com/icyphy/ptII/releases/download/nightly/izpack-dist-5.1.3-SNAPSHOT.jar; \
fi
sed 's#@@PTII@@#/home/travis/build/icyphy/ptII/adm/installers/test/../../..#' izpackInstallDist.xml &gt; izpackInstall.xml
(cd /home/travis/build/icyphy/ptII/adm/installers/test/../../../vendors; java -jar /home/travis/build/icyphy/ptII/adm/installers/test/../../../vendors/installer/izpack-dist-5.1.3-SNAPSHOT.jar /home/travis/build/icyphy/ptII/adm/installers/test/../../../adm/gen-11.1/izpackInstall.xml)
Command line arguments: /home/travis/build/icyphy/ptII/adm/installers/test/../../../adm/gen-11.1/izpackInstall.xml 
[ Starting automated installation ]
====================
Installation started
Framework: 5.1.3-SNAPSHOT-3e7e3 (IzPack)
Platform: ubuntu_linux,version=4.15.0-1077-gcp,arch=x64,symbolicName=null,javaVersion=11.0.2
[ Starting to unpack ]
[ Processing package: Required files (1/2) ]
Cleaning up the target folder ...
[ Processing package: Experimental tools (2/2) ]
[ Unpacking finished ]
Installation finished
[ Writing the uninstaller data ... ]
[ Automated installation done ]
#rm -f izpackInstall.xml

izpackFix:
Changing the Info.plist for the Mac installer app to require Java 1.8 or later.

if [ ! -f "/home/travis/build/icyphy/ptII/adm/installers/test/../../../vendors/izpack/utils/wrappers/izpack2app/Mac-App-Template/Contents/Info.plist.orig" ]; then \
	cp "/home/travis/build/icyphy/ptII/adm/installers/test/../../../vendors/izpack/utils/wrappers/izpack2app/Mac-App-Template/Contents/Info.plist" "/home/travis/build/icyphy/ptII/adm/installers/test/../../../vendors/izpack/utils/wrappers/izpack2app/Mac-App-Template/Contents/Info.plist.orig"; \
        fi
sed 's@&lt;string&gt;1.[*0-8+]*&lt;/string&gt;@&lt;string&gt;1.8+&lt;/string&gt;@' "/home/travis/build/icyphy/ptII/adm/installers/test/../../../vendors/izpack/utils/wrappers/izpack2app/Mac-App-Template/Contents/Info.plist" &gt; "/home/travis/build/icyphy/ptII/adm/installers/test/../../../vendors/izpack/utils/wrappers/izpack2app/Mac-App-Template/Contents/Info.plist.tmp"
diff "/home/travis/build/icyphy/ptII/adm/installers/test/../../../vendors/izpack/utils/wrappers/izpack2app/Mac-App-Template/Contents/Info.plist.tmp" "/home/travis/build/icyphy/ptII/adm/installers/test/../../../vendors/izpack/utils/wrappers/izpack2app/Mac-App-Template/Contents/Info.plist"
28c28
&lt;     &lt;string&gt;1.8+&lt;/string&gt;
---
&gt;     &lt;string&gt;1.4+&lt;/string&gt;
makefile:2825: recipe for target 'izpackFix' failed
mv "/home/travis/build/icyphy/ptII/adm/installers/test/../../../vendors/izpack/utils/wrappers/izpack2app/Mac-App-Template/Contents/Info.plist.tmp" "/home/travis/build/icyphy/ptII/adm/installers/test/../../../vendors/izpack/utils/wrappers/izpack2app/Mac-App-Template/Contents/Info.plist"
make: [izpackFix] Error 1 (ignored)
Creating L4J_DIR: /home/travis/build/icyphy/ptII/adm/installers/test/../../../vendors/launch4j
if [ ! -d /home/travis/build/icyphy/ptII/adm/installers/test/../../../vendors/launch4j ]; then \
	cd /home/travis/build/icyphy/ptII/adm/installers/test/../../../vendors; \
	/usr/local/bin/tar -zxf /home/travis/build/icyphy/ptII/adm/installers/test/../../../vendors/installer/launch4j-3.11.tgz; \
	ls -l /home/travis/build/icyphy/ptII/adm/installers/test/../../../vendors/launch4j; \
fi

gzip: stdin: unexpected end of file
/usr/local/bin/tar: Child returned status 1
/usr/local/bin/tar: Error is not recoverable: exiting now
ls: cannot access '/home/travis/build/icyphy/ptII/adm/installers/test/../../../vendors/launch4j': No such file or directory
makefile:3035: recipe for target '/home/travis/build/icyphy/ptII/adm/installers/test/../../../vendors/launch4j' failed
make: Leaving directory '/home/travis/build/icyphy/ptII/adm/gen-11.1'
All Done
make: *** [/home/travis/build/icyphy/ptII/adm/installers/test/../../../vendors/launch4j] Error 2


==== $PTII/adm/installers/test/installers.tcl: installers-1.2 all
==== Contents of test case:

    set matches [nightlyMake all]
    list $matches [file exists $ptII_full]

==== Result was:
{{Last subprocess returned non-zero: 2} {}} 0
---- Result should have been:
{} 1
---- installers-1.2 FAILED
adm/test/nightlyMake.tcl: about to execute [make -C /home/travis/build/icyphy/ptII/adm/installers/test/../../../adm/gen-11.1 PTIIHOME=/home/travis/build/icyphy/ptII/adm/installers/test/../../.. PTIIADM=/home/travis/build/icyphy/ptII/adm/installers/test/../../../adm JAR=/usr/bin/jar TAR=/usr/local/bin/tar src.jar]
About to execute:
    make -C
/home/travis/build/icyphy/ptII/adm/installers/test/../../../adm/gen-11.1
PTIIHOME=/home/travis/build/icyphy/ptII/adm/installers/test/../../..
PTIIADM=/home/travis/build/icyphy/ptII/adm/installers/test/../../../adm
JAR=/usr/bin/jar TAR=/usr/local/bin/tar src.jar
All Done
/usr/local/bin/tar: /home/travis/build/icyphy/ptII/adm/installers/test/../../../adm/gen-11.1/ptII11.1.devel.src.tar: Cannot open: No such file or directory
/usr/local/bin/tar: Error is not recoverable: exiting now
make: *** [src_jar] Error 2
nightly-1.4: /home/travis/build/icyphy/ptII/adm/installers/test/../../../adm/gen-11.1/ptII11.1.devel.src.jar


==== $PTII/adm/installers/test/installers.tcl: installers-1.4 src.jar
==== Contents of test case:

    set filename $gendir/ptII$version.src.jar
    file delete -force $filename
    set r0  [file exists $filename]

    set matches [nightlyMake src.jar]

    puts "nightly-1.4: $filename"
    list $r0 $matches [file exists $filename]

==== Result was:
0 {{Last subprocess returned non-zero: 2} {make: *** [src_jar] Error 2
}} 0
---- Result should have been:
0 {} 1
---- installers-1.4 FAILED
adm/test/nightlyMake.tcl: about to execute [make -C /home/travis/build/icyphy/ptII/adm/installers/test/../../../adm/gen-11.1 PTIIHOME=/home/travis/build/icyphy/ptII/adm/installers/test/../../.. PTIIADM=/home/travis/build/icyphy/ptII/adm/installers/test/../../../adm JAR=/usr/bin/jar TAR=/usr/local/bin/tar setup]
make: Entering directory '/home/travis/build/icyphy/ptII/adm/gen-11.1'
#
src_jar rule
#
mkdir src_jar;
# Don't use -v with tar, you may see "/usr/local/bin/tar: write error"
(cd src_jar; /usr/local/bin/tar -xf /home/travis/build/icyphy/ptII/adm/installers/test/../../../adm/gen-11.1/ptII11.1.devel.src.tar)
makefile:1213: recipe for target 'src_jar' failed
make: Leaving directory '/home/travis/build/icyphy/ptII/adm/gen-11.1'
About to execute:
    make -C
/home/travis/build/icyphy/ptII/adm/installers/test/../../../adm/gen-11.1
PTIIHOME=/home/travis/build/icyphy/ptII/adm/installers/test/../../..
PTIIADM=/home/travis/build/icyphy/ptII/adm/installers/test/../../../adm
JAR=/usr/bin/jar TAR=/usr/local/bin/tar setup
ln: failed to create symbolic link '/home/travis/build/icyphy/ptII/adm/installers/test/../../../adm/dists/ptII11.1.devel/vendors/launch4j': No such file or directory
make: *** [/home/travis/build/icyphy/ptII/adm/installers/test/../../../adm/dists/ptII11.1.devel/vendors/launch4j] Error 1
All Done
nightly-1.5: /home/travis/build/icyphy/ptII/adm/installers/test/../../../adm/gen-11.1/ptII11_1_devel_setup_windows.exe


==== $PTII/adm/installers/test/installers.tcl: installers-1.5 setup
==== Contents of test case:

    set filename $gendir/$ptsetup.exe
    file delete -force $filename
    set r0  [file exists $filename]

    set matches [nightlyMake setup]

    puts "nightly-1.5: $filename"
    list $r0 $matches [file exists $filename]

==== Result was:
0 {{Last subprocess returned non-zero: 2} {make: *** [/home/travis/build/icyphy/ptII/adm/installers/test/../../../adm/dists/ptII11.1.devel/vendors/launch4j] Error 1
}} 0
---- Result should have been:
0 {} 1
---- installers-1.5 FAILED
make: Entering directory '/home/travis/build/icyphy/ptII/adm/gen-11.1'
if [ ! -h /home/travis/build/icyphy/ptII/adm/installers/test/../../../adm/dists/ptII11.1.devel/vendors/launch4j ]; then \
	echo "Created link for launch4j"; \
	ln -s /home/travis/build/icyphy/ptII/adm/installers/test/../../../vendors/launch4j /home/travis/build/icyphy/ptII/adm/installers/test/../../../adm/dists/ptII11.1.devel/vendors/launch4j; \
fi
Created link for launch4j
makefile:3120: recipe for target '/home/travis/build/icyphy/ptII/adm/installers/test/../../../adm/dists/ptII11.1.devel/vendors/launch4j' failed
make: Leaving directory '/home/travis/build/icyphy/ptII/adm/gen-11.1'
07/08/21 02:41:43
Failed: 3  Total Tests: 5  ((Passed: 2, Newly Passed: 0)  Known Failed: 0) /home/travis/build/icyphy/ptII/adm/installers/test
No auto/knownFailedTests/*.xml tests in /home/travis/build/icyphy/ptII/adm/installers/test
No auto/linux-amd64/*.xml tests in /home/travis/build/icyphy/ptII/adm/installers/test
AutoTests.java: About to close Vertx.
AutoTests.java: Vertx closed.
No auto/*.xml tests in /home/travis/build/icyphy/ptII/adm/installers/test
AutoTests.java: About to close Vertx.
AutoTests.java: Vertx closed.
</pre>
    </body>
</html>
