<html xmlns:string="xalan://java.lang.String" xmlns:lxslt="http://xml.apache.org/xslt">
<head>
<META http-equiv="Content-Type" content="text/html; charset=UTF-8">
<title>Standard Error from JUnitTclTest</title>
</head>
<body>
<pre>[main] INFO com.github.sarxos.webcam.Webcam - WebcamDefaultDriver capture driver will be used
Loading accessor failed: HostCompatability.js
ptolemy.kernel.util.IllegalActionException: Error evaluating expression:
/** Check Host Compatability of an accessor by performing 
...
  in .configuration.actor library.Accessors.services.HostCompatability.script
Because:
Failed to evaluate script.
  in .configuration.actor library.Accessors.services.HostCompatability
Because:
require() failed to find matching file for module 'base64-js' in working directory '/home/travis/build/icyphy/ptII/ptolemy/actor/lib/jjs'  and not found in paths ["/home/travis/build/icyphy/ptII/ptolemy/actor/lib/jjs/","/home/travis/build/icyphy/ptII/ptolemy/actor/lib/jjs/modules/","/home/travis/build/icyphy/ptII/ptolemy/actor/lib/jjs/node/","/home/travis/build/icyphy/ptII/ptolemy/actor/lib/jjs/node_modules/","/home/travis/build/icyphy/ptII/org/terraswarm/accessor/accessors/web/hosts/","/home/travis/build/icyphy/ptII/org/terraswarm/accessor/accessors/web/","/home/travis/build/icyphy/ptII/org/terraswarm/accessor/accessors/web/hosts/common/modules/"] in /home/travis/build/icyphy/ptII/ptolemy/actor/lib/jjs/external/require.js at line number 376 at column number 12
  in .configuration.actor library.Accessors.services.HostCompatability.script
Because:
Error evaluating expression:
/** Check Host Compatability of an accessor by performing 
...
  in .configuration.actor library.Accessors.services.HostCompatability.script
Because:
Failed to evaluate script.
  in .configuration.actor library.Accessors.services.HostCompatability
Because:
require() failed to find matching file for module 'base64-js' in working directory '/home/travis/build/icyphy/ptII/ptolemy/actor/lib/jjs'  and not found in paths ["/home/travis/build/icyphy/ptII/ptolemy/actor/lib/jjs/","/home/travis/build/icyphy/ptII/ptolemy/actor/lib/jjs/modules/","/home/travis/build/icyphy/ptII/ptolemy/actor/lib/jjs/node/","/home/travis/build/icyphy/ptII/ptolemy/actor/lib/jjs/node_modules/","/home/travis/build/icyphy/ptII/org/terraswarm/accessor/accessors/web/hosts/","/home/travis/build/icyphy/ptII/org/terraswarm/accessor/accessors/web/","/home/travis/build/icyphy/ptII/org/terraswarm/accessor/accessors/web/hosts/common/modules/"] in /home/travis/build/icyphy/ptII/ptolemy/actor/lib/jjs/external/require.js at line number 376 at column number 12
Failed to populate library.
ptolemy.kernel.util.InternalErrorException: Loading accessor failed: HostCompatability.js
  in .configuration.actor library.Accessors.services
Because:
Error evaluating expression:
/** Check Host Compatability of an accessor by performing 
...
  in .configuration.actor library.Accessors.services.HostCompatability.script
Because:
Failed to evaluate script.
  in .configuration.actor library.Accessors.services.HostCompatability
Because:
require() failed to find matching file for module 'base64-js' in working directory '/home/travis/build/icyphy/ptII/ptolemy/actor/lib/jjs'  and not found in paths ["/home/travis/build/icyphy/ptII/ptolemy/actor/lib/jjs/","/home/travis/build/icyphy/ptII/ptolemy/actor/lib/jjs/modules/","/home/travis/build/icyphy/ptII/ptolemy/actor/lib/jjs/node/","/home/travis/build/icyphy/ptII/ptolemy/actor/lib/jjs/node_modules/","/home/travis/build/icyphy/ptII/org/terraswarm/accessor/accessors/web/hosts/","/home/travis/build/icyphy/ptII/org/terraswarm/accessor/accessors/web/","/home/travis/build/icyphy/ptII/org/terraswarm/accessor/accessors/web/hosts/common/modules/"] in /home/travis/build/icyphy/ptII/ptolemy/actor/lib/jjs/external/require.js at line number 376 at column number 12
  in .configuration.actor library.Accessors.services.HostCompatability.script
Because:
Error evaluating expression:
/** Check Host Compatability of an accessor by performing 
...
  in .configuration.actor library.Accessors.services.HostCompatability.script
Because:
Failed to evaluate script.
  in .configuration.actor library.Accessors.services.HostCompatability
Because:
require() failed to find matching file for module 'base64-js' in working directory '/home/travis/build/icyphy/ptII/ptolemy/actor/lib/jjs'  and not found in paths ["/home/travis/build/icyphy/ptII/ptolemy/actor/lib/jjs/","/home/travis/build/icyphy/ptII/ptolemy/actor/lib/jjs/modules/","/home/travis/build/icyphy/ptII/ptolemy/actor/lib/jjs/node/","/home/travis/build/icyphy/ptII/ptolemy/actor/lib/jjs/node_modules/","/home/travis/build/icyphy/ptII/org/terraswarm/accessor/accessors/web/hosts/","/home/travis/build/icyphy/ptII/org/terraswarm/accessor/accessors/web/","/home/travis/build/icyphy/ptII/org/terraswarm/accessor/accessors/web/hosts/common/modules/"] in /home/travis/build/icyphy/ptII/ptolemy/actor/lib/jjs/external/require.js at line number 376 at column number 12
	at org.terraswarm.accessor.AccessorLibrary.populate(AccessorLibrary.java:224)
	at ptolemy.moml.EntityLibrary.deepEntityList(EntityLibrary.java:349)
	at ptolemy.kernel.CompositeEntity.deepEntityList(CompositeEntity.java:714)
	at ptolemy.moml.EntityLibrary.deepEntityList(EntityLibrary.java:350)
	at ptolemy.kernel.CompositeEntity.deepEntityList(CompositeEntity.java:714)
	at ptolemy.kernel.CompositeEntity.deepEntityList(CompositeEntity.java:714)
	at ptolemy.kernel.CompositeEntity.allAtomicEntityList(CompositeEntity.java:188)
	at sun.reflect.NativeMethodAccessorImpl.invoke0(Native Method)
	at sun.reflect.NativeMethodAccessorImpl.invoke(NativeMethodAccessorImpl.java:62)
	at sun.reflect.DelegatingMethodAccessorImpl.invoke(DelegatingMethodAccessorImpl.java:43)
	at java.lang.reflect.Method.invoke(Method.java:498)
	at tcl.lang.reflect.PkgInvoker.invokeMethod(PkgInvoker.java:129)
	at tcl.lang.JavaInvoke.call(JavaInvoke.java:253)
	at tcl.lang.JavaInvoke.callMethod(JavaInvoke.java:116)
	at tcl.lang.ReflectObject.cmdProc(ReflectObject.java:727)
	at tcl.lang.Parser.evalObjv(Parser.java:740)
	at tcl.lang.Parser.eval2(Parser.java:1138)
	at tcl.lang.Parser.evalTokens(Parser.java:930)
	at tcl.lang.Parser.eval2(Parser.java:1125)
	at tcl.lang.Interp.eval(Interp.java:1782)
	at tcl.lang.Interp.eval(Interp.java:1841)
	at tcl.lang.UplevelCmd.cmdProc(UplevelCmd.java:93)
	at tcl.lang.Parser.evalObjv(Parser.java:740)
	at tcl.lang.Parser.eval2(Parser.java:1138)
	at tcl.lang.Interp.eval(Interp.java:1782)
	at tcl.lang.Interp.eval(Interp.java:1841)
	at tcl.lang.CatchCmd.cmdProc(CatchCmd.java:42)
	at tcl.lang.Parser.evalObjv(Parser.java:740)
	at tcl.lang.Parser.eval2(Parser.java:1138)
	at tcl.lang.Parser.evalTokens(Parser.java:930)
	at tcl.lang.Parser.eval2(Parser.java:1125)
	at tcl.lang.Procedure.cmdProc(Procedure.java:175)
	at tcl.lang.Parser.evalObjv(Parser.java:740)
	at tcl.lang.Parser.eval2(Parser.java:1138)
	at tcl.lang.Interp.eval(Interp.java:1782)
	at tcl.lang.Interp.eval(Interp.java:1841)
	at tcl.lang.ForeachCmd.cmdProc(ForeachCmd.java:116)
	at tcl.lang.AutoloadStub.cmdProc(Extension.java:144)
	at tcl.lang.Parser.evalObjv(Parser.java:740)
	at tcl.lang.Parser.eval2(Parser.java:1138)
	at tcl.lang.Interp.eval(Interp.java:1782)
	at tcl.lang.Interp.evalFile(Interp.java:1880)
	at sun.reflect.NativeMethodAccessorImpl.invoke0(Native Method)
	at sun.reflect.NativeMethodAccessorImpl.invoke(NativeMethodAccessorImpl.java:62)
	at sun.reflect.DelegatingMethodAccessorImpl.invoke(DelegatingMethodAccessorImpl.java:43)
	at java.lang.reflect.Method.invoke(Method.java:498)
	at ptolemy.util.test.junit.TclTests.RunTclFile(TclTests.java:233)
	at sun.reflect.NativeMethodAccessorImpl.invoke0(Native Method)
	at sun.reflect.NativeMethodAccessorImpl.invoke(NativeMethodAccessorImpl.java:62)
	at sun.reflect.DelegatingMethodAccessorImpl.invoke(DelegatingMethodAccessorImpl.java:43)
	at java.lang.reflect.Method.invoke(Method.java:498)
	at org.junit.runners.model.FrameworkMethod$1.runReflectiveCall(FrameworkMethod.java:44)
	at org.junit.internal.runners.model.ReflectiveCallable.run(ReflectiveCallable.java:15)
	at org.junit.runners.model.FrameworkMethod.invokeExplosively(FrameworkMethod.java:41)
	at junitparams.internal.InvokeParameterisedMethod.evaluate(InvokeParameterisedMethod.java:102)
	at junitparams.internal.ParameterisedTestMethodRunner.runMethodInvoker(ParameterisedTestMethodRunner.java:47)
	at junitparams.internal.ParameterisedTestMethodRunner.runTestMethod(ParameterisedTestMethodRunner.java:41)
	at junitparams.internal.ParameterisedTestClassRunner.runParameterisedTest(ParameterisedTestClassRunner.java:143)
	at junitparams.JUnitParamsRunner.runChild(JUnitParamsRunner.java:237)
	at junitparams.JUnitParamsRunner.runChild(JUnitParamsRunner.java:215)
	at org.junit.runners.ParentRunner$3.run(ParentRunner.java:193)
	at org.junit.runners.ParentRunner$1.schedule(ParentRunner.java:52)
	at org.junit.runners.ParentRunner.runChildren(ParentRunner.java:191)
	at org.junit.runners.ParentRunner.access$000(ParentRunner.java:42)
	at org.junit.runners.ParentRunner$2.evaluate(ParentRunner.java:184)
	at org.junit.internal.runners.statements.RunAfters.evaluate(RunAfters.java:31)
	at org.junit.runners.ParentRunner.run(ParentRunner.java:236)
	at org.junit.runners.Suite.runChild(Suite.java:128)
	at org.junit.runners.Suite.runChild(Suite.java:24)
	at org.junit.runners.ParentRunner$3.run(ParentRunner.java:193)
	at org.junit.runners.ParentRunner$1.schedule(ParentRunner.java:52)
	at org.junit.runners.ParentRunner.runChildren(ParentRunner.java:191)
	at org.junit.runners.ParentRunner.access$000(ParentRunner.java:42)
	at org.junit.runners.ParentRunner$2.evaluate(ParentRunner.java:184)
	at org.junit.runners.ParentRunner.run(ParentRunner.java:236)
	at junit.framework.JUnit4TestAdapter.run(JUnit4TestAdapter.java:39)
	at org.apache.tools.ant.taskdefs.optional.junit.JUnitTestRunner.run(JUnitTestRunner.java:535)
	at org.apache.tools.ant.taskdefs.optional.junit.JUnitTestRunner.launch(JUnitTestRunner.java:1182)
	at org.apache.tools.ant.taskdefs.optional.junit.JUnitTestRunner.main(JUnitTestRunner.java:1033)
Caused by: ptolemy.kernel.util.IllegalActionException: Error evaluating expression:
/** Check Host Compatability of an accessor by performing 
...
  in .configuration.actor library.Accessors.services.HostCompatability.script
Because:
Failed to evaluate script.
  in .configuration.actor library.Accessors.services.HostCompatability
Because:
require() failed to find matching file for module 'base64-js' in working directory '/home/travis/build/icyphy/ptII/ptolemy/actor/lib/jjs'  and not found in paths ["/home/travis/build/icyphy/ptII/ptolemy/actor/lib/jjs/","/home/travis/build/icyphy/ptII/ptolemy/actor/lib/jjs/modules/","/home/travis/build/icyphy/ptII/ptolemy/actor/lib/jjs/node/","/home/travis/build/icyphy/ptII/ptolemy/actor/lib/jjs/node_modules/","/home/travis/build/icyphy/ptII/org/terraswarm/accessor/accessors/web/hosts/","/home/travis/build/icyphy/ptII/org/terraswarm/accessor/accessors/web/","/home/travis/build/icyphy/ptII/org/terraswarm/accessor/accessors/web/hosts/common/modules/"] in /home/travis/build/icyphy/ptII/ptolemy/actor/lib/jjs/external/require.js at line number 376 at column number 12
  in .configuration.actor library.Accessors.services.HostCompatability.script
Because:
Error evaluating expression:
/** Check Host Compatability of an accessor by performing 
...
  in .configuration.actor library.Accessors.services.HostCompatability.script
Because:
Failed to evaluate script.
  in .configuration.actor library.Accessors.services.HostCompatability
Because:
require() failed to find matching file for module 'base64-js' in working directory '/home/travis/build/icyphy/ptII/ptolemy/actor/lib/jjs'  and not found in paths ["/home/travis/build/icyphy/ptII/ptolemy/actor/lib/jjs/","/home/travis/build/icyphy/ptII/ptolemy/actor/lib/jjs/modules/","/home/travis/build/icyphy/ptII/ptolemy/actor/lib/jjs/node/","/home/travis/build/icyphy/ptII/ptolemy/actor/lib/jjs/node_modules/","/home/travis/build/icyphy/ptII/org/terraswarm/accessor/accessors/web/hosts/","/home/travis/build/icyphy/ptII/org/terraswarm/accessor/accessors/web/","/home/travis/build/icyphy/ptII/org/terraswarm/accessor/accessors/web/hosts/common/modules/"] in /home/travis/build/icyphy/ptII/ptolemy/actor/lib/jjs/external/require.js at line number 376 at column number 12
	at ptolemy.data.expr.Variable.validate(Variable.java:1619)
	at ptolemy.moml.MoMLParser.endDocument(MoMLParser.java:867)
	at com.microstar.xml.XmlParser.doParse(XmlParser.java:162)
	at com.microstar.xml.XmlParser.parse(XmlParser.java:132)
	at ptolemy.moml.MoMLParser.parse(MoMLParser.java:1676)
	at ptolemy.moml.MoMLParser.parse(MoMLParser.java:1617)
	at ptolemy.moml.MoMLParser.parse(MoMLParser.java:1792)
	at org.terraswarm.accessor.AccessorLibrary.populate(AccessorLibrary.java:194)
	... 78 more
Caused by: ptolemy.kernel.util.IllegalActionException: Error evaluating expression:
/** Check Host Compatability of an accessor by performing 
...
  in .configuration.actor library.Accessors.services.HostCompatability.script
Because:
Failed to evaluate script.
  in .configuration.actor library.Accessors.services.HostCompatability
Because:
require() failed to find matching file for module 'base64-js' in working directory '/home/travis/build/icyphy/ptII/ptolemy/actor/lib/jjs'  and not found in paths ["/home/travis/build/icyphy/ptII/ptolemy/actor/lib/jjs/","/home/travis/build/icyphy/ptII/ptolemy/actor/lib/jjs/modules/","/home/travis/build/icyphy/ptII/ptolemy/actor/lib/jjs/node/","/home/travis/build/icyphy/ptII/ptolemy/actor/lib/jjs/node_modules/","/home/travis/build/icyphy/ptII/org/terraswarm/accessor/accessors/web/hosts/","/home/travis/build/icyphy/ptII/org/terraswarm/accessor/accessors/web/","/home/travis/build/icyphy/ptII/org/terraswarm/accessor/accessors/web/hosts/common/modules/"] in /home/travis/build/icyphy/ptII/ptolemy/actor/lib/jjs/external/require.js at line number 376 at column number 12
	at ptolemy.data.expr.Variable._evaluate(Variable.java:1891)
	at ptolemy.data.expr.Variable._propagate(Variable.java:1984)
	at ptolemy.data.expr.Variable.validate(Variable.java:1596)
	... 85 more
Caused by: ptolemy.kernel.util.IllegalActionException: Failed to evaluate script.
  in .configuration.actor library.Accessors.services.HostCompatability
Because:
require() failed to find matching file for module 'base64-js' in working directory '/home/travis/build/icyphy/ptII/ptolemy/actor/lib/jjs'  and not found in paths ["/home/travis/build/icyphy/ptII/ptolemy/actor/lib/jjs/","/home/travis/build/icyphy/ptII/ptolemy/actor/lib/jjs/modules/","/home/travis/build/icyphy/ptII/ptolemy/actor/lib/jjs/node/","/home/travis/build/icyphy/ptII/ptolemy/actor/lib/jjs/node_modules/","/home/travis/build/icyphy/ptII/org/terraswarm/accessor/accessors/web/hosts/","/home/travis/build/icyphy/ptII/org/terraswarm/accessor/accessors/web/","/home/travis/build/icyphy/ptII/org/terraswarm/accessor/accessors/web/hosts/common/modules/"] in /home/travis/build/icyphy/ptII/ptolemy/actor/lib/jjs/external/require.js at line number 376 at column number 12
	at ptolemy.actor.lib.jjs.JavaScript._createEngineAndEvaluateSetup(JavaScript.java:2493)
	at ptolemy.actor.lib.jjs.JavaScript.attributeChanged(JavaScript.java:548)
	at org.terraswarm.accessor.JSAccessor.attributeChanged(JSAccessor.java:312)
	at ptolemy.data.expr.Variable._setTokenAndNotify(Variable.java:2271)
	at ptolemy.data.expr.Variable._evaluate(Variable.java:1873)
	... 87 more
Caused by: javax.script.ScriptException: require() failed to find matching file for module 'base64-js' in working directory '/home/travis/build/icyphy/ptII/ptolemy/actor/lib/jjs'  and not found in paths ["/home/travis/build/icyphy/ptII/ptolemy/actor/lib/jjs/","/home/travis/build/icyphy/ptII/ptolemy/actor/lib/jjs/modules/","/home/travis/build/icyphy/ptII/ptolemy/actor/lib/jjs/node/","/home/travis/build/icyphy/ptII/ptolemy/actor/lib/jjs/node_modules/","/home/travis/build/icyphy/ptII/org/terraswarm/accessor/accessors/web/hosts/","/home/travis/build/icyphy/ptII/org/terraswarm/accessor/accessors/web/","/home/travis/build/icyphy/ptII/org/terraswarm/accessor/accessors/web/hosts/common/modules/"] in /home/travis/build/icyphy/ptII/ptolemy/actor/lib/jjs/external/require.js at line number 376 at column number 12
	at jdk.nashorn.api.scripting.NashornScriptEngine.throwAsScriptException(NashornScriptEngine.java:470)
	at jdk.nashorn.api.scripting.NashornScriptEngine.invokeImpl(NashornScriptEngine.java:392)
	at jdk.nashorn.api.scripting.NashornScriptEngine.invokeFunction(NashornScriptEngine.java:190)
	at ptolemy.actor.lib.jjs.JavaScript._createEngineAndEvaluateSetup(JavaScript.java:2489)
	... 91 more
Caused by: /home/travis/build/icyphy/ptII/ptolemy/actor/lib/jjs/external/require.js:376:12 require() failed to find matching file for module 'base64-js' in working directory '/home/travis/build/icyphy/ptII/ptolemy/actor/lib/jjs'  and not found in paths ["/home/travis/build/icyphy/ptII/ptolemy/actor/lib/jjs/","/home/travis/build/icyphy/ptII/ptolemy/actor/lib/jjs/modules/","/home/travis/build/icyphy/ptII/ptolemy/actor/lib/jjs/node/","/home/travis/build/icyphy/ptII/ptolemy/actor/lib/jjs/node_modules/","/home/travis/build/icyphy/ptII/org/terraswarm/accessor/accessors/web/hosts/","/home/travis/build/icyphy/ptII/org/terraswarm/accessor/accessors/web/","/home/travis/build/icyphy/ptII/org/terraswarm/accessor/accessors/web/hosts/common/modules/"]
	at jdk.nashorn.internal.runtime.ECMAException.create(ECMAException.java:113)
	at jdk.nashorn.internal.scripts.Script$Recompilation$7283$16305AAA$require.L:45#_require(/home/travis/build/icyphy/ptII/ptolemy/actor/lib/jjs/external/require.js:376)
	at jdk.nashorn.internal.scripts.Script$Recompilation$7282$20040A$require.L:45#_requireClosure#L:449(/home/travis/build/icyphy/ptII/ptolemy/actor/lib/jjs/external/require.js:450)
	at jdk.nashorn.internal.scripts.Script$Recompilation$7314$183AAAAAAAAAAAAAA$\^function\_.L:1(&lt;function&gt;:71)
	at jdk.nashorn.internal.scripts.Script$Recompilation$7301$18291AAAAAA$require.L:1#Accessor(/home/travis/build/icyphy/ptII/ptolemy/actor/lib/jjs/external/require.js#409:30&lt;eval&gt;:548)
	at jdk.nashorn.internal.scripts.Script$Recompilation$7310$118959AAAAAA$require.L:1#instantiateAccessor(/home/travis/build/icyphy/ptII/ptolemy/actor/lib/jjs/external/require.js#409:30&lt;eval&gt;:2754)
	at jdk.nashorn.internal.scripts.Script$Recompilation$7309$55578A$require.L:1#extend(/home/travis/build/icyphy/ptII/ptolemy/actor/lib/jjs/external/require.js#409:30&lt;eval&gt;:1235)
	at jdk.nashorn.internal.scripts.Script$Recompilation$7308$2155$\^function\_.L:1#setup(&lt;function&gt;:40)
	at jdk.nashorn.internal.scripts.Script$Recompilation$7301$18291AAAAAA$require.L:1#Accessor(/home/travis/build/icyphy/ptII/ptolemy/actor/lib/jjs/external/require.js#409:30&lt;eval&gt;:595)
	at jdk.nashorn.internal.scripts.Script$Recompilation$7300$2858AAA$\^eval\_.evaluateCode(&lt;eval&gt;:96)
	at jdk.nashorn.internal.runtime.ScriptFunctionData.invoke(ScriptFunctionData.java:643)
	at jdk.nashorn.internal.runtime.ScriptFunction.invoke(ScriptFunction.java:494)
	at jdk.nashorn.internal.runtime.ScriptRuntime.apply(ScriptRuntime.java:393)
	at jdk.nashorn.api.scripting.ScriptObjectMirror.callMember(ScriptObjectMirror.java:199)
	at jdk.nashorn.api.scripting.NashornScriptEngine.invokeImpl(NashornScriptEngine.java:386)
	... 93 more
Caused by: ptolemy.kernel.util.IllegalActionException: Error evaluating expression:
/** Check Host Compatability of an accessor by performing 
...
  in .configuration.actor library.Accessors.services.HostCompatability.script
Because:
Failed to evaluate script.
  in .configuration.actor library.Accessors.services.HostCompatability
Because:
require() failed to find matching file for module 'base64-js' in working directory '/home/travis/build/icyphy/ptII/ptolemy/actor/lib/jjs'  and not found in paths ["/home/travis/build/icyphy/ptII/ptolemy/actor/lib/jjs/","/home/travis/build/icyphy/ptII/ptolemy/actor/lib/jjs/modules/","/home/travis/build/icyphy/ptII/ptolemy/actor/lib/jjs/node/","/home/travis/build/icyphy/ptII/ptolemy/actor/lib/jjs/node_modules/","/home/travis/build/icyphy/ptII/org/terraswarm/accessor/accessors/web/hosts/","/home/travis/build/icyphy/ptII/org/terraswarm/accessor/accessors/web/","/home/travis/build/icyphy/ptII/org/terraswarm/accessor/accessors/web/hosts/common/modules/"] in /home/travis/build/icyphy/ptII/ptolemy/actor/lib/jjs/external/require.js at line number 376 at column number 12
  in .configuration.actor library.Accessors.services.HostCompatability.script
Because:
Error evaluating expression:
/** Check Host Compatability of an accessor by performing 
...
  in .configuration.actor library.Accessors.services.HostCompatability.script
Because:
Failed to evaluate script.
  in .configuration.actor library.Accessors.services.HostCompatability
Because:
require() failed to find matching file for module 'base64-js' in working directory '/home/travis/build/icyphy/ptII/ptolemy/actor/lib/jjs'  and not found in paths ["/home/travis/build/icyphy/ptII/ptolemy/actor/lib/jjs/","/home/travis/build/icyphy/ptII/ptolemy/actor/lib/jjs/modules/","/home/travis/build/icyphy/ptII/ptolemy/actor/lib/jjs/node/","/home/travis/build/icyphy/ptII/ptolemy/actor/lib/jjs/node_modules/","/home/travis/build/icyphy/ptII/org/terraswarm/accessor/accessors/web/hosts/","/home/travis/build/icyphy/ptII/org/terraswarm/accessor/accessors/web/","/home/travis/build/icyphy/ptII/org/terraswarm/accessor/accessors/web/hosts/common/modules/"] in /home/travis/build/icyphy/ptII/ptolemy/actor/lib/jjs/external/require.js at line number 376 at column number 12
	at ptolemy.data.expr.Variable.validate(Variable.java:1619)
	at ptolemy.moml.MoMLParser.endDocument(MoMLParser.java:867)
	at com.microstar.xml.XmlParser.doParse(XmlParser.java:162)
	at com.microstar.xml.XmlParser.parse(XmlParser.java:132)
	at ptolemy.moml.MoMLParser.parse(MoMLParser.java:1676)
	at ptolemy.moml.MoMLParser.parse(MoMLParser.java:1617)
	at ptolemy.moml.MoMLParser.parse(MoMLParser.java:1792)
	at org.terraswarm.accessor.AccessorLibrary.populate(AccessorLibrary.java:194)
	at ptolemy.moml.EntityLibrary.deepEntityList(EntityLibrary.java:349)
	at ptolemy.kernel.CompositeEntity.deepEntityList(CompositeEntity.java:714)
	at ptolemy.moml.EntityLibrary.deepEntityList(EntityLibrary.java:350)
	at ptolemy.kernel.CompositeEntity.deepEntityList(CompositeEntity.java:714)
	at ptolemy.kernel.CompositeEntity.deepEntityList(CompositeEntity.java:714)
	at ptolemy.kernel.CompositeEntity.allAtomicEntityList(CompositeEntity.java:188)
	at sun.reflect.NativeMethodAccessorImpl.invoke0(Native Method)
	at sun.reflect.NativeMethodAccessorImpl.invoke(NativeMethodAccessorImpl.java:62)
	at sun.reflect.DelegatingMethodAccessorImpl.invoke(DelegatingMethodAccessorImpl.java:43)
	at java.lang.reflect.Method.invoke(Method.java:498)
	at tcl.lang.reflect.PkgInvoker.invokeMethod(PkgInvoker.java:129)
	at tcl.lang.JavaInvoke.call(JavaInvoke.java:253)
	at tcl.lang.JavaInvoke.callMethod(JavaInvoke.java:116)
	at tcl.lang.ReflectObject.cmdProc(ReflectObject.java:727)
	at tcl.lang.Parser.evalObjv(Parser.java:740)
	at tcl.lang.Parser.eval2(Parser.java:1138)
	at tcl.lang.Parser.evalTokens(Parser.java:930)
	at tcl.lang.Parser.eval2(Parser.java:1125)
	at tcl.lang.Interp.eval(Interp.java:1782)
	at tcl.lang.Interp.eval(Interp.java:1841)
	at tcl.lang.UplevelCmd.cmdProc(UplevelCmd.java:93)
	at tcl.lang.Parser.evalObjv(Parser.java:740)
	at tcl.lang.Parser.eval2(Parser.java:1138)
	at tcl.lang.Interp.eval(Interp.java:1782)
	at tcl.lang.Interp.eval(Interp.java:1841)
	at tcl.lang.CatchCmd.cmdProc(CatchCmd.java:42)
	at tcl.lang.Parser.evalObjv(Parser.java:740)
	at tcl.lang.Parser.eval2(Parser.java:1138)
	at tcl.lang.Parser.evalTokens(Parser.java:930)
	at tcl.lang.Parser.eval2(Parser.java:1125)
	at tcl.lang.Procedure.cmdProc(Procedure.java:175)
	at tcl.lang.Parser.evalObjv(Parser.java:740)
	at tcl.lang.Parser.eval2(Parser.java:1138)
	at tcl.lang.Interp.eval(Interp.java:1782)
	at tcl.lang.Interp.eval(Interp.java:1841)
	at tcl.lang.ForeachCmd.cmdProc(ForeachCmd.java:116)
	at tcl.lang.AutoloadStub.cmdProc(Extension.java:144)
	at tcl.lang.Parser.evalObjv(Parser.java:740)
	at tcl.lang.Parser.eval2(Parser.java:1138)
	at tcl.lang.Interp.eval(Interp.java:1782)
	at tcl.lang.Interp.evalFile(Interp.java:1880)
	at sun.reflect.NativeMethodAccessorImpl.invoke0(Native Method)
	at sun.reflect.NativeMethodAccessorImpl.invoke(NativeMethodAccessorImpl.java:62)
	at sun.reflect.DelegatingMethodAccessorImpl.invoke(DelegatingMethodAccessorImpl.java:43)
	at java.lang.reflect.Method.invoke(Method.java:498)
	at ptolemy.util.test.junit.TclTests.RunTclFile(TclTests.java:233)
	at sun.reflect.NativeMethodAccessorImpl.invoke0(Native Method)
	at sun.reflect.NativeMethodAccessorImpl.invoke(NativeMethodAccessorImpl.java:62)
	at sun.reflect.DelegatingMethodAccessorImpl.invoke(DelegatingMethodAccessorImpl.java:43)
	at java.lang.reflect.Method.invoke(Method.java:498)
	at org.junit.runners.model.FrameworkMethod$1.runReflectiveCall(FrameworkMethod.java:44)
	at org.junit.internal.runners.model.ReflectiveCallable.run(ReflectiveCallable.java:15)
	at org.junit.runners.model.FrameworkMethod.invokeExplosively(FrameworkMethod.java:41)
	at junitparams.internal.InvokeParameterisedMethod.evaluate(InvokeParameterisedMethod.java:102)
	at junitparams.internal.ParameterisedTestMethodRunner.runMethodInvoker(ParameterisedTestMethodRunner.java:47)
	at junitparams.internal.ParameterisedTestMethodRunner.runTestMethod(ParameterisedTestMethodRunner.java:41)
	at junitparams.internal.ParameterisedTestClassRunner.runParameterisedTest(ParameterisedTestClassRunner.java:143)
	at junitparams.JUnitParamsRunner.runChild(JUnitParamsRunner.java:237)
	at junitparams.JUnitParamsRunner.runChild(JUnitParamsRunner.java:215)
	at org.junit.runners.ParentRunner$3.run(ParentRunner.java:193)
	at org.junit.runners.ParentRunner$1.schedule(ParentRunner.java:52)
	at org.junit.runners.ParentRunner.runChildren(ParentRunner.java:191)
	at org.junit.runners.ParentRunner.access$000(ParentRunner.java:42)
	at org.junit.runners.ParentRunner$2.evaluate(ParentRunner.java:184)
	at org.junit.internal.runners.statements.RunAfters.evaluate(RunAfters.java:31)
	at org.junit.runners.ParentRunner.run(ParentRunner.java:236)
	at org.junit.runners.Suite.runChild(Suite.java:128)
	at org.junit.runners.Suite.runChild(Suite.java:24)
	at org.junit.runners.ParentRunner$3.run(ParentRunner.java:193)
	at org.junit.runners.ParentRunner$1.schedule(ParentRunner.java:52)
	at org.junit.runners.ParentRunner.runChildren(ParentRunner.java:191)
	at org.junit.runners.ParentRunner.access$000(ParentRunner.java:42)
	at org.junit.runners.ParentRunner$2.evaluate(ParentRunner.java:184)
	at org.junit.runners.ParentRunner.run(ParentRunner.java:236)
	at junit.framework.JUnit4TestAdapter.run(JUnit4TestAdapter.java:39)
	at org.apache.tools.ant.taskdefs.optional.junit.JUnitTestRunner.run(JUnitTestRunner.java:535)
	at org.apache.tools.ant.taskdefs.optional.junit.JUnitTestRunner.launch(JUnitTestRunner.java:1182)
	at org.apache.tools.ant.taskdefs.optional.junit.JUnitTestRunner.main(JUnitTestRunner.java:1033)
Caused by: ptolemy.kernel.util.IllegalActionException: Error evaluating expression:
/** Check Host Compatability of an accessor by performing 
...
  in .configuration.actor library.Accessors.services.HostCompatability.script
Because:
Failed to evaluate script.
  in .configuration.actor library.Accessors.services.HostCompatability
Because:
require() failed to find matching file for module 'base64-js' in working directory '/home/travis/build/icyphy/ptII/ptolemy/actor/lib/jjs'  and not found in paths ["/home/travis/build/icyphy/ptII/ptolemy/actor/lib/jjs/","/home/travis/build/icyphy/ptII/ptolemy/actor/lib/jjs/modules/","/home/travis/build/icyphy/ptII/ptolemy/actor/lib/jjs/node/","/home/travis/build/icyphy/ptII/ptolemy/actor/lib/jjs/node_modules/","/home/travis/build/icyphy/ptII/org/terraswarm/accessor/accessors/web/hosts/","/home/travis/build/icyphy/ptII/org/terraswarm/accessor/accessors/web/","/home/travis/build/icyphy/ptII/org/terraswarm/accessor/accessors/web/hosts/common/modules/"] in /home/travis/build/icyphy/ptII/ptolemy/actor/lib/jjs/external/require.js at line number 376 at column number 12
	at ptolemy.data.expr.Variable._evaluate(Variable.java:1891)
	at ptolemy.data.expr.Variable._propagate(Variable.java:1984)
	at ptolemy.data.expr.Variable.validate(Variable.java:1596)
	... 85 more
Caused by: ptolemy.kernel.util.IllegalActionException: Failed to evaluate script.
  in .configuration.actor library.Accessors.services.HostCompatability
Because:
require() failed to find matching file for module 'base64-js' in working directory '/home/travis/build/icyphy/ptII/ptolemy/actor/lib/jjs'  and not found in paths ["/home/travis/build/icyphy/ptII/ptolemy/actor/lib/jjs/","/home/travis/build/icyphy/ptII/ptolemy/actor/lib/jjs/modules/","/home/travis/build/icyphy/ptII/ptolemy/actor/lib/jjs/node/","/home/travis/build/icyphy/ptII/ptolemy/actor/lib/jjs/node_modules/","/home/travis/build/icyphy/ptII/org/terraswarm/accessor/accessors/web/hosts/","/home/travis/build/icyphy/ptII/org/terraswarm/accessor/accessors/web/","/home/travis/build/icyphy/ptII/org/terraswarm/accessor/accessors/web/hosts/common/modules/"] in /home/travis/build/icyphy/ptII/ptolemy/actor/lib/jjs/external/require.js at line number 376 at column number 12
	at ptolemy.actor.lib.jjs.JavaScript._createEngineAndEvaluateSetup(JavaScript.java:2493)
	at ptolemy.actor.lib.jjs.JavaScript.attributeChanged(JavaScript.java:548)
	at org.terraswarm.accessor.JSAccessor.attributeChanged(JSAccessor.java:312)
	at ptolemy.data.expr.Variable._setTokenAndNotify(Variable.java:2271)
	at ptolemy.data.expr.Variable._evaluate(Variable.java:1873)
	... 87 more
Caused by: javax.script.ScriptException: require() failed to find matching file for module 'base64-js' in working directory '/home/travis/build/icyphy/ptII/ptolemy/actor/lib/jjs'  and not found in paths ["/home/travis/build/icyphy/ptII/ptolemy/actor/lib/jjs/","/home/travis/build/icyphy/ptII/ptolemy/actor/lib/jjs/modules/","/home/travis/build/icyphy/ptII/ptolemy/actor/lib/jjs/node/","/home/travis/build/icyphy/ptII/ptolemy/actor/lib/jjs/node_modules/","/home/travis/build/icyphy/ptII/org/terraswarm/accessor/accessors/web/hosts/","/home/travis/build/icyphy/ptII/org/terraswarm/accessor/accessors/web/","/home/travis/build/icyphy/ptII/org/terraswarm/accessor/accessors/web/hosts/common/modules/"] in /home/travis/build/icyphy/ptII/ptolemy/actor/lib/jjs/external/require.js at line number 376 at column number 12
	at jdk.nashorn.api.scripting.NashornScriptEngine.throwAsScriptException(NashornScriptEngine.java:470)
	at jdk.nashorn.api.scripting.NashornScriptEngine.invokeImpl(NashornScriptEngine.java:392)
	at jdk.nashorn.api.scripting.NashornScriptEngine.invokeFunction(NashornScriptEngine.java:190)
	at ptolemy.actor.lib.jjs.JavaScript._createEngineAndEvaluateSetup(JavaScript.java:2489)
	... 91 more
Caused by: /home/travis/build/icyphy/ptII/ptolemy/actor/lib/jjs/external/require.js:376:12 require() failed to find matching file for module 'base64-js' in working directory '/home/travis/build/icyphy/ptII/ptolemy/actor/lib/jjs'  and not found in paths ["/home/travis/build/icyphy/ptII/ptolemy/actor/lib/jjs/","/home/travis/build/icyphy/ptII/ptolemy/actor/lib/jjs/modules/","/home/travis/build/icyphy/ptII/ptolemy/actor/lib/jjs/node/","/home/travis/build/icyphy/ptII/ptolemy/actor/lib/jjs/node_modules/","/home/travis/build/icyphy/ptII/org/terraswarm/accessor/accessors/web/hosts/","/home/travis/build/icyphy/ptII/org/terraswarm/accessor/accessors/web/","/home/travis/build/icyphy/ptII/org/terraswarm/accessor/accessors/web/hosts/common/modules/"]
	at jdk.nashorn.internal.runtime.ECMAException.create(ECMAException.java:113)
	at jdk.nashorn.internal.scripts.Script$Recompilation$7283$16305AAA$require.L:45#_require(/home/travis/build/icyphy/ptII/ptolemy/actor/lib/jjs/external/require.js:376)
	at jdk.nashorn.internal.scripts.Script$Recompilation$7282$20040A$require.L:45#_requireClosure#L:449(/home/travis/build/icyphy/ptII/ptolemy/actor/lib/jjs/external/require.js:450)
	at jdk.nashorn.internal.scripts.Script$Recompilation$7314$183AAAAAAAAAAAAAA$\^function\_.L:1(&lt;function&gt;:71)
	at jdk.nashorn.internal.scripts.Script$Recompilation$7301$18291AAAAAA$require.L:1#Accessor(/home/travis/build/icyphy/ptII/ptolemy/actor/lib/jjs/external/require.js#409:30&lt;eval&gt;:548)
	at jdk.nashorn.internal.scripts.Script$Recompilation$7310$118959AAAAAA$require.L:1#instantiateAccessor(/home/travis/build/icyphy/ptII/ptolemy/actor/lib/jjs/external/require.js#409:30&lt;eval&gt;:2754)
	at jdk.nashorn.internal.scripts.Script$Recompilation$7309$55578A$require.L:1#extend(/home/travis/build/icyphy/ptII/ptolemy/actor/lib/jjs/external/require.js#409:30&lt;eval&gt;:1235)
	at jdk.nashorn.internal.scripts.Script$Recompilation$7308$2155$\^function\_.L:1#setup(&lt;function&gt;:40)
	at jdk.nashorn.internal.scripts.Script$Recompilation$7301$18291AAAAAA$require.L:1#Accessor(/home/travis/build/icyphy/ptII/ptolemy/actor/lib/jjs/external/require.js#409:30&lt;eval&gt;:595)
	at jdk.nashorn.internal.scripts.Script$Recompilation$7300$2858AAA$\^eval\_.evaluateCode(&lt;eval&gt;:96)
	at jdk.nashorn.internal.runtime.ScriptFunctionData.invoke(ScriptFunctionData.java:643)
	at jdk.nashorn.internal.runtime.ScriptFunction.invoke(ScriptFunction.java:494)
	at jdk.nashorn.internal.runtime.ScriptRuntime.apply(ScriptRuntime.java:393)
	at jdk.nashorn.api.scripting.ScriptObjectMirror.callMember(ScriptObjectMirror.java:199)
	at jdk.nashorn.api.scripting.NashornScriptEngine.invokeImpl(NashornScriptEngine.java:386)
	... 93 more
Caused by: ptolemy.kernel.util.IllegalActionException: Error evaluating expression:
/** Check Host Compatability of an accessor by performing 
...
  in .configuration.actor library.Accessors.services.HostCompatability.script
Because:
Failed to evaluate script.
  in .configuration.actor library.Accessors.services.HostCompatability
Because:
require() failed to find matching file for module 'base64-js' in working directory '/home/travis/build/icyphy/ptII/ptolemy/actor/lib/jjs'  and not found in paths ["/home/travis/build/icyphy/ptII/ptolemy/actor/lib/jjs/","/home/travis/build/icyphy/ptII/ptolemy/actor/lib/jjs/modules/","/home/travis/build/icyphy/ptII/ptolemy/actor/lib/jjs/node/","/home/travis/build/icyphy/ptII/ptolemy/actor/lib/jjs/node_modules/","/home/travis/build/icyphy/ptII/org/terraswarm/accessor/accessors/web/hosts/","/home/travis/build/icyphy/ptII/org/terraswarm/accessor/accessors/web/","/home/travis/build/icyphy/ptII/org/terraswarm/accessor/accessors/web/hosts/common/modules/"] in /home/travis/build/icyphy/ptII/ptolemy/actor/lib/jjs/external/require.js at line number 376 at column number 12
	at ptolemy.data.expr.Variable._evaluate(Variable.java:1891)
	at ptolemy.data.expr.Variable._propagate(Variable.java:1984)
	at ptolemy.data.expr.Variable.validate(Variable.java:1596)
	at ptolemy.moml.MoMLParser.endDocument(MoMLParser.java:867)
	at com.microstar.xml.XmlParser.doParse(XmlParser.java:162)
	at com.microstar.xml.XmlParser.parse(XmlParser.java:132)
	at ptolemy.moml.MoMLParser.parse(MoMLParser.java:1676)
	at ptolemy.moml.MoMLParser.parse(MoMLParser.java:1617)
	at ptolemy.moml.MoMLParser.parse(MoMLParser.java:1792)
	at org.terraswarm.accessor.AccessorLibrary.populate(AccessorLibrary.java:194)
	at ptolemy.moml.EntityLibrary.deepEntityList(EntityLibrary.java:349)
	at ptolemy.kernel.CompositeEntity.deepEntityList(CompositeEntity.java:714)
	at ptolemy.moml.EntityLibrary.deepEntityList(EntityLibrary.java:350)
	at ptolemy.kernel.CompositeEntity.deepEntityList(CompositeEntity.java:714)
	at ptolemy.kernel.CompositeEntity.deepEntityList(CompositeEntity.java:714)
	at ptolemy.kernel.CompositeEntity.allAtomicEntityList(CompositeEntity.java:188)
	at sun.reflect.NativeMethodAccessorImpl.invoke0(Native Method)
	at sun.reflect.NativeMethodAccessorImpl.invoke(NativeMethodAccessorImpl.java:62)
	at sun.reflect.DelegatingMethodAccessorImpl.invoke(DelegatingMethodAccessorImpl.java:43)
	at java.lang.reflect.Method.invoke(Method.java:498)
	at tcl.lang.reflect.PkgInvoker.invokeMethod(PkgInvoker.java:129)
	at tcl.lang.JavaInvoke.call(JavaInvoke.java:253)
	at tcl.lang.JavaInvoke.callMethod(JavaInvoke.java:116)
	at tcl.lang.ReflectObject.cmdProc(ReflectObject.java:727)
	at tcl.lang.Parser.evalObjv(Parser.java:740)
	at tcl.lang.Parser.eval2(Parser.java:1138)
	at tcl.lang.Parser.evalTokens(Parser.java:930)
	at tcl.lang.Parser.eval2(Parser.java:1125)
	at tcl.lang.Interp.eval(Interp.java:1782)
	at tcl.lang.Interp.eval(Interp.java:1841)
	at tcl.lang.UplevelCmd.cmdProc(UplevelCmd.java:93)
	at tcl.lang.Parser.evalObjv(Parser.java:740)
	at tcl.lang.Parser.eval2(Parser.java:1138)
	at tcl.lang.Interp.eval(Interp.java:1782)
	at tcl.lang.Interp.eval(Interp.java:1841)
	at tcl.lang.CatchCmd.cmdProc(CatchCmd.java:42)
	at tcl.lang.Parser.evalObjv(Parser.java:740)
	at tcl.lang.Parser.eval2(Parser.java:1138)
	at tcl.lang.Parser.evalTokens(Parser.java:930)
	at tcl.lang.Parser.eval2(Parser.java:1125)
	at tcl.lang.Procedure.cmdProc(Procedure.java:175)
	at tcl.lang.Parser.evalObjv(Parser.java:740)
	at tcl.lang.Parser.eval2(Parser.java:1138)
	at tcl.lang.Interp.eval(Interp.java:1782)
	at tcl.lang.Interp.eval(Interp.java:1841)
	at tcl.lang.ForeachCmd.cmdProc(ForeachCmd.java:116)
	at tcl.lang.AutoloadStub.cmdProc(Extension.java:144)
	at tcl.lang.Parser.evalObjv(Parser.java:740)
	at tcl.lang.Parser.eval2(Parser.java:1138)
	at tcl.lang.Interp.eval(Interp.java:1782)
	at tcl.lang.Interp.evalFile(Interp.java:1880)
	at sun.reflect.NativeMethodAccessorImpl.invoke0(Native Method)
	at sun.reflect.NativeMethodAccessorImpl.invoke(NativeMethodAccessorImpl.java:62)
	at sun.reflect.DelegatingMethodAccessorImpl.invoke(DelegatingMethodAccessorImpl.java:43)
	at java.lang.reflect.Method.invoke(Method.java:498)
	at ptolemy.util.test.junit.TclTests.RunTclFile(TclTests.java:233)
	at sun.reflect.NativeMethodAccessorImpl.invoke0(Native Method)
	at sun.reflect.NativeMethodAccessorImpl.invoke(NativeMethodAccessorImpl.java:62)
	at sun.reflect.DelegatingMethodAccessorImpl.invoke(DelegatingMethodAccessorImpl.java:43)
	at java.lang.reflect.Method.invoke(Method.java:498)
	at org.junit.runners.model.FrameworkMethod$1.runReflectiveCall(FrameworkMethod.java:44)
	at org.junit.internal.runners.model.ReflectiveCallable.run(ReflectiveCallable.java:15)
	at org.junit.runners.model.FrameworkMethod.invokeExplosively(FrameworkMethod.java:41)
	at junitparams.internal.InvokeParameterisedMethod.evaluate(InvokeParameterisedMethod.java:102)
	at junitparams.internal.ParameterisedTestMethodRunner.runMethodInvoker(ParameterisedTestMethodRunner.java:47)
	at junitparams.internal.ParameterisedTestMethodRunner.runTestMethod(ParameterisedTestMethodRunner.java:41)
	at junitparams.internal.ParameterisedTestClassRunner.runParameterisedTest(ParameterisedTestClassRunner.java:143)
	at junitparams.JUnitParamsRunner.runChild(JUnitParamsRunner.java:237)
	at junitparams.JUnitParamsRunner.runChild(JUnitParamsRunner.java:215)
	at org.junit.runners.ParentRunner$3.run(ParentRunner.java:193)
	at org.junit.runners.ParentRunner$1.schedule(ParentRunner.java:52)
	at org.junit.runners.ParentRunner.runChildren(ParentRunner.java:191)
	at org.junit.runners.ParentRunner.access$000(ParentRunner.java:42)
	at org.junit.runners.ParentRunner$2.evaluate(ParentRunner.java:184)
	at org.junit.internal.runners.statements.RunAfters.evaluate(RunAfters.java:31)
	at org.junit.runners.ParentRunner.run(ParentRunner.java:236)
	at org.junit.runners.Suite.runChild(Suite.java:128)
	at org.junit.runners.Suite.runChild(Suite.java:24)
	at org.junit.runners.ParentRunner$3.run(ParentRunner.java:193)
	at org.junit.runners.ParentRunner$1.schedule(ParentRunner.java:52)
	at org.junit.runners.ParentRunner.runChildren(ParentRunner.java:191)
	at org.junit.runners.ParentRunner.access$000(ParentRunner.java:42)
	at org.junit.runners.ParentRunner$2.evaluate(ParentRunner.java:184)
	at org.junit.runners.ParentRunner.run(ParentRunner.java:236)
	at junit.framework.JUnit4TestAdapter.run(JUnit4TestAdapter.java:39)
	at org.apache.tools.ant.taskdefs.optional.junit.JUnitTestRunner.run(JUnitTestRunner.java:535)
	at org.apache.tools.ant.taskdefs.optional.junit.JUnitTestRunner.launch(JUnitTestRunner.java:1182)
	at org.apache.tools.ant.taskdefs.optional.junit.JUnitTestRunner.main(JUnitTestRunner.java:1033)
Caused by: ptolemy.kernel.util.IllegalActionException: Failed to evaluate script.
  in .configuration.actor library.Accessors.services.HostCompatability
Because:
require() failed to find matching file for module 'base64-js' in working directory '/home/travis/build/icyphy/ptII/ptolemy/actor/lib/jjs'  and not found in paths ["/home/travis/build/icyphy/ptII/ptolemy/actor/lib/jjs/","/home/travis/build/icyphy/ptII/ptolemy/actor/lib/jjs/modules/","/home/travis/build/icyphy/ptII/ptolemy/actor/lib/jjs/node/","/home/travis/build/icyphy/ptII/ptolemy/actor/lib/jjs/node_modules/","/home/travis/build/icyphy/ptII/org/terraswarm/accessor/accessors/web/hosts/","/home/travis/build/icyphy/ptII/org/terraswarm/accessor/accessors/web/","/home/travis/build/icyphy/ptII/org/terraswarm/accessor/accessors/web/hosts/common/modules/"] in /home/travis/build/icyphy/ptII/ptolemy/actor/lib/jjs/external/require.js at line number 376 at column number 12
	at ptolemy.actor.lib.jjs.JavaScript._createEngineAndEvaluateSetup(JavaScript.java:2493)
	at ptolemy.actor.lib.jjs.JavaScript.attributeChanged(JavaScript.java:548)
	at org.terraswarm.accessor.JSAccessor.attributeChanged(JSAccessor.java:312)
	at ptolemy.data.expr.Variable._setTokenAndNotify(Variable.java:2271)
	at ptolemy.data.expr.Variable._evaluate(Variable.java:1873)
	... 87 more
Caused by: javax.script.ScriptException: require() failed to find matching file for module 'base64-js' in working directory '/home/travis/build/icyphy/ptII/ptolemy/actor/lib/jjs'  and not found in paths ["/home/travis/build/icyphy/ptII/ptolemy/actor/lib/jjs/","/home/travis/build/icyphy/ptII/ptolemy/actor/lib/jjs/modules/","/home/travis/build/icyphy/ptII/ptolemy/actor/lib/jjs/node/","/home/travis/build/icyphy/ptII/ptolemy/actor/lib/jjs/node_modules/","/home/travis/build/icyphy/ptII/org/terraswarm/accessor/accessors/web/hosts/","/home/travis/build/icyphy/ptII/org/terraswarm/accessor/accessors/web/","/home/travis/build/icyphy/ptII/org/terraswarm/accessor/accessors/web/hosts/common/modules/"] in /home/travis/build/icyphy/ptII/ptolemy/actor/lib/jjs/external/require.js at line number 376 at column number 12
	at jdk.nashorn.api.scripting.NashornScriptEngine.throwAsScriptException(NashornScriptEngine.java:470)
	at jdk.nashorn.api.scripting.NashornScriptEngine.invokeImpl(NashornScriptEngine.java:392)
	at jdk.nashorn.api.scripting.NashornScriptEngine.invokeFunction(NashornScriptEngine.java:190)
	at ptolemy.actor.lib.jjs.JavaScript._createEngineAndEvaluateSetup(JavaScript.java:2489)
	... 91 more
Caused by: /home/travis/build/icyphy/ptII/ptolemy/actor/lib/jjs/external/require.js:376:12 require() failed to find matching file for module 'base64-js' in working directory '/home/travis/build/icyphy/ptII/ptolemy/actor/lib/jjs'  and not found in paths ["/home/travis/build/icyphy/ptII/ptolemy/actor/lib/jjs/","/home/travis/build/icyphy/ptII/ptolemy/actor/lib/jjs/modules/","/home/travis/build/icyphy/ptII/ptolemy/actor/lib/jjs/node/","/home/travis/build/icyphy/ptII/ptolemy/actor/lib/jjs/node_modules/","/home/travis/build/icyphy/ptII/org/terraswarm/accessor/accessors/web/hosts/","/home/travis/build/icyphy/ptII/org/terraswarm/accessor/accessors/web/","/home/travis/build/icyphy/ptII/org/terraswarm/accessor/accessors/web/hosts/common/modules/"]
	at jdk.nashorn.internal.runtime.ECMAException.create(ECMAException.java:113)
	at jdk.nashorn.internal.scripts.Script$Recompilation$7283$16305AAA$require.L:45#_require(/home/travis/build/icyphy/ptII/ptolemy/actor/lib/jjs/external/require.js:376)
	at jdk.nashorn.internal.scripts.Script$Recompilation$7282$20040A$require.L:45#_requireClosure#L:449(/home/travis/build/icyphy/ptII/ptolemy/actor/lib/jjs/external/require.js:450)
	at jdk.nashorn.internal.scripts.Script$Recompilation$7314$183AAAAAAAAAAAAAA$\^function\_.L:1(&lt;function&gt;:71)
	at jdk.nashorn.internal.scripts.Script$Recompilation$7301$18291AAAAAA$require.L:1#Accessor(/home/travis/build/icyphy/ptII/ptolemy/actor/lib/jjs/external/require.js#409:30&lt;eval&gt;:548)
	at jdk.nashorn.internal.scripts.Script$Recompilation$7310$118959AAAAAA$require.L:1#instantiateAccessor(/home/travis/build/icyphy/ptII/ptolemy/actor/lib/jjs/external/require.js#409:30&lt;eval&gt;:2754)
	at jdk.nashorn.internal.scripts.Script$Recompilation$7309$55578A$require.L:1#extend(/home/travis/build/icyphy/ptII/ptolemy/actor/lib/jjs/external/require.js#409:30&lt;eval&gt;:1235)
	at jdk.nashorn.internal.scripts.Script$Recompilation$7308$2155$\^function\_.L:1#setup(&lt;function&gt;:40)
	at jdk.nashorn.internal.scripts.Script$Recompilation$7301$18291AAAAAA$require.L:1#Accessor(/home/travis/build/icyphy/ptII/ptolemy/actor/lib/jjs/external/require.js#409:30&lt;eval&gt;:595)
	at jdk.nashorn.internal.scripts.Script$Recompilation$7300$2858AAA$\^eval\_.evaluateCode(&lt;eval&gt;:96)
	at jdk.nashorn.internal.runtime.ScriptFunctionData.invoke(ScriptFunctionData.java:643)
	at jdk.nashorn.internal.runtime.ScriptFunction.invoke(ScriptFunction.java:494)
	at jdk.nashorn.internal.runtime.ScriptRuntime.apply(ScriptRuntime.java:393)
	at jdk.nashorn.api.scripting.ScriptObjectMirror.callMember(ScriptObjectMirror.java:199)
	at jdk.nashorn.api.scripting.NashornScriptEngine.invokeImpl(NashornScriptEngine.java:386)
	... 93 more
Caused by: ptolemy.kernel.util.IllegalActionException: Failed to evaluate script.
  in .configuration.actor library.Accessors.services.HostCompatability
Because:
require() failed to find matching file for module 'base64-js' in working directory '/home/travis/build/icyphy/ptII/ptolemy/actor/lib/jjs'  and not found in paths ["/home/travis/build/icyphy/ptII/ptolemy/actor/lib/jjs/","/home/travis/build/icyphy/ptII/ptolemy/actor/lib/jjs/modules/","/home/travis/build/icyphy/ptII/ptolemy/actor/lib/jjs/node/","/home/travis/build/icyphy/ptII/ptolemy/actor/lib/jjs/node_modules/","/home/travis/build/icyphy/ptII/org/terraswarm/accessor/accessors/web/hosts/","/home/travis/build/icyphy/ptII/org/terraswarm/accessor/accessors/web/","/home/travis/build/icyphy/ptII/org/terraswarm/accessor/accessors/web/hosts/common/modules/"] in /home/travis/build/icyphy/ptII/ptolemy/actor/lib/jjs/external/require.js at line number 376 at column number 12
	at ptolemy.actor.lib.jjs.JavaScript._createEngineAndEvaluateSetup(JavaScript.java:2493)
	at ptolemy.actor.lib.jjs.JavaScript.attributeChanged(JavaScript.java:548)
	at org.terraswarm.accessor.JSAccessor.attributeChanged(JSAccessor.java:312)
	at ptolemy.data.expr.Variable._setTokenAndNotify(Variable.java:2271)
	at ptolemy.data.expr.Variable._evaluate(Variable.java:1873)
	at ptolemy.data.expr.Variable._propagate(Variable.java:1984)
	at ptolemy.data.expr.Variable.validate(Variable.java:1596)
	at ptolemy.moml.MoMLParser.endDocument(MoMLParser.java:867)
	at com.microstar.xml.XmlParser.doParse(XmlParser.java:162)
	at com.microstar.xml.XmlParser.parse(XmlParser.java:132)
	at ptolemy.moml.MoMLParser.parse(MoMLParser.java:1676)
	at ptolemy.moml.MoMLParser.parse(MoMLParser.java:1617)
	at ptolemy.moml.MoMLParser.parse(MoMLParser.java:1792)
	at org.terraswarm.accessor.AccessorLibrary.populate(AccessorLibrary.java:194)
	at ptolemy.moml.EntityLibrary.deepEntityList(EntityLibrary.java:349)
	at ptolemy.kernel.CompositeEntity.deepEntityList(CompositeEntity.java:714)
	at ptolemy.moml.EntityLibrary.deepEntityList(EntityLibrary.java:350)
	at ptolemy.kernel.CompositeEntity.deepEntityList(CompositeEntity.java:714)
	at ptolemy.kernel.CompositeEntity.deepEntityList(CompositeEntity.java:714)
	at ptolemy.kernel.CompositeEntity.allAtomicEntityList(CompositeEntity.java:188)
	at sun.reflect.NativeMethodAccessorImpl.invoke0(Native Method)
	at sun.reflect.NativeMethodAccessorImpl.invoke(NativeMethodAccessorImpl.java:62)
	at sun.reflect.DelegatingMethodAccessorImpl.invoke(DelegatingMethodAccessorImpl.java:43)
	at java.lang.reflect.Method.invoke(Method.java:498)
	at tcl.lang.reflect.PkgInvoker.invokeMethod(PkgInvoker.java:129)
	at tcl.lang.JavaInvoke.call(JavaInvoke.java:253)
	at tcl.lang.JavaInvoke.callMethod(JavaInvoke.java:116)
	at tcl.lang.ReflectObject.cmdProc(ReflectObject.java:727)
	at tcl.lang.Parser.evalObjv(Parser.java:740)
	at tcl.lang.Parser.eval2(Parser.java:1138)
	at tcl.lang.Parser.evalTokens(Parser.java:930)
	at tcl.lang.Parser.eval2(Parser.java:1125)
	at tcl.lang.Interp.eval(Interp.java:1782)
	at tcl.lang.Interp.eval(Interp.java:1841)
	at tcl.lang.UplevelCmd.cmdProc(UplevelCmd.java:93)
	at tcl.lang.Parser.evalObjv(Parser.java:740)
	at tcl.lang.Parser.eval2(Parser.java:1138)
	at tcl.lang.Interp.eval(Interp.java:1782)
	at tcl.lang.Interp.eval(Interp.java:1841)
	at tcl.lang.CatchCmd.cmdProc(CatchCmd.java:42)
	at tcl.lang.Parser.evalObjv(Parser.java:740)
	at tcl.lang.Parser.eval2(Parser.java:1138)
	at tcl.lang.Parser.evalTokens(Parser.java:930)
	at tcl.lang.Parser.eval2(Parser.java:1125)
	at tcl.lang.Procedure.cmdProc(Procedure.java:175)
	at tcl.lang.Parser.evalObjv(Parser.java:740)
	at tcl.lang.Parser.eval2(Parser.java:1138)
	at tcl.lang.Interp.eval(Interp.java:1782)
	at tcl.lang.Interp.eval(Interp.java:1841)
	at tcl.lang.ForeachCmd.cmdProc(ForeachCmd.java:116)
	at tcl.lang.AutoloadStub.cmdProc(Extension.java:144)
	at tcl.lang.Parser.evalObjv(Parser.java:740)
	at tcl.lang.Parser.eval2(Parser.java:1138)
	at tcl.lang.Interp.eval(Interp.java:1782)
	at tcl.lang.Interp.evalFile(Interp.java:1880)
	at sun.reflect.NativeMethodAccessorImpl.invoke0(Native Method)
	at sun.reflect.NativeMethodAccessorImpl.invoke(NativeMethodAccessorImpl.java:62)
	at sun.reflect.DelegatingMethodAccessorImpl.invoke(DelegatingMethodAccessorImpl.java:43)
	at java.lang.reflect.Method.invoke(Method.java:498)
	at ptolemy.util.test.junit.TclTests.RunTclFile(TclTests.java:233)
	at sun.reflect.NativeMethodAccessorImpl.invoke0(Native Method)
	at sun.reflect.NativeMethodAccessorImpl.invoke(NativeMethodAccessorImpl.java:62)
	at sun.reflect.DelegatingMethodAccessorImpl.invoke(DelegatingMethodAccessorImpl.java:43)
	at java.lang.reflect.Method.invoke(Method.java:498)
	at org.junit.runners.model.FrameworkMethod$1.runReflectiveCall(FrameworkMethod.java:44)
	at org.junit.internal.runners.model.ReflectiveCallable.run(ReflectiveCallable.java:15)
	at org.junit.runners.model.FrameworkMethod.invokeExplosively(FrameworkMethod.java:41)
	at junitparams.internal.InvokeParameterisedMethod.evaluate(InvokeParameterisedMethod.java:102)
	at junitparams.internal.ParameterisedTestMethodRunner.runMethodInvoker(ParameterisedTestMethodRunner.java:47)
	at junitparams.internal.ParameterisedTestMethodRunner.runTestMethod(ParameterisedTestMethodRunner.java:41)
	at junitparams.internal.ParameterisedTestClassRunner.runParameterisedTest(ParameterisedTestClassRunner.java:143)
	at junitparams.JUnitParamsRunner.runChild(JUnitParamsRunner.java:237)
	at junitparams.JUnitParamsRunner.runChild(JUnitParamsRunner.java:215)
	at org.junit.runners.ParentRunner$3.run(ParentRunner.java:193)
	at org.junit.runners.ParentRunner$1.schedule(ParentRunner.java:52)
	at org.junit.runners.ParentRunner.runChildren(ParentRunner.java:191)
	at org.junit.runners.ParentRunner.access$000(ParentRunner.java:42)
	at org.junit.runners.ParentRunner$2.evaluate(ParentRunner.java:184)
	at org.junit.internal.runners.statements.RunAfters.evaluate(RunAfters.java:31)
	at org.junit.runners.ParentRunner.run(ParentRunner.java:236)
	at org.junit.runners.Suite.runChild(Suite.java:128)
	at org.junit.runners.Suite.runChild(Suite.java:24)
	at org.junit.runners.ParentRunner$3.run(ParentRunner.java:193)
	at org.junit.runners.ParentRunner$1.schedule(ParentRunner.java:52)
	at org.junit.runners.ParentRunner.runChildren(ParentRunner.java:191)
	at org.junit.runners.ParentRunner.access$000(ParentRunner.java:42)
	at org.junit.runners.ParentRunner$2.evaluate(ParentRunner.java:184)
	at org.junit.runners.ParentRunner.run(ParentRunner.java:236)
	at junit.framework.JUnit4TestAdapter.run(JUnit4TestAdapter.java:39)
	at org.apache.tools.ant.taskdefs.optional.junit.JUnitTestRunner.run(JUnitTestRunner.java:535)
	at org.apache.tools.ant.taskdefs.optional.junit.JUnitTestRunner.launch(JUnitTestRunner.java:1182)
	at org.apache.tools.ant.taskdefs.optional.junit.JUnitTestRunner.main(JUnitTestRunner.java:1033)
Caused by: javax.script.ScriptException: require() failed to find matching file for module 'base64-js' in working directory '/home/travis/build/icyphy/ptII/ptolemy/actor/lib/jjs'  and not found in paths ["/home/travis/build/icyphy/ptII/ptolemy/actor/lib/jjs/","/home/travis/build/icyphy/ptII/ptolemy/actor/lib/jjs/modules/","/home/travis/build/icyphy/ptII/ptolemy/actor/lib/jjs/node/","/home/travis/build/icyphy/ptII/ptolemy/actor/lib/jjs/node_modules/","/home/travis/build/icyphy/ptII/org/terraswarm/accessor/accessors/web/hosts/","/home/travis/build/icyphy/ptII/org/terraswarm/accessor/accessors/web/","/home/travis/build/icyphy/ptII/org/terraswarm/accessor/accessors/web/hosts/common/modules/"] in /home/travis/build/icyphy/ptII/ptolemy/actor/lib/jjs/external/require.js at line number 376 at column number 12
	at jdk.nashorn.api.scripting.NashornScriptEngine.throwAsScriptException(NashornScriptEngine.java:470)
	at jdk.nashorn.api.scripting.NashornScriptEngine.invokeImpl(NashornScriptEngine.java:392)
	at jdk.nashorn.api.scripting.NashornScriptEngine.invokeFunction(NashornScriptEngine.java:190)
	at ptolemy.actor.lib.jjs.JavaScript._createEngineAndEvaluateSetup(JavaScript.java:2489)
	... 91 more
Caused by: /home/travis/build/icyphy/ptII/ptolemy/actor/lib/jjs/external/require.js:376:12 require() failed to find matching file for module 'base64-js' in working directory '/home/travis/build/icyphy/ptII/ptolemy/actor/lib/jjs'  and not found in paths ["/home/travis/build/icyphy/ptII/ptolemy/actor/lib/jjs/","/home/travis/build/icyphy/ptII/ptolemy/actor/lib/jjs/modules/","/home/travis/build/icyphy/ptII/ptolemy/actor/lib/jjs/node/","/home/travis/build/icyphy/ptII/ptolemy/actor/lib/jjs/node_modules/","/home/travis/build/icyphy/ptII/org/terraswarm/accessor/accessors/web/hosts/","/home/travis/build/icyphy/ptII/org/terraswarm/accessor/accessors/web/","/home/travis/build/icyphy/ptII/org/terraswarm/accessor/accessors/web/hosts/common/modules/"]
	at jdk.nashorn.internal.runtime.ECMAException.create(ECMAException.java:113)
	at jdk.nashorn.internal.scripts.Script$Recompilation$7283$16305AAA$require.L:45#_require(/home/travis/build/icyphy/ptII/ptolemy/actor/lib/jjs/external/require.js:376)
	at jdk.nashorn.internal.scripts.Script$Recompilation$7282$20040A$require.L:45#_requireClosure#L:449(/home/travis/build/icyphy/ptII/ptolemy/actor/lib/jjs/external/require.js:450)
	at jdk.nashorn.internal.scripts.Script$Recompilation$7314$183AAAAAAAAAAAAAA$\^function\_.L:1(&lt;function&gt;:71)
	at jdk.nashorn.internal.scripts.Script$Recompilation$7301$18291AAAAAA$require.L:1#Accessor(/home/travis/build/icyphy/ptII/ptolemy/actor/lib/jjs/external/require.js#409:30&lt;eval&gt;:548)
	at jdk.nashorn.internal.scripts.Script$Recompilation$7310$118959AAAAAA$require.L:1#instantiateAccessor(/home/travis/build/icyphy/ptII/ptolemy/actor/lib/jjs/external/require.js#409:30&lt;eval&gt;:2754)
	at jdk.nashorn.internal.scripts.Script$Recompilation$7309$55578A$require.L:1#extend(/home/travis/build/icyphy/ptII/ptolemy/actor/lib/jjs/external/require.js#409:30&lt;eval&gt;:1235)
	at jdk.nashorn.internal.scripts.Script$Recompilation$7308$2155$\^function\_.L:1#setup(&lt;function&gt;:40)
	at jdk.nashorn.internal.scripts.Script$Recompilation$7301$18291AAAAAA$require.L:1#Accessor(/home/travis/build/icyphy/ptII/ptolemy/actor/lib/jjs/external/require.js#409:30&lt;eval&gt;:595)
	at jdk.nashorn.internal.scripts.Script$Recompilation$7300$2858AAA$\^eval\_.evaluateCode(&lt;eval&gt;:96)
	at jdk.nashorn.internal.runtime.ScriptFunctionData.invoke(ScriptFunctionData.java:643)
	at jdk.nashorn.internal.runtime.ScriptFunction.invoke(ScriptFunction.java:494)
	at jdk.nashorn.internal.runtime.ScriptRuntime.apply(ScriptRuntime.java:393)
	at jdk.nashorn.api.scripting.ScriptObjectMirror.callMember(ScriptObjectMirror.java:199)
	at jdk.nashorn.api.scripting.NashornScriptEngine.invokeImpl(NashornScriptEngine.java:386)
	... 93 more
Caused by: javax.script.ScriptException: require() failed to find matching file for module 'base64-js' in working directory '/home/travis/build/icyphy/ptII/ptolemy/actor/lib/jjs'  and not found in paths ["/home/travis/build/icyphy/ptII/ptolemy/actor/lib/jjs/","/home/travis/build/icyphy/ptII/ptolemy/actor/lib/jjs/modules/","/home/travis/build/icyphy/ptII/ptolemy/actor/lib/jjs/node/","/home/travis/build/icyphy/ptII/ptolemy/actor/lib/jjs/node_modules/","/home/travis/build/icyphy/ptII/org/terraswarm/accessor/accessors/web/hosts/","/home/travis/build/icyphy/ptII/org/terraswarm/accessor/accessors/web/","/home/travis/build/icyphy/ptII/org/terraswarm/accessor/accessors/web/hosts/common/modules/"] in /home/travis/build/icyphy/ptII/ptolemy/actor/lib/jjs/external/require.js at line number 376 at column number 12
	at jdk.nashorn.api.scripting.NashornScriptEngine.throwAsScriptException(NashornScriptEngine.java:470)
	at jdk.nashorn.api.scripting.NashornScriptEngine.invokeImpl(NashornScriptEngine.java:392)
	at jdk.nashorn.api.scripting.NashornScriptEngine.invokeFunction(NashornScriptEngine.java:190)
	at ptolemy.actor.lib.jjs.JavaScript._createEngineAndEvaluateSetup(JavaScript.java:2489)
	at ptolemy.actor.lib.jjs.JavaScript.attributeChanged(JavaScript.java:548)
	at org.terraswarm.accessor.JSAccessor.attributeChanged(JSAccessor.java:312)
	at ptolemy.data.expr.Variable._setTokenAndNotify(Variable.java:2271)
	at ptolemy.data.expr.Variable._evaluate(Variable.java:1873)
	at ptolemy.data.expr.Variable._propagate(Variable.java:1984)
	at ptolemy.data.expr.Variable.validate(Variable.java:1596)
	at ptolemy.moml.MoMLParser.endDocument(MoMLParser.java:867)
	at com.microstar.xml.XmlParser.doParse(XmlParser.java:162)
	at com.microstar.xml.XmlParser.parse(XmlParser.java:132)
	at ptolemy.moml.MoMLParser.parse(MoMLParser.java:1676)
	at ptolemy.moml.MoMLParser.parse(MoMLParser.java:1617)
	at ptolemy.moml.MoMLParser.parse(MoMLParser.java:1792)
	at org.terraswarm.accessor.AccessorLibrary.populate(AccessorLibrary.java:194)
	at ptolemy.moml.EntityLibrary.deepEntityList(EntityLibrary.java:349)
	at ptolemy.kernel.CompositeEntity.deepEntityList(CompositeEntity.java:714)
	at ptolemy.moml.EntityLibrary.deepEntityList(EntityLibrary.java:350)
	at ptolemy.kernel.CompositeEntity.deepEntityList(CompositeEntity.java:714)
	at ptolemy.kernel.CompositeEntity.deepEntityList(CompositeEntity.java:714)
	at ptolemy.kernel.CompositeEntity.allAtomicEntityList(CompositeEntity.java:188)
	at sun.reflect.NativeMethodAccessorImpl.invoke0(Native Method)
	at sun.reflect.NativeMethodAccessorImpl.invoke(NativeMethodAccessorImpl.java:62)
	at sun.reflect.DelegatingMethodAccessorImpl.invoke(DelegatingMethodAccessorImpl.java:43)
	at java.lang.reflect.Method.invoke(Method.java:498)
	at tcl.lang.reflect.PkgInvoker.invokeMethod(PkgInvoker.java:129)
	at tcl.lang.JavaInvoke.call(JavaInvoke.java:253)
	at tcl.lang.JavaInvoke.callMethod(JavaInvoke.java:116)
	at tcl.lang.ReflectObject.cmdProc(ReflectObject.java:727)
	at tcl.lang.Parser.evalObjv(Parser.java:740)
	at tcl.lang.Parser.eval2(Parser.java:1138)
	at tcl.lang.Parser.evalTokens(Parser.java:930)
	at tcl.lang.Parser.eval2(Parser.java:1125)
	at tcl.lang.Interp.eval(Interp.java:1782)
	at tcl.lang.Interp.eval(Interp.java:1841)
	at tcl.lang.UplevelCmd.cmdProc(UplevelCmd.java:93)
	at tcl.lang.Parser.evalObjv(Parser.java:740)
	at tcl.lang.Parser.eval2(Parser.java:1138)
	at tcl.lang.Interp.eval(Interp.java:1782)
	at tcl.lang.Interp.eval(Interp.java:1841)
	at tcl.lang.CatchCmd.cmdProc(CatchCmd.java:42)
	at tcl.lang.Parser.evalObjv(Parser.java:740)
	at tcl.lang.Parser.eval2(Parser.java:1138)
	at tcl.lang.Parser.evalTokens(Parser.java:930)
	at tcl.lang.Parser.eval2(Parser.java:1125)
	at tcl.lang.Procedure.cmdProc(Procedure.java:175)
	at tcl.lang.Parser.evalObjv(Parser.java:740)
	at tcl.lang.Parser.eval2(Parser.java:1138)
	at tcl.lang.Interp.eval(Interp.java:1782)
	at tcl.lang.Interp.eval(Interp.java:1841)
	at tcl.lang.ForeachCmd.cmdProc(ForeachCmd.java:116)
	at tcl.lang.AutoloadStub.cmdProc(Extension.java:144)
	at tcl.lang.Parser.evalObjv(Parser.java:740)
	at tcl.lang.Parser.eval2(Parser.java:1138)
	at tcl.lang.Interp.eval(Interp.java:1782)
	at tcl.lang.Interp.evalFile(Interp.java:1880)
	at sun.reflect.NativeMethodAccessorImpl.invoke0(Native Method)
	at sun.reflect.NativeMethodAccessorImpl.invoke(NativeMethodAccessorImpl.java:62)
	at sun.reflect.DelegatingMethodAccessorImpl.invoke(DelegatingMethodAccessorImpl.java:43)
	at java.lang.reflect.Method.invoke(Method.java:498)
	at ptolemy.util.test.junit.TclTests.RunTclFile(TclTests.java:233)
	at sun.reflect.NativeMethodAccessorImpl.invoke0(Native Method)
	at sun.reflect.NativeMethodAccessorImpl.invoke(NativeMethodAccessorImpl.java:62)
	at sun.reflect.DelegatingMethodAccessorImpl.invoke(DelegatingMethodAccessorImpl.java:43)
	at java.lang.reflect.Method.invoke(Method.java:498)
	at org.junit.runners.model.FrameworkMethod$1.runReflectiveCall(FrameworkMethod.java:44)
	at org.junit.internal.runners.model.ReflectiveCallable.run(ReflectiveCallable.java:15)
	at org.junit.runners.model.FrameworkMethod.invokeExplosively(FrameworkMethod.java:41)
	at junitparams.internal.InvokeParameterisedMethod.evaluate(InvokeParameterisedMethod.java:102)
	at junitparams.internal.ParameterisedTestMethodRunner.runMethodInvoker(ParameterisedTestMethodRunner.java:47)
	at junitparams.internal.ParameterisedTestMethodRunner.runTestMethod(ParameterisedTestMethodRunner.java:41)
	at junitparams.internal.ParameterisedTestClassRunner.runParameterisedTest(ParameterisedTestClassRunner.java:143)
	at junitparams.JUnitParamsRunner.runChild(JUnitParamsRunner.java:237)
	at junitparams.JUnitParamsRunner.runChild(JUnitParamsRunner.java:215)
	at org.junit.runners.ParentRunner$3.run(ParentRunner.java:193)
	at org.junit.runners.ParentRunner$1.schedule(ParentRunner.java:52)
	at org.junit.runners.ParentRunner.runChildren(ParentRunner.java:191)
	at org.junit.runners.ParentRunner.access$000(ParentRunner.java:42)
	at org.junit.runners.ParentRunner$2.evaluate(ParentRunner.java:184)
	at org.junit.internal.runners.statements.RunAfters.evaluate(RunAfters.java:31)
	at org.junit.runners.ParentRunner.run(ParentRunner.java:236)
	at org.junit.runners.Suite.runChild(Suite.java:128)
	at org.junit.runners.Suite.runChild(Suite.java:24)
	at org.junit.runners.ParentRunner$3.run(ParentRunner.java:193)
	at org.junit.runners.ParentRunner$1.schedule(ParentRunner.java:52)
	at org.junit.runners.ParentRunner.runChildren(ParentRunner.java:191)
	at org.junit.runners.ParentRunner.access$000(ParentRunner.java:42)
	at org.junit.runners.ParentRunner$2.evaluate(ParentRunner.java:184)
	at org.junit.runners.ParentRunner.run(ParentRunner.java:236)
	at junit.framework.JUnit4TestAdapter.run(JUnit4TestAdapter.java:39)
	at org.apache.tools.ant.taskdefs.optional.junit.JUnitTestRunner.run(JUnitTestRunner.java:535)
	at org.apache.tools.ant.taskdefs.optional.junit.JUnitTestRunner.launch(JUnitTestRunner.java:1182)
	at org.apache.tools.ant.taskdefs.optional.junit.JUnitTestRunner.main(JUnitTestRunner.java:1033)
Caused by: /home/travis/build/icyphy/ptII/ptolemy/actor/lib/jjs/external/require.js:376:12 require() failed to find matching file for module 'base64-js' in working directory '/home/travis/build/icyphy/ptII/ptolemy/actor/lib/jjs'  and not found in paths ["/home/travis/build/icyphy/ptII/ptolemy/actor/lib/jjs/","/home/travis/build/icyphy/ptII/ptolemy/actor/lib/jjs/modules/","/home/travis/build/icyphy/ptII/ptolemy/actor/lib/jjs/node/","/home/travis/build/icyphy/ptII/ptolemy/actor/lib/jjs/node_modules/","/home/travis/build/icyphy/ptII/org/terraswarm/accessor/accessors/web/hosts/","/home/travis/build/icyphy/ptII/org/terraswarm/accessor/accessors/web/","/home/travis/build/icyphy/ptII/org/terraswarm/accessor/accessors/web/hosts/common/modules/"]
	at jdk.nashorn.internal.runtime.ECMAException.create(ECMAException.java:113)
	at jdk.nashorn.internal.scripts.Script$Recompilation$7283$16305AAA$require.L:45#_require(/home/travis/build/icyphy/ptII/ptolemy/actor/lib/jjs/external/require.js:376)
	at jdk.nashorn.internal.scripts.Script$Recompilation$7282$20040A$require.L:45#_requireClosure#L:449(/home/travis/build/icyphy/ptII/ptolemy/actor/lib/jjs/external/require.js:450)
	at jdk.nashorn.internal.scripts.Script$Recompilation$7314$183AAAAAAAAAAAAAA$\^function\_.L:1(&lt;function&gt;:71)
	at jdk.nashorn.internal.scripts.Script$Recompilation$7301$18291AAAAAA$require.L:1#Accessor(/home/travis/build/icyphy/ptII/ptolemy/actor/lib/jjs/external/require.js#409:30&lt;eval&gt;:548)
	at jdk.nashorn.internal.scripts.Script$Recompilation$7310$118959AAAAAA$require.L:1#instantiateAccessor(/home/travis/build/icyphy/ptII/ptolemy/actor/lib/jjs/external/require.js#409:30&lt;eval&gt;:2754)
	at jdk.nashorn.internal.scripts.Script$Recompilation$7309$55578A$require.L:1#extend(/home/travis/build/icyphy/ptII/ptolemy/actor/lib/jjs/external/require.js#409:30&lt;eval&gt;:1235)
	at jdk.nashorn.internal.scripts.Script$Recompilation$7308$2155$\^function\_.L:1#setup(&lt;function&gt;:40)
	at jdk.nashorn.internal.scripts.Script$Recompilation$7301$18291AAAAAA$require.L:1#Accessor(/home/travis/build/icyphy/ptII/ptolemy/actor/lib/jjs/external/require.js#409:30&lt;eval&gt;:595)
	at jdk.nashorn.internal.scripts.Script$Recompilation$7300$2858AAA$\^eval\_.evaluateCode(&lt;eval&gt;:96)
	at jdk.nashorn.internal.runtime.ScriptFunctionData.invoke(ScriptFunctionData.java:643)
	at jdk.nashorn.internal.runtime.ScriptFunction.invoke(ScriptFunction.java:494)
	at jdk.nashorn.internal.runtime.ScriptRuntime.apply(ScriptRuntime.java:393)
	at jdk.nashorn.api.scripting.ScriptObjectMirror.callMember(ScriptObjectMirror.java:199)
	at jdk.nashorn.api.scripting.NashornScriptEngine.invokeImpl(NashornScriptEngine.java:386)
	... 93 more
Loading accessor failed: HostCompatability.js
ptolemy.kernel.util.IllegalActionException: Error evaluating expression:
/** Check Host Compatability of an accessor by performing 
...
  in .configuration.actor library.MoreLibraries.Accessors.services.HostCompatability.script
Because:
Failed to evaluate script.
  in .configuration.actor library.MoreLibraries.Accessors.services.HostCompatability
Because:
require() failed to find matching file for module 'base64-js' in working directory '/home/travis/build/icyphy/ptII/ptolemy/actor/lib/jjs'  and not found in paths ["/home/travis/build/icyphy/ptII/ptolemy/actor/lib/jjs/","/home/travis/build/icyphy/ptII/ptolemy/actor/lib/jjs/modules/","/home/travis/build/icyphy/ptII/ptolemy/actor/lib/jjs/node/","/home/travis/build/icyphy/ptII/ptolemy/actor/lib/jjs/node_modules/","/home/travis/build/icyphy/ptII/org/terraswarm/accessor/accessors/web/hosts/","/home/travis/build/icyphy/ptII/org/terraswarm/accessor/accessors/web/","/home/travis/build/icyphy/ptII/org/terraswarm/accessor/accessors/web/hosts/common/modules/"] in /home/travis/build/icyphy/ptII/ptolemy/actor/lib/jjs/external/require.js at line number 376 at column number 12
  in .configuration.actor library.MoreLibraries.Accessors.services.HostCompatability.script
Because:
Error evaluating expression:
/** Check Host Compatability of an accessor by performing 
...
  in .configuration.actor library.MoreLibraries.Accessors.services.HostCompatability.script
Because:
Failed to evaluate script.
  in .configuration.actor library.MoreLibraries.Accessors.services.HostCompatability
Because:
require() failed to find matching file for module 'base64-js' in working directory '/home/travis/build/icyphy/ptII/ptolemy/actor/lib/jjs'  and not found in paths ["/home/travis/build/icyphy/ptII/ptolemy/actor/lib/jjs/","/home/travis/build/icyphy/ptII/ptolemy/actor/lib/jjs/modules/","/home/travis/build/icyphy/ptII/ptolemy/actor/lib/jjs/node/","/home/travis/build/icyphy/ptII/ptolemy/actor/lib/jjs/node_modules/","/home/travis/build/icyphy/ptII/org/terraswarm/accessor/accessors/web/hosts/","/home/travis/build/icyphy/ptII/org/terraswarm/accessor/accessors/web/","/home/travis/build/icyphy/ptII/org/terraswarm/accessor/accessors/web/hosts/common/modules/"] in /home/travis/build/icyphy/ptII/ptolemy/actor/lib/jjs/external/require.js at line number 376 at column number 12
Failed to populate library.
ptolemy.kernel.util.InternalErrorException: Loading accessor failed: HostCompatability.js
  in .configuration.actor library.MoreLibraries.Accessors.services
Because:
Error evaluating expression:
/** Check Host Compatability of an accessor by performing 
...
  in .configuration.actor library.MoreLibraries.Accessors.services.HostCompatability.script
Because:
Failed to evaluate script.
  in .configuration.actor library.MoreLibraries.Accessors.services.HostCompatability
Because:
require() failed to find matching file for module 'base64-js' in working directory '/home/travis/build/icyphy/ptII/ptolemy/actor/lib/jjs'  and not found in paths ["/home/travis/build/icyphy/ptII/ptolemy/actor/lib/jjs/","/home/travis/build/icyphy/ptII/ptolemy/actor/lib/jjs/modules/","/home/travis/build/icyphy/ptII/ptolemy/actor/lib/jjs/node/","/home/travis/build/icyphy/ptII/ptolemy/actor/lib/jjs/node_modules/","/home/travis/build/icyphy/ptII/org/terraswarm/accessor/accessors/web/hosts/","/home/travis/build/icyphy/ptII/org/terraswarm/accessor/accessors/web/","/home/travis/build/icyphy/ptII/org/terraswarm/accessor/accessors/web/hosts/common/modules/"] in /home/travis/build/icyphy/ptII/ptolemy/actor/lib/jjs/external/require.js at line number 376 at column number 12
  in .configuration.actor library.MoreLibraries.Accessors.services.HostCompatability.script
Because:
Error evaluating expression:
/** Check Host Compatability of an accessor by performing 
...
  in .configuration.actor library.MoreLibraries.Accessors.services.HostCompatability.script
Because:
Failed to evaluate script.
  in .configuration.actor library.MoreLibraries.Accessors.services.HostCompatability
Because:
require() failed to find matching file for module 'base64-js' in working directory '/home/travis/build/icyphy/ptII/ptolemy/actor/lib/jjs'  and not found in paths ["/home/travis/build/icyphy/ptII/ptolemy/actor/lib/jjs/","/home/travis/build/icyphy/ptII/ptolemy/actor/lib/jjs/modules/","/home/travis/build/icyphy/ptII/ptolemy/actor/lib/jjs/node/","/home/travis/build/icyphy/ptII/ptolemy/actor/lib/jjs/node_modules/","/home/travis/build/icyphy/ptII/org/terraswarm/accessor/accessors/web/hosts/","/home/travis/build/icyphy/ptII/org/terraswarm/accessor/accessors/web/","/home/travis/build/icyphy/ptII/org/terraswarm/accessor/accessors/web/hosts/common/modules/"] in /home/travis/build/icyphy/ptII/ptolemy/actor/lib/jjs/external/require.js at line number 376 at column number 12
	at org.terraswarm.accessor.AccessorLibrary.populate(AccessorLibrary.java:224)
	at ptolemy.moml.EntityLibrary.deepEntityList(EntityLibrary.java:349)
	at ptolemy.kernel.CompositeEntity.deepEntityList(CompositeEntity.java:714)
	at ptolemy.moml.EntityLibrary.deepEntityList(EntityLibrary.java:350)
	at ptolemy.kernel.CompositeEntity.deepEntityList(CompositeEntity.java:714)
	at ptolemy.moml.EntityLibrary.deepEntityList(EntityLibrary.java:350)
	at ptolemy.kernel.CompositeEntity.deepEntityList(CompositeEntity.java:714)
	at ptolemy.kernel.CompositeEntity.deepEntityList(CompositeEntity.java:714)
	at ptolemy.kernel.CompositeEntity.allAtomicEntityList(CompositeEntity.java:188)
	at sun.reflect.NativeMethodAccessorImpl.invoke0(Native Method)
	at sun.reflect.NativeMethodAccessorImpl.invoke(NativeMethodAccessorImpl.java:62)
	at sun.reflect.DelegatingMethodAccessorImpl.invoke(DelegatingMethodAccessorImpl.java:43)
	at java.lang.reflect.Method.invoke(Method.java:498)
	at tcl.lang.reflect.PkgInvoker.invokeMethod(PkgInvoker.java:129)
	at tcl.lang.JavaInvoke.call(JavaInvoke.java:253)
	at tcl.lang.JavaInvoke.callMethod(JavaInvoke.java:116)
	at tcl.lang.ReflectObject.cmdProc(ReflectObject.java:727)
	at tcl.lang.Parser.evalObjv(Parser.java:740)
	at tcl.lang.Parser.eval2(Parser.java:1138)
	at tcl.lang.Parser.evalTokens(Parser.java:930)
	at tcl.lang.Parser.eval2(Parser.java:1125)
	at tcl.lang.Interp.eval(Interp.java:1782)
	at tcl.lang.Interp.eval(Interp.java:1841)
	at tcl.lang.UplevelCmd.cmdProc(UplevelCmd.java:93)
	at tcl.lang.Parser.evalObjv(Parser.java:740)
	at tcl.lang.Parser.eval2(Parser.java:1138)
	at tcl.lang.Interp.eval(Interp.java:1782)
	at tcl.lang.Interp.eval(Interp.java:1841)
	at tcl.lang.CatchCmd.cmdProc(CatchCmd.java:42)
	at tcl.lang.Parser.evalObjv(Parser.java:740)
	at tcl.lang.Parser.eval2(Parser.java:1138)
	at tcl.lang.Parser.evalTokens(Parser.java:930)
	at tcl.lang.Parser.eval2(Parser.java:1125)
	at tcl.lang.Procedure.cmdProc(Procedure.java:175)
	at tcl.lang.Parser.evalObjv(Parser.java:740)
	at tcl.lang.Parser.eval2(Parser.java:1138)
	at tcl.lang.Interp.eval(Interp.java:1782)
	at tcl.lang.Interp.eval(Interp.java:1841)
	at tcl.lang.ForeachCmd.cmdProc(ForeachCmd.java:116)
	at tcl.lang.AutoloadStub.cmdProc(Extension.java:144)
	at tcl.lang.Parser.evalObjv(Parser.java:740)
	at tcl.lang.Parser.eval2(Parser.java:1138)
	at tcl.lang.Interp.eval(Interp.java:1782)
	at tcl.lang.Interp.evalFile(Interp.java:1880)
	at sun.reflect.NativeMethodAccessorImpl.invoke0(Native Method)
	at sun.reflect.NativeMethodAccessorImpl.invoke(NativeMethodAccessorImpl.java:62)
	at sun.reflect.DelegatingMethodAccessorImpl.invoke(DelegatingMethodAccessorImpl.java:43)
	at java.lang.reflect.Method.invoke(Method.java:498)
	at ptolemy.util.test.junit.TclTests.RunTclFile(TclTests.java:233)
	at sun.reflect.NativeMethodAccessorImpl.invoke0(Native Method)
	at sun.reflect.NativeMethodAccessorImpl.invoke(NativeMethodAccessorImpl.java:62)
	at sun.reflect.DelegatingMethodAccessorImpl.invoke(DelegatingMethodAccessorImpl.java:43)
	at java.lang.reflect.Method.invoke(Method.java:498)
	at org.junit.runners.model.FrameworkMethod$1.runReflectiveCall(FrameworkMethod.java:44)
	at org.junit.internal.runners.model.ReflectiveCallable.run(ReflectiveCallable.java:15)
	at org.junit.runners.model.FrameworkMethod.invokeExplosively(FrameworkMethod.java:41)
	at junitparams.internal.InvokeParameterisedMethod.evaluate(InvokeParameterisedMethod.java:102)
	at junitparams.internal.ParameterisedTestMethodRunner.runMethodInvoker(ParameterisedTestMethodRunner.java:47)
	at junitparams.internal.ParameterisedTestMethodRunner.runTestMethod(ParameterisedTestMethodRunner.java:41)
	at junitparams.internal.ParameterisedTestClassRunner.runParameterisedTest(ParameterisedTestClassRunner.java:143)
	at junitparams.JUnitParamsRunner.runChild(JUnitParamsRunner.java:237)
	at junitparams.JUnitParamsRunner.runChild(JUnitParamsRunner.java:215)
	at org.junit.runners.ParentRunner$3.run(ParentRunner.java:193)
	at org.junit.runners.ParentRunner$1.schedule(ParentRunner.java:52)
	at org.junit.runners.ParentRunner.runChildren(ParentRunner.java:191)
	at org.junit.runners.ParentRunner.access$000(ParentRunner.java:42)
	at org.junit.runners.ParentRunner$2.evaluate(ParentRunner.java:184)
	at org.junit.internal.runners.statements.RunAfters.evaluate(RunAfters.java:31)
	at org.junit.runners.ParentRunner.run(ParentRunner.java:236)
	at org.junit.runners.Suite.runChild(Suite.java:128)
	at org.junit.runners.Suite.runChild(Suite.java:24)
	at org.junit.runners.ParentRunner$3.run(ParentRunner.java:193)
	at org.junit.runners.ParentRunner$1.schedule(ParentRunner.java:52)
	at org.junit.runners.ParentRunner.runChildren(ParentRunner.java:191)
	at org.junit.runners.ParentRunner.access$000(ParentRunner.java:42)
	at org.junit.runners.ParentRunner$2.evaluate(ParentRunner.java:184)
	at org.junit.runners.ParentRunner.run(ParentRunner.java:236)
	at junit.framework.JUnit4TestAdapter.run(JUnit4TestAdapter.java:39)
	at org.apache.tools.ant.taskdefs.optional.junit.JUnitTestRunner.run(JUnitTestRunner.java:535)
	at org.apache.tools.ant.taskdefs.optional.junit.JUnitTestRunner.launch(JUnitTestRunner.java:1182)
	at org.apache.tools.ant.taskdefs.optional.junit.JUnitTestRunner.main(JUnitTestRunner.java:1033)
Caused by: ptolemy.kernel.util.IllegalActionException: Error evaluating expression:
/** Check Host Compatability of an accessor by performing 
...
  in .configuration.actor library.MoreLibraries.Accessors.services.HostCompatability.script
Because:
Failed to evaluate script.
  in .configuration.actor library.MoreLibraries.Accessors.services.HostCompatability
Because:
require() failed to find matching file for module 'base64-js' in working directory '/home/travis/build/icyphy/ptII/ptolemy/actor/lib/jjs'  and not found in paths ["/home/travis/build/icyphy/ptII/ptolemy/actor/lib/jjs/","/home/travis/build/icyphy/ptII/ptolemy/actor/lib/jjs/modules/","/home/travis/build/icyphy/ptII/ptolemy/actor/lib/jjs/node/","/home/travis/build/icyphy/ptII/ptolemy/actor/lib/jjs/node_modules/","/home/travis/build/icyphy/ptII/org/terraswarm/accessor/accessors/web/hosts/","/home/travis/build/icyphy/ptII/org/terraswarm/accessor/accessors/web/","/home/travis/build/icyphy/ptII/org/terraswarm/accessor/accessors/web/hosts/common/modules/"] in /home/travis/build/icyphy/ptII/ptolemy/actor/lib/jjs/external/require.js at line number 376 at column number 12
  in .configuration.actor library.MoreLibraries.Accessors.services.HostCompatability.script
Because:
Error evaluating expression:
/** Check Host Compatability of an accessor by performing 
...
  in .configuration.actor library.MoreLibraries.Accessors.services.HostCompatability.script
Because:
Failed to evaluate script.
  in .configuration.actor library.MoreLibraries.Accessors.services.HostCompatability
Because:
require() failed to find matching file for module 'base64-js' in working directory '/home/travis/build/icyphy/ptII/ptolemy/actor/lib/jjs'  and not found in paths ["/home/travis/build/icyphy/ptII/ptolemy/actor/lib/jjs/","/home/travis/build/icyphy/ptII/ptolemy/actor/lib/jjs/modules/","/home/travis/build/icyphy/ptII/ptolemy/actor/lib/jjs/node/","/home/travis/build/icyphy/ptII/ptolemy/actor/lib/jjs/node_modules/","/home/travis/build/icyphy/ptII/org/terraswarm/accessor/accessors/web/hosts/","/home/travis/build/icyphy/ptII/org/terraswarm/accessor/accessors/web/","/home/travis/build/icyphy/ptII/org/terraswarm/accessor/accessors/web/hosts/common/modules/"] in /home/travis/build/icyphy/ptII/ptolemy/actor/lib/jjs/external/require.js at line number 376 at column number 12
	at ptolemy.data.expr.Variable.validate(Variable.java:1619)
	at ptolemy.moml.MoMLParser.endDocument(MoMLParser.java:867)
	at com.microstar.xml.XmlParser.doParse(XmlParser.java:162)
	at com.microstar.xml.XmlParser.parse(XmlParser.java:132)
	at ptolemy.moml.MoMLParser.parse(MoMLParser.java:1676)
	at ptolemy.moml.MoMLParser.parse(MoMLParser.java:1617)
	at ptolemy.moml.MoMLParser.parse(MoMLParser.java:1792)
	at org.terraswarm.accessor.AccessorLibrary.populate(AccessorLibrary.java:194)
	... 80 more
Caused by: ptolemy.kernel.util.IllegalActionException: Error evaluating expression:
/** Check Host Compatability of an accessor by performing 
...
  in .configuration.actor library.MoreLibraries.Accessors.services.HostCompatability.script
Because:
Failed to evaluate script.
  in .configuration.actor library.MoreLibraries.Accessors.services.HostCompatability
Because:
require() failed to find matching file for module 'base64-js' in working directory '/home/travis/build/icyphy/ptII/ptolemy/actor/lib/jjs'  and not found in paths ["/home/travis/build/icyphy/ptII/ptolemy/actor/lib/jjs/","/home/travis/build/icyphy/ptII/ptolemy/actor/lib/jjs/modules/","/home/travis/build/icyphy/ptII/ptolemy/actor/lib/jjs/node/","/home/travis/build/icyphy/ptII/ptolemy/actor/lib/jjs/node_modules/","/home/travis/build/icyphy/ptII/org/terraswarm/accessor/accessors/web/hosts/","/home/travis/build/icyphy/ptII/org/terraswarm/accessor/accessors/web/","/home/travis/build/icyphy/ptII/org/terraswarm/accessor/accessors/web/hosts/common/modules/"] in /home/travis/build/icyphy/ptII/ptolemy/actor/lib/jjs/external/require.js at line number 376 at column number 12
	at ptolemy.data.expr.Variable._evaluate(Variable.java:1891)
	at ptolemy.data.expr.Variable._propagate(Variable.java:1984)
	at ptolemy.data.expr.Variable.validate(Variable.java:1596)
	... 87 more
Caused by: ptolemy.kernel.util.IllegalActionException: Failed to evaluate script.
  in .configuration.actor library.MoreLibraries.Accessors.services.HostCompatability
Because:
require() failed to find matching file for module 'base64-js' in working directory '/home/travis/build/icyphy/ptII/ptolemy/actor/lib/jjs'  and not found in paths ["/home/travis/build/icyphy/ptII/ptolemy/actor/lib/jjs/","/home/travis/build/icyphy/ptII/ptolemy/actor/lib/jjs/modules/","/home/travis/build/icyphy/ptII/ptolemy/actor/lib/jjs/node/","/home/travis/build/icyphy/ptII/ptolemy/actor/lib/jjs/node_modules/","/home/travis/build/icyphy/ptII/org/terraswarm/accessor/accessors/web/hosts/","/home/travis/build/icyphy/ptII/org/terraswarm/accessor/accessors/web/","/home/travis/build/icyphy/ptII/org/terraswarm/accessor/accessors/web/hosts/common/modules/"] in /home/travis/build/icyphy/ptII/ptolemy/actor/lib/jjs/external/require.js at line number 376 at column number 12
	at ptolemy.actor.lib.jjs.JavaScript._createEngineAndEvaluateSetup(JavaScript.java:2493)
	at ptolemy.actor.lib.jjs.JavaScript.attributeChanged(JavaScript.java:548)
	at org.terraswarm.accessor.JSAccessor.attributeChanged(JSAccessor.java:312)
	at ptolemy.data.expr.Variable._setTokenAndNotify(Variable.java:2271)
	at ptolemy.data.expr.Variable._evaluate(Variable.java:1873)
	... 89 more
Caused by: javax.script.ScriptException: require() failed to find matching file for module 'base64-js' in working directory '/home/travis/build/icyphy/ptII/ptolemy/actor/lib/jjs'  and not found in paths ["/home/travis/build/icyphy/ptII/ptolemy/actor/lib/jjs/","/home/travis/build/icyphy/ptII/ptolemy/actor/lib/jjs/modules/","/home/travis/build/icyphy/ptII/ptolemy/actor/lib/jjs/node/","/home/travis/build/icyphy/ptII/ptolemy/actor/lib/jjs/node_modules/","/home/travis/build/icyphy/ptII/org/terraswarm/accessor/accessors/web/hosts/","/home/travis/build/icyphy/ptII/org/terraswarm/accessor/accessors/web/","/home/travis/build/icyphy/ptII/org/terraswarm/accessor/accessors/web/hosts/common/modules/"] in /home/travis/build/icyphy/ptII/ptolemy/actor/lib/jjs/external/require.js at line number 376 at column number 12
	at jdk.nashorn.api.scripting.NashornScriptEngine.throwAsScriptException(NashornScriptEngine.java:470)
	at jdk.nashorn.api.scripting.NashornScriptEngine.invokeImpl(NashornScriptEngine.java:392)
	at jdk.nashorn.api.scripting.NashornScriptEngine.invokeFunction(NashornScriptEngine.java:190)
	at ptolemy.actor.lib.jjs.JavaScript._createEngineAndEvaluateSetup(JavaScript.java:2489)
	... 93 more
Caused by: /home/travis/build/icyphy/ptII/ptolemy/actor/lib/jjs/external/require.js:376:12 require() failed to find matching file for module 'base64-js' in working directory '/home/travis/build/icyphy/ptII/ptolemy/actor/lib/jjs'  and not found in paths ["/home/travis/build/icyphy/ptII/ptolemy/actor/lib/jjs/","/home/travis/build/icyphy/ptII/ptolemy/actor/lib/jjs/modules/","/home/travis/build/icyphy/ptII/ptolemy/actor/lib/jjs/node/","/home/travis/build/icyphy/ptII/ptolemy/actor/lib/jjs/node_modules/","/home/travis/build/icyphy/ptII/org/terraswarm/accessor/accessors/web/hosts/","/home/travis/build/icyphy/ptII/org/terraswarm/accessor/accessors/web/","/home/travis/build/icyphy/ptII/org/terraswarm/accessor/accessors/web/hosts/common/modules/"]
	at jdk.nashorn.internal.runtime.ECMAException.create(ECMAException.java:113)
	at jdk.nashorn.internal.scripts.Script$Recompilation$17652$16305AAA$require.L:45#_require(/home/travis/build/icyphy/ptII/ptolemy/actor/lib/jjs/external/require.js:376)
	at jdk.nashorn.internal.scripts.Script$Recompilation$17651$20040A$require.L:45#_requireClosure#L:449(/home/travis/build/icyphy/ptII/ptolemy/actor/lib/jjs/external/require.js:450)
	at jdk.nashorn.internal.scripts.Script$Recompilation$17683$183AAAAAAAAAAAAAA$\^function\_.L:1(&lt;function&gt;:71)
	at jdk.nashorn.internal.scripts.Script$Recompilation$17670$18291AAAAAA$require.L:1#Accessor(/home/travis/build/icyphy/ptII/ptolemy/actor/lib/jjs/external/require.js#409:30&lt;eval&gt;:548)
	at jdk.nashorn.internal.scripts.Script$Recompilation$17679$118959AAAAAA$require.L:1#instantiateAccessor(/home/travis/build/icyphy/ptII/ptolemy/actor/lib/jjs/external/require.js#409:30&lt;eval&gt;:2754)
	at jdk.nashorn.internal.scripts.Script$Recompilation$17678$55578A$require.L:1#extend(/home/travis/build/icyphy/ptII/ptolemy/actor/lib/jjs/external/require.js#409:30&lt;eval&gt;:1235)
	at jdk.nashorn.internal.scripts.Script$Recompilation$17677$2155$\^function\_.L:1#setup(&lt;function&gt;:40)
	at jdk.nashorn.internal.scripts.Script$Recompilation$17670$18291AAAAAA$require.L:1#Accessor(/home/travis/build/icyphy/ptII/ptolemy/actor/lib/jjs/external/require.js#409:30&lt;eval&gt;:595)
	at jdk.nashorn.internal.scripts.Script$Recompilation$17669$2858AAA$\^eval\_.evaluateCode(&lt;eval&gt;:96)
	at jdk.nashorn.internal.runtime.ScriptFunctionData.invoke(ScriptFunctionData.java:643)
	at jdk.nashorn.internal.runtime.ScriptFunction.invoke(ScriptFunction.java:494)
	at jdk.nashorn.internal.runtime.ScriptRuntime.apply(ScriptRuntime.java:393)
	at jdk.nashorn.api.scripting.ScriptObjectMirror.callMember(ScriptObjectMirror.java:199)
	at jdk.nashorn.api.scripting.NashornScriptEngine.invokeImpl(NashornScriptEngine.java:386)
	... 95 more
Caused by: ptolemy.kernel.util.IllegalActionException: Error evaluating expression:
/** Check Host Compatability of an accessor by performing 
...
  in .configuration.actor library.MoreLibraries.Accessors.services.HostCompatability.script
Because:
Failed to evaluate script.
  in .configuration.actor library.MoreLibraries.Accessors.services.HostCompatability
Because:
require() failed to find matching file for module 'base64-js' in working directory '/home/travis/build/icyphy/ptII/ptolemy/actor/lib/jjs'  and not found in paths ["/home/travis/build/icyphy/ptII/ptolemy/actor/lib/jjs/","/home/travis/build/icyphy/ptII/ptolemy/actor/lib/jjs/modules/","/home/travis/build/icyphy/ptII/ptolemy/actor/lib/jjs/node/","/home/travis/build/icyphy/ptII/ptolemy/actor/lib/jjs/node_modules/","/home/travis/build/icyphy/ptII/org/terraswarm/accessor/accessors/web/hosts/","/home/travis/build/icyphy/ptII/org/terraswarm/accessor/accessors/web/","/home/travis/build/icyphy/ptII/org/terraswarm/accessor/accessors/web/hosts/common/modules/"] in /home/travis/build/icyphy/ptII/ptolemy/actor/lib/jjs/external/require.js at line number 376 at column number 12
  in .configuration.actor library.MoreLibraries.Accessors.services.HostCompatability.script
Because:
Error evaluating expression:
/** Check Host Compatability of an accessor by performing 
...
  in .configuration.actor library.MoreLibraries.Accessors.services.HostCompatability.script
Because:
Failed to evaluate script.
  in .configuration.actor library.MoreLibraries.Accessors.services.HostCompatability
Because:
require() failed to find matching file for module 'base64-js' in working directory '/home/travis/build/icyphy/ptII/ptolemy/actor/lib/jjs'  and not found in paths ["/home/travis/build/icyphy/ptII/ptolemy/actor/lib/jjs/","/home/travis/build/icyphy/ptII/ptolemy/actor/lib/jjs/modules/","/home/travis/build/icyphy/ptII/ptolemy/actor/lib/jjs/node/","/home/travis/build/icyphy/ptII/ptolemy/actor/lib/jjs/node_modules/","/home/travis/build/icyphy/ptII/org/terraswarm/accessor/accessors/web/hosts/","/home/travis/build/icyphy/ptII/org/terraswarm/accessor/accessors/web/","/home/travis/build/icyphy/ptII/org/terraswarm/accessor/accessors/web/hosts/common/modules/"] in /home/travis/build/icyphy/ptII/ptolemy/actor/lib/jjs/external/require.js at line number 376 at column number 12
	at ptolemy.data.expr.Variable.validate(Variable.java:1619)
	at ptolemy.moml.MoMLParser.endDocument(MoMLParser.java:867)
	at com.microstar.xml.XmlParser.doParse(XmlParser.java:162)
	at com.microstar.xml.XmlParser.parse(XmlParser.java:132)
	at ptolemy.moml.MoMLParser.parse(MoMLParser.java:1676)
	at ptolemy.moml.MoMLParser.parse(MoMLParser.java:1617)
	at ptolemy.moml.MoMLParser.parse(MoMLParser.java:1792)
	at org.terraswarm.accessor.AccessorLibrary.populate(AccessorLibrary.java:194)
	at ptolemy.moml.EntityLibrary.deepEntityList(EntityLibrary.java:349)
	at ptolemy.kernel.CompositeEntity.deepEntityList(CompositeEntity.java:714)
	at ptolemy.moml.EntityLibrary.deepEntityList(EntityLibrary.java:350)
	at ptolemy.kernel.CompositeEntity.deepEntityList(CompositeEntity.java:714)
	at ptolemy.moml.EntityLibrary.deepEntityList(EntityLibrary.java:350)
	at ptolemy.kernel.CompositeEntity.deepEntityList(CompositeEntity.java:714)
	at ptolemy.kernel.CompositeEntity.deepEntityList(CompositeEntity.java:714)
	at ptolemy.kernel.CompositeEntity.allAtomicEntityList(CompositeEntity.java:188)
	at sun.reflect.NativeMethodAccessorImpl.invoke0(Native Method)
	at sun.reflect.NativeMethodAccessorImpl.invoke(NativeMethodAccessorImpl.java:62)
	at sun.reflect.DelegatingMethodAccessorImpl.invoke(DelegatingMethodAccessorImpl.java:43)
	at java.lang.reflect.Method.invoke(Method.java:498)
	at tcl.lang.reflect.PkgInvoker.invokeMethod(PkgInvoker.java:129)
	at tcl.lang.JavaInvoke.call(JavaInvoke.java:253)
	at tcl.lang.JavaInvoke.callMethod(JavaInvoke.java:116)
	at tcl.lang.ReflectObject.cmdProc(ReflectObject.java:727)
	at tcl.lang.Parser.evalObjv(Parser.java:740)
	at tcl.lang.Parser.eval2(Parser.java:1138)
	at tcl.lang.Parser.evalTokens(Parser.java:930)
	at tcl.lang.Parser.eval2(Parser.java:1125)
	at tcl.lang.Interp.eval(Interp.java:1782)
	at tcl.lang.Interp.eval(Interp.java:1841)
	at tcl.lang.UplevelCmd.cmdProc(UplevelCmd.java:93)
	at tcl.lang.Parser.evalObjv(Parser.java:740)
	at tcl.lang.Parser.eval2(Parser.java:1138)
	at tcl.lang.Interp.eval(Interp.java:1782)
	at tcl.lang.Interp.eval(Interp.java:1841)
	at tcl.lang.CatchCmd.cmdProc(CatchCmd.java:42)
	at tcl.lang.Parser.evalObjv(Parser.java:740)
	at tcl.lang.Parser.eval2(Parser.java:1138)
	at tcl.lang.Parser.evalTokens(Parser.java:930)
	at tcl.lang.Parser.eval2(Parser.java:1125)
	at tcl.lang.Procedure.cmdProc(Procedure.java:175)
	at tcl.lang.Parser.evalObjv(Parser.java:740)
	at tcl.lang.Parser.eval2(Parser.java:1138)
	at tcl.lang.Interp.eval(Interp.java:1782)
	at tcl.lang.Interp.eval(Interp.java:1841)
	at tcl.lang.ForeachCmd.cmdProc(ForeachCmd.java:116)
	at tcl.lang.AutoloadStub.cmdProc(Extension.java:144)
	at tcl.lang.Parser.evalObjv(Parser.java:740)
	at tcl.lang.Parser.eval2(Parser.java:1138)
	at tcl.lang.Interp.eval(Interp.java:1782)
	at tcl.lang.Interp.evalFile(Interp.java:1880)
	at sun.reflect.NativeMethodAccessorImpl.invoke0(Native Method)
	at sun.reflect.NativeMethodAccessorImpl.invoke(NativeMethodAccessorImpl.java:62)
	at sun.reflect.DelegatingMethodAccessorImpl.invoke(DelegatingMethodAccessorImpl.java:43)
	at java.lang.reflect.Method.invoke(Method.java:498)
	at ptolemy.util.test.junit.TclTests.RunTclFile(TclTests.java:233)
	at sun.reflect.NativeMethodAccessorImpl.invoke0(Native Method)
	at sun.reflect.NativeMethodAccessorImpl.invoke(NativeMethodAccessorImpl.java:62)
	at sun.reflect.DelegatingMethodAccessorImpl.invoke(DelegatingMethodAccessorImpl.java:43)
	at java.lang.reflect.Method.invoke(Method.java:498)
	at org.junit.runners.model.FrameworkMethod$1.runReflectiveCall(FrameworkMethod.java:44)
	at org.junit.internal.runners.model.ReflectiveCallable.run(ReflectiveCallable.java:15)
	at org.junit.runners.model.FrameworkMethod.invokeExplosively(FrameworkMethod.java:41)
	at junitparams.internal.InvokeParameterisedMethod.evaluate(InvokeParameterisedMethod.java:102)
	at junitparams.internal.ParameterisedTestMethodRunner.runMethodInvoker(ParameterisedTestMethodRunner.java:47)
	at junitparams.internal.ParameterisedTestMethodRunner.runTestMethod(ParameterisedTestMethodRunner.java:41)
	at junitparams.internal.ParameterisedTestClassRunner.runParameterisedTest(ParameterisedTestClassRunner.java:143)
	at junitparams.JUnitParamsRunner.runChild(JUnitParamsRunner.java:237)
	at junitparams.JUnitParamsRunner.runChild(JUnitParamsRunner.java:215)
	at org.junit.runners.ParentRunner$3.run(ParentRunner.java:193)
	at org.junit.runners.ParentRunner$1.schedule(ParentRunner.java:52)
	at org.junit.runners.ParentRunner.runChildren(ParentRunner.java:191)
	at org.junit.runners.ParentRunner.access$000(ParentRunner.java:42)
	at org.junit.runners.ParentRunner$2.evaluate(ParentRunner.java:184)
	at org.junit.internal.runners.statements.RunAfters.evaluate(RunAfters.java:31)
	at org.junit.runners.ParentRunner.run(ParentRunner.java:236)
	at org.junit.runners.Suite.runChild(Suite.java:128)
	at org.junit.runners.Suite.runChild(Suite.java:24)
	at org.junit.runners.ParentRunner$3.run(ParentRunner.java:193)
	at org.junit.runners.ParentRunner$1.schedule(ParentRunner.java:52)
	at org.junit.runners.ParentRunner.runChildren(ParentRunner.java:191)
	at org.junit.runners.ParentRunner.access$000(ParentRunner.java:42)
	at org.junit.runners.ParentRunner$2.evaluate(ParentRunner.java:184)
	at org.junit.runners.ParentRunner.run(ParentRunner.java:236)
	at junit.framework.JUnit4TestAdapter.run(JUnit4TestAdapter.java:39)
	at org.apache.tools.ant.taskdefs.optional.junit.JUnitTestRunner.run(JUnitTestRunner.java:535)
	at org.apache.tools.ant.taskdefs.optional.junit.JUnitTestRunner.launch(JUnitTestRunner.java:1182)
	at org.apache.tools.ant.taskdefs.optional.junit.JUnitTestRunner.main(JUnitTestRunner.java:1033)
Caused by: ptolemy.kernel.util.IllegalActionException: Error evaluating expression:
/** Check Host Compatability of an accessor by performing 
...
  in .configuration.actor library.MoreLibraries.Accessors.services.HostCompatability.script
Because:
Failed to evaluate script.
  in .configuration.actor library.MoreLibraries.Accessors.services.HostCompatability
Because:
require() failed to find matching file for module 'base64-js' in working directory '/home/travis/build/icyphy/ptII/ptolemy/actor/lib/jjs'  and not found in paths ["/home/travis/build/icyphy/ptII/ptolemy/actor/lib/jjs/","/home/travis/build/icyphy/ptII/ptolemy/actor/lib/jjs/modules/","/home/travis/build/icyphy/ptII/ptolemy/actor/lib/jjs/node/","/home/travis/build/icyphy/ptII/ptolemy/actor/lib/jjs/node_modules/","/home/travis/build/icyphy/ptII/org/terraswarm/accessor/accessors/web/hosts/","/home/travis/build/icyphy/ptII/org/terraswarm/accessor/accessors/web/","/home/travis/build/icyphy/ptII/org/terraswarm/accessor/accessors/web/hosts/common/modules/"] in /home/travis/build/icyphy/ptII/ptolemy/actor/lib/jjs/external/require.js at line number 376 at column number 12
	at ptolemy.data.expr.Variable._evaluate(Variable.java:1891)
	at ptolemy.data.expr.Variable._propagate(Variable.java:1984)
	at ptolemy.data.expr.Variable.validate(Variable.java:1596)
	... 87 more
Caused by: ptolemy.kernel.util.IllegalActionException: Failed to evaluate script.
  in .configuration.actor library.MoreLibraries.Accessors.services.HostCompatability
Because:
require() failed to find matching file for module 'base64-js' in working directory '/home/travis/build/icyphy/ptII/ptolemy/actor/lib/jjs'  and not found in paths ["/home/travis/build/icyphy/ptII/ptolemy/actor/lib/jjs/","/home/travis/build/icyphy/ptII/ptolemy/actor/lib/jjs/modules/","/home/travis/build/icyphy/ptII/ptolemy/actor/lib/jjs/node/","/home/travis/build/icyphy/ptII/ptolemy/actor/lib/jjs/node_modules/","/home/travis/build/icyphy/ptII/org/terraswarm/accessor/accessors/web/hosts/","/home/travis/build/icyphy/ptII/org/terraswarm/accessor/accessors/web/","/home/travis/build/icyphy/ptII/org/terraswarm/accessor/accessors/web/hosts/common/modules/"] in /home/travis/build/icyphy/ptII/ptolemy/actor/lib/jjs/external/require.js at line number 376 at column number 12
	at ptolemy.actor.lib.jjs.JavaScript._createEngineAndEvaluateSetup(JavaScript.java:2493)
	at ptolemy.actor.lib.jjs.JavaScript.attributeChanged(JavaScript.java:548)
	at org.terraswarm.accessor.JSAccessor.attributeChanged(JSAccessor.java:312)
	at ptolemy.data.expr.Variable._setTokenAndNotify(Variable.java:2271)
	at ptolemy.data.expr.Variable._evaluate(Variable.java:1873)
	... 89 more
Caused by: javax.script.ScriptException: require() failed to find matching file for module 'base64-js' in working directory '/home/travis/build/icyphy/ptII/ptolemy/actor/lib/jjs'  and not found in paths ["/home/travis/build/icyphy/ptII/ptolemy/actor/lib/jjs/","/home/travis/build/icyphy/ptII/ptolemy/actor/lib/jjs/modules/","/home/travis/build/icyphy/ptII/ptolemy/actor/lib/jjs/node/","/home/travis/build/icyphy/ptII/ptolemy/actor/lib/jjs/node_modules/","/home/travis/build/icyphy/ptII/org/terraswarm/accessor/accessors/web/hosts/","/home/travis/build/icyphy/ptII/org/terraswarm/accessor/accessors/web/","/home/travis/build/icyphy/ptII/org/terraswarm/accessor/accessors/web/hosts/common/modules/"] in /home/travis/build/icyphy/ptII/ptolemy/actor/lib/jjs/external/require.js at line number 376 at column number 12
	at jdk.nashorn.api.scripting.NashornScriptEngine.throwAsScriptException(NashornScriptEngine.java:470)
	at jdk.nashorn.api.scripting.NashornScriptEngine.invokeImpl(NashornScriptEngine.java:392)
	at jdk.nashorn.api.scripting.NashornScriptEngine.invokeFunction(NashornScriptEngine.java:190)
	at ptolemy.actor.lib.jjs.JavaScript._createEngineAndEvaluateSetup(JavaScript.java:2489)
	... 93 more
Caused by: /home/travis/build/icyphy/ptII/ptolemy/actor/lib/jjs/external/require.js:376:12 require() failed to find matching file for module 'base64-js' in working directory '/home/travis/build/icyphy/ptII/ptolemy/actor/lib/jjs'  and not found in paths ["/home/travis/build/icyphy/ptII/ptolemy/actor/lib/jjs/","/home/travis/build/icyphy/ptII/ptolemy/actor/lib/jjs/modules/","/home/travis/build/icyphy/ptII/ptolemy/actor/lib/jjs/node/","/home/travis/build/icyphy/ptII/ptolemy/actor/lib/jjs/node_modules/","/home/travis/build/icyphy/ptII/org/terraswarm/accessor/accessors/web/hosts/","/home/travis/build/icyphy/ptII/org/terraswarm/accessor/accessors/web/","/home/travis/build/icyphy/ptII/org/terraswarm/accessor/accessors/web/hosts/common/modules/"]
	at jdk.nashorn.internal.runtime.ECMAException.create(ECMAException.java:113)
	at jdk.nashorn.internal.scripts.Script$Recompilation$17652$16305AAA$require.L:45#_require(/home/travis/build/icyphy/ptII/ptolemy/actor/lib/jjs/external/require.js:376)
	at jdk.nashorn.internal.scripts.Script$Recompilation$17651$20040A$require.L:45#_requireClosure#L:449(/home/travis/build/icyphy/ptII/ptolemy/actor/lib/jjs/external/require.js:450)
	at jdk.nashorn.internal.scripts.Script$Recompilation$17683$183AAAAAAAAAAAAAA$\^function\_.L:1(&lt;function&gt;:71)
	at jdk.nashorn.internal.scripts.Script$Recompilation$17670$18291AAAAAA$require.L:1#Accessor(/home/travis/build/icyphy/ptII/ptolemy/actor/lib/jjs/external/require.js#409:30&lt;eval&gt;:548)
	at jdk.nashorn.internal.scripts.Script$Recompilation$17679$118959AAAAAA$require.L:1#instantiateAccessor(/home/travis/build/icyphy/ptII/ptolemy/actor/lib/jjs/external/require.js#409:30&lt;eval&gt;:2754)
	at jdk.nashorn.internal.scripts.Script$Recompilation$17678$55578A$require.L:1#extend(/home/travis/build/icyphy/ptII/ptolemy/actor/lib/jjs/external/require.js#409:30&lt;eval&gt;:1235)
	at jdk.nashorn.internal.scripts.Script$Recompilation$17677$2155$\^function\_.L:1#setup(&lt;function&gt;:40)
	at jdk.nashorn.internal.scripts.Script$Recompilation$17670$18291AAAAAA$require.L:1#Accessor(/home/travis/build/icyphy/ptII/ptolemy/actor/lib/jjs/external/require.js#409:30&lt;eval&gt;:595)
	at jdk.nashorn.internal.scripts.Script$Recompilation$17669$2858AAA$\^eval\_.evaluateCode(&lt;eval&gt;:96)
	at jdk.nashorn.internal.runtime.ScriptFunctionData.invoke(ScriptFunctionData.java:643)
	at jdk.nashorn.internal.runtime.ScriptFunction.invoke(ScriptFunction.java:494)
	at jdk.nashorn.internal.runtime.ScriptRuntime.apply(ScriptRuntime.java:393)
	at jdk.nashorn.api.scripting.ScriptObjectMirror.callMember(ScriptObjectMirror.java:199)
	at jdk.nashorn.api.scripting.NashornScriptEngine.invokeImpl(NashornScriptEngine.java:386)
	... 95 more
Caused by: ptolemy.kernel.util.IllegalActionException: Error evaluating expression:
/** Check Host Compatability of an accessor by performing 
...
  in .configuration.actor library.MoreLibraries.Accessors.services.HostCompatability.script
Because:
Failed to evaluate script.
  in .configuration.actor library.MoreLibraries.Accessors.services.HostCompatability
Because:
require() failed to find matching file for module 'base64-js' in working directory '/home/travis/build/icyphy/ptII/ptolemy/actor/lib/jjs'  and not found in paths ["/home/travis/build/icyphy/ptII/ptolemy/actor/lib/jjs/","/home/travis/build/icyphy/ptII/ptolemy/actor/lib/jjs/modules/","/home/travis/build/icyphy/ptII/ptolemy/actor/lib/jjs/node/","/home/travis/build/icyphy/ptII/ptolemy/actor/lib/jjs/node_modules/","/home/travis/build/icyphy/ptII/org/terraswarm/accessor/accessors/web/hosts/","/home/travis/build/icyphy/ptII/org/terraswarm/accessor/accessors/web/","/home/travis/build/icyphy/ptII/org/terraswarm/accessor/accessors/web/hosts/common/modules/"] in /home/travis/build/icyphy/ptII/ptolemy/actor/lib/jjs/external/require.js at line number 376 at column number 12
	at ptolemy.data.expr.Variable._evaluate(Variable.java:1891)
	at ptolemy.data.expr.Variable._propagate(Variable.java:1984)
	at ptolemy.data.expr.Variable.validate(Variable.java:1596)
	at ptolemy.moml.MoMLParser.endDocument(MoMLParser.java:867)
	at com.microstar.xml.XmlParser.doParse(XmlParser.java:162)
	at com.microstar.xml.XmlParser.parse(XmlParser.java:132)
	at ptolemy.moml.MoMLParser.parse(MoMLParser.java:1676)
	at ptolemy.moml.MoMLParser.parse(MoMLParser.java:1617)
	at ptolemy.moml.MoMLParser.parse(MoMLParser.java:1792)
	at org.terraswarm.accessor.AccessorLibrary.populate(AccessorLibrary.java:194)
	at ptolemy.moml.EntityLibrary.deepEntityList(EntityLibrary.java:349)
	at ptolemy.kernel.CompositeEntity.deepEntityList(CompositeEntity.java:714)
	at ptolemy.moml.EntityLibrary.deepEntityList(EntityLibrary.java:350)
	at ptolemy.kernel.CompositeEntity.deepEntityList(CompositeEntity.java:714)
	at ptolemy.moml.EntityLibrary.deepEntityList(EntityLibrary.java:350)
	at ptolemy.kernel.CompositeEntity.deepEntityList(CompositeEntity.java:714)
	at ptolemy.kernel.CompositeEntity.deepEntityList(CompositeEntity.java:714)
	at ptolemy.kernel.CompositeEntity.allAtomicEntityList(CompositeEntity.java:188)
	at sun.reflect.NativeMethodAccessorImpl.invoke0(Native Method)
	at sun.reflect.NativeMethodAccessorImpl.invoke(NativeMethodAccessorImpl.java:62)
	at sun.reflect.DelegatingMethodAccessorImpl.invoke(DelegatingMethodAccessorImpl.java:43)
	at java.lang.reflect.Method.invoke(Method.java:498)
	at tcl.lang.reflect.PkgInvoker.invokeMethod(PkgInvoker.java:129)
	at tcl.lang.JavaInvoke.call(JavaInvoke.java:253)
	at tcl.lang.JavaInvoke.callMethod(JavaInvoke.java:116)
	at tcl.lang.ReflectObject.cmdProc(ReflectObject.java:727)
	at tcl.lang.Parser.evalObjv(Parser.java:740)
	at tcl.lang.Parser.eval2(Parser.java:1138)
	at tcl.lang.Parser.evalTokens(Parser.java:930)
	at tcl.lang.Parser.eval2(Parser.java:1125)
	at tcl.lang.Interp.eval(Interp.java:1782)
	at tcl.lang.Interp.eval(Interp.java:1841)
	at tcl.lang.UplevelCmd.cmdProc(UplevelCmd.java:93)
	at tcl.lang.Parser.evalObjv(Parser.java:740)
	at tcl.lang.Parser.eval2(Parser.java:1138)
	at tcl.lang.Interp.eval(Interp.java:1782)
	at tcl.lang.Interp.eval(Interp.java:1841)
	at tcl.lang.CatchCmd.cmdProc(CatchCmd.java:42)
	at tcl.lang.Parser.evalObjv(Parser.java:740)
	at tcl.lang.Parser.eval2(Parser.java:1138)
	at tcl.lang.Parser.evalTokens(Parser.java:930)
	at tcl.lang.Parser.eval2(Parser.java:1125)
	at tcl.lang.Procedure.cmdProc(Procedure.java:175)
	at tcl.lang.Parser.evalObjv(Parser.java:740)
	at tcl.lang.Parser.eval2(Parser.java:1138)
	at tcl.lang.Interp.eval(Interp.java:1782)
	at tcl.lang.Interp.eval(Interp.java:1841)
	at tcl.lang.ForeachCmd.cmdProc(ForeachCmd.java:116)
	at tcl.lang.AutoloadStub.cmdProc(Extension.java:144)
	at tcl.lang.Parser.evalObjv(Parser.java:740)
	at tcl.lang.Parser.eval2(Parser.java:1138)
	at tcl.lang.Interp.eval(Interp.java:1782)
	at tcl.lang.Interp.evalFile(Interp.java:1880)
	at sun.reflect.NativeMethodAccessorImpl.invoke0(Native Method)
	at sun.reflect.NativeMethodAccessorImpl.invoke(NativeMethodAccessorImpl.java:62)
	at sun.reflect.DelegatingMethodAccessorImpl.invoke(DelegatingMethodAccessorImpl.java:43)
	at java.lang.reflect.Method.invoke(Method.java:498)
	at ptolemy.util.test.junit.TclTests.RunTclFile(TclTests.java:233)
	at sun.reflect.NativeMethodAccessorImpl.invoke0(Native Method)
	at sun.reflect.NativeMethodAccessorImpl.invoke(NativeMethodAccessorImpl.java:62)
	at sun.reflect.DelegatingMethodAccessorImpl.invoke(DelegatingMethodAccessorImpl.java:43)
	at java.lang.reflect.Method.invoke(Method.java:498)
	at org.junit.runners.model.FrameworkMethod$1.runReflectiveCall(FrameworkMethod.java:44)
	at org.junit.internal.runners.model.ReflectiveCallable.run(ReflectiveCallable.java:15)
	at org.junit.runners.model.FrameworkMethod.invokeExplosively(FrameworkMethod.java:41)
	at junitparams.internal.InvokeParameterisedMethod.evaluate(InvokeParameterisedMethod.java:102)
	at junitparams.internal.ParameterisedTestMethodRunner.runMethodInvoker(ParameterisedTestMethodRunner.java:47)
	at junitparams.internal.ParameterisedTestMethodRunner.runTestMethod(ParameterisedTestMethodRunner.java:41)
	at junitparams.internal.ParameterisedTestClassRunner.runParameterisedTest(ParameterisedTestClassRunner.java:143)
	at junitparams.JUnitParamsRunner.runChild(JUnitParamsRunner.java:237)
	at junitparams.JUnitParamsRunner.runChild(JUnitParamsRunner.java:215)
	at org.junit.runners.ParentRunner$3.run(ParentRunner.java:193)
	at org.junit.runners.ParentRunner$1.schedule(ParentRunner.java:52)
	at org.junit.runners.ParentRunner.runChildren(ParentRunner.java:191)
	at org.junit.runners.ParentRunner.access$000(ParentRunner.java:42)
	at org.junit.runners.ParentRunner$2.evaluate(ParentRunner.java:184)
	at org.junit.internal.runners.statements.RunAfters.evaluate(RunAfters.java:31)
	at org.junit.runners.ParentRunner.run(ParentRunner.java:236)
	at org.junit.runners.Suite.runChild(Suite.java:128)
	at org.junit.runners.Suite.runChild(Suite.java:24)
	at org.junit.runners.ParentRunner$3.run(ParentRunner.java:193)
	at org.junit.runners.ParentRunner$1.schedule(ParentRunner.java:52)
	at org.junit.runners.ParentRunner.runChildren(ParentRunner.java:191)
	at org.junit.runners.ParentRunner.access$000(ParentRunner.java:42)
	at org.junit.runners.ParentRunner$2.evaluate(ParentRunner.java:184)
	at org.junit.runners.ParentRunner.run(ParentRunner.java:236)
	at junit.framework.JUnit4TestAdapter.run(JUnit4TestAdapter.java:39)
	at org.apache.tools.ant.taskdefs.optional.junit.JUnitTestRunner.run(JUnitTestRunner.java:535)
	at org.apache.tools.ant.taskdefs.optional.junit.JUnitTestRunner.launch(JUnitTestRunner.java:1182)
	at org.apache.tools.ant.taskdefs.optional.junit.JUnitTestRunner.main(JUnitTestRunner.java:1033)
Caused by: ptolemy.kernel.util.IllegalActionException: Failed to evaluate script.
  in .configuration.actor library.MoreLibraries.Accessors.services.HostCompatability
Because:
require() failed to find matching file for module 'base64-js' in working directory '/home/travis/build/icyphy/ptII/ptolemy/actor/lib/jjs'  and not found in paths ["/home/travis/build/icyphy/ptII/ptolemy/actor/lib/jjs/","/home/travis/build/icyphy/ptII/ptolemy/actor/lib/jjs/modules/","/home/travis/build/icyphy/ptII/ptolemy/actor/lib/jjs/node/","/home/travis/build/icyphy/ptII/ptolemy/actor/lib/jjs/node_modules/","/home/travis/build/icyphy/ptII/org/terraswarm/accessor/accessors/web/hosts/","/home/travis/build/icyphy/ptII/org/terraswarm/accessor/accessors/web/","/home/travis/build/icyphy/ptII/org/terraswarm/accessor/accessors/web/hosts/common/modules/"] in /home/travis/build/icyphy/ptII/ptolemy/actor/lib/jjs/external/require.js at line number 376 at column number 12
	at ptolemy.actor.lib.jjs.JavaScript._createEngineAndEvaluateSetup(JavaScript.java:2493)
	at ptolemy.actor.lib.jjs.JavaScript.attributeChanged(JavaScript.java:548)
	at org.terraswarm.accessor.JSAccessor.attributeChanged(JSAccessor.java:312)
	at ptolemy.data.expr.Variable._setTokenAndNotify(Variable.java:2271)
	at ptolemy.data.expr.Variable._evaluate(Variable.java:1873)
	... 89 more
Caused by: javax.script.ScriptException: require() failed to find matching file for module 'base64-js' in working directory '/home/travis/build/icyphy/ptII/ptolemy/actor/lib/jjs'  and not found in paths ["/home/travis/build/icyphy/ptII/ptolemy/actor/lib/jjs/","/home/travis/build/icyphy/ptII/ptolemy/actor/lib/jjs/modules/","/home/travis/build/icyphy/ptII/ptolemy/actor/lib/jjs/node/","/home/travis/build/icyphy/ptII/ptolemy/actor/lib/jjs/node_modules/","/home/travis/build/icyphy/ptII/org/terraswarm/accessor/accessors/web/hosts/","/home/travis/build/icyphy/ptII/org/terraswarm/accessor/accessors/web/","/home/travis/build/icyphy/ptII/org/terraswarm/accessor/accessors/web/hosts/common/modules/"] in /home/travis/build/icyphy/ptII/ptolemy/actor/lib/jjs/external/require.js at line number 376 at column number 12
	at jdk.nashorn.api.scripting.NashornScriptEngine.throwAsScriptException(NashornScriptEngine.java:470)
	at jdk.nashorn.api.scripting.NashornScriptEngine.invokeImpl(NashornScriptEngine.java:392)
	at jdk.nashorn.api.scripting.NashornScriptEngine.invokeFunction(NashornScriptEngine.java:190)
	at ptolemy.actor.lib.jjs.JavaScript._createEngineAndEvaluateSetup(JavaScript.java:2489)
	... 93 more
Caused by: /home/travis/build/icyphy/ptII/ptolemy/actor/lib/jjs/external/require.js:376:12 require() failed to find matching file for module 'base64-js' in working directory '/home/travis/build/icyphy/ptII/ptolemy/actor/lib/jjs'  and not found in paths ["/home/travis/build/icyphy/ptII/ptolemy/actor/lib/jjs/","/home/travis/build/icyphy/ptII/ptolemy/actor/lib/jjs/modules/","/home/travis/build/icyphy/ptII/ptolemy/actor/lib/jjs/node/","/home/travis/build/icyphy/ptII/ptolemy/actor/lib/jjs/node_modules/","/home/travis/build/icyphy/ptII/org/terraswarm/accessor/accessors/web/hosts/","/home/travis/build/icyphy/ptII/org/terraswarm/accessor/accessors/web/","/home/travis/build/icyphy/ptII/org/terraswarm/accessor/accessors/web/hosts/common/modules/"]
	at jdk.nashorn.internal.runtime.ECMAException.create(ECMAException.java:113)
	at jdk.nashorn.internal.scripts.Script$Recompilation$17652$16305AAA$require.L:45#_require(/home/travis/build/icyphy/ptII/ptolemy/actor/lib/jjs/external/require.js:376)
	at jdk.nashorn.internal.scripts.Script$Recompilation$17651$20040A$require.L:45#_requireClosure#L:449(/home/travis/build/icyphy/ptII/ptolemy/actor/lib/jjs/external/require.js:450)
	at jdk.nashorn.internal.scripts.Script$Recompilation$17683$183AAAAAAAAAAAAAA$\^function\_.L:1(&lt;function&gt;:71)
	at jdk.nashorn.internal.scripts.Script$Recompilation$17670$18291AAAAAA$require.L:1#Accessor(/home/travis/build/icyphy/ptII/ptolemy/actor/lib/jjs/external/require.js#409:30&lt;eval&gt;:548)
	at jdk.nashorn.internal.scripts.Script$Recompilation$17679$118959AAAAAA$require.L:1#instantiateAccessor(/home/travis/build/icyphy/ptII/ptolemy/actor/lib/jjs/external/require.js#409:30&lt;eval&gt;:2754)
	at jdk.nashorn.internal.scripts.Script$Recompilation$17678$55578A$require.L:1#extend(/home/travis/build/icyphy/ptII/ptolemy/actor/lib/jjs/external/require.js#409:30&lt;eval&gt;:1235)
	at jdk.nashorn.internal.scripts.Script$Recompilation$17677$2155$\^function\_.L:1#setup(&lt;function&gt;:40)
	at jdk.nashorn.internal.scripts.Script$Recompilation$17670$18291AAAAAA$require.L:1#Accessor(/home/travis/build/icyphy/ptII/ptolemy/actor/lib/jjs/external/require.js#409:30&lt;eval&gt;:595)
	at jdk.nashorn.internal.scripts.Script$Recompilation$17669$2858AAA$\^eval\_.evaluateCode(&lt;eval&gt;:96)
	at jdk.nashorn.internal.runtime.ScriptFunctionData.invoke(ScriptFunctionData.java:643)
	at jdk.nashorn.internal.runtime.ScriptFunction.invoke(ScriptFunction.java:494)
	at jdk.nashorn.internal.runtime.ScriptRuntime.apply(ScriptRuntime.java:393)
	at jdk.nashorn.api.scripting.ScriptObjectMirror.callMember(ScriptObjectMirror.java:199)
	at jdk.nashorn.api.scripting.NashornScriptEngine.invokeImpl(NashornScriptEngine.java:386)
	... 95 more
Caused by: ptolemy.kernel.util.IllegalActionException: Failed to evaluate script.
  in .configuration.actor library.MoreLibraries.Accessors.services.HostCompatability
Because:
require() failed to find matching file for module 'base64-js' in working directory '/home/travis/build/icyphy/ptII/ptolemy/actor/lib/jjs'  and not found in paths ["/home/travis/build/icyphy/ptII/ptolemy/actor/lib/jjs/","/home/travis/build/icyphy/ptII/ptolemy/actor/lib/jjs/modules/","/home/travis/build/icyphy/ptII/ptolemy/actor/lib/jjs/node/","/home/travis/build/icyphy/ptII/ptolemy/actor/lib/jjs/node_modules/","/home/travis/build/icyphy/ptII/org/terraswarm/accessor/accessors/web/hosts/","/home/travis/build/icyphy/ptII/org/terraswarm/accessor/accessors/web/","/home/travis/build/icyphy/ptII/org/terraswarm/accessor/accessors/web/hosts/common/modules/"] in /home/travis/build/icyphy/ptII/ptolemy/actor/lib/jjs/external/require.js at line number 376 at column number 12
	at ptolemy.actor.lib.jjs.JavaScript._createEngineAndEvaluateSetup(JavaScript.java:2493)
	at ptolemy.actor.lib.jjs.JavaScript.attributeChanged(JavaScript.java:548)
	at org.terraswarm.accessor.JSAccessor.attributeChanged(JSAccessor.java:312)
	at ptolemy.data.expr.Variable._setTokenAndNotify(Variable.java:2271)
	at ptolemy.data.expr.Variable._evaluate(Variable.java:1873)
	at ptolemy.data.expr.Variable._propagate(Variable.java:1984)
	at ptolemy.data.expr.Variable.validate(Variable.java:1596)
	at ptolemy.moml.MoMLParser.endDocument(MoMLParser.java:867)
	at com.microstar.xml.XmlParser.doParse(XmlParser.java:162)
	at com.microstar.xml.XmlParser.parse(XmlParser.java:132)
	at ptolemy.moml.MoMLParser.parse(MoMLParser.java:1676)
	at ptolemy.moml.MoMLParser.parse(MoMLParser.java:1617)
	at ptolemy.moml.MoMLParser.parse(MoMLParser.java:1792)
	at org.terraswarm.accessor.AccessorLibrary.populate(AccessorLibrary.java:194)
	at ptolemy.moml.EntityLibrary.deepEntityList(EntityLibrary.java:349)
	at ptolemy.kernel.CompositeEntity.deepEntityList(CompositeEntity.java:714)
	at ptolemy.moml.EntityLibrary.deepEntityList(EntityLibrary.java:350)
	at ptolemy.kernel.CompositeEntity.deepEntityList(CompositeEntity.java:714)
	at ptolemy.moml.EntityLibrary.deepEntityList(EntityLibrary.java:350)
	at ptolemy.kernel.CompositeEntity.deepEntityList(CompositeEntity.java:714)
	at ptolemy.kernel.CompositeEntity.deepEntityList(CompositeEntity.java:714)
	at ptolemy.kernel.CompositeEntity.allAtomicEntityList(CompositeEntity.java:188)
	at sun.reflect.NativeMethodAccessorImpl.invoke0(Native Method)
	at sun.reflect.NativeMethodAccessorImpl.invoke(NativeMethodAccessorImpl.java:62)
	at sun.reflect.DelegatingMethodAccessorImpl.invoke(DelegatingMethodAccessorImpl.java:43)
	at java.lang.reflect.Method.invoke(Method.java:498)
	at tcl.lang.reflect.PkgInvoker.invokeMethod(PkgInvoker.java:129)
	at tcl.lang.JavaInvoke.call(JavaInvoke.java:253)
	at tcl.lang.JavaInvoke.callMethod(JavaInvoke.java:116)
	at tcl.lang.ReflectObject.cmdProc(ReflectObject.java:727)
	at tcl.lang.Parser.evalObjv(Parser.java:740)
	at tcl.lang.Parser.eval2(Parser.java:1138)
	at tcl.lang.Parser.evalTokens(Parser.java:930)
	at tcl.lang.Parser.eval2(Parser.java:1125)
	at tcl.lang.Interp.eval(Interp.java:1782)
	at tcl.lang.Interp.eval(Interp.java:1841)
	at tcl.lang.UplevelCmd.cmdProc(UplevelCmd.java:93)
	at tcl.lang.Parser.evalObjv(Parser.java:740)
	at tcl.lang.Parser.eval2(Parser.java:1138)
	at tcl.lang.Interp.eval(Interp.java:1782)
	at tcl.lang.Interp.eval(Interp.java:1841)
	at tcl.lang.CatchCmd.cmdProc(CatchCmd.java:42)
	at tcl.lang.Parser.evalObjv(Parser.java:740)
	at tcl.lang.Parser.eval2(Parser.java:1138)
	at tcl.lang.Parser.evalTokens(Parser.java:930)
	at tcl.lang.Parser.eval2(Parser.java:1125)
	at tcl.lang.Procedure.cmdProc(Procedure.java:175)
	at tcl.lang.Parser.evalObjv(Parser.java:740)
	at tcl.lang.Parser.eval2(Parser.java:1138)
	at tcl.lang.Interp.eval(Interp.java:1782)
	at tcl.lang.Interp.eval(Interp.java:1841)
	at tcl.lang.ForeachCmd.cmdProc(ForeachCmd.java:116)
	at tcl.lang.AutoloadStub.cmdProc(Extension.java:144)
	at tcl.lang.Parser.evalObjv(Parser.java:740)
	at tcl.lang.Parser.eval2(Parser.java:1138)
	at tcl.lang.Interp.eval(Interp.java:1782)
	at tcl.lang.Interp.evalFile(Interp.java:1880)
	at sun.reflect.NativeMethodAccessorImpl.invoke0(Native Method)
	at sun.reflect.NativeMethodAccessorImpl.invoke(NativeMethodAccessorImpl.java:62)
	at sun.reflect.DelegatingMethodAccessorImpl.invoke(DelegatingMethodAccessorImpl.java:43)
	at java.lang.reflect.Method.invoke(Method.java:498)
	at ptolemy.util.test.junit.TclTests.RunTclFile(TclTests.java:233)
	at sun.reflect.NativeMethodAccessorImpl.invoke0(Native Method)
	at sun.reflect.NativeMethodAccessorImpl.invoke(NativeMethodAccessorImpl.java:62)
	at sun.reflect.DelegatingMethodAccessorImpl.invoke(DelegatingMethodAccessorImpl.java:43)
	at java.lang.reflect.Method.invoke(Method.java:498)
	at org.junit.runners.model.FrameworkMethod$1.runReflectiveCall(FrameworkMethod.java:44)
	at org.junit.internal.runners.model.ReflectiveCallable.run(ReflectiveCallable.java:15)
	at org.junit.runners.model.FrameworkMethod.invokeExplosively(FrameworkMethod.java:41)
	at junitparams.internal.InvokeParameterisedMethod.evaluate(InvokeParameterisedMethod.java:102)
	at junitparams.internal.ParameterisedTestMethodRunner.runMethodInvoker(ParameterisedTestMethodRunner.java:47)
	at junitparams.internal.ParameterisedTestMethodRunner.runTestMethod(ParameterisedTestMethodRunner.java:41)
	at junitparams.internal.ParameterisedTestClassRunner.runParameterisedTest(ParameterisedTestClassRunner.java:143)
	at junitparams.JUnitParamsRunner.runChild(JUnitParamsRunner.java:237)
	at junitparams.JUnitParamsRunner.runChild(JUnitParamsRunner.java:215)
	at org.junit.runners.ParentRunner$3.run(ParentRunner.java:193)
	at org.junit.runners.ParentRunner$1.schedule(ParentRunner.java:52)
	at org.junit.runners.ParentRunner.runChildren(ParentRunner.java:191)
	at org.junit.runners.ParentRunner.access$000(ParentRunner.java:42)
	at org.junit.runners.ParentRunner$2.evaluate(ParentRunner.java:184)
	at org.junit.internal.runners.statements.RunAfters.evaluate(RunAfters.java:31)
	at org.junit.runners.ParentRunner.run(ParentRunner.java:236)
	at org.junit.runners.Suite.runChild(Suite.java:128)
	at org.junit.runners.Suite.runChild(Suite.java:24)
	at org.junit.runners.ParentRunner$3.run(ParentRunner.java:193)
	at org.junit.runners.ParentRunner$1.schedule(ParentRunner.java:52)
	at org.junit.runners.ParentRunner.runChildren(ParentRunner.java:191)
	at org.junit.runners.ParentRunner.access$000(ParentRunner.java:42)
	at org.junit.runners.ParentRunner$2.evaluate(ParentRunner.java:184)
	at org.junit.runners.ParentRunner.run(ParentRunner.java:236)
	at junit.framework.JUnit4TestAdapter.run(JUnit4TestAdapter.java:39)
	at org.apache.tools.ant.taskdefs.optional.junit.JUnitTestRunner.run(JUnitTestRunner.java:535)
	at org.apache.tools.ant.taskdefs.optional.junit.JUnitTestRunner.launch(JUnitTestRunner.java:1182)
	at org.apache.tools.ant.taskdefs.optional.junit.JUnitTestRunner.main(JUnitTestRunner.java:1033)
Caused by: javax.script.ScriptException: require() failed to find matching file for module 'base64-js' in working directory '/home/travis/build/icyphy/ptII/ptolemy/actor/lib/jjs'  and not found in paths ["/home/travis/build/icyphy/ptII/ptolemy/actor/lib/jjs/","/home/travis/build/icyphy/ptII/ptolemy/actor/lib/jjs/modules/","/home/travis/build/icyphy/ptII/ptolemy/actor/lib/jjs/node/","/home/travis/build/icyphy/ptII/ptolemy/actor/lib/jjs/node_modules/","/home/travis/build/icyphy/ptII/org/terraswarm/accessor/accessors/web/hosts/","/home/travis/build/icyphy/ptII/org/terraswarm/accessor/accessors/web/","/home/travis/build/icyphy/ptII/org/terraswarm/accessor/accessors/web/hosts/common/modules/"] in /home/travis/build/icyphy/ptII/ptolemy/actor/lib/jjs/external/require.js at line number 376 at column number 12
	at jdk.nashorn.api.scripting.NashornScriptEngine.throwAsScriptException(NashornScriptEngine.java:470)
	at jdk.nashorn.api.scripting.NashornScriptEngine.invokeImpl(NashornScriptEngine.java:392)
	at jdk.nashorn.api.scripting.NashornScriptEngine.invokeFunction(NashornScriptEngine.java:190)
	at ptolemy.actor.lib.jjs.JavaScript._createEngineAndEvaluateSetup(JavaScript.java:2489)
	... 93 more
Caused by: /home/travis/build/icyphy/ptII/ptolemy/actor/lib/jjs/external/require.js:376:12 require() failed to find matching file for module 'base64-js' in working directory '/home/travis/build/icyphy/ptII/ptolemy/actor/lib/jjs'  and not found in paths ["/home/travis/build/icyphy/ptII/ptolemy/actor/lib/jjs/","/home/travis/build/icyphy/ptII/ptolemy/actor/lib/jjs/modules/","/home/travis/build/icyphy/ptII/ptolemy/actor/lib/jjs/node/","/home/travis/build/icyphy/ptII/ptolemy/actor/lib/jjs/node_modules/","/home/travis/build/icyphy/ptII/org/terraswarm/accessor/accessors/web/hosts/","/home/travis/build/icyphy/ptII/org/terraswarm/accessor/accessors/web/","/home/travis/build/icyphy/ptII/org/terraswarm/accessor/accessors/web/hosts/common/modules/"]
	at jdk.nashorn.internal.runtime.ECMAException.create(ECMAException.java:113)
	at jdk.nashorn.internal.scripts.Script$Recompilation$17652$16305AAA$require.L:45#_require(/home/travis/build/icyphy/ptII/ptolemy/actor/lib/jjs/external/require.js:376)
	at jdk.nashorn.internal.scripts.Script$Recompilation$17651$20040A$require.L:45#_requireClosure#L:449(/home/travis/build/icyphy/ptII/ptolemy/actor/lib/jjs/external/require.js:450)
	at jdk.nashorn.internal.scripts.Script$Recompilation$17683$183AAAAAAAAAAAAAA$\^function\_.L:1(&lt;function&gt;:71)
	at jdk.nashorn.internal.scripts.Script$Recompilation$17670$18291AAAAAA$require.L:1#Accessor(/home/travis/build/icyphy/ptII/ptolemy/actor/lib/jjs/external/require.js#409:30&lt;eval&gt;:548)
	at jdk.nashorn.internal.scripts.Script$Recompilation$17679$118959AAAAAA$require.L:1#instantiateAccessor(/home/travis/build/icyphy/ptII/ptolemy/actor/lib/jjs/external/require.js#409:30&lt;eval&gt;:2754)
	at jdk.nashorn.internal.scripts.Script$Recompilation$17678$55578A$require.L:1#extend(/home/travis/build/icyphy/ptII/ptolemy/actor/lib/jjs/external/require.js#409:30&lt;eval&gt;:1235)
	at jdk.nashorn.internal.scripts.Script$Recompilation$17677$2155$\^function\_.L:1#setup(&lt;function&gt;:40)
	at jdk.nashorn.internal.scripts.Script$Recompilation$17670$18291AAAAAA$require.L:1#Accessor(/home/travis/build/icyphy/ptII/ptolemy/actor/lib/jjs/external/require.js#409:30&lt;eval&gt;:595)
	at jdk.nashorn.internal.scripts.Script$Recompilation$17669$2858AAA$\^eval\_.evaluateCode(&lt;eval&gt;:96)
	at jdk.nashorn.internal.runtime.ScriptFunctionData.invoke(ScriptFunctionData.java:643)
	at jdk.nashorn.internal.runtime.ScriptFunction.invoke(ScriptFunction.java:494)
	at jdk.nashorn.internal.runtime.ScriptRuntime.apply(ScriptRuntime.java:393)
	at jdk.nashorn.api.scripting.ScriptObjectMirror.callMember(ScriptObjectMirror.java:199)
	at jdk.nashorn.api.scripting.NashornScriptEngine.invokeImpl(NashornScriptEngine.java:386)
	... 95 more
Caused by: javax.script.ScriptException: require() failed to find matching file for module 'base64-js' in working directory '/home/travis/build/icyphy/ptII/ptolemy/actor/lib/jjs'  and not found in paths ["/home/travis/build/icyphy/ptII/ptolemy/actor/lib/jjs/","/home/travis/build/icyphy/ptII/ptolemy/actor/lib/jjs/modules/","/home/travis/build/icyphy/ptII/ptolemy/actor/lib/jjs/node/","/home/travis/build/icyphy/ptII/ptolemy/actor/lib/jjs/node_modules/","/home/travis/build/icyphy/ptII/org/terraswarm/accessor/accessors/web/hosts/","/home/travis/build/icyphy/ptII/org/terraswarm/accessor/accessors/web/","/home/travis/build/icyphy/ptII/org/terraswarm/accessor/accessors/web/hosts/common/modules/"] in /home/travis/build/icyphy/ptII/ptolemy/actor/lib/jjs/external/require.js at line number 376 at column number 12
	at jdk.nashorn.api.scripting.NashornScriptEngine.throwAsScriptException(NashornScriptEngine.java:470)
	at jdk.nashorn.api.scripting.NashornScriptEngine.invokeImpl(NashornScriptEngine.java:392)
	at jdk.nashorn.api.scripting.NashornScriptEngine.invokeFunction(NashornScriptEngine.java:190)
	at ptolemy.actor.lib.jjs.JavaScript._createEngineAndEvaluateSetup(JavaScript.java:2489)
	at ptolemy.actor.lib.jjs.JavaScript.attributeChanged(JavaScript.java:548)
	at org.terraswarm.accessor.JSAccessor.attributeChanged(JSAccessor.java:312)
	at ptolemy.data.expr.Variable._setTokenAndNotify(Variable.java:2271)
	at ptolemy.data.expr.Variable._evaluate(Variable.java:1873)
	at ptolemy.data.expr.Variable._propagate(Variable.java:1984)
	at ptolemy.data.expr.Variable.validate(Variable.java:1596)
	at ptolemy.moml.MoMLParser.endDocument(MoMLParser.java:867)
	at com.microstar.xml.XmlParser.doParse(XmlParser.java:162)
	at com.microstar.xml.XmlParser.parse(XmlParser.java:132)
	at ptolemy.moml.MoMLParser.parse(MoMLParser.java:1676)
	at ptolemy.moml.MoMLParser.parse(MoMLParser.java:1617)
	at ptolemy.moml.MoMLParser.parse(MoMLParser.java:1792)
	at org.terraswarm.accessor.AccessorLibrary.populate(AccessorLibrary.java:194)
	at ptolemy.moml.EntityLibrary.deepEntityList(EntityLibrary.java:349)
	at ptolemy.kernel.CompositeEntity.deepEntityList(CompositeEntity.java:714)
	at ptolemy.moml.EntityLibrary.deepEntityList(EntityLibrary.java:350)
	at ptolemy.kernel.CompositeEntity.deepEntityList(CompositeEntity.java:714)
	at ptolemy.moml.EntityLibrary.deepEntityList(EntityLibrary.java:350)
	at ptolemy.kernel.CompositeEntity.deepEntityList(CompositeEntity.java:714)
	at ptolemy.kernel.CompositeEntity.deepEntityList(CompositeEntity.java:714)
	at ptolemy.kernel.CompositeEntity.allAtomicEntityList(CompositeEntity.java:188)
	at sun.reflect.NativeMethodAccessorImpl.invoke0(Native Method)
	at sun.reflect.NativeMethodAccessorImpl.invoke(NativeMethodAccessorImpl.java:62)
	at sun.reflect.DelegatingMethodAccessorImpl.invoke(DelegatingMethodAccessorImpl.java:43)
	at java.lang.reflect.Method.invoke(Method.java:498)
	at tcl.lang.reflect.PkgInvoker.invokeMethod(PkgInvoker.java:129)
	at tcl.lang.JavaInvoke.call(JavaInvoke.java:253)
	at tcl.lang.JavaInvoke.callMethod(JavaInvoke.java:116)
	at tcl.lang.ReflectObject.cmdProc(ReflectObject.java:727)
	at tcl.lang.Parser.evalObjv(Parser.java:740)
	at tcl.lang.Parser.eval2(Parser.java:1138)
	at tcl.lang.Parser.evalTokens(Parser.java:930)
	at tcl.lang.Parser.eval2(Parser.java:1125)
	at tcl.lang.Interp.eval(Interp.java:1782)
	at tcl.lang.Interp.eval(Interp.java:1841)
	at tcl.lang.UplevelCmd.cmdProc(UplevelCmd.java:93)
	at tcl.lang.Parser.evalObjv(Parser.java:740)
	at tcl.lang.Parser.eval2(Parser.java:1138)
	at tcl.lang.Interp.eval(Interp.java:1782)
	at tcl.lang.Interp.eval(Interp.java:1841)
	at tcl.lang.CatchCmd.cmdProc(CatchCmd.java:42)
	at tcl.lang.Parser.evalObjv(Parser.java:740)
	at tcl.lang.Parser.eval2(Parser.java:1138)
	at tcl.lang.Parser.evalTokens(Parser.java:930)
	at tcl.lang.Parser.eval2(Parser.java:1125)
	at tcl.lang.Procedure.cmdProc(Procedure.java:175)
	at tcl.lang.Parser.evalObjv(Parser.java:740)
	at tcl.lang.Parser.eval2(Parser.java:1138)
	at tcl.lang.Interp.eval(Interp.java:1782)
	at tcl.lang.Interp.eval(Interp.java:1841)
	at tcl.lang.ForeachCmd.cmdProc(ForeachCmd.java:116)
	at tcl.lang.AutoloadStub.cmdProc(Extension.java:144)
	at tcl.lang.Parser.evalObjv(Parser.java:740)
	at tcl.lang.Parser.eval2(Parser.java:1138)
	at tcl.lang.Interp.eval(Interp.java:1782)
	at tcl.lang.Interp.evalFile(Interp.java:1880)
	at sun.reflect.NativeMethodAccessorImpl.invoke0(Native Method)
	at sun.reflect.NativeMethodAccessorImpl.invoke(NativeMethodAccessorImpl.java:62)
	at sun.reflect.DelegatingMethodAccessorImpl.invoke(DelegatingMethodAccessorImpl.java:43)
	at java.lang.reflect.Method.invoke(Method.java:498)
	at ptolemy.util.test.junit.TclTests.RunTclFile(TclTests.java:233)
	at sun.reflect.NativeMethodAccessorImpl.invoke0(Native Method)
	at sun.reflect.NativeMethodAccessorImpl.invoke(NativeMethodAccessorImpl.java:62)
	at sun.reflect.DelegatingMethodAccessorImpl.invoke(DelegatingMethodAccessorImpl.java:43)
	at java.lang.reflect.Method.invoke(Method.java:498)
	at org.junit.runners.model.FrameworkMethod$1.runReflectiveCall(FrameworkMethod.java:44)
	at org.junit.internal.runners.model.ReflectiveCallable.run(ReflectiveCallable.java:15)
	at org.junit.runners.model.FrameworkMethod.invokeExplosively(FrameworkMethod.java:41)
	at junitparams.internal.InvokeParameterisedMethod.evaluate(InvokeParameterisedMethod.java:102)
	at junitparams.internal.ParameterisedTestMethodRunner.runMethodInvoker(ParameterisedTestMethodRunner.java:47)
	at junitparams.internal.ParameterisedTestMethodRunner.runTestMethod(ParameterisedTestMethodRunner.java:41)
	at junitparams.internal.ParameterisedTestClassRunner.runParameterisedTest(ParameterisedTestClassRunner.java:143)
	at junitparams.JUnitParamsRunner.runChild(JUnitParamsRunner.java:237)
	at junitparams.JUnitParamsRunner.runChild(JUnitParamsRunner.java:215)
	at org.junit.runners.ParentRunner$3.run(ParentRunner.java:193)
	at org.junit.runners.ParentRunner$1.schedule(ParentRunner.java:52)
	at org.junit.runners.ParentRunner.runChildren(ParentRunner.java:191)
	at org.junit.runners.ParentRunner.access$000(ParentRunner.java:42)
	at org.junit.runners.ParentRunner$2.evaluate(ParentRunner.java:184)
	at org.junit.internal.runners.statements.RunAfters.evaluate(RunAfters.java:31)
	at org.junit.runners.ParentRunner.run(ParentRunner.java:236)
	at org.junit.runners.Suite.runChild(Suite.java:128)
	at org.junit.runners.Suite.runChild(Suite.java:24)
	at org.junit.runners.ParentRunner$3.run(ParentRunner.java:193)
	at org.junit.runners.ParentRunner$1.schedule(ParentRunner.java:52)
	at org.junit.runners.ParentRunner.runChildren(ParentRunner.java:191)
	at org.junit.runners.ParentRunner.access$000(ParentRunner.java:42)
	at org.junit.runners.ParentRunner$2.evaluate(ParentRunner.java:184)
	at org.junit.runners.ParentRunner.run(ParentRunner.java:236)
	at junit.framework.JUnit4TestAdapter.run(JUnit4TestAdapter.java:39)
	at org.apache.tools.ant.taskdefs.optional.junit.JUnitTestRunner.run(JUnitTestRunner.java:535)
	at org.apache.tools.ant.taskdefs.optional.junit.JUnitTestRunner.launch(JUnitTestRunner.java:1182)
	at org.apache.tools.ant.taskdefs.optional.junit.JUnitTestRunner.main(JUnitTestRunner.java:1033)
Caused by: /home/travis/build/icyphy/ptII/ptolemy/actor/lib/jjs/external/require.js:376:12 require() failed to find matching file for module 'base64-js' in working directory '/home/travis/build/icyphy/ptII/ptolemy/actor/lib/jjs'  and not found in paths ["/home/travis/build/icyphy/ptII/ptolemy/actor/lib/jjs/","/home/travis/build/icyphy/ptII/ptolemy/actor/lib/jjs/modules/","/home/travis/build/icyphy/ptII/ptolemy/actor/lib/jjs/node/","/home/travis/build/icyphy/ptII/ptolemy/actor/lib/jjs/node_modules/","/home/travis/build/icyphy/ptII/org/terraswarm/accessor/accessors/web/hosts/","/home/travis/build/icyphy/ptII/org/terraswarm/accessor/accessors/web/","/home/travis/build/icyphy/ptII/org/terraswarm/accessor/accessors/web/hosts/common/modules/"]
	at jdk.nashorn.internal.runtime.ECMAException.create(ECMAException.java:113)
	at jdk.nashorn.internal.scripts.Script$Recompilation$17652$16305AAA$require.L:45#_require(/home/travis/build/icyphy/ptII/ptolemy/actor/lib/jjs/external/require.js:376)
	at jdk.nashorn.internal.scripts.Script$Recompilation$17651$20040A$require.L:45#_requireClosure#L:449(/home/travis/build/icyphy/ptII/ptolemy/actor/lib/jjs/external/require.js:450)
	at jdk.nashorn.internal.scripts.Script$Recompilation$17683$183AAAAAAAAAAAAAA$\^function\_.L:1(&lt;function&gt;:71)
	at jdk.nashorn.internal.scripts.Script$Recompilation$17670$18291AAAAAA$require.L:1#Accessor(/home/travis/build/icyphy/ptII/ptolemy/actor/lib/jjs/external/require.js#409:30&lt;eval&gt;:548)
	at jdk.nashorn.internal.scripts.Script$Recompilation$17679$118959AAAAAA$require.L:1#instantiateAccessor(/home/travis/build/icyphy/ptII/ptolemy/actor/lib/jjs/external/require.js#409:30&lt;eval&gt;:2754)
	at jdk.nashorn.internal.scripts.Script$Recompilation$17678$55578A$require.L:1#extend(/home/travis/build/icyphy/ptII/ptolemy/actor/lib/jjs/external/require.js#409:30&lt;eval&gt;:1235)
	at jdk.nashorn.internal.scripts.Script$Recompilation$17677$2155$\^function\_.L:1#setup(&lt;function&gt;:40)
	at jdk.nashorn.internal.scripts.Script$Recompilation$17670$18291AAAAAA$require.L:1#Accessor(/home/travis/build/icyphy/ptII/ptolemy/actor/lib/jjs/external/require.js#409:30&lt;eval&gt;:595)
	at jdk.nashorn.internal.scripts.Script$Recompilation$17669$2858AAA$\^eval\_.evaluateCode(&lt;eval&gt;:96)
	at jdk.nashorn.internal.runtime.ScriptFunctionData.invoke(ScriptFunctionData.java:643)
	at jdk.nashorn.internal.runtime.ScriptFunction.invoke(ScriptFunction.java:494)
	at jdk.nashorn.internal.runtime.ScriptRuntime.apply(ScriptRuntime.java:393)
	at jdk.nashorn.api.scripting.ScriptObjectMirror.callMember(ScriptObjectMirror.java:199)
	at jdk.nashorn.api.scripting.NashornScriptEngine.invokeImpl(NashornScriptEngine.java:386)
	... 95 more
</pre>
</body>
</html>
