<html xmlns:string="xalan://java.lang.String" xmlns:lxslt="http://xml.apache.org/xslt">
    <head>
        <META http-equiv="Content-Type" content="text/html; charset=UTF-8">
        <title>Standard Output from JUnitTclTest</title>
    </head>
    <body>
        <pre>No tcl tests in /home/travis/build/icyphy/ptII/ptolemy/actor/lib/jjs/modules/testing/test
No auto/knownFailedTests/*.xml tests in /home/travis/build/icyphy/ptII/ptolemy/actor/lib/jjs/modules/testing/test
No auto/linux-amd64/*.xml tests in /home/travis/build/icyphy/ptII/ptolemy/actor/lib/jjs/modules/testing/test
AutoTests.java: About to close Vertx.
AutoTests.java: Vertx closed.

===========================================================================================
----------------- testing Sat May 23 14:14:12 UTC 2020 /home/travis/build/icyphy/ptII/ptolemy/actor/lib/jjs/modules/testing/test/auto/TestNestedSuites.xml
----------------- Sat May 23 14:14:12 UTC 2020 About to sleep for 5.0 seconds before running or rerunning.  Test is: /home/travis/build/icyphy/ptII/ptolemy/actor/lib/jjs/modules/testing/test/auto/TestNestedSuites.xml
Done sleeping
----------------- Instantiating /home/travis/build/icyphy/ptII/ptolemy/actor/lib/jjs/modules/testing/test/auto/TestNestedSuites.xml
JSAccessor: PT_NO_NET environment variable is set, so git pull and ptdoc are not being run.
Manager.initialize() finished: 10109 ms. Memory: 387072K Free: 165521K (43%)
MochaTest: &lt;?xml version="1.0" encoding="UTF-8"?&gt;
 &lt;testsuites&gt;
 &lt;testsuite name="Root Suite" tests="0"&gt;
 &lt;testsuite name="Outer suite" tests="2"&gt;
 &lt;testcase name="Passing outer" &gt; &lt;/testcase&gt;
 &lt;testcase name="Failing outer" &gt; &lt;failure message="AssertionError: expected 0 to equal 1"/&gt; &lt;/testcase&gt;
 &lt;testsuite name="Inner suite 1" tests="2"&gt;
 &lt;testcase name="Passing inner 1" &gt; &lt;/testcase&gt;
 &lt;testcase name="Failing inner 1" &gt; &lt;failure message="AssertionError: expected 0 to equal 1"/&gt; &lt;/testcase&gt;
 &lt;testsuite name="Inner suite 1.1" tests="2"&gt;
 &lt;testcase name="Passing inner 1.1" &gt; &lt;/testcase&gt;
 &lt;testcase name="Failing inner 1.1" &gt; &lt;failure message="AssertionError: expected 0 to equal 1"/&gt; &lt;/testcase&gt;
 &lt;/testsuite&gt;
 &lt;testsuite name="Inner suite 1.2" tests="2"&gt;
 &lt;testcase name="Passing inner 1.2" &gt; &lt;/testcase&gt;
 &lt;testcase name="Failing inner 1.2" &gt; &lt;failure message="AssertionError: expected 0 to equal 1"/&gt; &lt;/testcase&gt;
 &lt;testsuite name="Inner suite 1.2.1" tests="2"&gt;
 &lt;testcase name="Passing inner 1.2.1" &gt; &lt;/testcase&gt;
 &lt;testcase name="Failing inner 1.2.1" &gt; &lt;failure message="AssertionError: expected 0 to equal 1"/&gt; &lt;/testcase&gt;
 &lt;/testsuite&gt;
 &lt;/testsuite&gt;
 &lt;/testsuite&gt;
 &lt;testsuite name="Inner suite 2" tests="2"&gt;
 &lt;testcase name="Passing inner 2" &gt; &lt;/testcase&gt;
 &lt;testcase name="Failing inner 2" &gt; &lt;failure message="AssertionError: expected 0 to equal 1"/&gt; &lt;/testcase&gt;
 &lt;/testsuite&gt;
 &lt;/testsuite&gt;
 &lt;/testsuite&gt;
 &lt;/testsuites&gt;
 (Thread[TestNestedSuites,1,main])
11702 ms. Memory: 553984K Free: 383633K (69%)
----------------- Invoking toplevel() on ptolemy.moml.MoMLSimpleApplication@45adcc64
----------------- Done invoking toplevel() on ptolemy.moml.MoMLSimpleApplication@45adcc64
reloadAllAccessors: .TestNestedSuites
This is the first time that the reloadAllAccessors method has been invoked in this JVM, so the the accessors repo will be checked out or updated and JSDoc invoked. Note that running the tests may end up invoking a new JVM for each directory, so the repo may be checked out or updated and JSDoc invoked more than once when the tests are run.
-------------- Reloaded accessors, but skipping rerun for now. Sat May 23 14:14:41 UTC 2020 /home/travis/build/icyphy/ptII/ptolemy/actor/lib/jjs/modules/testing/test/auto/TestNestedSuites.xml

===========================================================================================
----------------- testing Sat May 23 14:14:41 UTC 2020 /home/travis/build/icyphy/ptII/ptolemy/actor/lib/jjs/modules/testing/test/auto/Testing.xml
----------------- Sat May 23 14:14:41 UTC 2020 About to sleep for 5.0 seconds before running or rerunning.  Test is: /home/travis/build/icyphy/ptII/ptolemy/actor/lib/jjs/modules/testing/test/auto/Testing.xml
Done sleeping
----------------- Instantiating /home/travis/build/icyphy/ptII/ptolemy/actor/lib/jjs/modules/testing/test/auto/Testing.xml
MochaTest: Start of Common host: Basic (Thread[Testing,1,main])
MochaTest: End of Common host: Basic (Thread[Testing,1,main])
MochaTest: Start of Common host: Composite accessors (Thread[Testing,1,main])
MochaTest: Start of Common host: Spontaneous accessors (Thread[Testing,1,main])
MochaTest: Start of Common host: Spontaneous accessors (Thread[Testing,1,main])
MochaTest: Before Spontaneous accessor produces correct outputs after 1 and 2 seconds. (Thread[Testing,1,main])
MochaTest: After Spontaneous accessor produces correct outputs after 1 and 2 seconds. (Thread[Testing,1,main])
MochaTest: End of Common host: Spontaneous accessors (Thread[Testing,1,main])
MochaTest: Start of Common host: Inheritance (Thread[Testing,1,main])
MochaTest: End of Common host: Inheritance (Thread[Testing,1,main])
MochaTest: Instance of TestAccessor: [Circular]
Tests: (Thread[Testing,1,main])
MochaTest: TestAccessor.fire() invoked. (Thread[Testing,1,main])
MochaTest: TestAdder: fire(): inputLeft: 10 inputRight: 40 (Thread[Testing,1,main])
MochaTest: TestAdder: fire(): inputLeft: 5 inputRight: 20 (Thread[Testing,1,main])
MochaTest: TestAdder: fire(): inputLeft: 0 inputRight: 0 (Thread[Testing,1,main])
MochaTest: TestAccessor.fire() invoked. (Thread[Testing,1,main])
MochaTest: &lt;?xml version="1.0" encoding="UTF-8"?&gt;
 &lt;testsuites&gt;
 &lt;testsuite name="Root Suite" tests="0"&gt;
 &lt;testsuite name="Common host: Basic" tests="7"&gt;
 &lt;testcase name="this.getParameter() returns default value." &gt; &lt;/testcase&gt;
 &lt;testcase name="this.getParameter() returns value set by this.setParameter()." &gt; &lt;/testcase&gt;
 &lt;testcase name="this.get() returns default value." &gt; &lt;/testcase&gt;
 &lt;testcase name="this.get() returns null if no input yet provided." &gt; &lt;/testcase&gt;
 &lt;testcase name="this.get() returns null if no input yet provided but type being boolean." &gt; &lt;/testcase&gt;
 &lt;testcase name="this.get() returns value provided by provideInput()." &gt; &lt;/testcase&gt;
 &lt;testcase name="latestOutput contains value provided by inputHandlers and send()." &gt; &lt;/testcase&gt;
 &lt;/testsuite&gt;
 &lt;testsuite name="Common host: Composite accessors" tests="2"&gt;
 &lt;testcase name="Composite accessor produces correct output when manually scheduled." &gt; &lt;/testcase&gt;
 &lt;testcase name="Composite accessor produces correct output when automatically scheduled." &gt; &lt;failure message="AssertionError: expected 0 to equal 25"/&gt; &lt;/testcase&gt;
 &lt;/testsuite&gt;
 &lt;testsuite name="Common host: Spontaneous accessors" tests="2"&gt;
 &lt;testcase name="Spontaneous accessor produces correct outputs after 1 and 2 seconds." &gt; &lt;/testcase&gt;
 &lt;testcase name="Composite spontaneous accessor produces correct outputs after 1 and 2 seconds." &gt; &lt;/testcase&gt;
 &lt;/testsuite&gt;
 &lt;testsuite name="Common host: Inheritance" tests="4"&gt;
 &lt;testcase name="Inheritance, function overriding, and variable visiility should work properly." &gt; &lt;/testcase&gt;
 &lt;testcase name="Implementing an interface should work properly." &gt; &lt;/testcase&gt;
 &lt;testcase name="Exported fields of base classes can be accessed and initialize() is properly scoped." &gt; &lt;/testcase&gt;
 &lt;testcase name="Two-level inheritance should work properly." &gt; &lt;/testcase&gt;
 &lt;/testsuite&gt;
 &lt;/testsuite&gt;
 &lt;/testsuites&gt;
 (Thread[Testing,1,main])
22308 ms. Memory: 663552K Free: 509440K (77%)
----------------- Invoking toplevel() on ptolemy.moml.MoMLSimpleApplication@326bc67d
----------------- Done invoking toplevel() on ptolemy.moml.MoMLSimpleApplication@326bc67d
reloadAllAccessors: .Testing
-------------- Reloaded accessors, but skipping rerun for now. Sat May 23 14:15:15 UTC 2020 /home/travis/build/icyphy/ptII/ptolemy/actor/lib/jjs/modules/testing/test/auto/Testing.xml
AutoTests.java: About to close Vertx.
AutoTests.java: Vertx closed.
</pre>
    </body>
</html>
