<html xmlns:string="xalan://java.lang.String" xmlns:lxslt="http://xml.apache.org/xslt">
    <head>
        <META http-equiv="Content-Type" content="text/html; charset=UTF-8">
        <title>Standard Error from JUnitTclTest</title>
    </head>
    <body>
        <pre>Loading class `com.mysql.jdbc.Driver'. This is deprecated. The new driver class is `com.mysql.cj.jdbc.Driver'. The driver is automatically registered via the SPI and manual loading of the driver class is generally unnecessary.
Loaded /home/travis/build/icyphy/ptII/vendors/javafx/javafx-sdk-11.0.2/lib/./libprism_es2.so from relative path
Failed Graphics Hardware Qualifier check.
System GPU doesn't meet the es2 pipe requirement
GraphicsPipeline.createPipeline: error initializing pipeline com.sun.prism.es2.ES2Pipeline
*** Fallback to Prism SW pipeline
Loaded /home/travis/build/icyphy/ptII/vendors/javafx/javafx-sdk-11.0.2/lib/./libprism_sw.so from relative path
JavaFX: using com.sun.javafx.tk.quantum.QuantumToolkit
Loaded /home/travis/build/icyphy/ptII/vendors/javafx/javafx-sdk-11.0.2/lib/./libglass.so from relative path
Loaded /home/travis/build/icyphy/ptII/vendors/javafx/javafx-sdk-11.0.2/lib/./libglassgtk3.so from relative path
 vsync: true vpipe: false
[main] INFO com.github.sarxos.webcam.Webcam - WebcamDefaultDriver capture driver will be used
Loading accessor failed: ComputerVision.js
ptolemy.kernel.util.IllegalActionException: Error evaluating expression:
// A computer vision accessor.
...
  in .configuration.actor library.MoreLibraries.Accessors.image.ComputerVision.script
Because:
Failed to evaluate script.
  in .configuration.actor library.MoreLibraries.Accessors.image.ComputerVision
Because:
Error: Error executing module @accessors-modules/computer-vision line #89 : Could not find the org.ptolemy.opencv.ComputerVision class, perhaps OpenCV was not installed. The OpenCV API can be downloaded from http://opencv.org.  Under Mac OS X, try:  :sudo port install opencv +python27 +java".See org/ptolemy/opencv/package.html for installation help.
In file: /home/travis/build/icyphy/ptII/ptolemy/actor/lib/jjs/modules/computerVision/computerVision.js
Error: Could not find the org.ptolemy.opencv.ComputerVision class, perhaps OpenCV was not installed. The OpenCV API can be downloaded from http://opencv.org.  Under Mac OS X, try:  :sudo port install opencv +python27 +java".See org/ptolemy/opencv/package.html for installation help.
	at &lt;anonymous&gt; (/home/travis/build/icyphy/ptII/ptolemy/actor/lib/jjs/external/require.js#409:30&lt;eval&gt;:89)
	at _require (/home/travis/build/icyphy/ptII/ptolemy/actor/lib/jjs/external/require.js:429)
	at &lt;anonymous&gt; (/home/travis/build/icyphy/ptII/ptolemy/actor/lib/jjs/external/require.js:467)
	at &lt;anonymous&gt; (&lt;function&gt;:62)
	at Accessor (/home/travis/build/icyphy/ptII/ptolemy/actor/lib/jjs/external/require.js#409:30&lt;eval&gt;:545)
	at evaluateCode (&lt;eval&gt;:96) in /home/travis/build/icyphy/ptII/ptolemy/actor/lib/jjs/external/require.js at line number 454 at column number 12
  in .configuration.actor library.MoreLibraries.Accessors.image.ComputerVision.script
Because:
Error evaluating expression:
// A computer vision accessor.
...
  in .configuration.actor library.MoreLibraries.Accessors.image.ComputerVision.script
Because:
Failed to evaluate script.
  in .configuration.actor library.MoreLibraries.Accessors.image.ComputerVision
Because:
Error: Error executing module @accessors-modules/computer-vision line #89 : Could not find the org.ptolemy.opencv.ComputerVision class, perhaps OpenCV was not installed. The OpenCV API can be downloaded from http://opencv.org.  Under Mac OS X, try:  :sudo port install opencv +python27 +java".See org/ptolemy/opencv/package.html for installation help.
In file: /home/travis/build/icyphy/ptII/ptolemy/actor/lib/jjs/modules/computerVision/computerVision.js
Error: Could not find the org.ptolemy.opencv.ComputerVision class, perhaps OpenCV was not installed. The OpenCV API can be downloaded from http://opencv.org.  Under Mac OS X, try:  :sudo port install opencv +python27 +java".See org/ptolemy/opencv/package.html for installation help.
	at &lt;anonymous&gt; (/home/travis/build/icyphy/ptII/ptolemy/actor/lib/jjs/external/require.js#409:30&lt;eval&gt;:89)
	at _require (/home/travis/build/icyphy/ptII/ptolemy/actor/lib/jjs/external/require.js:429)
	at &lt;anonymous&gt; (/home/travis/build/icyphy/ptII/ptolemy/actor/lib/jjs/external/require.js:467)
	at &lt;anonymous&gt; (&lt;function&gt;:62)
	at Accessor (/home/travis/build/icyphy/ptII/ptolemy/actor/lib/jjs/external/require.js#409:30&lt;eval&gt;:545)
	at evaluateCode (&lt;eval&gt;:96) in /home/travis/build/icyphy/ptII/ptolemy/actor/lib/jjs/external/require.js at line number 454 at column number 12
RecorderMessageHandler: Failed to populate library. ptolemy.kernel.util.InternalErrorException: Loading accessor failed: ComputerVision.js
  in .configuration.actor library.MoreLibraries.Accessors.image
Because:
Error evaluating expression:
// A computer vision accessor.
...
  in .configuration.actor library.MoreLibraries.Accessors.image.ComputerVision.script
Because:
Failed to evaluate script.
  in .configuration.actor library.MoreLibraries.Accessors.image.ComputerVision
Because:
Error: Error executing module @accessors-modules/computer-vision line #89 : Could not find the org.ptolemy.opencv.ComputerVision class, perhaps OpenCV was not installed. The OpenCV API can be downloaded from http://opencv.org.  Under Mac OS X, try:  :sudo port install opencv +python27 +java".See org/ptolemy/opencv/package.html for installation help.
In file: /home/travis/build/icyphy/ptII/ptolemy/actor/lib/jjs/modules/computerVision/computerVision.js
Error: Could not find the org.ptolemy.opencv.ComputerVision class, perhaps OpenCV was not installed. The OpenCV API can be downloaded from http://opencv.org.  Under Mac OS X, try:  :sudo port install opencv +python27 +java".See org/ptolemy/opencv/package.html for installation help.
	at &lt;anonymous&gt; (/home/travis/build/icyphy/ptII/ptolemy/actor/lib/jjs/external/require.js#409:30&lt;eval&gt;:89)
	at _require (/home/travis/build/icyphy/ptII/ptolemy/actor/lib/jjs/external/require.js:429)
	at &lt;anonymous&gt; (/home/travis/build/icyphy/ptII/ptolemy/actor/lib/jjs/external/require.js:467)
	at &lt;anonymous&gt; (&lt;function&gt;:62)
	at Accessor (/home/travis/build/icyphy/ptII/ptolemy/actor/lib/jjs/external/require.js#409:30&lt;eval&gt;:545)
	at evaluateCode (&lt;eval&gt;:96) in /home/travis/build/icyphy/ptII/ptolemy/actor/lib/jjs/external/require.js at line number 454 at column number 12
  in .configuration.actor library.MoreLibraries.Accessors.image.ComputerVision.script
Because:
Error evaluating expression:
// A computer vision accessor.
...
  in .configuration.actor library.MoreLibraries.Accessors.image.ComputerVision.script
Because:
Failed to evaluate script.
  in .configuration.actor library.MoreLibraries.Accessors.image.ComputerVision
Because:
Error: Error executing module @accessors-modules/computer-vision line #89 : Could not find the org.ptolemy.opencv.ComputerVision class, perhaps OpenCV was not installed. The OpenCV API can be downloaded from http://opencv.org.  Under Mac OS X, try:  :sudo port install opencv +python27 +java".See org/ptolemy/opencv/package.html for installation help.
In file: /home/travis/build/icyphy/ptII/ptolemy/actor/lib/jjs/modules/computerVision/computerVision.js
Error: Could not find the org.ptolemy.opencv.ComputerVision class, perhaps OpenCV was not installed. The OpenCV API can be downloaded from http://opencv.org.  Under Mac OS X, try:  :sudo port install opencv +python27 +java".See org/ptolemy/opencv/package.html for installation help.
	at &lt;anonymous&gt; (/home/travis/build/icyphy/ptII/ptolemy/actor/lib/jjs/external/require.js#409:30&lt;eval&gt;:89)
	at _require (/home/travis/build/icyphy/ptII/ptolemy/actor/lib/jjs/external/require.js:429)
	at &lt;anonymous&gt; (/home/travis/build/icyphy/ptII/ptolemy/actor/lib/jjs/external/require.js:467)
	at &lt;anonymous&gt; (&lt;function&gt;:62)
	at Accessor (/home/travis/build/icyphy/ptII/ptolemy/actor/lib/jjs/external/require.js#409:30&lt;eval&gt;:545)
	at evaluateCode (&lt;eval&gt;:96) in /home/travis/build/icyphy/ptII/ptolemy/actor/lib/jjs/external/require.js at line number 454 at column number 12
</pre>
    </body>
</html>
