<html xmlns:string="xalan://java.lang.String" xmlns:lxslt="http://xml.apache.org/xslt">
<head>
<META http-equiv="Content-Type" content="text/html; charset=UTF-8">
<title>Standard Error from JUnitTclTest</title>
</head>
<body>
<pre>[main] INFO com.github.sarxos.webcam.Webcam - WebcamDefaultDriver capture driver will be used
Loading accessor failed: HostCompatability.js
ptolemy.kernel.util.IllegalActionException: Error evaluating expression:
/** Check Host Compatability of an accessor by performing 
...
  in .configuration.actor library.MoreLibraries.Accessors.services.HostCompatability.script
Because:
Failed to evaluate script.
  in .configuration.actor library.MoreLibraries.Accessors.services.HostCompatability
Because:
require() failed to find matching file for module 'base64-js' in working directory '/home/travis/build/icyphy/ptII/ptolemy/actor/lib/jjs'  and not found in paths ["/home/travis/build/icyphy/ptII/ptolemy/actor/lib/jjs/","/home/travis/build/icyphy/ptII/ptolemy/actor/lib/jjs/modules/","/home/travis/build/icyphy/ptII/ptolemy/actor/lib/jjs/node/","/home/travis/build/icyphy/ptII/ptolemy/actor/lib/jjs/node_modules/","/home/travis/build/icyphy/ptII/org/terraswarm/accessor/accessors/web/hosts/","/home/travis/build/icyphy/ptII/org/terraswarm/accessor/accessors/web/","/home/travis/build/icyphy/ptII/org/terraswarm/accessor/accessors/web/hosts/common/modules/"] in /home/travis/build/icyphy/ptII/ptolemy/actor/lib/jjs/external/require.js at line number 376 at column number 12
  in .configuration.actor library.MoreLibraries.Accessors.services.HostCompatability.script
Because:
Error evaluating expression:
/** Check Host Compatability of an accessor by performing 
...
  in .configuration.actor library.MoreLibraries.Accessors.services.HostCompatability.script
Because:
Failed to evaluate script.
  in .configuration.actor library.MoreLibraries.Accessors.services.HostCompatability
Because:
require() failed to find matching file for module 'base64-js' in working directory '/home/travis/build/icyphy/ptII/ptolemy/actor/lib/jjs'  and not found in paths ["/home/travis/build/icyphy/ptII/ptolemy/actor/lib/jjs/","/home/travis/build/icyphy/ptII/ptolemy/actor/lib/jjs/modules/","/home/travis/build/icyphy/ptII/ptolemy/actor/lib/jjs/node/","/home/travis/build/icyphy/ptII/ptolemy/actor/lib/jjs/node_modules/","/home/travis/build/icyphy/ptII/org/terraswarm/accessor/accessors/web/hosts/","/home/travis/build/icyphy/ptII/org/terraswarm/accessor/accessors/web/","/home/travis/build/icyphy/ptII/org/terraswarm/accessor/accessors/web/hosts/common/modules/"] in /home/travis/build/icyphy/ptII/ptolemy/actor/lib/jjs/external/require.js at line number 376 at column number 12
RecorderMessageHandler: Failed to populate library. ptolemy.kernel.util.InternalErrorException: Loading accessor failed: HostCompatability.js
  in .configuration.actor library.MoreLibraries.Accessors.services
Because:
Error evaluating expression:
/** Check Host Compatability of an accessor by performing 
...
  in .configuration.actor library.MoreLibraries.Accessors.services.HostCompatability.script
Because:
Failed to evaluate script.
  in .configuration.actor library.MoreLibraries.Accessors.services.HostCompatability
Because:
require() failed to find matching file for module 'base64-js' in working directory '/home/travis/build/icyphy/ptII/ptolemy/actor/lib/jjs'  and not found in paths ["/home/travis/build/icyphy/ptII/ptolemy/actor/lib/jjs/","/home/travis/build/icyphy/ptII/ptolemy/actor/lib/jjs/modules/","/home/travis/build/icyphy/ptII/ptolemy/actor/lib/jjs/node/","/home/travis/build/icyphy/ptII/ptolemy/actor/lib/jjs/node_modules/","/home/travis/build/icyphy/ptII/org/terraswarm/accessor/accessors/web/hosts/","/home/travis/build/icyphy/ptII/org/terraswarm/accessor/accessors/web/","/home/travis/build/icyphy/ptII/org/terraswarm/accessor/accessors/web/hosts/common/modules/"] in /home/travis/build/icyphy/ptII/ptolemy/actor/lib/jjs/external/require.js at line number 376 at column number 12
  in .configuration.actor library.MoreLibraries.Accessors.services.HostCompatability.script
Because:
Error evaluating expression:
/** Check Host Compatability of an accessor by performing 
...
  in .configuration.actor library.MoreLibraries.Accessors.services.HostCompatability.script
Because:
Failed to evaluate script.
  in .configuration.actor library.MoreLibraries.Accessors.services.HostCompatability
Because:
require() failed to find matching file for module 'base64-js' in working directory '/home/travis/build/icyphy/ptII/ptolemy/actor/lib/jjs'  and not found in paths ["/home/travis/build/icyphy/ptII/ptolemy/actor/lib/jjs/","/home/travis/build/icyphy/ptII/ptolemy/actor/lib/jjs/modules/","/home/travis/build/icyphy/ptII/ptolemy/actor/lib/jjs/node/","/home/travis/build/icyphy/ptII/ptolemy/actor/lib/jjs/node_modules/","/home/travis/build/icyphy/ptII/org/terraswarm/accessor/accessors/web/hosts/","/home/travis/build/icyphy/ptII/org/terraswarm/accessor/accessors/web/","/home/travis/build/icyphy/ptII/org/terraswarm/accessor/accessors/web/hosts/common/modules/"] in /home/travis/build/icyphy/ptII/ptolemy/actor/lib/jjs/external/require.js at line number 376 at column number 12
</pre>
</body>
</html>
