<html xmlns:string="xalan://java.lang.String" xmlns:lxslt="http://xml.apache.org/xslt">
<head>
<META http-equiv="Content-Type" content="text/html; charset=UTF-8">
<title>Unit Test Results: All Failures</title>
<link rel="stylesheet" type="text/css" title="Style" href="stylesheet.css">
</head>
<body onload="open('allclasses-frame.html','classListFrame')">
<h1>Unit Test Results.</h1>
<table width="100%">
<tr>
<td align="left"></td><td align="right">Designed for use with <a href="http://www.junit.org/">JUnit</a> and <a href="http://ant.apache.org/">Ant</a>.</td>
</tr>
</table>
<hr size="1">
<h2>All Failures</h2>
<table class="details" border="0" cellpadding="5" cellspacing="2" width="95%">
<tr valign="top">
<th>Class</th><th>Name</th><th>Status</th><th width="80%">Type</th><th nowrap>Time(s)</th>
</tr>
<tr valign="top" class="Failure">
<td><a href="ptolemy/cg/lib/test/junit/103_JUnitTclTest.html">JUnitTclTest</a></td><td><a name="[0] /home/travis/build/icyphy/ptII/ptolemy/cg/lib/test/ModularCodeGenTypedCompositeActor.tcl (RunTclFile)"></a><a href="ptolemy/cg/lib/test/junit/103_JUnitTclTest.html#[0] /home/travis/build/icyphy/ptII/ptolemy/cg/lib/test/ModularCodeGenTypedCompositeActor.tcl (RunTclFile)">[0] /home/travis/build/icyphy/ptII/ptolemy/cg/lib/test/ModularCodeGenTypedCompositeActor.tcl (RunTclFile)</a></td><td>Failure</td><td>Number of failed tests is has increased. expected:&lt;0&gt; but was:&lt;1&gt;<br>
<br>
<code>junit.framework.AssertionFailedError: Number of failed tests is has increased. expected:&lt;0&gt; but was:&lt;1&gt;<br>	at ptolemy.util.test.junit.TclTests.RunTclFile(TclTests.java:286)<br>	at junitparams.internal.InvokeParameterisedMethod.evaluate(InvokeParameterisedMethod.java:102)<br>	at junitparams.internal.ParameterisedTestMethodRunner.runMethodInvoker(ParameterisedTestMethodRunner.java:47)<br>	at junitparams.internal.ParameterisedTestMethodRunner.runTestMethod(ParameterisedTestMethodRunner.java:41)<br>	at junitparams.internal.ParameterisedTestClassRunner.runParameterisedTest(ParameterisedTestClassRunner.java:143)<br>	at junitparams.JUnitParamsRunner.runChild(JUnitParamsRunner.java:237)<br>	at junitparams.JUnitParamsRunner.runChild(JUnitParamsRunner.java:215)<br>
</code></td><td>7.786</td>
</tr>
<tr valign="top" class="Failure">
<td><a href="ptolemy/configs/test/junit/105_JUnitTclTest.html">JUnitTclTest</a></td><td><a name="[5] /home/travis/build/icyphy/ptII/ptolemy/configs/test/missingDemos.tcl (RunTclFile)"></a><a href="ptolemy/configs/test/junit/105_JUnitTclTest.html#[5] /home/travis/build/icyphy/ptII/ptolemy/configs/test/missingDemos.tcl (RunTclFile)">[5] /home/travis/build/icyphy/ptII/ptolemy/configs/test/missingDemos.tcl (RunTclFile)</a></td><td>Failure</td><td>Number of failed tests is has increased. expected:&lt;0&gt; but was:&lt;1&gt;<br>
<br>
<code>junit.framework.AssertionFailedError: Number of failed tests is has increased. expected:&lt;0&gt; but was:&lt;1&gt;<br>	at ptolemy.util.test.junit.TclTests.RunTclFile(TclTests.java:286)<br>	at junitparams.internal.InvokeParameterisedMethod.evaluate(InvokeParameterisedMethod.java:102)<br>	at junitparams.internal.ParameterisedTestMethodRunner.runMethodInvoker(ParameterisedTestMethodRunner.java:47)<br>	at junitparams.internal.ParameterisedTestMethodRunner.runTestMethod(ParameterisedTestMethodRunner.java:41)<br>	at junitparams.internal.ParameterisedTestClassRunner.runParameterisedTest(ParameterisedTestClassRunner.java:143)<br>	at junitparams.JUnitParamsRunner.runChild(JUnitParamsRunner.java:237)<br>	at junitparams.JUnitParamsRunner.runChild(JUnitParamsRunner.java:215)<br>
</code></td><td>150.966</td>
</tr>
<tr valign="top" class="Failure">
<td><a href="ptolemy/configs/test/junit/105_JUnitTclTest.html">JUnitTclTest</a></td><td><a name="[6] /home/travis/build/icyphy/ptII/ptolemy/configs/test/validDemos.tcl (RunTclFile)"></a><a href="ptolemy/configs/test/junit/105_JUnitTclTest.html#[6] /home/travis/build/icyphy/ptII/ptolemy/configs/test/validDemos.tcl (RunTclFile)">[6] /home/travis/build/icyphy/ptII/ptolemy/configs/test/validDemos.tcl (RunTclFile)</a></td><td>Failure</td><td>Number of failed tests is has increased. expected:&lt;1&gt; but was:&lt;2&gt;<br>
<br>
<code>junit.framework.AssertionFailedError: Number of failed tests is has increased. expected:&lt;1&gt; but was:&lt;2&gt;<br>	at ptolemy.util.test.junit.TclTests.RunTclFile(TclTests.java:286)<br>	at junitparams.internal.InvokeParameterisedMethod.evaluate(InvokeParameterisedMethod.java:102)<br>	at junitparams.internal.ParameterisedTestMethodRunner.runMethodInvoker(ParameterisedTestMethodRunner.java:47)<br>	at junitparams.internal.ParameterisedTestMethodRunner.runTestMethod(ParameterisedTestMethodRunner.java:41)<br>	at junitparams.internal.ParameterisedTestClassRunner.runParameterisedTest(ParameterisedTestClassRunner.java:143)<br>	at junitparams.JUnitParamsRunner.runChild(JUnitParamsRunner.java:237)<br>	at junitparams.JUnitParamsRunner.runChild(JUnitParamsRunner.java:215)<br>
</code></td><td>122.769</td>
</tr>
<tr valign="top" class="Failure">
<td><a href="ptolemy/vergil/basic/export/test/junit/209_ExportModelJUnitTestBatch1.html">ExportModelJUnitTestBatch1</a></td><td><a name="[60] org/terraswarm/accessor/demo/SemanticRepository/SemanticYelpSensorUpdateExample.xml (RunExportModel)"></a><a href="ptolemy/vergil/basic/export/test/junit/209_ExportModelJUnitTestBatch1.html#[60] org/terraswarm/accessor/demo/SemanticRepository/SemanticYelpSensorUpdateExample.xml (RunExportModel)">[60] org/terraswarm/accessor/demo/SemanticRepository/SemanticYelpSensorUpdateExample.xml (RunExportModel)</a></td><td>Failure</td><td>Exporting HTML for org/terraswarm/accessor/demo/SemanticRepository/SemanticYelpSensorUpdateExample.xml failed: 
java.lang.reflect.InvocationTargetException
	at java.awt.EventQueue.invokeAndWait(EventQueue.java:1321)
	at java.awt.EventQueue.invokeAndWait(EventQueue.java:1296)
	at javax.swing.SwingUtilities.invokeAndWait(SwingUtilities.java:1348)
	at ptolemy.vergil.basic.export.ExportModel.exportModel(ExportModel.java:401)
	at ptolemy.vergil.basic.export.test.junit.ExportModelJUnitTest.RunExportModel(ExportModelJUnitTest.java:153)
	at ptolemy.vergil.basic.export.test.junit.ExportModelJUnitTestBatch.RunExportModel(ExportModelJUnitTestBatch.java:84)
	at sun.reflect.GeneratedMethodAccessor21.invoke(Unknown Source)
	at sun.reflect.DelegatingMethodAccessorImpl.invoke(DelegatingMethodAccessorImpl.java:43)
	at java.lang.reflect.Method.invoke(Method.java:498)
	at org.junit.runners.model.FrameworkMethod$1.runReflectiveCall(FrameworkMethod.java:44)
	at org.junit.internal.runners.model.ReflectiveCallable.run(ReflectiveCallable.java:15)
	at org.junit.runners.model.FrameworkMethod.invokeExplosively(FrameworkMethod.java:41)
	at junitparams.internal.InvokeParameterisedMethod.evaluate(InvokeParameterisedMethod.java:102)
	at junitparams.internal.ParameterisedTestMethodRunner.runMethodInvoker(ParameterisedTestMethodRunner.java:47)
	at junitparams.internal.ParameterisedTestMethodRunner.runTestMethod(ParameterisedTestMethodRunner.java:41)
	at junitparams.internal.ParameterisedTestClassRunner.runParameterisedTest(ParameterisedTestClassRunner.java:143)
	at junitparams.JUnitParamsRunner.runChild(JUnitParamsRunner.java:237)
	at junitparams.JUnitParamsRunner.runChild(JUnitParamsRunner.java:215)
	at org.junit.runners.ParentRunner$3.run(ParentRunner.java:193)
	at org.junit.runners.ParentRunner$1.schedule(ParentRunner.java:52)
	at org.junit.runners.ParentRunner.runChildren(ParentRunner.java:191)
	at org.junit.runners.ParentRunner.access$000(ParentRunner.java:42)
	at org.junit.runners.ParentRunner$2.evaluate(ParentRunner.java:184)
	at org.junit.runners.ParentRunner.run(ParentRunner.java:236)
	at junit.framework.JUnit4TestAdapter.run(JUnit4TestAdapter.java:39)
	at org.apache.tools.ant.taskdefs.optional.junit.JUnitTestRunner.run(JUnitTestRunner.java:535)
	at org.apache.tools.ant.taskdefs.optional.junit.JUnitTestRunner.launch(JUnitTestRunner.java:1182)
	at org.apache.tools.ant.taskdefs.optional.junit.JUnitTestRunner.main(JUnitTestRunner.java:1033)
Caused by: java.lang.RuntimeException: &lt;function&gt;:111 SyntaxError: Invalid JSON: &lt;json&gt;:1:0 Expected json literal but found R
Request failed with code 400: Bad Request
^
	at ptolemy.vergil.basic.export.ExportModel$2.run(ExportModel.java:397)
	at java.awt.event.InvocationEvent.dispatch(InvocationEvent.java:301)
	at java.awt.EventQueue.dispatchEventImpl(EventQueue.java:756)
	at java.awt.EventQueue.access$500(EventQueue.java:97)
	at java.awt.EventQueue$3.run(EventQueue.java:709)
	at java.awt.EventQueue$3.run(EventQueue.java:703)
	at java.security.AccessController.doPrivileged(Native Method)
	at java.security.ProtectionDomain$JavaSecurityAccessImpl.doIntersectionPrivilege(ProtectionDomain.java:80)
	at java.awt.EventQueue.dispatchEvent(EventQueue.java:726)
	at java.awt.EventDispatchThread.pumpOneEventForFilters(EventDispatchThread.java:201)
	at java.awt.EventDispatchThread.pumpEventsForFilter(EventDispatchThread.java:116)
	at java.awt.EventDispatchThread.pumpEventsForHierarchy(EventDispatchThread.java:105)
	at java.awt.EventDispatchThread.pumpEvents(EventDispatchThread.java:101)
	at java.awt.EventDispatchThread.pumpEvents(EventDispatchThread.java:93)
	at java.awt.EventDispatchThread.run(EventDispatchThread.java:82)
Caused by: &lt;function&gt;:111 SyntaxError: Invalid JSON: &lt;json&gt;:1:0 Expected json literal but found R
Request failed with code 400: Bad Request
^
	at jdk.nashorn.internal.runtime.ECMAErrors.error(ECMAErrors.java:57)
	at jdk.nashorn.internal.runtime.ECMAErrors.syntaxError(ECMAErrors.java:160)
	at jdk.nashorn.internal.runtime.ECMAErrors.syntaxError(ECMAErrors.java:145)
	at jdk.nashorn.internal.runtime.JSONFunctions.parse(JSONFunctions.java:81)
	at jdk.nashorn.internal.objects.NativeJSON.parse(NativeJSON.java:119)
	at jdk.nashorn.internal.scripts.Script$Recompilation$44618$3114A$\^function\_.L:1#handleResponse(&lt;function&gt;:111)
	at jdk.nashorn.internal.scripts.Script$Recompilation$44894$6700A$require.L:1#once#g(/home/travis/build/icyphy/ptII/ptolemy/actor/lib/jjs/external/require.js#409:30&lt;eval&gt;:205)
	at jdk.nashorn.internal.scripts.Script$Recompilation$44612$2872A$require.L:1#emit(/home/travis/build/icyphy/ptII/ptolemy/actor/lib/jjs/external/require.js#409:30&lt;eval&gt;:113)
	at jdk.nashorn.internal.scripts.Script$Recompilation$44892$17958AA$require.L:1#_errorResponse(/home/travis/build/icyphy/ptII/ptolemy/actor/lib/jjs/external/require.js#409:30&lt;eval&gt;:418)
	at jdk.nashorn.internal.runtime.ScriptFunctionData.invoke(ScriptFunctionData.java:641)
	at jdk.nashorn.internal.runtime.ScriptFunction.invoke(ScriptFunction.java:494)
	at jdk.nashorn.internal.runtime.ScriptRuntime.apply(ScriptRuntime.java:393)
	at jdk.nashorn.api.scripting.ScriptObjectMirror.callMember(ScriptObjectMirror.java:199)
	at ptolemy.actor.lib.jjs.modules.httpClient.HttpClientHelper$HttpClientResponseHandler$2.run(HttpClientHelper.java:343)
	at ptolemy.actor.lib.jjs.JavaScript.fire(JavaScript.java:1086)
	at ptolemy.domains.de.kernel.DEDirector._fire(DEDirector.java:1949)
	at ptolemy.domains.de.kernel.DEDirector.fire(DEDirector.java:502)
	at ptolemy.actor.CompositeActor.fire(CompositeActor.java:455)
	at ptolemy.actor.Manager.iterate(Manager.java:851)
	at ptolemy.actor.Manager.execute(Manager.java:369)
	at ptolemy.vergil.basic.export.ExportModel$2.run(ExportModel.java:390)
	... 14 more
Caused by: jdk.nashorn.internal.runtime.ParserException: &lt;json&gt;:1:0 Expected json literal but found R
Request failed with code 400: Bad Request
^
	at jdk.nashorn.internal.parser.JSONParser.error(JSONParser.java:529)
	at jdk.nashorn.internal.parser.JSONParser.error(JSONParser.java:533)
	at jdk.nashorn.internal.parser.JSONParser.expectedError(JSONParser.java:541)
	at jdk.nashorn.internal.parser.JSONParser.parseLiteral(JSONParser.java:182)
	at jdk.nashorn.internal.parser.JSONParser.parse(JSONParser.java:148)
	at jdk.nashorn.internal.runtime.JSONFunctions.parse(JSONFunctions.java:79)
	... 31 more
<br>
<br>
<code>junit.framework.AssertionFailedError: Exporting HTML for org/terraswarm/accessor/demo/SemanticRepository/SemanticYelpSensorUpdateExample.xml failed: <br>java.lang.reflect.InvocationTargetException<br>	at java.awt.EventQueue.invokeAndWait(EventQueue.java:1321)<br>	at java.awt.EventQueue.invokeAndWait(EventQueue.java:1296)<br>	at javax.swing.SwingUtilities.invokeAndWait(SwingUtilities.java:1348)<br>	at ptolemy.vergil.basic.export.ExportModel.exportModel(ExportModel.java:401)<br>	at ptolemy.vergil.basic.export.test.junit.ExportModelJUnitTest.RunExportModel(ExportModelJUnitTest.java:153)<br>	at ptolemy.vergil.basic.export.test.junit.ExportModelJUnitTestBatch.RunExportModel(ExportModelJUnitTestBatch.java:84)<br>	at junitparams.internal.InvokeParameterisedMethod.evaluate(InvokeParameterisedMethod.java:102)<br>	at junitparams.internal.ParameterisedTestMethodRunner.runMethodInvoker(ParameterisedTestMethodRunner.java:47)<br>	at junitparams.internal.ParameterisedTestMethodRunner.runTestMethod(ParameterisedTestMethodRunner.java:41)<br>	at junitparams.internal.ParameterisedTestClassRunner.runParameterisedTest(ParameterisedTestClassRunner.java:143)<br>	at junitparams.JUnitParamsRunner.runChild(JUnitParamsRunner.java:237)<br>	at junitparams.JUnitParamsRunner.runChild(JUnitParamsRunner.java:215)<br>Caused by: java.lang.RuntimeException: &lt;function&gt;:111 SyntaxError: Invalid JSON: &lt;json&gt;:1:0 Expected json literal but found R<br>Request failed with code 400: Bad Request<br>^<br>	at ptolemy.vergil.basic.export.ExportModel$2.run(ExportModel.java:397)<br>	at java.awt.event.InvocationEvent.dispatch(InvocationEvent.java:301)<br>	at java.awt.EventQueue.dispatchEventImpl(EventQueue.java:756)<br>	at java.awt.EventQueue.access$500(EventQueue.java:97)<br>	at java.awt.EventQueue$3.run(EventQueue.java:709)<br>	at java.awt.EventQueue$3.run(EventQueue.java:703)<br>	at java.security.AccessController.doPrivileged(Native Method)<br>	at java.security.ProtectionDomain$JavaSecurityAccessImpl.doIntersectionPrivilege(ProtectionDomain.java:80)<br>	at java.awt.EventQueue.dispatchEvent(EventQueue.java:726)<br>	at java.awt.EventDispatchThread.pumpOneEventForFilters(EventDispatchThread.java:201)<br>	at java.awt.EventDispatchThread.pumpEventsForFilter(EventDispatchThread.java:116)<br>	at java.awt.EventDispatchThread.pumpEventsForHierarchy(EventDispatchThread.java:105)<br>	at java.awt.EventDispatchThread.pumpEvents(EventDispatchThread.java:101)<br>	at java.awt.EventDispatchThread.pumpEvents(EventDispatchThread.java:93)<br>	at java.awt.EventDispatchThread.run(EventDispatchThread.java:82)<br>Caused by: &lt;function&gt;:111 SyntaxError: Invalid JSON: &lt;json&gt;:1:0 Expected json literal but found R<br>Request failed with code 400: Bad Request<br>^<br>	at jdk.nashorn.internal.runtime.ECMAErrors.error(ECMAErrors.java:57)<br>	at jdk.nashorn.internal.runtime.ECMAErrors.syntaxError(ECMAErrors.java:160)<br>	at jdk.nashorn.internal.runtime.ECMAErrors.syntaxError(ECMAErrors.java:145)<br>	at jdk.nashorn.internal.runtime.JSONFunctions.parse(JSONFunctions.java:81)<br>	at jdk.nashorn.internal.objects.NativeJSON.parse(NativeJSON.java:119)<br>	at jdk.nashorn.internal.scripts.Script$Recompilation$44618$3114A$\^function\_.L:1#handleResponse(&lt;function&gt;:111)<br>	at jdk.nashorn.internal.scripts.Script$Recompilation$44894$6700A$require.L:1#once#g(/home/travis/build/icyphy/ptII/ptolemy/actor/lib/jjs/external/require.js#409:30&lt;eval&gt;:205)<br>	at jdk.nashorn.internal.scripts.Script$Recompilation$44612$2872A$require.L:1#emit(/home/travis/build/icyphy/ptII/ptolemy/actor/lib/jjs/external/require.js#409:30&lt;eval&gt;:113)<br>	at jdk.nashorn.internal.scripts.Script$Recompilation$44892$17958AA$require.L:1#_errorResponse(/home/travis/build/icyphy/ptII/ptolemy/actor/lib/jjs/external/require.js#409:30&lt;eval&gt;:418)<br>	at jdk.nashorn.internal.runtime.ScriptFunctionData.invoke(ScriptFunctionData.java:641)<br>	at jdk.nashorn.internal.runtime.ScriptFunction.invoke(ScriptFunction.java:494)<br>	at jdk.nashorn.internal.runtime.ScriptRuntime.apply(ScriptRuntime.java:393)<br>	at jdk.nashorn.api.scripting.ScriptObjectMirror.callMember(ScriptObjectMirror.java:199)<br>	at ptolemy.actor.lib.jjs.modules.httpClient.HttpClientHelper$HttpClientResponseHandler$2.run(HttpClientHelper.java:343)<br>	at ptolemy.actor.lib.jjs.JavaScript.fire(JavaScript.java:1086)<br>	at ptolemy.domains.de.kernel.DEDirector._fire(DEDirector.java:1949)<br>	at ptolemy.domains.de.kernel.DEDirector.fire(DEDirector.java:502)<br>	at ptolemy.actor.CompositeActor.fire(CompositeActor.java:455)<br>	at ptolemy.actor.Manager.iterate(Manager.java:851)<br>	at ptolemy.actor.Manager.execute(Manager.java:369)<br>	at ptolemy.vergil.basic.export.ExportModel$2.run(ExportModel.java:390)<br>Caused by: jdk.nashorn.internal.runtime.ParserException: &lt;json&gt;:1:0 Expected json literal but found R<br>Request failed with code 400: Bad Request<br>^<br>	at jdk.nashorn.internal.parser.JSONParser.error(JSONParser.java:529)<br>	at jdk.nashorn.internal.parser.JSONParser.error(JSONParser.java:533)<br>	at jdk.nashorn.internal.parser.JSONParser.expectedError(JSONParser.java:541)<br>	at jdk.nashorn.internal.parser.JSONParser.parseLiteral(JSONParser.java:182)<br>	at jdk.nashorn.internal.parser.JSONParser.parse(JSONParser.java:148)<br>	at jdk.nashorn.internal.runtime.JSONFunctions.parse(JSONFunctions.java:79)<br>
<br>	at ptolemy.vergil.basic.export.test.junit.ExportModelJUnitTest.RunExportModel(ExportModelJUnitTest.java:162)<br>	at ptolemy.vergil.basic.export.test.junit.ExportModelJUnitTestBatch.RunExportModel(ExportModelJUnitTestBatch.java:84)<br>	at junitparams.internal.InvokeParameterisedMethod.evaluate(InvokeParameterisedMethod.java:102)<br>	at junitparams.internal.ParameterisedTestMethodRunner.runMethodInvoker(ParameterisedTestMethodRunner.java:47)<br>	at junitparams.internal.ParameterisedTestMethodRunner.runTestMethod(ParameterisedTestMethodRunner.java:41)<br>	at junitparams.internal.ParameterisedTestClassRunner.runParameterisedTest(ParameterisedTestClassRunner.java:143)<br>	at junitparams.JUnitParamsRunner.runChild(JUnitParamsRunner.java:237)<br>	at junitparams.JUnitParamsRunner.runChild(JUnitParamsRunner.java:215)<br>
</code></td><td>19.663</td>
</tr>
</table>
</body>
</html>
