<html xmlns:string="xalan://java.lang.String" xmlns:lxslt="http://xml.apache.org/xslt">
    <head>
        <META http-equiv="Content-Type" content="text/html; charset=UTF-8">
        <title>Unit Test Results: All Failures</title>
        <link rel="stylesheet" type="text/css" title="Style" href="stylesheet.css">
    </head>
    <body onload="open('allclasses-frame.html','classListFrame')">
        <h1>Unit Test Results.</h1>
        <table width="100%">
            <tr>
                <td align="left"></td><td align="right">Designed for use with <a href="http://www.junit.org/">JUnit</a> and <a href="http://ant.apache.org/">Ant</a>.</td>
            </tr>
        </table>
        <hr size="1">
        <h2>All Failures</h2>
        <table class="details" border="0" cellpadding="5" cellspacing="2" width="95%">
            <tr valign="top">
                <th>Class</th><th>Name</th><th>Status</th><th width="80%">Type</th><th nowrap>Time(s)</th>
            </tr>
            <tr valign="top" class="Failure">
                <td><a href="ptolemy/actor/lib/test/junit/78_JUnitTclTest.html">JUnitTclTest</a></td><td><a name="[29] /home/travis/build/icyphy/ptII/ptolemy/actor/lib/test/SetVariable.tcl (RunTclFile)"></a><a href="ptolemy/actor/lib/test/junit/78_JUnitTclTest.html#[29] /home/travis/build/icyphy/ptII/ptolemy/actor/lib/test/SetVariable.tcl (RunTclFile)">[29] /home/travis/build/icyphy/ptII/ptolemy/actor/lib/test/SetVariable.tcl (RunTclFile)</a></td><td>Failure</td><td>Number of failed tests is has increased. expected:&lt;0&gt; but was:&lt;1&gt;
                    <br>
                    <br>
                    <code>junit.framework.AssertionFailedError: Number of failed tests is has increased. expected:&lt;0&gt; but was:&lt;1&gt;
                        <br>
                        	at ptolemy.util.test.junit.TclTests.RunTclFile(TclTests.java:286)
                        <br>
                        	at jdk.internal.reflect.GeneratedMethodAccessor19.invoke(Unknown Source)
                        <br>
                        	at java.base/jdk.internal.reflect.DelegatingMethodAccessorImpl.invoke(DelegatingMethodAccessorImpl.java:43)
                        <br>
                        	at junitparams.internal.InvokeParameterisedMethod.evaluate(InvokeParameterisedMethod.java:102)
                        <br>
                        	at junitparams.internal.ParameterisedTestMethodRunner.runMethodInvoker(ParameterisedTestMethodRunner.java:47)
                        <br>
                        	at junitparams.internal.ParameterisedTestMethodRunner.runTestMethod(ParameterisedTestMethodRunner.java:41)
                        <br>
                        	at junitparams.internal.ParameterisedTestClassRunner.runParameterisedTest(ParameterisedTestClassRunner.java:143)
                        <br>
                        	at junitparams.JUnitParamsRunner.runChild(JUnitParamsRunner.java:237)
                        <br>
                        	at junitparams.JUnitParamsRunner.runChild(JUnitParamsRunner.java:215)
                        <br>
                    </code></td><td>0.024</td>
            </tr>
            <tr valign="top" class="Failure">
                <td><a href="ptolemy/util/test/travis/junit/176_JUnitTclTest.html">JUnitTclTest</a></td><td><a name="[0] /home/travis/build/icyphy/ptII/ptolemy/util/test/travis/TravisTimeout.tcl (RunTclFile)"></a><a href="ptolemy/util/test/travis/junit/176_JUnitTclTest.html#[0] /home/travis/build/icyphy/ptII/ptolemy/util/test/travis/TravisTimeout.tcl (RunTclFile)">[0] /home/travis/build/icyphy/ptII/ptolemy/util/test/travis/TravisTimeout.tcl (RunTclFile)</a></td><td>Failure</td><td>Number of failed tests is has increased. expected:&lt;0&gt; but was:&lt;1&gt;
                    <br>
                    <br>
                    <code>junit.framework.AssertionFailedError: Number of failed tests is has increased. expected:&lt;0&gt; but was:&lt;1&gt;
                        <br>
                        	at org.junit.Assert.fail(Assert.java:91)
                        <br>
                        	at org.junit.Assert.failNotEquals(Assert.java:645)
                        <br>
                        	at org.junit.Assert.assertEquals(Assert.java:126)
                        <br>
                        	at org.junit.Assert.assertEquals(Assert.java:470)
                        <br>
                        	at ptolemy.util.test.junit.TclTests.RunTclFile(TclTests.java:286)
                        <br>
                        	at java.base/jdk.internal.reflect.NativeMethodAccessorImpl.invoke0(Native Method)
                        <br>
                        	at java.base/jdk.internal.reflect.NativeMethodAccessorImpl.invoke(NativeMethodAccessorImpl.java:62)
                        <br>
                        	at java.base/jdk.internal.reflect.DelegatingMethodAccessorImpl.invoke(DelegatingMethodAccessorImpl.java:43)
                        <br>
                        	at java.base/java.lang.reflect.Method.invoke(Method.java:566)
                        <br>
                        	at org.junit.runners.model.FrameworkMethod$1.runReflectiveCall(FrameworkMethod.java:44)
                        <br>
                        	at org.junit.internal.runners.model.ReflectiveCallable.run(ReflectiveCallable.java:15)
                        <br>
                        	at org.junit.runners.model.FrameworkMethod.invokeExplosively(FrameworkMethod.java:41)
                        <br>
                        	at junitparams.internal.InvokeParameterisedMethod.evaluate(InvokeParameterisedMethod.java:102)
                        <br>
                        	at junitparams.internal.ParameterisedTestMethodRunner.runMethodInvoker(ParameterisedTestMethodRunner.java:47)
                        <br>
                        	at junitparams.internal.ParameterisedTestMethodRunner.runTestMethod(ParameterisedTestMethodRunner.java:41)
                        <br>
                        	at junitparams.internal.ParameterisedTestClassRunner.runParameterisedTest(ParameterisedTestClassRunner.java:143)
                        <br>
                        	at junitparams.JUnitParamsRunner.runChild(JUnitParamsRunner.java:237)
                        <br>
                        	at junitparams.JUnitParamsRunner.runChild(JUnitParamsRunner.java:215)
                        <br>
                        	at org.junit.runners.ParentRunner$3.run(ParentRunner.java:193)
                        <br>
                        	at org.junit.runners.ParentRunner$1.schedule(ParentRunner.java:52)
                        <br>
                        	at org.junit.runners.ParentRunner.runChildren(ParentRunner.java:191)
                        <br>
                        	at org.junit.runners.ParentRunner.access$000(ParentRunner.java:42)
                        <br>
                        	at org.junit.runners.ParentRunner$2.evaluate(ParentRunner.java:184)
                        <br>
                        	at org.junit.internal.runners.statements.RunAfters.evaluate(RunAfters.java:31)
                        <br>
                        	at org.junit.runners.ParentRunner.run(ParentRunner.java:236)
                        <br>
                        	at org.junit.runners.Suite.runChild(Suite.java:128)
                        <br>
                        	at org.junit.runners.Suite.runChild(Suite.java:24)
                        <br>
                        	at org.junit.runners.ParentRunner$3.run(ParentRunner.java:193)
                        <br>
                        	at org.junit.runners.ParentRunner$1.schedule(ParentRunner.java:52)
                        <br>
                        	at org.junit.runners.ParentRunner.runChildren(ParentRunner.java:191)
                        <br>
                        	at org.junit.runners.ParentRunner.access$000(ParentRunner.java:42)
                        <br>
                        	at org.junit.runners.ParentRunner$2.evaluate(ParentRunner.java:184)
                        <br>
                        	at org.junit.runners.ParentRunner.run(ParentRunner.java:236)
                        <br>
                        	at junit.framework.JUnit4TestAdapter.run(JUnit4TestAdapter.java:39)
                        <br>
                        	at org.apache.tools.ant.taskdefs.optional.junit.JUnitTestRunner.run(JUnitTestRunner.java:535)
                        <br>
                        	at org.apache.tools.ant.taskdefs.optional.junit.JUnitTestRunner.launch(JUnitTestRunner.java:1182)
                        <br>
                        	at org.apache.tools.ant.taskdefs.optional.junit.JUnitTestRunner.main(JUnitTestRunner.java:1033)
                        <br>
                    </code></td><td>0.160</td>
            </tr>
            <tr valign="top" class="Failure">
                <td><a href="ptolemy/vergil/basic/export/test/junit/186_ExportModelJUnitTestBatch7.html">ExportModelJUnitTestBatch7</a></td><td><a name="[17] ptolemy/domains/wireless/demo/LinkVisualizer/LinkVisualizer.xml (RunExportModel)"></a><a href="ptolemy/vergil/basic/export/test/junit/186_ExportModelJUnitTestBatch7.html#[17] ptolemy/domains/wireless/demo/LinkVisualizer/LinkVisualizer.xml (RunExportModel)">[17] ptolemy/domains/wireless/demo/LinkVisualizer/LinkVisualizer.xml (RunExportModel)</a></td><td>Failure</td><td>Exporting HTML for ptolemy/domains/wireless/demo/LinkVisualizer/LinkVisualizer.xml failed: 
java.lang.reflect.InvocationTargetException
	at java.desktop/java.awt.EventQueue.invokeAndWait(EventQueue.java:1367)
	at java.desktop/java.awt.EventQueue.invokeAndWait(EventQueue.java:1342)
	at java.desktop/javax.swing.SwingUtilities.invokeAndWait(SwingUtilities.java:1480)
	at ptolemy.vergil.basic.export.ExportModel.exportModel(ExportModel.java:401)
	at ptolemy.vergil.basic.export.test.junit.ExportModelJUnitTest.RunExportModel(ExportModelJUnitTest.java:153)
	at ptolemy.vergil.basic.export.test.junit.ExportModelJUnitTestBatch.RunExportModel(ExportModelJUnitTestBatch.java:84)
	at jdk.internal.reflect.GeneratedMethodAccessor26.invoke(Unknown Source)
	at java.base/jdk.internal.reflect.DelegatingMethodAccessorImpl.invoke(DelegatingMethodAccessorImpl.java:43)
	at java.base/java.lang.reflect.Method.invoke(Method.java:566)
	at org.junit.runners.model.FrameworkMethod$1.runReflectiveCall(FrameworkMethod.java:44)
	at org.junit.internal.runners.model.ReflectiveCallable.run(ReflectiveCallable.java:15)
	at org.junit.runners.model.FrameworkMethod.invokeExplosively(FrameworkMethod.java:41)
	at junitparams.internal.InvokeParameterisedMethod.evaluate(InvokeParameterisedMethod.java:102)
	at junitparams.internal.ParameterisedTestMethodRunner.runMethodInvoker(ParameterisedTestMethodRunner.java:47)
	at junitparams.internal.ParameterisedTestMethodRunner.runTestMethod(ParameterisedTestMethodRunner.java:41)
	at junitparams.internal.ParameterisedTestClassRunner.runParameterisedTest(ParameterisedTestClassRunner.java:143)
	at junitparams.JUnitParamsRunner.runChild(JUnitParamsRunner.java:237)
	at junitparams.JUnitParamsRunner.runChild(JUnitParamsRunner.java:215)
	at org.junit.runners.ParentRunner$3.run(ParentRunner.java:193)
	at org.junit.runners.ParentRunner$1.schedule(ParentRunner.java:52)
	at org.junit.runners.ParentRunner.runChildren(ParentRunner.java:191)
	at org.junit.runners.ParentRunner.access$000(ParentRunner.java:42)
	at org.junit.runners.ParentRunner$2.evaluate(ParentRunner.java:184)
	at org.junit.runners.ParentRunner.run(ParentRunner.java:236)
	at junit.framework.JUnit4TestAdapter.run(JUnit4TestAdapter.java:39)
	at org.apache.tools.ant.taskdefs.optional.junit.JUnitTestRunner.run(JUnitTestRunner.java:535)
	at org.apache.tools.ant.taskdefs.optional.junit.JUnitTestRunner.launch(JUnitTestRunner.java:1182)
	at org.apache.tools.ant.taskdefs.optional.junit.JUnitTestRunner.main(JUnitTestRunner.java:1033)
Caused by: java.lang.RuntimeException: ptolemy.kernel.util.InternalErrorException: AWT-EventQueue-0: Thread interrupted while waiting to get  read access: null
  in .&lt;Unnamed Object&gt;
Because:
java.lang.InterruptedException
	at ptolemy.vergil.basic.export.ExportModel$2.run(ExportModel.java:397)
	at java.desktop/java.awt.event.InvocationEvent.dispatch(InvocationEvent.java:303)
	at java.desktop/java.awt.EventQueue.dispatchEventImpl(EventQueue.java:770)
	at java.desktop/java.awt.EventQueue$4.run(EventQueue.java:721)
	at java.desktop/java.awt.EventQueue$4.run(EventQueue.java:715)
	at java.base/java.security.AccessController.doPrivileged(Native Method)
	at java.base/java.security.ProtectionDomain$JavaSecurityAccessImpl.doIntersectionPrivilege(ProtectionDomain.java:85)
	at java.desktop/java.awt.EventQueue.dispatchEvent(EventQueue.java:740)
	at java.desktop/java.awt.EventDispatchThread.pumpOneEventForFilters(EventDispatchThread.java:203)
	at java.desktop/java.awt.EventDispatchThread.pumpEventsForFilter(EventDispatchThread.java:124)
	at java.desktop/java.awt.EventDispatchThread.pumpEventsForHierarchy(EventDispatchThread.java:113)
	at java.desktop/java.awt.EventDispatchThread.pumpEvents(EventDispatchThread.java:109)
	at java.desktop/java.awt.EventDispatchThread.pumpEvents(EventDispatchThread.java:101)
	at java.desktop/java.awt.EventDispatchThread.run(EventDispatchThread.java:90)
Caused by: ptolemy.kernel.util.InternalErrorException: AWT-EventQueue-0: Thread interrupted while waiting to get  read access: null
  in .&lt;Unnamed Object&gt;
Because:
java.lang.InterruptedException
	at ptolemy.kernel.util.Workspace._reacquireReadPermissions(Workspace.java:1032)
	at ptolemy.kernel.util.Workspace.reacquireReadPermission(Workspace.java:610)
	at ptolemy.domains.de.kernel.DEDirector._getNextActorToFire(DEDirector.java:2386)
	at ptolemy.domains.de.kernel.DEDirector._fire(DEDirector.java:1811)
	at ptolemy.domains.de.kernel.DEDirector.fire(DEDirector.java:502)
	at ptolemy.actor.CompositeActor.fire(CompositeActor.java:455)
	at ptolemy.actor.Manager.iterate(Manager.java:851)
	at ptolemy.actor.Manager.execute(Manager.java:369)
	at ptolemy.vergil.basic.export.ExportModel$2.run(ExportModel.java:390)
	... 13 more
Caused by: java.lang.InterruptedException
	at java.base/java.lang.Object.wait(Native Method)
	at java.base/java.lang.Object.wait(Object.java:328)
	at ptolemy.kernel.util.Workspace._reacquireReadPermissions(Workspace.java:1027)
	... 21 more

                    <br>
                    <br>
                    <code>junit.framework.AssertionFailedError: Exporting HTML for ptolemy/domains/wireless/demo/LinkVisualizer/LinkVisualizer.xml failed: 
                        <br>
                        java.lang.reflect.InvocationTargetException
                        <br>
                        	at java.desktop/java.awt.EventQueue.invokeAndWait(EventQueue.java:1367)
                        <br>
                        	at java.desktop/java.awt.EventQueue.invokeAndWait(EventQueue.java:1342)
                        <br>
                        	at java.desktop/javax.swing.SwingUtilities.invokeAndWait(SwingUtilities.java:1480)
                        <br>
                        	at ptolemy.vergil.basic.export.ExportModel.exportModel(ExportModel.java:401)
                        <br>
                        	at ptolemy.vergil.basic.export.test.junit.ExportModelJUnitTest.RunExportModel(ExportModelJUnitTest.java:153)
                        <br>
                        	at ptolemy.vergil.basic.export.test.junit.ExportModelJUnitTestBatch.RunExportModel(ExportModelJUnitTestBatch.java:84)
                        <br>
                        	at jdk.internal.reflect.GeneratedMethodAccessor26.invoke(Unknown Source)
                        <br>
                        	at java.base/jdk.internal.reflect.DelegatingMethodAccessorImpl.invoke(DelegatingMethodAccessorImpl.java:43)
                        <br>
                        	at junitparams.internal.InvokeParameterisedMethod.evaluate(InvokeParameterisedMethod.java:102)
                        <br>
                        	at junitparams.internal.ParameterisedTestMethodRunner.runMethodInvoker(ParameterisedTestMethodRunner.java:47)
                        <br>
                        	at junitparams.internal.ParameterisedTestMethodRunner.runTestMethod(ParameterisedTestMethodRunner.java:41)
                        <br>
                        	at junitparams.internal.ParameterisedTestClassRunner.runParameterisedTest(ParameterisedTestClassRunner.java:143)
                        <br>
                        	at junitparams.JUnitParamsRunner.runChild(JUnitParamsRunner.java:237)
                        <br>
                        	at junitparams.JUnitParamsRunner.runChild(JUnitParamsRunner.java:215)
                        <br>
                        Caused by: java.lang.RuntimeException: ptolemy.kernel.util.InternalErrorException: AWT-EventQueue-0: Thread interrupted while waiting to get  read access: null
                        <br>
                          in .&lt;Unnamed Object&gt;
                        <br>
                        Because:
                        <br>
                        java.lang.InterruptedException
                        <br>
                        	at ptolemy.vergil.basic.export.ExportModel$2.run(ExportModel.java:397)
                        <br>
                        	at java.desktop/java.awt.event.InvocationEvent.dispatch(InvocationEvent.java:303)
                        <br>
                        	at java.desktop/java.awt.EventQueue.dispatchEventImpl(EventQueue.java:770)
                        <br>
                        	at java.desktop/java.awt.EventQueue$4.run(EventQueue.java:721)
                        <br>
                        	at java.desktop/java.awt.EventQueue$4.run(EventQueue.java:715)
                        <br>
                        	at java.base/java.security.AccessController.doPrivileged(Native Method)
                        <br>
                        	at java.base/java.security.ProtectionDomain$JavaSecurityAccessImpl.doIntersectionPrivilege(ProtectionDomain.java:85)
                        <br>
                        	at java.desktop/java.awt.EventQueue.dispatchEvent(EventQueue.java:740)
                        <br>
                        	at java.desktop/java.awt.EventDispatchThread.pumpOneEventForFilters(EventDispatchThread.java:203)
                        <br>
                        	at java.desktop/java.awt.EventDispatchThread.pumpEventsForFilter(EventDispatchThread.java:124)
                        <br>
                        	at java.desktop/java.awt.EventDispatchThread.pumpEventsForHierarchy(EventDispatchThread.java:113)
                        <br>
                        	at java.desktop/java.awt.EventDispatchThread.pumpEvents(EventDispatchThread.java:109)
                        <br>
                        	at java.desktop/java.awt.EventDispatchThread.pumpEvents(EventDispatchThread.java:101)
                        <br>
                        	at java.desktop/java.awt.EventDispatchThread.run(EventDispatchThread.java:90)
                        <br>
                        Caused by: ptolemy.kernel.util.InternalErrorException: AWT-EventQueue-0: Thread interrupted while waiting to get  read access: null
                        <br>
                          in .&lt;Unnamed Object&gt;
                        <br>
                        Because:
                        <br>
                        java.lang.InterruptedException
                        <br>
                        	at ptolemy.kernel.util.Workspace._reacquireReadPermissions(Workspace.java:1032)
                        <br>
                        	at ptolemy.kernel.util.Workspace.reacquireReadPermission(Workspace.java:610)
                        <br>
                        	at ptolemy.domains.de.kernel.DEDirector._getNextActorToFire(DEDirector.java:2386)
                        <br>
                        	at ptolemy.domains.de.kernel.DEDirector._fire(DEDirector.java:1811)
                        <br>
                        	at ptolemy.domains.de.kernel.DEDirector.fire(DEDirector.java:502)
                        <br>
                        	at ptolemy.actor.CompositeActor.fire(CompositeActor.java:455)
                        <br>
                        	at ptolemy.actor.Manager.iterate(Manager.java:851)
                        <br>
                        	at ptolemy.actor.Manager.execute(Manager.java:369)
                        <br>
                        	at ptolemy.vergil.basic.export.ExportModel$2.run(ExportModel.java:390)
                        <br>
                        Caused by: java.lang.InterruptedException
                        <br>
                        	at java.base/java.lang.Object.wait(Native Method)
                        <br>
                        	at java.base/java.lang.Object.wait(Object.java:328)
                        <br>
                        	at ptolemy.kernel.util.Workspace._reacquireReadPermissions(Workspace.java:1027)
                        <br>
                        <br>
                        	at ptolemy.vergil.basic.export.test.junit.ExportModelJUnitTest.RunExportModel(ExportModelJUnitTest.java:162)
                        <br>
                        	at ptolemy.vergil.basic.export.test.junit.ExportModelJUnitTestBatch.RunExportModel(ExportModelJUnitTestBatch.java:84)
                        <br>
                        	at jdk.internal.reflect.GeneratedMethodAccessor26.invoke(Unknown Source)
                        <br>
                        	at java.base/jdk.internal.reflect.DelegatingMethodAccessorImpl.invoke(DelegatingMethodAccessorImpl.java:43)
                        <br>
                        	at junitparams.internal.InvokeParameterisedMethod.evaluate(InvokeParameterisedMethod.java:102)
                        <br>
                        	at junitparams.internal.ParameterisedTestMethodRunner.runMethodInvoker(ParameterisedTestMethodRunner.java:47)
                        <br>
                        	at junitparams.internal.ParameterisedTestMethodRunner.runTestMethod(ParameterisedTestMethodRunner.java:41)
                        <br>
                        	at junitparams.internal.ParameterisedTestClassRunner.runParameterisedTest(ParameterisedTestClassRunner.java:143)
                        <br>
                        	at junitparams.JUnitParamsRunner.runChild(JUnitParamsRunner.java:237)
                        <br>
                        	at junitparams.JUnitParamsRunner.runChild(JUnitParamsRunner.java:215)
                        <br>
                    </code></td><td>13.722</td>
            </tr>
        </table>
    </body>
</html>
