<html xmlns:string="xalan://java.lang.String" xmlns:lxslt="http://xml.apache.org/xslt">
    <head>
        <META http-equiv="Content-Type" content="text/html; charset=UTF-8">
        <title>Unit Test Results: All Errors</title>
        <link rel="stylesheet" type="text/css" title="Style" href="stylesheet.css">
    </head>
    <body onload="open('allclasses-frame.html','classListFrame')">
        <h1>Unit Test Results.</h1>
        <table width="100%">
            <tr>
                <td align="left"></td><td align="right">Designed for use with <a href="http://www.junit.org/">JUnit</a> and <a href="http://ant.apache.org/">Ant</a>.</td>
            </tr>
        </table>
        <hr size="1">
        <h2>All Errors</h2>
        <table class="details" border="0" cellpadding="5" cellspacing="2" width="95%">
            <tr valign="top">
                <th>Class</th><th>Name</th><th>Status</th><th width="80%">Type</th><th nowrap>Time(s)</th>
            </tr>
            <tr valign="top" class="Error">
                <td><a href="ptolemy/actor/lib/jjs/modules/serial/test/junit/63_JUnitTclTest.html">JUnitTclTest</a></td><td><a name="[6] /home/travis/build/icyphy/ptII/ptolemy/actor/lib/jjs/modules/serial/test/auto/SerialLoopbackUnsignedByte.xml (RunModel)"></a><a href="ptolemy/actor/lib/jjs/modules/serial/test/junit/63_JUnitTclTest.html#[6] /home/travis/build/icyphy/ptII/ptolemy/actor/lib/jjs/modules/serial/test/auto/SerialLoopbackUnsignedByte.xml (RunModel)">[6] /home/travis/build/icyphy/ptII/ptolemy/actor/lib/jjs/modules/serial/test/auto/SerialLoopbackUnsignedByte.xml (RunModel)</a></td><td>Error</td><td>N/A
                    <br>
                    <br>
                    <code>java.lang.reflect.InvocationTargetException
                        <br>
                        	at java.base/jdk.internal.reflect.NativeConstructorAccessorImpl.newInstance0(Native Method)
                        <br>
                        	at java.base/jdk.internal.reflect.NativeConstructorAccessorImpl.newInstance(NativeConstructorAccessorImpl.java:62)
                        <br>
                        	at java.base/jdk.internal.reflect.DelegatingConstructorAccessorImpl.newInstance(DelegatingConstructorAccessorImpl.java:45)
                        <br>
                        	at java.base/java.lang.reflect.Constructor.newInstance(Constructor.java:490)
                        <br>
                        	at ptolemy.util.test.junit.AutoTests.RunModel(AutoTests.java:193)
                        <br>
                        	at java.base/jdk.internal.reflect.NativeMethodAccessorImpl.invoke0(Native Method)
                        <br>
                        	at java.base/jdk.internal.reflect.NativeMethodAccessorImpl.invoke(NativeMethodAccessorImpl.java:62)
                        <br>
                        	at java.base/jdk.internal.reflect.DelegatingMethodAccessorImpl.invoke(DelegatingMethodAccessorImpl.java:43)
                        <br>
                        	at junitparams.internal.InvokeParameterisedMethod.evaluate(InvokeParameterisedMethod.java:102)
                        <br>
                        Caused by: ptolemy.kernel.util.IllegalActionException: Failure executing the react function: Error: commonHost.js, react(), invoking a specific handler for "input": Exception occurred in input handler for accessor TrainableTest, which has now has been removed.  Exception was: Error: TrainableTest: After seeing 3 tokens, the input "3" is not within "1e-9" of the expected value "1" Stacktrace was: Error: TrainableTest: After seeing 3 tokens, the input "3" is not within "1e-9" of the expected value "1"
                        <br>
                        	at &lt;anonymous&gt; (&lt;function&gt;:267)
                        <br>
                        	at invokeSpecificHandler (/home/travis/build/icyphy/ptII/ptolemy/actor/lib/jjs/external/require.js#409:30&lt;eval&gt;:1719)
                        <br>
                        	at react (/home/travis/build/icyphy/ptII/ptolemy/actor/lib/jjs/external/require.js#409:30&lt;eval&gt;:1764) in /home/travis/build/icyphy/ptII/ptolemy/actor/lib/jjs/external/require.js#409:30&lt;eval&gt; at line number 1731 at column number 24
                        <br>
                          in .SerialLoopbackUnsignedByte.TrainableTest
                        <br>
                        Because:
                        <br>
                        Error: commonHost.js, react(), invoking a specific handler for "input": Exception occurred in input handler for accessor TrainableTest, which has now has been removed.  Exception was: Error: TrainableTest: After seeing 3 tokens, the input "3" is not within "1e-9" of the expected value "1" Stacktrace was: Error: TrainableTest: After seeing 3 tokens, the input "3" is not within "1e-9" of the expected value "1"
                        <br>
                        	at &lt;anonymous&gt; (&lt;function&gt;:267)
                        <br>
                        	at invokeSpecificHandler (/home/travis/build/icyphy/ptII/ptolemy/actor/lib/jjs/external/require.js#409:30&lt;eval&gt;:1719)
                        <br>
                        	at react (/home/travis/build/icyphy/ptII/ptolemy/actor/lib/jjs/external/require.js#409:30&lt;eval&gt;:1764) in /home/travis/build/icyphy/ptII/ptolemy/actor/lib/jjs/external/require.js#409:30&lt;eval&gt; at line number 1731 at column number 24
                        <br>
                        	at ptolemy.actor.lib.jjs.JavaScript._invokeMethodInContext(JavaScript.java:2306)
                        <br>
                        	at ptolemy.actor.lib.jjs.JavaScript.fire(JavaScript.java:1138)
                        <br>
                        	at ptolemy.domains.de.kernel.DEDirector._fire(DEDirector.java:1949)
                        <br>
                        	at ptolemy.domains.de.kernel.DEDirector.fire(DEDirector.java:502)
                        <br>
                        	at ptolemy.actor.CompositeActor.fire(CompositeActor.java:455)
                        <br>
                        	at ptolemy.actor.Manager.iterate(Manager.java:851)
                        <br>
                        	at ptolemy.actor.Manager.execute(Manager.java:369)
                        <br>
                        	at ptolemy.actor.Manager.run(Manager.java:1263)
                        <br>
                        	at ptolemy.actor.Manager$PtolemyRunThread.run(Manager.java:1933)
                        <br>
                        Caused by: javax.script.ScriptException: Error: commonHost.js, react(), invoking a specific handler for "input": Exception occurred in input handler for accessor TrainableTest, which has now has been removed.  Exception was: Error: TrainableTest: After seeing 3 tokens, the input "3" is not within "1e-9" of the expected value "1" Stacktrace was: Error: TrainableTest: After seeing 3 tokens, the input "3" is not within "1e-9" of the expected value "1"
                        <br>
                        	at &lt;anonymous&gt; (&lt;function&gt;:267)
                        <br>
                        	at invokeSpecificHandler (/home/travis/build/icyphy/ptII/ptolemy/actor/lib/jjs/external/require.js#409:30&lt;eval&gt;:1719)
                        <br>
                        	at react (/home/travis/build/icyphy/ptII/ptolemy/actor/lib/jjs/external/require.js#409:30&lt;eval&gt;:1764) in /home/travis/build/icyphy/ptII/ptolemy/actor/lib/jjs/external/require.js#409:30&lt;eval&gt; at line number 1731 at column number 24
                        <br>
                        	at jdk.scripting.nashorn/jdk.nashorn.api.scripting.NashornScriptEngine.throwAsScriptException(NashornScriptEngine.java:477)
                        <br>
                        	at jdk.scripting.nashorn/jdk.nashorn.api.scripting.NashornScriptEngine.invokeImpl(NashornScriptEngine.java:399)
                        <br>
                        	at jdk.scripting.nashorn/jdk.nashorn.api.scripting.NashornScriptEngine.invokeMethod(NashornScriptEngine.java:206)
                        <br>
                        	at ptolemy.actor.lib.jjs.JavaScript._invokeMethodInContext(JavaScript.java:2281)
                        <br>
                        Caused by: /home/travis/build/icyphy/ptII/ptolemy/actor/lib/jjs/external/require.js#409:30&lt;eval&gt;:1731:24 Error: commonHost.js, react(), invoking a specific handler for "input": Exception occurred in input handler for accessor TrainableTest, which has now has been removed.  Exception was: Error: TrainableTest: After seeing 3 tokens, the input "3" is not within "1e-9" of the expected value "1" Stacktrace was: Error: TrainableTest: After seeing 3 tokens, the input "3" is not within "1e-9" of the expected value "1"
                        <br>
                        	at &lt;anonymous&gt; (&lt;function&gt;:267)
                        <br>
                        	at invokeSpecificHandler (/home/travis/build/icyphy/ptII/ptolemy/actor/lib/jjs/external/require.js#409:30&lt;eval&gt;:1719)
                        <br>
                        	at react (/home/travis/build/icyphy/ptII/ptolemy/actor/lib/jjs/external/require.js#409:30&lt;eval&gt;:1764)
                        <br>
                        	at jdk.scripting.nashorn/jdk.nashorn.internal.objects.NativeError.initException(NativeError.java:135)
                        <br>
                        	at jdk.scripting.nashorn/jdk.nashorn.internal.objects.NativeError.&lt;init&gt;(NativeError.java:101)
                        <br>
                        	at jdk.scripting.nashorn/jdk.nashorn.internal.objects.NativeError.&lt;init&gt;(NativeError.java:105)
                        <br>
                        	at jdk.scripting.nashorn/jdk.nashorn.internal.objects.NativeError.&lt;init&gt;(NativeError.java:109)
                        <br>
                        	at jdk.scripting.nashorn/jdk.nashorn.internal.objects.NativeError.constructor(NativeError.java:128)
                        <br>
                        	at jdk.scripting.nashorn.scripts/jdk.nashorn.internal.scripts.Script$Recompilation$79713$76238A$require.L:1#react#invokeSpecificHandler(/home/travis/build/icyphy/ptII/ptolemy/actor/lib/jjs/external/require.js#409:30&lt;eval&gt;:1736)
                        <br>
                        	at jdk.scripting.nashorn.scripts/jdk.nashorn.internal.scripts.Script$Recompilation$79712$75884A$require.L:1#react(/home/travis/build/icyphy/ptII/ptolemy/actor/lib/jjs/external/require.js#409:30&lt;eval&gt;:1764)
                        <br>
                        	at jdk.scripting.nashorn/jdk.nashorn.internal.runtime.ScriptFunctionData.invoke(ScriptFunctionData.java:657)
                        <br>
                        	at jdk.scripting.nashorn/jdk.nashorn.internal.runtime.ScriptFunction.invoke(ScriptFunction.java:513)
                        <br>
                        	at jdk.scripting.nashorn/jdk.nashorn.internal.runtime.ScriptRuntime.apply(ScriptRuntime.java:527)
                        <br>
                        	at jdk.scripting.nashorn/jdk.nashorn.api.scripting.ScriptObjectMirror.callMember(ScriptObjectMirror.java:202)
                        <br>
                        	at jdk.scripting.nashorn/jdk.nashorn.api.scripting.NashornScriptEngine.invokeImpl(NashornScriptEngine.java:393)
                        <br>
                    </code></td><td>49.562</td>
            </tr>
            <tr valign="top" class="Error">
                <td><a href="ptolemy/domains/continuous/test/junit/126_JUnitTclTest.html">JUnitTclTest</a></td><td><a name="[67] /home/travis/build/icyphy/ptII/ptolemy/domains/continuous/test/auto/IncreasingRatePoisson.xml (RunModel)"></a><a href="ptolemy/domains/continuous/test/junit/126_JUnitTclTest.html#[67] /home/travis/build/icyphy/ptII/ptolemy/domains/continuous/test/auto/IncreasingRatePoisson.xml (RunModel)">[67] /home/travis/build/icyphy/ptII/ptolemy/domains/continuous/test/auto/IncreasingRatePoisson.xml (RunModel)</a></td><td>Error</td><td>N/A
                    <br>
                    <br>
                    <code>java.lang.reflect.InvocationTargetException
                        <br>
                        	at jdk.internal.reflect.GeneratedConstructorAccessor22.newInstance(Unknown Source)
                        <br>
                        	at java.base/jdk.internal.reflect.DelegatingConstructorAccessorImpl.newInstance(DelegatingConstructorAccessorImpl.java:45)
                        <br>
                        	at java.base/java.lang.reflect.Constructor.newInstance(Constructor.java:490)
                        <br>
                        	at ptolemy.util.test.junit.AutoTests.RunModel(AutoTests.java:193)
                        <br>
                        	at jdk.internal.reflect.GeneratedMethodAccessor4.invoke(Unknown Source)
                        <br>
                        	at java.base/jdk.internal.reflect.DelegatingMethodAccessorImpl.invoke(DelegatingMethodAccessorImpl.java:43)
                        <br>
                        	at junitparams.internal.InvokeParameterisedMethod.evaluate(InvokeParameterisedMethod.java:102)
                        <br>
                        Caused by: ptolemy.kernel.util.IllegalActionException: Test fails in iteration 957.
                        <br>
                        Value was: 13.5888767136766. Should have been: 1.8812624722407
                        <br>
                          in .IncreasingRatePoisson.NonStrictTest
                        <br>
                        	at ptolemy.actor.lib.NonStrictTest.postfire(NonStrictTest.java:328)
                        <br>
                        	at ptolemy.actor.sched.FixedPointDirector._postfireActor(FixedPointDirector.java:1027)
                        <br>
                        	at ptolemy.actor.sched.FixedPointDirector.postfire(FixedPointDirector.java:520)
                        <br>
                        	at ptolemy.domains.continuous.kernel.ContinuousDirector._commit(ContinuousDirector.java:1426)
                        <br>
                        	at ptolemy.domains.continuous.kernel.ContinuousDirector._postfireAtTopLevel(ContinuousDirector.java:1585)
                        <br>
                        	at ptolemy.domains.continuous.kernel.ContinuousDirector.postfire(ContinuousDirector.java:839)
                        <br>
                        	at ptolemy.actor.CompositeActor.postfire(CompositeActor.java:1668)
                        <br>
                        	at ptolemy.actor.Manager.iterate(Manager.java:852)
                        <br>
                        	at ptolemy.actor.Manager.execute(Manager.java:369)
                        <br>
                        	at ptolemy.actor.Manager.run(Manager.java:1263)
                        <br>
                        	at ptolemy.actor.Manager$PtolemyRunThread.run(Manager.java:1933)
                        <br>
                    </code></td><td>0.394</td>
            </tr>
        </table>
    </body>
</html>
