<html xmlns:string="xalan://java.lang.String" xmlns:lxslt="http://xml.apache.org/xslt">
    <head>
        <META http-equiv="Content-Type" content="text/html; charset=UTF-8">
        <title>Standard Error from JUnitTclTest</title>
    </head>
    <body>
        <pre>Loaded /home/travis/build/icyphy/ptII/vendors/javafx/javafx-sdk-11.0.2/lib/./libprism_es2.so from relative path
Failed Graphics Hardware Qualifier check.
System GPU doesn't meet the es2 pipe requirement
GraphicsPipeline.createPipeline: error initializing pipeline com.sun.prism.es2.ES2Pipeline
*** Fallback to Prism SW pipeline
Loaded /home/travis/build/icyphy/ptII/vendors/javafx/javafx-sdk-11.0.2/lib/./libprism_sw.so from relative path
JavaFX: using com.sun.javafx.tk.quantum.QuantumToolkit
Loaded /home/travis/build/icyphy/ptII/vendors/javafx/javafx-sdk-11.0.2/lib/./libglass.so from relative path
Loaded /home/travis/build/icyphy/ptII/vendors/javafx/javafx-sdk-11.0.2/lib/./libglassgtk3.so from relative path
 vsync: true vpipe: false
[main] INFO com.github.sarxos.webcam.Webcam - WebcamDefaultDriver capture driver will be used
Loading accessor failed: ComputerVision.js
ptolemy.kernel.util.IllegalActionException: Error evaluating expression:
// A computer vision accessor.
...
  in .configuration.actor library.MoreLibraries.Accessors.image.ComputerVision.script
Because:
Failed to evaluate script.
  in .configuration.actor library.MoreLibraries.Accessors.image.ComputerVision
Because:
Error: Error executing module @accessors-modules/computer-vision line #89 : Could not find the org.ptolemy.opencv.ComputerVision class, perhaps OpenCV was not installed. The OpenCV API can be downloaded from http://opencv.org.  Under Mac OS X, try:  :sudo port install opencv +python27 +java".See org/ptolemy/opencv/package.html for installation help.
In file: /home/travis/build/icyphy/ptII/ptolemy/actor/lib/jjs/modules/computerVision/computerVision.js
Error: Could not find the org.ptolemy.opencv.ComputerVision class, perhaps OpenCV was not installed. The OpenCV API can be downloaded from http://opencv.org.  Under Mac OS X, try:  :sudo port install opencv +python27 +java".See org/ptolemy/opencv/package.html for installation help.
	at &lt;anonymous&gt; (/home/travis/build/icyphy/ptII/ptolemy/actor/lib/jjs/external/require.js#409:30&lt;eval&gt;:89)
	at _require (/home/travis/build/icyphy/ptII/ptolemy/actor/lib/jjs/external/require.js:429)
	at &lt;anonymous&gt; (/home/travis/build/icyphy/ptII/ptolemy/actor/lib/jjs/external/require.js:467)
	at &lt;anonymous&gt; (&lt;function&gt;:62)
	at Accessor (/home/travis/build/icyphy/ptII/ptolemy/actor/lib/jjs/external/require.js#409:30&lt;eval&gt;:545)
	at evaluateCode (&lt;eval&gt;:96) in /home/travis/build/icyphy/ptII/ptolemy/actor/lib/jjs/external/require.js at line number 454 at column number 12
  in .configuration.actor library.MoreLibraries.Accessors.image.ComputerVision.script
Because:
Error evaluating expression:
// A computer vision accessor.
...
  in .configuration.actor library.MoreLibraries.Accessors.image.ComputerVision.script
Because:
Failed to evaluate script.
  in .configuration.actor library.MoreLibraries.Accessors.image.ComputerVision
Because:
Error: Error executing module @accessors-modules/computer-vision line #89 : Could not find the org.ptolemy.opencv.ComputerVision class, perhaps OpenCV was not installed. The OpenCV API can be downloaded from http://opencv.org.  Under Mac OS X, try:  :sudo port install opencv +python27 +java".See org/ptolemy/opencv/package.html for installation help.
In file: /home/travis/build/icyphy/ptII/ptolemy/actor/lib/jjs/modules/computerVision/computerVision.js
Error: Could not find the org.ptolemy.opencv.ComputerVision class, perhaps OpenCV was not installed. The OpenCV API can be downloaded from http://opencv.org.  Under Mac OS X, try:  :sudo port install opencv +python27 +java".See org/ptolemy/opencv/package.html for installation help.
	at &lt;anonymous&gt; (/home/travis/build/icyphy/ptII/ptolemy/actor/lib/jjs/external/require.js#409:30&lt;eval&gt;:89)
	at _require (/home/travis/build/icyphy/ptII/ptolemy/actor/lib/jjs/external/require.js:429)
	at &lt;anonymous&gt; (/home/travis/build/icyphy/ptII/ptolemy/actor/lib/jjs/external/require.js:467)
	at &lt;anonymous&gt; (&lt;function&gt;:62)
	at Accessor (/home/travis/build/icyphy/ptII/ptolemy/actor/lib/jjs/external/require.js#409:30&lt;eval&gt;:545)
	at evaluateCode (&lt;eval&gt;:96) in /home/travis/build/icyphy/ptII/ptolemy/actor/lib/jjs/external/require.js at line number 454 at column number 12
Failed to populate library.
ptolemy.kernel.util.InternalErrorException: Loading accessor failed: ComputerVision.js
  in .configuration.actor library.MoreLibraries.Accessors.image
Because:
Error evaluating expression:
// A computer vision accessor.
...
  in .configuration.actor library.MoreLibraries.Accessors.image.ComputerVision.script
Because:
Failed to evaluate script.
  in .configuration.actor library.MoreLibraries.Accessors.image.ComputerVision
Because:
Error: Error executing module @accessors-modules/computer-vision line #89 : Could not find the org.ptolemy.opencv.ComputerVision class, perhaps OpenCV was not installed. The OpenCV API can be downloaded from http://opencv.org.  Under Mac OS X, try:  :sudo port install opencv +python27 +java".See org/ptolemy/opencv/package.html for installation help.
In file: /home/travis/build/icyphy/ptII/ptolemy/actor/lib/jjs/modules/computerVision/computerVision.js
Error: Could not find the org.ptolemy.opencv.ComputerVision class, perhaps OpenCV was not installed. The OpenCV API can be downloaded from http://opencv.org.  Under Mac OS X, try:  :sudo port install opencv +python27 +java".See org/ptolemy/opencv/package.html for installation help.
	at &lt;anonymous&gt; (/home/travis/build/icyphy/ptII/ptolemy/actor/lib/jjs/external/require.js#409:30&lt;eval&gt;:89)
	at _require (/home/travis/build/icyphy/ptII/ptolemy/actor/lib/jjs/external/require.js:429)
	at &lt;anonymous&gt; (/home/travis/build/icyphy/ptII/ptolemy/actor/lib/jjs/external/require.js:467)
	at &lt;anonymous&gt; (&lt;function&gt;:62)
	at Accessor (/home/travis/build/icyphy/ptII/ptolemy/actor/lib/jjs/external/require.js#409:30&lt;eval&gt;:545)
	at evaluateCode (&lt;eval&gt;:96) in /home/travis/build/icyphy/ptII/ptolemy/actor/lib/jjs/external/require.js at line number 454 at column number 12
  in .configuration.actor library.MoreLibraries.Accessors.image.ComputerVision.script
Because:
Error evaluating expression:
// A computer vision accessor.
...
  in .configuration.actor library.MoreLibraries.Accessors.image.ComputerVision.script
Because:
Failed to evaluate script.
  in .configuration.actor library.MoreLibraries.Accessors.image.ComputerVision
Because:
Error: Error executing module @accessors-modules/computer-vision line #89 : Could not find the org.ptolemy.opencv.ComputerVision class, perhaps OpenCV was not installed. The OpenCV API can be downloaded from http://opencv.org.  Under Mac OS X, try:  :sudo port install opencv +python27 +java".See org/ptolemy/opencv/package.html for installation help.
In file: /home/travis/build/icyphy/ptII/ptolemy/actor/lib/jjs/modules/computerVision/computerVision.js
Error: Could not find the org.ptolemy.opencv.ComputerVision class, perhaps OpenCV was not installed. The OpenCV API can be downloaded from http://opencv.org.  Under Mac OS X, try:  :sudo port install opencv +python27 +java".See org/ptolemy/opencv/package.html for installation help.
	at &lt;anonymous&gt; (/home/travis/build/icyphy/ptII/ptolemy/actor/lib/jjs/external/require.js#409:30&lt;eval&gt;:89)
	at _require (/home/travis/build/icyphy/ptII/ptolemy/actor/lib/jjs/external/require.js:429)
	at &lt;anonymous&gt; (/home/travis/build/icyphy/ptII/ptolemy/actor/lib/jjs/external/require.js:467)
	at &lt;anonymous&gt; (&lt;function&gt;:62)
	at Accessor (/home/travis/build/icyphy/ptII/ptolemy/actor/lib/jjs/external/require.js#409:30&lt;eval&gt;:545)
	at evaluateCode (&lt;eval&gt;:96) in /home/travis/build/icyphy/ptII/ptolemy/actor/lib/jjs/external/require.js at line number 454 at column number 12
	at org.terraswarm.accessor.AccessorLibrary.populate(AccessorLibrary.java:224)
	at ptolemy.moml.EntityLibrary.classDefinitionList(EntityLibrary.java:307)
	at ptolemy.kernel.CompositeEntity._description(CompositeEntity.java:2292)
	at ptolemy.kernel.CompositeEntity._description(CompositeEntity.java:2307)
	at ptolemy.kernel.CompositeEntity._description(CompositeEntity.java:2307)
	at ptolemy.kernel.CompositeEntity._description(CompositeEntity.java:2307)
	at ptolemy.kernel.CompositeEntity._description(CompositeEntity.java:2307)
	at ptolemy.kernel.util.NamedObj.description(NamedObj.java:731)
	at ptolemy.kernel.util.NamedObj.description(NamedObj.java:715)
	at java.base/jdk.internal.reflect.NativeMethodAccessorImpl.invoke0(Native Method)
	at java.base/jdk.internal.reflect.NativeMethodAccessorImpl.invoke(NativeMethodAccessorImpl.java:62)
	at java.base/jdk.internal.reflect.DelegatingMethodAccessorImpl.invoke(DelegatingMethodAccessorImpl.java:43)
	at java.base/java.lang.reflect.Method.invoke(Method.java:566)
	at tcl.lang.reflect.PkgInvoker.invokeMethod(PkgInvoker.java:129)
	at tcl.lang.JavaInvoke.call(JavaInvoke.java:253)
	at tcl.lang.JavaInvoke.callMethod(JavaInvoke.java:116)
	at tcl.lang.ReflectObject.cmdProc(ReflectObject.java:727)
	at tcl.lang.Parser.evalObjv(Parser.java:740)
	at tcl.lang.Parser.eval2(Parser.java:1138)
	at tcl.lang.Interp.eval(Interp.java:1782)
	at tcl.lang.Interp.eval(Interp.java:1841)
	at tcl.lang.CatchCmd.cmdProc(CatchCmd.java:42)
	at tcl.lang.Parser.evalObjv(Parser.java:740)
	at tcl.lang.Parser.eval2(Parser.java:1138)
	at tcl.lang.Parser.evalTokens(Parser.java:930)
	at tcl.lang.Parser.eval2(Parser.java:1125)
	at tcl.lang.Procedure.cmdProc(Procedure.java:175)
	at tcl.lang.Parser.evalObjv(Parser.java:740)
	at tcl.lang.Parser.eval2(Parser.java:1138)
	at tcl.lang.Interp.eval(Interp.java:1782)
	at tcl.lang.Interp.eval(Interp.java:1841)
	at tcl.lang.UplevelCmd.cmdProc(UplevelCmd.java:93)
	at tcl.lang.Parser.evalObjv(Parser.java:740)
	at tcl.lang.Parser.eval2(Parser.java:1138)
	at tcl.lang.Interp.eval(Interp.java:1782)
	at tcl.lang.Interp.eval(Interp.java:1841)
	at tcl.lang.CatchCmd.cmdProc(CatchCmd.java:42)
	at tcl.lang.Parser.evalObjv(Parser.java:740)
	at tcl.lang.Parser.eval2(Parser.java:1138)
	at tcl.lang.Parser.evalTokens(Parser.java:930)
	at tcl.lang.Parser.eval2(Parser.java:1125)
	at tcl.lang.Procedure.cmdProc(Procedure.java:175)
	at tcl.lang.Parser.evalObjv(Parser.java:740)
	at tcl.lang.Parser.eval2(Parser.java:1138)
	at tcl.lang.Interp.eval(Interp.java:1782)
	at tcl.lang.Interp.eval(Interp.java:1841)
	at tcl.lang.ForeachCmd.cmdProc(ForeachCmd.java:116)
	at tcl.lang.AutoloadStub.cmdProc(Extension.java:144)
	at tcl.lang.Parser.evalObjv(Parser.java:740)
	at tcl.lang.Parser.eval2(Parser.java:1138)
	at tcl.lang.Interp.eval(Interp.java:1782)
	at tcl.lang.Interp.evalFile(Interp.java:1880)
	at java.base/jdk.internal.reflect.NativeMethodAccessorImpl.invoke0(Native Method)
	at java.base/jdk.internal.reflect.NativeMethodAccessorImpl.invoke(NativeMethodAccessorImpl.java:62)
	at java.base/jdk.internal.reflect.DelegatingMethodAccessorImpl.invoke(DelegatingMethodAccessorImpl.java:43)
	at java.base/java.lang.reflect.Method.invoke(Method.java:566)
	at ptolemy.util.test.junit.TclTests.RunTclFile(TclTests.java:233)
	at java.base/jdk.internal.reflect.NativeMethodAccessorImpl.invoke0(Native Method)
	at java.base/jdk.internal.reflect.NativeMethodAccessorImpl.invoke(NativeMethodAccessorImpl.java:62)
	at java.base/jdk.internal.reflect.DelegatingMethodAccessorImpl.invoke(DelegatingMethodAccessorImpl.java:43)
	at java.base/java.lang.reflect.Method.invoke(Method.java:566)
	at org.junit.runners.model.FrameworkMethod$1.runReflectiveCall(FrameworkMethod.java:44)
	at org.junit.internal.runners.model.ReflectiveCallable.run(ReflectiveCallable.java:15)
	at org.junit.runners.model.FrameworkMethod.invokeExplosively(FrameworkMethod.java:41)
	at junitparams.internal.InvokeParameterisedMethod.evaluate(InvokeParameterisedMethod.java:102)
	at junitparams.internal.ParameterisedTestMethodRunner.runMethodInvoker(ParameterisedTestMethodRunner.java:47)
	at junitparams.internal.ParameterisedTestMethodRunner.runTestMethod(ParameterisedTestMethodRunner.java:41)
	at junitparams.internal.ParameterisedTestClassRunner.runParameterisedTest(ParameterisedTestClassRunner.java:143)
	at junitparams.JUnitParamsRunner.runChild(JUnitParamsRunner.java:237)
	at junitparams.JUnitParamsRunner.runChild(JUnitParamsRunner.java:215)
	at org.junit.runners.ParentRunner$3.run(ParentRunner.java:193)
	at org.junit.runners.ParentRunner$1.schedule(ParentRunner.java:52)
	at org.junit.runners.ParentRunner.runChildren(ParentRunner.java:191)
	at org.junit.runners.ParentRunner.access$000(ParentRunner.java:42)
	at org.junit.runners.ParentRunner$2.evaluate(ParentRunner.java:184)
	at org.junit.internal.runners.statements.RunAfters.evaluate(RunAfters.java:31)
	at org.junit.runners.ParentRunner.run(ParentRunner.java:236)
	at org.junit.runners.Suite.runChild(Suite.java:128)
	at org.junit.runners.Suite.runChild(Suite.java:24)
	at org.junit.runners.ParentRunner$3.run(ParentRunner.java:193)
	at org.junit.runners.ParentRunner$1.schedule(ParentRunner.java:52)
	at org.junit.runners.ParentRunner.runChildren(ParentRunner.java:191)
	at org.junit.runners.ParentRunner.access$000(ParentRunner.java:42)
	at org.junit.runners.ParentRunner$2.evaluate(ParentRunner.java:184)
	at org.junit.runners.ParentRunner.run(ParentRunner.java:236)
	at junit.framework.JUnit4TestAdapter.run(JUnit4TestAdapter.java:39)
	at org.apache.tools.ant.taskdefs.optional.junit.JUnitTestRunner.run(JUnitTestRunner.java:535)
	at org.apache.tools.ant.taskdefs.optional.junit.JUnitTestRunner.launch(JUnitTestRunner.java:1182)
	at org.apache.tools.ant.taskdefs.optional.junit.JUnitTestRunner.main(JUnitTestRunner.java:1033)
Caused by: ptolemy.kernel.util.IllegalActionException: Error evaluating expression:
// A computer vision accessor.
...
  in .configuration.actor library.MoreLibraries.Accessors.image.ComputerVision.script
Because:
Failed to evaluate script.
  in .configuration.actor library.MoreLibraries.Accessors.image.ComputerVision
Because:
Error: Error executing module @accessors-modules/computer-vision line #89 : Could not find the org.ptolemy.opencv.ComputerVision class, perhaps OpenCV was not installed. The OpenCV API can be downloaded from http://opencv.org.  Under Mac OS X, try:  :sudo port install opencv +python27 +java".See org/ptolemy/opencv/package.html for installation help.
In file: /home/travis/build/icyphy/ptII/ptolemy/actor/lib/jjs/modules/computerVision/computerVision.js
Error: Could not find the org.ptolemy.opencv.ComputerVision class, perhaps OpenCV was not installed. The OpenCV API can be downloaded from http://opencv.org.  Under Mac OS X, try:  :sudo port install opencv +python27 +java".See org/ptolemy/opencv/package.html for installation help.
	at &lt;anonymous&gt; (/home/travis/build/icyphy/ptII/ptolemy/actor/lib/jjs/external/require.js#409:30&lt;eval&gt;:89)
	at _require (/home/travis/build/icyphy/ptII/ptolemy/actor/lib/jjs/external/require.js:429)
	at &lt;anonymous&gt; (/home/travis/build/icyphy/ptII/ptolemy/actor/lib/jjs/external/require.js:467)
	at &lt;anonymous&gt; (&lt;function&gt;:62)
	at Accessor (/home/travis/build/icyphy/ptII/ptolemy/actor/lib/jjs/external/require.js#409:30&lt;eval&gt;:545)
	at evaluateCode (&lt;eval&gt;:96) in /home/travis/build/icyphy/ptII/ptolemy/actor/lib/jjs/external/require.js at line number 454 at column number 12
  in .configuration.actor library.MoreLibraries.Accessors.image.ComputerVision.script
Because:
Error evaluating expression:
// A computer vision accessor.
...
  in .configuration.actor library.MoreLibraries.Accessors.image.ComputerVision.script
Because:
Failed to evaluate script.
  in .configuration.actor library.MoreLibraries.Accessors.image.ComputerVision
Because:
Error: Error executing module @accessors-modules/computer-vision line #89 : Could not find the org.ptolemy.opencv.ComputerVision class, perhaps OpenCV was not installed. The OpenCV API can be downloaded from http://opencv.org.  Under Mac OS X, try:  :sudo port install opencv +python27 +java".See org/ptolemy/opencv/package.html for installation help.
In file: /home/travis/build/icyphy/ptII/ptolemy/actor/lib/jjs/modules/computerVision/computerVision.js
Error: Could not find the org.ptolemy.opencv.ComputerVision class, perhaps OpenCV was not installed. The OpenCV API can be downloaded from http://opencv.org.  Under Mac OS X, try:  :sudo port install opencv +python27 +java".See org/ptolemy/opencv/package.html for installation help.
	at &lt;anonymous&gt; (/home/travis/build/icyphy/ptII/ptolemy/actor/lib/jjs/external/require.js#409:30&lt;eval&gt;:89)
	at _require (/home/travis/build/icyphy/ptII/ptolemy/actor/lib/jjs/external/require.js:429)
	at &lt;anonymous&gt; (/home/travis/build/icyphy/ptII/ptolemy/actor/lib/jjs/external/require.js:467)
	at &lt;anonymous&gt; (&lt;function&gt;:62)
	at Accessor (/home/travis/build/icyphy/ptII/ptolemy/actor/lib/jjs/external/require.js#409:30&lt;eval&gt;:545)
	at evaluateCode (&lt;eval&gt;:96) in /home/travis/build/icyphy/ptII/ptolemy/actor/lib/jjs/external/require.js at line number 454 at column number 12
	at ptolemy.data.expr.Variable.validate(Variable.java:1619)
	at ptolemy.moml.MoMLParser.endDocument(MoMLParser.java:867)
	at com.microstar.xml.XmlParser.doParse(XmlParser.java:162)
	at com.microstar.xml.XmlParser.parse(XmlParser.java:132)
	at ptolemy.moml.MoMLParser.parse(MoMLParser.java:1676)
	at ptolemy.moml.MoMLParser.parse(MoMLParser.java:1617)
	at ptolemy.moml.MoMLParser.parse(MoMLParser.java:1792)
	at org.terraswarm.accessor.AccessorLibrary.populate(AccessorLibrary.java:194)
	... 88 more
Caused by: ptolemy.kernel.util.IllegalActionException: Error evaluating expression:
// A computer vision accessor.
...
  in .configuration.actor library.MoreLibraries.Accessors.image.ComputerVision.script
Because:
Failed to evaluate script.
  in .configuration.actor library.MoreLibraries.Accessors.image.ComputerVision
Because:
Error: Error executing module @accessors-modules/computer-vision line #89 : Could not find the org.ptolemy.opencv.ComputerVision class, perhaps OpenCV was not installed. The OpenCV API can be downloaded from http://opencv.org.  Under Mac OS X, try:  :sudo port install opencv +python27 +java".See org/ptolemy/opencv/package.html for installation help.
In file: /home/travis/build/icyphy/ptII/ptolemy/actor/lib/jjs/modules/computerVision/computerVision.js
Error: Could not find the org.ptolemy.opencv.ComputerVision class, perhaps OpenCV was not installed. The OpenCV API can be downloaded from http://opencv.org.  Under Mac OS X, try:  :sudo port install opencv +python27 +java".See org/ptolemy/opencv/package.html for installation help.
	at &lt;anonymous&gt; (/home/travis/build/icyphy/ptII/ptolemy/actor/lib/jjs/external/require.js#409:30&lt;eval&gt;:89)
	at _require (/home/travis/build/icyphy/ptII/ptolemy/actor/lib/jjs/external/require.js:429)
	at &lt;anonymous&gt; (/home/travis/build/icyphy/ptII/ptolemy/actor/lib/jjs/external/require.js:467)
	at &lt;anonymous&gt; (&lt;function&gt;:62)
	at Accessor (/home/travis/build/icyphy/ptII/ptolemy/actor/lib/jjs/external/require.js#409:30&lt;eval&gt;:545)
	at evaluateCode (&lt;eval&gt;:96) in /home/travis/build/icyphy/ptII/ptolemy/actor/lib/jjs/external/require.js at line number 454 at column number 12
	at ptolemy.data.expr.Variable._evaluate(Variable.java:1891)
	at ptolemy.data.expr.Variable._propagate(Variable.java:1984)
	at ptolemy.data.expr.Variable.validate(Variable.java:1596)
	... 95 more
Caused by: ptolemy.kernel.util.IllegalActionException: Failed to evaluate script.
  in .configuration.actor library.MoreLibraries.Accessors.image.ComputerVision
Because:
Error: Error executing module @accessors-modules/computer-vision line #89 : Could not find the org.ptolemy.opencv.ComputerVision class, perhaps OpenCV was not installed. The OpenCV API can be downloaded from http://opencv.org.  Under Mac OS X, try:  :sudo port install opencv +python27 +java".See org/ptolemy/opencv/package.html for installation help.
In file: /home/travis/build/icyphy/ptII/ptolemy/actor/lib/jjs/modules/computerVision/computerVision.js
Error: Could not find the org.ptolemy.opencv.ComputerVision class, perhaps OpenCV was not installed. The OpenCV API can be downloaded from http://opencv.org.  Under Mac OS X, try:  :sudo port install opencv +python27 +java".See org/ptolemy/opencv/package.html for installation help.
	at &lt;anonymous&gt; (/home/travis/build/icyphy/ptII/ptolemy/actor/lib/jjs/external/require.js#409:30&lt;eval&gt;:89)
	at _require (/home/travis/build/icyphy/ptII/ptolemy/actor/lib/jjs/external/require.js:429)
	at &lt;anonymous&gt; (/home/travis/build/icyphy/ptII/ptolemy/actor/lib/jjs/external/require.js:467)
	at &lt;anonymous&gt; (&lt;function&gt;:62)
	at Accessor (/home/travis/build/icyphy/ptII/ptolemy/actor/lib/jjs/external/require.js#409:30&lt;eval&gt;:545)
	at evaluateCode (&lt;eval&gt;:96) in /home/travis/build/icyphy/ptII/ptolemy/actor/lib/jjs/external/require.js at line number 454 at column number 12
	at ptolemy.actor.lib.jjs.JavaScript._createEngineAndEvaluateSetup(JavaScript.java:2501)
	at ptolemy.actor.lib.jjs.JavaScript.attributeChanged(JavaScript.java:548)
	at org.terraswarm.accessor.JSAccessor.attributeChanged(JSAccessor.java:312)
	at ptolemy.data.expr.Variable._setTokenAndNotify(Variable.java:2271)
	at ptolemy.data.expr.Variable._evaluate(Variable.java:1873)
	... 97 more
Caused by: javax.script.ScriptException: Error: Error executing module @accessors-modules/computer-vision line #89 : Could not find the org.ptolemy.opencv.ComputerVision class, perhaps OpenCV was not installed. The OpenCV API can be downloaded from http://opencv.org.  Under Mac OS X, try:  :sudo port install opencv +python27 +java".See org/ptolemy/opencv/package.html for installation help.
In file: /home/travis/build/icyphy/ptII/ptolemy/actor/lib/jjs/modules/computerVision/computerVision.js
Error: Could not find the org.ptolemy.opencv.ComputerVision class, perhaps OpenCV was not installed. The OpenCV API can be downloaded from http://opencv.org.  Under Mac OS X, try:  :sudo port install opencv +python27 +java".See org/ptolemy/opencv/package.html for installation help.
	at &lt;anonymous&gt; (/home/travis/build/icyphy/ptII/ptolemy/actor/lib/jjs/external/require.js#409:30&lt;eval&gt;:89)
	at _require (/home/travis/build/icyphy/ptII/ptolemy/actor/lib/jjs/external/require.js:429)
	at &lt;anonymous&gt; (/home/travis/build/icyphy/ptII/ptolemy/actor/lib/jjs/external/require.js:467)
	at &lt;anonymous&gt; (&lt;function&gt;:62)
	at Accessor (/home/travis/build/icyphy/ptII/ptolemy/actor/lib/jjs/external/require.js#409:30&lt;eval&gt;:545)
	at evaluateCode (&lt;eval&gt;:96) in /home/travis/build/icyphy/ptII/ptolemy/actor/lib/jjs/external/require.js at line number 454 at column number 12
	at org.openjdk.nashorn.api.scripting.NashornScriptEngine.throwAsScriptException(NashornScriptEngine.java:463)
	at org.openjdk.nashorn.api.scripting.NashornScriptEngine.invokeImpl(NashornScriptEngine.java:385)
	at org.openjdk.nashorn.api.scripting.NashornScriptEngine.invokeFunction(NashornScriptEngine.java:186)
	at ptolemy.actor.lib.jjs.JavaScript._createEngineAndEvaluateSetup(JavaScript.java:2497)
	... 101 more
Caused by: /home/travis/build/icyphy/ptII/ptolemy/actor/lib/jjs/external/require.js:454:12 Error: Error executing module @accessors-modules/computer-vision line #89 : Could not find the org.ptolemy.opencv.ComputerVision class, perhaps OpenCV was not installed. The OpenCV API can be downloaded from http://opencv.org.  Under Mac OS X, try:  :sudo port install opencv +python27 +java".See org/ptolemy/opencv/package.html for installation help.
In file: /home/travis/build/icyphy/ptII/ptolemy/actor/lib/jjs/modules/computerVision/computerVision.js
Error: Could not find the org.ptolemy.opencv.ComputerVision class, perhaps OpenCV was not installed. The OpenCV API can be downloaded from http://opencv.org.  Under Mac OS X, try:  :sudo port install opencv +python27 +java".See org/ptolemy/opencv/package.html for installation help.
	at &lt;anonymous&gt; (/home/travis/build/icyphy/ptII/ptolemy/actor/lib/jjs/external/require.js#409:30&lt;eval&gt;:89)
	at _require (/home/travis/build/icyphy/ptII/ptolemy/actor/lib/jjs/external/require.js:429)
	at &lt;anonymous&gt; (/home/travis/build/icyphy/ptII/ptolemy/actor/lib/jjs/external/require.js:467)
	at &lt;anonymous&gt; (&lt;function&gt;:62)
	at Accessor (/home/travis/build/icyphy/ptII/ptolemy/actor/lib/jjs/external/require.js#409:30&lt;eval&gt;:545)
	at evaluateCode (&lt;eval&gt;:96)
	at org.openjdk.nashorn.internal.objects.NativeError.initException(NativeError.java:135)
	at org.openjdk.nashorn.internal.objects.NativeError.&lt;init&gt;(NativeError.java:101)
	at org.openjdk.nashorn.internal.objects.NativeError.&lt;init&gt;(NativeError.java:105)
	at org.openjdk.nashorn.internal.objects.NativeError.&lt;init&gt;(NativeError.java:109)
	at org.openjdk.nashorn.internal.objects.NativeError.constructor(NativeError.java:128)
	at org.openjdk.nashorn.internal.scripts.Script$Recompilation$3537$16264AAA$require.L:45#_require(/home/travis/build/icyphy/ptII/ptolemy/actor/lib/jjs/external/require.js:454)
	at org.openjdk.nashorn.internal.scripts.Script$Recompilation$3536$21065A$require.L:45#_requireClosure#L:466(/home/travis/build/icyphy/ptII/ptolemy/actor/lib/jjs/external/require.js:467)
	at org.openjdk.nashorn.internal.scripts.Script$Recompilation$3561$1AAAAAAAAAAAAAA$\^function\_.L:1(&lt;function&gt;:62)
	at org.openjdk.nashorn.internal.scripts.Script$Recompilation$3555$17933AAAAAA$require.L:1#Accessor(/home/travis/build/icyphy/ptII/ptolemy/actor/lib/jjs/external/require.js#409:30&lt;eval&gt;:545)
	at org.openjdk.nashorn.internal.scripts.Script$Recompilation$3554$2801AAA$\^eval\_.evaluateCode(&lt;eval&gt;:96)
	at org.openjdk.nashorn.internal.runtime.ScriptFunctionData.invoke(ScriptFunctionData.java:652)
	at org.openjdk.nashorn.internal.runtime.ScriptFunction.invoke(ScriptFunction.java:513)
	at org.openjdk.nashorn.internal.runtime.ScriptRuntime.apply(ScriptRuntime.java:520)
	at org.openjdk.nashorn.api.scripting.ScriptObjectMirror.callMember(ScriptObjectMirror.java:187)
	at org.openjdk.nashorn.api.scripting.NashornScriptEngine.invokeImpl(NashornScriptEngine.java:379)
	... 103 more
Caused by: ptolemy.kernel.util.IllegalActionException: Error evaluating expression:
// A computer vision accessor.
...
  in .configuration.actor library.MoreLibraries.Accessors.image.ComputerVision.script
Because:
Failed to evaluate script.
  in .configuration.actor library.MoreLibraries.Accessors.image.ComputerVision
Because:
Error: Error executing module @accessors-modules/computer-vision line #89 : Could not find the org.ptolemy.opencv.ComputerVision class, perhaps OpenCV was not installed. The OpenCV API can be downloaded from http://opencv.org.  Under Mac OS X, try:  :sudo port install opencv +python27 +java".See org/ptolemy/opencv/package.html for installation help.
In file: /home/travis/build/icyphy/ptII/ptolemy/actor/lib/jjs/modules/computerVision/computerVision.js
Error: Could not find the org.ptolemy.opencv.ComputerVision class, perhaps OpenCV was not installed. The OpenCV API can be downloaded from http://opencv.org.  Under Mac OS X, try:  :sudo port install opencv +python27 +java".See org/ptolemy/opencv/package.html for installation help.
	at &lt;anonymous&gt; (/home/travis/build/icyphy/ptII/ptolemy/actor/lib/jjs/external/require.js#409:30&lt;eval&gt;:89)
	at _require (/home/travis/build/icyphy/ptII/ptolemy/actor/lib/jjs/external/require.js:429)
	at &lt;anonymous&gt; (/home/travis/build/icyphy/ptII/ptolemy/actor/lib/jjs/external/require.js:467)
	at &lt;anonymous&gt; (&lt;function&gt;:62)
	at Accessor (/home/travis/build/icyphy/ptII/ptolemy/actor/lib/jjs/external/require.js#409:30&lt;eval&gt;:545)
	at evaluateCode (&lt;eval&gt;:96) in /home/travis/build/icyphy/ptII/ptolemy/actor/lib/jjs/external/require.js at line number 454 at column number 12
  in .configuration.actor library.MoreLibraries.Accessors.image.ComputerVision.script
Because:
Error evaluating expression:
// A computer vision accessor.
...
  in .configuration.actor library.MoreLibraries.Accessors.image.ComputerVision.script
Because:
Failed to evaluate script.
  in .configuration.actor library.MoreLibraries.Accessors.image.ComputerVision
Because:
Error: Error executing module @accessors-modules/computer-vision line #89 : Could not find the org.ptolemy.opencv.ComputerVision class, perhaps OpenCV was not installed. The OpenCV API can be downloaded from http://opencv.org.  Under Mac OS X, try:  :sudo port install opencv +python27 +java".See org/ptolemy/opencv/package.html for installation help.
In file: /home/travis/build/icyphy/ptII/ptolemy/actor/lib/jjs/modules/computerVision/computerVision.js
Error: Could not find the org.ptolemy.opencv.ComputerVision class, perhaps OpenCV was not installed. The OpenCV API can be downloaded from http://opencv.org.  Under Mac OS X, try:  :sudo port install opencv +python27 +java".See org/ptolemy/opencv/package.html for installation help.
	at &lt;anonymous&gt; (/home/travis/build/icyphy/ptII/ptolemy/actor/lib/jjs/external/require.js#409:30&lt;eval&gt;:89)
	at _require (/home/travis/build/icyphy/ptII/ptolemy/actor/lib/jjs/external/require.js:429)
	at &lt;anonymous&gt; (/home/travis/build/icyphy/ptII/ptolemy/actor/lib/jjs/external/require.js:467)
	at &lt;anonymous&gt; (&lt;function&gt;:62)
	at Accessor (/home/travis/build/icyphy/ptII/ptolemy/actor/lib/jjs/external/require.js#409:30&lt;eval&gt;:545)
	at evaluateCode (&lt;eval&gt;:96) in /home/travis/build/icyphy/ptII/ptolemy/actor/lib/jjs/external/require.js at line number 454 at column number 12
	at ptolemy.data.expr.Variable.validate(Variable.java:1619)
	at ptolemy.moml.MoMLParser.endDocument(MoMLParser.java:867)
	at com.microstar.xml.XmlParser.doParse(XmlParser.java:162)
	at com.microstar.xml.XmlParser.parse(XmlParser.java:132)
	at ptolemy.moml.MoMLParser.parse(MoMLParser.java:1676)
	at ptolemy.moml.MoMLParser.parse(MoMLParser.java:1617)
	at ptolemy.moml.MoMLParser.parse(MoMLParser.java:1792)
	at org.terraswarm.accessor.AccessorLibrary.populate(AccessorLibrary.java:194)
	at ptolemy.moml.EntityLibrary.classDefinitionList(EntityLibrary.java:307)
	at ptolemy.kernel.CompositeEntity._description(CompositeEntity.java:2292)
	at ptolemy.kernel.CompositeEntity._description(CompositeEntity.java:2307)
	at ptolemy.kernel.CompositeEntity._description(CompositeEntity.java:2307)
	at ptolemy.kernel.CompositeEntity._description(CompositeEntity.java:2307)
	at ptolemy.kernel.CompositeEntity._description(CompositeEntity.java:2307)
	at ptolemy.kernel.util.NamedObj.description(NamedObj.java:731)
	at ptolemy.kernel.util.NamedObj.description(NamedObj.java:715)
	at java.base/jdk.internal.reflect.NativeMethodAccessorImpl.invoke0(Native Method)
	at java.base/jdk.internal.reflect.NativeMethodAccessorImpl.invoke(NativeMethodAccessorImpl.java:62)
	at java.base/jdk.internal.reflect.DelegatingMethodAccessorImpl.invoke(DelegatingMethodAccessorImpl.java:43)
	at java.base/java.lang.reflect.Method.invoke(Method.java:566)
	at tcl.lang.reflect.PkgInvoker.invokeMethod(PkgInvoker.java:129)
	at tcl.lang.JavaInvoke.call(JavaInvoke.java:253)
	at tcl.lang.JavaInvoke.callMethod(JavaInvoke.java:116)
	at tcl.lang.ReflectObject.cmdProc(ReflectObject.java:727)
	at tcl.lang.Parser.evalObjv(Parser.java:740)
	at tcl.lang.Parser.eval2(Parser.java:1138)
	at tcl.lang.Interp.eval(Interp.java:1782)
	at tcl.lang.Interp.eval(Interp.java:1841)
	at tcl.lang.CatchCmd.cmdProc(CatchCmd.java:42)
	at tcl.lang.Parser.evalObjv(Parser.java:740)
	at tcl.lang.Parser.eval2(Parser.java:1138)
	at tcl.lang.Parser.evalTokens(Parser.java:930)
	at tcl.lang.Parser.eval2(Parser.java:1125)
	at tcl.lang.Procedure.cmdProc(Procedure.java:175)
	at tcl.lang.Parser.evalObjv(Parser.java:740)
	at tcl.lang.Parser.eval2(Parser.java:1138)
	at tcl.lang.Interp.eval(Interp.java:1782)
	at tcl.lang.Interp.eval(Interp.java:1841)
	at tcl.lang.UplevelCmd.cmdProc(UplevelCmd.java:93)
	at tcl.lang.Parser.evalObjv(Parser.java:740)
	at tcl.lang.Parser.eval2(Parser.java:1138)
	at tcl.lang.Interp.eval(Interp.java:1782)
	at tcl.lang.Interp.eval(Interp.java:1841)
	at tcl.lang.CatchCmd.cmdProc(CatchCmd.java:42)
	at tcl.lang.Parser.evalObjv(Parser.java:740)
	at tcl.lang.Parser.eval2(Parser.java:1138)
	at tcl.lang.Parser.evalTokens(Parser.java:930)
	at tcl.lang.Parser.eval2(Parser.java:1125)
	at tcl.lang.Procedure.cmdProc(Procedure.java:175)
	at tcl.lang.Parser.evalObjv(Parser.java:740)
	at tcl.lang.Parser.eval2(Parser.java:1138)
	at tcl.lang.Interp.eval(Interp.java:1782)
	at tcl.lang.Interp.eval(Interp.java:1841)
	at tcl.lang.ForeachCmd.cmdProc(ForeachCmd.java:116)
	at tcl.lang.AutoloadStub.cmdProc(Extension.java:144)
	at tcl.lang.Parser.evalObjv(Parser.java:740)
	at tcl.lang.Parser.eval2(Parser.java:1138)
	at tcl.lang.Interp.eval(Interp.java:1782)
	at tcl.lang.Interp.evalFile(Interp.java:1880)
	at java.base/jdk.internal.reflect.NativeMethodAccessorImpl.invoke0(Native Method)
	at java.base/jdk.internal.reflect.NativeMethodAccessorImpl.invoke(NativeMethodAccessorImpl.java:62)
	at java.base/jdk.internal.reflect.DelegatingMethodAccessorImpl.invoke(DelegatingMethodAccessorImpl.java:43)
	at java.base/java.lang.reflect.Method.invoke(Method.java:566)
	at ptolemy.util.test.junit.TclTests.RunTclFile(TclTests.java:233)
	at java.base/jdk.internal.reflect.NativeMethodAccessorImpl.invoke0(Native Method)
	at java.base/jdk.internal.reflect.NativeMethodAccessorImpl.invoke(NativeMethodAccessorImpl.java:62)
	at java.base/jdk.internal.reflect.DelegatingMethodAccessorImpl.invoke(DelegatingMethodAccessorImpl.java:43)
	at java.base/java.lang.reflect.Method.invoke(Method.java:566)
	at org.junit.runners.model.FrameworkMethod$1.runReflectiveCall(FrameworkMethod.java:44)
	at org.junit.internal.runners.model.ReflectiveCallable.run(ReflectiveCallable.java:15)
	at org.junit.runners.model.FrameworkMethod.invokeExplosively(FrameworkMethod.java:41)
	at junitparams.internal.InvokeParameterisedMethod.evaluate(InvokeParameterisedMethod.java:102)
	at junitparams.internal.ParameterisedTestMethodRunner.runMethodInvoker(ParameterisedTestMethodRunner.java:47)
	at junitparams.internal.ParameterisedTestMethodRunner.runTestMethod(ParameterisedTestMethodRunner.java:41)
	at junitparams.internal.ParameterisedTestClassRunner.runParameterisedTest(ParameterisedTestClassRunner.java:143)
	at junitparams.JUnitParamsRunner.runChild(JUnitParamsRunner.java:237)
	at junitparams.JUnitParamsRunner.runChild(JUnitParamsRunner.java:215)
	at org.junit.runners.ParentRunner$3.run(ParentRunner.java:193)
	at org.junit.runners.ParentRunner$1.schedule(ParentRunner.java:52)
	at org.junit.runners.ParentRunner.runChildren(ParentRunner.java:191)
	at org.junit.runners.ParentRunner.access$000(ParentRunner.java:42)
	at org.junit.runners.ParentRunner$2.evaluate(ParentRunner.java:184)
	at org.junit.internal.runners.statements.RunAfters.evaluate(RunAfters.java:31)
	at org.junit.runners.ParentRunner.run(ParentRunner.java:236)
	at org.junit.runners.Suite.runChild(Suite.java:128)
	at org.junit.runners.Suite.runChild(Suite.java:24)
	at org.junit.runners.ParentRunner$3.run(ParentRunner.java:193)
	at org.junit.runners.ParentRunner$1.schedule(ParentRunner.java:52)
	at org.junit.runners.ParentRunner.runChildren(ParentRunner.java:191)
	at org.junit.runners.ParentRunner.access$000(ParentRunner.java:42)
	at org.junit.runners.ParentRunner$2.evaluate(ParentRunner.java:184)
	at org.junit.runners.ParentRunner.run(ParentRunner.java:236)
	at junit.framework.JUnit4TestAdapter.run(JUnit4TestAdapter.java:39)
	at org.apache.tools.ant.taskdefs.optional.junit.JUnitTestRunner.run(JUnitTestRunner.java:535)
	at org.apache.tools.ant.taskdefs.optional.junit.JUnitTestRunner.launch(JUnitTestRunner.java:1182)
	at org.apache.tools.ant.taskdefs.optional.junit.JUnitTestRunner.main(JUnitTestRunner.java:1033)
Caused by: ptolemy.kernel.util.IllegalActionException: Error evaluating expression:
// A computer vision accessor.
...
  in .configuration.actor library.MoreLibraries.Accessors.image.ComputerVision.script
Because:
Failed to evaluate script.
  in .configuration.actor library.MoreLibraries.Accessors.image.ComputerVision
Because:
Error: Error executing module @accessors-modules/computer-vision line #89 : Could not find the org.ptolemy.opencv.ComputerVision class, perhaps OpenCV was not installed. The OpenCV API can be downloaded from http://opencv.org.  Under Mac OS X, try:  :sudo port install opencv +python27 +java".See org/ptolemy/opencv/package.html for installation help.
In file: /home/travis/build/icyphy/ptII/ptolemy/actor/lib/jjs/modules/computerVision/computerVision.js
Error: Could not find the org.ptolemy.opencv.ComputerVision class, perhaps OpenCV was not installed. The OpenCV API can be downloaded from http://opencv.org.  Under Mac OS X, try:  :sudo port install opencv +python27 +java".See org/ptolemy/opencv/package.html for installation help.
	at &lt;anonymous&gt; (/home/travis/build/icyphy/ptII/ptolemy/actor/lib/jjs/external/require.js#409:30&lt;eval&gt;:89)
	at _require (/home/travis/build/icyphy/ptII/ptolemy/actor/lib/jjs/external/require.js:429)
	at &lt;anonymous&gt; (/home/travis/build/icyphy/ptII/ptolemy/actor/lib/jjs/external/require.js:467)
	at &lt;anonymous&gt; (&lt;function&gt;:62)
	at Accessor (/home/travis/build/icyphy/ptII/ptolemy/actor/lib/jjs/external/require.js#409:30&lt;eval&gt;:545)
	at evaluateCode (&lt;eval&gt;:96) in /home/travis/build/icyphy/ptII/ptolemy/actor/lib/jjs/external/require.js at line number 454 at column number 12
	at ptolemy.data.expr.Variable._evaluate(Variable.java:1891)
	at ptolemy.data.expr.Variable._propagate(Variable.java:1984)
	at ptolemy.data.expr.Variable.validate(Variable.java:1596)
	... 95 more
Caused by: ptolemy.kernel.util.IllegalActionException: Failed to evaluate script.
  in .configuration.actor library.MoreLibraries.Accessors.image.ComputerVision
Because:
Error: Error executing module @accessors-modules/computer-vision line #89 : Could not find the org.ptolemy.opencv.ComputerVision class, perhaps OpenCV was not installed. The OpenCV API can be downloaded from http://opencv.org.  Under Mac OS X, try:  :sudo port install opencv +python27 +java".See org/ptolemy/opencv/package.html for installation help.
In file: /home/travis/build/icyphy/ptII/ptolemy/actor/lib/jjs/modules/computerVision/computerVision.js
Error: Could not find the org.ptolemy.opencv.ComputerVision class, perhaps OpenCV was not installed. The OpenCV API can be downloaded from http://opencv.org.  Under Mac OS X, try:  :sudo port install opencv +python27 +java".See org/ptolemy/opencv/package.html for installation help.
	at &lt;anonymous&gt; (/home/travis/build/icyphy/ptII/ptolemy/actor/lib/jjs/external/require.js#409:30&lt;eval&gt;:89)
	at _require (/home/travis/build/icyphy/ptII/ptolemy/actor/lib/jjs/external/require.js:429)
	at &lt;anonymous&gt; (/home/travis/build/icyphy/ptII/ptolemy/actor/lib/jjs/external/require.js:467)
	at &lt;anonymous&gt; (&lt;function&gt;:62)
	at Accessor (/home/travis/build/icyphy/ptII/ptolemy/actor/lib/jjs/external/require.js#409:30&lt;eval&gt;:545)
	at evaluateCode (&lt;eval&gt;:96) in /home/travis/build/icyphy/ptII/ptolemy/actor/lib/jjs/external/require.js at line number 454 at column number 12
	at ptolemy.actor.lib.jjs.JavaScript._createEngineAndEvaluateSetup(JavaScript.java:2501)
	at ptolemy.actor.lib.jjs.JavaScript.attributeChanged(JavaScript.java:548)
	at org.terraswarm.accessor.JSAccessor.attributeChanged(JSAccessor.java:312)
	at ptolemy.data.expr.Variable._setTokenAndNotify(Variable.java:2271)
	at ptolemy.data.expr.Variable._evaluate(Variable.java:1873)
	... 97 more
Caused by: javax.script.ScriptException: Error: Error executing module @accessors-modules/computer-vision line #89 : Could not find the org.ptolemy.opencv.ComputerVision class, perhaps OpenCV was not installed. The OpenCV API can be downloaded from http://opencv.org.  Under Mac OS X, try:  :sudo port install opencv +python27 +java".See org/ptolemy/opencv/package.html for installation help.
In file: /home/travis/build/icyphy/ptII/ptolemy/actor/lib/jjs/modules/computerVision/computerVision.js
Error: Could not find the org.ptolemy.opencv.ComputerVision class, perhaps OpenCV was not installed. The OpenCV API can be downloaded from http://opencv.org.  Under Mac OS X, try:  :sudo port install opencv +python27 +java".See org/ptolemy/opencv/package.html for installation help.
	at &lt;anonymous&gt; (/home/travis/build/icyphy/ptII/ptolemy/actor/lib/jjs/external/require.js#409:30&lt;eval&gt;:89)
	at _require (/home/travis/build/icyphy/ptII/ptolemy/actor/lib/jjs/external/require.js:429)
	at &lt;anonymous&gt; (/home/travis/build/icyphy/ptII/ptolemy/actor/lib/jjs/external/require.js:467)
	at &lt;anonymous&gt; (&lt;function&gt;:62)
	at Accessor (/home/travis/build/icyphy/ptII/ptolemy/actor/lib/jjs/external/require.js#409:30&lt;eval&gt;:545)
	at evaluateCode (&lt;eval&gt;:96) in /home/travis/build/icyphy/ptII/ptolemy/actor/lib/jjs/external/require.js at line number 454 at column number 12
	at org.openjdk.nashorn.api.scripting.NashornScriptEngine.throwAsScriptException(NashornScriptEngine.java:463)
	at org.openjdk.nashorn.api.scripting.NashornScriptEngine.invokeImpl(NashornScriptEngine.java:385)
	at org.openjdk.nashorn.api.scripting.NashornScriptEngine.invokeFunction(NashornScriptEngine.java:186)
	at ptolemy.actor.lib.jjs.JavaScript._createEngineAndEvaluateSetup(JavaScript.java:2497)
	... 101 more
Caused by: /home/travis/build/icyphy/ptII/ptolemy/actor/lib/jjs/external/require.js:454:12 Error: Error executing module @accessors-modules/computer-vision line #89 : Could not find the org.ptolemy.opencv.ComputerVision class, perhaps OpenCV was not installed. The OpenCV API can be downloaded from http://opencv.org.  Under Mac OS X, try:  :sudo port install opencv +python27 +java".See org/ptolemy/opencv/package.html for installation help.
In file: /home/travis/build/icyphy/ptII/ptolemy/actor/lib/jjs/modules/computerVision/computerVision.js
Error: Could not find the org.ptolemy.opencv.ComputerVision class, perhaps OpenCV was not installed. The OpenCV API can be downloaded from http://opencv.org.  Under Mac OS X, try:  :sudo port install opencv +python27 +java".See org/ptolemy/opencv/package.html for installation help.
	at &lt;anonymous&gt; (/home/travis/build/icyphy/ptII/ptolemy/actor/lib/jjs/external/require.js#409:30&lt;eval&gt;:89)
	at _require (/home/travis/build/icyphy/ptII/ptolemy/actor/lib/jjs/external/require.js:429)
	at &lt;anonymous&gt; (/home/travis/build/icyphy/ptII/ptolemy/actor/lib/jjs/external/require.js:467)
	at &lt;anonymous&gt; (&lt;function&gt;:62)
	at Accessor (/home/travis/build/icyphy/ptII/ptolemy/actor/lib/jjs/external/require.js#409:30&lt;eval&gt;:545)
	at evaluateCode (&lt;eval&gt;:96)
	at org.openjdk.nashorn.internal.objects.NativeError.initException(NativeError.java:135)
	at org.openjdk.nashorn.internal.objects.NativeError.&lt;init&gt;(NativeError.java:101)
	at org.openjdk.nashorn.internal.objects.NativeError.&lt;init&gt;(NativeError.java:105)
	at org.openjdk.nashorn.internal.objects.NativeError.&lt;init&gt;(NativeError.java:109)
	at org.openjdk.nashorn.internal.objects.NativeError.constructor(NativeError.java:128)
	at org.openjdk.nashorn.internal.scripts.Script$Recompilation$3537$16264AAA$require.L:45#_require(/home/travis/build/icyphy/ptII/ptolemy/actor/lib/jjs/external/require.js:454)
	at org.openjdk.nashorn.internal.scripts.Script$Recompilation$3536$21065A$require.L:45#_requireClosure#L:466(/home/travis/build/icyphy/ptII/ptolemy/actor/lib/jjs/external/require.js:467)
	at org.openjdk.nashorn.internal.scripts.Script$Recompilation$3561$1AAAAAAAAAAAAAA$\^function\_.L:1(&lt;function&gt;:62)
	at org.openjdk.nashorn.internal.scripts.Script$Recompilation$3555$17933AAAAAA$require.L:1#Accessor(/home/travis/build/icyphy/ptII/ptolemy/actor/lib/jjs/external/require.js#409:30&lt;eval&gt;:545)
	at org.openjdk.nashorn.internal.scripts.Script$Recompilation$3554$2801AAA$\^eval\_.evaluateCode(&lt;eval&gt;:96)
	at org.openjdk.nashorn.internal.runtime.ScriptFunctionData.invoke(ScriptFunctionData.java:652)
	at org.openjdk.nashorn.internal.runtime.ScriptFunction.invoke(ScriptFunction.java:513)
	at org.openjdk.nashorn.internal.runtime.ScriptRuntime.apply(ScriptRuntime.java:520)
	at org.openjdk.nashorn.api.scripting.ScriptObjectMirror.callMember(ScriptObjectMirror.java:187)
	at org.openjdk.nashorn.api.scripting.NashornScriptEngine.invokeImpl(NashornScriptEngine.java:379)
	... 103 more
Caused by: ptolemy.kernel.util.IllegalActionException: Error evaluating expression:
// A computer vision accessor.
...
  in .configuration.actor library.MoreLibraries.Accessors.image.ComputerVision.script
Because:
Failed to evaluate script.
  in .configuration.actor library.MoreLibraries.Accessors.image.ComputerVision
Because:
Error: Error executing module @accessors-modules/computer-vision line #89 : Could not find the org.ptolemy.opencv.ComputerVision class, perhaps OpenCV was not installed. The OpenCV API can be downloaded from http://opencv.org.  Under Mac OS X, try:  :sudo port install opencv +python27 +java".See org/ptolemy/opencv/package.html for installation help.
In file: /home/travis/build/icyphy/ptII/ptolemy/actor/lib/jjs/modules/computerVision/computerVision.js
Error: Could not find the org.ptolemy.opencv.ComputerVision class, perhaps OpenCV was not installed. The OpenCV API can be downloaded from http://opencv.org.  Under Mac OS X, try:  :sudo port install opencv +python27 +java".See org/ptolemy/opencv/package.html for installation help.
	at &lt;anonymous&gt; (/home/travis/build/icyphy/ptII/ptolemy/actor/lib/jjs/external/require.js#409:30&lt;eval&gt;:89)
	at _require (/home/travis/build/icyphy/ptII/ptolemy/actor/lib/jjs/external/require.js:429)
	at &lt;anonymous&gt; (/home/travis/build/icyphy/ptII/ptolemy/actor/lib/jjs/external/require.js:467)
	at &lt;anonymous&gt; (&lt;function&gt;:62)
	at Accessor (/home/travis/build/icyphy/ptII/ptolemy/actor/lib/jjs/external/require.js#409:30&lt;eval&gt;:545)
	at evaluateCode (&lt;eval&gt;:96) in /home/travis/build/icyphy/ptII/ptolemy/actor/lib/jjs/external/require.js at line number 454 at column number 12
	at ptolemy.data.expr.Variable._evaluate(Variable.java:1891)
	at ptolemy.data.expr.Variable._propagate(Variable.java:1984)
	at ptolemy.data.expr.Variable.validate(Variable.java:1596)
	at ptolemy.moml.MoMLParser.endDocument(MoMLParser.java:867)
	at com.microstar.xml.XmlParser.doParse(XmlParser.java:162)
	at com.microstar.xml.XmlParser.parse(XmlParser.java:132)
	at ptolemy.moml.MoMLParser.parse(MoMLParser.java:1676)
	at ptolemy.moml.MoMLParser.parse(MoMLParser.java:1617)
	at ptolemy.moml.MoMLParser.parse(MoMLParser.java:1792)
	at org.terraswarm.accessor.AccessorLibrary.populate(AccessorLibrary.java:194)
	at ptolemy.moml.EntityLibrary.classDefinitionList(EntityLibrary.java:307)
	at ptolemy.kernel.CompositeEntity._description(CompositeEntity.java:2292)
	at ptolemy.kernel.CompositeEntity._description(CompositeEntity.java:2307)
	at ptolemy.kernel.CompositeEntity._description(CompositeEntity.java:2307)
	at ptolemy.kernel.CompositeEntity._description(CompositeEntity.java:2307)
	at ptolemy.kernel.CompositeEntity._description(CompositeEntity.java:2307)
	at ptolemy.kernel.util.NamedObj.description(NamedObj.java:731)
	at ptolemy.kernel.util.NamedObj.description(NamedObj.java:715)
	at java.base/jdk.internal.reflect.NativeMethodAccessorImpl.invoke0(Native Method)
	at java.base/jdk.internal.reflect.NativeMethodAccessorImpl.invoke(NativeMethodAccessorImpl.java:62)
	at java.base/jdk.internal.reflect.DelegatingMethodAccessorImpl.invoke(DelegatingMethodAccessorImpl.java:43)
	at java.base/java.lang.reflect.Method.invoke(Method.java:566)
	at tcl.lang.reflect.PkgInvoker.invokeMethod(PkgInvoker.java:129)
	at tcl.lang.JavaInvoke.call(JavaInvoke.java:253)
	at tcl.lang.JavaInvoke.callMethod(JavaInvoke.java:116)
	at tcl.lang.ReflectObject.cmdProc(ReflectObject.java:727)
	at tcl.lang.Parser.evalObjv(Parser.java:740)
	at tcl.lang.Parser.eval2(Parser.java:1138)
	at tcl.lang.Interp.eval(Interp.java:1782)
	at tcl.lang.Interp.eval(Interp.java:1841)
	at tcl.lang.CatchCmd.cmdProc(CatchCmd.java:42)
	at tcl.lang.Parser.evalObjv(Parser.java:740)
	at tcl.lang.Parser.eval2(Parser.java:1138)
	at tcl.lang.Parser.evalTokens(Parser.java:930)
	at tcl.lang.Parser.eval2(Parser.java:1125)
	at tcl.lang.Procedure.cmdProc(Procedure.java:175)
	at tcl.lang.Parser.evalObjv(Parser.java:740)
	at tcl.lang.Parser.eval2(Parser.java:1138)
	at tcl.lang.Interp.eval(Interp.java:1782)
	at tcl.lang.Interp.eval(Interp.java:1841)
	at tcl.lang.UplevelCmd.cmdProc(UplevelCmd.java:93)
	at tcl.lang.Parser.evalObjv(Parser.java:740)
	at tcl.lang.Parser.eval2(Parser.java:1138)
	at tcl.lang.Interp.eval(Interp.java:1782)
	at tcl.lang.Interp.eval(Interp.java:1841)
	at tcl.lang.CatchCmd.cmdProc(CatchCmd.java:42)
	at tcl.lang.Parser.evalObjv(Parser.java:740)
	at tcl.lang.Parser.eval2(Parser.java:1138)
	at tcl.lang.Parser.evalTokens(Parser.java:930)
	at tcl.lang.Parser.eval2(Parser.java:1125)
	at tcl.lang.Procedure.cmdProc(Procedure.java:175)
	at tcl.lang.Parser.evalObjv(Parser.java:740)
	at tcl.lang.Parser.eval2(Parser.java:1138)
	at tcl.lang.Interp.eval(Interp.java:1782)
	at tcl.lang.Interp.eval(Interp.java:1841)
	at tcl.lang.ForeachCmd.cmdProc(ForeachCmd.java:116)
	at tcl.lang.AutoloadStub.cmdProc(Extension.java:144)
	at tcl.lang.Parser.evalObjv(Parser.java:740)
	at tcl.lang.Parser.eval2(Parser.java:1138)
	at tcl.lang.Interp.eval(Interp.java:1782)
	at tcl.lang.Interp.evalFile(Interp.java:1880)
	at java.base/jdk.internal.reflect.NativeMethodAccessorImpl.invoke0(Native Method)
	at java.base/jdk.internal.reflect.NativeMethodAccessorImpl.invoke(NativeMethodAccessorImpl.java:62)
	at java.base/jdk.internal.reflect.DelegatingMethodAccessorImpl.invoke(DelegatingMethodAccessorImpl.java:43)
	at java.base/java.lang.reflect.Method.invoke(Method.java:566)
	at ptolemy.util.test.junit.TclTests.RunTclFile(TclTests.java:233)
	at java.base/jdk.internal.reflect.NativeMethodAccessorImpl.invoke0(Native Method)
	at java.base/jdk.internal.reflect.NativeMethodAccessorImpl.invoke(NativeMethodAccessorImpl.java:62)
	at java.base/jdk.internal.reflect.DelegatingMethodAccessorImpl.invoke(DelegatingMethodAccessorImpl.java:43)
	at java.base/java.lang.reflect.Method.invoke(Method.java:566)
	at org.junit.runners.model.FrameworkMethod$1.runReflectiveCall(FrameworkMethod.java:44)
	at org.junit.internal.runners.model.ReflectiveCallable.run(ReflectiveCallable.java:15)
	at org.junit.runners.model.FrameworkMethod.invokeExplosively(FrameworkMethod.java:41)
	at junitparams.internal.InvokeParameterisedMethod.evaluate(InvokeParameterisedMethod.java:102)
	at junitparams.internal.ParameterisedTestMethodRunner.runMethodInvoker(ParameterisedTestMethodRunner.java:47)
	at junitparams.internal.ParameterisedTestMethodRunner.runTestMethod(ParameterisedTestMethodRunner.java:41)
	at junitparams.internal.ParameterisedTestClassRunner.runParameterisedTest(ParameterisedTestClassRunner.java:143)
	at junitparams.JUnitParamsRunner.runChild(JUnitParamsRunner.java:237)
	at junitparams.JUnitParamsRunner.runChild(JUnitParamsRunner.java:215)
	at org.junit.runners.ParentRunner$3.run(ParentRunner.java:193)
	at org.junit.runners.ParentRunner$1.schedule(ParentRunner.java:52)
	at org.junit.runners.ParentRunner.runChildren(ParentRunner.java:191)
	at org.junit.runners.ParentRunner.access$000(ParentRunner.java:42)
	at org.junit.runners.ParentRunner$2.evaluate(ParentRunner.java:184)
	at org.junit.internal.runners.statements.RunAfters.evaluate(RunAfters.java:31)
	at org.junit.runners.ParentRunner.run(ParentRunner.java:236)
	at org.junit.runners.Suite.runChild(Suite.java:128)
	at org.junit.runners.Suite.runChild(Suite.java:24)
	at org.junit.runners.ParentRunner$3.run(ParentRunner.java:193)
	at org.junit.runners.ParentRunner$1.schedule(ParentRunner.java:52)
	at org.junit.runners.ParentRunner.runChildren(ParentRunner.java:191)
	at org.junit.runners.ParentRunner.access$000(ParentRunner.java:42)
	at org.junit.runners.ParentRunner$2.evaluate(ParentRunner.java:184)
	at org.junit.runners.ParentRunner.run(ParentRunner.java:236)
	at junit.framework.JUnit4TestAdapter.run(JUnit4TestAdapter.java:39)
	at org.apache.tools.ant.taskdefs.optional.junit.JUnitTestRunner.run(JUnitTestRunner.java:535)
	at org.apache.tools.ant.taskdefs.optional.junit.JUnitTestRunner.launch(JUnitTestRunner.java:1182)
	at org.apache.tools.ant.taskdefs.optional.junit.JUnitTestRunner.main(JUnitTestRunner.java:1033)
Caused by: ptolemy.kernel.util.IllegalActionException: Failed to evaluate script.
  in .configuration.actor library.MoreLibraries.Accessors.image.ComputerVision
Because:
Error: Error executing module @accessors-modules/computer-vision line #89 : Could not find the org.ptolemy.opencv.ComputerVision class, perhaps OpenCV was not installed. The OpenCV API can be downloaded from http://opencv.org.  Under Mac OS X, try:  :sudo port install opencv +python27 +java".See org/ptolemy/opencv/package.html for installation help.
In file: /home/travis/build/icyphy/ptII/ptolemy/actor/lib/jjs/modules/computerVision/computerVision.js
Error: Could not find the org.ptolemy.opencv.ComputerVision class, perhaps OpenCV was not installed. The OpenCV API can be downloaded from http://opencv.org.  Under Mac OS X, try:  :sudo port install opencv +python27 +java".See org/ptolemy/opencv/package.html for installation help.
	at &lt;anonymous&gt; (/home/travis/build/icyphy/ptII/ptolemy/actor/lib/jjs/external/require.js#409:30&lt;eval&gt;:89)
	at _require (/home/travis/build/icyphy/ptII/ptolemy/actor/lib/jjs/external/require.js:429)
	at &lt;anonymous&gt; (/home/travis/build/icyphy/ptII/ptolemy/actor/lib/jjs/external/require.js:467)
	at &lt;anonymous&gt; (&lt;function&gt;:62)
	at Accessor (/home/travis/build/icyphy/ptII/ptolemy/actor/lib/jjs/external/require.js#409:30&lt;eval&gt;:545)
	at evaluateCode (&lt;eval&gt;:96) in /home/travis/build/icyphy/ptII/ptolemy/actor/lib/jjs/external/require.js at line number 454 at column number 12
	at ptolemy.actor.lib.jjs.JavaScript._createEngineAndEvaluateSetup(JavaScript.java:2501)
	at ptolemy.actor.lib.jjs.JavaScript.attributeChanged(JavaScript.java:548)
	at org.terraswarm.accessor.JSAccessor.attributeChanged(JSAccessor.java:312)
	at ptolemy.data.expr.Variable._setTokenAndNotify(Variable.java:2271)
	at ptolemy.data.expr.Variable._evaluate(Variable.java:1873)
	... 97 more
Caused by: javax.script.ScriptException: Error: Error executing module @accessors-modules/computer-vision line #89 : Could not find the org.ptolemy.opencv.ComputerVision class, perhaps OpenCV was not installed. The OpenCV API can be downloaded from http://opencv.org.  Under Mac OS X, try:  :sudo port install opencv +python27 +java".See org/ptolemy/opencv/package.html for installation help.
In file: /home/travis/build/icyphy/ptII/ptolemy/actor/lib/jjs/modules/computerVision/computerVision.js
Error: Could not find the org.ptolemy.opencv.ComputerVision class, perhaps OpenCV was not installed. The OpenCV API can be downloaded from http://opencv.org.  Under Mac OS X, try:  :sudo port install opencv +python27 +java".See org/ptolemy/opencv/package.html for installation help.
	at &lt;anonymous&gt; (/home/travis/build/icyphy/ptII/ptolemy/actor/lib/jjs/external/require.js#409:30&lt;eval&gt;:89)
	at _require (/home/travis/build/icyphy/ptII/ptolemy/actor/lib/jjs/external/require.js:429)
	at &lt;anonymous&gt; (/home/travis/build/icyphy/ptII/ptolemy/actor/lib/jjs/external/require.js:467)
	at &lt;anonymous&gt; (&lt;function&gt;:62)
	at Accessor (/home/travis/build/icyphy/ptII/ptolemy/actor/lib/jjs/external/require.js#409:30&lt;eval&gt;:545)
	at evaluateCode (&lt;eval&gt;:96) in /home/travis/build/icyphy/ptII/ptolemy/actor/lib/jjs/external/require.js at line number 454 at column number 12
	at org.openjdk.nashorn.api.scripting.NashornScriptEngine.throwAsScriptException(NashornScriptEngine.java:463)
	at org.openjdk.nashorn.api.scripting.NashornScriptEngine.invokeImpl(NashornScriptEngine.java:385)
	at org.openjdk.nashorn.api.scripting.NashornScriptEngine.invokeFunction(NashornScriptEngine.java:186)
	at ptolemy.actor.lib.jjs.JavaScript._createEngineAndEvaluateSetup(JavaScript.java:2497)
	... 101 more
Caused by: /home/travis/build/icyphy/ptII/ptolemy/actor/lib/jjs/external/require.js:454:12 Error: Error executing module @accessors-modules/computer-vision line #89 : Could not find the org.ptolemy.opencv.ComputerVision class, perhaps OpenCV was not installed. The OpenCV API can be downloaded from http://opencv.org.  Under Mac OS X, try:  :sudo port install opencv +python27 +java".See org/ptolemy/opencv/package.html for installation help.
In file: /home/travis/build/icyphy/ptII/ptolemy/actor/lib/jjs/modules/computerVision/computerVision.js
Error: Could not find the org.ptolemy.opencv.ComputerVision class, perhaps OpenCV was not installed. The OpenCV API can be downloaded from http://opencv.org.  Under Mac OS X, try:  :sudo port install opencv +python27 +java".See org/ptolemy/opencv/package.html for installation help.
	at &lt;anonymous&gt; (/home/travis/build/icyphy/ptII/ptolemy/actor/lib/jjs/external/require.js#409:30&lt;eval&gt;:89)
	at _require (/home/travis/build/icyphy/ptII/ptolemy/actor/lib/jjs/external/require.js:429)
	at &lt;anonymous&gt; (/home/travis/build/icyphy/ptII/ptolemy/actor/lib/jjs/external/require.js:467)
	at &lt;anonymous&gt; (&lt;function&gt;:62)
	at Accessor (/home/travis/build/icyphy/ptII/ptolemy/actor/lib/jjs/external/require.js#409:30&lt;eval&gt;:545)
	at evaluateCode (&lt;eval&gt;:96)
	at org.openjdk.nashorn.internal.objects.NativeError.initException(NativeError.java:135)
	at org.openjdk.nashorn.internal.objects.NativeError.&lt;init&gt;(NativeError.java:101)
	at org.openjdk.nashorn.internal.objects.NativeError.&lt;init&gt;(NativeError.java:105)
	at org.openjdk.nashorn.internal.objects.NativeError.&lt;init&gt;(NativeError.java:109)
	at org.openjdk.nashorn.internal.objects.NativeError.constructor(NativeError.java:128)
	at org.openjdk.nashorn.internal.scripts.Script$Recompilation$3537$16264AAA$require.L:45#_require(/home/travis/build/icyphy/ptII/ptolemy/actor/lib/jjs/external/require.js:454)
	at org.openjdk.nashorn.internal.scripts.Script$Recompilation$3536$21065A$require.L:45#_requireClosure#L:466(/home/travis/build/icyphy/ptII/ptolemy/actor/lib/jjs/external/require.js:467)
	at org.openjdk.nashorn.internal.scripts.Script$Recompilation$3561$1AAAAAAAAAAAAAA$\^function\_.L:1(&lt;function&gt;:62)
	at org.openjdk.nashorn.internal.scripts.Script$Recompilation$3555$17933AAAAAA$require.L:1#Accessor(/home/travis/build/icyphy/ptII/ptolemy/actor/lib/jjs/external/require.js#409:30&lt;eval&gt;:545)
	at org.openjdk.nashorn.internal.scripts.Script$Recompilation$3554$2801AAA$\^eval\_.evaluateCode(&lt;eval&gt;:96)
	at org.openjdk.nashorn.internal.runtime.ScriptFunctionData.invoke(ScriptFunctionData.java:652)
	at org.openjdk.nashorn.internal.runtime.ScriptFunction.invoke(ScriptFunction.java:513)
	at org.openjdk.nashorn.internal.runtime.ScriptRuntime.apply(ScriptRuntime.java:520)
	at org.openjdk.nashorn.api.scripting.ScriptObjectMirror.callMember(ScriptObjectMirror.java:187)
	at org.openjdk.nashorn.api.scripting.NashornScriptEngine.invokeImpl(NashornScriptEngine.java:379)
	... 103 more
Caused by: ptolemy.kernel.util.IllegalActionException: Failed to evaluate script.
  in .configuration.actor library.MoreLibraries.Accessors.image.ComputerVision
Because:
Error: Error executing module @accessors-modules/computer-vision line #89 : Could not find the org.ptolemy.opencv.ComputerVision class, perhaps OpenCV was not installed. The OpenCV API can be downloaded from http://opencv.org.  Under Mac OS X, try:  :sudo port install opencv +python27 +java".See org/ptolemy/opencv/package.html for installation help.
In file: /home/travis/build/icyphy/ptII/ptolemy/actor/lib/jjs/modules/computerVision/computerVision.js
Error: Could not find the org.ptolemy.opencv.ComputerVision class, perhaps OpenCV was not installed. The OpenCV API can be downloaded from http://opencv.org.  Under Mac OS X, try:  :sudo port install opencv +python27 +java".See org/ptolemy/opencv/package.html for installation help.
	at &lt;anonymous&gt; (/home/travis/build/icyphy/ptII/ptolemy/actor/lib/jjs/external/require.js#409:30&lt;eval&gt;:89)
	at _require (/home/travis/build/icyphy/ptII/ptolemy/actor/lib/jjs/external/require.js:429)
	at &lt;anonymous&gt; (/home/travis/build/icyphy/ptII/ptolemy/actor/lib/jjs/external/require.js:467)
	at &lt;anonymous&gt; (&lt;function&gt;:62)
	at Accessor (/home/travis/build/icyphy/ptII/ptolemy/actor/lib/jjs/external/require.js#409:30&lt;eval&gt;:545)
	at evaluateCode (&lt;eval&gt;:96) in /home/travis/build/icyphy/ptII/ptolemy/actor/lib/jjs/external/require.js at line number 454 at column number 12
	at ptolemy.actor.lib.jjs.JavaScript._createEngineAndEvaluateSetup(JavaScript.java:2501)
	at ptolemy.actor.lib.jjs.JavaScript.attributeChanged(JavaScript.java:548)
	at org.terraswarm.accessor.JSAccessor.attributeChanged(JSAccessor.java:312)
	at ptolemy.data.expr.Variable._setTokenAndNotify(Variable.java:2271)
	at ptolemy.data.expr.Variable._evaluate(Variable.java:1873)
	at ptolemy.data.expr.Variable._propagate(Variable.java:1984)
	at ptolemy.data.expr.Variable.validate(Variable.java:1596)
	at ptolemy.moml.MoMLParser.endDocument(MoMLParser.java:867)
	at com.microstar.xml.XmlParser.doParse(XmlParser.java:162)
	at com.microstar.xml.XmlParser.parse(XmlParser.java:132)
	at ptolemy.moml.MoMLParser.parse(MoMLParser.java:1676)
	at ptolemy.moml.MoMLParser.parse(MoMLParser.java:1617)
	at ptolemy.moml.MoMLParser.parse(MoMLParser.java:1792)
	at org.terraswarm.accessor.AccessorLibrary.populate(AccessorLibrary.java:194)
	at ptolemy.moml.EntityLibrary.classDefinitionList(EntityLibrary.java:307)
	at ptolemy.kernel.CompositeEntity._description(CompositeEntity.java:2292)
	at ptolemy.kernel.CompositeEntity._description(CompositeEntity.java:2307)
	at ptolemy.kernel.CompositeEntity._description(CompositeEntity.java:2307)
	at ptolemy.kernel.CompositeEntity._description(CompositeEntity.java:2307)
	at ptolemy.kernel.CompositeEntity._description(CompositeEntity.java:2307)
	at ptolemy.kernel.util.NamedObj.description(NamedObj.java:731)
	at ptolemy.kernel.util.NamedObj.description(NamedObj.java:715)
	at java.base/jdk.internal.reflect.NativeMethodAccessorImpl.invoke0(Native Method)
	at java.base/jdk.internal.reflect.NativeMethodAccessorImpl.invoke(NativeMethodAccessorImpl.java:62)
	at java.base/jdk.internal.reflect.DelegatingMethodAccessorImpl.invoke(DelegatingMethodAccessorImpl.java:43)
	at java.base/java.lang.reflect.Method.invoke(Method.java:566)
	at tcl.lang.reflect.PkgInvoker.invokeMethod(PkgInvoker.java:129)
	at tcl.lang.JavaInvoke.call(JavaInvoke.java:253)
	at tcl.lang.JavaInvoke.callMethod(JavaInvoke.java:116)
	at tcl.lang.ReflectObject.cmdProc(ReflectObject.java:727)
	at tcl.lang.Parser.evalObjv(Parser.java:740)
	at tcl.lang.Parser.eval2(Parser.java:1138)
	at tcl.lang.Interp.eval(Interp.java:1782)
	at tcl.lang.Interp.eval(Interp.java:1841)
	at tcl.lang.CatchCmd.cmdProc(CatchCmd.java:42)
	at tcl.lang.Parser.evalObjv(Parser.java:740)
	at tcl.lang.Parser.eval2(Parser.java:1138)
	at tcl.lang.Parser.evalTokens(Parser.java:930)
	at tcl.lang.Parser.eval2(Parser.java:1125)
	at tcl.lang.Procedure.cmdProc(Procedure.java:175)
	at tcl.lang.Parser.evalObjv(Parser.java:740)
	at tcl.lang.Parser.eval2(Parser.java:1138)
	at tcl.lang.Interp.eval(Interp.java:1782)
	at tcl.lang.Interp.eval(Interp.java:1841)
	at tcl.lang.UplevelCmd.cmdProc(UplevelCmd.java:93)
	at tcl.lang.Parser.evalObjv(Parser.java:740)
	at tcl.lang.Parser.eval2(Parser.java:1138)
	at tcl.lang.Interp.eval(Interp.java:1782)
	at tcl.lang.Interp.eval(Interp.java:1841)
	at tcl.lang.CatchCmd.cmdProc(CatchCmd.java:42)
	at tcl.lang.Parser.evalObjv(Parser.java:740)
	at tcl.lang.Parser.eval2(Parser.java:1138)
	at tcl.lang.Parser.evalTokens(Parser.java:930)
	at tcl.lang.Parser.eval2(Parser.java:1125)
	at tcl.lang.Procedure.cmdProc(Procedure.java:175)
	at tcl.lang.Parser.evalObjv(Parser.java:740)
	at tcl.lang.Parser.eval2(Parser.java:1138)
	at tcl.lang.Interp.eval(Interp.java:1782)
	at tcl.lang.Interp.eval(Interp.java:1841)
	at tcl.lang.ForeachCmd.cmdProc(ForeachCmd.java:116)
	at tcl.lang.AutoloadStub.cmdProc(Extension.java:144)
	at tcl.lang.Parser.evalObjv(Parser.java:740)
	at tcl.lang.Parser.eval2(Parser.java:1138)
	at tcl.lang.Interp.eval(Interp.java:1782)
	at tcl.lang.Interp.evalFile(Interp.java:1880)
	at java.base/jdk.internal.reflect.NativeMethodAccessorImpl.invoke0(Native Method)
	at java.base/jdk.internal.reflect.NativeMethodAccessorImpl.invoke(NativeMethodAccessorImpl.java:62)
	at java.base/jdk.internal.reflect.DelegatingMethodAccessorImpl.invoke(DelegatingMethodAccessorImpl.java:43)
	at java.base/java.lang.reflect.Method.invoke(Method.java:566)
	at ptolemy.util.test.junit.TclTests.RunTclFile(TclTests.java:233)
	at java.base/jdk.internal.reflect.NativeMethodAccessorImpl.invoke0(Native Method)
	at java.base/jdk.internal.reflect.NativeMethodAccessorImpl.invoke(NativeMethodAccessorImpl.java:62)
	at java.base/jdk.internal.reflect.DelegatingMethodAccessorImpl.invoke(DelegatingMethodAccessorImpl.java:43)
	at java.base/java.lang.reflect.Method.invoke(Method.java:566)
	at org.junit.runners.model.FrameworkMethod$1.runReflectiveCall(FrameworkMethod.java:44)
	at org.junit.internal.runners.model.ReflectiveCallable.run(ReflectiveCallable.java:15)
	at org.junit.runners.model.FrameworkMethod.invokeExplosively(FrameworkMethod.java:41)
	at junitparams.internal.InvokeParameterisedMethod.evaluate(InvokeParameterisedMethod.java:102)
	at junitparams.internal.ParameterisedTestMethodRunner.runMethodInvoker(ParameterisedTestMethodRunner.java:47)
	at junitparams.internal.ParameterisedTestMethodRunner.runTestMethod(ParameterisedTestMethodRunner.java:41)
	at junitparams.internal.ParameterisedTestClassRunner.runParameterisedTest(ParameterisedTestClassRunner.java:143)
	at junitparams.JUnitParamsRunner.runChild(JUnitParamsRunner.java:237)
	at junitparams.JUnitParamsRunner.runChild(JUnitParamsRunner.java:215)
	at org.junit.runners.ParentRunner$3.run(ParentRunner.java:193)
	at org.junit.runners.ParentRunner$1.schedule(ParentRunner.java:52)
	at org.junit.runners.ParentRunner.runChildren(ParentRunner.java:191)
	at org.junit.runners.ParentRunner.access$000(ParentRunner.java:42)
	at org.junit.runners.ParentRunner$2.evaluate(ParentRunner.java:184)
	at org.junit.internal.runners.statements.RunAfters.evaluate(RunAfters.java:31)
	at org.junit.runners.ParentRunner.run(ParentRunner.java:236)
	at org.junit.runners.Suite.runChild(Suite.java:128)
	at org.junit.runners.Suite.runChild(Suite.java:24)
	at org.junit.runners.ParentRunner$3.run(ParentRunner.java:193)
	at org.junit.runners.ParentRunner$1.schedule(ParentRunner.java:52)
	at org.junit.runners.ParentRunner.runChildren(ParentRunner.java:191)
	at org.junit.runners.ParentRunner.access$000(ParentRunner.java:42)
	at org.junit.runners.ParentRunner$2.evaluate(ParentRunner.java:184)
	at org.junit.runners.ParentRunner.run(ParentRunner.java:236)
	at junit.framework.JUnit4TestAdapter.run(JUnit4TestAdapter.java:39)
	at org.apache.tools.ant.taskdefs.optional.junit.JUnitTestRunner.run(JUnitTestRunner.java:535)
	at org.apache.tools.ant.taskdefs.optional.junit.JUnitTestRunner.launch(JUnitTestRunner.java:1182)
	at org.apache.tools.ant.taskdefs.optional.junit.JUnitTestRunner.main(JUnitTestRunner.java:1033)
Caused by: javax.script.ScriptException: Error: Error executing module @accessors-modules/computer-vision line #89 : Could not find the org.ptolemy.opencv.ComputerVision class, perhaps OpenCV was not installed. The OpenCV API can be downloaded from http://opencv.org.  Under Mac OS X, try:  :sudo port install opencv +python27 +java".See org/ptolemy/opencv/package.html for installation help.
In file: /home/travis/build/icyphy/ptII/ptolemy/actor/lib/jjs/modules/computerVision/computerVision.js
Error: Could not find the org.ptolemy.opencv.ComputerVision class, perhaps OpenCV was not installed. The OpenCV API can be downloaded from http://opencv.org.  Under Mac OS X, try:  :sudo port install opencv +python27 +java".See org/ptolemy/opencv/package.html for installation help.
	at &lt;anonymous&gt; (/home/travis/build/icyphy/ptII/ptolemy/actor/lib/jjs/external/require.js#409:30&lt;eval&gt;:89)
	at _require (/home/travis/build/icyphy/ptII/ptolemy/actor/lib/jjs/external/require.js:429)
	at &lt;anonymous&gt; (/home/travis/build/icyphy/ptII/ptolemy/actor/lib/jjs/external/require.js:467)
	at &lt;anonymous&gt; (&lt;function&gt;:62)
	at Accessor (/home/travis/build/icyphy/ptII/ptolemy/actor/lib/jjs/external/require.js#409:30&lt;eval&gt;:545)
	at evaluateCode (&lt;eval&gt;:96) in /home/travis/build/icyphy/ptII/ptolemy/actor/lib/jjs/external/require.js at line number 454 at column number 12
	at org.openjdk.nashorn.api.scripting.NashornScriptEngine.throwAsScriptException(NashornScriptEngine.java:463)
	at org.openjdk.nashorn.api.scripting.NashornScriptEngine.invokeImpl(NashornScriptEngine.java:385)
	at org.openjdk.nashorn.api.scripting.NashornScriptEngine.invokeFunction(NashornScriptEngine.java:186)
	at ptolemy.actor.lib.jjs.JavaScript._createEngineAndEvaluateSetup(JavaScript.java:2497)
	... 101 more
Caused by: /home/travis/build/icyphy/ptII/ptolemy/actor/lib/jjs/external/require.js:454:12 Error: Error executing module @accessors-modules/computer-vision line #89 : Could not find the org.ptolemy.opencv.ComputerVision class, perhaps OpenCV was not installed. The OpenCV API can be downloaded from http://opencv.org.  Under Mac OS X, try:  :sudo port install opencv +python27 +java".See org/ptolemy/opencv/package.html for installation help.
In file: /home/travis/build/icyphy/ptII/ptolemy/actor/lib/jjs/modules/computerVision/computerVision.js
Error: Could not find the org.ptolemy.opencv.ComputerVision class, perhaps OpenCV was not installed. The OpenCV API can be downloaded from http://opencv.org.  Under Mac OS X, try:  :sudo port install opencv +python27 +java".See org/ptolemy/opencv/package.html for installation help.
	at &lt;anonymous&gt; (/home/travis/build/icyphy/ptII/ptolemy/actor/lib/jjs/external/require.js#409:30&lt;eval&gt;:89)
	at _require (/home/travis/build/icyphy/ptII/ptolemy/actor/lib/jjs/external/require.js:429)
	at &lt;anonymous&gt; (/home/travis/build/icyphy/ptII/ptolemy/actor/lib/jjs/external/require.js:467)
	at &lt;anonymous&gt; (&lt;function&gt;:62)
	at Accessor (/home/travis/build/icyphy/ptII/ptolemy/actor/lib/jjs/external/require.js#409:30&lt;eval&gt;:545)
	at evaluateCode (&lt;eval&gt;:96)
	at org.openjdk.nashorn.internal.objects.NativeError.initException(NativeError.java:135)
	at org.openjdk.nashorn.internal.objects.NativeError.&lt;init&gt;(NativeError.java:101)
	at org.openjdk.nashorn.internal.objects.NativeError.&lt;init&gt;(NativeError.java:105)
	at org.openjdk.nashorn.internal.objects.NativeError.&lt;init&gt;(NativeError.java:109)
	at org.openjdk.nashorn.internal.objects.NativeError.constructor(NativeError.java:128)
	at org.openjdk.nashorn.internal.scripts.Script$Recompilation$3537$16264AAA$require.L:45#_require(/home/travis/build/icyphy/ptII/ptolemy/actor/lib/jjs/external/require.js:454)
	at org.openjdk.nashorn.internal.scripts.Script$Recompilation$3536$21065A$require.L:45#_requireClosure#L:466(/home/travis/build/icyphy/ptII/ptolemy/actor/lib/jjs/external/require.js:467)
	at org.openjdk.nashorn.internal.scripts.Script$Recompilation$3561$1AAAAAAAAAAAAAA$\^function\_.L:1(&lt;function&gt;:62)
	at org.openjdk.nashorn.internal.scripts.Script$Recompilation$3555$17933AAAAAA$require.L:1#Accessor(/home/travis/build/icyphy/ptII/ptolemy/actor/lib/jjs/external/require.js#409:30&lt;eval&gt;:545)
	at org.openjdk.nashorn.internal.scripts.Script$Recompilation$3554$2801AAA$\^eval\_.evaluateCode(&lt;eval&gt;:96)
	at org.openjdk.nashorn.internal.runtime.ScriptFunctionData.invoke(ScriptFunctionData.java:652)
	at org.openjdk.nashorn.internal.runtime.ScriptFunction.invoke(ScriptFunction.java:513)
	at org.openjdk.nashorn.internal.runtime.ScriptRuntime.apply(ScriptRuntime.java:520)
	at org.openjdk.nashorn.api.scripting.ScriptObjectMirror.callMember(ScriptObjectMirror.java:187)
	at org.openjdk.nashorn.api.scripting.NashornScriptEngine.invokeImpl(NashornScriptEngine.java:379)
	... 103 more
Caused by: javax.script.ScriptException: Error: Error executing module @accessors-modules/computer-vision line #89 : Could not find the org.ptolemy.opencv.ComputerVision class, perhaps OpenCV was not installed. The OpenCV API can be downloaded from http://opencv.org.  Under Mac OS X, try:  :sudo port install opencv +python27 +java".See org/ptolemy/opencv/package.html for installation help.
In file: /home/travis/build/icyphy/ptII/ptolemy/actor/lib/jjs/modules/computerVision/computerVision.js
Error: Could not find the org.ptolemy.opencv.ComputerVision class, perhaps OpenCV was not installed. The OpenCV API can be downloaded from http://opencv.org.  Under Mac OS X, try:  :sudo port install opencv +python27 +java".See org/ptolemy/opencv/package.html for installation help.
	at &lt;anonymous&gt; (/home/travis/build/icyphy/ptII/ptolemy/actor/lib/jjs/external/require.js#409:30&lt;eval&gt;:89)
	at _require (/home/travis/build/icyphy/ptII/ptolemy/actor/lib/jjs/external/require.js:429)
	at &lt;anonymous&gt; (/home/travis/build/icyphy/ptII/ptolemy/actor/lib/jjs/external/require.js:467)
	at &lt;anonymous&gt; (&lt;function&gt;:62)
	at Accessor (/home/travis/build/icyphy/ptII/ptolemy/actor/lib/jjs/external/require.js#409:30&lt;eval&gt;:545)
	at evaluateCode (&lt;eval&gt;:96) in /home/travis/build/icyphy/ptII/ptolemy/actor/lib/jjs/external/require.js at line number 454 at column number 12
	at org.openjdk.nashorn.api.scripting.NashornScriptEngine.throwAsScriptException(NashornScriptEngine.java:463)
	at org.openjdk.nashorn.api.scripting.NashornScriptEngine.invokeImpl(NashornScriptEngine.java:385)
	at org.openjdk.nashorn.api.scripting.NashornScriptEngine.invokeFunction(NashornScriptEngine.java:186)
	at ptolemy.actor.lib.jjs.JavaScript._createEngineAndEvaluateSetup(JavaScript.java:2497)
	at ptolemy.actor.lib.jjs.JavaScript.attributeChanged(JavaScript.java:548)
	at org.terraswarm.accessor.JSAccessor.attributeChanged(JSAccessor.java:312)
	at ptolemy.data.expr.Variable._setTokenAndNotify(Variable.java:2271)
	at ptolemy.data.expr.Variable._evaluate(Variable.java:1873)
	at ptolemy.data.expr.Variable._propagate(Variable.java:1984)
	at ptolemy.data.expr.Variable.validate(Variable.java:1596)
	at ptolemy.moml.MoMLParser.endDocument(MoMLParser.java:867)
	at com.microstar.xml.XmlParser.doParse(XmlParser.java:162)
	at com.microstar.xml.XmlParser.parse(XmlParser.java:132)
	at ptolemy.moml.MoMLParser.parse(MoMLParser.java:1676)
	at ptolemy.moml.MoMLParser.parse(MoMLParser.java:1617)
	at ptolemy.moml.MoMLParser.parse(MoMLParser.java:1792)
	at org.terraswarm.accessor.AccessorLibrary.populate(AccessorLibrary.java:194)
	at ptolemy.moml.EntityLibrary.classDefinitionList(EntityLibrary.java:307)
	at ptolemy.kernel.CompositeEntity._description(CompositeEntity.java:2292)
	at ptolemy.kernel.CompositeEntity._description(CompositeEntity.java:2307)
	at ptolemy.kernel.CompositeEntity._description(CompositeEntity.java:2307)
	at ptolemy.kernel.CompositeEntity._description(CompositeEntity.java:2307)
	at ptolemy.kernel.CompositeEntity._description(CompositeEntity.java:2307)
	at ptolemy.kernel.util.NamedObj.description(NamedObj.java:731)
	at ptolemy.kernel.util.NamedObj.description(NamedObj.java:715)
	at java.base/jdk.internal.reflect.NativeMethodAccessorImpl.invoke0(Native Method)
	at java.base/jdk.internal.reflect.NativeMethodAccessorImpl.invoke(NativeMethodAccessorImpl.java:62)
	at java.base/jdk.internal.reflect.DelegatingMethodAccessorImpl.invoke(DelegatingMethodAccessorImpl.java:43)
	at java.base/java.lang.reflect.Method.invoke(Method.java:566)
	at tcl.lang.reflect.PkgInvoker.invokeMethod(PkgInvoker.java:129)
	at tcl.lang.JavaInvoke.call(JavaInvoke.java:253)
	at tcl.lang.JavaInvoke.callMethod(JavaInvoke.java:116)
	at tcl.lang.ReflectObject.cmdProc(ReflectObject.java:727)
	at tcl.lang.Parser.evalObjv(Parser.java:740)
	at tcl.lang.Parser.eval2(Parser.java:1138)
	at tcl.lang.Interp.eval(Interp.java:1782)
	at tcl.lang.Interp.eval(Interp.java:1841)
	at tcl.lang.CatchCmd.cmdProc(CatchCmd.java:42)
	at tcl.lang.Parser.evalObjv(Parser.java:740)
	at tcl.lang.Parser.eval2(Parser.java:1138)
	at tcl.lang.Parser.evalTokens(Parser.java:930)
	at tcl.lang.Parser.eval2(Parser.java:1125)
	at tcl.lang.Procedure.cmdProc(Procedure.java:175)
	at tcl.lang.Parser.evalObjv(Parser.java:740)
	at tcl.lang.Parser.eval2(Parser.java:1138)
	at tcl.lang.Interp.eval(Interp.java:1782)
	at tcl.lang.Interp.eval(Interp.java:1841)
	at tcl.lang.UplevelCmd.cmdProc(UplevelCmd.java:93)
	at tcl.lang.Parser.evalObjv(Parser.java:740)
	at tcl.lang.Parser.eval2(Parser.java:1138)
	at tcl.lang.Interp.eval(Interp.java:1782)
	at tcl.lang.Interp.eval(Interp.java:1841)
	at tcl.lang.CatchCmd.cmdProc(CatchCmd.java:42)
	at tcl.lang.Parser.evalObjv(Parser.java:740)
	at tcl.lang.Parser.eval2(Parser.java:1138)
	at tcl.lang.Parser.evalTokens(Parser.java:930)
	at tcl.lang.Parser.eval2(Parser.java:1125)
	at tcl.lang.Procedure.cmdProc(Procedure.java:175)
	at tcl.lang.Parser.evalObjv(Parser.java:740)
	at tcl.lang.Parser.eval2(Parser.java:1138)
	at tcl.lang.Interp.eval(Interp.java:1782)
	at tcl.lang.Interp.eval(Interp.java:1841)
	at tcl.lang.ForeachCmd.cmdProc(ForeachCmd.java:116)
	at tcl.lang.AutoloadStub.cmdProc(Extension.java:144)
	at tcl.lang.Parser.evalObjv(Parser.java:740)
	at tcl.lang.Parser.eval2(Parser.java:1138)
	at tcl.lang.Interp.eval(Interp.java:1782)
	at tcl.lang.Interp.evalFile(Interp.java:1880)
	at java.base/jdk.internal.reflect.NativeMethodAccessorImpl.invoke0(Native Method)
	at java.base/jdk.internal.reflect.NativeMethodAccessorImpl.invoke(NativeMethodAccessorImpl.java:62)
	at java.base/jdk.internal.reflect.DelegatingMethodAccessorImpl.invoke(DelegatingMethodAccessorImpl.java:43)
	at java.base/java.lang.reflect.Method.invoke(Method.java:566)
	at ptolemy.util.test.junit.TclTests.RunTclFile(TclTests.java:233)
	at java.base/jdk.internal.reflect.NativeMethodAccessorImpl.invoke0(Native Method)
	at java.base/jdk.internal.reflect.NativeMethodAccessorImpl.invoke(NativeMethodAccessorImpl.java:62)
	at java.base/jdk.internal.reflect.DelegatingMethodAccessorImpl.invoke(DelegatingMethodAccessorImpl.java:43)
	at java.base/java.lang.reflect.Method.invoke(Method.java:566)
	at org.junit.runners.model.FrameworkMethod$1.runReflectiveCall(FrameworkMethod.java:44)
	at org.junit.internal.runners.model.ReflectiveCallable.run(ReflectiveCallable.java:15)
	at org.junit.runners.model.FrameworkMethod.invokeExplosively(FrameworkMethod.java:41)
	at junitparams.internal.InvokeParameterisedMethod.evaluate(InvokeParameterisedMethod.java:102)
	at junitparams.internal.ParameterisedTestMethodRunner.runMethodInvoker(ParameterisedTestMethodRunner.java:47)
	at junitparams.internal.ParameterisedTestMethodRunner.runTestMethod(ParameterisedTestMethodRunner.java:41)
	at junitparams.internal.ParameterisedTestClassRunner.runParameterisedTest(ParameterisedTestClassRunner.java:143)
	at junitparams.JUnitParamsRunner.runChild(JUnitParamsRunner.java:237)
	at junitparams.JUnitParamsRunner.runChild(JUnitParamsRunner.java:215)
	at org.junit.runners.ParentRunner$3.run(ParentRunner.java:193)
	at org.junit.runners.ParentRunner$1.schedule(ParentRunner.java:52)
	at org.junit.runners.ParentRunner.runChildren(ParentRunner.java:191)
	at org.junit.runners.ParentRunner.access$000(ParentRunner.java:42)
	at org.junit.runners.ParentRunner$2.evaluate(ParentRunner.java:184)
	at org.junit.internal.runners.statements.RunAfters.evaluate(RunAfters.java:31)
	at org.junit.runners.ParentRunner.run(ParentRunner.java:236)
	at org.junit.runners.Suite.runChild(Suite.java:128)
	at org.junit.runners.Suite.runChild(Suite.java:24)
	at org.junit.runners.ParentRunner$3.run(ParentRunner.java:193)
	at org.junit.runners.ParentRunner$1.schedule(ParentRunner.java:52)
	at org.junit.runners.ParentRunner.runChildren(ParentRunner.java:191)
	at org.junit.runners.ParentRunner.access$000(ParentRunner.java:42)
	at org.junit.runners.ParentRunner$2.evaluate(ParentRunner.java:184)
	at org.junit.runners.ParentRunner.run(ParentRunner.java:236)
	at junit.framework.JUnit4TestAdapter.run(JUnit4TestAdapter.java:39)
	at org.apache.tools.ant.taskdefs.optional.junit.JUnitTestRunner.run(JUnitTestRunner.java:535)
	at org.apache.tools.ant.taskdefs.optional.junit.JUnitTestRunner.launch(JUnitTestRunner.java:1182)
	at org.apache.tools.ant.taskdefs.optional.junit.JUnitTestRunner.main(JUnitTestRunner.java:1033)
Caused by: /home/travis/build/icyphy/ptII/ptolemy/actor/lib/jjs/external/require.js:454:12 Error: Error executing module @accessors-modules/computer-vision line #89 : Could not find the org.ptolemy.opencv.ComputerVision class, perhaps OpenCV was not installed. The OpenCV API can be downloaded from http://opencv.org.  Under Mac OS X, try:  :sudo port install opencv +python27 +java".See org/ptolemy/opencv/package.html for installation help.
In file: /home/travis/build/icyphy/ptII/ptolemy/actor/lib/jjs/modules/computerVision/computerVision.js
Error: Could not find the org.ptolemy.opencv.ComputerVision class, perhaps OpenCV was not installed. The OpenCV API can be downloaded from http://opencv.org.  Under Mac OS X, try:  :sudo port install opencv +python27 +java".See org/ptolemy/opencv/package.html for installation help.
	at &lt;anonymous&gt; (/home/travis/build/icyphy/ptII/ptolemy/actor/lib/jjs/external/require.js#409:30&lt;eval&gt;:89)
	at _require (/home/travis/build/icyphy/ptII/ptolemy/actor/lib/jjs/external/require.js:429)
	at &lt;anonymous&gt; (/home/travis/build/icyphy/ptII/ptolemy/actor/lib/jjs/external/require.js:467)
	at &lt;anonymous&gt; (&lt;function&gt;:62)
	at Accessor (/home/travis/build/icyphy/ptII/ptolemy/actor/lib/jjs/external/require.js#409:30&lt;eval&gt;:545)
	at evaluateCode (&lt;eval&gt;:96)
	at org.openjdk.nashorn.internal.objects.NativeError.initException(NativeError.java:135)
	at org.openjdk.nashorn.internal.objects.NativeError.&lt;init&gt;(NativeError.java:101)
	at org.openjdk.nashorn.internal.objects.NativeError.&lt;init&gt;(NativeError.java:105)
	at org.openjdk.nashorn.internal.objects.NativeError.&lt;init&gt;(NativeError.java:109)
	at org.openjdk.nashorn.internal.objects.NativeError.constructor(NativeError.java:128)
	at org.openjdk.nashorn.internal.scripts.Script$Recompilation$3537$16264AAA$require.L:45#_require(/home/travis/build/icyphy/ptII/ptolemy/actor/lib/jjs/external/require.js:454)
	at org.openjdk.nashorn.internal.scripts.Script$Recompilation$3536$21065A$require.L:45#_requireClosure#L:466(/home/travis/build/icyphy/ptII/ptolemy/actor/lib/jjs/external/require.js:467)
	at org.openjdk.nashorn.internal.scripts.Script$Recompilation$3561$1AAAAAAAAAAAAAA$\^function\_.L:1(&lt;function&gt;:62)
	at org.openjdk.nashorn.internal.scripts.Script$Recompilation$3555$17933AAAAAA$require.L:1#Accessor(/home/travis/build/icyphy/ptII/ptolemy/actor/lib/jjs/external/require.js#409:30&lt;eval&gt;:545)
	at org.openjdk.nashorn.internal.scripts.Script$Recompilation$3554$2801AAA$\^eval\_.evaluateCode(&lt;eval&gt;:96)
	at org.openjdk.nashorn.internal.runtime.ScriptFunctionData.invoke(ScriptFunctionData.java:652)
	at org.openjdk.nashorn.internal.runtime.ScriptFunction.invoke(ScriptFunction.java:513)
	at org.openjdk.nashorn.internal.runtime.ScriptRuntime.apply(ScriptRuntime.java:520)
	at org.openjdk.nashorn.api.scripting.ScriptObjectMirror.callMember(ScriptObjectMirror.java:187)
	at org.openjdk.nashorn.api.scripting.NashornScriptEngine.invokeImpl(NashornScriptEngine.java:379)
	... 103 more
Loading accessor failed: ComputerVision.js
ptolemy.kernel.util.IllegalActionException: Error evaluating expression:
// A computer vision accessor.
...
  in .configuration.actor library.Accessors.image.ComputerVision.script
Because:
Failed to evaluate script.
  in .configuration.actor library.Accessors.image.ComputerVision
Because:
Error: Error executing module @accessors-modules/computer-vision line #89 : Could not find the org.ptolemy.opencv.ComputerVision class, perhaps OpenCV was not installed. The OpenCV API can be downloaded from http://opencv.org.  Under Mac OS X, try:  :sudo port install opencv +python27 +java".See org/ptolemy/opencv/package.html for installation help.
In file: /home/travis/build/icyphy/ptII/ptolemy/actor/lib/jjs/modules/computerVision/computerVision.js
Error: Could not find the org.ptolemy.opencv.ComputerVision class, perhaps OpenCV was not installed. The OpenCV API can be downloaded from http://opencv.org.  Under Mac OS X, try:  :sudo port install opencv +python27 +java".See org/ptolemy/opencv/package.html for installation help.
	at &lt;anonymous&gt; (/home/travis/build/icyphy/ptII/ptolemy/actor/lib/jjs/external/require.js#409:30&lt;eval&gt;:89)
	at _require (/home/travis/build/icyphy/ptII/ptolemy/actor/lib/jjs/external/require.js:429)
	at &lt;anonymous&gt; (/home/travis/build/icyphy/ptII/ptolemy/actor/lib/jjs/external/require.js:467)
	at &lt;anonymous&gt; (&lt;function&gt;:62)
	at Accessor (/home/travis/build/icyphy/ptII/ptolemy/actor/lib/jjs/external/require.js#409:30&lt;eval&gt;:545)
	at evaluateCode (&lt;eval&gt;:96) in /home/travis/build/icyphy/ptII/ptolemy/actor/lib/jjs/external/require.js at line number 454 at column number 12
  in .configuration.actor library.Accessors.image.ComputerVision.script
Because:
Error evaluating expression:
// A computer vision accessor.
...
  in .configuration.actor library.Accessors.image.ComputerVision.script
Because:
Failed to evaluate script.
  in .configuration.actor library.Accessors.image.ComputerVision
Because:
Error: Error executing module @accessors-modules/computer-vision line #89 : Could not find the org.ptolemy.opencv.ComputerVision class, perhaps OpenCV was not installed. The OpenCV API can be downloaded from http://opencv.org.  Under Mac OS X, try:  :sudo port install opencv +python27 +java".See org/ptolemy/opencv/package.html for installation help.
In file: /home/travis/build/icyphy/ptII/ptolemy/actor/lib/jjs/modules/computerVision/computerVision.js
Error: Could not find the org.ptolemy.opencv.ComputerVision class, perhaps OpenCV was not installed. The OpenCV API can be downloaded from http://opencv.org.  Under Mac OS X, try:  :sudo port install opencv +python27 +java".See org/ptolemy/opencv/package.html for installation help.
	at &lt;anonymous&gt; (/home/travis/build/icyphy/ptII/ptolemy/actor/lib/jjs/external/require.js#409:30&lt;eval&gt;:89)
	at _require (/home/travis/build/icyphy/ptII/ptolemy/actor/lib/jjs/external/require.js:429)
	at &lt;anonymous&gt; (/home/travis/build/icyphy/ptII/ptolemy/actor/lib/jjs/external/require.js:467)
	at &lt;anonymous&gt; (&lt;function&gt;:62)
	at Accessor (/home/travis/build/icyphy/ptII/ptolemy/actor/lib/jjs/external/require.js#409:30&lt;eval&gt;:545)
	at evaluateCode (&lt;eval&gt;:96) in /home/travis/build/icyphy/ptII/ptolemy/actor/lib/jjs/external/require.js at line number 454 at column number 12
Failed to populate library.
ptolemy.kernel.util.InternalErrorException: Loading accessor failed: ComputerVision.js
  in .configuration.actor library.Accessors.image
Because:
Error evaluating expression:
// A computer vision accessor.
...
  in .configuration.actor library.Accessors.image.ComputerVision.script
Because:
Failed to evaluate script.
  in .configuration.actor library.Accessors.image.ComputerVision
Because:
Error: Error executing module @accessors-modules/computer-vision line #89 : Could not find the org.ptolemy.opencv.ComputerVision class, perhaps OpenCV was not installed. The OpenCV API can be downloaded from http://opencv.org.  Under Mac OS X, try:  :sudo port install opencv +python27 +java".See org/ptolemy/opencv/package.html for installation help.
In file: /home/travis/build/icyphy/ptII/ptolemy/actor/lib/jjs/modules/computerVision/computerVision.js
Error: Could not find the org.ptolemy.opencv.ComputerVision class, perhaps OpenCV was not installed. The OpenCV API can be downloaded from http://opencv.org.  Under Mac OS X, try:  :sudo port install opencv +python27 +java".See org/ptolemy/opencv/package.html for installation help.
	at &lt;anonymous&gt; (/home/travis/build/icyphy/ptII/ptolemy/actor/lib/jjs/external/require.js#409:30&lt;eval&gt;:89)
	at _require (/home/travis/build/icyphy/ptII/ptolemy/actor/lib/jjs/external/require.js:429)
	at &lt;anonymous&gt; (/home/travis/build/icyphy/ptII/ptolemy/actor/lib/jjs/external/require.js:467)
	at &lt;anonymous&gt; (&lt;function&gt;:62)
	at Accessor (/home/travis/build/icyphy/ptII/ptolemy/actor/lib/jjs/external/require.js#409:30&lt;eval&gt;:545)
	at evaluateCode (&lt;eval&gt;:96) in /home/travis/build/icyphy/ptII/ptolemy/actor/lib/jjs/external/require.js at line number 454 at column number 12
  in .configuration.actor library.Accessors.image.ComputerVision.script
Because:
Error evaluating expression:
// A computer vision accessor.
...
  in .configuration.actor library.Accessors.image.ComputerVision.script
Because:
Failed to evaluate script.
  in .configuration.actor library.Accessors.image.ComputerVision
Because:
Error: Error executing module @accessors-modules/computer-vision line #89 : Could not find the org.ptolemy.opencv.ComputerVision class, perhaps OpenCV was not installed. The OpenCV API can be downloaded from http://opencv.org.  Under Mac OS X, try:  :sudo port install opencv +python27 +java".See org/ptolemy/opencv/package.html for installation help.
In file: /home/travis/build/icyphy/ptII/ptolemy/actor/lib/jjs/modules/computerVision/computerVision.js
Error: Could not find the org.ptolemy.opencv.ComputerVision class, perhaps OpenCV was not installed. The OpenCV API can be downloaded from http://opencv.org.  Under Mac OS X, try:  :sudo port install opencv +python27 +java".See org/ptolemy/opencv/package.html for installation help.
	at &lt;anonymous&gt; (/home/travis/build/icyphy/ptII/ptolemy/actor/lib/jjs/external/require.js#409:30&lt;eval&gt;:89)
	at _require (/home/travis/build/icyphy/ptII/ptolemy/actor/lib/jjs/external/require.js:429)
	at &lt;anonymous&gt; (/home/travis/build/icyphy/ptII/ptolemy/actor/lib/jjs/external/require.js:467)
	at &lt;anonymous&gt; (&lt;function&gt;:62)
	at Accessor (/home/travis/build/icyphy/ptII/ptolemy/actor/lib/jjs/external/require.js#409:30&lt;eval&gt;:545)
	at evaluateCode (&lt;eval&gt;:96) in /home/travis/build/icyphy/ptII/ptolemy/actor/lib/jjs/external/require.js at line number 454 at column number 12
	at org.terraswarm.accessor.AccessorLibrary.populate(AccessorLibrary.java:224)
	at ptolemy.moml.EntityLibrary.classDefinitionList(EntityLibrary.java:307)
	at ptolemy.kernel.CompositeEntity._description(CompositeEntity.java:2292)
	at ptolemy.kernel.CompositeEntity._description(CompositeEntity.java:2307)
	at ptolemy.kernel.CompositeEntity._description(CompositeEntity.java:2307)
	at ptolemy.kernel.CompositeEntity._description(CompositeEntity.java:2307)
	at ptolemy.kernel.util.NamedObj.description(NamedObj.java:731)
	at ptolemy.kernel.util.NamedObj.description(NamedObj.java:715)
	at java.base/jdk.internal.reflect.NativeMethodAccessorImpl.invoke0(Native Method)
	at java.base/jdk.internal.reflect.NativeMethodAccessorImpl.invoke(NativeMethodAccessorImpl.java:62)
	at java.base/jdk.internal.reflect.DelegatingMethodAccessorImpl.invoke(DelegatingMethodAccessorImpl.java:43)
	at java.base/java.lang.reflect.Method.invoke(Method.java:566)
	at tcl.lang.reflect.PkgInvoker.invokeMethod(PkgInvoker.java:129)
	at tcl.lang.JavaInvoke.call(JavaInvoke.java:253)
	at tcl.lang.JavaInvoke.callMethod(JavaInvoke.java:116)
	at tcl.lang.ReflectObject.cmdProc(ReflectObject.java:727)
	at tcl.lang.Parser.evalObjv(Parser.java:740)
	at tcl.lang.Parser.eval2(Parser.java:1138)
	at tcl.lang.Interp.eval(Interp.java:1782)
	at tcl.lang.Interp.eval(Interp.java:1841)
	at tcl.lang.CatchCmd.cmdProc(CatchCmd.java:42)
	at tcl.lang.Parser.evalObjv(Parser.java:740)
	at tcl.lang.Parser.eval2(Parser.java:1138)
	at tcl.lang.Parser.evalTokens(Parser.java:930)
	at tcl.lang.Parser.eval2(Parser.java:1125)
	at tcl.lang.Procedure.cmdProc(Procedure.java:175)
	at tcl.lang.Parser.evalObjv(Parser.java:740)
	at tcl.lang.Parser.eval2(Parser.java:1138)
	at tcl.lang.Interp.eval(Interp.java:1782)
	at tcl.lang.Interp.eval(Interp.java:1841)
	at tcl.lang.UplevelCmd.cmdProc(UplevelCmd.java:93)
	at tcl.lang.Parser.evalObjv(Parser.java:740)
	at tcl.lang.Parser.eval2(Parser.java:1138)
	at tcl.lang.Interp.eval(Interp.java:1782)
	at tcl.lang.Interp.eval(Interp.java:1841)
	at tcl.lang.CatchCmd.cmdProc(CatchCmd.java:42)
	at tcl.lang.Parser.evalObjv(Parser.java:740)
	at tcl.lang.Parser.eval2(Parser.java:1138)
	at tcl.lang.Parser.evalTokens(Parser.java:930)
	at tcl.lang.Parser.eval2(Parser.java:1125)
	at tcl.lang.Procedure.cmdProc(Procedure.java:175)
	at tcl.lang.Parser.evalObjv(Parser.java:740)
	at tcl.lang.Parser.eval2(Parser.java:1138)
	at tcl.lang.Interp.eval(Interp.java:1782)
	at tcl.lang.Interp.eval(Interp.java:1841)
	at tcl.lang.ForeachCmd.cmdProc(ForeachCmd.java:116)
	at tcl.lang.AutoloadStub.cmdProc(Extension.java:144)
	at tcl.lang.Parser.evalObjv(Parser.java:740)
	at tcl.lang.Parser.eval2(Parser.java:1138)
	at tcl.lang.Interp.eval(Interp.java:1782)
	at tcl.lang.Interp.evalFile(Interp.java:1880)
	at java.base/jdk.internal.reflect.NativeMethodAccessorImpl.invoke0(Native Method)
	at java.base/jdk.internal.reflect.NativeMethodAccessorImpl.invoke(NativeMethodAccessorImpl.java:62)
	at java.base/jdk.internal.reflect.DelegatingMethodAccessorImpl.invoke(DelegatingMethodAccessorImpl.java:43)
	at java.base/java.lang.reflect.Method.invoke(Method.java:566)
	at ptolemy.util.test.junit.TclTests.RunTclFile(TclTests.java:233)
	at java.base/jdk.internal.reflect.NativeMethodAccessorImpl.invoke0(Native Method)
	at java.base/jdk.internal.reflect.NativeMethodAccessorImpl.invoke(NativeMethodAccessorImpl.java:62)
	at java.base/jdk.internal.reflect.DelegatingMethodAccessorImpl.invoke(DelegatingMethodAccessorImpl.java:43)
	at java.base/java.lang.reflect.Method.invoke(Method.java:566)
	at org.junit.runners.model.FrameworkMethod$1.runReflectiveCall(FrameworkMethod.java:44)
	at org.junit.internal.runners.model.ReflectiveCallable.run(ReflectiveCallable.java:15)
	at org.junit.runners.model.FrameworkMethod.invokeExplosively(FrameworkMethod.java:41)
	at junitparams.internal.InvokeParameterisedMethod.evaluate(InvokeParameterisedMethod.java:102)
	at junitparams.internal.ParameterisedTestMethodRunner.runMethodInvoker(ParameterisedTestMethodRunner.java:47)
	at junitparams.internal.ParameterisedTestMethodRunner.runTestMethod(ParameterisedTestMethodRunner.java:41)
	at junitparams.internal.ParameterisedTestClassRunner.runParameterisedTest(ParameterisedTestClassRunner.java:143)
	at junitparams.JUnitParamsRunner.runChild(JUnitParamsRunner.java:237)
	at junitparams.JUnitParamsRunner.runChild(JUnitParamsRunner.java:215)
	at org.junit.runners.ParentRunner$3.run(ParentRunner.java:193)
	at org.junit.runners.ParentRunner$1.schedule(ParentRunner.java:52)
	at org.junit.runners.ParentRunner.runChildren(ParentRunner.java:191)
	at org.junit.runners.ParentRunner.access$000(ParentRunner.java:42)
	at org.junit.runners.ParentRunner$2.evaluate(ParentRunner.java:184)
	at org.junit.internal.runners.statements.RunAfters.evaluate(RunAfters.java:31)
	at org.junit.runners.ParentRunner.run(ParentRunner.java:236)
	at org.junit.runners.Suite.runChild(Suite.java:128)
	at org.junit.runners.Suite.runChild(Suite.java:24)
	at org.junit.runners.ParentRunner$3.run(ParentRunner.java:193)
	at org.junit.runners.ParentRunner$1.schedule(ParentRunner.java:52)
	at org.junit.runners.ParentRunner.runChildren(ParentRunner.java:191)
	at org.junit.runners.ParentRunner.access$000(ParentRunner.java:42)
	at org.junit.runners.ParentRunner$2.evaluate(ParentRunner.java:184)
	at org.junit.runners.ParentRunner.run(ParentRunner.java:236)
	at junit.framework.JUnit4TestAdapter.run(JUnit4TestAdapter.java:39)
	at org.apache.tools.ant.taskdefs.optional.junit.JUnitTestRunner.run(JUnitTestRunner.java:535)
	at org.apache.tools.ant.taskdefs.optional.junit.JUnitTestRunner.launch(JUnitTestRunner.java:1182)
	at org.apache.tools.ant.taskdefs.optional.junit.JUnitTestRunner.main(JUnitTestRunner.java:1033)
Caused by: ptolemy.kernel.util.IllegalActionException: Error evaluating expression:
// A computer vision accessor.
...
  in .configuration.actor library.Accessors.image.ComputerVision.script
Because:
Failed to evaluate script.
  in .configuration.actor library.Accessors.image.ComputerVision
Because:
Error: Error executing module @accessors-modules/computer-vision line #89 : Could not find the org.ptolemy.opencv.ComputerVision class, perhaps OpenCV was not installed. The OpenCV API can be downloaded from http://opencv.org.  Under Mac OS X, try:  :sudo port install opencv +python27 +java".See org/ptolemy/opencv/package.html for installation help.
In file: /home/travis/build/icyphy/ptII/ptolemy/actor/lib/jjs/modules/computerVision/computerVision.js
Error: Could not find the org.ptolemy.opencv.ComputerVision class, perhaps OpenCV was not installed. The OpenCV API can be downloaded from http://opencv.org.  Under Mac OS X, try:  :sudo port install opencv +python27 +java".See org/ptolemy/opencv/package.html for installation help.
	at &lt;anonymous&gt; (/home/travis/build/icyphy/ptII/ptolemy/actor/lib/jjs/external/require.js#409:30&lt;eval&gt;:89)
	at _require (/home/travis/build/icyphy/ptII/ptolemy/actor/lib/jjs/external/require.js:429)
	at &lt;anonymous&gt; (/home/travis/build/icyphy/ptII/ptolemy/actor/lib/jjs/external/require.js:467)
	at &lt;anonymous&gt; (&lt;function&gt;:62)
	at Accessor (/home/travis/build/icyphy/ptII/ptolemy/actor/lib/jjs/external/require.js#409:30&lt;eval&gt;:545)
	at evaluateCode (&lt;eval&gt;:96) in /home/travis/build/icyphy/ptII/ptolemy/actor/lib/jjs/external/require.js at line number 454 at column number 12
  in .configuration.actor library.Accessors.image.ComputerVision.script
Because:
Error evaluating expression:
// A computer vision accessor.
...
  in .configuration.actor library.Accessors.image.ComputerVision.script
Because:
Failed to evaluate script.
  in .configuration.actor library.Accessors.image.ComputerVision
Because:
Error: Error executing module @accessors-modules/computer-vision line #89 : Could not find the org.ptolemy.opencv.ComputerVision class, perhaps OpenCV was not installed. The OpenCV API can be downloaded from http://opencv.org.  Under Mac OS X, try:  :sudo port install opencv +python27 +java".See org/ptolemy/opencv/package.html for installation help.
In file: /home/travis/build/icyphy/ptII/ptolemy/actor/lib/jjs/modules/computerVision/computerVision.js
Error: Could not find the org.ptolemy.opencv.ComputerVision class, perhaps OpenCV was not installed. The OpenCV API can be downloaded from http://opencv.org.  Under Mac OS X, try:  :sudo port install opencv +python27 +java".See org/ptolemy/opencv/package.html for installation help.
	at &lt;anonymous&gt; (/home/travis/build/icyphy/ptII/ptolemy/actor/lib/jjs/external/require.js#409:30&lt;eval&gt;:89)
	at _require (/home/travis/build/icyphy/ptII/ptolemy/actor/lib/jjs/external/require.js:429)
	at &lt;anonymous&gt; (/home/travis/build/icyphy/ptII/ptolemy/actor/lib/jjs/external/require.js:467)
	at &lt;anonymous&gt; (&lt;function&gt;:62)
	at Accessor (/home/travis/build/icyphy/ptII/ptolemy/actor/lib/jjs/external/require.js#409:30&lt;eval&gt;:545)
	at evaluateCode (&lt;eval&gt;:96) in /home/travis/build/icyphy/ptII/ptolemy/actor/lib/jjs/external/require.js at line number 454 at column number 12
	at ptolemy.data.expr.Variable.validate(Variable.java:1619)
	at ptolemy.moml.MoMLParser.endDocument(MoMLParser.java:867)
	at com.microstar.xml.XmlParser.doParse(XmlParser.java:162)
	at com.microstar.xml.XmlParser.parse(XmlParser.java:132)
	at ptolemy.moml.MoMLParser.parse(MoMLParser.java:1676)
	at ptolemy.moml.MoMLParser.parse(MoMLParser.java:1617)
	at ptolemy.moml.MoMLParser.parse(MoMLParser.java:1792)
	at org.terraswarm.accessor.AccessorLibrary.populate(AccessorLibrary.java:194)
	... 87 more
Caused by: ptolemy.kernel.util.IllegalActionException: Error evaluating expression:
// A computer vision accessor.
...
  in .configuration.actor library.Accessors.image.ComputerVision.script
Because:
Failed to evaluate script.
  in .configuration.actor library.Accessors.image.ComputerVision
Because:
Error: Error executing module @accessors-modules/computer-vision line #89 : Could not find the org.ptolemy.opencv.ComputerVision class, perhaps OpenCV was not installed. The OpenCV API can be downloaded from http://opencv.org.  Under Mac OS X, try:  :sudo port install opencv +python27 +java".See org/ptolemy/opencv/package.html for installation help.
In file: /home/travis/build/icyphy/ptII/ptolemy/actor/lib/jjs/modules/computerVision/computerVision.js
Error: Could not find the org.ptolemy.opencv.ComputerVision class, perhaps OpenCV was not installed. The OpenCV API can be downloaded from http://opencv.org.  Under Mac OS X, try:  :sudo port install opencv +python27 +java".See org/ptolemy/opencv/package.html for installation help.
	at &lt;anonymous&gt; (/home/travis/build/icyphy/ptII/ptolemy/actor/lib/jjs/external/require.js#409:30&lt;eval&gt;:89)
	at _require (/home/travis/build/icyphy/ptII/ptolemy/actor/lib/jjs/external/require.js:429)
	at &lt;anonymous&gt; (/home/travis/build/icyphy/ptII/ptolemy/actor/lib/jjs/external/require.js:467)
	at &lt;anonymous&gt; (&lt;function&gt;:62)
	at Accessor (/home/travis/build/icyphy/ptII/ptolemy/actor/lib/jjs/external/require.js#409:30&lt;eval&gt;:545)
	at evaluateCode (&lt;eval&gt;:96) in /home/travis/build/icyphy/ptII/ptolemy/actor/lib/jjs/external/require.js at line number 454 at column number 12
	at ptolemy.data.expr.Variable._evaluate(Variable.java:1891)
	at ptolemy.data.expr.Variable._propagate(Variable.java:1984)
	at ptolemy.data.expr.Variable.validate(Variable.java:1596)
	... 94 more
Caused by: ptolemy.kernel.util.IllegalActionException: Failed to evaluate script.
  in .configuration.actor library.Accessors.image.ComputerVision
Because:
Error: Error executing module @accessors-modules/computer-vision line #89 : Could not find the org.ptolemy.opencv.ComputerVision class, perhaps OpenCV was not installed. The OpenCV API can be downloaded from http://opencv.org.  Under Mac OS X, try:  :sudo port install opencv +python27 +java".See org/ptolemy/opencv/package.html for installation help.
In file: /home/travis/build/icyphy/ptII/ptolemy/actor/lib/jjs/modules/computerVision/computerVision.js
Error: Could not find the org.ptolemy.opencv.ComputerVision class, perhaps OpenCV was not installed. The OpenCV API can be downloaded from http://opencv.org.  Under Mac OS X, try:  :sudo port install opencv +python27 +java".See org/ptolemy/opencv/package.html for installation help.
	at &lt;anonymous&gt; (/home/travis/build/icyphy/ptII/ptolemy/actor/lib/jjs/external/require.js#409:30&lt;eval&gt;:89)
	at _require (/home/travis/build/icyphy/ptII/ptolemy/actor/lib/jjs/external/require.js:429)
	at &lt;anonymous&gt; (/home/travis/build/icyphy/ptII/ptolemy/actor/lib/jjs/external/require.js:467)
	at &lt;anonymous&gt; (&lt;function&gt;:62)
	at Accessor (/home/travis/build/icyphy/ptII/ptolemy/actor/lib/jjs/external/require.js#409:30&lt;eval&gt;:545)
	at evaluateCode (&lt;eval&gt;:96) in /home/travis/build/icyphy/ptII/ptolemy/actor/lib/jjs/external/require.js at line number 454 at column number 12
	at ptolemy.actor.lib.jjs.JavaScript._createEngineAndEvaluateSetup(JavaScript.java:2501)
	at ptolemy.actor.lib.jjs.JavaScript.attributeChanged(JavaScript.java:548)
	at org.terraswarm.accessor.JSAccessor.attributeChanged(JSAccessor.java:312)
	at ptolemy.data.expr.Variable._setTokenAndNotify(Variable.java:2271)
	at ptolemy.data.expr.Variable._evaluate(Variable.java:1873)
	... 96 more
Caused by: javax.script.ScriptException: Error: Error executing module @accessors-modules/computer-vision line #89 : Could not find the org.ptolemy.opencv.ComputerVision class, perhaps OpenCV was not installed. The OpenCV API can be downloaded from http://opencv.org.  Under Mac OS X, try:  :sudo port install opencv +python27 +java".See org/ptolemy/opencv/package.html for installation help.
In file: /home/travis/build/icyphy/ptII/ptolemy/actor/lib/jjs/modules/computerVision/computerVision.js
Error: Could not find the org.ptolemy.opencv.ComputerVision class, perhaps OpenCV was not installed. The OpenCV API can be downloaded from http://opencv.org.  Under Mac OS X, try:  :sudo port install opencv +python27 +java".See org/ptolemy/opencv/package.html for installation help.
	at &lt;anonymous&gt; (/home/travis/build/icyphy/ptII/ptolemy/actor/lib/jjs/external/require.js#409:30&lt;eval&gt;:89)
	at _require (/home/travis/build/icyphy/ptII/ptolemy/actor/lib/jjs/external/require.js:429)
	at &lt;anonymous&gt; (/home/travis/build/icyphy/ptII/ptolemy/actor/lib/jjs/external/require.js:467)
	at &lt;anonymous&gt; (&lt;function&gt;:62)
	at Accessor (/home/travis/build/icyphy/ptII/ptolemy/actor/lib/jjs/external/require.js#409:30&lt;eval&gt;:545)
	at evaluateCode (&lt;eval&gt;:96) in /home/travis/build/icyphy/ptII/ptolemy/actor/lib/jjs/external/require.js at line number 454 at column number 12
	at org.openjdk.nashorn.api.scripting.NashornScriptEngine.throwAsScriptException(NashornScriptEngine.java:463)
	at org.openjdk.nashorn.api.scripting.NashornScriptEngine.invokeImpl(NashornScriptEngine.java:385)
	at org.openjdk.nashorn.api.scripting.NashornScriptEngine.invokeFunction(NashornScriptEngine.java:186)
	at ptolemy.actor.lib.jjs.JavaScript._createEngineAndEvaluateSetup(JavaScript.java:2497)
	... 100 more
Caused by: /home/travis/build/icyphy/ptII/ptolemy/actor/lib/jjs/external/require.js:454:12 Error: Error executing module @accessors-modules/computer-vision line #89 : Could not find the org.ptolemy.opencv.ComputerVision class, perhaps OpenCV was not installed. The OpenCV API can be downloaded from http://opencv.org.  Under Mac OS X, try:  :sudo port install opencv +python27 +java".See org/ptolemy/opencv/package.html for installation help.
In file: /home/travis/build/icyphy/ptII/ptolemy/actor/lib/jjs/modules/computerVision/computerVision.js
Error: Could not find the org.ptolemy.opencv.ComputerVision class, perhaps OpenCV was not installed. The OpenCV API can be downloaded from http://opencv.org.  Under Mac OS X, try:  :sudo port install opencv +python27 +java".See org/ptolemy/opencv/package.html for installation help.
	at &lt;anonymous&gt; (/home/travis/build/icyphy/ptII/ptolemy/actor/lib/jjs/external/require.js#409:30&lt;eval&gt;:89)
	at _require (/home/travis/build/icyphy/ptII/ptolemy/actor/lib/jjs/external/require.js:429)
	at &lt;anonymous&gt; (/home/travis/build/icyphy/ptII/ptolemy/actor/lib/jjs/external/require.js:467)
	at &lt;anonymous&gt; (&lt;function&gt;:62)
	at Accessor (/home/travis/build/icyphy/ptII/ptolemy/actor/lib/jjs/external/require.js#409:30&lt;eval&gt;:545)
	at evaluateCode (&lt;eval&gt;:96)
	at org.openjdk.nashorn.internal.objects.NativeError.initException(NativeError.java:135)
	at org.openjdk.nashorn.internal.objects.NativeError.&lt;init&gt;(NativeError.java:101)
	at org.openjdk.nashorn.internal.objects.NativeError.&lt;init&gt;(NativeError.java:105)
	at org.openjdk.nashorn.internal.objects.NativeError.&lt;init&gt;(NativeError.java:109)
	at org.openjdk.nashorn.internal.objects.NativeError.constructor(NativeError.java:128)
	at org.openjdk.nashorn.internal.scripts.Script$Recompilation$17208$16264AAA$require.L:45#_require(/home/travis/build/icyphy/ptII/ptolemy/actor/lib/jjs/external/require.js:454)
	at org.openjdk.nashorn.internal.scripts.Script$Recompilation$17207$21065A$require.L:45#_requireClosure#L:466(/home/travis/build/icyphy/ptII/ptolemy/actor/lib/jjs/external/require.js:467)
	at org.openjdk.nashorn.internal.scripts.Script$Recompilation$17232$1AAAAAAAAAAAAAA$\^function\_.L:1(&lt;function&gt;:62)
	at org.openjdk.nashorn.internal.scripts.Script$Recompilation$17226$17933AAAAAA$require.L:1#Accessor(/home/travis/build/icyphy/ptII/ptolemy/actor/lib/jjs/external/require.js#409:30&lt;eval&gt;:545)
	at org.openjdk.nashorn.internal.scripts.Script$Recompilation$17225$2801AAA$\^eval\_.evaluateCode(&lt;eval&gt;:96)
	at org.openjdk.nashorn.internal.runtime.ScriptFunctionData.invoke(ScriptFunctionData.java:652)
	at org.openjdk.nashorn.internal.runtime.ScriptFunction.invoke(ScriptFunction.java:513)
	at org.openjdk.nashorn.internal.runtime.ScriptRuntime.apply(ScriptRuntime.java:520)
	at org.openjdk.nashorn.api.scripting.ScriptObjectMirror.callMember(ScriptObjectMirror.java:187)
	at org.openjdk.nashorn.api.scripting.NashornScriptEngine.invokeImpl(NashornScriptEngine.java:379)
	... 102 more
Caused by: ptolemy.kernel.util.IllegalActionException: Error evaluating expression:
// A computer vision accessor.
...
  in .configuration.actor library.Accessors.image.ComputerVision.script
Because:
Failed to evaluate script.
  in .configuration.actor library.Accessors.image.ComputerVision
Because:
Error: Error executing module @accessors-modules/computer-vision line #89 : Could not find the org.ptolemy.opencv.ComputerVision class, perhaps OpenCV was not installed. The OpenCV API can be downloaded from http://opencv.org.  Under Mac OS X, try:  :sudo port install opencv +python27 +java".See org/ptolemy/opencv/package.html for installation help.
In file: /home/travis/build/icyphy/ptII/ptolemy/actor/lib/jjs/modules/computerVision/computerVision.js
Error: Could not find the org.ptolemy.opencv.ComputerVision class, perhaps OpenCV was not installed. The OpenCV API can be downloaded from http://opencv.org.  Under Mac OS X, try:  :sudo port install opencv +python27 +java".See org/ptolemy/opencv/package.html for installation help.
	at &lt;anonymous&gt; (/home/travis/build/icyphy/ptII/ptolemy/actor/lib/jjs/external/require.js#409:30&lt;eval&gt;:89)
	at _require (/home/travis/build/icyphy/ptII/ptolemy/actor/lib/jjs/external/require.js:429)
	at &lt;anonymous&gt; (/home/travis/build/icyphy/ptII/ptolemy/actor/lib/jjs/external/require.js:467)
	at &lt;anonymous&gt; (&lt;function&gt;:62)
	at Accessor (/home/travis/build/icyphy/ptII/ptolemy/actor/lib/jjs/external/require.js#409:30&lt;eval&gt;:545)
	at evaluateCode (&lt;eval&gt;:96) in /home/travis/build/icyphy/ptII/ptolemy/actor/lib/jjs/external/require.js at line number 454 at column number 12
  in .configuration.actor library.Accessors.image.ComputerVision.script
Because:
Error evaluating expression:
// A computer vision accessor.
...
  in .configuration.actor library.Accessors.image.ComputerVision.script
Because:
Failed to evaluate script.
  in .configuration.actor library.Accessors.image.ComputerVision
Because:
Error: Error executing module @accessors-modules/computer-vision line #89 : Could not find the org.ptolemy.opencv.ComputerVision class, perhaps OpenCV was not installed. The OpenCV API can be downloaded from http://opencv.org.  Under Mac OS X, try:  :sudo port install opencv +python27 +java".See org/ptolemy/opencv/package.html for installation help.
In file: /home/travis/build/icyphy/ptII/ptolemy/actor/lib/jjs/modules/computerVision/computerVision.js
Error: Could not find the org.ptolemy.opencv.ComputerVision class, perhaps OpenCV was not installed. The OpenCV API can be downloaded from http://opencv.org.  Under Mac OS X, try:  :sudo port install opencv +python27 +java".See org/ptolemy/opencv/package.html for installation help.
	at &lt;anonymous&gt; (/home/travis/build/icyphy/ptII/ptolemy/actor/lib/jjs/external/require.js#409:30&lt;eval&gt;:89)
	at _require (/home/travis/build/icyphy/ptII/ptolemy/actor/lib/jjs/external/require.js:429)
	at &lt;anonymous&gt; (/home/travis/build/icyphy/ptII/ptolemy/actor/lib/jjs/external/require.js:467)
	at &lt;anonymous&gt; (&lt;function&gt;:62)
	at Accessor (/home/travis/build/icyphy/ptII/ptolemy/actor/lib/jjs/external/require.js#409:30&lt;eval&gt;:545)
	at evaluateCode (&lt;eval&gt;:96) in /home/travis/build/icyphy/ptII/ptolemy/actor/lib/jjs/external/require.js at line number 454 at column number 12
	at ptolemy.data.expr.Variable.validate(Variable.java:1619)
	at ptolemy.moml.MoMLParser.endDocument(MoMLParser.java:867)
	at com.microstar.xml.XmlParser.doParse(XmlParser.java:162)
	at com.microstar.xml.XmlParser.parse(XmlParser.java:132)
	at ptolemy.moml.MoMLParser.parse(MoMLParser.java:1676)
	at ptolemy.moml.MoMLParser.parse(MoMLParser.java:1617)
	at ptolemy.moml.MoMLParser.parse(MoMLParser.java:1792)
	at org.terraswarm.accessor.AccessorLibrary.populate(AccessorLibrary.java:194)
	at ptolemy.moml.EntityLibrary.classDefinitionList(EntityLibrary.java:307)
	at ptolemy.kernel.CompositeEntity._description(CompositeEntity.java:2292)
	at ptolemy.kernel.CompositeEntity._description(CompositeEntity.java:2307)
	at ptolemy.kernel.CompositeEntity._description(CompositeEntity.java:2307)
	at ptolemy.kernel.CompositeEntity._description(CompositeEntity.java:2307)
	at ptolemy.kernel.util.NamedObj.description(NamedObj.java:731)
	at ptolemy.kernel.util.NamedObj.description(NamedObj.java:715)
	at java.base/jdk.internal.reflect.NativeMethodAccessorImpl.invoke0(Native Method)
	at java.base/jdk.internal.reflect.NativeMethodAccessorImpl.invoke(NativeMethodAccessorImpl.java:62)
	at java.base/jdk.internal.reflect.DelegatingMethodAccessorImpl.invoke(DelegatingMethodAccessorImpl.java:43)
	at java.base/java.lang.reflect.Method.invoke(Method.java:566)
	at tcl.lang.reflect.PkgInvoker.invokeMethod(PkgInvoker.java:129)
	at tcl.lang.JavaInvoke.call(JavaInvoke.java:253)
	at tcl.lang.JavaInvoke.callMethod(JavaInvoke.java:116)
	at tcl.lang.ReflectObject.cmdProc(ReflectObject.java:727)
	at tcl.lang.Parser.evalObjv(Parser.java:740)
	at tcl.lang.Parser.eval2(Parser.java:1138)
	at tcl.lang.Interp.eval(Interp.java:1782)
	at tcl.lang.Interp.eval(Interp.java:1841)
	at tcl.lang.CatchCmd.cmdProc(CatchCmd.java:42)
	at tcl.lang.Parser.evalObjv(Parser.java:740)
	at tcl.lang.Parser.eval2(Parser.java:1138)
	at tcl.lang.Parser.evalTokens(Parser.java:930)
	at tcl.lang.Parser.eval2(Parser.java:1125)
	at tcl.lang.Procedure.cmdProc(Procedure.java:175)
	at tcl.lang.Parser.evalObjv(Parser.java:740)
	at tcl.lang.Parser.eval2(Parser.java:1138)
	at tcl.lang.Interp.eval(Interp.java:1782)
	at tcl.lang.Interp.eval(Interp.java:1841)
	at tcl.lang.UplevelCmd.cmdProc(UplevelCmd.java:93)
	at tcl.lang.Parser.evalObjv(Parser.java:740)
	at tcl.lang.Parser.eval2(Parser.java:1138)
	at tcl.lang.Interp.eval(Interp.java:1782)
	at tcl.lang.Interp.eval(Interp.java:1841)
	at tcl.lang.CatchCmd.cmdProc(CatchCmd.java:42)
	at tcl.lang.Parser.evalObjv(Parser.java:740)
	at tcl.lang.Parser.eval2(Parser.java:1138)
	at tcl.lang.Parser.evalTokens(Parser.java:930)
	at tcl.lang.Parser.eval2(Parser.java:1125)
	at tcl.lang.Procedure.cmdProc(Procedure.java:175)
	at tcl.lang.Parser.evalObjv(Parser.java:740)
	at tcl.lang.Parser.eval2(Parser.java:1138)
	at tcl.lang.Interp.eval(Interp.java:1782)
	at tcl.lang.Interp.eval(Interp.java:1841)
	at tcl.lang.ForeachCmd.cmdProc(ForeachCmd.java:116)
	at tcl.lang.AutoloadStub.cmdProc(Extension.java:144)
	at tcl.lang.Parser.evalObjv(Parser.java:740)
	at tcl.lang.Parser.eval2(Parser.java:1138)
	at tcl.lang.Interp.eval(Interp.java:1782)
	at tcl.lang.Interp.evalFile(Interp.java:1880)
	at java.base/jdk.internal.reflect.NativeMethodAccessorImpl.invoke0(Native Method)
	at java.base/jdk.internal.reflect.NativeMethodAccessorImpl.invoke(NativeMethodAccessorImpl.java:62)
	at java.base/jdk.internal.reflect.DelegatingMethodAccessorImpl.invoke(DelegatingMethodAccessorImpl.java:43)
	at java.base/java.lang.reflect.Method.invoke(Method.java:566)
	at ptolemy.util.test.junit.TclTests.RunTclFile(TclTests.java:233)
	at java.base/jdk.internal.reflect.NativeMethodAccessorImpl.invoke0(Native Method)
	at java.base/jdk.internal.reflect.NativeMethodAccessorImpl.invoke(NativeMethodAccessorImpl.java:62)
	at java.base/jdk.internal.reflect.DelegatingMethodAccessorImpl.invoke(DelegatingMethodAccessorImpl.java:43)
	at java.base/java.lang.reflect.Method.invoke(Method.java:566)
	at org.junit.runners.model.FrameworkMethod$1.runReflectiveCall(FrameworkMethod.java:44)
	at org.junit.internal.runners.model.ReflectiveCallable.run(ReflectiveCallable.java:15)
	at org.junit.runners.model.FrameworkMethod.invokeExplosively(FrameworkMethod.java:41)
	at junitparams.internal.InvokeParameterisedMethod.evaluate(InvokeParameterisedMethod.java:102)
	at junitparams.internal.ParameterisedTestMethodRunner.runMethodInvoker(ParameterisedTestMethodRunner.java:47)
	at junitparams.internal.ParameterisedTestMethodRunner.runTestMethod(ParameterisedTestMethodRunner.java:41)
	at junitparams.internal.ParameterisedTestClassRunner.runParameterisedTest(ParameterisedTestClassRunner.java:143)
	at junitparams.JUnitParamsRunner.runChild(JUnitParamsRunner.java:237)
	at junitparams.JUnitParamsRunner.runChild(JUnitParamsRunner.java:215)
	at org.junit.runners.ParentRunner$3.run(ParentRunner.java:193)
	at org.junit.runners.ParentRunner$1.schedule(ParentRunner.java:52)
	at org.junit.runners.ParentRunner.runChildren(ParentRunner.java:191)
	at org.junit.runners.ParentRunner.access$000(ParentRunner.java:42)
	at org.junit.runners.ParentRunner$2.evaluate(ParentRunner.java:184)
	at org.junit.internal.runners.statements.RunAfters.evaluate(RunAfters.java:31)
	at org.junit.runners.ParentRunner.run(ParentRunner.java:236)
	at org.junit.runners.Suite.runChild(Suite.java:128)
	at org.junit.runners.Suite.runChild(Suite.java:24)
	at org.junit.runners.ParentRunner$3.run(ParentRunner.java:193)
	at org.junit.runners.ParentRunner$1.schedule(ParentRunner.java:52)
	at org.junit.runners.ParentRunner.runChildren(ParentRunner.java:191)
	at org.junit.runners.ParentRunner.access$000(ParentRunner.java:42)
	at org.junit.runners.ParentRunner$2.evaluate(ParentRunner.java:184)
	at org.junit.runners.ParentRunner.run(ParentRunner.java:236)
	at junit.framework.JUnit4TestAdapter.run(JUnit4TestAdapter.java:39)
	at org.apache.tools.ant.taskdefs.optional.junit.JUnitTestRunner.run(JUnitTestRunner.java:535)
	at org.apache.tools.ant.taskdefs.optional.junit.JUnitTestRunner.launch(JUnitTestRunner.java:1182)
	at org.apache.tools.ant.taskdefs.optional.junit.JUnitTestRunner.main(JUnitTestRunner.java:1033)
Caused by: ptolemy.kernel.util.IllegalActionException: Error evaluating expression:
// A computer vision accessor.
...
  in .configuration.actor library.Accessors.image.ComputerVision.script
Because:
Failed to evaluate script.
  in .configuration.actor library.Accessors.image.ComputerVision
Because:
Error: Error executing module @accessors-modules/computer-vision line #89 : Could not find the org.ptolemy.opencv.ComputerVision class, perhaps OpenCV was not installed. The OpenCV API can be downloaded from http://opencv.org.  Under Mac OS X, try:  :sudo port install opencv +python27 +java".See org/ptolemy/opencv/package.html for installation help.
In file: /home/travis/build/icyphy/ptII/ptolemy/actor/lib/jjs/modules/computerVision/computerVision.js
Error: Could not find the org.ptolemy.opencv.ComputerVision class, perhaps OpenCV was not installed. The OpenCV API can be downloaded from http://opencv.org.  Under Mac OS X, try:  :sudo port install opencv +python27 +java".See org/ptolemy/opencv/package.html for installation help.
	at &lt;anonymous&gt; (/home/travis/build/icyphy/ptII/ptolemy/actor/lib/jjs/external/require.js#409:30&lt;eval&gt;:89)
	at _require (/home/travis/build/icyphy/ptII/ptolemy/actor/lib/jjs/external/require.js:429)
	at &lt;anonymous&gt; (/home/travis/build/icyphy/ptII/ptolemy/actor/lib/jjs/external/require.js:467)
	at &lt;anonymous&gt; (&lt;function&gt;:62)
	at Accessor (/home/travis/build/icyphy/ptII/ptolemy/actor/lib/jjs/external/require.js#409:30&lt;eval&gt;:545)
	at evaluateCode (&lt;eval&gt;:96) in /home/travis/build/icyphy/ptII/ptolemy/actor/lib/jjs/external/require.js at line number 454 at column number 12
	at ptolemy.data.expr.Variable._evaluate(Variable.java:1891)
	at ptolemy.data.expr.Variable._propagate(Variable.java:1984)
	at ptolemy.data.expr.Variable.validate(Variable.java:1596)
	... 94 more
Caused by: ptolemy.kernel.util.IllegalActionException: Failed to evaluate script.
  in .configuration.actor library.Accessors.image.ComputerVision
Because:
Error: Error executing module @accessors-modules/computer-vision line #89 : Could not find the org.ptolemy.opencv.ComputerVision class, perhaps OpenCV was not installed. The OpenCV API can be downloaded from http://opencv.org.  Under Mac OS X, try:  :sudo port install opencv +python27 +java".See org/ptolemy/opencv/package.html for installation help.
In file: /home/travis/build/icyphy/ptII/ptolemy/actor/lib/jjs/modules/computerVision/computerVision.js
Error: Could not find the org.ptolemy.opencv.ComputerVision class, perhaps OpenCV was not installed. The OpenCV API can be downloaded from http://opencv.org.  Under Mac OS X, try:  :sudo port install opencv +python27 +java".See org/ptolemy/opencv/package.html for installation help.
	at &lt;anonymous&gt; (/home/travis/build/icyphy/ptII/ptolemy/actor/lib/jjs/external/require.js#409:30&lt;eval&gt;:89)
	at _require (/home/travis/build/icyphy/ptII/ptolemy/actor/lib/jjs/external/require.js:429)
	at &lt;anonymous&gt; (/home/travis/build/icyphy/ptII/ptolemy/actor/lib/jjs/external/require.js:467)
	at &lt;anonymous&gt; (&lt;function&gt;:62)
	at Accessor (/home/travis/build/icyphy/ptII/ptolemy/actor/lib/jjs/external/require.js#409:30&lt;eval&gt;:545)
	at evaluateCode (&lt;eval&gt;:96) in /home/travis/build/icyphy/ptII/ptolemy/actor/lib/jjs/external/require.js at line number 454 at column number 12
	at ptolemy.actor.lib.jjs.JavaScript._createEngineAndEvaluateSetup(JavaScript.java:2501)
	at ptolemy.actor.lib.jjs.JavaScript.attributeChanged(JavaScript.java:548)
	at org.terraswarm.accessor.JSAccessor.attributeChanged(JSAccessor.java:312)
	at ptolemy.data.expr.Variable._setTokenAndNotify(Variable.java:2271)
	at ptolemy.data.expr.Variable._evaluate(Variable.java:1873)
	... 96 more
Caused by: javax.script.ScriptException: Error: Error executing module @accessors-modules/computer-vision line #89 : Could not find the org.ptolemy.opencv.ComputerVision class, perhaps OpenCV was not installed. The OpenCV API can be downloaded from http://opencv.org.  Under Mac OS X, try:  :sudo port install opencv +python27 +java".See org/ptolemy/opencv/package.html for installation help.
In file: /home/travis/build/icyphy/ptII/ptolemy/actor/lib/jjs/modules/computerVision/computerVision.js
Error: Could not find the org.ptolemy.opencv.ComputerVision class, perhaps OpenCV was not installed. The OpenCV API can be downloaded from http://opencv.org.  Under Mac OS X, try:  :sudo port install opencv +python27 +java".See org/ptolemy/opencv/package.html for installation help.
	at &lt;anonymous&gt; (/home/travis/build/icyphy/ptII/ptolemy/actor/lib/jjs/external/require.js#409:30&lt;eval&gt;:89)
	at _require (/home/travis/build/icyphy/ptII/ptolemy/actor/lib/jjs/external/require.js:429)
	at &lt;anonymous&gt; (/home/travis/build/icyphy/ptII/ptolemy/actor/lib/jjs/external/require.js:467)
	at &lt;anonymous&gt; (&lt;function&gt;:62)
	at Accessor (/home/travis/build/icyphy/ptII/ptolemy/actor/lib/jjs/external/require.js#409:30&lt;eval&gt;:545)
	at evaluateCode (&lt;eval&gt;:96) in /home/travis/build/icyphy/ptII/ptolemy/actor/lib/jjs/external/require.js at line number 454 at column number 12
	at org.openjdk.nashorn.api.scripting.NashornScriptEngine.throwAsScriptException(NashornScriptEngine.java:463)
	at org.openjdk.nashorn.api.scripting.NashornScriptEngine.invokeImpl(NashornScriptEngine.java:385)
	at org.openjdk.nashorn.api.scripting.NashornScriptEngine.invokeFunction(NashornScriptEngine.java:186)
	at ptolemy.actor.lib.jjs.JavaScript._createEngineAndEvaluateSetup(JavaScript.java:2497)
	... 100 more
Caused by: /home/travis/build/icyphy/ptII/ptolemy/actor/lib/jjs/external/require.js:454:12 Error: Error executing module @accessors-modules/computer-vision line #89 : Could not find the org.ptolemy.opencv.ComputerVision class, perhaps OpenCV was not installed. The OpenCV API can be downloaded from http://opencv.org.  Under Mac OS X, try:  :sudo port install opencv +python27 +java".See org/ptolemy/opencv/package.html for installation help.
In file: /home/travis/build/icyphy/ptII/ptolemy/actor/lib/jjs/modules/computerVision/computerVision.js
Error: Could not find the org.ptolemy.opencv.ComputerVision class, perhaps OpenCV was not installed. The OpenCV API can be downloaded from http://opencv.org.  Under Mac OS X, try:  :sudo port install opencv +python27 +java".See org/ptolemy/opencv/package.html for installation help.
	at &lt;anonymous&gt; (/home/travis/build/icyphy/ptII/ptolemy/actor/lib/jjs/external/require.js#409:30&lt;eval&gt;:89)
	at _require (/home/travis/build/icyphy/ptII/ptolemy/actor/lib/jjs/external/require.js:429)
	at &lt;anonymous&gt; (/home/travis/build/icyphy/ptII/ptolemy/actor/lib/jjs/external/require.js:467)
	at &lt;anonymous&gt; (&lt;function&gt;:62)
	at Accessor (/home/travis/build/icyphy/ptII/ptolemy/actor/lib/jjs/external/require.js#409:30&lt;eval&gt;:545)
	at evaluateCode (&lt;eval&gt;:96)
	at org.openjdk.nashorn.internal.objects.NativeError.initException(NativeError.java:135)
	at org.openjdk.nashorn.internal.objects.NativeError.&lt;init&gt;(NativeError.java:101)
	at org.openjdk.nashorn.internal.objects.NativeError.&lt;init&gt;(NativeError.java:105)
	at org.openjdk.nashorn.internal.objects.NativeError.&lt;init&gt;(NativeError.java:109)
	at org.openjdk.nashorn.internal.objects.NativeError.constructor(NativeError.java:128)
	at org.openjdk.nashorn.internal.scripts.Script$Recompilation$17208$16264AAA$require.L:45#_require(/home/travis/build/icyphy/ptII/ptolemy/actor/lib/jjs/external/require.js:454)
	at org.openjdk.nashorn.internal.scripts.Script$Recompilation$17207$21065A$require.L:45#_requireClosure#L:466(/home/travis/build/icyphy/ptII/ptolemy/actor/lib/jjs/external/require.js:467)
	at org.openjdk.nashorn.internal.scripts.Script$Recompilation$17232$1AAAAAAAAAAAAAA$\^function\_.L:1(&lt;function&gt;:62)
	at org.openjdk.nashorn.internal.scripts.Script$Recompilation$17226$17933AAAAAA$require.L:1#Accessor(/home/travis/build/icyphy/ptII/ptolemy/actor/lib/jjs/external/require.js#409:30&lt;eval&gt;:545)
	at org.openjdk.nashorn.internal.scripts.Script$Recompilation$17225$2801AAA$\^eval\_.evaluateCode(&lt;eval&gt;:96)
	at org.openjdk.nashorn.internal.runtime.ScriptFunctionData.invoke(ScriptFunctionData.java:652)
	at org.openjdk.nashorn.internal.runtime.ScriptFunction.invoke(ScriptFunction.java:513)
	at org.openjdk.nashorn.internal.runtime.ScriptRuntime.apply(ScriptRuntime.java:520)
	at org.openjdk.nashorn.api.scripting.ScriptObjectMirror.callMember(ScriptObjectMirror.java:187)
	at org.openjdk.nashorn.api.scripting.NashornScriptEngine.invokeImpl(NashornScriptEngine.java:379)
	... 102 more
Caused by: ptolemy.kernel.util.IllegalActionException: Error evaluating expression:
// A computer vision accessor.
...
  in .configuration.actor library.Accessors.image.ComputerVision.script
Because:
Failed to evaluate script.
  in .configuration.actor library.Accessors.image.ComputerVision
Because:
Error: Error executing module @accessors-modules/computer-vision line #89 : Could not find the org.ptolemy.opencv.ComputerVision class, perhaps OpenCV was not installed. The OpenCV API can be downloaded from http://opencv.org.  Under Mac OS X, try:  :sudo port install opencv +python27 +java".See org/ptolemy/opencv/package.html for installation help.
In file: /home/travis/build/icyphy/ptII/ptolemy/actor/lib/jjs/modules/computerVision/computerVision.js
Error: Could not find the org.ptolemy.opencv.ComputerVision class, perhaps OpenCV was not installed. The OpenCV API can be downloaded from http://opencv.org.  Under Mac OS X, try:  :sudo port install opencv +python27 +java".See org/ptolemy/opencv/package.html for installation help.
	at &lt;anonymous&gt; (/home/travis/build/icyphy/ptII/ptolemy/actor/lib/jjs/external/require.js#409:30&lt;eval&gt;:89)
	at _require (/home/travis/build/icyphy/ptII/ptolemy/actor/lib/jjs/external/require.js:429)
	at &lt;anonymous&gt; (/home/travis/build/icyphy/ptII/ptolemy/actor/lib/jjs/external/require.js:467)
	at &lt;anonymous&gt; (&lt;function&gt;:62)
	at Accessor (/home/travis/build/icyphy/ptII/ptolemy/actor/lib/jjs/external/require.js#409:30&lt;eval&gt;:545)
	at evaluateCode (&lt;eval&gt;:96) in /home/travis/build/icyphy/ptII/ptolemy/actor/lib/jjs/external/require.js at line number 454 at column number 12
	at ptolemy.data.expr.Variable._evaluate(Variable.java:1891)
	at ptolemy.data.expr.Variable._propagate(Variable.java:1984)
	at ptolemy.data.expr.Variable.validate(Variable.java:1596)
	at ptolemy.moml.MoMLParser.endDocument(MoMLParser.java:867)
	at com.microstar.xml.XmlParser.doParse(XmlParser.java:162)
	at com.microstar.xml.XmlParser.parse(XmlParser.java:132)
	at ptolemy.moml.MoMLParser.parse(MoMLParser.java:1676)
	at ptolemy.moml.MoMLParser.parse(MoMLParser.java:1617)
	at ptolemy.moml.MoMLParser.parse(MoMLParser.java:1792)
	at org.terraswarm.accessor.AccessorLibrary.populate(AccessorLibrary.java:194)
	at ptolemy.moml.EntityLibrary.classDefinitionList(EntityLibrary.java:307)
	at ptolemy.kernel.CompositeEntity._description(CompositeEntity.java:2292)
	at ptolemy.kernel.CompositeEntity._description(CompositeEntity.java:2307)
	at ptolemy.kernel.CompositeEntity._description(CompositeEntity.java:2307)
	at ptolemy.kernel.CompositeEntity._description(CompositeEntity.java:2307)
	at ptolemy.kernel.util.NamedObj.description(NamedObj.java:731)
	at ptolemy.kernel.util.NamedObj.description(NamedObj.java:715)
	at java.base/jdk.internal.reflect.NativeMethodAccessorImpl.invoke0(Native Method)
	at java.base/jdk.internal.reflect.NativeMethodAccessorImpl.invoke(NativeMethodAccessorImpl.java:62)
	at java.base/jdk.internal.reflect.DelegatingMethodAccessorImpl.invoke(DelegatingMethodAccessorImpl.java:43)
	at java.base/java.lang.reflect.Method.invoke(Method.java:566)
	at tcl.lang.reflect.PkgInvoker.invokeMethod(PkgInvoker.java:129)
	at tcl.lang.JavaInvoke.call(JavaInvoke.java:253)
	at tcl.lang.JavaInvoke.callMethod(JavaInvoke.java:116)
	at tcl.lang.ReflectObject.cmdProc(ReflectObject.java:727)
	at tcl.lang.Parser.evalObjv(Parser.java:740)
	at tcl.lang.Parser.eval2(Parser.java:1138)
	at tcl.lang.Interp.eval(Interp.java:1782)
	at tcl.lang.Interp.eval(Interp.java:1841)
	at tcl.lang.CatchCmd.cmdProc(CatchCmd.java:42)
	at tcl.lang.Parser.evalObjv(Parser.java:740)
	at tcl.lang.Parser.eval2(Parser.java:1138)
	at tcl.lang.Parser.evalTokens(Parser.java:930)
	at tcl.lang.Parser.eval2(Parser.java:1125)
	at tcl.lang.Procedure.cmdProc(Procedure.java:175)
	at tcl.lang.Parser.evalObjv(Parser.java:740)
	at tcl.lang.Parser.eval2(Parser.java:1138)
	at tcl.lang.Interp.eval(Interp.java:1782)
	at tcl.lang.Interp.eval(Interp.java:1841)
	at tcl.lang.UplevelCmd.cmdProc(UplevelCmd.java:93)
	at tcl.lang.Parser.evalObjv(Parser.java:740)
	at tcl.lang.Parser.eval2(Parser.java:1138)
	at tcl.lang.Interp.eval(Interp.java:1782)
	at tcl.lang.Interp.eval(Interp.java:1841)
	at tcl.lang.CatchCmd.cmdProc(CatchCmd.java:42)
	at tcl.lang.Parser.evalObjv(Parser.java:740)
	at tcl.lang.Parser.eval2(Parser.java:1138)
	at tcl.lang.Parser.evalTokens(Parser.java:930)
	at tcl.lang.Parser.eval2(Parser.java:1125)
	at tcl.lang.Procedure.cmdProc(Procedure.java:175)
	at tcl.lang.Parser.evalObjv(Parser.java:740)
	at tcl.lang.Parser.eval2(Parser.java:1138)
	at tcl.lang.Interp.eval(Interp.java:1782)
	at tcl.lang.Interp.eval(Interp.java:1841)
	at tcl.lang.ForeachCmd.cmdProc(ForeachCmd.java:116)
	at tcl.lang.AutoloadStub.cmdProc(Extension.java:144)
	at tcl.lang.Parser.evalObjv(Parser.java:740)
	at tcl.lang.Parser.eval2(Parser.java:1138)
	at tcl.lang.Interp.eval(Interp.java:1782)
	at tcl.lang.Interp.evalFile(Interp.java:1880)
	at java.base/jdk.internal.reflect.NativeMethodAccessorImpl.invoke0(Native Method)
	at java.base/jdk.internal.reflect.NativeMethodAccessorImpl.invoke(NativeMethodAccessorImpl.java:62)
	at java.base/jdk.internal.reflect.DelegatingMethodAccessorImpl.invoke(DelegatingMethodAccessorImpl.java:43)
	at java.base/java.lang.reflect.Method.invoke(Method.java:566)
	at ptolemy.util.test.junit.TclTests.RunTclFile(TclTests.java:233)
	at java.base/jdk.internal.reflect.NativeMethodAccessorImpl.invoke0(Native Method)
	at java.base/jdk.internal.reflect.NativeMethodAccessorImpl.invoke(NativeMethodAccessorImpl.java:62)
	at java.base/jdk.internal.reflect.DelegatingMethodAccessorImpl.invoke(DelegatingMethodAccessorImpl.java:43)
	at java.base/java.lang.reflect.Method.invoke(Method.java:566)
	at org.junit.runners.model.FrameworkMethod$1.runReflectiveCall(FrameworkMethod.java:44)
	at org.junit.internal.runners.model.ReflectiveCallable.run(ReflectiveCallable.java:15)
	at org.junit.runners.model.FrameworkMethod.invokeExplosively(FrameworkMethod.java:41)
	at junitparams.internal.InvokeParameterisedMethod.evaluate(InvokeParameterisedMethod.java:102)
	at junitparams.internal.ParameterisedTestMethodRunner.runMethodInvoker(ParameterisedTestMethodRunner.java:47)
	at junitparams.internal.ParameterisedTestMethodRunner.runTestMethod(ParameterisedTestMethodRunner.java:41)
	at junitparams.internal.ParameterisedTestClassRunner.runParameterisedTest(ParameterisedTestClassRunner.java:143)
	at junitparams.JUnitParamsRunner.runChild(JUnitParamsRunner.java:237)
	at junitparams.JUnitParamsRunner.runChild(JUnitParamsRunner.java:215)
	at org.junit.runners.ParentRunner$3.run(ParentRunner.java:193)
	at org.junit.runners.ParentRunner$1.schedule(ParentRunner.java:52)
	at org.junit.runners.ParentRunner.runChildren(ParentRunner.java:191)
	at org.junit.runners.ParentRunner.access$000(ParentRunner.java:42)
	at org.junit.runners.ParentRunner$2.evaluate(ParentRunner.java:184)
	at org.junit.internal.runners.statements.RunAfters.evaluate(RunAfters.java:31)
	at org.junit.runners.ParentRunner.run(ParentRunner.java:236)
	at org.junit.runners.Suite.runChild(Suite.java:128)
	at org.junit.runners.Suite.runChild(Suite.java:24)
	at org.junit.runners.ParentRunner$3.run(ParentRunner.java:193)
	at org.junit.runners.ParentRunner$1.schedule(ParentRunner.java:52)
	at org.junit.runners.ParentRunner.runChildren(ParentRunner.java:191)
	at org.junit.runners.ParentRunner.access$000(ParentRunner.java:42)
	at org.junit.runners.ParentRunner$2.evaluate(ParentRunner.java:184)
	at org.junit.runners.ParentRunner.run(ParentRunner.java:236)
	at junit.framework.JUnit4TestAdapter.run(JUnit4TestAdapter.java:39)
	at org.apache.tools.ant.taskdefs.optional.junit.JUnitTestRunner.run(JUnitTestRunner.java:535)
	at org.apache.tools.ant.taskdefs.optional.junit.JUnitTestRunner.launch(JUnitTestRunner.java:1182)
	at org.apache.tools.ant.taskdefs.optional.junit.JUnitTestRunner.main(JUnitTestRunner.java:1033)
Caused by: ptolemy.kernel.util.IllegalActionException: Failed to evaluate script.
  in .configuration.actor library.Accessors.image.ComputerVision
Because:
Error: Error executing module @accessors-modules/computer-vision line #89 : Could not find the org.ptolemy.opencv.ComputerVision class, perhaps OpenCV was not installed. The OpenCV API can be downloaded from http://opencv.org.  Under Mac OS X, try:  :sudo port install opencv +python27 +java".See org/ptolemy/opencv/package.html for installation help.
In file: /home/travis/build/icyphy/ptII/ptolemy/actor/lib/jjs/modules/computerVision/computerVision.js
Error: Could not find the org.ptolemy.opencv.ComputerVision class, perhaps OpenCV was not installed. The OpenCV API can be downloaded from http://opencv.org.  Under Mac OS X, try:  :sudo port install opencv +python27 +java".See org/ptolemy/opencv/package.html for installation help.
	at &lt;anonymous&gt; (/home/travis/build/icyphy/ptII/ptolemy/actor/lib/jjs/external/require.js#409:30&lt;eval&gt;:89)
	at _require (/home/travis/build/icyphy/ptII/ptolemy/actor/lib/jjs/external/require.js:429)
	at &lt;anonymous&gt; (/home/travis/build/icyphy/ptII/ptolemy/actor/lib/jjs/external/require.js:467)
	at &lt;anonymous&gt; (&lt;function&gt;:62)
	at Accessor (/home/travis/build/icyphy/ptII/ptolemy/actor/lib/jjs/external/require.js#409:30&lt;eval&gt;:545)
	at evaluateCode (&lt;eval&gt;:96) in /home/travis/build/icyphy/ptII/ptolemy/actor/lib/jjs/external/require.js at line number 454 at column number 12
	at ptolemy.actor.lib.jjs.JavaScript._createEngineAndEvaluateSetup(JavaScript.java:2501)
	at ptolemy.actor.lib.jjs.JavaScript.attributeChanged(JavaScript.java:548)
	at org.terraswarm.accessor.JSAccessor.attributeChanged(JSAccessor.java:312)
	at ptolemy.data.expr.Variable._setTokenAndNotify(Variable.java:2271)
	at ptolemy.data.expr.Variable._evaluate(Variable.java:1873)
	... 96 more
Caused by: javax.script.ScriptException: Error: Error executing module @accessors-modules/computer-vision line #89 : Could not find the org.ptolemy.opencv.ComputerVision class, perhaps OpenCV was not installed. The OpenCV API can be downloaded from http://opencv.org.  Under Mac OS X, try:  :sudo port install opencv +python27 +java".See org/ptolemy/opencv/package.html for installation help.
In file: /home/travis/build/icyphy/ptII/ptolemy/actor/lib/jjs/modules/computerVision/computerVision.js
Error: Could not find the org.ptolemy.opencv.ComputerVision class, perhaps OpenCV was not installed. The OpenCV API can be downloaded from http://opencv.org.  Under Mac OS X, try:  :sudo port install opencv +python27 +java".See org/ptolemy/opencv/package.html for installation help.
	at &lt;anonymous&gt; (/home/travis/build/icyphy/ptII/ptolemy/actor/lib/jjs/external/require.js#409:30&lt;eval&gt;:89)
	at _require (/home/travis/build/icyphy/ptII/ptolemy/actor/lib/jjs/external/require.js:429)
	at &lt;anonymous&gt; (/home/travis/build/icyphy/ptII/ptolemy/actor/lib/jjs/external/require.js:467)
	at &lt;anonymous&gt; (&lt;function&gt;:62)
	at Accessor (/home/travis/build/icyphy/ptII/ptolemy/actor/lib/jjs/external/require.js#409:30&lt;eval&gt;:545)
	at evaluateCode (&lt;eval&gt;:96) in /home/travis/build/icyphy/ptII/ptolemy/actor/lib/jjs/external/require.js at line number 454 at column number 12
	at org.openjdk.nashorn.api.scripting.NashornScriptEngine.throwAsScriptException(NashornScriptEngine.java:463)
	at org.openjdk.nashorn.api.scripting.NashornScriptEngine.invokeImpl(NashornScriptEngine.java:385)
	at org.openjdk.nashorn.api.scripting.NashornScriptEngine.invokeFunction(NashornScriptEngine.java:186)
	at ptolemy.actor.lib.jjs.JavaScript._createEngineAndEvaluateSetup(JavaScript.java:2497)
	... 100 more
Caused by: /home/travis/build/icyphy/ptII/ptolemy/actor/lib/jjs/external/require.js:454:12 Error: Error executing module @accessors-modules/computer-vision line #89 : Could not find the org.ptolemy.opencv.ComputerVision class, perhaps OpenCV was not installed. The OpenCV API can be downloaded from http://opencv.org.  Under Mac OS X, try:  :sudo port install opencv +python27 +java".See org/ptolemy/opencv/package.html for installation help.
In file: /home/travis/build/icyphy/ptII/ptolemy/actor/lib/jjs/modules/computerVision/computerVision.js
Error: Could not find the org.ptolemy.opencv.ComputerVision class, perhaps OpenCV was not installed. The OpenCV API can be downloaded from http://opencv.org.  Under Mac OS X, try:  :sudo port install opencv +python27 +java".See org/ptolemy/opencv/package.html for installation help.
	at &lt;anonymous&gt; (/home/travis/build/icyphy/ptII/ptolemy/actor/lib/jjs/external/require.js#409:30&lt;eval&gt;:89)
	at _require (/home/travis/build/icyphy/ptII/ptolemy/actor/lib/jjs/external/require.js:429)
	at &lt;anonymous&gt; (/home/travis/build/icyphy/ptII/ptolemy/actor/lib/jjs/external/require.js:467)
	at &lt;anonymous&gt; (&lt;function&gt;:62)
	at Accessor (/home/travis/build/icyphy/ptII/ptolemy/actor/lib/jjs/external/require.js#409:30&lt;eval&gt;:545)
	at evaluateCode (&lt;eval&gt;:96)
	at org.openjdk.nashorn.internal.objects.NativeError.initException(NativeError.java:135)
	at org.openjdk.nashorn.internal.objects.NativeError.&lt;init&gt;(NativeError.java:101)
	at org.openjdk.nashorn.internal.objects.NativeError.&lt;init&gt;(NativeError.java:105)
	at org.openjdk.nashorn.internal.objects.NativeError.&lt;init&gt;(NativeError.java:109)
	at org.openjdk.nashorn.internal.objects.NativeError.constructor(NativeError.java:128)
	at org.openjdk.nashorn.internal.scripts.Script$Recompilation$17208$16264AAA$require.L:45#_require(/home/travis/build/icyphy/ptII/ptolemy/actor/lib/jjs/external/require.js:454)
	at org.openjdk.nashorn.internal.scripts.Script$Recompilation$17207$21065A$require.L:45#_requireClosure#L:466(/home/travis/build/icyphy/ptII/ptolemy/actor/lib/jjs/external/require.js:467)
	at org.openjdk.nashorn.internal.scripts.Script$Recompilation$17232$1AAAAAAAAAAAAAA$\^function\_.L:1(&lt;function&gt;:62)
	at org.openjdk.nashorn.internal.scripts.Script$Recompilation$17226$17933AAAAAA$require.L:1#Accessor(/home/travis/build/icyphy/ptII/ptolemy/actor/lib/jjs/external/require.js#409:30&lt;eval&gt;:545)
	at org.openjdk.nashorn.internal.scripts.Script$Recompilation$17225$2801AAA$\^eval\_.evaluateCode(&lt;eval&gt;:96)
	at org.openjdk.nashorn.internal.runtime.ScriptFunctionData.invoke(ScriptFunctionData.java:652)
	at org.openjdk.nashorn.internal.runtime.ScriptFunction.invoke(ScriptFunction.java:513)
	at org.openjdk.nashorn.internal.runtime.ScriptRuntime.apply(ScriptRuntime.java:520)
	at org.openjdk.nashorn.api.scripting.ScriptObjectMirror.callMember(ScriptObjectMirror.java:187)
	at org.openjdk.nashorn.api.scripting.NashornScriptEngine.invokeImpl(NashornScriptEngine.java:379)
	... 102 more
Caused by: ptolemy.kernel.util.IllegalActionException: Failed to evaluate script.
  in .configuration.actor library.Accessors.image.ComputerVision
Because:
Error: Error executing module @accessors-modules/computer-vision line #89 : Could not find the org.ptolemy.opencv.ComputerVision class, perhaps OpenCV was not installed. The OpenCV API can be downloaded from http://opencv.org.  Under Mac OS X, try:  :sudo port install opencv +python27 +java".See org/ptolemy/opencv/package.html for installation help.
In file: /home/travis/build/icyphy/ptII/ptolemy/actor/lib/jjs/modules/computerVision/computerVision.js
Error: Could not find the org.ptolemy.opencv.ComputerVision class, perhaps OpenCV was not installed. The OpenCV API can be downloaded from http://opencv.org.  Under Mac OS X, try:  :sudo port install opencv +python27 +java".See org/ptolemy/opencv/package.html for installation help.
	at &lt;anonymous&gt; (/home/travis/build/icyphy/ptII/ptolemy/actor/lib/jjs/external/require.js#409:30&lt;eval&gt;:89)
	at _require (/home/travis/build/icyphy/ptII/ptolemy/actor/lib/jjs/external/require.js:429)
	at &lt;anonymous&gt; (/home/travis/build/icyphy/ptII/ptolemy/actor/lib/jjs/external/require.js:467)
	at &lt;anonymous&gt; (&lt;function&gt;:62)
	at Accessor (/home/travis/build/icyphy/ptII/ptolemy/actor/lib/jjs/external/require.js#409:30&lt;eval&gt;:545)
	at evaluateCode (&lt;eval&gt;:96) in /home/travis/build/icyphy/ptII/ptolemy/actor/lib/jjs/external/require.js at line number 454 at column number 12
	at ptolemy.actor.lib.jjs.JavaScript._createEngineAndEvaluateSetup(JavaScript.java:2501)
	at ptolemy.actor.lib.jjs.JavaScript.attributeChanged(JavaScript.java:548)
	at org.terraswarm.accessor.JSAccessor.attributeChanged(JSAccessor.java:312)
	at ptolemy.data.expr.Variable._setTokenAndNotify(Variable.java:2271)
	at ptolemy.data.expr.Variable._evaluate(Variable.java:1873)
	at ptolemy.data.expr.Variable._propagate(Variable.java:1984)
	at ptolemy.data.expr.Variable.validate(Variable.java:1596)
	at ptolemy.moml.MoMLParser.endDocument(MoMLParser.java:867)
	at com.microstar.xml.XmlParser.doParse(XmlParser.java:162)
	at com.microstar.xml.XmlParser.parse(XmlParser.java:132)
	at ptolemy.moml.MoMLParser.parse(MoMLParser.java:1676)
	at ptolemy.moml.MoMLParser.parse(MoMLParser.java:1617)
	at ptolemy.moml.MoMLParser.parse(MoMLParser.java:1792)
	at org.terraswarm.accessor.AccessorLibrary.populate(AccessorLibrary.java:194)
	at ptolemy.moml.EntityLibrary.classDefinitionList(EntityLibrary.java:307)
	at ptolemy.kernel.CompositeEntity._description(CompositeEntity.java:2292)
	at ptolemy.kernel.CompositeEntity._description(CompositeEntity.java:2307)
	at ptolemy.kernel.CompositeEntity._description(CompositeEntity.java:2307)
	at ptolemy.kernel.CompositeEntity._description(CompositeEntity.java:2307)
	at ptolemy.kernel.util.NamedObj.description(NamedObj.java:731)
	at ptolemy.kernel.util.NamedObj.description(NamedObj.java:715)
	at java.base/jdk.internal.reflect.NativeMethodAccessorImpl.invoke0(Native Method)
	at java.base/jdk.internal.reflect.NativeMethodAccessorImpl.invoke(NativeMethodAccessorImpl.java:62)
	at java.base/jdk.internal.reflect.DelegatingMethodAccessorImpl.invoke(DelegatingMethodAccessorImpl.java:43)
	at java.base/java.lang.reflect.Method.invoke(Method.java:566)
	at tcl.lang.reflect.PkgInvoker.invokeMethod(PkgInvoker.java:129)
	at tcl.lang.JavaInvoke.call(JavaInvoke.java:253)
	at tcl.lang.JavaInvoke.callMethod(JavaInvoke.java:116)
	at tcl.lang.ReflectObject.cmdProc(ReflectObject.java:727)
	at tcl.lang.Parser.evalObjv(Parser.java:740)
	at tcl.lang.Parser.eval2(Parser.java:1138)
	at tcl.lang.Interp.eval(Interp.java:1782)
	at tcl.lang.Interp.eval(Interp.java:1841)
	at tcl.lang.CatchCmd.cmdProc(CatchCmd.java:42)
	at tcl.lang.Parser.evalObjv(Parser.java:740)
	at tcl.lang.Parser.eval2(Parser.java:1138)
	at tcl.lang.Parser.evalTokens(Parser.java:930)
	at tcl.lang.Parser.eval2(Parser.java:1125)
	at tcl.lang.Procedure.cmdProc(Procedure.java:175)
	at tcl.lang.Parser.evalObjv(Parser.java:740)
	at tcl.lang.Parser.eval2(Parser.java:1138)
	at tcl.lang.Interp.eval(Interp.java:1782)
	at tcl.lang.Interp.eval(Interp.java:1841)
	at tcl.lang.UplevelCmd.cmdProc(UplevelCmd.java:93)
	at tcl.lang.Parser.evalObjv(Parser.java:740)
	at tcl.lang.Parser.eval2(Parser.java:1138)
	at tcl.lang.Interp.eval(Interp.java:1782)
	at tcl.lang.Interp.eval(Interp.java:1841)
	at tcl.lang.CatchCmd.cmdProc(CatchCmd.java:42)
	at tcl.lang.Parser.evalObjv(Parser.java:740)
	at tcl.lang.Parser.eval2(Parser.java:1138)
	at tcl.lang.Parser.evalTokens(Parser.java:930)
	at tcl.lang.Parser.eval2(Parser.java:1125)
	at tcl.lang.Procedure.cmdProc(Procedure.java:175)
	at tcl.lang.Parser.evalObjv(Parser.java:740)
	at tcl.lang.Parser.eval2(Parser.java:1138)
	at tcl.lang.Interp.eval(Interp.java:1782)
	at tcl.lang.Interp.eval(Interp.java:1841)
	at tcl.lang.ForeachCmd.cmdProc(ForeachCmd.java:116)
	at tcl.lang.AutoloadStub.cmdProc(Extension.java:144)
	at tcl.lang.Parser.evalObjv(Parser.java:740)
	at tcl.lang.Parser.eval2(Parser.java:1138)
	at tcl.lang.Interp.eval(Interp.java:1782)
	at tcl.lang.Interp.evalFile(Interp.java:1880)
	at java.base/jdk.internal.reflect.NativeMethodAccessorImpl.invoke0(Native Method)
	at java.base/jdk.internal.reflect.NativeMethodAccessorImpl.invoke(NativeMethodAccessorImpl.java:62)
	at java.base/jdk.internal.reflect.DelegatingMethodAccessorImpl.invoke(DelegatingMethodAccessorImpl.java:43)
	at java.base/java.lang.reflect.Method.invoke(Method.java:566)
	at ptolemy.util.test.junit.TclTests.RunTclFile(TclTests.java:233)
	at java.base/jdk.internal.reflect.NativeMethodAccessorImpl.invoke0(Native Method)
	at java.base/jdk.internal.reflect.NativeMethodAccessorImpl.invoke(NativeMethodAccessorImpl.java:62)
	at java.base/jdk.internal.reflect.DelegatingMethodAccessorImpl.invoke(DelegatingMethodAccessorImpl.java:43)
	at java.base/java.lang.reflect.Method.invoke(Method.java:566)
	at org.junit.runners.model.FrameworkMethod$1.runReflectiveCall(FrameworkMethod.java:44)
	at org.junit.internal.runners.model.ReflectiveCallable.run(ReflectiveCallable.java:15)
	at org.junit.runners.model.FrameworkMethod.invokeExplosively(FrameworkMethod.java:41)
	at junitparams.internal.InvokeParameterisedMethod.evaluate(InvokeParameterisedMethod.java:102)
	at junitparams.internal.ParameterisedTestMethodRunner.runMethodInvoker(ParameterisedTestMethodRunner.java:47)
	at junitparams.internal.ParameterisedTestMethodRunner.runTestMethod(ParameterisedTestMethodRunner.java:41)
	at junitparams.internal.ParameterisedTestClassRunner.runParameterisedTest(ParameterisedTestClassRunner.java:143)
	at junitparams.JUnitParamsRunner.runChild(JUnitParamsRunner.java:237)
	at junitparams.JUnitParamsRunner.runChild(JUnitParamsRunner.java:215)
	at org.junit.runners.ParentRunner$3.run(ParentRunner.java:193)
	at org.junit.runners.ParentRunner$1.schedule(ParentRunner.java:52)
	at org.junit.runners.ParentRunner.runChildren(ParentRunner.java:191)
	at org.junit.runners.ParentRunner.access$000(ParentRunner.java:42)
	at org.junit.runners.ParentRunner$2.evaluate(ParentRunner.java:184)
	at org.junit.internal.runners.statements.RunAfters.evaluate(RunAfters.java:31)
	at org.junit.runners.ParentRunner.run(ParentRunner.java:236)
	at org.junit.runners.Suite.runChild(Suite.java:128)
	at org.junit.runners.Suite.runChild(Suite.java:24)
	at org.junit.runners.ParentRunner$3.run(ParentRunner.java:193)
	at org.junit.runners.ParentRunner$1.schedule(ParentRunner.java:52)
	at org.junit.runners.ParentRunner.runChildren(ParentRunner.java:191)
	at org.junit.runners.ParentRunner.access$000(ParentRunner.java:42)
	at org.junit.runners.ParentRunner$2.evaluate(ParentRunner.java:184)
	at org.junit.runners.ParentRunner.run(ParentRunner.java:236)
	at junit.framework.JUnit4TestAdapter.run(JUnit4TestAdapter.java:39)
	at org.apache.tools.ant.taskdefs.optional.junit.JUnitTestRunner.run(JUnitTestRunner.java:535)
	at org.apache.tools.ant.taskdefs.optional.junit.JUnitTestRunner.launch(JUnitTestRunner.java:1182)
	at org.apache.tools.ant.taskdefs.optional.junit.JUnitTestRunner.main(JUnitTestRunner.java:1033)
Caused by: javax.script.ScriptException: Error: Error executing module @accessors-modules/computer-vision line #89 : Could not find the org.ptolemy.opencv.ComputerVision class, perhaps OpenCV was not installed. The OpenCV API can be downloaded from http://opencv.org.  Under Mac OS X, try:  :sudo port install opencv +python27 +java".See org/ptolemy/opencv/package.html for installation help.
In file: /home/travis/build/icyphy/ptII/ptolemy/actor/lib/jjs/modules/computerVision/computerVision.js
Error: Could not find the org.ptolemy.opencv.ComputerVision class, perhaps OpenCV was not installed. The OpenCV API can be downloaded from http://opencv.org.  Under Mac OS X, try:  :sudo port install opencv +python27 +java".See org/ptolemy/opencv/package.html for installation help.
	at &lt;anonymous&gt; (/home/travis/build/icyphy/ptII/ptolemy/actor/lib/jjs/external/require.js#409:30&lt;eval&gt;:89)
	at _require (/home/travis/build/icyphy/ptII/ptolemy/actor/lib/jjs/external/require.js:429)
	at &lt;anonymous&gt; (/home/travis/build/icyphy/ptII/ptolemy/actor/lib/jjs/external/require.js:467)
	at &lt;anonymous&gt; (&lt;function&gt;:62)
	at Accessor (/home/travis/build/icyphy/ptII/ptolemy/actor/lib/jjs/external/require.js#409:30&lt;eval&gt;:545)
	at evaluateCode (&lt;eval&gt;:96) in /home/travis/build/icyphy/ptII/ptolemy/actor/lib/jjs/external/require.js at line number 454 at column number 12
	at org.openjdk.nashorn.api.scripting.NashornScriptEngine.throwAsScriptException(NashornScriptEngine.java:463)
	at org.openjdk.nashorn.api.scripting.NashornScriptEngine.invokeImpl(NashornScriptEngine.java:385)
	at org.openjdk.nashorn.api.scripting.NashornScriptEngine.invokeFunction(NashornScriptEngine.java:186)
	at ptolemy.actor.lib.jjs.JavaScript._createEngineAndEvaluateSetup(JavaScript.java:2497)
	... 100 more
Caused by: /home/travis/build/icyphy/ptII/ptolemy/actor/lib/jjs/external/require.js:454:12 Error: Error executing module @accessors-modules/computer-vision line #89 : Could not find the org.ptolemy.opencv.ComputerVision class, perhaps OpenCV was not installed. The OpenCV API can be downloaded from http://opencv.org.  Under Mac OS X, try:  :sudo port install opencv +python27 +java".See org/ptolemy/opencv/package.html for installation help.
In file: /home/travis/build/icyphy/ptII/ptolemy/actor/lib/jjs/modules/computerVision/computerVision.js
Error: Could not find the org.ptolemy.opencv.ComputerVision class, perhaps OpenCV was not installed. The OpenCV API can be downloaded from http://opencv.org.  Under Mac OS X, try:  :sudo port install opencv +python27 +java".See org/ptolemy/opencv/package.html for installation help.
	at &lt;anonymous&gt; (/home/travis/build/icyphy/ptII/ptolemy/actor/lib/jjs/external/require.js#409:30&lt;eval&gt;:89)
	at _require (/home/travis/build/icyphy/ptII/ptolemy/actor/lib/jjs/external/require.js:429)
	at &lt;anonymous&gt; (/home/travis/build/icyphy/ptII/ptolemy/actor/lib/jjs/external/require.js:467)
	at &lt;anonymous&gt; (&lt;function&gt;:62)
	at Accessor (/home/travis/build/icyphy/ptII/ptolemy/actor/lib/jjs/external/require.js#409:30&lt;eval&gt;:545)
	at evaluateCode (&lt;eval&gt;:96)
	at org.openjdk.nashorn.internal.objects.NativeError.initException(NativeError.java:135)
	at org.openjdk.nashorn.internal.objects.NativeError.&lt;init&gt;(NativeError.java:101)
	at org.openjdk.nashorn.internal.objects.NativeError.&lt;init&gt;(NativeError.java:105)
	at org.openjdk.nashorn.internal.objects.NativeError.&lt;init&gt;(NativeError.java:109)
	at org.openjdk.nashorn.internal.objects.NativeError.constructor(NativeError.java:128)
	at org.openjdk.nashorn.internal.scripts.Script$Recompilation$17208$16264AAA$require.L:45#_require(/home/travis/build/icyphy/ptII/ptolemy/actor/lib/jjs/external/require.js:454)
	at org.openjdk.nashorn.internal.scripts.Script$Recompilation$17207$21065A$require.L:45#_requireClosure#L:466(/home/travis/build/icyphy/ptII/ptolemy/actor/lib/jjs/external/require.js:467)
	at org.openjdk.nashorn.internal.scripts.Script$Recompilation$17232$1AAAAAAAAAAAAAA$\^function\_.L:1(&lt;function&gt;:62)
	at org.openjdk.nashorn.internal.scripts.Script$Recompilation$17226$17933AAAAAA$require.L:1#Accessor(/home/travis/build/icyphy/ptII/ptolemy/actor/lib/jjs/external/require.js#409:30&lt;eval&gt;:545)
	at org.openjdk.nashorn.internal.scripts.Script$Recompilation$17225$2801AAA$\^eval\_.evaluateCode(&lt;eval&gt;:96)
	at org.openjdk.nashorn.internal.runtime.ScriptFunctionData.invoke(ScriptFunctionData.java:652)
	at org.openjdk.nashorn.internal.runtime.ScriptFunction.invoke(ScriptFunction.java:513)
	at org.openjdk.nashorn.internal.runtime.ScriptRuntime.apply(ScriptRuntime.java:520)
	at org.openjdk.nashorn.api.scripting.ScriptObjectMirror.callMember(ScriptObjectMirror.java:187)
	at org.openjdk.nashorn.api.scripting.NashornScriptEngine.invokeImpl(NashornScriptEngine.java:379)
	... 102 more
Caused by: javax.script.ScriptException: Error: Error executing module @accessors-modules/computer-vision line #89 : Could not find the org.ptolemy.opencv.ComputerVision class, perhaps OpenCV was not installed. The OpenCV API can be downloaded from http://opencv.org.  Under Mac OS X, try:  :sudo port install opencv +python27 +java".See org/ptolemy/opencv/package.html for installation help.
In file: /home/travis/build/icyphy/ptII/ptolemy/actor/lib/jjs/modules/computerVision/computerVision.js
Error: Could not find the org.ptolemy.opencv.ComputerVision class, perhaps OpenCV was not installed. The OpenCV API can be downloaded from http://opencv.org.  Under Mac OS X, try:  :sudo port install opencv +python27 +java".See org/ptolemy/opencv/package.html for installation help.
	at &lt;anonymous&gt; (/home/travis/build/icyphy/ptII/ptolemy/actor/lib/jjs/external/require.js#409:30&lt;eval&gt;:89)
	at _require (/home/travis/build/icyphy/ptII/ptolemy/actor/lib/jjs/external/require.js:429)
	at &lt;anonymous&gt; (/home/travis/build/icyphy/ptII/ptolemy/actor/lib/jjs/external/require.js:467)
	at &lt;anonymous&gt; (&lt;function&gt;:62)
	at Accessor (/home/travis/build/icyphy/ptII/ptolemy/actor/lib/jjs/external/require.js#409:30&lt;eval&gt;:545)
	at evaluateCode (&lt;eval&gt;:96) in /home/travis/build/icyphy/ptII/ptolemy/actor/lib/jjs/external/require.js at line number 454 at column number 12
	at org.openjdk.nashorn.api.scripting.NashornScriptEngine.throwAsScriptException(NashornScriptEngine.java:463)
	at org.openjdk.nashorn.api.scripting.NashornScriptEngine.invokeImpl(NashornScriptEngine.java:385)
	at org.openjdk.nashorn.api.scripting.NashornScriptEngine.invokeFunction(NashornScriptEngine.java:186)
	at ptolemy.actor.lib.jjs.JavaScript._createEngineAndEvaluateSetup(JavaScript.java:2497)
	at ptolemy.actor.lib.jjs.JavaScript.attributeChanged(JavaScript.java:548)
	at org.terraswarm.accessor.JSAccessor.attributeChanged(JSAccessor.java:312)
	at ptolemy.data.expr.Variable._setTokenAndNotify(Variable.java:2271)
	at ptolemy.data.expr.Variable._evaluate(Variable.java:1873)
	at ptolemy.data.expr.Variable._propagate(Variable.java:1984)
	at ptolemy.data.expr.Variable.validate(Variable.java:1596)
	at ptolemy.moml.MoMLParser.endDocument(MoMLParser.java:867)
	at com.microstar.xml.XmlParser.doParse(XmlParser.java:162)
	at com.microstar.xml.XmlParser.parse(XmlParser.java:132)
	at ptolemy.moml.MoMLParser.parse(MoMLParser.java:1676)
	at ptolemy.moml.MoMLParser.parse(MoMLParser.java:1617)
	at ptolemy.moml.MoMLParser.parse(MoMLParser.java:1792)
	at org.terraswarm.accessor.AccessorLibrary.populate(AccessorLibrary.java:194)
	at ptolemy.moml.EntityLibrary.classDefinitionList(EntityLibrary.java:307)
	at ptolemy.kernel.CompositeEntity._description(CompositeEntity.java:2292)
	at ptolemy.kernel.CompositeEntity._description(CompositeEntity.java:2307)
	at ptolemy.kernel.CompositeEntity._description(CompositeEntity.java:2307)
	at ptolemy.kernel.CompositeEntity._description(CompositeEntity.java:2307)
	at ptolemy.kernel.util.NamedObj.description(NamedObj.java:731)
	at ptolemy.kernel.util.NamedObj.description(NamedObj.java:715)
	at java.base/jdk.internal.reflect.NativeMethodAccessorImpl.invoke0(Native Method)
	at java.base/jdk.internal.reflect.NativeMethodAccessorImpl.invoke(NativeMethodAccessorImpl.java:62)
	at java.base/jdk.internal.reflect.DelegatingMethodAccessorImpl.invoke(DelegatingMethodAccessorImpl.java:43)
	at java.base/java.lang.reflect.Method.invoke(Method.java:566)
	at tcl.lang.reflect.PkgInvoker.invokeMethod(PkgInvoker.java:129)
	at tcl.lang.JavaInvoke.call(JavaInvoke.java:253)
	at tcl.lang.JavaInvoke.callMethod(JavaInvoke.java:116)
	at tcl.lang.ReflectObject.cmdProc(ReflectObject.java:727)
	at tcl.lang.Parser.evalObjv(Parser.java:740)
	at tcl.lang.Parser.eval2(Parser.java:1138)
	at tcl.lang.Interp.eval(Interp.java:1782)
	at tcl.lang.Interp.eval(Interp.java:1841)
	at tcl.lang.CatchCmd.cmdProc(CatchCmd.java:42)
	at tcl.lang.Parser.evalObjv(Parser.java:740)
	at tcl.lang.Parser.eval2(Parser.java:1138)
	at tcl.lang.Parser.evalTokens(Parser.java:930)
	at tcl.lang.Parser.eval2(Parser.java:1125)
	at tcl.lang.Procedure.cmdProc(Procedure.java:175)
	at tcl.lang.Parser.evalObjv(Parser.java:740)
	at tcl.lang.Parser.eval2(Parser.java:1138)
	at tcl.lang.Interp.eval(Interp.java:1782)
	at tcl.lang.Interp.eval(Interp.java:1841)
	at tcl.lang.UplevelCmd.cmdProc(UplevelCmd.java:93)
	at tcl.lang.Parser.evalObjv(Parser.java:740)
	at tcl.lang.Parser.eval2(Parser.java:1138)
	at tcl.lang.Interp.eval(Interp.java:1782)
	at tcl.lang.Interp.eval(Interp.java:1841)
	at tcl.lang.CatchCmd.cmdProc(CatchCmd.java:42)
	at tcl.lang.Parser.evalObjv(Parser.java:740)
	at tcl.lang.Parser.eval2(Parser.java:1138)
	at tcl.lang.Parser.evalTokens(Parser.java:930)
	at tcl.lang.Parser.eval2(Parser.java:1125)
	at tcl.lang.Procedure.cmdProc(Procedure.java:175)
	at tcl.lang.Parser.evalObjv(Parser.java:740)
	at tcl.lang.Parser.eval2(Parser.java:1138)
	at tcl.lang.Interp.eval(Interp.java:1782)
	at tcl.lang.Interp.eval(Interp.java:1841)
	at tcl.lang.ForeachCmd.cmdProc(ForeachCmd.java:116)
	at tcl.lang.AutoloadStub.cmdProc(Extension.java:144)
	at tcl.lang.Parser.evalObjv(Parser.java:740)
	at tcl.lang.Parser.eval2(Parser.java:1138)
	at tcl.lang.Interp.eval(Interp.java:1782)
	at tcl.lang.Interp.evalFile(Interp.java:1880)
	at java.base/jdk.internal.reflect.NativeMethodAccessorImpl.invoke0(Native Method)
	at java.base/jdk.internal.reflect.NativeMethodAccessorImpl.invoke(NativeMethodAccessorImpl.java:62)
	at java.base/jdk.internal.reflect.DelegatingMethodAccessorImpl.invoke(DelegatingMethodAccessorImpl.java:43)
	at java.base/java.lang.reflect.Method.invoke(Method.java:566)
	at ptolemy.util.test.junit.TclTests.RunTclFile(TclTests.java:233)
	at java.base/jdk.internal.reflect.NativeMethodAccessorImpl.invoke0(Native Method)
	at java.base/jdk.internal.reflect.NativeMethodAccessorImpl.invoke(NativeMethodAccessorImpl.java:62)
	at java.base/jdk.internal.reflect.DelegatingMethodAccessorImpl.invoke(DelegatingMethodAccessorImpl.java:43)
	at java.base/java.lang.reflect.Method.invoke(Method.java:566)
	at org.junit.runners.model.FrameworkMethod$1.runReflectiveCall(FrameworkMethod.java:44)
	at org.junit.internal.runners.model.ReflectiveCallable.run(ReflectiveCallable.java:15)
	at org.junit.runners.model.FrameworkMethod.invokeExplosively(FrameworkMethod.java:41)
	at junitparams.internal.InvokeParameterisedMethod.evaluate(InvokeParameterisedMethod.java:102)
	at junitparams.internal.ParameterisedTestMethodRunner.runMethodInvoker(ParameterisedTestMethodRunner.java:47)
	at junitparams.internal.ParameterisedTestMethodRunner.runTestMethod(ParameterisedTestMethodRunner.java:41)
	at junitparams.internal.ParameterisedTestClassRunner.runParameterisedTest(ParameterisedTestClassRunner.java:143)
	at junitparams.JUnitParamsRunner.runChild(JUnitParamsRunner.java:237)
	at junitparams.JUnitParamsRunner.runChild(JUnitParamsRunner.java:215)
	at org.junit.runners.ParentRunner$3.run(ParentRunner.java:193)
	at org.junit.runners.ParentRunner$1.schedule(ParentRunner.java:52)
	at org.junit.runners.ParentRunner.runChildren(ParentRunner.java:191)
	at org.junit.runners.ParentRunner.access$000(ParentRunner.java:42)
	at org.junit.runners.ParentRunner$2.evaluate(ParentRunner.java:184)
	at org.junit.internal.runners.statements.RunAfters.evaluate(RunAfters.java:31)
	at org.junit.runners.ParentRunner.run(ParentRunner.java:236)
	at org.junit.runners.Suite.runChild(Suite.java:128)
	at org.junit.runners.Suite.runChild(Suite.java:24)
	at org.junit.runners.ParentRunner$3.run(ParentRunner.java:193)
	at org.junit.runners.ParentRunner$1.schedule(ParentRunner.java:52)
	at org.junit.runners.ParentRunner.runChildren(ParentRunner.java:191)
	at org.junit.runners.ParentRunner.access$000(ParentRunner.java:42)
	at org.junit.runners.ParentRunner$2.evaluate(ParentRunner.java:184)
	at org.junit.runners.ParentRunner.run(ParentRunner.java:236)
	at junit.framework.JUnit4TestAdapter.run(JUnit4TestAdapter.java:39)
	at org.apache.tools.ant.taskdefs.optional.junit.JUnitTestRunner.run(JUnitTestRunner.java:535)
	at org.apache.tools.ant.taskdefs.optional.junit.JUnitTestRunner.launch(JUnitTestRunner.java:1182)
	at org.apache.tools.ant.taskdefs.optional.junit.JUnitTestRunner.main(JUnitTestRunner.java:1033)
Caused by: /home/travis/build/icyphy/ptII/ptolemy/actor/lib/jjs/external/require.js:454:12 Error: Error executing module @accessors-modules/computer-vision line #89 : Could not find the org.ptolemy.opencv.ComputerVision class, perhaps OpenCV was not installed. The OpenCV API can be downloaded from http://opencv.org.  Under Mac OS X, try:  :sudo port install opencv +python27 +java".See org/ptolemy/opencv/package.html for installation help.
In file: /home/travis/build/icyphy/ptII/ptolemy/actor/lib/jjs/modules/computerVision/computerVision.js
Error: Could not find the org.ptolemy.opencv.ComputerVision class, perhaps OpenCV was not installed. The OpenCV API can be downloaded from http://opencv.org.  Under Mac OS X, try:  :sudo port install opencv +python27 +java".See org/ptolemy/opencv/package.html for installation help.
	at &lt;anonymous&gt; (/home/travis/build/icyphy/ptII/ptolemy/actor/lib/jjs/external/require.js#409:30&lt;eval&gt;:89)
	at _require (/home/travis/build/icyphy/ptII/ptolemy/actor/lib/jjs/external/require.js:429)
	at &lt;anonymous&gt; (/home/travis/build/icyphy/ptII/ptolemy/actor/lib/jjs/external/require.js:467)
	at &lt;anonymous&gt; (&lt;function&gt;:62)
	at Accessor (/home/travis/build/icyphy/ptII/ptolemy/actor/lib/jjs/external/require.js#409:30&lt;eval&gt;:545)
	at evaluateCode (&lt;eval&gt;:96)
	at org.openjdk.nashorn.internal.objects.NativeError.initException(NativeError.java:135)
	at org.openjdk.nashorn.internal.objects.NativeError.&lt;init&gt;(NativeError.java:101)
	at org.openjdk.nashorn.internal.objects.NativeError.&lt;init&gt;(NativeError.java:105)
	at org.openjdk.nashorn.internal.objects.NativeError.&lt;init&gt;(NativeError.java:109)
	at org.openjdk.nashorn.internal.objects.NativeError.constructor(NativeError.java:128)
	at org.openjdk.nashorn.internal.scripts.Script$Recompilation$17208$16264AAA$require.L:45#_require(/home/travis/build/icyphy/ptII/ptolemy/actor/lib/jjs/external/require.js:454)
	at org.openjdk.nashorn.internal.scripts.Script$Recompilation$17207$21065A$require.L:45#_requireClosure#L:466(/home/travis/build/icyphy/ptII/ptolemy/actor/lib/jjs/external/require.js:467)
	at org.openjdk.nashorn.internal.scripts.Script$Recompilation$17232$1AAAAAAAAAAAAAA$\^function\_.L:1(&lt;function&gt;:62)
	at org.openjdk.nashorn.internal.scripts.Script$Recompilation$17226$17933AAAAAA$require.L:1#Accessor(/home/travis/build/icyphy/ptII/ptolemy/actor/lib/jjs/external/require.js#409:30&lt;eval&gt;:545)
	at org.openjdk.nashorn.internal.scripts.Script$Recompilation$17225$2801AAA$\^eval\_.evaluateCode(&lt;eval&gt;:96)
	at org.openjdk.nashorn.internal.runtime.ScriptFunctionData.invoke(ScriptFunctionData.java:652)
	at org.openjdk.nashorn.internal.runtime.ScriptFunction.invoke(ScriptFunction.java:513)
	at org.openjdk.nashorn.internal.runtime.ScriptRuntime.apply(ScriptRuntime.java:520)
	at org.openjdk.nashorn.api.scripting.ScriptObjectMirror.callMember(ScriptObjectMirror.java:187)
	at org.openjdk.nashorn.api.scripting.NashornScriptEngine.invokeImpl(NashornScriptEngine.java:379)
	... 102 more
</pre>
    </body>
</html>
